Using worker: worker-linux-docker-ed264e14.prod.travis-ci.org:travis-linux-7

travis_fold:start:system_info[0K[33;1mBuild system information[0m
Build language: android
Build group: stable
Build dist: precise
[34m[1mBuild image provisioning date and time[0m
Thu Feb  5 15:09:33 UTC 2015
[34m[1mOperating System Details[0m
Distributor ID:	Ubuntu
Description:	Ubuntu 12.04.5 LTS
Release:	12.04
Codename:	precise
[34m[1mLinux Version[0m
3.13.0-29-generic
[34m[1mCookbooks Version[0m
a68419e https://github.com/travis-ci/travis-cookbooks/tree/a68419e
[34m[1mGCC version[0m
gcc (Ubuntu/Linaro 4.6.3-1ubuntu5) 4.6.3
Copyright (C) 2011 Free Software Foundation, Inc.
This is free software; see the source for copying conditions.  There is NO
warranty; not even for MERCHANTABILITY or FITNESS FOR A PARTICULAR PURPOSE.

[34m[1mLLVM version[0m
clang version 3.4 (tags/RELEASE_34/final)
Target: x86_64-unknown-linux-gnu
Thread model: posix
[34m[1mPre-installed Ruby versions[0m
ruby-1.9.3-p551
[34m[1mPre-installed Node.js versions[0m
v0.10.36
[34m[1mPre-installed Go versions[0m
1.4.1
[34m[1mRedis version[0m
redis-server 2.8.19
[34m[1mriak version[0m
2.0.2
[34m[1mMongoDB version[0m
MongoDB 2.4.12
[34m[1mCouchDB version[0m
couchdb 1.6.1
[34m[1mNeo4j version[0m
1.9.4
[34m[1mRabbitMQ Version[0m
3.4.3
[34m[1mElasticSearch version[0m
1.4.0
[34m[1mInstalled Sphinx versions[0m
2.0.10
2.1.9
2.2.6
[34m[1mDefault Sphinx version[0m
2.2.6
[34m[1mInstalled Firefox version[0m
firefox 31.0esr
[34m[1mPhantomJS version[0m
1.9.8
[34m[1mant -version[0m
Apache Ant(TM) version 1.8.2 compiled on December 3 2011
[34m[1mmvn -version[0m
Apache Maven 3.2.5 (12a6b3acb947671f09b81f49094c53f426d8cea1; 2014-12-14T17:29:23+00:00)
Maven home: /usr/local/maven
Java version: 1.7.0_76, vendor: Oracle Corporation
Java home: /usr/lib/jvm/java-7-oracle/jre
Default locale: en_US, platform encoding: ANSI_X3.4-1968
OS name: "linux", version: "3.13.0-29-generic", arch: "amd64", family: "unix"
travis_fold:end:system_info[0K
travis_fold:start:git.checkout[0Ktravis_time:start:056eabfe[0K$ git clone --depth=50 --branch=master https://github.com/square/dagger.git square/dagger
Cloning into 'square/dagger'...
remote: Counting objects: 1035, done.[K
remote: Compressing objects:   0% (1/593)   [Kremote: Compressing objects:   1% (6/593)   [Kremote: Compressing objects:   2% (12/593)   [Kremote: Compressing objects:   3% (18/593)   [Kremote: Compressing objects:   4% (24/593)   [Kremote: Compressing objects:   5% (30/593)   [Kremote: Compressing objects:   6% (36/593)   [Kremote: Compressing objects:   7% (42/593)   [Kremote: Compressing objects:   8% (48/593)   [Kremote: Compressing objects:   9% (54/593)   [Kremote: Compressing objects:  10% (60/593)   [Kremote: Compressing objects:  11% (66/593)   [Kremote: Compressing objects:  12% (72/593)   [Kremote: Compressing objects:  13% (78/593)   [Kremote: Compressing objects:  14% (84/593)   [Kremote: Compressing objects:  15% (89/593)   [Kremote: Compressing objects:  16% (95/593)   [Kremote: Compressing objects:  17% (101/593)   [Kremote: Compressing objects:  18% (107/593)   [Kremote: Compressing objects:  19% (113/593)   [Kremote: Compressing objects:  20% (119/593)   [Kremote: Compressing objects:  21% (125/593)   [Kremote: Compressing objects:  22% (131/593)   [Kremote: Compressing objects:  23% (137/593)   [Kremote: Compressing objects:  24% (143/593)   [Kremote: Compressing objects:  25% (149/593)   [Kremote: Compressing objects:  26% (155/593)   [Kremote: Compressing objects:  27% (161/593)   [Kremote: Compressing objects:  28% (167/593)   [Kremote: Compressing objects:  29% (172/593)   [Kremote: Compressing objects:  30% (178/593)   [Kremote: Compressing objects:  31% (184/593)   [Kremote: Compressing objects:  32% (190/593)   [Kremote: Compressing objects:  33% (196/593)   [Kremote: Compressing objects:  34% (202/593)   [Kremote: Compressing objects:  35% (208/593)   [Kremote: Compressing objects:  36% (214/593)   [Kremote: Compressing objects:  37% (220/593)   [Kremote: Compressing objects:  38% (226/593)   [Kremote: Compressing objects:  39% (232/593)   [Kremote: Compressing objects:  40% (238/593)   [Kremote: Compressing objects:  41% (244/593)   [Kremote: Compressing objects:  42% (250/593)   [Kremote: Compressing objects:  43% (255/593)   [Kremote: Compressing objects:  44% (261/593)   [Kremote: Compressing objects:  45% (267/593)   [Kremote: Compressing objects:  46% (273/593)   [Kremote: Compressing objects:  47% (279/593)   [Kremote: Compressing objects:  48% (285/593)   [Kremote: Compressing objects:  49% (291/593)   [Kremote: Compressing objects:  50% (297/593)   [Kremote: Compressing objects:  51% (303/593)   [Kremote: Compressing objects:  52% (309/593)   [Kremote: Compressing objects:  53% (315/593)   [Kremote: Compressing objects:  54% (321/593)   [Kremote: Compressing objects:  55% (327/593)   [Kremote: Compressing objects:  56% (333/593)   [Kremote: Compressing objects:  57% (339/593)   [Kremote: Compressing objects:  58% (344/593)   [Kremote: Compressing objects:  59% (350/593)   [Kremote: Compressing objects:  60% (356/593)   [Kremote: Compressing objects:  61% (362/593)   [Kremote: Compressing objects:  62% (368/593)   [Kremote: Compressing objects:  63% (374/593)   [Kremote: Compressing objects:  64% (380/593)   [Kremote: Compressing objects:  65% (386/593)   [Kremote: Compressing objects:  66% (392/593)   [Kremote: Compressing objects:  67% (398/593)   [Kremote: Compressing objects:  68% (404/593)   [Kremote: Compressing objects:  69% (410/593)   [Kremote: Compressing objects:  70% (416/593)   [Kremote: Compressing objects:  71% (422/593)   [Kremote: Compressing objects:  72% (427/593)   [Kremote: Compressing objects:  73% (433/593)   [Kremote: Compressing objects:  74% (439/593)   [Kremote: Compressing objects:  75% (445/593)   [Kremote: Compressing objects:  76% (451/593)   [Kremote: Compressing objects:  77% (457/593)   [Kremote: Compressing objects:  78% (463/593)   [Kremote: Compressing objects:  79% (469/593)   [Kremote: Compressing objects:  80% (475/593)   [Kremote: Compressing objects:  81% (481/593)   [Kremote: Compressing objects:  82% (487/593)   [Kremote: Compressing objects:  83% (493/593)   [Kremote: Compressing objects:  84% (499/593)   [Kremote: Compressing objects:  85% (505/593)   [Kremote: Compressing objects:  86% (510/593)   [Kremote: Compressing objects:  87% (516/593)   [Kremote: Compressing objects:  88% (522/593)   [Kremote: Compressing objects:  89% (528/593)   [Kremote: Compressing objects:  90% (534/593)   [Kremote: Compressing objects:  91% (540/593)   [Kremote: Compressing objects:  92% (546/593)   [Kremote: Compressing objects:  93% (552/593)   [Kremote: Compressing objects:  94% (558/593)   [Kremote: Compressing objects:  95% (564/593)   [Kremote: Compressing objects:  96% (570/593)   [Kremote: Compressing objects:  97% (576/593)   [Kremote: Compressing objects:  98% (582/593)   [Kremote: Compressing objects:  99% (588/593)   [Kremote: Compressing objects: 100% (593/593)   [Kremote: Compressing objects: 100% (593/593), done.[K
Receiving objects:   0% (1/1035)   Receiving objects:   1% (11/1035)   Receiving objects:   2% (21/1035)   Receiving objects:   3% (32/1035)   Receiving objects:   4% (42/1035)   Receiving objects:   5% (52/1035)   Receiving objects:   6% (63/1035)   Receiving objects:   7% (73/1035)   Receiving objects:   8% (83/1035)   Receiving objects:   9% (94/1035)   Receiving objects:  10% (104/1035)   Receiving objects:  11% (114/1035)   Receiving objects:  12% (125/1035)   Receiving objects:  13% (135/1035)   Receiving objects:  14% (145/1035)   Receiving objects:  15% (156/1035)   Receiving objects:  16% (166/1035)   Receiving objects:  17% (176/1035)   Receiving objects:  18% (187/1035)   Receiving objects:  19% (197/1035)   Receiving objects:  20% (207/1035)   Receiving objects:  21% (218/1035)   Receiving objects:  22% (228/1035)   Receiving objects:  23% (239/1035)   Receiving objects:  24% (249/1035)   Receiving objects:  25% (259/1035)   Receiving objects:  26% (270/1035)   Receiving objects:  27% (280/1035)   Receiving objects:  28% (290/1035)   Receiving objects:  29% (301/1035)   Receiving objects:  30% (311/1035)   Receiving objects:  31% (321/1035)   Receiving objects:  32% (332/1035)   Receiving objects:  33% (342/1035)   Receiving objects:  34% (352/1035)   Receiving objects:  35% (363/1035)   Receiving objects:  36% (373/1035)   Receiving objects:  37% (383/1035)   Receiving objects:  38% (394/1035)   Receiving objects:  39% (404/1035)   Receiving objects:  40% (414/1035)   Receiving objects:  41% (425/1035)   Receiving objects:  42% (435/1035)   Receiving objects:  43% (446/1035)   Receiving objects:  44% (456/1035)   Receiving objects:  45% (466/1035)   Receiving objects:  46% (477/1035)   Receiving objects:  47% (487/1035)   Receiving objects:  48% (497/1035)   Receiving objects:  49% (508/1035)   Receiving objects:  50% (518/1035)   Receiving objects:  51% (528/1035)   Receiving objects:  52% (539/1035)   Receiving objects:  53% (549/1035)   Receiving objects:  54% (559/1035)   Receiving objects:  55% (570/1035)   Receiving objects:  56% (580/1035)   Receiving objects:  57% (590/1035)   Receiving objects:  58% (601/1035)   Receiving objects:  59% (611/1035)   Receiving objects:  60% (621/1035)   Receiving objects:  61% (632/1035)   Receiving objects:  62% (642/1035)   Receiving objects:  63% (653/1035)   Receiving objects:  64% (663/1035)   Receiving objects:  65% (673/1035)   Receiving objects:  66% (684/1035)   Receiving objects:  67% (694/1035)   Receiving objects:  68% (704/1035)   Receiving objects:  69% (715/1035)   Receiving objects:  70% (725/1035)   Receiving objects:  71% (735/1035)   Receiving objects:  72% (746/1035)   Receiving objects:  73% (756/1035)   Receiving objects:  74% (766/1035)   Receiving objects:  75% (777/1035)   Receiving objects:  76% (787/1035)   Receiving objects:  77% (797/1035)   Receiving objects:  78% (808/1035)   remote: Total 1035 (delta 356), reused 830 (delta 186), pack-reused 0[K
Receiving objects:  79% (818/1035)   Receiving objects:  80% (828/1035)   Receiving objects:  81% (839/1035)   Receiving objects:  82% (849/1035)   Receiving objects:  83% (860/1035)   Receiving objects:  84% (870/1035)   Receiving objects:  85% (880/1035)   Receiving objects:  86% (891/1035)   Receiving objects:  87% (901/1035)   Receiving objects:  88% (911/1035)   Receiving objects:  89% (922/1035)   Receiving objects:  90% (932/1035)   Receiving objects:  91% (942/1035)   Receiving objects:  92% (953/1035)   Receiving objects:  93% (963/1035)   Receiving objects:  94% (973/1035)   Receiving objects:  95% (984/1035)   Receiving objects:  96% (994/1035)   Receiving objects:  97% (1004/1035)   Receiving objects:  98% (1015/1035)   Receiving objects:  99% (1025/1035)   Receiving objects: 100% (1035/1035)   Receiving objects: 100% (1035/1035), 305.91 KiB | 0 bytes/s, done.
Resolving deltas:   0% (0/356)   Resolving deltas:   1% (4/356)   Resolving deltas:   3% (11/356)   Resolving deltas:   4% (15/356)   Resolving deltas:   9% (34/356)   Resolving deltas:  27% (99/356)   Resolving deltas:  29% (104/356)   Resolving deltas:  32% (116/356)   Resolving deltas:  33% (120/356)   Resolving deltas:  35% (127/356)   Resolving deltas:  37% (135/356)   Resolving deltas:  38% (136/356)   Resolving deltas:  39% (140/356)   Resolving deltas:  41% (146/356)   Resolving deltas:  42% (150/356)   Resolving deltas:  43% (156/356)   Resolving deltas:  47% (169/356)   Resolving deltas:  48% (174/356)   Resolving deltas:  49% (175/356)   Resolving deltas:  53% (190/356)   Resolving deltas:  54% (193/356)   Resolving deltas:  55% (198/356)   Resolving deltas:  56% (201/356)   Resolving deltas:  57% (203/356)   Resolving deltas:  58% (210/356)   Resolving deltas:  59% (213/356)   Resolving deltas:  60% (214/356)   Resolving deltas:  61% (218/356)   Resolving deltas:  62% (223/356)   Resolving deltas:  63% (226/356)   Resolving deltas:  64% (229/356)   Resolving deltas:  65% (232/356)   Resolving deltas:  66% (236/356)   Resolving deltas:  67% (239/356)   Resolving deltas:  68% (243/356)   Resolving deltas:  69% (246/356)   Resolving deltas:  70% (250/356)   Resolving deltas:  71% (253/356)   Resolving deltas:  72% (257/356)   Resolving deltas:  73% (260/356)   Resolving deltas:  74% (264/356)   Resolving deltas:  76% (273/356)   Resolving deltas:  77% (277/356)   Resolving deltas:  78% (278/356)   Resolving deltas:  81% (291/356)   Resolving deltas:  83% (299/356)   Resolving deltas:  85% (303/356)   Resolving deltas:  88% (314/356)   Resolving deltas:  89% (317/356)   Resolving deltas:  91% (324/356)   Resolving deltas:  92% (331/356)   Resolving deltas:  93% (332/356)   Resolving deltas:  94% (336/356)   Resolving deltas:  99% (354/356)   Resolving deltas: 100% (356/356)   Resolving deltas: 100% (356/356), done.
Checking connectivity... done.
travis_time:end:056eabfe:start=1451097350239463948,finish=1451097351018765007,duration=779301059[0K$ cd square/dagger
$ git checkout -qf e4fd38678c9f49692b06e9d282fd6b3ef10d0381
travis_fold:end:git.checkout[0K
[33;1mThis job is running on container-based infrastructure, which does not allow use of 'sudo', setuid and setguid executables.[0m
[33;1mIf you require sudo, add 'sudo: required' to your .travis.yml[0m
[33;1mSee http://docs.travis-ci.com/user/workers/container-based-infrastructure/ for details.[0m

[33;1mSetting environment variables from .travis.yml[0m
$ export CI_DEPLOY_USERNAME=[secure]
$ export CI_DEPLOY_PASSWORD=[secure]

travis_fold:start:cache.1[0KSetting up build cache
$ export CASHER_DIR=$HOME/.casher
travis_time:start:0605eae2[0K$ Installing caching utilities
travis_time:end:0605eae2:start=1451097354129723042,finish=1451097354179822387,duration=50099345[0Ktravis_time:start:015fac0a[0Ktravis_time:end:015fac0a:start=1451097354185484102,finish=1451097354189208732,duration=3724630[0Ktravis_time:start:182b96a7[0K[32;1mattempting to download cache archive[0m
[32;1mfetching master/cache--jdk-oraclejdk7.tgz[0m
[32;1mfound cache[0m
travis_time:end:182b96a7:start=1451097354193326420,finish=1451097355895682334,duration=1702355914[0Ktravis_time:start:06a46439[0Ktravis_time:end:06a46439:start=1451097355900396252,finish=1451097355904456684,duration=4060432[0Ktravis_time:start:16b716dc[0K[32;1madding /home/travis/.m2 to cache[0m
travis_time:end:16b716dc:start=1451097355909227144,finish=1451097357590162073,duration=1680934929[0Ktravis_fold:end:cache.1[0K$ jdk_switcher use oraclejdk7
Switching to Oracle JDK7 (java-7-oracle), JAVA_HOME will be set to /usr/lib/jvm/java-7-oracle
travis_fold:start:android.install[0KInstalling Android dependencies
travis_time:start:1bf4e4a0[0K$ android-update-sdk --components=build-tools-20.0.0 --accept-licenses='android-sdk-license-5be876d5'
Installing build-tools-20.0.0
spawn android update sdk --no-ui --all --filter build-tools-20.0.0
Refresh Sources:
  Fetching https://dl-ssl.google.com/android/repository/addons_list-2.xml
  Validate XML
  Parse XML
  Fetched Add-ons List successfully
  Refresh Sources
  Fetching URL: https://dl-ssl.google.com/android/repository/repository-10.xml
  Validate XML: https://dl-ssl.google.com/android/repository/repository-10.xml
  Parse XML:    https://dl-ssl.google.com/android/repository/repository-10.xml
  Fetching URL: https://dl-ssl.google.com/android/repository/addon.xml
  Validate XML: https://dl-ssl.google.com/android/repository/addon.xml
  Parse XML:    https://dl-ssl.google.com/android/repository/addon.xml
  Fetching URL: https://dl-ssl.google.com/android/repository/addon-6.xml
  Validate XML: https://dl-ssl.google.com/android/repository/addon-6.xml
  Parse XML:    https://dl-ssl.google.com/android/repository/addon-6.xml
  Fetching URL: https://dl-ssl.google.com/glass/gdk/addon.xml
  Validate XML: https://dl-ssl.google.com/glass/gdk/addon.xml
  Parse XML:    https://dl-ssl.google.com/glass/gdk/addon.xml
  Fetching URL: https://dl-ssl.google.com/android/repository/extras/intel/addon.xml
  Validate XML: https://dl-ssl.google.com/android/repository/extras/intel/addon.xml
  Parse XML:    https://dl-ssl.google.com/android/repository/extras/intel/addon.xml
  Fetching URL: https://dl-ssl.google.com/android/repository/sys-img/android/sys-img.xml
  Validate XML: https://dl-ssl.google.com/android/repository/sys-img/android/sys-img.xml
  Parse XML:    https://dl-ssl.google.com/android/repository/sys-img/android/sys-img.xml
  Fetching URL: https://dl-ssl.google.com/android/repository/sys-img/android-wear/sys-img.xml
  Validate XML: https://dl-ssl.google.com/android/repository/sys-img/android-wear/sys-img.xml
  Parse XML:    https://dl-ssl.google.com/android/repository/sys-img/android-wear/sys-img.xml
  Fetching URL: https://dl-ssl.google.com/android/repository/sys-img/android-tv/sys-img.xml
  Validate XML: https://dl-ssl.google.com/android/repository/sys-img/android-tv/sys-img.xml
  Parse XML:    https://dl-ssl.google.com/android/repository/sys-img/android-tv/sys-img.xml
  Fetching URL: https://dl-ssl.google.com/android/repository/sys-img/google_apis/sys-img.xml
  Validate XML: https://dl-ssl.google.com/android/repository/sys-img/google_apis/sys-img.xml
  Parse XML:    https://dl-ssl.google.com/android/repository/sys-img/google_apis/sys-img.xml
  Fetching URL: https://dl-ssl.google.com/android/repository/sys-img/x86/addon-x86.xml
  Validate XML: https://dl-ssl.google.com/android/repository/sys-img/x86/addon-x86.xml
  Parse XML:    https://dl-ssl.google.com/android/repository/sys-img/x86/addon-x86.xml
-------------------------------
License id: android-sdk-license-5be876d5
Used by: 
 - Android SDK Build-tools, revision 20
-------------------------------

To get started with the Android SDK, you must agree to the following terms and conditions.

This is the Android SDK License Agreement (the "License Agreement").

1. Introduction

1.1 The Android SDK (referred to in the License Agreement as the "SDK" and specifically including the Android system files, packaged APIs, and SDK library files and tools , if and when they are made available) is licensed to you subject to the terms of the License Agreement. The License Agreement forms a legally binding contract between you and Google in relation to your use of the SDK.

1.2 "Android" means the Android software stack for devices, as made available under the Android Open Source Project, which is located at the following URL: http://source.android.com/, as updated from time to time.

1.3 "Google" means Google Inc., a Delaware corporation with principal place of business at 1600 Amphitheatre Parkway, Mountain View, CA 94043, United States.

2. Accepting the License Agreement

2.1 In order to use the SDK, you must first agree to the License Agreement. You may not use the SDK if you do not accept the License Agreement.

2.2 By clicking to accept and/or using the SDK, you hereby agree to the terms of the License Agreement.

2.3 You may not use the SDK and may not accept the License Agreement if you are a person barred from receiving the SDK under the laws of the United States or other countries including the country in which you are resident or from which you use the SDK.

2.4 If you will use the SDK internally within your company or organization you agree to be bound by the License Agreement on behalf of your employer or other entity, and you represent and warrant that you have full legal authority to bind your employer or such entity to the License Agreement. If you do not have the requisite authority, you may not accept the License Agreement or use the SDK on behalf of your employer or other entity.

3. SDK License from Google

3.1 Subject to the terms of the License Agreement, Google grants you a royalty-free, non-assignable, non-exclusive, non-sublicensable, limited, revocable license to use the SDK, personally or internally within your company or organization, solely to develop and distribute applications to run on the Android platform.

3.2 You agree that Google or third parties own all legal right, title and interest in and to the SDK, including any Intellectual Property Rights that subsist in the SDK. "Intellectual Property Rights" means any and all rights under patent law, copyright law, trade secret law, trademark law, and any and all other proprietary rights. Google reserves all rights not expressly granted to you.

3.3 You may not use the SDK for any purpose not expressly permitted by the License Agreement. Except to the extent required by applicable third party licenses, you may not: (a) copy (except for backup purposes), modify, adapt, redistribute, decompile, reverse engineer, disassemble, or create derivative works of the SDK or any part of the SDK; or (b) load any part of the SDK onto a mobile handset or any other hardware device except a personal computer, combine any part of the SDK with other software, or distribute any software or device incorporating a part of the SDK.

3.4 You agree that you will not take any actions that may cause or result in the fragmentation of Android, including but not limited to distributing, participating in the creation of, or promoting in any way a software development kit derived from the SDK.

3.5 Use, reproduction and distribution of components of the SDK licensed under an open source software license are governed solely by the terms of that open source software license and not the License Agreement. You agree to remain a licensee in good standing in regard to such open source software licenses under all the rights granted and to refrain from any actions that may terminate, suspend, or breach such rights.

3.6 You agree that the form and nature of the SDK that Google provides may change without prior notice to you and that future versions of the SDK may be incompatible with applications developed on previous versions of the SDK. You agree that Google may stop (permanently or temporarily) providing the SDK (or any features within the SDK) to you or to users generally at Google's sole discretion, without prior notice to you.

3.7 Nothing in the License Agreement gives you a right to use any of Google's trade names, trademarks, service marks, logos, domain names, or other distinctive brand features.

3.8 You agree that you will not remove, obscure, or alter any proprietary rights notices (including copyright and trademark notices) that may be affixed to or contained within the SDK.

4. Use of the SDK by You

4.1 Google agrees that nothing in the License Agreement gives Google any right, title or interest from you (or your licensors) under the License Agreement in or to any software applications that you develop using the SDK, including any intellectual property rights that subsist in those applications.

4.2 You agree to use the SDK and write applications only for purposes that are permitted by (a) the License Agreement, and (b) any applicable law, regulation or generally accepted practices or guidelines in the relevant jurisdictions (including any laws regarding the export of data or software to and from the United States or other relevant countries).

4.3 You agree that if you use the SDK to develop applications, you will protect the privacy and legal rights of users. If users provide you with user names, passwords, or other login information or personal information, you must make the users aware that the information will be available to your application, and you must provide legally adequate privacy notice and protection for those users. If your application stores personal or sensitive information provided by users, it must do so securely. If users provide you with Google Account information, your application may only use that information to access the user's Google Account when, and for the limited purposes for which, each user has given you permission to do so.

4.4 You agree that you will not engage in any activity with the SDK, including the development or distribution of an application, that interferes with, disrupts, damages, or accesses in an unauthorized manner the servers, networks, or other properties or services of Google or any third party.

4.5 You agree that you are solely responsible for (and that Google has no responsibility to you or to any third party for) any data, content, or resources that you create, transmit or display through Android and/or applications for Android, and for the consequences of your actions (including any loss or damage which Google may suffer) by doing so.

4.6 You agree that you are solely responsible for (and that Google has no responsibility to you or to any third party for) any breach of your obligations under the License Agreement, any applicable third party contract or Terms of Service, or any applicable law or regulation, and for the consequences (including any loss or damage which Google or any third party may suffer) of any such breach.

5. Your Developer Credentials

5.1 You agree that you are responsible for maintaining the confidentiality of any developer credentials that may be issued to you by Google or which you may choose yourself and that you will be solely responsible for all applications that are developed under your developer credentials.

6. Privacy and Information

6.1 In order to continually innovate and improve the SDK, Google may collect certain usage statistics from the software including but not limited to a unique identifier, associated IP address, version number of the software, and information on which tools and/or services in the SDK are being used and how they are being used. Before any of this information is collected, the SDK will notify you and seek your consent. If you withhold consent, the information will not be collected.

6.2 The data collected is examined in the aggregate to improve the SDK and is maintained in accordance with Google's Privacy Policy located at http://www.google.com/policies/privacy/.

7. Third Party Applications

7.1 If you use the SDK to run applications developed by a third party or that access data, content or resources provided by a third party, you agree that Google is not responsible for those applications, data, content, or resources. You understand that all data, content or resources which you may access through such third party applications are the sole responsibility of the person from which they originated and that Google is not liable for any loss or damage that you may experience as a result of the use or access of any of those third party applications, data, content, or resources.

7.2 You should be aware the data, content, and resources presented to you through such a third party application may be protected by intellectual property rights which are owned by the providers (or by other persons or companies on their behalf). You may not modify, rent, lease, loan, sell, distribute or create derivative works based on these data, content, or resources (either in whole or in part) unless you have been specifically given permission to do so by the relevant owners.

7.3 You acknowledge that your use of such third party applications, data, content, or resources may be subject to separate terms between you and the relevant third party.

8. Using Google APIs

8.1 Google APIs

8.1.1 If you use any API to retrieve data from Google, you acknowledge that the data may be protected by intellectual property rights which are owned by Google or those parties that provide the data (or by other persons or companies on their behalf). Your use of any such API may be subject to additional Terms of Service. You may not modify, rent, lease, loan, sell, distribute or create derivative works based on this data (either in whole or in part) unless allowed by the relevant Terms of Service.

8.1.2 If you use any API to retrieve a user's data from Google, you acknowledge and agree that you shall retrieve data only with the user's explicit consent and only when, and for the limited purposes for which, the user has given you permission to do so.

9. Terminating the License Agreement

9.1 The License Agreement will continue to apply until terminated by either you or Google as set out below.

9.2 If you want to terminate the License Agreement, you may do so by ceasing your use of the SDK and any relevant developer credentials.

9.3 Google may at any time, terminate the License Agreement, with or without cause, upon notice to you.

9.4 The License Agreement will automatically terminate without notice or other action when Google ceases to provide the SDK or certain parts of the SDK to users in the country in which you are resident or from which you use the service.

9.5 When the License Agreement is terminated, the license granted to you in the License Agreement will terminate, you will immediately cease all use of the SDK, and the provisions of paragraphs 10, 11, 12 and 14 shall survive indefinitely.

10. DISCLAIMERS

10.1 YOU EXPRESSLY UNDERSTAND AND AGREE THAT YOUR USE OF THE SDK IS AT YOUR SOLE RISK AND THAT THE SDK IS PROVIDED "AS IS" AND "AS AVAILABLE" WITHOUT WARRANTY OF ANY KIND FROM GOOGLE.

10.2 YOUR USE OF THE SDK AND ANY MATERIAL DOWNLOADED OR OTHERWISE OBTAINED THROUGH THE USE OF THE SDK IS AT YOUR OWN DISCRETION AND RISK AND YOU ARE SOLELY RESPONSIBLE FOR ANY DAMAGE TO YOUR COMPUTER SYSTEM OR OTHER DEVICE OR LOSS OF DATA THAT RESULTS FROM SUCH USE. WITHOUT LIMITING THE FOREGOING, YOU UNDERSTAND THAT THE SDK MAY CONTAIN ERRORS, DEFECTS AND SECURITY VULNERABILITIES THAT CAN RESULT IN SIGNIFICANT DAMAGE, INCLUDING THE COMPLETE, IRRECOVERABLE LOSS OF USE OF YOUR COMPUTER SYSTEM OR OTHER DEVICE.

10.3 GOOGLE FURTHER EXPRESSLY DISCLAIMS ALL WARRANTIES AND CONDITIONS OF ANY KIND, WHETHER EXPRESS OR IMPLIED, INCLUDING, BUT NOT LIMITED TO THE IMPLIED WARRANTIES AND CONDITIONS OF MERCHANTABILITY, FITNESS FOR A PARTICULAR PURPOSE AND NON-INFRINGEMENT.

11. LIMITATION OF LIABILITY

11.1 YOU EXPRESSLY UNDERSTAND AND AGREE THAT GOOGLE, ITS SUBSIDIARIES AND AFFILIATES, AND ITS LICENSORS SHALL NOT BE LIABLE TO YOU UNDER ANY THEORY OF LIABILITY FOR ANY DIRECT, INDIRECT, INCIDENTAL, SPECIAL, CONSEQUENTIAL OR EXEMPLARY DAMAGES THAT MAY BE INCURRED BY YOU, INCLUDING ANY LOSS OF DATA, WHETHER OR NOT GOOGLE OR ITS REPRESENTATIVES HAVE BEEN ADVISED OF OR SHOULD HAVE BEEN AWARE OF THE POSSIBILITY OF ANY SUCH LOSSES ARISING.

12. Indemnification

12.1 To the maximum extent permitted by law, you agree to defend, indemnify and hold harmless Google, its affiliates and their respective directors, officers, employees and agents from and against any and all claims, actions, suits or proceedings, as well as any and all losses, liabilities, damages, costs and expenses (including reasonable attorneysâ€™ fees) arising out of or accruing from (a) your use of the SDK, (b) any application you develop on the SDK that infringes any Intellectual Property Rights of any person or defames any person or violates their rights of publicity or privacy, and (c) any non-compliance by you of the License Agreement.

13. Changes to the License Agreement

13.1 Google may make changes to the License Agreement as it distributes new versions of the SDK. When these changes are made, Google will make a new version of the License Agreement available on the website where the SDK is made available.

14. General Legal Terms

14.1 The License Agreement constitutes the whole legal agreement between you and Google and governs your use of the SDK (excluding any services which Google may provide to you under a separate written agreement), and completely replaces any prior agreements between you and Google in relation to the SDK.

14.2 You agree that if Google does not exercise or enforce any legal right or remedy which is contained in the License Agreement (or which Google has the benefit of under any applicable law), this will not be taken to be a formal waiver of Google's rights and that those rights or remedies will still be available to Google.

14.3 If any court of law, having the jurisdiction to decide on this matter, rules that any provision of the License Agreement is invalid, then that provision will be removed from the License Agreement without affecting the rest of the License Agreement. The remaining provisions of the License Agreement will continue to be valid and enforceable.

14.4 You acknowledge and agree that each member of the group of companies of which Google is the parent shall be third party beneficiaries to the License Agreement and that such other companies shall be entitled to directly enforce, and rely upon, any provision of the License Agreement that confers a benefit on (or rights in favor of) them. Other than this, no other person or company shall be third party beneficiaries to the License Agreement.

14.5 EXPORT RESTRICTIONS. THE SDK IS SUBJECT TO UNITED STATES EXPORT LAWS AND REGULATIONS. YOU MUST COMPLY WITH ALL DOMESTIC AND INTERNATIONAL EXPORT LAWS AND REGULATIONS THAT APPLY TO THE SDK. THESE LAWS INCLUDE RESTRICTIONS ON DESTINATIONS, END USERS AND END USE.

14.6 The License Agreement may not be assigned or transferred by you without the prior written approval of Google, and any attempted assignment without such approval will be void. You shall not delegate your responsibilities or obligations under the License Agreement without the prior written approval of Google.

14.7 The License Agreement, and your relationship with Google under the License Agreement, shall be governed by the laws of the State of California without regard to its conflict of laws provisions. You and Google agree to submit to the exclusive jurisdiction of the courts located within the county of Santa Clara, California to resolve any legal matter arising from the License Agreement. Notwithstanding this, you agree that Google shall still be allowed to apply for injunctive remedies (or an equivalent type of urgent legal relief) in any jurisdiction.

June 2014.
    
Do you accept the license 'android-sdk-license-5be876d5' [y/n]: y

Installing Archives:
  Preparing to install archives
  Downloading Android SDK Build-tools, revision 20
  Installing Android SDK Build-tools, revision 20
  Unzipping Android SDK Build-tools, revision 20 (2%)  Unzipping Android SDK Build-tools, revision 20 (4%)  Unzipping Android SDK Build-tools, revision 20 (5%)  Unzipping Android SDK Build-tools, revision 20 (6%)  Unzipping Android SDK Build-tools, revision 20 (7%)  Unzipping Android SDK Build-tools, revision 20 (8%)  Unzipping Android SDK Build-tools, revision 20 (9%)  Unzipping Android SDK Build-tools, revision 20 (10%)  Unzipping Android SDK Build-tools, revision 20 (11%)  Unzipping Android SDK Build-tools, revision 20 (12%)  Unzipping Android SDK Build-tools, revision 20 (13%)  Unzipping Android SDK Build-tools, revision 20 (18%)  Unzipping Android SDK Build-tools, revision 20 (20%)  Unzipping Android SDK Build-tools, revision 20 (21%)  Unzipping Android SDK Build-tools, revision 20 (22%)  Unzipping Android SDK Build-tools, revision 20 (26%)  Unzipping Android SDK Build-tools, revision 20 (54%)  Unzipping Android SDK Build-tools, revision 20 (60%)  Unzipping Android SDK Build-tools, revision 20 (62%)  Unzipping Android SDK Build-tools, revision 20 (99%)    Installed Android SDK Build-tools, revision 20
  Done. 1 package installed.
travis_time:end:1bf4e4a0:start=1451097357601049338,finish=1451097363822743297,duration=6221693959[0Ktravis_time:start:025f6282[0K$ android-update-sdk --components=android-16 --accept-licenses='android-sdk-license-5be876d5'
Installing android-16
spawn android update sdk --no-ui --all --filter android-16
Refresh Sources:
  Fetching https://dl-ssl.google.com/android/repository/addons_list-2.xml
  Validate XML
  Parse XML
  Fetched Add-ons List successfully
  Refresh Sources
  Fetching URL: https://dl-ssl.google.com/android/repository/repository-10.xml
  Validate XML: https://dl-ssl.google.com/android/repository/repository-10.xml
  Parse XML:    https://dl-ssl.google.com/android/repository/repository-10.xml
  Fetching URL: https://dl-ssl.google.com/android/repository/addon.xml
  Validate XML: https://dl-ssl.google.com/android/repository/addon.xml
  Parse XML:    https://dl-ssl.google.com/android/repository/addon.xml
  Fetching URL: https://dl-ssl.google.com/android/repository/addon-6.xml
  Validate XML: https://dl-ssl.google.com/android/repository/addon-6.xml
  Parse XML:    https://dl-ssl.google.com/android/repository/addon-6.xml
  Fetching URL: https://dl-ssl.google.com/glass/gdk/addon.xml
  Validate XML: https://dl-ssl.google.com/glass/gdk/addon.xml
  Parse XML:    https://dl-ssl.google.com/glass/gdk/addon.xml
  Fetching URL: https://dl-ssl.google.com/android/repository/extras/intel/addon.xml
  Validate XML: https://dl-ssl.google.com/android/repository/extras/intel/addon.xml
  Parse XML:    https://dl-ssl.google.com/android/repository/extras/intel/addon.xml
  Fetching URL: https://dl-ssl.google.com/android/repository/sys-img/android/sys-img.xml
  Validate XML: https://dl-ssl.google.com/android/repository/sys-img/android/sys-img.xml
  Parse XML:    https://dl-ssl.google.com/android/repository/sys-img/android/sys-img.xml
  Fetching URL: https://dl-ssl.google.com/android/repository/sys-img/android-wear/sys-img.xml
  Validate XML: https://dl-ssl.google.com/android/repository/sys-img/android-wear/sys-img.xml
  Parse XML:    https://dl-ssl.google.com/android/repository/sys-img/android-wear/sys-img.xml
  Fetching URL: https://dl-ssl.google.com/android/repository/sys-img/android-tv/sys-img.xml
  Validate XML: https://dl-ssl.google.com/android/repository/sys-img/android-tv/sys-img.xml
  Parse XML:    https://dl-ssl.google.com/android/repository/sys-img/android-tv/sys-img.xml
  Fetching URL: https://dl-ssl.google.com/android/repository/sys-img/google_apis/sys-img.xml
  Validate XML: https://dl-ssl.google.com/android/repository/sys-img/google_apis/sys-img.xml
  Parse XML:    https://dl-ssl.google.com/android/repository/sys-img/google_apis/sys-img.xml
  Fetching URL: https://dl-ssl.google.com/android/repository/sys-img/x86/addon-x86.xml
  Validate XML: https://dl-ssl.google.com/android/repository/sys-img/x86/addon-x86.xml
  Parse XML:    https://dl-ssl.google.com/android/repository/sys-img/x86/addon-x86.xml
-------------------------------
License id: android-sdk-license-5be876d5
Used by: 
 - SDK Platform Android 4.1.2, API 16, revision 5
-------------------------------

To get started with the Android SDK, you must agree to the following terms and conditions.

This is the Android SDK License Agreement (the "License Agreement").

1. Introduction

1.1 The Android SDK (referred to in the License Agreement as the "SDK" and specifically including the Android system files, packaged APIs, and SDK library files and tools , if and when they are made available) is licensed to you subject to the terms of the License Agreement. The License Agreement forms a legally binding contract between you and Google in relation to your use of the SDK.

1.2 "Android" means the Android software stack for devices, as made available under the Android Open Source Project, which is located at the following URL: http://source.android.com/, as updated from time to time.

1.3 "Google" means Google Inc., a Delaware corporation with principal place of business at 1600 Amphitheatre Parkway, Mountain View, CA 94043, United States.

2. Accepting the License Agreement

2.1 In order to use the SDK, you must first agree to the License Agreement. You may not use the SDK if you do not accept the License Agreement.

2.2 By clicking to accept and/or using the SDK, you hereby agree to the terms of the License Agreement.

2.3 You may not use the SDK and may not accept the License Agreement if you are a person barred from receiving the SDK under the laws of the United States or other countries including the country in which you are resident or from which you use the SDK.

2.4 If you will use the SDK internally within your company or organization you agree to be bound by the License Agreement on behalf of your employer or other entity, and you represent and warrant that you have full legal authority to bind your employer or such entity to the License Agreement. If you do not have the requisite authority, you may not accept the License Agreement or use the SDK on behalf of your employer or other entity.

3. SDK License from Google

3.1 Subject to the terms of the License Agreement, Google grants you a royalty-free, non-assignable, non-exclusive, non-sublicensable, limited, revocable license to use the SDK, personally or internally within your company or organization, solely to develop and distribute applications to run on the Android platform.

3.2 You agree that Google or third parties own all legal right, title and interest in and to the SDK, including any Intellectual Property Rights that subsist in the SDK. "Intellectual Property Rights" means any and all rights under patent law, copyright law, trade secret law, trademark law, and any and all other proprietary rights. Google reserves all rights not expressly granted to you.

3.3 You may not use the SDK for any purpose not expressly permitted by the License Agreement. Except to the extent required by applicable third party licenses, you may not: (a) copy (except for backup purposes), modify, adapt, redistribute, decompile, reverse engineer, disassemble, or create derivative works of the SDK or any part of the SDK; or (b) load any part of the SDK onto a mobile handset or any other hardware device except a personal computer, combine any part of the SDK with other software, or distribute any software or device incorporating a part of the SDK.

3.4 You agree that you will not take any actions that may cause or result in the fragmentation of Android, including but not limited to distributing, participating in the creation of, or promoting in any way a software development kit derived from the SDK.

3.5 Use, reproduction and distribution of components of the SDK licensed under an open source software license are governed solely by the terms of that open source software license and not the License Agreement. You agree to remain a licensee in good standing in regard to such open source software licenses under all the rights granted and to refrain from any actions that may terminate, suspend, or breach such rights.

3.6 You agree that the form and nature of the SDK that Google provides may change without prior notice to you and that future versions of the SDK may be incompatible with applications developed on previous versions of the SDK. You agree that Google may stop (permanently or temporarily) providing the SDK (or any features within the SDK) to you or to users generally at Google's sole discretion, without prior notice to you.

3.7 Nothing in the License Agreement gives you a right to use any of Google's trade names, trademarks, service marks, logos, domain names, or other distinctive brand features.

3.8 You agree that you will not remove, obscure, or alter any proprietary rights notices (including copyright and trademark notices) that may be affixed to or contained within the SDK.

4. Use of the SDK by You

4.1 Google agrees that nothing in the License Agreement gives Google any right, title or interest from you (or your licensors) under the License Agreement in or to any software applications that you develop using the SDK, including any intellectual property rights that subsist in those applications.

4.2 You agree to use the SDK and write applications only for purposes that are permitted by (a) the License Agreement, and (b) any applicable law, regulation or generally accepted practices or guidelines in the relevant jurisdictions (including any laws regarding the export of data or software to and from the United States or other relevant countries).

4.3 You agree that if you use the SDK to develop applications, you will protect the privacy and legal rights of users. If users provide you with user names, passwords, or other login information or personal information, you must make the users aware that the information will be available to your application, and you must provide legally adequate privacy notice and protection for those users. If your application stores personal or sensitive information provided by users, it must do so securely. If users provide you with Google Account information, your application may only use that information to access the user's Google Account when, and for the limited purposes for which, each user has given you permission to do so.

4.4 You agree that you will not engage in any activity with the SDK, including the development or distribution of an application, that interferes with, disrupts, damages, or accesses in an unauthorized manner the servers, networks, or other properties or services of Google or any third party.

4.5 You agree that you are solely responsible for (and that Google has no responsibility to you or to any third party for) any data, content, or resources that you create, transmit or display through Android and/or applications for Android, and for the consequences of your actions (including any loss or damage which Google may suffer) by doing so.

4.6 You agree that you are solely responsible for (and that Google has no responsibility to you or to any third party for) any breach of your obligations under the License Agreement, any applicable third party contract or Terms of Service, or any applicable law or regulation, and for the consequences (including any loss or damage which Google or any third party may suffer) of any such breach.

5. Your Developer Credentials

5.1 You agree that you are responsible for maintaining the confidentiality of any developer credentials that may be issued to you by Google or which you may choose yourself and that you will be solely responsible for all applications that are developed under your developer credentials.

6. Privacy and Information

6.1 In order to continually innovate and improve the SDK, Google may collect certain usage statistics from the software including but not limited to a unique identifier, associated IP address, version number of the software, and information on which tools and/or services in the SDK are being used and how they are being used. Before any of this information is collected, the SDK will notify you and seek your consent. If you withhold consent, the information will not be collected.

6.2 The data collected is examined in the aggregate to improve the SDK and is maintained in accordance with Google's Privacy Policy located at http://www.google.com/policies/privacy/.

7. Third Party Applications

7.1 If you use the SDK to run applications developed by a third party or that access data, content or resources provided by a third party, you agree that Google is not responsible for those applications, data, content, or resources. You understand that all data, content or resources which you may access through such third party applications are the sole responsibility of the person from which they originated and that Google is not liable for any loss or damage that you may experience as a result of the use or access of any of those third party applications, data, content, or resources.

7.2 You should be aware the data, content, and resources presented to you through such a third party application may be protected by intellectual property rights which are owned by the providers (or by other persons or companies on their behalf). You may not modify, rent, lease, loan, sell, distribute or create derivative works based on these data, content, or resources (either in whole or in part) unless you have been specifically given permission to do so by the relevant owners.

7.3 You acknowledge that your use of such third party applications, data, content, or resources may be subject to separate terms between you and the relevant third party.

8. Using Google APIs

8.1 Google APIs

8.1.1 If you use any API to retrieve data from Google, you acknowledge that the data may be protected by intellectual property rights which are owned by Google or those parties that provide the data (or by other persons or companies on their behalf). Your use of any such API may be subject to additional Terms of Service. You may not modify, rent, lease, loan, sell, distribute or create derivative works based on this data (either in whole or in part) unless allowed by the relevant Terms of Service.

8.1.2 If you use any API to retrieve a user's data from Google, you acknowledge and agree that you shall retrieve data only with the user's explicit consent and only when, and for the limited purposes for which, the user has given you permission to do so.

9. Terminating the License Agreement

9.1 The License Agreement will continue to apply until terminated by either you or Google as set out below.

9.2 If you want to terminate the License Agreement, you may do so by ceasing your use of the SDK and any relevant developer credentials.

9.3 Google may at any time, terminate the License Agreement, with or without cause, upon notice to you.

9.4 The License Agreement will automatically terminate without notice or other action when Google ceases to provide the SDK or certain parts of the SDK to users in the country in which you are resident or from which you use the service.

9.5 When the License Agreement is terminated, the license granted to you in the License Agreement will terminate, you will immediately cease all use of the SDK, and the provisions of paragraphs 10, 11, 12 and 14 shall survive indefinitely.

10. DISCLAIMERS

10.1 YOU EXPRESSLY UNDERSTAND AND AGREE THAT YOUR USE OF THE SDK IS AT YOUR SOLE RISK AND THAT THE SDK IS PROVIDED "AS IS" AND "AS AVAILABLE" WITHOUT WARRANTY OF ANY KIND FROM GOOGLE.

10.2 YOUR USE OF THE SDK AND ANY MATERIAL DOWNLOADED OR OTHERWISE OBTAINED THROUGH THE USE OF THE SDK IS AT YOUR OWN DISCRETION AND RISK AND YOU ARE SOLELY RESPONSIBLE FOR ANY DAMAGE TO YOUR COMPUTER SYSTEM OR OTHER DEVICE OR LOSS OF DATA THAT RESULTS FROM SUCH USE. WITHOUT LIMITING THE FOREGOING, YOU UNDERSTAND THAT THE SDK MAY CONTAIN ERRORS, DEFECTS AND SECURITY VULNERABILITIES THAT CAN RESULT IN SIGNIFICANT DAMAGE, INCLUDING THE COMPLETE, IRRECOVERABLE LOSS OF USE OF YOUR COMPUTER SYSTEM OR OTHER DEVICE.

10.3 GOOGLE FURTHER EXPRESSLY DISCLAIMS ALL WARRANTIES AND CONDITIONS OF ANY KIND, WHETHER EXPRESS OR IMPLIED, INCLUDING, BUT NOT LIMITED TO THE IMPLIED WARRANTIES AND CONDITIONS OF MERCHANTABILITY, FITNESS FOR A PARTICULAR PURPOSE AND NON-INFRINGEMENT.

11. LIMITATION OF LIABILITY

11.1 YOU EXPRESSLY UNDERSTAND AND AGREE THAT GOOGLE, ITS SUBSIDIARIES AND AFFILIATES, AND ITS LICENSORS SHALL NOT BE LIABLE TO YOU UNDER ANY THEORY OF LIABILITY FOR ANY DIRECT, INDIRECT, INCIDENTAL, SPECIAL, CONSEQUENTIAL OR EXEMPLARY DAMAGES THAT MAY BE INCURRED BY YOU, INCLUDING ANY LOSS OF DATA, WHETHER OR NOT GOOGLE OR ITS REPRESENTATIVES HAVE BEEN ADVISED OF OR SHOULD HAVE BEEN AWARE OF THE POSSIBILITY OF ANY SUCH LOSSES ARISING.

12. Indemnification

12.1 To the maximum extent permitted by law, you agree to defend, indemnify and hold harmless Google, its affiliates and their respective directors, officers, employees and agents from and against any and all claims, actions, suits or proceedings, as well as any and all losses, liabilities, damages, costs and expenses (including reasonable attorneysâ€™ fees) arising out of or accruing from (a) your use of the SDK, (b) any application you develop on the SDK that infringes any Intellectual Property Rights of any person or defames any person or violates their rights of publicity or privacy, and (c) any non-compliance by you of the License Agreement.

13. Changes to the License Agreement

13.1 Google may make changes to the License Agreement as it distributes new versions of the SDK. When these changes are made, Google will make a new version of the License Agreement available on the website where the SDK is made available.

14. General Legal Terms

14.1 The License Agreement constitutes the whole legal agreement between you and Google and governs your use of the SDK (excluding any services which Google may provide to you under a separate written agreement), and completely replaces any prior agreements between you and Google in relation to the SDK.

14.2 You agree that if Google does not exercise or enforce any legal right or remedy which is contained in the License Agreement (or which Google has the benefit of under any applicable law), this will not be taken to be a formal waiver of Google's rights and that those rights or remedies will still be available to Google.

14.3 If any court of law, having the jurisdiction to decide on this matter, rules that any provision of the License Agreement is invalid, then that provision will be removed from the License Agreement without affecting the rest of the License Agreement. The remaining provisions of the License Agreement will continue to be valid and enforceable.

14.4 You acknowledge and agree that each member of the group of companies of which Google is the parent shall be third party beneficiaries to the License Agreement and that such other companies shall be entitled to directly enforce, and rely upon, any provision of the License Agreement that confers a benefit on (or rights in favor of) them. Other than this, no other person or company shall be third party beneficiaries to the License Agreement.

14.5 EXPORT RESTRICTIONS. THE SDK IS SUBJECT TO UNITED STATES EXPORT LAWS AND REGULATIONS. YOU MUST COMPLY WITH ALL DOMESTIC AND INTERNATIONAL EXPORT LAWS AND REGULATIONS THAT APPLY TO THE SDK. THESE LAWS INCLUDE RESTRICTIONS ON DESTINATIONS, END USERS AND END USE.

14.6 The License Agreement may not be assigned or transferred by you without the prior written approval of Google, and any attempted assignment without such approval will be void. You shall not delegate your responsibilities or obligations under the License Agreement without the prior written approval of Google.

14.7 The License Agreement, and your relationship with Google under the License Agreement, shall be governed by the laws of the State of California without regard to its conflict of laws provisions. You and Google agree to submit to the exclusive jurisdiction of the courts located within the county of Santa Clara, California to resolve any legal matter arising from the License Agreement. Notwithstanding this, you agree that Google shall still be allowed to apply for injunctive remedies (or an equivalent type of urgent legal relief) in any jurisdiction.

June 2014.
    
Do you accept the license 'android-sdk-license-5be876d5' [y/n]: y

Installing Archives:
  Preparing to install archives
  Downloading SDK Platform Android 4.1.2, API 16, revision 5
  Installing SDK Platform Android 4.1.2, API 16, revision 5
  Unzipping SDK Platform Android 4.1.2, API 16, revision 5 (26%)  Unzipping SDK Platform Android 4.1.2, API 16, revision 5 (27%)  Unzipping SDK Platform Android 4.1.2, API 16, revision 5 (28%)  Unzipping SDK Platform Android 4.1.2, API 16, revision 5 (29%)  Unzipping SDK Platform Android 4.1.2, API 16, revision 5 (30%)  Unzipping SDK Platform Android 4.1.2, API 16, revision 5 (31%)  Unzipping SDK Platform Android 4.1.2, API 16, revision 5 (32%)  Unzipping SDK Platform Android 4.1.2, API 16, revision 5 (33%)  Unzipping SDK Platform Android 4.1.2, API 16, revision 5 (34%)  Unzipping SDK Platform Android 4.1.2, API 16, revision 5 (36%)  Unzipping SDK Platform Android 4.1.2, API 16, revision 5 (37%)  Unzipping SDK Platform Android 4.1.2, API 16, revision 5 (38%)  Unzipping SDK Platform Android 4.1.2, API 16, revision 5 (39%)  Unzipping SDK Platform Android 4.1.2, API 16, revision 5 (40%)  Unzipping SDK Platform Android 4.1.2, API 16, revision 5 (41%)  Unzipping SDK Platform Android 4.1.2, API 16, revision 5 (42%)  Unzipping SDK Platform Android 4.1.2, API 16, revision 5 (43%)  Unzipping SDK Platform Android 4.1.2, API 16, revision 5 (44%)  Unzipping SDK Platform Android 4.1.2, API 16, revision 5 (45%)  Unzipping SDK Platform Android 4.1.2, API 16, revision 5 (46%)  Unzipping SDK Platform Android 4.1.2, API 16, revision 5 (47%)  Unzipping SDK Platform Android 4.1.2, API 16, revision 5 (48%)  Unzipping SDK Platform Android 4.1.2, API 16, revision 5 (49%)  Unzipping SDK Platform Android 4.1.2, API 16, revision 5 (50%)  Unzipping SDK Platform Android 4.1.2, API 16, revision 5 (51%)  Unzipping SDK Platform Android 4.1.2, API 16, revision 5 (52%)  Unzipping SDK Platform Android 4.1.2, API 16, revision 5 (53%)  Unzipping SDK Platform Android 4.1.2, API 16, revision 5 (54%)  Unzipping SDK Platform Android 4.1.2, API 16, revision 5 (55%)  Unzipping SDK Platform Android 4.1.2, API 16, revision 5 (72%)  Unzipping SDK Platform Android 4.1.2, API 16, revision 5 (73%)  Unzipping SDK Platform Android 4.1.2, API 16, revision 5 (74%)  Unzipping SDK Platform Android 4.1.2, API 16, revision 5 (77%)  Unzipping SDK Platform Android 4.1.2, API 16, revision 5 (78%)  Unzipping SDK Platform Android 4.1.2, API 16, revision 5 (79%)  Unzipping SDK Platform Android 4.1.2, API 16, revision 5 (81%)  Unzipping SDK Platform Android 4.1.2, API 16, revision 5 (82%)  Unzipping SDK Platform Android 4.1.2, API 16, revision 5 (83%)  Unzipping SDK Platform Android 4.1.2, API 16, revision 5 (86%)  Unzipping SDK Platform Android 4.1.2, API 16, revision 5 (87%)  Unzipping SDK Platform Android 4.1.2, API 16, revision 5 (92%)  Unzipping SDK Platform Android 4.1.2, API 16, revision 5 (96%)    Installed SDK Platform Android 4.1.2, API 16, revision 5
  Done. 1 package installed.
travis_time:end:025f6282:start=1451097363827576812,finish=1451097371287050907,duration=7459474095[0Ktravis_fold:end:android.install[0K$ java -Xmx32m -version
java version "1.7.0_76"
Java(TM) SE Runtime Environment (build 1.7.0_76-b13)
Java HotSpot(TM) 64-Bit Server VM (build 24.76-b04, mixed mode)
$ javac -J-Xmx32m -version
javac 1.7.0_76
travis_fold:start:install[0Ktravis_time:start:0331ae38[0K$ mvn install clean --fail-never --quiet -DskipTests=true -Dinvoker.skip=true
travis_time:end:0331ae38:start=1451097371528990784,finish=1451097427060955799,duration=55531965015[0Ktravis_fold:end:install[0Ktravis_time:start:1148d9f0[0K$ mvn verify
[INFO] Scanning for projects...
[WARNING] 
[WARNING] Some problems were encountered while building the effective model for com.squareup.dagger:dagger:jar:1.2.3-SNAPSHOT
[WARNING] 'build.plugins.plugin.version' for org.apache.maven.plugins:maven-javadoc-plugin is missing. @ com.squareup.dagger:dagger:[unknown-version], /home/travis/build/square/dagger/core/pom.xml, line 68, column 15
[WARNING] 'build.plugins.plugin.version' for org.apache.maven.plugins:maven-jar-plugin is missing. @ com.squareup.dagger:dagger:[unknown-version], /home/travis/build/square/dagger/core/pom.xml, line 74, column 15
[WARNING] 
[WARNING] It is highly recommended to fix these problems because they threaten the stability of your build.
[WARNING] 
[WARNING] For this reason, future Maven versions might no longer support building such malformed projects.
[WARNING] 
Downloading: https://repository.apache.org/snapshots/com/squareup/dagger/dagger/1.2.3-SNAPSHOT/maven-metadata.xml
Downloading: https://repository.apache.org/snapshots/com/squareup/dagger/dagger-compiler/1.2.3-SNAPSHOT/maven-metadata.xml
[INFO] ------------------------------------------------------------------------
[INFO] Reactor Build Order:
[INFO] 
[INFO] Dagger (Parent)
[INFO] Dagger
[INFO] Dagger Compiler
[INFO] Examples
[INFO] Examples: Simple
[INFO] Examples: Android - Simple
[INFO] Examples: Android - Activity Graphs
[INFO]                                                                         
[INFO] ------------------------------------------------------------------------
[INFO] Building Dagger (Parent) 1.2.3-SNAPSHOT
[INFO] ------------------------------------------------------------------------
[INFO] 
[INFO] --- maven-enforcer-plugin:1.0:enforce (enforce-maven) @ dagger-parent ---
[INFO] 
[INFO] --- maven-checkstyle-plugin:2.10:checkstyle (default) @ dagger-parent ---
[INFO]                                                                         
[INFO] ------------------------------------------------------------------------
[INFO] Building Dagger 1.2.3-SNAPSHOT
[INFO] ------------------------------------------------------------------------
[INFO] 
[INFO] --- maven-enforcer-plugin:1.0:enforce (enforce-maven) @ dagger ---
[INFO] 
[INFO] --- maven-resources-plugin:2.6:resources (default-resources) @ dagger ---
[INFO] Using 'UTF-8' encoding to copy filtered resources.
[INFO] skip non existing resourceDirectory /home/travis/build/square/dagger/core/src/main/resources
[INFO] 
[INFO] --- maven-compiler-plugin:3.1:compile (default-compile) @ dagger ---
[INFO] Changes detected - recompiling the module!
[INFO] Compiling 25 source files to /home/travis/build/square/dagger/core/target/classes
[WARNING] bootstrap class path not set in conjunction with -source 1.6
[WARNING] /home/travis/build/square/dagger/core/src/main/java/dagger/internal/Binding.java:[155,17] serializable class dagger.internal.Binding.InvalidBindingException has no definition of serialVersionUID
[WARNING] /home/travis/build/square/dagger/core/src/main/java/dagger/internal/ProblemDetector.java:[33,10] found raw type: dagger.internal.Binding
  missing type arguments for generic class dagger.internal.Binding<T>
[WARNING] /home/travis/build/square/dagger/core/src/main/java/dagger/internal/ProblemDetector.java:[33,50] found raw type: dagger.internal.Binding
  missing type arguments for generic class dagger.internal.Binding<T>
[WARNING] /home/travis/build/square/dagger/core/src/main/java/dagger/internal/ArrayQueue.java:[530,58] unchecked cast
  required: T[]
  found:    java.lang.Object
[WARNING] /home/travis/build/square/dagger/core/src/main/java/dagger/internal/ArrayQueue.java:[554,63] unchecked cast
  required: dagger.internal.ArrayQueue<E>
  found:    java.lang.Object
[WARNING] /home/travis/build/square/dagger/core/src/main/java/dagger/internal/ArrayQueue.java:[555,54] unchecked cast
  required: E[]
  found:    java.lang.Object
[WARNING] /home/travis/build/square/dagger/core/src/main/java/dagger/ObjectGraph.java:[163,90] unchecked cast
  required: dagger.internal.ModuleAdapter<java.lang.Object>
  found:    dagger.internal.ModuleAdapter<capture#1 of ?>
[INFO] 
[INFO] --- maven-checkstyle-plugin:2.10:checkstyle (default) @ dagger ---
[INFO] Starting audit...
Audit done.

[WARNING] Unable to locate Source XRef to link to - DISABLED
[INFO] 
[INFO] --- animal-sniffer-maven-plugin:1.8:check (sniff-api) @ dagger ---
[INFO] Checking unresolved references to org.codehaus.mojo.signature:java15:1.0
[INFO] 
[INFO] --- maven-resources-plugin:2.6:testResources (default-testResources) @ dagger ---
[INFO] Using 'UTF-8' encoding to copy filtered resources.
[INFO] skip non existing resourceDirectory /home/travis/build/square/dagger/core/src/test/resources
[INFO] 
[INFO] --- maven-compiler-plugin:3.1:testCompile (default-testCompile) @ dagger ---
[INFO] Changes detected - recompiling the module!
[INFO] Compiling 17 source files to /home/travis/build/square/dagger/core/target/test-classes
[WARNING] bootstrap class path not set in conjunction with -source 1.6
[WARNING] /home/travis/build/square/dagger/core/src/test/java/dagger/InjectionTest.java:[552,15] found raw type: java.util.AbstractList
  missing type arguments for generic class java.util.AbstractList<E>
[WARNING] /home/travis/build/square/dagger/core/src/test/java/dagger/SetBindingTest.java:[99,19] unchecked generic array creation for varargs parameter of type java.util.Set<java.lang.String>[]
[WARNING] /home/travis/build/square/dagger/core/src/test/java/dagger/SetBindingTest.java:[105,21] unchecked generic array creation for varargs parameter of type java.util.Set<java.lang.String>[]
[WARNING] /home/travis/build/square/dagger/core/src/test/java/dagger/internal/TestingModuleAdapter.java:[116,40] unchecked cast
  required: M
  found:    capture#1 of ?
[WARNING] /home/travis/build/square/dagger/core/src/test/java/dagger/internal/TestingModuleAdapter.java:[169,24] found raw type: dagger.internal.Binding
  missing type arguments for generic class dagger.internal.Binding<T>
[WARNING] /home/travis/build/square/dagger/core/src/test/java/dagger/internal/TestingModuleAdapter.java:[182,33] unchecked cast
  required: T
  found:    java.lang.Object
[WARNING] /home/travis/build/square/dagger/core/src/test/java/dagger/ModuleTest.java:[208,17] found raw type: javax.inject.Provider
  missing type arguments for generic class javax.inject.Provider<T>
[WARNING] /home/travis/build/square/dagger/core/src/test/java/dagger/ModuleTest.java:[242,17] found raw type: dagger.Lazy
  missing type arguments for generic class dagger.Lazy<T>
[INFO] 
[INFO] --- maven-surefire-plugin:2.12.4:test (default-test) @ dagger ---
[INFO] Surefire report directory: /home/travis/build/square/dagger/core/target/surefire-reports

-------------------------------------------------------
 T E S T S
-------------------------------------------------------
Running dagger.ExtensionWithStateTest
Tests run: 1, Failures: 0, Errors: 0, Skipped: 0, Time elapsed: 0.071 sec
Running dagger.UnusedProviderTest
Tests run: 5, Failures: 0, Errors: 0, Skipped: 0, Time elapsed: 0.009 sec
Running dagger.InjectionTest
Tests run: 41, Failures: 0, Errors: 0, Skipped: 0, Time elapsed: 0.117 sec
Running dagger.SetBindingTest
Tests run: 12, Failures: 0, Errors: 0, Skipped: 0, Time elapsed: 0.033 sec
Running dagger.internal.SingletonBindingTest
Tests run: 7, Failures: 0, Errors: 0, Skipped: 0, Time elapsed: 0.008 sec
Running dagger.internal.FailoverLoaderTest
Tests run: 1, Failures: 0, Errors: 0, Skipped: 0, Time elapsed: 0.003 sec
Running dagger.internal.KeysTest
Tests run: 18, Failures: 0, Errors: 0, Skipped: 0, Time elapsed: 0.015 sec
Running dagger.ProblemDetectorTest
Tests run: 3, Failures: 0, Errors: 0, Skipped: 0, Time elapsed: 0.005 sec
Running dagger.ExtensionWithSetBindingsTest
Tests run: 3, Failures: 0, Errors: 0, Skipped: 0, Time elapsed: 0.008 sec
Running dagger.LazyInjectionTest
Tests run: 4, Failures: 0, Errors: 0, Skipped: 0, Time elapsed: 0.006 sec
Running dagger.ModuleTest
Tests run: 13, Failures: 0, Errors: 0, Skipped: 0, Time elapsed: 0.017 sec
Running dagger.InjectionOfLazyTest
Tests run: 4, Failures: 0, Errors: 0, Skipped: 0, Time elapsed: 0.007 sec
Running dagger.MembersInjectorTest
Tests run: 8, Failures: 0, Errors: 0, Skipped: 0, Time elapsed: 0.013 sec
Running dagger.ThreadSafetyTest
Tests run: 2, Failures: 0, Errors: 0, Skipped: 0, Time elapsed: 0.076 sec
Running dagger.ExtensionTest
Tests run: 3, Failures: 0, Errors: 0, Skipped: 0, Time elapsed: 0.007 sec

Results :

Tests run: 125, Failures: 0, Errors: 0, Skipped: 0

[INFO] 
[INFO] --- maven-jar-plugin:2.4:jar (default-jar) @ dagger ---
[INFO] Building jar: /home/travis/build/square/dagger/core/target/dagger-1.2.3-SNAPSHOT.jar
[INFO] 
[INFO] --- maven-jar-plugin:2.4:test-jar (default) @ dagger ---
[INFO] Building jar: /home/travis/build/square/dagger/core/target/dagger-1.2.3-SNAPSHOT-tests.jar
[INFO]                                                                         
[INFO] ------------------------------------------------------------------------
[INFO] Building Dagger Compiler 1.2.3-SNAPSHOT
[INFO] ------------------------------------------------------------------------
[INFO] 
[INFO] --- maven-enforcer-plugin:1.0:enforce (enforce-maven) @ dagger-compiler ---
[INFO] 
[INFO] --- maven-resources-plugin:2.6:resources (default-resources) @ dagger-compiler ---
[INFO] Using 'UTF-8' encoding to copy filtered resources.
[INFO] Copying 1 resource
[INFO] 
[INFO] --- maven-compiler-plugin:3.1:compile (default-compile) @ dagger-compiler ---
[INFO] Changes detected - recompiling the module!
[INFO] Compiling 13 source files to /home/travis/build/square/dagger/compiler/target/classes
[WARNING] bootstrap class path not set in conjunction with -source 1.6
[INFO] 
[INFO] --- maven-checkstyle-plugin:2.10:checkstyle (default) @ dagger-compiler ---
[INFO] Starting audit...
Audit done.

[WARNING] Unable to locate Source XRef to link to - DISABLED
[INFO] 
[INFO] --- maven-resources-plugin:2.6:testResources (default-testResources) @ dagger-compiler ---
[INFO] Using 'UTF-8' encoding to copy filtered resources.
[INFO] skip non existing resourceDirectory /home/travis/build/square/dagger/compiler/src/test/resources
[INFO] 
[INFO] --- maven-compiler-plugin:3.1:testCompile (default-testCompile) @ dagger-compiler ---
[INFO] Changes detected - recompiling the module!
[INFO] Compiling 16 source files to /home/travis/build/square/dagger/compiler/target/test-classes
[WARNING] bootstrap class path not set in conjunction with -source 1.6
[WARNING] No processor claimed any of these annotations: javax.inject.Named,dagger.tests.integration.operation.FailureModeErrorsTest.MyFoo,javax.inject.Qualifier,dagger.Module,javax.annotation.processing.SupportedAnnotationTypes,dagger.Provides,javax.inject.Inject,org.junit.runner.RunWith,org.junit.Test
[INFO] 
[INFO] --- maven-compiler-plugin:3.1:testCompile (default-test-compile) @ dagger-compiler ---
[INFO] Changes detected - recompiling the module!
[INFO] Compiling 16 source files to /home/travis/build/square/dagger/compiler/target/test-classes
[WARNING] bootstrap class path not set in conjunction with -source 1.6
[WARNING] No processor claimed any of these annotations: javax.inject.Named,dagger.tests.integration.operation.FailureModeErrorsTest.MyFoo,javax.inject.Qualifier,dagger.Module,javax.annotation.processing.SupportedAnnotationTypes,dagger.Provides,javax.inject.Inject,org.junit.runner.RunWith,org.junit.Test
[INFO] 
[INFO] --- maven-surefire-plugin:2.12.4:test (default-test) @ dagger-compiler ---
[INFO] Surefire report directory: /home/travis/build/square/dagger/compiler/target/surefire-reports

-------------------------------------------------------
 T E S T S
-------------------------------------------------------
Running dagger.tests.integration.validation.CyclicModuleIncludesTest
Tests run: 3, Failures: 0, Errors: 0, Skipped: 0, Time elapsed: 1.354 sec
Running dagger.tests.integration.validation.LibraryModuleTest
Tests run: 4, Failures: 0, Errors: 0, Skipped: 0, Time elapsed: 0.554 sec
Running dagger.tests.integration.validation.SimpleMissingDependencyTest
Tests run: 1, Failures: 0, Errors: 0, Skipped: 0, Time elapsed: 0.078 sec
Running dagger.tests.integration.validation.CyclicDependencyTest
Tests run: 2, Failures: 0, Errors: 0, Skipped: 0, Time elapsed: 0.238 sec
Running dagger.tests.integration.validation.ScopeAnnotationUseTest
Tests run: 12, Failures: 0, Errors: 0, Skipped: 0, Time elapsed: 0.643 sec
Running dagger.tests.integration.validation.GeneratedTypesNotReadyTest
Tests run: 6, Failures: 0, Errors: 0, Skipped: 0, Time elapsed: 0.802 sec
Running dagger.tests.integration.operation.FailureModeErrorsTest
Tests run: 2, Failures: 0, Errors: 0, Skipped: 0, Time elapsed: 0.022 sec
Running dagger.tests.integration.operation.PrimitiveInjectionTest
Tests run: 1, Failures: 0, Errors: 0, Skipped: 0, Time elapsed: 0.01 sec
Running dagger.tests.integration.operation.SimpleInjectionTest
Tests run: 5, Failures: 0, Errors: 0, Skipped: 0, Time elapsed: 0.014 sec
Running dagger.tests.integration.codegen.ModuleAdapterGenerationTest
Tests run: 3, Failures: 0, Errors: 0, Skipped: 0, Time elapsed: 0.274 sec
Running dagger.tests.integration.codegen.InjectAdapterGenerationTest
Tests run: 2, Failures: 0, Errors: 0, Skipped: 0, Time elapsed: 0.094 sec
Running dagger.internal.codegen.GraphVisualizerTest
Tests run: 7, Failures: 0, Errors: 0, Skipped: 0, Time elapsed: 0.013 sec
Running dagger.internal.codegen.GraphAnalysisLoaderTest
Tests run: 1, Failures: 0, Errors: 0, Skipped: 0, Time elapsed: 0.168 sec
Running dagger.internal.codegen.DotWriterTest
Tests run: 4, Failures: 0, Errors: 0, Skipped: 0, Time elapsed: 0.005 sec

Results :

Tests run: 53, Failures: 0, Errors: 0, Skipped: 0

[INFO] 
[INFO] --- maven-jar-plugin:2.4:jar (default-jar) @ dagger-compiler ---
[INFO] Building jar: /home/travis/build/square/dagger/compiler/target/dagger-compiler-1.2.3-SNAPSHOT.jar
[INFO] 
[INFO] --- maven-assembly-plugin:2.2-beta-5:single (default) @ dagger-compiler ---
[INFO] META-INF/ already added, skipping
[INFO] META-INF/MANIFEST.MF already added, skipping
[INFO] META-INF/maven/ already added, skipping
[INFO] META-INF/MANIFEST.MF already added, skipping
[INFO] META-INF/ already added, skipping
[INFO] META-INF/maven/ already added, skipping
[INFO] com/ already added, skipping
[INFO] Building jar: /home/travis/build/square/dagger/compiler/target/dagger-compiler-1.2.3-SNAPSHOT-jar-with-dependencies.jar
[INFO] META-INF/ already added, skipping
[INFO] META-INF/MANIFEST.MF already added, skipping
[INFO] META-INF/maven/ already added, skipping
[INFO] META-INF/MANIFEST.MF already added, skipping
[INFO] META-INF/ already added, skipping
[INFO] META-INF/maven/ already added, skipping
[INFO] com/ already added, skipping
[INFO] 
[INFO] --- maven-invoker-plugin:1.7:install (integration-test) @ dagger-compiler ---
[INFO] Installing /home/travis/build/square/dagger/core/pom.xml to /home/travis/build/square/dagger/compiler/target/local-repo/com/squareup/dagger/dagger/1.2.3-SNAPSHOT/dagger-1.2.3-SNAPSHOT.pom
[INFO] Installing /home/travis/build/square/dagger/core/target/dagger-1.2.3-SNAPSHOT.jar to /home/travis/build/square/dagger/compiler/target/local-repo/com/squareup/dagger/dagger/1.2.3-SNAPSHOT/dagger-1.2.3-SNAPSHOT.jar
[INFO] Installing /home/travis/build/square/dagger/core/target/dagger-1.2.3-SNAPSHOT-tests.jar to /home/travis/build/square/dagger/compiler/target/local-repo/com/squareup/dagger/dagger/1.2.3-SNAPSHOT/dagger-1.2.3-SNAPSHOT-tests.jar
[INFO] Installing /home/travis/build/square/dagger/pom.xml to /home/travis/build/square/dagger/compiler/target/local-repo/com/squareup/dagger/dagger-parent/1.2.3-SNAPSHOT/dagger-parent-1.2.3-SNAPSHOT.pom
[INFO] Installing /home/travis/build/square/dagger/compiler/pom.xml to /home/travis/build/square/dagger/compiler/target/local-repo/com/squareup/dagger/dagger-compiler/1.2.3-SNAPSHOT/dagger-compiler-1.2.3-SNAPSHOT.pom
[INFO] Installing /home/travis/build/square/dagger/compiler/target/dagger-compiler-1.2.3-SNAPSHOT.jar to /home/travis/build/square/dagger/compiler/target/local-repo/com/squareup/dagger/dagger-compiler/1.2.3-SNAPSHOT/dagger-compiler-1.2.3-SNAPSHOT.jar
[INFO] Installing /home/travis/build/square/dagger/compiler/target/dagger-compiler-1.2.3-SNAPSHOT-jar-with-dependencies.jar to /home/travis/build/square/dagger/compiler/target/local-repo/com/squareup/dagger/dagger-compiler/1.2.3-SNAPSHOT/dagger-compiler-1.2.3-SNAPSHOT-jar-with-dependencies.jar
[INFO] 
[INFO] --- maven-invoker-plugin:1.7:run (integration-test) @ dagger-compiler ---
[INFO] Building: default-package-injected-type/pom.xml
[INFO] ..SUCCESS (11.6 s)
[INFO] Building: extension-graph-setvalues/pom.xml
[INFO] ..SUCCESS (6.9 s)
[INFO] Building: extension-graph/pom.xml
[INFO] ..SUCCESS (6.8 s)
[INFO] Building: final-field-inject/pom.xml
[INFO] run script verify.bsh
[INFO] ..SUCCESS (6.0 s)
[INFO] Building: include-non-module/pom.xml
[INFO] ..SUCCESS (6.2 s)
[INFO] Building: inject-on-class/pom.xml
[INFO] run script verify.bsh
[INFO] ..SUCCESS (6.1 s)
[INFO] Building: inject-parameterized-type/pom.xml
[INFO] ..SUCCESS (6.9 s)
[INFO] Building: inner-classes-complaint-injection/pom.xml
[INFO] run script verify.bsh
[INFO] ..SUCCESS (6.1 s)
[INFO] Building: method-injection/pom.xml
[INFO] run script verify.bsh
[INFO] ..SUCCESS (6.2 s)
[INFO] Building: missing-at-inject-constructor/pom.xml
[INFO] run script verify.bsh
[INFO] ..SUCCESS (6.4 s)
[INFO] Building: module-type-validation/pom.xml
[INFO] run script verify.bsh
[INFO] ..SUCCESS (6.3 s)
[INFO] Building: multiple-modules-setvalues/pom.xml
[INFO] ..SUCCESS (7.1 s)
[INFO] Building: multiple-provides-methods/pom.xml
[INFO] run script verify.bsh
[INFO] ..SUCCESS (7.2 s)
[INFO] Building: multiple-qualifiers/pom.xml
[INFO] run script verify.bsh
[INFO] ..SUCCESS (6.4 s)
[INFO] Building: private-inject/pom.xml
[INFO] run script verify.bsh
[INFO] ..SUCCESS (6.1 s)
[INFO] Building: provide-provider-or-lazy/pom.xml
[INFO] run script verify.bsh
[INFO] ..SUCCESS (6.0 s)
[INFO] Building: provides-method-not-in-module/pom.xml
[INFO] run script verify.bsh
[INFO] ..SUCCESS (6.0 s)
[INFO] Building: provides-method-with-throws-clause/pom.xml
[INFO] run script verify.bsh
[INFO] ..SUCCESS (6.2 s)
[INFO] Building: qualifiers-on-invalid-elements-errors/pom.xml
[INFO] run script verify.bsh
[INFO] ..SUCCESS (6.4 s)
[INFO] Building: qualifiers-on-invalid-elements-warnings/pom.xml
[INFO] run script verify.bsh
[INFO] ..SUCCESS (6.7 s)
[INFO] Building: same-provides-method-name/pom.xml
[INFO] ..SUCCESS (6.7 s)
[INFO] Building: uninjectable-supertype/pom.xml
[INFO] ..SUCCESS (6.7 s)
[INFO] Building: valid-use-of-qualifiers/pom.xml
[INFO] ..SUCCESS (7.0 s)
[INFO] -------------------------------------------------
[INFO] Build Summary:
[INFO]   Passed: 23, Failed: 0, Errors: 0, Skipped: 0
[INFO] -------------------------------------------------
[INFO]                                                                         
[INFO] ------------------------------------------------------------------------
[INFO] Building Examples 1.2.3-SNAPSHOT
[INFO] ------------------------------------------------------------------------
[INFO] 
[INFO] --- maven-enforcer-plugin:1.0:enforce (enforce-maven) @ dagger-example-parent ---
[INFO] 
[INFO] --- maven-checkstyle-plugin:2.10:checkstyle (default) @ dagger-example-parent ---
[INFO]                                                                         
[INFO] ------------------------------------------------------------------------
[INFO] Building Examples: Simple 1.2.3-SNAPSHOT
[INFO] ------------------------------------------------------------------------
[INFO] 
[INFO] --- maven-enforcer-plugin:1.0:enforce (enforce-maven) @ simple ---
[INFO] 
[INFO] --- maven-resources-plugin:2.6:resources (default-resources) @ simple ---
[INFO] Using 'UTF-8' encoding to copy filtered resources.
[INFO] skip non existing resourceDirectory /home/travis/build/square/dagger/examples/simple/src/main/resources
[INFO] 
[INFO] --- maven-compiler-plugin:3.1:compile (default-compile) @ simple ---
[INFO] Changes detected - recompiling the module!
[INFO] Compiling 8 source files to /home/travis/build/square/dagger/examples/simple/target/classes
[WARNING] bootstrap class path not set in conjunction with -source 1.6
[WARNING] No processor claimed any of these annotations: dagger.Provides,javax.inject.Inject,javax.inject.Singleton,dagger.Module
[INFO] 
[INFO] --- maven-checkstyle-plugin:2.10:checkstyle (default) @ simple ---
[INFO] Starting audit...
Audit done.

[WARNING] Unable to locate Source XRef to link to - DISABLED
[INFO] 
[INFO] --- maven-resources-plugin:2.6:testResources (default-testResources) @ simple ---
[INFO] Using 'UTF-8' encoding to copy filtered resources.
[INFO] skip non existing resourceDirectory /home/travis/build/square/dagger/examples/simple/src/test/resources
[INFO] 
[INFO] --- maven-compiler-plugin:3.1:testCompile (default-testCompile) @ simple ---
[INFO] Changes detected - recompiling the module!
[INFO] Compiling 1 source file to /home/travis/build/square/dagger/examples/simple/target/test-classes
[WARNING] bootstrap class path not set in conjunction with -source 1.6
[WARNING] No processor claimed any of these annotations: dagger.Provides,javax.inject.Inject,org.junit.Test,org.junit.Before,javax.inject.Singleton,dagger.Module
[INFO] 
[INFO] --- maven-surefire-plugin:2.12.4:test (default-test) @ simple ---
[INFO] Surefire report directory: /home/travis/build/square/dagger/examples/simple/target/surefire-reports

-------------------------------------------------------
 T E S T S
-------------------------------------------------------
Running coffee.CoffeeMakerTest
=> => pumping => =>
 [_]P coffee! [_]P 
Tests run: 1, Failures: 0, Errors: 0, Skipped: 0, Time elapsed: 0.267 sec

Results :

Tests run: 1, Failures: 0, Errors: 0, Skipped: 0

[INFO] 
[INFO] --- maven-jar-plugin:2.4:jar (default-jar) @ simple ---
[INFO] Building jar: /home/travis/build/square/dagger/examples/simple/target/simple-1.2.3-SNAPSHOT.jar
[INFO]                                                                         
[INFO] ------------------------------------------------------------------------
[INFO] Building Examples: Android - Simple 1.2.3-SNAPSHOT
[INFO] ------------------------------------------------------------------------
[INFO] 
[INFO] --- maven-enforcer-plugin:1.0:enforce (enforce-maven) @ android-simple ---
[INFO] 
[INFO] --- android-maven-plugin:4.1.1:generate-sources (default-generate-sources) @ android-simple ---
[INFO] Manifest copied from /home/travis/build/square/dagger/examples/android-simple/src/main/AndroidManifest.xml to /home/travis/build/square/dagger/examples/android-simple/target/AndroidManifest.xml
[INFO] Extracting libs
[INFO] Generating R file for com.squareup.dagger.example:android-simple:apk:1.2.3-SNAPSHOT
[INFO] Adding R gen folder to compile classpath: /home/travis/build/square/dagger/examples/android-simple/target/generated-sources/r
[INFO] Adding AIDL gen folder to compile classpath: /home/travis/build/square/dagger/examples/android-simple/target/generated-sources/aidl
[INFO] 
[INFO] --- maven-resources-plugin:2.7:resources (default-resources) @ android-simple ---
[INFO] Using 'UTF-8' encoding to copy filtered resources.
[INFO] skip non existing resourceDirectory /home/travis/build/square/dagger/examples/android-simple/src/main/resources
[INFO] 
[INFO] --- maven-compiler-plugin:3.1:compile (default-compile) @ android-simple ---
[INFO] Changes detected - recompiling the module!
[INFO] Compiling 8 source files to /home/travis/build/square/dagger/examples/android-simple/target/classes
[WARNING] bootstrap class path not set in conjunction with -source 1.6
[WARNING] No processor claimed any of these annotations: javax.inject.Qualifier,dagger.Module,dagger.Provides,javax.inject.Inject,javax.inject.Singleton,com.example.dagger.simple.ForApplication
[INFO] 
[INFO] --- maven-checkstyle-plugin:2.10:checkstyle (default) @ android-simple ---
[INFO] Starting audit...
Audit done.

[WARNING] Unable to locate Source XRef to link to - DISABLED
[INFO] 
[INFO] --- android-maven-plugin:4.1.1:emma (default-emma) @ android-simple ---
[INFO] 
[INFO] --- android-maven-plugin:4.1.1:proguard (default-proguard) @ android-simple ---
[INFO] 
[INFO] --- maven-resources-plugin:2.7:testResources (default-testResources) @ android-simple ---
[INFO] Using 'UTF-8' encoding to copy filtered resources.
[INFO] skip non existing resourceDirectory /home/travis/build/square/dagger/examples/android-simple/src/test/resources
[INFO] 
[INFO] --- maven-compiler-plugin:3.1:testCompile (default-testCompile) @ android-simple ---
[INFO] No sources to compile
[INFO] 
[INFO] --- maven-surefire-plugin:2.19:test (default-test) @ android-simple ---
[INFO] No tests to run.
[INFO] 
[INFO] --- android-maven-plugin:4.1.1:dex (default-dex) @ android-simple ---
[INFO] Convert classes to Dex : /home/travis/build/square/dagger/examples/android-simple/target/classes.dex
[INFO] 
[INFO] --- maven-jar-plugin:2.6:jar (default-jar) @ android-simple ---
[INFO] Building jar: /home/travis/build/square/dagger/examples/android-simple/target/android-simple-1.2.3-SNAPSHOT.jar
[INFO] 
[INFO] --- android-maven-plugin:4.1.1:apk (default-apk) @ android-simple ---
[INFO] Generating debug apk.
[INFO] Adding native libraries : []
[INFO] 
[INFO] --- android-maven-plugin:4.1.1:internal-pre-integration-test (default-internal-pre-integration-test) @ android-simple ---
[INFO] No InstrumentationRunner found - skipping tests
[INFO] 
[INFO] --- android-maven-plugin:4.1.1:internal-integration-test (default-internal-integration-test) @ android-simple ---
[INFO] No InstrumentationRunner found - skipping tests
[INFO]                                                                         
[INFO] ------------------------------------------------------------------------
[INFO] Building Examples: Android - Activity Graphs 1.2.3-SNAPSHOT
[INFO] ------------------------------------------------------------------------
[INFO] 
[INFO] --- maven-enforcer-plugin:1.0:enforce (enforce-maven) @ android-activity-graphs ---
[INFO] 
[INFO] --- android-maven-plugin:4.1.1:generate-sources (default-generate-sources) @ android-activity-graphs ---
[INFO] Manifest copied from /home/travis/build/square/dagger/examples/android-activity-graphs/src/main/AndroidManifest.xml to /home/travis/build/square/dagger/examples/android-activity-graphs/target/AndroidManifest.xml
[INFO] Extracting libs
[INFO] Generating R file for com.squareup.dagger.example:android-activity-graphs:apk:1.2.3-SNAPSHOT
[INFO] Adding R gen folder to compile classpath: /home/travis/build/square/dagger/examples/android-activity-graphs/target/generated-sources/r
[INFO] Adding AIDL gen folder to compile classpath: /home/travis/build/square/dagger/examples/android-activity-graphs/target/generated-sources/aidl
[INFO] 
[INFO] --- maven-resources-plugin:2.7:resources (default-resources) @ android-activity-graphs ---
[INFO] Using 'UTF-8' encoding to copy filtered resources.
[INFO] skip non existing resourceDirectory /home/travis/build/square/dagger/examples/android-activity-graphs/src/main/resources
[INFO] 
[INFO] --- maven-compiler-plugin:3.1:compile (default-compile) @ android-activity-graphs ---
[INFO] Changes detected - recompiling the module!
[INFO] Compiling 12 source files to /home/travis/build/square/dagger/examples/android-activity-graphs/target/classes
[WARNING] bootstrap class path not set in conjunction with -source 1.6
[WARNING] No processor claimed any of these annotations: com.example.dagger.activitygraphs.ForApplication,javax.inject.Qualifier,dagger.Module,dagger.Provides,com.example.dagger.activitygraphs.ForActivity,javax.inject.Inject,javax.inject.Singleton
[INFO] 
[INFO] --- maven-checkstyle-plugin:2.10:checkstyle (default) @ android-activity-graphs ---
[INFO] Starting audit...
Audit done.

[WARNING] Unable to locate Source XRef to link to - DISABLED
[INFO] 
[INFO] --- android-maven-plugin:4.1.1:emma (default-emma) @ android-activity-graphs ---
[INFO] 
[INFO] --- android-maven-plugin:4.1.1:proguard (default-proguard) @ android-activity-graphs ---
[INFO] 
[INFO] --- maven-resources-plugin:2.7:testResources (default-testResources) @ android-activity-graphs ---
[INFO] Using 'UTF-8' encoding to copy filtered resources.
[INFO] skip non existing resourceDirectory /home/travis/build/square/dagger/examples/android-activity-graphs/src/test/resources
[INFO] 
[INFO] --- maven-compiler-plugin:3.1:testCompile (default-testCompile) @ android-activity-graphs ---
[INFO] No sources to compile
[INFO] 
[INFO] --- maven-surefire-plugin:2.19:test (default-test) @ android-activity-graphs ---
[INFO] No tests to run.
[INFO] 
[INFO] --- android-maven-plugin:4.1.1:dex (default-dex) @ android-activity-graphs ---
[INFO] Convert classes to Dex : /home/travis/build/square/dagger/examples/android-activity-graphs/target/classes.dex
[INFO] 
[INFO] --- maven-jar-plugin:2.6:jar (default-jar) @ android-activity-graphs ---
[INFO] Building jar: /home/travis/build/square/dagger/examples/android-activity-graphs/target/android-activity-graphs-1.2.3-SNAPSHOT.jar
[INFO] 
[INFO] --- android-maven-plugin:4.1.1:apk (default-apk) @ android-activity-graphs ---
[INFO] Generating debug apk.
[INFO] Adding native libraries : []
[INFO] 
[INFO] --- android-maven-plugin:4.1.1:internal-pre-integration-test (default-internal-pre-integration-test) @ android-activity-graphs ---
[INFO] No InstrumentationRunner found - skipping tests
[INFO] 
[INFO] --- android-maven-plugin:4.1.1:internal-integration-test (default-internal-integration-test) @ android-activity-graphs ---
[INFO] No InstrumentationRunner found - skipping tests
[INFO] ------------------------------------------------------------------------
[INFO] Reactor Summary:
[INFO] 
[INFO] Dagger (Parent) .................................... SUCCESS [  1.111 s]
[INFO] Dagger ............................................. SUCCESS [  8.957 s]
[INFO] Dagger Compiler .................................... SUCCESS [02:45 min]
[INFO] Examples ........................................... SUCCESS [  0.010 s]
[INFO] Examples: Simple ................................... SUCCESS [  1.314 s]
[INFO] Examples: Android - Simple ......................... SUCCESS [ 16.181 s]
[INFO] Examples: Android - Activity Graphs ................ SUCCESS [ 14.631 s]
[INFO] ------------------------------------------------------------------------
[INFO] BUILD SUCCESS
[INFO] ------------------------------------------------------------------------
[INFO] Total time: 03:31 min
[INFO] Finished at: 2015-12-26T02:40:40+00:00
[INFO] Final Memory: 54M/448M
[INFO] ------------------------------------------------------------------------
travis_time:end:1148d9f0:start=1451097427066108013,finish=1451097641079271367,duration=214013163354[0K
[32;1mThe command "mvn verify" exited with 0.[0m
travis_fold:start:cache.2[0Kstore build cache
travis_time:start:000a61bf[0Ktravis_time:end:000a61bf:start=1451097641085005460,finish=1451097641089215220,duration=4209760[0Ktravis_time:start:0684b6c9[0K[32;1mchange detected:
/home/travis/.m2/repository/com/squareup/dagger/dagger/1.2.3-SNAPSHOT/dagger-1.2.3-SNAPSHOT.jar
/home/travis/.m2/repository/com/squareup/dagger/dagger/1.2.3-SNAPSHOT/dagger-1.2.3-SNAPSHOT-tests.jar
/home/travis/.m2/repository/com/squareup/dagger/dagger/1.2.3-SNAPSHOT/maven-metadata-local.xml
/home/travis/.m2/repository/com/squareup/dagger/dagger/1.2.3-SNAPSHOT/_remote.repositories
/home/travis/.m2/repository/com/squareup/dagger/dagger/1.2.3-SNAPSHOT/resolver-status.properties
/home/travis/.m2/repository/com/squareup/dagger/dagger-compiler/1.2.3-SNAPSHOT/dagger-compiler-1.2.3-SNAPSHOT.jar
/home/travis/.m2/repository/com/squareup/dagger/dagger-compiler/1.2.3-SNAPSHOT/dagger-compiler-1.2.3-SNAPSHOT-jar-with-dependencies.jar
/home/travis/.m2/repository/com/squareup/dagger/dagger-compiler/1.2.3-SNAPSHOT/maven-metadata-local.xml
/home/travis/.m2/repository/com/squareup/dagger/dagger-compiler/1.2.3-SNAPSHOT/_remote.repositories
/home/travis/.m2/repository/com/squareup/dagger/dagger-compiler/1.
[0m
[32;1m...
[0m
[32;1mchanges detected, packing new archive[0m
[32;1muploading archive[0m
travis_time:end:0684b6c9:start=1451097641094202310,finish=1451097647424380393,duration=6330178083[0Ktravis_fold:end:cache.2[0Ktravis_fold:start:after_success[0Ktravis_time:start:28db55e5[0K$ .buildscript/deploy_snapshot.sh
Deploying snapshot...
[INFO] Scanning for projects...
[WARNING] 
[WARNING] Some problems were encountered while building the effective model for com.squareup.dagger:dagger:jar:1.2.3-SNAPSHOT
[WARNING] 'build.plugins.plugin.version' for org.apache.maven.plugins:maven-javadoc-plugin is missing. @ com.squareup.dagger:dagger:[unknown-version], /home/travis/build/square/dagger/core/pom.xml, line 68, column 15
[WARNING] 'build.plugins.plugin.version' for org.apache.maven.plugins:maven-jar-plugin is missing. @ com.squareup.dagger:dagger:[unknown-version], /home/travis/build/square/dagger/core/pom.xml, line 74, column 15
[WARNING] 
[WARNING] It is highly recommended to fix these problems because they threaten the stability of your build.
[WARNING] 
[WARNING] For this reason, future Maven versions might no longer support building such malformed projects.
[WARNING] 
[INFO] ------------------------------------------------------------------------
[INFO] Reactor Build Order:
[INFO] 
[INFO] Dagger (Parent)
[INFO] Dagger
[INFO] Dagger Compiler
[INFO] Examples
[INFO] Examples: Simple
[INFO] Examples: Android - Simple
[INFO] Examples: Android - Activity Graphs
Downloading: https://repo.maven.apache.org/maven2/org/apache/maven/plugins/maven-release-plugin/2.4.2/maven-release-plugin-2.4.2.pom
4/12 KB   8/12 KB   12/12 KB              Downloaded: https://repo.maven.apache.org/maven2/org/apache/maven/plugins/maven-release-plugin/2.4.2/maven-release-plugin-2.4.2.pom (12 KB at 20.5 KB/sec)
Downloading: https://repo.maven.apache.org/maven2/org/apache/maven/release/maven-release/2.4.2/maven-release-2.4.2.pom
4/5 KB     5/5 KB            Downloaded: https://repo.maven.apache.org/maven2/org/apache/maven/release/maven-release/2.4.2/maven-release-2.4.2.pom (5 KB at 117.2 KB/sec)
Downloading: https://repo.maven.apache.org/maven2/org/apache/maven/plugins/maven-release-plugin/2.4.2/maven-release-plugin-2.4.2.jar
4/50 KB   8/50 KB   12/50 KB   16/50 KB   20/50 KB   24/50 KB   28/50 KB   32/50 KB   36/50 KB   38/50 KB   42/50 KB   46/50 KB   50/50 KB              Downloaded: https://repo.maven.apache.org/maven2/org/apache/maven/plugins/maven-release-plugin/2.4.2/maven-release-plugin-2.4.2.jar (50 KB at 705.7 KB/sec)
Downloading: https://repo.maven.apache.org/maven2/org/apache/maven/plugins/maven-deploy-plugin/2.7/maven-deploy-plugin-2.7.pom
4/6 KB     6/6 KB            Downloaded: https://repo.maven.apache.org/maven2/org/apache/maven/plugins/maven-deploy-plugin/2.7/maven-deploy-plugin-2.7.pom (6 KB at 133.7 KB/sec)
Downloading: https://repo.maven.apache.org/maven2/org/apache/maven/plugins/maven-deploy-plugin/2.7/maven-deploy-plugin-2.7.jar
4/27 KB   8/27 KB   9/27 KB   13/27 KB   17/27 KB   21/27 KB   25/27 KB   27/27 KB              Downloaded: https://repo.maven.apache.org/maven2/org/apache/maven/plugins/maven-deploy-plugin/2.7/maven-deploy-plugin-2.7.jar (27 KB at 545.9 KB/sec)
Downloading: https://repo.maven.apache.org/maven2/org/apache/maven/plugins/maven-site-plugin/3.3/maven-site-plugin-3.3.pom
2/21 KB    6/21 KB   10/21 KB   14/21 KB   18/21 KB   21/21 KB              Downloaded: https://repo.maven.apache.org/maven2/org/apache/maven/plugins/maven-site-plugin/3.3/maven-site-plugin-3.3.pom (21 KB at 483.9 KB/sec)
Downloading: https://repo.maven.apache.org/maven2/org/apache/maven/plugins/maven-site-plugin/3.3/maven-site-plugin-3.3.jar
4/122 KB   8/122 KB   12/122 KB   16/122 KB   20/122 KB   24/122 KB   28/122 KB   32/122 KB   36/122 KB   40/122 KB   44/122 KB   48/122 KB   52/122 KB   56/122 KB   60/122 KB   64/122 KB   68/122 KB   72/122 KB   76/122 KB   80/122 KB   84/122 KB   88/122 KB   92/122 KB   96/122 KB   100/122 KB   104/122 KB   108/122 KB   112/122 KB   116/122 KB   120/122 KB   122/122 KB                Downloaded: https://repo.maven.apache.org/maven2/org/apache/maven/plugins/maven-site-plugin/3.3/maven-site-plugin-3.3.jar (122 KB at 1226.7 KB/sec)
Downloading: https://repo.maven.apache.org/maven2/org/apache/maven/plugins/maven-antrun-plugin/1.3/maven-antrun-plugin-1.3.pom
2/5 KB       5/5 KB            Downloaded: https://repo.maven.apache.org/maven2/org/apache/maven/plugins/maven-antrun-plugin/1.3/maven-antrun-plugin-1.3.pom (5 KB at 90.6 KB/sec)
Downloading: https://repo.maven.apache.org/maven2/org/apache/maven/plugins/maven-plugins/12/maven-plugins-12.pom
3/12 KB   7/12 KB   11/12 KB   12/12 KB              Downloaded: https://repo.maven.apache.org/maven2/org/apache/maven/plugins/maven-plugins/12/maven-plugins-12.pom (12 KB at 266.8 KB/sec)
Downloading: https://repo.maven.apache.org/maven2/org/apache/maven/plugins/maven-antrun-plugin/1.3/maven-antrun-plugin-1.3.jar
4/24 KB    8/24 KB   12/24 KB   16/24 KB   20/24 KB   24/24 KB              Downloaded: https://repo.maven.apache.org/maven2/org/apache/maven/plugins/maven-antrun-plugin/1.3/maven-antrun-plugin-1.3.jar (24 KB at 561.5 KB/sec)
Downloading: https://repo.maven.apache.org/maven2/org/apache/maven/plugins/maven-dependency-plugin/2.8/maven-dependency-plugin-2.8.pom
4/12 KB    8/12 KB   12/12 KB              Downloaded: https://repo.maven.apache.org/maven2/org/apache/maven/plugins/maven-dependency-plugin/2.8/maven-dependency-plugin-2.8.pom (12 KB at 151.2 KB/sec)
Downloading: https://repo.maven.apache.org/maven2/org/apache/maven/plugins/maven-dependency-plugin/2.8/maven-dependency-plugin-2.8.jar
4/150 KB   8/150 KB   12/150 KB   16/150 KB   20/150 KB   24/150 KB   28/150 KB   32/150 KB   36/150 KB   40/150 KB   44/150 KB   45/150 KB   49/150 KB   53/150 KB   57/150 KB   61/150 KB   65/150 KB   69/150 KB   73/150 KB   77/150 KB   81/150 KB   85/150 KB   89/150 KB   93/150 KB   97/150 KB   101/150 KB   105/150 KB   109/150 KB   113/150 KB   117/150 KB   121/150 KB   125/150 KB   129/150 KB   133/150 KB   137/150 KB   141/150 KB   145/150 KB   149/150 KB   150/150 KB                Downloaded: https://repo.maven.apache.org/maven2/org/apache/maven/plugins/maven-dependency-plugin/2.8/maven-dependency-plugin-2.8.jar (150 KB at 1968.4 KB/sec)
Downloading: https://repo.maven.apache.org/maven2/org/apache/maven/plugins/maven-release-plugin/2.1/maven-release-plugin-2.1.pom
4/9 KB       8/9 KB   9/9 KB            Downloaded: https://repo.maven.apache.org/maven2/org/apache/maven/plugins/maven-release-plugin/2.1/maven-release-plugin-2.1.pom (9 KB at 182.5 KB/sec)
Downloading: https://repo.maven.apache.org/maven2/org/apache/maven/release/maven-release/2.1/maven-release-2.1.pom
4/7 KB   7/7 KB            Downloaded: https://repo.maven.apache.org/maven2/org/apache/maven/release/maven-release/2.1/maven-release-2.1.pom (7 KB at 123.3 KB/sec)
Downloading: https://repo.maven.apache.org/maven2/org/apache/maven/plugins/maven-release-plugin/2.1/maven-release-plugin-2.1.jar
4/40 KB   8/40 KB   12/40 KB   16/40 KB   20/40 KB   24/40 KB   28/40 KB   32/40 KB   36/40 KB   40/40 KB              Downloaded: https://repo.maven.apache.org/maven2/org/apache/maven/plugins/maven-release-plugin/2.1/maven-release-plugin-2.1.jar (40 KB at 688.1 KB/sec)
Downloading: https://repo.maven.apache.org/maven2/org/apache/maven/plugins/maven-metadata.xml
Downloading: https://repo.maven.apache.org/maven2/org/codehaus/mojo/maven-metadata.xml
4/13 KB    8/13 KB   12/13 KB   13/13 KB              Downloaded: https://repo.maven.apache.org/maven2/org/apache/maven/plugins/maven-metadata.xml (13 KB at 203.6 KB/sec)
4/20 KB    5/20 KB   9/20 KB   13/20 KB   17/20 KB   20/20 KB              Downloaded: https://repo.maven.apache.org/maven2/org/codehaus/mojo/maven-metadata.xml (20 KB at 208.2 KB/sec)
Downloading: https://repo.maven.apache.org/maven2/org/apache/maven/plugins/maven-source-plugin/maven-metadata.xml
746/746 B               Downloaded: https://repo.maven.apache.org/maven2/org/apache/maven/plugins/maven-source-plugin/maven-metadata.xml (746 B at 20.2 KB/sec)
Downloading: https://repo.maven.apache.org/maven2/org/apache/maven/plugins/maven-source-plugin/2.4/maven-source-plugin-2.4.pom
4/7 KB      7/7 KB            Downloaded: https://repo.maven.apache.org/maven2/org/apache/maven/plugins/maven-source-plugin/2.4/maven-source-plugin-2.4.pom (7 KB at 185.4 KB/sec)
Downloading: https://repo.maven.apache.org/maven2/org/apache/maven/plugins/maven-source-plugin/2.4/maven-source-plugin-2.4.jar
4/31 KB   8/31 KB   12/31 KB   16/31 KB   20/31 KB   24/31 KB   28/31 KB   31/31 KB              Downloaded: https://repo.maven.apache.org/maven2/org/apache/maven/plugins/maven-source-plugin/2.4/maven-source-plugin-2.4.jar (31 KB at 601.7 KB/sec)
[INFO]                                                                         
[INFO] ------------------------------------------------------------------------
[INFO] Building Dagger (Parent) 1.2.3-SNAPSHOT
[INFO] ------------------------------------------------------------------------
[INFO] 
[INFO] --- maven-clean-plugin:2.5:clean (default-clean) @ dagger-parent ---
[INFO] 
[INFO] >>> maven-source-plugin:2.4:jar (default-cli) > generate-sources @ dagger-parent >>>
[INFO] 
[INFO] --- maven-enforcer-plugin:1.0:enforce (enforce-maven) @ dagger-parent ---
[INFO] 
[INFO] <<< maven-source-plugin:2.4:jar (default-cli) < generate-sources @ dagger-parent <<<
[INFO] 
[INFO] --- maven-source-plugin:2.4:jar (default-cli) @ dagger-parent ---
Downloading: https://repo.maven.apache.org/maven2/org/codehaus/plexus/plexus-archiver/2.6.3/plexus-archiver-2.6.3.pom
4/4 KB              Downloaded: https://repo.maven.apache.org/maven2/org/codehaus/plexus/plexus-archiver/2.6.3/plexus-archiver-2.6.3.pom (4 KB at 96.7 KB/sec)
Downloading: https://repo.maven.apache.org/maven2/org/codehaus/plexus/plexus-utils/3.0.18/plexus-utils-3.0.18.pom
4/4 KB            Downloaded: https://repo.maven.apache.org/maven2/org/codehaus/plexus/plexus-utils/3.0.18/plexus-utils-3.0.18.pom (4 KB at 77.1 KB/sec)
Downloading: https://repo.maven.apache.org/maven2/org/codehaus/plexus/plexus-io/2.1.3/plexus-io-2.1.3.pom
3/3 KB            Downloaded: https://repo.maven.apache.org/maven2/org/codehaus/plexus/plexus-io/2.1.3/plexus-io-2.1.3.pom (3 KB at 43.8 KB/sec)
Downloading: https://repo.maven.apache.org/maven2/org/codehaus/plexus/plexus-archiver/2.6.3/plexus-archiver-2.6.3.jar
Downloading: https://repo.maven.apache.org/maven2/org/codehaus/plexus/plexus-io/2.1.3/plexus-io-2.1.3.jar
Downloading: https://repo.maven.apache.org/maven2/org/codehaus/plexus/plexus-utils/3.0.18/plexus-utils-3.0.18.jar
4/65 KB   8/65 KB   8/65 KB   4/129 KB   12/65 KB   4/129 KB   12/65 KB   8/129 KB   12/65 KB   12/129 KB   16/65 KB   12/129 KB   16/65 KB   16/129 KB   16/65 KB   20/129 KB   16/65 KB   24/129 KB   16/65 KB   28/129 KB   16/65 KB   32/129 KB   20/65 KB   36/129 KB   20/65 KB   32/129 KB   24/65 KB   36/129 KB   28/65 KB   36/129 KB   32/65 KB   36/129 KB   36/65 KB   36/129 KB   40/65 KB   36/129 KB   44/65 KB   36/129 KB   48/65 KB   36/129 KB   52/65 KB   36/129 KB   56/65 KB   40/129 KB   60/65 KB   40/129 KB   62/65 KB   40/129 KB   64/65 KB   40/129 KB   65/65 KB   40/129 KB   52/65 KB   40/129 KB   65/65 KB   44/129 KB   65/65 KB   48/129 KB   65/65 KB   52/129 KB   65/65 KB   56/129 KB   65/65 KB   60/129 KB   65/65 KB   64/129 KB   65/65 KB   68/129 KB   65/65 KB   72/129 KB   65/65 KB   76/129 KB   65/65 KB   80/129 KB   65/65 KB   84/129 KB   65/65 KB   88/129 KB   65/65 KB   92/129 KB   65/65 KB   96/129 KB   65/65 KB   100/129 KB   65/65 KB   104/129 KB   65/65 KB   108/129 KB   65/65 KB   112/129 KB   65/65 KB   116/129 KB   65/65 KB   120/129 KB   65/65 KB   124/129 KB   65/65 KB   128/129 KB   65/65 KB   129/129 KB                           Downloaded: https://repo.maven.apache.org/maven2/org/codehaus/plexus/plexus-io/2.1.3/plexus-io-2.1.3.jar (65 KB at 1030.0 KB/sec)
                        Downloaded: https://repo.maven.apache.org/maven2/org/codehaus/plexus/plexus-archiver/2.6.3/plexus-archiver-2.6.3.jar (129 KB at 1583.6 KB/sec)
4/238 KB                8/238 KB   12/238 KB   16/238 KB   20/238 KB   24/238 KB   28/238 KB   32/238 KB   36/238 KB   40/238 KB   44/238 KB   48/238 KB   52/238 KB   56/238 KB   60/238 KB   64/238 KB   64/238 KB   68/238 KB   72/238 KB   76/238 KB   80/238 KB   84/238 KB   88/238 KB   92/238 KB   96/238 KB   100/238 KB   104/238 KB   108/238 KB   112/238 KB   116/238 KB   120/238 KB   124/238 KB   128/238 KB   132/238 KB   136/238 KB   140/238 KB   144/238 KB   148/238 KB   152/238 KB   156/238 KB   160/238 KB   164/238 KB   168/238 KB   172/238 KB   176/238 KB   180/238 KB   184/238 KB   188/238 KB   192/238 KB   196/238 KB   200/238 KB   204/238 KB   208/238 KB   212/238 KB   216/238 KB   220/238 KB   224/238 KB   228/238 KB   232/238 KB   236/238 KB   238/238 KB                Downloaded: https://repo.maven.apache.org/maven2/org/codehaus/plexus/plexus-utils/3.0.18/plexus-utils-3.0.18.jar (238 KB at 1625.4 KB/sec)
[INFO] 
[INFO] --- maven-javadoc-plugin:2.10.3:jar (default-cli) @ dagger-parent ---
Downloading: https://repo.maven.apache.org/maven2/org/apache/maven/shared/maven-invoker/2.0.9/maven-invoker-2.0.9.pom
2/6 KB       6/6 KB            Downloaded: https://repo.maven.apache.org/maven2/org/apache/maven/shared/maven-invoker/2.0.9/maven-invoker-2.0.9.pom (6 KB at 106.4 KB/sec)
Downloading: https://repo.maven.apache.org/maven2/org/apache/maven/maven-plugin-api/2.0.8/maven-plugin-api-2.0.8.pom
2/2 KB            Downloaded: https://repo.maven.apache.org/maven2/org/apache/maven/maven-plugin-api/2.0.8/maven-plugin-api-2.0.8.pom (2 KB at 38.4 KB/sec)
Downloading: https://repo.maven.apache.org/maven2/org/apache/maven/doxia/doxia-sink-api/1.4/doxia-sink-api-1.4.pom
2/2 KB            Downloaded: https://repo.maven.apache.org/maven2/org/apache/maven/doxia/doxia-sink-api/1.4/doxia-sink-api-1.4.pom (2 KB at 40.4 KB/sec)
Downloading: https://repo.maven.apache.org/maven2/org/apache/maven/doxia/doxia/1.4/doxia-1.4.pom
2/18 KB   6/18 KB   10/18 KB   14/18 KB   18/18 KB   18/18 KB              Downloaded: https://repo.maven.apache.org/maven2/org/apache/maven/doxia/doxia/1.4/doxia-1.4.pom (18 KB at 487.0 KB/sec)
Downloading: https://repo.maven.apache.org/maven2/org/apache/maven/doxia/doxia-logging-api/1.4/doxia-logging-api-1.4.pom
2/2 KB              Downloaded: https://repo.maven.apache.org/maven2/org/apache/maven/doxia/doxia-logging-api/1.4/doxia-logging-api-1.4.pom (2 KB at 36.6 KB/sec)
Downloading: https://repo.maven.apache.org/maven2/org/apache/maven/doxia/doxia-site-renderer/1.4/doxia-site-renderer-1.4.pom
3/6 KB   6/6 KB            Downloaded: https://repo.maven.apache.org/maven2/org/apache/maven/doxia/doxia-site-renderer/1.4/doxia-site-renderer-1.4.pom (6 KB at 161.3 KB/sec)
Downloading: https://repo.maven.apache.org/maven2/org/apache/maven/doxia/doxia-sitetools/1.4/doxia-sitetools-1.4.pom
4/17 KB   8/17 KB   12/17 KB   16/17 KB   17/17 KB              Downloaded: https://repo.maven.apache.org/maven2/org/apache/maven/doxia/doxia-sitetools/1.4/doxia-sitetools-1.4.pom (17 KB at 453.0 KB/sec)
Downloading: https://repo.maven.apache.org/maven2/org/apache/maven/doxia/doxia-core/1.4/doxia-core-1.4.pom
4/4 KB              Downloaded: https://repo.maven.apache.org/maven2/org/apache/maven/doxia/doxia-core/1.4/doxia-core-1.4.pom (4 KB at 110.3 KB/sec)
Downloading: https://repo.maven.apache.org/maven2/org/codehaus/plexus/plexus-utils/3.0.10/plexus-utils-3.0.10.pom
4/4 KB            Downloaded: https://repo.maven.apache.org/maven2/org/codehaus/plexus/plexus-utils/3.0.10/plexus-utils-3.0.10.pom (4 KB at 60.2 KB/sec)
Downloading: https://repo.maven.apache.org/maven2/org/apache/maven/doxia/doxia-decoration-model/1.4/doxia-decoration-model-1.4.pom
3/3 KB            Downloaded: https://repo.maven.apache.org/maven2/org/apache/maven/doxia/doxia-decoration-model/1.4/doxia-decoration-model-1.4.pom (3 KB at 54.4 KB/sec)
Downloading: https://repo.maven.apache.org/maven2/org/apache/maven/doxia/doxia-module-xhtml/1.4/doxia-module-xhtml-1.4.pom
2/2 KB            Downloaded: https://repo.maven.apache.org/maven2/org/apache/maven/doxia/doxia-module-xhtml/1.4/doxia-module-xhtml-1.4.pom (2 KB at 43.0 KB/sec)
Downloading: https://repo.maven.apache.org/maven2/org/apache/maven/doxia/doxia-modules/1.4/doxia-modules-1.4.pom
3/3 KB            Downloaded: https://repo.maven.apache.org/maven2/org/apache/maven/doxia/doxia-modules/1.4/doxia-modules-1.4.pom (3 KB at 71.1 KB/sec)
Downloading: https://repo.maven.apache.org/maven2/org/apache/maven/doxia/doxia-module-fml/1.4/doxia-module-fml-1.4.pom
4/5 KB   5/5 KB            Downloaded: https://repo.maven.apache.org/maven2/org/apache/maven/doxia/doxia-module-fml/1.4/doxia-module-fml-1.4.pom (5 KB at 120.3 KB/sec)
Downloading: https://repo.maven.apache.org/maven2/org/apache/velocity/velocity-tools/2.0/velocity-tools-2.0.pom
1/18 KB   5/18 KB   9/18 KB   13/18 KB   17/18 KB   18/18 KB              Downloaded: https://repo.maven.apache.org/maven2/org/apache/velocity/velocity-tools/2.0/velocity-tools-2.0.pom (18 KB at 370.3 KB/sec)
Downloading: https://repo.maven.apache.org/maven2/commons-digester/commons-digester/1.8/commons-digester-1.8.pom
2/7 KB     6/7 KB   7/7 KB            Downloaded: https://repo.maven.apache.org/maven2/commons-digester/commons-digester/1.8/commons-digester-1.8.pom (7 KB at 180.0 KB/sec)
Downloading: https://repo.maven.apache.org/maven2/commons-logging/commons-logging/1.1/commons-logging-1.1.pom
2/7 KB   6/7 KB   7/7 KB            Downloaded: https://repo.maven.apache.org/maven2/commons-logging/commons-logging/1.1/commons-logging-1.1.pom (7 KB at 163.2 KB/sec)
Downloading: https://repo.maven.apache.org/maven2/logkit/logkit/1.0.1/logkit-1.0.1.pom
147/147 B               Downloaded: https://repo.maven.apache.org/maven2/logkit/logkit/1.0.1/logkit-1.0.1.pom (147 B at 4.0 KB/sec)
Downloading: https://repo.maven.apache.org/maven2/avalon-framework/avalon-framework/4.1.3/avalon-framework-4.1.3.pom
167/167 B               Downloaded: https://repo.maven.apache.org/maven2/avalon-framework/avalon-framework/4.1.3/avalon-framework-4.1.3.pom (167 B at 4.5 KB/sec)
Downloading: https://repo.maven.apache.org/maven2/javax/servlet/servlet-api/2.3/servlet-api-2.3.pom
156/156 B               Downloaded: https://repo.maven.apache.org/maven2/javax/servlet/servlet-api/2.3/servlet-api-2.3.pom (156 B at 4.2 KB/sec)
Downloading: https://repo.maven.apache.org/maven2/commons-chain/commons-chain/1.1/commons-chain-1.1.pom
1/6 KB      5/6 KB   6/6 KB            Downloaded: https://repo.maven.apache.org/maven2/commons-chain/commons-chain/1.1/commons-chain-1.1.pom (6 KB at 158.7 KB/sec)
Downloading: https://repo.maven.apache.org/maven2/dom4j/dom4j/1.1/dom4j-1.1.pom
142/142 B               Downloaded: https://repo.maven.apache.org/maven2/dom4j/dom4j/1.1/dom4j-1.1.pom (142 B at 3.9 KB/sec)
Downloading: https://repo.maven.apache.org/maven2/sslext/sslext/1.2-0/sslext-1.2-0.pom
653/653 B               Downloaded: https://repo.maven.apache.org/maven2/sslext/sslext/1.2-0/sslext-1.2-0.pom (653 B at 15.9 KB/sec)
Downloading: https://repo.maven.apache.org/maven2/org/apache/struts/struts-core/1.3.8/struts-core-1.3.8.pom
2/5 KB      5/5 KB            Downloaded: https://repo.maven.apache.org/maven2/org/apache/struts/struts-core/1.3.8/struts-core-1.3.8.pom (5 KB at 113.8 KB/sec)
Downloading: https://repo.maven.apache.org/maven2/org/apache/struts/struts-parent/1.3.8/struts-parent-1.3.8.pom
2/10 KB   6/10 KB   10/10 KB   10/10 KB              Downloaded: https://repo.maven.apache.org/maven2/org/apache/struts/struts-parent/1.3.8/struts-parent-1.3.8.pom (10 KB at 246.4 KB/sec)
Downloading: https://repo.maven.apache.org/maven2/org/apache/struts/struts-master/4/struts-master-4.pom
1/12 KB    5/12 KB   9/12 KB   12/12 KB              Downloaded: https://repo.maven.apache.org/maven2/org/apache/struts/struts-master/4/struts-master-4.pom (12 KB at 312.3 KB/sec)
Downloading: https://repo.maven.apache.org/maven2/org/apache/apache/2/apache-2.pom
4/4 KB              Downloaded: https://repo.maven.apache.org/maven2/org/apache/apache/2/apache-2.pom (4 KB at 95.1 KB/sec)
Downloading: https://repo.maven.apache.org/maven2/antlr/antlr/2.7.2/antlr-2.7.2.pom
145/145 B               Downloaded: https://repo.maven.apache.org/maven2/antlr/antlr/2.7.2/antlr-2.7.2.pom (145 B at 4.0 KB/sec)
Downloading: https://repo.maven.apache.org/maven2/org/apache/struts/struts-taglib/1.3.8/struts-taglib-1.3.8.pom
4/4 KB               Downloaded: https://repo.maven.apache.org/maven2/org/apache/struts/struts-taglib/1.3.8/struts-taglib-1.3.8.pom (4 KB at 73.3 KB/sec)
Downloading: https://repo.maven.apache.org/maven2/org/apache/struts/struts-tiles/1.3.8/struts-tiles-1.3.8.pom
3/3 KB            Downloaded: https://repo.maven.apache.org/maven2/org/apache/struts/struts-tiles/1.3.8/struts-tiles-1.3.8.pom (3 KB at 78.8 KB/sec)
Downloading: https://repo.maven.apache.org/maven2/org/apache/velocity/velocity/1.6.2/velocity-1.6.2.pom
1/11 KB   5/11 KB   9/11 KB   11/11 KB              Downloaded: https://repo.maven.apache.org/maven2/org/apache/velocity/velocity/1.6.2/velocity-1.6.2.pom (11 KB at 280.3 KB/sec)
Downloading: https://repo.maven.apache.org/maven2/org/apache/maven/wagon/wagon-provider-api/1.0-beta-6/wagon-provider-api-1.0-beta-6.pom
2/2 KB              Downloaded: https://repo.maven.apache.org/maven2/org/apache/maven/wagon/wagon-provider-api/1.0-beta-6/wagon-provider-api-1.0-beta-6.pom (2 KB at 47.7 KB/sec)
Downloading: https://repo.maven.apache.org/maven2/org/apache/maven/wagon/wagon/1.0-beta-6/wagon-1.0-beta-6.pom
1/13 KB   5/13 KB   9/13 KB   13/13 KB              Downloaded: https://repo.maven.apache.org/maven2/org/apache/maven/wagon/wagon/1.0-beta-6/wagon-1.0-beta-6.pom (13 KB at 318.3 KB/sec)
Downloading: https://repo.maven.apache.org/maven2/org/apache/httpcomponents/httpclient/4.2.3/httpclient-4.2.3.pom
4/6 KB     6/6 KB            Downloaded: https://repo.maven.apache.org/maven2/org/apache/httpcomponents/httpclient/4.2.3/httpclient-4.2.3.pom (6 KB at 160.3 KB/sec)
Downloading: https://repo.maven.apache.org/maven2/org/apache/httpcomponents/httpcomponents-client/4.2.3/httpcomponents-client-4.2.3.pom
3/15 KB   7/15 KB   11/15 KB   15/15 KB              Downloaded: https://repo.maven.apache.org/maven2/org/apache/httpcomponents/httpcomponents-client/4.2.3/httpcomponents-client-4.2.3.pom (15 KB at 396.2 KB/sec)
Downloading: https://repo.maven.apache.org/maven2/org/apache/httpcomponents/project/6/project-6.pom
2/24 KB    6/24 KB   10/24 KB   14/24 KB   18/24 KB   22/24 KB   24/24 KB              Downloaded: https://repo.maven.apache.org/maven2/org/apache/httpcomponents/project/6/project-6.pom (24 KB at 616.4 KB/sec)
Downloading: https://repo.maven.apache.org/maven2/org/apache/httpcomponents/httpcore/4.2.2/httpcore-4.2.2.pom
1/6 KB     5/6 KB   6/6 KB            Downloaded: https://repo.maven.apache.org/maven2/org/apache/httpcomponents/httpcore/4.2.2/httpcore-4.2.2.pom (6 KB at 150.0 KB/sec)
Downloading: https://repo.maven.apache.org/maven2/org/apache/httpcomponents/httpcomponents-core/4.2.2/httpcomponents-core-4.2.2.pom
1/12 KB   5/12 KB   9/12 KB   12/12 KB              Downloaded: https://repo.maven.apache.org/maven2/org/apache/httpcomponents/httpcomponents-core/4.2.2/httpcomponents-core-4.2.2.pom (12 KB at 311.2 KB/sec)
Downloading: https://repo.maven.apache.org/maven2/log4j/log4j/1.2.14/log4j-1.2.14.pom
3/3 KB              Downloaded: https://repo.maven.apache.org/maven2/log4j/log4j/1.2.14/log4j-1.2.14.pom (3 KB at 64.4 KB/sec)
Downloading: https://repo.maven.apache.org/maven2/com/thoughtworks/qdox/qdox/1.12.1/qdox-1.12.1.pom
2/18 KB   6/18 KB   10/18 KB   14/18 KB   18/18 KB              Downloaded: https://repo.maven.apache.org/maven2/com/thoughtworks/qdox/qdox/1.12.1/qdox-1.12.1.pom (18 KB at 452.3 KB/sec)
Downloading: https://repo.maven.apache.org/maven2/org/codehaus/codehaus-parent/4/codehaus-parent-4.pom
4/5 KB     5/5 KB            Downloaded: https://repo.maven.apache.org/maven2/org/codehaus/codehaus-parent/4/codehaus-parent-4.pom (5 KB at 130.8 KB/sec)
Downloading: https://repo.maven.apache.org/maven2/org/apache/maven/shared/maven-invoker/2.0.9/maven-invoker-2.0.9.jar
Downloading: https://repo.maven.apache.org/maven2/org/apache/maven/doxia/doxia-sink-api/1.4/doxia-sink-api-1.4.jar
Downloading: https://repo.maven.apache.org/maven2/org/apache/maven/doxia/doxia-logging-api/1.4/doxia-logging-api-1.4.jar
Downloading: https://repo.maven.apache.org/maven2/org/apache/maven/doxia/doxia-site-renderer/1.4/doxia-site-renderer-1.4.jar
Downloading: https://repo.maven.apache.org/maven2/org/apache/maven/doxia/doxia-core/1.4/doxia-core-1.4.jar
4/28 KB   7/28 KB   11/28 KB   15/28 KB   19/28 KB   23/28 KB   27/28 KB   27/28 KB   4/162 KB   28/28 KB   4/162 KB   28/28 KB   8/162 KB   28/28 KB   12/162 KB   28/28 KB   16/162 KB   28/28 KB   20/162 KB   28/28 KB   24/162 KB   28/28 KB   28/162 KB   28/28 KB   32/162 KB   28/28 KB   36/162 KB   28/28 KB   40/162 KB   28/28 KB   44/162 KB   28/28 KB   48/162 KB   28/28 KB   52/162 KB   28/28 KB   56/162 KB   28/28 KB   60/162 KB   28/28 KB   64/162 KB   28/28 KB   68/162 KB   28/28 KB   72/162 KB   28/28 KB   76/162 KB   3/11 KB   28/28 KB   76/162 KB   3/11 KB   28/28 KB   80/162 KB   7/11 KB   28/28 KB   80/162 KB   7/11 KB   28/28 KB   84/162 KB   11/11 KB   28/28 KB   84/162 KB   11/11 KB   28/28 KB   88/162 KB   11/11 KB   28/28 KB   88/162 KB   11/11 KB   28/28 KB   92/162 KB   11/11 KB   28/28 KB   96/162 KB   11/11 KB   28/28 KB   100/162 KB   11/11 KB   28/28 KB   104/162 KB   11/11 KB   28/28 KB   108/162 KB   11/11 KB   28/28 KB   112/162 KB   11/11 KB   28/28 KB   116/162 KB   11/11 KB   28/28 KB   120/162 KB   11/11 KB   28/28 KB   124/162 KB   11/11 KB   28/28 KB   128/162 KB                                      Downloaded: https://repo.maven.apache.org/maven2/org/apache/maven/shared/maven-invoker/2.0.9/maven-invoker-2.0.9.jar (28 KB at 313.9 KB/sec)
Downloading: https://repo.maven.apache.org/maven2/org/apache/maven/doxia/doxia-decoration-model/1.4/doxia-decoration-model-1.4.jar
11/11 KB   132/162 KB              11/11 KB   136/162 KB   11/11 KB   140/162 KB   11/11 KB   144/162 KB   11/11 KB   148/162 KB   11/11 KB   152/162 KB   11/11 KB   156/162 KB   11/11 KB   160/162 KB   11/11 KB   162/162 KB                           Downloaded: https://repo.maven.apache.org/maven2/org/apache/maven/doxia/doxia-sink-api/1.4/doxia-sink-api-1.4.jar (11 KB at 121.6 KB/sec)
Downloading: https://repo.maven.apache.org/maven2/org/apache/maven/doxia/doxia-module-xhtml/1.4/doxia-module-xhtml-1.4.jar
4/60 KB   162/162 KB    8/60 KB   162/162 KB   12/60 KB   162/162 KB   16/60 KB   162/162 KB   20/60 KB   162/162 KB   24/60 KB   162/162 KB   28/60 KB   162/162 KB   32/60 KB   162/162 KB   36/60 KB   162/162 KB   40/60 KB   3/16 KB   44/60 KB   3/16 KB   48/60 KB   3/16 KB   52/60 KB   3/16 KB                           Downloaded: https://repo.maven.apache.org/maven2/org/apache/maven/doxia/doxia-core/1.4/doxia-core-1.4.jar (162 KB at 2064.5 KB/sec)
Downloading: https://repo.maven.apache.org/maven2/org/apache/maven/doxia/doxia-module-fml/1.4/doxia-module-fml-1.4.jar
36/60 KB   3/16 KB      56/60 KB   7/16 KB   56/60 KB   11/16 KB   56/60 KB   15/16 KB   56/60 KB   16/16 KB   56/60 KB   3/16 KB   60/60 KB   16/16 KB   60/60 KB   4/12 KB   16/16 KB   60/60 KB   8/12 KB   16/16 KB   60/60 KB   12/12 KB   16/16 KB                                    Downloaded: https://repo.maven.apache.org/maven2/org/apache/maven/doxia/doxia-decoration-model/1.4/doxia-decoration-model-1.4.jar (60 KB at 650.3 KB/sec)
Downloading: https://repo.maven.apache.org/maven2/org/apache/velocity/velocity-tools/2.0/velocity-tools-2.0.jar
                                 Downloaded: https://repo.maven.apache.org/maven2/org/apache/maven/doxia/doxia-module-xhtml/1.4/doxia-module-xhtml-1.4.jar (16 KB at 163.3 KB/sec)
Downloading: https://repo.maven.apache.org/maven2/commons-digester/commons-digester/1.8/commons-digester-1.8.jar
12/12 KB   4/37 KB               12/12 KB   8/37 KB   12/12 KB   12/37 KB   12/12 KB   16/37 KB   12/12 KB   20/37 KB   12/12 KB   24/37 KB   12/12 KB   28/37 KB   12/12 KB   32/37 KB   12/12 KB   36/37 KB   12/12 KB   37/37 KB                         Downloaded: https://repo.maven.apache.org/maven2/org/apache/maven/doxia/doxia-logging-api/1.4/doxia-logging-api-1.4.jar (12 KB at 82.4 KB/sec)
Downloading: https://repo.maven.apache.org/maven2/commons-chain/commons-chain/1.1/commons-chain-1.1.jar
4/339 KB   37/37 KB   8/339 KB   37/37 KB   12/339 KB   37/37 KB   16/339 KB   37/37 KB   20/339 KB   37/37 KB   24/339 KB   37/37 KB   28/339 KB   37/37 KB   32/339 KB   37/37 KB   36/339 KB   37/37 KB   40/339 KB   37/37 KB   44/339 KB   37/37 KB   48/339 KB                                     Downloaded: https://repo.maven.apache.org/maven2/org/apache/maven/doxia/doxia-module-fml/1.4/doxia-module-fml-1.4.jar (37 KB at 315.7 KB/sec)
Downloading: https://repo.maven.apache.org/maven2/dom4j/dom4j/1.1/dom4j-1.1.jar
4/52 KB   48/339 KB   8/52 KB   48/339 KB   12/52 KB   48/339 KB   16/52 KB   48/339 KB   20/52 KB   48/339 KB   24/52 KB   48/339 KB   28/52 KB   48/339 KB   32/52 KB   48/339 KB   32/52 KB   48/339 KB   4/141 KB   32/52 KB   48/339 KB   8/141 KB   32/52 KB   48/339 KB   12/141 KB   32/52 KB   48/339 KB   16/141 KB   32/52 KB   48/339 KB   20/141 KB   32/52 KB   48/339 KB   24/141 KB   32/52 KB   48/339 KB   28/141 KB   32/52 KB   48/339 KB   32/141 KB   32/52 KB   48/339 KB   36/141 KB   32/52 KB   48/339 KB   40/141 KB   32/52 KB   48/339 KB   44/141 KB   32/52 KB   48/339 KB   48/141 KB   32/52 KB   4/88 KB   48/339 KB   48/141 KB   32/52 KB   8/88 KB   48/339 KB   48/141 KB   32/52 KB   8/88 KB   52/339 KB   48/141 KB   32/52 KB   12/88 KB   52/339 KB   48/141 KB   32/52 KB   12/88 KB   56/339 KB   48/141 KB   32/52 KB   16/88 KB   56/339 KB   48/141 KB   32/52 KB   16/88 KB   60/339 KB   48/141 KB   32/52 KB   16/88 KB   64/339 KB   48/141 KB   32/52 KB   20/88 KB   64/339 KB   48/141 KB   32/52 KB   24/88 KB   64/339 KB   48/141 KB   32/52 KB   28/88 KB   64/339 KB   48/141 KB   32/52 KB   32/88 KB   64/339 KB   48/141 KB   32/52 KB   32/88 KB   68/339 KB   48/141 KB   32/52 KB   32/88 KB   72/339 KB   48/141 KB   32/52 KB   36/88 KB   72/339 KB   48/141 KB   32/52 KB   40/88 KB   76/339 KB   48/141 KB   32/52 KB   44/88 KB   76/339 KB   48/141 KB   32/52 KB   48/88 KB   76/339 KB   48/141 KB   32/52 KB   52/88 KB   76/339 KB   48/141 KB   32/52 KB   56/88 KB   76/339 KB   48/141 KB   32/52 KB   60/88 KB   76/339 KB   48/141 KB   32/52 KB   64/88 KB   76/339 KB   48/141 KB   32/52 KB   68/88 KB   76/339 KB   48/141 KB   32/52 KB   72/88 KB   76/339 KB   48/141 KB   32/52 KB   76/88 KB   76/339 KB   48/141 KB   32/52 KB   80/88 KB   76/339 KB   48/141 KB   32/52 KB   84/88 KB   76/339 KB   48/141 KB   32/52 KB   88/88 KB   76/339 KB   48/141 KB   32/52 KB   40/88 KB   76/339 KB   48/141 KB   32/52 KB   88/88 KB   80/339 KB   48/141 KB   36/52 KB   88/88 KB   80/339 KB   48/141 KB   40/52 KB   88/88 KB   80/339 KB   48/141 KB   44/52 KB   88/88 KB   80/339 KB   48/141 KB   48/52 KB   88/88 KB   80/339 KB   48/141 KB   52/52 KB   88/88 KB   80/339 KB   48/141 KB   52/52 KB   88/88 KB   84/339 KB   48/141 KB   52/52 KB   88/88 KB   88/339 KB   48/141 KB   52/52 KB   88/88 KB   92/339 KB   48/141 KB   52/52 KB   88/88 KB   96/339 KB   48/141 KB   52/52 KB   88/88 KB   100/339 KB   48/141 KB   52/52 KB   88/88 KB   104/339 KB   48/141 KB   52/52 KB   88/88 KB   108/339 KB   48/141 KB   52/52 KB   88/88 KB   112/339 KB   48/141 KB   52/52 KB   88/88 KB   112/339 KB   4/447 KB   48/141 KB   52/52 KB   88/88 KB   112/339 KB   8/447 KB   48/141 KB   52/52 KB   88/88 KB   116/339 KB   12/447 KB   48/141 KB   52/52 KB   88/88 KB   116/339 KB   16/447 KB   48/141 KB   52/52 KB   88/88 KB   116/339 KB   20/447 KB   48/141 KB   52/52 KB   88/88 KB   116/339 KB   24/447 KB   48/141 KB   52/52 KB   88/88 KB   116/339 KB   28/447 KB   48/141 KB   52/52 KB   88/88 KB   116/339 KB   32/447 KB   48/141 KB   52/52 KB   88/88 KB   116/339 KB   36/447 KB   48/141 KB   52/52 KB   88/88 KB   116/339 KB   40/447 KB   48/141 KB   52/52 KB   88/88 KB   116/339 KB   44/447 KB   48/141 KB   52/52 KB   88/88 KB   116/339 KB   48/447 KB   48/141 KB   52/52 KB   88/88 KB   116/339 KB   52/447 KB   48/141 KB   52/52 KB   88/88 KB   116/339 KB   56/447 KB   48/141 KB   52/52 KB   88/88 KB   116/339 KB   60/447 KB   48/141 KB   52/52 KB   88/88 KB   116/339 KB   62/447 KB   48/141 KB   52/52 KB   88/88 KB   116/339 KB   66/447 KB   48/141 KB   52/52 KB   88/88 KB   116/339 KB   66/447 KB   50/141 KB   52/52 KB   88/88 KB   116/339 KB   66/447 KB   54/141 KB   52/52 KB   88/88 KB   116/339 KB   66/447 KB   58/141 KB   52/52 KB   88/88 KB   116/339 KB   66/447 KB   62/141 KB   52/52 KB   88/88 KB   116/339 KB   66/447 KB   64/141 KB   52/52 KB   88/88 KB   116/339 KB   66/447 KB   68/141 KB   52/52 KB   88/88 KB   116/339 KB   66/447 KB   72/141 KB   52/52 KB   88/88 KB   116/339 KB   66/447 KB   76/141 KB   52/52 KB   88/88 KB   116/339 KB   66/447 KB   80/141 KB   52/52 KB   88/88 KB   116/339 KB   8/447 KB   48/141 KB   52/52 KB   88/88 KB   120/339 KB   66/447 KB   80/141 KB   52/52 KB   88/88 KB   124/339 KB   66/447 KB   80/141 KB   52/52 KB   88/88 KB   128/339 KB   66/447 KB   80/141 KB   52/52 KB   88/88 KB   132/339 KB   66/447 KB   80/141 KB   52/52 KB   88/88 KB   136/339 KB   66/447 KB   80/141 KB   52/52 KB   88/88 KB   140/339 KB   66/447 KB   80/141 KB   52/52 KB   88/88 KB   144/339 KB   66/447 KB   80/141 KB   52/52 KB   88/88 KB   148/339 KB   66/447 KB   80/141 KB   52/52 KB   88/88 KB   152/339 KB   66/447 KB   80/141 KB   52/52 KB   88/88 KB   156/339 KB   70/447 KB   80/141 KB   52/52 KB   88/88 KB   160/339 KB   70/447 KB   80/141 KB   52/52 KB   88/88 KB   164/339 KB   70/447 KB   80/141 KB   52/52 KB   88/88 KB   168/339 KB   70/447 KB   80/141 KB   52/52 KB   88/88 KB   172/339 KB   70/447 KB   80/141 KB   52/52 KB   88/88 KB   176/339 KB   70/447 KB   80/141 KB   52/52 KB   88/88 KB   180/339 KB   70/447 KB   80/141 KB   52/52 KB   88/88 KB   184/339 KB   70/447 KB   80/141 KB   52/52 KB   88/88 KB   188/339 KB   70/447 KB   80/141 KB   52/52 KB   88/88 KB   192/339 KB   70/447 KB   80/141 KB   52/52 KB   88/88 KB   196/339 KB   70/447 KB   80/141 KB   52/52 KB   88/88 KB   200/339 KB   70/447 KB   80/141 KB   52/52 KB   88/88 KB   204/339 KB   70/447 KB   80/141 KB   52/52 KB   88/88 KB   152/339 KB   70/447 KB   80/141 KB   52/52 KB   88/88 KB   208/339 KB   74/447 KB   80/141 KB   52/52 KB   88/88 KB   208/339 KB   74/447 KB   80/141 KB   52/52 KB   88/88 KB   208/339 KB   78/447 KB   80/141 KB   52/52 KB   88/88 KB   208/339 KB   82/447 KB   80/141 KB   52/52 KB   88/88 KB   212/339 KB   82/447 KB   80/141 KB   52/52 KB   88/88 KB   216/339 KB   82/447 KB   80/141 KB   52/52 KB   88/88 KB   220/339 KB   82/447 KB   80/141 KB   52/52 KB   88/88 KB   220/339 KB   86/447 KB   80/141 KB   52/52 KB   88/88 KB   224/339 KB   86/447 KB   80/141 KB   52/52 KB   88/88 KB   224/339 KB   90/447 KB   80/141 KB   52/52 KB   88/88 KB   224/339 KB   94/447 KB   80/141 KB   52/52 KB   88/88 KB   228/339 KB   94/447 KB   80/141 KB   52/52 KB   88/88 KB   228/339 KB   98/447 KB   80/141 KB   52/52 KB   88/88 KB   232/339 KB   98/447 KB   80/141 KB   52/52 KB   88/88 KB   236/339 KB   98/447 KB   80/141 KB   52/52 KB   88/88 KB   240/339 KB   98/447 KB   80/141 KB   52/52 KB   88/88 KB   240/339 KB   102/447 KB   80/141 KB   52/52 KB   88/88 KB   240/339 KB   106/447 KB   80/141 KB   52/52 KB   88/88 KB   244/339 KB   110/447 KB   80/141 KB   52/52 KB   88/88 KB   244/339 KB   110/447 KB   80/141 KB   52/52 KB   88/88 KB   248/339 KB   110/447 KB   80/141 KB   52/52 KB   88/88 KB   252/339 KB   110/447 KB   80/141 KB   52/52 KB   88/88 KB   256/339 KB   110/447 KB   80/141 KB   52/52 KB   88/88 KB   260/339 KB   110/447 KB   80/141 KB   52/52 KB   88/88 KB   264/339 KB   110/447 KB   80/141 KB                                                               Downloaded: https://repo.maven.apache.org/maven2/commons-chain/commons-chain/1.1/commons-chain-1.1.jar (88 KB at 582.1 KB/sec)
Downloading: https://repo.maven.apache.org/maven2/sslext/sslext/1.2-0/sslext-1.2-0.jar
52/52 KB   268/339 KB   110/447 KB   80/141 KB              272/339 KB   110/447 KB   80/141 KB                                                               Downloaded: https://repo.maven.apache.org/maven2/org/apache/maven/doxia/doxia-site-renderer/1.4/doxia-site-renderer-1.4.jar (52 KB at 292.9 KB/sec)
Downloading: https://repo.maven.apache.org/maven2/org/apache/struts/struts-core/1.3.8/struts-core-1.3.8.jar
276/339 KB   110/447 KB   80/141 KB   276/339 KB   110/447 KB   84/141 KB   276/339 KB   114/447 KB   88/141 KB   276/339 KB   114/447 KB   92/141 KB   276/339 KB   114/447 KB   96/141 KB   276/339 KB   114/447 KB   100/141 KB   276/339 KB   114/447 KB   104/141 KB   276/339 KB   114/447 KB   108/141 KB   276/339 KB   114/447 KB   112/141 KB   276/339 KB   114/447 KB   116/141 KB   276/339 KB   114/447 KB   120/141 KB   276/339 KB   114/447 KB   124/141 KB   276/339 KB   114/447 KB   128/141 KB   276/339 KB   114/447 KB   132/141 KB   276/339 KB   114/447 KB   136/141 KB   276/339 KB   114/447 KB   140/141 KB   276/339 KB   114/447 KB   141/141 KB   276/339 KB   114/447 KB   84/141 KB   276/339 KB   118/447 KB   141/141 KB   276/339 KB   122/447 KB   141/141 KB   276/339 KB   126/447 KB   141/141 KB   280/339 KB   130/447 KB   141/141 KB   284/339 KB   130/447 KB   141/141 KB   288/339 KB   130/447 KB   141/141 KB   292/339 KB   130/447 KB   141/141 KB   296/339 KB   130/447 KB   141/141 KB   300/339 KB   130/447 KB   141/141 KB   304/339 KB   130/447 KB   141/141 KB   308/339 KB   130/447 KB   141/141 KB   312/339 KB   130/447 KB   141/141 KB   316/339 KB   130/447 KB   141/141 KB   320/339 KB   130/447 KB   141/141 KB   324/339 KB   130/447 KB   141/141 KB   328/339 KB   130/447 KB   141/141 KB   332/339 KB   130/447 KB   141/141 KB   3/26 KB   336/339 KB   130/447 KB   141/141 KB   3/26 KB   339/339 KB   130/447 KB   141/141 KB   3/26 KB   339/339 KB   4/322 KB   130/447 KB   141/141 KB   3/26 KB   339/339 KB   8/322 KB   130/447 KB   141/141 KB   3/26 KB   339/339 KB   12/322 KB   130/447 KB   141/141 KB   3/26 KB   339/339 KB   16/322 KB   130/447 KB   141/141 KB   276/339 KB   130/447 KB   141/141 KB   3/26 KB   339/339 KB   16/322 KB   134/447 KB   141/141 KB   3/26 KB   339/339 KB   16/322 KB   138/447 KB   141/141 KB   3/26 KB   339/339 KB   16/322 KB   142/447 KB   141/141 KB   3/26 KB   339/339 KB   20/322 KB   142/447 KB   141/141 KB   3/26 KB   339/339 KB   24/322 KB   142/447 KB   141/141 KB   3/26 KB   339/339 KB   28/322 KB   146/447 KB   141/141 KB   3/26 KB   332/339 KB   130/447 KB   141/141 KB   3/26 KB   339/339 KB   28/322 KB   150/447 KB   141/141 KB   3/26 KB   339/339 KB   28/322 KB   154/447 KB   141/141 KB   7/26 KB   339/339 KB   28/322 KB   154/447 KB   141/141 KB   7/26 KB   339/339 KB   28/322 KB   158/447 KB   141/141 KB   11/26 KB   339/339 KB   28/322 KB   158/447 KB   141/141 KB   15/26 KB   339/339 KB   28/322 KB   158/447 KB   141/141 KB   15/26 KB   339/339 KB   28/322 KB   162/447 KB   141/141 KB   19/26 KB   339/339 KB   28/322 KB   162/447 KB   141/141 KB   19/26 KB   339/339 KB   28/322 KB   166/447 KB   141/141 KB   19/26 KB   339/339 KB   28/322 KB   170/447 KB   141/141 KB   23/26 KB   339/339 KB   28/322 KB   170/447 KB   141/141 KB   23/26 KB   339/339 KB   28/322 KB   174/447 KB   141/141 KB   26/26 KB   339/339 KB   28/322 KB   174/447 KB   141/141 KB   26/26 KB   339/339 KB   28/322 KB   178/447 KB   141/141 KB   26/26 KB   339/339 KB   28/322 KB   182/447 KB   141/141 KB   3/26 KB   339/339 KB   28/322 KB   146/447 KB   141/141 KB   26/26 KB   339/339 KB   28/322 KB   186/447 KB   141/141 KB   26/26 KB   339/339 KB   32/322 KB   186/447 KB   141/141 KB   26/26 KB   339/339 KB   32/322 KB   190/447 KB   141/141 KB   26/26 KB   339/339 KB   36/322 KB   190/447 KB   141/141 KB   26/26 KB   339/339 KB   40/322 KB   190/447 KB   141/141 KB   26/26 KB   339/339 KB   40/322 KB   194/447 KB   141/141 KB   26/26 KB   339/339 KB   44/322 KB   194/447 KB   141/141 KB   26/26 KB   339/339 KB   48/322 KB   198/447 KB   141/141 KB   26/26 KB   339/339 KB   48/322 KB   198/447 KB   141/141 KB   26/26 KB   339/339 KB   48/322 KB   202/447 KB   141/141 KB   26/26 KB   339/339 KB   48/322 KB   206/447 KB   141/141 KB   26/26 KB   339/339 KB   52/322 KB   206/447 KB   141/141 KB   26/26 KB   339/339 KB   56/322 KB   210/447 KB   141/141 KB   26/26 KB   339/339 KB   60/322 KB   210/447 KB   141/141 KB   26/26 KB   339/339 KB   62/322 KB   210/447 KB   141/141 KB   26/26 KB   339/339 KB   66/322 KB   210/447 KB   141/141 KB   26/26 KB   339/339 KB   70/322 KB   210/447 KB   141/141 KB   26/26 KB   339/339 KB   74/322 KB   210/447 KB   141/141 KB   26/26 KB   339/339 KB   78/322 KB   210/447 KB   141/141 KB   26/26 KB   339/339 KB   82/322 KB   210/447 KB   141/141 KB   26/26 KB   339/339 KB   86/322 KB   210/447 KB   141/141 KB   26/26 KB   339/339 KB   90/322 KB   210/447 KB   141/141 KB   26/26 KB   339/339 KB   94/322 KB   210/447 KB   141/141 KB   26/26 KB   339/339 KB   98/322 KB   210/447 KB   141/141 KB   26/26 KB   339/339 KB   102/322 KB   210/447 KB   141/141 KB   26/26 KB   339/339 KB   106/322 KB   210/447 KB   141/141 KB   26/26 KB   339/339 KB   110/322 KB   210/447 KB   141/141 KB   26/26 KB   339/339 KB   52/322 KB   210/447 KB   141/141 KB   26/26 KB   339/339 KB   110/322 KB   214/447 KB   141/141 KB   26/26 KB   339/339 KB   110/322 KB   218/447 KB   141/141 KB   26/26 KB   339/339 KB   110/322 KB   222/447 KB   141/141 KB   26/26 KB   339/339 KB   110/322 KB   226/447 KB   141/141 KB   26/26 KB   339/339 KB   110/322 KB   230/447 KB   141/141 KB   26/26 KB   339/339 KB   110/322 KB   234/447 KB   141/141 KB   26/26 KB   339/339 KB   110/322 KB   238/447 KB   141/141 KB   26/26 KB   339/339 KB   110/322 KB   242/447 KB   141/141 KB   26/26 KB   339/339 KB   110/322 KB   246/447 KB   141/141 KB   26/26 KB   339/339 KB   110/322 KB   250/447 KB   141/141 KB   26/26 KB   339/339 KB   110/322 KB   254/447 KB   141/141 KB   26/26 KB   339/339 KB   110/322 KB   258/447 KB   141/141 KB   26/26 KB   339/339 KB   110/322 KB   262/447 KB   141/141 KB   26/26 KB   339/339 KB   110/322 KB   266/447 KB   141/141 KB   26/26 KB   339/339 KB   110/322 KB   270/447 KB   141/141 KB   26/26 KB   339/339 KB   110/322 KB   274/447 KB   141/141 KB   26/26 KB   339/339 KB   110/322 KB   278/447 KB   141/141 KB   26/26 KB   339/339 KB   110/322 KB   282/447 KB   141/141 KB   26/26 KB   339/339 KB   110/322 KB   286/447 KB   141/141 KB   26/26 KB   339/339 KB   110/322 KB   290/447 KB   141/141 KB   26/26 KB   339/339 KB   110/322 KB   294/447 KB   141/141 KB   26/26 KB   339/339 KB   110/322 KB   298/447 KB   141/141 KB   26/26 KB   339/339 KB   110/322 KB   302/447 KB   141/141 KB   26/26 KB   339/339 KB   110/322 KB   306/447 KB   141/141 KB   26/26 KB   339/339 KB   110/322 KB   310/447 KB   141/141 KB   26/26 KB   339/339 KB   110/322 KB   314/447 KB   141/141 KB   26/26 KB   339/339 KB   110/322 KB   318/447 KB   141/141 KB                                                                  Downloaded: https://repo.maven.apache.org/maven2/commons-digester/commons-digester/1.8/commons-digester-1.8.jar (141 KB at 730.4 KB/sec)
Downloading: https://repo.maven.apache.org/maven2/antlr/antlr/2.7.2/antlr-2.7.2.jar
26/26 KB   339/339 KB   110/322 KB   322/447 KB                26/26 KB   339/339 KB   110/322 KB   326/447 KB   26/26 KB   339/339 KB   110/322 KB   330/447 KB   26/26 KB   339/339 KB   110/322 KB   334/447 KB   26/26 KB   339/339 KB   110/322 KB   338/447 KB   26/26 KB   339/339 KB   110/322 KB   342/447 KB   26/26 KB   339/339 KB   110/322 KB   346/447 KB   26/26 KB   339/339 KB   114/322 KB   346/447 KB   26/26 KB   339/339 KB   118/322 KB   346/447 KB   26/26 KB   339/339 KB   122/322 KB   346/447 KB   26/26 KB   339/339 KB   126/322 KB   346/447 KB   26/26 KB   339/339 KB   130/322 KB   346/447 KB   26/26 KB   339/339 KB   134/322 KB   346/447 KB   26/26 KB   339/339 KB   138/322 KB   346/447 KB   26/26 KB   339/339 KB   142/322 KB   346/447 KB   26/26 KB   339/339 KB   146/322 KB   346/447 KB   26/26 KB   339/339 KB   150/322 KB   346/447 KB   26/26 KB   339/339 KB   154/322 KB   346/447 KB   26/26 KB   339/339 KB   158/322 KB   346/447 KB   26/26 KB   339/339 KB   162/322 KB   346/447 KB   26/26 KB   339/339 KB   166/322 KB   346/447 KB   26/26 KB   339/339 KB   170/322 KB   346/447 KB   26/26 KB   339/339 KB   174/322 KB   346/447 KB   26/26 KB   339/339 KB   178/322 KB   346/447 KB   26/26 KB   339/339 KB   182/322 KB   346/447 KB   26/26 KB   339/339 KB   186/322 KB   346/447 KB   26/26 KB   339/339 KB   190/322 KB   346/447 KB   26/26 KB   339/339 KB   194/322 KB   346/447 KB   26/26 KB   339/339 KB   198/322 KB   346/447 KB   26/26 KB   339/339 KB   202/322 KB   346/447 KB   26/26 KB   339/339 KB   206/322 KB   346/447 KB   26/26 KB   339/339 KB   210/322 KB   346/447 KB                                                     Downloaded: https://repo.maven.apache.org/maven2/org/apache/velocity/velocity-tools/2.0/velocity-tools-2.0.jar (339 KB at 1709.4 KB/sec)
Downloading: https://repo.maven.apache.org/maven2/org/apache/struts/struts-taglib/1.3.8/struts-taglib-1.3.8.jar
                                                  Downloaded: https://repo.maven.apache.org/maven2/sslext/sslext/1.2-0/sslext-1.2-0.jar (26 KB at 128.6 KB/sec)
Downloading: https://repo.maven.apache.org/maven2/org/apache/struts/struts-tiles/1.3.8/struts-tiles-1.3.8.jar
26/26 KB   339/339 KB   214/322 KB   346/447 KB   218/322 KB   346/447 KB                           222/322 KB   346/447 KB   226/322 KB   346/447 KB   230/322 KB   346/447 KB   234/322 KB   346/447 KB   238/322 KB   346/447 KB   242/322 KB   346/447 KB   246/322 KB   346/447 KB   250/322 KB   346/447 KB   254/322 KB   346/447 KB   258/322 KB   346/447 KB   262/322 KB   346/447 KB   266/322 KB   346/447 KB   270/322 KB   346/447 KB   274/322 KB   346/447 KB   278/322 KB   346/447 KB   282/322 KB   346/447 KB   286/322 KB   346/447 KB   290/322 KB   346/447 KB   294/322 KB   346/447 KB   298/322 KB   346/447 KB   302/322 KB   346/447 KB   306/322 KB   346/447 KB   310/322 KB   346/447 KB   314/322 KB   346/447 KB   318/322 KB   346/447 KB   322/322 KB   346/447 KB   322/322 KB   346/447 KB   322/322 KB   350/447 KB   322/322 KB   354/447 KB   322/322 KB   358/447 KB   322/322 KB   362/447 KB   322/322 KB   366/447 KB   322/322 KB   370/447 KB   322/322 KB   374/447 KB   322/322 KB   378/447 KB   322/322 KB   382/447 KB   322/322 KB   386/447 KB   322/322 KB   390/447 KB   322/322 KB   394/447 KB   322/322 KB   398/447 KB   322/322 KB   402/447 KB   322/322 KB   406/447 KB   322/322 KB   410/447 KB   322/322 KB   410/447 KB   4/350 KB   322/322 KB   414/447 KB   8/350 KB   322/322 KB   414/447 KB   12/350 KB   322/322 KB   414/447 KB   16/350 KB   322/322 KB   414/447 KB   20/350 KB   322/322 KB   414/447 KB   24/350 KB   322/322 KB   414/447 KB   28/350 KB   322/322 KB   414/447 KB   32/350 KB   322/322 KB   414/447 KB   36/350 KB   322/322 KB   414/447 KB   40/350 KB   322/322 KB   414/447 KB   44/350 KB   322/322 KB   414/447 KB   48/350 KB   322/322 KB   414/447 KB   52/350 KB   322/322 KB   414/447 KB   56/350 KB   322/322 KB   414/447 KB   60/350 KB   322/322 KB   414/447 KB   64/350 KB   322/322 KB   414/447 KB   68/350 KB   322/322 KB   414/447 KB   72/350 KB   322/322 KB   414/447 KB   76/350 KB   322/322 KB   414/447 KB   80/350 KB   322/322 KB   414/447 KB   4/350 KB   322/322 KB   418/447 KB   80/350 KB   322/322 KB   422/447 KB   80/350 KB   322/322 KB   426/447 KB   80/350 KB   322/322 KB   430/447 KB   80/350 KB   322/322 KB   434/447 KB   80/350 KB   322/322 KB   438/447 KB   80/350 KB   322/322 KB   442/447 KB   80/350 KB   322/322 KB   446/447 KB   80/350 KB   322/322 KB   447/447 KB   80/350 KB   322/322 KB   4/117 KB   447/447 KB   80/350 KB   322/322 KB   8/117 KB   447/447 KB   80/350 KB   322/322 KB   12/117 KB   447/447 KB   80/350 KB   322/322 KB   16/117 KB   447/447 KB   80/350 KB   322/322 KB   20/117 KB   447/447 KB   80/350 KB   322/322 KB   24/117 KB   447/447 KB   80/350 KB   322/322 KB   28/117 KB   447/447 KB   80/350 KB   322/322 KB   32/117 KB   447/447 KB   80/350 KB   322/322 KB   4/246 KB   32/117 KB   447/447 KB   80/350 KB   322/322 KB   8/246 KB   32/117 KB   447/447 KB   80/350 KB   322/322 KB   12/246 KB   32/117 KB   447/447 KB   80/350 KB   322/322 KB   16/246 KB   32/117 KB   447/447 KB   80/350 KB   322/322 KB   20/246 KB   32/117 KB   447/447 KB   80/350 KB   322/322 KB   24/246 KB   32/117 KB   447/447 KB   80/350 KB   322/322 KB   28/246 KB   32/117 KB   447/447 KB   80/350 KB   322/322 KB   32/246 KB   32/117 KB   447/447 KB   80/350 KB   322/322 KB   36/246 KB   32/117 KB   447/447 KB   80/350 KB   322/322 KB   40/246 KB   32/117 KB   447/447 KB   80/350 KB   322/322 KB   44/246 KB   32/117 KB   447/447 KB   80/350 KB   322/322 KB   48/246 KB   32/117 KB   447/447 KB   80/350 KB   322/322 KB   52/246 KB   32/117 KB   447/447 KB   80/350 KB   322/322 KB   56/246 KB   32/117 KB   447/447 KB   80/350 KB   322/322 KB   60/246 KB   32/117 KB   447/447 KB   80/350 KB   322/322 KB   63/246 KB   32/117 KB   447/447 KB   80/350 KB   322/322 KB   67/246 KB   32/117 KB   447/447 KB   80/350 KB   322/322 KB   71/246 KB   32/117 KB   447/447 KB   80/350 KB   322/322 KB   75/246 KB   32/117 KB   447/447 KB   80/350 KB   322/322 KB   79/246 KB   32/117 KB   447/447 KB   80/350 KB   322/322 KB   83/246 KB   32/117 KB   447/447 KB   80/350 KB   322/322 KB   87/246 KB   32/117 KB   447/447 KB   80/350 KB   322/322 KB   91/246 KB   32/117 KB   447/447 KB   80/350 KB   322/322 KB   95/246 KB   32/117 KB   447/447 KB   80/350 KB   322/322 KB   99/246 KB   32/117 KB   447/447 KB   80/350 KB   322/322 KB   103/246 KB   32/117 KB   447/447 KB   84/350 KB   322/322 KB   107/246 KB   32/117 KB   447/447 KB   84/350 KB   322/322 KB   111/246 KB   32/117 KB   447/447 KB   84/350 KB   115/246 KB   32/117 KB   447/447 KB   84/350 KB                119/246 KB   32/117 KB   447/447 KB   84/350 KB   123/246 KB   32/117 KB   447/447 KB   84/350 KB   127/246 KB   32/117 KB   447/447 KB   84/350 KB   131/246 KB   32/117 KB   447/447 KB   84/350 KB   135/246 KB   32/117 KB   447/447 KB   84/350 KB   139/246 KB   32/117 KB   447/447 KB   84/350 KB   143/246 KB   32/117 KB   447/447 KB   84/350 KB   147/246 KB   32/117 KB   447/447 KB   84/350 KB   151/246 KB   32/117 KB   447/447 KB   84/350 KB   155/246 KB   32/117 KB   447/447 KB   84/350 KB   159/246 KB   32/117 KB   447/447 KB   84/350 KB   163/246 KB   32/117 KB   447/447 KB   84/350 KB   167/246 KB   32/117 KB   447/447 KB   84/350 KB   171/246 KB   32/117 KB   447/447 KB   84/350 KB   175/246 KB   32/117 KB   447/447 KB   84/350 KB   179/246 KB   32/117 KB   447/447 KB   84/350 KB   183/246 KB   32/117 KB   447/447 KB   84/350 KB   322/322 KB   99/246 KB   32/117 KB   447/447 KB   84/350 KB                                                                  183/246 KB   32/117 KB   447/447 KB   88/350 KB   Downloaded: https://repo.maven.apache.org/maven2/org/apache/struts/struts-core/1.3.8/struts-core-1.3.8.jar (322 KB at 1414.9 KB/sec)
183/246 KB   32/117 KB   447/447 KB   92/350 KB   Downloading: https://repo.maven.apache.org/maven2/org/apache/httpcomponents/httpclient/4.2.3/httpclient-4.2.3.jar
183/246 KB   32/117 KB   447/447 KB   96/350 KB   183/246 KB   32/117 KB   447/447 KB   100/350 KB   183/246 KB   32/117 KB   447/447 KB   104/350 KB   183/246 KB   32/117 KB   447/447 KB   108/350 KB   187/246 KB   32/117 KB   447/447 KB   108/350 KB   187/246 KB   32/117 KB   447/447 KB   112/350 KB   191/246 KB   32/117 KB   447/447 KB   112/350 KB   191/246 KB   32/117 KB   447/447 KB   116/350 KB   191/246 KB   32/117 KB   447/447 KB   120/350 KB   191/246 KB   32/117 KB   447/447 KB   124/350 KB   191/246 KB   32/117 KB   447/447 KB   128/350 KB   195/246 KB   32/117 KB   447/447 KB   128/350 KB   195/246 KB   32/117 KB   447/447 KB   132/350 KB   199/246 KB   32/117 KB   447/447 KB   132/350 KB   199/246 KB   32/117 KB   447/447 KB   136/350 KB   199/246 KB   32/117 KB   447/447 KB   140/350 KB   203/246 KB   32/117 KB   447/447 KB   144/350 KB   203/246 KB   32/117 KB   447/447 KB   144/350 KB   203/246 KB   32/117 KB   447/447 KB   148/350 KB   203/246 KB   32/117 KB   447/447 KB   152/350 KB   203/246 KB   36/117 KB   447/447 KB   152/350 KB   203/246 KB   36/117 KB   447/447 KB   156/350 KB   203/246 KB   40/117 KB   447/447 KB   160/350 KB   203/246 KB   40/117 KB   447/447 KB   160/350 KB   203/246 KB   44/117 KB   447/447 KB   160/350 KB   203/246 KB   48/117 KB   447/447 KB   164/350 KB   203/246 KB   48/117 KB   447/447 KB   164/350 KB   203/246 KB   48/117 KB   447/447 KB   168/350 KB   203/246 KB   48/117 KB   447/447 KB   172/350 KB   203/246 KB   48/117 KB   447/447 KB   176/350 KB   203/246 KB   52/117 KB   447/447 KB   176/350 KB   203/246 KB   56/117 KB   447/447 KB   180/350 KB   203/246 KB   56/117 KB   447/447 KB   180/350 KB   203/246 KB   60/117 KB   447/447 KB   184/350 KB   203/246 KB   60/117 KB   447/447 KB   184/350 KB   203/246 KB   60/117 KB   447/447 KB   188/350 KB   203/246 KB   62/117 KB   447/447 KB   188/350 KB   203/246 KB   62/117 KB   447/447 KB   192/350 KB   203/246 KB   66/117 KB   447/447 KB   192/350 KB   203/246 KB   70/117 KB   447/447 KB   192/350 KB   203/246 KB   74/117 KB   447/447 KB   192/350 KB   203/246 KB   78/117 KB   447/447 KB   192/350 KB                                                      Downloaded: https://repo.maven.apache.org/maven2/dom4j/dom4j/1.1/dom4j-1.1.jar (447 KB at 1923.3 KB/sec)
Downloading: https://repo.maven.apache.org/maven2/org/apache/httpcomponents/httpcore/4.2.2/httpcore-4.2.2.jar
203/246 KB   82/117 KB   192/350 KB                203/246 KB   86/117 KB   192/350 KB   203/246 KB   90/117 KB   192/350 KB   203/246 KB   94/117 KB   192/350 KB   207/246 KB   94/117 KB   192/350 KB   211/246 KB   94/117 KB   192/350 KB   215/246 KB   94/117 KB   192/350 KB   219/246 KB   94/117 KB   192/350 KB   223/246 KB   94/117 KB   192/350 KB   227/246 KB   94/117 KB   192/350 KB   231/246 KB   94/117 KB   192/350 KB   235/246 KB   94/117 KB   192/350 KB   239/246 KB   94/117 KB   192/350 KB   243/246 KB   94/117 KB   192/350 KB   246/246 KB   94/117 KB   192/350 KB   246/246 KB   94/117 KB   196/350 KB   246/246 KB   94/117 KB   200/350 KB   246/246 KB   94/117 KB   204/350 KB   246/246 KB   94/117 KB   208/350 KB   246/246 KB   94/117 KB   212/350 KB   246/246 KB   94/117 KB   216/350 KB   246/246 KB   94/117 KB   220/350 KB   246/246 KB   94/117 KB   224/350 KB   246/246 KB   94/117 KB   228/350 KB   246/246 KB   94/117 KB   232/350 KB   246/246 KB   94/117 KB   236/350 KB   246/246 KB   94/117 KB   240/350 KB   246/246 KB   94/117 KB   244/350 KB   246/246 KB   94/117 KB   248/350 KB   246/246 KB   94/117 KB   252/350 KB   246/246 KB   94/117 KB   256/350 KB   246/246 KB   94/117 KB   260/350 KB   246/246 KB   94/117 KB   264/350 KB   246/246 KB   94/117 KB   268/350 KB   246/246 KB   94/117 KB   272/350 KB   246/246 KB   94/117 KB   276/350 KB   246/246 KB   94/117 KB   280/350 KB   246/246 KB   94/117 KB   284/350 KB   246/246 KB   94/117 KB   288/350 KB   246/246 KB   94/117 KB   292/350 KB   246/246 KB   94/117 KB   296/350 KB   246/246 KB   94/117 KB   300/350 KB   246/246 KB   94/117 KB   304/350 KB   246/246 KB   94/117 KB   308/350 KB   246/246 KB   94/117 KB   312/350 KB   246/246 KB   94/117 KB   316/350 KB   246/246 KB   94/117 KB   320/350 KB   246/246 KB   94/117 KB   324/350 KB   246/246 KB   94/117 KB   328/350 KB   246/246 KB   94/117 KB   332/350 KB   246/246 KB   94/117 KB   336/350 KB   246/246 KB   98/117 KB   336/350 KB   246/246 KB   98/117 KB   340/350 KB   246/246 KB   102/117 KB   340/350 KB   246/246 KB   102/117 KB   344/350 KB   246/246 KB   106/117 KB   344/350 KB   246/246 KB   106/117 KB   348/350 KB   246/246 KB   110/117 KB   348/350 KB   246/246 KB   110/117 KB   350/350 KB   246/246 KB   114/117 KB   350/350 KB   246/246 KB   117/117 KB   350/350 KB   4/219 KB   246/246 KB   117/117 KB   350/350 KB   4/423 KB   4/219 KB   246/246 KB   117/117 KB   350/350 KB   4/423 KB   8/219 KB   246/246 KB   117/117 KB   350/350 KB   8/423 KB   8/219 KB   246/246 KB   117/117 KB   350/350 KB   8/423 KB   12/219 KB   246/246 KB   117/117 KB   350/350 KB   12/423 KB   12/219 KB   246/246 KB   117/117 KB   350/350 KB   12/423 KB   16/219 KB   246/246 KB   117/117 KB   350/350 KB   16/423 KB   16/219 KB   246/246 KB   117/117 KB   350/350 KB   16/423 KB   20/219 KB   246/246 KB   117/117 KB   350/350 KB   20/423 KB   20/219 KB   246/246 KB   117/117 KB   350/350 KB   20/423 KB   24/219 KB   246/246 KB   117/117 KB   350/350 KB   24/423 KB   24/219 KB   246/246 KB   117/117 KB   350/350 KB   24/423 KB   28/219 KB   246/246 KB   117/117 KB   350/350 KB   28/423 KB   32/219 KB   246/246 KB   117/117 KB   350/350 KB   28/423 KB   36/219 KB   246/246 KB   117/117 KB   350/350 KB   28/423 KB   40/219 KB   246/246 KB   117/117 KB   350/350 KB   28/423 KB   44/219 KB   246/246 KB   117/117 KB   350/350 KB   28/423 KB   48/219 KB   246/246 KB   117/117 KB   350/350 KB                                                                  Downloaded: https://repo.maven.apache.org/maven2/org/apache/struts/struts-taglib/1.3.8/struts-taglib-1.3.8.jar (246 KB at 978.6 KB/sec)
28/423 KB   28/219 KB   246/246 KB   117/117 KB   350/350 KB   32/423 KB   48/219 KB   117/117 KB   350/350 KB                32/423 KB   52/219 KB   117/117 KB   350/350 KB   32/423 KB   56/219 KB   117/117 KB   350/350 KB   32/423 KB   60/219 KB   117/117 KB   350/350 KB   36/423 KB   60/219 KB   117/117 KB   350/350 KB   36/423 KB   62/219 KB   117/117 KB   350/350 KB   40/423 KB   62/219 KB   117/117 KB   350/350 KB   44/423 KB   62/219 KB   117/117 KB   350/350 KB   48/423 KB   62/219 KB   117/117 KB   350/350 KB   48/423 KB   66/219 KB   117/117 KB   350/350 KB   48/423 KB   70/219 KB   117/117 KB   350/350 KB   52/423 KB   70/219 KB   117/117 KB   350/350 KB   52/423 KB   74/219 KB   117/117 KB   350/350 KB   56/423 KB   74/219 KB   117/117 KB   350/350 KB   56/423 KB   78/219 KB   117/117 KB   350/350 KB   Downloading: https://repo.maven.apache.org/maven2/log4j/log4j/1.2.14/log4j-1.2.14.jar
60/423 KB   82/219 KB   117/117 KB   350/350 KB   60/423 KB   86/219 KB   117/117 KB   350/350 KB   60/423 KB   78/219 KB   117/117 KB   350/350 KB   60/423 KB   90/219 KB   117/117 KB   350/350 KB   61/423 KB   90/219 KB   117/117 KB   350/350 KB   61/423 KB   94/219 KB   117/117 KB   350/350 KB   65/423 KB   94/219 KB   117/117 KB   350/350 KB   65/423 KB   98/219 KB   117/117 KB   350/350 KB   69/423 KB   98/219 KB   117/117 KB   350/350 KB   69/423 KB   102/219 KB   117/117 KB   350/350 KB   73/423 KB   102/219 KB   117/117 KB   350/350 KB   73/423 KB   106/219 KB   117/117 KB   350/350 KB   77/423 KB   106/219 KB   117/117 KB   350/350 KB   77/423 KB   110/219 KB   117/117 KB   350/350 KB   81/423 KB   110/219 KB   117/117 KB   350/350 KB   81/423 KB   114/219 KB   117/117 KB   350/350 KB   85/423 KB   114/219 KB   117/117 KB   350/350 KB   85/423 KB   118/219 KB   117/117 KB   350/350 KB   89/423 KB   118/219 KB   117/117 KB   350/350 KB   89/423 KB   122/219 KB   117/117 KB   350/350 KB   93/423 KB   122/219 KB   117/117 KB   350/350 KB   93/423 KB   126/219 KB   117/117 KB   350/350 KB   97/423 KB   126/219 KB   117/117 KB   350/350 KB   101/423 KB   126/219 KB   117/117 KB   350/350 KB   101/423 KB   130/219 KB   117/117 KB   350/350 KB   105/423 KB   130/219 KB   117/117 KB   350/350 KB   105/423 KB   134/219 KB   117/117 KB   350/350 KB   109/423 KB   134/219 KB   117/117 KB   350/350 KB   109/423 KB   138/219 KB   117/117 KB   350/350 KB   109/423 KB   142/219 KB   117/117 KB   350/350 KB   113/423 KB   142/219 KB   117/117 KB   350/350 KB   117/423 KB   142/219 KB   117/117 KB   350/350 KB   117/423 KB   146/219 KB   117/117 KB   350/350 KB   121/423 KB   146/219 KB   117/117 KB   350/350 KB   121/423 KB   150/219 KB   117/117 KB   350/350 KB   125/423 KB   150/219 KB   117/117 KB   350/350 KB   125/423 KB   154/219 KB   117/117 KB   350/350 KB   125/423 KB   158/219 KB   117/117 KB   350/350 KB   129/423 KB   158/219 KB   117/117 KB   350/350 KB   133/423 KB   158/219 KB   117/117 KB   350/350 KB   137/423 KB   158/219 KB   117/117 KB   350/350 KB   137/423 KB   162/219 KB   117/117 KB   350/350 KB   141/423 KB   162/219 KB   117/117 KB   350/350 KB   141/423 KB   166/219 KB   117/117 KB   350/350 KB   141/423 KB   170/219 KB   117/117 KB   350/350 KB   141/423 KB   174/219 KB   117/117 KB   350/350 KB   145/423 KB   174/219 KB   117/117 KB   350/350 KB   149/423 KB   174/219 KB   117/117 KB   350/350 KB   153/423 KB   174/219 KB   117/117 KB   350/350 KB   153/423 KB   178/219 KB   117/117 KB   350/350 KB   157/423 KB   178/219 KB   117/117 KB   350/350 KB   157/423 KB   182/219 KB   117/117 KB   350/350 KB   157/423 KB   186/219 KB   117/117 KB   350/350 KB   161/423 KB   186/219 KB   117/117 KB   350/350 KB   161/423 KB   190/219 KB   117/117 KB   350/350 KB   165/423 KB   190/219 KB   117/117 KB   350/350 KB   169/423 KB   190/219 KB   117/117 KB   350/350 KB   173/423 KB   190/219 KB   117/117 KB   350/350 KB   177/423 KB   190/219 KB   117/117 KB   350/350 KB   181/423 KB   190/219 KB   117/117 KB   350/350 KB   185/423 KB   190/219 KB   117/117 KB   350/350 KB                                                       Downloaded: https://repo.maven.apache.org/maven2/antlr/antlr/2.7.2/antlr-2.7.2.jar (350 KB at 1345.7 KB/sec)
Downloading: https://repo.maven.apache.org/maven2/com/thoughtworks/qdox/qdox/1.12.1/qdox-1.12.1.jar
185/423 KB   194/219 KB   117/117 KB                                                       185/423 KB   198/219 KB                Downloaded: https://repo.maven.apache.org/maven2/org/apache/struts/struts-tiles/1.3.8/struts-tiles-1.3.8.jar (117 KB at 447.7 KB/sec)
185/423 KB   202/219 KB   189/423 KB   202/219 KB   189/423 KB   206/219 KB   193/423 KB   206/219 KB   193/423 KB   210/219 KB   197/423 KB   210/219 KB   201/423 KB   210/219 KB   205/423 KB   210/219 KB   205/423 KB   214/219 KB   205/423 KB   218/219 KB   209/423 KB   218/219 KB   209/423 KB   219/219 KB   213/423 KB   219/219 KB   217/423 KB   219/219 KB   221/423 KB   219/219 KB   225/423 KB   219/219 KB   229/423 KB   219/219 KB   233/423 KB   219/219 KB   237/423 KB   219/219 KB   241/423 KB   219/219 KB   245/423 KB   219/219 KB   249/423 KB   219/219 KB   253/423 KB   219/219 KB   257/423 KB   219/219 KB   261/423 KB   219/219 KB   265/423 KB   219/219 KB   269/423 KB   219/219 KB   273/423 KB   219/219 KB   277/423 KB   219/219 KB   281/423 KB   219/219 KB   285/423 KB   219/219 KB   289/423 KB   219/219 KB   293/423 KB   219/219 KB   297/423 KB   219/219 KB   301/423 KB   219/219 KB   305/423 KB   219/219 KB   309/423 KB   219/219 KB   313/423 KB   219/219 KB   317/423 KB   219/219 KB   321/423 KB   219/219 KB   325/423 KB   219/219 KB   329/423 KB   219/219 KB   333/423 KB   219/219 KB   337/423 KB   219/219 KB   341/423 KB   219/219 KB   345/423 KB   219/219 KB   349/423 KB   219/219 KB   353/423 KB   219/219 KB   357/423 KB   219/219 KB   361/423 KB   219/219 KB   365/423 KB   219/219 KB   365/423 KB   219/219 KB   4/359 KB   365/423 KB   219/219 KB   8/359 KB   365/423 KB   219/219 KB   12/359 KB   365/423 KB   219/219 KB   16/359 KB   369/423 KB   219/219 KB   16/359 KB   373/423 KB   219/219 KB   16/359 KB   373/423 KB   219/219 KB   20/359 KB   377/423 KB   219/219 KB   20/359 KB   377/423 KB   219/219 KB   24/359 KB   377/423 KB   219/219 KB   28/359 KB   381/423 KB   219/219 KB   32/359 KB   381/423 KB   219/219 KB   32/359 KB   385/423 KB   219/219 KB   32/359 KB   385/423 KB   219/219 KB   36/359 KB   389/423 KB   219/219 KB   36/359 KB   389/423 KB   219/219 KB   40/359 KB   393/423 KB   219/219 KB   44/359 KB   393/423 KB   219/219 KB   44/359 KB   397/423 KB   219/219 KB   44/359 KB   397/423 KB   219/219 KB   48/359 KB   401/423 KB   219/219 KB   48/359 KB   401/423 KB   219/219 KB   52/359 KB   405/423 KB   219/219 KB   52/359 KB   405/423 KB   219/219 KB   56/359 KB   405/423 KB   219/219 KB   60/359 KB   409/423 KB   219/219 KB   60/359 KB   409/423 KB   219/219 KB   63/359 KB   413/423 KB   219/219 KB   63/359 KB   413/423 KB   219/219 KB   67/359 KB   417/423 KB   219/219 KB   67/359 KB   417/423 KB   219/219 KB   71/359 KB   421/423 KB   219/219 KB   75/359 KB   421/423 KB   219/219 KB   75/359 KB   423/423 KB   219/219 KB   75/359 KB   423/423 KB   219/219 KB   79/359 KB   423/423 KB   219/219 KB   83/359 KB   423/423 KB   219/219 KB   87/359 KB   423/423 KB   219/219 KB   91/359 KB   423/423 KB   219/219 KB   95/359 KB   423/423 KB   219/219 KB   99/359 KB   423/423 KB   219/219 KB   103/359 KB   423/423 KB   219/219 KB   107/359 KB   423/423 KB   219/219 KB   111/359 KB   423/423 KB   219/219 KB   115/359 KB   423/423 KB   219/219 KB   119/359 KB   423/423 KB   219/219 KB   123/359 KB   423/423 KB   219/219 KB   127/359 KB   423/423 KB   219/219 KB   131/359 KB   423/423 KB   219/219 KB   131/359 KB   4/176 KB   423/423 KB   219/219 KB   135/359 KB   4/176 KB   423/423 KB   219/219 KB   139/359 KB   4/176 KB   423/423 KB   219/219 KB   143/359 KB   8/176 KB   423/423 KB   219/219 KB   147/359 KB   8/176 KB   423/423 KB   219/219 KB   151/359 KB   8/176 KB   423/423 KB   219/219 KB   155/359 KB   8/176 KB   423/423 KB   219/219 KB   159/359 KB   8/176 KB   423/423 KB   219/219 KB   163/359 KB   8/176 KB   423/423 KB   219/219 KB   167/359 KB   8/176 KB   423/423 KB   219/219 KB   171/359 KB   8/176 KB   423/423 KB   219/219 KB   175/359 KB   8/176 KB   423/423 KB   219/219 KB   179/359 KB   8/176 KB   423/423 KB   219/219 KB   139/359 KB   8/176 KB   423/423 KB   219/219 KB   179/359 KB   12/176 KB   423/423 KB   219/219 KB   179/359 KB   16/176 KB   423/423 KB   219/219 KB   179/359 KB   20/176 KB                                                      423/423 KB   179/359 KB   24/176 KB                Downloaded: https://repo.maven.apache.org/maven2/org/apache/httpcomponents/httpcore/4.2.2/httpcore-4.2.2.jar (219 KB at 777.0 KB/sec)
423/423 KB   179/359 KB   28/176 KB   423/423 KB   179/359 KB   32/176 KB   423/423 KB   179/359 KB   36/176 KB   423/423 KB   179/359 KB   40/176 KB   423/423 KB   179/359 KB   44/176 KB   423/423 KB   179/359 KB   48/176 KB   423/423 KB   179/359 KB   51/176 KB   423/423 KB   179/359 KB   55/176 KB   423/423 KB   179/359 KB   59/176 KB   423/423 KB   179/359 KB   63/176 KB   423/423 KB   179/359 KB   67/176 KB   423/423 KB   179/359 KB   71/176 KB   423/423 KB   179/359 KB   75/176 KB   423/423 KB   179/359 KB   79/176 KB   423/423 KB   179/359 KB   83/176 KB   423/423 KB   179/359 KB   87/176 KB   423/423 KB   179/359 KB   91/176 KB   423/423 KB   179/359 KB   95/176 KB   423/423 KB   179/359 KB   99/176 KB   423/423 KB   179/359 KB   103/176 KB   423/423 KB   179/359 KB   107/176 KB   423/423 KB   179/359 KB   111/176 KB   423/423 KB   183/359 KB   115/176 KB   423/423 KB   183/359 KB   119/176 KB   423/423 KB   183/359 KB   123/176 KB   423/423 KB   183/359 KB   127/176 KB   423/423 KB   183/359 KB   131/176 KB   423/423 KB   183/359 KB   135/176 KB   423/423 KB   183/359 KB   139/176 KB   423/423 KB   183/359 KB   143/176 KB   423/423 KB   183/359 KB   147/176 KB   423/423 KB   183/359 KB   151/176 KB   423/423 KB   183/359 KB   155/176 KB   423/423 KB   183/359 KB   159/176 KB   423/423 KB   183/359 KB   163/176 KB   423/423 KB   183/359 KB   167/176 KB   423/423 KB   183/359 KB   171/176 KB   423/423 KB   183/359 KB   175/176 KB   423/423 KB   183/359 KB   176/176 KB   423/423 KB   183/359 KB   111/176 KB   423/423 KB   187/359 KB   176/176 KB   423/423 KB   191/359 KB   176/176 KB   423/423 KB   195/359 KB   176/176 KB   423/423 KB   199/359 KB   176/176 KB   423/423 KB   203/359 KB   176/176 KB   423/423 KB   207/359 KB   176/176 KB   423/423 KB   211/359 KB   176/176 KB   423/423 KB   215/359 KB   176/176 KB   423/423 KB   219/359 KB   176/176 KB   423/423 KB   223/359 KB   176/176 KB   423/423 KB   227/359 KB   176/176 KB   423/423 KB   231/359 KB   176/176 KB   423/423 KB   235/359 KB   176/176 KB   423/423 KB   239/359 KB   176/176 KB   423/423 KB   243/359 KB   176/176 KB   423/423 KB   247/359 KB   176/176 KB   423/423 KB   251/359 KB   176/176 KB   423/423 KB   255/359 KB   176/176 KB   423/423 KB   259/359 KB   176/176 KB   423/423 KB   263/359 KB   176/176 KB   423/423 KB   267/359 KB   176/176 KB   423/423 KB   271/359 KB   176/176 KB   423/423 KB   275/359 KB   176/176 KB   423/423 KB   279/359 KB   176/176 KB   423/423 KB   283/359 KB   176/176 KB   423/423 KB   287/359 KB   176/176 KB   423/423 KB   291/359 KB   176/176 KB   423/423 KB   295/359 KB   176/176 KB   423/423 KB   299/359 KB   176/176 KB   423/423 KB   303/359 KB   176/176 KB   423/423 KB   307/359 KB   176/176 KB   423/423 KB   311/359 KB   176/176 KB   423/423 KB   315/359 KB   176/176 KB   423/423 KB   319/359 KB   176/176 KB   423/423 KB   323/359 KB   176/176 KB   423/423 KB   327/359 KB   176/176 KB   423/423 KB   331/359 KB   176/176 KB   423/423 KB   335/359 KB   176/176 KB   423/423 KB   339/359 KB   176/176 KB   423/423 KB   343/359 KB   176/176 KB   423/423 KB   347/359 KB   176/176 KB   423/423 KB   351/359 KB   176/176 KB   423/423 KB   355/359 KB   176/176 KB   423/423 KB   359/359 KB   176/176 KB   423/423 KB   359/359 KB   176/176 KB                                          Downloaded: https://repo.maven.apache.org/maven2/org/apache/httpcomponents/httpclient/4.2.3/httpclient-4.2.3.jar (423 KB at 1409.7 KB/sec)
                                       Downloaded: https://repo.maven.apache.org/maven2/log4j/log4j/1.2.14/log4j-1.2.14.jar (359 KB at 1139.1 KB/sec)
                                       Downloaded: https://repo.maven.apache.org/maven2/com/thoughtworks/qdox/qdox/1.12.1/qdox-1.12.1.jar (176 KB at 555.7 KB/sec)
[INFO] Not executing Javadoc as the project is not a Java classpath-capable package
[INFO] 
[INFO] --- maven-enforcer-plugin:1.0:enforce (enforce-maven) @ dagger-parent ---
[INFO] 
[INFO] --- maven-checkstyle-plugin:2.10:checkstyle (default) @ dagger-parent ---
[INFO] 
[INFO] --- maven-install-plugin:2.4:install (default-install) @ dagger-parent ---
[INFO] Installing /home/travis/build/square/dagger/pom.xml to /home/travis/.m2/repository/com/squareup/dagger/dagger-parent/1.2.3-SNAPSHOT/dagger-parent-1.2.3-SNAPSHOT.pom
[INFO] 
[INFO] --- maven-deploy-plugin:2.7:deploy (default-deploy) @ dagger-parent ---
Downloading: https://oss.sonatype.org/content/repositories/snapshots/com/squareup/dagger/dagger-parent/1.2.3-SNAPSHOT/maven-metadata.xml
611/611 B                                          Downloaded: https://oss.sonatype.org/content/repositories/snapshots/com/squareup/dagger/dagger-parent/1.2.3-SNAPSHOT/maven-metadata.xml (611 B at 7.9 KB/sec)
Uploading: https://oss.sonatype.org/content/repositories/snapshots/com/squareup/dagger/dagger-parent/1.2.3-SNAPSHOT/dagger-parent-1.2.3-20151226.024057-12.pom
2/6 KB      4/6 KB   6/6 KB            Uploaded: https://oss.sonatype.org/content/repositories/snapshots/com/squareup/dagger/dagger-parent/1.2.3-SNAPSHOT/dagger-parent-1.2.3-20151226.024057-12.pom (6 KB at 26.9 KB/sec)
Downloading: https://oss.sonatype.org/content/repositories/snapshots/com/squareup/dagger/dagger-parent/maven-metadata.xml
390/390 B               Downloaded: https://oss.sonatype.org/content/repositories/snapshots/com/squareup/dagger/dagger-parent/maven-metadata.xml (390 B at 8.1 KB/sec)
Uploading: https://oss.sonatype.org/content/repositories/snapshots/com/squareup/dagger/dagger-parent/1.2.3-SNAPSHOT/maven-metadata.xml
611/611 B               Uploaded: https://oss.sonatype.org/content/repositories/snapshots/com/squareup/dagger/dagger-parent/1.2.3-SNAPSHOT/maven-metadata.xml (611 B at 5.0 KB/sec)
Uploading: https://oss.sonatype.org/content/repositories/snapshots/com/squareup/dagger/dagger-parent/maven-metadata.xml
390/390 B               Uploaded: https://oss.sonatype.org/content/repositories/snapshots/com/squareup/dagger/dagger-parent/maven-metadata.xml (390 B at 3.0 KB/sec)
[INFO]                                                                         
[INFO] ------------------------------------------------------------------------
[INFO] Building Dagger 1.2.3-SNAPSHOT
[INFO] ------------------------------------------------------------------------
[INFO] 
[INFO] --- maven-clean-plugin:2.5:clean (default-clean) @ dagger ---
[INFO] Deleting /home/travis/build/square/dagger/core/target
[INFO] 
[INFO] >>> maven-source-plugin:2.4:jar (default-cli) > generate-sources @ dagger >>>
[INFO] 
[INFO] --- maven-enforcer-plugin:1.0:enforce (enforce-maven) @ dagger ---
[INFO] 
[INFO] <<< maven-source-plugin:2.4:jar (default-cli) < generate-sources @ dagger <<<
[INFO] 
[INFO] --- maven-source-plugin:2.4:jar (default-cli) @ dagger ---
[INFO] Building jar: /home/travis/build/square/dagger/core/target/dagger-1.2.3-SNAPSHOT-sources.jar
[INFO] 
[INFO] --- maven-javadoc-plugin:2.10.3:jar (default-cli) @ dagger ---
[INFO] 
Loading source files for package dagger...
Constructing Javadoc information...
Standard Doclet version 1.7.0_76
Building tree for all the packages and classes...
Generating /home/travis/build/square/dagger/core/target/apidocs/dagger/Lazy.html...
Generating /home/travis/build/square/dagger/core/target/apidocs/dagger/MembersInjector.html...
Generating /home/travis/build/square/dagger/core/target/apidocs/dagger/Module.html...
Generating /home/travis/build/square/dagger/core/target/apidocs/dagger/ObjectGraph.html...
Generating /home/travis/build/square/dagger/core/target/apidocs/dagger/Provides.html...
Generating /home/travis/build/square/dagger/core/target/apidocs/dagger/Provides.Type.html...
Generating /home/travis/build/square/dagger/core/target/apidocs/dagger/package-frame.html...
Generating /home/travis/build/square/dagger/core/target/apidocs/dagger/package-summary.html...
Generating /home/travis/build/square/dagger/core/target/apidocs/dagger/package-tree.html...
Generating /home/travis/build/square/dagger/core/target/apidocs/constant-values.html...
Generating /home/travis/build/square/dagger/core/target/apidocs/dagger/class-use/Provides.html...
Generating /home/travis/build/square/dagger/core/target/apidocs/dagger/class-use/Provides.Type.html...
Generating /home/travis/build/square/dagger/core/target/apidocs/dagger/class-use/ObjectGraph.html...
Generating /home/travis/build/square/dagger/core/target/apidocs/dagger/class-use/Module.html...
Generating /home/travis/build/square/dagger/core/target/apidocs/dagger/class-use/MembersInjector.html...
Generating /home/travis/build/square/dagger/core/target/apidocs/dagger/class-use/Lazy.html...
Generating /home/travis/build/square/dagger/core/target/apidocs/dagger/package-use.html...
Building index for all the packages and classes...
Generating /home/travis/build/square/dagger/core/target/apidocs/overview-tree.html...
Generating /home/travis/build/square/dagger/core/target/apidocs/index-all.html...
Generating /home/travis/build/square/dagger/core/target/apidocs/deprecated-list.html...
Building index for all classes...
Generating /home/travis/build/square/dagger/core/target/apidocs/allclasses-frame.html...
Generating /home/travis/build/square/dagger/core/target/apidocs/allclasses-noframe.html...
Generating /home/travis/build/square/dagger/core/target/apidocs/index.html...
Generating /home/travis/build/square/dagger/core/target/apidocs/help-doc.html...
[INFO] Building jar: /home/travis/build/square/dagger/core/target/dagger-1.2.3-SNAPSHOT-javadoc.jar
[INFO] 
[INFO] --- maven-enforcer-plugin:1.0:enforce (enforce-maven) @ dagger ---
[INFO] 
[INFO] --- maven-resources-plugin:2.6:resources (default-resources) @ dagger ---
[INFO] Using 'UTF-8' encoding to copy filtered resources.
[INFO] skip non existing resourceDirectory /home/travis/build/square/dagger/core/src/main/resources
[INFO] 
[INFO] --- maven-compiler-plugin:3.1:compile (default-compile) @ dagger ---
[INFO] Changes detected - recompiling the module!
[INFO] Compiling 25 source files to /home/travis/build/square/dagger/core/target/classes
[WARNING] bootstrap class path not set in conjunction with -source 1.6
[WARNING] /home/travis/build/square/dagger/core/src/main/java/dagger/internal/Binding.java:[155,17] serializable class dagger.internal.Binding.InvalidBindingException has no definition of serialVersionUID
[WARNING] /home/travis/build/square/dagger/core/src/main/java/dagger/internal/ProblemDetector.java:[33,10] found raw type: dagger.internal.Binding
  missing type arguments for generic class dagger.internal.Binding<T>
[WARNING] /home/travis/build/square/dagger/core/src/main/java/dagger/internal/ProblemDetector.java:[33,50] found raw type: dagger.internal.Binding
  missing type arguments for generic class dagger.internal.Binding<T>
[WARNING] /home/travis/build/square/dagger/core/src/main/java/dagger/internal/ArrayQueue.java:[530,58] unchecked cast
  required: T[]
  found:    java.lang.Object
[WARNING] /home/travis/build/square/dagger/core/src/main/java/dagger/internal/ArrayQueue.java:[554,63] unchecked cast
  required: dagger.internal.ArrayQueue<E>
  found:    java.lang.Object
[WARNING] /home/travis/build/square/dagger/core/src/main/java/dagger/internal/ArrayQueue.java:[555,54] unchecked cast
  required: E[]
  found:    java.lang.Object
[WARNING] /home/travis/build/square/dagger/core/src/main/java/dagger/ObjectGraph.java:[163,90] unchecked cast
  required: dagger.internal.ModuleAdapter<java.lang.Object>
  found:    dagger.internal.ModuleAdapter<capture#1 of ?>
[INFO] 
[INFO] --- maven-checkstyle-plugin:2.10:checkstyle (default) @ dagger ---
[INFO] Starting audit...
Audit done.

[WARNING] Unable to locate Source XRef to link to - DISABLED
[INFO] 
[INFO] --- animal-sniffer-maven-plugin:1.8:check (sniff-api) @ dagger ---
[INFO] Checking unresolved references to org.codehaus.mojo.signature:java15:1.0
[INFO] 
[INFO] --- maven-resources-plugin:2.6:testResources (default-testResources) @ dagger ---
[INFO] Not copying test resources
[INFO] 
[INFO] --- maven-compiler-plugin:3.1:testCompile (default-testCompile) @ dagger ---
[INFO] Not compiling test sources
[INFO] 
[INFO] --- maven-surefire-plugin:2.12.4:test (default-test) @ dagger ---
[INFO] Tests are skipped.
[INFO] 
[INFO] --- maven-jar-plugin:2.4:jar (default-jar) @ dagger ---
[INFO] Building jar: /home/travis/build/square/dagger/core/target/dagger-1.2.3-SNAPSHOT.jar
[INFO] 
[INFO] --- maven-jar-plugin:2.4:test-jar (default) @ dagger ---
[INFO] Skipping packaging of the test-jar
[INFO] 
[INFO] --- maven-install-plugin:2.4:install (default-install) @ dagger ---
[INFO] Installing /home/travis/build/square/dagger/core/target/dagger-1.2.3-SNAPSHOT.jar to /home/travis/.m2/repository/com/squareup/dagger/dagger/1.2.3-SNAPSHOT/dagger-1.2.3-SNAPSHOT.jar
[INFO] Installing /home/travis/build/square/dagger/core/pom.xml to /home/travis/.m2/repository/com/squareup/dagger/dagger/1.2.3-SNAPSHOT/dagger-1.2.3-SNAPSHOT.pom
[INFO] Installing /home/travis/build/square/dagger/core/target/dagger-1.2.3-SNAPSHOT-sources.jar to /home/travis/.m2/repository/com/squareup/dagger/dagger/1.2.3-SNAPSHOT/dagger-1.2.3-SNAPSHOT-sources.jar
[INFO] Installing /home/travis/build/square/dagger/core/target/dagger-1.2.3-SNAPSHOT-javadoc.jar to /home/travis/.m2/repository/com/squareup/dagger/dagger/1.2.3-SNAPSHOT/dagger-1.2.3-SNAPSHOT-javadoc.jar
[INFO] 
[INFO] --- maven-deploy-plugin:2.7:deploy (default-deploy) @ dagger ---
Downloading: https://oss.sonatype.org/content/repositories/snapshots/com/squareup/dagger/dagger/1.2.3-SNAPSHOT/maven-metadata.xml
2/2 KB               Downloaded: https://oss.sonatype.org/content/repositories/snapshots/com/squareup/dagger/dagger/1.2.3-SNAPSHOT/maven-metadata.xml (2 KB at 29.5 KB/sec)
Uploading: https://oss.sonatype.org/content/repositories/snapshots/com/squareup/dagger/dagger/1.2.3-SNAPSHOT/dagger-1.2.3-20151226.024106-12.jar
2/59 KB   4/59 KB   6/59 KB   8/59 KB   10/59 KB   12/59 KB   14/59 KB   16/59 KB   18/59 KB   20/59 KB   22/59 KB   24/59 KB   26/59 KB   28/59 KB   30/59 KB   32/59 KB   34/59 KB   36/59 KB   38/59 KB   40/59 KB   42/59 KB   44/59 KB   46/59 KB   48/59 KB   50/59 KB   52/59 KB   54/59 KB   56/59 KB   58/59 KB   59/59 KB              Uploaded: https://oss.sonatype.org/content/repositories/snapshots/com/squareup/dagger/dagger/1.2.3-SNAPSHOT/dagger-1.2.3-20151226.024106-12.jar (59 KB at 479.7 KB/sec)
Uploading: https://oss.sonatype.org/content/repositories/snapshots/com/squareup/dagger/dagger/1.2.3-SNAPSHOT/dagger-1.2.3-20151226.024106-12.pom
2/3 KB     3/3 KB            Uploaded: https://oss.sonatype.org/content/repositories/snapshots/com/squareup/dagger/dagger/1.2.3-SNAPSHOT/dagger-1.2.3-20151226.024106-12.pom (3 KB at 19.7 KB/sec)
Downloading: https://oss.sonatype.org/content/repositories/snapshots/com/squareup/dagger/dagger/maven-metadata.xml
383/383 B               Downloaded: https://oss.sonatype.org/content/repositories/snapshots/com/squareup/dagger/dagger/maven-metadata.xml (383 B at 8.0 KB/sec)
Uploading: https://oss.sonatype.org/content/repositories/snapshots/com/squareup/dagger/dagger/1.2.3-SNAPSHOT/maven-metadata.xml
2/2 KB               Uploaded: https://oss.sonatype.org/content/repositories/snapshots/com/squareup/dagger/dagger/1.2.3-SNAPSHOT/maven-metadata.xml (2 KB at 9.8 KB/sec)
Uploading: https://oss.sonatype.org/content/repositories/snapshots/com/squareup/dagger/dagger/maven-metadata.xml
383/383 B               Uploaded: https://oss.sonatype.org/content/repositories/snapshots/com/squareup/dagger/dagger/maven-metadata.xml (383 B at 3.1 KB/sec)
Uploading: https://oss.sonatype.org/content/repositories/snapshots/com/squareup/dagger/dagger/1.2.3-SNAPSHOT/dagger-1.2.3-20151226.024106-12-sources.jar
2/45 KB     4/45 KB   6/45 KB   8/45 KB   10/45 KB   12/45 KB   14/45 KB   16/45 KB   18/45 KB   20/45 KB   22/45 KB   24/45 KB   26/45 KB   28/45 KB   30/45 KB   32/45 KB   34/45 KB   36/45 KB   38/45 KB   40/45 KB   42/45 KB   44/45 KB   45/45 KB              Uploaded: https://oss.sonatype.org/content/repositories/snapshots/com/squareup/dagger/dagger/1.2.3-SNAPSHOT/dagger-1.2.3-20151226.024106-12-sources.jar (45 KB at 348.7 KB/sec)
Uploading: https://oss.sonatype.org/content/repositories/snapshots/com/squareup/dagger/dagger/1.2.3-SNAPSHOT/maven-metadata.xml
2/2 KB              Uploaded: https://oss.sonatype.org/content/repositories/snapshots/com/squareup/dagger/dagger/1.2.3-SNAPSHOT/maven-metadata.xml (2 KB at 9.6 KB/sec)
Uploading: https://oss.sonatype.org/content/repositories/snapshots/com/squareup/dagger/dagger/1.2.3-SNAPSHOT/dagger-1.2.3-20151226.024106-12-javadoc.jar
2/60 KB   4/60 KB   6/60 KB   8/60 KB   10/60 KB   12/60 KB   14/60 KB   16/60 KB   18/60 KB   20/60 KB   22/60 KB   24/60 KB   26/60 KB   28/60 KB   30/60 KB   32/60 KB   34/60 KB   36/60 KB   38/60 KB   40/60 KB   42/60 KB   44/60 KB   46/60 KB   48/60 KB   50/60 KB   52/60 KB   54/60 KB   56/60 KB   58/60 KB   60/60 KB              Uploaded: https://oss.sonatype.org/content/repositories/snapshots/com/squareup/dagger/dagger/1.2.3-SNAPSHOT/dagger-1.2.3-20151226.024106-12-javadoc.jar (60 KB at 466.9 KB/sec)
Uploading: https://oss.sonatype.org/content/repositories/snapshots/com/squareup/dagger/dagger/1.2.3-SNAPSHOT/maven-metadata.xml
2/2 KB              Uploaded: https://oss.sonatype.org/content/repositories/snapshots/com/squareup/dagger/dagger/1.2.3-SNAPSHOT/maven-metadata.xml (2 KB at 8.2 KB/sec)
[INFO]                                                                         
[INFO] ------------------------------------------------------------------------
[INFO] Building Dagger Compiler 1.2.3-SNAPSHOT
[INFO] ------------------------------------------------------------------------
[INFO] 
[INFO] --- maven-clean-plugin:2.5:clean (default-clean) @ dagger-compiler ---
[INFO] Deleting /home/travis/build/square/dagger/compiler/target
[INFO] 
[INFO] >>> maven-source-plugin:2.4:jar (default-cli) > generate-sources @ dagger-compiler >>>
[INFO] 
[INFO] --- maven-enforcer-plugin:1.0:enforce (enforce-maven) @ dagger-compiler ---
[INFO] 
[INFO] <<< maven-source-plugin:2.4:jar (default-cli) < generate-sources @ dagger-compiler <<<
[INFO] 
[INFO] --- maven-source-plugin:2.4:jar (default-cli) @ dagger-compiler ---
[INFO] Building jar: /home/travis/build/square/dagger/compiler/target/dagger-compiler-1.2.3-SNAPSHOT-sources.jar
[INFO] 
[INFO] --- maven-javadoc-plugin:2.10.3:jar (default-cli) @ dagger-compiler ---
[INFO] 
Loading source files for package dagger.internal.codegen...
Constructing Javadoc information...
Standard Doclet version 1.7.0_76
Building tree for all the packages and classes...
Generating /home/travis/build/square/dagger/compiler/target/apidocs/dagger/internal/codegen/AdapterJavadocs.html...
Generating /home/travis/build/square/dagger/compiler/target/apidocs/dagger/internal/codegen/GraphAnalysisLoader.html...
Generating /home/travis/build/square/dagger/compiler/target/apidocs/dagger/internal/codegen/GraphAnalysisProcessor.html...
Generating /home/travis/build/square/dagger/compiler/target/apidocs/dagger/internal/codegen/GraphAnalysisStaticInjection.html...
Generating /home/travis/build/square/dagger/compiler/target/apidocs/dagger/internal/codegen/GraphVisualizer.html...
Generating /home/travis/build/square/dagger/compiler/target/apidocs/dagger/internal/codegen/GraphVizWriter.html...
Generating /home/travis/build/square/dagger/compiler/target/apidocs/dagger/internal/codegen/InjectAdapterProcessor.html...
Generating /home/travis/build/square/dagger/compiler/target/apidocs/dagger/internal/codegen/ModuleAdapterProcessor.html...
Generating /home/travis/build/square/dagger/compiler/target/apidocs/dagger/internal/codegen/ValidationProcessor.html...
Generating /home/travis/build/square/dagger/compiler/target/apidocs/dagger/internal/codegen/package-frame.html...
Generating /home/travis/build/square/dagger/compiler/target/apidocs/dagger/internal/codegen/package-summary.html...
Generating /home/travis/build/square/dagger/compiler/target/apidocs/dagger/internal/codegen/package-tree.html...
Generating /home/travis/build/square/dagger/compiler/target/apidocs/constant-values.html...
Generating /home/travis/build/square/dagger/compiler/target/apidocs/dagger/internal/codegen/class-use/ValidationProcessor.html...
Generating /home/travis/build/square/dagger/compiler/target/apidocs/dagger/internal/codegen/class-use/ModuleAdapterProcessor.html...
Generating /home/travis/build/square/dagger/compiler/target/apidocs/dagger/internal/codegen/class-use/InjectAdapterProcessor.html...
Generating /home/travis/build/square/dagger/compiler/target/apidocs/dagger/internal/codegen/class-use/GraphVizWriter.html...
Generating /home/travis/build/square/dagger/compiler/target/apidocs/dagger/internal/codegen/class-use/GraphVisualizer.html...
Generating /home/travis/build/square/dagger/compiler/target/apidocs/dagger/internal/codegen/class-use/GraphAnalysisStaticInjection.html...
Generating /home/travis/build/square/dagger/compiler/target/apidocs/dagger/internal/codegen/class-use/GraphAnalysisProcessor.html...
Generating /home/travis/build/square/dagger/compiler/target/apidocs/dagger/internal/codegen/class-use/GraphAnalysisLoader.html...
Generating /home/travis/build/square/dagger/compiler/target/apidocs/dagger/internal/codegen/class-use/AdapterJavadocs.html...
Generating /home/travis/build/square/dagger/compiler/target/apidocs/dagger/internal/codegen/package-use.html...
Building index for all the packages and classes...
Generating /home/travis/build/square/dagger/compiler/target/apidocs/overview-tree.html...
Generating /home/travis/build/square/dagger/compiler/target/apidocs/index-all.html...
Generating /home/travis/build/square/dagger/compiler/target/apidocs/deprecated-list.html...
Building index for all classes...
Generating /home/travis/build/square/dagger/compiler/target/apidocs/allclasses-frame.html...
Generating /home/travis/build/square/dagger/compiler/target/apidocs/allclasses-noframe.html...
Generating /home/travis/build/square/dagger/compiler/target/apidocs/index.html...
Generating /home/travis/build/square/dagger/compiler/target/apidocs/help-doc.html...
[INFO] Building jar: /home/travis/build/square/dagger/compiler/target/dagger-compiler-1.2.3-SNAPSHOT-javadoc.jar
[INFO] 
[INFO] --- maven-enforcer-plugin:1.0:enforce (enforce-maven) @ dagger-compiler ---
[INFO] 
[INFO] --- maven-resources-plugin:2.6:resources (default-resources) @ dagger-compiler ---
[INFO] Using 'UTF-8' encoding to copy filtered resources.
[INFO] Copying 1 resource
[INFO] 
[INFO] --- maven-compiler-plugin:3.1:compile (default-compile) @ dagger-compiler ---
[INFO] Changes detected - recompiling the module!
[INFO] Compiling 13 source files to /home/travis/build/square/dagger/compiler/target/classes
[WARNING] bootstrap class path not set in conjunction with -source 1.6
[INFO] 
[INFO] --- maven-checkstyle-plugin:2.10:checkstyle (default) @ dagger-compiler ---
[INFO] Starting audit...
Audit done.

[WARNING] Unable to locate Source XRef to link to - DISABLED
[INFO] 
[INFO] --- maven-resources-plugin:2.6:testResources (default-testResources) @ dagger-compiler ---
[INFO] Not copying test resources
[INFO] 
[INFO] --- maven-compiler-plugin:3.1:testCompile (default-testCompile) @ dagger-compiler ---
[INFO] Not compiling test sources
[INFO] 
[INFO] --- maven-compiler-plugin:3.1:testCompile (default-test-compile) @ dagger-compiler ---
[INFO] Not compiling test sources
[INFO] 
[INFO] --- maven-surefire-plugin:2.12.4:test (default-test) @ dagger-compiler ---
[INFO] Tests are skipped.
[INFO] 
[INFO] --- maven-jar-plugin:2.4:jar (default-jar) @ dagger-compiler ---
[INFO] Building jar: /home/travis/build/square/dagger/compiler/target/dagger-compiler-1.2.3-SNAPSHOT.jar
[INFO] 
[INFO] --- maven-assembly-plugin:2.2-beta-5:single (default) @ dagger-compiler ---
[INFO] META-INF/ already added, skipping
[INFO] META-INF/MANIFEST.MF already added, skipping
[INFO] META-INF/maven/ already added, skipping
[INFO] META-INF/MANIFEST.MF already added, skipping
[INFO] META-INF/ already added, skipping
[INFO] META-INF/maven/ already added, skipping
[INFO] com/ already added, skipping
[INFO] Building jar: /home/travis/build/square/dagger/compiler/target/dagger-compiler-1.2.3-SNAPSHOT-jar-with-dependencies.jar
[INFO] META-INF/ already added, skipping
[INFO] META-INF/MANIFEST.MF already added, skipping
[INFO] META-INF/maven/ already added, skipping
[INFO] META-INF/MANIFEST.MF already added, skipping
[INFO] META-INF/ already added, skipping
[INFO] META-INF/maven/ already added, skipping
[INFO] com/ already added, skipping
[INFO] 
[INFO] --- maven-invoker-plugin:1.7:install (integration-test) @ dagger-compiler ---
[INFO] Installing /home/travis/build/square/dagger/core/pom.xml to /home/travis/build/square/dagger/compiler/target/local-repo/com/squareup/dagger/dagger/1.2.3-SNAPSHOT/dagger-1.2.3-SNAPSHOT.pom
[INFO] Installing /home/travis/build/square/dagger/core/target/dagger-1.2.3-SNAPSHOT.jar to /home/travis/build/square/dagger/compiler/target/local-repo/com/squareup/dagger/dagger/1.2.3-SNAPSHOT/dagger-1.2.3-SNAPSHOT.jar
[INFO] Installing /home/travis/build/square/dagger/core/pom.xml to /home/travis/build/square/dagger/compiler/target/local-repo/com/squareup/dagger/dagger/1.2.3-SNAPSHOT/dagger-1.2.3-SNAPSHOT.pom
[INFO] Installing /home/travis/build/square/dagger/core/target/dagger-1.2.3-SNAPSHOT-sources.jar to /home/travis/build/square/dagger/compiler/target/local-repo/com/squareup/dagger/dagger/1.2.3-SNAPSHOT/dagger-1.2.3-SNAPSHOT-sources.jar
[INFO] Installing /home/travis/build/square/dagger/core/target/dagger-1.2.3-SNAPSHOT-javadoc.jar to /home/travis/build/square/dagger/compiler/target/local-repo/com/squareup/dagger/dagger/1.2.3-SNAPSHOT/dagger-1.2.3-SNAPSHOT-javadoc.jar
[INFO] Installing /home/travis/build/square/dagger/pom.xml to /home/travis/build/square/dagger/compiler/target/local-repo/com/squareup/dagger/dagger-parent/1.2.3-SNAPSHOT/dagger-parent-1.2.3-SNAPSHOT.pom
[INFO] Installing /home/travis/build/square/dagger/compiler/pom.xml to /home/travis/build/square/dagger/compiler/target/local-repo/com/squareup/dagger/dagger-compiler/1.2.3-SNAPSHOT/dagger-compiler-1.2.3-SNAPSHOT.pom
[INFO] Installing /home/travis/build/square/dagger/compiler/target/dagger-compiler-1.2.3-SNAPSHOT.jar to /home/travis/build/square/dagger/compiler/target/local-repo/com/squareup/dagger/dagger-compiler/1.2.3-SNAPSHOT/dagger-compiler-1.2.3-SNAPSHOT.jar
[INFO] Installing /home/travis/build/square/dagger/compiler/target/dagger-compiler-1.2.3-SNAPSHOT-sources.jar to /home/travis/build/square/dagger/compiler/target/local-repo/com/squareup/dagger/dagger-compiler/1.2.3-SNAPSHOT/dagger-compiler-1.2.3-SNAPSHOT-sources.jar
[INFO] Installing /home/travis/build/square/dagger/compiler/target/dagger-compiler-1.2.3-SNAPSHOT-javadoc.jar to /home/travis/build/square/dagger/compiler/target/local-repo/com/squareup/dagger/dagger-compiler/1.2.3-SNAPSHOT/dagger-compiler-1.2.3-SNAPSHOT-javadoc.jar
[INFO] Installing /home/travis/build/square/dagger/compiler/target/dagger-compiler-1.2.3-SNAPSHOT-jar-with-dependencies.jar to /home/travis/build/square/dagger/compiler/target/local-repo/com/squareup/dagger/dagger-compiler/1.2.3-SNAPSHOT/dagger-compiler-1.2.3-SNAPSHOT-jar-with-dependencies.jar
[INFO] 
[INFO] --- maven-invoker-plugin:1.7:run (integration-test) @ dagger-compiler ---
[INFO] Building: default-package-injected-type/pom.xml
[INFO] ..SUCCESS (13.3 s)
[INFO] Building: extension-graph-setvalues/pom.xml
[INFO] ..SUCCESS (5.3 s)
[INFO] Building: extension-graph/pom.xml
[INFO] ..SUCCESS (5.2 s)
[INFO] Building: final-field-inject/pom.xml
[INFO] run script verify.bsh
[INFO] ..FAILED (4.3 s)
[INFO]   The post-build script did not succeed. Sourced file: inline evaluation of: ``import dagger.testing.it.BuildLogValidator; import java.io.File;  File buildLog  . . . '' : Unknown class: BuildLogValidator
[INFO] Building: include-non-module/pom.xml
[INFO] ..SUCCESS (4.2 s)
[INFO] Building: inject-on-class/pom.xml
[INFO] run script verify.bsh
[INFO] ..FAILED (4.1 s)
[INFO]   The post-build script did not succeed. Sourced file: inline evaluation of: ``import dagger.testing.it.BuildLogValidator; import java.io.File;  File buildLog  . . . '' : Unknown class: BuildLogValidator
[INFO] Building: inject-parameterized-type/pom.xml
[INFO] ..SUCCESS (5.1 s)
[INFO] Building: inner-classes-complaint-injection/pom.xml
[INFO] run script verify.bsh
[INFO] ..FAILED (4.1 s)
[INFO]   The post-build script did not succeed. Sourced file: inline evaluation of: ``import dagger.testing.it.BuildLogValidator; import java.io.File;  File buildLog  . . . '' : Unknown class: BuildLogValidator
[INFO] Building: method-injection/pom.xml
[INFO] run script verify.bsh
[INFO] ..FAILED (4.3 s)
[INFO]   The post-build script did not succeed. Sourced file: inline evaluation of: ``import dagger.testing.it.BuildLogValidator; import java.io.File;  File buildLog  . . . '' : Unknown class: BuildLogValidator
[INFO] Building: missing-at-inject-constructor/pom.xml
[INFO] run script verify.bsh
[INFO] ..FAILED (4.4 s)
[INFO]   The post-build script did not succeed. Sourced file: inline evaluation of: ``import dagger.testing.it.BuildLogValidator; import java.io.File;  File buildLog  . . . '' : Unknown class: BuildLogValidator
[INFO] Building: module-type-validation/pom.xml
[INFO] run script verify.bsh
[INFO] ..FAILED (4.2 s)
[INFO]   The post-build script did not succeed. Sourced file: inline evaluation of: ``import dagger.testing.it.BuildLogValidator; import java.io.File;  File buildLog  . . . '' : Unknown class: BuildLogValidator
[INFO] Building: multiple-modules-setvalues/pom.xml
[INFO] ..SUCCESS (5.2 s)
[INFO] Building: multiple-provides-methods/pom.xml
[INFO] run script verify.bsh
[INFO] ..SUCCESS (5.3 s)
[INFO] Building: multiple-qualifiers/pom.xml
[INFO] run script verify.bsh
[INFO] ..FAILED (4.3 s)
[INFO]   The post-build script did not succeed. Sourced file: inline evaluation of: ``import dagger.testing.it.BuildLogValidator; import java.io.File;  File buildLog  . . . '' : Unknown class: BuildLogValidator
[INFO] Building: private-inject/pom.xml
[INFO] run script verify.bsh
[INFO] ..FAILED (4.2 s)
[INFO]   The post-build script did not succeed. Sourced file: inline evaluation of: ``import dagger.testing.it.BuildLogValidator; import java.io.File;  File buildLog  . . . '' : Unknown class: BuildLogValidator
[INFO] Building: provide-provider-or-lazy/pom.xml
[INFO] run script verify.bsh
[INFO] ..FAILED (4.5 s)
[INFO]   The post-build script did not succeed. Sourced file: inline evaluation of: ``import dagger.testing.it.BuildLogValidator; import java.io.File;  File buildLog  . . . '' : Unknown class: BuildLogValidator
[INFO] Building: provides-method-not-in-module/pom.xml
[INFO] run script verify.bsh
[INFO] ..FAILED (4.2 s)
[INFO]   The post-build script did not succeed. Sourced file: inline evaluation of: ``import dagger.testing.it.BuildLogValidator; import java.io.File;  File buildLog  . . . '' : Unknown class: BuildLogValidator
[INFO] Building: provides-method-with-throws-clause/pom.xml
[INFO] run script verify.bsh
[INFO] ..FAILED (4.5 s)
[INFO]   The post-build script did not succeed. Sourced file: inline evaluation of: ``import dagger.testing.it.BuildLogValidator; import java.io.File;  File buildLog  . . . '' : Unknown class: BuildLogValidator
[INFO] Building: qualifiers-on-invalid-elements-errors/pom.xml
[INFO] run script verify.bsh
[INFO] ..FAILED (4.6 s)
[INFO]   The post-build script did not succeed. Sourced file: inline evaluation of: ``import dagger.testing.it.BuildLogValidator; import java.io.File;  File buildLog  . . . '' : Unknown class: BuildLogValidator
[INFO] Building: qualifiers-on-invalid-elements-warnings/pom.xml
[INFO] run script verify.bsh
[INFO] ..FAILED (5.3 s)
[INFO]   The post-build script did not succeed. Sourced file: inline evaluation of: ``import dagger.testing.it.BuildLogValidator; import java.io.File;  File buildLog  . . . '' : Unknown class: BuildLogValidator
[INFO] Building: same-provides-method-name/pom.xml
[INFO] ..SUCCESS (5.3 s)
[INFO] Building: uninjectable-supertype/pom.xml
[INFO] ..SUCCESS (5.2 s)
[INFO] Building: valid-use-of-qualifiers/pom.xml
[INFO] ..SUCCESS (5.2 s)
[INFO] -------------------------------------------------
[INFO] Build Summary:
[INFO]   Passed: 10, Failed: 13, Errors: 0, Skipped: 0
[INFO] -------------------------------------------------
[ERROR] The following builds failed:
[ERROR] *  final-field-inject/pom.xml
[ERROR] *  inject-on-class/pom.xml
[ERROR] *  inner-classes-complaint-injection/pom.xml
[ERROR] *  method-injection/pom.xml
[ERROR] *  missing-at-inject-constructor/pom.xml
[ERROR] *  module-type-validation/pom.xml
[ERROR] *  multiple-qualifiers/pom.xml
[ERROR] *  private-inject/pom.xml
[ERROR] *  provide-provider-or-lazy/pom.xml
[ERROR] *  provides-method-not-in-module/pom.xml
[ERROR] *  provides-method-with-throws-clause/pom.xml
[ERROR] *  qualifiers-on-invalid-elements-errors/pom.xml
[ERROR] *  qualifiers-on-invalid-elements-warnings/pom.xml
[INFO] -------------------------------------------------
[INFO] ------------------------------------------------------------------------
[INFO] Reactor Summary:
[INFO] 
[INFO] Dagger (Parent) .................................... SUCCESS [  4.777 s]
[INFO] Dagger ............................................. SUCCESS [  9.109 s]
[INFO] Dagger Compiler .................................... FAILURE [02:02 min]
[INFO] Examples ........................................... SKIPPED
[INFO] Examples: Simple ................................... SKIPPED
[INFO] Examples: Android - Simple ......................... SKIPPED
[INFO] Examples: Android - Activity Graphs ................ SKIPPED
[INFO] ------------------------------------------------------------------------
[INFO] BUILD FAILURE
[INFO] ------------------------------------------------------------------------
[INFO] Total time: 02:20 min
[INFO] Finished at: 2015-12-26T02:43:10+00:00
[INFO] Final Memory: 39M/446M
[INFO] ------------------------------------------------------------------------
[ERROR] Failed to execute goal org.apache.maven.plugins:maven-invoker-plugin:1.7:run (integration-test) on project dagger-compiler: 13 builds failed. See console output above for details. -> [Help 1]
[ERROR] 
[ERROR] To see the full stack trace of the errors, re-run Maven with the -e switch.
[ERROR] Re-run Maven using the -X switch to enable full debug logging.
[ERROR] 
[ERROR] For more information about the errors and possible solutions, please read the following articles:
[ERROR] [Help 1] http://cwiki.apache.org/confluence/display/MAVEN/MojoFailureException
[ERROR] 
[ERROR] After correcting the problems, you can resume the build with the command
[ERROR]   mvn <goals> -rf :dagger-compiler
travis_time:end:28db55e5:start=1451097647429054511,finish=1451097790475688269,duration=143046633758[0Ktravis_fold:end:after_success[0K
Done. Your build exited with 0.
