Using worker: worker-linux-docker-f3264e0a.prod.travis-ci.org:travis-linux-7

travis_fold:start:system_info[0K[33;1mBuild system information[0m
Build language: android
Build group: stable
Build dist: precise
[34m[1mBuild image provisioning date and time[0m
Thu Feb  5 15:09:33 UTC 2015
[34m[1mOperating System Details[0m
Distributor ID:	Ubuntu
Description:	Ubuntu 12.04.5 LTS
Release:	12.04
Codename:	precise
[34m[1mLinux Version[0m
3.13.0-29-generic
[34m[1mCookbooks Version[0m
a68419e https://github.com/travis-ci/travis-cookbooks/tree/a68419e
[34m[1mGCC version[0m
gcc (Ubuntu/Linaro 4.6.3-1ubuntu5) 4.6.3
Copyright (C) 2011 Free Software Foundation, Inc.
This is free software; see the source for copying conditions.  There is NO
warranty; not even for MERCHANTABILITY or FITNESS FOR A PARTICULAR PURPOSE.

[34m[1mLLVM version[0m
clang version 3.4 (tags/RELEASE_34/final)
Target: x86_64-unknown-linux-gnu
Thread model: posix
[34m[1mPre-installed Ruby versions[0m
ruby-1.9.3-p551
[34m[1mPre-installed Node.js versions[0m
v0.10.36
[34m[1mPre-installed Go versions[0m
1.4.1
[34m[1mRedis version[0m
redis-server 2.8.19
[34m[1mriak version[0m
2.0.2
[34m[1mMongoDB version[0m
MongoDB 2.4.12
[34m[1mCouchDB version[0m
couchdb 1.6.1
[34m[1mNeo4j version[0m
1.9.4
[34m[1mRabbitMQ Version[0m
3.4.3
[34m[1mElasticSearch version[0m
1.4.0
[34m[1mInstalled Sphinx versions[0m
2.0.10
2.1.9
2.2.6
[34m[1mDefault Sphinx version[0m
2.2.6
[34m[1mInstalled Firefox version[0m
firefox 31.0esr
[34m[1mPhantomJS version[0m
1.9.8
[34m[1mant -version[0m
Apache Ant(TM) version 1.8.2 compiled on December 3 2011
[34m[1mmvn -version[0m
Apache Maven 3.2.5 (12a6b3acb947671f09b81f49094c53f426d8cea1; 2014-12-14T17:29:23+00:00)
Maven home: /usr/local/maven
Java version: 1.7.0_76, vendor: Oracle Corporation
Java home: /usr/lib/jvm/java-7-oracle/jre
Default locale: en_US, platform encoding: ANSI_X3.4-1968
OS name: "linux", version: "3.13.0-29-generic", arch: "amd64", family: "unix"
travis_fold:end:system_info[0K
travis_fold:start:git.checkout[0Ktravis_time:start:0c221c5e[0K$ git clone --depth=50 --branch=master https://github.com/square/dagger.git square/dagger
Cloning into 'square/dagger'...
remote: Counting objects: 1043, done.[K
remote: Compressing objects:   0% (1/596)   [Kremote: Compressing objects:   1% (6/596)   [Kremote: Compressing objects:   2% (12/596)   [Kremote: Compressing objects:   3% (18/596)   [Kremote: Compressing objects:   4% (24/596)   [Kremote: Compressing objects:   5% (30/596)   [Kremote: Compressing objects:   6% (36/596)   [Kremote: Compressing objects:   7% (42/596)   [Kremote: Compressing objects:   8% (48/596)   [Kremote: Compressing objects:   9% (54/596)   [Kremote: Compressing objects:  10% (60/596)   [Kremote: Compressing objects:  11% (66/596)   [Kremote: Compressing objects:  12% (72/596)   [Kremote: Compressing objects:  13% (78/596)   [Kremote: Compressing objects:  14% (84/596)   [Kremote: Compressing objects:  15% (90/596)   [Kremote: Compressing objects:  16% (96/596)   [Kremote: Compressing objects:  17% (102/596)   [Kremote: Compressing objects:  18% (108/596)   [Kremote: Compressing objects:  19% (114/596)   [Kremote: Compressing objects:  20% (120/596)   [Kremote: Compressing objects:  21% (126/596)   [Kremote: Compressing objects:  22% (132/596)   [Kremote: Compressing objects:  23% (138/596)   [Kremote: Compressing objects:  24% (144/596)   [Kremote: Compressing objects:  25% (149/596)   [Kremote: Compressing objects:  26% (155/596)   [Kremote: Compressing objects:  27% (161/596)   [Kremote: Compressing objects:  28% (167/596)   [Kremote: Compressing objects:  29% (173/596)   [Kremote: Compressing objects:  30% (179/596)   [Kremote: Compressing objects:  31% (185/596)   [Kremote: Compressing objects:  32% (191/596)   [Kremote: Compressing objects:  33% (197/596)   [Kremote: Compressing objects:  34% (203/596)   [Kremote: Compressing objects:  35% (209/596)   [Kremote: Compressing objects:  36% (215/596)   [Kremote: Compressing objects:  37% (221/596)   [Kremote: Compressing objects:  38% (227/596)   [Kremote: Compressing objects:  39% (233/596)   [Kremote: Compressing objects:  40% (239/596)   [Kremote: Compressing objects:  41% (245/596)   [Kremote: Compressing objects:  42% (251/596)   [Kremote: Compressing objects:  43% (257/596)   [Kremote: Compressing objects:  44% (263/596)   [Kremote: Compressing objects:  45% (269/596)   [Kremote: Compressing objects:  46% (275/596)   [Kremote: Compressing objects:  47% (281/596)   [Kremote: Compressing objects:  48% (287/596)   [Kremote: Compressing objects:  49% (293/596)   [Kremote: Compressing objects:  50% (298/596)   [Kremote: Compressing objects:  51% (304/596)   [Kremote: Compressing objects:  52% (310/596)   [Kremote: Compressing objects:  53% (316/596)   [Kremote: Compressing objects:  54% (322/596)   [Kremote: Compressing objects:  55% (328/596)   [Kremote: Compressing objects:  56% (334/596)   [Kremote: Compressing objects:  57% (340/596)   [Kremote: Compressing objects:  58% (346/596)   [Kremote: Compressing objects:  59% (352/596)   [Kremote: Compressing objects:  60% (358/596)   [Kremote: Compressing objects:  61% (364/596)   [Kremote: Compressing objects:  62% (370/596)   [Kremote: Compressing objects:  63% (376/596)   [Kremote: Compressing objects:  64% (382/596)   [Kremote: Compressing objects:  65% (388/596)   [Kremote: Compressing objects:  66% (394/596)   [Kremote: Compressing objects:  67% (400/596)   [Kremote: Compressing objects:  68% (406/596)   [Kremote: Compressing objects:  69% (412/596)   [Kremote: Compressing objects:  70% (418/596)   [Kremote: Compressing objects:  71% (424/596)   [Kremote: Compressing objects:  72% (430/596)   [Kremote: Compressing objects:  73% (436/596)   [Kremote: Compressing objects:  74% (442/596)   [Kremote: Compressing objects:  75% (447/596)   [Kremote: Compressing objects:  76% (453/596)   [Kremote: Compressing objects:  77% (459/596)   [Kremote: Compressing objects:  78% (465/596)   [Kremote: Compressing objects:  79% (471/596)   [Kremote: Compressing objects:  80% (477/596)   [Kremote: Compressing objects:  81% (483/596)   [Kremote: Compressing objects:  82% (489/596)   [Kremote: Compressing objects:  83% (495/596)   [Kremote: Compressing objects:  84% (501/596)   [Kremote: Compressing objects:  85% (507/596)   [Kremote: Compressing objects:  86% (513/596)   [Kremote: Compressing objects:  87% (519/596)   [Kremote: Compressing objects:  88% (525/596)   [Kremote: Compressing objects:  89% (531/596)   [Kremote: Compressing objects:  90% (537/596)   [Kremote: Compressing objects:  91% (543/596)   [Kremote: Compressing objects:  92% (549/596)   [Kremote: Compressing objects:  93% (555/596)   [Kremote: Compressing objects:  94% (561/596)   [Kremote: Compressing objects:  95% (567/596)   [Kremote: Compressing objects:  96% (573/596)   [Kremote: Compressing objects:  97% (579/596)   [Kremote: Compressing objects:  98% (585/596)   [Kremote: Compressing objects:  99% (591/596)   [Kremote: Compressing objects: 100% (596/596)   [Kremote: Compressing objects: 100% (596/596), done.[K
Receiving objects:   0% (1/1043)   Receiving objects:   1% (11/1043)   Receiving objects:   2% (21/1043)   Receiving objects:   3% (32/1043)   Receiving objects:   4% (42/1043)   Receiving objects:   5% (53/1043)   Receiving objects:   6% (63/1043)   Receiving objects:   7% (74/1043)   Receiving objects:   8% (84/1043)   Receiving objects:   9% (94/1043)   Receiving objects:  10% (105/1043)   Receiving objects:  11% (115/1043)   Receiving objects:  12% (126/1043)   Receiving objects:  13% (136/1043)   Receiving objects:  14% (147/1043)   Receiving objects:  15% (157/1043)   Receiving objects:  16% (167/1043)   Receiving objects:  17% (178/1043)   Receiving objects:  18% (188/1043)   Receiving objects:  19% (199/1043)   Receiving objects:  20% (209/1043)   Receiving objects:  21% (220/1043)   Receiving objects:  22% (230/1043)   Receiving objects:  23% (240/1043)   Receiving objects:  24% (251/1043)   Receiving objects:  25% (261/1043)   Receiving objects:  26% (272/1043)   Receiving objects:  27% (282/1043)   Receiving objects:  28% (293/1043)   Receiving objects:  29% (303/1043)   Receiving objects:  30% (313/1043)   Receiving objects:  31% (324/1043)   Receiving objects:  32% (334/1043)   Receiving objects:  33% (345/1043)   Receiving objects:  34% (355/1043)   Receiving objects:  35% (366/1043)   Receiving objects:  36% (376/1043)   Receiving objects:  37% (386/1043)   Receiving objects:  38% (397/1043)   Receiving objects:  39% (407/1043)   Receiving objects:  40% (418/1043)   Receiving objects:  41% (428/1043)   Receiving objects:  42% (439/1043)   Receiving objects:  43% (449/1043)   Receiving objects:  44% (459/1043)   Receiving objects:  45% (470/1043)   Receiving objects:  46% (480/1043)   Receiving objects:  47% (491/1043)   Receiving objects:  48% (501/1043)   Receiving objects:  49% (512/1043)   Receiving objects:  50% (522/1043)   Receiving objects:  51% (532/1043)   Receiving objects:  52% (543/1043)   Receiving objects:  53% (553/1043)   Receiving objects:  54% (564/1043)   Receiving objects:  55% (574/1043)   Receiving objects:  56% (585/1043)   Receiving objects:  57% (595/1043)   Receiving objects:  58% (605/1043)   Receiving objects:  59% (616/1043)   Receiving objects:  60% (626/1043)   Receiving objects:  61% (637/1043)   Receiving objects:  62% (647/1043)   Receiving objects:  63% (658/1043)   Receiving objects:  64% (668/1043)   Receiving objects:  65% (678/1043)   Receiving objects:  66% (689/1043)   Receiving objects:  67% (699/1043)   Receiving objects:  68% (710/1043)   Receiving objects:  69% (720/1043)   Receiving objects:  70% (731/1043)   Receiving objects:  71% (741/1043)   Receiving objects:  72% (751/1043)   Receiving objects:  73% (762/1043)   Receiving objects:  74% (772/1043)   Receiving objects:  75% (783/1043)   Receiving objects:  76% (793/1043)   Receiving objects:  77% (804/1043)   Receiving objects:  78% (814/1043)   Receiving objects:  79% (824/1043)   Receiving objects:  80% (835/1043)   Receiving objects:  81% (845/1043)   Receiving objects:  82% (856/1043)   Receiving objects:  83% (866/1043)   Receiving objects:  84% (877/1043)   Receiving objects:  85% (887/1043)   Receiving objects:  86% (897/1043)   Receiving objects:  87% (908/1043)   Receiving objects:  88% (918/1043)   Receiving objects:  89% (929/1043)   Receiving objects:  90% (939/1043)   Receiving objects:  91% (950/1043)   Receiving objects:  92% (960/1043)   Receiving objects:  93% (970/1043)   Receiving objects:  94% (981/1043)   remote: Total 1043 (delta 370), reused 832 (delta 188), pack-reused 0[K
Receiving objects:  95% (991/1043)   Receiving objects:  96% (1002/1043)   Receiving objects:  97% (1012/1043)   Receiving objects:  98% (1023/1043)   Receiving objects:  99% (1033/1043)   Receiving objects: 100% (1043/1043)   Receiving objects: 100% (1043/1043), 301.04 KiB | 0 bytes/s, done.
Resolving deltas:   0% (0/370)   Resolving deltas:   1% (4/370)   Resolving deltas:   2% (8/370)   Resolving deltas:  14% (54/370)   Resolving deltas:  27% (101/370)   Resolving deltas:  30% (112/370)   Resolving deltas:  31% (116/370)   Resolving deltas:  32% (122/370)   Resolving deltas:  34% (126/370)   Resolving deltas:  37% (140/370)   Resolving deltas:  38% (141/370)   Resolving deltas:  39% (146/370)   Resolving deltas:  40% (149/370)   Resolving deltas:  41% (152/370)   Resolving deltas:  42% (157/370)   Resolving deltas:  43% (161/370)   Resolving deltas:  44% (164/370)   Resolving deltas:  45% (168/370)   Resolving deltas:  48% (181/370)   Resolving deltas:  49% (183/370)   Resolving deltas:  50% (188/370)   Resolving deltas:  51% (190/370)   Resolving deltas:  55% (204/370)   Resolving deltas:  57% (212/370)   Resolving deltas:  60% (223/370)   Resolving deltas:  61% (229/370)   Resolving deltas:  62% (230/370)   Resolving deltas:  64% (240/370)   Resolving deltas:  65% (242/370)   Resolving deltas:  66% (245/370)   Resolving deltas:  68% (252/370)   Resolving deltas:  69% (256/370)   Resolving deltas:  70% (259/370)   Resolving deltas:  71% (264/370)   Resolving deltas:  72% (267/370)   Resolving deltas:  73% (271/370)   Resolving deltas:  74% (274/370)   Resolving deltas:  75% (279/370)   Resolving deltas:  77% (285/370)   Resolving deltas:  79% (295/370)   Resolving deltas:  80% (298/370)   Resolving deltas:  82% (307/370)   Resolving deltas:  84% (313/370)   Resolving deltas:  97% (359/370)   Resolving deltas:  98% (363/370)   Resolving deltas:  99% (367/370)   Resolving deltas: 100% (370/370)   Resolving deltas: 100% (370/370), done.
Checking connectivity... done.
travis_time:end:0c221c5e:start=1451154530122394074,finish=1451154530588195322,duration=465801248[0K$ cd square/dagger
$ git checkout -qf c7f1d6ec80afb2de42c2c3b5092ceff6139ac617
travis_fold:end:git.checkout[0K
[33;1mThis job is running on container-based infrastructure, which does not allow use of 'sudo', setuid and setguid executables.[0m
[33;1mIf you require sudo, add 'sudo: required' to your .travis.yml[0m
[33;1mSee http://docs.travis-ci.com/user/workers/container-based-infrastructure/ for details.[0m

[33;1mSetting environment variables from .travis.yml[0m
$ export CI_DEPLOY_USERNAME=[secure]
$ export CI_DEPLOY_PASSWORD=[secure]

travis_fold:start:cache.1[0KSetting up build cache
$ export CASHER_DIR=$HOME/.casher
travis_time:start:03194ce2[0K$ Installing caching utilities
travis_time:end:03194ce2:start=1451154533871673537,finish=1451154533921664271,duration=49990734[0Ktravis_time:start:1731982e[0Ktravis_time:end:1731982e:start=1451154533926029199,finish=1451154533929013410,duration=2984211[0Ktravis_time:start:03c1e5b2[0K[32;1mattempting to download cache archive[0m
[32;1mfetching master/cache--jdk-oraclejdk7.tgz[0m
[32;1mfound cache[0m
travis_time:end:03c1e5b2:start=1451154533932614376,finish=1451154535199724290,duration=1267109914[0Ktravis_time:start:14130c38[0Ktravis_time:end:14130c38:start=1451154535203389186,finish=1451154535206457184,duration=3067998[0Ktravis_time:start:11521de8[0K[32;1madding /home/travis/.m2 to cache[0m
travis_time:end:11521de8:start=1451154535210011810,finish=1451154536716511053,duration=1506499243[0Ktravis_fold:end:cache.1[0K$ jdk_switcher use oraclejdk7
Switching to Oracle JDK7 (java-7-oracle), JAVA_HOME will be set to /usr/lib/jvm/java-7-oracle
travis_fold:start:android.install[0KInstalling Android dependencies
travis_time:start:01f1ffa0[0K$ android-update-sdk --components=build-tools-20.0.0 --accept-licenses='android-sdk-license-5be876d5'
Installing build-tools-20.0.0
spawn android update sdk --no-ui --all --filter build-tools-20.0.0
Refresh Sources:
  Fetching https://dl-ssl.google.com/android/repository/addons_list-2.xml
  Validate XML
  Parse XML
  Fetched Add-ons List successfully
  Refresh Sources
  Fetching URL: https://dl-ssl.google.com/android/repository/repository-10.xml
  Validate XML: https://dl-ssl.google.com/android/repository/repository-10.xml
  Parse XML:    https://dl-ssl.google.com/android/repository/repository-10.xml
  Fetching URL: https://dl-ssl.google.com/android/repository/addon.xml
  Validate XML: https://dl-ssl.google.com/android/repository/addon.xml
  Parse XML:    https://dl-ssl.google.com/android/repository/addon.xml
  Fetching URL: https://dl-ssl.google.com/android/repository/addon-6.xml
  Validate XML: https://dl-ssl.google.com/android/repository/addon-6.xml
  Parse XML:    https://dl-ssl.google.com/android/repository/addon-6.xml
  Fetching URL: https://dl-ssl.google.com/glass/gdk/addon.xml
  Validate XML: https://dl-ssl.google.com/glass/gdk/addon.xml
  Parse XML:    https://dl-ssl.google.com/glass/gdk/addon.xml
  Fetching URL: https://dl-ssl.google.com/android/repository/extras/intel/addon.xml
  Validate XML: https://dl-ssl.google.com/android/repository/extras/intel/addon.xml
  Parse XML:    https://dl-ssl.google.com/android/repository/extras/intel/addon.xml
  Fetching URL: https://dl-ssl.google.com/android/repository/sys-img/android/sys-img.xml
  Validate XML: https://dl-ssl.google.com/android/repository/sys-img/android/sys-img.xml
  Parse XML:    https://dl-ssl.google.com/android/repository/sys-img/android/sys-img.xml
  Fetching URL: https://dl-ssl.google.com/android/repository/sys-img/android-wear/sys-img.xml
  Validate XML: https://dl-ssl.google.com/android/repository/sys-img/android-wear/sys-img.xml
  Parse XML:    https://dl-ssl.google.com/android/repository/sys-img/android-wear/sys-img.xml
  Fetching URL: https://dl-ssl.google.com/android/repository/sys-img/android-tv/sys-img.xml
  Validate XML: https://dl-ssl.google.com/android/repository/sys-img/android-tv/sys-img.xml
  Parse XML:    https://dl-ssl.google.com/android/repository/sys-img/android-tv/sys-img.xml
  Fetching URL: https://dl-ssl.google.com/android/repository/sys-img/google_apis/sys-img.xml
  Validate XML: https://dl-ssl.google.com/android/repository/sys-img/google_apis/sys-img.xml
  Parse XML:    https://dl-ssl.google.com/android/repository/sys-img/google_apis/sys-img.xml
  Fetching URL: https://dl-ssl.google.com/android/repository/sys-img/x86/addon-x86.xml
  Validate XML: https://dl-ssl.google.com/android/repository/sys-img/x86/addon-x86.xml
  Parse XML:    https://dl-ssl.google.com/android/repository/sys-img/x86/addon-x86.xml
-------------------------------
License id: android-sdk-license-5be876d5
Used by: 
 - Android SDK Build-tools, revision 20
-------------------------------

To get started with the Android SDK, you must agree to the following terms and conditions.

This is the Android SDK License Agreement (the "License Agreement").

1. Introduction

1.1 The Android SDK (referred to in the License Agreement as the "SDK" and specifically including the Android system files, packaged APIs, and SDK library files and tools , if and when they are made available) is licensed to you subject to the terms of the License Agreement. The License Agreement forms a legally binding contract between you and Google in relation to your use of the SDK.

1.2 "Android" means the Android software stack for devices, as made available under the Android Open Source Project, which is located at the following URL: http://source.android.com/, as updated from time to time.

1.3 "Google" means Google Inc., a Delaware corporation with principal place of business at 1600 Amphitheatre Parkway, Mountain View, CA 94043, United States.

2. Accepting the License Agreement

2.1 In order to use the SDK, you must first agree to the License Agreement. You may not use the SDK if you do not accept the License Agreement.

2.2 By clicking to accept and/or using the SDK, you hereby agree to the terms of the License Agreement.

2.3 You may not use the SDK and may not accept the License Agreement if you are a person barred from receiving the SDK under the laws of the United States or other countries including the country in which you are resident or from which you use the SDK.

2.4 If you will use the SDK internally within your company or organization you agree to be bound by the License Agreement on behalf of your employer or other entity, and you represent and warrant that you have full legal authority to bind your employer or such entity to the License Agreement. If you do not have the requisite authority, you may not accept the License Agreement or use the SDK on behalf of your employer or other entity.

3. SDK License from Google

3.1 Subject to the terms of the License Agreement, Google grants you a royalty-free, non-assignable, non-exclusive, non-sublicensable, limited, revocable license to use the SDK, personally or internally within your company or organization, solely to develop and distribute applications to run on the Android platform.

3.2 You agree that Google or third parties own all legal right, title and interest in and to the SDK, including any Intellectual Property Rights that subsist in the SDK. "Intellectual Property Rights" means any and all rights under patent law, copyright law, trade secret law, trademark law, and any and all other proprietary rights. Google reserves all rights not expressly granted to you.

3.3 You may not use the SDK for any purpose not expressly permitted by the License Agreement. Except to the extent required by applicable third party licenses, you may not: (a) copy (except for backup purposes), modify, adapt, redistribute, decompile, reverse engineer, disassemble, or create derivative works of the SDK or any part of the SDK; or (b) load any part of the SDK onto a mobile handset or any other hardware device except a personal computer, combine any part of the SDK with other software, or distribute any software or device incorporating a part of the SDK.

3.4 You agree that you will not take any actions that may cause or result in the fragmentation of Android, including but not limited to distributing, participating in the creation of, or promoting in any way a software development kit derived from the SDK.

3.5 Use, reproduction and distribution of components of the SDK licensed under an open source software license are governed solely by the terms of that open source software license and not the License Agreement. You agree to remain a licensee in good standing in regard to such open source software licenses under all the rights granted and to refrain from any actions that may terminate, suspend, or breach such rights.

3.6 You agree that the form and nature of the SDK that Google provides may change without prior notice to you and that future versions of the SDK may be incompatible with applications developed on previous versions of the SDK. You agree that Google may stop (permanently or temporarily) providing the SDK (or any features within the SDK) to you or to users generally at Google's sole discretion, without prior notice to you.

3.7 Nothing in the License Agreement gives you a right to use any of Google's trade names, trademarks, service marks, logos, domain names, or other distinctive brand features.

3.8 You agree that you will not remove, obscure, or alter any proprietary rights notices (including copyright and trademark notices) that may be affixed to or contained within the SDK.

4. Use of the SDK by You

4.1 Google agrees that nothing in the License Agreement gives Google any right, title or interest from you (or your licensors) under the License Agreement in or to any software applications that you develop using the SDK, including any intellectual property rights that subsist in those applications.

4.2 You agree to use the SDK and write applications only for purposes that are permitted by (a) the License Agreement, and (b) any applicable law, regulation or generally accepted practices or guidelines in the relevant jurisdictions (including any laws regarding the export of data or software to and from the United States or other relevant countries).

4.3 You agree that if you use the SDK to develop applications, you will protect the privacy and legal rights of users. If users provide you with user names, passwords, or other login information or personal information, you must make the users aware that the information will be available to your application, and you must provide legally adequate privacy notice and protection for those users. If your application stores personal or sensitive information provided by users, it must do so securely. If users provide you with Google Account information, your application may only use that information to access the user's Google Account when, and for the limited purposes for which, each user has given you permission to do so.

4.4 You agree that you will not engage in any activity with the SDK, including the development or distribution of an application, that interferes with, disrupts, damages, or accesses in an unauthorized manner the servers, networks, or other properties or services of Google or any third party.

4.5 You agree that you are solely responsible for (and that Google has no responsibility to you or to any third party for) any data, content, or resources that you create, transmit or display through Android and/or applications for Android, and for the consequences of your actions (including any loss or damage which Google may suffer) by doing so.

4.6 You agree that you are solely responsible for (and that Google has no responsibility to you or to any third party for) any breach of your obligations under the License Agreement, any applicable third party contract or Terms of Service, or any applicable law or regulation, and for the consequences (including any loss or damage which Google or any third party may suffer) of any such breach.

5. Your Developer Credentials

5.1 You agree that you are responsible for maintaining the confidentiality of any developer credentials that may be issued to you by Google or which you may choose yourself and that you will be solely responsible for all applications that are developed under your developer credentials.

6. Privacy and Information

6.1 In order to continually innovate and improve the SDK, Google may collect certain usage statistics from the software including but not limited to a unique identifier, associated IP address, version number of the software, and information on which tools and/or services in the SDK are being used and how they are being used. Before any of this information is collected, the SDK will notify you and seek your consent. If you withhold consent, the information will not be collected.

6.2 The data collected is examined in the aggregate to improve the SDK and is maintained in accordance with Google's Privacy Policy located at http://www.google.com/policies/privacy/.

7. Third Party Applications

7.1 If you use the SDK to run applications developed by a third party or that access data, content or resources provided by a third party, you agree that Google is not responsible for those applications, data, content, or resources. You understand that all data, content or resources which you may access through such third party applications are the sole responsibility of the person from which they originated and that Google is not liable for any loss or damage that you may experience as a result of the use or access of any of those third party applications, data, content, or resources.

7.2 You should be aware the data, content, and resources presented to you through such a third party application may be protected by intellectual property rights which are owned by the providers (or by other persons or companies on their behalf). You may not modify, rent, lease, loan, sell, distribute or create derivative works based on these data, content, or resources (either in whole or in part) unless you have been specifically given permission to do so by the relevant owners.

7.3 You acknowledge that your use of such third party applications, data, content, or resources may be subject to separate terms between you and the relevant third party.

8. Using Google APIs

8.1 Google APIs

8.1.1 If you use any API to retrieve data from Google, you acknowledge that the data may be protected by intellectual property rights which are owned by Google or those parties that provide the data (or by other persons or companies on their behalf). Your use of any such API may be subject to additional Terms of Service. You may not modify, rent, lease, loan, sell, distribute or create derivative works based on this data (either in whole or in part) unless allowed by the relevant Terms of Service.

8.1.2 If you use any API to retrieve a user's data from Google, you acknowledge and agree that you shall retrieve data only with the user's explicit consent and only when, and for the limited purposes for which, the user has given you permission to do so.

9. Terminating the License Agreement

9.1 The License Agreement will continue to apply until terminated by either you or Google as set out below.

9.2 If you want to terminate the License Agreement, you may do so by ceasing your use of the SDK and any relevant developer credentials.

9.3 Google may at any time, terminate the License Agreement, with or without cause, upon notice to you.

9.4 The License Agreement will automatically terminate without notice or other action when Google ceases to provide the SDK or certain parts of the SDK to users in the country in which you are resident or from which you use the service.

9.5 When the License Agreement is terminated, the license granted to you in the License Agreement will terminate, you will immediately cease all use of the SDK, and the provisions of paragraphs 10, 11, 12 and 14 shall survive indefinitely.

10. DISCLAIMERS

10.1 YOU EXPRESSLY UNDERSTAND AND AGREE THAT YOUR USE OF THE SDK IS AT YOUR SOLE RISK AND THAT THE SDK IS PROVIDED "AS IS" AND "AS AVAILABLE" WITHOUT WARRANTY OF ANY KIND FROM GOOGLE.

10.2 YOUR USE OF THE SDK AND ANY MATERIAL DOWNLOADED OR OTHERWISE OBTAINED THROUGH THE USE OF THE SDK IS AT YOUR OWN DISCRETION AND RISK AND YOU ARE SOLELY RESPONSIBLE FOR ANY DAMAGE TO YOUR COMPUTER SYSTEM OR OTHER DEVICE OR LOSS OF DATA THAT RESULTS FROM SUCH USE. WITHOUT LIMITING THE FOREGOING, YOU UNDERSTAND THAT THE SDK MAY CONTAIN ERRORS, DEFECTS AND SECURITY VULNERABILITIES THAT CAN RESULT IN SIGNIFICANT DAMAGE, INCLUDING THE COMPLETE, IRRECOVERABLE LOSS OF USE OF YOUR COMPUTER SYSTEM OR OTHER DEVICE.

10.3 GOOGLE FURTHER EXPRESSLY DISCLAIMS ALL WARRANTIES AND CONDITIONS OF ANY KIND, WHETHER EXPRESS OR IMPLIED, INCLUDING, BUT NOT LIMITED TO THE IMPLIED WARRANTIES AND CONDITIONS OF MERCHANTABILITY, FITNESS FOR A PARTICULAR PURPOSE AND NON-INFRINGEMENT.

11. LIMITATION OF LIABILITY

11.1 YOU EXPRESSLY UNDERSTAND AND AGREE THAT GOOGLE, ITS SUBSIDIARIES AND AFFILIATES, AND ITS LICENSORS SHALL NOT BE LIABLE TO YOU UNDER ANY THEORY OF LIABILITY FOR ANY DIRECT, INDIRECT, INCIDENTAL, SPECIAL, CONSEQUENTIAL OR EXEMPLARY DAMAGES THAT MAY BE INCURRED BY YOU, INCLUDING ANY LOSS OF DATA, WHETHER OR NOT GOOGLE OR ITS REPRESENTATIVES HAVE BEEN ADVISED OF OR SHOULD HAVE BEEN AWARE OF THE POSSIBILITY OF ANY SUCH LOSSES ARISING.

12. Indemnification

12.1 To the maximum extent permitted by law, you agree to defend, indemnify and hold harmless Google, its affiliates and their respective directors, officers, employees and agents from and against any and all claims, actions, suits or proceedings, as well as any and all losses, liabilities, damages, costs and expenses (including reasonable attorneysâ€™ fees) arising out of or accruing from (a) your use of the SDK, (b) any application you develop on the SDK that infringes any Intellectual Property Rights of any person or defames any person or violates their rights of publicity or privacy, and (c) any non-compliance by you of the License Agreement.

13. Changes to the License Agreement

13.1 Google may make changes to the License Agreement as it distributes new versions of the SDK. When these changes are made, Google will make a new version of the License Agreement available on the website where the SDK is made available.

14. General Legal Terms

14.1 The License Agreement constitutes the whole legal agreement between you and Google and governs your use of the SDK (excluding any services which Google may provide to you under a separate written agreement), and completely replaces any prior agreements between you and Google in relation to the SDK.

14.2 You agree that if Google does not exercise or enforce any legal right or remedy which is contained in the License Agreement (or which Google has the benefit of under any applicable law), this will not be taken to be a formal waiver of Google's rights and that those rights or remedies will still be available to Google.

14.3 If any court of law, having the jurisdiction to decide on this matter, rules that any provision of the License Agreement is invalid, then that provision will be removed from the License Agreement without affecting the rest of the License Agreement. The remaining provisions of the License Agreement will continue to be valid and enforceable.

14.4 You acknowledge and agree that each member of the group of companies of which Google is the parent shall be third party beneficiaries to the License Agreement and that such other companies shall be entitled to directly enforce, and rely upon, any provision of the License Agreement that confers a benefit on (or rights in favor of) them. Other than this, no other person or company shall be third party beneficiaries to the License Agreement.

14.5 EXPORT RESTRICTIONS. THE SDK IS SUBJECT TO UNITED STATES EXPORT LAWS AND REGULATIONS. YOU MUST COMPLY WITH ALL DOMESTIC AND INTERNATIONAL EXPORT LAWS AND REGULATIONS THAT APPLY TO THE SDK. THESE LAWS INCLUDE RESTRICTIONS ON DESTINATIONS, END USERS AND END USE.

14.6 The License Agreement may not be assigned or transferred by you without the prior written approval of Google, and any attempted assignment without such approval will be void. You shall not delegate your responsibilities or obligations under the License Agreement without the prior written approval of Google.

14.7 The License Agreement, and your relationship with Google under the License Agreement, shall be governed by the laws of the State of California without regard to its conflict of laws provisions. You and Google agree to submit to the exclusive jurisdiction of the courts located within the county of Santa Clara, California to resolve any legal matter arising from the License Agreement. Notwithstanding this, you agree that Google shall still be allowed to apply for injunctive remedies (or an equivalent type of urgent legal relief) in any jurisdiction.

June 2014.
    
Do you accept the license 'android-sdk-license-5be876d5' [y/n]: y

Installing Archives:
  Preparing to install archives
  Downloading Android SDK Build-tools, revision 20
  Installing Android SDK Build-tools, revision 20
  Unzipping Android SDK Build-tools, revision 20 (2%)  Unzipping Android SDK Build-tools, revision 20 (4%)  Unzipping Android SDK Build-tools, revision 20 (5%)  Unzipping Android SDK Build-tools, revision 20 (6%)  Unzipping Android SDK Build-tools, revision 20 (7%)  Unzipping Android SDK Build-tools, revision 20 (8%)  Unzipping Android SDK Build-tools, revision 20 (9%)  Unzipping Android SDK Build-tools, revision 20 (10%)  Unzipping Android SDK Build-tools, revision 20 (11%)  Unzipping Android SDK Build-tools, revision 20 (12%)  Unzipping Android SDK Build-tools, revision 20 (13%)  Unzipping Android SDK Build-tools, revision 20 (18%)  Unzipping Android SDK Build-tools, revision 20 (20%)  Unzipping Android SDK Build-tools, revision 20 (21%)  Unzipping Android SDK Build-tools, revision 20 (22%)  Unzipping Android SDK Build-tools, revision 20 (26%)  Unzipping Android SDK Build-tools, revision 20 (54%)  Unzipping Android SDK Build-tools, revision 20 (60%)  Unzipping Android SDK Build-tools, revision 20 (62%)  Unzipping Android SDK Build-tools, revision 20 (99%)    Installed Android SDK Build-tools, revision 20
  Done. 1 package installed.
travis_time:end:01f1ffa0:start=1451154536724740276,finish=1451154541725458547,duration=5000718271[0Ktravis_time:start:180f6672[0K$ android-update-sdk --components=android-16 --accept-licenses='android-sdk-license-5be876d5'
Installing android-16
spawn android update sdk --no-ui --all --filter android-16
Refresh Sources:
  Fetching https://dl-ssl.google.com/android/repository/addons_list-2.xml
  Validate XML
  Parse XML
  Fetched Add-ons List successfully
  Refresh Sources
  Fetching URL: https://dl-ssl.google.com/android/repository/repository-10.xml
  Validate XML: https://dl-ssl.google.com/android/repository/repository-10.xml
  Parse XML:    https://dl-ssl.google.com/android/repository/repository-10.xml
  Fetching URL: https://dl-ssl.google.com/android/repository/addon.xml
  Validate XML: https://dl-ssl.google.com/android/repository/addon.xml
  Parse XML:    https://dl-ssl.google.com/android/repository/addon.xml
  Fetching URL: https://dl-ssl.google.com/android/repository/addon-6.xml
  Validate XML: https://dl-ssl.google.com/android/repository/addon-6.xml
  Parse XML:    https://dl-ssl.google.com/android/repository/addon-6.xml
  Fetching URL: https://dl-ssl.google.com/glass/gdk/addon.xml
  Validate XML: https://dl-ssl.google.com/glass/gdk/addon.xml
  Parse XML:    https://dl-ssl.google.com/glass/gdk/addon.xml
  Fetching URL: https://dl-ssl.google.com/android/repository/extras/intel/addon.xml
  Validate XML: https://dl-ssl.google.com/android/repository/extras/intel/addon.xml
  Parse XML:    https://dl-ssl.google.com/android/repository/extras/intel/addon.xml
  Fetching URL: https://dl-ssl.google.com/android/repository/sys-img/android/sys-img.xml
  Validate XML: https://dl-ssl.google.com/android/repository/sys-img/android/sys-img.xml
  Parse XML:    https://dl-ssl.google.com/android/repository/sys-img/android/sys-img.xml
  Fetching URL: https://dl-ssl.google.com/android/repository/sys-img/android-wear/sys-img.xml
  Validate XML: https://dl-ssl.google.com/android/repository/sys-img/android-wear/sys-img.xml
  Parse XML:    https://dl-ssl.google.com/android/repository/sys-img/android-wear/sys-img.xml
  Fetching URL: https://dl-ssl.google.com/android/repository/sys-img/android-tv/sys-img.xml
  Validate XML: https://dl-ssl.google.com/android/repository/sys-img/android-tv/sys-img.xml
  Parse XML:    https://dl-ssl.google.com/android/repository/sys-img/android-tv/sys-img.xml
  Fetching URL: https://dl-ssl.google.com/android/repository/sys-img/google_apis/sys-img.xml
  Validate XML: https://dl-ssl.google.com/android/repository/sys-img/google_apis/sys-img.xml
  Parse XML:    https://dl-ssl.google.com/android/repository/sys-img/google_apis/sys-img.xml
  Fetching URL: https://dl-ssl.google.com/android/repository/sys-img/x86/addon-x86.xml
  Validate XML: https://dl-ssl.google.com/android/repository/sys-img/x86/addon-x86.xml
  Parse XML:    https://dl-ssl.google.com/android/repository/sys-img/x86/addon-x86.xml
-------------------------------
License id: android-sdk-license-5be876d5
Used by: 
 - SDK Platform Android 4.1.2, API 16, revision 5
-------------------------------

To get started with the Android SDK, you must agree to the following terms and conditions.

This is the Android SDK License Agreement (the "License Agreement").

1. Introduction

1.1 The Android SDK (referred to in the License Agreement as the "SDK" and specifically including the Android system files, packaged APIs, and SDK library files and tools , if and when they are made available) is licensed to you subject to the terms of the License Agreement. The License Agreement forms a legally binding contract between you and Google in relation to your use of the SDK.

1.2 "Android" means the Android software stack for devices, as made available under the Android Open Source Project, which is located at the following URL: http://source.android.com/, as updated from time to time.

1.3 "Google" means Google Inc., a Delaware corporation with principal place of business at 1600 Amphitheatre Parkway, Mountain View, CA 94043, United States.

2. Accepting the License Agreement

2.1 In order to use the SDK, you must first agree to the License Agreement. You may not use the SDK if you do not accept the License Agreement.

2.2 By clicking to accept and/or using the SDK, you hereby agree to the terms of the License Agreement.

2.3 You may not use the SDK and may not accept the License Agreement if you are a person barred from receiving the SDK under the laws of the United States or other countries including the country in which you are resident or from which you use the SDK.

2.4 If you will use the SDK internally within your company or organization you agree to be bound by the License Agreement on behalf of your employer or other entity, and you represent and warrant that you have full legal authority to bind your employer or such entity to the License Agreement. If you do not have the requisite authority, you may not accept the License Agreement or use the SDK on behalf of your employer or other entity.

3. SDK License from Google

3.1 Subject to the terms of the License Agreement, Google grants you a royalty-free, non-assignable, non-exclusive, non-sublicensable, limited, revocable license to use the SDK, personally or internally within your company or organization, solely to develop and distribute applications to run on the Android platform.

3.2 You agree that Google or third parties own all legal right, title and interest in and to the SDK, including any Intellectual Property Rights that subsist in the SDK. "Intellectual Property Rights" means any and all rights under patent law, copyright law, trade secret law, trademark law, and any and all other proprietary rights. Google reserves all rights not expressly granted to you.

3.3 You may not use the SDK for any purpose not expressly permitted by the License Agreement. Except to the extent required by applicable third party licenses, you may not: (a) copy (except for backup purposes), modify, adapt, redistribute, decompile, reverse engineer, disassemble, or create derivative works of the SDK or any part of the SDK; or (b) load any part of the SDK onto a mobile handset or any other hardware device except a personal computer, combine any part of the SDK with other software, or distribute any software or device incorporating a part of the SDK.

3.4 You agree that you will not take any actions that may cause or result in the fragmentation of Android, including but not limited to distributing, participating in the creation of, or promoting in any way a software development kit derived from the SDK.

3.5 Use, reproduction and distribution of components of the SDK licensed under an open source software license are governed solely by the terms of that open source software license and not the License Agreement. You agree to remain a licensee in good standing in regard to such open source software licenses under all the rights granted and to refrain from any actions that may terminate, suspend, or breach such rights.

3.6 You agree that the form and nature of the SDK that Google provides may change without prior notice to you and that future versions of the SDK may be incompatible with applications developed on previous versions of the SDK. You agree that Google may stop (permanently or temporarily) providing the SDK (or any features within the SDK) to you or to users generally at Google's sole discretion, without prior notice to you.

3.7 Nothing in the License Agreement gives you a right to use any of Google's trade names, trademarks, service marks, logos, domain names, or other distinctive brand features.

3.8 You agree that you will not remove, obscure, or alter any proprietary rights notices (including copyright and trademark notices) that may be affixed to or contained within the SDK.

4. Use of the SDK by You

4.1 Google agrees that nothing in the License Agreement gives Google any right, title or interest from you (or your licensors) under the License Agreement in or to any software applications that you develop using the SDK, including any intellectual property rights that subsist in those applications.

4.2 You agree to use the SDK and write applications only for purposes that are permitted by (a) the License Agreement, and (b) any applicable law, regulation or generally accepted practices or guidelines in the relevant jurisdictions (including any laws regarding the export of data or software to and from the United States or other relevant countries).

4.3 You agree that if you use the SDK to develop applications, you will protect the privacy and legal rights of users. If users provide you with user names, passwords, or other login information or personal information, you must make the users aware that the information will be available to your application, and you must provide legally adequate privacy notice and protection for those users. If your application stores personal or sensitive information provided by users, it must do so securely. If users provide you with Google Account information, your application may only use that information to access the user's Google Account when, and for the limited purposes for which, each user has given you permission to do so.

4.4 You agree that you will not engage in any activity with the SDK, including the development or distribution of an application, that interferes with, disrupts, damages, or accesses in an unauthorized manner the servers, networks, or other properties or services of Google or any third party.

4.5 You agree that you are solely responsible for (and that Google has no responsibility to you or to any third party for) any data, content, or resources that you create, transmit or display through Android and/or applications for Android, and for the consequences of your actions (including any loss or damage which Google may suffer) by doing so.

4.6 You agree that you are solely responsible for (and that Google has no responsibility to you or to any third party for) any breach of your obligations under the License Agreement, any applicable third party contract or Terms of Service, or any applicable law or regulation, and for the consequences (including any loss or damage which Google or any third party may suffer) of any such breach.

5. Your Developer Credentials

5.1 You agree that you are responsible for maintaining the confidentiality of any developer credentials that may be issued to you by Google or which you may choose yourself and that you will be solely responsible for all applications that are developed under your developer credentials.

6. Privacy and Information

6.1 In order to continually innovate and improve the SDK, Google may collect certain usage statistics from the software including but not limited to a unique identifier, associated IP address, version number of the software, and information on which tools and/or services in the SDK are being used and how they are being used. Before any of this information is collected, the SDK will notify you and seek your consent. If you withhold consent, the information will not be collected.

6.2 The data collected is examined in the aggregate to improve the SDK and is maintained in accordance with Google's Privacy Policy located at http://www.google.com/policies/privacy/.

7. Third Party Applications

7.1 If you use the SDK to run applications developed by a third party or that access data, content or resources provided by a third party, you agree that Google is not responsible for those applications, data, content, or resources. You understand that all data, content or resources which you may access through such third party applications are the sole responsibility of the person from which they originated and that Google is not liable for any loss or damage that you may experience as a result of the use or access of any of those third party applications, data, content, or resources.

7.2 You should be aware the data, content, and resources presented to you through such a third party application may be protected by intellectual property rights which are owned by the providers (or by other persons or companies on their behalf). You may not modify, rent, lease, loan, sell, distribute or create derivative works based on these data, content, or resources (either in whole or in part) unless you have been specifically given permission to do so by the relevant owners.

7.3 You acknowledge that your use of such third party applications, data, content, or resources may be subject to separate terms between you and the relevant third party.

8. Using Google APIs

8.1 Google APIs

8.1.1 If you use any API to retrieve data from Google, you acknowledge that the data may be protected by intellectual property rights which are owned by Google or those parties that provide the data (or by other persons or companies on their behalf). Your use of any such API may be subject to additional Terms of Service. You may not modify, rent, lease, loan, sell, distribute or create derivative works based on this data (either in whole or in part) unless allowed by the relevant Terms of Service.

8.1.2 If you use any API to retrieve a user's data from Google, you acknowledge and agree that you shall retrieve data only with the user's explicit consent and only when, and for the limited purposes for which, the user has given you permission to do so.

9. Terminating the License Agreement

9.1 The License Agreement will continue to apply until terminated by either you or Google as set out below.

9.2 If you want to terminate the License Agreement, you may do so by ceasing your use of the SDK and any relevant developer credentials.

9.3 Google may at any time, terminate the License Agreement, with or without cause, upon notice to you.

9.4 The License Agreement will automatically terminate without notice or other action when Google ceases to provide the SDK or certain parts of the SDK to users in the country in which you are resident or from which you use the service.

9.5 When the License Agreement is terminated, the license granted to you in the License Agreement will terminate, you will immediately cease all use of the SDK, and the provisions of paragraphs 10, 11, 12 and 14 shall survive indefinitely.

10. DISCLAIMERS

10.1 YOU EXPRESSLY UNDERSTAND AND AGREE THAT YOUR USE OF THE SDK IS AT YOUR SOLE RISK AND THAT THE SDK IS PROVIDED "AS IS" AND "AS AVAILABLE" WITHOUT WARRANTY OF ANY KIND FROM GOOGLE.

10.2 YOUR USE OF THE SDK AND ANY MATERIAL DOWNLOADED OR OTHERWISE OBTAINED THROUGH THE USE OF THE SDK IS AT YOUR OWN DISCRETION AND RISK AND YOU ARE SOLELY RESPONSIBLE FOR ANY DAMAGE TO YOUR COMPUTER SYSTEM OR OTHER DEVICE OR LOSS OF DATA THAT RESULTS FROM SUCH USE. WITHOUT LIMITING THE FOREGOING, YOU UNDERSTAND THAT THE SDK MAY CONTAIN ERRORS, DEFECTS AND SECURITY VULNERABILITIES THAT CAN RESULT IN SIGNIFICANT DAMAGE, INCLUDING THE COMPLETE, IRRECOVERABLE LOSS OF USE OF YOUR COMPUTER SYSTEM OR OTHER DEVICE.

10.3 GOOGLE FURTHER EXPRESSLY DISCLAIMS ALL WARRANTIES AND CONDITIONS OF ANY KIND, WHETHER EXPRESS OR IMPLIED, INCLUDING, BUT NOT LIMITED TO THE IMPLIED WARRANTIES AND CONDITIONS OF MERCHANTABILITY, FITNESS FOR A PARTICULAR PURPOSE AND NON-INFRINGEMENT.

11. LIMITATION OF LIABILITY

11.1 YOU EXPRESSLY UNDERSTAND AND AGREE THAT GOOGLE, ITS SUBSIDIARIES AND AFFILIATES, AND ITS LICENSORS SHALL NOT BE LIABLE TO YOU UNDER ANY THEORY OF LIABILITY FOR ANY DIRECT, INDIRECT, INCIDENTAL, SPECIAL, CONSEQUENTIAL OR EXEMPLARY DAMAGES THAT MAY BE INCURRED BY YOU, INCLUDING ANY LOSS OF DATA, WHETHER OR NOT GOOGLE OR ITS REPRESENTATIVES HAVE BEEN ADVISED OF OR SHOULD HAVE BEEN AWARE OF THE POSSIBILITY OF ANY SUCH LOSSES ARISING.

12. Indemnification

12.1 To the maximum extent permitted by law, you agree to defend, indemnify and hold harmless Google, its affiliates and their respective directors, officers, employees and agents from and against any and all claims, actions, suits or proceedings, as well as any and all losses, liabilities, damages, costs and expenses (including reasonable attorneysâ€™ fees) arising out of or accruing from (a) your use of the SDK, (b) any application you develop on the SDK that infringes any Intellectual Property Rights of any person or defames any person or violates their rights of publicity or privacy, and (c) any non-compliance by you of the License Agreement.

13. Changes to the License Agreement

13.1 Google may make changes to the License Agreement as it distributes new versions of the SDK. When these changes are made, Google will make a new version of the License Agreement available on the website where the SDK is made available.

14. General Legal Terms

14.1 The License Agreement constitutes the whole legal agreement between you and Google and governs your use of the SDK (excluding any services which Google may provide to you under a separate written agreement), and completely replaces any prior agreements between you and Google in relation to the SDK.

14.2 You agree that if Google does not exercise or enforce any legal right or remedy which is contained in the License Agreement (or which Google has the benefit of under any applicable law), this will not be taken to be a formal waiver of Google's rights and that those rights or remedies will still be available to Google.

14.3 If any court of law, having the jurisdiction to decide on this matter, rules that any provision of the License Agreement is invalid, then that provision will be removed from the License Agreement without affecting the rest of the License Agreement. The remaining provisions of the License Agreement will continue to be valid and enforceable.

14.4 You acknowledge and agree that each member of the group of companies of which Google is the parent shall be third party beneficiaries to the License Agreement and that such other companies shall be entitled to directly enforce, and rely upon, any provision of the License Agreement that confers a benefit on (or rights in favor of) them. Other than this, no other person or company shall be third party beneficiaries to the License Agreement.

14.5 EXPORT RESTRICTIONS. THE SDK IS SUBJECT TO UNITED STATES EXPORT LAWS AND REGULATIONS. YOU MUST COMPLY WITH ALL DOMESTIC AND INTERNATIONAL EXPORT LAWS AND REGULATIONS THAT APPLY TO THE SDK. THESE LAWS INCLUDE RESTRICTIONS ON DESTINATIONS, END USERS AND END USE.

14.6 The License Agreement may not be assigned or transferred by you without the prior written approval of Google, and any attempted assignment without such approval will be void. You shall not delegate your responsibilities or obligations under the License Agreement without the prior written approval of Google.

14.7 The License Agreement, and your relationship with Google under the License Agreement, shall be governed by the laws of the State of California without regard to its conflict of laws provisions. You and Google agree to submit to the exclusive jurisdiction of the courts located within the county of Santa Clara, California to resolve any legal matter arising from the License Agreement. Notwithstanding this, you agree that Google shall still be allowed to apply for injunctive remedies (or an equivalent type of urgent legal relief) in any jurisdiction.

June 2014.
    
Do you accept the license 'android-sdk-license-5be876d5' [y/n]: y

Installing Archives:
  Preparing to install archives
  Downloading SDK Platform Android 4.1.2, API 16, revision 5
  Installing SDK Platform Android 4.1.2, API 16, revision 5
  Unzipping SDK Platform Android 4.1.2, API 16, revision 5 (26%)  Unzipping SDK Platform Android 4.1.2, API 16, revision 5 (27%)  Unzipping SDK Platform Android 4.1.2, API 16, revision 5 (28%)  Unzipping SDK Platform Android 4.1.2, API 16, revision 5 (29%)  Unzipping SDK Platform Android 4.1.2, API 16, revision 5 (30%)  Unzipping SDK Platform Android 4.1.2, API 16, revision 5 (31%)  Unzipping SDK Platform Android 4.1.2, API 16, revision 5 (32%)  Unzipping SDK Platform Android 4.1.2, API 16, revision 5 (33%)  Unzipping SDK Platform Android 4.1.2, API 16, revision 5 (34%)  Unzipping SDK Platform Android 4.1.2, API 16, revision 5 (36%)  Unzipping SDK Platform Android 4.1.2, API 16, revision 5 (37%)  Unzipping SDK Platform Android 4.1.2, API 16, revision 5 (38%)  Unzipping SDK Platform Android 4.1.2, API 16, revision 5 (39%)  Unzipping SDK Platform Android 4.1.2, API 16, revision 5 (40%)  Unzipping SDK Platform Android 4.1.2, API 16, revision 5 (41%)  Unzipping SDK Platform Android 4.1.2, API 16, revision 5 (42%)  Unzipping SDK Platform Android 4.1.2, API 16, revision 5 (43%)  Unzipping SDK Platform Android 4.1.2, API 16, revision 5 (44%)  Unzipping SDK Platform Android 4.1.2, API 16, revision 5 (45%)  Unzipping SDK Platform Android 4.1.2, API 16, revision 5 (46%)  Unzipping SDK Platform Android 4.1.2, API 16, revision 5 (47%)  Unzipping SDK Platform Android 4.1.2, API 16, revision 5 (48%)  Unzipping SDK Platform Android 4.1.2, API 16, revision 5 (49%)  Unzipping SDK Platform Android 4.1.2, API 16, revision 5 (50%)  Unzipping SDK Platform Android 4.1.2, API 16, revision 5 (51%)  Unzipping SDK Platform Android 4.1.2, API 16, revision 5 (52%)  Unzipping SDK Platform Android 4.1.2, API 16, revision 5 (53%)  Unzipping SDK Platform Android 4.1.2, API 16, revision 5 (54%)  Unzipping SDK Platform Android 4.1.2, API 16, revision 5 (55%)  Unzipping SDK Platform Android 4.1.2, API 16, revision 5 (72%)  Unzipping SDK Platform Android 4.1.2, API 16, revision 5 (73%)  Unzipping SDK Platform Android 4.1.2, API 16, revision 5 (74%)  Unzipping SDK Platform Android 4.1.2, API 16, revision 5 (77%)  Unzipping SDK Platform Android 4.1.2, API 16, revision 5 (78%)  Unzipping SDK Platform Android 4.1.2, API 16, revision 5 (79%)  Unzipping SDK Platform Android 4.1.2, API 16, revision 5 (81%)  Unzipping SDK Platform Android 4.1.2, API 16, revision 5 (82%)  Unzipping SDK Platform Android 4.1.2, API 16, revision 5 (83%)  Unzipping SDK Platform Android 4.1.2, API 16, revision 5 (86%)  Unzipping SDK Platform Android 4.1.2, API 16, revision 5 (87%)  Unzipping SDK Platform Android 4.1.2, API 16, revision 5 (92%)  Unzipping SDK Platform Android 4.1.2, API 16, revision 5 (96%)    Installed SDK Platform Android 4.1.2, API 16, revision 5
  Done. 1 package installed.
travis_time:end:180f6672:start=1451154541729322127,finish=1451154547098343934,duration=5369021807[0Ktravis_fold:end:android.install[0K$ java -Xmx32m -version
java version "1.7.0_76"
Java(TM) SE Runtime Environment (build 1.7.0_76-b13)
Java HotSpot(TM) 64-Bit Server VM (build 24.76-b04, mixed mode)
$ javac -J-Xmx32m -version
javac 1.7.0_76
travis_fold:start:install[0Ktravis_time:start:02898081[0K$ mvn install clean --fail-never --quiet -DskipTests=true -Dinvoker.skip=true
travis_time:end:02898081:start=1451154547269178609,finish=1451154593254640038,duration=45985461429[0Ktravis_fold:end:install[0Ktravis_time:start:1f43bcec[0K$ mvn verify
[INFO] Scanning for projects...
[WARNING] 
[WARNING] Some problems were encountered while building the effective model for com.squareup.dagger:dagger:jar:1.2.3-SNAPSHOT
[WARNING] 'build.plugins.plugin.version' for org.apache.maven.plugins:maven-javadoc-plugin is missing. @ com.squareup.dagger:dagger:[unknown-version], /home/travis/build/square/dagger/core/pom.xml, line 68, column 15
[WARNING] 'build.plugins.plugin.version' for org.apache.maven.plugins:maven-jar-plugin is missing. @ com.squareup.dagger:dagger:[unknown-version], /home/travis/build/square/dagger/core/pom.xml, line 74, column 15
[WARNING] 
[WARNING] It is highly recommended to fix these problems because they threaten the stability of your build.
[WARNING] 
[WARNING] For this reason, future Maven versions might no longer support building such malformed projects.
[WARNING] 
Downloading: https://repository.apache.org/snapshots/com/squareup/dagger/dagger/1.2.3-SNAPSHOT/maven-metadata.xml
Downloading: https://repository.apache.org/snapshots/com/squareup/dagger/dagger-compiler/1.2.3-SNAPSHOT/maven-metadata.xml
[INFO] ------------------------------------------------------------------------
[INFO] Reactor Build Order:
[INFO] 
[INFO] Dagger (Parent)
[INFO] Dagger
[INFO] Dagger Compiler
[INFO] Examples
[INFO] Examples: Simple
[INFO] Examples: Android - Simple
[INFO] Examples: Android - Activity Graphs
[INFO]                                                                         
[INFO] ------------------------------------------------------------------------
[INFO] Building Dagger (Parent) 1.2.3-SNAPSHOT
[INFO] ------------------------------------------------------------------------
[INFO] 
[INFO] --- maven-enforcer-plugin:1.0:enforce (enforce-maven) @ dagger-parent ---
[INFO] 
[INFO] --- maven-checkstyle-plugin:2.10:checkstyle (default) @ dagger-parent ---
[INFO]                                                                         
[INFO] ------------------------------------------------------------------------
[INFO] Building Dagger 1.2.3-SNAPSHOT
[INFO] ------------------------------------------------------------------------
[INFO] 
[INFO] --- maven-enforcer-plugin:1.0:enforce (enforce-maven) @ dagger ---
[INFO] 
[INFO] --- maven-resources-plugin:2.6:resources (default-resources) @ dagger ---
[INFO] Using 'UTF-8' encoding to copy filtered resources.
[INFO] skip non existing resourceDirectory /home/travis/build/square/dagger/core/src/main/resources
[INFO] 
[INFO] --- maven-compiler-plugin:3.1:compile (default-compile) @ dagger ---
[INFO] Changes detected - recompiling the module!
[INFO] Compiling 23 source files to /home/travis/build/square/dagger/core/target/classes
[WARNING] bootstrap class path not set in conjunction with -source 1.6
[WARNING] /home/travis/build/square/dagger/core/src/main/java/dagger/internal/Binding.java:[155,17] serializable class dagger.internal.Binding.InvalidBindingException has no definition of serialVersionUID
[WARNING] /home/travis/build/square/dagger/core/src/main/java/dagger/internal/ProblemDetector.java:[33,10] found raw type: dagger.internal.Binding
  missing type arguments for generic class dagger.internal.Binding<T>
[WARNING] /home/travis/build/square/dagger/core/src/main/java/dagger/internal/ProblemDetector.java:[33,50] found raw type: dagger.internal.Binding
  missing type arguments for generic class dagger.internal.Binding<T>
[WARNING] /home/travis/build/square/dagger/core/src/main/java/dagger/internal/ArrayQueue.java:[530,58] unchecked cast
  required: T[]
  found:    java.lang.Object
[WARNING] /home/travis/build/square/dagger/core/src/main/java/dagger/internal/ArrayQueue.java:[554,63] unchecked cast
  required: dagger.internal.ArrayQueue<E>
  found:    java.lang.Object
[WARNING] /home/travis/build/square/dagger/core/src/main/java/dagger/internal/ArrayQueue.java:[555,54] unchecked cast
  required: E[]
  found:    java.lang.Object
[WARNING] /home/travis/build/square/dagger/core/src/main/java/dagger/ObjectGraph.java:[163,90] unchecked cast
  required: dagger.internal.ModuleAdapter<java.lang.Object>
  found:    dagger.internal.ModuleAdapter<capture#1 of ?>
[INFO] 
[INFO] --- maven-checkstyle-plugin:2.10:checkstyle (default) @ dagger ---
[INFO] Starting audit...
Audit done.

[WARNING] Unable to locate Source XRef to link to - DISABLED
[INFO] 
[INFO] --- animal-sniffer-maven-plugin:1.8:check (sniff-api) @ dagger ---
[INFO] Checking unresolved references to org.codehaus.mojo.signature:java15:1.0
[INFO] 
[INFO] --- maven-resources-plugin:2.6:testResources (default-testResources) @ dagger ---
[INFO] Using 'UTF-8' encoding to copy filtered resources.
[INFO] skip non existing resourceDirectory /home/travis/build/square/dagger/core/src/test/resources
[INFO] 
[INFO] --- maven-compiler-plugin:3.1:testCompile (default-testCompile) @ dagger ---
[INFO] Changes detected - recompiling the module!
[INFO] Compiling 17 source files to /home/travis/build/square/dagger/core/target/test-classes
[WARNING] bootstrap class path not set in conjunction with -source 1.6
[WARNING] /home/travis/build/square/dagger/core/src/test/java/dagger/InjectionTest.java:[552,15] found raw type: java.util.AbstractList
  missing type arguments for generic class java.util.AbstractList<E>
[WARNING] /home/travis/build/square/dagger/core/src/test/java/dagger/SetBindingTest.java:[99,19] unchecked generic array creation for varargs parameter of type java.util.Set<java.lang.String>[]
[WARNING] /home/travis/build/square/dagger/core/src/test/java/dagger/SetBindingTest.java:[105,21] unchecked generic array creation for varargs parameter of type java.util.Set<java.lang.String>[]
[WARNING] /home/travis/build/square/dagger/core/src/test/java/dagger/internal/TestingModuleAdapter.java:[116,40] unchecked cast
  required: M
  found:    capture#1 of ?
[WARNING] /home/travis/build/square/dagger/core/src/test/java/dagger/internal/TestingModuleAdapter.java:[169,24] found raw type: dagger.internal.Binding
  missing type arguments for generic class dagger.internal.Binding<T>
[WARNING] /home/travis/build/square/dagger/core/src/test/java/dagger/internal/TestingModuleAdapter.java:[182,33] unchecked cast
  required: T
  found:    java.lang.Object
[WARNING] /home/travis/build/square/dagger/core/src/test/java/dagger/ModuleTest.java:[208,17] found raw type: javax.inject.Provider
  missing type arguments for generic class javax.inject.Provider<T>
[WARNING] /home/travis/build/square/dagger/core/src/test/java/dagger/ModuleTest.java:[242,17] found raw type: dagger.Lazy
  missing type arguments for generic class dagger.Lazy<T>
[INFO] 
[INFO] --- maven-surefire-plugin:2.12.4:test (default-test) @ dagger ---
[INFO] Surefire report directory: /home/travis/build/square/dagger/core/target/surefire-reports

-------------------------------------------------------
 T E S T S
-------------------------------------------------------
Running dagger.ExtensionWithStateTest
Tests run: 1, Failures: 0, Errors: 0, Skipped: 0, Time elapsed: 0.064 sec
Running dagger.UnusedProviderTest
Tests run: 5, Failures: 0, Errors: 0, Skipped: 0, Time elapsed: 0.004 sec
Running dagger.InjectionTest
Tests run: 41, Failures: 0, Errors: 0, Skipped: 0, Time elapsed: 0.124 sec
Running dagger.SetBindingTest
Tests run: 12, Failures: 0, Errors: 0, Skipped: 0, Time elapsed: 0.041 sec
Running dagger.internal.SingletonBindingTest
Tests run: 7, Failures: 0, Errors: 0, Skipped: 0, Time elapsed: 0.009 sec
Running dagger.internal.FailoverLoaderTest
Tests run: 1, Failures: 0, Errors: 0, Skipped: 0, Time elapsed: 0.005 sec
Running dagger.internal.KeysTest
Tests run: 18, Failures: 0, Errors: 0, Skipped: 0, Time elapsed: 0.019 sec
Running dagger.ProblemDetectorTest
Tests run: 3, Failures: 0, Errors: 0, Skipped: 0, Time elapsed: 0.005 sec
Running dagger.ExtensionWithSetBindingsTest
Tests run: 3, Failures: 0, Errors: 0, Skipped: 0, Time elapsed: 0.009 sec
Running dagger.LazyInjectionTest
Tests run: 4, Failures: 0, Errors: 0, Skipped: 0, Time elapsed: 0.008 sec
Running dagger.ModuleTest
Tests run: 13, Failures: 0, Errors: 0, Skipped: 0, Time elapsed: 0.017 sec
Running dagger.InjectionOfLazyTest
Tests run: 4, Failures: 0, Errors: 0, Skipped: 0, Time elapsed: 0.007 sec
Running dagger.MembersInjectorTest
Tests run: 8, Failures: 0, Errors: 0, Skipped: 0, Time elapsed: 0.013 sec
Running dagger.ThreadSafetyTest
Tests run: 2, Failures: 0, Errors: 0, Skipped: 0, Time elapsed: 0.067 sec
Running dagger.ExtensionTest
Tests run: 3, Failures: 0, Errors: 0, Skipped: 0, Time elapsed: 0.003 sec

Results :

Tests run: 125, Failures: 0, Errors: 0, Skipped: 0

[INFO] 
[INFO] --- maven-jar-plugin:2.4:jar (default-jar) @ dagger ---
[INFO] Building jar: /home/travis/build/square/dagger/core/target/dagger-1.2.3-SNAPSHOT.jar
[INFO] 
[INFO] --- maven-jar-plugin:2.4:test-jar (default) @ dagger ---
[INFO] Building jar: /home/travis/build/square/dagger/core/target/dagger-1.2.3-SNAPSHOT-tests.jar
[INFO]                                                                         
[INFO] ------------------------------------------------------------------------
[INFO] Building Dagger Compiler 1.2.3-SNAPSHOT
[INFO] ------------------------------------------------------------------------
[INFO] 
[INFO] --- maven-enforcer-plugin:1.0:enforce (enforce-maven) @ dagger-compiler ---
[INFO] 
[INFO] --- maven-resources-plugin:2.6:resources (default-resources) @ dagger-compiler ---
[INFO] Using 'UTF-8' encoding to copy filtered resources.
[INFO] Copying 1 resource
[INFO] 
[INFO] --- maven-compiler-plugin:3.1:compile (default-compile) @ dagger-compiler ---
[INFO] Changes detected - recompiling the module!
[INFO] Compiling 12 source files to /home/travis/build/square/dagger/compiler/target/classes
[WARNING] bootstrap class path not set in conjunction with -source 1.6
[INFO] 
[INFO] --- maven-checkstyle-plugin:2.10:checkstyle (default) @ dagger-compiler ---
[INFO] Starting audit...
Audit done.

[WARNING] Unable to locate Source XRef to link to - DISABLED
[INFO] 
[INFO] --- maven-resources-plugin:2.6:testResources (default-testResources) @ dagger-compiler ---
[INFO] Using 'UTF-8' encoding to copy filtered resources.
[INFO] skip non existing resourceDirectory /home/travis/build/square/dagger/compiler/src/test/resources
[INFO] 
[INFO] --- maven-compiler-plugin:3.1:testCompile (default-testCompile) @ dagger-compiler ---
[INFO] Changes detected - recompiling the module!
[INFO] Compiling 16 source files to /home/travis/build/square/dagger/compiler/target/test-classes
[WARNING] bootstrap class path not set in conjunction with -source 1.6
[WARNING] No processor claimed any of these annotations: javax.inject.Named,dagger.tests.integration.operation.FailureModeErrorsTest.MyFoo,javax.inject.Qualifier,dagger.Module,javax.annotation.processing.SupportedAnnotationTypes,dagger.Provides,javax.inject.Inject,org.junit.runner.RunWith,org.junit.Test
[INFO] 
[INFO] --- maven-compiler-plugin:3.1:testCompile (default-test-compile) @ dagger-compiler ---
[INFO] Changes detected - recompiling the module!
[INFO] Compiling 16 source files to /home/travis/build/square/dagger/compiler/target/test-classes
[WARNING] bootstrap class path not set in conjunction with -source 1.6
[WARNING] No processor claimed any of these annotations: javax.inject.Named,dagger.tests.integration.operation.FailureModeErrorsTest.MyFoo,javax.inject.Qualifier,dagger.Module,javax.annotation.processing.SupportedAnnotationTypes,dagger.Provides,javax.inject.Inject,org.junit.runner.RunWith,org.junit.Test
[INFO] 
[INFO] --- maven-surefire-plugin:2.12.4:test (default-test) @ dagger-compiler ---
[INFO] Surefire report directory: /home/travis/build/square/dagger/compiler/target/surefire-reports

-------------------------------------------------------
 T E S T S
-------------------------------------------------------
Running dagger.tests.integration.validation.CyclicModuleIncludesTest
Tests run: 3, Failures: 0, Errors: 0, Skipped: 0, Time elapsed: 1.121 sec
Running dagger.tests.integration.validation.LibraryModuleTest
Tests run: 4, Failures: 0, Errors: 0, Skipped: 0, Time elapsed: 0.455 sec
Running dagger.tests.integration.validation.SimpleMissingDependencyTest
Tests run: 1, Failures: 0, Errors: 0, Skipped: 0, Time elapsed: 0.057 sec
Running dagger.tests.integration.validation.CyclicDependencyTest
Tests run: 2, Failures: 0, Errors: 0, Skipped: 0, Time elapsed: 0.186 sec
Running dagger.tests.integration.validation.ScopeAnnotationUseTest
Tests run: 12, Failures: 0, Errors: 0, Skipped: 0, Time elapsed: 0.434 sec
Running dagger.tests.integration.validation.GeneratedTypesNotReadyTest
Tests run: 6, Failures: 0, Errors: 0, Skipped: 0, Time elapsed: 0.681 sec
Running dagger.tests.integration.operation.FailureModeErrorsTest
Tests run: 2, Failures: 0, Errors: 0, Skipped: 0, Time elapsed: 0.019 sec
Running dagger.tests.integration.operation.PrimitiveInjectionTest
Tests run: 1, Failures: 0, Errors: 0, Skipped: 0, Time elapsed: 0.01 sec
Running dagger.tests.integration.operation.SimpleInjectionTest
Tests run: 5, Failures: 0, Errors: 0, Skipped: 0, Time elapsed: 0.012 sec
Running dagger.tests.integration.codegen.ModuleAdapterGenerationTest
Tests run: 3, Failures: 0, Errors: 0, Skipped: 0, Time elapsed: 0.247 sec
Running dagger.tests.integration.codegen.InjectAdapterGenerationTest
Tests run: 2, Failures: 0, Errors: 0, Skipped: 0, Time elapsed: 0.092 sec
Running dagger.internal.codegen.GraphVisualizerTest
Tests run: 7, Failures: 0, Errors: 0, Skipped: 0, Time elapsed: 0.014 sec
Running dagger.internal.codegen.GraphAnalysisLoaderTest
Tests run: 1, Failures: 0, Errors: 0, Skipped: 0, Time elapsed: 0.127 sec
Running dagger.internal.codegen.DotWriterTest
Tests run: 4, Failures: 0, Errors: 0, Skipped: 0, Time elapsed: 0.002 sec

Results :

Tests run: 53, Failures: 0, Errors: 0, Skipped: 0

[INFO] 
[INFO] --- maven-jar-plugin:2.4:jar (default-jar) @ dagger-compiler ---
[INFO] Building jar: /home/travis/build/square/dagger/compiler/target/dagger-compiler-1.2.3-SNAPSHOT.jar
[INFO] 
[INFO] --- maven-assembly-plugin:2.2-beta-5:single (default) @ dagger-compiler ---
[INFO] META-INF/ already added, skipping
[INFO] META-INF/MANIFEST.MF already added, skipping
[INFO] META-INF/maven/ already added, skipping
[INFO] META-INF/MANIFEST.MF already added, skipping
[INFO] META-INF/ already added, skipping
[INFO] META-INF/maven/ already added, skipping
[INFO] com/ already added, skipping
[INFO] Building jar: /home/travis/build/square/dagger/compiler/target/dagger-compiler-1.2.3-SNAPSHOT-jar-with-dependencies.jar
[INFO] META-INF/ already added, skipping
[INFO] META-INF/MANIFEST.MF already added, skipping
[INFO] META-INF/maven/ already added, skipping
[INFO] META-INF/MANIFEST.MF already added, skipping
[INFO] META-INF/ already added, skipping
[INFO] META-INF/maven/ already added, skipping
[INFO] com/ already added, skipping
[INFO] 
[INFO] --- maven-invoker-plugin:1.7:install (integration-test) @ dagger-compiler ---
[INFO] Installing /home/travis/build/square/dagger/core/pom.xml to /home/travis/build/square/dagger/compiler/target/local-repo/com/squareup/dagger/dagger/1.2.3-SNAPSHOT/dagger-1.2.3-SNAPSHOT.pom
[INFO] Installing /home/travis/build/square/dagger/core/target/dagger-1.2.3-SNAPSHOT.jar to /home/travis/build/square/dagger/compiler/target/local-repo/com/squareup/dagger/dagger/1.2.3-SNAPSHOT/dagger-1.2.3-SNAPSHOT.jar
[INFO] Installing /home/travis/build/square/dagger/core/target/dagger-1.2.3-SNAPSHOT-tests.jar to /home/travis/build/square/dagger/compiler/target/local-repo/com/squareup/dagger/dagger/1.2.3-SNAPSHOT/dagger-1.2.3-SNAPSHOT-tests.jar
[INFO] Installing /home/travis/build/square/dagger/pom.xml to /home/travis/build/square/dagger/compiler/target/local-repo/com/squareup/dagger/dagger-parent/1.2.3-SNAPSHOT/dagger-parent-1.2.3-SNAPSHOT.pom
[INFO] Installing /home/travis/build/square/dagger/compiler/pom.xml to /home/travis/build/square/dagger/compiler/target/local-repo/com/squareup/dagger/dagger-compiler/1.2.3-SNAPSHOT/dagger-compiler-1.2.3-SNAPSHOT.pom
[INFO] Installing /home/travis/build/square/dagger/compiler/target/dagger-compiler-1.2.3-SNAPSHOT.jar to /home/travis/build/square/dagger/compiler/target/local-repo/com/squareup/dagger/dagger-compiler/1.2.3-SNAPSHOT/dagger-compiler-1.2.3-SNAPSHOT.jar
[INFO] Installing /home/travis/build/square/dagger/compiler/target/dagger-compiler-1.2.3-SNAPSHOT-jar-with-dependencies.jar to /home/travis/build/square/dagger/compiler/target/local-repo/com/squareup/dagger/dagger-compiler/1.2.3-SNAPSHOT/dagger-compiler-1.2.3-SNAPSHOT-jar-with-dependencies.jar
[INFO] 
[INFO] --- maven-invoker-plugin:1.7:run (integration-test) @ dagger-compiler ---
[INFO] Building: default-package-injected-type/pom.xml
[INFO] ..SUCCESS (11.7 s)
[INFO] Building: extension-graph-setvalues/pom.xml
[INFO] ..SUCCESS (5.4 s)
[INFO] Building: extension-graph/pom.xml
[INFO] ..SUCCESS (7.6 s)
[INFO] Building: final-field-inject/pom.xml
[INFO] run script verify.bsh
[INFO] ..SUCCESS (5.1 s)
[INFO] Building: include-non-module/pom.xml
[INFO] ..SUCCESS (5.6 s)
[INFO] Building: inject-on-class/pom.xml
[INFO] run script verify.bsh
[INFO] ..SUCCESS (5.4 s)
[INFO] Building: inject-parameterized-type/pom.xml
[INFO] ..SUCCESS (6.0 s)
[INFO] Building: inner-classes-complaint-injection/pom.xml
[INFO] run script verify.bsh
[INFO] ..SUCCESS (5.2 s)
[INFO] Building: method-injection/pom.xml
[INFO] run script verify.bsh
[INFO] ..SUCCESS (5.7 s)
[INFO] Building: missing-at-inject-constructor/pom.xml
[INFO] run script verify.bsh
[INFO] ..SUCCESS (6.1 s)
[INFO] Building: module-type-validation/pom.xml
[INFO] run script verify.bsh
[INFO] ..SUCCESS (5.6 s)
[INFO] Building: multiple-modules-setvalues/pom.xml
[INFO] ..SUCCESS (6.6 s)
[INFO] Building: multiple-provides-methods/pom.xml
[INFO] run script verify.bsh
[INFO] ..SUCCESS (6.4 s)
[INFO] Building: multiple-qualifiers/pom.xml
[INFO] run script verify.bsh
[INFO] ..SUCCESS (5.4 s)
[INFO] Building: private-inject/pom.xml
[INFO] run script verify.bsh
[INFO] ..SUCCESS (5.8 s)
[INFO] Building: provide-provider-or-lazy/pom.xml
[INFO] run script verify.bsh
[INFO] ..SUCCESS (5.5 s)
[INFO] Building: provides-method-not-in-module/pom.xml
[INFO] run script verify.bsh
[INFO] ..SUCCESS (5.6 s)
[INFO] Building: provides-method-with-throws-clause/pom.xml
[INFO] run script verify.bsh
[INFO] ..SUCCESS (5.3 s)
[INFO] Building: qualifiers-on-invalid-elements-errors/pom.xml
[INFO] run script verify.bsh
[INFO] ..SUCCESS (4.8 s)
[INFO] Building: qualifiers-on-invalid-elements-warnings/pom.xml
[INFO] run script verify.bsh
[INFO] ..SUCCESS (5.9 s)
[INFO] Building: same-provides-method-name/pom.xml
[INFO] ..SUCCESS (5.9 s)
[INFO] Building: uninjectable-supertype/pom.xml
[INFO] ..SUCCESS (5.2 s)
[INFO] Building: valid-use-of-qualifiers/pom.xml
[INFO] ..SUCCESS (5.6 s)
[INFO] -------------------------------------------------
[INFO] Build Summary:
[INFO]   Passed: 23, Failed: 0, Errors: 0, Skipped: 0
[INFO] -------------------------------------------------
[INFO]                                                                         
[INFO] ------------------------------------------------------------------------
[INFO] Building Examples 1.2.3-SNAPSHOT
[INFO] ------------------------------------------------------------------------
[INFO] 
[INFO] --- maven-enforcer-plugin:1.0:enforce (enforce-maven) @ dagger-example-parent ---
[INFO] 
[INFO] --- maven-checkstyle-plugin:2.10:checkstyle (default) @ dagger-example-parent ---
[INFO]                                                                         
[INFO] ------------------------------------------------------------------------
[INFO] Building Examples: Simple 1.2.3-SNAPSHOT
[INFO] ------------------------------------------------------------------------
[INFO] 
[INFO] --- maven-enforcer-plugin:1.0:enforce (enforce-maven) @ simple ---
[INFO] 
[INFO] --- maven-resources-plugin:2.6:resources (default-resources) @ simple ---
[INFO] Using 'UTF-8' encoding to copy filtered resources.
[INFO] skip non existing resourceDirectory /home/travis/build/square/dagger/examples/simple/src/main/resources
[INFO] 
[INFO] --- maven-compiler-plugin:3.1:compile (default-compile) @ simple ---
[INFO] Changes detected - recompiling the module!
[INFO] Compiling 8 source files to /home/travis/build/square/dagger/examples/simple/target/classes
[WARNING] bootstrap class path not set in conjunction with -source 1.6
[WARNING] No processor claimed any of these annotations: dagger.Provides,javax.inject.Inject,javax.inject.Singleton,dagger.Module
[INFO] 
[INFO] --- maven-checkstyle-plugin:2.10:checkstyle (default) @ simple ---
[INFO] Starting audit...
Audit done.

[WARNING] Unable to locate Source XRef to link to - DISABLED
[INFO] 
[INFO] --- maven-resources-plugin:2.6:testResources (default-testResources) @ simple ---
[INFO] Using 'UTF-8' encoding to copy filtered resources.
[INFO] skip non existing resourceDirectory /home/travis/build/square/dagger/examples/simple/src/test/resources
[INFO] 
[INFO] --- maven-compiler-plugin:3.1:testCompile (default-testCompile) @ simple ---
[INFO] Changes detected - recompiling the module!
[INFO] Compiling 1 source file to /home/travis/build/square/dagger/examples/simple/target/test-classes
[WARNING] bootstrap class path not set in conjunction with -source 1.6
[WARNING] No processor claimed any of these annotations: dagger.Provides,javax.inject.Inject,org.junit.Test,org.junit.Before,javax.inject.Singleton,dagger.Module
[INFO] 
[INFO] --- maven-surefire-plugin:2.12.4:test (default-test) @ simple ---
[INFO] Surefire report directory: /home/travis/build/square/dagger/examples/simple/target/surefire-reports

-------------------------------------------------------
 T E S T S
-------------------------------------------------------
Running coffee.CoffeeMakerTest
=> => pumping => =>
 [_]P coffee! [_]P 
Tests run: 1, Failures: 0, Errors: 0, Skipped: 0, Time elapsed: 0.21 sec

Results :

Tests run: 1, Failures: 0, Errors: 0, Skipped: 0

[INFO] 
[INFO] --- maven-jar-plugin:2.4:jar (default-jar) @ simple ---
[INFO] Building jar: /home/travis/build/square/dagger/examples/simple/target/simple-1.2.3-SNAPSHOT.jar
[INFO]                                                                         
[INFO] ------------------------------------------------------------------------
[INFO] Building Examples: Android - Simple 1.2.3-SNAPSHOT
[INFO] ------------------------------------------------------------------------
[INFO] 
[INFO] --- maven-enforcer-plugin:1.0:enforce (enforce-maven) @ android-simple ---
[INFO] 
[INFO] --- android-maven-plugin:4.1.1:generate-sources (default-generate-sources) @ android-simple ---
[INFO] Manifest copied from /home/travis/build/square/dagger/examples/android-simple/src/main/AndroidManifest.xml to /home/travis/build/square/dagger/examples/android-simple/target/AndroidManifest.xml
[INFO] Extracting libs
[INFO] Generating R file for com.squareup.dagger.example:android-simple:apk:1.2.3-SNAPSHOT
[INFO] Adding R gen folder to compile classpath: /home/travis/build/square/dagger/examples/android-simple/target/generated-sources/r
[INFO] Adding AIDL gen folder to compile classpath: /home/travis/build/square/dagger/examples/android-simple/target/generated-sources/aidl
[INFO] 
[INFO] --- maven-resources-plugin:2.7:resources (default-resources) @ android-simple ---
[INFO] Using 'UTF-8' encoding to copy filtered resources.
[INFO] skip non existing resourceDirectory /home/travis/build/square/dagger/examples/android-simple/src/main/resources
[INFO] 
[INFO] --- maven-compiler-plugin:3.1:compile (default-compile) @ android-simple ---
[INFO] Changes detected - recompiling the module!
[INFO] Compiling 8 source files to /home/travis/build/square/dagger/examples/android-simple/target/classes
[WARNING] bootstrap class path not set in conjunction with -source 1.6
[WARNING] No processor claimed any of these annotations: javax.inject.Qualifier,dagger.Module,dagger.Provides,javax.inject.Inject,javax.inject.Singleton,com.example.dagger.simple.ForApplication
[INFO] 
[INFO] --- maven-checkstyle-plugin:2.10:checkstyle (default) @ android-simple ---
[INFO] Starting audit...
Audit done.

[WARNING] Unable to locate Source XRef to link to - DISABLED
[INFO] 
[INFO] --- android-maven-plugin:4.1.1:emma (default-emma) @ android-simple ---
[INFO] 
[INFO] --- android-maven-plugin:4.1.1:proguard (default-proguard) @ android-simple ---
[INFO] 
[INFO] --- maven-resources-plugin:2.7:testResources (default-testResources) @ android-simple ---
[INFO] Using 'UTF-8' encoding to copy filtered resources.
[INFO] skip non existing resourceDirectory /home/travis/build/square/dagger/examples/android-simple/src/test/resources
[INFO] 
[INFO] --- maven-compiler-plugin:3.1:testCompile (default-testCompile) @ android-simple ---
[INFO] No sources to compile
[INFO] 
[INFO] --- maven-surefire-plugin:2.19:test (default-test) @ android-simple ---
[INFO] No tests to run.
[INFO] 
[INFO] --- android-maven-plugin:4.1.1:dex (default-dex) @ android-simple ---
[INFO] Convert classes to Dex : /home/travis/build/square/dagger/examples/android-simple/target/classes.dex
[INFO] 
[INFO] --- maven-jar-plugin:2.6:jar (default-jar) @ android-simple ---
[INFO] Building jar: /home/travis/build/square/dagger/examples/android-simple/target/android-simple-1.2.3-SNAPSHOT.jar
[INFO] 
[INFO] --- android-maven-plugin:4.1.1:apk (default-apk) @ android-simple ---
[INFO] Generating debug apk.
[INFO] Adding native libraries : []
[INFO] 
[INFO] --- android-maven-plugin:4.1.1:internal-pre-integration-test (default-internal-pre-integration-test) @ android-simple ---
[INFO] No InstrumentationRunner found - skipping tests
[INFO] 
[INFO] --- android-maven-plugin:4.1.1:internal-integration-test (default-internal-integration-test) @ android-simple ---
[INFO] No InstrumentationRunner found - skipping tests
[INFO]                                                                         
[INFO] ------------------------------------------------------------------------
[INFO] Building Examples: Android - Activity Graphs 1.2.3-SNAPSHOT
[INFO] ------------------------------------------------------------------------
[INFO] 
[INFO] --- maven-enforcer-plugin:1.0:enforce (enforce-maven) @ android-activity-graphs ---
[INFO] 
[INFO] --- android-maven-plugin:4.1.1:generate-sources (default-generate-sources) @ android-activity-graphs ---
[INFO] Manifest copied from /home/travis/build/square/dagger/examples/android-activity-graphs/src/main/AndroidManifest.xml to /home/travis/build/square/dagger/examples/android-activity-graphs/target/AndroidManifest.xml
[INFO] Extracting libs
[INFO] Generating R file for com.squareup.dagger.example:android-activity-graphs:apk:1.2.3-SNAPSHOT
[INFO] Adding R gen folder to compile classpath: /home/travis/build/square/dagger/examples/android-activity-graphs/target/generated-sources/r
[INFO] Adding AIDL gen folder to compile classpath: /home/travis/build/square/dagger/examples/android-activity-graphs/target/generated-sources/aidl
[INFO] 
[INFO] --- maven-resources-plugin:2.7:resources (default-resources) @ android-activity-graphs ---
[INFO] Using 'UTF-8' encoding to copy filtered resources.
[INFO] skip non existing resourceDirectory /home/travis/build/square/dagger/examples/android-activity-graphs/src/main/resources
[INFO] 
[INFO] --- maven-compiler-plugin:3.1:compile (default-compile) @ android-activity-graphs ---
[INFO] Changes detected - recompiling the module!
[INFO] Compiling 12 source files to /home/travis/build/square/dagger/examples/android-activity-graphs/target/classes
[WARNING] bootstrap class path not set in conjunction with -source 1.6
[WARNING] No processor claimed any of these annotations: com.example.dagger.activitygraphs.ForApplication,javax.inject.Qualifier,dagger.Module,dagger.Provides,com.example.dagger.activitygraphs.ForActivity,javax.inject.Inject,javax.inject.Singleton
[INFO] 
[INFO] --- maven-checkstyle-plugin:2.10:checkstyle (default) @ android-activity-graphs ---
[INFO] Starting audit...
Audit done.

[WARNING] Unable to locate Source XRef to link to - DISABLED
[INFO] 
[INFO] --- android-maven-plugin:4.1.1:emma (default-emma) @ android-activity-graphs ---
[INFO] 
[INFO] --- android-maven-plugin:4.1.1:proguard (default-proguard) @ android-activity-graphs ---
[INFO] 
[INFO] --- maven-resources-plugin:2.7:testResources (default-testResources) @ android-activity-graphs ---
[INFO] Using 'UTF-8' encoding to copy filtered resources.
[INFO] skip non existing resourceDirectory /home/travis/build/square/dagger/examples/android-activity-graphs/src/test/resources
[INFO] 
[INFO] --- maven-compiler-plugin:3.1:testCompile (default-testCompile) @ android-activity-graphs ---
[INFO] No sources to compile
[INFO] 
[INFO] --- maven-surefire-plugin:2.19:test (default-test) @ android-activity-graphs ---
[INFO] No tests to run.
[INFO] 
[INFO] --- android-maven-plugin:4.1.1:dex (default-dex) @ android-activity-graphs ---
[INFO] Convert classes to Dex : /home/travis/build/square/dagger/examples/android-activity-graphs/target/classes.dex
[INFO] 
[INFO] --- maven-jar-plugin:2.6:jar (default-jar) @ android-activity-graphs ---
[INFO] Building jar: /home/travis/build/square/dagger/examples/android-activity-graphs/target/android-activity-graphs-1.2.3-SNAPSHOT.jar
[INFO] 
[INFO] --- android-maven-plugin:4.1.1:apk (default-apk) @ android-activity-graphs ---
[INFO] Generating debug apk.
[INFO] Adding native libraries : []
[INFO] 
[INFO] --- android-maven-plugin:4.1.1:internal-pre-integration-test (default-internal-pre-integration-test) @ android-activity-graphs ---
[INFO] No InstrumentationRunner found - skipping tests
[INFO] 
[INFO] --- android-maven-plugin:4.1.1:internal-integration-test (default-internal-integration-test) @ android-activity-graphs ---
[INFO] No InstrumentationRunner found - skipping tests
[INFO] ------------------------------------------------------------------------
[INFO] Reactor Summary:
[INFO] 
[INFO] Dagger (Parent) .................................... SUCCESS [  1.358 s]
[INFO] Dagger ............................................. SUCCESS [  8.123 s]
[INFO] Dagger Compiler .................................... SUCCESS [02:27 min]
[INFO] Examples ........................................... SUCCESS [  0.006 s]
[INFO] Examples: Simple ................................... SUCCESS [  0.871 s]
[INFO] Examples: Android - Simple ......................... SUCCESS [ 12.607 s]
[INFO] Examples: Android - Activity Graphs ................ SUCCESS [ 11.035 s]
[INFO] ------------------------------------------------------------------------
[INFO] BUILD SUCCESS
[INFO] ------------------------------------------------------------------------
[INFO] Total time: 03:04 min
[INFO] Finished at: 2015-12-26T18:32:59+00:00
[INFO] Final Memory: 54M/414M
[INFO] ------------------------------------------------------------------------
travis_time:end:1f43bcec:start=1451154593258733123,finish=1451154780454984390,duration=187196251267[0K
[32;1mThe command "mvn verify" exited with 0.[0m
travis_fold:start:cache.2[0Kstore build cache
travis_time:start:0432f3da[0Ktravis_time:end:0432f3da:start=1451154780459076473,finish=1451154780462273003,duration=3196530[0Ktravis_time:start:0b0d6648[0K[32;1mchange detected:
/home/travis/.m2/repository/com/squareup/dagger/dagger/1.2.3-SNAPSHOT/dagger-1.2.3-SNAPSHOT.jar
/home/travis/.m2/repository/com/squareup/dagger/dagger/1.2.3-SNAPSHOT/dagger-1.2.3-SNAPSHOT-tests.jar
/home/travis/.m2/repository/com/squareup/dagger/dagger/1.2.3-SNAPSHOT/maven-metadata-local.xml
/home/travis/.m2/repository/com/squareup/dagger/dagger/1.2.3-SNAPSHOT/_remote.repositories
/home/travis/.m2/repository/com/squareup/dagger/dagger/1.2.3-SNAPSHOT/resolver-status.properties
/home/travis/.m2/repository/com/squareup/dagger/dagger-compiler/1.2.3-SNAPSHOT/dagger-compiler-1.2.3-SNAPSHOT.jar
/home/travis/.m2/repository/com/squareup/dagger/dagger-compiler/1.2.3-SNAPSHOT/dagger-compiler-1.2.3-SNAPSHOT-jar-with-dependencies.jar
/home/travis/.m2/repository/com/squareup/dagger/dagger-compiler/1.2.3-SNAPSHOT/maven-metadata-local.xml
/home/travis/.m2/repository/com/squareup/dagger/dagger-compiler/1.2.3-SNAPSHOT/_remote.repositories
/home/travis/.m2/repository/com/squareup/dagger/dagger-compiler/1.
[0m
[32;1m...
[0m
[32;1mchanges detected, packing new archive[0m
[32;1muploading archive[0m
travis_time:end:0b0d6648:start=1451154780465992093,finish=1451154788718412656,duration=8252420563[0Ktravis_fold:end:cache.2[0Ktravis_fold:start:after_success[0Ktravis_time:start:0025f0c8[0K$ .buildscript/deploy_snapshot.sh
Deploying snapshot...
[INFO] Scanning for projects...
[WARNING] 
[WARNING] Some problems were encountered while building the effective model for com.squareup.dagger:dagger:jar:1.2.3-SNAPSHOT
[WARNING] 'build.plugins.plugin.version' for org.apache.maven.plugins:maven-javadoc-plugin is missing. @ com.squareup.dagger:dagger:[unknown-version], /home/travis/build/square/dagger/core/pom.xml, line 68, column 15
[WARNING] 'build.plugins.plugin.version' for org.apache.maven.plugins:maven-jar-plugin is missing. @ com.squareup.dagger:dagger:[unknown-version], /home/travis/build/square/dagger/core/pom.xml, line 74, column 15
[WARNING] 
[WARNING] It is highly recommended to fix these problems because they threaten the stability of your build.
[WARNING] 
[WARNING] For this reason, future Maven versions might no longer support building such malformed projects.
[WARNING] 
[INFO] ------------------------------------------------------------------------
[INFO] Reactor Build Order:
[INFO] 
[INFO] Dagger (Parent)
[INFO] Dagger
[INFO] Dagger Compiler
[INFO] Examples
[INFO] Examples: Simple
[INFO] Examples: Android - Simple
[INFO] Examples: Android - Activity Graphs
Downloading: https://repo.maven.apache.org/maven2/org/apache/maven/plugins/maven-release-plugin/2.4.2/maven-release-plugin-2.4.2.pom
4/12 KB   8/12 KB   12/12 KB              Downloaded: https://repo.maven.apache.org/maven2/org/apache/maven/plugins/maven-release-plugin/2.4.2/maven-release-plugin-2.4.2.pom (12 KB at 25.5 KB/sec)
Downloading: https://repo.maven.apache.org/maven2/org/apache/maven/release/maven-release/2.4.2/maven-release-2.4.2.pom
4/5 KB     5/5 KB            Downloaded: https://repo.maven.apache.org/maven2/org/apache/maven/release/maven-release/2.4.2/maven-release-2.4.2.pom (5 KB at 203.8 KB/sec)
Downloading: https://repo.maven.apache.org/maven2/org/apache/maven/plugins/maven-release-plugin/2.4.2/maven-release-plugin-2.4.2.jar
4/50 KB   8/50 KB   12/50 KB   16/50 KB   20/50 KB   24/50 KB   28/50 KB   32/50 KB   36/50 KB   40/50 KB   44/50 KB   48/50 KB   50/50 KB              Downloaded: https://repo.maven.apache.org/maven2/org/apache/maven/plugins/maven-release-plugin/2.4.2/maven-release-plugin-2.4.2.jar (50 KB at 1411.5 KB/sec)
Downloading: https://repo.maven.apache.org/maven2/org/apache/maven/plugins/maven-deploy-plugin/2.7/maven-deploy-plugin-2.7.pom
3/6 KB     6/6 KB            Downloaded: https://repo.maven.apache.org/maven2/org/apache/maven/plugins/maven-deploy-plugin/2.7/maven-deploy-plugin-2.7.pom (6 KB at 249.2 KB/sec)
Downloading: https://repo.maven.apache.org/maven2/org/apache/maven/plugins/maven-deploy-plugin/2.7/maven-deploy-plugin-2.7.jar
4/27 KB   8/27 KB   12/27 KB   16/27 KB   20/27 KB   24/27 KB   27/27 KB              Downloaded: https://repo.maven.apache.org/maven2/org/apache/maven/plugins/maven-deploy-plugin/2.7/maven-deploy-plugin-2.7.jar (27 KB at 1139.2 KB/sec)
Downloading: https://repo.maven.apache.org/maven2/org/apache/maven/plugins/maven-site-plugin/3.3/maven-site-plugin-3.3.pom
4/21 KB    8/21 KB   12/21 KB   16/21 KB   20/21 KB   21/21 KB              Downloaded: https://repo.maven.apache.org/maven2/org/apache/maven/plugins/maven-site-plugin/3.3/maven-site-plugin-3.3.pom (21 KB at 883.7 KB/sec)
Downloading: https://repo.maven.apache.org/maven2/org/apache/maven/plugins/maven-site-plugin/3.3/maven-site-plugin-3.3.jar
4/122 KB   8/122 KB   12/122 KB   16/122 KB   20/122 KB   24/122 KB   28/122 KB   32/122 KB   36/122 KB   40/122 KB   44/122 KB   48/122 KB   52/122 KB   56/122 KB   60/122 KB   64/122 KB   68/122 KB   72/122 KB   76/122 KB   80/122 KB   84/122 KB   88/122 KB   92/122 KB   96/122 KB   100/122 KB   104/122 KB   108/122 KB   112/122 KB   116/122 KB   120/122 KB   122/122 KB                Downloaded: https://repo.maven.apache.org/maven2/org/apache/maven/plugins/maven-site-plugin/3.3/maven-site-plugin-3.3.jar (122 KB at 3195.9 KB/sec)
Downloading: https://repo.maven.apache.org/maven2/org/apache/maven/plugins/maven-antrun-plugin/1.3/maven-antrun-plugin-1.3.pom
4/5 KB       5/5 KB            Downloaded: https://repo.maven.apache.org/maven2/org/apache/maven/plugins/maven-antrun-plugin/1.3/maven-antrun-plugin-1.3.pom (5 KB at 210.0 KB/sec)
Downloading: https://repo.maven.apache.org/maven2/org/apache/maven/plugins/maven-plugins/12/maven-plugins-12.pom
1/12 KB   5/12 KB   9/12 KB   12/12 KB              Downloaded: https://repo.maven.apache.org/maven2/org/apache/maven/plugins/maven-plugins/12/maven-plugins-12.pom (12 KB at 521.5 KB/sec)
Downloading: https://repo.maven.apache.org/maven2/org/apache/maven/plugins/maven-antrun-plugin/1.3/maven-antrun-plugin-1.3.jar
4/24 KB    8/24 KB   12/24 KB   16/24 KB   20/24 KB   24/24 KB              Downloaded: https://repo.maven.apache.org/maven2/org/apache/maven/plugins/maven-antrun-plugin/1.3/maven-antrun-plugin-1.3.jar (24 KB at 1046.4 KB/sec)
Downloading: https://repo.maven.apache.org/maven2/org/apache/maven/plugins/maven-dependency-plugin/2.8/maven-dependency-plugin-2.8.pom
1/12 KB    5/12 KB   9/12 KB   12/12 KB              Downloaded: https://repo.maven.apache.org/maven2/org/apache/maven/plugins/maven-dependency-plugin/2.8/maven-dependency-plugin-2.8.pom (12 KB at 319.6 KB/sec)
Downloading: https://repo.maven.apache.org/maven2/org/apache/maven/plugins/maven-dependency-plugin/2.8/maven-dependency-plugin-2.8.jar
3/150 KB   7/150 KB   11/150 KB   15/150 KB   19/150 KB   23/150 KB   27/150 KB   31/150 KB   35/150 KB   39/150 KB   43/150 KB   47/150 KB   51/150 KB   55/150 KB   59/150 KB   63/150 KB   67/150 KB   71/150 KB   75/150 KB   79/150 KB   83/150 KB   87/150 KB   91/150 KB   95/150 KB   99/150 KB   103/150 KB   107/150 KB   111/150 KB   115/150 KB   119/150 KB   123/150 KB   127/150 KB   131/150 KB   135/150 KB   139/150 KB   143/150 KB   147/150 KB   150/150 KB                Downloaded: https://repo.maven.apache.org/maven2/org/apache/maven/plugins/maven-dependency-plugin/2.8/maven-dependency-plugin-2.8.jar (150 KB at 2933.2 KB/sec)
Downloading: https://repo.maven.apache.org/maven2/org/apache/maven/plugins/maven-release-plugin/2.1/maven-release-plugin-2.1.pom
4/9 KB       8/9 KB   9/9 KB            Downloaded: https://repo.maven.apache.org/maven2/org/apache/maven/plugins/maven-release-plugin/2.1/maven-release-plugin-2.1.pom (9 KB at 223.0 KB/sec)
Downloading: https://repo.maven.apache.org/maven2/org/apache/maven/release/maven-release/2.1/maven-release-2.1.pom
4/7 KB   7/7 KB            Downloaded: https://repo.maven.apache.org/maven2/org/apache/maven/release/maven-release/2.1/maven-release-2.1.pom (7 KB at 313.9 KB/sec)
Downloading: https://repo.maven.apache.org/maven2/org/apache/maven/plugins/maven-release-plugin/2.1/maven-release-plugin-2.1.jar
4/40 KB   8/40 KB   12/40 KB   16/40 KB   20/40 KB   24/40 KB   28/40 KB   32/40 KB   36/40 KB   40/40 KB              Downloaded: https://repo.maven.apache.org/maven2/org/apache/maven/plugins/maven-release-plugin/2.1/maven-release-plugin-2.1.jar (40 KB at 1508.5 KB/sec)
Downloading: https://repo.maven.apache.org/maven2/org/apache/maven/plugins/maven-metadata.xml
Downloading: https://repo.maven.apache.org/maven2/org/codehaus/mojo/maven-metadata.xml
4/13 KB    8/13 KB   12/13 KB   13/13 KB              Downloaded: https://repo.maven.apache.org/maven2/org/apache/maven/plugins/maven-metadata.xml (13 KB at 610.8 KB/sec)
4/20 KB    8/20 KB   12/20 KB   16/20 KB   20/20 KB   20/20 KB              Downloaded: https://repo.maven.apache.org/maven2/org/codehaus/mojo/maven-metadata.xml (20 KB at 357.0 KB/sec)
Downloading: https://repo.maven.apache.org/maven2/org/apache/maven/plugins/maven-source-plugin/maven-metadata.xml
746/746 B               Downloaded: https://repo.maven.apache.org/maven2/org/apache/maven/plugins/maven-source-plugin/maven-metadata.xml (746 B at 34.7 KB/sec)
Downloading: https://repo.maven.apache.org/maven2/org/apache/maven/plugins/maven-source-plugin/2.4/maven-source-plugin-2.4.pom
3/7 KB      7/7 KB   7/7 KB            Downloaded: https://repo.maven.apache.org/maven2/org/apache/maven/plugins/maven-source-plugin/2.4/maven-source-plugin-2.4.pom (7 KB at 309.0 KB/sec)
Downloading: https://repo.maven.apache.org/maven2/org/apache/maven/plugins/maven-source-plugin/2.4/maven-source-plugin-2.4.jar
4/31 KB   8/31 KB   12/31 KB   16/31 KB   20/31 KB   24/31 KB   28/31 KB   31/31 KB              Downloaded: https://repo.maven.apache.org/maven2/org/apache/maven/plugins/maven-source-plugin/2.4/maven-source-plugin-2.4.jar (31 KB at 1096.0 KB/sec)
[INFO]                                                                         
[INFO] ------------------------------------------------------------------------
[INFO] Building Dagger (Parent) 1.2.3-SNAPSHOT
[INFO] ------------------------------------------------------------------------
[INFO] 
[INFO] --- maven-clean-plugin:2.5:clean (default-clean) @ dagger-parent ---
[INFO] 
[INFO] >>> maven-source-plugin:2.4:jar (default-cli) > generate-sources @ dagger-parent >>>
[INFO] 
[INFO] --- maven-enforcer-plugin:1.0:enforce (enforce-maven) @ dagger-parent ---
[INFO] 
[INFO] <<< maven-source-plugin:2.4:jar (default-cli) < generate-sources @ dagger-parent <<<
[INFO] 
[INFO] --- maven-source-plugin:2.4:jar (default-cli) @ dagger-parent ---
Downloading: https://repo.maven.apache.org/maven2/org/codehaus/plexus/plexus-archiver/2.6.3/plexus-archiver-2.6.3.pom
4/4 KB              Downloaded: https://repo.maven.apache.org/maven2/org/codehaus/plexus/plexus-archiver/2.6.3/plexus-archiver-2.6.3.pom (4 KB at 102.4 KB/sec)
Downloading: https://repo.maven.apache.org/maven2/org/codehaus/plexus/plexus-utils/3.0.18/plexus-utils-3.0.18.pom
4/4 KB            Downloaded: https://repo.maven.apache.org/maven2/org/codehaus/plexus/plexus-utils/3.0.18/plexus-utils-3.0.18.pom (4 KB at 144.1 KB/sec)
Downloading: https://repo.maven.apache.org/maven2/org/codehaus/plexus/plexus-io/2.1.3/plexus-io-2.1.3.pom
3/3 KB            Downloaded: https://repo.maven.apache.org/maven2/org/codehaus/plexus/plexus-io/2.1.3/plexus-io-2.1.3.pom (3 KB at 91.3 KB/sec)
Downloading: https://repo.maven.apache.org/maven2/org/codehaus/plexus/plexus-io/2.1.3/plexus-io-2.1.3.jar
Downloading: https://repo.maven.apache.org/maven2/org/codehaus/plexus/plexus-archiver/2.6.3/plexus-archiver-2.6.3.jar
Downloading: https://repo.maven.apache.org/maven2/org/codehaus/plexus/plexus-utils/3.0.18/plexus-utils-3.0.18.jar
4/129 KB   4/238 KB   8/129 KB   4/238 KB   12/129 KB   4/238 KB   16/129 KB   4/238 KB   20/129 KB   4/238 KB   24/129 KB   4/238 KB   28/129 KB   4/238 KB   4/129 KB   8/238 KB   28/129 KB   12/238 KB   28/129 KB   16/238 KB   28/129 KB   20/238 KB   28/129 KB   24/238 KB   28/129 KB   28/238 KB   28/129 KB   32/238 KB   28/129 KB   36/238 KB   28/129 KB   40/238 KB   28/129 KB   44/238 KB   28/129 KB   48/238 KB   28/129 KB   52/238 KB   28/129 KB   56/238 KB   28/129 KB   60/238 KB   28/129 KB   64/238 KB   28/129 KB   64/238 KB   28/129 KB   68/238 KB   28/129 KB   72/238 KB   32/129 KB   76/238 KB   32/129 KB   80/238 KB   32/129 KB   68/238 KB   32/129 KB   80/238 KB   36/129 KB   80/238 KB   40/129 KB   80/238 KB   44/129 KB   80/238 KB   48/129 KB   80/238 KB   52/129 KB   80/238 KB   56/129 KB   80/238 KB   60/129 KB   80/238 KB   64/129 KB   80/238 KB   68/129 KB   80/238 KB   72/129 KB   80/238 KB   76/129 KB   80/238 KB   80/129 KB   80/238 KB   84/129 KB   80/238 KB   88/129 KB   80/238 KB   92/129 KB   80/238 KB   96/129 KB   80/238 KB   100/129 KB   80/238 KB   104/129 KB   80/238 KB   108/129 KB   80/238 KB   112/129 KB   80/238 KB   116/129 KB   84/238 KB   116/129 KB   1/65 KB   84/238 KB   116/129 KB   88/238 KB   116/129 KB   1/65 KB   92/238 KB   116/129 KB   1/65 KB   96/238 KB   116/129 KB   1/65 KB   100/238 KB   116/129 KB   1/65 KB   104/238 KB   116/129 KB   1/65 KB   108/238 KB   116/129 KB   1/65 KB   112/238 KB   116/129 KB   1/65 KB   116/238 KB   116/129 KB   1/65 KB   120/238 KB   116/129 KB   1/65 KB   124/238 KB   116/129 KB   1/65 KB   128/238 KB   116/129 KB   1/65 KB   132/238 KB   116/129 KB   1/65 KB   136/238 KB   116/129 KB   1/65 KB   140/238 KB   116/129 KB   1/65 KB   144/238 KB   116/129 KB   1/65 KB   148/238 KB   116/129 KB   1/65 KB   152/238 KB   120/129 KB   1/65 KB   156/238 KB   120/129 KB   1/65 KB   160/238 KB   120/129 KB   1/65 KB   164/238 KB   120/129 KB   1/65 KB   168/238 KB   120/129 KB   1/65 KB   172/238 KB   120/129 KB   1/65 KB   176/238 KB   120/129 KB   1/65 KB   180/238 KB   120/129 KB   1/65 KB   184/238 KB   120/129 KB   1/65 KB   188/238 KB   120/129 KB   1/65 KB   192/238 KB   120/129 KB   1/65 KB   196/238 KB   120/129 KB   1/65 KB   200/238 KB   120/129 KB   1/65 KB   204/238 KB   120/129 KB   1/65 KB   208/238 KB   120/129 KB   1/65 KB   148/238 KB   120/129 KB   1/65 KB   208/238 KB   124/129 KB   1/65 KB   208/238 KB   128/129 KB   1/65 KB   208/238 KB   129/129 KB   1/65 KB   212/238 KB   129/129 KB   1/65 KB   216/238 KB   129/129 KB   1/65 KB   220/238 KB   129/129 KB   1/65 KB   224/238 KB   129/129 KB   1/65 KB   228/238 KB   129/129 KB   1/65 KB   228/238 KB   129/129 KB   5/65 KB   228/238 KB   129/129 KB   9/65 KB   228/238 KB   129/129 KB   13/65 KB   228/238 KB   129/129 KB   17/65 KB   228/238 KB   129/129 KB   21/65 KB   228/238 KB   129/129 KB   25/65 KB   228/238 KB   129/129 KB   29/65 KB   228/238 KB   129/129 KB   33/65 KB   232/238 KB   129/129 KB   33/65 KB   236/238 KB   129/129 KB   33/65 KB   238/238 KB   129/129 KB   33/65 KB   238/238 KB   129/129 KB   37/65 KB   238/238 KB   129/129 KB   41/65 KB   238/238 KB   129/129 KB   45/65 KB   238/238 KB   129/129 KB   49/65 KB   238/238 KB   129/129 KB   53/65 KB   238/238 KB   129/129 KB   57/65 KB   238/238 KB   129/129 KB   61/65 KB   238/238 KB   129/129 KB   65/65 KB   238/238 KB   129/129 KB   65/65 KB                                        Downloaded: https://repo.maven.apache.org/maven2/org/codehaus/plexus/plexus-archiver/2.6.3/plexus-archiver-2.6.3.jar (129 KB at 1859.0 KB/sec)
                                                                          Downloaded: https://repo.maven.apache.org/maven2/org/codehaus/plexus/plexus-io/2.1.3/plexus-io-2.1.3.jar (65 KB at 772.5 KB/sec)
Downloaded: https://repo.maven.apache.org/maven2/org/codehaus/plexus/plexus-utils/3.0.18/plexus-utils-3.0.18.jar (238 KB at 2825.1 KB/sec)
[INFO] 
[INFO] --- maven-javadoc-plugin:2.10.3:jar (default-cli) @ dagger-parent ---
Downloading: https://repo.maven.apache.org/maven2/org/apache/maven/shared/maven-invoker/2.0.9/maven-invoker-2.0.9.pom
3/6 KB                               6/6 KB            Downloaded: https://repo.maven.apache.org/maven2/org/apache/maven/shared/maven-invoker/2.0.9/maven-invoker-2.0.9.pom (6 KB at 188.1 KB/sec)
Downloading: https://repo.maven.apache.org/maven2/org/apache/maven/maven-plugin-api/2.0.8/maven-plugin-api-2.0.8.pom
2/2 KB            Downloaded: https://repo.maven.apache.org/maven2/org/apache/maven/maven-plugin-api/2.0.8/maven-plugin-api-2.0.8.pom (2 KB at 72.9 KB/sec)
Downloading: https://repo.maven.apache.org/maven2/org/apache/maven/doxia/doxia-sink-api/1.4/doxia-sink-api-1.4.pom
2/2 KB            Downloaded: https://repo.maven.apache.org/maven2/org/apache/maven/doxia/doxia-sink-api/1.4/doxia-sink-api-1.4.pom (2 KB at 51.6 KB/sec)
Downloading: https://repo.maven.apache.org/maven2/org/apache/maven/doxia/doxia/1.4/doxia-1.4.pom
1/18 KB   5/18 KB   9/18 KB   13/18 KB   17/18 KB   18/18 KB              Downloaded: https://repo.maven.apache.org/maven2/org/apache/maven/doxia/doxia/1.4/doxia-1.4.pom (18 KB at 876.7 KB/sec)
Downloading: https://repo.maven.apache.org/maven2/org/apache/maven/doxia/doxia-logging-api/1.4/doxia-logging-api-1.4.pom
2/2 KB              Downloaded: https://repo.maven.apache.org/maven2/org/apache/maven/doxia/doxia-logging-api/1.4/doxia-logging-api-1.4.pom (2 KB at 42.9 KB/sec)
Downloading: https://repo.maven.apache.org/maven2/org/apache/maven/doxia/doxia-site-renderer/1.4/doxia-site-renderer-1.4.pom
1/6 KB   5/6 KB   6/6 KB            Downloaded: https://repo.maven.apache.org/maven2/org/apache/maven/doxia/doxia-site-renderer/1.4/doxia-site-renderer-1.4.pom (6 KB at 180.8 KB/sec)
Downloading: https://repo.maven.apache.org/maven2/org/apache/maven/doxia/doxia-sitetools/1.4/doxia-sitetools-1.4.pom
4/17 KB   8/17 KB   12/17 KB   16/17 KB   17/17 KB              Downloaded: https://repo.maven.apache.org/maven2/org/apache/maven/doxia/doxia-sitetools/1.4/doxia-sitetools-1.4.pom (17 KB at 761.9 KB/sec)
Downloading: https://repo.maven.apache.org/maven2/org/apache/maven/doxia/doxia-core/1.4/doxia-core-1.4.pom
4/4 KB              Downloaded: https://repo.maven.apache.org/maven2/org/apache/maven/doxia/doxia-core/1.4/doxia-core-1.4.pom (4 KB at 189.1 KB/sec)
Downloading: https://repo.maven.apache.org/maven2/org/codehaus/plexus/plexus-utils/3.0.10/plexus-utils-3.0.10.pom
4/4 KB            Downloaded: https://repo.maven.apache.org/maven2/org/codehaus/plexus/plexus-utils/3.0.10/plexus-utils-3.0.10.pom (4 KB at 139.6 KB/sec)
Downloading: https://repo.maven.apache.org/maven2/org/apache/maven/doxia/doxia-decoration-model/1.4/doxia-decoration-model-1.4.pom
3/3 KB            Downloaded: https://repo.maven.apache.org/maven2/org/apache/maven/doxia/doxia-decoration-model/1.4/doxia-decoration-model-1.4.pom (3 KB at 70.6 KB/sec)
Downloading: https://repo.maven.apache.org/maven2/org/apache/maven/doxia/doxia-module-xhtml/1.4/doxia-module-xhtml-1.4.pom
2/2 KB            Downloaded: https://repo.maven.apache.org/maven2/org/apache/maven/doxia/doxia-module-xhtml/1.4/doxia-module-xhtml-1.4.pom (2 KB at 75.8 KB/sec)
Downloading: https://repo.maven.apache.org/maven2/org/apache/maven/doxia/doxia-modules/1.4/doxia-modules-1.4.pom
3/3 KB            Downloaded: https://repo.maven.apache.org/maven2/org/apache/maven/doxia/doxia-modules/1.4/doxia-modules-1.4.pom (3 KB at 111.3 KB/sec)
Downloading: https://repo.maven.apache.org/maven2/org/apache/maven/doxia/doxia-module-fml/1.4/doxia-module-fml-1.4.pom
1/5 KB   5/5 KB            Downloaded: https://repo.maven.apache.org/maven2/org/apache/maven/doxia/doxia-module-fml/1.4/doxia-module-fml-1.4.pom (5 KB at 213.2 KB/sec)
Downloading: https://repo.maven.apache.org/maven2/org/apache/velocity/velocity-tools/2.0/velocity-tools-2.0.pom
4/18 KB   8/18 KB   12/18 KB   16/18 KB   18/18 KB              Downloaded: https://repo.maven.apache.org/maven2/org/apache/velocity/velocity-tools/2.0/velocity-tools-2.0.pom (18 KB at 522.7 KB/sec)
Downloading: https://repo.maven.apache.org/maven2/commons-digester/commons-digester/1.8/commons-digester-1.8.pom
2/7 KB     6/7 KB   7/7 KB            Downloaded: https://repo.maven.apache.org/maven2/commons-digester/commons-digester/1.8/commons-digester-1.8.pom (7 KB at 310.9 KB/sec)
Downloading: https://repo.maven.apache.org/maven2/commons-logging/commons-logging/1.1/commons-logging-1.1.pom
2/7 KB   6/7 KB   7/7 KB            Downloaded: https://repo.maven.apache.org/maven2/commons-logging/commons-logging/1.1/commons-logging-1.1.pom (7 KB at 274.4 KB/sec)
Downloading: https://repo.maven.apache.org/maven2/logkit/logkit/1.0.1/logkit-1.0.1.pom
147/147 B               Downloaded: https://repo.maven.apache.org/maven2/logkit/logkit/1.0.1/logkit-1.0.1.pom (147 B at 7.2 KB/sec)
Downloading: https://repo.maven.apache.org/maven2/avalon-framework/avalon-framework/4.1.3/avalon-framework-4.1.3.pom
167/167 B               Downloaded: https://repo.maven.apache.org/maven2/avalon-framework/avalon-framework/4.1.3/avalon-framework-4.1.3.pom (167 B at 8.2 KB/sec)
Downloading: https://repo.maven.apache.org/maven2/javax/servlet/servlet-api/2.3/servlet-api-2.3.pom
156/156 B               Downloaded: https://repo.maven.apache.org/maven2/javax/servlet/servlet-api/2.3/servlet-api-2.3.pom (156 B at 6.3 KB/sec)
Downloading: https://repo.maven.apache.org/maven2/commons-chain/commons-chain/1.1/commons-chain-1.1.pom
4/6 KB      6/6 KB            Downloaded: https://repo.maven.apache.org/maven2/commons-chain/commons-chain/1.1/commons-chain-1.1.pom (6 KB at 266.9 KB/sec)
Downloading: https://repo.maven.apache.org/maven2/dom4j/dom4j/1.1/dom4j-1.1.pom
142/142 B               Downloaded: https://repo.maven.apache.org/maven2/dom4j/dom4j/1.1/dom4j-1.1.pom (142 B at 6.0 KB/sec)
Downloading: https://repo.maven.apache.org/maven2/sslext/sslext/1.2-0/sslext-1.2-0.pom
653/653 B               Downloaded: https://repo.maven.apache.org/maven2/sslext/sslext/1.2-0/sslext-1.2-0.pom (653 B at 33.6 KB/sec)
Downloading: https://repo.maven.apache.org/maven2/org/apache/struts/struts-core/1.3.8/struts-core-1.3.8.pom
4/5 KB      5/5 KB            Downloaded: https://repo.maven.apache.org/maven2/org/apache/struts/struts-core/1.3.8/struts-core-1.3.8.pom (5 KB at 200.5 KB/sec)
Downloading: https://repo.maven.apache.org/maven2/org/apache/struts/struts-parent/1.3.8/struts-parent-1.3.8.pom
1/10 KB   5/10 KB   9/10 KB   10/10 KB              Downloaded: https://repo.maven.apache.org/maven2/org/apache/struts/struts-parent/1.3.8/struts-parent-1.3.8.pom (10 KB at 480.4 KB/sec)
Downloading: https://repo.maven.apache.org/maven2/org/apache/struts/struts-master/4/struts-master-4.pom
3/12 KB    7/12 KB   11/12 KB   12/12 KB              Downloaded: https://repo.maven.apache.org/maven2/org/apache/struts/struts-master/4/struts-master-4.pom (12 KB at 502.3 KB/sec)
Downloading: https://repo.maven.apache.org/maven2/org/apache/apache/2/apache-2.pom
4/4 KB              Downloaded: https://repo.maven.apache.org/maven2/org/apache/apache/2/apache-2.pom (4 KB at 175.2 KB/sec)
Downloading: https://repo.maven.apache.org/maven2/antlr/antlr/2.7.2/antlr-2.7.2.pom
145/145 B               Downloaded: https://repo.maven.apache.org/maven2/antlr/antlr/2.7.2/antlr-2.7.2.pom (145 B at 7.5 KB/sec)
Downloading: https://repo.maven.apache.org/maven2/org/apache/struts/struts-taglib/1.3.8/struts-taglib-1.3.8.pom
4/4 KB               Downloaded: https://repo.maven.apache.org/maven2/org/apache/struts/struts-taglib/1.3.8/struts-taglib-1.3.8.pom (4 KB at 158.1 KB/sec)
Downloading: https://repo.maven.apache.org/maven2/org/apache/struts/struts-tiles/1.3.8/struts-tiles-1.3.8.pom
3/3 KB            Downloaded: https://repo.maven.apache.org/maven2/org/apache/struts/struts-tiles/1.3.8/struts-tiles-1.3.8.pom (3 KB at 141.8 KB/sec)
Downloading: https://repo.maven.apache.org/maven2/org/apache/velocity/velocity/1.6.2/velocity-1.6.2.pom
4/11 KB   8/11 KB   11/11 KB              Downloaded: https://repo.maven.apache.org/maven2/org/apache/velocity/velocity/1.6.2/velocity-1.6.2.pom (11 KB at 398.9 KB/sec)
Downloading: https://repo.maven.apache.org/maven2/org/apache/maven/wagon/wagon-provider-api/1.0-beta-6/wagon-provider-api-1.0-beta-6.pom
2/2 KB              Downloaded: https://repo.maven.apache.org/maven2/org/apache/maven/wagon/wagon-provider-api/1.0-beta-6/wagon-provider-api-1.0-beta-6.pom (2 KB at 90.5 KB/sec)
Downloading: https://repo.maven.apache.org/maven2/org/apache/maven/wagon/wagon/1.0-beta-6/wagon-1.0-beta-6.pom
1/13 KB   5/13 KB   9/13 KB   13/13 KB              Downloaded: https://repo.maven.apache.org/maven2/org/apache/maven/wagon/wagon/1.0-beta-6/wagon-1.0-beta-6.pom (13 KB at 549.8 KB/sec)
Downloading: https://repo.maven.apache.org/maven2/org/apache/httpcomponents/httpclient/4.2.3/httpclient-4.2.3.pom
1/6 KB     5/6 KB   6/6 KB            Downloaded: https://repo.maven.apache.org/maven2/org/apache/httpcomponents/httpclient/4.2.3/httpclient-4.2.3.pom (6 KB at 274.9 KB/sec)
Downloading: https://repo.maven.apache.org/maven2/org/apache/httpcomponents/httpcomponents-client/4.2.3/httpcomponents-client-4.2.3.pom
4/15 KB   8/15 KB   12/15 KB   15/15 KB              Downloaded: https://repo.maven.apache.org/maven2/org/apache/httpcomponents/httpcomponents-client/4.2.3/httpcomponents-client-4.2.3.pom (15 KB at 713.1 KB/sec)
Downloading: https://repo.maven.apache.org/maven2/org/apache/httpcomponents/project/6/project-6.pom
4/24 KB    8/24 KB   12/24 KB   16/24 KB   20/24 KB   24/24 KB              Downloaded: https://repo.maven.apache.org/maven2/org/apache/httpcomponents/project/6/project-6.pom (24 KB at 1171.2 KB/sec)
Downloading: https://repo.maven.apache.org/maven2/org/apache/httpcomponents/httpcore/4.2.2/httpcore-4.2.2.pom
4/6 KB     6/6 KB            Downloaded: https://repo.maven.apache.org/maven2/org/apache/httpcomponents/httpcore/4.2.2/httpcore-4.2.2.pom (6 KB at 168.2 KB/sec)
Downloading: https://repo.maven.apache.org/maven2/org/apache/httpcomponents/httpcomponents-core/4.2.2/httpcomponents-core-4.2.2.pom
4/12 KB   8/12 KB   12/12 KB              Downloaded: https://repo.maven.apache.org/maven2/org/apache/httpcomponents/httpcomponents-core/4.2.2/httpcomponents-core-4.2.2.pom (12 KB at 533.5 KB/sec)
Downloading: https://repo.maven.apache.org/maven2/log4j/log4j/1.2.14/log4j-1.2.14.pom
3/3 KB              Downloaded: https://repo.maven.apache.org/maven2/log4j/log4j/1.2.14/log4j-1.2.14.pom (3 KB at 122.0 KB/sec)
Downloading: https://repo.maven.apache.org/maven2/com/thoughtworks/qdox/qdox/1.12.1/qdox-1.12.1.pom
4/18 KB   8/18 KB   12/18 KB   16/18 KB   18/18 KB              Downloaded: https://repo.maven.apache.org/maven2/com/thoughtworks/qdox/qdox/1.12.1/qdox-1.12.1.pom (18 KB at 859.3 KB/sec)
Downloading: https://repo.maven.apache.org/maven2/org/codehaus/codehaus-parent/4/codehaus-parent-4.pom
1/5 KB     5/5 KB            Downloaded: https://repo.maven.apache.org/maven2/org/codehaus/codehaus-parent/4/codehaus-parent-4.pom (5 KB at 224.2 KB/sec)
Downloading: https://repo.maven.apache.org/maven2/org/apache/maven/shared/maven-invoker/2.0.9/maven-invoker-2.0.9.jar
Downloading: https://repo.maven.apache.org/maven2/org/apache/maven/doxia/doxia-sink-api/1.4/doxia-sink-api-1.4.jar
Downloading: https://repo.maven.apache.org/maven2/org/apache/maven/doxia/doxia-logging-api/1.4/doxia-logging-api-1.4.jar
Downloading: https://repo.maven.apache.org/maven2/org/apache/maven/doxia/doxia-site-renderer/1.4/doxia-site-renderer-1.4.jar
Downloading: https://repo.maven.apache.org/maven2/org/apache/maven/doxia/doxia-core/1.4/doxia-core-1.4.jar
4/28 KB   8/28 KB   2/12 KB   4/11 KB   12/28 KB   2/12 KB   4/11 KB   14/28 KB   2/12 KB   4/11 KB   18/28 KB   2/12 KB   4/11 KB   22/28 KB   2/12 KB   4/11 KB   26/28 KB   2/12 KB   4/11 KB   28/28 KB   2/12 KB   4/11 KB   4/28 KB   2/12 KB   4/11 KB   28/28 KB   6/12 KB   4/11 KB   28/28 KB   10/12 KB   4/11 KB   28/28 KB   12/12 KB   4/11 KB   4/28 KB   4/11 KB   28/28 KB   12/12 KB   8/11 KB   28/28 KB   12/12 KB   11/11 KB                                    Downloaded: https://repo.maven.apache.org/maven2/org/apache/maven/shared/maven-invoker/2.0.9/maven-invoker-2.0.9.jar (28 KB at 836.9 KB/sec)
Downloading: https://repo.maven.apache.org/maven2/org/apache/maven/doxia/doxia-decoration-model/1.4/doxia-decoration-model-1.4.jar
                                 Downloaded: https://repo.maven.apache.org/maven2/org/apache/maven/doxia/doxia-logging-api/1.4/doxia-logging-api-1.4.jar (12 KB at 324.9 KB/sec)
Downloading: https://repo.maven.apache.org/maven2/org/apache/maven/doxia/doxia-module-xhtml/1.4/doxia-module-xhtml-1.4.jar
                                 Downloaded: https://repo.maven.apache.org/maven2/org/apache/maven/doxia/doxia-sink-api/1.4/doxia-sink-api-1.4.jar (11 KB at 312.6 KB/sec)
Downloading: https://repo.maven.apache.org/maven2/org/apache/maven/doxia/doxia-module-fml/1.4/doxia-module-fml-1.4.jar
4/16 KB                          8/16 KB   12/16 KB   4/60 KB   16/16 KB   4/60 KB   12/16 KB   8/60 KB   16/16 KB   12/60 KB   16/16 KB   16/60 KB   4/37 KB   16/16 KB   20/60 KB   4/37 KB   16/16 KB   24/60 KB   4/37 KB   16/16 KB   28/60 KB   4/37 KB   16/16 KB   32/60 KB   4/37 KB   16/16 KB   36/60 KB   4/37 KB   16/16 KB   40/60 KB   4/37 KB   16/16 KB   44/60 KB   4/37 KB   16/16 KB   48/60 KB   4/37 KB   16/16 KB   52/60 KB   4/37 KB   16/16 KB   56/60 KB   4/37 KB   16/16 KB   60/60 KB   4/37 KB   16/16 KB   12/60 KB   4/37 KB   16/16 KB   60/60 KB   8/37 KB   16/16 KB   60/60 KB   12/37 KB   16/16 KB   60/60 KB   16/37 KB   16/16 KB   60/60 KB   20/37 KB   16/16 KB   60/60 KB   24/37 KB   16/16 KB   60/60 KB   25/37 KB   16/16 KB   60/60 KB   29/37 KB   16/16 KB   60/60 KB   33/37 KB   16/16 KB   60/60 KB   37/37 KB   16/16 KB   60/60 KB   37/37 KB   16/16 KB                                    Downloaded: https://repo.maven.apache.org/maven2/org/apache/maven/doxia/doxia-module-xhtml/1.4/doxia-module-xhtml-1.4.jar (16 KB at 289.0 KB/sec)
Downloading: https://repo.maven.apache.org/maven2/org/apache/velocity/velocity-tools/2.0/velocity-tools-2.0.jar
60/60 KB   4/52 KB   37/37 KB    60/60 KB   8/52 KB   37/37 KB   60/60 KB   12/52 KB   37/37 KB   60/60 KB   14/52 KB   37/37 KB   60/60 KB   18/52 KB   37/37 KB   60/60 KB   22/52 KB   37/37 KB   60/60 KB   26/52 KB   37/37 KB   60/60 KB   30/52 KB   37/37 KB                                    Downloaded: https://repo.maven.apache.org/maven2/org/apache/maven/doxia/doxia-decoration-model/1.4/doxia-decoration-model-1.4.jar (60 KB at 1068.3 KB/sec)
                                 Downloaded: https://repo.maven.apache.org/maven2/org/apache/maven/doxia/doxia-module-fml/1.4/doxia-module-fml-1.4.jar (37 KB at 648.0 KB/sec)
Downloading: https://repo.maven.apache.org/maven2/commons-digester/commons-digester/1.8/commons-digester-1.8.jar
Downloading: https://repo.maven.apache.org/maven2/commons-chain/commons-chain/1.1/commons-chain-1.1.jar
34/52 KB                         38/52 KB   42/52 KB   46/52 KB   50/52 KB   52/52 KB   52/52 KB   4/339 KB   52/52 KB   8/339 KB   52/52 KB   12/339 KB   52/52 KB   16/339 KB   52/52 KB   20/339 KB   4/162 KB   52/52 KB   20/339 KB   4/162 KB   52/52 KB   24/339 KB   4/162 KB   52/52 KB   28/339 KB   8/162 KB   52/52 KB   28/339 KB   8/162 KB   52/52 KB   32/339 KB   12/162 KB   52/52 KB   32/339 KB   16/162 KB   52/52 KB   32/339 KB   16/162 KB   52/52 KB   36/339 KB   16/162 KB   52/52 KB   40/339 KB   16/162 KB   52/52 KB   44/339 KB   20/162 KB   52/52 KB   44/339 KB   20/162 KB   52/52 KB   48/339 KB   24/162 KB   52/52 KB   48/339 KB   28/162 KB   52/52 KB   48/339 KB   28/162 KB   52/52 KB   52/339 KB   32/162 KB   52/52 KB   52/339 KB   32/162 KB   52/52 KB   56/339 KB   32/162 KB   52/52 KB   60/339 KB   32/162 KB   52/52 KB   63/339 KB   32/162 KB   52/52 KB   67/339 KB   32/162 KB   52/52 KB   71/339 KB   32/162 KB   52/52 KB   75/339 KB   32/162 KB   52/52 KB   79/339 KB   32/162 KB   52/52 KB   83/339 KB   32/162 KB   52/52 KB   87/339 KB   32/162 KB   52/52 KB   91/339 KB   32/162 KB   52/52 KB   95/339 KB   32/162 KB   52/52 KB   99/339 KB   32/162 KB   52/52 KB   103/339 KB   32/162 KB   52/52 KB   107/339 KB   32/162 KB   52/52 KB   111/339 KB   32/162 KB   52/52 KB   115/339 KB   32/162 KB   52/52 KB   119/339 KB   32/162 KB   52/52 KB   123/339 KB   32/162 KB   52/52 KB   127/339 KB   32/162 KB   4/141 KB   52/52 KB   127/339 KB   32/162 KB   8/141 KB   52/52 KB   127/339 KB   32/162 KB   12/141 KB   52/52 KB   127/339 KB   32/162 KB   16/141 KB   52/52 KB   127/339 KB   32/162 KB   20/141 KB   52/52 KB   127/339 KB   32/162 KB   24/141 KB   52/52 KB   127/339 KB   32/162 KB   28/141 KB   52/52 KB   127/339 KB   32/162 KB   32/141 KB   52/52 KB   127/339 KB   32/162 KB   4/88 KB   32/141 KB   52/52 KB   127/339 KB   32/162 KB   8/88 KB   32/141 KB   52/52 KB   127/339 KB   32/162 KB   10/88 KB   32/141 KB   52/52 KB   127/339 KB   32/162 KB   14/88 KB   32/141 KB   52/52 KB   127/339 KB   32/162 KB   18/88 KB   32/141 KB   52/52 KB   127/339 KB   32/162 KB   22/88 KB   32/141 KB   52/52 KB   127/339 KB   32/162 KB   26/88 KB   32/141 KB   52/52 KB   127/339 KB   32/162 KB   30/88 KB   32/141 KB   52/52 KB   127/339 KB   32/162 KB   34/88 KB   32/141 KB   52/52 KB   127/339 KB   32/162 KB   38/88 KB   32/141 KB   52/52 KB   127/339 KB   32/162 KB   42/88 KB   32/141 KB   52/52 KB   127/339 KB   32/162 KB   46/88 KB   32/141 KB   52/52 KB   127/339 KB   36/162 KB   46/88 KB   32/141 KB   52/52 KB   127/339 KB   40/162 KB   50/88 KB   32/141 KB   52/52 KB   127/339 KB   40/162 KB   50/88 KB   32/141 KB   52/52 KB   131/339 KB   44/162 KB   50/88 KB   32/141 KB   52/52 KB   135/339 KB   48/162 KB   50/88 KB   32/141 KB   52/52 KB   135/339 KB   52/162 KB   50/88 KB   32/141 KB   52/52 KB   135/339 KB                                                              56/162 KB   50/88 KB   32/141 KB   135/339 KB              Downloaded: https://repo.maven.apache.org/maven2/org/apache/maven/doxia/doxia-site-renderer/1.4/doxia-site-renderer-1.4.jar (52 KB at 720.0 KB/sec)
Downloading: https://repo.maven.apache.org/maven2/dom4j/dom4j/1.1/dom4j-1.1.jar
60/162 KB   50/88 KB   32/141 KB   135/339 KB   63/162 KB   50/88 KB   32/141 KB   135/339 KB   64/162 KB   50/88 KB   32/141 KB   135/339 KB   68/162 KB   50/88 KB   32/141 KB   135/339 KB   72/162 KB   50/88 KB   32/141 KB   135/339 KB   76/162 KB   50/88 KB   32/141 KB   135/339 KB   80/162 KB   50/88 KB   32/141 KB   135/339 KB   36/162 KB   50/88 KB   32/141 KB   52/52 KB   127/339 KB   44/162 KB   50/88 KB   32/141 KB   52/52 KB   135/339 KB   80/162 KB   54/88 KB   32/141 KB   135/339 KB   80/162 KB   54/88 KB   32/141 KB   139/339 KB   80/162 KB   58/88 KB   32/141 KB   139/339 KB   80/162 KB   58/88 KB   32/141 KB   143/339 KB   80/162 KB   62/88 KB   32/141 KB   143/339 KB   80/162 KB   62/88 KB   32/141 KB   147/339 KB   80/162 KB   66/88 KB   32/141 KB   147/339 KB   80/162 KB   66/88 KB   32/141 KB   151/339 KB   80/162 KB   70/88 KB   32/141 KB   151/339 KB   80/162 KB   70/88 KB   32/141 KB   155/339 KB   80/162 KB   74/88 KB   32/141 KB   155/339 KB   80/162 KB   74/88 KB   36/141 KB   155/339 KB   80/162 KB   78/88 KB   36/141 KB   155/339 KB   80/162 KB   78/88 KB   40/141 KB   155/339 KB   80/162 KB   82/88 KB   40/141 KB   155/339 KB   80/162 KB   82/88 KB   44/141 KB   155/339 KB   80/162 KB   86/88 KB   44/141 KB   155/339 KB   80/162 KB   86/88 KB   48/141 KB   155/339 KB   80/162 KB   88/88 KB   48/141 KB   155/339 KB   80/162 KB   88/88 KB   52/141 KB   155/339 KB   80/162 KB   88/88 KB   56/141 KB   155/339 KB   80/162 KB   88/88 KB   60/141 KB   155/339 KB   80/162 KB   88/88 KB   63/141 KB   155/339 KB   80/162 KB   88/88 KB   67/141 KB   155/339 KB   80/162 KB   88/88 KB   71/141 KB   155/339 KB   80/162 KB   88/88 KB   75/141 KB   155/339 KB   80/162 KB   88/88 KB   79/141 KB   155/339 KB   80/162 KB   88/88 KB   83/141 KB   155/339 KB   80/162 KB   88/88 KB   87/141 KB   155/339 KB   80/162 KB   88/88 KB   91/141 KB   155/339 KB   80/162 KB   88/88 KB   95/141 KB   155/339 KB   80/162 KB   88/88 KB   99/141 KB   155/339 KB   80/162 KB   88/88 KB   103/141 KB   155/339 KB   80/162 KB   88/88 KB   107/141 KB   155/339 KB   80/162 KB   88/88 KB   111/141 KB   155/339 KB   84/162 KB   88/88 KB   111/141 KB   155/339 KB   84/162 KB   88/88 KB   115/141 KB   155/339 KB   88/162 KB   88/88 KB   115/141 KB   155/339 KB   88/162 KB   88/88 KB   119/141 KB   155/339 KB   92/162 KB   88/88 KB   119/141 KB   155/339 KB   92/162 KB   88/88 KB   123/141 KB   155/339 KB   96/162 KB   88/88 KB   123/141 KB   155/339 KB   96/162 KB   88/88 KB   127/141 KB   155/339 KB   96/162 KB   88/88 KB   127/141 KB   159/339 KB   100/162 KB   88/88 KB   127/141 KB   159/339 KB   100/162 KB   88/88 KB   127/141 KB   163/339 KB   104/162 KB   88/88 KB   127/141 KB   163/339 KB   104/162 KB   88/88 KB   127/141 KB   167/339 KB   108/162 KB   88/88 KB   127/141 KB   167/339 KB   108/162 KB   88/88 KB   127/141 KB   171/339 KB   112/162 KB   88/88 KB   127/141 KB   171/339 KB   112/162 KB   88/88 KB   127/141 KB   175/339 KB   112/162 KB   88/88 KB   127/141 KB   179/339 KB   116/162 KB   88/88 KB   127/141 KB   179/339 KB   116/162 KB   88/88 KB   127/141 KB   183/339 KB   120/162 KB   88/88 KB   127/141 KB   183/339 KB   120/162 KB   88/88 KB   127/141 KB   187/339 KB   124/162 KB   88/88 KB   127/141 KB   187/339 KB   124/162 KB   88/88 KB   127/141 KB   191/339 KB   128/162 KB   88/88 KB   127/141 KB   191/339 KB   128/162 KB   88/88 KB   127/141 KB   195/339 KB   132/162 KB   88/88 KB   127/141 KB   199/339 KB   132/162 KB   88/88 KB   127/141 KB   199/339 KB   132/162 KB   88/88 KB   127/141 KB   203/339 KB   136/162 KB   88/88 KB   127/141 KB   203/339 KB   136/162 KB   88/88 KB   127/141 KB   207/339 KB   140/162 KB   88/88 KB   127/141 KB   207/339 KB   144/162 KB   88/88 KB   127/141 KB   207/339 KB   144/162 KB   88/88 KB   127/141 KB   211/339 KB   144/162 KB   88/88 KB   127/141 KB   215/339 KB   148/162 KB   88/88 KB   127/141 KB   215/339 KB   152/162 KB   88/88 KB   127/141 KB   215/339 KB   156/162 KB   88/88 KB   127/141 KB   215/339 KB   156/162 KB   88/88 KB   131/141 KB   215/339 KB   160/162 KB   88/88 KB   131/141 KB   215/339 KB   160/162 KB   88/88 KB   135/141 KB   215/339 KB   160/162 KB   88/88 KB   139/141 KB   215/339 KB   162/162 KB   88/88 KB   139/141 KB   215/339 KB   162/162 KB   88/88 KB   141/141 KB   215/339 KB   162/162 KB   88/88 KB   141/141 KB   219/339 KB   162/162 KB   88/88 KB   141/141 KB   223/339 KB   162/162 KB   88/88 KB   141/141 KB   227/339 KB   162/162 KB   88/88 KB   141/141 KB   231/339 KB   162/162 KB   88/88 KB   141/141 KB   235/339 KB   162/162 KB   88/88 KB   141/141 KB   239/339 KB   162/162 KB   88/88 KB   141/141 KB   243/339 KB   162/162 KB   88/88 KB   141/141 KB   247/339 KB                                                     162/162 KB   141/141 KB   251/339 KB              Downloaded: https://repo.maven.apache.org/maven2/commons-chain/commons-chain/1.1/commons-chain-1.1.jar (88 KB at 1046.3 KB/sec)
Downloading: https://repo.maven.apache.org/maven2/sslext/sslext/1.2-0/sslext-1.2-0.jar
162/162 KB   141/141 KB   255/339 KB   162/162 KB   141/141 KB   259/339 KB   162/162 KB   141/141 KB   263/339 KB   162/162 KB   141/141 KB   267/339 KB   162/162 KB   141/141 KB   271/339 KB   162/162 KB   141/141 KB   275/339 KB   162/162 KB   141/141 KB   279/339 KB   162/162 KB   141/141 KB   283/339 KB   162/162 KB   141/141 KB   287/339 KB   162/162 KB   141/141 KB   291/339 KB   162/162 KB   141/141 KB   295/339 KB   162/162 KB   141/141 KB   299/339 KB   162/162 KB   141/141 KB   303/339 KB   162/162 KB   141/141 KB   307/339 KB   162/162 KB   141/141 KB   311/339 KB   162/162 KB   141/141 KB   315/339 KB   162/162 KB   141/141 KB   319/339 KB   162/162 KB   141/141 KB   323/339 KB   162/162 KB   141/141 KB   327/339 KB   162/162 KB   141/141 KB   331/339 KB   162/162 KB   141/141 KB   335/339 KB   162/162 KB   141/141 KB   339/339 KB   162/162 KB   141/141 KB   339/339 KB                                          Downloaded: https://repo.maven.apache.org/maven2/commons-digester/commons-digester/1.8/commons-digester-1.8.jar (141 KB at 1507.9 KB/sec)
Downloading: https://repo.maven.apache.org/maven2/org/apache/struts/struts-core/1.3.8/struts-core-1.3.8.jar
4/26 KB   162/162 KB   339/339 KB      8/26 KB   339/339 KB                12/26 KB   339/339 KB   16/26 KB   339/339 KB   20/26 KB   339/339 KB   24/26 KB   339/339 KB   26/26 KB   339/339 KB   26/26 KB   4/447 KB   339/339 KB                                       Downloaded: https://repo.maven.apache.org/maven2/org/apache/maven/doxia/doxia-core/1.4/doxia-core-1.4.jar (162 KB at 1626.6 KB/sec)
Downloading: https://repo.maven.apache.org/maven2/antlr/antlr/2.7.2/antlr-2.7.2.jar
                                   Downloaded: https://repo.maven.apache.org/maven2/org/apache/velocity/velocity-tools/2.0/velocity-tools-2.0.jar (339 KB at 3418.8 KB/sec)
Downloading: https://repo.maven.apache.org/maven2/org/apache/struts/struts-taglib/1.3.8/struts-taglib-1.3.8.jar
26/26 KB   8/447 KB                26/26 KB   12/447 KB   26/26 KB   16/447 KB   26/26 KB   20/447 KB   26/26 KB   24/447 KB   26/26 KB   28/447 KB   26/26 KB   32/447 KB   26/26 KB   32/447 KB   4/322 KB   26/26 KB   32/447 KB   8/322 KB   26/26 KB   32/447 KB   12/322 KB   26/26 KB   32/447 KB   16/322 KB   26/26 KB   36/447 KB   16/322 KB   26/26 KB   40/447 KB   20/322 KB   26/26 KB   40/447 KB   20/322 KB   26/26 KB   44/447 KB   20/322 KB   26/26 KB   44/447 KB   24/322 KB   26/26 KB   48/447 KB   24/322 KB   26/26 KB   48/447 KB   28/322 KB   26/26 KB   48/447 KB   32/322 KB   26/26 KB   52/447 KB   32/322 KB   26/26 KB   56/447 KB   32/322 KB   26/26 KB   56/447 KB   36/322 KB   26/26 KB   60/447 KB   36/322 KB   26/26 KB   64/447 KB   40/322 KB   26/26 KB   64/447 KB   44/322 KB   26/26 KB   64/447 KB   48/322 KB   26/26 KB   64/447 KB   52/322 KB   26/26 KB   64/447 KB   56/322 KB   26/26 KB   64/447 KB   60/322 KB   26/26 KB   64/447 KB   61/322 KB   26/26 KB   64/447 KB   65/322 KB   26/26 KB   64/447 KB   69/322 KB   26/26 KB   64/447 KB   73/322 KB   26/26 KB   64/447 KB   77/322 KB   26/26 KB   64/447 KB   81/322 KB   26/26 KB   64/447 KB   85/322 KB   26/26 KB   64/447 KB   89/322 KB   26/26 KB   64/447 KB   93/322 KB   26/26 KB   64/447 KB   97/322 KB   26/26 KB   64/447 KB   101/322 KB   26/26 KB   64/447 KB   105/322 KB                                       Downloaded: https://repo.maven.apache.org/maven2/sslext/sslext/1.2-0/sslext-1.2-0.jar (26 KB at 237.0 KB/sec)
Downloading: https://repo.maven.apache.org/maven2/org/apache/struts/struts-tiles/1.3.8/struts-tiles-1.3.8.jar
26/26 KB   64/447 KB   40/322 KB   64/447 KB   109/322 KB   4/350 KB   64/447 KB   109/322 KB   8/350 KB   64/447 KB   109/322 KB   12/350 KB   64/447 KB   109/322 KB   16/350 KB   64/447 KB   109/322 KB   20/350 KB   64/447 KB   109/322 KB   24/350 KB   64/447 KB   109/322 KB   28/350 KB   64/447 KB   109/322 KB   32/350 KB   64/447 KB   109/322 KB              64/447 KB   109/322 KB   36/350 KB   64/447 KB   109/322 KB   40/350 KB   64/447 KB   113/322 KB   40/350 KB   64/447 KB   113/322 KB   44/350 KB   64/447 KB   117/322 KB   48/350 KB   64/447 KB   117/322 KB   52/350 KB   64/447 KB   117/322 KB   56/350 KB   64/447 KB   117/322 KB   60/350 KB   64/447 KB   117/322 KB   61/350 KB   64/447 KB   117/322 KB   65/350 KB   64/447 KB   117/322 KB   69/350 KB   64/447 KB   117/322 KB   73/350 KB   64/447 KB   117/322 KB   77/350 KB   64/447 KB   117/322 KB   81/350 KB   64/447 KB   117/322 KB   85/350 KB   64/447 KB   117/322 KB   89/350 KB   64/447 KB   117/322 KB   93/350 KB   64/447 KB   117/322 KB   97/350 KB   64/447 KB   117/322 KB   101/350 KB   64/447 KB   117/322 KB   105/350 KB   64/447 KB   117/322 KB   109/350 KB   64/447 KB   117/322 KB   113/350 KB   64/447 KB   117/322 KB   117/350 KB   64/447 KB   117/322 KB   121/350 KB   64/447 KB   117/322 KB   125/350 KB   64/447 KB   117/322 KB   129/350 KB   64/447 KB   117/322 KB   133/350 KB   64/447 KB   117/322 KB   137/350 KB   64/447 KB   117/322 KB   141/350 KB   64/447 KB   117/322 KB   145/350 KB   64/447 KB   117/322 KB   149/350 KB   64/447 KB   117/322 KB   153/350 KB   64/447 KB   117/322 KB   157/350 KB   64/447 KB   117/322 KB   4/117 KB   157/350 KB   64/447 KB   117/322 KB   44/350 KB   64/447 KB   117/322 KB   8/117 KB   157/350 KB   64/447 KB   117/322 KB   12/117 KB   157/350 KB   64/447 KB   121/322 KB   16/117 KB   157/350 KB   64/447 KB   121/322 KB   16/117 KB   157/350 KB   64/447 KB   125/322 KB   16/117 KB   157/350 KB   64/447 KB   125/322 KB   20/117 KB   157/350 KB   64/447 KB   125/322 KB   24/117 KB   157/350 KB   64/447 KB   125/322 KB   28/117 KB   157/350 KB   64/447 KB   125/322 KB   32/117 KB   157/350 KB   64/447 KB   129/322 KB   32/117 KB   157/350 KB   64/447 KB   129/322 KB   36/117 KB   157/350 KB   64/447 KB   129/322 KB   40/117 KB   157/350 KB   64/447 KB   129/322 KB   44/117 KB   157/350 KB   64/447 KB   129/322 KB   48/117 KB   157/350 KB   64/447 KB   129/322 KB   48/117 KB   161/350 KB   64/447 KB   129/322 KB   52/117 KB   161/350 KB   64/447 KB   133/322 KB   56/117 KB   161/350 KB   64/447 KB   133/322 KB   60/117 KB   161/350 KB   64/447 KB   133/322 KB   64/117 KB   165/350 KB   64/447 KB   133/322 KB   56/117 KB   161/350 KB   64/447 KB   137/322 KB   68/117 KB   165/350 KB   64/447 KB   133/322 KB   64/117 KB   165/350 KB   64/447 KB   137/322 KB   72/117 KB   169/350 KB   64/447 KB   137/322 KB   68/117 KB   165/350 KB   64/447 KB   137/322 KB   72/117 KB   165/350 KB   64/447 KB   137/322 KB   76/117 KB   173/350 KB   64/447 KB   141/322 KB   80/117 KB   173/350 KB   64/447 KB   141/322 KB   80/117 KB   173/350 KB   64/447 KB   141/322 KB   84/117 KB   173/350 KB   64/447 KB   141/322 KB   80/117 KB   173/350 KB   64/447 KB   141/322 KB   88/117 KB   173/350 KB   64/447 KB   141/322 KB   92/117 KB   173/350 KB   64/447 KB   145/322 KB   96/117 KB   173/350 KB   64/447 KB   145/322 KB   100/117 KB   173/350 KB   64/447 KB   145/322 KB   96/117 KB   173/350 KB   64/447 KB   145/322 KB   104/117 KB   173/350 KB   64/447 KB   145/322 KB   108/117 KB   173/350 KB   64/447 KB   145/322 KB   112/117 KB   173/350 KB   64/447 KB   145/322 KB   112/117 KB   177/350 KB   64/447 KB   149/322 KB   116/117 KB   181/350 KB   64/447 KB   149/322 KB   116/117 KB   185/350 KB   64/447 KB   149/322 KB   116/117 KB   189/350 KB   64/447 KB   145/322 KB   116/117 KB   177/350 KB   64/447 KB   149/322 KB   116/117 KB   177/350 KB   64/447 KB   149/322 KB   117/117 KB   189/350 KB   64/447 KB   153/322 KB   117/117 KB   189/350 KB   64/447 KB   157/322 KB   117/117 KB   189/350 KB   64/447 KB   161/322 KB   117/117 KB   189/350 KB   64/447 KB   165/322 KB   117/117 KB   193/350 KB   64/447 KB   169/322 KB   117/117 KB   193/350 KB   64/447 KB   173/322 KB   117/117 KB   193/350 KB   64/447 KB   177/322 KB   117/117 KB   193/350 KB   64/447 KB   181/322 KB   117/117 KB   193/350 KB   64/447 KB   185/322 KB   117/117 KB   193/350 KB   64/447 KB   189/322 KB   117/117 KB   193/350 KB   64/447 KB   193/322 KB   117/117 KB   193/350 KB   64/447 KB   197/322 KB   117/117 KB   193/350 KB   64/447 KB   201/322 KB   117/117 KB   193/350 KB   64/447 KB   205/322 KB   117/117 KB   193/350 KB   64/447 KB   161/322 KB   117/117 KB   193/350 KB   64/447 KB   205/322 KB   117/117 KB   197/350 KB   64/447 KB   205/322 KB   117/117 KB   201/350 KB   64/447 KB   205/322 KB   117/117 KB   205/350 KB   64/447 KB   205/322 KB   117/117 KB   209/350 KB   64/447 KB   205/322 KB   117/117 KB   213/350 KB   64/447 KB   205/322 KB   117/117 KB   217/350 KB   64/447 KB   205/322 KB   117/117 KB   221/350 KB   64/447 KB   205/322 KB   117/117 KB   225/350 KB   64/447 KB   205/322 KB   117/117 KB   229/350 KB   64/447 KB   205/322 KB   117/117 KB   233/350 KB   64/447 KB   209/322 KB   117/117 KB   237/350 KB   64/447 KB   209/322 KB   117/117 KB   241/350 KB   68/447 KB   209/322 KB   117/117 KB   245/350 KB   68/447 KB   209/322 KB   117/117 KB   249/350 KB   68/447 KB   209/322 KB   117/117 KB   253/350 KB   68/447 KB   209/322 KB   117/117 KB   257/350 KB   68/447 KB   209/322 KB   117/117 KB   261/350 KB   68/447 KB   209/322 KB   117/117 KB   265/350 KB   68/447 KB   209/322 KB   117/117 KB   269/350 KB   68/447 KB   209/322 KB   117/117 KB   273/350 KB                                                      64/447 KB   209/322 KB   117/117 KB   233/350 KB   Downloaded: https://repo.maven.apache.org/maven2/org/apache/struts/struts-tiles/1.3.8/struts-tiles-1.3.8.jar (117 KB at 859.2 KB/sec)
Downloading: https://repo.maven.apache.org/maven2/org/apache/httpcomponents/httpclient/4.2.3/httpclient-4.2.3.jar
68/447 KB   213/322 KB   273/350 KB                68/447 KB   217/322 KB   273/350 KB   68/447 KB   221/322 KB   273/350 KB   68/447 KB   225/322 KB   273/350 KB   68/447 KB   229/322 KB   273/350 KB   68/447 KB   233/322 KB   273/350 KB   68/447 KB   237/322 KB   273/350 KB   68/447 KB   209/322 KB   117/117 KB   241/350 KB   72/447 KB   241/322 KB   277/350 KB   76/447 KB   241/322 KB   277/350 KB   80/447 KB   241/322 KB   277/350 KB   84/447 KB   241/322 KB   277/350 KB   4/246 KB   84/447 KB   241/322 KB   277/350 KB   8/246 KB   84/447 KB   241/322 KB   277/350 KB   68/447 KB   241/322 KB   277/350 KB   12/246 KB   88/447 KB   241/322 KB   4/423 KB   277/350 KB   68/447 KB   241/322 KB   273/350 KB   16/246 KB   88/447 KB   241/322 KB   4/423 KB   281/350 KB   12/246 KB   88/447 KB   241/322 KB   4/423 KB   281/350 KB   16/246 KB   88/447 KB   245/322 KB   4/423 KB   285/350 KB   20/246 KB   88/447 KB   245/322 KB   4/423 KB   285/350 KB   8/246 KB   88/447 KB   241/322 KB   4/423 KB   277/350 KB   8/246 KB   84/447 KB   241/322 KB   4/423 KB   277/350 KB   24/246 KB   88/447 KB   245/322 KB   4/423 KB   289/350 KB   28/246 KB   88/447 KB   245/322 KB   8/423 KB   289/350 KB   32/246 KB   88/447 KB   245/322 KB   8/423 KB   289/350 KB   36/246 KB   92/447 KB   245/322 KB   8/423 KB   289/350 KB   40/246 KB   92/447 KB   245/322 KB   8/423 KB   289/350 KB   44/246 KB   92/447 KB   245/322 KB   8/423 KB   289/350 KB   48/246 KB   92/447 KB   245/322 KB   8/423 KB   289/350 KB   52/246 KB   92/447 KB   245/322 KB   8/423 KB   289/350 KB   56/246 KB   92/447 KB   245/322 KB   8/423 KB   289/350 KB   60/246 KB   92/447 KB   245/322 KB   8/423 KB   289/350 KB   64/246 KB   92/447 KB   245/322 KB   8/423 KB   289/350 KB   68/246 KB   92/447 KB   245/322 KB   8/423 KB   289/350 KB   72/246 KB   92/447 KB   245/322 KB   8/423 KB   289/350 KB   76/246 KB   92/447 KB   245/322 KB   8/423 KB   289/350 KB   80/246 KB   92/447 KB   245/322 KB   8/423 KB   289/350 KB   20/246 KB   88/447 KB   245/322 KB   4/423 KB   289/350 KB   16/246 KB   88/447 KB   245/322 KB   4/423 KB   281/350 KB   80/246 KB   92/447 KB   249/322 KB   8/423 KB   289/350 KB   80/246 KB   92/447 KB   253/322 KB   8/423 KB   289/350 KB   80/246 KB   92/447 KB   257/322 KB   8/423 KB   289/350 KB   80/246 KB   92/447 KB   261/322 KB   8/423 KB   289/350 KB   80/246 KB   92/447 KB   265/322 KB   8/423 KB   289/350 KB   80/246 KB   92/447 KB   269/322 KB   8/423 KB   289/350 KB   80/246 KB   92/447 KB   273/322 KB   8/423 KB   289/350 KB   80/246 KB   92/447 KB   277/322 KB   8/423 KB   289/350 KB   80/246 KB   92/447 KB   281/322 KB   8/423 KB   289/350 KB   80/246 KB   92/447 KB   285/322 KB   8/423 KB   289/350 KB   80/246 KB   92/447 KB   289/322 KB   8/423 KB   289/350 KB   80/246 KB   92/447 KB   293/322 KB   8/423 KB   289/350 KB   80/246 KB   92/447 KB   297/322 KB   8/423 KB   289/350 KB   80/246 KB   92/447 KB   301/322 KB   8/423 KB   289/350 KB   80/246 KB   92/447 KB   305/322 KB   8/423 KB   289/350 KB   80/246 KB   92/447 KB   309/322 KB   8/423 KB   289/350 KB   80/246 KB   92/447 KB   313/322 KB   8/423 KB   289/350 KB   80/246 KB   92/447 KB   317/322 KB   8/423 KB   289/350 KB   80/246 KB   92/447 KB   321/322 KB   8/423 KB   289/350 KB   80/246 KB   92/447 KB   322/322 KB   8/423 KB   289/350 KB   84/246 KB   92/447 KB   322/322 KB   8/423 KB   289/350 KB   88/246 KB   92/447 KB   322/322 KB   8/423 KB   289/350 KB   92/246 KB   92/447 KB   322/322 KB   8/423 KB   289/350 KB   96/246 KB   92/447 KB   322/322 KB   8/423 KB   289/350 KB   100/246 KB   92/447 KB   322/322 KB   8/423 KB   289/350 KB   104/246 KB   92/447 KB   322/322 KB   8/423 KB   289/350 KB   108/246 KB   92/447 KB   322/322 KB   8/423 KB   289/350 KB   112/246 KB   92/447 KB   322/322 KB   8/423 KB   289/350 KB   116/246 KB   92/447 KB   322/322 KB   8/423 KB   289/350 KB   120/246 KB   92/447 KB   322/322 KB   8/423 KB   289/350 KB   124/246 KB   92/447 KB   322/322 KB   8/423 KB   289/350 KB   128/246 KB   92/447 KB   322/322 KB   8/423 KB   289/350 KB   132/246 KB   92/447 KB   322/322 KB   8/423 KB   289/350 KB   136/246 KB   92/447 KB   322/322 KB   8/423 KB   289/350 KB   140/246 KB   92/447 KB   322/322 KB   8/423 KB   289/350 KB   144/246 KB   92/447 KB   322/322 KB   8/423 KB   289/350 KB   148/246 KB   92/447 KB   322/322 KB   8/423 KB   289/350 KB   152/246 KB   92/447 KB   322/322 KB   8/423 KB   289/350 KB   156/246 KB   92/447 KB   322/322 KB   8/423 KB   289/350 KB   160/246 KB   92/447 KB   322/322 KB   8/423 KB   289/350 KB   164/246 KB   92/447 KB   322/322 KB   8/423 KB   289/350 KB   168/246 KB   92/447 KB   322/322 KB   8/423 KB   289/350 KB   172/246 KB   92/447 KB   322/322 KB   8/423 KB   289/350 KB   176/246 KB   92/447 KB   322/322 KB   8/423 KB   289/350 KB   32/246 KB   92/447 KB   245/322 KB   8/423 KB   289/350 KB   24/246 KB   88/447 KB   245/322 KB   8/423 KB   289/350 KB   176/246 KB   96/447 KB   322/322 KB   8/423 KB   289/350 KB   176/246 KB   96/447 KB   322/322 KB   12/423 KB   289/350 KB   176/246 KB   100/447 KB   322/322 KB   12/423 KB   289/350 KB   176/246 KB   100/447 KB   322/322 KB   16/423 KB   289/350 KB   176/246 KB   104/447 KB   322/322 KB   16/423 KB   289/350 KB   176/246 KB   104/447 KB   322/322 KB   20/423 KB   289/350 KB   176/246 KB   104/447 KB   322/322 KB   24/423 KB   289/350 KB   176/246 KB   104/447 KB   322/322 KB   28/423 KB   289/350 KB   176/246 KB   108/447 KB   322/322 KB   32/423 KB   289/350 KB   180/246 KB   108/447 KB   322/322 KB   32/423 KB   289/350 KB   176/246 KB   108/447 KB   322/322 KB   32/423 KB   289/350 KB   180/246 KB   112/447 KB   322/322 KB   32/423 KB   289/350 KB   180/246 KB   116/447 KB   322/322 KB   32/423 KB   289/350 KB   180/246 KB   120/447 KB   322/322 KB   32/423 KB   289/350 KB   184/246 KB   120/447 KB   322/322 KB   36/423 KB   293/350 KB   188/246 KB   120/447 KB   322/322 KB   36/423 KB   293/350 KB   192/246 KB   120/447 KB   322/322 KB   36/423 KB   293/350 KB   192/246 KB   124/447 KB   322/322 KB   36/423 KB   293/350 KB   192/246 KB   128/447 KB   322/322 KB   36/423 KB   293/350 KB   196/246 KB   128/447 KB   322/322 KB   36/423 KB   293/350 KB   180/246 KB   120/447 KB   322/322 KB   36/423 KB   293/350 KB   180/246 KB   120/447 KB   322/322 KB   36/423 KB   289/350 KB   196/246 KB   132/447 KB   322/322 KB   36/423 KB   297/350 KB   196/246 KB   132/447 KB   322/322 KB   40/423 KB   297/350 KB   196/246 KB   132/447 KB   322/322 KB   44/423 KB   301/350 KB   196/246 KB   132/447 KB   322/322 KB   48/423 KB   301/350 KB   196/246 KB   132/447 KB   322/322 KB   52/423 KB   301/350 KB   196/246 KB   132/447 KB   322/322 KB   56/423 KB   301/350 KB   196/246 KB   132/447 KB   322/322 KB   60/423 KB   301/350 KB   196/246 KB   132/447 KB   322/322 KB   63/423 KB   301/350 KB   196/246 KB   132/447 KB   322/322 KB   67/423 KB   301/350 KB   196/246 KB   132/447 KB   322/322 KB   71/423 KB   301/350 KB   196/246 KB   132/447 KB   322/322 KB   75/423 KB   301/350 KB   196/246 KB   132/447 KB   322/322 KB   79/423 KB   301/350 KB   196/246 KB   132/447 KB   322/322 KB   83/423 KB   301/350 KB   196/246 KB   132/447 KB   322/322 KB   87/423 KB   301/350 KB   196/246 KB   132/447 KB   322/322 KB   91/423 KB   301/350 KB   196/246 KB   132/447 KB   322/322 KB   95/423 KB   301/350 KB   196/246 KB   132/447 KB   322/322 KB   99/423 KB   301/350 KB   196/246 KB   132/447 KB   322/322 KB   103/423 KB   301/350 KB   196/246 KB   132/447 KB   322/322 KB   107/423 KB   301/350 KB   196/246 KB   132/447 KB   322/322 KB   111/423 KB   301/350 KB   196/246 KB   132/447 KB   322/322 KB   115/423 KB   301/350 KB   196/246 KB   132/447 KB   322/322 KB   119/423 KB   301/350 KB   196/246 KB   132/447 KB   322/322 KB   123/423 KB   301/350 KB   196/246 KB   132/447 KB   322/322 KB   127/423 KB   301/350 KB   196/246 KB   132/447 KB   322/322 KB   131/423 KB   301/350 KB   196/246 KB   132/447 KB   322/322 KB   135/423 KB   301/350 KB   196/246 KB   132/447 KB   322/322 KB   139/423 KB   301/350 KB   196/246 KB   132/447 KB   322/322 KB   143/423 KB   301/350 KB   196/246 KB   132/447 KB   322/322 KB   147/423 KB   301/350 KB   196/246 KB   132/447 KB   151/423 KB   301/350 KB                196/246 KB   132/447 KB   155/423 KB   301/350 KB   196/246 KB   132/447 KB   159/423 KB   301/350 KB   196/246 KB   132/447 KB   163/423 KB   301/350 KB   196/246 KB   132/447 KB   167/423 KB   301/350 KB   196/246 KB   132/447 KB   171/423 KB   301/350 KB   196/246 KB   132/447 KB   175/423 KB   301/350 KB   196/246 KB   132/447 KB   179/423 KB   301/350 KB   196/246 KB   132/447 KB   183/423 KB   301/350 KB   196/246 KB   132/447 KB   187/423 KB   301/350 KB   196/246 KB   132/447 KB   191/423 KB   301/350 KB   196/246 KB   132/447 KB   195/423 KB   301/350 KB   196/246 KB   132/447 KB   199/423 KB   301/350 KB   196/246 KB   132/447 KB   203/423 KB   301/350 KB   196/246 KB   132/447 KB   207/423 KB   301/350 KB   196/246 KB   132/447 KB   211/423 KB   301/350 KB   196/246 KB   132/447 KB   215/423 KB   301/350 KB   196/246 KB   132/447 KB   219/423 KB   301/350 KB   196/246 KB   132/447 KB   223/423 KB   301/350 KB   196/246 KB   132/447 KB   227/423 KB   301/350 KB   196/246 KB   132/447 KB   231/423 KB   301/350 KB   196/246 KB   132/447 KB   235/423 KB   301/350 KB   196/246 KB   132/447 KB   239/423 KB   301/350 KB   196/246 KB   132/447 KB   243/423 KB   301/350 KB   196/246 KB   132/447 KB   247/423 KB   301/350 KB   196/246 KB   132/447 KB   251/423 KB   301/350 KB   196/246 KB   132/447 KB   255/423 KB   301/350 KB   196/246 KB   132/447 KB   259/423 KB   301/350 KB   200/246 KB   132/447 KB   263/423 KB   301/350 KB   200/246 KB   132/447 KB   267/423 KB   301/350 KB   200/246 KB   132/447 KB   271/423 KB   301/350 KB   200/246 KB   132/447 KB   275/423 KB   301/350 KB   200/246 KB   132/447 KB   279/423 KB   301/350 KB   200/246 KB   132/447 KB   283/423 KB   301/350 KB   200/246 KB   132/447 KB   287/423 KB   301/350 KB   200/246 KB   132/447 KB   291/423 KB   301/350 KB   200/246 KB   132/447 KB   295/423 KB   301/350 KB   200/246 KB   132/447 KB   299/423 KB   301/350 KB   200/246 KB   132/447 KB   303/423 KB   301/350 KB   200/246 KB   132/447 KB   307/423 KB   301/350 KB   200/246 KB   132/447 KB   311/423 KB   301/350 KB   200/246 KB   132/447 KB   315/423 KB   301/350 KB   200/246 KB   132/447 KB   319/423 KB   301/350 KB   200/246 KB   132/447 KB   323/423 KB   301/350 KB   200/246 KB   132/447 KB   327/423 KB   301/350 KB   200/246 KB   132/447 KB   331/423 KB   301/350 KB   200/246 KB   132/447 KB   335/423 KB   301/350 KB   200/246 KB   132/447 KB   339/423 KB   301/350 KB   200/246 KB   132/447 KB   343/423 KB   301/350 KB   200/246 KB   132/447 KB   347/423 KB   301/350 KB   200/246 KB   132/447 KB   351/423 KB   301/350 KB   200/246 KB   132/447 KB   355/423 KB   301/350 KB   200/246 KB   132/447 KB   359/423 KB   301/350 KB   200/246 KB   132/447 KB   363/423 KB   301/350 KB   200/246 KB   132/447 KB   367/423 KB   301/350 KB   200/246 KB   132/447 KB   371/423 KB   301/350 KB   200/246 KB   132/447 KB   375/423 KB   301/350 KB   200/246 KB   132/447 KB   379/423 KB   301/350 KB   200/246 KB   132/447 KB   383/423 KB   301/350 KB   200/246 KB   132/447 KB   387/423 KB   301/350 KB   200/246 KB   132/447 KB   391/423 KB   301/350 KB   200/246 KB   132/447 KB   395/423 KB   301/350 KB   200/246 KB   132/447 KB   399/423 KB   301/350 KB   196/246 KB   132/447 KB   322/322 KB   36/423 KB   293/350 KB   200/246 KB   136/447 KB   399/423 KB   301/350 KB   200/246 KB   140/447 KB   399/423 KB   301/350 KB   200/246 KB   144/447 KB   399/423 KB   301/350 KB   200/246 KB   148/447 KB   399/423 KB   301/350 KB   200/246 KB   152/447 KB   399/423 KB   301/350 KB   200/246 KB   156/447 KB   399/423 KB   301/350 KB   200/246 KB   160/447 KB   399/423 KB   301/350 KB   200/246 KB   164/447 KB   399/423 KB   301/350 KB   200/246 KB   168/447 KB   399/423 KB   301/350 KB   200/246 KB   172/447 KB   399/423 KB   301/350 KB   200/246 KB   176/447 KB   399/423 KB   301/350 KB   200/246 KB   180/447 KB   399/423 KB   301/350 KB   200/246 KB   184/447 KB   399/423 KB   301/350 KB   200/246 KB   188/447 KB   399/423 KB   301/350 KB   200/246 KB   192/447 KB   399/423 KB   301/350 KB   200/246 KB   196/447 KB   399/423 KB   301/350 KB   200/246 KB   200/447 KB   399/423 KB   301/350 KB   200/246 KB   204/447 KB   399/423 KB   301/350 KB   200/246 KB   208/447 KB   399/423 KB   301/350 KB   200/246 KB   212/447 KB   399/423 KB   301/350 KB   200/246 KB   216/447 KB   399/423 KB   301/350 KB   200/246 KB   220/447 KB   399/423 KB   301/350 KB   200/246 KB   224/447 KB   399/423 KB   301/350 KB   200/246 KB   228/447 KB   399/423 KB   301/350 KB   200/246 KB   232/447 KB   399/423 KB   301/350 KB   200/246 KB   236/447 KB   399/423 KB   301/350 KB   200/246 KB   240/447 KB   399/423 KB   301/350 KB   200/246 KB   244/447 KB   399/423 KB   301/350 KB   200/246 KB   248/447 KB   399/423 KB   301/350 KB   200/246 KB   252/447 KB   399/423 KB   301/350 KB   200/246 KB   256/447 KB   399/423 KB   301/350 KB   200/246 KB   260/447 KB   399/423 KB   301/350 KB   200/246 KB   132/447 KB   259/423 KB   301/350 KB   204/246 KB   260/447 KB   399/423 KB   301/350 KB   208/246 KB   260/447 KB   399/423 KB   301/350 KB   212/246 KB   260/447 KB   399/423 KB   301/350 KB   216/246 KB   260/447 KB   399/423 KB   301/350 KB   220/246 KB   260/447 KB   399/423 KB   301/350 KB   224/246 KB   260/447 KB   399/423 KB   301/350 KB                                                                    196/246 KB   132/447 KB   322/322 KB   44/423 KB   301/350 KB   Downloaded: https://repo.maven.apache.org/maven2/org/apache/struts/struts-core/1.3.8/struts-core-1.3.8.jar (322 KB at 1745.6 KB/sec)
Downloading: https://repo.maven.apache.org/maven2/org/apache/httpcomponents/httpcore/4.2.2/httpcore-4.2.2.jar
224/246 KB   260/447 KB   399/423 KB   305/350 KB   224/246 KB   260/447 KB   399/423 KB   309/350 KB   224/246 KB   260/447 KB   399/423 KB   313/350 KB   224/246 KB   260/447 KB   399/423 KB   317/350 KB   224/246 KB   260/447 KB   399/423 KB   321/350 KB   224/246 KB   260/447 KB   399/423 KB   325/350 KB   224/246 KB   260/447 KB   399/423 KB   329/350 KB   228/246 KB   260/447 KB   399/423 KB   329/350 KB   228/246 KB   260/447 KB   399/423 KB   333/350 KB   232/246 KB   260/447 KB   399/423 KB   333/350 KB   236/246 KB   260/447 KB   399/423 KB   333/350 KB   236/246 KB   260/447 KB   399/423 KB   337/350 KB   240/246 KB   264/447 KB   399/423 KB   341/350 KB   240/246 KB   260/447 KB   399/423 KB   337/350 KB   240/246 KB   264/447 KB   399/423 KB   341/350 KB   240/246 KB   268/447 KB   399/423 KB   341/350 KB   244/246 KB   268/447 KB   403/423 KB   345/350 KB   244/246 KB   268/447 KB   407/423 KB   345/350 KB   244/246 KB   268/447 KB   411/423 KB   345/350 KB   244/246 KB   272/447 KB   411/423 KB   345/350 KB   244/246 KB   268/447 KB   399/423 KB   345/350 KB   240/246 KB   268/447 KB   399/423 KB   345/350 KB   246/246 KB   276/447 KB   411/423 KB   345/350 KB   246/246 KB   276/447 KB   411/423 KB   349/350 KB   246/246 KB   276/447 KB   411/423 KB   350/350 KB   246/246 KB   276/447 KB   415/423 KB   350/350 KB   244/246 KB   276/447 KB   411/423 KB   345/350 KB   246/246 KB   280/447 KB   415/423 KB   350/350 KB   246/246 KB   280/447 KB   419/423 KB   350/350 KB   246/246 KB   280/447 KB   423/423 KB   350/350 KB   246/246 KB   284/447 KB   423/423 KB   350/350 KB   246/246 KB   284/447 KB   423/423 KB   350/350 KB   246/246 KB   288/447 KB   423/423 KB   350/350 KB   246/246 KB   292/447 KB   423/423 KB   350/350 KB   246/246 KB   296/447 KB   423/423 KB   350/350 KB   246/246 KB   300/447 KB   423/423 KB   350/350 KB   246/246 KB   304/447 KB   423/423 KB   350/350 KB   246/246 KB   308/447 KB   423/423 KB   350/350 KB   246/246 KB   312/447 KB   423/423 KB   350/350 KB   246/246 KB   316/447 KB   423/423 KB   350/350 KB   246/246 KB   320/447 KB   423/423 KB   350/350 KB   246/246 KB   324/447 KB   423/423 KB   350/350 KB   246/246 KB   328/447 KB   423/423 KB   350/350 KB   246/246 KB   332/447 KB   423/423 KB   350/350 KB   246/246 KB   336/447 KB   423/423 KB   350/350 KB   246/246 KB   340/447 KB   423/423 KB   350/350 KB   246/246 KB   344/447 KB   423/423 KB   350/350 KB   246/246 KB   348/447 KB   423/423 KB   350/350 KB   246/246 KB   352/447 KB   423/423 KB   350/350 KB   246/246 KB   356/447 KB   423/423 KB   350/350 KB   246/246 KB   360/447 KB   423/423 KB   350/350 KB   246/246 KB   364/447 KB   423/423 KB   350/350 KB   246/246 KB   368/447 KB   423/423 KB   350/350 KB   246/246 KB   372/447 KB   423/423 KB   350/350 KB   246/246 KB   376/447 KB   423/423 KB   350/350 KB   246/246 KB   380/447 KB   423/423 KB   350/350 KB   246/246 KB   384/447 KB   423/423 KB   350/350 KB   246/246 KB   388/447 KB   423/423 KB   350/350 KB   246/246 KB   392/447 KB   423/423 KB   350/350 KB   246/246 KB   392/447 KB   4/219 KB   423/423 KB   350/350 KB   246/246 KB   392/447 KB   8/219 KB   423/423 KB   350/350 KB   246/246 KB   392/447 KB   12/219 KB   423/423 KB   350/350 KB   246/246 KB   392/447 KB   16/219 KB   423/423 KB   350/350 KB   246/246 KB   392/447 KB   20/219 KB   423/423 KB   350/350 KB   246/246 KB   392/447 KB   24/219 KB   423/423 KB   350/350 KB   246/246 KB   392/447 KB   28/219 KB   423/423 KB   350/350 KB   246/246 KB   392/447 KB   32/219 KB   423/423 KB   350/350 KB   246/246 KB   392/447 KB   36/219 KB   423/423 KB   350/350 KB   246/246 KB   392/447 KB   40/219 KB   423/423 KB   350/350 KB   246/246 KB   392/447 KB   44/219 KB   423/423 KB   350/350 KB   246/246 KB   392/447 KB   48/219 KB   423/423 KB   350/350 KB   246/246 KB   392/447 KB   52/219 KB   423/423 KB   350/350 KB   246/246 KB   392/447 KB   56/219 KB   423/423 KB   350/350 KB   246/246 KB   392/447 KB   60/219 KB   423/423 KB   350/350 KB   246/246 KB   392/447 KB   64/219 KB   423/423 KB   350/350 KB                                                                   Downloaded: https://repo.maven.apache.org/maven2/antlr/antlr/2.7.2/antlr-2.7.2.jar (350 KB at 1785.1 KB/sec)
Downloading: https://repo.maven.apache.org/maven2/log4j/log4j/1.2.14/log4j-1.2.14.jar
                                                                Downloaded: https://repo.maven.apache.org/maven2/org/apache/struts/struts-taglib/1.3.8/struts-taglib-1.3.8.jar (246 KB at 1246.8 KB/sec)
Downloading: https://repo.maven.apache.org/maven2/com/thoughtworks/qdox/qdox/1.12.1/qdox-1.12.1.jar
392/447 KB   68/219 KB   423/423 KB                             392/447 KB   72/219 KB   423/423 KB   392/447 KB   76/219 KB   423/423 KB   392/447 KB   80/219 KB   423/423 KB   392/447 KB   84/219 KB   423/423 KB   392/447 KB   88/219 KB   423/423 KB   392/447 KB   92/219 KB   423/423 KB   392/447 KB   96/219 KB   423/423 KB   392/447 KB   100/219 KB   423/423 KB                                          396/447 KB   104/219 KB   392/447 KB   104/219 KB                Downloaded: https://repo.maven.apache.org/maven2/org/apache/httpcomponents/httpclient/4.2.3/httpclient-4.2.3.jar (423 KB at 2125.2 KB/sec)
400/447 KB   108/219 KB   396/447 KB   108/219 KB   400/447 KB   112/219 KB   400/447 KB   116/219 KB   400/447 KB   120/219 KB   400/447 KB   124/219 KB   400/447 KB   128/219 KB   400/447 KB   132/219 KB   400/447 KB   136/219 KB   400/447 KB   140/219 KB   400/447 KB   144/219 KB   400/447 KB   148/219 KB   400/447 KB   152/219 KB   400/447 KB   156/219 KB   400/447 KB   160/219 KB   400/447 KB   164/219 KB   400/447 KB   168/219 KB   400/447 KB   172/219 KB   400/447 KB   176/219 KB   400/447 KB   180/219 KB   400/447 KB   184/219 KB   400/447 KB   188/219 KB   400/447 KB   192/219 KB   400/447 KB   196/219 KB   400/447 KB   200/219 KB   400/447 KB   204/219 KB   400/447 KB   208/219 KB   400/447 KB   212/219 KB   400/447 KB   216/219 KB   400/447 KB   219/219 KB   404/447 KB   219/219 KB   408/447 KB   219/219 KB   412/447 KB   219/219 KB   416/447 KB   219/219 KB   420/447 KB   219/219 KB   424/447 KB   219/219 KB   428/447 KB   219/219 KB   432/447 KB   219/219 KB   436/447 KB   219/219 KB   440/447 KB   219/219 KB   444/447 KB   219/219 KB   447/447 KB   219/219 KB   447/447 KB   219/219 KB   4/359 KB   447/447 KB   219/219 KB   8/359 KB   447/447 KB   219/219 KB   12/359 KB   447/447 KB   219/219 KB   16/359 KB   4/176 KB   447/447 KB   219/219 KB   16/359 KB   8/176 KB   447/447 KB   219/219 KB   16/359 KB   8/176 KB   447/447 KB   219/219 KB   20/359 KB   12/176 KB   447/447 KB   219/219 KB   20/359 KB   12/176 KB   447/447 KB   219/219 KB   24/359 KB   16/176 KB   447/447 KB   219/219 KB   24/359 KB   16/176 KB   447/447 KB   219/219 KB   28/359 KB   16/176 KB   447/447 KB   219/219 KB   32/359 KB   20/176 KB   447/447 KB   219/219 KB   32/359 KB   24/176 KB   447/447 KB   219/219 KB   32/359 KB   24/176 KB   447/447 KB   219/219 KB   36/359 KB   28/176 KB   447/447 KB   219/219 KB   36/359 KB   28/176 KB   447/447 KB   219/219 KB   40/359 KB   32/176 KB   447/447 KB   219/219 KB   40/359 KB   32/176 KB   447/447 KB   219/219 KB   44/359 KB   32/176 KB   447/447 KB   219/219 KB   48/359 KB   36/176 KB   447/447 KB   219/219 KB   52/359 KB   36/176 KB   447/447 KB   219/219 KB   52/359 KB   36/176 KB   447/447 KB   219/219 KB   53/359 KB   40/176 KB   447/447 KB   219/219 KB   53/359 KB   44/176 KB   447/447 KB   219/219 KB   53/359 KB   48/176 KB   447/447 KB   219/219 KB   53/359 KB   48/176 KB   447/447 KB   219/219 KB   57/359 KB   48/176 KB   447/447 KB   219/219 KB   61/359 KB   52/176 KB   447/447 KB   219/219 KB   61/359 KB   56/176 KB   447/447 KB   219/219 KB   61/359 KB   56/176 KB   447/447 KB   219/219 KB   65/359 KB   60/176 KB   447/447 KB   219/219 KB   65/359 KB   62/176 KB   447/447 KB   219/219 KB   69/359 KB   62/176 KB   447/447 KB   219/219 KB   69/359 KB   62/176 KB   447/447 KB   219/219 KB   73/359 KB   66/176 KB   447/447 KB   219/219 KB   73/359 KB   66/176 KB   447/447 KB   219/219 KB   77/359 KB   70/176 KB   447/447 KB   219/219 KB   77/359 KB   74/176 KB   447/447 KB   219/219 KB   77/359 KB   78/176 KB   447/447 KB   219/219 KB   77/359 KB   78/176 KB   447/447 KB   219/219 KB   81/359 KB   78/176 KB   447/447 KB   219/219 KB   85/359 KB   78/176 KB   447/447 KB   219/219 KB   89/359 KB   82/176 KB   447/447 KB   219/219 KB   89/359 KB   82/176 KB   447/447 KB   219/219 KB   93/359 KB   86/176 KB   447/447 KB   219/219 KB   93/359 KB   90/176 KB   447/447 KB   219/219 KB   93/359 KB   94/176 KB   447/447 KB   219/219 KB   93/359 KB   94/176 KB   447/447 KB   219/219 KB   97/359 KB   94/176 KB   447/447 KB   219/219 KB   101/359 KB   94/176 KB   447/447 KB   219/219 KB   105/359 KB   98/176 KB   447/447 KB   219/219 KB   105/359 KB   98/176 KB   447/447 KB   219/219 KB   109/359 KB   102/176 KB   447/447 KB   219/219 KB   109/359 KB   106/176 KB   447/447 KB   219/219 KB   109/359 KB   110/176 KB   447/447 KB   219/219 KB   109/359 KB   110/176 KB   447/447 KB   219/219 KB   113/359 KB   110/176 KB   447/447 KB   219/219 KB   117/359 KB   110/176 KB   447/447 KB   219/219 KB   121/359 KB   114/176 KB   447/447 KB   219/219 KB   121/359 KB   114/176 KB   447/447 KB   219/219 KB   125/359 KB   118/176 KB   447/447 KB   219/219 KB   125/359 KB   122/176 KB   447/447 KB   219/219 KB   125/359 KB   126/176 KB   447/447 KB   219/219 KB   125/359 KB   126/176 KB   447/447 KB   219/219 KB   129/359 KB   126/176 KB   447/447 KB   219/219 KB   133/359 KB   126/176 KB   447/447 KB   219/219 KB   137/359 KB   130/176 KB   447/447 KB   219/219 KB   137/359 KB   130/176 KB   447/447 KB   219/219 KB   141/359 KB   134/176 KB   447/447 KB   219/219 KB   141/359 KB   138/176 KB   447/447 KB   219/219 KB   141/359 KB   142/176 KB   447/447 KB   219/219 KB   141/359 KB   142/176 KB   447/447 KB   219/219 KB   145/359 KB   142/176 KB   447/447 KB   219/219 KB   149/359 KB   142/176 KB   447/447 KB   219/219 KB   153/359 KB   146/176 KB   447/447 KB   219/219 KB   153/359 KB   146/176 KB   447/447 KB   219/219 KB   157/359 KB   150/176 KB   447/447 KB   219/219 KB   157/359 KB   154/176 KB   447/447 KB   219/219 KB   161/359 KB   154/176 KB   447/447 KB   219/219 KB   165/359 KB   154/176 KB   447/447 KB   219/219 KB   169/359 KB   154/176 KB   447/447 KB   219/219 KB   173/359 KB   154/176 KB   447/447 KB   219/219 KB   177/359 KB                                                       154/176 KB   447/447 KB   181/359 KB                Downloaded: https://repo.maven.apache.org/maven2/org/apache/httpcomponents/httpcore/4.2.2/httpcore-4.2.2.jar (219 KB at 1029.9 KB/sec)
154/176 KB   447/447 KB   185/359 KB   154/176 KB   447/447 KB   219/219 KB   157/359 KB   154/176 KB   447/447 KB   189/359 KB                158/176 KB   447/447 KB   189/359 KB   158/176 KB   447/447 KB   193/359 KB   158/176 KB   447/447 KB   197/359 KB   158/176 KB   447/447 KB   201/359 KB   158/176 KB   447/447 KB   205/359 KB   158/176 KB   447/447 KB   209/359 KB   158/176 KB   447/447 KB   213/359 KB   162/176 KB   447/447 KB   217/359 KB   162/176 KB   447/447 KB   221/359 KB   162/176 KB   447/447 KB   225/359 KB                                          162/176 KB   229/359 KB                162/176 KB   233/359 KB   162/176 KB   237/359 KB   162/176 KB   241/359 KB   162/176 KB   245/359 KB   162/176 KB   249/359 KB   162/176 KB   253/359 KB   162/176 KB   257/359 KB   162/176 KB   261/359 KB   162/176 KB   265/359 KB   162/176 KB   269/359 KB   162/176 KB   273/359 KB   162/176 KB   277/359 KB   162/176 KB   281/359 KB   162/176 KB   285/359 KB   162/176 KB   289/359 KB   162/176 KB   293/359 KB   162/176 KB   297/359 KB   162/176 KB   301/359 KB   162/176 KB   305/359 KB   162/176 KB   309/359 KB   162/176 KB   313/359 KB   162/176 KB   317/359 KB   162/176 KB   321/359 KB   162/176 KB   325/359 KB   162/176 KB   329/359 KB   162/176 KB   333/359 KB   162/176 KB   337/359 KB   162/176 KB   341/359 KB   162/176 KB   345/359 KB   162/176 KB   349/359 KB   162/176 KB   353/359 KB   162/176 KB   357/359 KB   162/176 KB   359/359 KB   162/176 KB   447/447 KB   213/359 KB   166/176 KB   359/359 KB   170/176 KB   359/359 KB   174/176 KB   359/359 KB   176/176 KB   359/359 KB   Downloaded: https://repo.maven.apache.org/maven2/dom4j/dom4j/1.1/dom4j-1.1.jar (447 KB at 2085.1 KB/sec)
                          Downloaded: https://repo.maven.apache.org/maven2/log4j/log4j/1.2.14/log4j-1.2.14.jar (359 KB at 1573.8 KB/sec)
                          Downloaded: https://repo.maven.apache.org/maven2/com/thoughtworks/qdox/qdox/1.12.1/qdox-1.12.1.jar (176 KB at 766.8 KB/sec)
[INFO] Not executing Javadoc as the project is not a Java classpath-capable package
[INFO] 
[INFO] --- maven-enforcer-plugin:1.0:enforce (enforce-maven) @ dagger-parent ---
[INFO] 
[INFO] --- maven-checkstyle-plugin:2.10:checkstyle (default) @ dagger-parent ---
[INFO] 
[INFO] --- maven-install-plugin:2.4:install (default-install) @ dagger-parent ---
[INFO] Installing /home/travis/build/square/dagger/pom.xml to /home/travis/.m2/repository/com/squareup/dagger/dagger-parent/1.2.3-SNAPSHOT/dagger-parent-1.2.3-SNAPSHOT.pom
[INFO] 
[INFO] --- maven-deploy-plugin:2.7:deploy (default-deploy) @ dagger-parent ---
Downloading: https://oss.sonatype.org/content/repositories/snapshots/com/squareup/dagger/dagger-parent/1.2.3-SNAPSHOT/maven-metadata.xml
611/611 B                             Downloaded: https://oss.sonatype.org/content/repositories/snapshots/com/squareup/dagger/dagger-parent/1.2.3-SNAPSHOT/maven-metadata.xml (611 B at 1.2 KB/sec)
Uploading: https://oss.sonatype.org/content/repositories/snapshots/com/squareup/dagger/dagger-parent/1.2.3-SNAPSHOT/dagger-parent-1.2.3-20151226.183316-13.pom
2/6 KB      4/6 KB   6/6 KB            Uploaded: https://oss.sonatype.org/content/repositories/snapshots/com/squareup/dagger/dagger-parent/1.2.3-SNAPSHOT/dagger-parent-1.2.3-20151226.183316-13.pom (6 KB at 4.7 KB/sec)
Downloading: https://oss.sonatype.org/content/repositories/snapshots/com/squareup/dagger/dagger-parent/maven-metadata.xml
390/390 B               Downloaded: https://oss.sonatype.org/content/repositories/snapshots/com/squareup/dagger/dagger-parent/maven-metadata.xml (390 B at 7.5 KB/sec)
Uploading: https://oss.sonatype.org/content/repositories/snapshots/com/squareup/dagger/dagger-parent/1.2.3-SNAPSHOT/maven-metadata.xml
611/611 B               Uploaded: https://oss.sonatype.org/content/repositories/snapshots/com/squareup/dagger/dagger-parent/1.2.3-SNAPSHOT/maven-metadata.xml (611 B at 4.6 KB/sec)
Uploading: https://oss.sonatype.org/content/repositories/snapshots/com/squareup/dagger/dagger-parent/maven-metadata.xml
390/390 B               Uploaded: https://oss.sonatype.org/content/repositories/snapshots/com/squareup/dagger/dagger-parent/maven-metadata.xml (390 B at 2.8 KB/sec)
[INFO]                                                                         
[INFO] ------------------------------------------------------------------------
[INFO] Building Dagger 1.2.3-SNAPSHOT
[INFO] ------------------------------------------------------------------------
[INFO] 
[INFO] --- maven-clean-plugin:2.5:clean (default-clean) @ dagger ---
[INFO] Deleting /home/travis/build/square/dagger/core/target
[INFO] 
[INFO] >>> maven-source-plugin:2.4:jar (default-cli) > generate-sources @ dagger >>>
[INFO] 
[INFO] --- maven-enforcer-plugin:1.0:enforce (enforce-maven) @ dagger ---
[INFO] 
[INFO] <<< maven-source-plugin:2.4:jar (default-cli) < generate-sources @ dagger <<<
[INFO] 
[INFO] --- maven-source-plugin:2.4:jar (default-cli) @ dagger ---
[INFO] Building jar: /home/travis/build/square/dagger/core/target/dagger-1.2.3-SNAPSHOT-sources.jar
[INFO] 
[INFO] --- maven-javadoc-plugin:2.10.3:jar (default-cli) @ dagger ---
[INFO] 
Loading source files for package dagger...
Constructing Javadoc information...
Standard Doclet version 1.7.0_76
Building tree for all the packages and classes...
Generating /home/travis/build/square/dagger/core/target/apidocs/dagger/Lazy.html...
Generating /home/travis/build/square/dagger/core/target/apidocs/dagger/MembersInjector.html...
Generating /home/travis/build/square/dagger/core/target/apidocs/dagger/Module.html...
Generating /home/travis/build/square/dagger/core/target/apidocs/dagger/ObjectGraph.html...
Generating /home/travis/build/square/dagger/core/target/apidocs/dagger/Provides.html...
Generating /home/travis/build/square/dagger/core/target/apidocs/dagger/Provides.Type.html...
Generating /home/travis/build/square/dagger/core/target/apidocs/dagger/package-frame.html...
Generating /home/travis/build/square/dagger/core/target/apidocs/dagger/package-summary.html...
Generating /home/travis/build/square/dagger/core/target/apidocs/dagger/package-tree.html...
Generating /home/travis/build/square/dagger/core/target/apidocs/constant-values.html...
Generating /home/travis/build/square/dagger/core/target/apidocs/dagger/class-use/Provides.html...
Generating /home/travis/build/square/dagger/core/target/apidocs/dagger/class-use/Provides.Type.html...
Generating /home/travis/build/square/dagger/core/target/apidocs/dagger/class-use/ObjectGraph.html...
Generating /home/travis/build/square/dagger/core/target/apidocs/dagger/class-use/Module.html...
Generating /home/travis/build/square/dagger/core/target/apidocs/dagger/class-use/MembersInjector.html...
Generating /home/travis/build/square/dagger/core/target/apidocs/dagger/class-use/Lazy.html...
Generating /home/travis/build/square/dagger/core/target/apidocs/dagger/package-use.html...
Building index for all the packages and classes...
Generating /home/travis/build/square/dagger/core/target/apidocs/overview-tree.html...
Generating /home/travis/build/square/dagger/core/target/apidocs/index-all.html...
Generating /home/travis/build/square/dagger/core/target/apidocs/deprecated-list.html...
Building index for all classes...
Generating /home/travis/build/square/dagger/core/target/apidocs/allclasses-frame.html...
Generating /home/travis/build/square/dagger/core/target/apidocs/allclasses-noframe.html...
Generating /home/travis/build/square/dagger/core/target/apidocs/index.html...
Generating /home/travis/build/square/dagger/core/target/apidocs/help-doc.html...
[INFO] Building jar: /home/travis/build/square/dagger/core/target/dagger-1.2.3-SNAPSHOT-javadoc.jar
[INFO] 
[INFO] --- maven-enforcer-plugin:1.0:enforce (enforce-maven) @ dagger ---
[INFO] 
[INFO] --- maven-resources-plugin:2.6:resources (default-resources) @ dagger ---
[INFO] Using 'UTF-8' encoding to copy filtered resources.
[INFO] skip non existing resourceDirectory /home/travis/build/square/dagger/core/src/main/resources
[INFO] 
[INFO] --- maven-compiler-plugin:3.1:compile (default-compile) @ dagger ---
[INFO] Changes detected - recompiling the module!
[INFO] Compiling 23 source files to /home/travis/build/square/dagger/core/target/classes
[WARNING] bootstrap class path not set in conjunction with -source 1.6
[WARNING] /home/travis/build/square/dagger/core/src/main/java/dagger/internal/Binding.java:[155,17] serializable class dagger.internal.Binding.InvalidBindingException has no definition of serialVersionUID
[WARNING] /home/travis/build/square/dagger/core/src/main/java/dagger/internal/ProblemDetector.java:[33,10] found raw type: dagger.internal.Binding
  missing type arguments for generic class dagger.internal.Binding<T>
[WARNING] /home/travis/build/square/dagger/core/src/main/java/dagger/internal/ProblemDetector.java:[33,50] found raw type: dagger.internal.Binding
  missing type arguments for generic class dagger.internal.Binding<T>
[WARNING] /home/travis/build/square/dagger/core/src/main/java/dagger/internal/ArrayQueue.java:[530,58] unchecked cast
  required: T[]
  found:    java.lang.Object
[WARNING] /home/travis/build/square/dagger/core/src/main/java/dagger/internal/ArrayQueue.java:[554,63] unchecked cast
  required: dagger.internal.ArrayQueue<E>
  found:    java.lang.Object
[WARNING] /home/travis/build/square/dagger/core/src/main/java/dagger/internal/ArrayQueue.java:[555,54] unchecked cast
  required: E[]
  found:    java.lang.Object
[WARNING] /home/travis/build/square/dagger/core/src/main/java/dagger/ObjectGraph.java:[163,90] unchecked cast
  required: dagger.internal.ModuleAdapter<java.lang.Object>
  found:    dagger.internal.ModuleAdapter<capture#1 of ?>
[INFO] 
[INFO] --- maven-checkstyle-plugin:2.10:checkstyle (default) @ dagger ---
[INFO] Starting audit...
Audit done.

[WARNING] Unable to locate Source XRef to link to - DISABLED
[INFO] 
[INFO] --- animal-sniffer-maven-plugin:1.8:check (sniff-api) @ dagger ---
[INFO] Checking unresolved references to org.codehaus.mojo.signature:java15:1.0
[INFO] 
[INFO] --- maven-resources-plugin:2.6:testResources (default-testResources) @ dagger ---
[INFO] Not copying test resources
[INFO] 
[INFO] --- maven-compiler-plugin:3.1:testCompile (default-testCompile) @ dagger ---
[INFO] Not compiling test sources
[INFO] 
[INFO] --- maven-surefire-plugin:2.12.4:test (default-test) @ dagger ---
[INFO] Tests are skipped.
[INFO] 
[INFO] --- maven-jar-plugin:2.4:jar (default-jar) @ dagger ---
[INFO] Building jar: /home/travis/build/square/dagger/core/target/dagger-1.2.3-SNAPSHOT.jar
[INFO] 
[INFO] --- maven-jar-plugin:2.4:test-jar (default) @ dagger ---
[INFO] Skipping packaging of the test-jar
[INFO] 
[INFO] --- maven-install-plugin:2.4:install (default-install) @ dagger ---
[INFO] Installing /home/travis/build/square/dagger/core/target/dagger-1.2.3-SNAPSHOT.jar to /home/travis/.m2/repository/com/squareup/dagger/dagger/1.2.3-SNAPSHOT/dagger-1.2.3-SNAPSHOT.jar
[INFO] Installing /home/travis/build/square/dagger/core/pom.xml to /home/travis/.m2/repository/com/squareup/dagger/dagger/1.2.3-SNAPSHOT/dagger-1.2.3-SNAPSHOT.pom
[INFO] Installing /home/travis/build/square/dagger/core/target/dagger-1.2.3-SNAPSHOT-sources.jar to /home/travis/.m2/repository/com/squareup/dagger/dagger/1.2.3-SNAPSHOT/dagger-1.2.3-SNAPSHOT-sources.jar
[INFO] Installing /home/travis/build/square/dagger/core/target/dagger-1.2.3-SNAPSHOT-javadoc.jar to /home/travis/.m2/repository/com/squareup/dagger/dagger/1.2.3-SNAPSHOT/dagger-1.2.3-SNAPSHOT-javadoc.jar
[INFO] 
[INFO] --- maven-deploy-plugin:2.7:deploy (default-deploy) @ dagger ---
Downloading: https://oss.sonatype.org/content/repositories/snapshots/com/squareup/dagger/dagger/1.2.3-SNAPSHOT/maven-metadata.xml
2/2 KB               Downloaded: https://oss.sonatype.org/content/repositories/snapshots/com/squareup/dagger/dagger/1.2.3-SNAPSHOT/maven-metadata.xml (2 KB at 34.7 KB/sec)
Uploading: https://oss.sonatype.org/content/repositories/snapshots/com/squareup/dagger/dagger/1.2.3-SNAPSHOT/dagger-1.2.3-20151226.183323-13.jar
2/56 KB   4/56 KB   6/56 KB   8/56 KB   10/56 KB   12/56 KB   14/56 KB   16/56 KB   18/56 KB   20/56 KB   22/56 KB   24/56 KB   26/56 KB   28/56 KB   30/56 KB   32/56 KB   34/56 KB   36/56 KB   38/56 KB   40/56 KB   42/56 KB   44/56 KB   46/56 KB   48/56 KB   50/56 KB   52/56 KB   54/56 KB   56/56 KB              Uploaded: https://oss.sonatype.org/content/repositories/snapshots/com/squareup/dagger/dagger/1.2.3-SNAPSHOT/dagger-1.2.3-20151226.183323-13.jar (56 KB at 463.3 KB/sec)
Uploading: https://oss.sonatype.org/content/repositories/snapshots/com/squareup/dagger/dagger/1.2.3-SNAPSHOT/dagger-1.2.3-20151226.183323-13.pom
2/3 KB     3/3 KB            Uploaded: https://oss.sonatype.org/content/repositories/snapshots/com/squareup/dagger/dagger/1.2.3-SNAPSHOT/dagger-1.2.3-20151226.183323-13.pom (3 KB at 21.8 KB/sec)
Downloading: https://oss.sonatype.org/content/repositories/snapshots/com/squareup/dagger/dagger/maven-metadata.xml
383/383 B               Downloaded: https://oss.sonatype.org/content/repositories/snapshots/com/squareup/dagger/dagger/maven-metadata.xml (383 B at 7.5 KB/sec)
Uploading: https://oss.sonatype.org/content/repositories/snapshots/com/squareup/dagger/dagger/1.2.3-SNAPSHOT/maven-metadata.xml
2/2 KB               Uploaded: https://oss.sonatype.org/content/repositories/snapshots/com/squareup/dagger/dagger/1.2.3-SNAPSHOT/maven-metadata.xml (2 KB at 9.8 KB/sec)
Uploading: https://oss.sonatype.org/content/repositories/snapshots/com/squareup/dagger/dagger/maven-metadata.xml
383/383 B               Uploaded: https://oss.sonatype.org/content/repositories/snapshots/com/squareup/dagger/dagger/maven-metadata.xml (383 B at 2.5 KB/sec)
Uploading: https://oss.sonatype.org/content/repositories/snapshots/com/squareup/dagger/dagger/1.2.3-SNAPSHOT/dagger-1.2.3-20151226.183323-13-sources.jar
2/44 KB     4/44 KB   6/44 KB   8/44 KB   10/44 KB   12/44 KB   14/44 KB   16/44 KB   18/44 KB   20/44 KB   22/44 KB   24/44 KB   26/44 KB   28/44 KB   30/44 KB   32/44 KB   34/44 KB   36/44 KB   38/44 KB   40/44 KB   42/44 KB   44/44 KB              Uploaded: https://oss.sonatype.org/content/repositories/snapshots/com/squareup/dagger/dagger/1.2.3-SNAPSHOT/dagger-1.2.3-20151226.183323-13-sources.jar (44 KB at 364.6 KB/sec)
Uploading: https://oss.sonatype.org/content/repositories/snapshots/com/squareup/dagger/dagger/1.2.3-SNAPSHOT/maven-metadata.xml
2/2 KB              Uploaded: https://oss.sonatype.org/content/repositories/snapshots/com/squareup/dagger/dagger/1.2.3-SNAPSHOT/maven-metadata.xml (2 KB at 10.1 KB/sec)
Uploading: https://oss.sonatype.org/content/repositories/snapshots/com/squareup/dagger/dagger/1.2.3-SNAPSHOT/dagger-1.2.3-20151226.183323-13-javadoc.jar
2/60 KB   4/60 KB   6/60 KB   8/60 KB   10/60 KB   12/60 KB   14/60 KB   16/60 KB   18/60 KB   20/60 KB   22/60 KB   24/60 KB   26/60 KB   28/60 KB   30/60 KB   32/60 KB   34/60 KB   36/60 KB   38/60 KB   40/60 KB   42/60 KB   44/60 KB   46/60 KB   48/60 KB   50/60 KB   52/60 KB   54/60 KB   56/60 KB   58/60 KB   60/60 KB              Uploaded: https://oss.sonatype.org/content/repositories/snapshots/com/squareup/dagger/dagger/1.2.3-SNAPSHOT/dagger-1.2.3-20151226.183323-13-javadoc.jar (60 KB at 494.2 KB/sec)
Uploading: https://oss.sonatype.org/content/repositories/snapshots/com/squareup/dagger/dagger/1.2.3-SNAPSHOT/maven-metadata.xml
2/2 KB              Uploaded: https://oss.sonatype.org/content/repositories/snapshots/com/squareup/dagger/dagger/1.2.3-SNAPSHOT/maven-metadata.xml (2 KB at 10.2 KB/sec)
[INFO]                                                                         
[INFO] ------------------------------------------------------------------------
[INFO] Building Dagger Compiler 1.2.3-SNAPSHOT
[INFO] ------------------------------------------------------------------------
[INFO] 
[INFO] --- maven-clean-plugin:2.5:clean (default-clean) @ dagger-compiler ---
[INFO] Deleting /home/travis/build/square/dagger/compiler/target
[INFO] 
[INFO] >>> maven-source-plugin:2.4:jar (default-cli) > generate-sources @ dagger-compiler >>>
[INFO] 
[INFO] --- maven-enforcer-plugin:1.0:enforce (enforce-maven) @ dagger-compiler ---
[INFO] 
[INFO] <<< maven-source-plugin:2.4:jar (default-cli) < generate-sources @ dagger-compiler <<<
[INFO] 
[INFO] --- maven-source-plugin:2.4:jar (default-cli) @ dagger-compiler ---
[INFO] Building jar: /home/travis/build/square/dagger/compiler/target/dagger-compiler-1.2.3-SNAPSHOT-sources.jar
[INFO] 
[INFO] --- maven-javadoc-plugin:2.10.3:jar (default-cli) @ dagger-compiler ---
[INFO] 
Loading source files for package dagger.internal.codegen...
Constructing Javadoc information...
Standard Doclet version 1.7.0_76
Building tree for all the packages and classes...
Generating /home/travis/build/square/dagger/compiler/target/apidocs/dagger/internal/codegen/AdapterJavadocs.html...
Generating /home/travis/build/square/dagger/compiler/target/apidocs/dagger/internal/codegen/GraphAnalysisLoader.html...
Generating /home/travis/build/square/dagger/compiler/target/apidocs/dagger/internal/codegen/GraphAnalysisProcessor.html...
Generating /home/travis/build/square/dagger/compiler/target/apidocs/dagger/internal/codegen/GraphVisualizer.html...
Generating /home/travis/build/square/dagger/compiler/target/apidocs/dagger/internal/codegen/GraphVizWriter.html...
Generating /home/travis/build/square/dagger/compiler/target/apidocs/dagger/internal/codegen/InjectAdapterProcessor.html...
Generating /home/travis/build/square/dagger/compiler/target/apidocs/dagger/internal/codegen/ModuleAdapterProcessor.html...
Generating /home/travis/build/square/dagger/compiler/target/apidocs/dagger/internal/codegen/ValidationProcessor.html...
Generating /home/travis/build/square/dagger/compiler/target/apidocs/dagger/internal/codegen/package-frame.html...
Generating /home/travis/build/square/dagger/compiler/target/apidocs/dagger/internal/codegen/package-summary.html...
Generating /home/travis/build/square/dagger/compiler/target/apidocs/dagger/internal/codegen/package-tree.html...
Generating /home/travis/build/square/dagger/compiler/target/apidocs/constant-values.html...
Generating /home/travis/build/square/dagger/compiler/target/apidocs/dagger/internal/codegen/class-use/ValidationProcessor.html...
Generating /home/travis/build/square/dagger/compiler/target/apidocs/dagger/internal/codegen/class-use/ModuleAdapterProcessor.html...
Generating /home/travis/build/square/dagger/compiler/target/apidocs/dagger/internal/codegen/class-use/InjectAdapterProcessor.html...
Generating /home/travis/build/square/dagger/compiler/target/apidocs/dagger/internal/codegen/class-use/GraphVizWriter.html...
Generating /home/travis/build/square/dagger/compiler/target/apidocs/dagger/internal/codegen/class-use/GraphVisualizer.html...
Generating /home/travis/build/square/dagger/compiler/target/apidocs/dagger/internal/codegen/class-use/GraphAnalysisProcessor.html...
Generating /home/travis/build/square/dagger/compiler/target/apidocs/dagger/internal/codegen/class-use/GraphAnalysisLoader.html...
Generating /home/travis/build/square/dagger/compiler/target/apidocs/dagger/internal/codegen/class-use/AdapterJavadocs.html...
Generating /home/travis/build/square/dagger/compiler/target/apidocs/dagger/internal/codegen/package-use.html...
Building index for all the packages and classes...
Generating /home/travis/build/square/dagger/compiler/target/apidocs/overview-tree.html...
Generating /home/travis/build/square/dagger/compiler/target/apidocs/index-all.html...
Generating /home/travis/build/square/dagger/compiler/target/apidocs/deprecated-list.html...
Building index for all classes...
Generating /home/travis/build/square/dagger/compiler/target/apidocs/allclasses-frame.html...
Generating /home/travis/build/square/dagger/compiler/target/apidocs/allclasses-noframe.html...
Generating /home/travis/build/square/dagger/compiler/target/apidocs/index.html...
Generating /home/travis/build/square/dagger/compiler/target/apidocs/help-doc.html...
[INFO] Building jar: /home/travis/build/square/dagger/compiler/target/dagger-compiler-1.2.3-SNAPSHOT-javadoc.jar
[INFO] 
[INFO] --- maven-enforcer-plugin:1.0:enforce (enforce-maven) @ dagger-compiler ---
[INFO] 
[INFO] --- maven-resources-plugin:2.6:resources (default-resources) @ dagger-compiler ---
[INFO] Using 'UTF-8' encoding to copy filtered resources.
[INFO] Copying 1 resource
[INFO] 
[INFO] --- maven-compiler-plugin:3.1:compile (default-compile) @ dagger-compiler ---
[INFO] Changes detected - recompiling the module!
[INFO] Compiling 12 source files to /home/travis/build/square/dagger/compiler/target/classes
[WARNING] bootstrap class path not set in conjunction with -source 1.6
[INFO] 
[INFO] --- maven-checkstyle-plugin:2.10:checkstyle (default) @ dagger-compiler ---
[INFO] Starting audit...
Audit done.

[WARNING] Unable to locate Source XRef to link to - DISABLED
[INFO] 
[INFO] --- maven-resources-plugin:2.6:testResources (default-testResources) @ dagger-compiler ---
[INFO] Not copying test resources
[INFO] 
[INFO] --- maven-compiler-plugin:3.1:testCompile (default-testCompile) @ dagger-compiler ---
[INFO] Not compiling test sources
[INFO] 
[INFO] --- maven-compiler-plugin:3.1:testCompile (default-test-compile) @ dagger-compiler ---
[INFO] Not compiling test sources
[INFO] 
[INFO] --- maven-surefire-plugin:2.12.4:test (default-test) @ dagger-compiler ---
[INFO] Tests are skipped.
[INFO] 
[INFO] --- maven-jar-plugin:2.4:jar (default-jar) @ dagger-compiler ---
[INFO] Building jar: /home/travis/build/square/dagger/compiler/target/dagger-compiler-1.2.3-SNAPSHOT.jar
[INFO] 
[INFO] --- maven-assembly-plugin:2.2-beta-5:single (default) @ dagger-compiler ---
[INFO] META-INF/ already added, skipping
[INFO] META-INF/MANIFEST.MF already added, skipping
[INFO] META-INF/maven/ already added, skipping
[INFO] META-INF/MANIFEST.MF already added, skipping
[INFO] META-INF/ already added, skipping
[INFO] META-INF/maven/ already added, skipping
[INFO] com/ already added, skipping
[INFO] Building jar: /home/travis/build/square/dagger/compiler/target/dagger-compiler-1.2.3-SNAPSHOT-jar-with-dependencies.jar
[INFO] META-INF/ already added, skipping
[INFO] META-INF/MANIFEST.MF already added, skipping
[INFO] META-INF/maven/ already added, skipping
[INFO] META-INF/MANIFEST.MF already added, skipping
[INFO] META-INF/ already added, skipping
[INFO] META-INF/maven/ already added, skipping
[INFO] com/ already added, skipping
[INFO] 
[INFO] --- maven-invoker-plugin:1.7:install (integration-test) @ dagger-compiler ---
[INFO] Installing /home/travis/build/square/dagger/core/pom.xml to /home/travis/build/square/dagger/compiler/target/local-repo/com/squareup/dagger/dagger/1.2.3-SNAPSHOT/dagger-1.2.3-SNAPSHOT.pom
[INFO] Installing /home/travis/build/square/dagger/core/target/dagger-1.2.3-SNAPSHOT.jar to /home/travis/build/square/dagger/compiler/target/local-repo/com/squareup/dagger/dagger/1.2.3-SNAPSHOT/dagger-1.2.3-SNAPSHOT.jar
[INFO] Installing /home/travis/build/square/dagger/core/pom.xml to /home/travis/build/square/dagger/compiler/target/local-repo/com/squareup/dagger/dagger/1.2.3-SNAPSHOT/dagger-1.2.3-SNAPSHOT.pom
[INFO] Installing /home/travis/build/square/dagger/core/target/dagger-1.2.3-SNAPSHOT-sources.jar to /home/travis/build/square/dagger/compiler/target/local-repo/com/squareup/dagger/dagger/1.2.3-SNAPSHOT/dagger-1.2.3-SNAPSHOT-sources.jar
[INFO] Installing /home/travis/build/square/dagger/core/target/dagger-1.2.3-SNAPSHOT-javadoc.jar to /home/travis/build/square/dagger/compiler/target/local-repo/com/squareup/dagger/dagger/1.2.3-SNAPSHOT/dagger-1.2.3-SNAPSHOT-javadoc.jar
[INFO] Installing /home/travis/build/square/dagger/pom.xml to /home/travis/build/square/dagger/compiler/target/local-repo/com/squareup/dagger/dagger-parent/1.2.3-SNAPSHOT/dagger-parent-1.2.3-SNAPSHOT.pom
[INFO] Installing /home/travis/build/square/dagger/compiler/pom.xml to /home/travis/build/square/dagger/compiler/target/local-repo/com/squareup/dagger/dagger-compiler/1.2.3-SNAPSHOT/dagger-compiler-1.2.3-SNAPSHOT.pom
[INFO] Installing /home/travis/build/square/dagger/compiler/target/dagger-compiler-1.2.3-SNAPSHOT.jar to /home/travis/build/square/dagger/compiler/target/local-repo/com/squareup/dagger/dagger-compiler/1.2.3-SNAPSHOT/dagger-compiler-1.2.3-SNAPSHOT.jar
[INFO] Installing /home/travis/build/square/dagger/compiler/target/dagger-compiler-1.2.3-SNAPSHOT-sources.jar to /home/travis/build/square/dagger/compiler/target/local-repo/com/squareup/dagger/dagger-compiler/1.2.3-SNAPSHOT/dagger-compiler-1.2.3-SNAPSHOT-sources.jar
[INFO] Installing /home/travis/build/square/dagger/compiler/target/dagger-compiler-1.2.3-SNAPSHOT-javadoc.jar to /home/travis/build/square/dagger/compiler/target/local-repo/com/squareup/dagger/dagger-compiler/1.2.3-SNAPSHOT/dagger-compiler-1.2.3-SNAPSHOT-javadoc.jar
[INFO] Installing /home/travis/build/square/dagger/compiler/target/dagger-compiler-1.2.3-SNAPSHOT-jar-with-dependencies.jar to /home/travis/build/square/dagger/compiler/target/local-repo/com/squareup/dagger/dagger-compiler/1.2.3-SNAPSHOT/dagger-compiler-1.2.3-SNAPSHOT-jar-with-dependencies.jar
[INFO] 
[INFO] --- maven-invoker-plugin:1.7:run (integration-test) @ dagger-compiler ---
[INFO] Building: default-package-injected-type/pom.xml
[INFO] ..SUCCESS (9.3 s)
[INFO] Building: extension-graph-setvalues/pom.xml
[INFO] ..SUCCESS (3.8 s)
[INFO] Building: extension-graph/pom.xml
[INFO] ..SUCCESS (3.7 s)
[INFO] Building: final-field-inject/pom.xml
[INFO] run script verify.bsh
[INFO] ..FAILED (3.1 s)
[INFO]   The post-build script did not succeed. Sourced file: inline evaluation of: ``import dagger.testing.it.BuildLogValidator; import java.io.File;  File buildLog  . . . '' : Unknown class: BuildLogValidator
[INFO] Building: include-non-module/pom.xml
[INFO] ..SUCCESS (3.0 s)
[INFO] Building: inject-on-class/pom.xml
[INFO] run script verify.bsh
[INFO] ..FAILED (3.0 s)
[INFO]   The post-build script did not succeed. Sourced file: inline evaluation of: ``import dagger.testing.it.BuildLogValidator; import java.io.File;  File buildLog  . . . '' : Unknown class: BuildLogValidator
[INFO] Building: inject-parameterized-type/pom.xml
[INFO] ..SUCCESS (3.6 s)
[INFO] Building: inner-classes-complaint-injection/pom.xml
[INFO] run script verify.bsh
[INFO] ..FAILED (3.0 s)
[INFO]   The post-build script did not succeed. Sourced file: inline evaluation of: ``import dagger.testing.it.BuildLogValidator; import java.io.File;  File buildLog  . . . '' : Unknown class: BuildLogValidator
[INFO] Building: method-injection/pom.xml
[INFO] run script verify.bsh
[INFO] ..FAILED (3.1 s)
[INFO]   The post-build script did not succeed. Sourced file: inline evaluation of: ``import dagger.testing.it.BuildLogValidator; import java.io.File;  File buildLog  . . . '' : Unknown class: BuildLogValidator
[INFO] Building: missing-at-inject-constructor/pom.xml
[INFO] run script verify.bsh
[INFO] ..FAILED (3.2 s)
[INFO]   The post-build script did not succeed. Sourced file: inline evaluation of: ``import dagger.testing.it.BuildLogValidator; import java.io.File;  File buildLog  . . . '' : Unknown class: BuildLogValidator
[INFO] Building: module-type-validation/pom.xml
[INFO] run script verify.bsh
[INFO] ..FAILED (3.3 s)
[INFO]   The post-build script did not succeed. Sourced file: inline evaluation of: ``import dagger.testing.it.BuildLogValidator; import java.io.File;  File buildLog  . . . '' : Unknown class: BuildLogValidator
[INFO] Building: multiple-modules-setvalues/pom.xml
[INFO] ..SUCCESS (3.7 s)
[INFO] Building: multiple-provides-methods/pom.xml
[INFO] run script verify.bsh
[INFO] ..SUCCESS (3.7 s)
[INFO] Building: multiple-qualifiers/pom.xml
[INFO] run script verify.bsh
[INFO] ..FAILED (3.1 s)
[INFO]   The post-build script did not succeed. Sourced file: inline evaluation of: ``import dagger.testing.it.BuildLogValidator; import java.io.File;  File buildLog  . . . '' : Unknown class: BuildLogValidator
[INFO] Building: private-inject/pom.xml
[INFO] run script verify.bsh
[INFO] ..FAILED (3.1 s)
[INFO]   The post-build script did not succeed. Sourced file: inline evaluation of: ``import dagger.testing.it.BuildLogValidator; import java.io.File;  File buildLog  . . . '' : Unknown class: BuildLogValidator
[INFO] Building: provide-provider-or-lazy/pom.xml
[INFO] run script verify.bsh
[INFO] ..FAILED (3.1 s)
[INFO]   The post-build script did not succeed. Sourced file: inline evaluation of: ``import dagger.testing.it.BuildLogValidator; import java.io.File;  File buildLog  . . . '' : Unknown class: BuildLogValidator
[INFO] Building: provides-method-not-in-module/pom.xml
[INFO] run script verify.bsh
[INFO] ..FAILED (3.5 s)
[INFO]   The post-build script did not succeed. Sourced file: inline evaluation of: ``import dagger.testing.it.BuildLogValidator; import java.io.File;  File buildLog  . . . '' : Unknown class: BuildLogValidator
[INFO] Building: provides-method-with-throws-clause/pom.xml
[INFO] run script verify.bsh
[INFO] ..FAILED (4.0 s)
[INFO]   The post-build script did not succeed. Sourced file: inline evaluation of: ``import dagger.testing.it.BuildLogValidator; import java.io.File;  File buildLog  . . . '' : Unknown class: BuildLogValidator
[INFO] Building: qualifiers-on-invalid-elements-errors/pom.xml
[INFO] run script verify.bsh
[INFO] ..FAILED (3.1 s)
[INFO]   The post-build script did not succeed. Sourced file: inline evaluation of: ``import dagger.testing.it.BuildLogValidator; import java.io.File;  File buildLog  . . . '' : Unknown class: BuildLogValidator
[INFO] Building: qualifiers-on-invalid-elements-warnings/pom.xml
[INFO] run script verify.bsh
[INFO] ..FAILED (3.9 s)
[INFO]   The post-build script did not succeed. Sourced file: inline evaluation of: ``import dagger.testing.it.BuildLogValidator; import java.io.File;  File buildLog  . . . '' : Unknown class: BuildLogValidator
[INFO] Building: same-provides-method-name/pom.xml
[INFO] ..SUCCESS (4.1 s)
[INFO] Building: uninjectable-supertype/pom.xml
[INFO] ..SUCCESS (4.1 s)
[INFO] Building: valid-use-of-qualifiers/pom.xml
[INFO] ..SUCCESS (4.7 s)
[INFO] -------------------------------------------------
[INFO] Build Summary:
[INFO]   Passed: 10, Failed: 13, Errors: 0, Skipped: 0
[INFO] -------------------------------------------------
[ERROR] The following builds failed:
[ERROR] *  final-field-inject/pom.xml
[ERROR] *  inject-on-class/pom.xml
[ERROR] *  inner-classes-complaint-injection/pom.xml
[ERROR] *  method-injection/pom.xml
[ERROR] *  missing-at-inject-constructor/pom.xml
[ERROR] *  module-type-validation/pom.xml
[ERROR] *  multiple-qualifiers/pom.xml
[ERROR] *  private-inject/pom.xml
[ERROR] *  provide-provider-or-lazy/pom.xml
[ERROR] *  provides-method-not-in-module/pom.xml
[ERROR] *  provides-method-with-throws-clause/pom.xml
[ERROR] *  qualifiers-on-invalid-elements-errors/pom.xml
[ERROR] *  qualifiers-on-invalid-elements-warnings/pom.xml
[INFO] -------------------------------------------------
[INFO] ------------------------------------------------------------------------
[INFO] Reactor Summary:
[INFO] 
[INFO] Dagger (Parent) .................................... SUCCESS [  4.904 s]
[INFO] Dagger ............................................. SUCCESS [  6.886 s]
[INFO] Dagger Compiler .................................... FAILURE [01:31 min]
[INFO] Examples ........................................... SKIPPED
[INFO] Examples: Simple ................................... SKIPPED
[INFO] Examples: Android - Simple ......................... SKIPPED
[INFO] Examples: Android - Activity Graphs ................ SKIPPED
[INFO] ------------------------------------------------------------------------
[INFO] BUILD FAILURE
[INFO] ------------------------------------------------------------------------
[INFO] Total time: 01:46 min
[INFO] Finished at: 2015-12-26T18:34:56+00:00
[INFO] Final Memory: 43M/446M
[INFO] ------------------------------------------------------------------------
[ERROR] Failed to execute goal org.apache.maven.plugins:maven-invoker-plugin:1.7:run (integration-test) on project dagger-compiler: 13 builds failed. See console output above for details. -> [Help 1]
[ERROR] 
[ERROR] To see the full stack trace of the errors, re-run Maven with the -e switch.
[ERROR] Re-run Maven using the -X switch to enable full debug logging.
[ERROR] 
[ERROR] For more information about the errors and possible solutions, please read the following articles:
[ERROR] [Help 1] http://cwiki.apache.org/confluence/display/MAVEN/MojoFailureException
[ERROR] 
[ERROR] After correcting the problems, you can resume the build with the command
[ERROR]   mvn <goals> -rf :dagger-compiler
travis_time:end:0025f0c8:start=1451154788722377760,finish=1451154896553397477,duration=107831019717[0Ktravis_fold:end:after_success[0K
Done. Your build exited with 0.
