Using worker: worker-linux-docker-95b0d86c.prod.travis-ci.org:travis-linux-4

travis_fold:start:system_info[0K[33;1mBuild system information[0m
Build language: android
Build group: stable
Build dist: precise
[34m[1mBuild image provisioning date and time[0m
Thu Feb  5 15:09:33 UTC 2015
[34m[1mOperating System Details[0m
Distributor ID:	Ubuntu
Description:	Ubuntu 12.04.5 LTS
Release:	12.04
Codename:	precise
[34m[1mLinux Version[0m
3.13.0-29-generic
[34m[1mCookbooks Version[0m
a68419e https://github.com/travis-ci/travis-cookbooks/tree/a68419e
[34m[1mGCC version[0m
gcc (Ubuntu/Linaro 4.6.3-1ubuntu5) 4.6.3
Copyright (C) 2011 Free Software Foundation, Inc.
This is free software; see the source for copying conditions.  There is NO
warranty; not even for MERCHANTABILITY or FITNESS FOR A PARTICULAR PURPOSE.

[34m[1mLLVM version[0m
clang version 3.4 (tags/RELEASE_34/final)
Target: x86_64-unknown-linux-gnu
Thread model: posix
[34m[1mPre-installed Ruby versions[0m
ruby-1.9.3-p551
[34m[1mPre-installed Node.js versions[0m
v0.10.36
[34m[1mPre-installed Go versions[0m
1.4.1
[34m[1mRedis version[0m
redis-server 2.8.19
[34m[1mriak version[0m
2.0.2
[34m[1mMongoDB version[0m
MongoDB 2.4.12
[34m[1mCouchDB version[0m
couchdb 1.6.1
[34m[1mNeo4j version[0m
1.9.4
[34m[1mRabbitMQ Version[0m
3.4.3
[34m[1mElasticSearch version[0m
1.4.0
[34m[1mInstalled Sphinx versions[0m
2.0.10
2.1.9
2.2.6
[34m[1mDefault Sphinx version[0m
2.2.6
[34m[1mInstalled Firefox version[0m
firefox 31.0esr
[34m[1mPhantomJS version[0m
1.9.8
[34m[1mant -version[0m
Apache Ant(TM) version 1.8.2 compiled on December 3 2011
[34m[1mmvn -version[0m
Apache Maven 3.2.5 (12a6b3acb947671f09b81f49094c53f426d8cea1; 2014-12-14T17:29:23+00:00)
Maven home: /usr/local/maven
Java version: 1.7.0_76, vendor: Oracle Corporation
Java home: /usr/lib/jvm/java-7-oracle/jre
Default locale: en_US, platform encoding: ANSI_X3.4-1968
OS name: "linux", version: "3.13.0-29-generic", arch: "amd64", family: "unix"
travis_fold:end:system_info[0K
travis_fold:start:git.checkout[0Ktravis_time:start:19b7af64[0K$ git clone --depth=50 --branch=master https://github.com/square/dagger.git square/dagger
Cloning into 'square/dagger'...
remote: Counting objects: 1063, done.[K
remote: Compressing objects:   0% (1/604)   [Kremote: Compressing objects:   1% (7/604)   [Kremote: Compressing objects:   2% (13/604)   [Kremote: Compressing objects:   3% (19/604)   [Kremote: Compressing objects:   4% (25/604)   [Kremote: Compressing objects:   5% (31/604)   [Kremote: Compressing objects:   6% (37/604)   [Kremote: Compressing objects:   7% (43/604)   [Kremote: Compressing objects:   8% (49/604)   [Kremote: Compressing objects:   9% (55/604)   [Kremote: Compressing objects:  10% (61/604)   [Kremote: Compressing objects:  11% (67/604)   [Kremote: Compressing objects:  12% (73/604)   [Kremote: Compressing objects:  13% (79/604)   [Kremote: Compressing objects:  14% (85/604)   [Kremote: Compressing objects:  15% (91/604)   [Kremote: Compressing objects:  16% (97/604)   [Kremote: Compressing objects:  17% (103/604)   [Kremote: Compressing objects:  18% (109/604)   [Kremote: Compressing objects:  19% (115/604)   [Kremote: Compressing objects:  20% (121/604)   [Kremote: Compressing objects:  21% (127/604)   [Kremote: Compressing objects:  22% (133/604)   [Kremote: Compressing objects:  23% (139/604)   [Kremote: Compressing objects:  24% (145/604)   [Kremote: Compressing objects:  25% (151/604)   [Kremote: Compressing objects:  26% (158/604)   [Kremote: Compressing objects:  27% (164/604)   [Kremote: Compressing objects:  28% (170/604)   [Kremote: Compressing objects:  29% (176/604)   [Kremote: Compressing objects:  30% (182/604)   [Kremote: Compressing objects:  31% (188/604)   [Kremote: Compressing objects:  32% (194/604)   [Kremote: Compressing objects:  33% (200/604)   [Kremote: Compressing objects:  34% (206/604)   [Kremote: Compressing objects:  35% (212/604)   [Kremote: Compressing objects:  36% (218/604)   [Kremote: Compressing objects:  37% (224/604)   [Kremote: Compressing objects:  38% (230/604)   [Kremote: Compressing objects:  39% (236/604)   [Kremote: Compressing objects:  40% (242/604)   [Kremote: Compressing objects:  41% (248/604)   [Kremote: Compressing objects:  42% (254/604)   [Kremote: Compressing objects:  43% (260/604)   [Kremote: Compressing objects:  44% (266/604)   [Kremote: Compressing objects:  45% (272/604)   [Kremote: Compressing objects:  46% (278/604)   [Kremote: Compressing objects:  47% (284/604)   [Kremote: Compressing objects:  48% (290/604)   [Kremote: Compressing objects:  49% (296/604)   [Kremote: Compressing objects:  50% (302/604)   [Kremote: Compressing objects:  51% (309/604)   [Kremote: Compressing objects:  52% (315/604)   [Kremote: Compressing objects:  53% (321/604)   [Kremote: Compressing objects:  54% (327/604)   [Kremote: Compressing objects:  55% (333/604)   [Kremote: Compressing objects:  56% (339/604)   [Kremote: Compressing objects:  57% (345/604)   [Kremote: Compressing objects:  58% (351/604)   [Kremote: Compressing objects:  59% (357/604)   [Kremote: Compressing objects:  60% (363/604)   [Kremote: Compressing objects:  61% (369/604)   [Kremote: Compressing objects:  62% (375/604)   [Kremote: Compressing objects:  63% (381/604)   [Kremote: Compressing objects:  64% (387/604)   [Kremote: Compressing objects:  65% (393/604)   [Kremote: Compressing objects:  66% (399/604)   [Kremote: Compressing objects:  67% (405/604)   [Kremote: Compressing objects:  68% (411/604)   [Kremote: Compressing objects:  69% (417/604)   [Kremote: Compressing objects:  70% (423/604)   [Kremote: Compressing objects:  71% (429/604)   [Kremote: Compressing objects:  72% (435/604)   [Kremote: Compressing objects:  73% (441/604)   [Kremote: Compressing objects:  74% (447/604)   [Kremote: Compressing objects:  75% (453/604)   [Kremote: Compressing objects:  76% (460/604)   [Kremote: Compressing objects:  77% (466/604)   [Kremote: Compressing objects:  78% (472/604)   [Kremote: Compressing objects:  79% (478/604)   [Kremote: Compressing objects:  80% (484/604)   [Kremote: Compressing objects:  81% (490/604)   [Kremote: Compressing objects:  82% (496/604)   [Kremote: Compressing objects:  83% (502/604)   [Kremote: Compressing objects:  84% (508/604)   [Kremote: Compressing objects:  85% (514/604)   [Kremote: Compressing objects:  86% (520/604)   [Kremote: Compressing objects:  87% (526/604)   [Kremote: Compressing objects:  88% (532/604)   [Kremote: Compressing objects:  89% (538/604)   [Kremote: Compressing objects:  90% (544/604)   [Kremote: Compressing objects:  91% (550/604)   [Kremote: Compressing objects:  92% (556/604)   [Kremote: Compressing objects:  93% (562/604)   [Kremote: Compressing objects:  94% (568/604)   [Kremote: Compressing objects:  95% (574/604)   [Kremote: Compressing objects:  96% (580/604)   [Kremote: Compressing objects:  97% (586/604)   [Kremote: Compressing objects:  98% (592/604)   [Kremote: Compressing objects:  99% (598/604)   [Kremote: Compressing objects: 100% (604/604)   [Kremote: Compressing objects: 100% (604/604), done.[K
Receiving objects:   0% (1/1063)   Receiving objects:   1% (11/1063)   Receiving objects:   2% (22/1063)   Receiving objects:   3% (32/1063)   Receiving objects:   4% (43/1063)   Receiving objects:   5% (54/1063)   Receiving objects:   6% (64/1063)   Receiving objects:   7% (75/1063)   Receiving objects:   8% (86/1063)   Receiving objects:   9% (96/1063)   Receiving objects:  10% (107/1063)   Receiving objects:  11% (117/1063)   Receiving objects:  12% (128/1063)   Receiving objects:  13% (139/1063)   Receiving objects:  14% (149/1063)   Receiving objects:  15% (160/1063)   Receiving objects:  16% (171/1063)   Receiving objects:  17% (181/1063)   Receiving objects:  18% (192/1063)   Receiving objects:  19% (202/1063)   Receiving objects:  20% (213/1063)   Receiving objects:  21% (224/1063)   Receiving objects:  22% (234/1063)   Receiving objects:  23% (245/1063)   Receiving objects:  24% (256/1063)   Receiving objects:  25% (266/1063)   Receiving objects:  26% (277/1063)   Receiving objects:  27% (288/1063)   Receiving objects:  28% (298/1063)   Receiving objects:  29% (309/1063)   Receiving objects:  30% (319/1063)   Receiving objects:  31% (330/1063)   Receiving objects:  32% (341/1063)   Receiving objects:  33% (351/1063)   Receiving objects:  34% (362/1063)   Receiving objects:  35% (373/1063)   Receiving objects:  36% (383/1063)   Receiving objects:  37% (394/1063)   Receiving objects:  38% (404/1063)   Receiving objects:  39% (415/1063)   Receiving objects:  40% (426/1063)   Receiving objects:  41% (436/1063)   Receiving objects:  42% (447/1063)   Receiving objects:  43% (458/1063)   Receiving objects:  44% (468/1063)   Receiving objects:  45% (479/1063)   Receiving objects:  46% (489/1063)   Receiving objects:  47% (500/1063)   Receiving objects:  48% (511/1063)   Receiving objects:  49% (521/1063)   Receiving objects:  50% (532/1063)   Receiving objects:  51% (543/1063)   Receiving objects:  52% (553/1063)   Receiving objects:  53% (564/1063)   Receiving objects:  54% (575/1063)   Receiving objects:  55% (585/1063)   Receiving objects:  56% (596/1063)   Receiving objects:  57% (606/1063)   Receiving objects:  58% (617/1063)   Receiving objects:  59% (628/1063)   Receiving objects:  60% (638/1063)   Receiving objects:  61% (649/1063)   Receiving objects:  62% (660/1063)   Receiving objects:  63% (670/1063)   Receiving objects:  64% (681/1063)   Receiving objects:  65% (691/1063)   Receiving objects:  66% (702/1063)   Receiving objects:  67% (713/1063)   Receiving objects:  68% (723/1063)   Receiving objects:  69% (734/1063)   Receiving objects:  70% (745/1063)   Receiving objects:  71% (755/1063)   Receiving objects:  72% (766/1063)   Receiving objects:  73% (776/1063)   Receiving objects:  74% (787/1063)   Receiving objects:  75% (798/1063)   Receiving objects:  76% (808/1063)   Receiving objects:  77% (819/1063)   Receiving objects:  78% (830/1063)   Receiving objects:  79% (840/1063)   Receiving objects:  80% (851/1063)   Receiving objects:  81% (862/1063)   Receiving objects:  82% (872/1063)   remote: Total 1063 (delta 380), reused 849 (delta 195), pack-reused 0[K
Receiving objects:  83% (883/1063)   Receiving objects:  84% (893/1063)   Receiving objects:  85% (904/1063)   Receiving objects:  86% (915/1063)   Receiving objects:  87% (925/1063)   Receiving objects:  88% (936/1063)   Receiving objects:  89% (947/1063)   Receiving objects:  90% (957/1063)   Receiving objects:  91% (968/1063)   Receiving objects:  92% (978/1063)   Receiving objects:  93% (989/1063)   Receiving objects:  94% (1000/1063)   Receiving objects:  95% (1010/1063)   Receiving objects:  96% (1021/1063)   Receiving objects:  97% (1032/1063)   Receiving objects:  98% (1042/1063)   Receiving objects:  99% (1053/1063)   Receiving objects: 100% (1063/1063)   Receiving objects: 100% (1063/1063), 300.32 KiB | 0 bytes/s, done.
Resolving deltas:   0% (0/380)   Resolving deltas:   5% (21/380)   Resolving deltas:   6% (24/380)   Resolving deltas:   7% (28/380)   Resolving deltas:   8% (33/380)   Resolving deltas:  15% (59/380)   Resolving deltas:  18% (69/380)   Resolving deltas:  21% (80/380)   Resolving deltas:  24% (92/380)   Resolving deltas:  25% (95/380)   Resolving deltas:  28% (109/380)   Resolving deltas:  29% (112/380)   Resolving deltas:  32% (123/380)   Resolving deltas:  34% (131/380)   Resolving deltas:  35% (136/380)   Resolving deltas:  36% (139/380)   Resolving deltas:  37% (143/380)   Resolving deltas:  41% (157/380)   Resolving deltas:  42% (161/380)   Resolving deltas:  43% (165/380)   Resolving deltas:  45% (172/380)   Resolving deltas:  47% (179/380)   Resolving deltas:  48% (185/380)   Resolving deltas:  54% (206/380)   Resolving deltas:  55% (211/380)   Resolving deltas:  59% (226/380)   Resolving deltas:  60% (229/380)   Resolving deltas:  64% (244/380)   Resolving deltas:  65% (247/380)   Resolving deltas:  66% (253/380)   Resolving deltas:  67% (255/380)   Resolving deltas:  68% (261/380)   Resolving deltas:  69% (265/380)   Resolving deltas:  70% (266/380)   Resolving deltas:  71% (270/380)   Resolving deltas:  72% (275/380)   Resolving deltas:  73% (278/380)   Resolving deltas:  74% (282/380)   Resolving deltas:  75% (288/380)   Resolving deltas:  76% (290/380)   Resolving deltas:  77% (293/380)   Resolving deltas:  78% (298/380)   Resolving deltas:  79% (301/380)   Resolving deltas:  80% (304/380)   Resolving deltas:  82% (313/380)   Resolving deltas:  84% (320/380)   Resolving deltas:  86% (328/380)   Resolving deltas:  87% (331/380)   Resolving deltas:  88% (335/380)   Resolving deltas:  89% (340/380)   Resolving deltas:  90% (343/380)   Resolving deltas:  93% (357/380)   Resolving deltas:  94% (359/380)   Resolving deltas: 100% (380/380)   Resolving deltas: 100% (380/380), done.
Checking connectivity... done.
travis_time:end:19b7af64:start=1451234063942714661,finish=1451234064934846709,duration=992132048[0K$ cd square/dagger
$ git checkout -qf 1d72d65b3d8546c22960ff184c8343fdc58dc03d
travis_fold:end:git.checkout[0K
[33;1mThis job is running on container-based infrastructure, which does not allow use of 'sudo', setuid and setguid executables.[0m
[33;1mIf you require sudo, add 'sudo: required' to your .travis.yml[0m
[33;1mSee http://docs.travis-ci.com/user/workers/container-based-infrastructure/ for details.[0m

[33;1mSetting environment variables from .travis.yml[0m
$ export CI_DEPLOY_USERNAME=[secure]
$ export CI_DEPLOY_PASSWORD=[secure]

travis_fold:start:cache.1[0KSetting up build cache
$ export CASHER_DIR=$HOME/.casher
travis_time:start:2d8e09a4[0K$ Installing caching utilities
travis_time:end:2d8e09a4:start=1451234071865475578,finish=1451234071943471427,duration=77995849[0Ktravis_time:start:02e59b3d[0Ktravis_time:end:02e59b3d:start=1451234071947888485,finish=1451234071951134684,duration=3246199[0Ktravis_time:start:00689e26[0K[32;1mattempting to download cache archive[0m
[32;1mfetching master/cache--jdk-oraclejdk7.tgz[0m
[32;1mfound cache[0m
travis_time:end:00689e26:start=1451234071954885212,finish=1451234073205387857,duration=1250502645[0Ktravis_time:start:1842fb2e[0Ktravis_time:end:1842fb2e:start=1451234073209188468,finish=1451234073212560947,duration=3372479[0Ktravis_time:start:19444d22[0K[32;1madding /home/travis/.m2 to cache[0m
travis_time:end:19444d22:start=1451234073216070677,finish=1451234074765743820,duration=1549673143[0Ktravis_fold:end:cache.1[0K$ jdk_switcher use oraclejdk7
Switching to Oracle JDK7 (java-7-oracle), JAVA_HOME will be set to /usr/lib/jvm/java-7-oracle
travis_fold:start:android.install[0KInstalling Android dependencies
travis_time:start:02b21044[0K$ android-update-sdk --components=build-tools-20.0.0 --accept-licenses='android-sdk-license-5be876d5'
Installing build-tools-20.0.0
spawn android update sdk --no-ui --all --filter build-tools-20.0.0
Refresh Sources:
  Fetching https://dl-ssl.google.com/android/repository/addons_list-2.xml
  Validate XML
  Parse XML
  Fetched Add-ons List successfully
  Refresh Sources
  Fetching URL: https://dl-ssl.google.com/android/repository/repository-10.xml
  Validate XML: https://dl-ssl.google.com/android/repository/repository-10.xml
  Parse XML:    https://dl-ssl.google.com/android/repository/repository-10.xml
  Fetching URL: https://dl-ssl.google.com/android/repository/addon.xml
  Validate XML: https://dl-ssl.google.com/android/repository/addon.xml
  Parse XML:    https://dl-ssl.google.com/android/repository/addon.xml
  Fetching URL: https://dl-ssl.google.com/android/repository/addon-6.xml
  Validate XML: https://dl-ssl.google.com/android/repository/addon-6.xml
  Parse XML:    https://dl-ssl.google.com/android/repository/addon-6.xml
  Fetching URL: https://dl-ssl.google.com/glass/gdk/addon.xml
  Validate XML: https://dl-ssl.google.com/glass/gdk/addon.xml
  Parse XML:    https://dl-ssl.google.com/glass/gdk/addon.xml
  Fetching URL: https://dl-ssl.google.com/android/repository/extras/intel/addon.xml
  Validate XML: https://dl-ssl.google.com/android/repository/extras/intel/addon.xml
  Parse XML:    https://dl-ssl.google.com/android/repository/extras/intel/addon.xml
  Fetching URL: https://dl-ssl.google.com/android/repository/sys-img/android/sys-img.xml
  Validate XML: https://dl-ssl.google.com/android/repository/sys-img/android/sys-img.xml
  Parse XML:    https://dl-ssl.google.com/android/repository/sys-img/android/sys-img.xml
  Fetching URL: https://dl-ssl.google.com/android/repository/sys-img/android-wear/sys-img.xml
  Validate XML: https://dl-ssl.google.com/android/repository/sys-img/android-wear/sys-img.xml
  Parse XML:    https://dl-ssl.google.com/android/repository/sys-img/android-wear/sys-img.xml
  Fetching URL: https://dl-ssl.google.com/android/repository/sys-img/android-tv/sys-img.xml
  Validate XML: https://dl-ssl.google.com/android/repository/sys-img/android-tv/sys-img.xml
  Parse XML:    https://dl-ssl.google.com/android/repository/sys-img/android-tv/sys-img.xml
  Fetching URL: https://dl-ssl.google.com/android/repository/sys-img/google_apis/sys-img.xml
  Validate XML: https://dl-ssl.google.com/android/repository/sys-img/google_apis/sys-img.xml
  Parse XML:    https://dl-ssl.google.com/android/repository/sys-img/google_apis/sys-img.xml
  Fetching URL: https://dl-ssl.google.com/android/repository/sys-img/x86/addon-x86.xml
  Validate XML: https://dl-ssl.google.com/android/repository/sys-img/x86/addon-x86.xml
  Parse XML:    https://dl-ssl.google.com/android/repository/sys-img/x86/addon-x86.xml
-------------------------------
License id: android-sdk-license-5be876d5
Used by: 
 - Android SDK Build-tools, revision 20
-------------------------------

To get started with the Android SDK, you must agree to the following terms and conditions.

This is the Android SDK License Agreement (the "License Agreement").

1. Introduction

1.1 The Android SDK (referred to in the License Agreement as the "SDK" and specifically including the Android system files, packaged APIs, and SDK library files and tools , if and when they are made available) is licensed to you subject to the terms of the License Agreement. The License Agreement forms a legally binding contract between you and Google in relation to your use of the SDK.

1.2 "Android" means the Android software stack for devices, as made available under the Android Open Source Project, which is located at the following URL: http://source.android.com/, as updated from time to time.

1.3 "Google" means Google Inc., a Delaware corporation with principal place of business at 1600 Amphitheatre Parkway, Mountain View, CA 94043, United States.

2. Accepting the License Agreement

2.1 In order to use the SDK, you must first agree to the License Agreement. You may not use the SDK if you do not accept the License Agreement.

2.2 By clicking to accept and/or using the SDK, you hereby agree to the terms of the License Agreement.

2.3 You may not use the SDK and may not accept the License Agreement if you are a person barred from receiving the SDK under the laws of the United States or other countries including the country in which you are resident or from which you use the SDK.

2.4 If you will use the SDK internally within your company or organization you agree to be bound by the License Agreement on behalf of your employer or other entity, and you represent and warrant that you have full legal authority to bind your employer or such entity to the License Agreement. If you do not have the requisite authority, you may not accept the License Agreement or use the SDK on behalf of your employer or other entity.

3. SDK License from Google

3.1 Subject to the terms of the License Agreement, Google grants you a royalty-free, non-assignable, non-exclusive, non-sublicensable, limited, revocable license to use the SDK, personally or internally within your company or organization, solely to develop and distribute applications to run on the Android platform.

3.2 You agree that Google or third parties own all legal right, title and interest in and to the SDK, including any Intellectual Property Rights that subsist in the SDK. "Intellectual Property Rights" means any and all rights under patent law, copyright law, trade secret law, trademark law, and any and all other proprietary rights. Google reserves all rights not expressly granted to you.

3.3 You may not use the SDK for any purpose not expressly permitted by the License Agreement. Except to the extent required by applicable third party licenses, you may not: (a) copy (except for backup purposes), modify, adapt, redistribute, decompile, reverse engineer, disassemble, or create derivative works of the SDK or any part of the SDK; or (b) load any part of the SDK onto a mobile handset or any other hardware device except a personal computer, combine any part of the SDK with other software, or distribute any software or device incorporating a part of the SDK.

3.4 You agree that you will not take any actions that may cause or result in the fragmentation of Android, including but not limited to distributing, participating in the creation of, or promoting in any way a software development kit derived from the SDK.

3.5 Use, reproduction and distribution of components of the SDK licensed under an open source software license are governed solely by the terms of that open source software license and not the License Agreement. You agree to remain a licensee in good standing in regard to such open source software licenses under all the rights granted and to refrain from any actions that may terminate, suspend, or breach such rights.

3.6 You agree that the form and nature of the SDK that Google provides may change without prior notice to you and that future versions of the SDK may be incompatible with applications developed on previous versions of the SDK. You agree that Google may stop (permanently or temporarily) providing the SDK (or any features within the SDK) to you or to users generally at Google's sole discretion, without prior notice to you.

3.7 Nothing in the License Agreement gives you a right to use any of Google's trade names, trademarks, service marks, logos, domain names, or other distinctive brand features.

3.8 You agree that you will not remove, obscure, or alter any proprietary rights notices (including copyright and trademark notices) that may be affixed to or contained within the SDK.

4. Use of the SDK by You

4.1 Google agrees that nothing in the License Agreement gives Google any right, title or interest from you (or your licensors) under the License Agreement in or to any software applications that you develop using the SDK, including any intellectual property rights that subsist in those applications.

4.2 You agree to use the SDK and write applications only for purposes that are permitted by (a) the License Agreement, and (b) any applicable law, regulation or generally accepted practices or guidelines in the relevant jurisdictions (including any laws regarding the export of data or software to and from the United States or other relevant countries).

4.3 You agree that if you use the SDK to develop applications, you will protect the privacy and legal rights of users. If users provide you with user names, passwords, or other login information or personal information, you must make the users aware that the information will be available to your application, and you must provide legally adequate privacy notice and protection for those users. If your application stores personal or sensitive information provided by users, it must do so securely. If users provide you with Google Account information, your application may only use that information to access the user's Google Account when, and for the limited purposes for which, each user has given you permission to do so.

4.4 You agree that you will not engage in any activity with the SDK, including the development or distribution of an application, that interferes with, disrupts, damages, or accesses in an unauthorized manner the servers, networks, or other properties or services of Google or any third party.

4.5 You agree that you are solely responsible for (and that Google has no responsibility to you or to any third party for) any data, content, or resources that you create, transmit or display through Android and/or applications for Android, and for the consequences of your actions (including any loss or damage which Google may suffer) by doing so.

4.6 You agree that you are solely responsible for (and that Google has no responsibility to you or to any third party for) any breach of your obligations under the License Agreement, any applicable third party contract or Terms of Service, or any applicable law or regulation, and for the consequences (including any loss or damage which Google or any third party may suffer) of any such breach.

5. Your Developer Credentials

5.1 You agree that you are responsible for maintaining the confidentiality of any developer credentials that may be issued to you by Google or which you may choose yourself and that you will be solely responsible for all applications that are developed under your developer credentials.

6. Privacy and Information

6.1 In order to continually innovate and improve the SDK, Google may collect certain usage statistics from the software including but not limited to a unique identifier, associated IP address, version number of the software, and information on which tools and/or services in the SDK are being used and how they are being used. Before any of this information is collected, the SDK will notify you and seek your consent. If you withhold consent, the information will not be collected.

6.2 The data collected is examined in the aggregate to improve the SDK and is maintained in accordance with Google's Privacy Policy located at http://www.google.com/policies/privacy/.

7. Third Party Applications

7.1 If you use the SDK to run applications developed by a third party or that access data, content or resources provided by a third party, you agree that Google is not responsible for those applications, data, content, or resources. You understand that all data, content or resources which you may access through such third party applications are the sole responsibility of the person from which they originated and that Google is not liable for any loss or damage that you may experience as a result of the use or access of any of those third party applications, data, content, or resources.

7.2 You should be aware the data, content, and resources presented to you through such a third party application may be protected by intellectual property rights which are owned by the providers (or by other persons or companies on their behalf). You may not modify, rent, lease, loan, sell, distribute or create derivative works based on these data, content, or resources (either in whole or in part) unless you have been specifically given permission to do so by the relevant owners.

7.3 You acknowledge that your use of such third party applications, data, content, or resources may be subject to separate terms between you and the relevant third party.

8. Using Google APIs

8.1 Google APIs

8.1.1 If you use any API to retrieve data from Google, you acknowledge that the data may be protected by intellectual property rights which are owned by Google or those parties that provide the data (or by other persons or companies on their behalf). Your use of any such API may be subject to additional Terms of Service. You may not modify, rent, lease, loan, sell, distribute or create derivative works based on this data (either in whole or in part) unless allowed by the relevant Terms of Service.

8.1.2 If you use any API to retrieve a user's data from Google, you acknowledge and agree that you shall retrieve data only with the user's explicit consent and only when, and for the limited purposes for which, the user has given you permission to do so.

9. Terminating the License Agreement

9.1 The License Agreement will continue to apply until terminated by either you or Google as set out below.

9.2 If you want to terminate the License Agreement, you may do so by ceasing your use of the SDK and any relevant developer credentials.

9.3 Google may at any time, terminate the License Agreement, with or without cause, upon notice to you.

9.4 The License Agreement will automatically terminate without notice or other action when Google ceases to provide the SDK or certain parts of the SDK to users in the country in which you are resident or from which you use the service.

9.5 When the License Agreement is terminated, the license granted to you in the License Agreement will terminate, you will immediately cease all use of the SDK, and the provisions of paragraphs 10, 11, 12 and 14 shall survive indefinitely.

10. DISCLAIMERS

10.1 YOU EXPRESSLY UNDERSTAND AND AGREE THAT YOUR USE OF THE SDK IS AT YOUR SOLE RISK AND THAT THE SDK IS PROVIDED "AS IS" AND "AS AVAILABLE" WITHOUT WARRANTY OF ANY KIND FROM GOOGLE.

10.2 YOUR USE OF THE SDK AND ANY MATERIAL DOWNLOADED OR OTHERWISE OBTAINED THROUGH THE USE OF THE SDK IS AT YOUR OWN DISCRETION AND RISK AND YOU ARE SOLELY RESPONSIBLE FOR ANY DAMAGE TO YOUR COMPUTER SYSTEM OR OTHER DEVICE OR LOSS OF DATA THAT RESULTS FROM SUCH USE. WITHOUT LIMITING THE FOREGOING, YOU UNDERSTAND THAT THE SDK MAY CONTAIN ERRORS, DEFECTS AND SECURITY VULNERABILITIES THAT CAN RESULT IN SIGNIFICANT DAMAGE, INCLUDING THE COMPLETE, IRRECOVERABLE LOSS OF USE OF YOUR COMPUTER SYSTEM OR OTHER DEVICE.

10.3 GOOGLE FURTHER EXPRESSLY DISCLAIMS ALL WARRANTIES AND CONDITIONS OF ANY KIND, WHETHER EXPRESS OR IMPLIED, INCLUDING, BUT NOT LIMITED TO THE IMPLIED WARRANTIES AND CONDITIONS OF MERCHANTABILITY, FITNESS FOR A PARTICULAR PURPOSE AND NON-INFRINGEMENT.

11. LIMITATION OF LIABILITY

11.1 YOU EXPRESSLY UNDERSTAND AND AGREE THAT GOOGLE, ITS SUBSIDIARIES AND AFFILIATES, AND ITS LICENSORS SHALL NOT BE LIABLE TO YOU UNDER ANY THEORY OF LIABILITY FOR ANY DIRECT, INDIRECT, INCIDENTAL, SPECIAL, CONSEQUENTIAL OR EXEMPLARY DAMAGES THAT MAY BE INCURRED BY YOU, INCLUDING ANY LOSS OF DATA, WHETHER OR NOT GOOGLE OR ITS REPRESENTATIVES HAVE BEEN ADVISED OF OR SHOULD HAVE BEEN AWARE OF THE POSSIBILITY OF ANY SUCH LOSSES ARISING.

12. Indemnification

12.1 To the maximum extent permitted by law, you agree to defend, indemnify and hold harmless Google, its affiliates and their respective directors, officers, employees and agents from and against any and all claims, actions, suits or proceedings, as well as any and all losses, liabilities, damages, costs and expenses (including reasonable attorneysâ€™ fees) arising out of or accruing from (a) your use of the SDK, (b) any application you develop on the SDK that infringes any Intellectual Property Rights of any person or defames any person or violates their rights of publicity or privacy, and (c) any non-compliance by you of the License Agreement.

13. Changes to the License Agreement

13.1 Google may make changes to the License Agreement as it distributes new versions of the SDK. When these changes are made, Google will make a new version of the License Agreement available on the website where the SDK is made available.

14. General Legal Terms

14.1 The License Agreement constitutes the whole legal agreement between you and Google and governs your use of the SDK (excluding any services which Google may provide to you under a separate written agreement), and completely replaces any prior agreements between you and Google in relation to the SDK.

14.2 You agree that if Google does not exercise or enforce any legal right or remedy which is contained in the License Agreement (or which Google has the benefit of under any applicable law), this will not be taken to be a formal waiver of Google's rights and that those rights or remedies will still be available to Google.

14.3 If any court of law, having the jurisdiction to decide on this matter, rules that any provision of the License Agreement is invalid, then that provision will be removed from the License Agreement without affecting the rest of the License Agreement. The remaining provisions of the License Agreement will continue to be valid and enforceable.

14.4 You acknowledge and agree that each member of the group of companies of which Google is the parent shall be third party beneficiaries to the License Agreement and that such other companies shall be entitled to directly enforce, and rely upon, any provision of the License Agreement that confers a benefit on (or rights in favor of) them. Other than this, no other person or company shall be third party beneficiaries to the License Agreement.

14.5 EXPORT RESTRICTIONS. THE SDK IS SUBJECT TO UNITED STATES EXPORT LAWS AND REGULATIONS. YOU MUST COMPLY WITH ALL DOMESTIC AND INTERNATIONAL EXPORT LAWS AND REGULATIONS THAT APPLY TO THE SDK. THESE LAWS INCLUDE RESTRICTIONS ON DESTINATIONS, END USERS AND END USE.

14.6 The License Agreement may not be assigned or transferred by you without the prior written approval of Google, and any attempted assignment without such approval will be void. You shall not delegate your responsibilities or obligations under the License Agreement without the prior written approval of Google.

14.7 The License Agreement, and your relationship with Google under the License Agreement, shall be governed by the laws of the State of California without regard to its conflict of laws provisions. You and Google agree to submit to the exclusive jurisdiction of the courts located within the county of Santa Clara, California to resolve any legal matter arising from the License Agreement. Notwithstanding this, you agree that Google shall still be allowed to apply for injunctive remedies (or an equivalent type of urgent legal relief) in any jurisdiction.

June 2014.
    
Do you accept the license 'android-sdk-license-5be876d5' [y/n]: y

Installing Archives:
  Preparing to install archives
  Downloading Android SDK Build-tools, revision 20
  Installing Android SDK Build-tools, revision 20
  Unzipping Android SDK Build-tools, revision 20 (2%)  Unzipping Android SDK Build-tools, revision 20 (4%)  Unzipping Android SDK Build-tools, revision 20 (5%)  Unzipping Android SDK Build-tools, revision 20 (6%)  Unzipping Android SDK Build-tools, revision 20 (7%)  Unzipping Android SDK Build-tools, revision 20 (8%)  Unzipping Android SDK Build-tools, revision 20 (9%)  Unzipping Android SDK Build-tools, revision 20 (10%)  Unzipping Android SDK Build-tools, revision 20 (11%)  Unzipping Android SDK Build-tools, revision 20 (12%)  Unzipping Android SDK Build-tools, revision 20 (13%)  Unzipping Android SDK Build-tools, revision 20 (18%)  Unzipping Android SDK Build-tools, revision 20 (20%)  Unzipping Android SDK Build-tools, revision 20 (21%)  Unzipping Android SDK Build-tools, revision 20 (22%)  Unzipping Android SDK Build-tools, revision 20 (26%)  Unzipping Android SDK Build-tools, revision 20 (54%)  Unzipping Android SDK Build-tools, revision 20 (60%)  Unzipping Android SDK Build-tools, revision 20 (62%)  Unzipping Android SDK Build-tools, revision 20 (99%)    Installed Android SDK Build-tools, revision 20
  Done. 1 package installed.
travis_time:end:02b21044:start=1451234074775861864,finish=1451234085100344940,duration=10324483076[0Ktravis_time:start:24cbb49c[0K$ android-update-sdk --components=android-16 --accept-licenses='android-sdk-license-5be876d5'
Installing android-16
spawn android update sdk --no-ui --all --filter android-16
Refresh Sources:
  Fetching https://dl-ssl.google.com/android/repository/addons_list-2.xml
  Validate XML
  Parse XML
  Fetched Add-ons List successfully
  Refresh Sources
  Fetching URL: https://dl-ssl.google.com/android/repository/repository-10.xml
  Validate XML: https://dl-ssl.google.com/android/repository/repository-10.xml
  Parse XML:    https://dl-ssl.google.com/android/repository/repository-10.xml
  Fetching URL: https://dl-ssl.google.com/android/repository/addon.xml
  Validate XML: https://dl-ssl.google.com/android/repository/addon.xml
  Parse XML:    https://dl-ssl.google.com/android/repository/addon.xml
  Fetching URL: https://dl-ssl.google.com/android/repository/addon-6.xml
  Validate XML: https://dl-ssl.google.com/android/repository/addon-6.xml
  Parse XML:    https://dl-ssl.google.com/android/repository/addon-6.xml
  Fetching URL: https://dl-ssl.google.com/glass/gdk/addon.xml
  Validate XML: https://dl-ssl.google.com/glass/gdk/addon.xml
  Parse XML:    https://dl-ssl.google.com/glass/gdk/addon.xml
  Fetching URL: https://dl-ssl.google.com/android/repository/extras/intel/addon.xml
  Validate XML: https://dl-ssl.google.com/android/repository/extras/intel/addon.xml
  Parse XML:    https://dl-ssl.google.com/android/repository/extras/intel/addon.xml
  Fetching URL: https://dl-ssl.google.com/android/repository/sys-img/android/sys-img.xml
  Validate XML: https://dl-ssl.google.com/android/repository/sys-img/android/sys-img.xml
  Parse XML:    https://dl-ssl.google.com/android/repository/sys-img/android/sys-img.xml
  Fetching URL: https://dl-ssl.google.com/android/repository/sys-img/android-wear/sys-img.xml
  Validate XML: https://dl-ssl.google.com/android/repository/sys-img/android-wear/sys-img.xml
  Parse XML:    https://dl-ssl.google.com/android/repository/sys-img/android-wear/sys-img.xml
  Fetching URL: https://dl-ssl.google.com/android/repository/sys-img/android-tv/sys-img.xml
  Validate XML: https://dl-ssl.google.com/android/repository/sys-img/android-tv/sys-img.xml
  Parse XML:    https://dl-ssl.google.com/android/repository/sys-img/android-tv/sys-img.xml
  Fetching URL: https://dl-ssl.google.com/android/repository/sys-img/google_apis/sys-img.xml
  Validate XML: https://dl-ssl.google.com/android/repository/sys-img/google_apis/sys-img.xml
  Parse XML:    https://dl-ssl.google.com/android/repository/sys-img/google_apis/sys-img.xml
  Fetching URL: https://dl-ssl.google.com/android/repository/sys-img/x86/addon-x86.xml
  Validate XML: https://dl-ssl.google.com/android/repository/sys-img/x86/addon-x86.xml
  Parse XML:    https://dl-ssl.google.com/android/repository/sys-img/x86/addon-x86.xml
-------------------------------
License id: android-sdk-license-5be876d5
Used by: 
 - SDK Platform Android 4.1.2, API 16, revision 5
-------------------------------

To get started with the Android SDK, you must agree to the following terms and conditions.

This is the Android SDK License Agreement (the "License Agreement").

1. Introduction

1.1 The Android SDK (referred to in the License Agreement as the "SDK" and specifically including the Android system files, packaged APIs, and SDK library files and tools , if and when they are made available) is licensed to you subject to the terms of the License Agreement. The License Agreement forms a legally binding contract between you and Google in relation to your use of the SDK.

1.2 "Android" means the Android software stack for devices, as made available under the Android Open Source Project, which is located at the following URL: http://source.android.com/, as updated from time to time.

1.3 "Google" means Google Inc., a Delaware corporation with principal place of business at 1600 Amphitheatre Parkway, Mountain View, CA 94043, United States.

2. Accepting the License Agreement

2.1 In order to use the SDK, you must first agree to the License Agreement. You may not use the SDK if you do not accept the License Agreement.

2.2 By clicking to accept and/or using the SDK, you hereby agree to the terms of the License Agreement.

2.3 You may not use the SDK and may not accept the License Agreement if you are a person barred from receiving the SDK under the laws of the United States or other countries including the country in which you are resident or from which you use the SDK.

2.4 If you will use the SDK internally within your company or organization you agree to be bound by the License Agreement on behalf of your employer or other entity, and you represent and warrant that you have full legal authority to bind your employer or such entity to the License Agreement. If you do not have the requisite authority, you may not accept the License Agreement or use the SDK on behalf of your employer or other entity.

3. SDK License from Google

3.1 Subject to the terms of the License Agreement, Google grants you a royalty-free, non-assignable, non-exclusive, non-sublicensable, limited, revocable license to use the SDK, personally or internally within your company or organization, solely to develop and distribute applications to run on the Android platform.

3.2 You agree that Google or third parties own all legal right, title and interest in and to the SDK, including any Intellectual Property Rights that subsist in the SDK. "Intellectual Property Rights" means any and all rights under patent law, copyright law, trade secret law, trademark law, and any and all other proprietary rights. Google reserves all rights not expressly granted to you.

3.3 You may not use the SDK for any purpose not expressly permitted by the License Agreement. Except to the extent required by applicable third party licenses, you may not: (a) copy (except for backup purposes), modify, adapt, redistribute, decompile, reverse engineer, disassemble, or create derivative works of the SDK or any part of the SDK; or (b) load any part of the SDK onto a mobile handset or any other hardware device except a personal computer, combine any part of the SDK with other software, or distribute any software or device incorporating a part of the SDK.

3.4 You agree that you will not take any actions that may cause or result in the fragmentation of Android, including but not limited to distributing, participating in the creation of, or promoting in any way a software development kit derived from the SDK.

3.5 Use, reproduction and distribution of components of the SDK licensed under an open source software license are governed solely by the terms of that open source software license and not the License Agreement. You agree to remain a licensee in good standing in regard to such open source software licenses under all the rights granted and to refrain from any actions that may terminate, suspend, or breach such rights.

3.6 You agree that the form and nature of the SDK that Google provides may change without prior notice to you and that future versions of the SDK may be incompatible with applications developed on previous versions of the SDK. You agree that Google may stop (permanently or temporarily) providing the SDK (or any features within the SDK) to you or to users generally at Google's sole discretion, without prior notice to you.

3.7 Nothing in the License Agreement gives you a right to use any of Google's trade names, trademarks, service marks, logos, domain names, or other distinctive brand features.

3.8 You agree that you will not remove, obscure, or alter any proprietary rights notices (including copyright and trademark notices) that may be affixed to or contained within the SDK.

4. Use of the SDK by You

4.1 Google agrees that nothing in the License Agreement gives Google any right, title or interest from you (or your licensors) under the License Agreement in or to any software applications that you develop using the SDK, including any intellectual property rights that subsist in those applications.

4.2 You agree to use the SDK and write applications only for purposes that are permitted by (a) the License Agreement, and (b) any applicable law, regulation or generally accepted practices or guidelines in the relevant jurisdictions (including any laws regarding the export of data or software to and from the United States or other relevant countries).

4.3 You agree that if you use the SDK to develop applications, you will protect the privacy and legal rights of users. If users provide you with user names, passwords, or other login information or personal information, you must make the users aware that the information will be available to your application, and you must provide legally adequate privacy notice and protection for those users. If your application stores personal or sensitive information provided by users, it must do so securely. If users provide you with Google Account information, your application may only use that information to access the user's Google Account when, and for the limited purposes for which, each user has given you permission to do so.

4.4 You agree that you will not engage in any activity with the SDK, including the development or distribution of an application, that interferes with, disrupts, damages, or accesses in an unauthorized manner the servers, networks, or other properties or services of Google or any third party.

4.5 You agree that you are solely responsible for (and that Google has no responsibility to you or to any third party for) any data, content, or resources that you create, transmit or display through Android and/or applications for Android, and for the consequences of your actions (including any loss or damage which Google may suffer) by doing so.

4.6 You agree that you are solely responsible for (and that Google has no responsibility to you or to any third party for) any breach of your obligations under the License Agreement, any applicable third party contract or Terms of Service, or any applicable law or regulation, and for the consequences (including any loss or damage which Google or any third party may suffer) of any such breach.

5. Your Developer Credentials

5.1 You agree that you are responsible for maintaining the confidentiality of any developer credentials that may be issued to you by Google or which you may choose yourself and that you will be solely responsible for all applications that are developed under your developer credentials.

6. Privacy and Information

6.1 In order to continually innovate and improve the SDK, Google may collect certain usage statistics from the software including but not limited to a unique identifier, associated IP address, version number of the software, and information on which tools and/or services in the SDK are being used and how they are being used. Before any of this information is collected, the SDK will notify you and seek your consent. If you withhold consent, the information will not be collected.

6.2 The data collected is examined in the aggregate to improve the SDK and is maintained in accordance with Google's Privacy Policy located at http://www.google.com/policies/privacy/.

7. Third Party Applications

7.1 If you use the SDK to run applications developed by a third party or that access data, content or resources provided by a third party, you agree that Google is not responsible for those applications, data, content, or resources. You understand that all data, content or resources which you may access through such third party applications are the sole responsibility of the person from which they originated and that Google is not liable for any loss or damage that you may experience as a result of the use or access of any of those third party applications, data, content, or resources.

7.2 You should be aware the data, content, and resources presented to you through such a third party application may be protected by intellectual property rights which are owned by the providers (or by other persons or companies on their behalf). You may not modify, rent, lease, loan, sell, distribute or create derivative works based on these data, content, or resources (either in whole or in part) unless you have been specifically given permission to do so by the relevant owners.

7.3 You acknowledge that your use of such third party applications, data, content, or resources may be subject to separate terms between you and the relevant third party.

8. Using Google APIs

8.1 Google APIs

8.1.1 If you use any API to retrieve data from Google, you acknowledge that the data may be protected by intellectual property rights which are owned by Google or those parties that provide the data (or by other persons or companies on their behalf). Your use of any such API may be subject to additional Terms of Service. You may not modify, rent, lease, loan, sell, distribute or create derivative works based on this data (either in whole or in part) unless allowed by the relevant Terms of Service.

8.1.2 If you use any API to retrieve a user's data from Google, you acknowledge and agree that you shall retrieve data only with the user's explicit consent and only when, and for the limited purposes for which, the user has given you permission to do so.

9. Terminating the License Agreement

9.1 The License Agreement will continue to apply until terminated by either you or Google as set out below.

9.2 If you want to terminate the License Agreement, you may do so by ceasing your use of the SDK and any relevant developer credentials.

9.3 Google may at any time, terminate the License Agreement, with or without cause, upon notice to you.

9.4 The License Agreement will automatically terminate without notice or other action when Google ceases to provide the SDK or certain parts of the SDK to users in the country in which you are resident or from which you use the service.

9.5 When the License Agreement is terminated, the license granted to you in the License Agreement will terminate, you will immediately cease all use of the SDK, and the provisions of paragraphs 10, 11, 12 and 14 shall survive indefinitely.

10. DISCLAIMERS

10.1 YOU EXPRESSLY UNDERSTAND AND AGREE THAT YOUR USE OF THE SDK IS AT YOUR SOLE RISK AND THAT THE SDK IS PROVIDED "AS IS" AND "AS AVAILABLE" WITHOUT WARRANTY OF ANY KIND FROM GOOGLE.

10.2 YOUR USE OF THE SDK AND ANY MATERIAL DOWNLOADED OR OTHERWISE OBTAINED THROUGH THE USE OF THE SDK IS AT YOUR OWN DISCRETION AND RISK AND YOU ARE SOLELY RESPONSIBLE FOR ANY DAMAGE TO YOUR COMPUTER SYSTEM OR OTHER DEVICE OR LOSS OF DATA THAT RESULTS FROM SUCH USE. WITHOUT LIMITING THE FOREGOING, YOU UNDERSTAND THAT THE SDK MAY CONTAIN ERRORS, DEFECTS AND SECURITY VULNERABILITIES THAT CAN RESULT IN SIGNIFICANT DAMAGE, INCLUDING THE COMPLETE, IRRECOVERABLE LOSS OF USE OF YOUR COMPUTER SYSTEM OR OTHER DEVICE.

10.3 GOOGLE FURTHER EXPRESSLY DISCLAIMS ALL WARRANTIES AND CONDITIONS OF ANY KIND, WHETHER EXPRESS OR IMPLIED, INCLUDING, BUT NOT LIMITED TO THE IMPLIED WARRANTIES AND CONDITIONS OF MERCHANTABILITY, FITNESS FOR A PARTICULAR PURPOSE AND NON-INFRINGEMENT.

11. LIMITATION OF LIABILITY

11.1 YOU EXPRESSLY UNDERSTAND AND AGREE THAT GOOGLE, ITS SUBSIDIARIES AND AFFILIATES, AND ITS LICENSORS SHALL NOT BE LIABLE TO YOU UNDER ANY THEORY OF LIABILITY FOR ANY DIRECT, INDIRECT, INCIDENTAL, SPECIAL, CONSEQUENTIAL OR EXEMPLARY DAMAGES THAT MAY BE INCURRED BY YOU, INCLUDING ANY LOSS OF DATA, WHETHER OR NOT GOOGLE OR ITS REPRESENTATIVES HAVE BEEN ADVISED OF OR SHOULD HAVE BEEN AWARE OF THE POSSIBILITY OF ANY SUCH LOSSES ARISING.

12. Indemnification

12.1 To the maximum extent permitted by law, you agree to defend, indemnify and hold harmless Google, its affiliates and their respective directors, officers, employees and agents from and against any and all claims, actions, suits or proceedings, as well as any and all losses, liabilities, damages, costs and expenses (including reasonable attorneysâ€™ fees) arising out of or accruing from (a) your use of the SDK, (b) any application you develop on the SDK that infringes any Intellectual Property Rights of any person or defames any person or violates their rights of publicity or privacy, and (c) any non-compliance by you of the License Agreement.

13. Changes to the License Agreement

13.1 Google may make changes to the License Agreement as it distributes new versions of the SDK. When these changes are made, Google will make a new version of the License Agreement available on the website where the SDK is made available.

14. General Legal Terms

14.1 The License Agreement constitutes the whole legal agreement between you and Google and governs your use of the SDK (excluding any services which Google may provide to you under a separate written agreement), and completely replaces any prior agreements between you and Google in relation to the SDK.

14.2 You agree that if Google does not exercise or enforce any legal right or remedy which is contained in the License Agreement (or which Google has the benefit of under any applicable law), this will not be taken to be a formal waiver of Google's rights and that those rights or remedies will still be available to Google.

14.3 If any court of law, having the jurisdiction to decide on this matter, rules that any provision of the License Agreement is invalid, then that provision will be removed from the License Agreement without affecting the rest of the License Agreement. The remaining provisions of the License Agreement will continue to be valid and enforceable.

14.4 You acknowledge and agree that each member of the group of companies of which Google is the parent shall be third party beneficiaries to the License Agreement and that such other companies shall be entitled to directly enforce, and rely upon, any provision of the License Agreement that confers a benefit on (or rights in favor of) them. Other than this, no other person or company shall be third party beneficiaries to the License Agreement.

14.5 EXPORT RESTRICTIONS. THE SDK IS SUBJECT TO UNITED STATES EXPORT LAWS AND REGULATIONS. YOU MUST COMPLY WITH ALL DOMESTIC AND INTERNATIONAL EXPORT LAWS AND REGULATIONS THAT APPLY TO THE SDK. THESE LAWS INCLUDE RESTRICTIONS ON DESTINATIONS, END USERS AND END USE.

14.6 The License Agreement may not be assigned or transferred by you without the prior written approval of Google, and any attempted assignment without such approval will be void. You shall not delegate your responsibilities or obligations under the License Agreement without the prior written approval of Google.

14.7 The License Agreement, and your relationship with Google under the License Agreement, shall be governed by the laws of the State of California without regard to its conflict of laws provisions. You and Google agree to submit to the exclusive jurisdiction of the courts located within the county of Santa Clara, California to resolve any legal matter arising from the License Agreement. Notwithstanding this, you agree that Google shall still be allowed to apply for injunctive remedies (or an equivalent type of urgent legal relief) in any jurisdiction.

June 2014.
    
Do you accept the license 'android-sdk-license-5be876d5' [y/n]: y

Installing Archives:
  Preparing to install archives
  Downloading SDK Platform Android 4.1.2, API 16, revision 5
  Installing SDK Platform Android 4.1.2, API 16, revision 5
  Unzipping SDK Platform Android 4.1.2, API 16, revision 5 (26%)  Unzipping SDK Platform Android 4.1.2, API 16, revision 5 (27%)  Unzipping SDK Platform Android 4.1.2, API 16, revision 5 (28%)  Unzipping SDK Platform Android 4.1.2, API 16, revision 5 (29%)  Unzipping SDK Platform Android 4.1.2, API 16, revision 5 (30%)  Unzipping SDK Platform Android 4.1.2, API 16, revision 5 (31%)  Unzipping SDK Platform Android 4.1.2, API 16, revision 5 (32%)  Unzipping SDK Platform Android 4.1.2, API 16, revision 5 (33%)  Unzipping SDK Platform Android 4.1.2, API 16, revision 5 (34%)  Unzipping SDK Platform Android 4.1.2, API 16, revision 5 (36%)  Unzipping SDK Platform Android 4.1.2, API 16, revision 5 (37%)  Unzipping SDK Platform Android 4.1.2, API 16, revision 5 (38%)  Unzipping SDK Platform Android 4.1.2, API 16, revision 5 (39%)  Unzipping SDK Platform Android 4.1.2, API 16, revision 5 (40%)  Unzipping SDK Platform Android 4.1.2, API 16, revision 5 (41%)  Unzipping SDK Platform Android 4.1.2, API 16, revision 5 (42%)  Unzipping SDK Platform Android 4.1.2, API 16, revision 5 (43%)  Unzipping SDK Platform Android 4.1.2, API 16, revision 5 (44%)  Unzipping SDK Platform Android 4.1.2, API 16, revision 5 (45%)  Unzipping SDK Platform Android 4.1.2, API 16, revision 5 (46%)  Unzipping SDK Platform Android 4.1.2, API 16, revision 5 (47%)  Unzipping SDK Platform Android 4.1.2, API 16, revision 5 (48%)  Unzipping SDK Platform Android 4.1.2, API 16, revision 5 (49%)  Unzipping SDK Platform Android 4.1.2, API 16, revision 5 (50%)  Unzipping SDK Platform Android 4.1.2, API 16, revision 5 (51%)  Unzipping SDK Platform Android 4.1.2, API 16, revision 5 (52%)  Unzipping SDK Platform Android 4.1.2, API 16, revision 5 (53%)  Unzipping SDK Platform Android 4.1.2, API 16, revision 5 (54%)  Unzipping SDK Platform Android 4.1.2, API 16, revision 5 (55%)  Unzipping SDK Platform Android 4.1.2, API 16, revision 5 (72%)  Unzipping SDK Platform Android 4.1.2, API 16, revision 5 (73%)  Unzipping SDK Platform Android 4.1.2, API 16, revision 5 (74%)  Unzipping SDK Platform Android 4.1.2, API 16, revision 5 (77%)  Unzipping SDK Platform Android 4.1.2, API 16, revision 5 (78%)  Unzipping SDK Platform Android 4.1.2, API 16, revision 5 (79%)  Unzipping SDK Platform Android 4.1.2, API 16, revision 5 (81%)  Unzipping SDK Platform Android 4.1.2, API 16, revision 5 (82%)  Unzipping SDK Platform Android 4.1.2, API 16, revision 5 (83%)  Unzipping SDK Platform Android 4.1.2, API 16, revision 5 (86%)  Unzipping SDK Platform Android 4.1.2, API 16, revision 5 (87%)  Unzipping SDK Platform Android 4.1.2, API 16, revision 5 (92%)  Unzipping SDK Platform Android 4.1.2, API 16, revision 5 (96%)    Installed SDK Platform Android 4.1.2, API 16, revision 5
  Done. 1 package installed.
travis_time:end:24cbb49c:start=1451234085104948582,finish=1451234092098783090,duration=6993834508[0Ktravis_fold:end:android.install[0K$ java -Xmx32m -version
java version "1.7.0_76"
Java(TM) SE Runtime Environment (build 1.7.0_76-b13)
Java HotSpot(TM) 64-Bit Server VM (build 24.76-b04, mixed mode)
$ javac -J-Xmx32m -version
javac 1.7.0_76
travis_fold:start:install[0Ktravis_time:start:0f1e2724[0K$ mvn install clean --fail-never --quiet -DskipTests=true -Dinvoker.skip=true
travis_time:end:0f1e2724:start=1451234092345507307,finish=1451234140845080382,duration=48499573075[0Ktravis_fold:end:install[0Ktravis_time:start:0eabab28[0K$ mvn verify
[INFO] Scanning for projects...
[WARNING] 
[WARNING] Some problems were encountered while building the effective model for com.squareup.dagger:dagger:jar:1.3.0-SNAPSHOT
[WARNING] 'build.plugins.plugin.version' for org.apache.maven.plugins:maven-javadoc-plugin is missing. @ com.squareup.dagger:dagger:[unknown-version], /home/travis/build/square/dagger/core/pom.xml, line 50, column 15
[WARNING] 'build.plugins.plugin.version' for org.apache.maven.plugins:maven-jar-plugin is missing. @ com.squareup.dagger:dagger:[unknown-version], /home/travis/build/square/dagger/core/pom.xml, line 56, column 15
[WARNING] 
[WARNING] It is highly recommended to fix these problems because they threaten the stability of your build.
[WARNING] 
[WARNING] For this reason, future Maven versions might no longer support building such malformed projects.
[WARNING] 
Downloading: https://repository.apache.org/snapshots/com/squareup/dagger/dagger/1.3.0-SNAPSHOT/maven-metadata.xml
Downloading: https://repository.apache.org/snapshots/com/squareup/dagger/dagger-compiler/1.3.0-SNAPSHOT/maven-metadata.xml
[INFO] ------------------------------------------------------------------------
[INFO] Reactor Build Order:
[INFO] 
[INFO] Dagger (Parent)
[INFO] Dagger
[INFO] Dagger Compiler
[INFO] Examples
[INFO] Examples: Simple
[INFO] Examples: Android - Simple
[INFO] Examples: Android - Activity Graphs
[INFO]                                                                         
[INFO] ------------------------------------------------------------------------
[INFO] Building Dagger (Parent) 1.3.0-SNAPSHOT
[INFO] ------------------------------------------------------------------------
[INFO] 
[INFO] --- maven-enforcer-plugin:1.0:enforce (enforce-maven) @ dagger-parent ---
[INFO] 
[INFO] --- maven-checkstyle-plugin:2.10:checkstyle (default) @ dagger-parent ---
[INFO]                                                                         
[INFO] ------------------------------------------------------------------------
[INFO] Building Dagger 1.3.0-SNAPSHOT
[INFO] ------------------------------------------------------------------------
[INFO] 
[INFO] --- maven-enforcer-plugin:1.0:enforce (enforce-maven) @ dagger ---
[INFO] 
[INFO] --- maven-resources-plugin:2.6:resources (default-resources) @ dagger ---
[INFO] Using 'UTF-8' encoding to copy filtered resources.
[INFO] skip non existing resourceDirectory /home/travis/build/square/dagger/core/src/main/resources
[INFO] 
[INFO] --- maven-compiler-plugin:3.1:compile (default-compile) @ dagger ---
[INFO] Changes detected - recompiling the module!
[INFO] Compiling 22 source files to /home/travis/build/square/dagger/core/target/classes
[WARNING] bootstrap class path not set in conjunction with -source 1.6
[WARNING] /home/travis/build/square/dagger/core/src/main/java/dagger/internal/Binding.java:[155,17] serializable class dagger.internal.Binding.InvalidBindingException has no definition of serialVersionUID
[WARNING] /home/travis/build/square/dagger/core/src/main/java/dagger/internal/ProblemDetector.java:[33,10] found raw type: dagger.internal.Binding
  missing type arguments for generic class dagger.internal.Binding<T>
[WARNING] /home/travis/build/square/dagger/core/src/main/java/dagger/internal/ProblemDetector.java:[33,50] found raw type: dagger.internal.Binding
  missing type arguments for generic class dagger.internal.Binding<T>
[WARNING] /home/travis/build/square/dagger/core/src/main/java/dagger/ObjectGraph.java:[163,90] unchecked cast
  required: dagger.internal.ModuleAdapter<java.lang.Object>
  found:    dagger.internal.ModuleAdapter<capture#1 of ?>
[INFO] 
[INFO] --- maven-checkstyle-plugin:2.10:checkstyle (default) @ dagger ---
[INFO] Starting audit...
Audit done.

[WARNING] Unable to locate Source XRef to link to - DISABLED
[INFO] 
[INFO] --- maven-resources-plugin:2.6:testResources (default-testResources) @ dagger ---
[INFO] Using 'UTF-8' encoding to copy filtered resources.
[INFO] skip non existing resourceDirectory /home/travis/build/square/dagger/core/src/test/resources
[INFO] 
[INFO] --- maven-compiler-plugin:3.1:testCompile (default-testCompile) @ dagger ---
[INFO] Changes detected - recompiling the module!
[INFO] Compiling 17 source files to /home/travis/build/square/dagger/core/target/test-classes
[WARNING] bootstrap class path not set in conjunction with -source 1.6
[WARNING] /home/travis/build/square/dagger/core/src/test/java/dagger/InjectionTest.java:[552,15] found raw type: java.util.AbstractList
  missing type arguments for generic class java.util.AbstractList<E>
[WARNING] /home/travis/build/square/dagger/core/src/test/java/dagger/SetBindingTest.java:[99,19] unchecked generic array creation for varargs parameter of type java.util.Set<java.lang.String>[]
[WARNING] /home/travis/build/square/dagger/core/src/test/java/dagger/SetBindingTest.java:[105,21] unchecked generic array creation for varargs parameter of type java.util.Set<java.lang.String>[]
[WARNING] /home/travis/build/square/dagger/core/src/test/java/dagger/internal/TestingModuleAdapter.java:[116,40] unchecked cast
  required: M
  found:    capture#1 of ?
[WARNING] /home/travis/build/square/dagger/core/src/test/java/dagger/internal/TestingModuleAdapter.java:[169,24] found raw type: dagger.internal.Binding
  missing type arguments for generic class dagger.internal.Binding<T>
[WARNING] /home/travis/build/square/dagger/core/src/test/java/dagger/internal/TestingModuleAdapter.java:[182,33] unchecked cast
  required: T
  found:    java.lang.Object
[WARNING] /home/travis/build/square/dagger/core/src/test/java/dagger/ModuleTest.java:[208,17] found raw type: javax.inject.Provider
  missing type arguments for generic class javax.inject.Provider<T>
[WARNING] /home/travis/build/square/dagger/core/src/test/java/dagger/ModuleTest.java:[242,17] found raw type: dagger.Lazy
  missing type arguments for generic class dagger.Lazy<T>
[INFO] 
[INFO] --- maven-surefire-plugin:2.12.4:test (default-test) @ dagger ---
[INFO] Surefire report directory: /home/travis/build/square/dagger/core/target/surefire-reports

-------------------------------------------------------
 T E S T S
-------------------------------------------------------
Running dagger.ExtensionWithStateTest
Tests run: 1, Failures: 0, Errors: 0, Skipped: 0, Time elapsed: 0.08 sec
Running dagger.UnusedProviderTest
Tests run: 5, Failures: 0, Errors: 0, Skipped: 0, Time elapsed: 0.003 sec
Running dagger.InjectionTest
Tests run: 41, Failures: 0, Errors: 0, Skipped: 0, Time elapsed: 0.111 sec
Running dagger.SetBindingTest
Tests run: 12, Failures: 0, Errors: 0, Skipped: 0, Time elapsed: 0.03 sec
Running dagger.internal.SingletonBindingTest
Tests run: 7, Failures: 0, Errors: 0, Skipped: 0, Time elapsed: 0.008 sec
Running dagger.internal.FailoverLoaderTest
Tests run: 1, Failures: 0, Errors: 0, Skipped: 0, Time elapsed: 0.003 sec
Running dagger.internal.KeysTest
Tests run: 18, Failures: 0, Errors: 0, Skipped: 0, Time elapsed: 0.015 sec
Running dagger.ProblemDetectorTest
Tests run: 3, Failures: 0, Errors: 0, Skipped: 0, Time elapsed: 0.005 sec
Running dagger.ExtensionWithSetBindingsTest
Tests run: 3, Failures: 0, Errors: 0, Skipped: 0, Time elapsed: 0.007 sec
Running dagger.LazyInjectionTest
Tests run: 4, Failures: 0, Errors: 0, Skipped: 0, Time elapsed: 0.005 sec
Running dagger.ModuleTest
Tests run: 13, Failures: 0, Errors: 0, Skipped: 0, Time elapsed: 0.015 sec
Running dagger.InjectionOfLazyTest
Tests run: 4, Failures: 0, Errors: 0, Skipped: 0, Time elapsed: 0.006 sec
Running dagger.MembersInjectorTest
Tests run: 8, Failures: 0, Errors: 0, Skipped: 0, Time elapsed: 0.013 sec
Running dagger.ThreadSafetyTest
Tests run: 2, Failures: 0, Errors: 0, Skipped: 0, Time elapsed: 0.092 sec
Running dagger.ExtensionTest
Tests run: 3, Failures: 0, Errors: 0, Skipped: 0, Time elapsed: 0.001 sec

Results :

Tests run: 125, Failures: 0, Errors: 0, Skipped: 0

[INFO] 
[INFO] --- maven-jar-plugin:2.4:jar (default-jar) @ dagger ---
[INFO] Building jar: /home/travis/build/square/dagger/core/target/dagger-1.3.0-SNAPSHOT.jar
[INFO] 
[INFO] --- maven-jar-plugin:2.4:test-jar (default) @ dagger ---
[INFO] Building jar: /home/travis/build/square/dagger/core/target/dagger-1.3.0-SNAPSHOT-tests.jar
[INFO]                                                                         
[INFO] ------------------------------------------------------------------------
[INFO] Building Dagger Compiler 1.3.0-SNAPSHOT
[INFO] ------------------------------------------------------------------------
[INFO] 
[INFO] --- maven-enforcer-plugin:1.0:enforce (enforce-maven) @ dagger-compiler ---
[INFO] 
[INFO] --- maven-resources-plugin:2.6:resources (default-resources) @ dagger-compiler ---
[INFO] Using 'UTF-8' encoding to copy filtered resources.
[INFO] Copying 1 resource
[INFO] 
[INFO] --- maven-compiler-plugin:3.1:compile (default-compile) @ dagger-compiler ---
[INFO] Changes detected - recompiling the module!
[INFO] Compiling 12 source files to /home/travis/build/square/dagger/compiler/target/classes
[WARNING] bootstrap class path not set in conjunction with -source 1.6
[INFO] 
[INFO] --- maven-checkstyle-plugin:2.10:checkstyle (default) @ dagger-compiler ---
[INFO] Starting audit...
Audit done.

[WARNING] Unable to locate Source XRef to link to - DISABLED
[INFO] 
[INFO] --- maven-resources-plugin:2.6:testResources (default-testResources) @ dagger-compiler ---
[INFO] Using 'UTF-8' encoding to copy filtered resources.
[INFO] skip non existing resourceDirectory /home/travis/build/square/dagger/compiler/src/test/resources
[INFO] 
[INFO] --- maven-compiler-plugin:3.1:testCompile (default-testCompile) @ dagger-compiler ---
[INFO] Changes detected - recompiling the module!
[INFO] Compiling 16 source files to /home/travis/build/square/dagger/compiler/target/test-classes
[WARNING] bootstrap class path not set in conjunction with -source 1.6
[WARNING] No processor claimed any of these annotations: javax.inject.Named,dagger.tests.integration.operation.FailureModeErrorsTest.MyFoo,javax.inject.Qualifier,dagger.Module,javax.annotation.processing.SupportedAnnotationTypes,dagger.Provides,javax.inject.Inject,org.junit.runner.RunWith,org.junit.Test
[INFO] 
[INFO] --- maven-compiler-plugin:3.1:testCompile (default-test-compile) @ dagger-compiler ---
[INFO] Changes detected - recompiling the module!
[INFO] Compiling 16 source files to /home/travis/build/square/dagger/compiler/target/test-classes
[WARNING] bootstrap class path not set in conjunction with -source 1.6
[WARNING] No processor claimed any of these annotations: javax.inject.Named,dagger.tests.integration.operation.FailureModeErrorsTest.MyFoo,javax.inject.Qualifier,dagger.Module,javax.annotation.processing.SupportedAnnotationTypes,dagger.Provides,javax.inject.Inject,org.junit.runner.RunWith,org.junit.Test
[INFO] 
[INFO] --- maven-surefire-plugin:2.12.4:test (default-test) @ dagger-compiler ---
[INFO] Surefire report directory: /home/travis/build/square/dagger/compiler/target/surefire-reports

-------------------------------------------------------
 T E S T S
-------------------------------------------------------
Running dagger.tests.integration.validation.CyclicModuleIncludesTest
Tests run: 3, Failures: 0, Errors: 0, Skipped: 0, Time elapsed: 1.42 sec
Running dagger.tests.integration.validation.LibraryModuleTest
Tests run: 4, Failures: 0, Errors: 0, Skipped: 0, Time elapsed: 0.365 sec
Running dagger.tests.integration.validation.SimpleMissingDependencyTest
Tests run: 1, Failures: 0, Errors: 0, Skipped: 0, Time elapsed: 0.077 sec
Running dagger.tests.integration.validation.CyclicDependencyTest
Tests run: 2, Failures: 0, Errors: 0, Skipped: 0, Time elapsed: 0.447 sec
Running dagger.tests.integration.validation.ScopeAnnotationUseTest
Tests run: 12, Failures: 0, Errors: 0, Skipped: 0, Time elapsed: 0.594 sec
Running dagger.tests.integration.validation.GeneratedTypesNotReadyTest
Tests run: 6, Failures: 0, Errors: 0, Skipped: 0, Time elapsed: 0.402 sec
Running dagger.tests.integration.operation.FailureModeErrorsTest
Tests run: 2, Failures: 0, Errors: 0, Skipped: 0, Time elapsed: 0.014 sec
Running dagger.tests.integration.operation.PrimitiveInjectionTest
Tests run: 1, Failures: 0, Errors: 0, Skipped: 0, Time elapsed: 0.007 sec
Running dagger.tests.integration.operation.SimpleInjectionTest
Tests run: 5, Failures: 0, Errors: 0, Skipped: 0, Time elapsed: 0.01 sec
Running dagger.tests.integration.codegen.ModuleAdapterGenerationTest
Tests run: 5, Failures: 0, Errors: 0, Skipped: 0, Time elapsed: 0.214 sec
Running dagger.tests.integration.codegen.InjectAdapterGenerationTest
Tests run: 2, Failures: 0, Errors: 0, Skipped: 0, Time elapsed: 0.069 sec
Running dagger.internal.codegen.GraphVisualizerTest
Tests run: 7, Failures: 0, Errors: 0, Skipped: 0, Time elapsed: 0.009 sec
Running dagger.internal.codegen.GraphAnalysisLoaderTest
Tests run: 1, Failures: 0, Errors: 0, Skipped: 0, Time elapsed: 0.115 sec
Running dagger.internal.codegen.DotWriterTest
Tests run: 4, Failures: 0, Errors: 0, Skipped: 0, Time elapsed: 0.002 sec

Results :

Tests run: 55, Failures: 0, Errors: 0, Skipped: 0

[INFO] 
[INFO] --- maven-jar-plugin:2.4:jar (default-jar) @ dagger-compiler ---
[INFO] Building jar: /home/travis/build/square/dagger/compiler/target/dagger-compiler-1.3.0-SNAPSHOT.jar
[INFO] 
[INFO] --- maven-assembly-plugin:2.2-beta-5:single (default) @ dagger-compiler ---
[INFO] META-INF/ already added, skipping
[INFO] META-INF/MANIFEST.MF already added, skipping
[INFO] META-INF/maven/ already added, skipping
[INFO] META-INF/MANIFEST.MF already added, skipping
[INFO] META-INF/ already added, skipping
[INFO] META-INF/maven/ already added, skipping
[INFO] com/ already added, skipping
[INFO] Building jar: /home/travis/build/square/dagger/compiler/target/dagger-compiler-1.3.0-SNAPSHOT-jar-with-dependencies.jar
[INFO] META-INF/ already added, skipping
[INFO] META-INF/MANIFEST.MF already added, skipping
[INFO] META-INF/maven/ already added, skipping
[INFO] META-INF/MANIFEST.MF already added, skipping
[INFO] META-INF/ already added, skipping
[INFO] META-INF/maven/ already added, skipping
[INFO] com/ already added, skipping
[INFO] 
[INFO] --- maven-invoker-plugin:1.7:install (integration-test) @ dagger-compiler ---
[INFO] Installing /home/travis/build/square/dagger/core/pom.xml to /home/travis/build/square/dagger/compiler/target/local-repo/com/squareup/dagger/dagger/1.3.0-SNAPSHOT/dagger-1.3.0-SNAPSHOT.pom
[INFO] Installing /home/travis/build/square/dagger/core/target/dagger-1.3.0-SNAPSHOT.jar to /home/travis/build/square/dagger/compiler/target/local-repo/com/squareup/dagger/dagger/1.3.0-SNAPSHOT/dagger-1.3.0-SNAPSHOT.jar
[INFO] Installing /home/travis/build/square/dagger/core/target/dagger-1.3.0-SNAPSHOT-tests.jar to /home/travis/build/square/dagger/compiler/target/local-repo/com/squareup/dagger/dagger/1.3.0-SNAPSHOT/dagger-1.3.0-SNAPSHOT-tests.jar
[INFO] Installing /home/travis/build/square/dagger/pom.xml to /home/travis/build/square/dagger/compiler/target/local-repo/com/squareup/dagger/dagger-parent/1.3.0-SNAPSHOT/dagger-parent-1.3.0-SNAPSHOT.pom
[INFO] Installing /home/travis/build/square/dagger/compiler/pom.xml to /home/travis/build/square/dagger/compiler/target/local-repo/com/squareup/dagger/dagger-compiler/1.3.0-SNAPSHOT/dagger-compiler-1.3.0-SNAPSHOT.pom
[INFO] Installing /home/travis/build/square/dagger/compiler/target/dagger-compiler-1.3.0-SNAPSHOT.jar to /home/travis/build/square/dagger/compiler/target/local-repo/com/squareup/dagger/dagger-compiler/1.3.0-SNAPSHOT/dagger-compiler-1.3.0-SNAPSHOT.jar
[INFO] Installing /home/travis/build/square/dagger/compiler/target/dagger-compiler-1.3.0-SNAPSHOT-jar-with-dependencies.jar to /home/travis/build/square/dagger/compiler/target/local-repo/com/squareup/dagger/dagger-compiler/1.3.0-SNAPSHOT/dagger-compiler-1.3.0-SNAPSHOT-jar-with-dependencies.jar
[INFO] 
[INFO] --- maven-invoker-plugin:1.7:run (integration-test) @ dagger-compiler ---
[INFO] Building: default-package-injected-type/pom.xml
[INFO] ..SUCCESS (10.1 s)
[INFO] Building: extension-graph-setvalues/pom.xml
[INFO] ..SUCCESS (5.6 s)
[INFO] Building: extension-graph/pom.xml
[INFO] ..SUCCESS (6.1 s)
[INFO] Building: final-field-inject/pom.xml
[INFO] run script verify.bsh
[INFO] ..SUCCESS (5.6 s)
[INFO] Building: include-non-module/pom.xml
[INFO] ..SUCCESS (5.3 s)
[INFO] Building: inject-on-class/pom.xml
[INFO] run script verify.bsh
[INFO] ..SUCCESS (5.9 s)
[INFO] Building: inject-parameterized-type/pom.xml
[INFO] ..SUCCESS (6.5 s)
[INFO] Building: inner-classes-complaint-injection/pom.xml
[INFO] run script verify.bsh
[INFO] ..SUCCESS (6.0 s)
[INFO] Building: method-injection/pom.xml
[INFO] run script verify.bsh
[INFO] ..SUCCESS (5.9 s)
[INFO] Building: missing-at-inject-constructor/pom.xml
[INFO] run script verify.bsh
[INFO] ..SUCCESS (5.7 s)
[INFO] Building: module-type-validation/pom.xml
[INFO] run script verify.bsh
[INFO] ..SUCCESS (6.0 s)
[INFO] Building: multiple-modules-setvalues/pom.xml
[INFO] ..SUCCESS (6.6 s)
[INFO] Building: multiple-provides-methods/pom.xml
[INFO] run script verify.bsh
[INFO] ..SUCCESS (6.5 s)
[INFO] Building: multiple-qualifiers/pom.xml
[INFO] run script verify.bsh
[INFO] ..SUCCESS (5.9 s)
[INFO] Building: private-inject/pom.xml
[INFO] run script verify.bsh
[INFO] ..SUCCESS (5.3 s)
[INFO] Building: provide-provider-or-lazy/pom.xml
[INFO] run script verify.bsh
[INFO] ..SUCCESS (5.3 s)
[INFO] Building: provides-method-not-in-module/pom.xml
[INFO] run script verify.bsh
[INFO] ..SUCCESS (5.1 s)
[INFO] Building: provides-method-with-throws-clause/pom.xml
[INFO] run script verify.bsh
[INFO] ..SUCCESS (5.3 s)
[INFO] Building: qualifiers-on-invalid-elements-errors/pom.xml
[INFO] run script verify.bsh
[INFO] ..SUCCESS (4.9 s)
[INFO] Building: qualifiers-on-invalid-elements-warnings/pom.xml
[INFO] run script verify.bsh
[INFO] ..SUCCESS (5.6 s)
[INFO] Building: same-provides-method-name/pom.xml
[INFO] ..SUCCESS (6.3 s)
[INFO] Building: uninjectable-supertype/pom.xml
[INFO] ..SUCCESS (5.8 s)
[INFO] Building: valid-use-of-qualifiers/pom.xml
[INFO] ..SUCCESS (6.1 s)
[INFO] -------------------------------------------------
[INFO] Build Summary:
[INFO]   Passed: 23, Failed: 0, Errors: 0, Skipped: 0
[INFO] -------------------------------------------------
[INFO]                                                                         
[INFO] ------------------------------------------------------------------------
[INFO] Building Examples 1.3.0-SNAPSHOT
[INFO] ------------------------------------------------------------------------
[INFO] 
[INFO] --- maven-enforcer-plugin:1.0:enforce (enforce-maven) @ dagger-example-parent ---
[INFO] 
[INFO] --- maven-checkstyle-plugin:2.10:checkstyle (default) @ dagger-example-parent ---
[INFO]                                                                         
[INFO] ------------------------------------------------------------------------
[INFO] Building Examples: Simple 1.3.0-SNAPSHOT
[INFO] ------------------------------------------------------------------------
[INFO] 
[INFO] --- maven-enforcer-plugin:1.0:enforce (enforce-maven) @ simple ---
[INFO] 
[INFO] --- maven-resources-plugin:2.6:resources (default-resources) @ simple ---
[INFO] Using 'UTF-8' encoding to copy filtered resources.
[INFO] skip non existing resourceDirectory /home/travis/build/square/dagger/examples/simple/src/main/resources
[INFO] 
[INFO] --- maven-compiler-plugin:3.1:compile (default-compile) @ simple ---
[INFO] Changes detected - recompiling the module!
[INFO] Compiling 8 source files to /home/travis/build/square/dagger/examples/simple/target/classes
[WARNING] bootstrap class path not set in conjunction with -source 1.6
[WARNING] No processor claimed any of these annotations: dagger.Provides,javax.inject.Inject,javax.inject.Singleton,dagger.Module
[INFO] 
[INFO] --- maven-checkstyle-plugin:2.10:checkstyle (default) @ simple ---
[INFO] Starting audit...
Audit done.

[WARNING] Unable to locate Source XRef to link to - DISABLED
[INFO] 
[INFO] --- maven-resources-plugin:2.6:testResources (default-testResources) @ simple ---
[INFO] Using 'UTF-8' encoding to copy filtered resources.
[INFO] skip non existing resourceDirectory /home/travis/build/square/dagger/examples/simple/src/test/resources
[INFO] 
[INFO] --- maven-compiler-plugin:3.1:testCompile (default-testCompile) @ simple ---
[INFO] Changes detected - recompiling the module!
[INFO] Compiling 1 source file to /home/travis/build/square/dagger/examples/simple/target/test-classes
[WARNING] bootstrap class path not set in conjunction with -source 1.6
[WARNING] No processor claimed any of these annotations: dagger.Provides,javax.inject.Inject,org.junit.Test,org.junit.Before,javax.inject.Singleton,dagger.Module
[INFO] 
[INFO] --- maven-surefire-plugin:2.12.4:test (default-test) @ simple ---
[INFO] Surefire report directory: /home/travis/build/square/dagger/examples/simple/target/surefire-reports

-------------------------------------------------------
 T E S T S
-------------------------------------------------------
Running coffee.CoffeeMakerTest
=> => pumping => =>
 [_]P coffee! [_]P 
Tests run: 1, Failures: 0, Errors: 0, Skipped: 0, Time elapsed: 0.207 sec

Results :

Tests run: 1, Failures: 0, Errors: 0, Skipped: 0

[INFO] 
[INFO] --- maven-jar-plugin:2.4:jar (default-jar) @ simple ---
[INFO] Building jar: /home/travis/build/square/dagger/examples/simple/target/simple-1.3.0-SNAPSHOT.jar
[INFO]                                                                         
[INFO] ------------------------------------------------------------------------
[INFO] Building Examples: Android - Simple 1.3.0-SNAPSHOT
[INFO] ------------------------------------------------------------------------
[INFO] 
[INFO] --- maven-enforcer-plugin:1.0:enforce (enforce-maven) @ android-simple ---
[INFO] 
[INFO] --- android-maven-plugin:4.1.1:generate-sources (default-generate-sources) @ android-simple ---
[INFO] Manifest copied from /home/travis/build/square/dagger/examples/android-simple/src/main/AndroidManifest.xml to /home/travis/build/square/dagger/examples/android-simple/target/AndroidManifest.xml
[INFO] Extracting libs
[INFO] Generating R file for com.squareup.dagger.example:android-simple:apk:1.3.0-SNAPSHOT
[INFO] Adding R gen folder to compile classpath: /home/travis/build/square/dagger/examples/android-simple/target/generated-sources/r
[INFO] Adding AIDL gen folder to compile classpath: /home/travis/build/square/dagger/examples/android-simple/target/generated-sources/aidl
[INFO] 
[INFO] --- maven-resources-plugin:2.7:resources (default-resources) @ android-simple ---
[INFO] Using 'UTF-8' encoding to copy filtered resources.
[INFO] skip non existing resourceDirectory /home/travis/build/square/dagger/examples/android-simple/src/main/resources
[INFO] 
[INFO] --- maven-compiler-plugin:3.1:compile (default-compile) @ android-simple ---
[INFO] Changes detected - recompiling the module!
[INFO] Compiling 8 source files to /home/travis/build/square/dagger/examples/android-simple/target/classes
[WARNING] bootstrap class path not set in conjunction with -source 1.6
[WARNING] No processor claimed any of these annotations: javax.inject.Qualifier,dagger.Module,dagger.Provides,javax.inject.Inject,javax.inject.Singleton,com.example.dagger.simple.ForApplication
[INFO] 
[INFO] --- maven-checkstyle-plugin:2.10:checkstyle (default) @ android-simple ---
[INFO] Starting audit...
Audit done.

[WARNING] Unable to locate Source XRef to link to - DISABLED
[INFO] 
[INFO] --- android-maven-plugin:4.1.1:emma (default-emma) @ android-simple ---
[INFO] 
[INFO] --- android-maven-plugin:4.1.1:proguard (default-proguard) @ android-simple ---
[INFO] 
[INFO] --- maven-resources-plugin:2.7:testResources (default-testResources) @ android-simple ---
[INFO] Using 'UTF-8' encoding to copy filtered resources.
[INFO] skip non existing resourceDirectory /home/travis/build/square/dagger/examples/android-simple/src/test/resources
[INFO] 
[INFO] --- maven-compiler-plugin:3.1:testCompile (default-testCompile) @ android-simple ---
[INFO] No sources to compile
[INFO] 
[INFO] --- maven-surefire-plugin:2.19:test (default-test) @ android-simple ---
[INFO] No tests to run.
[INFO] 
[INFO] --- android-maven-plugin:4.1.1:dex (default-dex) @ android-simple ---
[INFO] Convert classes to Dex : /home/travis/build/square/dagger/examples/android-simple/target/classes.dex
[INFO] 
[INFO] --- maven-jar-plugin:2.6:jar (default-jar) @ android-simple ---
[INFO] Building jar: /home/travis/build/square/dagger/examples/android-simple/target/android-simple-1.3.0-SNAPSHOT.jar
[INFO] 
[INFO] --- android-maven-plugin:4.1.1:apk (default-apk) @ android-simple ---
[INFO] Generating debug apk.
[INFO] Adding native libraries : []
[INFO] 
[INFO] --- android-maven-plugin:4.1.1:internal-pre-integration-test (default-internal-pre-integration-test) @ android-simple ---
[INFO] No InstrumentationRunner found - skipping tests
[INFO] 
[INFO] --- android-maven-plugin:4.1.1:internal-integration-test (default-internal-integration-test) @ android-simple ---
[INFO] No InstrumentationRunner found - skipping tests
[INFO]                                                                         
[INFO] ------------------------------------------------------------------------
[INFO] Building Examples: Android - Activity Graphs 1.3.0-SNAPSHOT
[INFO] ------------------------------------------------------------------------
[INFO] 
[INFO] --- maven-enforcer-plugin:1.0:enforce (enforce-maven) @ android-activity-graphs ---
[INFO] 
[INFO] --- android-maven-plugin:4.1.1:generate-sources (default-generate-sources) @ android-activity-graphs ---
[INFO] Manifest copied from /home/travis/build/square/dagger/examples/android-activity-graphs/src/main/AndroidManifest.xml to /home/travis/build/square/dagger/examples/android-activity-graphs/target/AndroidManifest.xml
[INFO] Extracting libs
[INFO] Generating R file for com.squareup.dagger.example:android-activity-graphs:apk:1.3.0-SNAPSHOT
[INFO] Adding R gen folder to compile classpath: /home/travis/build/square/dagger/examples/android-activity-graphs/target/generated-sources/r
[INFO] Adding AIDL gen folder to compile classpath: /home/travis/build/square/dagger/examples/android-activity-graphs/target/generated-sources/aidl
[INFO] 
[INFO] --- maven-resources-plugin:2.7:resources (default-resources) @ android-activity-graphs ---
[INFO] Using 'UTF-8' encoding to copy filtered resources.
[INFO] skip non existing resourceDirectory /home/travis/build/square/dagger/examples/android-activity-graphs/src/main/resources
[INFO] 
[INFO] --- maven-compiler-plugin:3.1:compile (default-compile) @ android-activity-graphs ---
[INFO] Changes detected - recompiling the module!
[INFO] Compiling 12 source files to /home/travis/build/square/dagger/examples/android-activity-graphs/target/classes
[WARNING] bootstrap class path not set in conjunction with -source 1.6
[WARNING] No processor claimed any of these annotations: com.example.dagger.activitygraphs.ForApplication,javax.inject.Qualifier,dagger.Module,dagger.Provides,com.example.dagger.activitygraphs.ForActivity,javax.inject.Inject,javax.inject.Singleton
[INFO] 
[INFO] --- maven-checkstyle-plugin:2.10:checkstyle (default) @ android-activity-graphs ---
[INFO] Starting audit...
Audit done.

[WARNING] Unable to locate Source XRef to link to - DISABLED
[INFO] 
[INFO] --- android-maven-plugin:4.1.1:emma (default-emma) @ android-activity-graphs ---
[INFO] 
[INFO] --- android-maven-plugin:4.1.1:proguard (default-proguard) @ android-activity-graphs ---
[INFO] 
[INFO] --- maven-resources-plugin:2.7:testResources (default-testResources) @ android-activity-graphs ---
[INFO] Using 'UTF-8' encoding to copy filtered resources.
[INFO] skip non existing resourceDirectory /home/travis/build/square/dagger/examples/android-activity-graphs/src/test/resources
[INFO] 
[INFO] --- maven-compiler-plugin:3.1:testCompile (default-testCompile) @ android-activity-graphs ---
[INFO] No sources to compile
[INFO] 
[INFO] --- maven-surefire-plugin:2.19:test (default-test) @ android-activity-graphs ---
[INFO] No tests to run.
[INFO] 
[INFO] --- android-maven-plugin:4.1.1:dex (default-dex) @ android-activity-graphs ---
[INFO] Convert classes to Dex : /home/travis/build/square/dagger/examples/android-activity-graphs/target/classes.dex
[INFO] 
[INFO] --- maven-jar-plugin:2.6:jar (default-jar) @ android-activity-graphs ---
[INFO] Building jar: /home/travis/build/square/dagger/examples/android-activity-graphs/target/android-activity-graphs-1.3.0-SNAPSHOT.jar
[INFO] 
[INFO] --- android-maven-plugin:4.1.1:apk (default-apk) @ android-activity-graphs ---
[INFO] Generating debug apk.
[INFO] Adding native libraries : []
[INFO] 
[INFO] --- android-maven-plugin:4.1.1:internal-pre-integration-test (default-internal-pre-integration-test) @ android-activity-graphs ---
[INFO] No InstrumentationRunner found - skipping tests
[INFO] 
[INFO] --- android-maven-plugin:4.1.1:internal-integration-test (default-internal-integration-test) @ android-activity-graphs ---
[INFO] No InstrumentationRunner found - skipping tests
[INFO] ------------------------------------------------------------------------
[INFO] Reactor Summary:
[INFO] 
[INFO] Dagger (Parent) .................................... SUCCESS [  1.088 s]
[INFO] Dagger ............................................. SUCCESS [  6.429 s]
[INFO] Dagger Compiler .................................... SUCCESS [02:27 min]
[INFO] Examples ........................................... SUCCESS [  0.004 s]
[INFO] Examples: Simple ................................... SUCCESS [  1.070 s]
[INFO] Examples: Android - Simple ......................... SUCCESS [ 13.296 s]
[INFO] Examples: Android - Activity Graphs ................ SUCCESS [ 13.479 s]
[INFO] ------------------------------------------------------------------------
[INFO] BUILD SUCCESS
[INFO] ------------------------------------------------------------------------
[INFO] Total time: 03:05 min
[INFO] Finished at: 2015-12-27T16:38:47+00:00
[INFO] Final Memory: 52M/450M
[INFO] ------------------------------------------------------------------------
travis_time:end:0eabab28:start=1451234140849271943,finish=1451234328661655284,duration=187812383341[0K
[32;1mThe command "mvn verify" exited with 0.[0m
travis_fold:start:cache.2[0Kstore build cache
travis_time:start:03a7e9c0[0Ktravis_time:end:03a7e9c0:start=1451234328665886971,finish=1451234328668998075,duration=3111104[0Ktravis_time:start:04f92e4c[0K[32;1mchange detected:
/home/travis/.m2/repository/com/squareup/dagger/dagger/1.3.0-SNAPSHOT/dagger-1.3.0-SNAPSHOT.jar
/home/travis/.m2/repository/com/squareup/dagger/dagger/1.3.0-SNAPSHOT/dagger-1.3.0-SNAPSHOT-tests.jar
/home/travis/.m2/repository/com/squareup/dagger/dagger/1.3.0-SNAPSHOT/maven-metadata-local.xml
/home/travis/.m2/repository/com/squareup/dagger/dagger/1.3.0-SNAPSHOT/_remote.repositories
/home/travis/.m2/repository/com/squareup/dagger/dagger/1.3.0-SNAPSHOT/resolver-status.properties
/home/travis/.m2/repository/com/squareup/dagger/dagger-compiler/1.3.0-SNAPSHOT/dagger-compiler-1.3.0-SNAPSHOT.jar
/home/travis/.m2/repository/com/squareup/dagger/dagger-compiler/1.3.0-SNAPSHOT/dagger-compiler-1.3.0-SNAPSHOT-jar-with-dependencies.jar
/home/travis/.m2/repository/com/squareup/dagger/dagger-compiler/1.3.0-SNAPSHOT/maven-metadata-local.xml
/home/travis/.m2/repository/com/squareup/dagger/dagger-compiler/1.3.0-SNAPSHOT/_remote.repositories
/home/travis/.m2/repository/com/squareup/dagger/dagger-compiler/1.
[0m
[32;1m...
[0m
[32;1mchanges detected, packing new archive[0m
[32;1muploading archive[0m
travis_time:end:04f92e4c:start=1451234328672540730,finish=1451234334424020813,duration=5751480083[0Ktravis_fold:end:cache.2[0Ktravis_fold:start:after_success[0Ktravis_time:start:07626069[0K$ .buildscript/deploy_snapshot.sh
Deploying snapshot...
[INFO] Scanning for projects...
[WARNING] 
[WARNING] Some problems were encountered while building the effective model for com.squareup.dagger:dagger:jar:1.3.0-SNAPSHOT
[WARNING] 'build.plugins.plugin.version' for org.apache.maven.plugins:maven-javadoc-plugin is missing. @ com.squareup.dagger:dagger:[unknown-version], /home/travis/build/square/dagger/core/pom.xml, line 50, column 15
[WARNING] 'build.plugins.plugin.version' for org.apache.maven.plugins:maven-jar-plugin is missing. @ com.squareup.dagger:dagger:[unknown-version], /home/travis/build/square/dagger/core/pom.xml, line 56, column 15
[WARNING] 
[WARNING] It is highly recommended to fix these problems because they threaten the stability of your build.
[WARNING] 
[WARNING] For this reason, future Maven versions might no longer support building such malformed projects.
[WARNING] 
[INFO] ------------------------------------------------------------------------
[INFO] Reactor Build Order:
[INFO] 
[INFO] Dagger (Parent)
[INFO] Dagger
[INFO] Dagger Compiler
[INFO] Examples
[INFO] Examples: Simple
[INFO] Examples: Android - Simple
[INFO] Examples: Android - Activity Graphs
Downloading: https://repo.maven.apache.org/maven2/org/apache/maven/plugins/maven-release-plugin/2.4.2/maven-release-plugin-2.4.2.pom
4/12 KB   8/12 KB   12/12 KB              Downloaded: https://repo.maven.apache.org/maven2/org/apache/maven/plugins/maven-release-plugin/2.4.2/maven-release-plugin-2.4.2.pom (12 KB at 28.3 KB/sec)
Downloading: https://repo.maven.apache.org/maven2/org/apache/maven/release/maven-release/2.4.2/maven-release-2.4.2.pom
4/5 KB     5/5 KB            Downloaded: https://repo.maven.apache.org/maven2/org/apache/maven/release/maven-release/2.4.2/maven-release-2.4.2.pom (5 KB at 90.1 KB/sec)
Downloading: https://repo.maven.apache.org/maven2/org/apache/maven/plugins/maven-release-plugin/2.4.2/maven-release-plugin-2.4.2.jar
4/50 KB   8/50 KB   12/50 KB   16/50 KB   20/50 KB   24/50 KB   28/50 KB   32/50 KB   36/50 KB   40/50 KB   44/50 KB   48/50 KB   50/50 KB              Downloaded: https://repo.maven.apache.org/maven2/org/apache/maven/plugins/maven-release-plugin/2.4.2/maven-release-plugin-2.4.2.jar (50 KB at 1411.5 KB/sec)
Downloading: https://repo.maven.apache.org/maven2/org/apache/maven/plugins/maven-deploy-plugin/2.7/maven-deploy-plugin-2.7.pom
3/6 KB     6/6 KB            Downloaded: https://repo.maven.apache.org/maven2/org/apache/maven/plugins/maven-deploy-plugin/2.7/maven-deploy-plugin-2.7.pom (6 KB at 238.3 KB/sec)
Downloading: https://repo.maven.apache.org/maven2/org/apache/maven/plugins/maven-deploy-plugin/2.7/maven-deploy-plugin-2.7.jar
3/27 KB   7/27 KB   11/27 KB   15/27 KB   19/27 KB   23/27 KB   27/27 KB              Downloaded: https://repo.maven.apache.org/maven2/org/apache/maven/plugins/maven-deploy-plugin/2.7/maven-deploy-plugin-2.7.jar (27 KB at 935.8 KB/sec)
Downloading: https://repo.maven.apache.org/maven2/org/apache/maven/plugins/maven-site-plugin/3.3/maven-site-plugin-3.3.pom
4/21 KB    8/21 KB   12/21 KB   16/21 KB   20/21 KB   21/21 KB              Downloaded: https://repo.maven.apache.org/maven2/org/apache/maven/plugins/maven-site-plugin/3.3/maven-site-plugin-3.3.pom (21 KB at 508.1 KB/sec)
Downloading: https://repo.maven.apache.org/maven2/org/apache/maven/plugins/maven-site-plugin/3.3/maven-site-plugin-3.3.jar
4/122 KB   8/122 KB   12/122 KB   16/122 KB   20/122 KB   24/122 KB   28/122 KB   32/122 KB   36/122 KB   40/122 KB   44/122 KB   48/122 KB   52/122 KB   56/122 KB   60/122 KB   64/122 KB   68/122 KB   72/122 KB   76/122 KB   80/122 KB   84/122 KB   88/122 KB   92/122 KB   96/122 KB   100/122 KB   104/122 KB   108/122 KB   112/122 KB   116/122 KB   120/122 KB   122/122 KB                Downloaded: https://repo.maven.apache.org/maven2/org/apache/maven/plugins/maven-site-plugin/3.3/maven-site-plugin-3.3.jar (122 KB at 2024.0 KB/sec)
Downloading: https://repo.maven.apache.org/maven2/org/apache/maven/plugins/maven-antrun-plugin/1.3/maven-antrun-plugin-1.3.pom
2/5 KB       5/5 KB            Downloaded: https://repo.maven.apache.org/maven2/org/apache/maven/plugins/maven-antrun-plugin/1.3/maven-antrun-plugin-1.3.pom (5 KB at 171.1 KB/sec)
Downloading: https://repo.maven.apache.org/maven2/org/apache/maven/plugins/maven-plugins/12/maven-plugins-12.pom
4/12 KB   8/12 KB   12/12 KB              Downloaded: https://repo.maven.apache.org/maven2/org/apache/maven/plugins/maven-plugins/12/maven-plugins-12.pom (12 KB at 441.3 KB/sec)
Downloading: https://repo.maven.apache.org/maven2/org/apache/maven/plugins/maven-antrun-plugin/1.3/maven-antrun-plugin-1.3.jar
1/24 KB    5/24 KB   9/24 KB   13/24 KB   17/24 KB   21/24 KB   24/24 KB              Downloaded: https://repo.maven.apache.org/maven2/org/apache/maven/plugins/maven-antrun-plugin/1.3/maven-antrun-plugin-1.3.jar (24 KB at 697.6 KB/sec)
Downloading: https://repo.maven.apache.org/maven2/org/apache/maven/plugins/maven-dependency-plugin/2.8/maven-dependency-plugin-2.8.pom
4/12 KB    8/12 KB   12/12 KB              Downloaded: https://repo.maven.apache.org/maven2/org/apache/maven/plugins/maven-dependency-plugin/2.8/maven-dependency-plugin-2.8.pom (12 KB at 532.6 KB/sec)
Downloading: https://repo.maven.apache.org/maven2/org/apache/maven/plugins/maven-dependency-plugin/2.8/maven-dependency-plugin-2.8.jar
4/150 KB   8/150 KB   12/150 KB   16/150 KB   20/150 KB   24/150 KB   28/150 KB   32/150 KB   36/150 KB   40/150 KB   44/150 KB   48/150 KB   52/150 KB   56/150 KB   60/150 KB   63/150 KB   67/150 KB   71/150 KB   75/150 KB   79/150 KB   83/150 KB   87/150 KB   91/150 KB   95/150 KB   99/150 KB   103/150 KB   107/150 KB   111/150 KB   115/150 KB   119/150 KB   123/150 KB   127/150 KB   131/150 KB   135/150 KB   139/150 KB   143/150 KB   147/150 KB   150/150 KB                Downloaded: https://repo.maven.apache.org/maven2/org/apache/maven/plugins/maven-dependency-plugin/2.8/maven-dependency-plugin-2.8.jar (150 KB at 2822.5 KB/sec)
Downloading: https://repo.maven.apache.org/maven2/org/apache/maven/plugins/maven-release-plugin/2.1/maven-release-plugin-2.1.pom
4/9 KB       8/9 KB   9/9 KB            Downloaded: https://repo.maven.apache.org/maven2/org/apache/maven/plugins/maven-release-plugin/2.1/maven-release-plugin-2.1.pom (9 KB at 334.6 KB/sec)
Downloading: https://repo.maven.apache.org/maven2/org/apache/maven/release/maven-release/2.1/maven-release-2.1.pom
4/7 KB   7/7 KB            Downloaded: https://repo.maven.apache.org/maven2/org/apache/maven/release/maven-release/2.1/maven-release-2.1.pom (7 KB at 222.8 KB/sec)
Downloading: https://repo.maven.apache.org/maven2/org/apache/maven/plugins/maven-release-plugin/2.1/maven-release-plugin-2.1.jar
4/40 KB   8/40 KB   12/40 KB   16/40 KB   20/40 KB   24/40 KB   28/40 KB   32/40 KB   36/40 KB   40/40 KB              Downloaded: https://repo.maven.apache.org/maven2/org/apache/maven/plugins/maven-release-plugin/2.1/maven-release-plugin-2.1.jar (40 KB at 1508.5 KB/sec)
Downloading: https://repo.maven.apache.org/maven2/org/apache/maven/plugins/maven-metadata.xml
Downloading: https://repo.maven.apache.org/maven2/org/codehaus/mojo/maven-metadata.xml
4/13 KB    8/13 KB   12/13 KB   13/13 KB              Downloaded: https://repo.maven.apache.org/maven2/org/apache/maven/plugins/maven-metadata.xml (13 KB at 413.8 KB/sec)
4/20 KB    8/20 KB   12/20 KB   16/20 KB   20/20 KB   20/20 KB              Downloaded: https://repo.maven.apache.org/maven2/org/codehaus/mojo/maven-metadata.xml (20 KB at 399.8 KB/sec)
Downloading: https://repo.maven.apache.org/maven2/org/apache/maven/plugins/maven-source-plugin/maven-metadata.xml
746/746 B               Downloaded: https://repo.maven.apache.org/maven2/org/apache/maven/plugins/maven-source-plugin/maven-metadata.xml (746 B at 31.7 KB/sec)
Downloading: https://repo.maven.apache.org/maven2/org/apache/maven/plugins/maven-source-plugin/2.4/maven-source-plugin-2.4.pom
3/7 KB      7/7 KB            Downloaded: https://repo.maven.apache.org/maven2/org/apache/maven/plugins/maven-source-plugin/2.4/maven-source-plugin-2.4.pom (7 KB at 249.5 KB/sec)
Downloading: https://repo.maven.apache.org/maven2/org/apache/maven/plugins/maven-source-plugin/2.4/maven-source-plugin-2.4.jar
4/31 KB   8/31 KB   12/31 KB   16/31 KB   20/31 KB   24/31 KB   28/31 KB   31/31 KB              Downloaded: https://repo.maven.apache.org/maven2/org/apache/maven/plugins/maven-source-plugin/2.4/maven-source-plugin-2.4.jar (31 KB at 990.0 KB/sec)
[INFO]                                                                         
[INFO] ------------------------------------------------------------------------
[INFO] Building Dagger (Parent) 1.3.0-SNAPSHOT
[INFO] ------------------------------------------------------------------------
[INFO] 
[INFO] --- maven-clean-plugin:2.5:clean (default-clean) @ dagger-parent ---
[INFO] 
[INFO] >>> maven-source-plugin:2.4:jar (default-cli) > generate-sources @ dagger-parent >>>
[INFO] 
[INFO] --- maven-enforcer-plugin:1.0:enforce (enforce-maven) @ dagger-parent ---
[INFO] 
[INFO] <<< maven-source-plugin:2.4:jar (default-cli) < generate-sources @ dagger-parent <<<
[INFO] 
[INFO] --- maven-source-plugin:2.4:jar (default-cli) @ dagger-parent ---
Downloading: https://repo.maven.apache.org/maven2/org/codehaus/plexus/plexus-archiver/2.6.3/plexus-archiver-2.6.3.pom
4/4 KB              Downloaded: https://repo.maven.apache.org/maven2/org/codehaus/plexus/plexus-archiver/2.6.3/plexus-archiver-2.6.3.pom (4 KB at 151.3 KB/sec)
Downloading: https://repo.maven.apache.org/maven2/org/codehaus/plexus/plexus-utils/3.0.18/plexus-utils-3.0.18.pom
4/4 KB            Downloaded: https://repo.maven.apache.org/maven2/org/codehaus/plexus/plexus-utils/3.0.18/plexus-utils-3.0.18.pom (4 KB at 94.7 KB/sec)
Downloading: https://repo.maven.apache.org/maven2/org/codehaus/plexus/plexus-io/2.1.3/plexus-io-2.1.3.pom
3/3 KB            Downloaded: https://repo.maven.apache.org/maven2/org/codehaus/plexus/plexus-io/2.1.3/plexus-io-2.1.3.pom (3 KB at 66.4 KB/sec)
Downloading: https://repo.maven.apache.org/maven2/org/codehaus/plexus/plexus-archiver/2.6.3/plexus-archiver-2.6.3.jar
Downloading: https://repo.maven.apache.org/maven2/org/codehaus/plexus/plexus-io/2.1.3/plexus-io-2.1.3.jar
Downloading: https://repo.maven.apache.org/maven2/org/codehaus/plexus/plexus-utils/3.0.18/plexus-utils-3.0.18.jar
4/129 KB   8/129 KB   12/129 KB   16/129 KB   4/238 KB   16/129 KB   8/238 KB   16/129 KB   12/238 KB   16/129 KB   16/238 KB   16/129 KB   20/238 KB   16/129 KB   20/238 KB   20/129 KB   24/238 KB   20/129 KB   24/238 KB   24/129 KB   28/238 KB   24/129 KB   28/238 KB   28/129 KB   32/238 KB   28/129 KB   32/238 KB   32/129 KB   36/238 KB   32/129 KB   36/238 KB   36/129 KB   40/238 KB   36/129 KB   40/238 KB   40/129 KB   44/238 KB   40/129 KB   44/238 KB   44/129 KB   48/238 KB   44/129 KB   48/238 KB   48/129 KB   52/238 KB   48/129 KB   56/238 KB   52/129 KB   56/238 KB   52/129 KB   60/238 KB   52/129 KB   60/238 KB   56/129 KB   64/238 KB   56/129 KB   64/238 KB   60/129 KB   64/238 KB   64/129 KB   68/238 KB   64/129 KB   72/238 KB   64/129 KB   76/238 KB   68/129 KB   76/238 KB   68/129 KB   80/238 KB   68/129 KB   80/238 KB   72/129 KB   80/238 KB   76/129 KB   84/238 KB   76/129 KB   84/238 KB   80/129 KB   88/238 KB   80/129 KB   92/238 KB   80/129 KB   96/238 KB   80/129 KB   96/238 KB   84/129 KB   96/238 KB   88/129 KB   100/238 KB   88/129 KB   100/238 KB   92/129 KB   104/238 KB   92/129 KB   104/238 KB   96/129 KB   108/238 KB   96/129 KB   112/238 KB   96/129 KB   112/238 KB   100/129 KB   116/238 KB   100/129 KB   116/238 KB   104/129 KB   120/238 KB   104/129 KB   120/238 KB   108/129 KB   124/238 KB   108/129 KB   124/238 KB   112/129 KB   128/238 KB   112/129 KB   128/238 KB   116/129 KB   132/238 KB   116/129 KB   132/238 KB   120/129 KB   136/238 KB   120/129 KB   136/238 KB   124/129 KB   140/238 KB   128/129 KB   140/238 KB   129/129 KB   140/238 KB   124/129 KB   144/238 KB   129/129 KB   148/238 KB   129/129 KB   152/238 KB   129/129 KB   156/238 KB   129/129 KB   160/238 KB   129/129 KB   164/238 KB   129/129 KB   168/238 KB   129/129 KB   172/238 KB   129/129 KB   176/238 KB   129/129 KB   180/238 KB   129/129 KB   184/238 KB   129/129 KB   188/238 KB   129/129 KB   192/238 KB   129/129 KB   196/238 KB   129/129 KB   200/238 KB   129/129 KB   204/238 KB   129/129 KB   208/238 KB   129/129 KB   212/238 KB   129/129 KB   216/238 KB   129/129 KB   220/238 KB   129/129 KB   224/238 KB   129/129 KB   228/238 KB   129/129 KB   232/238 KB   129/129 KB   236/238 KB   129/129 KB   238/238 KB   129/129 KB                             Downloaded: https://repo.maven.apache.org/maven2/org/codehaus/plexus/plexus-archiver/2.6.3/plexus-archiver-2.6.3.jar (129 KB at 1806.6 KB/sec)
                          Downloaded: https://repo.maven.apache.org/maven2/org/codehaus/plexus/plexus-utils/3.0.18/plexus-utils-3.0.18.jar (238 KB at 4394.5 KB/sec)
4/65 KB                   8/65 KB   12/65 KB   16/65 KB   20/65 KB   24/65 KB   28/65 KB   32/65 KB   36/65 KB   40/65 KB   44/65 KB   48/65 KB   52/65 KB   56/65 KB   60/65 KB   64/65 KB   65/65 KB              Downloaded: https://repo.maven.apache.org/maven2/org/codehaus/plexus/plexus-io/2.1.3/plexus-io-2.1.3.jar (65 KB at 160.6 KB/sec)
[INFO] 
[INFO] --- maven-javadoc-plugin:2.10.3:jar (default-cli) @ dagger-parent ---
Downloading: https://repo.maven.apache.org/maven2/org/apache/maven/shared/maven-invoker/2.0.9/maven-invoker-2.0.9.pom
2/6 KB     6/6 KB            Downloaded: https://repo.maven.apache.org/maven2/org/apache/maven/shared/maven-invoker/2.0.9/maven-invoker-2.0.9.pom (6 KB at 152.5 KB/sec)
Downloading: https://repo.maven.apache.org/maven2/org/apache/maven/maven-plugin-api/2.0.8/maven-plugin-api-2.0.8.pom
2/2 KB            Downloaded: https://repo.maven.apache.org/maven2/org/apache/maven/maven-plugin-api/2.0.8/maven-plugin-api-2.0.8.pom (2 KB at 69.5 KB/sec)
Downloading: https://repo.maven.apache.org/maven2/org/apache/maven/doxia/doxia-sink-api/1.4/doxia-sink-api-1.4.pom
2/2 KB            Downloaded: https://repo.maven.apache.org/maven2/org/apache/maven/doxia/doxia-sink-api/1.4/doxia-sink-api-1.4.pom (2 KB at 48.2 KB/sec)
Downloading: https://repo.maven.apache.org/maven2/org/apache/maven/doxia/doxia/1.4/doxia-1.4.pom
2/18 KB   6/18 KB   10/18 KB   14/18 KB   18/18 KB   18/18 KB              Downloaded: https://repo.maven.apache.org/maven2/org/apache/maven/doxia/doxia/1.4/doxia-1.4.pom (18 KB at 876.7 KB/sec)
Downloading: https://repo.maven.apache.org/maven2/org/apache/maven/doxia/doxia-logging-api/1.4/doxia-logging-api-1.4.pom
2/2 KB              Downloaded: https://repo.maven.apache.org/maven2/org/apache/maven/doxia/doxia-logging-api/1.4/doxia-logging-api-1.4.pom (2 KB at 45.5 KB/sec)
Downloading: https://repo.maven.apache.org/maven2/org/apache/maven/doxia/doxia-site-renderer/1.4/doxia-site-renderer-1.4.pom
4/6 KB   6/6 KB            Downloaded: https://repo.maven.apache.org/maven2/org/apache/maven/doxia/doxia-site-renderer/1.4/doxia-site-renderer-1.4.pom (6 KB at 175.5 KB/sec)
Downloading: https://repo.maven.apache.org/maven2/org/apache/maven/doxia/doxia-sitetools/1.4/doxia-sitetools-1.4.pom
4/17 KB   8/17 KB   12/17 KB   16/17 KB   17/17 KB              Downloaded: https://repo.maven.apache.org/maven2/org/apache/maven/doxia/doxia-sitetools/1.4/doxia-sitetools-1.4.pom (17 KB at 380.9 KB/sec)
Downloading: https://repo.maven.apache.org/maven2/org/apache/maven/doxia/doxia-core/1.4/doxia-core-1.4.pom
4/4 KB              Downloaded: https://repo.maven.apache.org/maven2/org/apache/maven/doxia/doxia-core/1.4/doxia-core-1.4.pom (4 KB at 165.4 KB/sec)
Downloading: https://repo.maven.apache.org/maven2/org/codehaus/plexus/plexus-utils/3.0.10/plexus-utils-3.0.10.pom
4/4 KB            Downloaded: https://repo.maven.apache.org/maven2/org/codehaus/plexus/plexus-utils/3.0.10/plexus-utils-3.0.10.pom (4 KB at 95.9 KB/sec)
Downloading: https://repo.maven.apache.org/maven2/org/apache/maven/doxia/doxia-decoration-model/1.4/doxia-decoration-model-1.4.pom
3/3 KB            Downloaded: https://repo.maven.apache.org/maven2/org/apache/maven/doxia/doxia-decoration-model/1.4/doxia-decoration-model-1.4.pom (3 KB at 108.8 KB/sec)
Downloading: https://repo.maven.apache.org/maven2/org/apache/maven/doxia/doxia-module-xhtml/1.4/doxia-module-xhtml-1.4.pom
2/2 KB            Downloaded: https://repo.maven.apache.org/maven2/org/apache/maven/doxia/doxia-module-xhtml/1.4/doxia-module-xhtml-1.4.pom (2 KB at 45.5 KB/sec)
Downloading: https://repo.maven.apache.org/maven2/org/apache/maven/doxia/doxia-modules/1.4/doxia-modules-1.4.pom
3/3 KB            Downloaded: https://repo.maven.apache.org/maven2/org/apache/maven/doxia/doxia-modules/1.4/doxia-modules-1.4.pom (3 KB at 54.5 KB/sec)
Downloading: https://repo.maven.apache.org/maven2/org/apache/maven/doxia/doxia-module-fml/1.4/doxia-module-fml-1.4.pom
4/5 KB   5/5 KB            Downloaded: https://repo.maven.apache.org/maven2/org/apache/maven/doxia/doxia-module-fml/1.4/doxia-module-fml-1.4.pom (5 KB at 195.5 KB/sec)
Downloading: https://repo.maven.apache.org/maven2/org/apache/velocity/velocity-tools/2.0/velocity-tools-2.0.pom
4/18 KB   8/18 KB   12/18 KB   16/18 KB   18/18 KB              Downloaded: https://repo.maven.apache.org/maven2/org/apache/velocity/velocity-tools/2.0/velocity-tools-2.0.pom (18 KB at 467.7 KB/sec)
Downloading: https://repo.maven.apache.org/maven2/commons-digester/commons-digester/1.8/commons-digester-1.8.pom
4/7 KB     7/7 KB            Downloaded: https://repo.maven.apache.org/maven2/commons-digester/commons-digester/1.8/commons-digester-1.8.pom (7 KB at 325.7 KB/sec)
Downloading: https://repo.maven.apache.org/maven2/commons-logging/commons-logging/1.1/commons-logging-1.1.pom
4/7 KB   7/7 KB            Downloaded: https://repo.maven.apache.org/maven2/commons-logging/commons-logging/1.1/commons-logging-1.1.pom (7 KB at 182.9 KB/sec)
Downloading: https://repo.maven.apache.org/maven2/logkit/logkit/1.0.1/logkit-1.0.1.pom
147/147 B               Downloaded: https://repo.maven.apache.org/maven2/logkit/logkit/1.0.1/logkit-1.0.1.pom (147 B at 6.2 KB/sec)
Downloading: https://repo.maven.apache.org/maven2/avalon-framework/avalon-framework/4.1.3/avalon-framework-4.1.3.pom
167/167 B               Downloaded: https://repo.maven.apache.org/maven2/avalon-framework/avalon-framework/4.1.3/avalon-framework-4.1.3.pom (167 B at 6.3 KB/sec)
Downloading: https://repo.maven.apache.org/maven2/javax/servlet/servlet-api/2.3/servlet-api-2.3.pom
156/156 B               Downloaded: https://repo.maven.apache.org/maven2/javax/servlet/servlet-api/2.3/servlet-api-2.3.pom (156 B at 5.9 KB/sec)
Downloading: https://repo.maven.apache.org/maven2/commons-chain/commons-chain/1.1/commons-chain-1.1.pom
4/6 KB      6/6 KB            Downloaded: https://repo.maven.apache.org/maven2/commons-chain/commons-chain/1.1/commons-chain-1.1.pom (6 KB at 225.8 KB/sec)
Downloading: https://repo.maven.apache.org/maven2/dom4j/dom4j/1.1/dom4j-1.1.pom
142/142 B               Downloaded: https://repo.maven.apache.org/maven2/dom4j/dom4j/1.1/dom4j-1.1.pom (142 B at 4.8 KB/sec)
Downloading: https://repo.maven.apache.org/maven2/sslext/sslext/1.2-0/sslext-1.2-0.pom
653/653 B               Downloaded: https://repo.maven.apache.org/maven2/sslext/sslext/1.2-0/sslext-1.2-0.pom (653 B at 18.8 KB/sec)
Downloading: https://repo.maven.apache.org/maven2/org/apache/struts/struts-core/1.3.8/struts-core-1.3.8.pom
1/5 KB      5/5 KB            Downloaded: https://repo.maven.apache.org/maven2/org/apache/struts/struts-core/1.3.8/struts-core-1.3.8.pom (5 KB at 191.4 KB/sec)
Downloading: https://repo.maven.apache.org/maven2/org/apache/struts/struts-parent/1.3.8/struts-parent-1.3.8.pom
4/10 KB   8/10 KB   10/10 KB              Downloaded: https://repo.maven.apache.org/maven2/org/apache/struts/struts-parent/1.3.8/struts-parent-1.3.8.pom (10 KB at 300.3 KB/sec)
Downloading: https://repo.maven.apache.org/maven2/org/apache/struts/struts-master/4/struts-master-4.pom
4/12 KB    8/12 KB   12/12 KB              Downloaded: https://repo.maven.apache.org/maven2/org/apache/struts/struts-master/4/struts-master-4.pom (12 KB at 202.7 KB/sec)
Downloading: https://repo.maven.apache.org/maven2/org/apache/apache/2/apache-2.pom
4/4 KB              Downloaded: https://repo.maven.apache.org/maven2/org/apache/apache/2/apache-2.pom (4 KB at 166.5 KB/sec)
Downloading: https://repo.maven.apache.org/maven2/antlr/antlr/2.7.2/antlr-2.7.2.pom
145/145 B               Downloaded: https://repo.maven.apache.org/maven2/antlr/antlr/2.7.2/antlr-2.7.2.pom (145 B at 6.7 KB/sec)
Downloading: https://repo.maven.apache.org/maven2/org/apache/struts/struts-taglib/1.3.8/struts-taglib-1.3.8.pom
4/4 KB               Downloaded: https://repo.maven.apache.org/maven2/org/apache/struts/struts-taglib/1.3.8/struts-taglib-1.3.8.pom (4 KB at 96.9 KB/sec)
Downloading: https://repo.maven.apache.org/maven2/org/apache/struts/struts-tiles/1.3.8/struts-tiles-1.3.8.pom
3/3 KB            Downloaded: https://repo.maven.apache.org/maven2/org/apache/struts/struts-tiles/1.3.8/struts-tiles-1.3.8.pom (3 KB at 123.3 KB/sec)
Downloading: https://repo.maven.apache.org/maven2/org/apache/velocity/velocity/1.6.2/velocity-1.6.2.pom
4/11 KB   8/11 KB   11/11 KB              Downloaded: https://repo.maven.apache.org/maven2/org/apache/velocity/velocity/1.6.2/velocity-1.6.2.pom (11 KB at 199.4 KB/sec)
Downloading: https://repo.maven.apache.org/maven2/org/apache/maven/wagon/wagon-provider-api/1.0-beta-6/wagon-provider-api-1.0-beta-6.pom
2/2 KB              Downloaded: https://repo.maven.apache.org/maven2/org/apache/maven/wagon/wagon-provider-api/1.0-beta-6/wagon-provider-api-1.0-beta-6.pom (2 KB at 85.9 KB/sec)
Downloading: https://repo.maven.apache.org/maven2/org/apache/maven/wagon/wagon/1.0-beta-6/wagon-1.0-beta-6.pom
4/13 KB   8/13 KB   12/13 KB   13/13 KB              Downloaded: https://repo.maven.apache.org/maven2/org/apache/maven/wagon/wagon/1.0-beta-6/wagon-1.0-beta-6.pom (13 KB at 525.9 KB/sec)
Downloading: https://repo.maven.apache.org/maven2/org/apache/httpcomponents/httpclient/4.2.3/httpclient-4.2.3.pom
4/6 KB     6/6 KB            Downloaded: https://repo.maven.apache.org/maven2/org/apache/httpcomponents/httpclient/4.2.3/httpclient-4.2.3.pom (6 KB at 222.0 KB/sec)
Downloading: https://repo.maven.apache.org/maven2/org/apache/httpcomponents/httpcomponents-client/4.2.3/httpcomponents-client-4.2.3.pom
4/15 KB   8/15 KB   12/15 KB   15/15 KB              Downloaded: https://repo.maven.apache.org/maven2/org/apache/httpcomponents/httpcomponents-client/4.2.3/httpcomponents-client-4.2.3.pom (15 KB at 594.2 KB/sec)
Downloading: https://repo.maven.apache.org/maven2/org/apache/httpcomponents/project/6/project-6.pom
4/24 KB    8/24 KB   12/24 KB   16/24 KB   20/24 KB   24/24 KB              Downloaded: https://repo.maven.apache.org/maven2/org/apache/httpcomponents/project/6/project-6.pom (24 KB at 1064.7 KB/sec)
Downloading: https://repo.maven.apache.org/maven2/org/apache/httpcomponents/httpcore/4.2.2/httpcore-4.2.2.pom
4/6 KB     6/6 KB            Downloaded: https://repo.maven.apache.org/maven2/org/apache/httpcomponents/httpcore/4.2.2/httpcore-4.2.2.pom (6 KB at 231.3 KB/sec)
Downloading: https://repo.maven.apache.org/maven2/org/apache/httpcomponents/httpcomponents-core/4.2.2/httpcomponents-core-4.2.2.pom
2/12 KB   6/12 KB   10/12 KB   12/12 KB              Downloaded: https://repo.maven.apache.org/maven2/org/apache/httpcomponents/httpcomponents-core/4.2.2/httpcomponents-core-4.2.2.pom (12 KB at 509.3 KB/sec)
Downloading: https://repo.maven.apache.org/maven2/log4j/log4j/1.2.14/log4j-1.2.14.pom
3/3 KB              Downloaded: https://repo.maven.apache.org/maven2/log4j/log4j/1.2.14/log4j-1.2.14.pom (3 KB at 100.8 KB/sec)
Downloading: https://repo.maven.apache.org/maven2/com/thoughtworks/qdox/qdox/1.12.1/qdox-1.12.1.pom
4/18 KB   8/18 KB   12/18 KB   16/18 KB   18/18 KB              Downloaded: https://repo.maven.apache.org/maven2/com/thoughtworks/qdox/qdox/1.12.1/qdox-1.12.1.pom (18 KB at 661.0 KB/sec)
Downloading: https://repo.maven.apache.org/maven2/org/codehaus/codehaus-parent/4/codehaus-parent-4.pom
4/5 KB     5/5 KB            Downloaded: https://repo.maven.apache.org/maven2/org/codehaus/codehaus-parent/4/codehaus-parent-4.pom (5 KB at 204.7 KB/sec)
Downloading: https://repo.maven.apache.org/maven2/org/apache/maven/shared/maven-invoker/2.0.9/maven-invoker-2.0.9.jar
Downloading: https://repo.maven.apache.org/maven2/org/apache/maven/doxia/doxia-sink-api/1.4/doxia-sink-api-1.4.jar
Downloading: https://repo.maven.apache.org/maven2/org/apache/maven/doxia/doxia-logging-api/1.4/doxia-logging-api-1.4.jar
Downloading: https://repo.maven.apache.org/maven2/org/apache/maven/doxia/doxia-site-renderer/1.4/doxia-site-renderer-1.4.jar
Downloading: https://repo.maven.apache.org/maven2/org/apache/maven/doxia/doxia-core/1.4/doxia-core-1.4.jar
4/28 KB   8/28 KB   3/11 KB   12/28 KB   3/11 KB   16/28 KB   3/11 KB   20/28 KB   3/11 KB   24/28 KB   3/11 KB   28/28 KB   3/11 KB   4/28 KB   3/11 KB   28/28 KB   7/11 KB   28/28 KB   11/11 KB                         Downloaded: https://repo.maven.apache.org/maven2/org/apache/maven/doxia/doxia-sink-api/1.4/doxia-sink-api-1.4.jar (11 KB at 295.7 KB/sec)
Downloading: https://repo.maven.apache.org/maven2/org/apache/maven/doxia/doxia-decoration-model/1.4/doxia-decoration-model-1.4.jar
                      Downloaded: https://repo.maven.apache.org/maven2/org/apache/maven/shared/maven-invoker/2.0.9/maven-invoker-2.0.9.jar (28 KB at 726.8 KB/sec)
Downloading: https://repo.maven.apache.org/maven2/org/apache/maven/doxia/doxia-module-xhtml/1.4/doxia-module-xhtml-1.4.jar
4/60 KB               8/60 KB   12/60 KB   16/60 KB   20/60 KB   24/60 KB   28/60 KB   32/60 KB   3/16 KB   36/60 KB   3/16 KB   40/60 KB   3/16 KB   44/60 KB   3/16 KB   48/60 KB   3/16 KB   52/60 KB   3/16 KB   56/60 KB   3/16 KB   60/60 KB   3/16 KB   28/60 KB   3/16 KB   60/60 KB   7/16 KB   60/60 KB   11/16 KB   60/60 KB   15/16 KB   60/60 KB   16/16 KB   60/60 KB   2/12 KB   16/16 KB   60/60 KB   6/12 KB   16/16 KB   60/60 KB   10/12 KB   16/16 KB   60/60 KB   12/12 KB   16/16 KB                                    Downloaded: https://repo.maven.apache.org/maven2/org/apache/maven/doxia/doxia-decoration-model/1.4/doxia-decoration-model-1.4.jar (60 KB at 1049.5 KB/sec)
Downloading: https://repo.maven.apache.org/maven2/org/apache/maven/doxia/doxia-module-fml/1.4/doxia-module-fml-1.4.jar
                                 Downloaded: https://repo.maven.apache.org/maven2/org/apache/maven/doxia/doxia-logging-api/1.4/doxia-logging-api-1.4.jar (12 KB at 178.2 KB/sec)
Downloading: https://repo.maven.apache.org/maven2/org/apache/velocity/velocity-tools/2.0/velocity-tools-2.0.jar
16/16 KB   4/37 KB               16/16 KB   8/37 KB   16/16 KB   12/37 KB   16/16 KB   16/37 KB   16/16 KB   20/37 KB   16/16 KB   24/37 KB   16/16 KB   28/37 KB   16/16 KB   32/37 KB   16/16 KB   36/37 KB   16/16 KB   37/37 KB   16/16 KB   37/37 KB   4/52 KB   16/16 KB   37/37 KB   8/52 KB   16/16 KB   37/37 KB   12/52 KB   16/16 KB   37/37 KB   16/52 KB   16/16 KB   37/37 KB   20/52 KB   16/16 KB   37/37 KB   24/52 KB   16/16 KB   37/37 KB   28/52 KB   16/16 KB   37/37 KB   32/52 KB   4/162 KB   16/16 KB   37/37 KB   32/52 KB   8/162 KB   16/16 KB   37/37 KB   32/52 KB   12/162 KB   16/16 KB   37/37 KB   32/52 KB   16/162 KB   16/16 KB   37/37 KB   32/52 KB   20/162 KB   16/16 KB   37/37 KB   32/52 KB   24/162 KB   16/16 KB   37/37 KB   32/52 KB   28/162 KB   16/16 KB   37/37 KB   32/52 KB   32/162 KB   16/16 KB   37/37 KB   32/52 KB   32/162 KB   16/16 KB   37/37 KB   36/52 KB   32/162 KB   16/16 KB   37/37 KB   40/52 KB   32/162 KB   16/16 KB   37/37 KB   44/52 KB   32/162 KB   16/16 KB   37/37 KB   48/52 KB   32/162 KB   16/16 KB   37/37 KB   52/52 KB                                                Downloaded: https://repo.maven.apache.org/maven2/org/apache/maven/doxia/doxia-module-xhtml/1.4/doxia-module-xhtml-1.4.jar (16 KB at 200.4 KB/sec)
Downloading: https://repo.maven.apache.org/maven2/commons-digester/commons-digester/1.8/commons-digester-1.8.jar
32/162 KB   37/37 KB   52/52 KB   4/339 KB   32/162 KB   37/37 KB   52/52 KB   8/339 KB   32/162 KB   52/52 KB   12/339 KB             32/162 KB   52/52 KB   16/339 KB   32/162 KB   52/52 KB   20/339 KB   32/162 KB   52/52 KB   24/339 KB   32/162 KB   52/52 KB   28/339 KB   32/162 KB   52/52 KB   32/339 KB   32/162 KB   52/52 KB   36/339 KB                                                36/162 KB   52/52 KB   36/339 KB   Downloaded: https://repo.maven.apache.org/maven2/org/apache/maven/doxia/doxia-module-fml/1.4/doxia-module-fml-1.4.jar (37 KB at 473.6 KB/sec)
40/162 KB   52/52 KB   36/339 KB   Downloading: https://repo.maven.apache.org/maven2/commons-chain/commons-chain/1.1/commons-chain-1.1.jar
44/162 KB   52/52 KB   36/339 KB   48/162 KB   52/52 KB   36/339 KB   52/162 KB   52/52 KB   36/339 KB   56/162 KB   52/52 KB   36/339 KB   56/162 KB   52/52 KB   40/339 KB   60/162 KB   52/52 KB   40/339 KB   60/162 KB   52/52 KB   44/339 KB   64/162 KB   52/52 KB   44/339 KB   64/162 KB   52/52 KB   48/339 KB   68/162 KB   52/52 KB   48/339 KB   72/162 KB   52/52 KB   48/339 KB   76/162 KB   52/52 KB   48/339 KB   80/162 KB   52/52 KB   48/339 KB                                      Downloaded: https://repo.maven.apache.org/maven2/org/apache/maven/doxia/doxia-site-renderer/1.4/doxia-site-renderer-1.4.jar (52 KB at 617.1 KB/sec)
80/162 KB   52/339 KB              80/162 KB   56/339 KB   80/162 KB   60/339 KB   80/162 KB   61/339 KB   80/162 KB   64/339 KB   80/162 KB   68/339 KB   80/162 KB   72/339 KB   80/162 KB   76/339 KB   84/162 KB   76/339 KB   Downloading: https://repo.maven.apache.org/maven2/dom4j/dom4j/1.1/dom4j-1.1.jar
88/162 KB   80/339 KB   92/162 KB   80/339 KB   96/162 KB   80/339 KB   100/162 KB   80/339 KB   104/162 KB   80/339 KB   108/162 KB   80/339 KB   112/162 KB   80/339 KB   116/162 KB   80/339 KB   120/162 KB   4/141 KB   80/339 KB   124/162 KB   4/141 KB   80/339 KB   128/162 KB   4/141 KB   80/339 KB   132/162 KB   4/141 KB   80/339 KB   136/162 KB   4/141 KB   80/339 KB   140/162 KB   4/141 KB   80/339 KB   144/162 KB   4/141 KB   80/339 KB   148/162 KB   4/141 KB   80/339 KB   152/162 KB   4/141 KB   80/339 KB   156/162 KB   4/141 KB   80/339 KB   160/162 KB   4/141 KB   80/339 KB   162/162 KB   4/141 KB   80/339 KB   84/162 KB   80/339 KB   116/162 KB   4/141 KB   80/339 KB   162/162 KB   8/141 KB   80/339 KB   162/162 KB   12/141 KB   84/339 KB   162/162 KB   12/141 KB   84/339 KB   162/162 KB   16/141 KB   88/339 KB   162/162 KB   20/141 KB   88/339 KB   162/162 KB   24/141 KB   88/339 KB   162/162 KB   28/141 KB   88/339 KB   162/162 KB   32/141 KB   88/339 KB   162/162 KB   12/141 KB   88/339 KB   162/162 KB   36/141 KB   92/339 KB   162/162 KB   36/141 KB   96/339 KB   162/162 KB   36/141 KB   100/339 KB   162/162 KB   36/141 KB   104/339 KB   162/162 KB   4/88 KB   36/141 KB   104/339 KB   162/162 KB   8/88 KB   36/141 KB   108/339 KB   162/162 KB   12/88 KB   36/141 KB   108/339 KB   162/162 KB   16/88 KB   36/141 KB   108/339 KB   162/162 KB   20/88 KB   36/141 KB   108/339 KB   162/162 KB   36/141 KB   88/339 KB   162/162 KB   20/88 KB   40/141 KB   108/339 KB   162/162 KB   20/88 KB   44/141 KB   108/339 KB   162/162 KB   20/88 KB   48/141 KB   108/339 KB   162/162 KB   20/88 KB   52/141 KB   108/339 KB   162/162 KB   20/88 KB   56/141 KB   108/339 KB   162/162 KB   20/88 KB   60/141 KB   108/339 KB   162/162 KB   20/88 KB   64/141 KB   108/339 KB   162/162 KB   20/88 KB   68/141 KB   108/339 KB   162/162 KB   20/88 KB   72/141 KB   108/339 KB   162/162 KB   20/88 KB   76/141 KB   108/339 KB   162/162 KB   20/88 KB   80/141 KB   108/339 KB   162/162 KB   24/88 KB   80/141 KB   108/339 KB   162/162 KB   28/88 KB   80/141 KB   108/339 KB   162/162 KB   32/88 KB   80/141 KB   108/339 KB   162/162 KB   36/88 KB   80/141 KB   108/339 KB   162/162 KB   40/88 KB   84/141 KB   108/339 KB   162/162 KB   44/88 KB   84/141 KB   108/339 KB   162/162 KB   48/88 KB   84/141 KB   108/339 KB   162/162 KB   52/88 KB   84/141 KB   108/339 KB   162/162 KB   56/88 KB   84/141 KB   108/339 KB   162/162 KB   60/88 KB   84/141 KB   108/339 KB   162/162 KB   64/88 KB   84/141 KB   108/339 KB   162/162 KB   68/88 KB   84/141 KB   108/339 KB   162/162 KB   72/88 KB   84/141 KB   108/339 KB   162/162 KB   76/88 KB   84/141 KB   108/339 KB   162/162 KB   80/88 KB   84/141 KB   108/339 KB   162/162 KB   84/88 KB   84/141 KB   108/339 KB   162/162 KB   88/88 KB   84/141 KB   108/339 KB   162/162 KB   88/88 KB   84/141 KB   108/339 KB   162/162 KB   4/88 KB   36/141 KB   108/339 KB   162/162 KB   36/88 KB   84/141 KB   108/339 KB   162/162 KB   88/88 KB   88/141 KB   108/339 KB   162/162 KB   88/88 KB   92/141 KB   108/339 KB   162/162 KB   88/88 KB   96/141 KB   108/339 KB   162/162 KB   88/88 KB   100/141 KB   108/339 KB   162/162 KB   88/88 KB   104/141 KB   108/339 KB   162/162 KB   88/88 KB   108/141 KB   108/339 KB   162/162 KB   88/88 KB   112/141 KB   108/339 KB   162/162 KB   88/88 KB   116/141 KB   108/339 KB   162/162 KB   88/88 KB   120/141 KB   108/339 KB   162/162 KB   88/88 KB   124/141 KB   108/339 KB   162/162 KB   88/88 KB   128/141 KB   108/339 KB   162/162 KB   88/88 KB   132/141 KB   108/339 KB   162/162 KB   88/88 KB   136/141 KB   108/339 KB   162/162 KB   88/88 KB   140/141 KB   108/339 KB   162/162 KB   88/88 KB   141/141 KB   108/339 KB   162/162 KB   88/88 KB   141/141 KB   112/339 KB   162/162 KB   88/88 KB   141/141 KB   116/339 KB   162/162 KB   88/88 KB   141/141 KB   120/339 KB   162/162 KB   88/88 KB   141/141 KB   124/339 KB   162/162 KB   88/88 KB   141/141 KB   128/339 KB   162/162 KB   88/88 KB   141/141 KB   132/339 KB   162/162 KB   88/88 KB   141/141 KB   136/339 KB   162/162 KB   88/88 KB   141/141 KB   140/339 KB   162/162 KB   88/88 KB   141/141 KB   144/339 KB   162/162 KB   88/88 KB   141/141 KB   148/339 KB   4/447 KB   162/162 KB   88/88 KB   141/141 KB   152/339 KB   4/447 KB   162/162 KB   88/88 KB   141/141 KB   156/339 KB   4/447 KB   162/162 KB   88/88 KB   141/141 KB   160/339 KB   4/447 KB   162/162 KB   88/88 KB   141/141 KB   164/339 KB   4/447 KB   162/162 KB   88/88 KB   141/141 KB   168/339 KB   4/447 KB   162/162 KB   88/88 KB   141/141 KB   172/339 KB   4/447 KB   162/162 KB   88/88 KB   141/141 KB   176/339 KB   4/447 KB   162/162 KB   88/88 KB   141/141 KB   180/339 KB   4/447 KB   162/162 KB   88/88 KB   141/141 KB   184/339 KB   4/447 KB   162/162 KB   88/88 KB   141/141 KB   188/339 KB   4/447 KB   162/162 KB   88/88 KB   141/141 KB   192/339 KB   4/447 KB   162/162 KB   88/88 KB   141/141 KB   196/339 KB   4/447 KB   162/162 KB   88/88 KB   141/141 KB   200/339 KB   4/447 KB   162/162 KB   88/88 KB   141/141 KB   204/339 KB   4/447 KB   162/162 KB   88/88 KB   141/141 KB   208/339 KB   4/447 KB   162/162 KB   88/88 KB   141/141 KB   212/339 KB   4/447 KB                                                                88/88 KB   141/141 KB   216/339 KB   4/447 KB                Downloaded: https://repo.maven.apache.org/maven2/org/apache/maven/doxia/doxia-core/1.4/doxia-core-1.4.jar (162 KB at 1533.6 KB/sec)
Downloading: https://repo.maven.apache.org/maven2/sslext/sslext/1.2-0/sslext-1.2-0.jar
162/162 KB   88/88 KB   141/141 KB   144/339 KB   4/447 KB   88/88 KB   141/141 KB   220/339 KB   8/447 KB   88/88 KB   141/141 KB   220/339 KB   12/447 KB   88/88 KB   141/141 KB   220/339 KB   16/447 KB   88/88 KB   141/141 KB   220/339 KB   20/447 KB   88/88 KB   141/141 KB   220/339 KB   24/447 KB   88/88 KB   141/141 KB   220/339 KB   28/447 KB   88/88 KB   141/141 KB   220/339 KB   32/447 KB   88/88 KB   141/141 KB   220/339 KB   36/447 KB   88/88 KB   141/141 KB   220/339 KB   40/447 KB   88/88 KB   141/141 KB   220/339 KB   44/447 KB   88/88 KB   141/141 KB   220/339 KB   48/447 KB   88/88 KB   141/141 KB   220/339 KB   52/447 KB   88/88 KB   141/141 KB   220/339 KB   56/447 KB   88/88 KB   141/141 KB   220/339 KB   60/447 KB   88/88 KB   141/141 KB   220/339 KB   64/447 KB   4/26 KB   220/339 KB   68/447 KB   4/26 KB   220/339 KB   72/447 KB   4/26 KB   220/339 KB   76/447 KB   4/26 KB   220/339 KB   80/447 KB   4/26 KB   220/339 KB   84/447 KB   4/26 KB   220/339 KB   88/447 KB   4/26 KB   220/339 KB   92/447 KB   4/26 KB   220/339 KB   96/447 KB   4/26 KB   220/339 KB   100/447 KB   4/26 KB   220/339 KB   104/447 KB   4/26 KB   220/339 KB   108/447 KB   4/26 KB   220/339 KB   112/447 KB   4/26 KB   220/339 KB   116/447 KB   4/26 KB   220/339 KB   120/447 KB   4/26 KB   220/339 KB   124/447 KB   4/26 KB   220/339 KB   128/447 KB   4/26 KB   220/339 KB   132/447 KB   4/26 KB   220/339 KB   136/447 KB   4/26 KB   220/339 KB   140/447 KB   4/26 KB   220/339 KB   144/447 KB   4/26 KB   220/339 KB   148/447 KB   4/26 KB   220/339 KB   152/447 KB   4/26 KB   220/339 KB   156/447 KB   4/26 KB   220/339 KB   160/447 KB   4/26 KB   220/339 KB   164/447 KB   4/26 KB   220/339 KB   168/447 KB   4/26 KB   220/339 KB   172/447 KB   4/26 KB   220/339 KB   176/447 KB   88/88 KB   141/141 KB   220/339 KB   4/447 KB   4/26 KB   220/339 KB   64/447 KB                 4/26 KB   224/339 KB   176/447 KB   8/26 KB   224/339 KB   176/447 KB   12/26 KB   224/339 KB   176/447 KB   16/26 KB   228/339 KB   176/447 KB   20/26 KB   228/339 KB   176/447 KB   24/26 KB   228/339 KB   176/447 KB   26/26 KB   228/339 KB   176/447 KB                                                    Downloaded: https://repo.maven.apache.org/maven2/commons-chain/commons-chain/1.1/commons-chain-1.1.jar (88 KB at 732.4 KB/sec)
                                                 Downloaded: https://repo.maven.apache.org/maven2/commons-digester/commons-digester/1.8/commons-digester-1.8.jar (141 KB at 1159.0 KB/sec)
Downloading: https://repo.maven.apache.org/maven2/org/apache/struts/struts-core/1.3.8/struts-core-1.3.8.jar
Downloading: https://repo.maven.apache.org/maven2/antlr/antlr/2.7.2/antlr-2.7.2.jar
12/26 KB   228/339 KB   176/447 KB   26/26 KB   232/339 KB   176/447 KB   26/26 KB   236/339 KB   176/447 KB   26/26 KB   240/339 KB   176/447 KB   26/26 KB   244/339 KB   176/447 KB   26/26 KB   248/339 KB   176/447 KB   26/26 KB   252/339 KB   176/447 KB   26/26 KB   253/339 KB   176/447 KB   26/26 KB   257/339 KB   176/447 KB   26/26 KB   261/339 KB   176/447 KB   26/26 KB   265/339 KB   176/447 KB   26/26 KB   269/339 KB   176/447 KB   26/26 KB   273/339 KB   176/447 KB   26/26 KB   277/339 KB   176/447 KB   26/26 KB   281/339 KB   176/447 KB   26/26 KB   285/339 KB   176/447 KB   26/26 KB   289/339 KB   176/447 KB   26/26 KB   293/339 KB   176/447 KB   26/26 KB   297/339 KB   176/447 KB   26/26 KB   301/339 KB   176/447 KB   26/26 KB   305/339 KB   176/447 KB   26/26 KB   309/339 KB   176/447 KB   26/26 KB   313/339 KB   176/447 KB   26/26 KB   317/339 KB   176/447 KB   26/26 KB   321/339 KB   176/447 KB   26/26 KB   325/339 KB   176/447 KB   26/26 KB   329/339 KB   176/447 KB   26/26 KB   333/339 KB   176/447 KB   26/26 KB   337/339 KB   176/447 KB   26/26 KB   339/339 KB   176/447 KB   26/26 KB   339/339 KB   180/447 KB   26/26 KB   339/339 KB   184/447 KB   26/26 KB   339/339 KB   188/447 KB   26/26 KB   339/339 KB   192/447 KB   26/26 KB   339/339 KB   196/447 KB   26/26 KB   339/339 KB   200/447 KB   26/26 KB   339/339 KB   204/447 KB   26/26 KB   339/339 KB   208/447 KB   26/26 KB   339/339 KB   212/447 KB   26/26 KB   339/339 KB   216/447 KB   26/26 KB   339/339 KB   220/447 KB   26/26 KB   339/339 KB   224/447 KB   26/26 KB   339/339 KB   228/447 KB   26/26 KB   339/339 KB   232/447 KB   26/26 KB   339/339 KB   236/447 KB   26/26 KB   339/339 KB   240/447 KB                                        339/339 KB   244/447 KB              Downloaded: https://repo.maven.apache.org/maven2/sslext/sslext/1.2-0/sslext-1.2-0.jar (26 KB at 196.9 KB/sec)
339/339 KB   248/447 KB   Downloading: https://repo.maven.apache.org/maven2/org/apache/struts/struts-taglib/1.3.8/struts-taglib-1.3.8.jar
339/339 KB   252/447 KB   339/339 KB   256/447 KB   339/339 KB   260/447 KB   4/322 KB   339/339 KB   260/447 KB   4/322 KB   339/339 KB   264/447 KB   8/322 KB   339/339 KB   264/447 KB   8/322 KB   339/339 KB   268/447 KB   12/322 KB   339/339 KB   272/447 KB   12/322 KB   339/339 KB   276/447 KB   12/322 KB   339/339 KB   280/447 KB   12/322 KB   339/339 KB   284/447 KB   12/322 KB   339/339 KB   288/447 KB   12/322 KB   4/350 KB   339/339 KB   288/447 KB   12/322 KB   4/350 KB   339/339 KB   292/447 KB   12/322 KB   8/350 KB   339/339 KB   292/447 KB   12/322 KB   8/350 KB   339/339 KB   296/447 KB   12/322 KB   12/350 KB   339/339 KB   300/447 KB   12/322 KB   12/350 KB   339/339 KB   304/447 KB   12/322 KB   12/350 KB   339/339 KB   308/447 KB   12/322 KB   12/350 KB   339/339 KB   312/447 KB   12/322 KB   12/350 KB   339/339 KB   316/447 KB   12/322 KB   12/350 KB   339/339 KB   320/447 KB   12/322 KB   12/350 KB   339/339 KB   324/447 KB   12/322 KB   12/350 KB   339/339 KB   328/447 KB   12/322 KB   12/350 KB   339/339 KB   332/447 KB   12/322 KB   12/350 KB   339/339 KB   336/447 KB   12/322 KB   12/350 KB   339/339 KB   340/447 KB   12/322 KB   12/350 KB   339/339 KB   344/447 KB   12/322 KB   12/350 KB   339/339 KB   348/447 KB   12/322 KB   12/350 KB   339/339 KB   352/447 KB   12/322 KB   12/350 KB   339/339 KB   356/447 KB   12/322 KB   12/350 KB   339/339 KB   360/447 KB   12/322 KB   12/350 KB   339/339 KB   364/447 KB   12/322 KB   12/350 KB   339/339 KB   368/447 KB   12/322 KB   12/350 KB   339/339 KB   372/447 KB   12/322 KB   12/350 KB   339/339 KB   376/447 KB   12/322 KB   12/350 KB   339/339 KB   380/447 KB   12/322 KB   12/350 KB   339/339 KB   384/447 KB   12/322 KB   12/350 KB   339/339 KB   388/447 KB   12/322 KB   12/350 KB   339/339 KB   392/447 KB   12/322 KB   12/350 KB   339/339 KB   396/447 KB   12/322 KB   12/350 KB   339/339 KB   400/447 KB   12/322 KB   12/350 KB   339/339 KB   404/447 KB   12/322 KB   12/350 KB   339/339 KB   408/447 KB   12/322 KB   12/350 KB   339/339 KB   412/447 KB   12/322 KB   12/350 KB   339/339 KB   416/447 KB   12/322 KB   12/350 KB   339/339 KB   420/447 KB   12/322 KB   12/350 KB   339/339 KB   424/447 KB   12/322 KB   339/339 KB   268/447 KB   16/322 KB   12/350 KB   339/339 KB   424/447 KB   20/322 KB   12/350 KB   339/339 KB   424/447 KB   24/322 KB   12/350 KB   339/339 KB   424/447 KB   28/322 KB   12/350 KB   339/339 KB   424/447 KB   32/322 KB   12/350 KB   339/339 KB   424/447 KB   36/322 KB   12/350 KB   339/339 KB   424/447 KB   40/322 KB   12/350 KB   339/339 KB   424/447 KB   44/322 KB   12/350 KB   339/339 KB   424/447 KB   48/322 KB   12/350 KB   339/339 KB   424/447 KB   52/322 KB   12/350 KB   339/339 KB   424/447 KB   56/322 KB   12/350 KB   339/339 KB   424/447 KB   60/322 KB   12/350 KB   339/339 KB   424/447 KB   64/322 KB   12/350 KB   339/339 KB   424/447 KB                                                     Downloaded: https://repo.maven.apache.org/maven2/org/apache/velocity/velocity-tools/2.0/velocity-tools-2.0.jar (339 KB at 2434.9 KB/sec)
Downloading: https://repo.maven.apache.org/maven2/org/apache/struts/struts-tiles/1.3.8/struts-tiles-1.3.8.jar
68/322 KB   12/350 KB   424/447 KB                72/322 KB   12/350 KB   424/447 KB   76/322 KB   12/350 KB   424/447 KB   80/322 KB   12/350 KB   424/447 KB   84/322 KB   12/350 KB   424/447 KB   88/322 KB   12/350 KB   424/447 KB   92/322 KB   12/350 KB   424/447 KB   96/322 KB   12/350 KB   424/447 KB   100/322 KB   12/350 KB   424/447 KB   104/322 KB   12/350 KB   424/447 KB   108/322 KB   12/350 KB   424/447 KB   112/322 KB   12/350 KB   424/447 KB   116/322 KB   12/350 KB   424/447 KB   120/322 KB   12/350 KB   424/447 KB   124/322 KB   12/350 KB   424/447 KB   128/322 KB   12/350 KB   424/447 KB   12/322 KB   12/350 KB   339/339 KB   296/447 KB   128/322 KB   16/350 KB   424/447 KB   128/322 KB   20/350 KB   424/447 KB   128/322 KB   24/350 KB   424/447 KB   128/322 KB   28/350 KB   424/447 KB   128/322 KB   32/350 KB   424/447 KB   128/322 KB   36/350 KB   424/447 KB   128/322 KB   40/350 KB   424/447 KB   128/322 KB   44/350 KB   424/447 KB   128/322 KB   48/350 KB   424/447 KB   128/322 KB   52/350 KB   424/447 KB   128/322 KB   56/350 KB   424/447 KB   128/322 KB   60/350 KB   424/447 KB   128/322 KB   64/350 KB   424/447 KB   128/322 KB   68/350 KB   424/447 KB   128/322 KB   72/350 KB   424/447 KB   128/322 KB   76/350 KB   424/447 KB   128/322 KB   80/350 KB   424/447 KB   128/322 KB   84/350 KB   424/447 KB   128/322 KB   88/350 KB   424/447 KB   128/322 KB   92/350 KB   424/447 KB   128/322 KB   96/350 KB   424/447 KB   128/322 KB   100/350 KB   424/447 KB   128/322 KB   104/350 KB   424/447 KB   128/322 KB   108/350 KB   424/447 KB   128/322 KB   112/350 KB   424/447 KB   132/322 KB   112/350 KB   424/447 KB   136/322 KB   112/350 KB   424/447 KB   140/322 KB   112/350 KB   428/447 KB   144/322 KB   112/350 KB   428/447 KB   148/322 KB   112/350 KB   428/447 KB   152/322 KB   112/350 KB   428/447 KB   156/322 KB   112/350 KB   428/447 KB   160/322 KB   112/350 KB   428/447 KB   164/322 KB   112/350 KB   428/447 KB   168/322 KB   112/350 KB   428/447 KB   172/322 KB   112/350 KB   428/447 KB   176/322 KB   112/350 KB   428/447 KB   180/322 KB   112/350 KB   428/447 KB   184/322 KB   112/350 KB   428/447 KB   188/322 KB   112/350 KB   428/447 KB   192/322 KB   112/350 KB   428/447 KB   196/322 KB   112/350 KB   428/447 KB   200/322 KB   112/350 KB   428/447 KB   204/322 KB   112/350 KB   428/447 KB   208/322 KB   112/350 KB   428/447 KB   212/322 KB   112/350 KB   428/447 KB   216/322 KB   112/350 KB   428/447 KB   220/322 KB   116/350 KB   428/447 KB   224/322 KB   116/350 KB   428/447 KB   224/322 KB   4/117 KB   116/350 KB   428/447 KB   224/322 KB   8/117 KB   116/350 KB   428/447 KB   228/322 KB   12/117 KB   116/350 KB   428/447 KB   228/322 KB   16/117 KB   116/350 KB   428/447 KB   228/322 KB   20/117 KB   116/350 KB   428/447 KB   228/322 KB   24/117 KB   116/350 KB   428/447 KB   228/322 KB   28/117 KB   116/350 KB   428/447 KB   228/322 KB   32/117 KB   116/350 KB   428/447 KB   228/322 KB   36/117 KB   116/350 KB   428/447 KB   228/322 KB   40/117 KB   116/350 KB   428/447 KB   228/322 KB   44/117 KB   116/350 KB   428/447 KB   228/322 KB   48/117 KB   116/350 KB   428/447 KB   228/322 KB   52/117 KB   116/350 KB   428/447 KB   228/322 KB   56/117 KB   116/350 KB   428/447 KB   228/322 KB   60/117 KB   116/350 KB   428/447 KB   228/322 KB   64/117 KB   116/350 KB   428/447 KB   228/322 KB   68/117 KB   116/350 KB   428/447 KB   228/322 KB   72/117 KB   116/350 KB   428/447 KB   228/322 KB   76/117 KB   116/350 KB   428/447 KB   228/322 KB   80/117 KB   116/350 KB   428/447 KB   228/322 KB   84/117 KB   116/350 KB   428/447 KB   228/322 KB   88/117 KB   116/350 KB   428/447 KB   228/322 KB   92/117 KB   116/350 KB   428/447 KB   228/322 KB   96/117 KB   116/350 KB   428/447 KB   228/322 KB   100/117 KB   116/350 KB   428/447 KB   228/322 KB   104/117 KB   116/350 KB   428/447 KB   228/322 KB   108/117 KB   116/350 KB   428/447 KB   228/322 KB   112/117 KB   116/350 KB   428/447 KB   228/322 KB   116/117 KB   116/350 KB   428/447 KB   228/322 KB   117/117 KB   116/350 KB   428/447 KB   136/322 KB   112/350 KB   428/447 KB   228/322 KB   8/117 KB   116/350 KB   428/447 KB   228/322 KB   117/117 KB   116/350 KB   432/447 KB   216/322 KB   116/350 KB   428/447 KB   232/322 KB   117/117 KB   120/350 KB   432/447 KB   232/322 KB   117/117 KB   124/350 KB   432/447 KB   232/322 KB   117/117 KB   125/350 KB   432/447 KB   232/322 KB   117/117 KB   125/350 KB   436/447 KB   232/322 KB   117/117 KB   125/350 KB   440/447 KB   232/322 KB   117/117 KB   125/350 KB   444/447 KB   232/322 KB   117/117 KB   116/350 KB   432/447 KB   232/322 KB   117/117 KB   129/350 KB   447/447 KB   232/322 KB   117/117 KB   129/350 KB   444/447 KB   236/322 KB   117/117 KB   133/350 KB   447/447 KB   236/322 KB   117/117 KB   137/350 KB   447/447 KB   236/322 KB   117/117 KB   141/350 KB   447/447 KB   236/322 KB   117/117 KB   145/350 KB   447/447 KB   236/322 KB   117/117 KB   149/350 KB   447/447 KB   236/322 KB   117/117 KB   153/350 KB   447/447 KB   236/322 KB   117/117 KB   157/350 KB   447/447 KB   236/322 KB   117/117 KB   161/350 KB   447/447 KB   236/322 KB   117/117 KB   165/350 KB   447/447 KB   236/322 KB   117/117 KB   169/350 KB   447/447 KB   236/322 KB   117/117 KB   173/350 KB   447/447 KB   236/322 KB   117/117 KB   177/350 KB   447/447 KB   236/322 KB   117/117 KB   181/350 KB   447/447 KB   236/322 KB   117/117 KB   185/350 KB   447/447 KB   236/322 KB   117/117 KB   189/350 KB   447/447 KB   236/322 KB   117/117 KB   193/350 KB   447/447 KB   236/322 KB   117/117 KB   197/350 KB   447/447 KB   236/322 KB   117/117 KB   201/350 KB   447/447 KB   236/322 KB   117/117 KB   205/350 KB   447/447 KB   236/322 KB   117/117 KB   209/350 KB   447/447 KB   236/322 KB   117/117 KB   213/350 KB   447/447 KB   236/322 KB   117/117 KB   217/350 KB   447/447 KB   236/322 KB   117/117 KB   221/350 KB   447/447 KB   236/322 KB   117/117 KB   129/350 KB   447/447 KB   240/322 KB   117/117 KB   221/350 KB   447/447 KB   244/322 KB   117/117 KB   221/350 KB   447/447 KB   248/322 KB   117/117 KB   221/350 KB   447/447 KB   252/322 KB   117/117 KB   221/350 KB   447/447 KB   256/322 KB   117/117 KB   221/350 KB   447/447 KB   260/322 KB   117/117 KB   221/350 KB   447/447 KB   264/322 KB   117/117 KB   221/350 KB   447/447 KB   268/322 KB   117/117 KB   221/350 KB   447/447 KB   272/322 KB   117/117 KB   221/350 KB   447/447 KB   276/322 KB   117/117 KB   221/350 KB   447/447 KB   280/322 KB   117/117 KB   221/350 KB   447/447 KB   284/322 KB   117/117 KB   221/350 KB   447/447 KB   288/322 KB   117/117 KB   221/350 KB   447/447 KB   292/322 KB   117/117 KB   221/350 KB   447/447 KB   296/322 KB   117/117 KB   221/350 KB   447/447 KB   300/322 KB   117/117 KB   221/350 KB   447/447 KB   300/322 KB   117/117 KB   225/350 KB   447/447 KB   304/322 KB   117/117 KB   225/350 KB   447/447 KB   304/322 KB   117/117 KB   229/350 KB   447/447 KB   308/322 KB   117/117 KB   229/350 KB   447/447 KB   308/322 KB   117/117 KB   233/350 KB   447/447 KB   308/322 KB   117/117 KB   237/350 KB   447/447 KB   312/322 KB   117/117 KB   237/350 KB   447/447 KB   312/322 KB   117/117 KB   241/350 KB   447/447 KB   316/322 KB   245/350 KB   447/447 KB                316/322 KB   249/350 KB   447/447 KB   316/322 KB   253/350 KB   447/447 KB   316/322 KB   257/350 KB   447/447 KB   316/322 KB   261/350 KB   447/447 KB   316/322 KB   265/350 KB   447/447 KB   316/322 KB   269/350 KB   447/447 KB   316/322 KB   273/350 KB   447/447 KB   316/322 KB   277/350 KB   447/447 KB   316/322 KB   281/350 KB   447/447 KB   316/322 KB   285/350 KB   447/447 KB   316/322 KB   289/350 KB   447/447 KB   316/322 KB   293/350 KB                316/322 KB   297/350 KB   316/322 KB   301/350 KB                                                       Downloaded: https://repo.maven.apache.org/maven2/org/apache/struts/struts-tiles/1.3.8/struts-tiles-1.3.8.jar (117 KB at 708.2 KB/sec)
Downloading: https://repo.maven.apache.org/maven2/org/apache/httpcomponents/httpclient/4.2.3/httpclient-4.2.3.jar
316/322 KB   305/350 KB   316/322 KB   309/350 KB   316/322 KB   313/350 KB   316/322 KB   317/350 KB   316/322 KB   321/350 KB   316/322 KB   325/350 KB   316/322 KB   329/350 KB   316/322 KB   333/350 KB   316/322 KB   337/350 KB   316/322 KB   341/350 KB   316/322 KB   345/350 KB   316/322 KB   349/350 KB   316/322 KB   350/350 KB   316/322 KB   117/117 KB   241/350 KB   447/447 KB   320/322 KB   350/350 KB   322/322 KB   350/350 KB                                          Downloaded: https://repo.maven.apache.org/maven2/dom4j/dom4j/1.1/dom4j-1.1.jar (447 KB at 2535.3 KB/sec)
Downloading: https://repo.maven.apache.org/maven2/org/apache/httpcomponents/httpcore/4.2.2/httpcore-4.2.2.jar
322/322 KB   4/423 KB   350/350 KB   322/322 KB   8/423 KB   350/350 KB   322/322 KB   12/423 KB   350/350 KB   322/322 KB   16/423 KB   350/350 KB   322/322 KB   20/423 KB   350/350 KB   322/322 KB   24/423 KB   350/350 KB   322/322 KB   28/423 KB   350/350 KB   322/322 KB   32/423 KB   350/350 KB   322/322 KB   36/423 KB   350/350 KB   322/322 KB   40/423 KB   350/350 KB   322/322 KB   44/423 KB   350/350 KB   322/322 KB   48/423 KB   350/350 KB   322/322 KB   52/423 KB   350/350 KB   322/322 KB   56/423 KB   350/350 KB   322/322 KB   60/423 KB   350/350 KB   322/322 KB   64/423 KB   350/350 KB                                         Downloaded: https://repo.maven.apache.org/maven2/antlr/antlr/2.7.2/antlr-2.7.2.jar (350 KB at 1943.8 KB/sec)
322/322 KB   68/423 KB                Downloading: https://repo.maven.apache.org/maven2/log4j/log4j/1.2.14/log4j-1.2.14.jar
322/322 KB   72/423 KB   322/322 KB   76/423 KB   322/322 KB   80/423 KB   322/322 KB   84/423 KB   322/322 KB   88/423 KB   322/322 KB   92/423 KB   322/322 KB   96/423 KB   322/322 KB   100/423 KB   322/322 KB   104/423 KB   322/322 KB   108/423 KB                             112/423 KB                Downloaded: https://repo.maven.apache.org/maven2/org/apache/struts/struts-core/1.3.8/struts-core-1.3.8.jar (322 KB at 1736.1 KB/sec)
Downloading: https://repo.maven.apache.org/maven2/com/thoughtworks/qdox/qdox/1.12.1/qdox-1.12.1.jar
116/423 KB   120/423 KB   124/423 KB   128/423 KB   132/423 KB   4/219 KB   132/423 KB   8/219 KB   132/423 KB   12/219 KB   132/423 KB   16/219 KB   132/423 KB   20/219 KB   132/423 KB   24/219 KB   132/423 KB   28/219 KB   132/423 KB   32/219 KB   132/423 KB   36/219 KB   132/423 KB   40/219 KB   132/423 KB   44/219 KB   132/423 KB   48/219 KB   132/423 KB   52/219 KB   132/423 KB   56/219 KB   132/423 KB   60/219 KB   132/423 KB   64/219 KB   132/423 KB   68/219 KB   132/423 KB   72/219 KB   132/423 KB   76/219 KB   132/423 KB   80/219 KB   132/423 KB   84/219 KB   132/423 KB   88/219 KB   132/423 KB   92/219 KB   132/423 KB   96/219 KB   132/423 KB   100/219 KB   132/423 KB   104/219 KB   132/423 KB   108/219 KB   132/423 KB   112/219 KB   132/423 KB   112/219 KB   132/423 KB   4/359 KB   116/219 KB   132/423 KB   8/359 KB   116/219 KB   132/423 KB   8/359 KB   120/219 KB   136/423 KB   8/359 KB   120/219 KB   136/423 KB   12/359 KB   116/219 KB   136/423 KB   12/359 KB   124/219 KB   136/423 KB   12/359 KB   128/219 KB   136/423 KB   12/359 KB   128/219 KB   136/423 KB   16/359 KB   132/219 KB   136/423 KB   16/359 KB   136/219 KB   136/423 KB   16/359 KB   140/219 KB   136/423 KB   20/359 KB   140/219 KB   136/423 KB   20/359 KB   144/219 KB   136/423 KB   20/359 KB   144/219 KB   136/423 KB   24/359 KB   144/219 KB   140/423 KB   24/359 KB   144/219 KB   144/423 KB   24/359 KB   144/219 KB   144/423 KB   28/359 KB   144/219 KB   144/423 KB   32/359 KB   144/219 KB   148/423 KB   32/359 KB   144/219 KB   152/423 KB   32/359 KB   144/219 KB   156/423 KB   32/359 KB   144/219 KB   160/423 KB   32/359 KB   144/219 KB   160/423 KB   36/359 KB   144/219 KB   160/423 KB   40/359 KB   144/219 KB   164/423 KB   40/359 KB   144/219 KB   164/423 KB   44/359 KB   144/219 KB   168/423 KB   44/359 KB   144/219 KB   172/423 KB   48/359 KB   144/219 KB   172/423 KB   48/359 KB   144/219 KB   176/423 KB   48/359 KB   144/219 KB   180/423 KB   48/359 KB   144/219 KB   180/423 KB   52/359 KB   144/219 KB   184/423 KB   52/359 KB   144/219 KB   188/423 KB   56/359 KB   144/219 KB   188/423 KB   56/359 KB   144/219 KB   192/423 KB   56/359 KB   144/219 KB   192/423 KB   60/359 KB   144/219 KB   192/423 KB   64/359 KB   144/219 KB   196/423 KB   64/359 KB   144/219 KB   196/423 KB   68/359 KB   148/219 KB   196/423 KB   68/359 KB   148/219 KB   196/423 KB   72/359 KB   152/219 KB   196/423 KB   72/359 KB   156/219 KB   196/423 KB   72/359 KB   156/219 KB   196/423 KB   76/359 KB   160/219 KB   196/423 KB   76/359 KB   160/219 KB   196/423 KB   80/359 KB   164/219 KB   196/423 KB   80/359 KB   168/219 KB   196/423 KB   80/359 KB   172/219 KB   196/423 KB   80/359 KB   176/219 KB   196/423 KB   80/359 KB   180/219 KB   196/423 KB   80/359 KB   184/219 KB   196/423 KB   80/359 KB   188/219 KB   196/423 KB   80/359 KB   192/219 KB   196/423 KB   80/359 KB   4/176 KB   192/219 KB   196/423 KB   80/359 KB   8/176 KB   192/219 KB   196/423 KB   80/359 KB   8/176 KB   196/219 KB   196/423 KB   80/359 KB   12/176 KB   196/219 KB   196/423 KB   80/359 KB   12/176 KB   200/219 KB   196/423 KB   80/359 KB   16/176 KB   200/219 KB   196/423 KB   80/359 KB   16/176 KB   204/219 KB   196/423 KB   80/359 KB   16/176 KB   208/219 KB   196/423 KB   80/359 KB   20/176 KB   208/219 KB   196/423 KB   80/359 KB   20/176 KB   212/219 KB   196/423 KB   80/359 KB   24/176 KB   212/219 KB   196/423 KB   80/359 KB   28/176 KB   212/219 KB   196/423 KB   80/359 KB   28/176 KB   216/219 KB   196/423 KB   80/359 KB   32/176 KB   216/219 KB   196/423 KB   80/359 KB   32/176 KB   219/219 KB   196/423 KB   80/359 KB   36/176 KB   219/219 KB   196/423 KB   80/359 KB   40/176 KB   219/219 KB   196/423 KB   80/359 KB   44/176 KB   219/219 KB   196/423 KB   80/359 KB   48/176 KB   219/219 KB   196/423 KB   80/359 KB   52/176 KB   219/219 KB   196/423 KB   80/359 KB   52/176 KB   219/219 KB   200/423 KB   80/359 KB   56/176 KB   219/219 KB   200/423 KB   80/359 KB   56/176 KB   219/219 KB   204/423 KB   80/359 KB   60/176 KB   219/219 KB   204/423 KB   80/359 KB   60/176 KB   219/219 KB   208/423 KB   80/359 KB   64/176 KB   219/219 KB   208/423 KB   80/359 KB   64/176 KB   219/219 KB   212/423 KB   80/359 KB   68/176 KB   219/219 KB   212/423 KB   80/359 KB   68/176 KB   219/219 KB   216/423 KB   80/359 KB   72/176 KB   219/219 KB   216/423 KB   80/359 KB   72/176 KB   219/219 KB   220/423 KB   80/359 KB   76/176 KB   219/219 KB   220/423 KB   80/359 KB   76/176 KB   219/219 KB   224/423 KB   80/359 KB   80/176 KB   219/219 KB   224/423 KB   80/359 KB   80/176 KB   219/219 KB   228/423 KB   80/359 KB   84/176 KB   219/219 KB   228/423 KB   80/359 KB   84/176 KB   219/219 KB   232/423 KB   80/359 KB   88/176 KB   219/219 KB   232/423 KB   80/359 KB   92/176 KB   219/219 KB   236/423 KB   80/359 KB   96/176 KB   219/219 KB   236/423 KB   80/359 KB   88/176 KB   219/219 KB   236/423 KB   80/359 KB   100/176 KB   219/219 KB   236/423 KB   80/359 KB   100/176 KB   219/219 KB   240/423 KB   80/359 KB   104/176 KB   219/219 KB   240/423 KB   80/359 KB   104/176 KB   219/219 KB   244/423 KB   80/359 KB   108/176 KB   219/219 KB   244/423 KB   80/359 KB   112/176 KB   219/219 KB   244/423 KB   80/359 KB   112/176 KB   219/219 KB   248/423 KB   80/359 KB   112/176 KB   219/219 KB   252/423 KB   80/359 KB   116/176 KB   219/219 KB   252/423 KB   80/359 KB   120/176 KB   219/219 KB   256/423 KB   80/359 KB   120/176 KB   219/219 KB   256/423 KB   80/359 KB   124/176 KB   219/219 KB   256/423 KB   80/359 KB   128/176 KB   219/219 KB   256/423 KB   80/359 KB   128/176 KB   219/219 KB   260/423 KB   80/359 KB   128/176 KB   219/219 KB   264/423 KB   80/359 KB   132/176 KB   219/219 KB   264/423 KB   80/359 KB   132/176 KB   219/219 KB   268/423 KB   80/359 KB   136/176 KB   219/219 KB   268/423 KB   80/359 KB   136/176 KB   219/219 KB   272/423 KB   80/359 KB   140/176 KB   219/219 KB   272/423 KB   80/359 KB   144/176 KB   219/219 KB   272/423 KB   80/359 KB   144/176 KB   219/219 KB   276/423 KB   80/359 KB   144/176 KB   219/219 KB   280/423 KB   80/359 KB   148/176 KB   219/219 KB   280/423 KB   80/359 KB   148/176 KB   219/219 KB   284/423 KB   80/359 KB   152/176 KB   219/219 KB   284/423 KB   80/359 KB   152/176 KB   219/219 KB   288/423 KB   80/359 KB   156/176 KB   219/219 KB   288/423 KB   80/359 KB   160/176 KB   219/219 KB   288/423 KB   80/359 KB   160/176 KB   219/219 KB   292/423 KB   80/359 KB   160/176 KB   219/219 KB   296/423 KB   80/359 KB   164/176 KB   219/219 KB   296/423 KB   80/359 KB   164/176 KB   219/219 KB   300/423 KB   80/359 KB   168/176 KB   219/219 KB   300/423 KB   80/359 KB   168/176 KB   219/219 KB   304/423 KB   80/359 KB   172/176 KB   219/219 KB   304/423 KB   80/359 KB   176/176 KB   219/219 KB   304/423 KB   80/359 KB   176/176 KB   219/219 KB   308/423 KB   80/359 KB   176/176 KB   219/219 KB   312/423 KB   80/359 KB   176/176 KB   219/219 KB   316/423 KB   80/359 KB   176/176 KB   219/219 KB   320/423 KB   80/359 KB   176/176 KB   219/219 KB   320/423 KB   84/359 KB   176/176 KB   219/219 KB   320/423 KB   88/359 KB   176/176 KB   219/219 KB   324/423 KB   88/359 KB   176/176 KB   219/219 KB   324/423 KB   92/359 KB   176/176 KB   219/219 KB   328/423 KB   92/359 KB   176/176 KB   219/219 KB   332/423 KB   96/359 KB   176/176 KB   219/219 KB   332/423 KB   96/359 KB   176/176 KB   219/219 KB   336/423 KB   96/359 KB   176/176 KB   219/219 KB   340/423 KB   100/359 KB   176/176 KB   219/219 KB   340/423 KB   100/359 KB   176/176 KB   219/219 KB   344/423 KB   100/359 KB   176/176 KB   219/219 KB   348/423 KB   104/359 KB   176/176 KB   219/219 KB   348/423 KB   104/359 KB   176/176 KB   219/219 KB   352/423 KB   104/359 KB   176/176 KB   219/219 KB   352/423 KB   108/359 KB   176/176 KB   219/219 KB   352/423 KB   112/359 KB   176/176 KB   219/219 KB   356/423 KB   112/359 KB   176/176 KB   219/219 KB   360/423 KB   112/359 KB   176/176 KB   219/219 KB   364/423 KB   112/359 KB   176/176 KB   219/219 KB   368/423 KB   112/359 KB   176/176 KB   219/219 KB   368/423 KB   116/359 KB   176/176 KB   219/219 KB   368/423 KB   120/359 KB   176/176 KB   219/219 KB   372/423 KB   120/359 KB   176/176 KB   219/219 KB   376/423 KB   124/359 KB   176/176 KB   219/219 KB   376/423 KB   124/359 KB   176/176 KB   219/219 KB   380/423 KB   124/359 KB   176/176 KB   219/219 KB   380/423 KB   128/359 KB   176/176 KB   219/219 KB   384/423 KB   128/359 KB   176/176 KB   219/219 KB   388/423 KB   132/359 KB   176/176 KB   219/219 KB   388/423 KB   132/359 KB   176/176 KB   219/219 KB   392/423 KB   132/359 KB   176/176 KB   219/219 KB   396/423 KB   136/359 KB   176/176 KB   219/219 KB   396/423 KB   136/359 KB   176/176 KB   219/219 KB   400/423 KB   136/359 KB   176/176 KB   219/219 KB   400/423 KB   140/359 KB   176/176 KB   219/219 KB   400/423 KB   144/359 KB   176/176 KB   219/219 KB   404/423 KB   144/359 KB   176/176 KB   219/219 KB   408/423 KB   144/359 KB   176/176 KB   219/219 KB   412/423 KB   144/359 KB   176/176 KB   219/219 KB   416/423 KB   148/359 KB   176/176 KB   219/219 KB   416/423 KB   148/359 KB   176/176 KB   219/219 KB   416/423 KB   152/359 KB   176/176 KB   219/219 KB   420/423 KB   152/359 KB   176/176 KB   219/219 KB   420/423 KB   156/359 KB   176/176 KB   219/219 KB   423/423 KB   156/359 KB   176/176 KB   219/219 KB   423/423 KB   160/359 KB   176/176 KB   219/219 KB   423/423 KB   164/359 KB   176/176 KB   219/219 KB   423/423 KB   168/359 KB   176/176 KB   219/219 KB   423/423 KB   172/359 KB   176/176 KB   219/219 KB   423/423 KB   176/359 KB   176/176 KB   219/219 KB   423/423 KB   180/359 KB   176/176 KB   219/219 KB   423/423 KB   184/359 KB   176/176 KB   219/219 KB   423/423 KB   188/359 KB   176/176 KB   219/219 KB   423/423 KB   192/359 KB   176/176 KB   219/219 KB   423/423 KB   196/359 KB   176/176 KB   219/219 KB   423/423 KB   200/359 KB   176/176 KB   219/219 KB   423/423 KB   204/359 KB   176/176 KB   219/219 KB   423/423 KB   208/359 KB                                                       Downloaded: https://repo.maven.apache.org/maven2/org/apache/httpcomponents/httpcore/4.2.2/httpcore-4.2.2.jar (219 KB at 1065.0 KB/sec)
176/176 KB   423/423 KB   212/359 KB                176/176 KB   423/423 KB   216/359 KB   176/176 KB   423/423 KB   220/359 KB   176/176 KB   423/423 KB   224/359 KB   176/176 KB   423/423 KB   228/359 KB   176/176 KB   423/423 KB   232/359 KB   176/176 KB   423/423 KB   236/359 KB   176/176 KB   423/423 KB   240/359 KB   176/176 KB   423/423 KB   244/359 KB   176/176 KB   423/423 KB   248/359 KB   176/176 KB   423/423 KB   252/359 KB   176/176 KB   423/423 KB   256/359 KB   176/176 KB   423/423 KB   260/359 KB   176/176 KB   423/423 KB   264/359 KB   176/176 KB   423/423 KB   268/359 KB   176/176 KB   423/423 KB   272/359 KB   176/176 KB   423/423 KB   276/359 KB   176/176 KB   423/423 KB   280/359 KB   176/176 KB   423/423 KB   284/359 KB   176/176 KB   423/423 KB   288/359 KB   176/176 KB   423/423 KB   292/359 KB   176/176 KB   423/423 KB   296/359 KB   176/176 KB   423/423 KB   300/359 KB   176/176 KB   423/423 KB   304/359 KB   176/176 KB   423/423 KB   308/359 KB   176/176 KB   423/423 KB   312/359 KB   176/176 KB   423/423 KB   316/359 KB   176/176 KB   423/423 KB   320/359 KB   176/176 KB   423/423 KB   324/359 KB   176/176 KB   423/423 KB   328/359 KB   176/176 KB   423/423 KB   332/359 KB   176/176 KB   423/423 KB   336/359 KB   176/176 KB   423/423 KB   340/359 KB   176/176 KB   423/423 KB   344/359 KB   176/176 KB   423/423 KB   348/359 KB   176/176 KB   423/423 KB   352/359 KB   176/176 KB   423/423 KB   356/359 KB   176/176 KB   423/423 KB   359/359 KB                                          Downloaded: https://repo.maven.apache.org/maven2/org/apache/httpcomponents/httpclient/4.2.3/httpclient-4.2.3.jar (423 KB at 1913.7 KB/sec)
                                       Downloaded: https://repo.maven.apache.org/maven2/log4j/log4j/1.2.14/log4j-1.2.14.jar (359 KB at 1623.7 KB/sec)
                                       Downloaded: https://repo.maven.apache.org/maven2/com/thoughtworks/qdox/qdox/1.12.1/qdox-1.12.1.jar (176 KB at 629.4 KB/sec)
4/246 KB                               8/246 KB   12/246 KB   16/246 KB   20/246 KB   24/246 KB   28/246 KB   32/246 KB   36/246 KB   40/246 KB   44/246 KB   48/246 KB   52/246 KB   56/246 KB   60/246 KB   64/246 KB   68/246 KB   72/246 KB   76/246 KB   80/246 KB   84/246 KB   88/246 KB   92/246 KB   96/246 KB   100/246 KB   104/246 KB   108/246 KB   112/246 KB   116/246 KB   120/246 KB   124/246 KB   128/246 KB   132/246 KB   136/246 KB   140/246 KB   144/246 KB   148/246 KB   152/246 KB   156/246 KB   160/246 KB   164/246 KB   168/246 KB   172/246 KB   176/246 KB   180/246 KB   184/246 KB   188/246 KB   192/246 KB   196/246 KB   200/246 KB   204/246 KB   208/246 KB   212/246 KB   216/246 KB   220/246 KB   224/246 KB   228/246 KB   232/246 KB   236/246 KB   240/246 KB   244/246 KB   246/246 KB                Downloaded: https://repo.maven.apache.org/maven2/org/apache/struts/struts-taglib/1.3.8/struts-taglib-1.3.8.jar (246 KB at 808.0 KB/sec)
[INFO] Not executing Javadoc as the project is not a Java classpath-capable package
[INFO] 
[INFO] --- maven-enforcer-plugin:1.0:enforce (enforce-maven) @ dagger-parent ---
[INFO] 
[INFO] --- maven-checkstyle-plugin:2.10:checkstyle (default) @ dagger-parent ---
[INFO] 
[INFO] --- maven-install-plugin:2.4:install (default-install) @ dagger-parent ---
[INFO] Installing /home/travis/build/square/dagger/pom.xml to /home/travis/.m2/repository/com/squareup/dagger/dagger-parent/1.3.0-SNAPSHOT/dagger-parent-1.3.0-SNAPSHOT.pom
[INFO] 
[INFO] --- maven-deploy-plugin:2.7:deploy (default-deploy) @ dagger-parent ---
Downloading: https://oss.sonatype.org/content/repositories/snapshots/com/squareup/dagger/dagger-parent/1.3.0-SNAPSHOT/maven-metadata.xml
609/609 B                Downloaded: https://oss.sonatype.org/content/repositories/snapshots/com/squareup/dagger/dagger-parent/1.3.0-SNAPSHOT/maven-metadata.xml (609 B at 5.6 KB/sec)
Uploading: https://oss.sonatype.org/content/repositories/snapshots/com/squareup/dagger/dagger-parent/1.3.0-SNAPSHOT/dagger-parent-1.3.0-20151227.163903-4.pom
2/6 KB      4/6 KB   6/6 KB            Uploaded: https://oss.sonatype.org/content/repositories/snapshots/com/squareup/dagger/dagger-parent/1.3.0-SNAPSHOT/dagger-parent-1.3.0-20151227.163903-4.pom (6 KB at 39.8 KB/sec)
Downloading: https://oss.sonatype.org/content/repositories/snapshots/com/squareup/dagger/dagger-parent/maven-metadata.xml
430/430 B               Downloaded: https://oss.sonatype.org/content/repositories/snapshots/com/squareup/dagger/dagger-parent/maven-metadata.xml (430 B at 10.0 KB/sec)
Uploading: https://oss.sonatype.org/content/repositories/snapshots/com/squareup/dagger/dagger-parent/1.3.0-SNAPSHOT/maven-metadata.xml
609/609 B               Uploaded: https://oss.sonatype.org/content/repositories/snapshots/com/squareup/dagger/dagger-parent/1.3.0-SNAPSHOT/maven-metadata.xml (609 B at 5.0 KB/sec)
Uploading: https://oss.sonatype.org/content/repositories/snapshots/com/squareup/dagger/dagger-parent/maven-metadata.xml
430/430 B               Uploaded: https://oss.sonatype.org/content/repositories/snapshots/com/squareup/dagger/dagger-parent/maven-metadata.xml (430 B at 3.4 KB/sec)
[INFO]                                                                         
[INFO] ------------------------------------------------------------------------
[INFO] Building Dagger 1.3.0-SNAPSHOT
[INFO] ------------------------------------------------------------------------
[INFO] 
[INFO] --- maven-clean-plugin:2.5:clean (default-clean) @ dagger ---
[INFO] Deleting /home/travis/build/square/dagger/core/target
[INFO] 
[INFO] >>> maven-source-plugin:2.4:jar (default-cli) > generate-sources @ dagger >>>
[INFO] 
[INFO] --- maven-enforcer-plugin:1.0:enforce (enforce-maven) @ dagger ---
[INFO] 
[INFO] <<< maven-source-plugin:2.4:jar (default-cli) < generate-sources @ dagger <<<
[INFO] 
[INFO] --- maven-source-plugin:2.4:jar (default-cli) @ dagger ---
[INFO] Building jar: /home/travis/build/square/dagger/core/target/dagger-1.3.0-SNAPSHOT-sources.jar
[INFO] 
[INFO] --- maven-javadoc-plugin:2.10.3:jar (default-cli) @ dagger ---
[INFO] 
Loading source files for package dagger...
Constructing Javadoc information...
Standard Doclet version 1.7.0_76
Building tree for all the packages and classes...
Generating /home/travis/build/square/dagger/core/target/apidocs/dagger/Lazy.html...
Generating /home/travis/build/square/dagger/core/target/apidocs/dagger/MembersInjector.html...
Generating /home/travis/build/square/dagger/core/target/apidocs/dagger/Module.html...
Generating /home/travis/build/square/dagger/core/target/apidocs/dagger/ObjectGraph.html...
Generating /home/travis/build/square/dagger/core/target/apidocs/dagger/Provides.html...
Generating /home/travis/build/square/dagger/core/target/apidocs/dagger/Provides.Type.html...
Generating /home/travis/build/square/dagger/core/target/apidocs/dagger/package-frame.html...
Generating /home/travis/build/square/dagger/core/target/apidocs/dagger/package-summary.html...
Generating /home/travis/build/square/dagger/core/target/apidocs/dagger/package-tree.html...
Generating /home/travis/build/square/dagger/core/target/apidocs/constant-values.html...
Generating /home/travis/build/square/dagger/core/target/apidocs/dagger/class-use/Provides.html...
Generating /home/travis/build/square/dagger/core/target/apidocs/dagger/class-use/Provides.Type.html...
Generating /home/travis/build/square/dagger/core/target/apidocs/dagger/class-use/ObjectGraph.html...
Generating /home/travis/build/square/dagger/core/target/apidocs/dagger/class-use/Module.html...
Generating /home/travis/build/square/dagger/core/target/apidocs/dagger/class-use/MembersInjector.html...
Generating /home/travis/build/square/dagger/core/target/apidocs/dagger/class-use/Lazy.html...
Generating /home/travis/build/square/dagger/core/target/apidocs/dagger/package-use.html...
Building index for all the packages and classes...
Generating /home/travis/build/square/dagger/core/target/apidocs/overview-tree.html...
Generating /home/travis/build/square/dagger/core/target/apidocs/index-all.html...
Generating /home/travis/build/square/dagger/core/target/apidocs/deprecated-list.html...
Building index for all classes...
Generating /home/travis/build/square/dagger/core/target/apidocs/allclasses-frame.html...
Generating /home/travis/build/square/dagger/core/target/apidocs/allclasses-noframe.html...
Generating /home/travis/build/square/dagger/core/target/apidocs/index.html...
Generating /home/travis/build/square/dagger/core/target/apidocs/help-doc.html...
[INFO] Building jar: /home/travis/build/square/dagger/core/target/dagger-1.3.0-SNAPSHOT-javadoc.jar
[INFO] 
[INFO] --- maven-enforcer-plugin:1.0:enforce (enforce-maven) @ dagger ---
[INFO] 
[INFO] --- maven-resources-plugin:2.6:resources (default-resources) @ dagger ---
[INFO] Using 'UTF-8' encoding to copy filtered resources.
[INFO] skip non existing resourceDirectory /home/travis/build/square/dagger/core/src/main/resources
[INFO] 
[INFO] --- maven-compiler-plugin:3.1:compile (default-compile) @ dagger ---
[INFO] Changes detected - recompiling the module!
[INFO] Compiling 22 source files to /home/travis/build/square/dagger/core/target/classes
[WARNING] bootstrap class path not set in conjunction with -source 1.6
[WARNING] /home/travis/build/square/dagger/core/src/main/java/dagger/internal/Binding.java:[155,17] serializable class dagger.internal.Binding.InvalidBindingException has no definition of serialVersionUID
[WARNING] /home/travis/build/square/dagger/core/src/main/java/dagger/internal/ProblemDetector.java:[33,10] found raw type: dagger.internal.Binding
  missing type arguments for generic class dagger.internal.Binding<T>
[WARNING] /home/travis/build/square/dagger/core/src/main/java/dagger/internal/ProblemDetector.java:[33,50] found raw type: dagger.internal.Binding
  missing type arguments for generic class dagger.internal.Binding<T>
[WARNING] /home/travis/build/square/dagger/core/src/main/java/dagger/ObjectGraph.java:[163,90] unchecked cast
  required: dagger.internal.ModuleAdapter<java.lang.Object>
  found:    dagger.internal.ModuleAdapter<capture#1 of ?>
[INFO] 
[INFO] --- maven-checkstyle-plugin:2.10:checkstyle (default) @ dagger ---
[INFO] Starting audit...
Audit done.

[WARNING] Unable to locate Source XRef to link to - DISABLED
[INFO] 
[INFO] --- maven-resources-plugin:2.6:testResources (default-testResources) @ dagger ---
[INFO] Not copying test resources
[INFO] 
[INFO] --- maven-compiler-plugin:3.1:testCompile (default-testCompile) @ dagger ---
[INFO] Not compiling test sources
[INFO] 
[INFO] --- maven-surefire-plugin:2.12.4:test (default-test) @ dagger ---
[INFO] Tests are skipped.
[INFO] 
[INFO] --- maven-jar-plugin:2.4:jar (default-jar) @ dagger ---
[INFO] Building jar: /home/travis/build/square/dagger/core/target/dagger-1.3.0-SNAPSHOT.jar
[INFO] 
[INFO] --- maven-jar-plugin:2.4:test-jar (default) @ dagger ---
[INFO] Skipping packaging of the test-jar
[INFO] 
[INFO] --- maven-install-plugin:2.4:install (default-install) @ dagger ---
[INFO] Installing /home/travis/build/square/dagger/core/target/dagger-1.3.0-SNAPSHOT.jar to /home/travis/.m2/repository/com/squareup/dagger/dagger/1.3.0-SNAPSHOT/dagger-1.3.0-SNAPSHOT.jar
[INFO] Installing /home/travis/build/square/dagger/core/pom.xml to /home/travis/.m2/repository/com/squareup/dagger/dagger/1.3.0-SNAPSHOT/dagger-1.3.0-SNAPSHOT.pom
[INFO] Installing /home/travis/build/square/dagger/core/target/dagger-1.3.0-SNAPSHOT-sources.jar to /home/travis/.m2/repository/com/squareup/dagger/dagger/1.3.0-SNAPSHOT/dagger-1.3.0-SNAPSHOT-sources.jar
[INFO] Installing /home/travis/build/square/dagger/core/target/dagger-1.3.0-SNAPSHOT-javadoc.jar to /home/travis/.m2/repository/com/squareup/dagger/dagger/1.3.0-SNAPSHOT/dagger-1.3.0-SNAPSHOT-javadoc.jar
[INFO] 
[INFO] --- maven-deploy-plugin:2.7:deploy (default-deploy) @ dagger ---
Downloading: https://oss.sonatype.org/content/repositories/snapshots/com/squareup/dagger/dagger/1.3.0-SNAPSHOT/maven-metadata.xml
2/2 KB               Downloaded: https://oss.sonatype.org/content/repositories/snapshots/com/squareup/dagger/dagger/1.3.0-SNAPSHOT/maven-metadata.xml (2 KB at 32.6 KB/sec)
Uploading: https://oss.sonatype.org/content/repositories/snapshots/com/squareup/dagger/dagger/1.3.0-SNAPSHOT/dagger-1.3.0-20151227.163909-4.jar
2/51 KB   4/51 KB   6/51 KB   8/51 KB   10/51 KB   12/51 KB   14/51 KB   16/51 KB   18/51 KB   20/51 KB   22/51 KB   24/51 KB   26/51 KB   28/51 KB   30/51 KB   32/51 KB   34/51 KB   36/51 KB   38/51 KB   40/51 KB   42/51 KB   44/51 KB   46/51 KB   48/51 KB   50/51 KB   51/51 KB              Uploaded: https://oss.sonatype.org/content/repositories/snapshots/com/squareup/dagger/dagger/1.3.0-SNAPSHOT/dagger-1.3.0-20151227.163909-4.jar (51 KB at 379.4 KB/sec)
Uploading: https://oss.sonatype.org/content/repositories/snapshots/com/squareup/dagger/dagger/1.3.0-SNAPSHOT/dagger-1.3.0-20151227.163909-4.pom
2/3 KB     3/3 KB            Uploaded: https://oss.sonatype.org/content/repositories/snapshots/com/squareup/dagger/dagger/1.3.0-SNAPSHOT/dagger-1.3.0-20151227.163909-4.pom (3 KB at 16.3 KB/sec)
Downloading: https://oss.sonatype.org/content/repositories/snapshots/com/squareup/dagger/dagger/maven-metadata.xml
423/423 B               Downloaded: https://oss.sonatype.org/content/repositories/snapshots/com/squareup/dagger/dagger/maven-metadata.xml (423 B at 7.2 KB/sec)
Uploading: https://oss.sonatype.org/content/repositories/snapshots/com/squareup/dagger/dagger/1.3.0-SNAPSHOT/maven-metadata.xml
2/2 KB               Uploaded: https://oss.sonatype.org/content/repositories/snapshots/com/squareup/dagger/dagger/1.3.0-SNAPSHOT/maven-metadata.xml (2 KB at 9.9 KB/sec)
Uploading: https://oss.sonatype.org/content/repositories/snapshots/com/squareup/dagger/dagger/maven-metadata.xml
423/423 B               Uploaded: https://oss.sonatype.org/content/repositories/snapshots/com/squareup/dagger/dagger/maven-metadata.xml (423 B at 3.7 KB/sec)
Uploading: https://oss.sonatype.org/content/repositories/snapshots/com/squareup/dagger/dagger/1.3.0-SNAPSHOT/dagger-1.3.0-20151227.163909-4-sources.jar
2/38 KB     4/38 KB   6/38 KB   8/38 KB   10/38 KB   12/38 KB   14/38 KB   16/38 KB   18/38 KB   20/38 KB   22/38 KB   24/38 KB   26/38 KB   28/38 KB   30/38 KB   32/38 KB   34/38 KB   36/38 KB   38/38 KB              Uploaded: https://oss.sonatype.org/content/repositories/snapshots/com/squareup/dagger/dagger/1.3.0-SNAPSHOT/dagger-1.3.0-20151227.163909-4-sources.jar (38 KB at 307.6 KB/sec)
Uploading: https://oss.sonatype.org/content/repositories/snapshots/com/squareup/dagger/dagger/1.3.0-SNAPSHOT/maven-metadata.xml
2/2 KB              Uploaded: https://oss.sonatype.org/content/repositories/snapshots/com/squareup/dagger/dagger/1.3.0-SNAPSHOT/maven-metadata.xml (2 KB at 9.9 KB/sec)
Uploading: https://oss.sonatype.org/content/repositories/snapshots/com/squareup/dagger/dagger/1.3.0-SNAPSHOT/dagger-1.3.0-20151227.163909-4-javadoc.jar
2/60 KB   4/60 KB   6/60 KB   8/60 KB   10/60 KB   12/60 KB   14/60 KB   16/60 KB   18/60 KB   20/60 KB   22/60 KB   24/60 KB   26/60 KB   28/60 KB   30/60 KB   32/60 KB   34/60 KB   36/60 KB   38/60 KB   40/60 KB   42/60 KB   44/60 KB   46/60 KB   48/60 KB   50/60 KB   52/60 KB   54/60 KB   56/60 KB   58/60 KB   60/60 KB              Uploaded: https://oss.sonatype.org/content/repositories/snapshots/com/squareup/dagger/dagger/1.3.0-SNAPSHOT/dagger-1.3.0-20151227.163909-4-javadoc.jar (60 KB at 467.0 KB/sec)
Uploading: https://oss.sonatype.org/content/repositories/snapshots/com/squareup/dagger/dagger/1.3.0-SNAPSHOT/maven-metadata.xml
2/2 KB              Uploaded: https://oss.sonatype.org/content/repositories/snapshots/com/squareup/dagger/dagger/1.3.0-SNAPSHOT/maven-metadata.xml (2 KB at 8.9 KB/sec)
[INFO]                                                                         
[INFO] ------------------------------------------------------------------------
[INFO] Building Dagger Compiler 1.3.0-SNAPSHOT
[INFO] ------------------------------------------------------------------------
[INFO] 
[INFO] --- maven-clean-plugin:2.5:clean (default-clean) @ dagger-compiler ---
[INFO] Deleting /home/travis/build/square/dagger/compiler/target
[INFO] 
[INFO] >>> maven-source-plugin:2.4:jar (default-cli) > generate-sources @ dagger-compiler >>>
[INFO] 
[INFO] --- maven-enforcer-plugin:1.0:enforce (enforce-maven) @ dagger-compiler ---
[INFO] 
[INFO] <<< maven-source-plugin:2.4:jar (default-cli) < generate-sources @ dagger-compiler <<<
[INFO] 
[INFO] --- maven-source-plugin:2.4:jar (default-cli) @ dagger-compiler ---
[INFO] Building jar: /home/travis/build/square/dagger/compiler/target/dagger-compiler-1.3.0-SNAPSHOT-sources.jar
[INFO] 
[INFO] --- maven-javadoc-plugin:2.10.3:jar (default-cli) @ dagger-compiler ---
[INFO] 
Loading source files for package dagger.internal.codegen...
Constructing Javadoc information...
Standard Doclet version 1.7.0_76
Building tree for all the packages and classes...
Generating /home/travis/build/square/dagger/compiler/target/apidocs/dagger/internal/codegen/AdapterJavadocs.html...
Generating /home/travis/build/square/dagger/compiler/target/apidocs/dagger/internal/codegen/GraphAnalysisLoader.html...
Generating /home/travis/build/square/dagger/compiler/target/apidocs/dagger/internal/codegen/GraphAnalysisProcessor.html...
Generating /home/travis/build/square/dagger/compiler/target/apidocs/dagger/internal/codegen/GraphVisualizer.html...
Generating /home/travis/build/square/dagger/compiler/target/apidocs/dagger/internal/codegen/GraphVizWriter.html...
Generating /home/travis/build/square/dagger/compiler/target/apidocs/dagger/internal/codegen/InjectAdapterProcessor.html...
Generating /home/travis/build/square/dagger/compiler/target/apidocs/dagger/internal/codegen/ModuleAdapterProcessor.html...
Generating /home/travis/build/square/dagger/compiler/target/apidocs/dagger/internal/codegen/ValidationProcessor.html...
Generating /home/travis/build/square/dagger/compiler/target/apidocs/dagger/internal/codegen/package-frame.html...
Generating /home/travis/build/square/dagger/compiler/target/apidocs/dagger/internal/codegen/package-summary.html...
Generating /home/travis/build/square/dagger/compiler/target/apidocs/dagger/internal/codegen/package-tree.html...
Generating /home/travis/build/square/dagger/compiler/target/apidocs/constant-values.html...
Generating /home/travis/build/square/dagger/compiler/target/apidocs/dagger/internal/codegen/class-use/ValidationProcessor.html...
Generating /home/travis/build/square/dagger/compiler/target/apidocs/dagger/internal/codegen/class-use/ModuleAdapterProcessor.html...
Generating /home/travis/build/square/dagger/compiler/target/apidocs/dagger/internal/codegen/class-use/InjectAdapterProcessor.html...
Generating /home/travis/build/square/dagger/compiler/target/apidocs/dagger/internal/codegen/class-use/GraphVizWriter.html...
Generating /home/travis/build/square/dagger/compiler/target/apidocs/dagger/internal/codegen/class-use/GraphVisualizer.html...
Generating /home/travis/build/square/dagger/compiler/target/apidocs/dagger/internal/codegen/class-use/GraphAnalysisProcessor.html...
Generating /home/travis/build/square/dagger/compiler/target/apidocs/dagger/internal/codegen/class-use/GraphAnalysisLoader.html...
Generating /home/travis/build/square/dagger/compiler/target/apidocs/dagger/internal/codegen/class-use/AdapterJavadocs.html...
Generating /home/travis/build/square/dagger/compiler/target/apidocs/dagger/internal/codegen/package-use.html...
Building index for all the packages and classes...
Generating /home/travis/build/square/dagger/compiler/target/apidocs/overview-tree.html...
Generating /home/travis/build/square/dagger/compiler/target/apidocs/index-all.html...
Generating /home/travis/build/square/dagger/compiler/target/apidocs/deprecated-list.html...
Building index for all classes...
Generating /home/travis/build/square/dagger/compiler/target/apidocs/allclasses-frame.html...
Generating /home/travis/build/square/dagger/compiler/target/apidocs/allclasses-noframe.html...
Generating /home/travis/build/square/dagger/compiler/target/apidocs/index.html...
Generating /home/travis/build/square/dagger/compiler/target/apidocs/help-doc.html...
[INFO] Building jar: /home/travis/build/square/dagger/compiler/target/dagger-compiler-1.3.0-SNAPSHOT-javadoc.jar
[INFO] 
[INFO] --- maven-enforcer-plugin:1.0:enforce (enforce-maven) @ dagger-compiler ---
[INFO] 
[INFO] --- maven-resources-plugin:2.6:resources (default-resources) @ dagger-compiler ---
[INFO] Using 'UTF-8' encoding to copy filtered resources.
[INFO] Copying 1 resource
[INFO] 
[INFO] --- maven-compiler-plugin:3.1:compile (default-compile) @ dagger-compiler ---
[INFO] Changes detected - recompiling the module!
[INFO] Compiling 12 source files to /home/travis/build/square/dagger/compiler/target/classes
[WARNING] bootstrap class path not set in conjunction with -source 1.6
[INFO] 
[INFO] --- maven-checkstyle-plugin:2.10:checkstyle (default) @ dagger-compiler ---
[INFO] Starting audit...
Audit done.

[WARNING] Unable to locate Source XRef to link to - DISABLED
[INFO] 
[INFO] --- maven-resources-plugin:2.6:testResources (default-testResources) @ dagger-compiler ---
[INFO] Not copying test resources
[INFO] 
[INFO] --- maven-compiler-plugin:3.1:testCompile (default-testCompile) @ dagger-compiler ---
[INFO] Not compiling test sources
[INFO] 
[INFO] --- maven-compiler-plugin:3.1:testCompile (default-test-compile) @ dagger-compiler ---
[INFO] Not compiling test sources
[INFO] 
[INFO] --- maven-surefire-plugin:2.12.4:test (default-test) @ dagger-compiler ---
[INFO] Tests are skipped.
[INFO] 
[INFO] --- maven-jar-plugin:2.4:jar (default-jar) @ dagger-compiler ---
[INFO] Building jar: /home/travis/build/square/dagger/compiler/target/dagger-compiler-1.3.0-SNAPSHOT.jar
[INFO] 
[INFO] --- maven-assembly-plugin:2.2-beta-5:single (default) @ dagger-compiler ---
[INFO] META-INF/ already added, skipping
[INFO] META-INF/MANIFEST.MF already added, skipping
[INFO] META-INF/maven/ already added, skipping
[INFO] META-INF/MANIFEST.MF already added, skipping
[INFO] META-INF/ already added, skipping
[INFO] META-INF/maven/ already added, skipping
[INFO] com/ already added, skipping
[INFO] Building jar: /home/travis/build/square/dagger/compiler/target/dagger-compiler-1.3.0-SNAPSHOT-jar-with-dependencies.jar
[INFO] META-INF/ already added, skipping
[INFO] META-INF/MANIFEST.MF already added, skipping
[INFO] META-INF/maven/ already added, skipping
[INFO] META-INF/MANIFEST.MF already added, skipping
[INFO] META-INF/ already added, skipping
[INFO] META-INF/maven/ already added, skipping
[INFO] com/ already added, skipping
[INFO] 
[INFO] --- maven-invoker-plugin:1.7:install (integration-test) @ dagger-compiler ---
[INFO] Installing /home/travis/build/square/dagger/core/pom.xml to /home/travis/build/square/dagger/compiler/target/local-repo/com/squareup/dagger/dagger/1.3.0-SNAPSHOT/dagger-1.3.0-SNAPSHOT.pom
[INFO] Installing /home/travis/build/square/dagger/core/target/dagger-1.3.0-SNAPSHOT.jar to /home/travis/build/square/dagger/compiler/target/local-repo/com/squareup/dagger/dagger/1.3.0-SNAPSHOT/dagger-1.3.0-SNAPSHOT.jar
[INFO] Installing /home/travis/build/square/dagger/core/pom.xml to /home/travis/build/square/dagger/compiler/target/local-repo/com/squareup/dagger/dagger/1.3.0-SNAPSHOT/dagger-1.3.0-SNAPSHOT.pom
[INFO] Installing /home/travis/build/square/dagger/core/target/dagger-1.3.0-SNAPSHOT-sources.jar to /home/travis/build/square/dagger/compiler/target/local-repo/com/squareup/dagger/dagger/1.3.0-SNAPSHOT/dagger-1.3.0-SNAPSHOT-sources.jar
[INFO] Installing /home/travis/build/square/dagger/core/target/dagger-1.3.0-SNAPSHOT-javadoc.jar to /home/travis/build/square/dagger/compiler/target/local-repo/com/squareup/dagger/dagger/1.3.0-SNAPSHOT/dagger-1.3.0-SNAPSHOT-javadoc.jar
[INFO] Installing /home/travis/build/square/dagger/pom.xml to /home/travis/build/square/dagger/compiler/target/local-repo/com/squareup/dagger/dagger-parent/1.3.0-SNAPSHOT/dagger-parent-1.3.0-SNAPSHOT.pom
[INFO] Installing /home/travis/build/square/dagger/compiler/pom.xml to /home/travis/build/square/dagger/compiler/target/local-repo/com/squareup/dagger/dagger-compiler/1.3.0-SNAPSHOT/dagger-compiler-1.3.0-SNAPSHOT.pom
[INFO] Installing /home/travis/build/square/dagger/compiler/target/dagger-compiler-1.3.0-SNAPSHOT.jar to /home/travis/build/square/dagger/compiler/target/local-repo/com/squareup/dagger/dagger-compiler/1.3.0-SNAPSHOT/dagger-compiler-1.3.0-SNAPSHOT.jar
[INFO] Installing /home/travis/build/square/dagger/compiler/target/dagger-compiler-1.3.0-SNAPSHOT-sources.jar to /home/travis/build/square/dagger/compiler/target/local-repo/com/squareup/dagger/dagger-compiler/1.3.0-SNAPSHOT/dagger-compiler-1.3.0-SNAPSHOT-sources.jar
[INFO] Installing /home/travis/build/square/dagger/compiler/target/dagger-compiler-1.3.0-SNAPSHOT-javadoc.jar to /home/travis/build/square/dagger/compiler/target/local-repo/com/squareup/dagger/dagger-compiler/1.3.0-SNAPSHOT/dagger-compiler-1.3.0-SNAPSHOT-javadoc.jar
[INFO] Installing /home/travis/build/square/dagger/compiler/target/dagger-compiler-1.3.0-SNAPSHOT-jar-with-dependencies.jar to /home/travis/build/square/dagger/compiler/target/local-repo/com/squareup/dagger/dagger-compiler/1.3.0-SNAPSHOT/dagger-compiler-1.3.0-SNAPSHOT-jar-with-dependencies.jar
[INFO] 
[INFO] --- maven-invoker-plugin:1.7:run (integration-test) @ dagger-compiler ---
[INFO] Building: default-package-injected-type/pom.xml
[INFO] ..SUCCESS (11.0 s)
[INFO] Building: extension-graph-setvalues/pom.xml
[INFO] ..SUCCESS (3.8 s)
[INFO] Building: extension-graph/pom.xml
[INFO] ..SUCCESS (4.1 s)
[INFO] Building: final-field-inject/pom.xml
[INFO] run script verify.bsh
[INFO] ..FAILED (3.3 s)
[INFO]   The post-build script did not succeed. Sourced file: inline evaluation of: ``import dagger.testing.it.BuildLogValidator; import java.io.File;  File buildLog  . . . '' : Unknown class: BuildLogValidator
[INFO] Building: include-non-module/pom.xml
[INFO] ..SUCCESS (3.3 s)
[INFO] Building: inject-on-class/pom.xml
[INFO] run script verify.bsh
[INFO] ..FAILED (3.3 s)
[INFO]   The post-build script did not succeed. Sourced file: inline evaluation of: ``import dagger.testing.it.BuildLogValidator; import java.io.File;  File buildLog  . . . '' : Unknown class: BuildLogValidator
[INFO] Building: inject-parameterized-type/pom.xml
[INFO] ..SUCCESS (4.5 s)
[INFO] Building: inner-classes-complaint-injection/pom.xml
[INFO] run script verify.bsh
[INFO] ..FAILED (3.6 s)
[INFO]   The post-build script did not succeed. Sourced file: inline evaluation of: ``import dagger.testing.it.BuildLogValidator; import java.io.File;  File buildLog  . . . '' : Unknown class: BuildLogValidator
[INFO] Building: method-injection/pom.xml
[INFO] run script verify.bsh
[INFO] ..FAILED (3.6 s)
[INFO]   The post-build script did not succeed. Sourced file: inline evaluation of: ``import dagger.testing.it.BuildLogValidator; import java.io.File;  File buildLog  . . . '' : Unknown class: BuildLogValidator
[INFO] Building: missing-at-inject-constructor/pom.xml
[INFO] run script verify.bsh
[INFO] ..FAILED (4.2 s)
[INFO]   The post-build script did not succeed. Sourced file: inline evaluation of: ``import dagger.testing.it.BuildLogValidator; import java.io.File;  File buildLog  . . . '' : Unknown class: BuildLogValidator
[INFO] Building: module-type-validation/pom.xml
[INFO] run script verify.bsh
[INFO] ..FAILED (3.7 s)
[INFO]   The post-build script did not succeed. Sourced file: inline evaluation of: ``import dagger.testing.it.BuildLogValidator; import java.io.File;  File buildLog  . . . '' : Unknown class: BuildLogValidator
[INFO] Building: multiple-modules-setvalues/pom.xml
[INFO] ..SUCCESS (3.9 s)
[INFO] Building: multiple-provides-methods/pom.xml
[INFO] run script verify.bsh
[INFO] ..SUCCESS (4.2 s)
[INFO] Building: multiple-qualifiers/pom.xml
[INFO] run script verify.bsh
[INFO] ..FAILED (3.6 s)
[INFO]   The post-build script did not succeed. Sourced file: inline evaluation of: ``import dagger.testing.it.BuildLogValidator; import java.io.File;  File buildLog  . . . '' : Unknown class: BuildLogValidator
[INFO] Building: private-inject/pom.xml
[INFO] run script verify.bsh
[INFO] ..FAILED (3.3 s)
[INFO]   The post-build script did not succeed. Sourced file: inline evaluation of: ``import dagger.testing.it.BuildLogValidator; import java.io.File;  File buildLog  . . . '' : Unknown class: BuildLogValidator
[INFO] Building: provide-provider-or-lazy/pom.xml
[INFO] run script verify.bsh
[INFO] ..FAILED (3.3 s)
[INFO]   The post-build script did not succeed. Sourced file: inline evaluation of: ``import dagger.testing.it.BuildLogValidator; import java.io.File;  File buildLog  . . . '' : Unknown class: BuildLogValidator
[INFO] Building: provides-method-not-in-module/pom.xml
[INFO] run script verify.bsh
[INFO] ..FAILED (3.7 s)
[INFO]   The post-build script did not succeed. Sourced file: inline evaluation of: ``import dagger.testing.it.BuildLogValidator; import java.io.File;  File buildLog  . . . '' : Unknown class: BuildLogValidator
[INFO] Building: provides-method-with-throws-clause/pom.xml
[INFO] run script verify.bsh
[INFO] ..FAILED (3.6 s)
[INFO]   The post-build script did not succeed. Sourced file: inline evaluation of: ``import dagger.testing.it.BuildLogValidator; import java.io.File;  File buildLog  . . . '' : Unknown class: BuildLogValidator
[INFO] Building: qualifiers-on-invalid-elements-errors/pom.xml
[INFO] run script verify.bsh
[INFO] ..FAILED (3.5 s)
[INFO]   The post-build script did not succeed. Sourced file: inline evaluation of: ``import dagger.testing.it.BuildLogValidator; import java.io.File;  File buildLog  . . . '' : Unknown class: BuildLogValidator
[INFO] Building: qualifiers-on-invalid-elements-warnings/pom.xml
[INFO] run script verify.bsh
[INFO] ..FAILED (3.6 s)
[INFO]   The post-build script did not succeed. Sourced file: inline evaluation of: ``import dagger.testing.it.BuildLogValidator; import java.io.File;  File buildLog  . . . '' : Unknown class: BuildLogValidator
[INFO] Building: same-provides-method-name/pom.xml
[INFO] ..SUCCESS (3.8 s)
[INFO] Building: uninjectable-supertype/pom.xml
[INFO] ..SUCCESS (3.9 s)
[INFO] Building: valid-use-of-qualifiers/pom.xml
[INFO] ..SUCCESS (4.4 s)
[INFO] -------------------------------------------------
[INFO] Build Summary:
[INFO]   Passed: 10, Failed: 13, Errors: 0, Skipped: 0
[INFO] -------------------------------------------------
[ERROR] The following builds failed:
[ERROR] *  final-field-inject/pom.xml
[ERROR] *  inject-on-class/pom.xml
[ERROR] *  inner-classes-complaint-injection/pom.xml
[ERROR] *  method-injection/pom.xml
[ERROR] *  missing-at-inject-constructor/pom.xml
[ERROR] *  module-type-validation/pom.xml
[ERROR] *  multiple-qualifiers/pom.xml
[ERROR] *  private-inject/pom.xml
[ERROR] *  provide-provider-or-lazy/pom.xml
[ERROR] *  provides-method-not-in-module/pom.xml
[ERROR] *  provides-method-with-throws-clause/pom.xml
[ERROR] *  qualifiers-on-invalid-elements-errors/pom.xml
[ERROR] *  qualifiers-on-invalid-elements-warnings/pom.xml
[INFO] -------------------------------------------------
[INFO] ------------------------------------------------------------------------
[INFO] Reactor Summary:
[INFO] 
[INFO] Dagger (Parent) .................................... SUCCESS [  4.647 s]
[INFO] Dagger ............................................. SUCCESS [  6.921 s]
[INFO] Dagger Compiler .................................... FAILURE [01:38 min]
[INFO] Examples ........................................... SKIPPED
[INFO] Examples: Simple ................................... SKIPPED
[INFO] Examples: Android - Simple ......................... SKIPPED
[INFO] Examples: Android - Activity Graphs ................ SKIPPED
[INFO] ------------------------------------------------------------------------
[INFO] BUILD FAILURE
[INFO] ------------------------------------------------------------------------
[INFO] Total time: 01:53 min
[INFO] Finished at: 2015-12-27T16:40:49+00:00
[INFO] Final Memory: 46M/412M
[INFO] ------------------------------------------------------------------------
[ERROR] Failed to execute goal org.apache.maven.plugins:maven-invoker-plugin:1.7:run (integration-test) on project dagger-compiler: 13 builds failed. See console output above for details. -> [Help 1]
[ERROR] 
[ERROR] To see the full stack trace of the errors, re-run Maven with the -e switch.
[ERROR] Re-run Maven using the -X switch to enable full debug logging.
[ERROR] 
[ERROR] For more information about the errors and possible solutions, please read the following articles:
[ERROR] [Help 1] http://cwiki.apache.org/confluence/display/MAVEN/MojoFailureException
[ERROR] 
[ERROR] After correcting the problems, you can resume the build with the command
[ERROR]   mvn <goals> -rf :dagger-compiler
travis_time:end:07626069:start=1451234334428091768,finish=1451234450110293527,duration=115682201759[0Ktravis_fold:end:after_success[0K
Done. Your build exited with 0.
