Using worker: worker-linux-docker-4695d5bf.prod.travis-ci.org:travis-linux-7

travis_fold:start:system_info[0K[33;1mBuild system information[0m
Build language: android
Build group: stable
Build dist: precise
[34m[1mBuild image provisioning date and time[0m
Thu Feb  5 15:09:33 UTC 2015
[34m[1mOperating System Details[0m
Distributor ID:	Ubuntu
Description:	Ubuntu 12.04.5 LTS
Release:	12.04
Codename:	precise
[34m[1mLinux Version[0m
3.13.0-29-generic
[34m[1mCookbooks Version[0m
a68419e https://github.com/travis-ci/travis-cookbooks/tree/a68419e
[34m[1mGCC version[0m
gcc (Ubuntu/Linaro 4.6.3-1ubuntu5) 4.6.3
Copyright (C) 2011 Free Software Foundation, Inc.
This is free software; see the source for copying conditions.  There is NO
warranty; not even for MERCHANTABILITY or FITNESS FOR A PARTICULAR PURPOSE.

[34m[1mLLVM version[0m
clang version 3.4 (tags/RELEASE_34/final)
Target: x86_64-unknown-linux-gnu
Thread model: posix
[34m[1mPre-installed Ruby versions[0m
ruby-1.9.3-p551
[34m[1mPre-installed Node.js versions[0m
v0.10.36
[34m[1mPre-installed Go versions[0m
1.4.1
[34m[1mRedis version[0m
redis-server 2.8.19
[34m[1mriak version[0m
2.0.2
[34m[1mMongoDB version[0m
MongoDB 2.4.12
[34m[1mCouchDB version[0m
couchdb 1.6.1
[34m[1mNeo4j version[0m
1.9.4
[34m[1mRabbitMQ Version[0m
3.4.3
[34m[1mElasticSearch version[0m
1.4.0
[34m[1mInstalled Sphinx versions[0m
2.0.10
2.1.9
2.2.6
[34m[1mDefault Sphinx version[0m
2.2.6
[34m[1mInstalled Firefox version[0m
firefox 31.0esr
[34m[1mPhantomJS version[0m
1.9.8
[34m[1mant -version[0m
Apache Ant(TM) version 1.8.2 compiled on December 3 2011
[34m[1mmvn -version[0m
Apache Maven 3.2.5 (12a6b3acb947671f09b81f49094c53f426d8cea1; 2014-12-14T17:29:23+00:00)
Maven home: /usr/local/maven
Java version: 1.7.0_76, vendor: Oracle Corporation
Java home: /usr/lib/jvm/java-7-oracle/jre
Default locale: en_US, platform encoding: ANSI_X3.4-1968
OS name: "linux", version: "3.13.0-29-generic", arch: "amd64", family: "unix"
travis_fold:end:system_info[0K
travis_fold:start:git.checkout[0Ktravis_time:start:2624b578[0K$ git clone --depth=50 --branch=master https://github.com/square/dagger.git square/dagger
Cloning into 'square/dagger'...
remote: Counting objects: 1090, done.[K
remote: Compressing objects:   0% (1/576)   [Kremote: Compressing objects:   1% (6/576)   [Kremote: Compressing objects:   2% (12/576)   [Kremote: Compressing objects:   3% (18/576)   [Kremote: Compressing objects:   4% (24/576)   [Kremote: Compressing objects:   5% (29/576)   [Kremote: Compressing objects:   6% (35/576)   [Kremote: Compressing objects:   7% (41/576)   [Kremote: Compressing objects:   8% (47/576)   [Kremote: Compressing objects:   9% (52/576)   [Kremote: Compressing objects:  10% (58/576)   [Kremote: Compressing objects:  11% (64/576)   [Kremote: Compressing objects:  12% (70/576)   [Kremote: Compressing objects:  13% (75/576)   [Kremote: Compressing objects:  14% (81/576)   [Kremote: Compressing objects:  15% (87/576)   [Kremote: Compressing objects:  16% (93/576)   [Kremote: Compressing objects:  17% (98/576)   [Kremote: Compressing objects:  18% (104/576)   [Kremote: Compressing objects:  19% (110/576)   [Kremote: Compressing objects:  20% (116/576)   [Kremote: Compressing objects:  21% (121/576)   [Kremote: Compressing objects:  22% (127/576)   [Kremote: Compressing objects:  23% (133/576)   [Kremote: Compressing objects:  24% (139/576)   [Kremote: Compressing objects:  25% (144/576)   [Kremote: Compressing objects:  26% (150/576)   [Kremote: Compressing objects:  27% (156/576)   [Kremote: Compressing objects:  28% (162/576)   [Kremote: Compressing objects:  29% (168/576)   [Kremote: Compressing objects:  30% (173/576)   [Kremote: Compressing objects:  31% (179/576)   [Kremote: Compressing objects:  32% (185/576)   [Kremote: Compressing objects:  33% (191/576)   [Kremote: Compressing objects:  34% (196/576)   [Kremote: Compressing objects:  35% (202/576)   [Kremote: Compressing objects:  36% (208/576)   [Kremote: Compressing objects:  37% (214/576)   [Kremote: Compressing objects:  38% (219/576)   [Kremote: Compressing objects:  39% (225/576)   [Kremote: Compressing objects:  40% (231/576)   [Kremote: Compressing objects:  41% (237/576)   [Kremote: Compressing objects:  42% (242/576)   [Kremote: Compressing objects:  43% (248/576)   [Kremote: Compressing objects:  44% (254/576)   [Kremote: Compressing objects:  45% (260/576)   [Kremote: Compressing objects:  46% (265/576)   [Kremote: Compressing objects:  47% (271/576)   [Kremote: Compressing objects:  48% (277/576)   [Kremote: Compressing objects:  49% (283/576)   [Kremote: Compressing objects:  50% (288/576)   [Kremote: Compressing objects:  51% (294/576)   [Kremote: Compressing objects:  52% (300/576)   [Kremote: Compressing objects:  53% (306/576)   [Kremote: Compressing objects:  54% (312/576)   [Kremote: Compressing objects:  55% (317/576)   [Kremote: Compressing objects:  56% (323/576)   [Kremote: Compressing objects:  57% (329/576)   [Kremote: Compressing objects:  58% (335/576)   [Kremote: Compressing objects:  59% (340/576)   [Kremote: Compressing objects:  60% (346/576)   [Kremote: Compressing objects:  61% (352/576)   [Kremote: Compressing objects:  62% (358/576)   [Kremote: Compressing objects:  63% (363/576)   [Kremote: Compressing objects:  64% (369/576)   [Kremote: Compressing objects:  65% (375/576)   [Kremote: Compressing objects:  66% (381/576)   [Kremote: Compressing objects:  67% (386/576)   [Kremote: Compressing objects:  68% (392/576)   [Kremote: Compressing objects:  69% (398/576)   [Kremote: Compressing objects:  70% (404/576)   [Kremote: Compressing objects:  71% (409/576)   [Kremote: Compressing objects:  72% (415/576)   [Kremote: Compressing objects:  73% (421/576)   [Kremote: Compressing objects:  74% (427/576)   [Kremote: Compressing objects:  75% (432/576)   [Kremote: Compressing objects:  76% (438/576)   [Kremote: Compressing objects:  77% (444/576)   [Kremote: Compressing objects:  78% (450/576)   [Kremote: Compressing objects:  79% (456/576)   [Kremote: Compressing objects:  80% (461/576)   [Kremote: Compressing objects:  81% (467/576)   [Kremote: Compressing objects:  82% (473/576)   [Kremote: Compressing objects:  83% (479/576)   [Kremote: Compressing objects:  84% (484/576)   [Kremote: Compressing objects:  85% (490/576)   [Kremote: Compressing objects:  86% (496/576)   [Kremote: Compressing objects:  87% (502/576)   [Kremote: Compressing objects:  88% (507/576)   [Kremote: Compressing objects:  89% (513/576)   [Kremote: Compressing objects:  90% (519/576)   [Kremote: Compressing objects:  91% (525/576)   [Kremote: Compressing objects:  92% (530/576)   [Kremote: Compressing objects:  93% (536/576)   [Kremote: Compressing objects:  94% (542/576)   [Kremote: Compressing objects:  95% (548/576)   [Kremote: Compressing objects:  96% (553/576)   [Kremote: Compressing objects:  97% (559/576)   [Kremote: Compressing objects:  98% (565/576)   [Kremote: Compressing objects:  99% (571/576)   [Kremote: Compressing objects: 100% (576/576)   [Kremote: Compressing objects: 100% (576/576), done.[K
Receiving objects:   0% (1/1090)   Receiving objects:   1% (11/1090)   Receiving objects:   2% (22/1090)   Receiving objects:   3% (33/1090)   Receiving objects:   4% (44/1090)   Receiving objects:   5% (55/1090)   Receiving objects:   6% (66/1090)   Receiving objects:   7% (77/1090)   Receiving objects:   8% (88/1090)   Receiving objects:   9% (99/1090)   Receiving objects:  10% (109/1090)   Receiving objects:  11% (120/1090)   Receiving objects:  12% (131/1090)   Receiving objects:  13% (142/1090)   Receiving objects:  14% (153/1090)   Receiving objects:  15% (164/1090)   Receiving objects:  16% (175/1090)   Receiving objects:  17% (186/1090)   Receiving objects:  18% (197/1090)   Receiving objects:  19% (208/1090)   Receiving objects:  20% (218/1090)   Receiving objects:  21% (229/1090)   Receiving objects:  22% (240/1090)   Receiving objects:  23% (251/1090)   Receiving objects:  24% (262/1090)   Receiving objects:  25% (273/1090)   Receiving objects:  26% (284/1090)   Receiving objects:  27% (295/1090)   Receiving objects:  28% (306/1090)   Receiving objects:  29% (317/1090)   Receiving objects:  30% (327/1090)   Receiving objects:  31% (338/1090)   Receiving objects:  32% (349/1090)   Receiving objects:  33% (360/1090)   Receiving objects:  34% (371/1090)   Receiving objects:  35% (382/1090)   Receiving objects:  36% (393/1090)   Receiving objects:  37% (404/1090)   Receiving objects:  38% (415/1090)   Receiving objects:  39% (426/1090)   Receiving objects:  40% (436/1090)   Receiving objects:  41% (447/1090)   Receiving objects:  42% (458/1090)   Receiving objects:  43% (469/1090)   Receiving objects:  44% (480/1090)   Receiving objects:  45% (491/1090)   Receiving objects:  46% (502/1090)   Receiving objects:  47% (513/1090)   Receiving objects:  48% (524/1090)   Receiving objects:  49% (535/1090)   Receiving objects:  50% (545/1090)   Receiving objects:  51% (556/1090)   remote: Total 1090 (delta 404), reused 893 (delta 248), pack-reused 0[K
Receiving objects:  52% (567/1090)   Receiving objects:  53% (578/1090)   Receiving objects:  54% (589/1090)   Receiving objects:  55% (600/1090)   Receiving objects:  56% (611/1090)   Receiving objects:  57% (622/1090)   Receiving objects:  58% (633/1090)   Receiving objects:  59% (644/1090)   Receiving objects:  60% (654/1090)   Receiving objects:  61% (665/1090)   Receiving objects:  62% (676/1090)   Receiving objects:  63% (687/1090)   Receiving objects:  64% (698/1090)   Receiving objects:  65% (709/1090)   Receiving objects:  66% (720/1090)   Receiving objects:  67% (731/1090)   Receiving objects:  68% (742/1090)   Receiving objects:  69% (753/1090)   Receiving objects:  70% (763/1090)   Receiving objects:  71% (774/1090)   Receiving objects:  72% (785/1090)   Receiving objects:  73% (796/1090)   Receiving objects:  74% (807/1090)   Receiving objects:  75% (818/1090)   Receiving objects:  76% (829/1090)   Receiving objects:  77% (840/1090)   Receiving objects:  78% (851/1090)   Receiving objects:  79% (862/1090)   Receiving objects:  80% (872/1090)   Receiving objects:  81% (883/1090)   Receiving objects:  82% (894/1090)   Receiving objects:  83% (905/1090)   Receiving objects:  84% (916/1090)   Receiving objects:  85% (927/1090)   Receiving objects:  86% (938/1090)   Receiving objects:  87% (949/1090)   Receiving objects:  88% (960/1090)   Receiving objects:  89% (971/1090)   Receiving objects:  90% (981/1090)   Receiving objects:  91% (992/1090)   Receiving objects:  92% (1003/1090)   Receiving objects:  93% (1014/1090)   Receiving objects:  94% (1025/1090)   Receiving objects:  95% (1036/1090)   Receiving objects:  96% (1047/1090)   Receiving objects:  97% (1058/1090)   Receiving objects:  98% (1069/1090)   Receiving objects:  99% (1080/1090)   Receiving objects: 100% (1090/1090)   Receiving objects: 100% (1090/1090), 306.84 KiB | 0 bytes/s, done.
Resolving deltas:   0% (0/404)   Resolving deltas:   5% (24/404)   Resolving deltas:   6% (25/404)   Resolving deltas:   7% (29/404)   Resolving deltas:  19% (79/404)   Resolving deltas:  20% (81/404)   Resolving deltas:  21% (85/404)   Resolving deltas:  22% (92/404)   Resolving deltas:  26% (108/404)   Resolving deltas:  28% (116/404)   Resolving deltas:  31% (128/404)   Resolving deltas:  32% (131/404)   Resolving deltas:  33% (135/404)   Resolving deltas:  35% (145/404)   Resolving deltas:  37% (153/404)   Resolving deltas:  38% (156/404)   Resolving deltas:  39% (158/404)   Resolving deltas:  40% (164/404)   Resolving deltas:  41% (167/404)   Resolving deltas:  42% (171/404)   Resolving deltas:  43% (176/404)   Resolving deltas:  44% (180/404)   Resolving deltas:  49% (198/404)   Resolving deltas:  50% (203/404)   Resolving deltas:  51% (207/404)   Resolving deltas:  52% (211/404)   Resolving deltas:  56% (227/404)   Resolving deltas:  57% (234/404)   Resolving deltas:  58% (235/404)   Resolving deltas:  61% (247/404)   Resolving deltas:  64% (259/404)   Resolving deltas:  65% (266/404)   Resolving deltas:  66% (267/404)   Resolving deltas:  67% (271/404)   Resolving deltas:  69% (279/404)   Resolving deltas:  70% (285/404)   Resolving deltas:  71% (287/404)   Resolving deltas:  72% (292/404)   Resolving deltas:  73% (297/404)   Resolving deltas:  74% (301/404)   Resolving deltas:  75% (304/404)   Resolving deltas:  76% (310/404)   Resolving deltas:  77% (312/404)   Resolving deltas:  78% (318/404)   Resolving deltas:  79% (320/404)   Resolving deltas:  80% (325/404)   Resolving deltas:  81% (330/404)   Resolving deltas:  82% (335/404)   Resolving deltas:  83% (336/404)   Resolving deltas:  84% (341/404)   Resolving deltas:  85% (344/404)   Resolving deltas:  87% (355/404)   Resolving deltas:  88% (356/404)   Resolving deltas:  89% (363/404)   Resolving deltas:  90% (365/404)   Resolving deltas:  91% (368/404)   Resolving deltas:  92% (372/404)   Resolving deltas:  93% (376/404)   Resolving deltas:  96% (388/404)   Resolving deltas: 100% (404/404)   Resolving deltas: 100% (404/404), done.
Checking connectivity... done.

travis_time:end:2624b578:start=1453757222075716543,finish=1453757224389169458,duration=2313452915[0K$ cd square/dagger
$ git checkout -qf 3cd51bbab94af10782cf3352e0bb712eeb3ef4cf
travis_fold:end:git.checkout[0K
[33;1mThis job is running on container-based infrastructure, which does not allow use of 'sudo', setuid and setguid executables.[0m
[33;1mIf you require sudo, add 'sudo: required' to your .travis.yml[0m
[33;1mSee https://docs.travis-ci.com/user/workers/container-based-infrastructure/ for details.[0m

[33;1mSetting environment variables from .travis.yml[0m
$ export CI_DEPLOY_USERNAME=[secure]
$ export CI_DEPLOY_PASSWORD=[secure]

travis_fold:start:cache.1[0KSetting up build cache
$ export CASHER_DIR=$HOME/.casher
travis_time:start:07631f54[0K$ Installing caching utilities

travis_time:end:07631f54:start=1453757227039052479,finish=1453757227114079780,duration=75027301[0Ktravis_time:start:01be7258[0K
travis_time:end:01be7258:start=1453757227118388393,finish=1453757227121334155,duration=2945762[0Ktravis_time:start:15f497ee[0K[32;1mattempting to download cache archive[0m
[32;1mfetching master/cache--jdk-oraclejdk7.tgz[0m
[32;1mfound cache[0m

travis_time:end:15f497ee:start=1453757227124798662,finish=1453757228944905636,duration=1820106974[0Ktravis_time:start:179c06df[0K
travis_time:end:179c06df:start=1453757228948855218,finish=1453757228952031996,duration=3176778[0Ktravis_time:start:06c00a00[0K[32;1madding /home/travis/.m2 to cache[0m

travis_time:end:06c00a00:start=1453757228955478369,finish=1453757230476256011,duration=1520777642[0Ktravis_fold:end:cache.1[0K$ jdk_switcher use oraclejdk7
Switching to Oracle JDK7 (java-7-oracle), JAVA_HOME will be set to /usr/lib/jvm/java-7-oracle
travis_fold:start:android.install[0KInstalling Android dependencies
travis_time:start:08de17ac[0K$ android-update-sdk --components=build-tools-20.0.0 --accept-licenses='android-sdk-license-5be876d5'
Installing build-tools-20.0.0
spawn android update sdk --no-ui --all --filter build-tools-20.0.0
Refresh Sources:
  Fetching https://dl-ssl.google.com/android/repository/addons_list-2.xml
  Validate XML
  Parse XML
  Fetched Add-ons List successfully
  Refresh Sources
  Fetching URL: https://dl-ssl.google.com/android/repository/repository-10.xml
  Validate XML: https://dl-ssl.google.com/android/repository/repository-10.xml
  Parse XML:    https://dl-ssl.google.com/android/repository/repository-10.xml
  Fetching URL: https://dl-ssl.google.com/android/repository/addon.xml
  Validate XML: https://dl-ssl.google.com/android/repository/addon.xml
  Parse XML:    https://dl-ssl.google.com/android/repository/addon.xml
  Fetching URL: https://dl-ssl.google.com/android/repository/addon-6.xml
  Validate XML: https://dl-ssl.google.com/android/repository/addon-6.xml
  Parse XML:    https://dl-ssl.google.com/android/repository/addon-6.xml
  Fetching URL: https://dl-ssl.google.com/glass/gdk/addon.xml
  Validate XML: https://dl-ssl.google.com/glass/gdk/addon.xml
  Parse XML:    https://dl-ssl.google.com/glass/gdk/addon.xml
  Fetching URL: https://dl-ssl.google.com/android/repository/extras/intel/addon.xml
  Validate XML: https://dl-ssl.google.com/android/repository/extras/intel/addon.xml
  Parse XML:    https://dl-ssl.google.com/android/repository/extras/intel/addon.xml
  Fetching URL: https://dl-ssl.google.com/android/repository/sys-img/android/sys-img.xml
  Validate XML: https://dl-ssl.google.com/android/repository/sys-img/android/sys-img.xml
  Parse XML:    https://dl-ssl.google.com/android/repository/sys-img/android/sys-img.xml
  Fetching URL: https://dl-ssl.google.com/android/repository/sys-img/android-wear/sys-img.xml
  Validate XML: https://dl-ssl.google.com/android/repository/sys-img/android-wear/sys-img.xml
  Parse XML:    https://dl-ssl.google.com/android/repository/sys-img/android-wear/sys-img.xml
  Fetching URL: https://dl-ssl.google.com/android/repository/sys-img/android-tv/sys-img.xml
  Validate XML: https://dl-ssl.google.com/android/repository/sys-img/android-tv/sys-img.xml
  Parse XML:    https://dl-ssl.google.com/android/repository/sys-img/android-tv/sys-img.xml
  Fetching URL: https://dl-ssl.google.com/android/repository/sys-img/google_apis/sys-img.xml
  Validate XML: https://dl-ssl.google.com/android/repository/sys-img/google_apis/sys-img.xml
  Parse XML:    https://dl-ssl.google.com/android/repository/sys-img/google_apis/sys-img.xml
  Fetching URL: https://dl-ssl.google.com/android/repository/sys-img/x86/addon-x86.xml
  Validate XML: https://dl-ssl.google.com/android/repository/sys-img/x86/addon-x86.xml
  Parse XML:    https://dl-ssl.google.com/android/repository/sys-img/x86/addon-x86.xml
-------------------------------
License id: android-sdk-license-5be876d5
Used by: 
 - Android SDK Build-tools, revision 20
-------------------------------

To get started with the Android SDK, you must agree to the following terms and conditions.

This is the Android SDK License Agreement (the "License Agreement").

1. Introduction

1.1 The Android SDK (referred to in the License Agreement as the "SDK" and specifically including the Android system files, packaged APIs, and SDK library files and tools , if and when they are made available) is licensed to you subject to the terms of the License Agreement. The License Agreement forms a legally binding contract between you and Google in relation to your use of the SDK.

1.2 "Android" means the Android software stack for devices, as made available under the Android Open Source Project, which is located at the following URL: http://source.android.com/, as updated from time to time.

1.3 "Google" means Google Inc., a Delaware corporation with principal place of business at 1600 Amphitheatre Parkway, Mountain View, CA 94043, United States.

2. Accepting the License Agreement

2.1 In order to use the SDK, you must first agree to the License Agreement. You may not use the SDK if you do not accept the License Agreement.

2.2 By clicking to accept and/or using the SDK, you hereby agree to the terms of the License Agreement.

2.3 You may not use the SDK and may not accept the License Agreement if you are a person barred from receiving the SDK under the laws of the United States or other countries including the country in which you are resident or from which you use the SDK.

2.4 If you will use the SDK internally within your company or organization you agree to be bound by the License Agreement on behalf of your employer or other entity, and you represent and warrant that you have full legal authority to bind your employer or such entity to the License Agreement. If you do not have the requisite authority, you may not accept the License Agreement or use the SDK on behalf of your employer or other entity.

3. SDK License from Google

3.1 Subject to the terms of the License Agreement, Google grants you a royalty-free, non-assignable, non-exclusive, non-sublicensable, limited, revocable license to use the SDK, personally or internally within your company or organization, solely to develop and distribute applications to run on the Android platform.

3.2 You agree that Google or third parties own all legal right, title and interest in and to the SDK, including any Intellectual Property Rights that subsist in the SDK. "Intellectual Property Rights" means any and all rights under patent law, copyright law, trade secret law, trademark law, and any and all other proprietary rights. Google reserves all rights not expressly granted to you.

3.3 You may not use the SDK for any purpose not expressly permitted by the License Agreement. Except to the extent required by applicable third party licenses, you may not: (a) copy (except for backup purposes), modify, adapt, redistribute, decompile, reverse engineer, disassemble, or create derivative works of the SDK or any part of the SDK; or (b) load any part of the SDK onto a mobile handset or any other hardware device except a personal computer, combine any part of the SDK with other software, or distribute any software or device incorporating a part of the SDK.

3.4 You agree that you will not take any actions that may cause or result in the fragmentation of Android, including but not limited to distributing, participating in the creation of, or promoting in any way a software development kit derived from the SDK.

3.5 Use, reproduction and distribution of components of the SDK licensed under an open source software license are governed solely by the terms of that open source software license and not the License Agreement. You agree to remain a licensee in good standing in regard to such open source software licenses under all the rights granted and to refrain from any actions that may terminate, suspend, or breach such rights.

3.6 You agree that the form and nature of the SDK that Google provides may change without prior notice to you and that future versions of the SDK may be incompatible with applications developed on previous versions of the SDK. You agree that Google may stop (permanently or temporarily) providing the SDK (or any features within the SDK) to you or to users generally at Google's sole discretion, without prior notice to you.

3.7 Nothing in the License Agreement gives you a right to use any of Google's trade names, trademarks, service marks, logos, domain names, or other distinctive brand features.

3.8 You agree that you will not remove, obscure, or alter any proprietary rights notices (including copyright and trademark notices) that may be affixed to or contained within the SDK.

4. Use of the SDK by You

4.1 Google agrees that nothing in the License Agreement gives Google any right, title or interest from you (or your licensors) under the License Agreement in or to any software applications that you develop using the SDK, including any intellectual property rights that subsist in those applications.

4.2 You agree to use the SDK and write applications only for purposes that are permitted by (a) the License Agreement, and (b) any applicable law, regulation or generally accepted practices or guidelines in the relevant jurisdictions (including any laws regarding the export of data or software to and from the United States or other relevant countries).

4.3 You agree that if you use the SDK to develop applications, you will protect the privacy and legal rights of users. If users provide you with user names, passwords, or other login information or personal information, you must make the users aware that the information will be available to your application, and you must provide legally adequate privacy notice and protection for those users. If your application stores personal or sensitive information provided by users, it must do so securely. If users provide you with Google Account information, your application may only use that information to access the user's Google Account when, and for the limited purposes for which, each user has given you permission to do so.

4.4 You agree that you will not engage in any activity with the SDK, including the development or distribution of an application, that interferes with, disrupts, damages, or accesses in an unauthorized manner the servers, networks, or other properties or services of Google or any third party.

4.5 You agree that you are solely responsible for (and that Google has no responsibility to you or to any third party for) any data, content, or resources that you create, transmit or display through Android and/or applications for Android, and for the consequences of your actions (including any loss or damage which Google may suffer) by doing so.

4.6 You agree that you are solely responsible for (and that Google has no responsibility to you or to any third party for) any breach of your obligations under the License Agreement, any applicable third party contract or Terms of Service, or any applicable law or regulation, and for the consequences (including any loss or damage which Google or any third party may suffer) of any such breach.

5. Your Developer Credentials

5.1 You agree that you are responsible for maintaining the confidentiality of any developer credentials that may be issued to you by Google or which you may choose yourself and that you will be solely responsible for all applications that are developed under your developer credentials.

6. Privacy and Information

6.1 In order to continually innovate and improve the SDK, Google may collect certain usage statistics from the software including but not limited to a unique identifier, associated IP address, version number of the software, and information on which tools and/or services in the SDK are being used and how they are being used. Before any of this information is collected, the SDK will notify you and seek your consent. If you withhold consent, the information will not be collected.

6.2 The data collected is examined in the aggregate to improve the SDK and is maintained in accordance with Google's Privacy Policy located at http://www.google.com/policies/privacy/.

7. Third Party Applications

7.1 If you use the SDK to run applications developed by a third party or that access data, content or resources provided by a third party, you agree that Google is not responsible for those applications, data, content, or resources. You understand that all data, content or resources which you may access through such third party applications are the sole responsibility of the person from which they originated and that Google is not liable for any loss or damage that you may experience as a result of the use or access of any of those third party applications, data, content, or resources.

7.2 You should be aware the data, content, and resources presented to you through such a third party application may be protected by intellectual property rights which are owned by the providers (or by other persons or companies on their behalf). You may not modify, rent, lease, loan, sell, distribute or create derivative works based on these data, content, or resources (either in whole or in part) unless you have been specifically given permission to do so by the relevant owners.

7.3 You acknowledge that your use of such third party applications, data, content, or resources may be subject to separate terms between you and the relevant third party.

8. Using Google APIs

8.1 Google APIs

8.1.1 If you use any API to retrieve data from Google, you acknowledge that the data may be protected by intellectual property rights which are owned by Google or those parties that provide the data (or by other persons or companies on their behalf). Your use of any such API may be subject to additional Terms of Service. You may not modify, rent, lease, loan, sell, distribute or create derivative works based on this data (either in whole or in part) unless allowed by the relevant Terms of Service.

8.1.2 If you use any API to retrieve a user's data from Google, you acknowledge and agree that you shall retrieve data only with the user's explicit consent and only when, and for the limited purposes for which, the user has given you permission to do so.

9. Terminating the License Agreement

9.1 The License Agreement will continue to apply until terminated by either you or Google as set out below.

9.2 If you want to terminate the License Agreement, you may do so by ceasing your use of the SDK and any relevant developer credentials.

9.3 Google may at any time, terminate the License Agreement, with or without cause, upon notice to you.

9.4 The License Agreement will automatically terminate without notice or other action when Google ceases to provide the SDK or certain parts of the SDK to users in the country in which you are resident or from which you use the service.

9.5 When the License Agreement is terminated, the license granted to you in the License Agreement will terminate, you will immediately cease all use of the SDK, and the provisions of paragraphs 10, 11, 12 and 14 shall survive indefinitely.

10. DISCLAIMERS

10.1 YOU EXPRESSLY UNDERSTAND AND AGREE THAT YOUR USE OF THE SDK IS AT YOUR SOLE RISK AND THAT THE SDK IS PROVIDED "AS IS" AND "AS AVAILABLE" WITHOUT WARRANTY OF ANY KIND FROM GOOGLE.

10.2 YOUR USE OF THE SDK AND ANY MATERIAL DOWNLOADED OR OTHERWISE OBTAINED THROUGH THE USE OF THE SDK IS AT YOUR OWN DISCRETION AND RISK AND YOU ARE SOLELY RESPONSIBLE FOR ANY DAMAGE TO YOUR COMPUTER SYSTEM OR OTHER DEVICE OR LOSS OF DATA THAT RESULTS FROM SUCH USE. WITHOUT LIMITING THE FOREGOING, YOU UNDERSTAND THAT THE SDK MAY CONTAIN ERRORS, DEFECTS AND SECURITY VULNERABILITIES THAT CAN RESULT IN SIGNIFICANT DAMAGE, INCLUDING THE COMPLETE, IRRECOVERABLE LOSS OF USE OF YOUR COMPUTER SYSTEM OR OTHER DEVICE.

10.3 GOOGLE FURTHER EXPRESSLY DISCLAIMS ALL WARRANTIES AND CONDITIONS OF ANY KIND, WHETHER EXPRESS OR IMPLIED, INCLUDING, BUT NOT LIMITED TO THE IMPLIED WARRANTIES AND CONDITIONS OF MERCHANTABILITY, FITNESS FOR A PARTICULAR PURPOSE AND NON-INFRINGEMENT.

11. LIMITATION OF LIABILITY

11.1 YOU EXPRESSLY UNDERSTAND AND AGREE THAT GOOGLE, ITS SUBSIDIARIES AND AFFILIATES, AND ITS LICENSORS SHALL NOT BE LIABLE TO YOU UNDER ANY THEORY OF LIABILITY FOR ANY DIRECT, INDIRECT, INCIDENTAL, SPECIAL, CONSEQUENTIAL OR EXEMPLARY DAMAGES THAT MAY BE INCURRED BY YOU, INCLUDING ANY LOSS OF DATA, WHETHER OR NOT GOOGLE OR ITS REPRESENTATIVES HAVE BEEN ADVISED OF OR SHOULD HAVE BEEN AWARE OF THE POSSIBILITY OF ANY SUCH LOSSES ARISING.

12. Indemnification

12.1 To the maximum extent permitted by law, you agree to defend, indemnify and hold harmless Google, its affiliates and their respective directors, officers, employees and agents from and against any and all claims, actions, suits or proceedings, as well as any and all losses, liabilities, damages, costs and expenses (including reasonable attorneysâ€™ fees) arising out of or accruing from (a) your use of the SDK, (b) any application you develop on the SDK that infringes any Intellectual Property Rights of any person or defames any person or violates their rights of publicity or privacy, and (c) any non-compliance by you of the License Agreement.

13. Changes to the License Agreement

13.1 Google may make changes to the License Agreement as it distributes new versions of the SDK. When these changes are made, Google will make a new version of the License Agreement available on the website where the SDK is made available.

14. General Legal Terms

14.1 The License Agreement constitutes the whole legal agreement between you and Google and governs your use of the SDK (excluding any services which Google may provide to you under a separate written agreement), and completely replaces any prior agreements between you and Google in relation to the SDK.

14.2 You agree that if Google does not exercise or enforce any legal right or remedy which is contained in the License Agreement (or which Google has the benefit of under any applicable law), this will not be taken to be a formal waiver of Google's rights and that those rights or remedies will still be available to Google.

14.3 If any court of law, having the jurisdiction to decide on this matter, rules that any provision of the License Agreement is invalid, then that provision will be removed from the License Agreement without affecting the rest of the License Agreement. The remaining provisions of the License Agreement will continue to be valid and enforceable.

14.4 You acknowledge and agree that each member of the group of companies of which Google is the parent shall be third party beneficiaries to the License Agreement and that such other companies shall be entitled to directly enforce, and rely upon, any provision of the License Agreement that confers a benefit on (or rights in favor of) them. Other than this, no other person or company shall be third party beneficiaries to the License Agreement.

14.5 EXPORT RESTRICTIONS. THE SDK IS SUBJECT TO UNITED STATES EXPORT LAWS AND REGULATIONS. YOU MUST COMPLY WITH ALL DOMESTIC AND INTERNATIONAL EXPORT LAWS AND REGULATIONS THAT APPLY TO THE SDK. THESE LAWS INCLUDE RESTRICTIONS ON DESTINATIONS, END USERS AND END USE.

14.6 The License Agreement may not be assigned or transferred by you without the prior written approval of Google, and any attempted assignment without such approval will be void. You shall not delegate your responsibilities or obligations under the License Agreement without the prior written approval of Google.

14.7 The License Agreement, and your relationship with Google under the License Agreement, shall be governed by the laws of the State of California without regard to its conflict of laws provisions. You and Google agree to submit to the exclusive jurisdiction of the courts located within the county of Santa Clara, California to resolve any legal matter arising from the License Agreement. Notwithstanding this, you agree that Google shall still be allowed to apply for injunctive remedies (or an equivalent type of urgent legal relief) in any jurisdiction.

June 2014.
    
Do you accept the license 'android-sdk-license-5be876d5' [y/n]: y

Installing Archives:
  Preparing to install archives
  Downloading Android SDK Build-tools, revision 20
  Installing Android SDK Build-tools, revision 20
  Unzipping Android SDK Build-tools, revision 20 (2%)  Unzipping Android SDK Build-tools, revision 20 (4%)  Unzipping Android SDK Build-tools, revision 20 (5%)  Unzipping Android SDK Build-tools, revision 20 (6%)  Unzipping Android SDK Build-tools, revision 20 (7%)  Unzipping Android SDK Build-tools, revision 20 (8%)  Unzipping Android SDK Build-tools, revision 20 (9%)  Unzipping Android SDK Build-tools, revision 20 (10%)  Unzipping Android SDK Build-tools, revision 20 (11%)  Unzipping Android SDK Build-tools, revision 20 (12%)  Unzipping Android SDK Build-tools, revision 20 (13%)  Unzipping Android SDK Build-tools, revision 20 (18%)  Unzipping Android SDK Build-tools, revision 20 (20%)  Unzipping Android SDK Build-tools, revision 20 (21%)  Unzipping Android SDK Build-tools, revision 20 (22%)  Unzipping Android SDK Build-tools, revision 20 (26%)  Unzipping Android SDK Build-tools, revision 20 (54%)  Unzipping Android SDK Build-tools, revision 20 (60%)  Unzipping Android SDK Build-tools, revision 20 (62%)  Unzipping Android SDK Build-tools, revision 20 (99%)    Installed Android SDK Build-tools, revision 20
  Done. 1 package installed.

travis_time:end:08de17ac:start=1453757230484902541,finish=1453757236572914656,duration=6088012115[0Ktravis_time:start:1575499a[0K$ android-update-sdk --components=android-16 --accept-licenses='android-sdk-license-5be876d5'
Installing android-16
spawn android update sdk --no-ui --all --filter android-16
Refresh Sources:
  Fetching https://dl-ssl.google.com/android/repository/addons_list-2.xml
  Validate XML
  Parse XML
  Fetched Add-ons List successfully
  Refresh Sources
  Fetching URL: https://dl-ssl.google.com/android/repository/repository-10.xml
  Validate XML: https://dl-ssl.google.com/android/repository/repository-10.xml
  Parse XML:    https://dl-ssl.google.com/android/repository/repository-10.xml
  Fetching URL: https://dl-ssl.google.com/android/repository/addon.xml
  Validate XML: https://dl-ssl.google.com/android/repository/addon.xml
  Parse XML:    https://dl-ssl.google.com/android/repository/addon.xml
  Fetching URL: https://dl-ssl.google.com/android/repository/addon-6.xml
  Validate XML: https://dl-ssl.google.com/android/repository/addon-6.xml
  Parse XML:    https://dl-ssl.google.com/android/repository/addon-6.xml
  Fetching URL: https://dl-ssl.google.com/glass/gdk/addon.xml
  Validate XML: https://dl-ssl.google.com/glass/gdk/addon.xml
  Parse XML:    https://dl-ssl.google.com/glass/gdk/addon.xml
  Fetching URL: https://dl-ssl.google.com/android/repository/extras/intel/addon.xml
  Validate XML: https://dl-ssl.google.com/android/repository/extras/intel/addon.xml
  Parse XML:    https://dl-ssl.google.com/android/repository/extras/intel/addon.xml
  Fetching URL: https://dl-ssl.google.com/android/repository/sys-img/android/sys-img.xml
  Validate XML: https://dl-ssl.google.com/android/repository/sys-img/android/sys-img.xml
  Parse XML:    https://dl-ssl.google.com/android/repository/sys-img/android/sys-img.xml
  Fetching URL: https://dl-ssl.google.com/android/repository/sys-img/android-wear/sys-img.xml
  Validate XML: https://dl-ssl.google.com/android/repository/sys-img/android-wear/sys-img.xml
  Parse XML:    https://dl-ssl.google.com/android/repository/sys-img/android-wear/sys-img.xml
  Fetching URL: https://dl-ssl.google.com/android/repository/sys-img/android-tv/sys-img.xml
  Validate XML: https://dl-ssl.google.com/android/repository/sys-img/android-tv/sys-img.xml
  Parse XML:    https://dl-ssl.google.com/android/repository/sys-img/android-tv/sys-img.xml
  Fetching URL: https://dl-ssl.google.com/android/repository/sys-img/google_apis/sys-img.xml
  Validate XML: https://dl-ssl.google.com/android/repository/sys-img/google_apis/sys-img.xml
  Parse XML:    https://dl-ssl.google.com/android/repository/sys-img/google_apis/sys-img.xml
  Fetching URL: https://dl-ssl.google.com/android/repository/sys-img/x86/addon-x86.xml
  Validate XML: https://dl-ssl.google.com/android/repository/sys-img/x86/addon-x86.xml
  Parse XML:    https://dl-ssl.google.com/android/repository/sys-img/x86/addon-x86.xml
-------------------------------
License id: android-sdk-license-5be876d5
Used by: 
 - SDK Platform Android 4.1.2, API 16, revision 5
-------------------------------

To get started with the Android SDK, you must agree to the following terms and conditions.

This is the Android SDK License Agreement (the "License Agreement").

1. Introduction

1.1 The Android SDK (referred to in the License Agreement as the "SDK" and specifically including the Android system files, packaged APIs, and SDK library files and tools , if and when they are made available) is licensed to you subject to the terms of the License Agreement. The License Agreement forms a legally binding contract between you and Google in relation to your use of the SDK.

1.2 "Android" means the Android software stack for devices, as made available under the Android Open Source Project, which is located at the following URL: http://source.android.com/, as updated from time to time.

1.3 "Google" means Google Inc., a Delaware corporation with principal place of business at 1600 Amphitheatre Parkway, Mountain View, CA 94043, United States.

2. Accepting the License Agreement

2.1 In order to use the SDK, you must first agree to the License Agreement. You may not use the SDK if you do not accept the License Agreement.

2.2 By clicking to accept and/or using the SDK, you hereby agree to the terms of the License Agreement.

2.3 You may not use the SDK and may not accept the License Agreement if you are a person barred from receiving the SDK under the laws of the United States or other countries including the country in which you are resident or from which you use the SDK.

2.4 If you will use the SDK internally within your company or organization you agree to be bound by the License Agreement on behalf of your employer or other entity, and you represent and warrant that you have full legal authority to bind your employer or such entity to the License Agreement. If you do not have the requisite authority, you may not accept the License Agreement or use the SDK on behalf of your employer or other entity.

3. SDK License from Google

3.1 Subject to the terms of the License Agreement, Google grants you a royalty-free, non-assignable, non-exclusive, non-sublicensable, limited, revocable license to use the SDK, personally or internally within your company or organization, solely to develop and distribute applications to run on the Android platform.

3.2 You agree that Google or third parties own all legal right, title and interest in and to the SDK, including any Intellectual Property Rights that subsist in the SDK. "Intellectual Property Rights" means any and all rights under patent law, copyright law, trade secret law, trademark law, and any and all other proprietary rights. Google reserves all rights not expressly granted to you.

3.3 You may not use the SDK for any purpose not expressly permitted by the License Agreement. Except to the extent required by applicable third party licenses, you may not: (a) copy (except for backup purposes), modify, adapt, redistribute, decompile, reverse engineer, disassemble, or create derivative works of the SDK or any part of the SDK; or (b) load any part of the SDK onto a mobile handset or any other hardware device except a personal computer, combine any part of the SDK with other software, or distribute any software or device incorporating a part of the SDK.

3.4 You agree that you will not take any actions that may cause or result in the fragmentation of Android, including but not limited to distributing, participating in the creation of, or promoting in any way a software development kit derived from the SDK.

3.5 Use, reproduction and distribution of components of the SDK licensed under an open source software license are governed solely by the terms of that open source software license and not the License Agreement. You agree to remain a licensee in good standing in regard to such open source software licenses under all the rights granted and to refrain from any actions that may terminate, suspend, or breach such rights.

3.6 You agree that the form and nature of the SDK that Google provides may change without prior notice to you and that future versions of the SDK may be incompatible with applications developed on previous versions of the SDK. You agree that Google may stop (permanently or temporarily) providing the SDK (or any features within the SDK) to you or to users generally at Google's sole discretion, without prior notice to you.

3.7 Nothing in the License Agreement gives you a right to use any of Google's trade names, trademarks, service marks, logos, domain names, or other distinctive brand features.

3.8 You agree that you will not remove, obscure, or alter any proprietary rights notices (including copyright and trademark notices) that may be affixed to or contained within the SDK.

4. Use of the SDK by You

4.1 Google agrees that nothing in the License Agreement gives Google any right, title or interest from you (or your licensors) under the License Agreement in or to any software applications that you develop using the SDK, including any intellectual property rights that subsist in those applications.

4.2 You agree to use the SDK and write applications only for purposes that are permitted by (a) the License Agreement, and (b) any applicable law, regulation or generally accepted practices or guidelines in the relevant jurisdictions (including any laws regarding the export of data or software to and from the United States or other relevant countries).

4.3 You agree that if you use the SDK to develop applications, you will protect the privacy and legal rights of users. If users provide you with user names, passwords, or other login information or personal information, you must make the users aware that the information will be available to your application, and you must provide legally adequate privacy notice and protection for those users. If your application stores personal or sensitive information provided by users, it must do so securely. If users provide you with Google Account information, your application may only use that information to access the user's Google Account when, and for the limited purposes for which, each user has given you permission to do so.

4.4 You agree that you will not engage in any activity with the SDK, including the development or distribution of an application, that interferes with, disrupts, damages, or accesses in an unauthorized manner the servers, networks, or other properties or services of Google or any third party.

4.5 You agree that you are solely responsible for (and that Google has no responsibility to you or to any third party for) any data, content, or resources that you create, transmit or display through Android and/or applications for Android, and for the consequences of your actions (including any loss or damage which Google may suffer) by doing so.

4.6 You agree that you are solely responsible for (and that Google has no responsibility to you or to any third party for) any breach of your obligations under the License Agreement, any applicable third party contract or Terms of Service, or any applicable law or regulation, and for the consequences (including any loss or damage which Google or any third party may suffer) of any such breach.

5. Your Developer Credentials

5.1 You agree that you are responsible for maintaining the confidentiality of any developer credentials that may be issued to you by Google or which you may choose yourself and that you will be solely responsible for all applications that are developed under your developer credentials.

6. Privacy and Information

6.1 In order to continually innovate and improve the SDK, Google may collect certain usage statistics from the software including but not limited to a unique identifier, associated IP address, version number of the software, and information on which tools and/or services in the SDK are being used and how they are being used. Before any of this information is collected, the SDK will notify you and seek your consent. If you withhold consent, the information will not be collected.

6.2 The data collected is examined in the aggregate to improve the SDK and is maintained in accordance with Google's Privacy Policy located at http://www.google.com/policies/privacy/.

7. Third Party Applications

7.1 If you use the SDK to run applications developed by a third party or that access data, content or resources provided by a third party, you agree that Google is not responsible for those applications, data, content, or resources. You understand that all data, content or resources which you may access through such third party applications are the sole responsibility of the person from which they originated and that Google is not liable for any loss or damage that you may experience as a result of the use or access of any of those third party applications, data, content, or resources.

7.2 You should be aware the data, content, and resources presented to you through such a third party application may be protected by intellectual property rights which are owned by the providers (or by other persons or companies on their behalf). You may not modify, rent, lease, loan, sell, distribute or create derivative works based on these data, content, or resources (either in whole or in part) unless you have been specifically given permission to do so by the relevant owners.

7.3 You acknowledge that your use of such third party applications, data, content, or resources may be subject to separate terms between you and the relevant third party.

8. Using Google APIs

8.1 Google APIs

8.1.1 If you use any API to retrieve data from Google, you acknowledge that the data may be protected by intellectual property rights which are owned by Google or those parties that provide the data (or by other persons or companies on their behalf). Your use of any such API may be subject to additional Terms of Service. You may not modify, rent, lease, loan, sell, distribute or create derivative works based on this data (either in whole or in part) unless allowed by the relevant Terms of Service.

8.1.2 If you use any API to retrieve a user's data from Google, you acknowledge and agree that you shall retrieve data only with the user's explicit consent and only when, and for the limited purposes for which, the user has given you permission to do so.

9. Terminating the License Agreement

9.1 The License Agreement will continue to apply until terminated by either you or Google as set out below.

9.2 If you want to terminate the License Agreement, you may do so by ceasing your use of the SDK and any relevant developer credentials.

9.3 Google may at any time, terminate the License Agreement, with or without cause, upon notice to you.

9.4 The License Agreement will automatically terminate without notice or other action when Google ceases to provide the SDK or certain parts of the SDK to users in the country in which you are resident or from which you use the service.

9.5 When the License Agreement is terminated, the license granted to you in the License Agreement will terminate, you will immediately cease all use of the SDK, and the provisions of paragraphs 10, 11, 12 and 14 shall survive indefinitely.

10. DISCLAIMERS

10.1 YOU EXPRESSLY UNDERSTAND AND AGREE THAT YOUR USE OF THE SDK IS AT YOUR SOLE RISK AND THAT THE SDK IS PROVIDED "AS IS" AND "AS AVAILABLE" WITHOUT WARRANTY OF ANY KIND FROM GOOGLE.

10.2 YOUR USE OF THE SDK AND ANY MATERIAL DOWNLOADED OR OTHERWISE OBTAINED THROUGH THE USE OF THE SDK IS AT YOUR OWN DISCRETION AND RISK AND YOU ARE SOLELY RESPONSIBLE FOR ANY DAMAGE TO YOUR COMPUTER SYSTEM OR OTHER DEVICE OR LOSS OF DATA THAT RESULTS FROM SUCH USE. WITHOUT LIMITING THE FOREGOING, YOU UNDERSTAND THAT THE SDK MAY CONTAIN ERRORS, DEFECTS AND SECURITY VULNERABILITIES THAT CAN RESULT IN SIGNIFICANT DAMAGE, INCLUDING THE COMPLETE, IRRECOVERABLE LOSS OF USE OF YOUR COMPUTER SYSTEM OR OTHER DEVICE.

10.3 GOOGLE FURTHER EXPRESSLY DISCLAIMS ALL WARRANTIES AND CONDITIONS OF ANY KIND, WHETHER EXPRESS OR IMPLIED, INCLUDING, BUT NOT LIMITED TO THE IMPLIED WARRANTIES AND CONDITIONS OF MERCHANTABILITY, FITNESS FOR A PARTICULAR PURPOSE AND NON-INFRINGEMENT.

11. LIMITATION OF LIABILITY

11.1 YOU EXPRESSLY UNDERSTAND AND AGREE THAT GOOGLE, ITS SUBSIDIARIES AND AFFILIATES, AND ITS LICENSORS SHALL NOT BE LIABLE TO YOU UNDER ANY THEORY OF LIABILITY FOR ANY DIRECT, INDIRECT, INCIDENTAL, SPECIAL, CONSEQUENTIAL OR EXEMPLARY DAMAGES THAT MAY BE INCURRED BY YOU, INCLUDING ANY LOSS OF DATA, WHETHER OR NOT GOOGLE OR ITS REPRESENTATIVES HAVE BEEN ADVISED OF OR SHOULD HAVE BEEN AWARE OF THE POSSIBILITY OF ANY SUCH LOSSES ARISING.

12. Indemnification

12.1 To the maximum extent permitted by law, you agree to defend, indemnify and hold harmless Google, its affiliates and their respective directors, officers, employees and agents from and against any and all claims, actions, suits or proceedings, as well as any and all losses, liabilities, damages, costs and expenses (including reasonable attorneysâ€™ fees) arising out of or accruing from (a) your use of the SDK, (b) any application you develop on the SDK that infringes any Intellectual Property Rights of any person or defames any person or violates their rights of publicity or privacy, and (c) any non-compliance by you of the License Agreement.

13. Changes to the License Agreement

13.1 Google may make changes to the License Agreement as it distributes new versions of the SDK. When these changes are made, Google will make a new version of the License Agreement available on the website where the SDK is made available.

14. General Legal Terms

14.1 The License Agreement constitutes the whole legal agreement between you and Google and governs your use of the SDK (excluding any services which Google may provide to you under a separate written agreement), and completely replaces any prior agreements between you and Google in relation to the SDK.

14.2 You agree that if Google does not exercise or enforce any legal right or remedy which is contained in the License Agreement (or which Google has the benefit of under any applicable law), this will not be taken to be a formal waiver of Google's rights and that those rights or remedies will still be available to Google.

14.3 If any court of law, having the jurisdiction to decide on this matter, rules that any provision of the License Agreement is invalid, then that provision will be removed from the License Agreement without affecting the rest of the License Agreement. The remaining provisions of the License Agreement will continue to be valid and enforceable.

14.4 You acknowledge and agree that each member of the group of companies of which Google is the parent shall be third party beneficiaries to the License Agreement and that such other companies shall be entitled to directly enforce, and rely upon, any provision of the License Agreement that confers a benefit on (or rights in favor of) them. Other than this, no other person or company shall be third party beneficiaries to the License Agreement.

14.5 EXPORT RESTRICTIONS. THE SDK IS SUBJECT TO UNITED STATES EXPORT LAWS AND REGULATIONS. YOU MUST COMPLY WITH ALL DOMESTIC AND INTERNATIONAL EXPORT LAWS AND REGULATIONS THAT APPLY TO THE SDK. THESE LAWS INCLUDE RESTRICTIONS ON DESTINATIONS, END USERS AND END USE.

14.6 The License Agreement may not be assigned or transferred by you without the prior written approval of Google, and any attempted assignment without such approval will be void. You shall not delegate your responsibilities or obligations under the License Agreement without the prior written approval of Google.

14.7 The License Agreement, and your relationship with Google under the License Agreement, shall be governed by the laws of the State of California without regard to its conflict of laws provisions. You and Google agree to submit to the exclusive jurisdiction of the courts located within the county of Santa Clara, California to resolve any legal matter arising from the License Agreement. Notwithstanding this, you agree that Google shall still be allowed to apply for injunctive remedies (or an equivalent type of urgent legal relief) in any jurisdiction.

June 2014.
    
Do you accept the license 'android-sdk-license-5be876d5' [y/n]: y

Installing Archives:
  Preparing to install archives
  Downloading SDK Platform Android 4.1.2, API 16, revision 5
     (18%, 4320 KiB/s, 8 seconds left)     (32%, 5086 KiB/s, 6 seconds left)     (39%, 4599 KiB/s, 6 seconds left)     (48%, 4546 KiB/s, 5 seconds left)     (61%, 4840 KiB/s, 3 seconds left)     (72%, 4840 KiB/s, 2 seconds left)     (84%, 4942 KiB/s, 1 seconds left)     (93%, 4878 KiB/s, 0 seconds left)  Installing SDK Platform Android 4.1.2, API 16, revision 5
  Unzipping SDK Platform Android 4.1.2, API 16, revision 5 (26%)  Unzipping SDK Platform Android 4.1.2, API 16, revision 5 (27%)  Unzipping SDK Platform Android 4.1.2, API 16, revision 5 (28%)  Unzipping SDK Platform Android 4.1.2, API 16, revision 5 (29%)  Unzipping SDK Platform Android 4.1.2, API 16, revision 5 (30%)  Unzipping SDK Platform Android 4.1.2, API 16, revision 5 (31%)  Unzipping SDK Platform Android 4.1.2, API 16, revision 5 (32%)  Unzipping SDK Platform Android 4.1.2, API 16, revision 5 (33%)  Unzipping SDK Platform Android 4.1.2, API 16, revision 5 (34%)  Unzipping SDK Platform Android 4.1.2, API 16, revision 5 (36%)  Unzipping SDK Platform Android 4.1.2, API 16, revision 5 (37%)  Unzipping SDK Platform Android 4.1.2, API 16, revision 5 (38%)  Unzipping SDK Platform Android 4.1.2, API 16, revision 5 (39%)  Unzipping SDK Platform Android 4.1.2, API 16, revision 5 (40%)  Unzipping SDK Platform Android 4.1.2, API 16, revision 5 (41%)  Unzipping SDK Platform Android 4.1.2, API 16, revision 5 (42%)  Unzipping SDK Platform Android 4.1.2, API 16, revision 5 (43%)  Unzipping SDK Platform Android 4.1.2, API 16, revision 5 (44%)  Unzipping SDK Platform Android 4.1.2, API 16, revision 5 (45%)  Unzipping SDK Platform Android 4.1.2, API 16, revision 5 (46%)  Unzipping SDK Platform Android 4.1.2, API 16, revision 5 (47%)  Unzipping SDK Platform Android 4.1.2, API 16, revision 5 (48%)  Unzipping SDK Platform Android 4.1.2, API 16, revision 5 (49%)  Unzipping SDK Platform Android 4.1.2, API 16, revision 5 (50%)  Unzipping SDK Platform Android 4.1.2, API 16, revision 5 (51%)  Unzipping SDK Platform Android 4.1.2, API 16, revision 5 (52%)  Unzipping SDK Platform Android 4.1.2, API 16, revision 5 (53%)  Unzipping SDK Platform Android 4.1.2, API 16, revision 5 (54%)  Unzipping SDK Platform Android 4.1.2, API 16, revision 5 (55%)  Unzipping SDK Platform Android 4.1.2, API 16, revision 5 (72%)  Unzipping SDK Platform Android 4.1.2, API 16, revision 5 (73%)  Unzipping SDK Platform Android 4.1.2, API 16, revision 5 (74%)  Unzipping SDK Platform Android 4.1.2, API 16, revision 5 (77%)  Unzipping SDK Platform Android 4.1.2, API 16, revision 5 (78%)  Unzipping SDK Platform Android 4.1.2, API 16, revision 5 (79%)  Unzipping SDK Platform Android 4.1.2, API 16, revision 5 (81%)  Unzipping SDK Platform Android 4.1.2, API 16, revision 5 (82%)  Unzipping SDK Platform Android 4.1.2, API 16, revision 5 (83%)  Unzipping SDK Platform Android 4.1.2, API 16, revision 5 (86%)  Unzipping SDK Platform Android 4.1.2, API 16, revision 5 (87%)  Unzipping SDK Platform Android 4.1.2, API 16, revision 5 (92%)  Unzipping SDK Platform Android 4.1.2, API 16, revision 5 (96%)    Installed SDK Platform Android 4.1.2, API 16, revision 5
  Done. 1 package installed.

travis_time:end:1575499a:start=1453757236576714213,finish=1453757251604824030,duration=15028109817[0Ktravis_fold:end:android.install[0K$ java -Xmx32m -version
java version "1.7.0_76"
Java(TM) SE Runtime Environment (build 1.7.0_76-b13)
Java HotSpot(TM) 64-Bit Server VM (build 24.76-b04, mixed mode)
$ javac -J-Xmx32m -version
javac 1.7.0_76
travis_fold:start:install[0Ktravis_time:start:0e511d14[0K$ mvn install clean --fail-never --quiet -DskipTests=true -Dinvoker.skip=true

travis_time:end:0e511d14:start=1453757251817933660,finish=1453757302797653249,duration=50979719589[0Ktravis_fold:end:install[0Ktravis_time:start:0b4abb11[0K$ mvn verify
[INFO] Scanning for projects...
[WARNING] 
[WARNING] Some problems were encountered while building the effective model for com.squareup.dagger:dagger:jar:1.3.0-SNAPSHOT
[WARNING] 'build.plugins.plugin.version' for org.apache.maven.plugins:maven-javadoc-plugin is missing. @ com.squareup.dagger:dagger:[unknown-version], /home/travis/build/square/dagger/core/pom.xml, line 50, column 15
[WARNING] 'build.plugins.plugin.version' for org.apache.maven.plugins:maven-jar-plugin is missing. @ com.squareup.dagger:dagger:[unknown-version], /home/travis/build/square/dagger/core/pom.xml, line 56, column 15
[WARNING] 
[WARNING] It is highly recommended to fix these problems because they threaten the stability of your build.
[WARNING] 
[WARNING] For this reason, future Maven versions might no longer support building such malformed projects.
[WARNING] 
Downloading: https://repository.apache.org/snapshots/com/squareup/dagger/dagger/1.3.0-SNAPSHOT/maven-metadata.xml
Downloading: https://repository.apache.org/snapshots/com/squareup/dagger/dagger-compiler/1.3.0-SNAPSHOT/maven-metadata.xml
[INFO] ------------------------------------------------------------------------
[INFO] Reactor Build Order:
[INFO] 
[INFO] Dagger (Parent)
[INFO] Dagger
[INFO] Dagger Compiler
[INFO] Examples
[INFO] Examples: Simple
[INFO] Examples: Android - Simple
[INFO] Examples: Android - Activity Graphs
[INFO]                                                                         
[INFO] ------------------------------------------------------------------------
[INFO] Building Dagger (Parent) 1.3.0-SNAPSHOT
[INFO] ------------------------------------------------------------------------
[INFO] 
[INFO] --- maven-enforcer-plugin:1.0:enforce (enforce-maven) @ dagger-parent ---
[INFO] 
[INFO] --- maven-checkstyle-plugin:2.10:checkstyle (default) @ dagger-parent ---
[INFO]                                                                         
[INFO] ------------------------------------------------------------------------
[INFO] Building Dagger 1.3.0-SNAPSHOT
[INFO] ------------------------------------------------------------------------
[INFO] 
[INFO] --- maven-enforcer-plugin:1.0:enforce (enforce-maven) @ dagger ---
[INFO] 
[INFO] --- maven-resources-plugin:2.6:resources (default-resources) @ dagger ---
[INFO] Using 'UTF-8' encoding to copy filtered resources.
[INFO] skip non existing resourceDirectory /home/travis/build/square/dagger/core/src/main/resources
[INFO] 
[INFO] --- maven-compiler-plugin:3.1:compile (default-compile) @ dagger ---
[INFO] Changes detected - recompiling the module!
[INFO] Compiling 22 source files to /home/travis/build/square/dagger/core/target/classes
[WARNING] bootstrap class path not set in conjunction with -source 1.6
[WARNING] /home/travis/build/square/dagger/core/src/main/java/dagger/internal/Binding.java:[155,17] serializable class dagger.internal.Binding.InvalidBindingException has no definition of serialVersionUID
[WARNING] /home/travis/build/square/dagger/core/src/main/java/dagger/internal/ProblemDetector.java:[33,10] found raw type: dagger.internal.Binding
  missing type arguments for generic class dagger.internal.Binding<T>
[WARNING] /home/travis/build/square/dagger/core/src/main/java/dagger/internal/ProblemDetector.java:[33,50] found raw type: dagger.internal.Binding
  missing type arguments for generic class dagger.internal.Binding<T>
[WARNING] /home/travis/build/square/dagger/core/src/main/java/dagger/ObjectGraph.java:[163,90] unchecked cast
  required: dagger.internal.ModuleAdapter<java.lang.Object>
  found:    dagger.internal.ModuleAdapter<capture#1 of ?>
[INFO] 
[INFO] --- maven-checkstyle-plugin:2.10:checkstyle (default) @ dagger ---
[INFO] Starting audit...
Audit done.

[WARNING] Unable to locate Source XRef to link to - DISABLED
[INFO] 
[INFO] --- maven-resources-plugin:2.6:testResources (default-testResources) @ dagger ---
[INFO] Using 'UTF-8' encoding to copy filtered resources.
[INFO] skip non existing resourceDirectory /home/travis/build/square/dagger/core/src/test/resources
[INFO] 
[INFO] --- maven-compiler-plugin:3.1:testCompile (default-testCompile) @ dagger ---
[INFO] Changes detected - recompiling the module!
[INFO] Compiling 17 source files to /home/travis/build/square/dagger/core/target/test-classes
[WARNING] bootstrap class path not set in conjunction with -source 1.6
[WARNING] /home/travis/build/square/dagger/core/src/test/java/dagger/InjectionTest.java:[552,15] found raw type: java.util.AbstractList
  missing type arguments for generic class java.util.AbstractList<E>
[WARNING] /home/travis/build/square/dagger/core/src/test/java/dagger/SetBindingTest.java:[99,19] unchecked generic array creation for varargs parameter of type java.util.Set<java.lang.String>[]
[WARNING] /home/travis/build/square/dagger/core/src/test/java/dagger/SetBindingTest.java:[105,21] unchecked generic array creation for varargs parameter of type java.util.Set<java.lang.String>[]
[WARNING] /home/travis/build/square/dagger/core/src/test/java/dagger/internal/TestingModuleAdapter.java:[116,40] unchecked cast
  required: M
  found:    capture#1 of ?
[WARNING] /home/travis/build/square/dagger/core/src/test/java/dagger/internal/TestingModuleAdapter.java:[169,24] found raw type: dagger.internal.Binding
  missing type arguments for generic class dagger.internal.Binding<T>
[WARNING] /home/travis/build/square/dagger/core/src/test/java/dagger/internal/TestingModuleAdapter.java:[182,33] unchecked cast
  required: T
  found:    java.lang.Object
[WARNING] /home/travis/build/square/dagger/core/src/test/java/dagger/ModuleTest.java:[207,17] found raw type: javax.inject.Provider
  missing type arguments for generic class javax.inject.Provider<T>
[WARNING] /home/travis/build/square/dagger/core/src/test/java/dagger/ModuleTest.java:[239,17] found raw type: dagger.Lazy
  missing type arguments for generic class dagger.Lazy<T>
[INFO] 
[INFO] --- maven-surefire-plugin:2.12.4:test (default-test) @ dagger ---
[INFO] Surefire report directory: /home/travis/build/square/dagger/core/target/surefire-reports

-------------------------------------------------------
 T E S T S
-------------------------------------------------------
Running dagger.ExtensionWithStateTest
Tests run: 1, Failures: 0, Errors: 0, Skipped: 0, Time elapsed: 0.122 sec
Running dagger.UnusedProviderTest
Tests run: 5, Failures: 0, Errors: 0, Skipped: 0, Time elapsed: 0.013 sec
Running dagger.InjectionTest
Tests run: 41, Failures: 0, Errors: 0, Skipped: 0, Time elapsed: 0.136 sec
Running dagger.SetBindingTest
Tests run: 12, Failures: 0, Errors: 0, Skipped: 0, Time elapsed: 0.073 sec
Running dagger.internal.SingletonBindingTest
Tests run: 7, Failures: 0, Errors: 0, Skipped: 0, Time elapsed: 0.008 sec
Running dagger.internal.FailoverLoaderTest
Tests run: 1, Failures: 0, Errors: 0, Skipped: 0, Time elapsed: 0 sec
Running dagger.internal.KeysTest
Tests run: 18, Failures: 0, Errors: 0, Skipped: 0, Time elapsed: 0.009 sec
Running dagger.ProblemDetectorTest
Tests run: 3, Failures: 0, Errors: 0, Skipped: 0, Time elapsed: 0.005 sec
Running dagger.ExtensionWithSetBindingsTest
Tests run: 3, Failures: 0, Errors: 0, Skipped: 0, Time elapsed: 0.013 sec
Running dagger.LazyInjectionTest
Tests run: 4, Failures: 0, Errors: 0, Skipped: 0, Time elapsed: 0.01 sec
Running dagger.ModuleTest
Tests run: 13, Failures: 0, Errors: 0, Skipped: 0, Time elapsed: 0.014 sec
Running dagger.InjectionOfLazyTest
Tests run: 4, Failures: 0, Errors: 0, Skipped: 0, Time elapsed: 0.005 sec
Running dagger.MembersInjectorTest
Tests run: 8, Failures: 0, Errors: 0, Skipped: 0, Time elapsed: 0.014 sec
Running dagger.ThreadSafetyTest
Tests run: 2, Failures: 0, Errors: 0, Skipped: 0, Time elapsed: 0.076 sec
Running dagger.ExtensionTest
Tests run: 3, Failures: 0, Errors: 0, Skipped: 0, Time elapsed: 0.004 sec

Results :

Tests run: 125, Failures: 0, Errors: 0, Skipped: 0

[INFO] 
[INFO] --- maven-jar-plugin:2.4:jar (default-jar) @ dagger ---
[INFO] Building jar: /home/travis/build/square/dagger/core/target/dagger-1.3.0-SNAPSHOT.jar
[INFO] 
[INFO] --- maven-jar-plugin:2.4:test-jar (default) @ dagger ---
[INFO] Building jar: /home/travis/build/square/dagger/core/target/dagger-1.3.0-SNAPSHOT-tests.jar
[INFO]                                                                         
[INFO] ------------------------------------------------------------------------
[INFO] Building Dagger Compiler 1.3.0-SNAPSHOT
[INFO] ------------------------------------------------------------------------
[INFO] 
[INFO] --- maven-enforcer-plugin:1.0:enforce (enforce-maven) @ dagger-compiler ---
[INFO] 
[INFO] --- maven-resources-plugin:2.6:resources (default-resources) @ dagger-compiler ---
[INFO] Using 'UTF-8' encoding to copy filtered resources.
[INFO] Copying 1 resource
[INFO] 
[INFO] --- maven-compiler-plugin:3.1:compile (default-compile) @ dagger-compiler ---
[INFO] Changes detected - recompiling the module!
[INFO] Compiling 12 source files to /home/travis/build/square/dagger/compiler/target/classes
[WARNING] bootstrap class path not set in conjunction with -source 1.6
[INFO] 
[INFO] --- maven-checkstyle-plugin:2.10:checkstyle (default) @ dagger-compiler ---
[INFO] Starting audit...
Audit done.

[WARNING] Unable to locate Source XRef to link to - DISABLED
[INFO] 
[INFO] --- maven-resources-plugin:2.6:testResources (default-testResources) @ dagger-compiler ---
[INFO] Using 'UTF-8' encoding to copy filtered resources.
[INFO] skip non existing resourceDirectory /home/travis/build/square/dagger/compiler/src/test/resources
[INFO] 
[INFO] --- maven-compiler-plugin:3.1:testCompile (default-testCompile) @ dagger-compiler ---
[INFO] Changes detected - recompiling the module!
[INFO] Compiling 16 source files to /home/travis/build/square/dagger/compiler/target/test-classes
[WARNING] bootstrap class path not set in conjunction with -source 1.6
[WARNING] /home/travis/build/square/dagger/compiler/src/test/java/dagger/tests/integration/operation/FailureModeErrorsTest.java:[28,30] junit.framework.Assert in junit.framework has been deprecated
[WARNING] No processor claimed any of these annotations: javax.inject.Named,dagger.tests.integration.operation.FailureModeErrorsTest.MyFoo,javax.inject.Qualifier,dagger.Module,javax.annotation.processing.SupportedAnnotationTypes,dagger.Provides,javax.inject.Inject,org.junit.runner.RunWith,org.junit.Test
[WARNING] /home/travis/build/square/dagger/compiler/src/test/java/dagger/tests/integration/operation/FailureModeErrorsTest.java:[28,30] junit.framework.Assert in junit.framework has been deprecated
[WARNING] /home/travis/build/square/dagger/compiler/src/test/java/dagger/tests/integration/operation/FailureModeErrorsTest.java:[28,30] junit.framework.Assert in junit.framework has been deprecated
[WARNING] /home/travis/build/square/dagger/compiler/src/test/java/dagger/tests/integration/operation/FailureModeErrorsTest.java:[28,30] junit.framework.Assert in junit.framework has been deprecated
[INFO] 
[INFO] --- maven-compiler-plugin:3.1:testCompile (default-test-compile) @ dagger-compiler ---
[INFO] Changes detected - recompiling the module!
[INFO] Compiling 16 source files to /home/travis/build/square/dagger/compiler/target/test-classes
[WARNING] bootstrap class path not set in conjunction with -source 1.6
[WARNING] /home/travis/build/square/dagger/compiler/src/test/java/dagger/tests/integration/operation/FailureModeErrorsTest.java:[28,30] junit.framework.Assert in junit.framework has been deprecated
[WARNING] No processor claimed any of these annotations: javax.inject.Named,dagger.tests.integration.operation.FailureModeErrorsTest.MyFoo,javax.inject.Qualifier,dagger.Module,javax.annotation.processing.SupportedAnnotationTypes,dagger.Provides,javax.inject.Inject,org.junit.runner.RunWith,org.junit.Test
[WARNING] /home/travis/build/square/dagger/compiler/src/test/java/dagger/tests/integration/operation/FailureModeErrorsTest.java:[28,30] junit.framework.Assert in junit.framework has been deprecated
[WARNING] /home/travis/build/square/dagger/compiler/src/test/java/dagger/tests/integration/operation/FailureModeErrorsTest.java:[28,30] junit.framework.Assert in junit.framework has been deprecated
[WARNING] /home/travis/build/square/dagger/compiler/src/test/java/dagger/tests/integration/operation/FailureModeErrorsTest.java:[28,30] junit.framework.Assert in junit.framework has been deprecated
[INFO] 
[INFO] --- maven-surefire-plugin:2.12.4:test (default-test) @ dagger-compiler ---
[INFO] Surefire report directory: /home/travis/build/square/dagger/compiler/target/surefire-reports

-------------------------------------------------------
 T E S T S
-------------------------------------------------------
Running dagger.tests.integration.validation.CyclicModuleIncludesTest
Tests run: 3, Failures: 0, Errors: 0, Skipped: 0, Time elapsed: 1.45 sec
Running dagger.tests.integration.validation.LibraryModuleTest
Tests run: 4, Failures: 0, Errors: 0, Skipped: 0, Time elapsed: 0.538 sec
Running dagger.tests.integration.validation.SimpleMissingDependencyTest
Tests run: 1, Failures: 0, Errors: 0, Skipped: 0, Time elapsed: 0.088 sec
Running dagger.tests.integration.validation.CyclicDependencyTest
Tests run: 2, Failures: 0, Errors: 0, Skipped: 0, Time elapsed: 0.315 sec
Running dagger.tests.integration.validation.ScopeAnnotationUseTest
Tests run: 12, Failures: 0, Errors: 0, Skipped: 0, Time elapsed: 0.307 sec
Running dagger.tests.integration.validation.GeneratedTypesNotReadyTest
Tests run: 6, Failures: 0, Errors: 0, Skipped: 0, Time elapsed: 0.534 sec
Running dagger.tests.integration.operation.FailureModeErrorsTest
Tests run: 2, Failures: 0, Errors: 0, Skipped: 0, Time elapsed: 0.008 sec
Running dagger.tests.integration.operation.PrimitiveInjectionTest
Tests run: 1, Failures: 0, Errors: 0, Skipped: 0, Time elapsed: 0.011 sec
Running dagger.tests.integration.operation.SimpleInjectionTest
Tests run: 5, Failures: 0, Errors: 0, Skipped: 0, Time elapsed: 0.009 sec
Running dagger.tests.integration.codegen.ModuleAdapterGenerationTest
Tests run: 5, Failures: 0, Errors: 0, Skipped: 0, Time elapsed: 0.255 sec
Running dagger.tests.integration.codegen.InjectAdapterGenerationTest
Tests run: 2, Failures: 0, Errors: 0, Skipped: 0, Time elapsed: 0.084 sec
Running dagger.internal.codegen.GraphVisualizerTest
Tests run: 7, Failures: 0, Errors: 0, Skipped: 0, Time elapsed: 0.009 sec
Running dagger.internal.codegen.GraphAnalysisLoaderTest
Tests run: 1, Failures: 0, Errors: 0, Skipped: 0, Time elapsed: 0.117 sec
Running dagger.internal.codegen.DotWriterTest
Tests run: 4, Failures: 0, Errors: 0, Skipped: 0, Time elapsed: 0.003 sec

Results :

Tests run: 55, Failures: 0, Errors: 0, Skipped: 0

[INFO] 
[INFO] --- maven-jar-plugin:2.4:jar (default-jar) @ dagger-compiler ---
[INFO] Building jar: /home/travis/build/square/dagger/compiler/target/dagger-compiler-1.3.0-SNAPSHOT.jar
[INFO] 
[INFO] --- maven-assembly-plugin:2.2-beta-5:single (default) @ dagger-compiler ---
[INFO] META-INF/ already added, skipping
[INFO] META-INF/MANIFEST.MF already added, skipping
[INFO] META-INF/maven/ already added, skipping
[INFO] META-INF/MANIFEST.MF already added, skipping
[INFO] META-INF/ already added, skipping
[INFO] META-INF/maven/ already added, skipping
[INFO] com/ already added, skipping
[INFO] Building jar: /home/travis/build/square/dagger/compiler/target/dagger-compiler-1.3.0-SNAPSHOT-jar-with-dependencies.jar
[INFO] META-INF/ already added, skipping
[INFO] META-INF/MANIFEST.MF already added, skipping
[INFO] META-INF/maven/ already added, skipping
[INFO] META-INF/MANIFEST.MF already added, skipping
[INFO] META-INF/ already added, skipping
[INFO] META-INF/maven/ already added, skipping
[INFO] com/ already added, skipping
[INFO] 
[INFO] --- maven-invoker-plugin:1.7:install (integration-test) @ dagger-compiler ---
[INFO] Installing /home/travis/build/square/dagger/core/pom.xml to /home/travis/build/square/dagger/compiler/target/local-repo/com/squareup/dagger/dagger/1.3.0-SNAPSHOT/dagger-1.3.0-SNAPSHOT.pom
[INFO] Installing /home/travis/build/square/dagger/core/target/dagger-1.3.0-SNAPSHOT.jar to /home/travis/build/square/dagger/compiler/target/local-repo/com/squareup/dagger/dagger/1.3.0-SNAPSHOT/dagger-1.3.0-SNAPSHOT.jar
[INFO] Installing /home/travis/build/square/dagger/core/target/dagger-1.3.0-SNAPSHOT-tests.jar to /home/travis/build/square/dagger/compiler/target/local-repo/com/squareup/dagger/dagger/1.3.0-SNAPSHOT/dagger-1.3.0-SNAPSHOT-tests.jar
[INFO] Installing /home/travis/build/square/dagger/pom.xml to /home/travis/build/square/dagger/compiler/target/local-repo/com/squareup/dagger/dagger-parent/1.3.0-SNAPSHOT/dagger-parent-1.3.0-SNAPSHOT.pom
[INFO] Installing /home/travis/build/square/dagger/compiler/pom.xml to /home/travis/build/square/dagger/compiler/target/local-repo/com/squareup/dagger/dagger-compiler/1.3.0-SNAPSHOT/dagger-compiler-1.3.0-SNAPSHOT.pom
[INFO] Installing /home/travis/build/square/dagger/compiler/target/dagger-compiler-1.3.0-SNAPSHOT.jar to /home/travis/build/square/dagger/compiler/target/local-repo/com/squareup/dagger/dagger-compiler/1.3.0-SNAPSHOT/dagger-compiler-1.3.0-SNAPSHOT.jar
[INFO] Installing /home/travis/build/square/dagger/compiler/target/dagger-compiler-1.3.0-SNAPSHOT-jar-with-dependencies.jar to /home/travis/build/square/dagger/compiler/target/local-repo/com/squareup/dagger/dagger-compiler/1.3.0-SNAPSHOT/dagger-compiler-1.3.0-SNAPSHOT-jar-with-dependencies.jar
[INFO] 
[INFO] --- maven-invoker-plugin:1.7:run (integration-test) @ dagger-compiler ---
[INFO] Building: default-package-injected-type/pom.xml
[INFO] ..SUCCESS (12.3 s)
[INFO] Building: extension-graph-setvalues/pom.xml
[INFO] ..SUCCESS (6.6 s)
[INFO] Building: extension-graph/pom.xml
[INFO] ..SUCCESS (7.0 s)
[INFO] Building: final-field-inject/pom.xml
[INFO] run script verify.bsh
[INFO] ..SUCCESS (5.9 s)
[INFO] Building: include-non-module/pom.xml
[INFO] ..SUCCESS (6.1 s)
[INFO] Building: inject-on-class/pom.xml
[INFO] run script verify.bsh
[INFO] ..SUCCESS (5.7 s)
[INFO] Building: inject-parameterized-type/pom.xml
[INFO] ..SUCCESS (6.5 s)
[INFO] Building: inner-classes-complaint-injection/pom.xml
[INFO] run script verify.bsh
[INFO] ..SUCCESS (5.9 s)
[INFO] Building: method-injection/pom.xml
[INFO] run script verify.bsh
[INFO] ..SUCCESS (5.3 s)
[INFO] Building: missing-at-inject-constructor/pom.xml
[INFO] run script verify.bsh
[INFO] ..SUCCESS (5.6 s)
[INFO] Building: module-type-validation/pom.xml
[INFO] run script verify.bsh
[INFO] ..SUCCESS (5.8 s)
[INFO] Building: multiple-modules-setvalues/pom.xml
[INFO] ..SUCCESS (6.4 s)
[INFO] Building: multiple-provides-methods/pom.xml
[INFO] run script verify.bsh
[INFO] ..SUCCESS (6.0 s)
[INFO] Building: multiple-qualifiers/pom.xml
[INFO] run script verify.bsh
[INFO] ..SUCCESS (6.0 s)
[INFO] Building: private-inject/pom.xml
[INFO] run script verify.bsh
[INFO] ..SUCCESS (5.6 s)
[INFO] Building: provide-provider-or-lazy/pom.xml
[INFO] run script verify.bsh
[INFO] ..SUCCESS (5.8 s)
[INFO] Building: provides-method-not-in-module/pom.xml
[INFO] run script verify.bsh
[INFO] ..SUCCESS (5.9 s)
[INFO] Building: provides-method-with-throws-clause/pom.xml
[INFO] run script verify.bsh
[INFO] ..SUCCESS (5.6 s)
[INFO] Building: qualifiers-on-invalid-elements-errors/pom.xml
[INFO] run script verify.bsh
[INFO] ..SUCCESS (5.5 s)
[INFO] Building: qualifiers-on-invalid-elements-warnings/pom.xml
[INFO] run script verify.bsh
[INFO] ..SUCCESS (6.1 s)
[INFO] Building: same-provides-method-name/pom.xml
[INFO] ..SUCCESS (6.0 s)
[INFO] Building: uninjectable-supertype/pom.xml
[INFO] ..SUCCESS (6.3 s)
[INFO] Building: valid-use-of-qualifiers/pom.xml
[INFO] ..SUCCESS (6.3 s)
[INFO] -------------------------------------------------
[INFO] Build Summary:
[INFO]   Passed: 23, Failed: 0, Errors: 0, Skipped: 0
[INFO] -------------------------------------------------
[INFO]                                                                         
[INFO] ------------------------------------------------------------------------
[INFO] Building Examples 1.3.0-SNAPSHOT
[INFO] ------------------------------------------------------------------------
[INFO] 
[INFO] --- maven-enforcer-plugin:1.0:enforce (enforce-maven) @ dagger-example-parent ---
[INFO] 
[INFO] --- maven-checkstyle-plugin:2.10:checkstyle (default) @ dagger-example-parent ---
[INFO]                                                                         
[INFO] ------------------------------------------------------------------------
[INFO] Building Examples: Simple 1.3.0-SNAPSHOT
[INFO] ------------------------------------------------------------------------
[INFO] 
[INFO] --- maven-enforcer-plugin:1.0:enforce (enforce-maven) @ simple ---
[INFO] 
[INFO] --- maven-resources-plugin:2.6:resources (default-resources) @ simple ---
[INFO] Using 'UTF-8' encoding to copy filtered resources.
[INFO] skip non existing resourceDirectory /home/travis/build/square/dagger/examples/simple/src/main/resources
[INFO] 
[INFO] --- maven-compiler-plugin:3.1:compile (default-compile) @ simple ---
[INFO] Changes detected - recompiling the module!
[INFO] Compiling 8 source files to /home/travis/build/square/dagger/examples/simple/target/classes
[WARNING] bootstrap class path not set in conjunction with -source 1.6
[WARNING] No processor claimed any of these annotations: dagger.Provides,javax.inject.Inject,javax.inject.Singleton,dagger.Module
[INFO] 
[INFO] --- maven-checkstyle-plugin:2.10:checkstyle (default) @ simple ---
[INFO] Starting audit...
Audit done.

[WARNING] Unable to locate Source XRef to link to - DISABLED
[INFO] 
[INFO] --- maven-resources-plugin:2.6:testResources (default-testResources) @ simple ---
[INFO] Using 'UTF-8' encoding to copy filtered resources.
[INFO] skip non existing resourceDirectory /home/travis/build/square/dagger/examples/simple/src/test/resources
[INFO] 
[INFO] --- maven-compiler-plugin:3.1:testCompile (default-testCompile) @ simple ---
[INFO] Changes detected - recompiling the module!
[INFO] Compiling 1 source file to /home/travis/build/square/dagger/examples/simple/target/test-classes
[WARNING] bootstrap class path not set in conjunction with -source 1.6
[WARNING] No processor claimed any of these annotations: dagger.Provides,javax.inject.Inject,org.junit.Test,org.junit.Before,javax.inject.Singleton,dagger.Module
[INFO] 
[INFO] --- maven-surefire-plugin:2.12.4:test (default-test) @ simple ---
[INFO] Surefire report directory: /home/travis/build/square/dagger/examples/simple/target/surefire-reports

-------------------------------------------------------
 T E S T S
-------------------------------------------------------
Running coffee.CoffeeMakerTest
=> => pumping => =>
 [_]P coffee! [_]P 
Tests run: 1, Failures: 0, Errors: 0, Skipped: 0, Time elapsed: 0.298 sec

Results :

Tests run: 1, Failures: 0, Errors: 0, Skipped: 0

[INFO] 
[INFO] --- maven-jar-plugin:2.4:jar (default-jar) @ simple ---
[INFO] Building jar: /home/travis/build/square/dagger/examples/simple/target/simple-1.3.0-SNAPSHOT.jar
[INFO]                                                                         
[INFO] ------------------------------------------------------------------------
[INFO] Building Examples: Android - Simple 1.3.0-SNAPSHOT
[INFO] ------------------------------------------------------------------------
[INFO] 
[INFO] --- maven-enforcer-plugin:1.0:enforce (enforce-maven) @ android-simple ---
[INFO] 
[INFO] --- android-maven-plugin:4.1.1:generate-sources (default-generate-sources) @ android-simple ---
[INFO] Manifest copied from /home/travis/build/square/dagger/examples/android-simple/src/main/AndroidManifest.xml to /home/travis/build/square/dagger/examples/android-simple/target/AndroidManifest.xml
[INFO] Extracting libs
[INFO] Generating R file for com.squareup.dagger.example:android-simple:apk:1.3.0-SNAPSHOT
[INFO] Adding R gen folder to compile classpath: /home/travis/build/square/dagger/examples/android-simple/target/generated-sources/r
[INFO] Adding AIDL gen folder to compile classpath: /home/travis/build/square/dagger/examples/android-simple/target/generated-sources/aidl
[INFO] 
[INFO] --- maven-resources-plugin:2.7:resources (default-resources) @ android-simple ---
[INFO] Using 'UTF-8' encoding to copy filtered resources.
[INFO] skip non existing resourceDirectory /home/travis/build/square/dagger/examples/android-simple/src/main/resources
[INFO] 
[INFO] --- maven-compiler-plugin:3.1:compile (default-compile) @ android-simple ---
[INFO] Changes detected - recompiling the module!
[INFO] Compiling 8 source files to /home/travis/build/square/dagger/examples/android-simple/target/classes
[WARNING] bootstrap class path not set in conjunction with -source 1.6
[WARNING] No processor claimed any of these annotations: javax.inject.Qualifier,dagger.Module,dagger.Provides,javax.inject.Inject,javax.inject.Singleton,com.example.dagger.simple.ForApplication
[INFO] 
[INFO] --- maven-checkstyle-plugin:2.10:checkstyle (default) @ android-simple ---
[INFO] Starting audit...
Audit done.

[WARNING] Unable to locate Source XRef to link to - DISABLED
[INFO] 
[INFO] --- android-maven-plugin:4.1.1:emma (default-emma) @ android-simple ---
[INFO] 
[INFO] --- android-maven-plugin:4.1.1:proguard (default-proguard) @ android-simple ---
[INFO] 
[INFO] --- maven-resources-plugin:2.7:testResources (default-testResources) @ android-simple ---
[INFO] Using 'UTF-8' encoding to copy filtered resources.
[INFO] skip non existing resourceDirectory /home/travis/build/square/dagger/examples/android-simple/src/test/resources
[INFO] 
[INFO] --- maven-compiler-plugin:3.1:testCompile (default-testCompile) @ android-simple ---
[INFO] No sources to compile
[INFO] 
[INFO] --- maven-surefire-plugin:2.19:test (default-test) @ android-simple ---
[INFO] No tests to run.
[INFO] 
[INFO] --- android-maven-plugin:4.1.1:dex (default-dex) @ android-simple ---
[INFO] Convert classes to Dex : /home/travis/build/square/dagger/examples/android-simple/target/classes.dex
[INFO] 
[INFO] --- maven-jar-plugin:2.6:jar (default-jar) @ android-simple ---
[INFO] Building jar: /home/travis/build/square/dagger/examples/android-simple/target/android-simple-1.3.0-SNAPSHOT.jar
[INFO] 
[INFO] --- android-maven-plugin:4.1.1:apk (default-apk) @ android-simple ---
[INFO] Generating debug apk.
[INFO] Adding native libraries : []
[INFO] 
[INFO] --- android-maven-plugin:4.1.1:internal-pre-integration-test (default-internal-pre-integration-test) @ android-simple ---
[INFO] No InstrumentationRunner found - skipping tests
[INFO] 
[INFO] --- android-maven-plugin:4.1.1:internal-integration-test (default-internal-integration-test) @ android-simple ---
[INFO] No InstrumentationRunner found - skipping tests
[INFO]                                                                         
[INFO] ------------------------------------------------------------------------
[INFO] Building Examples: Android - Activity Graphs 1.3.0-SNAPSHOT
[INFO] ------------------------------------------------------------------------
[INFO] 
[INFO] --- maven-enforcer-plugin:1.0:enforce (enforce-maven) @ android-activity-graphs ---
[INFO] 
[INFO] --- android-maven-plugin:4.1.1:generate-sources (default-generate-sources) @ android-activity-graphs ---
[INFO] Manifest copied from /home/travis/build/square/dagger/examples/android-activity-graphs/src/main/AndroidManifest.xml to /home/travis/build/square/dagger/examples/android-activity-graphs/target/AndroidManifest.xml
[INFO] Extracting libs
[INFO] Generating R file for com.squareup.dagger.example:android-activity-graphs:apk:1.3.0-SNAPSHOT
[INFO] Adding R gen folder to compile classpath: /home/travis/build/square/dagger/examples/android-activity-graphs/target/generated-sources/r
[INFO] Adding AIDL gen folder to compile classpath: /home/travis/build/square/dagger/examples/android-activity-graphs/target/generated-sources/aidl
[INFO] 
[INFO] --- maven-resources-plugin:2.7:resources (default-resources) @ android-activity-graphs ---
[INFO] Using 'UTF-8' encoding to copy filtered resources.
[INFO] skip non existing resourceDirectory /home/travis/build/square/dagger/examples/android-activity-graphs/src/main/resources
[INFO] 
[INFO] --- maven-compiler-plugin:3.1:compile (default-compile) @ android-activity-graphs ---
[INFO] Changes detected - recompiling the module!
[INFO] Compiling 12 source files to /home/travis/build/square/dagger/examples/android-activity-graphs/target/classes
[WARNING] bootstrap class path not set in conjunction with -source 1.6
[WARNING] No processor claimed any of these annotations: com.example.dagger.activitygraphs.ForApplication,javax.inject.Qualifier,dagger.Module,dagger.Provides,com.example.dagger.activitygraphs.ForActivity,javax.inject.Inject,javax.inject.Singleton
[INFO] 
[INFO] --- maven-checkstyle-plugin:2.10:checkstyle (default) @ android-activity-graphs ---
[INFO] Starting audit...
Audit done.

[WARNING] Unable to locate Source XRef to link to - DISABLED
[INFO] 
[INFO] --- android-maven-plugin:4.1.1:emma (default-emma) @ android-activity-graphs ---
[INFO] 
[INFO] --- android-maven-plugin:4.1.1:proguard (default-proguard) @ android-activity-graphs ---
[INFO] 
[INFO] --- maven-resources-plugin:2.7:testResources (default-testResources) @ android-activity-graphs ---
[INFO] Using 'UTF-8' encoding to copy filtered resources.
[INFO] skip non existing resourceDirectory /home/travis/build/square/dagger/examples/android-activity-graphs/src/test/resources
[INFO] 
[INFO] --- maven-compiler-plugin:3.1:testCompile (default-testCompile) @ android-activity-graphs ---
[INFO] No sources to compile
[INFO] 
[INFO] --- maven-surefire-plugin:2.19:test (default-test) @ android-activity-graphs ---
[INFO] No tests to run.
[INFO] 
[INFO] --- android-maven-plugin:4.1.1:dex (default-dex) @ android-activity-graphs ---
[INFO] Convert classes to Dex : /home/travis/build/square/dagger/examples/android-activity-graphs/target/classes.dex
[INFO] 
[INFO] --- maven-jar-plugin:2.6:jar (default-jar) @ android-activity-graphs ---
[INFO] Building jar: /home/travis/build/square/dagger/examples/android-activity-graphs/target/android-activity-graphs-1.3.0-SNAPSHOT.jar
[INFO] 
[INFO] --- android-maven-plugin:4.1.1:apk (default-apk) @ android-activity-graphs ---
[INFO] Generating debug apk.
[INFO] Adding native libraries : []
[INFO] 
[INFO] --- android-maven-plugin:4.1.1:internal-pre-integration-test (default-internal-pre-integration-test) @ android-activity-graphs ---
[INFO] No InstrumentationRunner found - skipping tests
[INFO] 
[INFO] --- android-maven-plugin:4.1.1:internal-integration-test (default-internal-integration-test) @ android-activity-graphs ---
[INFO] No InstrumentationRunner found - skipping tests
[INFO] ------------------------------------------------------------------------
[INFO] Reactor Summary:
[INFO] 
[INFO] Dagger (Parent) .................................... SUCCESS [  0.794 s]
[INFO] Dagger ............................................. SUCCESS [  8.545 s]
[INFO] Dagger Compiler .................................... SUCCESS [02:35 min]
[INFO] Examples ........................................... SUCCESS [  0.006 s]
[INFO] Examples: Simple ................................... SUCCESS [  1.618 s]
[INFO] Examples: Android - Simple ......................... SUCCESS [ 15.562 s]
[INFO] Examples: Android - Activity Graphs ................ SUCCESS [ 14.238 s]
[INFO] ------------------------------------------------------------------------
[INFO] BUILD SUCCESS
[INFO] ------------------------------------------------------------------------
[INFO] Total time: 03:19 min
[INFO] Finished at: 2016-01-25T21:31:43+00:00
[INFO] Final Memory: 52M/450M
[INFO] ------------------------------------------------------------------------

travis_time:end:0b4abb11:start=1453757302801501338,finish=1453757504643960804,duration=201842459466[0K
[32;1mThe command "mvn verify" exited with 0.[0m
travis_fold:start:cache.2[0Kstore build cache
travis_time:start:26dbee6a[0K
travis_time:end:26dbee6a:start=1453757504647950204,finish=1453757504651190875,duration=3240671[0Ktravis_time:start:0d5d7dc3[0K[32;1mchange detected:
/home/travis/.m2/repository/com/squareup/dagger/dagger/1.3.0-SNAPSHOT/dagger-1.3.0-20151228.072357-5.jar
/home/travis/.m2/repository/com/squareup/dagger/dagger/1.3.0-SNAPSHOT/dagger-1.3.0-20151228.072357-5.jar.sha1
/home/travis/.m2/repository/com/squareup/dagger/dagger/1.3.0-SNAPSHOT/dagger-1.3.0-SNAPSHOT.jar
/home/travis/.m2/repository/com/squareup/dagger/dagger/1.3.0-SNAPSHOT/dagger-1.3.0-SNAPSHOT-tests.jar
/home/travis/.m2/repository/com/squareup/dagger/dagger/1.3.0-SNAPSHOT/maven-metadata-local.xml
/home/travis/.m2/repository/com/squareup/dagger/dagger/1.3.0-SNAPSHOT/maven-metadata-sonatype-nexus-snapshots.xml
/home/travis/.m2/repository/com/squareup/dagger/dagger/1.3.0-SNAPSHOT/maven-metadata-sonatype-nexus-snapshots.xml.sha1
/home/travis/.m2/repository/com/squareup/dagger/dagger/1.3.0-SNAPSHOT/_remote.repositories
/home/travis/.m2/repository/com/squareup/dagger/dagger/1.3.0-SNAPSHOT/resolver-status.properties
/home/travis/.m2/repository/com/squareup/dagger/dagger-compiler/1.3.0-SN
[0m
[32;1m...
[0m
[32;1mchanges detected, packing new archive[0m
[32;1muploading archive[0m

travis_time:end:0d5d7dc3:start=1453757504654884314,finish=1453757510945444919,duration=6290560605[0Ktravis_fold:end:cache.2[0Ktravis_fold:start:after_success[0Ktravis_time:start:0b40ef45[0K$ .buildscript/deploy_snapshot.sh
Deploying snapshot...
[INFO] Scanning for projects...
[WARNING] 
[WARNING] Some problems were encountered while building the effective model for com.squareup.dagger:dagger:jar:1.3.0-SNAPSHOT
[WARNING] 'build.plugins.plugin.version' for org.apache.maven.plugins:maven-javadoc-plugin is missing. @ com.squareup.dagger:dagger:[unknown-version], /home/travis/build/square/dagger/core/pom.xml, line 50, column 15
[WARNING] 'build.plugins.plugin.version' for org.apache.maven.plugins:maven-jar-plugin is missing. @ com.squareup.dagger:dagger:[unknown-version], /home/travis/build/square/dagger/core/pom.xml, line 56, column 15
[WARNING] 
[WARNING] It is highly recommended to fix these problems because they threaten the stability of your build.
[WARNING] 
[WARNING] For this reason, future Maven versions might no longer support building such malformed projects.
[WARNING] 
[INFO] ------------------------------------------------------------------------
[INFO] Reactor Build Order:
[INFO] 
[INFO] Dagger (Parent)
[INFO] Dagger
[INFO] Dagger Compiler
[INFO] Examples
[INFO] Examples: Simple
[INFO] Examples: Android - Simple
[INFO] Examples: Android - Activity Graphs
Downloading: https://repo.maven.apache.org/maven2/org/apache/maven/plugins/maven-release-plugin/2.4.2/maven-release-plugin-2.4.2.pom
4/12 KB   8/12 KB   12/12 KB              Downloaded: https://repo.maven.apache.org/maven2/org/apache/maven/plugins/maven-release-plugin/2.4.2/maven-release-plugin-2.4.2.pom (12 KB at 23.9 KB/sec)
Downloading: https://repo.maven.apache.org/maven2/org/apache/maven/release/maven-release/2.4.2/maven-release-2.4.2.pom
4/5 KB     5/5 KB            Downloaded: https://repo.maven.apache.org/maven2/org/apache/maven/release/maven-release/2.4.2/maven-release-2.4.2.pom (5 KB at 360.6 KB/sec)
Downloading: https://repo.maven.apache.org/maven2/org/apache/maven/plugins/maven-release-plugin/2.4.2/maven-release-plugin-2.4.2.jar
4/50 KB   8/50 KB   12/50 KB   16/50 KB   20/50 KB   24/50 KB   28/50 KB   32/50 KB   36/50 KB   40/50 KB   44/50 KB   48/50 KB   50/50 KB              Downloaded: https://repo.maven.apache.org/maven2/org/apache/maven/plugins/maven-release-plugin/2.4.2/maven-release-plugin-2.4.2.jar (50 KB at 1900.1 KB/sec)
Downloading: https://repo.maven.apache.org/maven2/org/apache/maven/plugins/maven-deploy-plugin/2.7/maven-deploy-plugin-2.7.pom
4/6 KB     6/6 KB            Downloaded: https://repo.maven.apache.org/maven2/org/apache/maven/plugins/maven-deploy-plugin/2.7/maven-deploy-plugin-2.7.pom (6 KB at 498.3 KB/sec)
Downloading: https://repo.maven.apache.org/maven2/org/apache/maven/plugins/maven-deploy-plugin/2.7/maven-deploy-plugin-2.7.jar
4/27 KB   8/27 KB   12/27 KB   16/27 KB   20/27 KB   24/27 KB   27/27 KB              Downloaded: https://repo.maven.apache.org/maven2/org/apache/maven/plugins/maven-deploy-plugin/2.7/maven-deploy-plugin-2.7.jar (27 KB at 935.8 KB/sec)
Downloading: https://repo.maven.apache.org/maven2/org/apache/maven/plugins/maven-site-plugin/3.3/maven-site-plugin-3.3.pom
2/21 KB    6/21 KB   10/21 KB   14/21 KB   18/21 KB   21/21 KB              Downloaded: https://repo.maven.apache.org/maven2/org/apache/maven/plugins/maven-site-plugin/3.3/maven-site-plugin-3.3.pom (21 KB at 1195.6 KB/sec)
Downloading: https://repo.maven.apache.org/maven2/org/apache/maven/plugins/maven-site-plugin/3.3/maven-site-plugin-3.3.jar
4/122 KB   8/122 KB   12/122 KB   16/122 KB   20/122 KB   24/122 KB   28/122 KB   32/122 KB   36/122 KB   40/122 KB   44/122 KB   48/122 KB   52/122 KB   56/122 KB   60/122 KB   64/122 KB   68/122 KB   72/122 KB   76/122 KB   80/122 KB   84/122 KB   88/122 KB   92/122 KB   96/122 KB   100/122 KB   104/122 KB   108/122 KB   112/122 KB   116/122 KB   120/122 KB   122/122 KB                Downloaded: https://repo.maven.apache.org/maven2/org/apache/maven/plugins/maven-site-plugin/3.3/maven-site-plugin-3.3.jar (122 KB at 3113.9 KB/sec)
Downloading: https://repo.maven.apache.org/maven2/org/apache/maven/plugins/maven-antrun-plugin/1.3/maven-antrun-plugin-1.3.pom
4/5 KB       5/5 KB            Downloaded: https://repo.maven.apache.org/maven2/org/apache/maven/plugins/maven-antrun-plugin/1.3/maven-antrun-plugin-1.3.pom (5 KB at 330.0 KB/sec)
Downloading: https://repo.maven.apache.org/maven2/org/apache/maven/plugins/maven-plugins/12/maven-plugins-12.pom
4/12 KB   8/12 KB   12/12 KB              Downloaded: https://repo.maven.apache.org/maven2/org/apache/maven/plugins/maven-plugins/12/maven-plugins-12.pom (12 KB at 764.8 KB/sec)
Downloading: https://repo.maven.apache.org/maven2/org/apache/maven/plugins/maven-antrun-plugin/1.3/maven-antrun-plugin-1.3.jar
4/24 KB    8/24 KB   12/24 KB   16/24 KB   20/24 KB   24/24 KB              Downloaded: https://repo.maven.apache.org/maven2/org/apache/maven/plugins/maven-antrun-plugin/1.3/maven-antrun-plugin-1.3.jar (24 KB at 1770.8 KB/sec)
Downloading: https://repo.maven.apache.org/maven2/org/apache/maven/plugins/maven-dependency-plugin/2.8/maven-dependency-plugin-2.8.pom
2/12 KB    6/12 KB   10/12 KB   12/12 KB              Downloaded: https://repo.maven.apache.org/maven2/org/apache/maven/plugins/maven-dependency-plugin/2.8/maven-dependency-plugin-2.8.pom (12 KB at 447.4 KB/sec)
Downloading: https://repo.maven.apache.org/maven2/org/apache/maven/plugins/maven-dependency-plugin/2.8/maven-dependency-plugin-2.8.jar
4/150 KB   8/150 KB   12/150 KB   16/150 KB   20/150 KB   24/150 KB   28/150 KB   32/150 KB   36/150 KB   40/150 KB   44/150 KB   48/150 KB   52/150 KB   56/150 KB   60/150 KB   63/150 KB   67/150 KB   71/150 KB   75/150 KB   79/150 KB   83/150 KB   87/150 KB   91/150 KB   95/150 KB   99/150 KB   103/150 KB   107/150 KB   111/150 KB   115/150 KB   119/150 KB   123/150 KB   127/150 KB   131/150 KB   135/150 KB   139/150 KB   143/150 KB   147/150 KB   150/150 KB                Downloaded: https://repo.maven.apache.org/maven2/org/apache/maven/plugins/maven-dependency-plugin/2.8/maven-dependency-plugin-2.8.jar (150 KB at 2535.5 KB/sec)
Downloading: https://repo.maven.apache.org/maven2/org/apache/maven/plugins/maven-release-plugin/2.1/maven-release-plugin-2.1.pom
4/9 KB       8/9 KB   9/9 KB            Downloaded: https://repo.maven.apache.org/maven2/org/apache/maven/plugins/maven-release-plugin/2.1/maven-release-plugin-2.1.pom (9 KB at 349.1 KB/sec)
Downloading: https://repo.maven.apache.org/maven2/org/apache/maven/release/maven-release/2.1/maven-release-2.1.pom
4/7 KB   7/7 KB            Downloaded: https://repo.maven.apache.org/maven2/org/apache/maven/release/maven-release/2.1/maven-release-2.1.pom (7 KB at 313.9 KB/sec)
Downloading: https://repo.maven.apache.org/maven2/org/apache/maven/plugins/maven-release-plugin/2.1/maven-release-plugin-2.1.jar
4/40 KB   8/40 KB   12/40 KB   16/40 KB   20/40 KB   24/40 KB   28/40 KB   32/40 KB   36/40 KB   40/40 KB              Downloaded: https://repo.maven.apache.org/maven2/org/apache/maven/plugins/maven-release-plugin/2.1/maven-release-plugin-2.1.jar (40 KB at 2614.6 KB/sec)
Downloading: https://repo.maven.apache.org/maven2/org/apache/maven/plugins/maven-metadata.xml
Downloading: https://repo.maven.apache.org/maven2/org/codehaus/mojo/maven-metadata.xml
4/13 KB    5/13 KB   9/13 KB   13/13 KB   13/13 KB              Downloaded: https://repo.maven.apache.org/maven2/org/apache/maven/plugins/maven-metadata.xml (13 KB at 916.2 KB/sec)
4/20 KB    8/20 KB   12/20 KB   16/20 KB   20/20 KB   20/20 KB              Downloaded: https://repo.maven.apache.org/maven2/org/codehaus/mojo/maven-metadata.xml (20 KB at 370.2 KB/sec)
Downloading: https://repo.maven.apache.org/maven2/org/apache/maven/plugins/maven-source-plugin/maven-metadata.xml
746/746 B               Downloaded: https://repo.maven.apache.org/maven2/org/apache/maven/plugins/maven-source-plugin/maven-metadata.xml (746 B at 66.2 KB/sec)
Downloading: https://repo.maven.apache.org/maven2/org/apache/maven/plugins/maven-source-plugin/2.4/maven-source-plugin-2.4.pom
4/7 KB      7/7 KB            Downloaded: https://repo.maven.apache.org/maven2/org/apache/maven/plugins/maven-source-plugin/2.4/maven-source-plugin-2.4.pom (7 KB at 540.7 KB/sec)
Downloading: https://repo.maven.apache.org/maven2/org/apache/maven/plugins/maven-source-plugin/2.4/maven-source-plugin-2.4.jar
4/31 KB   8/31 KB   12/31 KB   16/31 KB   20/31 KB   24/31 KB   28/31 KB   31/31 KB              Downloaded: https://repo.maven.apache.org/maven2/org/apache/maven/plugins/maven-source-plugin/2.4/maven-source-plugin-2.4.jar (31 KB at 2360.7 KB/sec)
[INFO]                                                                         
[INFO] ------------------------------------------------------------------------
[INFO] Building Dagger (Parent) 1.3.0-SNAPSHOT
[INFO] ------------------------------------------------------------------------
[INFO] 
[INFO] --- maven-clean-plugin:2.5:clean (default-clean) @ dagger-parent ---
[INFO] 
[INFO] >>> maven-source-plugin:2.4:jar (default-cli) > generate-sources @ dagger-parent >>>
[INFO] 
[INFO] --- maven-enforcer-plugin:1.0:enforce (enforce-maven) @ dagger-parent ---
[INFO] 
[INFO] <<< maven-source-plugin:2.4:jar (default-cli) < generate-sources @ dagger-parent <<<
[INFO] 
[INFO] --- maven-source-plugin:2.4:jar (default-cli) @ dagger-parent ---
Downloading: https://repo.maven.apache.org/maven2/org/codehaus/plexus/plexus-archiver/2.6.3/plexus-archiver-2.6.3.pom
4/4 KB              Downloaded: https://repo.maven.apache.org/maven2/org/codehaus/plexus/plexus-archiver/2.6.3/plexus-archiver-2.6.3.pom (4 KB at 217.5 KB/sec)
Downloading: https://repo.maven.apache.org/maven2/org/codehaus/plexus/plexus-utils/3.0.18/plexus-utils-3.0.18.pom
4/4 KB            Downloaded: https://repo.maven.apache.org/maven2/org/codehaus/plexus/plexus-utils/3.0.18/plexus-utils-3.0.18.pom (4 KB at 255.0 KB/sec)
Downloading: https://repo.maven.apache.org/maven2/org/codehaus/plexus/plexus-io/2.1.3/plexus-io-2.1.3.pom
3/3 KB            Downloaded: https://repo.maven.apache.org/maven2/org/codehaus/plexus/plexus-io/2.1.3/plexus-io-2.1.3.pom (3 KB at 219.2 KB/sec)
Downloading: https://repo.maven.apache.org/maven2/org/codehaus/plexus/plexus-archiver/2.6.3/plexus-archiver-2.6.3.jar
Downloading: https://repo.maven.apache.org/maven2/org/codehaus/plexus/plexus-io/2.1.3/plexus-io-2.1.3.jar
4/129 KB   8/129 KB   12/129 KB   16/129 KB   20/129 KB   24/129 KB   28/129 KB   32/129 KB   36/129 KB   40/129 KB   44/129 KB   48/129 KB   52/129 KB   56/129 KB   60/129 KB   64/129 KB   68/129 KB   72/129 KB   76/129 KB   80/129 KB   84/129 KB   88/129 KB   92/129 KB   96/129 KB   100/129 KB   104/129 KB   108/129 KB   112/129 KB   116/129 KB   Downloading: https://repo.maven.apache.org/maven2/org/codehaus/plexus/plexus-utils/3.0.18/plexus-utils-3.0.18.jar
120/129 KB   124/129 KB   128/129 KB   129/129 KB   129/129 KB   4/65 KB   129/129 KB   8/65 KB   12/65 KB               16/65 KB   20/65 KB   24/65 KB   28/65 KB                          Downloaded: https://repo.maven.apache.org/maven2/org/codehaus/plexus/plexus-archiver/2.6.3/plexus-archiver-2.6.3.jar (129 KB at 1943.5 KB/sec)
32/65 KB   36/65 KB   40/65 KB   44/65 KB   48/65 KB   52/65 KB   56/65 KB   60/65 KB   64/65 KB   65/65 KB              Downloaded: https://repo.maven.apache.org/maven2/org/codehaus/plexus/plexus-io/2.1.3/plexus-io-2.1.3.jar (65 KB at 821.4 KB/sec)
4/238 KB   8/238 KB   12/238 KB   16/238 KB   20/238 KB   24/238 KB   28/238 KB   32/238 KB   36/238 KB   40/238 KB   44/238 KB   48/238 KB   52/238 KB   56/238 KB   60/238 KB   64/238 KB   68/238 KB   72/238 KB   76/238 KB   80/238 KB   84/238 KB   88/238 KB   92/238 KB   96/238 KB   100/238 KB   104/238 KB   108/238 KB   112/238 KB   116/238 KB   120/238 KB   124/238 KB   128/238 KB   132/238 KB   136/238 KB   140/238 KB   144/238 KB   148/238 KB   152/238 KB   156/238 KB   160/238 KB   164/238 KB   168/238 KB   172/238 KB   176/238 KB   180/238 KB   184/238 KB   188/238 KB   192/238 KB   196/238 KB   200/238 KB   204/238 KB   208/238 KB   212/238 KB   216/238 KB   220/238 KB   224/238 KB   228/238 KB   232/238 KB   236/238 KB   238/238 KB                Downloaded: https://repo.maven.apache.org/maven2/org/codehaus/plexus/plexus-utils/3.0.18/plexus-utils-3.0.18.jar (238 KB at 1757.8 KB/sec)
[INFO] 
[INFO] --- maven-javadoc-plugin:2.10.3:jar (default-cli) @ dagger-parent ---
Downloading: https://repo.maven.apache.org/maven2/org/apache/maven/shared/maven-invoker/2.0.9/maven-invoker-2.0.9.pom
4/6 KB       6/6 KB            Downloaded: https://repo.maven.apache.org/maven2/org/apache/maven/shared/maven-invoker/2.0.9/maven-invoker-2.0.9.pom (6 KB at 331.9 KB/sec)
Downloading: https://repo.maven.apache.org/maven2/org/apache/maven/maven-plugin-api/2.0.8/maven-plugin-api-2.0.8.pom
2/2 KB            Downloaded: https://repo.maven.apache.org/maven2/org/apache/maven/maven-plugin-api/2.0.8/maven-plugin-api-2.0.8.pom (2 KB at 132.6 KB/sec)
Downloading: https://repo.maven.apache.org/maven2/org/apache/maven/doxia/doxia-sink-api/1.4/doxia-sink-api-1.4.pom
2/2 KB            Downloaded: https://repo.maven.apache.org/maven2/org/apache/maven/doxia/doxia-sink-api/1.4/doxia-sink-api-1.4.pom (2 KB at 87.9 KB/sec)
Downloading: https://repo.maven.apache.org/maven2/org/apache/maven/doxia/doxia/1.4/doxia-1.4.pom
4/18 KB   8/18 KB   12/18 KB   16/18 KB   18/18 KB              Downloaded: https://repo.maven.apache.org/maven2/org/apache/maven/doxia/doxia/1.4/doxia-1.4.pom (18 KB at 1948.1 KB/sec)
Downloading: https://repo.maven.apache.org/maven2/org/apache/maven/doxia/doxia-logging-api/1.4/doxia-logging-api-1.4.pom
2/2 KB              Downloaded: https://repo.maven.apache.org/maven2/org/apache/maven/doxia/doxia-logging-api/1.4/doxia-logging-api-1.4.pom (2 KB at 166.7 KB/sec)
Downloading: https://repo.maven.apache.org/maven2/org/apache/maven/doxia/doxia-site-renderer/1.4/doxia-site-renderer-1.4.pom
4/6 KB   6/6 KB            Downloaded: https://repo.maven.apache.org/maven2/org/apache/maven/doxia/doxia-site-renderer/1.4/doxia-site-renderer-1.4.pom (6 KB at 596.8 KB/sec)
Downloading: https://repo.maven.apache.org/maven2/org/apache/maven/doxia/doxia-sitetools/1.4/doxia-sitetools-1.4.pom
4/17 KB   8/17 KB   12/17 KB   16/17 KB   17/17 KB              Downloaded: https://repo.maven.apache.org/maven2/org/apache/maven/doxia/doxia-sitetools/1.4/doxia-sitetools-1.4.pom (17 KB at 986.0 KB/sec)
Downloading: https://repo.maven.apache.org/maven2/org/apache/maven/doxia/doxia-core/1.4/doxia-core-1.4.pom
4/4 KB              Downloaded: https://repo.maven.apache.org/maven2/org/apache/maven/doxia/doxia-core/1.4/doxia-core-1.4.pom (4 KB at 397.1 KB/sec)
Downloading: https://repo.maven.apache.org/maven2/org/codehaus/plexus/plexus-utils/3.0.10/plexus-utils-3.0.10.pom
4/4 KB            Downloaded: https://repo.maven.apache.org/maven2/org/codehaus/plexus/plexus-utils/3.0.10/plexus-utils-3.0.10.pom (4 KB at 255.9 KB/sec)
Downloading: https://repo.maven.apache.org/maven2/org/apache/maven/doxia/doxia-decoration-model/1.4/doxia-decoration-model-1.4.pom
3/3 KB            Downloaded: https://repo.maven.apache.org/maven2/org/apache/maven/doxia/doxia-decoration-model/1.4/doxia-decoration-model-1.4.pom (3 KB at 217.6 KB/sec)
Downloading: https://repo.maven.apache.org/maven2/org/apache/maven/doxia/doxia-module-xhtml/1.4/doxia-module-xhtml-1.4.pom
2/2 KB            Downloaded: https://repo.maven.apache.org/maven2/org/apache/maven/doxia/doxia-module-xhtml/1.4/doxia-module-xhtml-1.4.pom (2 KB at 122.5 KB/sec)
Downloading: https://repo.maven.apache.org/maven2/org/apache/maven/doxia/doxia-modules/1.4/doxia-modules-1.4.pom
3/3 KB            Downloaded: https://repo.maven.apache.org/maven2/org/apache/maven/doxia/doxia-modules/1.4/doxia-modules-1.4.pom (3 KB at 106.7 KB/sec)
Downloading: https://repo.maven.apache.org/maven2/org/apache/maven/doxia/doxia-module-fml/1.4/doxia-module-fml-1.4.pom
4/5 KB   5/5 KB            Downloaded: https://repo.maven.apache.org/maven2/org/apache/maven/doxia/doxia-module-fml/1.4/doxia-module-fml-1.4.pom (5 KB at 521.3 KB/sec)
Downloading: https://repo.maven.apache.org/maven2/org/apache/velocity/velocity-tools/2.0/velocity-tools-2.0.pom
4/18 KB   8/18 KB   12/18 KB   16/18 KB   18/18 KB              Downloaded: https://repo.maven.apache.org/maven2/org/apache/velocity/velocity-tools/2.0/velocity-tools-2.0.pom (18 KB at 987.4 KB/sec)
Downloading: https://repo.maven.apache.org/maven2/commons-digester/commons-digester/1.8/commons-digester-1.8.pom
4/7 KB     7/7 KB            Downloaded: https://repo.maven.apache.org/maven2/commons-digester/commons-digester/1.8/commons-digester-1.8.pom (7 KB at 684.0 KB/sec)
Downloading: https://repo.maven.apache.org/maven2/commons-logging/commons-logging/1.1/commons-logging-1.1.pom
4/7 KB   7/7 KB            Downloaded: https://repo.maven.apache.org/maven2/commons-logging/commons-logging/1.1/commons-logging-1.1.pom (7 KB at 603.7 KB/sec)
Downloading: https://repo.maven.apache.org/maven2/logkit/logkit/1.0.1/logkit-1.0.1.pom
147/147 B               Downloaded: https://repo.maven.apache.org/maven2/logkit/logkit/1.0.1/logkit-1.0.1.pom (147 B at 12.0 KB/sec)
Downloading: https://repo.maven.apache.org/maven2/avalon-framework/avalon-framework/4.1.3/avalon-framework-4.1.3.pom
167/167 B               Downloaded: https://repo.maven.apache.org/maven2/avalon-framework/avalon-framework/4.1.3/avalon-framework-4.1.3.pom (167 B at 13.6 KB/sec)
Downloading: https://repo.maven.apache.org/maven2/javax/servlet/servlet-api/2.3/servlet-api-2.3.pom
156/156 B               Downloaded: https://repo.maven.apache.org/maven2/javax/servlet/servlet-api/2.3/servlet-api-2.3.pom (156 B at 10.9 KB/sec)
Downloading: https://repo.maven.apache.org/maven2/commons-chain/commons-chain/1.1/commons-chain-1.1.pom
4/6 KB      6/6 KB            Downloaded: https://repo.maven.apache.org/maven2/commons-chain/commons-chain/1.1/commons-chain-1.1.pom (6 KB at 587.2 KB/sec)
Downloading: https://repo.maven.apache.org/maven2/dom4j/dom4j/1.1/dom4j-1.1.pom
142/142 B               Downloaded: https://repo.maven.apache.org/maven2/dom4j/dom4j/1.1/dom4j-1.1.pom (142 B at 8.7 KB/sec)
Downloading: https://repo.maven.apache.org/maven2/sslext/sslext/1.2-0/sslext-1.2-0.pom
653/653 B               Downloaded: https://repo.maven.apache.org/maven2/sslext/sslext/1.2-0/sslext-1.2-0.pom (653 B at 70.9 KB/sec)
Downloading: https://repo.maven.apache.org/maven2/org/apache/struts/struts-core/1.3.8/struts-core-1.3.8.pom
4/5 KB      5/5 KB            Downloaded: https://repo.maven.apache.org/maven2/org/apache/struts/struts-core/1.3.8/struts-core-1.3.8.pom (5 KB at 382.8 KB/sec)
Downloading: https://repo.maven.apache.org/maven2/org/apache/struts/struts-parent/1.3.8/struts-parent-1.3.8.pom
4/10 KB   8/10 KB   10/10 KB              Downloaded: https://repo.maven.apache.org/maven2/org/apache/struts/struts-parent/1.3.8/struts-parent-1.3.8.pom (10 KB at 873.5 KB/sec)
Downloading: https://repo.maven.apache.org/maven2/org/apache/struts/struts-master/4/struts-master-4.pom
4/12 KB    8/12 KB   12/12 KB              Downloaded: https://repo.maven.apache.org/maven2/org/apache/struts/struts-master/4/struts-master-4.pom (12 KB at 888.7 KB/sec)
Downloading: https://repo.maven.apache.org/maven2/org/apache/apache/2/apache-2.pom
4/4 KB              Downloaded: https://repo.maven.apache.org/maven2/org/apache/apache/2/apache-2.pom (4 KB at 332.9 KB/sec)
Downloading: https://repo.maven.apache.org/maven2/antlr/antlr/2.7.2/antlr-2.7.2.pom
145/145 B               Downloaded: https://repo.maven.apache.org/maven2/antlr/antlr/2.7.2/antlr-2.7.2.pom (145 B at 7.1 KB/sec)
Downloading: https://repo.maven.apache.org/maven2/org/apache/struts/struts-taglib/1.3.8/struts-taglib-1.3.8.pom
4/4 KB               Downloaded: https://repo.maven.apache.org/maven2/org/apache/struts/struts-taglib/1.3.8/struts-taglib-1.3.8.pom (4 KB at 250.3 KB/sec)
Downloading: https://repo.maven.apache.org/maven2/org/apache/struts/struts-tiles/1.3.8/struts-tiles-1.3.8.pom
3/3 KB            Downloaded: https://repo.maven.apache.org/maven2/org/apache/struts/struts-tiles/1.3.8/struts-tiles-1.3.8.pom (3 KB at 218.2 KB/sec)
Downloading: https://repo.maven.apache.org/maven2/org/apache/velocity/velocity/1.6.2/velocity-1.6.2.pom
4/11 KB   8/11 KB   11/11 KB              Downloaded: https://repo.maven.apache.org/maven2/org/apache/velocity/velocity/1.6.2/velocity-1.6.2.pom (11 KB at 942.8 KB/sec)
Downloading: https://repo.maven.apache.org/maven2/org/apache/maven/wagon/wagon-provider-api/1.0-beta-6/wagon-provider-api-1.0-beta-6.pom
2/2 KB              Downloaded: https://repo.maven.apache.org/maven2/org/apache/maven/wagon/wagon-provider-api/1.0-beta-6/wagon-provider-api-1.0-beta-6.pom (2 KB at 143.2 KB/sec)
Downloading: https://repo.maven.apache.org/maven2/org/apache/maven/wagon/wagon/1.0-beta-6/wagon-1.0-beta-6.pom
3/13 KB   7/13 KB   11/13 KB   13/13 KB              Downloaded: https://repo.maven.apache.org/maven2/org/apache/maven/wagon/wagon/1.0-beta-6/wagon-1.0-beta-6.pom (13 KB at 1099.6 KB/sec)
Downloading: https://repo.maven.apache.org/maven2/org/apache/httpcomponents/httpclient/4.2.3/httpclient-4.2.3.pom
2/6 KB     6/6 KB            Downloaded: https://repo.maven.apache.org/maven2/org/apache/httpcomponents/httpclient/4.2.3/httpclient-4.2.3.pom (6 KB at 444.0 KB/sec)
Downloading: https://repo.maven.apache.org/maven2/org/apache/httpcomponents/httpcomponents-client/4.2.3/httpcomponents-client-4.2.3.pom
4/15 KB   8/15 KB   12/15 KB   15/15 KB              Downloaded: https://repo.maven.apache.org/maven2/org/apache/httpcomponents/httpcomponents-client/4.2.3/httpcomponents-client-4.2.3.pom (15 KB at 1097.1 KB/sec)
Downloading: https://repo.maven.apache.org/maven2/org/apache/httpcomponents/project/6/project-6.pom
4/24 KB    8/24 KB   12/24 KB   16/24 KB   20/24 KB   24/24 KB              Downloaded: https://repo.maven.apache.org/maven2/org/apache/httpcomponents/project/6/project-6.pom (24 KB at 900.9 KB/sec)
Downloading: https://repo.maven.apache.org/maven2/org/apache/httpcomponents/httpcore/4.2.2/httpcore-4.2.2.pom
4/6 KB     6/6 KB            Downloaded: https://repo.maven.apache.org/maven2/org/apache/httpcomponents/httpcore/4.2.2/httpcore-4.2.2.pom (6 KB at 396.5 KB/sec)
Downloading: https://repo.maven.apache.org/maven2/org/apache/httpcomponents/httpcomponents-core/4.2.2/httpcomponents-core-4.2.2.pom
4/12 KB   8/12 KB   12/12 KB              Downloaded: https://repo.maven.apache.org/maven2/org/apache/httpcomponents/httpcomponents-core/4.2.2/httpcomponents-core-4.2.2.pom (12 KB at 1120.4 KB/sec)
Downloading: https://repo.maven.apache.org/maven2/log4j/log4j/1.2.14/log4j-1.2.14.pom
3/3 KB              Downloaded: https://repo.maven.apache.org/maven2/log4j/log4j/1.2.14/log4j-1.2.14.pom (3 KB at 210.8 KB/sec)
Downloading: https://repo.maven.apache.org/maven2/com/thoughtworks/qdox/qdox/1.12.1/qdox-1.12.1.pom
4/18 KB   8/18 KB   12/18 KB   16/18 KB   18/18 KB              Downloaded: https://repo.maven.apache.org/maven2/com/thoughtworks/qdox/qdox/1.12.1/qdox-1.12.1.pom (18 KB at 1145.7 KB/sec)
Downloading: https://repo.maven.apache.org/maven2/org/codehaus/codehaus-parent/4/codehaus-parent-4.pom
4/5 KB     5/5 KB            Downloaded: https://repo.maven.apache.org/maven2/org/codehaus/codehaus-parent/4/codehaus-parent-4.pom (5 KB at 428.0 KB/sec)
Downloading: https://repo.maven.apache.org/maven2/org/apache/maven/shared/maven-invoker/2.0.9/maven-invoker-2.0.9.jar
Downloading: https://repo.maven.apache.org/maven2/org/apache/maven/doxia/doxia-logging-api/1.4/doxia-logging-api-1.4.jar
4/28 KB   8/28 KB   12/28 KB   16/28 KB   20/28 KB   24/28 KB   28/28 KB   1/12 KB   28/28 KB   5/12 KB   28/28 KB   9/12 KB   28/28 KB   12/12 KB   28/28 KB                         Downloaded: https://repo.maven.apache.org/maven2/org/apache/maven/shared/maven-invoker/2.0.9/maven-invoker-2.0.9.jar (28 KB at 708.2 KB/sec)
                      Downloaded: https://repo.maven.apache.org/maven2/org/apache/maven/doxia/doxia-logging-api/1.4/doxia-logging-api-1.4.jar (12 KB at 424.8 KB/sec)
Downloading: https://repo.maven.apache.org/maven2/org/apache/maven/doxia/doxia-site-renderer/1.4/doxia-site-renderer-1.4.jar
Downloading: https://repo.maven.apache.org/maven2/org/apache/maven/doxia/doxia-sink-api/1.4/doxia-sink-api-1.4.jar
4/52 KB               8/52 KB   12/52 KB   16/52 KB   20/52 KB   24/52 KB   28/52 KB   32/52 KB   36/52 KB   40/52 KB   44/52 KB   48/52 KB   52/52 KB   52/52 KB   Downloading: https://repo.maven.apache.org/maven2/org/apache/maven/doxia/doxia-decoration-model/1.4/doxia-decoration-model-1.4.jar
Downloading: https://repo.maven.apache.org/maven2/org/apache/maven/doxia/doxia-module-xhtml/1.4/doxia-module-xhtml-1.4.jar
           Downloaded: https://repo.maven.apache.org/maven2/org/apache/maven/doxia/doxia-site-renderer/1.4/doxia-site-renderer-1.4.jar (52 KB at 1364.1 KB/sec)
Downloading: https://repo.maven.apache.org/maven2/org/apache/maven/doxia/doxia-module-fml/1.4/doxia-module-fml-1.4.jar
Downloading: https://repo.maven.apache.org/maven2/org/apache/maven/doxia/doxia-core/1.4/doxia-core-1.4.jar
4/60 KB    8/60 KB   12/60 KB   16/60 KB   20/60 KB   24/60 KB   28/60 KB   32/60 KB   36/60 KB   40/60 KB   44/60 KB   48/60 KB   52/60 KB   56/60 KB   60/60 KB   60/60 KB   60/60 KB   4/16 KB   60/60 KB   8/16 KB   60/60 KB   12/16 KB   60/60 KB   16/16 KB                         Downloaded: https://repo.maven.apache.org/maven2/org/apache/maven/doxia/doxia-decoration-model/1.4/doxia-decoration-model-1.4.jar (60 KB at 2848.8 KB/sec)
Downloading: https://repo.maven.apache.org/maven2/org/apache/velocity/velocity-tools/2.0/velocity-tools-2.0.jar
4/11 KB   16/16 KB    8/11 KB   16/16 KB   11/11 KB   16/16 KB   11/11 KB   4/37 KB   16/16 KB   11/11 KB   8/37 KB   16/16 KB   11/11 KB   12/37 KB   16/16 KB   11/11 KB   16/37 KB   16/16 KB                                    Downloaded: https://repo.maven.apache.org/maven2/org/apache/maven/doxia/doxia-module-xhtml/1.4/doxia-module-xhtml-1.4.jar (16 KB at 577.9 KB/sec)
Downloading: https://repo.maven.apache.org/maven2/commons-digester/commons-digester/1.8/commons-digester-1.8.jar
11/11 KB   16/37 KB   4/339 KB   11/11 KB   16/37 KB   8/339 KB   11/11 KB   16/37 KB   12/339 KB   11/11 KB   16/37 KB   16/339 KB                                     16/37 KB   20/339 KB              16/37 KB   24/339 KB   Downloaded: https://repo.maven.apache.org/maven2/org/apache/maven/doxia/doxia-sink-api/1.4/doxia-sink-api-1.4.jar (11 KB at 152.0 KB/sec)
16/37 KB   28/339 KB   Downloading: https://repo.maven.apache.org/maven2/commons-chain/commons-chain/1.1/commons-chain-1.1.jar
16/37 KB   32/339 KB   16/37 KB   36/339 KB   16/37 KB   40/339 KB   16/37 KB   44/339 KB   16/37 KB   48/339 KB   16/37 KB   52/339 KB   20/37 KB   56/339 KB   20/37 KB   60/339 KB   20/37 KB   64/339 KB   20/37 KB   56/339 KB   24/37 KB   64/339 KB   28/37 KB   64/339 KB   28/37 KB   4/141 KB   68/339 KB   32/37 KB   4/141 KB   68/339 KB   28/37 KB   68/339 KB   32/37 KB   8/141 KB   72/339 KB   32/37 KB   8/141 KB   72/339 KB   32/37 KB   12/141 KB   76/339 KB   36/37 KB   12/141 KB   76/339 KB   37/37 KB   12/141 KB   76/339 KB   37/37 KB   16/141 KB   76/339 KB   37/37 KB   20/141 KB   76/339 KB   37/37 KB   24/141 KB   76/339 KB   37/37 KB   28/141 KB   76/339 KB   37/37 KB   32/141 KB   76/339 KB   32/37 KB   8/141 KB   76/339 KB   37/37 KB   32/141 KB   80/339 KB   37/37 KB   32/141 KB   84/339 KB   37/37 KB   36/141 KB   88/339 KB   37/37 KB   36/141 KB   92/339 KB   37/37 KB   36/141 KB   96/339 KB   37/37 KB   36/141 KB   100/339 KB   37/37 KB   36/141 KB   104/339 KB   37/37 KB   36/141 KB   108/339 KB   37/37 KB   36/141 KB   112/339 KB   37/37 KB   36/141 KB   116/339 KB   37/37 KB   36/141 KB   120/339 KB   37/37 KB   36/141 KB   124/339 KB   37/37 KB   4/162 KB   36/141 KB   124/339 KB   37/37 KB   36/141 KB   84/339 KB   37/37 KB   8/162 KB   36/141 KB   124/339 KB   37/37 KB   12/162 KB   40/141 KB   124/339 KB   37/37 KB   12/162 KB   40/141 KB   128/339 KB   37/37 KB   16/162 KB   40/141 KB   128/339 KB   37/37 KB   12/162 KB   40/141 KB   124/339 KB   37/37 KB   16/162 KB   44/141 KB   128/339 KB   37/37 KB   20/162 KB   44/141 KB   128/339 KB   4/88 KB   37/37 KB   20/162 KB   48/141 KB   132/339 KB   37/37 KB   20/162 KB   48/141 KB   132/339 KB   4/88 KB   37/37 KB   24/162 KB   48/141 KB   136/339 KB   4/88 KB   37/37 KB   24/162 KB   48/141 KB   140/339 KB   4/88 KB   37/37 KB   24/162 KB   48/141 KB   144/339 KB   4/88 KB   37/37 KB   24/162 KB   48/141 KB   148/339 KB   37/37 KB   20/162 KB   48/141 KB   128/339 KB   4/88 KB   37/37 KB   24/162 KB   52/141 KB   148/339 KB   4/88 KB   37/37 KB   24/162 KB   56/141 KB   148/339 KB   4/88 KB   37/37 KB   24/162 KB   60/141 KB   148/339 KB   4/88 KB   37/37 KB   24/162 KB   64/141 KB   148/339 KB   4/88 KB   37/37 KB   24/162 KB   68/141 KB   148/339 KB   4/88 KB   37/37 KB   24/162 KB   72/141 KB   148/339 KB   4/88 KB   37/37 KB   24/162 KB   76/141 KB   148/339 KB   4/88 KB   37/37 KB   24/162 KB   80/141 KB   148/339 KB   4/88 KB   37/37 KB   24/162 KB   84/141 KB   148/339 KB                                                             Downloaded: https://repo.maven.apache.org/maven2/org/apache/maven/doxia/doxia-module-fml/1.4/doxia-module-fml-1.4.jar (37 KB at 859.0 KB/sec)
Downloading: https://repo.maven.apache.org/maven2/dom4j/dom4j/1.1/dom4j-1.1.jar
4/88 KB   24/162 KB   88/141 KB   148/339 KB              4/88 KB   24/162 KB   92/141 KB   148/339 KB   4/88 KB   24/162 KB   96/141 KB   148/339 KB   4/88 KB   24/162 KB   100/141 KB   148/339 KB   4/88 KB   24/162 KB   104/141 KB   148/339 KB   4/88 KB   24/162 KB   108/141 KB   148/339 KB   4/88 KB   24/162 KB   112/141 KB   148/339 KB   4/88 KB   24/162 KB   116/141 KB   148/339 KB   4/88 KB   24/162 KB   120/141 KB   148/339 KB   4/88 KB   24/162 KB   124/141 KB   148/339 KB   4/88 KB   24/162 KB   128/141 KB   148/339 KB   4/88 KB   24/162 KB   132/141 KB   148/339 KB   4/88 KB   24/162 KB   136/141 KB   148/339 KB   4/88 KB   24/162 KB   140/141 KB   148/339 KB   4/88 KB   24/162 KB   141/141 KB   148/339 KB   8/88 KB   24/162 KB   141/141 KB   152/339 KB   12/88 KB   24/162 KB   141/141 KB   152/339 KB   16/88 KB   24/162 KB   141/141 KB   152/339 KB   20/88 KB   24/162 KB   141/141 KB   152/339 KB   24/88 KB   24/162 KB   141/141 KB   152/339 KB   28/88 KB   24/162 KB   141/141 KB   152/339 KB   32/88 KB   24/162 KB   141/141 KB   152/339 KB   36/88 KB   24/162 KB   141/141 KB   152/339 KB   40/88 KB   24/162 KB   141/141 KB   152/339 KB   44/88 KB   24/162 KB   141/141 KB   152/339 KB   48/88 KB   24/162 KB   141/141 KB   152/339 KB   52/88 KB   24/162 KB   141/141 KB   152/339 KB   56/88 KB   24/162 KB   141/141 KB   152/339 KB   60/88 KB   24/162 KB   141/141 KB   152/339 KB   64/88 KB   24/162 KB   152/339 KB                68/88 KB   24/162 KB   152/339 KB   72/88 KB   24/162 KB   152/339 KB   76/88 KB   24/162 KB   152/339 KB   80/88 KB   24/162 KB   152/339 KB   84/88 KB   24/162 KB   152/339 KB   88/88 KB   24/162 KB   152/339 KB   88/88 KB   24/162 KB   152/339 KB   4/88 KB   37/37 KB   24/162 KB   48/141 KB   132/339 KB   88/88 KB   28/162 KB   152/339 KB   88/88 KB   32/162 KB   152/339 KB   88/88 KB   36/162 KB   152/339 KB   88/88 KB   40/162 KB   152/339 KB   88/88 KB   44/162 KB   152/339 KB   88/88 KB   48/162 KB   152/339 KB   88/88 KB   52/162 KB   152/339 KB   88/88 KB   56/162 KB   152/339 KB   88/88 KB   60/162 KB   152/339 KB   88/88 KB   64/162 KB   152/339 KB   88/88 KB   68/162 KB   152/339 KB                                                    Downloaded: https://repo.maven.apache.org/maven2/commons-digester/commons-digester/1.8/commons-digester-1.8.jar (141 KB at 2504.2 KB/sec)
4/88 KB   24/162 KB   141/141 KB   152/339 KB   88/88 KB   68/162 KB   156/339 KB   88/88 KB   68/162 KB   160/339 KB   88/88 KB   68/162 KB   164/339 KB   88/88 KB   68/162 KB   168/339 KB   88/88 KB   68/162 KB   172/339 KB   88/88 KB   68/162 KB   176/339 KB   88/88 KB   68/162 KB   180/339 KB   88/88 KB   68/162 KB   184/339 KB   88/88 KB   68/162 KB   188/339 KB   88/88 KB   68/162 KB   192/339 KB   88/88 KB   68/162 KB   196/339 KB   88/88 KB   68/162 KB   200/339 KB   88/88 KB   68/162 KB   204/339 KB   88/88 KB   68/162 KB   208/339 KB   88/88 KB   68/162 KB   212/339 KB   88/88 KB   68/162 KB   216/339 KB   88/88 KB   68/162 KB   220/339 KB   88/88 KB   68/162 KB   224/339 KB   88/88 KB   68/162 KB   228/339 KB   88/88 KB   68/162 KB   232/339 KB   88/88 KB   68/162 KB   236/339 KB   88/88 KB   68/162 KB   240/339 KB   88/88 KB   68/162 KB   244/339 KB   88/88 KB   68/162 KB   248/339 KB   88/88 KB   68/162 KB   252/339 KB   88/88 KB   68/162 KB   256/339 KB   88/88 KB   68/162 KB   4/447 KB   256/339 KB   88/88 KB   72/162 KB   4/447 KB   260/339 KB   88/88 KB   72/162 KB   8/447 KB   260/339 KB   88/88 KB   76/162 KB   8/447 KB   260/339 KB   88/88 KB   76/162 KB   12/447 KB   260/339 KB   88/88 KB   80/162 KB   12/447 KB   260/339 KB   88/88 KB   80/162 KB   16/447 KB   260/339 KB   88/88 KB   80/162 KB   20/447 KB   260/339 KB   88/88 KB   84/162 KB   24/447 KB   260/339 KB   88/88 KB   84/162 KB   28/447 KB   260/339 KB   88/88 KB   84/162 KB   32/447 KB   260/339 KB   Downloading: https://repo.maven.apache.org/maven2/sslext/sslext/1.2-0/sslext-1.2-0.jar
88/88 KB   84/162 KB   20/447 KB   260/339 KB   88/88 KB   88/162 KB   32/447 KB   260/339 KB   88/88 KB   92/162 KB   32/447 KB   260/339 KB   88/88 KB   96/162 KB   32/447 KB   260/339 KB   88/88 KB   96/162 KB   36/447 KB   260/339 KB   88/88 KB   96/162 KB   40/447 KB   260/339 KB   88/88 KB   100/162 KB   40/447 KB   260/339 KB   88/88 KB   104/162 KB   44/447 KB   260/339 KB   88/88 KB   108/162 KB   44/447 KB   260/339 KB   88/88 KB   112/162 KB   44/447 KB   260/339 KB   88/88 KB   116/162 KB   44/447 KB   260/339 KB   88/88 KB   120/162 KB   44/447 KB   260/339 KB   88/88 KB   124/162 KB   44/447 KB   260/339 KB   88/88 KB   128/162 KB   44/447 KB   260/339 KB   88/88 KB   132/162 KB   44/447 KB   260/339 KB   88/88 KB   68/162 KB   4/447 KB   260/339 KB   88/88 KB   100/162 KB   44/447 KB   260/339 KB   88/88 KB   132/162 KB   44/447 KB   264/339 KB   88/88 KB   132/162 KB   48/447 KB   264/339 KB   88/88 KB   132/162 KB   48/447 KB   268/339 KB   88/88 KB   132/162 KB   48/447 KB   272/339 KB   88/88 KB   132/162 KB   52/447 KB   272/339 KB   88/88 KB   132/162 KB   56/447 KB   272/339 KB   88/88 KB   132/162 KB   60/447 KB   276/339 KB   88/88 KB   136/162 KB   60/447 KB   276/339 KB   88/88 KB   140/162 KB   64/447 KB   276/339 KB   88/88 KB   144/162 KB   64/447 KB   276/339 KB   148/162 KB   64/447 KB   276/339 KB              88/88 KB   132/162 KB   60/447 KB   276/339 KB   148/162 KB   64/447 KB   280/339 KB   148/162 KB   64/447 KB   284/339 KB   148/162 KB   64/447 KB   288/339 KB   148/162 KB   64/447 KB   4/26 KB   288/339 KB   148/162 KB   64/447 KB   8/26 KB   288/339 KB   148/162 KB   64/447 KB   12/26 KB   292/339 KB                                                    88/88 KB   136/162 KB   64/447 KB   276/339 KB   Downloaded: https://repo.maven.apache.org/maven2/commons-chain/commons-chain/1.1/commons-chain-1.1.jar (88 KB at 1273.8 KB/sec)
152/162 KB   64/447 KB   12/26 KB   292/339 KB   156/162 KB   64/447 KB   12/26 KB   292/339 KB   156/162 KB   68/447 KB   12/26 KB   292/339 KB   160/162 KB   68/447 KB   12/26 KB   292/339 KB   160/162 KB   72/447 KB   12/26 KB   292/339 KB   162/162 KB   72/447 KB   12/26 KB   292/339 KB   162/162 KB   76/447 KB   12/26 KB   292/339 KB   162/162 KB   80/447 KB   12/26 KB   292/339 KB   162/162 KB   84/447 KB   12/26 KB   292/339 KB   162/162 KB   88/447 KB   12/26 KB   292/339 KB   162/162 KB   92/447 KB   12/26 KB   292/339 KB   148/162 KB   64/447 KB   8/26 KB   292/339 KB   162/162 KB   96/447 KB   12/26 KB   292/339 KB   162/162 KB   96/447 KB   12/26 KB   296/339 KB   162/162 KB   96/447 KB   12/26 KB   300/339 KB   162/162 KB   100/447 KB   12/26 KB   304/339 KB   162/162 KB   100/447 KB   16/26 KB   304/339 KB   162/162 KB   100/447 KB   20/26 KB   304/339 KB   Downloading: https://repo.maven.apache.org/maven2/org/apache/struts/struts-core/1.3.8/struts-core-1.3.8.jar
162/162 KB   100/447 KB   24/26 KB   308/339 KB   162/162 KB   100/447 KB   26/26 KB   308/339 KB   162/162 KB   100/447 KB   20/26 KB   308/339 KB   162/162 KB   100/447 KB   12/26 KB   304/339 KB   162/162 KB   104/447 KB   26/26 KB   308/339 KB   162/162 KB   108/447 KB   26/26 KB   308/339 KB   162/162 KB   112/447 KB   26/26 KB   308/339 KB   162/162 KB   116/447 KB   26/26 KB   308/339 KB   162/162 KB   120/447 KB   26/26 KB   308/339 KB   162/162 KB   124/447 KB   26/26 KB   308/339 KB   162/162 KB   128/447 KB   26/26 KB   308/339 KB   162/162 KB   132/447 KB   26/26 KB   308/339 KB   162/162 KB   136/447 KB   26/26 KB   308/339 KB   162/162 KB   140/447 KB   26/26 KB   308/339 KB   162/162 KB   144/447 KB   26/26 KB   308/339 KB   162/162 KB   148/447 KB   26/26 KB   308/339 KB   162/162 KB   152/447 KB   26/26 KB   308/339 KB   162/162 KB   156/447 KB   26/26 KB   308/339 KB   162/162 KB   160/447 KB   26/26 KB   308/339 KB   162/162 KB   164/447 KB   26/26 KB   308/339 KB   162/162 KB   168/447 KB   26/26 KB   308/339 KB   162/162 KB   172/447 KB   26/26 KB   308/339 KB   162/162 KB   176/447 KB   26/26 KB   308/339 KB   162/162 KB   180/447 KB   26/26 KB   308/339 KB   162/162 KB   184/447 KB   26/26 KB   308/339 KB   162/162 KB   188/447 KB   26/26 KB   308/339 KB   162/162 KB   192/447 KB   26/26 KB   308/339 KB   162/162 KB   196/447 KB   26/26 KB   308/339 KB   162/162 KB   200/447 KB   26/26 KB   308/339 KB   162/162 KB   204/447 KB   26/26 KB   308/339 KB   162/162 KB   208/447 KB   26/26 KB   308/339 KB                                                     Downloaded: https://repo.maven.apache.org/maven2/sslext/sslext/1.2-0/sslext-1.2-0.jar (26 KB at 336.8 KB/sec)
Downloading: https://repo.maven.apache.org/maven2/antlr/antlr/2.7.2/antlr-2.7.2.jar
162/162 KB   212/447 KB   308/339 KB              162/162 KB   212/447 KB   312/339 KB   162/162 KB   216/447 KB   316/339 KB   162/162 KB   216/447 KB   320/339 KB   162/162 KB   216/447 KB   324/339 KB   162/162 KB   216/447 KB   328/339 KB   162/162 KB   216/447 KB   332/339 KB   162/162 KB   216/447 KB   336/339 KB   162/162 KB   216/447 KB   339/339 KB   162/162 KB   216/447 KB   312/339 KB   162/162 KB   220/447 KB   339/339 KB   162/162 KB   224/447 KB   339/339 KB   162/162 KB   228/447 KB   339/339 KB   162/162 KB   232/447 KB   339/339 KB   162/162 KB   236/447 KB   339/339 KB   162/162 KB   240/447 KB   339/339 KB   162/162 KB   244/447 KB   339/339 KB   162/162 KB   248/447 KB   4/350 KB   339/339 KB   162/162 KB   248/447 KB   4/350 KB   339/339 KB   162/162 KB   248/447 KB   8/350 KB   339/339 KB   162/162 KB   248/447 KB   12/350 KB   339/339 KB   162/162 KB   252/447 KB   12/350 KB   339/339 KB   162/162 KB   252/447 KB   16/350 KB   339/339 KB   162/162 KB   256/447 KB   16/350 KB   339/339 KB   162/162 KB   260/447 KB   16/350 KB   339/339 KB   162/162 KB   264/447 KB   16/350 KB   339/339 KB   162/162 KB   268/447 KB   16/350 KB   339/339 KB   162/162 KB   272/447 KB   16/350 KB   339/339 KB   162/162 KB   272/447 KB   20/350 KB   339/339 KB   162/162 KB   272/447 KB   24/350 KB   339/339 KB   162/162 KB   272/447 KB   28/350 KB   339/339 KB   162/162 KB   272/447 KB   32/350 KB   339/339 KB   162/162 KB   272/447 KB   36/350 KB   339/339 KB   162/162 KB   272/447 KB   40/350 KB   339/339 KB   162/162 KB   272/447 KB   44/350 KB   339/339 KB   162/162 KB   272/447 KB   48/350 KB   339/339 KB                                                      Downloaded: https://repo.maven.apache.org/maven2/org/apache/velocity/velocity-tools/2.0/velocity-tools-2.0.jar (339 KB at 3846.1 KB/sec)
Downloading: https://repo.maven.apache.org/maven2/org/apache/struts/struts-taglib/1.3.8/struts-taglib-1.3.8.jar
162/162 KB   276/447 KB   48/350 KB                162/162 KB   280/447 KB   48/350 KB   162/162 KB   280/447 KB   4/322 KB   52/350 KB   162/162 KB   284/447 KB   4/322 KB   56/350 KB   162/162 KB   284/447 KB   4/322 KB   52/350 KB   288/447 KB   4/322 KB   60/350 KB                292/447 KB   4/322 KB   60/350 KB   296/447 KB   4/322 KB   60/350 KB   300/447 KB   4/322 KB   60/350 KB   304/447 KB   4/322 KB   60/350 KB   308/447 KB   4/322 KB   60/350 KB   312/447 KB   4/322 KB   60/350 KB   316/447 KB   4/322 KB   60/350 KB   320/447 KB   4/322 KB   60/350 KB   4/246 KB   324/447 KB   4/322 KB   60/350 KB   4/246 KB   328/447 KB   4/322 KB   60/350 KB   4/246 KB   332/447 KB   4/322 KB   60/350 KB   4/246 KB   336/447 KB   4/322 KB   60/350 KB   4/246 KB   340/447 KB   4/322 KB   60/350 KB   4/246 KB   344/447 KB   4/322 KB   60/350 KB   4/246 KB   348/447 KB   4/322 KB   60/350 KB   4/246 KB   352/447 KB   4/322 KB   60/350 KB   4/246 KB   356/447 KB   4/322 KB   60/350 KB   4/246 KB   360/447 KB   4/322 KB   60/350 KB   4/246 KB   364/447 KB   4/322 KB   60/350 KB   4/246 KB   368/447 KB   4/322 KB   60/350 KB   4/246 KB   372/447 KB   4/322 KB   60/350 KB   4/246 KB   376/447 KB   4/322 KB   60/350 KB   4/246 KB   380/447 KB   4/322 KB   60/350 KB   4/246 KB   384/447 KB   4/322 KB   60/350 KB   4/246 KB   388/447 KB   4/322 KB   60/350 KB   162/162 KB   280/447 KB   4/322 KB   48/350 KB   4/246 KB   388/447 KB   8/322 KB   60/350 KB   4/246 KB   388/447 KB   12/322 KB   60/350 KB   4/246 KB   388/447 KB   16/322 KB   60/350 KB   4/246 KB   388/447 KB   20/322 KB   60/350 KB   4/246 KB   388/447 KB   24/322 KB   60/350 KB   4/246 KB   388/447 KB   28/322 KB   60/350 KB   4/246 KB   388/447 KB   32/322 KB   60/350 KB   4/246 KB   388/447 KB   36/322 KB   60/350 KB   4/246 KB   388/447 KB   40/322 KB   60/350 KB   4/246 KB   388/447 KB   44/322 KB   60/350 KB   4/246 KB   392/447 KB   44/322 KB   60/350 KB   4/246 KB   320/447 KB   4/322 KB   60/350 KB   8/246 KB   396/447 KB   48/322 KB   60/350 KB   12/246 KB   396/447 KB   48/322 KB   60/350 KB   16/246 KB   396/447 KB   48/322 KB   60/350 KB   20/246 KB   396/447 KB   48/322 KB   60/350 KB   24/246 KB   396/447 KB   48/322 KB   60/350 KB   28/246 KB   396/447 KB   48/322 KB   60/350 KB   32/246 KB   396/447 KB   48/322 KB   60/350 KB   36/246 KB   396/447 KB   48/322 KB   60/350 KB   40/246 KB   396/447 KB   48/322 KB   60/350 KB   44/246 KB   396/447 KB   48/322 KB   60/350 KB   48/246 KB   396/447 KB   48/322 KB   60/350 KB   52/246 KB   396/447 KB   48/322 KB   60/350 KB   56/246 KB   396/447 KB   48/322 KB   60/350 KB   60/246 KB   396/447 KB   48/322 KB   60/350 KB   64/246 KB   396/447 KB   48/322 KB   60/350 KB   68/246 KB   396/447 KB   48/322 KB   60/350 KB   72/246 KB   396/447 KB   48/322 KB   60/350 KB   76/246 KB   396/447 KB   48/322 KB   60/350 KB   80/246 KB   396/447 KB   48/322 KB   60/350 KB   84/246 KB   396/447 KB   48/322 KB   60/350 KB   88/246 KB   396/447 KB   48/322 KB   60/350 KB   92/246 KB   396/447 KB   48/322 KB   60/350 KB   96/246 KB   396/447 KB   48/322 KB   60/350 KB   100/246 KB   396/447 KB   48/322 KB   60/350 KB                                                    162/162 KB   284/447 KB   4/322 KB   60/350 KB   100/246 KB   396/447 KB   48/322 KB   64/350 KB   100/246 KB   396/447 KB   48/322 KB   68/350 KB   100/246 KB   396/447 KB   48/322 KB   72/350 KB   100/246 KB   396/447 KB   48/322 KB   76/350 KB   100/246 KB   396/447 KB   48/322 KB   80/350 KB   Downloaded: https://repo.maven.apache.org/maven2/org/apache/maven/doxia/doxia-core/1.4/doxia-core-1.4.jar (162 KB at 1192.8 KB/sec)
Downloading: https://repo.maven.apache.org/maven2/org/apache/struts/struts-tiles/1.3.8/struts-tiles-1.3.8.jar
4/246 KB   396/447 KB   48/322 KB   60/350 KB   100/246 KB   396/447 KB   48/322 KB   84/350 KB   100/246 KB   396/447 KB   48/322 KB   88/350 KB   100/246 KB   396/447 KB   48/322 KB   92/350 KB   100/246 KB   400/447 KB   48/322 KB   92/350 KB   100/246 KB   400/447 KB   48/322 KB   96/350 KB   100/246 KB   404/447 KB   48/322 KB   96/350 KB   100/246 KB   408/447 KB   48/322 KB   100/350 KB   104/246 KB   412/447 KB   48/322 KB   100/350 KB   104/246 KB   416/447 KB   48/322 KB   100/350 KB   104/246 KB   420/447 KB   48/322 KB   100/350 KB   104/246 KB   424/447 KB   48/322 KB   100/350 KB   104/246 KB   428/447 KB   48/322 KB   100/350 KB   104/246 KB   432/447 KB   48/322 KB   100/350 KB   104/246 KB   436/447 KB   48/322 KB   100/350 KB   104/246 KB   440/447 KB   48/322 KB   100/350 KB   104/246 KB   444/447 KB   48/322 KB   100/350 KB   104/246 KB   447/447 KB   48/322 KB   100/350 KB   4/246 KB   392/447 KB   48/322 KB   60/350 KB   104/246 KB   408/447 KB   48/322 KB   100/350 KB   100/246 KB   404/447 KB   48/322 KB   100/350 KB   104/246 KB   447/447 KB   48/322 KB   104/350 KB   104/246 KB   447/447 KB   52/322 KB   108/350 KB   104/246 KB   447/447 KB   52/322 KB   112/350 KB   104/246 KB   447/447 KB   52/322 KB   116/350 KB   104/246 KB   447/447 KB   52/322 KB   120/350 KB   104/246 KB   447/447 KB   52/322 KB   124/350 KB   104/246 KB   447/447 KB   52/322 KB   128/350 KB   104/246 KB   4/117 KB   447/447 KB   52/322 KB   132/350 KB   104/246 KB   447/447 KB   52/322 KB   104/350 KB   104/246 KB   8/117 KB   447/447 KB   52/322 KB   132/350 KB   104/246 KB   9/117 KB   447/447 KB   52/322 KB   132/350 KB   104/246 KB   4/117 KB   447/447 KB   52/322 KB   132/350 KB   104/246 KB   9/117 KB   447/447 KB   52/322 KB   136/350 KB   104/246 KB   13/117 KB   447/447 KB   52/322 KB   136/350 KB   104/246 KB   17/117 KB   447/447 KB   52/322 KB   140/350 KB   104/246 KB   17/117 KB   447/447 KB   52/322 KB   144/350 KB   104/246 KB   17/117 KB   447/447 KB   56/322 KB   144/350 KB   104/246 KB   17/117 KB   447/447 KB   60/322 KB   144/350 KB   104/246 KB   17/117 KB   447/447 KB   64/322 KB   148/350 KB   104/246 KB   17/117 KB   447/447 KB   64/322 KB   152/350 KB   104/246 KB   17/117 KB   447/447 KB   64/322 KB   156/350 KB   104/246 KB   17/117 KB   447/447 KB   64/322 KB   160/350 KB   104/246 KB   17/117 KB   447/447 KB   64/322 KB   164/350 KB   104/246 KB   17/117 KB   447/447 KB   64/322 KB   168/350 KB   104/246 KB   17/117 KB   447/447 KB   64/322 KB   172/350 KB   104/246 KB   17/117 KB   447/447 KB   64/322 KB   176/350 KB   104/246 KB   17/117 KB   447/447 KB   64/322 KB   176/350 KB   104/246 KB   17/117 KB   447/447 KB   52/322 KB   140/350 KB   104/246 KB   21/117 KB   447/447 KB   64/322 KB   176/350 KB   104/246 KB   21/117 KB   447/447 KB   68/322 KB   176/350 KB   104/246 KB   25/117 KB   447/447 KB   72/322 KB   176/350 KB   104/246 KB   25/117 KB   447/447 KB   76/322 KB   180/350 KB                                                                  104/246 KB   25/117 KB   447/447 KB   68/322 KB   176/350 KB   108/246 KB   25/117 KB   80/322 KB   180/350 KB                112/246 KB   25/117 KB   80/322 KB   180/350 KB   116/246 KB   29/117 KB   80/322 KB   180/350 KB   104/246 KB   29/117 KB   80/322 KB   180/350 KB   120/246 KB   29/117 KB   84/322 KB   180/350 KB   120/246 KB   29/117 KB   88/322 KB   180/350 KB   120/246 KB   29/117 KB   92/322 KB   180/350 KB   120/246 KB   29/117 KB   96/322 KB   180/350 KB   120/246 KB   29/117 KB   100/322 KB   180/350 KB   120/246 KB   29/117 KB   104/322 KB   180/350 KB   120/246 KB   29/117 KB   108/322 KB   180/350 KB   120/246 KB   29/117 KB   112/322 KB   180/350 KB   120/246 KB   29/117 KB   116/322 KB   180/350 KB   120/246 KB   29/117 KB   120/322 KB   180/350 KB   120/246 KB   29/117 KB   124/322 KB   180/350 KB   120/246 KB   29/117 KB   128/322 KB   180/350 KB   120/246 KB   29/117 KB   132/322 KB   180/350 KB   120/246 KB   29/117 KB   136/322 KB   180/350 KB   120/246 KB   29/117 KB   140/322 KB   180/350 KB   120/246 KB   29/117 KB   144/322 KB   180/350 KB   120/246 KB   29/117 KB   148/322 KB   180/350 KB   120/246 KB   29/117 KB   152/322 KB   180/350 KB   120/246 KB   29/117 KB   156/322 KB   180/350 KB   120/246 KB   29/117 KB   160/322 KB   180/350 KB   120/246 KB   29/117 KB   164/322 KB   180/350 KB   120/246 KB   29/117 KB   168/322 KB   180/350 KB   120/246 KB   29/117 KB   172/322 KB   180/350 KB   120/246 KB   29/117 KB   176/322 KB   180/350 KB   120/246 KB   29/117 KB   180/322 KB   180/350 KB   120/246 KB   29/117 KB   184/322 KB   180/350 KB   120/246 KB   29/117 KB   188/322 KB   180/350 KB   120/246 KB   29/117 KB   192/322 KB   180/350 KB   120/246 KB   29/117 KB   196/322 KB   180/350 KB   Downloaded: https://repo.maven.apache.org/maven2/dom4j/dom4j/1.1/dom4j-1.1.jar (447 KB at 3718.4 KB/sec)
104/246 KB   25/117 KB   447/447 KB   72/322 KB   180/350 KB   120/246 KB   29/117 KB   80/322 KB   180/350 KB   120/246 KB   29/117 KB   196/322 KB   184/350 KB   124/246 KB   29/117 KB   196/322 KB   188/350 KB   124/246 KB   29/117 KB   196/322 KB   192/350 KB   124/246 KB   29/117 KB   196/322 KB   196/350 KB   124/246 KB   29/117 KB   196/322 KB   200/350 KB   124/246 KB   29/117 KB   196/322 KB   204/350 KB   124/246 KB   29/117 KB   196/322 KB   208/350 KB   124/246 KB   29/117 KB   196/322 KB   212/350 KB   124/246 KB   29/117 KB   196/322 KB   216/350 KB   124/246 KB   29/117 KB   196/322 KB   220/350 KB   124/246 KB   29/117 KB   196/322 KB   224/350 KB   124/246 KB   29/117 KB   196/322 KB   228/350 KB   124/246 KB   29/117 KB   196/322 KB   232/350 KB   124/246 KB   29/117 KB   196/322 KB   236/350 KB   124/246 KB   29/117 KB   196/322 KB   240/350 KB   124/246 KB   29/117 KB   196/322 KB   244/350 KB   124/246 KB   29/117 KB   196/322 KB   248/350 KB   124/246 KB   29/117 KB   196/322 KB   252/350 KB   124/246 KB   29/117 KB   196/322 KB   256/350 KB   124/246 KB   29/117 KB   196/322 KB   260/350 KB   124/246 KB   29/117 KB   196/322 KB   264/350 KB   124/246 KB   29/117 KB   196/322 KB   268/350 KB   124/246 KB   29/117 KB   196/322 KB   272/350 KB   116/246 KB   29/117 KB   80/322 KB   180/350 KB   124/246 KB   29/117 KB   196/322 KB   184/350 KB   128/246 KB   29/117 KB   196/322 KB   272/350 KB   128/246 KB   33/117 KB   196/322 KB   272/350 KB   128/246 KB   37/117 KB   196/322 KB   272/350 KB   132/246 KB   37/117 KB   196/322 KB   272/350 KB   136/246 KB   37/117 KB   196/322 KB   272/350 KB   136/246 KB   41/117 KB   196/322 KB   272/350 KB   140/246 KB   41/117 KB   196/322 KB   272/350 KB   144/246 KB   41/117 KB   196/322 KB   272/350 KB   148/246 KB   41/117 KB   196/322 KB   272/350 KB   152/246 KB   41/117 KB   196/322 KB   272/350 KB   156/246 KB   41/117 KB   196/322 KB   272/350 KB   160/246 KB   41/117 KB   196/322 KB   272/350 KB   160/246 KB   41/117 KB   196/322 KB   276/350 KB   164/246 KB   41/117 KB   196/322 KB   276/350 KB   168/246 KB   41/117 KB   196/322 KB   280/350 KB   168/246 KB   41/117 KB   196/322 KB   280/350 KB   172/246 KB   41/117 KB   196/322 KB   280/350 KB   176/246 KB   41/117 KB   196/322 KB   280/350 KB   176/246 KB   41/117 KB   196/322 KB   284/350 KB   176/246 KB   41/117 KB   196/322 KB   288/350 KB   180/246 KB   41/117 KB   196/322 KB   288/350 KB   184/246 KB   41/117 KB   196/322 KB   288/350 KB   188/246 KB   41/117 KB   196/322 KB   288/350 KB   192/246 KB   41/117 KB   196/322 KB   288/350 KB   192/246 KB   41/117 KB   196/322 KB   292/350 KB   196/246 KB   41/117 KB   196/322 KB   292/350 KB   200/246 KB   41/117 KB   196/322 KB   292/350 KB   200/246 KB   41/117 KB   196/322 KB   296/350 KB   204/246 KB   41/117 KB   196/322 KB   296/350 KB   208/246 KB   41/117 KB   196/322 KB   296/350 KB   208/246 KB   41/117 KB   196/322 KB   300/350 KB   208/246 KB   41/117 KB   196/322 KB   304/350 KB   212/246 KB   41/117 KB   196/322 KB   304/350 KB   216/246 KB   41/117 KB   196/322 KB   304/350 KB   220/246 KB   41/117 KB   196/322 KB   304/350 KB   224/246 KB   41/117 KB   196/322 KB   304/350 KB   224/246 KB   41/117 KB   196/322 KB   308/350 KB   228/246 KB   41/117 KB   196/322 KB   308/350 KB   232/246 KB   41/117 KB   196/322 KB   308/350 KB   232/246 KB   41/117 KB   196/322 KB   312/350 KB   236/246 KB   41/117 KB   196/322 KB   312/350 KB   240/246 KB   41/117 KB   196/322 KB   312/350 KB   240/246 KB   41/117 KB   196/322 KB   316/350 KB   244/246 KB   41/117 KB   196/322 KB   316/350 KB   246/246 KB   41/117 KB   196/322 KB   316/350 KB   246/246 KB   41/117 KB   196/322 KB   320/350 KB   246/246 KB   41/117 KB   196/322 KB   324/350 KB   246/246 KB   45/117 KB   196/322 KB   328/350 KB   246/246 KB   45/117 KB   196/322 KB   332/350 KB   246/246 KB   45/117 KB   196/322 KB   336/350 KB   246/246 KB   45/117 KB   196/322 KB   340/350 KB   246/246 KB   45/117 KB   196/322 KB   344/350 KB   246/246 KB   45/117 KB   196/322 KB   348/350 KB   246/246 KB   45/117 KB   196/322 KB   350/350 KB   246/246 KB   45/117 KB   196/322 KB   324/350 KB   246/246 KB   49/117 KB   196/322 KB   350/350 KB   246/246 KB   53/117 KB   196/322 KB   350/350 KB   246/246 KB   57/117 KB   196/322 KB   350/350 KB   246/246 KB   61/117 KB   196/322 KB   350/350 KB   246/246 KB   65/117 KB   196/322 KB   350/350 KB   246/246 KB   69/117 KB   196/322 KB   350/350 KB   246/246 KB   73/117 KB   196/322 KB   350/350 KB   246/246 KB   77/117 KB   196/322 KB   350/350 KB                                                      Downloading: https://repo.maven.apache.org/maven2/org/apache/httpcomponents/httpclient/4.2.3/httpclient-4.2.3.jar
Downloaded: https://repo.maven.apache.org/maven2/org/apache/struts/struts-taglib/1.3.8/struts-taglib-1.3.8.jar (246 KB at 1742.0 KB/sec)
Downloading: https://repo.maven.apache.org/maven2/org/apache/httpcomponents/httpcore/4.2.2/httpcore-4.2.2.jar
81/117 KB   196/322 KB   350/350 KB                85/117 KB   196/322 KB   350/350 KB   89/117 KB   196/322 KB   350/350 KB   93/117 KB   196/322 KB   350/350 KB   97/117 KB   196/322 KB   350/350 KB   101/117 KB   196/322 KB   350/350 KB   105/117 KB   196/322 KB   350/350 KB   109/117 KB   196/322 KB   350/350 KB   113/117 KB   196/322 KB   350/350 KB   117/117 KB   196/322 KB   350/350 KB   117/117 KB   196/322 KB   350/350 KB                                          Downloaded: https://repo.maven.apache.org/maven2/antlr/antlr/2.7.2/antlr-2.7.2.jar (350 KB at 2429.7 KB/sec)
Downloading: https://repo.maven.apache.org/maven2/log4j/log4j/1.2.14/log4j-1.2.14.jar
117/117 KB   200/322 KB                117/117 KB   204/322 KB   117/117 KB   208/322 KB   117/117 KB   212/322 KB   117/117 KB   212/322 KB   4/219 KB   117/117 KB   212/322 KB   4/219 KB   4/423 KB   117/117 KB   216/322 KB   8/219 KB   4/423 KB   117/117 KB   216/322 KB   12/219 KB   4/423 KB   117/117 KB   216/322 KB   16/219 KB   4/423 KB   117/117 KB   216/322 KB   20/219 KB   4/423 KB   117/117 KB   216/322 KB   24/219 KB   4/423 KB   117/117 KB   216/322 KB   28/219 KB   4/423 KB   117/117 KB   216/322 KB   32/219 KB   4/423 KB   117/117 KB   216/322 KB   36/219 KB   4/423 KB   117/117 KB   216/322 KB   40/219 KB   4/423 KB   117/117 KB   216/322 KB   44/219 KB   4/423 KB   117/117 KB   216/322 KB   48/219 KB   4/423 KB   4/359 KB   117/117 KB   216/322 KB   48/219 KB   4/423 KB   4/359 KB   117/117 KB   216/322 KB   52/219 KB   4/423 KB   8/359 KB   117/117 KB   216/322 KB   52/219 KB   4/423 KB   8/359 KB   117/117 KB   216/322 KB   56/219 KB   4/423 KB   12/359 KB   117/117 KB   216/322 KB   56/219 KB   4/423 KB   12/359 KB   117/117 KB   216/322 KB   60/219 KB   4/423 KB   16/359 KB   117/117 KB   216/322 KB   60/219 KB   4/423 KB   16/359 KB   117/117 KB   216/322 KB   64/219 KB   4/423 KB   20/359 KB   117/117 KB   216/322 KB   64/219 KB   4/423 KB   24/359 KB   117/117 KB   216/322 KB   64/219 KB   4/423 KB   28/359 KB   117/117 KB   216/322 KB   68/219 KB   4/423 KB   28/359 KB   117/117 KB   216/322 KB   68/219 KB   4/423 KB   32/359 KB   117/117 KB   216/322 KB   72/219 KB   4/423 KB   32/359 KB   117/117 KB   216/322 KB   76/219 KB   4/423 KB   32/359 KB   117/117 KB   216/322 KB   80/219 KB   4/423 KB   32/359 KB   117/117 KB   216/322 KB   84/219 KB   4/423 KB   32/359 KB   117/117 KB   216/322 KB   88/219 KB   4/423 KB   32/359 KB   117/117 KB   216/322 KB   92/219 KB   4/423 KB   32/359 KB   117/117 KB   216/322 KB   96/219 KB   4/423 KB   32/359 KB   117/117 KB   216/322 KB   68/219 KB   4/423 KB   32/359 KB   117/117 KB   216/322 KB   100/219 KB   4/423 KB   36/359 KB   117/117 KB   216/322 KB   100/219 KB   4/423 KB   40/359 KB   117/117 KB   216/322 KB   104/219 KB   4/423 KB   44/359 KB   117/117 KB   216/322 KB   104/219 KB   8/423 KB   48/359 KB   117/117 KB   216/322 KB   104/219 KB   8/423 KB   52/359 KB   117/117 KB   216/322 KB   104/219 KB   8/423 KB   56/359 KB   117/117 KB   216/322 KB   104/219 KB   8/423 KB   60/359 KB   117/117 KB   216/322 KB   104/219 KB   8/423 KB   63/359 KB   117/117 KB   216/322 KB   104/219 KB   8/423 KB   36/359 KB   117/117 KB   216/322 KB   104/219 KB   4/423 KB   117/117 KB   216/322 KB   104/219 KB   8/423 KB               63/359 KB   117/117 KB   216/322 KB   108/219 KB   8/423 KB   63/359 KB   117/117 KB   220/322 KB   108/219 KB   8/423 KB   63/359 KB   117/117 KB   220/322 KB   112/219 KB   8/423 KB   63/359 KB   117/117 KB   224/322 KB   112/219 KB   8/423 KB   63/359 KB   117/117 KB   224/322 KB   116/219 KB   8/423 KB   63/359 KB   117/117 KB   224/322 KB   120/219 KB   8/423 KB   63/359 KB   117/117 KB   228/322 KB   120/219 KB   8/423 KB   63/359 KB   117/117 KB   228/322 KB   124/219 KB   8/423 KB   63/359 KB   117/117 KB   232/322 KB   124/219 KB   8/423 KB   63/359 KB   117/117 KB   232/322 KB   128/219 KB   8/423 KB   63/359 KB   117/117 KB   236/322 KB   128/219 KB   8/423 KB   63/359 KB   117/117 KB   240/322 KB   128/219 KB   8/423 KB   40/359 KB   117/117 KB   216/322 KB   104/219 KB   8/423 KB   63/359 KB   117/117 KB   240/322 KB   132/219 KB   8/423 KB   63/359 KB   117/117 KB   240/322 KB   136/219 KB   12/423 KB   63/359 KB   117/117 KB   240/322 KB   140/219 KB   12/423 KB   63/359 KB   117/117 KB   240/322 KB   144/219 KB   12/423 KB   63/359 KB   117/117 KB   240/322 KB   132/219 KB   12/423 KB   63/359 KB   117/117 KB   244/322 KB   144/219 KB   16/423 KB   63/359 KB   117/117 KB   244/322 KB   148/219 KB   16/423 KB   63/359 KB   117/117 KB   244/322 KB   152/219 KB   16/423 KB   63/359 KB   117/117 KB   244/322 KB   156/219 KB   16/423 KB   63/359 KB   117/117 KB   244/322 KB   144/219 KB   12/423 KB   63/359 KB   117/117 KB   244/322 KB   160/219 KB   20/423 KB   63/359 KB   117/117 KB   248/322 KB   160/219 KB   20/423 KB   63/359 KB   117/117 KB   252/322 KB   160/219 KB   20/423 KB   63/359 KB   117/117 KB   244/322 KB   156/219 KB   20/423 KB   63/359 KB   117/117 KB   252/322 KB   164/219 KB   20/423 KB   63/359 KB   117/117 KB   256/322 KB   168/219 KB   24/423 KB   63/359 KB   117/117 KB   252/322 KB   164/219 KB   24/423 KB   63/359 KB   117/117 KB   256/322 KB   172/219 KB   24/423 KB   63/359 KB   117/117 KB   256/322 KB   168/219 KB   24/423 KB   63/359 KB   117/117 KB   256/322 KB   176/219 KB   28/423 KB   63/359 KB   117/117 KB   256/322 KB   180/219 KB   28/423 KB   63/359 KB   117/117 KB   256/322 KB   172/219 KB   28/423 KB   63/359 KB   117/117 KB   260/322 KB   184/219 KB   28/423 KB   63/359 KB   117/117 KB   260/322 KB   184/219 KB   32/423 KB   67/359 KB   117/117 KB   260/322 KB   188/219 KB   32/423 KB   71/359 KB   117/117 KB   260/322 KB   188/219 KB   32/423 KB   71/359 KB   117/117 KB   260/322 KB   188/219 KB   36/423 KB   75/359 KB   117/117 KB   260/322 KB   188/219 KB   40/423 KB   75/359 KB   117/117 KB   260/322 KB   188/219 KB   44/423 KB   75/359 KB   117/117 KB   260/322 KB   188/219 KB   48/423 KB                                                                  Downloaded: https://repo.maven.apache.org/maven2/org/apache/struts/struts-tiles/1.3.8/struts-tiles-1.3.8.jar (117 KB at 744.3 KB/sec)
Downloading: https://repo.maven.apache.org/maven2/com/thoughtworks/qdox/qdox/1.12.1/qdox-1.12.1.jar
75/359 KB   260/322 KB   188/219 KB   52/423 KB                75/359 KB   260/322 KB   188/219 KB   56/423 KB   75/359 KB   260/322 KB   188/219 KB   60/423 KB   75/359 KB   260/322 KB   188/219 KB   64/423 KB   75/359 KB   260/322 KB   188/219 KB   68/423 KB   75/359 KB   260/322 KB   188/219 KB   72/423 KB   75/359 KB   260/322 KB   188/219 KB   76/423 KB   75/359 KB   260/322 KB   188/219 KB   80/423 KB   75/359 KB   260/322 KB   188/219 KB   84/423 KB   75/359 KB   260/322 KB   188/219 KB   88/423 KB   75/359 KB   260/322 KB   188/219 KB   92/423 KB   75/359 KB   260/322 KB   188/219 KB   96/423 KB   75/359 KB   260/322 KB   188/219 KB   100/423 KB   75/359 KB   260/322 KB   188/219 KB   104/423 KB   75/359 KB   260/322 KB   188/219 KB   108/423 KB   75/359 KB   260/322 KB   188/219 KB   112/423 KB   75/359 KB   260/322 KB   188/219 KB   116/423 KB   75/359 KB   260/322 KB   188/219 KB   120/423 KB   75/359 KB   260/322 KB   188/219 KB   124/423 KB   75/359 KB   260/322 KB   188/219 KB   128/423 KB   75/359 KB   260/322 KB   188/219 KB   132/423 KB   75/359 KB   260/322 KB   188/219 KB   136/423 KB   75/359 KB   260/322 KB   188/219 KB   140/423 KB   75/359 KB   260/322 KB   188/219 KB   144/423 KB   75/359 KB   260/322 KB   188/219 KB   148/423 KB   75/359 KB   260/322 KB   188/219 KB   152/423 KB   75/359 KB   260/322 KB   188/219 KB   156/423 KB   75/359 KB   260/322 KB   188/219 KB   160/423 KB   75/359 KB   260/322 KB   188/219 KB   164/423 KB   75/359 KB   260/322 KB   188/219 KB   168/423 KB   75/359 KB   260/322 KB   188/219 KB   172/423 KB   75/359 KB   260/322 KB   188/219 KB   176/423 KB   75/359 KB   260/322 KB   188/219 KB   4/176 KB   176/423 KB   63/359 KB   117/117 KB   260/322 KB   180/219 KB   28/423 KB   75/359 KB   264/322 KB   188/219 KB   8/176 KB   176/423 KB   75/359 KB   268/322 KB   188/219 KB   8/176 KB   176/423 KB   75/359 KB   272/322 KB   188/219 KB   8/176 KB   176/423 KB   75/359 KB   276/322 KB   188/219 KB   8/176 KB   176/423 KB   75/359 KB   280/322 KB   188/219 KB   8/176 KB   176/423 KB   75/359 KB   284/322 KB   188/219 KB   8/176 KB   176/423 KB   75/359 KB   288/322 KB   188/219 KB   8/176 KB   176/423 KB   75/359 KB   292/322 KB   188/219 KB   8/176 KB   176/423 KB   75/359 KB   296/322 KB   188/219 KB   8/176 KB   176/423 KB   75/359 KB   300/322 KB   188/219 KB   8/176 KB   176/423 KB   75/359 KB   304/322 KB   188/219 KB   8/176 KB   176/423 KB   75/359 KB   308/322 KB   188/219 KB   8/176 KB   176/423 KB   75/359 KB   312/322 KB   188/219 KB   8/176 KB   176/423 KB   75/359 KB   316/322 KB   188/219 KB   8/176 KB   176/423 KB   75/359 KB   320/322 KB   188/219 KB   8/176 KB   180/423 KB   75/359 KB   322/322 KB   188/219 KB   8/176 KB   180/423 KB   75/359 KB   260/322 KB   188/219 KB   8/176 KB   176/423 KB   75/359 KB   117/117 KB   260/322 KB   188/219 KB   36/423 KB   79/359 KB   322/322 KB   188/219 KB   8/176 KB   180/423 KB   79/359 KB   322/322 KB   188/219 KB   12/176 KB   180/423 KB   79/359 KB   322/322 KB   188/219 KB   16/176 KB   180/423 KB   83/359 KB   322/322 KB   188/219 KB   16/176 KB   180/423 KB   87/359 KB   322/322 KB   188/219 KB   16/176 KB   180/423 KB   91/359 KB   322/322 KB   188/219 KB   16/176 KB   180/423 KB   95/359 KB   322/322 KB   188/219 KB   16/176 KB   180/423 KB   95/359 KB   322/322 KB   188/219 KB   20/176 KB   180/423 KB   99/359 KB   322/322 KB   188/219 KB   20/176 KB   180/423 KB   103/359 KB   322/322 KB   188/219 KB   20/176 KB   180/423 KB   103/359 KB   322/322 KB   188/219 KB   24/176 KB   180/423 KB   63/359 KB   117/117 KB   260/322 KB   188/219 KB   32/423 KB   107/359 KB   322/322 KB   192/219 KB   24/176 KB   180/423 KB   107/359 KB   322/322 KB   192/219 KB   28/176 KB   180/423 KB   107/359 KB   322/322 KB   192/219 KB   32/176 KB   180/423 KB   107/359 KB   322/322 KB   188/219 KB   24/176 KB   180/423 KB   111/359 KB   322/322 KB   196/219 KB   32/176 KB   180/423 KB   115/359 KB   322/322 KB   196/219 KB   32/176 KB   180/423 KB   119/359 KB   322/322 KB   196/219 KB   32/176 KB   180/423 KB   119/359 KB   322/322 KB   196/219 KB   36/176 KB   180/423 KB   123/359 KB   322/322 KB   196/219 KB   40/176 KB   180/423 KB   123/359 KB   322/322 KB   196/219 KB   44/176 KB   180/423 KB   75/359 KB   316/322 KB   188/219 KB   8/176 KB   180/423 KB   123/359 KB   322/322 KB   196/219 KB   36/176 KB   180/423 KB   127/359 KB   322/322 KB   196/219 KB   48/176 KB   180/423 KB   107/359 KB   322/322 KB   196/219 KB   32/176 KB   180/423 KB   127/359 KB   322/322 KB   196/219 KB   48/176 KB   180/423 KB   131/359 KB   322/322 KB   200/219 KB   48/176 KB   180/423 KB   127/359 KB   322/322 KB   200/219 KB   48/176 KB   180/423 KB   135/359 KB   322/322 KB   200/219 KB   48/176 KB   180/423 KB   135/359 KB   322/322 KB   204/219 KB   48/176 KB   180/423 KB   139/359 KB   322/322 KB   204/219 KB   48/176 KB   180/423 KB   139/359 KB   322/322 KB   208/219 KB   48/176 KB   180/423 KB   143/359 KB   322/322 KB   208/219 KB   48/176 KB   184/423 KB   143/359 KB   322/322 KB   208/219 KB   48/176 KB   188/423 KB   143/359 KB   322/322 KB   208/219 KB   48/176 KB   192/423 KB   143/359 KB   322/322 KB   212/219 KB   48/176 KB   192/423 KB   143/359 KB   322/322 KB   216/219 KB   48/176 KB   192/423 KB   143/359 KB   322/322 KB   219/219 KB   48/176 KB   196/423 KB   143/359 KB   322/322 KB   208/219 KB   48/176 KB   196/423 KB   147/359 KB   322/322 KB   219/219 KB   48/176 KB   196/423 KB   151/359 KB   322/322 KB   219/219 KB   48/176 KB   196/423 KB   155/359 KB   322/322 KB   219/219 KB   48/176 KB   196/423 KB   143/359 KB   322/322 KB   219/219 KB   48/176 KB   196/423 KB   159/359 KB   322/322 KB   219/219 KB   48/176 KB   196/423 KB   159/359 KB   322/322 KB   219/219 KB   48/176 KB   200/423 KB   159/359 KB   322/322 KB   219/219 KB   48/176 KB   204/423 KB   163/359 KB   322/322 KB   219/219 KB   48/176 KB   208/423 KB   163/359 KB   322/322 KB   219/219 KB   48/176 KB   208/423 KB   167/359 KB   322/322 KB   219/219 KB   48/176 KB   208/423 KB   171/359 KB   322/322 KB   219/219 KB   48/176 KB   208/423 KB   175/359 KB   322/322 KB   219/219 KB   48/176 KB   208/423 KB   175/359 KB   322/322 KB   219/219 KB   48/176 KB   212/423 KB   175/359 KB   322/322 KB   219/219 KB   48/176 KB   216/423 KB   179/359 KB   322/322 KB   219/219 KB   48/176 KB   216/423 KB   183/359 KB   322/322 KB   219/219 KB   48/176 KB   216/423 KB   187/359 KB   322/322 KB   219/219 KB   48/176 KB   216/423 KB   187/359 KB   322/322 KB   219/219 KB   52/176 KB   216/423 KB   191/359 KB   322/322 KB   219/219 KB   56/176 KB   216/423 KB   191/359 KB   322/322 KB   219/219 KB   56/176 KB   216/423 KB   191/359 KB   322/322 KB   219/219 KB   60/176 KB   216/423 KB   191/359 KB   322/322 KB   219/219 KB   64/176 KB   216/423 KB   195/359 KB   322/322 KB   219/219 KB   64/176 KB   216/423 KB   199/359 KB   322/322 KB   219/219 KB   68/176 KB   216/423 KB   195/359 KB   322/322 KB   219/219 KB   68/176 KB   216/423 KB   203/359 KB   322/322 KB   219/219 KB   68/176 KB   216/423 KB   203/359 KB   322/322 KB   219/219 KB   72/176 KB   216/423 KB   207/359 KB   322/322 KB   219/219 KB   72/176 KB   216/423 KB   207/359 KB   322/322 KB   219/219 KB   76/176 KB   216/423 KB   207/359 KB   322/322 KB   219/219 KB   80/176 KB   216/423 KB   211/359 KB   322/322 KB   219/219 KB   80/176 KB   216/423 KB   215/359 KB   322/322 KB   219/219 KB   80/176 KB   220/423 KB   219/359 KB   322/322 KB   219/219 KB   80/176 KB   220/423 KB   223/359 KB   322/322 KB   219/219 KB   80/176 KB   220/423 KB   227/359 KB   322/322 KB   219/219 KB   80/176 KB   220/423 KB   231/359 KB   322/322 KB   219/219 KB   80/176 KB   220/423 KB   235/359 KB   322/322 KB   219/219 KB   80/176 KB   220/423 KB   239/359 KB   322/322 KB   219/219 KB   80/176 KB   220/423 KB   239/359 KB   322/322 KB   219/219 KB   84/176 KB   220/423 KB   239/359 KB   322/322 KB   219/219 KB   88/176 KB   220/423 KB   239/359 KB   219/219 KB   92/176 KB   220/423 KB                                                                   239/359 KB   96/176 KB   220/423 KB                Downloaded: https://repo.maven.apache.org/maven2/org/apache/httpcomponents/httpcore/4.2.2/httpcore-4.2.2.jar (219 KB at 1233.5 KB/sec)
243/359 KB   96/176 KB   220/423 KB   243/359 KB   100/176 KB   220/423 KB   247/359 KB   100/176 KB   220/423 KB   247/359 KB   104/176 KB   220/423 KB   215/359 KB   322/322 KB   219/219 KB   80/176 KB   220/423 KB   251/359 KB   104/176 KB   220/423 KB   251/359 KB   108/176 KB   220/423 KB   255/359 KB   108/176 KB   220/423 KB   255/359 KB   112/176 KB   220/423 KB   259/359 KB   116/176 KB   220/423 KB   259/359 KB   116/176 KB   224/423 KB   259/359 KB   120/176 KB   228/423 KB   259/359 KB   120/176 KB   232/423 KB   259/359 KB   120/176 KB   236/423 KB   259/359 KB   120/176 KB   240/423 KB   259/359 KB   120/176 KB   244/423 KB   259/359 KB   120/176 KB   248/423 KB   259/359 KB   120/176 KB   252/423 KB   259/359 KB   120/176 KB   256/423 KB   259/359 KB   120/176 KB   260/423 KB   259/359 KB   120/176 KB   264/423 KB   259/359 KB   120/176 KB   268/423 KB   259/359 KB   120/176 KB   272/423 KB   259/359 KB   120/176 KB   276/423 KB   259/359 KB   120/176 KB   280/423 KB   259/359 KB   120/176 KB   284/423 KB   259/359 KB   120/176 KB   288/423 KB   259/359 KB   120/176 KB   292/423 KB   259/359 KB   120/176 KB   296/423 KB   259/359 KB   120/176 KB   300/423 KB   259/359 KB   120/176 KB   304/423 KB   259/359 KB   120/176 KB   308/423 KB   259/359 KB   120/176 KB   312/423 KB   259/359 KB   120/176 KB   316/423 KB   259/359 KB   120/176 KB   320/423 KB   259/359 KB   120/176 KB   324/423 KB                                                                   259/359 KB   120/176 KB   224/423 KB   Downloaded: https://repo.maven.apache.org/maven2/org/apache/struts/struts-core/1.3.8/struts-core-1.3.8.jar (322 KB at 1755.1 KB/sec)
259/359 KB   116/176 KB   220/423 KB   259/359 KB   124/176 KB   324/423 KB   263/359 KB   124/176 KB   324/423 KB   263/359 KB   128/176 KB   324/423 KB   267/359 KB   128/176 KB   324/423 KB   271/359 KB   128/176 KB   324/423 KB   271/359 KB   132/176 KB   324/423 KB   271/359 KB   136/176 KB   324/423 KB   275/359 KB   136/176 KB   324/423 KB   275/359 KB   140/176 KB   324/423 KB   279/359 KB   140/176 KB   324/423 KB   279/359 KB   144/176 KB   324/423 KB   283/359 KB   144/176 KB   324/423 KB   287/359 KB   144/176 KB   324/423 KB   287/359 KB   148/176 KB   324/423 KB   287/359 KB   152/176 KB   324/423 KB   291/359 KB   152/176 KB   324/423 KB   291/359 KB   156/176 KB   324/423 KB   295/359 KB   156/176 KB   324/423 KB   295/359 KB   160/176 KB   324/423 KB   299/359 KB   160/176 KB   324/423 KB   303/359 KB   160/176 KB   324/423 KB   303/359 KB   164/176 KB   324/423 KB   303/359 KB   168/176 KB   324/423 KB   307/359 KB   168/176 KB   324/423 KB   307/359 KB   172/176 KB   324/423 KB   311/359 KB   172/176 KB   324/423 KB   311/359 KB   176/176 KB   324/423 KB   315/359 KB   176/176 KB   324/423 KB   319/359 KB   176/176 KB   324/423 KB   323/359 KB   176/176 KB   324/423 KB   327/359 KB   176/176 KB   324/423 KB   331/359 KB   176/176 KB   324/423 KB   335/359 KB   176/176 KB   324/423 KB   339/359 KB   176/176 KB   324/423 KB   339/359 KB   176/176 KB   328/423 KB   343/359 KB   176/176 KB   328/423 KB   343/359 KB   176/176 KB   332/423 KB   347/359 KB   176/176 KB   332/423 KB   347/359 KB   176/176 KB   336/423 KB   351/359 KB   176/176 KB   336/423 KB   355/359 KB   176/176 KB   340/423 KB   359/359 KB   176/176 KB   340/423 KB   355/359 KB   176/176 KB   340/423 KB   359/359 KB   176/176 KB   344/423 KB   359/359 KB   176/176 KB   348/423 KB                                          Downloaded: https://repo.maven.apache.org/maven2/log4j/log4j/1.2.14/log4j-1.2.14.jar (359 KB at 1859.2 KB/sec)
                                       Downloaded: https://repo.maven.apache.org/maven2/com/thoughtworks/qdox/qdox/1.12.1/qdox-1.12.1.jar (176 KB at 905.2 KB/sec)
352/423 KB                             356/423 KB   360/423 KB   364/423 KB   368/423 KB   372/423 KB   376/423 KB   380/423 KB   384/423 KB   388/423 KB   392/423 KB   396/423 KB   400/423 KB   404/423 KB   408/423 KB   412/423 KB   416/423 KB   420/423 KB   423/423 KB                Downloaded: https://repo.maven.apache.org/maven2/org/apache/httpcomponents/httpclient/4.2.3/httpclient-4.2.3.jar (423 KB at 2083.4 KB/sec)
[INFO] Not executing Javadoc as the project is not a Java classpath-capable package
[INFO] 
[INFO] --- maven-enforcer-plugin:1.0:enforce (enforce-maven) @ dagger-parent ---
[INFO] 
[INFO] --- maven-checkstyle-plugin:2.10:checkstyle (default) @ dagger-parent ---
[INFO] 
[INFO] --- maven-install-plugin:2.4:install (default-install) @ dagger-parent ---
[INFO] Installing /home/travis/build/square/dagger/pom.xml to /home/travis/.m2/repository/com/squareup/dagger/dagger-parent/1.3.0-SNAPSHOT/dagger-parent-1.3.0-SNAPSHOT.pom
[INFO] 
[INFO] --- maven-deploy-plugin:2.7:deploy (default-deploy) @ dagger-parent ---
Downloading: https://oss.sonatype.org/content/repositories/snapshots/com/squareup/dagger/dagger-parent/1.3.0-SNAPSHOT/maven-metadata.xml
609/609 B                Downloaded: https://oss.sonatype.org/content/repositories/snapshots/com/squareup/dagger/dagger-parent/1.3.0-SNAPSHOT/maven-metadata.xml (609 B at 1.0 KB/sec)
Uploading: https://oss.sonatype.org/content/repositories/snapshots/com/squareup/dagger/dagger-parent/1.3.0-SNAPSHOT/dagger-parent-1.3.0-20160125.213159-6.pom
2/6 KB      4/6 KB   6/6 KB            Uploaded: https://oss.sonatype.org/content/repositories/snapshots/com/squareup/dagger/dagger-parent/1.3.0-SNAPSHOT/dagger-parent-1.3.0-20160125.213159-6.pom (6 KB at 35.2 KB/sec)
Downloading: https://oss.sonatype.org/content/repositories/snapshots/com/squareup/dagger/dagger-parent/maven-metadata.xml
430/430 B               Downloaded: https://oss.sonatype.org/content/repositories/snapshots/com/squareup/dagger/dagger-parent/maven-metadata.xml (430 B at 9.5 KB/sec)
Uploading: https://oss.sonatype.org/content/repositories/snapshots/com/squareup/dagger/dagger-parent/1.3.0-SNAPSHOT/maven-metadata.xml
609/609 B               Uploaded: https://oss.sonatype.org/content/repositories/snapshots/com/squareup/dagger/dagger-parent/1.3.0-SNAPSHOT/maven-metadata.xml (609 B at 5.6 KB/sec)
Uploading: https://oss.sonatype.org/content/repositories/snapshots/com/squareup/dagger/dagger-parent/maven-metadata.xml
430/430 B               Uploaded: https://oss.sonatype.org/content/repositories/snapshots/com/squareup/dagger/dagger-parent/maven-metadata.xml (430 B at 3.7 KB/sec)
[INFO]                                                                         
[INFO] ------------------------------------------------------------------------
[INFO] Building Dagger 1.3.0-SNAPSHOT
[INFO] ------------------------------------------------------------------------
[INFO] 
[INFO] --- maven-clean-plugin:2.5:clean (default-clean) @ dagger ---
[INFO] Deleting /home/travis/build/square/dagger/core/target
[INFO] 
[INFO] >>> maven-source-plugin:2.4:jar (default-cli) > generate-sources @ dagger >>>
[INFO] 
[INFO] --- maven-enforcer-plugin:1.0:enforce (enforce-maven) @ dagger ---
[INFO] 
[INFO] <<< maven-source-plugin:2.4:jar (default-cli) < generate-sources @ dagger <<<
[INFO] 
[INFO] --- maven-source-plugin:2.4:jar (default-cli) @ dagger ---
[INFO] Building jar: /home/travis/build/square/dagger/core/target/dagger-1.3.0-SNAPSHOT-sources.jar
[INFO] 
[INFO] --- maven-javadoc-plugin:2.10.3:jar (default-cli) @ dagger ---
[INFO] 
Loading source files for package dagger...
Constructing Javadoc information...
Standard Doclet version 1.7.0_76
Building tree for all the packages and classes...
Generating /home/travis/build/square/dagger/core/target/apidocs/dagger/Lazy.html...
Generating /home/travis/build/square/dagger/core/target/apidocs/dagger/MembersInjector.html...
Generating /home/travis/build/square/dagger/core/target/apidocs/dagger/Module.html...
Generating /home/travis/build/square/dagger/core/target/apidocs/dagger/ObjectGraph.html...
Generating /home/travis/build/square/dagger/core/target/apidocs/dagger/Provides.html...
Generating /home/travis/build/square/dagger/core/target/apidocs/dagger/Provides.Type.html...
Generating /home/travis/build/square/dagger/core/target/apidocs/dagger/package-frame.html...
Generating /home/travis/build/square/dagger/core/target/apidocs/dagger/package-summary.html...
Generating /home/travis/build/square/dagger/core/target/apidocs/dagger/package-tree.html...
Generating /home/travis/build/square/dagger/core/target/apidocs/constant-values.html...
Generating /home/travis/build/square/dagger/core/target/apidocs/dagger/class-use/Provides.html...
Generating /home/travis/build/square/dagger/core/target/apidocs/dagger/class-use/Provides.Type.html...
Generating /home/travis/build/square/dagger/core/target/apidocs/dagger/class-use/ObjectGraph.html...
Generating /home/travis/build/square/dagger/core/target/apidocs/dagger/class-use/Module.html...
Generating /home/travis/build/square/dagger/core/target/apidocs/dagger/class-use/MembersInjector.html...
Generating /home/travis/build/square/dagger/core/target/apidocs/dagger/class-use/Lazy.html...
Generating /home/travis/build/square/dagger/core/target/apidocs/dagger/package-use.html...
Building index for all the packages and classes...
Generating /home/travis/build/square/dagger/core/target/apidocs/overview-tree.html...
Generating /home/travis/build/square/dagger/core/target/apidocs/index-all.html...
Generating /home/travis/build/square/dagger/core/target/apidocs/deprecated-list.html...
Building index for all classes...
Generating /home/travis/build/square/dagger/core/target/apidocs/allclasses-frame.html...
Generating /home/travis/build/square/dagger/core/target/apidocs/allclasses-noframe.html...
Generating /home/travis/build/square/dagger/core/target/apidocs/index.html...
Generating /home/travis/build/square/dagger/core/target/apidocs/help-doc.html...
[INFO] Building jar: /home/travis/build/square/dagger/core/target/dagger-1.3.0-SNAPSHOT-javadoc.jar
[INFO] 
[INFO] --- maven-enforcer-plugin:1.0:enforce (enforce-maven) @ dagger ---
[INFO] 
[INFO] --- maven-resources-plugin:2.6:resources (default-resources) @ dagger ---
[INFO] Using 'UTF-8' encoding to copy filtered resources.
[INFO] skip non existing resourceDirectory /home/travis/build/square/dagger/core/src/main/resources
[INFO] 
[INFO] --- maven-compiler-plugin:3.1:compile (default-compile) @ dagger ---
[INFO] Changes detected - recompiling the module!
[INFO] Compiling 22 source files to /home/travis/build/square/dagger/core/target/classes
[WARNING] bootstrap class path not set in conjunction with -source 1.6
[WARNING] /home/travis/build/square/dagger/core/src/main/java/dagger/internal/Binding.java:[155,17] serializable class dagger.internal.Binding.InvalidBindingException has no definition of serialVersionUID
[WARNING] /home/travis/build/square/dagger/core/src/main/java/dagger/internal/ProblemDetector.java:[33,10] found raw type: dagger.internal.Binding
  missing type arguments for generic class dagger.internal.Binding<T>
[WARNING] /home/travis/build/square/dagger/core/src/main/java/dagger/internal/ProblemDetector.java:[33,50] found raw type: dagger.internal.Binding
  missing type arguments for generic class dagger.internal.Binding<T>
[WARNING] /home/travis/build/square/dagger/core/src/main/java/dagger/ObjectGraph.java:[163,90] unchecked cast
  required: dagger.internal.ModuleAdapter<java.lang.Object>
  found:    dagger.internal.ModuleAdapter<capture#1 of ?>
[INFO] 
[INFO] --- maven-checkstyle-plugin:2.10:checkstyle (default) @ dagger ---
[INFO] Starting audit...
Audit done.

[WARNING] Unable to locate Source XRef to link to - DISABLED
[INFO] 
[INFO] --- maven-resources-plugin:2.6:testResources (default-testResources) @ dagger ---
[INFO] Not copying test resources
[INFO] 
[INFO] --- maven-compiler-plugin:3.1:testCompile (default-testCompile) @ dagger ---
[INFO] Not compiling test sources
[INFO] 
[INFO] --- maven-surefire-plugin:2.12.4:test (default-test) @ dagger ---
[INFO] Tests are skipped.
[INFO] 
[INFO] --- maven-jar-plugin:2.4:jar (default-jar) @ dagger ---
[INFO] Building jar: /home/travis/build/square/dagger/core/target/dagger-1.3.0-SNAPSHOT.jar
[INFO] 
[INFO] --- maven-jar-plugin:2.4:test-jar (default) @ dagger ---
[INFO] Skipping packaging of the test-jar
[INFO] 
[INFO] --- maven-install-plugin:2.4:install (default-install) @ dagger ---
[INFO] Installing /home/travis/build/square/dagger/core/target/dagger-1.3.0-SNAPSHOT.jar to /home/travis/.m2/repository/com/squareup/dagger/dagger/1.3.0-SNAPSHOT/dagger-1.3.0-SNAPSHOT.jar
[INFO] Installing /home/travis/build/square/dagger/core/pom.xml to /home/travis/.m2/repository/com/squareup/dagger/dagger/1.3.0-SNAPSHOT/dagger-1.3.0-SNAPSHOT.pom
[INFO] Installing /home/travis/build/square/dagger/core/target/dagger-1.3.0-SNAPSHOT-sources.jar to /home/travis/.m2/repository/com/squareup/dagger/dagger/1.3.0-SNAPSHOT/dagger-1.3.0-SNAPSHOT-sources.jar
[INFO] Installing /home/travis/build/square/dagger/core/target/dagger-1.3.0-SNAPSHOT-javadoc.jar to /home/travis/.m2/repository/com/squareup/dagger/dagger/1.3.0-SNAPSHOT/dagger-1.3.0-SNAPSHOT-javadoc.jar
[INFO] 
[INFO] --- maven-deploy-plugin:2.7:deploy (default-deploy) @ dagger ---
Downloading: https://oss.sonatype.org/content/repositories/snapshots/com/squareup/dagger/dagger/1.3.0-SNAPSHOT/maven-metadata.xml
2/2 KB               Downloaded: https://oss.sonatype.org/content/repositories/snapshots/com/squareup/dagger/dagger/1.3.0-SNAPSHOT/maven-metadata.xml (2 KB at 35.6 KB/sec)
Uploading: https://oss.sonatype.org/content/repositories/snapshots/com/squareup/dagger/dagger/1.3.0-SNAPSHOT/dagger-1.3.0-20160125.213206-6.jar
2/51 KB   4/51 KB   6/51 KB   8/51 KB   10/51 KB   12/51 KB   14/51 KB   16/51 KB   18/51 KB   20/51 KB   22/51 KB   24/51 KB   26/51 KB   28/51 KB   30/51 KB   32/51 KB   34/51 KB   36/51 KB   38/51 KB   40/51 KB   42/51 KB   44/51 KB   46/51 KB   48/51 KB   50/51 KB   51/51 KB              Uploaded: https://oss.sonatype.org/content/repositories/snapshots/com/squareup/dagger/dagger/1.3.0-SNAPSHOT/dagger-1.3.0-20160125.213206-6.jar (51 KB at 357.7 KB/sec)
Uploading: https://oss.sonatype.org/content/repositories/snapshots/com/squareup/dagger/dagger/1.3.0-SNAPSHOT/dagger-1.3.0-20160125.213206-6.pom
2/3 KB     3/3 KB            Uploaded: https://oss.sonatype.org/content/repositories/snapshots/com/squareup/dagger/dagger/1.3.0-SNAPSHOT/dagger-1.3.0-20160125.213206-6.pom (3 KB at 19.6 KB/sec)
Downloading: https://oss.sonatype.org/content/repositories/snapshots/com/squareup/dagger/dagger/maven-metadata.xml
423/423 B               Downloaded: https://oss.sonatype.org/content/repositories/snapshots/com/squareup/dagger/dagger/maven-metadata.xml (423 B at 7.4 KB/sec)
Uploading: https://oss.sonatype.org/content/repositories/snapshots/com/squareup/dagger/dagger/1.3.0-SNAPSHOT/maven-metadata.xml
2/2 KB               Uploaded: https://oss.sonatype.org/content/repositories/snapshots/com/squareup/dagger/dagger/1.3.0-SNAPSHOT/maven-metadata.xml (2 KB at 10.2 KB/sec)
Uploading: https://oss.sonatype.org/content/repositories/snapshots/com/squareup/dagger/dagger/maven-metadata.xml
423/423 B               Uploaded: https://oss.sonatype.org/content/repositories/snapshots/com/squareup/dagger/dagger/maven-metadata.xml (423 B at 3.4 KB/sec)
Uploading: https://oss.sonatype.org/content/repositories/snapshots/com/squareup/dagger/dagger/1.3.0-SNAPSHOT/dagger-1.3.0-20160125.213206-6-sources.jar
2/38 KB     4/38 KB   6/38 KB   8/38 KB   10/38 KB   12/38 KB   14/38 KB   16/38 KB   18/38 KB   20/38 KB   22/38 KB   24/38 KB   26/38 KB   28/38 KB   30/38 KB   32/38 KB   34/38 KB   36/38 KB   38/38 KB              Uploaded: https://oss.sonatype.org/content/repositories/snapshots/com/squareup/dagger/dagger/1.3.0-SNAPSHOT/dagger-1.3.0-20160125.213206-6-sources.jar (38 KB at 305.1 KB/sec)
Uploading: https://oss.sonatype.org/content/repositories/snapshots/com/squareup/dagger/dagger/1.3.0-SNAPSHOT/maven-metadata.xml
2/2 KB              Uploaded: https://oss.sonatype.org/content/repositories/snapshots/com/squareup/dagger/dagger/1.3.0-SNAPSHOT/maven-metadata.xml (2 KB at 9.7 KB/sec)
Uploading: https://oss.sonatype.org/content/repositories/snapshots/com/squareup/dagger/dagger/1.3.0-SNAPSHOT/dagger-1.3.0-20160125.213206-6-javadoc.jar
2/60 KB   4/60 KB   6/60 KB   8/60 KB   10/60 KB   12/60 KB   14/60 KB   16/60 KB   18/60 KB   20/60 KB   22/60 KB   24/60 KB   26/60 KB   28/60 KB   30/60 KB   32/60 KB   34/60 KB   36/60 KB   38/60 KB   40/60 KB   42/60 KB   44/60 KB   46/60 KB   48/60 KB   50/60 KB   52/60 KB   54/60 KB   56/60 KB   58/60 KB   60/60 KB              Uploaded: https://oss.sonatype.org/content/repositories/snapshots/com/squareup/dagger/dagger/1.3.0-SNAPSHOT/dagger-1.3.0-20160125.213206-6-javadoc.jar (60 KB at 498.3 KB/sec)
Uploading: https://oss.sonatype.org/content/repositories/snapshots/com/squareup/dagger/dagger/1.3.0-SNAPSHOT/maven-metadata.xml
2/2 KB              Uploaded: https://oss.sonatype.org/content/repositories/snapshots/com/squareup/dagger/dagger/1.3.0-SNAPSHOT/maven-metadata.xml (2 KB at 10.8 KB/sec)
[INFO]                                                                         
[INFO] ------------------------------------------------------------------------
[INFO] Building Dagger Compiler 1.3.0-SNAPSHOT
[INFO] ------------------------------------------------------------------------
[INFO] 
[INFO] --- maven-clean-plugin:2.5:clean (default-clean) @ dagger-compiler ---
[INFO] Deleting /home/travis/build/square/dagger/compiler/target
[INFO] 
[INFO] >>> maven-source-plugin:2.4:jar (default-cli) > generate-sources @ dagger-compiler >>>
[INFO] 
[INFO] --- maven-enforcer-plugin:1.0:enforce (enforce-maven) @ dagger-compiler ---
[INFO] 
[INFO] <<< maven-source-plugin:2.4:jar (default-cli) < generate-sources @ dagger-compiler <<<
[INFO] 
[INFO] --- maven-source-plugin:2.4:jar (default-cli) @ dagger-compiler ---
[INFO] Building jar: /home/travis/build/square/dagger/compiler/target/dagger-compiler-1.3.0-SNAPSHOT-sources.jar
[INFO] 
[INFO] --- maven-javadoc-plugin:2.10.3:jar (default-cli) @ dagger-compiler ---
[INFO] 
Loading source files for package dagger.internal.codegen...
Constructing Javadoc information...
Standard Doclet version 1.7.0_76
Building tree for all the packages and classes...
Generating /home/travis/build/square/dagger/compiler/target/apidocs/dagger/internal/codegen/AdapterJavadocs.html...
Generating /home/travis/build/square/dagger/compiler/target/apidocs/dagger/internal/codegen/GraphAnalysisLoader.html...
Generating /home/travis/build/square/dagger/compiler/target/apidocs/dagger/internal/codegen/GraphAnalysisProcessor.html...
Generating /home/travis/build/square/dagger/compiler/target/apidocs/dagger/internal/codegen/GraphVisualizer.html...
Generating /home/travis/build/square/dagger/compiler/target/apidocs/dagger/internal/codegen/GraphVizWriter.html...
Generating /home/travis/build/square/dagger/compiler/target/apidocs/dagger/internal/codegen/InjectAdapterProcessor.html...
Generating /home/travis/build/square/dagger/compiler/target/apidocs/dagger/internal/codegen/ModuleAdapterProcessor.html...
Generating /home/travis/build/square/dagger/compiler/target/apidocs/dagger/internal/codegen/ValidationProcessor.html...
Generating /home/travis/build/square/dagger/compiler/target/apidocs/dagger/internal/codegen/package-frame.html...
Generating /home/travis/build/square/dagger/compiler/target/apidocs/dagger/internal/codegen/package-summary.html...
Generating /home/travis/build/square/dagger/compiler/target/apidocs/dagger/internal/codegen/package-tree.html...
Generating /home/travis/build/square/dagger/compiler/target/apidocs/constant-values.html...
Generating /home/travis/build/square/dagger/compiler/target/apidocs/dagger/internal/codegen/class-use/ValidationProcessor.html...
Generating /home/travis/build/square/dagger/compiler/target/apidocs/dagger/internal/codegen/class-use/ModuleAdapterProcessor.html...
Generating /home/travis/build/square/dagger/compiler/target/apidocs/dagger/internal/codegen/class-use/InjectAdapterProcessor.html...
Generating /home/travis/build/square/dagger/compiler/target/apidocs/dagger/internal/codegen/class-use/GraphVizWriter.html...
Generating /home/travis/build/square/dagger/compiler/target/apidocs/dagger/internal/codegen/class-use/GraphVisualizer.html...
Generating /home/travis/build/square/dagger/compiler/target/apidocs/dagger/internal/codegen/class-use/GraphAnalysisProcessor.html...
Generating /home/travis/build/square/dagger/compiler/target/apidocs/dagger/internal/codegen/class-use/GraphAnalysisLoader.html...
Generating /home/travis/build/square/dagger/compiler/target/apidocs/dagger/internal/codegen/class-use/AdapterJavadocs.html...
Generating /home/travis/build/square/dagger/compiler/target/apidocs/dagger/internal/codegen/package-use.html...
Building index for all the packages and classes...
Generating /home/travis/build/square/dagger/compiler/target/apidocs/overview-tree.html...
Generating /home/travis/build/square/dagger/compiler/target/apidocs/index-all.html...
Generating /home/travis/build/square/dagger/compiler/target/apidocs/deprecated-list.html...
Building index for all classes...
Generating /home/travis/build/square/dagger/compiler/target/apidocs/allclasses-frame.html...
Generating /home/travis/build/square/dagger/compiler/target/apidocs/allclasses-noframe.html...
Generating /home/travis/build/square/dagger/compiler/target/apidocs/index.html...
Generating /home/travis/build/square/dagger/compiler/target/apidocs/help-doc.html...
[INFO] Building jar: /home/travis/build/square/dagger/compiler/target/dagger-compiler-1.3.0-SNAPSHOT-javadoc.jar
[INFO] 
[INFO] --- maven-enforcer-plugin:1.0:enforce (enforce-maven) @ dagger-compiler ---
[INFO] 
[INFO] --- maven-resources-plugin:2.6:resources (default-resources) @ dagger-compiler ---
[INFO] Using 'UTF-8' encoding to copy filtered resources.
[INFO] Copying 1 resource
[INFO] 
[INFO] --- maven-compiler-plugin:3.1:compile (default-compile) @ dagger-compiler ---
[INFO] Changes detected - recompiling the module!
[INFO] Compiling 12 source files to /home/travis/build/square/dagger/compiler/target/classes
[WARNING] bootstrap class path not set in conjunction with -source 1.6
[INFO] 
[INFO] --- maven-checkstyle-plugin:2.10:checkstyle (default) @ dagger-compiler ---
[INFO] Starting audit...
Audit done.

[WARNING] Unable to locate Source XRef to link to - DISABLED
[INFO] 
[INFO] --- maven-resources-plugin:2.6:testResources (default-testResources) @ dagger-compiler ---
[INFO] Not copying test resources
[INFO] 
[INFO] --- maven-compiler-plugin:3.1:testCompile (default-testCompile) @ dagger-compiler ---
[INFO] Not compiling test sources
[INFO] 
[INFO] --- maven-compiler-plugin:3.1:testCompile (default-test-compile) @ dagger-compiler ---
[INFO] Not compiling test sources
[INFO] 
[INFO] --- maven-surefire-plugin:2.12.4:test (default-test) @ dagger-compiler ---
[INFO] Tests are skipped.
[INFO] 
[INFO] --- maven-jar-plugin:2.4:jar (default-jar) @ dagger-compiler ---
[INFO] Building jar: /home/travis/build/square/dagger/compiler/target/dagger-compiler-1.3.0-SNAPSHOT.jar
[INFO] 
[INFO] --- maven-assembly-plugin:2.2-beta-5:single (default) @ dagger-compiler ---
[INFO] META-INF/ already added, skipping
[INFO] META-INF/MANIFEST.MF already added, skipping
[INFO] META-INF/maven/ already added, skipping
[INFO] META-INF/MANIFEST.MF already added, skipping
[INFO] META-INF/ already added, skipping
[INFO] META-INF/maven/ already added, skipping
[INFO] com/ already added, skipping
[INFO] Building jar: /home/travis/build/square/dagger/compiler/target/dagger-compiler-1.3.0-SNAPSHOT-jar-with-dependencies.jar
[INFO] META-INF/ already added, skipping
[INFO] META-INF/MANIFEST.MF already added, skipping
[INFO] META-INF/maven/ already added, skipping
[INFO] META-INF/MANIFEST.MF already added, skipping
[INFO] META-INF/ already added, skipping
[INFO] META-INF/maven/ already added, skipping
[INFO] com/ already added, skipping
[INFO] 
[INFO] --- maven-invoker-plugin:1.7:install (integration-test) @ dagger-compiler ---
[INFO] Installing /home/travis/build/square/dagger/core/pom.xml to /home/travis/build/square/dagger/compiler/target/local-repo/com/squareup/dagger/dagger/1.3.0-SNAPSHOT/dagger-1.3.0-SNAPSHOT.pom
[INFO] Installing /home/travis/build/square/dagger/core/target/dagger-1.3.0-SNAPSHOT.jar to /home/travis/build/square/dagger/compiler/target/local-repo/com/squareup/dagger/dagger/1.3.0-SNAPSHOT/dagger-1.3.0-SNAPSHOT.jar
[INFO] Installing /home/travis/build/square/dagger/core/pom.xml to /home/travis/build/square/dagger/compiler/target/local-repo/com/squareup/dagger/dagger/1.3.0-SNAPSHOT/dagger-1.3.0-SNAPSHOT.pom
[INFO] Installing /home/travis/build/square/dagger/core/target/dagger-1.3.0-SNAPSHOT-sources.jar to /home/travis/build/square/dagger/compiler/target/local-repo/com/squareup/dagger/dagger/1.3.0-SNAPSHOT/dagger-1.3.0-SNAPSHOT-sources.jar
[INFO] Installing /home/travis/build/square/dagger/core/target/dagger-1.3.0-SNAPSHOT-javadoc.jar to /home/travis/build/square/dagger/compiler/target/local-repo/com/squareup/dagger/dagger/1.3.0-SNAPSHOT/dagger-1.3.0-SNAPSHOT-javadoc.jar
[INFO] Installing /home/travis/build/square/dagger/pom.xml to /home/travis/build/square/dagger/compiler/target/local-repo/com/squareup/dagger/dagger-parent/1.3.0-SNAPSHOT/dagger-parent-1.3.0-SNAPSHOT.pom
[INFO] Installing /home/travis/build/square/dagger/compiler/pom.xml to /home/travis/build/square/dagger/compiler/target/local-repo/com/squareup/dagger/dagger-compiler/1.3.0-SNAPSHOT/dagger-compiler-1.3.0-SNAPSHOT.pom
[INFO] Installing /home/travis/build/square/dagger/compiler/target/dagger-compiler-1.3.0-SNAPSHOT.jar to /home/travis/build/square/dagger/compiler/target/local-repo/com/squareup/dagger/dagger-compiler/1.3.0-SNAPSHOT/dagger-compiler-1.3.0-SNAPSHOT.jar
[INFO] Installing /home/travis/build/square/dagger/compiler/target/dagger-compiler-1.3.0-SNAPSHOT-sources.jar to /home/travis/build/square/dagger/compiler/target/local-repo/com/squareup/dagger/dagger-compiler/1.3.0-SNAPSHOT/dagger-compiler-1.3.0-SNAPSHOT-sources.jar
[INFO] Installing /home/travis/build/square/dagger/compiler/target/dagger-compiler-1.3.0-SNAPSHOT-javadoc.jar to /home/travis/build/square/dagger/compiler/target/local-repo/com/squareup/dagger/dagger-compiler/1.3.0-SNAPSHOT/dagger-compiler-1.3.0-SNAPSHOT-javadoc.jar
[INFO] Installing /home/travis/build/square/dagger/compiler/target/dagger-compiler-1.3.0-SNAPSHOT-jar-with-dependencies.jar to /home/travis/build/square/dagger/compiler/target/local-repo/com/squareup/dagger/dagger-compiler/1.3.0-SNAPSHOT/dagger-compiler-1.3.0-SNAPSHOT-jar-with-dependencies.jar
[INFO] 
[INFO] --- maven-invoker-plugin:1.7:run (integration-test) @ dagger-compiler ---
[INFO] Building: default-package-injected-type/pom.xml
[INFO] ..SUCCESS (8.2 s)
[INFO] Building: extension-graph-setvalues/pom.xml
[INFO] ..SUCCESS (4.9 s)
[INFO] Building: extension-graph/pom.xml
[INFO] ..SUCCESS (4.6 s)
[INFO] Building: final-field-inject/pom.xml
[INFO] run script verify.bsh
[INFO] ..FAILED (4.5 s)
[INFO]   The post-build script did not succeed. Sourced file: inline evaluation of: ``import dagger.testing.it.BuildLogValidator; import java.io.File;  File buildLog  . . . '' : Unknown class: BuildLogValidator
[INFO] Building: include-non-module/pom.xml
[INFO] ..SUCCESS (4.1 s)
[INFO] Building: inject-on-class/pom.xml
[INFO] run script verify.bsh
[INFO] ..FAILED (3.9 s)
[INFO]   The post-build script did not succeed. Sourced file: inline evaluation of: ``import dagger.testing.it.BuildLogValidator; import java.io.File;  File buildLog  . . . '' : Unknown class: BuildLogValidator
[INFO] Building: inject-parameterized-type/pom.xml
[INFO] ..SUCCESS (4.9 s)
[INFO] Building: inner-classes-complaint-injection/pom.xml
[INFO] run script verify.bsh
[INFO] ..FAILED (4.1 s)
[INFO]   The post-build script did not succeed. Sourced file: inline evaluation of: ``import dagger.testing.it.BuildLogValidator; import java.io.File;  File buildLog  . . . '' : Unknown class: BuildLogValidator
[INFO] Building: method-injection/pom.xml
[INFO] run script verify.bsh
[INFO] ..FAILED (3.6 s)
[INFO]   The post-build script did not succeed. Sourced file: inline evaluation of: ``import dagger.testing.it.BuildLogValidator; import java.io.File;  File buildLog  . . . '' : Unknown class: BuildLogValidator
[INFO] Building: missing-at-inject-constructor/pom.xml
[INFO] run script verify.bsh
[INFO] ..FAILED (3.8 s)
[INFO]   The post-build script did not succeed. Sourced file: inline evaluation of: ``import dagger.testing.it.BuildLogValidator; import java.io.File;  File buildLog  . . . '' : Unknown class: BuildLogValidator
[INFO] Building: module-type-validation/pom.xml
[INFO] run script verify.bsh
[INFO] ..FAILED (4.2 s)
[INFO]   The post-build script did not succeed. Sourced file: inline evaluation of: ``import dagger.testing.it.BuildLogValidator; import java.io.File;  File buildLog  . . . '' : Unknown class: BuildLogValidator
[INFO] Building: multiple-modules-setvalues/pom.xml
[INFO] ..SUCCESS (4.8 s)
[INFO] Building: multiple-provides-methods/pom.xml
[INFO] run script verify.bsh
[INFO] ..SUCCESS (4.6 s)
[INFO] Building: multiple-qualifiers/pom.xml
[INFO] run script verify.bsh
[INFO] ..FAILED (4.5 s)
[INFO]   The post-build script did not succeed. Sourced file: inline evaluation of: ``import dagger.testing.it.BuildLogValidator; import java.io.File;  File buildLog  . . . '' : Unknown class: BuildLogValidator
[INFO] Building: private-inject/pom.xml
[INFO] run script verify.bsh
[INFO] ..FAILED (3.6 s)
[INFO]   The post-build script did not succeed. Sourced file: inline evaluation of: ``import dagger.testing.it.BuildLogValidator; import java.io.File;  File buildLog  . . . '' : Unknown class: BuildLogValidator
[INFO] Building: provide-provider-or-lazy/pom.xml
[INFO] run script verify.bsh
[INFO] ..FAILED (3.7 s)
[INFO]   The post-build script did not succeed. Sourced file: inline evaluation of: ``import dagger.testing.it.BuildLogValidator; import java.io.File;  File buildLog  . . . '' : Unknown class: BuildLogValidator
[INFO] Building: provides-method-not-in-module/pom.xml
[INFO] run script verify.bsh
[INFO] ..FAILED (3.6 s)
[INFO]   The post-build script did not succeed. Sourced file: inline evaluation of: ``import dagger.testing.it.BuildLogValidator; import java.io.File;  File buildLog  . . . '' : Unknown class: BuildLogValidator
[INFO] Building: provides-method-with-throws-clause/pom.xml
[INFO] run script verify.bsh
[INFO] ..FAILED (4.6 s)
[INFO]   The post-build script did not succeed. Sourced file: inline evaluation of: ``import dagger.testing.it.BuildLogValidator; import java.io.File;  File buildLog  . . . '' : Unknown class: BuildLogValidator
[INFO] Building: qualifiers-on-invalid-elements-errors/pom.xml
[INFO] run script verify.bsh
[INFO] ..FAILED (3.9 s)
[INFO]   The post-build script did not succeed. Sourced file: inline evaluation of: ``import dagger.testing.it.BuildLogValidator; import java.io.File;  File buildLog  . . . '' : Unknown class: BuildLogValidator
[INFO] Building: qualifiers-on-invalid-elements-warnings/pom.xml
[INFO] run script verify.bsh
[INFO] ..FAILED (3.8 s)
[INFO]   The post-build script did not succeed. Sourced file: inline evaluation of: ``import dagger.testing.it.BuildLogValidator; import java.io.File;  File buildLog  . . . '' : Unknown class: BuildLogValidator
[INFO] Building: same-provides-method-name/pom.xml
[INFO] ..SUCCESS (3.7 s)
[INFO] Building: uninjectable-supertype/pom.xml
[INFO] ..SUCCESS (4.4 s)
[INFO] Building: valid-use-of-qualifiers/pom.xml
[INFO] ..SUCCESS (4.3 s)
[INFO] -------------------------------------------------
[INFO] Build Summary:
[INFO]   Passed: 10, Failed: 13, Errors: 0, Skipped: 0
[INFO] -------------------------------------------------
[ERROR] The following builds failed:
[ERROR] *  final-field-inject/pom.xml
[ERROR] *  inject-on-class/pom.xml
[ERROR] *  inner-classes-complaint-injection/pom.xml
[ERROR] *  method-injection/pom.xml
[ERROR] *  missing-at-inject-constructor/pom.xml
[ERROR] *  module-type-validation/pom.xml
[ERROR] *  multiple-qualifiers/pom.xml
[ERROR] *  private-inject/pom.xml
[ERROR] *  provide-provider-or-lazy/pom.xml
[ERROR] *  provides-method-not-in-module/pom.xml
[ERROR] *  provides-method-with-throws-clause/pom.xml
[ERROR] *  qualifiers-on-invalid-elements-errors/pom.xml
[ERROR] *  qualifiers-on-invalid-elements-warnings/pom.xml
[INFO] -------------------------------------------------
[INFO] ------------------------------------------------------------------------
[INFO] Reactor Summary:
[INFO] 
[INFO] Dagger (Parent) .................................... SUCCESS [  4.345 s]
[INFO] Dagger ............................................. SUCCESS [  6.816 s]
[INFO] Dagger Compiler .................................... FAILURE [01:46 min]
[INFO] Examples ........................................... SKIPPED
[INFO] Examples: Simple ................................... SKIPPED
[INFO] Examples: Android - Simple ......................... SKIPPED
[INFO] Examples: Android - Activity Graphs ................ SKIPPED
[INFO] ------------------------------------------------------------------------
[INFO] BUILD FAILURE
[INFO] ------------------------------------------------------------------------
[INFO] Total time: 02:01 min
[INFO] Finished at: 2016-01-25T21:33:54+00:00
[INFO] Final Memory: 39M/442M
[INFO] ------------------------------------------------------------------------
[ERROR] Failed to execute goal org.apache.maven.plugins:maven-invoker-plugin:1.7:run (integration-test) on project dagger-compiler: 13 builds failed. See console output above for details. -> [Help 1]
[ERROR] 
[ERROR] To see the full stack trace of the errors, re-run Maven with the -e switch.
[ERROR] Re-run Maven using the -X switch to enable full debug logging.
[ERROR] 
[ERROR] For more information about the errors and possible solutions, please read the following articles:
[ERROR] [Help 1] http://cwiki.apache.org/confluence/display/MAVEN/MojoFailureException
[ERROR] 
[ERROR] After correcting the problems, you can resume the build with the command
[ERROR]   mvn <goals> -rf :dagger-compiler

travis_time:end:0b40ef45:start=1453757510949342256,finish=1453757634478211597,duration=123528869341[0Ktravis_fold:end:after_success[0K
Done. Your build exited with 0.
