Using worker: bluebox-linux-8.worker.travis-ci.org:travis-linux-4

travis_fold:start:git.1$ git clone --depth=50 git://github.com/square/dagger.git square/dagger
Cloning into 'square/dagger'...
remote: Counting objects: 1328, done.[K
remote: Compressing objects:   0% (1/647)   [Kremote: Compressing objects:   1% (7/647)   [Kremote: Compressing objects:   2% (13/647)   [Kremote: Compressing objects:   3% (20/647)   [Kremote: Compressing objects:   4% (26/647)   [Kremote: Compressing objects:   5% (33/647)   [Kremote: Compressing objects:   6% (39/647)   [Kremote: Compressing objects:   7% (46/647)   [Kremote: Compressing objects:   8% (52/647)   [Kremote: Compressing objects:   9% (59/647)   [Kremote: Compressing objects:  10% (65/647)   [Kremote: Compressing objects:  11% (72/647)   [Kremote: Compressing objects:  12% (78/647)   [Kremote: Compressing objects:  13% (85/647)   [Kremote: Compressing objects:  14% (91/647)   [Kremote: Compressing objects:  15% (98/647)   [Kremote: Compressing objects:  16% (104/647)   [Kremote: Compressing objects:  17% (110/647)   [Kremote: Compressing objects:  18% (117/647)   [Kremote: Compressing objects:  19% (123/647)   [Kremote: Compressing objects:  20% (130/647)   [Kremote: Compressing objects:  21% (136/647)   [Kremote: Compressing objects:  22% (143/647)   [Kremote: Compressing objects:  23% (149/647)   [Kremote: Compressing objects:  24% (156/647)   [Kremote: Compressing objects:  25% (162/647)   [Kremote: Compressing objects:  26% (169/647)   [Kremote: Compressing objects:  27% (175/647)   [Kremote: Compressing objects:  28% (182/647)   [Kremote: Compressing objects:  29% (188/647)   [Kremote: Compressing objects:  30% (195/647)   [Kremote: Compressing objects:  31% (201/647)   [Kremote: Compressing objects:  32% (208/647)   [Kremote: Compressing objects:  33% (214/647)   [Kremote: Compressing objects:  34% (220/647)   [Kremote: Compressing objects:  35% (227/647)   [Kremote: Compressing objects:  36% (233/647)   [Kremote: Compressing objects:  37% (240/647)   [Kremote: Compressing objects:  38% (246/647)   [Kremote: Compressing objects:  39% (253/647)   [Kremote: Compressing objects:  40% (259/647)   [Kremote: Compressing objects:  41% (266/647)   [Kremote: Compressing objects:  42% (272/647)   [Kremote: Compressing objects:  43% (279/647)   [Kremote: Compressing objects:  44% (285/647)   [Kremote: Compressing objects:  45% (292/647)   [Kremote: Compressing objects:  46% (298/647)   [Kremote: Compressing objects:  47% (305/647)   [Kremote: Compressing objects:  48% (311/647)   [Kremote: Compressing objects:  49% (318/647)   [Kremote: Compressing objects:  50% (324/647)   [Kremote: Compressing objects:  51% (330/647)   [Kremote: Compressing objects:  52% (337/647)   [Kremote: Compressing objects:  53% (343/647)   [Kremote: Compressing objects:  54% (350/647)   [Kremote: Compressing objects:  55% (356/647)   [Kremote: Compressing objects:  56% (363/647)   [Kremote: Compressing objects:  57% (369/647)   [Kremote: Compressing objects:  58% (376/647)   [Kremote: Compressing objects:  59% (382/647)   [Kremote: Compressing objects:  60% (389/647)   [Kremote: Compressing objects:  61% (395/647)   [Kremote: Compressing objects:  62% (402/647)   [Kremote: Compressing objects:  63% (408/647)   [Kremote: Compressing objects:  64% (415/647)   [Kremote: Compressing objects:  65% (421/647)   [Kremote: Compressing objects:  66% (428/647)   [Kremote: Compressing objects:  67% (434/647)   [Kremote: Compressing objects:  68% (440/647)   [Kremote: Compressing objects:  69% (447/647)   [Kremote: Compressing objects:  70% (453/647)   [Kremote: Compressing objects:  71% (460/647)   [Kremote: Compressing objects:  72% (466/647)   [Kremote: Compressing objects:  73% (473/647)   [Kremote: Compressing objects:  74% (479/647)   [Kremote: Compressing objects:  75% (486/647)   [Kremote: Compressing objects:  76% (492/647)   [Kremote: Compressing objects:  77% (499/647)   [Kremote: Compressing objects:  78% (505/647)   [Kremote: Compressing objects:  79% (512/647)   [Kremote: Compressing objects:  80% (518/647)   [Kremote: Compressing objects:  81% (525/647)   [Kremote: Compressing objects:  82% (531/647)   [Kremote: Compressing objects:  83% (538/647)   [Kremote: Compressing objects:  84% (544/647)   [Kremote: Compressing objects:  85% (550/647)   [Kremote: Compressing objects:  86% (557/647)   [Kremote: Compressing objects:  87% (563/647)   [Kremote: Compressing objects:  88% (570/647)   [Kremote: Compressing objects:  89% (576/647)   [Kremote: Compressing objects:  90% (583/647)   [Kremote: Compressing objects:  91% (589/647)   [Kremote: Compressing objects:  92% (596/647)   [Kremote: Compressing objects:  93% (602/647)   [Kremote: Compressing objects:  94% (609/647)   [Kremote: Compressing objects:  95% (615/647)   [Kremote: Compressing objects:  96% (622/647)   [Kremote: Compressing objects:  97% (628/647)   [Kremote: Compressing objects:  98% (635/647)   [Kremote: Compressing objects:  99% (641/647)   [Kremote: Compressing objects: 100% (647/647)   [Kremote: Compressing objects: 100% (647/647), done.[K
Receiving objects:   0% (1/1328)   Receiving objects:   1% (14/1328)   Receiving objects:   2% (27/1328)   Receiving objects:   3% (40/1328)   Receiving objects:   4% (54/1328)   Receiving objects:   5% (67/1328)   Receiving objects:   6% (80/1328)   Receiving objects:   7% (93/1328)   Receiving objects:   8% (107/1328)   Receiving objects:   9% (120/1328)   Receiving objects:  10% (133/1328)   Receiving objects:  11% (147/1328)   Receiving objects:  12% (160/1328)   Receiving objects:  13% (173/1328)   Receiving objects:  14% (186/1328)   Receiving objects:  15% (200/1328)   Receiving objects:  16% (213/1328)   Receiving objects:  17% (226/1328)   Receiving objects:  18% (240/1328)   Receiving objects:  19% (253/1328)   Receiving objects:  20% (266/1328)   Receiving objects:  21% (279/1328)   Receiving objects:  22% (293/1328)   Receiving objects:  23% (306/1328)   Receiving objects:  24% (319/1328)   Receiving objects:  25% (332/1328)   Receiving objects:  26% (346/1328)   Receiving objects:  27% (359/1328)   Receiving objects:  28% (372/1328)   Receiving objects:  29% (386/1328)   Receiving objects:  30% (399/1328)   Receiving objects:  31% (412/1328)   Receiving objects:  32% (425/1328)   Receiving objects:  33% (439/1328)   remote: Total 1328 (delta 489), reused 1156 (delta 367)[K
Receiving objects:  34% (452/1328)   Receiving objects:  35% (465/1328)   Receiving objects:  36% (479/1328)   Receiving objects:  37% (492/1328)   Receiving objects:  38% (505/1328)   Receiving objects:  39% (518/1328)   Receiving objects:  40% (532/1328)   Receiving objects:  41% (545/1328)   Receiving objects:  42% (558/1328)   Receiving objects:  43% (572/1328)   Receiving objects:  44% (585/1328)   Receiving objects:  45% (598/1328)   Receiving objects:  46% (611/1328)   Receiving objects:  47% (625/1328)   Receiving objects:  48% (638/1328)   Receiving objects:  49% (651/1328)   Receiving objects:  50% (664/1328)   Receiving objects:  51% (678/1328)   Receiving objects:  52% (691/1328)   Receiving objects:  53% (704/1328)   Receiving objects:  54% (718/1328)   Receiving objects:  55% (731/1328)   Receiving objects:  56% (744/1328)   Receiving objects:  57% (757/1328)   Receiving objects:  58% (771/1328)   Receiving objects:  59% (784/1328)   Receiving objects:  60% (797/1328)   Receiving objects:  61% (811/1328)   Receiving objects:  62% (824/1328)   Receiving objects:  63% (837/1328)   Receiving objects:  64% (850/1328)   Receiving objects:  65% (864/1328)   Receiving objects:  66% (877/1328)   Receiving objects:  67% (890/1328)   Receiving objects:  68% (904/1328)   Receiving objects:  69% (917/1328)   Receiving objects:  70% (930/1328)   Receiving objects:  71% (943/1328)   Receiving objects:  72% (957/1328)   Receiving objects:  73% (970/1328)   Receiving objects:  74% (983/1328)   Receiving objects:  75% (996/1328)   Receiving objects:  76% (1010/1328)   Receiving objects:  77% (1023/1328)   Receiving objects:  78% (1036/1328)   Receiving objects:  79% (1050/1328)   Receiving objects:  80% (1063/1328)   Receiving objects:  81% (1076/1328)   Receiving objects:  82% (1089/1328)   Receiving objects:  83% (1103/1328)   Receiving objects:  84% (1116/1328)   Receiving objects:  85% (1129/1328)   Receiving objects:  86% (1143/1328)   Receiving objects:  87% (1156/1328)   Receiving objects:  88% (1169/1328)   Receiving objects:  89% (1182/1328)   Receiving objects:  90% (1196/1328)   Receiving objects:  91% (1209/1328)   Receiving objects:  92% (1222/1328)   Receiving objects:  93% (1236/1328)   Receiving objects:  94% (1249/1328)   Receiving objects:  95% (1262/1328)   Receiving objects:  96% (1275/1328)   Receiving objects:  97% (1289/1328)   Receiving objects:  98% (1302/1328)   Receiving objects:  99% (1315/1328)   Receiving objects: 100% (1328/1328)   Receiving objects: 100% (1328/1328), 354.90 KiB, done.
Resolving deltas:   0% (0/489)   Resolving deltas:   1% (7/489)   Resolving deltas:   4% (20/489)   Resolving deltas:  10% (53/489)   Resolving deltas:  11% (54/489)   Resolving deltas:  16% (80/489)   Resolving deltas:  19% (96/489)   Resolving deltas:  20% (98/489)   Resolving deltas:  21% (103/489)   Resolving deltas:  22% (109/489)   Resolving deltas:  23% (113/489)   Resolving deltas:  26% (128/489)   Resolving deltas:  28% (140/489)   Resolving deltas:  31% (152/489)   Resolving deltas:  32% (159/489)   Resolving deltas:  33% (162/489)   Resolving deltas:  34% (167/489)   Resolving deltas:  35% (173/489)   Resolving deltas:  42% (208/489)   Resolving deltas:  43% (213/489)   Resolving deltas:  46% (228/489)   Resolving deltas:  47% (230/489)   Resolving deltas:  51% (252/489)   Resolving deltas:  52% (259/489)   Resolving deltas:  53% (263/489)   Resolving deltas:  54% (265/489)   Resolving deltas:  55% (269/489)   Resolving deltas:  58% (288/489)   Resolving deltas:  62% (307/489)   Resolving deltas:  63% (311/489)   Resolving deltas:  64% (317/489)   Resolving deltas:  65% (320/489)   Resolving deltas:  66% (323/489)   Resolving deltas:  67% (328/489)   Resolving deltas:  69% (340/489)   Resolving deltas:  71% (348/489)   Resolving deltas:  72% (353/489)   Resolving deltas:  73% (360/489)   Resolving deltas:  74% (362/489)   Resolving deltas:  75% (369/489)   Resolving deltas:  76% (372/489)   Resolving deltas:  77% (378/489)   Resolving deltas:  78% (382/489)   Resolving deltas:  82% (404/489)   Resolving deltas:  83% (407/489)   Resolving deltas:  84% (411/489)   Resolving deltas:  85% (417/489)   Resolving deltas:  86% (421/489)   Resolving deltas:  87% (426/489)   Resolving deltas:  88% (434/489)   Resolving deltas:  89% (436/489)   Resolving deltas:  90% (441/489)   Resolving deltas:  91% (446/489)   Resolving deltas:  93% (455/489)   Resolving deltas:  94% (460/489)   Resolving deltas:  95% (465/489)   Resolving deltas:  96% (473/489)   Resolving deltas:  97% (475/489)   Resolving deltas: 100% (489/489)   Resolving deltas: 100% (489/489), done.
travis_fold:end:git.1$ cd square/dagger
travis_fold:start:git.2$ git fetch origin +refs/pull/196/merge: 
remote: Counting objects: 53, done.[K
remote: Compressing objects:   7% (1/13)   [Kremote: Compressing objects:  15% (2/13)   [Kremote: Compressing objects:  23% (3/13)   [Kremote: Compressing objects:  30% (4/13)   [Kremote: Compressing objects:  38% (5/13)   [Kremote: Compressing objects:  46% (6/13)   [Kremote: Compressing objects:  53% (7/13)   [Kremote: Compressing objects:  61% (8/13)   [Kremote: Compressing objects:  69% (9/13)   [Kremote: Compressing objects:  76% (10/13)   [Kremote: Compressing objects:  84% (11/13)   [Kremote: Compressing objects:  92% (12/13)   [Kremote: Compressing objects: 100% (13/13)   [Kremote: Compressing objects: 100% (13/13), done.[K
remote: Total 33 (delta 9), reused 33 (delta 9)[K
Unpacking objects:   3% (1/33)   Unpacking objects:   6% (2/33)   Unpacking objects:   9% (3/33)   Unpacking objects:  12% (4/33)   Unpacking objects:  15% (5/33)   Unpacking objects:  18% (6/33)   Unpacking objects:  21% (7/33)   Unpacking objects:  24% (8/33)   Unpacking objects:  27% (9/33)   Unpacking objects:  30% (10/33)   Unpacking objects:  33% (11/33)   Unpacking objects:  36% (12/33)   Unpacking objects:  39% (13/33)   Unpacking objects:  42% (14/33)   Unpacking objects:  45% (15/33)   Unpacking objects:  48% (16/33)   Unpacking objects:  51% (17/33)   Unpacking objects:  54% (18/33)   Unpacking objects:  57% (19/33)   Unpacking objects:  60% (20/33)   Unpacking objects:  63% (21/33)   Unpacking objects:  66% (22/33)   Unpacking objects:  69% (23/33)   Unpacking objects:  72% (24/33)   Unpacking objects:  75% (25/33)   Unpacking objects:  78% (26/33)   Unpacking objects:  81% (27/33)   Unpacking objects:  84% (28/33)   Unpacking objects:  87% (29/33)   Unpacking objects:  90% (30/33)   Unpacking objects:  93% (31/33)   Unpacking objects:  96% (32/33)   Unpacking objects: 100% (33/33)   Unpacking objects: 100% (33/33), done.
From git://github.com/square/dagger
 * branch            refs/pull/196/merge -> FETCH_HEAD
travis_fold:end:git.2travis_fold:start:git.3$ git checkout -qf FETCH_HEAD
travis_fold:end:git.3$ java -version
java version "1.7.0_15"
OpenJDK Runtime Environment (IcedTea7 2.3.7) (7u15-2.3.7-0ubuntu1~12.04.1)
OpenJDK 64-Bit Server VM (build 23.7-b01, mixed mode)
$ javac -version
javac 1.7.0_15
travis_fold:start:install$ mvn install clean --fail-never --quiet -DskipTests=true -Dinvoker.skip=true
[ERROR] COMPILATION ERROR : 
[ERROR] bootstrap class path not set in conjunction with -source 1.6
/home/travis/build/square/dagger/examples/simple/src/main/java/coffee/PumpModule.java:[7] error: Modules may not extend from other classes: coffee.PumpModule
[ERROR] /home/travis/build/square/dagger/examples/simple/src/main/java/coffee/DripCoffeeModule.java:[11] error: Modules may not extend from other classes: coffee.DripCoffeeModule
[ERROR] Failed to execute goal org.apache.maven.plugins:maven-compiler-plugin:3.0:compile (default-compile) on project simple-dagger-example: Compilation failure: Compilation failure:
[ERROR] bootstrap class path not set in conjunction with -source 1.6
[ERROR] /home/travis/build/square/dagger/examples/simple/src/main/java/coffee/PumpModule.java:[7] error: Modules may not extend from other classes: coffee.PumpModule
[ERROR] /home/travis/build/square/dagger/examples/simple/src/main/java/coffee/DripCoffeeModule.java:[11] error: Modules may not extend from other classes: coffee.DripCoffeeModule
[ERROR] -> [Help 1]
[ERROR] 
[ERROR] To see the full stack trace of the errors, re-run Maven with the -e switch.
[ERROR] Re-run Maven using the -X switch to enable full debug logging.
[ERROR] 
[ERROR] For more information about the errors and possible solutions, please read the following articles:
[ERROR] [Help 1] http://cwiki.apache.org/confluence/display/MAVEN/MojoFailureException
[ERROR] 
[ERROR] After correcting the problems, you can resume the build with the command
[ERROR]   mvn <goals> -rf :simple-dagger-example
travis_fold:end:install$ mvn verify
[INFO] Scanning for projects...
[INFO] ------------------------------------------------------------------------
[INFO] Reactor Build Order:
[INFO] 
[INFO] Dagger (Parent)
[INFO] Dagger
[INFO] Dagger Compiler
[INFO] Dagger AndroidManifest.xml Module Generator
[INFO] Dagger Example (Parent)
[INFO] Dagger Example - Simple
[INFO]                                                                         
[INFO] ------------------------------------------------------------------------
[INFO] Building Dagger (Parent) 1.0-SNAPSHOT
[INFO] ------------------------------------------------------------------------
[INFO] 
[INFO] --- maven-enforcer-plugin:1.0:enforce (enforce-maven) @ dagger-parent ---
[INFO] 
[INFO] --- maven-checkstyle-plugin:2.10:checkstyle (default) @ dagger-parent ---
[INFO]                                                                         
[INFO] ------------------------------------------------------------------------
[INFO] Building Dagger 1.0-SNAPSHOT
[INFO] ------------------------------------------------------------------------
[INFO] 
[INFO] --- maven-enforcer-plugin:1.0:enforce (enforce-maven) @ dagger ---
[INFO] 
[INFO] --- maven-resources-plugin:2.3:resources (default-resources) @ dagger ---
[INFO] Using 'UTF-8' encoding to copy filtered resources.
[INFO] skip non existing resourceDirectory /home/travis/build/square/dagger/core/src/main/resources
[INFO] 
[INFO] --- maven-compiler-plugin:3.0:compile (default-compile) @ dagger ---
[INFO] Changes detected - recompiling the module!
[INFO] Compiling 24 source files to /home/travis/build/square/dagger/core/target/classes
[WARNING] bootstrap class path not set in conjunction with -source 1.6
[WARNING] /home/travis/build/square/dagger/core/src/main/java/dagger/internal/UniqueMap.java:[24,8] serializable class dagger.internal.UniqueMap has no definition of serialVersionUID
[WARNING] /home/travis/build/square/dagger/core/src/main/java/dagger/internal/plugins/reflect/ReflectiveModuleAdapter.java:[122,24] found raw type: dagger.internal.Binding
  missing type arguments for generic class dagger.internal.Binding<T>
[INFO] 
[INFO] --- maven-resources-plugin:2.3:testResources (default-testResources) @ dagger ---
[INFO] Using 'UTF-8' encoding to copy filtered resources.
[INFO] skip non existing resourceDirectory /home/travis/build/square/dagger/core/src/test/resources
[INFO] 
[INFO] --- maven-compiler-plugin:3.0:testCompile (default-testCompile) @ dagger ---
[INFO] Changes detected - recompiling the module!
[INFO] Compiling 13 source files to /home/travis/build/square/dagger/core/target/test-classes
[WARNING] bootstrap class path not set in conjunction with -source 1.6
[INFO] 
[INFO] --- maven-surefire-plugin:2.10:test (default-test) @ dagger ---
[INFO] Surefire report directory: /home/travis/build/square/dagger/core/target/surefire-reports
Downloading: http://maven.mirrors.travis-ci.org/nexus/content/repositories/central/org/apache/maven/surefire/surefire-junit4/2.10/surefire-junit4-2.10.pom
3/3 KB            Downloaded: http://maven.mirrors.travis-ci.org/nexus/content/repositories/central/org/apache/maven/surefire/surefire-junit4/2.10/surefire-junit4-2.10.pom (3 KB at 4.1 KB/sec)
Downloading: http://maven.mirrors.travis-ci.org/nexus/content/repositories/central/org/apache/maven/surefire/surefire-providers/2.10/surefire-providers-2.10.pom
3/3 KB            Downloaded: http://maven.mirrors.travis-ci.org/nexus/content/repositories/central/org/apache/maven/surefire/surefire-providers/2.10/surefire-providers-2.10.pom (3 KB at 7.0 KB/sec)
Downloading: http://maven.mirrors.travis-ci.org/nexus/content/repositories/central/org/apache/maven/surefire/surefire-junit4/2.10/surefire-junit4-2.10.jar
4/33 KB   8/33 KB   9/33 KB   13/33 KB   17/33 KB   21/33 KB   25/33 KB   27/33 KB   31/33 KB   33/33 KB              Downloaded: http://maven.mirrors.travis-ci.org/nexus/content/repositories/central/org/apache/maven/surefire/surefire-junit4/2.10/surefire-junit4-2.10.jar (33 KB at 61.5 KB/sec)

-------------------------------------------------------
 T E S T S
-------------------------------------------------------
Running dagger.ExtensionWithStateTest
Tests run: 1, Failures: 0, Errors: 0, Skipped: 0, Time elapsed: 0.132 sec
Running dagger.SetBindingTest
Tests run: 7, Failures: 0, Errors: 0, Skipped: 0, Time elapsed: 0.078 sec
Running dagger.MembersInjectorTest
Tests run: 8, Failures: 0, Errors: 0, Skipped: 0, Time elapsed: 0.047 sec
Running dagger.ProblemDetectorTest
Tests run: 3, Failures: 0, Errors: 0, Skipped: 0, Time elapsed: 0.011 sec
Running dagger.InjectionOfLazyTest
Tests run: 4, Failures: 0, Errors: 0, Skipped: 0, Time elapsed: 0.016 sec
Running dagger.ThreadSafetyTest
Tests run: 2, Failures: 0, Errors: 0, Skipped: 0, Time elapsed: 0.062 sec
Running dagger.InjectStaticsTest
Tests run: 3, Failures: 0, Errors: 0, Skipped: 0, Time elapsed: 0.015 sec
Running dagger.LazyInjectionTest
Tests run: 5, Failures: 0, Errors: 0, Skipped: 0, Time elapsed: 0.015 sec
Running dagger.InjectionTest
Tests run: 34, Failures: 0, Errors: 0, Skipped: 0, Time elapsed: 0.147 sec
Running dagger.ExtensionTest
Tests run: 3, Failures: 0, Errors: 0, Skipped: 0, Time elapsed: 0.016 sec
Running dagger.ModuleIncludesTest
Tests run: 10, Failures: 0, Errors: 0, Skipped: 0, Time elapsed: 0.034 sec
Running dagger.internal.KeysTest
Tests run: 18, Failures: 0, Errors: 0, Skipped: 0, Time elapsed: 0.025 sec
Running dagger.internal.SingletonBindingTest
Tests run: 7, Failures: 0, Errors: 0, Skipped: 0, Time elapsed: 0.005 sec

Results :

Tests run: 105, Failures: 0, Errors: 0, Skipped: 0

[INFO] 
[INFO] --- maven-jar-plugin:2.2:jar (default-jar) @ dagger ---
[INFO] Building jar: /home/travis/build/square/dagger/core/target/dagger-1.0-SNAPSHOT.jar
[INFO] 
[INFO] --- maven-checkstyle-plugin:2.10:checkstyle (default) @ dagger ---
[INFO] Starting audit...
Audit done.

[WARNING] Unable to locate Source XRef to link to - DISABLED
[INFO]                                                                         
[INFO] ------------------------------------------------------------------------
[INFO] Building Dagger Compiler 1.0-SNAPSHOT
[INFO] ------------------------------------------------------------------------
[INFO] 
[INFO] --- maven-enforcer-plugin:1.0:enforce (enforce-maven) @ dagger-compiler ---
[INFO] 
[INFO] --- maven-resources-plugin:2.3:resources (default-resources) @ dagger-compiler ---
[INFO] Using 'UTF-8' encoding to copy filtered resources.
[INFO] Copying 1 resource
[INFO] 
[INFO] --- maven-compiler-plugin:3.0:compile (default-compile) @ dagger-compiler ---
[INFO] Changes detected - recompiling the module!
[INFO] Compiling 11 source files to /home/travis/build/square/dagger/compiler/target/classes
[WARNING] bootstrap class path not set in conjunction with -source 1.6
[INFO] 
[INFO] --- maven-resources-plugin:2.3:testResources (default-testResources) @ dagger-compiler ---
[INFO] Using 'UTF-8' encoding to copy filtered resources.
[INFO] skip non existing resourceDirectory /home/travis/build/square/dagger/compiler/src/test/resources
[INFO] 
[INFO] --- maven-compiler-plugin:3.0:testCompile (default-testCompile) @ dagger-compiler ---
[INFO] Changes detected - recompiling the module!
[INFO] Compiling 3 source files to /home/travis/build/square/dagger/compiler/target/test-classes
[WARNING] bootstrap class path not set in conjunction with -source 1.6
[INFO] 
[INFO] --- maven-surefire-plugin:2.10:test (default-test) @ dagger-compiler ---
[INFO] Surefire report directory: /home/travis/build/square/dagger/compiler/target/surefire-reports

-------------------------------------------------------
 T E S T S
-------------------------------------------------------
Running dagger.internal.codegen.GraphVisualizerTest
Tests run: 7, Failures: 0, Errors: 0, Skipped: 0, Time elapsed: 0.125 sec
Running dagger.internal.codegen.DotWriterTest
Tests run: 4, Failures: 0, Errors: 0, Skipped: 0, Time elapsed: 0.013 sec

Results :

Tests run: 11, Failures: 0, Errors: 0, Skipped: 0

[INFO] 
[INFO] --- maven-jar-plugin:2.2:jar (default-jar) @ dagger-compiler ---
[INFO] Building jar: /home/travis/build/square/dagger/compiler/target/dagger-compiler-1.0-SNAPSHOT.jar
[INFO] 
[INFO] --- maven-invoker-plugin:1.7:install (integration-test) @ dagger-compiler ---
[INFO] Installing /home/travis/build/square/dagger/core/pom.xml to /home/travis/build/square/dagger/compiler/target/local-repo/com/squareup/dagger/dagger/1.0-SNAPSHOT/dagger-1.0-SNAPSHOT.pom
[INFO] Installing /home/travis/build/square/dagger/core/target/dagger-1.0-SNAPSHOT.jar to /home/travis/build/square/dagger/compiler/target/local-repo/com/squareup/dagger/dagger/1.0-SNAPSHOT/dagger-1.0-SNAPSHOT.jar
[INFO] Installing /home/travis/build/square/dagger/pom.xml to /home/travis/build/square/dagger/compiler/target/local-repo/com/squareup/dagger/dagger-parent/1.0-SNAPSHOT/dagger-parent-1.0-SNAPSHOT.pom
[INFO] Installing /home/travis/build/square/dagger/compiler/pom.xml to /home/travis/build/square/dagger/compiler/target/local-repo/com/squareup/dagger/dagger-compiler/1.0-SNAPSHOT/dagger-compiler-1.0-SNAPSHOT.pom
[INFO] Installing /home/travis/build/square/dagger/compiler/target/dagger-compiler-1.0-SNAPSHOT.jar to /home/travis/build/square/dagger/compiler/target/local-repo/com/squareup/dagger/dagger-compiler/1.0-SNAPSHOT/dagger-compiler-1.0-SNAPSHOT.jar
[INFO] 
[INFO] --- maven-invoker-plugin:1.7:run (integration-test) @ dagger-compiler ---
[INFO] Building: uninjectable-supertype/pom.xml
[INFO] ..FAILED (57.4 s)
[INFO]   The build exited with code 1. See /home/travis/build/square/dagger/compiler/target/it/uninjectable-supertype/build.log for details.
[INFO] Building: private-inject/pom.xml
[INFO] run script verify.bsh
[INFO] ..SUCCESS (8.0 s)
[INFO] Building: include-non-module/pom.xml
[INFO] ..SUCCESS (7.7 s)
[INFO] Building: provides-method-with-throws-clause/pom.xml
[INFO] run script verify.bsh
[INFO] ..SUCCESS (7.6 s)
[INFO] Building: inject-parameterized-type/pom.xml
[INFO] ..FAILED (7.2 s)
[INFO]   The build exited with code 1. See /home/travis/build/square/dagger/compiler/target/it/inject-parameterized-type/build.log for details.
[INFO] Building: module-inheritance/pom.xml
[INFO] ..FAILED (28.1 s)
[INFO]   The build exited with code 0. See /home/travis/build/square/dagger/compiler/target/it/module-inheritance/build.log for details.
[INFO] Building: method-injection/pom.xml
[INFO] run script verify.bsh
[INFO] ..SUCCESS (8.0 s)
[INFO] Building: cyclic-deps/pom.xml
[INFO] run script verify.bsh
[INFO] ..SUCCESS (7.3 s)
[INFO] Building: simple-missing-dependency-failure/pom.xml
[INFO] run script verify.bsh
[INFO] ..SUCCESS (7.5 s)
[INFO] Building: extension-graph/pom.xml
[INFO] ..FAILED (8.3 s)
[INFO]   The build exited with code 1. See /home/travis/build/square/dagger/compiler/target/it/extension-graph/build.log for details.
[INFO] Building: missing-at-inject-constructor/pom.xml
[INFO] run script verify.bsh
[INFO] ..SUCCESS (8.0 s)
[INFO] Building: same-provides-method-name/pom.xml
[INFO] ..FAILED (8.1 s)
[INFO]   The build exited with code 1. See /home/travis/build/square/dagger/compiler/target/it/same-provides-method-name/build.log for details.
[INFO] Building: inner-classes-complaint-injection/pom.xml
[INFO] run script verify.bsh
[INFO] ..SUCCESS (7.5 s)
[INFO] Building: default-package-injected-type/pom.xml
[INFO] ..FAILED (7.4 s)
[INFO]   The build exited with code 1. See /home/travis/build/square/dagger/compiler/target/it/default-package-injected-type/build.log for details.
[INFO] Building: multiple-provides-methods/pom.xml
[INFO] ..FAILED (7.5 s)
[INFO]   The build exited with code 1. See /home/travis/build/square/dagger/compiler/target/it/multiple-provides-methods/build.log for details.
[INFO] -------------------------------------------------
[INFO] Build Summary:
[INFO]   Passed: 8, Failed: 7, Errors: 0, Skipped: 0
[INFO] -------------------------------------------------
[ERROR] The following builds failed:
[ERROR] *  uninjectable-supertype/pom.xml
[ERROR] *  inject-parameterized-type/pom.xml
[ERROR] *  module-inheritance/pom.xml
[ERROR] *  extension-graph/pom.xml
[ERROR] *  same-provides-method-name/pom.xml
[ERROR] *  default-package-injected-type/pom.xml
[ERROR] *  multiple-provides-methods/pom.xml
[INFO] -------------------------------------------------
[INFO] ------------------------------------------------------------------------
[INFO] Reactor Summary:
[INFO] 
[INFO] Dagger (Parent) ................................... SUCCESS [2.397s]
[INFO] Dagger ............................................ SUCCESS [8.960s]
[INFO] Dagger Compiler ................................... FAILURE [3:07.896s]
[INFO] Dagger AndroidManifest.xml Module Generator ....... SKIPPED
[INFO] Dagger Example (Parent) ........................... SKIPPED
[INFO] Dagger Example - Simple ........................... SKIPPED
[INFO] ------------------------------------------------------------------------
[INFO] BUILD FAILURE
[INFO] ------------------------------------------------------------------------
[INFO] Total time: 3:19.767s
[INFO] Finished at: Wed Mar 27 05:15:19 UTC 2013
[INFO] Final Memory: 25M/186M
[INFO] ------------------------------------------------------------------------
[ERROR] Failed to execute goal org.apache.maven.plugins:maven-invoker-plugin:1.7:run (integration-test) on project dagger-compiler: 7 builds failed. See console output above for details. -> [Help 1]
[ERROR] 
[ERROR] To see the full stack trace of the errors, re-run Maven with the -e switch.
[ERROR] Re-run Maven using the -X switch to enable full debug logging.
[ERROR] 
[ERROR] For more information about the errors and possible solutions, please read the following articles:
[ERROR] [Help 1] http://cwiki.apache.org/confluence/display/MAVEN/MojoFailureException
[ERROR] 
[ERROR] After correcting the problems, you can resume the build with the command
[ERROR]   mvn <goals> -rf :dagger-compiler

The command "mvn verify" exited with 1.

Done. Your build exited with 1.
