Using worker: bluebox-linux-5.worker.travis-ci.org:travis-linux-14

travis_fold:start:git.1$ git clone --depth=50 --branch=jw/composition git://github.com/square/dagger.git square/dagger
Cloning into 'square/dagger'...
remote: Counting objects: 1352, done.[K
remote: Compressing objects:   0% (1/657)   [Kremote: Compressing objects:   1% (7/657)   [Kremote: Compressing objects:   2% (14/657)   [Kremote: Compressing objects:   3% (20/657)   [Kremote: Compressing objects:   4% (27/657)   [Kremote: Compressing objects:   5% (33/657)   [Kremote: Compressing objects:   6% (40/657)   [Kremote: Compressing objects:   7% (46/657)   [Kremote: Compressing objects:   8% (53/657)   [Kremote: Compressing objects:   9% (60/657)   [Kremote: Compressing objects:  10% (66/657)   [Kremote: Compressing objects:  11% (73/657)   [Kremote: Compressing objects:  12% (79/657)   [Kremote: Compressing objects:  13% (86/657)   [Kremote: Compressing objects:  14% (92/657)   [Kremote: Compressing objects:  15% (99/657)   [Kremote: Compressing objects:  16% (106/657)   [Kremote: Compressing objects:  17% (112/657)   [Kremote: Compressing objects:  18% (119/657)   [Kremote: Compressing objects:  19% (125/657)   [Kremote: Compressing objects:  20% (132/657)   [Kremote: Compressing objects:  21% (138/657)   [Kremote: Compressing objects:  22% (145/657)   [Kremote: Compressing objects:  23% (152/657)   [Kremote: Compressing objects:  24% (158/657)   [Kremote: Compressing objects:  25% (165/657)   [Kremote: Compressing objects:  26% (171/657)   [Kremote: Compressing objects:  27% (178/657)   [Kremote: Compressing objects:  28% (184/657)   [Kremote: Compressing objects:  29% (191/657)   [Kremote: Compressing objects:  30% (198/657)   [Kremote: Compressing objects:  31% (204/657)   [Kremote: Compressing objects:  32% (211/657)   [Kremote: Compressing objects:  33% (217/657)   [Kremote: Compressing objects:  34% (224/657)   [Kremote: Compressing objects:  35% (230/657)   [Kremote: Compressing objects:  36% (237/657)   [Kremote: Compressing objects:  37% (244/657)   [Kremote: Compressing objects:  38% (250/657)   [Kremote: Compressing objects:  39% (257/657)   [Kremote: Compressing objects:  40% (263/657)   [Kremote: Compressing objects:  41% (270/657)   [Kremote: Compressing objects:  42% (276/657)   [Kremote: Compressing objects:  43% (283/657)   [Kremote: Compressing objects:  44% (290/657)   [Kremote: Compressing objects:  45% (296/657)   [Kremote: Compressing objects:  46% (303/657)   [Kremote: Compressing objects:  47% (309/657)   [Kremote: Compressing objects:  48% (316/657)   [Kremote: Compressing objects:  49% (322/657)   [Kremote: Compressing objects:  50% (329/657)   [Kremote: Compressing objects:  51% (336/657)   [Kremote: Compressing objects:  52% (342/657)   [Kremote: Compressing objects:  53% (349/657)   [Kremote: Compressing objects:  54% (355/657)   [Kremote: Compressing objects:  55% (362/657)   [Kremote: Compressing objects:  56% (368/657)   [Kremote: Compressing objects:  57% (375/657)   [Kremote: Compressing objects:  58% (382/657)   [Kremote: Compressing objects:  59% (388/657)   [Kremote: Compressing objects:  60% (395/657)   [Kremote: Compressing objects:  61% (401/657)   [Kremote: Compressing objects:  62% (408/657)   [Kremote: Compressing objects:  63% (414/657)   [Kremote: Compressing objects:  64% (421/657)   [Kremote: Compressing objects:  65% (428/657)   [Kremote: Compressing objects:  66% (434/657)   [Kremote: Compressing objects:  67% (441/657)   [Kremote: Compressing objects:  68% (447/657)   [Kremote: Compressing objects:  69% (454/657)   [Kremote: Compressing objects:  70% (460/657)   [Kremote: Compressing objects:  71% (467/657)   [Kremote: Compressing objects:  72% (474/657)   [Kremote: Compressing objects:  73% (480/657)   [Kremote: Compressing objects:  74% (487/657)   [Kremote: Compressing objects:  75% (493/657)   [Kremote: Compressing objects:  76% (500/657)   [Kremote: Compressing objects:  77% (506/657)   [Kremote: Compressing objects:  78% (513/657)   [Kremote: Compressing objects:  79% (520/657)   [Kremote: Compressing objects:  80% (526/657)   [Kremote: Compressing objects:  81% (533/657)   [Kremote: Compressing objects:  82% (539/657)   [Kremote: Compressing objects:  83% (546/657)   [Kremote: Compressing objects:  84% (552/657)   [Kremote: Compressing objects:  85% (559/657)   [Kremote: Compressing objects:  86% (566/657)   [Kremote: Compressing objects:  87% (572/657)   [Kremote: Compressing objects:  88% (579/657)   [Kremote: Compressing objects:  89% (585/657)   [Kremote: Compressing objects:  90% (592/657)   [Kremote: Compressing objects:  91% (598/657)   [Kremote: Compressing objects:  92% (605/657)   [Kremote: Compressing objects:  93% (612/657)   [Kremote: Compressing objects:  94% (618/657)   [Kremote: Compressing objects:  95% (625/657)   [Kremote: Compressing objects:  96% (631/657)   [Kremote: Compressing objects:  97% (638/657)   [Kremote: Compressing objects:  98% (644/657)   [Kremote: Compressing objects:  99% (651/657)   [Kremote: Compressing objects: 100% (657/657)   [Kremote: Compressing objects: 100% (657/657), done.[K
Receiving objects:   0% (1/1352)   Receiving objects:   1% (14/1352)   Receiving objects:   2% (28/1352)   Receiving objects:   3% (41/1352)   Receiving objects:   4% (55/1352)   Receiving objects:   5% (68/1352)   Receiving objects:   6% (82/1352)   Receiving objects:   7% (95/1352)   Receiving objects:   8% (109/1352)   Receiving objects:   9% (122/1352)   Receiving objects:  10% (136/1352)   Receiving objects:  11% (149/1352)   Receiving objects:  12% (163/1352)   Receiving objects:  13% (176/1352)   Receiving objects:  14% (190/1352)   Receiving objects:  15% (203/1352)   Receiving objects:  16% (217/1352)   Receiving objects:  17% (230/1352)   Receiving objects:  18% (244/1352)   Receiving objects:  19% (257/1352)   Receiving objects:  20% (271/1352)   Receiving objects:  21% (284/1352)   Receiving objects:  22% (298/1352)   Receiving objects:  23% (311/1352)   Receiving objects:  24% (325/1352)   Receiving objects:  25% (338/1352)   Receiving objects:  26% (352/1352)   Receiving objects:  27% (366/1352)   Receiving objects:  28% (379/1352)   Receiving objects:  29% (393/1352)   Receiving objects:  30% (406/1352)   Receiving objects:  31% (420/1352)   Receiving objects:  32% (433/1352)   Receiving objects:  33% (447/1352)   Receiving objects:  34% (460/1352)   Receiving objects:  35% (474/1352)   Receiving objects:  36% (487/1352)   Receiving objects:  37% (501/1352)   Receiving objects:  38% (514/1352)   Receiving objects:  39% (528/1352)   Receiving objects:  40% (541/1352)   Receiving objects:  41% (555/1352)   Receiving objects:  42% (568/1352)   Receiving objects:  43% (582/1352)   Receiving objects:  44% (595/1352)   Receiving objects:  45% (609/1352)   Receiving objects:  46% (622/1352)   Receiving objects:  47% (636/1352)   Receiving objects:  48% (649/1352)   Receiving objects:  49% (663/1352)   Receiving objects:  50% (676/1352)   Receiving objects:  51% (690/1352)   Receiving objects:  52% (704/1352)   Receiving objects:  53% (717/1352)   Receiving objects:  54% (731/1352)   Receiving objects:  55% (744/1352)   Receiving objects:  56% (758/1352)   Receiving objects:  57% (771/1352)   Receiving objects:  58% (785/1352)   Receiving objects:  59% (798/1352)   Receiving objects:  60% (812/1352)   Receiving objects:  61% (825/1352)   Receiving objects:  62% (839/1352)   Receiving objects:  63% (852/1352)   Receiving objects:  64% (866/1352)   Receiving objects:  65% (879/1352)   Receiving objects:  66% (893/1352)   Receiving objects:  67% (906/1352)   Receiving objects:  68% (920/1352)   Receiving objects:  69% (933/1352)   Receiving objects:  70% (947/1352)   Receiving objects:  71% (960/1352)   Receiving objects:  72% (974/1352)   Receiving objects:  73% (987/1352)   Receiving objects:  74% (1001/1352)   Receiving objects:  75% (1014/1352)   Receiving objects:  76% (1028/1352)   Receiving objects:  77% (1042/1352)   Receiving objects:  78% (1055/1352)   Receiving objects:  79% (1069/1352)   remote: Total 1352 (delta 499), reused 1176 (delta 373)[K
Receiving objects:  80% (1082/1352)   Receiving objects:  81% (1096/1352)   Receiving objects:  82% (1109/1352)   Receiving objects:  83% (1123/1352)   Receiving objects:  84% (1136/1352)   Receiving objects:  85% (1150/1352)   Receiving objects:  86% (1163/1352)   Receiving objects:  87% (1177/1352)   Receiving objects:  88% (1190/1352)   Receiving objects:  89% (1204/1352)   Receiving objects:  90% (1217/1352)   Receiving objects:  91% (1231/1352)   Receiving objects:  92% (1244/1352)   Receiving objects:  93% (1258/1352)   Receiving objects:  94% (1271/1352)   Receiving objects:  95% (1285/1352)   Receiving objects:  96% (1298/1352)   Receiving objects:  97% (1312/1352)   Receiving objects:  98% (1325/1352)   Receiving objects:  99% (1339/1352)   Receiving objects: 100% (1352/1352)   Receiving objects: 100% (1352/1352), 357.00 KiB, done.
Resolving deltas:   0% (0/499)   Resolving deltas:   1% (6/499)   Resolving deltas:   3% (16/499)   Resolving deltas:   8% (40/499)   Resolving deltas:  12% (64/499)   Resolving deltas:  15% (79/499)   Resolving deltas:  17% (85/499)   Resolving deltas:  18% (91/499)   Resolving deltas:  23% (116/499)   Resolving deltas:  25% (127/499)   Resolving deltas:  27% (138/499)   Resolving deltas:  30% (152/499)   Resolving deltas:  31% (159/499)   Resolving deltas:  32% (162/499)   Resolving deltas:  33% (166/499)   Resolving deltas:  34% (173/499)   Resolving deltas:  35% (179/499)   Resolving deltas:  36% (180/499)   Resolving deltas:  37% (185/499)   Resolving deltas:  44% (224/499)   Resolving deltas:  46% (230/499)   Resolving deltas:  49% (246/499)   Resolving deltas:  53% (266/499)   Resolving deltas:  54% (273/499)   Resolving deltas:  55% (276/499)   Resolving deltas:  58% (294/499)   Resolving deltas:  60% (304/499)   Resolving deltas:  62% (312/499)   Resolving deltas:  64% (320/499)   Resolving deltas:  65% (327/499)   Resolving deltas:  66% (333/499)   Resolving deltas:  67% (335/499)   Resolving deltas:  68% (341/499)   Resolving deltas:  69% (349/499)   Resolving deltas:  70% (354/499)   Resolving deltas:  71% (359/499)   Resolving deltas:  72% (360/499)   Resolving deltas:  73% (369/499)   Resolving deltas:  75% (375/499)   Resolving deltas:  76% (382/499)   Resolving deltas:  77% (386/499)   Resolving deltas:  78% (390/499)   Resolving deltas:  79% (399/499)   Resolving deltas:  83% (416/499)   Resolving deltas:  84% (420/499)   Resolving deltas:  85% (425/499)   Resolving deltas:  86% (434/499)   Resolving deltas:  87% (439/499)   Resolving deltas:  88% (440/499)   Resolving deltas:  89% (445/499)   Resolving deltas:  90% (450/499)   Resolving deltas:  91% (458/499)   Resolving deltas:  93% (466/499)   Resolving deltas:  94% (470/499)   Resolving deltas:  95% (475/499)   Resolving deltas:  96% (482/499)   Resolving deltas:  97% (485/499)   Resolving deltas: 100% (499/499)   Resolving deltas: 100% (499/499), done.
travis_fold:end:git.1$ cd square/dagger
travis_fold:start:git.2$ git checkout -qf f6f6fac68336d73bd02f1debd40c9eb4969ee96a
travis_fold:end:git.2$ java -version
java version "1.7.0_15"
OpenJDK Runtime Environment (IcedTea7 2.3.7) (7u15-2.3.7-0ubuntu1~12.04.1)
OpenJDK 64-Bit Server VM (build 23.7-b01, mixed mode)
$ javac -version
javac 1.7.0_15
travis_fold:start:install$ mvn install clean --fail-never --quiet -DskipTests=true -Dinvoker.skip=true
[ERROR] COMPILATION ERROR : 
[ERROR] bootstrap class path not set in conjunction with -source 1.6
/home/travis/build/square/dagger/examples/simple/src/main/java/coffee/PumpModule.java:[7] error: Modules may not extend from other classes: coffee.PumpModule
[ERROR] /home/travis/build/square/dagger/examples/simple/src/main/java/coffee/DripCoffeeModule.java:[11] error: Modules may not extend from other classes: coffee.DripCoffeeModule
[ERROR] Failed to execute goal org.apache.maven.plugins:maven-compiler-plugin:3.0:compile (default-compile) on project simple-dagger-example: Compilation failure: Compilation failure:
[ERROR] bootstrap class path not set in conjunction with -source 1.6
[ERROR] /home/travis/build/square/dagger/examples/simple/src/main/java/coffee/PumpModule.java:[7] error: Modules may not extend from other classes: coffee.PumpModule
[ERROR] /home/travis/build/square/dagger/examples/simple/src/main/java/coffee/DripCoffeeModule.java:[11] error: Modules may not extend from other classes: coffee.DripCoffeeModule
[ERROR] -> [Help 1]
[ERROR] 
[ERROR] To see the full stack trace of the errors, re-run Maven with the -e switch.
[ERROR] Re-run Maven using the -X switch to enable full debug logging.
[ERROR] 
[ERROR] For more information about the errors and possible solutions, please read the following articles:
[ERROR] [Help 1] http://cwiki.apache.org/confluence/display/MAVEN/MojoFailureException
[ERROR] 
[ERROR] After correcting the problems, you can resume the build with the command
[ERROR]   mvn <goals> -rf :simple-dagger-example
travis_fold:end:install$ mvn verify
[INFO] Scanning for projects...
[INFO] ------------------------------------------------------------------------
[INFO] Reactor Build Order:
[INFO] 
[INFO] Dagger (Parent)
[INFO] Dagger
[INFO] Dagger Compiler
[INFO] Dagger AndroidManifest.xml Module Generator
[INFO] Dagger Example (Parent)
[INFO] Dagger Example - Simple
[INFO]                                                                         
[INFO] ------------------------------------------------------------------------
[INFO] Building Dagger (Parent) 1.0-SNAPSHOT
[INFO] ------------------------------------------------------------------------
[INFO] 
[INFO] --- maven-enforcer-plugin:1.0:enforce (enforce-maven) @ dagger-parent ---
[INFO] 
[INFO] --- maven-checkstyle-plugin:2.10:checkstyle (default) @ dagger-parent ---
[INFO]                                                                         
[INFO] ------------------------------------------------------------------------
[INFO] Building Dagger 1.0-SNAPSHOT
[INFO] ------------------------------------------------------------------------
[INFO] 
[INFO] --- maven-enforcer-plugin:1.0:enforce (enforce-maven) @ dagger ---
[INFO] 
[INFO] --- maven-resources-plugin:2.3:resources (default-resources) @ dagger ---
[INFO] Using 'UTF-8' encoding to copy filtered resources.
[INFO] skip non existing resourceDirectory /home/travis/build/square/dagger/core/src/main/resources
[INFO] 
[INFO] --- maven-compiler-plugin:3.0:compile (default-compile) @ dagger ---
[INFO] Changes detected - recompiling the module!
[INFO] Compiling 24 source files to /home/travis/build/square/dagger/core/target/classes
[WARNING] bootstrap class path not set in conjunction with -source 1.6
[WARNING] /home/travis/build/square/dagger/core/src/main/java/dagger/internal/UniqueMap.java:[24,8] serializable class dagger.internal.UniqueMap has no definition of serialVersionUID
[WARNING] /home/travis/build/square/dagger/core/src/main/java/dagger/internal/plugins/reflect/ReflectiveModuleAdapter.java:[122,24] found raw type: dagger.internal.Binding
  missing type arguments for generic class dagger.internal.Binding<T>
[INFO] 
[INFO] --- maven-resources-plugin:2.3:testResources (default-testResources) @ dagger ---
[INFO] Using 'UTF-8' encoding to copy filtered resources.
[INFO] skip non existing resourceDirectory /home/travis/build/square/dagger/core/src/test/resources
[INFO] 
[INFO] --- maven-compiler-plugin:3.0:testCompile (default-testCompile) @ dagger ---
[INFO] Changes detected - recompiling the module!
[INFO] Compiling 13 source files to /home/travis/build/square/dagger/core/target/test-classes
[WARNING] bootstrap class path not set in conjunction with -source 1.6
[INFO] 
[INFO] --- maven-surefire-plugin:2.10:test (default-test) @ dagger ---
[INFO] Surefire report directory: /home/travis/build/square/dagger/core/target/surefire-reports
Downloading: http://maven.mirrors.travis-ci.org/nexus/content/repositories/central/org/apache/maven/surefire/surefire-junit4/2.10/surefire-junit4-2.10.pom
3/3 KB            Downloaded: http://maven.mirrors.travis-ci.org/nexus/content/repositories/central/org/apache/maven/surefire/surefire-junit4/2.10/surefire-junit4-2.10.pom (3 KB at 4.0 KB/sec)
Downloading: http://maven.mirrors.travis-ci.org/nexus/content/repositories/central/org/apache/maven/surefire/surefire-providers/2.10/surefire-providers-2.10.pom
3/3 KB            Downloaded: http://maven.mirrors.travis-ci.org/nexus/content/repositories/central/org/apache/maven/surefire/surefire-providers/2.10/surefire-providers-2.10.pom (3 KB at 1.6 KB/sec)
Downloading: http://maven.mirrors.travis-ci.org/nexus/content/repositories/central/org/apache/maven/surefire/surefire-junit4/2.10/surefire-junit4-2.10.jar
4/33 KB   8/33 KB   9/33 KB   13/33 KB   17/33 KB   21/33 KB   23/33 KB   27/33 KB   31/33 KB   33/33 KB              Downloaded: http://maven.mirrors.travis-ci.org/nexus/content/repositories/central/org/apache/maven/surefire/surefire-junit4/2.10/surefire-junit4-2.10.jar (33 KB at 64.8 KB/sec)

-------------------------------------------------------
 T E S T S
-------------------------------------------------------
Running dagger.internal.KeysTest
Tests run: 18, Failures: 0, Errors: 0, Skipped: 0, Time elapsed: 0.151 sec
Running dagger.internal.SingletonBindingTest
Tests run: 7, Failures: 0, Errors: 0, Skipped: 0, Time elapsed: 0.015 sec
Running dagger.ExtensionTest
Tests run: 3, Failures: 0, Errors: 0, Skipped: 0, Time elapsed: 0.071 sec
Running dagger.ThreadSafetyTest
Tests run: 2, Failures: 0, Errors: 0, Skipped: 0, Time elapsed: 0.059 sec
Running dagger.InjectStaticsTest
Tests run: 3, Failures: 0, Errors: 0, Skipped: 0, Time elapsed: 0.01 sec
Running dagger.LazyInjectionTest
Tests run: 5, Failures: 0, Errors: 0, Skipped: 0, Time elapsed: 0.014 sec
Running dagger.InjectionOfLazyTest
Tests run: 4, Failures: 0, Errors: 0, Skipped: 0, Time elapsed: 0.015 sec
Running dagger.SetBindingTest
Tests run: 7, Failures: 0, Errors: 0, Skipped: 0, Time elapsed: 0.046 sec
Running dagger.ModuleIncludesTest
Tests run: 10, Failures: 0, Errors: 0, Skipped: 0, Time elapsed: 0.039 sec
Running dagger.MembersInjectorTest
Tests run: 8, Failures: 0, Errors: 0, Skipped: 0, Time elapsed: 0.032 sec
Running dagger.ProblemDetectorTest
Tests run: 3, Failures: 0, Errors: 0, Skipped: 0, Time elapsed: 0.012 sec
Running dagger.ExtensionWithStateTest
Tests run: 1, Failures: 0, Errors: 0, Skipped: 0, Time elapsed: 0.004 sec
Running dagger.InjectionTest
Tests run: 34, Failures: 0, Errors: 0, Skipped: 0, Time elapsed: 0.142 sec

Results :

Tests run: 105, Failures: 0, Errors: 0, Skipped: 0

[INFO] 
[INFO] --- maven-jar-plugin:2.2:jar (default-jar) @ dagger ---
[INFO] Building jar: /home/travis/build/square/dagger/core/target/dagger-1.0-SNAPSHOT.jar
[INFO] 
[INFO] --- maven-checkstyle-plugin:2.10:checkstyle (default) @ dagger ---
[INFO] Starting audit...
Audit done.

[WARNING] Unable to locate Source XRef to link to - DISABLED
[INFO]                                                                         
[INFO] ------------------------------------------------------------------------
[INFO] Building Dagger Compiler 1.0-SNAPSHOT
[INFO] ------------------------------------------------------------------------
[INFO] 
[INFO] --- maven-enforcer-plugin:1.0:enforce (enforce-maven) @ dagger-compiler ---
[INFO] 
[INFO] --- maven-resources-plugin:2.3:resources (default-resources) @ dagger-compiler ---
[INFO] Using 'UTF-8' encoding to copy filtered resources.
[INFO] Copying 1 resource
[INFO] 
[INFO] --- maven-compiler-plugin:3.0:compile (default-compile) @ dagger-compiler ---
[INFO] Changes detected - recompiling the module!
[INFO] Compiling 11 source files to /home/travis/build/square/dagger/compiler/target/classes
[WARNING] bootstrap class path not set in conjunction with -source 1.6
[INFO] 
[INFO] --- maven-resources-plugin:2.3:testResources (default-testResources) @ dagger-compiler ---
[INFO] Using 'UTF-8' encoding to copy filtered resources.
[INFO] skip non existing resourceDirectory /home/travis/build/square/dagger/compiler/src/test/resources
[INFO] 
[INFO] --- maven-compiler-plugin:3.0:testCompile (default-testCompile) @ dagger-compiler ---
[INFO] Changes detected - recompiling the module!
[INFO] Compiling 3 source files to /home/travis/build/square/dagger/compiler/target/test-classes
[WARNING] bootstrap class path not set in conjunction with -source 1.6
[INFO] 
[INFO] --- maven-surefire-plugin:2.10:test (default-test) @ dagger-compiler ---
[INFO] Surefire report directory: /home/travis/build/square/dagger/compiler/target/surefire-reports

-------------------------------------------------------
 T E S T S
-------------------------------------------------------
Running dagger.internal.codegen.DotWriterTest
Tests run: 4, Failures: 0, Errors: 0, Skipped: 0, Time elapsed: 0.092 sec
Running dagger.internal.codegen.GraphVisualizerTest
Tests run: 7, Failures: 0, Errors: 0, Skipped: 0, Time elapsed: 0.046 sec

Results :

Tests run: 11, Failures: 0, Errors: 0, Skipped: 0

[INFO] 
[INFO] --- maven-jar-plugin:2.2:jar (default-jar) @ dagger-compiler ---
[INFO] Building jar: /home/travis/build/square/dagger/compiler/target/dagger-compiler-1.0-SNAPSHOT.jar
[INFO] 
[INFO] --- maven-invoker-plugin:1.7:install (integration-test) @ dagger-compiler ---
[INFO] Installing /home/travis/build/square/dagger/core/pom.xml to /home/travis/build/square/dagger/compiler/target/local-repo/com/squareup/dagger/dagger/1.0-SNAPSHOT/dagger-1.0-SNAPSHOT.pom
[INFO] Installing /home/travis/build/square/dagger/core/target/dagger-1.0-SNAPSHOT.jar to /home/travis/build/square/dagger/compiler/target/local-repo/com/squareup/dagger/dagger/1.0-SNAPSHOT/dagger-1.0-SNAPSHOT.jar
[INFO] Installing /home/travis/build/square/dagger/pom.xml to /home/travis/build/square/dagger/compiler/target/local-repo/com/squareup/dagger/dagger-parent/1.0-SNAPSHOT/dagger-parent-1.0-SNAPSHOT.pom
[INFO] Installing /home/travis/build/square/dagger/compiler/pom.xml to /home/travis/build/square/dagger/compiler/target/local-repo/com/squareup/dagger/dagger-compiler/1.0-SNAPSHOT/dagger-compiler-1.0-SNAPSHOT.pom
[INFO] Installing /home/travis/build/square/dagger/compiler/target/dagger-compiler-1.0-SNAPSHOT.jar to /home/travis/build/square/dagger/compiler/target/local-repo/com/squareup/dagger/dagger-compiler/1.0-SNAPSHOT/dagger-compiler-1.0-SNAPSHOT.jar
[INFO] 
[INFO] --- maven-invoker-plugin:1.7:run (integration-test) @ dagger-compiler ---
[INFO] Building: inner-classes-complaint-injection/pom.xml
[INFO] run script verify.bsh
[INFO] ..SUCCESS (74.3 s)
[INFO] Building: provides-method-with-throws-clause/pom.xml
[INFO] run script verify.bsh
[INFO] ..SUCCESS (7.3 s)
[INFO] Building: multiple-provides-methods/pom.xml
[INFO] ..FAILED (7.8 s)
[INFO]   The build exited with code 1. See /home/travis/build/square/dagger/compiler/target/it/multiple-provides-methods/build.log for details.
[INFO] Building: method-injection/pom.xml
[INFO] run script verify.bsh
[INFO] ..SUCCESS (7.0 s)
[INFO] Building: simple-missing-dependency-failure/pom.xml
[INFO] run script verify.bsh
[INFO] ..SUCCESS (7.4 s)
[INFO] Building: inject-parameterized-type/pom.xml
[INFO] ..FAILED (7.6 s)
[INFO]   The build exited with code 1. See /home/travis/build/square/dagger/compiler/target/it/inject-parameterized-type/build.log for details.
[INFO] Building: extension-graph/pom.xml
[INFO] ..FAILED (7.1 s)
[INFO]   The build exited with code 1. See /home/travis/build/square/dagger/compiler/target/it/extension-graph/build.log for details.
[INFO] Building: include-non-module/pom.xml
[INFO] ..SUCCESS (7.3 s)
[INFO] Building: default-package-injected-type/pom.xml
[INFO] ..FAILED (7.6 s)
[INFO]   The build exited with code 1. See /home/travis/build/square/dagger/compiler/target/it/default-package-injected-type/build.log for details.
[INFO] Building: missing-at-inject-constructor/pom.xml
[INFO] run script verify.bsh
[INFO] ..SUCCESS (7.5 s)
[INFO] Building: private-inject/pom.xml
[INFO] run script verify.bsh
[INFO] ..SUCCESS (7.8 s)
[INFO] Building: cyclic-deps/pom.xml
[INFO] run script verify.bsh
[INFO] ..SUCCESS (7.8 s)
[INFO] Building: module-type-validation/pom.xml
[INFO] run script verify.bsh
[INFO] ..FAILED (7.6 s)
[INFO]   The post-build script did not succeed. Build output did not contain expected error text:
    "Modules may not extend from other classes: test.ThreadModule"

Build Output:


        [ERROR] COMPILATION ERROR : 
        [ERROR] /home/travis/build/square/dagger/compiler/target/it/module-type-validation/src/main/java/test/TestModule.java:[25] error: Modules may only be classes: test.EnumModule
        [ERROR] /home/travis/build/square/dagger/compiler/target/it/module-type-validation/src/main/java/test/TestModule.java:[29] error: Modules may only be classes: test.InterfaceModule
        [ERROR] Failed to execute goal org.apache.maven.plugins:maven-compiler-plugin:3.0:compile (default-compile) on project module-type-validation: Compilation failure: Compilation failure:
        [ERROR] /home/travis/build/square/dagger/compiler/target/it/module-type-validation/src/main/java/test/TestModule.java:[25] error: Modules may only be classes: test.EnumModule
        [ERROR] /home/travis/build/square/dagger/compiler/target/it/module-type-validation/src/main/java/test/TestModule.java:[29] error: Modules may only be classes: test.InterfaceModule
        [ERROR] -> [Help 1]
        [ERROR] 
        [ERROR] To see the full stack trace of the errors, re-run Maven with the -e switch.
        [ERROR] Re-run Maven using the -X switch to enable full debug logging.
        [ERROR] 
        [ERROR] For more information about the errors and possible solutions, please read the following articles:
        [ERROR] [Help 1] http://cwiki.apache.org/confluence/display/MAVEN/MojoFailureException
[INFO] Building: uninjectable-supertype/pom.xml
[INFO] ..FAILED (7.5 s)
[INFO]   The build exited with code 1. See /home/travis/build/square/dagger/compiler/target/it/uninjectable-supertype/build.log for details.
[INFO] Building: same-provides-method-name/pom.xml
[INFO] ..FAILED (8.1 s)
[INFO]   The build exited with code 1. See /home/travis/build/square/dagger/compiler/target/it/same-provides-method-name/build.log for details.
[INFO] -------------------------------------------------
[INFO] Build Summary:
[INFO]   Passed: 8, Failed: 7, Errors: 0, Skipped: 0
[INFO] -------------------------------------------------
[ERROR] The following builds failed:
[ERROR] *  multiple-provides-methods/pom.xml
[ERROR] *  inject-parameterized-type/pom.xml
[ERROR] *  extension-graph/pom.xml
[ERROR] *  default-package-injected-type/pom.xml
[ERROR] *  module-type-validation/pom.xml
[ERROR] *  uninjectable-supertype/pom.xml
[ERROR] *  same-provides-method-name/pom.xml
[INFO] -------------------------------------------------
[INFO] ------------------------------------------------------------------------
[INFO] Reactor Summary:
[INFO] 
[INFO] Dagger (Parent) ................................... SUCCESS [2.509s]
[INFO] Dagger ............................................ SUCCESS [10.325s]
[INFO] Dagger Compiler ................................... FAILURE [3:02.040s]
[INFO] Dagger AndroidManifest.xml Module Generator ....... SKIPPED
[INFO] Dagger Example (Parent) ........................... SKIPPED
[INFO] Dagger Example - Simple ........................... SKIPPED
[INFO] ------------------------------------------------------------------------
[INFO] BUILD FAILURE
[INFO] ------------------------------------------------------------------------
[INFO] Total time: 3:15.441s
[INFO] Finished at: Wed Mar 27 05:29:17 UTC 2013
[INFO] Final Memory: 24M/198M
[INFO] ------------------------------------------------------------------------
[ERROR] Failed to execute goal org.apache.maven.plugins:maven-invoker-plugin:1.7:run (integration-test) on project dagger-compiler: 7 builds failed. See console output above for details. -> [Help 1]
[ERROR] 
[ERROR] To see the full stack trace of the errors, re-run Maven with the -e switch.
[ERROR] Re-run Maven using the -X switch to enable full debug logging.
[ERROR] 
[ERROR] For more information about the errors and possible solutions, please read the following articles:
[ERROR] [Help 1] http://cwiki.apache.org/confluence/display/MAVEN/MojoFailureException
[ERROR] 
[ERROR] After correcting the problems, you can resume the build with the command
[ERROR]   mvn <goals> -rf :dagger-compiler

The command "mvn verify" exited with 1.

Done. Your build exited with 1.
