Using worker: worker-linux-4-2.bb.travis-ci.org:travis-linux-15

travis_fold:start:git.1$ git clone --depth=50 --branch=kiran/LEVEL-UP git://github.com/square/dagger.git square/dagger
Cloning into 'square/dagger'...
remote: Counting objects: 3179, done.[K
remote: Compressing objects:   0% (1/1265)   [Kremote: Compressing objects:   1% (13/1265)   [Kremote: Compressing objects:   2% (26/1265)   [Kremote: Compressing objects:   3% (38/1265)   [Kremote: Compressing objects:   4% (51/1265)   [Kremote: Compressing objects:   5% (64/1265)   [Kremote: Compressing objects:   6% (76/1265)   [Kremote: Compressing objects:   7% (89/1265)   [Kremote: Compressing objects:   8% (102/1265)   [Kremote: Compressing objects:   9% (114/1265)   [Kremote: Compressing objects:  10% (127/1265)   [Kremote: Compressing objects:  11% (140/1265)   [Kremote: Compressing objects:  12% (152/1265)   [Kremote: Compressing objects:  13% (165/1265)   [Kremote: Compressing objects:  14% (178/1265)   [Kremote: Compressing objects:  15% (190/1265)   [Kremote: Compressing objects:  16% (203/1265)   [Kremote: Compressing objects:  17% (216/1265)   [Kremote: Compressing objects:  18% (228/1265)   [Kremote: Compressing objects:  19% (241/1265)   [Kremote: Compressing objects:  20% (253/1265)   [Kremote: Compressing objects:  21% (266/1265)   [Kremote: Compressing objects:  22% (279/1265)   [Kremote: Compressing objects:  23% (291/1265)   [Kremote: Compressing objects:  24% (304/1265)   [Kremote: Compressing objects:  25% (317/1265)   [Kremote: Compressing objects:  26% (329/1265)   [Kremote: Compressing objects:  27% (342/1265)   [Kremote: Compressing objects:  28% (355/1265)   [Kremote: Compressing objects:  29% (367/1265)   [Kremote: Compressing objects:  30% (380/1265)   [Kremote: Compressing objects:  31% (393/1265)   [Kremote: Compressing objects:  32% (405/1265)   [Kremote: Compressing objects:  33% (418/1265)   [Kremote: Compressing objects:  34% (431/1265)   [Kremote: Compressing objects:  35% (443/1265)   [Kremote: Compressing objects:  36% (456/1265)   [Kremote: Compressing objects:  37% (469/1265)   [Kremote: Compressing objects:  38% (481/1265)   [Kremote: Compressing objects:  39% (494/1265)   [Kremote: Compressing objects:  40% (506/1265)   [Kremote: Compressing objects:  41% (519/1265)   [Kremote: Compressing objects:  42% (532/1265)   [Kremote: Compressing objects:  43% (544/1265)   [Kremote: Compressing objects:  44% (557/1265)   [Kremote: Compressing objects:  45% (570/1265)   [Kremote: Compressing objects:  46% (582/1265)   [Kremote: Compressing objects:  47% (595/1265)   [Kremote: Compressing objects:  48% (608/1265)   [Kremote: Compressing objects:  49% (620/1265)   [Kremote: Compressing objects:  50% (633/1265)   [Kremote: Compressing objects:  51% (646/1265)   [Kremote: Compressing objects:  52% (658/1265)   [Kremote: Compressing objects:  53% (671/1265)   [Kremote: Compressing objects:  54% (684/1265)   [Kremote: Compressing objects:  55% (696/1265)   [Kremote: Compressing objects:  56% (709/1265)   [Kremote: Compressing objects:  57% (722/1265)   [Kremote: Compressing objects:  58% (734/1265)   [Kremote: Compressing objects:  59% (747/1265)   [Kremote: Compressing objects:  60% (759/1265)   [Kremote: Compressing objects:  61% (772/1265)   [Kremote: Compressing objects:  62% (785/1265)   [Kremote: Compressing objects:  63% (797/1265)   [Kremote: Compressing objects:  64% (810/1265)   [Kremote: Compressing objects:  65% (823/1265)   [Kremote: Compressing objects:  66% (835/1265)   [Kremote: Compressing objects:  67% (848/1265)   [Kremote: Compressing objects:  68% (861/1265)   [Kremote: Compressing objects:  69% (873/1265)   [Kremote: Compressing objects:  70% (886/1265)   [Kremote: Compressing objects:  71% (899/1265)   [Kremote: Compressing objects:  72% (911/1265)   [Kremote: Compressing objects:  73% (924/1265)   [Kremote: Compressing objects:  74% (937/1265)   [Kremote: Compressing objects:  75% (949/1265)   [Kremote: Compressing objects:  76% (962/1265)   [Kremote: Compressing objects:  77% (975/1265)   [Kremote: Compressing objects:  78% (987/1265)   [Kremote: Compressing objects:  79% (1000/1265)   [Kremote: Compressing objects:  80% (1012/1265)   [Kremote: Compressing objects:  81% (1025/1265)   [Kremote: Compressing objects:  82% (1038/1265)   [Kremote: Compressing objects:  83% (1050/1265)   [Kremote: Compressing objects:  84% (1063/1265)   [Kremote: Compressing objects:  85% (1076/1265)   [Kremote: Compressing objects:  86% (1088/1265)   [Kremote: Compressing objects:  87% (1101/1265)   [Kremote: Compressing objects:  88% (1114/1265)   [Kremote: Compressing objects:  89% (1126/1265)   [Kremote: Compressing objects:  90% (1139/1265)   [Kremote: Compressing objects:  91% (1152/1265)   [Kremote: Compressing objects:  92% (1164/1265)   [Kremote: Compressing objects:  93% (1177/1265)   [Kremote: Compressing objects:  94% (1190/1265)   [Kremote: Compressing objects:  95% (1202/1265)   [Kremote: Compressing objects:  96% (1215/1265)   [Kremote: Compressing objects:  97% (1228/1265)   [Kremote: Compressing objects:  98% (1240/1265)   [Kremote: Compressing objects:  99% (1253/1265)   [Kremote: Compressing objects: 100% (1265/1265)   [Kremote: Compressing objects: 100% (1265/1265), done.[K
Receiving objects:   0% (1/3179)   Receiving objects:   1% (32/3179)   Receiving objects:   2% (64/3179)   Receiving objects:   3% (96/3179)   Receiving objects:   4% (128/3179)   Receiving objects:   5% (159/3179)   Receiving objects:   6% (191/3179)   Receiving objects:   7% (223/3179)   Receiving objects:   8% (255/3179)   Receiving objects:   9% (287/3179)   Receiving objects:  10% (318/3179)   Receiving objects:  11% (350/3179)   Receiving objects:  12% (382/3179)   Receiving objects:  13% (414/3179)   Receiving objects:  14% (446/3179)   Receiving objects:  15% (477/3179)   Receiving objects:  16% (509/3179)   Receiving objects:  17% (541/3179)   Receiving objects:  18% (573/3179)   Receiving objects:  19% (605/3179)   Receiving objects:  20% (636/3179)   Receiving objects:  21% (668/3179)   Receiving objects:  22% (700/3179)   Receiving objects:  23% (732/3179)   Receiving objects:  24% (763/3179)   Receiving objects:  25% (795/3179)   Receiving objects:  26% (827/3179)   Receiving objects:  27% (859/3179)   Receiving objects:  28% (891/3179)   Receiving objects:  29% (922/3179)   Receiving objects:  30% (954/3179)   Receiving objects:  31% (986/3179)   Receiving objects:  32% (1018/3179)   Receiving objects:  33% (1050/3179)   Receiving objects:  34% (1081/3179)   Receiving objects:  35% (1113/3179)   Receiving objects:  36% (1145/3179)   Receiving objects:  37% (1177/3179)   Receiving objects:  38% (1209/3179)   Receiving objects:  39% (1240/3179)   Receiving objects:  40% (1272/3179)   Receiving objects:  41% (1304/3179)   Receiving objects:  42% (1336/3179)   Receiving objects:  43% (1367/3179)   Receiving objects:  44% (1399/3179)   Receiving objects:  45% (1431/3179)   Receiving objects:  46% (1463/3179)   Receiving objects:  47% (1495/3179)   Receiving objects:  48% (1526/3179)   Receiving objects:  49% (1558/3179)   Receiving objects:  50% (1590/3179)   Receiving objects:  51% (1622/3179)   Receiving objects:  52% (1654/3179)   Receiving objects:  53% (1685/3179)   Receiving objects:  54% (1717/3179)   Receiving objects:  55% (1749/3179)   Receiving objects:  56% (1781/3179)   Receiving objects:  57% (1813/3179)   Receiving objects:  58% (1844/3179)   Receiving objects:  59% (1876/3179)   Receiving objects:  60% (1908/3179)   Receiving objects:  61% (1940/3179)   Receiving objects:  62% (1971/3179)   Receiving objects:  63% (2003/3179)   Receiving objects:  64% (2035/3179)   Receiving objects:  65% (2067/3179)   Receiving objects:  66% (2099/3179)   Receiving objects:  67% (2130/3179)   Receiving objects:  68% (2162/3179)   Receiving objects:  69% (2194/3179)   Receiving objects:  70% (2226/3179)   Receiving objects:  71% (2258/3179)   Receiving objects:  72% (2289/3179)   Receiving objects:  73% (2321/3179)   Receiving objects:  74% (2353/3179)   Receiving objects:  75% (2385/3179)   Receiving objects:  76% (2417/3179)   Receiving objects:  77% (2448/3179)   Receiving objects:  78% (2480/3179)   Receiving objects:  79% (2512/3179)   Receiving objects:  80% (2544/3179)   Receiving objects:  81% (2575/3179)   Receiving objects:  82% (2607/3179)   Receiving objects:  83% (2639/3179)   Receiving objects:  84% (2671/3179)   Receiving objects:  85% (2703/3179)   Receiving objects:  86% (2734/3179)   Receiving objects:  87% (2766/3179)   Receiving objects:  88% (2798/3179)   Receiving objects:  89% (2830/3179)   Receiving objects:  90% (2862/3179)   Receiving objects:  91% (2893/3179)   Receiving objects:  92% (2925/3179)   Receiving objects:  93% (2957/3179)   Receiving objects:  94% (2989/3179)   Receiving objects:  95% (3021/3179)   remote: Total 3179 (delta 1295), reused 2970 (delta 1121)[K
Receiving objects:  96% (3052/3179)   Receiving objects:  97% (3084/3179)   Receiving objects:  98% (3116/3179)   Receiving objects:  99% (3148/3179)   Receiving objects: 100% (3179/3179)   Receiving objects: 100% (3179/3179), 588.46 KiB, done.
Resolving deltas:   0% (0/1295)   Resolving deltas:   1% (14/1295)   Resolving deltas:   2% (37/1295)   Resolving deltas:   8% (114/1295)   Resolving deltas:   9% (120/1295)   Resolving deltas:  13% (169/1295)   Resolving deltas:  14% (191/1295)   Resolving deltas:  15% (195/1295)   Resolving deltas:  16% (214/1295)   Resolving deltas:  17% (230/1295)   Resolving deltas:  18% (235/1295)   Resolving deltas:  21% (282/1295)   Resolving deltas:  22% (289/1295)   Resolving deltas:  23% (300/1295)   Resolving deltas:  26% (338/1295)   Resolving deltas:  27% (360/1295)   Resolving deltas:  30% (400/1295)   Resolving deltas:  31% (406/1295)   Resolving deltas:  32% (423/1295)   Resolving deltas:  34% (443/1295)   Resolving deltas:  35% (456/1295)   Resolving deltas:  36% (468/1295)   Resolving deltas:  37% (488/1295)   Resolving deltas:  38% (498/1295)   Resolving deltas:  40% (529/1295)   Resolving deltas:  42% (548/1295)   Resolving deltas:  46% (603/1295)   Resolving deltas:  48% (630/1295)   Resolving deltas:  50% (651/1295)   Resolving deltas:  51% (663/1295)   Resolving deltas:  52% (675/1295)   Resolving deltas:  53% (688/1295)   Resolving deltas:  54% (706/1295)   Resolving deltas:  56% (727/1295)   Resolving deltas:  57% (740/1295)   Resolving deltas:  58% (760/1295)   Resolving deltas:  61% (791/1295)   Resolving deltas:  62% (806/1295)   Resolving deltas:  63% (816/1295)   Resolving deltas:  65% (852/1295)   Resolving deltas:  66% (855/1295)   Resolving deltas:  69% (896/1295)   Resolving deltas:  70% (912/1295)   Resolving deltas:  71% (928/1295)   Resolving deltas:  72% (933/1295)   Resolving deltas:  73% (946/1295)   Resolving deltas:  75% (980/1295)   Resolving deltas:  76% (993/1295)   Resolving deltas:  77% (998/1295)   Resolving deltas:  78% (1015/1295)   Resolving deltas:  81% (1050/1295)   Resolving deltas:  83% (1075/1295)   Resolving deltas:  84% (1088/1295)   Resolving deltas:  86% (1124/1295)   Resolving deltas:  87% (1137/1295)   Resolving deltas:  88% (1146/1295)   Resolving deltas:  89% (1153/1295)   Resolving deltas:  90% (1173/1295)   Resolving deltas:  92% (1196/1295)   Resolving deltas:  93% (1205/1295)   Resolving deltas:  94% (1218/1295)   Resolving deltas:  95% (1240/1295)   Resolving deltas:  96% (1246/1295)   Resolving deltas:  97% (1260/1295)   Resolving deltas:  98% (1270/1295)   Resolving deltas:  99% (1283/1295)   Resolving deltas: 100% (1295/1295)   Resolving deltas: 100% (1295/1295), done.
travis_fold:end:git.1$ cd square/dagger
travis_fold:start:git.2$ git checkout -qf 261f5fd474a5f61845b4349f628264ea99c60702
travis_fold:end:git.2$ java -version
java version "1.7.0_15"
OpenJDK Runtime Environment (IcedTea7 2.3.7) (7u15-2.3.7-0ubuntu1~12.04.1)
OpenJDK 64-Bit Server VM (build 23.7-b01, mixed mode)
$ javac -version
javac 1.7.0_15
travis_fold:start:install$ mvn install clean --fail-never --quiet -DskipTests=true -Dinvoker.skip=true
[ERROR] COMPILATION ERROR : 
[ERROR] bootstrap class path not set in conjunction with -source 1.6
warning: No processor claimed any of these annotations: javax.inject.Singleton
/home/travis/build/square/dagger/example/src/main/java/coffee/PumpModule.java:[7,0] error: Graph validation failed: You have these unused @Provider methods! Set library=true in your module to disable this check.
[ERROR] Failed to execute goal org.apache.maven.plugins:maven-compiler-plugin:2.5:compile (default-compile) on project dagger-example: Compilation failure
[ERROR] bootstrap class path not set in conjunction with -source 1.6
[ERROR] warning: No processor claimed any of these annotations: javax.inject.Singleton
[ERROR] /home/travis/build/square/dagger/example/src/main/java/coffee/PumpModule.java:[7,0] error: Graph validation failed: You have these unused @Provider methods! Set library=true in your module to disable this check.
[ERROR] -> [Help 1]
[ERROR] 
[ERROR] To see the full stack trace of the errors, re-run Maven with the -e switch.
[ERROR] Re-run Maven using the -X switch to enable full debug logging.
[ERROR] 
[ERROR] For more information about the errors and possible solutions, please read the following articles:
[ERROR] [Help 1] http://cwiki.apache.org/confluence/display/MAVEN/MojoFailureException
[ERROR] 
[ERROR] After correcting the problems, you can resume the build with the command
[ERROR]   mvn <goals> -rf :dagger-example
travis_fold:end:install$ mvn verify
[INFO] Scanning for projects...
[INFO] ------------------------------------------------------------------------
[INFO] Reactor Build Order:
[INFO] 
[INFO] Dagger (Parent)
[INFO] Dagger
[INFO] Dagger Compiler
[INFO] Dagger AndroidManifest.xml Module Generator
[INFO] Dagger Example
[INFO]                                                                         
[INFO] ------------------------------------------------------------------------
[INFO] Building Dagger (Parent) 1.0-SNAPSHOT
[INFO] ------------------------------------------------------------------------
[INFO] 
[INFO] --- maven-enforcer-plugin:1.0:enforce (enforce-maven) @ dagger-parent ---
[INFO] 
[INFO] --- maven-checkstyle-plugin:2.9.1:checkstyle (default) @ dagger-parent ---
[INFO]                                                                         
[INFO] ------------------------------------------------------------------------
[INFO] Building Dagger 1.0-SNAPSHOT
[INFO] ------------------------------------------------------------------------
[INFO] 
[INFO] --- maven-enforcer-plugin:1.0:enforce (enforce-maven) @ dagger ---
[INFO] 
[INFO] --- maven-resources-plugin:2.3:resources (default-resources) @ dagger ---
[INFO] Using 'UTF-8' encoding to copy filtered resources.
[INFO] skip non existing resourceDirectory /home/travis/build/square/dagger/core/src/main/resources
[INFO] 
[INFO] --- maven-compiler-plugin:2.5:compile (default-compile) @ dagger ---
[INFO] Compiling 24 source files to /home/travis/build/square/dagger/core/target/classes
[WARNING] bootstrap class path not set in conjunction with -source 1.6
/home/travis/build/square/dagger/core/src/main/java/dagger/internal/ProblemDetector.java:[33,14] [rawtypes] found raw type: Binding
[WARNING]   missing type arguments for generic class Binding<T>
  where T is a type-variable:
    T extends Object declared in class Binding
/home/travis/build/square/dagger/core/src/main/java/dagger/internal/ProblemDetector.java:[33,54] [rawtypes] found raw type: Binding
[WARNING]   missing type arguments for generic class Binding<T>
  where T is a type-variable:
    T extends Object declared in class Binding
/home/travis/build/square/dagger/core/src/main/java/dagger/internal/UniqueMap.java:[24,7] [serial] serializable class UniqueMap has no definition of serialVersionUID
[WARNING] /home/travis/build/square/dagger/core/src/main/java/dagger/internal/plugins/reflect/ReflectiveModuleAdapter.java:[125,23] [rawtypes] found raw type: Binding
[INFO] 
[INFO] --- maven-resources-plugin:2.3:testResources (default-testResources) @ dagger ---
[INFO] Using 'UTF-8' encoding to copy filtered resources.
[INFO] skip non existing resourceDirectory /home/travis/build/square/dagger/core/src/test/resources
[INFO] 
[INFO] --- maven-compiler-plugin:2.5:testCompile (default-testCompile) @ dagger ---
[INFO] Compiling 11 source files to /home/travis/build/square/dagger/core/target/test-classes
[INFO] 
[INFO] --- maven-surefire-plugin:2.10:test (default-test) @ dagger ---
[INFO] Surefire report directory: /home/travis/build/square/dagger/core/target/surefire-reports
Downloading: http://maven.mirrors.travis-ci.org/nexus/content/repositories/central/org/apache/maven/surefire/surefire-junit4/2.10/surefire-junit4-2.10.pom
3/3 KB            Downloaded: http://maven.mirrors.travis-ci.org/nexus/content/repositories/central/org/apache/maven/surefire/surefire-junit4/2.10/surefire-junit4-2.10.pom (3 KB at 4.2 KB/sec)
Downloading: http://maven.mirrors.travis-ci.org/nexus/content/repositories/central/org/apache/maven/surefire/surefire-providers/2.10/surefire-providers-2.10.pom
3/3 KB            Downloaded: http://maven.mirrors.travis-ci.org/nexus/content/repositories/central/org/apache/maven/surefire/surefire-providers/2.10/surefire-providers-2.10.pom (3 KB at 7.2 KB/sec)
Downloading: http://maven.mirrors.travis-ci.org/nexus/content/repositories/central/org/apache/maven/surefire/surefire-junit4/2.10/surefire-junit4-2.10.jar
4/33 KB   8/33 KB   9/33 KB   10/33 KB   14/33 KB   18/33 KB   22/33 KB   23/33 KB   24/33 KB   28/33 KB   32/33 KB   33/33 KB              Downloaded: http://maven.mirrors.travis-ci.org/nexus/content/repositories/central/org/apache/maven/surefire/surefire-junit4/2.10/surefire-junit4-2.10.jar (33 KB at 61.2 KB/sec)

-------------------------------------------------------
 T E S T S
-------------------------------------------------------
Running dagger.ExtensionTest
Tests run: 3, Failures: 0, Errors: 0, Skipped: 0, Time elapsed: 0.192 sec
Running dagger.InjectionOfLazyTest
Tests run: 4, Failures: 0, Errors: 0, Skipped: 0, Time elapsed: 0.038 sec
Running dagger.SetBindingTest
Tests run: 7, Failures: 0, Errors: 0, Skipped: 0, Time elapsed: 0.087 sec
Running dagger.internal.KeysTest
Tests run: 18, Failures: 0, Errors: 0, Skipped: 0, Time elapsed: 0.049 sec
Running dagger.MembersInjectorTest
Tests run: 8, Failures: 0, Errors: 0, Skipped: 0, Time elapsed: 0.045 sec
Running dagger.ModuleIncludesTest
Tests run: 9, Failures: 0, Errors: 0, Skipped: 0, Time elapsed: 0.045 sec
Running dagger.LazyInjectionTest
Tests run: 5, Failures: 0, Errors: 0, Skipped: 0, Time elapsed: 0.016 sec
Running dagger.ProblemDetectorTest
Tests run: 3, Failures: 0, Errors: 0, Skipped: 0, Time elapsed: 0.012 sec
Running dagger.InjectionTest
Tests run: 31, Failures: 0, Errors: 0, Skipped: 0, Time elapsed: 0.254 sec
Running dagger.UnusedProviderTest
Tests run: 4, Failures: 0, Errors: 0, Skipped: 0, Time elapsed: 0.014 sec
Running dagger.InjectStaticsTest
Tests run: 3, Failures: 0, Errors: 0, Skipped: 0, Time elapsed: 0.018 sec

Results :

Tests run: 95, Failures: 0, Errors: 0, Skipped: 0

[INFO] 
[INFO] --- maven-jar-plugin:2.2:jar (default-jar) @ dagger ---
[INFO] Building jar: /home/travis/build/square/dagger/core/target/dagger-1.0-SNAPSHOT.jar
[INFO] 
[INFO] --- maven-checkstyle-plugin:2.9.1:checkstyle (default) @ dagger ---
[INFO] Starting audit...
Audit done.

[WARNING] Unable to locate Source XRef to link to - DISABLED
[INFO]                                                                         
[INFO] ------------------------------------------------------------------------
[INFO] Building Dagger Compiler 1.0-SNAPSHOT
[INFO] ------------------------------------------------------------------------
[INFO] 
[INFO] --- maven-enforcer-plugin:1.0:enforce (enforce-maven) @ dagger-compiler ---
[INFO] 
[INFO] --- maven-resources-plugin:2.3:resources (default-resources) @ dagger-compiler ---
[INFO] Using 'UTF-8' encoding to copy filtered resources.
[INFO] Copying 1 resource
[INFO] 
[INFO] --- maven-compiler-plugin:2.5:compile (default-compile) @ dagger-compiler ---
[INFO] Compiling 11 source files to /home/travis/build/square/dagger/compiler/target/classes
[INFO] 
[INFO] --- maven-resources-plugin:2.3:testResources (default-testResources) @ dagger-compiler ---
[INFO] Using 'UTF-8' encoding to copy filtered resources.
[INFO] skip non existing resourceDirectory /home/travis/build/square/dagger/compiler/src/test/resources
[INFO] 
[INFO] --- maven-compiler-plugin:2.5:testCompile (default-testCompile) @ dagger-compiler ---
[INFO] Compiling 3 source files to /home/travis/build/square/dagger/compiler/target/test-classes
[INFO] 
[INFO] --- maven-surefire-plugin:2.10:test (default-test) @ dagger-compiler ---
[INFO] Surefire report directory: /home/travis/build/square/dagger/compiler/target/surefire-reports

-------------------------------------------------------
 T E S T S
-------------------------------------------------------
Running dagger.internal.codegen.DotWriterTest
Tests run: 4, Failures: 0, Errors: 0, Skipped: 0, Time elapsed: 0.097 sec
Running dagger.internal.codegen.GraphVisualizerTest
Tests run: 7, Failures: 0, Errors: 0, Skipped: 0, Time elapsed: 0.052 sec

Results :

Tests run: 11, Failures: 0, Errors: 0, Skipped: 0

[INFO] 
[INFO] --- maven-jar-plugin:2.2:jar (default-jar) @ dagger-compiler ---
[INFO] Building jar: /home/travis/build/square/dagger/compiler/target/dagger-compiler-1.0-SNAPSHOT.jar
[INFO] 
[INFO] --- maven-invoker-plugin:1.7:install (integration-test) @ dagger-compiler ---
[INFO] Installing /home/travis/build/square/dagger/core/pom.xml to /home/travis/build/square/dagger/compiler/target/local-repo/com/squareup/dagger/1.0-SNAPSHOT/dagger-1.0-SNAPSHOT.pom
[INFO] Installing /home/travis/build/square/dagger/core/target/dagger-1.0-SNAPSHOT.jar to /home/travis/build/square/dagger/compiler/target/local-repo/com/squareup/dagger/1.0-SNAPSHOT/dagger-1.0-SNAPSHOT.jar
[INFO] Installing /home/travis/build/square/dagger/pom.xml to /home/travis/build/square/dagger/compiler/target/local-repo/com/squareup/dagger-parent/1.0-SNAPSHOT/dagger-parent-1.0-SNAPSHOT.pom
[INFO] Installing /home/travis/build/square/dagger/compiler/pom.xml to /home/travis/build/square/dagger/compiler/target/local-repo/com/squareup/dagger-compiler/1.0-SNAPSHOT/dagger-compiler-1.0-SNAPSHOT.pom
[INFO] Installing /home/travis/build/square/dagger/compiler/target/dagger-compiler-1.0-SNAPSHOT.jar to /home/travis/build/square/dagger/compiler/target/local-repo/com/squareup/dagger-compiler/1.0-SNAPSHOT/dagger-compiler-1.0-SNAPSHOT.jar
[INFO] 
[INFO] --- maven-invoker-plugin:1.7:run (integration-test) @ dagger-compiler ---
[INFO] Building: unused-provider-methods-fail-compilation/pom.xml
[INFO] run script verify.bsh
[INFO] ..FAILED (33.5 s)
[INFO]   The post-build script did not succeed. Build output did not contain expected error text:
    "ProviderMethodBinding[provideKey="java.lang.String", memberskey="null"]"

Build Output:


        [ERROR] Failed to execute goal org.apache.maven.plugins:maven-compiler-plugin:2.0.2:compile (default-compile) on project unused-provider-methods-fail-compilation: Compilation failure
        [ERROR] /home/travis/build/square/dagger/compiler/target/it/unused-provider-methods-fail-compilation/src/main/java/test/TestApp.java:[35,9] error: Graph validation failed: You have these unused @Provider methods! Set library=true in your module to disable this check.
        [ERROR] -> [Help 1]
        [ERROR] 
        [ERROR] To see the full stack trace of the errors, re-run Maven with the -e switch.
        [ERROR] Re-run Maven using the -X switch to enable full debug logging.
        [ERROR] 
        [ERROR] For more information about the errors and possible solutions, please read the following articles:
        [ERROR] [Help 1] http://cwiki.apache.org/confluence/display/MAVEN/MojoFailureException
[INFO] Building: extension-graph/pom.xml
[INFO] ..SUCCESS (33.6 s)
[INFO] Building: include-non-module/pom.xml
[INFO] ..SUCCESS (6.9 s)
[INFO] Building: inner-classes-complaint-injection/pom.xml
[INFO] run script verify.bsh
[INFO] ..SUCCESS (7.0 s)
[INFO] Building: simple-missing-dependency-failure/pom.xml
[INFO] run script verify.bsh
[INFO] ..SUCCESS (6.9 s)
[INFO] Building: unused-provider-methods-pass-compilation-on-library-module/pom.xml
[INFO] ..SUCCESS (7.8 s)
[INFO] Building: uninjectable-supertype/pom.xml
[INFO] ..SUCCESS (8.6 s)
[INFO] Building: provides-method-with-throws-clause/pom.xml
[INFO] run script verify.bsh
[INFO] ..SUCCESS (6.7 s)
[INFO] Building: inject-parameterized-type/pom.xml
[INFO] ..SUCCESS (9.0 s)
[INFO] Building: multiple-provides-methods/pom.xml
[INFO] run script verify.bsh
[INFO] ..SUCCESS (8.1 s)
[INFO] Building: missing-at-inject-constructor/pom.xml
[INFO] run script verify.bsh
[INFO] ..SUCCESS (6.9 s)
[INFO] Building: default-package-injected-type/pom.xml
[INFO] ..SUCCESS (8.2 s)
[INFO] Building: same-provides-method-name/pom.xml
[INFO] ..SUCCESS (8.6 s)
[INFO] Building: cyclic-deps/pom.xml
[INFO] run script verify.bsh
[INFO] ..SUCCESS (6.8 s)
[INFO] -------------------------------------------------
[INFO] Build Summary:
[INFO]   Passed: 13, Failed: 1, Errors: 0, Skipped: 0
[INFO] -------------------------------------------------
[ERROR] The following builds failed:
[ERROR] *  unused-provider-methods-fail-compilation/pom.xml
[INFO] -------------------------------------------------
[INFO] ------------------------------------------------------------------------
[INFO] Reactor Summary:
[INFO] 
[INFO] Dagger (Parent) ................................... SUCCESS [2.715s]
[INFO] Dagger ............................................ SUCCESS [10.088s]
[INFO] Dagger Compiler ................................... FAILURE [2:41.138s]
[INFO] Dagger AndroidManifest.xml Module Generator ....... SKIPPED
[INFO] Dagger Example .................................... SKIPPED
[INFO] ------------------------------------------------------------------------
[INFO] BUILD FAILURE
[INFO] ------------------------------------------------------------------------
[INFO] Total time: 2:54.479s
[INFO] Finished at: Fri Apr 12 04:11:24 UTC 2013
[INFO] Final Memory: 25M/179M
[INFO] ------------------------------------------------------------------------
[ERROR] Failed to execute goal org.apache.maven.plugins:maven-invoker-plugin:1.7:run (integration-test) on project dagger-compiler: 1 build failed. See console output above for details. -> [Help 1]
[ERROR] 
[ERROR] To see the full stack trace of the errors, re-run Maven with the -e switch.
[ERROR] Re-run Maven using the -X switch to enable full debug logging.
[ERROR] 
[ERROR] For more information about the errors and possible solutions, please read the following articles:
[ERROR] [Help 1] http://cwiki.apache.org/confluence/display/MAVEN/MojoFailureException
[ERROR] 
[ERROR] After correcting the problems, you can resume the build with the command
[ERROR]   mvn <goals> -rf :dagger-compiler

The command "mvn verify" exited with 1.

Done. Your build exited with 1.
