Using worker: worker-linux-4-1.bb.travis-ci.org:travis-linux-20

travis_fold:start:git.1$ git clone --depth=50 --branch="kiran/LEVEL-UP" git://github.com/square/dagger.git square/dagger
Cloning into 'square/dagger'...
remote: Counting objects: 3132, done.[K
remote: Compressing objects:   0% (1/1234)   [Kremote: Compressing objects:   1% (13/1234)   [Kremote: Compressing objects:   2% (25/1234)   [Kremote: Compressing objects:   3% (38/1234)   [Kremote: Compressing objects:   4% (50/1234)   [Kremote: Compressing objects:   5% (62/1234)   [Kremote: Compressing objects:   6% (75/1234)   [Kremote: Compressing objects:   7% (87/1234)   [Kremote: Compressing objects:   8% (99/1234)   [Kremote: Compressing objects:   9% (112/1234)   [Kremote: Compressing objects:  10% (124/1234)   [Kremote: Compressing objects:  11% (136/1234)   [Kremote: Compressing objects:  12% (149/1234)   [Kremote: Compressing objects:  13% (161/1234)   [Kremote: Compressing objects:  14% (173/1234)   [Kremote: Compressing objects:  15% (186/1234)   [Kremote: Compressing objects:  16% (198/1234)   [Kremote: Compressing objects:  17% (210/1234)   [Kremote: Compressing objects:  18% (223/1234)   [Kremote: Compressing objects:  19% (235/1234)   [Kremote: Compressing objects:  20% (247/1234)   [Kremote: Compressing objects:  21% (260/1234)   [Kremote: Compressing objects:  22% (272/1234)   [Kremote: Compressing objects:  23% (284/1234)   [Kremote: Compressing objects:  24% (297/1234)   [Kremote: Compressing objects:  25% (309/1234)   [Kremote: Compressing objects:  26% (321/1234)   [Kremote: Compressing objects:  27% (334/1234)   [Kremote: Compressing objects:  28% (346/1234)   [Kremote: Compressing objects:  29% (358/1234)   [Kremote: Compressing objects:  30% (371/1234)   [Kremote: Compressing objects:  31% (383/1234)   [Kremote: Compressing objects:  32% (395/1234)   [Kremote: Compressing objects:  33% (408/1234)   [Kremote: Compressing objects:  34% (420/1234)   [Kremote: Compressing objects:  35% (432/1234)   [Kremote: Compressing objects:  36% (445/1234)   [Kremote: Compressing objects:  37% (457/1234)   [Kremote: Compressing objects:  38% (469/1234)   [Kremote: Compressing objects:  39% (482/1234)   [Kremote: Compressing objects:  40% (494/1234)   [Kremote: Compressing objects:  41% (506/1234)   [Kremote: Compressing objects:  42% (519/1234)   [Kremote: Compressing objects:  43% (531/1234)   [Kremote: Compressing objects:  44% (543/1234)   [Kremote: Compressing objects:  45% (556/1234)   [Kremote: Compressing objects:  46% (568/1234)   [Kremote: Compressing objects:  47% (580/1234)   [Kremote: Compressing objects:  48% (593/1234)   [Kremote: Compressing objects:  49% (605/1234)   [Kremote: Compressing objects:  50% (617/1234)   [Kremote: Compressing objects:  51% (630/1234)   [Kremote: Compressing objects:  52% (642/1234)   [Kremote: Compressing objects:  53% (655/1234)   [Kremote: Compressing objects:  54% (667/1234)   [Kremote: Compressing objects:  55% (679/1234)   [Kremote: Compressing objects:  56% (692/1234)   [Kremote: Compressing objects:  57% (704/1234)   [Kremote: Compressing objects:  58% (716/1234)   [Kremote: Compressing objects:  59% (729/1234)   [Kremote: Compressing objects:  60% (741/1234)   [Kremote: Compressing objects:  61% (753/1234)   [Kremote: Compressing objects:  62% (766/1234)   [Kremote: Compressing objects:  63% (778/1234)   [Kremote: Compressing objects:  64% (790/1234)   [Kremote: Compressing objects:  65% (803/1234)   [Kremote: Compressing objects:  66% (815/1234)   [Kremote: Compressing objects:  67% (827/1234)   [Kremote: Compressing objects:  68% (840/1234)   [Kremote: Compressing objects:  69% (852/1234)   [Kremote: Compressing objects:  70% (864/1234)   [Kremote: Compressing objects:  71% (877/1234)   [Kremote: Compressing objects:  72% (889/1234)   [Kremote: Compressing objects:  73% (901/1234)   [Kremote: Compressing objects:  74% (914/1234)   [Kremote: Compressing objects:  75% (926/1234)   [Kremote: Compressing objects:  76% (938/1234)   [Kremote: Compressing objects:  77% (951/1234)   [Kremote: Compressing objects:  78% (963/1234)   [Kremote: Compressing objects:  79% (975/1234)   [Kremote: Compressing objects:  80% (988/1234)   [Kremote: Compressing objects:  81% (1000/1234)   [Kremote: Compressing objects:  82% (1012/1234)   [Kremote: Compressing objects:  83% (1025/1234)   [Kremote: Compressing objects:  84% (1037/1234)   [Kremote: Compressing objects:  85% (1049/1234)   [Kremote: Compressing objects:  86% (1062/1234)   [Kremote: Compressing objects:  87% (1074/1234)   [Kremote: Compressing objects:  88% (1086/1234)   [Kremote: Compressing objects:  89% (1099/1234)   [Kremote: Compressing objects:  90% (1111/1234)   [Kremote: Compressing objects:  91% (1123/1234)   [Kremote: Compressing objects:  92% (1136/1234)   [Kremote: Compressing objects:  93% (1148/1234)   [Kremote: Compressing objects:  94% (1160/1234)   [Kremote: Compressing objects:  95% (1173/1234)   [Kremote: Compressing objects:  96% (1185/1234)   [Kremote: Compressing objects:  97% (1197/1234)   [Kremote: Compressing objects:  98% (1210/1234)   [Kremote: Compressing objects:  99% (1222/1234)   [Kremote: Compressing objects: 100% (1234/1234)   [Kremote: Compressing objects: 100% (1234/1234), done.[K
Receiving objects:   0% (1/3132)   Receiving objects:   1% (32/3132)   Receiving objects:   2% (63/3132)   Receiving objects:   3% (94/3132)   Receiving objects:   4% (126/3132)   Receiving objects:   5% (157/3132)   Receiving objects:   6% (188/3132)   Receiving objects:   7% (220/3132)   Receiving objects:   8% (251/3132)   Receiving objects:   9% (282/3132)   Receiving objects:  10% (314/3132)   Receiving objects:  11% (345/3132)   Receiving objects:  12% (376/3132)   Receiving objects:  13% (408/3132)   Receiving objects:  14% (439/3132)   Receiving objects:  15% (470/3132)   Receiving objects:  16% (502/3132)   Receiving objects:  17% (533/3132)   Receiving objects:  18% (564/3132)   Receiving objects:  19% (596/3132)   Receiving objects:  20% (627/3132)   Receiving objects:  21% (658/3132)   Receiving objects:  22% (690/3132)   Receiving objects:  23% (721/3132)   Receiving objects:  24% (752/3132)   Receiving objects:  25% (783/3132)   Receiving objects:  26% (815/3132)   Receiving objects:  27% (846/3132)   Receiving objects:  28% (877/3132)   Receiving objects:  29% (909/3132)   Receiving objects:  30% (940/3132)   Receiving objects:  31% (971/3132)   Receiving objects:  32% (1003/3132)   Receiving objects:  33% (1034/3132)   Receiving objects:  34% (1065/3132)   Receiving objects:  35% (1097/3132)   Receiving objects:  36% (1128/3132)   Receiving objects:  37% (1159/3132)   Receiving objects:  38% (1191/3132)   Receiving objects:  39% (1222/3132)   Receiving objects:  40% (1253/3132)   Receiving objects:  41% (1285/3132)   Receiving objects:  42% (1316/3132)   Receiving objects:  43% (1347/3132)   Receiving objects:  44% (1379/3132)   Receiving objects:  45% (1410/3132)   Receiving objects:  46% (1441/3132)   Receiving objects:  47% (1473/3132)   Receiving objects:  48% (1504/3132)   Receiving objects:  49% (1535/3132)   Receiving objects:  50% (1566/3132)   Receiving objects:  51% (1598/3132)   Receiving objects:  52% (1629/3132)   Receiving objects:  53% (1660/3132)   Receiving objects:  54% (1692/3132)   Receiving objects:  55% (1723/3132)   Receiving objects:  56% (1754/3132)   Receiving objects:  57% (1786/3132)   Receiving objects:  58% (1817/3132)   Receiving objects:  59% (1848/3132)   Receiving objects:  60% (1880/3132)   Receiving objects:  61% (1911/3132)   Receiving objects:  62% (1942/3132)   Receiving objects:  63% (1974/3132)   Receiving objects:  64% (2005/3132)   Receiving objects:  65% (2036/3132)   Receiving objects:  66% (2068/3132)   Receiving objects:  67% (2099/3132)   Receiving objects:  68% (2130/3132)   Receiving objects:  69% (2162/3132)   Receiving objects:  70% (2193/3132)   Receiving objects:  71% (2224/3132)   Receiving objects:  72% (2256/3132)   Receiving objects:  73% (2287/3132)   Receiving objects:  74% (2318/3132)   Receiving objects:  75% (2349/3132)   Receiving objects:  76% (2381/3132)   Receiving objects:  77% (2412/3132)   Receiving objects:  78% (2443/3132)   Receiving objects:  79% (2475/3132)   Receiving objects:  80% (2506/3132)   Receiving objects:  81% (2537/3132)   Receiving objects:  82% (2569/3132)   Receiving objects:  83% (2600/3132)   Receiving objects:  84% (2631/3132)   Receiving objects:  85% (2663/3132)   Receiving objects:  86% (2694/3132)   Receiving objects:  87% (2725/3132)   Receiving objects:  88% (2757/3132)   Receiving objects:  89% (2788/3132)   Receiving objects:  90% (2819/3132)   Receiving objects:  91% (2851/3132)   Receiving objects:  92% (2882/3132)   remote: Total 3132 (delta 1275), reused 2939 (delta 1118)[K
Receiving objects:  93% (2913/3132)   Receiving objects:  94% (2945/3132)   Receiving objects:  95% (2976/3132)   Receiving objects:  96% (3007/3132)   Receiving objects:  97% (3039/3132)   Receiving objects:  98% (3070/3132)   Receiving objects:  99% (3101/3132)   Receiving objects: 100% (3132/3132)   Receiving objects: 100% (3132/3132), 584.04 KiB, done.
Resolving deltas:   0% (0/1275)   Resolving deltas:   1% (13/1275)   Resolving deltas:   2% (38/1275)   Resolving deltas:   9% (124/1275)   Resolving deltas:  10% (131/1275)   Resolving deltas:  13% (174/1275)   Resolving deltas:  14% (186/1275)   Resolving deltas:  15% (202/1275)   Resolving deltas:  16% (205/1275)   Resolving deltas:  17% (226/1275)   Resolving deltas:  18% (233/1275)   Resolving deltas:  21% (272/1275)   Resolving deltas:  23% (301/1275)   Resolving deltas:  26% (334/1275)   Resolving deltas:  28% (360/1275)   Resolving deltas:  29% (372/1275)   Resolving deltas:  32% (411/1275)   Resolving deltas:  33% (421/1275)   Resolving deltas:  34% (434/1275)   Resolving deltas:  35% (453/1275)   Resolving deltas:  36% (459/1275)   Resolving deltas:  37% (473/1275)   Resolving deltas:  39% (501/1275)   Resolving deltas:  42% (537/1275)   Resolving deltas:  45% (577/1275)   Resolving deltas:  47% (602/1275)   Resolving deltas:  49% (633/1275)   Resolving deltas:  50% (644/1275)   Resolving deltas:  51% (657/1275)   Resolving deltas:  52% (668/1275)   Resolving deltas:  53% (678/1275)   Resolving deltas:  54% (689/1275)   Resolving deltas:  55% (703/1275)   Resolving deltas:  56% (716/1275)   Resolving deltas:  57% (737/1275)   Resolving deltas:  59% (763/1275)   Resolving deltas:  60% (768/1275)   Resolving deltas:  61% (779/1275)   Resolving deltas:  62% (792/1275)   Resolving deltas:  64% (824/1275)   Resolving deltas:  65% (831/1275)   Resolving deltas:  66% (845/1275)   Resolving deltas:  68% (868/1275)   Resolving deltas:  69% (880/1275)   Resolving deltas:  70% (893/1275)   Resolving deltas:  71% (908/1275)   Resolving deltas:  72% (918/1275)   Resolving deltas:  73% (931/1275)   Resolving deltas:  75% (957/1275)   Resolving deltas:  76% (980/1275)   Resolving deltas:  77% (982/1275)   Resolving deltas:  78% (1001/1275)   Resolving deltas:  80% (1020/1275)   Resolving deltas:  82% (1048/1275)   Resolving deltas:  83% (1065/1275)   Resolving deltas:  86% (1107/1275)   Resolving deltas:  87% (1116/1275)   Resolving deltas:  88% (1122/1275)   Resolving deltas:  89% (1136/1275)   Resolving deltas:  90% (1148/1275)   Resolving deltas:  92% (1177/1275)   Resolving deltas:  93% (1186/1275)   Resolving deltas:  94% (1201/1275)   Resolving deltas:  95% (1212/1275)   Resolving deltas:  96% (1224/1275)   Resolving deltas:  97% (1239/1275)   Resolving deltas:  98% (1250/1275)   Resolving deltas:  99% (1266/1275)   Resolving deltas: 100% (1275/1275)   Resolving deltas: 100% (1275/1275), done.
travis_fold:end:git.1$ cd square/dagger
travis_fold:start:git.2$ git checkout -qf c9d9cc92c7b252332b79d93902217fb12a5a27d2
travis_fold:end:git.2$ java -version
java version "1.7.0_15"
OpenJDK Runtime Environment (IcedTea7 2.3.7) (7u15-2.3.7-0ubuntu1~12.04.1)
OpenJDK 64-Bit Server VM (build 23.7-b01, mixed mode)
$ javac -version
javac 1.7.0_15
travis_fold:start:install$ mvn install clean --fail-never --quiet -DskipTests=true -Dinvoker.skip=true
travis_fold:end:install$ mvn verify
[INFO] Scanning for projects...
[INFO] ------------------------------------------------------------------------
[INFO] Reactor Build Order:
[INFO] 
[INFO] Dagger (Parent)
[INFO] Dagger
[INFO] Dagger Compiler
[INFO] Dagger AndroidManifest.xml Module Generator
[INFO] Dagger Example
[INFO]                                                                         
[INFO] ------------------------------------------------------------------------
[INFO] Building Dagger (Parent) 1.0-SNAPSHOT
[INFO] ------------------------------------------------------------------------
[INFO] 
[INFO] --- maven-enforcer-plugin:1.0:enforce (enforce-maven) @ dagger-parent ---
[INFO] 
[INFO] --- maven-checkstyle-plugin:2.9.1:checkstyle (default) @ dagger-parent ---
[INFO]                                                                         
[INFO] ------------------------------------------------------------------------
[INFO] Building Dagger 1.0-SNAPSHOT
[INFO] ------------------------------------------------------------------------
[INFO] 
[INFO] --- maven-enforcer-plugin:1.0:enforce (enforce-maven) @ dagger ---
[INFO] 
[INFO] --- maven-resources-plugin:2.3:resources (default-resources) @ dagger ---
[INFO] Using 'UTF-8' encoding to copy filtered resources.
[INFO] skip non existing resourceDirectory /home/travis/build/square/dagger/core/src/main/resources
[INFO] 
[INFO] --- maven-compiler-plugin:2.5:compile (default-compile) @ dagger ---
[INFO] Compiling 24 source files to /home/travis/build/square/dagger/core/target/classes
[WARNING] bootstrap class path not set in conjunction with -source 1.6
/home/travis/build/square/dagger/core/src/main/java/dagger/internal/ProblemDetector.java:[33,14] [rawtypes] found raw type: Binding
[WARNING]   missing type arguments for generic class Binding<T>
  where T is a type-variable:
    T extends Object declared in class Binding
/home/travis/build/square/dagger/core/src/main/java/dagger/internal/ProblemDetector.java:[33,54] [rawtypes] found raw type: Binding
[WARNING]   missing type arguments for generic class Binding<T>
  where T is a type-variable:
    T extends Object declared in class Binding
/home/travis/build/square/dagger/core/src/main/java/dagger/internal/UniqueMap.java:[24,7] [serial] serializable class UniqueMap has no definition of serialVersionUID
[WARNING] /home/travis/build/square/dagger/core/src/main/java/dagger/internal/plugins/reflect/ReflectiveModuleAdapter.java:[125,23] [rawtypes] found raw type: Binding
[INFO] 
[INFO] --- maven-resources-plugin:2.3:testResources (default-testResources) @ dagger ---
[INFO] Using 'UTF-8' encoding to copy filtered resources.
[INFO] skip non existing resourceDirectory /home/travis/build/square/dagger/core/src/test/resources
[INFO] 
[INFO] --- maven-compiler-plugin:2.5:testCompile (default-testCompile) @ dagger ---
[INFO] Compiling 11 source files to /home/travis/build/square/dagger/core/target/test-classes
[INFO] 
[INFO] --- maven-surefire-plugin:2.10:test (default-test) @ dagger ---
[INFO] Surefire report directory: /home/travis/build/square/dagger/core/target/surefire-reports
Downloading: http://maven.mirrors.travis-ci.org/nexus/content/repositories/central/org/apache/maven/surefire/surefire-junit4/2.10/surefire-junit4-2.10.pom
3/3 KB            Downloaded: http://maven.mirrors.travis-ci.org/nexus/content/repositories/central/org/apache/maven/surefire/surefire-junit4/2.10/surefire-junit4-2.10.pom (3 KB at 4.0 KB/sec)
Downloading: http://maven.mirrors.travis-ci.org/nexus/content/repositories/central/org/apache/maven/surefire/surefire-providers/2.10/surefire-providers-2.10.pom
3/3 KB            Downloaded: http://maven.mirrors.travis-ci.org/nexus/content/repositories/central/org/apache/maven/surefire/surefire-providers/2.10/surefire-providers-2.10.pom (3 KB at 6.5 KB/sec)
Downloading: http://maven.mirrors.travis-ci.org/nexus/content/repositories/central/org/apache/maven/surefire/surefire-junit4/2.10/surefire-junit4-2.10.jar
4/33 KB   8/33 KB   9/33 KB   10/33 KB   14/33 KB   18/33 KB   22/33 KB   26/33 KB   27/33 KB   28/33 KB   32/33 KB   33/33 KB              Downloaded: http://maven.mirrors.travis-ci.org/nexus/content/repositories/central/org/apache/maven/surefire/surefire-junit4/2.10/surefire-junit4-2.10.jar (33 KB at 64.8 KB/sec)

-------------------------------------------------------
 T E S T S
-------------------------------------------------------
Running dagger.internal.KeysTest
Tests run: 18, Failures: 0, Errors: 0, Skipped: 0, Time elapsed: 0.176 sec
Running dagger.LazyInjectionTest
Tests run: 5, Failures: 0, Errors: 0, Skipped: 0, Time elapsed: 0.062 sec
Running dagger.ExtensionTest
Tests run: 3, Failures: 0, Errors: 0, Skipped: 0, Time elapsed: 0.044 sec
Running dagger.InjectionTest
Tests run: 31, Failures: 0, Errors: 0, Skipped: 0, Time elapsed: 0.187 sec
Running dagger.InjectStaticsTest
Tests run: 3, Failures: 0, Errors: 0, Skipped: 0, Time elapsed: 0.008 sec
Running dagger.ProblemDetectorTest
Tests run: 3, Failures: 0, Errors: 0, Skipped: 0, Time elapsed: 0.012 sec
Running dagger.MembersInjectorTest
Tests run: 8, Failures: 0, Errors: 0, Skipped: 0, Time elapsed: 0.039 sec
Running dagger.SetBindingTest
Tests run: 7, Failures: 0, Errors: 0, Skipped: 0, Time elapsed: 0.052 sec
Running dagger.UnusedProviderTest
Tests run: 4, Failures: 0, Errors: 0, Skipped: 0, Time elapsed: 0.016 sec
Running dagger.ModuleIncludesTest
Tests run: 9, Failures: 0, Errors: 0, Skipped: 0, Time elapsed: 0.038 sec
Running dagger.InjectionOfLazyTest
Tests run: 4, Failures: 0, Errors: 0, Skipped: 0, Time elapsed: 0.017 sec

Results :

Tests run: 95, Failures: 0, Errors: 0, Skipped: 0

[INFO] 
[INFO] --- maven-jar-plugin:2.2:jar (default-jar) @ dagger ---
[INFO] Building jar: /home/travis/build/square/dagger/core/target/dagger-1.0-SNAPSHOT.jar
[INFO] 
[INFO] --- maven-checkstyle-plugin:2.9.1:checkstyle (default) @ dagger ---
[INFO] Starting audit...
Audit done.

[WARNING] Unable to locate Source XRef to link to - DISABLED
[INFO]                                                                         
[INFO] ------------------------------------------------------------------------
[INFO] Building Dagger Compiler 1.0-SNAPSHOT
[INFO] ------------------------------------------------------------------------
[INFO] 
[INFO] --- maven-enforcer-plugin:1.0:enforce (enforce-maven) @ dagger-compiler ---
[INFO] 
[INFO] --- maven-resources-plugin:2.3:resources (default-resources) @ dagger-compiler ---
[INFO] Using 'UTF-8' encoding to copy filtered resources.
[INFO] Copying 1 resource
[INFO] 
[INFO] --- maven-compiler-plugin:2.5:compile (default-compile) @ dagger-compiler ---
[INFO] Compiling 11 source files to /home/travis/build/square/dagger/compiler/target/classes
[INFO] 
[INFO] --- maven-resources-plugin:2.3:testResources (default-testResources) @ dagger-compiler ---
[INFO] Using 'UTF-8' encoding to copy filtered resources.
[INFO] skip non existing resourceDirectory /home/travis/build/square/dagger/compiler/src/test/resources
[INFO] 
[INFO] --- maven-compiler-plugin:2.5:testCompile (default-testCompile) @ dagger-compiler ---
[INFO] Compiling 3 source files to /home/travis/build/square/dagger/compiler/target/test-classes
[INFO] 
[INFO] --- maven-surefire-plugin:2.10:test (default-test) @ dagger-compiler ---
[INFO] Surefire report directory: /home/travis/build/square/dagger/compiler/target/surefire-reports

-------------------------------------------------------
 T E S T S
-------------------------------------------------------
Running dagger.internal.codegen.DotWriterTest
Tests run: 4, Failures: 0, Errors: 0, Skipped: 0, Time elapsed: 0.104 sec
Running dagger.internal.codegen.GraphVisualizerTest
Tests run: 7, Failures: 0, Errors: 0, Skipped: 0, Time elapsed: 0.05 sec

Results :

Tests run: 11, Failures: 0, Errors: 0, Skipped: 0

[INFO] 
[INFO] --- maven-jar-plugin:2.2:jar (default-jar) @ dagger-compiler ---
[INFO] Building jar: /home/travis/build/square/dagger/compiler/target/dagger-compiler-1.0-SNAPSHOT.jar
[INFO] 
[INFO] --- maven-invoker-plugin:1.7:install (integration-test) @ dagger-compiler ---
[INFO] Installing /home/travis/build/square/dagger/core/pom.xml to /home/travis/build/square/dagger/compiler/target/local-repo/com/squareup/dagger/1.0-SNAPSHOT/dagger-1.0-SNAPSHOT.pom
[INFO] Installing /home/travis/build/square/dagger/core/target/dagger-1.0-SNAPSHOT.jar to /home/travis/build/square/dagger/compiler/target/local-repo/com/squareup/dagger/1.0-SNAPSHOT/dagger-1.0-SNAPSHOT.jar
[INFO] Installing /home/travis/build/square/dagger/pom.xml to /home/travis/build/square/dagger/compiler/target/local-repo/com/squareup/dagger-parent/1.0-SNAPSHOT/dagger-parent-1.0-SNAPSHOT.pom
[INFO] Installing /home/travis/build/square/dagger/compiler/pom.xml to /home/travis/build/square/dagger/compiler/target/local-repo/com/squareup/dagger-compiler/1.0-SNAPSHOT/dagger-compiler-1.0-SNAPSHOT.pom
[INFO] Installing /home/travis/build/square/dagger/compiler/target/dagger-compiler-1.0-SNAPSHOT.jar to /home/travis/build/square/dagger/compiler/target/local-repo/com/squareup/dagger-compiler/1.0-SNAPSHOT/dagger-compiler-1.0-SNAPSHOT.jar
[INFO] 
[INFO] --- maven-invoker-plugin:1.7:run (integration-test) @ dagger-compiler ---
[INFO] Building: missing-at-inject-constructor/pom.xml
[INFO] run script verify.bsh
[INFO] ..SUCCESS (33.6 s)
[INFO] Building: simple-missing-dependency-failure/pom.xml
[INFO] run script verify.bsh
[INFO] ..SUCCESS (7.8 s)
[INFO] Building: provides-method-with-throws-clause/pom.xml
[INFO] run script verify.bsh
[INFO] ..SUCCESS (7.7 s)
[INFO] Building: multiple-provides-methods/pom.xml
[INFO] run script verify.bsh
[INFO] ..SUCCESS (33.6 s)
[INFO] Building: default-package-injected-type/pom.xml
[INFO] ..SUCCESS (9.5 s)
[INFO] Building: inject-parameterized-type/pom.xml
[INFO] ..SUCCESS (9.5 s)
[INFO] Building: unused-provider-methods-pass-compilation-on-library-module/pom.xml
[INFO] ..SUCCESS (9.4 s)
[INFO] Building: same-provides-method-name/pom.xml
[INFO] ..SUCCESS (9.7 s)
[INFO] Building: unused-provider-methods-fail-compilation/pom.xml
[INFO] run script verify.bsh
[INFO] ..FAILED (8.5 s)
[INFO]   The post-build script did not succeed. Build output did not contain expected error text:
    "ProviderMethodBinding[provideKey="java.lang.String", memberskey="null"]"

Build Output:


        [ERROR] Failed to execute goal org.apache.maven.plugins:maven-compiler-plugin:2.0.2:compile (default-compile) on project unused-provider-methods-fail-compilation: Compilation failure
        [ERROR] /home/travis/build/square/dagger/compiler/target/it/unused-provider-methods-fail-compilation/src/main/java/test/TestApp.java:[35,9] error: Graph validation failed: You have these unused @Provider methods! Set library=true in your module to disable this check.
        [ERROR] -> [Help 1]
        [ERROR] 
        [ERROR] To see the full stack trace of the errors, re-run Maven with the -e switch.
        [ERROR] Re-run Maven using the -X switch to enable full debug logging.
        [ERROR] 
        [ERROR] For more information about the errors and possible solutions, please read the following articles:
        [ERROR] [Help 1] http://cwiki.apache.org/confluence/display/MAVEN/MojoFailureException
[INFO] Building: extension-graph/pom.xml
[INFO] ..SUCCESS (10.2 s)
[INFO] Building: inner-classes-complaint-injection/pom.xml
[INFO] run script verify.bsh
[INFO] ..SUCCESS (7.8 s)
[INFO] Building: cyclic-deps/pom.xml
[INFO] run script verify.bsh
[INFO] ..SUCCESS (8.1 s)
[INFO] Building: include-non-module/pom.xml
[INFO] ..SUCCESS (8.0 s)
[INFO] Building: uninjectable-supertype/pom.xml
[INFO] ..SUCCESS (9.8 s)
[INFO] -------------------------------------------------
[INFO] Build Summary:
[INFO]   Passed: 13, Failed: 1, Errors: 0, Skipped: 0
[INFO] -------------------------------------------------
[ERROR] The following builds failed:
[ERROR] *  unused-provider-methods-fail-compilation/pom.xml
[INFO] -------------------------------------------------
[INFO] ------------------------------------------------------------------------
[INFO] Reactor Summary:
[INFO] 
[INFO] Dagger (Parent) ................................... SUCCESS [2.568s]
[INFO] Dagger ............................................ SUCCESS [10.023s]
[INFO] Dagger Compiler ................................... FAILURE [2:55.622s]
[INFO] Dagger AndroidManifest.xml Module Generator ....... SKIPPED
[INFO] Dagger Example .................................... SKIPPED
[INFO] ------------------------------------------------------------------------
[INFO] BUILD FAILURE
[INFO] ------------------------------------------------------------------------
[INFO] Total time: 3:08.758s
[INFO] Finished at: Fri Apr 12 22:40:30 UTC 2013
[INFO] Final Memory: 24M/129M
[INFO] ------------------------------------------------------------------------
[ERROR] Failed to execute goal org.apache.maven.plugins:maven-invoker-plugin:1.7:run (integration-test) on project dagger-compiler: 1 build failed. See console output above for details. -> [Help 1]
[ERROR] 
[ERROR] To see the full stack trace of the errors, re-run Maven with the -e switch.
[ERROR] Re-run Maven using the -X switch to enable full debug logging.
[ERROR] 
[ERROR] For more information about the errors and possible solutions, please read the following articles:
[ERROR] [Help 1] http://cwiki.apache.org/confluence/display/MAVEN/MojoFailureException
[ERROR] 
[ERROR] After correcting the problems, you can resume the build with the command
[ERROR]   mvn <goals> -rf :dagger-compiler

The command "mvn verify" exited with 1.

Done. Your build exited with 1.
