Using worker: worker-linux-5-2.bb.travis-ci.org:travis-linux-5

travis_fold:start:git.1$ git clone --depth=50 git://github.com/square/dagger.git square/dagger
Cloning into 'square/dagger'...
remote: Counting objects: 1500, done.[K
remote: Compressing objects:   0% (1/767)   [Kremote: Compressing objects:   1% (8/767)   [Kremote: Compressing objects:   2% (16/767)   [Kremote: Compressing objects:   3% (24/767)   [Kremote: Compressing objects:   4% (31/767)   [Kremote: Compressing objects:   5% (39/767)   [Kremote: Compressing objects:   6% (47/767)   [Kremote: Compressing objects:   7% (54/767)   [Kremote: Compressing objects:   8% (62/767)   [Kremote: Compressing objects:   9% (70/767)   [Kremote: Compressing objects:  10% (77/767)   [Kremote: Compressing objects:  11% (85/767)   [Kremote: Compressing objects:  12% (93/767)   [Kremote: Compressing objects:  13% (100/767)   [Kremote: Compressing objects:  14% (108/767)   [Kremote: Compressing objects:  15% (116/767)   [Kremote: Compressing objects:  16% (123/767)   [Kremote: Compressing objects:  17% (131/767)   [Kremote: Compressing objects:  18% (139/767)   [Kremote: Compressing objects:  19% (146/767)   [Kremote: Compressing objects:  20% (154/767)   [Kremote: Compressing objects:  21% (162/767)   [Kremote: Compressing objects:  22% (169/767)   [Kremote: Compressing objects:  23% (177/767)   [Kremote: Compressing objects:  24% (185/767)   [Kremote: Compressing objects:  25% (192/767)   [Kremote: Compressing objects:  26% (200/767)   [Kremote: Compressing objects:  27% (208/767)   [Kremote: Compressing objects:  28% (215/767)   [Kremote: Compressing objects:  29% (223/767)   [Kremote: Compressing objects:  30% (231/767)   [Kremote: Compressing objects:  31% (238/767)   [Kremote: Compressing objects:  32% (246/767)   [Kremote: Compressing objects:  33% (254/767)   [Kremote: Compressing objects:  34% (261/767)   [Kremote: Compressing objects:  35% (269/767)   [Kremote: Compressing objects:  36% (277/767)   [Kremote: Compressing objects:  37% (284/767)   [Kremote: Compressing objects:  38% (292/767)   [Kremote: Compressing objects:  39% (300/767)   [Kremote: Compressing objects:  40% (307/767)   [Kremote: Compressing objects:  41% (315/767)   [Kremote: Compressing objects:  42% (323/767)   [Kremote: Compressing objects:  43% (330/767)   [Kremote: Compressing objects:  44% (338/767)   [Kremote: Compressing objects:  45% (346/767)   [Kremote: Compressing objects:  46% (353/767)   [Kremote: Compressing objects:  47% (361/767)   [Kremote: Compressing objects:  48% (369/767)   [Kremote: Compressing objects:  49% (376/767)   [Kremote: Compressing objects:  50% (384/767)   [Kremote: Compressing objects:  51% (392/767)   [Kremote: Compressing objects:  52% (399/767)   [Kremote: Compressing objects:  53% (407/767)   [Kremote: Compressing objects:  54% (415/767)   [Kremote: Compressing objects:  55% (422/767)   [Kremote: Compressing objects:  56% (430/767)   [Kremote: Compressing objects:  57% (438/767)   [Kremote: Compressing objects:  58% (445/767)   [Kremote: Compressing objects:  59% (453/767)   [Kremote: Compressing objects:  60% (461/767)   [Kremote: Compressing objects:  61% (468/767)   [Kremote: Compressing objects:  62% (476/767)   [Kremote: Compressing objects:  63% (484/767)   [Kremote: Compressing objects:  64% (491/767)   [Kremote: Compressing objects:  65% (499/767)   [Kremote: Compressing objects:  66% (507/767)   [Kremote: Compressing objects:  67% (514/767)   [Kremote: Compressing objects:  68% (522/767)   [Kremote: Compressing objects:  69% (530/767)   [Kremote: Compressing objects:  70% (537/767)   [Kremote: Compressing objects:  71% (545/767)   [Kremote: Compressing objects:  72% (553/767)   [Kremote: Compressing objects:  73% (560/767)   [Kremote: Compressing objects:  74% (568/767)   [Kremote: Compressing objects:  75% (576/767)   [Kremote: Compressing objects:  76% (583/767)   [Kremote: Compressing objects:  77% (591/767)   [Kremote: Compressing objects:  78% (599/767)   [Kremote: Compressing objects:  79% (606/767)   [Kremote: Compressing objects:  80% (614/767)   [Kremote: Compressing objects:  81% (622/767)   [Kremote: Compressing objects:  82% (629/767)   [Kremote: Compressing objects:  83% (637/767)   [Kremote: Compressing objects:  84% (645/767)   [Kremote: Compressing objects:  85% (652/767)   [Kremote: Compressing objects:  86% (660/767)   [Kremote: Compressing objects:  87% (668/767)   [Kremote: Compressing objects:  88% (675/767)   [Kremote: Compressing objects:  89% (683/767)   [Kremote: Compressing objects:  90% (691/767)   [Kremote: Compressing objects:  91% (698/767)   [Kremote: Compressing objects:  92% (706/767)   [Kremote: Compressing objects:  93% (714/767)   [Kremote: Compressing objects:  94% (721/767)   [Kremote: Compressing objects:  95% (729/767)   [Kremote: Compressing objects:  96% (737/767)   [Kremote: Compressing objects:  97% (744/767)   [Kremote: Compressing objects:  98% (752/767)   [Kremote: Compressing objects:  99% (760/767)   [Kremote: Compressing objects: 100% (767/767)   [Kremote: Compressing objects: 100% (767/767), done.[K
Receiving objects:   0% (1/1500)   Receiving objects:   1% (15/1500)   Receiving objects:   2% (30/1500)   Receiving objects:   3% (45/1500)   Receiving objects:   4% (60/1500)   Receiving objects:   5% (75/1500)   Receiving objects:   6% (90/1500)   Receiving objects:   7% (105/1500)   Receiving objects:   8% (120/1500)   Receiving objects:   9% (135/1500)   Receiving objects:  10% (150/1500)   Receiving objects:  11% (165/1500)   Receiving objects:  12% (180/1500)   Receiving objects:  13% (195/1500)   Receiving objects:  14% (210/1500)   Receiving objects:  15% (225/1500)   Receiving objects:  16% (240/1500)   Receiving objects:  17% (255/1500)   Receiving objects:  18% (270/1500)   Receiving objects:  19% (285/1500)   Receiving objects:  20% (300/1500)   Receiving objects:  21% (315/1500)   Receiving objects:  22% (330/1500)   Receiving objects:  23% (345/1500)   Receiving objects:  24% (360/1500)   Receiving objects:  25% (375/1500)   Receiving objects:  26% (390/1500)   Receiving objects:  27% (405/1500)   Receiving objects:  28% (420/1500)   Receiving objects:  29% (435/1500)   Receiving objects:  30% (450/1500)   Receiving objects:  31% (465/1500)   Receiving objects:  32% (480/1500)   Receiving objects:  33% (495/1500)   Receiving objects:  34% (510/1500)   Receiving objects:  35% (525/1500)   Receiving objects:  36% (540/1500)   Receiving objects:  37% (555/1500)   Receiving objects:  38% (570/1500)   Receiving objects:  39% (585/1500)   Receiving objects:  40% (600/1500)   Receiving objects:  41% (615/1500)   Receiving objects:  42% (630/1500)   Receiving objects:  43% (645/1500)   Receiving objects:  44% (660/1500)   Receiving objects:  45% (675/1500)   Receiving objects:  46% (690/1500)   Receiving objects:  47% (705/1500)   Receiving objects:  48% (720/1500)   Receiving objects:  49% (735/1500)   Receiving objects:  50% (750/1500)   Receiving objects:  51% (765/1500)   Receiving objects:  52% (780/1500)   Receiving objects:  53% (795/1500)   Receiving objects:  54% (810/1500)   Receiving objects:  55% (825/1500)   Receiving objects:  56% (840/1500)   Receiving objects:  57% (855/1500)   Receiving objects:  58% (870/1500)   Receiving objects:  59% (885/1500)   Receiving objects:  60% (900/1500)   Receiving objects:  61% (915/1500)   Receiving objects:  62% (930/1500)   Receiving objects:  63% (945/1500)   Receiving objects:  64% (960/1500)   Receiving objects:  65% (975/1500)   Receiving objects:  66% (990/1500)   Receiving objects:  67% (1005/1500)   Receiving objects:  68% (1020/1500)   Receiving objects:  69% (1035/1500)   Receiving objects:  70% (1050/1500)   Receiving objects:  71% (1065/1500)   Receiving objects:  72% (1080/1500)   Receiving objects:  73% (1095/1500)   Receiving objects:  74% (1110/1500)   Receiving objects:  75% (1125/1500)   Receiving objects:  76% (1140/1500)   Receiving objects:  77% (1155/1500)   Receiving objects:  78% (1170/1500)   Receiving objects:  79% (1185/1500)   Receiving objects:  80% (1200/1500)   Receiving objects:  81% (1215/1500)   Receiving objects:  82% (1230/1500)   Receiving objects:  83% (1245/1500)   Receiving objects:  84% (1260/1500)   Receiving objects:  85% (1275/1500)   Receiving objects:  86% (1290/1500)   Receiving objects:  87% (1305/1500)   Receiving objects:  88% (1320/1500)   Receiving objects:  89% (1335/1500)   Receiving objects:  90% (1350/1500)   Receiving objects:  91% (1365/1500)   remote: Total 1500 (delta 556), reused 1289 (delta 375)[K
Receiving objects:  92% (1380/1500)   Receiving objects:  93% (1395/1500)   Receiving objects:  94% (1410/1500)   Receiving objects:  95% (1425/1500)   Receiving objects:  96% (1440/1500)   Receiving objects:  97% (1455/1500)   Receiving objects:  98% (1470/1500)   Receiving objects:  99% (1485/1500)   Receiving objects: 100% (1500/1500)   Receiving objects: 100% (1500/1500), 376.22 KiB, done.
Resolving deltas:   0% (0/556)   Resolving deltas:   1% (6/556)   Resolving deltas:   2% (14/556)   Resolving deltas:   3% (17/556)   Resolving deltas:   4% (25/556)   Resolving deltas:   7% (44/556)   Resolving deltas:  10% (56/556)   Resolving deltas:  12% (68/556)   Resolving deltas:  13% (74/556)   Resolving deltas:  14% (79/556)   Resolving deltas:  15% (84/556)   Resolving deltas:  26% (150/556)   Resolving deltas:  27% (153/556)   Resolving deltas:  28% (156/556)   Resolving deltas:  29% (163/556)   Resolving deltas:  37% (210/556)   Resolving deltas:  38% (216/556)   Resolving deltas:  39% (217/556)   Resolving deltas:  41% (231/556)   Resolving deltas:  42% (234/556)   Resolving deltas:  43% (241/556)   Resolving deltas:  44% (246/556)   Resolving deltas:  45% (252/556)   Resolving deltas:  46% (260/556)   Resolving deltas:  48% (268/556)   Resolving deltas:  49% (274/556)   Resolving deltas:  50% (279/556)   Resolving deltas:  53% (295/556)   Resolving deltas:  55% (310/556)   Resolving deltas:  56% (315/556)   Resolving deltas:  57% (317/556)   Resolving deltas:  58% (324/556)   Resolving deltas:  59% (329/556)   Resolving deltas:  60% (334/556)   Resolving deltas:  61% (341/556)   Resolving deltas:  68% (380/556)   Resolving deltas:  69% (385/556)   Resolving deltas:  70% (392/556)   Resolving deltas:  71% (396/556)   Resolving deltas:  75% (417/556)   Resolving deltas:  85% (478/556)   Resolving deltas:  86% (479/556)   Resolving deltas:  87% (484/556)   Resolving deltas:  88% (490/556)   Resolving deltas:  90% (504/556)   Resolving deltas:  91% (509/556)   Resolving deltas:  93% (521/556)   Resolving deltas:  94% (523/556)   Resolving deltas:  95% (532/556)   Resolving deltas:  96% (534/556)   Resolving deltas:  97% (540/556)   Resolving deltas:  98% (545/556)   Resolving deltas:  99% (551/556)   Resolving deltas: 100% (556/556)   Resolving deltas: 100% (556/556), done.
travis_fold:end:git.1$ cd square/dagger
travis_fold:start:git.2$ git fetch origin +refs/pull/205/merge: 
remote: Counting objects: 98, done.[K
remote: Compressing objects:   5% (1/19)   [Kremote: Compressing objects:  10% (2/19)   [Kremote: Compressing objects:  15% (3/19)   [Kremote: Compressing objects:  21% (4/19)   [Kremote: Compressing objects:  26% (5/19)   [Kremote: Compressing objects:  31% (6/19)   [Kremote: Compressing objects:  36% (7/19)   [Kremote: Compressing objects:  42% (8/19)   [Kremote: Compressing objects:  47% (9/19)   [Kremote: Compressing objects:  52% (10/19)   [Kremote: Compressing objects:  57% (11/19)   [Kremote: Compressing objects:  63% (12/19)   [Kremote: Compressing objects:  68% (13/19)   [Kremote: Compressing objects:  73% (14/19)   [Kremote: Compressing objects:  78% (15/19)   [Kremote: Compressing objects:  84% (16/19)   [Kremote: Compressing objects:  89% (17/19)   [Kremote: Compressing objects:  94% (18/19)   [Kremote: Compressing objects: 100% (19/19)   [Kremote: Compressing objects: 100% (19/19), done.[K
remote: Total 61 (delta 24), reused 61 (delta 24)[K
Unpacking objects:   1% (1/61)   Unpacking objects:   3% (2/61)   Unpacking objects:   4% (3/61)   Unpacking objects:   6% (4/61)   Unpacking objects:   8% (5/61)   Unpacking objects:   9% (6/61)   Unpacking objects:  11% (7/61)   Unpacking objects:  13% (8/61)   Unpacking objects:  14% (9/61)   Unpacking objects:  16% (10/61)   Unpacking objects:  18% (11/61)   Unpacking objects:  19% (12/61)   Unpacking objects:  21% (13/61)   Unpacking objects:  22% (14/61)   Unpacking objects:  24% (15/61)   Unpacking objects:  26% (16/61)   Unpacking objects:  27% (17/61)   Unpacking objects:  29% (18/61)   Unpacking objects:  31% (19/61)   Unpacking objects:  32% (20/61)   Unpacking objects:  34% (21/61)   Unpacking objects:  36% (22/61)   Unpacking objects:  37% (23/61)   Unpacking objects:  39% (24/61)   Unpacking objects:  40% (25/61)   Unpacking objects:  42% (26/61)   Unpacking objects:  44% (27/61)   Unpacking objects:  45% (28/61)   Unpacking objects:  47% (29/61)   Unpacking objects:  49% (30/61)   Unpacking objects:  50% (31/61)   Unpacking objects:  52% (32/61)   Unpacking objects:  54% (33/61)   Unpacking objects:  55% (34/61)   Unpacking objects:  57% (35/61)   Unpacking objects:  59% (36/61)   Unpacking objects:  60% (37/61)   Unpacking objects:  62% (38/61)   Unpacking objects:  63% (39/61)   Unpacking objects:  65% (40/61)   Unpacking objects:  67% (41/61)   Unpacking objects:  68% (42/61)   Unpacking objects:  70% (43/61)   Unpacking objects:  72% (44/61)   Unpacking objects:  73% (45/61)   Unpacking objects:  75% (46/61)   Unpacking objects:  77% (47/61)   Unpacking objects:  78% (48/61)   Unpacking objects:  80% (49/61)   Unpacking objects:  81% (50/61)   Unpacking objects:  83% (51/61)   Unpacking objects:  85% (52/61)   Unpacking objects:  86% (53/61)   Unpacking objects:  88% (54/61)   Unpacking objects:  90% (55/61)   Unpacking objects:  91% (56/61)   Unpacking objects:  93% (57/61)   Unpacking objects:  95% (58/61)   Unpacking objects:  96% (59/61)   Unpacking objects:  98% (60/61)   Unpacking objects: 100% (61/61)   Unpacking objects: 100% (61/61), done.
From git://github.com/square/dagger
 * branch            refs/pull/205/merge -> FETCH_HEAD
travis_fold:end:git.2travis_fold:start:git.3$ git checkout -qf FETCH_HEAD
travis_fold:end:git.3$ java -version
java version "1.7.0_15"
OpenJDK Runtime Environment (IcedTea7 2.3.7) (7u15-2.3.7-0ubuntu1~12.04.1)
OpenJDK 64-Bit Server VM (build 23.7-b01, mixed mode)
$ javac -version
javac 1.7.0_15
travis_fold:start:install$ mvn install clean --fail-never --quiet -DskipTests=true -Dinvoker.skip=true
travis_fold:end:install$ mvn verify
[INFO] Scanning for projects...
[INFO] ------------------------------------------------------------------------
[INFO] Reactor Build Order:
[INFO] 
[INFO] Dagger (Parent)
[INFO] Dagger
[INFO] Dagger Compiler
[INFO] Dagger Example (Parent)
[INFO] Dagger Example - Simple
[INFO]                                                                         
[INFO] ------------------------------------------------------------------------
[INFO] Building Dagger (Parent) 1.0-SNAPSHOT
[INFO] ------------------------------------------------------------------------
[INFO] 
[INFO] --- maven-enforcer-plugin:1.0:enforce (enforce-maven) @ dagger-parent ---
[INFO] 
[INFO] --- maven-checkstyle-plugin:2.10:checkstyle (default) @ dagger-parent ---
[INFO]                                                                         
[INFO] ------------------------------------------------------------------------
[INFO] Building Dagger 1.0-SNAPSHOT
[INFO] ------------------------------------------------------------------------
[INFO] 
[INFO] --- maven-enforcer-plugin:1.0:enforce (enforce-maven) @ dagger ---
[INFO] 
[INFO] --- maven-resources-plugin:2.3:resources (default-resources) @ dagger ---
[INFO] Using 'UTF-8' encoding to copy filtered resources.
[INFO] skip non existing resourceDirectory /home/travis/build/square/dagger/core/src/main/resources
[INFO] 
[INFO] --- maven-compiler-plugin:2.5:compile (default-compile) @ dagger ---
[INFO] Compiling 24 source files to /home/travis/build/square/dagger/core/target/classes
[WARNING] bootstrap class path not set in conjunction with -source 1.6
/home/travis/build/square/dagger/core/src/main/java/dagger/internal/ProblemDetector.java:[33,14] [rawtypes] found raw type: Binding
[WARNING]   missing type arguments for generic class Binding<T>
  where T is a type-variable:
    T extends Object declared in class Binding
/home/travis/build/square/dagger/core/src/main/java/dagger/internal/ProblemDetector.java:[33,54] [rawtypes] found raw type: Binding
[WARNING]   missing type arguments for generic class Binding<T>
  where T is a type-variable:
    T extends Object declared in class Binding
/home/travis/build/square/dagger/core/src/main/java/dagger/internal/UniqueMap.java:[24,7] [serial] serializable class UniqueMap has no definition of serialVersionUID
[WARNING] /home/travis/build/square/dagger/core/src/main/java/dagger/internal/plugins/reflect/ReflectiveModuleAdapter.java:[127,23] [rawtypes] found raw type: Binding
[INFO] 
[INFO] --- maven-resources-plugin:2.3:testResources (default-testResources) @ dagger ---
[INFO] Using 'UTF-8' encoding to copy filtered resources.
[INFO] skip non existing resourceDirectory /home/travis/build/square/dagger/core/src/test/resources
[INFO] 
[INFO] --- maven-compiler-plugin:2.5:testCompile (default-testCompile) @ dagger ---
[INFO] Compiling 14 source files to /home/travis/build/square/dagger/core/target/test-classes
[INFO] 
[INFO] --- maven-surefire-plugin:2.10:test (default-test) @ dagger ---
[INFO] Surefire report directory: /home/travis/build/square/dagger/core/target/surefire-reports
Downloading: http://maven.mirrors.travis-ci.org/nexus/content/repositories/central/org/apache/maven/surefire/surefire-junit4/2.10/surefire-junit4-2.10.pom
3/3 KB            Downloaded: http://maven.mirrors.travis-ci.org/nexus/content/repositories/central/org/apache/maven/surefire/surefire-junit4/2.10/surefire-junit4-2.10.pom (3 KB at 4.0 KB/sec)
Downloading: http://maven.mirrors.travis-ci.org/nexus/content/repositories/central/org/apache/maven/surefire/surefire-providers/2.10/surefire-providers-2.10.pom
3/3 KB            Downloaded: http://maven.mirrors.travis-ci.org/nexus/content/repositories/central/org/apache/maven/surefire/surefire-providers/2.10/surefire-providers-2.10.pom (3 KB at 6.7 KB/sec)
Downloading: http://maven.mirrors.travis-ci.org/nexus/content/repositories/central/org/apache/maven/surefire/surefire-junit4/2.10/surefire-junit4-2.10.jar
4/33 KB   8/33 KB   9/33 KB   10/33 KB   14/33 KB   18/33 KB   22/33 KB   26/33 KB   27/33 KB   28/33 KB   32/33 KB   33/33 KB              Downloaded: http://maven.mirrors.travis-ci.org/nexus/content/repositories/central/org/apache/maven/surefire/surefire-junit4/2.10/surefire-junit4-2.10.jar (33 KB at 61.5 KB/sec)

-------------------------------------------------------
 T E S T S
-------------------------------------------------------
Running dagger.LazyInjectionTest
Tests run: 5, Failures: 0, Errors: 0, Skipped: 0, Time elapsed: 0.169 sec
Running dagger.SetBindingTest
Tests run: 7, Failures: 0, Errors: 0, Skipped: 0, Time elapsed: 0.094 sec
Running dagger.ModuleTest
Tests run: 10, Failures: 0, Errors: 0, Skipped: 0, Time elapsed: 0.056 sec
Running dagger.MembersInjectorTest
Tests run: 8, Failures: 0, Errors: 0, Skipped: 0, Time elapsed: 0.044 sec
Running dagger.internal.SingletonBindingTest
Tests run: 7, Failures: 0, Errors: 0, Skipped: 0, Time elapsed: 0.013 sec
Running dagger.internal.KeysTest
Tests run: 18, Failures: 0, Errors: 0, Skipped: 0, Time elapsed: 0.033 sec
Running dagger.ExtensionTest
Tests run: 3, Failures: 0, Errors: 0, Skipped: 0, Time elapsed: 0.025 sec
Running dagger.InjectionTest
Tests run: 34, Failures: 0, Errors: 0, Skipped: 0, Time elapsed: 0.209 sec
Running dagger.InjectionOfLazyTest
Tests run: 4, Failures: 0, Errors: 0, Skipped: 0, Time elapsed: 0.016 sec
Running dagger.InjectStaticsTest
Tests run: 3, Failures: 0, Errors: 0, Skipped: 0, Time elapsed: 0.013 sec
Running dagger.ExtensionWithStateTest
Tests run: 1, Failures: 0, Errors: 0, Skipped: 0, Time elapsed: 0.006 sec
Running dagger.ProblemDetectorTest
Tests run: 3, Failures: 0, Errors: 0, Skipped: 0, Time elapsed: 0.014 sec
Running dagger.ThreadSafetyTest
Tests run: 2, Failures: 0, Errors: 0, Skipped: 0, Time elapsed: 0.079 sec
Running dagger.UnusedProviderTest
Tests run: 4, Failures: 0, Errors: 0, Skipped: 0, Time elapsed: 0.024 sec

Results :

Tests run: 109, Failures: 0, Errors: 0, Skipped: 0

[INFO] 
[INFO] --- maven-jar-plugin:2.2:jar (default-jar) @ dagger ---
[INFO] Building jar: /home/travis/build/square/dagger/core/target/dagger-1.0-SNAPSHOT.jar
[INFO] 
[INFO] --- maven-checkstyle-plugin:2.10:checkstyle (default) @ dagger ---
[INFO] Starting audit...
Audit done.

[WARNING] Unable to locate Source XRef to link to - DISABLED
[INFO]                                                                         
[INFO] ------------------------------------------------------------------------
[INFO] Building Dagger Compiler 1.0-SNAPSHOT
[INFO] ------------------------------------------------------------------------
[INFO] 
[INFO] --- maven-enforcer-plugin:1.0:enforce (enforce-maven) @ dagger-compiler ---
[INFO] 
[INFO] --- maven-resources-plugin:2.3:resources (default-resources) @ dagger-compiler ---
[INFO] Using 'UTF-8' encoding to copy filtered resources.
[INFO] Copying 1 resource
[INFO] 
[INFO] --- maven-compiler-plugin:2.5:compile (default-compile) @ dagger-compiler ---
[INFO] Compiling 11 source files to /home/travis/build/square/dagger/compiler/target/classes
[INFO] 
[INFO] --- maven-resources-plugin:2.3:testResources (default-testResources) @ dagger-compiler ---
[INFO] Using 'UTF-8' encoding to copy filtered resources.
[INFO] skip non existing resourceDirectory /home/travis/build/square/dagger/compiler/src/test/resources
[INFO] 
[INFO] --- maven-compiler-plugin:2.5:testCompile (default-testCompile) @ dagger-compiler ---
[INFO] Compiling 3 source files to /home/travis/build/square/dagger/compiler/target/test-classes
[INFO] 
[INFO] --- maven-surefire-plugin:2.10:test (default-test) @ dagger-compiler ---
[INFO] Surefire report directory: /home/travis/build/square/dagger/compiler/target/surefire-reports

-------------------------------------------------------
 T E S T S
-------------------------------------------------------
Running dagger.internal.codegen.DotWriterTest
Tests run: 4, Failures: 0, Errors: 0, Skipped: 0, Time elapsed: 0.11 sec
Running dagger.internal.codegen.GraphVisualizerTest
Tests run: 7, Failures: 0, Errors: 0, Skipped: 0, Time elapsed: 0.05 sec

Results :

Tests run: 11, Failures: 0, Errors: 0, Skipped: 0

[INFO] 
[INFO] --- maven-jar-plugin:2.2:jar (default-jar) @ dagger-compiler ---
[INFO] Building jar: /home/travis/build/square/dagger/compiler/target/dagger-compiler-1.0-SNAPSHOT.jar
[INFO] 
[INFO] --- maven-invoker-plugin:1.7:install (integration-test) @ dagger-compiler ---
[INFO] Installing /home/travis/build/square/dagger/core/pom.xml to /home/travis/build/square/dagger/compiler/target/local-repo/com/squareup/dagger/dagger/1.0-SNAPSHOT/dagger-1.0-SNAPSHOT.pom
[INFO] Installing /home/travis/build/square/dagger/core/target/dagger-1.0-SNAPSHOT.jar to /home/travis/build/square/dagger/compiler/target/local-repo/com/squareup/dagger/dagger/1.0-SNAPSHOT/dagger-1.0-SNAPSHOT.jar
[INFO] Installing /home/travis/build/square/dagger/pom.xml to /home/travis/build/square/dagger/compiler/target/local-repo/com/squareup/dagger/dagger-parent/1.0-SNAPSHOT/dagger-parent-1.0-SNAPSHOT.pom
[INFO] Installing /home/travis/build/square/dagger/compiler/pom.xml to /home/travis/build/square/dagger/compiler/target/local-repo/com/squareup/dagger/dagger-compiler/1.0-SNAPSHOT/dagger-compiler-1.0-SNAPSHOT.pom
[INFO] Installing /home/travis/build/square/dagger/compiler/target/dagger-compiler-1.0-SNAPSHOT.jar to /home/travis/build/square/dagger/compiler/target/local-repo/com/squareup/dagger/dagger-compiler/1.0-SNAPSHOT/dagger-compiler-1.0-SNAPSHOT.jar
[INFO] 
[INFO] --- maven-invoker-plugin:1.7:run (integration-test) @ dagger-compiler ---
[INFO] Building: extension-graph/pom.xml
[INFO] ..SUCCESS (59.4 s)
[INFO] Building: cyclic-deps/pom.xml
[INFO] run script verify.bsh
[INFO] ..SUCCESS (8.5 s)
[INFO] Building: private-inject/pom.xml
[INFO] run script verify.bsh
[INFO] ..SUCCESS (7.8 s)
[INFO] Building: unused-provider-methods-fail-compilation/pom.xml
[INFO] ..FAILED (11.2 s)
[INFO]   The build exited with code 0. See /home/travis/build/square/dagger/compiler/target/it/unused-provider-methods-fail-compilation/build.log for details.
[INFO] Building: unused-provider-methods-pass-compilation-on-library-module/pom.xml
[INFO] ..FAILED (8.1 s)
[INFO]   The build exited with code 1. See /home/travis/build/square/dagger/compiler/target/it/unused-provider-methods-pass-compilation-on-library-module/build.log for details.
[INFO] Building: multiple-provides-methods/pom.xml
[INFO] run script verify.bsh
[INFO] ..SUCCESS (9.8 s)
[INFO] Building: uninjectable-supertype/pom.xml
[INFO] ..SUCCESS (11.3 s)
[INFO] Building: cyclic-module-includes/pom.xml
[INFO] run script verify.bsh
[INFO] ..FAILED (8.0 s)
[INFO]   The post-build script did not succeed. Build output did not contain expected error text:
    "Graph validation failed"

Build Output:


        [ERROR] Failed to execute goal org.apache.maven.plugins:maven-compiler-plugin:2.0.2:compile (default-compile) on project cyclic-module-includes: Compilation failure
        [ERROR] Failure executing javac, but could not parse the error:
        [ERROR] 
        [ERROR] 
        [ERROR] An annotation processor threw an uncaught exception.
        [ERROR] Consult the following stack trace for details.
        [ERROR] dagger.internal.codegen.FullGraphProcessor$ModuleValidationException: Module Inclusion Cycle: test.TestApp.SelfReferencingModule includes itself directly.
        [ERROR] at dagger.internal.codegen.FullGraphProcessor.collectIncludesRecursively(FullGraphProcessor.java:235)
        [ERROR] at dagger.internal.codegen.FullGraphProcessor.collectIncludesRecursively(FullGraphProcessor.java:253)
        [ERROR] at dagger.internal.codegen.FullGraphProcessor.processCompleteModule(FullGraphProcessor.java:135)
        [ERROR] at dagger.internal.codegen.FullGraphProcessor.process(FullGraphProcessor.java:95)
        [ERROR] at com.sun.tools.javac.processing.JavacProcessingEnvironment.callProcessor(JavacProcessingEnvironment.java:793)
        [ERROR] at com.sun.tools.javac.processing.JavacProcessingEnvironment.access$200(JavacProcessingEnvironment.java:97)
        [ERROR] at com.sun.tools.javac.processing.JavacProcessingEnvironment$DiscoveredProcessors$ProcessorStateIterator.runContributingProcs(JavacProcessingEnvironment.java:644)
        [ERROR] at com.sun.tools.javac.processing.JavacProcessingEnvironment$Round.run(JavacProcessingEnvironment.java:1027)
        [ERROR] at com.sun.tools.javac.processing.JavacProcessingEnvironment.doProcessing(JavacProcessingEnvironment.java:1185)
        [ERROR] at com.sun.tools.javac.main.JavaCompiler.processAnnotations(JavaCompiler.java:1108)
        [ERROR] at com.sun.tools.javac.main.JavaCompiler.compile(JavaCompiler.java:824)
        [ERROR] at com.sun.tools.javac.main.Main.compile(Main.java:439)
        [ERROR] at com.sun.tools.javac.main.Main.compile(Main.java:353)
        [ERROR] at com.sun.tools.javac.main.Main.compile(Main.java:342)
        [ERROR] at com.sun.tools.javac.main.Main.compile(Main.java:333)
        [ERROR] at com.sun.tools.javac.Main.compile(Main.java:94)
        [ERROR] at sun.reflect.NativeMethodAccessorImpl.invoke0(Native Method)
        [ERROR] at sun.reflect.NativeMethodAccessorImpl.invoke(NativeMethodAccessorImpl.java:57)
        [ERROR] at sun.reflect.DelegatingMethodAccessorImpl.invoke(DelegatingMethodAccessorImpl.java:43)
        [ERROR] at java.lang.reflect.Method.invoke(Method.java:601)
        [ERROR] at org.codehaus.plexus.compiler.javac.JavacCompiler.compileInProcess(JavacCompiler.java:420)
        [ERROR] at org.codehaus.plexus.compiler.javac.JavacCompiler.compile(JavacCompiler.java:141)
        [ERROR] at org.apache.maven.plugin.AbstractCompilerMojo.execute(AbstractCompilerMojo.java:493)
        [ERROR] at org.apache.maven.plugin.CompilerMojo.execute(CompilerMojo.java:114)
        [ERROR] at org.apache.maven.plugin.DefaultBuildPluginManager.executeMojo(DefaultBuildPluginManager.java:101)
        [ERROR] at org.apache.maven.lifecycle.internal.MojoExecutor.execute(MojoExecutor.java:209)
        [ERROR] at org.apache.maven.lifecycle.internal.MojoExecutor.execute(MojoExecutor.java:153)
        [ERROR] at org.apache.maven.lifecycle.internal.MojoExecutor.execute(MojoExecutor.java:145)
        [ERROR] at org.apache.maven.lifecycle.internal.LifecycleModuleBuilder.buildProject(LifecycleModuleBuilder.java:84)
        [ERROR] at org.apache.maven.lifecycle.internal.LifecycleModuleBuilder.buildProject(LifecycleModuleBuilder.java:59)
        [ERROR] at org.apache.maven.lifecycle.internal.LifecycleStarter.singleThreadedBuild(LifecycleStarter.java:183)
        [ERROR] at org.apache.maven.lifecycle.internal.LifecycleStarter.execute(LifecycleStarter.java:161)
        [ERROR] at org.apache.maven.DefaultMaven.doExecute(DefaultMaven.java:320)
        [ERROR] at org.apache.maven.DefaultMaven.execute(DefaultMaven.java:156)
        [ERROR] at org.apache.maven.cli.MavenCli.execute(MavenCli.java:537)
        [ERROR] at org.apache.maven.cli.MavenCli.doMain(MavenCli.java:196)
        [ERROR] at org.apache.maven.cli.MavenCli.main(MavenCli.java:141)
        [ERROR] at sun.reflect.NativeMethodAccessorImpl.invoke0(Native Method)
        [ERROR] at sun.reflect.NativeMethodAccessorImpl.invoke(NativeMethodAccessorImpl.java:57)
        [ERROR] at sun.reflect.DelegatingMethodAccessorImpl.invoke(DelegatingMethodAccessorImpl.java:43)
        [ERROR] at java.lang.reflect.Method.invoke(Method.java:601)
        [ERROR] at org.codehaus.plexus.classworlds.launcher.Launcher.launchEnhanced(Launcher.java:290)
        [ERROR] at org.codehaus.plexus.classworlds.launcher.Launcher.launch(Launcher.java:230)
        [ERROR] at org.codehaus.plexus.classworlds.launcher.Launcher.mainWithExitCode(Launcher.java:409)
        [ERROR] at org.codehaus.plexus.classworlds.launcher.Launcher.main(Launcher.java:352)
        [ERROR] -> [Help 1]
        [ERROR] 
        [ERROR] To see the full stack trace of the errors, re-run Maven with the -e switch.
        [ERROR] Re-run Maven using the -X switch to enable full debug logging.
        [ERROR] 
        [ERROR] For more information about the errors and possible solutions, please read the following articles:
        [ERROR] [Help 1] http://cwiki.apache.org/confluence/display/MAVEN/MojoFailureException
[INFO] Building: provides-method-with-throws-clause/pom.xml
[INFO] run script verify.bsh
[INFO] ..SUCCESS (7.9 s)
[INFO] Building: missing-at-inject-constructor/pom.xml
[INFO] run script verify.bsh
[INFO] ..SUCCESS (8.1 s)
[INFO] Building: same-provides-method-name/pom.xml
[INFO] ..SUCCESS (9.6 s)
[INFO] Building: include-non-module/pom.xml
[INFO] ..SUCCESS (8.0 s)
[INFO] Building: simple-missing-dependency-failure/pom.xml
[INFO] run script verify.bsh
[INFO] ..SUCCESS (7.9 s)
[INFO] Building: inject-parameterized-type/pom.xml
[INFO] ..SUCCESS (9.6 s)
[INFO] Building: method-injection/pom.xml
[INFO] run script verify.bsh
[INFO] ..SUCCESS (7.8 s)
[INFO] Building: default-package-injected-type/pom.xml
[INFO] ..SUCCESS (9.9 s)
[INFO] Building: module-type-validation/pom.xml
[INFO] run script verify.bsh
[INFO] ..SUCCESS (7.8 s)
[INFO] Building: inner-classes-complaint-injection/pom.xml
[INFO] run script verify.bsh
[INFO] ..SUCCESS (7.6 s)
[INFO] -------------------------------------------------
[INFO] Build Summary:
[INFO]   Passed: 15, Failed: 3, Errors: 0, Skipped: 0
[INFO] -------------------------------------------------
[ERROR] The following builds failed:
[ERROR] *  unused-provider-methods-fail-compilation/pom.xml
[ERROR] *  unused-provider-methods-pass-compilation-on-library-module/pom.xml
[ERROR] *  cyclic-module-includes/pom.xml
[INFO] -------------------------------------------------
[INFO] ------------------------------------------------------------------------
[INFO] Reactor Summary:
[INFO] 
[INFO] Dagger (Parent) ................................... SUCCESS [2.801s]
[INFO] Dagger ............................................ SUCCESS [10.532s]
[INFO] Dagger Compiler ................................... FAILURE [3:30.993s]
[INFO] Dagger Example (Parent) ........................... SKIPPED
[INFO] Dagger Example - Simple ........................... SKIPPED
[INFO] ------------------------------------------------------------------------
[INFO] BUILD FAILURE
[INFO] ------------------------------------------------------------------------
[INFO] Total time: 3:44.861s
[INFO] Finished at: Fri Apr 12 22:43:00 UTC 2013
[INFO] Final Memory: 24M/179M
[INFO] ------------------------------------------------------------------------
[ERROR] Failed to execute goal org.apache.maven.plugins:maven-invoker-plugin:1.7:run (integration-test) on project dagger-compiler: 3 builds failed. See console output above for details. -> [Help 1]
[ERROR] 
[ERROR] To see the full stack trace of the errors, re-run Maven with the -e switch.
[ERROR] Re-run Maven using the -X switch to enable full debug logging.
[ERROR] 
[ERROR] For more information about the errors and possible solutions, please read the following articles:
[ERROR] [Help 1] http://cwiki.apache.org/confluence/display/MAVEN/MojoFailureException
[ERROR] 
[ERROR] After correcting the problems, you can resume the build with the command
[ERROR]   mvn <goals> -rf :dagger-compiler

The command "mvn verify" exited with 1.

Done. Your build exited with 1.
