Using worker: worker-linux-5-2.bb.travis-ci.org:travis-linux-11

travis_fold:start:git.1$ git clone --depth=50 --branch=kiran/wat git://github.com/square/dagger.git square/dagger
Cloning into 'square/dagger'...
remote: Counting objects: 3761, done.[K
remote: Compressing objects:   0% (1/1822)   [Kremote: Compressing objects:   1% (19/1822)   [Kremote: Compressing objects:   2% (37/1822)   [Kremote: Compressing objects:   3% (55/1822)   [Kremote: Compressing objects:   4% (73/1822)   [Kremote: Compressing objects:   5% (92/1822)   [Kremote: Compressing objects:   6% (110/1822)   [Kremote: Compressing objects:   7% (128/1822)   [Kremote: Compressing objects:   8% (146/1822)   [Kremote: Compressing objects:   9% (164/1822)   [Kremote: Compressing objects:  10% (183/1822)   [Kremote: Compressing objects:  11% (201/1822)   [Kremote: Compressing objects:  12% (219/1822)   [Kremote: Compressing objects:  13% (237/1822)   [Kremote: Compressing objects:  14% (256/1822)   [Kremote: Compressing objects:  15% (274/1822)   [Kremote: Compressing objects:  16% (292/1822)   [Kremote: Compressing objects:  17% (310/1822)   [Kremote: Compressing objects:  18% (328/1822)   [Kremote: Compressing objects:  19% (347/1822)   [Kremote: Compressing objects:  20% (365/1822)   [Kremote: Compressing objects:  21% (383/1822)   [Kremote: Compressing objects:  22% (401/1822)   [Kremote: Compressing objects:  23% (420/1822)   [Kremote: Compressing objects:  24% (438/1822)   [Kremote: Compressing objects:  25% (456/1822)   [Kremote: Compressing objects:  26% (474/1822)   [Kremote: Compressing objects:  27% (492/1822)   [Kremote: Compressing objects:  28% (511/1822)   [Kremote: Compressing objects:  29% (529/1822)   [Kremote: Compressing objects:  30% (547/1822)   [Kremote: Compressing objects:  31% (565/1822)   [Kremote: Compressing objects:  32% (584/1822)   [Kremote: Compressing objects:  33% (602/1822)   [Kremote: Compressing objects:  34% (620/1822)   [Kremote: Compressing objects:  35% (638/1822)   [Kremote: Compressing objects:  36% (656/1822)   [Kremote: Compressing objects:  37% (675/1822)   [Kremote: Compressing objects:  38% (693/1822)   [Kremote: Compressing objects:  39% (711/1822)   [Kremote: Compressing objects:  40% (729/1822)   [Kremote: Compressing objects:  41% (748/1822)   [Kremote: Compressing objects:  42% (766/1822)   [Kremote: Compressing objects:  43% (784/1822)   [Kremote: Compressing objects:  44% (802/1822)   [Kremote: Compressing objects:  45% (820/1822)   [Kremote: Compressing objects:  46% (839/1822)   [Kremote: Compressing objects:  47% (857/1822)   [Kremote: Compressing objects:  48% (875/1822)   [Kremote: Compressing objects:  49% (893/1822)   [Kremote: Compressing objects:  50% (911/1822)   [Kremote: Compressing objects:  51% (930/1822)   [Kremote: Compressing objects:  52% (948/1822)   [Kremote: Compressing objects:  53% (966/1822)   [Kremote: Compressing objects:  54% (984/1822)   [Kremote: Compressing objects:  55% (1003/1822)   [Kremote: Compressing objects:  56% (1021/1822)   [Kremote: Compressing objects:  57% (1039/1822)   [Kremote: Compressing objects:  58% (1057/1822)   [Kremote: Compressing objects:  59% (1075/1822)   [Kremote: Compressing objects:  60% (1094/1822)   [Kremote: Compressing objects:  61% (1112/1822)   [Kremote: Compressing objects:  62% (1130/1822)   [Kremote: Compressing objects:  63% (1148/1822)   [Kremote: Compressing objects:  64% (1167/1822)   [Kremote: Compressing objects:  65% (1185/1822)   [Kremote: Compressing objects:  66% (1203/1822)   [Kremote: Compressing objects:  67% (1221/1822)   [Kremote: Compressing objects:  68% (1239/1822)   [Kremote: Compressing objects:  69% (1258/1822)   [Kremote: Compressing objects:  70% (1276/1822)   [Kremote: Compressing objects:  71% (1294/1822)   [Kremote: Compressing objects:  72% (1312/1822)   [Kremote: Compressing objects:  73% (1331/1822)   [Kremote: Compressing objects:  74% (1349/1822)   [Kremote: Compressing objects:  75% (1367/1822)   [Kremote: Compressing objects:  76% (1385/1822)   [Kremote: Compressing objects:  77% (1403/1822)   [Kremote: Compressing objects:  78% (1422/1822)   [Kremote: Compressing objects:  79% (1440/1822)   [Kremote: Compressing objects:  80% (1458/1822)   [Kremote: Compressing objects:  81% (1476/1822)   [Kremote: Compressing objects:  82% (1495/1822)   [Kremote: Compressing objects:  83% (1513/1822)   [Kremote: Compressing objects:  84% (1531/1822)   [Kremote: Compressing objects:  85% (1549/1822)   [Kremote: Compressing objects:  86% (1567/1822)   [Kremote: Compressing objects:  87% (1586/1822)   [Kremote: Compressing objects:  88% (1604/1822)   [Kremote: Compressing objects:  89% (1622/1822)   [Kremote: Compressing objects:  90% (1640/1822)   [Kremote: Compressing objects:  91% (1659/1822)   [Kremote: Compressing objects:  92% (1677/1822)   [Kremote: Compressing objects:  93% (1695/1822)   [Kremote: Compressing objects:  94% (1713/1822)   [Kremote: Compressing objects:  95% (1731/1822)   [Kremote: Compressing objects:  96% (1750/1822)   [Kremote: Compressing objects:  97% (1768/1822)   [Kremote: Compressing objects:  98% (1786/1822)   [Kremote: Compressing objects:  99% (1804/1822)   [Kremote: Compressing objects: 100% (1822/1822)   [Kremote: Compressing objects: 100% (1822/1822), done.[K
Receiving objects:   0% (1/3761)   Receiving objects:   1% (38/3761)   Receiving objects:   2% (76/3761)   Receiving objects:   3% (113/3761)   Receiving objects:   4% (151/3761)   Receiving objects:   5% (189/3761)   Receiving objects:   6% (226/3761)   Receiving objects:   7% (264/3761)   Receiving objects:   8% (301/3761)   Receiving objects:   9% (339/3761)   Receiving objects:  10% (377/3761)   Receiving objects:  11% (414/3761)   Receiving objects:  12% (452/3761)   Receiving objects:  13% (489/3761)   Receiving objects:  14% (527/3761)   Receiving objects:  15% (565/3761)   Receiving objects:  16% (602/3761)   Receiving objects:  17% (640/3761)   Receiving objects:  18% (677/3761)   Receiving objects:  19% (715/3761)   Receiving objects:  20% (753/3761)   Receiving objects:  21% (790/3761)   Receiving objects:  22% (828/3761)   Receiving objects:  23% (866/3761)   Receiving objects:  24% (903/3761)   Receiving objects:  25% (941/3761)   Receiving objects:  26% (978/3761)   Receiving objects:  27% (1016/3761)   Receiving objects:  28% (1054/3761)   Receiving objects:  29% (1091/3761)   Receiving objects:  30% (1129/3761)   Receiving objects:  31% (1166/3761)   Receiving objects:  32% (1204/3761)   Receiving objects:  33% (1242/3761)   Receiving objects:  34% (1279/3761)   Receiving objects:  35% (1317/3761)   Receiving objects:  36% (1354/3761)   Receiving objects:  37% (1392/3761)   Receiving objects:  38% (1430/3761)   Receiving objects:  39% (1467/3761)   Receiving objects:  40% (1505/3761)   Receiving objects:  41% (1543/3761)   Receiving objects:  42% (1580/3761)   Receiving objects:  43% (1618/3761)   Receiving objects:  44% (1655/3761)   Receiving objects:  45% (1693/3761)   Receiving objects:  46% (1731/3761)   Receiving objects:  47% (1768/3761)   Receiving objects:  48% (1806/3761)   Receiving objects:  49% (1843/3761)   Receiving objects:  50% (1881/3761)   Receiving objects:  51% (1919/3761)   Receiving objects:  52% (1956/3761)   Receiving objects:  53% (1994/3761)   Receiving objects:  54% (2031/3761)   Receiving objects:  55% (2069/3761)   Receiving objects:  56% (2107/3761)   Receiving objects:  57% (2144/3761)   Receiving objects:  58% (2182/3761)   Receiving objects:  59% (2219/3761)   Receiving objects:  60% (2257/3761)   Receiving objects:  61% (2295/3761)   Receiving objects:  62% (2332/3761)   Receiving objects:  63% (2370/3761)   Receiving objects:  64% (2408/3761)   Receiving objects:  65% (2445/3761)   Receiving objects:  66% (2483/3761)   Receiving objects:  67% (2520/3761)   Receiving objects:  68% (2558/3761)   Receiving objects:  69% (2596/3761)   Receiving objects:  70% (2633/3761)   Receiving objects:  71% (2671/3761)   Receiving objects:  72% (2708/3761)   Receiving objects:  73% (2746/3761)   Receiving objects:  74% (2784/3761)   Receiving objects:  75% (2821/3761)   Receiving objects:  76% (2859/3761)   Receiving objects:  77% (2896/3761)   Receiving objects:  78% (2934/3761)   Receiving objects:  79% (2972/3761)   Receiving objects:  80% (3009/3761)   Receiving objects:  81% (3047/3761)   Receiving objects:  82% (3085/3761)   Receiving objects:  83% (3122/3761)   Receiving objects:  84% (3160/3761)   Receiving objects:  85% (3197/3761)   Receiving objects:  86% (3235/3761)   Receiving objects:  87% (3273/3761)   Receiving objects:  88% (3310/3761)   Receiving objects:  89% (3348/3761)   remote: Total 3761 (delta 1308), reused 3430 (delta 1019)[K
Receiving objects:  90% (3385/3761)   Receiving objects:  91% (3423/3761)   Receiving objects:  92% (3461/3761)   Receiving objects:  93% (3498/3761)   Receiving objects:  94% (3536/3761)   Receiving objects:  95% (3573/3761)   Receiving objects:  96% (3611/3761)   Receiving objects:  97% (3649/3761)   Receiving objects:  98% (3686/3761)   Receiving objects:  99% (3724/3761)   Receiving objects: 100% (3761/3761)   Receiving objects: 100% (3761/3761), 870.72 KiB, done.
Resolving deltas:   0% (0/1308)   Resolving deltas:   1% (16/1308)   Resolving deltas:   2% (27/1308)   Resolving deltas:   4% (53/1308)   Resolving deltas:   5% (66/1308)   Resolving deltas:  11% (154/1308)   Resolving deltas:  13% (171/1308)   Resolving deltas:  14% (191/1308)   Resolving deltas:  15% (200/1308)   Resolving deltas:  16% (212/1308)   Resolving deltas:  22% (296/1308)   Resolving deltas:  23% (304/1308)   Resolving deltas:  25% (339/1308)   Resolving deltas:  26% (341/1308)   Resolving deltas:  27% (360/1308)   Resolving deltas:  28% (374/1308)   Resolving deltas:  29% (382/1308)   Resolving deltas:  30% (399/1308)   Resolving deltas:  32% (420/1308)   Resolving deltas:  33% (433/1308)   Resolving deltas:  34% (448/1308)   Resolving deltas:  36% (472/1308)   Resolving deltas:  38% (505/1308)   Resolving deltas:  39% (511/1308)   Resolving deltas:  41% (538/1308)   Resolving deltas:  42% (552/1308)   Resolving deltas:  43% (565/1308)   Resolving deltas:  44% (578/1308)   Resolving deltas:  45% (589/1308)   Resolving deltas:  46% (604/1308)   Resolving deltas:  47% (626/1308)   Resolving deltas:  48% (630/1308)   Resolving deltas:  49% (645/1308)   Resolving deltas:  50% (658/1308)   Resolving deltas:  51% (677/1308)   Resolving deltas:  52% (685/1308)   Resolving deltas:  53% (694/1308)   Resolving deltas:  54% (707/1308)   Resolving deltas:  56% (737/1308)   Resolving deltas:  57% (746/1308)   Resolving deltas:  58% (762/1308)   Resolving deltas:  59% (772/1308)   Resolving deltas:  60% (787/1308)   Resolving deltas:  62% (821/1308)   Resolving deltas:  63% (825/1308)   Resolving deltas:  64% (838/1308)   Resolving deltas:  65% (852/1308)   Resolving deltas:  66% (867/1308)   Resolving deltas:  67% (879/1308)   Resolving deltas:  72% (944/1308)   Resolving deltas:  73% (955/1308)   Resolving deltas:  74% (974/1308)   Resolving deltas:  75% (982/1308)   Resolving deltas:  76% (995/1308)   Resolving deltas:  77% (1015/1308)   Resolving deltas:  79% (1040/1308)   Resolving deltas:  80% (1048/1308)   Resolving deltas:  81% (1069/1308)   Resolving deltas:  82% (1074/1308)   Resolving deltas:  83% (1086/1308)   Resolving deltas:  84% (1100/1308)   Resolving deltas:  85% (1121/1308)   Resolving deltas:  86% (1133/1308)   Resolving deltas:  87% (1138/1308)   Resolving deltas:  88% (1153/1308)   Resolving deltas:  89% (1165/1308)   Resolving deltas:  90% (1181/1308)   Resolving deltas:  91% (1196/1308)   Resolving deltas:  92% (1204/1308)   Resolving deltas:  93% (1223/1308)   Resolving deltas:  94% (1234/1308)   Resolving deltas:  95% (1243/1308)   Resolving deltas:  96% (1257/1308)   Resolving deltas:  97% (1269/1308)   Resolving deltas:  98% (1282/1308)   Resolving deltas:  99% (1298/1308)   Resolving deltas: 100% (1308/1308)   Resolving deltas: 100% (1308/1308), done.
travis_fold:end:git.1$ cd square/dagger
travis_fold:start:git.2$ git checkout -qf f11f2657a7dd269a26ff68d2d24bebc8179ae406
travis_fold:end:git.2$ java -version
java version "1.7.0_15"
OpenJDK Runtime Environment (IcedTea7 2.3.7) (7u15-2.3.7-0ubuntu1~12.04.1)
OpenJDK 64-Bit Server VM (build 23.7-b01, mixed mode)
$ javac -version
javac 1.7.0_15
travis_fold:start:install$ mvn install clean --fail-never --quiet -DskipTests=true -Dinvoker.skip=true
travis_fold:end:install$ mvn verify
[INFO] Scanning for projects...
[INFO] ------------------------------------------------------------------------
[INFO] Reactor Build Order:
[INFO] 
[INFO] Dagger (Parent)
[INFO] Dagger
[INFO] Dagger Compiler
[INFO] Dagger Example (Parent)
[INFO] Dagger Example - Simple
[INFO]                                                                         
[INFO] ------------------------------------------------------------------------
[INFO] Building Dagger (Parent) 1.0-SNAPSHOT
[INFO] ------------------------------------------------------------------------
[INFO] 
[INFO] --- maven-enforcer-plugin:1.0:enforce (enforce-maven) @ dagger-parent ---
[INFO] 
[INFO] --- maven-checkstyle-plugin:2.10:checkstyle (default) @ dagger-parent ---
[INFO]                                                                         
[INFO] ------------------------------------------------------------------------
[INFO] Building Dagger 1.0-SNAPSHOT
[INFO] ------------------------------------------------------------------------
[INFO] 
[INFO] --- maven-enforcer-plugin:1.0:enforce (enforce-maven) @ dagger ---
[INFO] 
[INFO] --- maven-resources-plugin:2.3:resources (default-resources) @ dagger ---
[INFO] Using 'UTF-8' encoding to copy filtered resources.
[INFO] skip non existing resourceDirectory /home/travis/build/square/dagger/core/src/main/resources
[INFO] 
[INFO] --- maven-compiler-plugin:2.5:compile (default-compile) @ dagger ---
[INFO] Compiling 24 source files to /home/travis/build/square/dagger/core/target/classes
[WARNING] bootstrap class path not set in conjunction with -source 1.6
/home/travis/build/square/dagger/core/src/main/java/dagger/internal/ProblemDetector.java:[33,14] [rawtypes] found raw type: Binding
[WARNING]   missing type arguments for generic class Binding<T>
  where T is a type-variable:
    T extends Object declared in class Binding
/home/travis/build/square/dagger/core/src/main/java/dagger/internal/ProblemDetector.java:[33,54] [rawtypes] found raw type: Binding
[WARNING]   missing type arguments for generic class Binding<T>
  where T is a type-variable:
    T extends Object declared in class Binding
/home/travis/build/square/dagger/core/src/main/java/dagger/internal/UniqueMap.java:[24,7] [serial] serializable class UniqueMap has no definition of serialVersionUID
[WARNING] /home/travis/build/square/dagger/core/src/main/java/dagger/internal/plugins/reflect/ReflectiveModuleAdapter.java:[127,23] [rawtypes] found raw type: Binding
[INFO] 
[INFO] --- maven-resources-plugin:2.3:testResources (default-testResources) @ dagger ---
[INFO] Using 'UTF-8' encoding to copy filtered resources.
[INFO] skip non existing resourceDirectory /home/travis/build/square/dagger/core/src/test/resources
[INFO] 
[INFO] --- maven-compiler-plugin:2.5:testCompile (default-testCompile) @ dagger ---
[INFO] Compiling 14 source files to /home/travis/build/square/dagger/core/target/test-classes
[INFO] 
[INFO] --- maven-surefire-plugin:2.10:test (default-test) @ dagger ---
[INFO] Surefire report directory: /home/travis/build/square/dagger/core/target/surefire-reports
Downloading: http://maven.mirrors.travis-ci.org/nexus/content/repositories/central/org/apache/maven/surefire/surefire-junit4/2.10/surefire-junit4-2.10.pom
3/3 KB            Downloaded: http://maven.mirrors.travis-ci.org/nexus/content/repositories/central/org/apache/maven/surefire/surefire-junit4/2.10/surefire-junit4-2.10.pom (3 KB at 3.8 KB/sec)
Downloading: http://maven.mirrors.travis-ci.org/nexus/content/repositories/central/org/apache/maven/surefire/surefire-providers/2.10/surefire-providers-2.10.pom
3/3 KB            Downloaded: http://maven.mirrors.travis-ci.org/nexus/content/repositories/central/org/apache/maven/surefire/surefire-providers/2.10/surefire-providers-2.10.pom (3 KB at 6.7 KB/sec)
Downloading: http://maven.mirrors.travis-ci.org/nexus/content/repositories/central/org/apache/maven/surefire/surefire-junit4/2.10/surefire-junit4-2.10.jar
4/33 KB   8/33 KB   9/33 KB   13/33 KB   17/33 KB   21/33 KB   23/33 KB   27/33 KB   31/33 KB   33/33 KB              Downloaded: http://maven.mirrors.travis-ci.org/nexus/content/repositories/central/org/apache/maven/surefire/surefire-junit4/2.10/surefire-junit4-2.10.jar (33 KB at 60.9 KB/sec)

-------------------------------------------------------
 T E S T S
-------------------------------------------------------
Running dagger.ModuleTest
Tests run: 10, Failures: 0, Errors: 0, Skipped: 0, Time elapsed: 0.189 sec
Running dagger.ExtensionTest
Tests run: 3, Failures: 0, Errors: 0, Skipped: 0, Time elapsed: 0.038 sec
Running dagger.InjectionTest
Tests run: 34, Failures: 0, Errors: 0, Skipped: 0, Time elapsed: 0.216 sec
Running dagger.MembersInjectorTest
Tests run: 8, Failures: 0, Errors: 0, Skipped: 0, Time elapsed: 0.032 sec
Running dagger.LazyInjectionTest
Tests run: 5, Failures: 0, Errors: 0, Skipped: 0, Time elapsed: 0.008 sec
Running dagger.SetBindingTest
Tests run: 7, Failures: 0, Errors: 0, Skipped: 0, Time elapsed: 0.058 sec
Running dagger.InjectStaticsTest
Tests run: 3, Failures: 0, Errors: 0, Skipped: 0, Time elapsed: 0.013 sec
Running dagger.InjectionOfLazyTest
Tests run: 4, Failures: 0, Errors: 0, Skipped: 0, Time elapsed: 0.012 sec
Running dagger.ThreadSafetyTest
Tests run: 2, Failures: 0, Errors: 0, Skipped: 0, Time elapsed: 0.076 sec
Running dagger.UnusedProviderTest
Tests run: 3, Failures: 0, Errors: 0, Skipped: 0, Time elapsed: 0.011 sec
Running dagger.internal.KeysTest
Tests run: 18, Failures: 0, Errors: 0, Skipped: 0, Time elapsed: 0.03 sec
Running dagger.internal.SingletonBindingTest
Tests run: 7, Failures: 0, Errors: 0, Skipped: 0, Time elapsed: 0.004 sec
Running dagger.ProblemDetectorTest
Tests run: 3, Failures: 0, Errors: 0, Skipped: 0, Time elapsed: 0.011 sec
Running dagger.ExtensionWithStateTest
Tests run: 1, Failures: 0, Errors: 0, Skipped: 0, Time elapsed: 0.004 sec

Results :

Tests run: 108, Failures: 0, Errors: 0, Skipped: 0

[INFO] 
[INFO] --- maven-jar-plugin:2.2:jar (default-jar) @ dagger ---
[INFO] Building jar: /home/travis/build/square/dagger/core/target/dagger-1.0-SNAPSHOT.jar
[INFO] 
[INFO] --- maven-checkstyle-plugin:2.10:checkstyle (default) @ dagger ---
[INFO] Starting audit...
Audit done.

[WARNING] Unable to locate Source XRef to link to - DISABLED
[INFO]                                                                         
[INFO] ------------------------------------------------------------------------
[INFO] Building Dagger Compiler 1.0-SNAPSHOT
[INFO] ------------------------------------------------------------------------
[INFO] 
[INFO] --- maven-enforcer-plugin:1.0:enforce (enforce-maven) @ dagger-compiler ---
[INFO] 
[INFO] --- maven-resources-plugin:2.3:resources (default-resources) @ dagger-compiler ---
[INFO] Using 'UTF-8' encoding to copy filtered resources.
[INFO] Copying 1 resource
[INFO] 
[INFO] --- maven-compiler-plugin:2.5:compile (default-compile) @ dagger-compiler ---
[INFO] Compiling 11 source files to /home/travis/build/square/dagger/compiler/target/classes
[INFO] 
[INFO] --- maven-resources-plugin:2.3:testResources (default-testResources) @ dagger-compiler ---
[INFO] Using 'UTF-8' encoding to copy filtered resources.
[INFO] skip non existing resourceDirectory /home/travis/build/square/dagger/compiler/src/test/resources
[INFO] 
[INFO] --- maven-compiler-plugin:2.5:testCompile (default-testCompile) @ dagger-compiler ---
[INFO] Compiling 3 source files to /home/travis/build/square/dagger/compiler/target/test-classes
[INFO] 
[INFO] --- maven-surefire-plugin:2.10:test (default-test) @ dagger-compiler ---
[INFO] Surefire report directory: /home/travis/build/square/dagger/compiler/target/surefire-reports

-------------------------------------------------------
 T E S T S
-------------------------------------------------------
Running dagger.internal.codegen.DotWriterTest
Tests run: 4, Failures: 0, Errors: 0, Skipped: 0, Time elapsed: 0.111 sec
Running dagger.internal.codegen.GraphVisualizerTest
Tests run: 7, Failures: 0, Errors: 0, Skipped: 0, Time elapsed: 0.056 sec

Results :

Tests run: 11, Failures: 0, Errors: 0, Skipped: 0

[INFO] 
[INFO] --- maven-jar-plugin:2.2:jar (default-jar) @ dagger-compiler ---
[INFO] Building jar: /home/travis/build/square/dagger/compiler/target/dagger-compiler-1.0-SNAPSHOT.jar
[INFO] 
[INFO] --- maven-invoker-plugin:1.7:install (integration-test) @ dagger-compiler ---
[INFO] Installing /home/travis/build/square/dagger/core/pom.xml to /home/travis/build/square/dagger/compiler/target/local-repo/com/squareup/dagger/dagger/1.0-SNAPSHOT/dagger-1.0-SNAPSHOT.pom
[INFO] Installing /home/travis/build/square/dagger/core/target/dagger-1.0-SNAPSHOT.jar to /home/travis/build/square/dagger/compiler/target/local-repo/com/squareup/dagger/dagger/1.0-SNAPSHOT/dagger-1.0-SNAPSHOT.jar
[INFO] Installing /home/travis/build/square/dagger/pom.xml to /home/travis/build/square/dagger/compiler/target/local-repo/com/squareup/dagger/dagger-parent/1.0-SNAPSHOT/dagger-parent-1.0-SNAPSHOT.pom
[INFO] Installing /home/travis/build/square/dagger/compiler/pom.xml to /home/travis/build/square/dagger/compiler/target/local-repo/com/squareup/dagger/dagger-compiler/1.0-SNAPSHOT/dagger-compiler-1.0-SNAPSHOT.pom
[INFO] Installing /home/travis/build/square/dagger/compiler/target/dagger-compiler-1.0-SNAPSHOT.jar to /home/travis/build/square/dagger/compiler/target/local-repo/com/squareup/dagger/dagger-compiler/1.0-SNAPSHOT/dagger-compiler-1.0-SNAPSHOT.jar
[INFO] 
[INFO] --- maven-invoker-plugin:1.7:run (integration-test) @ dagger-compiler ---
[INFO] Building: provides-method-with-throws-clause/pom.xml
[INFO] run script verify.bsh
[INFO] ..SUCCESS (52.4 s)
[INFO] Building: method-injection/pom.xml
[INFO] run script verify.bsh
[INFO] ..SUCCESS (12.6 s)
[INFO] Building: inner-classes-complaint-injection/pom.xml
[INFO] run script verify.bsh
[INFO] ..SUCCESS (7.5 s)
[INFO] Building: include-non-module/pom.xml
[INFO] ..SUCCESS (7.6 s)
[INFO] Building: unused-provider-methods-pass-compilation-on-library-module/pom.xml
[INFO] ..SUCCESS (44.8 s)
[INFO] Building: unused-provider-methods-fail-compilation/pom.xml
[INFO] run script verify.bsh
[INFO] ..FAILED (8.3 s)
[INFO]   The post-build script did not succeed. Build output did not contain expected error text:
    "ProviderMethodBinding[provideKey="java.lang.String", memberskey="null"]"

Build Output:


        [ERROR] Failed to execute goal org.apache.maven.plugins:maven-compiler-plugin:2.0.2:compile (default-compile) on project unused-provider-methods-fail-compilation: Compilation failure
        [ERROR] /home/travis/build/square/dagger/compiler/target/it/unused-provider-methods-fail-compilation/src/main/java/test/TestModule.java:[26,0] error: Graph validation failed: You have these unused @Provider methods! Set library=true in your module to disable this check.
        [ERROR] -> [Help 1]
        [ERROR] 
        [ERROR] To see the full stack trace of the errors, re-run Maven with the -e switch.
        [ERROR] Re-run Maven using the -X switch to enable full debug logging.
        [ERROR] 
        [ERROR] For more information about the errors and possible solutions, please read the following articles:
        [ERROR] [Help 1] http://cwiki.apache.org/confluence/display/MAVEN/MojoFailureException
[INFO] Building: cyclic-module-includes/pom.xml
[INFO] run script verify.bsh
[INFO] ..SUCCESS (8.1 s)
[INFO] Building: inject-parameterized-type/pom.xml
[INFO] ..SUCCESS (9.5 s)
[INFO] Building: private-inject/pom.xml
[INFO] run script verify.bsh
[INFO] ..SUCCESS (7.6 s)
[INFO] Building: missing-at-inject-constructor/pom.xml
[INFO] run script verify.bsh
[INFO] ..SUCCESS (9.9 s)
[INFO] Building: multiple-provides-methods/pom.xml
[INFO] run script verify.bsh
[INFO] ..SUCCESS (10.3 s)
[INFO] Building: module-type-validation/pom.xml
[INFO] run script verify.bsh
[INFO] ..SUCCESS (7.8 s)
[INFO] Building: cyclic-deps/pom.xml
[INFO] run script verify.bsh
[INFO] ..SUCCESS (8.0 s)
[INFO] Building: same-provides-method-name/pom.xml
[INFO] ..SUCCESS (10.0 s)
[INFO] Building: default-package-injected-type/pom.xml
[INFO] ..SUCCESS (9.8 s)
[INFO] Building: simple-missing-dependency-failure/pom.xml
[INFO] run script verify.bsh
[INFO] ..SUCCESS (7.9 s)
[INFO] Building: extension-graph/pom.xml
[INFO] ..SUCCESS (9.3 s)
[INFO] Building: uninjectable-supertype/pom.xml
[INFO] ..SUCCESS (9.0 s)
[INFO] -------------------------------------------------
[INFO] Build Summary:
[INFO]   Passed: 17, Failed: 1, Errors: 0, Skipped: 0
[INFO] -------------------------------------------------
[ERROR] The following builds failed:
[ERROR] *  unused-provider-methods-fail-compilation/pom.xml
[INFO] -------------------------------------------------
[INFO] ------------------------------------------------------------------------
[INFO] Reactor Summary:
[INFO] 
[INFO] Dagger (Parent) ................................... SUCCESS [2.761s]
[INFO] Dagger ............................................ SUCCESS [10.419s]
[INFO] Dagger Compiler ................................... FAILURE [4:04.769s]
[INFO] Dagger Example (Parent) ........................... SKIPPED
[INFO] Dagger Example - Simple ........................... SKIPPED
[INFO] ------------------------------------------------------------------------
[INFO] BUILD FAILURE
[INFO] ------------------------------------------------------------------------
[INFO] Total time: 4:18.454s
[INFO] Finished at: Wed Apr 24 23:54:57 UTC 2013
[INFO] Final Memory: 23M/187M
[INFO] ------------------------------------------------------------------------
[ERROR] Failed to execute goal org.apache.maven.plugins:maven-invoker-plugin:1.7:run (integration-test) on project dagger-compiler: 1 build failed. See console output above for details. -> [Help 1]
[ERROR] 
[ERROR] To see the full stack trace of the errors, re-run Maven with the -e switch.
[ERROR] Re-run Maven using the -X switch to enable full debug logging.
[ERROR] 
[ERROR] For more information about the errors and possible solutions, please read the following articles:
[ERROR] [Help 1] http://cwiki.apache.org/confluence/display/MAVEN/MojoFailureException
[ERROR] 
[ERROR] After correcting the problems, you can resume the build with the command
[ERROR]   mvn <goals> -rf :dagger-compiler

The command "mvn verify" exited with 1.

Done. Your build exited with 1.
