Using worker: worker-linux-3-1.bb.travis-ci.org:travis-linux-7

travis_fold:start:git.1$ git clone --depth=50 --branch=jw/update-javawriter git://github.com/square/dagger.git square/dagger
Cloning into 'square/dagger'...
remote: Counting objects: 1388, done.[K
remote: Compressing objects:   0% (1/660)   [Kremote: Compressing objects:   1% (7/660)   [Kremote: Compressing objects:   2% (14/660)   [Kremote: Compressing objects:   3% (20/660)   [Kremote: Compressing objects:   4% (27/660)   [Kremote: Compressing objects:   5% (33/660)   [Kremote: Compressing objects:   6% (40/660)   [Kremote: Compressing objects:   7% (47/660)   [Kremote: Compressing objects:   8% (53/660)   [Kremote: Compressing objects:   9% (60/660)   [Kremote: Compressing objects:  10% (66/660)   [Kremote: Compressing objects:  11% (73/660)   [Kremote: Compressing objects:  12% (80/660)   [Kremote: Compressing objects:  13% (86/660)   [Kremote: Compressing objects:  14% (93/660)   [Kremote: Compressing objects:  15% (99/660)   [Kremote: Compressing objects:  16% (106/660)   [Kremote: Compressing objects:  17% (113/660)   [Kremote: Compressing objects:  18% (119/660)   [Kremote: Compressing objects:  19% (126/660)   [Kremote: Compressing objects:  20% (132/660)   [Kremote: Compressing objects:  21% (139/660)   [Kremote: Compressing objects:  22% (146/660)   [Kremote: Compressing objects:  23% (152/660)   [Kremote: Compressing objects:  24% (159/660)   [Kremote: Compressing objects:  25% (165/660)   [Kremote: Compressing objects:  26% (172/660)   [Kremote: Compressing objects:  27% (179/660)   [Kremote: Compressing objects:  28% (185/660)   [Kremote: Compressing objects:  29% (192/660)   [Kremote: Compressing objects:  30% (198/660)   [Kremote: Compressing objects:  31% (205/660)   [Kremote: Compressing objects:  32% (212/660)   [Kremote: Compressing objects:  33% (218/660)   [Kremote: Compressing objects:  34% (225/660)   [Kremote: Compressing objects:  35% (231/660)   [Kremote: Compressing objects:  36% (238/660)   [Kremote: Compressing objects:  37% (245/660)   [Kremote: Compressing objects:  38% (251/660)   [Kremote: Compressing objects:  39% (258/660)   [Kremote: Compressing objects:  40% (264/660)   [Kremote: Compressing objects:  41% (271/660)   [Kremote: Compressing objects:  42% (278/660)   [Kremote: Compressing objects:  43% (284/660)   [Kremote: Compressing objects:  44% (291/660)   [Kremote: Compressing objects:  45% (297/660)   [Kremote: Compressing objects:  46% (304/660)   [Kremote: Compressing objects:  47% (311/660)   [Kremote: Compressing objects:  48% (317/660)   [Kremote: Compressing objects:  49% (324/660)   [Kremote: Compressing objects:  50% (330/660)   [Kremote: Compressing objects:  51% (337/660)   [Kremote: Compressing objects:  52% (344/660)   [Kremote: Compressing objects:  53% (350/660)   [Kremote: Compressing objects:  54% (357/660)   [Kremote: Compressing objects:  55% (363/660)   [Kremote: Compressing objects:  56% (370/660)   [Kremote: Compressing objects:  57% (377/660)   [Kremote: Compressing objects:  58% (383/660)   [Kremote: Compressing objects:  59% (390/660)   [Kremote: Compressing objects:  60% (396/660)   [Kremote: Compressing objects:  61% (403/660)   [Kremote: Compressing objects:  62% (410/660)   [Kremote: Compressing objects:  63% (416/660)   [Kremote: Compressing objects:  64% (423/660)   [Kremote: Compressing objects:  65% (429/660)   [Kremote: Compressing objects:  66% (436/660)   [Kremote: Compressing objects:  67% (443/660)   [Kremote: Compressing objects:  68% (449/660)   [Kremote: Compressing objects:  69% (456/660)   [Kremote: Compressing objects:  70% (462/660)   [Kremote: Compressing objects:  71% (469/660)   [Kremote: Compressing objects:  72% (476/660)   [Kremote: Compressing objects:  73% (482/660)   [Kremote: Compressing objects:  74% (489/660)   [Kremote: Compressing objects:  75% (495/660)   [Kremote: Compressing objects:  76% (502/660)   [Kremote: Compressing objects:  77% (509/660)   [Kremote: Compressing objects:  78% (515/660)   [Kremote: Compressing objects:  79% (522/660)   [Kremote: Compressing objects:  80% (528/660)   [Kremote: Compressing objects:  81% (535/660)   [Kremote: Compressing objects:  82% (542/660)   [Kremote: Compressing objects:  83% (548/660)   [Kremote: Compressing objects:  84% (555/660)   [Kremote: Compressing objects:  85% (561/660)   [Kremote: Compressing objects:  86% (568/660)   [Kremote: Compressing objects:  87% (575/660)   [Kremote: Compressing objects:  88% (581/660)   [Kremote: Compressing objects:  89% (588/660)   [Kremote: Compressing objects:  90% (594/660)   [Kremote: Compressing objects:  91% (601/660)   [Kremote: Compressing objects:  92% (608/660)   [Kremote: Compressing objects:  93% (614/660)   [Kremote: Compressing objects:  94% (621/660)   [Kremote: Compressing objects:  95% (627/660)   [Kremote: Compressing objects:  96% (634/660)   [Kremote: Compressing objects:  97% (641/660)   [Kremote: Compressing objects:  98% (647/660)   [Kremote: Compressing objects:  99% (654/660)   [Kremote: Compressing objects: 100% (660/660)   [Kremote: Compressing objects: 100% (660/660), done.[K
Receiving objects:   0% (1/1388)   Receiving objects:   1% (14/1388)   Receiving objects:   2% (28/1388)   Receiving objects:   3% (42/1388)   Receiving objects:   4% (56/1388)   Receiving objects:   5% (70/1388)   Receiving objects:   6% (84/1388)   Receiving objects:   7% (98/1388)   Receiving objects:   8% (112/1388)   Receiving objects:   9% (125/1388)   Receiving objects:  10% (139/1388)   Receiving objects:  11% (153/1388)   Receiving objects:  12% (167/1388)   Receiving objects:  13% (181/1388)   Receiving objects:  14% (195/1388)   Receiving objects:  15% (209/1388)   Receiving objects:  16% (223/1388)   Receiving objects:  17% (236/1388)   Receiving objects:  18% (250/1388)   Receiving objects:  19% (264/1388)   Receiving objects:  20% (278/1388)   Receiving objects:  21% (292/1388)   Receiving objects:  22% (306/1388)   Receiving objects:  23% (320/1388)   Receiving objects:  24% (334/1388)   Receiving objects:  25% (347/1388)   Receiving objects:  26% (361/1388)   Receiving objects:  27% (375/1388)   Receiving objects:  28% (389/1388)   Receiving objects:  29% (403/1388)   Receiving objects:  30% (417/1388)   Receiving objects:  31% (431/1388)   Receiving objects:  32% (445/1388)   Receiving objects:  33% (459/1388)   Receiving objects:  34% (472/1388)   Receiving objects:  35% (486/1388)   Receiving objects:  36% (500/1388)   Receiving objects:  37% (514/1388)   Receiving objects:  38% (528/1388)   Receiving objects:  39% (542/1388)   Receiving objects:  40% (556/1388)   Receiving objects:  41% (570/1388)   Receiving objects:  42% (583/1388)   Receiving objects:  43% (597/1388)   Receiving objects:  44% (611/1388)   Receiving objects:  45% (625/1388)   Receiving objects:  46% (639/1388)   Receiving objects:  47% (653/1388)   Receiving objects:  48% (667/1388)   Receiving objects:  49% (681/1388)   Receiving objects:  50% (694/1388)   Receiving objects:  51% (708/1388)   Receiving objects:  52% (722/1388)   Receiving objects:  53% (736/1388)   Receiving objects:  54% (750/1388)   Receiving objects:  55% (764/1388)   Receiving objects:  56% (778/1388)   Receiving objects:  57% (792/1388)   Receiving objects:  58% (806/1388)   Receiving objects:  59% (819/1388)   Receiving objects:  60% (833/1388)   Receiving objects:  61% (847/1388)   Receiving objects:  62% (861/1388)   Receiving objects:  63% (875/1388)   Receiving objects:  64% (889/1388)   remote: Total 1388 (delta 462), reused 1248 (delta 352)[K
Receiving objects:  65% (903/1388)   Receiving objects:  66% (917/1388)   Receiving objects:  67% (930/1388)   Receiving objects:  68% (944/1388)   Receiving objects:  69% (958/1388)   Receiving objects:  70% (972/1388)   Receiving objects:  71% (986/1388)   Receiving objects:  72% (1000/1388)   Receiving objects:  73% (1014/1388)   Receiving objects:  74% (1028/1388)   Receiving objects:  75% (1041/1388)   Receiving objects:  76% (1055/1388)   Receiving objects:  77% (1069/1388)   Receiving objects:  78% (1083/1388)   Receiving objects:  79% (1097/1388)   Receiving objects:  80% (1111/1388)   Receiving objects:  81% (1125/1388)   Receiving objects:  82% (1139/1388)   Receiving objects:  83% (1153/1388)   Receiving objects:  84% (1166/1388)   Receiving objects:  85% (1180/1388)   Receiving objects:  86% (1194/1388)   Receiving objects:  87% (1208/1388)   Receiving objects:  88% (1222/1388)   Receiving objects:  89% (1236/1388)   Receiving objects:  90% (1250/1388)   Receiving objects:  91% (1264/1388)   Receiving objects:  92% (1277/1388)   Receiving objects:  93% (1291/1388)   Receiving objects:  94% (1305/1388)   Receiving objects:  95% (1319/1388)   Receiving objects:  96% (1333/1388)   Receiving objects:  97% (1347/1388)   Receiving objects:  98% (1361/1388)   Receiving objects:  99% (1375/1388)   Receiving objects: 100% (1388/1388)   Receiving objects: 100% (1388/1388), 381.79 KiB | 0 bytes/s, done.
Resolving deltas:   0% (0/462)   Resolving deltas:   1% (5/462)   Resolving deltas:   4% (21/462)   Resolving deltas:   5% (25/462)   Resolving deltas:  14% (67/462)   Resolving deltas:  17% (82/462)   Resolving deltas:  18% (84/462)   Resolving deltas:  19% (90/462)   Resolving deltas:  20% (93/462)   Resolving deltas:  21% (99/462)   Resolving deltas:  30% (143/462)   Resolving deltas:  34% (160/462)   Resolving deltas:  35% (162/462)   Resolving deltas:  36% (168/462)   Resolving deltas:  37% (175/462)   Resolving deltas:  42% (196/462)   Resolving deltas:  46% (213/462)   Resolving deltas:  47% (220/462)   Resolving deltas:  48% (222/462)   Resolving deltas:  49% (227/462)   Resolving deltas:  50% (231/462)   Resolving deltas:  51% (237/462)   Resolving deltas:  53% (246/462)   Resolving deltas:  54% (250/462)   Resolving deltas:  55% (256/462)   Resolving deltas:  56% (260/462)   Resolving deltas:  57% (264/462)   Resolving deltas:  58% (270/462)   Resolving deltas:  59% (275/462)   Resolving deltas:  60% (279/462)   Resolving deltas:  61% (285/462)   Resolving deltas:  62% (288/462)   Resolving deltas:  63% (293/462)   Resolving deltas:  65% (302/462)   Resolving deltas:  66% (305/462)   Resolving deltas:  67% (313/462)   Resolving deltas:  68% (315/462)   Resolving deltas:  69% (319/462)   Resolving deltas:  70% (326/462)   Resolving deltas:  71% (330/462)   Resolving deltas:  72% (335/462)   Resolving deltas:  73% (339/462)   Resolving deltas:  74% (346/462)   Resolving deltas:  75% (347/462)   Resolving deltas:  76% (353/462)   Resolving deltas:  78% (361/462)   Resolving deltas:  83% (384/462)   Resolving deltas:  85% (397/462)   Resolving deltas:  88% (411/462)   Resolving deltas:  90% (416/462)   Resolving deltas:  91% (421/462)   Resolving deltas:  93% (434/462)   Resolving deltas:  94% (435/462)   Resolving deltas:  95% (440/462)   Resolving deltas:  96% (444/462)   Resolving deltas:  97% (452/462)   Resolving deltas:  98% (454/462)   Resolving deltas:  99% (458/462)   Resolving deltas: 100% (462/462)   Resolving deltas: 100% (462/462), done.
Checking connectivity... done.
travis_fold:end:git.1$ cd square/dagger
travis_fold:start:git.3$ git checkout -qf 115e03893db3a399ce997eb9b21a8a835b94f6bf
travis_fold:end:git.3$ jdk_switcher use oraclejdk7
Switching to Oracle JDK7 (java-7-oracle), JAVA_HOME will be set to /usr/lib/jvm/java-7-oracle
update-alternatives: error: no alternatives for apt.
update-alternatives: error: no alternatives for apt.
$ java -version
java version "1.7.0_51"
Java(TM) SE Runtime Environment (build 1.7.0_51-b13)
Java HotSpot(TM) 64-Bit Server VM (build 24.51-b03, mixed mode)
$ javac -version
javac 1.7.0_51
travis_fold:start:before_install.1$ sudo apt-get install -qq libstdc++6:i386 lib32z1
Preconfiguring packages ...
(Reading database ... (Reading database ... 5%(Reading database ... 10%(Reading database ... 15%(Reading database ... 20%(Reading database ... 25%(Reading database ... 30%(Reading database ... 35%(Reading database ... 40%(Reading database ... 45%(Reading database ... 50%(Reading database ... 55%(Reading database ... 60%(Reading database ... 65%(Reading database ... 70%(Reading database ... 75%(Reading database ... 80%(Reading database ... 85%(Reading database ... 90%(Reading database ... 95%(Reading database ... 100%(Reading database ... 70781 files and directories currently installed.)
Preparing to replace libc6-dev 2.15-0ubuntu10 (using .../libc6-dev_2.15-0ubuntu10.5_amd64.deb) ...
Unpacking replacement libc6-dev ...
Preparing to replace libc-dev-bin 2.15-0ubuntu10 (using .../libc-dev-bin_2.15-0ubuntu10.5_amd64.deb) ...
Unpacking replacement libc-dev-bin ...
Preparing to replace libc-bin 2.15-0ubuntu10 (using .../libc-bin_2.15-0ubuntu10.5_amd64.deb) ...
Unpacking replacement libc-bin ...
Processing triggers for man-db ...
Setting up libc-bin (2.15-0ubuntu10.5) ...
(Reading database ... (Reading database ... 5%(Reading database ... 10%(Reading database ... 15%(Reading database ... 20%(Reading database ... 25%(Reading database ... 30%(Reading database ... 35%(Reading database ... 40%(Reading database ... 45%(Reading database ... 50%(Reading database ... 55%(Reading database ... 60%(Reading database ... 65%(Reading database ... 70%(Reading database ... 75%(Reading database ... 80%(Reading database ... 85%(Reading database ... 90%(Reading database ... 95%(Reading database ... 100%(Reading database ... 70780 files and directories currently installed.)
Preparing to replace libc6 2.15-0ubuntu10 (using .../libc6_2.15-0ubuntu10.5_amd64.deb) ...
Unpacking replacement libc6 ...
Selecting previously unselected package libc6:i386.
Unpacking libc6:i386 (from .../libc6_2.15-0ubuntu10.5_i386.deb) ...
Setting up libc6 (2.15-0ubuntu10.5) ...
Processing triggers for libc-bin ...
ldconfig deferred processing now taking place
Selecting previously unselected package libgcc1:i386.
(Reading database ... (Reading database ... 5%(Reading database ... 10%(Reading database ... 15%(Reading database ... 20%(Reading database ... 25%(Reading database ... 30%(Reading database ... 35%(Reading database ... 40%(Reading database ... 45%(Reading database ... 50%(Reading database ... 55%(Reading database ... 60%(Reading database ... 65%(Reading database ... 70%(Reading database ... 75%(Reading database ... 80%(Reading database ... 85%(Reading database ... 90%(Reading database ... 95%(Reading database ... 100%(Reading database ... 71083 files and directories currently installed.)
Unpacking libgcc1:i386 (from .../libgcc1_1%3a4.6.3-1ubuntu5_i386.deb) ...
Selecting previously unselected package gcc-4.6-base:i386.
Unpacking gcc-4.6-base:i386 (from .../gcc-4.6-base_4.6.3-1ubuntu5_i386.deb) ...
Setting up gcc-4.6-base:i386 (4.6.3-1ubuntu5) ...
Setting up libc6:i386 (2.15-0ubuntu10.5) ...
Setting up libgcc1:i386 (1:4.6.3-1ubuntu5) ...
Processing triggers for libc-bin ...
ldconfig deferred processing now taking place
Selecting previously unselected package libstdc++6:i386.
(Reading database ... (Reading database ... 5%(Reading database ... 10%(Reading database ... 15%(Reading database ... 20%(Reading database ... 25%(Reading database ... 30%(Reading database ... 35%(Reading database ... 40%(Reading database ... 45%(Reading database ... 50%(Reading database ... 55%(Reading database ... 60%(Reading database ... 65%(Reading database ... 70%(Reading database ... 75%(Reading database ... 80%(Reading database ... 85%(Reading database ... 90%(Reading database ... 95%(Reading database ... 100%(Reading database ... 71088 files and directories currently installed.)
Unpacking libstdc++6:i386 (from .../libstdc++6_4.6.3-1ubuntu5_i386.deb) ...
Selecting previously unselected package libc6-i386.
Unpacking libc6-i386 (from .../libc6-i386_2.15-0ubuntu10.5_amd64.deb) ...
Replaced by files in installed package libc6:i386 ...
Selecting previously unselected package lib32z1.
Unpacking lib32z1 (from .../lib32z1_1%3a1.2.3.4.dfsg-3ubuntu4_amd64.deb) ...
Setting up libc-dev-bin (2.15-0ubuntu10.5) ...
Setting up libc6-dev (2.15-0ubuntu10.5) ...
Setting up libstdc++6:i386 (4.6.3-1ubuntu5) ...
Setting up libc6-i386 (2.15-0ubuntu10.5) ...
Setting up lib32z1 (1:1.2.3.4.dfsg-3ubuntu4) ...
Processing triggers for libc-bin ...
ldconfig deferred processing now taking place
travis_fold:end:before_install.1travis_fold:start:before_install.2$ export COMPONENTS=build-tools-19.0.1,android-16
travis_fold:end:before_install.2travis_fold:start:before_install.3$ curl -L https://raw.github.com/embarkmobile/android-sdk-installer/version-1/android-sdk-installer | bash /dev/stdin --install=$COMPONENTS
  % Total    % Received % Xferd  Average Speed   Time    Time     Time  Current
                                 Dload  Upload   Total   Spent    Left  Speed
  0     0    0     0    0     0      0      0 --:--:-- --:--:-- --:--:--     0  0     0    0     0    0     0      0      0 --:--:-- --:--:-- --:--:--     0  0     0    0     0    0     0      0      0 --:--:-- --:--:-- --:--:--     0
100  2058  100  2058    0     0  14469      0 --:--:-- --:--:-- --:--:-- 14469
Installing SDK in /home/travis/.android-sdk-installer
Downloading SDK
--2014-06-30 16:14:59--  http://dl.google.com/android/android-sdk_r22.6.2-linux.tgz
Resolving dl.google.com (dl.google.com)... 2607:f8b0:4004:806::1001, 74.125.228.225, 74.125.228.231, ...
Connecting to dl.google.com (dl.google.com)|2607:f8b0:4004:806::1001|:80... connected.
HTTP request sent, awaiting response... 200 OK
Length: 101050024 (96M) [application/x-tar]
Saving to: `/home/travis/.android-sdk-installer/android-sdk_r22.6.2-linux.tgz'

 0% [                                       ] 0           --.-K/s               3% [>                                      ] 3,860,128   18.1M/s              11% [===>                                   ] 11,235,232  26.6M/s              18% [======>                                ] 19,037,704  30.1M/s              25% [========>                              ] 25,715,528  30.5M/s              32% [===========>                           ] 32,633,744  31.0M/s              40% [==============>                        ] 40,833,384  32.3M/s              49% [==================>                    ] 49,639,704  33.7M/s              58% [=====================>                 ] 58,844,400  35.0M/s              67% [=========================>             ] 68,630,672  36.2M/s              75% [============================>          ] 76,150,888  36.2M/s              86% [================================>      ] 87,123,832  37.6M/s              93% [===================================>   ] 94,496,816  37.4M/s              99% [=====================================> ] 100,817,984 36.8M/s              100%[======================================>] 101,050,024 36.9M/s   in 2.6s    

2014-06-30 16:15:02 (36.9 MB/s) - `/home/travis/.android-sdk-installer/android-sdk_r22.6.2-linux.tgz' saved [101050024/101050024]

Extracting SDK
Installing platform-tools,build-tools-19.0.1,android-16
Refresh Sources:
  Fetching https://dl-ssl.google.com/android/repository/addons_list-2.xml
  Validate XML
  Parse XML
  Fetched Add-ons List successfully
  Refresh Sources
  Fetching URL: https://dl-ssl.google.com/android/repository/repository-9.xml
  Validate XML: https://dl-ssl.google.com/android/repository/repository-8.xml
  Parse XML:    https://dl-ssl.google.com/android/repository/repository-8.xml
  Fetching URL: https://dl-ssl.google.com/android/repository/addon.xml
  Validate XML: https://dl-ssl.google.com/android/repository/addon.xml
  Fetching URL: https://dl-ssl.google.com/android/repository/addon-6.xml
  Validate XML: https://dl-ssl.google.com/android/repository/addon-6.xml
  Parse XML:    https://dl-ssl.google.com/android/repository/addon-6.xml
  Fetching URL: https://dl-ssl.google.com/glass/gdk/addon.xml
  Validate XML: https://dl-ssl.google.com/glass/gdk/addon.xml
  Parse XML:    https://dl-ssl.google.com/glass/gdk/addon.xml
  Fetching URL: https://dl-ssl.google.com/android/repository/extras/intel/addon.xml
  Validate XML: https://dl-ssl.google.com/android/repository/extras/intel/addon.xml
  Parse XML:    https://dl-ssl.google.com/android/repository/extras/intel/addon.xml
  Fetching URL: https://dl-ssl.google.com/android/repository/sys-img/android/sys-img.xml
  Validate XML: https://dl-ssl.google.com/android/repository/sys-img/android/sys-img.xml
  Fetching URL: https://dl-ssl.google.com/android/repository/sys-img/android-wear/sys-img.xml
  Validate XML: https://dl-ssl.google.com/android/repository/sys-img/android-wear/sys-img.xml
  Fetching URL: https://dl-ssl.google.com/android/repository/sys-img/android-tv/sys-img.xml
  Validate XML: https://dl-ssl.google.com/android/repository/sys-img/android-tv/sys-img.xml
  Fetching URL: https://dl-ssl.google.com/android/repository/sys-img/x86/addon-x86.xml
  Validate XML: https://dl-ssl.google.com/android/repository/sys-img/x86/addon-x86.xml
  Parse XML:    https://dl-ssl.google.com/android/repository/sys-img/x86/addon-x86.xml
Refresh Sources:
  Fetching URL: https://dl-ssl.google.com/android/repository/addon.xml
  Validate XML: https://dl-ssl.google.com/android/repository/addon.xml
  Fetching URL: https://dl-ssl.google.com/android/repository/sys-img/android/sys-img.xml
  Validate XML: https://dl-ssl.google.com/android/repository/sys-img/android/sys-img.xml
  Fetching URL: https://dl-ssl.google.com/android/repository/sys-img/android-wear/sys-img.xml
  Validate XML: https://dl-ssl.google.com/android/repository/sys-img/android-wear/sys-img.xml
  Fetching URL: https://dl-ssl.google.com/android/repository/sys-img/android-tv/sys-img.xml
  Validate XML: https://dl-ssl.google.com/android/repository/sys-img/android-tv/sys-img.xml
-------------------------------
License id: android-sdk-license-5be876d5
Used by: 
 - Android SDK Platform-tools, revision 20
  - Android SDK Build-tools, revision 19.0.1
  - SDK Platform Android 4.1.2, API 16, revision 4
-------------------------------
To get started with the Android SDK, you must agree to the following terms and conditions.

This is the Android SDK License Agreement (the "License Agreement").

1. Introduction

1.1 The Android SDK (referred to in the License Agreement as the "SDK" and specifically including the Android system files, packaged APIs, and SDK library files and tools , if and when they are made available) is licensed to you subject to the terms of the License Agreement. The License Agreement forms a legally binding contract between you and Google in relation to your use of the SDK.

1.2 "Android" means the Android software stack for devices, as made available under the Android Open Source Project, which is located at the following URL: http://source.android.com/, as updated from time to time.

1.3 "Google" means Google Inc., a Delaware corporation with principal place of business at 1600 Amphitheatre Parkway, Mountain View, CA 94043, United States.

2. Accepting the License Agreement

2.1 In order to use the SDK, you must first agree to the License Agreement. You may not use the SDK if you do not accept the License Agreement.

2.2 By clicking to accept and/or using the SDK, you hereby agree to the terms of the License Agreement.

2.3 You may not use the SDK and may not accept the License Agreement if you are a person barred from receiving the SDK under the laws of the United States or other countries including the country in which you are resident or from which you use the SDK.

2.4 If you will use the SDK internally within your company or organization you agree to be bound by the License Agreement on behalf of your employer or other entity, and you represent and warrant that you have full legal authority to bind your employer or such entity to the License Agreement. If you do not have the requisite authority, you may not accept the License Agreement or use the SDK on behalf of your employer or other entity.

3. SDK License from Google

3.1 Subject to the terms of the License Agreement, Google grants you a royalty-free, non-assignable, non-exclusive, non-sublicensable, limited, revocable license to use the SDK, personally or internally within your company or organization, solely to develop and distribute applications to run on the Android platform.

3.2 You agree that Google or third parties own all legal right, title and interest in and to the SDK, including any Intellectual Property Rights that subsist in the SDK. "Intellectual Property Rights" means any and all rights under patent law, copyright law, trade secret law, trademark law, and any and all other proprietary rights. Google reserves all rights not expressly granted to you.

3.3 You may not use the SDK for any purpose not expressly permitted by the License Agreement. Except to the extent required by applicable third party licenses, you may not: (a) copy (except for backup purposes), modify, adapt, redistribute, decompile, reverse engineer, disassemble, or create derivative works of the SDK or any part of the SDK; or (b) load any part of the SDK onto a mobile handset or any other hardware device except a personal computer, combine any part of the SDK with other software, or distribute any software or device incorporating a part of the SDK.

3.4 You agree that you will not take any actions that may cause or result in the fragmentation of Android, including but not limited to distributing, participating in the creation of, or promoting in any way a software development kit derived from the SDK.

3.5 Use, reproduction and distribution of components of the SDK licensed under an open source software license are governed solely by the terms of that open source software license and not the License Agreement. You agree to remain a licensee in good standing in regard to such open source software licenses under all the rights granted and to refrain from any actions that may terminate, suspend, or breach such rights.

3.6 You agree that the form and nature of the SDK that Google provides may change without prior notice to you and that future versions of the SDK may be incompatible with applications developed on previous versions of the SDK. You agree that Google may stop (permanently or temporarily) providing the SDK (or any features within the SDK) to you or to users generally at Google's sole discretion, without prior notice to you.

3.7 Nothing in the License Agreement gives you a right to use any of Google's trade names, trademarks, service marks, logos, domain names, or other distinctive brand features.

3.8 You agree that you will not remove, obscure, or alter any proprietary rights notices (including copyright and trademark notices) that may be affixed to or contained within the SDK.

4. Use of the SDK by You

4.1 Google agrees that nothing in the License Agreement gives Google any right, title or interest from you (or your licensors) under the License Agreement in or to any software applications that you develop using the SDK, including any intellectual property rights that subsist in those applications.

4.2 You agree to use the SDK and write applications only for purposes that are permitted by (a) the License Agreement, and (b) any applicable law, regulation or generally accepted practices or guidelines in the relevant jurisdictions (including any laws regarding the export of data or software to and from the United States or other relevant countries).

4.3 You agree that if you use the SDK to develop applications, you will protect the privacy and legal rights of users. If users provide you with user names, passwords, or other login information or personal information, you must make the users aware that the information will be available to your application, and you must provide legally adequate privacy notice and protection for those users. If your application stores personal or sensitive information provided by users, it must do so securely. If users provide you with Google Account information, your application may only use that information to access the user's Google Account when, and for the limited purposes for which, each user has given you permission to do so.

4.4 You agree that you will not engage in any activity with the SDK, including the development or distribution of an application, that interferes with, disrupts, damages, or accesses in an unauthorized manner the servers, networks, or other properties or services of Google or any third party.

4.5 You agree that you are solely responsible for (and that Google has no responsibility to you or to any third party for) any data, content, or resources that you create, transmit or display through Android and/or applications for Android, and for the consequences of your actions (including any loss or damage which Google may suffer) by doing so.

4.6 You agree that you are solely responsible for (and that Google has no responsibility to you or to any third party for) any breach of your obligations under the License Agreement, any applicable third party contract or Terms of Service, or any applicable law or regulation, and for the consequences (including any loss or damage which Google or any third party may suffer) of any such breach.

5. Your Developer Credentials

5.1 You agree that you are responsible for maintaining the confidentiality of any developer credentials that may be issued to you by Google or which you may choose yourself and that you will be solely responsible for all applications that are developed under your developer credentials.

6. Privacy and Information

6.1 In order to continually innovate and improve the SDK, Google may collect certain usage statistics from the software including but not limited to a unique identifier, associated IP address, version number of the software, and information on which tools and/or services in the SDK are being used and how they are being used. Before any of this information is collected, the SDK will notify you and seek your consent. If you withhold consent, the information will not be collected.

6.2 The data collected is examined in the aggregate to improve the SDK and is maintained in accordance with Google's Privacy Policy located at http://www.google.com/policies/privacy/.

7. Third Party Applications

7.1 If you use the SDK to run applications developed by a third party or that access data, content or resources provided by a third party, you agree that Google is not responsible for those applications, data, content, or resources. You understand that all data, content or resources which you may access through such third party applications are the sole responsibility of the person from which they originated and that Google is not liable for any loss or damage that you may experience as a result of the use or access of any of those third party applications, data, content, or resources.

7.2 You should be aware the data, content, and resources presented to you through such a third party application may be protected by intellectual property rights which are owned by the providers (or by other persons or companies on their behalf). You may not modify, rent, lease, loan, sell, distribute or create derivative works based on these data, content, or resources (either in whole or in part) unless you have been specifically given permission to do so by the relevant owners.

7.3 You acknowledge that your use of such third party applications, data, content, or resources may be subject to separate terms between you and the relevant third party.

8. Using Google APIs

8.1 Google APIs

8.1.1 If you use any API to retrieve data from Google, you acknowledge that the data may be protected by intellectual property rights which are owned by Google or those parties that provide the data (or by other persons or companies on their behalf). Your use of any such API may be subject to additional Terms of Service. You may not modify, rent, lease, loan, sell, distribute or create derivative works based on this data (either in whole or in part) unless allowed by the relevant Terms of Service.

8.1.2 If you use any API to retrieve a user's data from Google, you acknowledge and agree that you shall retrieve data only with the user's explicit consent and only when, and for the limited purposes for which, the user has given you permission to do so.

9. Terminating the License Agreement

9.1 The License Agreement will continue to apply until terminated by either you or Google as set out below.

9.2 If you want to terminate the License Agreement, you may do so by ceasing your use of the SDK and any relevant developer credentials.

9.3 Google may at any time, terminate the License Agreement, with or without cause, upon notice to you.

9.4 The License Agreement will automatically terminate without notice or other action when Google ceases to provide the SDK or certain parts of the SDK to users in the country in which you are resident or from which you use the service.

9.5 When the License Agreement is terminated, the license granted to you in the License Agreement will terminate, you will immediately cease all use of the SDK, and the provisions of paragraphs 10, 11, 12 and 14 shall survive indefinitely.

10. DISCLAIMERS

10.1 YOU EXPRESSLY UNDERSTAND AND AGREE THAT YOUR USE OF THE SDK IS AT YOUR SOLE RISK AND THAT THE SDK IS PROVIDED "AS IS" AND "AS AVAILABLE" WITHOUT WARRANTY OF ANY KIND FROM GOOGLE.

10.2 YOUR USE OF THE SDK AND ANY MATERIAL DOWNLOADED OR OTHERWISE OBTAINED THROUGH THE USE OF THE SDK IS AT YOUR OWN DISCRETION AND RISK AND YOU ARE SOLELY RESPONSIBLE FOR ANY DAMAGE TO YOUR COMPUTER SYSTEM OR OTHER DEVICE OR LOSS OF DATA THAT RESULTS FROM SUCH USE. WITHOUT LIMITING THE FOREGOING, YOU UNDERSTAND THAT THE SDK MAY CONTAIN ERRORS, DEFECTS AND SECURITY VULNERABILITIES THAT CAN RESULT IN SIGNIFICANT DAMAGE, INCLUDING THE COMPLETE, IRRECOVERABLE LOSS OF USE OF YOUR COMPUTER SYSTEM OR OTHER DEVICE.

10.3 GOOGLE FURTHER EXPRESSLY DISCLAIMS ALL WARRANTIES AND CONDITIONS OF ANY KIND, WHETHER EXPRESS OR IMPLIED, INCLUDING, BUT NOT LIMITED TO THE IMPLIED WARRANTIES AND CONDITIONS OF MERCHANTABILITY, FITNESS FOR A PARTICULAR PURPOSE AND NON-INFRINGEMENT.

11. LIMITATION OF LIABILITY

11.1 YOU EXPRESSLY UNDERSTAND AND AGREE THAT GOOGLE, ITS SUBSIDIARIES AND AFFILIATES, AND ITS LICENSORS SHALL NOT BE LIABLE TO YOU UNDER ANY THEORY OF LIABILITY FOR ANY DIRECT, INDIRECT, INCIDENTAL, SPECIAL, CONSEQUENTIAL OR EXEMPLARY DAMAGES THAT MAY BE INCURRED BY YOU, INCLUDING ANY LOSS OF DATA, WHETHER OR NOT GOOGLE OR ITS REPRESENTATIVES HAVE BEEN ADVISED OF OR SHOULD HAVE BEEN AWARE OF THE POSSIBILITY OF ANY SUCH LOSSES ARISING.

12. Indemnification

12.1 To the maximum extent permitted by law, you agree to defend, indemnify and hold harmless Google, its affiliates and their respective directors, officers, employees and agents from and against any and all claims, actions, suits or proceedings, as well as any and all losses, liabilities, damages, costs and expenses (including reasonable attorneysâ€™ fees) arising out of or accruing from (a) your use of the SDK, (b) any application you develop on the SDK that infringes any Intellectual Property Rights of any person or defames any person or violates their rights of publicity or privacy, and (c) any non-compliance by you of the License Agreement.

13. Changes to the License Agreement

13.1 Google may make changes to the License Agreement as it distributes new versions of the SDK. When these changes are made, Google will make a new version of the License Agreement available on the website where the SDK is made available.

14. General Legal Terms

14.1 The License Agreement constitutes the whole legal agreement between you and Google and governs your use of the SDK (excluding any services which Google may provide to you under a separate written agreement), and completely replaces any prior agreements between you and Google in relation to the SDK.

14.2 You agree that if Google does not exercise or enforce any legal right or remedy which is contained in the License Agreement (or which Google has the benefit of under any applicable law), this will not be taken to be a formal waiver of Google's rights and that those rights or remedies will still be available to Google.

14.3 If any court of law, having the jurisdiction to decide on this matter, rules that any provision of the License Agreement is invalid, then that provision will be removed from the License Agreement without affecting the rest of the License Agreement. The remaining provisions of the License Agreement will continue to be valid and enforceable.

14.4 You acknowledge and agree that each member of the group of companies of which Google is the parent shall be third party beneficiaries to the License Agreement and that such other companies shall be entitled to directly enforce, and rely upon, any provision of the License Agreement that confers a benefit on (or rights in favor of) them. Other than this, no other person or company shall be third party beneficiaries to the License Agreement.

14.5 EXPORT RESTRICTIONS. THE SDK IS SUBJECT TO UNITED STATES EXPORT LAWS AND REGULATIONS. YOU MUST COMPLY WITH ALL DOMESTIC AND INTERNATIONAL EXPORT LAWS AND REGULATIONS THAT APPLY TO THE SDK. THESE LAWS INCLUDE RESTRICTIONS ON DESTINATIONS, END USERS AND END USE.

14.6 The License Agreement may not be assigned or transferred by you without the prior written approval of Google, and any attempted assignment without such approval will be void. You shall not delegate your responsibilities or obligations under the License Agreement without the prior written approval of Google.

14.7 The License Agreement, and your relationship with Google under the License Agreement, shall be governed by the laws of the State of California without regard to its conflict of laws provisions. You and Google agree to submit to the exclusive jurisdiction of the courts located within the county of Santa Clara, California to resolve any legal matter arising from the License Agreement. Notwithstanding this, you agree that Google shall still be allowed to apply for injunctive remedies (or an equivalent type of urgent legal relief) in any jurisdiction.

June 2014.
    

Do you accept the license 'android-sdk-license-5be876d5' [y/n]: 
Installing Archives:
  Preparing to install archives
  Downloading Android SDK Platform-tools, revision 20
  Installing Android SDK Platform-tools, revision 20
  Stopping ADB server failed (code -1).
  Unzipping Android SDK Platform-tools, revision 20 (22%)  Unzipping Android SDK Platform-tools, revision 20 (23%)  Unzipping Android SDK Platform-tools, revision 20 (24%)  Unzipping Android SDK Platform-tools, revision 20 (30%)  Unzipping Android SDK Platform-tools, revision 20 (36%)  Unzipping Android SDK Platform-tools, revision 20 (45%)  Unzipping Android SDK Platform-tools, revision 20 (63%)  Unzipping Android SDK Platform-tools, revision 20 (96%)  Unzipping Android SDK Platform-tools, revision 20 (99%)    Installed Android SDK Platform-tools, revision 20
  Downloading Android SDK Build-tools, revision 19.0.1
  Installing Android SDK Build-tools, revision 19.0.1
  Unzipping Android SDK Build-tools, revision 19.0.1 (6%)  Unzipping Android SDK Build-tools, revision 19.0.1 (8%)  Unzipping Android SDK Build-tools, revision 19.0.1 (9%)  Unzipping Android SDK Build-tools, revision 19.0.1 (37%)  Unzipping Android SDK Build-tools, revision 19.0.1 (38%)  Unzipping Android SDK Build-tools, revision 19.0.1 (41%)  Unzipping Android SDK Build-tools, revision 19.0.1 (42%)  Unzipping Android SDK Build-tools, revision 19.0.1 (43%)  Unzipping Android SDK Build-tools, revision 19.0.1 (45%)  Unzipping Android SDK Build-tools, revision 19.0.1 (51%)  Unzipping Android SDK Build-tools, revision 19.0.1 (52%)  Unzipping Android SDK Build-tools, revision 19.0.1 (53%)  Unzipping Android SDK Build-tools, revision 19.0.1 (54%)  Unzipping Android SDK Build-tools, revision 19.0.1 (55%)  Unzipping Android SDK Build-tools, revision 19.0.1 (56%)  Unzipping Android SDK Build-tools, revision 19.0.1 (58%)  Unzipping Android SDK Build-tools, revision 19.0.1 (59%)  Unzipping Android SDK Build-tools, revision 19.0.1 (61%)  Unzipping Android SDK Build-tools, revision 19.0.1 (98%)  Unzipping Android SDK Build-tools, revision 19.0.1 (99%)    Installed Android SDK Build-tools, revision 19.0.1
  Downloading SDK Platform Android 4.1.2, API 16, revision 4
     (53%, 12329 KiB/s, 1 seconds left)     (76%, 11852 KiB/s, 0 seconds left)     (95%, 11007 KiB/s, 0 seconds left)  Installing SDK Platform Android 4.1.2, API 16, revision 4
  Unzipping SDK Platform Android 4.1.2, API 16, revision 4 (1%)  Unzipping SDK Platform Android 4.1.2, API 16, revision 4 (2%)  Unzipping SDK Platform Android 4.1.2, API 16, revision 4 (3%)  Unzipping SDK Platform Android 4.1.2, API 16, revision 4 (4%)  Unzipping SDK Platform Android 4.1.2, API 16, revision 4 (5%)  Unzipping SDK Platform Android 4.1.2, API 16, revision 4 (6%)  Unzipping SDK Platform Android 4.1.2, API 16, revision 4 (11%)  Unzipping SDK Platform Android 4.1.2, API 16, revision 4 (12%)  Unzipping SDK Platform Android 4.1.2, API 16, revision 4 (13%)  Unzipping SDK Platform Android 4.1.2, API 16, revision 4 (15%)  Unzipping SDK Platform Android 4.1.2, API 16, revision 4 (16%)  Unzipping SDK Platform Android 4.1.2, API 16, revision 4 (17%)  Unzipping SDK Platform Android 4.1.2, API 16, revision 4 (18%)  Unzipping SDK Platform Android 4.1.2, API 16, revision 4 (19%)  Unzipping SDK Platform Android 4.1.2, API 16, revision 4 (20%)  Unzipping SDK Platform Android 4.1.2, API 16, revision 4 (21%)  Unzipping SDK Platform Android 4.1.2, API 16, revision 4 (22%)  Unzipping SDK Platform Android 4.1.2, API 16, revision 4 (25%)  Unzipping SDK Platform Android 4.1.2, API 16, revision 4 (42%)  Unzipping SDK Platform Android 4.1.2, API 16, revision 4 (43%)  Unzipping SDK Platform Android 4.1.2, API 16, revision 4 (44%)  Unzipping SDK Platform Android 4.1.2, API 16, revision 4 (45%)  Unzipping SDK Platform Android 4.1.2, API 16, revision 4 (46%)  Unzipping SDK Platform Android 4.1.2, API 16, revision 4 (49%)  Unzipping SDK Platform Android 4.1.2, API 16, revision 4 (50%)  Unzipping SDK Platform Android 4.1.2, API 16, revision 4 (77%)  Unzipping SDK Platform Android 4.1.2, API 16, revision 4 (78%)  Unzipping SDK Platform Android 4.1.2, API 16, revision 4 (81%)  Unzipping SDK Platform Android 4.1.2, API 16, revision 4 (82%)  Unzipping SDK Platform Android 4.1.2, API 16, revision 4 (83%)  Unzipping SDK Platform Android 4.1.2, API 16, revision 4 (84%)  Unzipping SDK Platform Android 4.1.2, API 16, revision 4 (85%)  Unzipping SDK Platform Android 4.1.2, API 16, revision 4 (86%)  Unzipping SDK Platform Android 4.1.2, API 16, revision 4 (89%)  Unzipping SDK Platform Android 4.1.2, API 16, revision 4 (90%)  Unzipping SDK Platform Android 4.1.2, API 16, revision 4 (91%)  Unzipping SDK Platform Android 4.1.2, API 16, revision 4 (92%)  Unzipping SDK Platform Android 4.1.2, API 16, revision 4 (93%)  Unzipping SDK Platform Android 4.1.2, API 16, revision 4 (94%)  Unzipping SDK Platform Android 4.1.2, API 16, revision 4 (95%)  Unzipping SDK Platform Android 4.1.2, API 16, revision 4 (96%)    Installed SDK Platform Android 4.1.2, API 16, revision 4
    Stopping ADB server succeeded.
    Starting ADB server succeeded.
  Done. 3 packages installed.
travis_fold:end:before_install.3travis_fold:start:before_install.4$ source ~/.android-sdk-installer/env
travis_fold:end:before_install.4travis_fold:start:install$ mvn install clean --fail-never --quiet -DskipTests=true -Dinvoker.skip=true
travis_fold:end:install$ mvn verify
[INFO] Scanning for projects...
[WARNING] 
[WARNING] Some problems were encountered while building the effective model for com.squareup.dagger:dagger:jar:1.2.2-SNAPSHOT
[WARNING] 'build.plugins.plugin.version' for org.apache.maven.plugins:maven-javadoc-plugin is missing. @ line 68, column 15
[WARNING] 'build.plugins.plugin.version' for org.apache.maven.plugins:maven-jar-plugin is missing. @ line 74, column 15
[WARNING] 
[WARNING] It is highly recommended to fix these problems because they threaten the stability of your build.
[WARNING] 
[WARNING] For this reason, future Maven versions might no longer support building such malformed projects.
[WARNING] 
[INFO] ------------------------------------------------------------------------
[INFO] Reactor Build Order:
[INFO] 
[INFO] Dagger (Parent)
[INFO] Dagger
[INFO] Dagger Compiler
[INFO] Examples
[INFO] Examples: Simple
[INFO] Examples: Android - Simple
[INFO] Examples: Android - Activity Graphs
[INFO] 
[INFO] Using the builder org.apache.maven.lifecycle.internal.builder.singlethreaded.SingleThreadedBuilder with a thread count of 1
[INFO]                                                                         
[INFO] ------------------------------------------------------------------------
[INFO] Building Dagger (Parent) 1.2.2-SNAPSHOT
[INFO] ------------------------------------------------------------------------
[INFO] 
[INFO] --- maven-enforcer-plugin:1.0:enforce (enforce-maven) @ dagger-parent ---
[INFO] 
[INFO] --- maven-checkstyle-plugin:2.10:checkstyle (default) @ dagger-parent ---
[INFO]                                                                         
[INFO] ------------------------------------------------------------------------
[INFO] Building Dagger 1.2.2-SNAPSHOT
[INFO] ------------------------------------------------------------------------
[INFO] 
[INFO] --- maven-enforcer-plugin:1.0:enforce (enforce-maven) @ dagger ---
[INFO] 
[INFO] --- maven-resources-plugin:2.6:resources (default-resources) @ dagger ---
[INFO] Using 'UTF-8' encoding to copy filtered resources.
[INFO] skip non existing resourceDirectory /home/travis/build/square/dagger/core/src/main/resources
[INFO] 
[INFO] --- maven-compiler-plugin:3.1:compile (default-compile) @ dagger ---
[INFO] Changes detected - recompiling the module!
[INFO] Compiling 25 source files to /home/travis/build/square/dagger/core/target/classes
[WARNING] bootstrap class path not set in conjunction with -source 1.6
[WARNING] /home/travis/build/square/dagger/core/src/main/java/dagger/internal/Binding.java:[155,17] serializable class dagger.internal.Binding.InvalidBindingException has no definition of serialVersionUID
[WARNING] /home/travis/build/square/dagger/core/src/main/java/dagger/internal/ProblemDetector.java:[33,10] found raw type: dagger.internal.Binding
  missing type arguments for generic class dagger.internal.Binding<T>
[WARNING] /home/travis/build/square/dagger/core/src/main/java/dagger/internal/ProblemDetector.java:[33,50] found raw type: dagger.internal.Binding
  missing type arguments for generic class dagger.internal.Binding<T>
[WARNING] /home/travis/build/square/dagger/core/src/main/java/dagger/internal/ArrayQueue.java:[530,58] unchecked cast
  required: T[]
  found:    java.lang.Object
[WARNING] /home/travis/build/square/dagger/core/src/main/java/dagger/internal/ArrayQueue.java:[554,63] unchecked cast
  required: dagger.internal.ArrayQueue<E>
  found:    java.lang.Object
[WARNING] /home/travis/build/square/dagger/core/src/main/java/dagger/internal/ArrayQueue.java:[555,54] unchecked cast
  required: E[]
  found:    java.lang.Object
[WARNING] /home/travis/build/square/dagger/core/src/main/java/dagger/ObjectGraph.java:[176,90] unchecked cast
  required: dagger.internal.ModuleAdapter<java.lang.Object>
  found:    dagger.internal.ModuleAdapter<capture#1 of ?>
[INFO] 
[INFO] --- maven-checkstyle-plugin:2.10:checkstyle (default) @ dagger ---
[INFO] Starting audit...
Audit done.

[WARNING] Unable to locate Source XRef to link to - DISABLED
[INFO] 
[INFO] --- animal-sniffer-maven-plugin:1.8:check (sniff-api) @ dagger ---
[INFO] Checking unresolved references to org.codehaus.mojo.signature:java15:1.0
[INFO] 
[INFO] --- maven-resources-plugin:2.6:testResources (default-testResources) @ dagger ---
[INFO] Using 'UTF-8' encoding to copy filtered resources.
[INFO] skip non existing resourceDirectory /home/travis/build/square/dagger/core/src/test/resources
[INFO] 
[INFO] --- maven-compiler-plugin:3.1:testCompile (default-testCompile) @ dagger ---
[INFO] Changes detected - recompiling the module!
[INFO] Compiling 18 source files to /home/travis/build/square/dagger/core/target/test-classes
[WARNING] bootstrap class path not set in conjunction with -source 1.6
[WARNING] /home/travis/build/square/dagger/core/src/test/java/dagger/InjectionTest.java:[552,15] found raw type: java.util.AbstractList
  missing type arguments for generic class java.util.AbstractList<E>
[WARNING] /home/travis/build/square/dagger/core/src/test/java/dagger/SetBindingTest.java:[99,19] unchecked generic array creation for varargs parameter of type java.util.Set<java.lang.String>[]
[WARNING] /home/travis/build/square/dagger/core/src/test/java/dagger/SetBindingTest.java:[105,21] unchecked generic array creation for varargs parameter of type java.util.Set<java.lang.String>[]
[WARNING] /home/travis/build/square/dagger/core/src/test/java/dagger/internal/TestingModuleAdapter.java:[117,40] unchecked cast
  required: M
  found:    capture#1 of ?
[WARNING] /home/travis/build/square/dagger/core/src/test/java/dagger/internal/TestingModuleAdapter.java:[170,24] found raw type: dagger.internal.Binding
  missing type arguments for generic class dagger.internal.Binding<T>
[WARNING] /home/travis/build/square/dagger/core/src/test/java/dagger/internal/TestingModuleAdapter.java:[183,33] unchecked cast
  required: T
  found:    java.lang.Object
[WARNING] /home/travis/build/square/dagger/core/src/test/java/dagger/ModuleTest.java:[226,17] found raw type: javax.inject.Provider
  missing type arguments for generic class javax.inject.Provider<T>
[WARNING] /home/travis/build/square/dagger/core/src/test/java/dagger/ModuleTest.java:[260,17] found raw type: dagger.Lazy
  missing type arguments for generic class dagger.Lazy<T>
[INFO] 
[INFO] --- maven-surefire-plugin:2.12.4:test (default-test) @ dagger ---
[INFO] Surefire report directory: /home/travis/build/square/dagger/core/target/surefire-reports
Downloading: http://repo.maven.apache.org/maven2/org/apache/maven/surefire/surefire-junit4/2.12.4/surefire-junit4-2.12.4.pom
2/3 KB   3/3 KB            Downloaded: http://repo.maven.apache.org/maven2/org/apache/maven/surefire/surefire-junit4/2.12.4/surefire-junit4-2.12.4.pom (3 KB at 12.3 KB/sec)
Downloading: http://repo.maven.apache.org/maven2/org/apache/maven/surefire/surefire-providers/2.12.4/surefire-providers-2.12.4.pom
3/3 KB            Downloaded: http://repo.maven.apache.org/maven2/org/apache/maven/surefire/surefire-providers/2.12.4/surefire-providers-2.12.4.pom (3 KB at 65.5 KB/sec)
Downloading: http://repo.maven.apache.org/maven2/org/apache/maven/surefire/surefire-junit4/2.12.4/surefire-junit4-2.12.4.jar
4/37 KB   8/37 KB   12/37 KB   16/37 KB   20/37 KB   24/37 KB   28/37 KB   32/37 KB   36/37 KB   37/37 KB              Downloaded: http://repo.maven.apache.org/maven2/org/apache/maven/surefire/surefire-junit4/2.12.4/surefire-junit4-2.12.4.jar (37 KB at 621.7 KB/sec)

-------------------------------------------------------
 T E S T S
-------------------------------------------------------
Running dagger.LazyInjectionTest
Tests run: 5, Failures: 0, Errors: 0, Skipped: 0, Time elapsed: 0.189 sec
Running dagger.ExtensionWithStateTest
Tests run: 1, Failures: 0, Errors: 0, Skipped: 0, Time elapsed: 0 sec
Running dagger.MembersInjectorTest
Tests run: 8, Failures: 0, Errors: 0, Skipped: 0, Time elapsed: 0.058 sec
Running dagger.UnusedProviderTest
Tests run: 5, Failures: 0, Errors: 0, Skipped: 0, Time elapsed: 0.032 sec
Running dagger.ThreadSafetyTest
Tests run: 2, Failures: 0, Errors: 0, Skipped: 0, Time elapsed: 0.1 sec
Running dagger.InjectStaticsTest
Tests run: 3, Failures: 0, Errors: 0, Skipped: 0, Time elapsed: 0.021 sec
Running dagger.ExtensionWithSetBindingsTest
Tests run: 3, Failures: 0, Errors: 0, Skipped: 0, Time elapsed: 0.034 sec
Running dagger.InjectionTest
Tests run: 41, Failures: 0, Errors: 0, Skipped: 0, Time elapsed: 0.236 sec
Running dagger.InjectionOfLazyTest
Tests run: 4, Failures: 0, Errors: 0, Skipped: 0, Time elapsed: 0.007 sec
Running dagger.ModuleTest
Tests run: 14, Failures: 0, Errors: 0, Skipped: 0, Time elapsed: 0.049 sec
Running dagger.ProblemDetectorTest
Tests run: 3, Failures: 0, Errors: 0, Skipped: 0, Time elapsed: 0.012 sec
Running dagger.SetBindingTest
Tests run: 12, Failures: 0, Errors: 0, Skipped: 0, Time elapsed: 0.084 sec
Running dagger.internal.SingletonBindingTest
Tests run: 7, Failures: 0, Errors: 0, Skipped: 0, Time elapsed: 0.008 sec
Running dagger.internal.KeysTest
Tests run: 18, Failures: 0, Errors: 0, Skipped: 0, Time elapsed: 0.035 sec
Running dagger.internal.FailoverLoaderTest
Tests run: 1, Failures: 0, Errors: 0, Skipped: 0, Time elapsed: 0.003 sec
Running dagger.ExtensionTest
Tests run: 3, Failures: 0, Errors: 0, Skipped: 0, Time elapsed: 0.02 sec

Results :

Tests run: 130, Failures: 0, Errors: 0, Skipped: 0

[INFO] 
[INFO] --- maven-jar-plugin:2.4:jar (default-jar) @ dagger ---
[INFO] Building jar: /home/travis/build/square/dagger/core/target/dagger-1.2.2-SNAPSHOT.jar
[INFO] 
[INFO] --- maven-jar-plugin:2.4:test-jar (default) @ dagger ---
[INFO] Building jar: /home/travis/build/square/dagger/core/target/dagger-1.2.2-SNAPSHOT-tests.jar
[INFO]                                                                         
[INFO] ------------------------------------------------------------------------
[INFO] Building Dagger Compiler 1.2.2-SNAPSHOT
[INFO] ------------------------------------------------------------------------
[INFO] 
[INFO] --- maven-enforcer-plugin:1.0:enforce (enforce-maven) @ dagger-compiler ---
[INFO] 
[INFO] --- maven-resources-plugin:2.6:resources (default-resources) @ dagger-compiler ---
[INFO] Using 'UTF-8' encoding to copy filtered resources.
[INFO] Copying 1 resource
[INFO] 
[INFO] --- maven-compiler-plugin:3.1:compile (default-compile) @ dagger-compiler ---
[INFO] Changes detected - recompiling the module!
[INFO] Compiling 13 source files to /home/travis/build/square/dagger/compiler/target/classes
[WARNING] bootstrap class path not set in conjunction with -source 1.6
[INFO] 
[INFO] --- maven-checkstyle-plugin:2.10:checkstyle (default) @ dagger-compiler ---
[INFO] Starting audit...
Audit done.

[WARNING] Unable to locate Source XRef to link to - DISABLED
[INFO] 
[INFO] --- maven-resources-plugin:2.6:testResources (default-testResources) @ dagger-compiler ---
[INFO] Using 'UTF-8' encoding to copy filtered resources.
[INFO] skip non existing resourceDirectory /home/travis/build/square/dagger/compiler/src/test/resources
[INFO] 
[INFO] --- maven-compiler-plugin:3.1:testCompile (default-testCompile) @ dagger-compiler ---
[INFO] Changes detected - recompiling the module!
[INFO] Compiling 14 source files to /home/travis/build/square/dagger/compiler/target/test-classes
[WARNING] bootstrap class path not set in conjunction with -source 1.6
[WARNING] No processor claimed any of these annotations: javax.inject.Named,dagger.Module,javax.annotation.processing.SupportedAnnotationTypes,dagger.Provides,javax.inject.Inject,org.junit.runner.RunWith,org.junit.Test
[INFO] 
[INFO] --- maven-compiler-plugin:3.1:testCompile (default-test-compile) @ dagger-compiler ---
[INFO] Changes detected - recompiling the module!
[INFO] Compiling 14 source files to /home/travis/build/square/dagger/compiler/target/test-classes
[WARNING] bootstrap class path not set in conjunction with -source 1.6
[WARNING] No processor claimed any of these annotations: javax.inject.Named,dagger.Module,javax.annotation.processing.SupportedAnnotationTypes,dagger.Provides,javax.inject.Inject,org.junit.runner.RunWith,org.junit.Test
[INFO] 
[INFO] --- maven-surefire-plugin:2.12.4:test (default-test) @ dagger-compiler ---
[INFO] Surefire report directory: /home/travis/build/square/dagger/compiler/target/surefire-reports

-------------------------------------------------------
 T E S T S
-------------------------------------------------------
Running dagger.tests.integration.validation.CyclicDependencyTest
Tests run: 2, Failures: 0, Errors: 0, Skipped: 0, Time elapsed: 2.628 sec
Running dagger.tests.integration.validation.LibraryModuleTest
Tests run: 4, Failures: 0, Errors: 0, Skipped: 0, Time elapsed: 1.038 sec
Running dagger.tests.integration.validation.ScopeAnnotationUseTest
Tests run: 12, Failures: 0, Errors: 0, Skipped: 0, Time elapsed: 0.814 sec
Running dagger.tests.integration.validation.CyclicModuleIncludesTest
Tests run: 3, Failures: 0, Errors: 0, Skipped: 0, Time elapsed: 0.288 sec
Running dagger.tests.integration.validation.GeneratedTypesNotReadyTest
Tests run: 6, Failures: 0, Errors: 0, Skipped: 0, Time elapsed: 1.156 sec
Running dagger.tests.integration.validation.SimpleMissingDependencyTest
Tests run: 1, Failures: 0, Errors: 0, Skipped: 0, Time elapsed: 0.051 sec
Running dagger.tests.integration.codegen.ModuleAdapterGenerationTest
Tests run: 3, Failures: 0, Errors: 0, Skipped: 0, Time elapsed: 0.627 sec
Running dagger.tests.integration.codegen.InjectAdapterGenerationTest
Tests run: 1, Failures: 0, Errors: 0, Skipped: 0, Time elapsed: 0.113 sec
Running dagger.tests.integration.operation.SimpleInjectionTest
Tests run: 5, Failures: 0, Errors: 0, Skipped: 0, Time elapsed: 0.021 sec
Running dagger.tests.integration.operation.PrimitiveInjectionTest
Tests run: 1, Failures: 0, Errors: 0, Skipped: 0, Time elapsed: 0 sec
Running dagger.internal.codegen.GraphVisualizerTest
Tests run: 7, Failures: 0, Errors: 0, Skipped: 0, Time elapsed: 0.001 sec
Running dagger.internal.codegen.DotWriterTest
Tests run: 4, Failures: 0, Errors: 0, Skipped: 0, Time elapsed: 0 sec

Results :

Tests run: 49, Failures: 0, Errors: 0, Skipped: 0

[INFO] 
[INFO] --- maven-jar-plugin:2.4:jar (default-jar) @ dagger-compiler ---
[INFO] Building jar: /home/travis/build/square/dagger/compiler/target/dagger-compiler-1.2.2-SNAPSHOT.jar
[INFO] 
[INFO] --- maven-assembly-plugin:2.2-beta-5:single (default) @ dagger-compiler ---
[INFO] META-INF/ already added, skipping
[INFO] META-INF/MANIFEST.MF already added, skipping
[INFO] META-INF/maven/ already added, skipping
[INFO] META-INF/MANIFEST.MF already added, skipping
[INFO] META-INF/ already added, skipping
[INFO] META-INF/maven/ already added, skipping
[INFO] com/ already added, skipping
[INFO] Building jar: /home/travis/build/square/dagger/compiler/target/dagger-compiler-1.2.2-SNAPSHOT-jar-with-dependencies.jar
[INFO] META-INF/ already added, skipping
[INFO] META-INF/MANIFEST.MF already added, skipping
[INFO] META-INF/maven/ already added, skipping
[INFO] META-INF/MANIFEST.MF already added, skipping
[INFO] META-INF/ already added, skipping
[INFO] META-INF/maven/ already added, skipping
[INFO] com/ already added, skipping
[INFO] 
[INFO] --- maven-invoker-plugin:1.7:install (integration-test) @ dagger-compiler ---
[INFO] Installing /home/travis/build/square/dagger/core/pom.xml to /home/travis/build/square/dagger/compiler/target/local-repo/com/squareup/dagger/dagger/1.2.2-SNAPSHOT/dagger-1.2.2-SNAPSHOT.pom
[INFO] Installing /home/travis/build/square/dagger/core/target/dagger-1.2.2-SNAPSHOT.jar to /home/travis/build/square/dagger/compiler/target/local-repo/com/squareup/dagger/dagger/1.2.2-SNAPSHOT/dagger-1.2.2-SNAPSHOT.jar
[INFO] Installing /home/travis/build/square/dagger/core/target/dagger-1.2.2-SNAPSHOT-tests.jar to /home/travis/build/square/dagger/compiler/target/local-repo/com/squareup/dagger/dagger/1.2.2-SNAPSHOT/dagger-1.2.2-SNAPSHOT-tests.jar
[INFO] Installing /home/travis/build/square/dagger/pom.xml to /home/travis/build/square/dagger/compiler/target/local-repo/com/squareup/dagger/dagger-parent/1.2.2-SNAPSHOT/dagger-parent-1.2.2-SNAPSHOT.pom
[INFO] Installing /home/travis/build/square/dagger/compiler/pom.xml to /home/travis/build/square/dagger/compiler/target/local-repo/com/squareup/dagger/dagger-compiler/1.2.2-SNAPSHOT/dagger-compiler-1.2.2-SNAPSHOT.pom
[INFO] Installing /home/travis/build/square/dagger/compiler/target/dagger-compiler-1.2.2-SNAPSHOT.jar to /home/travis/build/square/dagger/compiler/target/local-repo/com/squareup/dagger/dagger-compiler/1.2.2-SNAPSHOT/dagger-compiler-1.2.2-SNAPSHOT.jar
[INFO] Installing /home/travis/build/square/dagger/compiler/target/dagger-compiler-1.2.2-SNAPSHOT-jar-with-dependencies.jar to /home/travis/build/square/dagger/compiler/target/local-repo/com/squareup/dagger/dagger-compiler/1.2.2-SNAPSHOT/dagger-compiler-1.2.2-SNAPSHOT-jar-with-dependencies.jar
[INFO] 
[INFO] --- maven-invoker-plugin:1.7:run (integration-test) @ dagger-compiler ---
[INFO] Building: multiple-modules-setvalues/pom.xml
[INFO] ..SUCCESS (13.7 s)
[INFO] Building: include-non-module/pom.xml
[INFO] ..SUCCESS (10.7 s)
[INFO] Building: multiple-qualifiers/pom.xml
[INFO] run script verify.bsh
[INFO] ..SUCCESS (9.7 s)
[INFO] Building: qualifiers-on-invalid-elements-warnings/pom.xml
[INFO] run script verify.bsh
[INFO] ..SUCCESS (9.8 s)
[INFO] Building: qualifiers-on-invalid-elements-errors/pom.xml
[INFO] run script verify.bsh
[INFO] ..SUCCESS (8.7 s)
[INFO] Building: provides-method-not-in-module/pom.xml
[INFO] run script verify.bsh
[INFO] ..SUCCESS (8.9 s)
[INFO] Building: provides-method-with-throws-clause/pom.xml
[INFO] run script verify.bsh
[INFO] ..SUCCESS (8.8 s)
[INFO] Building: missing-at-inject-constructor/pom.xml
[INFO] run script verify.bsh
[INFO] ..SUCCESS (8.8 s)
[INFO] Building: multiple-provides-methods/pom.xml
[INFO] run script verify.bsh
[INFO] ..SUCCESS (10.1 s)
[INFO] Building: static-injected-binding-doesnt-fail-providers/pom.xml
[INFO] ..SUCCESS (9.5 s)
[INFO] Building: valid-use-of-qualifiers/pom.xml
[INFO] ..SUCCESS (10.0 s)
[INFO] Building: inject-parameterized-type/pom.xml
[INFO] ..SUCCESS (10.2 s)
[INFO] Building: final-field-inject/pom.xml
[INFO] run script verify.bsh
[INFO] ..SUCCESS (9.1 s)
[INFO] Building: inner-classes-complaint-injection/pom.xml
[INFO] run script verify.bsh
[INFO] ..SUCCESS (9.8 s)
[INFO] Building: module-type-validation/pom.xml
[INFO] run script verify.bsh
[INFO] ..SUCCESS (8.7 s)
[INFO] Building: inject-on-class/pom.xml
[INFO] run script verify.bsh
[INFO] ..SUCCESS (9.5 s)
[INFO] Building: private-inject/pom.xml
[INFO] run script verify.bsh
[INFO] ..SUCCESS (10.2 s)
[INFO] Building: same-provides-method-name/pom.xml
[INFO] ..SUCCESS (10.1 s)
[INFO] Building: method-injection/pom.xml
[INFO] run script verify.bsh
[INFO] ..SUCCESS (8.5 s)
[INFO] Building: provide-provider-or-lazy/pom.xml
[INFO] run script verify.bsh
[INFO] ..SUCCESS (9.4 s)
[INFO] Building: extension-graph-setvalues/pom.xml
[INFO] ..SUCCESS (10.5 s)
[INFO] Building: extension-graph/pom.xml
[INFO] ..SUCCESS (11.4 s)
[INFO] Building: uninjectable-supertype/pom.xml
[INFO] ..SUCCESS (10.0 s)
[INFO] Building: default-package-injected-type/pom.xml
[INFO] ..SUCCESS (10.1 s)
[INFO] -------------------------------------------------
[INFO] Build Summary:
[INFO]   Passed: 24, Failed: 0, Errors: 0, Skipped: 0
[INFO] -------------------------------------------------
[INFO]                                                                         
[INFO] ------------------------------------------------------------------------
[INFO] Building Examples 1.2.2-SNAPSHOT
[INFO] ------------------------------------------------------------------------
[INFO] 
[INFO] --- maven-enforcer-plugin:1.0:enforce (enforce-maven) @ dagger-example-parent ---
[INFO] 
[INFO] --- maven-checkstyle-plugin:2.10:checkstyle (default) @ dagger-example-parent ---
[INFO]                                                                         
[INFO] ------------------------------------------------------------------------
[INFO] Building Examples: Simple 1.2.2-SNAPSHOT
[INFO] ------------------------------------------------------------------------
[INFO] 
[INFO] --- maven-enforcer-plugin:1.0:enforce (enforce-maven) @ simple ---
[INFO] 
[INFO] --- maven-resources-plugin:2.6:resources (default-resources) @ simple ---
[INFO] Using 'UTF-8' encoding to copy filtered resources.
[INFO] skip non existing resourceDirectory /home/travis/build/square/dagger/examples/simple/src/main/resources
[INFO] 
[INFO] --- maven-compiler-plugin:3.1:compile (default-compile) @ simple ---
[INFO] Changes detected - recompiling the module!
[INFO] Compiling 8 source files to /home/travis/build/square/dagger/examples/simple/target/classes
[WARNING] bootstrap class path not set in conjunction with -source 1.6
[WARNING] No processor claimed any of these annotations: dagger.Provides,javax.inject.Inject,javax.inject.Singleton,dagger.Module
[INFO] 
[INFO] --- maven-checkstyle-plugin:2.10:checkstyle (default) @ simple ---
[INFO] Starting audit...
Audit done.

[WARNING] Unable to locate Source XRef to link to - DISABLED
[INFO] 
[INFO] --- maven-resources-plugin:2.6:testResources (default-testResources) @ simple ---
[INFO] Using 'UTF-8' encoding to copy filtered resources.
[INFO] skip non existing resourceDirectory /home/travis/build/square/dagger/examples/simple/src/test/resources
[INFO] 
[INFO] --- maven-compiler-plugin:3.1:testCompile (default-testCompile) @ simple ---
[INFO] No sources to compile
[INFO] 
[INFO] --- maven-surefire-plugin:2.12.4:test (default-test) @ simple ---
[INFO] No tests to run.
[INFO] 
[INFO] --- maven-jar-plugin:2.4:jar (default-jar) @ simple ---
[INFO] Building jar: /home/travis/build/square/dagger/examples/simple/target/simple-1.2.2-SNAPSHOT.jar
[INFO]                                                                         
[INFO] ------------------------------------------------------------------------
[INFO] Building Examples: Android - Simple 1.2.2-SNAPSHOT
[INFO] ------------------------------------------------------------------------
[INFO] 
[INFO] --- maven-enforcer-plugin:1.0:enforce (enforce-maven) @ android-simple ---
[INFO] 
[INFO] --- android-maven-plugin:3.8.2:generate-sources (default-generate-sources) @ android-simple ---
[INFO] ANDROID-904-002: Found aidl files: Count = 0
[INFO] ANDROID-904-002: Found aidl files: Count = 0
[INFO] Manifest merging disabled. Using project manifest only
[INFO] /home/travis/.android-sdk-installer/android-sdk-linux/build-tools/19.0.1/aapt [package, -f, --no-crunch, -I, /home/travis/.android-sdk-installer/android-sdk-linux/platforms/android-16/android.jar, -M, /home/travis/build/square/dagger/examples/android-simple/AndroidManifest.xml, -S, /home/travis/build/square/dagger/examples/android-simple/res, -m, -J, /home/travis/build/square/dagger/examples/android-simple/target/generated-sources/r, --output-text-symbols, /home/travis/build/square/dagger/examples/android-simple/target, --auto-add-overlay]
[INFO] 
[INFO] --- maven-resources-plugin:2.6:resources (default-resources) @ android-simple ---
[INFO] Using 'UTF-8' encoding to copy filtered resources.
[INFO] skip non existing resourceDirectory /home/travis/build/square/dagger/examples/android-simple/src/main/resources
[INFO] skip non existing resourceDirectory /home/travis/build/square/dagger/examples/android-simple/target/generated-sources/extracted-dependencies/src/main/resources
[INFO] 
[INFO] --- android-maven-plugin:3.8.2:consume-aar (default-consume-aar) @ android-simple ---
[INFO] Extracting classes for all aar dependencies
[INFO] 
[INFO] --- maven-compiler-plugin:3.1:compile (default-compile) @ android-simple ---
[INFO] Changes detected - recompiling the module!
[INFO] Compiling 8 source files to /home/travis/build/square/dagger/examples/android-simple/target/classes
[WARNING] bootstrap class path not set in conjunction with -source 1.6
[WARNING] No processor claimed any of these annotations: javax.inject.Qualifier,dagger.Module,dagger.Provides,javax.inject.Inject,javax.inject.Singleton,com.example.dagger.simple.ForApplication
[INFO] 
[INFO] --- maven-checkstyle-plugin:2.10:checkstyle (default) @ android-simple ---
[INFO] Starting audit...
Audit done.

[WARNING] Unable to locate Source XRef to link to - DISABLED
[INFO] 
[INFO] --- android-maven-plugin:3.8.2:proguard (default-proguard) @ android-simple ---
[INFO] 
[INFO] --- maven-resources-plugin:2.6:testResources (default-testResources) @ android-simple ---
[INFO] Using 'UTF-8' encoding to copy filtered resources.
[INFO] skip non existing resourceDirectory /home/travis/build/square/dagger/examples/android-simple/src/test/resources
[INFO] 
[INFO] --- maven-compiler-plugin:3.1:testCompile (default-testCompile) @ android-simple ---
[INFO] No sources to compile
[INFO] 
[INFO] --- maven-surefire-plugin:2.17:test (default-test) @ android-simple ---
[INFO] No tests to run.
[INFO] 
[INFO] --- android-maven-plugin:3.8.2:emma (default-emma) @ android-simple ---
[INFO] 
[INFO] --- android-maven-plugin:3.8.2:dex (default-dex) @ android-simple ---
[INFO] /usr/lib/jvm/java-7-oracle/jre/bin/java [-Xmx1024M, -jar, /home/travis/.android-sdk-installer/android-sdk-linux/build-tools/19.0.1/lib/dx.jar, --dex, --output=/home/travis/build/square/dagger/examples/android-simple/target/classes.dex, /home/travis/.m2/repository/com/squareup/javawriter/2.5.0/javawriter-2.5.0.jar, /home/travis/build/square/dagger/compiler/target/dagger-compiler-1.2.2-SNAPSHOT.jar, /home/travis/.m2/repository/javax/inject/javax.inject/1/javax.inject-1.jar, /home/travis/build/square/dagger/examples/android-simple/target/classes, /home/travis/build/square/dagger/core/target/dagger-1.2.2-SNAPSHOT.jar, /home/travis/.m2/repository/com/google/guava/guava/15.0/guava-15.0.jar]
[INFO] 
[INFO] --- maven-jar-plugin:2.5:jar (default-jar) @ android-simple ---
[INFO] Building jar: /home/travis/build/square/dagger/examples/android-simple/target/android-simple-1.2.2-SNAPSHOT.jar
[INFO] 
[INFO] --- android-maven-plugin:3.8.2:apk (default-apk) @ android-simple ---
[INFO] Enabling debug build for apk.
[INFO] /home/travis/.android-sdk-installer/android-sdk-linux/build-tools/19.0.1/aapt [package, -f, -M, /home/travis/build/square/dagger/examples/android-simple/AndroidManifest.xml, -S, /home/travis/build/square/dagger/examples/android-simple/res, --auto-add-overlay, -I, /home/travis/.android-sdk-installer/android-sdk-linux/platforms/android-16/android.jar, -F, /home/travis/build/square/dagger/examples/android-simple/target/android-simple-1.2.2-SNAPSHOT.ap_, --debug-mode]
[INFO] 
[INFO] --- android-maven-plugin:3.8.2:internal-pre-integration-test (default-internal-pre-integration-test) @ android-simple ---
[INFO] No InstrumentationRunner found - skipping tests
[INFO] 
[INFO] --- android-maven-plugin:3.8.2:internal-integration-test (default-internal-integration-test) @ android-simple ---
[INFO] No InstrumentationRunner found - skipping tests
[INFO]                                                                         
[INFO] ------------------------------------------------------------------------
[INFO] Building Examples: Android - Activity Graphs 1.2.2-SNAPSHOT
[INFO] ------------------------------------------------------------------------
[INFO] 
[INFO] --- maven-enforcer-plugin:1.0:enforce (enforce-maven) @ android-activity-graphs ---
[INFO] 
[INFO] --- android-maven-plugin:3.8.2:generate-sources (default-generate-sources) @ android-activity-graphs ---
[INFO] ANDROID-904-002: Found aidl files: Count = 0
[INFO] ANDROID-904-002: Found aidl files: Count = 0
[INFO] Manifest merging disabled. Using project manifest only
[INFO] /home/travis/.android-sdk-installer/android-sdk-linux/build-tools/19.0.1/aapt [package, -f, --no-crunch, -I, /home/travis/.android-sdk-installer/android-sdk-linux/platforms/android-16/android.jar, -M, /home/travis/build/square/dagger/examples/android-activity-graphs/AndroidManifest.xml, -S, /home/travis/build/square/dagger/examples/android-activity-graphs/res, -m, -J, /home/travis/build/square/dagger/examples/android-activity-graphs/target/generated-sources/r, --output-text-symbols, /home/travis/build/square/dagger/examples/android-activity-graphs/target, --auto-add-overlay]
[INFO] 
[INFO] --- maven-resources-plugin:2.6:resources (default-resources) @ android-activity-graphs ---
[INFO] Using 'UTF-8' encoding to copy filtered resources.
[INFO] skip non existing resourceDirectory /home/travis/build/square/dagger/examples/android-activity-graphs/src/main/resources
[INFO] skip non existing resourceDirectory /home/travis/build/square/dagger/examples/android-activity-graphs/target/generated-sources/extracted-dependencies/src/main/resources
[INFO] 
[INFO] --- android-maven-plugin:3.8.2:consume-aar (default-consume-aar) @ android-activity-graphs ---
[INFO] Extracting classes for all aar dependencies
[INFO] 
[INFO] --- maven-compiler-plugin:3.1:compile (default-compile) @ android-activity-graphs ---
[INFO] Changes detected - recompiling the module!
[INFO] Compiling 12 source files to /home/travis/build/square/dagger/examples/android-activity-graphs/target/classes
[WARNING] bootstrap class path not set in conjunction with -source 1.6
[WARNING] No processor claimed any of these annotations: com.example.dagger.activitygraphs.ForApplication,javax.inject.Qualifier,dagger.Module,dagger.Provides,com.example.dagger.activitygraphs.ForActivity,javax.inject.Inject,javax.inject.Singleton
[INFO] 
[INFO] --- maven-checkstyle-plugin:2.10:checkstyle (default) @ android-activity-graphs ---
[INFO] Starting audit...
Audit done.

[WARNING] Unable to locate Source XRef to link to - DISABLED
[INFO] 
[INFO] --- android-maven-plugin:3.8.2:proguard (default-proguard) @ android-activity-graphs ---
[INFO] 
[INFO] --- maven-resources-plugin:2.6:testResources (default-testResources) @ android-activity-graphs ---
[INFO] Using 'UTF-8' encoding to copy filtered resources.
[INFO] skip non existing resourceDirectory /home/travis/build/square/dagger/examples/android-activity-graphs/src/test/resources
[INFO] 
[INFO] --- maven-compiler-plugin:3.1:testCompile (default-testCompile) @ android-activity-graphs ---
[INFO] No sources to compile
[INFO] 
[INFO] --- maven-surefire-plugin:2.17:test (default-test) @ android-activity-graphs ---
[INFO] No tests to run.
[INFO] 
[INFO] --- android-maven-plugin:3.8.2:emma (default-emma) @ android-activity-graphs ---
[INFO] 
[INFO] --- android-maven-plugin:3.8.2:dex (default-dex) @ android-activity-graphs ---
[INFO] /usr/lib/jvm/java-7-oracle/jre/bin/java [-Xmx1024M, -jar, /home/travis/.android-sdk-installer/android-sdk-linux/build-tools/19.0.1/lib/dx.jar, --dex, --output=/home/travis/build/square/dagger/examples/android-activity-graphs/target/classes.dex, /home/travis/.m2/repository/com/squareup/javawriter/2.5.0/javawriter-2.5.0.jar, /home/travis/.m2/repository/com/google/android/support-v4/r7/support-v4-r7.jar, /home/travis/build/square/dagger/compiler/target/dagger-compiler-1.2.2-SNAPSHOT.jar, /home/travis/.m2/repository/javax/inject/javax.inject/1/javax.inject-1.jar, /home/travis/build/square/dagger/examples/android-activity-graphs/target/classes, /home/travis/build/square/dagger/core/target/dagger-1.2.2-SNAPSHOT.jar, /home/travis/.m2/repository/com/google/guava/guava/15.0/guava-15.0.jar]
[INFO] 
[INFO] --- maven-jar-plugin:2.5:jar (default-jar) @ android-activity-graphs ---
[INFO] Building jar: /home/travis/build/square/dagger/examples/android-activity-graphs/target/android-activity-graphs-1.2.2-SNAPSHOT.jar
[INFO] 
[INFO] --- android-maven-plugin:3.8.2:apk (default-apk) @ android-activity-graphs ---
[INFO] Enabling debug build for apk.
[INFO] /home/travis/.android-sdk-installer/android-sdk-linux/build-tools/19.0.1/aapt [package, -f, -M, /home/travis/build/square/dagger/examples/android-activity-graphs/AndroidManifest.xml, -S, /home/travis/build/square/dagger/examples/android-activity-graphs/res, --auto-add-overlay, -I, /home/travis/.android-sdk-installer/android-sdk-linux/platforms/android-16/android.jar, -F, /home/travis/build/square/dagger/examples/android-activity-graphs/target/android-activity-graphs-1.2.2-SNAPSHOT.ap_, --debug-mode]
[INFO] 
[INFO] --- android-maven-plugin:3.8.2:internal-pre-integration-test (default-internal-pre-integration-test) @ android-activity-graphs ---
[INFO] No InstrumentationRunner found - skipping tests
[INFO] 
[INFO] --- android-maven-plugin:3.8.2:internal-integration-test (default-internal-integration-test) @ android-activity-graphs ---
[INFO] No InstrumentationRunner found - skipping tests
[INFO] ------------------------------------------------------------------------
[INFO] Reactor Summary:
[INFO] 
[INFO] Dagger (Parent) ................................... SUCCESS [  1.790 s]
[INFO] Dagger ............................................ SUCCESS [ 14.287 s]
[INFO] Dagger Compiler ................................... SUCCESS [04:12 min]
[INFO] Examples .......................................... SUCCESS [  0.013 s]
[INFO] Examples: Simple .................................. SUCCESS [  0.862 s]
[INFO] Examples: Android - Simple ........................ SUCCESS [ 24.783 s]
[INFO] Examples: Android - Activity Graphs ............... SUCCESS [ 21.497 s]
[INFO] ------------------------------------------------------------------------
[INFO] BUILD SUCCESS
[INFO] ------------------------------------------------------------------------
[INFO] Total time: 05:18 min
[INFO] Finished at: 2014-06-30T16:22:50+00:00
[INFO] Final Memory: 47M/194M
[INFO] ------------------------------------------------------------------------

[32;1mThe command "mvn verify" exited with 0.

Done. Your build exited with 0.
