Using worker: worker-linux-8-1.bb.travis-ci.org:travis-linux-9

travis_fold:start:git.1$ git clone --depth=50 --branch=dagger-parent-1.2.2 git://github.com/square/dagger.git square/dagger
Cloning into 'square/dagger'...
remote: Counting objects: 1361, done.[K
remote: Compressing objects:   0% (1/659)   [Kremote: Compressing objects:   1% (7/659)   [Kremote: Compressing objects:   2% (14/659)   [Kremote: Compressing objects:   3% (20/659)   [Kremote: Compressing objects:   4% (27/659)   [Kremote: Compressing objects:   5% (33/659)   [Kremote: Compressing objects:   6% (40/659)   [Kremote: Compressing objects:   7% (47/659)   [Kremote: Compressing objects:   8% (53/659)   [Kremote: Compressing objects:   9% (60/659)   [Kremote: Compressing objects:  10% (66/659)   [Kremote: Compressing objects:  11% (73/659)   [Kremote: Compressing objects:  12% (80/659)   [Kremote: Compressing objects:  13% (86/659)   [Kremote: Compressing objects:  14% (93/659)   [Kremote: Compressing objects:  15% (99/659)   [Kremote: Compressing objects:  16% (106/659)   [Kremote: Compressing objects:  17% (113/659)   [Kremote: Compressing objects:  18% (119/659)   [Kremote: Compressing objects:  19% (126/659)   [Kremote: Compressing objects:  20% (132/659)   [Kremote: Compressing objects:  21% (139/659)   [Kremote: Compressing objects:  22% (145/659)   [Kremote: Compressing objects:  23% (152/659)   [Kremote: Compressing objects:  24% (159/659)   [Kremote: Compressing objects:  25% (165/659)   [Kremote: Compressing objects:  26% (172/659)   [Kremote: Compressing objects:  27% (178/659)   [Kremote: Compressing objects:  28% (185/659)   [Kremote: Compressing objects:  29% (192/659)   [Kremote: Compressing objects:  30% (198/659)   [Kremote: Compressing objects:  31% (205/659)   [Kremote: Compressing objects:  32% (211/659)   [Kremote: Compressing objects:  33% (218/659)   [Kremote: Compressing objects:  34% (225/659)   [Kremote: Compressing objects:  35% (231/659)   [Kremote: Compressing objects:  36% (238/659)   [Kremote: Compressing objects:  37% (244/659)   [Kremote: Compressing objects:  38% (251/659)   [Kremote: Compressing objects:  39% (258/659)   [Kremote: Compressing objects:  40% (264/659)   [Kremote: Compressing objects:  41% (271/659)   [Kremote: Compressing objects:  42% (277/659)   [Kremote: Compressing objects:  43% (284/659)   [Kremote: Compressing objects:  44% (290/659)   [Kremote: Compressing objects:  45% (297/659)   [Kremote: Compressing objects:  46% (304/659)   [Kremote: Compressing objects:  47% (310/659)   [Kremote: Compressing objects:  48% (317/659)   [Kremote: Compressing objects:  49% (323/659)   [Kremote: Compressing objects:  50% (330/659)   [Kremote: Compressing objects:  51% (337/659)   [Kremote: Compressing objects:  52% (343/659)   [Kremote: Compressing objects:  53% (350/659)   [Kremote: Compressing objects:  54% (356/659)   [Kremote: Compressing objects:  55% (363/659)   [Kremote: Compressing objects:  56% (370/659)   [Kremote: Compressing objects:  57% (376/659)   [Kremote: Compressing objects:  58% (383/659)   [Kremote: Compressing objects:  59% (389/659)   [Kremote: Compressing objects:  60% (396/659)   [Kremote: Compressing objects:  61% (402/659)   [Kremote: Compressing objects:  62% (409/659)   [Kremote: Compressing objects:  63% (416/659)   [Kremote: Compressing objects:  64% (422/659)   [Kremote: Compressing objects:  65% (429/659)   [Kremote: Compressing objects:  66% (435/659)   [Kremote: Compressing objects:  67% (442/659)   [Kremote: Compressing objects:  68% (449/659)   [Kremote: Compressing objects:  69% (455/659)   [Kremote: Compressing objects:  70% (462/659)   [Kremote: Compressing objects:  71% (468/659)   [Kremote: Compressing objects:  72% (475/659)   [Kremote: Compressing objects:  73% (482/659)   [Kremote: Compressing objects:  74% (488/659)   [Kremote: Compressing objects:  75% (495/659)   [Kremote: Compressing objects:  76% (501/659)   [Kremote: Compressing objects:  77% (508/659)   [Kremote: Compressing objects:  78% (515/659)   [Kremote: Compressing objects:  79% (521/659)   [Kremote: Compressing objects:  80% (528/659)   [Kremote: Compressing objects:  81% (534/659)   [Kremote: Compressing objects:  82% (541/659)   [Kremote: Compressing objects:  83% (547/659)   [Kremote: Compressing objects:  84% (554/659)   [Kremote: Compressing objects:  85% (561/659)   [Kremote: Compressing objects:  86% (567/659)   [Kremote: Compressing objects:  87% (574/659)   [Kremote: Compressing objects:  88% (580/659)   [Kremote: Compressing objects:  89% (587/659)   [Kremote: Compressing objects:  90% (594/659)   [Kremote: Compressing objects:  91% (600/659)   [Kremote: Compressing objects:  92% (607/659)   [Kremote: Compressing objects:  93% (613/659)   [Kremote: Compressing objects:  94% (620/659)   [Kremote: Compressing objects:  95% (627/659)   [Kremote: Compressing objects:  96% (633/659)   [Kremote: Compressing objects:  97% (640/659)   [Kremote: Compressing objects:  98% (646/659)   [Kremote: Compressing objects:  99% (653/659)   [Kremote: Compressing objects: 100% (659/659)   [Kremote: Compressing objects: 100% (659/659), done.[K
Receiving objects:   0% (1/1361)   Receiving objects:   1% (14/1361)   Receiving objects:   2% (28/1361)   Receiving objects:   3% (41/1361)   Receiving objects:   4% (55/1361)   Receiving objects:   5% (69/1361)   Receiving objects:   6% (82/1361)   Receiving objects:   7% (96/1361)   Receiving objects:   8% (109/1361)   Receiving objects:   9% (123/1361)   Receiving objects:  10% (137/1361)   Receiving objects:  11% (150/1361)   Receiving objects:  12% (164/1361)   Receiving objects:  13% (177/1361)   Receiving objects:  14% (191/1361)   Receiving objects:  15% (205/1361)   Receiving objects:  16% (218/1361)   Receiving objects:  17% (232/1361)   Receiving objects:  18% (245/1361)   Receiving objects:  19% (259/1361)   Receiving objects:  20% (273/1361)   Receiving objects:  21% (286/1361)   Receiving objects:  22% (300/1361)   Receiving objects:  23% (314/1361)   Receiving objects:  24% (327/1361)   Receiving objects:  25% (341/1361)   Receiving objects:  26% (354/1361)   Receiving objects:  27% (368/1361)   Receiving objects:  28% (382/1361)   Receiving objects:  29% (395/1361)   Receiving objects:  30% (409/1361)   Receiving objects:  31% (422/1361)   Receiving objects:  32% (436/1361)   Receiving objects:  33% (450/1361)   Receiving objects:  34% (463/1361)   Receiving objects:  35% (477/1361)   Receiving objects:  36% (490/1361)   Receiving objects:  37% (504/1361)   Receiving objects:  38% (518/1361)   Receiving objects:  39% (531/1361)   Receiving objects:  40% (545/1361)   Receiving objects:  41% (559/1361)   Receiving objects:  42% (572/1361)   Receiving objects:  43% (586/1361)   Receiving objects:  44% (599/1361)   Receiving objects:  45% (613/1361)   Receiving objects:  46% (627/1361)   Receiving objects:  47% (640/1361)   Receiving objects:  48% (654/1361)   Receiving objects:  49% (667/1361)   Receiving objects:  50% (681/1361)   Receiving objects:  51% (695/1361)   Receiving objects:  52% (708/1361)   Receiving objects:  53% (722/1361)   Receiving objects:  54% (735/1361)   Receiving objects:  55% (749/1361)   Receiving objects:  56% (763/1361)   Receiving objects:  57% (776/1361)   Receiving objects:  58% (790/1361)   Receiving objects:  59% (803/1361)   Receiving objects:  60% (817/1361)   Receiving objects:  61% (831/1361)   Receiving objects:  62% (844/1361)   Receiving objects:  63% (858/1361)   Receiving objects:  64% (872/1361)   Receiving objects:  65% (885/1361)   Receiving objects:  66% (899/1361)   Receiving objects:  67% (912/1361)   Receiving objects:  68% (926/1361)   Receiving objects:  69% (940/1361)   Receiving objects:  70% (953/1361)   Receiving objects:  71% (967/1361)   Receiving objects:  72% (980/1361)   Receiving objects:  73% (994/1361)   Receiving objects:  74% (1008/1361)   Receiving objects:  75% (1021/1361)   Receiving objects:  76% (1035/1361)   Receiving objects:  77% (1048/1361)   Receiving objects:  78% (1062/1361)   Receiving objects:  79% (1076/1361)   Receiving objects:  80% (1089/1361)   Receiving objects:  81% (1103/1361)   Receiving objects:  82% (1117/1361)   Receiving objects:  83% (1130/1361)   Receiving objects:  84% (1144/1361)   Receiving objects:  85% (1157/1361)   Receiving objects:  86% (1171/1361)   Receiving objects:  87% (1185/1361)   Receiving objects:  88% (1198/1361)   Receiving objects:  89% (1212/1361)   Receiving objects:  90% (1225/1361)   Receiving objects:  91% (1239/1361)   remote: Total 1361 (delta 461), reused 1210 (delta 341)[K
Receiving objects:  92% (1253/1361)   Receiving objects:  93% (1266/1361)   Receiving objects:  94% (1280/1361)   Receiving objects:  95% (1293/1361)   Receiving objects:  96% (1307/1361)   Receiving objects:  97% (1321/1361)   Receiving objects:  98% (1334/1361)   Receiving objects:  99% (1348/1361)   Receiving objects: 100% (1361/1361)   Receiving objects: 100% (1361/1361), 370.54 KiB | 0 bytes/s, done.
Resolving deltas:   0% (0/461)   Resolving deltas:   1% (6/461)   Resolving deltas:   2% (13/461)   Resolving deltas:   6% (32/461)   Resolving deltas:   7% (34/461)   Resolving deltas:   8% (37/461)   Resolving deltas:   9% (43/461)   Resolving deltas:  11% (52/461)   Resolving deltas:  20% (95/461)   Resolving deltas:  24% (111/461)   Resolving deltas:  26% (124/461)   Resolving deltas:  27% (125/461)   Resolving deltas:  28% (130/461)   Resolving deltas:  34% (161/461)   Resolving deltas:  37% (172/461)   Resolving deltas:  38% (178/461)   Resolving deltas:  40% (189/461)   Resolving deltas:  41% (190/461)   Resolving deltas:  42% (195/461)   Resolving deltas:  43% (199/461)   Resolving deltas:  45% (208/461)   Resolving deltas:  46% (214/461)   Resolving deltas:  47% (219/461)   Resolving deltas:  57% (263/461)   Resolving deltas:  62% (288/461)   Resolving deltas:  64% (296/461)   Resolving deltas:  65% (303/461)   Resolving deltas:  67% (309/461)   Resolving deltas:  68% (316/461)   Resolving deltas:  69% (319/461)   Resolving deltas:  71% (331/461)   Resolving deltas:  74% (343/461)   Resolving deltas:  77% (355/461)   Resolving deltas:  78% (361/461)   Resolving deltas:  79% (366/461)   Resolving deltas:  80% (369/461)   Resolving deltas:  81% (376/461)   Resolving deltas:  82% (379/461)   Resolving deltas:  83% (383/461)   Resolving deltas:  84% (389/461)   Resolving deltas:  85% (395/461)   Resolving deltas:  86% (397/461)   Resolving deltas:  87% (403/461)   Resolving deltas:  88% (407/461)   Resolving deltas:  89% (414/461)   Resolving deltas:  90% (415/461)   Resolving deltas:  91% (420/461)   Resolving deltas:  92% (426/461)   Resolving deltas:  93% (429/461)   Resolving deltas:  94% (436/461)   Resolving deltas:  96% (443/461)   Resolving deltas:  97% (448/461)   Resolving deltas:  98% (453/461)   Resolving deltas:  99% (457/461)   Resolving deltas: 100% (461/461)   Resolving deltas: 100% (461/461), done.
Checking connectivity... done.
Note: checking out '2f9579c48e887ffa316f329c12c2fa2abbec27b1'.

You are in 'detached HEAD' state. You can look around, make experimental
changes and commit them, and you can discard any commits you make in this
state without impacting any branches by performing another checkout.

If you want to create a new branch to retain commits you create, you may
do so (now or later) by using -b with the checkout command again. Example:

  git checkout -b new_branch_name

travis_fold:end:git.1$ cd square/dagger
travis_fold:start:git.3$ git checkout -qf 2f9579c48e887ffa316f329c12c2fa2abbec27b1
travis_fold:end:git.3
$ jdk_switcher use oraclejdk8
Switching to Oracle JDK8 (java-8-oracle), JAVA_HOME will be set to /usr/lib/jvm/java-8-oracle
update-alternatives: error: no alternatives for apt.
$ java -version
java version "1.8.0"
Java(TM) SE Runtime Environment (build 1.8.0-b132)
Java HotSpot(TM) 64-Bit Server VM (build 25.0-b70, mixed mode)
$ javac -version
javac 1.8.0
travis_fold:start:before_install.1$ sudo apt-get install -qq libstdc++6:i386 lib32z1
Preconfiguring packages ...
(Reading database ... (Reading database ... 5%(Reading database ... 10%(Reading database ... 15%(Reading database ... 20%(Reading database ... 25%(Reading database ... 30%(Reading database ... 35%(Reading database ... 40%(Reading database ... 45%(Reading database ... 50%(Reading database ... 55%(Reading database ... 60%(Reading database ... 65%(Reading database ... 70%(Reading database ... 75%(Reading database ... 80%(Reading database ... 85%(Reading database ... 90%(Reading database ... 95%(Reading database ... 100%(Reading database ... 70781 files and directories currently installed.)
Preparing to replace libc6-dev 2.15-0ubuntu10 (using .../libc6-dev_2.15-0ubuntu10.5_amd64.deb) ...
Unpacking replacement libc6-dev ...
Preparing to replace libc-dev-bin 2.15-0ubuntu10 (using .../libc-dev-bin_2.15-0ubuntu10.5_amd64.deb) ...
Unpacking replacement libc-dev-bin ...
Preparing to replace libc-bin 2.15-0ubuntu10 (using .../libc-bin_2.15-0ubuntu10.5_amd64.deb) ...
Unpacking replacement libc-bin ...
Processing triggers for man-db ...
Setting up libc-bin (2.15-0ubuntu10.5) ...
(Reading database ... (Reading database ... 5%(Reading database ... 10%(Reading database ... 15%(Reading database ... 20%(Reading database ... 25%(Reading database ... 30%(Reading database ... 35%(Reading database ... 40%(Reading database ... 45%(Reading database ... 50%(Reading database ... 55%(Reading database ... 60%(Reading database ... 65%(Reading database ... 70%(Reading database ... 75%(Reading database ... 80%(Reading database ... 85%(Reading database ... 90%(Reading database ... 95%(Reading database ... 100%(Reading database ... 70780 files and directories currently installed.)
Preparing to replace libc6 2.15-0ubuntu10 (using .../libc6_2.15-0ubuntu10.5_amd64.deb) ...
Unpacking replacement libc6 ...
Selecting previously unselected package libc6:i386.
Unpacking libc6:i386 (from .../libc6_2.15-0ubuntu10.5_i386.deb) ...
Setting up libc6 (2.15-0ubuntu10.5) ...
Processing triggers for libc-bin ...
ldconfig deferred processing now taking place
Selecting previously unselected package libgcc1:i386.
(Reading database ... (Reading database ... 5%(Reading database ... 10%(Reading database ... 15%(Reading database ... 20%(Reading database ... 25%(Reading database ... 30%(Reading database ... 35%(Reading database ... 40%(Reading database ... 45%(Reading database ... 50%(Reading database ... 55%(Reading database ... 60%(Reading database ... 65%(Reading database ... 70%(Reading database ... 75%(Reading database ... 80%(Reading database ... 85%(Reading database ... 90%(Reading database ... 95%(Reading database ... 100%(Reading database ... 71083 files and directories currently installed.)
Unpacking libgcc1:i386 (from .../libgcc1_1%3a4.6.3-1ubuntu5_i386.deb) ...
Selecting previously unselected package gcc-4.6-base:i386.
Unpacking gcc-4.6-base:i386 (from .../gcc-4.6-base_4.6.3-1ubuntu5_i386.deb) ...
Setting up gcc-4.6-base:i386 (4.6.3-1ubuntu5) ...
Setting up libc6:i386 (2.15-0ubuntu10.5) ...
Setting up libgcc1:i386 (1:4.6.3-1ubuntu5) ...
Processing triggers for libc-bin ...
ldconfig deferred processing now taking place
Selecting previously unselected package libstdc++6:i386.
(Reading database ... (Reading database ... 5%(Reading database ... 10%(Reading database ... 15%(Reading database ... 20%(Reading database ... 25%(Reading database ... 30%(Reading database ... 35%(Reading database ... 40%(Reading database ... 45%(Reading database ... 50%(Reading database ... 55%(Reading database ... 60%(Reading database ... 65%(Reading database ... 70%(Reading database ... 75%(Reading database ... 80%(Reading database ... 85%(Reading database ... 90%(Reading database ... 95%(Reading database ... 100%(Reading database ... 71088 files and directories currently installed.)
Unpacking libstdc++6:i386 (from .../libstdc++6_4.6.3-1ubuntu5_i386.deb) ...
Selecting previously unselected package libc6-i386.
Unpacking libc6-i386 (from .../libc6-i386_2.15-0ubuntu10.5_amd64.deb) ...
Replaced by files in installed package libc6:i386 ...
Selecting previously unselected package lib32z1.
Unpacking lib32z1 (from .../lib32z1_1%3a1.2.3.4.dfsg-3ubuntu4_amd64.deb) ...
Setting up libc-dev-bin (2.15-0ubuntu10.5) ...
Setting up libc6-dev (2.15-0ubuntu10.5) ...
Setting up libstdc++6:i386 (4.6.3-1ubuntu5) ...
Setting up libc6-i386 (2.15-0ubuntu10.5) ...
Setting up lib32z1 (1:1.2.3.4.dfsg-3ubuntu4) ...
Processing triggers for libc-bin ...
ldconfig deferred processing now taking place
travis_fold:end:before_install.1travis_fold:start:before_install.2$ export COMPONENTS=build-tools-19.0.1,android-16
travis_fold:end:before_install.2travis_fold:start:before_install.3$ curl -L https://raw.github.com/embarkmobile/android-sdk-installer/version-1/android-sdk-installer | bash /dev/stdin --install=$COMPONENTS
  % Total    % Received % Xferd  Average Speed   Time    Time     Time  Current
                                 Dload  Upload   Total   Spent    Left  Speed
  0     0    0     0    0     0      0      0 --:--:-- --:--:-- --:--:--     0  0     0    0     0    0     0      0      0 --:--:-- --:--:-- --:--:--     0
100  2058  100  2058    0     0  28256      0 --:--:-- --:--:-- --:--:-- 28256
Installing SDK in /home/travis/.android-sdk-installer
Downloading SDK
--2014-07-22 00:03:00--  http://dl.google.com/android/android-sdk_r22.6.2-linux.tgz
Resolving dl.google.com (dl.google.com)... 2607:f8b0:4004:808::1003, 173.194.121.5, 173.194.121.1, ...
Connecting to dl.google.com (dl.google.com)|2607:f8b0:4004:808::1003|:80... connected.
HTTP request sent, awaiting response... 200 OK
Length: 101050024 (96M) [application/x-tar]
Saving to: `/home/travis/.android-sdk-installer/android-sdk_r22.6.2-linux.tgz'

 0% [                                       ] 0           --.-K/s               7% [=>                                     ] 7,415,952   35.4M/s              21% [=======>                               ] 21,567,912  51.4M/s              33% [===========>                           ] 33,588,344  53.4M/s              48% [==================>                    ] 49,334,472  58.8M/s              62% [=======================>               ] 63,053,432  60.1M/s              74% [============================>          ] 75,643,040  60.1M/s              85% [================================>      ] 86,742,936  59.1M/s              95% [====================================>  ] 96,804,864  57.7M/s              100%[======================================>] 101,050,024 57.1M/s   in 1.7s    

2014-07-22 00:03:02 (57.1 MB/s) - `/home/travis/.android-sdk-installer/android-sdk_r22.6.2-linux.tgz' saved [101050024/101050024]

Extracting SDK
Installing platform-tools,build-tools-19.0.1,android-16
Refresh Sources:
  Fetching https://dl-ssl.google.com/android/repository/addons_list-2.xml
  Validate XML
  Parse XML
  Fetched Add-ons List successfully
  Refresh Sources
  Fetching URL: https://dl-ssl.google.com/android/repository/repository-9.xml
  Validate XML: https://dl-ssl.google.com/android/repository/repository-8.xml
  Parse XML:    https://dl-ssl.google.com/android/repository/repository-8.xml
  Fetching URL: https://dl-ssl.google.com/android/repository/addon.xml
  Validate XML: https://dl-ssl.google.com/android/repository/addon.xml
  Fetching URL: https://dl-ssl.google.com/android/repository/addon-6.xml
  Validate XML: https://dl-ssl.google.com/android/repository/addon-6.xml
  Parse XML:    https://dl-ssl.google.com/android/repository/addon-6.xml
  Fetching URL: https://dl-ssl.google.com/glass/gdk/addon.xml
  Validate XML: https://dl-ssl.google.com/glass/gdk/addon.xml
  Parse XML:    https://dl-ssl.google.com/glass/gdk/addon.xml
  Fetching URL: https://dl-ssl.google.com/android/repository/extras/intel/addon.xml
  Validate XML: https://dl-ssl.google.com/android/repository/extras/intel/addon.xml
  Parse XML:    https://dl-ssl.google.com/android/repository/extras/intel/addon.xml
  Fetching URL: https://dl-ssl.google.com/android/repository/sys-img/android/sys-img.xml
  Validate XML: https://dl-ssl.google.com/android/repository/sys-img/android/sys-img.xml
  Fetching URL: https://dl-ssl.google.com/android/repository/sys-img/android-wear/sys-img.xml
  Validate XML: https://dl-ssl.google.com/android/repository/sys-img/android-wear/sys-img.xml
  Fetching URL: https://dl-ssl.google.com/android/repository/sys-img/android-tv/sys-img.xml
  Validate XML: https://dl-ssl.google.com/android/repository/sys-img/android-tv/sys-img.xml
  Fetching URL: https://dl-ssl.google.com/android/repository/sys-img/x86/addon-x86.xml
  Validate XML: https://dl-ssl.google.com/android/repository/sys-img/x86/addon-x86.xml
Refresh Sources:
  Fetching URL: https://dl-ssl.google.com/android/repository/addon.xml
  Validate XML: https://dl-ssl.google.com/android/repository/addon.xml
  Fetching URL: https://dl-ssl.google.com/android/repository/sys-img/android/sys-img.xml
  Validate XML: https://dl-ssl.google.com/android/repository/sys-img/android/sys-img.xml
  Fetching URL: https://dl-ssl.google.com/android/repository/sys-img/android-wear/sys-img.xml
  Validate XML: https://dl-ssl.google.com/android/repository/sys-img/android-wear/sys-img.xml
  Fetching URL: https://dl-ssl.google.com/android/repository/sys-img/android-tv/sys-img.xml
  Validate XML: https://dl-ssl.google.com/android/repository/sys-img/android-tv/sys-img.xml
  Fetching URL: https://dl-ssl.google.com/android/repository/sys-img/x86/addon-x86.xml
  Validate XML: https://dl-ssl.google.com/android/repository/sys-img/x86/addon-x86.xml
-------------------------------
License id: android-sdk-license-5be876d5
Used by: 
 - Android SDK Platform-tools, revision 20
  - Android SDK Build-tools, revision 19.0.1
  - SDK Platform Android 4.1.2, API 16, revision 4
-------------------------------
To get started with the Android SDK, you must agree to the following terms and conditions.

This is the Android SDK License Agreement (the "License Agreement").

1. Introduction

1.1 The Android SDK (referred to in the License Agreement as the "SDK" and specifically including the Android system files, packaged APIs, and SDK library files and tools , if and when they are made available) is licensed to you subject to the terms of the License Agreement. The License Agreement forms a legally binding contract between you and Google in relation to your use of the SDK.

1.2 "Android" means the Android software stack for devices, as made available under the Android Open Source Project, which is located at the following URL: http://source.android.com/, as updated from time to time.

1.3 "Google" means Google Inc., a Delaware corporation with principal place of business at 1600 Amphitheatre Parkway, Mountain View, CA 94043, United States.

2. Accepting the License Agreement

2.1 In order to use the SDK, you must first agree to the License Agreement. You may not use the SDK if you do not accept the License Agreement.

2.2 By clicking to accept and/or using the SDK, you hereby agree to the terms of the License Agreement.

2.3 You may not use the SDK and may not accept the License Agreement if you are a person barred from receiving the SDK under the laws of the United States or other countries including the country in which you are resident or from which you use the SDK.

2.4 If you will use the SDK internally within your company or organization you agree to be bound by the License Agreement on behalf of your employer or other entity, and you represent and warrant that you have full legal authority to bind your employer or such entity to the License Agreement. If you do not have the requisite authority, you may not accept the License Agreement or use the SDK on behalf of your employer or other entity.

3. SDK License from Google

3.1 Subject to the terms of the License Agreement, Google grants you a royalty-free, non-assignable, non-exclusive, non-sublicensable, limited, revocable license to use the SDK, personally or internally within your company or organization, solely to develop and distribute applications to run on the Android platform.

3.2 You agree that Google or third parties own all legal right, title and interest in and to the SDK, including any Intellectual Property Rights that subsist in the SDK. "Intellectual Property Rights" means any and all rights under patent law, copyright law, trade secret law, trademark law, and any and all other proprietary rights. Google reserves all rights not expressly granted to you.

3.3 You may not use the SDK for any purpose not expressly permitted by the License Agreement. Except to the extent required by applicable third party licenses, you may not: (a) copy (except for backup purposes), modify, adapt, redistribute, decompile, reverse engineer, disassemble, or create derivative works of the SDK or any part of the SDK; or (b) load any part of the SDK onto a mobile handset or any other hardware device except a personal computer, combine any part of the SDK with other software, or distribute any software or device incorporating a part of the SDK.

3.4 You agree that you will not take any actions that may cause or result in the fragmentation of Android, including but not limited to distributing, participating in the creation of, or promoting in any way a software development kit derived from the SDK.

3.5 Use, reproduction and distribution of components of the SDK licensed under an open source software license are governed solely by the terms of that open source software license and not the License Agreement. You agree to remain a licensee in good standing in regard to such open source software licenses under all the rights granted and to refrain from any actions that may terminate, suspend, or breach such rights.

3.6 You agree that the form and nature of the SDK that Google provides may change without prior notice to you and that future versions of the SDK may be incompatible with applications developed on previous versions of the SDK. You agree that Google may stop (permanently or temporarily) providing the SDK (or any features within the SDK) to you or to users generally at Google's sole discretion, without prior notice to you.

3.7 Nothing in the License Agreement gives you a right to use any of Google's trade names, trademarks, service marks, logos, domain names, or other distinctive brand features.

3.8 You agree that you will not remove, obscure, or alter any proprietary rights notices (including copyright and trademark notices) that may be affixed to or contained within the SDK.

4. Use of the SDK by You

4.1 Google agrees that nothing in the License Agreement gives Google any right, title or interest from you (or your licensors) under the License Agreement in or to any software applications that you develop using the SDK, including any intellectual property rights that subsist in those applications.

4.2 You agree to use the SDK and write applications only for purposes that are permitted by (a) the License Agreement, and (b) any applicable law, regulation or generally accepted practices or guidelines in the relevant jurisdictions (including any laws regarding the export of data or software to and from the United States or other relevant countries).

4.3 You agree that if you use the SDK to develop applications, you will protect the privacy and legal rights of users. If users provide you with user names, passwords, or other login information or personal information, you must make the users aware that the information will be available to your application, and you must provide legally adequate privacy notice and protection for those users. If your application stores personal or sensitive information provided by users, it must do so securely. If users provide you with Google Account information, your application may only use that information to access the user's Google Account when, and for the limited purposes for which, each user has given you permission to do so.

4.4 You agree that you will not engage in any activity with the SDK, including the development or distribution of an application, that interferes with, disrupts, damages, or accesses in an unauthorized manner the servers, networks, or other properties or services of Google or any third party.

4.5 You agree that you are solely responsible for (and that Google has no responsibility to you or to any third party for) any data, content, or resources that you create, transmit or display through Android and/or applications for Android, and for the consequences of your actions (including any loss or damage which Google may suffer) by doing so.

4.6 You agree that you are solely responsible for (and that Google has no responsibility to you or to any third party for) any breach of your obligations under the License Agreement, any applicable third party contract or Terms of Service, or any applicable law or regulation, and for the consequences (including any loss or damage which Google or any third party may suffer) of any such breach.

5. Your Developer Credentials

5.1 You agree that you are responsible for maintaining the confidentiality of any developer credentials that may be issued to you by Google or which you may choose yourself and that you will be solely responsible for all applications that are developed under your developer credentials.

6. Privacy and Information

6.1 In order to continually innovate and improve the SDK, Google may collect certain usage statistics from the software including but not limited to a unique identifier, associated IP address, version number of the software, and information on which tools and/or services in the SDK are being used and how they are being used. Before any of this information is collected, the SDK will notify you and seek your consent. If you withhold consent, the information will not be collected.

6.2 The data collected is examined in the aggregate to improve the SDK and is maintained in accordance with Google's Privacy Policy located at http://www.google.com/policies/privacy/.

7. Third Party Applications

7.1 If you use the SDK to run applications developed by a third party or that access data, content or resources provided by a third party, you agree that Google is not responsible for those applications, data, content, or resources. You understand that all data, content or resources which you may access through such third party applications are the sole responsibility of the person from which they originated and that Google is not liable for any loss or damage that you may experience as a result of the use or access of any of those third party applications, data, content, or resources.

7.2 You should be aware the data, content, and resources presented to you through such a third party application may be protected by intellectual property rights which are owned by the providers (or by other persons or companies on their behalf). You may not modify, rent, lease, loan, sell, distribute or create derivative works based on these data, content, or resources (either in whole or in part) unless you have been specifically given permission to do so by the relevant owners.

7.3 You acknowledge that your use of such third party applications, data, content, or resources may be subject to separate terms between you and the relevant third party.

8. Using Google APIs

8.1 Google APIs

8.1.1 If you use any API to retrieve data from Google, you acknowledge that the data may be protected by intellectual property rights which are owned by Google or those parties that provide the data (or by other persons or companies on their behalf). Your use of any such API may be subject to additional Terms of Service. You may not modify, rent, lease, loan, sell, distribute or create derivative works based on this data (either in whole or in part) unless allowed by the relevant Terms of Service.

8.1.2 If you use any API to retrieve a user's data from Google, you acknowledge and agree that you shall retrieve data only with the user's explicit consent and only when, and for the limited purposes for which, the user has given you permission to do so.

9. Terminating the License Agreement

9.1 The License Agreement will continue to apply until terminated by either you or Google as set out below.

9.2 If you want to terminate the License Agreement, you may do so by ceasing your use of the SDK and any relevant developer credentials.

9.3 Google may at any time, terminate the License Agreement, with or without cause, upon notice to you.

9.4 The License Agreement will automatically terminate without notice or other action when Google ceases to provide the SDK or certain parts of the SDK to users in the country in which you are resident or from which you use the service.

9.5 When the License Agreement is terminated, the license granted to you in the License Agreement will terminate, you will immediately cease all use of the SDK, and the provisions of paragraphs 10, 11, 12 and 14 shall survive indefinitely.

10. DISCLAIMERS

10.1 YOU EXPRESSLY UNDERSTAND AND AGREE THAT YOUR USE OF THE SDK IS AT YOUR SOLE RISK AND THAT THE SDK IS PROVIDED "AS IS" AND "AS AVAILABLE" WITHOUT WARRANTY OF ANY KIND FROM GOOGLE.

10.2 YOUR USE OF THE SDK AND ANY MATERIAL DOWNLOADED OR OTHERWISE OBTAINED THROUGH THE USE OF THE SDK IS AT YOUR OWN DISCRETION AND RISK AND YOU ARE SOLELY RESPONSIBLE FOR ANY DAMAGE TO YOUR COMPUTER SYSTEM OR OTHER DEVICE OR LOSS OF DATA THAT RESULTS FROM SUCH USE. WITHOUT LIMITING THE FOREGOING, YOU UNDERSTAND THAT THE SDK MAY CONTAIN ERRORS, DEFECTS AND SECURITY VULNERABILITIES THAT CAN RESULT IN SIGNIFICANT DAMAGE, INCLUDING THE COMPLETE, IRRECOVERABLE LOSS OF USE OF YOUR COMPUTER SYSTEM OR OTHER DEVICE.

10.3 GOOGLE FURTHER EXPRESSLY DISCLAIMS ALL WARRANTIES AND CONDITIONS OF ANY KIND, WHETHER EXPRESS OR IMPLIED, INCLUDING, BUT NOT LIMITED TO THE IMPLIED WARRANTIES AND CONDITIONS OF MERCHANTABILITY, FITNESS FOR A PARTICULAR PURPOSE AND NON-INFRINGEMENT.

11. LIMITATION OF LIABILITY

11.1 YOU EXPRESSLY UNDERSTAND AND AGREE THAT GOOGLE, ITS SUBSIDIARIES AND AFFILIATES, AND ITS LICENSORS SHALL NOT BE LIABLE TO YOU UNDER ANY THEORY OF LIABILITY FOR ANY DIRECT, INDIRECT, INCIDENTAL, SPECIAL, CONSEQUENTIAL OR EXEMPLARY DAMAGES THAT MAY BE INCURRED BY YOU, INCLUDING ANY LOSS OF DATA, WHETHER OR NOT GOOGLE OR ITS REPRESENTATIVES HAVE BEEN ADVISED OF OR SHOULD HAVE BEEN AWARE OF THE POSSIBILITY OF ANY SUCH LOSSES ARISING.

12. Indemnification

12.1 To the maximum extent permitted by law, you agree to defend, indemnify and hold harmless Google, its affiliates and their respective directors, officers, employees and agents from and against any and all claims, actions, suits or proceedings, as well as any and all losses, liabilities, damages, costs and expenses (including reasonable attorneysâ€™ fees) arising out of or accruing from (a) your use of the SDK, (b) any application you develop on the SDK that infringes any Intellectual Property Rights of any person or defames any person or violates their rights of publicity or privacy, and (c) any non-compliance by you of the License Agreement.

13. Changes to the License Agreement

13.1 Google may make changes to the License Agreement as it distributes new versions of the SDK. When these changes are made, Google will make a new version of the License Agreement available on the website where the SDK is made available.

14. General Legal Terms

14.1 The License Agreement constitutes the whole legal agreement between you and Google and governs your use of the SDK (excluding any services which Google may provide to you under a separate written agreement), and completely replaces any prior agreements between you and Google in relation to the SDK.

14.2 You agree that if Google does not exercise or enforce any legal right or remedy which is contained in the License Agreement (or which Google has the benefit of under any applicable law), this will not be taken to be a formal waiver of Google's rights and that those rights or remedies will still be available to Google.

14.3 If any court of law, having the jurisdiction to decide on this matter, rules that any provision of the License Agreement is invalid, then that provision will be removed from the License Agreement without affecting the rest of the License Agreement. The remaining provisions of the License Agreement will continue to be valid and enforceable.

14.4 You acknowledge and agree that each member of the group of companies of which Google is the parent shall be third party beneficiaries to the License Agreement and that such other companies shall be entitled to directly enforce, and rely upon, any provision of the License Agreement that confers a benefit on (or rights in favor of) them. Other than this, no other person or company shall be third party beneficiaries to the License Agreement.

14.5 EXPORT RESTRICTIONS. THE SDK IS SUBJECT TO UNITED STATES EXPORT LAWS AND REGULATIONS. YOU MUST COMPLY WITH ALL DOMESTIC AND INTERNATIONAL EXPORT LAWS AND REGULATIONS THAT APPLY TO THE SDK. THESE LAWS INCLUDE RESTRICTIONS ON DESTINATIONS, END USERS AND END USE.

14.6 The License Agreement may not be assigned or transferred by you without the prior written approval of Google, and any attempted assignment without such approval will be void. You shall not delegate your responsibilities or obligations under the License Agreement without the prior written approval of Google.

14.7 The License Agreement, and your relationship with Google under the License Agreement, shall be governed by the laws of the State of California without regard to its conflict of laws provisions. You and Google agree to submit to the exclusive jurisdiction of the courts located within the county of Santa Clara, California to resolve any legal matter arising from the License Agreement. Notwithstanding this, you agree that Google shall still be allowed to apply for injunctive remedies (or an equivalent type of urgent legal relief) in any jurisdiction.

June 2014.
    

Do you accept the license 'android-sdk-license-5be876d5' [y/n]: 
Installing Archives:
  Preparing to install archives
  Downloading Android SDK Platform-tools, revision 20
  Installing Android SDK Platform-tools, revision 20
  Stopping ADB server failed (code -1).
  Unzipping Android SDK Platform-tools, revision 20 (5%)  Unzipping Android SDK Platform-tools, revision 20 (38%)  Unzipping Android SDK Platform-tools, revision 20 (44%)  Unzipping Android SDK Platform-tools, revision 20 (62%)  Unzipping Android SDK Platform-tools, revision 20 (71%)  Unzipping Android SDK Platform-tools, revision 20 (94%)  Unzipping Android SDK Platform-tools, revision 20 (97%)  Unzipping Android SDK Platform-tools, revision 20 (98%)  Unzipping Android SDK Platform-tools, revision 20 (99%)    Installed Android SDK Platform-tools, revision 20
  Downloading Android SDK Build-tools, revision 19.0.1
     (16%, 1670 KiB/s, 10 seconds left)     (23%, 1639 KiB/s, 9 seconds left)     (32%, 1652 KiB/s, 8 seconds left)     (40%, 1657 KiB/s, 7 seconds left)     (47%, 1635 KiB/s, 6 seconds left)     (55%, 1623 KiB/s, 5 seconds left)     (62%, 1602 KiB/s, 4 seconds left)     (70%, 1614 KiB/s, 3 seconds left)     (75%, 1563 KiB/s, 3 seconds left)     (84%, 1575 KiB/s, 2 seconds left)     (92%, 1588 KiB/s, 0 seconds left)     (98%, 1556 KiB/s, 0 seconds left)  Installing Android SDK Build-tools, revision 19.0.1
  Unzipping Android SDK Build-tools, revision 19.0.1 (28%)  Unzipping Android SDK Build-tools, revision 19.0.1 (30%)  Unzipping Android SDK Build-tools, revision 19.0.1 (31%)  Unzipping Android SDK Build-tools, revision 19.0.1 (32%)  Unzipping Android SDK Build-tools, revision 19.0.1 (34%)  Unzipping Android SDK Build-tools, revision 19.0.1 (35%)  Unzipping Android SDK Build-tools, revision 19.0.1 (37%)  Unzipping Android SDK Build-tools, revision 19.0.1 (38%)  Unzipping Android SDK Build-tools, revision 19.0.1 (40%)  Unzipping Android SDK Build-tools, revision 19.0.1 (43%)  Unzipping Android SDK Build-tools, revision 19.0.1 (44%)  Unzipping Android SDK Build-tools, revision 19.0.1 (81%)  Unzipping Android SDK Build-tools, revision 19.0.1 (83%)  Unzipping Android SDK Build-tools, revision 19.0.1 (84%)  Unzipping Android SDK Build-tools, revision 19.0.1 (90%)  Unzipping Android SDK Build-tools, revision 19.0.1 (91%)  Unzipping Android SDK Build-tools, revision 19.0.1 (97%)  Unzipping Android SDK Build-tools, revision 19.0.1 (98%)  Unzipping Android SDK Build-tools, revision 19.0.1 (99%)    Installed Android SDK Build-tools, revision 19.0.1
  Downloading SDK Platform Android 4.1.2, API 16, revision 4
     (6%, 1465 KiB/s, 30 seconds left)     (9%, 1538 KiB/s, 27 seconds left)     (13%, 1584 KiB/s, 25 seconds left)     (17%, 1613 KiB/s, 24 seconds left)     (19%, 1552 KiB/s, 24 seconds left)     (23%, 1585 KiB/s, 22 seconds left)     (27%, 1602 KiB/s, 21 seconds left)     (30%, 1565 KiB/s, 20 seconds left)     (33%, 1547 KiB/s, 20 seconds left)     (36%, 1566 KiB/s, 18 seconds left)     (40%, 1548 KiB/s, 18 seconds left)     (44%, 1559 KiB/s, 16 seconds left)     (47%, 1541 KiB/s, 16 seconds left)     (50%, 1450 KiB/s, 15 seconds left)     (54%, 1463 KiB/s, 14 seconds left)     (57%, 1473 KiB/s, 13 seconds left)     (61%, 1481 KiB/s, 12 seconds left)     (64%, 1469 KiB/s, 11 seconds left)     (67%, 1479 KiB/s, 10 seconds left)     (71%, 1490 KiB/s, 8 seconds left)     (74%, 1473 KiB/s, 8 seconds left)     (77%, 1482 KiB/s, 7 seconds left)     (80%, 1480 KiB/s, 6 seconds left)     (83%, 1471 KiB/s, 5 seconds left)     (87%, 1480 KiB/s, 4 seconds left)     (90%, 1467 KiB/s, 3 seconds left)     (94%, 1474 KiB/s, 1 seconds left)     (96%, 1462 KiB/s, 1 seconds left)     (100%, 1469 KiB/s, 0 seconds left)  Installing SDK Platform Android 4.1.2, API 16, revision 4
  Unzipping SDK Platform Android 4.1.2, API 16, revision 4 (2%)  Unzipping SDK Platform Android 4.1.2, API 16, revision 4 (3%)  Unzipping SDK Platform Android 4.1.2, API 16, revision 4 (4%)  Unzipping SDK Platform Android 4.1.2, API 16, revision 4 (5%)  Unzipping SDK Platform Android 4.1.2, API 16, revision 4 (32%)  Unzipping SDK Platform Android 4.1.2, API 16, revision 4 (33%)  Unzipping SDK Platform Android 4.1.2, API 16, revision 4 (50%)  Unzipping SDK Platform Android 4.1.2, API 16, revision 4 (51%)  Unzipping SDK Platform Android 4.1.2, API 16, revision 4 (53%)  Unzipping SDK Platform Android 4.1.2, API 16, revision 4 (54%)  Unzipping SDK Platform Android 4.1.2, API 16, revision 4 (55%)  Unzipping SDK Platform Android 4.1.2, API 16, revision 4 (56%)  Unzipping SDK Platform Android 4.1.2, API 16, revision 4 (60%)  Unzipping SDK Platform Android 4.1.2, API 16, revision 4 (61%)  Unzipping SDK Platform Android 4.1.2, API 16, revision 4 (62%)  Unzipping SDK Platform Android 4.1.2, API 16, revision 4 (63%)  Unzipping SDK Platform Android 4.1.2, API 16, revision 4 (64%)  Unzipping SDK Platform Android 4.1.2, API 16, revision 4 (66%)  Unzipping SDK Platform Android 4.1.2, API 16, revision 4 (67%)  Unzipping SDK Platform Android 4.1.2, API 16, revision 4 (68%)  Unzipping SDK Platform Android 4.1.2, API 16, revision 4 (69%)  Unzipping SDK Platform Android 4.1.2, API 16, revision 4 (70%)  Unzipping SDK Platform Android 4.1.2, API 16, revision 4 (73%)  Unzipping SDK Platform Android 4.1.2, API 16, revision 4 (74%)  Unzipping SDK Platform Android 4.1.2, API 16, revision 4 (75%)  Unzipping SDK Platform Android 4.1.2, API 16, revision 4 (76%)  Unzipping SDK Platform Android 4.1.2, API 16, revision 4 (82%)  Unzipping SDK Platform Android 4.1.2, API 16, revision 4 (83%)  Unzipping SDK Platform Android 4.1.2, API 16, revision 4 (84%)  Unzipping SDK Platform Android 4.1.2, API 16, revision 4 (85%)  Unzipping SDK Platform Android 4.1.2, API 16, revision 4 (86%)  Unzipping SDK Platform Android 4.1.2, API 16, revision 4 (87%)  Unzipping SDK Platform Android 4.1.2, API 16, revision 4 (88%)  Unzipping SDK Platform Android 4.1.2, API 16, revision 4 (89%)  Unzipping SDK Platform Android 4.1.2, API 16, revision 4 (90%)  Unzipping SDK Platform Android 4.1.2, API 16, revision 4 (91%)  Unzipping SDK Platform Android 4.1.2, API 16, revision 4 (92%)  Unzipping SDK Platform Android 4.1.2, API 16, revision 4 (95%)  Unzipping SDK Platform Android 4.1.2, API 16, revision 4 (96%)    Installed SDK Platform Android 4.1.2, API 16, revision 4
    Stopping ADB server succeeded.
    Starting ADB server succeeded.
  Done. 3 packages installed.
travis_fold:end:before_install.3travis_fold:start:before_install.4$ source ~/.android-sdk-installer/env
travis_fold:end:before_install.4travis_fold:start:install$ mvn install clean --fail-never --quiet -DskipTests=true -Dinvoker.skip=true
Java HotSpot(TM) 64-Bit Server VM warning: ignoring option MaxPermSize=192m; support was removed in 8.0
travis_fold:end:install$ mvn verify
Java HotSpot(TM) 64-Bit Server VM warning: ignoring option MaxPermSize=192m; support was removed in 8.0
[INFO] Scanning for projects...
[WARNING] 
[WARNING] Some problems were encountered while building the effective model for com.squareup.dagger:dagger:jar:1.2.2
[WARNING] 'build.plugins.plugin.version' for org.apache.maven.plugins:maven-jar-plugin is missing. @ line 74, column 15
[WARNING] 'build.plugins.plugin.version' for org.apache.maven.plugins:maven-javadoc-plugin is missing. @ line 68, column 15
[WARNING] 
[WARNING] It is highly recommended to fix these problems because they threaten the stability of your build.
[WARNING] 
[WARNING] For this reason, future Maven versions might no longer support building such malformed projects.
[WARNING] 
[INFO] ------------------------------------------------------------------------
[INFO] Reactor Build Order:
[INFO] 
[INFO] Dagger (Parent)
[INFO] Dagger
[INFO] Dagger Compiler
[INFO] Examples
[INFO] Examples: Simple
[INFO] Examples: Android - Simple
[INFO] Examples: Android - Activity Graphs
[INFO] 
[INFO] Using the builder org.apache.maven.lifecycle.internal.builder.singlethreaded.SingleThreadedBuilder with a thread count of 1
[INFO]                                                                         
[INFO] ------------------------------------------------------------------------
[INFO] Building Dagger (Parent) 1.2.2
[INFO] ------------------------------------------------------------------------
[INFO] 
[INFO] --- maven-enforcer-plugin:1.0:enforce (enforce-maven) @ dagger-parent ---
[INFO] 
[INFO] --- maven-checkstyle-plugin:2.10:checkstyle (default) @ dagger-parent ---
[INFO]                                                                         
[INFO] ------------------------------------------------------------------------
[INFO] Building Dagger 1.2.2
[INFO] ------------------------------------------------------------------------
[INFO] 
[INFO] --- maven-enforcer-plugin:1.0:enforce (enforce-maven) @ dagger ---
[INFO] 
[INFO] --- maven-resources-plugin:2.6:resources (default-resources) @ dagger ---
[INFO] Using 'UTF-8' encoding to copy filtered resources.
[INFO] skip non existing resourceDirectory /home/travis/build/square/dagger/core/src/main/resources
[INFO] 
[INFO] --- maven-compiler-plugin:3.1:compile (default-compile) @ dagger ---
[INFO] Changes detected - recompiling the module!
[INFO] Compiling 25 source files to /home/travis/build/square/dagger/core/target/classes
[WARNING] bootstrap class path not set in conjunction with -source 1.6
[WARNING] /home/travis/build/square/dagger/core/src/main/java/dagger/internal/Binding.java:[155,17] serializable class dagger.internal.Binding.InvalidBindingException has no definition of serialVersionUID
[WARNING] /home/travis/build/square/dagger/core/src/main/java/dagger/internal/ProblemDetector.java:[33,10] found raw type: dagger.internal.Binding
  missing type arguments for generic class dagger.internal.Binding<T>
[WARNING] /home/travis/build/square/dagger/core/src/main/java/dagger/internal/ProblemDetector.java:[33,50] found raw type: dagger.internal.Binding
  missing type arguments for generic class dagger.internal.Binding<T>
[WARNING] /home/travis/build/square/dagger/core/src/main/java/dagger/ObjectGraph.java:[176,90] unchecked cast
  required: dagger.internal.ModuleAdapter<java.lang.Object>
  found:    dagger.internal.ModuleAdapter<capture#1 of ?>
[WARNING] /home/travis/build/square/dagger/core/src/main/java/dagger/internal/ArrayQueue.java:[530,58] unchecked cast
  required: T[]
  found:    java.lang.Object
[WARNING] /home/travis/build/square/dagger/core/src/main/java/dagger/internal/ArrayQueue.java:[554,63] unchecked cast
  required: dagger.internal.ArrayQueue<E>
  found:    java.lang.Object
[WARNING] /home/travis/build/square/dagger/core/src/main/java/dagger/internal/ArrayQueue.java:[555,54] unchecked cast
  required: E[]
  found:    java.lang.Object
[INFO] 
[INFO] --- maven-checkstyle-plugin:2.10:checkstyle (default) @ dagger ---
[INFO] Starting audit...
Audit done.

[WARNING] Unable to locate Source XRef to link to - DISABLED
[INFO] 
[INFO] --- animal-sniffer-maven-plugin:1.8:check (sniff-api) @ dagger ---
[INFO] Checking unresolved references to org.codehaus.mojo.signature:java15:1.0
[INFO] 
[INFO] --- maven-resources-plugin:2.6:testResources (default-testResources) @ dagger ---
[INFO] Using 'UTF-8' encoding to copy filtered resources.
[INFO] skip non existing resourceDirectory /home/travis/build/square/dagger/core/src/test/resources
[INFO] 
[INFO] --- maven-compiler-plugin:3.1:testCompile (default-testCompile) @ dagger ---
[INFO] Changes detected - recompiling the module!
[INFO] Compiling 18 source files to /home/travis/build/square/dagger/core/target/test-classes
[WARNING] bootstrap class path not set in conjunction with -source 1.6
[WARNING] /home/travis/build/square/dagger/core/src/test/java/dagger/internal/TestingModuleAdapter.java:[117,40] unchecked cast
  required: M
  found:    capture#1 of ?
[WARNING] /home/travis/build/square/dagger/core/src/test/java/dagger/internal/TestingModuleAdapter.java:[170,24] found raw type: dagger.internal.Binding
  missing type arguments for generic class dagger.internal.Binding<T>
[WARNING] /home/travis/build/square/dagger/core/src/test/java/dagger/internal/TestingModuleAdapter.java:[183,33] unchecked cast
  required: T
  found:    java.lang.Object
[WARNING] /home/travis/build/square/dagger/core/src/test/java/dagger/SetBindingTest.java:[99,19] unchecked generic array creation for varargs parameter of type java.util.Set<java.lang.String>[]
[WARNING] /home/travis/build/square/dagger/core/src/test/java/dagger/SetBindingTest.java:[105,21] unchecked generic array creation for varargs parameter of type java.util.Set<java.lang.String>[]
[WARNING] /home/travis/build/square/dagger/core/src/test/java/dagger/ModuleTest.java:[226,17] found raw type: javax.inject.Provider
  missing type arguments for generic class javax.inject.Provider<T>
[WARNING] /home/travis/build/square/dagger/core/src/test/java/dagger/ModuleTest.java:[260,17] found raw type: dagger.Lazy
  missing type arguments for generic class dagger.Lazy<T>
[WARNING] /home/travis/build/square/dagger/core/src/test/java/dagger/InjectionTest.java:[552,15] found raw type: java.util.AbstractList
  missing type arguments for generic class java.util.AbstractList<E>
[INFO] 
[INFO] --- maven-surefire-plugin:2.12.4:test (default-test) @ dagger ---
[INFO] Surefire report directory: /home/travis/build/square/dagger/core/target/surefire-reports
Downloading: http://repo.maven.apache.org/maven2/org/apache/maven/surefire/surefire-junit4/2.12.4/surefire-junit4-2.12.4.pom
3/3 KB            Downloaded: http://repo.maven.apache.org/maven2/org/apache/maven/surefire/surefire-junit4/2.12.4/surefire-junit4-2.12.4.pom (3 KB at 13.5 KB/sec)
Downloading: http://repo.maven.apache.org/maven2/org/apache/maven/surefire/surefire-providers/2.12.4/surefire-providers-2.12.4.pom
3/3 KB            Downloaded: http://repo.maven.apache.org/maven2/org/apache/maven/surefire/surefire-providers/2.12.4/surefire-providers-2.12.4.pom (3 KB at 91.7 KB/sec)
Downloading: http://repo.maven.apache.org/maven2/org/apache/maven/surefire/surefire-junit4/2.12.4/surefire-junit4-2.12.4.jar
2/37 KB   6/37 KB   10/37 KB   14/37 KB   14/37 KB   16/37 KB   20/37 KB   24/37 KB   28/37 KB   32/37 KB   35/37 KB   37/37 KB              Downloaded: http://repo.maven.apache.org/maven2/org/apache/maven/surefire/surefire-junit4/2.12.4/surefire-junit4-2.12.4.jar (37 KB at 974.5 KB/sec)

-------------------------------------------------------
 T E S T S
-------------------------------------------------------
Running dagger.ExtensionTest
Tests run: 3, Failures: 0, Errors: 0, Skipped: 0, Time elapsed: 0.205 sec
Running dagger.ExtensionWithStateTest
Tests run: 1, Failures: 0, Errors: 0, Skipped: 0, Time elapsed: 0 sec
Running dagger.ModuleTest
Tests run: 14, Failures: 0, Errors: 0, Skipped: 0, Time elapsed: 0.063 sec
Running dagger.internal.SingletonBindingTest
Tests run: 7, Failures: 0, Errors: 0, Skipped: 0, Time elapsed: 0.011 sec
Running dagger.internal.KeysTest
Tests run: 18, Failures: 0, Errors: 0, Skipped: 0, Time elapsed: 0.103 sec
Running dagger.internal.FailoverLoaderTest
Tests run: 1, Failures: 0, Errors: 0, Skipped: 0, Time elapsed: 0.002 sec
Running dagger.ProblemDetectorTest
Tests run: 3, Failures: 0, Errors: 0, Skipped: 0, Time elapsed: 0.01 sec
Running dagger.MembersInjectorTest
Tests run: 8, Failures: 0, Errors: 0, Skipped: 0, Time elapsed: 0.025 sec
Running dagger.InjectionOfLazyTest
Tests run: 4, Failures: 0, Errors: 0, Skipped: 0, Time elapsed: 0.009 sec
Running dagger.UnusedProviderTest
Tests run: 5, Failures: 0, Errors: 0, Skipped: 0, Time elapsed: 0.009 sec
Running dagger.ThreadSafetyTest
Tests run: 2, Failures: 0, Errors: 0, Skipped: 0, Time elapsed: 0.118 sec
Running dagger.LazyInjectionTest
Tests run: 5, Failures: 0, Errors: 0, Skipped: 0, Time elapsed: 0.008 sec
Running dagger.InjectStaticsTest
Tests run: 3, Failures: 0, Errors: 0, Skipped: 0, Time elapsed: 0.007 sec
Running dagger.SetBindingTest
Tests run: 12, Failures: 0, Errors: 0, Skipped: 0, Time elapsed: 0.133 sec
Running dagger.ExtensionWithSetBindingsTest
Tests run: 3, Failures: 0, Errors: 0, Skipped: 0, Time elapsed: 0.04 sec
Running dagger.InjectionTest
Tests run: 41, Failures: 0, Errors: 0, Skipped: 0, Time elapsed: 0.261 sec

Results :

Tests run: 130, Failures: 0, Errors: 0, Skipped: 0

[INFO] 
[INFO] --- maven-jar-plugin:2.4:jar (default-jar) @ dagger ---
[INFO] Building jar: /home/travis/build/square/dagger/core/target/dagger-1.2.2.jar
[INFO] 
[INFO] --- maven-jar-plugin:2.4:test-jar (default) @ dagger ---
[INFO] Building jar: /home/travis/build/square/dagger/core/target/dagger-1.2.2-tests.jar
[INFO]                                                                         
[INFO] ------------------------------------------------------------------------
[INFO] Building Dagger Compiler 1.2.2
[INFO] ------------------------------------------------------------------------
[INFO] 
[INFO] --- maven-enforcer-plugin:1.0:enforce (enforce-maven) @ dagger-compiler ---
[INFO] 
[INFO] --- maven-resources-plugin:2.6:resources (default-resources) @ dagger-compiler ---
[INFO] Using 'UTF-8' encoding to copy filtered resources.
[INFO] Copying 1 resource
[INFO] 
[INFO] --- maven-compiler-plugin:3.1:compile (default-compile) @ dagger-compiler ---
[INFO] Changes detected - recompiling the module!
[INFO] Compiling 13 source files to /home/travis/build/square/dagger/compiler/target/classes
[WARNING] bootstrap class path not set in conjunction with -source 1.6
[INFO] 
[INFO] --- maven-checkstyle-plugin:2.10:checkstyle (default) @ dagger-compiler ---
[INFO] Starting audit...
Audit done.

[WARNING] Unable to locate Source XRef to link to - DISABLED
[INFO] 
[INFO] --- maven-resources-plugin:2.6:testResources (default-testResources) @ dagger-compiler ---
[INFO] Using 'UTF-8' encoding to copy filtered resources.
[INFO] skip non existing resourceDirectory /home/travis/build/square/dagger/compiler/src/test/resources
[INFO] 
[INFO] --- maven-compiler-plugin:3.1:testCompile (default-testCompile) @ dagger-compiler ---
[INFO] Changes detected - recompiling the module!
[INFO] Compiling 14 source files to /home/travis/build/square/dagger/compiler/target/test-classes
[WARNING] bootstrap class path not set in conjunction with -source 1.6
[WARNING] No processor claimed any of these annotations: javax.inject.Inject,dagger.Module,org.junit.runner.RunWith,org.junit.Test,javax.inject.Named,javax.annotation.processing.SupportedAnnotationTypes,dagger.Provides
[INFO] 
[INFO] --- maven-compiler-plugin:3.1:testCompile (default-test-compile) @ dagger-compiler ---
[INFO] Changes detected - recompiling the module!
[INFO] Compiling 14 source files to /home/travis/build/square/dagger/compiler/target/test-classes
[WARNING] bootstrap class path not set in conjunction with -source 1.6
[WARNING] No processor claimed any of these annotations: javax.inject.Inject,dagger.Module,org.junit.runner.RunWith,org.junit.Test,javax.inject.Named,javax.annotation.processing.SupportedAnnotationTypes,dagger.Provides
[INFO] 
[INFO] --- maven-surefire-plugin:2.12.4:test (default-test) @ dagger-compiler ---
[INFO] Surefire report directory: /home/travis/build/square/dagger/compiler/target/surefire-reports

-------------------------------------------------------
 T E S T S
-------------------------------------------------------
Running dagger.internal.codegen.GraphVisualizerTest
Tests run: 7, Failures: 0, Errors: 0, Skipped: 0, Time elapsed: 0.152 sec
Running dagger.internal.codegen.DotWriterTest
Tests run: 4, Failures: 0, Errors: 0, Skipped: 0, Time elapsed: 0.017 sec
Running dagger.tests.integration.validation.SimpleMissingDependencyTest
Tests run: 1, Failures: 0, Errors: 0, Skipped: 0, Time elapsed: 1.449 sec
Running dagger.tests.integration.validation.GeneratedTypesNotReadyTest
Tests run: 6, Failures: 0, Errors: 0, Skipped: 0, Time elapsed: 1.655 sec
Running dagger.tests.integration.validation.CyclicModuleIncludesTest
Tests run: 3, Failures: 0, Errors: 0, Skipped: 0, Time elapsed: 0.195 sec
Running dagger.tests.integration.validation.LibraryModuleTest
Tests run: 4, Failures: 0, Errors: 0, Skipped: 0, Time elapsed: 0.299 sec
Running dagger.tests.integration.validation.ScopeAnnotationUseTest
Tests run: 12, Failures: 0, Errors: 0, Skipped: 0, Time elapsed: 0.438 sec
Running dagger.tests.integration.validation.CyclicDependencyTest
Tests run: 2, Failures: 0, Errors: 0, Skipped: 0, Time elapsed: 0.121 sec
Running dagger.tests.integration.codegen.ModuleAdapterGenerationTest
Tests run: 3, Failures: 0, Errors: 0, Skipped: 0, Time elapsed: 0.343 sec
Running dagger.tests.integration.codegen.InjectAdapterGenerationTest
Tests run: 1, Failures: 0, Errors: 0, Skipped: 0, Time elapsed: 0.069 sec
Running dagger.tests.integration.operation.SimpleInjectionTest
Tests run: 5, Failures: 0, Errors: 0, Skipped: 0, Time elapsed: 0.018 sec
Running dagger.tests.integration.operation.PrimitiveInjectionTest
Tests run: 1, Failures: 0, Errors: 0, Skipped: 0, Time elapsed: 0.01 sec

Results :

Tests run: 49, Failures: 0, Errors: 0, Skipped: 0

[INFO] 
[INFO] --- maven-jar-plugin:2.4:jar (default-jar) @ dagger-compiler ---
[INFO] Building jar: /home/travis/build/square/dagger/compiler/target/dagger-compiler-1.2.2.jar
[INFO] 
[INFO] --- maven-assembly-plugin:2.2-beta-5:single (default) @ dagger-compiler ---
[INFO] META-INF/ already added, skipping
[INFO] META-INF/MANIFEST.MF already added, skipping
[INFO] META-INF/maven/ already added, skipping
[INFO] META-INF/MANIFEST.MF already added, skipping
[INFO] META-INF/ already added, skipping
[INFO] META-INF/maven/ already added, skipping
[INFO] com/ already added, skipping
[INFO] Building jar: /home/travis/build/square/dagger/compiler/target/dagger-compiler-1.2.2-jar-with-dependencies.jar
[INFO] META-INF/ already added, skipping
[INFO] META-INF/MANIFEST.MF already added, skipping
[INFO] META-INF/maven/ already added, skipping
[INFO] META-INF/MANIFEST.MF already added, skipping
[INFO] META-INF/ already added, skipping
[INFO] META-INF/maven/ already added, skipping
[INFO] com/ already added, skipping
[INFO] 
[INFO] --- maven-invoker-plugin:1.7:install (integration-test) @ dagger-compiler ---
[INFO] Installing /home/travis/build/square/dagger/core/pom.xml to /home/travis/build/square/dagger/compiler/target/local-repo/com/squareup/dagger/dagger/1.2.2/dagger-1.2.2.pom
[INFO] Installing /home/travis/build/square/dagger/core/target/dagger-1.2.2.jar to /home/travis/build/square/dagger/compiler/target/local-repo/com/squareup/dagger/dagger/1.2.2/dagger-1.2.2.jar
[INFO] Installing /home/travis/build/square/dagger/core/target/dagger-1.2.2-tests.jar to /home/travis/build/square/dagger/compiler/target/local-repo/com/squareup/dagger/dagger/1.2.2/dagger-1.2.2-tests.jar
[INFO] Installing /home/travis/build/square/dagger/pom.xml to /home/travis/build/square/dagger/compiler/target/local-repo/com/squareup/dagger/dagger-parent/1.2.2/dagger-parent-1.2.2.pom
[INFO] Installing /home/travis/build/square/dagger/compiler/pom.xml to /home/travis/build/square/dagger/compiler/target/local-repo/com/squareup/dagger/dagger-compiler/1.2.2/dagger-compiler-1.2.2.pom
[INFO] Installing /home/travis/build/square/dagger/compiler/target/dagger-compiler-1.2.2.jar to /home/travis/build/square/dagger/compiler/target/local-repo/com/squareup/dagger/dagger-compiler/1.2.2/dagger-compiler-1.2.2.jar
[INFO] Installing /home/travis/build/square/dagger/compiler/target/dagger-compiler-1.2.2-jar-with-dependencies.jar to /home/travis/build/square/dagger/compiler/target/local-repo/com/squareup/dagger/dagger-compiler/1.2.2/dagger-compiler-1.2.2-jar-with-dependencies.jar
[INFO] 
[INFO] --- maven-invoker-plugin:1.7:run (integration-test) @ dagger-compiler ---
[INFO] Building: provide-provider-or-lazy/pom.xml
[INFO] run script verify.bsh
[INFO] ..SUCCESS (10.8 s)
[INFO] Building: provides-method-with-throws-clause/pom.xml
[INFO] run script verify.bsh
[INFO] ..SUCCESS (5.0 s)
[INFO] Building: same-provides-method-name/pom.xml
[INFO] ..SUCCESS (7.7 s)
[INFO] Building: method-injection/pom.xml
[INFO] run script verify.bsh
[INFO] ..SUCCESS (5.2 s)
[INFO] Building: multiple-qualifiers/pom.xml
[INFO] run script verify.bsh
[INFO] ..SUCCESS (4.9 s)
[INFO] Building: include-non-module/pom.xml
[INFO] ..SUCCESS (5.2 s)
[INFO] Building: valid-use-of-qualifiers/pom.xml
[INFO] ..SUCCESS (5.5 s)
[INFO] Building: qualifiers-on-invalid-elements-warnings/pom.xml
[INFO] run script verify.bsh
[INFO] ..SUCCESS (5.0 s)
[INFO] Building: multiple-modules-setvalues/pom.xml
[INFO] ..SUCCESS (5.7 s)
[INFO] Building: inject-parameterized-type/pom.xml
[INFO] ..SUCCESS (5.5 s)
[INFO] Building: static-injected-binding-doesnt-fail-providers/pom.xml
[INFO] ..SUCCESS (4.9 s)
[INFO] Building: default-package-injected-type/pom.xml
[INFO] ..SUCCESS (4.6 s)
[INFO] Building: final-field-inject/pom.xml
[INFO] run script verify.bsh
[INFO] ..SUCCESS (3.8 s)
[INFO] Building: inject-on-class/pom.xml
[INFO] run script verify.bsh
[INFO] ..FAILED (3.8 s)
[INFO]   The post-build script did not succeed. Build output did not contain expected error text:
    "@Inject is not valid on a class: test.TestApp"

Build Output:


        [ERROR] COMPILATION ERROR : 
        [ERROR] /home/travis/build/square/dagger/compiler/target/it/inject-on-class/src/main/java/test/TestApp.java:[20,1] annotation type not applicable to this kind of declaration
        [ERROR] Failed to execute goal org.apache.maven.plugins:maven-compiler-plugin:3.1:compile (default-compile) on project method-injection: Compilation failure
        [ERROR] /home/travis/build/square/dagger/compiler/target/it/inject-on-class/src/main/java/test/TestApp.java:[20,1] annotation type not applicable to this kind of declaration
        [ERROR] -> [Help 1]
        [ERROR] 
        [ERROR] To see the full stack trace of the errors, re-run Maven with the -e switch.
        [ERROR] Re-run Maven using the -X switch to enable full debug logging.
        [ERROR] 
        [ERROR] For more information about the errors and possible solutions, please read the following articles:
        [ERROR] [Help 1] http://cwiki.apache.org/confluence/display/MAVEN/MojoFailureException
[INFO] Building: qualifiers-on-invalid-elements-errors/pom.xml
[INFO] run script verify.bsh
[INFO] ..SUCCESS (3.8 s)
[INFO] Building: multiple-provides-methods/pom.xml
[INFO] run script verify.bsh
[INFO] ..SUCCESS (4.6 s)
[INFO] Building: provides-method-not-in-module/pom.xml
[INFO] run script verify.bsh
[INFO] ..SUCCESS (3.7 s)
[INFO] Building: extension-graph/pom.xml
[INFO] ..SUCCESS (4.9 s)
[INFO] Building: extension-graph-setvalues/pom.xml
[INFO] ..SUCCESS (4.7 s)
[INFO] Building: module-type-validation/pom.xml
[INFO] run script verify.bsh
[INFO] ..SUCCESS (3.5 s)
[INFO] Building: missing-at-inject-constructor/pom.xml
[INFO] run script verify.bsh
[INFO] ..SUCCESS (3.8 s)
[INFO] Building: private-inject/pom.xml
[INFO] run script verify.bsh
[INFO] ..SUCCESS (3.8 s)
[INFO] Building: uninjectable-supertype/pom.xml
[INFO] ..SUCCESS (4.4 s)
[INFO] Building: inner-classes-complaint-injection/pom.xml
[INFO] run script verify.bsh
[INFO] ..SUCCESS (3.4 s)
[INFO] -------------------------------------------------
[INFO] Build Summary:
[INFO]   Passed: 23, Failed: 1, Errors: 0, Skipped: 0
[INFO] -------------------------------------------------
[ERROR] The following builds failed:
[ERROR] *  inject-on-class/pom.xml
[INFO] -------------------------------------------------
[INFO] ------------------------------------------------------------------------
[INFO] Reactor Summary:
[INFO] 
[INFO] Dagger (Parent) ................................... SUCCESS [  1.147 s]
[INFO] Dagger ............................................ SUCCESS [ 11.281 s]
[INFO] Dagger Compiler ................................... FAILURE [02:10 min]
[INFO] Examples .......................................... SKIPPED
[INFO] Examples: Simple .................................. SKIPPED
[INFO] Examples: Android - Simple ........................ SKIPPED
[INFO] Examples: Android - Activity Graphs ............... SKIPPED
[INFO] ------------------------------------------------------------------------
[INFO] BUILD FAILURE
[INFO] ------------------------------------------------------------------------
[INFO] Total time: 02:24 min
[INFO] Finished at: 2014-07-22T00:08:09+00:00
[INFO] Final Memory: 37M/173M
[INFO] ------------------------------------------------------------------------
[ERROR] Failed to execute goal org.apache.maven.plugins:maven-invoker-plugin:1.7:run (integration-test) on project dagger-compiler: 1 build failed. See console output above for details. -> [Help 1]
[ERROR] 
[ERROR] To see the full stack trace of the errors, re-run Maven with the -e switch.
[ERROR] Re-run Maven using the -X switch to enable full debug logging.
[ERROR] 
[ERROR] For more information about the errors and possible solutions, please read the following articles:
[ERROR] [Help 1] http://cwiki.apache.org/confluence/display/MAVEN/MojoFailureException
[ERROR] 
[ERROR] After correcting the problems, you can resume the build with the command
[ERROR]   mvn <goals> -rf :dagger-compiler

[31;1mThe command "mvn verify" exited with 1.[0m

Done. Your build exited with 1.
