Using worker: worker-linux-docker-9f1a76b0.prod.travis-ci.org:travis-linux-5

travis_fold:start:system_info[0K[33;1mBuild system information[0m
Build language: android
travis_fold:end:system_info[0K
travis_fold:start:git.checkout[0Ktravis_time:start:15100daf[0K$ git clone --depth=50 --branch=master git://github.com/square/dagger.git square/dagger
Cloning into 'square/dagger'...
remote: Counting objects: 1154, done.[K
remote: Compressing objects:   0% (1/621)   [Kremote: Compressing objects:   1% (7/621)   [Kremote: Compressing objects:   2% (13/621)   [Kremote: Compressing objects:   3% (19/621)   [Kremote: Compressing objects:   4% (25/621)   [Kremote: Compressing objects:   5% (32/621)   [Kremote: Compressing objects:   6% (38/621)   [Kremote: Compressing objects:   7% (44/621)   [Kremote: Compressing objects:   8% (50/621)   [Kremote: Compressing objects:   9% (56/621)   [Kremote: Compressing objects:  10% (63/621)   [Kremote: Compressing objects:  11% (69/621)   [Kremote: Compressing objects:  12% (75/621)   [Kremote: Compressing objects:  13% (81/621)   [Kremote: Compressing objects:  14% (87/621)   [Kremote: Compressing objects:  15% (94/621)   [Kremote: Compressing objects:  16% (100/621)   [Kremote: Compressing objects:  17% (106/621)   [Kremote: Compressing objects:  18% (112/621)   [Kremote: Compressing objects:  19% (118/621)   [Kremote: Compressing objects:  20% (125/621)   [Kremote: Compressing objects:  21% (131/621)   [Kremote: Compressing objects:  22% (137/621)   [Kremote: Compressing objects:  23% (143/621)   [Kremote: Compressing objects:  24% (150/621)   [Kremote: Compressing objects:  25% (156/621)   [Kremote: Compressing objects:  26% (162/621)   [Kremote: Compressing objects:  27% (168/621)   [Kremote: Compressing objects:  28% (174/621)   [Kremote: Compressing objects:  29% (181/621)   [Kremote: Compressing objects:  30% (187/621)   [Kremote: Compressing objects:  31% (193/621)   [Kremote: Compressing objects:  32% (199/621)   [Kremote: Compressing objects:  33% (205/621)   [Kremote: Compressing objects:  34% (212/621)   [Kremote: Compressing objects:  35% (218/621)   [Kremote: Compressing objects:  36% (224/621)   [Kremote: Compressing objects:  37% (230/621)   [Kremote: Compressing objects:  38% (236/621)   [Kremote: Compressing objects:  39% (243/621)   [Kremote: Compressing objects:  40% (249/621)   [Kremote: Compressing objects:  41% (255/621)   [Kremote: Compressing objects:  42% (261/621)   [Kremote: Compressing objects:  43% (268/621)   [Kremote: Compressing objects:  44% (274/621)   [Kremote: Compressing objects:  45% (280/621)   [Kremote: Compressing objects:  46% (286/621)   [Kremote: Compressing objects:  47% (292/621)   [Kremote: Compressing objects:  48% (299/621)   [Kremote: Compressing objects:  49% (305/621)   [Kremote: Compressing objects:  50% (311/621)   [Kremote: Compressing objects:  51% (317/621)   [Kremote: Compressing objects:  52% (323/621)   [Kremote: Compressing objects:  53% (330/621)   [Kremote: Compressing objects:  54% (336/621)   [Kremote: Compressing objects:  55% (342/621)   [Kremote: Compressing objects:  56% (348/621)   [Kremote: Compressing objects:  57% (354/621)   [Kremote: Compressing objects:  58% (361/621)   [Kremote: Compressing objects:  59% (367/621)   [Kremote: Compressing objects:  60% (373/621)   [Kremote: Compressing objects:  61% (379/621)   [Kremote: Compressing objects:  62% (386/621)   [Kremote: Compressing objects:  63% (392/621)   [Kremote: Compressing objects:  64% (398/621)   [Kremote: Compressing objects:  65% (404/621)   [Kremote: Compressing objects:  66% (410/621)   [Kremote: Compressing objects:  67% (417/621)   [Kremote: Compressing objects:  68% (423/621)   [Kremote: Compressing objects:  69% (429/621)   [Kremote: Compressing objects:  70% (435/621)   [Kremote: Compressing objects:  71% (441/621)   [Kremote: Compressing objects:  72% (448/621)   [Kremote: Compressing objects:  73% (454/621)   [Kremote: Compressing objects:  74% (460/621)   [Kremote: Compressing objects:  75% (466/621)   [Kremote: Compressing objects:  76% (472/621)   [Kremote: Compressing objects:  77% (479/621)   [Kremote: Compressing objects:  78% (485/621)   [Kremote: Compressing objects:  79% (491/621)   [Kremote: Compressing objects:  80% (497/621)   [Kremote: Compressing objects:  81% (504/621)   [Kremote: Compressing objects:  82% (510/621)   [Kremote: Compressing objects:  83% (516/621)   [Kremote: Compressing objects:  84% (522/621)   [Kremote: Compressing objects:  85% (528/621)   [Kremote: Compressing objects:  86% (535/621)   [Kremote: Compressing objects:  87% (541/621)   [Kremote: Compressing objects:  88% (547/621)   [Kremote: Compressing objects:  89% (553/621)   [Kremote: Compressing objects:  90% (559/621)   [Kremote: Compressing objects:  91% (566/621)   [Kremote: Compressing objects:  92% (572/621)   [Kremote: Compressing objects:  93% (578/621)   [Kremote: Compressing objects:  94% (584/621)   [Kremote: Compressing objects:  95% (590/621)   [Kremote: Compressing objects:  96% (597/621)   [Kremote: Compressing objects:  97% (603/621)   [Kremote: Compressing objects:  98% (609/621)   [Kremote: Compressing objects:  99% (615/621)   [Kremote: Compressing objects: 100% (621/621)   [Kremote: Compressing objects: 100% (621/621), done.[K
Receiving objects:   0% (1/1154)   Receiving objects:   1% (12/1154)   Receiving objects:   2% (24/1154)   Receiving objects:   3% (35/1154)   Receiving objects:   4% (47/1154)   Receiving objects:   5% (58/1154)   Receiving objects:   6% (70/1154)   Receiving objects:   7% (81/1154)   Receiving objects:   8% (93/1154)   Receiving objects:   9% (104/1154)   Receiving objects:  10% (116/1154)   Receiving objects:  11% (127/1154)   Receiving objects:  12% (139/1154)   Receiving objects:  13% (151/1154)   Receiving objects:  14% (162/1154)   Receiving objects:  15% (174/1154)   Receiving objects:  16% (185/1154)   Receiving objects:  17% (197/1154)   Receiving objects:  18% (208/1154)   Receiving objects:  19% (220/1154)   Receiving objects:  20% (231/1154)   Receiving objects:  21% (243/1154)   Receiving objects:  22% (254/1154)   Receiving objects:  23% (266/1154)   Receiving objects:  24% (277/1154)   Receiving objects:  25% (289/1154)   Receiving objects:  26% (301/1154)   Receiving objects:  27% (312/1154)   Receiving objects:  28% (324/1154)   Receiving objects:  29% (335/1154)   Receiving objects:  30% (347/1154)   Receiving objects:  31% (358/1154)   Receiving objects:  32% (370/1154)   Receiving objects:  33% (381/1154)   Receiving objects:  34% (393/1154)   Receiving objects:  35% (404/1154)   Receiving objects:  36% (416/1154)   Receiving objects:  37% (427/1154)   Receiving objects:  38% (439/1154)   Receiving objects:  39% (451/1154)   Receiving objects:  40% (462/1154)   Receiving objects:  41% (474/1154)   Receiving objects:  42% (485/1154)   Receiving objects:  43% (497/1154)   Receiving objects:  44% (508/1154)   Receiving objects:  45% (520/1154)   Receiving objects:  46% (531/1154)   Receiving objects:  47% (543/1154)   Receiving objects:  48% (554/1154)   Receiving objects:  49% (566/1154)   Receiving objects:  50% (577/1154)   Receiving objects:  51% (589/1154)   Receiving objects:  52% (601/1154)   Receiving objects:  53% (612/1154)   Receiving objects:  54% (624/1154)   Receiving objects:  55% (635/1154)   Receiving objects:  56% (647/1154)   Receiving objects:  57% (658/1154)   Receiving objects:  58% (670/1154)   Receiving objects:  59% (681/1154)   Receiving objects:  60% (693/1154)   Receiving objects:  61% (704/1154)   Receiving objects:  62% (716/1154)   Receiving objects:  63% (728/1154)   Receiving objects:  64% (739/1154)   Receiving objects:  65% (751/1154)   Receiving objects:  66% (762/1154)   Receiving objects:  67% (774/1154)   remote: Total 1154 (delta 380), reused 985 (delta 247)[K
Receiving objects:  68% (785/1154)   Receiving objects:  69% (797/1154)   Receiving objects:  70% (808/1154)   Receiving objects:  71% (820/1154)   Receiving objects:  72% (831/1154)   Receiving objects:  73% (843/1154)   Receiving objects:  74% (854/1154)   Receiving objects:  75% (866/1154)   Receiving objects:  76% (878/1154)   Receiving objects:  77% (889/1154)   Receiving objects:  78% (901/1154)   Receiving objects:  79% (912/1154)   Receiving objects:  80% (924/1154)   Receiving objects:  81% (935/1154)   Receiving objects:  82% (947/1154)   Receiving objects:  83% (958/1154)   Receiving objects:  84% (970/1154)   Receiving objects:  85% (981/1154)   Receiving objects:  86% (993/1154)   Receiving objects:  87% (1004/1154)   Receiving objects:  88% (1016/1154)   Receiving objects:  89% (1028/1154)   Receiving objects:  90% (1039/1154)   Receiving objects:  91% (1051/1154)   Receiving objects:  92% (1062/1154)   Receiving objects:  93% (1074/1154)   Receiving objects:  94% (1085/1154)   Receiving objects:  95% (1097/1154)   Receiving objects:  96% (1108/1154)   Receiving objects:  97% (1120/1154)   Receiving objects:  98% (1131/1154)   Receiving objects:  99% (1143/1154)   Receiving objects: 100% (1154/1154)   Receiving objects: 100% (1154/1154), 353.49 KiB | 0 bytes/s, done.
Resolving deltas:   0% (0/380)   Resolving deltas:   1% (6/380)   Resolving deltas:   2% (10/380)   Resolving deltas:  12% (48/380)   Resolving deltas:  24% (94/380)   Resolving deltas:  27% (105/380)   Resolving deltas:  28% (109/380)   Resolving deltas:  30% (115/380)   Resolving deltas:  32% (125/380)   Resolving deltas:  33% (126/380)   Resolving deltas:  34% (130/380)   Resolving deltas:  35% (135/380)   Resolving deltas:  36% (137/380)   Resolving deltas:  37% (141/380)   Resolving deltas:  38% (147/380)   Resolving deltas:  39% (149/380)   Resolving deltas:  40% (154/380)   Resolving deltas:  41% (158/380)   Resolving deltas:  42% (160/380)   Resolving deltas:  46% (178/380)   Resolving deltas:  52% (198/380)   Resolving deltas:  53% (204/380)   Resolving deltas:  54% (206/380)   Resolving deltas:  55% (211/380)   Resolving deltas:  56% (214/380)   Resolving deltas:  58% (221/380)   Resolving deltas:  59% (225/380)   Resolving deltas:  60% (228/380)   Resolving deltas:  61% (232/380)   Resolving deltas:  62% (236/380)   Resolving deltas:  63% (242/380)   Resolving deltas:  65% (249/380)   Resolving deltas:  66% (251/380)   Resolving deltas:  79% (302/380)   Resolving deltas:  80% (304/380)   Resolving deltas:  83% (318/380)   Resolving deltas:  85% (325/380)   Resolving deltas:  87% (332/380)   Resolving deltas:  89% (339/380)   Resolving deltas:  91% (348/380)   Resolving deltas:  92% (351/380)   Resolving deltas:  95% (362/380)   Resolving deltas:  96% (365/380)   Resolving deltas:  97% (369/380)   Resolving deltas:  98% (374/380)   Resolving deltas:  99% (378/380)   Resolving deltas: 100% (380/380)   Resolving deltas: 100% (380/380), done.
Checking connectivity... done.
travis_time:end:15100daf:start=1419062778507580192,finish=1419062778705116204,duration=197536012[0K$ cd square/dagger
$ git checkout -qf ef9a2dc3abb9cb7900680acd882644c0aebc8b31
travis_fold:end:git.checkout[0K
[33;1mThis job is running on container-based infrastructure, which does not allow use of 'sudo', setuid and setguid executables.[0m
[33;1mSee http://docs.travis-ci.com/user/workers/container-based-infrastructure/ for details.[0m

[33;1mSetting environment variables from .travis.yml[0m
$ export CI_DEPLOY_USERNAME=[secure]
$ export CI_DEPLOY_PASSWORD=[secure]

travis_fold:start:cache.1[0KSetting up build cache
$ export CASHER_DIR=$HOME/.casher
travis_time:start:01432470[0K$ Installing caching utilities
travis_time:end:01432470:start=1419062782580700770,finish=1419062782632149721,duration=51448951[0Ktravis_time:start:1dbe2730[0Kattempting to download cache archive
could not download cache
travis_time:end:1dbe2730:start=1419062782636317064,finish=1419062782942027508,duration=305710444[0Ktravis_time:start:1d9f1e74[0Kadding /home/travis/.m2 to cache
/home/travis/.m2 is not yet cached
travis_time:end:1d9f1e74:start=1419062782945632122,finish=1419062783180334951,duration=234702829[0Ktravis_fold:end:cache.1[0K$ jdk_switcher use oraclejdk7
Switching to Oracle JDK7 (java-7-oracle), JAVA_HOME will be set to /usr/lib/jvm/java-7-oracle
travis_fold:start:android.install[0KInstalling Android dependencies
travis_time:start:1e575a60[0K$ android-update-sdk --components=build-tools-20.0.0 --accept-licenses='android-sdk-license-5be876d5'
Installing build-tools-20.0.0
spawn android update sdk --no-ui --all --filter build-tools-20.0.0
Refresh Sources:
  Fetching https://dl-ssl.google.com/android/repository/addons_list-2.xml
  Validate XML
  Parse XML
  Fetched Add-ons List successfully
  Refresh Sources
  Fetching URL: https://dl-ssl.google.com/android/repository/repository-10.xml
  Validate XML: https://dl-ssl.google.com/android/repository/repository-10.xml
  Parse XML:    https://dl-ssl.google.com/android/repository/repository-10.xml
  Fetching URL: https://dl-ssl.google.com/android/repository/addon.xml
  Validate XML: https://dl-ssl.google.com/android/repository/addon.xml
  Parse XML:    https://dl-ssl.google.com/android/repository/addon.xml
  Fetching URL: https://dl-ssl.google.com/android/repository/addon-6.xml
  Validate XML: https://dl-ssl.google.com/android/repository/addon-6.xml
  Parse XML:    https://dl-ssl.google.com/android/repository/addon-6.xml
  Fetching URL: https://dl-ssl.google.com/glass/gdk/addon.xml
  Validate XML: https://dl-ssl.google.com/glass/gdk/addon.xml
  Parse XML:    https://dl-ssl.google.com/glass/gdk/addon.xml
  Fetching URL: https://dl-ssl.google.com/android/repository/extras/intel/addon.xml
  Validate XML: https://dl-ssl.google.com/android/repository/extras/intel/addon.xml
  Parse XML:    https://dl-ssl.google.com/android/repository/extras/intel/addon.xml
  Fetching URL: https://dl-ssl.google.com/android/repository/sys-img/android/sys-img.xml
  Validate XML: https://dl-ssl.google.com/android/repository/sys-img/android/sys-img.xml
  Parse XML:    https://dl-ssl.google.com/android/repository/sys-img/android/sys-img.xml
  Fetching URL: https://dl-ssl.google.com/android/repository/sys-img/android-wear/sys-img.xml
  Validate XML: https://dl-ssl.google.com/android/repository/sys-img/android-wear/sys-img.xml
  Parse XML:    https://dl-ssl.google.com/android/repository/sys-img/android-wear/sys-img.xml
  Fetching URL: https://dl-ssl.google.com/android/repository/sys-img/android-tv/sys-img.xml
  Validate XML: https://dl-ssl.google.com/android/repository/sys-img/android-tv/sys-img.xml
  Parse XML:    https://dl-ssl.google.com/android/repository/sys-img/android-tv/sys-img.xml
  Fetching URL: https://dl-ssl.google.com/android/repository/sys-img/google_apis/sys-img.xml
  Validate XML: https://dl-ssl.google.com/android/repository/sys-img/google_apis/sys-img.xml
  Parse XML:    https://dl-ssl.google.com/android/repository/sys-img/google_apis/sys-img.xml
  Fetching URL: https://dl-ssl.google.com/android/repository/sys-img/x86/addon-x86.xml
  Validate XML: https://dl-ssl.google.com/android/repository/sys-img/x86/addon-x86.xml
  Parse XML:    https://dl-ssl.google.com/android/repository/sys-img/x86/addon-x86.xml
-------------------------------
License id: android-sdk-license-5be876d5
Used by: 
 - Android SDK Build-tools, revision 20
-------------------------------

To get started with the Android SDK, you must agree to the following terms and conditions.

This is the Android SDK License Agreement (the "License Agreement").

1. Introduction

1.1 The Android SDK (referred to in the License Agreement as the "SDK" and specifically including the Android system files, packaged APIs, and SDK library files and tools , if and when they are made available) is licensed to you subject to the terms of the License Agreement. The License Agreement forms a legally binding contract between you and Google in relation to your use of the SDK.

1.2 "Android" means the Android software stack for devices, as made available under the Android Open Source Project, which is located at the following URL: http://source.android.com/, as updated from time to time.

1.3 "Google" means Google Inc., a Delaware corporation with principal place of business at 1600 Amphitheatre Parkway, Mountain View, CA 94043, United States.

2. Accepting the License Agreement

2.1 In order to use the SDK, you must first agree to the License Agreement. You may not use the SDK if you do not accept the License Agreement.

2.2 By clicking to accept and/or using the SDK, you hereby agree to the terms of the License Agreement.

2.3 You may not use the SDK and may not accept the License Agreement if you are a person barred from receiving the SDK under the laws of the United States or other countries including the country in which you are resident or from which you use the SDK.

2.4 If you will use the SDK internally within your company or organization you agree to be bound by the License Agreement on behalf of your employer or other entity, and you represent and warrant that you have full legal authority to bind your employer or such entity to the License Agreement. If you do not have the requisite authority, you may not accept the License Agreement or use the SDK on behalf of your employer or other entity.

3. SDK License from Google

3.1 Subject to the terms of the License Agreement, Google grants you a royalty-free, non-assignable, non-exclusive, non-sublicensable, limited, revocable license to use the SDK, personally or internally within your company or organization, solely to develop and distribute applications to run on the Android platform.

3.2 You agree that Google or third parties own all legal right, title and interest in and to the SDK, including any Intellectual Property Rights that subsist in the SDK. "Intellectual Property Rights" means any and all rights under patent law, copyright law, trade secret law, trademark law, and any and all other proprietary rights. Google reserves all rights not expressly granted to you.

3.3 You may not use the SDK for any purpose not expressly permitted by the License Agreement. Except to the extent required by applicable third party licenses, you may not: (a) copy (except for backup purposes), modify, adapt, redistribute, decompile, reverse engineer, disassemble, or create derivative works of the SDK or any part of the SDK; or (b) load any part of the SDK onto a mobile handset or any other hardware device except a personal computer, combine any part of the SDK with other software, or distribute any software or device incorporating a part of the SDK.

3.4 You agree that you will not take any actions that may cause or result in the fragmentation of Android, including but not limited to distributing, participating in the creation of, or promoting in any way a software development kit derived from the SDK.

3.5 Use, reproduction and distribution of components of the SDK licensed under an open source software license are governed solely by the terms of that open source software license and not the License Agreement. You agree to remain a licensee in good standing in regard to such open source software licenses under all the rights granted and to refrain from any actions that may terminate, suspend, or breach such rights.

3.6 You agree that the form and nature of the SDK that Google provides may change without prior notice to you and that future versions of the SDK may be incompatible with applications developed on previous versions of the SDK. You agree that Google may stop (permanently or temporarily) providing the SDK (or any features within the SDK) to you or to users generally at Google's sole discretion, without prior notice to you.

3.7 Nothing in the License Agreement gives you a right to use any of Google's trade names, trademarks, service marks, logos, domain names, or other distinctive brand features.

3.8 You agree that you will not remove, obscure, or alter any proprietary rights notices (including copyright and trademark notices) that may be affixed to or contained within the SDK.

4. Use of the SDK by You

4.1 Google agrees that nothing in the License Agreement gives Google any right, title or interest from you (or your licensors) under the License Agreement in or to any software applications that you develop using the SDK, including any intellectual property rights that subsist in those applications.

4.2 You agree to use the SDK and write applications only for purposes that are permitted by (a) the License Agreement, and (b) any applicable law, regulation or generally accepted practices or guidelines in the relevant jurisdictions (including any laws regarding the export of data or software to and from the United States or other relevant countries).

4.3 You agree that if you use the SDK to develop applications, you will protect the privacy and legal rights of users. If users provide you with user names, passwords, or other login information or personal information, you must make the users aware that the information will be available to your application, and you must provide legally adequate privacy notice and protection for those users. If your application stores personal or sensitive information provided by users, it must do so securely. If users provide you with Google Account information, your application may only use that information to access the user's Google Account when, and for the limited purposes for which, each user has given you permission to do so.

4.4 You agree that you will not engage in any activity with the SDK, including the development or distribution of an application, that interferes with, disrupts, damages, or accesses in an unauthorized manner the servers, networks, or other properties or services of Google or any third party.

4.5 You agree that you are solely responsible for (and that Google has no responsibility to you or to any third party for) any data, content, or resources that you create, transmit or display through Android and/or applications for Android, and for the consequences of your actions (including any loss or damage which Google may suffer) by doing so.

4.6 You agree that you are solely responsible for (and that Google has no responsibility to you or to any third party for) any breach of your obligations under the License Agreement, any applicable third party contract or Terms of Service, or any applicable law or regulation, and for the consequences (including any loss or damage which Google or any third party may suffer) of any such breach.

5. Your Developer Credentials

5.1 You agree that you are responsible for maintaining the confidentiality of any developer credentials that may be issued to you by Google or which you may choose yourself and that you will be solely responsible for all applications that are developed under your developer credentials.

6. Privacy and Information

6.1 In order to continually innovate and improve the SDK, Google may collect certain usage statistics from the software including but not limited to a unique identifier, associated IP address, version number of the software, and information on which tools and/or services in the SDK are being used and how they are being used. Before any of this information is collected, the SDK will notify you and seek your consent. If you withhold consent, the information will not be collected.

6.2 The data collected is examined in the aggregate to improve the SDK and is maintained in accordance with Google's Privacy Policy located at http://www.google.com/policies/privacy/.

7. Third Party Applications

7.1 If you use the SDK to run applications developed by a third party or that access data, content or resources provided by a third party, you agree that Google is not responsible for those applications, data, content, or resources. You understand that all data, content or resources which you may access through such third party applications are the sole responsibility of the person from which they originated and that Google is not liable for any loss or damage that you may experience as a result of the use or access of any of those third party applications, data, content, or resources.

7.2 You should be aware the data, content, and resources presented to you through such a third party application may be protected by intellectual property rights which are owned by the providers (or by other persons or companies on their behalf). You may not modify, rent, lease, loan, sell, distribute or create derivative works based on these data, content, or resources (either in whole or in part) unless you have been specifically given permission to do so by the relevant owners.

7.3 You acknowledge that your use of such third party applications, data, content, or resources may be subject to separate terms between you and the relevant third party.

8. Using Google APIs

8.1 Google APIs

8.1.1 If you use any API to retrieve data from Google, you acknowledge that the data may be protected by intellectual property rights which are owned by Google or those parties that provide the data (or by other persons or companies on their behalf). Your use of any such API may be subject to additional Terms of Service. You may not modify, rent, lease, loan, sell, distribute or create derivative works based on this data (either in whole or in part) unless allowed by the relevant Terms of Service.

8.1.2 If you use any API to retrieve a user's data from Google, you acknowledge and agree that you shall retrieve data only with the user's explicit consent and only when, and for the limited purposes for which, the user has given you permission to do so.

9. Terminating the License Agreement

9.1 The License Agreement will continue to apply until terminated by either you or Google as set out below.

9.2 If you want to terminate the License Agreement, you may do so by ceasing your use of the SDK and any relevant developer credentials.

9.3 Google may at any time, terminate the License Agreement, with or without cause, upon notice to you.

9.4 The License Agreement will automatically terminate without notice or other action when Google ceases to provide the SDK or certain parts of the SDK to users in the country in which you are resident or from which you use the service.

9.5 When the License Agreement is terminated, the license granted to you in the License Agreement will terminate, you will immediately cease all use of the SDK, and the provisions of paragraphs 10, 11, 12 and 14 shall survive indefinitely.

10. DISCLAIMERS

10.1 YOU EXPRESSLY UNDERSTAND AND AGREE THAT YOUR USE OF THE SDK IS AT YOUR SOLE RISK AND THAT THE SDK IS PROVIDED "AS IS" AND "AS AVAILABLE" WITHOUT WARRANTY OF ANY KIND FROM GOOGLE.

10.2 YOUR USE OF THE SDK AND ANY MATERIAL DOWNLOADED OR OTHERWISE OBTAINED THROUGH THE USE OF THE SDK IS AT YOUR OWN DISCRETION AND RISK AND YOU ARE SOLELY RESPONSIBLE FOR ANY DAMAGE TO YOUR COMPUTER SYSTEM OR OTHER DEVICE OR LOSS OF DATA THAT RESULTS FROM SUCH USE. WITHOUT LIMITING THE FOREGOING, YOU UNDERSTAND THAT THE SDK MAY CONTAIN ERRORS, DEFECTS AND SECURITY VULNERABILITIES THAT CAN RESULT IN SIGNIFICANT DAMAGE, INCLUDING THE COMPLETE, IRRECOVERABLE LOSS OF USE OF YOUR COMPUTER SYSTEM OR OTHER DEVICE.

10.3 GOOGLE FURTHER EXPRESSLY DISCLAIMS ALL WARRANTIES AND CONDITIONS OF ANY KIND, WHETHER EXPRESS OR IMPLIED, INCLUDING, BUT NOT LIMITED TO THE IMPLIED WARRANTIES AND CONDITIONS OF MERCHANTABILITY, FITNESS FOR A PARTICULAR PURPOSE AND NON-INFRINGEMENT.

11. LIMITATION OF LIABILITY

11.1 YOU EXPRESSLY UNDERSTAND AND AGREE THAT GOOGLE, ITS SUBSIDIARIES AND AFFILIATES, AND ITS LICENSORS SHALL NOT BE LIABLE TO YOU UNDER ANY THEORY OF LIABILITY FOR ANY DIRECT, INDIRECT, INCIDENTAL, SPECIAL, CONSEQUENTIAL OR EXEMPLARY DAMAGES THAT MAY BE INCURRED BY YOU, INCLUDING ANY LOSS OF DATA, WHETHER OR NOT GOOGLE OR ITS REPRESENTATIVES HAVE BEEN ADVISED OF OR SHOULD HAVE BEEN AWARE OF THE POSSIBILITY OF ANY SUCH LOSSES ARISING.

12. Indemnification

12.1 To the maximum extent permitted by law, you agree to defend, indemnify and hold harmless Google, its affiliates and their respective directors, officers, employees and agents from and against any and all claims, actions, suits or proceedings, as well as any and all losses, liabilities, damages, costs and expenses (including reasonable attorneysâ€™ fees) arising out of or accruing from (a) your use of the SDK, (b) any application you develop on the SDK that infringes any Intellectual Property Rights of any person or defames any person or violates their rights of publicity or privacy, and (c) any non-compliance by you of the License Agreement.

13. Changes to the License Agreement

13.1 Google may make changes to the License Agreement as it distributes new versions of the SDK. When these changes are made, Google will make a new version of the License Agreement available on the website where the SDK is made available.

14. General Legal Terms

14.1 The License Agreement constitutes the whole legal agreement between you and Google and governs your use of the SDK (excluding any services which Google may provide to you under a separate written agreement), and completely replaces any prior agreements between you and Google in relation to the SDK.

14.2 You agree that if Google does not exercise or enforce any legal right or remedy which is contained in the License Agreement (or which Google has the benefit of under any applicable law), this will not be taken to be a formal waiver of Google's rights and that those rights or remedies will still be available to Google.

14.3 If any court of law, having the jurisdiction to decide on this matter, rules that any provision of the License Agreement is invalid, then that provision will be removed from the License Agreement without affecting the rest of the License Agreement. The remaining provisions of the License Agreement will continue to be valid and enforceable.

14.4 You acknowledge and agree that each member of the group of companies of which Google is the parent shall be third party beneficiaries to the License Agreement and that such other companies shall be entitled to directly enforce, and rely upon, any provision of the License Agreement that confers a benefit on (or rights in favor of) them. Other than this, no other person or company shall be third party beneficiaries to the License Agreement.

14.5 EXPORT RESTRICTIONS. THE SDK IS SUBJECT TO UNITED STATES EXPORT LAWS AND REGULATIONS. YOU MUST COMPLY WITH ALL DOMESTIC AND INTERNATIONAL EXPORT LAWS AND REGULATIONS THAT APPLY TO THE SDK. THESE LAWS INCLUDE RESTRICTIONS ON DESTINATIONS, END USERS AND END USE.

14.6 The License Agreement may not be assigned or transferred by you without the prior written approval of Google, and any attempted assignment without such approval will be void. You shall not delegate your responsibilities or obligations under the License Agreement without the prior written approval of Google.

14.7 The License Agreement, and your relationship with Google under the License Agreement, shall be governed by the laws of the State of California without regard to its conflict of laws provisions. You and Google agree to submit to the exclusive jurisdiction of the courts located within the county of Santa Clara, California to resolve any legal matter arising from the License Agreement. Notwithstanding this, you agree that Google shall still be allowed to apply for injunctive remedies (or an equivalent type of urgent legal relief) in any jurisdiction.

June 2014.
    
Do you accept the license 'android-sdk-license-5be876d5' [y/n]: y

Installing Archives:
  Preparing to install archives
  Downloading Android SDK Build-tools, revision 20
  Installing Android SDK Build-tools, revision 20
  Unzipping Android SDK Build-tools, revision 20 (2%)  Unzipping Android SDK Build-tools, revision 20 (4%)  Unzipping Android SDK Build-tools, revision 20 (5%)  Unzipping Android SDK Build-tools, revision 20 (6%)  Unzipping Android SDK Build-tools, revision 20 (7%)  Unzipping Android SDK Build-tools, revision 20 (8%)  Unzipping Android SDK Build-tools, revision 20 (9%)  Unzipping Android SDK Build-tools, revision 20 (10%)  Unzipping Android SDK Build-tools, revision 20 (11%)  Unzipping Android SDK Build-tools, revision 20 (12%)  Unzipping Android SDK Build-tools, revision 20 (13%)  Unzipping Android SDK Build-tools, revision 20 (18%)  Unzipping Android SDK Build-tools, revision 20 (20%)  Unzipping Android SDK Build-tools, revision 20 (21%)  Unzipping Android SDK Build-tools, revision 20 (22%)  Unzipping Android SDK Build-tools, revision 20 (26%)  Unzipping Android SDK Build-tools, revision 20 (54%)  Unzipping Android SDK Build-tools, revision 20 (60%)  Unzipping Android SDK Build-tools, revision 20 (62%)  Unzipping Android SDK Build-tools, revision 20 (99%)    Installed Android SDK Build-tools, revision 20
  Done. 1 package installed.
travis_time:end:1e575a60:start=1419062783187959876,finish=1419062788203853494,duration=5015893618[0Ktravis_time:start:240ed297[0K$ android-update-sdk --components=android-16 --accept-licenses='android-sdk-license-5be876d5'
Installing android-16
spawn android update sdk --no-ui --all --filter android-16
Refresh Sources:
  Fetching https://dl-ssl.google.com/android/repository/addons_list-2.xml
  Validate XML
  Parse XML
  Fetched Add-ons List successfully
  Refresh Sources
  Fetching URL: https://dl-ssl.google.com/android/repository/repository-10.xml
  Validate XML: https://dl-ssl.google.com/android/repository/repository-10.xml
  Parse XML:    https://dl-ssl.google.com/android/repository/repository-10.xml
  Fetching URL: https://dl-ssl.google.com/android/repository/addon.xml
  Validate XML: https://dl-ssl.google.com/android/repository/addon.xml
  Parse XML:    https://dl-ssl.google.com/android/repository/addon.xml
  Fetching URL: https://dl-ssl.google.com/android/repository/addon-6.xml
  Validate XML: https://dl-ssl.google.com/android/repository/addon-6.xml
  Parse XML:    https://dl-ssl.google.com/android/repository/addon-6.xml
  Fetching URL: https://dl-ssl.google.com/glass/gdk/addon.xml
  Validate XML: https://dl-ssl.google.com/glass/gdk/addon.xml
  Parse XML:    https://dl-ssl.google.com/glass/gdk/addon.xml
  Fetching URL: https://dl-ssl.google.com/android/repository/extras/intel/addon.xml
  Validate XML: https://dl-ssl.google.com/android/repository/extras/intel/addon.xml
  Parse XML:    https://dl-ssl.google.com/android/repository/extras/intel/addon.xml
  Fetching URL: https://dl-ssl.google.com/android/repository/sys-img/android/sys-img.xml
  Validate XML: https://dl-ssl.google.com/android/repository/sys-img/android/sys-img.xml
  Parse XML:    https://dl-ssl.google.com/android/repository/sys-img/android/sys-img.xml
  Fetching URL: https://dl-ssl.google.com/android/repository/sys-img/android-wear/sys-img.xml
  Validate XML: https://dl-ssl.google.com/android/repository/sys-img/android-wear/sys-img.xml
  Parse XML:    https://dl-ssl.google.com/android/repository/sys-img/android-wear/sys-img.xml
  Fetching URL: https://dl-ssl.google.com/android/repository/sys-img/android-tv/sys-img.xml
  Validate XML: https://dl-ssl.google.com/android/repository/sys-img/android-tv/sys-img.xml
  Parse XML:    https://dl-ssl.google.com/android/repository/sys-img/android-tv/sys-img.xml
  Fetching URL: https://dl-ssl.google.com/android/repository/sys-img/google_apis/sys-img.xml
  Validate XML: https://dl-ssl.google.com/android/repository/sys-img/google_apis/sys-img.xml
  Parse XML:    https://dl-ssl.google.com/android/repository/sys-img/google_apis/sys-img.xml
  Fetching URL: https://dl-ssl.google.com/android/repository/sys-img/x86/addon-x86.xml
  Validate XML: https://dl-ssl.google.com/android/repository/sys-img/x86/addon-x86.xml
  Parse XML:    https://dl-ssl.google.com/android/repository/sys-img/x86/addon-x86.xml
-------------------------------
License id: android-sdk-license-5be876d5
Used by: 
 - SDK Platform Android 4.1.2, API 16, revision 5
-------------------------------

To get started with the Android SDK, you must agree to the following terms and conditions.

This is the Android SDK License Agreement (the "License Agreement").

1. Introduction

1.1 The Android SDK (referred to in the License Agreement as the "SDK" and specifically including the Android system files, packaged APIs, and SDK library files and tools , if and when they are made available) is licensed to you subject to the terms of the License Agreement. The License Agreement forms a legally binding contract between you and Google in relation to your use of the SDK.

1.2 "Android" means the Android software stack for devices, as made available under the Android Open Source Project, which is located at the following URL: http://source.android.com/, as updated from time to time.

1.3 "Google" means Google Inc., a Delaware corporation with principal place of business at 1600 Amphitheatre Parkway, Mountain View, CA 94043, United States.

2. Accepting the License Agreement

2.1 In order to use the SDK, you must first agree to the License Agreement. You may not use the SDK if you do not accept the License Agreement.

2.2 By clicking to accept and/or using the SDK, you hereby agree to the terms of the License Agreement.

2.3 You may not use the SDK and may not accept the License Agreement if you are a person barred from receiving the SDK under the laws of the United States or other countries including the country in which you are resident or from which you use the SDK.

2.4 If you will use the SDK internally within your company or organization you agree to be bound by the License Agreement on behalf of your employer or other entity, and you represent and warrant that you have full legal authority to bind your employer or such entity to the License Agreement. If you do not have the requisite authority, you may not accept the License Agreement or use the SDK on behalf of your employer or other entity.

3. SDK License from Google

3.1 Subject to the terms of the License Agreement, Google grants you a royalty-free, non-assignable, non-exclusive, non-sublicensable, limited, revocable license to use the SDK, personally or internally within your company or organization, solely to develop and distribute applications to run on the Android platform.

3.2 You agree that Google or third parties own all legal right, title and interest in and to the SDK, including any Intellectual Property Rights that subsist in the SDK. "Intellectual Property Rights" means any and all rights under patent law, copyright law, trade secret law, trademark law, and any and all other proprietary rights. Google reserves all rights not expressly granted to you.

3.3 You may not use the SDK for any purpose not expressly permitted by the License Agreement. Except to the extent required by applicable third party licenses, you may not: (a) copy (except for backup purposes), modify, adapt, redistribute, decompile, reverse engineer, disassemble, or create derivative works of the SDK or any part of the SDK; or (b) load any part of the SDK onto a mobile handset or any other hardware device except a personal computer, combine any part of the SDK with other software, or distribute any software or device incorporating a part of the SDK.

3.4 You agree that you will not take any actions that may cause or result in the fragmentation of Android, including but not limited to distributing, participating in the creation of, or promoting in any way a software development kit derived from the SDK.

3.5 Use, reproduction and distribution of components of the SDK licensed under an open source software license are governed solely by the terms of that open source software license and not the License Agreement. You agree to remain a licensee in good standing in regard to such open source software licenses under all the rights granted and to refrain from any actions that may terminate, suspend, or breach such rights.

3.6 You agree that the form and nature of the SDK that Google provides may change without prior notice to you and that future versions of the SDK may be incompatible with applications developed on previous versions of the SDK. You agree that Google may stop (permanently or temporarily) providing the SDK (or any features within the SDK) to you or to users generally at Google's sole discretion, without prior notice to you.

3.7 Nothing in the License Agreement gives you a right to use any of Google's trade names, trademarks, service marks, logos, domain names, or other distinctive brand features.

3.8 You agree that you will not remove, obscure, or alter any proprietary rights notices (including copyright and trademark notices) that may be affixed to or contained within the SDK.

4. Use of the SDK by You

4.1 Google agrees that nothing in the License Agreement gives Google any right, title or interest from you (or your licensors) under the License Agreement in or to any software applications that you develop using the SDK, including any intellectual property rights that subsist in those applications.

4.2 You agree to use the SDK and write applications only for purposes that are permitted by (a) the License Agreement, and (b) any applicable law, regulation or generally accepted practices or guidelines in the relevant jurisdictions (including any laws regarding the export of data or software to and from the United States or other relevant countries).

4.3 You agree that if you use the SDK to develop applications, you will protect the privacy and legal rights of users. If users provide you with user names, passwords, or other login information or personal information, you must make the users aware that the information will be available to your application, and you must provide legally adequate privacy notice and protection for those users. If your application stores personal or sensitive information provided by users, it must do so securely. If users provide you with Google Account information, your application may only use that information to access the user's Google Account when, and for the limited purposes for which, each user has given you permission to do so.

4.4 You agree that you will not engage in any activity with the SDK, including the development or distribution of an application, that interferes with, disrupts, damages, or accesses in an unauthorized manner the servers, networks, or other properties or services of Google or any third party.

4.5 You agree that you are solely responsible for (and that Google has no responsibility to you or to any third party for) any data, content, or resources that you create, transmit or display through Android and/or applications for Android, and for the consequences of your actions (including any loss or damage which Google may suffer) by doing so.

4.6 You agree that you are solely responsible for (and that Google has no responsibility to you or to any third party for) any breach of your obligations under the License Agreement, any applicable third party contract or Terms of Service, or any applicable law or regulation, and for the consequences (including any loss or damage which Google or any third party may suffer) of any such breach.

5. Your Developer Credentials

5.1 You agree that you are responsible for maintaining the confidentiality of any developer credentials that may be issued to you by Google or which you may choose yourself and that you will be solely responsible for all applications that are developed under your developer credentials.

6. Privacy and Information

6.1 In order to continually innovate and improve the SDK, Google may collect certain usage statistics from the software including but not limited to a unique identifier, associated IP address, version number of the software, and information on which tools and/or services in the SDK are being used and how they are being used. Before any of this information is collected, the SDK will notify you and seek your consent. If you withhold consent, the information will not be collected.

6.2 The data collected is examined in the aggregate to improve the SDK and is maintained in accordance with Google's Privacy Policy located at http://www.google.com/policies/privacy/.

7. Third Party Applications

7.1 If you use the SDK to run applications developed by a third party or that access data, content or resources provided by a third party, you agree that Google is not responsible for those applications, data, content, or resources. You understand that all data, content or resources which you may access through such third party applications are the sole responsibility of the person from which they originated and that Google is not liable for any loss or damage that you may experience as a result of the use or access of any of those third party applications, data, content, or resources.

7.2 You should be aware the data, content, and resources presented to you through such a third party application may be protected by intellectual property rights which are owned by the providers (or by other persons or companies on their behalf). You may not modify, rent, lease, loan, sell, distribute or create derivative works based on these data, content, or resources (either in whole or in part) unless you have been specifically given permission to do so by the relevant owners.

7.3 You acknowledge that your use of such third party applications, data, content, or resources may be subject to separate terms between you and the relevant third party.

8. Using Google APIs

8.1 Google APIs

8.1.1 If you use any API to retrieve data from Google, you acknowledge that the data may be protected by intellectual property rights which are owned by Google or those parties that provide the data (or by other persons or companies on their behalf). Your use of any such API may be subject to additional Terms of Service. You may not modify, rent, lease, loan, sell, distribute or create derivative works based on this data (either in whole or in part) unless allowed by the relevant Terms of Service.

8.1.2 If you use any API to retrieve a user's data from Google, you acknowledge and agree that you shall retrieve data only with the user's explicit consent and only when, and for the limited purposes for which, the user has given you permission to do so.

9. Terminating the License Agreement

9.1 The License Agreement will continue to apply until terminated by either you or Google as set out below.

9.2 If you want to terminate the License Agreement, you may do so by ceasing your use of the SDK and any relevant developer credentials.

9.3 Google may at any time, terminate the License Agreement, with or without cause, upon notice to you.

9.4 The License Agreement will automatically terminate without notice or other action when Google ceases to provide the SDK or certain parts of the SDK to users in the country in which you are resident or from which you use the service.

9.5 When the License Agreement is terminated, the license granted to you in the License Agreement will terminate, you will immediately cease all use of the SDK, and the provisions of paragraphs 10, 11, 12 and 14 shall survive indefinitely.

10. DISCLAIMERS

10.1 YOU EXPRESSLY UNDERSTAND AND AGREE THAT YOUR USE OF THE SDK IS AT YOUR SOLE RISK AND THAT THE SDK IS PROVIDED "AS IS" AND "AS AVAILABLE" WITHOUT WARRANTY OF ANY KIND FROM GOOGLE.

10.2 YOUR USE OF THE SDK AND ANY MATERIAL DOWNLOADED OR OTHERWISE OBTAINED THROUGH THE USE OF THE SDK IS AT YOUR OWN DISCRETION AND RISK AND YOU ARE SOLELY RESPONSIBLE FOR ANY DAMAGE TO YOUR COMPUTER SYSTEM OR OTHER DEVICE OR LOSS OF DATA THAT RESULTS FROM SUCH USE. WITHOUT LIMITING THE FOREGOING, YOU UNDERSTAND THAT THE SDK MAY CONTAIN ERRORS, DEFECTS AND SECURITY VULNERABILITIES THAT CAN RESULT IN SIGNIFICANT DAMAGE, INCLUDING THE COMPLETE, IRRECOVERABLE LOSS OF USE OF YOUR COMPUTER SYSTEM OR OTHER DEVICE.

10.3 GOOGLE FURTHER EXPRESSLY DISCLAIMS ALL WARRANTIES AND CONDITIONS OF ANY KIND, WHETHER EXPRESS OR IMPLIED, INCLUDING, BUT NOT LIMITED TO THE IMPLIED WARRANTIES AND CONDITIONS OF MERCHANTABILITY, FITNESS FOR A PARTICULAR PURPOSE AND NON-INFRINGEMENT.

11. LIMITATION OF LIABILITY

11.1 YOU EXPRESSLY UNDERSTAND AND AGREE THAT GOOGLE, ITS SUBSIDIARIES AND AFFILIATES, AND ITS LICENSORS SHALL NOT BE LIABLE TO YOU UNDER ANY THEORY OF LIABILITY FOR ANY DIRECT, INDIRECT, INCIDENTAL, SPECIAL, CONSEQUENTIAL OR EXEMPLARY DAMAGES THAT MAY BE INCURRED BY YOU, INCLUDING ANY LOSS OF DATA, WHETHER OR NOT GOOGLE OR ITS REPRESENTATIVES HAVE BEEN ADVISED OF OR SHOULD HAVE BEEN AWARE OF THE POSSIBILITY OF ANY SUCH LOSSES ARISING.

12. Indemnification

12.1 To the maximum extent permitted by law, you agree to defend, indemnify and hold harmless Google, its affiliates and their respective directors, officers, employees and agents from and against any and all claims, actions, suits or proceedings, as well as any and all losses, liabilities, damages, costs and expenses (including reasonable attorneysâ€™ fees) arising out of or accruing from (a) your use of the SDK, (b) any application you develop on the SDK that infringes any Intellectual Property Rights of any person or defames any person or violates their rights of publicity or privacy, and (c) any non-compliance by you of the License Agreement.

13. Changes to the License Agreement

13.1 Google may make changes to the License Agreement as it distributes new versions of the SDK. When these changes are made, Google will make a new version of the License Agreement available on the website where the SDK is made available.

14. General Legal Terms

14.1 The License Agreement constitutes the whole legal agreement between you and Google and governs your use of the SDK (excluding any services which Google may provide to you under a separate written agreement), and completely replaces any prior agreements between you and Google in relation to the SDK.

14.2 You agree that if Google does not exercise or enforce any legal right or remedy which is contained in the License Agreement (or which Google has the benefit of under any applicable law), this will not be taken to be a formal waiver of Google's rights and that those rights or remedies will still be available to Google.

14.3 If any court of law, having the jurisdiction to decide on this matter, rules that any provision of the License Agreement is invalid, then that provision will be removed from the License Agreement without affecting the rest of the License Agreement. The remaining provisions of the License Agreement will continue to be valid and enforceable.

14.4 You acknowledge and agree that each member of the group of companies of which Google is the parent shall be third party beneficiaries to the License Agreement and that such other companies shall be entitled to directly enforce, and rely upon, any provision of the License Agreement that confers a benefit on (or rights in favor of) them. Other than this, no other person or company shall be third party beneficiaries to the License Agreement.

14.5 EXPORT RESTRICTIONS. THE SDK IS SUBJECT TO UNITED STATES EXPORT LAWS AND REGULATIONS. YOU MUST COMPLY WITH ALL DOMESTIC AND INTERNATIONAL EXPORT LAWS AND REGULATIONS THAT APPLY TO THE SDK. THESE LAWS INCLUDE RESTRICTIONS ON DESTINATIONS, END USERS AND END USE.

14.6 The License Agreement may not be assigned or transferred by you without the prior written approval of Google, and any attempted assignment without such approval will be void. You shall not delegate your responsibilities or obligations under the License Agreement without the prior written approval of Google.

14.7 The License Agreement, and your relationship with Google under the License Agreement, shall be governed by the laws of the State of California without regard to its conflict of laws provisions. You and Google agree to submit to the exclusive jurisdiction of the courts located within the county of Santa Clara, California to resolve any legal matter arising from the License Agreement. Notwithstanding this, you agree that Google shall still be allowed to apply for injunctive remedies (or an equivalent type of urgent legal relief) in any jurisdiction.

June 2014.
    
Do you accept the license 'android-sdk-license-5be876d5' [y/n]: y

Installing Archives:
  Preparing to install archives
  Downloading SDK Platform Android 4.1.2, API 16, revision 5
  Installing SDK Platform Android 4.1.2, API 16, revision 5
  Unzipping SDK Platform Android 4.1.2, API 16, revision 5 (26%)  Unzipping SDK Platform Android 4.1.2, API 16, revision 5 (27%)  Unzipping SDK Platform Android 4.1.2, API 16, revision 5 (28%)  Unzipping SDK Platform Android 4.1.2, API 16, revision 5 (29%)  Unzipping SDK Platform Android 4.1.2, API 16, revision 5 (30%)  Unzipping SDK Platform Android 4.1.2, API 16, revision 5 (31%)  Unzipping SDK Platform Android 4.1.2, API 16, revision 5 (32%)  Unzipping SDK Platform Android 4.1.2, API 16, revision 5 (33%)  Unzipping SDK Platform Android 4.1.2, API 16, revision 5 (34%)  Unzipping SDK Platform Android 4.1.2, API 16, revision 5 (36%)  Unzipping SDK Platform Android 4.1.2, API 16, revision 5 (37%)  Unzipping SDK Platform Android 4.1.2, API 16, revision 5 (38%)  Unzipping SDK Platform Android 4.1.2, API 16, revision 5 (39%)  Unzipping SDK Platform Android 4.1.2, API 16, revision 5 (40%)  Unzipping SDK Platform Android 4.1.2, API 16, revision 5 (41%)  Unzipping SDK Platform Android 4.1.2, API 16, revision 5 (42%)  Unzipping SDK Platform Android 4.1.2, API 16, revision 5 (43%)  Unzipping SDK Platform Android 4.1.2, API 16, revision 5 (44%)  Unzipping SDK Platform Android 4.1.2, API 16, revision 5 (45%)  Unzipping SDK Platform Android 4.1.2, API 16, revision 5 (46%)  Unzipping SDK Platform Android 4.1.2, API 16, revision 5 (47%)  Unzipping SDK Platform Android 4.1.2, API 16, revision 5 (48%)  Unzipping SDK Platform Android 4.1.2, API 16, revision 5 (49%)  Unzipping SDK Platform Android 4.1.2, API 16, revision 5 (50%)  Unzipping SDK Platform Android 4.1.2, API 16, revision 5 (51%)  Unzipping SDK Platform Android 4.1.2, API 16, revision 5 (52%)  Unzipping SDK Platform Android 4.1.2, API 16, revision 5 (53%)  Unzipping SDK Platform Android 4.1.2, API 16, revision 5 (54%)  Unzipping SDK Platform Android 4.1.2, API 16, revision 5 (55%)  Unzipping SDK Platform Android 4.1.2, API 16, revision 5 (72%)  Unzipping SDK Platform Android 4.1.2, API 16, revision 5 (73%)  Unzipping SDK Platform Android 4.1.2, API 16, revision 5 (74%)  Unzipping SDK Platform Android 4.1.2, API 16, revision 5 (77%)  Unzipping SDK Platform Android 4.1.2, API 16, revision 5 (78%)  Unzipping SDK Platform Android 4.1.2, API 16, revision 5 (79%)  Unzipping SDK Platform Android 4.1.2, API 16, revision 5 (81%)  Unzipping SDK Platform Android 4.1.2, API 16, revision 5 (82%)  Unzipping SDK Platform Android 4.1.2, API 16, revision 5 (83%)  Unzipping SDK Platform Android 4.1.2, API 16, revision 5 (86%)  Unzipping SDK Platform Android 4.1.2, API 16, revision 5 (87%)  Unzipping SDK Platform Android 4.1.2, API 16, revision 5 (92%)  Unzipping SDK Platform Android 4.1.2, API 16, revision 5 (96%)    Installed SDK Platform Android 4.1.2, API 16, revision 5
  Done. 1 package installed.
travis_time:end:240ed297:start=1419062788207599181,finish=1419062794455962258,duration=6248363077[0Ktravis_fold:end:android.install[0K$ java -version
java version "1.7.0_72"
Java(TM) SE Runtime Environment (build 1.7.0_72-b14)
Java HotSpot(TM) 64-Bit Server VM (build 24.72-b04, mixed mode)
$ javac -version
javac 1.7.0_72
travis_fold:start:install[0Ktravis_time:start:14ee2e2e[0K$ mvn install clean --fail-never --quiet -DskipTests=true -Dinvoker.skip=true
travis_time:end:14ee2e2e:start=1419062794618615688,finish=1419062872609346612,duration=77990730924[0Ktravis_fold:end:install[0Ktravis_time:start:00b8caee[0K$ mvn verify
[INFO] Scanning for projects...
[WARNING] 
[WARNING] Some problems were encountered while building the effective model for com.squareup.dagger:dagger:jar:1.2.3-SNAPSHOT
[WARNING] 'build.plugins.plugin.version' for org.apache.maven.plugins:maven-javadoc-plugin is missing. @ com.squareup.dagger:dagger:[unknown-version], /home/travis/build/square/dagger/core/pom.xml, line 68, column 15
[WARNING] 'build.plugins.plugin.version' for org.apache.maven.plugins:maven-jar-plugin is missing. @ com.squareup.dagger:dagger:[unknown-version], /home/travis/build/square/dagger/core/pom.xml, line 74, column 15
[WARNING] 
[WARNING] It is highly recommended to fix these problems because they threaten the stability of your build.
[WARNING] 
[WARNING] For this reason, future Maven versions might no longer support building such malformed projects.
[WARNING] 
[INFO] ------------------------------------------------------------------------
[INFO] Reactor Build Order:
[INFO] 
[INFO] Dagger (Parent)
[INFO] Dagger
[INFO] Dagger Compiler
[INFO] Examples
[INFO] Examples: Simple
[INFO] Examples: Android - Simple
[INFO] Examples: Android - Activity Graphs
[INFO]                                                                         
[INFO] ------------------------------------------------------------------------
[INFO] Building Dagger (Parent) 1.2.3-SNAPSHOT
[INFO] ------------------------------------------------------------------------
[INFO] 
[INFO] --- maven-enforcer-plugin:1.0:enforce (enforce-maven) @ dagger-parent ---
[INFO] 
[INFO] --- maven-checkstyle-plugin:2.10:checkstyle (default) @ dagger-parent ---
[INFO]                                                                         
[INFO] ------------------------------------------------------------------------
[INFO] Building Dagger 1.2.3-SNAPSHOT
[INFO] ------------------------------------------------------------------------
[INFO] 
[INFO] --- maven-enforcer-plugin:1.0:enforce (enforce-maven) @ dagger ---
[INFO] 
[INFO] --- maven-resources-plugin:2.6:resources (default-resources) @ dagger ---
[INFO] Using 'UTF-8' encoding to copy filtered resources.
[INFO] skip non existing resourceDirectory /home/travis/build/square/dagger/core/src/main/resources
[INFO] 
[INFO] --- maven-compiler-plugin:3.1:compile (default-compile) @ dagger ---
[INFO] Changes detected - recompiling the module!
[INFO] Compiling 25 source files to /home/travis/build/square/dagger/core/target/classes
[WARNING] bootstrap class path not set in conjunction with -source 1.6
[WARNING] /home/travis/build/square/dagger/core/src/main/java/dagger/internal/Binding.java:[155,17] serializable class dagger.internal.Binding.InvalidBindingException has no definition of serialVersionUID
[WARNING] /home/travis/build/square/dagger/core/src/main/java/dagger/internal/ProblemDetector.java:[33,10] found raw type: dagger.internal.Binding
  missing type arguments for generic class dagger.internal.Binding<T>
[WARNING] /home/travis/build/square/dagger/core/src/main/java/dagger/internal/ProblemDetector.java:[33,50] found raw type: dagger.internal.Binding
  missing type arguments for generic class dagger.internal.Binding<T>
[WARNING] /home/travis/build/square/dagger/core/src/main/java/dagger/internal/ArrayQueue.java:[530,58] unchecked cast
  required: T[]
  found:    java.lang.Object
[WARNING] /home/travis/build/square/dagger/core/src/main/java/dagger/internal/ArrayQueue.java:[554,63] unchecked cast
  required: dagger.internal.ArrayQueue<E>
  found:    java.lang.Object
[WARNING] /home/travis/build/square/dagger/core/src/main/java/dagger/internal/ArrayQueue.java:[555,54] unchecked cast
  required: E[]
  found:    java.lang.Object
[WARNING] /home/travis/build/square/dagger/core/src/main/java/dagger/ObjectGraph.java:[176,90] unchecked cast
  required: dagger.internal.ModuleAdapter<java.lang.Object>
  found:    dagger.internal.ModuleAdapter<capture#1 of ?>
[INFO] 
[INFO] --- maven-checkstyle-plugin:2.10:checkstyle (default) @ dagger ---
[INFO] Starting audit...
Audit done.

[WARNING] Unable to locate Source XRef to link to - DISABLED
[INFO] 
[INFO] --- animal-sniffer-maven-plugin:1.8:check (sniff-api) @ dagger ---
[INFO] Checking unresolved references to org.codehaus.mojo.signature:java15:1.0
[INFO] 
[INFO] --- maven-resources-plugin:2.6:testResources (default-testResources) @ dagger ---
[INFO] Using 'UTF-8' encoding to copy filtered resources.
[INFO] skip non existing resourceDirectory /home/travis/build/square/dagger/core/src/test/resources
[INFO] 
[INFO] --- maven-compiler-plugin:3.1:testCompile (default-testCompile) @ dagger ---
[INFO] Changes detected - recompiling the module!
[INFO] Compiling 18 source files to /home/travis/build/square/dagger/core/target/test-classes
[WARNING] bootstrap class path not set in conjunction with -source 1.6
[WARNING] /home/travis/build/square/dagger/core/src/test/java/dagger/InjectionTest.java:[552,15] found raw type: java.util.AbstractList
  missing type arguments for generic class java.util.AbstractList<E>
[WARNING] /home/travis/build/square/dagger/core/src/test/java/dagger/SetBindingTest.java:[99,19] unchecked generic array creation for varargs parameter of type java.util.Set<java.lang.String>[]
[WARNING] /home/travis/build/square/dagger/core/src/test/java/dagger/SetBindingTest.java:[105,21] unchecked generic array creation for varargs parameter of type java.util.Set<java.lang.String>[]
[WARNING] /home/travis/build/square/dagger/core/src/test/java/dagger/internal/TestingModuleAdapter.java:[117,40] unchecked cast
  required: M
  found:    capture#1 of ?
[WARNING] /home/travis/build/square/dagger/core/src/test/java/dagger/internal/TestingModuleAdapter.java:[170,24] found raw type: dagger.internal.Binding
  missing type arguments for generic class dagger.internal.Binding<T>
[WARNING] /home/travis/build/square/dagger/core/src/test/java/dagger/internal/TestingModuleAdapter.java:[183,33] unchecked cast
  required: T
  found:    java.lang.Object
[WARNING] /home/travis/build/square/dagger/core/src/test/java/dagger/ModuleTest.java:[226,17] found raw type: javax.inject.Provider
  missing type arguments for generic class javax.inject.Provider<T>
[WARNING] /home/travis/build/square/dagger/core/src/test/java/dagger/ModuleTest.java:[260,17] found raw type: dagger.Lazy
  missing type arguments for generic class dagger.Lazy<T>
[INFO] 
[INFO] --- maven-surefire-plugin:2.12.4:test (default-test) @ dagger ---
[INFO] Surefire report directory: /home/travis/build/square/dagger/core/target/surefire-reports
Downloading: https://repo.maven.apache.org/maven2/org/apache/maven/surefire/surefire-junit4/2.12.4/surefire-junit4-2.12.4.pom
3/3 KB            Downloaded: https://repo.maven.apache.org/maven2/org/apache/maven/surefire/surefire-junit4/2.12.4/surefire-junit4-2.12.4.pom (3 KB at 6.4 KB/sec)
Downloading: https://repo.maven.apache.org/maven2/org/apache/maven/surefire/surefire-providers/2.12.4/surefire-providers-2.12.4.pom
3/3 KB            Downloaded: https://repo.maven.apache.org/maven2/org/apache/maven/surefire/surefire-providers/2.12.4/surefire-providers-2.12.4.pom (3 KB at 109.2 KB/sec)
Downloading: https://repo.maven.apache.org/maven2/org/apache/maven/surefire/surefire-junit4/2.12.4/surefire-junit4-2.12.4.jar
4/37 KB   8/37 KB   8/37 KB   12/37 KB   16/37 KB   16/37 KB   20/37 KB   24/37 KB   24/37 KB   28/37 KB   31/37 KB   32/37 KB   36/37 KB   37/37 KB              Downloaded: https://repo.maven.apache.org/maven2/org/apache/maven/surefire/surefire-junit4/2.12.4/surefire-junit4-2.12.4.jar (37 KB at 751.2 KB/sec)

-------------------------------------------------------
 T E S T S
-------------------------------------------------------
Running dagger.ExtensionWithStateTest
Tests run: 1, Failures: 0, Errors: 0, Skipped: 0, Time elapsed: 0.069 sec
Running dagger.UnusedProviderTest
Tests run: 5, Failures: 0, Errors: 0, Skipped: 0, Time elapsed: 0.012 sec
Running dagger.InjectionTest
Tests run: 41, Failures: 0, Errors: 0, Skipped: 0, Time elapsed: 0.107 sec
Running dagger.SetBindingTest
Tests run: 12, Failures: 0, Errors: 0, Skipped: 0, Time elapsed: 0.044 sec
Running dagger.internal.SingletonBindingTest
Tests run: 7, Failures: 0, Errors: 0, Skipped: 0, Time elapsed: 0.009 sec
Running dagger.internal.FailoverLoaderTest
Tests run: 1, Failures: 0, Errors: 0, Skipped: 0, Time elapsed: 0.006 sec
Running dagger.internal.KeysTest
Tests run: 18, Failures: 0, Errors: 0, Skipped: 0, Time elapsed: 0.011 sec
Running dagger.ProblemDetectorTest
Tests run: 3, Failures: 0, Errors: 0, Skipped: 0, Time elapsed: 0.004 sec
Running dagger.ExtensionWithSetBindingsTest
Tests run: 3, Failures: 0, Errors: 0, Skipped: 0, Time elapsed: 0.007 sec
Running dagger.LazyInjectionTest
Tests run: 5, Failures: 0, Errors: 0, Skipped: 0, Time elapsed: 0.006 sec
Running dagger.ModuleTest
Tests run: 14, Failures: 0, Errors: 0, Skipped: 0, Time elapsed: 0.017 sec
Running dagger.InjectionOfLazyTest
Tests run: 4, Failures: 0, Errors: 0, Skipped: 0, Time elapsed: 0.007 sec
Running dagger.MembersInjectorTest
Tests run: 8, Failures: 0, Errors: 0, Skipped: 0, Time elapsed: 0.013 sec
Running dagger.InjectStaticsTest
Tests run: 3, Failures: 0, Errors: 0, Skipped: 0, Time elapsed: 0.004 sec
Running dagger.ThreadSafetyTest
Tests run: 2, Failures: 0, Errors: 0, Skipped: 0, Time elapsed: 0.068 sec
Running dagger.ExtensionTest
Tests run: 3, Failures: 0, Errors: 0, Skipped: 0, Time elapsed: 0.005 sec

Results :

Tests run: 130, Failures: 0, Errors: 0, Skipped: 0

[INFO] 
[INFO] --- maven-jar-plugin:2.4:jar (default-jar) @ dagger ---
[INFO] Building jar: /home/travis/build/square/dagger/core/target/dagger-1.2.3-SNAPSHOT.jar
[INFO] 
[INFO] --- maven-jar-plugin:2.4:test-jar (default) @ dagger ---
[INFO] Building jar: /home/travis/build/square/dagger/core/target/dagger-1.2.3-SNAPSHOT-tests.jar
[INFO]                                                                         
[INFO] ------------------------------------------------------------------------
[INFO] Building Dagger Compiler 1.2.3-SNAPSHOT
[INFO] ------------------------------------------------------------------------
[INFO] 
[INFO] --- maven-enforcer-plugin:1.0:enforce (enforce-maven) @ dagger-compiler ---
[INFO] 
[INFO] --- maven-resources-plugin:2.6:resources (default-resources) @ dagger-compiler ---
[INFO] Using 'UTF-8' encoding to copy filtered resources.
[INFO] Copying 1 resource
[INFO] 
[INFO] --- maven-compiler-plugin:3.1:compile (default-compile) @ dagger-compiler ---
[INFO] Changes detected - recompiling the module!
[INFO] Compiling 13 source files to /home/travis/build/square/dagger/compiler/target/classes
[WARNING] bootstrap class path not set in conjunction with -source 1.6
[INFO] 
[INFO] --- maven-checkstyle-plugin:2.10:checkstyle (default) @ dagger-compiler ---
[INFO] Starting audit...
Audit done.

[WARNING] Unable to locate Source XRef to link to - DISABLED
[INFO] 
[INFO] --- maven-resources-plugin:2.6:testResources (default-testResources) @ dagger-compiler ---
[INFO] Using 'UTF-8' encoding to copy filtered resources.
[INFO] skip non existing resourceDirectory /home/travis/build/square/dagger/compiler/src/test/resources
[INFO] 
[INFO] --- maven-compiler-plugin:3.1:testCompile (default-testCompile) @ dagger-compiler ---
[INFO] Changes detected - recompiling the module!
[INFO] Compiling 15 source files to /home/travis/build/square/dagger/compiler/target/test-classes
[WARNING] bootstrap class path not set in conjunction with -source 1.6
[WARNING] No processor claimed any of these annotations: javax.inject.Named,dagger.tests.integration.operation.FailureModeErrorsTest.MyFoo,javax.inject.Qualifier,dagger.Module,javax.annotation.processing.SupportedAnnotationTypes,dagger.Provides,javax.inject.Inject,org.junit.runner.RunWith,org.junit.Test
[INFO] 
[INFO] --- maven-compiler-plugin:3.1:testCompile (default-test-compile) @ dagger-compiler ---
[INFO] Changes detected - recompiling the module!
[INFO] Compiling 15 source files to /home/travis/build/square/dagger/compiler/target/test-classes
[WARNING] bootstrap class path not set in conjunction with -source 1.6
[WARNING] No processor claimed any of these annotations: javax.inject.Named,dagger.tests.integration.operation.FailureModeErrorsTest.MyFoo,javax.inject.Qualifier,dagger.Module,javax.annotation.processing.SupportedAnnotationTypes,dagger.Provides,javax.inject.Inject,org.junit.runner.RunWith,org.junit.Test
[INFO] 
[INFO] --- maven-surefire-plugin:2.12.4:test (default-test) @ dagger-compiler ---
[INFO] Surefire report directory: /home/travis/build/square/dagger/compiler/target/surefire-reports

-------------------------------------------------------
 T E S T S
-------------------------------------------------------
Running dagger.tests.integration.validation.CyclicModuleIncludesTest
Tests run: 3, Failures: 0, Errors: 0, Skipped: 0, Time elapsed: 0.901 sec
Running dagger.tests.integration.validation.LibraryModuleTest
Tests run: 4, Failures: 0, Errors: 0, Skipped: 0, Time elapsed: 0.317 sec
Running dagger.tests.integration.validation.SimpleMissingDependencyTest
Tests run: 1, Failures: 0, Errors: 0, Skipped: 0, Time elapsed: 0.062 sec
Running dagger.tests.integration.validation.CyclicDependencyTest
Tests run: 2, Failures: 0, Errors: 0, Skipped: 0, Time elapsed: 0.132 sec
Running dagger.tests.integration.validation.ScopeAnnotationUseTest
Tests run: 12, Failures: 0, Errors: 0, Skipped: 0, Time elapsed: 0.519 sec
Running dagger.tests.integration.validation.GeneratedTypesNotReadyTest
Tests run: 6, Failures: 0, Errors: 0, Skipped: 0, Time elapsed: 0.476 sec
Running dagger.tests.integration.operation.FailureModeErrorsTest
Tests run: 2, Failures: 0, Errors: 0, Skipped: 0, Time elapsed: 0.01 sec
Running dagger.tests.integration.operation.PrimitiveInjectionTest
Tests run: 1, Failures: 0, Errors: 0, Skipped: 0, Time elapsed: 0.006 sec
Running dagger.tests.integration.operation.SimpleInjectionTest
Tests run: 5, Failures: 0, Errors: 0, Skipped: 0, Time elapsed: 0.013 sec
Running dagger.tests.integration.codegen.ModuleAdapterGenerationTest
Tests run: 3, Failures: 0, Errors: 0, Skipped: 0, Time elapsed: 0.178 sec
Running dagger.tests.integration.codegen.InjectAdapterGenerationTest
Tests run: 1, Failures: 0, Errors: 0, Skipped: 0, Time elapsed: 0.068 sec
Running dagger.internal.codegen.GraphVisualizerTest
Tests run: 7, Failures: 0, Errors: 0, Skipped: 0, Time elapsed: 0.012 sec
Running dagger.internal.codegen.DotWriterTest
Tests run: 4, Failures: 0, Errors: 0, Skipped: 0, Time elapsed: 0.003 sec

Results :

Tests run: 51, Failures: 0, Errors: 0, Skipped: 0

[INFO] 
[INFO] --- maven-jar-plugin:2.4:jar (default-jar) @ dagger-compiler ---
[INFO] Building jar: /home/travis/build/square/dagger/compiler/target/dagger-compiler-1.2.3-SNAPSHOT.jar
[INFO] 
[INFO] --- maven-assembly-plugin:2.2-beta-5:single (default) @ dagger-compiler ---
[INFO] META-INF/ already added, skipping
[INFO] META-INF/MANIFEST.MF already added, skipping
[INFO] META-INF/maven/ already added, skipping
[INFO] META-INF/MANIFEST.MF already added, skipping
[INFO] META-INF/ already added, skipping
[INFO] META-INF/maven/ already added, skipping
[INFO] com/ already added, skipping
[INFO] Building jar: /home/travis/build/square/dagger/compiler/target/dagger-compiler-1.2.3-SNAPSHOT-jar-with-dependencies.jar
[INFO] META-INF/ already added, skipping
[INFO] META-INF/MANIFEST.MF already added, skipping
[INFO] META-INF/maven/ already added, skipping
[INFO] META-INF/MANIFEST.MF already added, skipping
[INFO] META-INF/ already added, skipping
[INFO] META-INF/maven/ already added, skipping
[INFO] com/ already added, skipping
[INFO] 
[INFO] --- maven-invoker-plugin:1.7:install (integration-test) @ dagger-compiler ---
[INFO] Installing /home/travis/build/square/dagger/core/pom.xml to /home/travis/build/square/dagger/compiler/target/local-repo/com/squareup/dagger/dagger/1.2.3-SNAPSHOT/dagger-1.2.3-SNAPSHOT.pom
[INFO] Installing /home/travis/build/square/dagger/core/target/dagger-1.2.3-SNAPSHOT.jar to /home/travis/build/square/dagger/compiler/target/local-repo/com/squareup/dagger/dagger/1.2.3-SNAPSHOT/dagger-1.2.3-SNAPSHOT.jar
[INFO] Installing /home/travis/build/square/dagger/core/target/dagger-1.2.3-SNAPSHOT-tests.jar to /home/travis/build/square/dagger/compiler/target/local-repo/com/squareup/dagger/dagger/1.2.3-SNAPSHOT/dagger-1.2.3-SNAPSHOT-tests.jar
[INFO] Installing /home/travis/build/square/dagger/pom.xml to /home/travis/build/square/dagger/compiler/target/local-repo/com/squareup/dagger/dagger-parent/1.2.3-SNAPSHOT/dagger-parent-1.2.3-SNAPSHOT.pom
[INFO] Installing /home/travis/build/square/dagger/compiler/pom.xml to /home/travis/build/square/dagger/compiler/target/local-repo/com/squareup/dagger/dagger-compiler/1.2.3-SNAPSHOT/dagger-compiler-1.2.3-SNAPSHOT.pom
[INFO] Installing /home/travis/build/square/dagger/compiler/target/dagger-compiler-1.2.3-SNAPSHOT.jar to /home/travis/build/square/dagger/compiler/target/local-repo/com/squareup/dagger/dagger-compiler/1.2.3-SNAPSHOT/dagger-compiler-1.2.3-SNAPSHOT.jar
[INFO] Installing /home/travis/build/square/dagger/compiler/target/dagger-compiler-1.2.3-SNAPSHOT-jar-with-dependencies.jar to /home/travis/build/square/dagger/compiler/target/local-repo/com/squareup/dagger/dagger-compiler/1.2.3-SNAPSHOT/dagger-compiler-1.2.3-SNAPSHOT-jar-with-dependencies.jar
[INFO] 
[INFO] --- maven-invoker-plugin:1.7:run (integration-test) @ dagger-compiler ---
[INFO] Building: default-package-injected-type/pom.xml
[INFO] ..SUCCESS (9.6 s)
[INFO] Building: extension-graph-setvalues/pom.xml
[INFO] ..SUCCESS (5.2 s)
[INFO] Building: extension-graph/pom.xml
[INFO] ..SUCCESS (4.9 s)
[INFO] Building: final-field-inject/pom.xml
[INFO] run script verify.bsh
[INFO] ..SUCCESS (4.6 s)
[INFO] Building: include-non-module/pom.xml
[INFO] ..SUCCESS (4.7 s)
[INFO] Building: inject-on-class/pom.xml
[INFO] run script verify.bsh
[INFO] ..SUCCESS (4.4 s)
[INFO] Building: inject-parameterized-type/pom.xml
[INFO] ..SUCCESS (5.1 s)
[INFO] Building: inner-classes-complaint-injection/pom.xml
[INFO] run script verify.bsh
[INFO] ..SUCCESS (4.4 s)
[INFO] Building: method-injection/pom.xml
[INFO] run script verify.bsh
[INFO] ..SUCCESS (4.4 s)
[INFO] Building: missing-at-inject-constructor/pom.xml
[INFO] run script verify.bsh
[INFO] ..SUCCESS (4.8 s)
[INFO] Building: module-type-validation/pom.xml
[INFO] run script verify.bsh
[INFO] ..SUCCESS (4.3 s)
[INFO] Building: multiple-modules-setvalues/pom.xml
[INFO] ..SUCCESS (4.9 s)
[INFO] Building: multiple-provides-methods/pom.xml
[INFO] run script verify.bsh
[INFO] ..SUCCESS (4.8 s)
[INFO] Building: multiple-qualifiers/pom.xml
[INFO] run script verify.bsh
[INFO] ..SUCCESS (4.6 s)
[INFO] Building: private-inject/pom.xml
[INFO] run script verify.bsh
[INFO] ..SUCCESS (4.7 s)
[INFO] Building: provide-provider-or-lazy/pom.xml
[INFO] run script verify.bsh
[INFO] ..SUCCESS (4.4 s)
[INFO] Building: provides-method-not-in-module/pom.xml
[INFO] run script verify.bsh
[INFO] ..SUCCESS (4.3 s)
[INFO] Building: provides-method-with-throws-clause/pom.xml
[INFO] run script verify.bsh
[INFO] ..SUCCESS (4.5 s)
[INFO] Building: qualifiers-on-invalid-elements-errors/pom.xml
[INFO] run script verify.bsh
[INFO] ..SUCCESS (4.5 s)
[INFO] Building: qualifiers-on-invalid-elements-warnings/pom.xml
[INFO] run script verify.bsh
[INFO] ..SUCCESS (4.7 s)
[INFO] Building: same-provides-method-name/pom.xml
[INFO] ..SUCCESS (5.3 s)
[INFO] Building: static-injected-binding-doesnt-fail-providers/pom.xml
[INFO] ..SUCCESS (5.1 s)
[INFO] Building: uninjectable-supertype/pom.xml
[INFO] ..SUCCESS (5.2 s)
[INFO] Building: valid-use-of-qualifiers/pom.xml
[INFO] ..SUCCESS (5.2 s)
[INFO] -------------------------------------------------
[INFO] Build Summary:
[INFO]   Passed: 24, Failed: 0, Errors: 0, Skipped: 0
[INFO] -------------------------------------------------
[INFO]                                                                         
[INFO] ------------------------------------------------------------------------
[INFO] Building Examples 1.2.3-SNAPSHOT
[INFO] ------------------------------------------------------------------------
[INFO] 
[INFO] --- maven-enforcer-plugin:1.0:enforce (enforce-maven) @ dagger-example-parent ---
[INFO] 
[INFO] --- maven-checkstyle-plugin:2.10:checkstyle (default) @ dagger-example-parent ---
[INFO]                                                                         
[INFO] ------------------------------------------------------------------------
[INFO] Building Examples: Simple 1.2.3-SNAPSHOT
[INFO] ------------------------------------------------------------------------
[INFO] 
[INFO] --- maven-enforcer-plugin:1.0:enforce (enforce-maven) @ simple ---
[INFO] 
[INFO] --- maven-resources-plugin:2.6:resources (default-resources) @ simple ---
[INFO] Using 'UTF-8' encoding to copy filtered resources.
[INFO] skip non existing resourceDirectory /home/travis/build/square/dagger/examples/simple/src/main/resources
[INFO] 
[INFO] --- maven-compiler-plugin:3.1:compile (default-compile) @ simple ---
[INFO] Changes detected - recompiling the module!
[INFO] Compiling 8 source files to /home/travis/build/square/dagger/examples/simple/target/classes
[WARNING] bootstrap class path not set in conjunction with -source 1.6
[WARNING] No processor claimed any of these annotations: dagger.Provides,javax.inject.Inject,javax.inject.Singleton,dagger.Module
[INFO] 
[INFO] --- maven-checkstyle-plugin:2.10:checkstyle (default) @ simple ---
[INFO] Starting audit...
Audit done.

[WARNING] Unable to locate Source XRef to link to - DISABLED
[INFO] 
[INFO] --- maven-resources-plugin:2.6:testResources (default-testResources) @ simple ---
[INFO] Using 'UTF-8' encoding to copy filtered resources.
[INFO] skip non existing resourceDirectory /home/travis/build/square/dagger/examples/simple/src/test/resources
[INFO] 
[INFO] --- maven-compiler-plugin:3.1:testCompile (default-testCompile) @ simple ---
[INFO] No sources to compile
[INFO] 
[INFO] --- maven-surefire-plugin:2.12.4:test (default-test) @ simple ---
[INFO] No tests to run.
[INFO] 
[INFO] --- maven-jar-plugin:2.4:jar (default-jar) @ simple ---
[INFO] Building jar: /home/travis/build/square/dagger/examples/simple/target/simple-1.2.3-SNAPSHOT.jar
[INFO]                                                                         
[INFO] ------------------------------------------------------------------------
[INFO] Building Examples: Android - Simple 1.2.3-SNAPSHOT
[INFO] ------------------------------------------------------------------------
[INFO] 
[INFO] --- maven-enforcer-plugin:1.0:enforce (enforce-maven) @ android-simple ---
[INFO] 
[INFO] --- android-maven-plugin:3.8.2:generate-sources (default-generate-sources) @ android-simple ---
[INFO] ANDROID-904-002: Found aidl files: Count = 0
[INFO] ANDROID-904-002: Found aidl files: Count = 0
[INFO] Manifest merging disabled. Using project manifest only
[INFO] /usr/local/android-sdk/build-tools/21.1.1/aapt [package, -f, --no-crunch, -I, /usr/local/android-sdk/platforms/android-16/android.jar, -M, /home/travis/build/square/dagger/examples/android-simple/AndroidManifest.xml, -S, /home/travis/build/square/dagger/examples/android-simple/res, -m, -J, /home/travis/build/square/dagger/examples/android-simple/target/generated-sources/r, --output-text-symbols, /home/travis/build/square/dagger/examples/android-simple/target, --auto-add-overlay]
[INFO] 
[INFO] --- maven-resources-plugin:2.7:resources (default-resources) @ android-simple ---
[INFO] Using 'UTF-8' encoding to copy filtered resources.
[INFO] skip non existing resourceDirectory /home/travis/build/square/dagger/examples/android-simple/src/main/resources
[INFO] skip non existing resourceDirectory /home/travis/build/square/dagger/examples/android-simple/target/generated-sources/extracted-dependencies/src/main/resources
[INFO] 
[INFO] --- android-maven-plugin:3.8.2:consume-aar (default-consume-aar) @ android-simple ---
[INFO] Extracting classes for all aar dependencies
[INFO] 
[INFO] --- maven-compiler-plugin:3.1:compile (default-compile) @ android-simple ---
[INFO] Changes detected - recompiling the module!
[INFO] Compiling 8 source files to /home/travis/build/square/dagger/examples/android-simple/target/classes
[WARNING] bootstrap class path not set in conjunction with -source 1.6
[WARNING] No processor claimed any of these annotations: javax.inject.Qualifier,dagger.Module,dagger.Provides,javax.inject.Inject,javax.inject.Singleton,com.example.dagger.simple.ForApplication
[INFO] 
[INFO] --- maven-checkstyle-plugin:2.10:checkstyle (default) @ android-simple ---
[INFO] Starting audit...
Audit done.

[WARNING] Unable to locate Source XRef to link to - DISABLED
[INFO] 
[INFO] --- android-maven-plugin:3.8.2:proguard (default-proguard) @ android-simple ---
[INFO] 
[INFO] --- maven-resources-plugin:2.7:testResources (default-testResources) @ android-simple ---
[INFO] Using 'UTF-8' encoding to copy filtered resources.
[INFO] skip non existing resourceDirectory /home/travis/build/square/dagger/examples/android-simple/src/test/resources
[INFO] 
[INFO] --- maven-compiler-plugin:3.1:testCompile (default-testCompile) @ android-simple ---
[INFO] No sources to compile
[INFO] 
[INFO] --- maven-surefire-plugin:2.18:test (default-test) @ android-simple ---
[INFO] No tests to run.
[INFO] 
[INFO] --- android-maven-plugin:3.8.2:emma (default-emma) @ android-simple ---
[INFO] 
[INFO] --- android-maven-plugin:3.8.2:dex (default-dex) @ android-simple ---
[INFO] /usr/lib/jvm/java-7-oracle/jre/bin/java [-Xmx1024M, -jar, /usr/local/android-sdk/build-tools/21.1.1/lib/dx.jar, --dex, --output=/home/travis/build/square/dagger/examples/android-simple/target/classes.dex, /home/travis/.m2/repository/com/squareup/javawriter/2.5.0/javawriter-2.5.0.jar, /home/travis/build/square/dagger/compiler/target/dagger-compiler-1.2.3-SNAPSHOT.jar, /home/travis/.m2/repository/javax/inject/javax.inject/1/javax.inject-1.jar, /home/travis/build/square/dagger/examples/android-simple/target/classes, /home/travis/build/square/dagger/core/target/dagger-1.2.3-SNAPSHOT.jar, /home/travis/.m2/repository/com/google/guava/guava/15.0/guava-15.0.jar]
[INFO] 
[INFO] --- maven-jar-plugin:2.5:jar (default-jar) @ android-simple ---
[INFO] Building jar: /home/travis/build/square/dagger/examples/android-simple/target/android-simple-1.2.3-SNAPSHOT.jar
[INFO] 
[INFO] --- android-maven-plugin:3.8.2:apk (default-apk) @ android-simple ---
[INFO] Enabling debug build for apk.
[INFO] /usr/local/android-sdk/build-tools/21.1.1/aapt [package, -f, -M, /home/travis/build/square/dagger/examples/android-simple/AndroidManifest.xml, -S, /home/travis/build/square/dagger/examples/android-simple/res, --auto-add-overlay, -I, /usr/local/android-sdk/platforms/android-16/android.jar, -F, /home/travis/build/square/dagger/examples/android-simple/target/android-simple-1.2.3-SNAPSHOT.ap_, --debug-mode]
[INFO] 
[INFO] --- android-maven-plugin:3.8.2:internal-pre-integration-test (default-internal-pre-integration-test) @ android-simple ---
[INFO] No InstrumentationRunner found - skipping tests
[INFO] 
[INFO] --- android-maven-plugin:3.8.2:internal-integration-test (default-internal-integration-test) @ android-simple ---
[INFO] No InstrumentationRunner found - skipping tests
[INFO]                                                                         
[INFO] ------------------------------------------------------------------------
[INFO] Building Examples: Android - Activity Graphs 1.2.3-SNAPSHOT
[INFO] ------------------------------------------------------------------------
[INFO] 
[INFO] --- maven-enforcer-plugin:1.0:enforce (enforce-maven) @ android-activity-graphs ---
[INFO] 
[INFO] --- android-maven-plugin:3.8.2:generate-sources (default-generate-sources) @ android-activity-graphs ---
[INFO] ANDROID-904-002: Found aidl files: Count = 0
[INFO] ANDROID-904-002: Found aidl files: Count = 0
[INFO] Manifest merging disabled. Using project manifest only
[INFO] /usr/local/android-sdk/build-tools/21.1.1/aapt [package, -f, --no-crunch, -I, /usr/local/android-sdk/platforms/android-16/android.jar, -M, /home/travis/build/square/dagger/examples/android-activity-graphs/AndroidManifest.xml, -S, /home/travis/build/square/dagger/examples/android-activity-graphs/res, -m, -J, /home/travis/build/square/dagger/examples/android-activity-graphs/target/generated-sources/r, --output-text-symbols, /home/travis/build/square/dagger/examples/android-activity-graphs/target, --auto-add-overlay]
[INFO] 
[INFO] --- maven-resources-plugin:2.7:resources (default-resources) @ android-activity-graphs ---
[INFO] Using 'UTF-8' encoding to copy filtered resources.
[INFO] skip non existing resourceDirectory /home/travis/build/square/dagger/examples/android-activity-graphs/src/main/resources
[INFO] skip non existing resourceDirectory /home/travis/build/square/dagger/examples/android-activity-graphs/target/generated-sources/extracted-dependencies/src/main/resources
[INFO] 
[INFO] --- android-maven-plugin:3.8.2:consume-aar (default-consume-aar) @ android-activity-graphs ---
[INFO] Extracting classes for all aar dependencies
[INFO] 
[INFO] --- maven-compiler-plugin:3.1:compile (default-compile) @ android-activity-graphs ---
[INFO] Changes detected - recompiling the module!
[INFO] Compiling 12 source files to /home/travis/build/square/dagger/examples/android-activity-graphs/target/classes
[WARNING] bootstrap class path not set in conjunction with -source 1.6
[WARNING] No processor claimed any of these annotations: com.example.dagger.activitygraphs.ForApplication,javax.inject.Qualifier,dagger.Module,dagger.Provides,com.example.dagger.activitygraphs.ForActivity,javax.inject.Inject,javax.inject.Singleton
[INFO] 
[INFO] --- maven-checkstyle-plugin:2.10:checkstyle (default) @ android-activity-graphs ---
[INFO] Starting audit...
Audit done.

[WARNING] Unable to locate Source XRef to link to - DISABLED
[INFO] 
[INFO] --- android-maven-plugin:3.8.2:proguard (default-proguard) @ android-activity-graphs ---
[INFO] 
[INFO] --- maven-resources-plugin:2.7:testResources (default-testResources) @ android-activity-graphs ---
[INFO] Using 'UTF-8' encoding to copy filtered resources.
[INFO] skip non existing resourceDirectory /home/travis/build/square/dagger/examples/android-activity-graphs/src/test/resources
[INFO] 
[INFO] --- maven-compiler-plugin:3.1:testCompile (default-testCompile) @ android-activity-graphs ---
[INFO] No sources to compile
[INFO] 
[INFO] --- maven-surefire-plugin:2.18:test (default-test) @ android-activity-graphs ---
[INFO] No tests to run.
[INFO] 
[INFO] --- android-maven-plugin:3.8.2:emma (default-emma) @ android-activity-graphs ---
[INFO] 
[INFO] --- android-maven-plugin:3.8.2:dex (default-dex) @ android-activity-graphs ---
[INFO] /usr/lib/jvm/java-7-oracle/jre/bin/java [-Xmx1024M, -jar, /usr/local/android-sdk/build-tools/21.1.1/lib/dx.jar, --dex, --output=/home/travis/build/square/dagger/examples/android-activity-graphs/target/classes.dex, /home/travis/.m2/repository/com/squareup/javawriter/2.5.0/javawriter-2.5.0.jar, /home/travis/.m2/repository/com/google/android/support-v4/r7/support-v4-r7.jar, /home/travis/build/square/dagger/compiler/target/dagger-compiler-1.2.3-SNAPSHOT.jar, /home/travis/.m2/repository/javax/inject/javax.inject/1/javax.inject-1.jar, /home/travis/build/square/dagger/core/target/dagger-1.2.3-SNAPSHOT.jar, /home/travis/build/square/dagger/examples/android-activity-graphs/target/classes, /home/travis/.m2/repository/com/google/guava/guava/15.0/guava-15.0.jar]
[INFO] 
[INFO] --- maven-jar-plugin:2.5:jar (default-jar) @ android-activity-graphs ---
[INFO] Building jar: /home/travis/build/square/dagger/examples/android-activity-graphs/target/android-activity-graphs-1.2.3-SNAPSHOT.jar
[INFO] 
[INFO] --- android-maven-plugin:3.8.2:apk (default-apk) @ android-activity-graphs ---
[INFO] Enabling debug build for apk.
[INFO] /usr/local/android-sdk/build-tools/21.1.1/aapt [package, -f, -M, /home/travis/build/square/dagger/examples/android-activity-graphs/AndroidManifest.xml, -S, /home/travis/build/square/dagger/examples/android-activity-graphs/res, --auto-add-overlay, -I, /usr/local/android-sdk/platforms/android-16/android.jar, -F, /home/travis/build/square/dagger/examples/android-activity-graphs/target/android-activity-graphs-1.2.3-SNAPSHOT.ap_, --debug-mode]
[INFO] 
[INFO] --- android-maven-plugin:3.8.2:internal-pre-integration-test (default-internal-pre-integration-test) @ android-activity-graphs ---
[INFO] No InstrumentationRunner found - skipping tests
[INFO] 
[INFO] --- android-maven-plugin:3.8.2:internal-integration-test (default-internal-integration-test) @ android-activity-graphs ---
[INFO] No InstrumentationRunner found - skipping tests
[INFO] ------------------------------------------------------------------------
[INFO] Reactor Summary:
[INFO] 
[INFO] Dagger (Parent) .................................... SUCCESS [  0.656 s]
[INFO] Dagger ............................................. SUCCESS [  7.808 s]
[INFO] Dagger Compiler .................................... SUCCESS [02:06 min]
[INFO] Examples ........................................... SUCCESS [  0.004 s]
[INFO] Examples: Simple ................................... SUCCESS [  0.384 s]
[INFO] Examples: Android - Simple ......................... SUCCESS [ 12.023 s]
[INFO] Examples: Android - Activity Graphs ................ SUCCESS [ 10.923 s]
[INFO] ------------------------------------------------------------------------
[INFO] BUILD SUCCESS
[INFO] ------------------------------------------------------------------------
[INFO] Total time: 02:39 min
[INFO] Finished at: 2014-12-20T08:10:33+00:00
[INFO] Final Memory: 48M/448M
[INFO] ------------------------------------------------------------------------
travis_time:end:00b8caee:start=1419062872613092972,finish=1419063033677009921,duration=161063916949[0K
[32;1mThe command "mvn verify" exited with 0.[0m
travis_fold:start:cache.2[0Kstore build cache
travis_time:start:0046dd9c[0Kchanges detected, packing new archive
uploading archive
travis_time:end:0046dd9c:start=1419063033681087943,finish=1419063047434110753,duration=13753022810[0Ktravis_fold:end:cache.2[0Ktravis_fold:start:after_success[0Ktravis_time:start:1fdb1230[0K$ .buildscript/deploy_snapshot.sh
Deploying snapshot...
[INFO] Scanning for projects...
[WARNING] 
[WARNING] Some problems were encountered while building the effective model for com.squareup.dagger:dagger:jar:1.2.3-SNAPSHOT
[WARNING] 'build.plugins.plugin.version' for org.apache.maven.plugins:maven-javadoc-plugin is missing. @ com.squareup.dagger:dagger:[unknown-version], /home/travis/build/square/dagger/core/pom.xml, line 68, column 15
[WARNING] 'build.plugins.plugin.version' for org.apache.maven.plugins:maven-jar-plugin is missing. @ com.squareup.dagger:dagger:[unknown-version], /home/travis/build/square/dagger/core/pom.xml, line 74, column 15
[WARNING] 
[WARNING] It is highly recommended to fix these problems because they threaten the stability of your build.
[WARNING] 
[WARNING] For this reason, future Maven versions might no longer support building such malformed projects.
[WARNING] 
[INFO] ------------------------------------------------------------------------
[INFO] Reactor Build Order:
[INFO] 
[INFO] Dagger (Parent)
[INFO] Dagger
[INFO] Dagger Compiler
[INFO] Examples
[INFO] Examples: Simple
[INFO] Examples: Android - Simple
[INFO] Examples: Android - Activity Graphs
Downloading: https://repo.maven.apache.org/maven2/org/apache/maven/plugins/maven-release-plugin/2.4.2/maven-release-plugin-2.4.2.pom
4/12 KB   8/12 KB   8/12 KB   12/12 KB              Downloaded: https://repo.maven.apache.org/maven2/org/apache/maven/plugins/maven-release-plugin/2.4.2/maven-release-plugin-2.4.2.pom (12 KB at 27.1 KB/sec)
Downloading: https://repo.maven.apache.org/maven2/org/apache/maven/release/maven-release/2.4.2/maven-release-2.4.2.pom
4/5 KB     5/5 KB            Downloaded: https://repo.maven.apache.org/maven2/org/apache/maven/release/maven-release/2.4.2/maven-release-2.4.2.pom (5 KB at 213.1 KB/sec)
Downloading: https://repo.maven.apache.org/maven2/org/apache/maven/plugins/maven-release-plugin/2.4.2/maven-release-plugin-2.4.2.jar
4/50 KB   8/50 KB   8/50 KB   12/50 KB   16/50 KB   16/50 KB   20/50 KB   24/50 KB   24/50 KB   28/50 KB   31/50 KB   32/50 KB   36/50 KB   39/50 KB   40/50 KB   44/50 KB   47/50 KB   48/50 KB   50/50 KB              Downloaded: https://repo.maven.apache.org/maven2/org/apache/maven/plugins/maven-release-plugin/2.4.2/maven-release-plugin-2.4.2.jar (50 KB at 1335.2 KB/sec)
Downloading: https://repo.maven.apache.org/maven2/org/apache/maven/plugins/maven-deploy-plugin/2.7/maven-deploy-plugin-2.7.pom
4/6 KB     6/6 KB            Downloaded: https://repo.maven.apache.org/maven2/org/apache/maven/plugins/maven-deploy-plugin/2.7/maven-deploy-plugin-2.7.pom (6 KB at 274.1 KB/sec)
Downloading: https://repo.maven.apache.org/maven2/org/apache/maven/plugins/maven-deploy-plugin/2.7/maven-deploy-plugin-2.7.jar
4/27 KB   8/27 KB   8/27 KB   12/27 KB   16/27 KB   16/27 KB   20/27 KB   24/27 KB   24/27 KB   27/27 KB              Downloaded: https://repo.maven.apache.org/maven2/org/apache/maven/plugins/maven-deploy-plugin/2.7/maven-deploy-plugin-2.7.jar (27 KB at 1139.2 KB/sec)
Downloading: https://repo.maven.apache.org/maven2/org/apache/maven/plugins/maven-site-plugin/3.3/maven-site-plugin-3.3.pom
4/21 KB    8/21 KB   8/21 KB   12/21 KB   16/21 KB   16/21 KB   20/21 KB   21/21 KB              Downloaded: https://repo.maven.apache.org/maven2/org/apache/maven/plugins/maven-site-plugin/3.3/maven-site-plugin-3.3.pom (21 KB at 923.9 KB/sec)
Downloading: https://repo.maven.apache.org/maven2/org/apache/maven/plugins/maven-site-plugin/3.3/maven-site-plugin-3.3.jar
4/122 KB   8/122 KB   8/122 KB   12/122 KB   16/122 KB   16/122 KB   20/122 KB   24/122 KB   24/122 KB   28/122 KB   31/122 KB   32/122 KB   36/122 KB   39/122 KB   40/122 KB   44/122 KB   47/122 KB   48/122 KB   52/122 KB   55/122 KB   56/122 KB   60/122 KB   63/122 KB   64/122 KB   68/122 KB   70/122 KB   72/122 KB   76/122 KB   78/122 KB   80/122 KB   84/122 KB   86/122 KB   88/122 KB   92/122 KB   94/122 KB   96/122 KB   100/122 KB   102/122 KB   104/122 KB   108/122 KB   109/122 KB   112/122 KB   116/122 KB   117/122 KB   120/122 KB   122/122 KB                Downloaded: https://repo.maven.apache.org/maven2/org/apache/maven/plugins/maven-site-plugin/3.3/maven-site-plugin-3.3.jar (122 KB at 3036.1 KB/sec)
Downloading: https://repo.maven.apache.org/maven2/org/apache/maven/plugins/maven-antrun-plugin/1.3/maven-antrun-plugin-1.3.pom
4/5 KB       5/5 KB            Downloaded: https://repo.maven.apache.org/maven2/org/apache/maven/plugins/maven-antrun-plugin/1.3/maven-antrun-plugin-1.3.pom (5 KB at 210.0 KB/sec)
Downloading: https://repo.maven.apache.org/maven2/org/apache/maven/plugins/maven-plugins/12/maven-plugins-12.pom
4/12 KB   8/12 KB   8/12 KB   12/12 KB              Downloaded: https://repo.maven.apache.org/maven2/org/apache/maven/plugins/maven-plugins/12/maven-plugins-12.pom (12 KB at 546.3 KB/sec)
Downloading: https://repo.maven.apache.org/maven2/org/apache/maven/plugins/maven-antrun-plugin/1.3/maven-antrun-plugin-1.3.jar
4/24 KB    8/24 KB   8/24 KB   12/24 KB   16/24 KB   16/24 KB   20/24 KB   24/24 KB   24/24 KB              Downloaded: https://repo.maven.apache.org/maven2/org/apache/maven/plugins/maven-antrun-plugin/1.3/maven-antrun-plugin-1.3.jar (24 KB at 1000.9 KB/sec)
Downloading: https://repo.maven.apache.org/maven2/org/apache/maven/plugins/maven-dependency-plugin/2.8/maven-dependency-plugin-2.8.pom
4/12 KB    8/12 KB   8/12 KB   12/12 KB              Downloaded: https://repo.maven.apache.org/maven2/org/apache/maven/plugins/maven-dependency-plugin/2.8/maven-dependency-plugin-2.8.pom (12 KB at 508.4 KB/sec)
Downloading: https://repo.maven.apache.org/maven2/org/apache/maven/plugins/maven-dependency-plugin/2.8/maven-dependency-plugin-2.8.jar
4/150 KB   8/150 KB   8/150 KB   12/150 KB   16/150 KB   16/150 KB   20/150 KB   24/150 KB   24/150 KB   28/150 KB   31/150 KB   32/150 KB   36/150 KB   39/150 KB   40/150 KB   44/150 KB   47/150 KB   48/150 KB   52/150 KB   55/150 KB   56/150 KB   60/150 KB   63/150 KB   64/150 KB   68/150 KB   70/150 KB   72/150 KB   76/150 KB   78/150 KB   80/150 KB   84/150 KB   86/150 KB   88/150 KB   92/150 KB   94/150 KB   96/150 KB   100/150 KB   102/150 KB   104/150 KB   108/150 KB   109/150 KB   112/150 KB   116/150 KB   117/150 KB   120/150 KB   124/150 KB   125/150 KB   128/150 KB   132/150 KB   133/150 KB   136/150 KB   140/150 KB   141/150 KB   144/150 KB   148/150 KB   149/150 KB   150/150 KB                Downloaded: https://repo.maven.apache.org/maven2/org/apache/maven/plugins/maven-dependency-plugin/2.8/maven-dependency-plugin-2.8.jar (150 KB at 3561.8 KB/sec)
Downloading: https://repo.maven.apache.org/maven2/org/apache/maven/plugins/maven-release-plugin/2.1/maven-release-plugin-2.1.pom
4/9 KB       8/9 KB   8/9 KB   9/9 KB            Downloaded: https://repo.maven.apache.org/maven2/org/apache/maven/plugins/maven-release-plugin/2.1/maven-release-plugin-2.1.pom (9 KB at 382.3 KB/sec)
Downloading: https://repo.maven.apache.org/maven2/org/apache/maven/release/maven-release/2.1/maven-release-2.1.pom
4/7 KB   7/7 KB            Downloaded: https://repo.maven.apache.org/maven2/org/apache/maven/release/maven-release/2.1/maven-release-2.1.pom (7 KB at 328.8 KB/sec)
Downloading: https://repo.maven.apache.org/maven2/org/apache/maven/plugins/maven-release-plugin/2.1/maven-release-plugin-2.1.jar
4/40 KB   8/40 KB   8/40 KB   12/40 KB   16/40 KB   16/40 KB   20/40 KB   24/40 KB   24/40 KB   28/40 KB   31/40 KB   32/40 KB   36/40 KB   39/40 KB   40/40 KB              Downloaded: https://repo.maven.apache.org/maven2/org/apache/maven/plugins/maven-release-plugin/2.1/maven-release-plugin-2.1.jar (40 KB at 1568.8 KB/sec)
Downloading: https://repo.maven.apache.org/maven2/org/codehaus/mojo/maven-metadata.xml
Downloading: https://repo.maven.apache.org/maven2/org/apache/maven/plugins/maven-metadata.xml
4/20 KB    8/20 KB   8/20 KB   12/20 KB   16/20 KB   16/20 KB   20/20 KB              Downloaded: https://repo.maven.apache.org/maven2/org/codehaus/mojo/maven-metadata.xml (20 KB at 900.1 KB/sec)
4/13 KB    8/13 KB   8/13 KB   12/13 KB   13/13 KB              Downloaded: https://repo.maven.apache.org/maven2/org/apache/maven/plugins/maven-metadata.xml (13 KB at 293.2 KB/sec)
Downloading: https://repo.maven.apache.org/maven2/org/apache/maven/plugins/maven-source-plugin/maven-metadata.xml
746/746 B               Downloaded: https://repo.maven.apache.org/maven2/org/apache/maven/plugins/maven-source-plugin/maven-metadata.xml (746 B at 38.3 KB/sec)
Downloading: https://repo.maven.apache.org/maven2/org/apache/maven/plugins/maven-source-plugin/2.4/maven-source-plugin-2.4.pom
4/7 KB      7/7 KB            Downloaded: https://repo.maven.apache.org/maven2/org/apache/maven/plugins/maven-source-plugin/2.4/maven-source-plugin-2.4.pom (7 KB at 341.5 KB/sec)
Downloading: https://repo.maven.apache.org/maven2/org/apache/maven/plugins/maven-source-plugin/2.4/maven-source-plugin-2.4.jar
4/31 KB   8/31 KB   8/31 KB   12/31 KB   16/31 KB   16/31 KB   20/31 KB   24/31 KB   24/31 KB   28/31 KB   31/31 KB              Downloaded: https://repo.maven.apache.org/maven2/org/apache/maven/plugins/maven-source-plugin/2.4/maven-source-plugin-2.4.jar (31 KB at 1096.0 KB/sec)
[INFO]                                                                         
[INFO] ------------------------------------------------------------------------
[INFO] Building Dagger (Parent) 1.2.3-SNAPSHOT
[INFO] ------------------------------------------------------------------------
[INFO] 
[INFO] --- maven-clean-plugin:2.5:clean (default-clean) @ dagger-parent ---
[INFO] 
[INFO] >>> maven-source-plugin:2.4:jar (default-cli) > generate-sources @ dagger-parent >>>
[INFO] 
[INFO] --- maven-enforcer-plugin:1.0:enforce (enforce-maven) @ dagger-parent ---
[INFO] 
[INFO] <<< maven-source-plugin:2.4:jar (default-cli) < generate-sources @ dagger-parent <<<
[INFO] 
[INFO] --- maven-source-plugin:2.4:jar (default-cli) @ dagger-parent ---
Downloading: https://repo.maven.apache.org/maven2/org/codehaus/plexus/plexus-archiver/2.6.3/plexus-archiver-2.6.3.pom
4/4 KB              Downloaded: https://repo.maven.apache.org/maven2/org/codehaus/plexus/plexus-archiver/2.6.3/plexus-archiver-2.6.3.pom (4 KB at 158.2 KB/sec)
Downloading: https://repo.maven.apache.org/maven2/org/codehaus/plexus/plexus-utils/3.0.18/plexus-utils-3.0.18.pom
4/4 KB            Downloaded: https://repo.maven.apache.org/maven2/org/codehaus/plexus/plexus-utils/3.0.18/plexus-utils-3.0.18.pom (4 KB at 165.8 KB/sec)
Downloading: https://repo.maven.apache.org/maven2/org/codehaus/plexus/plexus-io/2.1.3/plexus-io-2.1.3.pom
3/3 KB            Downloaded: https://repo.maven.apache.org/maven2/org/codehaus/plexus/plexus-io/2.1.3/plexus-io-2.1.3.pom (3 KB at 109.6 KB/sec)
Downloading: https://repo.maven.apache.org/maven2/org/apache/commons/commons-compress/1.8.1/commons-compress-1.8.1.pom
4/12 KB   8/12 KB   8/12 KB   12/12 KB              Downloaded: https://repo.maven.apache.org/maven2/org/apache/commons/commons-compress/1.8.1/commons-compress-1.8.1.pom (12 KB at 531.6 KB/sec)
Downloading: https://repo.maven.apache.org/maven2/org/apache/commons/commons-parent/33/commons-parent-33.pom
4/52 KB    8/52 KB   8/52 KB   12/52 KB   16/52 KB   16/52 KB   20/52 KB   24/52 KB   24/52 KB   28/52 KB   31/52 KB   32/52 KB   36/52 KB   39/52 KB   40/52 KB   44/52 KB   47/52 KB   48/52 KB   52/52 KB              Downloaded: https://repo.maven.apache.org/maven2/org/apache/commons/commons-parent/33/commons-parent-33.pom (52 KB at 1728.1 KB/sec)
Downloading: https://repo.maven.apache.org/maven2/org/codehaus/plexus/plexus-archiver/2.6.3/plexus-archiver-2.6.3.jar
Downloading: https://repo.maven.apache.org/maven2/org/codehaus/plexus/plexus-io/2.1.3/plexus-io-2.1.3.jar
Downloading: https://repo.maven.apache.org/maven2/org/apache/commons/commons-compress/1.8.1/commons-compress-1.8.1.jar
Downloading: https://repo.maven.apache.org/maven2/org/codehaus/plexus/plexus-utils/3.0.18/plexus-utils-3.0.18.jar
4/129 KB   4/129 KB   4/65 KB   8/129 KB   4/65 KB   8/129 KB   8/65 KB   8/129 KB   8/65 KB   8/129 KB   8/65 KB   8/129 KB   12/65 KB   8/129 KB   16/65 KB   8/129 KB   16/65 KB   8/129 KB   20/65 KB   8/129 KB   24/65 KB   8/129 KB   24/65 KB   8/129 KB   28/65 KB   8/129 KB   31/65 KB   8/129 KB   32/65 KB   8/129 KB   36/65 KB   8/129 KB   39/65 KB   8/129 KB   40/65 KB   8/129 KB   44/65 KB   8/129 KB   47/65 KB   8/129 KB   48/65 KB   8/129 KB   52/65 KB   8/129 KB   55/65 KB   8/129 KB   56/65 KB   8/129 KB   60/65 KB   8/129 KB   63/65 KB   8/129 KB   64/65 KB   8/129 KB   65/65 KB   12/129 KB   65/65 KB   16/129 KB   65/65 KB   16/129 KB   65/65 KB   20/129 KB   65/65 KB   24/129 KB   65/65 KB   24/129 KB   65/65 KB   28/129 KB   65/65 KB   31/129 KB   65/65 KB   32/129 KB   65/65 KB   36/129 KB   65/65 KB   39/129 KB   65/65 KB   40/129 KB   65/65 KB                          Downloaded: https://repo.maven.apache.org/maven2/org/codehaus/plexus/plexus-io/2.1.3/plexus-io-2.1.3.jar (65 KB at 1854.0 KB/sec)
44/129 KB              47/129 KB   48/129 KB   52/129 KB   55/129 KB   56/129 KB   60/129 KB   63/129 KB   64/129 KB   68/129 KB   70/129 KB   72/129 KB   72/129 KB   4/238 KB   72/129 KB   8/238 KB   72/129 KB   8/238 KB   4/357 KB   72/129 KB   8/238 KB   8/357 KB   72/129 KB   8/238 KB   8/357 KB   72/129 KB   8/238 KB   8/357 KB   76/129 KB   8/238 KB   8/357 KB   78/129 KB   8/238 KB   8/357 KB   80/129 KB   8/238 KB   8/357 KB   84/129 KB   8/238 KB   8/357 KB   86/129 KB   8/238 KB   8/357 KB   88/129 KB   8/238 KB   8/357 KB   92/129 KB   8/238 KB   8/357 KB   94/129 KB   8/238 KB   8/357 KB   96/129 KB   8/238 KB   8/357 KB   100/129 KB   8/238 KB   8/357 KB   102/129 KB   8/238 KB   8/357 KB   104/129 KB   8/238 KB   8/357 KB   108/129 KB   8/238 KB   8/357 KB   109/129 KB   8/238 KB   8/357 KB   112/129 KB   8/238 KB   8/357 KB   116/129 KB   8/238 KB   8/357 KB   117/129 KB   8/238 KB   8/357 KB   117/129 KB   12/238 KB   8/357 KB   117/129 KB   16/238 KB   8/357 KB   117/129 KB   16/238 KB   8/357 KB   117/129 KB   20/238 KB   8/357 KB   117/129 KB   24/238 KB   8/357 KB   117/129 KB   24/238 KB   8/357 KB   117/129 KB   28/238 KB   8/357 KB   117/129 KB   31/238 KB   8/357 KB   117/129 KB   32/238 KB   12/357 KB   117/129 KB   32/238 KB   16/357 KB   117/129 KB   32/238 KB   16/357 KB   117/129 KB   32/238 KB   20/357 KB   117/129 KB   32/238 KB   24/357 KB   117/129 KB   32/238 KB   24/357 KB   117/129 KB   32/238 KB   28/357 KB   117/129 KB   32/238 KB   31/357 KB   117/129 KB   32/238 KB   32/357 KB   117/129 KB   32/238 KB   32/357 KB   120/129 KB   32/238 KB   32/357 KB   124/129 KB   32/238 KB   32/357 KB   125/129 KB   32/238 KB   32/357 KB   128/129 KB   32/238 KB   32/357 KB   129/129 KB   32/238 KB   32/357 KB   129/129 KB   36/238 KB   32/357 KB   129/129 KB   39/238 KB   32/357 KB   129/129 KB   40/238 KB   32/357 KB   129/129 KB   44/238 KB   32/357 KB   129/129 KB   47/238 KB   32/357 KB   129/129 KB   48/238 KB   32/357 KB   129/129 KB   52/238 KB   32/357 KB   129/129 KB   55/238 KB   32/357 KB   129/129 KB   56/238 KB   32/357 KB   129/129 KB   60/238 KB   32/357 KB   129/129 KB   63/238 KB   36/357 KB   129/129 KB   63/238 KB   39/357 KB   129/129 KB   63/238 KB   40/357 KB   129/129 KB   63/238 KB   44/357 KB   129/129 KB   63/238 KB   47/357 KB   129/129 KB   63/238 KB   48/357 KB   129/129 KB   63/238 KB   52/357 KB   129/129 KB   63/238 KB   55/357 KB   129/129 KB   63/238 KB   56/357 KB   129/129 KB   63/238 KB   60/357 KB   129/129 KB   63/238 KB   63/357 KB   129/129 KB   63/238 KB   63/357 KB   129/129 KB   64/238 KB   63/357 KB   129/129 KB   68/238 KB   63/357 KB   129/129 KB   70/238 KB   63/357 KB   129/129 KB   72/238 KB   63/357 KB   129/129 KB   76/238 KB   63/357 KB   129/129 KB   78/238 KB   63/357 KB   129/129 KB   80/238 KB   63/357 KB   129/129 KB   84/238 KB   63/357 KB   129/129 KB   86/238 KB                                        Downloaded: https://repo.maven.apache.org/maven2/org/codehaus/plexus/plexus-archiver/2.6.3/plexus-archiver-2.6.3.jar (129 KB at 2068.9 KB/sec)
64/357 KB   86/238 KB                68/357 KB   86/238 KB   70/357 KB   86/238 KB   72/357 KB   86/238 KB   76/357 KB   86/238 KB   78/357 KB   86/238 KB   80/357 KB   86/238 KB   84/357 KB   86/238 KB   86/357 KB   86/238 KB   88/357 KB   86/238 KB   92/357 KB   86/238 KB   94/357 KB   86/238 KB   96/357 KB   86/238 KB   100/357 KB   86/238 KB   102/357 KB   86/238 KB   104/357 KB   86/238 KB   104/357 KB   88/238 KB   104/357 KB   92/238 KB   104/357 KB   94/238 KB   104/357 KB   96/238 KB   104/357 KB   100/238 KB   104/357 KB   102/238 KB   104/357 KB   104/238 KB   104/357 KB   108/238 KB   104/357 KB   109/238 KB   104/357 KB   112/238 KB   104/357 KB   116/238 KB   104/357 KB   117/238 KB   104/357 KB   120/238 KB   104/357 KB   124/238 KB   104/357 KB   125/238 KB   104/357 KB   128/238 KB   104/357 KB   132/238 KB   104/357 KB   133/238 KB   104/357 KB   136/238 KB   108/357 KB   136/238 KB   109/357 KB   136/238 KB   112/357 KB   136/238 KB   116/357 KB   136/238 KB   117/357 KB   136/238 KB   120/357 KB   136/238 KB   124/357 KB   136/238 KB   125/357 KB   136/238 KB   128/357 KB   136/238 KB   132/357 KB   136/238 KB   133/357 KB   136/238 KB   136/357 KB   136/238 KB   140/357 KB   136/238 KB   141/357 KB   136/238 KB   144/357 KB   136/238 KB   148/357 KB   136/238 KB   149/357 KB   136/238 KB   152/357 KB   136/238 KB   152/357 KB   140/238 KB   152/357 KB   141/238 KB   152/357 KB   144/238 KB   152/357 KB   148/238 KB   152/357 KB   149/238 KB   152/357 KB   152/238 KB   152/357 KB   156/238 KB   152/357 KB   160/238 KB   152/357 KB   160/238 KB   152/357 KB   164/238 KB   152/357 KB   168/238 KB   152/357 KB   168/238 KB   152/357 KB   172/238 KB   152/357 KB   176/238 KB   152/357 KB   176/238 KB   152/357 KB   180/238 KB   152/357 KB   184/238 KB   152/357 KB   184/238 KB   152/357 KB   188/238 KB   152/357 KB   192/238 KB   152/357 KB   192/238 KB   152/357 KB   195/238 KB   152/357 KB   199/238 KB   152/357 KB   200/238 KB   152/357 KB   203/238 KB   152/357 KB   207/238 KB   152/357 KB   208/238 KB   152/357 KB   211/238 KB   152/357 KB   215/238 KB   152/357 KB   216/238 KB   152/357 KB   219/238 KB   152/357 KB   223/238 KB   152/357 KB   224/238 KB   152/357 KB   227/238 KB   152/357 KB   231/238 KB   152/357 KB   232/238 KB   152/357 KB   234/238 KB   152/357 KB   238/238 KB   156/357 KB   238/238 KB   160/357 KB   238/238 KB   160/357 KB   238/238 KB   164/357 KB   238/238 KB   168/357 KB   238/238 KB   168/357 KB   238/238 KB   172/357 KB   238/238 KB   176/357 KB   238/238 KB   176/357 KB   238/238 KB   180/357 KB   238/238 KB   184/357 KB   238/238 KB   184/357 KB   238/238 KB   188/357 KB   238/238 KB   192/357 KB   238/238 KB   192/357 KB   238/238 KB   195/357 KB   238/238 KB   199/357 KB   238/238 KB   200/357 KB   238/238 KB   203/357 KB   238/238 KB   207/357 KB   238/238 KB   208/357 KB   238/238 KB   211/357 KB   238/238 KB   215/357 KB   238/238 KB   216/357 KB   238/238 KB   219/357 KB   238/238 KB   223/357 KB   238/238 KB   224/357 KB   238/238 KB   227/357 KB   238/238 KB   231/357 KB   238/238 KB   232/357 KB   238/238 KB   234/357 KB   238/238 KB   238/357 KB   238/238 KB   240/357 KB   238/238 KB   242/357 KB   238/238 KB   246/357 KB   238/238 KB   248/357 KB   238/238 KB   250/357 KB   238/238 KB   254/357 KB   238/238 KB   256/357 KB   238/238 KB   258/357 KB   238/238 KB   262/357 KB   238/238 KB   264/357 KB   238/238 KB   266/357 KB   238/238 KB   270/357 KB   238/238 KB   272/357 KB   238/238 KB   274/357 KB   238/238 KB   278/357 KB   238/238 KB   280/357 KB   238/238 KB   281/357 KB   238/238 KB   285/357 KB   238/238 KB   288/357 KB   238/238 KB   289/357 KB   238/238 KB   293/357 KB   238/238 KB   296/357 KB   238/238 KB                             297/357 KB                Downloaded: https://repo.maven.apache.org/maven2/org/codehaus/plexus/plexus-utils/3.0.18/plexus-utils-3.0.18.jar (238 KB at 3081.9 KB/sec)
301/357 KB   304/357 KB   305/357 KB   309/357 KB   312/357 KB   313/357 KB   317/357 KB   320/357 KB   320/357 KB   324/357 KB   328/357 KB   328/357 KB   332/357 KB   336/357 KB   336/357 KB   340/357 KB   344/357 KB   344/357 KB   348/357 KB   352/357 KB   352/357 KB   356/357 KB   357/357 KB                Downloaded: https://repo.maven.apache.org/maven2/org/apache/commons/commons-compress/1.8.1/commons-compress-1.8.1.jar (357 KB at 4011.1 KB/sec)
[INFO] 
[INFO] --- maven-javadoc-plugin:2.10.1:jar (default-cli) @ dagger-parent ---
Downloading: https://repo.maven.apache.org/maven2/org/apache/maven/shared/maven-invoker/2.0.9/maven-invoker-2.0.9.pom
4/6 KB       6/6 KB            Downloaded: https://repo.maven.apache.org/maven2/org/apache/maven/shared/maven-invoker/2.0.9/maven-invoker-2.0.9.pom (6 KB at 115.1 KB/sec)
Downloading: https://repo.maven.apache.org/maven2/org/apache/maven/maven-plugin-api/2.0.8/maven-plugin-api-2.0.8.pom
2/2 KB            Downloaded: https://repo.maven.apache.org/maven2/org/apache/maven/maven-plugin-api/2.0.8/maven-plugin-api-2.0.8.pom (2 KB at 72.9 KB/sec)
Downloading: https://repo.maven.apache.org/maven2/org/apache/maven/doxia/doxia-site-renderer/1.0/doxia-site-renderer-1.0.pom
4/5 KB   5/5 KB            Downloaded: https://repo.maven.apache.org/maven2/org/apache/maven/doxia/doxia-site-renderer/1.0/doxia-site-renderer-1.0.pom (5 KB at 105.4 KB/sec)
Downloading: https://repo.maven.apache.org/maven2/org/apache/maven/doxia/doxia-sitetools/1.0/doxia-sitetools-1.0.pom
4/10 KB   8/10 KB   8/10 KB   10/10 KB              Downloaded: https://repo.maven.apache.org/maven2/org/apache/maven/doxia/doxia-sitetools/1.0/doxia-sitetools-1.0.pom (10 KB at 468.1 KB/sec)
Downloading: https://repo.maven.apache.org/maven2/org/apache/maven/doxia/doxia-core/1.0/doxia-core-1.0.pom
3/3 KB              Downloaded: https://repo.maven.apache.org/maven2/org/apache/maven/doxia/doxia-core/1.0/doxia-core-1.0.pom (3 KB at 123.1 KB/sec)
Downloading: https://repo.maven.apache.org/maven2/org/codehaus/plexus/plexus-utils/1.5.7/plexus-utils-1.5.7.pom
4/8 KB   8/8 KB   8/8 KB            Downloaded: https://repo.maven.apache.org/maven2/org/codehaus/plexus/plexus-utils/1.5.7/plexus-utils-1.5.7.pom (8 KB at 414.4 KB/sec)
Downloading: https://repo.maven.apache.org/maven2/org/apache/maven/doxia/doxia-decoration-model/1.0/doxia-decoration-model-1.0.pom
4/4 KB            Downloaded: https://repo.maven.apache.org/maven2/org/apache/maven/doxia/doxia-decoration-model/1.0/doxia-decoration-model-1.0.pom (4 KB at 162.1 KB/sec)
Downloading: https://repo.maven.apache.org/maven2/org/apache/maven/doxia/doxia-module-apt/1.0/doxia-module-apt-1.0.pom
3/3 KB            Downloaded: https://repo.maven.apache.org/maven2/org/apache/maven/doxia/doxia-module-apt/1.0/doxia-module-apt-1.0.pom (3 KB at 115.8 KB/sec)
Downloading: https://repo.maven.apache.org/maven2/org/apache/maven/doxia/doxia-modules/1.0/doxia-modules-1.0.pom
3/3 KB            Downloaded: https://repo.maven.apache.org/maven2/org/apache/maven/doxia/doxia-modules/1.0/doxia-modules-1.0.pom (3 KB at 123.0 KB/sec)
Downloading: https://repo.maven.apache.org/maven2/org/apache/maven/doxia/doxia-module-fml/1.0/doxia-module-fml-1.0.pom
3/3 KB            Downloaded: https://repo.maven.apache.org/maven2/org/apache/maven/doxia/doxia-module-fml/1.0/doxia-module-fml-1.0.pom (3 KB at 131.4 KB/sec)
Downloading: https://repo.maven.apache.org/maven2/org/apache/maven/doxia/doxia-module-xdoc/1.0/doxia-module-xdoc-1.0.pom
3/3 KB            Downloaded: https://repo.maven.apache.org/maven2/org/apache/maven/doxia/doxia-module-xdoc/1.0/doxia-module-xdoc-1.0.pom (3 KB at 115.2 KB/sec)
Downloading: https://repo.maven.apache.org/maven2/org/apache/maven/doxia/doxia-module-xhtml/1.0/doxia-module-xhtml-1.0.pom
2/2 KB            Downloaded: https://repo.maven.apache.org/maven2/org/apache/maven/doxia/doxia-module-xhtml/1.0/doxia-module-xhtml-1.0.pom (2 KB at 82.2 KB/sec)
Downloading: https://repo.maven.apache.org/maven2/org/apache/maven/wagon/wagon-provider-api/1.0-beta-6/wagon-provider-api-1.0-beta-6.pom
2/2 KB            Downloaded: https://repo.maven.apache.org/maven2/org/apache/maven/wagon/wagon-provider-api/1.0-beta-6/wagon-provider-api-1.0-beta-6.pom (2 KB at 90.5 KB/sec)
Downloading: https://repo.maven.apache.org/maven2/org/apache/maven/wagon/wagon/1.0-beta-6/wagon-1.0-beta-6.pom
4/13 KB   8/13 KB   8/13 KB   12/13 KB   13/13 KB              Downloaded: https://repo.maven.apache.org/maven2/org/apache/maven/wagon/wagon/1.0-beta-6/wagon-1.0-beta-6.pom (13 KB at 636.6 KB/sec)
Downloading: https://repo.maven.apache.org/maven2/commons-io/commons-io/2.2/commons-io-2.2.pom
4/11 KB    8/11 KB   8/11 KB   11/11 KB              Downloaded: https://repo.maven.apache.org/maven2/commons-io/commons-io/2.2/commons-io-2.2.pom (11 KB at 567.1 KB/sec)
Downloading: https://repo.maven.apache.org/maven2/org/apache/commons/commons-parent/24/commons-parent-24.pom
4/47 KB    8/47 KB   8/47 KB   12/47 KB   16/47 KB   16/47 KB   20/47 KB   24/47 KB   24/47 KB   28/47 KB   31/47 KB   32/47 KB   36/47 KB   39/47 KB   40/47 KB   44/47 KB   47/47 KB              Downloaded: https://repo.maven.apache.org/maven2/org/apache/commons/commons-parent/24/commons-parent-24.pom (47 KB at 2198.0 KB/sec)
Downloading: https://repo.maven.apache.org/maven2/org/apache/httpcomponents/httpclient/4.2.3/httpclient-4.2.3.pom
4/6 KB     6/6 KB            Downloaded: https://repo.maven.apache.org/maven2/org/apache/httpcomponents/httpclient/4.2.3/httpclient-4.2.3.pom (6 KB at 288.6 KB/sec)
Downloading: https://repo.maven.apache.org/maven2/org/apache/httpcomponents/httpcomponents-client/4.2.3/httpcomponents-client-4.2.3.pom
4/15 KB   8/15 KB   8/15 KB   12/15 KB   15/15 KB              Downloaded: https://repo.maven.apache.org/maven2/org/apache/httpcomponents/httpcomponents-client/4.2.3/httpcomponents-client-4.2.3.pom (15 KB at 548.5 KB/sec)
Downloading: https://repo.maven.apache.org/maven2/org/apache/httpcomponents/project/6/project-6.pom
4/24 KB    8/24 KB   8/24 KB   12/24 KB   16/24 KB   16/24 KB   20/24 KB   24/24 KB   24/24 KB              Downloaded: https://repo.maven.apache.org/maven2/org/apache/httpcomponents/project/6/project-6.pom (24 KB at 937.0 KB/sec)
Downloading: https://repo.maven.apache.org/maven2/org/apache/httpcomponents/httpcore/4.2.2/httpcore-4.2.2.pom
4/6 KB     6/6 KB            Downloaded: https://repo.maven.apache.org/maven2/org/apache/httpcomponents/httpcore/4.2.2/httpcore-4.2.2.pom (6 KB at 277.5 KB/sec)
Downloading: https://repo.maven.apache.org/maven2/org/apache/httpcomponents/httpcomponents-core/4.2.2/httpcomponents-core-4.2.2.pom
4/12 KB   8/12 KB   8/12 KB   12/12 KB              Downloaded: https://repo.maven.apache.org/maven2/org/apache/httpcomponents/httpcomponents-core/4.2.2/httpcomponents-core-4.2.2.pom (12 KB at 415.0 KB/sec)
Downloading: https://repo.maven.apache.org/maven2/log4j/log4j/1.2.14/log4j-1.2.14.pom
3/3 KB              Downloaded: https://repo.maven.apache.org/maven2/log4j/log4j/1.2.14/log4j-1.2.14.pom (3 KB at 122.0 KB/sec)
Downloading: https://repo.maven.apache.org/maven2/com/thoughtworks/qdox/qdox/1.12.1/qdox-1.12.1.pom
4/18 KB   8/18 KB   8/18 KB   12/18 KB   16/18 KB   16/18 KB   18/18 KB              Downloaded: https://repo.maven.apache.org/maven2/com/thoughtworks/qdox/qdox/1.12.1/qdox-1.12.1.pom (18 KB at 859.3 KB/sec)
Downloading: https://repo.maven.apache.org/maven2/org/codehaus/codehaus-parent/4/codehaus-parent-4.pom
4/5 KB     5/5 KB            Downloaded: https://repo.maven.apache.org/maven2/org/codehaus/codehaus-parent/4/codehaus-parent-4.pom (5 KB at 235.4 KB/sec)
Downloading: https://repo.maven.apache.org/maven2/org/codehaus/plexus/plexus-archiver/2.5/plexus-archiver-2.5.pom
4/4 KB            Downloaded: https://repo.maven.apache.org/maven2/org/codehaus/plexus/plexus-archiver/2.5/plexus-archiver-2.5.pom (4 KB at 172.3 KB/sec)
Downloading: https://repo.maven.apache.org/maven2/org/codehaus/plexus/plexus-io/2.0.12/plexus-io-2.0.12.pom
3/3 KB            Downloaded: https://repo.maven.apache.org/maven2/org/codehaus/plexus/plexus-io/2.0.12/plexus-io-2.0.12.pom (3 KB at 109.7 KB/sec)
Downloading: https://repo.maven.apache.org/maven2/org/apache/maven/shared/maven-invoker/2.0.9/maven-invoker-2.0.9.jar
Downloading: https://repo.maven.apache.org/maven2/org/apache/maven/doxia/doxia-sink-api/1.0/doxia-sink-api-1.0.jar
Downloading: https://repo.maven.apache.org/maven2/org/apache/maven/doxia/doxia-site-renderer/1.0/doxia-site-renderer-1.0.jar
Downloading: https://repo.maven.apache.org/maven2/org/apache/maven/doxia/doxia-core/1.0/doxia-core-1.0.jar
Downloading: https://repo.maven.apache.org/maven2/org/apache/maven/doxia/doxia-decoration-model/1.0/doxia-decoration-model-1.0.jar
4/28 KB   4/46 KB   4/10 KB   4/28 KB   8/46 KB   4/10 KB   4/28 KB   8/46 KB   4/10 KB   4/28 KB   12/46 KB   4/10 KB   4/28 KB   16/46 KB   4/10 KB   4/28 KB   16/46 KB   4/10 KB   4/28 KB   20/46 KB   4/10 KB   4/28 KB   24/46 KB   4/10 KB   4/28 KB   24/46 KB   4/10 KB   4/28 KB   28/46 KB   4/10 KB   4/28 KB   31/46 KB   4/10 KB   4/28 KB   32/46 KB   4/10 KB   4/28 KB   36/46 KB   4/10 KB   4/28 KB   39/46 KB   4/10 KB   4/28 KB   40/46 KB   4/10 KB   4/28 KB   4/10 KB   4/28 KB   4/28 KB   40/46 KB   8/10 KB   8/28 KB   40/46 KB   8/10 KB   8/28 KB   40/46 KB   8/10 KB   8/28 KB   40/46 KB   10/10 KB   8/28 KB   40/46 KB   10/10 KB   12/28 KB   40/46 KB   10/10 KB   16/28 KB   40/46 KB   10/10 KB   16/28 KB   40/46 KB   10/10 KB   20/28 KB   40/46 KB   10/10 KB   24/28 KB   40/46 KB   10/10 KB   24/28 KB   40/46 KB   10/10 KB   28/28 KB   40/46 KB   10/10 KB   28/28 KB   44/46 KB   10/10 KB   28/28 KB   46/46 KB   10/10 KB                                    Downloaded: https://repo.maven.apache.org/maven2/org/apache/maven/doxia/doxia-sink-api/1.0/doxia-sink-api-1.0.jar (10 KB at 258.9 KB/sec)
Downloading: https://repo.maven.apache.org/maven2/org/apache/maven/doxia/doxia-module-apt/1.0/doxia-module-apt-1.0.jar
28/28 KB   4/54 KB   46/46 KB    28/28 KB   8/54 KB   46/46 KB   28/28 KB   8/54 KB   46/46 KB                                   Downloaded: https://repo.maven.apache.org/maven2/org/apache/maven/shared/maven-invoker/2.0.9/maven-invoker-2.0.9.jar (28 KB at 657.6 KB/sec)
Downloading: https://repo.maven.apache.org/maven2/org/apache/maven/doxia/doxia-module-fml/1.0/doxia-module-fml-1.0.jar
                                Downloaded: https://repo.maven.apache.org/maven2/org/apache/maven/doxia/doxia-site-renderer/1.0/doxia-site-renderer-1.0.jar (46 KB at 1081.6 KB/sec)
Downloading: https://repo.maven.apache.org/maven2/org/apache/maven/doxia/doxia-module-xdoc/1.0/doxia-module-xdoc-1.0.jar
12/54 KB                        16/54 KB   16/54 KB   20/54 KB   24/54 KB   24/54 KB   28/54 KB   31/54 KB   32/54 KB   32/54 KB   4/46 KB   32/54 KB   8/46 KB   32/54 KB   8/46 KB   32/54 KB   12/46 KB   32/54 KB   16/46 KB   32/54 KB   16/46 KB   32/54 KB   20/46 KB   32/54 KB   24/46 KB   32/54 KB   24/46 KB   32/54 KB   28/46 KB   32/54 KB   31/46 KB   32/54 KB   32/46 KB   32/54 KB   36/46 KB   32/54 KB   39/46 KB   32/54 KB   40/46 KB   32/54 KB   44/46 KB   32/54 KB   46/46 KB   32/54 KB   46/46 KB   4/19 KB   32/54 KB   46/46 KB   8/19 KB   32/54 KB   4/28 KB   46/46 KB   8/19 KB   32/54 KB   4/28 KB   46/46 KB   8/19 KB   32/54 KB   8/28 KB   46/46 KB   8/19 KB   32/54 KB   8/28 KB   46/46 KB   12/19 KB   32/54 KB   8/28 KB   46/46 KB   12/19 KB   32/54 KB   8/28 KB   46/46 KB   16/19 KB   32/54 KB   8/28 KB   46/46 KB   16/19 KB   32/54 KB   12/28 KB   46/46 KB   16/19 KB   32/54 KB   12/28 KB   46/46 KB   19/19 KB   32/54 KB   16/28 KB   46/46 KB   19/19 KB   32/54 KB   16/28 KB   46/46 KB   19/19 KB   32/54 KB   20/28 KB   46/46 KB   19/19 KB   32/54 KB   24/28 KB   46/46 KB   19/19 KB   36/54 KB   24/28 KB   46/46 KB   19/19 KB   36/54 KB   28/28 KB   46/46 KB   19/19 KB                                               Downloaded: https://repo.maven.apache.org/maven2/org/apache/maven/doxia/doxia-module-apt/1.0/doxia-module-apt-1.0.jar (46 KB at 2089.8 KB/sec)
Downloading: https://repo.maven.apache.org/maven2/org/apache/maven/doxia/doxia-module-xhtml/1.0/doxia-module-xhtml-1.0.jar
36/54 KB   24/28 KB   46/46 KB   19/19 KB   39/54 KB   28/28 KB   19/19 KB              40/54 KB   28/28 KB   19/19 KB   44/54 KB   28/28 KB   19/19 KB   47/54 KB   28/28 KB   19/19 KB   48/54 KB   28/28 KB   19/19 KB   52/54 KB   28/28 KB   19/19 KB   54/54 KB   28/28 KB   19/19 KB                                    Downloaded: https://repo.maven.apache.org/maven2/org/apache/maven/doxia/doxia-module-fml/1.0/doxia-module-fml-1.0.jar (19 KB at 862.4 KB/sec)
Downloading: https://repo.maven.apache.org/maven2/commons-io/commons-io/2.2/commons-io-2.2.jar
                                 Downloaded: https://repo.maven.apache.org/maven2/org/apache/maven/doxia/doxia-module-xdoc/1.0/doxia-module-xdoc-1.0.jar (28 KB at 1357.3 KB/sec)
Downloading: https://repo.maven.apache.org/maven2/org/apache/httpcomponents/httpclient/4.2.3/httpclient-4.2.3.jar
54/54 KB   4/48 KB               54/54 KB   8/48 KB   54/54 KB   8/48 KB   54/54 KB   8/48 KB   4/22 KB   54/54 KB   8/48 KB   8/22 KB   54/54 KB   8/48 KB   8/22 KB   54/54 KB   8/48 KB   12/22 KB   54/54 KB   8/48 KB   16/22 KB   54/54 KB   12/48 KB   16/22 KB   54/54 KB   12/48 KB   16/22 KB   54/54 KB   16/48 KB   16/22 KB   54/54 KB   16/48 KB   20/22 KB   54/54 KB   16/48 KB   20/22 KB   54/54 KB   16/48 KB   22/22 KB   54/54 KB   20/48 KB   22/22 KB   54/54 KB   24/48 KB   22/22 KB   54/54 KB   24/48 KB   22/22 KB   54/54 KB   28/48 KB   22/22 KB   54/54 KB   31/48 KB   22/22 KB   54/54 KB   32/48 KB   22/22 KB                                    Downloaded: https://repo.maven.apache.org/maven2/org/apache/maven/doxia/doxia-core/1.0/doxia-core-1.0.jar (54 KB at 766.6 KB/sec)
Downloading: https://repo.maven.apache.org/maven2/org/apache/httpcomponents/httpcore/4.2.2/httpcore-4.2.2.jar
4/170 KB   32/48 KB   22/22 KB   8/170 KB   32/48 KB   22/22 KB   8/170 KB   32/48 KB   22/22 KB   12/170 KB   32/48 KB   22/22 KB   16/170 KB   32/48 KB   22/22 KB   16/170 KB   32/48 KB   22/22 KB   20/170 KB   32/48 KB   22/22 KB   24/170 KB   32/48 KB   22/22 KB   24/170 KB   32/48 KB   22/22 KB   28/170 KB   32/48 KB   22/22 KB   31/170 KB   32/48 KB   22/22 KB   32/170 KB   32/48 KB   22/22 KB   32/170 KB   32/48 KB   4/423 KB   22/22 KB   32/170 KB   32/48 KB   8/423 KB   22/22 KB   32/170 KB   32/48 KB   8/423 KB   22/22 KB   32/170 KB   32/48 KB   12/423 KB   22/22 KB   32/170 KB   32/48 KB   16/423 KB   22/22 KB   32/170 KB   32/48 KB   16/423 KB   22/22 KB   32/170 KB   32/48 KB   20/423 KB   22/22 KB   32/170 KB   32/48 KB   24/423 KB   22/22 KB   32/170 KB   32/48 KB   24/423 KB   22/22 KB   32/170 KB   32/48 KB   28/423 KB   22/22 KB   32/170 KB   32/48 KB   31/423 KB   22/22 KB   32/170 KB   32/48 KB   32/423 KB   22/22 KB   32/170 KB   32/48 KB   36/423 KB   22/22 KB   32/170 KB   32/48 KB   39/423 KB   22/22 KB   32/170 KB   32/48 KB   40/423 KB   22/22 KB   32/170 KB   32/48 KB   44/423 KB   22/22 KB   32/170 KB   32/48 KB   47/423 KB   22/22 KB   32/170 KB   32/48 KB   48/423 KB   22/22 KB   32/170 KB   32/48 KB   52/423 KB   22/22 KB   32/170 KB   32/48 KB   55/423 KB   22/22 KB   32/170 KB   32/48 KB   56/423 KB   22/22 KB   32/170 KB   32/48 KB   60/423 KB   22/22 KB   32/170 KB   32/48 KB   63/423 KB   22/22 KB   32/170 KB   32/48 KB   64/423 KB   22/22 KB   32/170 KB   36/48 KB   68/423 KB   22/22 KB   32/170 KB   36/48 KB   70/423 KB   22/22 KB   32/170 KB   36/48 KB   72/423 KB   22/22 KB   32/170 KB   36/48 KB   76/423 KB   22/22 KB   32/170 KB   36/48 KB   78/423 KB   22/22 KB   32/170 KB   36/48 KB   64/423 KB   22/22 KB   32/170 KB   39/48 KB   78/423 KB   22/22 KB   32/170 KB   40/48 KB   78/423 KB   22/22 KB   32/170 KB   44/48 KB   78/423 KB   22/22 KB   32/170 KB   47/48 KB   78/423 KB   22/22 KB   32/170 KB   48/48 KB   78/423 KB   22/22 KB   36/170 KB   48/48 KB   78/423 KB   22/22 KB   39/170 KB   48/48 KB   78/423 KB   22/22 KB   40/170 KB   48/48 KB   78/423 KB   22/22 KB   44/170 KB   48/48 KB   78/423 KB   22/22 KB   47/170 KB   48/48 KB   78/423 KB   22/22 KB   48/170 KB   48/48 KB   78/423 KB   22/22 KB   52/170 KB   48/48 KB   78/423 KB   22/22 KB                                                 55/170 KB   48/48 KB   78/423 KB              Downloaded: https://repo.maven.apache.org/maven2/org/apache/maven/doxia/doxia-module-xhtml/1.0/doxia-module-xhtml-1.0.jar (22 KB at 1064.7 KB/sec)
56/170 KB   48/48 KB   78/423 KB   Downloading: https://repo.maven.apache.org/maven2/log4j/log4j/1.2.14/log4j-1.2.14.jar
60/170 KB   48/48 KB   78/423 KB   63/170 KB   48/48 KB   78/423 KB   64/170 KB   48/48 KB   78/423 KB   68/170 KB   48/48 KB   78/423 KB   70/170 KB   48/48 KB   78/423 KB   72/170 KB   48/48 KB   78/423 KB   76/170 KB   48/48 KB   78/423 KB   78/170 KB   48/48 KB   78/423 KB   80/170 KB   48/48 KB   78/423 KB   80/170 KB   48/48 KB   80/423 KB   80/170 KB   48/48 KB   84/423 KB   80/170 KB   48/48 KB   86/423 KB   80/170 KB   48/48 KB   88/423 KB   80/170 KB   48/48 KB   92/423 KB   80/170 KB   48/48 KB   94/423 KB   80/170 KB   48/48 KB   96/423 KB   4/219 KB   80/170 KB   48/48 KB   96/423 KB   4/219 KB   80/170 KB   48/48 KB   100/423 KB   4/219 KB   80/170 KB   48/48 KB   102/423 KB   8/219 KB   80/170 KB   48/48 KB   102/423 KB   8/219 KB   80/170 KB   48/48 KB   104/423 KB   8/219 KB   80/170 KB   48/48 KB   104/423 KB   8/219 KB   80/170 KB   48/48 KB   108/423 KB   12/219 KB   80/170 KB   48/48 KB   108/423 KB   16/219 KB   80/170 KB   48/48 KB   108/423 KB   16/219 KB   80/170 KB   48/48 KB   108/423 KB   20/219 KB   80/170 KB   48/48 KB   108/423 KB   24/219 KB   80/170 KB   48/48 KB   108/423 KB   24/219 KB   80/170 KB   48/48 KB   108/423 KB   24/219 KB   80/170 KB   48/48 KB   109/423 KB   24/219 KB   80/170 KB   48/48 KB   112/423 KB   24/219 KB   80/170 KB   48/48 KB   116/423 KB   24/219 KB   80/170 KB   48/48 KB   117/423 KB   24/219 KB   80/170 KB   48/48 KB   120/423 KB   24/219 KB   80/170 KB   48/48 KB   124/423 KB   24/219 KB   80/170 KB   48/48 KB   125/423 KB   24/219 KB   80/170 KB   48/48 KB   128/423 KB   24/219 KB   80/170 KB   48/48 KB   132/423 KB   24/219 KB   80/170 KB   48/48 KB   133/423 KB   24/219 KB   84/170 KB   48/48 KB   133/423 KB   24/219 KB   86/170 KB   48/48 KB   133/423 KB   24/219 KB   88/170 KB   48/48 KB   133/423 KB   24/219 KB   92/170 KB   48/48 KB   133/423 KB   24/219 KB   94/170 KB   48/48 KB   133/423 KB   24/219 KB   96/170 KB   48/48 KB   133/423 KB   24/219 KB   100/170 KB   48/48 KB   133/423 KB   24/219 KB   102/170 KB   48/48 KB   133/423 KB   24/219 KB   104/170 KB   48/48 KB   133/423 KB   24/219 KB   108/170 KB   48/48 KB   133/423 KB   24/219 KB   109/170 KB   48/48 KB   133/423 KB   24/219 KB   112/170 KB   48/48 KB   133/423 KB   24/219 KB   116/170 KB   48/48 KB   133/423 KB   24/219 KB   117/170 KB   48/48 KB   133/423 KB   24/219 KB   120/170 KB   48/48 KB   133/423 KB   24/219 KB   124/170 KB   48/48 KB   133/423 KB   24/219 KB   125/170 KB   48/48 KB   133/423 KB   24/219 KB   128/170 KB   48/48 KB   133/423 KB   24/219 KB   132/170 KB   48/48 KB   133/423 KB   24/219 KB   133/170 KB   48/48 KB   133/423 KB   24/219 KB   136/170 KB   48/48 KB   133/423 KB                                                    Downloaded: https://repo.maven.apache.org/maven2/org/apache/maven/doxia/doxia-decoration-model/1.0/doxia-decoration-model-1.0.jar (48 KB at 613.3 KB/sec)
24/219 KB   140/170 KB   133/423 KB              24/219 KB   141/170 KB   133/423 KB   24/219 KB   144/170 KB   133/423 KB   24/219 KB   148/170 KB   133/423 KB   24/219 KB   149/170 KB   133/423 KB   28/219 KB   152/170 KB   133/423 KB   28/219 KB   156/170 KB   133/423 KB   Downloading: https://repo.maven.apache.org/maven2/com/thoughtworks/qdox/qdox/1.12.1/qdox-1.12.1.jar
28/219 KB   149/170 KB   133/423 KB   31/219 KB   156/170 KB   133/423 KB   32/219 KB   156/170 KB   133/423 KB   36/219 KB   156/170 KB   133/423 KB   39/219 KB   156/170 KB   133/423 KB   40/219 KB   156/170 KB   133/423 KB   44/219 KB   156/170 KB   133/423 KB   47/219 KB   156/170 KB   133/423 KB   48/219 KB   156/170 KB   133/423 KB   52/219 KB   156/170 KB   133/423 KB   55/219 KB   156/170 KB   133/423 KB   56/219 KB   156/170 KB   133/423 KB   60/219 KB   156/170 KB   133/423 KB   63/219 KB   156/170 KB   133/423 KB   64/219 KB   156/170 KB   133/423 KB   68/219 KB   156/170 KB   133/423 KB   70/219 KB   156/170 KB   133/423 KB   72/219 KB   156/170 KB   133/423 KB   72/219 KB   156/170 KB   133/423 KB   4/359 KB   72/219 KB   156/170 KB   133/423 KB   8/359 KB   72/219 KB   156/170 KB   133/423 KB   8/359 KB   72/219 KB   160/170 KB   133/423 KB   8/359 KB   72/219 KB   160/170 KB   133/423 KB   12/359 KB   72/219 KB   160/170 KB   133/423 KB   12/359 KB   72/219 KB   160/170 KB   133/423 KB   16/359 KB   72/219 KB   164/170 KB   133/423 KB   16/359 KB   72/219 KB   164/170 KB   133/423 KB   16/359 KB   72/219 KB   164/170 KB   133/423 KB   20/359 KB   72/219 KB   168/170 KB   133/423 KB   20/359 KB   72/219 KB   168/170 KB   133/423 KB   24/359 KB   72/219 KB   168/170 KB   133/423 KB   24/359 KB   72/219 KB   168/170 KB   133/423 KB   24/359 KB   72/219 KB   170/170 KB   133/423 KB   24/359 KB   72/219 KB   170/170 KB   133/423 KB   28/359 KB   72/219 KB   170/170 KB   133/423 KB   31/359 KB   72/219 KB   170/170 KB   133/423 KB   32/359 KB   72/219 KB   170/170 KB   133/423 KB   36/359 KB   72/219 KB   170/170 KB   133/423 KB   39/359 KB   72/219 KB   170/170 KB   133/423 KB   40/359 KB   72/219 KB   170/170 KB   136/423 KB   40/359 KB   72/219 KB   170/170 KB   136/423 KB   44/359 KB   72/219 KB   170/170 KB   136/423 KB   47/359 KB   72/219 KB   170/170 KB   140/423 KB   47/359 KB   72/219 KB   170/170 KB   140/423 KB   48/359 KB   72/219 KB   170/170 KB   141/423 KB   48/359 KB   72/219 KB   170/170 KB   144/423 KB   48/359 KB   72/219 KB   170/170 KB   148/423 KB   48/359 KB   72/219 KB   170/170 KB   149/423 KB   48/359 KB   72/219 KB   170/170 KB   152/423 KB   48/359 KB   72/219 KB   170/170 KB   156/423 KB   48/359 KB   72/219 KB   170/170 KB   160/423 KB   48/359 KB   76/219 KB   170/170 KB   160/423 KB   48/359 KB   78/219 KB   170/170 KB   160/423 KB   48/359 KB   78/219 KB   170/170 KB   160/423 KB   48/359 KB   78/219 KB   170/170 KB   164/423 KB   48/359 KB   78/219 KB   170/170 KB   168/423 KB   48/359 KB   80/219 KB   170/170 KB   168/423 KB   48/359 KB   84/219 KB   170/170 KB   168/423 KB   48/359 KB   86/219 KB   170/170 KB   168/423 KB   48/359 KB   88/219 KB   170/170 KB   168/423 KB   48/359 KB   92/219 KB   170/170 KB   168/423 KB   48/359 KB   94/219 KB   170/170 KB   168/423 KB   48/359 KB   96/219 KB   170/170 KB   168/423 KB   48/359 KB   100/219 KB   170/170 KB   168/423 KB   48/359 KB   102/219 KB   170/170 KB   168/423 KB   48/359 KB   104/219 KB   170/170 KB   168/423 KB   48/359 KB   104/219 KB   170/170 KB   168/423 KB   48/359 KB   104/219 KB   170/170 KB   172/423 KB   48/359 KB   104/219 KB   170/170 KB   176/423 KB   48/359 KB   104/219 KB   170/170 KB   176/423 KB   48/359 KB   104/219 KB   170/170 KB   180/423 KB   48/359 KB   104/219 KB   170/170 KB   184/423 KB   48/359 KB   104/219 KB   170/170 KB   184/423 KB   48/359 KB   104/219 KB   170/170 KB   188/423 KB   48/359 KB   104/219 KB   170/170 KB   192/423 KB   48/359 KB   104/219 KB   170/170 KB   192/423 KB   48/359 KB   104/219 KB   170/170 KB   195/423 KB   48/359 KB   104/219 KB   170/170 KB   195/423 KB   52/359 KB   104/219 KB   170/170 KB   195/423 KB   55/359 KB   104/219 KB   170/170 KB   199/423 KB   55/359 KB   104/219 KB   170/170 KB   200/423 KB   55/359 KB   104/219 KB   170/170 KB   200/423 KB   56/359 KB   104/219 KB   170/170 KB   203/423 KB   56/359 KB   104/219 KB   170/170 KB   203/423 KB   60/359 KB   104/219 KB   170/170 KB   207/423 KB   63/359 KB   104/219 KB   170/170 KB   207/423 KB   63/359 KB   104/219 KB   170/170 KB   208/423 KB   63/359 KB   104/219 KB   170/170 KB   208/423 KB   64/359 KB   104/219 KB   170/170 KB   211/423 KB   64/359 KB   104/219 KB   170/170 KB   211/423 KB   68/359 KB   104/219 KB   170/170 KB   215/423 KB   68/359 KB   104/219 KB   170/170 KB   215/423 KB   70/359 KB   104/219 KB   170/170 KB   216/423 KB   70/359 KB   104/219 KB   170/170 KB   216/423 KB   72/359 KB   104/219 KB   170/170 KB   219/423 KB   72/359 KB   104/219 KB   170/170 KB   219/423 KB   76/359 KB   104/219 KB   170/170 KB   219/423 KB   78/359 KB   104/219 KB   170/170 KB   219/423 KB   80/359 KB   104/219 KB   170/170 KB   219/423 KB   84/359 KB   104/219 KB   170/170 KB   219/423 KB   86/359 KB   104/219 KB   170/170 KB   219/423 KB   88/359 KB   104/219 KB   170/170 KB   4/176 KB   219/423 KB   88/359 KB   104/219 KB   170/170 KB   4/176 KB   219/423 KB   92/359 KB   104/219 KB   170/170 KB   8/176 KB   219/423 KB   92/359 KB   104/219 KB   170/170 KB   8/176 KB   219/423 KB   94/359 KB   104/219 KB   170/170 KB   8/176 KB   219/423 KB   94/359 KB   104/219 KB   170/170 KB   8/176 KB   219/423 KB   96/359 KB   104/219 KB   170/170 KB   12/176 KB   219/423 KB   96/359 KB   104/219 KB   170/170 KB   12/176 KB   219/423 KB   100/359 KB   104/219 KB   170/170 KB   16/176 KB   219/423 KB   100/359 KB   104/219 KB   170/170 KB   16/176 KB   219/423 KB   102/359 KB   104/219 KB   170/170 KB   16/176 KB   219/423 KB   102/359 KB   104/219 KB   170/170 KB   16/176 KB   219/423 KB   104/359 KB   104/219 KB   170/170 KB   20/176 KB   219/423 KB   104/359 KB   104/219 KB   170/170 KB   20/176 KB   219/423 KB   108/359 KB   104/219 KB   170/170 KB   24/176 KB   219/423 KB   108/359 KB   104/219 KB   170/170 KB   24/176 KB   219/423 KB   109/359 KB   104/219 KB   170/170 KB   24/176 KB   219/423 KB   109/359 KB   104/219 KB   170/170 KB   24/176 KB   223/423 KB   109/359 KB   104/219 KB   170/170 KB   24/176 KB   224/423 KB   109/359 KB   104/219 KB   170/170 KB   24/176 KB   227/423 KB   109/359 KB   104/219 KB   170/170 KB   24/176 KB   231/423 KB   109/359 KB   104/219 KB   170/170 KB   24/176 KB   232/423 KB   109/359 KB   104/219 KB   170/170 KB   24/176 KB   234/423 KB   109/359 KB   104/219 KB   170/170 KB   24/176 KB   238/423 KB   109/359 KB   104/219 KB   170/170 KB   24/176 KB   240/423 KB   109/359 KB   104/219 KB   170/170 KB   24/176 KB   242/423 KB   109/359 KB   104/219 KB   170/170 KB   24/176 KB   246/423 KB   109/359 KB   104/219 KB   170/170 KB   24/176 KB   248/423 KB   109/359 KB                                                                   Downloaded: https://repo.maven.apache.org/maven2/commons-io/commons-io/2.2/commons-io-2.2.jar (170 KB at 4238.0 KB/sec)
Downloading: https://repo.maven.apache.org/maven2/org/codehaus/plexus/plexus-archiver/2.5/plexus-archiver-2.5.jar
108/219 KB   170/170 KB   24/176 KB   248/423 KB   109/359 KB   109/219 KB   24/176 KB   248/423 KB   109/359 KB                112/219 KB   24/176 KB   248/423 KB   109/359 KB   116/219 KB   24/176 KB   248/423 KB   109/359 KB   117/219 KB   24/176 KB   248/423 KB   109/359 KB   120/219 KB   24/176 KB   248/423 KB   109/359 KB   124/219 KB   24/176 KB   248/423 KB   109/359 KB   125/219 KB   24/176 KB   248/423 KB   109/359 KB   128/219 KB   24/176 KB   248/423 KB   109/359 KB   132/219 KB   24/176 KB   248/423 KB   109/359 KB   133/219 KB   24/176 KB   248/423 KB   109/359 KB   136/219 KB   24/176 KB   248/423 KB   109/359 KB   140/219 KB   24/176 KB   248/423 KB   109/359 KB   141/219 KB   24/176 KB   248/423 KB   109/359 KB   144/219 KB   24/176 KB   248/423 KB   109/359 KB   148/219 KB   24/176 KB   248/423 KB   109/359 KB   149/219 KB   24/176 KB   248/423 KB   112/359 KB   149/219 KB   24/176 KB   248/423 KB   112/359 KB   152/219 KB   24/176 KB   248/423 KB   112/359 KB   152/219 KB   24/176 KB   248/423 KB   116/359 KB   156/219 KB   24/176 KB   248/423 KB   116/359 KB   156/219 KB   24/176 KB   248/423 KB   117/359 KB   160/219 KB   24/176 KB   248/423 KB   120/359 KB   160/219 KB   24/176 KB   248/423 KB   120/359 KB   160/219 KB   24/176 KB   248/423 KB   120/359 KB   164/219 KB   24/176 KB   248/423 KB   120/359 KB   164/219 KB   24/176 KB   248/423 KB   124/359 KB   164/219 KB   24/176 KB   248/423 KB   125/359 KB   168/219 KB   24/176 KB   248/423 KB   125/359 KB   168/219 KB   24/176 KB   248/423 KB   128/359 KB   168/219 KB   24/176 KB   248/423 KB   128/359 KB   172/219 KB   24/176 KB   248/423 KB   128/359 KB   172/219 KB   24/176 KB   248/423 KB   132/359 KB   176/219 KB   24/176 KB   248/423 KB   132/359 KB   176/219 KB   24/176 KB   248/423 KB   133/359 KB   176/219 KB   24/176 KB   248/423 KB   133/359 KB   176/219 KB   28/176 KB   248/423 KB   136/359 KB   176/219 KB   24/176 KB   248/423 KB   136/359 KB   176/219 KB   31/176 KB   248/423 KB   136/359 KB   176/219 KB   31/176 KB   248/423 KB   140/359 KB   176/219 KB   32/176 KB   248/423 KB   140/359 KB   176/219 KB   32/176 KB   248/423 KB   141/359 KB   176/219 KB   36/176 KB   248/423 KB   141/359 KB   176/219 KB   36/176 KB   248/423 KB   144/359 KB   176/219 KB   39/176 KB   248/423 KB   144/359 KB   176/219 KB   39/176 KB   248/423 KB   148/359 KB   176/219 KB   40/176 KB   248/423 KB   148/359 KB   176/219 KB   40/176 KB   248/423 KB   149/359 KB   176/219 KB   44/176 KB   248/423 KB   149/359 KB   176/219 KB   44/176 KB   248/423 KB   152/359 KB   176/219 KB   47/176 KB   248/423 KB   152/359 KB   176/219 KB   47/176 KB   248/423 KB   156/359 KB   176/219 KB   48/176 KB   248/423 KB   156/359 KB   176/219 KB   48/176 KB   248/423 KB   160/359 KB   176/219 KB   52/176 KB   248/423 KB   160/359 KB   176/219 KB   52/176 KB   248/423 KB   160/359 KB   176/219 KB   55/176 KB   248/423 KB   160/359 KB   176/219 KB   55/176 KB   248/423 KB   164/359 KB   176/219 KB   56/176 KB   248/423 KB   164/359 KB   176/219 KB   56/176 KB   248/423 KB   168/359 KB   176/219 KB   60/176 KB   248/423 KB   168/359 KB   176/219 KB   60/176 KB   248/423 KB   168/359 KB   176/219 KB   63/176 KB   248/423 KB   168/359 KB   176/219 KB   63/176 KB   248/423 KB   172/359 KB   176/219 KB   63/176 KB   250/423 KB   172/359 KB   176/219 KB   63/176 KB   250/423 KB   176/359 KB   176/219 KB   63/176 KB   250/423 KB   176/359 KB   176/219 KB   63/176 KB   254/423 KB   176/359 KB   176/219 KB   63/176 KB   256/423 KB   180/359 KB   176/219 KB   63/176 KB   256/423 KB   180/359 KB   176/219 KB   63/176 KB   258/423 KB   180/359 KB   176/219 KB   63/176 KB   258/423 KB   184/359 KB   176/219 KB   63/176 KB   258/423 KB   184/359 KB   176/219 KB   63/176 KB   262/423 KB   184/359 KB   176/219 KB   63/176 KB   264/423 KB   184/359 KB   176/219 KB   63/176 KB   266/423 KB   184/359 KB   180/219 KB   63/176 KB   266/423 KB   184/359 KB   180/219 KB   63/176 KB   270/423 KB   184/359 KB   180/219 KB   63/176 KB   272/423 KB   184/359 KB   184/219 KB   63/176 KB   272/423 KB   184/359 KB   184/219 KB   63/176 KB   274/423 KB   184/359 KB   184/219 KB   63/176 KB   274/423 KB   184/359 KB   184/219 KB   63/176 KB   278/423 KB   184/359 KB   188/219 KB   63/176 KB   278/423 KB   184/359 KB   188/219 KB   63/176 KB   280/423 KB   184/359 KB   188/219 KB   63/176 KB   281/423 KB   184/359 KB   192/219 KB   63/176 KB   281/423 KB   184/359 KB   192/219 KB   63/176 KB   285/423 KB   184/359 KB   192/219 KB   63/176 KB   285/423 KB   184/359 KB   195/219 KB   63/176 KB   285/423 KB   184/359 KB   195/219 KB   63/176 KB   288/423 KB   184/359 KB   199/219 KB   63/176 KB   288/423 KB   184/359 KB   200/219 KB   63/176 KB   289/423 KB   184/359 KB   200/219 KB   63/176 KB   289/423 KB   184/359 KB   203/219 KB   63/176 KB   289/423 KB   184/359 KB   207/219 KB   63/176 KB   289/423 KB   184/359 KB   207/219 KB   63/176 KB   293/423 KB   184/359 KB   208/219 KB   63/176 KB   293/423 KB   184/359 KB   208/219 KB   63/176 KB   296/423 KB   184/359 KB   211/219 KB   63/176 KB   296/423 KB   184/359 KB   211/219 KB   63/176 KB   297/423 KB   184/359 KB   215/219 KB   63/176 KB   297/423 KB   184/359 KB   216/219 KB   63/176 KB   297/423 KB   184/359 KB   216/219 KB   63/176 KB   301/423 KB   184/359 KB   219/219 KB   63/176 KB   301/423 KB   184/359 KB   219/219 KB   63/176 KB   304/423 KB   184/359 KB   219/219 KB   63/176 KB   305/423 KB   184/359 KB   219/219 KB   63/176 KB   309/423 KB   184/359 KB   219/219 KB   63/176 KB   312/423 KB   184/359 KB   219/219 KB   63/176 KB   313/423 KB   184/359 KB   219/219 KB   63/176 KB   317/423 KB   184/359 KB   219/219 KB   63/176 KB   320/423 KB   184/359 KB   219/219 KB   63/176 KB   320/423 KB   184/359 KB   219/219 KB   63/176 KB   320/423 KB   188/359 KB   219/219 KB   63/176 KB   320/423 KB   192/359 KB   219/219 KB   63/176 KB   320/423 KB   192/359 KB   219/219 KB   63/176 KB   320/423 KB   195/359 KB   219/219 KB   63/176 KB   320/423 KB   199/359 KB   219/219 KB   63/176 KB   320/423 KB   200/359 KB   219/219 KB   63/176 KB   320/423 KB   203/359 KB   219/219 KB   63/176 KB   320/423 KB   207/359 KB   219/219 KB   63/176 KB   320/423 KB   208/359 KB   4/124 KB   219/219 KB   63/176 KB   320/423 KB   208/359 KB   4/124 KB   219/219 KB   63/176 KB   320/423 KB   208/359 KB   8/124 KB   219/219 KB   63/176 KB   320/423 KB   211/359 KB   8/124 KB   219/219 KB   63/176 KB   320/423 KB   211/359 KB   8/124 KB   219/219 KB   63/176 KB   320/423 KB   215/359 KB   8/124 KB   219/219 KB   64/176 KB   320/423 KB   216/359 KB   12/124 KB   219/219 KB   64/176 KB   320/423 KB   219/359 KB   12/124 KB   219/219 KB   64/176 KB   320/423 KB   223/359 KB   12/124 KB   219/219 KB   64/176 KB   320/423 KB   224/359 KB   12/124 KB   219/219 KB   64/176 KB   320/423 KB   227/359 KB   12/124 KB   219/219 KB   64/176 KB   320/423 KB   231/359 KB   12/124 KB   219/219 KB   64/176 KB   320/423 KB   232/359 KB   12/124 KB   219/219 KB   64/176 KB   320/423 KB   234/359 KB   12/124 KB   219/219 KB   63/176 KB   320/423 KB   215/359 KB   12/124 KB   219/219 KB   64/176 KB   320/423 KB   215/359 KB   12/124 KB   219/219 KB   64/176 KB   324/423 KB   238/359 KB   16/124 KB   219/219 KB   68/176 KB   324/423 KB   238/359 KB   16/124 KB   219/219 KB   68/176 KB   324/423 KB   238/359 KB   16/124 KB   219/219 KB   70/176 KB   324/423 KB   238/359 KB   16/124 KB   219/219 KB   70/176 KB   324/423 KB   238/359 KB   20/124 KB   219/219 KB   72/176 KB   324/423 KB   238/359 KB   20/124 KB   219/219 KB   72/176 KB   324/423 KB   238/359 KB   24/124 KB   219/219 KB   76/176 KB   324/423 KB   238/359 KB   24/124 KB   219/219 KB   76/176 KB   324/423 KB   238/359 KB   24/124 KB   219/219 KB   78/176 KB   324/423 KB   238/359 KB   24/124 KB   219/219 KB   78/176 KB   324/423 KB   238/359 KB   28/124 KB   219/219 KB   80/176 KB   324/423 KB   238/359 KB   28/124 KB   219/219 KB   80/176 KB   324/423 KB   238/359 KB   31/124 KB   219/219 KB   84/176 KB   324/423 KB   238/359 KB   31/124 KB   219/219 KB   84/176 KB   324/423 KB   238/359 KB   32/124 KB   219/219 KB   86/176 KB   324/423 KB   238/359 KB   32/124 KB   219/219 KB   86/176 KB   324/423 KB   238/359 KB   36/124 KB   219/219 KB   88/176 KB   324/423 KB   238/359 KB   36/124 KB   219/219 KB   88/176 KB   324/423 KB   238/359 KB   39/124 KB   219/219 KB   92/176 KB   324/423 KB   238/359 KB   39/124 KB   219/219 KB   92/176 KB   324/423 KB   238/359 KB   40/124 KB   219/219 KB   94/176 KB   324/423 KB   238/359 KB   40/124 KB   219/219 KB   94/176 KB   324/423 KB   238/359 KB   44/124 KB   219/219 KB   96/176 KB   324/423 KB   238/359 KB   44/124 KB   219/219 KB   96/176 KB   324/423 KB   238/359 KB   47/124 KB   219/219 KB   100/176 KB   324/423 KB   238/359 KB   47/124 KB   219/219 KB   102/176 KB   324/423 KB   238/359 KB   48/124 KB   219/219 KB   104/176 KB   324/423 KB   238/359 KB   48/124 KB   219/219 KB   108/176 KB   324/423 KB   238/359 KB   48/124 KB   219/219 KB   109/176 KB   324/423 KB   238/359 KB   48/124 KB   219/219 KB   112/176 KB   324/423 KB   238/359 KB   48/124 KB   219/219 KB   116/176 KB   324/423 KB   238/359 KB   48/124 KB   219/219 KB   117/176 KB   324/423 KB   238/359 KB   48/124 KB   219/219 KB   64/176 KB   324/423 KB   238/359 KB   12/124 KB   219/219 KB   64/176 KB   320/423 KB   238/359 KB   12/124 KB   219/219 KB   117/176 KB   324/423 KB   240/359 KB   48/124 KB   219/219 KB   117/176 KB   324/423 KB   242/359 KB   48/124 KB   219/219 KB   117/176 KB   324/423 KB   246/359 KB   48/124 KB   219/219 KB   117/176 KB   324/423 KB   248/359 KB   48/124 KB   219/219 KB   117/176 KB   324/423 KB   250/359 KB   48/124 KB   219/219 KB   117/176 KB   324/423 KB   254/359 KB   48/124 KB   219/219 KB   117/176 KB   324/423 KB   256/359 KB   48/124 KB   219/219 KB   117/176 KB   324/423 KB   258/359 KB   48/124 KB   219/219 KB   100/176 KB   324/423 KB   238/359 KB   48/124 KB   219/219 KB   117/176 KB   324/423 KB   262/359 KB   48/124 KB   219/219 KB   117/176 KB   324/423 KB   262/359 KB   52/124 KB   219/219 KB   117/176 KB   324/423 KB   264/359 KB   52/124 KB   219/219 KB   117/176 KB   324/423 KB   264/359 KB   55/124 KB   219/219 KB   117/176 KB   324/423 KB   266/359 KB   55/124 KB   219/219 KB   117/176 KB   324/423 KB   266/359 KB   56/124 KB   219/219 KB   117/176 KB   324/423 KB   270/359 KB   56/124 KB   219/219 KB   117/176 KB   324/423 KB   270/359 KB   60/124 KB   219/219 KB   117/176 KB   324/423 KB   272/359 KB   60/124 KB   219/219 KB   117/176 KB   324/423 KB   272/359 KB   63/124 KB   219/219 KB   117/176 KB   324/423 KB   274/359 KB   63/124 KB   219/219 KB   117/176 KB   324/423 KB   274/359 KB   64/124 KB   219/219 KB   117/176 KB   324/423 KB   278/359 KB   64/124 KB   219/219 KB   117/176 KB   324/423 KB   278/359 KB   68/124 KB   219/219 KB   117/176 KB   324/423 KB   280/359 KB   68/124 KB   219/219 KB   117/176 KB   324/423 KB   280/359 KB   70/124 KB   219/219 KB   117/176 KB   324/423 KB   281/359 KB   70/124 KB   219/219 KB   117/176 KB   324/423 KB   281/359 KB   72/124 KB   219/219 KB   117/176 KB   324/423 KB   285/359 KB   72/124 KB   219/219 KB   117/176 KB   324/423 KB   285/359 KB   76/124 KB   219/219 KB   117/176 KB   324/423 KB   288/359 KB   76/124 KB   219/219 KB   117/176 KB   324/423 KB   288/359 KB   78/124 KB   219/219 KB   117/176 KB   324/423 KB   289/359 KB   78/124 KB   219/219 KB   117/176 KB   324/423 KB   289/359 KB   80/124 KB   219/219 KB   117/176 KB   324/423 KB   289/359 KB   84/124 KB   219/219 KB   117/176 KB   324/423 KB   293/359 KB   84/124 KB   219/219 KB   117/176 KB   324/423 KB   293/359 KB   86/124 KB   219/219 KB   117/176 KB   324/423 KB   296/359 KB   86/124 KB   219/219 KB   117/176 KB   324/423 KB   296/359 KB   88/124 KB   219/219 KB   117/176 KB   324/423 KB   297/359 KB   88/124 KB   219/219 KB   117/176 KB   324/423 KB   297/359 KB   92/124 KB   219/219 KB   117/176 KB   324/423 KB   301/359 KB   94/124 KB   219/219 KB   117/176 KB   324/423 KB   301/359 KB   94/124 KB   219/219 KB   117/176 KB   324/423 KB   301/359 KB   96/124 KB   219/219 KB   117/176 KB   324/423 KB   304/359 KB   96/124 KB   219/219 KB   120/176 KB   324/423 KB   304/359 KB   100/124 KB   219/219 KB   120/176 KB   324/423 KB   305/359 KB   102/124 KB   219/219 KB   120/176 KB   324/423 KB   304/359 KB   96/124 KB   219/219 KB   120/176 KB   324/423 KB   309/359 KB   102/124 KB   219/219 KB   120/176 KB   324/423 KB   305/359 KB   102/124 KB   219/219 KB   124/176 KB   324/423 KB   309/359 KB   102/124 KB   219/219 KB   124/176 KB   324/423 KB   312/359 KB   102/124 KB   219/219 KB   125/176 KB   324/423 KB   312/359 KB   102/124 KB   219/219 KB   128/176 KB   324/423 KB   313/359 KB   102/124 KB   219/219 KB   128/176 KB   324/423 KB   313/359 KB   102/124 KB   219/219 KB   132/176 KB   324/423 KB   313/359 KB   102/124 KB   219/219 KB   133/176 KB   324/423 KB   313/359 KB   102/124 KB   219/219 KB   133/176 KB   324/423 KB   317/359 KB   102/124 KB   219/219 KB   136/176 KB   324/423 KB   317/359 KB   102/124 KB   219/219 KB   136/176 KB   324/423 KB   320/359 KB   102/124 KB   219/219 KB   140/176 KB   324/423 KB   320/359 KB   102/124 KB   219/219 KB   141/176 KB   324/423 KB   320/359 KB   102/124 KB   219/219 KB   141/176 KB   324/423 KB   320/359 KB   102/124 KB   219/219 KB   144/176 KB   324/423 KB   320/359 KB   102/124 KB   219/219 KB   148/176 KB   324/423 KB   320/359 KB   102/124 KB   219/219 KB   148/176 KB   324/423 KB   324/359 KB   102/124 KB   219/219 KB   149/176 KB   324/423 KB   328/359 KB   102/124 KB   219/219 KB   149/176 KB   324/423 KB   328/359 KB   102/124 KB   219/219 KB   149/176 KB   324/423 KB   332/359 KB   102/124 KB   219/219 KB   149/176 KB   324/423 KB   336/359 KB   102/124 KB   219/219 KB   149/176 KB   324/423 KB   336/359 KB   102/124 KB                                                                    Downloaded: https://repo.maven.apache.org/maven2/org/apache/httpcomponents/httpcore/4.2.2/httpcore-4.2.2.jar (219 KB at 4281.0 KB/sec)
149/176 KB   328/423 KB   340/359 KB   102/124 KB   219/219 KB   149/176 KB   324/423 KB   324/359 KB   102/124 KB   149/176 KB   328/423 KB   340/359 KB   104/124 KB   152/176 KB   328/423 KB   340/359 KB   104/124 KB   152/176 KB   328/423 KB   340/359 KB   108/124 KB   152/176 KB   328/423 KB   340/359 KB   109/124 KB   Downloading: https://repo.maven.apache.org/maven2/org/codehaus/plexus/plexus-io/2.0.12/plexus-io-2.0.12.jar
149/176 KB   324/423 KB   340/359 KB   102/124 KB                156/176 KB   328/423 KB   344/359 KB   112/124 KB   156/176 KB   328/423 KB   344/359 KB   112/124 KB   156/176 KB   328/423 KB   348/359 KB   112/124 KB   156/176 KB   328/423 KB   352/359 KB   112/124 KB   156/176 KB   328/423 KB   352/359 KB   112/124 KB   156/176 KB   328/423 KB   352/359 KB   112/124 KB   156/176 KB   328/423 KB   356/359 KB   112/124 KB   156/176 KB   328/423 KB   359/359 KB   112/124 KB   156/176 KB   332/423 KB   359/359 KB   112/124 KB   156/176 KB   336/423 KB   359/359 KB   112/124 KB   156/176 KB   336/423 KB   359/359 KB   112/124 KB   156/176 KB   328/423 KB   340/359 KB   112/124 KB   156/176 KB   328/423 KB   340/359 KB   109/124 KB   156/176 KB   336/423 KB   359/359 KB   116/124 KB   160/176 KB   336/423 KB   359/359 KB   117/124 KB   160/176 KB   336/423 KB   359/359 KB   117/124 KB   160/176 KB   336/423 KB   359/359 KB   117/124 KB   160/176 KB   336/423 KB   359/359 KB   120/124 KB   164/176 KB   336/423 KB   359/359 KB   120/124 KB   164/176 KB   336/423 KB   359/359 KB   124/124 KB   168/176 KB   336/423 KB   359/359 KB   124/124 KB   168/176 KB   336/423 KB   359/359 KB   124/124 KB   172/176 KB   336/423 KB   359/359 KB   124/124 KB   176/176 KB   336/423 KB   359/359 KB   124/124 KB   176/176 KB   336/423 KB   359/359 KB   124/124 KB   176/176 KB   340/423 KB   359/359 KB   124/124 KB   176/176 KB   344/423 KB   359/359 KB   124/124 KB   176/176 KB   344/423 KB   359/359 KB   124/124 KB   176/176 KB   348/423 KB   359/359 KB   124/124 KB   176/176 KB   352/423 KB   359/359 KB   124/124 KB   176/176 KB   352/423 KB   359/359 KB   124/124 KB   176/176 KB   356/423 KB   359/359 KB   124/124 KB   176/176 KB   359/423 KB   359/359 KB   124/124 KB   176/176 KB   360/423 KB   359/359 KB   124/124 KB   176/176 KB   364/423 KB   359/359 KB   124/124 KB   176/176 KB   367/423 KB   359/359 KB   124/124 KB   176/176 KB   368/423 KB   359/359 KB   124/124 KB   176/176 KB   372/423 KB   359/359 KB   124/124 KB   176/176 KB   375/423 KB   359/359 KB   124/124 KB   176/176 KB   376/423 KB   359/359 KB   124/124 KB   176/176 KB   380/423 KB   359/359 KB   124/124 KB   176/176 KB   383/423 KB   359/359 KB   124/124 KB   176/176 KB   384/423 KB   359/359 KB   124/124 KB   176/176 KB   388/423 KB   359/359 KB   124/124 KB   176/176 KB   391/423 KB   359/359 KB   124/124 KB   176/176 KB   392/423 KB   359/359 KB   124/124 KB   176/176 KB   396/423 KB   359/359 KB   124/124 KB   176/176 KB   399/423 KB   359/359 KB   124/124 KB   176/176 KB   400/423 KB   359/359 KB   124/124 KB   176/176 KB   404/423 KB   359/359 KB   124/124 KB   176/176 KB   406/423 KB   359/359 KB   124/124 KB   176/176 KB   408/423 KB   359/359 KB   124/124 KB   176/176 KB   412/423 KB   359/359 KB   124/124 KB   176/176 KB   414/423 KB   359/359 KB   124/124 KB   176/176 KB   416/423 KB   359/359 KB   124/124 KB   176/176 KB   420/423 KB   359/359 KB   124/124 KB   176/176 KB   422/423 KB   359/359 KB   124/124 KB   176/176 KB   423/423 KB   359/359 KB   124/124 KB   4/60 KB   176/176 KB   423/423 KB   359/359 KB   124/124 KB   8/60 KB   176/176 KB   423/423 KB   359/359 KB   124/124 KB   8/60 KB   176/176 KB   423/423 KB   359/359 KB   124/124 KB   12/60 KB   176/176 KB   423/423 KB   359/359 KB   124/124 KB   16/60 KB   176/176 KB   423/423 KB   359/359 KB   124/124 KB   16/60 KB   176/176 KB   423/423 KB   359/359 KB   124/124 KB   20/60 KB   176/176 KB   423/423 KB   359/359 KB   124/124 KB   24/60 KB   176/176 KB   423/423 KB   359/359 KB   124/124 KB   24/60 KB   176/176 KB   423/423 KB   359/359 KB   124/124 KB   28/60 KB   176/176 KB   423/423 KB   359/359 KB   124/124 KB   31/60 KB   176/176 KB   423/423 KB   359/359 KB   124/124 KB   32/60 KB   176/176 KB   423/423 KB   359/359 KB   124/124 KB   36/60 KB   176/176 KB   423/423 KB   359/359 KB   124/124 KB   39/60 KB   176/176 KB   423/423 KB   359/359 KB   124/124 KB   40/60 KB   176/176 KB   423/423 KB   359/359 KB   124/124 KB   44/60 KB   176/176 KB   423/423 KB   359/359 KB   124/124 KB   47/60 KB   176/176 KB   423/423 KB   359/359 KB   124/124 KB   48/60 KB   176/176 KB   423/423 KB   359/359 KB   124/124 KB   52/60 KB   176/176 KB   423/423 KB   359/359 KB   124/124 KB   55/60 KB   176/176 KB   423/423 KB   359/359 KB   124/124 KB   56/60 KB   176/176 KB   423/423 KB   359/359 KB   124/124 KB   60/60 KB   176/176 KB   423/423 KB   359/359 KB   124/124 KB                                                                  Downloaded: https://repo.maven.apache.org/maven2/org/apache/httpcomponents/httpclient/4.2.3/httpclient-4.2.3.jar (423 KB at 5564.7 KB/sec)
                                                               Downloaded: https://repo.maven.apache.org/maven2/com/thoughtworks/qdox/qdox/1.12.1/qdox-1.12.1.jar (176 KB at 3313.3 KB/sec)
                                                                                                                              Downloaded: https://repo.maven.apache.org/maven2/org/codehaus/plexus/plexus-archiver/2.5/plexus-archiver-2.5.jar (124 KB at 3249.6 KB/sec)
Downloaded: https://repo.maven.apache.org/maven2/log4j/log4j/1.2.14/log4j-1.2.14.jar (359 KB at 5980.5 KB/sec)
                                                               Downloaded: https://repo.maven.apache.org/maven2/org/codehaus/plexus/plexus-io/2.0.12/plexus-io-2.0.12.jar (60 KB at 2368.8 KB/sec)
[INFO] Not executing Javadoc as the project is not a Java classpath-capable package
[INFO] 
[INFO] --- maven-enforcer-plugin:1.0:enforce (enforce-maven) @ dagger-parent ---
[INFO] 
[INFO] --- maven-checkstyle-plugin:2.10:checkstyle (default) @ dagger-parent ---
[INFO] 
[INFO] --- maven-install-plugin:2.4:install (default-install) @ dagger-parent ---
[INFO] Installing /home/travis/build/square/dagger/pom.xml to /home/travis/.m2/repository/com/squareup/dagger/dagger-parent/1.2.3-SNAPSHOT/dagger-parent-1.2.3-SNAPSHOT.pom
[INFO] 
[INFO] --- maven-deploy-plugin:2.7:deploy (default-deploy) @ dagger-parent ---
Downloading: https://oss.sonatype.org/content/repositories/snapshots/com/squareup/dagger/dagger-parent/1.2.3-SNAPSHOT/maven-metadata.xml
                                                               Uploading: https://oss.sonatype.org/content/repositories/snapshots/com/squareup/dagger/dagger-parent/1.2.3-SNAPSHOT/dagger-parent-1.2.3-20141220.081054-1.pom
2/6 KB                                                         4/6 KB   6/6 KB            Uploaded: https://oss.sonatype.org/content/repositories/snapshots/com/squareup/dagger/dagger-parent/1.2.3-SNAPSHOT/dagger-parent-1.2.3-20141220.081054-1.pom (6 KB at 9.6 KB/sec)
Downloading: https://oss.sonatype.org/content/repositories/snapshots/com/squareup/dagger/dagger-parent/maven-metadata.xml
369/369 B               Downloaded: https://oss.sonatype.org/content/repositories/snapshots/com/squareup/dagger/dagger-parent/maven-metadata.xml (369 B at 1.1 KB/sec)
Uploading: https://oss.sonatype.org/content/repositories/snapshots/com/squareup/dagger/dagger-parent/1.2.3-SNAPSHOT/maven-metadata.xml
609/609 B               Uploaded: https://oss.sonatype.org/content/repositories/snapshots/com/squareup/dagger/dagger-parent/1.2.3-SNAPSHOT/maven-metadata.xml (609 B at 3.0 KB/sec)
Uploading: https://oss.sonatype.org/content/repositories/snapshots/com/squareup/dagger/dagger-parent/maven-metadata.xml
388/388 B               Uploaded: https://oss.sonatype.org/content/repositories/snapshots/com/squareup/dagger/dagger-parent/maven-metadata.xml (388 B at 0.7 KB/sec)
[INFO]                                                                         
[INFO] ------------------------------------------------------------------------
[INFO] Building Dagger 1.2.3-SNAPSHOT
[INFO] ------------------------------------------------------------------------
[INFO] 
[INFO] --- maven-clean-plugin:2.5:clean (default-clean) @ dagger ---
[INFO] Deleting /home/travis/build/square/dagger/core/target
[INFO] 
[INFO] >>> maven-source-plugin:2.4:jar (default-cli) > generate-sources @ dagger >>>
[INFO] 
[INFO] --- maven-enforcer-plugin:1.0:enforce (enforce-maven) @ dagger ---
[INFO] 
[INFO] <<< maven-source-plugin:2.4:jar (default-cli) < generate-sources @ dagger <<<
[INFO] 
[INFO] --- maven-source-plugin:2.4:jar (default-cli) @ dagger ---
[INFO] Building jar: /home/travis/build/square/dagger/core/target/dagger-1.2.3-SNAPSHOT-sources.jar
[INFO] 
[INFO] --- maven-javadoc-plugin:2.10.1:jar (default-cli) @ dagger ---
[INFO] 
Loading source files for package dagger...
Constructing Javadoc information...
Standard Doclet version 1.7.0_72
Building tree for all the packages and classes...
Generating /home/travis/build/square/dagger/core/target/apidocs/dagger/Lazy.html...
Generating /home/travis/build/square/dagger/core/target/apidocs/dagger/MembersInjector.html...
Generating /home/travis/build/square/dagger/core/target/apidocs/dagger/Module.html...
Generating /home/travis/build/square/dagger/core/target/apidocs/dagger/ObjectGraph.html...
Generating /home/travis/build/square/dagger/core/target/apidocs/dagger/Provides.html...
Generating /home/travis/build/square/dagger/core/target/apidocs/dagger/Provides.Type.html...
Generating /home/travis/build/square/dagger/core/target/apidocs/dagger/package-frame.html...
Generating /home/travis/build/square/dagger/core/target/apidocs/dagger/package-summary.html...
Generating /home/travis/build/square/dagger/core/target/apidocs/dagger/package-tree.html...
Generating /home/travis/build/square/dagger/core/target/apidocs/constant-values.html...
Generating /home/travis/build/square/dagger/core/target/apidocs/dagger/class-use/Provides.html...
Generating /home/travis/build/square/dagger/core/target/apidocs/dagger/class-use/Provides.Type.html...
Generating /home/travis/build/square/dagger/core/target/apidocs/dagger/class-use/ObjectGraph.html...
Generating /home/travis/build/square/dagger/core/target/apidocs/dagger/class-use/Module.html...
Generating /home/travis/build/square/dagger/core/target/apidocs/dagger/class-use/MembersInjector.html...
Generating /home/travis/build/square/dagger/core/target/apidocs/dagger/class-use/Lazy.html...
Generating /home/travis/build/square/dagger/core/target/apidocs/dagger/package-use.html...
Building index for all the packages and classes...
Generating /home/travis/build/square/dagger/core/target/apidocs/overview-tree.html...
Generating /home/travis/build/square/dagger/core/target/apidocs/index-all.html...
Generating /home/travis/build/square/dagger/core/target/apidocs/deprecated-list.html...
Building index for all classes...
Generating /home/travis/build/square/dagger/core/target/apidocs/allclasses-frame.html...
Generating /home/travis/build/square/dagger/core/target/apidocs/allclasses-noframe.html...
Generating /home/travis/build/square/dagger/core/target/apidocs/index.html...
Generating /home/travis/build/square/dagger/core/target/apidocs/help-doc.html...
[INFO] Building jar: /home/travis/build/square/dagger/core/target/dagger-1.2.3-SNAPSHOT-javadoc.jar
[INFO] 
[INFO] --- maven-enforcer-plugin:1.0:enforce (enforce-maven) @ dagger ---
[INFO] 
[INFO] --- maven-resources-plugin:2.6:resources (default-resources) @ dagger ---
[INFO] Using 'UTF-8' encoding to copy filtered resources.
[INFO] skip non existing resourceDirectory /home/travis/build/square/dagger/core/src/main/resources
[INFO] 
[INFO] --- maven-compiler-plugin:3.1:compile (default-compile) @ dagger ---
[INFO] Changes detected - recompiling the module!
[INFO] Compiling 25 source files to /home/travis/build/square/dagger/core/target/classes
[WARNING] bootstrap class path not set in conjunction with -source 1.6
[WARNING] /home/travis/build/square/dagger/core/src/main/java/dagger/internal/Binding.java:[155,17] serializable class dagger.internal.Binding.InvalidBindingException has no definition of serialVersionUID
[WARNING] /home/travis/build/square/dagger/core/src/main/java/dagger/internal/ProblemDetector.java:[33,10] found raw type: dagger.internal.Binding
  missing type arguments for generic class dagger.internal.Binding<T>
[WARNING] /home/travis/build/square/dagger/core/src/main/java/dagger/internal/ProblemDetector.java:[33,50] found raw type: dagger.internal.Binding
  missing type arguments for generic class dagger.internal.Binding<T>
[WARNING] /home/travis/build/square/dagger/core/src/main/java/dagger/internal/ArrayQueue.java:[530,58] unchecked cast
  required: T[]
  found:    java.lang.Object
[WARNING] /home/travis/build/square/dagger/core/src/main/java/dagger/internal/ArrayQueue.java:[554,63] unchecked cast
  required: dagger.internal.ArrayQueue<E>
  found:    java.lang.Object
[WARNING] /home/travis/build/square/dagger/core/src/main/java/dagger/internal/ArrayQueue.java:[555,54] unchecked cast
  required: E[]
  found:    java.lang.Object
[WARNING] /home/travis/build/square/dagger/core/src/main/java/dagger/ObjectGraph.java:[176,90] unchecked cast
  required: dagger.internal.ModuleAdapter<java.lang.Object>
  found:    dagger.internal.ModuleAdapter<capture#1 of ?>
[INFO] 
[INFO] --- maven-checkstyle-plugin:2.10:checkstyle (default) @ dagger ---
[INFO] Starting audit...
Audit done.

[WARNING] Unable to locate Source XRef to link to - DISABLED
[INFO] 
[INFO] --- animal-sniffer-maven-plugin:1.8:check (sniff-api) @ dagger ---
[INFO] Checking unresolved references to org.codehaus.mojo.signature:java15:1.0
[INFO] 
[INFO] --- maven-resources-plugin:2.6:testResources (default-testResources) @ dagger ---
[INFO] Not copying test resources
[INFO] 
[INFO] --- maven-compiler-plugin:3.1:testCompile (default-testCompile) @ dagger ---
[INFO] Not compiling test sources
[INFO] 
[INFO] --- maven-surefire-plugin:2.12.4:test (default-test) @ dagger ---
[INFO] Tests are skipped.
[INFO] 
[INFO] --- maven-jar-plugin:2.4:jar (default-jar) @ dagger ---
[INFO] Building jar: /home/travis/build/square/dagger/core/target/dagger-1.2.3-SNAPSHOT.jar
[INFO] 
[INFO] --- maven-jar-plugin:2.4:test-jar (default) @ dagger ---
[INFO] Skipping packaging of the test-jar
[INFO] 
[INFO] --- maven-install-plugin:2.4:install (default-install) @ dagger ---
[INFO] Installing /home/travis/build/square/dagger/core/target/dagger-1.2.3-SNAPSHOT.jar to /home/travis/.m2/repository/com/squareup/dagger/dagger/1.2.3-SNAPSHOT/dagger-1.2.3-SNAPSHOT.jar
[INFO] Installing /home/travis/build/square/dagger/core/pom.xml to /home/travis/.m2/repository/com/squareup/dagger/dagger/1.2.3-SNAPSHOT/dagger-1.2.3-SNAPSHOT.pom
[INFO] Installing /home/travis/build/square/dagger/core/target/dagger-1.2.3-SNAPSHOT-sources.jar to /home/travis/.m2/repository/com/squareup/dagger/dagger/1.2.3-SNAPSHOT/dagger-1.2.3-SNAPSHOT-sources.jar
[INFO] Installing /home/travis/build/square/dagger/core/target/dagger-1.2.3-SNAPSHOT-javadoc.jar to /home/travis/.m2/repository/com/squareup/dagger/dagger/1.2.3-SNAPSHOT/dagger-1.2.3-SNAPSHOT-javadoc.jar
[INFO] 
[INFO] --- maven-deploy-plugin:2.7:deploy (default-deploy) @ dagger ---
Downloading: https://oss.sonatype.org/content/repositories/snapshots/com/squareup/dagger/dagger/1.2.3-SNAPSHOT/maven-metadata.xml
            Uploading: https://oss.sonatype.org/content/repositories/snapshots/com/squareup/dagger/dagger/1.2.3-SNAPSHOT/dagger-1.2.3-20141220.081101-1.jar
2/60 KB     4/60 KB   6/60 KB   8/60 KB   10/60 KB   12/60 KB   14/60 KB   16/60 KB   18/60 KB   20/60 KB   22/60 KB   24/60 KB   26/60 KB   28/60 KB   30/60 KB   32/60 KB   34/60 KB   36/60 KB   38/60 KB   40/60 KB   42/60 KB   44/60 KB   46/60 KB   48/60 KB   50/60 KB   52/60 KB   54/60 KB   56/60 KB   58/60 KB   60/60 KB              Uploaded: https://oss.sonatype.org/content/repositories/snapshots/com/squareup/dagger/dagger/1.2.3-SNAPSHOT/dagger-1.2.3-20141220.081101-1.jar (60 KB at 125.9 KB/sec)
Uploading: https://oss.sonatype.org/content/repositories/snapshots/com/squareup/dagger/dagger/1.2.3-SNAPSHOT/dagger-1.2.3-20141220.081101-1.pom
2/3 KB     3/3 KB            Uploaded: https://oss.sonatype.org/content/repositories/snapshots/com/squareup/dagger/dagger/1.2.3-SNAPSHOT/dagger-1.2.3-20141220.081101-1.pom (3 KB at 11.0 KB/sec)
Downloading: https://oss.sonatype.org/content/repositories/snapshots/com/squareup/dagger/dagger/maven-metadata.xml
362/362 B               Downloaded: https://oss.sonatype.org/content/repositories/snapshots/com/squareup/dagger/dagger/maven-metadata.xml (362 B at 2.0 KB/sec)
Uploading: https://oss.sonatype.org/content/repositories/snapshots/com/squareup/dagger/dagger/1.2.3-SNAPSHOT/maven-metadata.xml
775/775 B               Uploaded: https://oss.sonatype.org/content/repositories/snapshots/com/squareup/dagger/dagger/1.2.3-SNAPSHOT/maven-metadata.xml (775 B at 3.7 KB/sec)
Uploading: https://oss.sonatype.org/content/repositories/snapshots/com/squareup/dagger/dagger/maven-metadata.xml
381/381 B               Uploaded: https://oss.sonatype.org/content/repositories/snapshots/com/squareup/dagger/dagger/maven-metadata.xml (381 B at 1.2 KB/sec)
Uploading: https://oss.sonatype.org/content/repositories/snapshots/com/squareup/dagger/dagger/1.2.3-SNAPSHOT/dagger-1.2.3-20141220.081101-1-sources.jar
2/46 KB     4/46 KB   6/46 KB   8/46 KB   10/46 KB   12/46 KB   14/46 KB   16/46 KB   18/46 KB   20/46 KB   22/46 KB   24/46 KB   26/46 KB   28/46 KB   30/46 KB   32/46 KB   34/46 KB   36/46 KB   38/46 KB   40/46 KB   42/46 KB   44/46 KB   46/46 KB              Uploaded: https://oss.sonatype.org/content/repositories/snapshots/com/squareup/dagger/dagger/1.2.3-SNAPSHOT/dagger-1.2.3-20141220.081101-1-sources.jar (46 KB at 175.4 KB/sec)
Uploading: https://oss.sonatype.org/content/repositories/snapshots/com/squareup/dagger/dagger/1.2.3-SNAPSHOT/maven-metadata.xml
989/989 B               Uploaded: https://oss.sonatype.org/content/repositories/snapshots/com/squareup/dagger/dagger/1.2.3-SNAPSHOT/maven-metadata.xml (989 B at 5.1 KB/sec)
Uploading: https://oss.sonatype.org/content/repositories/snapshots/com/squareup/dagger/dagger/1.2.3-SNAPSHOT/dagger-1.2.3-20141220.081101-1-javadoc.jar
2/60 KB     4/60 KB   6/60 KB   8/60 KB   10/60 KB   12/60 KB   14/60 KB   16/60 KB   18/60 KB   20/60 KB   22/60 KB   24/60 KB   26/60 KB   28/60 KB   30/60 KB   32/60 KB   34/60 KB   36/60 KB   38/60 KB   40/60 KB   42/60 KB   44/60 KB   46/60 KB   48/60 KB   50/60 KB   52/60 KB   54/60 KB   56/60 KB   58/60 KB   60/60 KB              Uploaded: https://oss.sonatype.org/content/repositories/snapshots/com/squareup/dagger/dagger/1.2.3-SNAPSHOT/dagger-1.2.3-20141220.081101-1-javadoc.jar (60 KB at 218.3 KB/sec)
Uploading: https://oss.sonatype.org/content/repositories/snapshots/com/squareup/dagger/dagger/1.2.3-SNAPSHOT/maven-metadata.xml
2/2 KB              Uploaded: https://oss.sonatype.org/content/repositories/snapshots/com/squareup/dagger/dagger/1.2.3-SNAPSHOT/maven-metadata.xml (2 KB at 6.1 KB/sec)
[INFO]                                                                         
[INFO] ------------------------------------------------------------------------
[INFO] Building Dagger Compiler 1.2.3-SNAPSHOT
[INFO] ------------------------------------------------------------------------
[INFO] 
[INFO] --- maven-clean-plugin:2.5:clean (default-clean) @ dagger-compiler ---
[INFO] Deleting /home/travis/build/square/dagger/compiler/target
[INFO] 
[INFO] >>> maven-source-plugin:2.4:jar (default-cli) > generate-sources @ dagger-compiler >>>
[INFO] 
[INFO] --- maven-enforcer-plugin:1.0:enforce (enforce-maven) @ dagger-compiler ---
[INFO] 
[INFO] <<< maven-source-plugin:2.4:jar (default-cli) < generate-sources @ dagger-compiler <<<
[INFO] 
[INFO] --- maven-source-plugin:2.4:jar (default-cli) @ dagger-compiler ---
[INFO] Building jar: /home/travis/build/square/dagger/compiler/target/dagger-compiler-1.2.3-SNAPSHOT-sources.jar
[INFO] 
[INFO] --- maven-javadoc-plugin:2.10.1:jar (default-cli) @ dagger-compiler ---
[INFO] 
Loading source files for package dagger.internal.codegen...
Constructing Javadoc information...
Standard Doclet version 1.7.0_72
Building tree for all the packages and classes...
Generating /home/travis/build/square/dagger/compiler/target/apidocs/dagger/internal/codegen/AdapterJavadocs.html...
Generating /home/travis/build/square/dagger/compiler/target/apidocs/dagger/internal/codegen/GraphAnalysisLoader.html...
Generating /home/travis/build/square/dagger/compiler/target/apidocs/dagger/internal/codegen/GraphAnalysisProcessor.html...
Generating /home/travis/build/square/dagger/compiler/target/apidocs/dagger/internal/codegen/GraphAnalysisStaticInjection.html...
Generating /home/travis/build/square/dagger/compiler/target/apidocs/dagger/internal/codegen/GraphVisualizer.html...
Generating /home/travis/build/square/dagger/compiler/target/apidocs/dagger/internal/codegen/GraphVizWriter.html...
Generating /home/travis/build/square/dagger/compiler/target/apidocs/dagger/internal/codegen/InjectAdapterProcessor.html...
Generating /home/travis/build/square/dagger/compiler/target/apidocs/dagger/internal/codegen/ModuleAdapterProcessor.html...
Generating /home/travis/build/square/dagger/compiler/target/apidocs/dagger/internal/codegen/ValidationProcessor.html...
Generating /home/travis/build/square/dagger/compiler/target/apidocs/dagger/internal/codegen/package-frame.html...
Generating /home/travis/build/square/dagger/compiler/target/apidocs/dagger/internal/codegen/package-summary.html...
Generating /home/travis/build/square/dagger/compiler/target/apidocs/dagger/internal/codegen/package-tree.html...
Generating /home/travis/build/square/dagger/compiler/target/apidocs/constant-values.html...
Generating /home/travis/build/square/dagger/compiler/target/apidocs/dagger/internal/codegen/class-use/ValidationProcessor.html...
Generating /home/travis/build/square/dagger/compiler/target/apidocs/dagger/internal/codegen/class-use/ModuleAdapterProcessor.html...
Generating /home/travis/build/square/dagger/compiler/target/apidocs/dagger/internal/codegen/class-use/InjectAdapterProcessor.html...
Generating /home/travis/build/square/dagger/compiler/target/apidocs/dagger/internal/codegen/class-use/GraphVizWriter.html...
Generating /home/travis/build/square/dagger/compiler/target/apidocs/dagger/internal/codegen/class-use/GraphVisualizer.html...
Generating /home/travis/build/square/dagger/compiler/target/apidocs/dagger/internal/codegen/class-use/GraphAnalysisStaticInjection.html...
Generating /home/travis/build/square/dagger/compiler/target/apidocs/dagger/internal/codegen/class-use/GraphAnalysisProcessor.html...
Generating /home/travis/build/square/dagger/compiler/target/apidocs/dagger/internal/codegen/class-use/GraphAnalysisLoader.html...
Generating /home/travis/build/square/dagger/compiler/target/apidocs/dagger/internal/codegen/class-use/AdapterJavadocs.html...
Generating /home/travis/build/square/dagger/compiler/target/apidocs/dagger/internal/codegen/package-use.html...
Building index for all the packages and classes...
Generating /home/travis/build/square/dagger/compiler/target/apidocs/overview-tree.html...
Generating /home/travis/build/square/dagger/compiler/target/apidocs/index-all.html...
Generating /home/travis/build/square/dagger/compiler/target/apidocs/deprecated-list.html...
Building index for all classes...
Generating /home/travis/build/square/dagger/compiler/target/apidocs/allclasses-frame.html...
Generating /home/travis/build/square/dagger/compiler/target/apidocs/allclasses-noframe.html...
Generating /home/travis/build/square/dagger/compiler/target/apidocs/index.html...
Generating /home/travis/build/square/dagger/compiler/target/apidocs/help-doc.html...
[INFO] Building jar: /home/travis/build/square/dagger/compiler/target/dagger-compiler-1.2.3-SNAPSHOT-javadoc.jar
[INFO] 
[INFO] --- maven-enforcer-plugin:1.0:enforce (enforce-maven) @ dagger-compiler ---
[INFO] 
[INFO] --- maven-resources-plugin:2.6:resources (default-resources) @ dagger-compiler ---
[INFO] Using 'UTF-8' encoding to copy filtered resources.
[INFO] Copying 1 resource
[INFO] 
[INFO] --- maven-compiler-plugin:3.1:compile (default-compile) @ dagger-compiler ---
[INFO] Changes detected - recompiling the module!
[INFO] Compiling 13 source files to /home/travis/build/square/dagger/compiler/target/classes
[WARNING] bootstrap class path not set in conjunction with -source 1.6
[INFO] 
[INFO] --- maven-checkstyle-plugin:2.10:checkstyle (default) @ dagger-compiler ---
[INFO] Starting audit...
Audit done.

[WARNING] Unable to locate Source XRef to link to - DISABLED
[INFO] 
[INFO] --- maven-resources-plugin:2.6:testResources (default-testResources) @ dagger-compiler ---
[INFO] Not copying test resources
[INFO] 
[INFO] --- maven-compiler-plugin:3.1:testCompile (default-testCompile) @ dagger-compiler ---
[INFO] Not compiling test sources
[INFO] 
[INFO] --- maven-compiler-plugin:3.1:testCompile (default-test-compile) @ dagger-compiler ---
[INFO] Not compiling test sources
[INFO] 
[INFO] --- maven-surefire-plugin:2.12.4:test (default-test) @ dagger-compiler ---
[INFO] Tests are skipped.
[INFO] 
[INFO] --- maven-jar-plugin:2.4:jar (default-jar) @ dagger-compiler ---
[INFO] Building jar: /home/travis/build/square/dagger/compiler/target/dagger-compiler-1.2.3-SNAPSHOT.jar
[INFO] 
[INFO] --- maven-assembly-plugin:2.2-beta-5:single (default) @ dagger-compiler ---
[INFO] META-INF/ already added, skipping
[INFO] META-INF/MANIFEST.MF already added, skipping
[INFO] META-INF/maven/ already added, skipping
[INFO] META-INF/MANIFEST.MF already added, skipping
[INFO] META-INF/ already added, skipping
[INFO] META-INF/maven/ already added, skipping
[INFO] com/ already added, skipping
[INFO] Building jar: /home/travis/build/square/dagger/compiler/target/dagger-compiler-1.2.3-SNAPSHOT-jar-with-dependencies.jar
[INFO] META-INF/ already added, skipping
[INFO] META-INF/MANIFEST.MF already added, skipping
[INFO] META-INF/maven/ already added, skipping
[INFO] META-INF/MANIFEST.MF already added, skipping
[INFO] META-INF/ already added, skipping
[INFO] META-INF/maven/ already added, skipping
[INFO] com/ already added, skipping
[INFO] 
[INFO] --- maven-invoker-plugin:1.7:install (integration-test) @ dagger-compiler ---
[INFO] Installing /home/travis/build/square/dagger/core/pom.xml to /home/travis/build/square/dagger/compiler/target/local-repo/com/squareup/dagger/dagger/1.2.3-SNAPSHOT/dagger-1.2.3-SNAPSHOT.pom
[INFO] Installing /home/travis/build/square/dagger/core/target/dagger-1.2.3-SNAPSHOT.jar to /home/travis/build/square/dagger/compiler/target/local-repo/com/squareup/dagger/dagger/1.2.3-SNAPSHOT/dagger-1.2.3-SNAPSHOT.jar
[INFO] Installing /home/travis/build/square/dagger/core/pom.xml to /home/travis/build/square/dagger/compiler/target/local-repo/com/squareup/dagger/dagger/1.2.3-SNAPSHOT/dagger-1.2.3-SNAPSHOT.pom
[INFO] Installing /home/travis/build/square/dagger/core/target/dagger-1.2.3-SNAPSHOT-sources.jar to /home/travis/build/square/dagger/compiler/target/local-repo/com/squareup/dagger/dagger/1.2.3-SNAPSHOT/dagger-1.2.3-SNAPSHOT-sources.jar
[INFO] Installing /home/travis/build/square/dagger/core/target/dagger-1.2.3-SNAPSHOT-javadoc.jar to /home/travis/build/square/dagger/compiler/target/local-repo/com/squareup/dagger/dagger/1.2.3-SNAPSHOT/dagger-1.2.3-SNAPSHOT-javadoc.jar
[INFO] Installing /home/travis/build/square/dagger/pom.xml to /home/travis/build/square/dagger/compiler/target/local-repo/com/squareup/dagger/dagger-parent/1.2.3-SNAPSHOT/dagger-parent-1.2.3-SNAPSHOT.pom
[INFO] Installing /home/travis/build/square/dagger/compiler/pom.xml to /home/travis/build/square/dagger/compiler/target/local-repo/com/squareup/dagger/dagger-compiler/1.2.3-SNAPSHOT/dagger-compiler-1.2.3-SNAPSHOT.pom
[INFO] Installing /home/travis/build/square/dagger/compiler/target/dagger-compiler-1.2.3-SNAPSHOT.jar to /home/travis/build/square/dagger/compiler/target/local-repo/com/squareup/dagger/dagger-compiler/1.2.3-SNAPSHOT/dagger-compiler-1.2.3-SNAPSHOT.jar
[INFO] Installing /home/travis/build/square/dagger/compiler/target/dagger-compiler-1.2.3-SNAPSHOT-sources.jar to /home/travis/build/square/dagger/compiler/target/local-repo/com/squareup/dagger/dagger-compiler/1.2.3-SNAPSHOT/dagger-compiler-1.2.3-SNAPSHOT-sources.jar
[INFO] Installing /home/travis/build/square/dagger/compiler/target/dagger-compiler-1.2.3-SNAPSHOT-javadoc.jar to /home/travis/build/square/dagger/compiler/target/local-repo/com/squareup/dagger/dagger-compiler/1.2.3-SNAPSHOT/dagger-compiler-1.2.3-SNAPSHOT-javadoc.jar
[INFO] Installing /home/travis/build/square/dagger/compiler/target/dagger-compiler-1.2.3-SNAPSHOT-jar-with-dependencies.jar to /home/travis/build/square/dagger/compiler/target/local-repo/com/squareup/dagger/dagger-compiler/1.2.3-SNAPSHOT/dagger-compiler-1.2.3-SNAPSHOT-jar-with-dependencies.jar
[INFO] 
[INFO] --- maven-invoker-plugin:1.7:run (integration-test) @ dagger-compiler ---
[INFO] Building: default-package-injected-type/pom.xml
[INFO] ..SUCCESS (9.3 s)
[INFO] Building: extension-graph-setvalues/pom.xml
[INFO] ..SUCCESS (3.5 s)
[INFO] Building: extension-graph/pom.xml
[INFO] ..SUCCESS (3.6 s)
[INFO] Building: final-field-inject/pom.xml
[INFO] run script verify.bsh
[INFO] ..FAILED (2.8 s)
[INFO]   The post-build script did not succeed. Sourced file: inline evaluation of: ``import dagger.testing.it.BuildLogValidator; import java.io.File;  File buildLog  . . . '' : Unknown class: BuildLogValidator
[INFO] Building: include-non-module/pom.xml
[INFO] ..SUCCESS (2.9 s)
[INFO] Building: inject-on-class/pom.xml
[INFO] run script verify.bsh
[INFO] ..FAILED (2.7 s)
[INFO]   The post-build script did not succeed. Sourced file: inline evaluation of: ``import dagger.testing.it.BuildLogValidator; import java.io.File;  File buildLog  . . . '' : Unknown class: BuildLogValidator
[INFO] Building: inject-parameterized-type/pom.xml
[INFO] ..SUCCESS (3.4 s)
[INFO] Building: inner-classes-complaint-injection/pom.xml
[INFO] run script verify.bsh
[INFO] ..FAILED (2.9 s)
[INFO]   The post-build script did not succeed. Sourced file: inline evaluation of: ``import dagger.testing.it.BuildLogValidator; import java.io.File;  File buildLog  . . . '' : Unknown class: BuildLogValidator
[INFO] Building: method-injection/pom.xml
[INFO] run script verify.bsh
[INFO] ..FAILED (3.0 s)
[INFO]   The post-build script did not succeed. Sourced file: inline evaluation of: ``import dagger.testing.it.BuildLogValidator; import java.io.File;  File buildLog  . . . '' : Unknown class: BuildLogValidator
[INFO] Building: missing-at-inject-constructor/pom.xml
[INFO] run script verify.bsh
[INFO] ..FAILED (3.0 s)
[INFO]   The post-build script did not succeed. Sourced file: inline evaluation of: ``import dagger.testing.it.BuildLogValidator; import java.io.File;  File buildLog  . . . '' : Unknown class: BuildLogValidator
[INFO] Building: module-type-validation/pom.xml
[INFO] run script verify.bsh
[INFO] ..FAILED (2.9 s)
[INFO]   The post-build script did not succeed. Sourced file: inline evaluation of: ``import dagger.testing.it.BuildLogValidator; import java.io.File;  File buildLog  . . . '' : Unknown class: BuildLogValidator
[INFO] Building: multiple-modules-setvalues/pom.xml
[INFO] ..SUCCESS (3.5 s)
[INFO] Building: multiple-provides-methods/pom.xml
[INFO] run script verify.bsh
[INFO] ..SUCCESS (4.0 s)
[INFO] Building: multiple-qualifiers/pom.xml
[INFO] run script verify.bsh
[INFO] ..FAILED (3.2 s)
[INFO]   The post-build script did not succeed. Sourced file: inline evaluation of: ``import dagger.testing.it.BuildLogValidator; import java.io.File;  File buildLog  . . . '' : Unknown class: BuildLogValidator
[INFO] Building: private-inject/pom.xml
[INFO] run script verify.bsh
[INFO] ..FAILED (3.1 s)
[INFO]   The post-build script did not succeed. Sourced file: inline evaluation of: ``import dagger.testing.it.BuildLogValidator; import java.io.File;  File buildLog  . . . '' : Unknown class: BuildLogValidator
[INFO] Building: provide-provider-or-lazy/pom.xml
[INFO] run script verify.bsh
[INFO] ..FAILED (3.3 s)
[INFO]   The post-build script did not succeed. Sourced file: inline evaluation of: ``import dagger.testing.it.BuildLogValidator; import java.io.File;  File buildLog  . . . '' : Unknown class: BuildLogValidator
[INFO] Building: provides-method-not-in-module/pom.xml
[INFO] run script verify.bsh
[INFO] ..FAILED (3.5 s)
[INFO]   The post-build script did not succeed. Sourced file: inline evaluation of: ``import dagger.testing.it.BuildLogValidator; import java.io.File;  File buildLog  . . . '' : Unknown class: BuildLogValidator
[INFO] Building: provides-method-with-throws-clause/pom.xml
[INFO] run script verify.bsh
[INFO] ..FAILED (3.3 s)
[INFO]   The post-build script did not succeed. Sourced file: inline evaluation of: ``import dagger.testing.it.BuildLogValidator; import java.io.File;  File buildLog  . . . '' : Unknown class: BuildLogValidator
[INFO] Building: qualifiers-on-invalid-elements-errors/pom.xml
[INFO] run script verify.bsh
[INFO] ..FAILED (3.5 s)
[INFO]   The post-build script did not succeed. Sourced file: inline evaluation of: ``import dagger.testing.it.BuildLogValidator; import java.io.File;  File buildLog  . . . '' : Unknown class: BuildLogValidator
[INFO] Building: qualifiers-on-invalid-elements-warnings/pom.xml
[INFO] run script verify.bsh
[INFO] ..FAILED (4.4 s)
[INFO]   The post-build script did not succeed. Sourced file: inline evaluation of: ``import dagger.testing.it.BuildLogValidator; import java.io.File;  File buildLog  . . . '' : Unknown class: BuildLogValidator
[INFO] Building: same-provides-method-name/pom.xml
[INFO] ..SUCCESS (4.2 s)
[INFO] Building: static-injected-binding-doesnt-fail-providers/pom.xml
[INFO] ..SUCCESS (4.0 s)
[INFO] Building: uninjectable-supertype/pom.xml
[INFO] ..SUCCESS (4.2 s)
[INFO] Building: valid-use-of-qualifiers/pom.xml
[INFO] ..SUCCESS (4.7 s)
[INFO] -------------------------------------------------
[INFO] Build Summary:
[INFO]   Passed: 11, Failed: 13, Errors: 0, Skipped: 0
[INFO] -------------------------------------------------
[ERROR] The following builds failed:
[ERROR] *  final-field-inject/pom.xml
[ERROR] *  inject-on-class/pom.xml
[ERROR] *  inner-classes-complaint-injection/pom.xml
[ERROR] *  method-injection/pom.xml
[ERROR] *  missing-at-inject-constructor/pom.xml
[ERROR] *  module-type-validation/pom.xml
[ERROR] *  multiple-qualifiers/pom.xml
[ERROR] *  private-inject/pom.xml
[ERROR] *  provide-provider-or-lazy/pom.xml
[ERROR] *  provides-method-not-in-module/pom.xml
[ERROR] *  provides-method-with-throws-clause/pom.xml
[ERROR] *  qualifiers-on-invalid-elements-errors/pom.xml
[ERROR] *  qualifiers-on-invalid-elements-warnings/pom.xml
[INFO] -------------------------------------------------
[INFO] ------------------------------------------------------------------------
[INFO] Reactor Summary:
[INFO] 
[INFO] Dagger (Parent) .................................... SUCCESS [  4.443 s]
[INFO] Dagger ............................................. SUCCESS [  8.202 s]
[INFO] Dagger Compiler .................................... FAILURE [01:33 min]
[INFO] Examples ........................................... SKIPPED
[INFO] Examples: Simple ................................... SKIPPED
[INFO] Examples: Android - Simple ......................... SKIPPED
[INFO] Examples: Android - Activity Graphs ................ SKIPPED
[INFO] ------------------------------------------------------------------------
[INFO] BUILD FAILURE
[INFO] ------------------------------------------------------------------------
[INFO] Total time: 01:49 min
[INFO] Finished at: 2014-12-20T08:12:37+00:00
[INFO] Final Memory: 38M/443M
[INFO] ------------------------------------------------------------------------
[ERROR] Failed to execute goal org.apache.maven.plugins:maven-invoker-plugin:1.7:run (integration-test) on project dagger-compiler: 13 builds failed. See console output above for details. -> [Help 1]
[ERROR] 
[ERROR] To see the full stack trace of the errors, re-run Maven with the -e switch.
[ERROR] Re-run Maven using the -X switch to enable full debug logging.
[ERROR] 
[ERROR] For more information about the errors and possible solutions, please read the following articles:
[ERROR] [Help 1] http://cwiki.apache.org/confluence/display/MAVEN/MojoFailureException
[ERROR] 
[ERROR] After correcting the problems, you can resume the build with the command
[ERROR]   mvn <goals> -rf :dagger-compiler
Snapshot deployed!
travis_time:end:1fdb1230:start=1419063047438065513,finish=1419063158523971092,duration=111085905579[0Ktravis_fold:end:after_success[0K
Done. Your build exited with 0.
