Using worker: worker-linux-docker-7d2c6c52.prod.travis-ci.org:travis-linux-6

travis_fold:start:system_info[0K[33;1mBuild system information[0m
Build language: android
[34m[1mBuild image provisioning date and time[0m
Thu Feb  5 15:09:33 UTC 2015
[34m[1mOperating System Details[0m
Distributor ID:	Ubuntu
Description:	Ubuntu 12.04.5 LTS
Release:	12.04
Codename:	precise
[34m[1mLinux Version[0m
3.13.0-29-generic
[34m[1mCookbooks Version[0m
a68419e https://github.com/travis-ci/travis-cookbooks/tree/a68419e
[34m[1mGCC version[0m
gcc (Ubuntu/Linaro 4.6.3-1ubuntu5) 4.6.3
Copyright (C) 2011 Free Software Foundation, Inc.
This is free software; see the source for copying conditions.  There is NO
warranty; not even for MERCHANTABILITY or FITNESS FOR A PARTICULAR PURPOSE.

[34m[1mLLVM version[0m
clang version 3.4 (tags/RELEASE_34/final)
Target: x86_64-unknown-linux-gnu
Thread model: posix
[34m[1mPre-installed Ruby versions[0m
ruby-1.9.3-p551
[34m[1mPre-installed Node.js versions[0m
v0.10.36
[34m[1mPre-installed Go versions[0m
1.4.1
[34m[1mRedis version[0m
redis-server 2.8.19
[34m[1mriak version[0m
2.0.2
[34m[1mMongoDB version[0m
MongoDB 2.4.12
[34m[1mCouchDB version[0m
couchdb 1.6.1
[34m[1mNeo4j version[0m
1.9.4
[34m[1mRabbitMQ Version[0m
3.4.3
[34m[1mElasticSearch version[0m
1.4.0
[34m[1mInstalled Sphinx versions[0m
2.0.10
2.1.9
2.2.6
[34m[1mDefault Sphinx version[0m
2.2.6
[34m[1mInstalled Firefox version[0m
firefox 31.0esr
[34m[1mPhantomJS version[0m
1.9.8
[34m[1mant -version[0m
Apache Ant(TM) version 1.8.2 compiled on December 3 2011
[34m[1mmvn -version[0m
Apache Maven 3.2.5 (12a6b3acb947671f09b81f49094c53f426d8cea1; 2014-12-14T17:29:23+00:00)
Maven home: /usr/local/maven
Java version: 1.7.0_76, vendor: Oracle Corporation
Java home: /usr/lib/jvm/java-7-oracle/jre
Default locale: en_US, platform encoding: ANSI_X3.4-1968
OS name: "linux", version: "3.13.0-29-generic", arch: "amd64", family: "unix"
travis_fold:end:system_info[0K
travis_fold:start:git.checkout[0Ktravis_time:start:0c86874a[0K$ git clone --depth=50 --branch=master git://github.com/square/dagger.git square/dagger
Cloning into 'square/dagger'...
remote: Counting objects: 1086, done.[K
remote: Compressing objects:   0% (1/597)   [Kremote: Compressing objects:   1% (6/597)   [Kremote: Compressing objects:   2% (12/597)   [Kremote: Compressing objects:   3% (18/597)   [Kremote: Compressing objects:   4% (24/597)   [Kremote: Compressing objects:   5% (30/597)   [Kremote: Compressing objects:   6% (36/597)   [Kremote: Compressing objects:   7% (42/597)   [Kremote: Compressing objects:   8% (48/597)   [Kremote: Compressing objects:   9% (54/597)   [Kremote: Compressing objects:  10% (60/597)   [Kremote: Compressing objects:  11% (66/597)   [Kremote: Compressing objects:  12% (72/597)   [Kremote: Compressing objects:  13% (78/597)   [Kremote: Compressing objects:  14% (84/597)   [Kremote: Compressing objects:  15% (90/597)   [Kremote: Compressing objects:  16% (96/597)   [Kremote: Compressing objects:  17% (102/597)   [Kremote: Compressing objects:  18% (108/597)   [Kremote: Compressing objects:  19% (114/597)   [Kremote: Compressing objects:  20% (120/597)   [Kremote: Compressing objects:  21% (126/597)   [Kremote: Compressing objects:  22% (132/597)   [Kremote: Compressing objects:  23% (138/597)   [Kremote: Compressing objects:  24% (144/597)   [Kremote: Compressing objects:  25% (150/597)   [Kremote: Compressing objects:  26% (156/597)   [Kremote: Compressing objects:  27% (162/597)   [Kremote: Compressing objects:  28% (168/597)   [Kremote: Compressing objects:  29% (174/597)   [Kremote: Compressing objects:  30% (180/597)   [Kremote: Compressing objects:  31% (186/597)   [Kremote: Compressing objects:  32% (192/597)   [Kremote: Compressing objects:  33% (198/597)   [Kremote: Compressing objects:  34% (203/597)   [Kremote: Compressing objects:  35% (209/597)   [Kremote: Compressing objects:  36% (215/597)   [Kremote: Compressing objects:  37% (221/597)   [Kremote: Compressing objects:  38% (227/597)   [Kremote: Compressing objects:  39% (233/597)   [Kremote: Compressing objects:  40% (239/597)   [Kremote: Compressing objects:  41% (245/597)   [Kremote: Compressing objects:  42% (251/597)   [Kremote: Compressing objects:  43% (257/597)   [Kremote: Compressing objects:  44% (263/597)   [Kremote: Compressing objects:  45% (269/597)   [Kremote: Compressing objects:  46% (275/597)   [Kremote: Compressing objects:  47% (281/597)   [Kremote: Compressing objects:  48% (287/597)   [Kremote: Compressing objects:  49% (293/597)   [Kremote: Compressing objects:  50% (299/597)   [Kremote: Compressing objects:  51% (305/597)   [Kremote: Compressing objects:  52% (311/597)   [Kremote: Compressing objects:  53% (317/597)   [Kremote: Compressing objects:  54% (323/597)   [Kremote: Compressing objects:  55% (329/597)   [Kremote: Compressing objects:  56% (335/597)   [Kremote: Compressing objects:  57% (341/597)   [Kremote: Compressing objects:  58% (347/597)   [Kremote: Compressing objects:  59% (353/597)   [Kremote: Compressing objects:  60% (359/597)   [Kremote: Compressing objects:  61% (365/597)   [Kremote: Compressing objects:  62% (371/597)   [Kremote: Compressing objects:  63% (377/597)   [Kremote: Compressing objects:  64% (383/597)   [Kremote: Compressing objects:  65% (389/597)   [Kremote: Compressing objects:  66% (395/597)   [Kremote: Compressing objects:  67% (400/597)   [Kremote: Compressing objects:  68% (406/597)   [Kremote: Compressing objects:  69% (412/597)   [Kremote: Compressing objects:  70% (418/597)   [Kremote: Compressing objects:  71% (424/597)   [Kremote: Compressing objects:  72% (430/597)   [Kremote: Compressing objects:  73% (436/597)   [Kremote: Compressing objects:  74% (442/597)   [Kremote: Compressing objects:  75% (448/597)   [Kremote: Compressing objects:  76% (454/597)   [Kremote: Compressing objects:  77% (460/597)   [Kremote: Compressing objects:  78% (466/597)   [Kremote: Compressing objects:  79% (472/597)   [Kremote: Compressing objects:  80% (478/597)   [Kremote: Compressing objects:  81% (484/597)   [Kremote: Compressing objects:  82% (490/597)   [Kremote: Compressing objects:  83% (496/597)   [Kremote: Compressing objects:  84% (502/597)   [Kremote: Compressing objects:  85% (508/597)   [Kremote: Compressing objects:  86% (514/597)   [Kremote: Compressing objects:  87% (520/597)   [Kremote: Compressing objects:  88% (526/597)   [Kremote: Compressing objects:  89% (532/597)   [Kremote: Compressing objects:  90% (538/597)   [Kremote: Compressing objects:  91% (544/597)   [Kremote: Compressing objects:  92% (550/597)   [Kremote: Compressing objects:  93% (556/597)   [Kremote: Compressing objects:  94% (562/597)   [Kremote: Compressing objects:  95% (568/597)   [Kremote: Compressing objects:  96% (574/597)   [Kremote: Compressing objects:  97% (580/597)   [Kremote: Compressing objects:  98% (586/597)   [Kremote: Compressing objects:  99% (592/597)   [Kremote: Compressing objects: 100% (597/597)   [Kremote: Compressing objects: 100% (597/597), done.[K
Receiving objects:   0% (1/1086)   Receiving objects:   1% (11/1086)   Receiving objects:   2% (22/1086)   Receiving objects:   3% (33/1086)   Receiving objects:   4% (44/1086)   Receiving objects:   5% (55/1086)   Receiving objects:   6% (66/1086)   Receiving objects:   7% (77/1086)   Receiving objects:   8% (87/1086)   Receiving objects:   9% (98/1086)   Receiving objects:  10% (109/1086)   Receiving objects:  11% (120/1086)   Receiving objects:  12% (131/1086)   Receiving objects:  13% (142/1086)   Receiving objects:  14% (153/1086)   Receiving objects:  15% (163/1086)   Receiving objects:  16% (174/1086)   Receiving objects:  17% (185/1086)   Receiving objects:  18% (196/1086)   Receiving objects:  19% (207/1086)   Receiving objects:  20% (218/1086)   Receiving objects:  21% (229/1086)   Receiving objects:  22% (239/1086)   Receiving objects:  23% (250/1086)   Receiving objects:  24% (261/1086)   Receiving objects:  25% (272/1086)   Receiving objects:  26% (283/1086)   Receiving objects:  27% (294/1086)   Receiving objects:  28% (305/1086)   Receiving objects:  29% (315/1086)   Receiving objects:  30% (326/1086)   Receiving objects:  31% (337/1086)   Receiving objects:  32% (348/1086)   Receiving objects:  33% (359/1086)   Receiving objects:  34% (370/1086)   Receiving objects:  35% (381/1086)   Receiving objects:  36% (391/1086)   Receiving objects:  37% (402/1086)   Receiving objects:  38% (413/1086)   Receiving objects:  39% (424/1086)   Receiving objects:  40% (435/1086)   Receiving objects:  41% (446/1086)   Receiving objects:  42% (457/1086)   Receiving objects:  43% (467/1086)   Receiving objects:  44% (478/1086)   Receiving objects:  45% (489/1086)   Receiving objects:  46% (500/1086)   Receiving objects:  47% (511/1086)   Receiving objects:  48% (522/1086)   Receiving objects:  49% (533/1086)   Receiving objects:  50% (543/1086)   Receiving objects:  51% (554/1086)   Receiving objects:  52% (565/1086)   Receiving objects:  53% (576/1086)   Receiving objects:  54% (587/1086)   Receiving objects:  55% (598/1086)   Receiving objects:  56% (609/1086)   Receiving objects:  57% (620/1086)   Receiving objects:  58% (630/1086)   Receiving objects:  59% (641/1086)   Receiving objects:  60% (652/1086)   Receiving objects:  61% (663/1086)   Receiving objects:  62% (674/1086)   Receiving objects:  63% (685/1086)   Receiving objects:  64% (696/1086)   remote: Total 1086 (delta 357), reused 916 (delta 222), pack-reused 0[K
Receiving objects:  65% (706/1086)   Receiving objects:  66% (717/1086)   Receiving objects:  67% (728/1086)   Receiving objects:  68% (739/1086)   Receiving objects:  69% (750/1086)   Receiving objects:  70% (761/1086)   Receiving objects:  71% (772/1086)   Receiving objects:  72% (782/1086)   Receiving objects:  73% (793/1086)   Receiving objects:  74% (804/1086)   Receiving objects:  75% (815/1086)   Receiving objects:  76% (826/1086)   Receiving objects:  77% (837/1086)   Receiving objects:  78% (848/1086)   Receiving objects:  79% (858/1086)   Receiving objects:  80% (869/1086)   Receiving objects:  81% (880/1086)   Receiving objects:  82% (891/1086)   Receiving objects:  83% (902/1086)   Receiving objects:  84% (913/1086)   Receiving objects:  85% (924/1086)   Receiving objects:  86% (934/1086)   Receiving objects:  87% (945/1086)   Receiving objects:  88% (956/1086)   Receiving objects:  89% (967/1086)   Receiving objects:  90% (978/1086)   Receiving objects:  91% (989/1086)   Receiving objects:  92% (1000/1086)   Receiving objects:  93% (1010/1086)   Receiving objects:  94% (1021/1086)   Receiving objects:  95% (1032/1086)   Receiving objects:  96% (1043/1086)   Receiving objects:  97% (1054/1086)   Receiving objects:  98% (1065/1086)   Receiving objects:  99% (1076/1086)   Receiving objects: 100% (1086/1086)   Receiving objects: 100% (1086/1086), 340.87 KiB | 0 bytes/s, done.
Resolving deltas:   0% (0/357)   Resolving deltas:   3% (11/357)   Resolving deltas:   4% (15/357)   Resolving deltas:  15% (55/357)   Resolving deltas:  29% (104/357)   Resolving deltas:  32% (115/357)   Resolving deltas:  33% (119/357)   Resolving deltas:  35% (125/357)   Resolving deltas:  37% (134/357)   Resolving deltas:  38% (136/357)   Resolving deltas:  39% (140/357)   Resolving deltas:  40% (146/357)   Resolving deltas:  41% (149/357)   Resolving deltas:  42% (151/357)   Resolving deltas:  43% (154/357)   Resolving deltas:  44% (160/357)   Resolving deltas:  45% (164/357)   Resolving deltas:  46% (166/357)   Resolving deltas:  52% (187/357)   Resolving deltas:  57% (204/357)   Resolving deltas:  58% (210/357)   Resolving deltas:  59% (211/357)   Resolving deltas:  60% (217/357)   Resolving deltas:  61% (221/357)   Resolving deltas:  62% (222/357)   Resolving deltas:  63% (225/357)   Resolving deltas:  64% (229/357)   Resolving deltas:  65% (233/357)   Resolving deltas:  66% (236/357)   Resolving deltas:  67% (240/357)   Resolving deltas:  68% (243/357)   Resolving deltas:  70% (250/357)   Resolving deltas:  71% (255/357)   Resolving deltas:  73% (263/357)   Resolving deltas:  74% (265/357)   Resolving deltas:  77% (275/357)   Resolving deltas:  78% (282/357)   Resolving deltas:  80% (288/357)   Resolving deltas:  82% (295/357)   Resolving deltas:  84% (301/357)   Resolving deltas:  95% (340/357)   Resolving deltas:  97% (348/357)   Resolving deltas:  98% (350/357)   Resolving deltas: 100% (357/357)   Resolving deltas: 100% (357/357), done.
Checking connectivity... done.
travis_time:end:0c86874a:start=1425420816275261995,finish=1425420816475838323,duration=200576328[0K$ cd square/dagger
$ git checkout -qf b5c651713188d1871f98fa0b7fe6353853170aad
travis_fold:end:git.checkout[0K
[33;1mThis job is running on container-based infrastructure, which does not allow use of 'sudo', setuid and setguid executables.[0m
[33;1mSee http://docs.travis-ci.com/user/workers/container-based-infrastructure/ for details.[0m

[33;1mSetting environment variables from .travis.yml[0m
$ export CI_DEPLOY_USERNAME=[secure]
$ export CI_DEPLOY_PASSWORD=[secure]

travis_fold:start:cache.1[0KSetting up build cache
$ export CASHER_DIR=$HOME/.casher
travis_time:start:01c97830[0K$ Installing caching utilities
travis_time:end:01c97830:start=1425420819217420874,finish=1425420819525667598,duration=308246724[0Ktravis_time:start:11a98104[0Kattempting to download cache archive
could not download cache
travis_time:end:11a98104:start=1425420819530170475,finish=1425420819846457341,duration=316286866[0Ktravis_time:start:0e3a8550[0Kadding /home/travis/.m2 to cache
/home/travis/.m2 is not yet cached
travis_time:end:0e3a8550:start=1425420819850378742,finish=1425420820101893433,duration=251514691[0Ktravis_fold:end:cache.1[0K$ jdk_switcher use oraclejdk7
Switching to Oracle JDK7 (java-7-oracle), JAVA_HOME will be set to /usr/lib/jvm/java-7-oracle
travis_fold:start:android.install[0KInstalling Android dependencies
travis_time:start:04b9a020[0K$ android-update-sdk --components=build-tools-20.0.0 --accept-licenses='android-sdk-license-5be876d5'
Installing build-tools-20.0.0
spawn android update sdk --no-ui --all --filter build-tools-20.0.0
Refresh Sources:
  Fetching https://dl-ssl.google.com/android/repository/addons_list-2.xml
  Validate XML
  Parse XML
  Fetched Add-ons List successfully
  Refresh Sources
  Fetching URL: https://dl-ssl.google.com/android/repository/repository-10.xml
  Validate XML: https://dl-ssl.google.com/android/repository/repository-10.xml
  Parse XML:    https://dl-ssl.google.com/android/repository/repository-10.xml
  Fetching URL: https://dl-ssl.google.com/android/repository/addon.xml
  Validate XML: https://dl-ssl.google.com/android/repository/addon.xml
  Parse XML:    https://dl-ssl.google.com/android/repository/addon.xml
  Fetching URL: https://dl-ssl.google.com/android/repository/addon-6.xml
  Validate XML: https://dl-ssl.google.com/android/repository/addon-6.xml
  Parse XML:    https://dl-ssl.google.com/android/repository/addon-6.xml
  Fetching URL: https://dl-ssl.google.com/glass/gdk/addon.xml
  Validate XML: https://dl-ssl.google.com/glass/gdk/addon.xml
  Parse XML:    https://dl-ssl.google.com/glass/gdk/addon.xml
  Fetching URL: https://dl-ssl.google.com/android/repository/extras/intel/addon.xml
  Validate XML: https://dl-ssl.google.com/android/repository/extras/intel/addon.xml
  Parse XML:    https://dl-ssl.google.com/android/repository/extras/intel/addon.xml
  Fetching URL: https://dl-ssl.google.com/android/repository/sys-img/android/sys-img.xml
  Validate XML: https://dl-ssl.google.com/android/repository/sys-img/android/sys-img.xml
  Parse XML:    https://dl-ssl.google.com/android/repository/sys-img/android/sys-img.xml
  Fetching URL: https://dl-ssl.google.com/android/repository/sys-img/android-wear/sys-img.xml
  Validate XML: https://dl-ssl.google.com/android/repository/sys-img/android-wear/sys-img.xml
  Parse XML:    https://dl-ssl.google.com/android/repository/sys-img/android-wear/sys-img.xml
  Fetching URL: https://dl-ssl.google.com/android/repository/sys-img/android-tv/sys-img.xml
  Validate XML: https://dl-ssl.google.com/android/repository/sys-img/android-tv/sys-img.xml
  Parse XML:    https://dl-ssl.google.com/android/repository/sys-img/android-tv/sys-img.xml
  Fetching URL: https://dl-ssl.google.com/android/repository/sys-img/google_apis/sys-img.xml
  Validate XML: https://dl-ssl.google.com/android/repository/sys-img/google_apis/sys-img.xml
  Parse XML:    https://dl-ssl.google.com/android/repository/sys-img/google_apis/sys-img.xml
  Fetching URL: https://dl-ssl.google.com/android/repository/sys-img/x86/addon-x86.xml
  Validate XML: https://dl-ssl.google.com/android/repository/sys-img/x86/addon-x86.xml
  Parse XML:    https://dl-ssl.google.com/android/repository/sys-img/x86/addon-x86.xml
-------------------------------
License id: android-sdk-license-5be876d5
Used by: 
 - Android SDK Build-tools, revision 20
-------------------------------

To get started with the Android SDK, you must agree to the following terms and conditions.

This is the Android SDK License Agreement (the "License Agreement").

1. Introduction

1.1 The Android SDK (referred to in the License Agreement as the "SDK" and specifically including the Android system files, packaged APIs, and SDK library files and tools , if and when they are made available) is licensed to you subject to the terms of the License Agreement. The License Agreement forms a legally binding contract between you and Google in relation to your use of the SDK.

1.2 "Android" means the Android software stack for devices, as made available under the Android Open Source Project, which is located at the following URL: http://source.android.com/, as updated from time to time.

1.3 "Google" means Google Inc., a Delaware corporation with principal place of business at 1600 Amphitheatre Parkway, Mountain View, CA 94043, United States.

2. Accepting the License Agreement

2.1 In order to use the SDK, you must first agree to the License Agreement. You may not use the SDK if you do not accept the License Agreement.

2.2 By clicking to accept and/or using the SDK, you hereby agree to the terms of the License Agreement.

2.3 You may not use the SDK and may not accept the License Agreement if you are a person barred from receiving the SDK under the laws of the United States or other countries including the country in which you are resident or from which you use the SDK.

2.4 If you will use the SDK internally within your company or organization you agree to be bound by the License Agreement on behalf of your employer or other entity, and you represent and warrant that you have full legal authority to bind your employer or such entity to the License Agreement. If you do not have the requisite authority, you may not accept the License Agreement or use the SDK on behalf of your employer or other entity.

3. SDK License from Google

3.1 Subject to the terms of the License Agreement, Google grants you a royalty-free, non-assignable, non-exclusive, non-sublicensable, limited, revocable license to use the SDK, personally or internally within your company or organization, solely to develop and distribute applications to run on the Android platform.

3.2 You agree that Google or third parties own all legal right, title and interest in and to the SDK, including any Intellectual Property Rights that subsist in the SDK. "Intellectual Property Rights" means any and all rights under patent law, copyright law, trade secret law, trademark law, and any and all other proprietary rights. Google reserves all rights not expressly granted to you.

3.3 You may not use the SDK for any purpose not expressly permitted by the License Agreement. Except to the extent required by applicable third party licenses, you may not: (a) copy (except for backup purposes), modify, adapt, redistribute, decompile, reverse engineer, disassemble, or create derivative works of the SDK or any part of the SDK; or (b) load any part of the SDK onto a mobile handset or any other hardware device except a personal computer, combine any part of the SDK with other software, or distribute any software or device incorporating a part of the SDK.

3.4 You agree that you will not take any actions that may cause or result in the fragmentation of Android, including but not limited to distributing, participating in the creation of, or promoting in any way a software development kit derived from the SDK.

3.5 Use, reproduction and distribution of components of the SDK licensed under an open source software license are governed solely by the terms of that open source software license and not the License Agreement. You agree to remain a licensee in good standing in regard to such open source software licenses under all the rights granted and to refrain from any actions that may terminate, suspend, or breach such rights.

3.6 You agree that the form and nature of the SDK that Google provides may change without prior notice to you and that future versions of the SDK may be incompatible with applications developed on previous versions of the SDK. You agree that Google may stop (permanently or temporarily) providing the SDK (or any features within the SDK) to you or to users generally at Google's sole discretion, without prior notice to you.

3.7 Nothing in the License Agreement gives you a right to use any of Google's trade names, trademarks, service marks, logos, domain names, or other distinctive brand features.

3.8 You agree that you will not remove, obscure, or alter any proprietary rights notices (including copyright and trademark notices) that may be affixed to or contained within the SDK.

4. Use of the SDK by You

4.1 Google agrees that nothing in the License Agreement gives Google any right, title or interest from you (or your licensors) under the License Agreement in or to any software applications that you develop using the SDK, including any intellectual property rights that subsist in those applications.

4.2 You agree to use the SDK and write applications only for purposes that are permitted by (a) the License Agreement, and (b) any applicable law, regulation or generally accepted practices or guidelines in the relevant jurisdictions (including any laws regarding the export of data or software to and from the United States or other relevant countries).

4.3 You agree that if you use the SDK to develop applications, you will protect the privacy and legal rights of users. If users provide you with user names, passwords, or other login information or personal information, you must make the users aware that the information will be available to your application, and you must provide legally adequate privacy notice and protection for those users. If your application stores personal or sensitive information provided by users, it must do so securely. If users provide you with Google Account information, your application may only use that information to access the user's Google Account when, and for the limited purposes for which, each user has given you permission to do so.

4.4 You agree that you will not engage in any activity with the SDK, including the development or distribution of an application, that interferes with, disrupts, damages, or accesses in an unauthorized manner the servers, networks, or other properties or services of Google or any third party.

4.5 You agree that you are solely responsible for (and that Google has no responsibility to you or to any third party for) any data, content, or resources that you create, transmit or display through Android and/or applications for Android, and for the consequences of your actions (including any loss or damage which Google may suffer) by doing so.

4.6 You agree that you are solely responsible for (and that Google has no responsibility to you or to any third party for) any breach of your obligations under the License Agreement, any applicable third party contract or Terms of Service, or any applicable law or regulation, and for the consequences (including any loss or damage which Google or any third party may suffer) of any such breach.

5. Your Developer Credentials

5.1 You agree that you are responsible for maintaining the confidentiality of any developer credentials that may be issued to you by Google or which you may choose yourself and that you will be solely responsible for all applications that are developed under your developer credentials.

6. Privacy and Information

6.1 In order to continually innovate and improve the SDK, Google may collect certain usage statistics from the software including but not limited to a unique identifier, associated IP address, version number of the software, and information on which tools and/or services in the SDK are being used and how they are being used. Before any of this information is collected, the SDK will notify you and seek your consent. If you withhold consent, the information will not be collected.

6.2 The data collected is examined in the aggregate to improve the SDK and is maintained in accordance with Google's Privacy Policy located at http://www.google.com/policies/privacy/.

7. Third Party Applications

7.1 If you use the SDK to run applications developed by a third party or that access data, content or resources provided by a third party, you agree that Google is not responsible for those applications, data, content, or resources. You understand that all data, content or resources which you may access through such third party applications are the sole responsibility of the person from which they originated and that Google is not liable for any loss or damage that you may experience as a result of the use or access of any of those third party applications, data, content, or resources.

7.2 You should be aware the data, content, and resources presented to you through such a third party application may be protected by intellectual property rights which are owned by the providers (or by other persons or companies on their behalf). You may not modify, rent, lease, loan, sell, distribute or create derivative works based on these data, content, or resources (either in whole or in part) unless you have been specifically given permission to do so by the relevant owners.

7.3 You acknowledge that your use of such third party applications, data, content, or resources may be subject to separate terms between you and the relevant third party.

8. Using Google APIs

8.1 Google APIs

8.1.1 If you use any API to retrieve data from Google, you acknowledge that the data may be protected by intellectual property rights which are owned by Google or those parties that provide the data (or by other persons or companies on their behalf). Your use of any such API may be subject to additional Terms of Service. You may not modify, rent, lease, loan, sell, distribute or create derivative works based on this data (either in whole or in part) unless allowed by the relevant Terms of Service.

8.1.2 If you use any API to retrieve a user's data from Google, you acknowledge and agree that you shall retrieve data only with the user's explicit consent and only when, and for the limited purposes for which, the user has given you permission to do so.

9. Terminating the License Agreement

9.1 The License Agreement will continue to apply until terminated by either you or Google as set out below.

9.2 If you want to terminate the License Agreement, you may do so by ceasing your use of the SDK and any relevant developer credentials.

9.3 Google may at any time, terminate the License Agreement, with or without cause, upon notice to you.

9.4 The License Agreement will automatically terminate without notice or other action when Google ceases to provide the SDK or certain parts of the SDK to users in the country in which you are resident or from which you use the service.

9.5 When the License Agreement is terminated, the license granted to you in the License Agreement will terminate, you will immediately cease all use of the SDK, and the provisions of paragraphs 10, 11, 12 and 14 shall survive indefinitely.

10. DISCLAIMERS

10.1 YOU EXPRESSLY UNDERSTAND AND AGREE THAT YOUR USE OF THE SDK IS AT YOUR SOLE RISK AND THAT THE SDK IS PROVIDED "AS IS" AND "AS AVAILABLE" WITHOUT WARRANTY OF ANY KIND FROM GOOGLE.

10.2 YOUR USE OF THE SDK AND ANY MATERIAL DOWNLOADED OR OTHERWISE OBTAINED THROUGH THE USE OF THE SDK IS AT YOUR OWN DISCRETION AND RISK AND YOU ARE SOLELY RESPONSIBLE FOR ANY DAMAGE TO YOUR COMPUTER SYSTEM OR OTHER DEVICE OR LOSS OF DATA THAT RESULTS FROM SUCH USE. WITHOUT LIMITING THE FOREGOING, YOU UNDERSTAND THAT THE SDK MAY CONTAIN ERRORS, DEFECTS AND SECURITY VULNERABILITIES THAT CAN RESULT IN SIGNIFICANT DAMAGE, INCLUDING THE COMPLETE, IRRECOVERABLE LOSS OF USE OF YOUR COMPUTER SYSTEM OR OTHER DEVICE.

10.3 GOOGLE FURTHER EXPRESSLY DISCLAIMS ALL WARRANTIES AND CONDITIONS OF ANY KIND, WHETHER EXPRESS OR IMPLIED, INCLUDING, BUT NOT LIMITED TO THE IMPLIED WARRANTIES AND CONDITIONS OF MERCHANTABILITY, FITNESS FOR A PARTICULAR PURPOSE AND NON-INFRINGEMENT.

11. LIMITATION OF LIABILITY

11.1 YOU EXPRESSLY UNDERSTAND AND AGREE THAT GOOGLE, ITS SUBSIDIARIES AND AFFILIATES, AND ITS LICENSORS SHALL NOT BE LIABLE TO YOU UNDER ANY THEORY OF LIABILITY FOR ANY DIRECT, INDIRECT, INCIDENTAL, SPECIAL, CONSEQUENTIAL OR EXEMPLARY DAMAGES THAT MAY BE INCURRED BY YOU, INCLUDING ANY LOSS OF DATA, WHETHER OR NOT GOOGLE OR ITS REPRESENTATIVES HAVE BEEN ADVISED OF OR SHOULD HAVE BEEN AWARE OF THE POSSIBILITY OF ANY SUCH LOSSES ARISING.

12. Indemnification

12.1 To the maximum extent permitted by law, you agree to defend, indemnify and hold harmless Google, its affiliates and their respective directors, officers, employees and agents from and against any and all claims, actions, suits or proceedings, as well as any and all losses, liabilities, damages, costs and expenses (including reasonable attorneysâ€™ fees) arising out of or accruing from (a) your use of the SDK, (b) any application you develop on the SDK that infringes any Intellectual Property Rights of any person or defames any person or violates their rights of publicity or privacy, and (c) any non-compliance by you of the License Agreement.

13. Changes to the License Agreement

13.1 Google may make changes to the License Agreement as it distributes new versions of the SDK. When these changes are made, Google will make a new version of the License Agreement available on the website where the SDK is made available.

14. General Legal Terms

14.1 The License Agreement constitutes the whole legal agreement between you and Google and governs your use of the SDK (excluding any services which Google may provide to you under a separate written agreement), and completely replaces any prior agreements between you and Google in relation to the SDK.

14.2 You agree that if Google does not exercise or enforce any legal right or remedy which is contained in the License Agreement (or which Google has the benefit of under any applicable law), this will not be taken to be a formal waiver of Google's rights and that those rights or remedies will still be available to Google.

14.3 If any court of law, having the jurisdiction to decide on this matter, rules that any provision of the License Agreement is invalid, then that provision will be removed from the License Agreement without affecting the rest of the License Agreement. The remaining provisions of the License Agreement will continue to be valid and enforceable.

14.4 You acknowledge and agree that each member of the group of companies of which Google is the parent shall be third party beneficiaries to the License Agreement and that such other companies shall be entitled to directly enforce, and rely upon, any provision of the License Agreement that confers a benefit on (or rights in favor of) them. Other than this, no other person or company shall be third party beneficiaries to the License Agreement.

14.5 EXPORT RESTRICTIONS. THE SDK IS SUBJECT TO UNITED STATES EXPORT LAWS AND REGULATIONS. YOU MUST COMPLY WITH ALL DOMESTIC AND INTERNATIONAL EXPORT LAWS AND REGULATIONS THAT APPLY TO THE SDK. THESE LAWS INCLUDE RESTRICTIONS ON DESTINATIONS, END USERS AND END USE.

14.6 The License Agreement may not be assigned or transferred by you without the prior written approval of Google, and any attempted assignment without such approval will be void. You shall not delegate your responsibilities or obligations under the License Agreement without the prior written approval of Google.

14.7 The License Agreement, and your relationship with Google under the License Agreement, shall be governed by the laws of the State of California without regard to its conflict of laws provisions. You and Google agree to submit to the exclusive jurisdiction of the courts located within the county of Santa Clara, California to resolve any legal matter arising from the License Agreement. Notwithstanding this, you agree that Google shall still be allowed to apply for injunctive remedies (or an equivalent type of urgent legal relief) in any jurisdiction.

June 2014.
    
Do you accept the license 'android-sdk-license-5be876d5' [y/n]: y

Installing Archives:
  Preparing to install archives
  Downloading Android SDK Build-tools, revision 20
     (23%, 2333 KiB/s, 6 seconds left)     (27%, 1792 KiB/s, 8 seconds left)     (29%, 1473 KiB/s, 10 seconds left)     (32%, 1313 KiB/s, 10 seconds left)     (35%, 1185 KiB/s, 11 seconds left)     (38%, 1112 KiB/s, 11 seconds left)     (40%, 1045 KiB/s, 11 seconds left)     (44%, 1002 KiB/s, 11 seconds left)     (47%, 950 KiB/s, 11 seconds left)     (48%, 898 KiB/s, 11 seconds left)     (51%, 872 KiB/s, 11 seconds left)     (54%, 853 KiB/s, 11 seconds left)     (57%, 832 KiB/s, 10 seconds left)     (60%, 824 KiB/s, 9 seconds left)     (63%, 811 KiB/s, 9 seconds left)     (66%, 796 KiB/s, 8 seconds left)     (69%, 788 KiB/s, 8 seconds left)     (72%, 782 KiB/s, 7 seconds left)     (74%, 766 KiB/s, 6 seconds left)     (79%, 775 KiB/s, 5 seconds left)     (82%, 767 KiB/s, 4 seconds left)     (85%, 763 KiB/s, 3 seconds left)     (88%, 755 KiB/s, 3 seconds left)     (91%, 754 KiB/s, 2 seconds left)     (95%, 750 KiB/s, 1 seconds left)     (97%, 743 KiB/s, 0 seconds left)  Installing Android SDK Build-tools, revision 20
  Unzipping Android SDK Build-tools, revision 20 (2%)  Unzipping Android SDK Build-tools, revision 20 (4%)  Unzipping Android SDK Build-tools, revision 20 (5%)  Unzipping Android SDK Build-tools, revision 20 (6%)  Unzipping Android SDK Build-tools, revision 20 (7%)  Unzipping Android SDK Build-tools, revision 20 (8%)  Unzipping Android SDK Build-tools, revision 20 (9%)  Unzipping Android SDK Build-tools, revision 20 (10%)  Unzipping Android SDK Build-tools, revision 20 (11%)  Unzipping Android SDK Build-tools, revision 20 (12%)  Unzipping Android SDK Build-tools, revision 20 (13%)  Unzipping Android SDK Build-tools, revision 20 (18%)  Unzipping Android SDK Build-tools, revision 20 (20%)  Unzipping Android SDK Build-tools, revision 20 (21%)  Unzipping Android SDK Build-tools, revision 20 (22%)  Unzipping Android SDK Build-tools, revision 20 (26%)  Unzipping Android SDK Build-tools, revision 20 (54%)  Unzipping Android SDK Build-tools, revision 20 (60%)  Unzipping Android SDK Build-tools, revision 20 (62%)  Unzipping Android SDK Build-tools, revision 20 (99%)    Installed Android SDK Build-tools, revision 20
  Done. 1 package installed.
travis_time:end:04b9a020:start=1425420820110641521,finish=1425420854428797382,duration=34318155861[0Ktravis_time:start:19c687ea[0K$ android-update-sdk --components=android-16 --accept-licenses='android-sdk-license-5be876d5'
Installing android-16
spawn android update sdk --no-ui --all --filter android-16
Refresh Sources:
  Fetching https://dl-ssl.google.com/android/repository/addons_list-2.xml
  Validate XML
  Parse XML
  Fetched Add-ons List successfully
  Refresh Sources
  Fetching URL: https://dl-ssl.google.com/android/repository/repository-10.xml
  Validate XML: https://dl-ssl.google.com/android/repository/repository-10.xml
  Parse XML:    https://dl-ssl.google.com/android/repository/repository-10.xml
  Fetching URL: https://dl-ssl.google.com/android/repository/addon.xml
  Validate XML: https://dl-ssl.google.com/android/repository/addon.xml
  Parse XML:    https://dl-ssl.google.com/android/repository/addon.xml
  Fetching URL: https://dl-ssl.google.com/android/repository/addon-6.xml
  Validate XML: https://dl-ssl.google.com/android/repository/addon-6.xml
  Parse XML:    https://dl-ssl.google.com/android/repository/addon-6.xml
  Fetching URL: https://dl-ssl.google.com/glass/gdk/addon.xml
  Validate XML: https://dl-ssl.google.com/glass/gdk/addon.xml
  Parse XML:    https://dl-ssl.google.com/glass/gdk/addon.xml
  Fetching URL: https://dl-ssl.google.com/android/repository/extras/intel/addon.xml
  Validate XML: https://dl-ssl.google.com/android/repository/extras/intel/addon.xml
  Parse XML:    https://dl-ssl.google.com/android/repository/extras/intel/addon.xml
  Fetching URL: https://dl-ssl.google.com/android/repository/sys-img/android/sys-img.xml
  Validate XML: https://dl-ssl.google.com/android/repository/sys-img/android/sys-img.xml
  Parse XML:    https://dl-ssl.google.com/android/repository/sys-img/android/sys-img.xml
  Fetching URL: https://dl-ssl.google.com/android/repository/sys-img/android-wear/sys-img.xml
  Validate XML: https://dl-ssl.google.com/android/repository/sys-img/android-wear/sys-img.xml
  Parse XML:    https://dl-ssl.google.com/android/repository/sys-img/android-wear/sys-img.xml
  Fetching URL: https://dl-ssl.google.com/android/repository/sys-img/android-tv/sys-img.xml
  Validate XML: https://dl-ssl.google.com/android/repository/sys-img/android-tv/sys-img.xml
  Parse XML:    https://dl-ssl.google.com/android/repository/sys-img/android-tv/sys-img.xml
  Fetching URL: https://dl-ssl.google.com/android/repository/sys-img/google_apis/sys-img.xml
  Validate XML: https://dl-ssl.google.com/android/repository/sys-img/google_apis/sys-img.xml
  Parse XML:    https://dl-ssl.google.com/android/repository/sys-img/google_apis/sys-img.xml
  Fetching URL: https://dl-ssl.google.com/android/repository/sys-img/x86/addon-x86.xml
  Validate XML: https://dl-ssl.google.com/android/repository/sys-img/x86/addon-x86.xml
  Parse XML:    https://dl-ssl.google.com/android/repository/sys-img/x86/addon-x86.xml
-------------------------------
License id: android-sdk-license-5be876d5
Used by: 
 - SDK Platform Android 4.1.2, API 16, revision 5
-------------------------------

To get started with the Android SDK, you must agree to the following terms and conditions.

This is the Android SDK License Agreement (the "License Agreement").

1. Introduction

1.1 The Android SDK (referred to in the License Agreement as the "SDK" and specifically including the Android system files, packaged APIs, and SDK library files and tools , if and when they are made available) is licensed to you subject to the terms of the License Agreement. The License Agreement forms a legally binding contract between you and Google in relation to your use of the SDK.

1.2 "Android" means the Android software stack for devices, as made available under the Android Open Source Project, which is located at the following URL: http://source.android.com/, as updated from time to time.

1.3 "Google" means Google Inc., a Delaware corporation with principal place of business at 1600 Amphitheatre Parkway, Mountain View, CA 94043, United States.

2. Accepting the License Agreement

2.1 In order to use the SDK, you must first agree to the License Agreement. You may not use the SDK if you do not accept the License Agreement.

2.2 By clicking to accept and/or using the SDK, you hereby agree to the terms of the License Agreement.

2.3 You may not use the SDK and may not accept the License Agreement if you are a person barred from receiving the SDK under the laws of the United States or other countries including the country in which you are resident or from which you use the SDK.

2.4 If you will use the SDK internally within your company or organization you agree to be bound by the License Agreement on behalf of your employer or other entity, and you represent and warrant that you have full legal authority to bind your employer or such entity to the License Agreement. If you do not have the requisite authority, you may not accept the License Agreement or use the SDK on behalf of your employer or other entity.

3. SDK License from Google

3.1 Subject to the terms of the License Agreement, Google grants you a royalty-free, non-assignable, non-exclusive, non-sublicensable, limited, revocable license to use the SDK, personally or internally within your company or organization, solely to develop and distribute applications to run on the Android platform.

3.2 You agree that Google or third parties own all legal right, title and interest in and to the SDK, including any Intellectual Property Rights that subsist in the SDK. "Intellectual Property Rights" means any and all rights under patent law, copyright law, trade secret law, trademark law, and any and all other proprietary rights. Google reserves all rights not expressly granted to you.

3.3 You may not use the SDK for any purpose not expressly permitted by the License Agreement. Except to the extent required by applicable third party licenses, you may not: (a) copy (except for backup purposes), modify, adapt, redistribute, decompile, reverse engineer, disassemble, or create derivative works of the SDK or any part of the SDK; or (b) load any part of the SDK onto a mobile handset or any other hardware device except a personal computer, combine any part of the SDK with other software, or distribute any software or device incorporating a part of the SDK.

3.4 You agree that you will not take any actions that may cause or result in the fragmentation of Android, including but not limited to distributing, participating in the creation of, or promoting in any way a software development kit derived from the SDK.

3.5 Use, reproduction and distribution of components of the SDK licensed under an open source software license are governed solely by the terms of that open source software license and not the License Agreement. You agree to remain a licensee in good standing in regard to such open source software licenses under all the rights granted and to refrain from any actions that may terminate, suspend, or breach such rights.

3.6 You agree that the form and nature of the SDK that Google provides may change without prior notice to you and that future versions of the SDK may be incompatible with applications developed on previous versions of the SDK. You agree that Google may stop (permanently or temporarily) providing the SDK (or any features within the SDK) to you or to users generally at Google's sole discretion, without prior notice to you.

3.7 Nothing in the License Agreement gives you a right to use any of Google's trade names, trademarks, service marks, logos, domain names, or other distinctive brand features.

3.8 You agree that you will not remove, obscure, or alter any proprietary rights notices (including copyright and trademark notices) that may be affixed to or contained within the SDK.

4. Use of the SDK by You

4.1 Google agrees that nothing in the License Agreement gives Google any right, title or interest from you (or your licensors) under the License Agreement in or to any software applications that you develop using the SDK, including any intellectual property rights that subsist in those applications.

4.2 You agree to use the SDK and write applications only for purposes that are permitted by (a) the License Agreement, and (b) any applicable law, regulation or generally accepted practices or guidelines in the relevant jurisdictions (including any laws regarding the export of data or software to and from the United States or other relevant countries).

4.3 You agree that if you use the SDK to develop applications, you will protect the privacy and legal rights of users. If users provide you with user names, passwords, or other login information or personal information, you must make the users aware that the information will be available to your application, and you must provide legally adequate privacy notice and protection for those users. If your application stores personal or sensitive information provided by users, it must do so securely. If users provide you with Google Account information, your application may only use that information to access the user's Google Account when, and for the limited purposes for which, each user has given you permission to do so.

4.4 You agree that you will not engage in any activity with the SDK, including the development or distribution of an application, that interferes with, disrupts, damages, or accesses in an unauthorized manner the servers, networks, or other properties or services of Google or any third party.

4.5 You agree that you are solely responsible for (and that Google has no responsibility to you or to any third party for) any data, content, or resources that you create, transmit or display through Android and/or applications for Android, and for the consequences of your actions (including any loss or damage which Google may suffer) by doing so.

4.6 You agree that you are solely responsible for (and that Google has no responsibility to you or to any third party for) any breach of your obligations under the License Agreement, any applicable third party contract or Terms of Service, or any applicable law or regulation, and for the consequences (including any loss or damage which Google or any third party may suffer) of any such breach.

5. Your Developer Credentials

5.1 You agree that you are responsible for maintaining the confidentiality of any developer credentials that may be issued to you by Google or which you may choose yourself and that you will be solely responsible for all applications that are developed under your developer credentials.

6. Privacy and Information

6.1 In order to continually innovate and improve the SDK, Google may collect certain usage statistics from the software including but not limited to a unique identifier, associated IP address, version number of the software, and information on which tools and/or services in the SDK are being used and how they are being used. Before any of this information is collected, the SDK will notify you and seek your consent. If you withhold consent, the information will not be collected.

6.2 The data collected is examined in the aggregate to improve the SDK and is maintained in accordance with Google's Privacy Policy located at http://www.google.com/policies/privacy/.

7. Third Party Applications

7.1 If you use the SDK to run applications developed by a third party or that access data, content or resources provided by a third party, you agree that Google is not responsible for those applications, data, content, or resources. You understand that all data, content or resources which you may access through such third party applications are the sole responsibility of the person from which they originated and that Google is not liable for any loss or damage that you may experience as a result of the use or access of any of those third party applications, data, content, or resources.

7.2 You should be aware the data, content, and resources presented to you through such a third party application may be protected by intellectual property rights which are owned by the providers (or by other persons or companies on their behalf). You may not modify, rent, lease, loan, sell, distribute or create derivative works based on these data, content, or resources (either in whole or in part) unless you have been specifically given permission to do so by the relevant owners.

7.3 You acknowledge that your use of such third party applications, data, content, or resources may be subject to separate terms between you and the relevant third party.

8. Using Google APIs

8.1 Google APIs

8.1.1 If you use any API to retrieve data from Google, you acknowledge that the data may be protected by intellectual property rights which are owned by Google or those parties that provide the data (or by other persons or companies on their behalf). Your use of any such API may be subject to additional Terms of Service. You may not modify, rent, lease, loan, sell, distribute or create derivative works based on this data (either in whole or in part) unless allowed by the relevant Terms of Service.

8.1.2 If you use any API to retrieve a user's data from Google, you acknowledge and agree that you shall retrieve data only with the user's explicit consent and only when, and for the limited purposes for which, the user has given you permission to do so.

9. Terminating the License Agreement

9.1 The License Agreement will continue to apply until terminated by either you or Google as set out below.

9.2 If you want to terminate the License Agreement, you may do so by ceasing your use of the SDK and any relevant developer credentials.

9.3 Google may at any time, terminate the License Agreement, with or without cause, upon notice to you.

9.4 The License Agreement will automatically terminate without notice or other action when Google ceases to provide the SDK or certain parts of the SDK to users in the country in which you are resident or from which you use the service.

9.5 When the License Agreement is terminated, the license granted to you in the License Agreement will terminate, you will immediately cease all use of the SDK, and the provisions of paragraphs 10, 11, 12 and 14 shall survive indefinitely.

10. DISCLAIMERS

10.1 YOU EXPRESSLY UNDERSTAND AND AGREE THAT YOUR USE OF THE SDK IS AT YOUR SOLE RISK AND THAT THE SDK IS PROVIDED "AS IS" AND "AS AVAILABLE" WITHOUT WARRANTY OF ANY KIND FROM GOOGLE.

10.2 YOUR USE OF THE SDK AND ANY MATERIAL DOWNLOADED OR OTHERWISE OBTAINED THROUGH THE USE OF THE SDK IS AT YOUR OWN DISCRETION AND RISK AND YOU ARE SOLELY RESPONSIBLE FOR ANY DAMAGE TO YOUR COMPUTER SYSTEM OR OTHER DEVICE OR LOSS OF DATA THAT RESULTS FROM SUCH USE. WITHOUT LIMITING THE FOREGOING, YOU UNDERSTAND THAT THE SDK MAY CONTAIN ERRORS, DEFECTS AND SECURITY VULNERABILITIES THAT CAN RESULT IN SIGNIFICANT DAMAGE, INCLUDING THE COMPLETE, IRRECOVERABLE LOSS OF USE OF YOUR COMPUTER SYSTEM OR OTHER DEVICE.

10.3 GOOGLE FURTHER EXPRESSLY DISCLAIMS ALL WARRANTIES AND CONDITIONS OF ANY KIND, WHETHER EXPRESS OR IMPLIED, INCLUDING, BUT NOT LIMITED TO THE IMPLIED WARRANTIES AND CONDITIONS OF MERCHANTABILITY, FITNESS FOR A PARTICULAR PURPOSE AND NON-INFRINGEMENT.

11. LIMITATION OF LIABILITY

11.1 YOU EXPRESSLY UNDERSTAND AND AGREE THAT GOOGLE, ITS SUBSIDIARIES AND AFFILIATES, AND ITS LICENSORS SHALL NOT BE LIABLE TO YOU UNDER ANY THEORY OF LIABILITY FOR ANY DIRECT, INDIRECT, INCIDENTAL, SPECIAL, CONSEQUENTIAL OR EXEMPLARY DAMAGES THAT MAY BE INCURRED BY YOU, INCLUDING ANY LOSS OF DATA, WHETHER OR NOT GOOGLE OR ITS REPRESENTATIVES HAVE BEEN ADVISED OF OR SHOULD HAVE BEEN AWARE OF THE POSSIBILITY OF ANY SUCH LOSSES ARISING.

12. Indemnification

12.1 To the maximum extent permitted by law, you agree to defend, indemnify and hold harmless Google, its affiliates and their respective directors, officers, employees and agents from and against any and all claims, actions, suits or proceedings, as well as any and all losses, liabilities, damages, costs and expenses (including reasonable attorneysâ€™ fees) arising out of or accruing from (a) your use of the SDK, (b) any application you develop on the SDK that infringes any Intellectual Property Rights of any person or defames any person or violates their rights of publicity or privacy, and (c) any non-compliance by you of the License Agreement.

13. Changes to the License Agreement

13.1 Google may make changes to the License Agreement as it distributes new versions of the SDK. When these changes are made, Google will make a new version of the License Agreement available on the website where the SDK is made available.

14. General Legal Terms

14.1 The License Agreement constitutes the whole legal agreement between you and Google and governs your use of the SDK (excluding any services which Google may provide to you under a separate written agreement), and completely replaces any prior agreements between you and Google in relation to the SDK.

14.2 You agree that if Google does not exercise or enforce any legal right or remedy which is contained in the License Agreement (or which Google has the benefit of under any applicable law), this will not be taken to be a formal waiver of Google's rights and that those rights or remedies will still be available to Google.

14.3 If any court of law, having the jurisdiction to decide on this matter, rules that any provision of the License Agreement is invalid, then that provision will be removed from the License Agreement without affecting the rest of the License Agreement. The remaining provisions of the License Agreement will continue to be valid and enforceable.

14.4 You acknowledge and agree that each member of the group of companies of which Google is the parent shall be third party beneficiaries to the License Agreement and that such other companies shall be entitled to directly enforce, and rely upon, any provision of the License Agreement that confers a benefit on (or rights in favor of) them. Other than this, no other person or company shall be third party beneficiaries to the License Agreement.

14.5 EXPORT RESTRICTIONS. THE SDK IS SUBJECT TO UNITED STATES EXPORT LAWS AND REGULATIONS. YOU MUST COMPLY WITH ALL DOMESTIC AND INTERNATIONAL EXPORT LAWS AND REGULATIONS THAT APPLY TO THE SDK. THESE LAWS INCLUDE RESTRICTIONS ON DESTINATIONS, END USERS AND END USE.

14.6 The License Agreement may not be assigned or transferred by you without the prior written approval of Google, and any attempted assignment without such approval will be void. You shall not delegate your responsibilities or obligations under the License Agreement without the prior written approval of Google.

14.7 The License Agreement, and your relationship with Google under the License Agreement, shall be governed by the laws of the State of California without regard to its conflict of laws provisions. You and Google agree to submit to the exclusive jurisdiction of the courts located within the county of Santa Clara, California to resolve any legal matter arising from the License Agreement. Notwithstanding this, you agree that Google shall still be allowed to apply for injunctive remedies (or an equivalent type of urgent legal relief) in any jurisdiction.

June 2014.
    
Do you accept the license 'android-sdk-license-5be876d5' [y/n]: y

Installing Archives:
  Preparing to install archives
  Downloading SDK Platform Android 4.1.2, API 16, revision 5
     (3%, 768 KiB/s, 59 seconds left)     (4%, 714 KiB/s, 62 seconds left)     (6%, 702 KiB/s, 62 seconds left)     (7%, 678 KiB/s, 64 seconds left)     (8%, 649 KiB/s, 66 seconds left)     (10%, 677 KiB/s, 62 seconds left)     (11%, 657 KiB/s, 63 seconds left)     (13%, 664 KiB/s, 61 seconds left)     (15%, 711 KiB/s, 55 seconds left)     (18%, 761 KiB/s, 50 seconds left)     (21%, 834 KiB/s, 44 seconds left)     (26%, 932 KiB/s, 37 seconds left)     (34%, 1117 KiB/s, 27 seconds left)     (45%, 1405 KiB/s, 18 seconds left)     (64%, 1849 KiB/s, 9 seconds left)     (89%, 2429 KiB/s, 2 seconds left)  Installing SDK Platform Android 4.1.2, API 16, revision 5
  Unzipping SDK Platform Android 4.1.2, API 16, revision 5 (26%)  Unzipping SDK Platform Android 4.1.2, API 16, revision 5 (27%)  Unzipping SDK Platform Android 4.1.2, API 16, revision 5 (28%)  Unzipping SDK Platform Android 4.1.2, API 16, revision 5 (29%)  Unzipping SDK Platform Android 4.1.2, API 16, revision 5 (30%)  Unzipping SDK Platform Android 4.1.2, API 16, revision 5 (31%)  Unzipping SDK Platform Android 4.1.2, API 16, revision 5 (32%)  Unzipping SDK Platform Android 4.1.2, API 16, revision 5 (33%)  Unzipping SDK Platform Android 4.1.2, API 16, revision 5 (34%)  Unzipping SDK Platform Android 4.1.2, API 16, revision 5 (36%)  Unzipping SDK Platform Android 4.1.2, API 16, revision 5 (37%)  Unzipping SDK Platform Android 4.1.2, API 16, revision 5 (38%)  Unzipping SDK Platform Android 4.1.2, API 16, revision 5 (39%)  Unzipping SDK Platform Android 4.1.2, API 16, revision 5 (40%)  Unzipping SDK Platform Android 4.1.2, API 16, revision 5 (41%)  Unzipping SDK Platform Android 4.1.2, API 16, revision 5 (42%)  Unzipping SDK Platform Android 4.1.2, API 16, revision 5 (43%)  Unzipping SDK Platform Android 4.1.2, API 16, revision 5 (44%)  Unzipping SDK Platform Android 4.1.2, API 16, revision 5 (45%)  Unzipping SDK Platform Android 4.1.2, API 16, revision 5 (46%)  Unzipping SDK Platform Android 4.1.2, API 16, revision 5 (47%)  Unzipping SDK Platform Android 4.1.2, API 16, revision 5 (48%)  Unzipping SDK Platform Android 4.1.2, API 16, revision 5 (49%)  Unzipping SDK Platform Android 4.1.2, API 16, revision 5 (50%)  Unzipping SDK Platform Android 4.1.2, API 16, revision 5 (51%)  Unzipping SDK Platform Android 4.1.2, API 16, revision 5 (52%)  Unzipping SDK Platform Android 4.1.2, API 16, revision 5 (53%)  Unzipping SDK Platform Android 4.1.2, API 16, revision 5 (54%)  Unzipping SDK Platform Android 4.1.2, API 16, revision 5 (55%)  Unzipping SDK Platform Android 4.1.2, API 16, revision 5 (72%)  Unzipping SDK Platform Android 4.1.2, API 16, revision 5 (73%)  Unzipping SDK Platform Android 4.1.2, API 16, revision 5 (74%)  Unzipping SDK Platform Android 4.1.2, API 16, revision 5 (77%)  Unzipping SDK Platform Android 4.1.2, API 16, revision 5 (78%)  Unzipping SDK Platform Android 4.1.2, API 16, revision 5 (79%)  Unzipping SDK Platform Android 4.1.2, API 16, revision 5 (81%)  Unzipping SDK Platform Android 4.1.2, API 16, revision 5 (82%)  Unzipping SDK Platform Android 4.1.2, API 16, revision 5 (83%)  Unzipping SDK Platform Android 4.1.2, API 16, revision 5 (86%)  Unzipping SDK Platform Android 4.1.2, API 16, revision 5 (87%)  Unzipping SDK Platform Android 4.1.2, API 16, revision 5 (92%)  Unzipping SDK Platform Android 4.1.2, API 16, revision 5 (96%)    Installed SDK Platform Android 4.1.2, API 16, revision 5
  Done. 1 package installed.
travis_time:end:19c687ea:start=1425420854432954493,finish=1425420877930210549,duration=23497256056[0Ktravis_fold:end:android.install[0K$ java -version
java version "1.7.0_76"
Java(TM) SE Runtime Environment (build 1.7.0_76-b13)
Java HotSpot(TM) 64-Bit Server VM (build 24.76-b04, mixed mode)
$ javac -version
javac 1.7.0_76
travis_fold:start:install[0Ktravis_time:start:0d6a8520[0K$ mvn install clean --fail-never --quiet -DskipTests=true -Dinvoker.skip=true
travis_time:end:0d6a8520:start=1425420878107973532,finish=1425420969531902825,duration=91423929293[0Ktravis_fold:end:install[0Ktravis_time:start:34e9cce4[0K$ mvn verify
[INFO] Scanning for projects...
[WARNING] 
[WARNING] Some problems were encountered while building the effective model for com.squareup.dagger:dagger:jar:1.2.3-SNAPSHOT
[WARNING] 'build.plugins.plugin.version' for org.apache.maven.plugins:maven-javadoc-plugin is missing. @ com.squareup.dagger:dagger:[unknown-version], /home/travis/build/square/dagger/core/pom.xml, line 68, column 15
[WARNING] 'build.plugins.plugin.version' for org.apache.maven.plugins:maven-jar-plugin is missing. @ com.squareup.dagger:dagger:[unknown-version], /home/travis/build/square/dagger/core/pom.xml, line 74, column 15
[WARNING] 
[WARNING] It is highly recommended to fix these problems because they threaten the stability of your build.
[WARNING] 
[WARNING] For this reason, future Maven versions might no longer support building such malformed projects.
[WARNING] 
Downloading: https://repository.apache.org/snapshots/com/squareup/dagger/dagger/1.2.3-SNAPSHOT/maven-metadata.xml
Downloading: https://repository.apache.org/snapshots/com/squareup/dagger/dagger-compiler/1.2.3-SNAPSHOT/maven-metadata.xml
[INFO] ------------------------------------------------------------------------
[INFO] Reactor Build Order:
[INFO] 
[INFO] Dagger (Parent)
[INFO] Dagger
[INFO] Dagger Compiler
[INFO] Examples
[INFO] Examples: Simple
[INFO] Examples: Android - Simple
[INFO] Examples: Android - Activity Graphs
[INFO]                                                                         
[INFO] ------------------------------------------------------------------------
[INFO] Building Dagger (Parent) 1.2.3-SNAPSHOT
[INFO] ------------------------------------------------------------------------
[INFO] 
[INFO] --- maven-enforcer-plugin:1.0:enforce (enforce-maven) @ dagger-parent ---
[INFO] 
[INFO] --- maven-checkstyle-plugin:2.10:checkstyle (default) @ dagger-parent ---
[INFO]                                                                         
[INFO] ------------------------------------------------------------------------
[INFO] Building Dagger 1.2.3-SNAPSHOT
[INFO] ------------------------------------------------------------------------
[INFO] 
[INFO] --- maven-enforcer-plugin:1.0:enforce (enforce-maven) @ dagger ---
[INFO] 
[INFO] --- maven-resources-plugin:2.6:resources (default-resources) @ dagger ---
[INFO] Using 'UTF-8' encoding to copy filtered resources.
[INFO] skip non existing resourceDirectory /home/travis/build/square/dagger/core/src/main/resources
[INFO] 
[INFO] --- maven-compiler-plugin:3.1:compile (default-compile) @ dagger ---
[INFO] Changes detected - recompiling the module!
[INFO] Compiling 25 source files to /home/travis/build/square/dagger/core/target/classes
[WARNING] bootstrap class path not set in conjunction with -source 1.6
[WARNING] /home/travis/build/square/dagger/core/src/main/java/dagger/internal/Binding.java:[155,17] serializable class dagger.internal.Binding.InvalidBindingException has no definition of serialVersionUID
[WARNING] /home/travis/build/square/dagger/core/src/main/java/dagger/internal/ProblemDetector.java:[33,10] found raw type: dagger.internal.Binding
  missing type arguments for generic class dagger.internal.Binding<T>
[WARNING] /home/travis/build/square/dagger/core/src/main/java/dagger/internal/ProblemDetector.java:[33,50] found raw type: dagger.internal.Binding
  missing type arguments for generic class dagger.internal.Binding<T>
[WARNING] /home/travis/build/square/dagger/core/src/main/java/dagger/internal/ArrayQueue.java:[530,58] unchecked cast
  required: T[]
  found:    java.lang.Object
[WARNING] /home/travis/build/square/dagger/core/src/main/java/dagger/internal/ArrayQueue.java:[554,63] unchecked cast
  required: dagger.internal.ArrayQueue<E>
  found:    java.lang.Object
[WARNING] /home/travis/build/square/dagger/core/src/main/java/dagger/internal/ArrayQueue.java:[555,54] unchecked cast
  required: E[]
  found:    java.lang.Object
[WARNING] /home/travis/build/square/dagger/core/src/main/java/dagger/ObjectGraph.java:[176,90] unchecked cast
  required: dagger.internal.ModuleAdapter<java.lang.Object>
  found:    dagger.internal.ModuleAdapter<capture#1 of ?>
[INFO] 
[INFO] --- maven-checkstyle-plugin:2.10:checkstyle (default) @ dagger ---
[INFO] Starting audit...
Audit done.

[WARNING] Unable to locate Source XRef to link to - DISABLED
[INFO] 
[INFO] --- animal-sniffer-maven-plugin:1.8:check (sniff-api) @ dagger ---
[INFO] Checking unresolved references to org.codehaus.mojo.signature:java15:1.0
[INFO] 
[INFO] --- maven-resources-plugin:2.6:testResources (default-testResources) @ dagger ---
[INFO] Using 'UTF-8' encoding to copy filtered resources.
[INFO] skip non existing resourceDirectory /home/travis/build/square/dagger/core/src/test/resources
[INFO] 
[INFO] --- maven-compiler-plugin:3.1:testCompile (default-testCompile) @ dagger ---
[INFO] Changes detected - recompiling the module!
[INFO] Compiling 18 source files to /home/travis/build/square/dagger/core/target/test-classes
[WARNING] bootstrap class path not set in conjunction with -source 1.6
[WARNING] /home/travis/build/square/dagger/core/src/test/java/dagger/InjectionTest.java:[552,15] found raw type: java.util.AbstractList
  missing type arguments for generic class java.util.AbstractList<E>
[WARNING] /home/travis/build/square/dagger/core/src/test/java/dagger/SetBindingTest.java:[99,19] unchecked generic array creation for varargs parameter of type java.util.Set<java.lang.String>[]
[WARNING] /home/travis/build/square/dagger/core/src/test/java/dagger/SetBindingTest.java:[105,21] unchecked generic array creation for varargs parameter of type java.util.Set<java.lang.String>[]
[WARNING] /home/travis/build/square/dagger/core/src/test/java/dagger/internal/TestingModuleAdapter.java:[117,40] unchecked cast
  required: M
  found:    capture#1 of ?
[WARNING] /home/travis/build/square/dagger/core/src/test/java/dagger/internal/TestingModuleAdapter.java:[170,24] found raw type: dagger.internal.Binding
  missing type arguments for generic class dagger.internal.Binding<T>
[WARNING] /home/travis/build/square/dagger/core/src/test/java/dagger/internal/TestingModuleAdapter.java:[183,33] unchecked cast
  required: T
  found:    java.lang.Object
[WARNING] /home/travis/build/square/dagger/core/src/test/java/dagger/ModuleTest.java:[226,17] found raw type: javax.inject.Provider
  missing type arguments for generic class javax.inject.Provider<T>
[WARNING] /home/travis/build/square/dagger/core/src/test/java/dagger/ModuleTest.java:[260,17] found raw type: dagger.Lazy
  missing type arguments for generic class dagger.Lazy<T>
[INFO] 
[INFO] --- maven-surefire-plugin:2.12.4:test (default-test) @ dagger ---
[INFO] Surefire report directory: /home/travis/build/square/dagger/core/target/surefire-reports
Downloading: https://repo.maven.apache.org/maven2/org/apache/maven/surefire/surefire-junit4/2.12.4/surefire-junit4-2.12.4.pom
3/3 KB            Downloaded: https://repo.maven.apache.org/maven2/org/apache/maven/surefire/surefire-junit4/2.12.4/surefire-junit4-2.12.4.pom (3 KB at 28.0 KB/sec)
Downloading: https://repo.maven.apache.org/maven2/org/apache/maven/surefire/surefire-providers/2.12.4/surefire-providers-2.12.4.pom
3/3 KB            Downloaded: https://repo.maven.apache.org/maven2/org/apache/maven/surefire/surefire-providers/2.12.4/surefire-providers-2.12.4.pom (3 KB at 191.1 KB/sec)
Downloading: https://repo.maven.apache.org/maven2/org/apache/maven/surefire/surefire-junit4/2.12.4/surefire-junit4-2.12.4.jar
4/37 KB   8/37 KB   8/37 KB   12/37 KB   16/37 KB   16/37 KB   20/37 KB   24/37 KB   24/37 KB   28/37 KB   31/37 KB   32/37 KB   36/37 KB   37/37 KB              Downloaded: https://repo.maven.apache.org/maven2/org/apache/maven/surefire/surefire-junit4/2.12.4/surefire-junit4-2.12.4.jar (37 KB at 667.7 KB/sec)

-------------------------------------------------------
 T E S T S
-------------------------------------------------------
Running dagger.ExtensionWithStateTest
Tests run: 1, Failures: 0, Errors: 0, Skipped: 0, Time elapsed: 0.141 sec
Running dagger.UnusedProviderTest
Tests run: 5, Failures: 0, Errors: 0, Skipped: 0, Time elapsed: 0.01 sec
Running dagger.InjectionTest
Tests run: 41, Failures: 0, Errors: 0, Skipped: 0, Time elapsed: 0.194 sec
Running dagger.SetBindingTest
Tests run: 12, Failures: 0, Errors: 0, Skipped: 0, Time elapsed: 0.063 sec
Running dagger.internal.SingletonBindingTest
Tests run: 7, Failures: 0, Errors: 0, Skipped: 0, Time elapsed: 0.007 sec
Running dagger.internal.FailoverLoaderTest
Tests run: 1, Failures: 0, Errors: 0, Skipped: 0, Time elapsed: 0.001 sec
Running dagger.internal.KeysTest
Tests run: 18, Failures: 0, Errors: 0, Skipped: 0, Time elapsed: 0.003 sec
Running dagger.ProblemDetectorTest
Tests run: 3, Failures: 0, Errors: 0, Skipped: 0, Time elapsed: 0.003 sec
Running dagger.ExtensionWithSetBindingsTest
Tests run: 3, Failures: 0, Errors: 0, Skipped: 0, Time elapsed: 0.006 sec
Running dagger.LazyInjectionTest
Tests run: 5, Failures: 0, Errors: 0, Skipped: 0, Time elapsed: 0.002 sec
Running dagger.ModuleTest
Tests run: 14, Failures: 0, Errors: 0, Skipped: 0, Time elapsed: 0.018 sec
Running dagger.InjectionOfLazyTest
Tests run: 4, Failures: 0, Errors: 0, Skipped: 0, Time elapsed: 0.003 sec
Running dagger.MembersInjectorTest
Tests run: 8, Failures: 0, Errors: 0, Skipped: 0, Time elapsed: 0.017 sec
Running dagger.InjectStaticsTest
Tests run: 3, Failures: 0, Errors: 0, Skipped: 0, Time elapsed: 0.003 sec
Running dagger.ThreadSafetyTest
Tests run: 2, Failures: 0, Errors: 0, Skipped: 0, Time elapsed: 0.076 sec
Running dagger.ExtensionTest
Tests run: 3, Failures: 0, Errors: 0, Skipped: 0, Time elapsed: 0.01 sec

Results :

Tests run: 130, Failures: 0, Errors: 0, Skipped: 0

[INFO] 
[INFO] --- maven-jar-plugin:2.4:jar (default-jar) @ dagger ---
[INFO] Building jar: /home/travis/build/square/dagger/core/target/dagger-1.2.3-SNAPSHOT.jar
[INFO] 
[INFO] --- maven-jar-plugin:2.4:test-jar (default) @ dagger ---
[INFO] Building jar: /home/travis/build/square/dagger/core/target/dagger-1.2.3-SNAPSHOT-tests.jar
[INFO]                                                                         
[INFO] ------------------------------------------------------------------------
[INFO] Building Dagger Compiler 1.2.3-SNAPSHOT
[INFO] ------------------------------------------------------------------------
[INFO] 
[INFO] --- maven-enforcer-plugin:1.0:enforce (enforce-maven) @ dagger-compiler ---
[INFO] 
[INFO] --- maven-resources-plugin:2.6:resources (default-resources) @ dagger-compiler ---
[INFO] Using 'UTF-8' encoding to copy filtered resources.
[INFO] Copying 1 resource
[INFO] 
[INFO] --- maven-compiler-plugin:3.1:compile (default-compile) @ dagger-compiler ---
[INFO] Changes detected - recompiling the module!
[INFO] Compiling 13 source files to /home/travis/build/square/dagger/compiler/target/classes
[WARNING] bootstrap class path not set in conjunction with -source 1.6
[INFO] 
[INFO] --- maven-checkstyle-plugin:2.10:checkstyle (default) @ dagger-compiler ---
[INFO] Starting audit...
Audit done.

[WARNING] Unable to locate Source XRef to link to - DISABLED
[INFO] 
[INFO] --- maven-resources-plugin:2.6:testResources (default-testResources) @ dagger-compiler ---
[INFO] Using 'UTF-8' encoding to copy filtered resources.
[INFO] skip non existing resourceDirectory /home/travis/build/square/dagger/compiler/src/test/resources
[INFO] 
[INFO] --- maven-compiler-plugin:3.1:testCompile (default-testCompile) @ dagger-compiler ---
[INFO] Changes detected - recompiling the module!
[INFO] Compiling 15 source files to /home/travis/build/square/dagger/compiler/target/test-classes
[WARNING] bootstrap class path not set in conjunction with -source 1.6
[WARNING] No processor claimed any of these annotations: javax.inject.Named,dagger.tests.integration.operation.FailureModeErrorsTest.MyFoo,javax.inject.Qualifier,dagger.Module,javax.annotation.processing.SupportedAnnotationTypes,dagger.Provides,javax.inject.Inject,org.junit.runner.RunWith,org.junit.Test
[INFO] 
[INFO] --- maven-compiler-plugin:3.1:testCompile (default-test-compile) @ dagger-compiler ---
[INFO] Changes detected - recompiling the module!
[INFO] Compiling 15 source files to /home/travis/build/square/dagger/compiler/target/test-classes
[WARNING] bootstrap class path not set in conjunction with -source 1.6
[WARNING] No processor claimed any of these annotations: javax.inject.Named,dagger.tests.integration.operation.FailureModeErrorsTest.MyFoo,javax.inject.Qualifier,dagger.Module,javax.annotation.processing.SupportedAnnotationTypes,dagger.Provides,javax.inject.Inject,org.junit.runner.RunWith,org.junit.Test
[INFO] 
[INFO] --- maven-surefire-plugin:2.12.4:test (default-test) @ dagger-compiler ---
[INFO] Surefire report directory: /home/travis/build/square/dagger/compiler/target/surefire-reports

-------------------------------------------------------
 T E S T S
-------------------------------------------------------
Running dagger.tests.integration.validation.CyclicModuleIncludesTest
Tests run: 3, Failures: 0, Errors: 0, Skipped: 0, Time elapsed: 1.46 sec
Running dagger.tests.integration.validation.LibraryModuleTest
Tests run: 4, Failures: 0, Errors: 0, Skipped: 0, Time elapsed: 0.625 sec
Running dagger.tests.integration.validation.SimpleMissingDependencyTest
Tests run: 1, Failures: 0, Errors: 0, Skipped: 0, Time elapsed: 0.069 sec
Running dagger.tests.integration.validation.CyclicDependencyTest
Tests run: 2, Failures: 0, Errors: 0, Skipped: 0, Time elapsed: 0.25 sec
Running dagger.tests.integration.validation.ScopeAnnotationUseTest
Tests run: 12, Failures: 0, Errors: 0, Skipped: 0, Time elapsed: 0.451 sec
Running dagger.tests.integration.validation.GeneratedTypesNotReadyTest
Tests run: 6, Failures: 0, Errors: 0, Skipped: 0, Time elapsed: 0.534 sec
Running dagger.tests.integration.operation.FailureModeErrorsTest
Tests run: 2, Failures: 0, Errors: 0, Skipped: 0, Time elapsed: 0.011 sec
Running dagger.tests.integration.operation.PrimitiveInjectionTest
Tests run: 1, Failures: 0, Errors: 0, Skipped: 0, Time elapsed: 0.013 sec
Running dagger.tests.integration.operation.SimpleInjectionTest
Tests run: 5, Failures: 0, Errors: 0, Skipped: 0, Time elapsed: 0.011 sec
Running dagger.tests.integration.codegen.ModuleAdapterGenerationTest
Tests run: 3, Failures: 0, Errors: 0, Skipped: 0, Time elapsed: 0.271 sec
Running dagger.tests.integration.codegen.InjectAdapterGenerationTest
Tests run: 1, Failures: 0, Errors: 0, Skipped: 0, Time elapsed: 0.062 sec
Running dagger.internal.codegen.GraphVisualizerTest
Tests run: 7, Failures: 0, Errors: 0, Skipped: 0, Time elapsed: 0.012 sec
Running dagger.internal.codegen.DotWriterTest
Tests run: 4, Failures: 0, Errors: 0, Skipped: 0, Time elapsed: 0.004 sec

Results :

Tests run: 51, Failures: 0, Errors: 0, Skipped: 0

[INFO] 
[INFO] --- maven-jar-plugin:2.4:jar (default-jar) @ dagger-compiler ---
[INFO] Building jar: /home/travis/build/square/dagger/compiler/target/dagger-compiler-1.2.3-SNAPSHOT.jar
[INFO] 
[INFO] --- maven-assembly-plugin:2.2-beta-5:single (default) @ dagger-compiler ---
[INFO] META-INF/ already added, skipping
[INFO] META-INF/MANIFEST.MF already added, skipping
[INFO] META-INF/maven/ already added, skipping
[INFO] META-INF/MANIFEST.MF already added, skipping
[INFO] META-INF/ already added, skipping
[INFO] META-INF/maven/ already added, skipping
[INFO] com/ already added, skipping
[INFO] Building jar: /home/travis/build/square/dagger/compiler/target/dagger-compiler-1.2.3-SNAPSHOT-jar-with-dependencies.jar
[INFO] META-INF/ already added, skipping
[INFO] META-INF/MANIFEST.MF already added, skipping
[INFO] META-INF/maven/ already added, skipping
[INFO] META-INF/MANIFEST.MF already added, skipping
[INFO] META-INF/ already added, skipping
[INFO] META-INF/maven/ already added, skipping
[INFO] com/ already added, skipping
[INFO] 
[INFO] --- maven-invoker-plugin:1.7:install (integration-test) @ dagger-compiler ---
[INFO] Installing /home/travis/build/square/dagger/core/pom.xml to /home/travis/build/square/dagger/compiler/target/local-repo/com/squareup/dagger/dagger/1.2.3-SNAPSHOT/dagger-1.2.3-SNAPSHOT.pom
[INFO] Installing /home/travis/build/square/dagger/core/target/dagger-1.2.3-SNAPSHOT.jar to /home/travis/build/square/dagger/compiler/target/local-repo/com/squareup/dagger/dagger/1.2.3-SNAPSHOT/dagger-1.2.3-SNAPSHOT.jar
[INFO] Installing /home/travis/build/square/dagger/core/target/dagger-1.2.3-SNAPSHOT-tests.jar to /home/travis/build/square/dagger/compiler/target/local-repo/com/squareup/dagger/dagger/1.2.3-SNAPSHOT/dagger-1.2.3-SNAPSHOT-tests.jar
[INFO] Installing /home/travis/build/square/dagger/pom.xml to /home/travis/build/square/dagger/compiler/target/local-repo/com/squareup/dagger/dagger-parent/1.2.3-SNAPSHOT/dagger-parent-1.2.3-SNAPSHOT.pom
[INFO] Installing /home/travis/build/square/dagger/compiler/pom.xml to /home/travis/build/square/dagger/compiler/target/local-repo/com/squareup/dagger/dagger-compiler/1.2.3-SNAPSHOT/dagger-compiler-1.2.3-SNAPSHOT.pom
[INFO] Installing /home/travis/build/square/dagger/compiler/target/dagger-compiler-1.2.3-SNAPSHOT.jar to /home/travis/build/square/dagger/compiler/target/local-repo/com/squareup/dagger/dagger-compiler/1.2.3-SNAPSHOT/dagger-compiler-1.2.3-SNAPSHOT.jar
[INFO] Installing /home/travis/build/square/dagger/compiler/target/dagger-compiler-1.2.3-SNAPSHOT-jar-with-dependencies.jar to /home/travis/build/square/dagger/compiler/target/local-repo/com/squareup/dagger/dagger-compiler/1.2.3-SNAPSHOT/dagger-compiler-1.2.3-SNAPSHOT-jar-with-dependencies.jar
[INFO] 
[INFO] --- maven-invoker-plugin:1.7:run (integration-test) @ dagger-compiler ---
[INFO] Building: default-package-injected-type/pom.xml
[INFO] ..SUCCESS (12.1 s)
[INFO] Building: extension-graph-setvalues/pom.xml
[INFO] ..SUCCESS (7.0 s)
[INFO] Building: extension-graph/pom.xml
[INFO] ..SUCCESS (6.9 s)
[INFO] Building: final-field-inject/pom.xml
[INFO] run script verify.bsh
[INFO] ..SUCCESS (6.0 s)
[INFO] Building: include-non-module/pom.xml
[INFO] ..SUCCESS (6.3 s)
[INFO] Building: inject-on-class/pom.xml
[INFO] run script verify.bsh
[INFO] ..SUCCESS (6.3 s)
[INFO] Building: inject-parameterized-type/pom.xml
[INFO] ..SUCCESS (6.8 s)
[INFO] Building: inner-classes-complaint-injection/pom.xml
[INFO] run script verify.bsh
[INFO] ..SUCCESS (7.6 s)
[INFO] Building: method-injection/pom.xml
[INFO] run script verify.bsh
[INFO] ..SUCCESS (5.8 s)
[INFO] Building: missing-at-inject-constructor/pom.xml
[INFO] run script verify.bsh
[INFO] ..SUCCESS (6.0 s)
[INFO] Building: module-type-validation/pom.xml
[INFO] run script verify.bsh
[INFO] ..SUCCESS (5.7 s)
[INFO] Building: multiple-modules-setvalues/pom.xml
[INFO] ..SUCCESS (6.2 s)
[INFO] Building: multiple-provides-methods/pom.xml
[INFO] run script verify.bsh
[INFO] ..SUCCESS (6.3 s)
[INFO] Building: multiple-qualifiers/pom.xml
[INFO] run script verify.bsh
[INFO] ..SUCCESS (5.9 s)
[INFO] Building: private-inject/pom.xml
[INFO] run script verify.bsh
[INFO] ..SUCCESS (5.8 s)
[INFO] Building: provide-provider-or-lazy/pom.xml
[INFO] run script verify.bsh
[INFO] ..SUCCESS (5.7 s)
[INFO] Building: provides-method-not-in-module/pom.xml
[INFO] run script verify.bsh
[INFO] ..SUCCESS (5.4 s)
[INFO] Building: provides-method-with-throws-clause/pom.xml
[INFO] run script verify.bsh
[INFO] ..SUCCESS (5.7 s)
[INFO] Building: qualifiers-on-invalid-elements-errors/pom.xml
[INFO] run script verify.bsh
[INFO] ..SUCCESS (4.8 s)
[INFO] Building: qualifiers-on-invalid-elements-warnings/pom.xml
[INFO] run script verify.bsh
[INFO] ..SUCCESS (6.0 s)
[INFO] Building: same-provides-method-name/pom.xml
[INFO] ..SUCCESS (5.5 s)
[INFO] Building: static-injected-binding-doesnt-fail-providers/pom.xml
[INFO] ..SUCCESS (5.3 s)
[INFO] Building: uninjectable-supertype/pom.xml
[INFO] ..SUCCESS (5.2 s)
[INFO] Building: valid-use-of-qualifiers/pom.xml
[INFO] ..SUCCESS (5.2 s)
[INFO] -------------------------------------------------
[INFO] Build Summary:
[INFO]   Passed: 24, Failed: 0, Errors: 0, Skipped: 0
[INFO] -------------------------------------------------
[INFO]                                                                         
[INFO] ------------------------------------------------------------------------
[INFO] Building Examples 1.2.3-SNAPSHOT
[INFO] ------------------------------------------------------------------------
[INFO] 
[INFO] --- maven-enforcer-plugin:1.0:enforce (enforce-maven) @ dagger-example-parent ---
[INFO] 
[INFO] --- maven-checkstyle-plugin:2.10:checkstyle (default) @ dagger-example-parent ---
[INFO]                                                                         
[INFO] ------------------------------------------------------------------------
[INFO] Building Examples: Simple 1.2.3-SNAPSHOT
[INFO] ------------------------------------------------------------------------
[INFO] 
[INFO] --- maven-enforcer-plugin:1.0:enforce (enforce-maven) @ simple ---
[INFO] 
[INFO] --- maven-resources-plugin:2.6:resources (default-resources) @ simple ---
[INFO] Using 'UTF-8' encoding to copy filtered resources.
[INFO] skip non existing resourceDirectory /home/travis/build/square/dagger/examples/simple/src/main/resources
[INFO] 
[INFO] --- maven-compiler-plugin:3.1:compile (default-compile) @ simple ---
[INFO] Changes detected - recompiling the module!
[INFO] Compiling 8 source files to /home/travis/build/square/dagger/examples/simple/target/classes
[WARNING] bootstrap class path not set in conjunction with -source 1.6
[WARNING] No processor claimed any of these annotations: dagger.Provides,javax.inject.Inject,javax.inject.Singleton,dagger.Module
[INFO] 
[INFO] --- maven-checkstyle-plugin:2.10:checkstyle (default) @ simple ---
[INFO] Starting audit...
Audit done.

[WARNING] Unable to locate Source XRef to link to - DISABLED
[INFO] 
[INFO] --- maven-resources-plugin:2.6:testResources (default-testResources) @ simple ---
[INFO] Using 'UTF-8' encoding to copy filtered resources.
[INFO] skip non existing resourceDirectory /home/travis/build/square/dagger/examples/simple/src/test/resources
[INFO] 
[INFO] --- maven-compiler-plugin:3.1:testCompile (default-testCompile) @ simple ---
[INFO] No sources to compile
[INFO] 
[INFO] --- maven-surefire-plugin:2.12.4:test (default-test) @ simple ---
[INFO] No tests to run.
[INFO] 
[INFO] --- maven-jar-plugin:2.4:jar (default-jar) @ simple ---
[INFO] Building jar: /home/travis/build/square/dagger/examples/simple/target/simple-1.2.3-SNAPSHOT.jar
[INFO]                                                                         
[INFO] ------------------------------------------------------------------------
[INFO] Building Examples: Android - Simple 1.2.3-SNAPSHOT
[INFO] ------------------------------------------------------------------------
[INFO] 
[INFO] --- maven-enforcer-plugin:1.0:enforce (enforce-maven) @ android-simple ---
[INFO] 
[INFO] --- android-maven-plugin:4.1.1:generate-sources (default-generate-sources) @ android-simple ---
[INFO] Manifest copied from /home/travis/build/square/dagger/examples/android-simple/src/main/AndroidManifest.xml to /home/travis/build/square/dagger/examples/android-simple/target/AndroidManifest.xml
[INFO] Extracting libs
[INFO] Generating R file for com.squareup.dagger.example:android-simple:apk:1.2.3-SNAPSHOT
[INFO] Adding R gen folder to compile classpath: /home/travis/build/square/dagger/examples/android-simple/target/generated-sources/r
[INFO] Adding AIDL gen folder to compile classpath: /home/travis/build/square/dagger/examples/android-simple/target/generated-sources/aidl
[INFO] 
[INFO] --- maven-resources-plugin:2.7:resources (default-resources) @ android-simple ---
[INFO] Using 'UTF-8' encoding to copy filtered resources.
[INFO] skip non existing resourceDirectory /home/travis/build/square/dagger/examples/android-simple/src/main/resources
[INFO] 
[INFO] --- maven-compiler-plugin:3.1:compile (default-compile) @ android-simple ---
[INFO] Changes detected - recompiling the module!
[INFO] Compiling 8 source files to /home/travis/build/square/dagger/examples/android-simple/target/classes
[WARNING] bootstrap class path not set in conjunction with -source 1.6
[WARNING] No processor claimed any of these annotations: javax.inject.Qualifier,dagger.Module,dagger.Provides,javax.inject.Inject,javax.inject.Singleton,com.example.dagger.simple.ForApplication
[INFO] 
[INFO] --- maven-checkstyle-plugin:2.10:checkstyle (default) @ android-simple ---
[INFO] Starting audit...
Audit done.

[WARNING] Unable to locate Source XRef to link to - DISABLED
[INFO] 
[INFO] --- android-maven-plugin:4.1.1:emma (default-emma) @ android-simple ---
[INFO] 
[INFO] --- android-maven-plugin:4.1.1:proguard (default-proguard) @ android-simple ---
[INFO] 
[INFO] --- maven-resources-plugin:2.7:testResources (default-testResources) @ android-simple ---
[INFO] Using 'UTF-8' encoding to copy filtered resources.
[INFO] skip non existing resourceDirectory /home/travis/build/square/dagger/examples/android-simple/src/test/resources
[INFO] 
[INFO] --- maven-compiler-plugin:3.1:testCompile (default-testCompile) @ android-simple ---
[INFO] No sources to compile
[INFO] 
[INFO] --- maven-surefire-plugin:2.18.1:test (default-test) @ android-simple ---
[INFO] No tests to run.
[INFO] 
[INFO] --- android-maven-plugin:4.1.1:dex (default-dex) @ android-simple ---
[INFO] Convert classes to Dex : /home/travis/build/square/dagger/examples/android-simple/target/classes.dex
[INFO] 
[INFO] --- maven-jar-plugin:2.5:jar (default-jar) @ android-simple ---
[INFO] Building jar: /home/travis/build/square/dagger/examples/android-simple/target/android-simple-1.2.3-SNAPSHOT.jar
[INFO] 
[INFO] --- android-maven-plugin:4.1.1:apk (default-apk) @ android-simple ---
[INFO] Generating debug apk.
[INFO] Adding native libraries : []
[INFO] 
[INFO] --- android-maven-plugin:4.1.1:internal-pre-integration-test (default-internal-pre-integration-test) @ android-simple ---
[INFO] No InstrumentationRunner found - skipping tests
[INFO] 
[INFO] --- android-maven-plugin:4.1.1:internal-integration-test (default-internal-integration-test) @ android-simple ---
[INFO] No InstrumentationRunner found - skipping tests
[INFO]                                                                         
[INFO] ------------------------------------------------------------------------
[INFO] Building Examples: Android - Activity Graphs 1.2.3-SNAPSHOT
[INFO] ------------------------------------------------------------------------
[INFO] 
[INFO] --- maven-enforcer-plugin:1.0:enforce (enforce-maven) @ android-activity-graphs ---
[INFO] 
[INFO] --- android-maven-plugin:4.1.1:generate-sources (default-generate-sources) @ android-activity-graphs ---
[INFO] Manifest copied from /home/travis/build/square/dagger/examples/android-activity-graphs/src/main/AndroidManifest.xml to /home/travis/build/square/dagger/examples/android-activity-graphs/target/AndroidManifest.xml
[INFO] Extracting libs
[INFO] Generating R file for com.squareup.dagger.example:android-activity-graphs:apk:1.2.3-SNAPSHOT
[INFO] Adding R gen folder to compile classpath: /home/travis/build/square/dagger/examples/android-activity-graphs/target/generated-sources/r
[INFO] Adding AIDL gen folder to compile classpath: /home/travis/build/square/dagger/examples/android-activity-graphs/target/generated-sources/aidl
[INFO] 
[INFO] --- maven-resources-plugin:2.7:resources (default-resources) @ android-activity-graphs ---
[INFO] Using 'UTF-8' encoding to copy filtered resources.
[INFO] skip non existing resourceDirectory /home/travis/build/square/dagger/examples/android-activity-graphs/src/main/resources
[INFO] 
[INFO] --- maven-compiler-plugin:3.1:compile (default-compile) @ android-activity-graphs ---
[INFO] Changes detected - recompiling the module!
[INFO] Compiling 12 source files to /home/travis/build/square/dagger/examples/android-activity-graphs/target/classes
[WARNING] bootstrap class path not set in conjunction with -source 1.6
[WARNING] No processor claimed any of these annotations: com.example.dagger.activitygraphs.ForApplication,javax.inject.Qualifier,dagger.Module,dagger.Provides,com.example.dagger.activitygraphs.ForActivity,javax.inject.Inject,javax.inject.Singleton
[INFO] 
[INFO] --- maven-checkstyle-plugin:2.10:checkstyle (default) @ android-activity-graphs ---
[INFO] Starting audit...
Audit done.

[WARNING] Unable to locate Source XRef to link to - DISABLED
[INFO] 
[INFO] --- android-maven-plugin:4.1.1:emma (default-emma) @ android-activity-graphs ---
[INFO] 
[INFO] --- android-maven-plugin:4.1.1:proguard (default-proguard) @ android-activity-graphs ---
[INFO] 
[INFO] --- maven-resources-plugin:2.7:testResources (default-testResources) @ android-activity-graphs ---
[INFO] Using 'UTF-8' encoding to copy filtered resources.
[INFO] skip non existing resourceDirectory /home/travis/build/square/dagger/examples/android-activity-graphs/src/test/resources
[INFO] 
[INFO] --- maven-compiler-plugin:3.1:testCompile (default-testCompile) @ android-activity-graphs ---
[INFO] No sources to compile
[INFO] 
[INFO] --- maven-surefire-plugin:2.18.1:test (default-test) @ android-activity-graphs ---
[INFO] No tests to run.
[INFO] 
[INFO] --- android-maven-plugin:4.1.1:dex (default-dex) @ android-activity-graphs ---
[INFO] Convert classes to Dex : /home/travis/build/square/dagger/examples/android-activity-graphs/target/classes.dex
[INFO] 
[INFO] --- maven-jar-plugin:2.5:jar (default-jar) @ android-activity-graphs ---
[INFO] Building jar: /home/travis/build/square/dagger/examples/android-activity-graphs/target/android-activity-graphs-1.2.3-SNAPSHOT.jar
[INFO] 
[INFO] --- android-maven-plugin:4.1.1:apk (default-apk) @ android-activity-graphs ---
[INFO] Generating debug apk.
[INFO] Adding native libraries : []
[INFO] 
[INFO] --- android-maven-plugin:4.1.1:internal-pre-integration-test (default-internal-pre-integration-test) @ android-activity-graphs ---
[INFO] No InstrumentationRunner found - skipping tests
[INFO] 
[INFO] --- android-maven-plugin:4.1.1:internal-integration-test (default-internal-integration-test) @ android-activity-graphs ---
[INFO] No InstrumentationRunner found - skipping tests
[INFO] ------------------------------------------------------------------------
[INFO] Reactor Summary:
[INFO] 
[INFO] Dagger (Parent) .................................... SUCCESS [  1.193 s]
[INFO] Dagger ............................................. SUCCESS [  9.172 s]
[INFO] Dagger Compiler .................................... SUCCESS [02:39 min]
[INFO] Examples ........................................... SUCCESS [  0.005 s]
[INFO] Examples: Simple ................................... SUCCESS [  0.461 s]
[INFO] Examples: Android - Simple ......................... SUCCESS [ 11.926 s]
[INFO] Examples: Android - Activity Graphs ................ SUCCESS [ 12.530 s]
[INFO] ------------------------------------------------------------------------
[INFO] BUILD SUCCESS
[INFO] ------------------------------------------------------------------------
[INFO] Total time: 03:18 min
[INFO] Finished at: 2015-03-03T22:19:29+00:00
[INFO] Final Memory: 51M/415M
[INFO] ------------------------------------------------------------------------
travis_time:end:34e9cce4:start=1425420969536058341,finish=1425421170305644751,duration=200769586410[0K
[32;1mThe command "mvn verify" exited with 0.[0m
travis_fold:start:cache.2[0Kstore build cache
travis_time:start:07610dc4[0Kchanges detected, packing new archive
uploading archive
travis_time:end:07610dc4:start=1425421170309733651,finish=1425421186577082522,duration=16267348871[0Ktravis_fold:end:cache.2[0Ktravis_fold:start:after_success[0Ktravis_time:start:0cbcbd4c[0K$ .buildscript/deploy_snapshot.sh
Deploying snapshot...
[INFO] Scanning for projects...
[WARNING] 
[WARNING] Some problems were encountered while building the effective model for com.squareup.dagger:dagger:jar:1.2.3-SNAPSHOT
[WARNING] 'build.plugins.plugin.version' for org.apache.maven.plugins:maven-javadoc-plugin is missing. @ com.squareup.dagger:dagger:[unknown-version], /home/travis/build/square/dagger/core/pom.xml, line 68, column 15
[WARNING] 'build.plugins.plugin.version' for org.apache.maven.plugins:maven-jar-plugin is missing. @ com.squareup.dagger:dagger:[unknown-version], /home/travis/build/square/dagger/core/pom.xml, line 74, column 15
[WARNING] 
[WARNING] It is highly recommended to fix these problems because they threaten the stability of your build.
[WARNING] 
[WARNING] For this reason, future Maven versions might no longer support building such malformed projects.
[WARNING] 
[INFO] ------------------------------------------------------------------------
[INFO] Reactor Build Order:
[INFO] 
[INFO] Dagger (Parent)
[INFO] Dagger
[INFO] Dagger Compiler
[INFO] Examples
[INFO] Examples: Simple
[INFO] Examples: Android - Simple
[INFO] Examples: Android - Activity Graphs
Downloading: https://repo.maven.apache.org/maven2/org/apache/maven/plugins/maven-release-plugin/2.4.2/maven-release-plugin-2.4.2.pom
4/12 KB   8/12 KB   8/12 KB   12/12 KB              Downloaded: https://repo.maven.apache.org/maven2/org/apache/maven/plugins/maven-release-plugin/2.4.2/maven-release-plugin-2.4.2.pom (12 KB at 28.3 KB/sec)
Downloading: https://repo.maven.apache.org/maven2/org/apache/maven/release/maven-release/2.4.2/maven-release-2.4.2.pom
4/5 KB     5/5 KB            Downloaded: https://repo.maven.apache.org/maven2/org/apache/maven/release/maven-release/2.4.2/maven-release-2.4.2.pom (5 KB at 95.7 KB/sec)
Downloading: https://repo.maven.apache.org/maven2/org/apache/maven/plugins/maven-release-plugin/2.4.2/maven-release-plugin-2.4.2.jar
4/50 KB   8/50 KB   8/50 KB   12/50 KB   16/50 KB   16/50 KB   20/50 KB   24/50 KB   24/50 KB   28/50 KB   31/50 KB   32/50 KB   36/50 KB   39/50 KB   40/50 KB   44/50 KB   47/50 KB   48/50 KB   50/50 KB              Downloaded: https://repo.maven.apache.org/maven2/org/apache/maven/plugins/maven-release-plugin/2.4.2/maven-release-plugin-2.4.2.jar (50 KB at 676.7 KB/sec)
Downloading: https://repo.maven.apache.org/maven2/org/apache/maven/plugins/maven-deploy-plugin/2.7/maven-deploy-plugin-2.7.pom
4/6 KB     6/6 KB            Downloaded: https://repo.maven.apache.org/maven2/org/apache/maven/plugins/maven-deploy-plugin/2.7/maven-deploy-plugin-2.7.pom (6 KB at 140.5 KB/sec)
Downloading: https://repo.maven.apache.org/maven2/org/apache/maven/plugins/maven-deploy-plugin/2.7/maven-deploy-plugin-2.7.jar
4/27 KB   8/27 KB   8/27 KB   12/27 KB   16/27 KB   16/27 KB   20/27 KB   24/27 KB   24/27 KB   27/27 KB              Downloaded: https://repo.maven.apache.org/maven2/org/apache/maven/plugins/maven-deploy-plugin/2.7/maven-deploy-plugin-2.7.jar (27 KB at 639.1 KB/sec)
Downloading: https://repo.maven.apache.org/maven2/org/apache/maven/plugins/maven-site-plugin/3.3/maven-site-plugin-3.3.pom
4/21 KB    8/21 KB   8/21 KB   12/21 KB   16/21 KB   16/21 KB   20/21 KB   21/21 KB              Downloaded: https://repo.maven.apache.org/maven2/org/apache/maven/plugins/maven-site-plugin/3.3/maven-site-plugin-3.3.pom (21 KB at 495.7 KB/sec)
Downloading: https://repo.maven.apache.org/maven2/org/apache/maven/plugins/maven-site-plugin/3.3/maven-site-plugin-3.3.jar
4/122 KB   8/122 KB   8/122 KB   12/122 KB   16/122 KB   16/122 KB   20/122 KB   24/122 KB   24/122 KB   28/122 KB   31/122 KB   32/122 KB   36/122 KB   39/122 KB   40/122 KB   44/122 KB   47/122 KB   48/122 KB   52/122 KB   55/122 KB   56/122 KB   60/122 KB   63/122 KB   64/122 KB   68/122 KB   70/122 KB   72/122 KB   76/122 KB   78/122 KB   80/122 KB   84/122 KB   86/122 KB   88/122 KB   92/122 KB   94/122 KB   96/122 KB   100/122 KB   102/122 KB   104/122 KB   108/122 KB   109/122 KB   112/122 KB   116/122 KB   117/122 KB   120/122 KB   122/122 KB                Downloaded: https://repo.maven.apache.org/maven2/org/apache/maven/plugins/maven-site-plugin/3.3/maven-site-plugin-3.3.jar (122 KB at 1641.1 KB/sec)
Downloading: https://repo.maven.apache.org/maven2/org/apache/maven/plugins/maven-antrun-plugin/1.3/maven-antrun-plugin-1.3.pom
4/5 KB       5/5 KB            Downloaded: https://repo.maven.apache.org/maven2/org/apache/maven/plugins/maven-antrun-plugin/1.3/maven-antrun-plugin-1.3.pom (5 KB at 118.5 KB/sec)
Downloading: https://repo.maven.apache.org/maven2/org/apache/maven/plugins/maven-plugins/12/maven-plugins-12.pom
4/12 KB   8/12 KB   8/12 KB   12/12 KB              Downloaded: https://repo.maven.apache.org/maven2/org/apache/maven/plugins/maven-plugins/12/maven-plugins-12.pom (12 KB at 294.2 KB/sec)
Downloading: https://repo.maven.apache.org/maven2/org/apache/maven/plugins/maven-antrun-plugin/1.3/maven-antrun-plugin-1.3.jar
4/24 KB    8/24 KB   8/24 KB   12/24 KB   16/24 KB   16/24 KB   20/24 KB   24/24 KB              Downloaded: https://repo.maven.apache.org/maven2/org/apache/maven/plugins/maven-antrun-plugin/1.3/maven-antrun-plugin-1.3.jar (24 KB at 333.6 KB/sec)
Downloading: https://repo.maven.apache.org/maven2/org/apache/maven/plugins/maven-dependency-plugin/2.8/maven-dependency-plugin-2.8.pom
4/12 KB    8/12 KB   8/12 KB   12/12 KB              Downloaded: https://repo.maven.apache.org/maven2/org/apache/maven/plugins/maven-dependency-plugin/2.8/maven-dependency-plugin-2.8.pom (12 KB at 279.6 KB/sec)
Downloading: https://repo.maven.apache.org/maven2/org/apache/maven/plugins/maven-dependency-plugin/2.8/maven-dependency-plugin-2.8.jar
4/150 KB   8/150 KB   8/150 KB   12/150 KB   16/150 KB   16/150 KB   20/150 KB   24/150 KB   24/150 KB   28/150 KB   31/150 KB   32/150 KB   36/150 KB   39/150 KB   40/150 KB   44/150 KB   47/150 KB   48/150 KB   52/150 KB   55/150 KB   56/150 KB   60/150 KB   63/150 KB   64/150 KB   68/150 KB   70/150 KB   72/150 KB   76/150 KB   78/150 KB   80/150 KB   84/150 KB   86/150 KB   88/150 KB   92/150 KB   94/150 KB   96/150 KB   100/150 KB   102/150 KB   104/150 KB   108/150 KB   109/150 KB   112/150 KB   116/150 KB   117/150 KB   120/150 KB   124/150 KB   125/150 KB   128/150 KB   132/150 KB   133/150 KB   136/150 KB   140/150 KB   141/150 KB   144/150 KB   148/150 KB   149/150 KB   150/150 KB                Downloaded: https://repo.maven.apache.org/maven2/org/apache/maven/plugins/maven-dependency-plugin/2.8/maven-dependency-plugin-2.8.jar (150 KB at 1662.2 KB/sec)
Downloading: https://repo.maven.apache.org/maven2/org/apache/maven/plugins/maven-release-plugin/2.1/maven-release-plugin-2.1.pom
4/9 KB       8/9 KB   8/9 KB   9/9 KB            Downloaded: https://repo.maven.apache.org/maven2/org/apache/maven/plugins/maven-release-plugin/2.1/maven-release-plugin-2.1.pom (9 KB at 182.5 KB/sec)
Downloading: https://repo.maven.apache.org/maven2/org/apache/maven/release/maven-release/2.1/maven-release-2.1.pom
4/7 KB   7/7 KB            Downloaded: https://repo.maven.apache.org/maven2/org/apache/maven/release/maven-release/2.1/maven-release-2.1.pom (7 KB at 168.4 KB/sec)
Downloading: https://repo.maven.apache.org/maven2/org/apache/maven/plugins/maven-release-plugin/2.1/maven-release-plugin-2.1.jar
4/40 KB   8/40 KB   8/40 KB   12/40 KB   16/40 KB   16/40 KB   20/40 KB   24/40 KB   24/40 KB   28/40 KB   31/40 KB   32/40 KB   36/40 KB   39/40 KB   40/40 KB              Downloaded: https://repo.maven.apache.org/maven2/org/apache/maven/plugins/maven-release-plugin/2.1/maven-release-plugin-2.1.jar (40 KB at 688.1 KB/sec)
Downloading: https://repo.maven.apache.org/maven2/org/apache/maven/plugins/maven-metadata.xml
Downloading: https://repo.maven.apache.org/maven2/org/codehaus/mojo/maven-metadata.xml
4/13 KB    8/13 KB   8/13 KB   12/13 KB   13/13 KB              Downloaded: https://repo.maven.apache.org/maven2/org/apache/maven/plugins/maven-metadata.xml (13 KB at 333.1 KB/sec)
4/20 KB    8/20 KB   8/20 KB   12/20 KB   16/20 KB   16/20 KB   20/20 KB   [WARNING] Checksum validation failed, expected 33385ea3ce6daebf079744b623ede2484ab30018 but is 00f5f6a578f2e531d3a7834771a5af41d345115f for https://repo.maven.apache.org/maven2/org/codehaus/mojo/maven-metadata.xml
4/20 KB    8/20 KB   8/20 KB   12/20 KB   16/20 KB   16/20 KB   20/20 KB   [WARNING] Could not validate integrity of download from https://repo.maven.apache.org/maven2/org/codehaus/mojo/maven-metadata.xml: Checksum validation failed, expected 33385ea3ce6daebf079744b623ede2484ab30018 but is 00f5f6a578f2e531d3a7834771a5af41d345115f
[WARNING] Checksum validation failed, expected 33385ea3ce6daebf079744b623ede2484ab30018 but is 00f5f6a578f2e531d3a7834771a5af41d345115f for https://repo.maven.apache.org/maven2/org/codehaus/mojo/maven-metadata.xml
           Downloaded: https://repo.maven.apache.org/maven2/org/codehaus/mojo/maven-metadata.xml (20 KB at 133.8 KB/sec)
Downloading: https://repo.maven.apache.org/maven2/org/apache/maven/plugins/maven-source-plugin/maven-metadata.xml
746/746 B               Downloaded: https://repo.maven.apache.org/maven2/org/apache/maven/plugins/maven-source-plugin/maven-metadata.xml (746 B at 18.2 KB/sec)
Downloading: https://repo.maven.apache.org/maven2/org/apache/maven/plugins/maven-source-plugin/2.4/maven-source-plugin-2.4.pom
4/7 KB      7/7 KB            Downloaded: https://repo.maven.apache.org/maven2/org/apache/maven/plugins/maven-source-plugin/2.4/maven-source-plugin-2.4.pom (7 KB at 166.4 KB/sec)
Downloading: https://repo.maven.apache.org/maven2/org/apache/maven/plugins/maven-source-plugin/2.4/maven-source-plugin-2.4.jar
4/31 KB   8/31 KB   8/31 KB   12/31 KB   16/31 KB   16/31 KB   20/31 KB   24/31 KB   24/31 KB   28/31 KB   31/31 KB              Downloaded: https://repo.maven.apache.org/maven2/org/apache/maven/plugins/maven-source-plugin/2.4/maven-source-plugin-2.4.jar (31 KB at 548.0 KB/sec)
[INFO]                                                                         
[INFO] ------------------------------------------------------------------------
[INFO] Building Dagger (Parent) 1.2.3-SNAPSHOT
[INFO] ------------------------------------------------------------------------
[INFO] 
[INFO] --- maven-clean-plugin:2.5:clean (default-clean) @ dagger-parent ---
[INFO] 
[INFO] >>> maven-source-plugin:2.4:jar (default-cli) > generate-sources @ dagger-parent >>>
[INFO] 
[INFO] --- maven-enforcer-plugin:1.0:enforce (enforce-maven) @ dagger-parent ---
[INFO] 
[INFO] <<< maven-source-plugin:2.4:jar (default-cli) < generate-sources @ dagger-parent <<<
[INFO] 
[INFO] --- maven-source-plugin:2.4:jar (default-cli) @ dagger-parent ---
Downloading: https://repo.maven.apache.org/maven2/org/codehaus/plexus/plexus-archiver/2.6.3/plexus-archiver-2.6.3.pom
4/4 KB              Downloaded: https://repo.maven.apache.org/maven2/org/codehaus/plexus/plexus-archiver/2.6.3/plexus-archiver-2.6.3.pom (4 KB at 79.1 KB/sec)
Downloading: https://repo.maven.apache.org/maven2/org/codehaus/plexus/plexus-utils/3.0.18/plexus-utils-3.0.18.pom
4/4 KB            Downloaded: https://repo.maven.apache.org/maven2/org/codehaus/plexus/plexus-utils/3.0.18/plexus-utils-3.0.18.pom (4 KB at 87.2 KB/sec)
Downloading: https://repo.maven.apache.org/maven2/org/codehaus/plexus/plexus-io/2.1.3/plexus-io-2.1.3.pom
3/3 KB            Downloaded: https://repo.maven.apache.org/maven2/org/codehaus/plexus/plexus-io/2.1.3/plexus-io-2.1.3.pom (3 KB at 56.2 KB/sec)
Downloading: https://repo.maven.apache.org/maven2/org/codehaus/plexus/plexus-io/2.1.3/plexus-io-2.1.3.jar
Downloading: https://repo.maven.apache.org/maven2/org/codehaus/plexus/plexus-utils/3.0.18/plexus-utils-3.0.18.jar
Downloading: https://repo.maven.apache.org/maven2/org/codehaus/plexus/plexus-archiver/2.6.3/plexus-archiver-2.6.3.jar
4/129 KB   4/65 KB   4/129 KB   4/65 KB   8/129 KB   4/65 KB   8/129 KB   8/65 KB   8/129 KB   8/65 KB   12/129 KB   8/65 KB   12/129 KB   8/65 KB   16/129 KB   8/65 KB   16/129 KB   12/65 KB   16/129 KB   16/65 KB   16/129 KB   16/65 KB   16/129 KB   20/65 KB   16/129 KB   24/65 KB   16/129 KB   24/65 KB   16/129 KB   28/65 KB   16/129 KB   31/65 KB   16/129 KB   32/65 KB   16/129 KB   36/65 KB   16/129 KB   39/65 KB   16/129 KB   40/65 KB   16/129 KB   44/65 KB   16/129 KB   47/65 KB   16/129 KB   47/65 KB   20/129 KB   47/65 KB   24/129 KB   47/65 KB   24/129 KB   47/65 KB   28/129 KB   47/65 KB   31/129 KB   47/65 KB   32/129 KB   47/65 KB   36/129 KB   47/65 KB   39/129 KB   47/65 KB   40/129 KB   47/65 KB   44/129 KB   47/65 KB   47/129 KB   47/65 KB   48/129 KB   48/65 KB   48/129 KB   52/65 KB   48/129 KB   55/65 KB   48/129 KB   56/65 KB   48/129 KB   60/65 KB   48/129 KB   63/65 KB   48/129 KB   64/65 KB   48/129 KB   65/65 KB   48/129 KB   65/65 KB   52/129 KB   65/65 KB   55/129 KB   65/65 KB   56/129 KB   65/65 KB   60/129 KB   65/65 KB   63/129 KB   65/65 KB   64/129 KB   65/65 KB   68/129 KB   65/65 KB   70/129 KB   65/65 KB   72/129 KB   65/65 KB   76/129 KB   65/65 KB   78/129 KB   65/65 KB   80/129 KB   65/65 KB   84/129 KB   65/65 KB   86/129 KB   65/65 KB   88/129 KB   65/65 KB   92/129 KB   65/65 KB   94/129 KB   65/65 KB   96/129 KB   65/65 KB   100/129 KB   65/65 KB   102/129 KB   65/65 KB   104/129 KB   65/65 KB   108/129 KB   65/65 KB   109/129 KB   65/65 KB   112/129 KB   65/65 KB   116/129 KB   65/65 KB   117/129 KB   65/65 KB   120/129 KB   65/65 KB   124/129 KB   65/65 KB   125/129 KB                           128/129 KB              Downloaded: https://repo.maven.apache.org/maven2/org/codehaus/plexus/plexus-io/2.1.3/plexus-io-2.1.3.jar (65 KB at 901.2 KB/sec)
129/129 KB                Downloaded: https://repo.maven.apache.org/maven2/org/codehaus/plexus/plexus-archiver/2.6.3/plexus-archiver-2.6.3.jar (129 KB at 1221.6 KB/sec)
4/238 KB     8/238 KB   8/238 KB   12/238 KB   16/238 KB   16/238 KB   20/238 KB   24/238 KB   24/238 KB   28/238 KB   31/238 KB   32/238 KB   36/238 KB   39/238 KB   40/238 KB   44/238 KB   47/238 KB   48/238 KB   52/238 KB   55/238 KB   56/238 KB   60/238 KB   63/238 KB   64/238 KB   68/238 KB   70/238 KB   72/238 KB   76/238 KB   78/238 KB   80/238 KB   84/238 KB   86/238 KB   88/238 KB   92/238 KB   94/238 KB   96/238 KB   100/238 KB   102/238 KB   104/238 KB   108/238 KB   109/238 KB   112/238 KB   116/238 KB   117/238 KB   120/238 KB   124/238 KB   125/238 KB   128/238 KB   132/238 KB   133/238 KB   136/238 KB   140/238 KB   141/238 KB   144/238 KB   148/238 KB   149/238 KB   152/238 KB   156/238 KB   160/238 KB   160/238 KB   164/238 KB   168/238 KB   168/238 KB   172/238 KB   176/238 KB   176/238 KB   180/238 KB   184/238 KB   184/238 KB   188/238 KB   192/238 KB   192/238 KB   195/238 KB   199/238 KB   200/238 KB   203/238 KB   207/238 KB   208/238 KB   211/238 KB   215/238 KB   216/238 KB   219/238 KB   223/238 KB   224/238 KB   227/238 KB   231/238 KB   232/238 KB   234/238 KB   238/238 KB                Downloaded: https://repo.maven.apache.org/maven2/org/codehaus/plexus/plexus-utils/3.0.18/plexus-utils-3.0.18.jar (238 KB at 1088.6 KB/sec)
[INFO] 
[INFO] --- maven-javadoc-plugin:2.10.1:jar (default-cli) @ dagger-parent ---
Downloading: https://repo.maven.apache.org/maven2/org/apache/maven/shared/maven-invoker/2.0.9/maven-invoker-2.0.9.pom
4/6 KB       6/6 KB            Downloaded: https://repo.maven.apache.org/maven2/org/apache/maven/shared/maven-invoker/2.0.9/maven-invoker-2.0.9.pom (6 KB at 94.0 KB/sec)
Downloading: https://repo.maven.apache.org/maven2/org/apache/maven/maven-plugin-api/2.0.8/maven-plugin-api-2.0.8.pom
2/2 KB            Downloaded: https://repo.maven.apache.org/maven2/org/apache/maven/maven-plugin-api/2.0.8/maven-plugin-api-2.0.8.pom (2 KB at 27.5 KB/sec)
Downloading: https://repo.maven.apache.org/maven2/org/apache/maven/doxia/doxia-site-renderer/1.0/doxia-site-renderer-1.0.pom
4/5 KB   5/5 KB            Downloaded: https://repo.maven.apache.org/maven2/org/apache/maven/doxia/doxia-site-renderer/1.0/doxia-site-renderer-1.0.pom (5 KB at 110.9 KB/sec)
Downloading: https://repo.maven.apache.org/maven2/org/apache/maven/doxia/doxia-sitetools/1.0/doxia-sitetools-1.0.pom
4/10 KB   8/10 KB   8/10 KB   10/10 KB              Downloaded: https://repo.maven.apache.org/maven2/org/apache/maven/doxia/doxia-sitetools/1.0/doxia-sitetools-1.0.pom (10 KB at 135.7 KB/sec)
Downloading: https://repo.maven.apache.org/maven2/org/apache/maven/doxia/doxia-core/1.0/doxia-core-1.0.pom
3/3 KB              Downloaded: https://repo.maven.apache.org/maven2/org/apache/maven/doxia/doxia-core/1.0/doxia-core-1.0.pom (3 KB at 60.0 KB/sec)
Downloading: https://repo.maven.apache.org/maven2/org/codehaus/plexus/plexus-utils/1.5.7/plexus-utils-1.5.7.pom
4/8 KB   8/8 KB   8/8 KB            Downloaded: https://repo.maven.apache.org/maven2/org/codehaus/plexus/plexus-utils/1.5.7/plexus-utils-1.5.7.pom (8 KB at 207.2 KB/sec)
Downloading: https://repo.maven.apache.org/maven2/org/apache/maven/doxia/doxia-decoration-model/1.0/doxia-decoration-model-1.0.pom
4/4 KB            Downloaded: https://repo.maven.apache.org/maven2/org/apache/maven/doxia/doxia-decoration-model/1.0/doxia-decoration-model-1.0.pom (4 KB at 81.1 KB/sec)
Downloading: https://repo.maven.apache.org/maven2/org/apache/maven/doxia/doxia-module-apt/1.0/doxia-module-apt-1.0.pom
3/3 KB            Downloaded: https://repo.maven.apache.org/maven2/org/apache/maven/doxia/doxia-module-apt/1.0/doxia-module-apt-1.0.pom (3 KB at 56.4 KB/sec)
Downloading: https://repo.maven.apache.org/maven2/org/apache/maven/doxia/doxia-modules/1.0/doxia-modules-1.0.pom
3/3 KB            Downloaded: https://repo.maven.apache.org/maven2/org/apache/maven/doxia/doxia-modules/1.0/doxia-modules-1.0.pom (3 KB at 48.7 KB/sec)
Downloading: https://repo.maven.apache.org/maven2/org/apache/maven/doxia/doxia-module-fml/1.0/doxia-module-fml-1.0.pom
3/3 KB            Downloaded: https://repo.maven.apache.org/maven2/org/apache/maven/doxia/doxia-module-fml/1.0/doxia-module-fml-1.0.pom (3 KB at 2.0 KB/sec)
Downloading: https://repo.maven.apache.org/maven2/org/apache/maven/doxia/doxia-module-xdoc/1.0/doxia-module-xdoc-1.0.pom
3/3 KB            Downloaded: https://repo.maven.apache.org/maven2/org/apache/maven/doxia/doxia-module-xdoc/1.0/doxia-module-xdoc-1.0.pom (3 KB at 57.6 KB/sec)
Downloading: https://repo.maven.apache.org/maven2/org/apache/maven/doxia/doxia-module-xhtml/1.0/doxia-module-xhtml-1.0.pom
2/2 KB            Downloaded: https://repo.maven.apache.org/maven2/org/apache/maven/doxia/doxia-module-xhtml/1.0/doxia-module-xhtml-1.0.pom (2 KB at 41.1 KB/sec)
Downloading: https://repo.maven.apache.org/maven2/org/apache/maven/wagon/wagon-provider-api/1.0-beta-6/wagon-provider-api-1.0-beta-6.pom
2/2 KB            Downloaded: https://repo.maven.apache.org/maven2/org/apache/maven/wagon/wagon-provider-api/1.0-beta-6/wagon-provider-api-1.0-beta-6.pom (2 KB at 45.2 KB/sec)
Downloading: https://repo.maven.apache.org/maven2/org/apache/maven/wagon/wagon/1.0-beta-6/wagon-1.0-beta-6.pom
4/13 KB   8/13 KB   8/13 KB   12/13 KB   13/13 KB              Downloaded: https://repo.maven.apache.org/maven2/org/apache/maven/wagon/wagon/1.0-beta-6/wagon-1.0-beta-6.pom (13 KB at 302.4 KB/sec)
Downloading: https://repo.maven.apache.org/maven2/commons-io/commons-io/2.2/commons-io-2.2.pom
4/11 KB    8/11 KB   8/11 KB   11/11 KB              Downloaded: https://repo.maven.apache.org/maven2/commons-io/commons-io/2.2/commons-io-2.2.pom (11 KB at 269.4 KB/sec)
Downloading: https://repo.maven.apache.org/maven2/org/apache/commons/commons-parent/24/commons-parent-24.pom
4/47 KB    8/47 KB   8/47 KB   12/47 KB   16/47 KB   16/47 KB   20/47 KB   24/47 KB   24/47 KB   28/47 KB   31/47 KB   32/47 KB   36/47 KB   39/47 KB   40/47 KB   44/47 KB   47/47 KB              Downloaded: https://repo.maven.apache.org/maven2/org/apache/commons/commons-parent/24/commons-parent-24.pom (47 KB at 870.9 KB/sec)
Downloading: https://repo.maven.apache.org/maven2/org/apache/httpcomponents/httpclient/4.2.3/httpclient-4.2.3.pom
4/6 KB     6/6 KB            Downloaded: https://repo.maven.apache.org/maven2/org/apache/httpcomponents/httpclient/4.2.3/httpclient-4.2.3.pom (6 KB at 148.0 KB/sec)
Downloading: https://repo.maven.apache.org/maven2/org/apache/httpcomponents/httpcomponents-client/4.2.3/httpcomponents-client-4.2.3.pom
4/15 KB   8/15 KB   8/15 KB   12/15 KB   15/15 KB              Downloaded: https://repo.maven.apache.org/maven2/org/apache/httpcomponents/httpcomponents-client/4.2.3/httpcomponents-client-4.2.3.pom (15 KB at 365.7 KB/sec)
Downloading: https://repo.maven.apache.org/maven2/org/apache/httpcomponents/project/6/project-6.pom
4/24 KB    8/24 KB   8/24 KB   12/24 KB   16/24 KB   16/24 KB   20/24 KB   24/24 KB   24/24 KB              Downloaded: https://repo.maven.apache.org/maven2/org/apache/httpcomponents/project/6/project-6.pom (24 KB at 616.4 KB/sec)
Downloading: https://repo.maven.apache.org/maven2/org/apache/httpcomponents/httpcore/4.2.2/httpcore-4.2.2.pom
4/6 KB     6/6 KB            Downloaded: https://repo.maven.apache.org/maven2/org/apache/httpcomponents/httpcore/4.2.2/httpcore-4.2.2.pom (6 KB at 138.8 KB/sec)
Downloading: https://repo.maven.apache.org/maven2/org/apache/httpcomponents/httpcomponents-core/4.2.2/httpcomponents-core-4.2.2.pom
4/12 KB   8/12 KB   8/12 KB   12/12 KB              Downloaded: https://repo.maven.apache.org/maven2/org/apache/httpcomponents/httpcomponents-core/4.2.2/httpcomponents-core-4.2.2.pom (12 KB at 41.2 KB/sec)
Downloading: https://repo.maven.apache.org/maven2/log4j/log4j/1.2.14/log4j-1.2.14.pom
3/3 KB              Downloaded: https://repo.maven.apache.org/maven2/log4j/log4j/1.2.14/log4j-1.2.14.pom (3 KB at 62.7 KB/sec)
Downloading: https://repo.maven.apache.org/maven2/com/thoughtworks/qdox/qdox/1.12.1/qdox-1.12.1.pom
4/18 KB   8/18 KB   8/18 KB   12/18 KB   16/18 KB   16/18 KB   18/18 KB              Downloaded: https://repo.maven.apache.org/maven2/com/thoughtworks/qdox/qdox/1.12.1/qdox-1.12.1.pom (18 KB at 440.7 KB/sec)
Downloading: https://repo.maven.apache.org/maven2/org/codehaus/codehaus-parent/4/codehaus-parent-4.pom
4/5 KB     5/5 KB            Downloaded: https://repo.maven.apache.org/maven2/org/codehaus/codehaus-parent/4/codehaus-parent-4.pom (5 KB at 16.3 KB/sec)
Downloading: https://repo.maven.apache.org/maven2/org/codehaus/plexus/plexus-archiver/2.5/plexus-archiver-2.5.pom
4/4 KB            Downloaded: https://repo.maven.apache.org/maven2/org/codehaus/plexus/plexus-archiver/2.5/plexus-archiver-2.5.pom (4 KB at 88.3 KB/sec)
Downloading: https://repo.maven.apache.org/maven2/org/codehaus/plexus/plexus-io/2.0.12/plexus-io-2.0.12.pom
3/3 KB            Downloaded: https://repo.maven.apache.org/maven2/org/codehaus/plexus/plexus-io/2.0.12/plexus-io-2.0.12.pom (3 KB at 56.3 KB/sec)
Downloading: https://repo.maven.apache.org/maven2/org/apache/maven/shared/maven-invoker/2.0.9/maven-invoker-2.0.9.jar
Downloading: https://repo.maven.apache.org/maven2/org/apache/maven/doxia/doxia-sink-api/1.0/doxia-sink-api-1.0.jar
Downloading: https://repo.maven.apache.org/maven2/org/apache/maven/doxia/doxia-site-renderer/1.0/doxia-site-renderer-1.0.jar
Downloading: https://repo.maven.apache.org/maven2/org/apache/maven/doxia/doxia-core/1.0/doxia-core-1.0.jar
Downloading: https://repo.maven.apache.org/maven2/org/apache/maven/doxia/doxia-decoration-model/1.0/doxia-decoration-model-1.0.jar
4/10 KB   8/10 KB   4/28 KB   8/10 KB   4/28 KB   10/10 KB   4/28 KB   4/10 KB   4/28 KB   10/10 KB   8/28 KB   10/10 KB   8/28 KB   10/10 KB   12/28 KB   10/10 KB   16/28 KB   10/10 KB   16/28 KB   10/10 KB   20/28 KB   10/10 KB   24/28 KB   10/10 KB   24/28 KB   10/10 KB   28/28 KB                         Downloaded: https://repo.maven.apache.org/maven2/org/apache/maven/doxia/doxia-sink-api/1.0/doxia-sink-api-1.0.jar (10 KB at 178.9 KB/sec)
Downloading: https://repo.maven.apache.org/maven2/org/apache/maven/doxia/doxia-module-apt/1.0/doxia-module-apt-1.0.jar
                      Downloaded: https://repo.maven.apache.org/maven2/org/apache/maven/shared/maven-invoker/2.0.9/maven-invoker-2.0.9.jar (28 KB at 493.2 KB/sec)
Downloading: https://repo.maven.apache.org/maven2/org/apache/maven/doxia/doxia-module-fml/1.0/doxia-module-fml-1.0.jar
4/46 KB               4/19 KB   8/46 KB   4/19 KB   8/46 KB   4/19 KB   12/46 KB   4/19 KB   16/46 KB   4/19 KB   16/46 KB   4/19 KB   20/46 KB   4/19 KB   24/46 KB   4/19 KB   24/46 KB   4/19 KB   28/46 KB   4/19 KB   31/46 KB   4/19 KB   32/46 KB   4/19 KB   4/46 KB   8/19 KB   32/46 KB   8/19 KB   32/46 KB   12/19 KB   32/46 KB   16/19 KB   32/46 KB   16/19 KB   32/46 KB   4/54 KB   16/19 KB   32/46 KB   8/54 KB   16/19 KB   32/46 KB   8/54 KB   16/19 KB   32/46 KB   4/48 KB   8/54 KB   16/19 KB   32/46 KB   8/48 KB   8/54 KB   16/19 KB   32/46 KB   8/48 KB   8/54 KB   16/19 KB   32/46 KB   8/48 KB   8/54 KB   4/46 KB   16/19 KB   32/46 KB   8/48 KB   8/54 KB   8/46 KB   16/19 KB   32/46 KB   8/48 KB   8/54 KB   8/46 KB   16/19 KB   32/46 KB   8/48 KB   12/54 KB   8/46 KB   16/19 KB   32/46 KB   12/48 KB   16/54 KB   8/46 KB   16/19 KB   32/46 KB   12/48 KB   16/54 KB   8/46 KB   16/19 KB   32/46 KB   16/48 KB   16/54 KB   8/46 KB   16/19 KB   32/46 KB   16/48 KB   16/54 KB   8/46 KB   16/19 KB   32/46 KB   16/48 KB   16/54 KB   8/46 KB   16/19 KB   32/46 KB   16/48 KB   20/54 KB   8/46 KB   16/19 KB   32/46 KB   20/48 KB   20/54 KB   8/46 KB   16/19 KB   32/46 KB   20/48 KB   24/54 KB   8/46 KB   16/19 KB   32/46 KB   24/48 KB   24/54 KB   8/46 KB   16/19 KB   32/46 KB   24/48 KB   24/54 KB   8/46 KB   16/19 KB   32/46 KB   24/48 KB   24/54 KB   8/46 KB   16/19 KB   32/46 KB   28/48 KB   24/54 KB   8/46 KB   16/19 KB   32/46 KB   31/48 KB   24/54 KB   8/46 KB   16/19 KB   32/46 KB   31/48 KB   28/54 KB   8/46 KB   16/19 KB   32/46 KB   32/48 KB   28/54 KB   8/46 KB   16/19 KB   32/46 KB   32/48 KB   31/54 KB   8/46 KB   16/19 KB   32/46 KB   32/48 KB   32/54 KB   8/46 KB   16/19 KB   36/46 KB   32/48 KB   32/54 KB   8/46 KB   16/19 KB   39/46 KB   32/48 KB   32/54 KB   8/46 KB   16/19 KB   40/46 KB   32/48 KB   32/54 KB   8/46 KB   16/19 KB   44/46 KB   32/48 KB   32/54 KB   8/46 KB   16/19 KB   46/46 KB   32/48 KB   32/54 KB   8/46 KB   16/19 KB   46/46 KB   32/48 KB   32/54 KB   12/46 KB   16/19 KB   46/46 KB   32/48 KB   32/54 KB   16/46 KB   16/19 KB   46/46 KB   32/48 KB   32/54 KB   16/46 KB   16/19 KB   46/46 KB   32/48 KB   32/54 KB   20/46 KB   16/19 KB   46/46 KB   32/48 KB   32/54 KB   24/46 KB   16/19 KB   46/46 KB   32/48 KB   32/54 KB   24/46 KB   16/19 KB   46/46 KB   32/48 KB   36/54 KB   24/46 KB   16/19 KB   46/46 KB   32/48 KB   39/54 KB   24/46 KB   16/19 KB   46/46 KB   32/48 KB   40/54 KB   24/46 KB   16/19 KB   46/46 KB   36/48 KB   40/54 KB   24/46 KB   16/19 KB   46/46 KB   39/48 KB   44/54 KB   24/46 KB   16/19 KB   46/46 KB   39/48 KB   44/54 KB   24/46 KB   16/19 KB   46/46 KB   39/48 KB   47/54 KB   24/46 KB   16/19 KB   46/46 KB   40/48 KB   47/54 KB   24/46 KB   16/19 KB   46/46 KB   40/48 KB   48/54 KB   24/46 KB   16/19 KB   46/46 KB   44/48 KB   48/54 KB   24/46 KB   16/19 KB   46/46 KB   47/48 KB   48/54 KB   24/46 KB   16/19 KB   46/46 KB   48/48 KB   52/54 KB   24/46 KB   16/19 KB   46/46 KB   48/48 KB   52/54 KB   24/46 KB   16/19 KB   46/46 KB   48/48 KB   54/54 KB   24/46 KB   16/19 KB   46/46 KB   48/48 KB   54/54 KB   28/46 KB   16/19 KB   46/46 KB   48/48 KB   54/54 KB   31/46 KB   16/19 KB   46/46 KB   48/48 KB   54/54 KB   32/46 KB                                                          Downloaded: https://repo.maven.apache.org/maven2/org/apache/maven/doxia/doxia-module-apt/1.0/doxia-module-apt-1.0.jar (46 KB at 373.8 KB/sec)
Downloading: https://repo.maven.apache.org/maven2/org/apache/maven/doxia/doxia-module-xdoc/1.0/doxia-module-xdoc-1.0.jar
16/19 KB   48/48 KB   54/54 KB   36/46 KB              16/19 KB   48/48 KB   54/54 KB   39/46 KB   16/19 KB   48/48 KB   54/54 KB   40/46 KB   16/19 KB   48/48 KB   54/54 KB   44/46 KB   16/19 KB   48/48 KB   54/54 KB   46/46 KB                                                                                           Downloaded: https://repo.maven.apache.org/maven2/org/apache/maven/doxia/doxia-decoration-model/1.0/doxia-decoration-model-1.0.jar (48 KB at 344.2 KB/sec)
Downloading: https://repo.maven.apache.org/maven2/org/apache/maven/doxia/doxia-module-xhtml/1.0/doxia-module-xhtml-1.0.jar
Downloaded: https://repo.maven.apache.org/maven2/org/apache/maven/doxia/doxia-core/1.0/doxia-core-1.0.jar (54 KB at 383.3 KB/sec)
Downloading: https://repo.maven.apache.org/maven2/commons-io/commons-io/2.2/commons-io-2.2.jar
16/19 KB   4/28 KB   46/46 KB               16/19 KB   8/28 KB   46/46 KB   16/19 KB   8/28 KB   46/46 KB   16/19 KB   12/28 KB   46/46 KB   16/19 KB   16/28 KB   46/46 KB   16/19 KB   16/28 KB   46/46 KB   16/19 KB   20/28 KB   46/46 KB   16/19 KB   24/28 KB   46/46 KB   16/19 KB   24/28 KB   46/46 KB                                    Downloaded: https://repo.maven.apache.org/maven2/org/apache/maven/doxia/doxia-site-renderer/1.0/doxia-site-renderer-1.0.jar (46 KB at 289.3 KB/sec)
Downloading: https://repo.maven.apache.org/maven2/org/apache/httpcomponents/httpclient/4.2.3/httpclient-4.2.3.jar
16/19 KB   28/28 KB              16/19 KB   4/22 KB   28/28 KB   16/19 KB   8/22 KB   28/28 KB   16/19 KB   8/22 KB   28/28 KB   16/19 KB   12/22 KB   28/28 KB   16/19 KB   16/22 KB   28/28 KB   16/19 KB   16/22 KB   28/28 KB   16/19 KB   20/22 KB   28/28 KB   16/19 KB   22/22 KB   28/28 KB   16/19 KB   22/22 KB   28/28 KB   4/170 KB   16/19 KB   22/22 KB   28/28 KB   8/170 KB   16/19 KB   22/22 KB   28/28 KB   8/170 KB   16/19 KB   22/22 KB   28/28 KB   12/170 KB   16/19 KB   22/22 KB   28/28 KB   16/170 KB   16/19 KB   22/22 KB   28/28 KB   16/170 KB   16/19 KB   22/22 KB   28/28 KB   20/170 KB   16/19 KB   22/22 KB   28/28 KB   24/170 KB   16/19 KB   22/22 KB   28/28 KB   24/170 KB                                                Downloaded: https://repo.maven.apache.org/maven2/org/apache/maven/doxia/doxia-module-xdoc/1.0/doxia-module-xdoc-1.0.jar (28 KB at 154.2 KB/sec)
Downloading: https://repo.maven.apache.org/maven2/org/apache/httpcomponents/httpcore/4.2.2/httpcore-4.2.2.jar
16/19 KB   22/22 KB   28/170 KB              16/19 KB   22/22 KB   31/170 KB   16/19 KB   22/22 KB   32/170 KB   16/19 KB   22/22 KB   36/170 KB   16/19 KB   22/22 KB   39/170 KB   16/19 KB   22/22 KB   40/170 KB                                     Downloaded: https://repo.maven.apache.org/maven2/org/apache/maven/doxia/doxia-module-xhtml/1.0/doxia-module-xhtml-1.0.jar (22 KB at 119.0 KB/sec)
Downloading: https://repo.maven.apache.org/maven2/log4j/log4j/1.2.14/log4j-1.2.14.jar
16/19 KB   44/170 KB              16/19 KB   47/170 KB   16/19 KB   48/170 KB   16/19 KB   52/170 KB   16/19 KB   55/170 KB   16/19 KB   56/170 KB   16/19 KB   60/170 KB   16/19 KB   63/170 KB   16/19 KB   63/170 KB   4/423 KB   16/19 KB   63/170 KB   8/423 KB   16/19 KB   63/170 KB   8/423 KB   16/19 KB   64/170 KB   8/423 KB   4/219 KB   16/19 KB   64/170 KB   8/423 KB   8/219 KB   16/19 KB   64/170 KB   8/423 KB   8/219 KB   16/19 KB   64/170 KB   8/423 KB   12/219 KB   16/19 KB   64/170 KB   8/423 KB   16/219 KB   16/19 KB   64/170 KB   8/423 KB   16/219 KB   16/19 KB   64/170 KB   8/423 KB   20/219 KB   16/19 KB   64/170 KB   8/423 KB   24/219 KB   16/19 KB   64/170 KB   8/423 KB   24/219 KB   16/19 KB   64/170 KB   8/423 KB   24/219 KB   16/19 KB   4/359 KB   64/170 KB   8/423 KB   24/219 KB   16/19 KB   8/359 KB   64/170 KB   8/423 KB   24/219 KB   16/19 KB   8/359 KB   64/170 KB   8/423 KB   24/219 KB   16/19 KB   12/359 KB   64/170 KB   8/423 KB   24/219 KB   16/19 KB   16/359 KB   64/170 KB   8/423 KB   24/219 KB   16/19 KB   16/359 KB   64/170 KB   8/423 KB   24/219 KB   16/19 KB   20/359 KB   64/170 KB   8/423 KB   24/219 KB   16/19 KB   24/359 KB   64/170 KB   8/423 KB   24/219 KB   16/19 KB   24/359 KB   64/170 KB   8/423 KB   24/219 KB   16/19 KB   24/359 KB   64/170 KB   12/423 KB   24/219 KB   16/19 KB   24/359 KB   64/170 KB   16/423 KB   24/219 KB   16/19 KB   24/359 KB   64/170 KB   16/423 KB   24/219 KB   16/19 KB   24/359 KB   68/170 KB   16/423 KB   24/219 KB   16/19 KB   24/359 KB   70/170 KB   16/423 KB   24/219 KB   16/19 KB   24/359 KB   72/170 KB   16/423 KB   24/219 KB   16/19 KB   24/359 KB   76/170 KB   16/423 KB   24/219 KB   16/19 KB   24/359 KB   78/170 KB   16/423 KB   24/219 KB   16/19 KB   24/359 KB   80/170 KB   16/423 KB   24/219 KB   16/19 KB   24/359 KB   84/170 KB   16/423 KB   24/219 KB   16/19 KB   24/359 KB   86/170 KB   16/423 KB   24/219 KB   16/19 KB   24/359 KB   88/170 KB   16/423 KB   24/219 KB   16/19 KB   24/359 KB   92/170 KB   16/423 KB   24/219 KB   16/19 KB   24/359 KB   94/170 KB   16/423 KB   28/219 KB   16/19 KB   24/359 KB   94/170 KB   16/423 KB   31/219 KB   16/19 KB   24/359 KB   94/170 KB   16/423 KB   32/219 KB   16/19 KB   24/359 KB   94/170 KB   16/423 KB   36/219 KB   16/19 KB   24/359 KB   94/170 KB   16/423 KB   39/219 KB   16/19 KB   24/359 KB   94/170 KB   16/423 KB   40/219 KB   16/19 KB   24/359 KB   94/170 KB   16/423 KB   44/219 KB   16/19 KB   24/359 KB   94/170 KB   16/423 KB   47/219 KB   16/19 KB   24/359 KB   94/170 KB   16/423 KB   48/219 KB   16/19 KB   24/359 KB   94/170 KB   16/423 KB   52/219 KB   16/19 KB   24/359 KB   94/170 KB   16/423 KB   55/219 KB   16/19 KB   24/359 KB   94/170 KB   16/423 KB   56/219 KB   16/19 KB   24/359 KB   94/170 KB   16/423 KB   56/219 KB   16/19 KB   28/359 KB   94/170 KB   16/423 KB   56/219 KB   16/19 KB   31/359 KB   94/170 KB   16/423 KB   56/219 KB   16/19 KB   32/359 KB   94/170 KB   16/423 KB   56/219 KB   16/19 KB   36/359 KB   94/170 KB   16/423 KB   56/219 KB   16/19 KB   39/359 KB   94/170 KB   16/423 KB   56/219 KB   16/19 KB   40/359 KB   94/170 KB   16/423 KB   56/219 KB   16/19 KB   44/359 KB   94/170 KB   16/423 KB   56/219 KB   16/19 KB   47/359 KB   94/170 KB   16/423 KB   56/219 KB   16/19 KB   48/359 KB   94/170 KB   16/423 KB   56/219 KB   16/19 KB   52/359 KB   94/170 KB   16/423 KB   56/219 KB   16/19 KB   55/359 KB   94/170 KB   16/423 KB   56/219 KB   16/19 KB   56/359 KB   94/170 KB   16/423 KB   56/219 KB   16/19 KB   60/359 KB   94/170 KB   16/423 KB   56/219 KB   16/19 KB   60/359 KB   94/170 KB   20/423 KB   56/219 KB   16/19 KB   63/359 KB   94/170 KB   20/423 KB   56/219 KB   16/19 KB   63/359 KB   94/170 KB   24/423 KB   56/219 KB   16/19 KB   64/359 KB   94/170 KB   24/423 KB   56/219 KB   16/19 KB   64/359 KB   94/170 KB   24/423 KB   56/219 KB   16/19 KB   64/359 KB   94/170 KB   28/423 KB   56/219 KB   16/19 KB   64/359 KB   94/170 KB   31/423 KB   56/219 KB   16/19 KB   64/359 KB   94/170 KB   32/423 KB   56/219 KB   16/19 KB   64/359 KB   96/170 KB   32/423 KB   56/219 KB   16/19 KB   64/359 KB   100/170 KB   32/423 KB   56/219 KB   16/19 KB   64/359 KB   102/170 KB   32/423 KB   56/219 KB   16/19 KB   64/359 KB   104/170 KB   32/423 KB   56/219 KB   16/19 KB   64/359 KB   108/170 KB   32/423 KB   56/219 KB   16/19 KB   64/359 KB   109/170 KB   32/423 KB   56/219 KB   16/19 KB   64/359 KB   112/170 KB   32/423 KB   56/219 KB   16/19 KB   64/359 KB   116/170 KB   32/423 KB   56/219 KB   16/19 KB   64/359 KB   117/170 KB   32/423 KB   56/219 KB   16/19 KB   64/359 KB   120/170 KB   32/423 KB   56/219 KB   16/19 KB   64/359 KB   124/170 KB   32/423 KB   56/219 KB   16/19 KB   64/359 KB   125/170 KB   32/423 KB   56/219 KB   16/19 KB   64/359 KB   128/170 KB   32/423 KB   56/219 KB   16/19 KB   64/359 KB   132/170 KB   32/423 KB   56/219 KB   16/19 KB   64/359 KB   133/170 KB   32/423 KB   56/219 KB   16/19 KB   64/359 KB   136/170 KB   32/423 KB   56/219 KB   16/19 KB   64/359 KB   140/170 KB   32/423 KB   56/219 KB   16/19 KB   64/359 KB   141/170 KB   32/423 KB   56/219 KB   16/19 KB   64/359 KB   144/170 KB   32/423 KB   56/219 KB   16/19 KB   64/359 KB   148/170 KB   32/423 KB   56/219 KB   16/19 KB   64/359 KB   149/170 KB   32/423 KB   56/219 KB   16/19 KB   64/359 KB   152/170 KB   32/423 KB   60/219 KB   16/19 KB   64/359 KB   152/170 KB   32/423 KB   63/219 KB   16/19 KB   64/359 KB   152/170 KB   32/423 KB   64/219 KB   16/19 KB   64/359 KB   152/170 KB   32/423 KB   68/219 KB   16/19 KB   64/359 KB   152/170 KB   32/423 KB   70/219 KB   16/19 KB   64/359 KB   152/170 KB   32/423 KB   72/219 KB   16/19 KB   64/359 KB   152/170 KB   32/423 KB   76/219 KB   16/19 KB   64/359 KB   152/170 KB   32/423 KB   78/219 KB   16/19 KB   64/359 KB   152/170 KB   32/423 KB   80/219 KB   16/19 KB   64/359 KB   152/170 KB   32/423 KB   84/219 KB   16/19 KB   64/359 KB   152/170 KB   32/423 KB   86/219 KB   16/19 KB   64/359 KB   152/170 KB   32/423 KB   86/219 KB   16/19 KB   68/359 KB   152/170 KB   32/423 KB   86/219 KB   16/19 KB   70/359 KB   152/170 KB   32/423 KB   86/219 KB   16/19 KB   72/359 KB   152/170 KB   32/423 KB   86/219 KB   16/19 KB   76/359 KB   152/170 KB   32/423 KB   86/219 KB   16/19 KB   78/359 KB   152/170 KB   32/423 KB   86/219 KB   16/19 KB   78/359 KB   152/170 KB   36/423 KB   86/219 KB   16/19 KB   80/359 KB   152/170 KB   36/423 KB   86/219 KB   16/19 KB   80/359 KB   152/170 KB   39/423 KB   86/219 KB   16/19 KB   84/359 KB   152/170 KB   39/423 KB   86/219 KB   16/19 KB   84/359 KB   152/170 KB   40/423 KB   86/219 KB   16/19 KB   86/359 KB   152/170 KB   40/423 KB   86/219 KB   16/19 KB   88/359 KB   152/170 KB   40/423 KB   86/219 KB   16/19 KB   92/359 KB   152/170 KB   40/423 KB   86/219 KB   16/19 KB   94/359 KB   152/170 KB   40/423 KB   86/219 KB   16/19 KB   96/359 KB   152/170 KB   40/423 KB   86/219 KB   16/19 KB   100/359 KB   152/170 KB   40/423 KB   86/219 KB   16/19 KB   102/359 KB   152/170 KB   40/423 KB   86/219 KB   16/19 KB   104/359 KB   152/170 KB   40/423 KB   86/219 KB   16/19 KB   108/359 KB   152/170 KB   40/423 KB   86/219 KB   16/19 KB   109/359 KB   152/170 KB   40/423 KB   86/219 KB   16/19 KB   112/359 KB   152/170 KB   40/423 KB   86/219 KB   16/19 KB   116/359 KB   152/170 KB   40/423 KB   86/219 KB   16/19 KB   117/359 KB   152/170 KB   40/423 KB   86/219 KB   16/19 KB   120/359 KB   152/170 KB   40/423 KB   86/219 KB   16/19 KB   124/359 KB   152/170 KB   40/423 KB   86/219 KB   16/19 KB   125/359 KB   152/170 KB   40/423 KB   86/219 KB   16/19 KB   125/359 KB   156/170 KB   40/423 KB   86/219 KB   16/19 KB   125/359 KB   160/170 KB   40/423 KB   86/219 KB   16/19 KB   125/359 KB   160/170 KB   40/423 KB   86/219 KB   16/19 KB   125/359 KB   164/170 KB   40/423 KB   86/219 KB   16/19 KB   125/359 KB   168/170 KB   40/423 KB   86/219 KB   16/19 KB   125/359 KB   168/170 KB   40/423 KB   86/219 KB   16/19 KB   125/359 KB   170/170 KB   40/423 KB   88/219 KB   16/19 KB   125/359 KB   170/170 KB   40/423 KB   92/219 KB   16/19 KB   125/359 KB   170/170 KB   40/423 KB   94/219 KB   16/19 KB   125/359 KB   170/170 KB   40/423 KB   96/219 KB   16/19 KB   125/359 KB   170/170 KB   40/423 KB   100/219 KB   16/19 KB   125/359 KB   170/170 KB   40/423 KB   102/219 KB   16/19 KB   125/359 KB   170/170 KB   40/423 KB   104/219 KB   16/19 KB   125/359 KB   170/170 KB   40/423 KB   108/219 KB   16/19 KB   125/359 KB   170/170 KB   40/423 KB   109/219 KB   16/19 KB   125/359 KB   170/170 KB   40/423 KB   112/219 KB   16/19 KB   125/359 KB   170/170 KB   40/423 KB   116/219 KB   16/19 KB   125/359 KB   170/170 KB   40/423 KB   117/219 KB   16/19 KB   125/359 KB   170/170 KB   40/423 KB   117/219 KB   16/19 KB   128/359 KB   170/170 KB   40/423 KB   117/219 KB   16/19 KB   132/359 KB   170/170 KB   40/423 KB   117/219 KB   16/19 KB   133/359 KB   170/170 KB   44/423 KB   117/219 KB   16/19 KB   133/359 KB   170/170 KB   44/423 KB   117/219 KB   16/19 KB   136/359 KB   170/170 KB   44/423 KB   117/219 KB   16/19 KB   136/359 KB   170/170 KB   47/423 KB   117/219 KB   16/19 KB   140/359 KB   170/170 KB   47/423 KB   117/219 KB   16/19 KB   141/359 KB   170/170 KB   48/423 KB   117/219 KB   16/19 KB   141/359 KB   170/170 KB   48/423 KB   117/219 KB   16/19 KB   144/359 KB   170/170 KB   48/423 KB   117/219 KB   16/19 KB   148/359 KB   170/170 KB   48/423 KB   117/219 KB   16/19 KB   149/359 KB   170/170 KB   48/423 KB   117/219 KB   16/19 KB   149/359 KB   170/170 KB   52/423 KB   117/219 KB   16/19 KB   152/359 KB   170/170 KB   52/423 KB   117/219 KB   16/19 KB   152/359 KB   170/170 KB   55/423 KB   117/219 KB   16/19 KB   152/359 KB   170/170 KB   56/423 KB   117/219 KB   16/19 KB   156/359 KB   170/170 KB   56/423 KB   117/219 KB   16/19 KB   160/359 KB   170/170 KB   56/423 KB   117/219 KB   16/19 KB   160/359 KB   170/170 KB   56/423 KB   117/219 KB   16/19 KB   164/359 KB   170/170 KB   56/423 KB   117/219 KB   16/19 KB   168/359 KB   170/170 KB   56/423 KB   117/219 KB   16/19 KB   168/359 KB   170/170 KB   56/423 KB   117/219 KB   16/19 KB   172/359 KB   170/170 KB   56/423 KB   117/219 KB   16/19 KB   176/359 KB   170/170 KB   56/423 KB   117/219 KB   16/19 KB   176/359 KB   170/170 KB   56/423 KB   117/219 KB   16/19 KB   180/359 KB   170/170 KB   56/423 KB   117/219 KB   16/19 KB   184/359 KB   170/170 KB   56/423 KB   117/219 KB   16/19 KB   184/359 KB   170/170 KB   56/423 KB   117/219 KB   16/19 KB   188/359 KB   170/170 KB   56/423 KB   117/219 KB   16/19 KB   192/359 KB   170/170 KB   56/423 KB   117/219 KB   16/19 KB   192/359 KB   170/170 KB   56/423 KB   117/219 KB   16/19 KB   195/359 KB   170/170 KB   56/423 KB   117/219 KB   16/19 KB   199/359 KB   170/170 KB   56/423 KB   117/219 KB   16/19 KB   200/359 KB   170/170 KB   56/423 KB   117/219 KB   16/19 KB   203/359 KB   170/170 KB   56/423 KB                                                                 Downloaded: https://repo.maven.apache.org/maven2/commons-io/commons-io/2.2/commons-io-2.2.jar (170 KB at 662.2 KB/sec)
Downloading: https://repo.maven.apache.org/maven2/com/thoughtworks/qdox/qdox/1.12.1/qdox-1.12.1.jar
120/219 KB   16/19 KB   203/359 KB   56/423 KB                124/219 KB   16/19 KB   203/359 KB   56/423 KB   125/219 KB   16/19 KB   203/359 KB   56/423 KB   128/219 KB   16/19 KB   203/359 KB   56/423 KB   132/219 KB   16/19 KB   203/359 KB   56/423 KB   133/219 KB   16/19 KB   203/359 KB   56/423 KB   136/219 KB   16/19 KB   203/359 KB   56/423 KB   140/219 KB   16/19 KB   203/359 KB   56/423 KB   141/219 KB   16/19 KB   203/359 KB   56/423 KB   144/219 KB   16/19 KB   203/359 KB   56/423 KB   148/219 KB   16/19 KB   203/359 KB   56/423 KB   149/219 KB   16/19 KB   203/359 KB   56/423 KB   149/219 KB   16/19 KB   207/359 KB   56/423 KB   149/219 KB   16/19 KB   208/359 KB   56/423 KB   149/219 KB   16/19 KB   211/359 KB   56/423 KB   149/219 KB   16/19 KB   215/359 KB   56/423 KB   149/219 KB   16/19 KB   216/359 KB   56/423 KB   149/219 KB   16/19 KB   219/359 KB   56/423 KB   149/219 KB   16/19 KB   223/359 KB   56/423 KB   149/219 KB   16/19 KB   224/359 KB   56/423 KB   149/219 KB   16/19 KB   227/359 KB   56/423 KB   149/219 KB   16/19 KB   231/359 KB   56/423 KB   149/219 KB   16/19 KB   232/359 KB   56/423 KB   149/219 KB   16/19 KB   232/359 KB   60/423 KB   149/219 KB   16/19 KB   234/359 KB   60/423 KB   149/219 KB   16/19 KB   234/359 KB   63/423 KB   149/219 KB   16/19 KB   238/359 KB   63/423 KB   149/219 KB   16/19 KB   238/359 KB   64/423 KB   149/219 KB   16/19 KB   240/359 KB   64/423 KB   149/219 KB   16/19 KB   242/359 KB   64/423 KB   149/219 KB   16/19 KB   246/359 KB   64/423 KB   149/219 KB   16/19 KB   248/359 KB   64/423 KB   149/219 KB   16/19 KB   250/359 KB   64/423 KB   149/219 KB   16/19 KB   254/359 KB   64/423 KB   149/219 KB   16/19 KB   256/359 KB   64/423 KB   149/219 KB   16/19 KB   258/359 KB   64/423 KB   149/219 KB   16/19 KB   262/359 KB   64/423 KB   149/219 KB   16/19 KB   264/359 KB   64/423 KB   149/219 KB   16/19 KB   266/359 KB   64/423 KB   149/219 KB   16/19 KB   270/359 KB   64/423 KB   149/219 KB   16/19 KB   272/359 KB   64/423 KB   149/219 KB   16/19 KB   274/359 KB   64/423 KB   149/219 KB   16/19 KB   278/359 KB   64/423 KB   149/219 KB   16/19 KB   280/359 KB   64/423 KB   149/219 KB   16/19 KB   281/359 KB   64/423 KB   149/219 KB   16/19 KB   285/359 KB   64/423 KB   149/219 KB   16/19 KB   288/359 KB   64/423 KB   149/219 KB   16/19 KB   289/359 KB   64/423 KB   149/219 KB   16/19 KB   293/359 KB   64/423 KB   149/219 KB   16/19 KB   296/359 KB   64/423 KB   149/219 KB   16/19 KB   297/359 KB   64/423 KB   149/219 KB   16/19 KB   301/359 KB   64/423 KB   149/219 KB   16/19 KB   304/359 KB   64/423 KB   149/219 KB   16/19 KB   305/359 KB   64/423 KB   149/219 KB   16/19 KB   309/359 KB   64/423 KB   149/219 KB   16/19 KB   312/359 KB   64/423 KB   149/219 KB   16/19 KB   313/359 KB   64/423 KB   149/219 KB   16/19 KB   317/359 KB   64/423 KB   149/219 KB   16/19 KB   320/359 KB   64/423 KB   149/219 KB   16/19 KB   320/359 KB   64/423 KB   152/219 KB   16/19 KB   320/359 KB   64/423 KB   156/219 KB   16/19 KB   320/359 KB   64/423 KB   160/219 KB   16/19 KB   320/359 KB   64/423 KB   160/219 KB   16/19 KB   320/359 KB   64/423 KB   164/219 KB   16/19 KB   320/359 KB   64/423 KB   168/219 KB   16/19 KB   320/359 KB   64/423 KB   168/219 KB   16/19 KB   320/359 KB   64/423 KB   172/219 KB   16/19 KB   320/359 KB   64/423 KB   176/219 KB   16/19 KB   320/359 KB   64/423 KB   176/219 KB   16/19 KB   320/359 KB   64/423 KB   180/219 KB   16/19 KB   320/359 KB   64/423 KB   180/219 KB   16/19 KB   324/359 KB   64/423 KB   180/219 KB   16/19 KB   328/359 KB   64/423 KB   180/219 KB   16/19 KB   328/359 KB   64/423 KB   180/219 KB   16/19 KB   328/359 KB   68/423 KB   180/219 KB   16/19 KB   328/359 KB   70/423 KB   180/219 KB   16/19 KB   328/359 KB   4/176 KB   70/423 KB   180/219 KB   16/19 KB   332/359 KB   4/176 KB   70/423 KB   180/219 KB   16/19 KB   332/359 KB   8/176 KB   70/423 KB   180/219 KB   16/19 KB   332/359 KB   8/176 KB   70/423 KB   180/219 KB   16/19 KB   332/359 KB   8/176 KB   72/423 KB   180/219 KB   16/19 KB   336/359 KB   12/176 KB   72/423 KB   180/219 KB   16/19 KB   336/359 KB   12/176 KB   72/423 KB   180/219 KB   16/19 KB   336/359 KB   12/176 KB   72/423 KB   180/219 KB   16/19 KB   336/359 KB   16/176 KB   72/423 KB   180/219 KB   16/19 KB   340/359 KB   16/176 KB   72/423 KB   180/219 KB   16/19 KB   340/359 KB   16/176 KB   72/423 KB   180/219 KB   16/19 KB   344/359 KB   16/176 KB   72/423 KB   180/219 KB   16/19 KB   344/359 KB   20/176 KB   76/423 KB   180/219 KB   16/19 KB   344/359 KB   20/176 KB   72/423 KB   180/219 KB   16/19 KB   344/359 KB   20/176 KB   78/423 KB   180/219 KB   16/19 KB   344/359 KB   24/176 KB   78/423 KB   180/219 KB   16/19 KB   344/359 KB   24/176 KB   78/423 KB   180/219 KB   16/19 KB   344/359 KB   24/176 KB   78/423 KB   180/219 KB   16/19 KB   348/359 KB   24/176 KB   78/423 KB   180/219 KB   16/19 KB   352/359 KB   24/176 KB   78/423 KB   180/219 KB   16/19 KB   352/359 KB   24/176 KB   78/423 KB   180/219 KB   16/19 KB   356/359 KB   24/176 KB   78/423 KB   180/219 KB   16/19 KB   359/359 KB   24/176 KB   78/423 KB   184/219 KB   16/19 KB   359/359 KB   24/176 KB   78/423 KB   184/219 KB   16/19 KB   359/359 KB   24/176 KB   78/423 KB   188/219 KB   16/19 KB   359/359 KB   24/176 KB   78/423 KB   192/219 KB   16/19 KB   359/359 KB   24/176 KB   78/423 KB   192/219 KB   16/19 KB   359/359 KB   24/176 KB   78/423 KB   195/219 KB   16/19 KB   359/359 KB   24/176 KB   78/423 KB   199/219 KB   16/19 KB   359/359 KB   24/176 KB   78/423 KB   200/219 KB   16/19 KB   359/359 KB   24/176 KB   78/423 KB   203/219 KB   16/19 KB   359/359 KB   24/176 KB   78/423 KB   207/219 KB   16/19 KB   359/359 KB   24/176 KB   78/423 KB   208/219 KB   16/19 KB   359/359 KB   24/176 KB   78/423 KB   211/219 KB   16/19 KB   359/359 KB   24/176 KB   78/423 KB   211/219 KB   16/19 KB   359/359 KB   24/176 KB   80/423 KB                                                                Downloaded: https://repo.maven.apache.org/maven2/log4j/log4j/1.2.14/log4j-1.2.14.jar (359 KB at 1200.1 KB/sec)
Downloading: https://repo.maven.apache.org/maven2/org/codehaus/plexus/plexus-archiver/2.5/plexus-archiver-2.5.jar
215/219 KB   16/19 KB   24/176 KB   80/423 KB                216/219 KB   16/19 KB   24/176 KB   80/423 KB   219/219 KB   16/19 KB   24/176 KB   80/423 KB   219/219 KB   16/19 KB   24/176 KB   84/423 KB   219/219 KB   16/19 KB   24/176 KB   86/423 KB   219/219 KB   16/19 KB   28/176 KB   86/423 KB   219/219 KB   16/19 KB   31/176 KB   86/423 KB   219/219 KB   16/19 KB   32/176 KB   86/423 KB   219/219 KB   16/19 KB   36/176 KB   86/423 KB   219/219 KB   16/19 KB   39/176 KB   86/423 KB   219/219 KB   16/19 KB   40/176 KB   86/423 KB   219/219 KB   16/19 KB   40/176 KB   88/423 KB   219/219 KB   16/19 KB   40/176 KB   92/423 KB   219/219 KB   16/19 KB   40/176 KB   94/423 KB   219/219 KB   16/19 KB   40/176 KB   96/423 KB                                                   Downloaded: https://repo.maven.apache.org/maven2/org/apache/httpcomponents/httpcore/4.2.2/httpcore-4.2.2.jar (219 KB at 673.9 KB/sec)
Downloading: https://repo.maven.apache.org/maven2/org/codehaus/plexus/plexus-io/2.0.12/plexus-io-2.0.12.jar
16/19 KB   44/176 KB   96/423 KB                16/19 KB   47/176 KB   96/423 KB   16/19 KB   48/176 KB   96/423 KB   16/19 KB   52/176 KB   96/423 KB   16/19 KB   55/176 KB   96/423 KB   16/19 KB   56/176 KB   96/423 KB   16/19 KB   60/176 KB   96/423 KB   16/19 KB   63/176 KB   96/423 KB   16/19 KB   64/176 KB   96/423 KB   16/19 KB   68/176 KB   96/423 KB   16/19 KB   70/176 KB   96/423 KB   16/19 KB   72/176 KB   96/423 KB   16/19 KB   76/176 KB   96/423 KB   16/19 KB   78/176 KB   96/423 KB   16/19 KB   80/176 KB   96/423 KB   16/19 KB   84/176 KB   96/423 KB   16/19 KB   86/176 KB   96/423 KB   16/19 KB   88/176 KB   96/423 KB   4/124 KB   16/19 KB   88/176 KB   96/423 KB   8/124 KB   16/19 KB   88/176 KB   96/423 KB   8/124 KB   16/19 KB   88/176 KB   96/423 KB   8/124 KB   16/19 KB   88/176 KB   96/423 KB   8/124 KB   16/19 KB   92/176 KB   96/423 KB   8/124 KB   16/19 KB   94/176 KB   96/423 KB   8/124 KB   16/19 KB   96/176 KB   96/423 KB   8/124 KB   16/19 KB   100/176 KB   96/423 KB   8/124 KB   16/19 KB   102/176 KB   96/423 KB   8/124 KB   16/19 KB   104/176 KB   96/423 KB   8/124 KB   16/19 KB   104/176 KB   100/423 KB   8/124 KB   16/19 KB   104/176 KB   102/423 KB   8/124 KB   16/19 KB   108/176 KB   102/423 KB   8/124 KB   16/19 KB   109/176 KB   102/423 KB   8/124 KB   16/19 KB   109/176 KB   104/423 KB   8/124 KB   16/19 KB   112/176 KB   104/423 KB   8/124 KB   16/19 KB   112/176 KB   108/423 KB   8/124 KB   16/19 KB   112/176 KB   109/423 KB   8/124 KB   16/19 KB   112/176 KB   4/60 KB   109/423 KB   8/124 KB   16/19 KB   112/176 KB   8/60 KB   109/423 KB   8/124 KB   16/19 KB   112/176 KB   8/60 KB   109/423 KB   8/124 KB   16/19 KB   112/176 KB   12/60 KB   109/423 KB   8/124 KB   16/19 KB   112/176 KB   16/60 KB   109/423 KB   8/124 KB   16/19 KB   112/176 KB   16/60 KB   109/423 KB   8/124 KB   16/19 KB   112/176 KB   20/60 KB   109/423 KB   8/124 KB   16/19 KB   112/176 KB   24/60 KB   109/423 KB   12/124 KB   16/19 KB   112/176 KB   24/60 KB   109/423 KB   16/124 KB   16/19 KB   112/176 KB   24/60 KB   109/423 KB   16/124 KB   16/19 KB   112/176 KB   24/60 KB   109/423 KB   16/124 KB   19/19 KB   112/176 KB   24/60 KB   109/423 KB   20/124 KB   19/19 KB   112/176 KB   24/60 KB   109/423 KB   24/124 KB   19/19 KB   112/176 KB   24/60 KB   109/423 KB   24/124 KB   19/19 KB   112/176 KB   24/60 KB   109/423 KB   24/124 KB   19/19 KB   116/176 KB   24/60 KB   109/423 KB   24/124 KB   19/19 KB   117/176 KB   24/60 KB   109/423 KB   24/124 KB   19/19 KB   120/176 KB   24/60 KB   109/423 KB   24/124 KB   19/19 KB   124/176 KB   24/60 KB   109/423 KB   24/124 KB   19/19 KB   125/176 KB   24/60 KB   109/423 KB   24/124 KB   19/19 KB   128/176 KB   24/60 KB   112/423 KB   24/124 KB   19/19 KB   128/176 KB   24/60 KB   112/423 KB   24/124 KB   19/19 KB   132/176 KB   24/60 KB   112/423 KB   24/124 KB   19/19 KB   133/176 KB   24/60 KB   112/423 KB   24/124 KB   19/19 KB   136/176 KB   24/60 KB   112/423 KB   24/124 KB   19/19 KB   136/176 KB   24/60 KB   116/423 KB   24/124 KB   19/19 KB   136/176 KB   24/60 KB   117/423 KB   24/124 KB   19/19 KB   140/176 KB   24/60 KB   117/423 KB   24/124 KB   19/19 KB   141/176 KB   24/60 KB   117/423 KB   24/124 KB   19/19 KB   141/176 KB   24/60 KB   117/423 KB   24/124 KB   19/19 KB   141/176 KB   28/60 KB   117/423 KB   24/124 KB   19/19 KB   141/176 KB   31/60 KB   117/423 KB   24/124 KB   19/19 KB   141/176 KB   32/60 KB   117/423 KB   24/124 KB   19/19 KB   141/176 KB   36/60 KB   117/423 KB   24/124 KB   19/19 KB   141/176 KB   39/60 KB   117/423 KB   24/124 KB   19/19 KB   141/176 KB   40/60 KB   117/423 KB   24/124 KB   19/19 KB   141/176 KB   44/60 KB   117/423 KB   24/124 KB   19/19 KB   141/176 KB   47/60 KB   117/423 KB   24/124 KB   19/19 KB   141/176 KB   48/60 KB   117/423 KB   28/124 KB   19/19 KB   141/176 KB   48/60 KB   117/423 KB   31/124 KB   19/19 KB   141/176 KB   48/60 KB   117/423 KB   32/124 KB   19/19 KB   141/176 KB   48/60 KB   117/423 KB   36/124 KB   19/19 KB   141/176 KB   48/60 KB   117/423 KB   39/124 KB   19/19 KB   141/176 KB   48/60 KB   117/423 KB   40/124 KB   19/19 KB   141/176 KB   48/60 KB   117/423 KB   44/124 KB   19/19 KB   141/176 KB   48/60 KB   117/423 KB   47/124 KB   19/19 KB   141/176 KB   48/60 KB   117/423 KB   48/124 KB   19/19 KB   141/176 KB   48/60 KB   117/423 KB   48/124 KB   19/19 KB   141/176 KB   48/60 KB   120/423 KB                                                               48/124 KB   141/176 KB   48/60 KB   124/423 KB              Downloaded: https://repo.maven.apache.org/maven2/org/apache/maven/doxia/doxia-module-fml/1.0/doxia-module-fml-1.0.jar (19 KB at 49.2 KB/sec)
48/124 KB   141/176 KB   48/60 KB   125/423 KB   48/124 KB   144/176 KB   48/60 KB   125/423 KB   48/124 KB   148/176 KB   48/60 KB   125/423 KB   48/124 KB   149/176 KB   48/60 KB   125/423 KB   48/124 KB   152/176 KB   48/60 KB   125/423 KB   48/124 KB   156/176 KB   48/60 KB   125/423 KB   48/124 KB   160/176 KB   48/60 KB   125/423 KB   48/124 KB   160/176 KB   48/60 KB   125/423 KB   48/124 KB   164/176 KB   48/60 KB   125/423 KB   48/124 KB   164/176 KB   52/60 KB   125/423 KB   48/124 KB   164/176 KB   55/60 KB   125/423 KB   48/124 KB   164/176 KB   56/60 KB   125/423 KB   48/124 KB   164/176 KB   60/60 KB   125/423 KB   52/124 KB   164/176 KB   60/60 KB   125/423 KB   55/124 KB   164/176 KB   60/60 KB   125/423 KB   56/124 KB   164/176 KB   60/60 KB   125/423 KB   60/124 KB   164/176 KB   60/60 KB   125/423 KB   63/124 KB   164/176 KB   60/60 KB   125/423 KB   64/124 KB   164/176 KB   60/60 KB   125/423 KB   68/124 KB   164/176 KB   60/60 KB   125/423 KB   70/124 KB   164/176 KB   60/60 KB   125/423 KB   72/124 KB   164/176 KB   60/60 KB   125/423 KB   76/124 KB   164/176 KB   60/60 KB   125/423 KB   78/124 KB   164/176 KB   60/60 KB   125/423 KB   78/124 KB   168/176 KB   60/60 KB   125/423 KB   78/124 KB   168/176 KB   60/60 KB   125/423 KB   78/124 KB   172/176 KB   60/60 KB   125/423 KB   78/124 KB   176/176 KB   60/60 KB   125/423 KB   78/124 KB   176/176 KB   60/60 KB   125/423 KB   78/124 KB   176/176 KB   60/60 KB   128/423 KB   78/124 KB   176/176 KB   60/60 KB   132/423 KB   78/124 KB   176/176 KB   60/60 KB   133/423 KB   78/124 KB   176/176 KB   60/60 KB   136/423 KB   80/124 KB   176/176 KB   60/60 KB   136/423 KB   84/124 KB   176/176 KB   60/60 KB   136/423 KB   86/124 KB   176/176 KB   60/60 KB   136/423 KB   88/124 KB   176/176 KB   60/60 KB   136/423 KB                                                    Downloaded: https://repo.maven.apache.org/maven2/org/codehaus/plexus/plexus-io/2.0.12/plexus-io-2.0.12.jar (60 KB at 150.3 KB/sec)
92/124 KB   176/176 KB   136/423 KB              94/124 KB   176/176 KB   136/423 KB   96/124 KB   176/176 KB   136/423 KB   100/124 KB   176/176 KB   136/423 KB   102/124 KB   176/176 KB   136/423 KB   104/124 KB   176/176 KB   136/423 KB   108/124 KB   176/176 KB   136/423 KB   109/124 KB   176/176 KB   136/423 KB   112/124 KB   176/176 KB   136/423 KB   116/124 KB   176/176 KB   136/423 KB   117/124 KB   176/176 KB   136/423 KB   120/124 KB   176/176 KB   136/423 KB   124/124 KB   176/176 KB   136/423 KB   124/124 KB   176/176 KB   140/423 KB   124/124 KB   176/176 KB   141/423 KB   124/124 KB   176/176 KB   144/423 KB   124/124 KB   176/176 KB   148/423 KB   124/124 KB   176/176 KB   149/423 KB                                          Downloaded: https://repo.maven.apache.org/maven2/com/thoughtworks/qdox/qdox/1.12.1/qdox-1.12.1.jar (176 KB at 436.8 KB/sec)
124/124 KB   152/423 KB                124/124 KB   156/423 KB   124/124 KB   160/423 KB   124/124 KB   160/423 KB                             Downloaded: https://repo.maven.apache.org/maven2/org/codehaus/plexus/plexus-archiver/2.5/plexus-archiver-2.5.jar (124 KB at 296.8 KB/sec)
164/423 KB                168/423 KB   168/423 KB   172/423 KB   176/423 KB   176/423 KB   180/423 KB   184/423 KB   184/423 KB   188/423 KB   192/423 KB   192/423 KB   195/423 KB   199/423 KB   200/423 KB   203/423 KB   207/423 KB   208/423 KB   211/423 KB   215/423 KB   216/423 KB   219/423 KB   223/423 KB   224/423 KB   227/423 KB   231/423 KB   232/423 KB   234/423 KB   238/423 KB   240/423 KB   242/423 KB   246/423 KB   248/423 KB   250/423 KB   254/423 KB   256/423 KB   258/423 KB   262/423 KB   264/423 KB   266/423 KB   270/423 KB   272/423 KB   274/423 KB   278/423 KB   280/423 KB   281/423 KB   285/423 KB   288/423 KB   289/423 KB   293/423 KB   296/423 KB   297/423 KB   301/423 KB   304/423 KB   305/423 KB   309/423 KB   312/423 KB   313/423 KB   317/423 KB   320/423 KB   320/423 KB   324/423 KB   328/423 KB   328/423 KB   332/423 KB   336/423 KB   336/423 KB   340/423 KB   344/423 KB   344/423 KB   348/423 KB   352/423 KB   352/423 KB   356/423 KB   359/423 KB   360/423 KB   364/423 KB   367/423 KB   368/423 KB   372/423 KB   375/423 KB   376/423 KB   380/423 KB   383/423 KB   384/423 KB   388/423 KB   391/423 KB   392/423 KB   396/423 KB   399/423 KB   400/423 KB   404/423 KB   406/423 KB   408/423 KB   412/423 KB   414/423 KB   416/423 KB   420/423 KB   422/423 KB   423/423 KB                Downloaded: https://repo.maven.apache.org/maven2/org/apache/httpcomponents/httpclient/4.2.3/httpclient-4.2.3.jar (423 KB at 514.5 KB/sec)
[INFO] Not executing Javadoc as the project is not a Java classpath-capable package
[INFO] 
[INFO] --- maven-enforcer-plugin:1.0:enforce (enforce-maven) @ dagger-parent ---
[INFO] 
[INFO] --- maven-checkstyle-plugin:2.10:checkstyle (default) @ dagger-parent ---
[INFO] 
[INFO] --- maven-install-plugin:2.4:install (default-install) @ dagger-parent ---
[INFO] Installing /home/travis/build/square/dagger/pom.xml to /home/travis/.m2/repository/com/squareup/dagger/dagger-parent/1.2.3-SNAPSHOT/dagger-parent-1.2.3-SNAPSHOT.pom
[INFO] 
[INFO] --- maven-deploy-plugin:2.7:deploy (default-deploy) @ dagger-parent ---
Downloading: https://oss.sonatype.org/content/repositories/snapshots/com/squareup/dagger/dagger-parent/1.2.3-SNAPSHOT/maven-metadata.xml
609/609 B                Downloaded: https://oss.sonatype.org/content/repositories/snapshots/com/squareup/dagger/dagger-parent/1.2.3-SNAPSHOT/maven-metadata.xml (609 B at 1.0 KB/sec)
Uploading: https://oss.sonatype.org/content/repositories/snapshots/com/squareup/dagger/dagger-parent/1.2.3-SNAPSHOT/dagger-parent-1.2.3-20150303.221959-3.pom
2/6 KB      4/6 KB   6/6 KB            Uploaded: https://oss.sonatype.org/content/repositories/snapshots/com/squareup/dagger/dagger-parent/1.2.3-SNAPSHOT/dagger-parent-1.2.3-20150303.221959-3.pom (6 KB at 6.8 KB/sec)
Downloading: https://oss.sonatype.org/content/repositories/snapshots/com/squareup/dagger/dagger-parent/maven-metadata.xml
411/411 B               Downloaded: https://oss.sonatype.org/content/repositories/snapshots/com/squareup/dagger/dagger-parent/maven-metadata.xml (411 B at 1.6 KB/sec)
Uploading: https://oss.sonatype.org/content/repositories/snapshots/com/squareup/dagger/dagger-parent/1.2.3-SNAPSHOT/maven-metadata.xml
609/609 B               Uploaded: https://oss.sonatype.org/content/repositories/snapshots/com/squareup/dagger/dagger-parent/1.2.3-SNAPSHOT/maven-metadata.xml (609 B at 2.0 KB/sec)
Uploading: https://oss.sonatype.org/content/repositories/snapshots/com/squareup/dagger/dagger-parent/maven-metadata.xml
390/390 B               Uploaded: https://oss.sonatype.org/content/repositories/snapshots/com/squareup/dagger/dagger-parent/maven-metadata.xml (390 B at 1.2 KB/sec)
[INFO]                                                                         
[INFO] ------------------------------------------------------------------------
[INFO] Building Dagger 1.2.3-SNAPSHOT
[INFO] ------------------------------------------------------------------------
[INFO] 
[INFO] --- maven-clean-plugin:2.5:clean (default-clean) @ dagger ---
[INFO] Deleting /home/travis/build/square/dagger/core/target
[INFO] 
[INFO] >>> maven-source-plugin:2.4:jar (default-cli) > generate-sources @ dagger >>>
[INFO] 
[INFO] --- maven-enforcer-plugin:1.0:enforce (enforce-maven) @ dagger ---
[INFO] 
[INFO] <<< maven-source-plugin:2.4:jar (default-cli) < generate-sources @ dagger <<<
[INFO] 
[INFO] --- maven-source-plugin:2.4:jar (default-cli) @ dagger ---
[INFO] Building jar: /home/travis/build/square/dagger/core/target/dagger-1.2.3-SNAPSHOT-sources.jar
[INFO] 
[INFO] --- maven-javadoc-plugin:2.10.1:jar (default-cli) @ dagger ---
[INFO] 
Loading source files for package dagger...
Constructing Javadoc information...
Standard Doclet version 1.7.0_76
Building tree for all the packages and classes...
Generating /home/travis/build/square/dagger/core/target/apidocs/dagger/Lazy.html...
Generating /home/travis/build/square/dagger/core/target/apidocs/dagger/MembersInjector.html...
Generating /home/travis/build/square/dagger/core/target/apidocs/dagger/Module.html...
Generating /home/travis/build/square/dagger/core/target/apidocs/dagger/ObjectGraph.html...
Generating /home/travis/build/square/dagger/core/target/apidocs/dagger/Provides.html...
Generating /home/travis/build/square/dagger/core/target/apidocs/dagger/Provides.Type.html...
Generating /home/travis/build/square/dagger/core/target/apidocs/dagger/package-frame.html...
Generating /home/travis/build/square/dagger/core/target/apidocs/dagger/package-summary.html...
Generating /home/travis/build/square/dagger/core/target/apidocs/dagger/package-tree.html...
Generating /home/travis/build/square/dagger/core/target/apidocs/constant-values.html...
Generating /home/travis/build/square/dagger/core/target/apidocs/dagger/class-use/Provides.html...
Generating /home/travis/build/square/dagger/core/target/apidocs/dagger/class-use/Provides.Type.html...
Generating /home/travis/build/square/dagger/core/target/apidocs/dagger/class-use/ObjectGraph.html...
Generating /home/travis/build/square/dagger/core/target/apidocs/dagger/class-use/Module.html...
Generating /home/travis/build/square/dagger/core/target/apidocs/dagger/class-use/MembersInjector.html...
Generating /home/travis/build/square/dagger/core/target/apidocs/dagger/class-use/Lazy.html...
Generating /home/travis/build/square/dagger/core/target/apidocs/dagger/package-use.html...
Building index for all the packages and classes...
Generating /home/travis/build/square/dagger/core/target/apidocs/overview-tree.html...
Generating /home/travis/build/square/dagger/core/target/apidocs/index-all.html...
Generating /home/travis/build/square/dagger/core/target/apidocs/deprecated-list.html...
Building index for all classes...
Generating /home/travis/build/square/dagger/core/target/apidocs/allclasses-frame.html...
Generating /home/travis/build/square/dagger/core/target/apidocs/allclasses-noframe.html...
Generating /home/travis/build/square/dagger/core/target/apidocs/index.html...
Generating /home/travis/build/square/dagger/core/target/apidocs/help-doc.html...
[INFO] Building jar: /home/travis/build/square/dagger/core/target/dagger-1.2.3-SNAPSHOT-javadoc.jar
[INFO] 
[INFO] --- maven-enforcer-plugin:1.0:enforce (enforce-maven) @ dagger ---
[INFO] 
[INFO] --- maven-resources-plugin:2.6:resources (default-resources) @ dagger ---
[INFO] Using 'UTF-8' encoding to copy filtered resources.
[INFO] skip non existing resourceDirectory /home/travis/build/square/dagger/core/src/main/resources
[INFO] 
[INFO] --- maven-compiler-plugin:3.1:compile (default-compile) @ dagger ---
[INFO] Changes detected - recompiling the module!
[INFO] Compiling 25 source files to /home/travis/build/square/dagger/core/target/classes
[WARNING] bootstrap class path not set in conjunction with -source 1.6
[WARNING] /home/travis/build/square/dagger/core/src/main/java/dagger/internal/Binding.java:[155,17] serializable class dagger.internal.Binding.InvalidBindingException has no definition of serialVersionUID
[WARNING] /home/travis/build/square/dagger/core/src/main/java/dagger/internal/ProblemDetector.java:[33,10] found raw type: dagger.internal.Binding
  missing type arguments for generic class dagger.internal.Binding<T>
[WARNING] /home/travis/build/square/dagger/core/src/main/java/dagger/internal/ProblemDetector.java:[33,50] found raw type: dagger.internal.Binding
  missing type arguments for generic class dagger.internal.Binding<T>
[WARNING] /home/travis/build/square/dagger/core/src/main/java/dagger/internal/ArrayQueue.java:[530,58] unchecked cast
  required: T[]
  found:    java.lang.Object
[WARNING] /home/travis/build/square/dagger/core/src/main/java/dagger/internal/ArrayQueue.java:[554,63] unchecked cast
  required: dagger.internal.ArrayQueue<E>
  found:    java.lang.Object
[WARNING] /home/travis/build/square/dagger/core/src/main/java/dagger/internal/ArrayQueue.java:[555,54] unchecked cast
  required: E[]
  found:    java.lang.Object
[WARNING] /home/travis/build/square/dagger/core/src/main/java/dagger/ObjectGraph.java:[176,90] unchecked cast
  required: dagger.internal.ModuleAdapter<java.lang.Object>
  found:    dagger.internal.ModuleAdapter<capture#1 of ?>
[INFO] 
[INFO] --- maven-checkstyle-plugin:2.10:checkstyle (default) @ dagger ---
[INFO] Starting audit...
Audit done.

[WARNING] Unable to locate Source XRef to link to - DISABLED
[INFO] 
[INFO] --- animal-sniffer-maven-plugin:1.8:check (sniff-api) @ dagger ---
[INFO] Checking unresolved references to org.codehaus.mojo.signature:java15:1.0
[INFO] 
[INFO] --- maven-resources-plugin:2.6:testResources (default-testResources) @ dagger ---
[INFO] Not copying test resources
[INFO] 
[INFO] --- maven-compiler-plugin:3.1:testCompile (default-testCompile) @ dagger ---
[INFO] Not compiling test sources
[INFO] 
[INFO] --- maven-surefire-plugin:2.12.4:test (default-test) @ dagger ---
[INFO] Tests are skipped.
[INFO] 
[INFO] --- maven-jar-plugin:2.4:jar (default-jar) @ dagger ---
[INFO] Building jar: /home/travis/build/square/dagger/core/target/dagger-1.2.3-SNAPSHOT.jar
[INFO] 
[INFO] --- maven-jar-plugin:2.4:test-jar (default) @ dagger ---
[INFO] Skipping packaging of the test-jar
[INFO] 
[INFO] --- maven-install-plugin:2.4:install (default-install) @ dagger ---
[INFO] Installing /home/travis/build/square/dagger/core/target/dagger-1.2.3-SNAPSHOT.jar to /home/travis/.m2/repository/com/squareup/dagger/dagger/1.2.3-SNAPSHOT/dagger-1.2.3-SNAPSHOT.jar
[INFO] Installing /home/travis/build/square/dagger/core/pom.xml to /home/travis/.m2/repository/com/squareup/dagger/dagger/1.2.3-SNAPSHOT/dagger-1.2.3-SNAPSHOT.pom
[INFO] Installing /home/travis/build/square/dagger/core/target/dagger-1.2.3-SNAPSHOT-sources.jar to /home/travis/.m2/repository/com/squareup/dagger/dagger/1.2.3-SNAPSHOT/dagger-1.2.3-SNAPSHOT-sources.jar
[INFO] Installing /home/travis/build/square/dagger/core/target/dagger-1.2.3-SNAPSHOT-javadoc.jar to /home/travis/.m2/repository/com/squareup/dagger/dagger/1.2.3-SNAPSHOT/dagger-1.2.3-SNAPSHOT-javadoc.jar
[INFO] 
[INFO] --- maven-deploy-plugin:2.7:deploy (default-deploy) @ dagger ---
Downloading: https://oss.sonatype.org/content/repositories/snapshots/com/squareup/dagger/dagger/1.2.3-SNAPSHOT/maven-metadata.xml
2/2 KB               Downloaded: https://oss.sonatype.org/content/repositories/snapshots/com/squareup/dagger/dagger/1.2.3-SNAPSHOT/maven-metadata.xml (2 KB at 8.1 KB/sec)
Uploading: https://oss.sonatype.org/content/repositories/snapshots/com/squareup/dagger/dagger/1.2.3-SNAPSHOT/dagger-1.2.3-20150303.222007-3.jar
2/60 KB   4/60 KB   6/60 KB   8/60 KB   10/60 KB   12/60 KB   14/60 KB   16/60 KB   18/60 KB   20/60 KB   22/60 KB   24/60 KB   26/60 KB   28/60 KB   30/60 KB   32/60 KB   34/60 KB   36/60 KB   38/60 KB   40/60 KB   42/60 KB   44/60 KB   46/60 KB   48/60 KB   50/60 KB   52/60 KB   54/60 KB   56/60 KB   58/60 KB   60/60 KB              Uploaded: https://oss.sonatype.org/content/repositories/snapshots/com/squareup/dagger/dagger/1.2.3-SNAPSHOT/dagger-1.2.3-20150303.222007-3.jar (60 KB at 50.3 KB/sec)
Uploading: https://oss.sonatype.org/content/repositories/snapshots/com/squareup/dagger/dagger/1.2.3-SNAPSHOT/dagger-1.2.3-20150303.222007-3.pom
2/3 KB     3/3 KB            Uploaded: https://oss.sonatype.org/content/repositories/snapshots/com/squareup/dagger/dagger/1.2.3-SNAPSHOT/dagger-1.2.3-20150303.222007-3.pom (3 KB at 2.4 KB/sec)
Downloading: https://oss.sonatype.org/content/repositories/snapshots/com/squareup/dagger/dagger/maven-metadata.xml
404/404 B               Downloaded: https://oss.sonatype.org/content/repositories/snapshots/com/squareup/dagger/dagger/maven-metadata.xml (404 B at 1.2 KB/sec)
Uploading: https://oss.sonatype.org/content/repositories/snapshots/com/squareup/dagger/dagger/1.2.3-SNAPSHOT/maven-metadata.xml
2/2 KB               Uploaded: https://oss.sonatype.org/content/repositories/snapshots/com/squareup/dagger/dagger/1.2.3-SNAPSHOT/maven-metadata.xml (2 KB at 0.7 KB/sec)
Uploading: https://oss.sonatype.org/content/repositories/snapshots/com/squareup/dagger/dagger/maven-metadata.xml
383/383 B               Uploaded: https://oss.sonatype.org/content/repositories/snapshots/com/squareup/dagger/dagger/maven-metadata.xml (383 B at 0.4 KB/sec)
Uploading: https://oss.sonatype.org/content/repositories/snapshots/com/squareup/dagger/dagger/1.2.3-SNAPSHOT/dagger-1.2.3-20150303.222007-3-sources.jar
2/46 KB     4/46 KB   6/46 KB   8/46 KB   10/46 KB   12/46 KB   14/46 KB   16/46 KB   18/46 KB   20/46 KB   22/46 KB   24/46 KB   26/46 KB   28/46 KB   30/46 KB   32/46 KB   34/46 KB   36/46 KB   38/46 KB   40/46 KB   42/46 KB   44/46 KB   46/46 KB              Uploaded: https://oss.sonatype.org/content/repositories/snapshots/com/squareup/dagger/dagger/1.2.3-SNAPSHOT/dagger-1.2.3-20150303.222007-3-sources.jar (46 KB at 40.1 KB/sec)
Uploading: https://oss.sonatype.org/content/repositories/snapshots/com/squareup/dagger/dagger/1.2.3-SNAPSHOT/maven-metadata.xml
2/2 KB              Uploaded: https://oss.sonatype.org/content/repositories/snapshots/com/squareup/dagger/dagger/1.2.3-SNAPSHOT/maven-metadata.xml (2 KB at 1.1 KB/sec)
Uploading: https://oss.sonatype.org/content/repositories/snapshots/com/squareup/dagger/dagger/1.2.3-SNAPSHOT/dagger-1.2.3-20150303.222007-3-javadoc.jar
2/60 KB   4/60 KB   6/60 KB   8/60 KB   10/60 KB   12/60 KB   14/60 KB   16/60 KB   18/60 KB   20/60 KB   22/60 KB   24/60 KB   26/60 KB   28/60 KB   30/60 KB   32/60 KB   34/60 KB   36/60 KB   38/60 KB   40/60 KB   42/60 KB   44/60 KB   46/60 KB   48/60 KB   50/60 KB   52/60 KB   54/60 KB   56/60 KB   58/60 KB   60/60 KB              Uploaded: https://oss.sonatype.org/content/repositories/snapshots/com/squareup/dagger/dagger/1.2.3-SNAPSHOT/dagger-1.2.3-20150303.222007-3-javadoc.jar (60 KB at 150.5 KB/sec)
Uploading: https://oss.sonatype.org/content/repositories/snapshots/com/squareup/dagger/dagger/1.2.3-SNAPSHOT/maven-metadata.xml
2/2 KB              Uploaded: https://oss.sonatype.org/content/repositories/snapshots/com/squareup/dagger/dagger/1.2.3-SNAPSHOT/maven-metadata.xml (2 KB at 3.5 KB/sec)
[INFO]                                                                         
[INFO] ------------------------------------------------------------------------
[INFO] Building Dagger Compiler 1.2.3-SNAPSHOT
[INFO] ------------------------------------------------------------------------
[INFO] 
[INFO] --- maven-clean-plugin:2.5:clean (default-clean) @ dagger-compiler ---
[INFO] Deleting /home/travis/build/square/dagger/compiler/target
[INFO] 
[INFO] >>> maven-source-plugin:2.4:jar (default-cli) > generate-sources @ dagger-compiler >>>
[INFO] 
[INFO] --- maven-enforcer-plugin:1.0:enforce (enforce-maven) @ dagger-compiler ---
[INFO] 
[INFO] <<< maven-source-plugin:2.4:jar (default-cli) < generate-sources @ dagger-compiler <<<
[INFO] 
[INFO] --- maven-source-plugin:2.4:jar (default-cli) @ dagger-compiler ---
[INFO] Building jar: /home/travis/build/square/dagger/compiler/target/dagger-compiler-1.2.3-SNAPSHOT-sources.jar
[INFO] 
[INFO] --- maven-javadoc-plugin:2.10.1:jar (default-cli) @ dagger-compiler ---
[INFO] 
Loading source files for package dagger.internal.codegen...
Constructing Javadoc information...
Standard Doclet version 1.7.0_76
Building tree for all the packages and classes...
Generating /home/travis/build/square/dagger/compiler/target/apidocs/dagger/internal/codegen/AdapterJavadocs.html...
Generating /home/travis/build/square/dagger/compiler/target/apidocs/dagger/internal/codegen/GraphAnalysisLoader.html...
Generating /home/travis/build/square/dagger/compiler/target/apidocs/dagger/internal/codegen/GraphAnalysisProcessor.html...
Generating /home/travis/build/square/dagger/compiler/target/apidocs/dagger/internal/codegen/GraphAnalysisStaticInjection.html...
Generating /home/travis/build/square/dagger/compiler/target/apidocs/dagger/internal/codegen/GraphVisualizer.html...
Generating /home/travis/build/square/dagger/compiler/target/apidocs/dagger/internal/codegen/GraphVizWriter.html...
Generating /home/travis/build/square/dagger/compiler/target/apidocs/dagger/internal/codegen/InjectAdapterProcessor.html...
Generating /home/travis/build/square/dagger/compiler/target/apidocs/dagger/internal/codegen/ModuleAdapterProcessor.html...
Generating /home/travis/build/square/dagger/compiler/target/apidocs/dagger/internal/codegen/ValidationProcessor.html...
Generating /home/travis/build/square/dagger/compiler/target/apidocs/dagger/internal/codegen/package-frame.html...
Generating /home/travis/build/square/dagger/compiler/target/apidocs/dagger/internal/codegen/package-summary.html...
Generating /home/travis/build/square/dagger/compiler/target/apidocs/dagger/internal/codegen/package-tree.html...
Generating /home/travis/build/square/dagger/compiler/target/apidocs/constant-values.html...
Generating /home/travis/build/square/dagger/compiler/target/apidocs/dagger/internal/codegen/class-use/ValidationProcessor.html...
Generating /home/travis/build/square/dagger/compiler/target/apidocs/dagger/internal/codegen/class-use/ModuleAdapterProcessor.html...
Generating /home/travis/build/square/dagger/compiler/target/apidocs/dagger/internal/codegen/class-use/InjectAdapterProcessor.html...
Generating /home/travis/build/square/dagger/compiler/target/apidocs/dagger/internal/codegen/class-use/GraphVizWriter.html...
Generating /home/travis/build/square/dagger/compiler/target/apidocs/dagger/internal/codegen/class-use/GraphVisualizer.html...
Generating /home/travis/build/square/dagger/compiler/target/apidocs/dagger/internal/codegen/class-use/GraphAnalysisStaticInjection.html...
Generating /home/travis/build/square/dagger/compiler/target/apidocs/dagger/internal/codegen/class-use/GraphAnalysisProcessor.html...
Generating /home/travis/build/square/dagger/compiler/target/apidocs/dagger/internal/codegen/class-use/GraphAnalysisLoader.html...
Generating /home/travis/build/square/dagger/compiler/target/apidocs/dagger/internal/codegen/class-use/AdapterJavadocs.html...
Generating /home/travis/build/square/dagger/compiler/target/apidocs/dagger/internal/codegen/package-use.html...
Building index for all the packages and classes...
Generating /home/travis/build/square/dagger/compiler/target/apidocs/overview-tree.html...
Generating /home/travis/build/square/dagger/compiler/target/apidocs/index-all.html...
Generating /home/travis/build/square/dagger/compiler/target/apidocs/deprecated-list.html...
Building index for all classes...
Generating /home/travis/build/square/dagger/compiler/target/apidocs/allclasses-frame.html...
Generating /home/travis/build/square/dagger/compiler/target/apidocs/allclasses-noframe.html...
Generating /home/travis/build/square/dagger/compiler/target/apidocs/index.html...
Generating /home/travis/build/square/dagger/compiler/target/apidocs/help-doc.html...
[INFO] Building jar: /home/travis/build/square/dagger/compiler/target/dagger-compiler-1.2.3-SNAPSHOT-javadoc.jar
[INFO] 
[INFO] --- maven-enforcer-plugin:1.0:enforce (enforce-maven) @ dagger-compiler ---
[INFO] 
[INFO] --- maven-resources-plugin:2.6:resources (default-resources) @ dagger-compiler ---
[INFO] Using 'UTF-8' encoding to copy filtered resources.
[INFO] Copying 1 resource
[INFO] 
[INFO] --- maven-compiler-plugin:3.1:compile (default-compile) @ dagger-compiler ---
[INFO] Changes detected - recompiling the module!
[INFO] Compiling 13 source files to /home/travis/build/square/dagger/compiler/target/classes
[WARNING] bootstrap class path not set in conjunction with -source 1.6
[INFO] 
[INFO] --- maven-checkstyle-plugin:2.10:checkstyle (default) @ dagger-compiler ---
[INFO] Starting audit...
Audit done.

[WARNING] Unable to locate Source XRef to link to - DISABLED
[INFO] 
[INFO] --- maven-resources-plugin:2.6:testResources (default-testResources) @ dagger-compiler ---
[INFO] Not copying test resources
[INFO] 
[INFO] --- maven-compiler-plugin:3.1:testCompile (default-testCompile) @ dagger-compiler ---
[INFO] Not compiling test sources
[INFO] 
[INFO] --- maven-compiler-plugin:3.1:testCompile (default-test-compile) @ dagger-compiler ---
[INFO] Not compiling test sources
[INFO] 
[INFO] --- maven-surefire-plugin:2.12.4:test (default-test) @ dagger-compiler ---
[INFO] Tests are skipped.
[INFO] 
[INFO] --- maven-jar-plugin:2.4:jar (default-jar) @ dagger-compiler ---
[INFO] Building jar: /home/travis/build/square/dagger/compiler/target/dagger-compiler-1.2.3-SNAPSHOT.jar
[INFO] 
[INFO] --- maven-assembly-plugin:2.2-beta-5:single (default) @ dagger-compiler ---
[INFO] META-INF/ already added, skipping
[INFO] META-INF/MANIFEST.MF already added, skipping
[INFO] META-INF/maven/ already added, skipping
[INFO] META-INF/MANIFEST.MF already added, skipping
[INFO] META-INF/ already added, skipping
[INFO] META-INF/maven/ already added, skipping
[INFO] com/ already added, skipping
[INFO] Building jar: /home/travis/build/square/dagger/compiler/target/dagger-compiler-1.2.3-SNAPSHOT-jar-with-dependencies.jar
[INFO] META-INF/ already added, skipping
[INFO] META-INF/MANIFEST.MF already added, skipping
[INFO] META-INF/maven/ already added, skipping
[INFO] META-INF/MANIFEST.MF already added, skipping
[INFO] META-INF/ already added, skipping
[INFO] META-INF/maven/ already added, skipping
[INFO] com/ already added, skipping
[INFO] 
[INFO] --- maven-invoker-plugin:1.7:install (integration-test) @ dagger-compiler ---
[INFO] Installing /home/travis/build/square/dagger/core/pom.xml to /home/travis/build/square/dagger/compiler/target/local-repo/com/squareup/dagger/dagger/1.2.3-SNAPSHOT/dagger-1.2.3-SNAPSHOT.pom
[INFO] Installing /home/travis/build/square/dagger/core/target/dagger-1.2.3-SNAPSHOT.jar to /home/travis/build/square/dagger/compiler/target/local-repo/com/squareup/dagger/dagger/1.2.3-SNAPSHOT/dagger-1.2.3-SNAPSHOT.jar
[INFO] Installing /home/travis/build/square/dagger/core/pom.xml to /home/travis/build/square/dagger/compiler/target/local-repo/com/squareup/dagger/dagger/1.2.3-SNAPSHOT/dagger-1.2.3-SNAPSHOT.pom
[INFO] Installing /home/travis/build/square/dagger/core/target/dagger-1.2.3-SNAPSHOT-sources.jar to /home/travis/build/square/dagger/compiler/target/local-repo/com/squareup/dagger/dagger/1.2.3-SNAPSHOT/dagger-1.2.3-SNAPSHOT-sources.jar
[INFO] Installing /home/travis/build/square/dagger/core/target/dagger-1.2.3-SNAPSHOT-javadoc.jar to /home/travis/build/square/dagger/compiler/target/local-repo/com/squareup/dagger/dagger/1.2.3-SNAPSHOT/dagger-1.2.3-SNAPSHOT-javadoc.jar
[INFO] Installing /home/travis/build/square/dagger/pom.xml to /home/travis/build/square/dagger/compiler/target/local-repo/com/squareup/dagger/dagger-parent/1.2.3-SNAPSHOT/dagger-parent-1.2.3-SNAPSHOT.pom
[INFO] Installing /home/travis/build/square/dagger/compiler/pom.xml to /home/travis/build/square/dagger/compiler/target/local-repo/com/squareup/dagger/dagger-compiler/1.2.3-SNAPSHOT/dagger-compiler-1.2.3-SNAPSHOT.pom
[INFO] Installing /home/travis/build/square/dagger/compiler/target/dagger-compiler-1.2.3-SNAPSHOT.jar to /home/travis/build/square/dagger/compiler/target/local-repo/com/squareup/dagger/dagger-compiler/1.2.3-SNAPSHOT/dagger-compiler-1.2.3-SNAPSHOT.jar
[INFO] Installing /home/travis/build/square/dagger/compiler/target/dagger-compiler-1.2.3-SNAPSHOT-sources.jar to /home/travis/build/square/dagger/compiler/target/local-repo/com/squareup/dagger/dagger-compiler/1.2.3-SNAPSHOT/dagger-compiler-1.2.3-SNAPSHOT-sources.jar
[INFO] Installing /home/travis/build/square/dagger/compiler/target/dagger-compiler-1.2.3-SNAPSHOT-javadoc.jar to /home/travis/build/square/dagger/compiler/target/local-repo/com/squareup/dagger/dagger-compiler/1.2.3-SNAPSHOT/dagger-compiler-1.2.3-SNAPSHOT-javadoc.jar
[INFO] Installing /home/travis/build/square/dagger/compiler/target/dagger-compiler-1.2.3-SNAPSHOT-jar-with-dependencies.jar to /home/travis/build/square/dagger/compiler/target/local-repo/com/squareup/dagger/dagger-compiler/1.2.3-SNAPSHOT/dagger-compiler-1.2.3-SNAPSHOT-jar-with-dependencies.jar
[INFO] 
[INFO] --- maven-invoker-plugin:1.7:run (integration-test) @ dagger-compiler ---
[INFO] Building: default-package-injected-type/pom.xml
[INFO] ..SUCCESS (12.0 s)
[INFO] Building: extension-graph-setvalues/pom.xml
[INFO] ..SUCCESS (3.9 s)
[INFO] Building: extension-graph/pom.xml
[INFO] ..SUCCESS (4.7 s)
[INFO] Building: final-field-inject/pom.xml
[INFO] run script verify.bsh
[INFO] ..FAILED (3.7 s)
[INFO]   The post-build script did not succeed. Sourced file: inline evaluation of: ``import dagger.testing.it.BuildLogValidator; import java.io.File;  File buildLog  . . . '' : Unknown class: BuildLogValidator
[INFO] Building: include-non-module/pom.xml
[INFO] ..SUCCESS (4.0 s)
[INFO] Building: inject-on-class/pom.xml
[INFO] run script verify.bsh
[INFO] ..FAILED (4.3 s)
[INFO]   The post-build script did not succeed. Sourced file: inline evaluation of: ``import dagger.testing.it.BuildLogValidator; import java.io.File;  File buildLog  . . . '' : Unknown class: BuildLogValidator
[INFO] Building: inject-parameterized-type/pom.xml
[INFO] ..SUCCESS (4.6 s)
[INFO] Building: inner-classes-complaint-injection/pom.xml
[INFO] run script verify.bsh
[INFO] ..FAILED (4.0 s)
[INFO]   The post-build script did not succeed. Sourced file: inline evaluation of: ``import dagger.testing.it.BuildLogValidator; import java.io.File;  File buildLog  . . . '' : Unknown class: BuildLogValidator
[INFO] Building: method-injection/pom.xml
[INFO] run script verify.bsh
[INFO] ..FAILED (3.7 s)
[INFO]   The post-build script did not succeed. Sourced file: inline evaluation of: ``import dagger.testing.it.BuildLogValidator; import java.io.File;  File buildLog  . . . '' : Unknown class: BuildLogValidator
[INFO] Building: missing-at-inject-constructor/pom.xml
[INFO] run script verify.bsh
[INFO] ..FAILED (3.9 s)
[INFO]   The post-build script did not succeed. Sourced file: inline evaluation of: ``import dagger.testing.it.BuildLogValidator; import java.io.File;  File buildLog  . . . '' : Unknown class: BuildLogValidator
[INFO] Building: module-type-validation/pom.xml
[INFO] run script verify.bsh
[INFO] ..FAILED (3.9 s)
[INFO]   The post-build script did not succeed. Sourced file: inline evaluation of: ``import dagger.testing.it.BuildLogValidator; import java.io.File;  File buildLog  . . . '' : Unknown class: BuildLogValidator
[INFO] Building: multiple-modules-setvalues/pom.xml
[INFO] ..SUCCESS (4.7 s)
[INFO] Building: multiple-provides-methods/pom.xml
[INFO] run script verify.bsh
[INFO] ..SUCCESS (4.3 s)
[INFO] Building: multiple-qualifiers/pom.xml
[INFO] run script verify.bsh
[INFO] ..FAILED (3.8 s)
[INFO]   The post-build script did not succeed. Sourced file: inline evaluation of: ``import dagger.testing.it.BuildLogValidator; import java.io.File;  File buildLog  . . . '' : Unknown class: BuildLogValidator
[INFO] Building: private-inject/pom.xml
[INFO] run script verify.bsh
[INFO] ..FAILED (4.2 s)
[INFO]   The post-build script did not succeed. Sourced file: inline evaluation of: ``import dagger.testing.it.BuildLogValidator; import java.io.File;  File buildLog  . . . '' : Unknown class: BuildLogValidator
[INFO] Building: provide-provider-or-lazy/pom.xml
[INFO] run script verify.bsh
[INFO] ..FAILED (4.1 s)
[INFO]   The post-build script did not succeed. Sourced file: inline evaluation of: ``import dagger.testing.it.BuildLogValidator; import java.io.File;  File buildLog  . . . '' : Unknown class: BuildLogValidator
[INFO] Building: provides-method-not-in-module/pom.xml
[INFO] run script verify.bsh
[INFO] ..FAILED (3.3 s)
[INFO]   The post-build script did not succeed. Sourced file: inline evaluation of: ``import dagger.testing.it.BuildLogValidator; import java.io.File;  File buildLog  . . . '' : Unknown class: BuildLogValidator
[INFO] Building: provides-method-with-throws-clause/pom.xml
[INFO] run script verify.bsh
[INFO] ..FAILED (3.3 s)
[INFO]   The post-build script did not succeed. Sourced file: inline evaluation of: ``import dagger.testing.it.BuildLogValidator; import java.io.File;  File buildLog  . . . '' : Unknown class: BuildLogValidator
[INFO] Building: qualifiers-on-invalid-elements-errors/pom.xml
[INFO] run script verify.bsh
[INFO] ..FAILED (3.3 s)
[INFO]   The post-build script did not succeed. Sourced file: inline evaluation of: ``import dagger.testing.it.BuildLogValidator; import java.io.File;  File buildLog  . . . '' : Unknown class: BuildLogValidator
[INFO] Building: qualifiers-on-invalid-elements-warnings/pom.xml
[INFO] run script verify.bsh
[INFO] ..FAILED (3.6 s)
[INFO]   The post-build script did not succeed. Sourced file: inline evaluation of: ``import dagger.testing.it.BuildLogValidator; import java.io.File;  File buildLog  . . . '' : Unknown class: BuildLogValidator
[INFO] Building: same-provides-method-name/pom.xml
[INFO] ..SUCCESS (3.8 s)
[INFO] Building: static-injected-binding-doesnt-fail-providers/pom.xml
[INFO] ..SUCCESS (3.9 s)
[INFO] Building: uninjectable-supertype/pom.xml
[INFO] ..SUCCESS (3.9 s)
[INFO] Building: valid-use-of-qualifiers/pom.xml
[INFO] ..SUCCESS (3.7 s)
[INFO] -------------------------------------------------
[INFO] Build Summary:
[INFO]   Passed: 11, Failed: 13, Errors: 0, Skipped: 0
[INFO] -------------------------------------------------
[ERROR] The following builds failed:
[ERROR] *  final-field-inject/pom.xml
[ERROR] *  inject-on-class/pom.xml
[ERROR] *  inner-classes-complaint-injection/pom.xml
[ERROR] *  method-injection/pom.xml
[ERROR] *  missing-at-inject-constructor/pom.xml
[ERROR] *  module-type-validation/pom.xml
[ERROR] *  multiple-qualifiers/pom.xml
[ERROR] *  private-inject/pom.xml
[ERROR] *  provide-provider-or-lazy/pom.xml
[ERROR] *  provides-method-not-in-module/pom.xml
[ERROR] *  provides-method-with-throws-clause/pom.xml
[ERROR] *  qualifiers-on-invalid-elements-errors/pom.xml
[ERROR] *  qualifiers-on-invalid-elements-warnings/pom.xml
[INFO] -------------------------------------------------
[INFO] ------------------------------------------------------------------------
[INFO] Reactor Summary:
[INFO] 
[INFO] Dagger (Parent) .................................... SUCCESS [  9.626 s]
[INFO] Dagger ............................................. SUCCESS [ 14.593 s]
[INFO] Dagger Compiler .................................... FAILURE [01:47 min]
[INFO] Examples ........................................... SKIPPED
[INFO] Examples: Simple ................................... SKIPPED
[INFO] Examples: Android - Simple ......................... SKIPPED
[INFO] Examples: Android - Activity Graphs ................ SKIPPED
[INFO] ------------------------------------------------------------------------
[INFO] BUILD FAILURE
[INFO] ------------------------------------------------------------------------
[INFO] Total time: 02:15 min
[INFO] Finished at: 2015-03-03T22:22:03+00:00
[INFO] Final Memory: 41M/446M
[INFO] ------------------------------------------------------------------------
[ERROR] Failed to execute goal org.apache.maven.plugins:maven-invoker-plugin:1.7:run (integration-test) on project dagger-compiler: 13 builds failed. See console output above for details. -> [Help 1]
[ERROR] 
[ERROR] To see the full stack trace of the errors, re-run Maven with the -e switch.
[ERROR] Re-run Maven using the -X switch to enable full debug logging.
[ERROR] 
[ERROR] For more information about the errors and possible solutions, please read the following articles:
[ERROR] [Help 1] http://cwiki.apache.org/confluence/display/MAVEN/MojoFailureException
[ERROR] 
[ERROR] After correcting the problems, you can resume the build with the command
[ERROR]   mvn <goals> -rf :dagger-compiler
travis_time:end:0cbcbd4c:start=1425421186581316095,finish=1425421323384074738,duration=136802758643[0Ktravis_fold:end:after_success[0K
Done. Your build exited with 0.
