Using worker: bluebox-linux-4.worker.travis-ci.org:travis-linux-4

$ git clone --depth=100 --quiet --branch=master git://github.com/netty/netty.git netty/netty
cd netty/netty
$ git checkout -qf 27b2f1304b352cc15901b0b5dff90be469176e9c
$ jdk_switcher use oraclejdk7
Switching to Oracle JDK7 (java-7-oracle), JAVA_HOME will be set to /usr/lib/jvm/java-7-oracle
update-alternatives: error: no alternatives for apt.
update-alternatives: error: no alternatives for mozilla-javaplugin.so.
update-alternatives: error: no alternatives for apt.
$ java -version
java version "1.7.0_17"
Java(TM) SE Runtime Environment (build 1.7.0_17-b02)
Java HotSpot(TM) 64-Bit Server VM (build 23.7-b01, mixed mode)
$ javac -version
javac 1.7.0_17
travis_fold:start:before_install$ mvn -version
Apache Maven 3.0.4
Maven home: /usr/share/maven
Java version: 1.7.0_17, vendor: Oracle Corporation
Java home: /usr/lib/jvm/java-7-oracle/jre
Default locale: en_US, platform encoding: UTF-8
OS name: "linux", version: "2.6.32-042stab061.2", arch: "amd64", family: "unix"
travis_fold:end:before_install$ mvn install --quiet -DskipTests=true
[debug] execute contextualize
[debug] execute contextualize
[debug] execute contextualize
[debug] execute contextualize
[debug] execute contextualize
[debug] execute contextualize
[debug] execute contextualize
[debug] execute contextualize
[debug] execute contextualize
[debug] execute contextualize
[debug] execute contextualize
[debug] execute contextualize
[debug] execute contextualize
[debug] execute contextualize
[debug] execute contextualize
[debug] execute contextualize
[debug] execute contextualize
[debug] execute contextualize
[debug] execute contextualize
[debug] execute contextualize
[debug] execute contextualize
[debug] execute contextualize
[debug] execute contextualize
[debug] execute contextualize
[debug] execute contextualize
[debug] execute contextualize
[debug] execute contextualize
[debug] execute contextualize
[debug] execute contextualize
[debug] execute contextualize
$ mvn test
[INFO] Scanning for projects...
[INFO] ------------------------------------------------------------------------
[INFO] Reactor Build Order:
[INFO] 
[INFO] Netty
[INFO] Netty/Common
[INFO] Netty/Buffer
[INFO] Netty/Transport
[INFO] Netty/Codec
[INFO] Netty/Handler
[INFO] Netty/Codec/HTTP
[INFO] Netty/Codec/Socks
[INFO] Netty/Transport/RXTX
[INFO] Netty/Transport/SCTP
[INFO] Netty/Transport/UDT
[INFO] Netty/Example
[INFO] Netty/Testsuite
[INFO] Netty/Testsuite/OSGi
[INFO] Netty/Testsuite/OSGi/Split
[INFO] Netty/Testsuite/OSGi/Deps
[INFO] Netty/Testsuite/OSGi/Exam
[INFO] Netty/Microbench
[INFO] Netty/All-in-One
[INFO] Netty/Tarball
[INFO]                                                                         
[INFO] ------------------------------------------------------------------------
[INFO] Building Netty 4.0.0.Beta3-SNAPSHOT
[INFO] ------------------------------------------------------------------------
[INFO] 
[INFO] --- maven-enforcer-plugin:1.1:enforce (enforce-maven) @ netty-parent ---
[INFO] 
[INFO] --- maven-enforcer-plugin:1.1:enforce (enforce-tools) @ netty-parent ---
[INFO] 
[INFO] --- maven-checkstyle-plugin:2.9.1:check (check-style) @ netty-parent ---
[INFO] Starting audit...
Audit done.

[INFO] 
[INFO] --- animal-sniffer-maven-plugin:1.8:check (default) @ netty-parent ---
[INFO] Checking unresolved references to org.codehaus.mojo.signature:java16:1.0
[INFO]                                                                         
[INFO] ------------------------------------------------------------------------
[INFO] Building Netty/Common 4.0.0.Beta3-SNAPSHOT
[INFO] ------------------------------------------------------------------------
[INFO] 
[INFO] --- maven-enforcer-plugin:1.1:enforce (enforce-maven) @ netty-common ---
[INFO] 
[INFO] --- maven-enforcer-plugin:1.1:enforce (enforce-tools) @ netty-common ---
[INFO] 
[INFO] --- maven-checkstyle-plugin:2.9.1:check (check-style) @ netty-common ---
[INFO] Starting audit...
Audit done.

[INFO] 
[INFO] --- maven-resources-plugin:2.5:resources (default-resources) @ netty-common ---
[debug] execute contextualize
[INFO] Using 'UTF-8' encoding to copy filtered resources.
[INFO] skip non existing resourceDirectory /home/travis/build/netty/netty/common/src/main/resources
[INFO] 
[INFO] --- maven-compiler-plugin:2.5.1:compile (default-compile) @ netty-common ---
[INFO] Compiling 4 source files to /home/travis/build/netty/netty/common/target/classes
[INFO] 
[INFO] --- animal-sniffer-maven-plugin:1.8:check (default) @ netty-common ---
[INFO] Checking unresolved references to org.codehaus.mojo.signature:java16:1.0
[INFO] 
[INFO] --- maven-resources-plugin:2.5:testResources (default-testResources) @ netty-common ---
[debug] execute contextualize
[INFO] Using 'UTF-8' encoding to copy filtered resources.
[INFO] skip non existing resourceDirectory /home/travis/build/netty/netty/common/src/test/resources
[INFO] 
[INFO] --- maven-compiler-plugin:2.5.1:testCompile (default-testCompile) @ netty-common ---
[INFO] Nothing to compile - all classes are up to date
[INFO] 
[INFO] --- maven-surefire-plugin:2.12:test (default-test) @ netty-common ---
[INFO] Surefire report directory: /home/travis/build/netty/netty/common/target/surefire-reports
Downloading: http://maven.mirrors.travis-ci.org/nexus/content/repositories/central/org/apache/maven/surefire/surefire-junit4/2.12/surefire-junit4-2.12.pom
3/3 KB            Downloaded: http://maven.mirrors.travis-ci.org/nexus/content/repositories/central/org/apache/maven/surefire/surefire-junit4/2.12/surefire-junit4-2.12.pom (3 KB at 3.8 KB/sec)
Downloading: http://maven.mirrors.travis-ci.org/nexus/content/repositories/central/org/apache/maven/surefire/surefire-providers/2.12/surefire-providers-2.12.pom
3/3 KB            Downloaded: http://maven.mirrors.travis-ci.org/nexus/content/repositories/central/org/apache/maven/surefire/surefire-providers/2.12/surefire-providers-2.12.pom (3 KB at 7.4 KB/sec)
Downloading: http://maven.mirrors.travis-ci.org/nexus/content/repositories/central/org/apache/maven/surefire/surefire-junit4/2.12/surefire-junit4-2.12.jar
4/34 KB   8/34 KB   9/34 KB   10/34 KB   14/34 KB   18/34 KB   22/34 KB   24/34 KB   28/34 KB   32/34 KB   34/34 KB              Downloaded: http://maven.mirrors.travis-ci.org/nexus/content/repositories/central/org/apache/maven/surefire/surefire-junit4/2.12/surefire-junit4-2.12.jar (34 KB at 64.4 KB/sec)

-------------------------------------------------------
 T E S T S
-------------------------------------------------------
Running io.netty.util.UniqueNameTest
00:23:42.837 [main] DEBUG i.n.u.i.l.InternalLoggerFactory - Using SLF4J as the default logging framework
00:23:42.909 [main] DEBUG i.n.u.i.JavassistTypeParameterMatcherGenerator - Generated: io.netty.util.internal.__matchers__.java.lang.ObjectMatcher
Tests run: 7, Failures: 0, Errors: 0, Skipped: 0, Time elapsed: 0.419 sec
Running io.netty.util.internal.logging.Slf4JLoggerFactoryTest
Tests run: 1, Failures: 0, Errors: 0, Skipped: 0, Time elapsed: 0.001 sec
Running io.netty.util.internal.logging.Log4JLoggerFactoryTest
Tests run: 1, Failures: 0, Errors: 0, Skipped: 0, Time elapsed: 0.002 sec
Running io.netty.util.internal.StringUtilTest
Tests run: 6, Failures: 0, Errors: 0, Skipped: 0, Time elapsed: 0.001 sec
Running io.netty.util.internal.TypeParameterMatcherTest
00:23:43.107 [main] DEBUG i.n.u.i.JavassistTypeParameterMatcherGenerator - Generated: io.netty.util.internal.__matchers__.io.netty.util.internal.TypeParameterMatcherTest$AAAMatcher
00:23:43.110 [main] DEBUG i.n.u.i.JavassistTypeParameterMatcherGenerator - Generated: io.netty.util.internal.__matchers__.io.netty.util.internal.TypeParameterMatcherTest$BBBMatcher
00:23:43.112 [main] DEBUG i.n.u.i.JavassistTypeParameterMatcherGenerator - Generated: io.netty.util.internal.__matchers__.io.netty.util.internal.TypeParameterMatcherTest$CCMatcher
00:23:43.115 [main] DEBUG i.n.u.i.JavassistTypeParameterMatcherGenerator - Generated: io.netty.util.internal.__matchers__.io.netty.util.internal.TypeParameterMatcherTest$TMatcher
00:23:43.117 [main] DEBUG i.n.u.i.JavassistTypeParameterMatcherGenerator - Generated: io.netty.util.internal.__matchers__.byte[]Matcher
Tests run: 7, Failures: 0, Errors: 0, Skipped: 0, Time elapsed: 0.011 sec
Running io.netty.util.internal.logging.CommonsLoggerFactoryTest
Tests run: 1, Failures: 0, Errors: 0, Skipped: 0, Time elapsed: 0.007 sec
Running io.netty.util.internal.logging.JdkLoggerFactoryTest
Tests run: 1, Failures: 0, Errors: 0, Skipped: 0, Time elapsed: 0.003 sec
Running io.netty.util.DefaultAttributeMapTest
Tests run: 3, Failures: 0, Errors: 0, Skipped: 0, Time elapsed: 0.001 sec
Running io.netty.util.NetUtilTest
Tests run: 5, Failures: 0, Errors: 0, Skipped: 0, Time elapsed: 0.028 sec
Running io.netty.util.internal.logging.Slf4JLoggerTest
Tests run: 15, Failures: 0, Errors: 0, Skipped: 0, Time elapsed: 0.037 sec
Running io.netty.util.internal.logging.InternalLoggerFactoryTest
Tests run: 17, Failures: 0, Errors: 0, Skipped: 0, Time elapsed: 0.092 sec
Running io.netty.util.internal.logging.CommonsLoggerTest
Tests run: 15, Failures: 0, Errors: 0, Skipped: 0, Time elapsed: 0.009 sec

Results :

Tests run: 79, Failures: 0, Errors: 0, Skipped: 0

[INFO]                                                                         
[INFO] ------------------------------------------------------------------------
[INFO] Building Netty/Buffer 4.0.0.Beta3-SNAPSHOT
[INFO] ------------------------------------------------------------------------
[INFO] 
[INFO] --- maven-enforcer-plugin:1.1:enforce (enforce-maven) @ netty-buffer ---
[INFO] 
[INFO] --- maven-enforcer-plugin:1.1:enforce (enforce-tools) @ netty-buffer ---
[INFO] 
[INFO] --- maven-checkstyle-plugin:2.9.1:check (check-style) @ netty-buffer ---
[INFO] Starting audit...
Audit done.

[INFO] 
[INFO] --- maven-resources-plugin:2.5:resources (default-resources) @ netty-buffer ---
[debug] execute contextualize
[INFO] Using 'UTF-8' encoding to copy filtered resources.
[INFO] skip non existing resourceDirectory /home/travis/build/netty/netty/buffer/src/main/resources
[INFO] 
[INFO] --- maven-compiler-plugin:2.5.1:compile (default-compile) @ netty-buffer ---
[INFO] Compiling 2 source files to /home/travis/build/netty/netty/buffer/target/classes
[INFO] 
[INFO] --- animal-sniffer-maven-plugin:1.8:check (default) @ netty-buffer ---
[INFO] Checking unresolved references to org.codehaus.mojo.signature:java16:1.0
[INFO] 
[INFO] --- maven-resources-plugin:2.5:testResources (default-testResources) @ netty-buffer ---
[debug] execute contextualize
[INFO] Using 'UTF-8' encoding to copy filtered resources.
[INFO] skip non existing resourceDirectory /home/travis/build/netty/netty/buffer/src/test/resources
[INFO] 
[INFO] --- maven-compiler-plugin:2.5.1:testCompile (default-testCompile) @ netty-buffer ---
[INFO] Nothing to compile - all classes are up to date
[INFO] 
[INFO] --- maven-surefire-plugin:2.12:test (default-test) @ netty-buffer ---
[INFO] Surefire report directory: /home/travis/build/netty/netty/buffer/target/surefire-reports

-------------------------------------------------------
 T E S T S
-------------------------------------------------------
Running io.netty.buffer.PooledLittleEndianHeapByteBufTest
00:23:45.691 [main] DEBUG i.n.u.i.l.InternalLoggerFactory - Using SLF4J as the default logging framework
00:23:45.763 [main] DEBUG i.n.u.i.JavassistTypeParameterMatcherGenerator - Generated: io.netty.util.internal.__matchers__.java.lang.ObjectMatcher
00:23:45.774 [main] DEBUG io.netty.util.ResourceLeakDetector - Resource leak detection enabled.
Tests run: 92, Failures: 0, Errors: 0, Skipped: 0, Time elapsed: 0.485 sec
Running io.netty.buffer.UnpooledTest
Tests run: 26, Failures: 0, Errors: 0, Skipped: 0, Time elapsed: 0.112 sec
Running io.netty.buffer.LittleEndianHeapByteBufTest
Tests run: 92, Failures: 0, Errors: 0, Skipped: 0, Time elapsed: 0.145 sec
Running io.netty.buffer.SlicedByteBufTest
Tests run: 93, Failures: 0, Errors: 0, Skipped: 0, Time elapsed: 0.106 sec
Running io.netty.buffer.ByteBufIndexFinderTest
Tests run: 2, Failures: 0, Errors: 0, Skipped: 0, Time elapsed: 0 sec
Running io.netty.buffer.ConsolidationTest
Tests run: 2, Failures: 0, Errors: 0, Skipped: 0, Time elapsed: 0.001 sec
Running io.netty.buffer.BigEndianCompositeByteBufTest
Tests run: 103, Failures: 0, Errors: 0, Skipped: 3, Time elapsed: 0.354 sec
Running io.netty.buffer.PooledBigEndianHeapByteBufTest
Tests run: 92, Failures: 0, Errors: 0, Skipped: 0, Time elapsed: 0.095 sec
Running io.netty.buffer.BigEndianDirectByteBufTest
Tests run: 92, Failures: 0, Errors: 0, Skipped: 0, Time elapsed: 0.114 sec
Running io.netty.buffer.BigEndianHeapByteBufTest
Tests run: 94, Failures: 0, Errors: 0, Skipped: 0, Time elapsed: 0.102 sec
Running io.netty.buffer.DuplicateByteBufTest
Tests run: 93, Failures: 0, Errors: 0, Skipped: 0, Time elapsed: 0.092 sec
Running io.netty.buffer.ReadOnlyByteBufTest
Tests run: 18, Failures: 0, Errors: 0, Skipped: 0, Time elapsed: 0.033 sec
Running io.netty.buffer.ByteBufStreamTest
Tests run: 2, Failures: 0, Errors: 0, Skipped: 0, Time elapsed: 0.001 sec
Running io.netty.buffer.ByteBufDerivationTest
Tests run: 10, Failures: 0, Errors: 0, Skipped: 0, Time elapsed: 0.184 sec
Running io.netty.buffer.PooledLittleEndianDirectByteBufTest
Tests run: 92, Failures: 0, Errors: 0, Skipped: 0, Time elapsed: 0.132 sec
Running io.netty.buffer.LittleEndianDirectByteBufTest
Tests run: 92, Failures: 0, Errors: 0, Skipped: 0, Time elapsed: 0.111 sec
Running io.netty.buffer.LittleEndianCompositeByteBufTest
Tests run: 103, Failures: 0, Errors: 0, Skipped: 3, Time elapsed: 0.178 sec
Running io.netty.buffer.PooledBigEndianDirectByteBufTest
Tests run: 92, Failures: 0, Errors: 0, Skipped: 0, Time elapsed: 0.099 sec
Running io.netty.buffer.stream.StreamTest
939232198656 / 1099511627776
3141730304 / 34359738368
6883704832 / 34359738368
10899161088 / 34359738368
14434697216 / 34359738368
18191089664 / 34359738368
21639856128 / 34359738368
25586171904 / 34359738368
28644147200 / 34359738368
32211009536 / 34359738368
Tests run: 2, Failures: 0, Errors: 0, Skipped: 0, Time elapsed: 10.782 sec

Results :

Tests run: 1192, Failures: 0, Errors: 0, Skipped: 6

[INFO]                                                                         
[INFO] ------------------------------------------------------------------------
[INFO] Building Netty/Transport 4.0.0.Beta3-SNAPSHOT
[INFO] ------------------------------------------------------------------------
[INFO] 
[INFO] --- maven-enforcer-plugin:1.1:enforce (enforce-maven) @ netty-transport ---
[INFO] 
[INFO] --- maven-enforcer-plugin:1.1:enforce (enforce-tools) @ netty-transport ---
[INFO] 
[INFO] --- maven-checkstyle-plugin:2.9.1:check (check-style) @ netty-transport ---
[INFO] Starting audit...
Audit done.

[INFO] 
[INFO] --- maven-resources-plugin:2.5:resources (default-resources) @ netty-transport ---
[debug] execute contextualize
[INFO] Using 'UTF-8' encoding to copy filtered resources.
[INFO] skip non existing resourceDirectory /home/travis/build/netty/netty/transport/src/main/resources
[INFO] 
[INFO] --- maven-compiler-plugin:2.5.1:compile (default-compile) @ netty-transport ---
[INFO] Compiling 12 source files to /home/travis/build/netty/netty/transport/target/classes
[INFO] 
[INFO] --- animal-sniffer-maven-plugin:1.8:check (default) @ netty-transport ---
[INFO] Checking unresolved references to org.codehaus.mojo.signature:java16:1.0
[INFO] 
[INFO] --- maven-resources-plugin:2.5:testResources (default-testResources) @ netty-transport ---
[debug] execute contextualize
[INFO] Using 'UTF-8' encoding to copy filtered resources.
[INFO] skip non existing resourceDirectory /home/travis/build/netty/netty/transport/src/test/resources
[INFO] 
[INFO] --- maven-compiler-plugin:2.5.1:testCompile (default-testCompile) @ netty-transport ---
[INFO] Nothing to compile - all classes are up to date
[INFO] 
[INFO] --- maven-surefire-plugin:2.12:test (default-test) @ netty-transport ---
[INFO] Surefire report directory: /home/travis/build/netty/netty/transport/target/surefire-reports

-------------------------------------------------------
 T E S T S
-------------------------------------------------------
Running io.netty.channel.nio.NioEventLoopTest
00:24:01.443 [main] DEBUG i.n.u.i.l.InternalLoggerFactory - Using SLF4J as the default logging framework
00:24:01.568 [main] DEBUG i.n.u.i.JavassistTypeParameterMatcherGenerator - Generated: io.netty.util.internal.__matchers__.java.lang.ObjectMatcher
00:24:01.592 [main] DEBUG io.netty.util.ResourceLeakDetector - Resource leak detection enabled.
00:24:01.624 [nioEventLoopGroup-1-2] DEBUG io.netty.channel.nio.SelectorUtil - Using select timeout of 500
00:24:01.625 [nioEventLoopGroup-1-2] DEBUG io.netty.channel.nio.SelectorUtil - Epoll-bug workaround enabled = false
Tests run: 1, Failures: 0, Errors: 0, Skipped: 0, Time elapsed: 0.374 sec
Running io.netty.channel.SucceededChannelFutureTest
Tests run: 1, Failures: 0, Errors: 0, Skipped: 0, Time elapsed: 0.023 sec
Running io.netty.channel.local.LocalTransportThreadModelTest2
Tests run: 1, Failures: 0, Errors: 0, Skipped: 0, Time elapsed: 5.014 sec
Running io.netty.channel.FailedChannelFutureTest
Tests run: 2, Failures: 0, Errors: 0, Skipped: 0, Time elapsed: 0.002 sec
Running io.netty.channel.local.LocalTransportThreadModelTest
Tests run: 3, Failures: 0, Errors: 0, Skipped: 2, Time elapsed: 2.149 sec
Running io.netty.channel.SingleThreadEventLoopTest
Tests run: 7, Failures: 0, Errors: 0, Skipped: 0, Time elapsed: 16.138 sec
Running io.netty.channel.DefaultChannelPipelineTest
00:24:24.983 [localEventLoopGroup-8-2] WARN  i.n.channel.DefaultChannelPipeline - Discarded 1 inbound byte(s) that reached at the end of the pipeline. Please check your pipeline configuration.
00:24:24.990 [main] DEBUG i.n.u.i.JavassistTypeParameterMatcherGenerator - Generated: io.netty.util.internal.__matchers__.java.lang.StringMatcher
00:24:24.990 [localEventLoopGroup-9-2] DEBUG i.n.channel.DefaultChannelPipeline - Discarded inbound message io.netty.channel.DefaultChannelPipelineTest$7@1ac6bf80 that reached at the end of the pipeline. Please check your pipeline configuration.
00:24:24.991 [localEventLoopGroup-9-2] WARN  i.n.channel.DefaultChannelPipeline - Discarded 1 inbound message(s) that reached at the end of the pipeline. Please check your pipeline configuration.
00:24:24.992 [localEventLoopGroup-10-2] DEBUG i.n.channel.DefaultChannelPipeline - Discarded inbound message java.lang.Object@33ddcf6e that reached at the end of the pipeline. Please check your pipeline configuration.
00:24:24.992 [localEventLoopGroup-10-2] WARN  i.n.channel.DefaultChannelPipeline - Discarded 1 inbound message(s) that reached at the end of the pipeline. Please check your pipeline configuration.
00:24:24.994 [localEventLoopGroup-11-2] WARN  i.n.channel.DefaultChannelPipeline - Discarded 1 outbound byte(s) that reached at the end of the pipeline. Please check your pipeline configuration.
Tests run: 9, Failures: 0, Errors: 0, Skipped: 0, Time elapsed: 1.031 sec
Running io.netty.channel.CompleteChannelFutureTest
Tests run: 3, Failures: 0, Errors: 0, Skipped: 0, Time elapsed: 0.004 sec
Running io.netty.channel.local.LocalChannelRegistryTest
00:24:26.008 [localEventLoopGroup-12-2] INFO  i.n.c.local.LocalChannelRegistryTest - Received mesage: Hello, World
00:24:26.031 [localEventLoopGroup-14-2] INFO  i.n.c.local.LocalChannelRegistryTest - Received mesage: Hello, World
Tests run: 1, Failures: 0, Errors: 0, Skipped: 0, Time elapsed: 0.047 sec

Results :

Tests run: 28, Failures: 0, Errors: 0, Skipped: 2

[INFO]                                                                         
[INFO] ------------------------------------------------------------------------
[INFO] Building Netty/Codec 4.0.0.Beta3-SNAPSHOT
[INFO] ------------------------------------------------------------------------
[INFO] 
[INFO] --- maven-enforcer-plugin:1.1:enforce (enforce-maven) @ netty-codec ---
[INFO] 
[INFO] --- maven-enforcer-plugin:1.1:enforce (enforce-tools) @ netty-codec ---
[INFO] 
[INFO] --- maven-checkstyle-plugin:2.9.1:check (check-style) @ netty-codec ---
[INFO] Starting audit...
Audit done.

[INFO] 
[INFO] --- maven-resources-plugin:2.5:resources (default-resources) @ netty-codec ---
[debug] execute contextualize
[INFO] Using 'UTF-8' encoding to copy filtered resources.
[INFO] skip non existing resourceDirectory /home/travis/build/netty/netty/codec/src/main/resources
[INFO] 
[INFO] --- maven-compiler-plugin:2.5.1:compile (default-compile) @ netty-codec ---
[INFO] Compiling 8 source files to /home/travis/build/netty/netty/codec/target/classes
[INFO] 
[INFO] --- animal-sniffer-maven-plugin:1.8:check (default) @ netty-codec ---
[INFO] Checking unresolved references to org.codehaus.mojo.signature:java16:1.0
[INFO] 
[INFO] --- maven-resources-plugin:2.5:testResources (default-testResources) @ netty-codec ---
[debug] execute contextualize
[INFO] Using 'UTF-8' encoding to copy filtered resources.
[INFO] skip non existing resourceDirectory /home/travis/build/netty/netty/codec/src/test/resources
[INFO] 
[INFO] --- maven-compiler-plugin:2.5.1:testCompile (default-testCompile) @ netty-codec ---
[INFO] Nothing to compile - all classes are up to date
[INFO] 
[INFO] --- maven-surefire-plugin:2.12:test (default-test) @ netty-codec ---
[INFO] Surefire report directory: /home/travis/build/netty/netty/codec/target/surefire-reports

-------------------------------------------------------
 T E S T S
-------------------------------------------------------
Running io.netty.handler.codec.marshalling.RiverCompatibleMarshallingDecoderTest
00:24:28.655 [main] DEBUG i.n.u.i.l.InternalLoggerFactory - Using SLF4J as the default logging framework
00:24:28.742 [main] DEBUG i.n.u.i.JavassistTypeParameterMatcherGenerator - Generated: io.netty.util.internal.__matchers__.java.lang.ObjectMatcher
00:24:28.760 [main] DEBUG io.netty.util.ResourceLeakDetector - Resource leak detection enabled.
Tests run: 3, Failures: 0, Errors: 0, Skipped: 0, Time elapsed: 0.397 sec
Running io.netty.handler.codec.protobuf.ProtobufVarint32LengthFieldPrependerTest
00:24:28.844 [main] DEBUG i.n.u.i.JavassistTypeParameterMatcherGenerator - Generated: io.netty.util.internal.__matchers__.io.netty.buffer.ByteBufMatcher
Tests run: 2, Failures: 0, Errors: 0, Skipped: 0, Time elapsed: 0.019 sec
Running io.netty.handler.codec.marshalling.SerialThreadLocalCompatibleMarshallingDecoderTest
Tests run: 3, Failures: 0, Errors: 0, Skipped: 0, Time elapsed: 0.024 sec
Running io.netty.handler.codec.frame.LengthFieldBasedFrameDecoderTest
Tests run: 2, Failures: 0, Errors: 0, Skipped: 0, Time elapsed: 0.005 sec
Running io.netty.handler.codec.marshalling.SerialContextBoundMarshallingDecoderTest
Tests run: 3, Failures: 0, Errors: 0, Skipped: 0, Time elapsed: 0.013 sec
Running io.netty.handler.codec.bytes.ByteArrayEncoderTest
00:24:28.908 [main] DEBUG i.n.u.i.JavassistTypeParameterMatcherGenerator - Generated: io.netty.util.internal.__matchers__.byte[]Matcher
Tests run: 3, Failures: 0, Errors: 0, Skipped: 0, Time elapsed: 0.007 sec
Running io.netty.handler.codec.compression.SnappyFramedEncoderTest
Tests run: 4, Failures: 0, Errors: 0, Skipped: 0, Time elapsed: 0.012 sec
Running io.netty.handler.codec.marshalling.SerialThreadLocalMarshallingDecoderTest
Tests run: 3, Failures: 0, Errors: 0, Skipped: 0, Time elapsed: 0.006 sec
Running io.netty.handler.codec.serialization.SwitchableInputStreamTest
Tests run: 1, Failures: 0, Errors: 0, Skipped: 0, Time elapsed: 0.106 sec
Running io.netty.handler.codec.bytes.ByteArrayDecoderTest
Tests run: 3, Failures: 0, Errors: 0, Skipped: 0, Time elapsed: 0.006 sec
Running io.netty.handler.codec.ReplayingDecoderBufferTest
Tests run: 3, Failures: 0, Errors: 0, Skipped: 0, Time elapsed: 0.002 sec
Running io.netty.handler.codec.DelimiterBasedFrameDecoderTest
Tests run: 5, Failures: 0, Errors: 0, Skipped: 0, Time elapsed: 0.008 sec
Running io.netty.handler.codec.compression.SnappyFramedDecoderTest
Tests run: 9, Failures: 0, Errors: 0, Skipped: 0, Time elapsed: 0.011 sec
Running io.netty.handler.codec.marshalling.SerialContextBoundCompatibleMarshallingDecoderTest
Tests run: 3, Failures: 0, Errors: 0, Skipped: 0, Time elapsed: 0.006 sec
Running io.netty.handler.codec.marshalling.SerialThreadLocalMarshallingEncoderTest
Tests run: 1, Failures: 0, Errors: 0, Skipped: 0, Time elapsed: 0.004 sec
Running io.netty.handler.codec.protobuf.ProtobufVarint32FrameDecoderTest
Tests run: 2, Failures: 0, Errors: 0, Skipped: 0, Time elapsed: 0.005 sec
Running io.netty.handler.codec.marshalling.RiverCompatibleMarshallingEncoderTest
Tests run: 1, Failures: 0, Errors: 0, Skipped: 0, Time elapsed: 0.004 sec
Running io.netty.handler.codec.compression.SnappyTest
Tests run: 7, Failures: 0, Errors: 0, Skipped: 0, Time elapsed: 0.006 sec
Running io.netty.handler.codec.marshalling.SerialCompatibleMarshallingDecoderTest
Tests run: 3, Failures: 0, Errors: 0, Skipped: 0, Time elapsed: 0.005 sec
Running io.netty.handler.codec.marshalling.SerialCompatibleMarshallingEncoderTest
Tests run: 1, Failures: 0, Errors: 0, Skipped: 0, Time elapsed: 0.001 sec
Running io.netty.handler.codec.marshalling.SerialMarshallingEncoderTest
Tests run: 1, Failures: 0, Errors: 0, Skipped: 0, Time elapsed: 0.001 sec
Running io.netty.handler.codec.frame.DelimiterBasedFrameDecoderTest
Tests run: 2, Failures: 0, Errors: 0, Skipped: 0, Time elapsed: 0.002 sec
Running io.netty.handler.codec.serialization.CompactObjectSerializationTest
Tests run: 1, Failures: 0, Errors: 0, Skipped: 0, Time elapsed: 0.004 sec
Running io.netty.handler.codec.marshalling.RiverThreadLocalCompatibleMarshallingEncoderTest
Tests run: 1, Failures: 0, Errors: 0, Skipped: 0, Time elapsed: 0.002 sec
Running io.netty.handler.codec.marshalling.SerialThreadLocalCompatibleMarshallingEncoderTest
Tests run: 1, Failures: 0, Errors: 0, Skipped: 0, Time elapsed: 0.001 sec
Running io.netty.handler.codec.compression.SnappyChecksumUtilTest
Tests run: 3, Failures: 0, Errors: 0, Skipped: 0, Time elapsed: 0.001 sec
Running io.netty.handler.codec.marshalling.RiverMarshallingEncoderTest
Tests run: 1, Failures: 0, Errors: 0, Skipped: 0, Time elapsed: 0.002 sec
Running io.netty.handler.codec.marshalling.RiverThreadLocalMarshallingEncoderTest
Tests run: 1, Failures: 0, Errors: 0, Skipped: 0, Time elapsed: 0.002 sec
Running io.netty.handler.codec.marshalling.RiverMarshallingDecoderTest
Tests run: 3, Failures: 0, Errors: 0, Skipped: 0, Time elapsed: 0.007 sec
Running io.netty.handler.codec.marshalling.RiverThreadLocalCompatibleMarshallingDecoderTest
Tests run: 3, Failures: 0, Errors: 0, Skipped: 0, Time elapsed: 0.006 sec
Running io.netty.handler.codec.marshalling.SerialMarshallingDecoderTest
Tests run: 3, Failures: 0, Errors: 0, Skipped: 0, Time elapsed: 0.005 sec
Running io.netty.handler.codec.compression.SnappyIntegrationTest
Tests run: 5, Failures: 0, Errors: 0, Skipped: 0, Time elapsed: 1.128 sec
Running io.netty.handler.codec.ReplayingDecoderTest
Tests run: 1, Failures: 0, Errors: 0, Skipped: 0, Time elapsed: 0.003 sec
Running io.netty.handler.codec.marshalling.RiverThreadLocalMarshallingDecoderTest
Tests run: 3, Failures: 0, Errors: 0, Skipped: 0, Time elapsed: 0.005 sec
Running io.netty.handler.codec.LineBasedFrameDecoderTest
Tests run: 2, Failures: 0, Errors: 0, Skipped: 0, Time elapsed: 0.001 sec
Running io.netty.handler.codec.marshalling.RiverContextBoundMarshallingDecoderTest
Tests run: 3, Failures: 0, Errors: 0, Skipped: 0, Time elapsed: 0.005 sec
Running io.netty.handler.codec.compression.JZlibTest
Tests run: 3, Failures: 0, Errors: 0, Skipped: 0, Time elapsed: 0.032 sec
Running io.netty.handler.codec.marshalling.RiverContextBoundCompatibleMarshallingDecoderTest
Tests run: 3, Failures: 0, Errors: 0, Skipped: 0, Time elapsed: 0.004 sec

Results :

Tests run: 102, Failures: 0, Errors: 0, Skipped: 0

[INFO]                                                                         
[INFO] ------------------------------------------------------------------------
[INFO] Building Netty/Handler 4.0.0.Beta3-SNAPSHOT
[INFO] ------------------------------------------------------------------------
[INFO] 
[INFO] --- maven-enforcer-plugin:1.1:enforce (enforce-maven) @ netty-handler ---
[INFO] 
[INFO] --- maven-enforcer-plugin:1.1:enforce (enforce-tools) @ netty-handler ---
[INFO] 
[INFO] --- maven-checkstyle-plugin:2.9.1:check (check-style) @ netty-handler ---
[INFO] Starting audit...
Audit done.

[INFO] 
[INFO] --- maven-resources-plugin:2.5:resources (default-resources) @ netty-handler ---
[debug] execute contextualize
[INFO] Using 'UTF-8' encoding to copy filtered resources.
[INFO] skip non existing resourceDirectory /home/travis/build/netty/netty/handler/src/main/resources
[INFO] 
[INFO] --- maven-compiler-plugin:2.5.1:compile (default-compile) @ netty-handler ---
[INFO] Compiling 5 source files to /home/travis/build/netty/netty/handler/target/classes
[INFO] 
[INFO] --- animal-sniffer-maven-plugin:1.8:check (default) @ netty-handler ---
[INFO] Checking unresolved references to org.codehaus.mojo.signature:java16:1.0
[INFO] 
[INFO] --- maven-resources-plugin:2.5:testResources (default-testResources) @ netty-handler ---
[debug] execute contextualize
[INFO] Using 'UTF-8' encoding to copy filtered resources.
[INFO] skip non existing resourceDirectory /home/travis/build/netty/netty/handler/src/test/resources
[INFO] 
[INFO] --- maven-compiler-plugin:2.5.1:testCompile (default-testCompile) @ netty-handler ---
[INFO] Nothing to compile - all classes are up to date
[INFO] 
[INFO] --- maven-surefire-plugin:2.12:test (default-test) @ netty-handler ---
[INFO] Surefire report directory: /home/travis/build/netty/netty/handler/target/surefire-reports

-------------------------------------------------------
 T E S T S
-------------------------------------------------------
Running io.netty.handler.stream.ChunkedWriteHandlerTest
00:24:32.611 [main] DEBUG i.n.u.i.l.InternalLoggerFactory - Using SLF4J as the default logging framework
00:24:32.698 [main] DEBUG i.n.u.i.JavassistTypeParameterMatcherGenerator - Generated: io.netty.util.internal.__matchers__.java.lang.ObjectMatcher
00:24:32.719 [main] DEBUG io.netty.util.ResourceLeakDetector - Resource leak detection enabled.
Tests run: 6, Failures: 0, Errors: 0, Skipped: 0, Time elapsed: 0.526 sec
Running io.netty.handler.ssl.ImmediateExecutorTest
Tests run: 1, Failures: 0, Errors: 0, Skipped: 0, Time elapsed: 1.001 sec

Results :

Tests run: 7, Failures: 0, Errors: 0, Skipped: 0

[INFO]                                                                         
[INFO] ------------------------------------------------------------------------
[INFO] Building Netty/Codec/HTTP 4.0.0.Beta3-SNAPSHOT
[INFO] ------------------------------------------------------------------------
[INFO] 
[INFO] --- maven-enforcer-plugin:1.1:enforce (enforce-maven) @ netty-codec-http ---
[INFO] 
[INFO] --- maven-enforcer-plugin:1.1:enforce (enforce-tools) @ netty-codec-http ---
[INFO] 
[INFO] --- maven-checkstyle-plugin:2.9.1:check (check-style) @ netty-codec-http ---
[INFO] Starting audit...
Audit done.

[INFO] 
[INFO] --- maven-resources-plugin:2.5:resources (default-resources) @ netty-codec-http ---
[debug] execute contextualize
[INFO] Using 'UTF-8' encoding to copy filtered resources.
[INFO] skip non existing resourceDirectory /home/travis/build/netty/netty/codec-http/src/main/resources
[INFO] 
[INFO] --- maven-compiler-plugin:2.5.1:compile (default-compile) @ netty-codec-http ---
[INFO] Compiling 5 source files to /home/travis/build/netty/netty/codec-http/target/classes
[INFO] 
[INFO] --- animal-sniffer-maven-plugin:1.8:check (default) @ netty-codec-http ---
[INFO] Checking unresolved references to org.codehaus.mojo.signature:java16:1.0
[INFO] 
[INFO] --- maven-resources-plugin:2.5:testResources (default-testResources) @ netty-codec-http ---
[debug] execute contextualize
[INFO] Using 'UTF-8' encoding to copy filtered resources.
[INFO] skip non existing resourceDirectory /home/travis/build/netty/netty/codec-http/src/test/resources
[INFO] 
[INFO] --- maven-compiler-plugin:2.5.1:testCompile (default-testCompile) @ netty-codec-http ---
[INFO] Nothing to compile - all classes are up to date
[INFO] 
[INFO] --- maven-surefire-plugin:2.12:test (default-test) @ netty-codec-http ---
[INFO] Surefire report directory: /home/travis/build/netty/netty/codec-http/target/surefire-reports

-------------------------------------------------------
 T E S T S
-------------------------------------------------------
Running io.netty.handler.codec.http.HttpInvalidMessageTest
00:24:36.921 [main] DEBUG i.n.u.i.l.InternalLoggerFactory - Using SLF4J as the default logging framework
00:24:37.028 [main] DEBUG i.n.u.i.JavassistTypeParameterMatcherGenerator - Generated: io.netty.util.internal.__matchers__.java.lang.ObjectMatcher
00:24:37.050 [main] DEBUG io.netty.util.ResourceLeakDetector - Resource leak detection enabled.
Tests run: 5, Failures: 0, Errors: 0, Skipped: 0, Time elapsed: 3.778 sec
Running io.netty.handler.codec.http.websocketx.WebSocketServerHandshaker13Test
00:24:40.499 [main] DEBUG i.n.u.i.JavassistTypeParameterMatcherGenerator - Generated: io.netty.util.internal.__matchers__.io.netty.handler.codec.http.HttpObjectMatcher
00:24:40.504 [main] DEBUG i.n.h.c.h.w.WebSocketServerHandshaker - Channel V13 WS Version -1533240753 server handshake
00:24:40.516 [main] DEBUG i.n.h.c.h.w.WebSocketServerHandshaker - WS Version 13 Server Handshake key: dGhlIHNhbXBsZSBub25jZQ==. Response: s3pPLMBiTxaQ9kYGzzhZRbK+xOo=.
00:24:40.522 [main] DEBUG i.n.u.i.JavassistTypeParameterMatcherGenerator - Generated: io.netty.util.internal.__matchers__.io.netty.handler.codec.http.websocketx.WebSocketFrameMatcher
Tests run: 1, Failures: 0, Errors: 0, Skipped: 0, Time elapsed: 0.029 sec
Running io.netty.handler.codec.http.HttpServerCodecTest
Tests run: 1, Failures: 0, Errors: 0, Skipped: 0, Time elapsed: 0.006 sec
Running io.netty.handler.codec.http.DefaultHttpRequestTest
Tests run: 1, Failures: 0, Errors: 0, Skipped: 0, Time elapsed: 0.006 sec
Running io.netty.handler.codec.http.CookieDecoderTest
Tests run: 16, Failures: 0, Errors: 0, Skipped: 0, Time elapsed: 0.026 sec
Running io.netty.handler.codec.http.HttpClientCodecTest
Tests run: 4, Failures: 0, Errors: 0, Skipped: 0, Time elapsed: 0.008 sec
Running io.netty.handler.codec.http.HttpHeaderDateFormatTest
Tests run: 2, Failures: 0, Errors: 0, Skipped: 0, Time elapsed: 0.003 sec
Running io.netty.handler.codec.http.HttpContentCompressorTest
00:24:40.584 [main] DEBUG i.n.u.i.JavassistTypeParameterMatcherGenerator - Generated: io.netty.util.internal.__matchers__.io.netty.handler.codec.http.HttpMessageMatcher
Tests run: 1, Failures: 0, Errors: 0, Skipped: 0, Time elapsed: 0.007 sec
Running io.netty.handler.codec.http.HttpRequestEncoderTest
Tests run: 2, Failures: 0, Errors: 0, Skipped: 0, Time elapsed: 0.001 sec
Running io.netty.handler.codec.http.HttpObjecctAggregatorTest
Tests run: 6, Failures: 0, Errors: 0, Skipped: 0, Time elapsed: 0.04 sec
Running io.netty.handler.codec.http.CookieEncoderTest
Tests run: 5, Failures: 0, Errors: 0, Skipped: 0, Time elapsed: 0.01 sec
Running io.netty.handler.codec.http.websocketx.WebSocketServerHandshaker08Test
00:24:40.641 [main] DEBUG i.n.h.c.h.w.WebSocketServerHandshaker - Channel V08 WS Version -2121879992 server handshake
00:24:40.642 [main] DEBUG i.n.h.c.h.w.WebSocketServerHandshaker - WS Version 8 Server Handshake key: dGhlIHNhbXBsZSBub25jZQ==. Response: s3pPLMBiTxaQ9kYGzzhZRbK+xOo=.
Tests run: 1, Failures: 0, Errors: 0, Skipped: 0, Time elapsed: 0.003 sec
Running io.netty.handler.codec.http.QueryStringDecoderTest
Tests run: 8, Failures: 0, Errors: 0, Skipped: 0, Time elapsed: 0.053 sec
Running io.netty.handler.codec.spdy.SpdySessionHandlerTest
00:24:40.700 [main] INFO  i.n.h.c.spdy.SpdySessionHandlerTest - Running: testSpdyClientSessionHandler v2
00:24:40.712 [main] INFO  i.n.h.c.spdy.SpdySessionHandlerTest - Running: testSpdyClientSessionHandler v3
00:24:40.716 [main] INFO  i.n.h.c.spdy.SpdySessionHandlerTest - Running: testSpdyServerSessionHandler v2
00:24:40.719 [main] INFO  i.n.h.c.spdy.SpdySessionHandlerTest - Running: testSpdyServerSessionHandler v3
Tests run: 2, Failures: 0, Errors: 0, Skipped: 0, Time elapsed: 0.024 sec
Running io.netty.handler.codec.http.websocketx.WebSocketServerProtocolHandlerTest
00:24:40.728 [main] DEBUG i.n.u.i.JavassistTypeParameterMatcherGenerator - Generated: io.netty.util.internal.__matchers__.io.netty.handler.codec.http.FullHttpRequestMatcher
00:24:40.732 [main] DEBUG i.n.h.c.h.w.WebSocketServerHandshaker - Channel V13 WS Version -15737465 server handshake
00:24:40.733 [main] DEBUG i.n.h.c.h.w.WebSocketServerHandshaker - WS Version 13 Server Handshake key: dGhlIHNhbXBsZSBub25jZQ==. Response: s3pPLMBiTxaQ9kYGzzhZRbK+xOo=.
00:24:40.736 [main] DEBUG i.n.h.c.h.w.WebSocketServerHandshaker - Channel V13 WS Version -1307612536 server handshake
00:24:40.736 [main] DEBUG i.n.h.c.h.w.WebSocketServerHandshaker - WS Version 13 Server Handshake key: dGhlIHNhbXBsZSBub25jZQ==. Response: s3pPLMBiTxaQ9kYGzzhZRbK+xOo=.
00:24:40.738 [main] DEBUG i.n.h.c.h.w.WebSocketServerHandshaker - Channel V00 WS Version -337142822 server handshake
00:24:40.741 [main] DEBUG i.n.h.c.h.w.WebSocketServerHandshaker - Channel V13 WS Version -142203929 server handshake
00:24:40.744 [main] DEBUG i.n.u.i.JavassistTypeParameterMatcherGenerator - Generated: io.netty.util.internal.__matchers__.io.netty.handler.codec.http.websocketx.TextWebSocketFrameMatcher
00:24:40.745 [main] DEBUG i.n.h.c.h.w.WebSocketServerHandshaker - Channel V13 WS Version -135226083 server handshake
00:24:40.746 [main] DEBUG i.n.h.c.h.w.WebSocketServerHandshaker - WS Version 13 Server Handshake key: dGhlIHNhbXBsZSBub25jZQ==. Response: s3pPLMBiTxaQ9kYGzzhZRbK+xOo=.
Tests run: 5, Failures: 0, Errors: 0, Skipped: 0, Time elapsed: 0.025 sec
Running io.netty.handler.codec.http.multipart.HttpPostRequestDecoderTest
Tests run: 2, Failures: 0, Errors: 0, Skipped: 0, Time elapsed: 0.016 sec
Running io.netty.handler.codec.http.websocketx.WebSocketServerHandshaker00Test
00:24:40.766 [main] DEBUG i.n.h.c.h.w.WebSocketServerHandshaker - Channel V00 WS Version -1857158920 server handshake
Tests run: 1, Failures: 0, Errors: 0, Skipped: 0, Time elapsed: 0.008 sec

Results :

Tests run: 63, Failures: 0, Errors: 0, Skipped: 0

[INFO]                                                                         
[INFO] ------------------------------------------------------------------------
[INFO] Building Netty/Codec/Socks 4.0.0.Beta3-SNAPSHOT
[INFO] ------------------------------------------------------------------------
[INFO] 
[INFO] --- maven-enforcer-plugin:1.1:enforce (enforce-maven) @ netty-codec-socks ---
[INFO] 
[INFO] --- maven-enforcer-plugin:1.1:enforce (enforce-tools) @ netty-codec-socks ---
[INFO] 
[INFO] --- maven-checkstyle-plugin:2.9.1:check (check-style) @ netty-codec-socks ---
[INFO] Starting audit...
Audit done.

[INFO] 
[INFO] --- maven-resources-plugin:2.5:resources (default-resources) @ netty-codec-socks ---
[debug] execute contextualize
[INFO] Using 'UTF-8' encoding to copy filtered resources.
[INFO] skip non existing resourceDirectory /home/travis/build/netty/netty/codec-socks/src/main/resources
[INFO] 
[INFO] --- maven-compiler-plugin:2.5.1:compile (default-compile) @ netty-codec-socks ---
[INFO] Compiling 1 source file to /home/travis/build/netty/netty/codec-socks/target/classes
[INFO] 
[INFO] --- animal-sniffer-maven-plugin:1.8:check (default) @ netty-codec-socks ---
[INFO] Checking unresolved references to org.codehaus.mojo.signature:java16:1.0
[INFO] 
[INFO] --- maven-resources-plugin:2.5:testResources (default-testResources) @ netty-codec-socks ---
[debug] execute contextualize
[INFO] Using 'UTF-8' encoding to copy filtered resources.
[INFO] skip non existing resourceDirectory /home/travis/build/netty/netty/codec-socks/src/test/resources
[INFO] 
[INFO] --- maven-compiler-plugin:2.5.1:testCompile (default-testCompile) @ netty-codec-socks ---
[INFO] Nothing to compile - all classes are up to date
[INFO] 
[INFO] --- maven-surefire-plugin:2.12:test (default-test) @ netty-codec-socks ---
[INFO] Surefire report directory: /home/travis/build/netty/netty/codec-socks/target/surefire-reports

-------------------------------------------------------
 T E S T S
-------------------------------------------------------
Running io.netty.handler.codec.socks.SocksInitRequestTest
Tests run: 1, Failures: 0, Errors: 0, Skipped: 0, Time elapsed: 0.036 sec
Running io.netty.handler.codec.socks.SocksCmdResponseTest
Tests run: 1, Failures: 0, Errors: 0, Skipped: 0, Time elapsed: 0.001 sec
Running io.netty.handler.codec.socks.SocksInitResponseTest
Tests run: 1, Failures: 0, Errors: 0, Skipped: 0, Time elapsed: 0.001 sec
Running io.netty.handler.codec.socks.SocksAuthRequestDecoderTest
00:24:42.891 [main] DEBUG i.n.u.i.l.InternalLoggerFactory - Using SLF4J as the default logging framework
00:24:42.985 [main] DEBUG i.n.u.i.JavassistTypeParameterMatcherGenerator - Generated: io.netty.util.internal.__matchers__.java.lang.ObjectMatcher
00:24:43.006 [main] DEBUG io.netty.util.ResourceLeakDetector - Resource leak detection enabled.
Tests run: 1, Failures: 0, Errors: 0, Skipped: 0, Time elapsed: 0.322 sec
Running io.netty.handler.codec.socks.SocksCmdResponseDecoderTest
00:24:43.052 [main] DEBUG i.n.h.c.s.SocksCmdResponseDecoderTest - Testing cmdStatus: SUCCESS addressType: IPv4
00:24:43.054 [main] DEBUG i.n.h.c.s.SocksCmdResponseDecoderTest - Testing cmdStatus: SUCCESS addressType: DOMAIN
00:24:43.055 [main] DEBUG i.n.h.c.s.SocksCmdResponseDecoderTest - Testing cmdStatus: SUCCESS addressType: IPv6
00:24:43.055 [main] DEBUG i.n.h.c.s.SocksCmdResponseDecoderTest - Testing cmdStatus: SUCCESS addressType: UNKNOWN
00:24:43.056 [main] DEBUG i.n.h.c.s.SocksCmdResponseDecoderTest - Testing cmdStatus: FAILURE addressType: IPv4
00:24:43.057 [main] DEBUG i.n.h.c.s.SocksCmdResponseDecoderTest - Testing cmdStatus: FAILURE addressType: DOMAIN
00:24:43.057 [main] DEBUG i.n.h.c.s.SocksCmdResponseDecoderTest - Testing cmdStatus: FAILURE addressType: IPv6
00:24:43.058 [main] DEBUG i.n.h.c.s.SocksCmdResponseDecoderTest - Testing cmdStatus: FAILURE addressType: UNKNOWN
00:24:43.058 [main] DEBUG i.n.h.c.s.SocksCmdResponseDecoderTest - Testing cmdStatus: FORBIDDEN addressType: IPv4
00:24:43.059 [main] DEBUG i.n.h.c.s.SocksCmdResponseDecoderTest - Testing cmdStatus: FORBIDDEN addressType: DOMAIN
00:24:43.060 [main] DEBUG i.n.h.c.s.SocksCmdResponseDecoderTest - Testing cmdStatus: FORBIDDEN addressType: IPv6
00:24:43.060 [main] DEBUG i.n.h.c.s.SocksCmdResponseDecoderTest - Testing cmdStatus: FORBIDDEN addressType: UNKNOWN
00:24:43.061 [main] DEBUG i.n.h.c.s.SocksCmdResponseDecoderTest - Testing cmdStatus: NETWORK_UNREACHABLE addressType: IPv4
00:24:43.061 [main] DEBUG i.n.h.c.s.SocksCmdResponseDecoderTest - Testing cmdStatus: NETWORK_UNREACHABLE addressType: DOMAIN
00:24:43.062 [main] DEBUG i.n.h.c.s.SocksCmdResponseDecoderTest - Testing cmdStatus: NETWORK_UNREACHABLE addressType: IPv6
00:24:43.063 [main] DEBUG i.n.h.c.s.SocksCmdResponseDecoderTest - Testing cmdStatus: NETWORK_UNREACHABLE addressType: UNKNOWN
00:24:43.063 [main] DEBUG i.n.h.c.s.SocksCmdResponseDecoderTest - Testing cmdStatus: HOST_UNREACHABLE addressType: IPv4
00:24:43.064 [main] DEBUG i.n.h.c.s.SocksCmdResponseDecoderTest - Testing cmdStatus: HOST_UNREACHABLE addressType: DOMAIN
00:24:43.064 [main] DEBUG i.n.h.c.s.SocksCmdResponseDecoderTest - Testing cmdStatus: HOST_UNREACHABLE addressType: IPv6
00:24:43.065 [main] DEBUG i.n.h.c.s.SocksCmdResponseDecoderTest - Testing cmdStatus: HOST_UNREACHABLE addressType: UNKNOWN
00:24:43.065 [main] DEBUG i.n.h.c.s.SocksCmdResponseDecoderTest - Testing cmdStatus: REFUSED addressType: IPv4
00:24:43.066 [main] DEBUG i.n.h.c.s.SocksCmdResponseDecoderTest - Testing cmdStatus: REFUSED addressType: DOMAIN
00:24:43.067 [main] DEBUG i.n.h.c.s.SocksCmdResponseDecoderTest - Testing cmdStatus: REFUSED addressType: IPv6
00:24:43.067 [main] DEBUG i.n.h.c.s.SocksCmdResponseDecoderTest - Testing cmdStatus: REFUSED addressType: UNKNOWN
00:24:43.068 [main] DEBUG i.n.h.c.s.SocksCmdResponseDecoderTest - Testing cmdStatus: TTL_EXPIRED addressType: IPv4
00:24:43.068 [main] DEBUG i.n.h.c.s.SocksCmdResponseDecoderTest - Testing cmdStatus: TTL_EXPIRED addressType: DOMAIN
00:24:43.069 [main] DEBUG i.n.h.c.s.SocksCmdResponseDecoderTest - Testing cmdStatus: TTL_EXPIRED addressType: IPv6
00:24:43.069 [main] DEBUG i.n.h.c.s.SocksCmdResponseDecoderTest - Testing cmdStatus: TTL_EXPIRED addressType: UNKNOWN
00:24:43.070 [main] DEBUG i.n.h.c.s.SocksCmdResponseDecoderTest - Testing cmdStatus: COMMAND_NOT_SUPPORTED addressType: IPv4
00:24:43.070 [main] DEBUG i.n.h.c.s.SocksCmdResponseDecoderTest - Testing cmdStatus: COMMAND_NOT_SUPPORTED addressType: DOMAIN
00:24:43.071 [main] DEBUG i.n.h.c.s.SocksCmdResponseDecoderTest - Testing cmdStatus: COMMAND_NOT_SUPPORTED addressType: IPv6
00:24:43.072 [main] DEBUG i.n.h.c.s.SocksCmdResponseDecoderTest - Testing cmdStatus: COMMAND_NOT_SUPPORTED addressType: UNKNOWN
00:24:43.072 [main] DEBUG i.n.h.c.s.SocksCmdResponseDecoderTest - Testing cmdStatus: ADDRESS_NOT_SUPPORTED addressType: IPv4
00:24:43.072 [main] DEBUG i.n.h.c.s.SocksCmdResponseDecoderTest - Testing cmdStatus: ADDRESS_NOT_SUPPORTED addressType: DOMAIN
00:24:43.073 [main] DEBUG i.n.h.c.s.SocksCmdResponseDecoderTest - Testing cmdStatus: ADDRESS_NOT_SUPPORTED addressType: IPv6
00:24:43.073 [main] DEBUG i.n.h.c.s.SocksCmdResponseDecoderTest - Testing cmdStatus: ADDRESS_NOT_SUPPORTED addressType: UNKNOWN
00:24:43.074 [main] DEBUG i.n.h.c.s.SocksCmdResponseDecoderTest - Testing cmdStatus: UNASSIGNED addressType: IPv4
00:24:43.074 [main] DEBUG i.n.h.c.s.SocksCmdResponseDecoderTest - Testing cmdStatus: UNASSIGNED addressType: DOMAIN
00:24:43.075 [main] DEBUG i.n.h.c.s.SocksCmdResponseDecoderTest - Testing cmdStatus: UNASSIGNED addressType: IPv6
00:24:43.075 [main] DEBUG i.n.h.c.s.SocksCmdResponseDecoderTest - Testing cmdStatus: UNASSIGNED addressType: UNKNOWN
Tests run: 1, Failures: 0, Errors: 0, Skipped: 0, Time elapsed: 0.024 sec
Running io.netty.handler.codec.socks.SocksAuthResponseDecoderTest
00:24:43.080 [main] DEBUG i.n.h.c.s.SocksAuthResponseDecoderTest - Testing SocksAuthResponseDecoder with authStatus: SUCCESS
00:24:43.082 [main] DEBUG i.n.h.c.s.SocksAuthResponseDecoderTest - Testing SocksAuthResponseDecoder with authStatus: FAILURE
Tests run: 1, Failures: 0, Errors: 0, Skipped: 0, Time elapsed: 0.006 sec
Running io.netty.handler.codec.socks.SocksCmdRequestDecoderTest
00:24:43.085 [main] DEBUG i.n.h.c.s.SocksCmdRequestDecoderTest - Testing cmdType: CONNECT addressType: IPv4 host: 127.0.0.1 port: 0
00:24:43.102 [main] DEBUG i.n.h.c.s.SocksCmdRequestDecoderTest - Testing cmdType: CONNECT addressType: IPv4 host: 127.0.0.1 port: 32769
00:24:43.102 [main] DEBUG i.n.h.c.s.SocksCmdRequestDecoderTest - Testing cmdType: CONNECT addressType: IPv4 host: 127.0.0.1 port: 65535
00:24:43.103 [main] DEBUG i.n.h.c.s.SocksCmdRequestDecoderTest - Testing cmdType: BIND addressType: IPv4 host: 127.0.0.1 port: 0
00:24:43.104 [main] DEBUG i.n.h.c.s.SocksCmdRequestDecoderTest - Testing cmdType: BIND addressType: IPv4 host: 127.0.0.1 port: 32769
00:24:43.105 [main] DEBUG i.n.h.c.s.SocksCmdRequestDecoderTest - Testing cmdType: BIND addressType: IPv4 host: 127.0.0.1 port: 65535
00:24:43.105 [main] DEBUG i.n.h.c.s.SocksCmdRequestDecoderTest - Testing cmdType: UDP addressType: IPv4 host: 127.0.0.1 port: 0
00:24:43.106 [main] DEBUG i.n.h.c.s.SocksCmdRequestDecoderTest - Testing cmdType: UDP addressType: IPv4 host: 127.0.0.1 port: 32769
00:24:43.107 [main] DEBUG i.n.h.c.s.SocksCmdRequestDecoderTest - Testing cmdType: UDP addressType: IPv4 host: 127.0.0.1 port: 65535
00:24:43.107 [main] DEBUG i.n.h.c.s.SocksCmdRequestDecoderTest - Testing cmdType: UNKNOWN addressType: IPv4 host: 127.0.0.1 port: 0
00:24:43.108 [main] DEBUG i.n.h.c.s.SocksCmdRequestDecoderTest - Testing cmdType: UNKNOWN addressType: IPv4 host: 127.0.0.1 port: 32769
00:24:43.109 [main] DEBUG i.n.h.c.s.SocksCmdRequestDecoderTest - Testing cmdType: UNKNOWN addressType: IPv4 host: 127.0.0.1 port: 65535
00:24:43.110 [main] DEBUG i.n.h.c.s.SocksCmdRequestDecoderTest - Testing cmdType: CONNECT addressType: IPv6 host: 0:0:0:0:0:0:0:1 port: 0
00:24:43.111 [main] DEBUG i.n.h.c.s.SocksCmdRequestDecoderTest - Testing cmdType: CONNECT addressType: IPv6 host: 0:0:0:0:0:0:0:1 port: 32769
00:24:43.111 [main] DEBUG i.n.h.c.s.SocksCmdRequestDecoderTest - Testing cmdType: CONNECT addressType: IPv6 host: 0:0:0:0:0:0:0:1 port: 65535
00:24:43.112 [main] DEBUG i.n.h.c.s.SocksCmdRequestDecoderTest - Testing cmdType: BIND addressType: IPv6 host: 0:0:0:0:0:0:0:1 port: 0
00:24:43.113 [main] DEBUG i.n.h.c.s.SocksCmdRequestDecoderTest - Testing cmdType: BIND addressType: IPv6 host: 0:0:0:0:0:0:0:1 port: 32769
00:24:43.113 [main] DEBUG i.n.h.c.s.SocksCmdRequestDecoderTest - Testing cmdType: BIND addressType: IPv6 host: 0:0:0:0:0:0:0:1 port: 65535
00:24:43.114 [main] DEBUG i.n.h.c.s.SocksCmdRequestDecoderTest - Testing cmdType: UDP addressType: IPv6 host: 0:0:0:0:0:0:0:1 port: 0
00:24:43.114 [main] DEBUG i.n.h.c.s.SocksCmdRequestDecoderTest - Testing cmdType: UDP addressType: IPv6 host: 0:0:0:0:0:0:0:1 port: 32769
00:24:43.115 [main] DEBUG i.n.h.c.s.SocksCmdRequestDecoderTest - Testing cmdType: UDP addressType: IPv6 host: 0:0:0:0:0:0:0:1 port: 65535
00:24:43.116 [main] DEBUG i.n.h.c.s.SocksCmdRequestDecoderTest - Testing cmdType: UNKNOWN addressType: IPv6 host: 0:0:0:0:0:0:0:1 port: 0
00:24:43.117 [main] DEBUG i.n.h.c.s.SocksCmdRequestDecoderTest - Testing cmdType: UNKNOWN addressType: IPv6 host: 0:0:0:0:0:0:0:1 port: 32769
00:24:43.118 [main] DEBUG i.n.h.c.s.SocksCmdRequestDecoderTest - Testing cmdType: UNKNOWN addressType: IPv6 host: 0:0:0:0:0:0:0:1 port: 65535
00:24:43.119 [main] DEBUG i.n.h.c.s.SocksCmdRequestDecoderTest - Testing cmdType: CONNECT addressType: DOMAIN host: google.com port: 0
00:24:43.119 [main] DEBUG i.n.h.c.s.SocksCmdRequestDecoderTest - Testing cmdType: CONNECT addressType: DOMAIN host: google.com port: 32769
00:24:43.120 [main] DEBUG i.n.h.c.s.SocksCmdRequestDecoderTest - Testing cmdType: CONNECT addressType: DOMAIN host: google.com port: 65535
00:24:43.120 [main] DEBUG i.n.h.c.s.SocksCmdRequestDecoderTest - Testing cmdType: CONNECT addressType: DOMAIN host: . port: 0
00:24:43.335 [main] DEBUG i.n.h.c.s.SocksCmdRequestDecoderTest - Testing cmdType: CONNECT addressType: DOMAIN host: . port: 32769
00:24:43.337 [main] DEBUG i.n.h.c.s.SocksCmdRequestDecoderTest - Testing cmdType: CONNECT addressType: DOMAIN host: . port: 65535
00:24:43.338 [main] DEBUG i.n.h.c.s.SocksCmdRequestDecoderTest - Testing cmdType: CONNECT addressType: DOMAIN host: . port: 0
00:24:43.340 [main] DEBUG i.n.h.c.s.SocksCmdRequestDecoderTest - Testing cmdType: CONNECT addressType: DOMAIN host: . port: 32769
00:24:43.341 [main] DEBUG i.n.h.c.s.SocksCmdRequestDecoderTest - Testing cmdType: CONNECT addressType: DOMAIN host: . port: 65535
00:24:43.343 [main] DEBUG i.n.h.c.s.SocksCmdRequestDecoderTest - Testing cmdType: CONNECT addressType: DOMAIN host: . port: 0
00:24:43.344 [main] DEBUG i.n.h.c.s.SocksCmdRequestDecoderTest - Testing cmdType: CONNECT addressType: DOMAIN host: . port: 32769
00:24:43.345 [main] DEBUG i.n.h.c.s.SocksCmdRequestDecoderTest - Testing cmdType: CONNECT addressType: DOMAIN host: . port: 65535
00:24:43.346 [main] DEBUG i.n.h.c.s.SocksCmdRequestDecoderTest - Testing cmdType: CONNECT addressType: DOMAIN host: . port: 0
00:24:43.347 [main] DEBUG i.n.h.c.s.SocksCmdRequestDecoderTest - Testing cmdType: CONNECT addressType: DOMAIN host: . port: 32769
00:24:43.348 [main] DEBUG i.n.h.c.s.SocksCmdRequestDecoderTest - Testing cmdType: CONNECT addressType: DOMAIN host: . port: 65535
00:24:43.349 [main] DEBUG i.n.h.c.s.SocksCmdRequestDecoderTest - Testing cmdType: CONNECT addressType: DOMAIN host: . port: 0
00:24:43.350 [main] DEBUG i.n.h.c.s.SocksCmdRequestDecoderTest - Testing cmdType: CONNECT addressType: DOMAIN host: . port: 32769
00:24:43.351 [main] DEBUG i.n.h.c.s.SocksCmdRequestDecoderTest - Testing cmdType: CONNECT addressType: DOMAIN host: . port: 65535
00:24:43.352 [main] DEBUG i.n.h.c.s.SocksCmdRequestDecoderTest - Testing cmdType: CONNECT addressType: DOMAIN host: . port: 0
00:24:43.353 [main] DEBUG i.n.h.c.s.SocksCmdRequestDecoderTest - Testing cmdType: CONNECT addressType: DOMAIN host: . port: 32769
00:24:43.354 [main] DEBUG i.n.h.c.s.SocksCmdRequestDecoderTest - Testing cmdType: CONNECT addressType: DOMAIN host: . port: 65535
00:24:43.354 [main] DEBUG i.n.h.c.s.SocksCmdRequestDecoderTest - Testing cmdType: CONNECT addressType: DOMAIN host: . port: 0
00:24:43.355 [main] DEBUG i.n.h.c.s.SocksCmdRequestDecoderTest - Testing cmdType: CONNECT addressType: DOMAIN host: . port: 32769
00:24:43.356 [main] DEBUG i.n.h.c.s.SocksCmdRequestDecoderTest - Testing cmdType: CONNECT addressType: DOMAIN host: . port: 65535
00:24:43.357 [main] DEBUG i.n.h.c.s.SocksCmdRequestDecoderTest - Testing cmdType: CONNECT addressType: DOMAIN host: . port: 0
00:24:43.358 [main] DEBUG i.n.h.c.s.SocksCmdRequestDecoderTest - Testing cmdType: CONNECT addressType: DOMAIN host: . port: 32769
00:24:43.359 [main] DEBUG i.n.h.c.s.SocksCmdRequestDecoderTest - Testing cmdType: CONNECT addressType: DOMAIN host: . port: 65535
00:24:43.359 [main] DEBUG i.n.h.c.s.SocksCmdRequestDecoderTest - Testing cmdType: CONNECT addressType: DOMAIN host: . port: 0
00:24:43.360 [main] DEBUG i.n.h.c.s.SocksCmdRequestDecoderTest - Testing cmdType: CONNECT addressType: DOMAIN host: . port: 32769
00:24:43.361 [main] DEBUG i.n.h.c.s.SocksCmdRequestDecoderTest - Testing cmdType: CONNECT addressType: DOMAIN host: . port: 65535
00:24:43.362 [main] DEBUG i.n.h.c.s.SocksCmdRequestDecoderTest - Testing cmdType: CONNECT addressType: DOMAIN host: . port: 0
00:24:43.362 [main] DEBUG i.n.h.c.s.SocksCmdRequestDecoderTest - Testing cmdType: CONNECT addressType: DOMAIN host: . port: 32769
00:24:43.363 [main] DEBUG i.n.h.c.s.SocksCmdRequestDecoderTest - Testing cmdType: CONNECT addressType: DOMAIN host: . port: 65535
00:24:43.364 [main] DEBUG i.n.h.c.s.SocksCmdRequestDecoderTest - Testing cmdType: CONNECT addressType: DOMAIN host: . port: 0
00:24:43.365 [main] DEBUG i.n.h.c.s.SocksCmdRequestDecoderTest - Testing cmdType: CONNECT addressType: DOMAIN host: . port: 32769
00:24:43.365 [main] DEBUG i.n.h.c.s.SocksCmdRequestDecoderTest - Testing cmdType: CONNECT addressType: DOMAIN host: . port: 65535
00:24:43.366 [main] DEBUG i.n.h.c.s.SocksCmdRequestDecoderTest - Testing cmdType: BIND addressType: DOMAIN host: google.com port: 0
00:24:43.367 [main] DEBUG i.n.h.c.s.SocksCmdRequestDecoderTest - Testing cmdType: BIND addressType: DOMAIN host: google.com port: 32769
00:24:43.367 [main] DEBUG i.n.h.c.s.SocksCmdRequestDecoderTest - Testing cmdType: BIND addressType: DOMAIN host: google.com port: 65535
00:24:43.368 [main] DEBUG i.n.h.c.s.SocksCmdRequestDecoderTest - Testing cmdType: BIND addressType: DOMAIN host: . port: 0
00:24:43.368 [main] DEBUG i.n.h.c.s.SocksCmdRequestDecoderTest - Testing cmdType: BIND addressType: DOMAIN host: . port: 32769
00:24:43.369 [main] DEBUG i.n.h.c.s.SocksCmdRequestDecoderTest - Testing cmdType: BIND addressType: DOMAIN host: . port: 65535
00:24:43.370 [main] DEBUG i.n.h.c.s.SocksCmdRequestDecoderTest - Testing cmdType: BIND addressType: DOMAIN host: . port: 0
00:24:43.370 [main] DEBUG i.n.h.c.s.SocksCmdRequestDecoderTest - Testing cmdType: BIND addressType: DOMAIN host: . port: 32769
00:24:43.371 [main] DEBUG i.n.h.c.s.SocksCmdRequestDecoderTest - Testing cmdType: BIND addressType: DOMAIN host: . port: 65535
00:24:43.372 [main] DEBUG i.n.h.c.s.SocksCmdRequestDecoderTest - Testing cmdType: BIND addressType: DOMAIN host: . port: 0
00:24:43.373 [main] DEBUG i.n.h.c.s.SocksCmdRequestDecoderTest - Testing cmdType: BIND addressType: DOMAIN host: . port: 32769
00:24:43.373 [main] DEBUG i.n.h.c.s.SocksCmdRequestDecoderTest - Testing cmdType: BIND addressType: DOMAIN host: . port: 65535
00:24:43.374 [main] DEBUG i.n.h.c.s.SocksCmdRequestDecoderTest - Testing cmdType: BIND addressType: DOMAIN host: . port: 0
00:24:43.375 [main] DEBUG i.n.h.c.s.SocksCmdRequestDecoderTest - Testing cmdType: BIND addressType: DOMAIN host: . port: 32769
00:24:43.375 [main] DEBUG i.n.h.c.s.SocksCmdRequestDecoderTest - Testing cmdType: BIND addressType: DOMAIN host: . port: 65535
00:24:43.376 [main] DEBUG i.n.h.c.s.SocksCmdRequestDecoderTest - Testing cmdType: BIND addressType: DOMAIN host: . port: 0
00:24:43.377 [main] DEBUG i.n.h.c.s.SocksCmdRequestDecoderTest - Testing cmdType: BIND addressType: DOMAIN host: . port: 32769
00:24:43.377 [main] DEBUG i.n.h.c.s.SocksCmdRequestDecoderTest - Testing cmdType: BIND addressType: DOMAIN host: . port: 65535
00:24:43.378 [main] DEBUG i.n.h.c.s.SocksCmdRequestDecoderTest - Testing cmdType: BIND addressType: DOMAIN host: . port: 0
00:24:43.378 [main] DEBUG i.n.h.c.s.SocksCmdRequestDecoderTest - Testing cmdType: BIND addressType: DOMAIN host: . port: 32769
00:24:43.379 [main] DEBUG i.n.h.c.s.SocksCmdRequestDecoderTest - Testing cmdType: BIND addressType: DOMAIN host: . port: 65535
00:24:43.379 [main] DEBUG i.n.h.c.s.SocksCmdRequestDecoderTest - Testing cmdType: BIND addressType: DOMAIN host: . port: 0
00:24:43.380 [main] DEBUG i.n.h.c.s.SocksCmdRequestDecoderTest - Testing cmdType: BIND addressType: DOMAIN host: . port: 32769
00:24:43.380 [main] DEBUG i.n.h.c.s.SocksCmdRequestDecoderTest - Testing cmdType: BIND addressType: DOMAIN host: . port: 65535
00:24:43.381 [main] DEBUG i.n.h.c.s.SocksCmdRequestDecoderTest - Testing cmdType: BIND addressType: DOMAIN host: . port: 0
00:24:43.382 [main] DEBUG i.n.h.c.s.SocksCmdRequestDecoderTest - Testing cmdType: BIND addressType: DOMAIN host: . port: 32769
00:24:43.383 [main] DEBUG i.n.h.c.s.SocksCmdRequestDecoderTest - Testing cmdType: BIND addressType: DOMAIN host: . port: 65535
00:24:43.383 [main] DEBUG i.n.h.c.s.SocksCmdRequestDecoderTest - Testing cmdType: BIND addressType: DOMAIN host: . port: 0
00:24:43.384 [main] DEBUG i.n.h.c.s.SocksCmdRequestDecoderTest - Testing cmdType: BIND addressType: DOMAIN host: . port: 32769
00:24:43.384 [main] DEBUG i.n.h.c.s.SocksCmdRequestDecoderTest - Testing cmdType: BIND addressType: DOMAIN host: . port: 65535
00:24:43.384 [main] DEBUG i.n.h.c.s.SocksCmdRequestDecoderTest - Testing cmdType: BIND addressType: DOMAIN host: . port: 0
00:24:43.385 [main] DEBUG i.n.h.c.s.SocksCmdRequestDecoderTest - Testing cmdType: BIND addressType: DOMAIN host: . port: 32769
00:24:43.385 [main] DEBUG i.n.h.c.s.SocksCmdRequestDecoderTest - Testing cmdType: BIND addressType: DOMAIN host: . port: 65535
00:24:43.386 [main] DEBUG i.n.h.c.s.SocksCmdRequestDecoderTest - Testing cmdType: BIND addressType: DOMAIN host: . port: 0
00:24:43.387 [main] DEBUG i.n.h.c.s.SocksCmdRequestDecoderTest - Testing cmdType: BIND addressType: DOMAIN host: . port: 32769
00:24:43.387 [main] DEBUG i.n.h.c.s.SocksCmdRequestDecoderTest - Testing cmdType: BIND addressType: DOMAIN host: . port: 65535
00:24:43.388 [main] DEBUG i.n.h.c.s.SocksCmdRequestDecoderTest - Testing cmdType: UDP addressType: DOMAIN host: google.com port: 0
00:24:43.388 [main] DEBUG i.n.h.c.s.SocksCmdRequestDecoderTest - Testing cmdType: UDP addressType: DOMAIN host: google.com port: 32769
00:24:43.388 [main] DEBUG i.n.h.c.s.SocksCmdRequestDecoderTest - Testing cmdType: UDP addressType: DOMAIN host: google.com port: 65535
00:24:43.389 [main] DEBUG i.n.h.c.s.SocksCmdRequestDecoderTest - Testing cmdType: UDP addressType: DOMAIN host: . port: 0
00:24:43.389 [main] DEBUG i.n.h.c.s.SocksCmdRequestDecoderTest - Testing cmdType: UDP addressType: DOMAIN host: . port: 32769
00:24:43.390 [main] DEBUG i.n.h.c.s.SocksCmdRequestDecoderTest - Testing cmdType: UDP addressType: DOMAIN host: . port: 65535
00:24:43.390 [main] DEBUG i.n.h.c.s.SocksCmdRequestDecoderTest - Testing cmdType: UDP addressType: DOMAIN host: . port: 0
00:24:43.391 [main] DEBUG i.n.h.c.s.SocksCmdRequestDecoderTest - Testing cmdType: UDP addressType: DOMAIN host: . port: 32769
00:24:43.391 [main] DEBUG i.n.h.c.s.SocksCmdRequestDecoderTest - Testing cmdType: UDP addressType: DOMAIN host: . port: 65535
00:24:43.392 [main] DEBUG i.n.h.c.s.SocksCmdRequestDecoderTest - Testing cmdType: UDP addressType: DOMAIN host: . port: 0
00:24:43.392 [main] DEBUG i.n.h.c.s.SocksCmdRequestDecoderTest - Testing cmdType: UDP addressType: DOMAIN host: . port: 32769
00:24:43.393 [main] DEBUG i.n.h.c.s.SocksCmdRequestDecoderTest - Testing cmdType: UDP addressType: DOMAIN host: . port: 65535
00:24:43.393 [main] DEBUG i.n.h.c.s.SocksCmdRequestDecoderTest - Testing cmdType: UDP addressType: DOMAIN host: . port: 0
00:24:43.394 [main] DEBUG i.n.h.c.s.SocksCmdRequestDecoderTest - Testing cmdType: UDP addressType: DOMAIN host: . port: 32769
00:24:43.394 [main] DEBUG i.n.h.c.s.SocksCmdRequestDecoderTest - Testing cmdType: UDP addressType: DOMAIN host: . port: 65535
00:24:43.395 [main] DEBUG i.n.h.c.s.SocksCmdRequestDecoderTest - Testing cmdType: UDP addressType: DOMAIN host: . port: 0
00:24:43.395 [main] DEBUG i.n.h.c.s.SocksCmdRequestDecoderTest - Testing cmdType: UDP addressType: DOMAIN host: . port: 32769
00:24:43.396 [main] DEBUG i.n.h.c.s.SocksCmdRequestDecoderTest - Testing cmdType: UDP addressType: DOMAIN host: . port: 65535
00:24:43.396 [main] DEBUG i.n.h.c.s.SocksCmdRequestDecoderTest - Testing cmdType: UDP addressType: DOMAIN host: . port: 0
00:24:43.396 [main] DEBUG i.n.h.c.s.SocksCmdRequestDecoderTest - Testing cmdType: UDP addressType: DOMAIN host: . port: 32769
00:24:43.397 [main] DEBUG i.n.h.c.s.SocksCmdRequestDecoderTest - Testing cmdType: UDP addressType: DOMAIN host: . port: 65535
00:24:43.397 [main] DEBUG i.n.h.c.s.SocksCmdRequestDecoderTest - Testing cmdType: UDP addressType: DOMAIN host: . port: 0
00:24:43.397 [main] DEBUG i.n.h.c.s.SocksCmdRequestDecoderTest - Testing cmdType: UDP addressType: DOMAIN host: . port: 32769
00:24:43.398 [main] DEBUG i.n.h.c.s.SocksCmdRequestDecoderTest - Testing cmdType: UDP addressType: DOMAIN host: . port: 65535
00:24:43.398 [main] DEBUG i.n.h.c.s.SocksCmdRequestDecoderTest - Testing cmdType: UDP addressType: DOMAIN host: . port: 0
00:24:43.398 [main] DEBUG i.n.h.c.s.SocksCmdRequestDecoderTest - Testing cmdType: UDP addressType: DOMAIN host: . port: 32769
00:24:43.399 [main] DEBUG i.n.h.c.s.SocksCmdRequestDecoderTest - Testing cmdType: UDP addressType: DOMAIN host: . port: 65535
00:24:43.399 [main] DEBUG i.n.h.c.s.SocksCmdRequestDecoderTest - Testing cmdType: UDP addressType: DOMAIN host: . port: 0
00:24:43.400 [main] DEBUG i.n.h.c.s.SocksCmdRequestDecoderTest - Testing cmdType: UDP addressType: DOMAIN host: . port: 32769
00:24:43.400 [main] DEBUG i.n.h.c.s.SocksCmdRequestDecoderTest - Testing cmdType: UDP addressType: DOMAIN host: . port: 65535
00:24:43.400 [main] DEBUG i.n.h.c.s.SocksCmdRequestDecoderTest - Testing cmdType: UDP addressType: DOMAIN host: . port: 0
00:24:43.401 [main] DEBUG i.n.h.c.s.SocksCmdRequestDecoderTest - Testing cmdType: UDP addressType: DOMAIN host: . port: 32769
00:24:43.402 [main] DEBUG i.n.h.c.s.SocksCmdRequestDecoderTest - Testing cmdType: UDP addressType: DOMAIN host: . port: 65535
00:24:43.402 [main] DEBUG i.n.h.c.s.SocksCmdRequestDecoderTest - Testing cmdType: UDP addressType: DOMAIN host: . port: 0
00:24:43.402 [main] DEBUG i.n.h.c.s.SocksCmdRequestDecoderTest - Testing cmdType: UDP addressType: DOMAIN host: . port: 32769
00:24:43.403 [main] DEBUG i.n.h.c.s.SocksCmdRequestDecoderTest - Testing cmdType: UDP addressType: DOMAIN host: . port: 65535
00:24:43.403 [main] DEBUG i.n.h.c.s.SocksCmdRequestDecoderTest - Testing cmdType: UNKNOWN addressType: DOMAIN host: google.com port: 0
00:24:43.403 [main] DEBUG i.n.h.c.s.SocksCmdRequestDecoderTest - Testing cmdType: UNKNOWN addressType: DOMAIN host: google.com port: 32769
00:24:43.404 [main] DEBUG i.n.h.c.s.SocksCmdRequestDecoderTest - Testing cmdType: UNKNOWN addressType: DOMAIN host: google.com port: 65535
00:24:43.404 [main] DEBUG i.n.h.c.s.SocksCmdRequestDecoderTest - Testing cmdType: UNKNOWN addressType: DOMAIN host: . port: 0
00:24:43.405 [main] DEBUG i.n.h.c.s.SocksCmdRequestDecoderTest - Testing cmdType: UNKNOWN addressType: DOMAIN host: . port: 32769
00:24:43.405 [main] DEBUG i.n.h.c.s.SocksCmdRequestDecoderTest - Testing cmdType: UNKNOWN addressType: DOMAIN host: . port: 65535
00:24:43.405 [main] DEBUG i.n.h.c.s.SocksCmdRequestDecoderTest - Testing cmdType: UNKNOWN addressType: DOMAIN host: . port: 0
00:24:43.406 [main] DEBUG i.n.h.c.s.SocksCmdRequestDecoderTest - Testing cmdType: UNKNOWN addressType: DOMAIN host: . port: 32769
00:24:43.406 [main] DEBUG i.n.h.c.s.SocksCmdRequestDecoderTest - Testing cmdType: UNKNOWN addressType: DOMAIN host: . port: 65535
00:24:43.407 [main] DEBUG i.n.h.c.s.SocksCmdRequestDecoderTest - Testing cmdType: UNKNOWN addressType: DOMAIN host: . port: 0
00:24:43.407 [main] DEBUG i.n.h.c.s.SocksCmdRequestDecoderTest - Testing cmdType: UNKNOWN addressType: DOMAIN host: . port: 32769
00:24:43.408 [main] DEBUG i.n.h.c.s.SocksCmdRequestDecoderTest - Testing cmdType: UNKNOWN addressType: DOMAIN host: . port: 65535
00:24:43.408 [main] DEBUG i.n.h.c.s.SocksCmdRequestDecoderTest - Testing cmdType: UNKNOWN addressType: DOMAIN host: . port: 0
00:24:43.408 [main] DEBUG i.n.h.c.s.SocksCmdRequestDecoderTest - Testing cmdType: UNKNOWN addressType: DOMAIN host: . port: 32769
00:24:43.409 [main] DEBUG i.n.h.c.s.SocksCmdRequestDecoderTest - Testing cmdType: UNKNOWN addressType: DOMAIN host: . port: 65535
00:24:43.409 [main] DEBUG i.n.h.c.s.SocksCmdRequestDecoderTest - Testing cmdType: UNKNOWN addressType: DOMAIN host: . port: 0
00:24:43.410 [main] DEBUG i.n.h.c.s.SocksCmdRequestDecoderTest - Testing cmdType: UNKNOWN addressType: DOMAIN host: . port: 32769
00:24:43.411 [main] DEBUG i.n.h.c.s.SocksCmdRequestDecoderTest - Testing cmdType: UNKNOWN addressType: DOMAIN host: . port: 65535
00:24:43.411 [main] DEBUG i.n.h.c.s.SocksCmdRequestDecoderTest - Testing cmdType: UNKNOWN addressType: DOMAIN host: . port: 0
00:24:43.412 [main] DEBUG i.n.h.c.s.SocksCmdRequestDecoderTest - Testing cmdType: UNKNOWN addressType: DOMAIN host: . port: 32769
00:24:43.412 [main] DEBUG i.n.h.c.s.SocksCmdRequestDecoderTest - Testing cmdType: UNKNOWN addressType: DOMAIN host: . port: 65535
00:24:43.412 [main] DEBUG i.n.h.c.s.SocksCmdRequestDecoderTest - Testing cmdType: UNKNOWN addressType: DOMAIN host: . port: 0
00:24:43.413 [main] DEBUG i.n.h.c.s.SocksCmdRequestDecoderTest - Testing cmdType: UNKNOWN addressType: DOMAIN host: . port: 32769
00:24:43.413 [main] DEBUG i.n.h.c.s.SocksCmdRequestDecoderTest - Testing cmdType: UNKNOWN addressType: DOMAIN host: . port: 65535
00:24:43.414 [main] DEBUG i.n.h.c.s.SocksCmdRequestDecoderTest - Testing cmdType: UNKNOWN addressType: DOMAIN host: . port: 0
00:24:43.414 [main] DEBUG i.n.h.c.s.SocksCmdRequestDecoderTest - Testing cmdType: UNKNOWN addressType: DOMAIN host: . port: 32769
00:24:43.414 [main] DEBUG i.n.h.c.s.SocksCmdRequestDecoderTest - Testing cmdType: UNKNOWN addressType: DOMAIN host: . port: 65535
00:24:43.415 [main] DEBUG i.n.h.c.s.SocksCmdRequestDecoderTest - Testing cmdType: UNKNOWN addressType: DOMAIN host: . port: 0
00:24:43.415 [main] DEBUG i.n.h.c.s.SocksCmdRequestDecoderTest - Testing cmdType: UNKNOWN addressType: DOMAIN host: . port: 32769
00:24:43.416 [main] DEBUG i.n.h.c.s.SocksCmdRequestDecoderTest - Testing cmdType: UNKNOWN addressType: DOMAIN host: . port: 65535
00:24:43.416 [main] DEBUG i.n.h.c.s.SocksCmdRequestDecoderTest - Testing cmdType: UNKNOWN addressType: DOMAIN host: . port: 0
00:24:43.416 [main] DEBUG i.n.h.c.s.SocksCmdRequestDecoderTest - Testing cmdType: UNKNOWN addressType: DOMAIN host: . port: 32769
00:24:43.417 [main] DEBUG i.n.h.c.s.SocksCmdRequestDecoderTest - Testing cmdType: UNKNOWN addressType: DOMAIN host: . port: 65535
00:24:43.417 [main] DEBUG i.n.h.c.s.SocksCmdRequestDecoderTest - Testing cmdType: UNKNOWN addressType: DOMAIN host: . port: 0
00:24:43.417 [main] DEBUG i.n.h.c.s.SocksCmdRequestDecoderTest - Testing cmdType: UNKNOWN addressType: DOMAIN host: . port: 32769
00:24:43.418 [main] DEBUG i.n.h.c.s.SocksCmdRequestDecoderTest - Testing cmdType: UNKNOWN addressType: DOMAIN host: . port: 65535
00:24:43.419 [main] DEBUG i.n.h.c.s.SocksCmdRequestDecoderTest - Testing cmdType: CONNECT addressType: UNKNOWN host: google.com port: 80
00:24:43.419 [main] DEBUG i.n.h.c.s.SocksCmdRequestDecoderTest - Testing cmdType: BIND addressType: UNKNOWN host: google.com port: 80
00:24:43.419 [main] DEBUG i.n.h.c.s.SocksCmdRequestDecoderTest - Testing cmdType: UDP addressType: UNKNOWN host: google.com port: 80
00:24:43.420 [main] DEBUG i.n.h.c.s.SocksCmdRequestDecoderTest - Testing cmdType: UNKNOWN addressType: UNKNOWN host: google.com port: 80
Tests run: 4, Failures: 0, Errors: 0, Skipped: 0, Time elapsed: 0.337 sec
Running io.netty.handler.codec.socks.SocksCmdRequestTest
Tests run: 5, Failures: 0, Errors: 0, Skipped: 0, Time elapsed: 0.003 sec
Running io.netty.handler.codec.socks.SocksAuthResponseTest
Tests run: 1, Failures: 0, Errors: 0, Skipped: 0, Time elapsed: 0.001 sec
Running io.netty.handler.codec.socks.SocksAuthRequestTest
Tests run: 3, Failures: 0, Errors: 0, Skipped: 0, Time elapsed: 0.004 sec

Results :

Tests run: 19, Failures: 0, Errors: 0, Skipped: 0

[INFO]                                                                         
[INFO] ------------------------------------------------------------------------
[INFO] Building Netty/Transport/RXTX 4.0.0.Beta3-SNAPSHOT
[INFO] ------------------------------------------------------------------------
[INFO] 
[INFO] --- maven-enforcer-plugin:1.1:enforce (enforce-maven) @ netty-transport-rxtx ---
[INFO] 
[INFO] --- maven-enforcer-plugin:1.1:enforce (enforce-tools) @ netty-transport-rxtx ---
[INFO] 
[INFO] --- maven-checkstyle-plugin:2.9.1:check (check-style) @ netty-transport-rxtx ---
[INFO] Starting audit...
Audit done.

[INFO] 
[INFO] --- maven-resources-plugin:2.5:resources (default-resources) @ netty-transport-rxtx ---
[debug] execute contextualize
[INFO] Using 'UTF-8' encoding to copy filtered resources.
[INFO] skip non existing resourceDirectory /home/travis/build/netty/netty/transport-rxtx/src/main/resources
[INFO] 
[INFO] --- maven-compiler-plugin:2.5.1:compile (default-compile) @ netty-transport-rxtx ---
[INFO] Compiling 1 source file to /home/travis/build/netty/netty/transport-rxtx/target/classes
[INFO] 
[INFO] --- animal-sniffer-maven-plugin:1.8:check (default) @ netty-transport-rxtx ---
[INFO] Checking unresolved references to org.codehaus.mojo.signature:java16:1.0
[INFO] 
[INFO] --- maven-resources-plugin:2.5:testResources (default-testResources) @ netty-transport-rxtx ---
[debug] execute contextualize
[INFO] Using 'UTF-8' encoding to copy filtered resources.
[INFO] skip non existing resourceDirectory /home/travis/build/netty/netty/transport-rxtx/src/test/resources
[INFO] 
[INFO] --- maven-compiler-plugin:2.5.1:testCompile (default-testCompile) @ netty-transport-rxtx ---
[INFO] No sources to compile
[INFO] 
[INFO] --- maven-surefire-plugin:2.12:test (default-test) @ netty-transport-rxtx ---
[INFO] No tests to run.
[INFO] Surefire report directory: /home/travis/build/netty/netty/transport-rxtx/target/surefire-reports

-------------------------------------------------------
 T E S T S
-------------------------------------------------------

Results :

Tests run: 0, Failures: 0, Errors: 0, Skipped: 0

[INFO]                                                                         
[INFO] ------------------------------------------------------------------------
[INFO] Building Netty/Transport/SCTP 4.0.0.Beta3-SNAPSHOT
[INFO] ------------------------------------------------------------------------
[INFO] 
[INFO] --- maven-enforcer-plugin:1.1:enforce (enforce-maven) @ netty-transport-sctp ---
[INFO] 
[INFO] --- maven-enforcer-plugin:1.1:enforce (enforce-tools) @ netty-transport-sctp ---
[INFO] 
[INFO] --- maven-checkstyle-plugin:2.9.1:check (check-style) @ netty-transport-sctp ---
[INFO] Starting audit...
Audit done.

[INFO] 
[INFO] --- maven-resources-plugin:2.5:resources (default-resources) @ netty-transport-sctp ---
[debug] execute contextualize
[INFO] Using 'UTF-8' encoding to copy filtered resources.
[INFO] skip non existing resourceDirectory /home/travis/build/netty/netty/transport-sctp/src/main/resources
[INFO] 
[INFO] --- maven-compiler-plugin:2.5.1:compile (default-compile) @ netty-transport-sctp ---
[INFO] Compiling 5 source files to /home/travis/build/netty/netty/transport-sctp/target/classes
[INFO] 
[INFO] --- animal-sniffer-maven-plugin:1.8:check (default) @ netty-transport-sctp ---
[INFO] Checking unresolved references to org.codehaus.mojo.signature:java16:1.0
[INFO] 
[INFO] --- maven-resources-plugin:2.5:testResources (default-testResources) @ netty-transport-sctp ---
[debug] execute contextualize
[INFO] Using 'UTF-8' encoding to copy filtered resources.
[INFO] skip non existing resourceDirectory /home/travis/build/netty/netty/transport-sctp/src/test/resources
[INFO] 
[INFO] --- maven-compiler-plugin:2.5.1:testCompile (default-testCompile) @ netty-transport-sctp ---
[INFO] No sources to compile
[INFO] 
[INFO] --- maven-surefire-plugin:2.12:test (default-test) @ netty-transport-sctp ---
[INFO] No tests to run.
[INFO] Surefire report directory: /home/travis/build/netty/netty/transport-sctp/target/surefire-reports

-------------------------------------------------------
 T E S T S
-------------------------------------------------------

Results :

Tests run: 0, Failures: 0, Errors: 0, Skipped: 0

[INFO]                                                                         
[INFO] ------------------------------------------------------------------------
[INFO] Building Netty/Transport/UDT 4.0.0.Beta3-SNAPSHOT
[INFO] ------------------------------------------------------------------------
[INFO] 
[INFO] --- maven-enforcer-plugin:1.1:enforce (enforce-maven) @ netty-transport-udt ---
[INFO] 
[INFO] --- maven-enforcer-plugin:1.1:enforce (enforce-tools) @ netty-transport-udt ---
[INFO] 
[INFO] --- maven-checkstyle-plugin:2.9.1:check (check-style) @ netty-transport-udt ---
[INFO] Starting audit...
Audit done.

[INFO] 
[INFO] --- maven-resources-plugin:2.5:resources (default-resources) @ netty-transport-udt ---
[debug] execute contextualize
[INFO] Using 'UTF-8' encoding to copy filtered resources.
[INFO] skip non existing resourceDirectory /home/travis/build/netty/netty/transport-udt/src/main/resources
[INFO] 
[INFO] --- maven-compiler-plugin:2.5.1:compile (default-compile) @ netty-transport-udt ---
[INFO] Compiling 2 source files to /home/travis/build/netty/netty/transport-udt/target/classes
[INFO] 
[INFO] --- animal-sniffer-maven-plugin:1.8:check (default) @ netty-transport-udt ---
[INFO] Checking unresolved references to org.codehaus.mojo.signature:java16:1.0
[INFO] 
[INFO] --- maven-resources-plugin:2.5:testResources (default-testResources) @ netty-transport-udt ---
[debug] execute contextualize
[INFO] Using 'UTF-8' encoding to copy filtered resources.
[INFO] Copying 1 resource
[INFO] 
[INFO] --- maven-compiler-plugin:2.5.1:testCompile (default-testCompile) @ netty-transport-udt ---
[INFO] Compiling 3 source files to /home/travis/build/netty/netty/transport-udt/target/test-classes
[INFO] 
[INFO] --- maven-surefire-plugin:2.12:test (default-test) @ netty-transport-udt ---
[INFO] Surefire report directory: /home/travis/build/netty/netty/transport-udt/target/surefire-reports

-------------------------------------------------------
 T E S T S
-------------------------------------------------------

-------------------------------------------------------
 T E S T S
-------------------------------------------------------
Running io.netty.test.udt.nio.NioUdtMessageRendezvousChannelTest
50.161 [ main] DEBUG .i.l.Slf4JLogger debug             71 - Using SLF4J as the default logging framework
50.167 [ main] INFO   c.b.u.SocketUDT <clinit>         130 - library location : ./lib/bin
50.167 [ main] INFO   c.b.u.SocketUDT <clinit>         134 - loader provider  : com.barchart.udt.lib.LibraryLoaderUDT
50.168 [ main] INFO  l.PluginPropsUDT <clinit>          82 - ARCH/OS/LINK = amd64/Linux/gpp
50.169 [ main] DEBUG l.PluginPropsUDT <clinit>          84 - Loading aol.properties.
50.172 [ main] INFO  LibraryLoaderUDT load              39 - Platform supported.
50.173 [ main] INFO  LibraryLoaderUDT load              49 - Loading release libraries.
50.176 [ main] DEBUG sourceManagerUDT extractResource   74 - sourceURL=jar:file:/home/travis/.m2/repository/com/barchart/udt/barchart-udt-bundle/2.2.2/barchart-udt-bundle-2.2.2.jar!/lib/amd64-Linux-gpp/jni/libbarchart-udt-core-2.2.2-SNAPSHOT.so 
50.176 [ main] DEBUG sourceManagerUDT extractResource   85 - targetFile=/home/travis/build/netty/netty/transport-udt/./lib/bin/lib/amd64-Linux-gpp/jni/libbarchart-udt-core-2.2.2-SNAPSHOT.so 
50.176 [ main] DEBUG sourceManagerUDT extractResource   88 - targetFolder=/home/travis/build/netty/netty/transport-udt/./lib/bin/lib/amd64-Linux-gpp/jni 
50.177 [ main] DEBUG sourceManagerUDT sureTargetFolder 147 - mkdirs : folder=/home/travis/build/netty/netty/transport-udt/./lib/bin/lib/amd64-Linux-gpp/jni
50.183 [ main] DEBUG sourceManagerUDT extractResource   99 - make new extraction destination for targetPath=./lib/bin/lib/amd64-Linux-gpp/jni/libbarchart-udt-core-2.2.2-SNAPSHOT.so
50.187 [ main] DEBUG sourceManagerUDT extractResource  129 - extracted OK; sourcePath=/lib/amd64-Linux-gpp/jni/libbarchart-udt-core-2.2.2-SNAPSHOT.so targetPath=./lib/bin/lib/amd64-Linux-gpp/jni/libbarchart-udt-core-2.2.2-SNAPSHOT.so
50.289 [ main] INFO  LibraryLoaderUDT load              51 - Release libraries loaded.
50.292 [ main] DEBUG  c.b.u.SocketUDT <clinit>         163 - native library load & init OK
50.292 [ main] INFO  .i.l.Slf4JLogger info             101 - Class load and init success.
50.466 [ead-0] DEBUG .i.l.Slf4JLogger debug             76 - Generated: io.netty.util.internal.__matchers__.java.lang.ObjectMatcher
50.480 [ead-0] DEBUG .i.l.Slf4JLogger debug             76 - Generated: io.netty.util.internal.__matchers__.io.netty.channel.udt.UdtMessageMatcher
50.490 [ead-0] DEBUG .i.l.Slf4JLogger debug             71 - Resource leak detection enabled.
50.527 [ead-0] DEBUG  c.b.u.SocketUDT <init>           536 - init : [id: 0x0f0e393a] DATAGRAM INIT bind=null:0 peer=null:0
50.530 [ead-0] DEBUG  c.b.u.SocketUDT <init>           536 - init : [id: 0x0f0e3939] DATAGRAM INIT bind=null:0 peer=null:0
50.538 [ead-0] DEBUG  c.b.u.SocketUDT <init>           536 - init : [id: 0x0f0e3938] DATAGRAM INIT bind=null:0 peer=null:0
50.567 [eer-1] DEBUG .i.l.Slf4JLogger debug             71 - Using select timeout of 500
50.567 [eer-1] DEBUG .i.l.Slf4JLogger debug             71 - Epoll-bug workaround enabled = false
51.081 [ead-0] DEBUG  c.b.u.SocketUDT <init>           536 - init : [id: 0x0f0e3937] DATAGRAM INIT bind=null:0 peer=null:0
51.591 [ead-0] INFO  .i.l.Slf4JLogger info             111 - progress : 0 0
51.620 [eer-1] INFO  .i.l.Slf4JLogger info             106 - ECHO active 
	[id: 0x0f0e3938]
	0) Maximum_Transfer_Unit = 1,500
	1) Is_Send_Synchronous = false
	2) Is_Receive_Synchronous = false
	3) Custom_Congestion_Control = null
	4) Flight_Window_Size = 25,600 (25 K)
	5) Protocol_Send_Buffer_Size = 10,485,056
	6) Protocol_Receive_Buffer_Size = 10,485,056
	7) Time_To_Linger_On_Close = 0
	8) System_Send_Buffer_Size = 1,048,576
	9) System_Receive_Buffer_Size = 1,048,576
	12) Is_Randezvous_Connect_Enabled = true
	13) Send_Timeout = -1
	14) Receive_Timeout = -1
	15) Is_Address_Reuse_Enabled = true
	16) Maximum_Bandwidth = -1
	17) Status_Code = 5
	18) Epoll_Event_Mask = 4
	19) Send_Buffer_Consumed = 0
	20) Receive_Buffer_Available = 0
51.625 [eer-3] INFO  .i.l.Slf4JLogger info             106 - ECHO active 
	[id: 0x0f0e3937]
	0) Maximum_Transfer_Unit = 1,500
	1) Is_Send_Synchronous = false
	2) Is_Receive_Synchronous = false
	3) Custom_Congestion_Control = null
	4) Flight_Window_Size = 25,600 (25 K)
	5) Protocol_Send_Buffer_Size = 10,485,056
	6) Protocol_Receive_Buffer_Size = 10,485,056
	7) Time_To_Linger_On_Close = 0
	8) System_Send_Buffer_Size = 1,048,576
	9) System_Receive_Buffer_Size = 1,048,576
	12) Is_Randezvous_Connect_Enabled = true
	13) Send_Timeout = -1
	14) Receive_Timeout = -1
	15) Is_Address_Reuse_Enabled = true
	16) Maximum_Bandwidth = -1
	17) Status_Code = 5
	18) Epoll_Event_Mask = 4
	19) Send_Buffer_Consumed = 0
	20) Receive_Buffer_Available = 0
52.592 [ead-0] INFO  .i.l.Slf4JLogger info             111 - progress : 65536 65536
53.592 [ead-0] INFO  .i.l.Slf4JLogger info             111 - progress : 327680 327680
54.593 [ead-0] INFO  .i.l.Slf4JLogger info             111 - progress : 720896 720896
55.595 [eer-1] DEBUG  c.b.u.SocketUDT close            609 - done : [id: 0x0f0e3938] DATAGRAM CLOSED bind=null:0 peer=null:0
55.597 [eer-1] DEBUG .u.n.SelectorUDT cancel           149 - cancel queue [id: 0x0f0e3938] poll=READ ready=--R- inter=--R- DATAGRAM RENDEZVOUS CLOSED bind=null:0 peer=null:0
55.599 [eer-1] DEBUG .u.n.SelectorUDT cancel           149 - cancel queue [id: 0x0f0e3938] poll=READ ready=--R- inter=--R- DATAGRAM RENDEZVOUS CLOSED bind=null:0 peer=null:0
55.600 [eer-1] DEBUG .u.n.SelectorUDT doCancel         171 - cancel apply [id: 0x0f0e3938] poll=READ ready=--R- inter=--R- DATAGRAM RENDEZVOUS CLOSED bind=null:0 peer=null:0
55.602 [eer-3] ERROR .i.l.Slf4JLogger error            181 - exception
com.barchart.udt.ExceptionUDT: UDT Error : 2001 : connection was broken : recv/recvmsg [id: 0x0f0e3937]
	at com.barchart.udt.SocketUDT.receive2(Native Method) ~[barchart-udt-bundle-2.2.2.jar:na]
	at com.barchart.udt.SocketUDT.receive(SocketUDT.java:1186) ~[barchart-udt-bundle-2.2.2.jar:na]
	at com.barchart.udt.nio.SocketChannelUDT.read(SocketChannelUDT.java:315) ~[barchart-udt-bundle-2.2.2.jar:na]
	at io.netty.buffer.PooledUnsafeDirectByteBuf.setBytes(PooledUnsafeDirectByteBuf.java:259) ~[classes/:na]
	at io.netty.buffer.AbstractByteBuf.writeBytes(AbstractByteBuf.java:885) ~[classes/:na]
	at io.netty.channel.udt.nio.NioUdtMessageConnectorChannel.doReadMessages(NioUdtMessageConnectorChannel.java:153) ~[classes/:na]
	at io.netty.channel.nio.AbstractNioMessageChannel$NioMessageUnsafe.read(AbstractNioMessageChannel.java:61) ~[classes/:na]
	at io.netty.channel.nio.NioEventLoop.processSelectedKey(NioEventLoop.java:401) [classes/:na]
	at io.netty.channel.nio.NioEventLoop.processSelectedKeys(NioEventLoop.java:365) [classes/:na]
	at io.netty.channel.nio.NioEventLoop.run(NioEventLoop.java:302) [classes/:na]
	at io.netty.util.concurrent.SingleThreadEventExecutor$2.run(SingleThreadEventExecutor.java:111) [classes/:na]
	at java.lang.Thread.run(Thread.java:722) [na:1.7.0_17]
55.603 [eer-3] DEBUG .u.n.SelectorUDT cancel           149 - cancel queue [id: 0x0f0e3937] poll=READ ready=--R- inter=--R- DATAGRAM RENDEZVOUS BROKEN bind=null:0 peer=null:0
55.604 [eer-3] DEBUG .u.n.SelectorUDT cancel           149 - cancel queue [id: 0x0f0e3937] poll=READ ready=--R- inter=--R- DATAGRAM RENDEZVOUS BROKEN bind=null:0 peer=null:0
55.605 [ead-0] INFO  .i.l.Slf4JLogger info             106 - handler1 : 1245184
55.605 [ead-0] INFO  .i.l.Slf4JLogger info             106 - handler2 : 1245184
55.606 [eer-3] DEBUG .u.n.SelectorUDT doCancel         171 - cancel apply [id: 0x0f0e3937] poll=READ ready=--R- inter=--R- DATAGRAM RENDEZVOUS BROKEN bind=null:0 peer=null:0
55.608 [ main] DEBUG  c.b.u.SocketUDT <init>           536 - init : [id: 0x0f0e3936] DATAGRAM INIT bind=null:0 peer=null:0
Tests run: 2, Failures: 0, Errors: 0, Skipped: 0, Time elapsed: 5.742 sec
Running io.netty.test.udt.nio.NioUdtMessageAcceptorChannelTest
56.139 [ main] DEBUG .i.l.Slf4JLogger debug             71 - Using SLF4J as the default logging framework
56.146 [ main] INFO   c.b.u.SocketUDT <clinit>         130 - library location : ./lib/bin
56.146 [ main] INFO   c.b.u.SocketUDT <clinit>         134 - loader provider  : com.barchart.udt.lib.LibraryLoaderUDT
56.148 [ main] INFO  l.PluginPropsUDT <clinit>          82 - ARCH/OS/LINK = amd64/Linux/gpp
56.148 [ main] DEBUG l.PluginPropsUDT <clinit>          84 - Loading aol.properties.
56.152 [ main] INFO  LibraryLoaderUDT load              39 - Platform supported.
56.152 [ main] INFO  LibraryLoaderUDT load              49 - Loading release libraries.
56.155 [ main] DEBUG sourceManagerUDT extractResource   74 - sourceURL=jar:file:/home/travis/.m2/repository/com/barchart/udt/barchart-udt-bundle/2.2.2/barchart-udt-bundle-2.2.2.jar!/lib/amd64-Linux-gpp/jni/libbarchart-udt-core-2.2.2-SNAPSHOT.so 
56.156 [ main] DEBUG sourceManagerUDT extractResource   85 - targetFile=/home/travis/build/netty/netty/transport-udt/./lib/bin/lib/amd64-Linux-gpp/jni/libbarchart-udt-core-2.2.2-SNAPSHOT.so 
56.156 [ main] DEBUG sourceManagerUDT extractResource   88 - targetFolder=/home/travis/build/netty/netty/transport-udt/./lib/bin/lib/amd64-Linux-gpp/jni 
56.156 [ main] DEBUG sourceManagerUDT sureTargetFolder 138 - found folder=/home/travis/build/netty/netty/transport-udt/./lib/bin/lib/amd64-Linux-gpp/jni
56.163 [ main] DEBUG sourceManagerUDT extractResource   95 - already extracted; sourcePath=/lib/amd64-Linux-gpp/jni/libbarchart-udt-core-2.2.2-SNAPSHOT.so targetPath=./lib/bin/lib/amd64-Linux-gpp/jni/libbarchart-udt-core-2.2.2-SNAPSHOT.so
56.265 [ main] INFO  LibraryLoaderUDT load              51 - Release libraries loaded.
56.268 [ main] DEBUG  c.b.u.SocketUDT <clinit>         163 - native library load & init OK
56.268 [ main] INFO  .i.l.Slf4JLogger info             101 - Class load and init success.
56.367 [ main] DEBUG .i.l.Slf4JLogger debug             76 - Generated: io.netty.util.internal.__matchers__.java.lang.ObjectMatcher
56.379 [ main] DEBUG  c.b.u.SocketUDT <init>           536 - init : [id: 0x37e1293c] DATAGRAM INIT bind=null:0 peer=null:0
56.398 [ main] DEBUG .i.l.Slf4JLogger debug             71 - Resource leak detection enabled.
Tests run: 1, Failures: 0, Errors: 0, Skipped: 0, Time elapsed: 0.599 sec
Running io.netty.test.udt.nio.NioUdtByteRendezvousChannelTest
56.904 [ main] DEBUG .i.l.Slf4JLogger debug             71 - Using SLF4J as the default logging framework
56.911 [ main] INFO   c.b.u.SocketUDT <clinit>         130 - library location : ./lib/bin
56.911 [ main] INFO   c.b.u.SocketUDT <clinit>         134 - loader provider  : com.barchart.udt.lib.LibraryLoaderUDT
56.912 [ main] INFO  l.PluginPropsUDT <clinit>          82 - ARCH/OS/LINK = amd64/Linux/gpp
56.912 [ main] DEBUG l.PluginPropsUDT <clinit>          84 - Loading aol.properties.
56.916 [ main] INFO  LibraryLoaderUDT load              39 - Platform supported.
56.917 [ main] INFO  LibraryLoaderUDT load              49 - Loading release libraries.
56.919 [ main] DEBUG sourceManagerUDT extractResource   74 - sourceURL=jar:file:/home/travis/.m2/repository/com/barchart/udt/barchart-udt-bundle/2.2.2/barchart-udt-bundle-2.2.2.jar!/lib/amd64-Linux-gpp/jni/libbarchart-udt-core-2.2.2-SNAPSHOT.so 
56.920 [ main] DEBUG sourceManagerUDT extractResource   85 - targetFile=/home/travis/build/netty/netty/transport-udt/./lib/bin/lib/amd64-Linux-gpp/jni/libbarchart-udt-core-2.2.2-SNAPSHOT.so 
56.920 [ main] DEBUG sourceManagerUDT extractResource   88 - targetFolder=/home/travis/build/netty/netty/transport-udt/./lib/bin/lib/amd64-Linux-gpp/jni 
56.920 [ main] DEBUG sourceManagerUDT sureTargetFolder 138 - found folder=/home/travis/build/netty/netty/transport-udt/./lib/bin/lib/amd64-Linux-gpp/jni
56.927 [ main] DEBUG sourceManagerUDT extractResource   95 - already extracted; sourcePath=/lib/amd64-Linux-gpp/jni/libbarchart-udt-core-2.2.2-SNAPSHOT.so targetPath=./lib/bin/lib/amd64-Linux-gpp/jni/libbarchart-udt-core-2.2.2-SNAPSHOT.so
57.029 [ main] INFO  LibraryLoaderUDT load              51 - Release libraries loaded.
57.033 [ main] DEBUG  c.b.u.SocketUDT <clinit>         163 - native library load & init OK
57.033 [ main] INFO  .i.l.Slf4JLogger info             101 - Class load and init success.
57.222 [ead-0] DEBUG .i.l.Slf4JLogger debug             76 - Generated: io.netty.util.internal.__matchers__.java.lang.ObjectMatcher
57.229 [ead-0] DEBUG .i.l.Slf4JLogger debug             71 - Resource leak detection enabled.
57.267 [ead-0] DEBUG  c.b.u.SocketUDT <init>           536 - init : [id: 0x38620488] DATAGRAM INIT bind=null:0 peer=null:0
57.271 [ead-0] DEBUG  c.b.u.SocketUDT <init>           536 - init : [id: 0x38620487] DATAGRAM INIT bind=null:0 peer=null:0
57.279 [ead-0] DEBUG  c.b.u.SocketUDT <init>           536 - init : [id: 0x38620486] STREAM INIT bind=null:0 peer=null:0
57.322 [eer-1] DEBUG .i.l.Slf4JLogger debug             71 - Using select timeout of 500
57.322 [eer-1] DEBUG .i.l.Slf4JLogger debug             71 - Epoll-bug workaround enabled = false
57.836 [ead-0] DEBUG  c.b.u.SocketUDT <init>           536 - init : [id: 0x38620485] STREAM INIT bind=null:0 peer=null:0
58.342 [ead-0] INFO  .i.l.Slf4JLogger info             111 - progress : 0 0
58.365 [eer-1] INFO  .i.l.Slf4JLogger info             106 - ECHO active 
	[id: 0x38620486]
	0) Maximum_Transfer_Unit = 1,500
	1) Is_Send_Synchronous = false
	2) Is_Receive_Synchronous = false
	3) Custom_Congestion_Control = null
	4) Flight_Window_Size = 25,600 (25 K)
	5) Protocol_Send_Buffer_Size = 10,485,056
	6) Protocol_Receive_Buffer_Size = 10,485,056
	7) Time_To_Linger_On_Close = 0
	8) System_Send_Buffer_Size = 1,048,576
	9) System_Receive_Buffer_Size = 1,048,576
	12) Is_Randezvous_Connect_Enabled = true
	13) Send_Timeout = -1
	14) Receive_Timeout = -1
	15) Is_Address_Reuse_Enabled = true
	16) Maximum_Bandwidth = -1
	17) Status_Code = 5
	18) Epoll_Event_Mask = 4
	19) Send_Buffer_Consumed = 0
	20) Receive_Buffer_Available = 0
58.376 [eer-3] INFO  .i.l.Slf4JLogger info             106 - ECHO active 
	[id: 0x38620485]
	0) Maximum_Transfer_Unit = 1,500
	1) Is_Send_Synchronous = false
	2) Is_Receive_Synchronous = false
	3) Custom_Congestion_Control = null
	4) Flight_Window_Size = 25,600 (25 K)
	5) Protocol_Send_Buffer_Size = 10,485,056
	6) Protocol_Receive_Buffer_Size = 10,485,056
	7) Time_To_Linger_On_Close = 0
	8) System_Send_Buffer_Size = 1,048,576
	9) System_Receive_Buffer_Size = 1,048,576
	12) Is_Randezvous_Connect_Enabled = true
	13) Send_Timeout = -1
	14) Receive_Timeout = -1
	15) Is_Address_Reuse_Enabled = true
	16) Maximum_Bandwidth = -1
	17) Status_Code = 5
	18) Epoll_Event_Mask = 4
	19) Send_Buffer_Consumed = 0
	20) Receive_Buffer_Available = 0
59.342 [ead-0] INFO  .i.l.Slf4JLogger info             111 - progress : 186384 186384
00.343 [ead-0] INFO  .i.l.Slf4JLogger info             111 - progress : 397568 397568
01.344 [ead-0] INFO  .i.l.Slf4JLogger info             111 - progress : 798064 798064
02.348 [eer-1] DEBUG  c.b.u.SocketUDT close            609 - done : [id: 0x38620486] STREAM CLOSED bind=null:0 peer=null:0
02.349 [eer-1] DEBUG .u.n.SelectorUDT cancel           149 - cancel queue [id: 0x38620486] poll=READ ready=--R- inter=--R- STREAM RENDEZVOUS CLOSED bind=null:0 peer=null:0
02.351 [eer-1] DEBUG .u.n.SelectorUDT cancel           149 - cancel queue [id: 0x38620486] poll=READ ready=--R- inter=--R- STREAM RENDEZVOUS CLOSED bind=null:0 peer=null:0
02.353 [eer-1] DEBUG .u.n.SelectorUDT doCancel         171 - cancel apply [id: 0x38620486] poll=READ ready=--R- inter=--R- STREAM RENDEZVOUS CLOSED bind=null:0 peer=null:0
02.358 [eer-3] DEBUG .u.n.SelectorUDT cancel           149 - cancel queue [id: 0x38620485] poll=READ ready=--R- inter=--R- STREAM RENDEZVOUS BROKEN bind=null:0 peer=null:0
02.359 [ead-0] INFO  .i.l.Slf4JLogger info             106 - handler1 : 1427216
02.359 [ead-0] INFO  .i.l.Slf4JLogger info             106 - handler2 : 1427216
02.359 [eer-3] DEBUG .u.n.SelectorUDT cancel           149 - cancel queue [id: 0x38620485] poll=READ ready=--R- inter=--R- STREAM RENDEZVOUS BROKEN bind=null:0 peer=null:0
02.361 [eer-3] DEBUG .u.n.SelectorUDT doCancel         171 - cancel apply [id: 0x38620485] poll=READ ready=--R- inter=--R- STREAM RENDEZVOUS BROKEN bind=null:0 peer=null:0
02.362 [ main] DEBUG  c.b.u.SocketUDT <init>           536 - init : [id: 0x38620484] STREAM INIT bind=null:0 peer=null:0
Tests run: 2, Failures: 0, Errors: 0, Skipped: 0, Time elapsed: 5.766 sec
Running io.netty.test.udt.nio.NioUdtProviderTest
02.841 [ main] DEBUG .i.l.Slf4JLogger debug             71 - Using SLF4J as the default logging framework
02.848 [ main] INFO   c.b.u.SocketUDT <clinit>         130 - library location : ./lib/bin
02.848 [ main] INFO   c.b.u.SocketUDT <clinit>         134 - loader provider  : com.barchart.udt.lib.LibraryLoaderUDT
02.849 [ main] INFO  l.PluginPropsUDT <clinit>          82 - ARCH/OS/LINK = amd64/Linux/gpp
02.849 [ main] DEBUG l.PluginPropsUDT <clinit>          84 - Loading aol.properties.
02.853 [ main] INFO  LibraryLoaderUDT load              39 - Platform supported.
02.853 [ main] INFO  LibraryLoaderUDT load              49 - Loading release libraries.
02.856 [ main] DEBUG sourceManagerUDT extractResource   74 - sourceURL=jar:file:/home/travis/.m2/repository/com/barchart/udt/barchart-udt-bundle/2.2.2/barchart-udt-bundle-2.2.2.jar!/lib/amd64-Linux-gpp/jni/libbarchart-udt-core-2.2.2-SNAPSHOT.so 
02.857 [ main] DEBUG sourceManagerUDT extractResource   85 - targetFile=/home/travis/build/netty/netty/transport-udt/./lib/bin/lib/amd64-Linux-gpp/jni/libbarchart-udt-core-2.2.2-SNAPSHOT.so 
02.857 [ main] DEBUG sourceManagerUDT extractResource   88 - targetFolder=/home/travis/build/netty/netty/transport-udt/./lib/bin/lib/amd64-Linux-gpp/jni 
02.857 [ main] DEBUG sourceManagerUDT sureTargetFolder 138 - found folder=/home/travis/build/netty/netty/transport-udt/./lib/bin/lib/amd64-Linux-gpp/jni
02.863 [ main] DEBUG sourceManagerUDT extractResource   95 - already extracted; sourcePath=/lib/amd64-Linux-gpp/jni/libbarchart-udt-core-2.2.2-SNAPSHOT.so targetPath=./lib/bin/lib/amd64-Linux-gpp/jni/libbarchart-udt-core-2.2.2-SNAPSHOT.so
02.965 [ main] INFO  LibraryLoaderUDT load              51 - Release libraries loaded.
02.968 [ main] DEBUG  c.b.u.SocketUDT <clinit>         163 - native library load & init OK
02.968 [ main] INFO  .i.l.Slf4JLogger info             101 - Class load and init success.
03.067 [ main] DEBUG .i.l.Slf4JLogger debug             76 - Generated: io.netty.util.internal.__matchers__.java.lang.ObjectMatcher
03.077 [ main] DEBUG  c.b.u.SocketUDT <init>           536 - init : [id: 0x0d5f6179] STREAM INIT bind=null:0 peer=null:0
03.096 [ main] DEBUG .i.l.Slf4JLogger debug             71 - Resource leak detection enabled.
03.114 [ main] DEBUG  c.b.u.SocketUDT <init>           536 - init : [id: 0x0d5f6178] STREAM INIT bind=null:0 peer=null:0
03.118 [ main] DEBUG  c.b.u.SocketUDT <init>           536 - init : [id: 0x0d5f6177] STREAM INIT bind=null:0 peer=null:0
03.119 [ main] DEBUG  c.b.u.SocketUDT <init>           536 - init : [id: 0x0d5f6176] DATAGRAM INIT bind=null:0 peer=null:0
03.120 [ main] DEBUG  c.b.u.SocketUDT <init>           536 - init : [id: 0x0d5f6175] DATAGRAM INIT bind=null:0 peer=null:0
03.121 [ main] DEBUG  c.b.u.SocketUDT <init>           536 - init : [id: 0x0d5f6174] DATAGRAM INIT bind=null:0 peer=null:0
03.122 [ main] DEBUG  c.b.u.SocketUDT <init>           536 - init : [id: 0x0d5f6173] STREAM INIT bind=null:0 peer=null:0
03.123 [ main] DEBUG  c.b.u.SocketUDT <init>           536 - init : [id: 0x0d5f6172] DATAGRAM INIT bind=null:0 peer=null:0
Tests run: 1, Failures: 0, Errors: 0, Skipped: 0, Time elapsed: 0.575 sec
Running io.netty.test.udt.nio.NioUdtByteAcceptorChannelTest
03.629 [ main] DEBUG .i.l.Slf4JLogger debug             71 - Using SLF4J as the default logging framework
03.636 [ main] INFO   c.b.u.SocketUDT <clinit>         130 - library location : ./lib/bin
03.637 [ main] INFO   c.b.u.SocketUDT <clinit>         134 - loader provider  : com.barchart.udt.lib.LibraryLoaderUDT
03.638 [ main] INFO  l.PluginPropsUDT <clinit>          82 - ARCH/OS/LINK = amd64/Linux/gpp
03.638 [ main] DEBUG l.PluginPropsUDT <clinit>          84 - Loading aol.properties.
03.642 [ main] INFO  LibraryLoaderUDT load              39 - Platform supported.
03.642 [ main] INFO  LibraryLoaderUDT load              49 - Loading release libraries.
03.645 [ main] DEBUG sourceManagerUDT extractResource   74 - sourceURL=jar:file:/home/travis/.m2/repository/com/barchart/udt/barchart-udt-bundle/2.2.2/barchart-udt-bundle-2.2.2.jar!/lib/amd64-Linux-gpp/jni/libbarchart-udt-core-2.2.2-SNAPSHOT.so 
03.646 [ main] DEBUG sourceManagerUDT extractResource   85 - targetFile=/home/travis/build/netty/netty/transport-udt/./lib/bin/lib/amd64-Linux-gpp/jni/libbarchart-udt-core-2.2.2-SNAPSHOT.so 
03.646 [ main] DEBUG sourceManagerUDT extractResource   88 - targetFolder=/home/travis/build/netty/netty/transport-udt/./lib/bin/lib/amd64-Linux-gpp/jni 
03.646 [ main] DEBUG sourceManagerUDT sureTargetFolder 138 - found folder=/home/travis/build/netty/netty/transport-udt/./lib/bin/lib/amd64-Linux-gpp/jni
03.653 [ main] DEBUG sourceManagerUDT extractResource   95 - already extracted; sourcePath=/lib/amd64-Linux-gpp/jni/libbarchart-udt-core-2.2.2-SNAPSHOT.so targetPath=./lib/bin/lib/amd64-Linux-gpp/jni/libbarchart-udt-core-2.2.2-SNAPSHOT.so
03.755 [ main] INFO  LibraryLoaderUDT load              51 - Release libraries loaded.
03.758 [ main] DEBUG  c.b.u.SocketUDT <clinit>         163 - native library load & init OK
03.758 [ main] INFO  .i.l.Slf4JLogger info             101 - Class load and init success.
03.856 [ main] DEBUG .i.l.Slf4JLogger debug             76 - Generated: io.netty.util.internal.__matchers__.java.lang.ObjectMatcher
03.868 [ main] DEBUG  c.b.u.SocketUDT <init>           536 - init : [id: 0x0d6e9866] STREAM INIT bind=null:0 peer=null:0
03.888 [ main] DEBUG .i.l.Slf4JLogger debug             71 - Resource leak detection enabled.
Tests run: 1, Failures: 0, Errors: 0, Skipped: 0, Time elapsed: 0.591 sec
Running io.netty.test.udt.nio.NioUdtMessageConnectorChannelTest
04.413 [ main] DEBUG .i.l.Slf4JLogger debug             71 - Using SLF4J as the default logging framework
04.421 [ main] INFO   c.b.u.SocketUDT <clinit>         130 - library location : ./lib/bin
04.421 [ main] INFO   c.b.u.SocketUDT <clinit>         134 - loader provider  : com.barchart.udt.lib.LibraryLoaderUDT
04.423 [ main] INFO  l.PluginPropsUDT <clinit>          82 - ARCH/OS/LINK = amd64/Linux/gpp
04.423 [ main] DEBUG l.PluginPropsUDT <clinit>          84 - Loading aol.properties.
04.427 [ main] INFO  LibraryLoaderUDT load              39 - Platform supported.
04.428 [ main] INFO  LibraryLoaderUDT load              49 - Loading release libraries.
04.431 [ main] DEBUG sourceManagerUDT extractResource   74 - sourceURL=jar:file:/home/travis/.m2/repository/com/barchart/udt/barchart-udt-bundle/2.2.2/barchart-udt-bundle-2.2.2.jar!/lib/amd64-Linux-gpp/jni/libbarchart-udt-core-2.2.2-SNAPSHOT.so 
04.431 [ main] DEBUG sourceManagerUDT extractResource   85 - targetFile=/home/travis/build/netty/netty/transport-udt/./lib/bin/lib/amd64-Linux-gpp/jni/libbarchart-udt-core-2.2.2-SNAPSHOT.so 
04.432 [ main] DEBUG sourceManagerUDT extractResource   88 - targetFolder=/home/travis/build/netty/netty/transport-udt/./lib/bin/lib/amd64-Linux-gpp/jni 
04.432 [ main] DEBUG sourceManagerUDT sureTargetFolder 138 - found folder=/home/travis/build/netty/netty/transport-udt/./lib/bin/lib/amd64-Linux-gpp/jni
04.439 [ main] DEBUG sourceManagerUDT extractResource   95 - already extracted; sourcePath=/lib/amd64-Linux-gpp/jni/libbarchart-udt-core-2.2.2-SNAPSHOT.so targetPath=./lib/bin/lib/amd64-Linux-gpp/jni/libbarchart-udt-core-2.2.2-SNAPSHOT.so
04.541 [ main] INFO  LibraryLoaderUDT load              51 - Release libraries loaded.
04.545 [ main] DEBUG  c.b.u.SocketUDT <clinit>         163 - native library load & init OK
04.545 [ main] INFO  .i.l.Slf4JLogger info             101 - Class load and init success.
04.655 [ main] DEBUG .i.l.Slf4JLogger debug             76 - Generated: io.netty.util.internal.__matchers__.java.lang.ObjectMatcher
04.668 [ main] DEBUG  c.b.u.SocketUDT <init>           536 - init : [id: 0x3f0522c5] DATAGRAM INIT bind=null:0 peer=null:0
04.692 [ main] DEBUG .i.l.Slf4JLogger debug             71 - Resource leak detection enabled.
Tests run: 1, Failures: 0, Errors: 0, Skipped: 0, Time elapsed: 0.619 sec
Running io.netty.test.udt.nio.NioUdtByteConnectorChannelTest
05.219 [ main] DEBUG .i.l.Slf4JLogger debug             71 - Using SLF4J as the default logging framework
05.226 [ main] INFO   c.b.u.SocketUDT <clinit>         130 - library location : ./lib/bin
05.227 [ main] INFO   c.b.u.SocketUDT <clinit>         134 - loader provider  : com.barchart.udt.lib.LibraryLoaderUDT
05.228 [ main] INFO  l.PluginPropsUDT <clinit>          82 - ARCH/OS/LINK = amd64/Linux/gpp
05.228 [ main] DEBUG l.PluginPropsUDT <clinit>          84 - Loading aol.properties.
05.232 [ main] INFO  LibraryLoaderUDT load              39 - Platform supported.
05.232 [ main] INFO  LibraryLoaderUDT load              49 - Loading release libraries.
05.235 [ main] DEBUG sourceManagerUDT extractResource   74 - sourceURL=jar:file:/home/travis/.m2/repository/com/barchart/udt/barchart-udt-bundle/2.2.2/barchart-udt-bundle-2.2.2.jar!/lib/amd64-Linux-gpp/jni/libbarchart-udt-core-2.2.2-SNAPSHOT.so 
05.236 [ main] DEBUG sourceManagerUDT extractResource   85 - targetFile=/home/travis/build/netty/netty/transport-udt/./lib/bin/lib/amd64-Linux-gpp/jni/libbarchart-udt-core-2.2.2-SNAPSHOT.so 
05.236 [ main] DEBUG sourceManagerUDT extractResource   88 - targetFolder=/home/travis/build/netty/netty/transport-udt/./lib/bin/lib/amd64-Linux-gpp/jni 
05.236 [ main] DEBUG sourceManagerUDT sureTargetFolder 138 - found folder=/home/travis/build/netty/netty/transport-udt/./lib/bin/lib/amd64-Linux-gpp/jni
05.242 [ main] DEBUG sourceManagerUDT extractResource   95 - already extracted; sourcePath=/lib/amd64-Linux-gpp/jni/libbarchart-udt-core-2.2.2-SNAPSHOT.so targetPath=./lib/bin/lib/amd64-Linux-gpp/jni/libbarchart-udt-core-2.2.2-SNAPSHOT.so
05.344 [ main] INFO  LibraryLoaderUDT load              51 - Release libraries loaded.
05.349 [ main] DEBUG  c.b.u.SocketUDT <clinit>         163 - native library load & init OK
05.349 [ main] INFO  .i.l.Slf4JLogger info             101 - Class load and init success.
05.456 [ main] DEBUG .i.l.Slf4JLogger debug             76 - Generated: io.netty.util.internal.__matchers__.java.lang.ObjectMatcher
05.469 [ main] DEBUG  c.b.u.SocketUDT <init>           536 - init : [id: 0x006c76e7] STREAM INIT bind=null:0 peer=null:0
05.495 [ main] DEBUG .i.l.Slf4JLogger debug             71 - Resource leak detection enabled.
Tests run: 1, Failures: 0, Errors: 0, Skipped: 0, Time elapsed: 0.621 sec

Results :

Tests run: 9, Failures: 0, Errors: 0, Skipped: 0

[INFO]                                                                         
[INFO] ------------------------------------------------------------------------
[INFO] Building Netty/Example 4.0.0.Beta3-SNAPSHOT
[INFO] ------------------------------------------------------------------------
[INFO] 
[INFO] --- maven-enforcer-plugin:1.1:enforce (enforce-maven) @ netty-example ---
[INFO] 
[INFO] --- maven-enforcer-plugin:1.1:enforce (enforce-tools) @ netty-example ---
[INFO] 
[INFO] --- maven-checkstyle-plugin:2.9.1:check (check-style) @ netty-example ---
[INFO] Starting audit...
Audit done.

[INFO] 
[INFO] --- maven-resources-plugin:2.5:resources (default-resources) @ netty-example ---
[debug] execute contextualize
[INFO] Using 'UTF-8' encoding to copy filtered resources.
[INFO] Copying 3 resources
[INFO] 
[INFO] --- maven-compiler-plugin:2.5.1:compile (default-compile) @ netty-example ---
[INFO] Compiling 10 source files to /home/travis/build/netty/netty/example/target/classes
[INFO] 
[INFO] --- animal-sniffer-maven-plugin:1.8:check (default) @ netty-example ---
[INFO] Checking unresolved references to org.codehaus.mojo.signature:java16:1.0
[INFO] 
[INFO] --- maven-resources-plugin:2.5:testResources (default-testResources) @ netty-example ---
[debug] execute contextualize
[INFO] Using 'UTF-8' encoding to copy filtered resources.
[INFO] skip non existing resourceDirectory /home/travis/build/netty/netty/example/src/test/resources
[INFO] 
[INFO] --- maven-compiler-plugin:2.5.1:testCompile (default-testCompile) @ netty-example ---
[INFO] No sources to compile
[INFO] 
[INFO] --- maven-surefire-plugin:2.12:test (default-test) @ netty-example ---
[INFO] No tests to run.
[INFO] Surefire report directory: /home/travis/build/netty/netty/example/target/surefire-reports

-------------------------------------------------------
 T E S T S
-------------------------------------------------------

Results :

Tests run: 0, Failures: 0, Errors: 0, Skipped: 0

[INFO]                                                                         
[INFO] ------------------------------------------------------------------------
[INFO] Building Netty/Testsuite 4.0.0.Beta3-SNAPSHOT
[INFO] ------------------------------------------------------------------------
[INFO] 
[INFO] --- maven-enforcer-plugin:1.1:enforce (enforce-maven) @ netty-testsuite ---
[INFO] 
[INFO] --- maven-enforcer-plugin:1.1:enforce (enforce-tools) @ netty-testsuite ---
[INFO] 
[INFO] --- maven-checkstyle-plugin:2.9.1:check (check-style) @ netty-testsuite ---
[INFO] Starting audit...
Audit done.

[INFO] 
[INFO] --- maven-resources-plugin:2.5:resources (default-resources) @ netty-testsuite ---
[debug] execute contextualize
[INFO] Using 'UTF-8' encoding to copy filtered resources.
[INFO] skip non existing resourceDirectory /home/travis/build/netty/netty/testsuite/src/main/resources
[INFO] 
[INFO] --- maven-compiler-plugin:2.5.1:compile (default-compile) @ netty-testsuite ---
[INFO] No sources to compile
[INFO] 
[INFO] --- animal-sniffer-maven-plugin:1.8:check (default) @ netty-testsuite ---
[INFO] Checking unresolved references to org.codehaus.mojo.signature:java16:1.0
[INFO] 
[INFO] --- maven-resources-plugin:2.5:testResources (default-testResources) @ netty-testsuite ---
[debug] execute contextualize
[INFO] Using 'UTF-8' encoding to copy filtered resources.
[INFO] skip non existing resourceDirectory /home/travis/build/netty/netty/testsuite/src/test/resources
[INFO] 
[INFO] --- maven-compiler-plugin:2.5.1:testCompile (default-testCompile) @ netty-testsuite ---
[INFO] Nothing to compile - all classes are up to date
[INFO] 
[INFO] --- maven-surefire-plugin:2.12:test (default-test) @ netty-testsuite ---
[INFO] Surefire report directory: /home/travis/build/netty/netty/testsuite/target/surefire-reports

-------------------------------------------------------
 T E S T S
-------------------------------------------------------
Running io.netty.testsuite.transport.socket.SocketSslEchoTest
00:25:09.047 [main] DEBUG i.n.u.i.l.InternalLoggerFactory - Using SLF4J as the default logging framework
00:25:09.139 [main] DEBUG i.n.u.i.JavassistTypeParameterMatcherGenerator - Generated: io.netty.util.internal.__matchers__.java.lang.ObjectMatcher
00:25:09.267 [main] INFO  i.n.t.t.socket.SocketSslEchoTest - Running: testSslEcho 1 of 8 (ServerBootstrap(group: NioEventLoopGroup, channelFactory: NioServerSocketChannel.class, localAddress: testing-bluebox-linux-4-18988-linux-4/199.91.171.245:64407, childGroup: NioEventLoopGroup) + Bootstrap(group: NioEventLoopGroup, channelFactory: NioSocketChannel.class, remoteAddress: testing-bluebox-linux-4-18988-linux-4/199.91.171.245:64407))
00:25:09.558 [main] DEBUG io.netty.util.ResourceLeakDetector - Resource leak detection enabled.
00:25:09.576 [nioEventLoopGroup-1-2] DEBUG io.netty.channel.nio.SelectorUtil - Using select timeout of 500
00:25:09.576 [nioEventLoopGroup-1-2] DEBUG io.netty.channel.nio.SelectorUtil - Epoll-bug workaround enabled = false
00:25:09.879 [nioEventLoopGroup-3-2] DEBUG io.netty.handler.ssl.SslHandler - Swallowing a harmless 'connection reset by peer / broken pipe' error that occurred while writing close_notify in response to the peer's close_notify
java.io.IOException: Connection reset by peer
	at sun.nio.ch.FileDispatcherImpl.read0(Native Method) ~[na:1.7.0_17]
	at sun.nio.ch.SocketDispatcher.read(SocketDispatcher.java:39) ~[na:1.7.0_17]
	at sun.nio.ch.IOUtil.readIntoNativeBuffer(IOUtil.java:225) ~[na:1.7.0_17]
	at sun.nio.ch.IOUtil.read(IOUtil.java:193) ~[na:1.7.0_17]
	at sun.nio.ch.SocketChannelImpl.read(SocketChannelImpl.java:359) ~[na:1.7.0_17]
	at io.netty.buffer.PooledUnsafeDirectByteBuf.setBytes(PooledUnsafeDirectByteBuf.java:259) ~[classes/:na]
	at io.netty.buffer.AbstractByteBuf.writeBytes(AbstractByteBuf.java:885) ~[classes/:na]
	at io.netty.channel.socket.nio.NioSocketChannel.doReadBytes(NioSocketChannel.java:226) ~[classes/:na]
	at io.netty.channel.nio.AbstractNioByteChannel$NioByteUnsafe.read(AbstractNioByteChannel.java:72) ~[classes/:na]
	at io.netty.channel.nio.NioEventLoop.processSelectedKey(NioEventLoop.java:401) [classes/:na]
	at io.netty.channel.nio.NioEventLoop.processSelectedKeys(NioEventLoop.java:365) [classes/:na]
	at io.netty.channel.nio.NioEventLoop.run(NioEventLoop.java:302) [classes/:na]
	at io.netty.util.concurrent.SingleThreadEventExecutor$2.run(SingleThreadEventExecutor.java:111) [classes/:na]
	at java.lang.Thread.run(Thread.java:722) [na:1.7.0_17]
00:25:09.951 [main] INFO  i.n.t.t.socket.SocketSslEchoTest - Running: testSslEcho 2 of 8 (ServerBootstrap(group: NioEventLoopGroup, channelFactory: NioServerSocketChannel.class, localAddress: testing-bluebox-linux-4-18988-linux-4/199.91.171.245:58992, childGroup: NioEventLoopGroup) + Bootstrap(group: AioEventLoopGroup, channelFactory: AioSocketChannel.class, remoteAddress: testing-bluebox-linux-4-18988-linux-4/199.91.171.245:58992))
00:25:10.223 [main] INFO  i.n.t.t.socket.SocketSslEchoTest - Running: testSslEcho 3 of 8 (ServerBootstrap(group: NioEventLoopGroup, channelFactory: NioServerSocketChannel.class, localAddress: testing-bluebox-linux-4-18988-linux-4/199.91.171.245:33999, childGroup: NioEventLoopGroup) + Bootstrap(group: OioEventLoopGroup, channelFactory: OioSocketChannel.class, remoteAddress: testing-bluebox-linux-4-18988-linux-4/199.91.171.245:33999))
00:25:10.407 [main] INFO  i.n.t.t.socket.SocketSslEchoTest - Running: testSslEcho 4 of 8 (ServerBootstrap(group: AioEventLoopGroup, channelFactory: AioServerSocketChannel.class, localAddress: testing-bluebox-linux-4-18988-linux-4/199.91.171.245:62896, childGroup: AioEventLoopGroup) + Bootstrap(group: NioEventLoopGroup, channelFactory: NioSocketChannel.class, remoteAddress: testing-bluebox-linux-4-18988-linux-4/199.91.171.245:62896))
00:25:10.650 [main] INFO  i.n.t.t.socket.SocketSslEchoTest - Running: testSslEcho 5 of 8 (ServerBootstrap(group: AioEventLoopGroup, channelFactory: AioServerSocketChannel.class, localAddress: testing-bluebox-linux-4-18988-linux-4/199.91.171.245:49523, childGroup: AioEventLoopGroup) + Bootstrap(group: AioEventLoopGroup, channelFactory: AioSocketChannel.class, remoteAddress: testing-bluebox-linux-4-18988-linux-4/199.91.171.245:49523))
00:25:10.843 [main] INFO  i.n.t.t.socket.SocketSslEchoTest - Running: testSslEcho 6 of 8 (ServerBootstrap(group: AioEventLoopGroup, channelFactory: AioServerSocketChannel.class, localAddress: testing-bluebox-linux-4-18988-linux-4/199.91.171.245:46972, childGroup: AioEventLoopGroup) + Bootstrap(group: OioEventLoopGroup, channelFactory: OioSocketChannel.class, remoteAddress: testing-bluebox-linux-4-18988-linux-4/199.91.171.245:46972))
00:25:11.075 [main] INFO  i.n.t.t.socket.SocketSslEchoTest - Running: testSslEcho 7 of 8 (ServerBootstrap(group: OioEventLoopGroup, channelFactory: OioServerSocketChannel.class, localAddress: testing-bluebox-linux-4-18988-linux-4/199.91.171.245:46528, childGroup: OioEventLoopGroup) + Bootstrap(group: NioEventLoopGroup, channelFactory: NioSocketChannel.class, remoteAddress: testing-bluebox-linux-4-18988-linux-4/199.91.171.245:46528))
00:25:13.112 [main] INFO  i.n.t.t.socket.SocketSslEchoTest - Running: testSslEcho 8 of 8 (ServerBootstrap(group: OioEventLoopGroup, channelFactory: OioServerSocketChannel.class, localAddress: testing-bluebox-linux-4-18988-linux-4/199.91.171.245:64140, childGroup: OioEventLoopGroup) + Bootstrap(group: AioEventLoopGroup, channelFactory: AioSocketChannel.class, remoteAddress: testing-bluebox-linux-4-18988-linux-4/199.91.171.245:64140))
00:25:15.148 [main] INFO  i.n.t.t.socket.SocketSslEchoTest - Running: testSslEchoWithChunkHandler 1 of 8 (ServerBootstrap(group: NioEventLoopGroup, channelFactory: NioServerSocketChannel.class, localAddress: testing-bluebox-linux-4-18988-linux-4/199.91.171.245:63864, childGroup: NioEventLoopGroup) + Bootstrap(group: NioEventLoopGroup, channelFactory: NioSocketChannel.class, remoteAddress: testing-bluebox-linux-4-18988-linux-4/199.91.171.245:63864))
00:25:15.318 [main] INFO  i.n.t.t.socket.SocketSslEchoTest - Running: testSslEchoWithChunkHandler 2 of 8 (ServerBootstrap(group: NioEventLoopGroup, channelFactory: NioServerSocketChannel.class, localAddress: testing-bluebox-linux-4-18988-linux-4/199.91.171.245:47781, childGroup: NioEventLoopGroup) + Bootstrap(group: AioEventLoopGroup, channelFactory: AioSocketChannel.class, remoteAddress: testing-bluebox-linux-4-18988-linux-4/199.91.171.245:47781))
00:25:15.517 [aioEventLoopGroup-24-2] DEBUG io.netty.handler.ssl.SslHandler - Swallowing a harmless 'connection reset by peer / broken pipe' error that occurred while writing close_notify in response to the peer's close_notify
java.io.IOException: Connection reset by peer
	at sun.nio.ch.FileDispatcherImpl.read0(Native Method) ~[na:1.7.0_17]
	at sun.nio.ch.SocketDispatcher.read(SocketDispatcher.java:39) ~[na:1.7.0_17]
	at sun.nio.ch.IOUtil.readIntoNativeBuffer(IOUtil.java:225) ~[na:1.7.0_17]
	at sun.nio.ch.IOUtil.read(IOUtil.java:193) ~[na:1.7.0_17]
	at sun.nio.ch.UnixAsynchronousSocketChannelImpl.implRead(UnixAsynchronousSocketChannelImpl.java:508) ~[na:1.7.0_17]
	at sun.nio.ch.AsynchronousSocketChannelImpl.read(AsynchronousSocketChannelImpl.java:272) [na:1.7.0_17]
	at sun.nio.ch.AsynchronousSocketChannelImpl.read(AsynchronousSocketChannelImpl.java:293) [na:1.7.0_17]
	at io.netty.channel.socket.aio.AioSocketChannel.doBeginRead(AioSocketChannel.java:335) [classes/:na]
	at io.netty.channel.AbstractChannel$AbstractUnsafe.beginRead(AbstractChannel.java:778) [classes/:na]
	at io.netty.channel.DefaultChannelPipeline$HeadHandler.read(DefaultChannelPipeline.java:1274) [classes/:na]
	at io.netty.channel.DefaultChannelHandlerContext.invokeRead0(DefaultChannelHandlerContext.java:1253) [classes/:na]
	at io.netty.channel.DefaultChannelHandlerContext.invokeRead(DefaultChannelHandlerContext.java:1236) [classes/:na]
	at io.netty.channel.DefaultChannelHandlerContext.read(DefaultChannelHandlerContext.java:1230) [classes/:na]
	at io.netty.handler.ssl.SslHandler.read(SslHandler.java:426) [classes/:na]
	at io.netty.channel.DefaultChannelHandlerContext.invokeRead0(DefaultChannelHandlerContext.java:1253) [classes/:na]
	at io.netty.channel.DefaultChannelHandlerContext.invokeRead(DefaultChannelHandlerContext.java:1236) [classes/:na]
	at io.netty.channel.DefaultChannelHandlerContext.read(DefaultChannelHandlerContext.java:1230) [classes/:na]
	at io.netty.handler.stream.ChunkedWriteHandler.read(ChunkedWriteHandler.java:143) [classes/:na]
	at io.netty.channel.DefaultChannelHandlerContext.invokeRead0(DefaultChannelHandlerContext.java:1253) [classes/:na]
	at io.netty.channel.DefaultChannelHandlerContext.invokeRead(DefaultChannelHandlerContext.java:1236) [classes/:na]
	at io.netty.channel.DefaultChannelHandlerContext.read(DefaultChannelHandlerContext.java:1230) [classes/:na]
	at io.netty.channel.DefaultChannelPipeline.read(DefaultChannelPipeline.java:1054) [classes/:na]
	at io.netty.channel.DefaultChannelPipeline.fireChannelReadSuspended(DefaultChannelPipeline.java:977) [classes/:na]
	at io.netty.channel.socket.aio.AioSocketChannel$ReadHandler.completed0(AioSocketChannel.java:483) [classes/:na]
	at io.netty.channel.socket.aio.AioSocketChannel$ReadHandler.completed0(AioSocketChannel.java:423) [classes/:na]
	at io.netty.channel.aio.AioCompletionHandler$3.run(AioCompletionHandler.java:77) [classes/:na]
	at io.netty.channel.aio.AioEventLoop.run(AioEventLoop.java:82) [classes/:na]
	at io.netty.util.concurrent.SingleThreadEventExecutor$2.run(SingleThreadEventExecutor.java:111) [classes/:na]
	at java.lang.Thread.run(Thread.java:722) [na:1.7.0_17]
00:25:15.548 [main] INFO  i.n.t.t.socket.SocketSslEchoTest - Running: testSslEchoWithChunkHandler 3 of 8 (ServerBootstrap(group: NioEventLoopGroup, channelFactory: NioServerSocketChannel.class, localAddress: testing-bluebox-linux-4-18988-linux-4/199.91.171.245:52036, childGroup: NioEventLoopGroup) + Bootstrap(group: OioEventLoopGroup, channelFactory: OioSocketChannel.class, remoteAddress: testing-bluebox-linux-4-18988-linux-4/199.91.171.245:52036))
00:25:15.693 [pool-8-thread-2] DEBUG io.netty.handler.ssl.SslHandler - Swallowing a harmless 'connection reset by peer / broken pipe' error that occurred while writing close_notify in response to the peer's close_notify
java.net.SocketException: Connection reset
	at java.net.SocketInputStream.read(SocketInputStream.java:189) ~[na:1.7.0_17]
	at java.net.SocketInputStream.read(SocketInputStream.java:121) ~[na:1.7.0_17]
	at java.net.SocketInputStream.read(SocketInputStream.java:107) ~[na:1.7.0_17]
	at io.netty.buffer.PooledUnsafeDirectByteBuf.setBytes(PooledUnsafeDirectByteBuf.java:245) ~[classes/:na]
	at io.netty.buffer.AbstractByteBuf.writeBytes(AbstractByteBuf.java:874) ~[classes/:na]
	at io.netty.channel.oio.OioByteStreamChannel.doReadBytes(OioByteStreamChannel.java:93) ~[classes/:na]
	at io.netty.channel.socket.oio.OioSocketChannel.doReadBytes(OioSocketChannel.java:139) ~[classes/:na]
	at io.netty.channel.oio.AbstractOioByteChannel.doRead(AbstractOioByteChannel.java:81) ~[classes/:na]
	at io.netty.channel.oio.AbstractOioChannel$1.run(AbstractOioChannel.java:39) [classes/:na]
	at io.netty.channel.oio.OioEventLoop.run(OioEventLoop.java:74) [classes/:na]
	at io.netty.util.concurrent.SingleThreadEventExecutor$2.run(SingleThreadEventExecutor.java:111) [classes/:na]
	at java.lang.Thread.run(Thread.java:722) [na:1.7.0_17]
00:25:15.719 [main] INFO  i.n.t.t.socket.SocketSslEchoTest - Running: testSslEchoWithChunkHandler 4 of 8 (ServerBootstrap(group: AioEventLoopGroup, channelFactory: AioServerSocketChannel.class, localAddress: testing-bluebox-linux-4-18988-linux-4/199.91.171.245:58711, childGroup: AioEventLoopGroup) + Bootstrap(group: NioEventLoopGroup, channelFactory: NioSocketChannel.class, remoteAddress: testing-bluebox-linux-4-18988-linux-4/199.91.171.245:58711))
00:25:15.894 [main] INFO  i.n.t.t.socket.SocketSslEchoTest - Running: testSslEchoWithChunkHandler 5 of 8 (ServerBootstrap(group: AioEventLoopGroup, channelFactory: AioServerSocketChannel.class, localAddress: testing-bluebox-linux-4-18988-linux-4/199.91.171.245:51404, childGroup: AioEventLoopGroup) + Bootstrap(group: AioEventLoopGroup, channelFactory: AioSocketChannel.class, remoteAddress: testing-bluebox-linux-4-18988-linux-4/199.91.171.245:51404))
00:25:16.077 [main] INFO  i.n.t.t.socket.SocketSslEchoTest - Running: testSslEchoWithChunkHandler 6 of 8 (ServerBootstrap(group: AioEventLoopGroup, channelFactory: AioServerSocketChannel.class, localAddress: testing-bluebox-linux-4-18988-linux-4/199.91.171.245:62246, childGroup: AioEventLoopGroup) + Bootstrap(group: OioEventLoopGroup, channelFactory: OioSocketChannel.class, remoteAddress: testing-bluebox-linux-4-18988-linux-4/199.91.171.245:62246))
00:25:16.313 [main] INFO  i.n.t.t.socket.SocketSslEchoTest - Running: testSslEchoWithChunkHandler 7 of 8 (ServerBootstrap(group: OioEventLoopGroup, channelFactory: OioServerSocketChannel.class, localAddress: testing-bluebox-linux-4-18988-linux-4/199.91.171.245:38883, childGroup: OioEventLoopGroup) + Bootstrap(group: NioEventLoopGroup, channelFactory: NioSocketChannel.class, remoteAddress: testing-bluebox-linux-4-18988-linux-4/199.91.171.245:38883))
00:25:18.339 [main] INFO  i.n.t.t.socket.SocketSslEchoTest - Running: testSslEchoWithChunkHandler 8 of 8 (ServerBootstrap(group: OioEventLoopGroup, channelFactory: OioServerSocketChannel.class, localAddress: testing-bluebox-linux-4-18988-linux-4/199.91.171.245:40242, childGroup: OioEventLoopGroup) + Bootstrap(group: AioEventLoopGroup, channelFactory: AioSocketChannel.class, remoteAddress: testing-bluebox-linux-4-18988-linux-4/199.91.171.245:40242))
Tests run: 2, Failures: 0, Errors: 0, Skipped: 0, Time elapsed: 11.51 sec
Running io.netty.testsuite.transport.socket.DatagramUnicastTest
00:25:20.371 [main] INFO  i.n.t.t.socket.DatagramUnicastTest - Running: testSimpleSend 1 of 4 (Bootstrap(group: NioEventLoopGroup, channelFactory: NioDatagramChannel.class, localAddress: testing-bluebox-linux-4-18988-linux-4/199.91.171.245:37763) + Bootstrap(group: NioEventLoopGroup, channelFactory: NioDatagramChannel.class, localAddress: 0.0.0.0/0.0.0.0:0, remoteAddress: testing-bluebox-linux-4-18988-linux-4/199.91.171.245:37763))
00:25:20.374 [main] DEBUG i.n.u.i.JavassistTypeParameterMatcherGenerator - Generated: io.netty.util.internal.__matchers__.io.netty.channel.socket.DatagramPacketMatcher
00:25:20.402 [main] INFO  i.n.t.t.socket.DatagramUnicastTest - Running: testSimpleSend 2 of 4 (Bootstrap(group: NioEventLoopGroup, channelFactory: NioDatagramChannel.class, localAddress: testing-bluebox-linux-4-18988-linux-4/199.91.171.245:42148) + Bootstrap(group: OioEventLoopGroup, channelFactory: OioDatagramChannel.class, localAddress: 0.0.0.0/0.0.0.0:0, remoteAddress: testing-bluebox-linux-4-18988-linux-4/199.91.171.245:42148))
00:25:22.421 [main] INFO  i.n.t.t.socket.DatagramUnicastTest - Running: testSimpleSend 3 of 4 (Bootstrap(group: OioEventLoopGroup, channelFactory: OioDatagramChannel.class, localAddress: testing-bluebox-linux-4-18988-linux-4/199.91.171.245:61112) + Bootstrap(group: NioEventLoopGroup, channelFactory: NioDatagramChannel.class, localAddress: 0.0.0.0/0.0.0.0:0, remoteAddress: testing-bluebox-linux-4-18988-linux-4/199.91.171.245:61112))
00:25:22.436 [main] INFO  i.n.t.t.socket.DatagramUnicastTest - Running: testSimpleSend 4 of 4 (Bootstrap(group: OioEventLoopGroup, channelFactory: OioDatagramChannel.class, localAddress: testing-bluebox-linux-4-18988-linux-4/199.91.171.245:55447) + Bootstrap(group: OioEventLoopGroup, channelFactory: OioDatagramChannel.class, localAddress: 0.0.0.0/0.0.0.0:0, remoteAddress: testing-bluebox-linux-4-18988-linux-4/199.91.171.245:55447))
Tests run: 1, Failures: 0, Errors: 0, Skipped: 0, Time elapsed: 5.206 sec
Running io.netty.testsuite.transport.socket.SocketFixedLengthEchoTest
00:25:25.593 [main] INFO  i.n.t.t.s.SocketFixedLengthEchoTest - Running: testFixedLengthEcho 1 of 8 (ServerBootstrap(group: NioEventLoopGroup, channelFactory: NioServerSocketChannel.class, localAddress: testing-bluebox-linux-4-18988-linux-4/199.91.171.245:48112, childGroup: NioEventLoopGroup) + Bootstrap(group: NioEventLoopGroup, channelFactory: NioSocketChannel.class, remoteAddress: testing-bluebox-linux-4-18988-linux-4/199.91.171.245:48112))
00:25:25.596 [main] DEBUG i.n.u.i.JavassistTypeParameterMatcherGenerator - Generated: io.netty.util.internal.__matchers__.io.netty.buffer.ByteBufMatcher
00:25:25.829 [main] INFO  i.n.t.t.s.SocketFixedLengthEchoTest - Running: testFixedLengthEcho 2 of 8 (ServerBootstrap(group: NioEventLoopGroup, channelFactory: NioServerSocketChannel.class, localAddress: testing-bluebox-linux-4-18988-linux-4/199.91.171.245:44560, childGroup: NioEventLoopGroup) + Bootstrap(group: AioEventLoopGroup, channelFactory: AioSocketChannel.class, remoteAddress: testing-bluebox-linux-4-18988-linux-4/199.91.171.245:44560))
00:25:26.116 [main] INFO  i.n.t.t.s.SocketFixedLengthEchoTest - Running: testFixedLengthEcho 3 of 8 (ServerBootstrap(group: NioEventLoopGroup, channelFactory: NioServerSocketChannel.class, localAddress: testing-bluebox-linux-4-18988-linux-4/199.91.171.245:62547, childGroup: NioEventLoopGroup) + Bootstrap(group: OioEventLoopGroup, channelFactory: OioSocketChannel.class, remoteAddress: testing-bluebox-linux-4-18988-linux-4/199.91.171.245:62547))
00:25:26.397 [main] INFO  i.n.t.t.s.SocketFixedLengthEchoTest - Running: testFixedLengthEcho 4 of 8 (ServerBootstrap(group: AioEventLoopGroup, channelFactory: AioServerSocketChannel.class, localAddress: testing-bluebox-linux-4-18988-linux-4/199.91.171.245:33559, childGroup: AioEventLoopGroup) + Bootstrap(group: NioEventLoopGroup, channelFactory: NioSocketChannel.class, remoteAddress: testing-bluebox-linux-4-18988-linux-4/199.91.171.245:33559))
00:25:26.586 [main] INFO  i.n.t.t.s.SocketFixedLengthEchoTest - Running: testFixedLengthEcho 5 of 8 (ServerBootstrap(group: AioEventLoopGroup, channelFactory: AioServerSocketChannel.class, localAddress: testing-bluebox-linux-4-18988-linux-4/199.91.171.245:34487, childGroup: AioEventLoopGroup) + Bootstrap(group: AioEventLoopGroup, channelFactory: AioSocketChannel.class, remoteAddress: testing-bluebox-linux-4-18988-linux-4/199.91.171.245:34487))
00:25:26.675 [main] INFO  i.n.t.t.s.SocketFixedLengthEchoTest - Running: testFixedLengthEcho 6 of 8 (ServerBootstrap(group: AioEventLoopGroup, channelFactory: AioServerSocketChannel.class, localAddress: testing-bluebox-linux-4-18988-linux-4/199.91.171.245:47890, childGroup: AioEventLoopGroup) + Bootstrap(group: OioEventLoopGroup, channelFactory: OioSocketChannel.class, remoteAddress: testing-bluebox-linux-4-18988-linux-4/199.91.171.245:47890))
00:25:26.959 [main] INFO  i.n.t.t.s.SocketFixedLengthEchoTest - Running: testFixedLengthEcho 7 of 8 (ServerBootstrap(group: OioEventLoopGroup, channelFactory: OioServerSocketChannel.class, localAddress: testing-bluebox-linux-4-18988-linux-4/199.91.171.245:45971, childGroup: OioEventLoopGroup) + Bootstrap(group: NioEventLoopGroup, channelFactory: NioSocketChannel.class, remoteAddress: testing-bluebox-linux-4-18988-linux-4/199.91.171.245:45971))
00:25:28.973 [main] INFO  i.n.t.t.s.SocketFixedLengthEchoTest - Running: testFixedLengthEcho 8 of 8 (ServerBootstrap(group: OioEventLoopGroup, channelFactory: OioServerSocketChannel.class, localAddress: testing-bluebox-linux-4-18988-linux-4/199.91.171.245:53599, childGroup: OioEventLoopGroup) + Bootstrap(group: AioEventLoopGroup, channelFactory: AioSocketChannel.class, remoteAddress: testing-bluebox-linux-4-18988-linux-4/199.91.171.245:53599))
Tests run: 1, Failures: 0, Errors: 0, Skipped: 0, Time elapsed: 5.413 sec
Running io.netty.testsuite.transport.socket.DatagramMulticastTest
Tests run: 1, Failures: 0, Errors: 0, Skipped: 1, Time elapsed: 0.001 sec
Running io.netty.testsuite.transport.socket.SocketSpdyEchoTest
00:25:30.988 [Thread-27] INFO  i.n.t.t.socket.SocketSpdyEchoTest - Testing against SPDY v2
00:25:31.005 [Thread-27] INFO  i.n.t.t.socket.SocketSpdyEchoTest - Running: testSpdyEcho 1 of 8 (ServerBootstrap(group: NioEventLoopGroup, channelFactory: NioServerSocketChannel.class, localAddress: testing-bluebox-linux-4-18988-linux-4/199.91.171.245:56832, childGroup: NioEventLoopGroup) + Bootstrap(group: NioEventLoopGroup, channelFactory: NioSocketChannel.class, remoteAddress: testing-bluebox-linux-4-18988-linux-4/199.91.171.245:56832))
00:25:31.020 [nioEventLoopGroup-60-2] DEBUG i.n.u.i.JavassistTypeParameterMatcherGenerator - Generated: io.netty.util.internal.__matchers__.io.netty.handler.codec.spdy.SpdyDataOrControlFrameMatcher
00:25:31.095 [Thread-27] INFO  i.n.t.t.socket.SocketSpdyEchoTest - Running: testSpdyEcho 2 of 8 (ServerBootstrap(group: NioEventLoopGroup, channelFactory: NioServerSocketChannel.class, localAddress: testing-bluebox-linux-4-18988-linux-4/199.91.171.245:41860, childGroup: NioEventLoopGroup) + Bootstrap(group: AioEventLoopGroup, channelFactory: AioSocketChannel.class, remoteAddress: testing-bluebox-linux-4-18988-linux-4/199.91.171.245:41860))
00:25:31.264 [Thread-27] INFO  i.n.t.t.socket.SocketSpdyEchoTest - Running: testSpdyEcho 3 of 8 (ServerBootstrap(group: NioEventLoopGroup, channelFactory: NioServerSocketChannel.class, localAddress: testing-bluebox-linux-4-18988-linux-4/199.91.171.245:53601, childGroup: NioEventLoopGroup) + Bootstrap(group: OioEventLoopGroup, channelFactory: OioSocketChannel.class, remoteAddress: testing-bluebox-linux-4-18988-linux-4/199.91.171.245:53601))
00:25:31.342 [Thread-27] INFO  i.n.t.t.socket.SocketSpdyEchoTest - Running: testSpdyEcho 4 of 8 (ServerBootstrap(group: AioEventLoopGroup, channelFactory: AioServerSocketChannel.class, localAddress: testing-bluebox-linux-4-18988-linux-4/199.91.171.245:41543, childGroup: AioEventLoopGroup) + Bootstrap(group: NioEventLoopGroup, channelFactory: NioSocketChannel.class, remoteAddress: testing-bluebox-linux-4-18988-linux-4/199.91.171.245:41543))
00:25:31.428 [Thread-27] INFO  i.n.t.t.socket.SocketSpdyEchoTest - Running: testSpdyEcho 5 of 8 (ServerBootstrap(group: AioEventLoopGroup, channelFactory: AioServerSocketChannel.class, localAddress: testing-bluebox-linux-4-18988-linux-4/199.91.171.245:43780, childGroup: AioEventLoopGroup) + Bootstrap(group: AioEventLoopGroup, channelFactory: AioSocketChannel.class, remoteAddress: testing-bluebox-linux-4-18988-linux-4/199.91.171.245:43780))
00:25:31.517 [Thread-27] INFO  i.n.t.t.socket.SocketSpdyEchoTest - Running: testSpdyEcho 6 of 8 (ServerBootstrap(group: AioEventLoopGroup, channelFactory: AioServerSocketChannel.class, localAddress: testing-bluebox-linux-4-18988-linux-4/199.91.171.245:63476, childGroup: AioEventLoopGroup) + Bootstrap(group: OioEventLoopGroup, channelFactory: OioSocketChannel.class, remoteAddress: testing-bluebox-linux-4-18988-linux-4/199.91.171.245:63476))
00:25:31.603 [Thread-27] INFO  i.n.t.t.socket.SocketSpdyEchoTest - Running: testSpdyEcho 7 of 8 (ServerBootstrap(group: OioEventLoopGroup, channelFactory: OioServerSocketChannel.class, localAddress: testing-bluebox-linux-4-18988-linux-4/199.91.171.245:48240, childGroup: OioEventLoopGroup) + Bootstrap(group: NioEventLoopGroup, channelFactory: NioSocketChannel.class, remoteAddress: testing-bluebox-linux-4-18988-linux-4/199.91.171.245:48240))
00:25:31.669 [Thread-27] INFO  i.n.t.t.socket.SocketSpdyEchoTest - Running: testSpdyEcho 8 of 8 (ServerBootstrap(group: OioEventLoopGroup, channelFactory: OioServerSocketChannel.class, localAddress: testing-bluebox-linux-4-18988-linux-4/199.91.171.245:48404, childGroup: OioEventLoopGroup) + Bootstrap(group: AioEventLoopGroup, channelFactory: AioSocketChannel.class, remoteAddress: testing-bluebox-linux-4-18988-linux-4/199.91.171.245:48404))
00:25:31.735 [Thread-27] INFO  i.n.t.t.socket.SocketSpdyEchoTest - Testing against SPDY v3
00:25:31.751 [Thread-27] INFO  i.n.t.t.socket.SocketSpdyEchoTest - Running: testSpdyEcho 1 of 8 (ServerBootstrap(group: NioEventLoopGroup, channelFactory: NioServerSocketChannel.class, localAddress: testing-bluebox-linux-4-18988-linux-4/199.91.171.245:48930, childGroup: NioEventLoopGroup) + Bootstrap(group: NioEventLoopGroup, channelFactory: NioSocketChannel.class, remoteAddress: testing-bluebox-linux-4-18988-linux-4/199.91.171.245:48930))
00:25:31.856 [Thread-27] INFO  i.n.t.t.socket.SocketSpdyEchoTest - Running: testSpdyEcho 2 of 8 (ServerBootstrap(group: NioEventLoopGroup, channelFactory: NioServerSocketChannel.class, localAddress: testing-bluebox-linux-4-18988-linux-4/199.91.171.245:55906, childGroup: NioEventLoopGroup) + Bootstrap(group: AioEventLoopGroup, channelFactory: AioSocketChannel.class, remoteAddress: testing-bluebox-linux-4-18988-linux-4/199.91.171.245:55906))
00:25:31.972 [Thread-27] INFO  i.n.t.t.socket.SocketSpdyEchoTest - Running: testSpdyEcho 3 of 8 (ServerBootstrap(group: NioEventLoopGroup, channelFactory: NioServerSocketChannel.class, localAddress: testing-bluebox-linux-4-18988-linux-4/199.91.171.245:47817, childGroup: NioEventLoopGroup) + Bootstrap(group: OioEventLoopGroup, channelFactory: OioSocketChannel.class, remoteAddress: testing-bluebox-linux-4-18988-linux-4/199.91.171.245:47817))
00:25:32.206 [Thread-27] INFO  i.n.t.t.socket.SocketSpdyEchoTest - Running: testSpdyEcho 4 of 8 (ServerBootstrap(group: AioEventLoopGroup, channelFactory: AioServerSocketChannel.class, localAddress: testing-bluebox-linux-4-18988-linux-4/199.91.171.245:56649, childGroup: AioEventLoopGroup) + Bootstrap(group: NioEventLoopGroup, channelFactory: NioSocketChannel.class, remoteAddress: testing-bluebox-linux-4-18988-linux-4/199.91.171.245:56649))
00:25:32.308 [Thread-27] INFO  i.n.t.t.socket.SocketSpdyEchoTest - Running: testSpdyEcho 5 of 8 (ServerBootstrap(group: AioEventLoopGroup, channelFactory: AioServerSocketChannel.class, localAddress: testing-bluebox-linux-4-18988-linux-4/199.91.171.245:51400, childGroup: AioEventLoopGroup) + Bootstrap(group: AioEventLoopGroup, channelFactory: AioSocketChannel.class, remoteAddress: testing-bluebox-linux-4-18988-linux-4/199.91.171.245:51400))
00:25:32.412 [Thread-27] INFO  i.n.t.t.socket.SocketSpdyEchoTest - Running: testSpdyEcho 6 of 8 (ServerBootstrap(group: AioEventLoopGroup, channelFactory: AioServerSocketChannel.class, localAddress: testing-bluebox-linux-4-18988-linux-4/199.91.171.245:34060, childGroup: AioEventLoopGroup) + Bootstrap(group: OioEventLoopGroup, channelFactory: OioSocketChannel.class, remoteAddress: testing-bluebox-linux-4-18988-linux-4/199.91.171.245:34060))
00:25:32.502 [Thread-27] INFO  i.n.t.t.socket.SocketSpdyEchoTest - Running: testSpdyEcho 7 of 8 (ServerBootstrap(group: OioEventLoopGroup, channelFactory: OioServerSocketChannel.class, localAddress: testing-bluebox-linux-4-18988-linux-4/199.91.171.245:44925, childGroup: OioEventLoopGroup) + Bootstrap(group: NioEventLoopGroup, channelFactory: NioSocketChannel.class, remoteAddress: testing-bluebox-linux-4-18988-linux-4/199.91.171.245:44925))
00:25:32.573 [Thread-27] INFO  i.n.t.t.socket.SocketSpdyEchoTest - Running: testSpdyEcho 8 of 8 (ServerBootstrap(group: OioEventLoopGroup, channelFactory: OioServerSocketChannel.class, localAddress: testing-bluebox-linux-4-18988-linux-4/199.91.171.245:36856, childGroup: OioEventLoopGroup) + Bootstrap(group: AioEventLoopGroup, channelFactory: AioSocketChannel.class, remoteAddress: testing-bluebox-linux-4-18988-linux-4/199.91.171.245:36856))
Tests run: 1, Failures: 0, Errors: 0, Skipped: 0, Time elapsed: 1.672 sec
Running io.netty.testsuite.transport.socket.ServerSocketSuspendTest
Tests run: 1, Failures: 0, Errors: 0, Skipped: 1, Time elapsed: 0 sec
Running io.netty.testsuite.transport.socket.SocketStringEchoTest
00:25:32.731 [main] INFO  i.n.t.t.socket.SocketStringEchoTest - Running: testStringEcho 1 of 8 (ServerBootstrap(group: NioEventLoopGroup, channelFactory: NioServerSocketChannel.class, localAddress: testing-bluebox-linux-4-18988-linux-4/199.91.171.245:43080, childGroup: NioEventLoopGroup) + Bootstrap(group: NioEventLoopGroup, channelFactory: NioSocketChannel.class, remoteAddress: testing-bluebox-linux-4-18988-linux-4/199.91.171.245:43080))
00:25:32.733 [main] DEBUG i.n.u.i.JavassistTypeParameterMatcherGenerator - Generated: io.netty.util.internal.__matchers__.java.lang.StringMatcher
00:25:32.745 [nioEventLoopGroup-97-2] DEBUG i.n.u.i.JavassistTypeParameterMatcherGenerator - Generated: io.netty.util.internal.__matchers__.java.lang.CharSequenceMatcher
00:25:32.915 [main] INFO  i.n.t.t.socket.SocketStringEchoTest - Running: testStringEcho 2 of 8 (ServerBootstrap(group: NioEventLoopGroup, channelFactory: NioServerSocketChannel.class, localAddress: testing-bluebox-linux-4-18988-linux-4/199.91.171.245:56851, childGroup: NioEventLoopGroup) + Bootstrap(group: AioEventLoopGroup, channelFactory: AioSocketChannel.class, remoteAddress: testing-bluebox-linux-4-18988-linux-4/199.91.171.245:56851))
00:25:33.273 [main] INFO  i.n.t.t.socket.SocketStringEchoTest - Running: testStringEcho 3 of 8 (ServerBootstrap(group: NioEventLoopGroup, channelFactory: NioServerSocketChannel.class, localAddress: testing-bluebox-linux-4-18988-linux-4/199.91.171.245:60271, childGroup: NioEventLoopGroup) + Bootstrap(group: OioEventLoopGroup, channelFactory: OioSocketChannel.class, remoteAddress: testing-bluebox-linux-4-18988-linux-4/199.91.171.245:60271))
00:25:33.568 [main] INFO  i.n.t.t.socket.SocketStringEchoTest - Running: testStringEcho 4 of 8 (ServerBootstrap(group: AioEventLoopGroup, channelFactory: AioServerSocketChannel.class, localAddress: testing-bluebox-linux-4-18988-linux-4/199.91.171.245:59314, childGroup: AioEventLoopGroup) + Bootstrap(group: NioEventLoopGroup, channelFactory: NioSocketChannel.class, remoteAddress: testing-bluebox-linux-4-18988-linux-4/199.91.171.245:59314))
00:25:33.679 [main] INFO  i.n.t.t.socket.SocketStringEchoTest - Running: testStringEcho 5 of 8 (ServerBootstrap(group: AioEventLoopGroup, channelFactory: AioServerSocketChannel.class, localAddress: testing-bluebox-linux-4-18988-linux-4/199.91.171.245:38229, childGroup: AioEventLoopGroup) + Bootstrap(group: AioEventLoopGroup, channelFactory: AioSocketChannel.class, remoteAddress: testing-bluebox-linux-4-18988-linux-4/199.91.171.245:38229))
00:25:33.771 [main] INFO  i.n.t.t.socket.SocketStringEchoTest - Running: testStringEcho 6 of 8 (ServerBootstrap(group: AioEventLoopGroup, channelFactory: AioServerSocketChannel.class, localAddress: testing-bluebox-linux-4-18988-linux-4/199.91.171.245:57387, childGroup: AioEventLoopGroup) + Bootstrap(group: OioEventLoopGroup, channelFactory: OioSocketChannel.class, remoteAddress: testing-bluebox-linux-4-18988-linux-4/199.91.171.245:57387))
00:25:34.054 [main] INFO  i.n.t.t.socket.SocketStringEchoTest - Running: testStringEcho 7 of 8 (ServerBootstrap(group: OioEventLoopGroup, channelFactory: OioServerSocketChannel.class, localAddress: testing-bluebox-linux-4-18988-linux-4/199.91.171.245:44011, childGroup: OioEventLoopGroup) + Bootstrap(group: NioEventLoopGroup, channelFactory: NioSocketChannel.class, remoteAddress: testing-bluebox-linux-4-18988-linux-4/199.91.171.245:44011))
00:25:36.069 [main] INFO  i.n.t.t.socket.SocketStringEchoTest - Running: testStringEcho 8 of 8 (ServerBootstrap(group: OioEventLoopGroup, channelFactory: OioServerSocketChannel.class, localAddress: testing-bluebox-linux-4-18988-linux-4/199.91.171.245:36990, childGroup: OioEventLoopGroup) + Bootstrap(group: AioEventLoopGroup, channelFactory: AioSocketChannel.class, remoteAddress: testing-bluebox-linux-4-18988-linux-4/199.91.171.245:36990))
Tests run: 1, Failures: 0, Errors: 0, Skipped: 0, Time elapsed: 5.42 sec
Running io.netty.testsuite.transport.sctp.SctpEchoTest
Tests run: 2, Failures: 0, Errors: 0, Skipped: 2, Time elapsed: 0.008 sec
Running io.netty.testsuite.transport.socket.SocketShutdownOutputByPeerTest
00:25:38.096 [Thread-55] INFO  i.n.t.t.s.SocketShutdownOutputByPeerTest - Running: testShutdownOutput 1 of 3 (ServerBootstrap(group: NioEventLoopGroup, channelFactory: NioServerSocketChannel.class, localAddress: testing-bluebox-linux-4-18988-linux-4/199.91.171.245:33111, childGroup: NioEventLoopGroup))
00:25:38.216 [Thread-55] INFO  i.n.t.t.s.SocketShutdownOutputByPeerTest - Running: testShutdownOutput 2 of 3 (ServerBootstrap(group: AioEventLoopGroup, channelFactory: AioServerSocketChannel.class, localAddress: testing-bluebox-linux-4-18988-linux-4/199.91.171.245:62437, childGroup: AioEventLoopGroup))
00:25:38.427 [Thread-55] INFO  i.n.t.t.s.SocketShutdownOutputByPeerTest - Running: testShutdownOutput 3 of 3 (ServerBootstrap(group: OioEventLoopGroup, channelFactory: OioServerSocketChannel.class, localAddress: testing-bluebox-linux-4-18988-linux-4/199.91.171.245:39094, childGroup: OioEventLoopGroup))
00:25:38.536 [Thread-58] INFO  i.n.t.t.s.SocketShutdownOutputByPeerTest - Running: testShutdownOutputWithoutOption 1 of 3 (ServerBootstrap(group: NioEventLoopGroup, channelFactory: NioServerSocketChannel.class, localAddress: testing-bluebox-linux-4-18988-linux-4/199.91.171.245:39048, childGroup: NioEventLoopGroup))
00:25:38.652 [Thread-58] INFO  i.n.t.t.s.SocketShutdownOutputByPeerTest - Running: testShutdownOutputWithoutOption 2 of 3 (ServerBootstrap(group: AioEventLoopGroup, channelFactory: AioServerSocketChannel.class, localAddress: testing-bluebox-linux-4-18988-linux-4/199.91.171.245:59878, childGroup: AioEventLoopGroup))
00:25:38.774 [Thread-58] INFO  i.n.t.t.s.SocketShutdownOutputByPeerTest - Running: testShutdownOutputWithoutOption 3 of 3 (ServerBootstrap(group: OioEventLoopGroup, channelFactory: OioServerSocketChannel.class, localAddress: testing-bluebox-linux-4-18988-linux-4/199.91.171.245:60232, childGroup: OioEventLoopGroup))
Tests run: 2, Failures: 0, Errors: 0, Skipped: 0, Time elapsed: 0.79 sec
Running io.netty.testsuite.transport.socket.SocketStartTlsTest
00:25:38.893 [Thread-61] INFO  i.n.t.t.socket.SocketStartTlsTest - Running: testStartTls 1 of 8 (ServerBootstrap(group: NioEventLoopGroup, channelFactory: NioServerSocketChannel.class, localAddress: testing-bluebox-linux-4-18988-linux-4/199.91.171.245:44745, childGroup: NioEventLoopGroup) + Bootstrap(group: NioEventLoopGroup, channelFactory: NioSocketChannel.class, remoteAddress: testing-bluebox-linux-4-18988-linux-4/199.91.171.245:44745))
00:25:38.986 [Thread-61] INFO  i.n.t.t.socket.SocketStartTlsTest - Running: testStartTls 2 of 8 (ServerBootstrap(group: NioEventLoopGroup, channelFactory: NioServerSocketChannel.class, localAddress: testing-bluebox-linux-4-18988-linux-4/199.91.171.245:59379, childGroup: NioEventLoopGroup) + Bootstrap(group: AioEventLoopGroup, channelFactory: AioSocketChannel.class, remoteAddress: testing-bluebox-linux-4-18988-linux-4/199.91.171.245:59379))
00:25:39.076 [Thread-61] INFO  i.n.t.t.socket.SocketStartTlsTest - Running: testStartTls 3 of 8 (ServerBootstrap(group: NioEventLoopGroup, channelFactory: NioServerSocketChannel.class, localAddress: testing-bluebox-linux-4-18988-linux-4/199.91.171.245:42365, childGroup: NioEventLoopGroup) + Bootstrap(group: OioEventLoopGroup, channelFactory: OioSocketChannel.class, remoteAddress: testing-bluebox-linux-4-18988-linux-4/199.91.171.245:42365))
00:25:42.154 [Thread-61] INFO  i.n.t.t.socket.SocketStartTlsTest - Running: testStartTls 4 of 8 (ServerBootstrap(group: AioEventLoopGroup, channelFactory: AioServerSocketChannel.class, localAddress: testing-bluebox-linux-4-18988-linux-4/199.91.171.245:42064, childGroup: AioEventLoopGroup) + Bootstrap(group: NioEventLoopGroup, channelFactory: NioSocketChannel.class, remoteAddress: testing-bluebox-linux-4-18988-linux-4/199.91.171.245:42064))
00:25:42.232 [Thread-61] INFO  i.n.t.t.socket.SocketStartTlsTest - Running: testStartTls 5 of 8 (ServerBootstrap(group: AioEventLoopGroup, channelFactory: AioServerSocketChannel.class, localAddress: testing-bluebox-linux-4-18988-linux-4/199.91.171.245:42611, childGroup: AioEventLoopGroup) + Bootstrap(group: AioEventLoopGroup, channelFactory: AioSocketChannel.class, remoteAddress: testing-bluebox-linux-4-18988-linux-4/199.91.171.245:42611))
00:25:42.252 [aioEventLoopGroup-134-2] DEBUG io.netty.handler.ssl.SslHandler - Swallowing a harmless 'connection reset by peer / broken pipe' error that occurred while writing close_notify in response to the peer's close_notify
java.io.IOException: Connection reset by peer
	at sun.nio.ch.FileDispatcherImpl.read0(Native Method) ~[na:1.7.0_17]
	at sun.nio.ch.SocketDispatcher.read(SocketDispatcher.java:39) ~[na:1.7.0_17]
	at sun.nio.ch.IOUtil.readIntoNativeBuffer(IOUtil.java:225) ~[na:1.7.0_17]
	at sun.nio.ch.IOUtil.read(IOUtil.java:193) ~[na:1.7.0_17]
	at sun.nio.ch.UnixAsynchronousSocketChannelImpl.implRead(UnixAsynchronousSocketChannelImpl.java:508) ~[na:1.7.0_17]
	at sun.nio.ch.AsynchronousSocketChannelImpl.read(AsynchronousSocketChannelImpl.java:272) [na:1.7.0_17]
	at sun.nio.ch.AsynchronousSocketChannelImpl.read(AsynchronousSocketChannelImpl.java:293) [na:1.7.0_17]
	at io.netty.channel.socket.aio.AioSocketChannel.doBeginRead(AioSocketChannel.java:335) [classes/:na]
	at io.netty.channel.AbstractChannel$AbstractUnsafe.beginRead(AbstractChannel.java:778) [classes/:na]
	at io.netty.channel.DefaultChannelPipeline$HeadHandler.read(DefaultChannelPipeline.java:1274) [classes/:na]
	at io.netty.channel.DefaultChannelHandlerContext.invokeRead0(DefaultChannelHandlerContext.java:1253) [classes/:na]
	at io.netty.channel.DefaultChannelHandlerContext.invokeRead(DefaultChannelHandlerContext.java:1236) [classes/:na]
	at io.netty.channel.DefaultChannelHandlerContext.read(DefaultChannelHandlerContext.java:1230) [classes/:na]
	at io.netty.handler.logging.LoggingHandler.read(LoggingHandler.java:234) [classes/:na]
	at io.netty.channel.DefaultChannelHandlerContext.invokeRead0(DefaultChannelHandlerContext.java:1253) [classes/:na]
	at io.netty.channel.DefaultChannelHandlerContext.invokeRead(DefaultChannelHandlerContext.java:1236) [classes/:na]
	at io.netty.channel.DefaultChannelHandlerContext.read(DefaultChannelHandlerContext.java:1230) [classes/:na]
	at io.netty.handler.ssl.SslHandler.read(SslHandler.java:426) [classes/:na]
	at io.netty.channel.DefaultChannelHandlerContext.invokeRead0(DefaultChannelHandlerContext.java:1253) [classes/:na]
	at io.netty.channel.DefaultChannelHandlerContext.invokeRead(DefaultChannelHandlerContext.java:1236) [classes/:na]
	at io.netty.channel.DefaultChannelHandlerContext.read(DefaultChannelHandlerContext.java:1230) [classes/:na]
	at io.netty.channel.ChannelOperationHandlerAdapter.read(ChannelOperationHandlerAdapter.java:94) [classes/:na]
	at io.netty.channel.DefaultChannelHandlerContext.invokeRead0(DefaultChannelHandlerContext.java:1253) [classes/:na]
	at io.netty.channel.DefaultChannelHandlerContext.invokeRead(DefaultChannelHandlerContext.java:1236) [classes/:na]
	at io.netty.channel.DefaultChannelHandlerContext.read(DefaultChannelHandlerContext.java:1230) [classes/:na]
	at io.netty.channel.DefaultChannelPipeline.read(DefaultChannelPipeline.java:1054) [classes/:na]
	at io.netty.channel.DefaultChannelPipeline.fireChannelReadSuspended(DefaultChannelPipeline.java:977) [classes/:na]
	at io.netty.channel.socket.aio.AioSocketChannel$ReadHandler.completed0(AioSocketChannel.java:483) [classes/:na]
	at io.netty.channel.socket.aio.AioSocketChannel$ReadHandler.completed0(AioSocketChannel.java:423) [classes/:na]
	at io.netty.channel.aio.AioCompletionHandler$3.run(AioCompletionHandler.java:77) [classes/:na]
	at io.netty.channel.aio.AioEventLoop.run(AioEventLoop.java:82) [classes/:na]
	at io.netty.util.concurrent.SingleThreadEventExecutor$2.run(SingleThreadEventExecutor.java:111) [classes/:na]
	at java.lang.Thread.run(Thread.java:722) [na:1.7.0_17]
00:25:42.315 [Thread-61] INFO  i.n.t.t.socket.SocketStartTlsTest - Running: testStartTls 6 of 8 (ServerBootstrap(group: AioEventLoopGroup, channelFactory: AioServerSocketChannel.class, localAddress: testing-bluebox-linux-4-18988-linux-4/199.91.171.245:36750, childGroup: AioEventLoopGroup) + Bootstrap(group: OioEventLoopGroup, channelFactory: OioSocketChannel.class, remoteAddress: testing-bluebox-linux-4-18988-linux-4/199.91.171.245:36750))
00:25:45.395 [Thread-61] INFO  i.n.t.t.socket.SocketStartTlsTest - Running: testStartTls 7 of 8 (ServerBootstrap(group: OioEventLoopGroup, channelFactory: OioServerSocketChannel.class, localAddress: testing-bluebox-linux-4-18988-linux-4/199.91.171.245:42738, childGroup: OioEventLoopGroup) + Bootstrap(group: NioEventLoopGroup, channelFactory: NioSocketChannel.class, remoteAddress: testing-bluebox-linux-4-18988-linux-4/199.91.171.245:42738))
00:25:49.410 [Thread-61] INFO  i.n.t.t.socket.SocketStartTlsTest - Running: testStartTls 8 of 8 (ServerBootstrap(group: OioEventLoopGroup, channelFactory: OioServerSocketChannel.class, localAddress: testing-bluebox-linux-4-18988-linux-4/199.91.171.245:56192, childGroup: OioEventLoopGroup) + Bootstrap(group: AioEventLoopGroup, channelFactory: AioSocketChannel.class, remoteAddress: testing-bluebox-linux-4-18988-linux-4/199.91.171.245:56192))
Tests run: 1, Failures: 0, Errors: 0, Skipped: 0, Time elapsed: 14.543 sec
Running io.netty.testsuite.transport.socket.SocketObjectEchoTest
00:25:53.491 [main] INFO  i.n.t.t.socket.SocketObjectEchoTest - Running: testObjectEcho 1 of 8 (ServerBootstrap(group: NioEventLoopGroup, channelFactory: NioServerSocketChannel.class, localAddress: testing-bluebox-linux-4-18988-linux-4/199.91.171.245:51321, childGroup: NioEventLoopGroup) + Bootstrap(group: NioEventLoopGroup, channelFactory: NioSocketChannel.class, remoteAddress: testing-bluebox-linux-4-18988-linux-4/199.91.171.245:51321))
00:25:53.498 [nioEventLoopGroup-142-2] DEBUG i.n.u.i.JavassistTypeParameterMatcherGenerator - Generated: io.netty.util.internal.__matchers__.java.io.SerializableMatcher
00:25:53.628 [main] INFO  i.n.t.t.socket.SocketObjectEchoTest - Running: testObjectEcho 2 of 8 (ServerBootstrap(group: NioEventLoopGroup, channelFactory: NioServerSocketChannel.class, localAddress: testing-bluebox-linux-4-18988-linux-4/199.91.171.245:58591, childGroup: NioEventLoopGroup) + Bootstrap(group: AioEventLoopGroup, channelFactory: AioSocketChannel.class, remoteAddress: testing-bluebox-linux-4-18988-linux-4/199.91.171.245:58591))
00:25:53.915 [main] INFO  i.n.t.t.socket.SocketObjectEchoTest - Running: testObjectEcho 3 of 8 (ServerBootstrap(group: NioEventLoopGroup, channelFactory: NioServerSocketChannel.class, localAddress: testing-bluebox-linux-4-18988-linux-4/199.91.171.245:52363, childGroup: NioEventLoopGroup) + Bootstrap(group: OioEventLoopGroup, channelFactory: OioSocketChannel.class, remoteAddress: testing-bluebox-linux-4-18988-linux-4/199.91.171.245:52363))
00:25:54.192 [main] INFO  i.n.t.t.socket.SocketObjectEchoTest - Running: testObjectEcho 4 of 8 (ServerBootstrap(group: AioEventLoopGroup, channelFactory: AioServerSocketChannel.class, localAddress: testing-bluebox-linux-4-18988-linux-4/199.91.171.245:52462, childGroup: AioEventLoopGroup) + Bootstrap(group: NioEventLoopGroup, channelFactory: NioSocketChannel.class, remoteAddress: testing-bluebox-linux-4-18988-linux-4/199.91.171.245:52462))
00:25:54.477 [main] INFO  i.n.t.t.socket.SocketObjectEchoTest - Running: testObjectEcho 5 of 8 (ServerBootstrap(group: AioEventLoopGroup, channelFactory: AioServerSocketChannel.class, localAddress: testing-bluebox-linux-4-18988-linux-4/199.91.171.245:64400, childGroup: AioEventLoopGroup) + Bootstrap(group: AioEventLoopGroup, channelFactory: AioSocketChannel.class, remoteAddress: testing-bluebox-linux-4-18988-linux-4/199.91.171.245:64400))
00:25:54.767 [main] INFO  i.n.t.t.socket.SocketObjectEchoTest - Running: testObjectEcho 6 of 8 (ServerBootstrap(group: AioEventLoopGroup, channelFactory: AioServerSocketChannel.class, localAddress: testing-bluebox-linux-4-18988-linux-4/199.91.171.245:55635, childGroup: AioEventLoopGroup) + Bootstrap(group: OioEventLoopGroup, channelFactory: OioSocketChannel.class, remoteAddress: testing-bluebox-linux-4-18988-linux-4/199.91.171.245:55635))
00:25:55.050 [main] INFO  i.n.t.t.socket.SocketObjectEchoTest - Running: testObjectEcho 7 of 8 (ServerBootstrap(group: OioEventLoopGroup, channelFactory: OioServerSocketChannel.class, localAddress: testing-bluebox-linux-4-18988-linux-4/199.91.171.245:43313, childGroup: OioEventLoopGroup) + Bootstrap(group: NioEventLoopGroup, channelFactory: NioSocketChannel.class, remoteAddress: testing-bluebox-linux-4-18988-linux-4/199.91.171.245:43313))
00:25:57.061 [main] INFO  i.n.t.t.socket.SocketObjectEchoTest - Running: testObjectEcho 8 of 8 (ServerBootstrap(group: OioEventLoopGroup, channelFactory: OioServerSocketChannel.class, localAddress: testing-bluebox-linux-4-18988-linux-4/199.91.171.245:57537, childGroup: OioEventLoopGroup) + Bootstrap(group: AioEventLoopGroup, channelFactory: AioSocketChannel.class, remoteAddress: testing-bluebox-linux-4-18988-linux-4/199.91.171.245:57537))
Tests run: 1, Failures: 0, Errors: 0, Skipped: 0, Time elapsed: 5.647 sec
Running io.netty.testsuite.transport.socket.SocketShutdownOutputBySelfTest
00:25:59.077 [Thread-80] INFO  i.n.t.t.s.SocketShutdownOutputBySelfTest - Running: testShutdownOutput 1 of 3
00:25:59.087 [Thread-80] INFO  i.n.t.t.s.SocketShutdownOutputBySelfTest - Running: testShutdownOutput 2 of 3
00:25:59.095 [Thread-80] INFO  i.n.t.t.s.SocketShutdownOutputBySelfTest - Running: testShutdownOutput 3 of 3
Tests run: 1, Failures: 0, Errors: 0, Skipped: 0, Time elapsed: 0.024 sec
Running io.netty.testsuite.transport.socket.SocketEchoTest
00:25:59.112 [Thread-82] INFO  i.n.t.t.socket.SocketEchoTest - Running: testSimpleEcho 1 of 8 (ServerBootstrap(group: NioEventLoopGroup, channelFactory: NioServerSocketChannel.class, localAddress: testing-bluebox-linux-4-18988-linux-4/199.91.171.245:63283, childGroup: NioEventLoopGroup) + Bootstrap(group: NioEventLoopGroup, channelFactory: NioSocketChannel.class, remoteAddress: testing-bluebox-linux-4-18988-linux-4/199.91.171.245:63283))
00:25:59.193 [Thread-82] INFO  i.n.t.t.socket.SocketEchoTest - Running: testSimpleEcho 2 of 8 (ServerBootstrap(group: NioEventLoopGroup, channelFactory: NioServerSocketChannel.class, localAddress: testing-bluebox-linux-4-18988-linux-4/199.91.171.245:37847, childGroup: NioEventLoopGroup) + Bootstrap(group: AioEventLoopGroup, channelFactory: AioSocketChannel.class, remoteAddress: testing-bluebox-linux-4-18988-linux-4/199.91.171.245:37847))
00:25:59.276 [Thread-82] INFO  i.n.t.t.socket.SocketEchoTest - Running: testSimpleEcho 3 of 8 (ServerBootstrap(group: NioEventLoopGroup, channelFactory: NioServerSocketChannel.class, localAddress: testing-bluebox-linux-4-18988-linux-4/199.91.171.245:43422, childGroup: NioEventLoopGroup) + Bootstrap(group: OioEventLoopGroup, channelFactory: OioSocketChannel.class, remoteAddress: testing-bluebox-linux-4-18988-linux-4/199.91.171.245:43422))
00:25:59.351 [Thread-82] INFO  i.n.t.t.socket.SocketEchoTest - Running: testSimpleEcho 4 of 8 (ServerBootstrap(group: AioEventLoopGroup, channelFactory: AioServerSocketChannel.class, localAddress: testing-bluebox-linux-4-18988-linux-4/199.91.171.245:55792, childGroup: AioEventLoopGroup) + Bootstrap(group: NioEventLoopGroup, channelFactory: NioSocketChannel.class, remoteAddress: testing-bluebox-linux-4-18988-linux-4/199.91.171.245:55792))
00:25:59.438 [Thread-82] INFO  i.n.t.t.socket.SocketEchoTest - Running: testSimpleEcho 5 of 8 (ServerBootstrap(group: AioEventLoopGroup, channelFactory: AioServerSocketChannel.class, localAddress: testing-bluebox-linux-4-18988-linux-4/199.91.171.245:44421, childGroup: AioEventLoopGroup) + Bootstrap(group: AioEventLoopGroup, channelFactory: AioSocketChannel.class, remoteAddress: testing-bluebox-linux-4-18988-linux-4/199.91.171.245:44421))
00:25:59.531 [Thread-82] INFO  i.n.t.t.socket.SocketEchoTest - Running: testSimpleEcho 6 of 8 (ServerBootstrap(group: AioEventLoopGroup, channelFactory: AioServerSocketChannel.class, localAddress: testing-bluebox-linux-4-18988-linux-4/199.91.171.245:38912, childGroup: AioEventLoopGroup) + Bootstrap(group: OioEventLoopGroup, channelFactory: OioSocketChannel.class, remoteAddress: testing-bluebox-linux-4-18988-linux-4/199.91.171.245:38912))
00:25:59.610 [Thread-82] INFO  i.n.t.t.socket.SocketEchoTest - Running: testSimpleEcho 7 of 8 (ServerBootstrap(group: OioEventLoopGroup, channelFactory: OioServerSocketChannel.class, localAddress: testing-bluebox-linux-4-18988-linux-4/199.91.171.245:61143, childGroup: OioEventLoopGroup) + Bootstrap(group: NioEventLoopGroup, channelFactory: NioSocketChannel.class, remoteAddress: testing-bluebox-linux-4-18988-linux-4/199.91.171.245:61143))
00:26:01.621 [Thread-82] INFO  i.n.t.t.socket.SocketEchoTest - Running: testSimpleEcho 8 of 8 (ServerBootstrap(group: OioEventLoopGroup, channelFactory: OioServerSocketChannel.class, localAddress: testing-bluebox-linux-4-18988-linux-4/199.91.171.245:56642, childGroup: OioEventLoopGroup) + Bootstrap(group: AioEventLoopGroup, channelFactory: AioSocketChannel.class, remoteAddress: testing-bluebox-linux-4-18988-linux-4/199.91.171.245:56642))
00:26:03.638 [Thread-92] INFO  i.n.t.t.socket.SocketEchoTest - Running: testSimpleEchoWithBoundedBuffer 1 of 8 (ServerBootstrap(group: NioEventLoopGroup, channelFactory: NioServerSocketChannel.class, localAddress: testing-bluebox-linux-4-18988-linux-4/199.91.171.245:62383, childGroup: NioEventLoopGroup) + Bootstrap(group: NioEventLoopGroup, channelFactory: NioSocketChannel.class, remoteAddress: testing-bluebox-linux-4-18988-linux-4/199.91.171.245:62383))
00:26:04.115 [Thread-92] INFO  i.n.t.t.socket.SocketEchoTest - Running: testSimpleEchoWithBoundedBuffer 2 of 8 (ServerBootstrap(group: NioEventLoopGroup, channelFactory: NioServerSocketChannel.class, localAddress: testing-bluebox-linux-4-18988-linux-4/199.91.171.245:41867, childGroup: NioEventLoopGroup) + Bootstrap(group: AioEventLoopGroup, channelFactory: AioSocketChannel.class, remoteAddress: testing-bluebox-linux-4-18988-linux-4/199.91.171.245:41867))
00:26:04.606 [Thread-92] INFO  i.n.t.t.socket.SocketEchoTest - Running: testSimpleEchoWithBoundedBuffer 3 of 8 (ServerBootstrap(group: NioEventLoopGroup, channelFactory: NioServerSocketChannel.class, localAddress: testing-bluebox-linux-4-18988-linux-4/199.91.171.245:57635, childGroup: NioEventLoopGroup) + Bootstrap(group: OioEventLoopGroup, channelFactory: OioSocketChannel.class, remoteAddress: testing-bluebox-linux-4-18988-linux-4/199.91.171.245:57635))
00:26:04.882 [Thread-92] INFO  i.n.t.t.socket.SocketEchoTest - Running: testSimpleEchoWithBoundedBuffer 4 of 8 (ServerBootstrap(group: AioEventLoopGroup, channelFactory: AioServerSocketChannel.class, localAddress: testing-bluebox-linux-4-18988-linux-4/199.91.171.245:45757, childGroup: AioEventLoopGroup) + Bootstrap(group: NioEventLoopGroup, channelFactory: NioSocketChannel.class, remoteAddress: testing-bluebox-linux-4-18988-linux-4/199.91.171.245:45757))
00:26:05.369 [Thread-92] INFO  i.n.t.t.socket.SocketEchoTest - Running: testSimpleEchoWithBoundedBuffer 5 of 8 (ServerBootstrap(group: AioEventLoopGroup, channelFactory: AioServerSocketChannel.class, localAddress: testing-bluebox-linux-4-18988-linux-4/199.91.171.245:64483, childGroup: AioEventLoopGroup) + Bootstrap(group: AioEventLoopGroup, channelFactory: AioSocketChannel.class, remoteAddress: testing-bluebox-linux-4-18988-linux-4/199.91.171.245:64483))
00:26:05.906 [Thread-92] INFO  i.n.t.t.socket.SocketEchoTest - Running: testSimpleEchoWithBoundedBuffer 6 of 8 (ServerBootstrap(group: AioEventLoopGroup, channelFactory: AioServerSocketChannel.class, localAddress: testing-bluebox-linux-4-18988-linux-4/199.91.171.245:44835, childGroup: AioEventLoopGroup) + Bootstrap(group: OioEventLoopGroup, channelFactory: OioSocketChannel.class, remoteAddress: testing-bluebox-linux-4-18988-linux-4/199.91.171.245:44835))
00:26:06.186 [Thread-92] INFO  i.n.t.t.socket.SocketEchoTest - Running: testSimpleEchoWithBoundedBuffer 7 of 8 (ServerBootstrap(group: OioEventLoopGroup, channelFactory: OioServerSocketChannel.class, localAddress: testing-bluebox-linux-4-18988-linux-4/199.91.171.245:42318, childGroup: OioEventLoopGroup) + Bootstrap(group: NioEventLoopGroup, channelFactory: NioSocketChannel.class, remoteAddress: testing-bluebox-linux-4-18988-linux-4/199.91.171.245:42318))
00:26:08.198 [Thread-92] INFO  i.n.t.t.socket.SocketEchoTest - Running: testSimpleEchoWithBoundedBuffer 8 of 8 (ServerBootstrap(group: OioEventLoopGroup, channelFactory: OioServerSocketChannel.class, localAddress: testing-bluebox-linux-4-18988-linux-4/199.91.171.245:59175, childGroup: OioEventLoopGroup) + Bootstrap(group: AioEventLoopGroup, channelFactory: AioSocketChannel.class, remoteAddress: testing-bluebox-linux-4-18988-linux-4/199.91.171.245:59175))
00:26:10.217 [Thread-102] INFO  i.n.t.t.socket.SocketEchoTest - Running: testSimpleEchoWithBridge 1 of 8 (ServerBootstrap(group: NioEventLoopGroup, channelFactory: NioServerSocketChannel.class, localAddress: testing-bluebox-linux-4-18988-linux-4/199.91.171.245:50315, childGroup: NioEventLoopGroup) + Bootstrap(group: NioEventLoopGroup, channelFactory: NioSocketChannel.class, remoteAddress: testing-bluebox-linux-4-18988-linux-4/199.91.171.245:50315))
00:26:10.297 [Thread-102] INFO  i.n.t.t.socket.SocketEchoTest - Running: testSimpleEchoWithBridge 2 of 8 (ServerBootstrap(group: NioEventLoopGroup, channelFactory: NioServerSocketChannel.class, localAddress: testing-bluebox-linux-4-18988-linux-4/199.91.171.245:35960, childGroup: NioEventLoopGroup) + Bootstrap(group: AioEventLoopGroup, channelFactory: AioSocketChannel.class, remoteAddress: testing-bluebox-linux-4-18988-linux-4/199.91.171.245:35960))
00:26:10.432 [Thread-102] INFO  i.n.t.t.socket.SocketEchoTest - Running: testSimpleEchoWithBridge 3 of 8 (ServerBootstrap(group: NioEventLoopGroup, channelFactory: NioServerSocketChannel.class, localAddress: testing-bluebox-linux-4-18988-linux-4/199.91.171.245:44478, childGroup: NioEventLoopGroup) + Bootstrap(group: OioEventLoopGroup, channelFactory: OioSocketChannel.class, remoteAddress: testing-bluebox-linux-4-18988-linux-4/199.91.171.245:44478))
00:26:11.507 [Thread-102] INFO  i.n.t.t.socket.SocketEchoTest - Running: testSimpleEchoWithBridge 4 of 8 (ServerBootstrap(group: AioEventLoopGroup, channelFactory: AioServerSocketChannel.class, localAddress: testing-bluebox-linux-4-18988-linux-4/199.91.171.245:37117, childGroup: AioEventLoopGroup) + Bootstrap(group: NioEventLoopGroup, channelFactory: NioSocketChannel.class, remoteAddress: testing-bluebox-linux-4-18988-linux-4/199.91.171.245:37117))
00:26:11.648 [Thread-102] INFO  i.n.t.t.socket.SocketEchoTest - Running: testSimpleEchoWithBridge 5 of 8 (ServerBootstrap(group: AioEventLoopGroup, channelFactory: AioServerSocketChannel.class, localAddress: testing-bluebox-linux-4-18988-linux-4/199.91.171.245:33928, childGroup: AioEventLoopGroup) + Bootstrap(group: AioEventLoopGroup, channelFactory: AioSocketChannel.class, remoteAddress: testing-bluebox-linux-4-18988-linux-4/199.91.171.245:33928))
00:26:11.785 [Thread-102] INFO  i.n.t.t.socket.SocketEchoTest - Running: testSimpleEchoWithBridge 6 of 8 (ServerBootstrap(group: AioEventLoopGroup, channelFactory: AioServerSocketChannel.class, localAddress: testing-bluebox-linux-4-18988-linux-4/199.91.171.245:65291, childGroup: AioEventLoopGroup) + Bootstrap(group: OioEventLoopGroup, channelFactory: OioSocketChannel.class, remoteAddress: testing-bluebox-linux-4-18988-linux-4/199.91.171.245:65291))
00:26:11.917 [Thread-102] INFO  i.n.t.t.socket.SocketEchoTest - Running: testSimpleEchoWithBridge 7 of 8 (ServerBootstrap(group: OioEventLoopGroup, channelFactory: OioServerSocketChannel.class, localAddress: testing-bluebox-linux-4-18988-linux-4/199.91.171.245:58347, childGroup: OioEventLoopGroup) + Bootstrap(group: NioEventLoopGroup, channelFactory: NioSocketChannel.class, remoteAddress: testing-bluebox-linux-4-18988-linux-4/199.91.171.245:58347))
00:26:14.930 [Thread-102] INFO  i.n.t.t.socket.SocketEchoTest - Running: testSimpleEchoWithBridge 8 of 8 (ServerBootstrap(group: OioEventLoopGroup, channelFactory: OioServerSocketChannel.class, localAddress: testing-bluebox-linux-4-18988-linux-4/199.91.171.245:38891, childGroup: OioEventLoopGroup) + Bootstrap(group: AioEventLoopGroup, channelFactory: AioSocketChannel.class, remoteAddress: testing-bluebox-linux-4-18988-linux-4/199.91.171.245:38891))
00:26:17.946 [Thread-112] INFO  i.n.t.t.socket.SocketEchoTest - Running: testSimpleEchoWithBridgedBoundedBuffer 1 of 8 (ServerBootstrap(group: NioEventLoopGroup, channelFactory: NioServerSocketChannel.class, localAddress: testing-bluebox-linux-4-18988-linux-4/199.91.171.245:59288, childGroup: NioEventLoopGroup) + Bootstrap(group: NioEventLoopGroup, channelFactory: NioSocketChannel.class, remoteAddress: testing-bluebox-linux-4-18988-linux-4/199.91.171.245:59288))
00:26:18.274 [Thread-112] INFO  i.n.t.t.socket.SocketEchoTest - Running: testSimpleEchoWithBridgedBoundedBuffer 2 of 8 (ServerBootstrap(group: NioEventLoopGroup, channelFactory: NioServerSocketChannel.class, localAddress: testing-bluebox-linux-4-18988-linux-4/199.91.171.245:36212, childGroup: NioEventLoopGroup) + Bootstrap(group: AioEventLoopGroup, channelFactory: AioSocketChannel.class, remoteAddress: testing-bluebox-linux-4-18988-linux-4/199.91.171.245:36212))
00:26:18.607 [Thread-112] INFO  i.n.t.t.socket.SocketEchoTest - Running: testSimpleEchoWithBridgedBoundedBuffer 3 of 8 (ServerBootstrap(group: NioEventLoopGroup, channelFactory: NioServerSocketChannel.class, localAddress: testing-bluebox-linux-4-18988-linux-4/199.91.171.245:64021, childGroup: NioEventLoopGroup) + Bootstrap(group: OioEventLoopGroup, channelFactory: OioSocketChannel.class, remoteAddress: testing-bluebox-linux-4-18988-linux-4/199.91.171.245:64021))
00:26:19.836 [Thread-112] INFO  i.n.t.t.socket.SocketEchoTest - Running: testSimpleEchoWithBridgedBoundedBuffer 4 of 8 (ServerBootstrap(group: AioEventLoopGroup, channelFactory: AioServerSocketChannel.class, localAddress: testing-bluebox-linux-4-18988-linux-4/199.91.171.245:59444, childGroup: AioEventLoopGroup) + Bootstrap(group: NioEventLoopGroup, channelFactory: NioSocketChannel.class, remoteAddress: testing-bluebox-linux-4-18988-linux-4/199.91.171.245:59444))
00:26:20.216 [Thread-112] INFO  i.n.t.t.socket.SocketEchoTest - Running: testSimpleEchoWithBridgedBoundedBuffer 5 of 8 (ServerBootstrap(group: AioEventLoopGroup, channelFactory: AioServerSocketChannel.class, localAddress: testing-bluebox-linux-4-18988-linux-4/199.91.171.245:51288, childGroup: AioEventLoopGroup) + Bootstrap(group: AioEventLoopGroup, channelFactory: AioSocketChannel.class, remoteAddress: testing-bluebox-linux-4-18988-linux-4/199.91.171.245:51288))
00:26:20.605 [Thread-112] INFO  i.n.t.t.socket.SocketEchoTest - Running: testSimpleEchoWithBridgedBoundedBuffer 6 of 8 (ServerBootstrap(group: AioEventLoopGroup, channelFactory: AioServerSocketChannel.class, localAddress: testing-bluebox-linux-4-18988-linux-4/199.91.171.245:52190, childGroup: AioEventLoopGroup) + Bootstrap(group: OioEventLoopGroup, channelFactory: OioSocketChannel.class, remoteAddress: testing-bluebox-linux-4-18988-linux-4/199.91.171.245:52190))
00:26:21.976 [Thread-112] INFO  i.n.t.t.socket.SocketEchoTest - Running: testSimpleEchoWithBridgedBoundedBuffer 7 of 8 (ServerBootstrap(group: OioEventLoopGroup, channelFactory: OioServerSocketChannel.class, localAddress: testing-bluebox-linux-4-18988-linux-4/199.91.171.245:39993, childGroup: OioEventLoopGroup) + Bootstrap(group: NioEventLoopGroup, channelFactory: NioSocketChannel.class, remoteAddress: testing-bluebox-linux-4-18988-linux-4/199.91.171.245:39993))
00:26:24.987 [Thread-112] INFO  i.n.t.t.socket.SocketEchoTest - Running: testSimpleEchoWithBridgedBoundedBuffer 8 of 8 (ServerBootstrap(group: OioEventLoopGroup, channelFactory: OioServerSocketChannel.class, localAddress: testing-bluebox-linux-4-18988-linux-4/199.91.171.245:49538, childGroup: OioEventLoopGroup) + Bootstrap(group: AioEventLoopGroup, channelFactory: AioSocketChannel.class, remoteAddress: testing-bluebox-linux-4-18988-linux-4/199.91.171.245:49538))
Tests run: 4, Failures: 0, Errors: 0, Skipped: 0, Time elapsed: 28.902 sec
Running io.netty.testsuite.transport.socket.SocketFileRegionTest
00:26:28.070 [main] INFO  i.n.t.t.socket.SocketFileRegionTest - Running: testFileRegion 1 of 8 (ServerBootstrap(group: NioEventLoopGroup, channelFactory: NioServerSocketChannel.class, localAddress: testing-bluebox-linux-4-18988-linux-4/199.91.171.245:60209, childGroup: NioEventLoopGroup) + Bootstrap(group: NioEventLoopGroup, channelFactory: NioSocketChannel.class, remoteAddress: testing-bluebox-linux-4-18988-linux-4/199.91.171.245:60209))
00:26:28.217 [main] INFO  i.n.t.t.socket.SocketFileRegionTest - Running: testFileRegion 2 of 8 (ServerBootstrap(group: NioEventLoopGroup, channelFactory: NioServerSocketChannel.class, localAddress: testing-bluebox-linux-4-18988-linux-4/199.91.171.245:56752, childGroup: NioEventLoopGroup) + Bootstrap(group: AioEventLoopGroup, channelFactory: AioSocketChannel.class, remoteAddress: testing-bluebox-linux-4-18988-linux-4/199.91.171.245:56752))
00:26:28.360 [main] INFO  i.n.t.t.socket.SocketFileRegionTest - Running: testFileRegion 3 of 8 (ServerBootstrap(group: NioEventLoopGroup, channelFactory: NioServerSocketChannel.class, localAddress: testing-bluebox-linux-4-18988-linux-4/199.91.171.245:53063, childGroup: NioEventLoopGroup) + Bootstrap(group: OioEventLoopGroup, channelFactory: OioSocketChannel.class, remoteAddress: testing-bluebox-linux-4-18988-linux-4/199.91.171.245:53063))
00:26:28.492 [main] INFO  i.n.t.t.socket.SocketFileRegionTest - Running: testFileRegion 4 of 8 (ServerBootstrap(group: AioEventLoopGroup, channelFactory: AioServerSocketChannel.class, localAddress: testing-bluebox-linux-4-18988-linux-4/199.91.171.245:38824, childGroup: AioEventLoopGroup) + Bootstrap(group: NioEventLoopGroup, channelFactory: NioSocketChannel.class, remoteAddress: testing-bluebox-linux-4-18988-linux-4/199.91.171.245:38824))
00:26:28.646 [main] INFO  i.n.t.t.socket.SocketFileRegionTest - Running: testFileRegion 5 of 8 (ServerBootstrap(group: AioEventLoopGroup, channelFactory: AioServerSocketChannel.class, localAddress: testing-bluebox-linux-4-18988-linux-4/199.91.171.245:46632, childGroup: AioEventLoopGroup) + Bootstrap(group: AioEventLoopGroup, channelFactory: AioSocketChannel.class, remoteAddress: testing-bluebox-linux-4-18988-linux-4/199.91.171.245:46632))
00:26:28.802 [main] INFO  i.n.t.t.socket.SocketFileRegionTest - Running: testFileRegion 6 of 8 (ServerBootstrap(group: AioEventLoopGroup, channelFactory: AioServerSocketChannel.class, localAddress: testing-bluebox-linux-4-18988-linux-4/199.91.171.245:47995, childGroup: AioEventLoopGroup) + Bootstrap(group: OioEventLoopGroup, channelFactory: OioSocketChannel.class, remoteAddress: testing-bluebox-linux-4-18988-linux-4/199.91.171.245:47995))
00:26:28.958 [main] INFO  i.n.t.t.socket.SocketFileRegionTest - Running: testFileRegion 7 of 8 (ServerBootstrap(group: OioEventLoopGroup, channelFactory: OioServerSocketChannel.class, localAddress: testing-bluebox-linux-4-18988-linux-4/199.91.171.245:60884, childGroup: OioEventLoopGroup) + Bootstrap(group: NioEventLoopGroup, channelFactory: NioSocketChannel.class, remoteAddress: testing-bluebox-linux-4-18988-linux-4/199.91.171.245:60884))
00:26:31.004 [main] INFO  i.n.t.t.socket.SocketFileRegionTest - Running: testFileRegion 8 of 8 (ServerBootstrap(group: OioEventLoopGroup, channelFactory: OioServerSocketChannel.class, localAddress: testing-bluebox-linux-4-18988-linux-4/199.91.171.245:50055, childGroup: OioEventLoopGroup) + Bootstrap(group: AioEventLoopGroup, channelFactory: AioSocketChannel.class, remoteAddress: testing-bluebox-linux-4-18988-linux-4/199.91.171.245:50055))
Tests run: 1, Failures: 0, Errors: 0, Skipped: 0, Time elapsed: 5.031 sec

Results :

Tests run: 20, Failures: 0, Errors: 0, Skipped: 4

[INFO]                                                                         
[INFO] ------------------------------------------------------------------------
[INFO] Building Netty/Testsuite/OSGi 4.0.0.Beta3-SNAPSHOT
[INFO] ------------------------------------------------------------------------
[INFO] 
[INFO] --- maven-enforcer-plugin:1.1:enforce (enforce-maven) @ netty-testsuite-osgi-parent ---
[INFO] 
[INFO] --- maven-enforcer-plugin:1.1:enforce (enforce-tools) @ netty-testsuite-osgi-parent ---
[INFO] 
[INFO] --- maven-checkstyle-plugin:2.9.1:check (check-style) @ netty-testsuite-osgi-parent ---
[INFO] Starting audit...
Audit done.

[INFO] 
[INFO] --- animal-sniffer-maven-plugin:1.8:check (default) @ netty-testsuite-osgi-parent ---
[INFO] Checking unresolved references to org.codehaus.mojo.signature:java16:1.0
[INFO]                                                                         
[INFO] ------------------------------------------------------------------------
[INFO] Building Netty/Testsuite/OSGi/Split 4.0.0.Beta3-SNAPSHOT
[INFO] ------------------------------------------------------------------------
[INFO] 
[INFO] --- maven-enforcer-plugin:1.1:enforce (enforce-maven) @ netty-testsuite-osgi-split ---
[INFO] 
[INFO] --- maven-enforcer-plugin:1.1:enforce (enforce-tools) @ netty-testsuite-osgi-split ---
[INFO] 
[INFO] --- maven-checkstyle-plugin:2.9.1:check (check-style) @ netty-testsuite-osgi-split ---
[INFO] Starting audit...
Audit done.

[INFO] 
[INFO] --- maven-resources-plugin:2.5:resources (default-resources) @ netty-testsuite-osgi-split ---
[debug] execute contextualize
[INFO] Using 'UTF-8' encoding to copy filtered resources.
[INFO] skip non existing resourceDirectory /home/travis/build/netty/netty/testsuite-osgi/testsuite-osgi-split/src/main/resources
[INFO] 
[INFO] --- maven-compiler-plugin:2.5.1:compile (default-compile) @ netty-testsuite-osgi-split ---
[INFO] Compiling 1 source file to /home/travis/build/netty/netty/testsuite-osgi/testsuite-osgi-split/target/classes
[INFO] 
[INFO] --- animal-sniffer-maven-plugin:1.8:check (default) @ netty-testsuite-osgi-split ---
[INFO] Checking unresolved references to org.codehaus.mojo.signature:java16:1.0
[INFO] 
[INFO] --- maven-resources-plugin:2.5:testResources (default-testResources) @ netty-testsuite-osgi-split ---
[debug] execute contextualize
[INFO] Using 'UTF-8' encoding to copy filtered resources.
[INFO] skip non existing resourceDirectory /home/travis/build/netty/netty/testsuite-osgi/testsuite-osgi-split/src/test/resources
[INFO] 
[INFO] --- maven-compiler-plugin:2.5.1:testCompile (default-testCompile) @ netty-testsuite-osgi-split ---
[INFO] Nothing to compile - all classes are up to date
[INFO] 
[INFO] --- maven-surefire-plugin:2.12:test (default-test) @ netty-testsuite-osgi-split ---
[INFO] Surefire report directory: /home/travis/build/netty/netty/testsuite-osgi/testsuite-osgi-split/target/surefire-reports

-------------------------------------------------------
 T E S T S
-------------------------------------------------------

Results :

Tests run: 0, Failures: 0, Errors: 0, Skipped: 0

[INFO]                                                                         
[INFO] ------------------------------------------------------------------------
[INFO] Building Netty/Testsuite/OSGi/Deps 4.0.0.Beta3-SNAPSHOT
[INFO] ------------------------------------------------------------------------
[INFO] 
[INFO] --- maven-enforcer-plugin:1.1:enforce (enforce-maven) @ netty-testsuite-osgi-deps ---
[INFO] 
[INFO] --- maven-enforcer-plugin:1.1:enforce (enforce-tools) @ netty-testsuite-osgi-deps ---
[INFO] 
[INFO] --- maven-checkstyle-plugin:2.9.1:check (check-style) @ netty-testsuite-osgi-deps ---
[INFO] Starting audit...
Audit done.

[INFO] 
[INFO] --- karaf-maven-plugin:3.0.0-SNAPSHOT:features-generate-descriptor (default-features-generate-descriptor) @ netty-testsuite-osgi-deps ---
Downloading: https://repository.apache.org/snapshots/io/netty/netty-testsuite-osgi-deps/4.0.0.Beta3-SNAPSHOT/maven-metadata.xml
           [INFO] Generating feature descriptor file /home/travis/build/netty/netty/testsuite-osgi/testsuite-osgi-deps/target/feature/feature.xml
[WARNING] Error while opening artifact
java.io.FileNotFoundException: /home/travis/build/netty/netty/buffer/target/classes (Is a directory)
	at java.io.FileInputStream.open(Native Method)
	at java.io.FileInputStream.<init>(FileInputStream.java:138)
	at org.apache.karaf.tooling.features.GenerateDescriptorMojo.getManifest(GenerateDescriptorMojo.java:401)
	at org.apache.karaf.tooling.features.GenerateDescriptorMojo.writeFeatures(GenerateDescriptorMojo.java:354)
	at org.apache.karaf.tooling.features.GenerateDescriptorMojo.execute(GenerateDescriptorMojo.java:279)
	at org.apache.maven.plugin.DefaultBuildPluginManager.executeMojo(DefaultBuildPluginManager.java:101)
	at org.apache.maven.lifecycle.internal.MojoExecutor.execute(MojoExecutor.java:209)
	at org.apache.maven.lifecycle.internal.MojoExecutor.execute(MojoExecutor.java:153)
	at org.apache.maven.lifecycle.internal.MojoExecutor.execute(MojoExecutor.java:145)
	at org.apache.maven.lifecycle.internal.LifecycleModuleBuilder.buildProject(LifecycleModuleBuilder.java:84)
	at org.apache.maven.lifecycle.internal.LifecycleModuleBuilder.buildProject(LifecycleModuleBuilder.java:59)
	at org.apache.maven.lifecycle.internal.LifecycleStarter.singleThreadedBuild(LifecycleStarter.java:183)
	at org.apache.maven.lifecycle.internal.LifecycleStarter.execute(LifecycleStarter.java:161)
	at org.apache.maven.DefaultMaven.doExecute(DefaultMaven.java:320)
	at org.apache.maven.DefaultMaven.execute(DefaultMaven.java:156)
	at org.apache.maven.cli.MavenCli.execute(MavenCli.java:537)
	at org.apache.maven.cli.MavenCli.doMain(MavenCli.java:196)
	at org.apache.maven.cli.MavenCli.main(MavenCli.java:141)
	at sun.reflect.NativeMethodAccessorImpl.invoke0(Native Method)
	at sun.reflect.NativeMethodAccessorImpl.invoke(NativeMethodAccessorImpl.java:57)
	at sun.reflect.DelegatingMethodAccessorImpl.invoke(DelegatingMethodAccessorImpl.java:43)
	at java.lang.reflect.Method.invoke(Method.java:601)
	at org.codehaus.plexus.classworlds.launcher.Launcher.launchEnhanced(Launcher.java:290)
	at org.codehaus.plexus.classworlds.launcher.Launcher.launch(Launcher.java:230)
	at org.codehaus.plexus.classworlds.launcher.Launcher.mainWithExitCode(Launcher.java:409)
	at org.codehaus.plexus.classworlds.launcher.Launcher.main(Launcher.java:352)
[WARNING] Error while opening artifact
java.io.FileNotFoundException: /home/travis/build/netty/netty/common/target/classes (Is a directory)
	at java.io.FileInputStream.open(Native Method)
	at java.io.FileInputStream.<init>(FileInputStream.java:138)
	at org.apache.karaf.tooling.features.GenerateDescriptorMojo.getManifest(GenerateDescriptorMojo.java:401)
	at org.apache.karaf.tooling.features.GenerateDescriptorMojo.writeFeatures(GenerateDescriptorMojo.java:354)
	at org.apache.karaf.tooling.features.GenerateDescriptorMojo.execute(GenerateDescriptorMojo.java:279)
	at org.apache.maven.plugin.DefaultBuildPluginManager.executeMojo(DefaultBuildPluginManager.java:101)
	at org.apache.maven.lifecycle.internal.MojoExecutor.execute(MojoExecutor.java:209)
	at org.apache.maven.lifecycle.internal.MojoExecutor.execute(MojoExecutor.java:153)
	at org.apache.maven.lifecycle.internal.MojoExecutor.execute(MojoExecutor.java:145)
	at org.apache.maven.lifecycle.internal.LifecycleModuleBuilder.buildProject(LifecycleModuleBuilder.java:84)
	at org.apache.maven.lifecycle.internal.LifecycleModuleBuilder.buildProject(LifecycleModuleBuilder.java:59)
	at org.apache.maven.lifecycle.internal.LifecycleStarter.singleThreadedBuild(LifecycleStarter.java:183)
	at org.apache.maven.lifecycle.internal.LifecycleStarter.execute(LifecycleStarter.java:161)
	at org.apache.maven.DefaultMaven.doExecute(DefaultMaven.java:320)
	at org.apache.maven.DefaultMaven.execute(DefaultMaven.java:156)
	at org.apache.maven.cli.MavenCli.execute(MavenCli.java:537)
	at org.apache.maven.cli.MavenCli.doMain(MavenCli.java:196)
	at org.apache.maven.cli.MavenCli.main(MavenCli.java:141)
	at sun.reflect.NativeMethodAccessorImpl.invoke0(Native Method)
	at sun.reflect.NativeMethodAccessorImpl.invoke(NativeMethodAccessorImpl.java:57)
	at sun.reflect.DelegatingMethodAccessorImpl.invoke(DelegatingMethodAccessorImpl.java:43)
	at java.lang.reflect.Method.invoke(Method.java:601)
	at org.codehaus.plexus.classworlds.launcher.Launcher.launchEnhanced(Launcher.java:290)
	at org.codehaus.plexus.classworlds.launcher.Launcher.launch(Launcher.java:230)
	at org.codehaus.plexus.classworlds.launcher.Launcher.mainWithExitCode(Launcher.java:409)
	at org.codehaus.plexus.classworlds.launcher.Launcher.main(Launcher.java:352)
[WARNING] Error while opening artifact
java.io.FileNotFoundException: /home/travis/build/netty/netty/codec/target/classes (Is a directory)
	at java.io.FileInputStream.open(Native Method)
	at java.io.FileInputStream.<init>(FileInputStream.java:138)
	at org.apache.karaf.tooling.features.GenerateDescriptorMojo.getManifest(GenerateDescriptorMojo.java:401)
	at org.apache.karaf.tooling.features.GenerateDescriptorMojo.writeFeatures(GenerateDescriptorMojo.java:354)
	at org.apache.karaf.tooling.features.GenerateDescriptorMojo.execute(GenerateDescriptorMojo.java:279)
	at org.apache.maven.plugin.DefaultBuildPluginManager.executeMojo(DefaultBuildPluginManager.java:101)
	at org.apache.maven.lifecycle.internal.MojoExecutor.execute(MojoExecutor.java:209)
	at org.apache.maven.lifecycle.internal.MojoExecutor.execute(MojoExecutor.java:153)
	at org.apache.maven.lifecycle.internal.MojoExecutor.execute(MojoExecutor.java:145)
	at org.apache.maven.lifecycle.internal.LifecycleModuleBuilder.buildProject(LifecycleModuleBuilder.java:84)
	at org.apache.maven.lifecycle.internal.LifecycleModuleBuilder.buildProject(LifecycleModuleBuilder.java:59)
	at org.apache.maven.lifecycle.internal.LifecycleStarter.singleThreadedBuild(LifecycleStarter.java:183)
	at org.apache.maven.lifecycle.internal.LifecycleStarter.execute(LifecycleStarter.java:161)
	at org.apache.maven.DefaultMaven.doExecute(DefaultMaven.java:320)
	at org.apache.maven.DefaultMaven.execute(DefaultMaven.java:156)
	at org.apache.maven.cli.MavenCli.execute(MavenCli.java:537)
	at org.apache.maven.cli.MavenCli.doMain(MavenCli.java:196)
	at org.apache.maven.cli.MavenCli.main(MavenCli.java:141)
	at sun.reflect.NativeMethodAccessorImpl.invoke0(Native Method)
	at sun.reflect.NativeMethodAccessorImpl.invoke(NativeMethodAccessorImpl.java:57)
	at sun.reflect.DelegatingMethodAccessorImpl.invoke(DelegatingMethodAccessorImpl.java:43)
	at java.lang.reflect.Method.invoke(Method.java:601)
	at org.codehaus.plexus.classworlds.launcher.Launcher.launchEnhanced(Launcher.java:290)
	at org.codehaus.plexus.classworlds.launcher.Launcher.launch(Launcher.java:230)
	at org.codehaus.plexus.classworlds.launcher.Launcher.mainWithExitCode(Launcher.java:409)
	at org.codehaus.plexus.classworlds.launcher.Launcher.main(Launcher.java:352)
[WARNING] Error while opening artifact
java.io.FileNotFoundException: /home/travis/build/netty/netty/transport/target/classes (Is a directory)
	at java.io.FileInputStream.open(Native Method)
	at java.io.FileInputStream.<init>(FileInputStream.java:138)
	at org.apache.karaf.tooling.features.GenerateDescriptorMojo.getManifest(GenerateDescriptorMojo.java:401)
	at org.apache.karaf.tooling.features.GenerateDescriptorMojo.writeFeatures(GenerateDescriptorMojo.java:354)
	at org.apache.karaf.tooling.features.GenerateDescriptorMojo.execute(GenerateDescriptorMojo.java:279)
	at org.apache.maven.plugin.DefaultBuildPluginManager.executeMojo(DefaultBuildPluginManager.java:101)
	at org.apache.maven.lifecycle.internal.MojoExecutor.execute(MojoExecutor.java:209)
	at org.apache.maven.lifecycle.internal.MojoExecutor.execute(MojoExecutor.java:153)
	at org.apache.maven.lifecycle.internal.MojoExecutor.execute(MojoExecutor.java:145)
	at org.apache.maven.lifecycle.internal.LifecycleModuleBuilder.buildProject(LifecycleModuleBuilder.java:84)
	at org.apache.maven.lifecycle.internal.LifecycleModuleBuilder.buildProject(LifecycleModuleBuilder.java:59)
	at org.apache.maven.lifecycle.internal.LifecycleStarter.singleThreadedBuild(LifecycleStarter.java:183)
	at org.apache.maven.lifecycle.internal.LifecycleStarter.execute(LifecycleStarter.java:161)
	at org.apache.maven.DefaultMaven.doExecute(DefaultMaven.java:320)
	at org.apache.maven.DefaultMaven.execute(DefaultMaven.java:156)
	at org.apache.maven.cli.MavenCli.execute(MavenCli.java:537)
	at org.apache.maven.cli.MavenCli.doMain(MavenCli.java:196)
	at org.apache.maven.cli.MavenCli.main(MavenCli.java:141)
	at sun.reflect.NativeMethodAccessorImpl.invoke0(Native Method)
	at sun.reflect.NativeMethodAccessorImpl.invoke(NativeMethodAccessorImpl.java:57)
	at sun.reflect.DelegatingMethodAccessorImpl.invoke(DelegatingMethodAccessorImpl.java:43)
	at java.lang.reflect.Method.invoke(Method.java:601)
	at org.codehaus.plexus.classworlds.launcher.Launcher.launchEnhanced(Launcher.java:290)
	at org.codehaus.plexus.classworlds.launcher.Launcher.launch(Launcher.java:230)
	at org.codehaus.plexus.classworlds.launcher.Launcher.mainWithExitCode(Launcher.java:409)
	at org.codehaus.plexus.classworlds.launcher.Launcher.main(Launcher.java:352)
[WARNING] Error while opening artifact
java.io.FileNotFoundException: /home/travis/build/netty/netty/codec-http/target/classes (Is a directory)
	at java.io.FileInputStream.open(Native Method)
	at java.io.FileInputStream.<init>(FileInputStream.java:138)
	at org.apache.karaf.tooling.features.GenerateDescriptorMojo.getManifest(GenerateDescriptorMojo.java:401)
	at org.apache.karaf.tooling.features.GenerateDescriptorMojo.writeFeatures(GenerateDescriptorMojo.java:354)
	at org.apache.karaf.tooling.features.GenerateDescriptorMojo.execute(GenerateDescriptorMojo.java:279)
	at org.apache.maven.plugin.DefaultBuildPluginManager.executeMojo(DefaultBuildPluginManager.java:101)
	at org.apache.maven.lifecycle.internal.MojoExecutor.execute(MojoExecutor.java:209)
	at org.apache.maven.lifecycle.internal.MojoExecutor.execute(MojoExecutor.java:153)
	at org.apache.maven.lifecycle.internal.MojoExecutor.execute(MojoExecutor.java:145)
	at org.apache.maven.lifecycle.internal.LifecycleModuleBuilder.buildProject(LifecycleModuleBuilder.java:84)
	at org.apache.maven.lifecycle.internal.LifecycleModuleBuilder.buildProject(LifecycleModuleBuilder.java:59)
	at org.apache.maven.lifecycle.internal.LifecycleStarter.singleThreadedBuild(LifecycleStarter.java:183)
	at org.apache.maven.lifecycle.internal.LifecycleStarter.execute(LifecycleStarter.java:161)
	at org.apache.maven.DefaultMaven.doExecute(DefaultMaven.java:320)
	at org.apache.maven.DefaultMaven.execute(DefaultMaven.java:156)
	at org.apache.maven.cli.MavenCli.execute(MavenCli.java:537)
	at org.apache.maven.cli.MavenCli.doMain(MavenCli.java:196)
	at org.apache.maven.cli.MavenCli.main(MavenCli.java:141)
	at sun.reflect.NativeMethodAccessorImpl.invoke0(Native Method)
	at sun.reflect.NativeMethodAccessorImpl.invoke(NativeMethodAccessorImpl.java:57)
	at sun.reflect.DelegatingMethodAccessorImpl.invoke(DelegatingMethodAccessorImpl.java:43)
	at java.lang.reflect.Method.invoke(Method.java:601)
	at org.codehaus.plexus.classworlds.launcher.Launcher.launchEnhanced(Launcher.java:290)
	at org.codehaus.plexus.classworlds.launcher.Launcher.launch(Launcher.java:230)
	at org.codehaus.plexus.classworlds.launcher.Launcher.mainWithExitCode(Launcher.java:409)
	at org.codehaus.plexus.classworlds.launcher.Launcher.main(Launcher.java:352)
[WARNING] Error while opening artifact
java.io.FileNotFoundException: /home/travis/build/netty/netty/handler/target/classes (Is a directory)
	at java.io.FileInputStream.open(Native Method)
	at java.io.FileInputStream.<init>(FileInputStream.java:138)
	at org.apache.karaf.tooling.features.GenerateDescriptorMojo.getManifest(GenerateDescriptorMojo.java:401)
	at org.apache.karaf.tooling.features.GenerateDescriptorMojo.writeFeatures(GenerateDescriptorMojo.java:354)
	at org.apache.karaf.tooling.features.GenerateDescriptorMojo.execute(GenerateDescriptorMojo.java:279)
	at org.apache.maven.plugin.DefaultBuildPluginManager.executeMojo(DefaultBuildPluginManager.java:101)
	at org.apache.maven.lifecycle.internal.MojoExecutor.execute(MojoExecutor.java:209)
	at org.apache.maven.lifecycle.internal.MojoExecutor.execute(MojoExecutor.java:153)
	at org.apache.maven.lifecycle.internal.MojoExecutor.execute(MojoExecutor.java:145)
	at org.apache.maven.lifecycle.internal.LifecycleModuleBuilder.buildProject(LifecycleModuleBuilder.java:84)
	at org.apache.maven.lifecycle.internal.LifecycleModuleBuilder.buildProject(LifecycleModuleBuilder.java:59)
	at org.apache.maven.lifecycle.internal.LifecycleStarter.singleThreadedBuild(LifecycleStarter.java:183)
	at org.apache.maven.lifecycle.internal.LifecycleStarter.execute(LifecycleStarter.java:161)
	at org.apache.maven.DefaultMaven.doExecute(DefaultMaven.java:320)
	at org.apache.maven.DefaultMaven.execute(DefaultMaven.java:156)
	at org.apache.maven.cli.MavenCli.execute(MavenCli.java:537)
	at org.apache.maven.cli.MavenCli.doMain(MavenCli.java:196)
	at org.apache.maven.cli.MavenCli.main(MavenCli.java:141)
	at sun.reflect.NativeMethodAccessorImpl.invoke0(Native Method)
	at sun.reflect.NativeMethodAccessorImpl.invoke(NativeMethodAccessorImpl.java:57)
	at sun.reflect.DelegatingMethodAccessorImpl.invoke(DelegatingMethodAccessorImpl.java:43)
	at java.lang.reflect.Method.invoke(Method.java:601)
	at org.codehaus.plexus.classworlds.launcher.Launcher.launchEnhanced(Launcher.java:290)
	at org.codehaus.plexus.classworlds.launcher.Launcher.launch(Launcher.java:230)
	at org.codehaus.plexus.classworlds.launcher.Launcher.mainWithExitCode(Launcher.java:409)
	at org.codehaus.plexus.classworlds.launcher.Launcher.main(Launcher.java:352)
[WARNING] Error while opening artifact
java.io.FileNotFoundException: /home/travis/build/netty/netty/codec-socks/target/classes (Is a directory)
	at java.io.FileInputStream.open(Native Method)
	at java.io.FileInputStream.<init>(FileInputStream.java:138)
	at org.apache.karaf.tooling.features.GenerateDescriptorMojo.getManifest(GenerateDescriptorMojo.java:401)
	at org.apache.karaf.tooling.features.GenerateDescriptorMojo.writeFeatures(GenerateDescriptorMojo.java:354)
	at org.apache.karaf.tooling.features.GenerateDescriptorMojo.execute(GenerateDescriptorMojo.java:279)
	at org.apache.maven.plugin.DefaultBuildPluginManager.executeMojo(DefaultBuildPluginManager.java:101)
	at org.apache.maven.lifecycle.internal.MojoExecutor.execute(MojoExecutor.java:209)
	at org.apache.maven.lifecycle.internal.MojoExecutor.execute(MojoExecutor.java:153)
	at org.apache.maven.lifecycle.internal.MojoExecutor.execute(MojoExecutor.java:145)
	at org.apache.maven.lifecycle.internal.LifecycleModuleBuilder.buildProject(LifecycleModuleBuilder.java:84)
	at org.apache.maven.lifecycle.internal.LifecycleModuleBuilder.buildProject(LifecycleModuleBuilder.java:59)
	at org.apache.maven.lifecycle.internal.LifecycleStarter.singleThreadedBuild(LifecycleStarter.java:183)
	at org.apache.maven.lifecycle.internal.LifecycleStarter.execute(LifecycleStarter.java:161)
	at org.apache.maven.DefaultMaven.doExecute(DefaultMaven.java:320)
	at org.apache.maven.DefaultMaven.execute(DefaultMaven.java:156)
	at org.apache.maven.cli.MavenCli.execute(MavenCli.java:537)
	at org.apache.maven.cli.MavenCli.doMain(MavenCli.java:196)
	at org.apache.maven.cli.MavenCli.main(MavenCli.java:141)
	at sun.reflect.NativeMethodAccessorImpl.invoke0(Native Method)
	at sun.reflect.NativeMethodAccessorImpl.invoke(NativeMethodAccessorImpl.java:57)
	at sun.reflect.DelegatingMethodAccessorImpl.invoke(DelegatingMethodAccessorImpl.java:43)
	at java.lang.reflect.Method.invoke(Method.java:601)
	at org.codehaus.plexus.classworlds.launcher.Launcher.launchEnhanced(Launcher.java:290)
	at org.codehaus.plexus.classworlds.launcher.Launcher.launch(Launcher.java:230)
	at org.codehaus.plexus.classworlds.launcher.Launcher.mainWithExitCode(Launcher.java:409)
	at org.codehaus.plexus.classworlds.launcher.Launcher.main(Launcher.java:352)
[WARNING] Error while opening artifact
java.io.FileNotFoundException: /home/travis/build/netty/netty/transport-sctp/target/classes (Is a directory)
	at java.io.FileInputStream.open(Native Method)
	at java.io.FileInputStream.<init>(FileInputStream.java:138)
	at org.apache.karaf.tooling.features.GenerateDescriptorMojo.getManifest(GenerateDescriptorMojo.java:401)
	at org.apache.karaf.tooling.features.GenerateDescriptorMojo.writeFeatures(GenerateDescriptorMojo.java:354)
	at org.apache.karaf.tooling.features.GenerateDescriptorMojo.execute(GenerateDescriptorMojo.java:279)
	at org.apache.maven.plugin.DefaultBuildPluginManager.executeMojo(DefaultBuildPluginManager.java:101)
	at org.apache.maven.lifecycle.internal.MojoExecutor.execute(MojoExecutor.java:209)
	at org.apache.maven.lifecycle.internal.MojoExecutor.execute(MojoExecutor.java:153)
	at org.apache.maven.lifecycle.internal.MojoExecutor.execute(MojoExecutor.java:145)
	at org.apache.maven.lifecycle.internal.LifecycleModuleBuilder.buildProject(LifecycleModuleBuilder.java:84)
	at org.apache.maven.lifecycle.internal.LifecycleModuleBuilder.buildProject(LifecycleModuleBuilder.java:59)
	at org.apache.maven.lifecycle.internal.LifecycleStarter.singleThreadedBuild(LifecycleStarter.java:183)
	at org.apache.maven.lifecycle.internal.LifecycleStarter.execute(LifecycleStarter.java:161)
	at org.apache.maven.DefaultMaven.doExecute(DefaultMaven.java:320)
	at org.apache.maven.DefaultMaven.execute(DefaultMaven.java:156)
	at org.apache.maven.cli.MavenCli.execute(MavenCli.java:537)
	at org.apache.maven.cli.MavenCli.doMain(MavenCli.java:196)
	at org.apache.maven.cli.MavenCli.main(MavenCli.java:141)
	at sun.reflect.NativeMethodAccessorImpl.invoke0(Native Method)
	at sun.reflect.NativeMethodAccessorImpl.invoke(NativeMethodAccessorImpl.java:57)
	at sun.reflect.DelegatingMethodAccessorImpl.invoke(DelegatingMethodAccessorImpl.java:43)
	at java.lang.reflect.Method.invoke(Method.java:601)
	at org.codehaus.plexus.classworlds.launcher.Launcher.launchEnhanced(Launcher.java:290)
	at org.codehaus.plexus.classworlds.launcher.Launcher.launch(Launcher.java:230)
	at org.codehaus.plexus.classworlds.launcher.Launcher.mainWithExitCode(Launcher.java:409)
	at org.codehaus.plexus.classworlds.launcher.Launcher.main(Launcher.java:352)
[WARNING] Error while opening artifact
java.io.FileNotFoundException: /home/travis/build/netty/netty/transport-udt/target/classes (Is a directory)
	at java.io.FileInputStream.open(Native Method)
	at java.io.FileInputStream.<init>(FileInputStream.java:138)
	at org.apache.karaf.tooling.features.GenerateDescriptorMojo.getManifest(GenerateDescriptorMojo.java:401)
	at org.apache.karaf.tooling.features.GenerateDescriptorMojo.writeFeatures(GenerateDescriptorMojo.java:354)
	at org.apache.karaf.tooling.features.GenerateDescriptorMojo.execute(GenerateDescriptorMojo.java:279)
	at org.apache.maven.plugin.DefaultBuildPluginManager.executeMojo(DefaultBuildPluginManager.java:101)
	at org.apache.maven.lifecycle.internal.MojoExecutor.execute(MojoExecutor.java:209)
	at org.apache.maven.lifecycle.internal.MojoExecutor.execute(MojoExecutor.java:153)
	at org.apache.maven.lifecycle.internal.MojoExecutor.execute(MojoExecutor.java:145)
	at org.apache.maven.lifecycle.internal.LifecycleModuleBuilder.buildProject(LifecycleModuleBuilder.java:84)
	at org.apache.maven.lifecycle.internal.LifecycleModuleBuilder.buildProject(LifecycleModuleBuilder.java:59)
	at org.apache.maven.lifecycle.internal.LifecycleStarter.singleThreadedBuild(LifecycleStarter.java:183)
	at org.apache.maven.lifecycle.internal.LifecycleStarter.execute(LifecycleStarter.java:161)
	at org.apache.maven.DefaultMaven.doExecute(DefaultMaven.java:320)
	at org.apache.maven.DefaultMaven.execute(DefaultMaven.java:156)
	at org.apache.maven.cli.MavenCli.execute(MavenCli.java:537)
	at org.apache.maven.cli.MavenCli.doMain(MavenCli.java:196)
	at org.apache.maven.cli.MavenCli.main(MavenCli.java:141)
	at sun.reflect.NativeMethodAccessorImpl.invoke0(Native Method)
	at sun.reflect.NativeMethodAccessorImpl.invoke(NativeMethodAccessorImpl.java:57)
	at sun.reflect.DelegatingMethodAccessorImpl.invoke(DelegatingMethodAccessorImpl.java:43)
	at java.lang.reflect.Method.invoke(Method.java:601)
	at org.codehaus.plexus.classworlds.launcher.Launcher.launchEnhanced(Launcher.java:290)
	at org.codehaus.plexus.classworlds.launcher.Launcher.launch(Launcher.java:230)
	at org.codehaus.plexus.classworlds.launcher.Launcher.mainWithExitCode(Launcher.java:409)
	at org.codehaus.plexus.classworlds.launcher.Launcher.main(Launcher.java:352)
[INFO] ...done!
[INFO] 
[INFO] --- animal-sniffer-maven-plugin:1.8:check (default) @ netty-testsuite-osgi-deps ---
[INFO] Checking unresolved references to org.codehaus.mojo.signature:java16:1.0
[INFO]                                                                         
[INFO] ------------------------------------------------------------------------
[INFO] Building Netty/Testsuite/OSGi/Exam 4.0.0.Beta3-SNAPSHOT
[INFO] ------------------------------------------------------------------------
[INFO] 
[INFO] --- maven-enforcer-plugin:1.1:enforce (enforce-maven) @ netty-testsuite-osgi-exam ---
[INFO] 
[INFO] --- maven-enforcer-plugin:1.1:enforce (enforce-tools) @ netty-testsuite-osgi-exam ---
[INFO] 
[INFO] --- maven-checkstyle-plugin:2.9.1:check (check-style) @ netty-testsuite-osgi-exam ---
[INFO] Starting audit...
Audit done.

[INFO] 
[INFO] --- depends-maven-plugin:1.2:generate-depends-file (generate-depends-file) @ netty-testsuite-osgi-exam ---
[INFO] Created: /home/travis/build/netty/netty/testsuite-osgi/testsuite-osgi-exam/target/classes/META-INF/maven/dependencies.properties
[INFO] 
[INFO] --- maven-resources-plugin:2.5:resources (default-resources) @ netty-testsuite-osgi-exam ---
[debug] execute contextualize
[INFO] Using 'UTF-8' encoding to copy filtered resources.
[INFO] Copying 2 resources
[INFO] 
[INFO] --- maven-compiler-plugin:2.5.1:compile (default-compile) @ netty-testsuite-osgi-exam ---
[INFO] Compiling 1 source file to /home/travis/build/netty/netty/testsuite-osgi/testsuite-osgi-exam/target/classes
[INFO] 
[INFO] --- animal-sniffer-maven-plugin:1.8:check (default) @ netty-testsuite-osgi-exam ---
[INFO] Checking unresolved references to org.codehaus.mojo.signature:java16:1.0
[INFO] 
[INFO] --- carrot-maven-scr-plugin:1.1.5:generate (generate) @ netty-testsuite-osgi-exam ---
[INFO] 
[INFO] excludedServices
[INFO] 	 service=java.lang.Cloneable
[INFO] 
[INFO] properPackaging
[INFO] 	 packaging=bundle
[INFO] 
[INFO] input classes = /home/travis/build/netty/netty/testsuite-osgi/testsuite-osgi-exam/target/classes
[INFO] 	 dependency = file:/home/travis/build/netty/netty/testsuite-osgi/testsuite-osgi-exam/target/classes/
[INFO] 	 dependency = file:/home/travis/.m2/repository/org/slf4j/slf4j-api/1.7.2/slf4j-api-1.7.2.jar
[INFO] 	 dependency = file:/home/travis/.m2/repository/com/carrotgarden/osgi/carrot-osgi-anno-scr-core/1.1.3/carrot-osgi-anno-scr-core-1.1.3.jar
[INFO] 	 dependency = file:/home/travis/.m2/repository/org/apache/felix/org.apache.felix.scr/1.6.2/org.apache.felix.scr-1.6.2.jar
[INFO] 	 dependency = file:/home/travis/build/netty/netty/buffer/target/classes/
[INFO] 	 dependency = file:/home/travis/build/netty/netty/codec/target/classes/
[INFO] 	 dependency = file:/home/travis/build/netty/netty/codec-http/target/classes/
[INFO] 	 dependency = file:/home/travis/build/netty/netty/codec-socks/target/classes/
[INFO] 	 dependency = file:/home/travis/build/netty/netty/common/target/classes/
[INFO] 	 dependency = file:/home/travis/build/netty/netty/handler/target/classes/
[INFO] 	 dependency = file:/home/travis/build/netty/netty/transport/target/classes/
[INFO] 	 dependency = file:/home/travis/build/netty/netty/transport-rxtx/target/classes/
[INFO] 	 dependency = file:/home/travis/.m2/repository/org/rxtx/rxtx/2.1.7/rxtx-2.1.7.jar
[INFO] 	 dependency = file:/home/travis/build/netty/netty/transport-sctp/target/classes/
[INFO] 	 dependency = file:/home/travis/build/netty/netty/transport-udt/target/classes/
[INFO] 	 dependency = file:/home/travis/.m2/repository/com/barchart/udt/barchart-udt-bundle/2.2.2/barchart-udt-bundle-2.2.2.jar
[INFO] 	 dependency = file:/home/travis/.m2/repository/org/osgi/org.osgi.core/4.3.1/org.osgi.core-4.3.1.jar
[INFO] 	 dependency = file:/home/travis/.m2/repository/org/javassist/javassist/3.17.1-GA/javassist-3.17.1-GA.jar
[INFO] 
[INFO] output directory = /home/travis/build/netty/netty/testsuite-osgi/testsuite-osgi-exam/target/classes/OSGI-INF/service-component
[INFO] 	 descriptor = io.netty.verify.osgi.NettyServiceProvider.xml
[INFO] 
[INFO] active components count = 1
[INFO] 
[INFO] including empty descriptor = /home/travis/build/netty/netty/testsuite-osgi/testsuite-osgi-exam/target/classes/OSGI-INF/service-component/null.xml
[INFO] 
[INFO] including descriptor resource = Resource {targetPath: OSGI-INF/service-component, filtering: false, FileSet {directory: /home/travis/build/netty/netty/testsuite-osgi/testsuite-osgi-exam/target/classes/OSGI-INF/service-component, PatternSet [includes: {}, excludes: {}]}}
[INFO] 
[INFO] combined classes count = 2
[INFO] descriptor class count = 1
[INFO] time, millis total     = 243
[INFO] rate, millis per descr = 243
[INFO] 
[INFO] --- maven-resources-plugin:2.5:testResources (default-testResources) @ netty-testsuite-osgi-exam ---
[debug] execute contextualize
[INFO] Using 'UTF-8' encoding to copy filtered resources.
[INFO] Copying 1 resource
[INFO] 
[INFO] --- maven-compiler-plugin:2.5.1:testCompile (default-testCompile) @ netty-testsuite-osgi-exam ---
[INFO] Nothing to compile - all classes are up to date
[INFO] 
[INFO] --- maven-surefire-plugin:2.12:test (default-test) @ netty-testsuite-osgi-exam ---
[INFO] Surefire report directory: /home/travis/build/netty/netty/testsuite-osgi/testsuite-osgi-exam/target/surefire-reports

-------------------------------------------------------
 T E S T S
-------------------------------------------------------

Results :

Tests run: 0, Failures: 0, Errors: 0, Skipped: 0

[INFO]                                                                         
[INFO] ------------------------------------------------------------------------
[INFO] Building Netty/Microbench 4.0.0.Beta3-SNAPSHOT
[INFO] ------------------------------------------------------------------------
[INFO] 
[INFO] --- maven-enforcer-plugin:1.1:enforce (enforce-maven) @ netty-microbench ---
[INFO] 
[INFO] --- maven-enforcer-plugin:1.1:enforce (enforce-tools) @ netty-microbench ---
[INFO] 
[INFO] --- maven-checkstyle-plugin:2.9.1:check (check-style) @ netty-microbench ---
[INFO] Starting audit...
Audit done.

[INFO] 
[INFO] --- maven-resources-plugin:2.5:resources (default-resources) @ netty-microbench ---
[debug] execute contextualize
[INFO] Using 'UTF-8' encoding to copy filtered resources.
[INFO] skip non existing resourceDirectory /home/travis/build/netty/netty/microbench/src/main/resources
[INFO] 
[INFO] --- maven-compiler-plugin:2.5.1:compile (default-compile) @ netty-microbench ---
[INFO] No sources to compile
[INFO] 
[INFO] --- animal-sniffer-maven-plugin:1.8:check (default) @ netty-microbench ---
[INFO] Checking unresolved references to org.codehaus.mojo.signature:java16:1.0
[INFO] 
[INFO] --- maven-resources-plugin:2.5:testResources (default-testResources) @ netty-microbench ---
[debug] execute contextualize
[INFO] Using 'UTF-8' encoding to copy filtered resources.
[INFO] skip non existing resourceDirectory /home/travis/build/netty/netty/microbench/src/test/resources
[INFO] 
[INFO] --- maven-compiler-plugin:2.5.1:testCompile (default-testCompile) @ netty-microbench ---
[INFO] Nothing to compile - all classes are up to date
[INFO] 
[INFO] --- maven-surefire-plugin:2.12:test (default-test) @ netty-microbench ---
[INFO] Tests are skipped.
[INFO]                                                                         
[INFO] ------------------------------------------------------------------------
[INFO] Building Netty/All-in-One 4.0.0.Beta3-SNAPSHOT
[INFO] ------------------------------------------------------------------------
[INFO] 
[INFO] --- maven-enforcer-plugin:1.1:enforce (enforce-maven) @ netty-all ---
[INFO] 
[INFO] --- maven-enforcer-plugin:1.1:enforce (enforce-tools) @ netty-all ---
[INFO] 
[INFO] --- maven-clean-plugin:2.5:clean (clean-first) @ netty-all ---
[INFO] Deleting /home/travis/build/netty/netty/all/target
[INFO]                                                                         
[INFO] ------------------------------------------------------------------------
[INFO] Building Netty/Tarball 4.0.0.Beta3-SNAPSHOT
[INFO] ------------------------------------------------------------------------
Downloading: https://repository.apache.org/snapshots/io/netty/netty-all/4.0.0.Beta3-SNAPSHOT/maven-metadata.xml
           [INFO] 
[INFO] --- maven-enforcer-plugin:1.1:enforce (enforce-maven) @ netty-tarball ---
[INFO] 
[INFO] --- maven-enforcer-plugin:1.1:enforce (enforce-tools) @ netty-tarball ---
[INFO] 
[INFO] --- maven-clean-plugin:2.5:clean (clean-first) @ netty-tarball ---
[INFO] ------------------------------------------------------------------------
[INFO] Reactor Summary:
[INFO] 
[INFO] Netty ............................................. SUCCESS [3.269s]
[INFO] Netty/Common ...................................... SUCCESS [7.763s]
[INFO] Netty/Buffer ...................................... SUCCESS [15.353s]
[INFO] Netty/Transport ................................... SUCCESS [27.498s]
[INFO] Netty/Codec ....................................... SUCCESS [4.177s]
[INFO] Netty/Handler ..................................... SUCCESS [3.600s]
[INFO] Netty/Codec/HTTP .................................. SUCCESS [6.821s]
[INFO] Netty/Codec/Socks ................................. SUCCESS [2.664s]
[INFO] Netty/Transport/RXTX .............................. SUCCESS [1.756s]
[INFO] Netty/Transport/SCTP .............................. SUCCESS [1.916s]
[INFO] Netty/Transport/UDT ............................... SUCCESS [18.402s]
[INFO] Netty/Example ..................................... SUCCESS [2.401s]
[INFO] Netty/Testsuite ................................... SUCCESS [1:25.587s]
[INFO] Netty/Testsuite/OSGi .............................. SUCCESS [0.559s]
[INFO] Netty/Testsuite/OSGi/Split ........................ SUCCESS [1.607s]
[INFO] Netty/Testsuite/OSGi/Deps ......................... SUCCESS [3.236s]
[INFO] Netty/Testsuite/OSGi/Exam ......................... SUCCESS [3.070s]
[INFO] Netty/Microbench .................................. SUCCESS [0.738s]
[INFO] Netty/All-in-One .................................. SUCCESS [0.418s]
[INFO] Netty/Tarball ..................................... SUCCESS [0.292s]
[INFO] ------------------------------------------------------------------------
[INFO] BUILD SUCCESS
[INFO] ------------------------------------------------------------------------
[INFO] Total time: 3:14.586s
[INFO] Finished at: Mon Mar 11 00:26:43 UTC 2013
[INFO] Final Memory: 27M/209M
[INFO] ------------------------------------------------------------------------

The command "mvn test" exited with 0.

Done. Your build exited with 0.
