Using worker: worker-linux-docker-3fff27b9.prod.travis-ci.org:travis-linux-1

travis_fold:start:system_info[0K[33;1mBuild system information[0m
Build language: java
Build group: stable
Build dist: precise
[34m[1mBuild image provisioning date and time[0m
Thu Feb  5 15:09:33 UTC 2015
[34m[1mOperating System Details[0m
Distributor ID:	Ubuntu
Description:	Ubuntu 12.04.5 LTS
Release:	12.04
Codename:	precise
[34m[1mLinux Version[0m
3.13.0-29-generic
[34m[1mCookbooks Version[0m
a68419e https://github.com/travis-ci/travis-cookbooks/tree/a68419e
[34m[1mGCC version[0m
gcc (Ubuntu/Linaro 4.6.3-1ubuntu5) 4.6.3
Copyright (C) 2011 Free Software Foundation, Inc.
This is free software; see the source for copying conditions.  There is NO
warranty; not even for MERCHANTABILITY or FITNESS FOR A PARTICULAR PURPOSE.

[34m[1mLLVM version[0m
clang version 3.4 (tags/RELEASE_34/final)
Target: x86_64-unknown-linux-gnu
Thread model: posix
[34m[1mPre-installed Ruby versions[0m
ruby-1.9.3-p551
[34m[1mPre-installed Node.js versions[0m
v0.10.36
[34m[1mPre-installed Go versions[0m
1.4.1
[34m[1mRedis version[0m
redis-server 2.8.19
[34m[1mriak version[0m
2.0.2
[34m[1mMongoDB version[0m
MongoDB 2.4.12
[34m[1mCouchDB version[0m
couchdb 1.6.1
[34m[1mNeo4j version[0m
1.9.4
[34m[1mRabbitMQ Version[0m
3.4.3
[34m[1mElasticSearch version[0m
1.4.0
[34m[1mInstalled Sphinx versions[0m
2.0.10
2.1.9
2.2.6
[34m[1mDefault Sphinx version[0m
2.2.6
[34m[1mInstalled Firefox version[0m
firefox 31.0esr
[34m[1mPhantomJS version[0m
1.9.8
[34m[1mant -version[0m
Apache Ant(TM) version 1.8.2 compiled on December 3 2011
[34m[1mmvn -version[0m
Apache Maven 3.2.5 (12a6b3acb947671f09b81f49094c53f426d8cea1; 2014-12-14T17:29:23+00:00)
Maven home: /usr/local/maven
Java version: 1.7.0_76, vendor: Oracle Corporation
Java home: /usr/lib/jvm/java-7-oracle/jre
Default locale: en_US, platform encoding: ANSI_X3.4-1968
OS name: "linux", version: "3.13.0-29-generic", arch: "amd64", family: "unix"
travis_fold:end:system_info[0K
travis_fold:start:fix.CVE-2015-7547[0K$ export DEBIAN_FRONTEND=noninteractive
W: Size of file /var/lib/apt/lists/us.archive.ubuntu.com_ubuntu_dists_precise-backports_multiverse_source_Sources.gz is not what the server reported 5886 5888
W: Size of file /var/lib/apt/lists/ppa.launchpad.net_ubuntugis_ppa_ubuntu_dists_precise_main_binary-amd64_Packages.gz is not what the server reported 36669 36677
W: Size of file /var/lib/apt/lists/ppa.launchpad.net_ubuntugis_ppa_ubuntu_dists_precise_main_binary-i386_Packages.gz is not what the server reported 36729 36733
Reading package lists...
Building dependency tree...
Reading state information...
The following extra packages will be installed:
  libc-bin libc-dev-bin libc6-dev
Suggested packages:
  glibc-doc
The following packages will be upgraded:
  libc-bin libc-dev-bin libc6 libc6-dev
4 upgraded, 0 newly installed, 0 to remove and 246 not upgraded.
Need to get 8,840 kB of archives.
After this operation, 14.3 kB disk space will be freed.
Get:1 http://us.archive.ubuntu.com/ubuntu/ precise-updates/main libc6-dev amd64 2.15-0ubuntu10.15 [2,943 kB]
Get:2 http://us.archive.ubuntu.com/ubuntu/ precise-updates/main libc-dev-bin amd64 2.15-0ubuntu10.15 [84.7 kB]
Get:3 http://us.archive.ubuntu.com/ubuntu/ precise-updates/main libc-bin amd64 2.15-0ubuntu10.15 [1,177 kB]
Get:4 http://us.archive.ubuntu.com/ubuntu/ precise-updates/main libc6 amd64 2.15-0ubuntu10.15 [4,636 kB]
Fetched 8,840 kB in 0s (35.5 MB/s)
Preconfiguring packages ...
(Reading database ... (Reading database ... 5%(Reading database ... 10%(Reading database ... 15%(Reading database ... 20%(Reading database ... 25%(Reading database ... 30%(Reading database ... 35%(Reading database ... 40%(Reading database ... 45%(Reading database ... 50%(Reading database ... 55%(Reading database ... 60%(Reading database ... 65%(Reading database ... 70%(Reading database ... 75%(Reading database ... 80%(Reading database ... 85%(Reading database ... 90%(Reading database ... 95%(Reading database ... 100%(Reading database ... 72019 files and directories currently installed.)
Preparing to replace libc6-dev 2.15-0ubuntu10.10 (using .../libc6-dev_2.15-0ubuntu10.15_amd64.deb) ...
Unpacking replacement libc6-dev ...
Preparing to replace libc-dev-bin 2.15-0ubuntu10.10 (using .../libc-dev-bin_2.15-0ubuntu10.15_amd64.deb) ...
Unpacking replacement libc-dev-bin ...
Preparing to replace libc-bin 2.15-0ubuntu10.10 (using .../libc-bin_2.15-0ubuntu10.15_amd64.deb) ...
Unpacking replacement libc-bin ...
Processing triggers for man-db ...
Setting up libc-bin (2.15-0ubuntu10.15) ...
(Reading database ... (Reading database ... 5%(Reading database ... 10%(Reading database ... 15%(Reading database ... 20%(Reading database ... 25%(Reading database ... 30%(Reading database ... 35%(Reading database ... 40%(Reading database ... 45%(Reading database ... 50%(Reading database ... 55%(Reading database ... 60%(Reading database ... 65%(Reading database ... 70%(Reading database ... 75%(Reading database ... 80%(Reading database ... 85%(Reading database ... 90%(Reading database ... 95%(Reading database ... 100%(Reading database ... 72018 files and directories currently installed.)
Preparing to replace libc6 2.15-0ubuntu10.10 (using .../libc6_2.15-0ubuntu10.15_amd64.deb) ...
Unpacking replacement libc6 ...
Setting up libc6 (2.15-0ubuntu10.15) ...
Setting up libc-dev-bin (2.15-0ubuntu10.15) ...
Setting up libc6-dev (2.15-0ubuntu10.15) ...
Processing triggers for libc-bin ...
ldconfig deferred processing now taking place
travis_fold:end:fix.CVE-2015-7547[0Ktravis_fold:start:git.checkout[0Ktravis_time:start:07594534[0K$ git clone --depth=50 --branch=1.x-branch https://github.com/apache/storm.git apache/storm
Cloning into 'apache/storm'...
remote: Counting objects: 4895, done.[K
remote: Compressing objects:   0% (1/3104)   [Kremote: Compressing objects:   1% (32/3104)   [Kremote: Compressing objects:   2% (63/3104)   [Kremote: Compressing objects:   3% (94/3104)   [Kremote: Compressing objects:   4% (125/3104)   [Kremote: Compressing objects:   5% (156/3104)   [Kremote: Compressing objects:   6% (187/3104)   [Kremote: Compressing objects:   7% (218/3104)   [Kremote: Compressing objects:   8% (249/3104)   [Kremote: Compressing objects:   9% (280/3104)   [Kremote: Compressing objects:  10% (311/3104)   [Kremote: Compressing objects:  11% (342/3104)   [Kremote: Compressing objects:  12% (373/3104)   [Kremote: Compressing objects:  13% (404/3104)   [Kremote: Compressing objects:  14% (435/3104)   [Kremote: Compressing objects:  15% (466/3104)   [Kremote: Compressing objects:  16% (497/3104)   [Kremote: Compressing objects:  17% (528/3104)   [Kremote: Compressing objects:  18% (559/3104)   [Kremote: Compressing objects:  19% (590/3104)   [Kremote: Compressing objects:  20% (621/3104)   [Kremote: Compressing objects:  21% (652/3104)   [Kremote: Compressing objects:  22% (683/3104)   [Kremote: Compressing objects:  23% (714/3104)   [Kremote: Compressing objects:  24% (745/3104)   [Kremote: Compressing objects:  25% (776/3104)   [Kremote: Compressing objects:  26% (808/3104)   [Kremote: Compressing objects:  27% (839/3104)   [Kremote: Compressing objects:  28% (870/3104)   [Kremote: Compressing objects:  29% (901/3104)   [Kremote: Compressing objects:  30% (932/3104)   [Kremote: Compressing objects:  31% (963/3104)   [Kremote: Compressing objects:  32% (994/3104)   [Kremote: Compressing objects:  33% (1025/3104)   [Kremote: Compressing objects:  34% (1056/3104)   [Kremote: Compressing objects:  35% (1087/3104)   [Kremote: Compressing objects:  36% (1118/3104)   [Kremote: Compressing objects:  37% (1149/3104)   [Kremote: Compressing objects:  38% (1180/3104)   [Kremote: Compressing objects:  39% (1211/3104)   [Kremote: Compressing objects:  40% (1242/3104)   [Kremote: Compressing objects:  41% (1273/3104)   [Kremote: Compressing objects:  42% (1304/3104)   [Kremote: Compressing objects:  43% (1335/3104)   [Kremote: Compressing objects:  44% (1366/3104)   [Kremote: Compressing objects:  45% (1397/3104)   [Kremote: Compressing objects:  46% (1428/3104)   [Kremote: Compressing objects:  47% (1459/3104)   [Kremote: Compressing objects:  48% (1490/3104)   [Kremote: Compressing objects:  49% (1521/3104)   [Kremote: Compressing objects:  50% (1552/3104)   [Kremote: Compressing objects:  51% (1584/3104)   [Kremote: Compressing objects:  52% (1615/3104)   [Kremote: Compressing objects:  53% (1646/3104)   [Kremote: Compressing objects:  54% (1677/3104)   [Kremote: Compressing objects:  55% (1708/3104)   [Kremote: Compressing objects:  56% (1739/3104)   [Kremote: Compressing objects:  57% (1770/3104)   [Kremote: Compressing objects:  58% (1801/3104)   [Kremote: Compressing objects:  59% (1832/3104)   [Kremote: Compressing objects:  60% (1863/3104)   [Kremote: Compressing objects:  61% (1894/3104)   [Kremote: Compressing objects:  62% (1925/3104)   [Kremote: Compressing objects:  63% (1956/3104)   [Kremote: Compressing objects:  64% (1987/3104)   [Kremote: Compressing objects:  65% (2018/3104)   [Kremote: Compressing objects:  66% (2049/3104)   [Kremote: Compressing objects:  67% (2080/3104)   [Kremote: Compressing objects:  68% (2111/3104)   [Kremote: Compressing objects:  69% (2142/3104)   [Kremote: Compressing objects:  70% (2173/3104)   [Kremote: Compressing objects:  71% (2204/3104)   [Kremote: Compressing objects:  72% (2235/3104)   [Kremote: Compressing objects:  73% (2266/3104)   [Kremote: Compressing objects:  74% (2297/3104)   [Kremote: Compressing objects:  75% (2328/3104)   [Kremote: Compressing objects:  76% (2360/3104)   [Kremote: Compressing objects:  77% (2391/3104)   [Kremote: Compressing objects:  78% (2422/3104)   [Kremote: Compressing objects:  79% (2453/3104)   [Kremote: Compressing objects:  80% (2484/3104)   [Kremote: Compressing objects:  81% (2515/3104)   [Kremote: Compressing objects:  82% (2546/3104)   [Kremote: Compressing objects:  83% (2577/3104)   [Kremote: Compressing objects:  84% (2608/3104)   [Kremote: Compressing objects:  85% (2639/3104)   [Kremote: Compressing objects:  86% (2670/3104)   [Kremote: Compressing objects:  87% (2701/3104)   [Kremote: Compressing objects:  88% (2732/3104)   [Kremote: Compressing objects:  89% (2763/3104)   [Kremote: Compressing objects:  90% (2794/3104)   [Kremote: Compressing objects:  91% (2825/3104)   [Kremote: Compressing objects:  92% (2856/3104)   [Kremote: Compressing objects:  93% (2887/3104)   [Kremote: Compressing objects:  94% (2918/3104)   [Kremote: Compressing objects:  95% (2949/3104)   [Kremote: Compressing objects:  96% (2980/3104)   [Kremote: Compressing objects:  97% (3011/3104)   [Kremote: Compressing objects:  98% (3042/3104)   [Kremote: Compressing objects:  99% (3073/3104)   [Kremote: Compressing objects: 100% (3104/3104)   [Kremote: Compressing objects: 100% (3104/3104), done.[K
Receiving objects:   0% (1/4895)   Receiving objects:   1% (49/4895)   Receiving objects:   2% (98/4895)   Receiving objects:   3% (147/4895)   Receiving objects:   4% (196/4895)   Receiving objects:   5% (245/4895)   Receiving objects:   6% (294/4895)   Receiving objects:   7% (343/4895)   Receiving objects:   8% (392/4895)   Receiving objects:   9% (441/4895)   Receiving objects:  10% (490/4895)   Receiving objects:  11% (539/4895)   Receiving objects:  12% (588/4895)   Receiving objects:  13% (637/4895)   Receiving objects:  14% (686/4895)   Receiving objects:  15% (735/4895)   Receiving objects:  16% (784/4895)   Receiving objects:  17% (833/4895)   Receiving objects:  18% (882/4895)   Receiving objects:  19% (931/4895)   Receiving objects:  20% (979/4895)   Receiving objects:  21% (1028/4895)   Receiving objects:  22% (1077/4895)   Receiving objects:  23% (1126/4895)   Receiving objects:  24% (1175/4895)   Receiving objects:  25% (1224/4895)   Receiving objects:  26% (1273/4895)   Receiving objects:  27% (1322/4895)   Receiving objects:  28% (1371/4895)   Receiving objects:  29% (1420/4895)   Receiving objects:  30% (1469/4895)   Receiving objects:  31% (1518/4895)   Receiving objects:  32% (1567/4895)   Receiving objects:  33% (1616/4895)   Receiving objects:  34% (1665/4895)   Receiving objects:  35% (1714/4895)   Receiving objects:  36% (1763/4895)   Receiving objects:  37% (1812/4895)   Receiving objects:  38% (1861/4895)   Receiving objects:  39% (1910/4895)   Receiving objects:  40% (1958/4895)   Receiving objects:  41% (2007/4895)   Receiving objects:  42% (2056/4895)   Receiving objects:  43% (2105/4895)   Receiving objects:  44% (2154/4895)   Receiving objects:  45% (2203/4895)   Receiving objects:  46% (2252/4895)   Receiving objects:  47% (2301/4895)   Receiving objects:  48% (2350/4895)   Receiving objects:  49% (2399/4895)   Receiving objects:  50% (2448/4895)   Receiving objects:  51% (2497/4895)   Receiving objects:  52% (2546/4895)   Receiving objects:  53% (2595/4895)   Receiving objects:  54% (2644/4895)   Receiving objects:  55% (2693/4895)   Receiving objects:  56% (2742/4895)   Receiving objects:  57% (2791/4895)   Receiving objects:  58% (2840/4895)   Receiving objects:  59% (2889/4895)   Receiving objects:  60% (2937/4895)   Receiving objects:  61% (2986/4895)   Receiving objects:  62% (3035/4895)   Receiving objects:  63% (3084/4895)   Receiving objects:  64% (3133/4895)   Receiving objects:  65% (3182/4895)   Receiving objects:  66% (3231/4895)   Receiving objects:  67% (3280/4895)   Receiving objects:  68% (3329/4895)   Receiving objects:  69% (3378/4895)   Receiving objects:  70% (3427/4895)   Receiving objects:  71% (3476/4895)   Receiving objects:  72% (3525/4895)   Receiving objects:  73% (3574/4895)   Receiving objects:  74% (3623/4895)   Receiving objects:  75% (3672/4895)   Receiving objects:  76% (3721/4895)   Receiving objects:  77% (3770/4895)   Receiving objects:  78% (3819/4895)   Receiving objects:  79% (3868/4895)   Receiving objects:  80% (3916/4895)   Receiving objects:  81% (3965/4895)   Receiving objects:  82% (4014/4895)   Receiving objects:  83% (4063/4895)   Receiving objects:  84% (4112/4895)   Receiving objects:  85% (4161/4895)   Receiving objects:  86% (4210/4895)   Receiving objects:  87% (4259/4895)   Receiving objects:  88% (4308/4895)   Receiving objects:  89% (4357/4895)   Receiving objects:  90% (4406/4895)   Receiving objects:  91% (4455/4895)   Receiving objects:  92% (4504/4895)   Receiving objects:  93% (4553/4895)   Receiving objects:  94% (4602/4895)   remote: Total 4895 (delta 1944), reused 3218 (delta 1037), pack-reused 0[K
Receiving objects:  95% (4651/4895)   Receiving objects:  96% (4700/4895)   Receiving objects:  97% (4749/4895)   Receiving objects:  98% (4798/4895)   Receiving objects:  99% (4847/4895)   Receiving objects: 100% (4895/4895)   Receiving objects: 100% (4895/4895), 8.91 MiB | 0 bytes/s, done.
Resolving deltas:   0% (0/1944)   Resolving deltas:   1% (21/1944)   Resolving deltas:   2% (40/1944)   Resolving deltas:   4% (82/1944)   Resolving deltas:   5% (98/1944)   Resolving deltas:   6% (124/1944)   Resolving deltas:   7% (145/1944)   Resolving deltas:   8% (156/1944)   Resolving deltas:  11% (225/1944)   Resolving deltas:  12% (234/1944)   Resolving deltas:  13% (266/1944)   Resolving deltas:  14% (274/1944)   Resolving deltas:  15% (299/1944)   Resolving deltas:  16% (312/1944)   Resolving deltas:  17% (332/1944)   Resolving deltas:  18% (358/1944)   Resolving deltas:  19% (371/1944)   Resolving deltas:  20% (389/1944)   Resolving deltas:  21% (409/1944)   Resolving deltas:  22% (431/1944)   Resolving deltas:  23% (459/1944)   Resolving deltas:  29% (566/1944)   Resolving deltas:  30% (591/1944)   Resolving deltas:  32% (630/1944)   Resolving deltas:  33% (643/1944)   Resolving deltas:  34% (661/1944)   Resolving deltas:  35% (683/1944)   Resolving deltas:  36% (702/1944)   Resolving deltas:  37% (720/1944)   Resolving deltas:  38% (745/1944)   Resolving deltas:  39% (772/1944)   Resolving deltas:  40% (784/1944)   Resolving deltas:  41% (798/1944)   Resolving deltas:  42% (820/1944)   Resolving deltas:  43% (836/1944)   Resolving deltas:  44% (857/1944)   Resolving deltas:  45% (877/1944)   Resolving deltas:  46% (895/1944)   Resolving deltas:  47% (915/1944)   Resolving deltas:  48% (936/1944)   Resolving deltas:  49% (953/1944)   Resolving deltas:  50% (972/1944)   Resolving deltas:  51% (998/1944)   Resolving deltas:  52% (1015/1944)   Resolving deltas:  53% (1031/1944)   Resolving deltas:  54% (1050/1944)   Resolving deltas:  55% (1070/1944)   Resolving deltas:  56% (1093/1944)   Resolving deltas:  57% (1123/1944)   Resolving deltas:  58% (1132/1944)   Resolving deltas:  59% (1155/1944)   Resolving deltas:  61% (1192/1944)   Resolving deltas:  62% (1206/1944)   Resolving deltas:  63% (1235/1944)   Resolving deltas:  64% (1257/1944)   Resolving deltas:  65% (1264/1944)   Resolving deltas:  66% (1293/1944)   Resolving deltas:  67% (1309/1944)   Resolving deltas:  68% (1327/1944)   Resolving deltas:  69% (1345/1944)   Resolving deltas:  70% (1361/1944)   Resolving deltas:  71% (1381/1944)   Resolving deltas:  72% (1401/1944)   Resolving deltas:  73% (1420/1944)   Resolving deltas:  74% (1439/1944)   Resolving deltas:  75% (1458/1944)   Resolving deltas:  76% (1481/1944)   Resolving deltas:  77% (1499/1944)   Resolving deltas:  78% (1518/1944)   Resolving deltas:  79% (1536/1944)   Resolving deltas:  80% (1556/1944)   Resolving deltas:  81% (1575/1944)   Resolving deltas:  82% (1595/1944)   Resolving deltas:  83% (1616/1944)   Resolving deltas:  84% (1633/1944)   Resolving deltas:  85% (1654/1944)   Resolving deltas:  86% (1672/1944)   Resolving deltas:  87% (1694/1944)   Resolving deltas:  88% (1713/1944)   Resolving deltas:  89% (1731/1944)   Resolving deltas:  90% (1750/1944)   Resolving deltas:  91% (1772/1944)   Resolving deltas:  92% (1789/1944)   Resolving deltas:  93% (1808/1944)   Resolving deltas:  96% (1872/1944)   Resolving deltas:  97% (1889/1944)   Resolving deltas:  98% (1906/1944)   Resolving deltas: 100% (1944/1944)   Resolving deltas: 100% (1944/1944), done.
Checking connectivity... done.

travis_time:end:07594534:start=1465281565836167550,finish=1465281568498658685,duration=2662491135[0K$ cd apache/storm
$ git checkout -qf faa31238530bf60826ce7b392a8cb4781c00fb31
travis_fold:end:git.checkout[0K
[33;1mThis job is running on container-based infrastructure, which does not allow use of 'sudo', setuid and setguid executables.[0m
[33;1mIf you require sudo, add 'sudo: required' to your .travis.yml[0m
[33;1mSee https://docs.travis-ci.com/user/workers/container-based-infrastructure/ for details.[0m

[33;1mSetting environment variables from .travis.yml[0m
$ export MODULES=storm-core

$ jdk_switcher use oraclejdk8
Switching to Oracle JDK8 (java-8-oracle), JAVA_HOME will be set to /usr/lib/jvm/java-8-oracle
travis_fold:start:cache.1[0KSetting up build cache
$ export CASHER_DIR=$HOME/.casher
travis_time:start:0bed1428[0K$ Installing caching utilities

travis_time:end:0bed1428:start=1465281570509206321,finish=1465281570554156720,duration=44950399[0Ktravis_time:start:02811e46[0K
travis_time:end:02811e46:start=1465281570558514723,finish=1465281570561477140,duration=2962417[0Ktravis_time:start:000acb52[0K[32;1mattempting to download cache archive[0m
[32;1mfetching 1.x-branch/cache-linux-precise-4722ea394922d42b2b7eb84cff6efc764d76759821ac6f6efc13232aa923f595--jdk-oraclejdk8.tgz[0m
[32;1mfound cache[0m

travis_time:end:000acb52:start=1465281570564917743,finish=1465281581753440031,duration=11188522288[0Ktravis_time:start:0181b3fc[0K
travis_time:end:0181b3fc:start=1465281581756936290,finish=1465281581760110579,duration=3174289[0Ktravis_time:start:02f69f26[0K[32;1madding /home/travis/.m2/repository to cache[0m
[32;1madding /home/travis/.rvm to cache[0m
[32;1madding /home/travis/.nvm to cache[0m

travis_time:end:02f69f26:start=1465281581763845261,finish=1465281596538483172,duration=14774637911[0Ktravis_fold:end:cache.1[0K$ java -Xmx32m -version
java version "1.8.0_31"
Java(TM) SE Runtime Environment (build 1.8.0_31-b13)
Java HotSpot(TM) 64-Bit Server VM (build 25.31-b07, mixed mode)
$ javac -J-Xmx32m -version
javac 1.8.0_31
travis_fold:start:before_install.1[0Ktravis_time:start:1181f0c7[0K$ rvm use 2.1.5 --install
[32mUsing /home/travis/.rvm/gems/ruby-2.1.5[0m

travis_time:end:1181f0c7:start=1465281597408032190,finish=1465281597688071469,duration=280039279[0Ktravis_fold:end:before_install.1[0Ktravis_fold:start:before_install.2[0Ktravis_time:start:252b0c82[0K$ nvm install 0.12.2
v0.12.2 is already installed.
Now using node v0.12.2

travis_time:end:252b0c82:start=1465281597693537862,finish=1465281597964483553,duration=270945691[0Ktravis_fold:end:before_install.2[0Ktravis_fold:start:before_install.3[0Ktravis_time:start:022c9c00[0K$ nvm use 0.12.2
Now using node v0.12.2

travis_time:end:022c9c00:start=1465281597969268209,finish=1465281598032387483,duration=63119274[0Ktravis_fold:end:before_install.3[0Ktravis_fold:start:install[0Ktravis_time:start:2a12b07c[0K$ /bin/bash ./dev-tools/travis/travis-install.sh `pwd`
Python version :   Python 2.7.3
Java HotSpot(TM) 64-Bit Server VM warning: ignoring option MaxPermSize=192m; support was removed in 8.0
Maven version  :   Apache Maven 3.2.5 (12a6b3acb947671f09b81f49094c53f426d8cea1; 2014-12-14T17:29:23+00:00) Maven home: /usr/local/maven Java version: 1.8.0_31, vendor: Oracle Corporation Java home: /usr/lib/jvm/java-8-oracle/jre Default locale: en_US, platform encoding: UTF-8 OS name: "linux", version: "3.13.0-40-generic", arch: "amd64", family: "unix"
['mvn', 'clean', 'install', '-DskipTests', '-Pnative', '--batch-mode'] writing to install.txt
18 seconds 2 log lines28 seconds 170 log lines38 seconds 221 log lines49 seconds 289 log lines81 seconds 307 log lines96 seconds 314 log lines127 seconds 315 log lines140 seconds 375 log lines151 seconds 539 log lines165 seconds 617 log lines176 seconds 756 log lines191 seconds 824 log lines201 seconds 833 log lines213 seconds 871 log lines224 seconds 920 log lines234 seconds 1171 log lines254 seconds 1408 log lines266 seconds 1606 log lines276 seconds 1864 log lines287 seconds 2094 log lines301 seconds 2234 log lines308 seconds 2418 log lines
['mvn', 'clean', 'install', '-DskipTests', '-Pnative', '--batch-mode'] done 0

travis_time:end:2a12b07c:start=1465281598038258691,finish=1465281907672913135,duration=309634654444[0Ktravis_fold:end:install[0Ktravis_time:start:0f349962[0K$ /bin/bash ./dev-tools/travis/travis-script.sh `pwd` $MODULES
Python version :   Python 2.7.3
Ruby version   :   ruby 2.1.5p273 (2014-11-13 revision 48405) [x86_64-linux]
NodeJs version :   v0.12.2
Java HotSpot(TM) 64-Bit Server VM warning: ignoring option MaxPermSize=192m; support was removed in 8.0
Maven version  :   Apache Maven 3.2.5 (12a6b3acb947671f09b81f49094c53f426d8cea1; 2014-12-14T17:29:23+00:00) Maven home: /usr/local/maven Java version: 1.8.0_31, vendor: Oracle Corporation Java home: /usr/lib/jvm/java-8-oracle/jre Default locale: en_US, platform encoding: UTF-8 OS name: "linux", version: "3.13.0-40-generic", arch: "amd64", family: "unix"
Java HotSpot(TM) 64-Bit Server VM warning: ignoring option MaxPermSize=192m; support was removed in 8.0
[INFO] Scanning for projects...
[INFO]                                                                         
[INFO] ------------------------------------------------------------------------
[INFO] Building Storm Core 1.1.0-SNAPSHOT
[INFO] ------------------------------------------------------------------------
[INFO] 
[INFO] --- exec-maven-plugin:1.2.1:exec (default) @ storm-core ---
[INFO] 
[INFO] --- maven-remote-resources-plugin:1.2.1:process (default) @ storm-core ---
[INFO] 
[INFO] --- storm-maven-plugins:1.1.0-SNAPSHOT:version-info (version-info) @ storm-core ---
[WARNING] [svn, info] failed with error code 1
[INFO] SCM: GIT
[INFO] Computed MD5: 201f821ac442ab4edec4f4d3a5c234f
[INFO] 
[INFO] --- maven-resources-plugin:2.5:resources (default-resources) @ storm-core ---
[debug] execute contextualize
[INFO] Using 'UTF-8' encoding to copy filtered resources.
[INFO] Copying 8 resources
[INFO] Copying 1 resource to META-INF
[INFO] Copying 0 resource
[INFO] Copying 1 resource
[INFO] Copying 3 resources
[INFO] 
[INFO] --- maven-compiler-plugin:3.1:compile (default-compile) @ storm-core ---
[INFO] Nothing to compile - all classes are up to date
[INFO] 
[INFO] --- clojure-maven-plugin:1.7.1:compile (compile-clojure) @ storm-core ---
Compiling org.apache.storm.command.deactivate to /home/travis/build/apache/storm/storm-core/target/classes
Compiling org.apache.storm.trident.testing to /home/travis/build/apache/storm/storm-core/target/classes
Compiling org.apache.storm.command.blobstore to /home/travis/build/apache/storm/storm-core/target/classes
Compiling org.apache.storm.stats to /home/travis/build/apache/storm/storm-core/target/classes
Compiling org.apache.storm.command.set-log-level to /home/travis/build/apache/storm/storm-core/target/classes
Compiling org.apache.storm.daemon.drpc to /home/travis/build/apache/storm/storm-core/target/classes
Compiling org.apache.storm.command.dev-zookeeper to /home/travis/build/apache/storm/storm-core/target/classes
Compiling org.apache.storm.local-state to /home/travis/build/apache/storm/storm-core/target/classes
Compiling org.apache.storm.cluster to /home/travis/build/apache/storm/storm-core/target/classes
Compiling org.apache.storm.testing to /home/travis/build/apache/storm/storm-core/target/classes
Compiling org.apache.storm.command.heartbeats to /home/travis/build/apache/storm/storm-core/target/classes
WARNING: reverse already refers to: #'clojure.core/reverse in namespace: org.apache.storm.command.heartbeats, being replaced by: #'clojure.string/reverse
WARNING: replace already refers to: #'clojure.core/replace in namespace: org.apache.storm.command.heartbeats, being replaced by: #'clojure.string/replace
Compiling org.apache.storm.daemon.builtin-metrics to /home/travis/build/apache/storm/storm-core/target/classes
Compiling org.apache.storm.process-simulator to /home/travis/build/apache/storm/storm-core/target/classes
Compiling org.apache.storm.daemon.acker to /home/travis/build/apache/storm/storm-core/target/classes
Compiling org.apache.storm.log to /home/travis/build/apache/storm/storm-core/target/classes
Compiling org.apache.storm.daemon.common to /home/travis/build/apache/storm/storm-core/target/classes
Compiling org.apache.storm.command.healthcheck to /home/travis/build/apache/storm/storm-core/target/classes
Compiling org.apache.storm.scheduler.EvenScheduler to /home/travis/build/apache/storm/storm-core/target/classes
Compiling org.apache.storm.command.kill-workers to /home/travis/build/apache/storm/storm-core/target/classes
Compiling org.apache.storm.scheduler.IsolationScheduler to /home/travis/build/apache/storm/storm-core/target/classes
Compiling org.apache.storm.command.monitor to /home/travis/build/apache/storm/storm-core/target/classes
Compiling org.apache.storm.timer to /home/travis/build/apache/storm/storm-core/target/classes
Compiling org.apache.storm.config to /home/travis/build/apache/storm/storm-core/target/classes
Compiling org.apache.storm.LocalCluster to /home/travis/build/apache/storm/storm-core/target/classes
Compiling org.apache.storm.thrift to /home/travis/build/apache/storm/storm-core/target/classes
Compiling org.apache.storm.daemon.logviewer to /home/travis/build/apache/storm/storm-core/target/classes
Compiling org.apache.storm.blobstore to /home/travis/build/apache/storm/storm-core/target/classes
Compiling org.apache.storm.zookeeper to /home/travis/build/apache/storm/storm-core/target/classes
Compiling org.apache.storm.clojure to /home/travis/build/apache/storm/storm-core/target/classes
Compiling org.apache.storm.command.rebalance to /home/travis/build/apache/storm/storm-core/target/classes
Compiling org.apache.storm.command.kill-topology to /home/travis/build/apache/storm/storm-core/target/classes
Compiling org.apache.storm.LocalDRPC to /home/travis/build/apache/storm/storm-core/target/classes
Compiling org.apache.storm.messaging.local to /home/travis/build/apache/storm/storm-core/target/classes
Compiling org.apache.storm.daemon.executor to /home/travis/build/apache/storm/storm-core/target/classes
Compiling org.apache.storm.event to /home/travis/build/apache/storm/storm-core/target/classes
Compiling org.apache.storm.daemon.supervisor to /home/travis/build/apache/storm/storm-core/target/classes
Compiling org.apache.storm.command.activate to /home/travis/build/apache/storm/storm-core/target/classes
Compiling org.apache.storm.command.shell-submission to /home/travis/build/apache/storm/storm-core/target/classes
Compiling org.apache.storm.MockAutoCred to /home/travis/build/apache/storm/storm-core/target/classes
Compiling org.apache.storm.command.get-errors to /home/travis/build/apache/storm/storm-core/target/classes
Compiling org.apache.storm.pacemaker.pacemaker to /home/travis/build/apache/storm/storm-core/target/classes
Compiling org.apache.storm.testing4j to /home/travis/build/apache/storm/storm-core/target/classes
Compiling org.apache.storm.metric.testing to /home/travis/build/apache/storm/storm-core/target/classes
Compiling org.apache.storm.ui.core to /home/travis/build/apache/storm/storm-core/target/classes
Compiling org.apache.storm.command.upload-credentials to /home/travis/build/apache/storm/storm-core/target/classes
Compiling org.apache.storm.ui.helpers to /home/travis/build/apache/storm/storm-core/target/classes
Compiling org.apache.storm.scheduler.DefaultScheduler to /home/travis/build/apache/storm/storm-core/target/classes
Compiling org.apache.storm.command.list to /home/travis/build/apache/storm/storm-core/target/classes
Compiling org.apache.storm.pacemaker.pacemaker-state-factory to /home/travis/build/apache/storm/storm-core/target/classes
Compiling org.apache.storm.disruptor to /home/travis/build/apache/storm/storm-core/target/classes
Compiling org.apache.storm.util to /home/travis/build/apache/storm/storm-core/target/classes
Compiling org.apache.storm.daemon.task to /home/travis/build/apache/storm/storm-core/target/classes
Compiling org.apache.storm.command.config-value to /home/travis/build/apache/storm/storm-core/target/classes
Compiling org.apache.storm.converter to /home/travis/build/apache/storm/storm-core/target/classes
Compiling org.apache.storm.daemon.nimbus to /home/travis/build/apache/storm/storm-core/target/classes
Compiling org.apache.storm.cluster-state.zookeeper-state-factory to /home/travis/build/apache/storm/storm-core/target/classes
Compiling org.apache.storm.messaging.loader to /home/travis/build/apache/storm/storm-core/target/classes
Compiling org.apache.storm.daemon.worker to /home/travis/build/apache/storm/storm-core/target/classes
[INFO] 
[INFO] --- make-maven-plugin:1.0-beta-1:autoreconf (compile) @ storm-core ---
[INFO] 
[INFO] --- make-maven-plugin:1.0-beta-1:configure (compile) @ storm-core ---
[INFO] /bin/sh: 14: /home/travis/.jdk_switcher_rc: [[: not found
[INFO] /bin/sh: 22: /home/travis/.jdk_switcher_rc: [[: not found
[INFO] /bin/sh: 32: /home/travis/.jdk_switcher_rc: [[: not found
[INFO] /bin/sh: 42: /home/travis/.jdk_switcher_rc: [[: not found
[INFO] /bin/sh: 3: /etc/profile.d/rvm.sh: [[: not found
[INFO] checking for gcc... gcc
[INFO] checking whether the C compiler works... yes
[INFO] checking for C compiler default output file name... a.out
[INFO] checking for suffix of executables... 
[INFO] checking whether we are cross compiling... no
[INFO] checking for suffix of object files... o
[INFO] checking whether we are using the GNU C compiler... yes
[INFO] checking whether gcc accepts -g... yes
[INFO] checking for gcc option to accept ISO C89... none needed
[INFO] checking how to run the C preprocessor... gcc -E
[INFO] checking for grep that handles long lines and -e... /bin/grep
[INFO] checking for egrep... /bin/grep -E
[INFO] checking for ANSI C header files... yes
[INFO] checking for sys/types.h... yes
[INFO] checking for sys/stat.h... yes
[INFO] checking for stdlib.h... yes
[INFO] checking for string.h... yes
[INFO] checking for memory.h... yes
[INFO] checking for strings.h... yes
[INFO] checking for inttypes.h... yes
[INFO] checking for stdint.h... yes
[INFO] checking for unistd.h... yes
[INFO] checking minix/config.h usability... no
[INFO] checking minix/config.h presence... no
[INFO] checking for minix/config.h... no
[INFO] checking whether it is safe to define __EXTENSIONS__... yes
[INFO] checking for a BSD-compatible install... /usr/bin/install -c
[INFO] checking whether build environment is sane... yes
[INFO] checking for a thread-safe mkdir -p... /bin/mkdir -p
[INFO] checking for gawk... gawk
[INFO] checking whether make sets $(MAKE)... yes
[INFO] checking for style of include used by make... GNU
[INFO] checking dependency style of gcc... gcc3
[INFO] checking for gcc... (cached) gcc
[INFO] checking whether we are using the GNU C compiler... (cached) yes
[INFO] checking whether gcc accepts -g... (cached) yes
[INFO] checking for gcc option to accept ISO C89... (cached) none needed
[INFO] checking whether gcc and cc understand -c and -o together... yes
[INFO] checking for unistd.h... (cached) yes
[INFO] checking for stdbool.h that conforms to C99... yes
[INFO] checking for _Bool... yes
[INFO] checking for an ANSI C-conforming const... yes
[INFO] checking for off_t... yes
[INFO] checking for size_t... yes
[INFO] checking whether strerror_r is declared... yes
[INFO] checking for strerror_r... yes
[INFO] checking whether strerror_r returns char *... yes
[INFO] checking for mkdir... yes
[INFO] checking for uname... yes
[INFO] configure: creating ./config.status
[INFO] config.status: creating Makefile
[INFO] config.status: executing depfiles commands
[INFO] 
[INFO] --- make-maven-plugin:1.0-beta-1:make-install (compile) @ storm-core ---
[INFO] /bin/sh: 14: /home/travis/.jdk_switcher_rc: [[: not found
[INFO] /bin/sh: 22: /home/travis/.jdk_switcher_rc: [[: not found
[INFO] /bin/sh: 32: /home/travis/.jdk_switcher_rc: [[: not found
[INFO] /bin/sh: 42: /home/travis/.jdk_switcher_rc: [[: not found
[INFO] /bin/sh: 3: /etc/profile.d/rvm.sh: [[: not found
[INFO] make[1]: Entering directory `/home/travis/build/apache/storm/storm-core/target/native/worker-launcher'
[INFO] test -z "/usr/local/bin" || /bin/mkdir -p "/home/travis/build/apache/storm/storm-core/target/native/target/usr/local/bin"
[INFO]   /usr/bin/install -c worker-launcher '/home/travis/build/apache/storm/storm-core/target/native/target/usr/local/bin'
[INFO] make[1]: Nothing to be done for `install-data-am'.
[INFO] make[1]: Leaving directory `/home/travis/build/apache/storm/storm-core/target/native/worker-launcher'
[INFO] 
[INFO] --- maven-resources-plugin:2.5:testResources (default-testResources) @ storm-core ---
[debug] execute contextualize
[INFO] Using 'UTF-8' encoding to copy filtered resources.
[INFO] Copying 14 resources
[INFO] Copying 2 resources
[INFO] Copying 3 resources
[INFO] 
[INFO] --- maven-dependency-plugin:2.8:unpack (unpack) @ storm-core ---
[INFO] Configured Artifact: org.apache.storm:multilang-ruby:1.1.0-SNAPSHOT:jar
[INFO] Downloading: https://repository.apache.org/snapshots/org/apache/storm/multilang-ruby/1.1.0-SNAPSHOT/maven-metadata.xml
[INFO] Downloaded: https://repository.apache.org/snapshots/org/apache/storm/multilang-ruby/1.1.0-SNAPSHOT/maven-metadata.xml (2 KB at 1.1 KB/sec)
[INFO] Configured Artifact: org.apache.storm:multilang-python:1.1.0-SNAPSHOT:jar
[INFO] Downloading: https://repository.apache.org/snapshots/org/apache/storm/multilang-python/1.1.0-SNAPSHOT/maven-metadata.xml
[INFO] Downloaded: https://repository.apache.org/snapshots/org/apache/storm/multilang-python/1.1.0-SNAPSHOT/maven-metadata.xml (2 KB at 2.2 KB/sec)
[INFO] Configured Artifact: org.apache.storm:multilang-javascript:1.1.0-SNAPSHOT:jar
[INFO] Downloading: https://repository.apache.org/snapshots/org/apache/storm/multilang-javascript/1.1.0-SNAPSHOT/maven-metadata.xml
[INFO] Downloaded: https://repository.apache.org/snapshots/org/apache/storm/multilang-javascript/1.1.0-SNAPSHOT/maven-metadata.xml (2 KB at 1.9 KB/sec)
[INFO] multilang-ruby-1.1.0-SNAPSHOT.jar already unpacked.
[INFO] multilang-python-1.1.0-SNAPSHOT.jar already unpacked.
[INFO] multilang-javascript-1.1.0-SNAPSHOT.jar already unpacked.
[INFO] 
[INFO] --- maven-compiler-plugin:3.1:testCompile (default-testCompile) @ storm-core ---
[INFO] Nothing to compile - all classes are up to date
[INFO] 
[INFO] --- maven-surefire-plugin:2.18.1:test (default-test) @ storm-core ---
[INFO] Surefire report directory: /home/travis/build/apache/storm/storm-core/target/surefire-reports
[INFO] parallel='none', perCoreThreadCount=true, threadCount=0, useUnlimitedThreads=false, threadCountSuites=0, threadCountClasses=0, threadCountMethods=0, parallelOptimized=true

-------------------------------------------------------
 T E S T S
-------------------------------------------------------
Running org.apache.storm.utils.ShellBoltMessageQueueTest
Tests run: 3, Failures: 0, Errors: 0, Skipped: 0, Time elapsed: 2.024 sec - in org.apache.storm.utils.ShellBoltMessageQueueTest
Running org.apache.storm.utils.WorkerBackpressureThreadTest
Tests run: 1, Failures: 0, Errors: 0, Skipped: 0, Time elapsed: 0 sec - in org.apache.storm.utils.WorkerBackpressureThreadTest
Running org.apache.storm.utils.DisruptorQueueTest
Tests run: 3, Failures: 1, Errors: 0, Skipped: 0, Time elapsed: 4.414 sec <<< FAILURE! - in org.apache.storm.utils.DisruptorQueueTest
testInOrderBatch(org.apache.storm.utils.DisruptorQueueTest)  Time elapsed: 0.001 sec  <<< FAILURE!
junit.framework.AssertionFailedError: producer 0 is still alive
	at junit.framework.Assert.fail(Assert.java:57)
	at junit.framework.Assert.assertTrue(Assert.java:22)
	at junit.framework.Assert.assertFalse(Assert.java:39)
	at junit.framework.TestCase.assertFalse(TestCase.java:210)
	at org.apache.storm.utils.DisruptorQueueTest.run(DisruptorQueueTest.java:135)
	at org.apache.storm.utils.DisruptorQueueTest.testInOrderBatch(DisruptorQueueTest.java:106)

Running org.apache.storm.utils.StormBoundedExponentialBackoffRetryTest
Tests run: 5, Failures: 0, Errors: 0, Skipped: 0, Time elapsed: 0.259 sec - in org.apache.storm.utils.StormBoundedExponentialBackoffRetryTest
Running org.apache.storm.utils.DisruptorQueueBackpressureTest
Tests run: 1, Failures: 0, Errors: 0, Skipped: 0, Time elapsed: 0.005 sec - in org.apache.storm.utils.DisruptorQueueBackpressureTest
Running org.apache.storm.utils.ThriftTopologyUtilsTest
Tests run: 5, Failures: 0, Errors: 0, Skipped: 0, Time elapsed: 0.47 sec - in org.apache.storm.utils.ThriftTopologyUtilsTest
Running org.apache.storm.spout.CheckpointSpoutTest
Tests run: 7, Failures: 0, Errors: 0, Skipped: 0, Time elapsed: 0.692 sec - in org.apache.storm.spout.CheckpointSpoutTest
Running org.apache.storm.TestConfigValidate
Tests run: 24, Failures: 0, Errors: 0, Skipped: 0, Time elapsed: 0.856 sec - in org.apache.storm.TestConfigValidate
Running org.apache.storm.serialization.GzipBridgeThriftSerializationDelegateTest
Tests run: 3, Failures: 0, Errors: 0, Skipped: 0, Time elapsed: 0.093 sec - in org.apache.storm.serialization.GzipBridgeThriftSerializationDelegateTest
Running org.apache.storm.serialization.ThriftBridgeSerializationDelegateTest
Tests run: 1, Failures: 0, Errors: 0, Skipped: 0, Time elapsed: 0.036 sec - in org.apache.storm.serialization.ThriftBridgeSerializationDelegateTest
Running org.apache.storm.serialization.GzipBridgeSerializationDelegateTest
Tests run: 3, Failures: 0, Errors: 0, Skipped: 0, Time elapsed: 0.122 sec - in org.apache.storm.serialization.GzipBridgeSerializationDelegateTest
Running org.apache.storm.blobstore.ClientBlobStoreTest
Tests run: 4, Failures: 0, Errors: 0, Skipped: 0, Time elapsed: 0.151 sec - in org.apache.storm.blobstore.ClientBlobStoreTest
Running org.apache.storm.blobstore.BlobStoreTest
Tests run: 4, Failures: 0, Errors: 0, Skipped: 0, Time elapsed: 2.533 sec - in org.apache.storm.blobstore.BlobStoreTest
Running org.apache.storm.blobstore.BlobSynchronizerTest
Tests run: 4, Failures: 0, Errors: 0, Skipped: 0, Time elapsed: 3.339 sec - in org.apache.storm.blobstore.BlobSynchronizerTest
Running org.apache.storm.trident.TridentWindowingTest
Tests run: 3, Failures: 0, Errors: 0, Skipped: 0, Time elapsed: 0.005 sec - in org.apache.storm.trident.TridentWindowingTest
Running org.apache.storm.trident.TestTridentTopology
Tests run: 1, Failures: 0, Errors: 0, Skipped: 0, Time elapsed: 32.735 sec - in org.apache.storm.trident.TestTridentTopology
Running org.apache.storm.metric.internal.LatencyStatAndMetricTest
Tests run: 1, Failures: 0, Errors: 0, Skipped: 0, Time elapsed: 0 sec - in org.apache.storm.metric.internal.LatencyStatAndMetricTest
Running org.apache.storm.metric.internal.CountStatAndMetricTest
Tests run: 1, Failures: 0, Errors: 0, Skipped: 0, Time elapsed: 0 sec - in org.apache.storm.metric.internal.CountStatAndMetricTest
Running org.apache.storm.metric.internal.RateTrackerTest
Tests run: 4, Failures: 0, Errors: 0, Skipped: 0, Time elapsed: 0 sec - in org.apache.storm.metric.internal.RateTrackerTest
Running org.apache.storm.windowing.WaterMarkEventGeneratorTest
Tests run: 5, Failures: 0, Errors: 0, Skipped: 0, Time elapsed: 0.649 sec - in org.apache.storm.windowing.WaterMarkEventGeneratorTest
Running org.apache.storm.windowing.WindowManagerTest
Tests run: 10, Failures: 0, Errors: 0, Skipped: 0, Time elapsed: 0.11 sec - in org.apache.storm.windowing.WindowManagerTest
Running org.apache.storm.topology.StatefulBoltExecutorTest
Tests run: 7, Failures: 0, Errors: 0, Skipped: 0, Time elapsed: 0.221 sec - in org.apache.storm.topology.StatefulBoltExecutorTest
Running org.apache.storm.topology.WindowedBoltExecutorTest
Tests run: 2, Failures: 0, Errors: 0, Skipped: 0, Time elapsed: 0.122 sec - in org.apache.storm.topology.WindowedBoltExecutorTest
Running org.apache.storm.topology.StatefulWindowedBoltExecutorTest
Tests run: 4, Failures: 0, Errors: 0, Skipped: 0, Time elapsed: 0.126 sec - in org.apache.storm.topology.StatefulWindowedBoltExecutorTest
Running org.apache.storm.topology.TopologyBuilderTest
Tests run: 5, Failures: 0, Errors: 0, Skipped: 0, Time elapsed: 0.129 sec - in org.apache.storm.topology.TopologyBuilderTest
Running org.apache.storm.localizer.LocalizerTest
Tests run: 13, Failures: 0, Errors: 0, Skipped: 0, Time elapsed: 11.014 sec - in org.apache.storm.localizer.LocalizerTest
Running org.apache.storm.localizer.LocalizedResourceRetentionSetTest
Tests run: 2, Failures: 0, Errors: 0, Skipped: 0, Time elapsed: 0.018 sec - in org.apache.storm.localizer.LocalizedResourceRetentionSetTest
Running org.apache.storm.localizer.LocalizedResourceSetTest
Tests run: 4, Failures: 0, Errors: 0, Skipped: 0, Time elapsed: 0.018 sec - in org.apache.storm.localizer.LocalizedResourceSetTest
Running org.apache.storm.scheduler.resource.TestResourceAwareScheduler
Tests run: 15, Failures: 0, Errors: 0, Skipped: 0, Time elapsed: 3.599 sec - in org.apache.storm.scheduler.resource.TestResourceAwareScheduler
Running org.apache.storm.scheduler.resource.TestUser
Tests run: 3, Failures: 0, Errors: 0, Skipped: 0, Time elapsed: 1.065 sec - in org.apache.storm.scheduler.resource.TestUser
Running org.apache.storm.grouping.PartialKeyGroupingTest
Tests run: 2, Failures: 0, Errors: 0, Skipped: 0, Time elapsed: 0.037 sec - in org.apache.storm.grouping.PartialKeyGroupingTest
Running org.apache.storm.state.InMemoryKeyValueStateTest
Tests run: 2, Failures: 0, Errors: 0, Skipped: 0, Time elapsed: 0 sec - in org.apache.storm.state.InMemoryKeyValueStateTest

Results :

Failed tests: 
  DisruptorQueueTest.testInOrderBatch:106->run:135 producer 0 is still alive

Tests run: 152, Failures: 1, Errors: 0, Skipped: 0

[INFO] ------------------------------------------------------------------------
[INFO] BUILD FAILURE
[INFO] ------------------------------------------------------------------------
[INFO] Total time: 02:23 min
[INFO] Finished at: 2016-06-07T06:47:33+00:00
[INFO] Final Memory: 34M/305M
[INFO] ------------------------------------------------------------------------
[ERROR] Failed to execute goal org.apache.maven.plugins:maven-surefire-plugin:2.18.1:test (default-test) on project storm-core: There are test failures.
[ERROR] 
[ERROR] Please refer to /home/travis/build/apache/storm/storm-core/target/surefire-reports for the individual test results.
[ERROR] -> [Help 1]
[ERROR] 
[ERROR] To see the full stack trace of the errors, re-run Maven with the -e switch.
[ERROR] Re-run Maven using the -X switch to enable full debug logging.
[ERROR] 
[ERROR] For more information about the errors and possible solutions, please read the following articles:
[ERROR] [Help 1] http://cwiki.apache.org/confluence/display/MAVEN/MojoFailureException
Looking for errors in ./storm-core/target/surefire-reports
Checking ./storm-core/target/surefire-reports/TEST-org.apache.storm.utils.ShellBoltMessageQueueTest.xml
Checking ./storm-core/target/surefire-reports/TEST-org.apache.storm.utils.WorkerBackpressureThreadTest.xml
Checking ./storm-core/target/surefire-reports/TEST-org.apache.storm.utils.DisruptorQueueTest.xml
--------------------------------------------------
classname: org.apache.storm.utils.DisruptorQueueTest / testname: testInOrderBatch
junit.framework.AssertionFailedError: producer 0 is still alive
	at junit.framework.Assert.fail(Assert.java:57)
	at junit.framework.Assert.assertTrue(Assert.java:22)
	at junit.framework.Assert.assertFalse(Assert.java:39)
	at junit.framework.TestCase.assertFalse(TestCase.java:210)
	at org.apache.storm.utils.DisruptorQueueTest.run(DisruptorQueueTest.java:135)
	at org.apache.storm.utils.DisruptorQueueTest.testInOrderBatch(DisruptorQueueTest.java:106)

--------------------------------------------------
Checking ./storm-core/target/surefire-reports/TEST-org.apache.storm.utils.StormBoundedExponentialBackoffRetryTest.xml
Checking ./storm-core/target/surefire-reports/TEST-org.apache.storm.utils.DisruptorQueueBackpressureTest.xml
Checking ./storm-core/target/surefire-reports/TEST-org.apache.storm.utils.ThriftTopologyUtilsTest.xml
Checking ./storm-core/target/surefire-reports/TEST-org.apache.storm.spout.CheckpointSpoutTest.xml
Checking ./storm-core/target/surefire-reports/TEST-org.apache.storm.TestConfigValidate.xml
Checking ./storm-core/target/surefire-reports/TEST-org.apache.storm.serialization.GzipBridgeThriftSerializationDelegateTest.xml
Checking ./storm-core/target/surefire-reports/TEST-org.apache.storm.serialization.ThriftBridgeSerializationDelegateTest.xml
Checking ./storm-core/target/surefire-reports/TEST-org.apache.storm.serialization.GzipBridgeSerializationDelegateTest.xml
Checking ./storm-core/target/surefire-reports/TEST-org.apache.storm.blobstore.ClientBlobStoreTest.xml
Checking ./storm-core/target/surefire-reports/TEST-org.apache.storm.blobstore.BlobStoreTest.xml
Checking ./storm-core/target/surefire-reports/TEST-org.apache.storm.blobstore.BlobSynchronizerTest.xml
Checking ./storm-core/target/surefire-reports/TEST-org.apache.storm.trident.TridentWindowingTest.xml
Checking ./storm-core/target/surefire-reports/TEST-org.apache.storm.trident.TestTridentTopology.xml
Checking ./storm-core/target/surefire-reports/TEST-org.apache.storm.metric.internal.LatencyStatAndMetricTest.xml
Checking ./storm-core/target/surefire-reports/TEST-org.apache.storm.metric.internal.CountStatAndMetricTest.xml
Checking ./storm-core/target/surefire-reports/TEST-org.apache.storm.metric.internal.RateTrackerTest.xml
Checking ./storm-core/target/surefire-reports/TEST-org.apache.storm.windowing.WaterMarkEventGeneratorTest.xml
Checking ./storm-core/target/surefire-reports/TEST-org.apache.storm.windowing.WindowManagerTest.xml
Checking ./storm-core/target/surefire-reports/TEST-org.apache.storm.topology.StatefulBoltExecutorTest.xml
Checking ./storm-core/target/surefire-reports/TEST-org.apache.storm.topology.WindowedBoltExecutorTest.xml
Checking ./storm-core/target/surefire-reports/TEST-org.apache.storm.topology.StatefulWindowedBoltExecutorTest.xml
Checking ./storm-core/target/surefire-reports/TEST-org.apache.storm.topology.TopologyBuilderTest.xml
Checking ./storm-core/target/surefire-reports/TEST-org.apache.storm.localizer.LocalizerTest.xml
Checking ./storm-core/target/surefire-reports/TEST-org.apache.storm.localizer.LocalizedResourceRetentionSetTest.xml
Checking ./storm-core/target/surefire-reports/TEST-org.apache.storm.localizer.LocalizedResourceSetTest.xml
Checking ./storm-core/target/surefire-reports/TEST-org.apache.storm.scheduler.resource.TestResourceAwareScheduler.xml
Checking ./storm-core/target/surefire-reports/TEST-org.apache.storm.scheduler.resource.TestUser.xml
Checking ./storm-core/target/surefire-reports/TEST-org.apache.storm.grouping.PartialKeyGroupingTest.xml
Checking ./storm-core/target/surefire-reports/TEST-org.apache.storm.state.InMemoryKeyValueStateTest.xml

travis_time:end:0f349962:start=1465281907678434636,finish=1465282056208783762,duration=148530349126[0K
[31;1mThe command "/bin/bash ./dev-tools/travis/travis-script.sh `pwd` $MODULES" exited with 1.[0m
travis_fold:start:cache.2[0Kstore build cache
travis_time:start:0306f5a5[0K
travis_time:end:0306f5a5:start=1465282056212837674,finish=1465282056216083499,duration=3245825[0Ktravis_time:start:301274d0[0K[32;1mchange detected (content changed, file is created, or file is deleted):
/home/travis/.m2/repository/eigenbase/eigenbase-properties/1.1.4/eigenbase-properties-1.1.4.pom.lastUpdated
/home/travis/.m2/repository/io/confluent/kafka-avro-serializer/1.0/kafka-avro-serializer-1.0.pom.lastUpdated
/home/travis/.m2/repository/io/confluent/kafka-schema-registry-client/1.0/kafka-schema-registry-client-1.0.pom.lastUpdated
/home/travis/.m2/repository/net/hydromatic/linq4j/0.4/linq4j-0.4.pom.lastUpdated
/home/travis/.m2/repository/net/hydromatic/quidem/0.1.1/quidem-0.1.1.pom.lastUpdated
/home/travis/.m2/repository/org/apache/storm/flux/1.1.0-SNAPSHOT/maven-metadata-local.xml
/home/travis/.m2/repository/org/apache/storm/flux/1.1.0-SNAPSHOT/_remote.repositories
/home/travis/.m2/repository/org/apache/storm/flux-core/1.1.0-SNAPSHOT/flux-core-1.1.0-SNAPSHOT.jar
/home/travis/.m2/repository/org/apache/storm/flux-core/1.1.0-SNAPSHOT/maven-metadata-local.xml
/home/travis/.m2/repository/org/apache/storm/flux-core/1.1.0-SNAPSHOT/_remote.repositories
/home/travis/.m2/repository/org/ap
[0m
[32;1m...
[0m
[32;1mchanges detected, packing new archive[0m
.
.
.
.
.
.
.
.
.
.
.
[32;1muploading archive[0m

travis_time:end:301274d0:start=1465282056219781238,finish=1465282146155127363,duration=89935346125[0Ktravis_fold:end:cache.2[0K
Done. Your build exited with 1.
