Using worker: worker-linux-docker-c55c853d.prod.travis-ci.org:travis-linux-12

travis_fold:start:system_info[0K[33;1mBuild system information[0m
Build language: java
Build group: stable
Build dist: precise
[34m[1mBuild image provisioning date and time[0m
Thu Feb  5 15:09:33 UTC 2015
[34m[1mOperating System Details[0m
Distributor ID:	Ubuntu
Description:	Ubuntu 12.04.5 LTS
Release:	12.04
Codename:	precise
[34m[1mLinux Version[0m
3.13.0-29-generic
[34m[1mCookbooks Version[0m
a68419e https://github.com/travis-ci/travis-cookbooks/tree/a68419e
[34m[1mGCC version[0m
gcc (Ubuntu/Linaro 4.6.3-1ubuntu5) 4.6.3
Copyright (C) 2011 Free Software Foundation, Inc.
This is free software; see the source for copying conditions.  There is NO
warranty; not even for MERCHANTABILITY or FITNESS FOR A PARTICULAR PURPOSE.

[34m[1mLLVM version[0m
clang version 3.4 (tags/RELEASE_34/final)
Target: x86_64-unknown-linux-gnu
Thread model: posix
[34m[1mPre-installed Ruby versions[0m
ruby-1.9.3-p551
[34m[1mPre-installed Node.js versions[0m
v0.10.36
[34m[1mPre-installed Go versions[0m
1.4.1
[34m[1mRedis version[0m
redis-server 2.8.19
[34m[1mriak version[0m
2.0.2
[34m[1mMongoDB version[0m
MongoDB 2.4.12
[34m[1mCouchDB version[0m
couchdb 1.6.1
[34m[1mNeo4j version[0m
1.9.4
[34m[1mRabbitMQ Version[0m
3.4.3
[34m[1mElasticSearch version[0m
1.4.0
[34m[1mInstalled Sphinx versions[0m
2.0.10
2.1.9
2.2.6
[34m[1mDefault Sphinx version[0m
2.2.6
[34m[1mInstalled Firefox version[0m
firefox 31.0esr
[34m[1mPhantomJS version[0m
1.9.8
[34m[1mant -version[0m
Apache Ant(TM) version 1.8.2 compiled on December 3 2011
[34m[1mmvn -version[0m
Apache Maven 3.2.5 (12a6b3acb947671f09b81f49094c53f426d8cea1; 2014-12-14T17:29:23+00:00)
Maven home: /usr/local/maven
Java version: 1.7.0_76, vendor: Oracle Corporation
Java home: /usr/lib/jvm/java-7-oracle/jre
Default locale: en_US, platform encoding: ANSI_X3.4-1968
OS name: "linux", version: "3.13.0-29-generic", arch: "amd64", family: "unix"
travis_fold:end:system_info[0K
travis_fold:start:fix.CVE-2015-7547[0K$ export DEBIAN_FRONTEND=noninteractive
W: Size of file /var/lib/apt/lists/us.archive.ubuntu.com_ubuntu_dists_precise-backports_multiverse_source_Sources.gz is not what the server reported 5886 5888
W: Size of file /var/lib/apt/lists/ppa.launchpad.net_ubuntugis_ppa_ubuntu_dists_precise_main_binary-amd64_Packages.gz is not what the server reported 36669 36677
W: Size of file /var/lib/apt/lists/ppa.launchpad.net_ubuntugis_ppa_ubuntu_dists_precise_main_binary-i386_Packages.gz is not what the server reported 36729 36733
Reading package lists...
Building dependency tree...
Reading state information...
The following extra packages will be installed:
  libc-bin libc-dev-bin libc6-dev
Suggested packages:
  glibc-doc
The following packages will be upgraded:
  libc-bin libc-dev-bin libc6 libc6-dev
4 upgraded, 0 newly installed, 0 to remove and 246 not upgraded.
Need to get 8,840 kB of archives.
After this operation, 14.3 kB disk space will be freed.
Get:1 http://us.archive.ubuntu.com/ubuntu/ precise-updates/main libc6-dev amd64 2.15-0ubuntu10.15 [2,943 kB]
Get:2 http://us.archive.ubuntu.com/ubuntu/ precise-updates/main libc-dev-bin amd64 2.15-0ubuntu10.15 [84.7 kB]
Get:3 http://us.archive.ubuntu.com/ubuntu/ precise-updates/main libc-bin amd64 2.15-0ubuntu10.15 [1,177 kB]
Get:4 http://us.archive.ubuntu.com/ubuntu/ precise-updates/main libc6 amd64 2.15-0ubuntu10.15 [4,636 kB]
Fetched 8,840 kB in 0s (36.6 MB/s)
Preconfiguring packages ...
(Reading database ... (Reading database ... 5%(Reading database ... 10%(Reading database ... 15%(Reading database ... 20%(Reading database ... 25%(Reading database ... 30%(Reading database ... 35%(Reading database ... 40%(Reading database ... 45%(Reading database ... 50%(Reading database ... 55%(Reading database ... 60%(Reading database ... 65%(Reading database ... 70%(Reading database ... 75%(Reading database ... 80%(Reading database ... 85%(Reading database ... 90%(Reading database ... 95%(Reading database ... 100%(Reading database ... 72019 files and directories currently installed.)
Preparing to replace libc6-dev 2.15-0ubuntu10.10 (using .../libc6-dev_2.15-0ubuntu10.15_amd64.deb) ...
Unpacking replacement libc6-dev ...
Preparing to replace libc-dev-bin 2.15-0ubuntu10.10 (using .../libc-dev-bin_2.15-0ubuntu10.15_amd64.deb) ...
Unpacking replacement libc-dev-bin ...
Preparing to replace libc-bin 2.15-0ubuntu10.10 (using .../libc-bin_2.15-0ubuntu10.15_amd64.deb) ...
Unpacking replacement libc-bin ...
Processing triggers for man-db ...
Setting up libc-bin (2.15-0ubuntu10.15) ...
(Reading database ... (Reading database ... 5%(Reading database ... 10%(Reading database ... 15%(Reading database ... 20%(Reading database ... 25%(Reading database ... 30%(Reading database ... 35%(Reading database ... 40%(Reading database ... 45%(Reading database ... 50%(Reading database ... 55%(Reading database ... 60%(Reading database ... 65%(Reading database ... 70%(Reading database ... 75%(Reading database ... 80%(Reading database ... 85%(Reading database ... 90%(Reading database ... 95%(Reading database ... 100%(Reading database ... 72018 files and directories currently installed.)
Preparing to replace libc6 2.15-0ubuntu10.10 (using .../libc6_2.15-0ubuntu10.15_amd64.deb) ...
Unpacking replacement libc6 ...
Setting up libc6 (2.15-0ubuntu10.15) ...
Setting up libc-dev-bin (2.15-0ubuntu10.15) ...
Setting up libc6-dev (2.15-0ubuntu10.15) ...
Processing triggers for libc-bin ...
ldconfig deferred processing now taking place
travis_fold:end:fix.CVE-2015-7547[0Ktravis_fold:start:git.checkout[0Ktravis_time:start:06290562[0K$ git clone --depth=50 https://github.com/apache/storm.git apache/storm
Cloning into 'apache/storm'...
remote: Counting objects: 21634, done.[K
remote: Compressing objects:   0% (1/8512)   [Kremote: Compressing objects:   1% (86/8512)   [Kremote: Compressing objects:   2% (171/8512)   [Kremote: Compressing objects:   3% (256/8512)   [Kremote: Compressing objects:   4% (341/8512)   [Kremote: Compressing objects:   5% (426/8512)   [Kremote: Compressing objects:   6% (511/8512)   [Kremote: Compressing objects:   7% (596/8512)   [Kremote: Compressing objects:   8% (681/8512)   [Kremote: Compressing objects:   9% (767/8512)   [Kremote: Compressing objects:  10% (852/8512)   [Kremote: Compressing objects:  11% (937/8512)   [Kremote: Compressing objects:  12% (1022/8512)   [Kremote: Compressing objects:  13% (1107/8512)   [Kremote: Compressing objects:  14% (1192/8512)   [Kremote: Compressing objects:  15% (1277/8512)   [Kremote: Compressing objects:  16% (1362/8512)   [Kremote: Compressing objects:  17% (1448/8512)   [Kremote: Compressing objects:  18% (1533/8512)   [Kremote: Compressing objects:  19% (1618/8512)   [Kremote: Compressing objects:  20% (1703/8512)   [Kremote: Compressing objects:  21% (1788/8512)   [Kremote: Compressing objects:  22% (1873/8512)   [Kremote: Compressing objects:  23% (1958/8512)   [Kremote: Compressing objects:  24% (2043/8512)   [Kremote: Compressing objects:  25% (2128/8512)   [Kremote: Compressing objects:  26% (2214/8512)   [Kremote: Compressing objects:  27% (2299/8512)   [Kremote: Compressing objects:  28% (2384/8512)   [Kremote: Compressing objects:  29% (2469/8512)   [Kremote: Compressing objects:  30% (2554/8512)   [Kremote: Compressing objects:  31% (2639/8512)   [Kremote: Compressing objects:  32% (2724/8512)   [Kremote: Compressing objects:  33% (2809/8512)   [Kremote: Compressing objects:  34% (2895/8512)   [Kremote: Compressing objects:  35% (2980/8512)   [Kremote: Compressing objects:  36% (3065/8512)   [Kremote: Compressing objects:  37% (3150/8512)   [Kremote: Compressing objects:  38% (3235/8512)   [Kremote: Compressing objects:  39% (3320/8512)   [Kremote: Compressing objects:  40% (3405/8512)   [Kremote: Compressing objects:  41% (3490/8512)   [Kremote: Compressing objects:  42% (3576/8512)   [Kremote: Compressing objects:  43% (3661/8512)   [Kremote: Compressing objects:  44% (3746/8512)   [Kremote: Compressing objects:  45% (3831/8512)   [Kremote: Compressing objects:  46% (3916/8512)   [Kremote: Compressing objects:  47% (4001/8512)   [Kremote: Compressing objects:  48% (4086/8512)   [Kremote: Compressing objects:  49% (4171/8512)   [Kremote: Compressing objects:  50% (4256/8512)   [Kremote: Compressing objects:  51% (4342/8512)   [Kremote: Compressing objects:  52% (4427/8512)   [Kremote: Compressing objects:  53% (4512/8512)   [Kremote: Compressing objects:  54% (4597/8512)   [Kremote: Compressing objects:  55% (4682/8512)   [Kremote: Compressing objects:  56% (4767/8512)   [Kremote: Compressing objects:  57% (4852/8512)   [Kremote: Compressing objects:  58% (4937/8512)   [Kremote: Compressing objects:  59% (5023/8512)   [Kremote: Compressing objects:  60% (5108/8512)   [Kremote: Compressing objects:  61% (5193/8512)   [Kremote: Compressing objects:  62% (5278/8512)   [Kremote: Compressing objects:  63% (5363/8512)   [Kremote: Compressing objects:  64% (5448/8512)   [Kremote: Compressing objects:  65% (5533/8512)   [Kremote: Compressing objects:  66% (5618/8512)   [Kremote: Compressing objects:  67% (5704/8512)   [Kremote: Compressing objects:  68% (5789/8512)   [Kremote: Compressing objects:  69% (5874/8512)   [Kremote: Compressing objects:  70% (5959/8512)   [Kremote: Compressing objects:  71% (6044/8512)   [Kremote: Compressing objects:  72% (6129/8512)   [Kremote: Compressing objects:  73% (6214/8512)   [Kremote: Compressing objects:  74% (6299/8512)   [Kremote: Compressing objects:  75% (6384/8512)   [Kremote: Compressing objects:  76% (6470/8512)   [Kremote: Compressing objects:  77% (6555/8512)   [Kremote: Compressing objects:  78% (6640/8512)   [Kremote: Compressing objects:  79% (6725/8512)   [Kremote: Compressing objects:  80% (6810/8512)   [Kremote: Compressing objects:  81% (6895/8512)   [Kremote: Compressing objects:  82% (6980/8512)   [Kremote: Compressing objects:  83% (7065/8512)   [Kremote: Compressing objects:  84% (7151/8512)   [Kremote: Compressing objects:  85% (7236/8512)   [Kremote: Compressing objects:  86% (7321/8512)   [Kremote: Compressing objects:  87% (7406/8512)   [Kremote: Compressing objects:  88% (7491/8512)   [Kremote: Compressing objects:  89% (7576/8512)   [Kremote: Compressing objects:  90% (7661/8512)   [Kremote: Compressing objects:  91% (7746/8512)   [Kremote: Compressing objects:  92% (7832/8512)   [Kremote: Compressing objects:  93% (7917/8512)   [Kremote: Compressing objects:  94% (8002/8512)   [Kremote: Compressing objects:  95% (8087/8512)   [Kremote: Compressing objects:  96% (8172/8512)   [Kremote: Compressing objects:  97% (8257/8512)   [Kremote: Compressing objects:  98% (8342/8512)   [Kremote: Compressing objects:  99% (8427/8512)   [Kremote: Compressing objects: 100% (8512/8512)   [Kremote: Compressing objects: 100% (8512/8512), done.[K
Receiving objects:   0% (1/21634)   Receiving objects:   1% (217/21634)   Receiving objects:   2% (433/21634)   Receiving objects:   3% (650/21634)   Receiving objects:   4% (866/21634)   Receiving objects:   5% (1082/21634)   Receiving objects:   6% (1299/21634)   Receiving objects:   7% (1515/21634)   Receiving objects:   8% (1731/21634)   Receiving objects:   9% (1948/21634)   Receiving objects:  10% (2164/21634)   Receiving objects:  11% (2380/21634)   Receiving objects:  12% (2597/21634)   Receiving objects:  13% (2813/21634)   Receiving objects:  14% (3029/21634)   Receiving objects:  15% (3246/21634)   Receiving objects:  16% (3462/21634)   Receiving objects:  17% (3678/21634)   Receiving objects:  18% (3895/21634)   Receiving objects:  19% (4111/21634)   Receiving objects:  20% (4327/21634)   Receiving objects:  21% (4544/21634)   Receiving objects:  22% (4760/21634)   Receiving objects:  23% (4976/21634)   Receiving objects:  24% (5193/21634)   Receiving objects:  25% (5409/21634)   Receiving objects:  26% (5625/21634)   Receiving objects:  27% (5842/21634)   Receiving objects:  28% (6058/21634)   Receiving objects:  29% (6274/21634)   Receiving objects:  30% (6491/21634)   Receiving objects:  31% (6707/21634)   Receiving objects:  32% (6923/21634)   Receiving objects:  33% (7140/21634)   Receiving objects:  34% (7356/21634)   Receiving objects:  35% (7572/21634)   Receiving objects:  36% (7789/21634)   Receiving objects:  37% (8005/21634)   Receiving objects:  38% (8221/21634)   Receiving objects:  39% (8438/21634)   Receiving objects:  40% (8654/21634)   Receiving objects:  41% (8870/21634)   Receiving objects:  42% (9087/21634)   Receiving objects:  43% (9303/21634)   Receiving objects:  44% (9519/21634)   Receiving objects:  45% (9736/21634)   Receiving objects:  46% (9952/21634)   Receiving objects:  47% (10168/21634)   Receiving objects:  48% (10385/21634)   Receiving objects:  49% (10601/21634)   Receiving objects:  50% (10817/21634)   Receiving objects:  51% (11034/21634)   Receiving objects:  52% (11250/21634)   Receiving objects:  53% (11467/21634)   Receiving objects:  54% (11683/21634)   Receiving objects:  55% (11899/21634)   Receiving objects:  56% (12116/21634)   Receiving objects:  57% (12332/21634)   Receiving objects:  58% (12548/21634)   Receiving objects:  59% (12765/21634)   Receiving objects:  60% (12981/21634)   Receiving objects:  61% (13197/21634)   Receiving objects:  62% (13414/21634)   Receiving objects:  63% (13630/21634)   Receiving objects:  64% (13846/21634)   Receiving objects:  65% (14063/21634)   Receiving objects:  66% (14279/21634)   Receiving objects:  67% (14495/21634)   Receiving objects:  68% (14712/21634)   Receiving objects:  69% (14928/21634)   Receiving objects:  70% (15144/21634)   Receiving objects:  71% (15361/21634)   Receiving objects:  72% (15577/21634)   Receiving objects:  73% (15793/21634)   Receiving objects:  74% (16010/21634)   Receiving objects:  75% (16226/21634)   Receiving objects:  76% (16442/21634)   Receiving objects:  77% (16659/21634)   Receiving objects:  78% (16875/21634)   Receiving objects:  79% (17091/21634)   Receiving objects:  80% (17308/21634)   Receiving objects:  81% (17524/21634)   Receiving objects:  82% (17740/21634)   Receiving objects:  83% (17957/21634)   Receiving objects:  84% (18173/21634)   Receiving objects:  85% (18389/21634)   Receiving objects:  86% (18606/21634)   Receiving objects:  87% (18822/21634)   Receiving objects:  88% (19038/21634)   Receiving objects:  89% (19255/21634)   Receiving objects:  90% (19471/21634), 15.89 MiB | 31.71 MiB/s   Receiving objects:  91% (19687/21634), 15.89 MiB | 31.71 MiB/s   Receiving objects:  92% (19904/21634), 15.89 MiB | 31.71 MiB/s   Receiving objects:  93% (20120/21634), 15.89 MiB | 31.71 MiB/s   Receiving objects:  94% (20336/21634), 15.89 MiB | 31.71 MiB/s   Receiving objects:  95% (20553/21634), 15.89 MiB | 31.71 MiB/s   Receiving objects:  96% (20769/21634), 15.89 MiB | 31.71 MiB/s   Receiving objects:  97% (20985/21634), 15.89 MiB | 31.71 MiB/s   Receiving objects:  98% (21202/21634), 15.89 MiB | 31.71 MiB/s   Receiving objects:  99% (21418/21634), 15.89 MiB | 31.71 MiB/s   remote: Total 21634 (delta 10525), reused 18922 (delta 8370), pack-reused 0[K
Receiving objects: 100% (21634/21634), 15.89 MiB | 31.71 MiB/s   Receiving objects: 100% (21634/21634), 17.41 MiB | 31.71 MiB/s, done.
Resolving deltas:   0% (0/10525)   Resolving deltas:   1% (106/10525)   Resolving deltas:   2% (243/10525)   Resolving deltas:   3% (324/10525)   Resolving deltas:   4% (427/10525)   Resolving deltas:   5% (529/10525)   Resolving deltas:   6% (711/10525)   Resolving deltas:   7% (737/10525)   Resolving deltas:   8% (845/10525)   Resolving deltas:   9% (990/10525)   Resolving deltas:  10% (1059/10525)   Resolving deltas:  11% (1161/10525)   Resolving deltas:  12% (1269/10525)   Resolving deltas:  13% (1371/10525)   Resolving deltas:  14% (1476/10525)   Resolving deltas:  15% (1586/10525)   Resolving deltas:  16% (1684/10525)   Resolving deltas:  17% (1792/10525)   Resolving deltas:  18% (1895/10525)   Resolving deltas:  19% (2000/10525)   Resolving deltas:  20% (2105/10525)   Resolving deltas:  21% (2212/10525)   Resolving deltas:  22% (2320/10525)   Resolving deltas:  23% (2427/10525)   Resolving deltas:  24% (2530/10525)   Resolving deltas:  27% (2921/10525)   Resolving deltas:  28% (2950/10525)   Resolving deltas:  29% (3057/10525)   Resolving deltas:  30% (3160/10525)   Resolving deltas:  31% (3279/10525)   Resolving deltas:  32% (3384/10525)   Resolving deltas:  33% (3476/10525)   Resolving deltas:  34% (3581/10525)   Resolving deltas:  35% (3684/10525)   Resolving deltas:  36% (3814/10525)   Resolving deltas:  37% (3896/10525)   Resolving deltas:  38% (4001/10525)   Resolving deltas:  39% (4115/10525)   Resolving deltas:  40% (4215/10525)   Resolving deltas:  41% (4317/10525)   Resolving deltas:  42% (4426/10525)   Resolving deltas:  43% (4526/10525)   Resolving deltas:  44% (4633/10525)   Resolving deltas:  45% (4740/10525)   Resolving deltas:  46% (4844/10525)   Resolving deltas:  47% (4949/10525)   Resolving deltas:  48% (5057/10525)   Resolving deltas:  49% (5162/10525)   Resolving deltas:  50% (5266/10525)   Resolving deltas:  51% (5415/10525)   Resolving deltas:  52% (5474/10525)   Resolving deltas:  53% (5582/10525)   Resolving deltas:  54% (5688/10525)   Resolving deltas:  55% (5791/10525)   Resolving deltas:  56% (5912/10525)   Resolving deltas:  57% (6000/10525)   Resolving deltas:  58% (6106/10525)   Resolving deltas:  59% (6234/10525)   Resolving deltas:  60% (6368/10525)   Resolving deltas:  61% (6421/10525)   Resolving deltas:  62% (6548/10525)   Resolving deltas:  63% (6634/10525)   Resolving deltas:  67% (7156/10525)   Resolving deltas:  68% (7168/10525)   Resolving deltas:  69% (7273/10525)   Resolving deltas:  70% (7449/10525)   Resolving deltas:  71% (7531/10525)   Resolving deltas:  73% (7686/10525)   Resolving deltas:  74% (7799/10525)   Resolving deltas:  75% (7894/10525)   Resolving deltas:  76% (8002/10525)   Resolving deltas:  77% (8105/10525)   Resolving deltas:  78% (8211/10525)   Resolving deltas:  79% (8315/10525)   Resolving deltas:  80% (8424/10525)   Resolving deltas:  81% (8534/10525)   Resolving deltas:  82% (8639/10525)   Resolving deltas:  83% (8761/10525)   Resolving deltas:  84% (8852/10525)   Resolving deltas:  86% (9119/10525)   Resolving deltas:  87% (9165/10525)   Resolving deltas:  88% (9296/10525)   Resolving deltas:  89% (9382/10525)   Resolving deltas:  90% (9473/10525)   Resolving deltas:  91% (9589/10525)   Resolving deltas:  92% (9683/10525)   Resolving deltas:  93% (9799/10525)   Resolving deltas:  94% (9899/10525)   Resolving deltas:  95% (10004/10525)   Resolving deltas:  96% (10114/10525)   Resolving deltas:  97% (10296/10525)   Resolving deltas:  98% (10332/10525)   Resolving deltas:  99% (10420/10525)   Resolving deltas: 100% (10525/10525)   Resolving deltas: 100% (10525/10525), done.
Checking connectivity... done.

travis_time:end:06290562:start=1465911566560345839,finish=1465911569182070325,duration=2621724486[0K$ cd apache/storm
travis_time:start:071ca1e0[0K$ git fetch origin +refs/pull/1486/merge:
remote: Counting objects: 26, done.[K
remote: Compressing objects:  11% (1/9)   [Kremote: Compressing objects:  22% (2/9)   [Kremote: Compressing objects:  33% (3/9)   [Kremote: Compressing objects:  44% (4/9)   [Kremote: Compressing objects:  55% (5/9)   [Kremote: Compressing objects:  66% (6/9)   [Kremote: Compressing objects:  77% (7/9)   [Kremote: Compressing objects:  88% (8/9)   [Kremote: Compressing objects: 100% (9/9)   [Kremote: Compressing objects: 100% (9/9), done.[K
remote: Total 26 (delta 15), reused 22 (delta 13), pack-reused 0[K
Unpacking objects:   3% (1/26)   Unpacking objects:   7% (2/26)   Unpacking objects:  11% (3/26)   Unpacking objects:  15% (4/26)   Unpacking objects:  19% (5/26)   Unpacking objects:  23% (6/26)   Unpacking objects:  26% (7/26)   Unpacking objects:  30% (8/26)   Unpacking objects:  34% (9/26)   Unpacking objects:  38% (10/26)   Unpacking objects:  42% (11/26)   Unpacking objects:  46% (12/26)   Unpacking objects:  50% (13/26)   Unpacking objects:  53% (14/26)   Unpacking objects:  57% (15/26)   Unpacking objects:  61% (16/26)   Unpacking objects:  65% (17/26)   Unpacking objects:  69% (18/26)   Unpacking objects:  73% (19/26)   Unpacking objects:  76% (20/26)   Unpacking objects:  80% (21/26)   Unpacking objects:  84% (22/26)   Unpacking objects:  88% (23/26)   Unpacking objects:  92% (24/26)   Unpacking objects:  96% (25/26)   Unpacking objects: 100% (26/26)   Unpacking objects: 100% (26/26), done.
From https://github.com/apache/storm
 * branch            refs/pull/1486/merge -> FETCH_HEAD

travis_time:end:071ca1e0:start=1465911569185774239,finish=1465911569502026336,duration=316252097[0K$ git checkout -qf FETCH_HEAD
travis_fold:end:git.checkout[0K
[33;1mThis job is running on container-based infrastructure, which does not allow use of 'sudo', setuid and setguid executables.[0m
[33;1mIf you require sudo, add 'sudo: required' to your .travis.yml[0m
[33;1mSee https://docs.travis-ci.com/user/workers/container-based-infrastructure/ for details.[0m

[33;1mSetting environment variables from .travis.yml[0m
$ export MODULES=storm-core

$ jdk_switcher use oraclejdk8
Switching to Oracle JDK8 (java-8-oracle), JAVA_HOME will be set to /usr/lib/jvm/java-8-oracle
travis_fold:start:cache.1[0KSetting up build cache
$ export CASHER_DIR=$HOME/.casher
travis_time:start:03892190[0K$ Installing caching utilities

travis_time:end:03892190:start=1465911572415681562,finish=1465911572461147091,duration=45465529[0Ktravis_time:start:233e6563[0K
travis_time:end:233e6563:start=1465911572466219649,finish=1465911572469601745,duration=3382096[0Ktravis_time:start:117e91ee[0K[32;1mattempting to download cache archive[0m
[32;1mfetching PR.1486/cache-linux-precise-4722ea394922d42b2b7eb84cff6efc764d76759821ac6f6efc13232aa923f595--jdk-oraclejdk8.tgz[0m
[32;1mfetching PR.1486/cache--jdk-oraclejdk8.tgz[0m
[32;1mfetching master/cache-linux-precise-4722ea394922d42b2b7eb84cff6efc764d76759821ac6f6efc13232aa923f595--jdk-oraclejdk8.tgz[0m
[32;1mfound cache[0m

travis_time:end:117e91ee:start=1465911572473485375,finish=1465911581632601945,duration=9159116570[0Ktravis_time:start:055eae00[0K
travis_time:end:055eae00:start=1465911581636595026,finish=1465911581640077205,duration=3482179[0Ktravis_time:start:0598a8c7[0K[32;1madding /home/travis/.m2/repository to cache[0m
[32;1madding /home/travis/.rvm to cache[0m
[32;1madding /home/travis/.nvm to cache[0m

travis_time:end:0598a8c7:start=1465911581644037338,finish=1465911595881671199,duration=14237633861[0Ktravis_fold:end:cache.1[0K$ java -Xmx32m -version
java version "1.8.0_31"
Java(TM) SE Runtime Environment (build 1.8.0_31-b13)
Java HotSpot(TM) 64-Bit Server VM (build 25.31-b07, mixed mode)
$ javac -J-Xmx32m -version
javac 1.8.0_31
travis_fold:start:before_install.1[0Ktravis_time:start:04261aa0[0K$ rvm use 2.1.5 --install
[32mUsing /home/travis/.rvm/gems/ruby-2.1.5[0m

travis_time:end:04261aa0:start=1465911596580835338,finish=1465911596864428916,duration=283593578[0Ktravis_fold:end:before_install.1[0Ktravis_fold:start:before_install.2[0Ktravis_time:start:057c328e[0K$ nvm install 0.12.2
v0.12.2 is already installed.
Now using node v0.12.2

travis_time:end:057c328e:start=1465911596870475556,finish=1465911597140579933,duration=270104377[0Ktravis_fold:end:before_install.2[0Ktravis_fold:start:before_install.3[0Ktravis_time:start:09c3bf34[0K$ nvm use 0.12.2
Now using node v0.12.2

travis_time:end:09c3bf34:start=1465911597145195398,finish=1465911597214578468,duration=69383070[0Ktravis_fold:end:before_install.3[0Ktravis_fold:start:install[0Ktravis_time:start:0cf7fc3b[0K$ /bin/bash ./dev-tools/travis/travis-install.sh `pwd`
Python version :   Python 2.7.3
Java HotSpot(TM) 64-Bit Server VM warning: ignoring option MaxPermSize=192m; support was removed in 8.0
Maven version  :   Apache Maven 3.2.5 (12a6b3acb947671f09b81f49094c53f426d8cea1; 2014-12-14T17:29:23+00:00) Maven home: /usr/local/maven Java version: 1.8.0_31, vendor: Oracle Corporation Java home: /usr/lib/jvm/java-8-oracle/jre Default locale: en_US, platform encoding: UTF-8 OS name: "linux", version: "3.13.0-40-generic", arch: "amd64", family: "unix"
['mvn', 'clean', 'install', '-DskipTests', '-Pnative', '--batch-mode'] writing to install.txt
3 seconds 2 log lines13 seconds 105 log lines24 seconds 238 log lines77 seconds 322 log lines91 seconds 329 log lines102 seconds 367 log lines113 seconds 506 log lines134 seconds 650 log lines147 seconds 793 log lines162 seconds 863 log lines174 seconds 872 log lines192 seconds 912 log lines203 seconds 968 log lines213 seconds 1116 log lines225 seconds 1320 log lines239 seconds 1475 log lines250 seconds 1667 log lines261 seconds 1830 log lines272 seconds 2185 log lines284 seconds 2234 log lines297 seconds 2379 log lines304 seconds 2566 log lines
['mvn', 'clean', 'install', '-DskipTests', '-Pnative', '--batch-mode'] done 0

travis_time:end:0cf7fc3b:start=1465911597219737415,finish=1465911903914657817,duration=306694920402[0Ktravis_fold:end:install[0Ktravis_time:start:0c153da8[0K$ /bin/bash ./dev-tools/travis/travis-script.sh `pwd` $MODULES
Python version :   Python 2.7.3
Ruby version   :   ruby 2.1.5p273 (2014-11-13 revision 48405) [x86_64-linux]
NodeJs version :   v0.12.2
Java HotSpot(TM) 64-Bit Server VM warning: ignoring option MaxPermSize=192m; support was removed in 8.0
Maven version  :   Apache Maven 3.2.5 (12a6b3acb947671f09b81f49094c53f426d8cea1; 2014-12-14T17:29:23+00:00) Maven home: /usr/local/maven Java version: 1.8.0_31, vendor: Oracle Corporation Java home: /usr/lib/jvm/java-8-oracle/jre Default locale: en_US, platform encoding: UTF-8 OS name: "linux", version: "3.13.0-40-generic", arch: "amd64", family: "unix"
Java HotSpot(TM) 64-Bit Server VM warning: ignoring option MaxPermSize=192m; support was removed in 8.0
[INFO] Scanning for projects...
[INFO]                                                                         
[INFO] ------------------------------------------------------------------------
[INFO] Building Storm Core 2.0.0-SNAPSHOT
[INFO] ------------------------------------------------------------------------
[INFO] 
[INFO] --- exec-maven-plugin:1.2.1:exec (default) @ storm-core ---
[INFO] 
[INFO] --- maven-remote-resources-plugin:1.2.1:process (default) @ storm-core ---
[INFO] 
[INFO] --- storm-maven-plugins:2.0.0-SNAPSHOT:version-info (version-info) @ storm-core ---
[WARNING] [svn, info] failed with error code 1
[INFO] SCM: GIT
[INFO] Computed MD5: 54c8aec3f88036c37a2e999e34c1a
[INFO] 
[INFO] --- maven-resources-plugin:2.5:resources (default-resources) @ storm-core ---
[debug] execute contextualize
[INFO] Using 'UTF-8' encoding to copy filtered resources.
[INFO] Copying 9 resources
[INFO] Copying 1 resource to META-INF
[INFO] Copying 0 resource
[INFO] Copying 1 resource
[INFO] Copying 3 resources
[INFO] 
[INFO] --- maven-compiler-plugin:3.1:compile (default-compile) @ storm-core ---
[INFO] Nothing to compile - all classes are up to date
[INFO] 
[INFO] --- clojure-maven-plugin:1.7.1:compile (compile-clojure) @ storm-core ---
Compiling org.apache.storm.trident.testing to /home/travis/build/apache/storm/storm-core/target/classes
13:45:42.917 [main] WARN  o.a.s.m.StormMetricsRegistry - Metric ui:num-topology-op-response-http-requests has already been registered
13:45:42.933 [main] WARN  o.a.s.m.StormMetricsRegistry - Metric ui:num-topology-op-response-http-requests has already been registered
Compiling org.apache.storm.command.get-errors to /home/travis/build/apache/storm/storm-core/target/classes
Compiling org.apache.storm.command.blobstore to /home/travis/build/apache/storm/storm-core/target/classes
Compiling org.apache.storm.daemon.drpc to /home/travis/build/apache/storm/storm-core/target/classes
Compiling org.apache.storm.testing4j to /home/travis/build/apache/storm/storm-core/target/classes
Compiling org.apache.storm.metric.testing to /home/travis/build/apache/storm/storm-core/target/classes
Compiling org.apache.storm.ui.core to /home/travis/build/apache/storm/storm-core/target/classes
Compiling org.apache.storm.ui.helpers to /home/travis/build/apache/storm/storm-core/target/classes
Compiling org.apache.storm.testing to /home/travis/build/apache/storm/storm-core/target/classes
Compiling org.apache.storm.command.heartbeats to /home/travis/build/apache/storm/storm-core/target/classes
Compiling org.apache.storm.log to /home/travis/build/apache/storm/storm-core/target/classes
Compiling org.apache.storm.daemon.common to /home/travis/build/apache/storm/storm-core/target/classes
Compiling org.apache.storm.util to /home/travis/build/apache/storm/storm-core/target/classes
Compiling org.apache.storm.scheduler.IsolationScheduler to /home/travis/build/apache/storm/storm-core/target/classes
Compiling org.apache.storm.config to /home/travis/build/apache/storm/storm-core/target/classes
Compiling org.apache.storm.LocalCluster to /home/travis/build/apache/storm/storm-core/target/classes
Compiling org.apache.storm.internal.clojure to /home/travis/build/apache/storm/storm-core/target/classes
Compiling org.apache.storm.daemon.logviewer to /home/travis/build/apache/storm/storm-core/target/classes
Compiling org.apache.storm.blobstore to /home/travis/build/apache/storm/storm-core/target/classes
Compiling org.apache.storm.daemon.local-supervisor to /home/travis/build/apache/storm/storm-core/target/classes
Compiling org.apache.storm.daemon.executor to /home/travis/build/apache/storm/storm-core/target/classes
Compiling org.apache.storm.converter to /home/travis/build/apache/storm/storm-core/target/classes
Compiling org.apache.storm.daemon.nimbus to /home/travis/build/apache/storm/storm-core/target/classes
Compiling org.apache.storm.internal.thrift to /home/travis/build/apache/storm/storm-core/target/classes
Compiling org.apache.storm.local-state-converter to /home/travis/build/apache/storm/storm-core/target/classes
Compiling org.apache.storm.command.shell-submission to /home/travis/build/apache/storm/storm-core/target/classes
Compiling org.apache.storm.daemon.worker to /home/travis/build/apache/storm/storm-core/target/classes
[INFO] 
[INFO] --- make-maven-plugin:1.0-beta-1:autoreconf (compile) @ storm-core ---
[INFO] 
[INFO] --- make-maven-plugin:1.0-beta-1:configure (compile) @ storm-core ---
[INFO] /bin/sh: 14: /home/travis/.jdk_switcher_rc: [[: not found
[INFO] /bin/sh: 22: /home/travis/.jdk_switcher_rc: [[: not found
[INFO] /bin/sh: 32: /home/travis/.jdk_switcher_rc: [[: not found
[INFO] /bin/sh: 42: /home/travis/.jdk_switcher_rc: [[: not found
[INFO] /bin/sh: 3: /etc/profile.d/rvm.sh: [[: not found
[INFO] checking for gcc... gcc
[INFO] checking whether the C compiler works... yes
[INFO] checking for C compiler default output file name... a.out
[INFO] checking for suffix of executables... 
[INFO] checking whether we are cross compiling... no
[INFO] checking for suffix of object files... o
[INFO] checking whether we are using the GNU C compiler... yes
[INFO] checking whether gcc accepts -g... yes
[INFO] checking for gcc option to accept ISO C89... none needed
[INFO] checking how to run the C preprocessor... gcc -E
[INFO] checking for grep that handles long lines and -e... /bin/grep
[INFO] checking for egrep... /bin/grep -E
[INFO] checking for ANSI C header files... yes
[INFO] checking for sys/types.h... yes
[INFO] checking for sys/stat.h... yes
[INFO] checking for stdlib.h... yes
[INFO] checking for string.h... yes
[INFO] checking for memory.h... yes
[INFO] checking for strings.h... yes
[INFO] checking for inttypes.h... yes
[INFO] checking for stdint.h... yes
[INFO] checking for unistd.h... yes
[INFO] checking minix/config.h usability... no
[INFO] checking minix/config.h presence... no
[INFO] checking for minix/config.h... no
[INFO] checking whether it is safe to define __EXTENSIONS__... yes
[INFO] checking for a BSD-compatible install... /usr/bin/install -c
[INFO] checking whether build environment is sane... yes
[INFO] checking for a thread-safe mkdir -p... /bin/mkdir -p
[INFO] checking for gawk... gawk
[INFO] checking whether make sets $(MAKE)... yes
[INFO] checking for style of include used by make... GNU
[INFO] checking dependency style of gcc... gcc3
[INFO] checking for gcc... (cached) gcc
[INFO] checking whether we are using the GNU C compiler... (cached) yes
[INFO] checking whether gcc accepts -g... (cached) yes
[INFO] checking for gcc option to accept ISO C89... (cached) none needed
[INFO] checking whether gcc and cc understand -c and -o together... yes
[INFO] checking for unistd.h... (cached) yes
[INFO] checking for stdbool.h that conforms to C99... yes
[INFO] checking for _Bool... yes
[INFO] checking for an ANSI C-conforming const... yes
[INFO] checking for off_t... yes
[INFO] checking for size_t... yes
[INFO] checking whether strerror_r is declared... yes
[INFO] checking for strerror_r... yes
[INFO] checking whether strerror_r returns char *... yes
[INFO] checking for mkdir... yes
[INFO] checking for uname... yes
[INFO] configure: creating ./config.status
[INFO] config.status: creating Makefile
[INFO] config.status: executing depfiles commands
[INFO] 
[INFO] --- make-maven-plugin:1.0-beta-1:make-install (compile) @ storm-core ---
[INFO] /bin/sh: 14: /home/travis/.jdk_switcher_rc: [[: not found
[INFO] /bin/sh: 22: /home/travis/.jdk_switcher_rc: [[: not found
[INFO] /bin/sh: 32: /home/travis/.jdk_switcher_rc: [[: not found
[INFO] /bin/sh: 42: /home/travis/.jdk_switcher_rc: [[: not found
[INFO] /bin/sh: 3: /etc/profile.d/rvm.sh: [[: not found
[INFO] make[1]: Entering directory `/home/travis/build/apache/storm/storm-core/target/native/worker-launcher'
[INFO] test -z "/usr/local/bin" || /bin/mkdir -p "/home/travis/build/apache/storm/storm-core/target/native/target/usr/local/bin"
[INFO]   /usr/bin/install -c worker-launcher '/home/travis/build/apache/storm/storm-core/target/native/target/usr/local/bin'
[INFO] make[1]: Nothing to be done for `install-data-am'.
[INFO] make[1]: Leaving directory `/home/travis/build/apache/storm/storm-core/target/native/worker-launcher'
[INFO] 
[INFO] --- maven-resources-plugin:2.5:testResources (default-testResources) @ storm-core ---
[debug] execute contextualize
[INFO] Using 'UTF-8' encoding to copy filtered resources.
[INFO] Copying 14 resources
[INFO] Copying 2 resources
[INFO] Copying 3 resources
[INFO] 
[INFO] --- maven-dependency-plugin:2.8:unpack (unpack) @ storm-core ---
[INFO] Configured Artifact: org.apache.storm:multilang-ruby:2.0.0-SNAPSHOT:jar
[INFO] Downloading: https://repository.apache.org/snapshots/org/apache/storm/multilang-ruby/2.0.0-SNAPSHOT/maven-metadata.xml
[INFO] Configured Artifact: org.apache.storm:multilang-python:2.0.0-SNAPSHOT:jar
[INFO] Downloading: https://repository.apache.org/snapshots/org/apache/storm/multilang-python/2.0.0-SNAPSHOT/maven-metadata.xml
[INFO] Configured Artifact: org.apache.storm:multilang-javascript:2.0.0-SNAPSHOT:jar
[INFO] Downloading: https://repository.apache.org/snapshots/org/apache/storm/multilang-javascript/2.0.0-SNAPSHOT/maven-metadata.xml
[INFO] multilang-ruby-2.0.0-SNAPSHOT.jar already unpacked.
[INFO] multilang-python-2.0.0-SNAPSHOT.jar already unpacked.
[INFO] multilang-javascript-2.0.0-SNAPSHOT.jar already unpacked.
[INFO] 
[INFO] --- maven-compiler-plugin:3.1:testCompile (default-testCompile) @ storm-core ---
[INFO] Changes detected - recompiling the module!
[INFO] Compiling 52 source files to /home/travis/build/apache/storm/storm-core/target/test-classes
[WARNING] /home/travis/build/apache/storm/storm-core/test/jvm/org/apache/storm/localizer/LocalizerTest.java: Some input files use or override a deprecated API.
[WARNING] /home/travis/build/apache/storm/storm-core/test/jvm/org/apache/storm/localizer/LocalizerTest.java: Recompile with -Xlint:deprecation for details.
[WARNING] /home/travis/build/apache/storm/storm-core/test/jvm/org/apache/storm/spout/CheckpointSpoutTest.java: Some input files use unchecked or unsafe operations.
[WARNING] /home/travis/build/apache/storm/storm-core/test/jvm/org/apache/storm/spout/CheckpointSpoutTest.java: Recompile with -Xlint:unchecked for details.
[INFO] 
[INFO] --- maven-surefire-plugin:2.18.1:test (default-test) @ storm-core ---
[INFO] Surefire report directory: /home/travis/build/apache/storm/storm-core/target/surefire-reports
[INFO] parallel='none', perCoreThreadCount=true, threadCount=0, useUnlimitedThreads=false, threadCountSuites=0, threadCountClasses=0, threadCountMethods=0, parallelOptimized=true

-------------------------------------------------------
 T E S T S
-------------------------------------------------------
Running org.apache.storm.spout.CheckpointSpoutTest
Tests run: 7, Failures: 0, Errors: 0, Skipped: 0, Time elapsed: 0.499 sec - in org.apache.storm.spout.CheckpointSpoutTest
Running org.apache.storm.utils.TimeTest
Tests run: 8, Failures: 0, Errors: 0, Skipped: 0, Time elapsed: 0.029 sec - in org.apache.storm.utils.TimeTest
Running org.apache.storm.utils.WorkerBackpressureThreadTest
Tests run: 1, Failures: 0, Errors: 0, Skipped: 0, Time elapsed: 0.228 sec - in org.apache.storm.utils.WorkerBackpressureThreadTest
Running org.apache.storm.utils.DisruptorQueueTest
Tests run: 3, Failures: 0, Errors: 0, Skipped: 0, Time elapsed: 4.71 sec - in org.apache.storm.utils.DisruptorQueueTest
Running org.apache.storm.utils.UtilsTest
Tests run: 8, Failures: 0, Errors: 0, Skipped: 0, Time elapsed: 0.219 sec - in org.apache.storm.utils.UtilsTest
Running org.apache.storm.utils.DisruptorQueueBackpressureTest
Tests run: 1, Failures: 0, Errors: 0, Skipped: 0, Time elapsed: 0.004 sec - in org.apache.storm.utils.DisruptorQueueBackpressureTest
Running org.apache.storm.utils.ThriftTopologyUtilsTest
Tests run: 5, Failures: 0, Errors: 0, Skipped: 0, Time elapsed: 0.067 sec - in org.apache.storm.utils.ThriftTopologyUtilsTest
Running org.apache.storm.utils.ShellBoltMessageQueueTest
Tests run: 3, Failures: 0, Errors: 0, Skipped: 0, Time elapsed: 2.514 sec - in org.apache.storm.utils.ShellBoltMessageQueueTest
Running org.apache.storm.utils.StormBoundedExponentialBackoffRetryTest
Tests run: 5, Failures: 0, Errors: 0, Skipped: 0, Time elapsed: 1.735 sec - in org.apache.storm.utils.StormBoundedExponentialBackoffRetryTest
Running org.apache.storm.command.TestCLI
Tests run: 1, Failures: 0, Errors: 0, Skipped: 0, Time elapsed: 0.064 sec - in org.apache.storm.command.TestCLI
Running org.apache.storm.command.RebalanceTest
Tests run: 2, Failures: 0, Errors: 0, Skipped: 0, Time elapsed: 0.01 sec - in org.apache.storm.command.RebalanceTest
Running org.apache.storm.command.SetLogLevelTest
Tests run: 3, Failures: 0, Errors: 0, Skipped: 0, Time elapsed: 0.032 sec - in org.apache.storm.command.SetLogLevelTest
Running org.apache.storm.serialization.ThriftBridgeSerializationDelegateTest
Tests run: 1, Failures: 0, Errors: 0, Skipped: 0, Time elapsed: 0.047 sec - in org.apache.storm.serialization.ThriftBridgeSerializationDelegateTest
Running org.apache.storm.serialization.GzipBridgeSerializationDelegateTest
Tests run: 3, Failures: 0, Errors: 0, Skipped: 0, Time elapsed: 0.087 sec - in org.apache.storm.serialization.GzipBridgeSerializationDelegateTest
Running org.apache.storm.serialization.GzipBridgeThriftSerializationDelegateTest
Tests run: 3, Failures: 0, Errors: 0, Skipped: 0, Time elapsed: 0.066 sec - in org.apache.storm.serialization.GzipBridgeThriftSerializationDelegateTest
Running org.apache.storm.serialization.SerializationTest
Tests run: 3, Failures: 0, Errors: 0, Skipped: 0, Time elapsed: 69.934 sec - in org.apache.storm.serialization.SerializationTest
Running org.apache.storm.trident.TridentWindowingTest
Tests run: 3, Failures: 0, Errors: 0, Skipped: 0, Time elapsed: 0.081 sec - in org.apache.storm.trident.TridentWindowingTest
Running org.apache.storm.trident.TestTridentTopology
Tests run: 1, Failures: 0, Errors: 0, Skipped: 0, Time elapsed: 300.161 sec - in org.apache.storm.trident.TestTridentTopology
Running org.apache.storm.metric.internal.LatencyStatAndMetricTest
Tests run: 1, Failures: 0, Errors: 0, Skipped: 0, Time elapsed: 0.471 sec - in org.apache.storm.metric.internal.LatencyStatAndMetricTest
Running org.apache.storm.metric.internal.CountStatAndMetricTest
Tests run: 1, Failures: 0, Errors: 0, Skipped: 0, Time elapsed: 0.263 sec - in org.apache.storm.metric.internal.CountStatAndMetricTest
Running org.apache.storm.metric.internal.RateTrackerTest
Tests run: 4, Failures: 0, Errors: 0, Skipped: 0, Time elapsed: 0.011 sec - in org.apache.storm.metric.internal.RateTrackerTest
Running org.apache.storm.metric.filter.FilterByMetricNameTest
Tests run: 4, Failures: 0, Errors: 0, Skipped: 0, Time elapsed: 0.758 sec - in org.apache.storm.metric.filter.FilterByMetricNameTest
Running org.apache.storm.windowing.WaterMarkEventGeneratorTest
Tests run: 5, Failures: 0, Errors: 0, Skipped: 0, Time elapsed: 0.708 sec - in org.apache.storm.windowing.WaterMarkEventGeneratorTest
Running org.apache.storm.windowing.WindowManagerTest
Tests run: 10, Failures: 1, Errors: 0, Skipped: 0, Time elapsed: 1.663 sec <<< FAILURE! - in org.apache.storm.windowing.WindowManagerTest
testTimeBasedWindowExpiry(org.apache.storm.windowing.WindowManagerTest)  Time elapsed: 0.746 sec  <<< FAILURE!
java.lang.AssertionError: expected:<[1, 2, 3, 4, 5, 6, 7, 8, 9, 10]> but was:<[1]>
	at org.junit.Assert.fail(Assert.java:88)
	at org.junit.Assert.failNotEquals(Assert.java:743)
	at org.junit.Assert.assertEquals(Assert.java:118)
	at org.junit.Assert.assertEquals(Assert.java:144)
	at org.apache.storm.windowing.WindowManagerTest.testTimeBasedWindowExpiry(WindowManagerTest.java:249)

Running org.apache.storm.topology.StatefulBoltExecutorTest
Tests run: 7, Failures: 0, Errors: 0, Skipped: 0, Time elapsed: 5.223 sec - in org.apache.storm.topology.StatefulBoltExecutorTest
Running org.apache.storm.topology.StatefulWindowedBoltExecutorTest
Tests run: 4, Failures: 0, Errors: 0, Skipped: 0, Time elapsed: 1.452 sec - in org.apache.storm.topology.StatefulWindowedBoltExecutorTest
Running org.apache.storm.topology.TopologyBuilderTest
Tests run: 5, Failures: 0, Errors: 0, Skipped: 0, Time elapsed: 0.859 sec - in org.apache.storm.topology.TopologyBuilderTest
Running org.apache.storm.topology.WindowedBoltExecutorTest
Tests run: 5, Failures: 1, Errors: 0, Skipped: 0, Time elapsed: 1.288 sec <<< FAILURE! - in org.apache.storm.topology.WindowedBoltExecutorTest
testExecuteWithLateTupleStream(org.apache.storm.topology.WindowedBoltExecutorTest)  Time elapsed: 0.097 sec  <<< FAILURE!
org.mockito.exceptions.verification.WantedButNotInvoked: 
Wanted but not invoked:
outputCollector.emit(
    "$late",
    [source: null:1, stream: s1, id: {}, [600]],
    [source: null:1, stream: s1, id: {}, [600]]
);
-> at org.apache.storm.topology.WindowedBoltExecutorTest.testExecuteWithLateTupleStream(WindowedBoltExecutorTest.java:225)
Actually, there were zero interactions with this mock.

	at org.apache.storm.topology.WindowedBoltExecutorTest.testExecuteWithLateTupleStream(WindowedBoltExecutorTest.java:225)

Running org.apache.storm.localizer.LocalizerTest
Tests run: 13, Failures: 0, Errors: 0, Skipped: 0, Time elapsed: 13.982 sec - in org.apache.storm.localizer.LocalizerTest
Running org.apache.storm.localizer.LocalizedResourceRetentionSetTest
Tests run: 2, Failures: 0, Errors: 0, Skipped: 0, Time elapsed: 0.038 sec - in org.apache.storm.localizer.LocalizedResourceRetentionSetTest
Running org.apache.storm.localizer.LocalizedResourceSetTest
Tests run: 4, Failures: 0, Errors: 0, Skipped: 0, Time elapsed: 0.004 sec - in org.apache.storm.localizer.LocalizedResourceSetTest
Running org.apache.storm.blobstore.BlobStoreTest
Tests run: 4, Failures: 0, Errors: 0, Skipped: 0, Time elapsed: 27.453 sec - in org.apache.storm.blobstore.BlobStoreTest
Running org.apache.storm.blobstore.BlobSynchronizerTest
Tests run: 4, Failures: 0, Errors: 0, Skipped: 0, Time elapsed: 6.166 sec - in org.apache.storm.blobstore.BlobSynchronizerTest
Running org.apache.storm.blobstore.ClientBlobStoreTest
Tests run: 4, Failures: 0, Errors: 0, Skipped: 0, Time elapsed: 0.011 sec - in org.apache.storm.blobstore.ClientBlobStoreTest
Running org.apache.storm.cluster.StormClusterStateImplTest
Tests run: 5, Failures: 0, Errors: 0, Skipped: 0, Time elapsed: 0 sec - in org.apache.storm.cluster.StormClusterStateImplTest
Running org.apache.storm.scheduler.resource.strategies.scheduling.TestDefaultResourceAwareStrategy
Tests run: 2, Failures: 0, Errors: 0, Skipped: 0, Time elapsed: 0.052 sec - in org.apache.storm.scheduler.resource.strategies.scheduling.TestDefaultResourceAwareStrategy
Running org.apache.storm.scheduler.resource.TestResourceAwareScheduler
Tests run: 14, Failures: 0, Errors: 0, Skipped: 0, Time elapsed: 4.7 sec - in org.apache.storm.scheduler.resource.TestResourceAwareScheduler
Running org.apache.storm.scheduler.resource.TestUser
Tests run: 3, Failures: 0, Errors: 0, Skipped: 0, Time elapsed: 31.952 sec - in org.apache.storm.scheduler.resource.TestUser
Running org.apache.storm.nimbus.LocalNimbusTest
Tests run: 1, Failures: 0, Errors: 0, Skipped: 0, Time elapsed: 186.055 sec - in org.apache.storm.nimbus.LocalNimbusTest
Running org.apache.storm.grouping.PartialKeyGroupingTest
Tests run: 2, Failures: 0, Errors: 0, Skipped: 0, Time elapsed: 1.688 sec - in org.apache.storm.grouping.PartialKeyGroupingTest
Running org.apache.storm.state.InMemoryKeyValueStateTest
Tests run: 2, Failures: 0, Errors: 0, Skipped: 0, Time elapsed: 0.003 sec - in org.apache.storm.state.InMemoryKeyValueStateTest
Running org.apache.storm.TestConfigValidate
Tests run: 25, Failures: 0, Errors: 0, Skipped: 0, Time elapsed: 4.639 sec - in org.apache.storm.TestConfigValidate
Running org.apache.storm.PacemakerTest
Tests run: 9, Failures: 0, Errors: 0, Skipped: 0, Time elapsed: 2.896 sec - in org.apache.storm.PacemakerTest
Running org.apache.storm.PaceMakerStateStorageFactoryTest
Tests run: 10, Failures: 0, Errors: 0, Skipped: 0, Time elapsed: 3.382 sec - in org.apache.storm.PaceMakerStateStorageFactoryTest
Running org.apache.storm.TestCgroups
Tests run: 1, Failures: 0, Errors: 0, Skipped: 1, Time elapsed: 0.552 sec - in org.apache.storm.TestCgroups

Results :

Failed tests: 
  WindowedBoltExecutorTest.testExecuteWithLateTupleStream:225 
Wanted but not invoked:
outputCollector.emit(
    "$late",
    [source: null:1, stream: s1, id: {}, [600]],
    [source: null:1, stream: s1, id: {}, [600]]
);
-> at org.apache.storm.topology.WindowedBoltExecutorTest.testExecuteWithLateTupleStream(WindowedBoltExecutorTest.java:225)
Actually, there were zero interactions with this mock.

  WindowManagerTest.testTimeBasedWindowExpiry:249 expected:<[1, 2, 3, 4, 5, 6, 7, 8, 9, 10]> but was:<[1]>

Tests run: 212, Failures: 2, Errors: 0, Skipped: 1

[INFO] ------------------------------------------------------------------------
[INFO] BUILD FAILURE
[INFO] ------------------------------------------------------------------------
[INFO] Total time: 12:33 min
[INFO] Finished at: 2016-06-14T13:57:40+00:00
[INFO] Final Memory: 40M/354M
[INFO] ------------------------------------------------------------------------
[ERROR] Failed to execute goal org.apache.maven.plugins:maven-surefire-plugin:2.18.1:test (default-test) on project storm-core: There are test failures.
[ERROR] 
[ERROR] Please refer to /home/travis/build/apache/storm/storm-core/target/surefire-reports for the individual test results.
[ERROR] -> [Help 1]
[ERROR] 
[ERROR] To see the full stack trace of the errors, re-run Maven with the -e switch.
[ERROR] Re-run Maven using the -X switch to enable full debug logging.
[ERROR] 
[ERROR] For more information about the errors and possible solutions, please read the following articles:
[ERROR] [Help 1] http://cwiki.apache.org/confluence/display/MAVEN/MojoFailureException
Looking for errors in ./storm-core/target/surefire-reports
Checking ./storm-core/target/surefire-reports/TEST-org.apache.storm.spout.CheckpointSpoutTest.xml
Checking ./storm-core/target/surefire-reports/TEST-org.apache.storm.utils.TimeTest.xml
Checking ./storm-core/target/surefire-reports/TEST-org.apache.storm.utils.WorkerBackpressureThreadTest.xml
Checking ./storm-core/target/surefire-reports/TEST-org.apache.storm.utils.DisruptorQueueTest.xml
Checking ./storm-core/target/surefire-reports/TEST-org.apache.storm.utils.UtilsTest.xml
Checking ./storm-core/target/surefire-reports/TEST-org.apache.storm.utils.DisruptorQueueBackpressureTest.xml
Checking ./storm-core/target/surefire-reports/TEST-org.apache.storm.utils.ThriftTopologyUtilsTest.xml
Checking ./storm-core/target/surefire-reports/TEST-org.apache.storm.utils.ShellBoltMessageQueueTest.xml
Checking ./storm-core/target/surefire-reports/TEST-org.apache.storm.utils.StormBoundedExponentialBackoffRetryTest.xml
Checking ./storm-core/target/surefire-reports/TEST-org.apache.storm.command.TestCLI.xml
Checking ./storm-core/target/surefire-reports/TEST-org.apache.storm.command.RebalanceTest.xml
Checking ./storm-core/target/surefire-reports/TEST-org.apache.storm.command.SetLogLevelTest.xml
Checking ./storm-core/target/surefire-reports/TEST-org.apache.storm.serialization.ThriftBridgeSerializationDelegateTest.xml
Checking ./storm-core/target/surefire-reports/TEST-org.apache.storm.serialization.GzipBridgeSerializationDelegateTest.xml
Checking ./storm-core/target/surefire-reports/TEST-org.apache.storm.serialization.GzipBridgeThriftSerializationDelegateTest.xml
Checking ./storm-core/target/surefire-reports/TEST-org.apache.storm.serialization.SerializationTest.xml
Checking ./storm-core/target/surefire-reports/TEST-org.apache.storm.trident.TridentWindowingTest.xml
Checking ./storm-core/target/surefire-reports/TEST-org.apache.storm.trident.TestTridentTopology.xml
Checking ./storm-core/target/surefire-reports/TEST-org.apache.storm.metric.internal.LatencyStatAndMetricTest.xml
Checking ./storm-core/target/surefire-reports/TEST-org.apache.storm.metric.internal.CountStatAndMetricTest.xml
Checking ./storm-core/target/surefire-reports/TEST-org.apache.storm.metric.internal.RateTrackerTest.xml
Checking ./storm-core/target/surefire-reports/TEST-org.apache.storm.metric.filter.FilterByMetricNameTest.xml
Checking ./storm-core/target/surefire-reports/TEST-org.apache.storm.windowing.WaterMarkEventGeneratorTest.xml
Checking ./storm-core/target/surefire-reports/TEST-org.apache.storm.windowing.WindowManagerTest.xml
--------------------------------------------------
classname: org.apache.storm.windowing.WindowManagerTest / testname: testTimeBasedWindowExpiry
java.lang.AssertionError: expected:<[1, 2, 3, 4, 5, 6, 7, 8, 9, 10]> but was:<[1]>
	at org.junit.Assert.fail(Assert.java:88)
	at org.junit.Assert.failNotEquals(Assert.java:743)
	at org.junit.Assert.assertEquals(Assert.java:118)
	at org.junit.Assert.assertEquals(Assert.java:144)
	at org.apache.storm.windowing.WindowManagerTest.testTimeBasedWindowExpiry(WindowManagerTest.java:249)

--------------------------------------------------
Checking ./storm-core/target/surefire-reports/TEST-org.apache.storm.topology.StatefulBoltExecutorTest.xml
Checking ./storm-core/target/surefire-reports/TEST-org.apache.storm.topology.StatefulWindowedBoltExecutorTest.xml
Checking ./storm-core/target/surefire-reports/TEST-org.apache.storm.topology.TopologyBuilderTest.xml
Checking ./storm-core/target/surefire-reports/TEST-org.apache.storm.topology.WindowedBoltExecutorTest.xml
--------------------------------------------------
classname: org.apache.storm.topology.WindowedBoltExecutorTest / testname: testExecuteWithLateTupleStream
org.mockito.exceptions.verification.WantedButNotInvoked: 
Wanted but not invoked:
outputCollector.emit(
    "$late",
    [source: null:1, stream: s1, id: {}, [600]],
    [source: null:1, stream: s1, id: {}, [600]]
);
-> at org.apache.storm.topology.WindowedBoltExecutorTest.testExecuteWithLateTupleStream(WindowedBoltExecutorTest.java:225)
Actually, there were zero interactions with this mock.

	at org.apache.storm.topology.WindowedBoltExecutorTest.testExecuteWithLateTupleStream(WindowedBoltExecutorTest.java:225)

-------------------- system-out --------------------
[]

--------------------------------------------------
Checking ./storm-core/target/surefire-reports/TEST-org.apache.storm.localizer.LocalizerTest.xml
Checking ./storm-core/target/surefire-reports/TEST-org.apache.storm.localizer.LocalizedResourceRetentionSetTest.xml
Checking ./storm-core/target/surefire-reports/TEST-org.apache.storm.localizer.LocalizedResourceSetTest.xml
Checking ./storm-core/target/surefire-reports/TEST-org.apache.storm.blobstore.BlobStoreTest.xml
Checking ./storm-core/target/surefire-reports/TEST-org.apache.storm.blobstore.BlobSynchronizerTest.xml
Checking ./storm-core/target/surefire-reports/TEST-org.apache.storm.blobstore.ClientBlobStoreTest.xml
Checking ./storm-core/target/surefire-reports/TEST-org.apache.storm.cluster.StormClusterStateImplTest.xml
Checking ./storm-core/target/surefire-reports/TEST-org.apache.storm.scheduler.resource.strategies.scheduling.TestDefaultResourceAwareStrategy.xml
Checking ./storm-core/target/surefire-reports/TEST-org.apache.storm.scheduler.resource.TestResourceAwareScheduler.xml
Checking ./storm-core/target/surefire-reports/TEST-org.apache.storm.scheduler.resource.TestUser.xml
Checking ./storm-core/target/surefire-reports/TEST-org.apache.storm.nimbus.LocalNimbusTest.xml
Checking ./storm-core/target/surefire-reports/TEST-org.apache.storm.grouping.PartialKeyGroupingTest.xml
Checking ./storm-core/target/surefire-reports/TEST-org.apache.storm.state.InMemoryKeyValueStateTest.xml
Checking ./storm-core/target/surefire-reports/TEST-org.apache.storm.TestConfigValidate.xml
Checking ./storm-core/target/surefire-reports/TEST-org.apache.storm.PacemakerTest.xml
Checking ./storm-core/target/surefire-reports/TEST-org.apache.storm.PaceMakerStateStorageFactoryTest.xml
Checking ./storm-core/target/surefire-reports/TEST-org.apache.storm.TestCgroups.xml

travis_time:end:0c153da8:start=1465911903920741667,finish=1465912661740905640,duration=757820163973[0K
[31;1mThe command "/bin/bash ./dev-tools/travis/travis-script.sh `pwd` $MODULES" exited with 1.[0m
travis_fold:start:cache.2[0Kstore build cache
travis_time:start:0963087b[0K
travis_time:end:0963087b:start=1465912661747777804,finish=1465912661753074541,duration=5296737[0Ktravis_time:start:0fa70eef[0K[32;1mchange detected (content changed, file is created, or file is deleted):
/home/travis/.m2/repository/eigenbase/eigenbase-properties/1.1.4/eigenbase-properties-1.1.4.pom.lastUpdated
/home/travis/.m2/repository/io/confluent/kafka-avro-serializer/1.0/kafka-avro-serializer-1.0.pom.lastUpdated
/home/travis/.m2/repository/io/confluent/kafka-schema-registry-client/1.0/kafka-schema-registry-client-1.0.pom.lastUpdated
/home/travis/.m2/repository/net/hydromatic/linq4j/0.4/linq4j-0.4.pom.lastUpdated
/home/travis/.m2/repository/net/hydromatic/quidem/0.1.1/quidem-0.1.1.pom.lastUpdated
/home/travis/.m2/repository/org/apache/storm/flux/2.0.0-SNAPSHOT/maven-metadata-local.xml
/home/travis/.m2/repository/org/apache/storm/flux/2.0.0-SNAPSHOT/_remote.repositories
/home/travis/.m2/repository/org/apache/storm/flux-core/2.0.0-SNAPSHOT/flux-core-2.0.0-SNAPSHOT.jar
/home/travis/.m2/repository/org/apache/storm/flux-core/2.0.0-SNAPSHOT/maven-metadata-local.xml
/home/travis/.m2/repository/org/apache/storm/flux-core/2.0.0-SNAPSHOT/_remote.repositories
/home/travis/.m2/repository/org/ap
[0m
[32;1m...
[0m
[32;1mchanges detected, packing new archive[0m
.
.
.
.
.
.
.
.
[32;1muploading archive[0m

travis_time:end:0fa70eef:start=1465912661759247785,finish=1465912726569984379,duration=64810736594[0Ktravis_fold:end:cache.2[0K
Done. Your build exited with 1.
