Using worker: worker-linux-docker-9320f1d6.prod.travis-ci.org:travis-linux-9

travis_fold:start:system_info[0K[33;1mBuild system information[0m
Build language: java
Build group: stable
Build dist: precise
[34m[1mBuild image provisioning date and time[0m
Thu Feb  5 15:09:33 UTC 2015
[34m[1mOperating System Details[0m
Distributor ID:	Ubuntu
Description:	Ubuntu 12.04.5 LTS
Release:	12.04
Codename:	precise
[34m[1mLinux Version[0m
3.13.0-29-generic
[34m[1mCookbooks Version[0m
a68419e https://github.com/travis-ci/travis-cookbooks/tree/a68419e
[34m[1mGCC version[0m
gcc (Ubuntu/Linaro 4.6.3-1ubuntu5) 4.6.3
Copyright (C) 2011 Free Software Foundation, Inc.
This is free software; see the source for copying conditions.  There is NO
warranty; not even for MERCHANTABILITY or FITNESS FOR A PARTICULAR PURPOSE.

[34m[1mLLVM version[0m
clang version 3.4 (tags/RELEASE_34/final)
Target: x86_64-unknown-linux-gnu
Thread model: posix
[34m[1mPre-installed Ruby versions[0m
ruby-1.9.3-p551
[34m[1mPre-installed Node.js versions[0m
v0.10.36
[34m[1mPre-installed Go versions[0m
1.4.1
[34m[1mRedis version[0m
redis-server 2.8.19
[34m[1mriak version[0m
2.0.2
[34m[1mMongoDB version[0m
MongoDB 2.4.12
[34m[1mCouchDB version[0m
couchdb 1.6.1
[34m[1mNeo4j version[0m
1.9.4
[34m[1mRabbitMQ Version[0m
3.4.3
[34m[1mElasticSearch version[0m
1.4.0
[34m[1mInstalled Sphinx versions[0m
2.0.10
2.1.9
2.2.6
[34m[1mDefault Sphinx version[0m
2.2.6
[34m[1mInstalled Firefox version[0m
firefox 31.0esr
[34m[1mPhantomJS version[0m
1.9.8
[34m[1mant -version[0m
Apache Ant(TM) version 1.8.2 compiled on December 3 2011
[34m[1mmvn -version[0m
Apache Maven 3.2.5 (12a6b3acb947671f09b81f49094c53f426d8cea1; 2014-12-14T17:29:23+00:00)
Maven home: /usr/local/maven
Java version: 1.7.0_76, vendor: Oracle Corporation
Java home: /usr/lib/jvm/java-7-oracle/jre
Default locale: en_US, platform encoding: ANSI_X3.4-1968
OS name: "linux", version: "3.13.0-29-generic", arch: "amd64", family: "unix"
travis_fold:end:system_info[0K
travis_fold:start:fix.CVE-2015-7547[0K$ export DEBIAN_FRONTEND=noninteractive
W: Size of file /var/lib/apt/lists/us.archive.ubuntu.com_ubuntu_dists_precise-backports_multiverse_source_Sources.gz is not what the server reported 5886 5888
W: Size of file /var/lib/apt/lists/ppa.launchpad.net_ubuntugis_ppa_ubuntu_dists_precise_main_binary-amd64_Packages.gz is not what the server reported 36669 36677
W: Size of file /var/lib/apt/lists/ppa.launchpad.net_ubuntugis_ppa_ubuntu_dists_precise_main_binary-i386_Packages.gz is not what the server reported 36729 36733
Reading package lists...
Building dependency tree...
Reading state information...
The following extra packages will be installed:
  libc-bin libc-dev-bin libc6-dev
Suggested packages:
  glibc-doc
The following packages will be upgraded:
  libc-bin libc-dev-bin libc6 libc6-dev
4 upgraded, 0 newly installed, 0 to remove and 246 not upgraded.
Need to get 8,840 kB of archives.
After this operation, 14.3 kB disk space will be freed.
Get:1 http://us.archive.ubuntu.com/ubuntu/ precise-updates/main libc6-dev amd64 2.15-0ubuntu10.15 [2,943 kB]
Get:2 http://us.archive.ubuntu.com/ubuntu/ precise-updates/main libc-dev-bin amd64 2.15-0ubuntu10.15 [84.7 kB]
Get:3 http://us.archive.ubuntu.com/ubuntu/ precise-updates/main libc-bin amd64 2.15-0ubuntu10.15 [1,177 kB]
Get:4 http://us.archive.ubuntu.com/ubuntu/ precise-updates/main libc6 amd64 2.15-0ubuntu10.15 [4,636 kB]
Fetched 8,840 kB in 0s (34.9 MB/s)
Preconfiguring packages ...
(Reading database ... (Reading database ... 5%(Reading database ... 10%(Reading database ... 15%(Reading database ... 20%(Reading database ... 25%(Reading database ... 30%(Reading database ... 35%(Reading database ... 40%(Reading database ... 45%(Reading database ... 50%(Reading database ... 55%(Reading database ... 60%(Reading database ... 65%(Reading database ... 70%(Reading database ... 75%(Reading database ... 80%(Reading database ... 85%(Reading database ... 90%(Reading database ... 95%(Reading database ... 100%(Reading database ... 72019 files and directories currently installed.)
Preparing to replace libc6-dev 2.15-0ubuntu10.10 (using .../libc6-dev_2.15-0ubuntu10.15_amd64.deb) ...
Unpacking replacement libc6-dev ...
Preparing to replace libc-dev-bin 2.15-0ubuntu10.10 (using .../libc-dev-bin_2.15-0ubuntu10.15_amd64.deb) ...
Unpacking replacement libc-dev-bin ...
Preparing to replace libc-bin 2.15-0ubuntu10.10 (using .../libc-bin_2.15-0ubuntu10.15_amd64.deb) ...
Unpacking replacement libc-bin ...
Processing triggers for man-db ...
Setting up libc-bin (2.15-0ubuntu10.15) ...
(Reading database ... (Reading database ... 5%(Reading database ... 10%(Reading database ... 15%(Reading database ... 20%(Reading database ... 25%(Reading database ... 30%(Reading database ... 35%(Reading database ... 40%(Reading database ... 45%(Reading database ... 50%(Reading database ... 55%(Reading database ... 60%(Reading database ... 65%(Reading database ... 70%(Reading database ... 75%(Reading database ... 80%(Reading database ... 85%(Reading database ... 90%(Reading database ... 95%(Reading database ... 100%(Reading database ... 72018 files and directories currently installed.)
Preparing to replace libc6 2.15-0ubuntu10.10 (using .../libc6_2.15-0ubuntu10.15_amd64.deb) ...
Unpacking replacement libc6 ...
Setting up libc6 (2.15-0ubuntu10.15) ...
Setting up libc-dev-bin (2.15-0ubuntu10.15) ...
Setting up libc6-dev (2.15-0ubuntu10.15) ...
Processing triggers for libc-bin ...
ldconfig deferred processing now taking place
travis_fold:end:fix.CVE-2015-7547[0Ktravis_fold:start:git.checkout[0Ktravis_time:start:0d853ed3[0K$ git clone --depth=50 https://github.com/apache/storm.git apache/storm
Cloning into 'apache/storm'...
remote: Counting objects: 21634, done.[K
remote: Compressing objects:   0% (1/8512)   [Kremote: Compressing objects:   1% (86/8512)   [Kremote: Compressing objects:   2% (171/8512)   [Kremote: Compressing objects:   3% (256/8512)   [Kremote: Compressing objects:   4% (341/8512)   [Kremote: Compressing objects:   5% (426/8512)   [Kremote: Compressing objects:   6% (511/8512)   [Kremote: Compressing objects:   7% (596/8512)   [Kremote: Compressing objects:   8% (681/8512)   [Kremote: Compressing objects:   9% (767/8512)   [Kremote: Compressing objects:  10% (852/8512)   [Kremote: Compressing objects:  11% (937/8512)   [Kremote: Compressing objects:  12% (1022/8512)   [Kremote: Compressing objects:  13% (1107/8512)   [Kremote: Compressing objects:  14% (1192/8512)   [Kremote: Compressing objects:  15% (1277/8512)   [Kremote: Compressing objects:  16% (1362/8512)   [Kremote: Compressing objects:  17% (1448/8512)   [Kremote: Compressing objects:  18% (1533/8512)   [Kremote: Compressing objects:  19% (1618/8512)   [Kremote: Compressing objects:  20% (1703/8512)   [Kremote: Compressing objects:  21% (1788/8512)   [Kremote: Compressing objects:  22% (1873/8512)   [Kremote: Compressing objects:  23% (1958/8512)   [Kremote: Compressing objects:  24% (2043/8512)   [Kremote: Compressing objects:  25% (2128/8512)   [Kremote: Compressing objects:  26% (2214/8512)   [Kremote: Compressing objects:  27% (2299/8512)   [Kremote: Compressing objects:  28% (2384/8512)   [Kremote: Compressing objects:  29% (2469/8512)   [Kremote: Compressing objects:  30% (2554/8512)   [Kremote: Compressing objects:  31% (2639/8512)   [Kremote: Compressing objects:  32% (2724/8512)   [Kremote: Compressing objects:  33% (2809/8512)   [Kremote: Compressing objects:  34% (2895/8512)   [Kremote: Compressing objects:  35% (2980/8512)   [Kremote: Compressing objects:  36% (3065/8512)   [Kremote: Compressing objects:  37% (3150/8512)   [Kremote: Compressing objects:  38% (3235/8512)   [Kremote: Compressing objects:  39% (3320/8512)   [Kremote: Compressing objects:  40% (3405/8512)   [Kremote: Compressing objects:  41% (3490/8512)   [Kremote: Compressing objects:  42% (3576/8512)   [Kremote: Compressing objects:  43% (3661/8512)   [Kremote: Compressing objects:  44% (3746/8512)   [Kremote: Compressing objects:  45% (3831/8512)   [Kremote: Compressing objects:  46% (3916/8512)   [Kremote: Compressing objects:  47% (4001/8512)   [Kremote: Compressing objects:  48% (4086/8512)   [Kremote: Compressing objects:  49% (4171/8512)   [Kremote: Compressing objects:  50% (4256/8512)   [Kremote: Compressing objects:  51% (4342/8512)   [Kremote: Compressing objects:  52% (4427/8512)   [Kremote: Compressing objects:  53% (4512/8512)   [Kremote: Compressing objects:  54% (4597/8512)   [Kremote: Compressing objects:  55% (4682/8512)   [Kremote: Compressing objects:  56% (4767/8512)   [Kremote: Compressing objects:  57% (4852/8512)   [Kremote: Compressing objects:  58% (4937/8512)   [Kremote: Compressing objects:  59% (5023/8512)   [Kremote: Compressing objects:  60% (5108/8512)   [Kremote: Compressing objects:  61% (5193/8512)   [Kremote: Compressing objects:  62% (5278/8512)   [Kremote: Compressing objects:  63% (5363/8512)   [Kremote: Compressing objects:  64% (5448/8512)   [Kremote: Compressing objects:  65% (5533/8512)   [Kremote: Compressing objects:  66% (5618/8512)   [Kremote: Compressing objects:  67% (5704/8512)   [Kremote: Compressing objects:  68% (5789/8512)   [Kremote: Compressing objects:  69% (5874/8512)   [Kremote: Compressing objects:  70% (5959/8512)   [Kremote: Compressing objects:  71% (6044/8512)   [Kremote: Compressing objects:  72% (6129/8512)   [Kremote: Compressing objects:  73% (6214/8512)   [Kremote: Compressing objects:  74% (6299/8512)   [Kremote: Compressing objects:  75% (6384/8512)   [Kremote: Compressing objects:  76% (6470/8512)   [Kremote: Compressing objects:  77% (6555/8512)   [Kremote: Compressing objects:  78% (6640/8512)   [Kremote: Compressing objects:  79% (6725/8512)   [Kremote: Compressing objects:  80% (6810/8512)   [Kremote: Compressing objects:  81% (6895/8512)   [Kremote: Compressing objects:  82% (6980/8512)   [Kremote: Compressing objects:  83% (7065/8512)   [Kremote: Compressing objects:  84% (7151/8512)   [Kremote: Compressing objects:  85% (7236/8512)   [Kremote: Compressing objects:  86% (7321/8512)   [Kremote: Compressing objects:  87% (7406/8512)   [Kremote: Compressing objects:  88% (7491/8512)   [Kremote: Compressing objects:  89% (7576/8512)   [Kremote: Compressing objects:  90% (7661/8512)   [Kremote: Compressing objects:  91% (7746/8512)   [Kremote: Compressing objects:  92% (7832/8512)   [Kremote: Compressing objects:  93% (7917/8512)   [Kremote: Compressing objects:  94% (8002/8512)   [Kremote: Compressing objects:  95% (8087/8512)   [Kremote: Compressing objects:  96% (8172/8512)   [Kremote: Compressing objects:  97% (8257/8512)   [Kremote: Compressing objects:  98% (8342/8512)   [Kremote: Compressing objects:  99% (8427/8512)   [Kremote: Compressing objects: 100% (8512/8512)   [Kremote: Compressing objects: 100% (8512/8512), done.[K
Receiving objects:   0% (1/21634)   Receiving objects:   1% (217/21634)   Receiving objects:   2% (433/21634)   Receiving objects:   3% (650/21634)   Receiving objects:   4% (866/21634)   Receiving objects:   5% (1082/21634)   Receiving objects:   6% (1299/21634)   Receiving objects:   7% (1515/21634)   Receiving objects:   8% (1731/21634)   Receiving objects:   9% (1948/21634)   Receiving objects:  10% (2164/21634)   Receiving objects:  11% (2380/21634)   Receiving objects:  12% (2597/21634)   Receiving objects:  13% (2813/21634)   Receiving objects:  14% (3029/21634)   Receiving objects:  15% (3246/21634)   Receiving objects:  16% (3462/21634)   Receiving objects:  17% (3678/21634)   Receiving objects:  18% (3895/21634)   Receiving objects:  19% (4111/21634)   Receiving objects:  20% (4327/21634)   Receiving objects:  21% (4544/21634)   Receiving objects:  22% (4760/21634)   Receiving objects:  23% (4976/21634)   Receiving objects:  24% (5193/21634)   Receiving objects:  25% (5409/21634)   Receiving objects:  26% (5625/21634)   Receiving objects:  27% (5842/21634)   Receiving objects:  28% (6058/21634)   Receiving objects:  29% (6274/21634)   Receiving objects:  30% (6491/21634)   Receiving objects:  31% (6707/21634)   Receiving objects:  32% (6923/21634)   Receiving objects:  33% (7140/21634)   Receiving objects:  34% (7356/21634)   Receiving objects:  35% (7572/21634)   Receiving objects:  36% (7789/21634)   Receiving objects:  37% (8005/21634)   Receiving objects:  38% (8221/21634)   Receiving objects:  39% (8438/21634)   Receiving objects:  40% (8654/21634)   Receiving objects:  41% (8870/21634)   Receiving objects:  42% (9087/21634)   Receiving objects:  43% (9303/21634)   Receiving objects:  44% (9519/21634)   Receiving objects:  45% (9736/21634)   Receiving objects:  46% (9952/21634)   Receiving objects:  47% (10168/21634)   Receiving objects:  48% (10385/21634)   Receiving objects:  49% (10601/21634)   Receiving objects:  50% (10817/21634)   Receiving objects:  51% (11034/21634)   Receiving objects:  52% (11250/21634)   Receiving objects:  53% (11467/21634)   Receiving objects:  54% (11683/21634)   Receiving objects:  55% (11899/21634)   Receiving objects:  56% (12116/21634)   Receiving objects:  57% (12332/21634)   Receiving objects:  58% (12548/21634)   Receiving objects:  59% (12765/21634)   Receiving objects:  60% (12981/21634)   Receiving objects:  61% (13197/21634)   Receiving objects:  62% (13414/21634)   Receiving objects:  63% (13630/21634)   Receiving objects:  64% (13846/21634)   Receiving objects:  65% (14063/21634)   Receiving objects:  66% (14279/21634)   Receiving objects:  67% (14495/21634)   Receiving objects:  68% (14712/21634)   Receiving objects:  69% (14928/21634)   Receiving objects:  70% (15144/21634)   Receiving objects:  71% (15361/21634)   Receiving objects:  72% (15577/21634)   Receiving objects:  73% (15793/21634)   Receiving objects:  74% (16010/21634)   Receiving objects:  75% (16226/21634)   Receiving objects:  76% (16442/21634)   Receiving objects:  77% (16659/21634)   Receiving objects:  78% (16875/21634)   Receiving objects:  79% (17091/21634)   Receiving objects:  80% (17308/21634)   Receiving objects:  81% (17524/21634), 14.52 MiB | 28.97 MiB/s   Receiving objects:  82% (17740/21634), 14.52 MiB | 28.97 MiB/s   Receiving objects:  83% (17957/21634), 14.52 MiB | 28.97 MiB/s   Receiving objects:  84% (18173/21634), 14.52 MiB | 28.97 MiB/s   Receiving objects:  85% (18389/21634), 14.52 MiB | 28.97 MiB/s   Receiving objects:  86% (18606/21634), 14.52 MiB | 28.97 MiB/s   Receiving objects:  87% (18822/21634), 14.52 MiB | 28.97 MiB/s   Receiving objects:  88% (19038/21634), 14.52 MiB | 28.97 MiB/s   Receiving objects:  89% (19255/21634), 14.52 MiB | 28.97 MiB/s   Receiving objects:  90% (19471/21634), 14.52 MiB | 28.97 MiB/s   Receiving objects:  91% (19687/21634), 14.52 MiB | 28.97 MiB/s   Receiving objects:  92% (19904/21634), 14.52 MiB | 28.97 MiB/s   Receiving objects:  93% (20120/21634), 14.52 MiB | 28.97 MiB/s   Receiving objects:  94% (20336/21634), 14.52 MiB | 28.97 MiB/s   Receiving objects:  95% (20553/21634), 14.52 MiB | 28.97 MiB/s   Receiving objects:  96% (20769/21634), 14.52 MiB | 28.97 MiB/s   Receiving objects:  97% (20985/21634), 14.52 MiB | 28.97 MiB/s   Receiving objects:  98% (21202/21634), 14.52 MiB | 28.97 MiB/s   Receiving objects:  99% (21418/21634), 14.52 MiB | 28.97 MiB/s   remote: Total 21634 (delta 10526), reused 18921 (delta 8370), pack-reused 0[K
Receiving objects: 100% (21634/21634), 14.52 MiB | 28.97 MiB/s   Receiving objects: 100% (21634/21634), 17.41 MiB | 28.97 MiB/s, done.
Resolving deltas:   0% (0/10526)   Resolving deltas:   1% (108/10526)   Resolving deltas:   2% (215/10526)   Resolving deltas:   3% (321/10526)   Resolving deltas:   4% (424/10526)   Resolving deltas:   5% (599/10526)   Resolving deltas:   6% (633/10526)   Resolving deltas:   7% (742/10526)   Resolving deltas:   8% (844/10526)   Resolving deltas:   9% (948/10526)   Resolving deltas:  10% (1058/10526)   Resolving deltas:  11% (1161/10526)   Resolving deltas:  12% (1279/10526)   Resolving deltas:  13% (1388/10526)   Resolving deltas:  14% (1474/10526)   Resolving deltas:  15% (1579/10526)   Resolving deltas:  16% (1689/10526)   Resolving deltas:  17% (1794/10526)   Resolving deltas:  18% (1895/10526)   Resolving deltas:  19% (2003/10526)   Resolving deltas:  20% (2109/10526)   Resolving deltas:  21% (2214/10526)   Resolving deltas:  22% (2326/10526)   Resolving deltas:  23% (2424/10526)   Resolving deltas:  24% (2556/10526)   Resolving deltas:  25% (2633/10526)   Resolving deltas:  26% (2749/10526)   Resolving deltas:  29% (3120/10526)   Resolving deltas:  30% (3218/10526)   Resolving deltas:  31% (3265/10526)   Resolving deltas:  32% (3376/10526)   Resolving deltas:  33% (3478/10526)   Resolving deltas:  34% (3595/10526)   Resolving deltas:  35% (3685/10526)   Resolving deltas:  36% (3801/10526)   Resolving deltas:  37% (3898/10526)   Resolving deltas:  38% (4029/10526)   Resolving deltas:  39% (4110/10526)   Resolving deltas:  40% (4218/10526)   Resolving deltas:  41% (4316/10526)   Resolving deltas:  42% (4425/10526)   Resolving deltas:  43% (4536/10526)   Resolving deltas:  44% (4634/10526)   Resolving deltas:  45% (4745/10526)   Resolving deltas:  46% (4853/10526)   Resolving deltas:  47% (4949/10526)   Resolving deltas:  48% (5059/10526)   Resolving deltas:  49% (5158/10526)   Resolving deltas:  50% (5274/10526)   Resolving deltas:  51% (5468/10526)   Resolving deltas:  52% (5482/10526)   Resolving deltas:  53% (5580/10526)   Resolving deltas:  54% (5688/10526)   Resolving deltas:  55% (5791/10526)   Resolving deltas:  56% (5902/10526)   Resolving deltas:  57% (6005/10526)   Resolving deltas:  58% (6108/10526)   Resolving deltas:  59% (6246/10526)   Resolving deltas:  60% (6320/10526)   Resolving deltas:  61% (6429/10526)   Resolving deltas:  62% (6546/10526)   Resolving deltas:  67% (7131/10526)   Resolving deltas:  68% (7167/10526)   Resolving deltas:  69% (7275/10526)   Resolving deltas:  70% (7447/10526)   Resolving deltas:  71% (7574/10526)   Resolving deltas:  73% (7728/10526)   Resolving deltas:  74% (7798/10526)   Resolving deltas:  75% (7895/10526)   Resolving deltas:  76% (8000/10526)   Resolving deltas:  77% (8133/10526)   Resolving deltas:  78% (8217/10526)   Resolving deltas:  79% (8329/10526)   Resolving deltas:  80% (8422/10526)   Resolving deltas:  81% (8532/10526)   Resolving deltas:  82% (8638/10526)   Resolving deltas:  83% (8759/10526)   Resolving deltas:  84% (8850/10526)   Resolving deltas:  85% (8982/10526)   Resolving deltas:  86% (9054/10526)   Resolving deltas:  87% (9158/10526)   Resolving deltas:  88% (9263/10526)   Resolving deltas:  89% (9373/10526)   Resolving deltas:  90% (9572/10526)   Resolving deltas:  91% (9592/10526)   Resolving deltas:  92% (9684/10526)   Resolving deltas:  93% (9790/10526)   Resolving deltas:  94% (9898/10526)   Resolving deltas:  95% (10000/10526)   Resolving deltas:  96% (10109/10526)   Resolving deltas:  97% (10291/10526)   Resolving deltas:  98% (10326/10526)   Resolving deltas:  99% (10422/10526)   Resolving deltas: 100% (10526/10526)   Resolving deltas: 100% (10526/10526), done.
Checking connectivity... done.

travis_time:end:0d853ed3:start=1465921982305825044,finish=1465921987527350545,duration=5221525501[0K$ cd apache/storm
travis_time:start:12e45d27[0K$ git fetch origin +refs/pull/1484/merge:
remote: Counting objects: 96, done.[K
remote: Compressing objects:   2% (1/44)   [Kremote: Compressing objects:   4% (2/44)   [Kremote: Compressing objects:   6% (3/44)   [Kremote: Compressing objects:   9% (4/44)   [Kremote: Compressing objects:  11% (5/44)   [Kremote: Compressing objects:  13% (6/44)   [Kremote: Compressing objects:  15% (7/44)   [Kremote: Compressing objects:  18% (8/44)   [Kremote: Compressing objects:  20% (9/44)   [Kremote: Compressing objects:  22% (10/44)   [Kremote: Compressing objects:  25% (11/44)   [Kremote: Compressing objects:  27% (12/44)   [Kremote: Compressing objects:  29% (13/44)   [Kremote: Compressing objects:  31% (14/44)   [Kremote: Compressing objects:  34% (15/44)   [Kremote: Compressing objects:  36% (16/44)   [Kremote: Compressing objects:  38% (17/44)   [Kremote: Compressing objects:  40% (18/44)   [Kremote: Compressing objects:  43% (19/44)   [Kremote: Compressing objects:  45% (20/44)   [Kremote: Compressing objects:  47% (21/44)   [Kremote: Compressing objects:  50% (22/44)   [Kremote: Compressing objects:  52% (23/44)   [Kremote: Compressing objects:  54% (24/44)   [Kremote: Compressing objects:  56% (25/44)   [Kremote: Compressing objects:  59% (26/44)   [Kremote: Compressing objects:  61% (27/44)   [Kremote: Compressing objects:  63% (28/44)   [Kremote: Compressing objects:  65% (29/44)   [Kremote: Compressing objects:  68% (30/44)   [Kremote: Compressing objects:  70% (31/44)   [Kremote: Compressing objects:  72% (32/44)   [Kremote: Compressing objects:  75% (33/44)   [Kremote: Compressing objects:  77% (34/44)   [Kremote: Compressing objects:  79% (35/44)   [Kremote: Compressing objects:  81% (36/44)   [Kremote: Compressing objects:  84% (37/44)   [Kremote: Compressing objects:  86% (38/44)   [Kremote: Compressing objects:  88% (39/44)   [Kremote: Compressing objects:  90% (40/44)   [Kremote: Compressing objects:  93% (41/44)   [Kremote: Compressing objects:  95% (42/44)   [Kremote: Compressing objects:  97% (43/44)   [Kremote: Compressing objects: 100% (44/44)   [Kremote: Compressing objects: 100% (44/44), done.[K
remote: Total 96 (delta 35), reused 84 (delta 24), pack-reused 0[K
Unpacking objects:   1% (1/96)   Unpacking objects:   2% (2/96)   Unpacking objects:   3% (3/96)   Unpacking objects:   4% (4/96)   Unpacking objects:   5% (5/96)   Unpacking objects:   6% (6/96)   Unpacking objects:   7% (7/96)   Unpacking objects:   8% (8/96)   Unpacking objects:   9% (9/96)   Unpacking objects:  10% (10/96)   Unpacking objects:  11% (11/96)   Unpacking objects:  12% (12/96)   Unpacking objects:  13% (13/96)   Unpacking objects:  14% (14/96)   Unpacking objects:  15% (15/96)   Unpacking objects:  16% (16/96)   Unpacking objects:  17% (17/96)   Unpacking objects:  18% (18/96)   Unpacking objects:  19% (19/96)   Unpacking objects:  20% (20/96)   Unpacking objects:  21% (21/96)   Unpacking objects:  22% (22/96)   Unpacking objects:  23% (23/96)   Unpacking objects:  25% (24/96)   Unpacking objects:  26% (25/96)   Unpacking objects:  27% (26/96)   Unpacking objects:  28% (27/96)   Unpacking objects:  29% (28/96)   Unpacking objects:  30% (29/96)   Unpacking objects:  31% (30/96)   Unpacking objects:  32% (31/96)   Unpacking objects:  33% (32/96)   Unpacking objects:  34% (33/96)   Unpacking objects:  35% (34/96)   Unpacking objects:  36% (35/96)   Unpacking objects:  37% (36/96)   Unpacking objects:  38% (37/96)   Unpacking objects:  39% (38/96)   Unpacking objects:  40% (39/96)   Unpacking objects:  41% (40/96)   Unpacking objects:  42% (41/96)   Unpacking objects:  43% (42/96)   Unpacking objects:  44% (43/96)   Unpacking objects:  45% (44/96)   Unpacking objects:  46% (45/96)   Unpacking objects:  47% (46/96)   Unpacking objects:  48% (47/96)   Unpacking objects:  50% (48/96)   Unpacking objects:  51% (49/96)   Unpacking objects:  52% (50/96)   Unpacking objects:  53% (51/96)   Unpacking objects:  54% (52/96)   Unpacking objects:  55% (53/96)   Unpacking objects:  56% (54/96)   Unpacking objects:  57% (55/96)   Unpacking objects:  58% (56/96)   Unpacking objects:  59% (57/96)   Unpacking objects:  60% (58/96)   Unpacking objects:  61% (59/96)   Unpacking objects:  62% (60/96)   Unpacking objects:  63% (61/96)   Unpacking objects:  64% (62/96)   Unpacking objects:  65% (63/96)   Unpacking objects:  66% (64/96)   Unpacking objects:  67% (65/96)   Unpacking objects:  68% (66/96)   Unpacking objects:  69% (67/96)   Unpacking objects:  70% (68/96)   Unpacking objects:  71% (69/96)   Unpacking objects:  72% (70/96)   Unpacking objects:  73% (71/96)   Unpacking objects:  75% (72/96)   Unpacking objects:  76% (73/96)   Unpacking objects:  77% (74/96)   Unpacking objects:  78% (75/96)   Unpacking objects:  79% (76/96)   Unpacking objects:  80% (77/96)   Unpacking objects:  81% (78/96)   Unpacking objects:  82% (79/96)   Unpacking objects:  83% (80/96)   Unpacking objects:  84% (81/96)   Unpacking objects:  85% (82/96)   Unpacking objects:  86% (83/96)   Unpacking objects:  87% (84/96)   Unpacking objects:  88% (85/96)   Unpacking objects:  89% (86/96)   Unpacking objects:  90% (87/96)   Unpacking objects:  91% (88/96)   Unpacking objects:  92% (89/96)   Unpacking objects:  93% (90/96)   Unpacking objects:  94% (91/96)   Unpacking objects:  95% (92/96)   Unpacking objects:  96% (93/96)   Unpacking objects:  97% (94/96)   Unpacking objects:  98% (95/96)   Unpacking objects: 100% (96/96)   Unpacking objects: 100% (96/96), done.
From https://github.com/apache/storm
 * branch            refs/pull/1484/merge -> FETCH_HEAD

travis_time:end:12e45d27:start=1465921987531331376,finish=1465921988743935479,duration=1212604103[0K$ git checkout -qf FETCH_HEAD
travis_fold:end:git.checkout[0K
[33;1mThis job is running on container-based infrastructure, which does not allow use of 'sudo', setuid and setguid executables.[0m
[33;1mIf you require sudo, add 'sudo: required' to your .travis.yml[0m
[33;1mSee https://docs.travis-ci.com/user/workers/container-based-infrastructure/ for details.[0m

[33;1mSetting environment variables from .travis.yml[0m
$ export MODULES=storm-core

$ jdk_switcher use oraclejdk7
Switching to Oracle JDK7 (java-7-oracle), JAVA_HOME will be set to /usr/lib/jvm/java-7-oracle
travis_fold:start:cache.1[0KSetting up build cache
$ export CASHER_DIR=$HOME/.casher
travis_time:start:00eb3d27[0K$ Installing caching utilities

travis_time:end:00eb3d27:start=1465921990882668820,finish=1465921990994075447,duration=111406627[0Ktravis_time:start:3a91413e[0K
travis_time:end:3a91413e:start=1465921990999912940,finish=1465921991003745535,duration=3832595[0Ktravis_time:start:01effce4[0K[32;1mattempting to download cache archive[0m
[32;1mfetching PR.1484/cache-linux-precise-4722ea394922d42b2b7eb84cff6efc764d76759821ac6f6efc13232aa923f595--jdk-oraclejdk7.tgz[0m
[32;1mfound cache[0m

travis_time:end:01effce4:start=1465921991008010528,finish=1465921997668290428,duration=6660279900[0Ktravis_time:start:2046095d[0K
travis_time:end:2046095d:start=1465921997672116890,finish=1465921997675509347,duration=3392457[0Ktravis_time:start:120452c6[0K[32;1madding /home/travis/.m2/repository to cache[0m
[32;1madding /home/travis/.rvm to cache[0m
[32;1madding /home/travis/.nvm to cache[0m

travis_time:end:120452c6:start=1465921997679272507,finish=1465922010739000932,duration=13059728425[0Ktravis_fold:end:cache.1[0K$ java -Xmx32m -version
java version "1.7.0_76"
Java(TM) SE Runtime Environment (build 1.7.0_76-b13)
Java HotSpot(TM) 64-Bit Server VM (build 24.76-b04, mixed mode)
$ javac -J-Xmx32m -version
javac 1.7.0_76
travis_fold:start:before_install.1[0Ktravis_time:start:29d47b97[0K$ rvm use 2.1.5 --install
[32mUsing /home/travis/.rvm/gems/ruby-2.1.5[0m

travis_time:end:29d47b97:start=1465922011282929732,finish=1465922011605365223,duration=322435491[0Ktravis_fold:end:before_install.1[0Ktravis_fold:start:before_install.2[0Ktravis_time:start:29b21694[0K$ nvm install 0.12.2
v0.12.2 is already installed.
Now using node v0.12.2

travis_time:end:29b21694:start=1465922011611671113,finish=1465922011885685423,duration=274014310[0Ktravis_fold:end:before_install.2[0Ktravis_fold:start:before_install.3[0Ktravis_time:start:2f95b2c4[0K$ nvm use 0.12.2
Now using node v0.12.2

travis_time:end:2f95b2c4:start=1465922011890154931,finish=1465922011961244935,duration=71090004[0Ktravis_fold:end:before_install.3[0Ktravis_fold:start:install[0Ktravis_time:start:26adb83c[0K$ /bin/bash ./dev-tools/travis/travis-install.sh `pwd`
Python version :   Python 2.7.3
Maven version  :   Apache Maven 3.2.5 (12a6b3acb947671f09b81f49094c53f426d8cea1; 2014-12-14T17:29:23+00:00) Maven home: /usr/local/maven Java version: 1.7.0_76, vendor: Oracle Corporation Java home: /usr/lib/jvm/java-7-oracle/jre Default locale: en_US, platform encoding: UTF-8 OS name: "linux", version: "3.13.0-40-generic", arch: "amd64", family: "unix"
['mvn', 'clean', 'install', '-DskipTests', '-Pnative', '--batch-mode'] writing to install.txt
3 seconds 1 log lines13 seconds 95 log lines44 seconds 322 log lines57 seconds 331 log lines69 seconds 406 log lines80 seconds 570 log lines99 seconds 650 log lines109 seconds 857 log lines120 seconds 872 log lines131 seconds 936 log lines141 seconds 990 log lines154 seconds 1308 log lines171 seconds 1459 log lines181 seconds 1676 log lines192 seconds 2093 log lines203 seconds 2213 log lines216 seconds 2359 log lines225 seconds 2591 log lines
['mvn', 'clean', 'install', '-DskipTests', '-Pnative', '--batch-mode'] done 0

travis_time:end:26adb83c:start=1465922011966209889,finish=1465922237833582743,duration=225867372854[0Ktravis_fold:end:install[0Ktravis_time:start:25c56cf0[0K$ /bin/bash ./dev-tools/travis/travis-script.sh `pwd` $MODULES
Python version :   Python 2.7.3
Ruby version   :   ruby 2.1.5p273 (2014-11-13 revision 48405) [x86_64-linux]
NodeJs version :   v0.12.2
Maven version  :   Apache Maven 3.2.5 (12a6b3acb947671f09b81f49094c53f426d8cea1; 2014-12-14T17:29:23+00:00) Maven home: /usr/local/maven Java version: 1.7.0_76, vendor: Oracle Corporation Java home: /usr/lib/jvm/java-7-oracle/jre Default locale: en_US, platform encoding: UTF-8 OS name: "linux", version: "3.13.0-40-generic", arch: "amd64", family: "unix"
[INFO] Scanning for projects...
[INFO]                                                                         
[INFO] ------------------------------------------------------------------------
[INFO] Building Storm Core 2.0.0-SNAPSHOT
[INFO] ------------------------------------------------------------------------
[INFO] 
[INFO] --- exec-maven-plugin:1.2.1:exec (default) @ storm-core ---
[INFO] 
[INFO] --- maven-remote-resources-plugin:1.2.1:process (default) @ storm-core ---
[INFO] 
[INFO] --- storm-maven-plugins:2.0.0-SNAPSHOT:version-info (version-info) @ storm-core ---
[WARNING] [svn, info] failed with error code 1
[INFO] SCM: GIT
[INFO] Computed MD5: 54c8aec3f88036c37a2e999e34c1a
[INFO] 
[INFO] --- maven-resources-plugin:2.5:resources (default-resources) @ storm-core ---
[debug] execute contextualize
[INFO] Using 'UTF-8' encoding to copy filtered resources.
[INFO] Copying 9 resources
[INFO] Copying 1 resource to META-INF
[INFO] Copying 0 resource
[INFO] Copying 1 resource
[INFO] Copying 3 resources
[INFO] 
[INFO] --- maven-compiler-plugin:3.1:compile (default-compile) @ storm-core ---
[INFO] Nothing to compile - all classes are up to date
[INFO] 
[INFO] --- clojure-maven-plugin:1.7.1:compile (compile-clojure) @ storm-core ---
Compiling org.apache.storm.daemon.worker to /home/travis/build/apache/storm/storm-core/target/classes
Compiling org.apache.storm.metric.testing to /home/travis/build/apache/storm/storm-core/target/classes
Compiling org.apache.storm.testing to /home/travis/build/apache/storm/storm-core/target/classes
16:37:34.593 [main] WARN  o.a.s.m.StormMetricsRegistry - Metric ui:num-topology-op-response-http-requests has already been registered
16:37:34.595 [main] WARN  o.a.s.m.StormMetricsRegistry - Metric ui:num-topology-op-response-http-requests has already been registered
Compiling org.apache.storm.converter to /home/travis/build/apache/storm/storm-core/target/classes
Compiling org.apache.storm.util to /home/travis/build/apache/storm/storm-core/target/classes
Compiling org.apache.storm.command.heartbeats to /home/travis/build/apache/storm/storm-core/target/classes
Compiling org.apache.storm.blobstore to /home/travis/build/apache/storm/storm-core/target/classes
Compiling org.apache.storm.daemon.common to /home/travis/build/apache/storm/storm-core/target/classes
Compiling org.apache.storm.daemon.local-supervisor to /home/travis/build/apache/storm/storm-core/target/classes
Compiling org.apache.storm.command.get-errors to /home/travis/build/apache/storm/storm-core/target/classes
Compiling org.apache.storm.command.blobstore to /home/travis/build/apache/storm/storm-core/target/classes
Compiling org.apache.storm.trident.testing to /home/travis/build/apache/storm/storm-core/target/classes
Compiling org.apache.storm.daemon.drpc to /home/travis/build/apache/storm/storm-core/target/classes
Compiling org.apache.storm.config to /home/travis/build/apache/storm/storm-core/target/classes
Compiling org.apache.storm.testing4j to /home/travis/build/apache/storm/storm-core/target/classes
Compiling org.apache.storm.scheduler.IsolationScheduler to /home/travis/build/apache/storm/storm-core/target/classes
Compiling org.apache.storm.ui.helpers to /home/travis/build/apache/storm/storm-core/target/classes
Compiling org.apache.storm.log to /home/travis/build/apache/storm/storm-core/target/classes
Compiling org.apache.storm.daemon.executor to /home/travis/build/apache/storm/storm-core/target/classes
Compiling org.apache.storm.command.shell-submission to /home/travis/build/apache/storm/storm-core/target/classes
Compiling org.apache.storm.internal.clojure to /home/travis/build/apache/storm/storm-core/target/classes
Compiling org.apache.storm.internal.thrift to /home/travis/build/apache/storm/storm-core/target/classes
Compiling org.apache.storm.daemon.logviewer to /home/travis/build/apache/storm/storm-core/target/classes
Compiling org.apache.storm.daemon.nimbus to /home/travis/build/apache/storm/storm-core/target/classes
Compiling org.apache.storm.LocalCluster to /home/travis/build/apache/storm/storm-core/target/classes
Compiling org.apache.storm.local-state-converter to /home/travis/build/apache/storm/storm-core/target/classes
Compiling org.apache.storm.ui.core to /home/travis/build/apache/storm/storm-core/target/classes
[INFO] 
[INFO] --- make-maven-plugin:1.0-beta-1:autoreconf (compile) @ storm-core ---
[INFO] 
[INFO] --- make-maven-plugin:1.0-beta-1:configure (compile) @ storm-core ---
[INFO] /bin/sh: 14: /home/travis/.jdk_switcher_rc: [[: not found
[INFO] /bin/sh: 22: /home/travis/.jdk_switcher_rc: [[: not found
[INFO] /bin/sh: 32: /home/travis/.jdk_switcher_rc: [[: not found
[INFO] /bin/sh: 42: /home/travis/.jdk_switcher_rc: [[: not found
[INFO] /bin/sh: 3: /etc/profile.d/rvm.sh: [[: not found
[INFO] checking for gcc... gcc
[INFO] checking whether the C compiler works... yes
[INFO] checking for C compiler default output file name... a.out
[INFO] checking for suffix of executables... 
[INFO] checking whether we are cross compiling... no
[INFO] checking for suffix of object files... o
[INFO] checking whether we are using the GNU C compiler... yes
[INFO] checking whether gcc accepts -g... yes
[INFO] checking for gcc option to accept ISO C89... none needed
[INFO] checking how to run the C preprocessor... gcc -E
[INFO] checking for grep that handles long lines and -e... /bin/grep
[INFO] checking for egrep... /bin/grep -E
[INFO] checking for ANSI C header files... yes
[INFO] checking for sys/types.h... yes
[INFO] checking for sys/stat.h... yes
[INFO] checking for stdlib.h... yes
[INFO] checking for string.h... yes
[INFO] checking for memory.h... yes
[INFO] checking for strings.h... yes
[INFO] checking for inttypes.h... yes
[INFO] checking for stdint.h... yes
[INFO] checking for unistd.h... yes
[INFO] checking minix/config.h usability... no
[INFO] checking minix/config.h presence... no
[INFO] checking for minix/config.h... no
[INFO] checking whether it is safe to define __EXTENSIONS__... yes
[INFO] checking for a BSD-compatible install... /usr/bin/install -c
[INFO] checking whether build environment is sane... yes
[INFO] checking for a thread-safe mkdir -p... /bin/mkdir -p
[INFO] checking for gawk... gawk
[INFO] checking whether make sets $(MAKE)... yes
[INFO] checking for style of include used by make... GNU
[INFO] checking dependency style of gcc... gcc3
[INFO] checking for gcc... (cached) gcc
[INFO] checking whether we are using the GNU C compiler... (cached) yes
[INFO] checking whether gcc accepts -g... (cached) yes
[INFO] checking for gcc option to accept ISO C89... (cached) none needed
[INFO] checking whether gcc and cc understand -c and -o together... yes
[INFO] checking for unistd.h... (cached) yes
[INFO] checking for stdbool.h that conforms to C99... yes
[INFO] checking for _Bool... yes
[INFO] checking for an ANSI C-conforming const... yes
[INFO] checking for off_t... yes
[INFO] checking for size_t... yes
[INFO] checking whether strerror_r is declared... yes
[INFO] checking for strerror_r... yes
[INFO] checking whether strerror_r returns char *... yes
[INFO] checking for mkdir... yes
[INFO] checking for uname... yes
[INFO] configure: creating ./config.status
[INFO] config.status: creating Makefile
[INFO] config.status: executing depfiles commands
[INFO] 
[INFO] --- make-maven-plugin:1.0-beta-1:make-install (compile) @ storm-core ---
[INFO] /bin/sh: 14: /home/travis/.jdk_switcher_rc: [[: not found
[INFO] /bin/sh: 22: /home/travis/.jdk_switcher_rc: [[: not found
[INFO] /bin/sh: 32: /home/travis/.jdk_switcher_rc: [[: not found
[INFO] /bin/sh: 42: /home/travis/.jdk_switcher_rc: [[: not found
[INFO] /bin/sh: 3: /etc/profile.d/rvm.sh: [[: not found
[INFO] make[1]: Entering directory `/home/travis/build/apache/storm/storm-core/target/native/worker-launcher'
[INFO] test -z "/usr/local/bin" || /bin/mkdir -p "/home/travis/build/apache/storm/storm-core/target/native/target/usr/local/bin"
[INFO]   /usr/bin/install -c worker-launcher '/home/travis/build/apache/storm/storm-core/target/native/target/usr/local/bin'
[INFO] make[1]: Nothing to be done for `install-data-am'.
[INFO] make[1]: Leaving directory `/home/travis/build/apache/storm/storm-core/target/native/worker-launcher'
[INFO] 
[INFO] --- maven-resources-plugin:2.5:testResources (default-testResources) @ storm-core ---
[debug] execute contextualize
[INFO] Using 'UTF-8' encoding to copy filtered resources.
[INFO] Copying 14 resources
[INFO] Copying 2 resources
[INFO] Copying 3 resources
[INFO] 
[INFO] --- maven-dependency-plugin:2.8:unpack (unpack) @ storm-core ---
[INFO] Configured Artifact: org.apache.storm:multilang-ruby:2.0.0-SNAPSHOT:jar
[INFO] Downloading: https://repository.apache.org/snapshots/org/apache/storm/multilang-ruby/2.0.0-SNAPSHOT/maven-metadata.xml
[INFO] Configured Artifact: org.apache.storm:multilang-python:2.0.0-SNAPSHOT:jar
[INFO] Downloading: https://repository.apache.org/snapshots/org/apache/storm/multilang-python/2.0.0-SNAPSHOT/maven-metadata.xml
[INFO] Configured Artifact: org.apache.storm:multilang-javascript:2.0.0-SNAPSHOT:jar
[INFO] Downloading: https://repository.apache.org/snapshots/org/apache/storm/multilang-javascript/2.0.0-SNAPSHOT/maven-metadata.xml
[INFO] multilang-ruby-2.0.0-SNAPSHOT.jar already unpacked.
[INFO] multilang-python-2.0.0-SNAPSHOT.jar already unpacked.
[INFO] multilang-javascript-2.0.0-SNAPSHOT.jar already unpacked.
[INFO] 
[INFO] --- maven-compiler-plugin:3.1:testCompile (default-testCompile) @ storm-core ---
[INFO] Changes detected - recompiling the module!
[INFO] Compiling 52 source files to /home/travis/build/apache/storm/storm-core/target/test-classes
[WARNING] /home/travis/build/apache/storm/storm-core/test/jvm/org/apache/storm/localizer/LocalizerTest.java: Some input files use or override a deprecated API.
[WARNING] /home/travis/build/apache/storm/storm-core/test/jvm/org/apache/storm/localizer/LocalizerTest.java: Recompile with -Xlint:deprecation for details.
[WARNING] /home/travis/build/apache/storm/storm-core/test/jvm/org/apache/storm/command/TestCLI.java: Some input files use unchecked or unsafe operations.
[WARNING] /home/travis/build/apache/storm/storm-core/test/jvm/org/apache/storm/command/TestCLI.java: Recompile with -Xlint:unchecked for details.
[INFO] 
[INFO] --- maven-surefire-plugin:2.18.1:test (default-test) @ storm-core ---
[INFO] Surefire report directory: /home/travis/build/apache/storm/storm-core/target/surefire-reports
[INFO] parallel='none', perCoreThreadCount=true, threadCount=0, useUnlimitedThreads=false, threadCountSuites=0, threadCountClasses=0, threadCountMethods=0, parallelOptimized=true

-------------------------------------------------------
 T E S T S
-------------------------------------------------------
Running org.apache.storm.cluster.StormClusterStateImplTest
Tests run: 5, Failures: 0, Errors: 0, Skipped: 0, Time elapsed: 0.367 sec - in org.apache.storm.cluster.StormClusterStateImplTest
Running org.apache.storm.serialization.GzipBridgeThriftSerializationDelegateTest
Tests run: 3, Failures: 0, Errors: 0, Skipped: 0, Time elapsed: 0.012 sec - in org.apache.storm.serialization.GzipBridgeThriftSerializationDelegateTest
Running org.apache.storm.serialization.GzipBridgeSerializationDelegateTest
Tests run: 3, Failures: 0, Errors: 0, Skipped: 0, Time elapsed: 0.018 sec - in org.apache.storm.serialization.GzipBridgeSerializationDelegateTest
Running org.apache.storm.serialization.SerializationTest
Tests run: 3, Failures: 0, Errors: 0, Skipped: 0, Time elapsed: 1.817 sec - in org.apache.storm.serialization.SerializationTest
Running org.apache.storm.serialization.ThriftBridgeSerializationDelegateTest
Tests run: 1, Failures: 0, Errors: 0, Skipped: 0, Time elapsed: 0.004 sec - in org.apache.storm.serialization.ThriftBridgeSerializationDelegateTest
Running org.apache.storm.grouping.PartialKeyGroupingTest
Tests run: 2, Failures: 0, Errors: 0, Skipped: 0, Time elapsed: 0.021 sec - in org.apache.storm.grouping.PartialKeyGroupingTest
Running org.apache.storm.command.TestCLI
Tests run: 1, Failures: 0, Errors: 0, Skipped: 0, Time elapsed: 0.012 sec - in org.apache.storm.command.TestCLI
Running org.apache.storm.command.RebalanceTest
Tests run: 2, Failures: 0, Errors: 0, Skipped: 0, Time elapsed: 0.002 sec - in org.apache.storm.command.RebalanceTest
Running org.apache.storm.command.SetLogLevelTest
Tests run: 3, Failures: 0, Errors: 0, Skipped: 0, Time elapsed: 0.01 sec - in org.apache.storm.command.SetLogLevelTest
Running org.apache.storm.utils.UtilsTest
Tests run: 8, Failures: 0, Errors: 0, Skipped: 0, Time elapsed: 0.114 sec - in org.apache.storm.utils.UtilsTest
Running org.apache.storm.utils.DisruptorQueueTest
Tests run: 3, Failures: 0, Errors: 0, Skipped: 0, Time elapsed: 3.495 sec - in org.apache.storm.utils.DisruptorQueueTest
Running org.apache.storm.utils.DisruptorQueueBackpressureTest
Tests run: 1, Failures: 0, Errors: 0, Skipped: 0, Time elapsed: 0 sec - in org.apache.storm.utils.DisruptorQueueBackpressureTest
Running org.apache.storm.utils.StormBoundedExponentialBackoffRetryTest
Tests run: 5, Failures: 0, Errors: 0, Skipped: 0, Time elapsed: 0.324 sec - in org.apache.storm.utils.StormBoundedExponentialBackoffRetryTest
Running org.apache.storm.utils.TimeTest
Tests run: 8, Failures: 0, Errors: 0, Skipped: 0, Time elapsed: 0.001 sec - in org.apache.storm.utils.TimeTest
Running org.apache.storm.utils.ThriftTopologyUtilsTest
Tests run: 5, Failures: 0, Errors: 0, Skipped: 0, Time elapsed: 0.02 sec - in org.apache.storm.utils.ThriftTopologyUtilsTest
Running org.apache.storm.utils.WorkerBackpressureThreadTest
Tests run: 1, Failures: 0, Errors: 0, Skipped: 0, Time elapsed: 0.202 sec - in org.apache.storm.utils.WorkerBackpressureThreadTest
Running org.apache.storm.utils.ShellBoltMessageQueueTest
Tests run: 3, Failures: 0, Errors: 0, Skipped: 0, Time elapsed: 2.151 sec - in org.apache.storm.utils.ShellBoltMessageQueueTest
Running org.apache.storm.metric.internal.CountStatAndMetricTest
Tests run: 1, Failures: 0, Errors: 0, Skipped: 0, Time elapsed: 0.024 sec - in org.apache.storm.metric.internal.CountStatAndMetricTest
Running org.apache.storm.metric.internal.RateTrackerTest
Tests run: 4, Failures: 0, Errors: 0, Skipped: 0, Time elapsed: 0.005 sec - in org.apache.storm.metric.internal.RateTrackerTest
Running org.apache.storm.metric.internal.LatencyStatAndMetricTest
Tests run: 1, Failures: 0, Errors: 0, Skipped: 0, Time elapsed: 0.033 sec - in org.apache.storm.metric.internal.LatencyStatAndMetricTest
Running org.apache.storm.metric.filter.FilterByMetricNameTest
Tests run: 4, Failures: 0, Errors: 0, Skipped: 0, Time elapsed: 0.023 sec - in org.apache.storm.metric.filter.FilterByMetricNameTest
Running org.apache.storm.scheduler.resource.strategies.scheduling.TestDefaultResourceAwareStrategy
Tests run: 2, Failures: 0, Errors: 0, Skipped: 0, Time elapsed: 2.264 sec - in org.apache.storm.scheduler.resource.strategies.scheduling.TestDefaultResourceAwareStrategy
Running org.apache.storm.scheduler.resource.TestResourceAwareScheduler
Tests run: 14, Failures: 0, Errors: 0, Skipped: 0, Time elapsed: 34.407 sec - in org.apache.storm.scheduler.resource.TestResourceAwareScheduler
Running org.apache.storm.scheduler.resource.TestUser
Tests run: 3, Failures: 0, Errors: 0, Skipped: 0, Time elapsed: 9.728 sec - in org.apache.storm.scheduler.resource.TestUser
Running org.apache.storm.localizer.LocalizerTest
Tests run: 13, Failures: 0, Errors: 0, Skipped: 0, Time elapsed: 8.086 sec - in org.apache.storm.localizer.LocalizerTest
Running org.apache.storm.localizer.LocalizedResourceRetentionSetTest
Tests run: 2, Failures: 0, Errors: 0, Skipped: 0, Time elapsed: 0.084 sec - in org.apache.storm.localizer.LocalizedResourceRetentionSetTest
Running org.apache.storm.localizer.LocalizedResourceSetTest
Tests run: 4, Failures: 0, Errors: 0, Skipped: 0, Time elapsed: 0.008 sec - in org.apache.storm.localizer.LocalizedResourceSetTest
Running org.apache.storm.spout.CheckpointSpoutTest
Tests run: 7, Failures: 0, Errors: 0, Skipped: 0, Time elapsed: 1.525 sec - in org.apache.storm.spout.CheckpointSpoutTest
Running org.apache.storm.blobstore.ClientBlobStoreTest
Tests run: 4, Failures: 0, Errors: 0, Skipped: 0, Time elapsed: 0.16 sec - in org.apache.storm.blobstore.ClientBlobStoreTest
Running org.apache.storm.blobstore.BlobStoreTest
Tests run: 4, Failures: 0, Errors: 0, Skipped: 0, Time elapsed: 12.413 sec - in org.apache.storm.blobstore.BlobStoreTest
Running org.apache.storm.blobstore.BlobSynchronizerTest
Tests run: 4, Failures: 0, Errors: 0, Skipped: 0, Time elapsed: 8.181 sec - in org.apache.storm.blobstore.BlobSynchronizerTest
Running org.apache.storm.topology.StatefulWindowedBoltExecutorTest
Tests run: 4, Failures: 0, Errors: 0, Skipped: 0, Time elapsed: 2.61 sec - in org.apache.storm.topology.StatefulWindowedBoltExecutorTest
Running org.apache.storm.topology.TopologyBuilderTest
Tests run: 5, Failures: 0, Errors: 0, Skipped: 0, Time elapsed: 2.052 sec - in org.apache.storm.topology.TopologyBuilderTest
Running org.apache.storm.topology.StatefulBoltExecutorTest
Tests run: 7, Failures: 0, Errors: 0, Skipped: 0, Time elapsed: 3.874 sec - in org.apache.storm.topology.StatefulBoltExecutorTest
Running org.apache.storm.topology.WindowedBoltExecutorTest
Tests run: 5, Failures: 1, Errors: 0, Skipped: 0, Time elapsed: 1.476 sec <<< FAILURE! - in org.apache.storm.topology.WindowedBoltExecutorTest
testExecuteWithLateTupleStream(org.apache.storm.topology.WindowedBoltExecutorTest)  Time elapsed: 0.878 sec  <<< FAILURE!
org.mockito.exceptions.verification.WantedButNotInvoked: 
Wanted but not invoked:
outputCollector.emit(
    "$late",
    [source: null:1, stream: s1, id: {}, [600]],
    [source: null:1, stream: s1, id: {}, [600]]
);
-> at org.apache.storm.topology.WindowedBoltExecutorTest.testExecuteWithLateTupleStream(WindowedBoltExecutorTest.java:225)
Actually, there were zero interactions with this mock.

	at org.apache.storm.topology.WindowedBoltExecutorTest.testExecuteWithLateTupleStream(WindowedBoltExecutorTest.java:225)

Running org.apache.storm.state.InMemoryKeyValueStateTest
Tests run: 2, Failures: 0, Errors: 0, Skipped: 0, Time elapsed: 0.013 sec - in org.apache.storm.state.InMemoryKeyValueStateTest
Running org.apache.storm.windowing.WaterMarkEventGeneratorTest
Tests run: 5, Failures: 0, Errors: 0, Skipped: 0, Time elapsed: 0.041 sec - in org.apache.storm.windowing.WaterMarkEventGeneratorTest
Running org.apache.storm.windowing.WindowManagerTest
Tests run: 10, Failures: 0, Errors: 0, Skipped: 0, Time elapsed: 0.019 sec - in org.apache.storm.windowing.WindowManagerTest
Running org.apache.storm.trident.TestTridentTopology
Tests run: 1, Failures: 0, Errors: 0, Skipped: 0, Time elapsed: 200.453 sec - in org.apache.storm.trident.TestTridentTopology
Running org.apache.storm.trident.TridentWindowingTest
Tests run: 3, Failures: 0, Errors: 0, Skipped: 0, Time elapsed: 0.236 sec - in org.apache.storm.trident.TridentWindowingTest
Running org.apache.storm.nimbus.LocalNimbusTest
Tests run: 1, Failures: 0, Errors: 0, Skipped: 0, Time elapsed: 114.746 sec - in org.apache.storm.nimbus.LocalNimbusTest
Running org.apache.storm.TestConfigValidate
Tests run: 25, Failures: 0, Errors: 0, Skipped: 0, Time elapsed: 4.826 sec - in org.apache.storm.TestConfigValidate
Running org.apache.storm.PacemakerTest
Tests run: 9, Failures: 0, Errors: 0, Skipped: 0, Time elapsed: 2.914 sec - in org.apache.storm.PacemakerTest
Running org.apache.storm.TestCgroups
Tests run: 1, Failures: 0, Errors: 0, Skipped: 1, Time elapsed: 0.023 sec - in org.apache.storm.TestCgroups
Running org.apache.storm.PaceMakerStateStorageFactoryTest
Tests run: 10, Failures: 0, Errors: 0, Skipped: 0, Time elapsed: 0.169 sec - in org.apache.storm.PaceMakerStateStorageFactoryTest

Results :

Failed tests: 
  WindowedBoltExecutorTest.testExecuteWithLateTupleStream:225 
Wanted but not invoked:
outputCollector.emit(
    "$late",
    [source: null:1, stream: s1, id: {}, [600]],
    [source: null:1, stream: s1, id: {}, [600]]
);
-> at org.apache.storm.topology.WindowedBoltExecutorTest.testExecuteWithLateTupleStream(WindowedBoltExecutorTest.java:225)
Actually, there were zero interactions with this mock.


Tests run: 212, Failures: 1, Errors: 0, Skipped: 1

[INFO] ------------------------------------------------------------------------
[INFO] BUILD FAILURE
[INFO] ------------------------------------------------------------------------
[INFO] Total time: 07:34 min
[INFO] Finished at: 2016-06-14T16:44:53+00:00
[INFO] Final Memory: 44M/472M
[INFO] ------------------------------------------------------------------------
[ERROR] Failed to execute goal org.apache.maven.plugins:maven-surefire-plugin:2.18.1:test (default-test) on project storm-core: There are test failures.
[ERROR] 
[ERROR] Please refer to /home/travis/build/apache/storm/storm-core/target/surefire-reports for the individual test results.
[ERROR] -> [Help 1]
[ERROR] 
[ERROR] To see the full stack trace of the errors, re-run Maven with the -e switch.
[ERROR] Re-run Maven using the -X switch to enable full debug logging.
[ERROR] 
[ERROR] For more information about the errors and possible solutions, please read the following articles:
[ERROR] [Help 1] http://cwiki.apache.org/confluence/display/MAVEN/MojoFailureException
Looking for errors in ./storm-core/target/surefire-reports
Checking ./storm-core/target/surefire-reports/TEST-org.apache.storm.cluster.StormClusterStateImplTest.xml
Checking ./storm-core/target/surefire-reports/TEST-org.apache.storm.serialization.GzipBridgeThriftSerializationDelegateTest.xml
Checking ./storm-core/target/surefire-reports/TEST-org.apache.storm.serialization.GzipBridgeSerializationDelegateTest.xml
Checking ./storm-core/target/surefire-reports/TEST-org.apache.storm.serialization.SerializationTest.xml
Checking ./storm-core/target/surefire-reports/TEST-org.apache.storm.serialization.ThriftBridgeSerializationDelegateTest.xml
Checking ./storm-core/target/surefire-reports/TEST-org.apache.storm.grouping.PartialKeyGroupingTest.xml
Checking ./storm-core/target/surefire-reports/TEST-org.apache.storm.command.TestCLI.xml
Checking ./storm-core/target/surefire-reports/TEST-org.apache.storm.command.RebalanceTest.xml
Checking ./storm-core/target/surefire-reports/TEST-org.apache.storm.command.SetLogLevelTest.xml
Checking ./storm-core/target/surefire-reports/TEST-org.apache.storm.utils.UtilsTest.xml
Checking ./storm-core/target/surefire-reports/TEST-org.apache.storm.utils.DisruptorQueueTest.xml
Checking ./storm-core/target/surefire-reports/TEST-org.apache.storm.utils.DisruptorQueueBackpressureTest.xml
Checking ./storm-core/target/surefire-reports/TEST-org.apache.storm.utils.StormBoundedExponentialBackoffRetryTest.xml
Checking ./storm-core/target/surefire-reports/TEST-org.apache.storm.utils.TimeTest.xml
Checking ./storm-core/target/surefire-reports/TEST-org.apache.storm.utils.ThriftTopologyUtilsTest.xml
Checking ./storm-core/target/surefire-reports/TEST-org.apache.storm.utils.WorkerBackpressureThreadTest.xml
Checking ./storm-core/target/surefire-reports/TEST-org.apache.storm.utils.ShellBoltMessageQueueTest.xml
Checking ./storm-core/target/surefire-reports/TEST-org.apache.storm.metric.internal.CountStatAndMetricTest.xml
Checking ./storm-core/target/surefire-reports/TEST-org.apache.storm.metric.internal.RateTrackerTest.xml
Checking ./storm-core/target/surefire-reports/TEST-org.apache.storm.metric.internal.LatencyStatAndMetricTest.xml
Checking ./storm-core/target/surefire-reports/TEST-org.apache.storm.metric.filter.FilterByMetricNameTest.xml
Checking ./storm-core/target/surefire-reports/TEST-org.apache.storm.scheduler.resource.strategies.scheduling.TestDefaultResourceAwareStrategy.xml
Checking ./storm-core/target/surefire-reports/TEST-org.apache.storm.scheduler.resource.TestResourceAwareScheduler.xml
Checking ./storm-core/target/surefire-reports/TEST-org.apache.storm.scheduler.resource.TestUser.xml
Checking ./storm-core/target/surefire-reports/TEST-org.apache.storm.localizer.LocalizerTest.xml
Checking ./storm-core/target/surefire-reports/TEST-org.apache.storm.localizer.LocalizedResourceRetentionSetTest.xml
Checking ./storm-core/target/surefire-reports/TEST-org.apache.storm.localizer.LocalizedResourceSetTest.xml
Checking ./storm-core/target/surefire-reports/TEST-org.apache.storm.spout.CheckpointSpoutTest.xml
Checking ./storm-core/target/surefire-reports/TEST-org.apache.storm.blobstore.ClientBlobStoreTest.xml
Checking ./storm-core/target/surefire-reports/TEST-org.apache.storm.blobstore.BlobStoreTest.xml
Checking ./storm-core/target/surefire-reports/TEST-org.apache.storm.blobstore.BlobSynchronizerTest.xml
Checking ./storm-core/target/surefire-reports/TEST-org.apache.storm.topology.StatefulWindowedBoltExecutorTest.xml
Checking ./storm-core/target/surefire-reports/TEST-org.apache.storm.topology.TopologyBuilderTest.xml
Checking ./storm-core/target/surefire-reports/TEST-org.apache.storm.topology.StatefulBoltExecutorTest.xml
Checking ./storm-core/target/surefire-reports/TEST-org.apache.storm.topology.WindowedBoltExecutorTest.xml
--------------------------------------------------
classname: org.apache.storm.topology.WindowedBoltExecutorTest / testname: testExecuteWithLateTupleStream
org.mockito.exceptions.verification.WantedButNotInvoked: 
Wanted but not invoked:
outputCollector.emit(
    "$late",
    [source: null:1, stream: s1, id: {}, [600]],
    [source: null:1, stream: s1, id: {}, [600]]
);
-> at org.apache.storm.topology.WindowedBoltExecutorTest.testExecuteWithLateTupleStream(WindowedBoltExecutorTest.java:225)
Actually, there were zero interactions with this mock.

	at org.apache.storm.topology.WindowedBoltExecutorTest.testExecuteWithLateTupleStream(WindowedBoltExecutorTest.java:225)

-------------------- system-out --------------------
95308 [main-SendThread(localhost:2181)] WARN  o.a.z.ClientCnxn - Session 0x0 for server null, unexpected error, closing socket connection and attempting reconnect
java.net.ConnectException: Connection refused
	at sun.nio.ch.SocketChannelImpl.checkConnect(Native Method) ~[?:1.7.0_76]
	at sun.nio.ch.SocketChannelImpl.finishConnect(SocketChannelImpl.java:739) ~[?:1.7.0_76]
	at org.apache.zookeeper.ClientCnxnSocketNIO.doTransport(ClientCnxnSocketNIO.java:361) ~[zookeeper-3.4.6.jar:3.4.6-1569965]
	at org.apache.zookeeper.ClientCnxn$SendThread.run(ClientCnxn.java:1081) [zookeeper-3.4.6.jar:3.4.6-1569965]
95607 [main-SendThread(localhost:2181)] WARN  o.a.z.ClientCnxn - Session 0x0 for server null, unexpected error, closing socket connection and attempting reconnect
java.net.ConnectException: Connection refused
	at sun.nio.ch.SocketChannelImpl.checkConnect(Native Method) ~[?:1.7.0_76]
	at sun.nio.ch.SocketChannelImpl.finishConnect(SocketChannelImpl.java:739) ~[?:1.7.0_76]
	at org.apache.zookeeper.ClientCnxnSocketNIO.doTransport(ClientCnxnSocketNIO.java:361) ~[zookeeper-3.4.6.jar:3.4.6-1569965]
	at org.apache.zookeeper.ClientCnxn$SendThread.run(ClientCnxn.java:1081) [zookeeper-3.4.6.jar:3.4.6-1569965]
95710 [main-SendThread(localhost:2181)] WARN  o.a.z.ClientCnxn - Session 0x0 for server null, unexpected error, closing socket connection and attempting reconnect
java.net.ConnectException: Connection refused
	at sun.nio.ch.SocketChannelImpl.checkConnect(Native Method) ~[?:1.7.0_76]
	at sun.nio.ch.SocketChannelImpl.finishConnect(SocketChannelImpl.java:739) ~[?:1.7.0_76]
	at org.apache.zookeeper.ClientCnxnSocketNIO.doTransport(ClientCnxnSocketNIO.java:361) ~[zookeeper-3.4.6.jar:3.4.6-1569965]
	at org.apache.zookeeper.ClientCnxn$SendThread.run(ClientCnxn.java:1081) [zookeeper-3.4.6.jar:3.4.6-1569965]
95719 [main-SendThread(localhost:2181)] WARN  o.a.z.ClientCnxn - Session 0x0 for server null, unexpected error, closing socket connection and attempting reconnect
java.net.ConnectException: Connection refused
	at sun.nio.ch.SocketChannelImpl.checkConnect(Native Method) ~[?:1.7.0_76]
	at sun.nio.ch.SocketChannelImpl.finishConnect(SocketChannelImpl.java:739) ~[?:1.7.0_76]
	at org.apache.zookeeper.ClientCnxnSocketNIO.doTransport(ClientCnxnSocketNIO.java:361) ~[zookeeper-3.4.6.jar:3.4.6-1569965]
	at org.apache.zookeeper.ClientCnxn$SendThread.run(ClientCnxn.java:1081) [zookeeper-3.4.6.jar:3.4.6-1569965]
95820 [main-SendThread(localhost:2181)] WARN  o.a.z.ClientCnxn - Session 0x0 for server null, unexpected error, closing socket connection and attempting reconnect
java.net.ConnectException: Connection refused
	at sun.nio.ch.SocketChannelImpl.checkConnect(Native Method) ~[?:1.7.0_76]
	at sun.nio.ch.SocketChannelImpl.finishConnect(SocketChannelImpl.java:739) ~[?:1.7.0_76]
	at org.apache.zookeeper.ClientCnxnSocketNIO.doTransport(ClientCnxnSocketNIO.java:361) ~[zookeeper-3.4.6.jar:3.4.6-1569965]
	at org.apache.zookeeper.ClientCnxn$SendThread.run(ClientCnxn.java:1081) [zookeeper-3.4.6.jar:3.4.6-1569965]
[]
95894 [main-SendThread(localhost:2181)] WARN  o.a.z.ClientCnxn - Session 0x0 for server null, unexpected error, closing socket connection and attempting reconnect
java.net.ConnectException: Connection refused
	at sun.nio.ch.SocketChannelImpl.checkConnect(Native Method) ~[?:1.7.0_76]
	at sun.nio.ch.SocketChannelImpl.finishConnect(SocketChannelImpl.java:739) ~[?:1.7.0_76]
	at org.apache.zookeeper.ClientCnxnSocketNIO.doTransport(ClientCnxnSocketNIO.java:361) ~[zookeeper-3.4.6.jar:3.4.6-1569965]
	at org.apache.zookeeper.ClientCnxn$SendThread.run(ClientCnxn.java:1081) [zookeeper-3.4.6.jar:3.4.6-1569965]
95979 [main-SendThread(localhost:2181)] WARN  o.a.z.ClientCnxn - Session 0x0 for server null, unexpected error, closing socket connection and attempting reconnect
java.net.ConnectException: Connection refused
	at sun.nio.ch.SocketChannelImpl.checkConnect(Native Method) ~[?:1.7.0_76]
	at sun.nio.ch.SocketChannelImpl.finishConnect(SocketChannelImpl.java:739) ~[?:1.7.0_76]
	at org.apache.zookeeper.ClientCnxnSocketNIO.doTransport(ClientCnxnSocketNIO.java:361) ~[zookeeper-3.4.6.jar:3.4.6-1569965]
	at org.apache.zookeeper.ClientCnxn$SendThread.run(ClientCnxn.java:1081) [zookeeper-3.4.6.jar:3.4.6-1569965]
95995 [main-SendThread(localhost:2181)] WARN  o.a.z.ClientCnxn - Session 0x0 for server null, unexpected error, closing socket connection and attempting reconnect
java.net.ConnectException: Connection refused
	at sun.nio.ch.SocketChannelImpl.checkConnect(Native Method) ~[?:1.7.0_76]
	at sun.nio.ch.SocketChannelImpl.finishConnect(SocketChannelImpl.java:739) ~[?:1.7.0_76]
	at org.apache.zookeeper.ClientCnxnSocketNIO.doTransport(ClientCnxnSocketNIO.java:361) ~[zookeeper-3.4.6.jar:3.4.6-1569965]
	at org.apache.zookeeper.ClientCnxn$SendThread.run(ClientCnxn.java:1081) [zookeeper-3.4.6.jar:3.4.6-1569965]
96060 [main-SendThread(localhost:2181)] WARN  o.a.z.ClientCnxn - Session 0x0 for server null, unexpected error, closing socket connection and attempting reconnect
java.net.ConnectException: Connection refused
	at sun.nio.ch.SocketChannelImpl.checkConnect(Native Method) ~[?:1.7.0_76]
	at sun.nio.ch.SocketChannelImpl.finishConnect(SocketChannelImpl.java:739) ~[?:1.7.0_76]
	at org.apache.zookeeper.ClientCnxnSocketNIO.doTransport(ClientCnxnSocketNIO.java:361) ~[zookeeper-3.4.6.jar:3.4.6-1569965]
	at org.apache.zookeeper.ClientCnxn$SendThread.run(ClientCnxn.java:1081) [zookeeper-3.4.6.jar:3.4.6-1569965]
96080 [main-SendThread(localhost:2181)] WARN  o.a.z.ClientCnxn - Session 0x0 for server null, unexpected error, closing socket connection and attempting reconnect
java.net.ConnectException: Connection refused
	at sun.nio.ch.SocketChannelImpl.checkConnect(Native Method) ~[?:1.7.0_76]
	at sun.nio.ch.SocketChannelImpl.finishConnect(SocketChannelImpl.java:739) ~[?:1.7.0_76]
	at org.apache.zookeeper.ClientCnxnSocketNIO.doTransport(ClientCnxnSocketNIO.java:361) ~[zookeeper-3.4.6.jar:3.4.6-1569965]
	at org.apache.zookeeper.ClientCnxn$SendThread.run(ClientCnxn.java:1081) [zookeeper-3.4.6.jar:3.4.6-1569965]
96160 [main-SendThread(localhost:2181)] WARN  o.a.z.ClientCnxn - Session 0x0 for server null, unexpected error, closing socket connection and attempting reconnect
java.net.ConnectException: Connection refused
	at sun.nio.ch.SocketChannelImpl.checkConnect(Native Method) ~[?:1.7.0_76]
	at sun.nio.ch.SocketChannelImpl.finishConnect(SocketChannelImpl.java:739) ~[?:1.7.0_76]
	at org.apache.zookeeper.ClientCnxnSocketNIO.doTransport(ClientCnxnSocketNIO.java:361) ~[zookeeper-3.4.6.jar:3.4.6-1569965]
	at org.apache.zookeeper.ClientCnxn$SendThread.run(ClientCnxn.java:1081) [zookeeper-3.4.6.jar:3.4.6-1569965]

--------------------------------------------------
Checking ./storm-core/target/surefire-reports/TEST-org.apache.storm.state.InMemoryKeyValueStateTest.xml
Checking ./storm-core/target/surefire-reports/TEST-org.apache.storm.windowing.WaterMarkEventGeneratorTest.xml
Checking ./storm-core/target/surefire-reports/TEST-org.apache.storm.windowing.WindowManagerTest.xml
Checking ./storm-core/target/surefire-reports/TEST-org.apache.storm.trident.TestTridentTopology.xml
Checking ./storm-core/target/surefire-reports/TEST-org.apache.storm.trident.TridentWindowingTest.xml
Checking ./storm-core/target/surefire-reports/TEST-org.apache.storm.nimbus.LocalNimbusTest.xml
Checking ./storm-core/target/surefire-reports/TEST-org.apache.storm.TestConfigValidate.xml
Checking ./storm-core/target/surefire-reports/TEST-org.apache.storm.PacemakerTest.xml
Checking ./storm-core/target/surefire-reports/TEST-org.apache.storm.TestCgroups.xml
Checking ./storm-core/target/surefire-reports/TEST-org.apache.storm.PaceMakerStateStorageFactoryTest.xml

travis_time:end:25c56cf0:start=1465922237837841779,finish=1465922694808932891,duration=456971091112[0K
[31;1mThe command "/bin/bash ./dev-tools/travis/travis-script.sh `pwd` $MODULES" exited with 1.[0m
travis_fold:start:cache.2[0Kstore build cache
travis_time:start:29b896d6[0K
travis_time:end:29b896d6:start=1465922694815573616,finish=1465922694820481995,duration=4908379[0Ktravis_time:start:04f6bfcc[0K[32;1mchange detected (content changed, file is created, or file is deleted):
/home/travis/.m2/repository/eigenbase/eigenbase-properties/1.1.4/eigenbase-properties-1.1.4.pom.lastUpdated
/home/travis/.m2/repository/io/confluent/kafka-avro-serializer/1.0/kafka-avro-serializer-1.0.pom.lastUpdated
/home/travis/.m2/repository/io/confluent/kafka-schema-registry-client/1.0/kafka-schema-registry-client-1.0.pom.lastUpdated
/home/travis/.m2/repository/net/hydromatic/linq4j/0.4/linq4j-0.4.pom.lastUpdated
/home/travis/.m2/repository/net/hydromatic/quidem/0.1.1/quidem-0.1.1.pom.lastUpdated
/home/travis/.m2/repository/org/apache/storm/flux/2.0.0-SNAPSHOT/maven-metadata-local.xml
/home/travis/.m2/repository/org/apache/storm/flux/2.0.0-SNAPSHOT/_remote.repositories
/home/travis/.m2/repository/org/apache/storm/flux-core/2.0.0-SNAPSHOT/flux-core-2.0.0-SNAPSHOT.jar
/home/travis/.m2/repository/org/apache/storm/flux-core/2.0.0-SNAPSHOT/maven-metadata-local.xml
/home/travis/.m2/repository/org/apache/storm/flux-core/2.0.0-SNAPSHOT/_remote.repositories
/home/travis/.m2/repository/org/ap
[0m
[32;1m...
[0m
[32;1mchanges detected, packing new archive[0m
.
.
.
.
.
.
[32;1muploading archive[0m

travis_time:end:04f6bfcc:start=1465922694826117820,finish=1465922744238079639,duration=49411961819[0Ktravis_fold:end:cache.2[0K
Done. Your build exited with 1.
