Using worker: worker-linux-docker-1b5afb5e.prod.travis-ci.org:travis-linux-8

travis_fold:start:system_info[0K[33;1mBuild system information[0m
Build language: java
Build group: stable
Build dist: precise
[34m[1mBuild image provisioning date and time[0m
Thu Feb  5 15:09:33 UTC 2015
[34m[1mOperating System Details[0m
Distributor ID:	Ubuntu
Description:	Ubuntu 12.04.5 LTS
Release:	12.04
Codename:	precise
[34m[1mLinux Version[0m
3.13.0-29-generic
[34m[1mCookbooks Version[0m
a68419e https://github.com/travis-ci/travis-cookbooks/tree/a68419e
[34m[1mGCC version[0m
gcc (Ubuntu/Linaro 4.6.3-1ubuntu5) 4.6.3
Copyright (C) 2011 Free Software Foundation, Inc.
This is free software; see the source for copying conditions.  There is NO
warranty; not even for MERCHANTABILITY or FITNESS FOR A PARTICULAR PURPOSE.

[34m[1mLLVM version[0m
clang version 3.4 (tags/RELEASE_34/final)
Target: x86_64-unknown-linux-gnu
Thread model: posix
[34m[1mPre-installed Ruby versions[0m
ruby-1.9.3-p551
[34m[1mPre-installed Node.js versions[0m
v0.10.36
[34m[1mPre-installed Go versions[0m
1.4.1
[34m[1mRedis version[0m
redis-server 2.8.19
[34m[1mriak version[0m
2.0.2
[34m[1mMongoDB version[0m
MongoDB 2.4.12
[34m[1mCouchDB version[0m
couchdb 1.6.1
[34m[1mNeo4j version[0m
1.9.4
[34m[1mRabbitMQ Version[0m
3.4.3
[34m[1mElasticSearch version[0m
1.4.0
[34m[1mInstalled Sphinx versions[0m
2.0.10
2.1.9
2.2.6
[34m[1mDefault Sphinx version[0m
2.2.6
[34m[1mInstalled Firefox version[0m
firefox 31.0esr
[34m[1mPhantomJS version[0m
1.9.8
[34m[1mant -version[0m
Apache Ant(TM) version 1.8.2 compiled on December 3 2011
[34m[1mmvn -version[0m
Apache Maven 3.2.5 (12a6b3acb947671f09b81f49094c53f426d8cea1; 2014-12-14T17:29:23+00:00)
Maven home: /usr/local/maven
Java version: 1.7.0_76, vendor: Oracle Corporation
Java home: /usr/lib/jvm/java-7-oracle/jre
Default locale: en_US, platform encoding: ANSI_X3.4-1968
OS name: "linux", version: "3.13.0-29-generic", arch: "amd64", family: "unix"
travis_fold:end:system_info[0K
travis_fold:start:fix.CVE-2015-7547[0K$ export DEBIAN_FRONTEND=noninteractive
W: Size of file /var/lib/apt/lists/us.archive.ubuntu.com_ubuntu_dists_precise-backports_multiverse_source_Sources.gz is not what the server reported 5886 5888
W: Size of file /var/lib/apt/lists/ppa.launchpad.net_ubuntugis_ppa_ubuntu_dists_precise_main_binary-amd64_Packages.gz is not what the server reported 36669 36677
W: Size of file /var/lib/apt/lists/ppa.launchpad.net_ubuntugis_ppa_ubuntu_dists_precise_main_binary-i386_Packages.gz is not what the server reported 36729 36733
Reading package lists...
Building dependency tree...
Reading state information...
The following extra packages will be installed:
  libc-bin libc-dev-bin libc6-dev
Suggested packages:
  glibc-doc
The following packages will be upgraded:
  libc-bin libc-dev-bin libc6 libc6-dev
4 upgraded, 0 newly installed, 0 to remove and 246 not upgraded.
Need to get 8,840 kB of archives.
After this operation, 14.3 kB disk space will be freed.
Get:1 http://us.archive.ubuntu.com/ubuntu/ precise-updates/main libc6-dev amd64 2.15-0ubuntu10.15 [2,943 kB]
Get:2 http://us.archive.ubuntu.com/ubuntu/ precise-updates/main libc-dev-bin amd64 2.15-0ubuntu10.15 [84.7 kB]
Get:3 http://us.archive.ubuntu.com/ubuntu/ precise-updates/main libc-bin amd64 2.15-0ubuntu10.15 [1,177 kB]
Get:4 http://us.archive.ubuntu.com/ubuntu/ precise-updates/main libc6 amd64 2.15-0ubuntu10.15 [4,636 kB]
Fetched 8,840 kB in 0s (28.9 MB/s)
Preconfiguring packages ...
(Reading database ... (Reading database ... 5%(Reading database ... 10%(Reading database ... 15%(Reading database ... 20%(Reading database ... 25%(Reading database ... 30%(Reading database ... 35%(Reading database ... 40%(Reading database ... 45%(Reading database ... 50%(Reading database ... 55%(Reading database ... 60%(Reading database ... 65%(Reading database ... 70%(Reading database ... 75%(Reading database ... 80%(Reading database ... 85%(Reading database ... 90%(Reading database ... 95%(Reading database ... 100%(Reading database ... 72019 files and directories currently installed.)
Preparing to replace libc6-dev 2.15-0ubuntu10.10 (using .../libc6-dev_2.15-0ubuntu10.15_amd64.deb) ...
Unpacking replacement libc6-dev ...
Preparing to replace libc-dev-bin 2.15-0ubuntu10.10 (using .../libc-dev-bin_2.15-0ubuntu10.15_amd64.deb) ...
Unpacking replacement libc-dev-bin ...
Preparing to replace libc-bin 2.15-0ubuntu10.10 (using .../libc-bin_2.15-0ubuntu10.15_amd64.deb) ...
Unpacking replacement libc-bin ...
Processing triggers for man-db ...
Setting up libc-bin (2.15-0ubuntu10.15) ...
(Reading database ... (Reading database ... 5%(Reading database ... 10%(Reading database ... 15%(Reading database ... 20%(Reading database ... 25%(Reading database ... 30%(Reading database ... 35%(Reading database ... 40%(Reading database ... 45%(Reading database ... 50%(Reading database ... 55%(Reading database ... 60%(Reading database ... 65%(Reading database ... 70%(Reading database ... 75%(Reading database ... 80%(Reading database ... 85%(Reading database ... 90%(Reading database ... 95%(Reading database ... 100%(Reading database ... 72018 files and directories currently installed.)
Preparing to replace libc6 2.15-0ubuntu10.10 (using .../libc6_2.15-0ubuntu10.15_amd64.deb) ...
Unpacking replacement libc6 ...
Setting up libc6 (2.15-0ubuntu10.15) ...
Setting up libc-dev-bin (2.15-0ubuntu10.15) ...
Setting up libc6-dev (2.15-0ubuntu10.15) ...
Processing triggers for libc-bin ...
ldconfig deferred processing now taking place
travis_fold:end:fix.CVE-2015-7547[0Ktravis_fold:start:git.checkout[0Ktravis_time:start:01658a65[0K$ git clone --depth=50 https://github.com/apache/storm.git apache/storm
Cloning into 'apache/storm'...
remote: Counting objects: 18921, done.[K
remote: Compressing objects:   0% (1/7652)   [Kremote: Compressing objects:   1% (77/7652)   [Kremote: Compressing objects:   2% (154/7652)   [Kremote: Compressing objects:   3% (230/7652)   [Kremote: Compressing objects:   4% (307/7652)   [Kremote: Compressing objects:   5% (383/7652)   [Kremote: Compressing objects:   6% (460/7652)   [Kremote: Compressing objects:   7% (536/7652)   [Kremote: Compressing objects:   8% (613/7652)   [Kremote: Compressing objects:   9% (689/7652)   [Kremote: Compressing objects:  10% (766/7652)   [Kremote: Compressing objects:  11% (842/7652)   [Kremote: Compressing objects:  12% (919/7652)   [Kremote: Compressing objects:  13% (995/7652)   [Kremote: Compressing objects:  14% (1072/7652)   [Kremote: Compressing objects:  15% (1148/7652)   [Kremote: Compressing objects:  16% (1225/7652)   [Kremote: Compressing objects:  17% (1301/7652)   [Kremote: Compressing objects:  18% (1378/7652)   [Kremote: Compressing objects:  19% (1454/7652)   [Kremote: Compressing objects:  20% (1531/7652)   [Kremote: Compressing objects:  21% (1607/7652)   [Kremote: Compressing objects:  22% (1684/7652)   [Kremote: Compressing objects:  23% (1760/7652)   [Kremote: Compressing objects:  24% (1837/7652)   [Kremote: Compressing objects:  25% (1913/7652)   [Kremote: Compressing objects:  26% (1990/7652)   [Kremote: Compressing objects:  27% (2067/7652)   [Kremote: Compressing objects:  28% (2143/7652)   [Kremote: Compressing objects:  29% (2220/7652)   [Kremote: Compressing objects:  30% (2296/7652)   [Kremote: Compressing objects:  31% (2373/7652)   [Kremote: Compressing objects:  32% (2449/7652)   [Kremote: Compressing objects:  33% (2526/7652)   [Kremote: Compressing objects:  34% (2602/7652)   [Kremote: Compressing objects:  35% (2679/7652)   [Kremote: Compressing objects:  36% (2755/7652)   [Kremote: Compressing objects:  37% (2832/7652)   [Kremote: Compressing objects:  38% (2908/7652)   [Kremote: Compressing objects:  39% (2985/7652)   [Kremote: Compressing objects:  40% (3061/7652)   [Kremote: Compressing objects:  41% (3138/7652)   [Kremote: Compressing objects:  42% (3214/7652)   [Kremote: Compressing objects:  43% (3291/7652)   [Kremote: Compressing objects:  44% (3367/7652)   [Kremote: Compressing objects:  45% (3444/7652)   [Kremote: Compressing objects:  46% (3520/7652)   [Kremote: Compressing objects:  47% (3597/7652)   [Kremote: Compressing objects:  48% (3673/7652)   [Kremote: Compressing objects:  49% (3750/7652)   [Kremote: Compressing objects:  50% (3826/7652)   [Kremote: Compressing objects:  51% (3903/7652)   [Kremote: Compressing objects:  52% (3980/7652)   [Kremote: Compressing objects:  53% (4056/7652)   [Kremote: Compressing objects:  54% (4133/7652)   [Kremote: Compressing objects:  55% (4209/7652)   [Kremote: Compressing objects:  56% (4286/7652)   [Kremote: Compressing objects:  57% (4362/7652)   [Kremote: Compressing objects:  58% (4439/7652)   [Kremote: Compressing objects:  59% (4515/7652)   [Kremote: Compressing objects:  60% (4592/7652)   [Kremote: Compressing objects:  61% (4668/7652)   [Kremote: Compressing objects:  62% (4745/7652)   [Kremote: Compressing objects:  63% (4821/7652)   [Kremote: Compressing objects:  64% (4898/7652)   [Kremote: Compressing objects:  65% (4974/7652)   [Kremote: Compressing objects:  66% (5051/7652)   [Kremote: Compressing objects:  67% (5127/7652)   [Kremote: Compressing objects:  68% (5204/7652)   [Kremote: Compressing objects:  69% (5280/7652)   [Kremote: Compressing objects:  70% (5357/7652)   [Kremote: Compressing objects:  71% (5433/7652)   [Kremote: Compressing objects:  72% (5510/7652)   [Kremote: Compressing objects:  73% (5586/7652)   [Kremote: Compressing objects:  74% (5663/7652)   [Kremote: Compressing objects:  75% (5739/7652)   [Kremote: Compressing objects:  76% (5816/7652)   [Kremote: Compressing objects:  77% (5893/7652)   [Kremote: Compressing objects:  78% (5969/7652)   [Kremote: Compressing objects:  79% (6046/7652)   [Kremote: Compressing objects:  80% (6122/7652)   [Kremote: Compressing objects:  81% (6199/7652)   [Kremote: Compressing objects:  82% (6275/7652)   [Kremote: Compressing objects:  83% (6352/7652)   [Kremote: Compressing objects:  84% (6428/7652)   [Kremote: Compressing objects:  85% (6505/7652)   [Kremote: Compressing objects:  86% (6581/7652)   [Kremote: Compressing objects:  87% (6658/7652)   [Kremote: Compressing objects:  88% (6734/7652)   [Kremote: Compressing objects:  89% (6811/7652)   [Kremote: Compressing objects:  90% (6887/7652)   [Kremote: Compressing objects:  91% (6964/7652)   [Kremote: Compressing objects:  92% (7040/7652)   [Kremote: Compressing objects:  93% (7117/7652)   [Kremote: Compressing objects:  94% (7193/7652)   [Kremote: Compressing objects:  95% (7270/7652)   [Kremote: Compressing objects:  96% (7346/7652)   [Kremote: Compressing objects:  97% (7423/7652)   [Kremote: Compressing objects:  98% (7499/7652)   [Kremote: Compressing objects:  99% (7576/7652)   [Kremote: Compressing objects: 100% (7652/7652)   [Kremote: Compressing objects: 100% (7652/7652), done.[K
Receiving objects:   0% (1/18921)   Receiving objects:   1% (190/18921)   Receiving objects:   2% (379/18921)   Receiving objects:   3% (568/18921)   Receiving objects:   4% (757/18921)   Receiving objects:   5% (947/18921)   Receiving objects:   6% (1136/18921)   Receiving objects:   7% (1325/18921)   Receiving objects:   8% (1514/18921)   Receiving objects:   9% (1703/18921)   Receiving objects:  10% (1893/18921)   Receiving objects:  11% (2082/18921)   Receiving objects:  12% (2271/18921)   Receiving objects:  13% (2460/18921)   Receiving objects:  14% (2649/18921)   Receiving objects:  15% (2839/18921)   Receiving objects:  16% (3028/18921)   Receiving objects:  17% (3217/18921)   Receiving objects:  18% (3406/18921)   Receiving objects:  19% (3595/18921)   Receiving objects:  20% (3785/18921)   Receiving objects:  21% (3974/18921)   Receiving objects:  22% (4163/18921)   Receiving objects:  23% (4352/18921)   Receiving objects:  24% (4542/18921)   Receiving objects:  25% (4731/18921)   Receiving objects:  26% (4920/18921)   Receiving objects:  27% (5109/18921)   Receiving objects:  28% (5298/18921)   Receiving objects:  29% (5488/18921)   Receiving objects:  30% (5677/18921)   Receiving objects:  31% (5866/18921)   Receiving objects:  32% (6055/18921)   Receiving objects:  33% (6244/18921)   Receiving objects:  34% (6434/18921)   Receiving objects:  35% (6623/18921)   Receiving objects:  36% (6812/18921)   Receiving objects:  37% (7001/18921)   Receiving objects:  38% (7190/18921)   Receiving objects:  39% (7380/18921)   Receiving objects:  40% (7569/18921)   Receiving objects:  41% (7758/18921)   Receiving objects:  42% (7947/18921)   Receiving objects:  43% (8137/18921)   Receiving objects:  44% (8326/18921)   Receiving objects:  45% (8515/18921)   Receiving objects:  46% (8704/18921)   Receiving objects:  47% (8893/18921)   Receiving objects:  48% (9083/18921)   Receiving objects:  49% (9272/18921)   Receiving objects:  50% (9461/18921)   Receiving objects:  51% (9650/18921)   Receiving objects:  52% (9839/18921)   Receiving objects:  53% (10029/18921)   Receiving objects:  54% (10218/18921)   Receiving objects:  55% (10407/18921)   Receiving objects:  56% (10596/18921)   Receiving objects:  57% (10785/18921)   Receiving objects:  58% (10975/18921)   Receiving objects:  59% (11164/18921)   Receiving objects:  60% (11353/18921)   Receiving objects:  61% (11542/18921)   Receiving objects:  62% (11732/18921)   Receiving objects:  63% (11921/18921)   Receiving objects:  64% (12110/18921)   Receiving objects:  65% (12299/18921)   Receiving objects:  66% (12488/18921)   Receiving objects:  67% (12678/18921)   Receiving objects:  68% (12867/18921)   Receiving objects:  69% (13056/18921)   Receiving objects:  70% (13245/18921)   Receiving objects:  71% (13434/18921)   Receiving objects:  72% (13624/18921)   Receiving objects:  73% (13813/18921)   Receiving objects:  74% (14002/18921)   Receiving objects:  75% (14191/18921)   Receiving objects:  76% (14380/18921)   Receiving objects:  77% (14570/18921)   Receiving objects:  78% (14759/18921)   Receiving objects:  79% (14948/18921)   Receiving objects:  80% (15137/18921)   Receiving objects:  81% (15327/18921)   Receiving objects:  82% (15516/18921)   Receiving objects:  83% (15705/18921)   Receiving objects:  84% (15894/18921)   Receiving objects:  85% (16083/18921)   Receiving objects:  86% (16273/18921)   Receiving objects:  87% (16462/18921)   Receiving objects:  88% (16651/18921)   Receiving objects:  89% (16840/18921)   Receiving objects:  90% (17029/18921)   Receiving objects:  91% (17219/18921)   Receiving objects:  92% (17408/18921)   Receiving objects:  93% (17597/18921)   Receiving objects:  94% (17786/18921)   Receiving objects:  95% (17975/18921)   Receiving objects:  96% (18165/18921)   Receiving objects:  97% (18354/18921)   Receiving objects:  98% (18543/18921)   remote: Total 18921 (delta 9075), reused 16259 (delta 7040), pack-reused 0[K
Receiving objects:  99% (18732/18921)   Receiving objects: 100% (18921/18921)   Receiving objects: 100% (18921/18921), 14.69 MiB | 0 bytes/s, done.
Resolving deltas:   0% (0/9075)   Resolving deltas:   1% (94/9075)   Resolving deltas:   2% (184/9075)   Resolving deltas:   3% (274/9075)   Resolving deltas:   4% (365/9075)   Resolving deltas:   5% (522/9075)   Resolving deltas:   6% (546/9075)   Resolving deltas:   7% (643/9075)   Resolving deltas:   8% (761/9075)   Resolving deltas:   9% (829/9075)   Resolving deltas:  10% (912/9075)   Resolving deltas:  11% (1001/9075)   Resolving deltas:  12% (1104/9075)   Resolving deltas:  13% (1180/9075)   Resolving deltas:  14% (1276/9075)   Resolving deltas:  15% (1362/9075)   Resolving deltas:  16% (1453/9075)   Resolving deltas:  17% (1548/9075)   Resolving deltas:  18% (1634/9075)   Resolving deltas:  19% (1728/9075)   Resolving deltas:  20% (1832/9075)   Resolving deltas:  21% (1913/9075)   Resolving deltas:  22% (1997/9075)   Resolving deltas:  23% (2093/9075)   Resolving deltas:  24% (2182/9075)   Resolving deltas:  25% (2270/9075)   Resolving deltas:  26% (2362/9075)   Resolving deltas:  27% (2511/9075)   Resolving deltas:  28% (2580/9075)   Resolving deltas:  29% (2661/9075)   Resolving deltas:  30% (2771/9075)   Resolving deltas:  31% (2820/9075)   Resolving deltas:  32% (2905/9075)   Resolving deltas:  33% (2996/9075)   Resolving deltas:  34% (3088/9075)   Resolving deltas:  35% (3177/9075)   Resolving deltas:  36% (3268/9075)   Resolving deltas:  37% (3364/9075)   Resolving deltas:  38% (3454/9075)   Resolving deltas:  39% (3541/9075)   Resolving deltas:  40% (3631/9075)   Resolving deltas:  41% (3722/9075)   Resolving deltas:  42% (3825/9075)   Resolving deltas:  43% (3903/9075)   Resolving deltas:  44% (3993/9075)   Resolving deltas:  45% (4087/9075)   Resolving deltas:  46% (4184/9075)   Resolving deltas:  47% (4269/9075)   Resolving deltas:  48% (4358/9075)   Resolving deltas:  49% (4448/9075)   Resolving deltas:  51% (4638/9075)   Resolving deltas:  52% (4719/9075)   Resolving deltas:  53% (4810/9075)   Resolving deltas:  54% (4903/9075)   Resolving deltas:  55% (4994/9075)   Resolving deltas:  56% (5097/9075)   Resolving deltas:  57% (5174/9075)   Resolving deltas:  58% (5268/9075)   Resolving deltas:  59% (5394/9075)   Resolving deltas:  65% (5988/9075)   Resolving deltas:  66% (5990/9075)   Resolving deltas:  67% (6081/9075)   Resolving deltas:  69% (6277/9075)   Resolving deltas:  70% (6353/9075)   Resolving deltas:  71% (6446/9075)   Resolving deltas:  72% (6592/9075)   Resolving deltas:  74% (6731/9075)   Resolving deltas:  76% (6902/9075)   Resolving deltas:  77% (6994/9075)   Resolving deltas:  79% (7172/9075)   Resolving deltas:  80% (7266/9075)   Resolving deltas:  81% (7354/9075)   Resolving deltas:  82% (7447/9075)   Resolving deltas:  83% (7543/9075)   Resolving deltas:  84% (7630/9075)   Resolving deltas:  85% (7738/9075)   Resolving deltas:  86% (7805/9075)   Resolving deltas:  87% (7928/9075)   Resolving deltas:  88% (7993/9075)   Resolving deltas:  90% (8170/9075)   Resolving deltas:  91% (8324/9075)   Resolving deltas:  92% (8356/9075)   Resolving deltas:  93% (8451/9075)   Resolving deltas:  94% (8531/9075)   Resolving deltas:  95% (8624/9075)   Resolving deltas:  96% (8712/9075)   Resolving deltas:  97% (8805/9075)   Resolving deltas:  98% (8896/9075)   Resolving deltas:  99% (9016/9075)   Resolving deltas: 100% (9075/9075)   Resolving deltas: 100% (9075/9075), done.
Checking connectivity... done.

travis_time:end:01658a65:start=1466190458576776036,finish=1466190460740455348,duration=2163679312[0K$ cd apache/storm
travis_time:start:00b5fd28[0K$ git fetch origin +refs/pull/1500/merge:
remote: Counting objects: 57, done.[K
remote: Compressing objects:   6% (1/16)   [Kremote: Compressing objects:  12% (2/16)   [Kremote: Compressing objects:  18% (3/16)   [Kremote: Compressing objects:  25% (4/16)   [Kremote: Compressing objects:  31% (5/16)   [Kremote: Compressing objects:  37% (6/16)   [Kremote: Compressing objects:  43% (7/16)   [Kremote: Compressing objects:  50% (8/16)   [Kremote: Compressing objects:  56% (9/16)   [Kremote: Compressing objects:  62% (10/16)   [Kremote: Compressing objects:  68% (11/16)   [Kremote: Compressing objects:  75% (12/16)   [Kremote: Compressing objects:  81% (13/16)   [Kremote: Compressing objects:  87% (14/16)   [Kremote: Compressing objects:  93% (15/16)   [Kremote: Compressing objects: 100% (16/16)   [Kremote: Compressing objects: 100% (16/16), done.[K
remote: Total 57 (delta 29), reused 56 (delta 29), pack-reused 0[K
Unpacking objects:   1% (1/57)   Unpacking objects:   3% (2/57)   Unpacking objects:   5% (3/57)   Unpacking objects:   7% (4/57)   Unpacking objects:   8% (5/57)   Unpacking objects:  10% (6/57)   Unpacking objects:  12% (7/57)   Unpacking objects:  14% (8/57)   Unpacking objects:  15% (9/57)   Unpacking objects:  17% (10/57)   Unpacking objects:  19% (11/57)   Unpacking objects:  21% (12/57)   Unpacking objects:  22% (13/57)   Unpacking objects:  24% (14/57)   Unpacking objects:  26% (15/57)   Unpacking objects:  28% (16/57)   Unpacking objects:  29% (17/57)   Unpacking objects:  31% (18/57)   Unpacking objects:  33% (19/57)   Unpacking objects:  35% (20/57)   Unpacking objects:  36% (21/57)   Unpacking objects:  38% (22/57)   Unpacking objects:  40% (23/57)   Unpacking objects:  42% (24/57)   Unpacking objects:  43% (25/57)   Unpacking objects:  45% (26/57)   Unpacking objects:  47% (27/57)   Unpacking objects:  49% (28/57)   Unpacking objects:  50% (29/57)   Unpacking objects:  52% (30/57)   Unpacking objects:  54% (31/57)   Unpacking objects:  56% (32/57)   Unpacking objects:  57% (33/57)   Unpacking objects:  59% (34/57)   Unpacking objects:  61% (35/57)   Unpacking objects:  63% (36/57)   Unpacking objects:  64% (37/57)   Unpacking objects:  66% (38/57)   Unpacking objects:  68% (39/57)   Unpacking objects:  70% (40/57)   Unpacking objects:  71% (41/57)   Unpacking objects:  73% (42/57)   Unpacking objects:  75% (43/57)   Unpacking objects:  77% (44/57)   Unpacking objects:  78% (45/57)   Unpacking objects:  80% (46/57)   Unpacking objects:  82% (47/57)   Unpacking objects:  84% (48/57)   Unpacking objects:  85% (49/57)   Unpacking objects:  87% (50/57)   Unpacking objects:  89% (51/57)   Unpacking objects:  91% (52/57)   Unpacking objects:  92% (53/57)   Unpacking objects:  94% (54/57)   Unpacking objects:  96% (55/57)   Unpacking objects:  98% (56/57)   Unpacking objects: 100% (57/57)   Unpacking objects: 100% (57/57), done.
From https://github.com/apache/storm
 * branch            refs/pull/1500/merge -> FETCH_HEAD

travis_time:end:00b5fd28:start=1466190460744203333,finish=1466190461052200863,duration=307997530[0K$ git checkout -qf FETCH_HEAD
travis_fold:end:git.checkout[0K
[33;1mThis job is running on container-based infrastructure, which does not allow use of 'sudo', setuid and setguid executables.[0m
[33;1mIf you require sudo, add 'sudo: required' to your .travis.yml[0m
[33;1mSee https://docs.travis-ci.com/user/workers/container-based-infrastructure/ for details.[0m

[33;1mSetting environment variables from .travis.yml[0m
$ export MODULES=storm-core

$ jdk_switcher use oraclejdk8
Switching to Oracle JDK8 (java-8-oracle), JAVA_HOME will be set to /usr/lib/jvm/java-8-oracle
travis_fold:start:cache.1[0KSetting up build cache
$ export CASHER_DIR=$HOME/.casher
travis_time:start:0e7cef20[0K$ Installing caching utilities

travis_time:end:0e7cef20:start=1466190462969886429,finish=1466190463020176185,duration=50289756[0Ktravis_time:start:2d810963[0K
travis_time:end:2d810963:start=1466190463024882766,finish=1466190463028102511,duration=3219745[0Ktravis_time:start:1c401822[0K[32;1mattempting to download cache archive[0m
[32;1mfetching PR.1500/cache-linux-precise-4722ea394922d42b2b7eb84cff6efc764d76759821ac6f6efc13232aa923f595--jdk-oraclejdk8.tgz[0m
[32;1mfetching PR.1500/cache--jdk-oraclejdk8.tgz[0m
[32;1mfetching master/cache-linux-precise-4722ea394922d42b2b7eb84cff6efc764d76759821ac6f6efc13232aa923f595--jdk-oraclejdk8.tgz[0m
[32;1mfound cache[0m

travis_time:end:1c401822:start=1466190463031922164,finish=1466190476268617116,duration=13236694952[0Ktravis_time:start:096f64f8[0K
travis_time:end:096f64f8:start=1466190476272718862,finish=1466190476276311904,duration=3593042[0Ktravis_time:start:2af4015b[0K[32;1madding /home/travis/.m2/repository to cache[0m
[32;1madding /home/travis/.rvm to cache[0m
[32;1madding /home/travis/.nvm to cache[0m

travis_time:end:2af4015b:start=1466190476280251399,finish=1466190489684325198,duration=13404073799[0Ktravis_fold:end:cache.1[0K$ java -Xmx32m -version
java version "1.8.0_31"
Java(TM) SE Runtime Environment (build 1.8.0_31-b13)
Java HotSpot(TM) 64-Bit Server VM (build 25.31-b07, mixed mode)
$ javac -J-Xmx32m -version
javac 1.8.0_31
travis_fold:start:before_install.1[0Ktravis_time:start:028c097d[0K$ rvm use 2.1.5 --install
[32mUsing /home/travis/.rvm/gems/ruby-2.1.5[0m

travis_time:end:028c097d:start=1466190490235943640,finish=1466190490512487168,duration=276543528[0Ktravis_fold:end:before_install.1[0Ktravis_fold:start:before_install.2[0Ktravis_time:start:0ae0d185[0K$ nvm install 0.12.2
v0.12.2 is already installed.
Now using node v0.12.2

travis_time:end:0ae0d185:start=1466190490517137330,finish=1466190490756541132,duration=239403802[0Ktravis_fold:end:before_install.2[0Ktravis_fold:start:before_install.3[0Ktravis_time:start:0b10e83a[0K$ nvm use 0.12.2
Now using node v0.12.2

travis_time:end:0b10e83a:start=1466190490761082629,finish=1466190490816339036,duration=55256407[0Ktravis_fold:end:before_install.3[0Ktravis_fold:start:install[0Ktravis_time:start:05d04ccc[0K$ /bin/bash ./dev-tools/travis/travis-install.sh `pwd`
Python version :   Python 2.7.3
Java HotSpot(TM) 64-Bit Server VM warning: ignoring option MaxPermSize=192m; support was removed in 8.0
Maven version  :   Apache Maven 3.2.5 (12a6b3acb947671f09b81f49094c53f426d8cea1; 2014-12-14T17:29:23+00:00) Maven home: /usr/local/maven Java version: 1.8.0_31, vendor: Oracle Corporation Java home: /usr/lib/jvm/java-8-oracle/jre Default locale: en_US, platform encoding: UTF-8 OS name: "linux", version: "3.13.0-40-generic", arch: "amd64", family: "unix"
['mvn', 'clean', 'install', '-DskipTests', '-Pnative', '--batch-mode'] writing to install.txt
1 seconds 2 log lines12 seconds 89 log lines22 seconds 227 log lines60 seconds 323 log lines70 seconds 330 log lines81 seconds 407 log lines102 seconds 651 log lines112 seconds 815 log lines128 seconds 873 log lines139 seconds 923 log lines149 seconds 999 log lines159 seconds 1321 log lines169 seconds 1616 log lines180 seconds 1744 log lines190 seconds 2140 log lines204 seconds 2235 log lines214 seconds 2496 log lines218 seconds 2612 log lines
['mvn', 'clean', 'install', '-DskipTests', '-Pnative', '--batch-mode'] done 0

travis_time:end:05d04ccc:start=1466190490820432941,finish=1466190709271519963,duration=218451087022[0Ktravis_fold:end:install[0Ktravis_time:start:28b6f724[0K$ /bin/bash ./dev-tools/travis/travis-script.sh `pwd` $MODULES
Python version :   Python 2.7.3
Ruby version   :   ruby 2.1.5p273 (2014-11-13 revision 48405) [x86_64-linux]
NodeJs version :   v0.12.2
Java HotSpot(TM) 64-Bit Server VM warning: ignoring option MaxPermSize=192m; support was removed in 8.0
Maven version  :   Apache Maven 3.2.5 (12a6b3acb947671f09b81f49094c53f426d8cea1; 2014-12-14T17:29:23+00:00) Maven home: /usr/local/maven Java version: 1.8.0_31, vendor: Oracle Corporation Java home: /usr/lib/jvm/java-8-oracle/jre Default locale: en_US, platform encoding: UTF-8 OS name: "linux", version: "3.13.0-40-generic", arch: "amd64", family: "unix"
Java HotSpot(TM) 64-Bit Server VM warning: ignoring option MaxPermSize=192m; support was removed in 8.0
[INFO] Scanning for projects...
[INFO]                                                                         
[INFO] ------------------------------------------------------------------------
[INFO] Building Storm Core 2.0.0-SNAPSHOT
[INFO] ------------------------------------------------------------------------
[INFO] 
[INFO] --- exec-maven-plugin:1.2.1:exec (default) @ storm-core ---
[INFO] 
[INFO] --- maven-remote-resources-plugin:1.2.1:process (default) @ storm-core ---
[INFO] 
[INFO] --- storm-maven-plugins:2.0.0-SNAPSHOT:version-info (version-info) @ storm-core ---
[WARNING] [svn, info] failed with error code 1
[INFO] SCM: GIT
[INFO] Computed MD5: 241c134e26cc7565f4d7a9de7552dfc
[INFO] 
[INFO] --- maven-resources-plugin:2.5:resources (default-resources) @ storm-core ---
[debug] execute contextualize
[INFO] Using 'UTF-8' encoding to copy filtered resources.
[INFO] Copying 9 resources
[INFO] Copying 1 resource to META-INF
[INFO] Copying 0 resource
[INFO] Copying 1 resource
[INFO] Copying 3 resources
[INFO] 
[INFO] --- maven-compiler-plugin:3.1:compile (default-compile) @ storm-core ---
[INFO] Nothing to compile - all classes are up to date
[INFO] 
[INFO] --- clojure-maven-plugin:1.7.1:compile (compile-clojure) @ storm-core ---
Compiling org.apache.storm.trident.testing to /home/travis/build/apache/storm/storm-core/target/classes
19:12:17.782 [main] WARN  o.a.s.m.StormMetricsRegistry - Metric ui:num-topology-op-response-http-requests has already been registered
19:12:17.796 [main] WARN  o.a.s.m.StormMetricsRegistry - Metric ui:num-topology-op-response-http-requests has already been registered
Compiling org.apache.storm.command.get-errors to /home/travis/build/apache/storm/storm-core/target/classes
Compiling org.apache.storm.command.blobstore to /home/travis/build/apache/storm/storm-core/target/classes
Compiling org.apache.storm.daemon.drpc to /home/travis/build/apache/storm/storm-core/target/classes
Compiling org.apache.storm.testing4j to /home/travis/build/apache/storm/storm-core/target/classes
Compiling org.apache.storm.metric.testing to /home/travis/build/apache/storm/storm-core/target/classes
Compiling org.apache.storm.ui.core to /home/travis/build/apache/storm/storm-core/target/classes
Compiling org.apache.storm.ui.helpers to /home/travis/build/apache/storm/storm-core/target/classes
Compiling org.apache.storm.testing to /home/travis/build/apache/storm/storm-core/target/classes
Compiling org.apache.storm.command.heartbeats to /home/travis/build/apache/storm/storm-core/target/classes
Compiling org.apache.storm.log to /home/travis/build/apache/storm/storm-core/target/classes
Compiling org.apache.storm.daemon.common to /home/travis/build/apache/storm/storm-core/target/classes
Compiling org.apache.storm.util to /home/travis/build/apache/storm/storm-core/target/classes
Compiling org.apache.storm.scheduler.IsolationScheduler to /home/travis/build/apache/storm/storm-core/target/classes
Compiling org.apache.storm.config to /home/travis/build/apache/storm/storm-core/target/classes
Compiling org.apache.storm.LocalCluster to /home/travis/build/apache/storm/storm-core/target/classes
Compiling org.apache.storm.internal.clojure to /home/travis/build/apache/storm/storm-core/target/classes
Compiling org.apache.storm.daemon.logviewer to /home/travis/build/apache/storm/storm-core/target/classes
Compiling org.apache.storm.blobstore to /home/travis/build/apache/storm/storm-core/target/classes
Compiling org.apache.storm.daemon.local-supervisor to /home/travis/build/apache/storm/storm-core/target/classes
Compiling org.apache.storm.daemon.executor to /home/travis/build/apache/storm/storm-core/target/classes
Compiling org.apache.storm.converter to /home/travis/build/apache/storm/storm-core/target/classes
Compiling org.apache.storm.daemon.nimbus to /home/travis/build/apache/storm/storm-core/target/classes
Compiling org.apache.storm.internal.thrift to /home/travis/build/apache/storm/storm-core/target/classes
Compiling org.apache.storm.local-state-converter to /home/travis/build/apache/storm/storm-core/target/classes
Compiling org.apache.storm.command.shell-submission to /home/travis/build/apache/storm/storm-core/target/classes
Compiling org.apache.storm.daemon.worker to /home/travis/build/apache/storm/storm-core/target/classes
[INFO] 
[INFO] --- make-maven-plugin:1.0-beta-1:autoreconf (compile) @ storm-core ---
[INFO] 
[INFO] --- make-maven-plugin:1.0-beta-1:configure (compile) @ storm-core ---
[INFO] /bin/sh: 14: /home/travis/.jdk_switcher_rc: [[: not found
[INFO] /bin/sh: 22: /home/travis/.jdk_switcher_rc: [[: not found
[INFO] /bin/sh: 32: /home/travis/.jdk_switcher_rc: [[: not found
[INFO] /bin/sh: 42: /home/travis/.jdk_switcher_rc: [[: not found
[INFO] /bin/sh: 3: /etc/profile.d/rvm.sh: [[: not found
[INFO] checking for gcc... gcc
[INFO] checking whether the C compiler works... yes
[INFO] checking for C compiler default output file name... a.out
[INFO] checking for suffix of executables... 
[INFO] checking whether we are cross compiling... no
[INFO] checking for suffix of object files... o
[INFO] checking whether we are using the GNU C compiler... yes
[INFO] checking whether gcc accepts -g... yes
[INFO] checking for gcc option to accept ISO C89... none needed
[INFO] checking how to run the C preprocessor... gcc -E
[INFO] checking for grep that handles long lines and -e... /bin/grep
[INFO] checking for egrep... /bin/grep -E
[INFO] checking for ANSI C header files... yes
[INFO] checking for sys/types.h... yes
[INFO] checking for sys/stat.h... yes
[INFO] checking for stdlib.h... yes
[INFO] checking for string.h... yes
[INFO] checking for memory.h... yes
[INFO] checking for strings.h... yes
[INFO] checking for inttypes.h... yes
[INFO] checking for stdint.h... yes
[INFO] checking for unistd.h... yes
[INFO] checking minix/config.h usability... no
[INFO] checking minix/config.h presence... no
[INFO] checking for minix/config.h... no
[INFO] checking whether it is safe to define __EXTENSIONS__... yes
[INFO] checking for a BSD-compatible install... /usr/bin/install -c
[INFO] checking whether build environment is sane... yes
[INFO] checking for a thread-safe mkdir -p... /bin/mkdir -p
[INFO] checking for gawk... gawk
[INFO] checking whether make sets $(MAKE)... yes
[INFO] checking for style of include used by make... GNU
[INFO] checking dependency style of gcc... gcc3
[INFO] checking for gcc... (cached) gcc
[INFO] checking whether we are using the GNU C compiler... (cached) yes
[INFO] checking whether gcc accepts -g... (cached) yes
[INFO] checking for gcc option to accept ISO C89... (cached) none needed
[INFO] checking whether gcc and cc understand -c and -o together... yes
[INFO] checking for unistd.h... (cached) yes
[INFO] checking for stdbool.h that conforms to C99... yes
[INFO] checking for _Bool... yes
[INFO] checking for an ANSI C-conforming const... yes
[INFO] checking for off_t... yes
[INFO] checking for size_t... yes
[INFO] checking whether strerror_r is declared... yes
[INFO] checking for strerror_r... yes
[INFO] checking whether strerror_r returns char *... yes
[INFO] checking for mkdir... yes
[INFO] checking for uname... yes
[INFO] configure: creating ./config.status
[INFO] config.status: creating Makefile
[INFO] config.status: executing depfiles commands
[INFO] 
[INFO] --- make-maven-plugin:1.0-beta-1:make-install (compile) @ storm-core ---
[INFO] /bin/sh: 14: /home/travis/.jdk_switcher_rc: [[: not found
[INFO] /bin/sh: 22: /home/travis/.jdk_switcher_rc: [[: not found
[INFO] /bin/sh: 32: /home/travis/.jdk_switcher_rc: [[: not found
[INFO] /bin/sh: 42: /home/travis/.jdk_switcher_rc: [[: not found
[INFO] /bin/sh: 3: /etc/profile.d/rvm.sh: [[: not found
[INFO] make[1]: Entering directory `/home/travis/build/apache/storm/storm-core/target/native/worker-launcher'
[INFO] test -z "/usr/local/bin" || /bin/mkdir -p "/home/travis/build/apache/storm/storm-core/target/native/target/usr/local/bin"
[INFO]   /usr/bin/install -c worker-launcher '/home/travis/build/apache/storm/storm-core/target/native/target/usr/local/bin'
[INFO] make[1]: Nothing to be done for `install-data-am'.
[INFO] make[1]: Leaving directory `/home/travis/build/apache/storm/storm-core/target/native/worker-launcher'
[INFO] 
[INFO] --- maven-resources-plugin:2.5:testResources (default-testResources) @ storm-core ---
[debug] execute contextualize
[INFO] Using 'UTF-8' encoding to copy filtered resources.
[INFO] Copying 14 resources
[INFO] Copying 2 resources
[INFO] Copying 3 resources
[INFO] 
[INFO] --- maven-dependency-plugin:2.8:unpack (unpack) @ storm-core ---
[INFO] Configured Artifact: org.apache.storm:multilang-ruby:2.0.0-SNAPSHOT:jar
[INFO] Downloading: https://repository.apache.org/snapshots/org/apache/storm/multilang-ruby/2.0.0-SNAPSHOT/maven-metadata.xml
[INFO] Configured Artifact: org.apache.storm:multilang-python:2.0.0-SNAPSHOT:jar
[INFO] Downloading: https://repository.apache.org/snapshots/org/apache/storm/multilang-python/2.0.0-SNAPSHOT/maven-metadata.xml
[INFO] Configured Artifact: org.apache.storm:multilang-javascript:2.0.0-SNAPSHOT:jar
[INFO] Downloading: https://repository.apache.org/snapshots/org/apache/storm/multilang-javascript/2.0.0-SNAPSHOT/maven-metadata.xml
[INFO] multilang-ruby-2.0.0-SNAPSHOT.jar already unpacked.
[INFO] multilang-python-2.0.0-SNAPSHOT.jar already unpacked.
[INFO] multilang-javascript-2.0.0-SNAPSHOT.jar already unpacked.
[INFO] 
[INFO] --- maven-compiler-plugin:3.1:testCompile (default-testCompile) @ storm-core ---
[INFO] Changes detected - recompiling the module!
[INFO] Compiling 52 source files to /home/travis/build/apache/storm/storm-core/target/test-classes
[WARNING] /home/travis/build/apache/storm/storm-core/test/jvm/org/apache/storm/localizer/LocalizerTest.java: Some input files use or override a deprecated API.
[WARNING] /home/travis/build/apache/storm/storm-core/test/jvm/org/apache/storm/localizer/LocalizerTest.java: Recompile with -Xlint:deprecation for details.
[WARNING] /home/travis/build/apache/storm/storm-core/test/jvm/org/apache/storm/spout/CheckpointSpoutTest.java: Some input files use unchecked or unsafe operations.
[WARNING] /home/travis/build/apache/storm/storm-core/test/jvm/org/apache/storm/spout/CheckpointSpoutTest.java: Recompile with -Xlint:unchecked for details.
[INFO] 
[INFO] --- maven-surefire-plugin:2.18.1:test (default-test) @ storm-core ---
[INFO] Surefire report directory: /home/travis/build/apache/storm/storm-core/target/surefire-reports
[INFO] parallel='none', perCoreThreadCount=true, threadCount=0, useUnlimitedThreads=false, threadCountSuites=0, threadCountClasses=0, threadCountMethods=0, parallelOptimized=true

-------------------------------------------------------
 T E S T S
-------------------------------------------------------
Running org.apache.storm.spout.CheckpointSpoutTest
Tests run: 7, Failures: 0, Errors: 0, Skipped: 0, Time elapsed: 0.741 sec - in org.apache.storm.spout.CheckpointSpoutTest
Running org.apache.storm.utils.TimeTest
Tests run: 8, Failures: 0, Errors: 0, Skipped: 0, Time elapsed: 0.013 sec - in org.apache.storm.utils.TimeTest
Running org.apache.storm.utils.WorkerBackpressureThreadTest
Tests run: 1, Failures: 0, Errors: 0, Skipped: 0, Time elapsed: 0.206 sec - in org.apache.storm.utils.WorkerBackpressureThreadTest
Running org.apache.storm.utils.DisruptorQueueTest
Tests run: 3, Failures: 0, Errors: 0, Skipped: 0, Time elapsed: 3.267 sec - in org.apache.storm.utils.DisruptorQueueTest
Running org.apache.storm.utils.UtilsTest
Tests run: 8, Failures: 0, Errors: 0, Skipped: 0, Time elapsed: 0.274 sec - in org.apache.storm.utils.UtilsTest
Running org.apache.storm.utils.DisruptorQueueBackpressureTest
Tests run: 1, Failures: 0, Errors: 0, Skipped: 0, Time elapsed: 0 sec - in org.apache.storm.utils.DisruptorQueueBackpressureTest
Running org.apache.storm.utils.ThriftTopologyUtilsTest
Tests run: 5, Failures: 0, Errors: 0, Skipped: 0, Time elapsed: 0.067 sec - in org.apache.storm.utils.ThriftTopologyUtilsTest
Running org.apache.storm.utils.ShellBoltMessageQueueTest
Tests run: 3, Failures: 0, Errors: 0, Skipped: 0, Time elapsed: 2.332 sec - in org.apache.storm.utils.ShellBoltMessageQueueTest
Running org.apache.storm.utils.StormBoundedExponentialBackoffRetryTest
Tests run: 5, Failures: 0, Errors: 0, Skipped: 0, Time elapsed: 2.454 sec - in org.apache.storm.utils.StormBoundedExponentialBackoffRetryTest
Running org.apache.storm.command.TestCLI
Tests run: 1, Failures: 0, Errors: 0, Skipped: 0, Time elapsed: 0.605 sec - in org.apache.storm.command.TestCLI
Running org.apache.storm.command.RebalanceTest
Tests run: 2, Failures: 0, Errors: 0, Skipped: 0, Time elapsed: 0.502 sec - in org.apache.storm.command.RebalanceTest
Running org.apache.storm.command.SetLogLevelTest
Tests run: 3, Failures: 0, Errors: 0, Skipped: 0, Time elapsed: 0.173 sec - in org.apache.storm.command.SetLogLevelTest
Running org.apache.storm.serialization.ThriftBridgeSerializationDelegateTest
Tests run: 1, Failures: 0, Errors: 0, Skipped: 0, Time elapsed: 0.127 sec - in org.apache.storm.serialization.ThriftBridgeSerializationDelegateTest
Running org.apache.storm.serialization.GzipBridgeSerializationDelegateTest
Tests run: 3, Failures: 0, Errors: 0, Skipped: 0, Time elapsed: 1.021 sec - in org.apache.storm.serialization.GzipBridgeSerializationDelegateTest
Running org.apache.storm.serialization.GzipBridgeThriftSerializationDelegateTest
Tests run: 3, Failures: 0, Errors: 0, Skipped: 0, Time elapsed: 0.134 sec - in org.apache.storm.serialization.GzipBridgeThriftSerializationDelegateTest
Running org.apache.storm.serialization.SerializationTest
Tests run: 3, Failures: 0, Errors: 0, Skipped: 0, Time elapsed: 28.943 sec - in org.apache.storm.serialization.SerializationTest
Running org.apache.storm.trident.TridentWindowingTest
Tests run: 3, Failures: 0, Errors: 0, Skipped: 0, Time elapsed: 0.04 sec - in org.apache.storm.trident.TridentWindowingTest
Running org.apache.storm.trident.TestTridentTopology
Tests run: 1, Failures: 0, Errors: 1, Skipped: 0, Time elapsed: 3.456 sec <<< FAILURE! - in org.apache.storm.trident.TestTridentTopology
testGenBoltId(org.apache.storm.trident.TestTridentTopology)  Time elapsed: 3.453 sec  <<< ERROR!
java.lang.NullPointerException: null
	at org.apache.storm.trident.graph.Group.hashCode(Group.java:135)
	at java.util.HashMap.hash(HashMap.java:338)
	at java.util.HashMap.put(HashMap.java:611)
	at java.util.HashSet.add(HashSet.java:219)
	at org.apache.storm.trident.TridentTopology.build(TridentTopology.java:316)
	at org.apache.storm.trident.TestTridentTopology.buildTopology(TestTridentTopology.java:59)
	at org.apache.storm.trident.TestTridentTopology.testGenBoltId(TestTridentTopology.java:66)

Running org.apache.storm.metric.internal.LatencyStatAndMetricTest
Tests run: 1, Failures: 0, Errors: 0, Skipped: 0, Time elapsed: 0.074 sec - in org.apache.storm.metric.internal.LatencyStatAndMetricTest
Running org.apache.storm.metric.internal.CountStatAndMetricTest
Tests run: 1, Failures: 0, Errors: 0, Skipped: 0, Time elapsed: 0.044 sec - in org.apache.storm.metric.internal.CountStatAndMetricTest
Running org.apache.storm.metric.internal.RateTrackerTest
Tests run: 4, Failures: 0, Errors: 0, Skipped: 0, Time elapsed: 0.016 sec - in org.apache.storm.metric.internal.RateTrackerTest
Running org.apache.storm.metric.filter.FilterByMetricNameTest
Tests run: 4, Failures: 0, Errors: 0, Skipped: 0, Time elapsed: 0.062 sec - in org.apache.storm.metric.filter.FilterByMetricNameTest
Running org.apache.storm.windowing.WaterMarkEventGeneratorTest
Tests run: 5, Failures: 0, Errors: 0, Skipped: 0, Time elapsed: 0.098 sec - in org.apache.storm.windowing.WaterMarkEventGeneratorTest
Running org.apache.storm.windowing.WindowManagerTest
Tests run: 10, Failures: 0, Errors: 0, Skipped: 0, Time elapsed: 0.506 sec - in org.apache.storm.windowing.WindowManagerTest
Running org.apache.storm.topology.StatefulBoltExecutorTest
Tests run: 7, Failures: 0, Errors: 0, Skipped: 0, Time elapsed: 0.223 sec - in org.apache.storm.topology.StatefulBoltExecutorTest
Running org.apache.storm.topology.StatefulWindowedBoltExecutorTest
Tests run: 4, Failures: 0, Errors: 0, Skipped: 0, Time elapsed: 0.055 sec - in org.apache.storm.topology.StatefulWindowedBoltExecutorTest
Running org.apache.storm.topology.TopologyBuilderTest
Tests run: 5, Failures: 0, Errors: 0, Skipped: 0, Time elapsed: 0.154 sec - in org.apache.storm.topology.TopologyBuilderTest
Running org.apache.storm.topology.WindowedBoltExecutorTest
Tests run: 5, Failures: 0, Errors: 0, Skipped: 0, Time elapsed: 0.132 sec - in org.apache.storm.topology.WindowedBoltExecutorTest
Running org.apache.storm.localizer.LocalizerTest
Tests run: 13, Failures: 0, Errors: 0, Skipped: 0, Time elapsed: 5.946 sec - in org.apache.storm.localizer.LocalizerTest
Running org.apache.storm.localizer.LocalizedResourceRetentionSetTest
Tests run: 2, Failures: 0, Errors: 0, Skipped: 0, Time elapsed: 0.043 sec - in org.apache.storm.localizer.LocalizedResourceRetentionSetTest
Running org.apache.storm.localizer.LocalizedResourceSetTest
Tests run: 4, Failures: 0, Errors: 0, Skipped: 0, Time elapsed: 0.006 sec - in org.apache.storm.localizer.LocalizedResourceSetTest
Running org.apache.storm.blobstore.BlobStoreTest
Tests run: 4, Failures: 0, Errors: 0, Skipped: 0, Time elapsed: 9.766 sec - in org.apache.storm.blobstore.BlobStoreTest
Running org.apache.storm.blobstore.BlobSynchronizerTest
Tests run: 4, Failures: 0, Errors: 0, Skipped: 0, Time elapsed: 7.788 sec - in org.apache.storm.blobstore.BlobSynchronizerTest
Running org.apache.storm.blobstore.ClientBlobStoreTest
Tests run: 4, Failures: 0, Errors: 0, Skipped: 0, Time elapsed: 0.004 sec - in org.apache.storm.blobstore.ClientBlobStoreTest
Running org.apache.storm.cluster.StormClusterStateImplTest
Tests run: 5, Failures: 0, Errors: 0, Skipped: 0, Time elapsed: 0.545 sec - in org.apache.storm.cluster.StormClusterStateImplTest
Running org.apache.storm.scheduler.resource.strategies.scheduling.TestDefaultResourceAwareStrategy
Tests run: 2, Failures: 0, Errors: 0, Skipped: 0, Time elapsed: 2.778 sec - in org.apache.storm.scheduler.resource.strategies.scheduling.TestDefaultResourceAwareStrategy
Running org.apache.storm.scheduler.resource.TestResourceAwareScheduler
Tests run: 14, Failures: 0, Errors: 0, Skipped: 0, Time elapsed: 23.128 sec - in org.apache.storm.scheduler.resource.TestResourceAwareScheduler
Running org.apache.storm.scheduler.resource.TestUser
Tests run: 3, Failures: 0, Errors: 0, Skipped: 0, Time elapsed: 7.53 sec - in org.apache.storm.scheduler.resource.TestUser
Running org.apache.storm.nimbus.LocalNimbusTest
Tests run: 1, Failures: 0, Errors: 0, Skipped: 0, Time elapsed: 40.285 sec - in org.apache.storm.nimbus.LocalNimbusTest
Running org.apache.storm.grouping.PartialKeyGroupingTest
Tests run: 2, Failures: 0, Errors: 0, Skipped: 0, Time elapsed: 0.657 sec - in org.apache.storm.grouping.PartialKeyGroupingTest
Running org.apache.storm.state.InMemoryKeyValueStateTest
Tests run: 2, Failures: 0, Errors: 0, Skipped: 0, Time elapsed: 0.008 sec - in org.apache.storm.state.InMemoryKeyValueStateTest
Running org.apache.storm.TestConfigValidate
Tests run: 25, Failures: 0, Errors: 0, Skipped: 0, Time elapsed: 1.862 sec - in org.apache.storm.TestConfigValidate
Running org.apache.storm.PacemakerTest
Tests run: 9, Failures: 0, Errors: 0, Skipped: 0, Time elapsed: 7.159 sec - in org.apache.storm.PacemakerTest
Running org.apache.storm.PaceMakerStateStorageFactoryTest
Tests run: 10, Failures: 0, Errors: 0, Skipped: 0, Time elapsed: 0.047 sec - in org.apache.storm.PaceMakerStateStorageFactoryTest
Running org.apache.storm.TestCgroups
Tests run: 1, Failures: 0, Errors: 0, Skipped: 1, Time elapsed: 0.002 sec - in org.apache.storm.TestCgroups

Results :

Tests in error: 
  TestTridentTopology.testGenBoltId:66->buildTopology:59 Â» NullPointer

Tests run: 212, Failures: 0, Errors: 1, Skipped: 1

[INFO] ------------------------------------------------------------------------
[INFO] BUILD FAILURE
[INFO] ------------------------------------------------------------------------
[INFO] Total time: 03:34 min
[INFO] Finished at: 2016-06-17T19:15:25+00:00
[INFO] Final Memory: 45M/304M
[INFO] ------------------------------------------------------------------------
[ERROR] Failed to execute goal org.apache.maven.plugins:maven-surefire-plugin:2.18.1:test (default-test) on project storm-core: There are test failures.
[ERROR] 
[ERROR] Please refer to /home/travis/build/apache/storm/storm-core/target/surefire-reports for the individual test results.
[ERROR] -> [Help 1]
[ERROR] 
[ERROR] To see the full stack trace of the errors, re-run Maven with the -e switch.
[ERROR] Re-run Maven using the -X switch to enable full debug logging.
[ERROR] 
[ERROR] For more information about the errors and possible solutions, please read the following articles:
[ERROR] [Help 1] http://cwiki.apache.org/confluence/display/MAVEN/MojoFailureException
Looking for errors in ./storm-core/target/surefire-reports
Checking ./storm-core/target/surefire-reports/TEST-org.apache.storm.spout.CheckpointSpoutTest.xml
Checking ./storm-core/target/surefire-reports/TEST-org.apache.storm.utils.TimeTest.xml
Checking ./storm-core/target/surefire-reports/TEST-org.apache.storm.utils.WorkerBackpressureThreadTest.xml
Checking ./storm-core/target/surefire-reports/TEST-org.apache.storm.utils.DisruptorQueueTest.xml
Checking ./storm-core/target/surefire-reports/TEST-org.apache.storm.utils.UtilsTest.xml
Checking ./storm-core/target/surefire-reports/TEST-org.apache.storm.utils.DisruptorQueueBackpressureTest.xml
Checking ./storm-core/target/surefire-reports/TEST-org.apache.storm.utils.ThriftTopologyUtilsTest.xml
Checking ./storm-core/target/surefire-reports/TEST-org.apache.storm.utils.ShellBoltMessageQueueTest.xml
Checking ./storm-core/target/surefire-reports/TEST-org.apache.storm.utils.StormBoundedExponentialBackoffRetryTest.xml
Checking ./storm-core/target/surefire-reports/TEST-org.apache.storm.command.TestCLI.xml
Checking ./storm-core/target/surefire-reports/TEST-org.apache.storm.command.RebalanceTest.xml
Checking ./storm-core/target/surefire-reports/TEST-org.apache.storm.command.SetLogLevelTest.xml
Checking ./storm-core/target/surefire-reports/TEST-org.apache.storm.serialization.ThriftBridgeSerializationDelegateTest.xml
Checking ./storm-core/target/surefire-reports/TEST-org.apache.storm.serialization.GzipBridgeSerializationDelegateTest.xml
Checking ./storm-core/target/surefire-reports/TEST-org.apache.storm.serialization.GzipBridgeThriftSerializationDelegateTest.xml
Checking ./storm-core/target/surefire-reports/TEST-org.apache.storm.serialization.SerializationTest.xml
Checking ./storm-core/target/surefire-reports/TEST-org.apache.storm.trident.TridentWindowingTest.xml
Checking ./storm-core/target/surefire-reports/TEST-org.apache.storm.trident.TestTridentTopology.xml
--------------------------------------------------
classname: org.apache.storm.trident.TestTridentTopology / testname: testGenBoltId
java.lang.NullPointerException: null
	at org.apache.storm.trident.graph.Group.hashCode(Group.java:135)
	at java.util.HashMap.hash(HashMap.java:338)
	at java.util.HashMap.put(HashMap.java:611)
	at java.util.HashSet.add(HashSet.java:219)
	at org.apache.storm.trident.TridentTopology.build(TridentTopology.java:316)
	at org.apache.storm.trident.TestTridentTopology.buildTopology(TestTridentTopology.java:59)
	at org.apache.storm.trident.TestTridentTopology.testGenBoltId(TestTridentTopology.java:66)

--------------------------------------------------
Checking ./storm-core/target/surefire-reports/TEST-org.apache.storm.metric.internal.LatencyStatAndMetricTest.xml
Checking ./storm-core/target/surefire-reports/TEST-org.apache.storm.metric.internal.CountStatAndMetricTest.xml
Checking ./storm-core/target/surefire-reports/TEST-org.apache.storm.metric.internal.RateTrackerTest.xml
Checking ./storm-core/target/surefire-reports/TEST-org.apache.storm.metric.filter.FilterByMetricNameTest.xml
Checking ./storm-core/target/surefire-reports/TEST-org.apache.storm.windowing.WaterMarkEventGeneratorTest.xml
Checking ./storm-core/target/surefire-reports/TEST-org.apache.storm.windowing.WindowManagerTest.xml
Checking ./storm-core/target/surefire-reports/TEST-org.apache.storm.topology.StatefulBoltExecutorTest.xml
Checking ./storm-core/target/surefire-reports/TEST-org.apache.storm.topology.StatefulWindowedBoltExecutorTest.xml
Checking ./storm-core/target/surefire-reports/TEST-org.apache.storm.topology.TopologyBuilderTest.xml
Checking ./storm-core/target/surefire-reports/TEST-org.apache.storm.topology.WindowedBoltExecutorTest.xml
Checking ./storm-core/target/surefire-reports/TEST-org.apache.storm.localizer.LocalizerTest.xml
Checking ./storm-core/target/surefire-reports/TEST-org.apache.storm.localizer.LocalizedResourceRetentionSetTest.xml
Checking ./storm-core/target/surefire-reports/TEST-org.apache.storm.localizer.LocalizedResourceSetTest.xml
Checking ./storm-core/target/surefire-reports/TEST-org.apache.storm.blobstore.BlobStoreTest.xml
Checking ./storm-core/target/surefire-reports/TEST-org.apache.storm.blobstore.BlobSynchronizerTest.xml
Checking ./storm-core/target/surefire-reports/TEST-org.apache.storm.blobstore.ClientBlobStoreTest.xml
Checking ./storm-core/target/surefire-reports/TEST-org.apache.storm.cluster.StormClusterStateImplTest.xml
Checking ./storm-core/target/surefire-reports/TEST-org.apache.storm.scheduler.resource.strategies.scheduling.TestDefaultResourceAwareStrategy.xml
Checking ./storm-core/target/surefire-reports/TEST-org.apache.storm.scheduler.resource.TestResourceAwareScheduler.xml
Checking ./storm-core/target/surefire-reports/TEST-org.apache.storm.scheduler.resource.TestUser.xml
Checking ./storm-core/target/surefire-reports/TEST-org.apache.storm.nimbus.LocalNimbusTest.xml
Checking ./storm-core/target/surefire-reports/TEST-org.apache.storm.grouping.PartialKeyGroupingTest.xml
Checking ./storm-core/target/surefire-reports/TEST-org.apache.storm.state.InMemoryKeyValueStateTest.xml
Checking ./storm-core/target/surefire-reports/TEST-org.apache.storm.TestConfigValidate.xml
Checking ./storm-core/target/surefire-reports/TEST-org.apache.storm.PacemakerTest.xml
Checking ./storm-core/target/surefire-reports/TEST-org.apache.storm.PaceMakerStateStorageFactoryTest.xml
Checking ./storm-core/target/surefire-reports/TEST-org.apache.storm.TestCgroups.xml

travis_time:end:28b6f724:start=1466190709275558246,finish=1466190927388650006,duration=218113091760[0K
[31;1mThe command "/bin/bash ./dev-tools/travis/travis-script.sh `pwd` $MODULES" exited with 1.[0m
travis_fold:start:cache.2[0Kstore build cache
travis_time:start:1c783b0b[0K
travis_time:end:1c783b0b:start=1466190927393314852,finish=1466190927396833515,duration=3518663[0Ktravis_time:start:0025faac[0K[32;1mchange detected (content changed, file is created, or file is deleted):
/home/travis/.m2/repository/eigenbase/eigenbase-properties/1.1.4/eigenbase-properties-1.1.4.pom.lastUpdated
/home/travis/.m2/repository/io/confluent/kafka-avro-serializer/1.0/kafka-avro-serializer-1.0.pom.lastUpdated
/home/travis/.m2/repository/io/confluent/kafka-schema-registry-client/1.0/kafka-schema-registry-client-1.0.pom.lastUpdated
/home/travis/.m2/repository/net/hydromatic/linq4j/0.4/linq4j-0.4.pom.lastUpdated
/home/travis/.m2/repository/net/hydromatic/quidem/0.1.1/quidem-0.1.1.pom.lastUpdated
/home/travis/.m2/repository/org/apache/storm/flux/2.0.0-SNAPSHOT/maven-metadata-local.xml
/home/travis/.m2/repository/org/apache/storm/flux/2.0.0-SNAPSHOT/_remote.repositories
/home/travis/.m2/repository/org/apache/storm/flux-core/2.0.0-SNAPSHOT/flux-core-2.0.0-SNAPSHOT.jar
/home/travis/.m2/repository/org/apache/storm/flux-core/2.0.0-SNAPSHOT/maven-metadata-local.xml
/home/travis/.m2/repository/org/apache/storm/flux-core/2.0.0-SNAPSHOT/_remote.repositories
/home/travis/.m2/repository/org/ap
[0m
[32;1m...
[0m
[32;1mchanges detected, packing new archive[0m
.
.
.
.
.
.
.
.
[32;1muploading archive[0m

travis_time:end:0025faac:start=1466190927400934799,finish=1466190994784953008,duration=67384018209[0Ktravis_fold:end:cache.2[0K
Done. Your build exited with 1.
