Using worker: worker-linux-docker-73e0418b.prod.travis-ci.org:travis-linux-9

travis_fold:start:system_info[0K[33;1mBuild system information[0m
Build language: java
Build group: stable
Build dist: precise
[34m[1mBuild image provisioning date and time[0m
Thu Feb  5 15:09:33 UTC 2015
[34m[1mOperating System Details[0m
Distributor ID:	Ubuntu
Description:	Ubuntu 12.04.5 LTS
Release:	12.04
Codename:	precise
[34m[1mLinux Version[0m
3.13.0-29-generic
[34m[1mCookbooks Version[0m
a68419e https://github.com/travis-ci/travis-cookbooks/tree/a68419e
[34m[1mGCC version[0m
gcc (Ubuntu/Linaro 4.6.3-1ubuntu5) 4.6.3
Copyright (C) 2011 Free Software Foundation, Inc.
This is free software; see the source for copying conditions.  There is NO
warranty; not even for MERCHANTABILITY or FITNESS FOR A PARTICULAR PURPOSE.

[34m[1mLLVM version[0m
clang version 3.4 (tags/RELEASE_34/final)
Target: x86_64-unknown-linux-gnu
Thread model: posix
[34m[1mPre-installed Ruby versions[0m
ruby-1.9.3-p551
[34m[1mPre-installed Node.js versions[0m
v0.10.36
[34m[1mPre-installed Go versions[0m
1.4.1
[34m[1mRedis version[0m
redis-server 2.8.19
[34m[1mriak version[0m
2.0.2
[34m[1mMongoDB version[0m
MongoDB 2.4.12
[34m[1mCouchDB version[0m
couchdb 1.6.1
[34m[1mNeo4j version[0m
1.9.4
[34m[1mRabbitMQ Version[0m
3.4.3
[34m[1mElasticSearch version[0m
1.4.0
[34m[1mInstalled Sphinx versions[0m
2.0.10
2.1.9
2.2.6
[34m[1mDefault Sphinx version[0m
2.2.6
[34m[1mInstalled Firefox version[0m
firefox 31.0esr
[34m[1mPhantomJS version[0m
1.9.8
[34m[1mant -version[0m
Apache Ant(TM) version 1.8.2 compiled on December 3 2011
[34m[1mmvn -version[0m
Apache Maven 3.2.5 (12a6b3acb947671f09b81f49094c53f426d8cea1; 2014-12-14T17:29:23+00:00)
Maven home: /usr/local/maven
Java version: 1.7.0_76, vendor: Oracle Corporation
Java home: /usr/lib/jvm/java-7-oracle/jre
Default locale: en_US, platform encoding: ANSI_X3.4-1968
OS name: "linux", version: "3.13.0-29-generic", arch: "amd64", family: "unix"
travis_fold:end:system_info[0K
travis_fold:start:fix.CVE-2015-7547[0K$ export DEBIAN_FRONTEND=noninteractive
W: Size of file /var/lib/apt/lists/us.archive.ubuntu.com_ubuntu_dists_precise-backports_multiverse_source_Sources.gz is not what the server reported 5886 5888
W: Size of file /var/lib/apt/lists/ppa.launchpad.net_ubuntugis_ppa_ubuntu_dists_precise_main_binary-amd64_Packages.gz is not what the server reported 36669 36677
W: Size of file /var/lib/apt/lists/ppa.launchpad.net_ubuntugis_ppa_ubuntu_dists_precise_main_binary-i386_Packages.gz is not what the server reported 36729 36733
Reading package lists...
Building dependency tree...
Reading state information...
The following extra packages will be installed:
  libc-bin libc-dev-bin libc6-dev
Suggested packages:
  glibc-doc
The following packages will be upgraded:
  libc-bin libc-dev-bin libc6 libc6-dev
4 upgraded, 0 newly installed, 0 to remove and 247 not upgraded.
Need to get 8,840 kB of archives.
After this operation, 14.3 kB disk space will be freed.
Get:1 http://us.archive.ubuntu.com/ubuntu/ precise-updates/main libc6-dev amd64 2.15-0ubuntu10.15 [2,943 kB]
Get:2 http://us.archive.ubuntu.com/ubuntu/ precise-updates/main libc-dev-bin amd64 2.15-0ubuntu10.15 [84.7 kB]
Get:3 http://us.archive.ubuntu.com/ubuntu/ precise-updates/main libc-bin amd64 2.15-0ubuntu10.15 [1,177 kB]
Get:4 http://us.archive.ubuntu.com/ubuntu/ precise-updates/main libc6 amd64 2.15-0ubuntu10.15 [4,636 kB]
Fetched 8,840 kB in 0s (25.6 MB/s)
Preconfiguring packages ...
(Reading database ... (Reading database ... 5%(Reading database ... 10%(Reading database ... 15%(Reading database ... 20%(Reading database ... 25%(Reading database ... 30%(Reading database ... 35%(Reading database ... 40%(Reading database ... 45%(Reading database ... 50%(Reading database ... 55%(Reading database ... 60%(Reading database ... 65%(Reading database ... 70%(Reading database ... 75%(Reading database ... 80%(Reading database ... 85%(Reading database ... 90%(Reading database ... 95%(Reading database ... 100%(Reading database ... 72019 files and directories currently installed.)
Preparing to replace libc6-dev 2.15-0ubuntu10.10 (using .../libc6-dev_2.15-0ubuntu10.15_amd64.deb) ...
Unpacking replacement libc6-dev ...
Preparing to replace libc-dev-bin 2.15-0ubuntu10.10 (using .../libc-dev-bin_2.15-0ubuntu10.15_amd64.deb) ...
Unpacking replacement libc-dev-bin ...
Preparing to replace libc-bin 2.15-0ubuntu10.10 (using .../libc-bin_2.15-0ubuntu10.15_amd64.deb) ...
Unpacking replacement libc-bin ...
Processing triggers for man-db ...
Setting up libc-bin (2.15-0ubuntu10.15) ...
(Reading database ... (Reading database ... 5%(Reading database ... 10%(Reading database ... 15%(Reading database ... 20%(Reading database ... 25%(Reading database ... 30%(Reading database ... 35%(Reading database ... 40%(Reading database ... 45%(Reading database ... 50%(Reading database ... 55%(Reading database ... 60%(Reading database ... 65%(Reading database ... 70%(Reading database ... 75%(Reading database ... 80%(Reading database ... 85%(Reading database ... 90%(Reading database ... 95%(Reading database ... 100%(Reading database ... 72018 files and directories currently installed.)
Preparing to replace libc6 2.15-0ubuntu10.10 (using .../libc6_2.15-0ubuntu10.15_amd64.deb) ...
Unpacking replacement libc6 ...
Setting up libc6 (2.15-0ubuntu10.15) ...
Setting up libc-dev-bin (2.15-0ubuntu10.15) ...
Setting up libc6-dev (2.15-0ubuntu10.15) ...
Processing triggers for libc-bin ...
ldconfig deferred processing now taking place
travis_fold:end:fix.CVE-2015-7547[0Ktravis_fold:start:git.checkout[0Ktravis_time:start:00bac170[0K$ git clone --depth=50 https://github.com/apache/storm.git apache/storm
Cloning into 'apache/storm'...
remote: Counting objects: 17967, done.[K
remote: Compressing objects:   0% (1/7332)   [Kremote: Compressing objects:   1% (74/7332)   [Kremote: Compressing objects:   2% (147/7332)   [Kremote: Compressing objects:   3% (220/7332)   [Kremote: Compressing objects:   4% (294/7332)   [Kremote: Compressing objects:   5% (367/7332)   [Kremote: Compressing objects:   6% (440/7332)   [Kremote: Compressing objects:   7% (514/7332)   [Kremote: Compressing objects:   8% (587/7332)   [Kremote: Compressing objects:   9% (660/7332)   [Kremote: Compressing objects:  10% (734/7332)   [Kremote: Compressing objects:  11% (807/7332)   [Kremote: Compressing objects:  12% (880/7332)   [Kremote: Compressing objects:  13% (954/7332)   [Kremote: Compressing objects:  14% (1027/7332)   [Kremote: Compressing objects:  15% (1100/7332)   [Kremote: Compressing objects:  16% (1174/7332)   [Kremote: Compressing objects:  17% (1247/7332)   [Kremote: Compressing objects:  18% (1320/7332)   [Kremote: Compressing objects:  19% (1394/7332)   [Kremote: Compressing objects:  20% (1467/7332)   [Kremote: Compressing objects:  21% (1540/7332)   [Kremote: Compressing objects:  22% (1614/7332)   [Kremote: Compressing objects:  23% (1687/7332)   [Kremote: Compressing objects:  24% (1760/7332)   [Kremote: Compressing objects:  25% (1833/7332)   [Kremote: Compressing objects:  26% (1907/7332)   [Kremote: Compressing objects:  27% (1980/7332)   [Kremote: Compressing objects:  28% (2053/7332)   [Kremote: Compressing objects:  29% (2127/7332)   [Kremote: Compressing objects:  30% (2200/7332)   [Kremote: Compressing objects:  31% (2273/7332)   [Kremote: Compressing objects:  32% (2347/7332)   [Kremote: Compressing objects:  33% (2420/7332)   [Kremote: Compressing objects:  34% (2493/7332)   [Kremote: Compressing objects:  35% (2567/7332)   [Kremote: Compressing objects:  36% (2640/7332)   [Kremote: Compressing objects:  37% (2713/7332)   [Kremote: Compressing objects:  38% (2787/7332)   [Kremote: Compressing objects:  39% (2860/7332)   [Kremote: Compressing objects:  40% (2933/7332)   [Kremote: Compressing objects:  41% (3007/7332)   [Kremote: Compressing objects:  42% (3080/7332)   [Kremote: Compressing objects:  43% (3153/7332)   [Kremote: Compressing objects:  44% (3227/7332)   [Kremote: Compressing objects:  45% (3300/7332)   [Kremote: Compressing objects:  46% (3373/7332)   [Kremote: Compressing objects:  47% (3447/7332)   [Kremote: Compressing objects:  48% (3520/7332)   [Kremote: Compressing objects:  49% (3593/7332)   [Kremote: Compressing objects:  50% (3666/7332)   [Kremote: Compressing objects:  51% (3740/7332)   [Kremote: Compressing objects:  52% (3813/7332)   [Kremote: Compressing objects:  53% (3886/7332)   [Kremote: Compressing objects:  54% (3960/7332)   [Kremote: Compressing objects:  55% (4033/7332)   [Kremote: Compressing objects:  56% (4106/7332)   [Kremote: Compressing objects:  57% (4180/7332)   [Kremote: Compressing objects:  58% (4253/7332)   [Kremote: Compressing objects:  59% (4326/7332)   [Kremote: Compressing objects:  60% (4400/7332)   [Kremote: Compressing objects:  61% (4473/7332)   [Kremote: Compressing objects:  62% (4546/7332)   [Kremote: Compressing objects:  63% (4620/7332)   [Kremote: Compressing objects:  64% (4693/7332)   [Kremote: Compressing objects:  65% (4766/7332)   [Kremote: Compressing objects:  66% (4840/7332)   [Kremote: Compressing objects:  67% (4913/7332)   [Kremote: Compressing objects:  68% (4986/7332)   [Kremote: Compressing objects:  69% (5060/7332)   [Kremote: Compressing objects:  70% (5133/7332)   [Kremote: Compressing objects:  71% (5206/7332)   [Kremote: Compressing objects:  72% (5280/7332)   [Kremote: Compressing objects:  73% (5353/7332)   [Kremote: Compressing objects:  74% (5426/7332)   [Kremote: Compressing objects:  75% (5499/7332)   [Kremote: Compressing objects:  76% (5573/7332)   [Kremote: Compressing objects:  77% (5646/7332)   [Kremote: Compressing objects:  78% (5719/7332)   [Kremote: Compressing objects:  79% (5793/7332)   [Kremote: Compressing objects:  80% (5866/7332)   [Kremote: Compressing objects:  81% (5939/7332)   [Kremote: Compressing objects:  82% (6013/7332)   [Kremote: Compressing objects:  83% (6086/7332)   [Kremote: Compressing objects:  84% (6159/7332)   [Kremote: Compressing objects:  85% (6233/7332)   [Kremote: Compressing objects:  86% (6306/7332)   [Kremote: Compressing objects:  87% (6379/7332)   [Kremote: Compressing objects:  88% (6453/7332)   [Kremote: Compressing objects:  89% (6526/7332)   [Kremote: Compressing objects:  90% (6599/7332)   [Kremote: Compressing objects:  91% (6673/7332)   [Kremote: Compressing objects:  92% (6746/7332)   [Kremote: Compressing objects:  93% (6819/7332)   [Kremote: Compressing objects:  94% (6893/7332)   [Kremote: Compressing objects:  95% (6966/7332)   [Kremote: Compressing objects:  96% (7039/7332)   [Kremote: Compressing objects:  97% (7113/7332)   [Kremote: Compressing objects:  98% (7186/7332)   [Kremote: Compressing objects:  99% (7259/7332)   [Kremote: Compressing objects: 100% (7332/7332)   [Kremote: Compressing objects: 100% (7332/7332), done.[K
Receiving objects:   0% (1/17967)   Receiving objects:   1% (180/17967)   Receiving objects:   2% (360/17967)   Receiving objects:   3% (540/17967)   Receiving objects:   4% (719/17967)   Receiving objects:   5% (899/17967)   Receiving objects:   6% (1079/17967)   Receiving objects:   7% (1258/17967)   Receiving objects:   8% (1438/17967)   Receiving objects:   9% (1618/17967)   Receiving objects:  10% (1797/17967)   Receiving objects:  11% (1977/17967)   Receiving objects:  12% (2157/17967)   Receiving objects:  13% (2336/17967)   Receiving objects:  14% (2516/17967)   Receiving objects:  15% (2696/17967)   Receiving objects:  16% (2875/17967)   Receiving objects:  17% (3055/17967)   Receiving objects:  18% (3235/17967)   Receiving objects:  19% (3414/17967)   Receiving objects:  20% (3594/17967)   Receiving objects:  21% (3774/17967)   Receiving objects:  22% (3953/17967)   Receiving objects:  23% (4133/17967)   Receiving objects:  24% (4313/17967)   Receiving objects:  25% (4492/17967)   Receiving objects:  26% (4672/17967)   Receiving objects:  27% (4852/17967)   Receiving objects:  28% (5031/17967)   Receiving objects:  29% (5211/17967), 9.34 MiB | 18.63 MiB/s   Receiving objects:  30% (5391/17967), 9.34 MiB | 18.63 MiB/s   Receiving objects:  31% (5570/17967), 9.34 MiB | 18.63 MiB/s   Receiving objects:  32% (5750/17967), 9.34 MiB | 18.63 MiB/s   Receiving objects:  33% (5930/17967), 9.34 MiB | 18.63 MiB/s   Receiving objects:  34% (6109/17967), 9.34 MiB | 18.63 MiB/s   Receiving objects:  35% (6289/17967), 9.34 MiB | 18.63 MiB/s   Receiving objects:  36% (6469/17967), 9.34 MiB | 18.63 MiB/s   Receiving objects:  37% (6648/17967), 9.34 MiB | 18.63 MiB/s   Receiving objects:  38% (6828/17967), 9.34 MiB | 18.63 MiB/s   Receiving objects:  39% (7008/17967), 9.34 MiB | 18.63 MiB/s   Receiving objects:  40% (7187/17967), 9.34 MiB | 18.63 MiB/s   Receiving objects:  41% (7367/17967), 9.34 MiB | 18.63 MiB/s   Receiving objects:  42% (7547/17967), 9.34 MiB | 18.63 MiB/s   Receiving objects:  43% (7726/17967), 9.34 MiB | 18.63 MiB/s   Receiving objects:  44% (7906/17967), 9.34 MiB | 18.63 MiB/s   Receiving objects:  45% (8086/17967), 9.34 MiB | 18.63 MiB/s   Receiving objects:  46% (8265/17967), 9.34 MiB | 18.63 MiB/s   Receiving objects:  47% (8445/17967), 9.34 MiB | 18.63 MiB/s   Receiving objects:  48% (8625/17967), 9.34 MiB | 18.63 MiB/s   Receiving objects:  49% (8804/17967), 9.34 MiB | 18.63 MiB/s   Receiving objects:  50% (8984/17967), 9.34 MiB | 18.63 MiB/s   Receiving objects:  51% (9164/17967), 9.34 MiB | 18.63 MiB/s   Receiving objects:  52% (9343/17967), 9.34 MiB | 18.63 MiB/s   Receiving objects:  53% (9523/17967), 9.34 MiB | 18.63 MiB/s   Receiving objects:  54% (9703/17967), 9.34 MiB | 18.63 MiB/s   Receiving objects:  55% (9882/17967), 9.34 MiB | 18.63 MiB/s   Receiving objects:  56% (10062/17967), 9.34 MiB | 18.63 MiB/s   Receiving objects:  57% (10242/17967), 9.34 MiB | 18.63 MiB/s   Receiving objects:  58% (10421/17967), 9.34 MiB | 18.63 MiB/s   Receiving objects:  59% (10601/17967), 9.34 MiB | 18.63 MiB/s   Receiving objects:  60% (10781/17967), 9.34 MiB | 18.63 MiB/s   Receiving objects:  61% (10960/17967), 9.34 MiB | 18.63 MiB/s   Receiving objects:  62% (11140/17967), 9.34 MiB | 18.63 MiB/s   Receiving objects:  63% (11320/17967), 9.34 MiB | 18.63 MiB/s   Receiving objects:  64% (11499/17967), 9.34 MiB | 18.63 MiB/s   Receiving objects:  65% (11679/17967), 9.34 MiB | 18.63 MiB/s   Receiving objects:  66% (11859/17967), 9.34 MiB | 18.63 MiB/s   Receiving objects:  67% (12038/17967), 9.34 MiB | 18.63 MiB/s   Receiving objects:  68% (12218/17967), 9.34 MiB | 18.63 MiB/s   Receiving objects:  69% (12398/17967), 9.34 MiB | 18.63 MiB/s   Receiving objects:  70% (12577/17967), 9.34 MiB | 18.63 MiB/s   Receiving objects:  71% (12757/17967), 9.34 MiB | 18.63 MiB/s   Receiving objects:  72% (12937/17967), 9.34 MiB | 18.63 MiB/s   Receiving objects:  73% (13116/17967), 9.34 MiB | 18.63 MiB/s   Receiving objects:  74% (13296/17967), 9.34 MiB | 18.63 MiB/s   Receiving objects:  75% (13476/17967), 9.34 MiB | 18.63 MiB/s   Receiving objects:  76% (13655/17967), 9.34 MiB | 18.63 MiB/s   Receiving objects:  77% (13835/17967), 9.34 MiB | 18.63 MiB/s   Receiving objects:  78% (14015/17967), 9.34 MiB | 18.63 MiB/s   Receiving objects:  79% (14194/17967), 9.34 MiB | 18.63 MiB/s   Receiving objects:  80% (14374/17967), 9.34 MiB | 18.63 MiB/s   Receiving objects:  81% (14554/17967), 9.34 MiB | 18.63 MiB/s   Receiving objects:  82% (14733/17967), 9.34 MiB | 18.63 MiB/s   Receiving objects:  83% (14913/17967), 9.34 MiB | 18.63 MiB/s   Receiving objects:  84% (15093/17967), 9.34 MiB | 18.63 MiB/s   Receiving objects:  85% (15272/17967), 9.34 MiB | 18.63 MiB/s   Receiving objects:  86% (15452/17967), 9.34 MiB | 18.63 MiB/s   Receiving objects:  87% (15632/17967), 9.34 MiB | 18.63 MiB/s   Receiving objects:  88% (15811/17967), 9.34 MiB | 18.63 MiB/s   Receiving objects:  89% (15991/17967), 9.34 MiB | 18.63 MiB/s   Receiving objects:  90% (16171/17967), 9.34 MiB | 18.63 MiB/s   Receiving objects:  91% (16350/17967), 9.34 MiB | 18.63 MiB/s   Receiving objects:  92% (16530/17967), 9.34 MiB | 18.63 MiB/s   Receiving objects:  93% (16710/17967), 9.34 MiB | 18.63 MiB/s   Receiving objects:  94% (16889/17967), 9.34 MiB | 18.63 MiB/s   Receiving objects:  95% (17069/17967), 9.34 MiB | 18.63 MiB/s   Receiving objects:  96% (17249/17967), 9.34 MiB | 18.63 MiB/s   Receiving objects:  97% (17428/17967), 9.34 MiB | 18.63 MiB/s   remote: Total 17967 (delta 8562), reused 15304 (delta 6525), pack-reused 0[K
Receiving objects:  98% (17608/17967), 9.34 MiB | 18.63 MiB/s   Receiving objects:  99% (17788/17967), 9.34 MiB | 18.63 MiB/s   Receiving objects: 100% (17967/17967), 9.34 MiB | 18.63 MiB/s   Receiving objects: 100% (17967/17967), 14.31 MiB | 18.63 MiB/s, done.
Resolving deltas:   0% (0/8562)   Resolving deltas:   1% (87/8562)   Resolving deltas:   2% (245/8562)   Resolving deltas:   3% (279/8562)   Resolving deltas:   4% (348/8562)   Resolving deltas:   5% (432/8562)   Resolving deltas:   6% (517/8562)   Resolving deltas:   7% (600/8562)   Resolving deltas:   8% (700/8562)   Resolving deltas:   9% (772/8562)   Resolving deltas:  10% (870/8562)   Resolving deltas:  11% (960/8562)   Resolving deltas:  12% (1028/8562)   Resolving deltas:  13% (1118/8562)   Resolving deltas:  14% (1246/8562)   Resolving deltas:  15% (1290/8562)   Resolving deltas:  16% (1370/8562)   Resolving deltas:  17% (1459/8562)   Resolving deltas:  18% (1544/8562)   Resolving deltas:  19% (1630/8562)   Resolving deltas:  20% (1714/8562)   Resolving deltas:  21% (1799/8562)   Resolving deltas:  22% (1884/8562)   Resolving deltas:  23% (1974/8562)   Resolving deltas:  24% (2056/8562)   Resolving deltas:  25% (2155/8562)   Resolving deltas:  26% (2227/8562)   Resolving deltas:  27% (2316/8562)   Resolving deltas:  28% (2406/8562)   Resolving deltas:  29% (2486/8562)   Resolving deltas:  30% (2573/8562)   Resolving deltas:  31% (2688/8562)   Resolving deltas:  32% (2768/8562)   Resolving deltas:  34% (2931/8562)   Resolving deltas:  35% (3009/8562)   Resolving deltas:  36% (3092/8562)   Resolving deltas:  37% (3170/8562)   Resolving deltas:  38% (3268/8562)   Resolving deltas:  39% (3342/8562)   Resolving deltas:  40% (3439/8562)   Resolving deltas:  41% (3515/8562)   Resolving deltas:  42% (3598/8562)   Resolving deltas:  43% (3682/8562)   Resolving deltas:  44% (3773/8562)   Resolving deltas:  45% (3853/8562)   Resolving deltas:  46% (3943/8562)   Resolving deltas:  47% (4025/8562)   Resolving deltas:  48% (4117/8562)   Resolving deltas:  49% (4196/8562)   Resolving deltas:  50% (4281/8562)   Resolving deltas:  51% (4367/8562)   Resolving deltas:  52% (4453/8562)   Resolving deltas:  53% (4538/8562)   Resolving deltas:  54% (4624/8562)   Resolving deltas:  55% (4714/8562)   Resolving deltas:  56% (4795/8562)   Resolving deltas:  57% (4881/8562)   Resolving deltas:  58% (4966/8562)   Resolving deltas:  59% (5053/8562)   Resolving deltas:  60% (5139/8562)   Resolving deltas:  61% (5224/8562)   Resolving deltas:  62% (5317/8562)   Resolving deltas:  63% (5406/8562)   Resolving deltas:  65% (5623/8562)   Resolving deltas:  66% (5651/8562)   Resolving deltas:  69% (5933/8562)   Resolving deltas:  75% (6471/8562)   Resolving deltas:  76% (6509/8562)   Resolving deltas:  77% (6676/8562)   Resolving deltas:  78% (6700/8562)   Resolving deltas:  79% (6799/8562)   Resolving deltas:  80% (6852/8562)   Resolving deltas:  81% (6937/8562)   Resolving deltas:  82% (7025/8562)   Resolving deltas:  83% (7114/8562)   Resolving deltas:  84% (7194/8562)   Resolving deltas:  85% (7280/8562)   Resolving deltas:  86% (7364/8562)   Resolving deltas:  87% (7449/8562)   Resolving deltas:  88% (7548/8562)   Resolving deltas:  89% (7626/8562)   Resolving deltas:  91% (7863/8562)   Resolving deltas:  92% (7920/8562)   Resolving deltas:  93% (7973/8562)   Resolving deltas:  94% (8064/8562)   Resolving deltas:  95% (8139/8562)   Resolving deltas:  96% (8234/8562)   Resolving deltas:  97% (8311/8562)   Resolving deltas:  98% (8391/8562)   Resolving deltas:  99% (8484/8562)   Resolving deltas: 100% (8562/8562)   Resolving deltas: 100% (8562/8562), done.
Checking connectivity... done.

travis_time:end:00bac170:start=1466604769408407404,finish=1466604772385048374,duration=2976640970[0K$ cd apache/storm
travis_time:start:0a473934[0K$ git fetch origin +refs/pull/1472/merge:
remote: Counting objects: 7, done.[K
remote: Compressing objects:  14% (1/7)   [Kremote: Compressing objects:  28% (2/7)   [Kremote: Compressing objects:  42% (3/7)   [Kremote: Compressing objects:  57% (4/7)   [Kremote: Compressing objects:  71% (5/7)   [Kremote: Compressing objects:  85% (6/7)   [Kremote: Compressing objects: 100% (7/7)   [Kremote: Compressing objects: 100% (7/7), done.[K
remote: Total 7 (delta 5), reused 1 (delta 0), pack-reused 0[K
Unpacking objects:  14% (1/7)   Unpacking objects:  28% (2/7)   Unpacking objects:  42% (3/7)   Unpacking objects:  57% (4/7)   Unpacking objects:  71% (5/7)   Unpacking objects:  85% (6/7)   Unpacking objects: 100% (7/7)   Unpacking objects: 100% (7/7), done.
From https://github.com/apache/storm
 * branch            refs/pull/1472/merge -> FETCH_HEAD

travis_time:end:0a473934:start=1466604772390466064,finish=1466604772836892901,duration=446426837[0K$ git checkout -qf FETCH_HEAD
travis_fold:end:git.checkout[0K
[33;1mThis job is running on container-based infrastructure, which does not allow use of 'sudo', setuid and setguid executables.[0m
[33;1mIf you require sudo, add 'sudo: required' to your .travis.yml[0m
[33;1mSee https://docs.travis-ci.com/user/workers/container-based-infrastructure/ for details.[0m

[33;1mSetting environment variables from .travis.yml[0m
$ export MODULES=storm-core

$ jdk_switcher use oraclejdk8
Switching to Oracle JDK8 (java-8-oracle), JAVA_HOME will be set to /usr/lib/jvm/java-8-oracle
travis_fold:start:cache.1[0KSetting up build cache
$ export CASHER_DIR=$HOME/.casher
travis_time:start:036253b0[0K$ Installing caching utilities

travis_time:end:036253b0:start=1466604775255665417,finish=1466604775305427818,duration=49762401[0Ktravis_time:start:283d1e25[0K
travis_time:end:283d1e25:start=1466604775312496233,finish=1466604775316991005,duration=4494772[0Ktravis_time:start:01fc4eba[0K[32;1mattempting to download cache archive[0m
[32;1mfetching PR.1472/cache-linux-precise-4722ea394922d42b2b7eb84cff6efc764d76759821ac6f6efc13232aa923f595--jdk-oraclejdk8.tgz[0m
[32;1mfound cache[0m

travis_time:end:01fc4eba:start=1466604775322603863,finish=1466604787100485723,duration=11777881860[0Ktravis_time:start:1ed26a80[0K
travis_time:end:1ed26a80:start=1466604787106052399,finish=1466604787111130364,duration=5077965[0Ktravis_time:start:013d263a[0K[32;1madding /home/travis/.m2/repository to cache[0m
[32;1madding /home/travis/.rvm to cache[0m
[32;1madding /home/travis/.nvm to cache[0m

travis_time:end:013d263a:start=1466604787116674963,finish=1466604801071375804,duration=13954700841[0Ktravis_fold:end:cache.1[0K$ java -Xmx32m -version
java version "1.8.0_31"
Java(TM) SE Runtime Environment (build 1.8.0_31-b13)
Java HotSpot(TM) 64-Bit Server VM (build 25.31-b07, mixed mode)
$ javac -J-Xmx32m -version
javac 1.8.0_31
travis_fold:start:before_install.1[0Ktravis_time:start:03a6ae58[0K$ rvm use 2.1.5 --install
[32mUsing /home/travis/.rvm/gems/ruby-2.1.5[0m

travis_time:end:03a6ae58:start=1466604801674837645,finish=1466604802081971177,duration=407133532[0Ktravis_fold:end:before_install.1[0Ktravis_fold:start:before_install.2[0Ktravis_time:start:146607d3[0K$ nvm install 0.12.2
v0.12.2 is already installed.
Now using node v0.12.2

travis_time:end:146607d3:start=1466604802088057695,finish=1466604802381390122,duration=293332427[0Ktravis_fold:end:before_install.2[0Ktravis_fold:start:before_install.3[0Ktravis_time:start:2e42526e[0K$ nvm use 0.12.2
Now using node v0.12.2

travis_time:end:2e42526e:start=1466604802387299551,finish=1466604802465900776,duration=78601225[0Ktravis_fold:end:before_install.3[0Ktravis_fold:start:install[0Ktravis_time:start:11651899[0K$ /bin/bash ./dev-tools/travis/travis-install.sh `pwd`
Python version :   Python 2.7.3
Java HotSpot(TM) 64-Bit Server VM warning: ignoring option MaxPermSize=192m; support was removed in 8.0
Maven version  :   Apache Maven 3.2.5 (12a6b3acb947671f09b81f49094c53f426d8cea1; 2014-12-14T17:29:23+00:00) Maven home: /usr/local/maven Java version: 1.8.0_31, vendor: Oracle Corporation Java home: /usr/lib/jvm/java-8-oracle/jre Default locale: en_US, platform encoding: UTF-8 OS name: "linux", version: "3.13.0-40-generic", arch: "amd64", family: "unix"
['mvn', 'clean', 'install', '-DskipTests', '-Pnative', '--batch-mode'] writing to install.txt
1 seconds 2 log lines12 seconds 181 log lines22 seconds 242 log lines61 seconds 324 log lines74 seconds 331 log lines87 seconds 409 log lines111 seconds 653 log lines122 seconds 796 log lines133 seconds 866 log lines145 seconds 884 log lines158 seconds 963 log lines168 seconds 1165 log lines178 seconds 1330 log lines188 seconds 1478 log lines199 seconds 1670 log lines209 seconds 1853 log lines219 seconds 2188 log lines230 seconds 2239 log lines240 seconds 2498 log lines253 seconds 2734 log lines256 seconds 2787 log lines
['mvn', 'clean', 'install', '-DskipTests', '-Pnative', '--batch-mode'] done 0

travis_time:end:11651899:start=1466604802471522115,finish=1466605059528158386,duration=257056636271[0Ktravis_fold:end:install[0Ktravis_time:start:28fa5032[0K$ /bin/bash ./dev-tools/travis/travis-script.sh `pwd` $MODULES
Python version :   Python 2.7.3
Ruby version   :   ruby 2.1.5p273 (2014-11-13 revision 48405) [x86_64-linux]
NodeJs version :   v0.12.2
Java HotSpot(TM) 64-Bit Server VM warning: ignoring option MaxPermSize=192m; support was removed in 8.0
Maven version  :   Apache Maven 3.2.5 (12a6b3acb947671f09b81f49094c53f426d8cea1; 2014-12-14T17:29:23+00:00) Maven home: /usr/local/maven Java version: 1.8.0_31, vendor: Oracle Corporation Java home: /usr/lib/jvm/java-8-oracle/jre Default locale: en_US, platform encoding: UTF-8 OS name: "linux", version: "3.13.0-40-generic", arch: "amd64", family: "unix"
Java HotSpot(TM) 64-Bit Server VM warning: ignoring option MaxPermSize=192m; support was removed in 8.0
[INFO] Scanning for projects...
[INFO]                                                                         
[INFO] ------------------------------------------------------------------------
[INFO] Building Storm Core 2.0.0-SNAPSHOT
[INFO] ------------------------------------------------------------------------
[INFO] 
[INFO] --- exec-maven-plugin:1.2.1:exec (default) @ storm-core ---
[INFO] 
[INFO] --- maven-remote-resources-plugin:1.2.1:process (default) @ storm-core ---
[INFO] 
[INFO] --- storm-maven-plugins:2.0.0-SNAPSHOT:version-info (version-info) @ storm-core ---
[WARNING] [svn, info] failed with error code 1
[INFO] SCM: GIT
[INFO] Computed MD5: db5a64b87196262db4a027c46577ba
[INFO] 
[INFO] --- maven-resources-plugin:2.5:resources (default-resources) @ storm-core ---
[debug] execute contextualize
[INFO] Using 'UTF-8' encoding to copy filtered resources.
[INFO] Copying 9 resources
[INFO] Copying 1 resource to META-INF
[INFO] Copying 0 resource
[INFO] Copying 1 resource
[INFO] Copying 3 resources
[INFO] 
[INFO] --- maven-compiler-plugin:3.1:compile (default-compile) @ storm-core ---
[INFO] Nothing to compile - all classes are up to date
[INFO] 
[INFO] --- clojure-maven-plugin:1.7.1:compile (compile-clojure) @ storm-core ---
Compiling org.apache.storm.trident.testing to /home/travis/build/apache/storm/storm-core/target/classes
14:18:19.740 [main] WARN  o.a.s.m.StormMetricsRegistry - Metric ui:num-topology-op-response-http-requests has already been registered
14:18:19.743 [main] WARN  o.a.s.m.StormMetricsRegistry - Metric ui:num-topology-op-response-http-requests has already been registered
Compiling org.apache.storm.command.get-errors to /home/travis/build/apache/storm/storm-core/target/classes
Compiling org.apache.storm.command.blobstore to /home/travis/build/apache/storm/storm-core/target/classes
Compiling org.apache.storm.daemon.drpc to /home/travis/build/apache/storm/storm-core/target/classes
Compiling org.apache.storm.testing4j to /home/travis/build/apache/storm/storm-core/target/classes
Compiling org.apache.storm.metric.testing to /home/travis/build/apache/storm/storm-core/target/classes
Compiling org.apache.storm.ui.core to /home/travis/build/apache/storm/storm-core/target/classes
Compiling org.apache.storm.ui.helpers to /home/travis/build/apache/storm/storm-core/target/classes
Compiling org.apache.storm.testing to /home/travis/build/apache/storm/storm-core/target/classes
Compiling org.apache.storm.command.heartbeats to /home/travis/build/apache/storm/storm-core/target/classes
Compiling org.apache.storm.log to /home/travis/build/apache/storm/storm-core/target/classes
Compiling org.apache.storm.daemon.common to /home/travis/build/apache/storm/storm-core/target/classes
Compiling org.apache.storm.util to /home/travis/build/apache/storm/storm-core/target/classes
Compiling org.apache.storm.scheduler.IsolationScheduler to /home/travis/build/apache/storm/storm-core/target/classes
Compiling org.apache.storm.config to /home/travis/build/apache/storm/storm-core/target/classes
Compiling org.apache.storm.LocalCluster to /home/travis/build/apache/storm/storm-core/target/classes
Compiling org.apache.storm.internal.clojure to /home/travis/build/apache/storm/storm-core/target/classes
Compiling org.apache.storm.daemon.logviewer to /home/travis/build/apache/storm/storm-core/target/classes
Compiling org.apache.storm.blobstore to /home/travis/build/apache/storm/storm-core/target/classes
Compiling org.apache.storm.daemon.local-supervisor to /home/travis/build/apache/storm/storm-core/target/classes
Compiling org.apache.storm.daemon.executor to /home/travis/build/apache/storm/storm-core/target/classes
Compiling org.apache.storm.converter to /home/travis/build/apache/storm/storm-core/target/classes
Compiling org.apache.storm.daemon.nimbus to /home/travis/build/apache/storm/storm-core/target/classes
Compiling org.apache.storm.internal.thrift to /home/travis/build/apache/storm/storm-core/target/classes
Compiling org.apache.storm.local-state-converter to /home/travis/build/apache/storm/storm-core/target/classes
Compiling org.apache.storm.command.shell-submission to /home/travis/build/apache/storm/storm-core/target/classes
Compiling org.apache.storm.daemon.worker to /home/travis/build/apache/storm/storm-core/target/classes
[INFO] 
[INFO] --- make-maven-plugin:1.0-beta-1:autoreconf (compile) @ storm-core ---
[INFO] 
[INFO] --- make-maven-plugin:1.0-beta-1:configure (compile) @ storm-core ---
[INFO] /bin/sh: 14: /home/travis/.jdk_switcher_rc: [[: not found
[INFO] /bin/sh: 22: /home/travis/.jdk_switcher_rc: [[: not found
[INFO] /bin/sh: 32: /home/travis/.jdk_switcher_rc: [[: not found
[INFO] /bin/sh: 42: /home/travis/.jdk_switcher_rc: [[: not found
[INFO] /bin/sh: 3: /etc/profile.d/rvm.sh: [[: not found
[INFO] checking for gcc... gcc
[INFO] checking whether the C compiler works... yes
[INFO] checking for C compiler default output file name... a.out
[INFO] checking for suffix of executables... 
[INFO] checking whether we are cross compiling... no
[INFO] checking for suffix of object files... o
[INFO] checking whether we are using the GNU C compiler... yes
[INFO] checking whether gcc accepts -g... yes
[INFO] checking for gcc option to accept ISO C89... none needed
[INFO] checking how to run the C preprocessor... gcc -E
[INFO] checking for grep that handles long lines and -e... /bin/grep
[INFO] checking for egrep... /bin/grep -E
[INFO] checking for ANSI C header files... yes
[INFO] checking for sys/types.h... yes
[INFO] checking for sys/stat.h... yes
[INFO] checking for stdlib.h... yes
[INFO] checking for string.h... yes
[INFO] checking for memory.h... yes
[INFO] checking for strings.h... yes
[INFO] checking for inttypes.h... yes
[INFO] checking for stdint.h... yes
[INFO] checking for unistd.h... yes
[INFO] checking minix/config.h usability... no
[INFO] checking minix/config.h presence... no
[INFO] checking for minix/config.h... no
[INFO] checking whether it is safe to define __EXTENSIONS__... yes
[INFO] checking for a BSD-compatible install... /usr/bin/install -c
[INFO] checking whether build environment is sane... yes
[INFO] checking for a thread-safe mkdir -p... /bin/mkdir -p
[INFO] checking for gawk... gawk
[INFO] checking whether make sets $(MAKE)... yes
[INFO] checking for style of include used by make... GNU
[INFO] checking dependency style of gcc... gcc3
[INFO] checking for gcc... (cached) gcc
[INFO] checking whether we are using the GNU C compiler... (cached) yes
[INFO] checking whether gcc accepts -g... (cached) yes
[INFO] checking for gcc option to accept ISO C89... (cached) none needed
[INFO] checking whether gcc and cc understand -c and -o together... yes
[INFO] checking for unistd.h... (cached) yes
[INFO] checking for stdbool.h that conforms to C99... yes
[INFO] checking for _Bool... yes
[INFO] checking for an ANSI C-conforming const... yes
[INFO] checking for off_t... yes
[INFO] checking for size_t... yes
[INFO] checking whether strerror_r is declared... yes
[INFO] checking for strerror_r... yes
[INFO] checking whether strerror_r returns char *... yes
[INFO] checking for mkdir... yes
[INFO] checking for uname... yes
[INFO] configure: creating ./config.status
[INFO] config.status: creating Makefile
[INFO] config.status: executing depfiles commands
[INFO] 
[INFO] --- make-maven-plugin:1.0-beta-1:make-install (compile) @ storm-core ---
[INFO] /bin/sh: 14: /home/travis/.jdk_switcher_rc: [[: not found
[INFO] /bin/sh: 22: /home/travis/.jdk_switcher_rc: [[: not found
[INFO] /bin/sh: 32: /home/travis/.jdk_switcher_rc: [[: not found
[INFO] /bin/sh: 42: /home/travis/.jdk_switcher_rc: [[: not found
[INFO] /bin/sh: 3: /etc/profile.d/rvm.sh: [[: not found
[INFO] make[1]: Entering directory `/home/travis/build/apache/storm/storm-core/target/native/worker-launcher'
[INFO] test -z "/usr/local/bin" || /bin/mkdir -p "/home/travis/build/apache/storm/storm-core/target/native/target/usr/local/bin"
[INFO]   /usr/bin/install -c worker-launcher '/home/travis/build/apache/storm/storm-core/target/native/target/usr/local/bin'
[INFO] make[1]: Nothing to be done for `install-data-am'.
[INFO] make[1]: Leaving directory `/home/travis/build/apache/storm/storm-core/target/native/worker-launcher'
[INFO] 
[INFO] --- maven-resources-plugin:2.5:testResources (default-testResources) @ storm-core ---
[debug] execute contextualize
[INFO] Using 'UTF-8' encoding to copy filtered resources.
[INFO] Copying 14 resources
[INFO] Copying 2 resources
[INFO] Copying 3 resources
[INFO] 
[INFO] --- maven-dependency-plugin:2.8:unpack (unpack) @ storm-core ---
[INFO] Configured Artifact: org.apache.storm:multilang-ruby:2.0.0-SNAPSHOT:jar
[INFO] Downloading: https://repository.apache.org/snapshots/org/apache/storm/multilang-ruby/2.0.0-SNAPSHOT/maven-metadata.xml
[INFO] Configured Artifact: org.apache.storm:multilang-python:2.0.0-SNAPSHOT:jar
[INFO] Downloading: https://repository.apache.org/snapshots/org/apache/storm/multilang-python/2.0.0-SNAPSHOT/maven-metadata.xml
[INFO] Configured Artifact: org.apache.storm:multilang-javascript:2.0.0-SNAPSHOT:jar
[INFO] Downloading: https://repository.apache.org/snapshots/org/apache/storm/multilang-javascript/2.0.0-SNAPSHOT/maven-metadata.xml
[INFO] multilang-ruby-2.0.0-SNAPSHOT.jar already unpacked.
[INFO] multilang-python-2.0.0-SNAPSHOT.jar already unpacked.
[INFO] multilang-javascript-2.0.0-SNAPSHOT.jar already unpacked.
[INFO] 
[INFO] --- maven-compiler-plugin:3.1:testCompile (default-testCompile) @ storm-core ---
[INFO] Changes detected - recompiling the module!
[INFO] Compiling 52 source files to /home/travis/build/apache/storm/storm-core/target/test-classes
[WARNING] /home/travis/build/apache/storm/storm-core/test/jvm/org/apache/storm/localizer/LocalizerTest.java: Some input files use or override a deprecated API.
[WARNING] /home/travis/build/apache/storm/storm-core/test/jvm/org/apache/storm/localizer/LocalizerTest.java: Recompile with -Xlint:deprecation for details.
[WARNING] /home/travis/build/apache/storm/storm-core/test/jvm/org/apache/storm/spout/CheckpointSpoutTest.java: Some input files use unchecked or unsafe operations.
[WARNING] /home/travis/build/apache/storm/storm-core/test/jvm/org/apache/storm/spout/CheckpointSpoutTest.java: Recompile with -Xlint:unchecked for details.
[INFO] 
[INFO] --- maven-surefire-plugin:2.18.1:test (default-test) @ storm-core ---
[INFO] Surefire report directory: /home/travis/build/apache/storm/storm-core/target/surefire-reports
[INFO] parallel='none', perCoreThreadCount=true, threadCount=0, useUnlimitedThreads=false, threadCountSuites=0, threadCountClasses=0, threadCountMethods=0, parallelOptimized=true

-------------------------------------------------------
 T E S T S
-------------------------------------------------------
Running org.apache.storm.spout.CheckpointSpoutTest
Tests run: 7, Failures: 0, Errors: 0, Skipped: 0, Time elapsed: 0.655 sec - in org.apache.storm.spout.CheckpointSpoutTest
Running org.apache.storm.utils.TimeTest
Tests run: 8, Failures: 0, Errors: 0, Skipped: 0, Time elapsed: 0.001 sec - in org.apache.storm.utils.TimeTest
Running org.apache.storm.utils.WorkerBackpressureThreadTest
Tests run: 1, Failures: 0, Errors: 0, Skipped: 0, Time elapsed: 0 sec - in org.apache.storm.utils.WorkerBackpressureThreadTest
Running org.apache.storm.utils.DisruptorQueueTest
Tests run: 3, Failures: 0, Errors: 0, Skipped: 0, Time elapsed: 4.525 sec - in org.apache.storm.utils.DisruptorQueueTest
Running org.apache.storm.utils.UtilsTest
Tests run: 8, Failures: 0, Errors: 0, Skipped: 0, Time elapsed: 0.469 sec - in org.apache.storm.utils.UtilsTest
Running org.apache.storm.utils.DisruptorQueueBackpressureTest
Tests run: 1, Failures: 0, Errors: 0, Skipped: 0, Time elapsed: 0.006 sec - in org.apache.storm.utils.DisruptorQueueBackpressureTest
Running org.apache.storm.utils.ThriftTopologyUtilsTest
Tests run: 5, Failures: 0, Errors: 0, Skipped: 0, Time elapsed: 0.163 sec - in org.apache.storm.utils.ThriftTopologyUtilsTest
Running org.apache.storm.utils.ShellBoltMessageQueueTest
Tests run: 3, Failures: 0, Errors: 0, Skipped: 0, Time elapsed: 2.643 sec - in org.apache.storm.utils.ShellBoltMessageQueueTest
Running org.apache.storm.utils.StormBoundedExponentialBackoffRetryTest
Tests run: 5, Failures: 0, Errors: 0, Skipped: 0, Time elapsed: 0.441 sec - in org.apache.storm.utils.StormBoundedExponentialBackoffRetryTest
Running org.apache.storm.command.TestCLI
Tests run: 1, Failures: 0, Errors: 0, Skipped: 0, Time elapsed: 0.018 sec - in org.apache.storm.command.TestCLI
Running org.apache.storm.command.RebalanceTest
Tests run: 2, Failures: 0, Errors: 0, Skipped: 0, Time elapsed: 0.002 sec - in org.apache.storm.command.RebalanceTest
Running org.apache.storm.command.SetLogLevelTest
Tests run: 3, Failures: 0, Errors: 0, Skipped: 0, Time elapsed: 0.009 sec - in org.apache.storm.command.SetLogLevelTest
Running org.apache.storm.serialization.ThriftBridgeSerializationDelegateTest
Tests run: 1, Failures: 0, Errors: 0, Skipped: 0, Time elapsed: 0.012 sec - in org.apache.storm.serialization.ThriftBridgeSerializationDelegateTest
Running org.apache.storm.serialization.GzipBridgeSerializationDelegateTest
Tests run: 3, Failures: 0, Errors: 0, Skipped: 0, Time elapsed: 0.02 sec - in org.apache.storm.serialization.GzipBridgeSerializationDelegateTest
Running org.apache.storm.serialization.GzipBridgeThriftSerializationDelegateTest
Tests run: 3, Failures: 0, Errors: 0, Skipped: 0, Time elapsed: 0.019 sec - in org.apache.storm.serialization.GzipBridgeThriftSerializationDelegateTest
Running org.apache.storm.serialization.SerializationTest
Tests run: 3, Failures: 0, Errors: 0, Skipped: 0, Time elapsed: 25.417 sec - in org.apache.storm.serialization.SerializationTest
Running org.apache.storm.trident.TridentWindowingTest
Tests run: 3, Failures: 0, Errors: 0, Skipped: 0, Time elapsed: 0.045 sec - in org.apache.storm.trident.TridentWindowingTest
Running org.apache.storm.trident.TestTridentTopology
Tests run: 1, Failures: 0, Errors: 0, Skipped: 0, Time elapsed: 62.353 sec - in org.apache.storm.trident.TestTridentTopology
Running org.apache.storm.metric.internal.LatencyStatAndMetricTest
Tests run: 1, Failures: 0, Errors: 0, Skipped: 0, Time elapsed: 0.015 sec - in org.apache.storm.metric.internal.LatencyStatAndMetricTest
Running org.apache.storm.metric.internal.CountStatAndMetricTest
Tests run: 1, Failures: 0, Errors: 0, Skipped: 0, Time elapsed: 0.011 sec - in org.apache.storm.metric.internal.CountStatAndMetricTest
Running org.apache.storm.metric.internal.RateTrackerTest
Tests run: 4, Failures: 0, Errors: 0, Skipped: 0, Time elapsed: 0.004 sec - in org.apache.storm.metric.internal.RateTrackerTest
Running org.apache.storm.metric.filter.FilterByMetricNameTest
Tests run: 4, Failures: 0, Errors: 0, Skipped: 0, Time elapsed: 0.011 sec - in org.apache.storm.metric.filter.FilterByMetricNameTest
Running org.apache.storm.windowing.WaterMarkEventGeneratorTest
Tests run: 5, Failures: 0, Errors: 0, Skipped: 0, Time elapsed: 0.034 sec - in org.apache.storm.windowing.WaterMarkEventGeneratorTest
Running org.apache.storm.windowing.WindowManagerTest
Tests run: 10, Failures: 0, Errors: 0, Skipped: 0, Time elapsed: 0.09 sec - in org.apache.storm.windowing.WindowManagerTest
Running org.apache.storm.topology.StatefulBoltExecutorTest
Tests run: 7, Failures: 0, Errors: 0, Skipped: 0, Time elapsed: 1.425 sec - in org.apache.storm.topology.StatefulBoltExecutorTest
Running org.apache.storm.topology.StatefulWindowedBoltExecutorTest
Tests run: 4, Failures: 0, Errors: 0, Skipped: 0, Time elapsed: 1.109 sec - in org.apache.storm.topology.StatefulWindowedBoltExecutorTest
Running org.apache.storm.topology.TopologyBuilderTest
Tests run: 5, Failures: 0, Errors: 0, Skipped: 0, Time elapsed: 0.328 sec - in org.apache.storm.topology.TopologyBuilderTest
Running org.apache.storm.topology.WindowedBoltExecutorTest
Tests run: 5, Failures: 0, Errors: 0, Skipped: 0, Time elapsed: 0.418 sec - in org.apache.storm.topology.WindowedBoltExecutorTest
Running org.apache.storm.localizer.LocalizerTest
Tests run: 13, Failures: 0, Errors: 0, Skipped: 0, Time elapsed: 3.593 sec - in org.apache.storm.localizer.LocalizerTest
Running org.apache.storm.localizer.LocalizedResourceRetentionSetTest
Tests run: 2, Failures: 0, Errors: 0, Skipped: 0, Time elapsed: 0.035 sec - in org.apache.storm.localizer.LocalizedResourceRetentionSetTest
Running org.apache.storm.localizer.LocalizedResourceSetTest
Tests run: 4, Failures: 0, Errors: 0, Skipped: 0, Time elapsed: 0.012 sec - in org.apache.storm.localizer.LocalizedResourceSetTest
Running org.apache.storm.blobstore.BlobStoreTest
Tests run: 4, Failures: 0, Errors: 0, Skipped: 0, Time elapsed: 1.938 sec - in org.apache.storm.blobstore.BlobStoreTest
Running org.apache.storm.blobstore.BlobSynchronizerTest
Tests run: 4, Failures: 0, Errors: 0, Skipped: 0, Time elapsed: 2.387 sec - in org.apache.storm.blobstore.BlobSynchronizerTest
Running org.apache.storm.blobstore.ClientBlobStoreTest
Tests run: 4, Failures: 0, Errors: 0, Skipped: 0, Time elapsed: 0 sec - in org.apache.storm.blobstore.ClientBlobStoreTest
Running org.apache.storm.cluster.StormClusterStateImplTest
Tests run: 5, Failures: 0, Errors: 0, Skipped: 0, Time elapsed: 0.052 sec - in org.apache.storm.cluster.StormClusterStateImplTest
Running org.apache.storm.scheduler.resource.strategies.scheduling.TestDefaultResourceAwareStrategy
Tests run: 2, Failures: 0, Errors: 0, Skipped: 0, Time elapsed: 0.309 sec - in org.apache.storm.scheduler.resource.strategies.scheduling.TestDefaultResourceAwareStrategy
Running org.apache.storm.scheduler.resource.TestResourceAwareScheduler
Tests run: 14, Failures: 0, Errors: 0, Skipped: 0, Time elapsed: 9.412 sec - in org.apache.storm.scheduler.resource.TestResourceAwareScheduler
Running org.apache.storm.scheduler.resource.TestUser
Tests run: 3, Failures: 0, Errors: 0, Skipped: 0, Time elapsed: 1.927 sec - in org.apache.storm.scheduler.resource.TestUser
Running org.apache.storm.nimbus.LocalNimbusTest

Results :

Tests run: 162, Failures: 0, Errors: 0, Skipped: 0

[INFO] ------------------------------------------------------------------------
[INFO] BUILD FAILURE
[INFO] ------------------------------------------------------------------------
[INFO] Total time: 04:21 min
[INFO] Finished at: 2016-06-22T14:22:03+00:00
[INFO] Final Memory: 45M/333M
[INFO] ------------------------------------------------------------------------
[ERROR] Failed to execute goal org.apache.maven.plugins:maven-surefire-plugin:2.18.1:test (default-test) on project storm-core: Execution default-test of goal org.apache.maven.plugins:maven-surefire-plugin:2.18.1:test failed: The forked VM terminated without properly saying goodbye. VM crash or System.exit called?
[ERROR] Command was /bin/sh -c cd /home/travis/build/apache/storm/storm-core && /usr/lib/jvm/java-8-oracle/jre/bin/java -Xmx1536m -jar /home/travis/build/apache/storm/storm-core/target/surefire/surefirebooter8754077971722178864.jar /home/travis/build/apache/storm/storm-core/target/surefire/surefire1626400846289951164tmp /home/travis/build/apache/storm/storm-core/target/surefire/surefire_08721398310246919397tmp
[ERROR] -> [Help 1]
[ERROR] 
[ERROR] To see the full stack trace of the errors, re-run Maven with the -e switch.
[ERROR] Re-run Maven using the -X switch to enable full debug logging.
[ERROR] 
[ERROR] For more information about the errors and possible solutions, please read the following articles:
[ERROR] [Help 1] http://cwiki.apache.org/confluence/display/MAVEN/PluginExecutionException
Looking for errors in ./storm-core/target/surefire-reports
Checking ./storm-core/target/surefire-reports/TEST-org.apache.storm.spout.CheckpointSpoutTest.xml
Checking ./storm-core/target/surefire-reports/TEST-org.apache.storm.utils.TimeTest.xml
Checking ./storm-core/target/surefire-reports/TEST-org.apache.storm.utils.WorkerBackpressureThreadTest.xml
Checking ./storm-core/target/surefire-reports/TEST-org.apache.storm.utils.DisruptorQueueTest.xml
Checking ./storm-core/target/surefire-reports/TEST-org.apache.storm.utils.UtilsTest.xml
Checking ./storm-core/target/surefire-reports/TEST-org.apache.storm.utils.DisruptorQueueBackpressureTest.xml
Checking ./storm-core/target/surefire-reports/TEST-org.apache.storm.utils.ThriftTopologyUtilsTest.xml
Checking ./storm-core/target/surefire-reports/TEST-org.apache.storm.utils.ShellBoltMessageQueueTest.xml
Checking ./storm-core/target/surefire-reports/TEST-org.apache.storm.utils.StormBoundedExponentialBackoffRetryTest.xml
Checking ./storm-core/target/surefire-reports/TEST-org.apache.storm.command.TestCLI.xml
Checking ./storm-core/target/surefire-reports/TEST-org.apache.storm.command.RebalanceTest.xml
Checking ./storm-core/target/surefire-reports/TEST-org.apache.storm.command.SetLogLevelTest.xml
Checking ./storm-core/target/surefire-reports/TEST-org.apache.storm.serialization.ThriftBridgeSerializationDelegateTest.xml
Checking ./storm-core/target/surefire-reports/TEST-org.apache.storm.serialization.GzipBridgeSerializationDelegateTest.xml
Checking ./storm-core/target/surefire-reports/TEST-org.apache.storm.serialization.GzipBridgeThriftSerializationDelegateTest.xml
Checking ./storm-core/target/surefire-reports/TEST-org.apache.storm.serialization.SerializationTest.xml
Checking ./storm-core/target/surefire-reports/TEST-org.apache.storm.trident.TridentWindowingTest.xml
Checking ./storm-core/target/surefire-reports/TEST-org.apache.storm.trident.TestTridentTopology.xml
Checking ./storm-core/target/surefire-reports/TEST-org.apache.storm.metric.internal.LatencyStatAndMetricTest.xml
Checking ./storm-core/target/surefire-reports/TEST-org.apache.storm.metric.internal.CountStatAndMetricTest.xml
Checking ./storm-core/target/surefire-reports/TEST-org.apache.storm.metric.internal.RateTrackerTest.xml
Checking ./storm-core/target/surefire-reports/TEST-org.apache.storm.metric.filter.FilterByMetricNameTest.xml
Checking ./storm-core/target/surefire-reports/TEST-org.apache.storm.windowing.WaterMarkEventGeneratorTest.xml
Checking ./storm-core/target/surefire-reports/TEST-org.apache.storm.windowing.WindowManagerTest.xml
Checking ./storm-core/target/surefire-reports/TEST-org.apache.storm.topology.StatefulBoltExecutorTest.xml
Checking ./storm-core/target/surefire-reports/TEST-org.apache.storm.topology.StatefulWindowedBoltExecutorTest.xml
Checking ./storm-core/target/surefire-reports/TEST-org.apache.storm.topology.TopologyBuilderTest.xml
Checking ./storm-core/target/surefire-reports/TEST-org.apache.storm.topology.WindowedBoltExecutorTest.xml
Checking ./storm-core/target/surefire-reports/TEST-org.apache.storm.localizer.LocalizerTest.xml
Checking ./storm-core/target/surefire-reports/TEST-org.apache.storm.localizer.LocalizedResourceRetentionSetTest.xml
Checking ./storm-core/target/surefire-reports/TEST-org.apache.storm.localizer.LocalizedResourceSetTest.xml
Checking ./storm-core/target/surefire-reports/TEST-org.apache.storm.blobstore.BlobStoreTest.xml
Checking ./storm-core/target/surefire-reports/TEST-org.apache.storm.blobstore.BlobSynchronizerTest.xml
Checking ./storm-core/target/surefire-reports/TEST-org.apache.storm.blobstore.ClientBlobStoreTest.xml
Checking ./storm-core/target/surefire-reports/TEST-org.apache.storm.cluster.StormClusterStateImplTest.xml
Checking ./storm-core/target/surefire-reports/TEST-org.apache.storm.scheduler.resource.strategies.scheduling.TestDefaultResourceAwareStrategy.xml
Checking ./storm-core/target/surefire-reports/TEST-org.apache.storm.scheduler.resource.TestResourceAwareScheduler.xml
Checking ./storm-core/target/surefire-reports/TEST-org.apache.storm.scheduler.resource.TestUser.xml

travis_time:end:28fa5032:start=1466605059533737859,finish=1466605325100146168,duration=265566408309[0K
[31;1mThe command "/bin/bash ./dev-tools/travis/travis-script.sh `pwd` $MODULES" exited with 1.[0m
travis_fold:start:cache.2[0Kstore build cache
travis_time:start:0f28cf4e[0K
travis_time:end:0f28cf4e:start=1466605325107030308,finish=1466605325112285565,duration=5255257[0Ktravis_time:start:20c502d6[0K[32;1mchange detected (content changed, file is created, or file is deleted):
/home/travis/.m2/repository/com/fasterxml/jackson/core/jackson-annotations/2.5.4/jackson-annotations-2.5.4.pom
/home/travis/.m2/repository/com/fasterxml/jackson/core/jackson-annotations/2.5.4/jackson-annotations-2.5.4.pom.sha1
/home/travis/.m2/repository/com/fasterxml/jackson/core/jackson-annotations/2.5.4/_remote.repositories
/home/travis/.m2/repository/com/fasterxml/jackson/jackson-parent/2.5.1/jackson-parent-2.5.1.pom
/home/travis/.m2/repository/com/fasterxml/jackson/jackson-parent/2.5.1/jackson-parent-2.5.1.pom.sha1
/home/travis/.m2/repository/com/fasterxml/jackson/jackson-parent/2.5.1/_remote.repositories
/home/travis/.m2/repository/com/fasterxml/jackson/jaxrs/jackson-jaxrs-base/2.5.4/jackson-jaxrs-base-2.5.4.jar
/home/travis/.m2/repository/com/fasterxml/jackson/jaxrs/jackson-jaxrs-base/2.5.4/jackson-jaxrs-base-2.5.4.jar.sha1
/home/travis/.m2/repository/com/fasterxml/jackson/jaxrs/jackson-jaxrs-base/2.5.4/jackson-jaxrs-base-2.5.4.pom
/home/travis/.m2/repository/com/fasterxml/jackso
[0m
[32;1m...
[0m
[32;1mchanges detected, packing new archive[0m
.
.
.
.
.
.
.
.
[32;1muploading archive[0m

travis_time:end:20c502d6:start=1466605325118128653,finish=1466605396796589347,duration=71678460694[0Ktravis_fold:end:cache.2[0K
Done. Your build exited with 1.
