Using worker: worker-linux-docker-a043e358.prod.travis-ci.org:travis-linux-12

travis_fold:start:system_info[0K[33;1mBuild system information[0m
Build language: java
Build group: stable
Build dist: precise
[34m[1mBuild image provisioning date and time[0m
Thu Feb  5 15:09:33 UTC 2015
[34m[1mOperating System Details[0m
Distributor ID:	Ubuntu
Description:	Ubuntu 12.04.5 LTS
Release:	12.04
Codename:	precise
[34m[1mLinux Version[0m
3.13.0-29-generic
[34m[1mCookbooks Version[0m
a68419e https://github.com/travis-ci/travis-cookbooks/tree/a68419e
[34m[1mGCC version[0m
gcc (Ubuntu/Linaro 4.6.3-1ubuntu5) 4.6.3
Copyright (C) 2011 Free Software Foundation, Inc.
This is free software; see the source for copying conditions.  There is NO
warranty; not even for MERCHANTABILITY or FITNESS FOR A PARTICULAR PURPOSE.

[34m[1mLLVM version[0m
clang version 3.4 (tags/RELEASE_34/final)
Target: x86_64-unknown-linux-gnu
Thread model: posix
[34m[1mPre-installed Ruby versions[0m
ruby-1.9.3-p551
[34m[1mPre-installed Node.js versions[0m
v0.10.36
[34m[1mPre-installed Go versions[0m
1.4.1
[34m[1mRedis version[0m
redis-server 2.8.19
[34m[1mriak version[0m
2.0.2
[34m[1mMongoDB version[0m
MongoDB 2.4.12
[34m[1mCouchDB version[0m
couchdb 1.6.1
[34m[1mNeo4j version[0m
1.9.4
[34m[1mRabbitMQ Version[0m
3.4.3
[34m[1mElasticSearch version[0m
1.4.0
[34m[1mInstalled Sphinx versions[0m
2.0.10
2.1.9
2.2.6
[34m[1mDefault Sphinx version[0m
2.2.6
[34m[1mInstalled Firefox version[0m
firefox 31.0esr
[34m[1mPhantomJS version[0m
1.9.8
[34m[1mant -version[0m
Apache Ant(TM) version 1.8.2 compiled on December 3 2011
[34m[1mmvn -version[0m
Apache Maven 3.2.5 (12a6b3acb947671f09b81f49094c53f426d8cea1; 2014-12-14T17:29:23+00:00)
Maven home: /usr/local/maven
Java version: 1.7.0_76, vendor: Oracle Corporation
Java home: /usr/lib/jvm/java-7-oracle/jre
Default locale: en_US, platform encoding: ANSI_X3.4-1968
OS name: "linux", version: "3.13.0-29-generic", arch: "amd64", family: "unix"
travis_fold:end:system_info[0K
travis_fold:start:fix.CVE-2015-7547[0K$ export DEBIAN_FRONTEND=noninteractive
W: Size of file /var/lib/apt/lists/us.archive.ubuntu.com_ubuntu_dists_precise-backports_multiverse_source_Sources.gz is not what the server reported 5886 5888
W: Size of file /var/lib/apt/lists/ppa.launchpad.net_ubuntugis_ppa_ubuntu_dists_precise_main_binary-amd64_Packages.gz is not what the server reported 36669 36677
W: Size of file /var/lib/apt/lists/ppa.launchpad.net_ubuntugis_ppa_ubuntu_dists_precise_main_binary-i386_Packages.gz is not what the server reported 36729 36733
Reading package lists...
Building dependency tree...
Reading state information...
The following extra packages will be installed:
  libc-bin libc-dev-bin libc6-dev
Suggested packages:
  glibc-doc
The following packages will be upgraded:
  libc-bin libc-dev-bin libc6 libc6-dev
4 upgraded, 0 newly installed, 0 to remove and 247 not upgraded.
Need to get 8,840 kB of archives.
After this operation, 14.3 kB disk space will be freed.
Get:1 http://us.archive.ubuntu.com/ubuntu/ precise-updates/main libc6-dev amd64 2.15-0ubuntu10.15 [2,943 kB]
Get:2 http://us.archive.ubuntu.com/ubuntu/ precise-updates/main libc-dev-bin amd64 2.15-0ubuntu10.15 [84.7 kB]
Get:3 http://us.archive.ubuntu.com/ubuntu/ precise-updates/main libc-bin amd64 2.15-0ubuntu10.15 [1,177 kB]
Get:4 http://us.archive.ubuntu.com/ubuntu/ precise-updates/main libc6 amd64 2.15-0ubuntu10.15 [4,636 kB]
Fetched 8,840 kB in 0s (38.3 MB/s)
Preconfiguring packages ...
(Reading database ... (Reading database ... 5%(Reading database ... 10%(Reading database ... 15%(Reading database ... 20%(Reading database ... 25%(Reading database ... 30%(Reading database ... 35%(Reading database ... 40%(Reading database ... 45%(Reading database ... 50%(Reading database ... 55%(Reading database ... 60%(Reading database ... 65%(Reading database ... 70%(Reading database ... 75%(Reading database ... 80%(Reading database ... 85%(Reading database ... 90%(Reading database ... 95%(Reading database ... 100%(Reading database ... 72019 files and directories currently installed.)
Preparing to replace libc6-dev 2.15-0ubuntu10.10 (using .../libc6-dev_2.15-0ubuntu10.15_amd64.deb) ...
Unpacking replacement libc6-dev ...
Preparing to replace libc-dev-bin 2.15-0ubuntu10.10 (using .../libc-dev-bin_2.15-0ubuntu10.15_amd64.deb) ...
Unpacking replacement libc-dev-bin ...
Preparing to replace libc-bin 2.15-0ubuntu10.10 (using .../libc-bin_2.15-0ubuntu10.15_amd64.deb) ...
Unpacking replacement libc-bin ...
Processing triggers for man-db ...
Setting up libc-bin (2.15-0ubuntu10.15) ...
(Reading database ... (Reading database ... 5%(Reading database ... 10%(Reading database ... 15%(Reading database ... 20%(Reading database ... 25%(Reading database ... 30%(Reading database ... 35%(Reading database ... 40%(Reading database ... 45%(Reading database ... 50%(Reading database ... 55%(Reading database ... 60%(Reading database ... 65%(Reading database ... 70%(Reading database ... 75%(Reading database ... 80%(Reading database ... 85%(Reading database ... 90%(Reading database ... 95%(Reading database ... 100%(Reading database ... 72018 files and directories currently installed.)
Preparing to replace libc6 2.15-0ubuntu10.10 (using .../libc6_2.15-0ubuntu10.15_amd64.deb) ...
Unpacking replacement libc6 ...
Setting up libc6 (2.15-0ubuntu10.15) ...
Setting up libc-dev-bin (2.15-0ubuntu10.15) ...
Setting up libc6-dev (2.15-0ubuntu10.15) ...
Processing triggers for libc-bin ...
ldconfig deferred processing now taking place
travis_fold:end:fix.CVE-2015-7547[0Ktravis_fold:start:git.checkout[0Ktravis_time:start:0591a068[0K$ git clone --depth=50 --branch=master https://github.com/apache/storm.git apache/storm
Cloning into 'apache/storm'...
remote: Counting objects: 17208, done.[K
remote: Compressing objects:   0% (1/7096)   [Kremote: Compressing objects:   1% (71/7096)   [Kremote: Compressing objects:   2% (142/7096)   [Kremote: Compressing objects:   3% (213/7096)   [Kremote: Compressing objects:   4% (284/7096)   [Kremote: Compressing objects:   5% (355/7096)   [Kremote: Compressing objects:   6% (426/7096)   [Kremote: Compressing objects:   7% (497/7096)   [Kremote: Compressing objects:   8% (568/7096)   [Kremote: Compressing objects:   9% (639/7096)   [Kremote: Compressing objects:  10% (710/7096)   [Kremote: Compressing objects:  11% (781/7096)   [Kremote: Compressing objects:  12% (852/7096)   [Kremote: Compressing objects:  13% (923/7096)   [Kremote: Compressing objects:  14% (994/7096)   [Kremote: Compressing objects:  15% (1065/7096)   [Kremote: Compressing objects:  16% (1136/7096)   [Kremote: Compressing objects:  17% (1207/7096)   [Kremote: Compressing objects:  18% (1278/7096)   [Kremote: Compressing objects:  19% (1349/7096)   [Kremote: Compressing objects:  20% (1420/7096)   [Kremote: Compressing objects:  21% (1491/7096)   [Kremote: Compressing objects:  22% (1562/7096)   [Kremote: Compressing objects:  23% (1633/7096)   [Kremote: Compressing objects:  24% (1704/7096)   [Kremote: Compressing objects:  25% (1774/7096)   [Kremote: Compressing objects:  26% (1845/7096)   [Kremote: Compressing objects:  27% (1916/7096)   [Kremote: Compressing objects:  28% (1987/7096)   [Kremote: Compressing objects:  29% (2058/7096)   [Kremote: Compressing objects:  30% (2129/7096)   [Kremote: Compressing objects:  31% (2200/7096)   [Kremote: Compressing objects:  32% (2271/7096)   [Kremote: Compressing objects:  33% (2342/7096)   [Kremote: Compressing objects:  34% (2413/7096)   [Kremote: Compressing objects:  35% (2484/7096)   [Kremote: Compressing objects:  36% (2555/7096)   [Kremote: Compressing objects:  37% (2626/7096)   [Kremote: Compressing objects:  38% (2697/7096)   [Kremote: Compressing objects:  39% (2768/7096)   [Kremote: Compressing objects:  40% (2839/7096)   [Kremote: Compressing objects:  41% (2910/7096)   [Kremote: Compressing objects:  42% (2981/7096)   [Kremote: Compressing objects:  43% (3052/7096)   [Kremote: Compressing objects:  44% (3123/7096)   [Kremote: Compressing objects:  45% (3194/7096)   [Kremote: Compressing objects:  46% (3265/7096)   [Kremote: Compressing objects:  47% (3336/7096)   [Kremote: Compressing objects:  48% (3407/7096)   [Kremote: Compressing objects:  49% (3478/7096)   [Kremote: Compressing objects:  50% (3548/7096)   [Kremote: Compressing objects:  51% (3619/7096)   [Kremote: Compressing objects:  52% (3690/7096)   [Kremote: Compressing objects:  53% (3761/7096)   [Kremote: Compressing objects:  54% (3832/7096)   [Kremote: Compressing objects:  55% (3903/7096)   [Kremote: Compressing objects:  56% (3974/7096)   [Kremote: Compressing objects:  57% (4045/7096)   [Kremote: Compressing objects:  58% (4116/7096)   [Kremote: Compressing objects:  59% (4187/7096)   [Kremote: Compressing objects:  60% (4258/7096)   [Kremote: Compressing objects:  61% (4329/7096)   [Kremote: Compressing objects:  62% (4400/7096)   [Kremote: Compressing objects:  63% (4471/7096)   [Kremote: Compressing objects:  64% (4542/7096)   [Kremote: Compressing objects:  65% (4613/7096)   [Kremote: Compressing objects:  66% (4684/7096)   [Kremote: Compressing objects:  67% (4755/7096)   [Kremote: Compressing objects:  68% (4826/7096)   [Kremote: Compressing objects:  69% (4897/7096)   [Kremote: Compressing objects:  70% (4968/7096)   [Kremote: Compressing objects:  71% (5039/7096)   [Kremote: Compressing objects:  72% (5110/7096)   [Kremote: Compressing objects:  73% (5181/7096)   [Kremote: Compressing objects:  74% (5252/7096)   [Kremote: Compressing objects:  75% (5322/7096)   [Kremote: Compressing objects:  76% (5393/7096)   [Kremote: Compressing objects:  77% (5464/7096)   [Kremote: Compressing objects:  78% (5535/7096)   [Kremote: Compressing objects:  79% (5606/7096)   [Kremote: Compressing objects:  80% (5677/7096)   [Kremote: Compressing objects:  81% (5748/7096)   [Kremote: Compressing objects:  82% (5819/7096)   [Kremote: Compressing objects:  83% (5890/7096)   [Kremote: Compressing objects:  84% (5961/7096)   [Kremote: Compressing objects:  85% (6032/7096)   [Kremote: Compressing objects:  86% (6103/7096)   [Kremote: Compressing objects:  87% (6174/7096)   [Kremote: Compressing objects:  88% (6245/7096)   [Kremote: Compressing objects:  89% (6316/7096)   [Kremote: Compressing objects:  90% (6387/7096)   [Kremote: Compressing objects:  91% (6458/7096)   [Kremote: Compressing objects:  92% (6529/7096)   [Kremote: Compressing objects:  93% (6600/7096)   [Kremote: Compressing objects:  94% (6671/7096)   [Kremote: Compressing objects:  95% (6742/7096)   [Kremote: Compressing objects:  96% (6813/7096)   [Kremote: Compressing objects:  97% (6884/7096)   [Kremote: Compressing objects:  98% (6955/7096)   [Kremote: Compressing objects:  99% (7026/7096)   [Kremote: Compressing objects: 100% (7096/7096)   [Kremote: Compressing objects: 100% (7096/7096), done.[K
Receiving objects:   0% (1/17208)   Receiving objects:   1% (173/17208)   Receiving objects:   2% (345/17208)   Receiving objects:   3% (517/17208)   Receiving objects:   4% (689/17208)   Receiving objects:   5% (861/17208)   Receiving objects:   6% (1033/17208)   Receiving objects:   7% (1205/17208)   Receiving objects:   8% (1377/17208)   Receiving objects:   9% (1549/17208)   Receiving objects:  10% (1721/17208)   Receiving objects:  11% (1893/17208)   Receiving objects:  12% (2065/17208)   Receiving objects:  13% (2238/17208)   Receiving objects:  14% (2410/17208)   Receiving objects:  15% (2582/17208)   Receiving objects:  16% (2754/17208)   Receiving objects:  17% (2926/17208)   Receiving objects:  18% (3098/17208)   Receiving objects:  19% (3270/17208)   Receiving objects:  20% (3442/17208)   Receiving objects:  21% (3614/17208)   Receiving objects:  22% (3786/17208)   Receiving objects:  23% (3958/17208)   Receiving objects:  24% (4130/17208)   Receiving objects:  25% (4302/17208)   Receiving objects:  26% (4475/17208)   Receiving objects:  27% (4647/17208)   Receiving objects:  28% (4819/17208)   Receiving objects:  29% (4991/17208)   Receiving objects:  30% (5163/17208)   Receiving objects:  31% (5335/17208)   Receiving objects:  32% (5507/17208)   Receiving objects:  33% (5679/17208)   Receiving objects:  34% (5851/17208)   Receiving objects:  35% (6023/17208)   Receiving objects:  36% (6195/17208)   Receiving objects:  37% (6367/17208)   Receiving objects:  38% (6540/17208)   Receiving objects:  39% (6712/17208)   Receiving objects:  40% (6884/17208)   Receiving objects:  41% (7056/17208)   Receiving objects:  42% (7228/17208)   Receiving objects:  43% (7400/17208)   Receiving objects:  44% (7572/17208)   Receiving objects:  45% (7744/17208)   Receiving objects:  46% (7916/17208)   Receiving objects:  47% (8088/17208)   Receiving objects:  48% (8260/17208)   Receiving objects:  49% (8432/17208)   Receiving objects:  50% (8604/17208)   Receiving objects:  51% (8777/17208)   Receiving objects:  52% (8949/17208)   Receiving objects:  53% (9121/17208)   Receiving objects:  54% (9293/17208)   Receiving objects:  55% (9465/17208)   Receiving objects:  56% (9637/17208)   Receiving objects:  57% (9809/17208)   Receiving objects:  58% (9981/17208)   Receiving objects:  59% (10153/17208)   Receiving objects:  60% (10325/17208)   Receiving objects:  61% (10497/17208)   Receiving objects:  62% (10669/17208)   Receiving objects:  63% (10842/17208)   Receiving objects:  64% (11014/17208)   Receiving objects:  65% (11186/17208)   Receiving objects:  66% (11358/17208)   Receiving objects:  67% (11530/17208)   Receiving objects:  68% (11702/17208), 10.47 MiB | 20.89 MiB/s   Receiving objects:  69% (11874/17208), 10.47 MiB | 20.89 MiB/s   Receiving objects:  70% (12046/17208), 10.47 MiB | 20.89 MiB/s   Receiving objects:  71% (12218/17208), 10.47 MiB | 20.89 MiB/s   Receiving objects:  72% (12390/17208), 10.47 MiB | 20.89 MiB/s   Receiving objects:  73% (12562/17208), 10.47 MiB | 20.89 MiB/s   Receiving objects:  74% (12734/17208), 10.47 MiB | 20.89 MiB/s   Receiving objects:  75% (12906/17208), 10.47 MiB | 20.89 MiB/s   Receiving objects:  76% (13079/17208), 10.47 MiB | 20.89 MiB/s   Receiving objects:  77% (13251/17208), 10.47 MiB | 20.89 MiB/s   Receiving objects:  78% (13423/17208), 10.47 MiB | 20.89 MiB/s   Receiving objects:  79% (13595/17208), 10.47 MiB | 20.89 MiB/s   Receiving objects:  80% (13767/17208), 10.47 MiB | 20.89 MiB/s   Receiving objects:  81% (13939/17208), 10.47 MiB | 20.89 MiB/s   Receiving objects:  82% (14111/17208), 10.47 MiB | 20.89 MiB/s   Receiving objects:  83% (14283/17208), 10.47 MiB | 20.89 MiB/s   Receiving objects:  84% (14455/17208), 10.47 MiB | 20.89 MiB/s   Receiving objects:  85% (14627/17208), 10.47 MiB | 20.89 MiB/s   Receiving objects:  86% (14799/17208), 10.47 MiB | 20.89 MiB/s   Receiving objects:  87% (14971/17208), 10.47 MiB | 20.89 MiB/s   Receiving objects:  88% (15144/17208), 10.47 MiB | 20.89 MiB/s   Receiving objects:  89% (15316/17208), 10.47 MiB | 20.89 MiB/s   Receiving objects:  90% (15488/17208), 10.47 MiB | 20.89 MiB/s   Receiving objects:  91% (15660/17208), 10.47 MiB | 20.89 MiB/s   Receiving objects:  92% (15832/17208), 10.47 MiB | 20.89 MiB/s   Receiving objects:  93% (16004/17208), 10.47 MiB | 20.89 MiB/s   Receiving objects:  94% (16176/17208), 10.47 MiB | 20.89 MiB/s   Receiving objects:  95% (16348/17208), 10.47 MiB | 20.89 MiB/s   Receiving objects:  96% (16520/17208), 10.47 MiB | 20.89 MiB/s   Receiving objects:  97% (16692/17208), 10.47 MiB | 20.89 MiB/s   remote: Total 17208 (delta 8150), reused 14612 (delta 6198), pack-reused 0[K
Receiving objects:  98% (16864/17208), 10.47 MiB | 20.89 MiB/s   Receiving objects:  99% (17036/17208), 10.47 MiB | 20.89 MiB/s   Receiving objects: 100% (17208/17208), 10.47 MiB | 20.89 MiB/s   Receiving objects: 100% (17208/17208), 14.32 MiB | 20.89 MiB/s, done.
Resolving deltas:   0% (0/8150)   Resolving deltas:   1% (97/8150)   Resolving deltas:   2% (167/8150)   Resolving deltas:   3% (247/8150)   Resolving deltas:   4% (329/8150)   Resolving deltas:   5% (408/8150)   Resolving deltas:   6% (512/8150)   Resolving deltas:   7% (571/8150)   Resolving deltas:   8% (659/8150)   Resolving deltas:   9% (745/8150)   Resolving deltas:  10% (847/8150)   Resolving deltas:  11% (903/8150)   Resolving deltas:  12% (1018/8150)   Resolving deltas:  13% (1061/8150)   Resolving deltas:  14% (1141/8150)   Resolving deltas:  15% (1223/8150)   Resolving deltas:  16% (1322/8150)   Resolving deltas:  17% (1386/8150)   Resolving deltas:  18% (1473/8150)   Resolving deltas:  19% (1556/8150)   Resolving deltas:  20% (1630/8150)   Resolving deltas:  21% (1712/8150)   Resolving deltas:  22% (1795/8150)   Resolving deltas:  23% (1877/8150)   Resolving deltas:  24% (1957/8150)   Resolving deltas:  25% (2040/8150)   Resolving deltas:  26% (2120/8150)   Resolving deltas:  27% (2204/8150)   Resolving deltas:  28% (2309/8150)   Resolving deltas:  29% (2365/8150)   Resolving deltas:  30% (2445/8150)   Resolving deltas:  31% (2573/8150)   Resolving deltas:  32% (2634/8150)   Resolving deltas:  33% (2691/8150)   Resolving deltas:  34% (2801/8150)   Resolving deltas:  35% (2873/8150)   Resolving deltas:  36% (2947/8150)   Resolving deltas:  37% (3026/8150)   Resolving deltas:  38% (3100/8150)   Resolving deltas:  39% (3184/8150)   Resolving deltas:  40% (3271/8150)   Resolving deltas:  41% (3343/8150)   Resolving deltas:  42% (3428/8150)   Resolving deltas:  43% (3506/8150)   Resolving deltas:  44% (3587/8150)   Resolving deltas:  45% (3668/8150)   Resolving deltas:  46% (3756/8150)   Resolving deltas:  47% (3833/8150)   Resolving deltas:  48% (3914/8150)   Resolving deltas:  49% (3997/8150)   Resolving deltas:  50% (4075/8150)   Resolving deltas:  51% (4158/8150)   Resolving deltas:  52% (4238/8150)   Resolving deltas:  53% (4326/8150)   Resolving deltas:  54% (4403/8150)   Resolving deltas:  55% (4488/8150)   Resolving deltas:  56% (4624/8150)   Resolving deltas:  57% (4647/8150)   Resolving deltas:  58% (4727/8150)   Resolving deltas:  59% (4809/8150)   Resolving deltas:  60% (4894/8150)   Resolving deltas:  61% (4973/8150)   Resolving deltas:  62% (5053/8150)   Resolving deltas:  63% (5138/8150)   Resolving deltas:  67% (5471/8150)   Resolving deltas:  68% (5543/8150)   Resolving deltas:  72% (5903/8150)   Resolving deltas:  73% (5951/8150)   Resolving deltas:  74% (6056/8150)   Resolving deltas:  77% (6349/8150)   Resolving deltas:  78% (6359/8150)   Resolving deltas:  79% (6458/8150)   Resolving deltas:  80% (6532/8150)   Resolving deltas:  81% (6613/8150)   Resolving deltas:  82% (6686/8150)   Resolving deltas:  83% (6768/8150)   Resolving deltas:  84% (6849/8150)   Resolving deltas:  85% (6928/8150)   Resolving deltas:  86% (7010/8150)   Resolving deltas:  87% (7125/8150)   Resolving deltas:  88% (7173/8150)   Resolving deltas:  89% (7254/8150)   Resolving deltas:  90% (7335/8150)   Resolving deltas:  91% (7425/8150)   Resolving deltas:  92% (7501/8150)   Resolving deltas:  93% (7589/8150)   Resolving deltas:  94% (7662/8150)   Resolving deltas:  95% (7764/8150)   Resolving deltas:  96% (7890/8150)   Resolving deltas:  97% (7907/8150)   Resolving deltas:  98% (7987/8150)   Resolving deltas:  99% (8069/8150)   Resolving deltas: 100% (8150/8150)   Resolving deltas: 100% (8150/8150), done.
Checking connectivity... done.

travis_time:end:0591a068:start=1466757831564907011,finish=1466757833891793763,duration=2326886752[0K$ cd apache/storm
$ git checkout -qf 83b1f059ac36b7cf20ec60735267b847150e6296
travis_fold:end:git.checkout[0K
[33;1mThis job is running on container-based infrastructure, which does not allow use of 'sudo', setuid and setguid executables.[0m
[33;1mIf you require sudo, add 'sudo: required' to your .travis.yml[0m
[33;1mSee https://docs.travis-ci.com/user/workers/container-based-infrastructure/ for details.[0m

[33;1mSetting environment variables from .travis.yml[0m
$ export MODULES=storm-core

$ jdk_switcher use oraclejdk7
Switching to Oracle JDK7 (java-7-oracle), JAVA_HOME will be set to /usr/lib/jvm/java-7-oracle
travis_fold:start:cache.1[0KSetting up build cache
$ export CASHER_DIR=$HOME/.casher
travis_time:start:3098efec[0K$ Installing caching utilities

travis_time:end:3098efec:start=1466757835804809803,finish=1466757835848398775,duration=43588972[0Ktravis_time:start:16e0ec38[0K
travis_time:end:16e0ec38:start=1466757835853250205,finish=1466757835856532791,duration=3282586[0Ktravis_time:start:1ebe8ca2[0K[32;1mattempting to download cache archive[0m
[32;1mfetching master/cache-linux-precise-4722ea394922d42b2b7eb84cff6efc764d76759821ac6f6efc13232aa923f595--jdk-oraclejdk7.tgz[0m
[32;1mfound cache[0m

travis_time:end:1ebe8ca2:start=1466757835860178355,finish=1466757843116146374,duration=7255968019[0Ktravis_time:start:03a19890[0K
travis_time:end:03a19890:start=1466757843120073979,finish=1466757843123322900,duration=3248921[0Ktravis_time:start:045821b2[0K[32;1madding /home/travis/.m2/repository to cache[0m
[32;1madding /home/travis/.rvm to cache[0m
[32;1madding /home/travis/.nvm to cache[0m

travis_time:end:045821b2:start=1466757843127059606,finish=1466757853816580898,duration=10689521292[0Ktravis_fold:end:cache.1[0K$ java -Xmx32m -version
java version "1.7.0_76"
Java(TM) SE Runtime Environment (build 1.7.0_76-b13)
Java HotSpot(TM) 64-Bit Server VM (build 24.76-b04, mixed mode)
$ javac -J-Xmx32m -version
javac 1.7.0_76
travis_fold:start:before_install.1[0Ktravis_time:start:0dfd50e0[0K$ rvm use 2.1.5 --install
[32mUsing /home/travis/.rvm/gems/ruby-2.1.5[0m

travis_time:end:0dfd50e0:start=1466757854216630987,finish=1466757854455093150,duration=238462163[0Ktravis_fold:end:before_install.1[0Ktravis_fold:start:before_install.2[0Ktravis_time:start:1ac94eba[0K$ nvm install 0.12.2
v0.12.2 is already installed.
Now using node v0.12.2

travis_time:end:1ac94eba:start=1466757854459276694,finish=1466757854747241300,duration=287964606[0Ktravis_fold:end:before_install.2[0Ktravis_fold:start:before_install.3[0Ktravis_time:start:14dfead4[0K$ nvm use 0.12.2
Now using node v0.12.2

travis_time:end:14dfead4:start=1466757854751250129,finish=1466757854805179750,duration=53929621[0Ktravis_fold:end:before_install.3[0Ktravis_fold:start:install[0Ktravis_time:start:02ab6113[0K$ /bin/bash ./dev-tools/travis/travis-install.sh `pwd`
Python version :   Python 2.7.3
Maven version  :   Apache Maven 3.2.5 (12a6b3acb947671f09b81f49094c53f426d8cea1; 2014-12-14T17:29:23+00:00) Maven home: /usr/local/maven Java version: 1.7.0_76, vendor: Oracle Corporation Java home: /usr/lib/jvm/java-7-oracle/jre Default locale: en_US, platform encoding: UTF-8 OS name: "linux", version: "3.13.0-40-generic", arch: "amd64", family: "unix"
['mvn', 'clean', 'install', '-DskipTests', '-Pnative', '--batch-mode'] writing to install.txt
1 seconds 1 log lines11 seconds 282 log lines30 seconds 323 log lines40 seconds 344 log lines52 seconds 572 log lines63 seconds 652 log lines77 seconds 874 log lines87 seconds 967 log lines97 seconds 1181 log lines107 seconds 1320 log lines122 seconds 1473 log lines132 seconds 1776 log lines143 seconds 2184 log lines159 seconds 2377 log lines173 seconds 2679 log lines173 seconds 2680 log lines
['mvn', 'clean', 'install', '-DskipTests', '-Pnative', '--batch-mode'] done 0

travis_time:end:02ab6113:start=1466757854809313872,finish=1466758028581311674,duration=173771997802[0Ktravis_fold:end:install[0Ktravis_time:start:199bfc79[0K$ /bin/bash ./dev-tools/travis/travis-script.sh `pwd` $MODULES
Python version :   Python 2.7.3
Ruby version   :   ruby 2.1.5p273 (2014-11-13 revision 48405) [x86_64-linux]
NodeJs version :   v0.12.2
Maven version  :   Apache Maven 3.2.5 (12a6b3acb947671f09b81f49094c53f426d8cea1; 2014-12-14T17:29:23+00:00) Maven home: /usr/local/maven Java version: 1.7.0_76, vendor: Oracle Corporation Java home: /usr/lib/jvm/java-7-oracle/jre Default locale: en_US, platform encoding: UTF-8 OS name: "linux", version: "3.13.0-40-generic", arch: "amd64", family: "unix"
[INFO] Scanning for projects...
[INFO]                                                                         
[INFO] ------------------------------------------------------------------------
[INFO] Building Storm Core 2.0.0-SNAPSHOT
[INFO] ------------------------------------------------------------------------
[INFO] 
[INFO] --- exec-maven-plugin:1.2.1:exec (default) @ storm-core ---
[INFO] 
[INFO] --- maven-remote-resources-plugin:1.2.1:process (default) @ storm-core ---
[INFO] 
[INFO] --- storm-maven-plugins:2.0.0-SNAPSHOT:version-info (version-info) @ storm-core ---
[WARNING] [svn, info] failed with error code 1
[INFO] SCM: GIT
[INFO] Computed MD5: 48128abffaa66d474d58e337e5ce3aa
[INFO] 
[INFO] --- maven-resources-plugin:2.5:resources (default-resources) @ storm-core ---
[debug] execute contextualize
[INFO] Using 'UTF-8' encoding to copy filtered resources.
[INFO] Copying 9 resources
[INFO] Copying 1 resource to META-INF
[INFO] Copying 0 resource
[INFO] Copying 1 resource
[INFO] Copying 3 resources
[INFO] 
[INFO] --- maven-compiler-plugin:3.1:compile (default-compile) @ storm-core ---
[INFO] Nothing to compile - all classes are up to date
[INFO] 
[INFO] --- clojure-maven-plugin:1.7.1:compile (compile-clojure) @ storm-core ---
Compiling org.apache.storm.daemon.worker to /home/travis/build/apache/storm/storm-core/target/classes
Compiling org.apache.storm.metric.testing to /home/travis/build/apache/storm/storm-core/target/classes
Compiling org.apache.storm.testing to /home/travis/build/apache/storm/storm-core/target/classes
08:47:22.559 [main] WARN  o.a.s.m.StormMetricsRegistry - Metric ui:num-topology-op-response-http-requests has already been registered
08:47:22.560 [main] WARN  o.a.s.m.StormMetricsRegistry - Metric ui:num-topology-op-response-http-requests has already been registered
Compiling org.apache.storm.converter to /home/travis/build/apache/storm/storm-core/target/classes
Compiling org.apache.storm.util to /home/travis/build/apache/storm/storm-core/target/classes
Compiling org.apache.storm.command.heartbeats to /home/travis/build/apache/storm/storm-core/target/classes
Compiling org.apache.storm.blobstore to /home/travis/build/apache/storm/storm-core/target/classes
Compiling org.apache.storm.daemon.common to /home/travis/build/apache/storm/storm-core/target/classes
Compiling org.apache.storm.daemon.local-supervisor to /home/travis/build/apache/storm/storm-core/target/classes
Compiling org.apache.storm.command.get-errors to /home/travis/build/apache/storm/storm-core/target/classes
Compiling org.apache.storm.command.blobstore to /home/travis/build/apache/storm/storm-core/target/classes
Compiling org.apache.storm.trident.testing to /home/travis/build/apache/storm/storm-core/target/classes
Compiling org.apache.storm.daemon.drpc to /home/travis/build/apache/storm/storm-core/target/classes
Compiling org.apache.storm.config to /home/travis/build/apache/storm/storm-core/target/classes
Compiling org.apache.storm.testing4j to /home/travis/build/apache/storm/storm-core/target/classes
Compiling org.apache.storm.scheduler.IsolationScheduler to /home/travis/build/apache/storm/storm-core/target/classes
Compiling org.apache.storm.ui.helpers to /home/travis/build/apache/storm/storm-core/target/classes
Compiling org.apache.storm.log to /home/travis/build/apache/storm/storm-core/target/classes
Compiling org.apache.storm.daemon.executor to /home/travis/build/apache/storm/storm-core/target/classes
Compiling org.apache.storm.command.shell-submission to /home/travis/build/apache/storm/storm-core/target/classes
Compiling org.apache.storm.internal.clojure to /home/travis/build/apache/storm/storm-core/target/classes
Compiling org.apache.storm.internal.thrift to /home/travis/build/apache/storm/storm-core/target/classes
Compiling org.apache.storm.daemon.logviewer to /home/travis/build/apache/storm/storm-core/target/classes
Compiling org.apache.storm.daemon.nimbus to /home/travis/build/apache/storm/storm-core/target/classes
Compiling org.apache.storm.LocalCluster to /home/travis/build/apache/storm/storm-core/target/classes
Compiling org.apache.storm.local-state-converter to /home/travis/build/apache/storm/storm-core/target/classes
Compiling org.apache.storm.ui.core to /home/travis/build/apache/storm/storm-core/target/classes
[INFO] 
[INFO] --- make-maven-plugin:1.0-beta-1:autoreconf (compile) @ storm-core ---
[INFO] 
[INFO] --- make-maven-plugin:1.0-beta-1:configure (compile) @ storm-core ---
[INFO] /bin/sh: 14: /home/travis/.jdk_switcher_rc: [[: not found
[INFO] /bin/sh: 22: /home/travis/.jdk_switcher_rc: [[: not found
[INFO] /bin/sh: 32: /home/travis/.jdk_switcher_rc: [[: not found
[INFO] /bin/sh: 42: /home/travis/.jdk_switcher_rc: [[: not found
[INFO] /bin/sh: 3: /etc/profile.d/rvm.sh: [[: not found
[INFO] checking for gcc... gcc
[INFO] checking whether the C compiler works... yes
[INFO] checking for C compiler default output file name... a.out
[INFO] checking for suffix of executables... 
[INFO] checking whether we are cross compiling... no
[INFO] checking for suffix of object files... o
[INFO] checking whether we are using the GNU C compiler... yes
[INFO] checking whether gcc accepts -g... yes
[INFO] checking for gcc option to accept ISO C89... none needed
[INFO] checking how to run the C preprocessor... gcc -E
[INFO] checking for grep that handles long lines and -e... /bin/grep
[INFO] checking for egrep... /bin/grep -E
[INFO] checking for ANSI C header files... yes
[INFO] checking for sys/types.h... yes
[INFO] checking for sys/stat.h... yes
[INFO] checking for stdlib.h... yes
[INFO] checking for string.h... yes
[INFO] checking for memory.h... yes
[INFO] checking for strings.h... yes
[INFO] checking for inttypes.h... yes
[INFO] checking for stdint.h... yes
[INFO] checking for unistd.h... yes
[INFO] checking minix/config.h usability... no
[INFO] checking minix/config.h presence... no
[INFO] checking for minix/config.h... no
[INFO] checking whether it is safe to define __EXTENSIONS__... yes
[INFO] checking for a BSD-compatible install... /usr/bin/install -c
[INFO] checking whether build environment is sane... yes
[INFO] checking for a thread-safe mkdir -p... /bin/mkdir -p
[INFO] checking for gawk... gawk
[INFO] checking whether make sets $(MAKE)... yes
[INFO] checking for style of include used by make... GNU
[INFO] checking dependency style of gcc... gcc3
[INFO] checking for gcc... (cached) gcc
[INFO] checking whether we are using the GNU C compiler... (cached) yes
[INFO] checking whether gcc accepts -g... (cached) yes
[INFO] checking for gcc option to accept ISO C89... (cached) none needed
[INFO] checking whether gcc and cc understand -c and -o together... yes
[INFO] checking for unistd.h... (cached) yes
[INFO] checking for stdbool.h that conforms to C99... yes
[INFO] checking for _Bool... yes
[INFO] checking for an ANSI C-conforming const... yes
[INFO] checking for off_t... yes
[INFO] checking for size_t... yes
[INFO] checking whether strerror_r is declared... yes
[INFO] checking for strerror_r... yes
[INFO] checking whether strerror_r returns char *... yes
[INFO] checking for mkdir... yes
[INFO] checking for uname... yes
[INFO] configure: creating ./config.status
[INFO] config.status: creating Makefile
[INFO] config.status: executing depfiles commands
[INFO] 
[INFO] --- make-maven-plugin:1.0-beta-1:make-install (compile) @ storm-core ---
[INFO] /bin/sh: 14: /home/travis/.jdk_switcher_rc: [[: not found
[INFO] /bin/sh: 22: /home/travis/.jdk_switcher_rc: [[: not found
[INFO] /bin/sh: 32: /home/travis/.jdk_switcher_rc: [[: not found
[INFO] /bin/sh: 42: /home/travis/.jdk_switcher_rc: [[: not found
[INFO] /bin/sh: 3: /etc/profile.d/rvm.sh: [[: not found
[INFO] make[1]: Entering directory `/home/travis/build/apache/storm/storm-core/target/native/worker-launcher'
[INFO] test -z "/usr/local/bin" || /bin/mkdir -p "/home/travis/build/apache/storm/storm-core/target/native/target/usr/local/bin"
[INFO]   /usr/bin/install -c worker-launcher '/home/travis/build/apache/storm/storm-core/target/native/target/usr/local/bin'
[INFO] make[1]: Nothing to be done for `install-data-am'.
[INFO] make[1]: Leaving directory `/home/travis/build/apache/storm/storm-core/target/native/worker-launcher'
[INFO] 
[INFO] --- maven-resources-plugin:2.5:testResources (default-testResources) @ storm-core ---
[debug] execute contextualize
[INFO] Using 'UTF-8' encoding to copy filtered resources.
[INFO] Copying 14 resources
[INFO] Copying 2 resources
[INFO] Copying 3 resources
[INFO] 
[INFO] --- maven-dependency-plugin:2.8:unpack (unpack) @ storm-core ---
[INFO] Configured Artifact: org.apache.storm:multilang-ruby:2.0.0-SNAPSHOT:jar
[INFO] Downloading: https://repository.apache.org/snapshots/org/apache/storm/multilang-ruby/2.0.0-SNAPSHOT/maven-metadata.xml
[INFO] Configured Artifact: org.apache.storm:multilang-python:2.0.0-SNAPSHOT:jar
[INFO] Downloading: https://repository.apache.org/snapshots/org/apache/storm/multilang-python/2.0.0-SNAPSHOT/maven-metadata.xml
[INFO] Configured Artifact: org.apache.storm:multilang-javascript:2.0.0-SNAPSHOT:jar
[INFO] Downloading: https://repository.apache.org/snapshots/org/apache/storm/multilang-javascript/2.0.0-SNAPSHOT/maven-metadata.xml
[INFO] multilang-ruby-2.0.0-SNAPSHOT.jar already unpacked.
[INFO] multilang-python-2.0.0-SNAPSHOT.jar already unpacked.
[INFO] multilang-javascript-2.0.0-SNAPSHOT.jar already unpacked.
[INFO] 
[INFO] --- maven-compiler-plugin:3.1:testCompile (default-testCompile) @ storm-core ---
[INFO] Changes detected - recompiling the module!
[INFO] Compiling 52 source files to /home/travis/build/apache/storm/storm-core/target/test-classes
[WARNING] /home/travis/build/apache/storm/storm-core/test/jvm/org/apache/storm/localizer/LocalizerTest.java: Some input files use or override a deprecated API.
[WARNING] /home/travis/build/apache/storm/storm-core/test/jvm/org/apache/storm/localizer/LocalizerTest.java: Recompile with -Xlint:deprecation for details.
[WARNING] /home/travis/build/apache/storm/storm-core/test/jvm/org/apache/storm/command/TestCLI.java: Some input files use unchecked or unsafe operations.
[WARNING] /home/travis/build/apache/storm/storm-core/test/jvm/org/apache/storm/command/TestCLI.java: Recompile with -Xlint:unchecked for details.
[INFO] 
[INFO] --- maven-surefire-plugin:2.18.1:test (default-test) @ storm-core ---
[INFO] Surefire report directory: /home/travis/build/apache/storm/storm-core/target/surefire-reports
[INFO] parallel='none', perCoreThreadCount=true, threadCount=0, useUnlimitedThreads=false, threadCountSuites=0, threadCountClasses=0, threadCountMethods=0, parallelOptimized=true

-------------------------------------------------------
 T E S T S
-------------------------------------------------------
Running org.apache.storm.cluster.StormClusterStateImplTest
Tests run: 5, Failures: 0, Errors: 0, Skipped: 0, Time elapsed: 0.252 sec - in org.apache.storm.cluster.StormClusterStateImplTest
Running org.apache.storm.serialization.GzipBridgeThriftSerializationDelegateTest
Tests run: 3, Failures: 0, Errors: 0, Skipped: 0, Time elapsed: 0.013 sec - in org.apache.storm.serialization.GzipBridgeThriftSerializationDelegateTest
Running org.apache.storm.serialization.GzipBridgeSerializationDelegateTest
Tests run: 3, Failures: 0, Errors: 0, Skipped: 0, Time elapsed: 0.013 sec - in org.apache.storm.serialization.GzipBridgeSerializationDelegateTest
Running org.apache.storm.serialization.SerializationTest
Tests run: 3, Failures: 0, Errors: 0, Skipped: 0, Time elapsed: 1.371 sec - in org.apache.storm.serialization.SerializationTest
Running org.apache.storm.serialization.ThriftBridgeSerializationDelegateTest
Tests run: 1, Failures: 0, Errors: 0, Skipped: 0, Time elapsed: 0.003 sec - in org.apache.storm.serialization.ThriftBridgeSerializationDelegateTest
Running org.apache.storm.grouping.PartialKeyGroupingTest
Tests run: 2, Failures: 0, Errors: 0, Skipped: 0, Time elapsed: 0.02 sec - in org.apache.storm.grouping.PartialKeyGroupingTest
Running org.apache.storm.command.TestCLI
Tests run: 1, Failures: 0, Errors: 0, Skipped: 0, Time elapsed: 0.011 sec - in org.apache.storm.command.TestCLI
Running org.apache.storm.command.RebalanceTest
Tests run: 2, Failures: 0, Errors: 0, Skipped: 0, Time elapsed: 0.001 sec - in org.apache.storm.command.RebalanceTest
Running org.apache.storm.command.SetLogLevelTest
Tests run: 3, Failures: 0, Errors: 0, Skipped: 0, Time elapsed: 0.006 sec - in org.apache.storm.command.SetLogLevelTest
Running org.apache.storm.utils.UtilsTest
Tests run: 8, Failures: 0, Errors: 0, Skipped: 0, Time elapsed: 0.09 sec - in org.apache.storm.utils.UtilsTest
Running org.apache.storm.utils.DisruptorQueueTest
Tests run: 3, Failures: 0, Errors: 0, Skipped: 0, Time elapsed: 3.59 sec - in org.apache.storm.utils.DisruptorQueueTest
Running org.apache.storm.utils.DisruptorQueueBackpressureTest
Tests run: 1, Failures: 0, Errors: 0, Skipped: 0, Time elapsed: 0 sec - in org.apache.storm.utils.DisruptorQueueBackpressureTest
Running org.apache.storm.utils.StormBoundedExponentialBackoffRetryTest
Tests run: 5, Failures: 0, Errors: 0, Skipped: 0, Time elapsed: 0.085 sec - in org.apache.storm.utils.StormBoundedExponentialBackoffRetryTest
Running org.apache.storm.utils.TimeTest
Tests run: 8, Failures: 0, Errors: 0, Skipped: 0, Time elapsed: 0.003 sec - in org.apache.storm.utils.TimeTest
Running org.apache.storm.utils.ThriftTopologyUtilsTest
Tests run: 5, Failures: 0, Errors: 0, Skipped: 0, Time elapsed: 0.017 sec - in org.apache.storm.utils.ThriftTopologyUtilsTest
Running org.apache.storm.utils.WorkerBackpressureThreadTest
Tests run: 1, Failures: 0, Errors: 0, Skipped: 0, Time elapsed: 0.203 sec - in org.apache.storm.utils.WorkerBackpressureThreadTest
Running org.apache.storm.utils.ShellBoltMessageQueueTest
Tests run: 3, Failures: 0, Errors: 0, Skipped: 0, Time elapsed: 2.012 sec - in org.apache.storm.utils.ShellBoltMessageQueueTest
Running org.apache.storm.metric.internal.CountStatAndMetricTest
Tests run: 1, Failures: 0, Errors: 0, Skipped: 0, Time elapsed: 0.001 sec - in org.apache.storm.metric.internal.CountStatAndMetricTest
Running org.apache.storm.metric.internal.RateTrackerTest
Tests run: 4, Failures: 0, Errors: 0, Skipped: 0, Time elapsed: 0.002 sec - in org.apache.storm.metric.internal.RateTrackerTest
Running org.apache.storm.metric.internal.LatencyStatAndMetricTest
Tests run: 1, Failures: 0, Errors: 0, Skipped: 0, Time elapsed: 0.011 sec - in org.apache.storm.metric.internal.LatencyStatAndMetricTest
Running org.apache.storm.metric.filter.FilterByMetricNameTest
Tests run: 4, Failures: 0, Errors: 0, Skipped: 0, Time elapsed: 0.019 sec - in org.apache.storm.metric.filter.FilterByMetricNameTest
Running org.apache.storm.scheduler.resource.strategies.scheduling.TestDefaultResourceAwareStrategy
Tests run: 2, Failures: 0, Errors: 0, Skipped: 0, Time elapsed: 0.656 sec - in org.apache.storm.scheduler.resource.strategies.scheduling.TestDefaultResourceAwareStrategy
Running org.apache.storm.scheduler.resource.TestResourceAwareScheduler
Tests run: 14, Failures: 0, Errors: 0, Skipped: 0, Time elapsed: 7.939 sec - in org.apache.storm.scheduler.resource.TestResourceAwareScheduler
Running org.apache.storm.scheduler.resource.TestUser
Tests run: 3, Failures: 0, Errors: 0, Skipped: 0, Time elapsed: 2.35 sec - in org.apache.storm.scheduler.resource.TestUser
Running org.apache.storm.localizer.LocalizerTest
Tests run: 13, Failures: 0, Errors: 0, Skipped: 0, Time elapsed: 0.547 sec - in org.apache.storm.localizer.LocalizerTest
Running org.apache.storm.localizer.LocalizedResourceRetentionSetTest
Tests run: 2, Failures: 0, Errors: 0, Skipped: 0, Time elapsed: 0.046 sec - in org.apache.storm.localizer.LocalizedResourceRetentionSetTest
Running org.apache.storm.localizer.LocalizedResourceSetTest
Tests run: 4, Failures: 0, Errors: 0, Skipped: 0, Time elapsed: 0.003 sec - in org.apache.storm.localizer.LocalizedResourceSetTest
Running org.apache.storm.spout.CheckpointSpoutTest
Tests run: 7, Failures: 0, Errors: 0, Skipped: 0, Time elapsed: 0.201 sec - in org.apache.storm.spout.CheckpointSpoutTest
Running org.apache.storm.blobstore.ClientBlobStoreTest
Tests run: 4, Failures: 0, Errors: 0, Skipped: 0, Time elapsed: 0.012 sec - in org.apache.storm.blobstore.ClientBlobStoreTest
Running org.apache.storm.blobstore.BlobStoreTest
Tests run: 4, Failures: 0, Errors: 0, Skipped: 0, Time elapsed: 1.033 sec - in org.apache.storm.blobstore.BlobStoreTest
Running org.apache.storm.blobstore.BlobSynchronizerTest
Tests run: 4, Failures: 0, Errors: 0, Skipped: 0, Time elapsed: 1.864 sec - in org.apache.storm.blobstore.BlobSynchronizerTest
Running org.apache.storm.topology.StatefulWindowedBoltExecutorTest
Tests run: 4, Failures: 0, Errors: 0, Skipped: 0, Time elapsed: 0.863 sec - in org.apache.storm.topology.StatefulWindowedBoltExecutorTest
Running org.apache.storm.topology.TopologyBuilderTest
Tests run: 5, Failures: 0, Errors: 0, Skipped: 0, Time elapsed: 0.221 sec - in org.apache.storm.topology.TopologyBuilderTest
Running org.apache.storm.topology.StatefulBoltExecutorTest
Tests run: 7, Failures: 0, Errors: 0, Skipped: 0, Time elapsed: 0.153 sec - in org.apache.storm.topology.StatefulBoltExecutorTest
Running org.apache.storm.topology.WindowedBoltExecutorTest
Tests run: 5, Failures: 0, Errors: 0, Skipped: 0, Time elapsed: 0.09 sec - in org.apache.storm.topology.WindowedBoltExecutorTest
Running org.apache.storm.state.InMemoryKeyValueStateTest
Tests run: 2, Failures: 0, Errors: 0, Skipped: 0, Time elapsed: 0 sec - in org.apache.storm.state.InMemoryKeyValueStateTest
Running org.apache.storm.windowing.WaterMarkEventGeneratorTest
Tests run: 5, Failures: 0, Errors: 0, Skipped: 0, Time elapsed: 0.007 sec - in org.apache.storm.windowing.WaterMarkEventGeneratorTest
Running org.apache.storm.windowing.WindowManagerTest
Tests run: 10, Failures: 0, Errors: 0, Skipped: 0, Time elapsed: 0.017 sec - in org.apache.storm.windowing.WindowManagerTest
Running org.apache.storm.trident.TestTridentTopology
Tests run: 1, Failures: 0, Errors: 0, Skipped: 0, Time elapsed: 13.348 sec - in org.apache.storm.trident.TestTridentTopology
Running org.apache.storm.trident.TridentWindowingTest
Tests run: 3, Failures: 0, Errors: 0, Skipped: 0, Time elapsed: 0.007 sec - in org.apache.storm.trident.TridentWindowingTest
Running org.apache.storm.nimbus.LocalNimbusTest
Tests run: 1, Failures: 0, Errors: 0, Skipped: 0, Time elapsed: 9.838 sec - in org.apache.storm.nimbus.LocalNimbusTest
Running org.apache.storm.TestConfigValidate
Tests run: 25, Failures: 0, Errors: 0, Skipped: 0, Time elapsed: 0.171 sec - in org.apache.storm.TestConfigValidate
Running org.apache.storm.PacemakerTest
Tests run: 9, Failures: 0, Errors: 0, Skipped: 0, Time elapsed: 0.129 sec - in org.apache.storm.PacemakerTest
Running org.apache.storm.TestCgroups
Tests run: 1, Failures: 0, Errors: 0, Skipped: 1, Time elapsed: 0.011 sec - in org.apache.storm.TestCgroups
Running org.apache.storm.PaceMakerStateStorageFactoryTest
Tests run: 10, Failures: 0, Errors: 0, Skipped: 0, Time elapsed: 0.001 sec - in org.apache.storm.PaceMakerStateStorageFactoryTest

Results :

Tests run: 212, Failures: 0, Errors: 0, Skipped: 1

[INFO] 
[INFO] --- clojure-maven-plugin:1.7.1:test (test-clojure) @ storm-core ---
3426 [main] WARN  o.a.s.m.StormMetricsRegistry - Metric ui:num-topology-op-response-http-requests has already been registered
3427 [main] WARN  o.a.s.m.StormMetricsRegistry - Metric ui:num-topology-op-response-http-requests has already been registered
4202 [main] WARN  o.a.s.m.StormMetricsRegistry - Metric drpc:num-execute-http-requests has already been registered
Running org.apache.storm.drpc-test
18199 [Thread-141] INFO  o.a.s.u.Utils - Async loop interrupted!
20531 [Thread-180] INFO  o.a.s.u.Utils - Async loop interrupted!
27865 [Thread-231] INFO  o.a.s.u.Utils - Async loop interrupted!
Tests run: 9, Passed: 17, Failures: 0, Errors: 0
Running org.apache.storm.security.auth.ThriftServer-test
Tests run: 2, Passed: 1, Failures: 0, Errors: 0
Running org.apache.storm.messaging.netty-unit-test
Tests run: 5, Passed: 16, Failures: 0, Errors: 1
Running org.apache.storm.logviewer-test
Tests run: 12, Passed: 118, Failures: 0, Errors: 0
Running org.apache.storm.clojure-test
Tests run: 3, Passed: 5, Failures: 0, Errors: 0
Running org.apache.storm.trident.state-test
Tests run: 5, Passed: 37, Failures: 0, Errors: 0
Running org.apache.storm.tuple-test
Tests run: 4, Passed: 13, Failures: 0, Errors: 0
Running integration.org.apache.storm.integration-test
51393 [Thread-281] INFO  o.a.s.u.Utils - Async loop interrupted!
Tests run: 18, Passed: 51, Failures: 0, Errors: 0
Running org.apache.storm.security.auth.AuthUtils-test
Tests run: 5, Passed: 6, Failures: 0, Errors: 0
Running org.apache.storm.security.auth.drpc-auth-test
Tests run: 4, Passed: 22, Failures: 0, Errors: 0
Running org.apache.storm.security.auth.ReqContext-test
Tests run: 3, Passed: 4, Failures: 0, Errors: 0
Running org.apache.storm.security.serialization.BlowfishTupleSerializer-test
Tests run: 3, Passed: 3, Failures: 0, Errors: 0
Running org.apache.storm.serialization.SerializationFactory-test
Tests run: 3, Passed: 3, Failures: 0, Errors: 0
Running org.apache.storm.metrics-test
Tests run: 8, Passed: 66, Failures: 0, Errors: 0
Running org.apache.storm.security.auth.auth-test
91744 [Thread-1167] INFO  o.a.s.u.Utils - Async loop interrupted!
Tests run: 13, Passed: 94, Failures: 0, Errors: 0
Running org.apache.storm.messaging.netty-integration-test
Tests run: 1, Passed: 1, Failures: 0, Errors: 0
Running org.apache.storm.transactional-test
Tests run: 7, Passed: 110, Failures: 0, Errors: 0
Running org.apache.storm.messaging-test
Tests run: 1, Passed: 2, Failures: 0, Errors: 0
Running org.apache.storm.supervisor-test
Tests run: 20, Passed: 52, Failures: 0, Errors: 0
Running org.apache.storm.subtopology-test
Tests run: 0, Passed: 0, Failures: 0, Errors: 0
Running integration.org.apache.storm.trident.integration-test
Tests run: 9, Passed: 141, Failures: 0, Errors: 0
Running org.apache.storm.versioned-store-test
Tests run: 2, Passed: 5, Failures: 0, Errors: 0
Running org.apache.storm.utils.ZookeeperServerCnxnFactory-test
Tests run: 2, Passed: 3, Failures: 0, Errors: 0
Running org.apache.storm.security.auth.DefaultHttpCredentialsPlugin-test
Tests run: 2, Passed: 8, Failures: 0, Errors: 0
Running org.apache.storm.fields-test
Tests run: 2, Passed: 22, Failures: 0, Errors: 0
Running org.apache.storm.submitter-test
Tests run: 1, Passed: 13, Failures: 0, Errors: 0
Running org.apache.storm.cluster-test
Tests run: 10, Passed: 92, Failures: 0, Errors: 0
Running org.apache.storm.security.auth.authorizer.DRPCSimpleACLAuthorizer-test
Tests run: 7, Passed: 37, Failures: 0, Errors: 0
Running org.apache.storm.nimbus-test
Tests run: 43, Passed: 789, Failures: 0, Errors: 0
Running org.apache.storm.security.auth.auto-login-module-test
Tests run: 6, Passed: 22, Failures: 0, Errors: 0
Running org.apache.storm.security.auth.SaslTransportPlugin-test
Tests run: 2, Passed: 8, Failures: 0, Errors: 0
Running org.apache.storm.grouping-test
Tests run: 5, Passed: 15, Failures: 0, Errors: 0
Running org.apache.storm.serialization-test
Tests run: 1, Passed: 0, Failures: 0, Errors: 0
Running org.apache.storm.worker-test
Tests run: 8, Passed: 35, Failures: 0, Errors: 0
Running org.apache.storm.security.auth.nimbus-auth-test
Tests run: 5, Passed: 39, Failures: 0, Errors: 0
Running org.apache.storm.local-state-test
Tests run: 2, Passed: 10, Failures: 0, Errors: 0
Running org.apache.storm.scheduler-test
Tests run: 4, Passed: 64, Failures: 0, Errors: 0
Running integration.org.apache.storm.testing4j-test
Tests run: 8, Passed: 36, Failures: 0, Errors: 0
Running org.apache.storm.security.auth.ThriftClient-test
Tests run: 2, Passed: 4, Failures: 0, Errors: 0
Running org.apache.storm.tick-tuple-test
Tests run: 1, Passed: 1, Failures: 0, Errors: 0
Running org.apache.storm.scheduler.multitenant-scheduler-test
Tests run: 17, Passed: 235, Failures: 0, Errors: 0
Running org.apache.storm.trident.tuple-test
Tests run: 6, Passed: 36, Failures: 0, Errors: 0
[INFO] ------------------------------------------------------------------------
[INFO] BUILD FAILURE
[INFO] ------------------------------------------------------------------------
[INFO] Total time: 04:11 min
[INFO] Finished at: 2016-06-24T08:51:21+00:00
[INFO] Final Memory: 44M/425M
[INFO] ------------------------------------------------------------------------
[ERROR] Failed to execute goal com.theoryinpractise:clojure-maven-plugin:1.7.1:test (test-clojure) on project storm-core: Clojure failed. -> [Help 1]
[ERROR] 
[ERROR] To see the full stack trace of the errors, re-run Maven with the -e switch.
[ERROR] Re-run Maven using the -X switch to enable full debug logging.
[ERROR] 
[ERROR] For more information about the errors and possible solutions, please read the following articles:
[ERROR] [Help 1] http://cwiki.apache.org/confluence/display/MAVEN/MojoExecutionException
Looking for errors in ./storm-core/target/surefire-reports
Checking ./storm-core/target/surefire-reports/TEST-org.apache.storm.cluster.StormClusterStateImplTest.xml
Checking ./storm-core/target/surefire-reports/TEST-org.apache.storm.serialization.GzipBridgeThriftSerializationDelegateTest.xml
Checking ./storm-core/target/surefire-reports/TEST-org.apache.storm.serialization.GzipBridgeSerializationDelegateTest.xml
Checking ./storm-core/target/surefire-reports/TEST-org.apache.storm.serialization.SerializationTest.xml
Checking ./storm-core/target/surefire-reports/TEST-org.apache.storm.serialization.ThriftBridgeSerializationDelegateTest.xml
Checking ./storm-core/target/surefire-reports/TEST-org.apache.storm.grouping.PartialKeyGroupingTest.xml
Checking ./storm-core/target/surefire-reports/TEST-org.apache.storm.command.TestCLI.xml
Checking ./storm-core/target/surefire-reports/TEST-org.apache.storm.command.RebalanceTest.xml
Checking ./storm-core/target/surefire-reports/TEST-org.apache.storm.command.SetLogLevelTest.xml
Checking ./storm-core/target/surefire-reports/TEST-org.apache.storm.utils.UtilsTest.xml
Checking ./storm-core/target/surefire-reports/TEST-org.apache.storm.utils.DisruptorQueueTest.xml
Checking ./storm-core/target/surefire-reports/TEST-org.apache.storm.utils.DisruptorQueueBackpressureTest.xml
Checking ./storm-core/target/surefire-reports/TEST-org.apache.storm.utils.StormBoundedExponentialBackoffRetryTest.xml
Checking ./storm-core/target/surefire-reports/TEST-org.apache.storm.utils.TimeTest.xml
Checking ./storm-core/target/surefire-reports/TEST-org.apache.storm.utils.ThriftTopologyUtilsTest.xml
Checking ./storm-core/target/surefire-reports/TEST-org.apache.storm.utils.WorkerBackpressureThreadTest.xml
Checking ./storm-core/target/surefire-reports/TEST-org.apache.storm.utils.ShellBoltMessageQueueTest.xml
Checking ./storm-core/target/surefire-reports/TEST-org.apache.storm.metric.internal.CountStatAndMetricTest.xml
Checking ./storm-core/target/surefire-reports/TEST-org.apache.storm.metric.internal.RateTrackerTest.xml
Checking ./storm-core/target/surefire-reports/TEST-org.apache.storm.metric.internal.LatencyStatAndMetricTest.xml
Checking ./storm-core/target/surefire-reports/TEST-org.apache.storm.metric.filter.FilterByMetricNameTest.xml
Checking ./storm-core/target/surefire-reports/TEST-org.apache.storm.scheduler.resource.strategies.scheduling.TestDefaultResourceAwareStrategy.xml
Checking ./storm-core/target/surefire-reports/TEST-org.apache.storm.scheduler.resource.TestResourceAwareScheduler.xml
Checking ./storm-core/target/surefire-reports/TEST-org.apache.storm.scheduler.resource.TestUser.xml
Checking ./storm-core/target/surefire-reports/TEST-org.apache.storm.localizer.LocalizerTest.xml
Checking ./storm-core/target/surefire-reports/TEST-org.apache.storm.localizer.LocalizedResourceRetentionSetTest.xml
Checking ./storm-core/target/surefire-reports/TEST-org.apache.storm.localizer.LocalizedResourceSetTest.xml
Checking ./storm-core/target/surefire-reports/TEST-org.apache.storm.spout.CheckpointSpoutTest.xml
Checking ./storm-core/target/surefire-reports/TEST-org.apache.storm.blobstore.ClientBlobStoreTest.xml
Checking ./storm-core/target/surefire-reports/TEST-org.apache.storm.blobstore.BlobStoreTest.xml
Checking ./storm-core/target/surefire-reports/TEST-org.apache.storm.blobstore.BlobSynchronizerTest.xml
Checking ./storm-core/target/surefire-reports/TEST-org.apache.storm.topology.StatefulWindowedBoltExecutorTest.xml
Checking ./storm-core/target/surefire-reports/TEST-org.apache.storm.topology.TopologyBuilderTest.xml
Checking ./storm-core/target/surefire-reports/TEST-org.apache.storm.topology.StatefulBoltExecutorTest.xml
Checking ./storm-core/target/surefire-reports/TEST-org.apache.storm.topology.WindowedBoltExecutorTest.xml
Checking ./storm-core/target/surefire-reports/TEST-org.apache.storm.state.InMemoryKeyValueStateTest.xml
Checking ./storm-core/target/surefire-reports/TEST-org.apache.storm.windowing.WaterMarkEventGeneratorTest.xml
Checking ./storm-core/target/surefire-reports/TEST-org.apache.storm.windowing.WindowManagerTest.xml
Checking ./storm-core/target/surefire-reports/TEST-org.apache.storm.trident.TestTridentTopology.xml
Checking ./storm-core/target/surefire-reports/TEST-org.apache.storm.trident.TridentWindowingTest.xml
Checking ./storm-core/target/surefire-reports/TEST-org.apache.storm.nimbus.LocalNimbusTest.xml
Checking ./storm-core/target/surefire-reports/TEST-org.apache.storm.TestConfigValidate.xml
Checking ./storm-core/target/surefire-reports/TEST-org.apache.storm.PacemakerTest.xml
Checking ./storm-core/target/surefire-reports/TEST-org.apache.storm.TestCgroups.xml
Checking ./storm-core/target/surefire-reports/TEST-org.apache.storm.PaceMakerStateStorageFactoryTest.xml
Looking for errors in ./storm-core/target/test-reports
Checking ./storm-core/target/test-reports/org.apache.storm.drpc-test.xml
Checking ./storm-core/target/test-reports/org.apache.storm.security.auth.ThriftServer-test.xml
Checking ./storm-core/target/test-reports/org.apache.storm.messaging.netty-unit-test.xml
--------------------------------------------------
classname: org.apache.storm.messaging.netty-unit-test / testname: test-load
Uncaught exception, not in assertion.
expected: nil
  actual: java.lang.AssertionError: Test timed out (5000ms) (empty? (.getLoad client [(int 1) (int 2)]))
 at org.apache.storm.messaging.netty_unit_test$test_load_fn.invoke (netty_unit_test.clj:115)
    org.apache.storm.messaging.netty_unit_test/fn (netty_unit_test.clj:143)
    clojure.test$test_var$fn__7670.invoke (test.clj:704)
    clojure.test$test_var.invoke (test.clj:704)
    clojure.test$test_vars$fn__7692$fn__7697.invoke (test.clj:722)
    clojure.test$default_fixture.invoke (test.clj:674)
    clojure.test$test_vars$fn__7692.invoke (test.clj:722)
    clojure.test$default_fixture.invoke (test.clj:674)
    clojure.test$test_vars.invoke (test.clj:718)
    clojure.test$test_all_vars.invoke (test.clj:728)
    clojure.test$test_ns.invoke (test.clj:747)
    clojure.core$map$fn__4553.invoke (core.clj:2624)
    clojure.lang.LazySeq.sval (LazySeq.java:40)
    clojure.lang.LazySeq.seq (LazySeq.java:49)
    clojure.lang.Cons.next (Cons.java:39)
    clojure.lang.RT.boundedLength (RT.java:1735)
    clojure.lang.RestFn.applyTo (RestFn.java:130)
    clojure.core$apply.invoke (core.clj:632)
    clojure.test$run_tests.doInvoke (test.clj:762)
    clojure.lang.RestFn.invoke (RestFn.java:408)
    org.apache.storm.testrunner$eval9818$iter__9819__9823$fn__9824$fn__9825$fn__9826.invoke (test_runner.clj:107)
    org.apache.storm.testrunner$eval9818$iter__9819__9823$fn__9824$fn__9825.invoke (test_runner.clj:53)
    org.apache.storm.testrunner$eval9818$iter__9819__9823$fn__9824.invoke (test_runner.clj:52)
    clojure.lang.LazySeq.sval (LazySeq.java:40)
    clojure.lang.LazySeq.seq (LazySeq.java:49)
    clojure.lang.RT.seq (RT.java:507)
    clojure.core/seq (core.clj:137)
    clojure.core$dorun.invoke (core.clj:3009)
    org.apache.storm.testrunner$eval9818.invoke (test_runner.clj:52)
    clojure.lang.Compiler.eval (Compiler.java:6782)
    clojure.lang.Compiler.load (Compiler.java:7227)
    clojure.lang.Compiler.loadFile (Compiler.java:7165)
    clojure.main$load_script.invoke (main.clj:275)
    clojure.main$script_opt.invoke (main.clj:337)
    clojure.main$main.doInvoke (main.clj:421)
    clojure.lang.RestFn.invoke (RestFn.java:421)
    clojure.lang.Var.invoke (Var.java:383)
    clojure.lang.AFn.applyToHelper (AFn.java:156)
    clojure.lang.Var.applyTo (Var.java:700)
    clojure.main.main (main.java:37)

      at: test_runner.clj:105
-------------------- system-out --------------------

33528 [main] INFO  o.a.s.m.netty-unit-test - 2 test load
33528 [main] INFO  o.a.s.m.TransportFactory - Storm peer transport plugin:org.apache.storm.messaging.netty.Context
33530 [main] INFO  o.a.s.m.n.Server - Create Netty Server Netty-server-localhost-6700, buffer_size: 1024, maxWorkers: 1
33531 [main] INFO  o.a.s.m.n.Client - creating Netty Client, connecting to localhost:6700, bufferSize: 1024
33531 [main] INFO  o.a.s.m.netty-unit-test - Waiting until all Netty connections are ready...
33633 [main] INFO  o.a.s.m.netty-unit-test - All Netty connections are ready
38638 [main] INFO  o.a.s.m.netty-unit-test - Condition (empty? (.getLoad client [(int 1) (int 2)])) not met in 5000ms
38638 [main] INFO  o.a.s.m.netty-unit-test - "pool-235-thread-1" 
   lock: null owner: null
   java.lang.Thread.State: TIMED_WAITING
        at java.lang.Thread.sleep(Native Method)
        at org.jboss.netty.util.HashedWheelTimer$Worker.waitForNextTick(HashedWheelTimer.java:483)
        at org.jboss.netty.util.HashedWheelTimer$Worker.run(HashedWheelTimer.java:392)
        at org.jboss.netty.util.ThreadRenamingRunnable.run(ThreadRenamingRunnable.java:108)
        at java.lang.Thread.run(Thread.java:745)

"client-schedule-service-1" 
   lock: null owner: null
   java.lang.Thread.State: TIMED_WAITING
        at java.lang.Thread.sleep(Native Method)
        at org.jboss.netty.util.HashedWheelTimer$Worker.waitForNextTick(HashedWheelTimer.java:483)
        at org.jboss.netty.util.HashedWheelTimer$Worker.run(HashedWheelTimer.java:392)
        at org.jboss.netty.util.ThreadRenamingRunnable.run(ThreadRenamingRunnable.java:108)
        at java.lang.Thread.run(Thread.java:745)

"Netty-server-localhost-6700-boss-1" 
   lock: null owner: null
   java.lang.Thread.State: RUNNABLE
        at sun.nio.ch.EPollArrayWrapper.epollWait(Native Method)
        at sun.nio.ch.EPollArrayWrapper.poll(EPollArrayWrapper.java:269)
        at sun.nio.ch.EPollSelectorImpl.doSelect(EPollSelectorImpl.java:79)
        at sun.nio.ch.SelectorImpl.lockAndDoSelect(SelectorImpl.java:87)
        at sun.nio.ch.SelectorImpl.select(SelectorImpl.java:98)
        at sun.nio.ch.SelectorImpl.select(SelectorImpl.java:102)
        at org.jboss.netty.channel.socket.nio.NioServerBoss.select(NioServerBoss.java:163)
        at org.jboss.netty.channel.socket.nio.AbstractNioSelector.run(AbstractNioSelector.java:212)
        at org.jboss.netty.channel.socket.nio.NioServerBoss.run(NioServerBoss.java:42)
        at org.jboss.netty.util.ThreadRenamingRunnable.run(ThreadRenamingRunnable.java:108)
        at org.jboss.netty.util.internal.DeadLockProofWorker$1.run(DeadLockProofWorker.java:42)
        at java.util.concurrent.ThreadPoolExecutor.runWorker(ThreadPoolExecutor.java:1145)
        at java.util.concurrent.ThreadPoolExecutor$Worker.run(ThreadPoolExecutor.java:615)
        at java.lang.Thread.run(Thread.java:745)

"Netty-server-localhost-6700-worker-1" 
   lock: null owner: null
   java.lang.Thread.State: RUNNABLE
        at sun.nio.ch.EPollArrayWrapper.epollWait(Native Method)
        at sun.nio.ch.EPollArrayWrapper.poll(EPollArrayWrapper.java:269)
        at sun.nio.ch.EPollSelectorImpl.doSelect(EPollSelectorImpl.java:79)
        at sun.nio.ch.SelectorImpl.lockAndDoSelect(SelectorImpl.java:87)
        at sun.nio.ch.SelectorImpl.select(SelectorImpl.java:98)
        at org.jboss.netty.channel.socket.nio.SelectorUtil.select(SelectorUtil.java:68)
        at org.jboss.netty.channel.socket.nio.AbstractNioSelector.select(AbstractNioSelector.java:415)
        at org.jboss.netty.channel.socket.nio.AbstractNioSelector.run(AbstractNioSelector.java:212)
        at org.jboss.netty.channel.socket.nio.AbstractNioWorker.run(AbstractNioWorker.java:89)
        at org.jboss.netty.channel.socket.nio.NioWorker.run(NioWorker.java:178)
        at org.jboss.netty.util.ThreadRenamingRunnable.run(ThreadRenamingRunnable.java:108)
        at org.jboss.netty.util.internal.DeadLockProofWorker$1.run(DeadLockProofWorker.java:42)
        at java.util.concurrent.ThreadPoolExecutor.runWorker(ThreadPoolExecutor.java:1145)
        at java.util.concurrent.ThreadPoolExecutor$Worker.run(ThreadPoolExecutor.java:615)
        at java.lang.Thread.run(Thread.java:745)

"client-boss-1" 
   lock: null owner: null
   java.lang.Thread.State: RUNNABLE
        at sun.nio.ch.EPollArrayWrapper.epollWait(Native Method)
        at sun.nio.ch.EPollArrayWrapper.poll(EPollArrayWrapper.java:269)
        at sun.nio.ch.EPollSelectorImpl.doSelect(EPollSelectorImpl.java:79)
        at sun.nio.ch.SelectorImpl.lockAndDoSelect(SelectorImpl.java:87)
        at sun.nio.ch.SelectorImpl.select(SelectorImpl.java:98)
        at org.jboss.netty.channel.socket.nio.SelectorUtil.select(SelectorUtil.java:68)
        at org.jboss.netty.channel.socket.nio.AbstractNioSelector.select(AbstractNioSelector.java:415)
        at org.jboss.netty.channel.socket.nio.AbstractNioSelector.run(AbstractNioSelector.java:212)
        at org.jboss.netty.channel.socket.nio.NioClientBoss.run(NioClientBoss.java:42)
        at org.jboss.netty.util.ThreadRenamingRunnable.run(ThreadRenamingRunnable.java:108)
        at org.jboss.netty.util.internal.DeadLockProofWorker$1.run(DeadLockProofWorker.java:42)
        at java.util.concurrent.ThreadPoolExecutor.runWorker(ThreadPoolExecutor.java:1145)
        at java.util.concurrent.ThreadPoolExecutor$Worker.run(ThreadPoolExecutor.java:615)
        at java.lang.Thread.run(Thread.java:745)

"client-worker-1" 
   lock: null owner: null
   java.lang.Thread.State: RUNNABLE
        at sun.nio.ch.EPollArrayWrapper.epollWait(Native Method)
        at sun.nio.ch.EPollArrayWrapper.poll(EPollArrayWrapper.java:269)
        at sun.nio.ch.EPollSelectorImpl.doSelect(EPollSelectorImpl.java:79)
        at sun.nio.ch.SelectorImpl.lockAndDoSelect(SelectorImpl.java:87)
        at sun.nio.ch.SelectorImpl.select(SelectorImpl.java:98)
        at org.jboss.netty.channel.socket.nio.SelectorUtil.select(SelectorUtil.java:68)
        at org.jboss.netty.channel.socket.nio.AbstractNioSelector.select(AbstractNioSelector.java:415)
        at org.jboss.netty.channel.socket.nio.AbstractNioSelector.run(AbstractNioSelector.java:212)
        at org.jboss.netty.channel.socket.nio.AbstractNioWorker.run(AbstractNioWorker.java:89)
        at org.jboss.netty.channel.socket.nio.NioWorker.run(NioWorker.java:178)
        at org.jboss.netty.util.ThreadRenamingRunnable.run(ThreadRenamingRunnable.java:108)
        at org.jboss.netty.util.internal.DeadLockProofWorker$1.run(DeadLockProofWorker.java:42)
        at java.util.concurrent.ThreadPoolExecutor.runWorker(ThreadPoolExecutor.java:1145)
        at java.util.concurrent.ThreadPoolExecutor$Worker.run(ThreadPoolExecutor.java:615)
        at java.lang.Thread.run(Thread.java:745)

"Netty-ChannelAlive-Timer" 
   lock: java.util.TaskQueue@3cceb19 owner: null
   java.lang.Thread.State: TIMED_WAITING
        at java.lang.Object.wait(Native Method)
        at java.util.TimerThread.mainLoop(Timer.java:552)
        at java.util.TimerThread.run(Timer.java:505)

"Thread-281" 
   lock: null owner: null
   java.lang.Thread.State: TIMED_WAITING
        at java.lang.Thread.sleep(Native Method)
        at org.apache.storm.utils.Time.sleepUntil(Time.java:86)
        at org.apache.storm.utils.Time.sleep(Time.java:91)
        at org.apache.storm.utils.Time.sleepSecs(Time.java:96)
        at org.apache.storm.utils.Utils$6.run(Utils.java:2201)
        at java.lang.Thread.run(Thread.java:745)

"pool-230-thread-1" 
   lock: java.util.concurrent.locks.AbstractQueuedSynchronizer$ConditionObject@25eb842 owner: null
   java.lang.Thread.State: TIMED_WAITING
        at sun.misc.Unsafe.park(Native Method)
        at java.util.concurrent.locks.LockSupport.parkNanos(LockSupport.java:226)
        at java.util.concurrent.locks.AbstractQueuedSynchronizer$ConditionObject.awaitNanos(AbstractQueuedSynchronizer.java:2082)
        at java.util.concurrent.ScheduledThreadPoolExecutor$DelayedWorkQueue.take(ScheduledThreadPoolExecutor.java:1090)
        at java.util.concurrent.ScheduledThreadPoolExecutor$DelayedWorkQueue.take(ScheduledThreadPoolExecutor.java:807)
        at java.util.concurrent.ThreadPoolExecutor.getTask(ThreadPoolExecutor.java:1068)
        at java.util.concurrent.ThreadPoolExecutor.runWorker(ThreadPoolExecutor.java:1130)
        at java.util.concurrent.ThreadPoolExecutor$Worker.run(ThreadPoolExecutor.java:615)
        at java.lang.Thread.run(Thread.java:745)

"Localizer Cache Cleanup" 
   lock: java.util.concurrent.locks.AbstractQueuedSynchronizer$ConditionObject@1892f645 owner: null
   java.lang.Thread.State: TIMED_WAITING
        at sun.misc.Unsafe.park(Native Method)
        at java.util.concurrent.locks.LockSupport.parkNanos(LockSupport.java:226)
        at java.util.concurrent.locks.AbstractQueuedSynchronizer$ConditionObject.awaitNanos(AbstractQueuedSynchronizer.java:2082)
        at java.util.concurrent.ScheduledThreadPoolExecutor$DelayedWorkQueue.take(ScheduledThreadPoolExecutor.java:1090)
        at java.util.concurrent.ScheduledThreadPoolExecutor$DelayedWorkQueue.take(ScheduledThreadPoolExecutor.java:807)
        at java.util.concurrent.ThreadPoolExecutor.getTask(ThreadPoolExecutor.java:1068)
        at java.util.concurrent.ThreadPoolExecutor.runWorker(ThreadPoolExecutor.java:1130)
        at java.util.concurrent.ThreadPoolExecutor$Worker.run(ThreadPoolExecutor.java:615)
        at java.lang.Thread.run(Thread.java:745)

"Localizer Cache Cleanup" 
   lock: java.util.concurrent.locks.AbstractQueuedSynchronizer$ConditionObject@5866389d owner: null
   java.lang.Thread.State: TIMED_WAITING
        at sun.misc.Unsafe.park(Native Method)
        at java.util.concurrent.locks.LockSupport.parkNanos(LockSupport.java:226)
        at java.util.concurrent.locks.AbstractQueuedSynchronizer$ConditionObject.awaitNanos(AbstractQueuedSynchronizer.java:2082)
        at java.util.concurrent.ScheduledThreadPoolExecutor$DelayedWorkQueue.take(ScheduledThreadPoolExecutor.java:1090)
        at java.util.concurrent.ScheduledThreadPoolExecutor$DelayedWorkQueue.take(ScheduledThreadPoolExecutor.java:807)
        at java.util.concurrent.ThreadPoolExecutor.getTask(ThreadPoolExecutor.java:1068)
        at java.util.concurrent.ThreadPoolExecutor.runWorker(ThreadPoolExecutor.java:1130)
        at java.util.concurrent.ThreadPoolExecutor$Worker.run(ThreadPoolExecutor.java:615)
        at java.lang.Thread.run(Thread.java:745)

"Thread-237" 
   lock: null owner: null
   java.lang.Thread.State: TIMED_WAITING
        at java.lang.Thread.sleep(Native Method)
        at org.apache.storm.utils.Time.sleepUntil(Time.java:86)
        at org.apache.storm.utils.Time.sleep(Time.java:91)
        at org.apache.storm.utils.TimeCacheMap$1.run(TimeCacheMap.java:61)
        at java.lang.Thread.run(Thread.java:745)

"Thread-235" 
   lock: null owner: null
   java.lang.Thread.State: TIMED_WAITING
        at java.lang.Thread.sleep(Native Method)
        at org.apache.storm.utils.Time.sleepUntil(Time.java:86)
        at org.apache.storm.utils.Time.sleep(Time.java:91)
        at org.apache.storm.utils.TimeCacheMap$1.run(TimeCacheMap.java:61)
        at java.lang.Thread.run(Thread.java:745)

"Thread-232" 
   lock: null owner: null
   java.lang.Thread.State: TIMED_WAITING
        at java.lang.Thread.sleep(Native Method)
        at org.apache.storm.utils.Time.sleepUntil(Time.java:86)
        at org.apache.storm.utils.Time.sleep(Time.java:91)
        at org.apache.storm.utils.TimeCacheMap$1.run(TimeCacheMap.java:61)
        at java.lang.Thread.run(Thread.java:745)

"Thread-230" 
   lock: null owner: null
   java.lang.Thread.State: TIMED_WAITING
        at java.lang.Thread.sleep(Native Method)
        at org.apache.storm.utils.Time.sleepUntil(Time.java:86)
        at org.apache.storm.utils.Time.sleep(Time.java:91)
        at org.apache.storm.utils.Time.sleepSecs(Time.java:96)
        at org.apache.storm.utils.Utils$6.run(Utils.java:2201)
        at java.lang.Thread.run(Thread.java:745)

"pool-185-thread-1" 
   lock: java.util.concurrent.locks.AbstractQueuedSynchronizer$ConditionObject@1f0ef8c2 owner: null
   java.lang.Thread.State: TIMED_WAITING
        at sun.misc.Unsafe.park(Native Method)
        at java.util.concurrent.locks.LockSupport.parkNanos(LockSupport.java:226)
        at java.util.concurrent.locks.AbstractQueuedSynchronizer$ConditionObject.awaitNanos(AbstractQueuedSynchronizer.java:2082)
        at java.util.concurrent.ScheduledThreadPoolExecutor$DelayedWorkQueue.take(ScheduledThreadPoolExecutor.java:1090)
        at java.util.concurrent.ScheduledThreadPoolExecutor$DelayedWorkQueue.take(ScheduledThreadPoolExecutor.java:807)
        at java.util.concurrent.ThreadPoolExecutor.getTask(ThreadPoolExecutor.java:1068)
        at java.util.concurrent.ThreadPoolExecutor.runWorker(ThreadPoolExecutor.java:1130)
        at java.util.concurrent.ThreadPoolExecutor$Worker.run(ThreadPoolExecutor.java:615)
        at java.lang.Thread.run(Thread.java:745)

"Localizer Cache Cleanup" 
   lock: java.util.concurrent.locks.AbstractQueuedSynchronizer$ConditionObject@fed987c owner: null
   java.lang.Thread.State: TIMED_WAITING
        at sun.misc.Unsafe.park(Native Method)
        at java.util.concurrent.locks.LockSupport.parkNanos(LockSupport.java:226)
        at java.util.concurrent.locks.AbstractQueuedSynchronizer$ConditionObject.awaitNanos(AbstractQueuedSynchronizer.java:2082)
        at java.util.concurrent.ScheduledThreadPoolExecutor$DelayedWorkQueue.take(ScheduledThreadPoolExecutor.java:1090)
        at java.util.concurrent.ScheduledThreadPoolExecutor$DelayedWorkQueue.take(ScheduledThreadPoolExecutor.java:807)
        at java.util.concurrent.ThreadPoolExecutor.getTask(ThreadPoolExecutor.java:1068)
        at java.util.concurrent.ThreadPoolExecutor.runWorker(ThreadPoolExecutor.java:1130)
        at java.util.concurrent.ThreadPoolExecutor$Worker.run(ThreadPoolExecutor.java:615)
        at java.lang.Thread.run(Thread.java:745)

"Localizer Cache Cleanup" 
   lock: java.util.concurrent.locks.AbstractQueuedSynchronizer$ConditionObject@37b5fd0f owner: null
   java.lang.Thread.State: TIMED_WAITING
        at sun.misc.Unsafe.park(Native Method)
        at java.util.concurrent.locks.LockSupport.parkNanos(LockSupport.java:226)
        at java.util.concurrent.locks.AbstractQueuedSynchronizer$ConditionObject.awaitNanos(AbstractQueuedSynchronizer.java:2082)
        at java.util.concurrent.ScheduledThreadPoolExecutor$DelayedWorkQueue.take(ScheduledThreadPoolExecutor.java:1090)
        at java.util.concurrent.ScheduledThreadPoolExecutor$DelayedWorkQueue.take(ScheduledThreadPoolExecutor.java:807)
        at java.util.concurrent.ThreadPoolExecutor.getTask(ThreadPoolExecutor.java:1068)
        at java.util.concurrent.ThreadPoolExecutor.runWorker(ThreadPoolExecutor.java:1130)
        at java.util.concurrent.ThreadPoolExecutor$Worker.run(ThreadPoolExecutor.java:615)
        at java.lang.Thread.run(Thread.java:745)

"Thread-186" 
   lock: null owner: null
   java.lang.Thread.State: TIMED_WAITING
        at java.lang.Thread.sleep(Native Method)
        at org.apache.storm.utils.Time.sleepUntil(Time.java:86)
        at org.apache.storm.utils.Time.sleep(Time.java:91)
        at org.apache.storm.utils.TimeCacheMap$1.run(TimeCacheMap.java:61)
        at java.lang.Thread.run(Thread.java:745)

"Thread-184" 
   lock: null owner: null
   java.lang.Thread.State: TIMED_WAITING
        at java.lang.Thread.sleep(Native Method)
        at org.apache.storm.utils.Time.sleepUntil(Time.java:86)
        at org.apache.storm.utils.Time.sleep(Time.java:91)
        at org.apache.storm.utils.TimeCacheMap$1.run(TimeCacheMap.java:61)
        at java.lang.Thread.run(Thread.java:745)

"Thread-181" 
   lock: null owner: null
   java.lang.Thread.State: TIMED_WAITING
        at java.lang.Thread.sleep(Native Method)
        at org.apache.storm.utils.Time.sleepUntil(Time.java:86)
        at org.apache.storm.utils.Time.sleep(Time.java:91)
        at org.apache.storm.utils.TimeCacheMap$1.run(TimeCacheMap.java:61)
        at java.lang.Thread.run(Thread.java:745)

"pool-140-thread-1" 
   lock: java.util.concurrent.locks.AbstractQueuedSynchronizer$ConditionObject@cf9005c owner: null
   java.lang.Thread.State: TIMED_WAITING
        at sun.misc.Unsafe.park(Native Method)
        at java.util.concurrent.locks.LockSupport.parkNanos(LockSupport.java:226)
        at java.util.concurrent.locks.AbstractQueuedSynchronizer$ConditionObject.awaitNanos(AbstractQueuedSynchronizer.java:2082)
        at java.util.concurrent.ScheduledThreadPoolExecutor$DelayedWorkQueue.take(ScheduledThreadPoolExecutor.java:1090)
        at java.util.concurrent.ScheduledThreadPoolExecutor$DelayedWorkQueue.take(ScheduledThreadPoolExecutor.java:807)
        at java.util.concurrent.ThreadPoolExecutor.getTask(ThreadPoolExecutor.java:1068)
        at java.util.concurrent.ThreadPoolExecutor.runWorker(ThreadPoolExecutor.java:1130)
        at java.util.concurrent.ThreadPoolExecutor$Worker.run(ThreadPoolExecutor.java:615)
        at java.lang.Thread.run(Thread.java:745)

"Localizer Cache Cleanup" 
   lock: java.util.concurrent.locks.AbstractQueuedSynchronizer$ConditionObject@2f869eab owner: null
   java.lang.Thread.State: TIMED_WAITING
        at sun.misc.Unsafe.park(Native Method)
        at java.util.concurrent.locks.LockSupport.parkNanos(LockSupport.java:226)
        at java.util.concurrent.locks.AbstractQueuedSynchronizer$ConditionObject.awaitNanos(AbstractQueuedSynchronizer.java:2082)
        at java.util.concurrent.ScheduledThreadPoolExecutor$DelayedWorkQueue.take(ScheduledThreadPoolExecutor.java:1090)
        at java.util.concurrent.ScheduledThreadPoolExecutor$DelayedWorkQueue.take(ScheduledThreadPoolExecutor.java:807)
        at java.util.concurrent.ThreadPoolExecutor.getTask(ThreadPoolExecutor.java:1068)
        at java.util.concurrent.ThreadPoolExecutor.runWorker(ThreadPoolExecutor.java:1130)
        at java.util.concurrent.ThreadPoolExecutor$Worker.run(ThreadPoolExecutor.java:615)
        at java.lang.Thread.run(Thread.java:745)

"Localizer Cache Cleanup" 
   lock: java.util.concurrent.locks.AbstractQueuedSynchronizer$ConditionObject@2f1b04ed owner: null
   java.lang.Thread.State: TIMED_WAITING
        at sun.misc.Unsafe.park(Native Method)
        at java.util.concurrent.locks.LockSupport.parkNanos(LockSupport.java:226)
        at java.util.concurrent.locks.AbstractQueuedSynchronizer$ConditionObject.awaitNanos(AbstractQueuedSynchronizer.java:2082)
        at java.util.concurrent.ScheduledThreadPoolExecutor$DelayedWorkQueue.take(ScheduledThreadPoolExecutor.java:1090)
        at java.util.concurrent.ScheduledThreadPoolExecutor$DelayedWorkQueue.take(ScheduledThreadPoolExecutor.java:807)
        at java.util.concurrent.ThreadPoolExecutor.getTask(ThreadPoolExecutor.java:1068)
        at java.util.concurrent.ThreadPoolExecutor.runWorker(ThreadPoolExecutor.java:1130)
        at java.util.concurrent.ThreadPoolExecutor$Worker.run(ThreadPoolExecutor.java:615)
        at java.lang.Thread.run(Thread.java:745)

"Thread-147" 
   lock: null owner: null
   java.lang.Thread.State: TIMED_WAITING
        at java.lang.Thread.sleep(Native Method)
        at org.apache.storm.utils.Time.sleepUntil(Time.java:86)
        at org.apache.storm.utils.Time.sleep(Time.java:91)
        at org.apache.storm.utils.TimeCacheMap$1.run(TimeCacheMap.java:61)
        at java.lang.Thread.run(Thread.java:745)

"Thread-145" 
   lock: null owner: null
   java.lang.Thread.State: TIMED_WAITING
        at java.lang.Thread.sleep(Native Method)
        at org.apache.storm.utils.Time.sleepUntil(Time.java:86)
        at org.apache.storm.utils.Time.sleep(Time.java:91)
        at org.apache.storm.utils.TimeCacheMap$1.run(TimeCacheMap.java:61)
        at java.lang.Thread.run(Thread.java:745)

"Thread-142" 
   lock: null owner: null
   java.lang.Thread.State: TIMED_WAITING
        at java.lang.Thread.sleep(Native Method)
        at org.apache.storm.utils.Time.sleepUntil(Time.java:86)
        at org.apache.storm.utils.Time.sleep(Time.java:91)
        at org.apache.storm.utils.TimeCacheMap$1.run(TimeCacheMap.java:61)
        at java.lang.Thread.run(Thread.java:745)

"pool-95-thread-1" 
   lock: java.util.concurrent.locks.AbstractQueuedSynchronizer$ConditionObject@16e07bc4 owner: null
   java.lang.Thread.State: TIMED_WAITING
        at sun.misc.Unsafe.park(Native Method)
        at java.util.concurrent.locks.LockSupport.parkNanos(LockSupport.java:226)
        at java.util.concurrent.locks.AbstractQueuedSynchronizer$ConditionObject.awaitNanos(AbstractQueuedSynchronizer.java:2082)
        at java.util.concurrent.ScheduledThreadPoolExecutor$DelayedWorkQueue.take(ScheduledThreadPoolExecutor.java:1090)
        at java.util.concurrent.ScheduledThreadPoolExecutor$DelayedWorkQueue.take(ScheduledThreadPoolExecutor.java:807)
        at java.util.concurrent.ThreadPoolExecutor.getTask(ThreadPoolExecutor.java:1068)
        at java.util.concurrent.ThreadPoolExecutor.runWorker(ThreadPoolExecutor.java:1130)
        at java.util.concurrent.ThreadPoolExecutor$Worker.run(ThreadPoolExecutor.java:615)
        at java.lang.Thread.run(Thread.java:745)

"Localizer Cache Cleanup" 
   lock: java.util.concurrent.locks.AbstractQueuedSynchronizer$ConditionObject@6bdd8c97 owner: null
   java.lang.Thread.State: TIMED_WAITING
        at sun.misc.Unsafe.park(Native Method)
        at java.util.concurrent.locks.LockSupport.parkNanos(LockSupport.java:226)
        at java.util.concurrent.locks.AbstractQueuedSynchronizer$ConditionObject.awaitNanos(AbstractQueuedSynchronizer.java:2082)
        at java.util.concurrent.ScheduledThreadPoolExecutor$DelayedWorkQueue.take(ScheduledThreadPoolExecutor.java:1090)
        at java.util.concurrent.ScheduledThreadPoolExecutor$DelayedWorkQueue.take(ScheduledThreadPoolExecutor.java:807)
        at java.util.concurrent.ThreadPoolExecutor.getTask(ThreadPoolExecutor.java:1068)
        at java.util.concurrent.ThreadPoolExecutor.runWorker(ThreadPoolExecutor.java:1130)
        at java.util.concurrent.ThreadPoolExecutor$Worker.run(ThreadPoolExecutor.java:615)
        at java.lang.Thread.run(Thread.java:745)

"Localizer Cache Cleanup" 
   lock: java.util.concurrent.locks.AbstractQueuedSynchronizer$ConditionObject@1e3944d4 owner: null
   java.lang.Thread.State: TIMED_WAITING
        at sun.misc.Unsafe.park(Native Method)
        at java.util.concurrent.locks.LockSupport.parkNanos(LockSupport.java:226)
        at java.util.concurrent.locks.AbstractQueuedSynchronizer$ConditionObject.awaitNanos(AbstractQueuedSynchronizer.java:2082)
        at java.util.concurrent.ScheduledThreadPoolExecutor$DelayedWorkQueue.take(ScheduledThreadPoolExecutor.java:1090)
        at java.util.concurrent.ScheduledThreadPoolExecutor$DelayedWorkQueue.take(ScheduledThreadPoolExecutor.java:807)
        at java.util.concurrent.ThreadPoolExecutor.getTask(ThreadPoolExecutor.java:1068)
        at java.util.concurrent.ThreadPoolExecutor.runWorker(ThreadPoolExecutor.java:1130)
        at java.util.concurrent.ThreadPoolExecutor$Worker.run(ThreadPoolExecutor.java:615)
        at java.lang.Thread.run(Thread.java:745)

"Thread-79" 
   lock: null owner: null
   java.lang.Thread.State: TIMED_WAITING
        at java.lang.Thread.sleep(Native Method)
        at org.apache.storm.utils.Time.sleepUntil(Time.java:86)
        at org.apache.storm.utils.Time.sleep(Time.java:91)
        at org.apache.storm.utils.TimeCacheMap$1.run(TimeCacheMap.java:61)
        at java.lang.Thread.run(Thread.java:745)

"Thread-77" 
   lock: null owner: null
   java.lang.Thread.State: TIMED_WAITING
        at java.lang.Thread.sleep(Native Method)
        at org.apache.storm.utils.Time.sleepUntil(Time.java:86)
        at org.apache.storm.utils.Time.sleep(Time.java:91)
        at org.apache.storm.utils.TimeCacheMap$1.run(TimeCacheMap.java:61)
        at java.lang.Thread.run(Thread.java:745)

"Thread-74" 
   lock: null owner: null
   java.lang.Thread.State: TIMED_WAITING
        at java.lang.Thread.sleep(Native Method)
        at org.apache.storm.utils.Time.sleepUntil(Time.java:86)
        at org.apache.storm.utils.Time.sleep(Time.java:91)
        at org.apache.storm.utils.TimeCacheMap$1.run(TimeCacheMap.java:61)
        at java.lang.Thread.run(Thread.java:745)

"pool-50-thread-1" 
   lock: java.util.concurrent.locks.AbstractQueuedSynchronizer$ConditionObject@41d5c9cc owner: null
   java.lang.Thread.State: TIMED_WAITING
        at sun.misc.Unsafe.park(Native Method)
        at java.util.concurrent.locks.LockSupport.parkNanos(LockSupport.java:226)
        at java.util.concurrent.locks.AbstractQueuedSynchronizer$ConditionObject.awaitNanos(AbstractQueuedSynchronizer.java:2082)
        at java.util.concurrent.ScheduledThreadPoolExecutor$DelayedWorkQueue.take(ScheduledThreadPoolExecutor.java:1090)
        at java.util.concurrent.ScheduledThreadPoolExecutor$DelayedWorkQueue.take(ScheduledThreadPoolExecutor.java:807)
        at java.util.concurrent.ThreadPoolExecutor.getTask(ThreadPoolExecutor.java:1068)
        at java.util.concurrent.ThreadPoolExecutor.runWorker(ThreadPoolExecutor.java:1130)
        at java.util.concurrent.ThreadPoolExecutor$Worker.run(ThreadPoolExecutor.java:615)
        at java.lang.Thread.run(Thread.java:745)

"disruptor-flush-task-pool" 
   lock: java.util.concurrent.locks.AbstractQueuedSynchronizer$ConditionObject@3ab391d8 owner: null
   java.lang.Thread.State: WAITING
        at sun.misc.Unsafe.park(Native Method)
        at java.util.concurrent.locks.LockSupport.park(LockSupport.java:186)
        at java.util.concurrent.locks.AbstractQueuedSynchronizer$ConditionObject.await(AbstractQueuedSynchronizer.java:2043)
        at java.util.concurrent.ArrayBlockingQueue.take(ArrayBlockingQueue.java:374)
        at java.util.concurrent.ThreadPoolExecutor.getTask(ThreadPoolExecutor.java:1068)
        at java.util.concurrent.ThreadPoolExecutor.runWorker(ThreadPoolExecutor.java:1130)
        at java.util.concurrent.ThreadPoolExecutor$Worker.run(ThreadPoolExecutor.java:615)
        at java.lang.Thread.run(Thread.java:745)

"metric/stat timer" 
   lock: java.util.TaskQueue@632c1a03 owner: null
   java.lang.Thread.State: WAITING
        at java.lang.Object.wait(Native Method)
        at java.lang.Object.wait(Object.java:503)
        at java.util.TimerThread.mainLoop(Timer.java:526)
        at java.util.TimerThread.run(Timer.java:505)

"disruptor-flush-trigger" 
   lock: java.util.TaskQueue@645fedd2 owner: null
   java.lang.Thread.State: WAITING
        at java.lang.Object.wait(Native Method)
        at java.lang.Object.wait(Object.java:503)
        at java.util.TimerThread.mainLoop(Timer.java:526)
        at java.util.TimerThread.run(Timer.java:505)

"Localizer Cache Cleanup" 
   lock: java.util.concurrent.locks.AbstractQueuedSynchronizer$ConditionObject@55f6a979 owner: null
   java.lang.Thread.State: TIMED_WAITING
        at sun.misc.Unsafe.park(Native Method)
        at java.util.concurrent.locks.LockSupport.parkNanos(LockSupport.java:226)
        at java.util.concurrent.locks.AbstractQueuedSynchronizer$ConditionObject.awaitNanos(AbstractQueuedSynchronizer.java:2082)
        at java.util.concurrent.ScheduledThreadPoolExecutor$DelayedWorkQueue.take(ScheduledThreadPoolExecutor.java:1090)
        at java.util.concurrent.ScheduledThreadPoolExecutor$DelayedWorkQueue.take(ScheduledThreadPoolExecutor.java:807)
        at java.util.concurrent.ThreadPoolExecutor.getTask(ThreadPoolExecutor.java:1068)
        at java.util.concurrent.ThreadPoolExecutor.runWorker(ThreadPoolExecutor.java:1130)
        at java.util.concurrent.ThreadPoolExecutor$Worker.run(ThreadPoolExecutor.java:615)
        at java.lang.Thread.run(Thread.java:745)

"Localizer Cache Cleanup" 
   lock: java.util.concurrent.locks.AbstractQueuedSynchronizer$ConditionObject@34f07306 owner: null
   java.lang.Thread.State: TIMED_WAITING
        at sun.misc.Unsafe.park(Native Method)
        at java.util.concurrent.locks.LockSupport.parkNanos(LockSupport.java:226)
        at java.util.concurrent.locks.AbstractQueuedSynchronizer$ConditionObject.awaitNanos(AbstractQueuedSynchronizer.java:2082)
        at java.util.concurrent.ScheduledThreadPoolExecutor$DelayedWorkQueue.take(ScheduledThreadPoolExecutor.java:1090)
        at java.util.concurrent.ScheduledThreadPoolExecutor$DelayedWorkQueue.take(ScheduledThreadPoolExecutor.java:807)
        at java.util.concurrent.ThreadPoolExecutor.getTask(ThreadPoolExecutor.java:1068)
        at java.util.concurrent.ThreadPoolExecutor.runWorker(ThreadPoolExecutor.java:1130)
        at java.util.concurrent.ThreadPoolExecutor$Worker.run(ThreadPoolExecutor.java:615)
        at java.lang.Thread.run(Thread.java:745)

"Thread-9" 
   lock: null owner: null
   java.lang.Thread.State: TIMED_WAITING
        at java.lang.Thread.sleep(Native Method)
        at org.apache.storm.utils.Time.sleepUntil(Time.java:86)
        at org.apache.storm.utils.Time.sleep(Time.java:91)
        at org.apache.storm.utils.TimeCacheMap$1.run(TimeCacheMap.java:61)
        at java.lang.Thread.run(Thread.java:745)

"Thread-7" 
   lock: null owner: null
   java.lang.Thread.State: TIMED_WAITING
        at java.lang.Thread.sleep(Native Method)
        at org.apache.storm.utils.Time.sleepUntil(Time.java:86)
        at org.apache.storm.utils.Time.sleep(Time.java:91)
        at org.apache.storm.utils.TimeCacheMap$1.run(TimeCacheMap.java:61)
        at java.lang.Thread.run(Thread.java:745)

"FileBlobStore cleanup thread" 
   lock: java.util.TaskQueue@160faa11 owner: null
   java.lang.Thread.State: TIMED_WAITING
        at java.lang.Object.wait(Native Method)
        at java.util.TimerThread.mainLoop(Timer.java:552)
        at java.util.TimerThread.run(Timer.java:505)

"Thread-3" 
   lock: null owner: null
   java.lang.Thread.State: TIMED_WAITING
        at java.lang.Thread.sleep(Native Method)
        at org.apache.storm.utils.Time.sleepUntil(Time.java:86)
        at org.apache.storm.utils.Time.sleep(Time.java:91)
        at org.apache.storm.utils.TimeCacheMap$1.run(TimeCacheMap.java:61)
        at java.lang.Thread.run(Thread.java:745)

"Thread-1" 
   lock: null owner: null
   java.lang.Thread.State: TIMED_WAITING
        at java.lang.Thread.sleep(Native Method)
        at org.apache.storm.utils.Time.sleepUntil(Time.java:86)
        at org.apache.storm.utils.Time.sleep(Time.java:91)
        at org.apache.storm.utils.TimeCacheMap$1.run(TimeCacheMap.java:61)
        at java.lang.Thread.run(Thread.java:745)

"Signal Dispatcher" 
   lock: null owner: null
   java.lang.Thread.State: RUNNABLE

"Finalizer" 
   lock: java.lang.ref.ReferenceQueue$Lock@5e664d67 owner: null
   java.lang.Thread.State: WAITING
        at java.lang.Object.wait(Native Method)
        at java.lang.ref.ReferenceQueue.remove(ReferenceQueue.java:135)
        at java.lang.ref.ReferenceQueue.remove(ReferenceQueue.java:151)
        at java.lang.ref.Finalizer$FinalizerThread.run(Finalizer.java:209)

"Reference Handler" 
   lock: java.lang.ref.Reference$Lock@e63d59c owner: null
   java.lang.Thread.State: WAITING
        at java.lang.Object.wait(Native Method)
        at java.lang.Object.wait(Object.java:503)
        at java.lang.ref.Reference$ReferenceHandler.run(Reference.java:133)

"main" 
   lock: null owner: null
   java.lang.Thread.State: RUNNABLE
        at sun.management.ThreadImpl.getThreadInfo1(Native Method)
        at sun.management.ThreadImpl.getThreadInfo(ThreadImpl.java:174)
        at org.apache.storm.utils.Utils.threadDump(Utils.java:1287)
        at org.apache.storm.messaging.netty_unit_test$test_load_fn.invoke(netty_unit_test.clj:115)
        at org.apache.storm.messaging.netty_unit_test$fn__475.invoke(netty_unit_test.clj:143)
        at clojure.test$test_var$fn__7670.invoke(test.clj:704)
        at clojure.test$test_var.invoke(test.clj:704)
        at clojure.test$test_vars$fn__7692$fn__7697.invoke(test.clj:722)
        at clojure.test$default_fixture.invoke(test.clj:674)
        at clojure.test$test_vars$fn__7692.invoke(test.clj:722)
        at clojure.test$default_fixture.invoke(test.clj:674)
        at clojure.test$test_vars.invoke(test.clj:718)
        at clojure.test$test_all_vars.invoke(test.clj:728)
        at clojure.test$test_ns.invoke(test.clj:747)
        at clojure.core$map$fn__4553.invoke(core.clj:2624)
        at clojure.lang.LazySeq.sval(LazySeq.java:40)
        at clojure.lang.LazySeq.seq(LazySeq.java:49)
        at clojure.lang.Cons.next(Cons.java:39)
        at clojure.lang.RT.boundedLength(RT.java:1735)
        at clojure.lang.RestFn.applyTo(RestFn.java:130)
        at clojure.core$apply.invoke(core.clj:632)
        at clojure.test$run_tests.doInvoke(test.clj:762)
        at clojure.lang.RestFn.invoke(RestFn.java:408)
        at org.apache.storm.testrunner$eval9818$iter__9819__9823$fn__9824$fn__9825$fn__9826.invoke(test_runner.clj:107)
        at org.apache.storm.testrunner$eval9818$iter__9819__9823$fn__9824$fn__9825.invoke(test_runner.clj:53)
        at org.apache.storm.testrunner$eval9818$iter__9819__9823$fn__9824.invoke(test_runner.clj:52)
        at clojure.lang.LazySeq.sval(LazySeq.java:40)
        at clojure.lang.LazySeq.seq(LazySeq.java:49)
        at clojure.lang.RT.seq(RT.java:507)
        at clojure.core$seq__4128.invoke(core.clj:137)
        at clojure.core$dorun.invoke(core.clj:3009)
        at org.apache.storm.testrunner$eval9818.invoke(test_runner.clj:52)
        at clojure.lang.Compiler.eval(Compiler.java:6782)
        at clojure.lang.Compiler.load(Compiler.java:7227)
        at clojure.lang.Compiler.loadFile(Compiler.java:7165)
        at clojure.main$load_script.invoke(main.clj:275)
        at clojure.main$script_opt.invoke(main.clj:337)
        at clojure.main$main.doInvoke(main.clj:421)
        at clojure.lang.RestFn.invoke(RestFn.java:421)
        at clojure.lang.Var.invoke(Var.java:383)
        at clojure.lang.AFn.applyToHelper(AFn.java:156)
        at clojure.lang.Var.applyTo(Var.java:700)
        at clojure.main.main(main.java:37)


            
--------------------------------------------------
Checking ./storm-core/target/test-reports/org.apache.storm.logviewer-test.xml
Checking ./storm-core/target/test-reports/org.apache.storm.clojure-test.xml
Checking ./storm-core/target/test-reports/org.apache.storm.trident.state-test.xml
Checking ./storm-core/target/test-reports/org.apache.storm.tuple-test.xml
Checking ./storm-core/target/test-reports/integration.org.apache.storm.integration-test.xml
Checking ./storm-core/target/test-reports/org.apache.storm.security.auth.AuthUtils-test.xml
Checking ./storm-core/target/test-reports/org.apache.storm.security.auth.drpc-auth-test.xml
Checking ./storm-core/target/test-reports/org.apache.storm.security.auth.ReqContext-test.xml
Checking ./storm-core/target/test-reports/org.apache.storm.security.serialization.BlowfishTupleSerializer-test.xml
Checking ./storm-core/target/test-reports/org.apache.storm.serialization.SerializationFactory-test.xml
Checking ./storm-core/target/test-reports/org.apache.storm.metrics-test.xml
Checking ./storm-core/target/test-reports/org.apache.storm.security.auth.auth-test.xml
Checking ./storm-core/target/test-reports/org.apache.storm.messaging.netty-integration-test.xml
Checking ./storm-core/target/test-reports/org.apache.storm.transactional-test.xml
Checking ./storm-core/target/test-reports/org.apache.storm.messaging-test.xml
Checking ./storm-core/target/test-reports/org.apache.storm.supervisor-test.xml
Checking ./storm-core/target/test-reports/org.apache.storm.subtopology-test.xml
Checking ./storm-core/target/test-reports/integration.org.apache.storm.trident.integration-test.xml
Checking ./storm-core/target/test-reports/org.apache.storm.versioned-store-test.xml
Checking ./storm-core/target/test-reports/org.apache.storm.utils.ZookeeperServerCnxnFactory-test.xml
Checking ./storm-core/target/test-reports/org.apache.storm.security.auth.DefaultHttpCredentialsPlugin-test.xml
Checking ./storm-core/target/test-reports/org.apache.storm.fields-test.xml
Checking ./storm-core/target/test-reports/org.apache.storm.submitter-test.xml
Checking ./storm-core/target/test-reports/org.apache.storm.cluster-test.xml
Checking ./storm-core/target/test-reports/org.apache.storm.security.auth.authorizer.DRPCSimpleACLAuthorizer-test.xml
Checking ./storm-core/target/test-reports/org.apache.storm.nimbus-test.xml
Checking ./storm-core/target/test-reports/org.apache.storm.security.auth.auto-login-module-test.xml
Checking ./storm-core/target/test-reports/org.apache.storm.security.auth.SaslTransportPlugin-test.xml
Checking ./storm-core/target/test-reports/org.apache.storm.grouping-test.xml
Checking ./storm-core/target/test-reports/org.apache.storm.serialization-test.xml
Checking ./storm-core/target/test-reports/org.apache.storm.worker-test.xml
Checking ./storm-core/target/test-reports/org.apache.storm.security.auth.nimbus-auth-test.xml
Checking ./storm-core/target/test-reports/org.apache.storm.local-state-test.xml
Checking ./storm-core/target/test-reports/org.apache.storm.scheduler-test.xml
Checking ./storm-core/target/test-reports/integration.org.apache.storm.testing4j-test.xml
Checking ./storm-core/target/test-reports/org.apache.storm.security.auth.ThriftClient-test.xml
Checking ./storm-core/target/test-reports/org.apache.storm.tick-tuple-test.xml
Checking ./storm-core/target/test-reports/org.apache.storm.scheduler.multitenant-scheduler-test.xml
Checking ./storm-core/target/test-reports/org.apache.storm.trident.tuple-test.xml

travis_time:end:199bfc79:start=1466758028586152064,finish=1466758282113429628,duration=253527277564[0K
[31;1mThe command "/bin/bash ./dev-tools/travis/travis-script.sh `pwd` $MODULES" exited with 1.[0m
travis_fold:start:cache.2[0Kstore build cache
travis_time:start:0adb1aa8[0K
travis_time:end:0adb1aa8:start=1466758282117761691,finish=1466758282121161952,duration=3400261[0Ktravis_time:start:056fbe30[0K[32;1mchange detected (content changed, file is created, or file is deleted):
/home/travis/.m2/repository/eigenbase/eigenbase-properties/1.1.4/eigenbase-properties-1.1.4.pom.lastUpdated
/home/travis/.m2/repository/io/confluent/kafka-avro-serializer/1.0/kafka-avro-serializer-1.0.pom.lastUpdated
/home/travis/.m2/repository/io/confluent/kafka-schema-registry-client/1.0/kafka-schema-registry-client-1.0.pom.lastUpdated
/home/travis/.m2/repository/net/hydromatic/linq4j/0.4/linq4j-0.4.pom.lastUpdated
/home/travis/.m2/repository/net/hydromatic/quidem/0.1.1/quidem-0.1.1.pom.lastUpdated
/home/travis/.m2/repository/org/apache/storm/flux/2.0.0-SNAPSHOT/maven-metadata-local.xml
/home/travis/.m2/repository/org/apache/storm/flux/2.0.0-SNAPSHOT/_remote.repositories
/home/travis/.m2/repository/org/apache/storm/flux-core/2.0.0-SNAPSHOT/flux-core-2.0.0-SNAPSHOT.jar
/home/travis/.m2/repository/org/apache/storm/flux-core/2.0.0-SNAPSHOT/maven-metadata-local.xml
/home/travis/.m2/repository/org/apache/storm/flux-core/2.0.0-SNAPSHOT/_remote.repositories
/home/travis/.m2/repository/org/ap
[0m
[32;1m...
[0m
[32;1mchanges detected, packing new archive[0m
.
.
.
.
.
.
[32;1muploading archive[0m

travis_time:end:056fbe30:start=1466758282125070108,finish=1466758329263808075,duration=47138737967[0Ktravis_fold:end:cache.2[0K
Done. Your build exited with 1.
