Using worker: worker-linux-docker-251c9a60.prod.travis-ci.org:travis-linux-9

travis_fold:start:system_info[0K[33;1mBuild system information[0m
Build language: java
Build group: stable
Build dist: precise
[34m[1mBuild image provisioning date and time[0m
Thu Feb  5 15:09:33 UTC 2015
[34m[1mOperating System Details[0m
Distributor ID:	Ubuntu
Description:	Ubuntu 12.04.5 LTS
Release:	12.04
Codename:	precise
[34m[1mLinux Version[0m
3.13.0-29-generic
[34m[1mCookbooks Version[0m
a68419e https://github.com/travis-ci/travis-cookbooks/tree/a68419e
[34m[1mGCC version[0m
gcc (Ubuntu/Linaro 4.6.3-1ubuntu5) 4.6.3
Copyright (C) 2011 Free Software Foundation, Inc.
This is free software; see the source for copying conditions.  There is NO
warranty; not even for MERCHANTABILITY or FITNESS FOR A PARTICULAR PURPOSE.

[34m[1mLLVM version[0m
clang version 3.4 (tags/RELEASE_34/final)
Target: x86_64-unknown-linux-gnu
Thread model: posix
[34m[1mPre-installed Ruby versions[0m
ruby-1.9.3-p551
[34m[1mPre-installed Node.js versions[0m
v0.10.36
[34m[1mPre-installed Go versions[0m
1.4.1
[34m[1mRedis version[0m
redis-server 2.8.19
[34m[1mriak version[0m
2.0.2
[34m[1mMongoDB version[0m
MongoDB 2.4.12
[34m[1mCouchDB version[0m
couchdb 1.6.1
[34m[1mNeo4j version[0m
1.9.4
[34m[1mRabbitMQ Version[0m
3.4.3
[34m[1mElasticSearch version[0m
1.4.0
[34m[1mInstalled Sphinx versions[0m
2.0.10
2.1.9
2.2.6
[34m[1mDefault Sphinx version[0m
2.2.6
[34m[1mInstalled Firefox version[0m
firefox 31.0esr
[34m[1mPhantomJS version[0m
1.9.8
[34m[1mant -version[0m
Apache Ant(TM) version 1.8.2 compiled on December 3 2011
[34m[1mmvn -version[0m
Apache Maven 3.2.5 (12a6b3acb947671f09b81f49094c53f426d8cea1; 2014-12-14T17:29:23+00:00)
Maven home: /usr/local/maven
Java version: 1.7.0_76, vendor: Oracle Corporation
Java home: /usr/lib/jvm/java-7-oracle/jre
Default locale: en_US, platform encoding: ANSI_X3.4-1968
OS name: "linux", version: "3.13.0-29-generic", arch: "amd64", family: "unix"
travis_fold:end:system_info[0K
travis_fold:start:fix.CVE-2015-7547[0K$ export DEBIAN_FRONTEND=noninteractive
W: Size of file /var/lib/apt/lists/us.archive.ubuntu.com_ubuntu_dists_precise-backports_multiverse_source_Sources.gz is not what the server reported 5886 5888
W: Size of file /var/lib/apt/lists/ppa.launchpad.net_ubuntugis_ppa_ubuntu_dists_precise_main_binary-amd64_Packages.gz is not what the server reported 36669 36677
W: Size of file /var/lib/apt/lists/ppa.launchpad.net_ubuntugis_ppa_ubuntu_dists_precise_main_binary-i386_Packages.gz is not what the server reported 36729 36733
Reading package lists...
Building dependency tree...
Reading state information...
The following extra packages will be installed:
  libc-bin libc-dev-bin libc6-dev
Suggested packages:
  glibc-doc
The following packages will be upgraded:
  libc-bin libc-dev-bin libc6 libc6-dev
4 upgraded, 0 newly installed, 0 to remove and 247 not upgraded.
Need to get 8,840 kB of archives.
After this operation, 14.3 kB disk space will be freed.
Get:1 http://us.archive.ubuntu.com/ubuntu/ precise-updates/main libc6-dev amd64 2.15-0ubuntu10.15 [2,943 kB]
Get:2 http://us.archive.ubuntu.com/ubuntu/ precise-updates/main libc-dev-bin amd64 2.15-0ubuntu10.15 [84.7 kB]
Get:3 http://us.archive.ubuntu.com/ubuntu/ precise-updates/main libc-bin amd64 2.15-0ubuntu10.15 [1,177 kB]
Get:4 http://us.archive.ubuntu.com/ubuntu/ precise-updates/main libc6 amd64 2.15-0ubuntu10.15 [4,636 kB]
Fetched 8,840 kB in 0s (37.2 MB/s)
Preconfiguring packages ...
(Reading database ... (Reading database ... 5%(Reading database ... 10%(Reading database ... 15%(Reading database ... 20%(Reading database ... 25%(Reading database ... 30%(Reading database ... 35%(Reading database ... 40%(Reading database ... 45%(Reading database ... 50%(Reading database ... 55%(Reading database ... 60%(Reading database ... 65%(Reading database ... 70%(Reading database ... 75%(Reading database ... 80%(Reading database ... 85%(Reading database ... 90%(Reading database ... 95%(Reading database ... 100%(Reading database ... 72019 files and directories currently installed.)
Preparing to replace libc6-dev 2.15-0ubuntu10.10 (using .../libc6-dev_2.15-0ubuntu10.15_amd64.deb) ...
Unpacking replacement libc6-dev ...
Preparing to replace libc-dev-bin 2.15-0ubuntu10.10 (using .../libc-dev-bin_2.15-0ubuntu10.15_amd64.deb) ...
Unpacking replacement libc-dev-bin ...
Preparing to replace libc-bin 2.15-0ubuntu10.10 (using .../libc-bin_2.15-0ubuntu10.15_amd64.deb) ...
Unpacking replacement libc-bin ...
Processing triggers for man-db ...
Setting up libc-bin (2.15-0ubuntu10.15) ...
(Reading database ... (Reading database ... 5%(Reading database ... 10%(Reading database ... 15%(Reading database ... 20%(Reading database ... 25%(Reading database ... 30%(Reading database ... 35%(Reading database ... 40%(Reading database ... 45%(Reading database ... 50%(Reading database ... 55%(Reading database ... 60%(Reading database ... 65%(Reading database ... 70%(Reading database ... 75%(Reading database ... 80%(Reading database ... 85%(Reading database ... 90%(Reading database ... 95%(Reading database ... 100%(Reading database ... 72018 files and directories currently installed.)
Preparing to replace libc6 2.15-0ubuntu10.10 (using .../libc6_2.15-0ubuntu10.15_amd64.deb) ...
Unpacking replacement libc6 ...
Setting up libc6 (2.15-0ubuntu10.15) ...
Setting up libc-dev-bin (2.15-0ubuntu10.15) ...
Setting up libc6-dev (2.15-0ubuntu10.15) ...
Processing triggers for libc-bin ...
ldconfig deferred processing now taking place
travis_fold:end:fix.CVE-2015-7547[0Ktravis_fold:start:git.checkout[0Ktravis_time:start:075e7c42[0K$ git clone --depth=50 https://github.com/apache/storm.git apache/storm
Cloning into 'apache/storm'...
remote: Counting objects: 19310, done.[K
remote: Compressing objects:   0% (1/7822)   [Kremote: Compressing objects:   1% (79/7822)   [Kremote: Compressing objects:   2% (157/7822)   [Kremote: Compressing objects:   3% (235/7822)   [Kremote: Compressing objects:   4% (313/7822)   [Kremote: Compressing objects:   5% (392/7822)   [Kremote: Compressing objects:   6% (470/7822)   [Kremote: Compressing objects:   7% (548/7822)   [Kremote: Compressing objects:   8% (626/7822)   [Kremote: Compressing objects:   9% (704/7822)   [Kremote: Compressing objects:  10% (783/7822)   [Kremote: Compressing objects:  11% (861/7822)   [Kremote: Compressing objects:  12% (939/7822)   [Kremote: Compressing objects:  13% (1017/7822)   [Kremote: Compressing objects:  14% (1096/7822)   [Kremote: Compressing objects:  15% (1174/7822)   [Kremote: Compressing objects:  16% (1252/7822)   [Kremote: Compressing objects:  17% (1330/7822)   [Kremote: Compressing objects:  18% (1408/7822)   [Kremote: Compressing objects:  19% (1487/7822)   [Kremote: Compressing objects:  20% (1565/7822)   [Kremote: Compressing objects:  21% (1643/7822)   [Kremote: Compressing objects:  22% (1721/7822)   [Kremote: Compressing objects:  23% (1800/7822)   [Kremote: Compressing objects:  24% (1878/7822)   [Kremote: Compressing objects:  25% (1956/7822)   [Kremote: Compressing objects:  26% (2034/7822)   [Kremote: Compressing objects:  27% (2112/7822)   [Kremote: Compressing objects:  28% (2191/7822)   [Kremote: Compressing objects:  29% (2269/7822)   [Kremote: Compressing objects:  30% (2347/7822)   [Kremote: Compressing objects:  31% (2425/7822)   [Kremote: Compressing objects:  32% (2504/7822)   [Kremote: Compressing objects:  33% (2582/7822)   [Kremote: Compressing objects:  34% (2660/7822)   [Kremote: Compressing objects:  35% (2738/7822)   [Kremote: Compressing objects:  36% (2816/7822)   [Kremote: Compressing objects:  37% (2895/7822)   [Kremote: Compressing objects:  38% (2973/7822)   [Kremote: Compressing objects:  39% (3051/7822)   [Kremote: Compressing objects:  40% (3129/7822)   [Kremote: Compressing objects:  41% (3208/7822)   [Kremote: Compressing objects:  42% (3286/7822)   [Kremote: Compressing objects:  43% (3364/7822)   [Kremote: Compressing objects:  44% (3442/7822)   [Kremote: Compressing objects:  45% (3520/7822)   [Kremote: Compressing objects:  46% (3599/7822)   [Kremote: Compressing objects:  47% (3677/7822)   [Kremote: Compressing objects:  48% (3755/7822)   [Kremote: Compressing objects:  49% (3833/7822)   [Kremote: Compressing objects:  50% (3911/7822)   [Kremote: Compressing objects:  51% (3990/7822)   [Kremote: Compressing objects:  52% (4068/7822)   [Kremote: Compressing objects:  53% (4146/7822)   [Kremote: Compressing objects:  54% (4224/7822)   [Kremote: Compressing objects:  55% (4303/7822)   [Kremote: Compressing objects:  56% (4381/7822)   [Kremote: Compressing objects:  57% (4459/7822)   [Kremote: Compressing objects:  58% (4537/7822)   [Kremote: Compressing objects:  59% (4615/7822)   [Kremote: Compressing objects:  60% (4694/7822)   [Kremote: Compressing objects:  61% (4772/7822)   [Kremote: Compressing objects:  62% (4850/7822)   [Kremote: Compressing objects:  63% (4928/7822)   [Kremote: Compressing objects:  64% (5007/7822)   [Kremote: Compressing objects:  65% (5085/7822)   [Kremote: Compressing objects:  66% (5163/7822)   [Kremote: Compressing objects:  67% (5241/7822)   [Kremote: Compressing objects:  68% (5319/7822)   [Kremote: Compressing objects:  69% (5398/7822)   [Kremote: Compressing objects:  70% (5476/7822)   [Kremote: Compressing objects:  71% (5554/7822)   [Kremote: Compressing objects:  72% (5632/7822)   [Kremote: Compressing objects:  73% (5711/7822)   [Kremote: Compressing objects:  74% (5789/7822)   [Kremote: Compressing objects:  75% (5867/7822)   [Kremote: Compressing objects:  76% (5945/7822)   [Kremote: Compressing objects:  77% (6023/7822)   [Kremote: Compressing objects:  78% (6102/7822)   [Kremote: Compressing objects:  79% (6180/7822)   [Kremote: Compressing objects:  80% (6258/7822)   [Kremote: Compressing objects:  81% (6336/7822)   [Kremote: Compressing objects:  82% (6415/7822)   [Kremote: Compressing objects:  83% (6493/7822)   [Kremote: Compressing objects:  84% (6571/7822)   [Kremote: Compressing objects:  85% (6649/7822)   [Kremote: Compressing objects:  86% (6727/7822)   [Kremote: Compressing objects:  87% (6806/7822)   [Kremote: Compressing objects:  88% (6884/7822)   [Kremote: Compressing objects:  89% (6962/7822)   [Kremote: Compressing objects:  90% (7040/7822)   [Kremote: Compressing objects:  91% (7119/7822)   [Kremote: Compressing objects:  92% (7197/7822)   [Kremote: Compressing objects:  93% (7275/7822)   [Kremote: Compressing objects:  94% (7353/7822)   [Kremote: Compressing objects:  95% (7431/7822)   [Kremote: Compressing objects:  96% (7510/7822)   [Kremote: Compressing objects:  97% (7588/7822)   [Kremote: Compressing objects:  98% (7666/7822)   [Kremote: Compressing objects:  99% (7744/7822)   [Kremote: Compressing objects: 100% (7822/7822)   [Kremote: Compressing objects: 100% (7822/7822), done.[K
Receiving objects:   0% (1/19310)   Receiving objects:   1% (194/19310)   Receiving objects:   2% (387/19310)   Receiving objects:   3% (580/19310)   Receiving objects:   4% (773/19310)   Receiving objects:   5% (966/19310)   Receiving objects:   6% (1159/19310)   Receiving objects:   7% (1352/19310)   Receiving objects:   8% (1545/19310)   Receiving objects:   9% (1738/19310)   Receiving objects:  10% (1931/19310)   Receiving objects:  11% (2125/19310)   Receiving objects:  12% (2318/19310)   Receiving objects:  13% (2511/19310)   Receiving objects:  14% (2704/19310)   Receiving objects:  15% (2897/19310)   Receiving objects:  16% (3090/19310)   Receiving objects:  17% (3283/19310)   Receiving objects:  18% (3476/19310)   Receiving objects:  19% (3669/19310)   Receiving objects:  20% (3862/19310)   Receiving objects:  21% (4056/19310)   Receiving objects:  22% (4249/19310)   Receiving objects:  23% (4442/19310)   Receiving objects:  24% (4635/19310)   Receiving objects:  25% (4828/19310)   Receiving objects:  26% (5021/19310)   Receiving objects:  27% (5214/19310)   Receiving objects:  28% (5407/19310)   Receiving objects:  29% (5600/19310)   Receiving objects:  30% (5793/19310)   Receiving objects:  31% (5987/19310)   Receiving objects:  32% (6180/19310)   Receiving objects:  33% (6373/19310)   Receiving objects:  34% (6566/19310)   Receiving objects:  35% (6759/19310)   Receiving objects:  36% (6952/19310)   Receiving objects:  37% (7145/19310)   Receiving objects:  38% (7338/19310)   Receiving objects:  39% (7531/19310)   Receiving objects:  40% (7724/19310)   Receiving objects:  41% (7918/19310)   Receiving objects:  42% (8111/19310)   Receiving objects:  43% (8304/19310)   Receiving objects:  44% (8497/19310)   Receiving objects:  45% (8690/19310)   Receiving objects:  46% (8883/19310)   Receiving objects:  47% (9076/19310)   Receiving objects:  48% (9269/19310)   Receiving objects:  49% (9462/19310)   Receiving objects:  50% (9655/19310)   Receiving objects:  51% (9849/19310)   Receiving objects:  52% (10042/19310)   Receiving objects:  53% (10235/19310)   Receiving objects:  54% (10428/19310)   Receiving objects:  55% (10621/19310)   Receiving objects:  56% (10814/19310)   Receiving objects:  57% (11007/19310)   Receiving objects:  58% (11200/19310)   Receiving objects:  59% (11393/19310)   Receiving objects:  60% (11586/19310)   Receiving objects:  61% (11780/19310)   Receiving objects:  62% (11973/19310)   Receiving objects:  63% (12166/19310)   Receiving objects:  64% (12359/19310)   Receiving objects:  65% (12552/19310)   Receiving objects:  66% (12745/19310)   Receiving objects:  67% (12938/19310)   Receiving objects:  68% (13131/19310)   Receiving objects:  69% (13324/19310)   Receiving objects:  70% (13517/19310)   Receiving objects:  71% (13711/19310)   Receiving objects:  72% (13904/19310)   Receiving objects:  73% (14097/19310)   Receiving objects:  74% (14290/19310)   Receiving objects:  75% (14483/19310)   Receiving objects:  76% (14676/19310)   Receiving objects:  77% (14869/19310)   Receiving objects:  78% (15062/19310)   Receiving objects:  79% (15255/19310)   Receiving objects:  80% (15448/19310)   Receiving objects:  81% (15642/19310)   Receiving objects:  82% (15835/19310)   Receiving objects:  83% (16028/19310)   Receiving objects:  84% (16221/19310)   Receiving objects:  85% (16414/19310)   Receiving objects:  86% (16607/19310)   Receiving objects:  87% (16800/19310)   Receiving objects:  88% (16993/19310)   Receiving objects:  89% (17186/19310)   Receiving objects:  90% (17379/19310)   Receiving objects:  91% (17573/19310)   Receiving objects:  92% (17766/19310)   Receiving objects:  93% (17959/19310)   Receiving objects:  94% (18152/19310)   Receiving objects:  95% (18345/19310)   Receiving objects:  96% (18538/19310)   Receiving objects:  97% (18731/19310)   Receiving objects:  98% (18924/19310)   Receiving objects:  99% (19117/19310), 14.66 MiB | 29.25 MiB/s   remote: Total 19310 (delta 9316), reused 16551 (delta 7163), pack-reused 0[K
Receiving objects: 100% (19310/19310), 14.66 MiB | 29.25 MiB/s   Receiving objects: 100% (19310/19310), 14.72 MiB | 29.25 MiB/s, done.
Resolving deltas:   0% (0/9316)   Resolving deltas:   1% (121/9316)   Resolving deltas:   2% (206/9316)   Resolving deltas:   3% (292/9316)   Resolving deltas:   4% (388/9316)   Resolving deltas:   5% (470/9316)   Resolving deltas:   6% (584/9316)   Resolving deltas:   7% (653/9316)   Resolving deltas:   8% (749/9316)   Resolving deltas:   9% (848/9316)   Resolving deltas:  10% (939/9316)   Resolving deltas:  11% (1030/9316)   Resolving deltas:  12% (1138/9316)   Resolving deltas:  13% (1213/9316)   Resolving deltas:  14% (1318/9316)   Resolving deltas:  15% (1398/9316)   Resolving deltas:  16% (1492/9316)   Resolving deltas:  17% (1586/9316)   Resolving deltas:  18% (1688/9316)   Resolving deltas:  19% (1771/9316)   Resolving deltas:  20% (1869/9316)   Resolving deltas:  21% (1963/9316)   Resolving deltas:  22% (2050/9316)   Resolving deltas:  23% (2152/9316)   Resolving deltas:  24% (2248/9316)   Resolving deltas:  25% (2329/9316)   Resolving deltas:  26% (2435/9316)   Resolving deltas:  29% (2788/9316)   Resolving deltas:  30% (2833/9316)   Resolving deltas:  31% (2916/9316)   Resolving deltas:  32% (3008/9316)   Resolving deltas:  33% (3079/9316)   Resolving deltas:  34% (3173/9316)   Resolving deltas:  35% (3275/9316)   Resolving deltas:  39% (3656/9316)   Resolving deltas:  40% (3730/9316)   Resolving deltas:  41% (3823/9316)   Resolving deltas:  42% (3918/9316)   Resolving deltas:  43% (4016/9316)   Resolving deltas:  44% (4125/9316)   Resolving deltas:  45% (4194/9316)   Resolving deltas:  46% (4294/9316)   Resolving deltas:  47% (4382/9316)   Resolving deltas:  48% (4473/9316)   Resolving deltas:  49% (4567/9316)   Resolving deltas:  50% (4662/9316)   Resolving deltas:  51% (4771/9316)   Resolving deltas:  52% (4845/9316)   Resolving deltas:  53% (4943/9316)   Resolving deltas:  54% (5031/9316)   Resolving deltas:  55% (5124/9316)   Resolving deltas:  56% (5218/9316)   Resolving deltas:  57% (5314/9316)   Resolving deltas:  58% (5407/9316)   Resolving deltas:  59% (5501/9316)   Resolving deltas:  60% (5595/9316)   Resolving deltas:  61% (5684/9316)   Resolving deltas:  62% (5793/9316)   Resolving deltas:  63% (5877/9316)   Resolving deltas:  64% (5966/9316)   Resolving deltas:  65% (6066/9316)   Resolving deltas:  66% (6150/9316)   Resolving deltas:  67% (6245/9316)   Resolving deltas:  68% (6340/9316)   Resolving deltas:  69% (6504/9316)   Resolving deltas:  70% (6522/9316)   Resolving deltas:  71% (6634/9316)   Resolving deltas:  72% (6776/9316)   Resolving deltas:  77% (7229/9316)   Resolving deltas:  78% (7282/9316)   Resolving deltas:  79% (7384/9316)   Resolving deltas:  80% (7454/9316)   Resolving deltas:  81% (7550/9316)   Resolving deltas:  82% (7640/9316)   Resolving deltas:  83% (7734/9316)   Resolving deltas:  84% (7827/9316)   Resolving deltas:  85% (7920/9316)   Resolving deltas:  86% (8048/9316)   Resolving deltas:  87% (8105/9316)   Resolving deltas:  88% (8201/9316)   Resolving deltas:  89% (8292/9316)   Resolving deltas:  91% (8516/9316)   Resolving deltas:  92% (8573/9316)   Resolving deltas:  93% (8690/9316)   Resolving deltas:  94% (8767/9316)   Resolving deltas:  95% (8853/9316)   Resolving deltas:  96% (8944/9316)   Resolving deltas:  97% (9043/9316)   Resolving deltas:  98% (9141/9316)   Resolving deltas:  99% (9256/9316)   Resolving deltas: 100% (9316/9316)   Resolving deltas: 100% (9316/9316), done.
Checking connectivity... done.

travis_time:end:075e7c42:start=1466779553859407080,finish=1466779556210894851,duration=2351487771[0K$ cd apache/storm
travis_time:start:26446214[0K$ git fetch origin +refs/pull/1515/merge:
remote: Counting objects: 14, done.[K
remote: Compressing objects:   9% (1/11)   [Kremote: Compressing objects:  18% (2/11)   [Kremote: Compressing objects:  27% (3/11)   [Kremote: Compressing objects:  36% (4/11)   [Kremote: Compressing objects:  45% (5/11)   [Kremote: Compressing objects:  54% (6/11)   [Kremote: Compressing objects:  63% (7/11)   [Kremote: Compressing objects:  72% (8/11)   [Kremote: Compressing objects:  81% (9/11)   [Kremote: Compressing objects:  90% (10/11)   [Kremote: Compressing objects: 100% (11/11)   [Kremote: Compressing objects: 100% (11/11), done.[K
remote: Total 14 (delta 7), reused 5 (delta 0), pack-reused 0[K
Unpacking objects:   7% (1/14)   Unpacking objects:  14% (2/14)   Unpacking objects:  21% (3/14)   Unpacking objects:  28% (4/14)   Unpacking objects:  35% (5/14)   Unpacking objects:  42% (6/14)   Unpacking objects:  50% (7/14)   Unpacking objects:  57% (8/14)   Unpacking objects:  64% (9/14)   Unpacking objects:  71% (10/14)   Unpacking objects:  78% (11/14)   Unpacking objects:  85% (12/14)   Unpacking objects:  92% (13/14)   Unpacking objects: 100% (14/14)   Unpacking objects: 100% (14/14), done.
From https://github.com/apache/storm
 * branch            refs/pull/1515/merge -> FETCH_HEAD

travis_time:end:26446214:start=1466779556214809747,finish=1466779556552706722,duration=337896975[0K$ git checkout -qf FETCH_HEAD
travis_fold:end:git.checkout[0K
[33;1mThis job is running on container-based infrastructure, which does not allow use of 'sudo', setuid and setguid executables.[0m
[33;1mIf you require sudo, add 'sudo: required' to your .travis.yml[0m
[33;1mSee https://docs.travis-ci.com/user/workers/container-based-infrastructure/ for details.[0m

[33;1mSetting environment variables from .travis.yml[0m
$ export MODULES=storm-core

$ jdk_switcher use oraclejdk7
Switching to Oracle JDK7 (java-7-oracle), JAVA_HOME will be set to /usr/lib/jvm/java-7-oracle
travis_fold:start:cache.1[0KSetting up build cache
$ export CASHER_DIR=$HOME/.casher
travis_time:start:0f44b952[0K$ Installing caching utilities

travis_time:end:0f44b952:start=1466779558672439081,finish=1466779558724688454,duration=52249373[0Ktravis_time:start:0d22603d[0K
travis_time:end:0d22603d:start=1466779558729740729,finish=1466779558733151550,duration=3410821[0Ktravis_time:start:02137089[0K[32;1mattempting to download cache archive[0m
[32;1mfetching PR.1515/cache-linux-precise-4722ea394922d42b2b7eb84cff6efc764d76759821ac6f6efc13232aa923f595--jdk-oraclejdk7.tgz[0m
[32;1mfound cache[0m

travis_time:end:02137089:start=1466779558737276412,finish=1466779565446770812,duration=6709494400[0Ktravis_time:start:01818160[0K
travis_time:end:01818160:start=1466779565450856573,finish=1466779565454359137,duration=3502564[0Ktravis_time:start:0e312cbc[0K[32;1madding /home/travis/.m2/repository to cache[0m
[32;1madding /home/travis/.rvm to cache[0m
[32;1madding /home/travis/.nvm to cache[0m

travis_time:end:0e312cbc:start=1466779565458478687,finish=1466779576452788749,duration=10994310062[0Ktravis_fold:end:cache.1[0K$ java -Xmx32m -version
java version "1.7.0_76"
Java(TM) SE Runtime Environment (build 1.7.0_76-b13)
Java HotSpot(TM) 64-Bit Server VM (build 24.76-b04, mixed mode)
$ javac -J-Xmx32m -version
javac 1.7.0_76
travis_fold:start:before_install.1[0Ktravis_time:start:0c1736fb[0K$ rvm use 2.1.5 --install
[32mUsing /home/travis/.rvm/gems/ruby-2.1.5[0m

travis_time:end:0c1736fb:start=1466779576814060908,finish=1466779577067450110,duration=253389202[0Ktravis_fold:end:before_install.1[0Ktravis_fold:start:before_install.2[0Ktravis_time:start:04794cab[0K$ nvm install 0.12.2
v0.12.2 is already installed.
Now using node v0.12.2

travis_time:end:04794cab:start=1466779577071574658,finish=1466779577336265019,duration=264690361[0Ktravis_fold:end:before_install.2[0Ktravis_fold:start:before_install.3[0Ktravis_time:start:18fb6daa[0K$ nvm use 0.12.2
Now using node v0.12.2

travis_time:end:18fb6daa:start=1466779577340454146,finish=1466779577402648435,duration=62194289[0Ktravis_fold:end:before_install.3[0Ktravis_fold:start:install[0Ktravis_time:start:0e068998[0K$ /bin/bash ./dev-tools/travis/travis-install.sh `pwd`
Python version :   Python 2.7.3
Maven version  :   Apache Maven 3.2.5 (12a6b3acb947671f09b81f49094c53f426d8cea1; 2014-12-14T17:29:23+00:00) Maven home: /usr/local/maven Java version: 1.7.0_76, vendor: Oracle Corporation Java home: /usr/lib/jvm/java-7-oracle/jre Default locale: en_US, platform encoding: UTF-8 OS name: "linux", version: "3.13.0-40-generic", arch: "amd64", family: "unix"
['mvn', 'clean', 'install', '-DskipTests', '-Pnative', '--batch-mode'] writing to install.txt
1 seconds 1 log lines11 seconds 227 log lines38 seconds 323 log lines50 seconds 334 log lines60 seconds 571 log lines73 seconds 652 log lines88 seconds 874 log lines109 seconds 964 log lines119 seconds 1251 log lines136 seconds 1461 log lines146 seconds 1760 log lines156 seconds 2167 log lines173 seconds 2361 log lines184 seconds 2611 log lines191 seconds 2664 log lines
['mvn', 'clean', 'install', '-DskipTests', '-Pnative', '--batch-mode'] done 0

travis_time:end:0e068998:start=1466779577406928396,finish=1466779768828460445,duration=191421532049[0Ktravis_fold:end:install[0Ktravis_time:start:08e898fa[0K$ /bin/bash ./dev-tools/travis/travis-script.sh `pwd` $MODULES
Python version :   Python 2.7.3
Ruby version   :   ruby 2.1.5p273 (2014-11-13 revision 48405) [x86_64-linux]
NodeJs version :   v0.12.2
Maven version  :   Apache Maven 3.2.5 (12a6b3acb947671f09b81f49094c53f426d8cea1; 2014-12-14T17:29:23+00:00) Maven home: /usr/local/maven Java version: 1.7.0_76, vendor: Oracle Corporation Java home: /usr/lib/jvm/java-7-oracle/jre Default locale: en_US, platform encoding: UTF-8 OS name: "linux", version: "3.13.0-40-generic", arch: "amd64", family: "unix"
[INFO] Scanning for projects...
[INFO]                                                                         
[INFO] ------------------------------------------------------------------------
[INFO] Building Storm Core 2.0.0-SNAPSHOT
[INFO] ------------------------------------------------------------------------
[INFO] 
[INFO] --- exec-maven-plugin:1.2.1:exec (default) @ storm-core ---
[INFO] 
[INFO] --- maven-remote-resources-plugin:1.2.1:process (default) @ storm-core ---
[INFO] 
[INFO] --- storm-maven-plugins:2.0.0-SNAPSHOT:version-info (version-info) @ storm-core ---
[WARNING] [svn, info] failed with error code 1
[INFO] SCM: GIT
[INFO] Computed MD5: 2e5551894d9dac0ba3775703b94ef9b
[INFO] 
[INFO] --- maven-resources-plugin:2.5:resources (default-resources) @ storm-core ---
[debug] execute contextualize
[INFO] Using 'UTF-8' encoding to copy filtered resources.
[INFO] Copying 9 resources
[INFO] Copying 1 resource to META-INF
[INFO] Copying 0 resource
[INFO] Copying 1 resource
[INFO] Copying 3 resources
[INFO] 
[INFO] --- maven-compiler-plugin:3.1:compile (default-compile) @ storm-core ---
[INFO] Nothing to compile - all classes are up to date
[INFO] 
[INFO] --- clojure-maven-plugin:1.7.1:compile (compile-clojure) @ storm-core ---
Compiling org.apache.storm.daemon.worker to /home/travis/build/apache/storm/storm-core/target/classes
Compiling org.apache.storm.metric.testing to /home/travis/build/apache/storm/storm-core/target/classes
Compiling org.apache.storm.testing to /home/travis/build/apache/storm/storm-core/target/classes
14:49:43.871 [main] WARN  o.a.s.m.StormMetricsRegistry - Metric ui:num-topology-op-response-http-requests has already been registered
14:49:43.872 [main] WARN  o.a.s.m.StormMetricsRegistry - Metric ui:num-topology-op-response-http-requests has already been registered
Compiling org.apache.storm.converter to /home/travis/build/apache/storm/storm-core/target/classes
Compiling org.apache.storm.util to /home/travis/build/apache/storm/storm-core/target/classes
Compiling org.apache.storm.command.heartbeats to /home/travis/build/apache/storm/storm-core/target/classes
Compiling org.apache.storm.blobstore to /home/travis/build/apache/storm/storm-core/target/classes
Compiling org.apache.storm.daemon.common to /home/travis/build/apache/storm/storm-core/target/classes
Compiling org.apache.storm.daemon.local-supervisor to /home/travis/build/apache/storm/storm-core/target/classes
Compiling org.apache.storm.command.get-errors to /home/travis/build/apache/storm/storm-core/target/classes
Compiling org.apache.storm.command.blobstore to /home/travis/build/apache/storm/storm-core/target/classes
Compiling org.apache.storm.trident.testing to /home/travis/build/apache/storm/storm-core/target/classes
Compiling org.apache.storm.daemon.drpc to /home/travis/build/apache/storm/storm-core/target/classes
Compiling org.apache.storm.config to /home/travis/build/apache/storm/storm-core/target/classes
Compiling org.apache.storm.testing4j to /home/travis/build/apache/storm/storm-core/target/classes
Compiling org.apache.storm.scheduler.IsolationScheduler to /home/travis/build/apache/storm/storm-core/target/classes
Compiling org.apache.storm.ui.helpers to /home/travis/build/apache/storm/storm-core/target/classes
Compiling org.apache.storm.log to /home/travis/build/apache/storm/storm-core/target/classes
Compiling org.apache.storm.daemon.executor to /home/travis/build/apache/storm/storm-core/target/classes
Compiling org.apache.storm.command.shell-submission to /home/travis/build/apache/storm/storm-core/target/classes
Compiling org.apache.storm.internal.clojure to /home/travis/build/apache/storm/storm-core/target/classes
Compiling org.apache.storm.internal.thrift to /home/travis/build/apache/storm/storm-core/target/classes
Compiling org.apache.storm.daemon.logviewer to /home/travis/build/apache/storm/storm-core/target/classes
Compiling org.apache.storm.daemon.nimbus to /home/travis/build/apache/storm/storm-core/target/classes
Compiling org.apache.storm.LocalCluster to /home/travis/build/apache/storm/storm-core/target/classes
Compiling org.apache.storm.local-state-converter to /home/travis/build/apache/storm/storm-core/target/classes
Compiling org.apache.storm.ui.core to /home/travis/build/apache/storm/storm-core/target/classes
[INFO] 
[INFO] --- make-maven-plugin:1.0-beta-1:autoreconf (compile) @ storm-core ---
[INFO] 
[INFO] --- make-maven-plugin:1.0-beta-1:configure (compile) @ storm-core ---
[INFO] /bin/sh: 14: /home/travis/.jdk_switcher_rc: [[: not found
[INFO] /bin/sh: 22: /home/travis/.jdk_switcher_rc: [[: not found
[INFO] /bin/sh: 32: /home/travis/.jdk_switcher_rc: [[: not found
[INFO] /bin/sh: 42: /home/travis/.jdk_switcher_rc: [[: not found
[INFO] /bin/sh: 3: /etc/profile.d/rvm.sh: [[: not found
[INFO] checking for gcc... gcc
[INFO] checking whether the C compiler works... yes
[INFO] checking for C compiler default output file name... a.out
[INFO] checking for suffix of executables... 
[INFO] checking whether we are cross compiling... no
[INFO] checking for suffix of object files... o
[INFO] checking whether we are using the GNU C compiler... yes
[INFO] checking whether gcc accepts -g... yes
[INFO] checking for gcc option to accept ISO C89... none needed
[INFO] checking how to run the C preprocessor... gcc -E
[INFO] checking for grep that handles long lines and -e... /bin/grep
[INFO] checking for egrep... /bin/grep -E
[INFO] checking for ANSI C header files... yes
[INFO] checking for sys/types.h... yes
[INFO] checking for sys/stat.h... yes
[INFO] checking for stdlib.h... yes
[INFO] checking for string.h... yes
[INFO] checking for memory.h... yes
[INFO] checking for strings.h... yes
[INFO] checking for inttypes.h... yes
[INFO] checking for stdint.h... yes
[INFO] checking for unistd.h... yes
[INFO] checking minix/config.h usability... no
[INFO] checking minix/config.h presence... no
[INFO] checking for minix/config.h... no
[INFO] checking whether it is safe to define __EXTENSIONS__... yes
[INFO] checking for a BSD-compatible install... /usr/bin/install -c
[INFO] checking whether build environment is sane... yes
[INFO] checking for a thread-safe mkdir -p... /bin/mkdir -p
[INFO] checking for gawk... gawk
[INFO] checking whether make sets $(MAKE)... yes
[INFO] checking for style of include used by make... GNU
[INFO] checking dependency style of gcc... gcc3
[INFO] checking for gcc... (cached) gcc
[INFO] checking whether we are using the GNU C compiler... (cached) yes
[INFO] checking whether gcc accepts -g... (cached) yes
[INFO] checking for gcc option to accept ISO C89... (cached) none needed
[INFO] checking whether gcc and cc understand -c and -o together... yes
[INFO] checking for unistd.h... (cached) yes
[INFO] checking for stdbool.h that conforms to C99... yes
[INFO] checking for _Bool... yes
[INFO] checking for an ANSI C-conforming const... yes
[INFO] checking for off_t... yes
[INFO] checking for size_t... yes
[INFO] checking whether strerror_r is declared... yes
[INFO] checking for strerror_r... yes
[INFO] checking whether strerror_r returns char *... yes
[INFO] checking for mkdir... yes
[INFO] checking for uname... yes
[INFO] configure: creating ./config.status
[INFO] config.status: creating Makefile
[INFO] config.status: executing depfiles commands
[INFO] 
[INFO] --- make-maven-plugin:1.0-beta-1:make-install (compile) @ storm-core ---
[INFO] /bin/sh: 14: /home/travis/.jdk_switcher_rc: [[: not found
[INFO] /bin/sh: 22: /home/travis/.jdk_switcher_rc: [[: not found
[INFO] /bin/sh: 32: /home/travis/.jdk_switcher_rc: [[: not found
[INFO] /bin/sh: 42: /home/travis/.jdk_switcher_rc: [[: not found
[INFO] /bin/sh: 3: /etc/profile.d/rvm.sh: [[: not found
[INFO] make[1]: Entering directory `/home/travis/build/apache/storm/storm-core/target/native/worker-launcher'
[INFO] test -z "/usr/local/bin" || /bin/mkdir -p "/home/travis/build/apache/storm/storm-core/target/native/target/usr/local/bin"
[INFO]   /usr/bin/install -c worker-launcher '/home/travis/build/apache/storm/storm-core/target/native/target/usr/local/bin'
[INFO] make[1]: Nothing to be done for `install-data-am'.
[INFO] make[1]: Leaving directory `/home/travis/build/apache/storm/storm-core/target/native/worker-launcher'
[INFO] 
[INFO] --- maven-resources-plugin:2.5:testResources (default-testResources) @ storm-core ---
[debug] execute contextualize
[INFO] Using 'UTF-8' encoding to copy filtered resources.
[INFO] Copying 14 resources
[INFO] Copying 2 resources
[INFO] Copying 3 resources
[INFO] 
[INFO] --- maven-dependency-plugin:2.8:unpack (unpack) @ storm-core ---
[INFO] Configured Artifact: org.apache.storm:multilang-ruby:2.0.0-SNAPSHOT:jar
[INFO] Downloading: https://repository.apache.org/snapshots/org/apache/storm/multilang-ruby/2.0.0-SNAPSHOT/maven-metadata.xml
[INFO] Configured Artifact: org.apache.storm:multilang-python:2.0.0-SNAPSHOT:jar
[INFO] Downloading: https://repository.apache.org/snapshots/org/apache/storm/multilang-python/2.0.0-SNAPSHOT/maven-metadata.xml
[INFO] Configured Artifact: org.apache.storm:multilang-javascript:2.0.0-SNAPSHOT:jar
[INFO] Downloading: https://repository.apache.org/snapshots/org/apache/storm/multilang-javascript/2.0.0-SNAPSHOT/maven-metadata.xml
[INFO] multilang-ruby-2.0.0-SNAPSHOT.jar already unpacked.
[INFO] multilang-python-2.0.0-SNAPSHOT.jar already unpacked.
[INFO] multilang-javascript-2.0.0-SNAPSHOT.jar already unpacked.
[INFO] 
[INFO] --- maven-compiler-plugin:3.1:testCompile (default-testCompile) @ storm-core ---
[INFO] Changes detected - recompiling the module!
[INFO] Compiling 52 source files to /home/travis/build/apache/storm/storm-core/target/test-classes
[WARNING] /home/travis/build/apache/storm/storm-core/test/jvm/org/apache/storm/localizer/LocalizerTest.java: Some input files use or override a deprecated API.
[WARNING] /home/travis/build/apache/storm/storm-core/test/jvm/org/apache/storm/localizer/LocalizerTest.java: Recompile with -Xlint:deprecation for details.
[WARNING] /home/travis/build/apache/storm/storm-core/test/jvm/org/apache/storm/command/TestCLI.java: Some input files use unchecked or unsafe operations.
[WARNING] /home/travis/build/apache/storm/storm-core/test/jvm/org/apache/storm/command/TestCLI.java: Recompile with -Xlint:unchecked for details.
[INFO] 
[INFO] --- maven-surefire-plugin:2.18.1:test (default-test) @ storm-core ---
[INFO] Surefire report directory: /home/travis/build/apache/storm/storm-core/target/surefire-reports
[INFO] parallel='none', perCoreThreadCount=true, threadCount=0, useUnlimitedThreads=false, threadCountSuites=0, threadCountClasses=0, threadCountMethods=0, parallelOptimized=true

-------------------------------------------------------
 T E S T S
-------------------------------------------------------
Running org.apache.storm.cluster.StormClusterStateImplTest
Tests run: 5, Failures: 0, Errors: 0, Skipped: 0, Time elapsed: 0.306 sec - in org.apache.storm.cluster.StormClusterStateImplTest
Running org.apache.storm.serialization.GzipBridgeThriftSerializationDelegateTest
Tests run: 3, Failures: 0, Errors: 0, Skipped: 0, Time elapsed: 0.007 sec - in org.apache.storm.serialization.GzipBridgeThriftSerializationDelegateTest
Running org.apache.storm.serialization.GzipBridgeSerializationDelegateTest
Tests run: 3, Failures: 0, Errors: 0, Skipped: 0, Time elapsed: 0.011 sec - in org.apache.storm.serialization.GzipBridgeSerializationDelegateTest
Running org.apache.storm.serialization.SerializationTest
Tests run: 3, Failures: 0, Errors: 0, Skipped: 0, Time elapsed: 1.553 sec - in org.apache.storm.serialization.SerializationTest
Running org.apache.storm.serialization.ThriftBridgeSerializationDelegateTest
Tests run: 1, Failures: 0, Errors: 0, Skipped: 0, Time elapsed: 0.003 sec - in org.apache.storm.serialization.ThriftBridgeSerializationDelegateTest
Running org.apache.storm.grouping.PartialKeyGroupingTest
Tests run: 2, Failures: 0, Errors: 0, Skipped: 0, Time elapsed: 0.021 sec - in org.apache.storm.grouping.PartialKeyGroupingTest
Running org.apache.storm.command.TestCLI
Tests run: 1, Failures: 0, Errors: 0, Skipped: 0, Time elapsed: 0.012 sec - in org.apache.storm.command.TestCLI
Running org.apache.storm.command.RebalanceTest
Tests run: 2, Failures: 0, Errors: 0, Skipped: 0, Time elapsed: 0.001 sec - in org.apache.storm.command.RebalanceTest
Running org.apache.storm.command.SetLogLevelTest
Tests run: 3, Failures: 0, Errors: 0, Skipped: 0, Time elapsed: 0.005 sec - in org.apache.storm.command.SetLogLevelTest
Running org.apache.storm.utils.UtilsTest
Tests run: 8, Failures: 0, Errors: 0, Skipped: 0, Time elapsed: 0.097 sec - in org.apache.storm.utils.UtilsTest
Running org.apache.storm.utils.DisruptorQueueTest
Tests run: 3, Failures: 0, Errors: 0, Skipped: 0, Time elapsed: 3.697 sec - in org.apache.storm.utils.DisruptorQueueTest
Running org.apache.storm.utils.DisruptorQueueBackpressureTest
Tests run: 1, Failures: 0, Errors: 0, Skipped: 0, Time elapsed: 0.001 sec - in org.apache.storm.utils.DisruptorQueueBackpressureTest
Running org.apache.storm.utils.StormBoundedExponentialBackoffRetryTest
Tests run: 5, Failures: 0, Errors: 0, Skipped: 0, Time elapsed: 0.136 sec - in org.apache.storm.utils.StormBoundedExponentialBackoffRetryTest
Running org.apache.storm.utils.TimeTest
Tests run: 8, Failures: 0, Errors: 0, Skipped: 0, Time elapsed: 0.005 sec - in org.apache.storm.utils.TimeTest
Running org.apache.storm.utils.ThriftTopologyUtilsTest
Tests run: 5, Failures: 0, Errors: 0, Skipped: 0, Time elapsed: 0.028 sec - in org.apache.storm.utils.ThriftTopologyUtilsTest
Running org.apache.storm.utils.WorkerBackpressureThreadTest
Tests run: 1, Failures: 0, Errors: 0, Skipped: 0, Time elapsed: 0.204 sec - in org.apache.storm.utils.WorkerBackpressureThreadTest
Running org.apache.storm.utils.ShellBoltMessageQueueTest
Tests run: 3, Failures: 0, Errors: 0, Skipped: 0, Time elapsed: 2.17 sec - in org.apache.storm.utils.ShellBoltMessageQueueTest
Running org.apache.storm.metric.internal.CountStatAndMetricTest
Tests run: 1, Failures: 0, Errors: 0, Skipped: 0, Time elapsed: 0.026 sec - in org.apache.storm.metric.internal.CountStatAndMetricTest
Running org.apache.storm.metric.internal.RateTrackerTest
Tests run: 4, Failures: 0, Errors: 0, Skipped: 0, Time elapsed: 0.232 sec - in org.apache.storm.metric.internal.RateTrackerTest
Running org.apache.storm.metric.internal.LatencyStatAndMetricTest
Tests run: 1, Failures: 0, Errors: 0, Skipped: 0, Time elapsed: 0.309 sec - in org.apache.storm.metric.internal.LatencyStatAndMetricTest
Running org.apache.storm.metric.filter.FilterByMetricNameTest
Tests run: 4, Failures: 0, Errors: 0, Skipped: 0, Time elapsed: 0.033 sec - in org.apache.storm.metric.filter.FilterByMetricNameTest
Running org.apache.storm.scheduler.resource.strategies.scheduling.TestDefaultResourceAwareStrategy
Tests run: 2, Failures: 0, Errors: 0, Skipped: 0, Time elapsed: 2.278 sec - in org.apache.storm.scheduler.resource.strategies.scheduling.TestDefaultResourceAwareStrategy
Running org.apache.storm.scheduler.resource.TestResourceAwareScheduler
Tests run: 14, Failures: 0, Errors: 0, Skipped: 0, Time elapsed: 7.344 sec - in org.apache.storm.scheduler.resource.TestResourceAwareScheduler
Running org.apache.storm.scheduler.resource.TestUser
Tests run: 3, Failures: 0, Errors: 0, Skipped: 0, Time elapsed: 2.62 sec - in org.apache.storm.scheduler.resource.TestUser
Running org.apache.storm.localizer.LocalizerTest
Tests run: 13, Failures: 0, Errors: 0, Skipped: 0, Time elapsed: 1.001 sec - in org.apache.storm.localizer.LocalizerTest
Running org.apache.storm.localizer.LocalizedResourceRetentionSetTest
Tests run: 2, Failures: 0, Errors: 0, Skipped: 0, Time elapsed: 0.09 sec - in org.apache.storm.localizer.LocalizedResourceRetentionSetTest
Running org.apache.storm.localizer.LocalizedResourceSetTest
Tests run: 4, Failures: 0, Errors: 0, Skipped: 0, Time elapsed: 0.013 sec - in org.apache.storm.localizer.LocalizedResourceSetTest
Running org.apache.storm.spout.CheckpointSpoutTest
Tests run: 7, Failures: 0, Errors: 0, Skipped: 0, Time elapsed: 0.457 sec - in org.apache.storm.spout.CheckpointSpoutTest
Running org.apache.storm.blobstore.ClientBlobStoreTest
Tests run: 4, Failures: 0, Errors: 0, Skipped: 0, Time elapsed: 0.018 sec - in org.apache.storm.blobstore.ClientBlobStoreTest
Running org.apache.storm.blobstore.BlobStoreTest
Tests run: 4, Failures: 0, Errors: 0, Skipped: 0, Time elapsed: 1.66 sec - in org.apache.storm.blobstore.BlobStoreTest
Running org.apache.storm.blobstore.BlobSynchronizerTest
Tests run: 4, Failures: 0, Errors: 0, Skipped: 0, Time elapsed: 2.687 sec - in org.apache.storm.blobstore.BlobSynchronizerTest
Running org.apache.storm.topology.StatefulWindowedBoltExecutorTest
Tests run: 4, Failures: 0, Errors: 0, Skipped: 0, Time elapsed: 0.246 sec - in org.apache.storm.topology.StatefulWindowedBoltExecutorTest
Running org.apache.storm.topology.TopologyBuilderTest
Tests run: 5, Failures: 0, Errors: 0, Skipped: 0, Time elapsed: 0.317 sec - in org.apache.storm.topology.TopologyBuilderTest
Running org.apache.storm.topology.StatefulBoltExecutorTest
Tests run: 7, Failures: 0, Errors: 0, Skipped: 0, Time elapsed: 0.275 sec - in org.apache.storm.topology.StatefulBoltExecutorTest
Running org.apache.storm.topology.WindowedBoltExecutorTest
Tests run: 5, Failures: 0, Errors: 2, Skipped: 0, Time elapsed: 0.053 sec <<< FAILURE! - in org.apache.storm.topology.WindowedBoltExecutorTest
testExecuteWithLateTupleStream(org.apache.storm.topology.WindowedBoltExecutorTest)  Time elapsed: 0.043 sec  <<< ERROR!
java.lang.IllegalArgumentException: Spouts is not set
	at org.apache.storm.topology.TopologyBuilder.createTopology(TopologyBuilder.java:118)
	at org.apache.storm.topology.WindowedBoltExecutorTest.getContext(WindowedBoltExecutorTest.java:68)
	at org.apache.storm.topology.WindowedBoltExecutorTest.getTuple(WindowedBoltExecutorTest.java:79)
	at org.apache.storm.topology.WindowedBoltExecutorTest.testExecuteWithLateTupleStream(WindowedBoltExecutorTest.java:217)

testExecuteWithTs(org.apache.storm.topology.WindowedBoltExecutorTest)  Time elapsed: 0.004 sec  <<< ERROR!
java.lang.IllegalArgumentException: Spouts is not set
	at org.apache.storm.topology.TopologyBuilder.createTopology(TopologyBuilder.java:118)
	at org.apache.storm.topology.WindowedBoltExecutorTest.getContext(WindowedBoltExecutorTest.java:68)
	at org.apache.storm.topology.WindowedBoltExecutorTest.getTuple(WindowedBoltExecutorTest.java:79)
	at org.apache.storm.topology.WindowedBoltExecutorTest.testExecuteWithTs(WindowedBoltExecutorTest.java:126)

Running org.apache.storm.state.InMemoryKeyValueStateTest
Tests run: 2, Failures: 0, Errors: 0, Skipped: 0, Time elapsed: 0 sec - in org.apache.storm.state.InMemoryKeyValueStateTest
Running org.apache.storm.windowing.WaterMarkEventGeneratorTest
Tests run: 5, Failures: 0, Errors: 0, Skipped: 0, Time elapsed: 0.008 sec - in org.apache.storm.windowing.WaterMarkEventGeneratorTest
Running org.apache.storm.windowing.WindowManagerTest
Tests run: 10, Failures: 0, Errors: 0, Skipped: 0, Time elapsed: 0.022 sec - in org.apache.storm.windowing.WindowManagerTest
Running org.apache.storm.trident.TestTridentTopology
Tests run: 1, Failures: 0, Errors: 0, Skipped: 0, Time elapsed: 16.028 sec - in org.apache.storm.trident.TestTridentTopology
Running org.apache.storm.trident.TridentWindowingTest
Tests run: 3, Failures: 0, Errors: 0, Skipped: 0, Time elapsed: 0.022 sec - in org.apache.storm.trident.TridentWindowingTest
Running org.apache.storm.nimbus.LocalNimbusTest
Tests run: 1, Failures: 0, Errors: 0, Skipped: 0, Time elapsed: 38.707 sec - in org.apache.storm.nimbus.LocalNimbusTest
Running org.apache.storm.TestConfigValidate
Tests run: 25, Failures: 0, Errors: 0, Skipped: 0, Time elapsed: 0.394 sec - in org.apache.storm.TestConfigValidate
Running org.apache.storm.PacemakerTest
Tests run: 9, Failures: 0, Errors: 0, Skipped: 0, Time elapsed: 1.802 sec - in org.apache.storm.PacemakerTest
Running org.apache.storm.TestCgroups
Tests run: 1, Failures: 0, Errors: 0, Skipped: 1, Time elapsed: 0.013 sec - in org.apache.storm.TestCgroups
Running org.apache.storm.PaceMakerStateStorageFactoryTest
Tests run: 10, Failures: 0, Errors: 0, Skipped: 0, Time elapsed: 1.243 sec - in org.apache.storm.PaceMakerStateStorageFactoryTest

Results :

Tests in error: 
  WindowedBoltExecutorTest.testExecuteWithLateTupleStream:217->getTuple:79->getContext:68 Â» IllegalArgument
  WindowedBoltExecutorTest.testExecuteWithTs:126->getTuple:79->getContext:68 Â» IllegalArgument

Tests run: 212, Failures: 0, Errors: 2, Skipped: 1

[INFO] ------------------------------------------------------------------------
[INFO] BUILD FAILURE
[INFO] ------------------------------------------------------------------------
[INFO] Total time: 01:55 min
[INFO] Finished at: 2016-06-24T14:51:25+00:00
[INFO] Final Memory: 45M/424M
[INFO] ------------------------------------------------------------------------
[ERROR] Failed to execute goal org.apache.maven.plugins:maven-surefire-plugin:2.18.1:test (default-test) on project storm-core: There are test failures.
[ERROR] 
[ERROR] Please refer to /home/travis/build/apache/storm/storm-core/target/surefire-reports for the individual test results.
[ERROR] -> [Help 1]
[ERROR] 
[ERROR] To see the full stack trace of the errors, re-run Maven with the -e switch.
[ERROR] Re-run Maven using the -X switch to enable full debug logging.
[ERROR] 
[ERROR] For more information about the errors and possible solutions, please read the following articles:
[ERROR] [Help 1] http://cwiki.apache.org/confluence/display/MAVEN/MojoFailureException
Looking for errors in ./storm-core/target/surefire-reports
Checking ./storm-core/target/surefire-reports/TEST-org.apache.storm.cluster.StormClusterStateImplTest.xml
Checking ./storm-core/target/surefire-reports/TEST-org.apache.storm.serialization.GzipBridgeThriftSerializationDelegateTest.xml
Checking ./storm-core/target/surefire-reports/TEST-org.apache.storm.serialization.GzipBridgeSerializationDelegateTest.xml
Checking ./storm-core/target/surefire-reports/TEST-org.apache.storm.serialization.SerializationTest.xml
Checking ./storm-core/target/surefire-reports/TEST-org.apache.storm.serialization.ThriftBridgeSerializationDelegateTest.xml
Checking ./storm-core/target/surefire-reports/TEST-org.apache.storm.grouping.PartialKeyGroupingTest.xml
Checking ./storm-core/target/surefire-reports/TEST-org.apache.storm.command.TestCLI.xml
Checking ./storm-core/target/surefire-reports/TEST-org.apache.storm.command.RebalanceTest.xml
Checking ./storm-core/target/surefire-reports/TEST-org.apache.storm.command.SetLogLevelTest.xml
Checking ./storm-core/target/surefire-reports/TEST-org.apache.storm.utils.UtilsTest.xml
Checking ./storm-core/target/surefire-reports/TEST-org.apache.storm.utils.DisruptorQueueTest.xml
Checking ./storm-core/target/surefire-reports/TEST-org.apache.storm.utils.DisruptorQueueBackpressureTest.xml
Checking ./storm-core/target/surefire-reports/TEST-org.apache.storm.utils.StormBoundedExponentialBackoffRetryTest.xml
Checking ./storm-core/target/surefire-reports/TEST-org.apache.storm.utils.TimeTest.xml
Checking ./storm-core/target/surefire-reports/TEST-org.apache.storm.utils.ThriftTopologyUtilsTest.xml
Checking ./storm-core/target/surefire-reports/TEST-org.apache.storm.utils.WorkerBackpressureThreadTest.xml
Checking ./storm-core/target/surefire-reports/TEST-org.apache.storm.utils.ShellBoltMessageQueueTest.xml
Checking ./storm-core/target/surefire-reports/TEST-org.apache.storm.metric.internal.CountStatAndMetricTest.xml
Checking ./storm-core/target/surefire-reports/TEST-org.apache.storm.metric.internal.RateTrackerTest.xml
Checking ./storm-core/target/surefire-reports/TEST-org.apache.storm.metric.internal.LatencyStatAndMetricTest.xml
Checking ./storm-core/target/surefire-reports/TEST-org.apache.storm.metric.filter.FilterByMetricNameTest.xml
Checking ./storm-core/target/surefire-reports/TEST-org.apache.storm.scheduler.resource.strategies.scheduling.TestDefaultResourceAwareStrategy.xml
Checking ./storm-core/target/surefire-reports/TEST-org.apache.storm.scheduler.resource.TestResourceAwareScheduler.xml
Checking ./storm-core/target/surefire-reports/TEST-org.apache.storm.scheduler.resource.TestUser.xml
Checking ./storm-core/target/surefire-reports/TEST-org.apache.storm.localizer.LocalizerTest.xml
Checking ./storm-core/target/surefire-reports/TEST-org.apache.storm.localizer.LocalizedResourceRetentionSetTest.xml
Checking ./storm-core/target/surefire-reports/TEST-org.apache.storm.localizer.LocalizedResourceSetTest.xml
Checking ./storm-core/target/surefire-reports/TEST-org.apache.storm.spout.CheckpointSpoutTest.xml
Checking ./storm-core/target/surefire-reports/TEST-org.apache.storm.blobstore.ClientBlobStoreTest.xml
Checking ./storm-core/target/surefire-reports/TEST-org.apache.storm.blobstore.BlobStoreTest.xml
Checking ./storm-core/target/surefire-reports/TEST-org.apache.storm.blobstore.BlobSynchronizerTest.xml
Checking ./storm-core/target/surefire-reports/TEST-org.apache.storm.topology.StatefulWindowedBoltExecutorTest.xml
Checking ./storm-core/target/surefire-reports/TEST-org.apache.storm.topology.TopologyBuilderTest.xml
Checking ./storm-core/target/surefire-reports/TEST-org.apache.storm.topology.StatefulBoltExecutorTest.xml
Checking ./storm-core/target/surefire-reports/TEST-org.apache.storm.topology.WindowedBoltExecutorTest.xml
--------------------------------------------------
classname: org.apache.storm.topology.WindowedBoltExecutorTest / testname: testExecuteWithLateTupleStream
java.lang.IllegalArgumentException: Spouts is not set
	at org.apache.storm.topology.TopologyBuilder.createTopology(TopologyBuilder.java:118)
	at org.apache.storm.topology.WindowedBoltExecutorTest.getContext(WindowedBoltExecutorTest.java:68)
	at org.apache.storm.topology.WindowedBoltExecutorTest.getTuple(WindowedBoltExecutorTest.java:79)
	at org.apache.storm.topology.WindowedBoltExecutorTest.testExecuteWithLateTupleStream(WindowedBoltExecutorTest.java:217)

--------------------------------------------------
--------------------------------------------------
classname: org.apache.storm.topology.WindowedBoltExecutorTest / testname: testExecuteWithTs
java.lang.IllegalArgumentException: Spouts is not set
	at org.apache.storm.topology.TopologyBuilder.createTopology(TopologyBuilder.java:118)
	at org.apache.storm.topology.WindowedBoltExecutorTest.getContext(WindowedBoltExecutorTest.java:68)
	at org.apache.storm.topology.WindowedBoltExecutorTest.getTuple(WindowedBoltExecutorTest.java:79)
	at org.apache.storm.topology.WindowedBoltExecutorTest.testExecuteWithTs(WindowedBoltExecutorTest.java:126)

--------------------------------------------------
Checking ./storm-core/target/surefire-reports/TEST-org.apache.storm.state.InMemoryKeyValueStateTest.xml
Checking ./storm-core/target/surefire-reports/TEST-org.apache.storm.windowing.WaterMarkEventGeneratorTest.xml
Checking ./storm-core/target/surefire-reports/TEST-org.apache.storm.windowing.WindowManagerTest.xml
Checking ./storm-core/target/surefire-reports/TEST-org.apache.storm.trident.TestTridentTopology.xml
Checking ./storm-core/target/surefire-reports/TEST-org.apache.storm.trident.TridentWindowingTest.xml
Checking ./storm-core/target/surefire-reports/TEST-org.apache.storm.nimbus.LocalNimbusTest.xml
Checking ./storm-core/target/surefire-reports/TEST-org.apache.storm.TestConfigValidate.xml
Checking ./storm-core/target/surefire-reports/TEST-org.apache.storm.PacemakerTest.xml
Checking ./storm-core/target/surefire-reports/TEST-org.apache.storm.TestCgroups.xml
Checking ./storm-core/target/surefire-reports/TEST-org.apache.storm.PaceMakerStateStorageFactoryTest.xml

travis_time:end:08e898fa:start=1466779768832797073,finish=1466779886214297657,duration=117381500584[0K
[31;1mThe command "/bin/bash ./dev-tools/travis/travis-script.sh `pwd` $MODULES" exited with 1.[0m
travis_fold:start:cache.2[0Kstore build cache
travis_time:start:00b147a2[0K
travis_time:end:00b147a2:start=1466779886219081113,finish=1466779886222952585,duration=3871472[0Ktravis_time:start:0b797380[0K[32;1mchange detected (content changed, file is created, or file is deleted):
/home/travis/.m2/repository/eigenbase/eigenbase-properties/1.1.4/eigenbase-properties-1.1.4.pom.lastUpdated
/home/travis/.m2/repository/io/confluent/kafka-avro-serializer/1.0/kafka-avro-serializer-1.0.pom.lastUpdated
/home/travis/.m2/repository/io/confluent/kafka-schema-registry-client/1.0/kafka-schema-registry-client-1.0.pom.lastUpdated
/home/travis/.m2/repository/net/hydromatic/linq4j/0.4/linq4j-0.4.pom.lastUpdated
/home/travis/.m2/repository/net/hydromatic/quidem/0.1.1/quidem-0.1.1.pom.lastUpdated
/home/travis/.m2/repository/org/apache/storm/flux/2.0.0-SNAPSHOT/maven-metadata-local.xml
/home/travis/.m2/repository/org/apache/storm/flux/2.0.0-SNAPSHOT/_remote.repositories
/home/travis/.m2/repository/org/apache/storm/flux-core/2.0.0-SNAPSHOT/flux-core-2.0.0-SNAPSHOT.jar
/home/travis/.m2/repository/org/apache/storm/flux-core/2.0.0-SNAPSHOT/maven-metadata-local.xml
/home/travis/.m2/repository/org/apache/storm/flux-core/2.0.0-SNAPSHOT/_remote.repositories
/home/travis/.m2/repository/org/ap
[0m
[32;1m...
[0m
[32;1mchanges detected, packing new archive[0m
.
.
.
.
.
.
[32;1muploading archive[0m

travis_time:end:0b797380:start=1466779886227394294,finish=1466779936541976262,duration=50314581968[0Ktravis_fold:end:cache.2[0K
Done. Your build exited with 1.
