Using worker: worker-linux-docker-0805648e.prod.travis-ci.org:travis-linux-9

travis_fold:start:system_info[0K[33;1mBuild system information[0m
Build language: java
Build group: stable
Build dist: precise
[34m[1mBuild image provisioning date and time[0m
Thu Feb  5 15:09:33 UTC 2015
[34m[1mOperating System Details[0m
Distributor ID:	Ubuntu
Description:	Ubuntu 12.04.5 LTS
Release:	12.04
Codename:	precise
[34m[1mLinux Version[0m
3.13.0-29-generic
[34m[1mCookbooks Version[0m
a68419e https://github.com/travis-ci/travis-cookbooks/tree/a68419e
[34m[1mGCC version[0m
gcc (Ubuntu/Linaro 4.6.3-1ubuntu5) 4.6.3
Copyright (C) 2011 Free Software Foundation, Inc.
This is free software; see the source for copying conditions.  There is NO
warranty; not even for MERCHANTABILITY or FITNESS FOR A PARTICULAR PURPOSE.

[34m[1mLLVM version[0m
clang version 3.4 (tags/RELEASE_34/final)
Target: x86_64-unknown-linux-gnu
Thread model: posix
[34m[1mPre-installed Ruby versions[0m
ruby-1.9.3-p551
[34m[1mPre-installed Node.js versions[0m
v0.10.36
[34m[1mPre-installed Go versions[0m
1.4.1
[34m[1mRedis version[0m
redis-server 2.8.19
[34m[1mriak version[0m
2.0.2
[34m[1mMongoDB version[0m
MongoDB 2.4.12
[34m[1mCouchDB version[0m
couchdb 1.6.1
[34m[1mNeo4j version[0m
1.9.4
[34m[1mRabbitMQ Version[0m
3.4.3
[34m[1mElasticSearch version[0m
1.4.0
[34m[1mInstalled Sphinx versions[0m
2.0.10
2.1.9
2.2.6
[34m[1mDefault Sphinx version[0m
2.2.6
[34m[1mInstalled Firefox version[0m
firefox 31.0esr
[34m[1mPhantomJS version[0m
1.9.8
[34m[1mant -version[0m
Apache Ant(TM) version 1.8.2 compiled on December 3 2011
[34m[1mmvn -version[0m
Apache Maven 3.2.5 (12a6b3acb947671f09b81f49094c53f426d8cea1; 2014-12-14T17:29:23+00:00)
Maven home: /usr/local/maven
Java version: 1.7.0_76, vendor: Oracle Corporation
Java home: /usr/lib/jvm/java-7-oracle/jre
Default locale: en_US, platform encoding: ANSI_X3.4-1968
OS name: "linux", version: "3.13.0-29-generic", arch: "amd64", family: "unix"
travis_fold:end:system_info[0K
travis_fold:start:fix.CVE-2015-7547[0K$ export DEBIAN_FRONTEND=noninteractive
W: Size of file /var/lib/apt/lists/us.archive.ubuntu.com_ubuntu_dists_precise-backports_multiverse_source_Sources.gz is not what the server reported 5886 5888
W: Size of file /var/lib/apt/lists/ppa.launchpad.net_ubuntugis_ppa_ubuntu_dists_precise_main_binary-amd64_Packages.gz is not what the server reported 36669 36677
W: Size of file /var/lib/apt/lists/ppa.launchpad.net_ubuntugis_ppa_ubuntu_dists_precise_main_binary-i386_Packages.gz is not what the server reported 36729 36733
Reading package lists...
Building dependency tree...
Reading state information...
The following extra packages will be installed:
  libc-bin libc-dev-bin libc6-dev
Suggested packages:
  glibc-doc
The following packages will be upgraded:
  libc-bin libc-dev-bin libc6 libc6-dev
4 upgraded, 0 newly installed, 0 to remove and 248 not upgraded.
Need to get 8,840 kB of archives.
After this operation, 14.3 kB disk space will be freed.
Get:1 http://us.archive.ubuntu.com/ubuntu/ precise-updates/main libc6-dev amd64 2.15-0ubuntu10.15 [2,943 kB]
Get:2 http://us.archive.ubuntu.com/ubuntu/ precise-updates/main libc-dev-bin amd64 2.15-0ubuntu10.15 [84.7 kB]
Get:3 http://us.archive.ubuntu.com/ubuntu/ precise-updates/main libc-bin amd64 2.15-0ubuntu10.15 [1,177 kB]
Get:4 http://us.archive.ubuntu.com/ubuntu/ precise-updates/main libc6 amd64 2.15-0ubuntu10.15 [4,636 kB]
Fetched 8,840 kB in 0s (35.9 MB/s)
Preconfiguring packages ...
(Reading database ... (Reading database ... 5%(Reading database ... 10%(Reading database ... 15%(Reading database ... 20%(Reading database ... 25%(Reading database ... 30%(Reading database ... 35%(Reading database ... 40%(Reading database ... 45%(Reading database ... 50%(Reading database ... 55%(Reading database ... 60%(Reading database ... 65%(Reading database ... 70%(Reading database ... 75%(Reading database ... 80%(Reading database ... 85%(Reading database ... 90%(Reading database ... 95%(Reading database ... 100%(Reading database ... 72019 files and directories currently installed.)
Preparing to replace libc6-dev 2.15-0ubuntu10.10 (using .../libc6-dev_2.15-0ubuntu10.15_amd64.deb) ...
Unpacking replacement libc6-dev ...
Preparing to replace libc-dev-bin 2.15-0ubuntu10.10 (using .../libc-dev-bin_2.15-0ubuntu10.15_amd64.deb) ...
Unpacking replacement libc-dev-bin ...
Preparing to replace libc-bin 2.15-0ubuntu10.10 (using .../libc-bin_2.15-0ubuntu10.15_amd64.deb) ...
Unpacking replacement libc-bin ...
Processing triggers for man-db ...
Setting up libc-bin (2.15-0ubuntu10.15) ...
(Reading database ... (Reading database ... 5%(Reading database ... 10%(Reading database ... 15%(Reading database ... 20%(Reading database ... 25%(Reading database ... 30%(Reading database ... 35%(Reading database ... 40%(Reading database ... 45%(Reading database ... 50%(Reading database ... 55%(Reading database ... 60%(Reading database ... 65%(Reading database ... 70%(Reading database ... 75%(Reading database ... 80%(Reading database ... 85%(Reading database ... 90%(Reading database ... 95%(Reading database ... 100%(Reading database ... 72018 files and directories currently installed.)
Preparing to replace libc6 2.15-0ubuntu10.10 (using .../libc6_2.15-0ubuntu10.15_amd64.deb) ...
Unpacking replacement libc6 ...
Setting up libc6 (2.15-0ubuntu10.15) ...
Setting up libc-dev-bin (2.15-0ubuntu10.15) ...
Setting up libc6-dev (2.15-0ubuntu10.15) ...
Processing triggers for libc-bin ...
ldconfig deferred processing now taking place
travis_fold:end:fix.CVE-2015-7547[0Ktravis_fold:start:git.checkout[0Ktravis_time:start:0a867810[0K$ git clone --depth=50 https://github.com/apache/storm.git apache/storm
Cloning into 'apache/storm'...
remote: Counting objects: 25566, done.[K
remote: Compressing objects:   0% (1/9973)   [Kremote: Compressing objects:   1% (100/9973)   [Kremote: Compressing objects:   2% (200/9973)   [Kremote: Compressing objects:   3% (300/9973)   [Kremote: Compressing objects:   4% (399/9973)   [Kremote: Compressing objects:   5% (499/9973)   [Kremote: Compressing objects:   6% (599/9973)   [Kremote: Compressing objects:   7% (699/9973)   [Kremote: Compressing objects:   8% (798/9973)   [Kremote: Compressing objects:   9% (898/9973)   [Kremote: Compressing objects:  10% (998/9973)   [Kremote: Compressing objects:  11% (1098/9973)   [Kremote: Compressing objects:  12% (1197/9973)   [Kremote: Compressing objects:  13% (1297/9973)   [Kremote: Compressing objects:  14% (1397/9973)   [Kremote: Compressing objects:  15% (1496/9973)   [Kremote: Compressing objects:  16% (1596/9973)   [Kremote: Compressing objects:  17% (1696/9973)   [Kremote: Compressing objects:  18% (1796/9973)   [Kremote: Compressing objects:  19% (1895/9973)   [Kremote: Compressing objects:  20% (1995/9973)   [Kremote: Compressing objects:  21% (2095/9973)   [Kremote: Compressing objects:  22% (2195/9973)   [Kremote: Compressing objects:  23% (2294/9973)   [Kremote: Compressing objects:  24% (2394/9973)   [Kremote: Compressing objects:  25% (2494/9973)   [Kremote: Compressing objects:  26% (2593/9973)   [Kremote: Compressing objects:  27% (2693/9973)   [Kremote: Compressing objects:  28% (2793/9973)   [Kremote: Compressing objects:  29% (2893/9973)   [Kremote: Compressing objects:  30% (2992/9973)   [Kremote: Compressing objects:  31% (3092/9973)   [Kremote: Compressing objects:  32% (3192/9973)   [Kremote: Compressing objects:  33% (3292/9973)   [Kremote: Compressing objects:  34% (3391/9973)   [Kremote: Compressing objects:  35% (3491/9973)   [Kremote: Compressing objects:  36% (3591/9973)   [Kremote: Compressing objects:  37% (3691/9973)   [Kremote: Compressing objects:  38% (3790/9973)   [Kremote: Compressing objects:  39% (3890/9973)   [Kremote: Compressing objects:  40% (3990/9973)   [Kremote: Compressing objects:  41% (4089/9973)   [Kremote: Compressing objects:  42% (4189/9973)   [Kremote: Compressing objects:  43% (4289/9973)   [Kremote: Compressing objects:  44% (4389/9973)   [Kremote: Compressing objects:  45% (4488/9973)   [Kremote: Compressing objects:  46% (4588/9973)   [Kremote: Compressing objects:  47% (4688/9973)   [Kremote: Compressing objects:  48% (4788/9973)   [Kremote: Compressing objects:  49% (4887/9973)   [Kremote: Compressing objects:  50% (4987/9973)   [Kremote: Compressing objects:  51% (5087/9973)   [Kremote: Compressing objects:  52% (5186/9973)   [Kremote: Compressing objects:  53% (5286/9973)   [Kremote: Compressing objects:  54% (5386/9973)   [Kremote: Compressing objects:  55% (5486/9973)   [Kremote: Compressing objects:  56% (5585/9973)   [Kremote: Compressing objects:  57% (5685/9973)   [Kremote: Compressing objects:  58% (5785/9973)   [Kremote: Compressing objects:  59% (5885/9973)   [Kremote: Compressing objects:  60% (5984/9973)   [Kremote: Compressing objects:  61% (6084/9973)   [Kremote: Compressing objects:  62% (6184/9973)   [Kremote: Compressing objects:  63% (6283/9973)   [Kremote: Compressing objects:  64% (6383/9973)   [Kremote: Compressing objects:  65% (6483/9973)   [Kremote: Compressing objects:  66% (6583/9973)   [Kremote: Compressing objects:  67% (6682/9973)   [Kremote: Compressing objects:  68% (6782/9973)   [Kremote: Compressing objects:  69% (6882/9973)   [Kremote: Compressing objects:  70% (6982/9973)   [Kremote: Compressing objects:  71% (7081/9973)   [Kremote: Compressing objects:  72% (7181/9973)   [Kremote: Compressing objects:  73% (7281/9973)   [Kremote: Compressing objects:  74% (7381/9973)   [Kremote: Compressing objects:  75% (7480/9973)   [Kremote: Compressing objects:  76% (7580/9973)   [Kremote: Compressing objects:  77% (7680/9973)   [Kremote: Compressing objects:  78% (7779/9973)   [Kremote: Compressing objects:  79% (7879/9973)   [Kremote: Compressing objects:  80% (7979/9973)   [Kremote: Compressing objects:  81% (8079/9973)   [Kremote: Compressing objects:  82% (8178/9973)   [Kremote: Compressing objects:  83% (8278/9973)   [Kremote: Compressing objects:  84% (8378/9973)   [Kremote: Compressing objects:  85% (8478/9973)   [Kremote: Compressing objects:  86% (8577/9973)   [Kremote: Compressing objects:  87% (8677/9973)   [Kremote: Compressing objects:  88% (8777/9973)   [Kremote: Compressing objects:  89% (8876/9973)   [Kremote: Compressing objects:  90% (8976/9973)   [Kremote: Compressing objects:  91% (9076/9973)   [Kremote: Compressing objects:  92% (9176/9973)   [Kremote: Compressing objects:  93% (9275/9973)   [Kremote: Compressing objects:  94% (9375/9973)   [Kremote: Compressing objects:  95% (9475/9973)   [Kremote: Compressing objects:  96% (9575/9973)   [Kremote: Compressing objects:  97% (9674/9973)   [Kremote: Compressing objects:  98% (9774/9973)   [Kremote: Compressing objects:  99% (9874/9973)   [Kremote: Compressing objects: 100% (9973/9973)   [Kremote: Compressing objects: 100% (9973/9973), done.[K
Receiving objects:   0% (1/25566)   Receiving objects:   1% (256/25566)   Receiving objects:   2% (512/25566)   Receiving objects:   3% (767/25566)   Receiving objects:   4% (1023/25566)   Receiving objects:   5% (1279/25566)   Receiving objects:   6% (1534/25566)   Receiving objects:   7% (1790/25566)   Receiving objects:   8% (2046/25566)   Receiving objects:   9% (2301/25566)   Receiving objects:  10% (2557/25566)   Receiving objects:  11% (2813/25566)   Receiving objects:  12% (3068/25566)   Receiving objects:  13% (3324/25566)   Receiving objects:  14% (3580/25566)   Receiving objects:  15% (3835/25566)   Receiving objects:  16% (4091/25566)   Receiving objects:  17% (4347/25566)   Receiving objects:  18% (4602/25566)   Receiving objects:  19% (4858/25566)   Receiving objects:  20% (5114/25566)   Receiving objects:  21% (5369/25566)   Receiving objects:  22% (5625/25566)   Receiving objects:  23% (5881/25566)   Receiving objects:  24% (6136/25566)   Receiving objects:  25% (6392/25566)   Receiving objects:  26% (6648/25566)   Receiving objects:  27% (6903/25566)   Receiving objects:  28% (7159/25566)   Receiving objects:  29% (7415/25566)   Receiving objects:  30% (7670/25566)   Receiving objects:  31% (7926/25566)   Receiving objects:  32% (8182/25566)   Receiving objects:  33% (8437/25566)   Receiving objects:  34% (8693/25566)   Receiving objects:  35% (8949/25566)   Receiving objects:  36% (9204/25566)   Receiving objects:  37% (9460/25566)   Receiving objects:  38% (9716/25566)   Receiving objects:  39% (9971/25566)   Receiving objects:  40% (10227/25566)   Receiving objects:  41% (10483/25566)   Receiving objects:  42% (10738/25566)   Receiving objects:  43% (10994/25566)   Receiving objects:  44% (11250/25566)   Receiving objects:  45% (11505/25566)   Receiving objects:  46% (11761/25566)   Receiving objects:  47% (12017/25566)   Receiving objects:  48% (12272/25566)   Receiving objects:  49% (12528/25566)   Receiving objects:  50% (12783/25566)   Receiving objects:  51% (13039/25566)   Receiving objects:  52% (13295/25566)   Receiving objects:  53% (13550/25566)   Receiving objects:  54% (13806/25566)   Receiving objects:  55% (14062/25566)   Receiving objects:  56% (14317/25566)   Receiving objects:  57% (14573/25566)   Receiving objects:  58% (14829/25566)   Receiving objects:  59% (15084/25566)   Receiving objects:  60% (15340/25566)   Receiving objects:  61% (15596/25566)   Receiving objects:  62% (15851/25566)   Receiving objects:  63% (16107/25566), 12.86 MiB | 25.67 MiB/s   Receiving objects:  64% (16363/25566), 12.86 MiB | 25.67 MiB/s   Receiving objects:  65% (16618/25566), 12.86 MiB | 25.67 MiB/s   Receiving objects:  66% (16874/25566), 12.86 MiB | 25.67 MiB/s   Receiving objects:  67% (17130/25566), 12.86 MiB | 25.67 MiB/s   Receiving objects:  68% (17385/25566), 12.86 MiB | 25.67 MiB/s   Receiving objects:  69% (17641/25566), 12.86 MiB | 25.67 MiB/s   Receiving objects:  70% (17897/25566), 12.86 MiB | 25.67 MiB/s   Receiving objects:  71% (18152/25566), 12.86 MiB | 25.67 MiB/s   Receiving objects:  72% (18408/25566), 12.86 MiB | 25.67 MiB/s   Receiving objects:  73% (18664/25566), 12.86 MiB | 25.67 MiB/s   Receiving objects:  74% (18919/25566), 12.86 MiB | 25.67 MiB/s   Receiving objects:  75% (19175/25566), 12.86 MiB | 25.67 MiB/s   Receiving objects:  76% (19431/25566), 12.86 MiB | 25.67 MiB/s   Receiving objects:  77% (19686/25566), 12.86 MiB | 25.67 MiB/s   Receiving objects:  78% (19942/25566), 12.86 MiB | 25.67 MiB/s   Receiving objects:  79% (20198/25566), 12.86 MiB | 25.67 MiB/s   Receiving objects:  80% (20453/25566), 12.86 MiB | 25.67 MiB/s   Receiving objects:  81% (20709/25566), 12.86 MiB | 25.67 MiB/s   Receiving objects:  82% (20965/25566), 12.86 MiB | 25.67 MiB/s   Receiving objects:  83% (21220/25566), 12.86 MiB | 25.67 MiB/s   Receiving objects:  84% (21476/25566), 12.86 MiB | 25.67 MiB/s   Receiving objects:  85% (21732/25566), 12.86 MiB | 25.67 MiB/s   Receiving objects:  86% (21987/25566), 12.86 MiB | 25.67 MiB/s   Receiving objects:  87% (22243/25566), 12.86 MiB | 25.67 MiB/s   Receiving objects:  88% (22499/25566), 12.86 MiB | 25.67 MiB/s   Receiving objects:  89% (22754/25566), 12.86 MiB | 25.67 MiB/s   Receiving objects:  90% (23010/25566), 12.86 MiB | 25.67 MiB/s   Receiving objects:  91% (23266/25566), 12.86 MiB | 25.67 MiB/s   Receiving objects:  92% (23521/25566), 12.86 MiB | 25.67 MiB/s   Receiving objects:  93% (23777/25566), 12.86 MiB | 25.67 MiB/s   Receiving objects:  94% (24033/25566), 12.86 MiB | 25.67 MiB/s   Receiving objects:  95% (24288/25566), 12.86 MiB | 25.67 MiB/s   Receiving objects:  96% (24544/25566), 12.86 MiB | 25.67 MiB/s   Receiving objects:  97% (24800/25566), 12.86 MiB | 25.67 MiB/s   Receiving objects:  98% (25055/25566), 12.86 MiB | 25.67 MiB/s   Receiving objects:  99% (25311/25566), 12.86 MiB | 25.67 MiB/s   remote: Total 25566 (delta 12678), reused 22594 (delta 10209), pack-reused 0[K
Receiving objects: 100% (25566/25566), 12.86 MiB | 25.67 MiB/s   Receiving objects: 100% (25566/25566), 18.56 MiB | 25.67 MiB/s, done.
Resolving deltas:   0% (0/12678)   Resolving deltas:   1% (153/12678)   Resolving deltas:   2% (255/12678)   Resolving deltas:   3% (382/12678)   Resolving deltas:   4% (512/12678)   Resolving deltas:   5% (634/12678)   Resolving deltas:   6% (815/12678)   Resolving deltas:   7% (888/12678)   Resolving deltas:   8% (1015/12678)   Resolving deltas:   9% (1148/12678)   Resolving deltas:  10% (1268/12678)   Resolving deltas:  11% (1396/12678)   Resolving deltas:  12% (1523/12678)   Resolving deltas:  13% (1654/12678)   Resolving deltas:  14% (1776/12678)   Resolving deltas:  15% (1915/12678)   Resolving deltas:  16% (2031/12678)   Resolving deltas:  17% (2157/12678)   Resolving deltas:  18% (2288/12678)   Resolving deltas:  19% (2416/12678)   Resolving deltas:  20% (2537/12678)   Resolving deltas:  21% (2663/12678)   Resolving deltas:  22% (2799/12678)   Resolving deltas:  24% (3093/12678)   Resolving deltas:  25% (3191/12678)   Resolving deltas:  26% (3339/12678)   Resolving deltas:  27% (3515/12678)   Resolving deltas:  28% (3572/12678)   Resolving deltas:  30% (3851/12678)   Resolving deltas:  31% (3934/12678)   Resolving deltas:  32% (4057/12678)   Resolving deltas:  33% (4201/12678)   Resolving deltas:  34% (4320/12678)   Resolving deltas:  35% (4441/12678)   Resolving deltas:  36% (4578/12678)   Resolving deltas:  37% (4700/12678)   Resolving deltas:  38% (4830/12678)   Resolving deltas:  39% (4950/12678)   Resolving deltas:  40% (5072/12678)   Resolving deltas:  41% (5201/12678)   Resolving deltas:  42% (5328/12678)   Resolving deltas:  43% (5453/12678)   Resolving deltas:  44% (5579/12678)   Resolving deltas:  45% (5707/12678)   Resolving deltas:  46% (5838/12678)   Resolving deltas:  47% (5962/12678)   Resolving deltas:  48% (6187/12678)   Resolving deltas:  49% (6228/12678)   Resolving deltas:  50% (6346/12678)   Resolving deltas:  51% (6469/12678)   Resolving deltas:  52% (6601/12678)   Resolving deltas:  53% (6723/12678)   Resolving deltas:  54% (6853/12678)   Resolving deltas:  55% (6973/12678)   Resolving deltas:  56% (7179/12678)   Resolving deltas:  57% (7277/12678)   Resolving deltas:  58% (7372/12678)   Resolving deltas:  59% (7488/12678)   Resolving deltas:  60% (7614/12678)   Resolving deltas:  61% (7742/12678)   Resolving deltas:  62% (7866/12678)   Resolving deltas:  65% (8309/12678)   Resolving deltas:  66% (8369/12678)   Resolving deltas:  69% (8819/12678)   Resolving deltas:  70% (8915/12678)   Resolving deltas:  71% (9005/12678)   Resolving deltas:  72% (9134/12678)   Resolving deltas:  73% (9263/12678)   Resolving deltas:  74% (9399/12678)   Resolving deltas:  75% (9511/12678)   Resolving deltas:  76% (9672/12678)   Resolving deltas:  77% (9763/12678)   Resolving deltas:  78% (9931/12678)   Resolving deltas:  79% (10034/12678)   Resolving deltas:  81% (10358/12678)   Resolving deltas:  82% (10398/12678)   Resolving deltas:  83% (10527/12678)   Resolving deltas:  84% (10653/12678)   Resolving deltas:  85% (10781/12678)   Resolving deltas:  86% (10907/12678)   Resolving deltas:  87% (11054/12678)   Resolving deltas:  88% (11183/12678)   Resolving deltas:  89% (11289/12678)   Resolving deltas:  90% (11412/12678)   Resolving deltas:  91% (11557/12678)   Resolving deltas:  93% (11833/12678)   Resolving deltas:  94% (11932/12678)   Resolving deltas:  95% (12061/12678)   Resolving deltas:  96% (12190/12678)   Resolving deltas:  97% (12300/12678)   Resolving deltas:  98% (12425/12678)   Resolving deltas:  99% (12553/12678)   Resolving deltas: 100% (12678/12678)   Resolving deltas: 100% (12678/12678), done.
Checking connectivity... done.

travis_time:end:0a867810:start=1467840434028613277,finish=1467840436887263354,duration=2858650077[0K$ cd apache/storm
travis_time:start:094bf54a[0K$ git fetch origin +refs/pull/1500/merge:
remote: Counting objects: 86, done.[K
remote: Compressing objects:   2% (1/37)   [Kremote: Compressing objects:   5% (2/37)   [Kremote: Compressing objects:   8% (3/37)   [Kremote: Compressing objects:  10% (4/37)   [Kremote: Compressing objects:  13% (5/37)   [Kremote: Compressing objects:  16% (6/37)   [Kremote: Compressing objects:  18% (7/37)   [Kremote: Compressing objects:  21% (8/37)   [Kremote: Compressing objects:  24% (9/37)   [Kremote: Compressing objects:  27% (10/37)   [Kremote: Compressing objects:  29% (11/37)   [Kremote: Compressing objects:  32% (12/37)   [Kremote: Compressing objects:  35% (13/37)   [Kremote: Compressing objects:  37% (14/37)   [Kremote: Compressing objects:  40% (15/37)   [Kremote: Compressing objects:  43% (16/37)   [Kremote: Compressing objects:  45% (17/37)   [Kremote: Compressing objects:  48% (18/37)   [Kremote: Compressing objects:  51% (19/37)   [Kremote: Compressing objects:  54% (20/37)   [Kremote: Compressing objects:  56% (21/37)   [Kremote: Compressing objects:  59% (22/37)   [Kremote: Compressing objects:  62% (23/37)   [Kremote: Compressing objects:  64% (24/37)   [Kremote: Compressing objects:  67% (25/37)   [Kremote: Compressing objects:  70% (26/37)   [Kremote: Compressing objects:  72% (27/37)   [Kremote: Compressing objects:  75% (28/37)   [Kremote: Compressing objects:  78% (29/37)   [Kremote: Compressing objects:  81% (30/37)   [Kremote: Compressing objects:  83% (31/37)   [Kremote: Compressing objects:  86% (32/37)   [Kremote: Compressing objects:  89% (33/37)   [Kremote: Compressing objects:  91% (34/37)   [Kremote: Compressing objects:  94% (35/37)   [Kremote: Compressing objects:  97% (36/37)   [Kremote: Compressing objects: 100% (37/37)   [Kremote: Compressing objects: 100% (37/37), done.[K
remote: Total 86 (delta 43), reused 66 (delta 28), pack-reused 0[K
Unpacking objects:   1% (1/86)   Unpacking objects:   2% (2/86)   Unpacking objects:   3% (3/86)   Unpacking objects:   4% (4/86)   Unpacking objects:   5% (5/86)   Unpacking objects:   6% (6/86)   Unpacking objects:   8% (7/86)   Unpacking objects:   9% (8/86)   Unpacking objects:  10% (9/86)   Unpacking objects:  11% (10/86)   Unpacking objects:  12% (11/86)   Unpacking objects:  13% (12/86)   Unpacking objects:  15% (13/86)   Unpacking objects:  16% (14/86)   Unpacking objects:  17% (15/86)   Unpacking objects:  18% (16/86)   Unpacking objects:  19% (17/86)   Unpacking objects:  20% (18/86)   Unpacking objects:  22% (19/86)   Unpacking objects:  23% (20/86)   Unpacking objects:  24% (21/86)   Unpacking objects:  25% (22/86)   Unpacking objects:  26% (23/86)   Unpacking objects:  27% (24/86)   Unpacking objects:  29% (25/86)   Unpacking objects:  30% (26/86)   Unpacking objects:  31% (27/86)   Unpacking objects:  32% (28/86)   Unpacking objects:  33% (29/86)   Unpacking objects:  34% (30/86)   Unpacking objects:  36% (31/86)   Unpacking objects:  37% (32/86)   Unpacking objects:  38% (33/86)   Unpacking objects:  39% (34/86)   Unpacking objects:  40% (35/86)   Unpacking objects:  41% (36/86)   Unpacking objects:  43% (37/86)   Unpacking objects:  44% (38/86)   Unpacking objects:  45% (39/86)   Unpacking objects:  46% (40/86)   Unpacking objects:  47% (41/86)   Unpacking objects:  48% (42/86)   Unpacking objects:  50% (43/86)   Unpacking objects:  51% (44/86)   Unpacking objects:  52% (45/86)   Unpacking objects:  53% (46/86)   Unpacking objects:  54% (47/86)   Unpacking objects:  55% (48/86)   Unpacking objects:  56% (49/86)   Unpacking objects:  58% (50/86)   Unpacking objects:  59% (51/86)   Unpacking objects:  60% (52/86)   Unpacking objects:  61% (53/86)   Unpacking objects:  62% (54/86)   Unpacking objects:  63% (55/86)   Unpacking objects:  65% (56/86)   Unpacking objects:  66% (57/86)   Unpacking objects:  67% (58/86)   Unpacking objects:  68% (59/86)   Unpacking objects:  69% (60/86)   Unpacking objects:  70% (61/86)   Unpacking objects:  72% (62/86)   Unpacking objects:  73% (63/86)   Unpacking objects:  74% (64/86)   Unpacking objects:  75% (65/86)   Unpacking objects:  76% (66/86)   Unpacking objects:  77% (67/86)   Unpacking objects:  79% (68/86)   Unpacking objects:  80% (69/86)   Unpacking objects:  81% (70/86)   Unpacking objects:  82% (71/86)   Unpacking objects:  83% (72/86)   Unpacking objects:  84% (73/86)   Unpacking objects:  86% (74/86)   Unpacking objects:  87% (75/86)   Unpacking objects:  88% (76/86)   Unpacking objects:  89% (77/86)   Unpacking objects:  90% (78/86)   Unpacking objects:  91% (79/86)   Unpacking objects:  93% (80/86)   Unpacking objects:  94% (81/86)   Unpacking objects:  95% (82/86)   Unpacking objects:  96% (83/86)   Unpacking objects:  97% (84/86)   Unpacking objects:  98% (85/86)   Unpacking objects: 100% (86/86)   Unpacking objects: 100% (86/86), done.
From https://github.com/apache/storm
 * branch            refs/pull/1500/merge -> FETCH_HEAD

travis_time:end:094bf54a:start=1467840436891154945,finish=1467840437260146183,duration=368991238[0K$ git checkout -qf FETCH_HEAD
travis_fold:end:git.checkout[0K
[33;1mThis job is running on container-based infrastructure, which does not allow use of 'sudo', setuid and setguid executables.[0m
[33;1mIf you require sudo, add 'sudo: required' to your .travis.yml[0m
[33;1mSee https://docs.travis-ci.com/user/workers/container-based-infrastructure/ for details.[0m

[33;1mSetting environment variables from .travis.yml[0m
$ export MODULES=storm-core

$ jdk_switcher use oraclejdk8
Switching to Oracle JDK8 (java-8-oracle), JAVA_HOME will be set to /usr/lib/jvm/java-8-oracle
travis_fold:start:cache.1[0KSetting up build cache
$ export CASHER_DIR=$HOME/.casher
travis_time:start:05c229de[0K$ Installing caching utilities

travis_time:end:05c229de:start=1467840439183792335,finish=1467840439285848407,duration=102056072[0Ktravis_time:start:0ca1f39a[0K
travis_time:end:0ca1f39a:start=1467840439290765785,finish=1467840439294106983,duration=3341198[0Ktravis_time:start:027f9240[0K[32;1mattempting to download cache archive[0m
[32;1mfetching PR.1500/cache-linux-precise-4722ea394922d42b2b7eb84cff6efc764d76759821ac6f6efc13232aa923f595--jdk-oraclejdk8.tgz[0m
[32;1mfound cache[0m

travis_time:end:027f9240:start=1467840439298084283,finish=1467840447885872685,duration=8587788402[0Ktravis_time:start:166129e1[0K
travis_time:end:166129e1:start=1467840447889792877,finish=1467840447893147310,duration=3354433[0Ktravis_time:start:1cfbf207[0K[32;1madding /home/travis/.m2/repository to cache[0m
[32;1madding /home/travis/.rvm to cache[0m
[32;1madding /home/travis/.nvm to cache[0m

travis_time:end:1cfbf207:start=1467840447897052235,finish=1467840459028891208,duration=11131838973[0Ktravis_fold:end:cache.1[0K$ java -Xmx32m -version
java version "1.8.0_31"
Java(TM) SE Runtime Environment (build 1.8.0_31-b13)
Java HotSpot(TM) 64-Bit Server VM (build 25.31-b07, mixed mode)
$ javac -J-Xmx32m -version
javac 1.8.0_31
travis_fold:start:before_install.1[0Ktravis_time:start:14114c68[0K$ rvm use 2.1.5 --install
[32mUsing /home/travis/.rvm/gems/ruby-2.1.5[0m

travis_time:end:14114c68:start=1467840461566401941,finish=1467840461843071768,duration=276669827[0Ktravis_fold:end:before_install.1[0Ktravis_fold:start:before_install.2[0Ktravis_time:start:0341effe[0K$ nvm install 0.12.2
v0.12.2 is already installed.
Now using node v0.12.2

travis_time:end:0341effe:start=1467840461847586818,finish=1467840462261943499,duration=414356681[0Ktravis_fold:end:before_install.2[0Ktravis_fold:start:before_install.3[0Ktravis_time:start:0e4ce120[0K$ nvm use 0.12.2
Now using node v0.12.2

travis_time:end:0e4ce120:start=1467840462266463054,finish=1467840462325910983,duration=59447929[0Ktravis_fold:end:before_install.3[0Ktravis_fold:start:install[0Ktravis_time:start:07a6a6d4[0K$ /bin/bash ./dev-tools/travis/travis-install.sh `pwd`
Python version :   Python 2.7.3
Java HotSpot(TM) 64-Bit Server VM warning: ignoring option MaxPermSize=192m; support was removed in 8.0
Maven version  :   Apache Maven 3.2.5 (12a6b3acb947671f09b81f49094c53f426d8cea1; 2014-12-14T17:29:23+00:00) Maven home: /usr/local/maven Java version: 1.8.0_31, vendor: Oracle Corporation Java home: /usr/lib/jvm/java-8-oracle/jre Default locale: en_US, platform encoding: UTF-8 OS name: "linux", version: "3.13.0-40-generic", arch: "amd64", family: "unix"
['mvn', 'clean', 'install', '-DskipTests', '-Pnative', '--batch-mode'] writing to install.txt
1 seconds 2 log lines11 seconds 147 log lines22 seconds 240 log lines69 seconds 324 log lines81 seconds 331 log lines92 seconds 409 log lines112 seconds 653 log lines122 seconds 817 log lines137 seconds 875 log lines148 seconds 915 log lines158 seconds 1045 log lines168 seconds 1315 log lines179 seconds 1466 log lines191 seconds 1668 log lines201 seconds 2001 log lines212 seconds 2204 log lines227 seconds 2366 log lines240 seconds 2668 log lines240 seconds 2669 log lines
['mvn', 'clean', 'install', '-DskipTests', '-Pnative', '--batch-mode'] done 0

travis_time:end:07a6a6d4:start=1467840462330338895,finish=1467840703324569125,duration=240994230230[0Ktravis_fold:end:install[0Ktravis_time:start:25ef5ca0[0K$ /bin/bash ./dev-tools/travis/travis-script.sh `pwd` $MODULES
Python version :   Python 2.7.3
Ruby version   :   ruby 2.1.5p273 (2014-11-13 revision 48405) [x86_64-linux]
NodeJs version :   v0.12.2
Java HotSpot(TM) 64-Bit Server VM warning: ignoring option MaxPermSize=192m; support was removed in 8.0
Maven version  :   Apache Maven 3.2.5 (12a6b3acb947671f09b81f49094c53f426d8cea1; 2014-12-14T17:29:23+00:00) Maven home: /usr/local/maven Java version: 1.8.0_31, vendor: Oracle Corporation Java home: /usr/lib/jvm/java-8-oracle/jre Default locale: en_US, platform encoding: UTF-8 OS name: "linux", version: "3.13.0-40-generic", arch: "amd64", family: "unix"
Java HotSpot(TM) 64-Bit Server VM warning: ignoring option MaxPermSize=192m; support was removed in 8.0
[INFO] Scanning for projects...
[INFO]                                                                         
[INFO] ------------------------------------------------------------------------
[INFO] Building Storm Core 2.0.0-SNAPSHOT
[INFO] ------------------------------------------------------------------------
[INFO] 
[INFO] --- exec-maven-plugin:1.2.1:exec (default) @ storm-core ---
[INFO] 
[INFO] --- maven-remote-resources-plugin:1.2.1:process (default) @ storm-core ---
[INFO] 
[INFO] --- storm-maven-plugins:2.0.0-SNAPSHOT:version-info (version-info) @ storm-core ---
[WARNING] [svn, info] failed with error code 1
[INFO] SCM: GIT
[INFO] Computed MD5: aaf58550dbe9707352e33554f88cd9b5
[INFO] 
[INFO] --- maven-resources-plugin:2.5:resources (default-resources) @ storm-core ---
[debug] execute contextualize
[INFO] Using 'UTF-8' encoding to copy filtered resources.
[INFO] Copying 9 resources
[INFO] Copying 1 resource to META-INF
[INFO] Copying 0 resource
[INFO] Copying 1 resource
[INFO] Copying 3 resources
[INFO] 
[INFO] --- maven-compiler-plugin:3.1:compile (default-compile) @ storm-core ---
[INFO] Nothing to compile - all classes are up to date
[INFO] 
[INFO] --- clojure-maven-plugin:1.7.1:compile (compile-clojure) @ storm-core ---
Compiling org.apache.storm.trident.testing to /home/travis/build/apache/storm/storm-core/target/classes
21:32:13.955 [main] WARN  o.a.s.m.StormMetricsRegistry - Metric ui:num-topology-op-response-http-requests has already been registered
21:32:13.957 [main] WARN  o.a.s.m.StormMetricsRegistry - Metric ui:num-topology-op-response-http-requests has already been registered
Compiling org.apache.storm.command.get-errors to /home/travis/build/apache/storm/storm-core/target/classes
Compiling org.apache.storm.command.blobstore to /home/travis/build/apache/storm/storm-core/target/classes
Compiling org.apache.storm.daemon.drpc to /home/travis/build/apache/storm/storm-core/target/classes
Compiling org.apache.storm.testing4j to /home/travis/build/apache/storm/storm-core/target/classes
Compiling org.apache.storm.ui.core to /home/travis/build/apache/storm/storm-core/target/classes
Compiling org.apache.storm.ui.helpers to /home/travis/build/apache/storm/storm-core/target/classes
Compiling org.apache.storm.testing to /home/travis/build/apache/storm/storm-core/target/classes
Compiling org.apache.storm.command.heartbeats to /home/travis/build/apache/storm/storm-core/target/classes
Compiling org.apache.storm.log to /home/travis/build/apache/storm/storm-core/target/classes
Compiling org.apache.storm.daemon.common to /home/travis/build/apache/storm/storm-core/target/classes
Compiling org.apache.storm.util to /home/travis/build/apache/storm/storm-core/target/classes
Compiling org.apache.storm.scheduler.IsolationScheduler to /home/travis/build/apache/storm/storm-core/target/classes
Compiling org.apache.storm.config to /home/travis/build/apache/storm/storm-core/target/classes
Compiling org.apache.storm.LocalCluster to /home/travis/build/apache/storm/storm-core/target/classes
Compiling org.apache.storm.internal.clojure to /home/travis/build/apache/storm/storm-core/target/classes
Compiling org.apache.storm.daemon.logviewer to /home/travis/build/apache/storm/storm-core/target/classes
Compiling org.apache.storm.blobstore to /home/travis/build/apache/storm/storm-core/target/classes
Compiling org.apache.storm.daemon.local-supervisor to /home/travis/build/apache/storm/storm-core/target/classes
Compiling org.apache.storm.daemon.executor to /home/travis/build/apache/storm/storm-core/target/classes
Compiling org.apache.storm.converter to /home/travis/build/apache/storm/storm-core/target/classes
Compiling org.apache.storm.daemon.nimbus to /home/travis/build/apache/storm/storm-core/target/classes
Compiling org.apache.storm.internal.thrift to /home/travis/build/apache/storm/storm-core/target/classes
Compiling org.apache.storm.local-state-converter to /home/travis/build/apache/storm/storm-core/target/classes
Compiling org.apache.storm.command.shell-submission to /home/travis/build/apache/storm/storm-core/target/classes
Compiling org.apache.storm.daemon.worker to /home/travis/build/apache/storm/storm-core/target/classes
[INFO] 
[INFO] --- make-maven-plugin:1.0-beta-1:autoreconf (compile) @ storm-core ---
[INFO] 
[INFO] --- make-maven-plugin:1.0-beta-1:configure (compile) @ storm-core ---
[INFO] /bin/sh: 14: /home/travis/.jdk_switcher_rc: [[: not found
[INFO] /bin/sh: 22: /home/travis/.jdk_switcher_rc: [[: not found
[INFO] /bin/sh: 32: /home/travis/.jdk_switcher_rc: [[: not found
[INFO] /bin/sh: 42: /home/travis/.jdk_switcher_rc: [[: not found
[INFO] /bin/sh: 3: /etc/profile.d/rvm.sh: [[: not found
[INFO] checking for gcc... gcc
[INFO] checking whether the C compiler works... yes
[INFO] checking for C compiler default output file name... a.out
[INFO] checking for suffix of executables... 
[INFO] checking whether we are cross compiling... no
[INFO] checking for suffix of object files... o
[INFO] checking whether we are using the GNU C compiler... yes
[INFO] checking whether gcc accepts -g... yes
[INFO] checking for gcc option to accept ISO C89... none needed
[INFO] checking how to run the C preprocessor... gcc -E
[INFO] checking for grep that handles long lines and -e... /bin/grep
[INFO] checking for egrep... /bin/grep -E
[INFO] checking for ANSI C header files... yes
[INFO] checking for sys/types.h... yes
[INFO] checking for sys/stat.h... yes
[INFO] checking for stdlib.h... yes
[INFO] checking for string.h... yes
[INFO] checking for memory.h... yes
[INFO] checking for strings.h... yes
[INFO] checking for inttypes.h... yes
[INFO] checking for stdint.h... yes
[INFO] checking for unistd.h... yes
[INFO] checking minix/config.h usability... no
[INFO] checking minix/config.h presence... no
[INFO] checking for minix/config.h... no
[INFO] checking whether it is safe to define __EXTENSIONS__... yes
[INFO] checking for a BSD-compatible install... /usr/bin/install -c
[INFO] checking whether build environment is sane... yes
[INFO] checking for a thread-safe mkdir -p... /bin/mkdir -p
[INFO] checking for gawk... gawk
[INFO] checking whether make sets $(MAKE)... yes
[INFO] checking for style of include used by make... GNU
[INFO] checking dependency style of gcc... gcc3
[INFO] checking for gcc... (cached) gcc
[INFO] checking whether we are using the GNU C compiler... (cached) yes
[INFO] checking whether gcc accepts -g... (cached) yes
[INFO] checking for gcc option to accept ISO C89... (cached) none needed
[INFO] checking whether gcc and cc understand -c and -o together... yes
[INFO] checking for unistd.h... (cached) yes
[INFO] checking for stdbool.h that conforms to C99... yes
[INFO] checking for _Bool... yes
[INFO] checking for an ANSI C-conforming const... yes
[INFO] checking for off_t... yes
[INFO] checking for size_t... yes
[INFO] checking whether strerror_r is declared... yes
[INFO] checking for strerror_r... yes
[INFO] checking whether strerror_r returns char *... yes
[INFO] checking for mkdir... yes
[INFO] checking for uname... yes
[INFO] configure: creating ./config.status
[INFO] config.status: creating Makefile
[INFO] config.status: executing depfiles commands
[INFO] 
[INFO] --- make-maven-plugin:1.0-beta-1:make-install (compile) @ storm-core ---
[INFO] /bin/sh: 14: /home/travis/.jdk_switcher_rc: [[: not found
[INFO] /bin/sh: 22: /home/travis/.jdk_switcher_rc: [[: not found
[INFO] /bin/sh: 32: /home/travis/.jdk_switcher_rc: [[: not found
[INFO] /bin/sh: 42: /home/travis/.jdk_switcher_rc: [[: not found
[INFO] /bin/sh: 3: /etc/profile.d/rvm.sh: [[: not found
[INFO] make[1]: Entering directory `/home/travis/build/apache/storm/storm-core/target/native/worker-launcher'
[INFO] test -z "/usr/local/bin" || /bin/mkdir -p "/home/travis/build/apache/storm/storm-core/target/native/target/usr/local/bin"
[INFO]   /usr/bin/install -c worker-launcher '/home/travis/build/apache/storm/storm-core/target/native/target/usr/local/bin'
[INFO] make[1]: Nothing to be done for `install-data-am'.
[INFO] make[1]: Leaving directory `/home/travis/build/apache/storm/storm-core/target/native/worker-launcher'
[INFO] 
[INFO] --- maven-resources-plugin:2.5:testResources (default-testResources) @ storm-core ---
[debug] execute contextualize
[INFO] Using 'UTF-8' encoding to copy filtered resources.
[INFO] Copying 14 resources
[INFO] Copying 2 resources
[INFO] Copying 3 resources
[INFO] 
[INFO] --- maven-dependency-plugin:2.8:unpack (unpack) @ storm-core ---
[INFO] Configured Artifact: org.apache.storm:multilang-ruby:2.0.0-SNAPSHOT:jar
[INFO] Downloading: https://repository.apache.org/snapshots/org/apache/storm/multilang-ruby/2.0.0-SNAPSHOT/maven-metadata.xml
[INFO] Configured Artifact: org.apache.storm:multilang-python:2.0.0-SNAPSHOT:jar
[INFO] Downloading: https://repository.apache.org/snapshots/org/apache/storm/multilang-python/2.0.0-SNAPSHOT/maven-metadata.xml
[INFO] Configured Artifact: org.apache.storm:multilang-javascript:2.0.0-SNAPSHOT:jar
[INFO] Downloading: https://repository.apache.org/snapshots/org/apache/storm/multilang-javascript/2.0.0-SNAPSHOT/maven-metadata.xml
[INFO] multilang-ruby-2.0.0-SNAPSHOT.jar already unpacked.
[INFO] multilang-python-2.0.0-SNAPSHOT.jar already unpacked.
[INFO] multilang-javascript-2.0.0-SNAPSHOT.jar already unpacked.
[INFO] 
[INFO] --- maven-compiler-plugin:3.1:testCompile (default-testCompile) @ storm-core ---
[INFO] Changes detected - recompiling the module!
[INFO] Compiling 56 source files to /home/travis/build/apache/storm/storm-core/target/test-classes
[WARNING] /home/travis/build/apache/storm/storm-core/test/jvm/org/apache/storm/localizer/LocalizerTest.java: Some input files use or override a deprecated API.
[WARNING] /home/travis/build/apache/storm/storm-core/test/jvm/org/apache/storm/localizer/LocalizerTest.java: Recompile with -Xlint:deprecation for details.
[WARNING] /home/travis/build/apache/storm/storm-core/test/jvm/org/apache/storm/spout/CheckpointSpoutTest.java: Some input files use unchecked or unsafe operations.
[WARNING] /home/travis/build/apache/storm/storm-core/test/jvm/org/apache/storm/spout/CheckpointSpoutTest.java: Recompile with -Xlint:unchecked for details.
[INFO] 
[INFO] --- maven-surefire-plugin:2.18.1:test (default-test) @ storm-core ---
[INFO] Surefire report directory: /home/travis/build/apache/storm/storm-core/target/surefire-reports
[INFO] parallel='none', perCoreThreadCount=true, threadCount=0, useUnlimitedThreads=false, threadCountSuites=0, threadCountClasses=0, threadCountMethods=0, parallelOptimized=true

-------------------------------------------------------
 T E S T S
-------------------------------------------------------
Running org.apache.storm.spout.CheckpointSpoutTest
Tests run: 7, Failures: 0, Errors: 0, Skipped: 0, Time elapsed: 0.644 sec - in org.apache.storm.spout.CheckpointSpoutTest
Running org.apache.storm.utils.TimeTest
Tests run: 8, Failures: 0, Errors: 0, Skipped: 0, Time elapsed: 0.001 sec - in org.apache.storm.utils.TimeTest
Running org.apache.storm.utils.WorkerBackpressureThreadTest
Tests run: 1, Failures: 0, Errors: 0, Skipped: 0, Time elapsed: 0.187 sec - in org.apache.storm.utils.WorkerBackpressureThreadTest
Running org.apache.storm.utils.DisruptorQueueTest
Tests run: 3, Failures: 0, Errors: 0, Skipped: 0, Time elapsed: 3.668 sec - in org.apache.storm.utils.DisruptorQueueTest
Running org.apache.storm.utils.UtilsTest
Tests run: 8, Failures: 0, Errors: 0, Skipped: 0, Time elapsed: 0.254 sec - in org.apache.storm.utils.UtilsTest
Running org.apache.storm.utils.DisruptorQueueBackpressureTest
Tests run: 1, Failures: 0, Errors: 0, Skipped: 0, Time elapsed: 0.003 sec - in org.apache.storm.utils.DisruptorQueueBackpressureTest
Running org.apache.storm.utils.ThriftTopologyUtilsTest
Tests run: 5, Failures: 0, Errors: 0, Skipped: 0, Time elapsed: 0.048 sec - in org.apache.storm.utils.ThriftTopologyUtilsTest
Running org.apache.storm.utils.ShellBoltMessageQueueTest
Tests run: 3, Failures: 0, Errors: 0, Skipped: 0, Time elapsed: 2.005 sec - in org.apache.storm.utils.ShellBoltMessageQueueTest
Running org.apache.storm.utils.StormBoundedExponentialBackoffRetryTest
Tests run: 5, Failures: 0, Errors: 0, Skipped: 0, Time elapsed: 0.453 sec - in org.apache.storm.utils.StormBoundedExponentialBackoffRetryTest
Running org.apache.storm.command.TestCLI
Tests run: 1, Failures: 0, Errors: 0, Skipped: 0, Time elapsed: 0.051 sec - in org.apache.storm.command.TestCLI
Running org.apache.storm.command.RebalanceTest
Tests run: 2, Failures: 0, Errors: 0, Skipped: 0, Time elapsed: 0.007 sec - in org.apache.storm.command.RebalanceTest
Running org.apache.storm.command.SetLogLevelTest
Tests run: 3, Failures: 0, Errors: 0, Skipped: 0, Time elapsed: 0.028 sec - in org.apache.storm.command.SetLogLevelTest
Running org.apache.storm.serialization.ThriftBridgeSerializationDelegateTest
Tests run: 1, Failures: 0, Errors: 0, Skipped: 0, Time elapsed: 0.044 sec - in org.apache.storm.serialization.ThriftBridgeSerializationDelegateTest
Running org.apache.storm.serialization.GzipBridgeSerializationDelegateTest
Tests run: 3, Failures: 0, Errors: 0, Skipped: 0, Time elapsed: 0.47 sec - in org.apache.storm.serialization.GzipBridgeSerializationDelegateTest
Running org.apache.storm.serialization.GzipBridgeThriftSerializationDelegateTest
Tests run: 3, Failures: 0, Errors: 0, Skipped: 0, Time elapsed: 0.024 sec - in org.apache.storm.serialization.GzipBridgeThriftSerializationDelegateTest
Running org.apache.storm.serialization.SerializationTest
Tests run: 3, Failures: 0, Errors: 0, Skipped: 0, Time elapsed: 22.511 sec - in org.apache.storm.serialization.SerializationTest
Running org.apache.storm.trident.TridentWindowingTest
Tests run: 3, Failures: 0, Errors: 0, Skipped: 0, Time elapsed: 0.011 sec - in org.apache.storm.trident.TridentWindowingTest
Running org.apache.storm.trident.TestTridentTopology
Tests run: 1, Failures: 0, Errors: 0, Skipped: 0, Time elapsed: 48.332 sec - in org.apache.storm.trident.TestTridentTopology
Running org.apache.storm.metric.internal.LatencyStatAndMetricTest
Tests run: 1, Failures: 0, Errors: 0, Skipped: 0, Time elapsed: 0.049 sec - in org.apache.storm.metric.internal.LatencyStatAndMetricTest
Running org.apache.storm.metric.internal.CountStatAndMetricTest
Tests run: 1, Failures: 0, Errors: 0, Skipped: 0, Time elapsed: 0.035 sec - in org.apache.storm.metric.internal.CountStatAndMetricTest
Running org.apache.storm.metric.internal.RateTrackerTest
Tests run: 4, Failures: 0, Errors: 0, Skipped: 0, Time elapsed: 0.01 sec - in org.apache.storm.metric.internal.RateTrackerTest
Running org.apache.storm.metric.filter.FilterByMetricNameTest
Tests run: 4, Failures: 0, Errors: 0, Skipped: 0, Time elapsed: 0.055 sec - in org.apache.storm.metric.filter.FilterByMetricNameTest
Running org.apache.storm.windowing.WaterMarkEventGeneratorTest
Tests run: 5, Failures: 0, Errors: 0, Skipped: 0, Time elapsed: 0.093 sec - in org.apache.storm.windowing.WaterMarkEventGeneratorTest
Running org.apache.storm.windowing.WindowManagerTest
Tests run: 10, Failures: 0, Errors: 0, Skipped: 0, Time elapsed: 0.587 sec - in org.apache.storm.windowing.WindowManagerTest
Running org.apache.storm.topology.StatefulBoltExecutorTest
Tests run: 7, Failures: 0, Errors: 0, Skipped: 0, Time elapsed: 1.367 sec - in org.apache.storm.topology.StatefulBoltExecutorTest
Running org.apache.storm.topology.StatefulWindowedBoltExecutorTest
Tests run: 4, Failures: 0, Errors: 0, Skipped: 0, Time elapsed: 0.51 sec - in org.apache.storm.topology.StatefulWindowedBoltExecutorTest
Running org.apache.storm.topology.TopologyBuilderTest
Tests run: 5, Failures: 0, Errors: 0, Skipped: 0, Time elapsed: 1.439 sec - in org.apache.storm.topology.TopologyBuilderTest
Running org.apache.storm.topology.WindowedBoltExecutorTest
Tests run: 5, Failures: 1, Errors: 0, Skipped: 0, Time elapsed: 1.344 sec <<< FAILURE! - in org.apache.storm.topology.WindowedBoltExecutorTest
testExecuteWithLateTupleStream(org.apache.storm.topology.WindowedBoltExecutorTest)  Time elapsed: 1.195 sec  <<< FAILURE!
org.mockito.exceptions.verification.WantedButNotInvoked: 
Wanted but not invoked:
outputCollector.emit(
    "$late",
    [source: null:1, stream: s1, id: {}, [600]],
    [source: null:1, stream: s1, id: {}, [600]]
);
-> at org.apache.storm.topology.WindowedBoltExecutorTest.testExecuteWithLateTupleStream(WindowedBoltExecutorTest.java:225)

However, there were other interactions with this mock:
-> at org.apache.storm.task.OutputCollector.ack(OutputCollector.java:213)
-> at org.apache.storm.task.OutputCollector.ack(OutputCollector.java:213)
-> at org.apache.storm.task.OutputCollector.ack(OutputCollector.java:213)

	at org.apache.storm.topology.WindowedBoltExecutorTest.testExecuteWithLateTupleStream(WindowedBoltExecutorTest.java:225)

Running org.apache.storm.localizer.LocalizerTest
Tests run: 13, Failures: 0, Errors: 0, Skipped: 0, Time elapsed: 6.222 sec - in org.apache.storm.localizer.LocalizerTest
Running org.apache.storm.localizer.LocalizedResourceRetentionSetTest
Tests run: 2, Failures: 0, Errors: 0, Skipped: 0, Time elapsed: 0.068 sec - in org.apache.storm.localizer.LocalizedResourceRetentionSetTest
Running org.apache.storm.localizer.LocalizedResourceSetTest
Tests run: 4, Failures: 0, Errors: 0, Skipped: 0, Time elapsed: 0.006 sec - in org.apache.storm.localizer.LocalizedResourceSetTest
Running org.apache.storm.blobstore.BlobStoreTest
Tests run: 4, Failures: 0, Errors: 0, Skipped: 0, Time elapsed: 4.482 sec - in org.apache.storm.blobstore.BlobStoreTest
Running org.apache.storm.blobstore.BlobSynchronizerTest
Tests run: 4, Failures: 0, Errors: 0, Skipped: 0, Time elapsed: 2.096 sec - in org.apache.storm.blobstore.BlobSynchronizerTest
Running org.apache.storm.blobstore.ClientBlobStoreTest
Tests run: 4, Failures: 0, Errors: 0, Skipped: 0, Time elapsed: 0 sec - in org.apache.storm.blobstore.ClientBlobStoreTest
Running org.apache.storm.cluster.StormClusterStateImplTest
Tests run: 5, Failures: 0, Errors: 0, Skipped: 0, Time elapsed: 0.168 sec - in org.apache.storm.cluster.StormClusterStateImplTest
Running org.apache.storm.scheduler.resource.strategies.scheduling.TestDefaultResourceAwareStrategy
Tests run: 2, Failures: 0, Errors: 0, Skipped: 0, Time elapsed: 0.782 sec - in org.apache.storm.scheduler.resource.strategies.scheduling.TestDefaultResourceAwareStrategy
Running org.apache.storm.scheduler.resource.TestResourceAwareScheduler
Tests run: 14, Failures: 0, Errors: 0, Skipped: 0, Time elapsed: 7.3 sec - in org.apache.storm.scheduler.resource.TestResourceAwareScheduler
Running org.apache.storm.scheduler.resource.TestUser
Tests run: 3, Failures: 0, Errors: 0, Skipped: 0, Time elapsed: 2.024 sec - in org.apache.storm.scheduler.resource.TestUser
Running org.apache.storm.nimbus.LocalNimbusTest
Tests run: 1, Failures: 0, Errors: 0, Skipped: 0, Time elapsed: 38.259 sec - in org.apache.storm.nimbus.LocalNimbusTest
Running org.apache.storm.security.auth.AuthUtilsTest
Tests run: 15, Failures: 0, Errors: 0, Skipped: 0, Time elapsed: 0.337 sec - in org.apache.storm.security.auth.AuthUtilsTest
Running org.apache.storm.tuple.FieldsTest
Tests run: 12, Failures: 0, Errors: 0, Skipped: 0, Time elapsed: 0.02 sec - in org.apache.storm.tuple.FieldsTest
Running org.apache.storm.grouping.PartialKeyGroupingTest
Tests run: 2, Failures: 0, Errors: 0, Skipped: 0, Time elapsed: 0.429 sec - in org.apache.storm.grouping.PartialKeyGroupingTest
Running org.apache.storm.state.InMemoryKeyValueStateTest
Tests run: 2, Failures: 0, Errors: 0, Skipped: 0, Time elapsed: 0.015 sec - in org.apache.storm.state.InMemoryKeyValueStateTest
Running org.apache.storm.TestConfigValidate
Tests run: 25, Failures: 0, Errors: 0, Skipped: 0, Time elapsed: 0.603 sec - in org.apache.storm.TestConfigValidate
Running org.apache.storm.PacemakerTest
Tests run: 9, Failures: 0, Errors: 0, Skipped: 0, Time elapsed: 1.262 sec - in org.apache.storm.PacemakerTest
Running org.apache.storm.PaceMakerStateStorageFactoryTest
Tests run: 10, Failures: 0, Errors: 0, Skipped: 0, Time elapsed: 0.592 sec - in org.apache.storm.PaceMakerStateStorageFactoryTest
Running org.apache.storm.TestCgroups
Tests run: 1, Failures: 0, Errors: 0, Skipped: 1, Time elapsed: 0.087 sec - in org.apache.storm.TestCgroups

Results :

Failed tests: 
  WindowedBoltExecutorTest.testExecuteWithLateTupleStream:225 
Wanted but not invoked:
outputCollector.emit(
    "$late",
    [source: null:1, stream: s1, id: {}, [600]],
    [source: null:1, stream: s1, id: {}, [600]]
);
-> at org.apache.storm.topology.WindowedBoltExecutorTest.testExecuteWithLateTupleStream(WindowedBoltExecutorTest.java:225)

However, there were other interactions with this mock:
-> at org.apache.storm.task.OutputCollector.ack(OutputCollector.java:213)
-> at org.apache.storm.task.OutputCollector.ack(OutputCollector.java:213)
-> at org.apache.storm.task.OutputCollector.ack(OutputCollector.java:213)


Tests run: 239, Failures: 1, Errors: 0, Skipped: 1

[INFO] ------------------------------------------------------------------------
[INFO] BUILD FAILURE
[INFO] ------------------------------------------------------------------------
[INFO] Total time: 03:30 min
[INFO] Finished at: 2016-07-06T21:35:15+00:00
[INFO] Final Memory: 45M/395M
[INFO] ------------------------------------------------------------------------
[ERROR] Failed to execute goal org.apache.maven.plugins:maven-surefire-plugin:2.18.1:test (default-test) on project storm-core: There are test failures.
[ERROR] 
[ERROR] Please refer to /home/travis/build/apache/storm/storm-core/target/surefire-reports for the individual test results.
[ERROR] -> [Help 1]
[ERROR] 
[ERROR] To see the full stack trace of the errors, re-run Maven with the -e switch.
[ERROR] Re-run Maven using the -X switch to enable full debug logging.
[ERROR] 
[ERROR] For more information about the errors and possible solutions, please read the following articles:
[ERROR] [Help 1] http://cwiki.apache.org/confluence/display/MAVEN/MojoFailureException
Looking for errors in ./storm-core/target/surefire-reports
Checking ./storm-core/target/surefire-reports/TEST-org.apache.storm.spout.CheckpointSpoutTest.xml
Checking ./storm-core/target/surefire-reports/TEST-org.apache.storm.utils.TimeTest.xml
Checking ./storm-core/target/surefire-reports/TEST-org.apache.storm.utils.WorkerBackpressureThreadTest.xml
Checking ./storm-core/target/surefire-reports/TEST-org.apache.storm.utils.DisruptorQueueTest.xml
Checking ./storm-core/target/surefire-reports/TEST-org.apache.storm.utils.UtilsTest.xml
Checking ./storm-core/target/surefire-reports/TEST-org.apache.storm.utils.DisruptorQueueBackpressureTest.xml
Checking ./storm-core/target/surefire-reports/TEST-org.apache.storm.utils.ThriftTopologyUtilsTest.xml
Checking ./storm-core/target/surefire-reports/TEST-org.apache.storm.utils.ShellBoltMessageQueueTest.xml
Checking ./storm-core/target/surefire-reports/TEST-org.apache.storm.utils.StormBoundedExponentialBackoffRetryTest.xml
Checking ./storm-core/target/surefire-reports/TEST-org.apache.storm.command.TestCLI.xml
Checking ./storm-core/target/surefire-reports/TEST-org.apache.storm.command.RebalanceTest.xml
Checking ./storm-core/target/surefire-reports/TEST-org.apache.storm.command.SetLogLevelTest.xml
Checking ./storm-core/target/surefire-reports/TEST-org.apache.storm.serialization.ThriftBridgeSerializationDelegateTest.xml
Checking ./storm-core/target/surefire-reports/TEST-org.apache.storm.serialization.GzipBridgeSerializationDelegateTest.xml
Checking ./storm-core/target/surefire-reports/TEST-org.apache.storm.serialization.GzipBridgeThriftSerializationDelegateTest.xml
Checking ./storm-core/target/surefire-reports/TEST-org.apache.storm.serialization.SerializationTest.xml
Checking ./storm-core/target/surefire-reports/TEST-org.apache.storm.trident.TridentWindowingTest.xml
Checking ./storm-core/target/surefire-reports/TEST-org.apache.storm.trident.TestTridentTopology.xml
Checking ./storm-core/target/surefire-reports/TEST-org.apache.storm.metric.internal.LatencyStatAndMetricTest.xml
Checking ./storm-core/target/surefire-reports/TEST-org.apache.storm.metric.internal.CountStatAndMetricTest.xml
Checking ./storm-core/target/surefire-reports/TEST-org.apache.storm.metric.internal.RateTrackerTest.xml
Checking ./storm-core/target/surefire-reports/TEST-org.apache.storm.metric.filter.FilterByMetricNameTest.xml
Checking ./storm-core/target/surefire-reports/TEST-org.apache.storm.windowing.WaterMarkEventGeneratorTest.xml
Checking ./storm-core/target/surefire-reports/TEST-org.apache.storm.windowing.WindowManagerTest.xml
Checking ./storm-core/target/surefire-reports/TEST-org.apache.storm.topology.StatefulBoltExecutorTest.xml
Checking ./storm-core/target/surefire-reports/TEST-org.apache.storm.topology.StatefulWindowedBoltExecutorTest.xml
Checking ./storm-core/target/surefire-reports/TEST-org.apache.storm.topology.TopologyBuilderTest.xml
Checking ./storm-core/target/surefire-reports/TEST-org.apache.storm.topology.WindowedBoltExecutorTest.xml
--------------------------------------------------
classname: org.apache.storm.topology.WindowedBoltExecutorTest / testname: testExecuteWithLateTupleStream
org.mockito.exceptions.verification.WantedButNotInvoked: 
Wanted but not invoked:
outputCollector.emit(
    "$late",
    [source: null:1, stream: s1, id: {}, [600]],
    [source: null:1, stream: s1, id: {}, [600]]
);
-> at org.apache.storm.topology.WindowedBoltExecutorTest.testExecuteWithLateTupleStream(WindowedBoltExecutorTest.java:225)

However, there were other interactions with this mock:
-> at org.apache.storm.task.OutputCollector.ack(OutputCollector.java:213)
-> at org.apache.storm.task.OutputCollector.ack(OutputCollector.java:213)
-> at org.apache.storm.task.OutputCollector.ack(OutputCollector.java:213)

	at org.apache.storm.topology.WindowedBoltExecutorTest.testExecuteWithLateTupleStream(WindowedBoltExecutorTest.java:225)

-------------------- system-out --------------------
[TupleWindowImpl{tuples=[source: null:1, stream: s1, id: {}, [603], source: null:1, stream: s1, id: {}, [605], source: null:1, stream: s1, id: {}, [607]], newTuples=[source: null:1, stream: s1, id: {}, [603], source: null:1, stream: s1, id: {}, [605], source: null:1, stream: s1, id: {}, [607]], expiredTuples=[]}, TupleWindowImpl{tuples=[source: null:1, stream: s1, id: {}, [603], source: null:1, stream: s1, id: {}, [605], source: null:1, stream: s1, id: {}, [607], source: null:1, stream: s1, id: {}, [618]], newTuples=[source: null:1, stream: s1, id: {}, [618]], expiredTuples=[]}, TupleWindowImpl{tuples=[source: null:1, stream: s1, id: {}, [618], source: null:1, stream: s1, id: {}, [626]], newTuples=[source: null:1, stream: s1, id: {}, [626]], expiredTuples=[source: null:1, stream: s1, id: {}, [603], source: null:1, stream: s1, id: {}, [605], source: null:1, stream: s1, id: {}, [607]]}]

--------------------------------------------------
Checking ./storm-core/target/surefire-reports/TEST-org.apache.storm.localizer.LocalizerTest.xml
Checking ./storm-core/target/surefire-reports/TEST-org.apache.storm.localizer.LocalizedResourceRetentionSetTest.xml
Checking ./storm-core/target/surefire-reports/TEST-org.apache.storm.localizer.LocalizedResourceSetTest.xml
Checking ./storm-core/target/surefire-reports/TEST-org.apache.storm.blobstore.BlobStoreTest.xml
Checking ./storm-core/target/surefire-reports/TEST-org.apache.storm.blobstore.BlobSynchronizerTest.xml
Checking ./storm-core/target/surefire-reports/TEST-org.apache.storm.blobstore.ClientBlobStoreTest.xml
Checking ./storm-core/target/surefire-reports/TEST-org.apache.storm.cluster.StormClusterStateImplTest.xml
Checking ./storm-core/target/surefire-reports/TEST-org.apache.storm.scheduler.resource.strategies.scheduling.TestDefaultResourceAwareStrategy.xml
Checking ./storm-core/target/surefire-reports/TEST-org.apache.storm.scheduler.resource.TestResourceAwareScheduler.xml
Checking ./storm-core/target/surefire-reports/TEST-org.apache.storm.scheduler.resource.TestUser.xml
Checking ./storm-core/target/surefire-reports/TEST-org.apache.storm.nimbus.LocalNimbusTest.xml
Checking ./storm-core/target/surefire-reports/TEST-org.apache.storm.security.auth.AuthUtilsTest.xml
Checking ./storm-core/target/surefire-reports/TEST-org.apache.storm.tuple.FieldsTest.xml
Checking ./storm-core/target/surefire-reports/TEST-org.apache.storm.grouping.PartialKeyGroupingTest.xml
Checking ./storm-core/target/surefire-reports/TEST-org.apache.storm.state.InMemoryKeyValueStateTest.xml
Checking ./storm-core/target/surefire-reports/TEST-org.apache.storm.TestConfigValidate.xml
Checking ./storm-core/target/surefire-reports/TEST-org.apache.storm.PacemakerTest.xml
Checking ./storm-core/target/surefire-reports/TEST-org.apache.storm.PaceMakerStateStorageFactoryTest.xml
Checking ./storm-core/target/surefire-reports/TEST-org.apache.storm.TestCgroups.xml

travis_time:end:25ef5ca0:start=1467840703328804550,finish=1467840917781279859,duration=214452475309[0K
[31;1mThe command "/bin/bash ./dev-tools/travis/travis-script.sh `pwd` $MODULES" exited with 1.[0m
travis_fold:start:cache.2[0Kstore build cache
travis_time:start:11a54feb[0K
travis_time:end:11a54feb:start=1467840917786122020,finish=1467840917789840118,duration=3718098[0Ktravis_time:start:05ab5dd3[0K[32;1mchange detected (content changed, file is created, or file is deleted):
/home/travis/.m2/repository/eigenbase/eigenbase-properties/1.1.4/eigenbase-properties-1.1.4.pom.lastUpdated
/home/travis/.m2/repository/io/confluent/kafka-avro-serializer/1.0/kafka-avro-serializer-1.0.pom.lastUpdated
/home/travis/.m2/repository/io/confluent/kafka-schema-registry-client/1.0/kafka-schema-registry-client-1.0.pom.lastUpdated
/home/travis/.m2/repository/net/hydromatic/linq4j/0.4/linq4j-0.4.pom.lastUpdated
/home/travis/.m2/repository/net/hydromatic/quidem/0.1.1/quidem-0.1.1.pom.lastUpdated
/home/travis/.m2/repository/org/apache/storm/flux/2.0.0-SNAPSHOT/maven-metadata-local.xml
/home/travis/.m2/repository/org/apache/storm/flux/2.0.0-SNAPSHOT/_remote.repositories
/home/travis/.m2/repository/org/apache/storm/flux-core/2.0.0-SNAPSHOT/flux-core-2.0.0-SNAPSHOT.jar
/home/travis/.m2/repository/org/apache/storm/flux-core/2.0.0-SNAPSHOT/maven-metadata-local.xml
/home/travis/.m2/repository/org/apache/storm/flux-core/2.0.0-SNAPSHOT/_remote.repositories
/home/travis/.m2/repository/org/ap
[0m
[32;1m...
[0m
[32;1mchanges detected, packing new archive[0m
.
.
.
.
.
.
.
.
[32;1muploading archive[0m

travis_time:end:05ab5dd3:start=1467840917794229442,finish=1467840977776196364,duration=59981966922[0Ktravis_fold:end:cache.2[0K
Done. Your build exited with 1.
