Using worker: worker-linux-docker-672847e1.prod.travis-ci.org:travis-linux-5

travis_fold:start:system_info[0K[33;1mBuild system information[0m
Build language: java
Build group: stable
Build dist: precise
[34m[1mBuild image provisioning date and time[0m
Thu Feb  5 15:09:33 UTC 2015
[34m[1mOperating System Details[0m
Distributor ID:	Ubuntu
Description:	Ubuntu 12.04.5 LTS
Release:	12.04
Codename:	precise
[34m[1mLinux Version[0m
3.13.0-29-generic
[34m[1mCookbooks Version[0m
a68419e https://github.com/travis-ci/travis-cookbooks/tree/a68419e
[34m[1mGCC version[0m
gcc (Ubuntu/Linaro 4.6.3-1ubuntu5) 4.6.3
Copyright (C) 2011 Free Software Foundation, Inc.
This is free software; see the source for copying conditions.  There is NO
warranty; not even for MERCHANTABILITY or FITNESS FOR A PARTICULAR PURPOSE.

[34m[1mLLVM version[0m
clang version 3.4 (tags/RELEASE_34/final)
Target: x86_64-unknown-linux-gnu
Thread model: posix
[34m[1mPre-installed Ruby versions[0m
ruby-1.9.3-p551
[34m[1mPre-installed Node.js versions[0m
v0.10.36
[34m[1mPre-installed Go versions[0m
1.4.1
[34m[1mRedis version[0m
redis-server 2.8.19
[34m[1mriak version[0m
2.0.2
[34m[1mMongoDB version[0m
MongoDB 2.4.12
[34m[1mCouchDB version[0m
couchdb 1.6.1
[34m[1mNeo4j version[0m
1.9.4
[34m[1mRabbitMQ Version[0m
3.4.3
[34m[1mElasticSearch version[0m
1.4.0
[34m[1mInstalled Sphinx versions[0m
2.0.10
2.1.9
2.2.6
[34m[1mDefault Sphinx version[0m
2.2.6
[34m[1mInstalled Firefox version[0m
firefox 31.0esr
[34m[1mPhantomJS version[0m
1.9.8
[34m[1mant -version[0m
Apache Ant(TM) version 1.8.2 compiled on December 3 2011
[34m[1mmvn -version[0m
Apache Maven 3.2.5 (12a6b3acb947671f09b81f49094c53f426d8cea1; 2014-12-14T17:29:23+00:00)
Maven home: /usr/local/maven
Java version: 1.7.0_76, vendor: Oracle Corporation
Java home: /usr/lib/jvm/java-7-oracle/jre
Default locale: en_US, platform encoding: ANSI_X3.4-1968
OS name: "linux", version: "3.13.0-29-generic", arch: "amd64", family: "unix"
travis_fold:end:system_info[0K
travis_fold:start:fix.CVE-2015-7547[0K$ export DEBIAN_FRONTEND=noninteractive
W: Size of file /var/lib/apt/lists/us.archive.ubuntu.com_ubuntu_dists_precise-backports_multiverse_source_Sources.gz is not what the server reported 5886 5888
W: Size of file /var/lib/apt/lists/ppa.launchpad.net_ubuntugis_ppa_ubuntu_dists_precise_main_binary-amd64_Packages.gz is not what the server reported 36669 36677
W: Size of file /var/lib/apt/lists/ppa.launchpad.net_ubuntugis_ppa_ubuntu_dists_precise_main_binary-i386_Packages.gz is not what the server reported 36729 36733
Reading package lists...
Building dependency tree...
Reading state information...
The following extra packages will be installed:
  libc-bin libc-dev-bin libc6-dev
Suggested packages:
  glibc-doc
The following packages will be upgraded:
  libc-bin libc-dev-bin libc6 libc6-dev
4 upgraded, 0 newly installed, 0 to remove and 248 not upgraded.
Need to get 8,840 kB of archives.
After this operation, 14.3 kB disk space will be freed.
Get:1 http://us.archive.ubuntu.com/ubuntu/ precise-updates/main libc6-dev amd64 2.15-0ubuntu10.15 [2,943 kB]
Get:2 http://us.archive.ubuntu.com/ubuntu/ precise-updates/main libc-dev-bin amd64 2.15-0ubuntu10.15 [84.7 kB]
Get:3 http://us.archive.ubuntu.com/ubuntu/ precise-updates/main libc-bin amd64 2.15-0ubuntu10.15 [1,177 kB]
Get:4 http://us.archive.ubuntu.com/ubuntu/ precise-updates/main libc6 amd64 2.15-0ubuntu10.15 [4,636 kB]
Fetched 8,840 kB in 0s (32.5 MB/s)
Preconfiguring packages ...
(Reading database ... (Reading database ... 5%(Reading database ... 10%(Reading database ... 15%(Reading database ... 20%(Reading database ... 25%(Reading database ... 30%(Reading database ... 35%(Reading database ... 40%(Reading database ... 45%(Reading database ... 50%(Reading database ... 55%(Reading database ... 60%(Reading database ... 65%(Reading database ... 70%(Reading database ... 75%(Reading database ... 80%(Reading database ... 85%(Reading database ... 90%(Reading database ... 95%(Reading database ... 100%(Reading database ... 72019 files and directories currently installed.)
Preparing to replace libc6-dev 2.15-0ubuntu10.10 (using .../libc6-dev_2.15-0ubuntu10.15_amd64.deb) ...
Unpacking replacement libc6-dev ...
Preparing to replace libc-dev-bin 2.15-0ubuntu10.10 (using .../libc-dev-bin_2.15-0ubuntu10.15_amd64.deb) ...
Unpacking replacement libc-dev-bin ...
Preparing to replace libc-bin 2.15-0ubuntu10.10 (using .../libc-bin_2.15-0ubuntu10.15_amd64.deb) ...
Unpacking replacement libc-bin ...
Processing triggers for man-db ...
Setting up libc-bin (2.15-0ubuntu10.15) ...
(Reading database ... (Reading database ... 5%(Reading database ... 10%(Reading database ... 15%(Reading database ... 20%(Reading database ... 25%(Reading database ... 30%(Reading database ... 35%(Reading database ... 40%(Reading database ... 45%(Reading database ... 50%(Reading database ... 55%(Reading database ... 60%(Reading database ... 65%(Reading database ... 70%(Reading database ... 75%(Reading database ... 80%(Reading database ... 85%(Reading database ... 90%(Reading database ... 95%(Reading database ... 100%(Reading database ... 72018 files and directories currently installed.)
Preparing to replace libc6 2.15-0ubuntu10.10 (using .../libc6_2.15-0ubuntu10.15_amd64.deb) ...
Unpacking replacement libc6 ...
Setting up libc6 (2.15-0ubuntu10.15) ...
Setting up libc-dev-bin (2.15-0ubuntu10.15) ...
Setting up libc6-dev (2.15-0ubuntu10.15) ...
Processing triggers for libc-bin ...
ldconfig deferred processing now taking place
travis_fold:end:fix.CVE-2015-7547[0Ktravis_fold:start:git.checkout[0Ktravis_time:start:0015a02c[0K$ git clone --depth=50 --branch=master https://github.com/apache/storm.git apache/storm
Cloning into 'apache/storm'...
remote: Counting objects: 21089, done.[K
remote: Compressing objects:   0% (1/8487)   [Kremote: Compressing objects:   1% (85/8487)   [Kremote: Compressing objects:   2% (170/8487)   [Kremote: Compressing objects:   3% (255/8487)   [Kremote: Compressing objects:   4% (340/8487)   [Kremote: Compressing objects:   5% (425/8487)   [Kremote: Compressing objects:   6% (510/8487)   [Kremote: Compressing objects:   7% (595/8487)   [Kremote: Compressing objects:   8% (679/8487)   [Kremote: Compressing objects:   9% (764/8487)   [Kremote: Compressing objects:  10% (849/8487)   [Kremote: Compressing objects:  11% (934/8487)   [Kremote: Compressing objects:  12% (1019/8487)   [Kremote: Compressing objects:  13% (1104/8487)   [Kremote: Compressing objects:  14% (1189/8487)   [Kremote: Compressing objects:  15% (1274/8487)   [Kremote: Compressing objects:  16% (1358/8487)   [Kremote: Compressing objects:  17% (1443/8487)   [Kremote: Compressing objects:  18% (1528/8487)   [Kremote: Compressing objects:  19% (1613/8487)   [Kremote: Compressing objects:  20% (1698/8487)   [Kremote: Compressing objects:  21% (1783/8487)   [Kremote: Compressing objects:  22% (1868/8487)   [Kremote: Compressing objects:  23% (1953/8487)   [Kremote: Compressing objects:  24% (2037/8487)   [Kremote: Compressing objects:  25% (2122/8487)   [Kremote: Compressing objects:  26% (2207/8487)   [Kremote: Compressing objects:  27% (2292/8487)   [Kremote: Compressing objects:  28% (2377/8487)   [Kremote: Compressing objects:  29% (2462/8487)   [Kremote: Compressing objects:  30% (2547/8487)   [Kremote: Compressing objects:  31% (2631/8487)   [Kremote: Compressing objects:  32% (2716/8487)   [Kremote: Compressing objects:  33% (2801/8487)   [Kremote: Compressing objects:  34% (2886/8487)   [Kremote: Compressing objects:  35% (2971/8487)   [Kremote: Compressing objects:  36% (3056/8487)   [Kremote: Compressing objects:  37% (3141/8487)   [Kremote: Compressing objects:  38% (3226/8487)   [Kremote: Compressing objects:  39% (3310/8487)   [Kremote: Compressing objects:  40% (3395/8487)   [Kremote: Compressing objects:  41% (3480/8487)   [Kremote: Compressing objects:  42% (3565/8487)   [Kremote: Compressing objects:  43% (3650/8487)   [Kremote: Compressing objects:  44% (3735/8487)   [Kremote: Compressing objects:  45% (3820/8487)   [Kremote: Compressing objects:  46% (3905/8487)   [Kremote: Compressing objects:  47% (3989/8487)   [Kremote: Compressing objects:  48% (4074/8487)   [Kremote: Compressing objects:  49% (4159/8487)   [Kremote: Compressing objects:  50% (4244/8487)   [Kremote: Compressing objects:  51% (4329/8487)   [Kremote: Compressing objects:  52% (4414/8487)   [Kremote: Compressing objects:  53% (4499/8487)   [Kremote: Compressing objects:  54% (4583/8487)   [Kremote: Compressing objects:  55% (4668/8487)   [Kremote: Compressing objects:  56% (4753/8487)   [Kremote: Compressing objects:  57% (4838/8487)   [Kremote: Compressing objects:  58% (4923/8487)   [Kremote: Compressing objects:  59% (5008/8487)   [Kremote: Compressing objects:  60% (5093/8487)   [Kremote: Compressing objects:  61% (5178/8487)   [Kremote: Compressing objects:  62% (5262/8487)   [Kremote: Compressing objects:  63% (5347/8487)   [Kremote: Compressing objects:  64% (5432/8487)   [Kremote: Compressing objects:  65% (5517/8487)   [Kremote: Compressing objects:  66% (5602/8487)   [Kremote: Compressing objects:  67% (5687/8487)   [Kremote: Compressing objects:  68% (5772/8487)   [Kremote: Compressing objects:  69% (5857/8487)   [Kremote: Compressing objects:  70% (5941/8487)   [Kremote: Compressing objects:  71% (6026/8487)   [Kremote: Compressing objects:  72% (6111/8487)   [Kremote: Compressing objects:  73% (6196/8487)   [Kremote: Compressing objects:  74% (6281/8487)   [Kremote: Compressing objects:  75% (6366/8487)   [Kremote: Compressing objects:  76% (6451/8487)   [Kremote: Compressing objects:  77% (6535/8487)   [Kremote: Compressing objects:  78% (6620/8487)   [Kremote: Compressing objects:  79% (6705/8487)   [Kremote: Compressing objects:  80% (6790/8487)   [Kremote: Compressing objects:  81% (6875/8487)   [Kremote: Compressing objects:  82% (6960/8487)   [Kremote: Compressing objects:  83% (7045/8487)   [Kremote: Compressing objects:  84% (7130/8487)   [Kremote: Compressing objects:  85% (7214/8487)   [Kremote: Compressing objects:  86% (7299/8487)   [Kremote: Compressing objects:  87% (7384/8487)   [Kremote: Compressing objects:  88% (7469/8487)   [Kremote: Compressing objects:  89% (7554/8487)   [Kremote: Compressing objects:  90% (7639/8487)   [Kremote: Compressing objects:  91% (7724/8487)   [Kremote: Compressing objects:  92% (7809/8487)   [Kremote: Compressing objects:  93% (7893/8487)   [Kremote: Compressing objects:  94% (7978/8487)   [Kremote: Compressing objects:  95% (8063/8487)   [Kremote: Compressing objects:  96% (8148/8487)   [Kremote: Compressing objects:  97% (8233/8487)   [Kremote: Compressing objects:  98% (8318/8487)   [Kremote: Compressing objects:  99% (8403/8487)   [Kremote: Compressing objects: 100% (8487/8487)   [Kremote: Compressing objects: 100% (8487/8487), done.[K
Receiving objects:   0% (1/21089)   Receiving objects:   1% (211/21089)   Receiving objects:   2% (422/21089)   Receiving objects:   3% (633/21089)   Receiving objects:   4% (844/21089)   Receiving objects:   5% (1055/21089)   Receiving objects:   6% (1266/21089)   Receiving objects:   7% (1477/21089)   Receiving objects:   8% (1688/21089)   Receiving objects:   9% (1899/21089)   Receiving objects:  10% (2109/21089)   Receiving objects:  11% (2320/21089)   Receiving objects:  12% (2531/21089)   Receiving objects:  13% (2742/21089)   Receiving objects:  14% (2953/21089)   Receiving objects:  15% (3164/21089)   Receiving objects:  16% (3375/21089)   Receiving objects:  17% (3586/21089)   Receiving objects:  18% (3797/21089)   Receiving objects:  19% (4007/21089)   Receiving objects:  20% (4218/21089)   Receiving objects:  21% (4429/21089)   Receiving objects:  22% (4640/21089)   Receiving objects:  23% (4851/21089)   Receiving objects:  24% (5062/21089)   Receiving objects:  25% (5273/21089)   Receiving objects:  26% (5484/21089)   Receiving objects:  27% (5695/21089)   Receiving objects:  28% (5905/21089)   Receiving objects:  29% (6116/21089)   Receiving objects:  30% (6327/21089)   Receiving objects:  31% (6538/21089)   Receiving objects:  32% (6749/21089)   Receiving objects:  33% (6960/21089)   Receiving objects:  34% (7171/21089)   Receiving objects:  35% (7382/21089)   Receiving objects:  36% (7593/21089)   Receiving objects:  37% (7803/21089)   Receiving objects:  38% (8014/21089)   Receiving objects:  39% (8225/21089)   Receiving objects:  40% (8436/21089)   Receiving objects:  41% (8647/21089)   Receiving objects:  42% (8858/21089)   Receiving objects:  43% (9069/21089)   Receiving objects:  44% (9280/21089)   Receiving objects:  45% (9491/21089)   Receiving objects:  46% (9701/21089)   Receiving objects:  47% (9912/21089)   Receiving objects:  48% (10123/21089)   Receiving objects:  49% (10334/21089)   Receiving objects:  50% (10545/21089)   Receiving objects:  51% (10756/21089)   Receiving objects:  52% (10967/21089)   Receiving objects:  53% (11178/21089)   Receiving objects:  54% (11389/21089)   Receiving objects:  55% (11599/21089)   Receiving objects:  56% (11810/21089)   Receiving objects:  57% (12021/21089)   Receiving objects:  58% (12232/21089)   Receiving objects:  59% (12443/21089)   Receiving objects:  60% (12654/21089)   Receiving objects:  61% (12865/21089)   Receiving objects:  62% (13076/21089)   Receiving objects:  63% (13287/21089)   Receiving objects:  64% (13497/21089)   Receiving objects:  65% (13708/21089)   Receiving objects:  66% (13919/21089)   Receiving objects:  67% (14130/21089)   Receiving objects:  68% (14341/21089)   Receiving objects:  69% (14552/21089)   Receiving objects:  70% (14763/21089)   Receiving objects:  71% (14974/21089)   Receiving objects:  72% (15185/21089)   Receiving objects:  73% (15395/21089), 11.30 MiB | 22.56 MiB/s   Receiving objects:  74% (15606/21089), 11.30 MiB | 22.56 MiB/s   Receiving objects:  75% (15817/21089), 11.30 MiB | 22.56 MiB/s   Receiving objects:  76% (16028/21089), 11.30 MiB | 22.56 MiB/s   Receiving objects:  77% (16239/21089), 11.30 MiB | 22.56 MiB/s   Receiving objects:  78% (16450/21089), 11.30 MiB | 22.56 MiB/s   Receiving objects:  79% (16661/21089), 11.30 MiB | 22.56 MiB/s   Receiving objects:  80% (16872/21089), 11.30 MiB | 22.56 MiB/s   Receiving objects:  81% (17083/21089), 11.30 MiB | 22.56 MiB/s   Receiving objects:  82% (17293/21089), 11.30 MiB | 22.56 MiB/s   Receiving objects:  83% (17504/21089), 11.30 MiB | 22.56 MiB/s   Receiving objects:  84% (17715/21089), 11.30 MiB | 22.56 MiB/s   Receiving objects:  85% (17926/21089), 11.30 MiB | 22.56 MiB/s   Receiving objects:  86% (18137/21089), 11.30 MiB | 22.56 MiB/s   Receiving objects:  87% (18348/21089), 11.30 MiB | 22.56 MiB/s   Receiving objects:  88% (18559/21089), 11.30 MiB | 22.56 MiB/s   Receiving objects:  89% (18770/21089), 11.30 MiB | 22.56 MiB/s   Receiving objects:  90% (18981/21089), 11.30 MiB | 22.56 MiB/s   Receiving objects:  91% (19191/21089), 11.30 MiB | 22.56 MiB/s   Receiving objects:  92% (19402/21089), 11.30 MiB | 22.56 MiB/s   Receiving objects:  93% (19613/21089), 11.30 MiB | 22.56 MiB/s   Receiving objects:  94% (19824/21089), 11.30 MiB | 22.56 MiB/s   Receiving objects:  95% (20035/21089), 11.30 MiB | 22.56 MiB/s   Receiving objects:  96% (20246/21089), 11.30 MiB | 22.56 MiB/s   Receiving objects:  97% (20457/21089), 11.30 MiB | 22.56 MiB/s   Receiving objects:  98% (20668/21089), 11.30 MiB | 22.56 MiB/s   Receiving objects:  99% (20879/21089), 11.30 MiB | 22.56 MiB/s   remote: Total 21089 (delta 10213), reused 18241 (delta 7964), pack-reused 0[K
Receiving objects: 100% (21089/21089), 11.30 MiB | 22.56 MiB/s   Receiving objects: 100% (21089/21089), 17.32 MiB | 22.56 MiB/s, done.
Resolving deltas:   0% (0/10213)   Resolving deltas:   1% (104/10213)   Resolving deltas:   2% (234/10213)   Resolving deltas:   3% (307/10213)   Resolving deltas:   4% (413/10213)   Resolving deltas:   5% (512/10213)   Resolving deltas:   6% (642/10213)   Resolving deltas:   7% (716/10213)   Resolving deltas:   8% (818/10213)   Resolving deltas:   9% (929/10213)   Resolving deltas:  10% (1025/10213)   Resolving deltas:  11% (1125/10213)   Resolving deltas:  12% (1234/10213)   Resolving deltas:  13% (1329/10213)   Resolving deltas:  14% (1432/10213)   Resolving deltas:  15% (1537/10213)   Resolving deltas:  16% (1641/10213)   Resolving deltas:  17% (1737/10213)   Resolving deltas:  18% (1845/10213)   Resolving deltas:  19% (1943/10213)   Resolving deltas:  20% (2048/10213)   Resolving deltas:  21% (2149/10213)   Resolving deltas:  22% (2251/10213)   Resolving deltas:  23% (2354/10213)   Resolving deltas:  24% (2492/10213)   Resolving deltas:  25% (2570/10213)   Resolving deltas:  26% (2686/10213)   Resolving deltas:  28% (2863/10213)   Resolving deltas:  29% (2972/10213)   Resolving deltas:  30% (3107/10213)   Resolving deltas:  32% (3339/10213)   Resolving deltas:  33% (3373/10213)   Resolving deltas:  34% (3498/10213)   Resolving deltas:  35% (3576/10213)   Resolving deltas:  36% (3677/10213)   Resolving deltas:  37% (3786/10213)   Resolving deltas:  38% (3898/10213)   Resolving deltas:  39% (3991/10213)   Resolving deltas:  40% (4086/10213)   Resolving deltas:  41% (4190/10213)   Resolving deltas:  42% (4291/10213)   Resolving deltas:  43% (4392/10213)   Resolving deltas:  44% (4495/10213)   Resolving deltas:  45% (4598/10213)   Resolving deltas:  46% (4703/10213)   Resolving deltas:  47% (4809/10213)   Resolving deltas:  48% (4904/10213)   Resolving deltas:  49% (5016/10213)   Resolving deltas:  50% (5113/10213)   Resolving deltas:  51% (5209/10213)   Resolving deltas:  52% (5312/10213)   Resolving deltas:  53% (5413/10213)   Resolving deltas:  54% (5529/10213)   Resolving deltas:  55% (5618/10213)   Resolving deltas:  56% (5722/10213)   Resolving deltas:  57% (5829/10213)   Resolving deltas:  58% (5927/10213)   Resolving deltas:  59% (6032/10213)   Resolving deltas:  60% (6132/10213)   Resolving deltas:  61% (6232/10213)   Resolving deltas:  62% (6397/10213)   Resolving deltas:  64% (6583/10213)   Resolving deltas:  65% (6703/10213)   Resolving deltas:  66% (6741/10213)   Resolving deltas:  69% (7072/10213)   Resolving deltas:  70% (7150/10213)   Resolving deltas:  72% (7399/10213)   Resolving deltas:  73% (7476/10213)   Resolving deltas:  77% (7866/10213)   Resolving deltas:  78% (7975/10213)   Resolving deltas:  79% (8082/10213)   Resolving deltas:  80% (8178/10213)   Resolving deltas:  81% (8290/10213)   Resolving deltas:  82% (8375/10213)   Resolving deltas:  83% (8482/10213)   Resolving deltas:  84% (8621/10213)   Resolving deltas:  85% (8683/10213)   Resolving deltas:  87% (8964/10213)   Resolving deltas:  88% (9045/10213)   Resolving deltas:  89% (9114/10213)   Resolving deltas:  90% (9207/10213)   Resolving deltas:  91% (9305/10213)   Resolving deltas:  92% (9415/10213)   Resolving deltas:  93% (9499/10213)   Resolving deltas:  94% (9608/10213)   Resolving deltas:  95% (9706/10213)   Resolving deltas:  96% (9805/10213)   Resolving deltas:  97% (9908/10213)   Resolving deltas:  98% (10010/10213)   Resolving deltas: 100% (10213/10213)   Resolving deltas: 100% (10213/10213), done.
Checking connectivity... done.

travis_time:end:0015a02c:start=1467965686461978880,finish=1467965689256983121,duration=2795004241[0K$ cd apache/storm
$ git checkout -qf 69dd773c6ddf1b2bdcc439ee7677d63c5d0c3d76
travis_fold:end:git.checkout[0K
[33;1mThis job is running on container-based infrastructure, which does not allow use of 'sudo', setuid and setguid executables.[0m
[33;1mIf you require sudo, add 'sudo: required' to your .travis.yml[0m
[33;1mSee https://docs.travis-ci.com/user/workers/container-based-infrastructure/ for details.[0m

[33;1mSetting environment variables from .travis.yml[0m
$ export MODULES=storm-core

$ jdk_switcher use oraclejdk7
Switching to Oracle JDK7 (java-7-oracle), JAVA_HOME will be set to /usr/lib/jvm/java-7-oracle
travis_fold:start:cache.1[0KSetting up build cache
$ export CASHER_DIR=$HOME/.casher
travis_time:start:0598af28[0K$ Installing caching utilities

travis_time:end:0598af28:start=1467965691421768378,finish=1467965691480093488,duration=58325110[0Ktravis_time:start:18a28a2e[0K
travis_time:end:18a28a2e:start=1467965691486460245,finish=1467965691490147507,duration=3687262[0Ktravis_time:start:04fc8342[0K[32;1mattempting to download cache archive[0m
[32;1mfetching master/cache-linux-precise-4722ea394922d42b2b7eb84cff6efc764d76759821ac6f6efc13232aa923f595--jdk-oraclejdk7.tgz[0m
[32;1mfound cache[0m

travis_time:end:04fc8342:start=1467965691495266786,finish=1467965705087787406,duration=13592520620[0Ktravis_time:start:1292e348[0K
travis_time:end:1292e348:start=1467965705091640719,finish=1467965705094973628,duration=3332909[0Ktravis_time:start:09ecbdd4[0K[32;1madding /home/travis/.m2/repository to cache[0m
[32;1madding /home/travis/.rvm to cache[0m
[32;1madding /home/travis/.nvm to cache[0m

travis_time:end:09ecbdd4:start=1467965705098835328,finish=1467965721018513766,duration=15919678438[0Ktravis_fold:end:cache.1[0K$ java -Xmx32m -version
java version "1.7.0_76"
Java(TM) SE Runtime Environment (build 1.7.0_76-b13)
Java HotSpot(TM) 64-Bit Server VM (build 24.76-b04, mixed mode)
$ javac -J-Xmx32m -version
javac 1.7.0_76
travis_fold:start:before_install.1[0Ktravis_time:start:066f2900[0K$ rvm use 2.1.5 --install
[32mUsing /home/travis/.rvm/gems/ruby-2.1.5[0m

travis_time:end:066f2900:start=1467965721396519053,finish=1467965721655448556,duration=258929503[0Ktravis_fold:end:before_install.1[0Ktravis_fold:start:before_install.2[0Ktravis_time:start:02de2f12[0K$ nvm install 0.12.2
v0.12.2 is already installed.
Now using node v0.12.2

travis_time:end:02de2f12:start=1467965721660276687,finish=1467965721936166796,duration=275890109[0Ktravis_fold:end:before_install.2[0Ktravis_fold:start:before_install.3[0Ktravis_time:start:24695b58[0K$ nvm use 0.12.2
Now using node v0.12.2

travis_time:end:24695b58:start=1467965721940325309,finish=1467965721998112075,duration=57786766[0Ktravis_fold:end:before_install.3[0Ktravis_fold:start:install[0Ktravis_time:start:1b37d4f6[0K$ /bin/bash ./dev-tools/travis/travis-install.sh `pwd`
Python version :   Python 2.7.3
Maven version  :   Apache Maven 3.2.5 (12a6b3acb947671f09b81f49094c53f426d8cea1; 2014-12-14T17:29:23+00:00) Maven home: /usr/local/maven Java version: 1.7.0_76, vendor: Oracle Corporation Java home: /usr/lib/jvm/java-7-oracle/jre Default locale: en_US, platform encoding: UTF-8 OS name: "linux", version: "3.13.0-40-generic", arch: "amd64", family: "unix"
['mvn', 'clean', 'install', '-DskipTests', '-Pnative', '--batch-mode'] writing to install.txt
1 seconds 1 log lines12 seconds 2 log lines23 seconds 305 log lines46 seconds 323 log lines58 seconds 330 log lines71 seconds 408 log lines90 seconds 508 log lines107 seconds 652 log lines117 seconds 659 log lines131 seconds 813 log lines142 seconds 874 log lines154 seconds 962 log lines164 seconds 1152 log lines175 seconds 1324 log lines185 seconds 1610 log lines196 seconds 1812 log lines208 seconds 2199 log lines221 seconds 2361 log lines233 seconds 2663 log lines234 seconds 2664 log lines
['mvn', 'clean', 'install', '-DskipTests', '-Pnative', '--batch-mode'] done 0

travis_time:end:1b37d4f6:start=1467965722004226776,finish=1467965956835906283,duration=234831679507[0Ktravis_fold:end:install[0Ktravis_time:start:1613f499[0K$ /bin/bash ./dev-tools/travis/travis-script.sh `pwd` $MODULES
Python version :   Python 2.7.3
Ruby version   :   ruby 2.1.5p273 (2014-11-13 revision 48405) [x86_64-linux]
NodeJs version :   v0.12.2
Maven version  :   Apache Maven 3.2.5 (12a6b3acb947671f09b81f49094c53f426d8cea1; 2014-12-14T17:29:23+00:00) Maven home: /usr/local/maven Java version: 1.7.0_76, vendor: Oracle Corporation Java home: /usr/lib/jvm/java-7-oracle/jre Default locale: en_US, platform encoding: UTF-8 OS name: "linux", version: "3.13.0-40-generic", arch: "amd64", family: "unix"
[INFO] Scanning for projects...
[INFO]                                                                         
[INFO] ------------------------------------------------------------------------
[INFO] Building Storm Core 2.0.0-SNAPSHOT
[INFO] ------------------------------------------------------------------------
[INFO] 
[INFO] --- exec-maven-plugin:1.2.1:exec (default) @ storm-core ---
[INFO] 
[INFO] --- maven-remote-resources-plugin:1.2.1:process (default) @ storm-core ---
[INFO] 
[INFO] --- storm-maven-plugins:2.0.0-SNAPSHOT:version-info (version-info) @ storm-core ---
[WARNING] [svn, info] failed with error code 1
[INFO] SCM: GIT
[INFO] Computed MD5: f2e6edec727e6ec4c1772fa2694c8c4c
[INFO] 
[INFO] --- maven-resources-plugin:2.5:resources (default-resources) @ storm-core ---
[debug] execute contextualize
[INFO] Using 'UTF-8' encoding to copy filtered resources.
[INFO] Copying 9 resources
[INFO] Copying 1 resource to META-INF
[INFO] Copying 0 resource
[INFO] Copying 1 resource
[INFO] Copying 3 resources
[INFO] 
[INFO] --- maven-compiler-plugin:3.1:compile (default-compile) @ storm-core ---
[INFO] Nothing to compile - all classes are up to date
[INFO] 
[INFO] --- clojure-maven-plugin:1.7.1:compile (compile-clojure) @ storm-core ---
Compiling org.apache.storm.testing4j to /home/travis/build/apache/storm/storm-core/target/classes
08:19:30.386 [main] WARN  o.a.s.m.StormMetricsRegistry - Metric ui:num-topology-op-response-http-requests has already been registered
08:19:30.388 [main] WARN  o.a.s.m.StormMetricsRegistry - Metric ui:num-topology-op-response-http-requests has already been registered
Compiling org.apache.storm.ui.helpers to /home/travis/build/apache/storm/storm-core/target/classes
Compiling org.apache.storm.scheduler.IsolationScheduler to /home/travis/build/apache/storm/storm-core/target/classes
Compiling org.apache.storm.log to /home/travis/build/apache/storm/storm-core/target/classes
Compiling org.apache.storm.daemon.worker to /home/travis/build/apache/storm/storm-core/target/classes
Compiling org.apache.storm.daemon.executor to /home/travis/build/apache/storm/storm-core/target/classes
Compiling org.apache.storm.converter to /home/travis/build/apache/storm/storm-core/target/classes
Compiling org.apache.storm.testing to /home/travis/build/apache/storm/storm-core/target/classes
Compiling org.apache.storm.util to /home/travis/build/apache/storm/storm-core/target/classes
Compiling org.apache.storm.command.heartbeats to /home/travis/build/apache/storm/storm-core/target/classes
Compiling org.apache.storm.command.shell-submission to /home/travis/build/apache/storm/storm-core/target/classes
Compiling org.apache.storm.blobstore to /home/travis/build/apache/storm/storm-core/target/classes
Compiling org.apache.storm.internal.clojure to /home/travis/build/apache/storm/storm-core/target/classes
Compiling org.apache.storm.daemon.common to /home/travis/build/apache/storm/storm-core/target/classes
Compiling org.apache.storm.daemon.local-supervisor to /home/travis/build/apache/storm/storm-core/target/classes
Compiling org.apache.storm.internal.thrift to /home/travis/build/apache/storm/storm-core/target/classes
Compiling org.apache.storm.daemon.logviewer to /home/travis/build/apache/storm/storm-core/target/classes
Compiling org.apache.storm.daemon.nimbus to /home/travis/build/apache/storm/storm-core/target/classes
Compiling org.apache.storm.LocalCluster to /home/travis/build/apache/storm/storm-core/target/classes
Compiling org.apache.storm.command.get-errors to /home/travis/build/apache/storm/storm-core/target/classes
Compiling org.apache.storm.trident.testing to /home/travis/build/apache/storm/storm-core/target/classes
Compiling org.apache.storm.ui.core to /home/travis/build/apache/storm/storm-core/target/classes
Compiling org.apache.storm.command.blobstore to /home/travis/build/apache/storm/storm-core/target/classes
Compiling org.apache.storm.local-state-converter to /home/travis/build/apache/storm/storm-core/target/classes
Compiling org.apache.storm.daemon.drpc to /home/travis/build/apache/storm/storm-core/target/classes
Compiling org.apache.storm.config to /home/travis/build/apache/storm/storm-core/target/classes
[INFO] 
[INFO] --- make-maven-plugin:1.0-beta-1:autoreconf (compile) @ storm-core ---
[INFO] 
[INFO] --- make-maven-plugin:1.0-beta-1:configure (compile) @ storm-core ---
[INFO] /bin/sh: 14: /home/travis/.jdk_switcher_rc: [[: not found
[INFO] /bin/sh: 22: /home/travis/.jdk_switcher_rc: [[: not found
[INFO] /bin/sh: 32: /home/travis/.jdk_switcher_rc: [[: not found
[INFO] /bin/sh: 42: /home/travis/.jdk_switcher_rc: [[: not found
[INFO] /bin/sh: 3: /etc/profile.d/rvm.sh: [[: not found
[INFO] checking for gcc... gcc
[INFO] checking whether the C compiler works... yes
[INFO] checking for C compiler default output file name... a.out
[INFO] checking for suffix of executables... 
[INFO] checking whether we are cross compiling... no
[INFO] checking for suffix of object files... o
[INFO] checking whether we are using the GNU C compiler... yes
[INFO] checking whether gcc accepts -g... yes
[INFO] checking for gcc option to accept ISO C89... none needed
[INFO] checking how to run the C preprocessor... gcc -E
[INFO] checking for grep that handles long lines and -e... /bin/grep
[INFO] checking for egrep... /bin/grep -E
[INFO] checking for ANSI C header files... yes
[INFO] checking for sys/types.h... yes
[INFO] checking for sys/stat.h... yes
[INFO] checking for stdlib.h... yes
[INFO] checking for string.h... yes
[INFO] checking for memory.h... yes
[INFO] checking for strings.h... yes
[INFO] checking for inttypes.h... yes
[INFO] checking for stdint.h... yes
[INFO] checking for unistd.h... yes
[INFO] checking minix/config.h usability... no
[INFO] checking minix/config.h presence... no
[INFO] checking for minix/config.h... no
[INFO] checking whether it is safe to define __EXTENSIONS__... yes
[INFO] checking for a BSD-compatible install... /usr/bin/install -c
[INFO] checking whether build environment is sane... yes
[INFO] checking for a thread-safe mkdir -p... /bin/mkdir -p
[INFO] checking for gawk... gawk
[INFO] checking whether make sets $(MAKE)... yes
[INFO] checking for style of include used by make... GNU
[INFO] checking dependency style of gcc... gcc3
[INFO] checking for gcc... (cached) gcc
[INFO] checking whether we are using the GNU C compiler... (cached) yes
[INFO] checking whether gcc accepts -g... (cached) yes
[INFO] checking for gcc option to accept ISO C89... (cached) none needed
[INFO] checking whether gcc and cc understand -c and -o together... yes
[INFO] checking for unistd.h... (cached) yes
[INFO] checking for stdbool.h that conforms to C99... yes
[INFO] checking for _Bool... yes
[INFO] checking for an ANSI C-conforming const... yes
[INFO] checking for off_t... yes
[INFO] checking for size_t... yes
[INFO] checking whether strerror_r is declared... yes
[INFO] checking for strerror_r... yes
[INFO] checking whether strerror_r returns char *... yes
[INFO] checking for mkdir... yes
[INFO] checking for uname... yes
[INFO] configure: creating ./config.status
[INFO] config.status: creating Makefile
[INFO] config.status: executing depfiles commands
[INFO] 
[INFO] --- make-maven-plugin:1.0-beta-1:make-install (compile) @ storm-core ---
[INFO] /bin/sh: 14: /home/travis/.jdk_switcher_rc: [[: not found
[INFO] /bin/sh: 22: /home/travis/.jdk_switcher_rc: [[: not found
[INFO] /bin/sh: 32: /home/travis/.jdk_switcher_rc: [[: not found
[INFO] /bin/sh: 42: /home/travis/.jdk_switcher_rc: [[: not found
[INFO] /bin/sh: 3: /etc/profile.d/rvm.sh: [[: not found
[INFO] make[1]: Entering directory `/home/travis/build/apache/storm/storm-core/target/native/worker-launcher'
[INFO] test -z "/usr/local/bin" || /bin/mkdir -p "/home/travis/build/apache/storm/storm-core/target/native/target/usr/local/bin"
[INFO]   /usr/bin/install -c worker-launcher '/home/travis/build/apache/storm/storm-core/target/native/target/usr/local/bin'
[INFO] make[1]: Nothing to be done for `install-data-am'.
[INFO] make[1]: Leaving directory `/home/travis/build/apache/storm/storm-core/target/native/worker-launcher'
[INFO] 
[INFO] --- maven-resources-plugin:2.5:testResources (default-testResources) @ storm-core ---
[debug] execute contextualize
[INFO] Using 'UTF-8' encoding to copy filtered resources.
[INFO] Copying 14 resources
[INFO] Copying 2 resources
[INFO] Copying 3 resources
[INFO] 
[INFO] --- maven-dependency-plugin:2.8:unpack (unpack) @ storm-core ---
[INFO] Configured Artifact: org.apache.storm:multilang-ruby:2.0.0-SNAPSHOT:jar
[INFO] Downloading: https://repository.apache.org/snapshots/org/apache/storm/multilang-ruby/2.0.0-SNAPSHOT/maven-metadata.xml
[INFO] Configured Artifact: org.apache.storm:multilang-python:2.0.0-SNAPSHOT:jar
[INFO] Downloading: https://repository.apache.org/snapshots/org/apache/storm/multilang-python/2.0.0-SNAPSHOT/maven-metadata.xml
[INFO] Configured Artifact: org.apache.storm:multilang-javascript:2.0.0-SNAPSHOT:jar
[INFO] Downloading: https://repository.apache.org/snapshots/org/apache/storm/multilang-javascript/2.0.0-SNAPSHOT/maven-metadata.xml
[INFO] multilang-ruby-2.0.0-SNAPSHOT.jar already unpacked.
[INFO] multilang-python-2.0.0-SNAPSHOT.jar already unpacked.
[INFO] multilang-javascript-2.0.0-SNAPSHOT.jar already unpacked.
[INFO] 
[INFO] --- maven-compiler-plugin:3.1:testCompile (default-testCompile) @ storm-core ---
[INFO] Changes detected - recompiling the module!
[INFO] Compiling 62 source files to /home/travis/build/apache/storm/storm-core/target/test-classes
[WARNING] /home/travis/build/apache/storm/storm-core/test/jvm/org/apache/storm/localizer/LocalizerTest.java: Some input files use or override a deprecated API.
[WARNING] /home/travis/build/apache/storm/storm-core/test/jvm/org/apache/storm/localizer/LocalizerTest.java: Recompile with -Xlint:deprecation for details.
[WARNING] /home/travis/build/apache/storm/storm-core/test/jvm/org/apache/storm/command/TestCLI.java: Some input files use unchecked or unsafe operations.
[WARNING] /home/travis/build/apache/storm/storm-core/test/jvm/org/apache/storm/command/TestCLI.java: Recompile with -Xlint:unchecked for details.
[INFO] 
[INFO] --- maven-surefire-plugin:2.18.1:test (default-test) @ storm-core ---
[INFO] Surefire report directory: /home/travis/build/apache/storm/storm-core/target/surefire-reports
[INFO] parallel='none', perCoreThreadCount=true, threadCount=0, useUnlimitedThreads=false, threadCountSuites=0, threadCountClasses=0, threadCountMethods=0, parallelOptimized=true

-------------------------------------------------------
 T E S T S
-------------------------------------------------------
Running org.apache.storm.security.serialization.BlowfishTupleSerializerTest
Tests run: 3, Failures: 0, Errors: 0, Skipped: 0, Time elapsed: 0.298 sec - in org.apache.storm.security.serialization.BlowfishTupleSerializerTest
Running org.apache.storm.security.auth.ReqContextTest
Tests run: 4, Failures: 0, Errors: 0, Skipped: 0, Time elapsed: 0.001 sec - in org.apache.storm.security.auth.ReqContextTest
Running org.apache.storm.security.auth.SaslTransportPluginTest
Tests run: 2, Failures: 0, Errors: 0, Skipped: 0, Time elapsed: 0 sec - in org.apache.storm.security.auth.SaslTransportPluginTest
Running org.apache.storm.security.auth.ThriftClientTest
Tests run: 4, Failures: 0, Errors: 0, Skipped: 0, Time elapsed: 0.316 sec - in org.apache.storm.security.auth.ThriftClientTest
Running org.apache.storm.security.auth.AuthUtilsTest
Tests run: 15, Failures: 0, Errors: 0, Skipped: 0, Time elapsed: 0.162 sec - in org.apache.storm.security.auth.AuthUtilsTest
Running org.apache.storm.security.auth.ThriftServerTest
Tests run: 2, Failures: 0, Errors: 0, Skipped: 0, Time elapsed: 0.03 sec - in org.apache.storm.security.auth.ThriftServerTest
Running org.apache.storm.cluster.StormClusterStateImplTest
Tests run: 5, Failures: 0, Errors: 0, Skipped: 0, Time elapsed: 0.038 sec - in org.apache.storm.cluster.StormClusterStateImplTest
Running org.apache.storm.serialization.GzipBridgeThriftSerializationDelegateTest
Tests run: 3, Failures: 0, Errors: 0, Skipped: 0, Time elapsed: 0.012 sec - in org.apache.storm.serialization.GzipBridgeThriftSerializationDelegateTest
Running org.apache.storm.serialization.GzipBridgeSerializationDelegateTest
Tests run: 3, Failures: 0, Errors: 0, Skipped: 0, Time elapsed: 0.141 sec - in org.apache.storm.serialization.GzipBridgeSerializationDelegateTest
Running org.apache.storm.serialization.SerializationTest
Tests run: 3, Failures: 0, Errors: 0, Skipped: 0, Time elapsed: 1.488 sec - in org.apache.storm.serialization.SerializationTest
Running org.apache.storm.serialization.ThriftBridgeSerializationDelegateTest
Tests run: 1, Failures: 0, Errors: 0, Skipped: 0, Time elapsed: 0.003 sec - in org.apache.storm.serialization.ThriftBridgeSerializationDelegateTest
Running org.apache.storm.grouping.PartialKeyGroupingTest
Tests run: 2, Failures: 0, Errors: 0, Skipped: 0, Time elapsed: 0.027 sec - in org.apache.storm.grouping.PartialKeyGroupingTest
Running org.apache.storm.command.TestCLI
Tests run: 1, Failures: 0, Errors: 0, Skipped: 0, Time elapsed: 0.007 sec - in org.apache.storm.command.TestCLI
Running org.apache.storm.command.RebalanceTest
Tests run: 2, Failures: 0, Errors: 0, Skipped: 0, Time elapsed: 0.001 sec - in org.apache.storm.command.RebalanceTest
Running org.apache.storm.command.SetLogLevelTest
Tests run: 3, Failures: 0, Errors: 0, Skipped: 0, Time elapsed: 0.005 sec - in org.apache.storm.command.SetLogLevelTest
Running org.apache.storm.utils.UtilsTest
Tests run: 8, Failures: 0, Errors: 0, Skipped: 0, Time elapsed: 0.111 sec - in org.apache.storm.utils.UtilsTest
Running org.apache.storm.utils.DisruptorQueueTest
Tests run: 3, Failures: 0, Errors: 0, Skipped: 0, Time elapsed: 3.575 sec - in org.apache.storm.utils.DisruptorQueueTest
Running org.apache.storm.utils.DisruptorQueueBackpressureTest
Tests run: 1, Failures: 0, Errors: 0, Skipped: 0, Time elapsed: 0 sec - in org.apache.storm.utils.DisruptorQueueBackpressureTest
Running org.apache.storm.utils.StormBoundedExponentialBackoffRetryTest
Tests run: 5, Failures: 0, Errors: 0, Skipped: 0, Time elapsed: 0.1 sec - in org.apache.storm.utils.StormBoundedExponentialBackoffRetryTest
Running org.apache.storm.utils.TimeTest
Tests run: 8, Failures: 0, Errors: 0, Skipped: 0, Time elapsed: 0 sec - in org.apache.storm.utils.TimeTest
Running org.apache.storm.utils.ThriftTopologyUtilsTest
Tests run: 5, Failures: 0, Errors: 0, Skipped: 0, Time elapsed: 0.006 sec - in org.apache.storm.utils.ThriftTopologyUtilsTest
Running org.apache.storm.utils.WorkerBackpressureThreadTest
Tests run: 1, Failures: 0, Errors: 0, Skipped: 0, Time elapsed: 0.203 sec - in org.apache.storm.utils.WorkerBackpressureThreadTest
Running org.apache.storm.utils.ShellBoltMessageQueueTest
Tests run: 3, Failures: 0, Errors: 0, Skipped: 0, Time elapsed: 2.175 sec - in org.apache.storm.utils.ShellBoltMessageQueueTest
Running org.apache.storm.metric.internal.CountStatAndMetricTest
Tests run: 1, Failures: 0, Errors: 0, Skipped: 0, Time elapsed: 0.009 sec - in org.apache.storm.metric.internal.CountStatAndMetricTest
Running org.apache.storm.metric.internal.RateTrackerTest
Tests run: 4, Failures: 0, Errors: 0, Skipped: 0, Time elapsed: 0.001 sec - in org.apache.storm.metric.internal.RateTrackerTest
Running org.apache.storm.metric.internal.LatencyStatAndMetricTest
Tests run: 1, Failures: 0, Errors: 0, Skipped: 0, Time elapsed: 0.084 sec - in org.apache.storm.metric.internal.LatencyStatAndMetricTest
Running org.apache.storm.metric.filter.FilterByMetricNameTest
Tests run: 4, Failures: 0, Errors: 0, Skipped: 0, Time elapsed: 0.075 sec - in org.apache.storm.metric.filter.FilterByMetricNameTest
Running org.apache.storm.scheduler.resource.strategies.scheduling.TestDefaultResourceAwareStrategy
Tests run: 2, Failures: 0, Errors: 0, Skipped: 0, Time elapsed: 5.023 sec - in org.apache.storm.scheduler.resource.strategies.scheduling.TestDefaultResourceAwareStrategy
Running org.apache.storm.scheduler.resource.TestResourceAwareScheduler
Tests run: 14, Failures: 0, Errors: 0, Skipped: 0, Time elapsed: 27.697 sec - in org.apache.storm.scheduler.resource.TestResourceAwareScheduler
Running org.apache.storm.scheduler.resource.TestUser
Tests run: 3, Failures: 0, Errors: 0, Skipped: 0, Time elapsed: 16.73 sec - in org.apache.storm.scheduler.resource.TestUser
Running org.apache.storm.localizer.LocalizerTest
Tests run: 13, Failures: 0, Errors: 0, Skipped: 0, Time elapsed: 4.403 sec - in org.apache.storm.localizer.LocalizerTest
Running org.apache.storm.localizer.LocalizedResourceRetentionSetTest
Tests run: 2, Failures: 0, Errors: 0, Skipped: 0, Time elapsed: 0.153 sec - in org.apache.storm.localizer.LocalizedResourceRetentionSetTest
Running org.apache.storm.localizer.LocalizedResourceSetTest
Tests run: 4, Failures: 0, Errors: 0, Skipped: 0, Time elapsed: 0.009 sec - in org.apache.storm.localizer.LocalizedResourceSetTest
Running org.apache.storm.spout.CheckpointSpoutTest
Tests run: 7, Failures: 0, Errors: 0, Skipped: 0, Time elapsed: 0.835 sec - in org.apache.storm.spout.CheckpointSpoutTest
Running org.apache.storm.blobstore.ClientBlobStoreTest
Tests run: 4, Failures: 0, Errors: 0, Skipped: 0, Time elapsed: 0.02 sec - in org.apache.storm.blobstore.ClientBlobStoreTest
Running org.apache.storm.blobstore.BlobStoreTest
Tests run: 4, Failures: 0, Errors: 0, Skipped: 0, Time elapsed: 3.77 sec - in org.apache.storm.blobstore.BlobStoreTest
Running org.apache.storm.blobstore.BlobSynchronizerTest
Tests run: 4, Failures: 0, Errors: 0, Skipped: 0, Time elapsed: 6.953 sec - in org.apache.storm.blobstore.BlobSynchronizerTest
Running org.apache.storm.topology.StatefulWindowedBoltExecutorTest
Tests run: 4, Failures: 0, Errors: 0, Skipped: 0, Time elapsed: 3.069 sec - in org.apache.storm.topology.StatefulWindowedBoltExecutorTest
Running org.apache.storm.topology.TopologyBuilderTest
Tests run: 5, Failures: 0, Errors: 0, Skipped: 0, Time elapsed: 2.331 sec - in org.apache.storm.topology.TopologyBuilderTest
Running org.apache.storm.topology.StatefulBoltExecutorTest
Tests run: 7, Failures: 0, Errors: 0, Skipped: 0, Time elapsed: 0.794 sec - in org.apache.storm.topology.StatefulBoltExecutorTest
Running org.apache.storm.topology.WindowedBoltExecutorTest
Tests run: 5, Failures: 0, Errors: 0, Skipped: 0, Time elapsed: 0.207 sec - in org.apache.storm.topology.WindowedBoltExecutorTest
Running org.apache.storm.state.InMemoryKeyValueStateTest
Tests run: 2, Failures: 0, Errors: 0, Skipped: 0, Time elapsed: 0 sec - in org.apache.storm.state.InMemoryKeyValueStateTest
Running org.apache.storm.windowing.WaterMarkEventGeneratorTest
Tests run: 5, Failures: 0, Errors: 0, Skipped: 0, Time elapsed: 0.06 sec - in org.apache.storm.windowing.WaterMarkEventGeneratorTest
Running org.apache.storm.windowing.WindowManagerTest
Tests run: 10, Failures: 0, Errors: 0, Skipped: 0, Time elapsed: 0.195 sec - in org.apache.storm.windowing.WindowManagerTest
Running org.apache.storm.trident.TestTridentTopology
Tests run: 1, Failures: 0, Errors: 0, Skipped: 0, Time elapsed: 81.843 sec - in org.apache.storm.trident.TestTridentTopology
Running org.apache.storm.trident.TridentWindowingTest
Tests run: 3, Failures: 0, Errors: 0, Skipped: 0, Time elapsed: 0.024 sec - in org.apache.storm.trident.TridentWindowingTest
Running org.apache.storm.nimbus.LocalNimbusTest

Results :

Tests run: 196, Failures: 0, Errors: 0, Skipped: 0

[INFO] ------------------------------------------------------------------------
[INFO] BUILD FAILURE
[INFO] ------------------------------------------------------------------------
[INFO] Total time: 04:00 min
[INFO] Finished at: 2016-07-08T08:23:19+00:00
[INFO] Final Memory: 45M/424M
[INFO] ------------------------------------------------------------------------
[ERROR] Failed to execute goal org.apache.maven.plugins:maven-surefire-plugin:2.18.1:test (default-test) on project storm-core: Execution default-test of goal org.apache.maven.plugins:maven-surefire-plugin:2.18.1:test failed: The forked VM terminated without properly saying goodbye. VM crash or System.exit called?
[ERROR] Command was /bin/sh -c cd /home/travis/build/apache/storm/storm-core && /usr/lib/jvm/java-7-oracle/jre/bin/java -Xmx1536m -jar /home/travis/build/apache/storm/storm-core/target/surefire/surefirebooter6221221859223815824.jar /home/travis/build/apache/storm/storm-core/target/surefire/surefire6167009132348988426tmp /home/travis/build/apache/storm/storm-core/target/surefire/surefire_0792042465228087875tmp
[ERROR] -> [Help 1]
[ERROR] 
[ERROR] To see the full stack trace of the errors, re-run Maven with the -e switch.
[ERROR] Re-run Maven using the -X switch to enable full debug logging.
[ERROR] 
[ERROR] For more information about the errors and possible solutions, please read the following articles:
[ERROR] [Help 1] http://cwiki.apache.org/confluence/display/MAVEN/PluginExecutionException
Looking for errors in ./storm-core/target/surefire-reports
Checking ./storm-core/target/surefire-reports/TEST-org.apache.storm.security.serialization.BlowfishTupleSerializerTest.xml
Checking ./storm-core/target/surefire-reports/TEST-org.apache.storm.security.auth.ReqContextTest.xml
Checking ./storm-core/target/surefire-reports/TEST-org.apache.storm.security.auth.SaslTransportPluginTest.xml
Checking ./storm-core/target/surefire-reports/TEST-org.apache.storm.security.auth.ThriftClientTest.xml
Checking ./storm-core/target/surefire-reports/TEST-org.apache.storm.security.auth.AuthUtilsTest.xml
Checking ./storm-core/target/surefire-reports/TEST-org.apache.storm.security.auth.ThriftServerTest.xml
Checking ./storm-core/target/surefire-reports/TEST-org.apache.storm.cluster.StormClusterStateImplTest.xml
Checking ./storm-core/target/surefire-reports/TEST-org.apache.storm.serialization.GzipBridgeThriftSerializationDelegateTest.xml
Checking ./storm-core/target/surefire-reports/TEST-org.apache.storm.serialization.GzipBridgeSerializationDelegateTest.xml
Checking ./storm-core/target/surefire-reports/TEST-org.apache.storm.serialization.SerializationTest.xml
Checking ./storm-core/target/surefire-reports/TEST-org.apache.storm.serialization.ThriftBridgeSerializationDelegateTest.xml
Checking ./storm-core/target/surefire-reports/TEST-org.apache.storm.grouping.PartialKeyGroupingTest.xml
Checking ./storm-core/target/surefire-reports/TEST-org.apache.storm.command.TestCLI.xml
Checking ./storm-core/target/surefire-reports/TEST-org.apache.storm.command.RebalanceTest.xml
Checking ./storm-core/target/surefire-reports/TEST-org.apache.storm.command.SetLogLevelTest.xml
Checking ./storm-core/target/surefire-reports/TEST-org.apache.storm.utils.UtilsTest.xml
Checking ./storm-core/target/surefire-reports/TEST-org.apache.storm.utils.DisruptorQueueTest.xml
Checking ./storm-core/target/surefire-reports/TEST-org.apache.storm.utils.DisruptorQueueBackpressureTest.xml
Checking ./storm-core/target/surefire-reports/TEST-org.apache.storm.utils.StormBoundedExponentialBackoffRetryTest.xml
Checking ./storm-core/target/surefire-reports/TEST-org.apache.storm.utils.TimeTest.xml
Checking ./storm-core/target/surefire-reports/TEST-org.apache.storm.utils.ThriftTopologyUtilsTest.xml
Checking ./storm-core/target/surefire-reports/TEST-org.apache.storm.utils.WorkerBackpressureThreadTest.xml
Checking ./storm-core/target/surefire-reports/TEST-org.apache.storm.utils.ShellBoltMessageQueueTest.xml
Checking ./storm-core/target/surefire-reports/TEST-org.apache.storm.metric.internal.CountStatAndMetricTest.xml
Checking ./storm-core/target/surefire-reports/TEST-org.apache.storm.metric.internal.RateTrackerTest.xml
Checking ./storm-core/target/surefire-reports/TEST-org.apache.storm.metric.internal.LatencyStatAndMetricTest.xml
Checking ./storm-core/target/surefire-reports/TEST-org.apache.storm.metric.filter.FilterByMetricNameTest.xml
Checking ./storm-core/target/surefire-reports/TEST-org.apache.storm.scheduler.resource.strategies.scheduling.TestDefaultResourceAwareStrategy.xml
Checking ./storm-core/target/surefire-reports/TEST-org.apache.storm.scheduler.resource.TestResourceAwareScheduler.xml
Checking ./storm-core/target/surefire-reports/TEST-org.apache.storm.scheduler.resource.TestUser.xml
Checking ./storm-core/target/surefire-reports/TEST-org.apache.storm.localizer.LocalizerTest.xml
Checking ./storm-core/target/surefire-reports/TEST-org.apache.storm.localizer.LocalizedResourceRetentionSetTest.xml
Checking ./storm-core/target/surefire-reports/TEST-org.apache.storm.localizer.LocalizedResourceSetTest.xml
Checking ./storm-core/target/surefire-reports/TEST-org.apache.storm.spout.CheckpointSpoutTest.xml
Checking ./storm-core/target/surefire-reports/TEST-org.apache.storm.blobstore.ClientBlobStoreTest.xml
Checking ./storm-core/target/surefire-reports/TEST-org.apache.storm.blobstore.BlobStoreTest.xml
Checking ./storm-core/target/surefire-reports/TEST-org.apache.storm.blobstore.BlobSynchronizerTest.xml
Checking ./storm-core/target/surefire-reports/TEST-org.apache.storm.topology.StatefulWindowedBoltExecutorTest.xml
Checking ./storm-core/target/surefire-reports/TEST-org.apache.storm.topology.TopologyBuilderTest.xml
Checking ./storm-core/target/surefire-reports/TEST-org.apache.storm.topology.StatefulBoltExecutorTest.xml
Checking ./storm-core/target/surefire-reports/TEST-org.apache.storm.topology.WindowedBoltExecutorTest.xml
Checking ./storm-core/target/surefire-reports/TEST-org.apache.storm.state.InMemoryKeyValueStateTest.xml
Checking ./storm-core/target/surefire-reports/TEST-org.apache.storm.windowing.WaterMarkEventGeneratorTest.xml
Checking ./storm-core/target/surefire-reports/TEST-org.apache.storm.windowing.WindowManagerTest.xml
Checking ./storm-core/target/surefire-reports/TEST-org.apache.storm.trident.TestTridentTopology.xml
Checking ./storm-core/target/surefire-reports/TEST-org.apache.storm.trident.TridentWindowingTest.xml

travis_time:end:1613f499:start=1467965956840086621,finish=1467966199706329163,duration=242866242542[0K
[31;1mThe command "/bin/bash ./dev-tools/travis/travis-script.sh `pwd` $MODULES" exited with 1.[0m
travis_fold:start:cache.2[0Kstore build cache
travis_time:start:29ee1f65[0K
travis_time:end:29ee1f65:start=1467966199711085232,finish=1467966199715195138,duration=4109906[0Ktravis_time:start:143c7dce[0K[32;1mchange detected (content changed, file is created, or file is deleted):
/home/travis/.m2/repository/eigenbase/eigenbase-properties/1.1.4/eigenbase-properties-1.1.4.pom.lastUpdated
/home/travis/.m2/repository/io/confluent/kafka-avro-serializer/1.0/kafka-avro-serializer-1.0.pom.lastUpdated
/home/travis/.m2/repository/io/confluent/kafka-schema-registry-client/1.0/kafka-schema-registry-client-1.0.pom.lastUpdated
/home/travis/.m2/repository/net/hydromatic/linq4j/0.4/linq4j-0.4.pom.lastUpdated
/home/travis/.m2/repository/net/hydromatic/quidem/0.1.1/quidem-0.1.1.pom.lastUpdated
/home/travis/.m2/repository/org/apache/storm/flux/2.0.0-SNAPSHOT/maven-metadata-local.xml
/home/travis/.m2/repository/org/apache/storm/flux/2.0.0-SNAPSHOT/_remote.repositories
/home/travis/.m2/repository/org/apache/storm/flux-core/2.0.0-SNAPSHOT/flux-core-2.0.0-SNAPSHOT.jar
/home/travis/.m2/repository/org/apache/storm/flux-core/2.0.0-SNAPSHOT/maven-metadata-local.xml
/home/travis/.m2/repository/org/apache/storm/flux-core/2.0.0-SNAPSHOT/_remote.repositories
/home/travis/.m2/repository/org/ap
[0m
[32;1m...
[0m
[32;1mchanges detected, packing new archive[0m
.
.
.
.
.
.
[32;1muploading archive[0m

travis_time:end:143c7dce:start=1467966199720021308,finish=1467966249031658781,duration=49311637473[0Ktravis_fold:end:cache.2[0K
Done. Your build exited with 1.
