Using worker: worker-linux-docker-dde1945b.prod.travis-ci.org:travis-linux-7

travis_fold:start:system_info[0K[33;1mBuild system information[0m
Build language: java
Build group: stable
Build dist: precise
[34m[1mBuild image provisioning date and time[0m
Thu Feb  5 15:09:33 UTC 2015
[34m[1mOperating System Details[0m
Distributor ID:	Ubuntu
Description:	Ubuntu 12.04.5 LTS
Release:	12.04
Codename:	precise
[34m[1mLinux Version[0m
3.13.0-29-generic
[34m[1mCookbooks Version[0m
a68419e https://github.com/travis-ci/travis-cookbooks/tree/a68419e
[34m[1mGCC version[0m
gcc (Ubuntu/Linaro 4.6.3-1ubuntu5) 4.6.3
Copyright (C) 2011 Free Software Foundation, Inc.
This is free software; see the source for copying conditions.  There is NO
warranty; not even for MERCHANTABILITY or FITNESS FOR A PARTICULAR PURPOSE.

[34m[1mLLVM version[0m
clang version 3.4 (tags/RELEASE_34/final)
Target: x86_64-unknown-linux-gnu
Thread model: posix
[34m[1mPre-installed Ruby versions[0m
ruby-1.9.3-p551
[34m[1mPre-installed Node.js versions[0m
v0.10.36
[34m[1mPre-installed Go versions[0m
1.4.1
[34m[1mRedis version[0m
redis-server 2.8.19
[34m[1mriak version[0m
2.0.2
[34m[1mMongoDB version[0m
MongoDB 2.4.12
[34m[1mCouchDB version[0m
couchdb 1.6.1
[34m[1mNeo4j version[0m
1.9.4
[34m[1mRabbitMQ Version[0m
3.4.3
[34m[1mElasticSearch version[0m
1.4.0
[34m[1mInstalled Sphinx versions[0m
2.0.10
2.1.9
2.2.6
[34m[1mDefault Sphinx version[0m
2.2.6
[34m[1mInstalled Firefox version[0m
firefox 31.0esr
[34m[1mPhantomJS version[0m
1.9.8
[34m[1mant -version[0m
Apache Ant(TM) version 1.8.2 compiled on December 3 2011
[34m[1mmvn -version[0m
Apache Maven 3.2.5 (12a6b3acb947671f09b81f49094c53f426d8cea1; 2014-12-14T17:29:23+00:00)
Maven home: /usr/local/maven
Java version: 1.7.0_76, vendor: Oracle Corporation
Java home: /usr/lib/jvm/java-7-oracle/jre
Default locale: en_US, platform encoding: ANSI_X3.4-1968
OS name: "linux", version: "3.13.0-29-generic", arch: "amd64", family: "unix"
travis_fold:end:system_info[0K
travis_fold:start:fix.CVE-2015-7547[0K$ export DEBIAN_FRONTEND=noninteractive
W: Size of file /var/lib/apt/lists/us.archive.ubuntu.com_ubuntu_dists_precise-backports_multiverse_source_Sources.gz is not what the server reported 5886 5888
W: Size of file /var/lib/apt/lists/ppa.launchpad.net_ubuntugis_ppa_ubuntu_dists_precise_main_binary-amd64_Packages.gz is not what the server reported 36669 36677
W: Size of file /var/lib/apt/lists/ppa.launchpad.net_ubuntugis_ppa_ubuntu_dists_precise_main_binary-i386_Packages.gz is not what the server reported 36729 36733
Reading package lists...
Building dependency tree...
Reading state information...
The following extra packages will be installed:
  libc-bin libc-dev-bin libc6-dev
Suggested packages:
  glibc-doc
The following packages will be upgraded:
  libc-bin libc-dev-bin libc6 libc6-dev
4 upgraded, 0 newly installed, 0 to remove and 248 not upgraded.
Need to get 8,840 kB of archives.
After this operation, 14.3 kB disk space will be freed.
Get:1 http://us.archive.ubuntu.com/ubuntu/ precise-updates/main libc6-dev amd64 2.15-0ubuntu10.15 [2,943 kB]
Get:2 http://us.archive.ubuntu.com/ubuntu/ precise-updates/main libc-dev-bin amd64 2.15-0ubuntu10.15 [84.7 kB]
Get:3 http://us.archive.ubuntu.com/ubuntu/ precise-updates/main libc-bin amd64 2.15-0ubuntu10.15 [1,177 kB]
Get:4 http://us.archive.ubuntu.com/ubuntu/ precise-updates/main libc6 amd64 2.15-0ubuntu10.15 [4,636 kB]
Fetched 8,840 kB in 0s (36.8 MB/s)
Preconfiguring packages ...
(Reading database ... (Reading database ... 5%(Reading database ... 10%(Reading database ... 15%(Reading database ... 20%(Reading database ... 25%(Reading database ... 30%(Reading database ... 35%(Reading database ... 40%(Reading database ... 45%(Reading database ... 50%(Reading database ... 55%(Reading database ... 60%(Reading database ... 65%(Reading database ... 70%(Reading database ... 75%(Reading database ... 80%(Reading database ... 85%(Reading database ... 90%(Reading database ... 95%(Reading database ... 100%(Reading database ... 72019 files and directories currently installed.)
Preparing to replace libc6-dev 2.15-0ubuntu10.10 (using .../libc6-dev_2.15-0ubuntu10.15_amd64.deb) ...
Unpacking replacement libc6-dev ...
Preparing to replace libc-dev-bin 2.15-0ubuntu10.10 (using .../libc-dev-bin_2.15-0ubuntu10.15_amd64.deb) ...
Unpacking replacement libc-dev-bin ...
Preparing to replace libc-bin 2.15-0ubuntu10.10 (using .../libc-bin_2.15-0ubuntu10.15_amd64.deb) ...
Unpacking replacement libc-bin ...
Processing triggers for man-db ...
Setting up libc-bin (2.15-0ubuntu10.15) ...
(Reading database ... (Reading database ... 5%(Reading database ... 10%(Reading database ... 15%(Reading database ... 20%(Reading database ... 25%(Reading database ... 30%(Reading database ... 35%(Reading database ... 40%(Reading database ... 45%(Reading database ... 50%(Reading database ... 55%(Reading database ... 60%(Reading database ... 65%(Reading database ... 70%(Reading database ... 75%(Reading database ... 80%(Reading database ... 85%(Reading database ... 90%(Reading database ... 95%(Reading database ... 100%(Reading database ... 72018 files and directories currently installed.)
Preparing to replace libc6 2.15-0ubuntu10.10 (using .../libc6_2.15-0ubuntu10.15_amd64.deb) ...
Unpacking replacement libc6 ...
Setting up libc6 (2.15-0ubuntu10.15) ...
Setting up libc-dev-bin (2.15-0ubuntu10.15) ...
Setting up libc6-dev (2.15-0ubuntu10.15) ...
Processing triggers for libc-bin ...
ldconfig deferred processing now taking place
travis_fold:end:fix.CVE-2015-7547[0Ktravis_fold:start:git.checkout[0Ktravis_time:start:08e94c56[0K$ git clone --depth=50 https://github.com/apache/storm.git apache/storm
Cloning into 'apache/storm'...
remote: Counting objects: 21075, done.[K
remote: Compressing objects:   0% (1/8393)   [Kremote: Compressing objects:   1% (84/8393)   [Kremote: Compressing objects:   2% (168/8393)   [Kremote: Compressing objects:   3% (252/8393)   [Kremote: Compressing objects:   4% (336/8393)   [Kremote: Compressing objects:   5% (420/8393)   [Kremote: Compressing objects:   6% (504/8393)   [Kremote: Compressing objects:   7% (588/8393)   [Kremote: Compressing objects:   8% (672/8393)   [Kremote: Compressing objects:   9% (756/8393)   [Kremote: Compressing objects:  10% (840/8393)   [Kremote: Compressing objects:  11% (924/8393)   [Kremote: Compressing objects:  12% (1008/8393)   [Kremote: Compressing objects:  13% (1092/8393)   [Kremote: Compressing objects:  14% (1176/8393)   [Kremote: Compressing objects:  15% (1259/8393)   [Kremote: Compressing objects:  16% (1343/8393)   [Kremote: Compressing objects:  17% (1427/8393)   [Kremote: Compressing objects:  18% (1511/8393)   [Kremote: Compressing objects:  19% (1595/8393)   [Kremote: Compressing objects:  20% (1679/8393)   [Kremote: Compressing objects:  21% (1763/8393)   [Kremote: Compressing objects:  22% (1847/8393)   [Kremote: Compressing objects:  23% (1931/8393)   [Kremote: Compressing objects:  24% (2015/8393)   [Kremote: Compressing objects:  25% (2099/8393)   [Kremote: Compressing objects:  26% (2183/8393)   [Kremote: Compressing objects:  27% (2267/8393)   [Kremote: Compressing objects:  28% (2351/8393)   [Kremote: Compressing objects:  29% (2434/8393)   [Kremote: Compressing objects:  30% (2518/8393)   [Kremote: Compressing objects:  31% (2602/8393)   [Kremote: Compressing objects:  32% (2686/8393)   [Kremote: Compressing objects:  33% (2770/8393)   [Kremote: Compressing objects:  34% (2854/8393)   [Kremote: Compressing objects:  35% (2938/8393)   [Kremote: Compressing objects:  36% (3022/8393)   [Kremote: Compressing objects:  37% (3106/8393)   [Kremote: Compressing objects:  38% (3190/8393)   [Kremote: Compressing objects:  39% (3274/8393)   [Kremote: Compressing objects:  40% (3358/8393)   [Kremote: Compressing objects:  41% (3442/8393)   [Kremote: Compressing objects:  42% (3526/8393)   [Kremote: Compressing objects:  43% (3609/8393)   [Kremote: Compressing objects:  44% (3693/8393)   [Kremote: Compressing objects:  45% (3777/8393)   [Kremote: Compressing objects:  46% (3861/8393)   [Kremote: Compressing objects:  47% (3945/8393)   [Kremote: Compressing objects:  48% (4029/8393)   [Kremote: Compressing objects:  49% (4113/8393)   [Kremote: Compressing objects:  50% (4197/8393)   [Kremote: Compressing objects:  51% (4281/8393)   [Kremote: Compressing objects:  52% (4365/8393)   [Kremote: Compressing objects:  53% (4449/8393)   [Kremote: Compressing objects:  54% (4533/8393)   [Kremote: Compressing objects:  55% (4617/8393)   [Kremote: Compressing objects:  56% (4701/8393)   [Kremote: Compressing objects:  57% (4785/8393)   [Kremote: Compressing objects:  58% (4868/8393)   [Kremote: Compressing objects:  59% (4952/8393)   [Kremote: Compressing objects:  60% (5036/8393)   [Kremote: Compressing objects:  61% (5120/8393)   [Kremote: Compressing objects:  62% (5204/8393)   [Kremote: Compressing objects:  63% (5288/8393)   [Kremote: Compressing objects:  64% (5372/8393)   [Kremote: Compressing objects:  65% (5456/8393)   [Kremote: Compressing objects:  66% (5540/8393)   [Kremote: Compressing objects:  67% (5624/8393)   [Kremote: Compressing objects:  68% (5708/8393)   [Kremote: Compressing objects:  69% (5792/8393)   [Kremote: Compressing objects:  70% (5876/8393)   [Kremote: Compressing objects:  71% (5960/8393)   [Kremote: Compressing objects:  72% (6043/8393)   [Kremote: Compressing objects:  73% (6127/8393)   [Kremote: Compressing objects:  74% (6211/8393)   [Kremote: Compressing objects:  75% (6295/8393)   [Kremote: Compressing objects:  76% (6379/8393)   [Kremote: Compressing objects:  77% (6463/8393)   [Kremote: Compressing objects:  78% (6547/8393)   [Kremote: Compressing objects:  79% (6631/8393)   [Kremote: Compressing objects:  80% (6715/8393)   [Kremote: Compressing objects:  81% (6799/8393)   [Kremote: Compressing objects:  82% (6883/8393)   [Kremote: Compressing objects:  83% (6967/8393)   [Kremote: Compressing objects:  84% (7051/8393)   [Kremote: Compressing objects:  85% (7135/8393)   [Kremote: Compressing objects:  86% (7218/8393)   [Kremote: Compressing objects:  87% (7302/8393)   [Kremote: Compressing objects:  88% (7386/8393)   [Kremote: Compressing objects:  89% (7470/8393)   [Kremote: Compressing objects:  90% (7554/8393)   [Kremote: Compressing objects:  91% (7638/8393)   [Kremote: Compressing objects:  92% (7722/8393)   [Kremote: Compressing objects:  93% (7806/8393)   [Kremote: Compressing objects:  94% (7890/8393)   [Kremote: Compressing objects:  95% (7974/8393)   [Kremote: Compressing objects:  96% (8058/8393)   [Kremote: Compressing objects:  97% (8142/8393)   [Kremote: Compressing objects:  98% (8226/8393)   [Kremote: Compressing objects:  99% (8310/8393)   [Kremote: Compressing objects: 100% (8393/8393)   [Kremote: Compressing objects: 100% (8393/8393), done.[K
Receiving objects:   0% (1/21075)   Receiving objects:   1% (211/21075)   Receiving objects:   2% (422/21075)   Receiving objects:   3% (633/21075)   Receiving objects:   4% (843/21075)   Receiving objects:   5% (1054/21075)   Receiving objects:   6% (1265/21075)   Receiving objects:   7% (1476/21075)   Receiving objects:   8% (1686/21075)   Receiving objects:   9% (1897/21075)   Receiving objects:  10% (2108/21075)   Receiving objects:  11% (2319/21075)   Receiving objects:  12% (2529/21075)   Receiving objects:  13% (2740/21075)   Receiving objects:  14% (2951/21075)   Receiving objects:  15% (3162/21075)   Receiving objects:  16% (3372/21075)   Receiving objects:  17% (3583/21075)   Receiving objects:  18% (3794/21075)   Receiving objects:  19% (4005/21075)   Receiving objects:  20% (4215/21075)   Receiving objects:  21% (4426/21075)   Receiving objects:  22% (4637/21075)   Receiving objects:  23% (4848/21075)   Receiving objects:  24% (5058/21075)   Receiving objects:  25% (5269/21075)   Receiving objects:  26% (5480/21075)   Receiving objects:  27% (5691/21075)   Receiving objects:  28% (5901/21075)   Receiving objects:  29% (6112/21075)   Receiving objects:  30% (6323/21075)   Receiving objects:  31% (6534/21075)   Receiving objects:  32% (6744/21075)   Receiving objects:  33% (6955/21075)   Receiving objects:  34% (7166/21075)   Receiving objects:  35% (7377/21075)   Receiving objects:  36% (7587/21075)   Receiving objects:  37% (7798/21075)   Receiving objects:  38% (8009/21075)   Receiving objects:  39% (8220/21075)   Receiving objects:  40% (8430/21075)   Receiving objects:  41% (8641/21075)   Receiving objects:  42% (8852/21075)   Receiving objects:  43% (9063/21075)   Receiving objects:  44% (9273/21075)   Receiving objects:  45% (9484/21075)   Receiving objects:  46% (9695/21075)   Receiving objects:  47% (9906/21075)   Receiving objects:  48% (10116/21075)   Receiving objects:  49% (10327/21075)   Receiving objects:  50% (10538/21075)   Receiving objects:  51% (10749/21075)   Receiving objects:  52% (10959/21075)   Receiving objects:  53% (11170/21075)   Receiving objects:  54% (11381/21075)   Receiving objects:  55% (11592/21075)   Receiving objects:  56% (11802/21075)   Receiving objects:  57% (12013/21075)   Receiving objects:  58% (12224/21075)   Receiving objects:  59% (12435/21075)   Receiving objects:  60% (12645/21075)   Receiving objects:  61% (12856/21075)   Receiving objects:  62% (13067/21075)   Receiving objects:  63% (13278/21075)   Receiving objects:  64% (13488/21075)   Receiving objects:  65% (13699/21075)   Receiving objects:  66% (13910/21075)   Receiving objects:  67% (14121/21075)   Receiving objects:  68% (14331/21075)   Receiving objects:  69% (14542/21075)   Receiving objects:  70% (14753/21075)   Receiving objects:  71% (14964/21075)   Receiving objects:  72% (15174/21075)   Receiving objects:  73% (15385/21075)   Receiving objects:  74% (15596/21075)   Receiving objects:  75% (15807/21075)   Receiving objects:  76% (16017/21075)   Receiving objects:  77% (16228/21075)   Receiving objects:  78% (16439/21075), 13.88 MiB | 27.70 MiB/s   Receiving objects:  79% (16650/21075), 13.88 MiB | 27.70 MiB/s   Receiving objects:  80% (16860/21075), 13.88 MiB | 27.70 MiB/s   Receiving objects:  81% (17071/21075), 13.88 MiB | 27.70 MiB/s   Receiving objects:  82% (17282/21075), 13.88 MiB | 27.70 MiB/s   Receiving objects:  83% (17493/21075), 13.88 MiB | 27.70 MiB/s   Receiving objects:  84% (17703/21075), 13.88 MiB | 27.70 MiB/s   Receiving objects:  85% (17914/21075), 13.88 MiB | 27.70 MiB/s   Receiving objects:  86% (18125/21075), 13.88 MiB | 27.70 MiB/s   Receiving objects:  87% (18336/21075), 13.88 MiB | 27.70 MiB/s   Receiving objects:  88% (18546/21075), 13.88 MiB | 27.70 MiB/s   Receiving objects:  89% (18757/21075), 13.88 MiB | 27.70 MiB/s   Receiving objects:  90% (18968/21075), 13.88 MiB | 27.70 MiB/s   Receiving objects:  91% (19179/21075), 13.88 MiB | 27.70 MiB/s   Receiving objects:  92% (19389/21075), 13.88 MiB | 27.70 MiB/s   Receiving objects:  93% (19600/21075), 13.88 MiB | 27.70 MiB/s   Receiving objects:  94% (19811/21075), 13.88 MiB | 27.70 MiB/s   Receiving objects:  95% (20022/21075), 13.88 MiB | 27.70 MiB/s   Receiving objects:  96% (20232/21075), 13.88 MiB | 27.70 MiB/s   Receiving objects:  97% (20443/21075), 13.88 MiB | 27.70 MiB/s   Receiving objects:  98% (20654/21075), 13.88 MiB | 27.70 MiB/s   Receiving objects:  99% (20865/21075), 13.88 MiB | 27.70 MiB/s   remote: Total 21075 (delta 10163), reused 18249 (delta 7925), pack-reused 0[K
Receiving objects: 100% (21075/21075), 13.88 MiB | 27.70 MiB/s   Receiving objects: 100% (21075/21075), 17.13 MiB | 27.70 MiB/s, done.
Resolving deltas:   0% (0/10163)   Resolving deltas:   1% (115/10163)   Resolving deltas:   2% (233/10163)   Resolving deltas:   3% (368/10163)   Resolving deltas:   4% (407/10163)   Resolving deltas:   5% (511/10163)   Resolving deltas:   6% (612/10163)   Resolving deltas:   7% (718/10163)   Resolving deltas:   8% (850/10163)   Resolving deltas:   9% (917/10163)   Resolving deltas:  10% (1017/10163)   Resolving deltas:  11% (1120/10163)   Resolving deltas:  12% (1231/10163)   Resolving deltas:  13% (1325/10163)   Resolving deltas:  14% (1427/10163)   Resolving deltas:  15% (1525/10163)   Resolving deltas:  16% (1633/10163)   Resolving deltas:  17% (1732/10163)   Resolving deltas:  18% (1833/10163)   Resolving deltas:  19% (1938/10163)   Resolving deltas:  20% (2033/10163)   Resolving deltas:  21% (2136/10163)   Resolving deltas:  22% (2240/10163)   Resolving deltas:  23% (2343/10163)   Resolving deltas:  24% (2444/10163)   Resolving deltas:  25% (2542/10163)   Resolving deltas:  26% (2645/10163)   Resolving deltas:  27% (2775/10163)   Resolving deltas:  28% (2868/10163)   Resolving deltas:  32% (3296/10163)   Resolving deltas:  33% (3356/10163)   Resolving deltas:  36% (3660/10163)   Resolving deltas:  37% (3765/10163)   Resolving deltas:  38% (3864/10163)   Resolving deltas:  39% (3965/10163)   Resolving deltas:  40% (4066/10163)   Resolving deltas:  41% (4167/10163)   Resolving deltas:  42% (4282/10163)   Resolving deltas:  43% (4386/10163)   Resolving deltas:  44% (4476/10163)   Resolving deltas:  45% (4575/10163)   Resolving deltas:  46% (4677/10163)   Resolving deltas:  47% (4789/10163)   Resolving deltas:  48% (4879/10163)   Resolving deltas:  49% (4984/10163)   Resolving deltas:  50% (5084/10163)   Resolving deltas:  51% (5193/10163)   Resolving deltas:  52% (5311/10163)   Resolving deltas:  53% (5390/10163)   Resolving deltas:  54% (5504/10163)   Resolving deltas:  55% (5591/10163)   Resolving deltas:  56% (5756/10163)   Resolving deltas:  57% (5793/10163)   Resolving deltas:  58% (5901/10163)   Resolving deltas:  59% (6004/10163)   Resolving deltas:  60% (6099/10163)   Resolving deltas:  61% (6204/10163)   Resolving deltas:  62% (6303/10163)   Resolving deltas:  63% (6404/10163)   Resolving deltas:  64% (6547/10163)   Resolving deltas:  65% (6615/10163)   Resolving deltas:  66% (6769/10163)   Resolving deltas:  68% (6914/10163)   Resolving deltas:  74% (7605/10163)   Resolving deltas:  75% (7635/10163)   Resolving deltas:  77% (7831/10163)   Resolving deltas:  78% (7947/10163)   Resolving deltas:  79% (8029/10163)   Resolving deltas:  80% (8147/10163)   Resolving deltas:  81% (8239/10163)   Resolving deltas:  82% (8334/10163)   Resolving deltas:  83% (8449/10163)   Resolving deltas:  84% (8559/10163)   Resolving deltas:  85% (8648/10163)   Resolving deltas:  86% (8760/10163)   Resolving deltas:  87% (8849/10163)   Resolving deltas:  88% (8944/10163)   Resolving deltas:  89% (9091/10163)   Resolving deltas:  90% (9193/10163)   Resolving deltas:  91% (9326/10163)   Resolving deltas:  92% (9359/10163)   Resolving deltas:  93% (9456/10163)   Resolving deltas:  94% (9558/10163)   Resolving deltas:  95% (9655/10163)   Resolving deltas:  96% (9759/10163)   Resolving deltas:  97% (9860/10163)   Resolving deltas:  98% (9980/10163)   Resolving deltas:  99% (10062/10163)   Resolving deltas: 100% (10163/10163)   Resolving deltas: 100% (10163/10163), done.
Checking connectivity... done.

travis_time:end:08e94c56:start=1468022995320302037,finish=1468022997880953923,duration=2560651886[0K$ cd apache/storm
travis_time:start:0394ecb4[0K$ git fetch origin +refs/pull/1546/merge:
remote: Counting objects: 4624, done.[K
remote: Compressing objects:   0% (1/2002)   [Kremote: Compressing objects:   1% (21/2002)   [Kremote: Compressing objects:   2% (41/2002)   [Kremote: Compressing objects:   3% (61/2002)   [Kremote: Compressing objects:   4% (81/2002)   [Kremote: Compressing objects:   5% (101/2002)   [Kremote: Compressing objects:   6% (121/2002)   [Kremote: Compressing objects:   7% (141/2002)   [Kremote: Compressing objects:   8% (161/2002)   [Kremote: Compressing objects:   9% (181/2002)   [Kremote: Compressing objects:  10% (201/2002)   [Kremote: Compressing objects:  11% (221/2002)   [Kremote: Compressing objects:  12% (241/2002)   [Kremote: Compressing objects:  13% (261/2002)   [Kremote: Compressing objects:  14% (281/2002)   [Kremote: Compressing objects:  15% (301/2002)   [Kremote: Compressing objects:  16% (321/2002)   [Kremote: Compressing objects:  17% (341/2002)   [Kremote: Compressing objects:  18% (361/2002)   [Kremote: Compressing objects:  19% (381/2002)   [Kremote: Compressing objects:  20% (401/2002)   [Kremote: Compressing objects:  21% (421/2002)   [Kremote: Compressing objects:  22% (441/2002)   [Kremote: Compressing objects:  23% (461/2002)   [Kremote: Compressing objects:  24% (481/2002)   [Kremote: Compressing objects:  25% (501/2002)   [Kremote: Compressing objects:  26% (521/2002)   [Kremote: Compressing objects:  27% (541/2002)   [Kremote: Compressing objects:  28% (561/2002)   [Kremote: Compressing objects:  29% (581/2002)   [Kremote: Compressing objects:  30% (601/2002)   [Kremote: Compressing objects:  31% (621/2002)   [Kremote: Compressing objects:  32% (641/2002)   [Kremote: Compressing objects:  33% (661/2002)   [Kremote: Compressing objects:  34% (681/2002)   [Kremote: Compressing objects:  35% (701/2002)   [Kremote: Compressing objects:  36% (721/2002)   [Kremote: Compressing objects:  37% (741/2002)   [Kremote: Compressing objects:  38% (761/2002)   [Kremote: Compressing objects:  39% (781/2002)   [Kremote: Compressing objects:  40% (801/2002)   [Kremote: Compressing objects:  41% (821/2002)   [Kremote: Compressing objects:  42% (841/2002)   [Kremote: Compressing objects:  43% (861/2002)   [Kremote: Compressing objects:  44% (881/2002)   [Kremote: Compressing objects:  45% (901/2002)   [Kremote: Compressing objects:  46% (921/2002)   [Kremote: Compressing objects:  47% (941/2002)   [Kremote: Compressing objects:  48% (961/2002)   [Kremote: Compressing objects:  49% (981/2002)   [Kremote: Compressing objects:  50% (1001/2002)   [Kremote: Compressing objects:  51% (1022/2002)   [Kremote: Compressing objects:  52% (1042/2002)   [Kremote: Compressing objects:  53% (1062/2002)   [Kremote: Compressing objects:  54% (1082/2002)   [Kremote: Compressing objects:  55% (1102/2002)   [Kremote: Compressing objects:  56% (1122/2002)   [Kremote: Compressing objects:  57% (1142/2002)   [Kremote: Compressing objects:  58% (1162/2002)   [Kremote: Compressing objects:  59% (1182/2002)   [Kremote: Compressing objects:  60% (1202/2002)   [Kremote: Compressing objects:  61% (1222/2002)   [Kremote: Compressing objects:  62% (1242/2002)   [Kremote: Compressing objects:  63% (1262/2002)   [Kremote: Compressing objects:  64% (1282/2002)   [Kremote: Compressing objects:  65% (1302/2002)   [Kremote: Compressing objects:  66% (1322/2002)   [Kremote: Compressing objects:  67% (1342/2002)   [Kremote: Compressing objects:  68% (1362/2002)   [Kremote: Compressing objects:  69% (1382/2002)   [Kremote: Compressing objects:  70% (1402/2002)   [Kremote: Compressing objects:  71% (1422/2002)   [Kremote: Compressing objects:  72% (1442/2002)   [Kremote: Compressing objects:  73% (1462/2002)   [Kremote: Compressing objects:  74% (1482/2002)   [Kremote: Compressing objects:  75% (1502/2002)   [Kremote: Compressing objects:  76% (1522/2002)   [Kremote: Compressing objects:  77% (1542/2002)   [Kremote: Compressing objects:  78% (1562/2002)   [Kremote: Compressing objects:  79% (1582/2002)   [Kremote: Compressing objects:  80% (1602/2002)   [Kremote: Compressing objects:  81% (1622/2002)   [Kremote: Compressing objects:  82% (1642/2002)   [Kremote: Compressing objects:  83% (1662/2002)   [Kremote: Compressing objects:  84% (1682/2002)   [Kremote: Compressing objects:  85% (1702/2002)   [Kremote: Compressing objects:  86% (1722/2002)   [Kremote: Compressing objects:  87% (1742/2002)   [Kremote: Compressing objects:  88% (1762/2002)   [Kremote: Compressing objects:  89% (1782/2002)   [Kremote: Compressing objects:  90% (1802/2002)   [Kremote: Compressing objects:  91% (1822/2002)   [Kremote: Compressing objects:  92% (1842/2002)   [Kremote: Compressing objects:  93% (1862/2002)   [Kremote: Compressing objects:  94% (1882/2002)   [Kremote: Compressing objects:  95% (1902/2002)   [Kremote: Compressing objects:  96% (1922/2002)   [Kremote: Compressing objects:  97% (1942/2002)   [Kremote: Compressing objects:  98% (1962/2002)   [Kremote: Compressing objects:  99% (1982/2002)   [Kremote: Compressing objects: 100% (2002/2002)   [Kremote: Compressing objects: 100% (2002/2002), done.[K
Receiving objects:   0% (1/4624)   Receiving objects:   1% (47/4624)   Receiving objects:   2% (93/4624)   Receiving objects:   3% (139/4624)   Receiving objects:   4% (185/4624)   Receiving objects:   5% (232/4624)   Receiving objects:   6% (278/4624)   Receiving objects:   7% (324/4624)   Receiving objects:   8% (370/4624)   Receiving objects:   9% (417/4624)   Receiving objects:  10% (463/4624)   Receiving objects:  11% (509/4624)   Receiving objects:  12% (555/4624)   Receiving objects:  13% (602/4624)   Receiving objects:  14% (648/4624)   Receiving objects:  15% (694/4624)   Receiving objects:  16% (740/4624)   Receiving objects:  17% (787/4624)   Receiving objects:  18% (833/4624)   Receiving objects:  19% (879/4624)   Receiving objects:  20% (925/4624)   Receiving objects:  21% (972/4624)   Receiving objects:  22% (1018/4624)   Receiving objects:  23% (1064/4624)   Receiving objects:  24% (1110/4624)   Receiving objects:  25% (1156/4624)   Receiving objects:  26% (1203/4624)   Receiving objects:  27% (1249/4624)   Receiving objects:  28% (1295/4624)   Receiving objects:  29% (1341/4624)   Receiving objects:  30% (1388/4624)   Receiving objects:  31% (1434/4624)   Receiving objects:  32% (1480/4624)   Receiving objects:  33% (1526/4624)   Receiving objects:  34% (1573/4624)   Receiving objects:  35% (1619/4624)   Receiving objects:  36% (1665/4624)   Receiving objects:  37% (1711/4624)   Receiving objects:  38% (1758/4624)   Receiving objects:  39% (1804/4624)   Receiving objects:  40% (1850/4624)   Receiving objects:  41% (1896/4624)   Receiving objects:  42% (1943/4624)   Receiving objects:  43% (1989/4624)   Receiving objects:  44% (2035/4624)   Receiving objects:  45% (2081/4624)   Receiving objects:  46% (2128/4624)   Receiving objects:  47% (2174/4624)   Receiving objects:  48% (2220/4624)   Receiving objects:  49% (2266/4624)   Receiving objects:  50% (2312/4624)   Receiving objects:  51% (2359/4624)   Receiving objects:  52% (2405/4624)   Receiving objects:  53% (2451/4624)   Receiving objects:  54% (2497/4624)   Receiving objects:  55% (2544/4624)   Receiving objects:  56% (2590/4624)   Receiving objects:  57% (2636/4624)   Receiving objects:  58% (2682/4624)   Receiving objects:  59% (2729/4624)   Receiving objects:  60% (2775/4624)   Receiving objects:  61% (2821/4624)   Receiving objects:  62% (2867/4624)   Receiving objects:  63% (2914/4624)   Receiving objects:  64% (2960/4624)   Receiving objects:  65% (3006/4624)   Receiving objects:  66% (3052/4624)   Receiving objects:  67% (3099/4624)   Receiving objects:  68% (3145/4624)   Receiving objects:  69% (3191/4624)   Receiving objects:  70% (3237/4624)   Receiving objects:  71% (3284/4624)   Receiving objects:  72% (3330/4624)   Receiving objects:  73% (3376/4624)   Receiving objects:  74% (3422/4624)   Receiving objects:  75% (3468/4624)   Receiving objects:  76% (3515/4624)   Receiving objects:  77% (3561/4624)   Receiving objects:  78% (3607/4624)   Receiving objects:  79% (3653/4624)   Receiving objects:  80% (3700/4624)   Receiving objects:  81% (3746/4624)   Receiving objects:  82% (3792/4624)   Receiving objects:  83% (3838/4624)   Receiving objects:  84% (3885/4624)   Receiving objects:  85% (3931/4624)   Receiving objects:  86% (3977/4624)   Receiving objects:  87% (4023/4624)   Receiving objects:  88% (4070/4624)   Receiving objects:  89% (4116/4624)   Receiving objects:  90% (4162/4624)   Receiving objects:  91% (4208/4624)   remote: Total 4624 (delta 2129), reused 4065 (delta 1628), pack-reused 0[K
Receiving objects:  92% (4255/4624)   Receiving objects:  93% (4301/4624)   Receiving objects:  94% (4347/4624)   Receiving objects:  95% (4393/4624)   Receiving objects:  96% (4440/4624)   Receiving objects:  97% (4486/4624)   Receiving objects:  98% (4532/4624)   Receiving objects:  99% (4578/4624)   Receiving objects: 100% (4624/4624)   Receiving objects: 100% (4624/4624), 918.37 KiB | 0 bytes/s, done.
Resolving deltas:   0% (0/2129)   Resolving deltas:   2% (49/2129)   Resolving deltas:   4% (100/2129)   Resolving deltas:   5% (107/2129)   Resolving deltas:   6% (140/2129)   Resolving deltas:   8% (172/2129)   Resolving deltas:  12% (260/2129)   Resolving deltas:  13% (284/2129)   Resolving deltas:  14% (299/2129)   Resolving deltas:  15% (324/2129)   Resolving deltas:  16% (347/2129)   Resolving deltas:  25% (546/2129)   Resolving deltas:  26% (556/2129)   Resolving deltas:  27% (575/2129)   Resolving deltas:  28% (598/2129)   Resolving deltas:  29% (618/2129)   Resolving deltas:  30% (651/2129)   Resolving deltas:  31% (661/2129)   Resolving deltas:  32% (682/2129)   Resolving deltas:  33% (703/2129)   Resolving deltas:  34% (724/2129)   Resolving deltas:  35% (749/2129)   Resolving deltas:  37% (803/2129)   Resolving deltas:  38% (818/2129)   Resolving deltas:  39% (833/2129)   Resolving deltas:  40% (852/2129)   Resolving deltas:  41% (876/2129)   Resolving deltas:  43% (935/2129)   Resolving deltas:  44% (949/2129)   Resolving deltas:  45% (959/2129)   Resolving deltas:  46% (984/2129)   Resolving deltas:  47% (1007/2129)   Resolving deltas:  49% (1044/2129)   Resolving deltas:  50% (1070/2129)   Resolving deltas:  52% (1128/2129)   Resolving deltas:  60% (1283/2129)   Resolving deltas:  61% (1307/2129)   Resolving deltas:  62% (1326/2129)   Resolving deltas:  63% (1342/2129)   Resolving deltas:  64% (1363/2129)   Resolving deltas:  65% (1400/2129)   Resolving deltas:  66% (1419/2129)   Resolving deltas:  67% (1429/2129)   Resolving deltas:  68% (1448/2129)   Resolving deltas:  69% (1474/2129)   Resolving deltas:  70% (1492/2129)   Resolving deltas:  71% (1513/2129)   Resolving deltas:  72% (1547/2129)   Resolving deltas:  73% (1560/2129)   Resolving deltas:  76% (1638/2129)   Resolving deltas:  77% (1644/2129)   Resolving deltas:  78% (1667/2129)   Resolving deltas:  79% (1683/2129)   Resolving deltas:  80% (1704/2129)   Resolving deltas:  81% (1728/2129)   Resolving deltas:  82% (1747/2129)   Resolving deltas:  83% (1769/2129)   Resolving deltas:  84% (1791/2129)   Resolving deltas:  85% (1814/2129)   Resolving deltas:  86% (1836/2129)   Resolving deltas:  87% (1854/2129)   Resolving deltas:  88% (1876/2129)   Resolving deltas:  90% (1928/2129)   Resolving deltas:  91% (1939/2129)   Resolving deltas:  92% (1959/2129)   Resolving deltas:  93% (1980/2129)   Resolving deltas:  94% (2003/2129)   Resolving deltas:  95% (2023/2129)   Resolving deltas:  96% (2047/2129)   Resolving deltas:  97% (2079/2129)   Resolving deltas:  98% (2096/2129)   Resolving deltas:  99% (2116/2129)   Resolving deltas: 100% (2129/2129)   Resolving deltas: 100% (2129/2129), completed with 199 local objects.
From https://github.com/apache/storm
 * branch            refs/pull/1546/merge -> FETCH_HEAD

travis_time:end:0394ecb4:start=1468022997884734143,finish=1468022998696972252,duration=812238109[0K$ git checkout -qf FETCH_HEAD
travis_fold:end:git.checkout[0K
[33;1mThis job is running on container-based infrastructure, which does not allow use of 'sudo', setuid and setguid executables.[0m
[33;1mIf you require sudo, add 'sudo: required' to your .travis.yml[0m
[33;1mSee https://docs.travis-ci.com/user/workers/container-based-infrastructure/ for details.[0m

[33;1mSetting environment variables from .travis.yml[0m
$ export MODULES=storm-core

$ jdk_switcher use oraclejdk8
Switching to Oracle JDK8 (java-8-oracle), JAVA_HOME will be set to /usr/lib/jvm/java-8-oracle
travis_fold:start:cache.1[0KSetting up build cache
$ export CASHER_DIR=$HOME/.casher
travis_time:start:016f4487[0K$ Installing caching utilities

travis_time:end:016f4487:start=1468023000621525098,finish=1468023000686280243,duration=64755145[0Ktravis_time:start:1f933ec2[0K
travis_time:end:1f933ec2:start=1468023000691094710,finish=1468023000694275142,duration=3180432[0Ktravis_time:start:0b312ac4[0K[32;1mattempting to download cache archive[0m
[32;1mfetching PR.1546/cache-linux-precise-4722ea394922d42b2b7eb84cff6efc764d76759821ac6f6efc13232aa923f595--jdk-oraclejdk8.tgz[0m
[32;1mfound cache[0m

travis_time:end:0b312ac4:start=1468023000698104537,finish=1468023012805902062,duration=12107797525[0Ktravis_time:start:0d2f4d03[0K
travis_time:end:0d2f4d03:start=1468023012809683204,finish=1468023012812926346,duration=3243142[0Ktravis_time:start:007c8ff6[0K[32;1madding /home/travis/.m2/repository to cache[0m
[32;1madding /home/travis/.rvm to cache[0m
[32;1madding /home/travis/.nvm to cache[0m

travis_time:end:007c8ff6:start=1468023012816623310,finish=1468023027408010061,duration=14591386751[0Ktravis_fold:end:cache.1[0K$ java -Xmx32m -version
java version "1.8.0_31"
Java(TM) SE Runtime Environment (build 1.8.0_31-b13)
Java HotSpot(TM) 64-Bit Server VM (build 25.31-b07, mixed mode)
$ javac -J-Xmx32m -version
javac 1.8.0_31
travis_fold:start:before_install.1[0Ktravis_time:start:05ca0797[0K$ rvm use 2.1.5 --install
[32mUsing /home/travis/.rvm/gems/ruby-2.1.5[0m

travis_time:end:05ca0797:start=1468023027875840972,finish=1468023028120091348,duration=244250376[0Ktravis_fold:end:before_install.1[0Ktravis_fold:start:before_install.2[0Ktravis_time:start:06126610[0K$ nvm install 0.12.2
v0.12.2 is already installed.
Now using node v0.12.2

travis_time:end:06126610:start=1468023028124173244,finish=1468023028363169467,duration=238996223[0Ktravis_fold:end:before_install.2[0Ktravis_fold:start:before_install.3[0Ktravis_time:start:04e161d8[0K$ nvm use 0.12.2
Now using node v0.12.2

travis_time:end:04e161d8:start=1468023028367337400,finish=1468023028423350468,duration=56013068[0Ktravis_fold:end:before_install.3[0Ktravis_fold:start:install[0Ktravis_time:start:00746f48[0K$ /bin/bash ./dev-tools/travis/travis-install.sh `pwd`
Python version :   Python 2.7.3
Java HotSpot(TM) 64-Bit Server VM warning: ignoring option MaxPermSize=192m; support was removed in 8.0
Maven version  :   Apache Maven 3.2.5 (12a6b3acb947671f09b81f49094c53f426d8cea1; 2014-12-14T17:29:23+00:00) Maven home: /usr/local/maven Java version: 1.8.0_31, vendor: Oracle Corporation Java home: /usr/lib/jvm/java-8-oracle/jre Default locale: en_US, platform encoding: UTF-8 OS name: "linux", version: "3.13.0-40-generic", arch: "amd64", family: "unix"
['mvn', 'clean', 'install', '-DskipTests', '-Pnative', '--batch-mode'] writing to install.txt
1 seconds 2 log lines12 seconds 85 log lines22 seconds 233 log lines52 seconds 309 log lines72 seconds 317 log lines82 seconds 467 log lines99 seconds 619 log lines111 seconds 758 log lines126 seconds 835 log lines136 seconds 883 log lines146 seconds 947 log lines158 seconds 1267 log lines168 seconds 1571 log lines178 seconds 1717 log lines188 seconds 2096 log lines203 seconds 2252 log lines216 seconds 2547 log lines216 seconds 2548 log lines
['mvn', 'clean', 'install', '-DskipTests', '-Pnative', '--batch-mode'] done 0

travis_time:end:00746f48:start=1468023028427599671,finish=1468023244816339598,duration=216388739927[0Ktravis_fold:end:install[0Ktravis_time:start:1181bce3[0K$ /bin/bash ./dev-tools/travis/travis-script.sh `pwd` $MODULES
Python version :   Python 2.7.3
Ruby version   :   ruby 2.1.5p273 (2014-11-13 revision 48405) [x86_64-linux]
NodeJs version :   v0.12.2
Java HotSpot(TM) 64-Bit Server VM warning: ignoring option MaxPermSize=192m; support was removed in 8.0
Maven version  :   Apache Maven 3.2.5 (12a6b3acb947671f09b81f49094c53f426d8cea1; 2014-12-14T17:29:23+00:00) Maven home: /usr/local/maven Java version: 1.8.0_31, vendor: Oracle Corporation Java home: /usr/lib/jvm/java-8-oracle/jre Default locale: en_US, platform encoding: UTF-8 OS name: "linux", version: "3.13.0-40-generic", arch: "amd64", family: "unix"
Java HotSpot(TM) 64-Bit Server VM warning: ignoring option MaxPermSize=192m; support was removed in 8.0
[INFO] Scanning for projects...
[INFO]                                                                         
[INFO] ------------------------------------------------------------------------
[INFO] Building Storm Core 1.1.0-SNAPSHOT
[INFO] ------------------------------------------------------------------------
[INFO] 
[INFO] --- exec-maven-plugin:1.2.1:exec (default) @ storm-core ---
[INFO] 
[INFO] --- maven-remote-resources-plugin:1.2.1:process (default) @ storm-core ---
[INFO] 
[INFO] --- storm-maven-plugins:1.1.0-SNAPSHOT:version-info (version-info) @ storm-core ---
[WARNING] [svn, info] failed with error code 1
[INFO] SCM: GIT
[INFO] Computed MD5: ec91b9d85f3da2174324c3abedc7138d
[INFO] 
[INFO] --- maven-resources-plugin:2.5:resources (default-resources) @ storm-core ---
[debug] execute contextualize
[INFO] Using 'UTF-8' encoding to copy filtered resources.
[INFO] Copying 8 resources
[INFO] Copying 1 resource to META-INF
[INFO] Copying 0 resource
[INFO] Copying 1 resource
[INFO] Copying 3 resources
[INFO] 
[INFO] --- maven-compiler-plugin:3.1:compile (default-compile) @ storm-core ---
[INFO] Nothing to compile - all classes are up to date
[INFO] 
[INFO] --- clojure-maven-plugin:1.7.1:compile (compile-clojure) @ storm-core ---
Compiling org.apache.storm.command.deactivate to /home/travis/build/apache/storm/storm-core/target/classes
Compiling org.apache.storm.trident.testing to /home/travis/build/apache/storm/storm-core/target/classes
Compiling org.apache.storm.command.blobstore to /home/travis/build/apache/storm/storm-core/target/classes
Compiling org.apache.storm.stats to /home/travis/build/apache/storm/storm-core/target/classes
Compiling org.apache.storm.command.set-log-level to /home/travis/build/apache/storm/storm-core/target/classes
Compiling org.apache.storm.daemon.drpc to /home/travis/build/apache/storm/storm-core/target/classes
Compiling org.apache.storm.command.dev-zookeeper to /home/travis/build/apache/storm/storm-core/target/classes
Compiling org.apache.storm.local-state to /home/travis/build/apache/storm/storm-core/target/classes
Compiling org.apache.storm.cluster to /home/travis/build/apache/storm/storm-core/target/classes
Compiling org.apache.storm.testing to /home/travis/build/apache/storm/storm-core/target/classes
Compiling org.apache.storm.command.heartbeats to /home/travis/build/apache/storm/storm-core/target/classes
WARNING: reverse already refers to: #'clojure.core/reverse in namespace: org.apache.storm.command.heartbeats, being replaced by: #'clojure.string/reverse
WARNING: replace already refers to: #'clojure.core/replace in namespace: org.apache.storm.command.heartbeats, being replaced by: #'clojure.string/replace
Compiling org.apache.storm.daemon.builtin-metrics to /home/travis/build/apache/storm/storm-core/target/classes
Compiling org.apache.storm.process-simulator to /home/travis/build/apache/storm/storm-core/target/classes
Compiling org.apache.storm.daemon.acker to /home/travis/build/apache/storm/storm-core/target/classes
Compiling org.apache.storm.log to /home/travis/build/apache/storm/storm-core/target/classes
Compiling org.apache.storm.daemon.common to /home/travis/build/apache/storm/storm-core/target/classes
Compiling org.apache.storm.command.healthcheck to /home/travis/build/apache/storm/storm-core/target/classes
Compiling org.apache.storm.scheduler.EvenScheduler to /home/travis/build/apache/storm/storm-core/target/classes
Compiling org.apache.storm.command.kill-workers to /home/travis/build/apache/storm/storm-core/target/classes
Compiling org.apache.storm.scheduler.IsolationScheduler to /home/travis/build/apache/storm/storm-core/target/classes
Compiling org.apache.storm.command.monitor to /home/travis/build/apache/storm/storm-core/target/classes
Compiling org.apache.storm.timer to /home/travis/build/apache/storm/storm-core/target/classes
Compiling org.apache.storm.config to /home/travis/build/apache/storm/storm-core/target/classes
Compiling org.apache.storm.LocalCluster to /home/travis/build/apache/storm/storm-core/target/classes
Compiling org.apache.storm.thrift to /home/travis/build/apache/storm/storm-core/target/classes
Compiling org.apache.storm.daemon.logviewer to /home/travis/build/apache/storm/storm-core/target/classes
Compiling org.apache.storm.blobstore to /home/travis/build/apache/storm/storm-core/target/classes
Compiling org.apache.storm.zookeeper to /home/travis/build/apache/storm/storm-core/target/classes
Compiling org.apache.storm.clojure to /home/travis/build/apache/storm/storm-core/target/classes
Compiling org.apache.storm.command.rebalance to /home/travis/build/apache/storm/storm-core/target/classes
Compiling org.apache.storm.command.kill-topology to /home/travis/build/apache/storm/storm-core/target/classes
Compiling org.apache.storm.LocalDRPC to /home/travis/build/apache/storm/storm-core/target/classes
Compiling org.apache.storm.messaging.local to /home/travis/build/apache/storm/storm-core/target/classes
Compiling org.apache.storm.daemon.executor to /home/travis/build/apache/storm/storm-core/target/classes
Compiling org.apache.storm.event to /home/travis/build/apache/storm/storm-core/target/classes
Compiling org.apache.storm.daemon.supervisor to /home/travis/build/apache/storm/storm-core/target/classes
Compiling org.apache.storm.command.activate to /home/travis/build/apache/storm/storm-core/target/classes
Compiling org.apache.storm.command.shell-submission to /home/travis/build/apache/storm/storm-core/target/classes
Compiling org.apache.storm.MockAutoCred to /home/travis/build/apache/storm/storm-core/target/classes
Compiling org.apache.storm.command.get-errors to /home/travis/build/apache/storm/storm-core/target/classes
Compiling org.apache.storm.pacemaker.pacemaker to /home/travis/build/apache/storm/storm-core/target/classes
Compiling org.apache.storm.testing4j to /home/travis/build/apache/storm/storm-core/target/classes
Compiling org.apache.storm.metric.testing to /home/travis/build/apache/storm/storm-core/target/classes
Compiling org.apache.storm.ui.core to /home/travis/build/apache/storm/storm-core/target/classes
Compiling org.apache.storm.command.upload-credentials to /home/travis/build/apache/storm/storm-core/target/classes
Compiling org.apache.storm.ui.helpers to /home/travis/build/apache/storm/storm-core/target/classes
Compiling org.apache.storm.scheduler.DefaultScheduler to /home/travis/build/apache/storm/storm-core/target/classes
Compiling org.apache.storm.command.list to /home/travis/build/apache/storm/storm-core/target/classes
Compiling org.apache.storm.pacemaker.pacemaker-state-factory to /home/travis/build/apache/storm/storm-core/target/classes
Compiling org.apache.storm.disruptor to /home/travis/build/apache/storm/storm-core/target/classes
Compiling org.apache.storm.util to /home/travis/build/apache/storm/storm-core/target/classes
Compiling org.apache.storm.daemon.task to /home/travis/build/apache/storm/storm-core/target/classes
Compiling org.apache.storm.command.config-value to /home/travis/build/apache/storm/storm-core/target/classes
Compiling org.apache.storm.converter to /home/travis/build/apache/storm/storm-core/target/classes
Compiling org.apache.storm.daemon.nimbus to /home/travis/build/apache/storm/storm-core/target/classes
Compiling org.apache.storm.cluster-state.zookeeper-state-factory to /home/travis/build/apache/storm/storm-core/target/classes
Compiling org.apache.storm.messaging.loader to /home/travis/build/apache/storm/storm-core/target/classes
Compiling org.apache.storm.daemon.worker to /home/travis/build/apache/storm/storm-core/target/classes
[INFO] 
[INFO] --- make-maven-plugin:1.0-beta-1:autoreconf (compile) @ storm-core ---
[INFO] 
[INFO] --- make-maven-plugin:1.0-beta-1:configure (compile) @ storm-core ---
[INFO] /bin/sh: 14: /home/travis/.jdk_switcher_rc: [[: not found
[INFO] /bin/sh: 22: /home/travis/.jdk_switcher_rc: [[: not found
[INFO] /bin/sh: 32: /home/travis/.jdk_switcher_rc: [[: not found
[INFO] /bin/sh: 42: /home/travis/.jdk_switcher_rc: [[: not found
[INFO] /bin/sh: 3: /etc/profile.d/rvm.sh: [[: not found
[INFO] checking for gcc... gcc
[INFO] checking whether the C compiler works... yes
[INFO] checking for C compiler default output file name... a.out
[INFO] checking for suffix of executables... 
[INFO] checking whether we are cross compiling... no
[INFO] checking for suffix of object files... o
[INFO] checking whether we are using the GNU C compiler... yes
[INFO] checking whether gcc accepts -g... yes
[INFO] checking for gcc option to accept ISO C89... none needed
[INFO] checking how to run the C preprocessor... gcc -E
[INFO] checking for grep that handles long lines and -e... /bin/grep
[INFO] checking for egrep... /bin/grep -E
[INFO] checking for ANSI C header files... yes
[INFO] checking for sys/types.h... yes
[INFO] checking for sys/stat.h... yes
[INFO] checking for stdlib.h... yes
[INFO] checking for string.h... yes
[INFO] checking for memory.h... yes
[INFO] checking for strings.h... yes
[INFO] checking for inttypes.h... yes
[INFO] checking for stdint.h... yes
[INFO] checking for unistd.h... yes
[INFO] checking minix/config.h usability... no
[INFO] checking minix/config.h presence... no
[INFO] checking for minix/config.h... no
[INFO] checking whether it is safe to define __EXTENSIONS__... yes
[INFO] checking for a BSD-compatible install... /usr/bin/install -c
[INFO] checking whether build environment is sane... yes
[INFO] checking for a thread-safe mkdir -p... /bin/mkdir -p
[INFO] checking for gawk... gawk
[INFO] checking whether make sets $(MAKE)... yes
[INFO] checking for style of include used by make... GNU
[INFO] checking dependency style of gcc... gcc3
[INFO] checking for gcc... (cached) gcc
[INFO] checking whether we are using the GNU C compiler... (cached) yes
[INFO] checking whether gcc accepts -g... (cached) yes
[INFO] checking for gcc option to accept ISO C89... (cached) none needed
[INFO] checking whether gcc and cc understand -c and -o together... yes
[INFO] checking for unistd.h... (cached) yes
[INFO] checking for stdbool.h that conforms to C99... yes
[INFO] checking for _Bool... yes
[INFO] checking for an ANSI C-conforming const... yes
[INFO] checking for off_t... yes
[INFO] checking for size_t... yes
[INFO] checking whether strerror_r is declared... yes
[INFO] checking for strerror_r... yes
[INFO] checking whether strerror_r returns char *... yes
[INFO] checking for mkdir... yes
[INFO] checking for uname... yes
[INFO] configure: creating ./config.status
[INFO] config.status: creating Makefile
[INFO] config.status: executing depfiles commands
[INFO] 
[INFO] --- make-maven-plugin:1.0-beta-1:make-install (compile) @ storm-core ---
[INFO] /bin/sh: 14: /home/travis/.jdk_switcher_rc: [[: not found
[INFO] /bin/sh: 22: /home/travis/.jdk_switcher_rc: [[: not found
[INFO] /bin/sh: 32: /home/travis/.jdk_switcher_rc: [[: not found
[INFO] /bin/sh: 42: /home/travis/.jdk_switcher_rc: [[: not found
[INFO] /bin/sh: 3: /etc/profile.d/rvm.sh: [[: not found
[INFO] make[1]: Entering directory `/home/travis/build/apache/storm/storm-core/target/native/worker-launcher'
[INFO] test -z "/usr/local/bin" || /bin/mkdir -p "/home/travis/build/apache/storm/storm-core/target/native/target/usr/local/bin"
[INFO]   /usr/bin/install -c worker-launcher '/home/travis/build/apache/storm/storm-core/target/native/target/usr/local/bin'
[INFO] make[1]: Nothing to be done for `install-data-am'.
[INFO] make[1]: Leaving directory `/home/travis/build/apache/storm/storm-core/target/native/worker-launcher'
[INFO] 
[INFO] --- maven-resources-plugin:2.5:testResources (default-testResources) @ storm-core ---
[debug] execute contextualize
[INFO] Using 'UTF-8' encoding to copy filtered resources.
[INFO] Copying 14 resources
[INFO] Copying 2 resources
[INFO] Copying 3 resources
[INFO] 
[INFO] --- maven-dependency-plugin:2.8:unpack (unpack) @ storm-core ---
[INFO] Configured Artifact: org.apache.storm:multilang-ruby:1.1.0-SNAPSHOT:jar
[INFO] Downloading: https://repository.apache.org/snapshots/org/apache/storm/multilang-ruby/1.1.0-SNAPSHOT/maven-metadata.xml
[INFO] Downloaded: https://repository.apache.org/snapshots/org/apache/storm/multilang-ruby/1.1.0-SNAPSHOT/maven-metadata.xml (2 KB at 1.6 KB/sec)
[INFO] Configured Artifact: org.apache.storm:multilang-python:1.1.0-SNAPSHOT:jar
[INFO] Downloading: https://repository.apache.org/snapshots/org/apache/storm/multilang-python/1.1.0-SNAPSHOT/maven-metadata.xml
[INFO] Downloaded: https://repository.apache.org/snapshots/org/apache/storm/multilang-python/1.1.0-SNAPSHOT/maven-metadata.xml (2 KB at 9.9 KB/sec)
[INFO] Configured Artifact: org.apache.storm:multilang-javascript:1.1.0-SNAPSHOT:jar
[INFO] Downloading: https://repository.apache.org/snapshots/org/apache/storm/multilang-javascript/1.1.0-SNAPSHOT/maven-metadata.xml
[INFO] Downloaded: https://repository.apache.org/snapshots/org/apache/storm/multilang-javascript/1.1.0-SNAPSHOT/maven-metadata.xml (2 KB at 9.4 KB/sec)
[INFO] multilang-ruby-1.1.0-SNAPSHOT.jar already unpacked.
[INFO] multilang-python-1.1.0-SNAPSHOT.jar already unpacked.
[INFO] multilang-javascript-1.1.0-SNAPSHOT.jar already unpacked.
[INFO] 
[INFO] --- maven-compiler-plugin:3.1:testCompile (default-testCompile) @ storm-core ---
[INFO] Nothing to compile - all classes are up to date
[INFO] 
[INFO] --- maven-surefire-plugin:2.18.1:test (default-test) @ storm-core ---
[INFO] Surefire report directory: /home/travis/build/apache/storm/storm-core/target/surefire-reports
[INFO] parallel='none', perCoreThreadCount=true, threadCount=0, useUnlimitedThreads=false, threadCountSuites=0, threadCountClasses=0, threadCountMethods=0, parallelOptimized=true

-------------------------------------------------------
 T E S T S
-------------------------------------------------------
Running org.apache.storm.utils.ShellBoltMessageQueueTest
Tests run: 3, Failures: 0, Errors: 0, Skipped: 0, Time elapsed: 2.012 sec - in org.apache.storm.utils.ShellBoltMessageQueueTest
Running org.apache.storm.utils.WorkerBackpressureThreadTest
Tests run: 1, Failures: 0, Errors: 0, Skipped: 0, Time elapsed: 0.205 sec - in org.apache.storm.utils.WorkerBackpressureThreadTest
Running org.apache.storm.utils.DisruptorQueueTest
Tests run: 3, Failures: 0, Errors: 0, Skipped: 0, Time elapsed: 3.247 sec - in org.apache.storm.utils.DisruptorQueueTest
Running org.apache.storm.utils.StormBoundedExponentialBackoffRetryTest
Tests run: 5, Failures: 0, Errors: 0, Skipped: 0, Time elapsed: 0.143 sec - in org.apache.storm.utils.StormBoundedExponentialBackoffRetryTest
Running org.apache.storm.utils.DisruptorQueueBackpressureTest
Tests run: 1, Failures: 0, Errors: 0, Skipped: 0, Time elapsed: 0.004 sec - in org.apache.storm.utils.DisruptorQueueBackpressureTest
Running org.apache.storm.utils.ThriftTopologyUtilsTest
Tests run: 5, Failures: 0, Errors: 0, Skipped: 0, Time elapsed: 0.171 sec - in org.apache.storm.utils.ThriftTopologyUtilsTest
Running org.apache.storm.spout.CheckpointSpoutTest
Tests run: 7, Failures: 0, Errors: 0, Skipped: 0, Time elapsed: 0.246 sec - in org.apache.storm.spout.CheckpointSpoutTest
Running org.apache.storm.TestConfigValidate
Tests run: 24, Failures: 0, Errors: 0, Skipped: 0, Time elapsed: 0.285 sec - in org.apache.storm.TestConfigValidate
Running org.apache.storm.serialization.GzipBridgeThriftSerializationDelegateTest
Tests run: 3, Failures: 0, Errors: 0, Skipped: 0, Time elapsed: 0.015 sec - in org.apache.storm.serialization.GzipBridgeThriftSerializationDelegateTest
Running org.apache.storm.serialization.ThriftBridgeSerializationDelegateTest
Tests run: 1, Failures: 0, Errors: 0, Skipped: 0, Time elapsed: 0.003 sec - in org.apache.storm.serialization.ThriftBridgeSerializationDelegateTest
Running org.apache.storm.serialization.GzipBridgeSerializationDelegateTest
Tests run: 3, Failures: 0, Errors: 0, Skipped: 0, Time elapsed: 0.013 sec - in org.apache.storm.serialization.GzipBridgeSerializationDelegateTest
Running org.apache.storm.blobstore.ClientBlobStoreTest
Tests run: 4, Failures: 0, Errors: 0, Skipped: 0, Time elapsed: 0.011 sec - in org.apache.storm.blobstore.ClientBlobStoreTest
Running org.apache.storm.blobstore.BlobStoreTest
Tests run: 4, Failures: 0, Errors: 0, Skipped: 0, Time elapsed: 1.015 sec - in org.apache.storm.blobstore.BlobStoreTest
Running org.apache.storm.blobstore.BlobSynchronizerTest
Tests run: 4, Failures: 0, Errors: 0, Skipped: 0, Time elapsed: 1.73 sec - in org.apache.storm.blobstore.BlobSynchronizerTest
Running org.apache.storm.trident.TridentWindowingTest
Tests run: 3, Failures: 0, Errors: 0, Skipped: 0, Time elapsed: 0.005 sec - in org.apache.storm.trident.TridentWindowingTest
Running org.apache.storm.trident.TestTridentTopology
Tests run: 1, Failures: 0, Errors: 0, Skipped: 0, Time elapsed: 20.981 sec - in org.apache.storm.trident.TestTridentTopology
Running org.apache.storm.metric.internal.LatencyStatAndMetricTest
Tests run: 1, Failures: 0, Errors: 0, Skipped: 0, Time elapsed: 0.021 sec - in org.apache.storm.metric.internal.LatencyStatAndMetricTest
Running org.apache.storm.metric.internal.CountStatAndMetricTest
Tests run: 1, Failures: 0, Errors: 0, Skipped: 0, Time elapsed: 0.015 sec - in org.apache.storm.metric.internal.CountStatAndMetricTest
Running org.apache.storm.metric.internal.RateTrackerTest
Tests run: 4, Failures: 0, Errors: 0, Skipped: 0, Time elapsed: 0.005 sec - in org.apache.storm.metric.internal.RateTrackerTest
Running org.apache.storm.metric.filter.FilterByMetricNameTest
Tests run: 4, Failures: 0, Errors: 0, Skipped: 0, Time elapsed: 0.041 sec - in org.apache.storm.metric.filter.FilterByMetricNameTest
Running org.apache.storm.windowing.WaterMarkEventGeneratorTest
Tests run: 5, Failures: 0, Errors: 0, Skipped: 0, Time elapsed: 0.03 sec - in org.apache.storm.windowing.WaterMarkEventGeneratorTest
Running org.apache.storm.windowing.WindowManagerTest
Tests run: 10, Failures: 0, Errors: 0, Skipped: 0, Time elapsed: 0.157 sec - in org.apache.storm.windowing.WindowManagerTest
Running org.apache.storm.topology.StatefulBoltExecutorTest
Tests run: 7, Failures: 0, Errors: 0, Skipped: 0, Time elapsed: 0.553 sec - in org.apache.storm.topology.StatefulBoltExecutorTest
Running org.apache.storm.topology.WindowedBoltExecutorTest
Tests run: 5, Failures: 0, Errors: 0, Skipped: 0, Time elapsed: 0.108 sec - in org.apache.storm.topology.WindowedBoltExecutorTest
Running org.apache.storm.topology.StatefulWindowedBoltExecutorTest
Tests run: 4, Failures: 0, Errors: 0, Skipped: 0, Time elapsed: 0.088 sec - in org.apache.storm.topology.StatefulWindowedBoltExecutorTest
Running org.apache.storm.topology.TopologyBuilderTest
Tests run: 5, Failures: 0, Errors: 0, Skipped: 0, Time elapsed: 0.127 sec - in org.apache.storm.topology.TopologyBuilderTest
Running org.apache.storm.localizer.LocalizerTest
Tests run: 13, Failures: 0, Errors: 0, Skipped: 0, Time elapsed: 0.499 sec - in org.apache.storm.localizer.LocalizerTest
Running org.apache.storm.localizer.LocalizedResourceRetentionSetTest
Tests run: 2, Failures: 0, Errors: 0, Skipped: 0, Time elapsed: 0.042 sec - in org.apache.storm.localizer.LocalizedResourceRetentionSetTest
Running org.apache.storm.localizer.LocalizedResourceSetTest
Tests run: 4, Failures: 0, Errors: 0, Skipped: 0, Time elapsed: 0.008 sec - in org.apache.storm.localizer.LocalizedResourceSetTest
Running org.apache.storm.scheduler.resource.TestUser
Tests run: 3, Failures: 0, Errors: 0, Skipped: 0, Time elapsed: 1.124 sec - in org.apache.storm.scheduler.resource.TestUser
Running org.apache.storm.scheduler.resource.TestResourceAwareScheduler
Tests run: 15, Failures: 0, Errors: 0, Skipped: 0, Time elapsed: 4.203 sec - in org.apache.storm.scheduler.resource.TestResourceAwareScheduler
Running org.apache.storm.grouping.PartialKeyGroupingTest
Tests run: 2, Failures: 0, Errors: 0, Skipped: 0, Time elapsed: 0.028 sec - in org.apache.storm.grouping.PartialKeyGroupingTest
Running org.apache.storm.state.InMemoryKeyValueStateTest
Tests run: 2, Failures: 0, Errors: 0, Skipped: 0, Time elapsed: 0.004 sec - in org.apache.storm.state.InMemoryKeyValueStateTest

Results :

Tests run: 159, Failures: 0, Errors: 0, Skipped: 0

[INFO] 
[INFO] --- clojure-maven-plugin:1.7.1:test (test-clojure) @ storm-core ---
Warning: protocol #'org.apache.storm.pacemaker-state-factory-test/send-capture is overwriting function send
WARNING: send already refers to: #'clojure.core/send in namespace: org.apache.storm.pacemaker-state-factory-test, being replaced by: #'org.apache.storm.pacemaker-state-factory-test/send
Running org.apache.storm.security.auth.auto-login-module-test
Tests run: 6, Passed: 22, Failures: 0, Errors: 0
Running org.apache.storm.transactional-test
Tests run: 7, Passed: 110, Failures: 0, Errors: 0
Running org.apache.storm.serialization-test
Tests run: 6, Passed: 13, Failures: 0, Errors: 0
Running org.apache.storm.utils.ZookeeperServerCnxnFactory-test
Tests run: 2, Passed: 3, Failures: 0, Errors: 0
Running org.apache.storm.versioned-store-test
Tests run: 2, Passed: 5, Failures: 0, Errors: 0
Running org.apache.storm.security.auth.drpc-auth-test
Tests run: 4, Passed: 22, Failures: 0, Errors: 0
Running org.apache.storm.pacemaker-state-factory-test
Tests run: 4, Passed: 15, Failures: 0, Errors: 0
Running org.apache.storm.supervisor-test
44533 [Thread-176] INFO  o.a.s.util - Async loop interrupted!
Tests run: 20, Passed: 70, Failures: 0, Errors: 0
Running org.apache.storm.scheduler.multitenant-scheduler-test
44612 [Thread-206-SendThread(localhost:2002)] WARN  o.a.z.ClientCnxn - Session 0x155cd02d73c0011 for server null, unexpected error, closing socket connection and attempting reconnect
java.net.ConnectException: Connection refused
	at sun.nio.ch.SocketChannelImpl.checkConnect(Native Method) ~[?:1.8.0_31]
	at sun.nio.ch.SocketChannelImpl.finishConnect(SocketChannelImpl.java:716) ~[?:1.8.0_31]
	at org.apache.zookeeper.ClientCnxnSocketNIO.doTransport(ClientCnxnSocketNIO.java:361) ~[zookeeper-3.4.6.jar:3.4.6-1569965]
	at org.apache.zookeeper.ClientCnxn$SendThread.run(ClientCnxn.java:1081) [zookeeper-3.4.6.jar:3.4.6-1569965]
Tests run: 17, Passed: 235, Failures: 0, Errors: 0
Running org.apache.storm.security.auth.nimbus-auth-test
Tests run: 5, Passed: 39, Failures: 0, Errors: 0
Running org.apache.storm.security.auth.ThriftServer-test
Tests run: 2, Passed: 1, Failures: 0, Errors: 0
Running org.apache.storm.security.auth.AuthUtils-test
Tests run: 5, Passed: 6, Failures: 0, Errors: 0
Running org.apache.storm.logviewer-test
Tests run: 12, Passed: 118, Failures: 0, Errors: 0
Running org.apache.storm.worker-test
Tests run: 8, Passed: 35, Failures: 0, Errors: 0
Running integration.org.apache.storm.testing4j-test
55526 [Thread-180] INFO  o.a.s.util - Async loop interrupted!
Tests run: 8, Passed: 36, Failures: 0, Errors: 0
Running org.apache.storm.trident.state-test
Tests run: 5, Passed: 37, Failures: 0, Errors: 0
Running org.apache.storm.utils-test
Tests run: 5, Passed: 22, Failures: 0, Errors: 0
Running org.apache.storm.serialization.SerializationFactory-test
Tests run: 3, Passed: 3, Failures: 0, Errors: 0
Running org.apache.storm.security.auth.DefaultHttpCredentialsPlugin-test
Tests run: 2, Passed: 8, Failures: 0, Errors: 0
Running org.apache.storm.security.auth.auth-test
60634 [pool-1008-thread-4] ERROR o.a.t.s.TThreadPoolServer - Error occurred during processing of message.
java.lang.RuntimeException: org.apache.thrift.transport.TTransportException: DIGEST-MD5: cannot acquire password for unknown_user in realm : localhost
	at org.apache.thrift.transport.TSaslServerTransport$Factory.getTransport(TSaslServerTransport.java:219) ~[libthrift-0.9.3.jar:0.9.3]
	at org.apache.thrift.server.TThreadPoolServer$WorkerProcess.run(TThreadPoolServer.java:269) [libthrift-0.9.3.jar:0.9.3]
	at java.util.concurrent.ThreadPoolExecutor.runWorker(ThreadPoolExecutor.java:1142) [?:1.8.0_31]
	at java.util.concurrent.ThreadPoolExecutor$Worker.run(ThreadPoolExecutor.java:617) [?:1.8.0_31]
	at java.lang.Thread.run(Thread.java:745) [?:1.8.0_31]
Caused by: org.apache.thrift.transport.TTransportException: DIGEST-MD5: cannot acquire password for unknown_user in realm : localhost
	at org.apache.thrift.transport.TSaslTransport.sendAndThrowMessage(TSaslTransport.java:232) ~[libthrift-0.9.3.jar:0.9.3]
	at org.apache.thrift.transport.TSaslTransport.open(TSaslTransport.java:316) ~[libthrift-0.9.3.jar:0.9.3]
	at org.apache.thrift.transport.TSaslServerTransport.open(TSaslServerTransport.java:41) ~[libthrift-0.9.3.jar:0.9.3]
	at org.apache.thrift.transport.TSaslServerTransport$Factory.getTransport(TSaslServerTransport.java:216) ~[libthrift-0.9.3.jar:0.9.3]
	... 4 more
Tests run: 13, Passed: 94, Failures: 0, Errors: 0
Running org.apache.storm.clojure-test
Tests run: 3, Passed: 5, Failures: 0, Errors: 0
Running org.apache.storm.messaging-test
Tests run: 1, Passed: 2, Failures: 0, Errors: 0
Running org.apache.storm.drpc-test
70753 [Thread-729] INFO  o.a.s.util - Async loop interrupted!
73308 [Thread-780] INFO  o.a.s.util - Async loop interrupted!
75611 [Thread-831] INFO  o.a.s.util - Async loop interrupted!
77868 [Thread-853] INFO  o.a.s.util - Async loop interrupted!
85085 [Thread-887] INFO  o.a.s.util - Async loop interrupted!
Tests run: 7, Passed: 17, Failures: 0, Errors: 0
Running org.apache.storm.submitter-test
Tests run: 1, Passed: 13, Failures: 0, Errors: 0
Running org.apache.storm.security.auth.ReqContext-test
Tests run: 3, Passed: 4, Failures: 0, Errors: 0
Running org.apache.storm.fields-test
Tests run: 2, Passed: 22, Failures: 0, Errors: 0
Running integration.org.apache.storm.integration-test
95883 [Thread-886] INFO  o.a.s.util - Async loop interrupted!
Tests run: 18, Passed: 51, Failures: 0, Errors: 0
Running org.apache.storm.security.auth.authorizer.DRPCSimpleACLAuthorizer-test
Tests run: 7, Passed: 37, Failures: 0, Errors: 0
Running org.apache.storm.pacemaker-test
Tests run: 8, Passed: 58, Failures: 0, Errors: 0
Running org.apache.storm.metrics-test
Tests run: 8, Passed: 66, Failures: 0, Errors: 0
Running org.apache.storm.security.auth.ThriftClient-test
Tests run: 2, Passed: 4, Failures: 0, Errors: 0
Running org.apache.storm.scheduler-test
Tests run: 4, Passed: 64, Failures: 0, Errors: 0
Running org.apache.storm.scheduler.resource-aware-scheduler-test
Tests run: 8, Passed: 91, Failures: 0, Errors: 0
Running org.apache.storm.security.auth.SaslTransportPlugin-test
Tests run: 2, Passed: 8, Failures: 0, Errors: 0
Running org.apache.storm.local-state-test
Tests run: 2, Passed: 10, Failures: 0, Errors: 0
Running org.apache.storm.messaging.netty-unit-test
Tests run: 5, Passed: 24, Failures: 0, Errors: 0
Running org.apache.storm.tuple-test
Tests run: 4, Passed: 13, Failures: 0, Errors: 0
Running org.apache.storm.messaging.netty-integration-test
Tests run: 1, Passed: 1, Failures: 0, Errors: 0
Running org.apache.storm.tick-tuple-test
Tests run: 1, Passed: 1, Failures: 0, Errors: 0
Running integration.org.apache.storm.trident.integration-test
Tests run: 9, Passed: 141, Failures: 0, Errors: 0
Running org.apache.storm.grouping-test
Tests run: 5, Passed: 15, Failures: 0, Errors: 0
Running org.apache.storm.security.serialization.BlowfishTupleSerializer-test
Tests run: 3, Passed: 3, Failures: 0, Errors: 0
Running org.apache.storm.nimbus-test
Tests run: 43, Passed: 795, Failures: 0, Errors: 0
Running org.apache.storm.subtopology-test
Tests run: 0, Passed: 0, Failures: 0, Errors: 0
Running org.apache.storm.cluster-test
Tests run: 10, Passed: 98, Failures: 0, Errors: 0
Running org.apache.storm.trident.tuple-test
Tests run: 6, Passed: 36, Failures: 0, Errors: 0
2016-07-09 00:18:38,649 FATAL Unable to register shutdown hook because JVM is shutting down.
[INFO] 
[INFO] --- apache-rat-plugin:0.11:check (default) @ storm-core ---
[INFO] 51 implicit excludes (use -debug for more details).
[INFO] Exclude: **/target/**
[INFO] Exclude: **/*.iml
[INFO] Exclude: **/.idea/**
[INFO] Exclude: **/metastore_db/**
[INFO] Exclude: **/build/**
[INFO] Exclude: **/CHANGELOG.md
[INFO] Exclude: **/README.md
[INFO] Exclude: **/README.markdown
[INFO] Exclude: **/DEVELOPER.md
[INFO] Exclude: **/BYLAWS.md
[INFO] Exclude: **/STORM-UI-REST-API.md
[INFO] Exclude: SECURITY.md
[INFO] Exclude: VERSION
[INFO] Exclude: TODO
[INFO] Exclude: **/src/py/**
[INFO] Exclude: **/src/ui/public/js/jquery.dataTables.1.10.4.min.js
[INFO] Exclude: **/src/ui/public/css/jquery.dataTables.1.10.4.min.css
[INFO] Exclude: **/src/ui/public/images/*
[INFO] Exclude: **/src/ui/public/js/bootstrap-3.3.1.min.js
[INFO] Exclude: **/src/ui/public/css/bootstrap-3.3.1.min.css
[INFO] Exclude: **/src/ui/public/js/dataTables.bootstrap.min.js
[INFO] Exclude: **/src/ui/public/css/dataTables.bootstrap.css
[INFO] Exclude: **/src/ui/public/js/jsonFormatter.min.js
[INFO] Exclude: **/src/ui/public/css/jsonFormatter.min.css
[INFO] Exclude: **/src/ui/public/js/jquery-1.11.1.min.js
[INFO] Exclude: **/src/ui/public/js/jquery.cookies.2.2.0.min.js
[INFO] Exclude: **/src/ui/public/js/moment.min.js
[INFO] Exclude: **/src/ui/public/js/jquery.blockUI.min.js
[INFO] Exclude: **/src/ui/public/js/url.min.js
[INFO] Exclude: **/src/ui/public/js/arbor.js
[INFO] Exclude: **/src/ui/public/js/arbor-graphics.js
[INFO] Exclude: **/src/ui/public/js/arbor-tween.js
[INFO] Exclude: **/src/ui/public/js/jquery.mustache.js
[INFO] Exclude: **/src/ui/public/js/typeahead.jquery.min.js
[INFO] Exclude: **/dependency-reduced-pom.xml
[INFO] Exclude: **/docs/**
[INFO] Exclude: **/.git/**
[INFO] Exclude: **/derby.log
[INFO] Exclude: **/src/dev/**
[INFO] Exclude: **/src/codegen/config.fmpp
[INFO] Exclude: **/src/codegen/data/Parser.tdd
[INFO] Exclude: **/src/test/resources/FixedAvroSerializer.config
[INFO] 993 resources included (use -debug for more details)
Warning:  org.apache.xerces.jaxp.SAXParserImpl$JAXPSAXParser: Property 'http://www.oracle.com/xml/jaxp/properties/entityExpansionLimit' is not recognized.
Compiler warnings:
  WARNING:  'org.apache.xerces.jaxp.SAXParserImpl: Property 'http://javax.xml.XMLConstants/property/accessExternalDTD' is not recognized.'
Warning:  org.apache.xerces.parsers.SAXParser: Feature 'http://javax.xml.XMLConstants/feature/secure-processing' is not recognized.
Warning:  org.apache.xerces.parsers.SAXParser: Property 'http://javax.xml.XMLConstants/property/accessExternalDTD' is not recognized.
Warning:  org.apache.xerces.parsers.SAXParser: Property 'http://www.oracle.com/xml/jaxp/properties/entityExpansionLimit' is not recognized.
[INFO] Rat check: Summary of files. Unapproved: 0 unknown: 0 generated: 0 approved: 987 licence.
[INFO] 
[INFO] --- make-maven-plugin:1.0-beta-1:test (test) @ storm-core ---
[INFO] /bin/sh: 14: /home/travis/.jdk_switcher_rc: [[: not found
[INFO] /bin/sh: 22: /home/travis/.jdk_switcher_rc: [[: not found
[INFO] /bin/sh: 32: /home/travis/.jdk_switcher_rc: [[: not found
[INFO] /bin/sh: 42: /home/travis/.jdk_switcher_rc: [[: not found
[INFO] /bin/sh: 3: /etc/profile.d/rvm.sh: [[: not found
[INFO] make  test-worker-launcher
[INFO] make[1]: Entering directory `/home/travis/build/apache/storm/storm-core/target/native/worker-launcher'
[INFO] make[1]: `test-worker-launcher' is up to date.
[INFO] make[1]: Leaving directory `/home/travis/build/apache/storm/storm-core/target/native/worker-launcher'
[INFO] make  check-TESTS
[INFO] make[1]: Entering directory `/home/travis/build/apache/storm/storm-core/target/native/worker-launcher'
[INFO] chmod: cannot access `/tmp/test-worker-launcher': No such file or directory
[INFO] File /tmp/test-worker-launcher must be owned by root, but is owned by 1000
[INFO] 
[INFO] Starting tests
[INFO] 
[INFO] Testing get_container_launcher_file()
[INFO] 
[INFO] Testing check_configuration_permissions()
[INFO] 
[INFO] Testing check_configuration_permissions
[INFO] 
[INFO] Testing check_user()
[INFO] 
[INFO] Testing test_check_user
[INFO] Requested user lp has id 7, which is below the minimum allowed 1000
[INFO] Running as root is not allowed
[INFO] 
[INFO] Running test test_signal_container in child process
[INFO] 
[INFO] Testing signal_container
[INFO] Child container launched as 21011
[INFO] Killing process 21011 with 3
[INFO] 
[INFO] Running test test_signal_container_group in child process
[INFO] 
[INFO] Testing group signal_container
[INFO] Child container launched as 21013
[INFO] Killing process group 21013 with 9
[INFO] 
[INFO] Finished tests
[INFO] PASS: test-worker-launcher
[INFO] =============
[INFO] 1 test passed
[INFO] =============
[INFO] make[1]: Leaving directory `/home/travis/build/apache/storm/storm-core/target/native/worker-launcher'
[INFO] ------------------------------------------------------------------------
[INFO] BUILD SUCCESS
[INFO] ------------------------------------------------------------------------
[INFO] Total time: 04:34 min
[INFO] Finished at: 2016-07-09T00:18:40+00:00
[INFO] Final Memory: 37M/327M
[INFO] ------------------------------------------------------------------------
Looking for errors in ./storm-core/target/surefire-reports
Checking ./storm-core/target/surefire-reports/TEST-org.apache.storm.utils.ShellBoltMessageQueueTest.xml
Checking ./storm-core/target/surefire-reports/TEST-org.apache.storm.utils.WorkerBackpressureThreadTest.xml
Checking ./storm-core/target/surefire-reports/TEST-org.apache.storm.utils.DisruptorQueueTest.xml
Checking ./storm-core/target/surefire-reports/TEST-org.apache.storm.utils.StormBoundedExponentialBackoffRetryTest.xml
Checking ./storm-core/target/surefire-reports/TEST-org.apache.storm.utils.DisruptorQueueBackpressureTest.xml
Checking ./storm-core/target/surefire-reports/TEST-org.apache.storm.utils.ThriftTopologyUtilsTest.xml
Checking ./storm-core/target/surefire-reports/TEST-org.apache.storm.spout.CheckpointSpoutTest.xml
Checking ./storm-core/target/surefire-reports/TEST-org.apache.storm.TestConfigValidate.xml
Checking ./storm-core/target/surefire-reports/TEST-org.apache.storm.serialization.GzipBridgeThriftSerializationDelegateTest.xml
Checking ./storm-core/target/surefire-reports/TEST-org.apache.storm.serialization.ThriftBridgeSerializationDelegateTest.xml
Checking ./storm-core/target/surefire-reports/TEST-org.apache.storm.serialization.GzipBridgeSerializationDelegateTest.xml
Checking ./storm-core/target/surefire-reports/TEST-org.apache.storm.blobstore.ClientBlobStoreTest.xml
Checking ./storm-core/target/surefire-reports/TEST-org.apache.storm.blobstore.BlobStoreTest.xml
Checking ./storm-core/target/surefire-reports/TEST-org.apache.storm.blobstore.BlobSynchronizerTest.xml
Checking ./storm-core/target/surefire-reports/TEST-org.apache.storm.trident.TridentWindowingTest.xml
Checking ./storm-core/target/surefire-reports/TEST-org.apache.storm.trident.TestTridentTopology.xml
Checking ./storm-core/target/surefire-reports/TEST-org.apache.storm.metric.internal.LatencyStatAndMetricTest.xml
Checking ./storm-core/target/surefire-reports/TEST-org.apache.storm.metric.internal.CountStatAndMetricTest.xml
Checking ./storm-core/target/surefire-reports/TEST-org.apache.storm.metric.internal.RateTrackerTest.xml
Checking ./storm-core/target/surefire-reports/TEST-org.apache.storm.metric.filter.FilterByMetricNameTest.xml
Checking ./storm-core/target/surefire-reports/TEST-org.apache.storm.windowing.WaterMarkEventGeneratorTest.xml
Checking ./storm-core/target/surefire-reports/TEST-org.apache.storm.windowing.WindowManagerTest.xml
Checking ./storm-core/target/surefire-reports/TEST-org.apache.storm.topology.StatefulBoltExecutorTest.xml
Checking ./storm-core/target/surefire-reports/TEST-org.apache.storm.topology.WindowedBoltExecutorTest.xml
Checking ./storm-core/target/surefire-reports/TEST-org.apache.storm.topology.StatefulWindowedBoltExecutorTest.xml
Checking ./storm-core/target/surefire-reports/TEST-org.apache.storm.topology.TopologyBuilderTest.xml
Checking ./storm-core/target/surefire-reports/TEST-org.apache.storm.localizer.LocalizerTest.xml
Checking ./storm-core/target/surefire-reports/TEST-org.apache.storm.localizer.LocalizedResourceRetentionSetTest.xml
Checking ./storm-core/target/surefire-reports/TEST-org.apache.storm.localizer.LocalizedResourceSetTest.xml
Checking ./storm-core/target/surefire-reports/TEST-org.apache.storm.scheduler.resource.TestUser.xml
Checking ./storm-core/target/surefire-reports/TEST-org.apache.storm.scheduler.resource.TestResourceAwareScheduler.xml
Checking ./storm-core/target/surefire-reports/TEST-org.apache.storm.grouping.PartialKeyGroupingTest.xml
Checking ./storm-core/target/surefire-reports/TEST-org.apache.storm.state.InMemoryKeyValueStateTest.xml
Looking for errors in ./storm-core/target/test-reports
Checking ./storm-core/target/test-reports/org.apache.storm.security.auth.auto-login-module-test.xml
Checking ./storm-core/target/test-reports/org.apache.storm.transactional-test.xml
Checking ./storm-core/target/test-reports/org.apache.storm.serialization-test.xml
Checking ./storm-core/target/test-reports/org.apache.storm.utils.ZookeeperServerCnxnFactory-test.xml
Checking ./storm-core/target/test-reports/org.apache.storm.versioned-store-test.xml
Checking ./storm-core/target/test-reports/org.apache.storm.security.auth.drpc-auth-test.xml
Checking ./storm-core/target/test-reports/org.apache.storm.pacemaker-state-factory-test.xml
Checking ./storm-core/target/test-reports/org.apache.storm.supervisor-test.xml
Checking ./storm-core/target/test-reports/org.apache.storm.scheduler.multitenant-scheduler-test.xml
Checking ./storm-core/target/test-reports/org.apache.storm.security.auth.nimbus-auth-test.xml
Checking ./storm-core/target/test-reports/org.apache.storm.security.auth.ThriftServer-test.xml
Checking ./storm-core/target/test-reports/org.apache.storm.security.auth.AuthUtils-test.xml
Checking ./storm-core/target/test-reports/org.apache.storm.logviewer-test.xml
Checking ./storm-core/target/test-reports/org.apache.storm.worker-test.xml
Checking ./storm-core/target/test-reports/integration.org.apache.storm.testing4j-test.xml
Checking ./storm-core/target/test-reports/org.apache.storm.trident.state-test.xml
Checking ./storm-core/target/test-reports/org.apache.storm.utils-test.xml
Checking ./storm-core/target/test-reports/org.apache.storm.serialization.SerializationFactory-test.xml
Checking ./storm-core/target/test-reports/org.apache.storm.security.auth.DefaultHttpCredentialsPlugin-test.xml
Checking ./storm-core/target/test-reports/org.apache.storm.security.auth.auth-test.xml
Checking ./storm-core/target/test-reports/org.apache.storm.clojure-test.xml
Checking ./storm-core/target/test-reports/org.apache.storm.messaging-test.xml
Checking ./storm-core/target/test-reports/org.apache.storm.drpc-test.xml
Checking ./storm-core/target/test-reports/org.apache.storm.submitter-test.xml
Checking ./storm-core/target/test-reports/org.apache.storm.security.auth.ReqContext-test.xml
Checking ./storm-core/target/test-reports/org.apache.storm.fields-test.xml
Checking ./storm-core/target/test-reports/integration.org.apache.storm.integration-test.xml
Checking ./storm-core/target/test-reports/org.apache.storm.security.auth.authorizer.DRPCSimpleACLAuthorizer-test.xml
Checking ./storm-core/target/test-reports/org.apache.storm.pacemaker-test.xml
Checking ./storm-core/target/test-reports/org.apache.storm.metrics-test.xml
Checking ./storm-core/target/test-reports/org.apache.storm.security.auth.ThriftClient-test.xml
Checking ./storm-core/target/test-reports/org.apache.storm.scheduler-test.xml
Checking ./storm-core/target/test-reports/org.apache.storm.scheduler.resource-aware-scheduler-test.xml
Checking ./storm-core/target/test-reports/org.apache.storm.security.auth.SaslTransportPlugin-test.xml
Checking ./storm-core/target/test-reports/org.apache.storm.local-state-test.xml
Checking ./storm-core/target/test-reports/org.apache.storm.messaging.netty-unit-test.xml
Checking ./storm-core/target/test-reports/org.apache.storm.tuple-test.xml
Checking ./storm-core/target/test-reports/org.apache.storm.messaging.netty-integration-test.xml
Checking ./storm-core/target/test-reports/org.apache.storm.tick-tuple-test.xml
Checking ./storm-core/target/test-reports/integration.org.apache.storm.trident.integration-test.xml
Checking ./storm-core/target/test-reports/org.apache.storm.grouping-test.xml
Checking ./storm-core/target/test-reports/org.apache.storm.security.serialization.BlowfishTupleSerializer-test.xml
Checking ./storm-core/target/test-reports/org.apache.storm.nimbus-test.xml
Checking ./storm-core/target/test-reports/org.apache.storm.subtopology-test.xml
Checking ./storm-core/target/test-reports/org.apache.storm.cluster-test.xml
Checking ./storm-core/target/test-reports/org.apache.storm.trident.tuple-test.xml

travis_time:end:1181bce3:start=1468023244820423104,finish=1468023522562356753,duration=277741933649[0K
[32;1mThe command "/bin/bash ./dev-tools/travis/travis-script.sh `pwd` $MODULES" exited with 0.[0m
travis_fold:start:cache.2[0Kstore build cache
travis_time:start:0000c312[0K
travis_time:end:0000c312:start=1468023522566844291,finish=1468023522570302399,duration=3458108[0Ktravis_time:start:2b5a871e[0K[32;1mchange detected (content changed, file is created, or file is deleted):
/home/travis/.m2/repository/eigenbase/eigenbase-properties/1.1.4/eigenbase-properties-1.1.4.pom.lastUpdated
/home/travis/.m2/repository/io/confluent/kafka-avro-serializer/1.0/kafka-avro-serializer-1.0.pom.lastUpdated
/home/travis/.m2/repository/io/confluent/kafka-schema-registry-client/1.0/kafka-schema-registry-client-1.0.pom.lastUpdated
/home/travis/.m2/repository/net/hydromatic/linq4j/0.4/linq4j-0.4.pom.lastUpdated
/home/travis/.m2/repository/net/hydromatic/quidem/0.1.1/quidem-0.1.1.pom.lastUpdated
/home/travis/.m2/repository/org/apache/storm/flux/1.1.0-SNAPSHOT/maven-metadata-local.xml
/home/travis/.m2/repository/org/apache/storm/flux/1.1.0-SNAPSHOT/_remote.repositories
/home/travis/.m2/repository/org/apache/storm/flux-core/1.1.0-SNAPSHOT/flux-core-1.1.0-SNAPSHOT.jar
/home/travis/.m2/repository/org/apache/storm/flux-core/1.1.0-SNAPSHOT/maven-metadata-local.xml
/home/travis/.m2/repository/org/apache/storm/flux-core/1.1.0-SNAPSHOT/_remote.repositories
/home/travis/.m2/repository/org/ap
[0m
[32;1m...
[0m
[32;1mchanges detected, packing new archive[0m
.
.
.
.
.
.
.
.
.
[32;1muploading archive[0m

travis_time:end:2b5a871e:start=1468023522574283061,finish=1468023702263261579,duration=179688978518[0Ktravis_fold:end:cache.2[0K
Done. Your build exited with 0.
