Using worker: worker-linux-docker-ba3a8842.prod.travis-ci.org:travis-linux-4

travis_fold:start:system_info[0K[33;1mBuild system information[0m
Build language: java
Build group: stable
Build dist: precise
[34m[1mBuild image provisioning date and time[0m
Thu Feb  5 15:09:33 UTC 2015
[34m[1mOperating System Details[0m
Distributor ID:	Ubuntu
Description:	Ubuntu 12.04.5 LTS
Release:	12.04
Codename:	precise
[34m[1mLinux Version[0m
3.13.0-29-generic
[34m[1mCookbooks Version[0m
a68419e https://github.com/travis-ci/travis-cookbooks/tree/a68419e
[34m[1mGCC version[0m
gcc (Ubuntu/Linaro 4.6.3-1ubuntu5) 4.6.3
Copyright (C) 2011 Free Software Foundation, Inc.
This is free software; see the source for copying conditions.  There is NO
warranty; not even for MERCHANTABILITY or FITNESS FOR A PARTICULAR PURPOSE.

[34m[1mLLVM version[0m
clang version 3.4 (tags/RELEASE_34/final)
Target: x86_64-unknown-linux-gnu
Thread model: posix
[34m[1mPre-installed Ruby versions[0m
ruby-1.9.3-p551
[34m[1mPre-installed Node.js versions[0m
v0.10.36
[34m[1mPre-installed Go versions[0m
1.4.1
[34m[1mRedis version[0m
redis-server 2.8.19
[34m[1mriak version[0m
2.0.2
[34m[1mMongoDB version[0m
MongoDB 2.4.12
[34m[1mCouchDB version[0m
couchdb 1.6.1
[34m[1mNeo4j version[0m
1.9.4
[34m[1mRabbitMQ Version[0m
3.4.3
[34m[1mElasticSearch version[0m
1.4.0
[34m[1mInstalled Sphinx versions[0m
2.0.10
2.1.9
2.2.6
[34m[1mDefault Sphinx version[0m
2.2.6
[34m[1mInstalled Firefox version[0m
firefox 31.0esr
[34m[1mPhantomJS version[0m
1.9.8
[34m[1mant -version[0m
Apache Ant(TM) version 1.8.2 compiled on December 3 2011
[34m[1mmvn -version[0m
Apache Maven 3.2.5 (12a6b3acb947671f09b81f49094c53f426d8cea1; 2014-12-14T17:29:23+00:00)
Maven home: /usr/local/maven
Java version: 1.7.0_76, vendor: Oracle Corporation
Java home: /usr/lib/jvm/java-7-oracle/jre
Default locale: en_US, platform encoding: ANSI_X3.4-1968
OS name: "linux", version: "3.13.0-29-generic", arch: "amd64", family: "unix"
travis_fold:end:system_info[0K
travis_fold:start:fix.CVE-2015-7547[0K$ export DEBIAN_FRONTEND=noninteractive
W: Size of file /var/lib/apt/lists/us.archive.ubuntu.com_ubuntu_dists_precise-backports_multiverse_source_Sources.gz is not what the server reported 5886 5888
W: Size of file /var/lib/apt/lists/ppa.launchpad.net_ubuntugis_ppa_ubuntu_dists_precise_main_binary-amd64_Packages.gz is not what the server reported 36669 36677
W: Size of file /var/lib/apt/lists/ppa.launchpad.net_ubuntugis_ppa_ubuntu_dists_precise_main_binary-i386_Packages.gz is not what the server reported 36729 36733
Reading package lists...
Building dependency tree...
Reading state information...
The following extra packages will be installed:
  libc-bin libc-dev-bin libc6-dev
Suggested packages:
  glibc-doc
The following packages will be upgraded:
  libc-bin libc-dev-bin libc6 libc6-dev
4 upgraded, 0 newly installed, 0 to remove and 252 not upgraded.
Need to get 8,840 kB of archives.
After this operation, 14.3 kB disk space will be freed.
Get:1 http://us.archive.ubuntu.com/ubuntu/ precise-updates/main libc6-dev amd64 2.15-0ubuntu10.15 [2,943 kB]
Get:2 http://us.archive.ubuntu.com/ubuntu/ precise-updates/main libc-dev-bin amd64 2.15-0ubuntu10.15 [84.7 kB]
Get:3 http://us.archive.ubuntu.com/ubuntu/ precise-updates/main libc-bin amd64 2.15-0ubuntu10.15 [1,177 kB]
Get:4 http://us.archive.ubuntu.com/ubuntu/ precise-updates/main libc6 amd64 2.15-0ubuntu10.15 [4,636 kB]
Fetched 8,840 kB in 1s (8,383 kB/s)
Preconfiguring packages ...
(Reading database ... (Reading database ... 5%(Reading database ... 10%(Reading database ... 15%(Reading database ... 20%(Reading database ... 25%(Reading database ... 30%(Reading database ... 35%(Reading database ... 40%(Reading database ... 45%(Reading database ... 50%(Reading database ... 55%(Reading database ... 60%(Reading database ... 65%(Reading database ... 70%(Reading database ... 75%(Reading database ... 80%(Reading database ... 85%(Reading database ... 90%(Reading database ... 95%(Reading database ... 100%(Reading database ... 72019 files and directories currently installed.)
Preparing to replace libc6-dev 2.15-0ubuntu10.10 (using .../libc6-dev_2.15-0ubuntu10.15_amd64.deb) ...
Unpacking replacement libc6-dev ...
Preparing to replace libc-dev-bin 2.15-0ubuntu10.10 (using .../libc-dev-bin_2.15-0ubuntu10.15_amd64.deb) ...
Unpacking replacement libc-dev-bin ...
Preparing to replace libc-bin 2.15-0ubuntu10.10 (using .../libc-bin_2.15-0ubuntu10.15_amd64.deb) ...
Unpacking replacement libc-bin ...
Processing triggers for man-db ...
Setting up libc-bin (2.15-0ubuntu10.15) ...
(Reading database ... (Reading database ... 5%(Reading database ... 10%(Reading database ... 15%(Reading database ... 20%(Reading database ... 25%(Reading database ... 30%(Reading database ... 35%(Reading database ... 40%(Reading database ... 45%(Reading database ... 50%(Reading database ... 55%(Reading database ... 60%(Reading database ... 65%(Reading database ... 70%(Reading database ... 75%(Reading database ... 80%(Reading database ... 85%(Reading database ... 90%(Reading database ... 95%(Reading database ... 100%(Reading database ... 72018 files and directories currently installed.)
Preparing to replace libc6 2.15-0ubuntu10.10 (using .../libc6_2.15-0ubuntu10.15_amd64.deb) ...
Unpacking replacement libc6 ...
Setting up libc6 (2.15-0ubuntu10.15) ...
Setting up libc-dev-bin (2.15-0ubuntu10.15) ...
Setting up libc6-dev (2.15-0ubuntu10.15) ...
Processing triggers for libc-bin ...
ldconfig deferred processing now taking place
travis_fold:end:fix.CVE-2015-7547[0Ktravis_fold:start:git.checkout[0Ktravis_time:start:0e3fab18[0K$ git clone --depth=50 https://github.com/apache/storm.git apache/storm
Cloning into 'apache/storm'...
remote: Counting objects: 20958, done.[K
remote: Compressing objects:   0% (1/8305)   [Kremote: Compressing objects:   1% (84/8305)   [Kremote: Compressing objects:   2% (167/8305)   [Kremote: Compressing objects:   3% (250/8305)   [Kremote: Compressing objects:   4% (333/8305)   [Kremote: Compressing objects:   5% (416/8305)   [Kremote: Compressing objects:   6% (499/8305)   [Kremote: Compressing objects:   7% (582/8305)   [Kremote: Compressing objects:   8% (665/8305)   [Kremote: Compressing objects:   9% (748/8305)   [Kremote: Compressing objects:  10% (831/8305)   [Kremote: Compressing objects:  11% (914/8305)   [Kremote: Compressing objects:  12% (997/8305)   [Kremote: Compressing objects:  13% (1080/8305)   [Kremote: Compressing objects:  14% (1163/8305)   [Kremote: Compressing objects:  15% (1246/8305)   [Kremote: Compressing objects:  16% (1329/8305)   [Kremote: Compressing objects:  17% (1412/8305)   [Kremote: Compressing objects:  18% (1495/8305)   [Kremote: Compressing objects:  19% (1578/8305)   [Kremote: Compressing objects:  20% (1661/8305)   [Kremote: Compressing objects:  21% (1745/8305)   [Kremote: Compressing objects:  22% (1828/8305)   [Kremote: Compressing objects:  23% (1911/8305)   [Kremote: Compressing objects:  24% (1994/8305)   [Kremote: Compressing objects:  25% (2077/8305)   [Kremote: Compressing objects:  26% (2160/8305)   [Kremote: Compressing objects:  27% (2243/8305)   [Kremote: Compressing objects:  28% (2326/8305)   [Kremote: Compressing objects:  29% (2409/8305)   [Kremote: Compressing objects:  30% (2492/8305)   [Kremote: Compressing objects:  31% (2575/8305)   [Kremote: Compressing objects:  32% (2658/8305)   [Kremote: Compressing objects:  33% (2741/8305)   [Kremote: Compressing objects:  34% (2824/8305)   [Kremote: Compressing objects:  35% (2907/8305)   [Kremote: Compressing objects:  36% (2990/8305)   [Kremote: Compressing objects:  37% (3073/8305)   [Kremote: Compressing objects:  38% (3156/8305)   [Kremote: Compressing objects:  39% (3239/8305)   [Kremote: Compressing objects:  40% (3322/8305)   [Kremote: Compressing objects:  41% (3406/8305)   [Kremote: Compressing objects:  42% (3489/8305)   [Kremote: Compressing objects:  43% (3572/8305)   [Kremote: Compressing objects:  44% (3655/8305)   [Kremote: Compressing objects:  45% (3738/8305)   [Kremote: Compressing objects:  46% (3821/8305)   [Kremote: Compressing objects:  47% (3904/8305)   [Kremote: Compressing objects:  48% (3987/8305)   [Kremote: Compressing objects:  49% (4070/8305)   [Kremote: Compressing objects:  50% (4153/8305)   [Kremote: Compressing objects:  51% (4236/8305)   [Kremote: Compressing objects:  52% (4319/8305)   [Kremote: Compressing objects:  53% (4402/8305)   [Kremote: Compressing objects:  54% (4485/8305)   [Kremote: Compressing objects:  55% (4568/8305)   [Kremote: Compressing objects:  56% (4651/8305)   [Kremote: Compressing objects:  57% (4734/8305)   [Kremote: Compressing objects:  58% (4817/8305)   [Kremote: Compressing objects:  59% (4900/8305)   [Kremote: Compressing objects:  60% (4983/8305)   [Kremote: Compressing objects:  61% (5067/8305)   [Kremote: Compressing objects:  62% (5150/8305)   [Kremote: Compressing objects:  63% (5233/8305)   [Kremote: Compressing objects:  64% (5316/8305)   [Kremote: Compressing objects:  65% (5399/8305)   [Kremote: Compressing objects:  66% (5482/8305)   [Kremote: Compressing objects:  67% (5565/8305)   [Kremote: Compressing objects:  68% (5648/8305)   [Kremote: Compressing objects:  69% (5731/8305)   [Kremote: Compressing objects:  70% (5814/8305)   [Kremote: Compressing objects:  71% (5897/8305)   [Kremote: Compressing objects:  72% (5980/8305)   [Kremote: Compressing objects:  73% (6063/8305)   [Kremote: Compressing objects:  74% (6146/8305)   [Kremote: Compressing objects:  75% (6229/8305)   [Kremote: Compressing objects:  76% (6312/8305)   [Kremote: Compressing objects:  77% (6395/8305)   [Kremote: Compressing objects:  78% (6478/8305)   [Kremote: Compressing objects:  79% (6561/8305)   [Kremote: Compressing objects:  80% (6644/8305)   [Kremote: Compressing objects:  81% (6728/8305)   [Kremote: Compressing objects:  82% (6811/8305)   [Kremote: Compressing objects:  83% (6894/8305)   [Kremote: Compressing objects:  84% (6977/8305)   [Kremote: Compressing objects:  85% (7060/8305)   [Kremote: Compressing objects:  86% (7143/8305)   [Kremote: Compressing objects:  87% (7226/8305)   [Kremote: Compressing objects:  88% (7309/8305)   [Kremote: Compressing objects:  89% (7392/8305)   [Kremote: Compressing objects:  90% (7475/8305)   [Kremote: Compressing objects:  91% (7558/8305)   [Kremote: Compressing objects:  92% (7641/8305)   [Kremote: Compressing objects:  93% (7724/8305)   [Kremote: Compressing objects:  94% (7807/8305)   [Kremote: Compressing objects:  95% (7890/8305)   [Kremote: Compressing objects:  96% (7973/8305)   [Kremote: Compressing objects:  97% (8056/8305)   [Kremote: Compressing objects:  98% (8139/8305)   [Kremote: Compressing objects:  99% (8222/8305)   [Kremote: Compressing objects: 100% (8305/8305)   [Kremote: Compressing objects: 100% (8305/8305), done.[K
Receiving objects:   0% (1/20958)   Receiving objects:   1% (210/20958)   Receiving objects:   2% (420/20958)   Receiving objects:   3% (629/20958)   Receiving objects:   4% (839/20958)   Receiving objects:   5% (1048/20958)   Receiving objects:   6% (1258/20958)   Receiving objects:   7% (1468/20958)   Receiving objects:   8% (1677/20958)   Receiving objects:   9% (1887/20958)   Receiving objects:  10% (2096/20958)   Receiving objects:  11% (2306/20958)   Receiving objects:  12% (2515/20958)   Receiving objects:  13% (2725/20958)   Receiving objects:  14% (2935/20958)   Receiving objects:  15% (3144/20958)   Receiving objects:  16% (3354/20958)   Receiving objects:  17% (3563/20958), 7.85 MiB | 15.66 MiB/s   Receiving objects:  18% (3773/20958), 7.85 MiB | 15.66 MiB/s   Receiving objects:  19% (3983/20958), 7.85 MiB | 15.66 MiB/s   Receiving objects:  20% (4192/20958), 7.85 MiB | 15.66 MiB/s   Receiving objects:  21% (4402/20958), 7.85 MiB | 15.66 MiB/s   Receiving objects:  22% (4611/20958), 7.85 MiB | 15.66 MiB/s   Receiving objects:  23% (4821/20958), 7.85 MiB | 15.66 MiB/s   Receiving objects:  24% (5030/20958), 7.85 MiB | 15.66 MiB/s   Receiving objects:  25% (5240/20958), 7.85 MiB | 15.66 MiB/s   Receiving objects:  26% (5450/20958), 7.85 MiB | 15.66 MiB/s   Receiving objects:  27% (5659/20958), 7.85 MiB | 15.66 MiB/s   Receiving objects:  28% (5869/20958), 7.85 MiB | 15.66 MiB/s   Receiving objects:  29% (6078/20958), 7.85 MiB | 15.66 MiB/s   Receiving objects:  30% (6288/20958), 7.85 MiB | 15.66 MiB/s   Receiving objects:  31% (6497/20958), 7.85 MiB | 15.66 MiB/s   Receiving objects:  32% (6707/20958), 7.85 MiB | 15.66 MiB/s   Receiving objects:  33% (6917/20958), 7.85 MiB | 15.66 MiB/s   Receiving objects:  34% (7126/20958), 7.85 MiB | 15.66 MiB/s   Receiving objects:  35% (7336/20958), 7.85 MiB | 15.66 MiB/s   Receiving objects:  36% (7545/20958), 7.85 MiB | 15.66 MiB/s   Receiving objects:  37% (7755/20958), 7.85 MiB | 15.66 MiB/s   Receiving objects:  38% (7965/20958), 7.85 MiB | 15.66 MiB/s   Receiving objects:  39% (8174/20958), 7.85 MiB | 15.66 MiB/s   Receiving objects:  40% (8384/20958), 7.85 MiB | 15.66 MiB/s   Receiving objects:  41% (8593/20958), 7.85 MiB | 15.66 MiB/s   Receiving objects:  42% (8803/20958), 7.85 MiB | 15.66 MiB/s   Receiving objects:  43% (9012/20958), 7.85 MiB | 15.66 MiB/s   Receiving objects:  44% (9222/20958), 7.85 MiB | 15.66 MiB/s   Receiving objects:  45% (9432/20958), 7.85 MiB | 15.66 MiB/s   Receiving objects:  46% (9641/20958), 7.85 MiB | 15.66 MiB/s   Receiving objects:  47% (9851/20958), 7.85 MiB | 15.66 MiB/s   Receiving objects:  48% (10060/20958), 7.85 MiB | 15.66 MiB/s   Receiving objects:  49% (10270/20958), 7.85 MiB | 15.66 MiB/s   Receiving objects:  50% (10479/20958), 7.85 MiB | 15.66 MiB/s   Receiving objects:  51% (10689/20958), 7.85 MiB | 15.66 MiB/s   Receiving objects:  52% (10899/20958), 7.85 MiB | 15.66 MiB/s   Receiving objects:  53% (11108/20958), 7.85 MiB | 15.66 MiB/s   Receiving objects:  54% (11318/20958), 7.85 MiB | 15.66 MiB/s   Receiving objects:  55% (11527/20958), 7.85 MiB | 15.66 MiB/s   Receiving objects:  56% (11737/20958), 7.85 MiB | 15.66 MiB/s   Receiving objects:  57% (11947/20958), 7.85 MiB | 15.66 MiB/s   Receiving objects:  58% (12156/20958), 7.85 MiB | 15.66 MiB/s   Receiving objects:  59% (12366/20958), 7.85 MiB | 15.66 MiB/s   Receiving objects:  60% (12575/20958), 7.85 MiB | 15.66 MiB/s   Receiving objects:  61% (12785/20958), 7.85 MiB | 15.66 MiB/s   Receiving objects:  62% (12994/20958), 7.85 MiB | 15.66 MiB/s   Receiving objects:  63% (13204/20958), 7.85 MiB | 15.66 MiB/s   Receiving objects:  64% (13414/20958), 7.85 MiB | 15.66 MiB/s   Receiving objects:  65% (13623/20958), 7.85 MiB | 15.66 MiB/s   Receiving objects:  66% (13833/20958), 7.85 MiB | 15.66 MiB/s   Receiving objects:  67% (14042/20958), 7.85 MiB | 15.66 MiB/s   Receiving objects:  68% (14252/20958), 7.85 MiB | 15.66 MiB/s   Receiving objects:  69% (14462/20958), 7.85 MiB | 15.66 MiB/s   Receiving objects:  70% (14671/20958), 7.85 MiB | 15.66 MiB/s   Receiving objects:  71% (14881/20958), 7.85 MiB | 15.66 MiB/s   Receiving objects:  72% (15090/20958), 7.85 MiB | 15.66 MiB/s   Receiving objects:  73% (15300/20958), 7.85 MiB | 15.66 MiB/s   Receiving objects:  74% (15509/20958), 7.85 MiB | 15.66 MiB/s   Receiving objects:  75% (15719/20958), 7.85 MiB | 15.66 MiB/s   Receiving objects:  76% (15929/20958), 7.85 MiB | 15.66 MiB/s   Receiving objects:  77% (16138/20958), 7.85 MiB | 15.66 MiB/s   Receiving objects:  78% (16348/20958), 7.85 MiB | 15.66 MiB/s   Receiving objects:  79% (16557/20958), 7.85 MiB | 15.66 MiB/s   Receiving objects:  80% (16767/20958), 7.85 MiB | 15.66 MiB/s   Receiving objects:  81% (16976/20958), 7.85 MiB | 15.66 MiB/s   Receiving objects:  82% (17186/20958), 7.85 MiB | 15.66 MiB/s   Receiving objects:  83% (17396/20958), 7.85 MiB | 15.66 MiB/s   Receiving objects:  84% (17605/20958), 7.85 MiB | 15.66 MiB/s   Receiving objects:  85% (17815/20958), 7.85 MiB | 15.66 MiB/s   Receiving objects:  86% (18024/20958), 7.85 MiB | 15.66 MiB/s   Receiving objects:  86% (18184/20958), 7.85 MiB | 15.66 MiB/s   Receiving objects:  87% (18234/20958), 7.85 MiB | 15.66 MiB/s   Receiving objects:  88% (18444/20958), 14.90 MiB | 14.87 MiB/s   Receiving objects:  89% (18653/20958), 14.90 MiB | 14.87 MiB/s   Receiving objects:  90% (18863/20958), 14.90 MiB | 14.87 MiB/s   Receiving objects:  91% (19072/20958), 14.90 MiB | 14.87 MiB/s   Receiving objects:  92% (19282/20958), 14.90 MiB | 14.87 MiB/s   Receiving objects:  93% (19491/20958), 14.90 MiB | 14.87 MiB/s   Receiving objects:  94% (19701/20958), 14.90 MiB | 14.87 MiB/s   Receiving objects:  95% (19911/20958), 14.90 MiB | 14.87 MiB/s   Receiving objects:  96% (20120/20958), 14.90 MiB | 14.87 MiB/s   Receiving objects:  97% (20330/20958), 14.90 MiB | 14.87 MiB/s   Receiving objects:  98% (20539/20958), 14.90 MiB | 14.87 MiB/s   Receiving objects:  99% (20749/20958), 14.90 MiB | 14.87 MiB/s   remote: Total 20958 (delta 10020), reused 18259 (delta 7938), pack-reused 0[K
Receiving objects: 100% (20958/20958), 14.90 MiB | 14.87 MiB/s   Receiving objects: 100% (20958/20958), 15.42 MiB | 14.87 MiB/s, done.
Resolving deltas:   0% (0/10020)   Resolving deltas:   1% (126/10020)   Resolving deltas:   2% (236/10020)   Resolving deltas:   3% (317/10020)   Resolving deltas:   4% (403/10020)   Resolving deltas:   5% (504/10020)   Resolving deltas:   6% (645/10020)   Resolving deltas:   7% (702/10020)   Resolving deltas:   8% (807/10020)   Resolving deltas:   9% (903/10020)   Resolving deltas:  10% (1004/10020)   Resolving deltas:  11% (1104/10020)   Resolving deltas:  12% (1218/10020)   Resolving deltas:  13% (1319/10020)   Resolving deltas:  14% (1403/10020)   Resolving deltas:  15% (1523/10020)   Resolving deltas:  16% (1604/10020)   Resolving deltas:  17% (1704/10020)   Resolving deltas:  18% (1804/10020)   Resolving deltas:  19% (1908/10020)   Resolving deltas:  20% (2005/10020)   Resolving deltas:  21% (2106/10020)   Resolving deltas:  22% (2205/10020)   Resolving deltas:  23% (2331/10020)   Resolving deltas:  24% (2407/10020)   Resolving deltas:  25% (2514/10020)   Resolving deltas:  26% (2614/10020)   Resolving deltas:  27% (2712/10020)   Resolving deltas:  28% (2814/10020)   Resolving deltas:  29% (2926/10020)   Resolving deltas:  30% (3014/10020)   Resolving deltas:  31% (3110/10020)   Resolving deltas:  32% (3208/10020)   Resolving deltas:  33% (3315/10020)   Resolving deltas:  34% (3414/10020)   Resolving deltas:  35% (3507/10020)   Resolving deltas:  36% (3613/10020)   Resolving deltas:  37% (3708/10020)   Resolving deltas:  38% (3808/10020)   Resolving deltas:  39% (3914/10020)   Resolving deltas:  40% (4013/10020)   Resolving deltas:  41% (4109/10020)   Resolving deltas:  42% (4216/10020)   Resolving deltas:  43% (4317/10020)   Resolving deltas:  44% (4412/10020)   Resolving deltas:  45% (4512/10020)   Resolving deltas:  46% (4615/10020)   Resolving deltas:  47% (4713/10020)   Resolving deltas:  48% (4857/10020)   Resolving deltas:  49% (4910/10020)   Resolving deltas:  50% (5015/10020)   Resolving deltas:  51% (5116/10020)   Resolving deltas:  52% (5212/10020)   Resolving deltas:  53% (5313/10020)   Resolving deltas:  54% (5420/10020)   Resolving deltas:  55% (5514/10020)   Resolving deltas:  56% (5613/10020)   Resolving deltas:  57% (5744/10020)   Resolving deltas:  58% (5886/10020)   Resolving deltas:  61% (6147/10020)   Resolving deltas:  62% (6216/10020)   Resolving deltas:  64% (6461/10020)   Resolving deltas:  66% (6649/10020)   Resolving deltas:  67% (6752/10020)   Resolving deltas:  68% (6827/10020)   Resolving deltas:  71% (7129/10020)   Resolving deltas:  74% (7489/10020)   Resolving deltas:  76% (7644/10020)   Resolving deltas:  77% (7731/10020)   Resolving deltas:  78% (7817/10020)   Resolving deltas:  79% (7919/10020)   Resolving deltas:  80% (8017/10020)   Resolving deltas:  81% (8127/10020)   Resolving deltas:  82% (8230/10020)   Resolving deltas:  83% (8337/10020)   Resolving deltas:  84% (8417/10020)   Resolving deltas:  85% (8551/10020)   Resolving deltas:  86% (8621/10020)   Resolving deltas:  87% (8729/10020)   Resolving deltas:  89% (8987/10020)   Resolving deltas:  90% (9035/10020)   Resolving deltas:  91% (9166/10020)   Resolving deltas:  92% (9221/10020)   Resolving deltas:  93% (9328/10020)   Resolving deltas:  94% (9424/10020)   Resolving deltas:  95% (9519/10020)   Resolving deltas:  96% (9651/10020)   Resolving deltas:  97% (9721/10020)   Resolving deltas:  98% (9820/10020)   Resolving deltas:  99% (10018/10020)   Resolving deltas: 100% (10020/10020)   Resolving deltas: 100% (10020/10020), done.
Checking connectivity... done.

travis_time:end:0e3fab18:start=1468421502945416511,finish=1468421507158384989,duration=4212968478[0K$ cd apache/storm
travis_time:start:03c96b65[0K$ git fetch origin +refs/pull/1560/merge:
remote: Counting objects: 27, done.[K
remote: Compressing objects:  10% (1/10)   [Kremote: Compressing objects:  20% (2/10)   [Kremote: Compressing objects:  30% (3/10)   [Kremote: Compressing objects:  40% (4/10)   [Kremote: Compressing objects:  50% (5/10)   [Kremote: Compressing objects:  60% (6/10)   [Kremote: Compressing objects:  70% (7/10)   [Kremote: Compressing objects:  80% (8/10)   [Kremote: Compressing objects:  90% (9/10)   [Kremote: Compressing objects: 100% (10/10)   [Kremote: Compressing objects: 100% (10/10), done.[K
remote: Total 27 (delta 11), reused 26 (delta 11), pack-reused 0[K
Unpacking objects:   3% (1/27)   Unpacking objects:   7% (2/27)   Unpacking objects:  11% (3/27)   Unpacking objects:  14% (4/27)   Unpacking objects:  18% (5/27)   Unpacking objects:  22% (6/27)   Unpacking objects:  25% (7/27)   Unpacking objects:  29% (8/27)   Unpacking objects:  33% (9/27)   Unpacking objects:  37% (10/27)   Unpacking objects:  40% (11/27)   Unpacking objects:  44% (12/27)   Unpacking objects:  48% (13/27)   Unpacking objects:  51% (14/27)   Unpacking objects:  55% (15/27)   Unpacking objects:  59% (16/27)   Unpacking objects:  62% (17/27)   Unpacking objects:  66% (18/27)   Unpacking objects:  70% (19/27)   Unpacking objects:  74% (20/27)   Unpacking objects:  77% (21/27)   Unpacking objects:  81% (22/27)   Unpacking objects:  85% (23/27)   Unpacking objects:  88% (24/27)   Unpacking objects:  92% (25/27)   Unpacking objects:  96% (26/27)   Unpacking objects: 100% (27/27)   Unpacking objects: 100% (27/27), done.
From https://github.com/apache/storm
 * branch            refs/pull/1560/merge -> FETCH_HEAD

travis_time:end:03c96b65:start=1468421507163089023,finish=1468421507494406904,duration=331317881[0K$ git checkout -qf FETCH_HEAD
travis_fold:end:git.checkout[0K
[33;1mThis job is running on container-based infrastructure, which does not allow use of 'sudo', setuid and setguid executables.[0m
[33;1mIf you require sudo, add 'sudo: required' to your .travis.yml[0m
[33;1mSee https://docs.travis-ci.com/user/workers/container-based-infrastructure/ for details.[0m

[33;1mSetting environment variables from .travis.yml[0m
$ export MODULES=storm-core

$ jdk_switcher use oraclejdk7
Switching to Oracle JDK7 (java-7-oracle), JAVA_HOME will be set to /usr/lib/jvm/java-7-oracle
travis_fold:start:cache.1[0KSetting up build cache
$ export CASHER_DIR=$HOME/.casher
travis_time:start:22253042[0K$ Installing caching utilities

travis_time:end:22253042:start=1468421520235633920,finish=1468421520455366940,duration=219733020[0Ktravis_time:start:0ab04100[0K
travis_time:end:0ab04100:start=1468421520460220644,finish=1468421520463507994,duration=3287350[0Ktravis_time:start:0501faba[0K[32;1mattempting to download cache archive[0m
[32;1mfetching PR.1560/cache-linux-precise-4722ea394922d42b2b7eb84cff6efc764d76759821ac6f6efc13232aa923f595--jdk-oraclejdk7.tgz[0m
[32;1mfetching PR.1560/cache--jdk-oraclejdk7.tgz[0m
[32;1mfetching master/cache-linux-precise-4722ea394922d42b2b7eb84cff6efc764d76759821ac6f6efc13232aa923f595--jdk-oraclejdk7.tgz[0m
[32;1mfound cache[0m

travis_time:end:0501faba:start=1468421520467343334,finish=1468421527440015972,duration=6972672638[0Ktravis_time:start:0325ae7a[0K
travis_time:end:0325ae7a:start=1468421527444494295,finish=1468421527448713083,duration=4218788[0Ktravis_time:start:143918a0[0K[32;1madding /home/travis/.m2/repository to cache[0m
[32;1madding /home/travis/.rvm to cache[0m
[32;1madding /home/travis/.nvm to cache[0m

travis_time:end:143918a0:start=1468421527453101184,finish=1468421558434125286,duration=30981024102[0Ktravis_fold:end:cache.1[0K$ java -Xmx32m -version
java version "1.7.0_76"
Java(TM) SE Runtime Environment (build 1.7.0_76-b13)
Java HotSpot(TM) 64-Bit Server VM (build 24.76-b04, mixed mode)
$ javac -J-Xmx32m -version
javac 1.7.0_76
travis_fold:start:before_install.1[0Ktravis_time:start:15f76fbc[0K$ rvm use 2.1.5 --install
[32mUsing /home/travis/.rvm/gems/ruby-2.1.5[0m

travis_time:end:15f76fbc:start=1468421560992988704,finish=1468421561384537553,duration=391548849[0Ktravis_fold:end:before_install.1[0Ktravis_fold:start:before_install.2[0Ktravis_time:start:002f52dd[0K$ nvm install 0.12.2
v0.12.2 is already installed.
Now using node v0.12.2

travis_time:end:002f52dd:start=1468421561388703168,finish=1468421561669256554,duration=280553386[0Ktravis_fold:end:before_install.2[0Ktravis_fold:start:before_install.3[0Ktravis_time:start:3b61bfba[0K$ nvm use 0.12.2
Now using node v0.12.2

travis_time:end:3b61bfba:start=1468421561674650274,finish=1468421561739021119,duration=64370845[0Ktravis_fold:end:before_install.3[0Ktravis_fold:start:install[0Ktravis_time:start:06065680[0K$ /bin/bash ./dev-tools/travis/travis-install.sh `pwd`
Python version :   Python 2.7.3
Maven version  :   Apache Maven 3.2.5 (12a6b3acb947671f09b81f49094c53f426d8cea1; 2014-12-14T17:29:23+00:00) Maven home: /usr/local/maven Java version: 1.7.0_76, vendor: Oracle Corporation Java home: /usr/lib/jvm/java-7-oracle/jre Default locale: en_US, platform encoding: UTF-8 OS name: "linux", version: "3.13.0-40-generic", arch: "amd64", family: "unix"
['mvn', 'clean', 'install', '-DskipTests', '-Pnative', '--batch-mode'] writing to install.txt
2 seconds 1 log lines12 seconds 227 log lines38 seconds 323 log lines70 seconds 330 log lines80 seconds 380 log lines90 seconds 498 log lines108 seconds 652 log lines120 seconds 865 log lines131 seconds 914 log lines142 seconds 1052 log lines152 seconds 1322 log lines163 seconds 1473 log lines174 seconds 1626 log lines184 seconds 1796 log lines195 seconds 2183 log lines205 seconds 2253 log lines220 seconds 2627 log lines225 seconds 2680 log lines
['mvn', 'clean', 'install', '-DskipTests', '-Pnative', '--batch-mode'] done 0

travis_time:end:06065680:start=1468421561744752666,finish=1468421787548794554,duration=225804041888[0Ktravis_fold:end:install[0Ktravis_time:start:18927bc7[0K$ /bin/bash ./dev-tools/travis/travis-script.sh `pwd` $MODULES
Python version :   Python 2.7.3
Ruby version   :   ruby 2.1.5p273 (2014-11-13 revision 48405) [x86_64-linux]
NodeJs version :   v0.12.2
Maven version  :   Apache Maven 3.2.5 (12a6b3acb947671f09b81f49094c53f426d8cea1; 2014-12-14T17:29:23+00:00) Maven home: /usr/local/maven Java version: 1.7.0_76, vendor: Oracle Corporation Java home: /usr/lib/jvm/java-7-oracle/jre Default locale: en_US, platform encoding: UTF-8 OS name: "linux", version: "3.13.0-40-generic", arch: "amd64", family: "unix"
[INFO] Scanning for projects...
[INFO]                                                                         
[INFO] ------------------------------------------------------------------------
[INFO] Building Storm Core 2.0.0-SNAPSHOT
[INFO] ------------------------------------------------------------------------
[INFO] 
[INFO] --- exec-maven-plugin:1.2.1:exec (default) @ storm-core ---
[INFO] 
[INFO] --- maven-remote-resources-plugin:1.2.1:process (default) @ storm-core ---
[INFO] 
[INFO] --- storm-maven-plugins:2.0.0-SNAPSHOT:version-info (version-info) @ storm-core ---
[WARNING] [svn, info] failed with error code 1
[INFO] SCM: GIT
[INFO] Computed MD5: 9e2034728b43e8625f7ab4f4e761c4c1
[INFO] 
[INFO] --- maven-resources-plugin:2.5:resources (default-resources) @ storm-core ---
[debug] execute contextualize
[INFO] Using 'UTF-8' encoding to copy filtered resources.
[INFO] Copying 9 resources
[INFO] Copying 1 resource to META-INF
[INFO] Copying 0 resource
[INFO] Copying 1 resource
[INFO] Copying 3 resources
[INFO] 
[INFO] --- maven-compiler-plugin:3.1:compile (default-compile) @ storm-core ---
[INFO] Nothing to compile - all classes are up to date
[INFO] 
[INFO] --- clojure-maven-plugin:1.7.1:compile (compile-clojure) @ storm-core ---
Compiling org.apache.storm.testing4j to /home/travis/build/apache/storm/storm-core/target/classes
14:56:40.597 [main] WARN  o.a.s.m.StormMetricsRegistry - Metric ui:num-topology-op-response-http-requests has already been registered
14:56:40.598 [main] WARN  o.a.s.m.StormMetricsRegistry - Metric ui:num-topology-op-response-http-requests has already been registered
Compiling org.apache.storm.ui.helpers to /home/travis/build/apache/storm/storm-core/target/classes
Compiling org.apache.storm.scheduler.IsolationScheduler to /home/travis/build/apache/storm/storm-core/target/classes
Compiling org.apache.storm.log to /home/travis/build/apache/storm/storm-core/target/classes
Compiling org.apache.storm.daemon.worker to /home/travis/build/apache/storm/storm-core/target/classes
Compiling org.apache.storm.daemon.executor to /home/travis/build/apache/storm/storm-core/target/classes
Compiling org.apache.storm.converter to /home/travis/build/apache/storm/storm-core/target/classes
Compiling org.apache.storm.testing to /home/travis/build/apache/storm/storm-core/target/classes
Compiling org.apache.storm.util to /home/travis/build/apache/storm/storm-core/target/classes
Compiling org.apache.storm.command.heartbeats to /home/travis/build/apache/storm/storm-core/target/classes
Compiling org.apache.storm.command.shell-submission to /home/travis/build/apache/storm/storm-core/target/classes
Compiling org.apache.storm.blobstore to /home/travis/build/apache/storm/storm-core/target/classes
Compiling org.apache.storm.internal.clojure to /home/travis/build/apache/storm/storm-core/target/classes
Compiling org.apache.storm.daemon.common to /home/travis/build/apache/storm/storm-core/target/classes
Compiling org.apache.storm.daemon.local-supervisor to /home/travis/build/apache/storm/storm-core/target/classes
Compiling org.apache.storm.internal.thrift to /home/travis/build/apache/storm/storm-core/target/classes
Compiling org.apache.storm.daemon.logviewer to /home/travis/build/apache/storm/storm-core/target/classes
Compiling org.apache.storm.daemon.nimbus to /home/travis/build/apache/storm/storm-core/target/classes
Compiling org.apache.storm.LocalCluster to /home/travis/build/apache/storm/storm-core/target/classes
Compiling org.apache.storm.command.get-errors to /home/travis/build/apache/storm/storm-core/target/classes
Compiling org.apache.storm.trident.testing to /home/travis/build/apache/storm/storm-core/target/classes
Compiling org.apache.storm.ui.core to /home/travis/build/apache/storm/storm-core/target/classes
Compiling org.apache.storm.command.blobstore to /home/travis/build/apache/storm/storm-core/target/classes
Compiling org.apache.storm.local-state-converter to /home/travis/build/apache/storm/storm-core/target/classes
Compiling org.apache.storm.daemon.drpc to /home/travis/build/apache/storm/storm-core/target/classes
Compiling org.apache.storm.config to /home/travis/build/apache/storm/storm-core/target/classes
[INFO] 
[INFO] --- make-maven-plugin:1.0-beta-1:autoreconf (compile) @ storm-core ---
[INFO] 
[INFO] --- make-maven-plugin:1.0-beta-1:configure (compile) @ storm-core ---
[INFO] /bin/sh: 14: /home/travis/.jdk_switcher_rc: [[: not found
[INFO] /bin/sh: 22: /home/travis/.jdk_switcher_rc: [[: not found
[INFO] /bin/sh: 32: /home/travis/.jdk_switcher_rc: [[: not found
[INFO] /bin/sh: 42: /home/travis/.jdk_switcher_rc: [[: not found
[INFO] /bin/sh: 3: /etc/profile.d/rvm.sh: [[: not found
[INFO] checking for gcc... gcc
[INFO] checking whether the C compiler works... yes
[INFO] checking for C compiler default output file name... a.out
[INFO] checking for suffix of executables... 
[INFO] checking whether we are cross compiling... no
[INFO] checking for suffix of object files... o
[INFO] checking whether we are using the GNU C compiler... yes
[INFO] checking whether gcc accepts -g... yes
[INFO] checking for gcc option to accept ISO C89... none needed
[INFO] checking how to run the C preprocessor... gcc -E
[INFO] checking for grep that handles long lines and -e... /bin/grep
[INFO] checking for egrep... /bin/grep -E
[INFO] checking for ANSI C header files... yes
[INFO] checking for sys/types.h... yes
[INFO] checking for sys/stat.h... yes
[INFO] checking for stdlib.h... yes
[INFO] checking for string.h... yes
[INFO] checking for memory.h... yes
[INFO] checking for strings.h... yes
[INFO] checking for inttypes.h... yes
[INFO] checking for stdint.h... yes
[INFO] checking for unistd.h... yes
[INFO] checking minix/config.h usability... no
[INFO] checking minix/config.h presence... no
[INFO] checking for minix/config.h... no
[INFO] checking whether it is safe to define __EXTENSIONS__... yes
[INFO] checking for a BSD-compatible install... /usr/bin/install -c
[INFO] checking whether build environment is sane... yes
[INFO] checking for a thread-safe mkdir -p... /bin/mkdir -p
[INFO] checking for gawk... gawk
[INFO] checking whether make sets $(MAKE)... yes
[INFO] checking for style of include used by make... GNU
[INFO] checking dependency style of gcc... gcc3
[INFO] checking for gcc... (cached) gcc
[INFO] checking whether we are using the GNU C compiler... (cached) yes
[INFO] checking whether gcc accepts -g... (cached) yes
[INFO] checking for gcc option to accept ISO C89... (cached) none needed
[INFO] checking whether gcc and cc understand -c and -o together... yes
[INFO] checking for unistd.h... (cached) yes
[INFO] checking for stdbool.h that conforms to C99... yes
[INFO] checking for _Bool... yes
[INFO] checking for an ANSI C-conforming const... yes
[INFO] checking for off_t... yes
[INFO] checking for size_t... yes
[INFO] checking whether strerror_r is declared... yes
[INFO] checking for strerror_r... yes
[INFO] checking whether strerror_r returns char *... yes
[INFO] checking for mkdir... yes
[INFO] checking for uname... yes
[INFO] configure: creating ./config.status
[INFO] config.status: creating Makefile
[INFO] config.status: executing depfiles commands
[INFO] 
[INFO] --- make-maven-plugin:1.0-beta-1:make-install (compile) @ storm-core ---
[INFO] /bin/sh: 14: /home/travis/.jdk_switcher_rc: [[: not found
[INFO] /bin/sh: 22: /home/travis/.jdk_switcher_rc: [[: not found
[INFO] /bin/sh: 32: /home/travis/.jdk_switcher_rc: [[: not found
[INFO] /bin/sh: 42: /home/travis/.jdk_switcher_rc: [[: not found
[INFO] /bin/sh: 3: /etc/profile.d/rvm.sh: [[: not found
[INFO] make[1]: Entering directory `/home/travis/build/apache/storm/storm-core/target/native/worker-launcher'
[INFO] test -z "/usr/local/bin" || /bin/mkdir -p "/home/travis/build/apache/storm/storm-core/target/native/target/usr/local/bin"
[INFO]   /usr/bin/install -c worker-launcher '/home/travis/build/apache/storm/storm-core/target/native/target/usr/local/bin'
[INFO] make[1]: Nothing to be done for `install-data-am'.
[INFO] make[1]: Leaving directory `/home/travis/build/apache/storm/storm-core/target/native/worker-launcher'
[INFO] 
[INFO] --- maven-resources-plugin:2.5:testResources (default-testResources) @ storm-core ---
[debug] execute contextualize
[INFO] Using 'UTF-8' encoding to copy filtered resources.
[INFO] Copying 14 resources
[INFO] Copying 2 resources
[INFO] Copying 3 resources
[INFO] 
[INFO] --- maven-dependency-plugin:2.8:unpack (unpack) @ storm-core ---
[INFO] Configured Artifact: org.apache.storm:multilang-ruby:2.0.0-SNAPSHOT:jar
[INFO] Downloading: https://repository.apache.org/snapshots/org/apache/storm/multilang-ruby/2.0.0-SNAPSHOT/maven-metadata.xml
[INFO] Configured Artifact: org.apache.storm:multilang-python:2.0.0-SNAPSHOT:jar
[INFO] Downloading: https://repository.apache.org/snapshots/org/apache/storm/multilang-python/2.0.0-SNAPSHOT/maven-metadata.xml
[INFO] Configured Artifact: org.apache.storm:multilang-javascript:2.0.0-SNAPSHOT:jar
[INFO] Downloading: https://repository.apache.org/snapshots/org/apache/storm/multilang-javascript/2.0.0-SNAPSHOT/maven-metadata.xml
[INFO] multilang-ruby-2.0.0-SNAPSHOT.jar already unpacked.
[INFO] multilang-python-2.0.0-SNAPSHOT.jar already unpacked.
[INFO] multilang-javascript-2.0.0-SNAPSHOT.jar already unpacked.
[INFO] 
[INFO] --- maven-compiler-plugin:3.1:testCompile (default-testCompile) @ storm-core ---
[INFO] Changes detected - recompiling the module!
[INFO] Compiling 63 source files to /home/travis/build/apache/storm/storm-core/target/test-classes
[WARNING] /home/travis/build/apache/storm/storm-core/test/jvm/org/apache/storm/localizer/LocalizerTest.java: Some input files use or override a deprecated API.
[WARNING] /home/travis/build/apache/storm/storm-core/test/jvm/org/apache/storm/localizer/LocalizerTest.java: Recompile with -Xlint:deprecation for details.
[WARNING] /home/travis/build/apache/storm/storm-core/test/jvm/org/apache/storm/command/TestCLI.java: Some input files use unchecked or unsafe operations.
[WARNING] /home/travis/build/apache/storm/storm-core/test/jvm/org/apache/storm/command/TestCLI.java: Recompile with -Xlint:unchecked for details.
[INFO] 
[INFO] --- maven-surefire-plugin:2.18.1:test (default-test) @ storm-core ---
[INFO] Surefire report directory: /home/travis/build/apache/storm/storm-core/target/surefire-reports
[INFO] parallel='none', perCoreThreadCount=true, threadCount=0, useUnlimitedThreads=false, threadCountSuites=0, threadCountClasses=0, threadCountMethods=0, parallelOptimized=true

-------------------------------------------------------
 T E S T S
-------------------------------------------------------
Running org.apache.storm.security.serialization.BlowfishTupleSerializerTest
Tests run: 3, Failures: 0, Errors: 0, Skipped: 0, Time elapsed: 0.185 sec - in org.apache.storm.security.serialization.BlowfishTupleSerializerTest
Running org.apache.storm.security.auth.ReqContextTest
Tests run: 4, Failures: 0, Errors: 0, Skipped: 0, Time elapsed: 0.028 sec - in org.apache.storm.security.auth.ReqContextTest
Running org.apache.storm.security.auth.SaslTransportPluginTest
Tests run: 2, Failures: 0, Errors: 0, Skipped: 0, Time elapsed: 0.002 sec - in org.apache.storm.security.auth.SaslTransportPluginTest
Running org.apache.storm.security.auth.ThriftClientTest
Tests run: 4, Failures: 0, Errors: 0, Skipped: 0, Time elapsed: 0.255 sec - in org.apache.storm.security.auth.ThriftClientTest
Running org.apache.storm.security.auth.AuthUtilsTest
Tests run: 15, Failures: 0, Errors: 0, Skipped: 0, Time elapsed: 0.173 sec - in org.apache.storm.security.auth.AuthUtilsTest
Running org.apache.storm.security.auth.ThriftServerTest
Tests run: 2, Failures: 0, Errors: 0, Skipped: 0, Time elapsed: 0.055 sec - in org.apache.storm.security.auth.ThriftServerTest
Running org.apache.storm.cluster.StormClusterStateImplTest
Tests run: 5, Failures: 0, Errors: 0, Skipped: 0, Time elapsed: 0.038 sec - in org.apache.storm.cluster.StormClusterStateImplTest
Running org.apache.storm.serialization.GzipBridgeThriftSerializationDelegateTest
Tests run: 3, Failures: 0, Errors: 0, Skipped: 0, Time elapsed: 0.023 sec - in org.apache.storm.serialization.GzipBridgeThriftSerializationDelegateTest
Running org.apache.storm.serialization.GzipBridgeSerializationDelegateTest
Tests run: 3, Failures: 0, Errors: 0, Skipped: 0, Time elapsed: 0.009 sec - in org.apache.storm.serialization.GzipBridgeSerializationDelegateTest
Running org.apache.storm.serialization.SerializationTest
Tests run: 3, Failures: 0, Errors: 0, Skipped: 0, Time elapsed: 1.422 sec - in org.apache.storm.serialization.SerializationTest
Running org.apache.storm.serialization.ThriftBridgeSerializationDelegateTest
Tests run: 1, Failures: 0, Errors: 0, Skipped: 0, Time elapsed: 0.004 sec - in org.apache.storm.serialization.ThriftBridgeSerializationDelegateTest
Running org.apache.storm.metric.util.DataPointPopulatorTest
Tests run: 5, Failures: 0, Errors: 0, Skipped: 0, Time elapsed: 0.004 sec - in org.apache.storm.metric.util.DataPointPopulatorTest
Running org.apache.storm.metric.internal.CountStatAndMetricTest
Tests run: 1, Failures: 0, Errors: 0, Skipped: 0, Time elapsed: 0.011 sec - in org.apache.storm.metric.internal.CountStatAndMetricTest
Running org.apache.storm.metric.internal.RateTrackerTest
Tests run: 4, Failures: 0, Errors: 0, Skipped: 0, Time elapsed: 0 sec - in org.apache.storm.metric.internal.RateTrackerTest
Running org.apache.storm.metric.internal.LatencyStatAndMetricTest
Tests run: 1, Failures: 0, Errors: 0, Skipped: 0, Time elapsed: 0.011 sec - in org.apache.storm.metric.internal.LatencyStatAndMetricTest
Running org.apache.storm.metric.filter.FilterByMetricNameTest
Tests run: 4, Failures: 0, Errors: 0, Skipped: 0, Time elapsed: 0.037 sec - in org.apache.storm.metric.filter.FilterByMetricNameTest
Running org.apache.storm.grouping.PartialKeyGroupingTest
Tests run: 2, Failures: 0, Errors: 0, Skipped: 0, Time elapsed: 0.017 sec - in org.apache.storm.grouping.PartialKeyGroupingTest
Running org.apache.storm.command.TestCLI
Tests run: 1, Failures: 0, Errors: 0, Skipped: 0, Time elapsed: 0.011 sec - in org.apache.storm.command.TestCLI
Running org.apache.storm.command.RebalanceTest
Tests run: 2, Failures: 0, Errors: 0, Skipped: 0, Time elapsed: 0.001 sec - in org.apache.storm.command.RebalanceTest
Running org.apache.storm.command.SetLogLevelTest
Tests run: 3, Failures: 0, Errors: 0, Skipped: 0, Time elapsed: 0.004 sec - in org.apache.storm.command.SetLogLevelTest
Running org.apache.storm.utils.UtilsTest
Tests run: 8, Failures: 0, Errors: 0, Skipped: 0, Time elapsed: 3.117 sec - in org.apache.storm.utils.UtilsTest
Running org.apache.storm.utils.DisruptorQueueTest
Tests run: 3, Failures: 0, Errors: 0, Skipped: 0, Time elapsed: 3.321 sec - in org.apache.storm.utils.DisruptorQueueTest
Running org.apache.storm.utils.DisruptorQueueBackpressureTest
Tests run: 1, Failures: 0, Errors: 0, Skipped: 0, Time elapsed: 0.003 sec - in org.apache.storm.utils.DisruptorQueueBackpressureTest
Running org.apache.storm.utils.StormBoundedExponentialBackoffRetryTest
Tests run: 5, Failures: 0, Errors: 0, Skipped: 0, Time elapsed: 0.152 sec - in org.apache.storm.utils.StormBoundedExponentialBackoffRetryTest
Running org.apache.storm.utils.TimeTest
Tests run: 8, Failures: 0, Errors: 0, Skipped: 0, Time elapsed: 0.001 sec - in org.apache.storm.utils.TimeTest
Running org.apache.storm.utils.ThriftTopologyUtilsTest
Tests run: 5, Failures: 0, Errors: 0, Skipped: 0, Time elapsed: 0.012 sec - in org.apache.storm.utils.ThriftTopologyUtilsTest
Running org.apache.storm.utils.WorkerBackpressureThreadTest
Tests run: 1, Failures: 0, Errors: 0, Skipped: 0, Time elapsed: 0.202 sec - in org.apache.storm.utils.WorkerBackpressureThreadTest
Running org.apache.storm.utils.ShellBoltMessageQueueTest
Tests run: 3, Failures: 0, Errors: 0, Skipped: 0, Time elapsed: 2.09 sec - in org.apache.storm.utils.ShellBoltMessageQueueTest
Running org.apache.storm.scheduler.resource.strategies.scheduling.TestDefaultResourceAwareStrategy
Tests run: 2, Failures: 0, Errors: 0, Skipped: 0, Time elapsed: 4.347 sec - in org.apache.storm.scheduler.resource.strategies.scheduling.TestDefaultResourceAwareStrategy
Running org.apache.storm.scheduler.resource.TestResourceAwareScheduler
Tests run: 14, Failures: 0, Errors: 0, Skipped: 0, Time elapsed: 7.209 sec - in org.apache.storm.scheduler.resource.TestResourceAwareScheduler
Running org.apache.storm.scheduler.resource.TestUser
Tests run: 3, Failures: 0, Errors: 0, Skipped: 0, Time elapsed: 2.286 sec - in org.apache.storm.scheduler.resource.TestUser
Running org.apache.storm.localizer.LocalizerTest
Tests run: 13, Failures: 0, Errors: 0, Skipped: 0, Time elapsed: 0.733 sec - in org.apache.storm.localizer.LocalizerTest
Running org.apache.storm.localizer.LocalizedResourceRetentionSetTest
Tests run: 2, Failures: 0, Errors: 0, Skipped: 0, Time elapsed: 0.036 sec - in org.apache.storm.localizer.LocalizedResourceRetentionSetTest
Running org.apache.storm.localizer.LocalizedResourceSetTest
Tests run: 4, Failures: 0, Errors: 0, Skipped: 0, Time elapsed: 0.007 sec - in org.apache.storm.localizer.LocalizedResourceSetTest
Running org.apache.storm.spout.CheckpointSpoutTest
Tests run: 7, Failures: 0, Errors: 0, Skipped: 0, Time elapsed: 0.229 sec - in org.apache.storm.spout.CheckpointSpoutTest
Running org.apache.storm.blobstore.ClientBlobStoreTest
Tests run: 4, Failures: 0, Errors: 0, Skipped: 0, Time elapsed: 0.013 sec - in org.apache.storm.blobstore.ClientBlobStoreTest
Running org.apache.storm.blobstore.BlobStoreTest
Tests run: 4, Failures: 0, Errors: 0, Skipped: 0, Time elapsed: 0.652 sec - in org.apache.storm.blobstore.BlobStoreTest
Running org.apache.storm.blobstore.BlobSynchronizerTest
Tests run: 4, Failures: 0, Errors: 0, Skipped: 0, Time elapsed: 5.485 sec - in org.apache.storm.blobstore.BlobSynchronizerTest
Running org.apache.storm.topology.StatefulWindowedBoltExecutorTest
Tests run: 4, Failures: 0, Errors: 0, Skipped: 0, Time elapsed: 0.531 sec - in org.apache.storm.topology.StatefulWindowedBoltExecutorTest
Running org.apache.storm.topology.TopologyBuilderTest
Tests run: 5, Failures: 0, Errors: 0, Skipped: 0, Time elapsed: 0.077 sec - in org.apache.storm.topology.TopologyBuilderTest
Running org.apache.storm.topology.StatefulBoltExecutorTest
Tests run: 7, Failures: 0, Errors: 0, Skipped: 0, Time elapsed: 0.09 sec - in org.apache.storm.topology.StatefulBoltExecutorTest
Running org.apache.storm.topology.WindowedBoltExecutorTest
Tests run: 5, Failures: 0, Errors: 0, Skipped: 0, Time elapsed: 0.092 sec - in org.apache.storm.topology.WindowedBoltExecutorTest
Running org.apache.storm.state.InMemoryKeyValueStateTest
Tests run: 2, Failures: 0, Errors: 0, Skipped: 0, Time elapsed: 0 sec - in org.apache.storm.state.InMemoryKeyValueStateTest
Running org.apache.storm.windowing.WaterMarkEventGeneratorTest
Tests run: 5, Failures: 0, Errors: 0, Skipped: 0, Time elapsed: 0.008 sec - in org.apache.storm.windowing.WaterMarkEventGeneratorTest
Running org.apache.storm.windowing.WindowManagerTest
Tests run: 10, Failures: 0, Errors: 0, Skipped: 0, Time elapsed: 0.014 sec - in org.apache.storm.windowing.WindowManagerTest
Running org.apache.storm.trident.TestTridentTopology
Tests run: 1, Failures: 0, Errors: 0, Skipped: 0, Time elapsed: 22.835 sec - in org.apache.storm.trident.TestTridentTopology
Running org.apache.storm.trident.TridentWindowingTest
Tests run: 3, Failures: 0, Errors: 0, Skipped: 0, Time elapsed: 0.009 sec - in org.apache.storm.trident.TridentWindowingTest
Running org.apache.storm.nimbus.LocalNimbusTest
Tests run: 1, Failures: 0, Errors: 0, Skipped: 0, Time elapsed: 60.403 sec - in org.apache.storm.nimbus.LocalNimbusTest
Running org.apache.storm.tuple.FieldsTest
Tests run: 12, Failures: 0, Errors: 0, Skipped: 0, Time elapsed: 0.021 sec - in org.apache.storm.tuple.FieldsTest
Running org.apache.storm.TestConfigValidate
Tests run: 25, Failures: 0, Errors: 0, Skipped: 0, Time elapsed: 0.22 sec - in org.apache.storm.TestConfigValidate
Running org.apache.storm.PacemakerTest
Tests run: 9, Failures: 0, Errors: 0, Skipped: 0, Time elapsed: 0.742 sec - in org.apache.storm.PacemakerTest
Running org.apache.storm.TestCgroups
Tests run: 1, Failures: 0, Errors: 0, Skipped: 1, Time elapsed: 0.016 sec - in org.apache.storm.TestCgroups
Running org.apache.storm.PaceMakerStateStorageFactoryTest
Tests run: 10, Failures: 0, Errors: 0, Skipped: 0, Time elapsed: 0.122 sec - in org.apache.storm.PaceMakerStateStorageFactoryTest

Results :

Tests run: 259, Failures: 0, Errors: 0, Skipped: 1

[INFO] 
[INFO] --- clojure-maven-plugin:1.7.1:test (test-clojure) @ storm-core ---
3376 [main] WARN  o.a.s.m.StormMetricsRegistry - Metric ui:num-topology-op-response-http-requests has already been registered
3377 [main] WARN  o.a.s.m.StormMetricsRegistry - Metric ui:num-topology-op-response-http-requests has already been registered
5663 [main] WARN  o.a.s.m.StormMetricsRegistry - Metric drpc:num-execute-http-requests has already been registered
Running integration.org.apache.storm.testing4j-test
Tests run: 8, Passed: 36, Failures: 0, Errors: 0
Running org.apache.storm.tick-tuple-test
Tests run: 1, Passed: 1, Failures: 0, Errors: 0
Running org.apache.storm.scheduler.multitenant-scheduler-test
Tests run: 17, Passed: 235, Failures: 0, Errors: 0
Running org.apache.storm.trident.tuple-test
Tests run: 6, Passed: 36, Failures: 0, Errors: 0
Running org.apache.storm.drpc-test
32379 [Thread-322] INFO  o.a.s.u.Utils - Async loop interrupted!
34832 [Thread-390] INFO  o.a.s.u.Utils - Async loop interrupted!
37743 [Thread-458] INFO  o.a.s.u.Utils - Async loop interrupted!
39981 [Thread-497] INFO  o.a.s.u.Utils - Async loop interrupted!
48731 [Thread-548] INFO  o.a.s.u.Utils - Async loop interrupted!
Tests run: 9, Passed: 17, Failures: 0, Errors: 0
Running org.apache.storm.metrics-test
86150 [Thread-598] INFO  o.a.s.u.Utils - Async loop interrupted!
Tests run: 8, Passed: 66, Failures: 0, Errors: 0
86150 [Thread-547] INFO  o.a.s.u.Utils - Async loop interrupted!
Running org.apache.storm.trident.state-test
Tests run: 5, Passed: 37, Failures: 0, Errors: 0
Running org.apache.storm.messaging.netty-unit-test
Tests run: 5, Passed: 24, Failures: 0, Errors: 0
Running org.apache.storm.messaging.netty-integration-test
Tests run: 1, Passed: 1, Failures: 0, Errors: 0
Running org.apache.storm.clojure-test
Tests run: 3, Passed: 5, Failures: 0, Errors: 0
Running org.apache.storm.tuple-test
Tests run: 4, Passed: 13, Failures: 0, Errors: 0
Running org.apache.storm.logviewer-test
Tests run: 12, Passed: 118, Failures: 0, Errors: 0
Running org.apache.storm.serialization.SerializationFactory-test
Tests run: 3, Passed: 3, Failures: 0, Errors: 0
Running integration.org.apache.storm.integration-test
Tests run: 18, Passed: 51, Failures: 0, Errors: 0
Running org.apache.storm.security.auth.auth-test
Tests run: 13, Passed: 94, Failures: 0, Errors: 0
Running org.apache.storm.security.auth.drpc-auth-test
Tests run: 4, Passed: 22, Failures: 0, Errors: 0
Running org.apache.storm.transactional-test
Tests run: 7, Passed: 110, Failures: 0, Errors: 0
Running integration.org.apache.storm.trident.integration-test
Tests run: 9, Passed: 141, Failures: 0, Errors: 0
Running org.apache.storm.versioned-store-test
Tests run: 2, Passed: 5, Failures: 0, Errors: 0
Running org.apache.storm.supervisor-test
Tests run: 20, Passed: 59, Failures: 0, Errors: 0
Running org.apache.storm.messaging-test
Tests run: 1, Passed: 2, Failures: 0, Errors: 0
Running org.apache.storm.subtopology-test
Tests run: 0, Passed: 0, Failures: 0, Errors: 0
Running org.apache.storm.utils.ZookeeperServerCnxnFactory-test
Tests run: 2, Passed: 3, Failures: 0, Errors: 0
Running org.apache.storm.security.auth.DefaultHttpCredentialsPlugin-test
Tests run: 2, Passed: 8, Failures: 0, Errors: 0
Running org.apache.storm.security.auth.authorizer.DRPCSimpleACLAuthorizer-test
Tests run: 7, Passed: 37, Failures: 0, Errors: 0
Running org.apache.storm.cluster-test
Tests run: 10, Passed: 92, Failures: 0, Errors: 0
Running org.apache.storm.submitter-test
Tests run: 1, Passed: 13, Failures: 0, Errors: 0
Running org.apache.storm.nimbus-test
Tests run: 43, Passed: 789, Failures: 0, Errors: 0
Running org.apache.storm.security.auth.auto-login-module-test
Tests run: 6, Passed: 22, Failures: 0, Errors: 0
Running org.apache.storm.grouping-test
Tests run: 5, Passed: 15, Failures: 0, Errors: 0
Running org.apache.storm.serialization-test
Tests run: 1, Passed: 0, Failures: 0, Errors: 0
Running org.apache.storm.worker-test
Tests run: 8, Passed: 35, Failures: 0, Errors: 0
Running org.apache.storm.security.auth.nimbus-auth-test
Tests run: 5, Passed: 39, Failures: 0, Errors: 0
Running org.apache.storm.local-state-test
Tests run: 2, Passed: 10, Failures: 0, Errors: 0
Running org.apache.storm.scheduler-test
Tests run: 4, Passed: 64, Failures: 0, Errors: 0
[INFO] 
[INFO] --- apache-rat-plugin:0.11:check (default) @ storm-core ---
[INFO] 51 implicit excludes (use -debug for more details).
[INFO] Exclude: **/target/**
[INFO] Exclude: **/*.iml
[INFO] Exclude: **/.idea/**
[INFO] Exclude: **/metastore_db/**
[INFO] Exclude: **/build/**
[INFO] Exclude: **/logs/**
[INFO] Exclude: **/CHANGELOG.md
[INFO] Exclude: **/README.md
[INFO] Exclude: **/README.markdown
[INFO] Exclude: **/DEVELOPER.md
[INFO] Exclude: **/BYLAWS.md
[INFO] Exclude: **/STORM-UI-REST-API.md
[INFO] Exclude: SECURITY.md
[INFO] Exclude: VERSION
[INFO] Exclude: TODO
[INFO] Exclude: **/src/py/**
[INFO] Exclude: **/src/ui/public/js/jquery.dataTables.1.10.4.min.js
[INFO] Exclude: **/src/ui/public/css/jquery.dataTables.1.10.4.min.css
[INFO] Exclude: **/src/ui/public/images/*
[INFO] Exclude: **/src/ui/public/js/bootstrap-3.3.1.min.js
[INFO] Exclude: **/src/ui/public/css/bootstrap-3.3.1.min.css
[INFO] Exclude: **/src/ui/public/js/dataTables.bootstrap.min.js
[INFO] Exclude: **/src/ui/public/css/dataTables.bootstrap.css
[INFO] Exclude: **/src/ui/public/js/jsonFormatter.min.js
[INFO] Exclude: **/src/ui/public/css/jsonFormatter.min.css
[INFO] Exclude: **/src/ui/public/js/jquery-1.11.1.min.js
[INFO] Exclude: **/src/ui/public/js/jquery.cookies.2.2.0.min.js
[INFO] Exclude: **/src/ui/public/js/moment.min.js
[INFO] Exclude: **/src/ui/public/js/jquery.blockUI.min.js
[INFO] Exclude: **/src/ui/public/js/url.min.js
[INFO] Exclude: **/src/ui/public/js/arbor.js
[INFO] Exclude: **/src/ui/public/js/arbor-graphics.js
[INFO] Exclude: **/src/ui/public/js/arbor-tween.js
[INFO] Exclude: **/src/ui/public/js/jquery.mustache.js
[INFO] Exclude: **/src/ui/public/js/typeahead.jquery.min.js
[INFO] Exclude: **/dependency-reduced-pom.xml
[INFO] Exclude: **/docs/**
[INFO] Exclude: **/.git/**
[INFO] Exclude: **/derby.log
[INFO] Exclude: **/src/dev/**
[INFO] Exclude: **/src/codegen/config.fmpp
[INFO] Exclude: **/src/codegen/data/Parser.tdd
[INFO] Exclude: **/src/test/resources/FixedAvroSerializer.config
[INFO] 1081 resources included (use -debug for more details)
Warning:  org.apache.xerces.jaxp.SAXParserImpl$JAXPSAXParser: Property 'http://www.oracle.com/xml/jaxp/properties/entityExpansionLimit' is not recognized.
Compiler warnings:
  WARNING:  'org.apache.xerces.jaxp.SAXParserImpl: Property 'http://javax.xml.XMLConstants/property/accessExternalDTD' is not recognized.'
Warning:  org.apache.xerces.parsers.SAXParser: Feature 'http://javax.xml.XMLConstants/feature/secure-processing' is not recognized.
Warning:  org.apache.xerces.parsers.SAXParser: Property 'http://javax.xml.XMLConstants/property/accessExternalDTD' is not recognized.
Warning:  org.apache.xerces.parsers.SAXParser: Property 'http://www.oracle.com/xml/jaxp/properties/entityExpansionLimit' is not recognized.
[INFO] Rat check: Summary of files. Unapproved: 2 unknown: 2 generated: 0 approved: 1073 licence.
[INFO] ------------------------------------------------------------------------
[INFO] BUILD FAILURE
[INFO] ------------------------------------------------------------------------
[INFO] Total time: 07:37 min
[INFO] Finished at: 2016-07-13T15:04:06+00:00
[INFO] Final Memory: 48M/464M
[INFO] ------------------------------------------------------------------------
[ERROR] Failed to execute goal org.apache.rat:apache-rat-plugin:0.11:check (default) on project storm-core: Too many files with unapproved license: 2 See RAT report in: /home/travis/build/apache/storm/storm-core/target/rat.txt -> [Help 1]
[ERROR] 
[ERROR] To see the full stack trace of the errors, re-run Maven with the -e switch.
[ERROR] Re-run Maven using the -X switch to enable full debug logging.
[ERROR] 
[ERROR] For more information about the errors and possible solutions, please read the following articles:
[ERROR] [Help 1] http://cwiki.apache.org/confluence/display/MAVEN/MojoFailureException
Looking for errors in ./storm-core/target/surefire-reports
Checking ./storm-core/target/surefire-reports/TEST-org.apache.storm.security.serialization.BlowfishTupleSerializerTest.xml
Checking ./storm-core/target/surefire-reports/TEST-org.apache.storm.security.auth.ReqContextTest.xml
Checking ./storm-core/target/surefire-reports/TEST-org.apache.storm.security.auth.SaslTransportPluginTest.xml
Checking ./storm-core/target/surefire-reports/TEST-org.apache.storm.security.auth.ThriftClientTest.xml
Checking ./storm-core/target/surefire-reports/TEST-org.apache.storm.security.auth.AuthUtilsTest.xml
Checking ./storm-core/target/surefire-reports/TEST-org.apache.storm.security.auth.ThriftServerTest.xml
Checking ./storm-core/target/surefire-reports/TEST-org.apache.storm.cluster.StormClusterStateImplTest.xml
Checking ./storm-core/target/surefire-reports/TEST-org.apache.storm.serialization.GzipBridgeThriftSerializationDelegateTest.xml
Checking ./storm-core/target/surefire-reports/TEST-org.apache.storm.serialization.GzipBridgeSerializationDelegateTest.xml
Checking ./storm-core/target/surefire-reports/TEST-org.apache.storm.serialization.SerializationTest.xml
Checking ./storm-core/target/surefire-reports/TEST-org.apache.storm.serialization.ThriftBridgeSerializationDelegateTest.xml
Checking ./storm-core/target/surefire-reports/TEST-org.apache.storm.metric.util.DataPointPopulatorTest.xml
Checking ./storm-core/target/surefire-reports/TEST-org.apache.storm.metric.internal.CountStatAndMetricTest.xml
Checking ./storm-core/target/surefire-reports/TEST-org.apache.storm.metric.internal.RateTrackerTest.xml
Checking ./storm-core/target/surefire-reports/TEST-org.apache.storm.metric.internal.LatencyStatAndMetricTest.xml
Checking ./storm-core/target/surefire-reports/TEST-org.apache.storm.metric.filter.FilterByMetricNameTest.xml
Checking ./storm-core/target/surefire-reports/TEST-org.apache.storm.grouping.PartialKeyGroupingTest.xml
Checking ./storm-core/target/surefire-reports/TEST-org.apache.storm.command.TestCLI.xml
Checking ./storm-core/target/surefire-reports/TEST-org.apache.storm.command.RebalanceTest.xml
Checking ./storm-core/target/surefire-reports/TEST-org.apache.storm.command.SetLogLevelTest.xml
Checking ./storm-core/target/surefire-reports/TEST-org.apache.storm.utils.UtilsTest.xml
Checking ./storm-core/target/surefire-reports/TEST-org.apache.storm.utils.DisruptorQueueTest.xml
Checking ./storm-core/target/surefire-reports/TEST-org.apache.storm.utils.DisruptorQueueBackpressureTest.xml
Checking ./storm-core/target/surefire-reports/TEST-org.apache.storm.utils.StormBoundedExponentialBackoffRetryTest.xml
Checking ./storm-core/target/surefire-reports/TEST-org.apache.storm.utils.TimeTest.xml
Checking ./storm-core/target/surefire-reports/TEST-org.apache.storm.utils.ThriftTopologyUtilsTest.xml
Checking ./storm-core/target/surefire-reports/TEST-org.apache.storm.utils.WorkerBackpressureThreadTest.xml
Checking ./storm-core/target/surefire-reports/TEST-org.apache.storm.utils.ShellBoltMessageQueueTest.xml
Checking ./storm-core/target/surefire-reports/TEST-org.apache.storm.scheduler.resource.strategies.scheduling.TestDefaultResourceAwareStrategy.xml
Checking ./storm-core/target/surefire-reports/TEST-org.apache.storm.scheduler.resource.TestResourceAwareScheduler.xml
Checking ./storm-core/target/surefire-reports/TEST-org.apache.storm.scheduler.resource.TestUser.xml
Checking ./storm-core/target/surefire-reports/TEST-org.apache.storm.localizer.LocalizerTest.xml
Checking ./storm-core/target/surefire-reports/TEST-org.apache.storm.localizer.LocalizedResourceRetentionSetTest.xml
Checking ./storm-core/target/surefire-reports/TEST-org.apache.storm.localizer.LocalizedResourceSetTest.xml
Checking ./storm-core/target/surefire-reports/TEST-org.apache.storm.spout.CheckpointSpoutTest.xml
Checking ./storm-core/target/surefire-reports/TEST-org.apache.storm.blobstore.ClientBlobStoreTest.xml
Checking ./storm-core/target/surefire-reports/TEST-org.apache.storm.blobstore.BlobStoreTest.xml
Checking ./storm-core/target/surefire-reports/TEST-org.apache.storm.blobstore.BlobSynchronizerTest.xml
Checking ./storm-core/target/surefire-reports/TEST-org.apache.storm.topology.StatefulWindowedBoltExecutorTest.xml
Checking ./storm-core/target/surefire-reports/TEST-org.apache.storm.topology.TopologyBuilderTest.xml
Checking ./storm-core/target/surefire-reports/TEST-org.apache.storm.topology.StatefulBoltExecutorTest.xml
Checking ./storm-core/target/surefire-reports/TEST-org.apache.storm.topology.WindowedBoltExecutorTest.xml
Checking ./storm-core/target/surefire-reports/TEST-org.apache.storm.state.InMemoryKeyValueStateTest.xml
Checking ./storm-core/target/surefire-reports/TEST-org.apache.storm.windowing.WaterMarkEventGeneratorTest.xml
Checking ./storm-core/target/surefire-reports/TEST-org.apache.storm.windowing.WindowManagerTest.xml
Checking ./storm-core/target/surefire-reports/TEST-org.apache.storm.trident.TestTridentTopology.xml
Checking ./storm-core/target/surefire-reports/TEST-org.apache.storm.trident.TridentWindowingTest.xml
Checking ./storm-core/target/surefire-reports/TEST-org.apache.storm.nimbus.LocalNimbusTest.xml
Checking ./storm-core/target/surefire-reports/TEST-org.apache.storm.tuple.FieldsTest.xml
Checking ./storm-core/target/surefire-reports/TEST-org.apache.storm.TestConfigValidate.xml
Checking ./storm-core/target/surefire-reports/TEST-org.apache.storm.PacemakerTest.xml
Checking ./storm-core/target/surefire-reports/TEST-org.apache.storm.TestCgroups.xml
Checking ./storm-core/target/surefire-reports/TEST-org.apache.storm.PaceMakerStateStorageFactoryTest.xml
Looking for errors in ./storm-core/target/test-reports
Checking ./storm-core/target/test-reports/integration.org.apache.storm.testing4j-test.xml
Checking ./storm-core/target/test-reports/org.apache.storm.tick-tuple-test.xml
Checking ./storm-core/target/test-reports/org.apache.storm.scheduler.multitenant-scheduler-test.xml
Checking ./storm-core/target/test-reports/org.apache.storm.trident.tuple-test.xml
Checking ./storm-core/target/test-reports/org.apache.storm.drpc-test.xml
Checking ./storm-core/target/test-reports/org.apache.storm.metrics-test.xml
Checking ./storm-core/target/test-reports/org.apache.storm.trident.state-test.xml
Checking ./storm-core/target/test-reports/org.apache.storm.messaging.netty-unit-test.xml
Checking ./storm-core/target/test-reports/org.apache.storm.messaging.netty-integration-test.xml
Checking ./storm-core/target/test-reports/org.apache.storm.clojure-test.xml
Checking ./storm-core/target/test-reports/org.apache.storm.tuple-test.xml
Checking ./storm-core/target/test-reports/org.apache.storm.logviewer-test.xml
Checking ./storm-core/target/test-reports/org.apache.storm.serialization.SerializationFactory-test.xml
Checking ./storm-core/target/test-reports/integration.org.apache.storm.integration-test.xml
Checking ./storm-core/target/test-reports/org.apache.storm.security.auth.auth-test.xml
Checking ./storm-core/target/test-reports/org.apache.storm.security.auth.drpc-auth-test.xml
Checking ./storm-core/target/test-reports/org.apache.storm.transactional-test.xml
Checking ./storm-core/target/test-reports/integration.org.apache.storm.trident.integration-test.xml
Checking ./storm-core/target/test-reports/org.apache.storm.versioned-store-test.xml
Checking ./storm-core/target/test-reports/org.apache.storm.supervisor-test.xml
Checking ./storm-core/target/test-reports/org.apache.storm.messaging-test.xml
Checking ./storm-core/target/test-reports/org.apache.storm.subtopology-test.xml
Checking ./storm-core/target/test-reports/org.apache.storm.utils.ZookeeperServerCnxnFactory-test.xml
Checking ./storm-core/target/test-reports/org.apache.storm.security.auth.DefaultHttpCredentialsPlugin-test.xml
Checking ./storm-core/target/test-reports/org.apache.storm.security.auth.authorizer.DRPCSimpleACLAuthorizer-test.xml
Checking ./storm-core/target/test-reports/org.apache.storm.cluster-test.xml
Checking ./storm-core/target/test-reports/org.apache.storm.submitter-test.xml
Checking ./storm-core/target/test-reports/org.apache.storm.nimbus-test.xml
Checking ./storm-core/target/test-reports/org.apache.storm.security.auth.auto-login-module-test.xml
Checking ./storm-core/target/test-reports/org.apache.storm.grouping-test.xml
Checking ./storm-core/target/test-reports/org.apache.storm.serialization-test.xml
Checking ./storm-core/target/test-reports/org.apache.storm.worker-test.xml
Checking ./storm-core/target/test-reports/org.apache.storm.security.auth.nimbus-auth-test.xml
Checking ./storm-core/target/test-reports/org.apache.storm.local-state-test.xml
Checking ./storm-core/target/test-reports/org.apache.storm.scheduler-test.xml

travis_time:end:18927bc7:start=1468421787552856722,finish=1468422247443351983,duration=459890495261[0K
[31;1mThe command "/bin/bash ./dev-tools/travis/travis-script.sh `pwd` $MODULES" exited with 1.[0m
travis_fold:start:cache.2[0Kstore build cache
travis_time:start:306c9104[0K
travis_time:end:306c9104:start=1468422247448067303,finish=1468422247451591802,duration=3524499[0Ktravis_time:start:09f38e1d[0K[32;1mchange detected (content changed, file is created, or file is deleted):
/home/travis/.m2/repository/eigenbase/eigenbase-properties/1.1.4/eigenbase-properties-1.1.4.pom.lastUpdated
/home/travis/.m2/repository/io/confluent/kafka-avro-serializer/1.0/kafka-avro-serializer-1.0.pom.lastUpdated
/home/travis/.m2/repository/io/confluent/kafka-schema-registry-client/1.0/kafka-schema-registry-client-1.0.pom.lastUpdated
/home/travis/.m2/repository/net/hydromatic/linq4j/0.4/linq4j-0.4.pom.lastUpdated
/home/travis/.m2/repository/net/hydromatic/quidem/0.1.1/quidem-0.1.1.pom.lastUpdated
/home/travis/.m2/repository/org/apache/storm/flux/2.0.0-SNAPSHOT/maven-metadata-local.xml
/home/travis/.m2/repository/org/apache/storm/flux/2.0.0-SNAPSHOT/_remote.repositories
/home/travis/.m2/repository/org/apache/storm/flux-core/2.0.0-SNAPSHOT/flux-core-2.0.0-SNAPSHOT.jar
/home/travis/.m2/repository/org/apache/storm/flux-core/2.0.0-SNAPSHOT/maven-metadata-local.xml
/home/travis/.m2/repository/org/apache/storm/flux-core/2.0.0-SNAPSHOT/_remote.repositories
/home/travis/.m2/repository/org/ap
[0m
[32;1m...
[0m
[32;1mchanges detected, packing new archive[0m
.
.
.
.
.
.
[32;1muploading archive[0m

travis_time:end:09f38e1d:start=1468422247455724501,finish=1468422302961305498,duration=55505580997[0Ktravis_fold:end:cache.2[0K
Done. Your build exited with 1.
