Using worker: worker-linux-docker-53cb84d5.prod.travis-ci.org:travis-linux-1

travis_fold:start:system_info[0K[33;1mBuild system information[0m
Build language: java
Build group: stable
Build dist: precise
[34m[1mBuild image provisioning date and time[0m
Thu Feb  5 15:09:33 UTC 2015
[34m[1mOperating System Details[0m
Distributor ID:	Ubuntu
Description:	Ubuntu 12.04.5 LTS
Release:	12.04
Codename:	precise
[34m[1mLinux Version[0m
3.13.0-29-generic
[34m[1mCookbooks Version[0m
a68419e https://github.com/travis-ci/travis-cookbooks/tree/a68419e
[34m[1mGCC version[0m
gcc (Ubuntu/Linaro 4.6.3-1ubuntu5) 4.6.3
Copyright (C) 2011 Free Software Foundation, Inc.
This is free software; see the source for copying conditions.  There is NO
warranty; not even for MERCHANTABILITY or FITNESS FOR A PARTICULAR PURPOSE.

[34m[1mLLVM version[0m
clang version 3.4 (tags/RELEASE_34/final)
Target: x86_64-unknown-linux-gnu
Thread model: posix
[34m[1mPre-installed Ruby versions[0m
ruby-1.9.3-p551
[34m[1mPre-installed Node.js versions[0m
v0.10.36
[34m[1mPre-installed Go versions[0m
1.4.1
[34m[1mRedis version[0m
redis-server 2.8.19
[34m[1mriak version[0m
2.0.2
[34m[1mMongoDB version[0m
MongoDB 2.4.12
[34m[1mCouchDB version[0m
couchdb 1.6.1
[34m[1mNeo4j version[0m
1.9.4
[34m[1mRabbitMQ Version[0m
3.4.3
[34m[1mElasticSearch version[0m
1.4.0
[34m[1mInstalled Sphinx versions[0m
2.0.10
2.1.9
2.2.6
[34m[1mDefault Sphinx version[0m
2.2.6
[34m[1mInstalled Firefox version[0m
firefox 31.0esr
[34m[1mPhantomJS version[0m
1.9.8
[34m[1mant -version[0m
Apache Ant(TM) version 1.8.2 compiled on December 3 2011
[34m[1mmvn -version[0m
Apache Maven 3.2.5 (12a6b3acb947671f09b81f49094c53f426d8cea1; 2014-12-14T17:29:23+00:00)
Maven home: /usr/local/maven
Java version: 1.7.0_76, vendor: Oracle Corporation
Java home: /usr/lib/jvm/java-7-oracle/jre
Default locale: en_US, platform encoding: ANSI_X3.4-1968
OS name: "linux", version: "3.13.0-29-generic", arch: "amd64", family: "unix"
travis_fold:end:system_info[0K
travis_fold:start:fix.CVE-2015-7547[0K$ export DEBIAN_FRONTEND=noninteractive
W: Size of file /var/lib/apt/lists/us.archive.ubuntu.com_ubuntu_dists_precise-backports_multiverse_source_Sources.gz is not what the server reported 5886 5888
W: Size of file /var/lib/apt/lists/ppa.launchpad.net_ubuntugis_ppa_ubuntu_dists_precise_main_binary-amd64_Packages.gz is not what the server reported 36669 36677
W: Size of file /var/lib/apt/lists/ppa.launchpad.net_ubuntugis_ppa_ubuntu_dists_precise_main_binary-i386_Packages.gz is not what the server reported 36729 36733
Reading package lists...
Building dependency tree...
Reading state information...
The following extra packages will be installed:
  libc-bin libc-dev-bin libc6-dev
Suggested packages:
  glibc-doc
The following packages will be upgraded:
  libc-bin libc-dev-bin libc6 libc6-dev
4 upgraded, 0 newly installed, 0 to remove and 252 not upgraded.
Need to get 8,840 kB of archives.
After this operation, 14.3 kB disk space will be freed.
Get:1 http://us.archive.ubuntu.com/ubuntu/ precise-updates/main libc6-dev amd64 2.15-0ubuntu10.15 [2,943 kB]
Get:2 http://us.archive.ubuntu.com/ubuntu/ precise-updates/main libc-dev-bin amd64 2.15-0ubuntu10.15 [84.7 kB]
Get:3 http://us.archive.ubuntu.com/ubuntu/ precise-updates/main libc-bin amd64 2.15-0ubuntu10.15 [1,177 kB]
Get:4 http://us.archive.ubuntu.com/ubuntu/ precise-updates/main libc6 amd64 2.15-0ubuntu10.15 [4,636 kB]
Fetched 8,840 kB in 0s (16.4 MB/s)
Preconfiguring packages ...
(Reading database ... (Reading database ... 5%(Reading database ... 10%(Reading database ... 15%(Reading database ... 20%(Reading database ... 25%(Reading database ... 30%(Reading database ... 35%(Reading database ... 40%(Reading database ... 45%(Reading database ... 50%(Reading database ... 55%(Reading database ... 60%(Reading database ... 65%(Reading database ... 70%(Reading database ... 75%(Reading database ... 80%(Reading database ... 85%(Reading database ... 90%(Reading database ... 95%(Reading database ... 100%(Reading database ... 72019 files and directories currently installed.)
Preparing to replace libc6-dev 2.15-0ubuntu10.10 (using .../libc6-dev_2.15-0ubuntu10.15_amd64.deb) ...
Unpacking replacement libc6-dev ...
Preparing to replace libc-dev-bin 2.15-0ubuntu10.10 (using .../libc-dev-bin_2.15-0ubuntu10.15_amd64.deb) ...
Unpacking replacement libc-dev-bin ...
Preparing to replace libc-bin 2.15-0ubuntu10.10 (using .../libc-bin_2.15-0ubuntu10.15_amd64.deb) ...
Unpacking replacement libc-bin ...
Processing triggers for man-db ...
Setting up libc-bin (2.15-0ubuntu10.15) ...
(Reading database ... (Reading database ... 5%(Reading database ... 10%(Reading database ... 15%(Reading database ... 20%(Reading database ... 25%(Reading database ... 30%(Reading database ... 35%(Reading database ... 40%(Reading database ... 45%(Reading database ... 50%(Reading database ... 55%(Reading database ... 60%(Reading database ... 65%(Reading database ... 70%(Reading database ... 75%(Reading database ... 80%(Reading database ... 85%(Reading database ... 90%(Reading database ... 95%(Reading database ... 100%(Reading database ... 72018 files and directories currently installed.)
Preparing to replace libc6 2.15-0ubuntu10.10 (using .../libc6_2.15-0ubuntu10.15_amd64.deb) ...
Unpacking replacement libc6 ...
Setting up libc6 (2.15-0ubuntu10.15) ...
Setting up libc-dev-bin (2.15-0ubuntu10.15) ...
Setting up libc6-dev (2.15-0ubuntu10.15) ...
Processing triggers for libc-bin ...
ldconfig deferred processing now taking place
travis_fold:end:fix.CVE-2015-7547[0Ktravis_fold:start:git.checkout[0Ktravis_time:start:14a1766b[0K$ git clone --depth=50 https://github.com/apache/storm.git apache/storm
Cloning into 'apache/storm'...
remote: Counting objects: 24144, done.[K
remote: Compressing objects:   0% (1/9543)   [Kremote: Compressing objects:   1% (96/9543)   [Kremote: Compressing objects:   2% (191/9543)   [Kremote: Compressing objects:   3% (287/9543)   [Kremote: Compressing objects:   4% (382/9543)   [Kremote: Compressing objects:   5% (478/9543)   [Kremote: Compressing objects:   6% (573/9543)   [Kremote: Compressing objects:   7% (669/9543)   [Kremote: Compressing objects:   8% (764/9543)   [Kremote: Compressing objects:   9% (859/9543)   [Kremote: Compressing objects:  10% (955/9543)   [Kremote: Compressing objects:  11% (1050/9543)   [Kremote: Compressing objects:  12% (1146/9543)   [Kremote: Compressing objects:  13% (1241/9543)   [Kremote: Compressing objects:  14% (1337/9543)   [Kremote: Compressing objects:  15% (1432/9543)   [Kremote: Compressing objects:  16% (1527/9543)   [Kremote: Compressing objects:  17% (1623/9543)   [Kremote: Compressing objects:  18% (1718/9543)   [Kremote: Compressing objects:  19% (1814/9543)   [Kremote: Compressing objects:  20% (1909/9543)   [Kremote: Compressing objects:  21% (2005/9543)   [Kremote: Compressing objects:  22% (2100/9543)   [Kremote: Compressing objects:  23% (2195/9543)   [Kremote: Compressing objects:  24% (2291/9543)   [Kremote: Compressing objects:  25% (2386/9543)   [Kremote: Compressing objects:  26% (2482/9543)   [Kremote: Compressing objects:  27% (2577/9543)   [Kremote: Compressing objects:  28% (2673/9543)   [Kremote: Compressing objects:  29% (2768/9543)   [Kremote: Compressing objects:  30% (2863/9543)   [Kremote: Compressing objects:  31% (2959/9543)   [Kremote: Compressing objects:  32% (3054/9543)   [Kremote: Compressing objects:  33% (3150/9543)   [Kremote: Compressing objects:  34% (3245/9543)   [Kremote: Compressing objects:  35% (3341/9543)   [Kremote: Compressing objects:  36% (3436/9543)   [Kremote: Compressing objects:  37% (3531/9543)   [Kremote: Compressing objects:  38% (3627/9543)   [Kremote: Compressing objects:  39% (3722/9543)   [Kremote: Compressing objects:  40% (3818/9543)   [Kremote: Compressing objects:  41% (3913/9543)   [Kremote: Compressing objects:  42% (4009/9543)   [Kremote: Compressing objects:  43% (4104/9543)   [Kremote: Compressing objects:  44% (4199/9543)   [Kremote: Compressing objects:  45% (4295/9543)   [Kremote: Compressing objects:  46% (4390/9543)   [Kremote: Compressing objects:  47% (4486/9543)   [Kremote: Compressing objects:  48% (4581/9543)   [Kremote: Compressing objects:  49% (4677/9543)   [Kremote: Compressing objects:  50% (4772/9543)   [Kremote: Compressing objects:  51% (4867/9543)   [Kremote: Compressing objects:  52% (4963/9543)   [Kremote: Compressing objects:  53% (5058/9543)   [Kremote: Compressing objects:  54% (5154/9543)   [Kremote: Compressing objects:  55% (5249/9543)   [Kremote: Compressing objects:  56% (5345/9543)   [Kremote: Compressing objects:  57% (5440/9543)   [Kremote: Compressing objects:  58% (5535/9543)   [Kremote: Compressing objects:  59% (5631/9543)   [Kremote: Compressing objects:  60% (5726/9543)   [Kremote: Compressing objects:  61% (5822/9543)   [Kremote: Compressing objects:  62% (5917/9543)   [Kremote: Compressing objects:  63% (6013/9543)   [Kremote: Compressing objects:  64% (6108/9543)   [Kremote: Compressing objects:  65% (6203/9543)   [Kremote: Compressing objects:  66% (6299/9543)   [Kremote: Compressing objects:  67% (6394/9543)   [Kremote: Compressing objects:  68% (6490/9543)   [Kremote: Compressing objects:  69% (6585/9543)   [Kremote: Compressing objects:  70% (6681/9543)   [Kremote: Compressing objects:  71% (6776/9543)   [Kremote: Compressing objects:  72% (6871/9543)   [Kremote: Compressing objects:  73% (6967/9543)   [Kremote: Compressing objects:  74% (7062/9543)   [Kremote: Compressing objects:  75% (7158/9543)   [Kremote: Compressing objects:  76% (7253/9543)   [Kremote: Compressing objects:  77% (7349/9543)   [Kremote: Compressing objects:  78% (7444/9543)   [Kremote: Compressing objects:  79% (7539/9543)   [Kremote: Compressing objects:  80% (7635/9543)   [Kremote: Compressing objects:  81% (7730/9543)   [Kremote: Compressing objects:  82% (7826/9543)   [Kremote: Compressing objects:  83% (7921/9543)   [Kremote: Compressing objects:  84% (8017/9543)   [Kremote: Compressing objects:  85% (8112/9543)   [Kremote: Compressing objects:  86% (8207/9543)   [Kremote: Compressing objects:  87% (8303/9543)   [Kremote: Compressing objects:  88% (8398/9543)   [Kremote: Compressing objects:  89% (8494/9543)   [Kremote: Compressing objects:  90% (8589/9543)   [Kremote: Compressing objects:  91% (8685/9543)   [Kremote: Compressing objects:  92% (8780/9543)   [Kremote: Compressing objects:  93% (8875/9543)   [Kremote: Compressing objects:  94% (8971/9543)   [Kremote: Compressing objects:  95% (9066/9543)   [Kremote: Compressing objects:  96% (9162/9543)   [Kremote: Compressing objects:  97% (9257/9543)   [Kremote: Compressing objects:  98% (9353/9543)   [Kremote: Compressing objects:  99% (9448/9543)   [Kremote: Compressing objects: 100% (9543/9543)   [Kremote: Compressing objects: 100% (9543/9543), done.[K
Receiving objects:   0% (1/24144)   Receiving objects:   1% (242/24144)   Receiving objects:   2% (483/24144)   Receiving objects:   3% (725/24144)   Receiving objects:   4% (966/24144)   Receiving objects:   5% (1208/24144)   Receiving objects:   6% (1449/24144)   Receiving objects:   7% (1691/24144)   Receiving objects:   8% (1932/24144)   Receiving objects:   9% (2173/24144)   Receiving objects:  10% (2415/24144)   Receiving objects:  11% (2656/24144)   Receiving objects:  12% (2898/24144)   Receiving objects:  13% (3139/24144)   Receiving objects:  14% (3381/24144)   Receiving objects:  15% (3622/24144)   Receiving objects:  16% (3864/24144)   Receiving objects:  17% (4105/24144)   Receiving objects:  18% (4346/24144)   Receiving objects:  19% (4588/24144)   Receiving objects:  20% (4829/24144)   Receiving objects:  21% (5071/24144)   Receiving objects:  22% (5312/24144)   Receiving objects:  23% (5554/24144)   Receiving objects:  24% (5795/24144)   Receiving objects:  25% (6036/24144)   Receiving objects:  26% (6278/24144)   Receiving objects:  27% (6519/24144)   Receiving objects:  28% (6761/24144)   Receiving objects:  29% (7002/24144)   Receiving objects:  30% (7244/24144)   Receiving objects:  31% (7485/24144)   Receiving objects:  32% (7727/24144)   Receiving objects:  33% (7968/24144)   Receiving objects:  34% (8209/24144)   Receiving objects:  35% (8451/24144)   Receiving objects:  36% (8692/24144)   Receiving objects:  37% (8934/24144)   Receiving objects:  38% (9175/24144)   Receiving objects:  39% (9417/24144)   Receiving objects:  40% (9658/24144)   Receiving objects:  41% (9900/24144)   Receiving objects:  42% (10141/24144)   Receiving objects:  43% (10382/24144)   Receiving objects:  44% (10624/24144)   Receiving objects:  45% (10865/24144)   Receiving objects:  46% (11107/24144)   Receiving objects:  47% (11348/24144)   Receiving objects:  48% (11590/24144)   Receiving objects:  49% (11831/24144)   Receiving objects:  50% (12072/24144)   Receiving objects:  51% (12314/24144)   Receiving objects:  52% (12555/24144)   Receiving objects:  53% (12797/24144)   Receiving objects:  54% (13038/24144)   Receiving objects:  55% (13280/24144)   Receiving objects:  56% (13521/24144)   Receiving objects:  57% (13763/24144)   Receiving objects:  58% (14004/24144)   Receiving objects:  59% (14245/24144)   Receiving objects:  60% (14487/24144)   Receiving objects:  61% (14728/24144)   Receiving objects:  62% (14970/24144)   Receiving objects:  63% (15211/24144)   Receiving objects:  64% (15453/24144)   Receiving objects:  65% (15694/24144)   Receiving objects:  66% (15936/24144)   Receiving objects:  67% (16177/24144)   Receiving objects:  68% (16418/24144), 12.55 MiB | 25.04 MiB/s   Receiving objects:  69% (16660/24144), 12.55 MiB | 25.04 MiB/s   Receiving objects:  70% (16901/24144), 12.55 MiB | 25.04 MiB/s   Receiving objects:  71% (17143/24144), 12.55 MiB | 25.04 MiB/s   Receiving objects:  72% (17384/24144), 12.55 MiB | 25.04 MiB/s   Receiving objects:  73% (17626/24144), 12.55 MiB | 25.04 MiB/s   Receiving objects:  74% (17867/24144), 12.55 MiB | 25.04 MiB/s   Receiving objects:  75% (18108/24144), 12.55 MiB | 25.04 MiB/s   Receiving objects:  76% (18350/24144), 12.55 MiB | 25.04 MiB/s   Receiving objects:  77% (18591/24144), 12.55 MiB | 25.04 MiB/s   Receiving objects:  78% (18833/24144), 12.55 MiB | 25.04 MiB/s   Receiving objects:  79% (19074/24144), 12.55 MiB | 25.04 MiB/s   Receiving objects:  80% (19316/24144), 12.55 MiB | 25.04 MiB/s   Receiving objects:  81% (19557/24144), 12.55 MiB | 25.04 MiB/s   Receiving objects:  82% (19799/24144), 12.55 MiB | 25.04 MiB/s   Receiving objects:  83% (20040/24144), 12.55 MiB | 25.04 MiB/s   Receiving objects:  84% (20281/24144), 12.55 MiB | 25.04 MiB/s   Receiving objects:  85% (20523/24144), 12.55 MiB | 25.04 MiB/s   Receiving objects:  86% (20764/24144), 12.55 MiB | 25.04 MiB/s   Receiving objects:  87% (21006/24144), 12.55 MiB | 25.04 MiB/s   Receiving objects:  88% (21247/24144), 12.55 MiB | 25.04 MiB/s   Receiving objects:  89% (21489/24144), 12.55 MiB | 25.04 MiB/s   Receiving objects:  90% (21730/24144), 12.55 MiB | 25.04 MiB/s   Receiving objects:  91% (21972/24144), 12.55 MiB | 25.04 MiB/s   Receiving objects:  92% (22213/24144), 12.55 MiB | 25.04 MiB/s   Receiving objects:  93% (22454/24144), 12.55 MiB | 25.04 MiB/s   Receiving objects:  94% (22696/24144), 12.55 MiB | 25.04 MiB/s   Receiving objects:  95% (22937/24144), 12.55 MiB | 25.04 MiB/s   Receiving objects:  96% (23179/24144), 12.55 MiB | 25.04 MiB/s   Receiving objects:  97% (23420/24144), 12.55 MiB | 25.04 MiB/s   Receiving objects:  98% (23662/24144), 12.55 MiB | 25.04 MiB/s   Receiving objects:  99% (23903/24144), 12.55 MiB | 25.04 MiB/s   remote: Total 24144 (delta 11878), reused 21122 (delta 9386), pack-reused 0[K
Receiving objects: 100% (24144/24144), 12.55 MiB | 25.04 MiB/s   Receiving objects: 100% (24144/24144), 18.30 MiB | 25.04 MiB/s, done.
Resolving deltas:   0% (0/11878)   Resolving deltas:   1% (128/11878)   Resolving deltas:   2% (243/11878)   Resolving deltas:   3% (358/11878)   Resolving deltas:   4% (477/11878)   Resolving deltas:   5% (594/11878)   Resolving deltas:   6% (809/11878)   Resolving deltas:   7% (838/11878)   Resolving deltas:   8% (957/11878)   Resolving deltas:   9% (1091/11878)   Resolving deltas:  10% (1193/11878)   Resolving deltas:  11% (1331/11878)   Resolving deltas:  12% (1463/11878)   Resolving deltas:  13% (1554/11878)   Resolving deltas:  14% (1663/11878)   Resolving deltas:  15% (1782/11878)   Resolving deltas:  16% (1906/11878)   Resolving deltas:  17% (2026/11878)   Resolving deltas:  18% (2143/11878)   Resolving deltas:  19% (2257/11878)   Resolving deltas:  20% (2383/11878)   Resolving deltas:  21% (2501/11878)   Resolving deltas:  22% (2616/11878)   Resolving deltas:  23% (2732/11878)   Resolving deltas:  24% (2858/11878)   Resolving deltas:  25% (3028/11878)   Resolving deltas:  26% (3169/11878)   Resolving deltas:  27% (3223/11878)   Resolving deltas:  28% (3344/11878)   Resolving deltas:  29% (3512/11878)   Resolving deltas:  30% (3608/11878)   Resolving deltas:  31% (3687/11878)   Resolving deltas:  32% (3813/11878)   Resolving deltas:  33% (3922/11878)   Resolving deltas:  34% (4054/11878)   Resolving deltas:  35% (4159/11878)   Resolving deltas:  36% (4292/11878)   Resolving deltas:  37% (4433/11878)   Resolving deltas:  38% (4518/11878)   Resolving deltas:  39% (4638/11878)   Resolving deltas:  40% (4755/11878)   Resolving deltas:  41% (4870/11878)   Resolving deltas:  42% (4991/11878)   Resolving deltas:  43% (5111/11878)   Resolving deltas:  44% (5228/11878)   Resolving deltas:  45% (5355/11878)   Resolving deltas:  46% (5464/11878)   Resolving deltas:  47% (5584/11878)   Resolving deltas:  48% (5704/11878)   Resolving deltas:  49% (5821/11878)   Resolving deltas:  50% (5941/11878)   Resolving deltas:  51% (6069/11878)   Resolving deltas:  52% (6179/11878)   Resolving deltas:  53% (6302/11878)   Resolving deltas:  54% (6420/11878)   Resolving deltas:  55% (6533/11878)   Resolving deltas:  56% (6667/11878)   Resolving deltas:  57% (6773/11878)   Resolving deltas:  58% (6940/11878)   Resolving deltas:  59% (7010/11878)   Resolving deltas:  60% (7128/11878)   Resolving deltas:  61% (7309/11878)   Resolving deltas:  62% (7380/11878)   Resolving deltas:  66% (7930/11878)   Resolving deltas:  68% (8126/11878)   Resolving deltas:  71% (8524/11878)   Resolving deltas:  72% (8573/11878)   Resolving deltas:  73% (8683/11878)   Resolving deltas:  74% (8800/11878)   Resolving deltas:  75% (8945/11878)   Resolving deltas:  76% (9036/11878)   Resolving deltas:  77% (9147/11878)   Resolving deltas:  78% (9280/11878)   Resolving deltas:  79% (9385/11878)   Resolving deltas:  80% (9521/11878)   Resolving deltas:  81% (9622/11878)   Resolving deltas:  82% (9775/11878)   Resolving deltas:  83% (9861/11878)   Resolving deltas:  85% (10102/11878)   Resolving deltas:  86% (10232/11878)   Resolving deltas:  87% (10335/11878)   Resolving deltas:  88% (10460/11878)   Resolving deltas:  89% (10572/11878)   Resolving deltas:  90% (10694/11878)   Resolving deltas:  91% (10812/11878)   Resolving deltas:  92% (10928/11878)   Resolving deltas:  93% (11048/11878)   Resolving deltas:  95% (11377/11878)   Resolving deltas:  96% (11413/11878)   Resolving deltas:  97% (11522/11878)   Resolving deltas:  98% (11641/11878)   Resolving deltas:  99% (11761/11878)   Resolving deltas: 100% (11878/11878)   Resolving deltas: 100% (11878/11878), done.
Checking connectivity... done.

travis_time:end:14a1766b:start=1468505076485381161,finish=1468505079256613124,duration=2771231963[0K$ cd apache/storm
travis_time:start:20199355[0K$ git fetch origin +refs/pull/1560/merge:
remote: Counting objects: 60, done.[K
remote: Compressing objects:   2% (1/45)   [Kremote: Compressing objects:   4% (2/45)   [Kremote: Compressing objects:   6% (3/45)   [Kremote: Compressing objects:   8% (4/45)   [Kremote: Compressing objects:  11% (5/45)   [Kremote: Compressing objects:  13% (6/45)   [Kremote: Compressing objects:  15% (7/45)   [Kremote: Compressing objects:  17% (8/45)   [Kremote: Compressing objects:  20% (9/45)   [Kremote: Compressing objects:  22% (10/45)   [Kremote: Compressing objects:  24% (11/45)   [Kremote: Compressing objects:  26% (12/45)   [Kremote: Compressing objects:  28% (13/45)   [Kremote: Compressing objects:  31% (14/45)   [Kremote: Compressing objects:  33% (15/45)   [Kremote: Compressing objects:  35% (16/45)   [Kremote: Compressing objects:  37% (17/45)   [Kremote: Compressing objects:  40% (18/45)   [Kremote: Compressing objects:  42% (19/45)   [Kremote: Compressing objects:  44% (20/45)   [Kremote: Compressing objects:  46% (21/45)   [Kremote: Compressing objects:  48% (22/45)   [Kremote: Compressing objects:  51% (23/45)   [Kremote: Compressing objects:  53% (24/45)   [Kremote: Compressing objects:  55% (25/45)   [Kremote: Compressing objects:  57% (26/45)   [Kremote: Compressing objects:  60% (27/45)   [Kremote: Compressing objects:  62% (28/45)   [Kremote: Compressing objects:  64% (29/45)   [Kremote: Compressing objects:  66% (30/45)   [Kremote: Compressing objects:  68% (31/45)   [Kremote: Compressing objects:  71% (32/45)   [Kremote: Compressing objects:  73% (33/45)   [Kremote: Compressing objects:  75% (34/45)   [Kremote: Compressing objects:  77% (35/45)   [Kremote: Compressing objects:  80% (36/45)   [Kremote: Compressing objects:  82% (37/45)   [Kremote: Compressing objects:  84% (38/45)   [Kremote: Compressing objects:  86% (39/45)   [Kremote: Compressing objects:  88% (40/45)   [Kremote: Compressing objects:  91% (41/45)   [Kremote: Compressing objects:  93% (42/45)   [Kremote: Compressing objects:  95% (43/45)   [Kremote: Compressing objects:  97% (44/45)   [Kremote: Compressing objects: 100% (45/45)   [Kremote: Compressing objects: 100% (45/45), done.[K
remote: Total 60 (delta 29), reused 26 (delta 0), pack-reused 0[K
Unpacking objects:   1% (1/60)   Unpacking objects:   3% (2/60)   Unpacking objects:   5% (3/60)   Unpacking objects:   6% (4/60)   Unpacking objects:   8% (5/60)   Unpacking objects:  10% (6/60)   Unpacking objects:  11% (7/60)   Unpacking objects:  13% (8/60)   Unpacking objects:  15% (9/60)   Unpacking objects:  16% (10/60)   Unpacking objects:  18% (11/60)   Unpacking objects:  20% (12/60)   Unpacking objects:  21% (13/60)   Unpacking objects:  23% (14/60)   Unpacking objects:  25% (15/60)   Unpacking objects:  26% (16/60)   Unpacking objects:  28% (17/60)   Unpacking objects:  30% (18/60)   Unpacking objects:  31% (19/60)   Unpacking objects:  33% (20/60)   Unpacking objects:  35% (21/60)   Unpacking objects:  36% (22/60)   Unpacking objects:  38% (23/60)   Unpacking objects:  40% (24/60)   Unpacking objects:  41% (25/60)   Unpacking objects:  43% (26/60)   Unpacking objects:  45% (27/60)   Unpacking objects:  46% (28/60)   Unpacking objects:  48% (29/60)   Unpacking objects:  50% (30/60)   Unpacking objects:  51% (31/60)   Unpacking objects:  53% (32/60)   Unpacking objects:  55% (33/60)   Unpacking objects:  56% (34/60)   Unpacking objects:  58% (35/60)   Unpacking objects:  60% (36/60)   Unpacking objects:  61% (37/60)   Unpacking objects:  63% (38/60)   Unpacking objects:  65% (39/60)   Unpacking objects:  66% (40/60)   Unpacking objects:  68% (41/60)   Unpacking objects:  70% (42/60)   Unpacking objects:  71% (43/60)   Unpacking objects:  73% (44/60)   Unpacking objects:  75% (45/60)   Unpacking objects:  76% (46/60)   Unpacking objects:  78% (47/60)   Unpacking objects:  80% (48/60)   Unpacking objects:  81% (49/60)   Unpacking objects:  83% (50/60)   Unpacking objects:  85% (51/60)   Unpacking objects:  86% (52/60)   Unpacking objects:  88% (53/60)   Unpacking objects:  90% (54/60)   Unpacking objects:  91% (55/60)   Unpacking objects:  93% (56/60)   Unpacking objects:  95% (57/60)   Unpacking objects:  96% (58/60)   Unpacking objects:  98% (59/60)   Unpacking objects: 100% (60/60)   Unpacking objects: 100% (60/60), done.
From https://github.com/apache/storm
 * branch            refs/pull/1560/merge -> FETCH_HEAD

travis_time:end:20199355:start=1468505079260686967,finish=1468505079592853611,duration=332166644[0K$ git checkout -qf FETCH_HEAD
travis_fold:end:git.checkout[0K
[33;1mThis job is running on container-based infrastructure, which does not allow use of 'sudo', setuid and setguid executables.[0m
[33;1mIf you require sudo, add 'sudo: required' to your .travis.yml[0m
[33;1mSee https://docs.travis-ci.com/user/workers/container-based-infrastructure/ for details.[0m

[33;1mSetting environment variables from .travis.yml[0m
$ export MODULES=storm-core

$ jdk_switcher use oraclejdk8
Switching to Oracle JDK8 (java-8-oracle), JAVA_HOME will be set to /usr/lib/jvm/java-8-oracle
travis_fold:start:cache.1[0KSetting up build cache
$ export CASHER_DIR=$HOME/.casher
travis_time:start:0358c728[0K$ Installing caching utilities

travis_time:end:0358c728:start=1468505081979029696,finish=1468505082045025782,duration=65996086[0Ktravis_time:start:05f6f070[0K
travis_time:end:05f6f070:start=1468505082050405286,finish=1468505082053898659,duration=3493373[0Ktravis_time:start:0cf3e238[0K[32;1mattempting to download cache archive[0m
[32;1mfetching PR.1560/cache-linux-precise-4722ea394922d42b2b7eb84cff6efc764d76759821ac6f6efc13232aa923f595--jdk-oraclejdk8.tgz[0m
[32;1mfound cache[0m

travis_time:end:0cf3e238:start=1468505082058100355,finish=1468505094483629117,duration=12425528762[0Ktravis_time:start:0c437b88[0K
travis_time:end:0c437b88:start=1468505094487477281,finish=1468505094490788296,duration=3311015[0Ktravis_time:start:2cfba6c4[0K[32;1madding /home/travis/.m2/repository to cache[0m
[32;1madding /home/travis/.rvm to cache[0m
[32;1madding /home/travis/.nvm to cache[0m

travis_time:end:2cfba6c4:start=1468505094494898618,finish=1468505108947147556,duration=14452248938[0Ktravis_fold:end:cache.1[0K$ java -Xmx32m -version
java version "1.8.0_31"
Java(TM) SE Runtime Environment (build 1.8.0_31-b13)
Java HotSpot(TM) 64-Bit Server VM (build 25.31-b07, mixed mode)
$ javac -J-Xmx32m -version
javac 1.8.0_31
travis_fold:start:before_install.1[0Ktravis_time:start:0784f2b9[0K$ rvm use 2.1.5 --install
[32mUsing /home/travis/.rvm/gems/ruby-2.1.5[0m

travis_time:end:0784f2b9:start=1468505109734308169,finish=1468505110026395192,duration=292087023[0Ktravis_fold:end:before_install.1[0Ktravis_fold:start:before_install.2[0Ktravis_time:start:0355f238[0K$ nvm install 0.12.2
v0.12.2 is already installed.
Now using node v0.12.2

travis_time:end:0355f238:start=1468505110030868675,finish=1468505110304739513,duration=273870838[0Ktravis_fold:end:before_install.2[0Ktravis_fold:start:before_install.3[0Ktravis_time:start:0c2198bc[0K$ nvm use 0.12.2
Now using node v0.12.2

travis_time:end:0c2198bc:start=1468505110310384005,finish=1468505110382079849,duration=71695844[0Ktravis_fold:end:before_install.3[0Ktravis_fold:start:install[0Ktravis_time:start:17d7abc4[0K$ /bin/bash ./dev-tools/travis/travis-install.sh `pwd`
Python version :   Python 2.7.3
Java HotSpot(TM) 64-Bit Server VM warning: ignoring option MaxPermSize=192m; support was removed in 8.0
Maven version  :   Apache Maven 3.2.5 (12a6b3acb947671f09b81f49094c53f426d8cea1; 2014-12-14T17:29:23+00:00) Maven home: /usr/local/maven Java version: 1.8.0_31, vendor: Oracle Corporation Java home: /usr/lib/jvm/java-8-oracle/jre Default locale: en_US, platform encoding: UTF-8 OS name: "linux", version: "3.13.0-40-generic", arch: "amd64", family: "unix"
['mvn', 'clean', 'install', '-DskipTests', '-Pnative', '--batch-mode'] writing to install.txt
5 seconds 2 log lines15 seconds 87 log lines26 seconds 228 log lines38 seconds 306 log lines81 seconds 324 log lines94 seconds 331 log lines106 seconds 409 log lines130 seconds 653 log lines142 seconds 796 log lines153 seconds 866 log lines170 seconds 884 log lines181 seconds 925 log lines191 seconds 971 log lines201 seconds 1267 log lines216 seconds 1478 log lines227 seconds 1684 log lines238 seconds 2116 log lines252 seconds 2237 log lines262 seconds 2477 log lines278 seconds 2684 log lines278 seconds 2685 log lines
['mvn', 'clean', 'install', '-DskipTests', '-Pnative', '--batch-mode'] done 0

travis_time:end:17d7abc4:start=1468505110387837420,finish=1468505389399756109,duration=279011918689[0Ktravis_fold:end:install[0Ktravis_time:start:06baf615[0K$ /bin/bash ./dev-tools/travis/travis-script.sh `pwd` $MODULES
Python version :   Python 2.7.3
Ruby version   :   ruby 2.1.5p273 (2014-11-13 revision 48405) [x86_64-linux]
NodeJs version :   v0.12.2
Java HotSpot(TM) 64-Bit Server VM warning: ignoring option MaxPermSize=192m; support was removed in 8.0
Maven version  :   Apache Maven 3.2.5 (12a6b3acb947671f09b81f49094c53f426d8cea1; 2014-12-14T17:29:23+00:00) Maven home: /usr/local/maven Java version: 1.8.0_31, vendor: Oracle Corporation Java home: /usr/lib/jvm/java-8-oracle/jre Default locale: en_US, platform encoding: UTF-8 OS name: "linux", version: "3.13.0-40-generic", arch: "amd64", family: "unix"
Java HotSpot(TM) 64-Bit Server VM warning: ignoring option MaxPermSize=192m; support was removed in 8.0
[INFO] Scanning for projects...
[INFO]                                                                         
[INFO] ------------------------------------------------------------------------
[INFO] Building Storm Core 2.0.0-SNAPSHOT
[INFO] ------------------------------------------------------------------------
[INFO] 
[INFO] --- exec-maven-plugin:1.2.1:exec (default) @ storm-core ---
[INFO] 
[INFO] --- maven-remote-resources-plugin:1.2.1:process (default) @ storm-core ---
[INFO] 
[INFO] --- storm-maven-plugins:2.0.0-SNAPSHOT:version-info (version-info) @ storm-core ---
[WARNING] [svn, info] failed with error code 1
[INFO] SCM: GIT
[INFO] Computed MD5: fc15e21d15921af6e76df7b2b1d2d45
[INFO] 
[INFO] --- maven-resources-plugin:2.5:resources (default-resources) @ storm-core ---
[debug] execute contextualize
[INFO] Using 'UTF-8' encoding to copy filtered resources.
[INFO] Copying 9 resources
[INFO] Copying 1 resource to META-INF
[INFO] Copying 0 resource
[INFO] Copying 1 resource
[INFO] Copying 3 resources
[INFO] 
[INFO] --- maven-compiler-plugin:3.1:compile (default-compile) @ storm-core ---
[INFO] Nothing to compile - all classes are up to date
[INFO] 
[INFO] --- clojure-maven-plugin:1.7.1:compile (compile-clojure) @ storm-core ---
Compiling org.apache.storm.trident.testing to /home/travis/build/apache/storm/storm-core/target/classes
14:10:20.134 [main] WARN  o.a.s.m.StormMetricsRegistry - Metric ui:num-topology-op-response-http-requests has already been registered
14:10:20.136 [main] WARN  o.a.s.m.StormMetricsRegistry - Metric ui:num-topology-op-response-http-requests has already been registered
Compiling org.apache.storm.command.get-errors to /home/travis/build/apache/storm/storm-core/target/classes
Compiling org.apache.storm.command.blobstore to /home/travis/build/apache/storm/storm-core/target/classes
Compiling org.apache.storm.daemon.drpc to /home/travis/build/apache/storm/storm-core/target/classes
Compiling org.apache.storm.testing4j to /home/travis/build/apache/storm/storm-core/target/classes
Compiling org.apache.storm.ui.core to /home/travis/build/apache/storm/storm-core/target/classes
Compiling org.apache.storm.ui.helpers to /home/travis/build/apache/storm/storm-core/target/classes
Compiling org.apache.storm.testing to /home/travis/build/apache/storm/storm-core/target/classes
Compiling org.apache.storm.command.heartbeats to /home/travis/build/apache/storm/storm-core/target/classes
Compiling org.apache.storm.log to /home/travis/build/apache/storm/storm-core/target/classes
Compiling org.apache.storm.daemon.common to /home/travis/build/apache/storm/storm-core/target/classes
Compiling org.apache.storm.util to /home/travis/build/apache/storm/storm-core/target/classes
Compiling org.apache.storm.scheduler.IsolationScheduler to /home/travis/build/apache/storm/storm-core/target/classes
Compiling org.apache.storm.config to /home/travis/build/apache/storm/storm-core/target/classes
Compiling org.apache.storm.LocalCluster to /home/travis/build/apache/storm/storm-core/target/classes
Compiling org.apache.storm.internal.clojure to /home/travis/build/apache/storm/storm-core/target/classes
Compiling org.apache.storm.daemon.logviewer to /home/travis/build/apache/storm/storm-core/target/classes
Compiling org.apache.storm.blobstore to /home/travis/build/apache/storm/storm-core/target/classes
Compiling org.apache.storm.daemon.local-supervisor to /home/travis/build/apache/storm/storm-core/target/classes
Compiling org.apache.storm.daemon.executor to /home/travis/build/apache/storm/storm-core/target/classes
Compiling org.apache.storm.converter to /home/travis/build/apache/storm/storm-core/target/classes
Compiling org.apache.storm.daemon.nimbus to /home/travis/build/apache/storm/storm-core/target/classes
Compiling org.apache.storm.internal.thrift to /home/travis/build/apache/storm/storm-core/target/classes
Compiling org.apache.storm.local-state-converter to /home/travis/build/apache/storm/storm-core/target/classes
Compiling org.apache.storm.command.shell-submission to /home/travis/build/apache/storm/storm-core/target/classes
Compiling org.apache.storm.daemon.worker to /home/travis/build/apache/storm/storm-core/target/classes
[INFO] 
[INFO] --- make-maven-plugin:1.0-beta-1:autoreconf (compile) @ storm-core ---
[INFO] 
[INFO] --- make-maven-plugin:1.0-beta-1:configure (compile) @ storm-core ---
[INFO] /bin/sh: 14: /home/travis/.jdk_switcher_rc: [[: not found
[INFO] /bin/sh: 22: /home/travis/.jdk_switcher_rc: [[: not found
[INFO] /bin/sh: 32: /home/travis/.jdk_switcher_rc: [[: not found
[INFO] /bin/sh: 42: /home/travis/.jdk_switcher_rc: [[: not found
[INFO] /bin/sh: 3: /etc/profile.d/rvm.sh: [[: not found
[INFO] checking for gcc... gcc
[INFO] checking whether the C compiler works... yes
[INFO] checking for C compiler default output file name... a.out
[INFO] checking for suffix of executables... 
[INFO] checking whether we are cross compiling... no
[INFO] checking for suffix of object files... o
[INFO] checking whether we are using the GNU C compiler... yes
[INFO] checking whether gcc accepts -g... yes
[INFO] checking for gcc option to accept ISO C89... none needed
[INFO] checking how to run the C preprocessor... gcc -E
[INFO] checking for grep that handles long lines and -e... /bin/grep
[INFO] checking for egrep... /bin/grep -E
[INFO] checking for ANSI C header files... yes
[INFO] checking for sys/types.h... yes
[INFO] checking for sys/stat.h... yes
[INFO] checking for stdlib.h... yes
[INFO] checking for string.h... yes
[INFO] checking for memory.h... yes
[INFO] checking for strings.h... yes
[INFO] checking for inttypes.h... yes
[INFO] checking for stdint.h... yes
[INFO] checking for unistd.h... yes
[INFO] checking minix/config.h usability... no
[INFO] checking minix/config.h presence... no
[INFO] checking for minix/config.h... no
[INFO] checking whether it is safe to define __EXTENSIONS__... yes
[INFO] checking for a BSD-compatible install... /usr/bin/install -c
[INFO] checking whether build environment is sane... yes
[INFO] checking for a thread-safe mkdir -p... /bin/mkdir -p
[INFO] checking for gawk... gawk
[INFO] checking whether make sets $(MAKE)... yes
[INFO] checking for style of include used by make... GNU
[INFO] checking dependency style of gcc... gcc3
[INFO] checking for gcc... (cached) gcc
[INFO] checking whether we are using the GNU C compiler... (cached) yes
[INFO] checking whether gcc accepts -g... (cached) yes
[INFO] checking for gcc option to accept ISO C89... (cached) none needed
[INFO] checking whether gcc and cc understand -c and -o together... yes
[INFO] checking for unistd.h... (cached) yes
[INFO] checking for stdbool.h that conforms to C99... yes
[INFO] checking for _Bool... yes
[INFO] checking for an ANSI C-conforming const... yes
[INFO] checking for off_t... yes
[INFO] checking for size_t... yes
[INFO] checking whether strerror_r is declared... yes
[INFO] checking for strerror_r... yes
[INFO] checking whether strerror_r returns char *... yes
[INFO] checking for mkdir... yes
[INFO] checking for uname... yes
[INFO] configure: creating ./config.status
[INFO] config.status: creating Makefile
[INFO] config.status: executing depfiles commands
[INFO] 
[INFO] --- make-maven-plugin:1.0-beta-1:make-install (compile) @ storm-core ---
[INFO] /bin/sh: 14: /home/travis/.jdk_switcher_rc: [[: not found
[INFO] /bin/sh: 22: /home/travis/.jdk_switcher_rc: [[: not found
[INFO] /bin/sh: 32: /home/travis/.jdk_switcher_rc: [[: not found
[INFO] /bin/sh: 42: /home/travis/.jdk_switcher_rc: [[: not found
[INFO] /bin/sh: 3: /etc/profile.d/rvm.sh: [[: not found
[INFO] make[1]: Entering directory `/home/travis/build/apache/storm/storm-core/target/native/worker-launcher'
[INFO] test -z "/usr/local/bin" || /bin/mkdir -p "/home/travis/build/apache/storm/storm-core/target/native/target/usr/local/bin"
[INFO]   /usr/bin/install -c worker-launcher '/home/travis/build/apache/storm/storm-core/target/native/target/usr/local/bin'
[INFO] make[1]: Nothing to be done for `install-data-am'.
[INFO] make[1]: Leaving directory `/home/travis/build/apache/storm/storm-core/target/native/worker-launcher'
[INFO] 
[INFO] --- maven-resources-plugin:2.5:testResources (default-testResources) @ storm-core ---
[debug] execute contextualize
[INFO] Using 'UTF-8' encoding to copy filtered resources.
[INFO] Copying 14 resources
[INFO] Copying 2 resources
[INFO] Copying 3 resources
[INFO] 
[INFO] --- maven-dependency-plugin:2.8:unpack (unpack) @ storm-core ---
[INFO] Configured Artifact: org.apache.storm:multilang-ruby:2.0.0-SNAPSHOT:jar
[INFO] Downloading: https://repository.apache.org/snapshots/org/apache/storm/multilang-ruby/2.0.0-SNAPSHOT/maven-metadata.xml
[INFO] Configured Artifact: org.apache.storm:multilang-python:2.0.0-SNAPSHOT:jar
[INFO] Downloading: https://repository.apache.org/snapshots/org/apache/storm/multilang-python/2.0.0-SNAPSHOT/maven-metadata.xml
[INFO] Configured Artifact: org.apache.storm:multilang-javascript:2.0.0-SNAPSHOT:jar
[INFO] Downloading: https://repository.apache.org/snapshots/org/apache/storm/multilang-javascript/2.0.0-SNAPSHOT/maven-metadata.xml
[INFO] multilang-ruby-2.0.0-SNAPSHOT.jar already unpacked.
[INFO] multilang-python-2.0.0-SNAPSHOT.jar already unpacked.
[INFO] multilang-javascript-2.0.0-SNAPSHOT.jar already unpacked.
[INFO] 
[INFO] --- maven-compiler-plugin:3.1:testCompile (default-testCompile) @ storm-core ---
[INFO] Changes detected - recompiling the module!
[INFO] Compiling 63 source files to /home/travis/build/apache/storm/storm-core/target/test-classes
[WARNING] /home/travis/build/apache/storm/storm-core/test/jvm/org/apache/storm/localizer/LocalizerTest.java: Some input files use or override a deprecated API.
[WARNING] /home/travis/build/apache/storm/storm-core/test/jvm/org/apache/storm/localizer/LocalizerTest.java: Recompile with -Xlint:deprecation for details.
[WARNING] /home/travis/build/apache/storm/storm-core/test/jvm/org/apache/storm/spout/CheckpointSpoutTest.java: Some input files use unchecked or unsafe operations.
[WARNING] /home/travis/build/apache/storm/storm-core/test/jvm/org/apache/storm/spout/CheckpointSpoutTest.java: Recompile with -Xlint:unchecked for details.
[INFO] 
[INFO] --- maven-surefire-plugin:2.18.1:test (default-test) @ storm-core ---
[INFO] Surefire report directory: /home/travis/build/apache/storm/storm-core/target/surefire-reports
[INFO] parallel='none', perCoreThreadCount=true, threadCount=0, useUnlimitedThreads=false, threadCountSuites=0, threadCountClasses=0, threadCountMethods=0, parallelOptimized=true

-------------------------------------------------------
 T E S T S
-------------------------------------------------------
Running org.apache.storm.spout.CheckpointSpoutTest
Tests run: 7, Failures: 0, Errors: 0, Skipped: 0, Time elapsed: 0.55 sec - in org.apache.storm.spout.CheckpointSpoutTest
Running org.apache.storm.utils.TimeTest
Tests run: 8, Failures: 0, Errors: 0, Skipped: 0, Time elapsed: 0.002 sec - in org.apache.storm.utils.TimeTest
Running org.apache.storm.utils.WorkerBackpressureThreadTest
Tests run: 1, Failures: 0, Errors: 0, Skipped: 0, Time elapsed: 0.215 sec - in org.apache.storm.utils.WorkerBackpressureThreadTest
Running org.apache.storm.utils.DisruptorQueueTest
Tests run: 3, Failures: 0, Errors: 0, Skipped: 0, Time elapsed: 4.383 sec - in org.apache.storm.utils.DisruptorQueueTest
Running org.apache.storm.utils.UtilsTest
Tests run: 8, Failures: 0, Errors: 0, Skipped: 0, Time elapsed: 0.375 sec - in org.apache.storm.utils.UtilsTest
Running org.apache.storm.utils.DisruptorQueueBackpressureTest
Tests run: 1, Failures: 0, Errors: 0, Skipped: 0, Time elapsed: 0 sec - in org.apache.storm.utils.DisruptorQueueBackpressureTest
Running org.apache.storm.utils.ThriftTopologyUtilsTest
Tests run: 5, Failures: 0, Errors: 0, Skipped: 0, Time elapsed: 0.104 sec - in org.apache.storm.utils.ThriftTopologyUtilsTest
Running org.apache.storm.utils.ShellBoltMessageQueueTest
Tests run: 3, Failures: 0, Errors: 0, Skipped: 0, Time elapsed: 2.025 sec - in org.apache.storm.utils.ShellBoltMessageQueueTest
Running org.apache.storm.utils.StormBoundedExponentialBackoffRetryTest
Tests run: 5, Failures: 0, Errors: 0, Skipped: 0, Time elapsed: 0.961 sec - in org.apache.storm.utils.StormBoundedExponentialBackoffRetryTest
Running org.apache.storm.command.TestCLI
Tests run: 1, Failures: 0, Errors: 0, Skipped: 0, Time elapsed: 0.052 sec - in org.apache.storm.command.TestCLI
Running org.apache.storm.command.RebalanceTest
Tests run: 2, Failures: 0, Errors: 0, Skipped: 0, Time elapsed: 0.006 sec - in org.apache.storm.command.RebalanceTest
Running org.apache.storm.command.SetLogLevelTest
Tests run: 3, Failures: 0, Errors: 0, Skipped: 0, Time elapsed: 0.022 sec - in org.apache.storm.command.SetLogLevelTest
Running org.apache.storm.serialization.ThriftBridgeSerializationDelegateTest
Tests run: 1, Failures: 0, Errors: 0, Skipped: 0, Time elapsed: 0.063 sec - in org.apache.storm.serialization.ThriftBridgeSerializationDelegateTest
Running org.apache.storm.serialization.GzipBridgeSerializationDelegateTest
Tests run: 3, Failures: 0, Errors: 0, Skipped: 0, Time elapsed: 0.065 sec - in org.apache.storm.serialization.GzipBridgeSerializationDelegateTest
Running org.apache.storm.serialization.GzipBridgeThriftSerializationDelegateTest
Tests run: 3, Failures: 0, Errors: 0, Skipped: 0, Time elapsed: 0.016 sec - in org.apache.storm.serialization.GzipBridgeThriftSerializationDelegateTest
Running org.apache.storm.serialization.SerializationTest
Tests run: 3, Failures: 0, Errors: 0, Skipped: 0, Time elapsed: 16.319 sec - in org.apache.storm.serialization.SerializationTest
Running org.apache.storm.trident.TridentWindowingTest
Tests run: 3, Failures: 0, Errors: 0, Skipped: 0, Time elapsed: 0.03 sec - in org.apache.storm.trident.TridentWindowingTest
Running org.apache.storm.trident.TestTridentTopology
Tests run: 1, Failures: 0, Errors: 0, Skipped: 0, Time elapsed: 36.622 sec - in org.apache.storm.trident.TestTridentTopology
Running org.apache.storm.metric.internal.LatencyStatAndMetricTest
Tests run: 1, Failures: 0, Errors: 0, Skipped: 0, Time elapsed: 0.011 sec - in org.apache.storm.metric.internal.LatencyStatAndMetricTest
Running org.apache.storm.metric.internal.CountStatAndMetricTest
Tests run: 1, Failures: 0, Errors: 0, Skipped: 0, Time elapsed: 0.008 sec - in org.apache.storm.metric.internal.CountStatAndMetricTest
Running org.apache.storm.metric.internal.RateTrackerTest
Tests run: 4, Failures: 0, Errors: 0, Skipped: 0, Time elapsed: 0.002 sec - in org.apache.storm.metric.internal.RateTrackerTest
Running org.apache.storm.metric.filter.FilterByMetricNameTest
Tests run: 4, Failures: 0, Errors: 0, Skipped: 0, Time elapsed: 0.006 sec - in org.apache.storm.metric.filter.FilterByMetricNameTest
Running org.apache.storm.metric.util.DataPointExpanderTest
Tests run: 5, Failures: 0, Errors: 0, Skipped: 0, Time elapsed: 0.002 sec - in org.apache.storm.metric.util.DataPointExpanderTest
Running org.apache.storm.windowing.WaterMarkEventGeneratorTest
Tests run: 5, Failures: 0, Errors: 0, Skipped: 0, Time elapsed: 0.071 sec - in org.apache.storm.windowing.WaterMarkEventGeneratorTest
Running org.apache.storm.windowing.WindowManagerTest
Tests run: 10, Failures: 0, Errors: 0, Skipped: 0, Time elapsed: 0.578 sec - in org.apache.storm.windowing.WindowManagerTest
Running org.apache.storm.topology.StatefulBoltExecutorTest
Tests run: 7, Failures: 0, Errors: 0, Skipped: 0, Time elapsed: 1.191 sec - in org.apache.storm.topology.StatefulBoltExecutorTest
Running org.apache.storm.topology.StatefulWindowedBoltExecutorTest
Tests run: 4, Failures: 0, Errors: 0, Skipped: 0, Time elapsed: 0.329 sec - in org.apache.storm.topology.StatefulWindowedBoltExecutorTest
Running org.apache.storm.topology.TopologyBuilderTest
Tests run: 5, Failures: 0, Errors: 0, Skipped: 0, Time elapsed: 0.151 sec - in org.apache.storm.topology.TopologyBuilderTest
Running org.apache.storm.topology.WindowedBoltExecutorTest
Tests run: 5, Failures: 0, Errors: 0, Skipped: 0, Time elapsed: 0.158 sec - in org.apache.storm.topology.WindowedBoltExecutorTest
Running org.apache.storm.localizer.LocalizerTest
Tests run: 13, Failures: 0, Errors: 0, Skipped: 0, Time elapsed: 1.43 sec - in org.apache.storm.localizer.LocalizerTest
Running org.apache.storm.localizer.LocalizedResourceRetentionSetTest
Tests run: 2, Failures: 0, Errors: 0, Skipped: 0, Time elapsed: 0.057 sec - in org.apache.storm.localizer.LocalizedResourceRetentionSetTest
Running org.apache.storm.localizer.LocalizedResourceSetTest
Tests run: 4, Failures: 0, Errors: 0, Skipped: 0, Time elapsed: 0.014 sec - in org.apache.storm.localizer.LocalizedResourceSetTest
Running org.apache.storm.blobstore.BlobStoreTest
Tests run: 4, Failures: 0, Errors: 0, Skipped: 0, Time elapsed: 1.109 sec - in org.apache.storm.blobstore.BlobStoreTest
Running org.apache.storm.blobstore.BlobSynchronizerTest
Tests run: 4, Failures: 0, Errors: 0, Skipped: 0, Time elapsed: 2.592 sec - in org.apache.storm.blobstore.BlobSynchronizerTest
Running org.apache.storm.blobstore.ClientBlobStoreTest
Tests run: 4, Failures: 0, Errors: 0, Skipped: 0, Time elapsed: 0.001 sec - in org.apache.storm.blobstore.ClientBlobStoreTest
Running org.apache.storm.cluster.StormClusterStateImplTest
Tests run: 5, Failures: 0, Errors: 0, Skipped: 0, Time elapsed: 0.035 sec - in org.apache.storm.cluster.StormClusterStateImplTest
Running org.apache.storm.scheduler.resource.strategies.scheduling.TestDefaultResourceAwareStrategy
Tests run: 2, Failures: 0, Errors: 0, Skipped: 0, Time elapsed: 0.621 sec - in org.apache.storm.scheduler.resource.strategies.scheduling.TestDefaultResourceAwareStrategy
Running org.apache.storm.scheduler.resource.TestResourceAwareScheduler
Tests run: 14, Failures: 0, Errors: 0, Skipped: 0, Time elapsed: 3.336 sec - in org.apache.storm.scheduler.resource.TestResourceAwareScheduler
Running org.apache.storm.scheduler.resource.TestUser
Tests run: 3, Failures: 0, Errors: 0, Skipped: 0, Time elapsed: 2.617 sec - in org.apache.storm.scheduler.resource.TestUser
Running org.apache.storm.nimbus.LocalNimbusTest
Tests run: 1, Failures: 0, Errors: 0, Skipped: 0, Time elapsed: 48.652 sec - in org.apache.storm.nimbus.LocalNimbusTest
Running org.apache.storm.security.auth.AuthUtilsTest
Tests run: 15, Failures: 0, Errors: 0, Skipped: 0, Time elapsed: 0.289 sec - in org.apache.storm.security.auth.AuthUtilsTest
Running org.apache.storm.security.auth.ThriftServerTest
Tests run: 2, Failures: 0, Errors: 0, Skipped: 0, Time elapsed: 0.004 sec - in org.apache.storm.security.auth.ThriftServerTest
Running org.apache.storm.security.auth.SaslTransportPluginTest
Tests run: 2, Failures: 0, Errors: 0, Skipped: 0, Time elapsed: 0.002 sec - in org.apache.storm.security.auth.SaslTransportPluginTest
Running org.apache.storm.security.auth.ThriftClientTest
Tests run: 4, Failures: 0, Errors: 0, Skipped: 0, Time elapsed: 0.015 sec - in org.apache.storm.security.auth.ThriftClientTest
Running org.apache.storm.security.auth.ReqContextTest
Tests run: 4, Failures: 0, Errors: 0, Skipped: 0, Time elapsed: 0.002 sec - in org.apache.storm.security.auth.ReqContextTest
Running org.apache.storm.security.serialization.BlowfishTupleSerializerTest
Tests run: 3, Failures: 0, Errors: 0, Skipped: 0, Time elapsed: 5.101 sec - in org.apache.storm.security.serialization.BlowfishTupleSerializerTest
Running org.apache.storm.tuple.FieldsTest
Tests run: 12, Failures: 0, Errors: 0, Skipped: 0, Time elapsed: 0.083 sec - in org.apache.storm.tuple.FieldsTest
Running org.apache.storm.grouping.PartialKeyGroupingTest
Tests run: 2, Failures: 0, Errors: 0, Skipped: 0, Time elapsed: 0.193 sec - in org.apache.storm.grouping.PartialKeyGroupingTest
Running org.apache.storm.state.InMemoryKeyValueStateTest
Tests run: 2, Failures: 0, Errors: 0, Skipped: 0, Time elapsed: 0.071 sec - in org.apache.storm.state.InMemoryKeyValueStateTest
Running org.apache.storm.TestConfigValidate
Tests run: 25, Failures: 0, Errors: 0, Skipped: 0, Time elapsed: 1.623 sec - in org.apache.storm.TestConfigValidate
Running org.apache.storm.PacemakerTest
Tests run: 9, Failures: 0, Errors: 0, Skipped: 0, Time elapsed: 1.866 sec - in org.apache.storm.PacemakerTest
Running org.apache.storm.PaceMakerStateStorageFactoryTest
Tests run: 10, Failures: 0, Errors: 0, Skipped: 0, Time elapsed: 0.374 sec - in org.apache.storm.PaceMakerStateStorageFactoryTest
Running org.apache.storm.TestCgroups
Tests run: 1, Failures: 0, Errors: 0, Skipped: 1, Time elapsed: 0.013 sec - in org.apache.storm.TestCgroups

Results :

Tests run: 259, Failures: 0, Errors: 0, Skipped: 1

[INFO] 
[INFO] --- clojure-maven-plugin:1.7.1:test (test-clojure) @ storm-core ---
5070 [main] WARN  o.a.s.m.StormMetricsRegistry - Metric ui:num-topology-op-response-http-requests has already been registered
5071 [main] WARN  o.a.s.m.StormMetricsRegistry - Metric ui:num-topology-op-response-http-requests has already been registered
16099 [main] WARN  o.a.s.m.StormMetricsRegistry - Metric drpc:num-execute-http-requests has already been registered
Running org.apache.storm.nimbus-test
Tests run: 43, Passed: 789, Failures: 0, Errors: 0
Running org.apache.storm.subtopology-test
Tests run: 0, Passed: 0, Failures: 0, Errors: 0
Running org.apache.storm.cluster-test
Tests run: 10, Passed: 92, Failures: 0, Errors: 0
Running org.apache.storm.trident.tuple-test
Tests run: 6, Passed: 36, Failures: 0, Errors: 0
Running org.apache.storm.security.auth.auto-login-module-test
Tests run: 6, Passed: 22, Failures: 0, Errors: 0
Running org.apache.storm.security.auth.nimbus-auth-test
Tests run: 5, Passed: 39, Failures: 0, Errors: 0
Running org.apache.storm.logviewer-test
Tests run: 12, Passed: 118, Failures: 0, Errors: 0
Running org.apache.storm.transactional-test
Tests run: 7, Passed: 110, Failures: 0, Errors: 0
Running org.apache.storm.trident.state-test
Tests run: 5, Passed: 37, Failures: 0, Errors: 0
Running org.apache.storm.serialization-test
Tests run: 1, Passed: 0, Failures: 0, Errors: 0
Running org.apache.storm.security.auth.DefaultHttpCredentialsPlugin-test
Tests run: 2, Passed: 8, Failures: 0, Errors: 0
Running org.apache.storm.utils.ZookeeperServerCnxnFactory-test
Tests run: 2, Passed: 3, Failures: 0, Errors: 0
Running org.apache.storm.security.auth.drpc-auth-test
Tests run: 4, Passed: 22, Failures: 0, Errors: 0
Running org.apache.storm.versioned-store-test
Tests run: 2, Passed: 5, Failures: 0, Errors: 0
Running org.apache.storm.scheduler.multitenant-scheduler-test
Tests run: 17, Passed: 235, Failures: 0, Errors: 0
Running org.apache.storm.supervisor-test
99785 [Thread-892] INFO  o.a.s.u.Utils - Async loop interrupted!
Tests run: 20, Passed: 59, Failures: 0, Errors: 0
Running integration.org.apache.storm.testing4j-test
105071 [Thread-902] INFO  o.a.s.u.Utils - Async loop interrupted!
Tests run: 8, Passed: 36, Failures: 0, Errors: 0
107240 [Thread-898] INFO  o.a.s.u.Utils - Async loop interrupted!
Running org.apache.storm.serialization.SerializationFactory-test
107241 [Thread-887] INFO  o.a.s.u.Utils - Async loop interrupted!
Tests run: 3, Passed: 3, Failures: 0, Errors: 0
Running org.apache.storm.clojure-test
Tests run: 3, Passed: 5, Failures: 0, Errors: 0
Running org.apache.storm.drpc-test
113650 [Thread-1376] INFO  o.a.s.u.Utils - Async loop interrupted!
118567 [Thread-1512] INFO  o.a.s.u.Utils - Async loop interrupted!
Tests run: 9, Passed: 17, Failures: 0, Errors: 0
Running org.apache.storm.worker-test
Tests run: 8, Passed: 35, Failures: 0, Errors: 0
Running org.apache.storm.security.auth.auth-test
Tests run: 13, Passed: 94, Failures: 0, Errors: 0
Running org.apache.storm.messaging-test
Tests run: 1, Passed: 2, Failures: 0, Errors: 0
Running org.apache.storm.submitter-test
Tests run: 1, Passed: 13, Failures: 0, Errors: 0
Running integration.org.apache.storm.integration-test
Tests run: 18, Passed: 51, Failures: 0, Errors: 0
Running org.apache.storm.security.auth.authorizer.DRPCSimpleACLAuthorizer-test
Tests run: 7, Passed: 37, Failures: 0, Errors: 0
Running org.apache.storm.metrics-test
Tests run: 8, Passed: 66, Failures: 0, Errors: 0
Running org.apache.storm.scheduler-test
Tests run: 4, Passed: 64, Failures: 0, Errors: 0
Running org.apache.storm.messaging.netty-unit-test
Tests run: 5, Passed: 24, Failures: 0, Errors: 0
Running org.apache.storm.local-state-test
Tests run: 2, Passed: 10, Failures: 0, Errors: 0
Running org.apache.storm.messaging.netty-integration-test
Tests run: 1, Passed: 1, Failures: 0, Errors: 0
Running org.apache.storm.tuple-test
Tests run: 4, Passed: 13, Failures: 0, Errors: 0
Running org.apache.storm.tick-tuple-test
Tests run: 1, Passed: 1, Failures: 0, Errors: 0
Running integration.org.apache.storm.trident.integration-test
Tests run: 9, Passed: 141, Failures: 0, Errors: 0
Running org.apache.storm.grouping-test
Tests run: 5, Passed: 15, Failures: 0, Errors: 0
[INFO] 
[INFO] --- apache-rat-plugin:0.11:check (default) @ storm-core ---
[INFO] 51 implicit excludes (use -debug for more details).
[INFO] Exclude: **/target/**
[INFO] Exclude: **/*.iml
[INFO] Exclude: **/.idea/**
[INFO] Exclude: **/metastore_db/**
[INFO] Exclude: **/build/**
[INFO] Exclude: **/logs/**
[INFO] Exclude: **/CHANGELOG.md
[INFO] Exclude: **/README.md
[INFO] Exclude: **/README.markdown
[INFO] Exclude: **/DEVELOPER.md
[INFO] Exclude: **/BYLAWS.md
[INFO] Exclude: **/STORM-UI-REST-API.md
[INFO] Exclude: SECURITY.md
[INFO] Exclude: VERSION
[INFO] Exclude: TODO
[INFO] Exclude: **/src/py/**
[INFO] Exclude: **/src/ui/public/js/jquery.dataTables.1.10.4.min.js
[INFO] Exclude: **/src/ui/public/css/jquery.dataTables.1.10.4.min.css
[INFO] Exclude: **/src/ui/public/images/*
[INFO] Exclude: **/src/ui/public/js/bootstrap-3.3.1.min.js
[INFO] Exclude: **/src/ui/public/css/bootstrap-3.3.1.min.css
[INFO] Exclude: **/src/ui/public/js/dataTables.bootstrap.min.js
[INFO] Exclude: **/src/ui/public/css/dataTables.bootstrap.css
[INFO] Exclude: **/src/ui/public/js/jsonFormatter.min.js
[INFO] Exclude: **/src/ui/public/css/jsonFormatter.min.css
[INFO] Exclude: **/src/ui/public/js/jquery-1.11.1.min.js
[INFO] Exclude: **/src/ui/public/js/jquery.cookies.2.2.0.min.js
[INFO] Exclude: **/src/ui/public/js/moment.min.js
[INFO] Exclude: **/src/ui/public/js/jquery.blockUI.min.js
[INFO] Exclude: **/src/ui/public/js/url.min.js
[INFO] Exclude: **/src/ui/public/js/arbor.js
[INFO] Exclude: **/src/ui/public/js/arbor-graphics.js
[INFO] Exclude: **/src/ui/public/js/arbor-tween.js
[INFO] Exclude: **/src/ui/public/js/jquery.mustache.js
[INFO] Exclude: **/src/ui/public/js/typeahead.jquery.min.js
[INFO] Exclude: **/dependency-reduced-pom.xml
[INFO] Exclude: **/docs/**
[INFO] Exclude: **/.git/**
[INFO] Exclude: **/derby.log
[INFO] Exclude: **/src/dev/**
[INFO] Exclude: **/src/codegen/config.fmpp
[INFO] Exclude: **/src/codegen/data/Parser.tdd
[INFO] Exclude: **/src/test/resources/FixedAvroSerializer.config
[INFO] 1081 resources included (use -debug for more details)
Warning:  org.apache.xerces.jaxp.SAXParserImpl$JAXPSAXParser: Property 'http://www.oracle.com/xml/jaxp/properties/entityExpansionLimit' is not recognized.
Compiler warnings:
  WARNING:  'org.apache.xerces.jaxp.SAXParserImpl: Property 'http://javax.xml.XMLConstants/property/accessExternalDTD' is not recognized.'
Warning:  org.apache.xerces.parsers.SAXParser: Feature 'http://javax.xml.XMLConstants/feature/secure-processing' is not recognized.
Warning:  org.apache.xerces.parsers.SAXParser: Property 'http://javax.xml.XMLConstants/property/accessExternalDTD' is not recognized.
Warning:  org.apache.xerces.parsers.SAXParser: Property 'http://www.oracle.com/xml/jaxp/properties/entityExpansionLimit' is not recognized.
[INFO] Rat check: Summary of files. Unapproved: 2 unknown: 2 generated: 0 approved: 1073 licence.
[INFO] ------------------------------------------------------------------------
[INFO] BUILD FAILURE
[INFO] ------------------------------------------------------------------------
[INFO] Total time: 06:47 min
[INFO] Finished at: 2016-07-14T14:16:39+00:00
[INFO] Final Memory: 47M/466M
[INFO] ------------------------------------------------------------------------
[ERROR] Failed to execute goal org.apache.rat:apache-rat-plugin:0.11:check (default) on project storm-core: Too many files with unapproved license: 2 See RAT report in: /home/travis/build/apache/storm/storm-core/target/rat.txt -> [Help 1]
[ERROR] 
[ERROR] To see the full stack trace of the errors, re-run Maven with the -e switch.
[ERROR] Re-run Maven using the -X switch to enable full debug logging.
[ERROR] 
[ERROR] For more information about the errors and possible solutions, please read the following articles:
[ERROR] [Help 1] http://cwiki.apache.org/confluence/display/MAVEN/MojoFailureException
Looking for errors in ./storm-core/target/surefire-reports
Checking ./storm-core/target/surefire-reports/TEST-org.apache.storm.spout.CheckpointSpoutTest.xml
Checking ./storm-core/target/surefire-reports/TEST-org.apache.storm.utils.TimeTest.xml
Checking ./storm-core/target/surefire-reports/TEST-org.apache.storm.utils.WorkerBackpressureThreadTest.xml
Checking ./storm-core/target/surefire-reports/TEST-org.apache.storm.utils.DisruptorQueueTest.xml
Checking ./storm-core/target/surefire-reports/TEST-org.apache.storm.utils.UtilsTest.xml
Checking ./storm-core/target/surefire-reports/TEST-org.apache.storm.utils.DisruptorQueueBackpressureTest.xml
Checking ./storm-core/target/surefire-reports/TEST-org.apache.storm.utils.ThriftTopologyUtilsTest.xml
Checking ./storm-core/target/surefire-reports/TEST-org.apache.storm.utils.ShellBoltMessageQueueTest.xml
Checking ./storm-core/target/surefire-reports/TEST-org.apache.storm.utils.StormBoundedExponentialBackoffRetryTest.xml
Checking ./storm-core/target/surefire-reports/TEST-org.apache.storm.command.TestCLI.xml
Checking ./storm-core/target/surefire-reports/TEST-org.apache.storm.command.RebalanceTest.xml
Checking ./storm-core/target/surefire-reports/TEST-org.apache.storm.command.SetLogLevelTest.xml
Checking ./storm-core/target/surefire-reports/TEST-org.apache.storm.serialization.ThriftBridgeSerializationDelegateTest.xml
Checking ./storm-core/target/surefire-reports/TEST-org.apache.storm.serialization.GzipBridgeSerializationDelegateTest.xml
Checking ./storm-core/target/surefire-reports/TEST-org.apache.storm.serialization.GzipBridgeThriftSerializationDelegateTest.xml
Checking ./storm-core/target/surefire-reports/TEST-org.apache.storm.serialization.SerializationTest.xml
Checking ./storm-core/target/surefire-reports/TEST-org.apache.storm.trident.TridentWindowingTest.xml
Checking ./storm-core/target/surefire-reports/TEST-org.apache.storm.trident.TestTridentTopology.xml
Checking ./storm-core/target/surefire-reports/TEST-org.apache.storm.metric.internal.LatencyStatAndMetricTest.xml
Checking ./storm-core/target/surefire-reports/TEST-org.apache.storm.metric.internal.CountStatAndMetricTest.xml
Checking ./storm-core/target/surefire-reports/TEST-org.apache.storm.metric.internal.RateTrackerTest.xml
Checking ./storm-core/target/surefire-reports/TEST-org.apache.storm.metric.filter.FilterByMetricNameTest.xml
Checking ./storm-core/target/surefire-reports/TEST-org.apache.storm.metric.util.DataPointExpanderTest.xml
Checking ./storm-core/target/surefire-reports/TEST-org.apache.storm.windowing.WaterMarkEventGeneratorTest.xml
Checking ./storm-core/target/surefire-reports/TEST-org.apache.storm.windowing.WindowManagerTest.xml
Checking ./storm-core/target/surefire-reports/TEST-org.apache.storm.topology.StatefulBoltExecutorTest.xml
Checking ./storm-core/target/surefire-reports/TEST-org.apache.storm.topology.StatefulWindowedBoltExecutorTest.xml
Checking ./storm-core/target/surefire-reports/TEST-org.apache.storm.topology.TopologyBuilderTest.xml
Checking ./storm-core/target/surefire-reports/TEST-org.apache.storm.topology.WindowedBoltExecutorTest.xml
Checking ./storm-core/target/surefire-reports/TEST-org.apache.storm.localizer.LocalizerTest.xml
Checking ./storm-core/target/surefire-reports/TEST-org.apache.storm.localizer.LocalizedResourceRetentionSetTest.xml
Checking ./storm-core/target/surefire-reports/TEST-org.apache.storm.localizer.LocalizedResourceSetTest.xml
Checking ./storm-core/target/surefire-reports/TEST-org.apache.storm.blobstore.BlobStoreTest.xml
Checking ./storm-core/target/surefire-reports/TEST-org.apache.storm.blobstore.BlobSynchronizerTest.xml
Checking ./storm-core/target/surefire-reports/TEST-org.apache.storm.blobstore.ClientBlobStoreTest.xml
Checking ./storm-core/target/surefire-reports/TEST-org.apache.storm.cluster.StormClusterStateImplTest.xml
Checking ./storm-core/target/surefire-reports/TEST-org.apache.storm.scheduler.resource.strategies.scheduling.TestDefaultResourceAwareStrategy.xml
Checking ./storm-core/target/surefire-reports/TEST-org.apache.storm.scheduler.resource.TestResourceAwareScheduler.xml
Checking ./storm-core/target/surefire-reports/TEST-org.apache.storm.scheduler.resource.TestUser.xml
Checking ./storm-core/target/surefire-reports/TEST-org.apache.storm.nimbus.LocalNimbusTest.xml
Checking ./storm-core/target/surefire-reports/TEST-org.apache.storm.security.auth.AuthUtilsTest.xml
Checking ./storm-core/target/surefire-reports/TEST-org.apache.storm.security.auth.ThriftServerTest.xml
Checking ./storm-core/target/surefire-reports/TEST-org.apache.storm.security.auth.SaslTransportPluginTest.xml
Checking ./storm-core/target/surefire-reports/TEST-org.apache.storm.security.auth.ThriftClientTest.xml
Checking ./storm-core/target/surefire-reports/TEST-org.apache.storm.security.auth.ReqContextTest.xml
Checking ./storm-core/target/surefire-reports/TEST-org.apache.storm.security.serialization.BlowfishTupleSerializerTest.xml
Checking ./storm-core/target/surefire-reports/TEST-org.apache.storm.tuple.FieldsTest.xml
Checking ./storm-core/target/surefire-reports/TEST-org.apache.storm.grouping.PartialKeyGroupingTest.xml
Checking ./storm-core/target/surefire-reports/TEST-org.apache.storm.state.InMemoryKeyValueStateTest.xml
Checking ./storm-core/target/surefire-reports/TEST-org.apache.storm.TestConfigValidate.xml
Checking ./storm-core/target/surefire-reports/TEST-org.apache.storm.PacemakerTest.xml
Checking ./storm-core/target/surefire-reports/TEST-org.apache.storm.PaceMakerStateStorageFactoryTest.xml
Checking ./storm-core/target/surefire-reports/TEST-org.apache.storm.TestCgroups.xml
Looking for errors in ./storm-core/target/test-reports
Checking ./storm-core/target/test-reports/org.apache.storm.nimbus-test.xml
Checking ./storm-core/target/test-reports/org.apache.storm.subtopology-test.xml
Checking ./storm-core/target/test-reports/org.apache.storm.cluster-test.xml
Checking ./storm-core/target/test-reports/org.apache.storm.trident.tuple-test.xml
Checking ./storm-core/target/test-reports/org.apache.storm.security.auth.auto-login-module-test.xml
Checking ./storm-core/target/test-reports/org.apache.storm.security.auth.nimbus-auth-test.xml
Checking ./storm-core/target/test-reports/org.apache.storm.logviewer-test.xml
Checking ./storm-core/target/test-reports/org.apache.storm.transactional-test.xml
Checking ./storm-core/target/test-reports/org.apache.storm.trident.state-test.xml
Checking ./storm-core/target/test-reports/org.apache.storm.serialization-test.xml
Checking ./storm-core/target/test-reports/org.apache.storm.security.auth.DefaultHttpCredentialsPlugin-test.xml
Checking ./storm-core/target/test-reports/org.apache.storm.utils.ZookeeperServerCnxnFactory-test.xml
Checking ./storm-core/target/test-reports/org.apache.storm.security.auth.drpc-auth-test.xml
Checking ./storm-core/target/test-reports/org.apache.storm.versioned-store-test.xml
Checking ./storm-core/target/test-reports/org.apache.storm.scheduler.multitenant-scheduler-test.xml
Checking ./storm-core/target/test-reports/org.apache.storm.supervisor-test.xml
Checking ./storm-core/target/test-reports/integration.org.apache.storm.testing4j-test.xml
Checking ./storm-core/target/test-reports/org.apache.storm.serialization.SerializationFactory-test.xml
Checking ./storm-core/target/test-reports/org.apache.storm.clojure-test.xml
Checking ./storm-core/target/test-reports/org.apache.storm.drpc-test.xml
Checking ./storm-core/target/test-reports/org.apache.storm.worker-test.xml
Checking ./storm-core/target/test-reports/org.apache.storm.security.auth.auth-test.xml
Checking ./storm-core/target/test-reports/org.apache.storm.messaging-test.xml
Checking ./storm-core/target/test-reports/org.apache.storm.submitter-test.xml
Checking ./storm-core/target/test-reports/integration.org.apache.storm.integration-test.xml
Checking ./storm-core/target/test-reports/org.apache.storm.security.auth.authorizer.DRPCSimpleACLAuthorizer-test.xml
Checking ./storm-core/target/test-reports/org.apache.storm.metrics-test.xml
Checking ./storm-core/target/test-reports/org.apache.storm.scheduler-test.xml
Checking ./storm-core/target/test-reports/org.apache.storm.messaging.netty-unit-test.xml
Checking ./storm-core/target/test-reports/org.apache.storm.local-state-test.xml
Checking ./storm-core/target/test-reports/org.apache.storm.messaging.netty-integration-test.xml
Checking ./storm-core/target/test-reports/org.apache.storm.tuple-test.xml
Checking ./storm-core/target/test-reports/org.apache.storm.tick-tuple-test.xml
Checking ./storm-core/target/test-reports/integration.org.apache.storm.trident.integration-test.xml
Checking ./storm-core/target/test-reports/org.apache.storm.grouping-test.xml

travis_time:end:06baf615:start=1468505389404385335,finish=1468505802103468973,duration=412699083638[0K
[31;1mThe command "/bin/bash ./dev-tools/travis/travis-script.sh `pwd` $MODULES" exited with 1.[0m
travis_fold:start:cache.2[0Kstore build cache
travis_time:start:1f9e78ec[0K
travis_time:end:1f9e78ec:start=1468505802108050602,finish=1468505802111619205,duration=3568603[0Ktravis_time:start:07a0a6ac[0K[32;1mchange detected (content changed, file is created, or file is deleted):
/home/travis/.m2/repository/eigenbase/eigenbase-properties/1.1.4/eigenbase-properties-1.1.4.pom.lastUpdated
/home/travis/.m2/repository/io/confluent/kafka-avro-serializer/1.0/kafka-avro-serializer-1.0.pom.lastUpdated
/home/travis/.m2/repository/io/confluent/kafka-schema-registry-client/1.0/kafka-schema-registry-client-1.0.pom.lastUpdated
/home/travis/.m2/repository/net/hydromatic/linq4j/0.4/linq4j-0.4.pom.lastUpdated
/home/travis/.m2/repository/net/hydromatic/quidem/0.1.1/quidem-0.1.1.pom.lastUpdated
/home/travis/.m2/repository/org/apache/storm/flux/2.0.0-SNAPSHOT/maven-metadata-local.xml
/home/travis/.m2/repository/org/apache/storm/flux/2.0.0-SNAPSHOT/_remote.repositories
/home/travis/.m2/repository/org/apache/storm/flux-core/2.0.0-SNAPSHOT/flux-core-2.0.0-SNAPSHOT.jar
/home/travis/.m2/repository/org/apache/storm/flux-core/2.0.0-SNAPSHOT/maven-metadata-local.xml
/home/travis/.m2/repository/org/apache/storm/flux-core/2.0.0-SNAPSHOT/_remote.repositories
/home/travis/.m2/repository/org/ap
[0m
[32;1m...
[0m
[32;1mchanges detected, packing new archive[0m
.
.
.
.
.
.
.
.
[32;1muploading archive[0m

travis_time:end:07a0a6ac:start=1468505802115799185,finish=1468505879392175933,duration=77276376748[0Ktravis_fold:end:cache.2[0K
Done. Your build exited with 1.
