Using worker: worker-linux-docker-2664ddde.prod.travis-ci.org:travis-linux-8

travis_fold:start:system_info[0K[33;1mBuild system information[0m
Build language: java
Build group: stable
Build dist: precise
[34m[1mBuild image provisioning date and time[0m
Thu Feb  5 15:09:33 UTC 2015
[34m[1mOperating System Details[0m
Distributor ID:	Ubuntu
Description:	Ubuntu 12.04.5 LTS
Release:	12.04
Codename:	precise
[34m[1mLinux Version[0m
3.13.0-29-generic
[34m[1mCookbooks Version[0m
a68419e https://github.com/travis-ci/travis-cookbooks/tree/a68419e
[34m[1mGCC version[0m
gcc (Ubuntu/Linaro 4.6.3-1ubuntu5) 4.6.3
Copyright (C) 2011 Free Software Foundation, Inc.
This is free software; see the source for copying conditions.  There is NO
warranty; not even for MERCHANTABILITY or FITNESS FOR A PARTICULAR PURPOSE.

[34m[1mLLVM version[0m
clang version 3.4 (tags/RELEASE_34/final)
Target: x86_64-unknown-linux-gnu
Thread model: posix
[34m[1mPre-installed Ruby versions[0m
ruby-1.9.3-p551
[34m[1mPre-installed Node.js versions[0m
v0.10.36
[34m[1mPre-installed Go versions[0m
1.4.1
[34m[1mRedis version[0m
redis-server 2.8.19
[34m[1mriak version[0m
2.0.2
[34m[1mMongoDB version[0m
MongoDB 2.4.12
[34m[1mCouchDB version[0m
couchdb 1.6.1
[34m[1mNeo4j version[0m
1.9.4
[34m[1mRabbitMQ Version[0m
3.4.3
[34m[1mElasticSearch version[0m
1.4.0
[34m[1mInstalled Sphinx versions[0m
2.0.10
2.1.9
2.2.6
[34m[1mDefault Sphinx version[0m
2.2.6
[34m[1mInstalled Firefox version[0m
firefox 31.0esr
[34m[1mPhantomJS version[0m
1.9.8
[34m[1mant -version[0m
Apache Ant(TM) version 1.8.2 compiled on December 3 2011
[34m[1mmvn -version[0m
Apache Maven 3.2.5 (12a6b3acb947671f09b81f49094c53f426d8cea1; 2014-12-14T17:29:23+00:00)
Maven home: /usr/local/maven
Java version: 1.7.0_76, vendor: Oracle Corporation
Java home: /usr/lib/jvm/java-7-oracle/jre
Default locale: en_US, platform encoding: ANSI_X3.4-1968
OS name: "linux", version: "3.13.0-29-generic", arch: "amd64", family: "unix"
travis_fold:end:system_info[0K
travis_fold:start:fix.CVE-2015-7547[0K$ export DEBIAN_FRONTEND=noninteractive
W: Size of file /var/lib/apt/lists/us.archive.ubuntu.com_ubuntu_dists_precise-backports_multiverse_source_Sources.gz is not what the server reported 5886 5888
W: Size of file /var/lib/apt/lists/ppa.launchpad.net_ubuntugis_ppa_ubuntu_dists_precise_main_binary-amd64_Packages.gz is not what the server reported 36669 36677
W: Size of file /var/lib/apt/lists/ppa.launchpad.net_ubuntugis_ppa_ubuntu_dists_precise_main_binary-i386_Packages.gz is not what the server reported 36729 36733
Reading package lists...
Building dependency tree...
Reading state information...
The following extra packages will be installed:
  libc-bin libc-dev-bin libc6-dev
Suggested packages:
  glibc-doc
The following packages will be upgraded:
  libc-bin libc-dev-bin libc6 libc6-dev
4 upgraded, 0 newly installed, 0 to remove and 252 not upgraded.
Need to get 8,840 kB of archives.
After this operation, 14.3 kB disk space will be freed.
Get:1 http://us.archive.ubuntu.com/ubuntu/ precise-updates/main libc6-dev amd64 2.15-0ubuntu10.15 [2,943 kB]
Get:2 http://us.archive.ubuntu.com/ubuntu/ precise-updates/main libc-dev-bin amd64 2.15-0ubuntu10.15 [84.7 kB]
Get:3 http://us.archive.ubuntu.com/ubuntu/ precise-updates/main libc-bin amd64 2.15-0ubuntu10.15 [1,177 kB]
Get:4 http://us.archive.ubuntu.com/ubuntu/ precise-updates/main libc6 amd64 2.15-0ubuntu10.15 [4,636 kB]
Fetched 8,840 kB in 0s (24.5 MB/s)
Preconfiguring packages ...
(Reading database ... (Reading database ... 5%(Reading database ... 10%(Reading database ... 15%(Reading database ... 20%(Reading database ... 25%(Reading database ... 30%(Reading database ... 35%(Reading database ... 40%(Reading database ... 45%(Reading database ... 50%(Reading database ... 55%(Reading database ... 60%(Reading database ... 65%(Reading database ... 70%(Reading database ... 75%(Reading database ... 80%(Reading database ... 85%(Reading database ... 90%(Reading database ... 95%(Reading database ... 100%(Reading database ... 72019 files and directories currently installed.)
Preparing to replace libc6-dev 2.15-0ubuntu10.10 (using .../libc6-dev_2.15-0ubuntu10.15_amd64.deb) ...
Unpacking replacement libc6-dev ...
Preparing to replace libc-dev-bin 2.15-0ubuntu10.10 (using .../libc-dev-bin_2.15-0ubuntu10.15_amd64.deb) ...
Unpacking replacement libc-dev-bin ...
Preparing to replace libc-bin 2.15-0ubuntu10.10 (using .../libc-bin_2.15-0ubuntu10.15_amd64.deb) ...
Unpacking replacement libc-bin ...
Processing triggers for man-db ...
Setting up libc-bin (2.15-0ubuntu10.15) ...
(Reading database ... (Reading database ... 5%(Reading database ... 10%(Reading database ... 15%(Reading database ... 20%(Reading database ... 25%(Reading database ... 30%(Reading database ... 35%(Reading database ... 40%(Reading database ... 45%(Reading database ... 50%(Reading database ... 55%(Reading database ... 60%(Reading database ... 65%(Reading database ... 70%(Reading database ... 75%(Reading database ... 80%(Reading database ... 85%(Reading database ... 90%(Reading database ... 95%(Reading database ... 100%(Reading database ... 72018 files and directories currently installed.)
Preparing to replace libc6 2.15-0ubuntu10.10 (using .../libc6_2.15-0ubuntu10.15_amd64.deb) ...
Unpacking replacement libc6 ...
Setting up libc6 (2.15-0ubuntu10.15) ...
Setting up libc-dev-bin (2.15-0ubuntu10.15) ...
Setting up libc6-dev (2.15-0ubuntu10.15) ...
Processing triggers for libc-bin ...
ldconfig deferred processing now taking place
travis_fold:end:fix.CVE-2015-7547[0Ktravis_fold:start:git.checkout[0Ktravis_time:start:050337d2[0K$ git clone --depth=50 --branch=master https://github.com/apache/storm.git apache/storm
Cloning into 'apache/storm'...
remote: Counting objects: 20942, done.[K
remote: Compressing objects:   0% (1/8324)   [Kremote: Compressing objects:   1% (84/8324)   [Kremote: Compressing objects:   2% (167/8324)   [Kremote: Compressing objects:   3% (250/8324)   [Kremote: Compressing objects:   4% (333/8324)   [Kremote: Compressing objects:   5% (417/8324)   [Kremote: Compressing objects:   6% (500/8324)   [Kremote: Compressing objects:   7% (583/8324)   [Kremote: Compressing objects:   8% (666/8324)   [Kremote: Compressing objects:   9% (750/8324)   [Kremote: Compressing objects:  10% (833/8324)   [Kremote: Compressing objects:  11% (916/8324)   [Kremote: Compressing objects:  12% (999/8324)   [Kremote: Compressing objects:  13% (1083/8324)   [Kremote: Compressing objects:  14% (1166/8324)   [Kremote: Compressing objects:  15% (1249/8324)   [Kremote: Compressing objects:  16% (1332/8324)   [Kremote: Compressing objects:  17% (1416/8324)   [Kremote: Compressing objects:  18% (1499/8324)   [Kremote: Compressing objects:  19% (1582/8324)   [Kremote: Compressing objects:  20% (1665/8324)   [Kremote: Compressing objects:  21% (1749/8324)   [Kremote: Compressing objects:  22% (1832/8324)   [Kremote: Compressing objects:  23% (1915/8324)   [Kremote: Compressing objects:  24% (1998/8324)   [Kremote: Compressing objects:  25% (2081/8324)   [Kremote: Compressing objects:  26% (2165/8324)   [Kremote: Compressing objects:  27% (2248/8324)   [Kremote: Compressing objects:  28% (2331/8324)   [Kremote: Compressing objects:  29% (2414/8324)   [Kremote: Compressing objects:  30% (2498/8324)   [Kremote: Compressing objects:  31% (2581/8324)   [Kremote: Compressing objects:  32% (2664/8324)   [Kremote: Compressing objects:  33% (2747/8324)   [Kremote: Compressing objects:  34% (2831/8324)   [Kremote: Compressing objects:  35% (2914/8324)   [Kremote: Compressing objects:  36% (2997/8324)   [Kremote: Compressing objects:  37% (3080/8324)   [Kremote: Compressing objects:  38% (3164/8324)   [Kremote: Compressing objects:  39% (3247/8324)   [Kremote: Compressing objects:  40% (3330/8324)   [Kremote: Compressing objects:  41% (3413/8324)   [Kremote: Compressing objects:  42% (3497/8324)   [Kremote: Compressing objects:  43% (3580/8324)   [Kremote: Compressing objects:  44% (3663/8324)   [Kremote: Compressing objects:  45% (3746/8324)   [Kremote: Compressing objects:  46% (3830/8324)   [Kremote: Compressing objects:  47% (3913/8324)   [Kremote: Compressing objects:  48% (3996/8324)   [Kremote: Compressing objects:  49% (4079/8324)   [Kremote: Compressing objects:  50% (4162/8324)   [Kremote: Compressing objects:  51% (4246/8324)   [Kremote: Compressing objects:  52% (4329/8324)   [Kremote: Compressing objects:  53% (4412/8324)   [Kremote: Compressing objects:  54% (4495/8324)   [Kremote: Compressing objects:  55% (4579/8324)   [Kremote: Compressing objects:  56% (4662/8324)   [Kremote: Compressing objects:  57% (4745/8324)   [Kremote: Compressing objects:  58% (4828/8324)   [Kremote: Compressing objects:  59% (4912/8324)   [Kremote: Compressing objects:  60% (4995/8324)   [Kremote: Compressing objects:  61% (5078/8324)   [Kremote: Compressing objects:  62% (5161/8324)   [Kremote: Compressing objects:  63% (5245/8324)   [Kremote: Compressing objects:  64% (5328/8324)   [Kremote: Compressing objects:  65% (5411/8324)   [Kremote: Compressing objects:  66% (5494/8324)   [Kremote: Compressing objects:  67% (5578/8324)   [Kremote: Compressing objects:  68% (5661/8324)   [Kremote: Compressing objects:  69% (5744/8324)   [Kremote: Compressing objects:  70% (5827/8324)   [Kremote: Compressing objects:  71% (5911/8324)   [Kremote: Compressing objects:  72% (5994/8324)   [Kremote: Compressing objects:  73% (6077/8324)   [Kremote: Compressing objects:  74% (6160/8324)   [Kremote: Compressing objects:  75% (6243/8324)   [Kremote: Compressing objects:  76% (6327/8324)   [Kremote: Compressing objects:  77% (6410/8324)   [Kremote: Compressing objects:  78% (6493/8324)   [Kremote: Compressing objects:  79% (6576/8324)   [Kremote: Compressing objects:  80% (6660/8324)   [Kremote: Compressing objects:  81% (6743/8324)   [Kremote: Compressing objects:  82% (6826/8324)   [Kremote: Compressing objects:  83% (6909/8324)   [Kremote: Compressing objects:  84% (6993/8324)   [Kremote: Compressing objects:  85% (7076/8324)   [Kremote: Compressing objects:  86% (7159/8324)   [Kremote: Compressing objects:  87% (7242/8324)   [Kremote: Compressing objects:  88% (7326/8324)   [Kremote: Compressing objects:  89% (7409/8324)   [Kremote: Compressing objects:  90% (7492/8324)   [Kremote: Compressing objects:  91% (7575/8324)   [Kremote: Compressing objects:  92% (7659/8324)   [Kremote: Compressing objects:  93% (7742/8324)   [Kremote: Compressing objects:  94% (7825/8324)   [Kremote: Compressing objects:  95% (7908/8324)   [Kremote: Compressing objects:  96% (7992/8324)   [Kremote: Compressing objects:  97% (8075/8324)   [Kremote: Compressing objects:  98% (8158/8324)   [Kremote: Compressing objects:  99% (8241/8324)   [Kremote: Compressing objects: 100% (8324/8324)   [Kremote: Compressing objects: 100% (8324/8324), done.[K
Receiving objects:   0% (1/20942)   Receiving objects:   1% (210/20942)   Receiving objects:   2% (419/20942)   Receiving objects:   3% (629/20942)   Receiving objects:   4% (838/20942)   Receiving objects:   5% (1048/20942)   Receiving objects:   6% (1257/20942)   Receiving objects:   7% (1466/20942)   Receiving objects:   8% (1676/20942)   Receiving objects:   9% (1885/20942)   Receiving objects:  10% (2095/20942)   Receiving objects:  11% (2304/20942)   Receiving objects:  12% (2514/20942)   Receiving objects:  13% (2723/20942)   Receiving objects:  14% (2932/20942)   Receiving objects:  15% (3142/20942)   Receiving objects:  16% (3351/20942)   Receiving objects:  17% (3561/20942)   Receiving objects:  18% (3770/20942), 8.18 MiB | 16.33 MiB/s   Receiving objects:  19% (3979/20942), 8.18 MiB | 16.33 MiB/s   Receiving objects:  20% (4189/20942), 8.18 MiB | 16.33 MiB/s   Receiving objects:  21% (4398/20942), 8.18 MiB | 16.33 MiB/s   Receiving objects:  22% (4608/20942), 8.18 MiB | 16.33 MiB/s   Receiving objects:  23% (4817/20942), 8.18 MiB | 16.33 MiB/s   Receiving objects:  24% (5027/20942), 8.18 MiB | 16.33 MiB/s   Receiving objects:  25% (5236/20942), 8.18 MiB | 16.33 MiB/s   Receiving objects:  26% (5445/20942), 8.18 MiB | 16.33 MiB/s   Receiving objects:  27% (5655/20942), 8.18 MiB | 16.33 MiB/s   Receiving objects:  28% (5864/20942), 8.18 MiB | 16.33 MiB/s   Receiving objects:  29% (6074/20942), 8.18 MiB | 16.33 MiB/s   Receiving objects:  30% (6283/20942), 8.18 MiB | 16.33 MiB/s   Receiving objects:  31% (6493/20942), 8.18 MiB | 16.33 MiB/s   Receiving objects:  32% (6702/20942), 8.18 MiB | 16.33 MiB/s   Receiving objects:  33% (6911/20942), 8.18 MiB | 16.33 MiB/s   Receiving objects:  34% (7121/20942), 8.18 MiB | 16.33 MiB/s   Receiving objects:  35% (7330/20942), 8.18 MiB | 16.33 MiB/s   Receiving objects:  36% (7540/20942), 8.18 MiB | 16.33 MiB/s   Receiving objects:  37% (7749/20942), 8.18 MiB | 16.33 MiB/s   Receiving objects:  38% (7958/20942), 8.18 MiB | 16.33 MiB/s   Receiving objects:  39% (8168/20942), 8.18 MiB | 16.33 MiB/s   Receiving objects:  40% (8377/20942), 8.18 MiB | 16.33 MiB/s   Receiving objects:  41% (8587/20942), 8.18 MiB | 16.33 MiB/s   Receiving objects:  42% (8796/20942), 8.18 MiB | 16.33 MiB/s   Receiving objects:  43% (9006/20942), 8.18 MiB | 16.33 MiB/s   Receiving objects:  44% (9215/20942), 8.18 MiB | 16.33 MiB/s   Receiving objects:  45% (9424/20942), 8.18 MiB | 16.33 MiB/s   Receiving objects:  46% (9634/20942), 8.18 MiB | 16.33 MiB/s   Receiving objects:  47% (9843/20942), 8.18 MiB | 16.33 MiB/s   Receiving objects:  48% (10053/20942), 8.18 MiB | 16.33 MiB/s   Receiving objects:  49% (10262/20942), 8.18 MiB | 16.33 MiB/s   Receiving objects:  50% (10471/20942), 8.18 MiB | 16.33 MiB/s   Receiving objects:  51% (10681/20942), 8.18 MiB | 16.33 MiB/s   Receiving objects:  52% (10890/20942), 8.18 MiB | 16.33 MiB/s   Receiving objects:  53% (11100/20942), 8.18 MiB | 16.33 MiB/s   Receiving objects:  54% (11309/20942), 8.18 MiB | 16.33 MiB/s   Receiving objects:  55% (11519/20942), 8.18 MiB | 16.33 MiB/s   Receiving objects:  56% (11728/20942), 8.18 MiB | 16.33 MiB/s   Receiving objects:  57% (11937/20942), 8.18 MiB | 16.33 MiB/s   Receiving objects:  58% (12147/20942), 8.18 MiB | 16.33 MiB/s   Receiving objects:  59% (12356/20942), 8.18 MiB | 16.33 MiB/s   Receiving objects:  60% (12566/20942), 8.18 MiB | 16.33 MiB/s   Receiving objects:  61% (12775/20942), 8.18 MiB | 16.33 MiB/s   Receiving objects:  62% (12985/20942), 8.18 MiB | 16.33 MiB/s   Receiving objects:  63% (13194/20942), 8.18 MiB | 16.33 MiB/s   Receiving objects:  64% (13403/20942), 8.18 MiB | 16.33 MiB/s   Receiving objects:  65% (13613/20942), 8.18 MiB | 16.33 MiB/s   Receiving objects:  66% (13822/20942), 8.18 MiB | 16.33 MiB/s   Receiving objects:  67% (14032/20942), 8.18 MiB | 16.33 MiB/s   Receiving objects:  68% (14241/20942), 8.18 MiB | 16.33 MiB/s   Receiving objects:  69% (14450/20942), 8.18 MiB | 16.33 MiB/s   Receiving objects:  70% (14660/20942), 8.18 MiB | 16.33 MiB/s   Receiving objects:  71% (14869/20942), 8.18 MiB | 16.33 MiB/s   Receiving objects:  72% (15079/20942), 8.18 MiB | 16.33 MiB/s   Receiving objects:  73% (15288/20942), 8.18 MiB | 16.33 MiB/s   Receiving objects:  74% (15498/20942), 8.18 MiB | 16.33 MiB/s   Receiving objects:  75% (15707/20942), 8.18 MiB | 16.33 MiB/s   Receiving objects:  76% (15916/20942), 8.18 MiB | 16.33 MiB/s   Receiving objects:  77% (16126/20942), 8.18 MiB | 16.33 MiB/s   Receiving objects:  78% (16335/20942), 8.18 MiB | 16.33 MiB/s   Receiving objects:  79% (16545/20942), 8.18 MiB | 16.33 MiB/s   Receiving objects:  80% (16754/20942), 8.18 MiB | 16.33 MiB/s   Receiving objects:  81% (16964/20942), 8.18 MiB | 16.33 MiB/s   Receiving objects:  82% (17173/20942), 8.18 MiB | 16.33 MiB/s   Receiving objects:  83% (17382/20942), 8.18 MiB | 16.33 MiB/s   Receiving objects:  84% (17592/20942), 8.18 MiB | 16.33 MiB/s   Receiving objects:  85% (17801/20942), 8.18 MiB | 16.33 MiB/s   Receiving objects:  86% (18011/20942), 8.18 MiB | 16.33 MiB/s   Receiving objects:  87% (18220/20942), 8.18 MiB | 16.33 MiB/s   Receiving objects:  88% (18429/20942), 8.18 MiB | 16.33 MiB/s   Receiving objects:  89% (18639/20942), 8.18 MiB | 16.33 MiB/s   Receiving objects:  90% (18848/20942), 8.18 MiB | 16.33 MiB/s   Receiving objects:  91% (19058/20942), 8.18 MiB | 16.33 MiB/s   Receiving objects:  92% (19267/20942), 8.18 MiB | 16.33 MiB/s   Receiving objects:  93% (19477/20942), 8.18 MiB | 16.33 MiB/s   Receiving objects:  94% (19686/20942), 8.18 MiB | 16.33 MiB/s   Receiving objects:  95% (19895/20942), 8.18 MiB | 16.33 MiB/s   Receiving objects:  96% (20105/20942), 8.18 MiB | 16.33 MiB/s   Receiving objects:  97% (20314/20942), 8.18 MiB | 16.33 MiB/s   Receiving objects:  98% (20524/20942), 8.18 MiB | 16.33 MiB/s   Receiving objects:  99% (20733/20942), 8.18 MiB | 16.33 MiB/s   remote: Total 20942 (delta 10044), reused 18119 (delta 7826), pack-reused 0[K
Receiving objects:  99% (20926/20942), 8.18 MiB | 16.33 MiB/s   Receiving objects: 100% (20942/20942), 8.18 MiB | 16.33 MiB/s   Receiving objects: 100% (20942/20942), 15.38 MiB | 16.33 MiB/s, done.
Resolving deltas:   0% (0/10044)   Resolving deltas:   1% (133/10044)   Resolving deltas:   2% (208/10044)   Resolving deltas:   3% (303/10044)   Resolving deltas:   4% (405/10044)   Resolving deltas:   5% (593/10044)   Resolving deltas:   6% (622/10044)   Resolving deltas:   7% (714/10044)   Resolving deltas:   8% (804/10044)   Resolving deltas:   9% (908/10044)   Resolving deltas:  10% (1005/10044)   Resolving deltas:  11% (1107/10044)   Resolving deltas:  12% (1206/10044)   Resolving deltas:  13% (1310/10044)   Resolving deltas:  14% (1408/10044)   Resolving deltas:  15% (1511/10044)   Resolving deltas:  16% (1608/10044)   Resolving deltas:  17% (1713/10044)   Resolving deltas:  18% (1808/10044)   Resolving deltas:  19% (1920/10044)   Resolving deltas:  20% (2010/10044)   Resolving deltas:  21% (2110/10044)   Resolving deltas:  22% (2214/10044)   Resolving deltas:  23% (2313/10044)   Resolving deltas:  24% (2412/10044)   Resolving deltas:  25% (2541/10044)   Resolving deltas:  26% (2675/10044)   Resolving deltas:  27% (2796/10044)   Resolving deltas:  28% (2846/10044)   Resolving deltas:  29% (2920/10044)   Resolving deltas:  30% (3016/10044)   Resolving deltas:  31% (3114/10044)   Resolving deltas:  32% (3220/10044)   Resolving deltas:  33% (3316/10044)   Resolving deltas:  34% (3447/10044)   Resolving deltas:  35% (3518/10044)   Resolving deltas:  36% (3617/10044)   Resolving deltas:  37% (3725/10044)   Resolving deltas:  38% (3819/10044)   Resolving deltas:  39% (3918/10044)   Resolving deltas:  40% (4019/10044)   Resolving deltas:  41% (4132/10044)   Resolving deltas:  42% (4219/10044)   Resolving deltas:  43% (4320/10044)   Resolving deltas:  44% (4421/10044)   Resolving deltas:  45% (4539/10044)   Resolving deltas:  46% (4622/10044)   Resolving deltas:  47% (4789/10044)   Resolving deltas:  48% (4823/10044)   Resolving deltas:  49% (4922/10044)   Resolving deltas:  50% (5027/10044)   Resolving deltas:  51% (5125/10044)   Resolving deltas:  52% (5224/10044)   Resolving deltas:  53% (5355/10044)   Resolving deltas:  54% (5424/10044)   Resolving deltas:  56% (5716/10044)   Resolving deltas:  58% (5853/10044)   Resolving deltas:  62% (6269/10044)   Resolving deltas:  63% (6346/10044)   Resolving deltas:  64% (6429/10044)   Resolving deltas:  65% (6550/10044)   Resolving deltas:  66% (6630/10044)   Resolving deltas:  67% (6812/10044)   Resolving deltas:  72% (7253/10044)   Resolving deltas:  73% (7334/10044)   Resolving deltas:  74% (7527/10044)   Resolving deltas:  75% (7544/10044)   Resolving deltas:  76% (7680/10044)   Resolving deltas:  78% (7918/10044)   Resolving deltas:  79% (7935/10044)   Resolving deltas:  80% (8038/10044)   Resolving deltas:  81% (8138/10044)   Resolving deltas:  82% (8241/10044)   Resolving deltas:  83% (8374/10044)   Resolving deltas:  84% (8438/10044)   Resolving deltas:  85% (8539/10044)   Resolving deltas:  86% (8651/10044)   Resolving deltas:  87% (8770/10044)   Resolving deltas:  88% (8861/10044)   Resolving deltas:  90% (9066/10044)   Resolving deltas:  91% (9168/10044)   Resolving deltas:  92% (9299/10044)   Resolving deltas:  93% (9343/10044)   Resolving deltas:  94% (9448/10044)   Resolving deltas:  95% (9544/10044)   Resolving deltas:  96% (9653/10044)   Resolving deltas:  97% (9747/10044)   Resolving deltas:  98% (9844/10044)   Resolving deltas:  99% (9952/10044)   Resolving deltas: 100% (10044/10044)   Resolving deltas: 100% (10044/10044), done.
Checking connectivity... done.

travis_time:end:050337d2:start=1468851325409746729,finish=1468851328475588879,duration=3065842150[0K$ cd apache/storm
$ git checkout -qf 705b2aab273440fc5f533b52e1854a9d8361362b
travis_fold:end:git.checkout[0K
[33;1mThis job is running on container-based infrastructure, which does not allow use of 'sudo', setuid and setguid executables.[0m
[33;1mIf you require sudo, add 'sudo: required' to your .travis.yml[0m
[33;1mSee https://docs.travis-ci.com/user/workers/container-based-infrastructure/ for details.[0m

[33;1mSetting environment variables from .travis.yml[0m
$ export MODULES=storm-core

$ jdk_switcher use oraclejdk7
Switching to Oracle JDK7 (java-7-oracle), JAVA_HOME will be set to /usr/lib/jvm/java-7-oracle
travis_fold:start:cache.1[0KSetting up build cache
$ export CASHER_DIR=$HOME/.casher
travis_time:start:2b74cf90[0K$ Installing caching utilities

travis_time:end:2b74cf90:start=1468851331389726872,finish=1468851331593166573,duration=203439701[0Ktravis_time:start:01b3221b[0K
travis_time:end:01b3221b:start=1468851331599467409,finish=1468851331603172230,duration=3704821[0Ktravis_time:start:1ffe0631[0K[32;1mattempting to download cache archive[0m
[32;1mfetching master/cache-linux-precise-4722ea394922d42b2b7eb84cff6efc764d76759821ac6f6efc13232aa923f595--jdk-oraclejdk7.tgz[0m
[32;1mfound cache[0m

travis_time:end:1ffe0631:start=1468851331607108925,finish=1468851339103288173,duration=7496179248[0Ktravis_time:start:266d11be[0K
travis_time:end:266d11be:start=1468851339107118562,finish=1468851339110364048,duration=3245486[0Ktravis_time:start:330eb1d6[0K[32;1madding /home/travis/.m2/repository to cache[0m
[32;1madding /home/travis/.rvm to cache[0m
[32;1madding /home/travis/.nvm to cache[0m

travis_time:end:330eb1d6:start=1468851339114150861,finish=1468851350222363541,duration=11108212680[0Ktravis_fold:end:cache.1[0K$ java -Xmx32m -version
java version "1.7.0_76"
Java(TM) SE Runtime Environment (build 1.7.0_76-b13)
Java HotSpot(TM) 64-Bit Server VM (build 24.76-b04, mixed mode)
$ javac -J-Xmx32m -version
javac 1.7.0_76
travis_fold:start:before_install.1[0Ktravis_time:start:0069dc2d[0K$ rvm use 2.1.5 --install
[32mUsing /home/travis/.rvm/gems/ruby-2.1.5[0m

travis_time:end:0069dc2d:start=1468851350652587803,finish=1468851350928838390,duration=276250587[0Ktravis_fold:end:before_install.1[0Ktravis_fold:start:before_install.2[0Ktravis_time:start:0b084155[0K$ nvm install 0.12.2
v0.12.2 is already installed.
Now using node v0.12.2

travis_time:end:0b084155:start=1468851350933001771,finish=1468851351244817416,duration=311815645[0Ktravis_fold:end:before_install.2[0Ktravis_fold:start:before_install.3[0Ktravis_time:start:1a877bec[0K$ nvm use 0.12.2
Now using node v0.12.2

travis_time:end:1a877bec:start=1468851351249528089,finish=1468851351323009862,duration=73481773[0Ktravis_fold:end:before_install.3[0Ktravis_fold:start:install[0Ktravis_time:start:2fdf96e6[0K$ /bin/bash ./dev-tools/travis/travis-install.sh `pwd`
Python version :   Python 2.7.3
Maven version  :   Apache Maven 3.2.5 (12a6b3acb947671f09b81f49094c53f426d8cea1; 2014-12-14T17:29:23+00:00) Maven home: /usr/local/maven Java version: 1.7.0_76, vendor: Oracle Corporation Java home: /usr/lib/jvm/java-7-oracle/jre Default locale: en_US, platform encoding: UTF-8 OS name: "linux", version: "3.13.0-40-generic", arch: "amd64", family: "unix"
['mvn', 'clean', 'install', '-DskipTests', '-Pnative', '--batch-mode'] writing to install.txt
1 seconds 1 log lines12 seconds 227 log lines43 seconds 323 log lines55 seconds 330 log lines68 seconds 408 log lines93 seconds 652 log lines108 seconds 865 log lines119 seconds 914 log lines129 seconds 1042 log lines140 seconds 1318 log lines163 seconds 1472 log lines174 seconds 1695 log lines184 seconds 1983 log lines195 seconds 2214 log lines211 seconds 2376 log lines221 seconds 2632 log lines228 seconds 2678 log lines
['mvn', 'clean', 'install', '-DskipTests', '-Pnative', '--batch-mode'] done 0

travis_time:end:2fdf96e6:start=1468851351328579905,finish=1468851580432375853,duration=229103795948[0Ktravis_fold:end:install[0Ktravis_time:start:0ab938ae[0K$ /bin/bash ./dev-tools/travis/travis-script.sh `pwd` $MODULES
Python version :   Python 2.7.3
Ruby version   :   ruby 2.1.5p273 (2014-11-13 revision 48405) [x86_64-linux]
NodeJs version :   v0.12.2
Maven version  :   Apache Maven 3.2.5 (12a6b3acb947671f09b81f49094c53f426d8cea1; 2014-12-14T17:29:23+00:00) Maven home: /usr/local/maven Java version: 1.7.0_76, vendor: Oracle Corporation Java home: /usr/lib/jvm/java-7-oracle/jre Default locale: en_US, platform encoding: UTF-8 OS name: "linux", version: "3.13.0-40-generic", arch: "amd64", family: "unix"
[INFO] Scanning for projects...
[INFO]                                                                         
[INFO] ------------------------------------------------------------------------
[INFO] Building Storm Core 2.0.0-SNAPSHOT
[INFO] ------------------------------------------------------------------------
[INFO] 
[INFO] --- exec-maven-plugin:1.2.1:exec (default) @ storm-core ---
[INFO] 
[INFO] --- maven-remote-resources-plugin:1.2.1:process (default) @ storm-core ---
[INFO] 
[INFO] --- storm-maven-plugins:2.0.0-SNAPSHOT:version-info (version-info) @ storm-core ---
[WARNING] [svn, info] failed with error code 1
[INFO] SCM: GIT
[INFO] Computed MD5: 5084b8e768507b15fa49288aef1c934e
[INFO] 
[INFO] --- maven-resources-plugin:2.5:resources (default-resources) @ storm-core ---
[debug] execute contextualize
[INFO] Using 'UTF-8' encoding to copy filtered resources.
[INFO] Copying 9 resources
[INFO] Copying 1 resource to META-INF
[INFO] Copying 0 resource
[INFO] Copying 1 resource
[INFO] Copying 3 resources
[INFO] 
[INFO] --- maven-compiler-plugin:3.1:compile (default-compile) @ storm-core ---
[INFO] Nothing to compile - all classes are up to date
[INFO] 
[INFO] --- clojure-maven-plugin:1.7.1:compile (compile-clojure) @ storm-core ---
Compiling org.apache.storm.testing4j to /home/travis/build/apache/storm/storm-core/target/classes
14:20:01.902 [main] WARN  o.a.s.m.StormMetricsRegistry - Metric ui:num-topology-op-response-http-requests has already been registered
14:20:01.904 [main] WARN  o.a.s.m.StormMetricsRegistry - Metric ui:num-topology-op-response-http-requests has already been registered
Compiling org.apache.storm.ui.helpers to /home/travis/build/apache/storm/storm-core/target/classes
Compiling org.apache.storm.scheduler.IsolationScheduler to /home/travis/build/apache/storm/storm-core/target/classes
Compiling org.apache.storm.log to /home/travis/build/apache/storm/storm-core/target/classes
Compiling org.apache.storm.daemon.worker to /home/travis/build/apache/storm/storm-core/target/classes
Compiling org.apache.storm.daemon.executor to /home/travis/build/apache/storm/storm-core/target/classes
Compiling org.apache.storm.converter to /home/travis/build/apache/storm/storm-core/target/classes
Compiling org.apache.storm.testing to /home/travis/build/apache/storm/storm-core/target/classes
Compiling org.apache.storm.util to /home/travis/build/apache/storm/storm-core/target/classes
Compiling org.apache.storm.command.heartbeats to /home/travis/build/apache/storm/storm-core/target/classes
Compiling org.apache.storm.command.shell-submission to /home/travis/build/apache/storm/storm-core/target/classes
Compiling org.apache.storm.blobstore to /home/travis/build/apache/storm/storm-core/target/classes
Compiling org.apache.storm.internal.clojure to /home/travis/build/apache/storm/storm-core/target/classes
Compiling org.apache.storm.daemon.common to /home/travis/build/apache/storm/storm-core/target/classes
Compiling org.apache.storm.daemon.local-supervisor to /home/travis/build/apache/storm/storm-core/target/classes
Compiling org.apache.storm.internal.thrift to /home/travis/build/apache/storm/storm-core/target/classes
Compiling org.apache.storm.daemon.logviewer to /home/travis/build/apache/storm/storm-core/target/classes
Compiling org.apache.storm.daemon.nimbus to /home/travis/build/apache/storm/storm-core/target/classes
Compiling org.apache.storm.LocalCluster to /home/travis/build/apache/storm/storm-core/target/classes
Compiling org.apache.storm.command.get-errors to /home/travis/build/apache/storm/storm-core/target/classes
Compiling org.apache.storm.trident.testing to /home/travis/build/apache/storm/storm-core/target/classes
Compiling org.apache.storm.ui.core to /home/travis/build/apache/storm/storm-core/target/classes
Compiling org.apache.storm.command.blobstore to /home/travis/build/apache/storm/storm-core/target/classes
Compiling org.apache.storm.local-state-converter to /home/travis/build/apache/storm/storm-core/target/classes
Compiling org.apache.storm.daemon.drpc to /home/travis/build/apache/storm/storm-core/target/classes
Compiling org.apache.storm.config to /home/travis/build/apache/storm/storm-core/target/classes
[INFO] 
[INFO] --- make-maven-plugin:1.0-beta-1:autoreconf (compile) @ storm-core ---
[INFO] 
[INFO] --- make-maven-plugin:1.0-beta-1:configure (compile) @ storm-core ---
[INFO] /bin/sh: 14: /home/travis/.jdk_switcher_rc: [[: not found
[INFO] /bin/sh: 22: /home/travis/.jdk_switcher_rc: [[: not found
[INFO] /bin/sh: 32: /home/travis/.jdk_switcher_rc: [[: not found
[INFO] /bin/sh: 42: /home/travis/.jdk_switcher_rc: [[: not found
[INFO] /bin/sh: 3: /etc/profile.d/rvm.sh: [[: not found
[INFO] checking for gcc... gcc
[INFO] checking whether the C compiler works... yes
[INFO] checking for C compiler default output file name... a.out
[INFO] checking for suffix of executables... 
[INFO] checking whether we are cross compiling... no
[INFO] checking for suffix of object files... o
[INFO] checking whether we are using the GNU C compiler... yes
[INFO] checking whether gcc accepts -g... yes
[INFO] checking for gcc option to accept ISO C89... none needed
[INFO] checking how to run the C preprocessor... gcc -E
[INFO] checking for grep that handles long lines and -e... /bin/grep
[INFO] checking for egrep... /bin/grep -E
[INFO] checking for ANSI C header files... yes
[INFO] checking for sys/types.h... yes
[INFO] checking for sys/stat.h... yes
[INFO] checking for stdlib.h... yes
[INFO] checking for string.h... yes
[INFO] checking for memory.h... yes
[INFO] checking for strings.h... yes
[INFO] checking for inttypes.h... yes
[INFO] checking for stdint.h... yes
[INFO] checking for unistd.h... yes
[INFO] checking minix/config.h usability... no
[INFO] checking minix/config.h presence... no
[INFO] checking for minix/config.h... no
[INFO] checking whether it is safe to define __EXTENSIONS__... yes
[INFO] checking for a BSD-compatible install... /usr/bin/install -c
[INFO] checking whether build environment is sane... yes
[INFO] checking for a thread-safe mkdir -p... /bin/mkdir -p
[INFO] checking for gawk... gawk
[INFO] checking whether make sets $(MAKE)... yes
[INFO] checking for style of include used by make... GNU
[INFO] checking dependency style of gcc... gcc3
[INFO] checking for gcc... (cached) gcc
[INFO] checking whether we are using the GNU C compiler... (cached) yes
[INFO] checking whether gcc accepts -g... (cached) yes
[INFO] checking for gcc option to accept ISO C89... (cached) none needed
[INFO] checking whether gcc and cc understand -c and -o together... yes
[INFO] checking for unistd.h... (cached) yes
[INFO] checking for stdbool.h that conforms to C99... yes
[INFO] checking for _Bool... yes
[INFO] checking for an ANSI C-conforming const... yes
[INFO] checking for off_t... yes
[INFO] checking for size_t... yes
[INFO] checking whether strerror_r is declared... yes
[INFO] checking for strerror_r... yes
[INFO] checking whether strerror_r returns char *... yes
[INFO] checking for mkdir... yes
[INFO] checking for uname... yes
[INFO] configure: creating ./config.status
[INFO] config.status: creating Makefile
[INFO] config.status: executing depfiles commands
[INFO] 
[INFO] --- make-maven-plugin:1.0-beta-1:make-install (compile) @ storm-core ---
[INFO] /bin/sh: 14: /home/travis/.jdk_switcher_rc: [[: not found
[INFO] /bin/sh: 22: /home/travis/.jdk_switcher_rc: [[: not found
[INFO] /bin/sh: 32: /home/travis/.jdk_switcher_rc: [[: not found
[INFO] /bin/sh: 42: /home/travis/.jdk_switcher_rc: [[: not found
[INFO] /bin/sh: 3: /etc/profile.d/rvm.sh: [[: not found
[INFO] make[1]: Entering directory `/home/travis/build/apache/storm/storm-core/target/native/worker-launcher'
[INFO] test -z "/usr/local/bin" || /bin/mkdir -p "/home/travis/build/apache/storm/storm-core/target/native/target/usr/local/bin"
[INFO]   /usr/bin/install -c worker-launcher '/home/travis/build/apache/storm/storm-core/target/native/target/usr/local/bin'
[INFO] make[1]: Nothing to be done for `install-data-am'.
[INFO] make[1]: Leaving directory `/home/travis/build/apache/storm/storm-core/target/native/worker-launcher'
[INFO] 
[INFO] --- maven-resources-plugin:2.5:testResources (default-testResources) @ storm-core ---
[debug] execute contextualize
[INFO] Using 'UTF-8' encoding to copy filtered resources.
[INFO] Copying 14 resources
[INFO] Copying 2 resources
[INFO] Copying 3 resources
[INFO] 
[INFO] --- maven-dependency-plugin:2.8:unpack (unpack) @ storm-core ---
[INFO] Configured Artifact: org.apache.storm:multilang-ruby:2.0.0-SNAPSHOT:jar
[INFO] Downloading: https://repository.apache.org/snapshots/org/apache/storm/multilang-ruby/2.0.0-SNAPSHOT/maven-metadata.xml
[INFO] Configured Artifact: org.apache.storm:multilang-python:2.0.0-SNAPSHOT:jar
[INFO] Downloading: https://repository.apache.org/snapshots/org/apache/storm/multilang-python/2.0.0-SNAPSHOT/maven-metadata.xml
[INFO] Configured Artifact: org.apache.storm:multilang-javascript:2.0.0-SNAPSHOT:jar
[INFO] Downloading: https://repository.apache.org/snapshots/org/apache/storm/multilang-javascript/2.0.0-SNAPSHOT/maven-metadata.xml
[INFO] multilang-ruby-2.0.0-SNAPSHOT.jar already unpacked.
[INFO] multilang-python-2.0.0-SNAPSHOT.jar already unpacked.
[INFO] multilang-javascript-2.0.0-SNAPSHOT.jar already unpacked.
[INFO] 
[INFO] --- maven-compiler-plugin:3.1:testCompile (default-testCompile) @ storm-core ---
[INFO] Changes detected - recompiling the module!
[INFO] Compiling 63 source files to /home/travis/build/apache/storm/storm-core/target/test-classes
[WARNING] /home/travis/build/apache/storm/storm-core/test/jvm/org/apache/storm/localizer/LocalizerTest.java: Some input files use or override a deprecated API.
[WARNING] /home/travis/build/apache/storm/storm-core/test/jvm/org/apache/storm/localizer/LocalizerTest.java: Recompile with -Xlint:deprecation for details.
[WARNING] /home/travis/build/apache/storm/storm-core/test/jvm/org/apache/storm/command/TestCLI.java: Some input files use unchecked or unsafe operations.
[WARNING] /home/travis/build/apache/storm/storm-core/test/jvm/org/apache/storm/command/TestCLI.java: Recompile with -Xlint:unchecked for details.
[INFO] 
[INFO] --- maven-surefire-plugin:2.18.1:test (default-test) @ storm-core ---
[INFO] Surefire report directory: /home/travis/build/apache/storm/storm-core/target/surefire-reports
[INFO] parallel='none', perCoreThreadCount=true, threadCount=0, useUnlimitedThreads=false, threadCountSuites=0, threadCountClasses=0, threadCountMethods=0, parallelOptimized=true

-------------------------------------------------------
 T E S T S
-------------------------------------------------------
Running org.apache.storm.security.serialization.BlowfishTupleSerializerTest
Tests run: 3, Failures: 0, Errors: 0, Skipped: 0, Time elapsed: 0.293 sec - in org.apache.storm.security.serialization.BlowfishTupleSerializerTest
Running org.apache.storm.security.auth.ReqContextTest
Tests run: 4, Failures: 0, Errors: 0, Skipped: 0, Time elapsed: 0.008 sec - in org.apache.storm.security.auth.ReqContextTest
Running org.apache.storm.security.auth.SaslTransportPluginTest
Tests run: 2, Failures: 0, Errors: 0, Skipped: 0, Time elapsed: 0.003 sec - in org.apache.storm.security.auth.SaslTransportPluginTest
Running org.apache.storm.security.auth.ThriftClientTest
Tests run: 4, Failures: 0, Errors: 0, Skipped: 0, Time elapsed: 0.329 sec - in org.apache.storm.security.auth.ThriftClientTest
Running org.apache.storm.security.auth.AuthUtilsTest
Tests run: 15, Failures: 0, Errors: 0, Skipped: 0, Time elapsed: 0.232 sec - in org.apache.storm.security.auth.AuthUtilsTest
Running org.apache.storm.security.auth.ThriftServerTest
Tests run: 2, Failures: 0, Errors: 0, Skipped: 0, Time elapsed: 0.069 sec - in org.apache.storm.security.auth.ThriftServerTest
Running org.apache.storm.cluster.StormClusterStateImplTest
Tests run: 5, Failures: 0, Errors: 0, Skipped: 0, Time elapsed: 0.039 sec - in org.apache.storm.cluster.StormClusterStateImplTest
Running org.apache.storm.serialization.GzipBridgeThriftSerializationDelegateTest
Tests run: 3, Failures: 0, Errors: 0, Skipped: 0, Time elapsed: 0 sec - in org.apache.storm.serialization.GzipBridgeThriftSerializationDelegateTest
Running org.apache.storm.serialization.GzipBridgeSerializationDelegateTest
Tests run: 3, Failures: 0, Errors: 0, Skipped: 0, Time elapsed: 0.007 sec - in org.apache.storm.serialization.GzipBridgeSerializationDelegateTest
Running org.apache.storm.serialization.SerializationTest
Tests run: 3, Failures: 0, Errors: 0, Skipped: 0, Time elapsed: 2.508 sec - in org.apache.storm.serialization.SerializationTest
Running org.apache.storm.serialization.ThriftBridgeSerializationDelegateTest
Tests run: 1, Failures: 0, Errors: 0, Skipped: 0, Time elapsed: 0.003 sec - in org.apache.storm.serialization.ThriftBridgeSerializationDelegateTest
Running org.apache.storm.grouping.PartialKeyGroupingTest
Tests run: 2, Failures: 0, Errors: 0, Skipped: 0, Time elapsed: 0.043 sec - in org.apache.storm.grouping.PartialKeyGroupingTest
Running org.apache.storm.command.TestCLI
Tests run: 1, Failures: 0, Errors: 0, Skipped: 0, Time elapsed: 0.01 sec - in org.apache.storm.command.TestCLI
Running org.apache.storm.command.RebalanceTest
Tests run: 2, Failures: 0, Errors: 0, Skipped: 0, Time elapsed: 0.001 sec - in org.apache.storm.command.RebalanceTest
Running org.apache.storm.command.SetLogLevelTest
Tests run: 3, Failures: 0, Errors: 0, Skipped: 0, Time elapsed: 0.003 sec - in org.apache.storm.command.SetLogLevelTest
Running org.apache.storm.utils.UtilsTest
Tests run: 8, Failures: 0, Errors: 0, Skipped: 0, Time elapsed: 0.174 sec - in org.apache.storm.utils.UtilsTest
Running org.apache.storm.utils.DisruptorQueueTest
Tests run: 3, Failures: 0, Errors: 0, Skipped: 0, Time elapsed: 3.846 sec - in org.apache.storm.utils.DisruptorQueueTest
Running org.apache.storm.utils.DisruptorQueueBackpressureTest
Tests run: 1, Failures: 0, Errors: 0, Skipped: 0, Time elapsed: 0 sec - in org.apache.storm.utils.DisruptorQueueBackpressureTest
Running org.apache.storm.utils.StormBoundedExponentialBackoffRetryTest
Tests run: 5, Failures: 0, Errors: 0, Skipped: 0, Time elapsed: 0.154 sec - in org.apache.storm.utils.StormBoundedExponentialBackoffRetryTest
Running org.apache.storm.utils.TimeTest
Tests run: 8, Failures: 0, Errors: 0, Skipped: 0, Time elapsed: 0.004 sec - in org.apache.storm.utils.TimeTest
Running org.apache.storm.utils.ThriftTopologyUtilsTest
Tests run: 5, Failures: 0, Errors: 0, Skipped: 0, Time elapsed: 0.023 sec - in org.apache.storm.utils.ThriftTopologyUtilsTest
Running org.apache.storm.utils.WorkerBackpressureThreadTest
Tests run: 1, Failures: 0, Errors: 0, Skipped: 0, Time elapsed: 0.204 sec - in org.apache.storm.utils.WorkerBackpressureThreadTest
Running org.apache.storm.utils.ShellBoltMessageQueueTest
Tests run: 3, Failures: 0, Errors: 0, Skipped: 0, Time elapsed: 2.632 sec - in org.apache.storm.utils.ShellBoltMessageQueueTest
Running org.apache.storm.metric.internal.CountStatAndMetricTest
Tests run: 1, Failures: 0, Errors: 0, Skipped: 0, Time elapsed: 0.036 sec - in org.apache.storm.metric.internal.CountStatAndMetricTest
Running org.apache.storm.metric.internal.RateTrackerTest
Tests run: 4, Failures: 0, Errors: 0, Skipped: 0, Time elapsed: 0.031 sec - in org.apache.storm.metric.internal.RateTrackerTest
Running org.apache.storm.metric.internal.LatencyStatAndMetricTest
Tests run: 1, Failures: 0, Errors: 0, Skipped: 0, Time elapsed: 0.67 sec - in org.apache.storm.metric.internal.LatencyStatAndMetricTest
Running org.apache.storm.metric.util.DataPointExpanderTest
Tests run: 5, Failures: 0, Errors: 0, Skipped: 0, Time elapsed: 0.078 sec - in org.apache.storm.metric.util.DataPointExpanderTest
Running org.apache.storm.metric.filter.FilterByMetricNameTest
Tests run: 4, Failures: 0, Errors: 0, Skipped: 0, Time elapsed: 0.336 sec - in org.apache.storm.metric.filter.FilterByMetricNameTest
Running org.apache.storm.scheduler.resource.strategies.scheduling.TestDefaultResourceAwareStrategy
Tests run: 2, Failures: 0, Errors: 0, Skipped: 0, Time elapsed: 17.726 sec - in org.apache.storm.scheduler.resource.strategies.scheduling.TestDefaultResourceAwareStrategy
Running org.apache.storm.scheduler.resource.TestResourceAwareScheduler
Tests run: 14, Failures: 0, Errors: 0, Skipped: 0, Time elapsed: 50.664 sec - in org.apache.storm.scheduler.resource.TestResourceAwareScheduler
Running org.apache.storm.scheduler.resource.TestUser
Tests run: 3, Failures: 0, Errors: 0, Skipped: 0, Time elapsed: 7.129 sec - in org.apache.storm.scheduler.resource.TestUser
Running org.apache.storm.localizer.LocalizerTest
Tests run: 13, Failures: 0, Errors: 0, Skipped: 0, Time elapsed: 13.199 sec - in org.apache.storm.localizer.LocalizerTest
Running org.apache.storm.localizer.LocalizedResourceRetentionSetTest
Tests run: 2, Failures: 0, Errors: 0, Skipped: 0, Time elapsed: 0.357 sec - in org.apache.storm.localizer.LocalizedResourceRetentionSetTest
Running org.apache.storm.localizer.LocalizedResourceSetTest
Tests run: 4, Failures: 0, Errors: 0, Skipped: 0, Time elapsed: 0.033 sec - in org.apache.storm.localizer.LocalizedResourceSetTest
Running org.apache.storm.spout.CheckpointSpoutTest
Tests run: 7, Failures: 0, Errors: 0, Skipped: 0, Time elapsed: 1.177 sec - in org.apache.storm.spout.CheckpointSpoutTest
Running org.apache.storm.blobstore.ClientBlobStoreTest
Tests run: 4, Failures: 0, Errors: 0, Skipped: 0, Time elapsed: 0.045 sec - in org.apache.storm.blobstore.ClientBlobStoreTest
Running org.apache.storm.blobstore.BlobStoreTest
Tests run: 4, Failures: 0, Errors: 0, Skipped: 0, Time elapsed: 13.603 sec - in org.apache.storm.blobstore.BlobStoreTest
Running org.apache.storm.blobstore.BlobSynchronizerTest
Tests run: 4, Failures: 0, Errors: 0, Skipped: 0, Time elapsed: 6.909 sec - in org.apache.storm.blobstore.BlobSynchronizerTest
Running org.apache.storm.topology.StatefulWindowedBoltExecutorTest
Tests run: 4, Failures: 0, Errors: 0, Skipped: 0, Time elapsed: 3.188 sec - in org.apache.storm.topology.StatefulWindowedBoltExecutorTest
Running org.apache.storm.topology.TopologyBuilderTest
Tests run: 5, Failures: 0, Errors: 0, Skipped: 0, Time elapsed: 1.79 sec - in org.apache.storm.topology.TopologyBuilderTest
Running org.apache.storm.topology.StatefulBoltExecutorTest
Tests run: 7, Failures: 0, Errors: 0, Skipped: 0, Time elapsed: 2.115 sec - in org.apache.storm.topology.StatefulBoltExecutorTest
Running org.apache.storm.topology.WindowedBoltExecutorTest
Tests run: 5, Failures: 0, Errors: 1, Skipped: 0, Time elapsed: 0.637 sec <<< FAILURE! - in org.apache.storm.topology.WindowedBoltExecutorTest
testExecuteWithLateTupleStream(org.apache.storm.topology.WindowedBoltExecutorTest)  Time elapsed: 0.63 sec  <<< ERROR!
java.util.ConcurrentModificationException: null
	at java.util.ArrayList$Itr.checkForComodification(ArrayList.java:859)
	at java.util.ArrayList$Itr.next(ArrayList.java:831)
	at java.util.AbstractCollection.toString(AbstractCollection.java:457)
	at java.lang.String.valueOf(String.java:2849)
	at java.io.PrintStream.println(PrintStream.java:821)
	at org.apache.storm.topology.WindowedBoltExecutorTest.testExecuteWithLateTupleStream(WindowedBoltExecutorTest.java:223)

Running org.apache.storm.state.InMemoryKeyValueStateTest
Tests run: 2, Failures: 0, Errors: 0, Skipped: 0, Time elapsed: 0.012 sec - in org.apache.storm.state.InMemoryKeyValueStateTest
Running org.apache.storm.windowing.WaterMarkEventGeneratorTest
Tests run: 5, Failures: 0, Errors: 0, Skipped: 0, Time elapsed: 0.051 sec - in org.apache.storm.windowing.WaterMarkEventGeneratorTest
Running org.apache.storm.windowing.WindowManagerTest
Tests run: 10, Failures: 0, Errors: 0, Skipped: 0, Time elapsed: 0.061 sec - in org.apache.storm.windowing.WindowManagerTest
Running org.apache.storm.trident.TestTridentTopology
Tests run: 1, Failures: 0, Errors: 0, Skipped: 0, Time elapsed: 23.101 sec - in org.apache.storm.trident.TestTridentTopology
Running org.apache.storm.trident.TridentWindowingTest
Tests run: 3, Failures: 0, Errors: 0, Skipped: 0, Time elapsed: 0.015 sec - in org.apache.storm.trident.TridentWindowingTest
Running org.apache.storm.nimbus.LocalNimbusTest
Tests run: 1, Failures: 0, Errors: 0, Skipped: 0, Time elapsed: 12.99 sec - in org.apache.storm.nimbus.LocalNimbusTest
Running org.apache.storm.tuple.FieldsTest
Tests run: 12, Failures: 0, Errors: 0, Skipped: 0, Time elapsed: 0.008 sec - in org.apache.storm.tuple.FieldsTest
Running org.apache.storm.TestConfigValidate
Tests run: 25, Failures: 0, Errors: 0, Skipped: 0, Time elapsed: 0.203 sec - in org.apache.storm.TestConfigValidate
Running org.apache.storm.PacemakerTest
Tests run: 9, Failures: 0, Errors: 0, Skipped: 0, Time elapsed: 0.288 sec - in org.apache.storm.PacemakerTest
Running org.apache.storm.TestCgroups
Tests run: 1, Failures: 0, Errors: 0, Skipped: 1, Time elapsed: 0.015 sec - in org.apache.storm.TestCgroups
Running org.apache.storm.PaceMakerStateStorageFactoryTest
Tests run: 10, Failures: 0, Errors: 0, Skipped: 0, Time elapsed: 0.124 sec - in org.apache.storm.PaceMakerStateStorageFactoryTest

Results :

Tests in error: 
  WindowedBoltExecutorTest.testExecuteWithLateTupleStream:223 Â» ConcurrentModification

Tests run: 259, Failures: 0, Errors: 1, Skipped: 1

[INFO] ------------------------------------------------------------------------
[INFO] BUILD FAILURE
[INFO] ------------------------------------------------------------------------
[INFO] Total time: 03:28 min
[INFO] Finished at: 2016-07-18T14:23:11+00:00
[INFO] Final Memory: 44M/423M
[INFO] ------------------------------------------------------------------------
[ERROR] Failed to execute goal org.apache.maven.plugins:maven-surefire-plugin:2.18.1:test (default-test) on project storm-core: There are test failures.
[ERROR] 
[ERROR] Please refer to /home/travis/build/apache/storm/storm-core/target/surefire-reports for the individual test results.
[ERROR] -> [Help 1]
[ERROR] 
[ERROR] To see the full stack trace of the errors, re-run Maven with the -e switch.
[ERROR] Re-run Maven using the -X switch to enable full debug logging.
[ERROR] 
[ERROR] For more information about the errors and possible solutions, please read the following articles:
[ERROR] [Help 1] http://cwiki.apache.org/confluence/display/MAVEN/MojoFailureException
Looking for errors in ./storm-core/target/surefire-reports
Checking ./storm-core/target/surefire-reports/TEST-org.apache.storm.security.serialization.BlowfishTupleSerializerTest.xml
Checking ./storm-core/target/surefire-reports/TEST-org.apache.storm.security.auth.ReqContextTest.xml
Checking ./storm-core/target/surefire-reports/TEST-org.apache.storm.security.auth.SaslTransportPluginTest.xml
Checking ./storm-core/target/surefire-reports/TEST-org.apache.storm.security.auth.ThriftClientTest.xml
Checking ./storm-core/target/surefire-reports/TEST-org.apache.storm.security.auth.AuthUtilsTest.xml
Checking ./storm-core/target/surefire-reports/TEST-org.apache.storm.security.auth.ThriftServerTest.xml
Checking ./storm-core/target/surefire-reports/TEST-org.apache.storm.cluster.StormClusterStateImplTest.xml
Checking ./storm-core/target/surefire-reports/TEST-org.apache.storm.serialization.GzipBridgeThriftSerializationDelegateTest.xml
Checking ./storm-core/target/surefire-reports/TEST-org.apache.storm.serialization.GzipBridgeSerializationDelegateTest.xml
Checking ./storm-core/target/surefire-reports/TEST-org.apache.storm.serialization.SerializationTest.xml
Checking ./storm-core/target/surefire-reports/TEST-org.apache.storm.serialization.ThriftBridgeSerializationDelegateTest.xml
Checking ./storm-core/target/surefire-reports/TEST-org.apache.storm.grouping.PartialKeyGroupingTest.xml
Checking ./storm-core/target/surefire-reports/TEST-org.apache.storm.command.TestCLI.xml
Checking ./storm-core/target/surefire-reports/TEST-org.apache.storm.command.RebalanceTest.xml
Checking ./storm-core/target/surefire-reports/TEST-org.apache.storm.command.SetLogLevelTest.xml
Checking ./storm-core/target/surefire-reports/TEST-org.apache.storm.utils.UtilsTest.xml
Checking ./storm-core/target/surefire-reports/TEST-org.apache.storm.utils.DisruptorQueueTest.xml
Checking ./storm-core/target/surefire-reports/TEST-org.apache.storm.utils.DisruptorQueueBackpressureTest.xml
Checking ./storm-core/target/surefire-reports/TEST-org.apache.storm.utils.StormBoundedExponentialBackoffRetryTest.xml
Checking ./storm-core/target/surefire-reports/TEST-org.apache.storm.utils.TimeTest.xml
Checking ./storm-core/target/surefire-reports/TEST-org.apache.storm.utils.ThriftTopologyUtilsTest.xml
Checking ./storm-core/target/surefire-reports/TEST-org.apache.storm.utils.WorkerBackpressureThreadTest.xml
Checking ./storm-core/target/surefire-reports/TEST-org.apache.storm.utils.ShellBoltMessageQueueTest.xml
Checking ./storm-core/target/surefire-reports/TEST-org.apache.storm.metric.internal.CountStatAndMetricTest.xml
Checking ./storm-core/target/surefire-reports/TEST-org.apache.storm.metric.internal.RateTrackerTest.xml
Checking ./storm-core/target/surefire-reports/TEST-org.apache.storm.metric.internal.LatencyStatAndMetricTest.xml
Checking ./storm-core/target/surefire-reports/TEST-org.apache.storm.metric.util.DataPointExpanderTest.xml
Checking ./storm-core/target/surefire-reports/TEST-org.apache.storm.metric.filter.FilterByMetricNameTest.xml
Checking ./storm-core/target/surefire-reports/TEST-org.apache.storm.scheduler.resource.strategies.scheduling.TestDefaultResourceAwareStrategy.xml
Checking ./storm-core/target/surefire-reports/TEST-org.apache.storm.scheduler.resource.TestResourceAwareScheduler.xml
Checking ./storm-core/target/surefire-reports/TEST-org.apache.storm.scheduler.resource.TestUser.xml
Checking ./storm-core/target/surefire-reports/TEST-org.apache.storm.localizer.LocalizerTest.xml
Checking ./storm-core/target/surefire-reports/TEST-org.apache.storm.localizer.LocalizedResourceRetentionSetTest.xml
Checking ./storm-core/target/surefire-reports/TEST-org.apache.storm.localizer.LocalizedResourceSetTest.xml
Checking ./storm-core/target/surefire-reports/TEST-org.apache.storm.spout.CheckpointSpoutTest.xml
Checking ./storm-core/target/surefire-reports/TEST-org.apache.storm.blobstore.ClientBlobStoreTest.xml
Checking ./storm-core/target/surefire-reports/TEST-org.apache.storm.blobstore.BlobStoreTest.xml
Checking ./storm-core/target/surefire-reports/TEST-org.apache.storm.blobstore.BlobSynchronizerTest.xml
Checking ./storm-core/target/surefire-reports/TEST-org.apache.storm.topology.StatefulWindowedBoltExecutorTest.xml
Checking ./storm-core/target/surefire-reports/TEST-org.apache.storm.topology.TopologyBuilderTest.xml
Checking ./storm-core/target/surefire-reports/TEST-org.apache.storm.topology.StatefulBoltExecutorTest.xml
Checking ./storm-core/target/surefire-reports/TEST-org.apache.storm.topology.WindowedBoltExecutorTest.xml
--------------------------------------------------
classname: org.apache.storm.topology.WindowedBoltExecutorTest / testname: testExecuteWithLateTupleStream
java.util.ConcurrentModificationException: null
	at java.util.ArrayList$Itr.checkForComodification(ArrayList.java:859)
	at java.util.ArrayList$Itr.next(ArrayList.java:831)
	at java.util.AbstractCollection.toString(AbstractCollection.java:457)
	at java.lang.String.valueOf(String.java:2849)
	at java.io.PrintStream.println(PrintStream.java:821)
	at org.apache.storm.topology.WindowedBoltExecutorTest.testExecuteWithLateTupleStream(WindowedBoltExecutorTest.java:223)

-------------------- system-out --------------------
131107 [main-SendThread(localhost:2181)] WARN  o.a.z.ClientCnxn - Session 0x0 for server null, unexpected error, closing socket connection and attempting reconnect
java.net.ConnectException: Connection refused
	at sun.nio.ch.SocketChannelImpl.checkConnect(Native Method) ~[?:1.7.0_76]
	at sun.nio.ch.SocketChannelImpl.finishConnect(SocketChannelImpl.java:739) ~[?:1.7.0_76]
	at org.apache.zookeeper.ClientCnxnSocketNIO.doTransport(ClientCnxnSocketNIO.java:361) ~[zookeeper-3.4.6.jar:3.4.6-1569965]
	at org.apache.zookeeper.ClientCnxn$SendThread.run(ClientCnxn.java:1081) [zookeeper-3.4.6.jar:3.4.6-1569965]
131301 [main-SendThread(localhost:2181)] WARN  o.a.z.ClientCnxn - Session 0x0 for server null, unexpected error, closing socket connection and attempting reconnect
java.net.ConnectException: Connection refused
	at sun.nio.ch.SocketChannelImpl.checkConnect(Native Method) ~[?:1.7.0_76]
	at sun.nio.ch.SocketChannelImpl.finishConnect(SocketChannelImpl.java:739) ~[?:1.7.0_76]
	at org.apache.zookeeper.ClientCnxnSocketNIO.doTransport(ClientCnxnSocketNIO.java:361) ~[zookeeper-3.4.6.jar:3.4.6-1569965]
	at org.apache.zookeeper.ClientCnxn$SendThread.run(ClientCnxn.java:1081) [zookeeper-3.4.6.jar:3.4.6-1569965]
131402 [main-SendThread(localhost:2181)] WARN  o.a.z.ClientCnxn - Session 0x0 for server null, unexpected error, closing socket connection and attempting reconnect
java.net.ConnectException: Connection refused
	at sun.nio.ch.SocketChannelImpl.checkConnect(Native Method) ~[?:1.7.0_76]
	at sun.nio.ch.SocketChannelImpl.finishConnect(SocketChannelImpl.java:739) ~[?:1.7.0_76]
	at org.apache.zookeeper.ClientCnxnSocketNIO.doTransport(ClientCnxnSocketNIO.java:361) ~[zookeeper-3.4.6.jar:3.4.6-1569965]
	at org.apache.zookeeper.ClientCnxn$SendThread.run(ClientCnxn.java:1081) [zookeeper-3.4.6.jar:3.4.6-1569965]
131532 [main-SendThread(localhost:2181)] WARN  o.a.z.ClientCnxn - Session 0x0 for server null, unexpected error, closing socket connection and attempting reconnect
java.net.ConnectException: Connection refused
	at sun.nio.ch.SocketChannelImpl.checkConnect(Native Method) ~[?:1.7.0_76]
	at sun.nio.ch.SocketChannelImpl.finishConnect(SocketChannelImpl.java:739) ~[?:1.7.0_76]
	at org.apache.zookeeper.ClientCnxnSocketNIO.doTransport(ClientCnxnSocketNIO.java:361) ~[zookeeper-3.4.6.jar:3.4.6-1569965]
	at org.apache.zookeeper.ClientCnxn$SendThread.run(ClientCnxn.java:1081) [zookeeper-3.4.6.jar:3.4.6-1569965]
131633 [main-SendThread(localhost:2181)] WARN  o.a.z.ClientCnxn - Session 0x0 for server null, unexpected error, closing socket connection and attempting reconnect
java.net.ConnectException: Connection refused
	at sun.nio.ch.SocketChannelImpl.checkConnect(Native Method) ~[?:1.7.0_76]
	at sun.nio.ch.SocketChannelImpl.finishConnect(SocketChannelImpl.java:739) ~[?:1.7.0_76]
	at org.apache.zookeeper.ClientCnxnSocketNIO.doTransport(ClientCnxnSocketNIO.java:361) ~[zookeeper-3.4.6.jar:3.4.6-1569965]
	at org.apache.zookeeper.ClientCnxn$SendThread.run(ClientCnxn.java:1081) [zookeeper-3.4.6.jar:3.4.6-1569965]
131690 [main-SendThread(localhost:2181)] WARN  o.a.z.ClientCnxn - Session 0x0 for server null, unexpected error, closing socket connection and attempting reconnect
java.net.ConnectException: Connection refused
	at sun.nio.ch.SocketChannelImpl.checkConnect(Native Method) ~[?:1.7.0_76]
	at sun.nio.ch.SocketChannelImpl.finishConnect(SocketChannelImpl.java:739) ~[?:1.7.0_76]
	at org.apache.zookeeper.ClientCnxnSocketNIO.doTransport(ClientCnxnSocketNIO.java:361) ~[zookeeper-3.4.6.jar:3.4.6-1569965]
	at org.apache.zookeeper.ClientCnxn$SendThread.run(ClientCnxn.java:1081) [zookeeper-3.4.6.jar:3.4.6-1569965]
131730 [main-SendThread(localhost:2181)] WARN  o.a.z.ClientCnxn - Session 0x0 for server null, unexpected error, closing socket connection and attempting reconnect
java.net.ConnectException: Connection refused
	at sun.nio.ch.SocketChannelImpl.checkConnect(Native Method) ~[?:1.7.0_76]
	at sun.nio.ch.SocketChannelImpl.finishConnect(SocketChannelImpl.java:739) ~[?:1.7.0_76]
	at org.apache.zookeeper.ClientCnxnSocketNIO.doTransport(ClientCnxnSocketNIO.java:361) ~[zookeeper-3.4.6.jar:3.4.6-1569965]
	at org.apache.zookeeper.ClientCnxn$SendThread.run(ClientCnxn.java:1081) [zookeeper-3.4.6.jar:3.4.6-1569965]

--------------------------------------------------
Checking ./storm-core/target/surefire-reports/TEST-org.apache.storm.state.InMemoryKeyValueStateTest.xml
Checking ./storm-core/target/surefire-reports/TEST-org.apache.storm.windowing.WaterMarkEventGeneratorTest.xml
Checking ./storm-core/target/surefire-reports/TEST-org.apache.storm.windowing.WindowManagerTest.xml
Checking ./storm-core/target/surefire-reports/TEST-org.apache.storm.trident.TestTridentTopology.xml
Checking ./storm-core/target/surefire-reports/TEST-org.apache.storm.trident.TridentWindowingTest.xml
Checking ./storm-core/target/surefire-reports/TEST-org.apache.storm.nimbus.LocalNimbusTest.xml
Checking ./storm-core/target/surefire-reports/TEST-org.apache.storm.tuple.FieldsTest.xml
Checking ./storm-core/target/surefire-reports/TEST-org.apache.storm.TestConfigValidate.xml
Checking ./storm-core/target/surefire-reports/TEST-org.apache.storm.PacemakerTest.xml
Checking ./storm-core/target/surefire-reports/TEST-org.apache.storm.TestCgroups.xml
Checking ./storm-core/target/surefire-reports/TEST-org.apache.storm.PaceMakerStateStorageFactoryTest.xml

travis_time:end:0ab938ae:start=1468851580438684248,finish=1468851791800536077,duration=211361851829[0K
[31;1mThe command "/bin/bash ./dev-tools/travis/travis-script.sh `pwd` $MODULES" exited with 1.[0m
travis_fold:start:cache.2[0Kstore build cache
travis_time:start:10338000[0K
travis_time:end:10338000:start=1468851791804899543,finish=1468851791808391144,duration=3491601[0Ktravis_time:start:0e62e19e[0K[32;1mchange detected (content changed, file is created, or file is deleted):
/home/travis/.m2/repository/eigenbase/eigenbase-properties/1.1.4/eigenbase-properties-1.1.4.pom.lastUpdated
/home/travis/.m2/repository/io/confluent/kafka-avro-serializer/1.0/kafka-avro-serializer-1.0.pom.lastUpdated
/home/travis/.m2/repository/io/confluent/kafka-schema-registry-client/1.0/kafka-schema-registry-client-1.0.pom.lastUpdated
/home/travis/.m2/repository/net/hydromatic/linq4j/0.4/linq4j-0.4.pom.lastUpdated
/home/travis/.m2/repository/net/hydromatic/quidem/0.1.1/quidem-0.1.1.pom.lastUpdated
/home/travis/.m2/repository/org/apache/storm/flux/2.0.0-SNAPSHOT/maven-metadata-local.xml
/home/travis/.m2/repository/org/apache/storm/flux/2.0.0-SNAPSHOT/_remote.repositories
/home/travis/.m2/repository/org/apache/storm/flux-core/2.0.0-SNAPSHOT/flux-core-2.0.0-SNAPSHOT.jar
/home/travis/.m2/repository/org/apache/storm/flux-core/2.0.0-SNAPSHOT/maven-metadata-local.xml
/home/travis/.m2/repository/org/apache/storm/flux-core/2.0.0-SNAPSHOT/_remote.repositories
/home/travis/.m2/repository/org/ap
[0m
[32;1m...
[0m
[32;1mchanges detected, packing new archive[0m
.
.
.
.
.
.
[32;1muploading archive[0m

travis_time:end:0e62e19e:start=1468851791812413925,finish=1468851838855482920,duration=47043068995[0Ktravis_fold:end:cache.2[0K
Done. Your build exited with 1.
