Using worker: worker-linux-docker-e0921718.prod.travis-ci.org:travis-linux-10

travis_fold:start:system_info[0K[33;1mBuild system information[0m
Build language: java
Build group: stable
Build dist: precise
Build id: 146423562
Job id: 146423571
travis-build version: 7cd7918e4
[34m[1mBuild image provisioning date and time[0m
Thu Feb  5 15:09:33 UTC 2015
[34m[1mOperating System Details[0m
Distributor ID:	Ubuntu
Description:	Ubuntu 12.04.5 LTS
Release:	12.04
Codename:	precise
[34m[1mLinux Version[0m
3.13.0-29-generic
[34m[1mCookbooks Version[0m
a68419e https://github.com/travis-ci/travis-cookbooks/tree/a68419e
[34m[1mGCC version[0m
gcc (Ubuntu/Linaro 4.6.3-1ubuntu5) 4.6.3
Copyright (C) 2011 Free Software Foundation, Inc.
This is free software; see the source for copying conditions.  There is NO
warranty; not even for MERCHANTABILITY or FITNESS FOR A PARTICULAR PURPOSE.

[34m[1mLLVM version[0m
clang version 3.4 (tags/RELEASE_34/final)
Target: x86_64-unknown-linux-gnu
Thread model: posix
[34m[1mPre-installed Ruby versions[0m
ruby-1.9.3-p551
[34m[1mPre-installed Node.js versions[0m
v0.10.36
[34m[1mPre-installed Go versions[0m
1.4.1
[34m[1mRedis version[0m
redis-server 2.8.19
[34m[1mriak version[0m
2.0.2
[34m[1mMongoDB version[0m
MongoDB 2.4.12
[34m[1mCouchDB version[0m
couchdb 1.6.1
[34m[1mNeo4j version[0m
1.9.4
[34m[1mRabbitMQ Version[0m
3.4.3
[34m[1mElasticSearch version[0m
1.4.0
[34m[1mInstalled Sphinx versions[0m
2.0.10
2.1.9
2.2.6
[34m[1mDefault Sphinx version[0m
2.2.6
[34m[1mInstalled Firefox version[0m
firefox 31.0esr
[34m[1mPhantomJS version[0m
1.9.8
[34m[1mant -version[0m
Apache Ant(TM) version 1.8.2 compiled on December 3 2011
[34m[1mmvn -version[0m
Apache Maven 3.2.5 (12a6b3acb947671f09b81f49094c53f426d8cea1; 2014-12-14T17:29:23+00:00)
Maven home: /usr/local/maven
Java version: 1.7.0_76, vendor: Oracle Corporation
Java home: /usr/lib/jvm/java-7-oracle/jre
Default locale: en_US, platform encoding: ANSI_X3.4-1968
OS name: "linux", version: "3.13.0-29-generic", arch: "amd64", family: "unix"
travis_fold:end:system_info[0K
travis_fold:start:fix.CVE-2015-7547[0K$ export DEBIAN_FRONTEND=noninteractive
W: Size of file /var/lib/apt/lists/us.archive.ubuntu.com_ubuntu_dists_precise-backports_multiverse_source_Sources.gz is not what the server reported 5886 5888
W: Size of file /var/lib/apt/lists/ppa.launchpad.net_ubuntugis_ppa_ubuntu_dists_precise_main_binary-amd64_Packages.gz is not what the server reported 36669 36677
W: Size of file /var/lib/apt/lists/ppa.launchpad.net_ubuntugis_ppa_ubuntu_dists_precise_main_binary-i386_Packages.gz is not what the server reported 36729 36733
Reading package lists...
Building dependency tree...
Reading state information...
The following extra packages will be installed:
  libc-bin libc-dev-bin libc6-dev
Suggested packages:
  glibc-doc
The following packages will be upgraded:
  libc-bin libc-dev-bin libc6 libc6-dev
4 upgraded, 0 newly installed, 0 to remove and 252 not upgraded.
Need to get 8,840 kB of archives.
After this operation, 14.3 kB disk space will be freed.
Get:1 http://us.archive.ubuntu.com/ubuntu/ precise-updates/main libc6-dev amd64 2.15-0ubuntu10.15 [2,943 kB]
Get:2 http://us.archive.ubuntu.com/ubuntu/ precise-updates/main libc-dev-bin amd64 2.15-0ubuntu10.15 [84.7 kB]
Get:3 http://us.archive.ubuntu.com/ubuntu/ precise-updates/main libc-bin amd64 2.15-0ubuntu10.15 [1,177 kB]
Get:4 http://us.archive.ubuntu.com/ubuntu/ precise-updates/main libc6 amd64 2.15-0ubuntu10.15 [4,636 kB]
Fetched 8,840 kB in 0s (25.3 MB/s)
Preconfiguring packages ...
(Reading database ... (Reading database ... 5%(Reading database ... 10%(Reading database ... 15%(Reading database ... 20%(Reading database ... 25%(Reading database ... 30%(Reading database ... 35%(Reading database ... 40%(Reading database ... 45%(Reading database ... 50%(Reading database ... 55%(Reading database ... 60%(Reading database ... 65%(Reading database ... 70%(Reading database ... 75%(Reading database ... 80%(Reading database ... 85%(Reading database ... 90%(Reading database ... 95%(Reading database ... 100%(Reading database ... 72019 files and directories currently installed.)
Preparing to replace libc6-dev 2.15-0ubuntu10.10 (using .../libc6-dev_2.15-0ubuntu10.15_amd64.deb) ...
Unpacking replacement libc6-dev ...
Preparing to replace libc-dev-bin 2.15-0ubuntu10.10 (using .../libc-dev-bin_2.15-0ubuntu10.15_amd64.deb) ...
Unpacking replacement libc-dev-bin ...
Preparing to replace libc-bin 2.15-0ubuntu10.10 (using .../libc-bin_2.15-0ubuntu10.15_amd64.deb) ...
Unpacking replacement libc-bin ...
Processing triggers for man-db ...
Setting up libc-bin (2.15-0ubuntu10.15) ...
(Reading database ... (Reading database ... 5%(Reading database ... 10%(Reading database ... 15%(Reading database ... 20%(Reading database ... 25%(Reading database ... 30%(Reading database ... 35%(Reading database ... 40%(Reading database ... 45%(Reading database ... 50%(Reading database ... 55%(Reading database ... 60%(Reading database ... 65%(Reading database ... 70%(Reading database ... 75%(Reading database ... 80%(Reading database ... 85%(Reading database ... 90%(Reading database ... 95%(Reading database ... 100%(Reading database ... 72018 files and directories currently installed.)
Preparing to replace libc6 2.15-0ubuntu10.10 (using .../libc6_2.15-0ubuntu10.15_amd64.deb) ...
Unpacking replacement libc6 ...
Setting up libc6 (2.15-0ubuntu10.15) ...
Setting up libc-dev-bin (2.15-0ubuntu10.15) ...
Setting up libc6-dev (2.15-0ubuntu10.15) ...
Processing triggers for libc-bin ...
ldconfig deferred processing now taking place
travis_fold:end:fix.CVE-2015-7547[0Ktravis_fold:start:git.checkout[0Ktravis_time:start:0a7b6548[0K$ git clone --depth=50 --branch=master https://github.com/apache/storm.git apache/storm
Cloning into 'apache/storm'...
remote: Counting objects: 24824, done.[K
remote: Compressing objects:   0% (1/9756)   [Kremote: Compressing objects:   1% (98/9756)   [Kremote: Compressing objects:   2% (196/9756)   [Kremote: Compressing objects:   3% (293/9756)   [Kremote: Compressing objects:   4% (391/9756)   [Kremote: Compressing objects:   5% (488/9756)   [Kremote: Compressing objects:   6% (586/9756)   [Kremote: Compressing objects:   7% (683/9756)   [Kremote: Compressing objects:   8% (781/9756)   [Kremote: Compressing objects:   9% (879/9756)   [Kremote: Compressing objects:  10% (976/9756)   [Kremote: Compressing objects:  11% (1074/9756)   [Kremote: Compressing objects:  12% (1171/9756)   [Kremote: Compressing objects:  13% (1269/9756)   [Kremote: Compressing objects:  14% (1366/9756)   [Kremote: Compressing objects:  15% (1464/9756)   [Kremote: Compressing objects:  16% (1561/9756)   [Kremote: Compressing objects:  17% (1659/9756)   [Kremote: Compressing objects:  18% (1757/9756)   [Kremote: Compressing objects:  19% (1854/9756)   [Kremote: Compressing objects:  20% (1952/9756)   [Kremote: Compressing objects:  21% (2049/9756)   [Kremote: Compressing objects:  22% (2147/9756)   [Kremote: Compressing objects:  23% (2244/9756)   [Kremote: Compressing objects:  24% (2342/9756)   [Kremote: Compressing objects:  25% (2439/9756)   [Kremote: Compressing objects:  26% (2537/9756)   [Kremote: Compressing objects:  27% (2635/9756)   [Kremote: Compressing objects:  28% (2732/9756)   [Kremote: Compressing objects:  29% (2830/9756)   [Kremote: Compressing objects:  30% (2927/9756)   [Kremote: Compressing objects:  31% (3025/9756)   [Kremote: Compressing objects:  32% (3122/9756)   [Kremote: Compressing objects:  33% (3220/9756)   [Kremote: Compressing objects:  34% (3318/9756)   [Kremote: Compressing objects:  35% (3415/9756)   [Kremote: Compressing objects:  36% (3513/9756)   [Kremote: Compressing objects:  37% (3610/9756)   [Kremote: Compressing objects:  38% (3708/9756)   [Kremote: Compressing objects:  39% (3805/9756)   [Kremote: Compressing objects:  40% (3903/9756)   [Kremote: Compressing objects:  41% (4000/9756)   [Kremote: Compressing objects:  42% (4098/9756)   [Kremote: Compressing objects:  43% (4196/9756)   [Kremote: Compressing objects:  44% (4293/9756)   [Kremote: Compressing objects:  45% (4391/9756)   [Kremote: Compressing objects:  46% (4488/9756)   [Kremote: Compressing objects:  47% (4586/9756)   [Kremote: Compressing objects:  48% (4683/9756)   [Kremote: Compressing objects:  49% (4781/9756)   [Kremote: Compressing objects:  50% (4878/9756)   [Kremote: Compressing objects:  51% (4976/9756)   [Kremote: Compressing objects:  52% (5074/9756)   [Kremote: Compressing objects:  53% (5171/9756)   [Kremote: Compressing objects:  54% (5269/9756)   [Kremote: Compressing objects:  55% (5366/9756)   [Kremote: Compressing objects:  56% (5464/9756)   [Kremote: Compressing objects:  57% (5561/9756)   [Kremote: Compressing objects:  58% (5659/9756)   [Kremote: Compressing objects:  59% (5757/9756)   [Kremote: Compressing objects:  60% (5854/9756)   [Kremote: Compressing objects:  61% (5952/9756)   [Kremote: Compressing objects:  62% (6049/9756)   [Kremote: Compressing objects:  63% (6147/9756)   [Kremote: Compressing objects:  64% (6244/9756)   [Kremote: Compressing objects:  65% (6342/9756)   [Kremote: Compressing objects:  66% (6439/9756)   [Kremote: Compressing objects:  67% (6537/9756)   [Kremote: Compressing objects:  68% (6635/9756)   [Kremote: Compressing objects:  69% (6732/9756)   [Kremote: Compressing objects:  70% (6830/9756)   [Kremote: Compressing objects:  71% (6927/9756)   [Kremote: Compressing objects:  72% (7025/9756)   [Kremote: Compressing objects:  73% (7122/9756)   [Kremote: Compressing objects:  74% (7220/9756)   [Kremote: Compressing objects:  75% (7317/9756)   [Kremote: Compressing objects:  76% (7415/9756)   [Kremote: Compressing objects:  77% (7513/9756)   [Kremote: Compressing objects:  78% (7610/9756)   [Kremote: Compressing objects:  79% (7708/9756)   [Kremote: Compressing objects:  80% (7805/9756)   [Kremote: Compressing objects:  81% (7903/9756)   [Kremote: Compressing objects:  82% (8000/9756)   [Kremote: Compressing objects:  83% (8098/9756)   [Kremote: Compressing objects:  84% (8196/9756)   [Kremote: Compressing objects:  85% (8293/9756)   [Kremote: Compressing objects:  86% (8391/9756)   [Kremote: Compressing objects:  87% (8488/9756)   [Kremote: Compressing objects:  88% (8586/9756)   [Kremote: Compressing objects:  89% (8683/9756)   [Kremote: Compressing objects:  90% (8781/9756)   [Kremote: Compressing objects:  91% (8878/9756)   [Kremote: Compressing objects:  92% (8976/9756)   [Kremote: Compressing objects:  93% (9074/9756)   [Kremote: Compressing objects:  94% (9171/9756)   [Kremote: Compressing objects:  95% (9269/9756)   [Kremote: Compressing objects:  96% (9366/9756)   [Kremote: Compressing objects:  97% (9464/9756)   [Kremote: Compressing objects:  98% (9561/9756)   [Kremote: Compressing objects:  99% (9659/9756)   [Kremote: Compressing objects: 100% (9756/9756)   [Kremote: Compressing objects: 100% (9756/9756), done.[K
Receiving objects:   0% (1/24824)   Receiving objects:   1% (249/24824)   Receiving objects:   2% (497/24824)   Receiving objects:   3% (745/24824)   Receiving objects:   4% (993/24824)   Receiving objects:   5% (1242/24824)   Receiving objects:   6% (1490/24824)   Receiving objects:   7% (1738/24824)   Receiving objects:   8% (1986/24824)   Receiving objects:   9% (2235/24824), 6.80 MiB | 13.49 MiB/s   Receiving objects:  10% (2483/24824), 6.80 MiB | 13.49 MiB/s   Receiving objects:  11% (2731/24824), 6.80 MiB | 13.49 MiB/s   Receiving objects:  12% (2979/24824), 6.80 MiB | 13.49 MiB/s   Receiving objects:  13% (3228/24824), 6.80 MiB | 13.49 MiB/s   Receiving objects:  14% (3476/24824), 6.80 MiB | 13.49 MiB/s   Receiving objects:  15% (3724/24824), 6.80 MiB | 13.49 MiB/s   Receiving objects:  16% (3972/24824), 6.80 MiB | 13.49 MiB/s   Receiving objects:  17% (4221/24824), 6.80 MiB | 13.49 MiB/s   Receiving objects:  18% (4469/24824), 6.80 MiB | 13.49 MiB/s   Receiving objects:  19% (4717/24824), 6.80 MiB | 13.49 MiB/s   Receiving objects:  20% (4965/24824), 6.80 MiB | 13.49 MiB/s   Receiving objects:  21% (5214/24824), 6.80 MiB | 13.49 MiB/s   Receiving objects:  22% (5462/24824), 6.80 MiB | 13.49 MiB/s   Receiving objects:  23% (5710/24824), 6.80 MiB | 13.49 MiB/s   Receiving objects:  24% (5958/24824), 6.80 MiB | 13.49 MiB/s   Receiving objects:  25% (6206/24824), 6.80 MiB | 13.49 MiB/s   Receiving objects:  26% (6455/24824), 6.80 MiB | 13.49 MiB/s   Receiving objects:  27% (6703/24824), 6.80 MiB | 13.49 MiB/s   Receiving objects:  28% (6951/24824), 6.80 MiB | 13.49 MiB/s   Receiving objects:  29% (7199/24824), 6.80 MiB | 13.49 MiB/s   Receiving objects:  30% (7448/24824), 6.80 MiB | 13.49 MiB/s   Receiving objects:  31% (7696/24824), 6.80 MiB | 13.49 MiB/s   Receiving objects:  32% (7944/24824), 6.80 MiB | 13.49 MiB/s   Receiving objects:  33% (8192/24824), 6.80 MiB | 13.49 MiB/s   Receiving objects:  34% (8441/24824), 6.80 MiB | 13.49 MiB/s   Receiving objects:  35% (8689/24824), 6.80 MiB | 13.49 MiB/s   Receiving objects:  36% (8937/24824), 6.80 MiB | 13.49 MiB/s   Receiving objects:  37% (9185/24824), 6.80 MiB | 13.49 MiB/s   Receiving objects:  38% (9434/24824), 6.80 MiB | 13.49 MiB/s   Receiving objects:  39% (9682/24824), 6.80 MiB | 13.49 MiB/s   Receiving objects:  40% (9930/24824), 6.80 MiB | 13.49 MiB/s   Receiving objects:  41% (10178/24824), 6.80 MiB | 13.49 MiB/s   Receiving objects:  42% (10427/24824), 6.80 MiB | 13.49 MiB/s   Receiving objects:  43% (10675/24824), 6.80 MiB | 13.49 MiB/s   Receiving objects:  44% (10923/24824), 6.80 MiB | 13.49 MiB/s   Receiving objects:  45% (11171/24824), 6.80 MiB | 13.49 MiB/s   Receiving objects:  46% (11420/24824), 6.80 MiB | 13.49 MiB/s   Receiving objects:  47% (11668/24824), 6.80 MiB | 13.49 MiB/s   Receiving objects:  48% (11916/24824), 6.80 MiB | 13.49 MiB/s   Receiving objects:  49% (12164/24824), 6.80 MiB | 13.49 MiB/s   Receiving objects:  50% (12412/24824), 6.80 MiB | 13.49 MiB/s   Receiving objects:  51% (12661/24824), 6.80 MiB | 13.49 MiB/s   Receiving objects:  52% (12909/24824), 6.80 MiB | 13.49 MiB/s   Receiving objects:  53% (13157/24824), 6.80 MiB | 13.49 MiB/s   Receiving objects:  54% (13405/24824), 6.80 MiB | 13.49 MiB/s   Receiving objects:  55% (13654/24824), 6.80 MiB | 13.49 MiB/s   Receiving objects:  56% (13902/24824), 6.80 MiB | 13.49 MiB/s   Receiving objects:  57% (14150/24824), 6.80 MiB | 13.49 MiB/s   Receiving objects:  58% (14398/24824), 6.80 MiB | 13.49 MiB/s   Receiving objects:  59% (14647/24824), 6.80 MiB | 13.49 MiB/s   Receiving objects:  60% (14895/24824), 6.80 MiB | 13.49 MiB/s   Receiving objects:  61% (15143/24824), 6.80 MiB | 13.49 MiB/s   Receiving objects:  62% (15391/24824), 6.80 MiB | 13.49 MiB/s   Receiving objects:  63% (15640/24824), 6.80 MiB | 13.49 MiB/s   Receiving objects:  64% (15888/24824), 6.80 MiB | 13.49 MiB/s   Receiving objects:  65% (16136/24824), 6.80 MiB | 13.49 MiB/s   Receiving objects:  66% (16384/24824), 6.80 MiB | 13.49 MiB/s   Receiving objects:  67% (16633/24824), 6.80 MiB | 13.49 MiB/s   Receiving objects:  68% (16881/24824), 6.80 MiB | 13.49 MiB/s   Receiving objects:  69% (17129/24824), 6.80 MiB | 13.49 MiB/s   Receiving objects:  70% (17377/24824), 6.80 MiB | 13.49 MiB/s   Receiving objects:  71% (17626/24824), 6.80 MiB | 13.49 MiB/s   Receiving objects:  72% (17874/24824), 6.80 MiB | 13.49 MiB/s   Receiving objects:  73% (18122/24824), 6.80 MiB | 13.49 MiB/s   Receiving objects:  73% (18202/24824), 6.80 MiB | 13.49 MiB/s   Receiving objects:  74% (18370/24824), 15.14 MiB | 15.07 MiB/s   Receiving objects:  75% (18618/24824), 15.14 MiB | 15.07 MiB/s   Receiving objects:  76% (18867/24824), 15.14 MiB | 15.07 MiB/s   Receiving objects:  77% (19115/24824), 15.14 MiB | 15.07 MiB/s   Receiving objects:  78% (19363/24824), 15.14 MiB | 15.07 MiB/s   Receiving objects:  79% (19611/24824), 15.14 MiB | 15.07 MiB/s   Receiving objects:  80% (19860/24824), 15.14 MiB | 15.07 MiB/s   Receiving objects:  81% (20108/24824), 15.14 MiB | 15.07 MiB/s   Receiving objects:  82% (20356/24824), 15.14 MiB | 15.07 MiB/s   Receiving objects:  83% (20604/24824), 15.14 MiB | 15.07 MiB/s   Receiving objects:  84% (20853/24824), 15.14 MiB | 15.07 MiB/s   Receiving objects:  85% (21101/24824), 15.14 MiB | 15.07 MiB/s   Receiving objects:  86% (21349/24824), 15.14 MiB | 15.07 MiB/s   Receiving objects:  87% (21597/24824), 15.14 MiB | 15.07 MiB/s   Receiving objects:  88% (21846/24824), 15.14 MiB | 15.07 MiB/s   Receiving objects:  89% (22094/24824), 15.14 MiB | 15.07 MiB/s   Receiving objects:  90% (22342/24824), 15.14 MiB | 15.07 MiB/s   Receiving objects:  91% (22590/24824), 15.14 MiB | 15.07 MiB/s   Receiving objects:  92% (22839/24824), 15.14 MiB | 15.07 MiB/s   Receiving objects:  93% (23087/24824), 15.14 MiB | 15.07 MiB/s   Receiving objects:  94% (23335/24824), 15.14 MiB | 15.07 MiB/s   Receiving objects:  95% (23583/24824), 15.14 MiB | 15.07 MiB/s   Receiving objects:  96% (23832/24824), 15.14 MiB | 15.07 MiB/s   Receiving objects:  97% (24080/24824), 15.14 MiB | 15.07 MiB/s   Receiving objects:  98% (24328/24824), 15.14 MiB | 15.07 MiB/s   Receiving objects:  99% (24576/24824), 15.14 MiB | 15.07 MiB/s   remote: Total 24824 (delta 12154), reused 21856 (delta 9722), pack-reused 0[K
Receiving objects: 100% (24824/24824), 15.14 MiB | 15.07 MiB/s   Receiving objects: 100% (24824/24824), 18.57 MiB | 15.07 MiB/s, done.
Resolving deltas:   0% (0/12154)   Resolving deltas:   1% (137/12154)   Resolving deltas:   2% (276/12154)   Resolving deltas:   3% (365/12154)   Resolving deltas:   4% (488/12154)   Resolving deltas:   5% (633/12154)   Resolving deltas:   6% (741/12154)   Resolving deltas:   7% (854/12154)   Resolving deltas:   8% (975/12154)   Resolving deltas:   9% (1146/12154)   Resolving deltas:  10% (1244/12154)   Resolving deltas:  11% (1339/12154)   Resolving deltas:  12% (1468/12154)   Resolving deltas:  13% (1585/12154)   Resolving deltas:  14% (1703/12154)   Resolving deltas:  15% (1825/12154)   Resolving deltas:  16% (1947/12154)   Resolving deltas:  17% (2074/12154)   Resolving deltas:  18% (2192/12154)   Resolving deltas:  19% (2312/12154)   Resolving deltas:  20% (2431/12154)   Resolving deltas:  21% (2560/12154)   Resolving deltas:  23% (2841/12154)   Resolving deltas:  24% (2917/12154)   Resolving deltas:  25% (3042/12154)   Resolving deltas:  26% (3220/12154)   Resolving deltas:  27% (3395/12154)   Resolving deltas:  28% (3478/12154)   Resolving deltas:  29% (3530/12154)   Resolving deltas:  30% (3655/12154)   Resolving deltas:  31% (3786/12154)   Resolving deltas:  32% (3892/12154)   Resolving deltas:  33% (4012/12154)   Resolving deltas:  34% (4133/12154)   Resolving deltas:  35% (4254/12154)   Resolving deltas:  36% (4379/12154)   Resolving deltas:  37% (4498/12154)   Resolving deltas:  38% (4619/12154)   Resolving deltas:  39% (4745/12154)   Resolving deltas:  40% (4865/12154)   Resolving deltas:  41% (4984/12154)   Resolving deltas:  42% (5108/12154)   Resolving deltas:  43% (5229/12154)   Resolving deltas:  44% (5353/12154)   Resolving deltas:  45% (5486/12154)   Resolving deltas:  46% (5593/12154)   Resolving deltas:  47% (5755/12154)   Resolving deltas:  48% (5834/12154)   Resolving deltas:  49% (5968/12154)   Resolving deltas:  50% (6078/12154)   Resolving deltas:  51% (6228/12154)   Resolving deltas:  52% (6326/12154)   Resolving deltas:  53% (6444/12154)   Resolving deltas:  54% (6647/12154)   Resolving deltas:  55% (6752/12154)   Resolving deltas:  56% (6922/12154)   Resolving deltas:  57% (6965/12154)   Resolving deltas:  59% (7248/12154)   Resolving deltas:  60% (7293/12154)   Resolving deltas:  61% (7458/12154)   Resolving deltas:  62% (7538/12154)   Resolving deltas:  66% (8103/12154)   Resolving deltas:  68% (8311/12154)   Resolving deltas:  71% (8699/12154)   Resolving deltas:  72% (8758/12154)   Resolving deltas:  73% (8874/12154)   Resolving deltas:  74% (8994/12154)   Resolving deltas:  75% (9151/12154)   Resolving deltas:  76% (9264/12154)   Resolving deltas:  77% (9359/12154)   Resolving deltas:  78% (9497/12154)   Resolving deltas:  79% (9602/12154)   Resolving deltas:  80% (9773/12154)   Resolving deltas:  81% (9872/12154)   Resolving deltas:  82% (9996/12154)   Resolving deltas:  83% (10093/12154)   Resolving deltas:  84% (10214/12154)   Resolving deltas:  85% (10349/12154)   Resolving deltas:  86% (10472/12154)   Resolving deltas:  87% (10574/12154)   Resolving deltas:  88% (10696/12154)   Resolving deltas:  89% (10834/12154)   Resolving deltas:  90% (10941/12154)   Resolving deltas:  91% (11062/12154)   Resolving deltas:  92% (11182/12154)   Resolving deltas:  94% (11539/12154)   Resolving deltas:  95% (11547/12154)   Resolving deltas:  96% (11668/12154)   Resolving deltas:  97% (11792/12154)   Resolving deltas:  98% (11913/12154)   Resolving deltas:  99% (12040/12154)   Resolving deltas: 100% (12154/12154)   Resolving deltas: 100% (12154/12154), done.
Checking connectivity... done.

travis_time:end:0a7b6548:start=1469119388948804273,finish=1469119393015868170,duration=4067063897[0K$ cd apache/storm
$ git checkout -qf e5be9863cd825e9fb1dc21d84c1283a23fddc7cc
travis_fold:end:git.checkout[0K
[33;1mThis job is running on container-based infrastructure, which does not allow use of 'sudo', setuid and setguid executables.[0m
[33;1mIf you require sudo, add 'sudo: required' to your .travis.yml[0m
[33;1mSee https://docs.travis-ci.com/user/workers/container-based-infrastructure/ for details.[0m

[33;1mSetting environment variables from .travis.yml[0m
$ export MODULES=storm-core

$ jdk_switcher use oraclejdk7
Switching to Oracle JDK7 (java-7-oracle), JAVA_HOME will be set to /usr/lib/jvm/java-7-oracle
travis_fold:start:cache.1[0KSetting up build cache
$ export CASHER_DIR=$HOME/.casher
travis_time:start:078e3190[0K$ Installing caching utilities

travis_time:end:078e3190:start=1469119395666902386,finish=1469119395734388012,duration=67485626[0Ktravis_time:start:1a2bc6f0[0K
travis_time:end:1a2bc6f0:start=1469119395739574041,finish=1469119395743278732,duration=3704691[0Ktravis_time:start:1c9ab890[0K[32;1mattempting to download cache archive[0m
[32;1mfetching master/cache-linux-precise-4722ea394922d42b2b7eb84cff6efc764d76759821ac6f6efc13232aa923f595--jdk-oraclejdk7.tgz[0m
[32;1mfound cache[0m

travis_time:end:1c9ab890:start=1469119395747846215,finish=1469119403233418994,duration=7485572779[0Ktravis_time:start:09d65d7c[0K
travis_time:end:09d65d7c:start=1469119403237204067,finish=1469119403240523339,duration=3319272[0Ktravis_time:start:0404ed86[0K[32;1madding /home/travis/.m2/repository to cache[0m
[32;1madding /home/travis/.rvm to cache[0m
[32;1madding /home/travis/.nvm to cache[0m

travis_time:end:0404ed86:start=1469119403244289658,finish=1469119415733372843,duration=12489083185[0Ktravis_fold:end:cache.1[0K$ java -Xmx32m -version
java version "1.7.0_76"
Java(TM) SE Runtime Environment (build 1.7.0_76-b13)
Java HotSpot(TM) 64-Bit Server VM (build 24.76-b04, mixed mode)
$ javac -J-Xmx32m -version
javac 1.7.0_76
travis_fold:start:before_install.1[0Ktravis_time:start:0602d1a1[0K$ rvm use 2.1.5 --install
[32mUsing /home/travis/.rvm/gems/ruby-2.1.5[0m

travis_time:end:0602d1a1:start=1469119416088613238,finish=1469119416341483867,duration=252870629[0Ktravis_fold:end:before_install.1[0Ktravis_fold:start:before_install.2[0Ktravis_time:start:196b44e1[0K$ nvm install 0.12.2
v0.12.2 is already installed.
Now using node v0.12.2

travis_time:end:196b44e1:start=1469119416346359779,finish=1469119416664621919,duration=318262140[0Ktravis_fold:end:before_install.2[0Ktravis_fold:start:before_install.3[0Ktravis_time:start:035b0948[0K$ nvm use 0.12.2
Now using node v0.12.2

travis_time:end:035b0948:start=1469119416669051706,finish=1469119416725354836,duration=56303130[0Ktravis_fold:end:before_install.3[0Ktravis_fold:start:install[0Ktravis_time:start:0bce706f[0K$ /bin/bash ./dev-tools/travis/travis-install.sh `pwd`
Python version :   Python 2.7.3
Maven version  :   Apache Maven 3.2.5 (12a6b3acb947671f09b81f49094c53f426d8cea1; 2014-12-14T17:29:23+00:00) Maven home: /usr/local/maven Java version: 1.7.0_76, vendor: Oracle Corporation Java home: /usr/lib/jvm/java-7-oracle/jre Default locale: en_US, platform encoding: UTF-8 OS name: "linux", version: "3.13.0-40-generic", arch: "amd64", family: "unix"
['mvn', 'clean', 'install', '-DskipTests', '-Pnative', '--batch-mode'] writing to install.txt
1 seconds 1 log lines12 seconds 227 log lines39 seconds 408 log lines52 seconds 417 log lines63 seconds 593 log lines79 seconds 741 log lines92 seconds 957 log lines104 seconds 1006 log lines115 seconds 1265 log lines137 seconds 1552 log lines148 seconds 1851 log lines158 seconds 2196 log lines169 seconds 2307 log lines179 seconds 2578 log lines193 seconds 2753 log lines193 seconds 2754 log lines
['mvn', 'clean', 'install', '-DskipTests', '-Pnative', '--batch-mode'] done 0

travis_time:end:0bce706f:start=1469119416729609478,finish=1469119610244256401,duration=193514646923[0Ktravis_fold:end:install[0Ktravis_time:start:0cc927f1[0K$ /bin/bash ./dev-tools/travis/travis-script.sh `pwd` $MODULES
Python version :   Python 2.7.3
Ruby version   :   ruby 2.1.5p273 (2014-11-13 revision 48405) [x86_64-linux]
NodeJs version :   v0.12.2
Maven version  :   Apache Maven 3.2.5 (12a6b3acb947671f09b81f49094c53f426d8cea1; 2014-12-14T17:29:23+00:00) Maven home: /usr/local/maven Java version: 1.7.0_76, vendor: Oracle Corporation Java home: /usr/lib/jvm/java-7-oracle/jre Default locale: en_US, platform encoding: UTF-8 OS name: "linux", version: "3.13.0-40-generic", arch: "amd64", family: "unix"
[INFO] Scanning for projects...
[INFO]                                                                         
[INFO] ------------------------------------------------------------------------
[INFO] Building Storm Core 2.0.0-SNAPSHOT
[INFO] ------------------------------------------------------------------------
[INFO] 
[INFO] --- exec-maven-plugin:1.2.1:exec (default) @ storm-core ---
[INFO] 
[INFO] --- maven-remote-resources-plugin:1.2.1:process (default) @ storm-core ---
[INFO] 
[INFO] --- storm-maven-plugins:2.0.0-SNAPSHOT:version-info (version-info) @ storm-core ---
[WARNING] [svn, info] failed with error code 1
[INFO] SCM: GIT
[INFO] Computed MD5: 277ade4de288126aba84940119886
[INFO] 
[INFO] --- maven-resources-plugin:2.5:resources (default-resources) @ storm-core ---
[debug] execute contextualize
[INFO] Using 'UTF-8' encoding to copy filtered resources.
[INFO] Copying 9 resources
[INFO] Copying 1 resource to META-INF
[INFO] Copying 0 resource
[INFO] Copying 1 resource
[INFO] Copying 3 resources
[INFO] 
[INFO] --- maven-compiler-plugin:3.1:compile (default-compile) @ storm-core ---
[INFO] Nothing to compile - all classes are up to date
[INFO] 
[INFO] --- clojure-maven-plugin:1.7.1:compile (compile-clojure) @ storm-core ---
Compiling org.apache.storm.testing4j to /home/travis/build/apache/storm/storm-core/target/classes
16:47:03.829 [main] WARN  o.a.s.m.StormMetricsRegistry - Metric ui:num-topology-op-response-http-requests has already been registered
16:47:03.830 [main] WARN  o.a.s.m.StormMetricsRegistry - Metric ui:num-topology-op-response-http-requests has already been registered
Compiling org.apache.storm.ui.helpers to /home/travis/build/apache/storm/storm-core/target/classes
Compiling org.apache.storm.scheduler.IsolationScheduler to /home/travis/build/apache/storm/storm-core/target/classes
Compiling org.apache.storm.log to /home/travis/build/apache/storm/storm-core/target/classes
Compiling org.apache.storm.daemon.worker to /home/travis/build/apache/storm/storm-core/target/classes
Compiling org.apache.storm.daemon.executor to /home/travis/build/apache/storm/storm-core/target/classes
Compiling org.apache.storm.converter to /home/travis/build/apache/storm/storm-core/target/classes
Compiling org.apache.storm.testing to /home/travis/build/apache/storm/storm-core/target/classes
Compiling org.apache.storm.util to /home/travis/build/apache/storm/storm-core/target/classes
Compiling org.apache.storm.command.heartbeats to /home/travis/build/apache/storm/storm-core/target/classes
Compiling org.apache.storm.command.shell-submission to /home/travis/build/apache/storm/storm-core/target/classes
Compiling org.apache.storm.blobstore to /home/travis/build/apache/storm/storm-core/target/classes
Compiling org.apache.storm.internal.clojure to /home/travis/build/apache/storm/storm-core/target/classes
Compiling org.apache.storm.daemon.common to /home/travis/build/apache/storm/storm-core/target/classes
Compiling org.apache.storm.daemon.local-supervisor to /home/travis/build/apache/storm/storm-core/target/classes
Compiling org.apache.storm.internal.thrift to /home/travis/build/apache/storm/storm-core/target/classes
Compiling org.apache.storm.daemon.logviewer to /home/travis/build/apache/storm/storm-core/target/classes
Compiling org.apache.storm.daemon.nimbus to /home/travis/build/apache/storm/storm-core/target/classes
Compiling org.apache.storm.LocalCluster to /home/travis/build/apache/storm/storm-core/target/classes
Compiling org.apache.storm.command.get-errors to /home/travis/build/apache/storm/storm-core/target/classes
Compiling org.apache.storm.trident.testing to /home/travis/build/apache/storm/storm-core/target/classes
Compiling org.apache.storm.ui.core to /home/travis/build/apache/storm/storm-core/target/classes
Compiling org.apache.storm.command.blobstore to /home/travis/build/apache/storm/storm-core/target/classes
Compiling org.apache.storm.local-state-converter to /home/travis/build/apache/storm/storm-core/target/classes
Compiling org.apache.storm.daemon.drpc to /home/travis/build/apache/storm/storm-core/target/classes
Compiling org.apache.storm.config to /home/travis/build/apache/storm/storm-core/target/classes
[INFO] 
[INFO] --- make-maven-plugin:1.0-beta-1:autoreconf (compile) @ storm-core ---
[INFO] 
[INFO] --- make-maven-plugin:1.0-beta-1:configure (compile) @ storm-core ---
[INFO] /bin/sh: 14: /home/travis/.jdk_switcher_rc: [[: not found
[INFO] /bin/sh: 22: /home/travis/.jdk_switcher_rc: [[: not found
[INFO] /bin/sh: 32: /home/travis/.jdk_switcher_rc: [[: not found
[INFO] /bin/sh: 42: /home/travis/.jdk_switcher_rc: [[: not found
[INFO] /bin/sh: 3: /etc/profile.d/rvm.sh: [[: not found
[INFO] checking for gcc... gcc
[INFO] checking whether the C compiler works... yes
[INFO] checking for C compiler default output file name... a.out
[INFO] checking for suffix of executables... 
[INFO] checking whether we are cross compiling... no
[INFO] checking for suffix of object files... o
[INFO] checking whether we are using the GNU C compiler... yes
[INFO] checking whether gcc accepts -g... yes
[INFO] checking for gcc option to accept ISO C89... none needed
[INFO] checking how to run the C preprocessor... gcc -E
[INFO] checking for grep that handles long lines and -e... /bin/grep
[INFO] checking for egrep... /bin/grep -E
[INFO] checking for ANSI C header files... yes
[INFO] checking for sys/types.h... yes
[INFO] checking for sys/stat.h... yes
[INFO] checking for stdlib.h... yes
[INFO] checking for string.h... yes
[INFO] checking for memory.h... yes
[INFO] checking for strings.h... yes
[INFO] checking for inttypes.h... yes
[INFO] checking for stdint.h... yes
[INFO] checking for unistd.h... yes
[INFO] checking minix/config.h usability... no
[INFO] checking minix/config.h presence... no
[INFO] checking for minix/config.h... no
[INFO] checking whether it is safe to define __EXTENSIONS__... yes
[INFO] checking for a BSD-compatible install... /usr/bin/install -c
[INFO] checking whether build environment is sane... yes
[INFO] checking for a thread-safe mkdir -p... /bin/mkdir -p
[INFO] checking for gawk... gawk
[INFO] checking whether make sets $(MAKE)... yes
[INFO] checking for style of include used by make... GNU
[INFO] checking dependency style of gcc... gcc3
[INFO] checking for gcc... (cached) gcc
[INFO] checking whether we are using the GNU C compiler... (cached) yes
[INFO] checking whether gcc accepts -g... (cached) yes
[INFO] checking for gcc option to accept ISO C89... (cached) none needed
[INFO] checking whether gcc and cc understand -c and -o together... yes
[INFO] checking for unistd.h... (cached) yes
[INFO] checking for stdbool.h that conforms to C99... yes
[INFO] checking for _Bool... yes
[INFO] checking for an ANSI C-conforming const... yes
[INFO] checking for off_t... yes
[INFO] checking for size_t... yes
[INFO] checking whether strerror_r is declared... yes
[INFO] checking for strerror_r... yes
[INFO] checking whether strerror_r returns char *... yes
[INFO] checking for mkdir... yes
[INFO] checking for uname... yes
[INFO] configure: creating ./config.status
[INFO] config.status: creating Makefile
[INFO] config.status: executing depfiles commands
[INFO] 
[INFO] --- make-maven-plugin:1.0-beta-1:make-install (compile) @ storm-core ---
[INFO] /bin/sh: 14: /home/travis/.jdk_switcher_rc: [[: not found
[INFO] /bin/sh: 22: /home/travis/.jdk_switcher_rc: [[: not found
[INFO] /bin/sh: 32: /home/travis/.jdk_switcher_rc: [[: not found
[INFO] /bin/sh: 42: /home/travis/.jdk_switcher_rc: [[: not found
[INFO] /bin/sh: 3: /etc/profile.d/rvm.sh: [[: not found
[INFO] make[1]: Entering directory `/home/travis/build/apache/storm/storm-core/target/native/worker-launcher'
[INFO] test -z "/usr/local/bin" || /bin/mkdir -p "/home/travis/build/apache/storm/storm-core/target/native/target/usr/local/bin"
[INFO]   /usr/bin/install -c worker-launcher '/home/travis/build/apache/storm/storm-core/target/native/target/usr/local/bin'
[INFO] make[1]: Nothing to be done for `install-data-am'.
[INFO] make[1]: Leaving directory `/home/travis/build/apache/storm/storm-core/target/native/worker-launcher'
[INFO] 
[INFO] --- maven-resources-plugin:2.5:testResources (default-testResources) @ storm-core ---
[debug] execute contextualize
[INFO] Using 'UTF-8' encoding to copy filtered resources.
[INFO] Copying 14 resources
[INFO] Copying 2 resources
[INFO] Copying 3 resources
[INFO] 
[INFO] --- maven-dependency-plugin:2.8:unpack (unpack) @ storm-core ---
[INFO] Configured Artifact: org.apache.storm:multilang-ruby:2.0.0-SNAPSHOT:jar
[INFO] Downloading: https://repository.apache.org/snapshots/org/apache/storm/multilang-ruby/2.0.0-SNAPSHOT/maven-metadata.xml
[INFO] Configured Artifact: org.apache.storm:multilang-python:2.0.0-SNAPSHOT:jar
[INFO] Downloading: https://repository.apache.org/snapshots/org/apache/storm/multilang-python/2.0.0-SNAPSHOT/maven-metadata.xml
[INFO] Configured Artifact: org.apache.storm:multilang-javascript:2.0.0-SNAPSHOT:jar
[INFO] Downloading: https://repository.apache.org/snapshots/org/apache/storm/multilang-javascript/2.0.0-SNAPSHOT/maven-metadata.xml
[INFO] multilang-ruby-2.0.0-SNAPSHOT.jar already unpacked.
[INFO] multilang-python-2.0.0-SNAPSHOT.jar already unpacked.
[INFO] multilang-javascript-2.0.0-SNAPSHOT.jar already unpacked.
[INFO] 
[INFO] --- maven-compiler-plugin:3.1:testCompile (default-testCompile) @ storm-core ---
[INFO] Changes detected - recompiling the module!
[INFO] Compiling 63 source files to /home/travis/build/apache/storm/storm-core/target/test-classes
[WARNING] /home/travis/build/apache/storm/storm-core/test/jvm/org/apache/storm/localizer/LocalizerTest.java: Some input files use or override a deprecated API.
[WARNING] /home/travis/build/apache/storm/storm-core/test/jvm/org/apache/storm/localizer/LocalizerTest.java: Recompile with -Xlint:deprecation for details.
[WARNING] /home/travis/build/apache/storm/storm-core/test/jvm/org/apache/storm/command/TestCLI.java: Some input files use unchecked or unsafe operations.
[WARNING] /home/travis/build/apache/storm/storm-core/test/jvm/org/apache/storm/command/TestCLI.java: Recompile with -Xlint:unchecked for details.
[INFO] 
[INFO] --- maven-surefire-plugin:2.18.1:test (default-test) @ storm-core ---
[INFO] Surefire report directory: /home/travis/build/apache/storm/storm-core/target/surefire-reports
[INFO] parallel='none', perCoreThreadCount=true, threadCount=0, useUnlimitedThreads=false, threadCountSuites=0, threadCountClasses=0, threadCountMethods=0, parallelOptimized=true

-------------------------------------------------------
 T E S T S
-------------------------------------------------------
Running org.apache.storm.security.serialization.BlowfishTupleSerializerTest
Tests run: 3, Failures: 0, Errors: 0, Skipped: 0, Time elapsed: 0.191 sec - in org.apache.storm.security.serialization.BlowfishTupleSerializerTest
Running org.apache.storm.security.auth.ReqContextTest
Tests run: 4, Failures: 0, Errors: 0, Skipped: 0, Time elapsed: 0.05 sec - in org.apache.storm.security.auth.ReqContextTest
Running org.apache.storm.security.auth.SaslTransportPluginTest
Tests run: 2, Failures: 0, Errors: 0, Skipped: 0, Time elapsed: 0.003 sec - in org.apache.storm.security.auth.SaslTransportPluginTest
Running org.apache.storm.security.auth.ThriftClientTest
Tests run: 4, Failures: 0, Errors: 0, Skipped: 0, Time elapsed: 0.239 sec - in org.apache.storm.security.auth.ThriftClientTest
Running org.apache.storm.security.auth.AuthUtilsTest
Tests run: 15, Failures: 0, Errors: 0, Skipped: 0, Time elapsed: 0.188 sec - in org.apache.storm.security.auth.AuthUtilsTest
Running org.apache.storm.security.auth.ThriftServerTest
Tests run: 2, Failures: 0, Errors: 0, Skipped: 0, Time elapsed: 0.038 sec - in org.apache.storm.security.auth.ThriftServerTest
Running org.apache.storm.cluster.StormClusterStateImplTest
Tests run: 5, Failures: 0, Errors: 0, Skipped: 0, Time elapsed: 0.041 sec - in org.apache.storm.cluster.StormClusterStateImplTest
Running org.apache.storm.serialization.GzipBridgeThriftSerializationDelegateTest
Tests run: 3, Failures: 0, Errors: 0, Skipped: 0, Time elapsed: 0.014 sec - in org.apache.storm.serialization.GzipBridgeThriftSerializationDelegateTest
Running org.apache.storm.serialization.GzipBridgeSerializationDelegateTest
Tests run: 3, Failures: 0, Errors: 0, Skipped: 0, Time elapsed: 0.013 sec - in org.apache.storm.serialization.GzipBridgeSerializationDelegateTest
Running org.apache.storm.serialization.SerializationTest
Tests run: 3, Failures: 0, Errors: 0, Skipped: 0, Time elapsed: 1.422 sec - in org.apache.storm.serialization.SerializationTest
Running org.apache.storm.serialization.ThriftBridgeSerializationDelegateTest
Tests run: 1, Failures: 0, Errors: 0, Skipped: 0, Time elapsed: 0.004 sec - in org.apache.storm.serialization.ThriftBridgeSerializationDelegateTest
Running org.apache.storm.grouping.PartialKeyGroupingTest
Tests run: 2, Failures: 0, Errors: 0, Skipped: 0, Time elapsed: 0.018 sec - in org.apache.storm.grouping.PartialKeyGroupingTest
Running org.apache.storm.command.TestCLI
Tests run: 1, Failures: 0, Errors: 0, Skipped: 0, Time elapsed: 0.013 sec - in org.apache.storm.command.TestCLI
Running org.apache.storm.command.RebalanceTest
Tests run: 2, Failures: 0, Errors: 0, Skipped: 0, Time elapsed: 0.001 sec - in org.apache.storm.command.RebalanceTest
Running org.apache.storm.command.SetLogLevelTest
Tests run: 3, Failures: 0, Errors: 0, Skipped: 0, Time elapsed: 0.005 sec - in org.apache.storm.command.SetLogLevelTest
Running org.apache.storm.utils.UtilsTest
Tests run: 8, Failures: 0, Errors: 0, Skipped: 0, Time elapsed: 0.117 sec - in org.apache.storm.utils.UtilsTest
Running org.apache.storm.utils.DisruptorQueueTest
Tests run: 3, Failures: 0, Errors: 0, Skipped: 0, Time elapsed: 3.485 sec - in org.apache.storm.utils.DisruptorQueueTest
Running org.apache.storm.utils.DisruptorQueueBackpressureTest
Tests run: 1, Failures: 0, Errors: 0, Skipped: 0, Time elapsed: 0.002 sec - in org.apache.storm.utils.DisruptorQueueBackpressureTest
Running org.apache.storm.utils.StormBoundedExponentialBackoffRetryTest
Tests run: 5, Failures: 0, Errors: 0, Skipped: 0, Time elapsed: 0.115 sec - in org.apache.storm.utils.StormBoundedExponentialBackoffRetryTest
Running org.apache.storm.utils.TimeTest
Tests run: 8, Failures: 0, Errors: 0, Skipped: 0, Time elapsed: 0.004 sec - in org.apache.storm.utils.TimeTest
Running org.apache.storm.utils.ThriftTopologyUtilsTest
Tests run: 5, Failures: 0, Errors: 0, Skipped: 0, Time elapsed: 0.016 sec - in org.apache.storm.utils.ThriftTopologyUtilsTest
Running org.apache.storm.utils.WorkerBackpressureThreadTest
Tests run: 1, Failures: 0, Errors: 0, Skipped: 0, Time elapsed: 0.2 sec - in org.apache.storm.utils.WorkerBackpressureThreadTest
Running org.apache.storm.utils.ShellBoltMessageQueueTest
Tests run: 3, Failures: 0, Errors: 0, Skipped: 0, Time elapsed: 2 sec - in org.apache.storm.utils.ShellBoltMessageQueueTest
Running org.apache.storm.metric.internal.CountStatAndMetricTest
Tests run: 1, Failures: 0, Errors: 0, Skipped: 0, Time elapsed: 0.024 sec - in org.apache.storm.metric.internal.CountStatAndMetricTest
Running org.apache.storm.metric.internal.RateTrackerTest
Tests run: 4, Failures: 0, Errors: 0, Skipped: 0, Time elapsed: 0.013 sec - in org.apache.storm.metric.internal.RateTrackerTest
Running org.apache.storm.metric.internal.LatencyStatAndMetricTest
Tests run: 1, Failures: 0, Errors: 0, Skipped: 0, Time elapsed: 0.061 sec - in org.apache.storm.metric.internal.LatencyStatAndMetricTest
Running org.apache.storm.metric.util.DataPointExpanderTest
Tests run: 5, Failures: 0, Errors: 0, Skipped: 0, Time elapsed: 0.01 sec - in org.apache.storm.metric.util.DataPointExpanderTest
Running org.apache.storm.metric.filter.FilterByMetricNameTest
Tests run: 4, Failures: 0, Errors: 0, Skipped: 0, Time elapsed: 0.025 sec - in org.apache.storm.metric.filter.FilterByMetricNameTest
Running org.apache.storm.scheduler.resource.strategies.scheduling.TestDefaultResourceAwareStrategy
Tests run: 2, Failures: 0, Errors: 0, Skipped: 0, Time elapsed: 4.376 sec - in org.apache.storm.scheduler.resource.strategies.scheduling.TestDefaultResourceAwareStrategy
Running org.apache.storm.scheduler.resource.TestResourceAwareScheduler
Tests run: 14, Failures: 0, Errors: 0, Skipped: 0, Time elapsed: 11.759 sec - in org.apache.storm.scheduler.resource.TestResourceAwareScheduler
Running org.apache.storm.scheduler.resource.TestUser
Tests run: 3, Failures: 0, Errors: 0, Skipped: 0, Time elapsed: 11.566 sec - in org.apache.storm.scheduler.resource.TestUser
Running org.apache.storm.localizer.LocalizerTest
Tests run: 13, Failures: 0, Errors: 0, Skipped: 0, Time elapsed: 8.354 sec - in org.apache.storm.localizer.LocalizerTest
Running org.apache.storm.localizer.LocalizedResourceRetentionSetTest
Tests run: 2, Failures: 0, Errors: 0, Skipped: 0, Time elapsed: 0.018 sec - in org.apache.storm.localizer.LocalizedResourceRetentionSetTest
Running org.apache.storm.localizer.LocalizedResourceSetTest
Tests run: 4, Failures: 0, Errors: 0, Skipped: 0, Time elapsed: 0.004 sec - in org.apache.storm.localizer.LocalizedResourceSetTest
Running org.apache.storm.spout.CheckpointSpoutTest
Tests run: 7, Failures: 0, Errors: 0, Skipped: 0, Time elapsed: 1.582 sec - in org.apache.storm.spout.CheckpointSpoutTest
Running org.apache.storm.blobstore.ClientBlobStoreTest
Tests run: 4, Failures: 0, Errors: 0, Skipped: 0, Time elapsed: 0.001 sec - in org.apache.storm.blobstore.ClientBlobStoreTest
Running org.apache.storm.blobstore.BlobStoreTest
Tests run: 4, Failures: 0, Errors: 0, Skipped: 0, Time elapsed: 9.547 sec - in org.apache.storm.blobstore.BlobStoreTest
Running org.apache.storm.blobstore.BlobSynchronizerTest
Tests run: 4, Failures: 0, Errors: 0, Skipped: 0, Time elapsed: 3.829 sec - in org.apache.storm.blobstore.BlobSynchronizerTest
Running org.apache.storm.topology.StatefulWindowedBoltExecutorTest
Tests run: 4, Failures: 0, Errors: 0, Skipped: 0, Time elapsed: 0.929 sec - in org.apache.storm.topology.StatefulWindowedBoltExecutorTest
Running org.apache.storm.topology.TopologyBuilderTest
Tests run: 5, Failures: 0, Errors: 0, Skipped: 0, Time elapsed: 0.486 sec - in org.apache.storm.topology.TopologyBuilderTest
Running org.apache.storm.topology.StatefulBoltExecutorTest
Tests run: 7, Failures: 0, Errors: 0, Skipped: 0, Time elapsed: 1.107 sec - in org.apache.storm.topology.StatefulBoltExecutorTest
Running org.apache.storm.topology.WindowedBoltExecutorTest
Tests run: 5, Failures: 1, Errors: 0, Skipped: 0, Time elapsed: 0.12 sec <<< FAILURE! - in org.apache.storm.topology.WindowedBoltExecutorTest
testExecuteWithLateTupleStream(org.apache.storm.topology.WindowedBoltExecutorTest)  Time elapsed: 0.098 sec  <<< FAILURE!
org.mockito.exceptions.verification.WantedButNotInvoked: 
Wanted but not invoked:
outputCollector.emit(
    "$late",
    [source: null:1, stream: s1, id: {}, [600]],
    [source: null:1, stream: s1, id: {}, [600]]
);
-> at org.apache.storm.topology.WindowedBoltExecutorTest.testExecuteWithLateTupleStream(WindowedBoltExecutorTest.java:225)
Actually, there were zero interactions with this mock.

	at org.apache.storm.topology.WindowedBoltExecutorTest.testExecuteWithLateTupleStream(WindowedBoltExecutorTest.java:225)

Running org.apache.storm.state.InMemoryKeyValueStateTest
Tests run: 2, Failures: 0, Errors: 0, Skipped: 0, Time elapsed: 0 sec - in org.apache.storm.state.InMemoryKeyValueStateTest
Running org.apache.storm.windowing.WaterMarkEventGeneratorTest
Tests run: 5, Failures: 0, Errors: 0, Skipped: 0, Time elapsed: 0.005 sec - in org.apache.storm.windowing.WaterMarkEventGeneratorTest
Running org.apache.storm.windowing.WindowManagerTest
Tests run: 10, Failures: 0, Errors: 0, Skipped: 0, Time elapsed: 0.014 sec - in org.apache.storm.windowing.WindowManagerTest
Running org.apache.storm.trident.TestTridentTopology
Tests run: 1, Failures: 0, Errors: 0, Skipped: 0, Time elapsed: 35.26 sec - in org.apache.storm.trident.TestTridentTopology
Running org.apache.storm.trident.TridentWindowingTest
Tests run: 3, Failures: 0, Errors: 0, Skipped: 0, Time elapsed: 0.016 sec - in org.apache.storm.trident.TridentWindowingTest
Running org.apache.storm.nimbus.LocalNimbusTest
Tests run: 1, Failures: 0, Errors: 0, Skipped: 0, Time elapsed: 29.954 sec - in org.apache.storm.nimbus.LocalNimbusTest
Running org.apache.storm.tuple.FieldsTest
Tests run: 12, Failures: 0, Errors: 0, Skipped: 0, Time elapsed: 0.047 sec - in org.apache.storm.tuple.FieldsTest
Running org.apache.storm.TestConfigValidate
Tests run: 25, Failures: 0, Errors: 0, Skipped: 0, Time elapsed: 0.291 sec - in org.apache.storm.TestConfigValidate
Running org.apache.storm.PacemakerTest
Tests run: 9, Failures: 0, Errors: 0, Skipped: 0, Time elapsed: 0.29 sec - in org.apache.storm.PacemakerTest
Running org.apache.storm.TestCgroups
Tests run: 1, Failures: 0, Errors: 0, Skipped: 1, Time elapsed: 0.016 sec - in org.apache.storm.TestCgroups
Running org.apache.storm.PaceMakerStateStorageFactoryTest
Tests run: 10, Failures: 0, Errors: 0, Skipped: 0, Time elapsed: 0.109 sec - in org.apache.storm.PaceMakerStateStorageFactoryTest

Results :

Failed tests: 
  WindowedBoltExecutorTest.testExecuteWithLateTupleStream:225 
Wanted but not invoked:
outputCollector.emit(
    "$late",
    [source: null:1, stream: s1, id: {}, [600]],
    [source: null:1, stream: s1, id: {}, [600]]
);
-> at org.apache.storm.topology.WindowedBoltExecutorTest.testExecuteWithLateTupleStream(WindowedBoltExecutorTest.java:225)
Actually, there were zero interactions with this mock.


Tests run: 259, Failures: 1, Errors: 0, Skipped: 1

[INFO] ------------------------------------------------------------------------
[INFO] BUILD FAILURE
[INFO] ------------------------------------------------------------------------
[INFO] Total time: 02:36 min
[INFO] Finished at: 2016-07-21T16:49:27+00:00
[INFO] Final Memory: 45M/467M
[INFO] ------------------------------------------------------------------------
[ERROR] Failed to execute goal org.apache.maven.plugins:maven-surefire-plugin:2.18.1:test (default-test) on project storm-core: There are test failures.
[ERROR] 
[ERROR] Please refer to /home/travis/build/apache/storm/storm-core/target/surefire-reports for the individual test results.
[ERROR] -> [Help 1]
[ERROR] 
[ERROR] To see the full stack trace of the errors, re-run Maven with the -e switch.
[ERROR] Re-run Maven using the -X switch to enable full debug logging.
[ERROR] 
[ERROR] For more information about the errors and possible solutions, please read the following articles:
[ERROR] [Help 1] http://cwiki.apache.org/confluence/display/MAVEN/MojoFailureException
Looking for errors in ./storm-core/target/surefire-reports
Checking ./storm-core/target/surefire-reports/TEST-org.apache.storm.security.serialization.BlowfishTupleSerializerTest.xml
Checking ./storm-core/target/surefire-reports/TEST-org.apache.storm.security.auth.ReqContextTest.xml
Checking ./storm-core/target/surefire-reports/TEST-org.apache.storm.security.auth.SaslTransportPluginTest.xml
Checking ./storm-core/target/surefire-reports/TEST-org.apache.storm.security.auth.ThriftClientTest.xml
Checking ./storm-core/target/surefire-reports/TEST-org.apache.storm.security.auth.AuthUtilsTest.xml
Checking ./storm-core/target/surefire-reports/TEST-org.apache.storm.security.auth.ThriftServerTest.xml
Checking ./storm-core/target/surefire-reports/TEST-org.apache.storm.cluster.StormClusterStateImplTest.xml
Checking ./storm-core/target/surefire-reports/TEST-org.apache.storm.serialization.GzipBridgeThriftSerializationDelegateTest.xml
Checking ./storm-core/target/surefire-reports/TEST-org.apache.storm.serialization.GzipBridgeSerializationDelegateTest.xml
Checking ./storm-core/target/surefire-reports/TEST-org.apache.storm.serialization.SerializationTest.xml
Checking ./storm-core/target/surefire-reports/TEST-org.apache.storm.serialization.ThriftBridgeSerializationDelegateTest.xml
Checking ./storm-core/target/surefire-reports/TEST-org.apache.storm.grouping.PartialKeyGroupingTest.xml
Checking ./storm-core/target/surefire-reports/TEST-org.apache.storm.command.TestCLI.xml
Checking ./storm-core/target/surefire-reports/TEST-org.apache.storm.command.RebalanceTest.xml
Checking ./storm-core/target/surefire-reports/TEST-org.apache.storm.command.SetLogLevelTest.xml
Checking ./storm-core/target/surefire-reports/TEST-org.apache.storm.utils.UtilsTest.xml
Checking ./storm-core/target/surefire-reports/TEST-org.apache.storm.utils.DisruptorQueueTest.xml
Checking ./storm-core/target/surefire-reports/TEST-org.apache.storm.utils.DisruptorQueueBackpressureTest.xml
Checking ./storm-core/target/surefire-reports/TEST-org.apache.storm.utils.StormBoundedExponentialBackoffRetryTest.xml
Checking ./storm-core/target/surefire-reports/TEST-org.apache.storm.utils.TimeTest.xml
Checking ./storm-core/target/surefire-reports/TEST-org.apache.storm.utils.ThriftTopologyUtilsTest.xml
Checking ./storm-core/target/surefire-reports/TEST-org.apache.storm.utils.WorkerBackpressureThreadTest.xml
Checking ./storm-core/target/surefire-reports/TEST-org.apache.storm.utils.ShellBoltMessageQueueTest.xml
Checking ./storm-core/target/surefire-reports/TEST-org.apache.storm.metric.internal.CountStatAndMetricTest.xml
Checking ./storm-core/target/surefire-reports/TEST-org.apache.storm.metric.internal.RateTrackerTest.xml
Checking ./storm-core/target/surefire-reports/TEST-org.apache.storm.metric.internal.LatencyStatAndMetricTest.xml
Checking ./storm-core/target/surefire-reports/TEST-org.apache.storm.metric.util.DataPointExpanderTest.xml
Checking ./storm-core/target/surefire-reports/TEST-org.apache.storm.metric.filter.FilterByMetricNameTest.xml
Checking ./storm-core/target/surefire-reports/TEST-org.apache.storm.scheduler.resource.strategies.scheduling.TestDefaultResourceAwareStrategy.xml
Checking ./storm-core/target/surefire-reports/TEST-org.apache.storm.scheduler.resource.TestResourceAwareScheduler.xml
Checking ./storm-core/target/surefire-reports/TEST-org.apache.storm.scheduler.resource.TestUser.xml
Checking ./storm-core/target/surefire-reports/TEST-org.apache.storm.localizer.LocalizerTest.xml
Checking ./storm-core/target/surefire-reports/TEST-org.apache.storm.localizer.LocalizedResourceRetentionSetTest.xml
Checking ./storm-core/target/surefire-reports/TEST-org.apache.storm.localizer.LocalizedResourceSetTest.xml
Checking ./storm-core/target/surefire-reports/TEST-org.apache.storm.spout.CheckpointSpoutTest.xml
Checking ./storm-core/target/surefire-reports/TEST-org.apache.storm.blobstore.ClientBlobStoreTest.xml
Checking ./storm-core/target/surefire-reports/TEST-org.apache.storm.blobstore.BlobStoreTest.xml
Checking ./storm-core/target/surefire-reports/TEST-org.apache.storm.blobstore.BlobSynchronizerTest.xml
Checking ./storm-core/target/surefire-reports/TEST-org.apache.storm.topology.StatefulWindowedBoltExecutorTest.xml
Checking ./storm-core/target/surefire-reports/TEST-org.apache.storm.topology.TopologyBuilderTest.xml
Checking ./storm-core/target/surefire-reports/TEST-org.apache.storm.topology.StatefulBoltExecutorTest.xml
Checking ./storm-core/target/surefire-reports/TEST-org.apache.storm.topology.WindowedBoltExecutorTest.xml
--------------------------------------------------
classname: org.apache.storm.topology.WindowedBoltExecutorTest / testname: testExecuteWithLateTupleStream
org.mockito.exceptions.verification.WantedButNotInvoked: 
Wanted but not invoked:
outputCollector.emit(
    "$late",
    [source: null:1, stream: s1, id: {}, [600]],
    [source: null:1, stream: s1, id: {}, [600]]
);
-> at org.apache.storm.topology.WindowedBoltExecutorTest.testExecuteWithLateTupleStream(WindowedBoltExecutorTest.java:225)
Actually, there were zero interactions with this mock.

	at org.apache.storm.topology.WindowedBoltExecutorTest.testExecuteWithLateTupleStream(WindowedBoltExecutorTest.java:225)

-------------------- system-out --------------------
63004 [main-SendThread(localhost:2181)] WARN  o.a.z.ClientCnxn - Session 0x0 for server null, unexpected error, closing socket connection and attempting reconnect
java.net.ConnectException: Connection refused
	at sun.nio.ch.SocketChannelImpl.checkConnect(Native Method) ~[?:1.7.0_76]
	at sun.nio.ch.SocketChannelImpl.finishConnect(SocketChannelImpl.java:739) ~[?:1.7.0_76]
	at org.apache.zookeeper.ClientCnxnSocketNIO.doTransport(ClientCnxnSocketNIO.java:361) ~[zookeeper-3.4.6.jar:3.4.6-1569965]
	at org.apache.zookeeper.ClientCnxn$SendThread.run(ClientCnxn.java:1081) [zookeeper-3.4.6.jar:3.4.6-1569965]
[]

--------------------------------------------------
Checking ./storm-core/target/surefire-reports/TEST-org.apache.storm.state.InMemoryKeyValueStateTest.xml
Checking ./storm-core/target/surefire-reports/TEST-org.apache.storm.windowing.WaterMarkEventGeneratorTest.xml
Checking ./storm-core/target/surefire-reports/TEST-org.apache.storm.windowing.WindowManagerTest.xml
Checking ./storm-core/target/surefire-reports/TEST-org.apache.storm.trident.TestTridentTopology.xml
Checking ./storm-core/target/surefire-reports/TEST-org.apache.storm.trident.TridentWindowingTest.xml
Checking ./storm-core/target/surefire-reports/TEST-org.apache.storm.nimbus.LocalNimbusTest.xml
Checking ./storm-core/target/surefire-reports/TEST-org.apache.storm.tuple.FieldsTest.xml
Checking ./storm-core/target/surefire-reports/TEST-org.apache.storm.TestConfigValidate.xml
Checking ./storm-core/target/surefire-reports/TEST-org.apache.storm.PacemakerTest.xml
Checking ./storm-core/target/surefire-reports/TEST-org.apache.storm.TestCgroups.xml
Checking ./storm-core/target/surefire-reports/TEST-org.apache.storm.PaceMakerStateStorageFactoryTest.xml

travis_time:end:0cc927f1:start=1469119610248837744,finish=1469119768920716425,duration=158671878681[0K
[31;1mThe command "/bin/bash ./dev-tools/travis/travis-script.sh `pwd` $MODULES" exited with 1.[0m
travis_fold:start:cache.2[0Kstore build cache
travis_time:start:28366bb3[0K
travis_time:end:28366bb3:start=1469119768925086235,finish=1469119768928631101,duration=3544866[0Ktravis_time:start:0d51fb00[0K[32;1mchange detected (content changed, file is created, or file is deleted):
/home/travis/.m2/repository/clout/clout/1.2.0/clout-1.2.0.jar
/home/travis/.m2/repository/clout/clout/1.2.0/clout-1.2.0.jar.lastUpdated
/home/travis/.m2/repository/clout/clout/1.2.0/clout-1.2.0.jar.sha1
/home/travis/.m2/repository/clout/clout/1.2.0/clout-1.2.0.pom
/home/travis/.m2/repository/clout/clout/1.2.0/clout-1.2.0.pom.lastUpdated
/home/travis/.m2/repository/clout/clout/1.2.0/clout-1.2.0.pom.sha1
/home/travis/.m2/repository/clout/clout/1.2.0/_remote.repositories
/home/travis/.m2/repository/commons-fileupload/commons-fileupload/1.3.2/commons-fileupload-1.3.2.jar
/home/travis/.m2/repository/commons-fileupload/commons-fileupload/1.3.2/commons-fileupload-1.3.2.jar.sha1
/home/travis/.m2/repository/commons-fileupload/commons-fileupload/1.3.2/commons-fileupload-1.3.2.pom
/home/travis/.m2/repository/commons-fileupload/commons-fileupload/1.3.2/commons-fileupload-1.3.2.pom.sha1
/home/travis/.m2/repository/commons-fileupload/commons-fileupload/1.3.2/_remote.repositories
/home/travis/.m2/repo
[0m
[32;1m...
[0m
[32;1mchanges detected, packing new archive[0m
.
.
.
.
.
.
[32;1muploading archive[0m

travis_time:end:0d51fb00:start=1469119768932627733,finish=1469119837641741612,duration=68709113879[0Ktravis_fold:end:cache.2[0K
Done. Your build exited with 1.
