Using worker: worker-linux-docker-63b63f9b.prod.travis-ci.org:travis-linux-14

travis_fold:start:system_info[0K[33;1mBuild system information[0m
Build language: java
Build group: stable
Build dist: precise
Build id: 148741455
Job id: 148741456
travis-build version: 2b5248985
[34m[1mBuild image provisioning date and time[0m
Thu Feb  5 15:09:33 UTC 2015
[34m[1mOperating System Details[0m
Distributor ID:	Ubuntu
Description:	Ubuntu 12.04.5 LTS
Release:	12.04
Codename:	precise
[34m[1mLinux Version[0m
3.13.0-29-generic
[34m[1mCookbooks Version[0m
a68419e https://github.com/travis-ci/travis-cookbooks/tree/a68419e
[34m[1mGCC version[0m
gcc (Ubuntu/Linaro 4.6.3-1ubuntu5) 4.6.3
Copyright (C) 2011 Free Software Foundation, Inc.
This is free software; see the source for copying conditions.  There is NO
warranty; not even for MERCHANTABILITY or FITNESS FOR A PARTICULAR PURPOSE.

[34m[1mLLVM version[0m
clang version 3.4 (tags/RELEASE_34/final)
Target: x86_64-unknown-linux-gnu
Thread model: posix
[34m[1mPre-installed Ruby versions[0m
ruby-1.9.3-p551
[34m[1mPre-installed Node.js versions[0m
v0.10.36
[34m[1mPre-installed Go versions[0m
1.4.1
[34m[1mRedis version[0m
redis-server 2.8.19
[34m[1mriak version[0m
2.0.2
[34m[1mMongoDB version[0m
MongoDB 2.4.12
[34m[1mCouchDB version[0m
couchdb 1.6.1
[34m[1mNeo4j version[0m
1.9.4
[34m[1mRabbitMQ Version[0m
3.4.3
[34m[1mElasticSearch version[0m
1.4.0
[34m[1mInstalled Sphinx versions[0m
2.0.10
2.1.9
2.2.6
[34m[1mDefault Sphinx version[0m
2.2.6
[34m[1mInstalled Firefox version[0m
firefox 31.0esr
[34m[1mPhantomJS version[0m
1.9.8
[34m[1mant -version[0m
Apache Ant(TM) version 1.8.2 compiled on December 3 2011
[34m[1mmvn -version[0m
Apache Maven 3.2.5 (12a6b3acb947671f09b81f49094c53f426d8cea1; 2014-12-14T17:29:23+00:00)
Maven home: /usr/local/maven
Java version: 1.7.0_76, vendor: Oracle Corporation
Java home: /usr/lib/jvm/java-7-oracle/jre
Default locale: en_US, platform encoding: ANSI_X3.4-1968
OS name: "linux", version: "3.13.0-29-generic", arch: "amd64", family: "unix"
travis_fold:end:system_info[0K
travis_fold:start:fix.CVE-2015-7547[0K$ export DEBIAN_FRONTEND=noninteractive
W: Size of file /var/lib/apt/lists/us.archive.ubuntu.com_ubuntu_dists_precise-backports_multiverse_source_Sources.gz is not what the server reported 5886 5888
Reading package lists...
Building dependency tree...
Reading state information...
The following extra packages will be installed:
  libc-bin libc-dev-bin libc6-dev
Suggested packages:
  glibc-doc
The following packages will be upgraded:
  libc-bin libc-dev-bin libc6 libc6-dev
4 upgraded, 0 newly installed, 0 to remove and 252 not upgraded.
Need to get 8,840 kB of archives.
After this operation, 14.3 kB disk space will be freed.
Get:1 http://us.archive.ubuntu.com/ubuntu/ precise-updates/main libc6-dev amd64 2.15-0ubuntu10.15 [2,943 kB]
Get:2 http://us.archive.ubuntu.com/ubuntu/ precise-updates/main libc-dev-bin amd64 2.15-0ubuntu10.15 [84.7 kB]
Get:3 http://us.archive.ubuntu.com/ubuntu/ precise-updates/main libc-bin amd64 2.15-0ubuntu10.15 [1,177 kB]
Get:4 http://us.archive.ubuntu.com/ubuntu/ precise-updates/main libc6 amd64 2.15-0ubuntu10.15 [4,636 kB]
Fetched 8,840 kB in 0s (9,202 kB/s)
Preconfiguring packages ...
(Reading database ... (Reading database ... 5%(Reading database ... 10%(Reading database ... 15%(Reading database ... 20%(Reading database ... 25%(Reading database ... 30%(Reading database ... 35%(Reading database ... 40%(Reading database ... 45%(Reading database ... 50%(Reading database ... 55%(Reading database ... 60%(Reading database ... 65%(Reading database ... 70%(Reading database ... 75%(Reading database ... 80%(Reading database ... 85%(Reading database ... 90%(Reading database ... 95%(Reading database ... 100%(Reading database ... 72019 files and directories currently installed.)
Preparing to replace libc6-dev 2.15-0ubuntu10.10 (using .../libc6-dev_2.15-0ubuntu10.15_amd64.deb) ...
Unpacking replacement libc6-dev ...
Preparing to replace libc-dev-bin 2.15-0ubuntu10.10 (using .../libc-dev-bin_2.15-0ubuntu10.15_amd64.deb) ...
Unpacking replacement libc-dev-bin ...
Preparing to replace libc-bin 2.15-0ubuntu10.10 (using .../libc-bin_2.15-0ubuntu10.15_amd64.deb) ...
Unpacking replacement libc-bin ...
Processing triggers for man-db ...
Setting up libc-bin (2.15-0ubuntu10.15) ...
(Reading database ... (Reading database ... 5%(Reading database ... 10%(Reading database ... 15%(Reading database ... 20%(Reading database ... 25%(Reading database ... 30%(Reading database ... 35%(Reading database ... 40%(Reading database ... 45%(Reading database ... 50%(Reading database ... 55%(Reading database ... 60%(Reading database ... 65%(Reading database ... 70%(Reading database ... 75%(Reading database ... 80%(Reading database ... 85%(Reading database ... 90%(Reading database ... 95%(Reading database ... 100%(Reading database ... 72018 files and directories currently installed.)
Preparing to replace libc6 2.15-0ubuntu10.10 (using .../libc6_2.15-0ubuntu10.15_amd64.deb) ...
Unpacking replacement libc6 ...
Setting up libc6 (2.15-0ubuntu10.15) ...
Setting up libc-dev-bin (2.15-0ubuntu10.15) ...
Setting up libc6-dev (2.15-0ubuntu10.15) ...
Processing triggers for libc-bin ...
ldconfig deferred processing now taking place
travis_fold:end:fix.CVE-2015-7547[0Ktravis_fold:start:git.checkout[0Ktravis_time:start:1a1f66e0[0K$ git clone --depth=50 --branch=master https://github.com/apache/storm.git apache/storm
Cloning into 'apache/storm'...
remote: Counting objects: 21404, done.[K
remote: Compressing objects:   0% (1/8564)   [Kremote: Compressing objects:   1% (86/8564)   [Kremote: Compressing objects:   2% (172/8564)   [Kremote: Compressing objects:   3% (257/8564)   [Kremote: Compressing objects:   4% (343/8564)   [Kremote: Compressing objects:   5% (429/8564)   [Kremote: Compressing objects:   6% (514/8564)   [Kremote: Compressing objects:   7% (600/8564)   [Kremote: Compressing objects:   8% (686/8564)   [Kremote: Compressing objects:   9% (771/8564)   [Kremote: Compressing objects:  10% (857/8564)   [Kremote: Compressing objects:  11% (943/8564)   [Kremote: Compressing objects:  12% (1028/8564)   [Kremote: Compressing objects:  13% (1114/8564)   [Kremote: Compressing objects:  14% (1199/8564)   [Kremote: Compressing objects:  15% (1285/8564)   [Kremote: Compressing objects:  16% (1371/8564)   [Kremote: Compressing objects:  17% (1456/8564)   [Kremote: Compressing objects:  18% (1542/8564)   [Kremote: Compressing objects:  19% (1628/8564)   [Kremote: Compressing objects:  20% (1713/8564)   [Kremote: Compressing objects:  21% (1799/8564)   [Kremote: Compressing objects:  22% (1885/8564)   [Kremote: Compressing objects:  23% (1970/8564)   [Kremote: Compressing objects:  24% (2056/8564)   [Kremote: Compressing objects:  25% (2141/8564)   [Kremote: Compressing objects:  26% (2227/8564)   [Kremote: Compressing objects:  27% (2313/8564)   [Kremote: Compressing objects:  28% (2398/8564)   [Kremote: Compressing objects:  29% (2484/8564)   [Kremote: Compressing objects:  30% (2570/8564)   [Kremote: Compressing objects:  31% (2655/8564)   [Kremote: Compressing objects:  32% (2741/8564)   [Kremote: Compressing objects:  33% (2827/8564)   [Kremote: Compressing objects:  34% (2912/8564)   [Kremote: Compressing objects:  35% (2998/8564)   [Kremote: Compressing objects:  36% (3084/8564)   [Kremote: Compressing objects:  37% (3169/8564)   [Kremote: Compressing objects:  38% (3255/8564)   [Kremote: Compressing objects:  39% (3340/8564)   [Kremote: Compressing objects:  40% (3426/8564)   [Kremote: Compressing objects:  41% (3512/8564)   [Kremote: Compressing objects:  42% (3597/8564)   [Kremote: Compressing objects:  43% (3683/8564)   [Kremote: Compressing objects:  44% (3769/8564)   [Kremote: Compressing objects:  45% (3854/8564)   [Kremote: Compressing objects:  46% (3940/8564)   [Kremote: Compressing objects:  47% (4026/8564)   [Kremote: Compressing objects:  48% (4111/8564)   [Kremote: Compressing objects:  49% (4197/8564)   [Kremote: Compressing objects:  50% (4282/8564)   [Kremote: Compressing objects:  51% (4368/8564)   [Kremote: Compressing objects:  52% (4454/8564)   [Kremote: Compressing objects:  53% (4539/8564)   [Kremote: Compressing objects:  54% (4625/8564)   [Kremote: Compressing objects:  55% (4711/8564)   [Kremote: Compressing objects:  56% (4796/8564)   [Kremote: Compressing objects:  57% (4882/8564)   [Kremote: Compressing objects:  58% (4968/8564)   [Kremote: Compressing objects:  59% (5053/8564)   [Kremote: Compressing objects:  60% (5139/8564)   [Kremote: Compressing objects:  61% (5225/8564)   [Kremote: Compressing objects:  62% (5310/8564)   [Kremote: Compressing objects:  63% (5396/8564)   [Kremote: Compressing objects:  64% (5481/8564)   [Kremote: Compressing objects:  65% (5567/8564)   [Kremote: Compressing objects:  66% (5653/8564)   [Kremote: Compressing objects:  67% (5738/8564)   [Kremote: Compressing objects:  68% (5824/8564)   [Kremote: Compressing objects:  69% (5910/8564)   [Kremote: Compressing objects:  70% (5995/8564)   [Kremote: Compressing objects:  71% (6081/8564)   [Kremote: Compressing objects:  72% (6167/8564)   [Kremote: Compressing objects:  73% (6252/8564)   [Kremote: Compressing objects:  74% (6338/8564)   [Kremote: Compressing objects:  75% (6423/8564)   [Kremote: Compressing objects:  76% (6509/8564)   [Kremote: Compressing objects:  77% (6595/8564)   [Kremote: Compressing objects:  78% (6680/8564)   [Kremote: Compressing objects:  79% (6766/8564)   [Kremote: Compressing objects:  80% (6852/8564)   [Kremote: Compressing objects:  81% (6937/8564)   [Kremote: Compressing objects:  82% (7023/8564)   [Kremote: Compressing objects:  83% (7109/8564)   [Kremote: Compressing objects:  84% (7194/8564)   [Kremote: Compressing objects:  85% (7280/8564)   [Kremote: Compressing objects:  86% (7366/8564)   [Kremote: Compressing objects:  87% (7451/8564)   [Kremote: Compressing objects:  88% (7537/8564)   [Kremote: Compressing objects:  89% (7622/8564)   [Kremote: Compressing objects:  90% (7708/8564)   [Kremote: Compressing objects:  91% (7794/8564)   [Kremote: Compressing objects:  92% (7879/8564)   [Kremote: Compressing objects:  93% (7965/8564)   [Kremote: Compressing objects:  94% (8051/8564)   [Kremote: Compressing objects:  95% (8136/8564)   [Kremote: Compressing objects:  96% (8222/8564)   [Kremote: Compressing objects:  97% (8308/8564)   [Kremote: Compressing objects:  98% (8393/8564)   [Kremote: Compressing objects:  99% (8479/8564)   [Kremote: Compressing objects: 100% (8564/8564)   [Kremote: Compressing objects: 100% (8564/8564), done.[K
Receiving objects:   0% (1/21404)   Receiving objects:   1% (215/21404)   Receiving objects:   2% (429/21404)   Receiving objects:   3% (643/21404)   Receiving objects:   4% (857/21404)   Receiving objects:   5% (1071/21404)   Receiving objects:   6% (1285/21404)   Receiving objects:   7% (1499/21404)   Receiving objects:   8% (1713/21404)   Receiving objects:   9% (1927/21404)   Receiving objects:  10% (2141/21404)   Receiving objects:  11% (2355/21404)   Receiving objects:  12% (2569/21404)   Receiving objects:  13% (2783/21404)   Receiving objects:  14% (2997/21404)   Receiving objects:  15% (3211/21404)   Receiving objects:  16% (3425/21404)   Receiving objects:  17% (3639/21404)   Receiving objects:  18% (3853/21404)   Receiving objects:  19% (4067/21404)   Receiving objects:  20% (4281/21404)   Receiving objects:  21% (4495/21404), 8.98 MiB | 17.93 MiB/s   Receiving objects:  22% (4709/21404), 8.98 MiB | 17.93 MiB/s   Receiving objects:  23% (4923/21404), 8.98 MiB | 17.93 MiB/s   Receiving objects:  24% (5137/21404), 8.98 MiB | 17.93 MiB/s   Receiving objects:  25% (5351/21404), 8.98 MiB | 17.93 MiB/s   Receiving objects:  26% (5566/21404), 8.98 MiB | 17.93 MiB/s   Receiving objects:  27% (5780/21404), 8.98 MiB | 17.93 MiB/s   Receiving objects:  28% (5994/21404), 8.98 MiB | 17.93 MiB/s   Receiving objects:  29% (6208/21404), 8.98 MiB | 17.93 MiB/s   Receiving objects:  30% (6422/21404), 8.98 MiB | 17.93 MiB/s   Receiving objects:  31% (6636/21404), 8.98 MiB | 17.93 MiB/s   Receiving objects:  32% (6850/21404), 8.98 MiB | 17.93 MiB/s   Receiving objects:  33% (7064/21404), 8.98 MiB | 17.93 MiB/s   Receiving objects:  34% (7278/21404), 8.98 MiB | 17.93 MiB/s   Receiving objects:  35% (7492/21404), 8.98 MiB | 17.93 MiB/s   Receiving objects:  36% (7706/21404), 8.98 MiB | 17.93 MiB/s   Receiving objects:  37% (7920/21404), 8.98 MiB | 17.93 MiB/s   Receiving objects:  38% (8134/21404), 8.98 MiB | 17.93 MiB/s   Receiving objects:  39% (8348/21404), 8.98 MiB | 17.93 MiB/s   Receiving objects:  40% (8562/21404), 8.98 MiB | 17.93 MiB/s   Receiving objects:  41% (8776/21404), 8.98 MiB | 17.93 MiB/s   Receiving objects:  42% (8990/21404), 8.98 MiB | 17.93 MiB/s   Receiving objects:  43% (9204/21404), 8.98 MiB | 17.93 MiB/s   Receiving objects:  44% (9418/21404), 8.98 MiB | 17.93 MiB/s   Receiving objects:  45% (9632/21404), 8.98 MiB | 17.93 MiB/s   Receiving objects:  46% (9846/21404), 8.98 MiB | 17.93 MiB/s   Receiving objects:  47% (10060/21404), 8.98 MiB | 17.93 MiB/s   Receiving objects:  48% (10274/21404), 8.98 MiB | 17.93 MiB/s   Receiving objects:  49% (10488/21404), 8.98 MiB | 17.93 MiB/s   Receiving objects:  50% (10702/21404), 8.98 MiB | 17.93 MiB/s   Receiving objects:  51% (10917/21404), 8.98 MiB | 17.93 MiB/s   Receiving objects:  52% (11131/21404), 8.98 MiB | 17.93 MiB/s   Receiving objects:  53% (11345/21404), 8.98 MiB | 17.93 MiB/s   Receiving objects:  54% (11559/21404), 8.98 MiB | 17.93 MiB/s   Receiving objects:  55% (11773/21404), 8.98 MiB | 17.93 MiB/s   Receiving objects:  56% (11987/21404), 8.98 MiB | 17.93 MiB/s   Receiving objects:  57% (12201/21404), 8.98 MiB | 17.93 MiB/s   Receiving objects:  58% (12415/21404), 8.98 MiB | 17.93 MiB/s   Receiving objects:  59% (12629/21404), 8.98 MiB | 17.93 MiB/s   Receiving objects:  60% (12843/21404), 8.98 MiB | 17.93 MiB/s   Receiving objects:  61% (13057/21404), 8.98 MiB | 17.93 MiB/s   Receiving objects:  62% (13271/21404), 8.98 MiB | 17.93 MiB/s   Receiving objects:  63% (13485/21404), 8.98 MiB | 17.93 MiB/s   Receiving objects:  64% (13699/21404), 8.98 MiB | 17.93 MiB/s   Receiving objects:  65% (13913/21404), 8.98 MiB | 17.93 MiB/s   Receiving objects:  66% (14127/21404), 8.98 MiB | 17.93 MiB/s   Receiving objects:  67% (14341/21404), 8.98 MiB | 17.93 MiB/s   Receiving objects:  68% (14555/21404), 8.98 MiB | 17.93 MiB/s   Receiving objects:  69% (14769/21404), 8.98 MiB | 17.93 MiB/s   Receiving objects:  70% (14983/21404), 8.98 MiB | 17.93 MiB/s   Receiving objects:  71% (15197/21404), 8.98 MiB | 17.93 MiB/s   Receiving objects:  72% (15411/21404), 8.98 MiB | 17.93 MiB/s   Receiving objects:  73% (15625/21404), 8.98 MiB | 17.93 MiB/s   Receiving objects:  74% (15839/21404), 8.98 MiB | 17.93 MiB/s   Receiving objects:  75% (16053/21404), 8.98 MiB | 17.93 MiB/s   Receiving objects:  76% (16268/21404), 8.98 MiB | 17.93 MiB/s   Receiving objects:  77% (16482/21404), 8.98 MiB | 17.93 MiB/s   Receiving objects:  78% (16696/21404), 8.98 MiB | 17.93 MiB/s   Receiving objects:  79% (16910/21404), 8.98 MiB | 17.93 MiB/s   Receiving objects:  80% (17124/21404), 8.98 MiB | 17.93 MiB/s   Receiving objects:  81% (17338/21404), 8.98 MiB | 17.93 MiB/s   Receiving objects:  82% (17552/21404), 8.98 MiB | 17.93 MiB/s   Receiving objects:  83% (17766/21404), 8.98 MiB | 17.93 MiB/s   Receiving objects:  84% (17980/21404), 8.98 MiB | 17.93 MiB/s   Receiving objects:  85% (18194/21404), 8.98 MiB | 17.93 MiB/s   Receiving objects:  86% (18408/21404), 8.98 MiB | 17.93 MiB/s   Receiving objects:  87% (18622/21404), 8.98 MiB | 17.93 MiB/s   Receiving objects:  88% (18836/21404), 8.98 MiB | 17.93 MiB/s   Receiving objects:  89% (19050/21404), 8.98 MiB | 17.93 MiB/s   Receiving objects:  90% (19264/21404), 8.98 MiB | 17.93 MiB/s   Receiving objects:  91% (19478/21404), 8.98 MiB | 17.93 MiB/s   Receiving objects:  92% (19692/21404), 8.98 MiB | 17.93 MiB/s   Receiving objects:  93% (19906/21404), 8.98 MiB | 17.93 MiB/s   Receiving objects:  94% (20120/21404), 8.98 MiB | 17.93 MiB/s   Receiving objects:  95% (20334/21404), 8.98 MiB | 17.93 MiB/s   Receiving objects:  96% (20548/21404), 8.98 MiB | 17.93 MiB/s   Receiving objects:  97% (20762/21404), 8.98 MiB | 17.93 MiB/s   Receiving objects:  98% (20976/21404), 8.98 MiB | 17.93 MiB/s   Receiving objects:  99% (21190/21404), 8.98 MiB | 17.93 MiB/s   remote: Total 21404 (delta 10431), reused 18392 (delta 7988), pack-reused 0[K
Receiving objects: 100% (21404/21404), 8.98 MiB | 17.93 MiB/s   Receiving objects: 100% (21404/21404), 15.37 MiB | 17.93 MiB/s, done.
Resolving deltas:   0% (0/10431)   Resolving deltas:   1% (111/10431)   Resolving deltas:   2% (299/10431)   Resolving deltas:   3% (316/10431)   Resolving deltas:   4% (418/10431)   Resolving deltas:   5% (523/10431)   Resolving deltas:   6% (631/10431)   Resolving deltas:   7% (733/10431)   Resolving deltas:   8% (838/10431)   Resolving deltas:   9% (975/10431)   Resolving deltas:  10% (1045/10431)   Resolving deltas:  11% (1163/10431)   Resolving deltas:  12% (1278/10431)   Resolving deltas:  13% (1358/10431)   Resolving deltas:  14% (1467/10431)   Resolving deltas:  15% (1568/10431)   Resolving deltas:  16% (1676/10431)   Resolving deltas:  17% (1782/10431)   Resolving deltas:  18% (1881/10431)   Resolving deltas:  19% (1984/10431)   Resolving deltas:  20% (2091/10431)   Resolving deltas:  21% (2193/10431)   Resolving deltas:  22% (2295/10431)   Resolving deltas:  23% (2401/10431)   Resolving deltas:  24% (2504/10431)   Resolving deltas:  25% (2618/10431)   Resolving deltas:  26% (2722/10431)   Resolving deltas:  27% (2823/10431)   Resolving deltas:  30% (3142/10431)   Resolving deltas:  31% (3238/10431)   Resolving deltas:  33% (3498/10431)   Resolving deltas:  34% (3562/10431)   Resolving deltas:  35% (3697/10431)   Resolving deltas:  36% (3764/10431)   Resolving deltas:  37% (3864/10431)   Resolving deltas:  38% (3972/10431)   Resolving deltas:  39% (4075/10431)   Resolving deltas:  40% (4181/10431)   Resolving deltas:  41% (4291/10431)   Resolving deltas:  42% (4401/10431)   Resolving deltas:  43% (4489/10431)   Resolving deltas:  44% (4614/10431)   Resolving deltas:  45% (4694/10431)   Resolving deltas:  46% (4803/10431)   Resolving deltas:  47% (4903/10431)   Resolving deltas:  48% (5009/10431)   Resolving deltas:  49% (5113/10431)   Resolving deltas:  50% (5222/10431)   Resolving deltas:  51% (5325/10431)   Resolving deltas:  52% (5431/10431)   Resolving deltas:  53% (5530/10431)   Resolving deltas:  54% (5635/10431)   Resolving deltas:  55% (5738/10431)   Resolving deltas:  56% (5848/10431)   Resolving deltas:  57% (5964/10431)   Resolving deltas:  58% (6054/10431)   Resolving deltas:  59% (6166/10431)   Resolving deltas:  60% (6263/10431)   Resolving deltas:  61% (6365/10431)   Resolving deltas:  62% (6478/10431)   Resolving deltas:  63% (6574/10431)   Resolving deltas:  64% (6676/10431)   Resolving deltas:  65% (6782/10431)   Resolving deltas:  66% (6899/10431)   Resolving deltas:  67% (6991/10431)   Resolving deltas:  69% (7296/10431)   Resolving deltas:  70% (7310/10431)   Resolving deltas:  71% (7481/10431)   Resolving deltas:  77% (8090/10431)   Resolving deltas:  78% (8171/10431)   Resolving deltas:  79% (8307/10431)   Resolving deltas:  80% (8354/10431)   Resolving deltas:  81% (8469/10431)   Resolving deltas:  82% (8555/10431)   Resolving deltas:  83% (8661/10431)   Resolving deltas:  84% (8779/10431)   Resolving deltas:  85% (8888/10431)   Resolving deltas:  86% (8972/10431)   Resolving deltas:  87% (9104/10431)   Resolving deltas:  88% (9180/10431)   Resolving deltas:  89% (9341/10431)   Resolving deltas:  91% (9562/10431)   Resolving deltas:  92% (9626/10431)   Resolving deltas:  93% (9717/10431)   Resolving deltas:  94% (9814/10431)   Resolving deltas:  95% (9915/10431)   Resolving deltas:  96% (10015/10431)   Resolving deltas:  97% (10147/10431)   Resolving deltas:  98% (10223/10431)   Resolving deltas:  99% (10340/10431)   Resolving deltas: 100% (10431/10431)   Resolving deltas: 100% (10431/10431), done.
Checking connectivity... done.

travis_time:end:1a1f66e0:start=1470004316421308194,finish=1470004320648780906,duration=4227472712[0K$ cd apache/storm
$ git checkout -qf fd9b9da5be6678e3293d7b4119f5d0e8bea41ee8
travis_fold:end:git.checkout[0K
[33;1mThis job is running on container-based infrastructure, which does not allow use of 'sudo', setuid and setguid executables.[0m
[33;1mIf you require sudo, add 'sudo: required' to your .travis.yml[0m
[33;1mSee https://docs.travis-ci.com/user/workers/container-based-infrastructure/ for details.[0m

[33;1mSetting environment variables from .travis.yml[0m
$ export MODULES=storm-core

$ jdk_switcher use oraclejdk7
Switching to Oracle JDK7 (java-7-oracle), JAVA_HOME will be set to /usr/lib/jvm/java-7-oracle
travis_fold:start:cache.1[0KSetting up build cache
$ export CASHER_DIR=$HOME/.casher
travis_time:start:14932508[0K$ Installing caching utilities

travis_time:end:14932508:start=1470004324603767516,finish=1470004324813708219,duration=209940703[0Ktravis_time:start:00f8adae[0K
travis_time:end:00f8adae:start=1470004324819935352,finish=1470004324824192972,duration=4257620[0Ktravis_time:start:00d42fa4[0K[32;1mattempting to download cache archive[0m
[32;1mfetching master/cache-linux-precise-4722ea394922d42b2b7eb84cff6efc764d76759821ac6f6efc13232aa923f595--jdk-oraclejdk7.tgz[0m
[32;1mfound cache[0m

travis_time:end:00d42fa4:start=1470004324829054330,finish=1470004331701494121,duration=6872439791[0Ktravis_time:start:147a3262[0K
travis_time:end:147a3262:start=1470004331706620507,finish=1470004331711105786,duration=4485279[0Ktravis_time:start:0405acb0[0K[32;1madding /home/travis/.m2/repository to cache[0m
[32;1madding /home/travis/.rvm to cache[0m
[32;1madding /home/travis/.nvm to cache[0m

travis_time:end:0405acb0:start=1470004331716223695,finish=1470004345141776238,duration=13425552543[0Ktravis_fold:end:cache.1[0K$ java -Xmx32m -version
java version "1.7.0_76"
Java(TM) SE Runtime Environment (build 1.7.0_76-b13)
Java HotSpot(TM) 64-Bit Server VM (build 24.76-b04, mixed mode)
$ javac -J-Xmx32m -version
javac 1.7.0_76
travis_fold:start:before_install.1[0Ktravis_time:start:0eecaaf3[0K$ rvm use 2.1.5 --install
[32mUsing /home/travis/.rvm/gems/ruby-2.1.5[0m

travis_time:end:0eecaaf3:start=1470004347940771760,finish=1470004348236434554,duration=295662794[0Ktravis_fold:end:before_install.1[0Ktravis_fold:start:before_install.2[0Ktravis_time:start:01ee66fa[0K$ nvm install 0.12.2
v0.12.2 is already installed.
Now using node v0.12.2

travis_time:end:01ee66fa:start=1470004348241271978,finish=1470004348479455916,duration=238183938[0Ktravis_fold:end:before_install.2[0Ktravis_fold:start:before_install.3[0Ktravis_time:start:11abcd3c[0K$ nvm use 0.12.2
Now using node v0.12.2

travis_time:end:11abcd3c:start=1470004348483443067,finish=1470004348537162481,duration=53719414[0Ktravis_fold:end:before_install.3[0Ktravis_fold:start:install[0Ktravis_time:start:1bd6b7eb[0K$ /bin/bash ./dev-tools/travis/travis-install.sh `pwd`
Python version :   Python 2.7.3
Maven version  :   Apache Maven 3.2.5 (12a6b3acb947671f09b81f49094c53f426d8cea1; 2014-12-14T17:29:23+00:00) Maven home: /usr/local/maven Java version: 1.7.0_76, vendor: Oracle Corporation Java home: /usr/lib/jvm/java-7-oracle/jre Default locale: en_US, platform encoding: UTF-8 OS name: "linux", version: "3.13.0-40-generic", arch: "amd64", family: "unix"
['mvn', 'clean', 'install', '-DskipTests', '-Pnative', '--batch-mode'] writing to install.txt
1 seconds 1 log lines11 seconds 241 log lines31 seconds 323 log lines42 seconds 332 log lines52 seconds 527 log lines67 seconds 653 log lines80 seconds 869 log lines90 seconds 954 log lines100 seconds 1054 log lines111 seconds 1314 log lines122 seconds 1617 log lines135 seconds 1659 log lines145 seconds 2151 log lines155 seconds 2215 log lines165 seconds 2576 log lines171 seconds 2648 log lines
['mvn', 'clean', 'install', '-DskipTests', '-Pnative', '--batch-mode'] done 0

travis_time:end:1bd6b7eb:start=1470004348541183965,finish=1470004520487084778,duration=171945900813[0Ktravis_fold:end:install[0Ktravis_time:start:13168d88[0K$ /bin/bash ./dev-tools/travis/travis-script.sh `pwd` $MODULES
Python version :   Python 2.7.3
Ruby version   :   ruby 2.1.5p273 (2014-11-13 revision 48405) [x86_64-linux]
NodeJs version :   v0.12.2
Maven version  :   Apache Maven 3.2.5 (12a6b3acb947671f09b81f49094c53f426d8cea1; 2014-12-14T17:29:23+00:00) Maven home: /usr/local/maven Java version: 1.7.0_76, vendor: Oracle Corporation Java home: /usr/lib/jvm/java-7-oracle/jre Default locale: en_US, platform encoding: UTF-8 OS name: "linux", version: "3.13.0-40-generic", arch: "amd64", family: "unix"
[INFO] Scanning for projects...
[INFO]                                                                         
[INFO] ------------------------------------------------------------------------
[INFO] Building Storm Core 2.0.0-SNAPSHOT
[INFO] ------------------------------------------------------------------------
[INFO] 
[INFO] --- exec-maven-plugin:1.2.1:exec (default) @ storm-core ---
[INFO] 
[INFO] --- maven-remote-resources-plugin:1.2.1:process (default) @ storm-core ---
[INFO] 
[INFO] --- storm-maven-plugins:2.0.0-SNAPSHOT:version-info (version-info) @ storm-core ---
[WARNING] [svn, info] failed with error code 1
[INFO] SCM: GIT
[INFO] Computed MD5: cdd9571e59574656d3688b4fe521714
[INFO] 
[INFO] --- maven-resources-plugin:2.5:resources (default-resources) @ storm-core ---
[debug] execute contextualize
[INFO] Using 'UTF-8' encoding to copy filtered resources.
[INFO] Copying 9 resources
[INFO] Copying 1 resource to META-INF
[INFO] Copying 0 resource
[INFO] Copying 1 resource
[INFO] Copying 3 resources
[INFO] 
[INFO] --- maven-compiler-plugin:3.1:compile (default-compile) @ storm-core ---
[INFO] Nothing to compile - all classes are up to date
[INFO] 
[INFO] --- clojure-maven-plugin:1.7.1:compile (compile-clojure) @ storm-core ---
Compiling org.apache.storm.testing4j to /home/travis/build/apache/storm/storm-core/target/classes
22:35:35.987 [main] WARN  o.a.s.m.StormMetricsRegistry - Metric ui:num-topology-op-response-http-requests has already been registered
22:35:35.988 [main] WARN  o.a.s.m.StormMetricsRegistry - Metric ui:num-topology-op-response-http-requests has already been registered
Compiling org.apache.storm.ui.helpers to /home/travis/build/apache/storm/storm-core/target/classes
Compiling org.apache.storm.scheduler.IsolationScheduler to /home/travis/build/apache/storm/storm-core/target/classes
Compiling org.apache.storm.log to /home/travis/build/apache/storm/storm-core/target/classes
Compiling org.apache.storm.daemon.worker to /home/travis/build/apache/storm/storm-core/target/classes
Compiling org.apache.storm.testing to /home/travis/build/apache/storm/storm-core/target/classes
Compiling org.apache.storm.converter to /home/travis/build/apache/storm/storm-core/target/classes
Compiling org.apache.storm.daemon.executor to /home/travis/build/apache/storm/storm-core/target/classes
Compiling org.apache.storm.util to /home/travis/build/apache/storm/storm-core/target/classes
Compiling org.apache.storm.command.shell-submission to /home/travis/build/apache/storm/storm-core/target/classes
Compiling org.apache.storm.internal.clojure to /home/travis/build/apache/storm/storm-core/target/classes
Compiling org.apache.storm.daemon.common to /home/travis/build/apache/storm/storm-core/target/classes
Compiling org.apache.storm.daemon.local-supervisor to /home/travis/build/apache/storm/storm-core/target/classes
Compiling org.apache.storm.internal.thrift to /home/travis/build/apache/storm/storm-core/target/classes
Compiling org.apache.storm.daemon.logviewer to /home/travis/build/apache/storm/storm-core/target/classes
Compiling org.apache.storm.daemon.nimbus to /home/travis/build/apache/storm/storm-core/target/classes
Compiling org.apache.storm.LocalCluster to /home/travis/build/apache/storm/storm-core/target/classes
Compiling org.apache.storm.command.get-errors to /home/travis/build/apache/storm/storm-core/target/classes
Compiling org.apache.storm.local-state-converter to /home/travis/build/apache/storm/storm-core/target/classes
Compiling org.apache.storm.trident.testing to /home/travis/build/apache/storm/storm-core/target/classes
Compiling org.apache.storm.ui.core to /home/travis/build/apache/storm/storm-core/target/classes
Compiling org.apache.storm.daemon.drpc to /home/travis/build/apache/storm/storm-core/target/classes
Compiling org.apache.storm.config to /home/travis/build/apache/storm/storm-core/target/classes
[INFO] 
[INFO] --- make-maven-plugin:1.0-beta-1:autoreconf (compile) @ storm-core ---
[INFO] 
[INFO] --- make-maven-plugin:1.0-beta-1:configure (compile) @ storm-core ---
[INFO] /bin/sh: 14: /home/travis/.jdk_switcher_rc: [[: not found
[INFO] /bin/sh: 22: /home/travis/.jdk_switcher_rc: [[: not found
[INFO] /bin/sh: 32: /home/travis/.jdk_switcher_rc: [[: not found
[INFO] /bin/sh: 42: /home/travis/.jdk_switcher_rc: [[: not found
[INFO] /bin/sh: 3: /etc/profile.d/rvm.sh: [[: not found
[INFO] checking for gcc... gcc
[INFO] checking whether the C compiler works... yes
[INFO] checking for C compiler default output file name... a.out
[INFO] checking for suffix of executables... 
[INFO] checking whether we are cross compiling... no
[INFO] checking for suffix of object files... o
[INFO] checking whether we are using the GNU C compiler... yes
[INFO] checking whether gcc accepts -g... yes
[INFO] checking for gcc option to accept ISO C89... none needed
[INFO] checking how to run the C preprocessor... gcc -E
[INFO] checking for grep that handles long lines and -e... /bin/grep
[INFO] checking for egrep... /bin/grep -E
[INFO] checking for ANSI C header files... yes
[INFO] checking for sys/types.h... yes
[INFO] checking for sys/stat.h... yes
[INFO] checking for stdlib.h... yes
[INFO] checking for string.h... yes
[INFO] checking for memory.h... yes
[INFO] checking for strings.h... yes
[INFO] checking for inttypes.h... yes
[INFO] checking for stdint.h... yes
[INFO] checking for unistd.h... yes
[INFO] checking minix/config.h usability... no
[INFO] checking minix/config.h presence... no
[INFO] checking for minix/config.h... no
[INFO] checking whether it is safe to define __EXTENSIONS__... yes
[INFO] checking for a BSD-compatible install... /usr/bin/install -c
[INFO] checking whether build environment is sane... yes
[INFO] checking for a thread-safe mkdir -p... /bin/mkdir -p
[INFO] checking for gawk... gawk
[INFO] checking whether make sets $(MAKE)... yes
[INFO] checking for style of include used by make... GNU
[INFO] checking dependency style of gcc... gcc3
[INFO] checking for gcc... (cached) gcc
[INFO] checking whether we are using the GNU C compiler... (cached) yes
[INFO] checking whether gcc accepts -g... (cached) yes
[INFO] checking for gcc option to accept ISO C89... (cached) none needed
[INFO] checking whether gcc and cc understand -c and -o together... yes
[INFO] checking for unistd.h... (cached) yes
[INFO] checking for stdbool.h that conforms to C99... yes
[INFO] checking for _Bool... yes
[INFO] checking for an ANSI C-conforming const... yes
[INFO] checking for off_t... yes
[INFO] checking for size_t... yes
[INFO] checking whether strerror_r is declared... yes
[INFO] checking for strerror_r... yes
[INFO] checking whether strerror_r returns char *... yes
[INFO] checking for mkdir... yes
[INFO] checking for uname... yes
[INFO] configure: creating ./config.status
[INFO] config.status: creating Makefile
[INFO] config.status: executing depfiles commands
[INFO] 
[INFO] --- make-maven-plugin:1.0-beta-1:make-install (compile) @ storm-core ---
[INFO] /bin/sh: 14: /home/travis/.jdk_switcher_rc: [[: not found
[INFO] /bin/sh: 22: /home/travis/.jdk_switcher_rc: [[: not found
[INFO] /bin/sh: 32: /home/travis/.jdk_switcher_rc: [[: not found
[INFO] /bin/sh: 42: /home/travis/.jdk_switcher_rc: [[: not found
[INFO] /bin/sh: 3: /etc/profile.d/rvm.sh: [[: not found
[INFO] make[1]: Entering directory `/home/travis/build/apache/storm/storm-core/target/native/worker-launcher'
[INFO] test -z "/usr/local/bin" || /bin/mkdir -p "/home/travis/build/apache/storm/storm-core/target/native/target/usr/local/bin"
[INFO]   /usr/bin/install -c worker-launcher '/home/travis/build/apache/storm/storm-core/target/native/target/usr/local/bin'
[INFO] make[1]: Nothing to be done for `install-data-am'.
[INFO] make[1]: Leaving directory `/home/travis/build/apache/storm/storm-core/target/native/worker-launcher'
[INFO] 
[INFO] --- maven-resources-plugin:2.5:testResources (default-testResources) @ storm-core ---
[debug] execute contextualize
[INFO] Using 'UTF-8' encoding to copy filtered resources.
[INFO] Copying 14 resources
[INFO] Copying 2 resources
[INFO] Copying 3 resources
[INFO] 
[INFO] --- maven-dependency-plugin:2.8:unpack (unpack) @ storm-core ---
[INFO] Configured Artifact: org.apache.storm:multilang-ruby:2.0.0-SNAPSHOT:jar
[INFO] Downloading: https://repository.apache.org/snapshots/org/apache/storm/multilang-ruby/2.0.0-SNAPSHOT/maven-metadata.xml
[INFO] Configured Artifact: org.apache.storm:multilang-python:2.0.0-SNAPSHOT:jar
[INFO] Downloading: https://repository.apache.org/snapshots/org/apache/storm/multilang-python/2.0.0-SNAPSHOT/maven-metadata.xml
[INFO] Configured Artifact: org.apache.storm:multilang-javascript:2.0.0-SNAPSHOT:jar
[INFO] Downloading: https://repository.apache.org/snapshots/org/apache/storm/multilang-javascript/2.0.0-SNAPSHOT/maven-metadata.xml
[INFO] multilang-ruby-2.0.0-SNAPSHOT.jar already unpacked.
[INFO] multilang-python-2.0.0-SNAPSHOT.jar already unpacked.
[INFO] multilang-javascript-2.0.0-SNAPSHOT.jar already unpacked.
[INFO] 
[INFO] --- maven-compiler-plugin:3.1:testCompile (default-testCompile) @ storm-core ---
[INFO] Changes detected - recompiling the module!
[INFO] Compiling 63 source files to /home/travis/build/apache/storm/storm-core/target/test-classes
[WARNING] /home/travis/build/apache/storm/storm-core/test/jvm/org/apache/storm/localizer/LocalizerTest.java: Some input files use or override a deprecated API.
[WARNING] /home/travis/build/apache/storm/storm-core/test/jvm/org/apache/storm/localizer/LocalizerTest.java: Recompile with -Xlint:deprecation for details.
[WARNING] /home/travis/build/apache/storm/storm-core/test/jvm/org/apache/storm/command/TestCLI.java: Some input files use unchecked or unsafe operations.
[WARNING] /home/travis/build/apache/storm/storm-core/test/jvm/org/apache/storm/command/TestCLI.java: Recompile with -Xlint:unchecked for details.
[INFO] 
[INFO] --- maven-surefire-plugin:2.18.1:test (default-test) @ storm-core ---
[INFO] Surefire report directory: /home/travis/build/apache/storm/storm-core/target/surefire-reports
[INFO] parallel='none', perCoreThreadCount=true, threadCount=0, useUnlimitedThreads=false, threadCountSuites=0, threadCountClasses=0, threadCountMethods=0, parallelOptimized=true

-------------------------------------------------------
 T E S T S
-------------------------------------------------------
Running org.apache.storm.security.serialization.BlowfishTupleSerializerTest
Tests run: 3, Failures: 0, Errors: 0, Skipped: 0, Time elapsed: 0.235 sec - in org.apache.storm.security.serialization.BlowfishTupleSerializerTest
Running org.apache.storm.security.auth.ReqContextTest
Tests run: 4, Failures: 0, Errors: 0, Skipped: 0, Time elapsed: 0.003 sec - in org.apache.storm.security.auth.ReqContextTest
Running org.apache.storm.security.auth.SaslTransportPluginTest
Tests run: 2, Failures: 0, Errors: 0, Skipped: 0, Time elapsed: 0 sec - in org.apache.storm.security.auth.SaslTransportPluginTest
Running org.apache.storm.security.auth.ThriftClientTest
Tests run: 4, Failures: 0, Errors: 0, Skipped: 0, Time elapsed: 0.281 sec - in org.apache.storm.security.auth.ThriftClientTest
Running org.apache.storm.security.auth.AuthUtilsTest
Tests run: 15, Failures: 0, Errors: 0, Skipped: 0, Time elapsed: 0.159 sec - in org.apache.storm.security.auth.AuthUtilsTest
Running org.apache.storm.security.auth.ThriftServerTest
Tests run: 2, Failures: 0, Errors: 0, Skipped: 0, Time elapsed: 0.03 sec - in org.apache.storm.security.auth.ThriftServerTest
Running org.apache.storm.cluster.StormClusterStateImplTest
Tests run: 5, Failures: 0, Errors: 0, Skipped: 0, Time elapsed: 0.037 sec - in org.apache.storm.cluster.StormClusterStateImplTest
Running org.apache.storm.serialization.GzipBridgeThriftSerializationDelegateTest
Tests run: 3, Failures: 0, Errors: 0, Skipped: 0, Time elapsed: 0.011 sec - in org.apache.storm.serialization.GzipBridgeThriftSerializationDelegateTest
Running org.apache.storm.serialization.GzipBridgeSerializationDelegateTest
Tests run: 3, Failures: 0, Errors: 0, Skipped: 0, Time elapsed: 0.028 sec - in org.apache.storm.serialization.GzipBridgeSerializationDelegateTest
Running org.apache.storm.serialization.SerializationTest
Tests run: 3, Failures: 0, Errors: 0, Skipped: 0, Time elapsed: 1.475 sec - in org.apache.storm.serialization.SerializationTest
Running org.apache.storm.serialization.ThriftBridgeSerializationDelegateTest
Tests run: 1, Failures: 0, Errors: 0, Skipped: 0, Time elapsed: 0.002 sec - in org.apache.storm.serialization.ThriftBridgeSerializationDelegateTest
Running org.apache.storm.grouping.PartialKeyGroupingTest
Tests run: 2, Failures: 0, Errors: 0, Skipped: 0, Time elapsed: 0.028 sec - in org.apache.storm.grouping.PartialKeyGroupingTest
Running org.apache.storm.command.TestCLI
Tests run: 1, Failures: 0, Errors: 0, Skipped: 0, Time elapsed: 0.004 sec - in org.apache.storm.command.TestCLI
Running org.apache.storm.command.RebalanceTest
Tests run: 2, Failures: 0, Errors: 0, Skipped: 0, Time elapsed: 0 sec - in org.apache.storm.command.RebalanceTest
Running org.apache.storm.command.SetLogLevelTest
Tests run: 3, Failures: 0, Errors: 0, Skipped: 0, Time elapsed: 0.002 sec - in org.apache.storm.command.SetLogLevelTest
Running org.apache.storm.utils.UtilsTest
Tests run: 8, Failures: 0, Errors: 0, Skipped: 0, Time elapsed: 0.139 sec - in org.apache.storm.utils.UtilsTest
Running org.apache.storm.utils.DisruptorQueueTest
Tests run: 3, Failures: 0, Errors: 0, Skipped: 0, Time elapsed: 3.805 sec - in org.apache.storm.utils.DisruptorQueueTest
Running org.apache.storm.utils.DisruptorQueueBackpressureTest
Tests run: 1, Failures: 0, Errors: 0, Skipped: 0, Time elapsed: 0 sec - in org.apache.storm.utils.DisruptorQueueBackpressureTest
Running org.apache.storm.utils.StormBoundedExponentialBackoffRetryTest
Tests run: 5, Failures: 0, Errors: 0, Skipped: 0, Time elapsed: 0.101 sec - in org.apache.storm.utils.StormBoundedExponentialBackoffRetryTest
Running org.apache.storm.utils.TimeTest
Tests run: 8, Failures: 0, Errors: 0, Skipped: 0, Time elapsed: 0.003 sec - in org.apache.storm.utils.TimeTest
Running org.apache.storm.utils.ThriftTopologyUtilsTest
Tests run: 5, Failures: 0, Errors: 0, Skipped: 0, Time elapsed: 0.023 sec - in org.apache.storm.utils.ThriftTopologyUtilsTest
Running org.apache.storm.utils.WorkerBackpressureThreadTest
Tests run: 1, Failures: 0, Errors: 0, Skipped: 0, Time elapsed: 0.203 sec - in org.apache.storm.utils.WorkerBackpressureThreadTest
Running org.apache.storm.utils.ShellBoltMessageQueueTest
Tests run: 3, Failures: 0, Errors: 0, Skipped: 0, Time elapsed: 2.005 sec - in org.apache.storm.utils.ShellBoltMessageQueueTest
Running org.apache.storm.metric.internal.CountStatAndMetricTest
Tests run: 1, Failures: 0, Errors: 0, Skipped: 0, Time elapsed: 0 sec - in org.apache.storm.metric.internal.CountStatAndMetricTest
Running org.apache.storm.metric.internal.RateTrackerTest
Tests run: 4, Failures: 0, Errors: 0, Skipped: 0, Time elapsed: 0.003 sec - in org.apache.storm.metric.internal.RateTrackerTest
Running org.apache.storm.metric.internal.LatencyStatAndMetricTest
Tests run: 1, Failures: 0, Errors: 0, Skipped: 0, Time elapsed: 0.018 sec - in org.apache.storm.metric.internal.LatencyStatAndMetricTest
Running org.apache.storm.metric.util.DataPointExpanderTest
Tests run: 5, Failures: 0, Errors: 0, Skipped: 0, Time elapsed: 0.008 sec - in org.apache.storm.metric.util.DataPointExpanderTest
Running org.apache.storm.metric.filter.FilterByMetricNameTest
Tests run: 4, Failures: 0, Errors: 0, Skipped: 0, Time elapsed: 0.019 sec - in org.apache.storm.metric.filter.FilterByMetricNameTest
Running org.apache.storm.scheduler.resource.strategies.scheduling.TestDefaultResourceAwareStrategy
Tests run: 2, Failures: 0, Errors: 0, Skipped: 0, Time elapsed: 2.18 sec - in org.apache.storm.scheduler.resource.strategies.scheduling.TestDefaultResourceAwareStrategy
Running org.apache.storm.scheduler.resource.TestResourceAwareScheduler
Tests run: 14, Failures: 0, Errors: 0, Skipped: 0, Time elapsed: 12.913 sec - in org.apache.storm.scheduler.resource.TestResourceAwareScheduler
Running org.apache.storm.scheduler.resource.TestUser
Tests run: 3, Failures: 0, Errors: 0, Skipped: 0, Time elapsed: 7.216 sec - in org.apache.storm.scheduler.resource.TestUser
Running org.apache.storm.localizer.LocalizerTest
Tests run: 13, Failures: 0, Errors: 0, Skipped: 0, Time elapsed: 1.472 sec - in org.apache.storm.localizer.LocalizerTest
Running org.apache.storm.localizer.LocalizedResourceRetentionSetTest
Tests run: 2, Failures: 0, Errors: 0, Skipped: 0, Time elapsed: 0.093 sec - in org.apache.storm.localizer.LocalizedResourceRetentionSetTest
Running org.apache.storm.localizer.LocalizedResourceSetTest
Tests run: 4, Failures: 0, Errors: 0, Skipped: 0, Time elapsed: 0.022 sec - in org.apache.storm.localizer.LocalizedResourceSetTest
Running org.apache.storm.spout.CheckpointSpoutTest
Tests run: 7, Failures: 0, Errors: 0, Skipped: 0, Time elapsed: 0.532 sec - in org.apache.storm.spout.CheckpointSpoutTest
Running org.apache.storm.blobstore.ClientBlobStoreTest
Tests run: 4, Failures: 0, Errors: 0, Skipped: 0, Time elapsed: 0.193 sec - in org.apache.storm.blobstore.ClientBlobStoreTest
Running org.apache.storm.blobstore.BlobStoreTest
Tests run: 4, Failures: 0, Errors: 0, Skipped: 0, Time elapsed: 1.616 sec - in org.apache.storm.blobstore.BlobStoreTest
Running org.apache.storm.blobstore.BlobSynchronizerTest
Tests run: 4, Failures: 0, Errors: 0, Skipped: 0, Time elapsed: 4.761 sec - in org.apache.storm.blobstore.BlobSynchronizerTest
Running org.apache.storm.topology.StatefulWindowedBoltExecutorTest
Tests run: 4, Failures: 0, Errors: 0, Skipped: 0, Time elapsed: 0.533 sec - in org.apache.storm.topology.StatefulWindowedBoltExecutorTest
Running org.apache.storm.topology.TopologyBuilderTest
Tests run: 5, Failures: 0, Errors: 0, Skipped: 0, Time elapsed: 0.822 sec - in org.apache.storm.topology.TopologyBuilderTest
Running org.apache.storm.topology.StatefulBoltExecutorTest
Tests run: 7, Failures: 0, Errors: 0, Skipped: 0, Time elapsed: 0.932 sec - in org.apache.storm.topology.StatefulBoltExecutorTest
Running org.apache.storm.topology.WindowedBoltExecutorTest
Tests run: 5, Failures: 0, Errors: 0, Skipped: 0, Time elapsed: 0.333 sec - in org.apache.storm.topology.WindowedBoltExecutorTest
Running org.apache.storm.state.InMemoryKeyValueStateTest
Tests run: 2, Failures: 0, Errors: 0, Skipped: 0, Time elapsed: 0.001 sec - in org.apache.storm.state.InMemoryKeyValueStateTest
Running org.apache.storm.windowing.WaterMarkEventGeneratorTest
Tests run: 5, Failures: 0, Errors: 0, Skipped: 0, Time elapsed: 0.001 sec - in org.apache.storm.windowing.WaterMarkEventGeneratorTest
Running org.apache.storm.windowing.WindowManagerTest
Tests run: 12, Failures: 0, Errors: 0, Skipped: 0, Time elapsed: 0.004 sec - in org.apache.storm.windowing.WindowManagerTest
Running org.apache.storm.trident.TestTridentTopology
Tests run: 1, Failures: 0, Errors: 0, Skipped: 0, Time elapsed: 28.712 sec - in org.apache.storm.trident.TestTridentTopology
Running org.apache.storm.trident.TridentWindowingTest
Tests run: 3, Failures: 0, Errors: 0, Skipped: 0, Time elapsed: 0.054 sec - in org.apache.storm.trident.TridentWindowingTest
Running org.apache.storm.nimbus.LocalNimbusTest
Tests run: 1, Failures: 0, Errors: 0, Skipped: 0, Time elapsed: 47.305 sec - in org.apache.storm.nimbus.LocalNimbusTest
Running org.apache.storm.tuple.FieldsTest
Tests run: 12, Failures: 0, Errors: 1, Skipped: 0, Time elapsed: 0.178 sec <<< FAILURE! - in org.apache.storm.tuple.FieldsTest
selectingUnknownFieldThrowsTest(org.apache.storm.tuple.FieldsTest)  Time elapsed: 0.152 sec  <<< ERROR!
java.lang.Exception: Unexpected exception, expected<java.lang.NullPointerException> but was<java.lang.IllegalArgumentException>
	at org.apache.storm.tuple.Fields.fieldIndex(Fields.java:104)
	at org.apache.storm.tuple.Fields.select(Fields.java:63)
	at org.apache.storm.tuple.FieldsTest.selectingUnknownFieldThrowsTest(FieldsTest.java:124)

Running org.apache.storm.TestConfigValidate
Tests run: 25, Failures: 0, Errors: 0, Skipped: 0, Time elapsed: 2.369 sec - in org.apache.storm.TestConfigValidate
Running org.apache.storm.PacemakerTest
Tests run: 9, Failures: 0, Errors: 0, Skipped: 0, Time elapsed: 5.387 sec - in org.apache.storm.PacemakerTest
Running org.apache.storm.TestCgroups
Tests run: 1, Failures: 0, Errors: 0, Skipped: 1, Time elapsed: 0.001 sec - in org.apache.storm.TestCgroups
Running org.apache.storm.PaceMakerStateStorageFactoryTest
Tests run: 10, Failures: 0, Errors: 0, Skipped: 0, Time elapsed: 2.197 sec - in org.apache.storm.PaceMakerStateStorageFactoryTest

Results :

Tests in error: 
  FieldsTest.selectingUnknownFieldThrowsTest Â»  Unexpected exception, expected<j...

Tests run: 261, Failures: 0, Errors: 1, Skipped: 1

[INFO] ------------------------------------------------------------------------
[INFO] BUILD FAILURE
[INFO] ------------------------------------------------------------------------
[INFO] Total time: 02:38 min
[INFO] Finished at: 2016-07-31T22:38:00+00:00
[INFO] Final Memory: 44M/424M
[INFO] ------------------------------------------------------------------------
[ERROR] Failed to execute goal org.apache.maven.plugins:maven-surefire-plugin:2.18.1:test (default-test) on project storm-core: There are test failures.
[ERROR] 
[ERROR] Please refer to /home/travis/build/apache/storm/storm-core/target/surefire-reports for the individual test results.
[ERROR] -> [Help 1]
[ERROR] 
[ERROR] To see the full stack trace of the errors, re-run Maven with the -e switch.
[ERROR] Re-run Maven using the -X switch to enable full debug logging.
[ERROR] 
[ERROR] For more information about the errors and possible solutions, please read the following articles:
[ERROR] [Help 1] http://cwiki.apache.org/confluence/display/MAVEN/MojoFailureException
Looking for errors in ./storm-core/target/surefire-reports
Checking ./storm-core/target/surefire-reports/TEST-org.apache.storm.security.serialization.BlowfishTupleSerializerTest.xml
Checking ./storm-core/target/surefire-reports/TEST-org.apache.storm.security.auth.ReqContextTest.xml
Checking ./storm-core/target/surefire-reports/TEST-org.apache.storm.security.auth.SaslTransportPluginTest.xml
Checking ./storm-core/target/surefire-reports/TEST-org.apache.storm.security.auth.ThriftClientTest.xml
Checking ./storm-core/target/surefire-reports/TEST-org.apache.storm.security.auth.AuthUtilsTest.xml
Checking ./storm-core/target/surefire-reports/TEST-org.apache.storm.security.auth.ThriftServerTest.xml
Checking ./storm-core/target/surefire-reports/TEST-org.apache.storm.cluster.StormClusterStateImplTest.xml
Checking ./storm-core/target/surefire-reports/TEST-org.apache.storm.serialization.GzipBridgeThriftSerializationDelegateTest.xml
Checking ./storm-core/target/surefire-reports/TEST-org.apache.storm.serialization.GzipBridgeSerializationDelegateTest.xml
Checking ./storm-core/target/surefire-reports/TEST-org.apache.storm.serialization.SerializationTest.xml
Checking ./storm-core/target/surefire-reports/TEST-org.apache.storm.serialization.ThriftBridgeSerializationDelegateTest.xml
Checking ./storm-core/target/surefire-reports/TEST-org.apache.storm.grouping.PartialKeyGroupingTest.xml
Checking ./storm-core/target/surefire-reports/TEST-org.apache.storm.command.TestCLI.xml
Checking ./storm-core/target/surefire-reports/TEST-org.apache.storm.command.RebalanceTest.xml
Checking ./storm-core/target/surefire-reports/TEST-org.apache.storm.command.SetLogLevelTest.xml
Checking ./storm-core/target/surefire-reports/TEST-org.apache.storm.utils.UtilsTest.xml
Checking ./storm-core/target/surefire-reports/TEST-org.apache.storm.utils.DisruptorQueueTest.xml
Checking ./storm-core/target/surefire-reports/TEST-org.apache.storm.utils.DisruptorQueueBackpressureTest.xml
Checking ./storm-core/target/surefire-reports/TEST-org.apache.storm.utils.StormBoundedExponentialBackoffRetryTest.xml
Checking ./storm-core/target/surefire-reports/TEST-org.apache.storm.utils.TimeTest.xml
Checking ./storm-core/target/surefire-reports/TEST-org.apache.storm.utils.ThriftTopologyUtilsTest.xml
Checking ./storm-core/target/surefire-reports/TEST-org.apache.storm.utils.WorkerBackpressureThreadTest.xml
Checking ./storm-core/target/surefire-reports/TEST-org.apache.storm.utils.ShellBoltMessageQueueTest.xml
Checking ./storm-core/target/surefire-reports/TEST-org.apache.storm.metric.internal.CountStatAndMetricTest.xml
Checking ./storm-core/target/surefire-reports/TEST-org.apache.storm.metric.internal.RateTrackerTest.xml
Checking ./storm-core/target/surefire-reports/TEST-org.apache.storm.metric.internal.LatencyStatAndMetricTest.xml
Checking ./storm-core/target/surefire-reports/TEST-org.apache.storm.metric.util.DataPointExpanderTest.xml
Checking ./storm-core/target/surefire-reports/TEST-org.apache.storm.metric.filter.FilterByMetricNameTest.xml
Checking ./storm-core/target/surefire-reports/TEST-org.apache.storm.scheduler.resource.strategies.scheduling.TestDefaultResourceAwareStrategy.xml
Checking ./storm-core/target/surefire-reports/TEST-org.apache.storm.scheduler.resource.TestResourceAwareScheduler.xml
Checking ./storm-core/target/surefire-reports/TEST-org.apache.storm.scheduler.resource.TestUser.xml
Checking ./storm-core/target/surefire-reports/TEST-org.apache.storm.localizer.LocalizerTest.xml
Checking ./storm-core/target/surefire-reports/TEST-org.apache.storm.localizer.LocalizedResourceRetentionSetTest.xml
Checking ./storm-core/target/surefire-reports/TEST-org.apache.storm.localizer.LocalizedResourceSetTest.xml
Checking ./storm-core/target/surefire-reports/TEST-org.apache.storm.spout.CheckpointSpoutTest.xml
Checking ./storm-core/target/surefire-reports/TEST-org.apache.storm.blobstore.ClientBlobStoreTest.xml
Checking ./storm-core/target/surefire-reports/TEST-org.apache.storm.blobstore.BlobStoreTest.xml
Checking ./storm-core/target/surefire-reports/TEST-org.apache.storm.blobstore.BlobSynchronizerTest.xml
Checking ./storm-core/target/surefire-reports/TEST-org.apache.storm.topology.StatefulWindowedBoltExecutorTest.xml
Checking ./storm-core/target/surefire-reports/TEST-org.apache.storm.topology.TopologyBuilderTest.xml
Checking ./storm-core/target/surefire-reports/TEST-org.apache.storm.topology.StatefulBoltExecutorTest.xml
Checking ./storm-core/target/surefire-reports/TEST-org.apache.storm.topology.WindowedBoltExecutorTest.xml
Checking ./storm-core/target/surefire-reports/TEST-org.apache.storm.state.InMemoryKeyValueStateTest.xml
Checking ./storm-core/target/surefire-reports/TEST-org.apache.storm.windowing.WaterMarkEventGeneratorTest.xml
Checking ./storm-core/target/surefire-reports/TEST-org.apache.storm.windowing.WindowManagerTest.xml
Checking ./storm-core/target/surefire-reports/TEST-org.apache.storm.trident.TestTridentTopology.xml
Checking ./storm-core/target/surefire-reports/TEST-org.apache.storm.trident.TridentWindowingTest.xml
Checking ./storm-core/target/surefire-reports/TEST-org.apache.storm.nimbus.LocalNimbusTest.xml
Checking ./storm-core/target/surefire-reports/TEST-org.apache.storm.tuple.FieldsTest.xml
--------------------------------------------------
classname: org.apache.storm.tuple.FieldsTest / testname: selectingUnknownFieldThrowsTest
java.lang.Exception: Unexpected exception, expected<java.lang.NullPointerException> but was<java.lang.IllegalArgumentException>
	at org.apache.storm.tuple.Fields.fieldIndex(Fields.java:104)
	at org.apache.storm.tuple.Fields.select(Fields.java:63)
	at org.apache.storm.tuple.FieldsTest.selectingUnknownFieldThrowsTest(FieldsTest.java:124)

-------------------- system-out --------------------
119633 [Thread-526-EventThread] INFO  o.a.c.f.s.ConnectionStateManager - State change: SUSPENDED
119635 [Thread-531-EventThread] INFO  o.a.c.f.s.ConnectionStateManager - State change: SUSPENDED

--------------------------------------------------
Checking ./storm-core/target/surefire-reports/TEST-org.apache.storm.TestConfigValidate.xml
Checking ./storm-core/target/surefire-reports/TEST-org.apache.storm.PacemakerTest.xml
Checking ./storm-core/target/surefire-reports/TEST-org.apache.storm.TestCgroups.xml
Checking ./storm-core/target/surefire-reports/TEST-org.apache.storm.PaceMakerStateStorageFactoryTest.xml

travis_time:end:13168d88:start=1470004520491067807,finish=1470004680777664241,duration=160286596434[0K
[31;1mThe command "/bin/bash ./dev-tools/travis/travis-script.sh `pwd` $MODULES" exited with 1.[0m
travis_fold:start:cache.2[0Kstore build cache
travis_time:start:1938bef1[0K
travis_time:end:1938bef1:start=1470004680782351618,finish=1470004680785983442,duration=3631824[0Ktravis_time:start:00743a7c[0K[32;1mchange detected (content changed, file is created, or file is deleted):
/home/travis/.m2/repository/eigenbase/eigenbase-properties/1.1.4/eigenbase-properties-1.1.4.pom.lastUpdated
/home/travis/.m2/repository/io/confluent/kafka-avro-serializer/1.0/kafka-avro-serializer-1.0.pom.lastUpdated
/home/travis/.m2/repository/io/confluent/kafka-schema-registry-client/1.0/kafka-schema-registry-client-1.0.pom.lastUpdated
/home/travis/.m2/repository/net/hydromatic/linq4j/0.4/linq4j-0.4.pom.lastUpdated
/home/travis/.m2/repository/net/hydromatic/quidem/0.1.1/quidem-0.1.1.pom.lastUpdated
/home/travis/.m2/repository/org/apache/storm/flux/2.0.0-SNAPSHOT/maven-metadata-local.xml
/home/travis/.m2/repository/org/apache/storm/flux/2.0.0-SNAPSHOT/_remote.repositories
/home/travis/.m2/repository/org/apache/storm/flux-core/2.0.0-SNAPSHOT/flux-core-2.0.0-SNAPSHOT.jar
/home/travis/.m2/repository/org/apache/storm/flux-core/2.0.0-SNAPSHOT/maven-metadata-local.xml
/home/travis/.m2/repository/org/apache/storm/flux-core/2.0.0-SNAPSHOT/_remote.repositories
/home/travis/.m2/repository/org/ap
[0m
[32;1m...
[0m
[32;1mchanges detected, packing new archive[0m
.
.
.
.
.
.
[32;1muploading archive[0m

travis_time:end:00743a7c:start=1470004680790175609,finish=1470004754685656494,duration=73895480885[0Ktravis_fold:end:cache.2[0K
Done. Your build exited with 1.
