Using worker: worker-linux-docker-5cfe1dc5.prod.travis-ci.org:travis-linux-8

travis_fold:start:system_info[0K[33;1mBuild system information[0m
Build language: java
Build group: stable
Build dist: precise
Build id: 149244376
Job id: 149244377
travis-build version: 8f19210ce
[34m[1mBuild image provisioning date and time[0m
Thu Feb  5 15:09:33 UTC 2015
[34m[1mOperating System Details[0m
Distributor ID:	Ubuntu
Description:	Ubuntu 12.04.5 LTS
Release:	12.04
Codename:	precise
[34m[1mLinux Version[0m
3.13.0-29-generic
[34m[1mCookbooks Version[0m
a68419e https://github.com/travis-ci/travis-cookbooks/tree/a68419e
[34m[1mGCC version[0m
gcc (Ubuntu/Linaro 4.6.3-1ubuntu5) 4.6.3
Copyright (C) 2011 Free Software Foundation, Inc.
This is free software; see the source for copying conditions.  There is NO
warranty; not even for MERCHANTABILITY or FITNESS FOR A PARTICULAR PURPOSE.

[34m[1mLLVM version[0m
clang version 3.4 (tags/RELEASE_34/final)
Target: x86_64-unknown-linux-gnu
Thread model: posix
[34m[1mPre-installed Ruby versions[0m
ruby-1.9.3-p551
[34m[1mPre-installed Node.js versions[0m
v0.10.36
[34m[1mPre-installed Go versions[0m
1.4.1
[34m[1mRedis version[0m
redis-server 2.8.19
[34m[1mriak version[0m
2.0.2
[34m[1mMongoDB version[0m
MongoDB 2.4.12
[34m[1mCouchDB version[0m
couchdb 1.6.1
[34m[1mNeo4j version[0m
1.9.4
[34m[1mRabbitMQ Version[0m
3.4.3
[34m[1mElasticSearch version[0m
1.4.0
[34m[1mInstalled Sphinx versions[0m
2.0.10
2.1.9
2.2.6
[34m[1mDefault Sphinx version[0m
2.2.6
[34m[1mInstalled Firefox version[0m
firefox 31.0esr
[34m[1mPhantomJS version[0m
1.9.8
[34m[1mant -version[0m
Apache Ant(TM) version 1.8.2 compiled on December 3 2011
[34m[1mmvn -version[0m
Apache Maven 3.2.5 (12a6b3acb947671f09b81f49094c53f426d8cea1; 2014-12-14T17:29:23+00:00)
Maven home: /usr/local/maven
Java version: 1.7.0_76, vendor: Oracle Corporation
Java home: /usr/lib/jvm/java-7-oracle/jre
Default locale: en_US, platform encoding: ANSI_X3.4-1968
OS name: "linux", version: "3.13.0-29-generic", arch: "amd64", family: "unix"
travis_fold:end:system_info[0K
travis_fold:start:fix.CVE-2015-7547[0K$ export DEBIAN_FRONTEND=noninteractive
W: Size of file /var/lib/apt/lists/us.archive.ubuntu.com_ubuntu_dists_precise-backports_multiverse_source_Sources.gz is not what the server reported 5886 5888
W: Size of file /var/lib/apt/lists/ppa.launchpad.net_ubuntugis_ppa_ubuntu_dists_precise_main_binary-amd64_Packages.gz is not what the server reported 33653 36677
W: Size of file /var/lib/apt/lists/ppa.launchpad.net_ubuntugis_ppa_ubuntu_dists_precise_main_binary-i386_Packages.gz is not what the server reported 33699 36733
Reading package lists...
Building dependency tree...
Reading state information...
The following extra packages will be installed:
  libc-bin libc-dev-bin libc6-dev
Suggested packages:
  glibc-doc
The following packages will be upgraded:
  libc-bin libc-dev-bin libc6 libc6-dev
4 upgraded, 0 newly installed, 0 to remove and 252 not upgraded.
Need to get 8,840 kB of archives.
After this operation, 14.3 kB disk space will be freed.
Get:1 http://us.archive.ubuntu.com/ubuntu/ precise-updates/main libc6-dev amd64 2.15-0ubuntu10.15 [2,943 kB]
Get:2 http://us.archive.ubuntu.com/ubuntu/ precise-updates/main libc-dev-bin amd64 2.15-0ubuntu10.15 [84.7 kB]
Get:3 http://us.archive.ubuntu.com/ubuntu/ precise-updates/main libc-bin amd64 2.15-0ubuntu10.15 [1,177 kB]
Get:4 http://us.archive.ubuntu.com/ubuntu/ precise-updates/main libc6 amd64 2.15-0ubuntu10.15 [4,636 kB]
Fetched 8,840 kB in 0s (35.1 MB/s)
Preconfiguring packages ...
(Reading database ... (Reading database ... 5%(Reading database ... 10%(Reading database ... 15%(Reading database ... 20%(Reading database ... 25%(Reading database ... 30%(Reading database ... 35%(Reading database ... 40%(Reading database ... 45%(Reading database ... 50%(Reading database ... 55%(Reading database ... 60%(Reading database ... 65%(Reading database ... 70%(Reading database ... 75%(Reading database ... 80%(Reading database ... 85%(Reading database ... 90%(Reading database ... 95%(Reading database ... 100%(Reading database ... 72019 files and directories currently installed.)
Preparing to replace libc6-dev 2.15-0ubuntu10.10 (using .../libc6-dev_2.15-0ubuntu10.15_amd64.deb) ...
Unpacking replacement libc6-dev ...
Preparing to replace libc-dev-bin 2.15-0ubuntu10.10 (using .../libc-dev-bin_2.15-0ubuntu10.15_amd64.deb) ...
Unpacking replacement libc-dev-bin ...
Preparing to replace libc-bin 2.15-0ubuntu10.10 (using .../libc-bin_2.15-0ubuntu10.15_amd64.deb) ...
Unpacking replacement libc-bin ...
Processing triggers for man-db ...
Setting up libc-bin (2.15-0ubuntu10.15) ...
(Reading database ... (Reading database ... 5%(Reading database ... 10%(Reading database ... 15%(Reading database ... 20%(Reading database ... 25%(Reading database ... 30%(Reading database ... 35%(Reading database ... 40%(Reading database ... 45%(Reading database ... 50%(Reading database ... 55%(Reading database ... 60%(Reading database ... 65%(Reading database ... 70%(Reading database ... 75%(Reading database ... 80%(Reading database ... 85%(Reading database ... 90%(Reading database ... 95%(Reading database ... 100%(Reading database ... 72018 files and directories currently installed.)
Preparing to replace libc6 2.15-0ubuntu10.10 (using .../libc6_2.15-0ubuntu10.15_amd64.deb) ...
Unpacking replacement libc6 ...
Setting up libc6 (2.15-0ubuntu10.15) ...
Setting up libc-dev-bin (2.15-0ubuntu10.15) ...
Setting up libc6-dev (2.15-0ubuntu10.15) ...
Processing triggers for libc-bin ...
ldconfig deferred processing now taking place
travis_fold:end:fix.CVE-2015-7547[0Ktravis_fold:start:git.checkout[0Ktravis_time:start:005abeda[0K$ git clone --depth=50 https://github.com/apache/storm.git apache/storm
Cloning into 'apache/storm'...
remote: Counting objects: 21440, done.[K
remote: Compressing objects:   0% (1/8474)   [Kremote: Compressing objects:   1% (85/8474)   [Kremote: Compressing objects:   2% (170/8474)   [Kremote: Compressing objects:   3% (255/8474)   [Kremote: Compressing objects:   4% (339/8474)   [Kremote: Compressing objects:   5% (424/8474)   [Kremote: Compressing objects:   6% (509/8474)   [Kremote: Compressing objects:   7% (594/8474)   [Kremote: Compressing objects:   8% (678/8474)   [Kremote: Compressing objects:   9% (763/8474)   [Kremote: Compressing objects:  10% (848/8474)   [Kremote: Compressing objects:  11% (933/8474)   [Kremote: Compressing objects:  12% (1017/8474)   [Kremote: Compressing objects:  13% (1102/8474)   [Kremote: Compressing objects:  14% (1187/8474)   [Kremote: Compressing objects:  15% (1272/8474)   [Kremote: Compressing objects:  16% (1356/8474)   [Kremote: Compressing objects:  17% (1441/8474)   [Kremote: Compressing objects:  18% (1526/8474)   [Kremote: Compressing objects:  19% (1611/8474)   [Kremote: Compressing objects:  20% (1695/8474)   [Kremote: Compressing objects:  21% (1780/8474)   [Kremote: Compressing objects:  22% (1865/8474)   [Kremote: Compressing objects:  23% (1950/8474)   [Kremote: Compressing objects:  24% (2034/8474)   [Kremote: Compressing objects:  25% (2119/8474)   [Kremote: Compressing objects:  26% (2204/8474)   [Kremote: Compressing objects:  27% (2288/8474)   [Kremote: Compressing objects:  28% (2373/8474)   [Kremote: Compressing objects:  29% (2458/8474)   [Kremote: Compressing objects:  30% (2543/8474)   [Kremote: Compressing objects:  31% (2627/8474)   [Kremote: Compressing objects:  32% (2712/8474)   [Kremote: Compressing objects:  33% (2797/8474)   [Kremote: Compressing objects:  34% (2882/8474)   [Kremote: Compressing objects:  35% (2966/8474)   [Kremote: Compressing objects:  36% (3051/8474)   [Kremote: Compressing objects:  37% (3136/8474)   [Kremote: Compressing objects:  38% (3221/8474)   [Kremote: Compressing objects:  39% (3305/8474)   [Kremote: Compressing objects:  40% (3390/8474)   [Kremote: Compressing objects:  41% (3475/8474)   [Kremote: Compressing objects:  42% (3560/8474)   [Kremote: Compressing objects:  43% (3644/8474)   [Kremote: Compressing objects:  44% (3729/8474)   [Kremote: Compressing objects:  45% (3814/8474)   [Kremote: Compressing objects:  46% (3899/8474)   [Kremote: Compressing objects:  47% (3983/8474)   [Kremote: Compressing objects:  48% (4068/8474)   [Kremote: Compressing objects:  49% (4153/8474)   [Kremote: Compressing objects:  50% (4237/8474)   [Kremote: Compressing objects:  51% (4322/8474)   [Kremote: Compressing objects:  52% (4407/8474)   [Kremote: Compressing objects:  53% (4492/8474)   [Kremote: Compressing objects:  54% (4576/8474)   [Kremote: Compressing objects:  55% (4661/8474)   [Kremote: Compressing objects:  56% (4746/8474)   [Kremote: Compressing objects:  57% (4831/8474)   [Kremote: Compressing objects:  58% (4915/8474)   [Kremote: Compressing objects:  59% (5000/8474)   [Kremote: Compressing objects:  60% (5085/8474)   [Kremote: Compressing objects:  61% (5170/8474)   [Kremote: Compressing objects:  62% (5254/8474)   [Kremote: Compressing objects:  63% (5339/8474)   [Kremote: Compressing objects:  64% (5424/8474)   [Kremote: Compressing objects:  65% (5509/8474)   [Kremote: Compressing objects:  66% (5593/8474)   [Kremote: Compressing objects:  67% (5678/8474)   [Kremote: Compressing objects:  68% (5763/8474)   [Kremote: Compressing objects:  69% (5848/8474)   [Kremote: Compressing objects:  70% (5932/8474)   [Kremote: Compressing objects:  71% (6017/8474)   [Kremote: Compressing objects:  72% (6102/8474)   [Kremote: Compressing objects:  73% (6187/8474)   [Kremote: Compressing objects:  74% (6271/8474)   [Kremote: Compressing objects:  75% (6356/8474)   [Kremote: Compressing objects:  76% (6441/8474)   [Kremote: Compressing objects:  77% (6525/8474)   [Kremote: Compressing objects:  78% (6610/8474)   [Kremote: Compressing objects:  79% (6695/8474)   [Kremote: Compressing objects:  80% (6780/8474)   [Kremote: Compressing objects:  81% (6864/8474)   [Kremote: Compressing objects:  82% (6949/8474)   [Kremote: Compressing objects:  83% (7034/8474)   [Kremote: Compressing objects:  84% (7119/8474)   [Kremote: Compressing objects:  85% (7203/8474)   [Kremote: Compressing objects:  86% (7288/8474)   [Kremote: Compressing objects:  87% (7373/8474)   [Kremote: Compressing objects:  88% (7458/8474)   [Kremote: Compressing objects:  89% (7542/8474)   [Kremote: Compressing objects:  90% (7627/8474)   [Kremote: Compressing objects:  91% (7712/8474)   [Kremote: Compressing objects:  92% (7797/8474)   [Kremote: Compressing objects:  93% (7881/8474)   [Kremote: Compressing objects:  94% (7966/8474)   [Kremote: Compressing objects:  95% (8051/8474)   [Kremote: Compressing objects:  96% (8136/8474)   [Kremote: Compressing objects:  97% (8220/8474)   [Kremote: Compressing objects:  98% (8305/8474)   [Kremote: Compressing objects:  99% (8390/8474)   [Kremote: Compressing objects: 100% (8474/8474)   [Kremote: Compressing objects: 100% (8474/8474), done.[K
Receiving objects:   0% (1/21440)   Receiving objects:   1% (215/21440)   Receiving objects:   2% (429/21440)   Receiving objects:   3% (644/21440)   Receiving objects:   4% (858/21440)   Receiving objects:   5% (1072/21440)   Receiving objects:   6% (1287/21440)   Receiving objects:   7% (1501/21440)   Receiving objects:   8% (1716/21440)   Receiving objects:   9% (1930/21440)   Receiving objects:  10% (2144/21440)   Receiving objects:  11% (2359/21440)   Receiving objects:  12% (2573/21440)   Receiving objects:  13% (2788/21440)   Receiving objects:  14% (3002/21440)   Receiving objects:  15% (3216/21440)   Receiving objects:  16% (3431/21440)   Receiving objects:  17% (3645/21440)   Receiving objects:  18% (3860/21440)   Receiving objects:  19% (4074/21440)   Receiving objects:  20% (4288/21440)   Receiving objects:  21% (4503/21440)   Receiving objects:  22% (4717/21440)   Receiving objects:  23% (4932/21440)   Receiving objects:  24% (5146/21440)   Receiving objects:  25% (5360/21440)   Receiving objects:  26% (5575/21440)   Receiving objects:  27% (5789/21440)   Receiving objects:  28% (6004/21440)   Receiving objects:  29% (6218/21440)   Receiving objects:  30% (6432/21440)   Receiving objects:  31% (6647/21440)   Receiving objects:  32% (6861/21440)   Receiving objects:  33% (7076/21440)   Receiving objects:  34% (7290/21440)   Receiving objects:  35% (7504/21440)   Receiving objects:  36% (7719/21440)   Receiving objects:  37% (7933/21440)   Receiving objects:  38% (8148/21440)   Receiving objects:  39% (8362/21440)   Receiving objects:  40% (8576/21440)   Receiving objects:  41% (8791/21440)   Receiving objects:  42% (9005/21440)   Receiving objects:  43% (9220/21440)   Receiving objects:  44% (9434/21440)   Receiving objects:  45% (9648/21440)   Receiving objects:  46% (9863/21440)   Receiving objects:  47% (10077/21440)   Receiving objects:  48% (10292/21440)   Receiving objects:  49% (10506/21440)   Receiving objects:  50% (10720/21440)   Receiving objects:  51% (10935/21440)   Receiving objects:  52% (11149/21440)   Receiving objects:  53% (11364/21440)   Receiving objects:  54% (11578/21440)   Receiving objects:  55% (11792/21440)   Receiving objects:  56% (12007/21440)   Receiving objects:  57% (12221/21440)   Receiving objects:  58% (12436/21440)   Receiving objects:  59% (12650/21440)   Receiving objects:  60% (12864/21440)   Receiving objects:  61% (13079/21440)   Receiving objects:  62% (13293/21440)   Receiving objects:  63% (13508/21440)   Receiving objects:  64% (13722/21440)   Receiving objects:  65% (13936/21440)   Receiving objects:  66% (14151/21440)   Receiving objects:  67% (14365/21440)   Receiving objects:  68% (14580/21440)   Receiving objects:  69% (14794/21440)   Receiving objects:  70% (15008/21440)   Receiving objects:  71% (15223/21440)   Receiving objects:  72% (15437/21440)   Receiving objects:  73% (15652/21440)   Receiving objects:  74% (15866/21440)   Receiving objects:  75% (16080/21440)   Receiving objects:  76% (16295/21440)   Receiving objects:  77% (16509/21440)   Receiving objects:  78% (16724/21440), 13.76 MiB | 27.46 MiB/s   Receiving objects:  79% (16938/21440), 13.76 MiB | 27.46 MiB/s   Receiving objects:  80% (17152/21440), 13.76 MiB | 27.46 MiB/s   Receiving objects:  81% (17367/21440), 13.76 MiB | 27.46 MiB/s   Receiving objects:  82% (17581/21440), 13.76 MiB | 27.46 MiB/s   Receiving objects:  83% (17796/21440), 13.76 MiB | 27.46 MiB/s   Receiving objects:  84% (18010/21440), 13.76 MiB | 27.46 MiB/s   Receiving objects:  85% (18224/21440), 13.76 MiB | 27.46 MiB/s   Receiving objects:  86% (18439/21440), 13.76 MiB | 27.46 MiB/s   Receiving objects:  87% (18653/21440), 13.76 MiB | 27.46 MiB/s   Receiving objects:  88% (18868/21440), 13.76 MiB | 27.46 MiB/s   Receiving objects:  89% (19082/21440), 13.76 MiB | 27.46 MiB/s   Receiving objects:  90% (19296/21440), 13.76 MiB | 27.46 MiB/s   Receiving objects:  91% (19511/21440), 13.76 MiB | 27.46 MiB/s   Receiving objects:  92% (19725/21440), 13.76 MiB | 27.46 MiB/s   Receiving objects:  93% (19940/21440), 13.76 MiB | 27.46 MiB/s   Receiving objects:  94% (20154/21440), 13.76 MiB | 27.46 MiB/s   Receiving objects:  95% (20368/21440), 13.76 MiB | 27.46 MiB/s   Receiving objects:  96% (20583/21440), 13.76 MiB | 27.46 MiB/s   Receiving objects:  97% (20797/21440), 13.76 MiB | 27.46 MiB/s   Receiving objects:  98% (21012/21440), 13.76 MiB | 27.46 MiB/s   Receiving objects:  99% (21226/21440), 13.76 MiB | 27.46 MiB/s   remote: Total 21440 (delta 10220), reused 18706 (delta 8101), pack-reused 0[K
Receiving objects: 100% (21440/21440), 13.76 MiB | 27.46 MiB/s   Receiving objects: 100% (21440/21440), 15.68 MiB | 27.46 MiB/s, done.
Resolving deltas:   0% (0/10220)   Resolving deltas:   1% (114/10220)   Resolving deltas:   2% (210/10220)   Resolving deltas:   3% (307/10220)   Resolving deltas:   4% (410/10220)   Resolving deltas:   5% (516/10220)   Resolving deltas:   6% (616/10220)   Resolving deltas:   7% (716/10220)   Resolving deltas:   8% (820/10220)   Resolving deltas:   9% (934/10220)   Resolving deltas:  10% (1022/10220)   Resolving deltas:  11% (1135/10220)   Resolving deltas:  12% (1231/10220)   Resolving deltas:  13% (1337/10220)   Resolving deltas:  14% (1431/10220)   Resolving deltas:  15% (1533/10220)   Resolving deltas:  16% (1639/10220)   Resolving deltas:  17% (1746/10220)   Resolving deltas:  18% (1844/10220)   Resolving deltas:  19% (1948/10220)   Resolving deltas:  20% (2049/10220)   Resolving deltas:  21% (2147/10220)   Resolving deltas:  22% (2251/10220)   Resolving deltas:  23% (2353/10220)   Resolving deltas:  24% (2488/10220)   Resolving deltas:  25% (2579/10220)   Resolving deltas:  26% (2668/10220)   Resolving deltas:  27% (2769/10220)   Resolving deltas:  28% (2866/10220)   Resolving deltas:  29% (2964/10220)   Resolving deltas:  30% (3067/10220)   Resolving deltas:  31% (3180/10220)   Resolving deltas:  32% (3288/10220)   Resolving deltas:  33% (3373/10220)   Resolving deltas:  34% (3476/10220)   Resolving deltas:  35% (3581/10220)   Resolving deltas:  36% (3686/10220)   Resolving deltas:  37% (3783/10220)   Resolving deltas:  38% (3884/10220)   Resolving deltas:  39% (3992/10220)   Resolving deltas:  40% (4090/10220)   Resolving deltas:  41% (4201/10220)   Resolving deltas:  42% (4293/10220)   Resolving deltas:  43% (4395/10220)   Resolving deltas:  44% (4497/10220)   Resolving deltas:  45% (4608/10220)   Resolving deltas:  46% (4736/10220)   Resolving deltas:  47% (4804/10220)   Resolving deltas:  48% (4907/10220)   Resolving deltas:  49% (5009/10220)   Resolving deltas:  50% (5118/10220)   Resolving deltas:  51% (5217/10220)   Resolving deltas:  52% (5315/10220)   Resolving deltas:  53% (5451/10220)   Resolving deltas:  55% (5635/10220)   Resolving deltas:  56% (5735/10220)   Resolving deltas:  57% (5849/10220)   Resolving deltas:  58% (5935/10220)   Resolving deltas:  59% (6046/10220)   Resolving deltas:  62% (6396/10220)   Resolving deltas:  63% (6440/10220)   Resolving deltas:  64% (6569/10220)   Resolving deltas:  65% (6663/10220)   Resolving deltas:  67% (6944/10220)   Resolving deltas:  68% (6957/10220)   Resolving deltas:  69% (7052/10220)   Resolving deltas:  70% (7161/10220)   Resolving deltas:  74% (7628/10220)   Resolving deltas:  75% (7683/10220)   Resolving deltas:  77% (7912/10220)   Resolving deltas:  79% (8100/10220)   Resolving deltas:  80% (8176/10220)   Resolving deltas:  81% (8284/10220)   Resolving deltas:  82% (8381/10220)   Resolving deltas:  83% (8485/10220)   Resolving deltas:  84% (8591/10220)   Resolving deltas:  85% (8687/10220)   Resolving deltas:  86% (8790/10220)   Resolving deltas:  87% (8894/10220)   Resolving deltas:  88% (8996/10220)   Resolving deltas:  89% (9112/10220)   Resolving deltas:  90% (9220/10220)   Resolving deltas:  91% (9315/10220)   Resolving deltas:  92% (9441/10220)   Resolving deltas:  93% (9511/10220)   Resolving deltas:  94% (9607/10220)   Resolving deltas:  95% (9712/10220)   Resolving deltas:  96% (9812/10220)   Resolving deltas:  97% (9915/10220)   Resolving deltas:  98% (10016/10220)   Resolving deltas:  99% (10120/10220)   Resolving deltas: 100% (10220/10220)   Resolving deltas: 100% (10220/10220), done.
Checking connectivity... done.

travis_time:end:005abeda:start=1470167267208827752,finish=1470167269651127917,duration=2442300165[0K$ cd apache/storm
travis_time:start:0730e444[0K$ git fetch origin +refs/pull/1590/merge:
remote: Counting objects: 16, done.[K
remote: Compressing objects:   8% (1/12)   [Kremote: Compressing objects:  16% (2/12)   [Kremote: Compressing objects:  25% (3/12)   [Kremote: Compressing objects:  33% (4/12)   [Kremote: Compressing objects:  41% (5/12)   [Kremote: Compressing objects:  50% (6/12)   [Kremote: Compressing objects:  58% (7/12)   [Kremote: Compressing objects:  66% (8/12)   [Kremote: Compressing objects:  75% (9/12)   [Kremote: Compressing objects:  83% (10/12)   [Kremote: Compressing objects:  91% (11/12)   [Kremote: Compressing objects: 100% (12/12)   [Kremote: Compressing objects: 100% (12/12), done.[K
remote: Total 16 (delta 8), reused 7 (delta 0), pack-reused 0[K
Unpacking objects:   6% (1/16)   Unpacking objects:  12% (2/16)   Unpacking objects:  18% (3/16)   Unpacking objects:  25% (4/16)   Unpacking objects:  31% (5/16)   Unpacking objects:  37% (6/16)   Unpacking objects:  43% (7/16)   Unpacking objects:  50% (8/16)   Unpacking objects:  56% (9/16)   Unpacking objects:  62% (10/16)   Unpacking objects:  68% (11/16)   Unpacking objects:  75% (12/16)   Unpacking objects:  81% (13/16)   Unpacking objects:  87% (14/16)   Unpacking objects:  93% (15/16)   Unpacking objects: 100% (16/16)   Unpacking objects: 100% (16/16), done.
From https://github.com/apache/storm
 * branch            refs/pull/1590/merge -> FETCH_HEAD

travis_time:end:0730e444:start=1470167269654879382,finish=1470167269952693009,duration=297813627[0K$ git checkout -qf FETCH_HEAD
travis_fold:end:git.checkout[0K
[33;1mThis job is running on container-based infrastructure, which does not allow use of 'sudo', setuid and setguid executables.[0m
[33;1mIf you require sudo, add 'sudo: required' to your .travis.yml[0m
[33;1mSee https://docs.travis-ci.com/user/workers/container-based-infrastructure/ for details.[0m

[33;1mSetting environment variables from .travis.yml[0m
$ export MODULES=storm-core

$ jdk_switcher use oraclejdk7
Switching to Oracle JDK7 (java-7-oracle), JAVA_HOME will be set to /usr/lib/jvm/java-7-oracle
travis_fold:start:cache.1[0KSetting up build cache
$ export CASHER_DIR=$HOME/.casher
travis_time:start:002c21b2[0K$ Installing caching utilities

travis_time:end:002c21b2:start=1470167272588537617,finish=1470167272929099786,duration=340562169[0Ktravis_time:start:23e57800[0K
travis_time:end:23e57800:start=1470167272933772194,finish=1470167272936968090,duration=3195896[0Ktravis_time:start:0001c799[0K[32;1mattempting to download cache archive[0m
[32;1mfetching PR.1590/cache-linux-precise-4722ea394922d42b2b7eb84cff6efc764d76759821ac6f6efc13232aa923f595--jdk-oraclejdk7.tgz[0m
[32;1mfound cache[0m

travis_time:end:0001c799:start=1470167272940744645,finish=1470167280464107771,duration=7523363126[0Ktravis_time:start:12164bce[0K
travis_time:end:12164bce:start=1470167280467899802,finish=1470167280471148741,duration=3248939[0Ktravis_time:start:152472a8[0K[32;1madding /home/travis/.m2/repository to cache[0m
[32;1madding /home/travis/.rvm to cache[0m
[32;1madding /home/travis/.nvm to cache[0m

travis_time:end:152472a8:start=1470167280474893690,finish=1470167293220327456,duration=12745433766[0Ktravis_fold:end:cache.1[0K$ java -Xmx32m -version
java version "1.7.0_76"
Java(TM) SE Runtime Environment (build 1.7.0_76-b13)
Java HotSpot(TM) 64-Bit Server VM (build 24.76-b04, mixed mode)
$ javac -J-Xmx32m -version
javac 1.7.0_76
travis_fold:start:before_install.1[0Ktravis_time:start:051e7934[0K$ rvm use 2.1.5 --install
[32mUsing /home/travis/.rvm/gems/ruby-2.1.5[0m

travis_time:end:051e7934:start=1470167293796827758,finish=1470167294057473755,duration=260645997[0Ktravis_fold:end:before_install.1[0Ktravis_fold:start:before_install.2[0Ktravis_time:start:01e17f8a[0K$ nvm install 0.12.2
v0.12.2 is already installed.
Now using node v0.12.2

travis_time:end:01e17f8a:start=1470167294061778928,finish=1470167294789531976,duration=727753048[0Ktravis_fold:end:before_install.2[0Ktravis_fold:start:before_install.3[0Ktravis_time:start:00380d10[0K$ nvm use 0.12.2
Now using node v0.12.2

travis_time:end:00380d10:start=1470167294793726086,finish=1470167294848841972,duration=55115886[0Ktravis_fold:end:before_install.3[0Ktravis_fold:start:install[0Ktravis_time:start:1b028218[0K$ /bin/bash ./dev-tools/travis/travis-install.sh `pwd`
Python version :   Python 2.7.3
Maven version  :   Apache Maven 3.2.5 (12a6b3acb947671f09b81f49094c53f426d8cea1; 2014-12-14T17:29:23+00:00) Maven home: /usr/local/maven Java version: 1.7.0_76, vendor: Oracle Corporation Java home: /usr/lib/jvm/java-7-oracle/jre Default locale: en_US, platform encoding: UTF-8 OS name: "linux", version: "3.13.0-40-generic", arch: "amd64", family: "unix"
['mvn', 'clean', 'install', '-DskipTests', '-Pnative', '--batch-mode'] writing to install.txt
1 seconds 1 log lines11 seconds 210 log lines36 seconds 323 log lines48 seconds 330 log lines58 seconds 404 log lines68 seconds 568 log lines81 seconds 652 log lines95 seconds 868 log lines106 seconds 917 log lines117 seconds 1055 log lines136 seconds 1468 log lines146 seconds 1726 log lines156 seconds 2177 log lines173 seconds 2370 log lines181 seconds 2663 log lines
['mvn', 'clean', 'install', '-DskipTests', '-Pnative', '--batch-mode'] done 0

travis_time:end:1b028218:start=1470167294852900097,finish=1470167479316927870,duration=184464027773[0Ktravis_fold:end:install[0Ktravis_time:start:2ba75d75[0K$ /bin/bash ./dev-tools/travis/travis-script.sh `pwd` $MODULES
Python version :   Python 2.7.3
Ruby version   :   ruby 2.1.5p273 (2014-11-13 revision 48405) [x86_64-linux]
NodeJs version :   v0.12.2
Maven version  :   Apache Maven 3.2.5 (12a6b3acb947671f09b81f49094c53f426d8cea1; 2014-12-14T17:29:23+00:00) Maven home: /usr/local/maven Java version: 1.7.0_76, vendor: Oracle Corporation Java home: /usr/lib/jvm/java-7-oracle/jre Default locale: en_US, platform encoding: UTF-8 OS name: "linux", version: "3.13.0-40-generic", arch: "amd64", family: "unix"
[INFO] Scanning for projects...
[INFO]                                                                         
[INFO] ------------------------------------------------------------------------
[INFO] Building Storm Core 2.0.0-SNAPSHOT
[INFO] ------------------------------------------------------------------------
[INFO] 
[INFO] --- exec-maven-plugin:1.2.1:exec (default) @ storm-core ---
[INFO] 
[INFO] --- maven-remote-resources-plugin:1.2.1:process (default) @ storm-core ---
[INFO] 
[INFO] --- storm-maven-plugins:2.0.0-SNAPSHOT:version-info (version-info) @ storm-core ---
[WARNING] [svn, info] failed with error code 1
[INFO] SCM: GIT
[INFO] Computed MD5: 6d7c18b084247edeedf71d59e3778bdf
[INFO] 
[INFO] --- maven-resources-plugin:2.5:resources (default-resources) @ storm-core ---
[debug] execute contextualize
[INFO] Using 'UTF-8' encoding to copy filtered resources.
[INFO] Copying 9 resources
[INFO] Copying 1 resource to META-INF
[INFO] Copying 0 resource
[INFO] Copying 1 resource
[INFO] Copying 3 resources
[INFO] 
[INFO] --- maven-compiler-plugin:3.1:compile (default-compile) @ storm-core ---
[INFO] Nothing to compile - all classes are up to date
[INFO] 
[INFO] --- clojure-maven-plugin:1.7.1:compile (compile-clojure) @ storm-core ---
Compiling org.apache.storm.testing4j to /home/travis/build/apache/storm/storm-core/target/classes
19:51:36.743 [main] WARN  o.a.s.m.StormMetricsRegistry - Metric ui:num-topology-op-response-http-requests has already been registered
19:51:36.744 [main] WARN  o.a.s.m.StormMetricsRegistry - Metric ui:num-topology-op-response-http-requests has already been registered
Compiling org.apache.storm.ui.helpers to /home/travis/build/apache/storm/storm-core/target/classes
Compiling org.apache.storm.scheduler.IsolationScheduler to /home/travis/build/apache/storm/storm-core/target/classes
Compiling org.apache.storm.log to /home/travis/build/apache/storm/storm-core/target/classes
Compiling org.apache.storm.daemon.worker to /home/travis/build/apache/storm/storm-core/target/classes
Compiling org.apache.storm.testing to /home/travis/build/apache/storm/storm-core/target/classes
Compiling org.apache.storm.converter to /home/travis/build/apache/storm/storm-core/target/classes
Compiling org.apache.storm.daemon.executor to /home/travis/build/apache/storm/storm-core/target/classes
Compiling org.apache.storm.util to /home/travis/build/apache/storm/storm-core/target/classes
Compiling org.apache.storm.command.shell-submission to /home/travis/build/apache/storm/storm-core/target/classes
Compiling org.apache.storm.daemon.common to /home/travis/build/apache/storm/storm-core/target/classes
Compiling org.apache.storm.internal.clojure to /home/travis/build/apache/storm/storm-core/target/classes
Compiling org.apache.storm.daemon.local-supervisor to /home/travis/build/apache/storm/storm-core/target/classes
Compiling org.apache.storm.internal.thrift to /home/travis/build/apache/storm/storm-core/target/classes
Compiling org.apache.storm.daemon.logviewer to /home/travis/build/apache/storm/storm-core/target/classes
Compiling org.apache.storm.daemon.nimbus to /home/travis/build/apache/storm/storm-core/target/classes
Compiling org.apache.storm.LocalCluster to /home/travis/build/apache/storm/storm-core/target/classes
Compiling org.apache.storm.local-state-converter to /home/travis/build/apache/storm/storm-core/target/classes
Compiling org.apache.storm.trident.testing to /home/travis/build/apache/storm/storm-core/target/classes
Compiling org.apache.storm.ui.core to /home/travis/build/apache/storm/storm-core/target/classes
Compiling org.apache.storm.daemon.drpc to /home/travis/build/apache/storm/storm-core/target/classes
Compiling org.apache.storm.config to /home/travis/build/apache/storm/storm-core/target/classes
[INFO] 
[INFO] --- make-maven-plugin:1.0-beta-1:autoreconf (compile) @ storm-core ---
[INFO] 
[INFO] --- make-maven-plugin:1.0-beta-1:configure (compile) @ storm-core ---
[INFO] /bin/sh: 14: /home/travis/.jdk_switcher_rc: [[: not found
[INFO] /bin/sh: 22: /home/travis/.jdk_switcher_rc: [[: not found
[INFO] /bin/sh: 32: /home/travis/.jdk_switcher_rc: [[: not found
[INFO] /bin/sh: 42: /home/travis/.jdk_switcher_rc: [[: not found
[INFO] /bin/sh: 3: /etc/profile.d/rvm.sh: [[: not found
[INFO] checking for gcc... gcc
[INFO] checking whether the C compiler works... yes
[INFO] checking for C compiler default output file name... a.out
[INFO] checking for suffix of executables... 
[INFO] checking whether we are cross compiling... no
[INFO] checking for suffix of object files... o
[INFO] checking whether we are using the GNU C compiler... yes
[INFO] checking whether gcc accepts -g... yes
[INFO] checking for gcc option to accept ISO C89... none needed
[INFO] checking how to run the C preprocessor... gcc -E
[INFO] checking for grep that handles long lines and -e... /bin/grep
[INFO] checking for egrep... /bin/grep -E
[INFO] checking for ANSI C header files... yes
[INFO] checking for sys/types.h... yes
[INFO] checking for sys/stat.h... yes
[INFO] checking for stdlib.h... yes
[INFO] checking for string.h... yes
[INFO] checking for memory.h... yes
[INFO] checking for strings.h... yes
[INFO] checking for inttypes.h... yes
[INFO] checking for stdint.h... yes
[INFO] checking for unistd.h... yes
[INFO] checking minix/config.h usability... no
[INFO] checking minix/config.h presence... no
[INFO] checking for minix/config.h... no
[INFO] checking whether it is safe to define __EXTENSIONS__... yes
[INFO] checking for a BSD-compatible install... /usr/bin/install -c
[INFO] checking whether build environment is sane... yes
[INFO] checking for a thread-safe mkdir -p... /bin/mkdir -p
[INFO] checking for gawk... gawk
[INFO] checking whether make sets $(MAKE)... yes
[INFO] checking for style of include used by make... GNU
[INFO] checking dependency style of gcc... gcc3
[INFO] checking for gcc... (cached) gcc
[INFO] checking whether we are using the GNU C compiler... (cached) yes
[INFO] checking whether gcc accepts -g... (cached) yes
[INFO] checking for gcc option to accept ISO C89... (cached) none needed
[INFO] checking whether gcc and cc understand -c and -o together... yes
[INFO] checking for unistd.h... (cached) yes
[INFO] checking for stdbool.h that conforms to C99... yes
[INFO] checking for _Bool... yes
[INFO] checking for an ANSI C-conforming const... yes
[INFO] checking for off_t... yes
[INFO] checking for size_t... yes
[INFO] checking whether strerror_r is declared... yes
[INFO] checking for strerror_r... yes
[INFO] checking whether strerror_r returns char *... yes
[INFO] checking for mkdir... yes
[INFO] checking for uname... yes
[INFO] configure: creating ./config.status
[INFO] config.status: creating Makefile
[INFO] config.status: executing depfiles commands
[INFO] 
[INFO] --- make-maven-plugin:1.0-beta-1:make-install (compile) @ storm-core ---
[INFO] /bin/sh: 14: /home/travis/.jdk_switcher_rc: [[: not found
[INFO] /bin/sh: 22: /home/travis/.jdk_switcher_rc: [[: not found
[INFO] /bin/sh: 32: /home/travis/.jdk_switcher_rc: [[: not found
[INFO] /bin/sh: 42: /home/travis/.jdk_switcher_rc: [[: not found
[INFO] /bin/sh: 3: /etc/profile.d/rvm.sh: [[: not found
[INFO] make[1]: Entering directory `/home/travis/build/apache/storm/storm-core/target/native/worker-launcher'
[INFO] test -z "/usr/local/bin" || /bin/mkdir -p "/home/travis/build/apache/storm/storm-core/target/native/target/usr/local/bin"
[INFO]   /usr/bin/install -c worker-launcher '/home/travis/build/apache/storm/storm-core/target/native/target/usr/local/bin'
[INFO] make[1]: Nothing to be done for `install-data-am'.
[INFO] make[1]: Leaving directory `/home/travis/build/apache/storm/storm-core/target/native/worker-launcher'
[INFO] 
[INFO] --- maven-resources-plugin:2.5:testResources (default-testResources) @ storm-core ---
[debug] execute contextualize
[INFO] Using 'UTF-8' encoding to copy filtered resources.
[INFO] Copying 14 resources
[INFO] Copying 2 resources
[INFO] Copying 3 resources
[INFO] 
[INFO] --- maven-dependency-plugin:2.8:unpack (unpack) @ storm-core ---
[INFO] Configured Artifact: org.apache.storm:multilang-ruby:2.0.0-SNAPSHOT:jar
[INFO] Downloading: https://repository.apache.org/snapshots/org/apache/storm/multilang-ruby/2.0.0-SNAPSHOT/maven-metadata.xml
[INFO] Configured Artifact: org.apache.storm:multilang-python:2.0.0-SNAPSHOT:jar
[INFO] Downloading: https://repository.apache.org/snapshots/org/apache/storm/multilang-python/2.0.0-SNAPSHOT/maven-metadata.xml
[INFO] Configured Artifact: org.apache.storm:multilang-javascript:2.0.0-SNAPSHOT:jar
[INFO] Downloading: https://repository.apache.org/snapshots/org/apache/storm/multilang-javascript/2.0.0-SNAPSHOT/maven-metadata.xml
[INFO] multilang-ruby-2.0.0-SNAPSHOT.jar already unpacked.
[INFO] multilang-python-2.0.0-SNAPSHOT.jar already unpacked.
[INFO] multilang-javascript-2.0.0-SNAPSHOT.jar already unpacked.
[INFO] 
[INFO] --- maven-compiler-plugin:3.1:testCompile (default-testCompile) @ storm-core ---
[INFO] Changes detected - recompiling the module!
[INFO] Compiling 63 source files to /home/travis/build/apache/storm/storm-core/target/test-classes
[WARNING] /home/travis/build/apache/storm/storm-core/test/jvm/org/apache/storm/localizer/LocalizerTest.java: Some input files use or override a deprecated API.
[WARNING] /home/travis/build/apache/storm/storm-core/test/jvm/org/apache/storm/localizer/LocalizerTest.java: Recompile with -Xlint:deprecation for details.
[WARNING] /home/travis/build/apache/storm/storm-core/test/jvm/org/apache/storm/command/TestCLI.java: Some input files use unchecked or unsafe operations.
[WARNING] /home/travis/build/apache/storm/storm-core/test/jvm/org/apache/storm/command/TestCLI.java: Recompile with -Xlint:unchecked for details.
[INFO] 
[INFO] --- maven-surefire-plugin:2.18.1:test (default-test) @ storm-core ---
[INFO] Surefire report directory: /home/travis/build/apache/storm/storm-core/target/surefire-reports
[INFO] parallel='none', perCoreThreadCount=true, threadCount=0, useUnlimitedThreads=false, threadCountSuites=0, threadCountClasses=0, threadCountMethods=0, parallelOptimized=true

-------------------------------------------------------
 T E S T S
-------------------------------------------------------
Running org.apache.storm.security.serialization.BlowfishTupleSerializerTest
Tests run: 3, Failures: 0, Errors: 0, Skipped: 0, Time elapsed: 0.21 sec - in org.apache.storm.security.serialization.BlowfishTupleSerializerTest
Running org.apache.storm.security.auth.ReqContextTest
Tests run: 4, Failures: 0, Errors: 0, Skipped: 0, Time elapsed: 0.064 sec - in org.apache.storm.security.auth.ReqContextTest
Running org.apache.storm.security.auth.SaslTransportPluginTest
Tests run: 2, Failures: 0, Errors: 0, Skipped: 0, Time elapsed: 0.001 sec - in org.apache.storm.security.auth.SaslTransportPluginTest
Running org.apache.storm.security.auth.ThriftClientTest
Tests run: 4, Failures: 0, Errors: 0, Skipped: 0, Time elapsed: 0.215 sec - in org.apache.storm.security.auth.ThriftClientTest
Running org.apache.storm.security.auth.AuthUtilsTest
Tests run: 15, Failures: 0, Errors: 0, Skipped: 0, Time elapsed: 0.322 sec - in org.apache.storm.security.auth.AuthUtilsTest
Running org.apache.storm.security.auth.ThriftServerTest
Tests run: 2, Failures: 0, Errors: 0, Skipped: 0, Time elapsed: 0.033 sec - in org.apache.storm.security.auth.ThriftServerTest
Running org.apache.storm.cluster.StormClusterStateImplTest
Tests run: 5, Failures: 0, Errors: 0, Skipped: 0, Time elapsed: 0.036 sec - in org.apache.storm.cluster.StormClusterStateImplTest
Running org.apache.storm.serialization.GzipBridgeThriftSerializationDelegateTest
Tests run: 3, Failures: 0, Errors: 0, Skipped: 0, Time elapsed: 0.011 sec - in org.apache.storm.serialization.GzipBridgeThriftSerializationDelegateTest
Running org.apache.storm.serialization.GzipBridgeSerializationDelegateTest
Tests run: 3, Failures: 0, Errors: 0, Skipped: 0, Time elapsed: 0.021 sec - in org.apache.storm.serialization.GzipBridgeSerializationDelegateTest
Running org.apache.storm.serialization.SerializationTest
Tests run: 3, Failures: 0, Errors: 0, Skipped: 0, Time elapsed: 1.351 sec - in org.apache.storm.serialization.SerializationTest
Running org.apache.storm.serialization.ThriftBridgeSerializationDelegateTest
Tests run: 1, Failures: 0, Errors: 0, Skipped: 0, Time elapsed: 0.003 sec - in org.apache.storm.serialization.ThriftBridgeSerializationDelegateTest
Running org.apache.storm.grouping.PartialKeyGroupingTest
Tests run: 2, Failures: 0, Errors: 0, Skipped: 0, Time elapsed: 0.019 sec - in org.apache.storm.grouping.PartialKeyGroupingTest
Running org.apache.storm.command.TestCLI
Tests run: 1, Failures: 0, Errors: 0, Skipped: 0, Time elapsed: 0.007 sec - in org.apache.storm.command.TestCLI
Running org.apache.storm.command.RebalanceTest
Tests run: 2, Failures: 0, Errors: 0, Skipped: 0, Time elapsed: 0 sec - in org.apache.storm.command.RebalanceTest
Running org.apache.storm.command.SetLogLevelTest
Tests run: 3, Failures: 0, Errors: 0, Skipped: 0, Time elapsed: 0.003 sec - in org.apache.storm.command.SetLogLevelTest
Running org.apache.storm.utils.UtilsTest
Tests run: 8, Failures: 0, Errors: 0, Skipped: 0, Time elapsed: 0.087 sec - in org.apache.storm.utils.UtilsTest
Running org.apache.storm.utils.DisruptorQueueTest
Tests run: 3, Failures: 0, Errors: 0, Skipped: 0, Time elapsed: 3.462 sec - in org.apache.storm.utils.DisruptorQueueTest
Running org.apache.storm.utils.DisruptorQueueBackpressureTest
Tests run: 1, Failures: 0, Errors: 0, Skipped: 0, Time elapsed: 0.006 sec - in org.apache.storm.utils.DisruptorQueueBackpressureTest
Running org.apache.storm.utils.StormBoundedExponentialBackoffRetryTest
Tests run: 5, Failures: 0, Errors: 0, Skipped: 0, Time elapsed: 0.08 sec - in org.apache.storm.utils.StormBoundedExponentialBackoffRetryTest
Running org.apache.storm.utils.TimeTest
Tests run: 8, Failures: 0, Errors: 0, Skipped: 0, Time elapsed: 0.003 sec - in org.apache.storm.utils.TimeTest
Running org.apache.storm.utils.ThriftTopologyUtilsTest
Tests run: 5, Failures: 0, Errors: 0, Skipped: 0, Time elapsed: 0.019 sec - in org.apache.storm.utils.ThriftTopologyUtilsTest
Running org.apache.storm.utils.WorkerBackpressureThreadTest
Tests run: 1, Failures: 0, Errors: 0, Skipped: 0, Time elapsed: 0.201 sec - in org.apache.storm.utils.WorkerBackpressureThreadTest
Running org.apache.storm.utils.ShellBoltMessageQueueTest
Tests run: 3, Failures: 0, Errors: 0, Skipped: 0, Time elapsed: 2.013 sec - in org.apache.storm.utils.ShellBoltMessageQueueTest
Running org.apache.storm.metric.internal.CountStatAndMetricTest
Tests run: 1, Failures: 0, Errors: 0, Skipped: 0, Time elapsed: 0.006 sec - in org.apache.storm.metric.internal.CountStatAndMetricTest
Running org.apache.storm.metric.internal.RateTrackerTest
Tests run: 4, Failures: 0, Errors: 0, Skipped: 0, Time elapsed: 0.001 sec - in org.apache.storm.metric.internal.RateTrackerTest
Running org.apache.storm.metric.internal.LatencyStatAndMetricTest
Tests run: 1, Failures: 0, Errors: 0, Skipped: 0, Time elapsed: 0.027 sec - in org.apache.storm.metric.internal.LatencyStatAndMetricTest
Running org.apache.storm.metric.util.DataPointExpanderTest
Tests run: 5, Failures: 0, Errors: 0, Skipped: 0, Time elapsed: 0.02 sec - in org.apache.storm.metric.util.DataPointExpanderTest
Running org.apache.storm.metric.filter.FilterByMetricNameTest
Tests run: 4, Failures: 0, Errors: 0, Skipped: 0, Time elapsed: 0.043 sec - in org.apache.storm.metric.filter.FilterByMetricNameTest
Running org.apache.storm.scheduler.resource.strategies.scheduling.TestDefaultResourceAwareStrategy
Tests run: 2, Failures: 0, Errors: 0, Skipped: 0, Time elapsed: 1.397 sec - in org.apache.storm.scheduler.resource.strategies.scheduling.TestDefaultResourceAwareStrategy
Running org.apache.storm.scheduler.resource.TestResourceAwareScheduler
Tests run: 14, Failures: 0, Errors: 0, Skipped: 0, Time elapsed: 6.404 sec - in org.apache.storm.scheduler.resource.TestResourceAwareScheduler
Running org.apache.storm.scheduler.resource.TestUser
Tests run: 3, Failures: 0, Errors: 0, Skipped: 0, Time elapsed: 1.952 sec - in org.apache.storm.scheduler.resource.TestUser
Running org.apache.storm.localizer.LocalizerTest
Tests run: 13, Failures: 0, Errors: 0, Skipped: 0, Time elapsed: 2.203 sec - in org.apache.storm.localizer.LocalizerTest
Running org.apache.storm.localizer.LocalizedResourceRetentionSetTest
Tests run: 2, Failures: 0, Errors: 0, Skipped: 0, Time elapsed: 0.203 sec - in org.apache.storm.localizer.LocalizedResourceRetentionSetTest
Running org.apache.storm.localizer.LocalizedResourceSetTest
Tests run: 4, Failures: 0, Errors: 0, Skipped: 0, Time elapsed: 0.013 sec - in org.apache.storm.localizer.LocalizedResourceSetTest
Running org.apache.storm.spout.CheckpointSpoutTest
Tests run: 7, Failures: 0, Errors: 0, Skipped: 0, Time elapsed: 0.393 sec - in org.apache.storm.spout.CheckpointSpoutTest
Running org.apache.storm.blobstore.ClientBlobStoreTest
Tests run: 4, Failures: 0, Errors: 0, Skipped: 0, Time elapsed: 0.009 sec - in org.apache.storm.blobstore.ClientBlobStoreTest
Running org.apache.storm.blobstore.BlobStoreTest
Tests run: 4, Failures: 0, Errors: 0, Skipped: 0, Time elapsed: 1.174 sec - in org.apache.storm.blobstore.BlobStoreTest
Running org.apache.storm.blobstore.BlobSynchronizerTest
Tests run: 4, Failures: 0, Errors: 0, Skipped: 0, Time elapsed: 3.042 sec - in org.apache.storm.blobstore.BlobSynchronizerTest
Running org.apache.storm.topology.StatefulWindowedBoltExecutorTest
Tests run: 4, Failures: 0, Errors: 0, Skipped: 0, Time elapsed: 0.17 sec - in org.apache.storm.topology.StatefulWindowedBoltExecutorTest
Running org.apache.storm.topology.TopologyBuilderTest
Tests run: 5, Failures: 0, Errors: 0, Skipped: 0, Time elapsed: 0.667 sec - in org.apache.storm.topology.TopologyBuilderTest
Running org.apache.storm.topology.StatefulBoltExecutorTest
Tests run: 7, Failures: 0, Errors: 0, Skipped: 0, Time elapsed: 0.486 sec - in org.apache.storm.topology.StatefulBoltExecutorTest
Running org.apache.storm.topology.WindowedBoltExecutorTest
Tests run: 5, Failures: 0, Errors: 0, Skipped: 0, Time elapsed: 0.11 sec - in org.apache.storm.topology.WindowedBoltExecutorTest
Running org.apache.storm.state.InMemoryKeyValueStateTest
Tests run: 2, Failures: 0, Errors: 0, Skipped: 0, Time elapsed: 0.001 sec - in org.apache.storm.state.InMemoryKeyValueStateTest
Running org.apache.storm.windowing.WaterMarkEventGeneratorTest
Tests run: 5, Failures: 0, Errors: 0, Skipped: 0, Time elapsed: 0.01 sec - in org.apache.storm.windowing.WaterMarkEventGeneratorTest
Running org.apache.storm.windowing.WindowManagerTest
Tests run: 12, Failures: 0, Errors: 0, Skipped: 0, Time elapsed: 0.024 sec - in org.apache.storm.windowing.WindowManagerTest
Running org.apache.storm.trident.TestTridentTopology
Tests run: 1, Failures: 0, Errors: 0, Skipped: 0, Time elapsed: 35.153 sec - in org.apache.storm.trident.TestTridentTopology
Running org.apache.storm.trident.TridentWindowingTest
Tests run: 3, Failures: 0, Errors: 0, Skipped: 0, Time elapsed: 0.047 sec - in org.apache.storm.trident.TridentWindowingTest
Running org.apache.storm.nimbus.LocalNimbusTest
Tests run: 1, Failures: 0, Errors: 0, Skipped: 0, Time elapsed: 47.735 sec - in org.apache.storm.nimbus.LocalNimbusTest
Running org.apache.storm.tuple.FieldsTest
Tests run: 12, Failures: 0, Errors: 1, Skipped: 0, Time elapsed: 1.025 sec <<< FAILURE! - in org.apache.storm.tuple.FieldsTest
selectingUnknownFieldThrowsTest(org.apache.storm.tuple.FieldsTest)  Time elapsed: 0.019 sec  <<< ERROR!
java.lang.Exception: Unexpected exception, expected<java.lang.NullPointerException> but was<java.lang.IllegalArgumentException>
	at org.apache.storm.tuple.Fields.fieldIndex(Fields.java:104)
	at org.apache.storm.tuple.Fields.select(Fields.java:63)
	at org.apache.storm.tuple.FieldsTest.selectingUnknownFieldThrowsTest(FieldsTest.java:124)

Running org.apache.storm.TestConfigValidate
Tests run: 25, Failures: 0, Errors: 0, Skipped: 0, Time elapsed: 2.015 sec - in org.apache.storm.TestConfigValidate
Running org.apache.storm.PacemakerTest
Tests run: 9, Failures: 0, Errors: 0, Skipped: 0, Time elapsed: 1.156 sec - in org.apache.storm.PacemakerTest
Running org.apache.storm.TestCgroups
Tests run: 1, Failures: 0, Errors: 0, Skipped: 1, Time elapsed: 0.055 sec - in org.apache.storm.TestCgroups
Running org.apache.storm.PaceMakerStateStorageFactoryTest
Tests run: 10, Failures: 0, Errors: 0, Skipped: 0, Time elapsed: 2.416 sec - in org.apache.storm.PaceMakerStateStorageFactoryTest

Results :

Tests in error: 
  FieldsTest.selectingUnknownFieldThrowsTest Â»  Unexpected exception, expected<j...

Tests run: 261, Failures: 0, Errors: 1, Skipped: 1

[INFO] ------------------------------------------------------------------------
[INFO] BUILD FAILURE
[INFO] ------------------------------------------------------------------------
[INFO] Total time: 02:27 min
[INFO] Finished at: 2016-08-02T19:53:48+00:00
[INFO] Final Memory: 44M/424M
[INFO] ------------------------------------------------------------------------
[ERROR] Failed to execute goal org.apache.maven.plugins:maven-surefire-plugin:2.18.1:test (default-test) on project storm-core: There are test failures.
[ERROR] 
[ERROR] Please refer to /home/travis/build/apache/storm/storm-core/target/surefire-reports for the individual test results.
[ERROR] -> [Help 1]
[ERROR] 
[ERROR] To see the full stack trace of the errors, re-run Maven with the -e switch.
[ERROR] Re-run Maven using the -X switch to enable full debug logging.
[ERROR] 
[ERROR] For more information about the errors and possible solutions, please read the following articles:
[ERROR] [Help 1] http://cwiki.apache.org/confluence/display/MAVEN/MojoFailureException
Looking for errors in ./storm-core/target/surefire-reports
Checking ./storm-core/target/surefire-reports/TEST-org.apache.storm.security.serialization.BlowfishTupleSerializerTest.xml
Checking ./storm-core/target/surefire-reports/TEST-org.apache.storm.security.auth.ReqContextTest.xml
Checking ./storm-core/target/surefire-reports/TEST-org.apache.storm.security.auth.SaslTransportPluginTest.xml
Checking ./storm-core/target/surefire-reports/TEST-org.apache.storm.security.auth.ThriftClientTest.xml
Checking ./storm-core/target/surefire-reports/TEST-org.apache.storm.security.auth.AuthUtilsTest.xml
Checking ./storm-core/target/surefire-reports/TEST-org.apache.storm.security.auth.ThriftServerTest.xml
Checking ./storm-core/target/surefire-reports/TEST-org.apache.storm.cluster.StormClusterStateImplTest.xml
Checking ./storm-core/target/surefire-reports/TEST-org.apache.storm.serialization.GzipBridgeThriftSerializationDelegateTest.xml
Checking ./storm-core/target/surefire-reports/TEST-org.apache.storm.serialization.GzipBridgeSerializationDelegateTest.xml
Checking ./storm-core/target/surefire-reports/TEST-org.apache.storm.serialization.SerializationTest.xml
Checking ./storm-core/target/surefire-reports/TEST-org.apache.storm.serialization.ThriftBridgeSerializationDelegateTest.xml
Checking ./storm-core/target/surefire-reports/TEST-org.apache.storm.grouping.PartialKeyGroupingTest.xml
Checking ./storm-core/target/surefire-reports/TEST-org.apache.storm.command.TestCLI.xml
Checking ./storm-core/target/surefire-reports/TEST-org.apache.storm.command.RebalanceTest.xml
Checking ./storm-core/target/surefire-reports/TEST-org.apache.storm.command.SetLogLevelTest.xml
Checking ./storm-core/target/surefire-reports/TEST-org.apache.storm.utils.UtilsTest.xml
Checking ./storm-core/target/surefire-reports/TEST-org.apache.storm.utils.DisruptorQueueTest.xml
Checking ./storm-core/target/surefire-reports/TEST-org.apache.storm.utils.DisruptorQueueBackpressureTest.xml
Checking ./storm-core/target/surefire-reports/TEST-org.apache.storm.utils.StormBoundedExponentialBackoffRetryTest.xml
Checking ./storm-core/target/surefire-reports/TEST-org.apache.storm.utils.TimeTest.xml
Checking ./storm-core/target/surefire-reports/TEST-org.apache.storm.utils.ThriftTopologyUtilsTest.xml
Checking ./storm-core/target/surefire-reports/TEST-org.apache.storm.utils.WorkerBackpressureThreadTest.xml
Checking ./storm-core/target/surefire-reports/TEST-org.apache.storm.utils.ShellBoltMessageQueueTest.xml
Checking ./storm-core/target/surefire-reports/TEST-org.apache.storm.metric.internal.CountStatAndMetricTest.xml
Checking ./storm-core/target/surefire-reports/TEST-org.apache.storm.metric.internal.RateTrackerTest.xml
Checking ./storm-core/target/surefire-reports/TEST-org.apache.storm.metric.internal.LatencyStatAndMetricTest.xml
Checking ./storm-core/target/surefire-reports/TEST-org.apache.storm.metric.util.DataPointExpanderTest.xml
Checking ./storm-core/target/surefire-reports/TEST-org.apache.storm.metric.filter.FilterByMetricNameTest.xml
Checking ./storm-core/target/surefire-reports/TEST-org.apache.storm.scheduler.resource.strategies.scheduling.TestDefaultResourceAwareStrategy.xml
Checking ./storm-core/target/surefire-reports/TEST-org.apache.storm.scheduler.resource.TestResourceAwareScheduler.xml
Checking ./storm-core/target/surefire-reports/TEST-org.apache.storm.scheduler.resource.TestUser.xml
Checking ./storm-core/target/surefire-reports/TEST-org.apache.storm.localizer.LocalizerTest.xml
Checking ./storm-core/target/surefire-reports/TEST-org.apache.storm.localizer.LocalizedResourceRetentionSetTest.xml
Checking ./storm-core/target/surefire-reports/TEST-org.apache.storm.localizer.LocalizedResourceSetTest.xml
Checking ./storm-core/target/surefire-reports/TEST-org.apache.storm.spout.CheckpointSpoutTest.xml
Checking ./storm-core/target/surefire-reports/TEST-org.apache.storm.blobstore.ClientBlobStoreTest.xml
Checking ./storm-core/target/surefire-reports/TEST-org.apache.storm.blobstore.BlobStoreTest.xml
Checking ./storm-core/target/surefire-reports/TEST-org.apache.storm.blobstore.BlobSynchronizerTest.xml
Checking ./storm-core/target/surefire-reports/TEST-org.apache.storm.topology.StatefulWindowedBoltExecutorTest.xml
Checking ./storm-core/target/surefire-reports/TEST-org.apache.storm.topology.TopologyBuilderTest.xml
Checking ./storm-core/target/surefire-reports/TEST-org.apache.storm.topology.StatefulBoltExecutorTest.xml
Checking ./storm-core/target/surefire-reports/TEST-org.apache.storm.topology.WindowedBoltExecutorTest.xml
Checking ./storm-core/target/surefire-reports/TEST-org.apache.storm.state.InMemoryKeyValueStateTest.xml
Checking ./storm-core/target/surefire-reports/TEST-org.apache.storm.windowing.WaterMarkEventGeneratorTest.xml
Checking ./storm-core/target/surefire-reports/TEST-org.apache.storm.windowing.WindowManagerTest.xml
Checking ./storm-core/target/surefire-reports/TEST-org.apache.storm.trident.TestTridentTopology.xml
Checking ./storm-core/target/surefire-reports/TEST-org.apache.storm.trident.TridentWindowingTest.xml
Checking ./storm-core/target/surefire-reports/TEST-org.apache.storm.nimbus.LocalNimbusTest.xml
Checking ./storm-core/target/surefire-reports/TEST-org.apache.storm.tuple.FieldsTest.xml
--------------------------------------------------
classname: org.apache.storm.tuple.FieldsTest / testname: selectingUnknownFieldThrowsTest
java.lang.Exception: Unexpected exception, expected<java.lang.NullPointerException> but was<java.lang.IllegalArgumentException>
	at org.apache.storm.tuple.Fields.fieldIndex(Fields.java:104)
	at org.apache.storm.tuple.Fields.select(Fields.java:63)
	at org.apache.storm.tuple.FieldsTest.selectingUnknownFieldThrowsTest(FieldsTest.java:124)

--------------------------------------------------
Checking ./storm-core/target/surefire-reports/TEST-org.apache.storm.TestConfigValidate.xml
Checking ./storm-core/target/surefire-reports/TEST-org.apache.storm.PacemakerTest.xml
Checking ./storm-core/target/surefire-reports/TEST-org.apache.storm.TestCgroups.xml
Checking ./storm-core/target/surefire-reports/TEST-org.apache.storm.PaceMakerStateStorageFactoryTest.xml

travis_time:end:2ba75d75:start=1470167479321247506,finish=1470167629323820466,duration=150002572960[0K
[31;1mThe command "/bin/bash ./dev-tools/travis/travis-script.sh `pwd` $MODULES" exited with 1.[0m
travis_fold:start:cache.2[0Kstore build cache
travis_time:start:07a1b7f4[0K
travis_time:end:07a1b7f4:start=1470167629328772652,finish=1470167629332553212,duration=3780560[0Ktravis_time:start:073d4907[0K[32;1mchange detected (content changed, file is created, or file is deleted):
/home/travis/.m2/repository/eigenbase/eigenbase-properties/1.1.4/eigenbase-properties-1.1.4.pom.lastUpdated
/home/travis/.m2/repository/io/confluent/kafka-avro-serializer/1.0/kafka-avro-serializer-1.0.pom.lastUpdated
/home/travis/.m2/repository/io/confluent/kafka-schema-registry-client/1.0/kafka-schema-registry-client-1.0.pom.lastUpdated
/home/travis/.m2/repository/net/hydromatic/linq4j/0.4/linq4j-0.4.pom.lastUpdated
/home/travis/.m2/repository/net/hydromatic/quidem/0.1.1/quidem-0.1.1.pom.lastUpdated
/home/travis/.m2/repository/org/apache/storm/flux/2.0.0-SNAPSHOT/flux-2.0.0-SNAPSHOT.pom
/home/travis/.m2/repository/org/apache/storm/flux/2.0.0-SNAPSHOT/maven-metadata-local.xml
/home/travis/.m2/repository/org/apache/storm/flux/2.0.0-SNAPSHOT/_remote.repositories
/home/travis/.m2/repository/org/apache/storm/flux-core/2.0.0-SNAPSHOT/flux-core-2.0.0-SNAPSHOT.jar
/home/travis/.m2/repository/org/apache/storm/flux-core/2.0.0-SNAPSHOT/flux-core-2.0.0-SNAPSHOT.pom
/home/travis/.m2/repository/org/
[0m
[32;1m...
[0m
[32;1mchanges detected, packing new archive[0m
.
.
.
.
.
.
[32;1muploading archive[0m

travis_time:end:073d4907:start=1470167629336897831,finish=1470167676720692801,duration=47383794970[0Ktravis_fold:end:cache.2[0K
Done. Your build exited with 1.
