Using worker: worker-linux-docker-05058efd.prod.travis-ci.org:travis-linux-11

travis_fold:start:system_info[0K[33;1mBuild system information[0m
Build language: java
Build group: stable
Build dist: precise
Build id: 149381579
Job id: 149381580
travis-build version: 8f19210ce
[34m[1mBuild image provisioning date and time[0m
Thu Feb  5 15:09:33 UTC 2015
[34m[1mOperating System Details[0m
Distributor ID:	Ubuntu
Description:	Ubuntu 12.04.5 LTS
Release:	12.04
Codename:	precise
[34m[1mLinux Version[0m
3.13.0-29-generic
[34m[1mCookbooks Version[0m
a68419e https://github.com/travis-ci/travis-cookbooks/tree/a68419e
[34m[1mGCC version[0m
gcc (Ubuntu/Linaro 4.6.3-1ubuntu5) 4.6.3
Copyright (C) 2011 Free Software Foundation, Inc.
This is free software; see the source for copying conditions.  There is NO
warranty; not even for MERCHANTABILITY or FITNESS FOR A PARTICULAR PURPOSE.

[34m[1mLLVM version[0m
clang version 3.4 (tags/RELEASE_34/final)
Target: x86_64-unknown-linux-gnu
Thread model: posix
[34m[1mPre-installed Ruby versions[0m
ruby-1.9.3-p551
[34m[1mPre-installed Node.js versions[0m
v0.10.36
[34m[1mPre-installed Go versions[0m
1.4.1
[34m[1mRedis version[0m
redis-server 2.8.19
[34m[1mriak version[0m
2.0.2
[34m[1mMongoDB version[0m
MongoDB 2.4.12
[34m[1mCouchDB version[0m
couchdb 1.6.1
[34m[1mNeo4j version[0m
1.9.4
[34m[1mRabbitMQ Version[0m
3.4.3
[34m[1mElasticSearch version[0m
1.4.0
[34m[1mInstalled Sphinx versions[0m
2.0.10
2.1.9
2.2.6
[34m[1mDefault Sphinx version[0m
2.2.6
[34m[1mInstalled Firefox version[0m
firefox 31.0esr
[34m[1mPhantomJS version[0m
1.9.8
[34m[1mant -version[0m
Apache Ant(TM) version 1.8.2 compiled on December 3 2011
[34m[1mmvn -version[0m
Apache Maven 3.2.5 (12a6b3acb947671f09b81f49094c53f426d8cea1; 2014-12-14T17:29:23+00:00)
Maven home: /usr/local/maven
Java version: 1.7.0_76, vendor: Oracle Corporation
Java home: /usr/lib/jvm/java-7-oracle/jre
Default locale: en_US, platform encoding: ANSI_X3.4-1968
OS name: "linux", version: "3.13.0-29-generic", arch: "amd64", family: "unix"
travis_fold:end:system_info[0K
travis_fold:start:fix.CVE-2015-7547[0K$ export DEBIAN_FRONTEND=noninteractive
W: Size of file /var/lib/apt/lists/us.archive.ubuntu.com_ubuntu_dists_precise-backports_multiverse_source_Sources.gz is not what the server reported 5886 5888
W: Size of file /var/lib/apt/lists/ppa.launchpad.net_ubuntugis_ppa_ubuntu_dists_precise_main_binary-amd64_Packages.gz is not what the server reported 33653 36677
W: Size of file /var/lib/apt/lists/ppa.launchpad.net_ubuntugis_ppa_ubuntu_dists_precise_main_binary-i386_Packages.gz is not what the server reported 33699 36733
Reading package lists...
Building dependency tree...
Reading state information...
The following extra packages will be installed:
  libc-bin libc-dev-bin libc6-dev
Suggested packages:
  glibc-doc
The following packages will be upgraded:
  libc-bin libc-dev-bin libc6 libc6-dev
4 upgraded, 0 newly installed, 0 to remove and 252 not upgraded.
Need to get 8,840 kB of archives.
After this operation, 14.3 kB disk space will be freed.
Get:1 http://us.archive.ubuntu.com/ubuntu/ precise-updates/main libc6-dev amd64 2.15-0ubuntu10.15 [2,943 kB]
Get:2 http://us.archive.ubuntu.com/ubuntu/ precise-updates/main libc-dev-bin amd64 2.15-0ubuntu10.15 [84.7 kB]
Get:3 http://us.archive.ubuntu.com/ubuntu/ precise-updates/main libc-bin amd64 2.15-0ubuntu10.15 [1,177 kB]
Get:4 http://us.archive.ubuntu.com/ubuntu/ precise-updates/main libc6 amd64 2.15-0ubuntu10.15 [4,636 kB]
Fetched 8,840 kB in 0s (36.7 MB/s)
Preconfiguring packages ...
(Reading database ... (Reading database ... 5%(Reading database ... 10%(Reading database ... 15%(Reading database ... 20%(Reading database ... 25%(Reading database ... 30%(Reading database ... 35%(Reading database ... 40%(Reading database ... 45%(Reading database ... 50%(Reading database ... 55%(Reading database ... 60%(Reading database ... 65%(Reading database ... 70%(Reading database ... 75%(Reading database ... 80%(Reading database ... 85%(Reading database ... 90%(Reading database ... 95%(Reading database ... 100%(Reading database ... 72019 files and directories currently installed.)
Preparing to replace libc6-dev 2.15-0ubuntu10.10 (using .../libc6-dev_2.15-0ubuntu10.15_amd64.deb) ...
Unpacking replacement libc6-dev ...
Preparing to replace libc-dev-bin 2.15-0ubuntu10.10 (using .../libc-dev-bin_2.15-0ubuntu10.15_amd64.deb) ...
Unpacking replacement libc-dev-bin ...
Preparing to replace libc-bin 2.15-0ubuntu10.10 (using .../libc-bin_2.15-0ubuntu10.15_amd64.deb) ...
Unpacking replacement libc-bin ...
Processing triggers for man-db ...
Setting up libc-bin (2.15-0ubuntu10.15) ...
(Reading database ... (Reading database ... 5%(Reading database ... 10%(Reading database ... 15%(Reading database ... 20%(Reading database ... 25%(Reading database ... 30%(Reading database ... 35%(Reading database ... 40%(Reading database ... 45%(Reading database ... 50%(Reading database ... 55%(Reading database ... 60%(Reading database ... 65%(Reading database ... 70%(Reading database ... 75%(Reading database ... 80%(Reading database ... 85%(Reading database ... 90%(Reading database ... 95%(Reading database ... 100%(Reading database ... 72018 files and directories currently installed.)
Preparing to replace libc6 2.15-0ubuntu10.10 (using .../libc6_2.15-0ubuntu10.15_amd64.deb) ...
Unpacking replacement libc6 ...
Setting up libc6 (2.15-0ubuntu10.15) ...
Setting up libc-dev-bin (2.15-0ubuntu10.15) ...
Setting up libc6-dev (2.15-0ubuntu10.15) ...
Processing triggers for libc-bin ...
ldconfig deferred processing now taking place
travis_fold:end:fix.CVE-2015-7547[0Ktravis_fold:start:git.checkout[0Ktravis_time:start:30593bc2[0K$ git clone --depth=50 --branch=master https://github.com/apache/storm.git apache/storm
Cloning into 'apache/storm'...
remote: Counting objects: 20933, done.[K
remote: Compressing objects:   0% (1/8413)   [Kremote: Compressing objects:   1% (85/8413)   [Kremote: Compressing objects:   2% (169/8413)   [Kremote: Compressing objects:   3% (253/8413)   [Kremote: Compressing objects:   4% (337/8413)   [Kremote: Compressing objects:   5% (421/8413)   [Kremote: Compressing objects:   6% (505/8413)   [Kremote: Compressing objects:   7% (589/8413)   [Kremote: Compressing objects:   8% (674/8413)   [Kremote: Compressing objects:   9% (758/8413)   [Kremote: Compressing objects:  10% (842/8413)   [Kremote: Compressing objects:  11% (926/8413)   [Kremote: Compressing objects:  12% (1010/8413)   [Kremote: Compressing objects:  13% (1094/8413)   [Kremote: Compressing objects:  14% (1178/8413)   [Kremote: Compressing objects:  15% (1262/8413)   [Kremote: Compressing objects:  16% (1347/8413)   [Kremote: Compressing objects:  17% (1431/8413)   [Kremote: Compressing objects:  18% (1515/8413)   [Kremote: Compressing objects:  19% (1599/8413)   [Kremote: Compressing objects:  20% (1683/8413)   [Kremote: Compressing objects:  21% (1767/8413)   [Kremote: Compressing objects:  22% (1851/8413)   [Kremote: Compressing objects:  23% (1935/8413)   [Kremote: Compressing objects:  24% (2020/8413)   [Kremote: Compressing objects:  25% (2104/8413)   [Kremote: Compressing objects:  26% (2188/8413)   [Kremote: Compressing objects:  27% (2272/8413)   [Kremote: Compressing objects:  28% (2356/8413)   [Kremote: Compressing objects:  29% (2440/8413)   [Kremote: Compressing objects:  30% (2524/8413)   [Kremote: Compressing objects:  31% (2609/8413)   [Kremote: Compressing objects:  32% (2693/8413)   [Kremote: Compressing objects:  33% (2777/8413)   [Kremote: Compressing objects:  34% (2861/8413)   [Kremote: Compressing objects:  35% (2945/8413)   [Kremote: Compressing objects:  36% (3029/8413)   [Kremote: Compressing objects:  37% (3113/8413)   [Kremote: Compressing objects:  38% (3197/8413)   [Kremote: Compressing objects:  39% (3282/8413)   [Kremote: Compressing objects:  40% (3366/8413)   [Kremote: Compressing objects:  41% (3450/8413)   [Kremote: Compressing objects:  42% (3534/8413)   [Kremote: Compressing objects:  43% (3618/8413)   [Kremote: Compressing objects:  44% (3702/8413)   [Kremote: Compressing objects:  45% (3786/8413)   [Kremote: Compressing objects:  46% (3870/8413)   [Kremote: Compressing objects:  47% (3955/8413)   [Kremote: Compressing objects:  48% (4039/8413)   [Kremote: Compressing objects:  49% (4123/8413)   [Kremote: Compressing objects:  50% (4207/8413)   [Kremote: Compressing objects:  51% (4291/8413)   [Kremote: Compressing objects:  52% (4375/8413)   [Kremote: Compressing objects:  53% (4459/8413)   [Kremote: Compressing objects:  54% (4544/8413)   [Kremote: Compressing objects:  55% (4628/8413)   [Kremote: Compressing objects:  56% (4712/8413)   [Kremote: Compressing objects:  57% (4796/8413)   [Kremote: Compressing objects:  58% (4880/8413)   [Kremote: Compressing objects:  59% (4964/8413)   [Kremote: Compressing objects:  60% (5048/8413)   [Kremote: Compressing objects:  61% (5132/8413)   [Kremote: Compressing objects:  62% (5217/8413)   [Kremote: Compressing objects:  63% (5301/8413)   [Kremote: Compressing objects:  64% (5385/8413)   [Kremote: Compressing objects:  65% (5469/8413)   [Kremote: Compressing objects:  66% (5553/8413)   [Kremote: Compressing objects:  67% (5637/8413)   [Kremote: Compressing objects:  68% (5721/8413)   [Kremote: Compressing objects:  69% (5805/8413)   [Kremote: Compressing objects:  70% (5890/8413)   [Kremote: Compressing objects:  71% (5974/8413)   [Kremote: Compressing objects:  72% (6058/8413)   [Kremote: Compressing objects:  73% (6142/8413)   [Kremote: Compressing objects:  74% (6226/8413)   [Kremote: Compressing objects:  75% (6310/8413)   [Kremote: Compressing objects:  76% (6394/8413)   [Kremote: Compressing objects:  77% (6479/8413)   [Kremote: Compressing objects:  78% (6563/8413)   [Kremote: Compressing objects:  79% (6647/8413)   [Kremote: Compressing objects:  80% (6731/8413)   [Kremote: Compressing objects:  81% (6815/8413)   [Kremote: Compressing objects:  82% (6899/8413)   [Kremote: Compressing objects:  83% (6983/8413)   [Kremote: Compressing objects:  84% (7067/8413)   [Kremote: Compressing objects:  85% (7152/8413)   [Kremote: Compressing objects:  86% (7236/8413)   [Kremote: Compressing objects:  87% (7320/8413)   [Kremote: Compressing objects:  88% (7404/8413)   [Kremote: Compressing objects:  89% (7488/8413)   [Kremote: Compressing objects:  90% (7572/8413)   [Kremote: Compressing objects:  91% (7656/8413)   [Kremote: Compressing objects:  92% (7740/8413)   [Kremote: Compressing objects:  93% (7825/8413)   [Kremote: Compressing objects:  94% (7909/8413)   [Kremote: Compressing objects:  95% (7993/8413)   [Kremote: Compressing objects:  96% (8077/8413)   [Kremote: Compressing objects:  97% (8161/8413)   [Kremote: Compressing objects:  98% (8245/8413)   [Kremote: Compressing objects:  99% (8329/8413)   [Kremote: Compressing objects: 100% (8413/8413)   [Kremote: Compressing objects: 100% (8413/8413), done.[K
Receiving objects:   0% (1/20933)   Receiving objects:   1% (210/20933)   Receiving objects:   2% (419/20933)   Receiving objects:   3% (628/20933)   Receiving objects:   4% (838/20933)   Receiving objects:   5% (1047/20933)   Receiving objects:   6% (1256/20933)   Receiving objects:   7% (1466/20933)   Receiving objects:   8% (1675/20933)   Receiving objects:   9% (1884/20933)   Receiving objects:  10% (2094/20933)   Receiving objects:  11% (2303/20933)   Receiving objects:  12% (2512/20933)   Receiving objects:  13% (2722/20933)   Receiving objects:  14% (2931/20933)   Receiving objects:  15% (3140/20933)   Receiving objects:  16% (3350/20933)   Receiving objects:  17% (3559/20933)   Receiving objects:  18% (3768/20933)   Receiving objects:  19% (3978/20933)   Receiving objects:  20% (4187/20933)   Receiving objects:  21% (4396/20933)   Receiving objects:  22% (4606/20933)   Receiving objects:  23% (4815/20933)   Receiving objects:  24% (5024/20933)   Receiving objects:  25% (5234/20933)   Receiving objects:  26% (5443/20933)   Receiving objects:  27% (5652/20933)   Receiving objects:  28% (5862/20933)   Receiving objects:  29% (6071/20933)   Receiving objects:  30% (6280/20933)   Receiving objects:  31% (6490/20933)   Receiving objects:  32% (6699/20933)   Receiving objects:  33% (6908/20933)   Receiving objects:  34% (7118/20933)   Receiving objects:  35% (7327/20933)   Receiving objects:  36% (7536/20933)   Receiving objects:  37% (7746/20933)   Receiving objects:  38% (7955/20933)   Receiving objects:  39% (8164/20933)   Receiving objects:  40% (8374/20933)   Receiving objects:  41% (8583/20933)   Receiving objects:  42% (8792/20933)   Receiving objects:  43% (9002/20933)   Receiving objects:  44% (9211/20933)   Receiving objects:  45% (9420/20933)   Receiving objects:  46% (9630/20933)   Receiving objects:  47% (9839/20933)   Receiving objects:  48% (10048/20933)   Receiving objects:  49% (10258/20933), 10.93 MiB | 21.81 MiB/s   Receiving objects:  50% (10467/20933), 10.93 MiB | 21.81 MiB/s   Receiving objects:  51% (10676/20933), 10.93 MiB | 21.81 MiB/s   Receiving objects:  52% (10886/20933), 10.93 MiB | 21.81 MiB/s   Receiving objects:  53% (11095/20933), 10.93 MiB | 21.81 MiB/s   Receiving objects:  54% (11304/20933), 10.93 MiB | 21.81 MiB/s   Receiving objects:  55% (11514/20933), 10.93 MiB | 21.81 MiB/s   Receiving objects:  56% (11723/20933), 10.93 MiB | 21.81 MiB/s   Receiving objects:  57% (11932/20933), 10.93 MiB | 21.81 MiB/s   Receiving objects:  58% (12142/20933), 10.93 MiB | 21.81 MiB/s   Receiving objects:  59% (12351/20933), 10.93 MiB | 21.81 MiB/s   Receiving objects:  60% (12560/20933), 10.93 MiB | 21.81 MiB/s   Receiving objects:  61% (12770/20933), 10.93 MiB | 21.81 MiB/s   Receiving objects:  62% (12979/20933), 10.93 MiB | 21.81 MiB/s   Receiving objects:  63% (13188/20933), 10.93 MiB | 21.81 MiB/s   Receiving objects:  64% (13398/20933), 10.93 MiB | 21.81 MiB/s   Receiving objects:  65% (13607/20933), 10.93 MiB | 21.81 MiB/s   Receiving objects:  66% (13816/20933), 10.93 MiB | 21.81 MiB/s   Receiving objects:  67% (14026/20933), 10.93 MiB | 21.81 MiB/s   Receiving objects:  68% (14235/20933), 10.93 MiB | 21.81 MiB/s   Receiving objects:  69% (14444/20933), 10.93 MiB | 21.81 MiB/s   Receiving objects:  70% (14654/20933), 10.93 MiB | 21.81 MiB/s   Receiving objects:  71% (14863/20933), 10.93 MiB | 21.81 MiB/s   Receiving objects:  72% (15072/20933), 10.93 MiB | 21.81 MiB/s   Receiving objects:  73% (15282/20933), 10.93 MiB | 21.81 MiB/s   Receiving objects:  74% (15491/20933), 10.93 MiB | 21.81 MiB/s   Receiving objects:  75% (15700/20933), 10.93 MiB | 21.81 MiB/s   Receiving objects:  76% (15910/20933), 10.93 MiB | 21.81 MiB/s   Receiving objects:  77% (16119/20933), 10.93 MiB | 21.81 MiB/s   Receiving objects:  78% (16328/20933), 10.93 MiB | 21.81 MiB/s   Receiving objects:  79% (16538/20933), 10.93 MiB | 21.81 MiB/s   Receiving objects:  80% (16747/20933), 10.93 MiB | 21.81 MiB/s   Receiving objects:  81% (16956/20933), 10.93 MiB | 21.81 MiB/s   Receiving objects:  82% (17166/20933), 10.93 MiB | 21.81 MiB/s   Receiving objects:  83% (17375/20933), 10.93 MiB | 21.81 MiB/s   Receiving objects:  84% (17584/20933), 10.93 MiB | 21.81 MiB/s   Receiving objects:  85% (17794/20933), 10.93 MiB | 21.81 MiB/s   Receiving objects:  86% (18003/20933), 10.93 MiB | 21.81 MiB/s   Receiving objects:  87% (18212/20933), 10.93 MiB | 21.81 MiB/s   Receiving objects:  88% (18422/20933), 10.93 MiB | 21.81 MiB/s   Receiving objects:  89% (18631/20933), 10.93 MiB | 21.81 MiB/s   Receiving objects:  90% (18840/20933), 10.93 MiB | 21.81 MiB/s   Receiving objects:  91% (19050/20933), 10.93 MiB | 21.81 MiB/s   Receiving objects:  92% (19259/20933), 10.93 MiB | 21.81 MiB/s   Receiving objects:  93% (19468/20933), 10.93 MiB | 21.81 MiB/s   Receiving objects:  94% (19678/20933), 10.93 MiB | 21.81 MiB/s   Receiving objects:  95% (19887/20933), 10.93 MiB | 21.81 MiB/s   Receiving objects:  96% (20096/20933), 10.93 MiB | 21.81 MiB/s   Receiving objects:  97% (20306/20933), 10.93 MiB | 21.81 MiB/s   Receiving objects:  98% (20515/20933), 10.93 MiB | 21.81 MiB/s   Receiving objects:  99% (20724/20933), 10.93 MiB | 21.81 MiB/s   remote: Total 20933 (delta 10002), reused 18098 (delta 7782), pack-reused 0[K
Receiving objects: 100% (20933/20933), 10.93 MiB | 21.81 MiB/s   Receiving objects: 100% (20933/20933), 15.54 MiB | 21.81 MiB/s, done.
Resolving deltas:   0% (0/10002)   Resolving deltas:   1% (102/10002)   Resolving deltas:   2% (201/10002)   Resolving deltas:   3% (302/10002)   Resolving deltas:   4% (405/10002)   Resolving deltas:   5% (503/10002)   Resolving deltas:   6% (606/10002)   Resolving deltas:   7% (703/10002)   Resolving deltas:   8% (806/10002)   Resolving deltas:   9% (953/10002)   Resolving deltas:  10% (1002/10002)   Resolving deltas:  11% (1137/10002)   Resolving deltas:  12% (1204/10002)   Resolving deltas:  13% (1302/10002)   Resolving deltas:  14% (1403/10002)   Resolving deltas:  15% (1507/10002)   Resolving deltas:  16% (1603/10002)   Resolving deltas:  17% (1702/10002)   Resolving deltas:  18% (1803/10002)   Resolving deltas:  19% (1901/10002)   Resolving deltas:  20% (2004/10002)   Resolving deltas:  21% (2101/10002)   Resolving deltas:  22% (2205/10002)   Resolving deltas:  23% (2304/10002)   Resolving deltas:  24% (2408/10002)   Resolving deltas:  25% (2544/10002)   Resolving deltas:  26% (2616/10002)   Resolving deltas:  27% (2735/10002)   Resolving deltas:  28% (2837/10002)   Resolving deltas:  29% (2917/10002)   Resolving deltas:  31% (3148/10002)   Resolving deltas:  32% (3203/10002)   Resolving deltas:  33% (3308/10002)   Resolving deltas:  34% (3416/10002)   Resolving deltas:  35% (3503/10002)   Resolving deltas:  36% (3607/10002)   Resolving deltas:  37% (3713/10002)   Resolving deltas:  38% (3806/10002)   Resolving deltas:  39% (3909/10002)   Resolving deltas:  40% (4001/10002)   Resolving deltas:  41% (4101/10002)   Resolving deltas:  42% (4202/10002)   Resolving deltas:  43% (4307/10002)   Resolving deltas:  44% (4408/10002)   Resolving deltas:  45% (4515/10002)   Resolving deltas:  46% (4601/10002)   Resolving deltas:  47% (4702/10002)   Resolving deltas:  48% (4801/10002)   Resolving deltas:  49% (4902/10002)   Resolving deltas:  50% (5020/10002)   Resolving deltas:  51% (5104/10002)   Resolving deltas:  52% (5204/10002)   Resolving deltas:  53% (5305/10002)   Resolving deltas:  54% (5406/10002)   Resolving deltas:  55% (5527/10002)   Resolving deltas:  56% (5603/10002)   Resolving deltas:  57% (5703/10002)   Resolving deltas:  58% (5803/10002)   Resolving deltas:  60% (6004/10002)   Resolving deltas:  61% (6118/10002)   Resolving deltas:  62% (6203/10002)   Resolving deltas:  63% (6319/10002)   Resolving deltas:  64% (6405/10002)   Resolving deltas:  65% (6577/10002)   Resolving deltas:  66% (6632/10002)   Resolving deltas:  69% (6973/10002)   Resolving deltas:  70% (7008/10002)   Resolving deltas:  73% (7386/10002)   Resolving deltas:  74% (7410/10002)   Resolving deltas:  76% (7603/10002)   Resolving deltas:  77% (7782/10002)   Resolving deltas:  78% (7830/10002)   Resolving deltas:  79% (7919/10002)   Resolving deltas:  80% (8012/10002)   Resolving deltas:  81% (8104/10002)   Resolving deltas:  82% (8209/10002)   Resolving deltas:  83% (8305/10002)   Resolving deltas:  84% (8405/10002)   Resolving deltas:  85% (8510/10002)   Resolving deltas:  86% (8602/10002)   Resolving deltas:  87% (8726/10002)   Resolving deltas:  88% (8804/10002)   Resolving deltas:  89% (8906/10002)   Resolving deltas:  91% (9168/10002)   Resolving deltas:  92% (9236/10002)   Resolving deltas:  93% (9303/10002)   Resolving deltas:  94% (9409/10002)   Resolving deltas:  95% (9504/10002)   Resolving deltas:  96% (9618/10002)   Resolving deltas:  97% (9702/10002)   Resolving deltas:  98% (9806/10002)   Resolving deltas:  99% (9930/10002)   Resolving deltas: 100% (10002/10002)   Resolving deltas: 100% (10002/10002), done.
Checking connectivity... done.

travis_time:end:30593bc2:start=1470201702172983403,finish=1470201704877314849,duration=2704331446[0K$ cd apache/storm
$ git checkout -qf 4abd6e9261ecc463fb551c059833397dd3d61208
travis_fold:end:git.checkout[0K
[33;1mThis job is running on container-based infrastructure, which does not allow use of 'sudo', setuid and setguid executables.[0m
[33;1mIf you require sudo, add 'sudo: required' to your .travis.yml[0m
[33;1mSee https://docs.travis-ci.com/user/workers/container-based-infrastructure/ for details.[0m

[33;1mSetting environment variables from .travis.yml[0m
$ export MODULES=storm-core

$ jdk_switcher use oraclejdk7
Switching to Oracle JDK7 (java-7-oracle), JAVA_HOME will be set to /usr/lib/jvm/java-7-oracle
travis_fold:start:cache.1[0KSetting up build cache
$ export CASHER_DIR=$HOME/.casher
travis_time:start:00a6baf8[0K$ Installing caching utilities

travis_time:end:00a6baf8:start=1470201707168400334,finish=1470201707332384924,duration=163984590[0Ktravis_time:start:073b141c[0K
travis_time:end:073b141c:start=1470201707337757368,finish=1470201707341285091,duration=3527723[0Ktravis_time:start:09829bd8[0K[32;1mattempting to download cache archive[0m
[32;1mfetching master/cache-linux-precise-4722ea394922d42b2b7eb84cff6efc764d76759821ac6f6efc13232aa923f595--jdk-oraclejdk7.tgz[0m
[32;1mfound cache[0m

travis_time:end:09829bd8:start=1470201707345963691,finish=1470201726635804200,duration=19289840509[0Ktravis_time:start:189524ee[0K
travis_time:end:189524ee:start=1470201726640294372,finish=1470201726644123905,duration=3829533[0Ktravis_time:start:0a215423[0K[32;1madding /home/travis/.m2/repository to cache[0m
[32;1madding /home/travis/.rvm to cache[0m
[32;1madding /home/travis/.nvm to cache[0m

travis_time:end:0a215423:start=1470201726648594587,finish=1470201739292929628,duration=12644335041[0Ktravis_fold:end:cache.1[0K$ java -Xmx32m -version
java version "1.7.0_76"
Java(TM) SE Runtime Environment (build 1.7.0_76-b13)
Java HotSpot(TM) 64-Bit Server VM (build 24.76-b04, mixed mode)
$ javac -J-Xmx32m -version
javac 1.7.0_76
travis_fold:start:before_install.1[0Ktravis_time:start:0d9d06c4[0K$ rvm use 2.1.5 --install
[32mUsing /home/travis/.rvm/gems/ruby-2.1.5[0m

travis_time:end:0d9d06c4:start=1470201739744624343,finish=1470201740006571404,duration=261947061[0Ktravis_fold:end:before_install.1[0Ktravis_fold:start:before_install.2[0Ktravis_time:start:0310dca0[0K$ nvm install 0.12.2
v0.12.2 is already installed.
Now using node v0.12.2

travis_time:end:0310dca0:start=1470201740011096462,finish=1470201740256684785,duration=245588323[0Ktravis_fold:end:before_install.2[0Ktravis_fold:start:before_install.3[0Ktravis_time:start:0b4a23e0[0K$ nvm use 0.12.2
Now using node v0.12.2

travis_time:end:0b4a23e0:start=1470201740261629100,finish=1470201740327672366,duration=66043266[0Ktravis_fold:end:before_install.3[0Ktravis_fold:start:install[0Ktravis_time:start:0140809d[0K$ /bin/bash ./dev-tools/travis/travis-install.sh `pwd`
Python version :   Python 2.7.3
Maven version  :   Apache Maven 3.2.5 (12a6b3acb947671f09b81f49094c53f426d8cea1; 2014-12-14T17:29:23+00:00) Maven home: /usr/local/maven Java version: 1.7.0_76, vendor: Oracle Corporation Java home: /usr/lib/jvm/java-7-oracle/jre Default locale: en_US, platform encoding: UTF-8 OS name: "linux", version: "3.13.0-40-generic", arch: "amd64", family: "unix"
['mvn', 'clean', 'install', '-DskipTests', '-Pnative', '--batch-mode'] writing to install.txt
9 seconds 1 log lines20 seconds 228 log lines47 seconds 324 log lines60 seconds 331 log lines71 seconds 405 log lines90 seconds 653 log lines101 seconds 869 log lines112 seconds 918 log lines122 seconds 1185 log lines143 seconds 1469 log lines154 seconds 1772 log lines164 seconds 2178 log lines174 seconds 2229 log lines185 seconds 2525 log lines195 seconds 2945 log lines203 seconds 2981 log lines
['mvn', 'clean', 'install', '-DskipTests', '-Pnative', '--batch-mode'] done 0

travis_time:end:0140809d:start=1470201740332820675,finish=1470201944277651734,duration=203944831059[0Ktravis_fold:end:install[0Ktravis_time:start:00dab64c[0K$ /bin/bash ./dev-tools/travis/travis-script.sh `pwd` $MODULES
Python version :   Python 2.7.3
Ruby version   :   ruby 2.1.5p273 (2014-11-13 revision 48405) [x86_64-linux]
NodeJs version :   v0.12.2
Maven version  :   Apache Maven 3.2.5 (12a6b3acb947671f09b81f49094c53f426d8cea1; 2014-12-14T17:29:23+00:00) Maven home: /usr/local/maven Java version: 1.7.0_76, vendor: Oracle Corporation Java home: /usr/lib/jvm/java-7-oracle/jre Default locale: en_US, platform encoding: UTF-8 OS name: "linux", version: "3.13.0-40-generic", arch: "amd64", family: "unix"
[INFO] Scanning for projects...
[INFO]                                                                         
[INFO] ------------------------------------------------------------------------
[INFO] Building Storm Core 2.0.0-SNAPSHOT
[INFO] ------------------------------------------------------------------------
[INFO] 
[INFO] --- exec-maven-plugin:1.2.1:exec (default) @ storm-core ---
[INFO] 
[INFO] --- maven-remote-resources-plugin:1.2.1:process (default) @ storm-core ---
[INFO] 
[INFO] --- storm-maven-plugins:2.0.0-SNAPSHOT:version-info (version-info) @ storm-core ---
[WARNING] [svn, info] failed with error code 1
[INFO] SCM: GIT
[INFO] Computed MD5: 6d7c18b084247edeedf71d59e3778bdf
[INFO] 
[INFO] --- maven-resources-plugin:2.5:resources (default-resources) @ storm-core ---
[debug] execute contextualize
[INFO] Using 'UTF-8' encoding to copy filtered resources.
[INFO] Copying 9 resources
[INFO] Copying 1 resource to META-INF
[INFO] Copying 0 resource
[INFO] Copying 1 resource
[INFO] Copying 3 resources
[INFO] 
[INFO] --- maven-compiler-plugin:3.1:compile (default-compile) @ storm-core ---
[INFO] Nothing to compile - all classes are up to date
[INFO] 
[INFO] --- clojure-maven-plugin:1.7.1:compile (compile-clojure) @ storm-core ---
Compiling org.apache.storm.testing4j to /home/travis/build/apache/storm/storm-core/target/classes
05:25:58.235 [main] WARN  o.a.s.m.StormMetricsRegistry - Metric ui:num-topology-op-response-http-requests has already been registered
05:25:58.237 [main] WARN  o.a.s.m.StormMetricsRegistry - Metric ui:num-topology-op-response-http-requests has already been registered
Compiling org.apache.storm.ui.helpers to /home/travis/build/apache/storm/storm-core/target/classes
Compiling org.apache.storm.scheduler.IsolationScheduler to /home/travis/build/apache/storm/storm-core/target/classes
Compiling org.apache.storm.log to /home/travis/build/apache/storm/storm-core/target/classes
Compiling org.apache.storm.daemon.worker to /home/travis/build/apache/storm/storm-core/target/classes
Compiling org.apache.storm.testing to /home/travis/build/apache/storm/storm-core/target/classes
Compiling org.apache.storm.converter to /home/travis/build/apache/storm/storm-core/target/classes
Compiling org.apache.storm.daemon.executor to /home/travis/build/apache/storm/storm-core/target/classes
Compiling org.apache.storm.util to /home/travis/build/apache/storm/storm-core/target/classes
Compiling org.apache.storm.command.shell-submission to /home/travis/build/apache/storm/storm-core/target/classes
Compiling org.apache.storm.daemon.common to /home/travis/build/apache/storm/storm-core/target/classes
Compiling org.apache.storm.internal.clojure to /home/travis/build/apache/storm/storm-core/target/classes
Compiling org.apache.storm.daemon.local-supervisor to /home/travis/build/apache/storm/storm-core/target/classes
Compiling org.apache.storm.internal.thrift to /home/travis/build/apache/storm/storm-core/target/classes
Compiling org.apache.storm.daemon.logviewer to /home/travis/build/apache/storm/storm-core/target/classes
Compiling org.apache.storm.daemon.nimbus to /home/travis/build/apache/storm/storm-core/target/classes
Compiling org.apache.storm.LocalCluster to /home/travis/build/apache/storm/storm-core/target/classes
Compiling org.apache.storm.local-state-converter to /home/travis/build/apache/storm/storm-core/target/classes
Compiling org.apache.storm.trident.testing to /home/travis/build/apache/storm/storm-core/target/classes
Compiling org.apache.storm.ui.core to /home/travis/build/apache/storm/storm-core/target/classes
Compiling org.apache.storm.daemon.drpc to /home/travis/build/apache/storm/storm-core/target/classes
Compiling org.apache.storm.config to /home/travis/build/apache/storm/storm-core/target/classes
[INFO] 
[INFO] --- make-maven-plugin:1.0-beta-1:autoreconf (compile) @ storm-core ---
[INFO] 
[INFO] --- make-maven-plugin:1.0-beta-1:configure (compile) @ storm-core ---
[INFO] /bin/sh: 14: /home/travis/.jdk_switcher_rc: [[: not found
[INFO] /bin/sh: 22: /home/travis/.jdk_switcher_rc: [[: not found
[INFO] /bin/sh: 32: /home/travis/.jdk_switcher_rc: [[: not found
[INFO] /bin/sh: 42: /home/travis/.jdk_switcher_rc: [[: not found
[INFO] /bin/sh: 3: /etc/profile.d/rvm.sh: [[: not found
[INFO] checking for gcc... gcc
[INFO] checking whether the C compiler works... yes
[INFO] checking for C compiler default output file name... a.out
[INFO] checking for suffix of executables... 
[INFO] checking whether we are cross compiling... no
[INFO] checking for suffix of object files... o
[INFO] checking whether we are using the GNU C compiler... yes
[INFO] checking whether gcc accepts -g... yes
[INFO] checking for gcc option to accept ISO C89... none needed
[INFO] checking how to run the C preprocessor... gcc -E
[INFO] checking for grep that handles long lines and -e... /bin/grep
[INFO] checking for egrep... /bin/grep -E
[INFO] checking for ANSI C header files... yes
[INFO] checking for sys/types.h... yes
[INFO] checking for sys/stat.h... yes
[INFO] checking for stdlib.h... yes
[INFO] checking for string.h... yes
[INFO] checking for memory.h... yes
[INFO] checking for strings.h... yes
[INFO] checking for inttypes.h... yes
[INFO] checking for stdint.h... yes
[INFO] checking for unistd.h... yes
[INFO] checking minix/config.h usability... no
[INFO] checking minix/config.h presence... no
[INFO] checking for minix/config.h... no
[INFO] checking whether it is safe to define __EXTENSIONS__... yes
[INFO] checking for a BSD-compatible install... /usr/bin/install -c
[INFO] checking whether build environment is sane... yes
[INFO] checking for a thread-safe mkdir -p... /bin/mkdir -p
[INFO] checking for gawk... gawk
[INFO] checking whether make sets $(MAKE)... yes
[INFO] checking for style of include used by make... GNU
[INFO] checking dependency style of gcc... gcc3
[INFO] checking for gcc... (cached) gcc
[INFO] checking whether we are using the GNU C compiler... (cached) yes
[INFO] checking whether gcc accepts -g... (cached) yes
[INFO] checking for gcc option to accept ISO C89... (cached) none needed
[INFO] checking whether gcc and cc understand -c and -o together... yes
[INFO] checking for unistd.h... (cached) yes
[INFO] checking for stdbool.h that conforms to C99... yes
[INFO] checking for _Bool... yes
[INFO] checking for an ANSI C-conforming const... yes
[INFO] checking for off_t... yes
[INFO] checking for size_t... yes
[INFO] checking whether strerror_r is declared... yes
[INFO] checking for strerror_r... yes
[INFO] checking whether strerror_r returns char *... yes
[INFO] checking for mkdir... yes
[INFO] checking for uname... yes
[INFO] configure: creating ./config.status
[INFO] config.status: creating Makefile
[INFO] config.status: executing depfiles commands
[INFO] 
[INFO] --- make-maven-plugin:1.0-beta-1:make-install (compile) @ storm-core ---
[INFO] /bin/sh: 14: /home/travis/.jdk_switcher_rc: [[: not found
[INFO] /bin/sh: 22: /home/travis/.jdk_switcher_rc: [[: not found
[INFO] /bin/sh: 32: /home/travis/.jdk_switcher_rc: [[: not found
[INFO] /bin/sh: 42: /home/travis/.jdk_switcher_rc: [[: not found
[INFO] /bin/sh: 3: /etc/profile.d/rvm.sh: [[: not found
[INFO] make[1]: Entering directory `/home/travis/build/apache/storm/storm-core/target/native/worker-launcher'
[INFO] test -z "/usr/local/bin" || /bin/mkdir -p "/home/travis/build/apache/storm/storm-core/target/native/target/usr/local/bin"
[INFO]   /usr/bin/install -c worker-launcher '/home/travis/build/apache/storm/storm-core/target/native/target/usr/local/bin'
[INFO] make[1]: Nothing to be done for `install-data-am'.
[INFO] make[1]: Leaving directory `/home/travis/build/apache/storm/storm-core/target/native/worker-launcher'
[INFO] 
[INFO] --- maven-resources-plugin:2.5:testResources (default-testResources) @ storm-core ---
[debug] execute contextualize
[INFO] Using 'UTF-8' encoding to copy filtered resources.
[INFO] Copying 14 resources
[INFO] Copying 2 resources
[INFO] Copying 3 resources
[INFO] 
[INFO] --- maven-dependency-plugin:2.8:unpack (unpack) @ storm-core ---
[INFO] Configured Artifact: org.apache.storm:multilang-ruby:2.0.0-SNAPSHOT:jar
[INFO] Downloading: https://repository.apache.org/snapshots/org/apache/storm/multilang-ruby/2.0.0-SNAPSHOT/maven-metadata.xml
[INFO] Configured Artifact: org.apache.storm:multilang-python:2.0.0-SNAPSHOT:jar
[INFO] Downloading: https://repository.apache.org/snapshots/org/apache/storm/multilang-python/2.0.0-SNAPSHOT/maven-metadata.xml
[INFO] Configured Artifact: org.apache.storm:multilang-javascript:2.0.0-SNAPSHOT:jar
[INFO] Downloading: https://repository.apache.org/snapshots/org/apache/storm/multilang-javascript/2.0.0-SNAPSHOT/maven-metadata.xml
[INFO] multilang-ruby-2.0.0-SNAPSHOT.jar already unpacked.
[INFO] multilang-python-2.0.0-SNAPSHOT.jar already unpacked.
[INFO] multilang-javascript-2.0.0-SNAPSHOT.jar already unpacked.
[INFO] 
[INFO] --- maven-compiler-plugin:3.1:testCompile (default-testCompile) @ storm-core ---
[INFO] Changes detected - recompiling the module!
[INFO] Compiling 63 source files to /home/travis/build/apache/storm/storm-core/target/test-classes
[WARNING] /home/travis/build/apache/storm/storm-core/test/jvm/org/apache/storm/localizer/LocalizerTest.java: Some input files use or override a deprecated API.
[WARNING] /home/travis/build/apache/storm/storm-core/test/jvm/org/apache/storm/localizer/LocalizerTest.java: Recompile with -Xlint:deprecation for details.
[WARNING] /home/travis/build/apache/storm/storm-core/test/jvm/org/apache/storm/command/TestCLI.java: Some input files use unchecked or unsafe operations.
[WARNING] /home/travis/build/apache/storm/storm-core/test/jvm/org/apache/storm/command/TestCLI.java: Recompile with -Xlint:unchecked for details.
[INFO] 
[INFO] --- maven-surefire-plugin:2.18.1:test (default-test) @ storm-core ---
[INFO] Surefire report directory: /home/travis/build/apache/storm/storm-core/target/surefire-reports
[INFO] parallel='none', perCoreThreadCount=true, threadCount=0, useUnlimitedThreads=false, threadCountSuites=0, threadCountClasses=0, threadCountMethods=0, parallelOptimized=true

-------------------------------------------------------
 T E S T S
-------------------------------------------------------
Running org.apache.storm.security.serialization.BlowfishTupleSerializerTest
Tests run: 3, Failures: 0, Errors: 0, Skipped: 0, Time elapsed: 0.2 sec - in org.apache.storm.security.serialization.BlowfishTupleSerializerTest
Running org.apache.storm.security.auth.ReqContextTest
Tests run: 4, Failures: 0, Errors: 0, Skipped: 0, Time elapsed: 0.006 sec - in org.apache.storm.security.auth.ReqContextTest
Running org.apache.storm.security.auth.SaslTransportPluginTest
Tests run: 2, Failures: 0, Errors: 0, Skipped: 0, Time elapsed: 0.003 sec - in org.apache.storm.security.auth.SaslTransportPluginTest
Running org.apache.storm.security.auth.ThriftClientTest
Tests run: 4, Failures: 0, Errors: 0, Skipped: 0, Time elapsed: 0.238 sec - in org.apache.storm.security.auth.ThriftClientTest
Running org.apache.storm.security.auth.AuthUtilsTest
Tests run: 15, Failures: 0, Errors: 0, Skipped: 0, Time elapsed: 0.17 sec - in org.apache.storm.security.auth.AuthUtilsTest
Running org.apache.storm.security.auth.ThriftServerTest
Tests run: 2, Failures: 0, Errors: 0, Skipped: 0, Time elapsed: 0.036 sec - in org.apache.storm.security.auth.ThriftServerTest
Running org.apache.storm.cluster.StormClusterStateImplTest
Tests run: 5, Failures: 0, Errors: 0, Skipped: 0, Time elapsed: 0.036 sec - in org.apache.storm.cluster.StormClusterStateImplTest
Running org.apache.storm.serialization.GzipBridgeThriftSerializationDelegateTest
Tests run: 3, Failures: 0, Errors: 0, Skipped: 0, Time elapsed: 0.013 sec - in org.apache.storm.serialization.GzipBridgeThriftSerializationDelegateTest
Running org.apache.storm.serialization.GzipBridgeSerializationDelegateTest
Tests run: 3, Failures: 0, Errors: 0, Skipped: 0, Time elapsed: 0.018 sec - in org.apache.storm.serialization.GzipBridgeSerializationDelegateTest
Running org.apache.storm.serialization.SerializationTest
Tests run: 3, Failures: 0, Errors: 0, Skipped: 0, Time elapsed: 1.579 sec - in org.apache.storm.serialization.SerializationTest
Running org.apache.storm.serialization.ThriftBridgeSerializationDelegateTest
Tests run: 1, Failures: 0, Errors: 0, Skipped: 0, Time elapsed: 0.002 sec - in org.apache.storm.serialization.ThriftBridgeSerializationDelegateTest
Running org.apache.storm.grouping.PartialKeyGroupingTest
Tests run: 2, Failures: 0, Errors: 0, Skipped: 0, Time elapsed: 0.018 sec - in org.apache.storm.grouping.PartialKeyGroupingTest
Running org.apache.storm.command.TestCLI
Tests run: 1, Failures: 0, Errors: 0, Skipped: 0, Time elapsed: 0.007 sec - in org.apache.storm.command.TestCLI
Running org.apache.storm.command.RebalanceTest
Tests run: 2, Failures: 0, Errors: 0, Skipped: 0, Time elapsed: 0.001 sec - in org.apache.storm.command.RebalanceTest
Running org.apache.storm.command.SetLogLevelTest
Tests run: 3, Failures: 0, Errors: 0, Skipped: 0, Time elapsed: 0.005 sec - in org.apache.storm.command.SetLogLevelTest
Running org.apache.storm.utils.UtilsTest
Tests run: 8, Failures: 0, Errors: 0, Skipped: 0, Time elapsed: 0.095 sec - in org.apache.storm.utils.UtilsTest
Running org.apache.storm.utils.DisruptorQueueTest
Tests run: 3, Failures: 0, Errors: 0, Skipped: 0, Time elapsed: 3.783 sec - in org.apache.storm.utils.DisruptorQueueTest
Running org.apache.storm.utils.DisruptorQueueBackpressureTest
Tests run: 1, Failures: 0, Errors: 0, Skipped: 0, Time elapsed: 0 sec - in org.apache.storm.utils.DisruptorQueueBackpressureTest
Running org.apache.storm.utils.StormBoundedExponentialBackoffRetryTest
Tests run: 5, Failures: 0, Errors: 0, Skipped: 0, Time elapsed: 0.074 sec - in org.apache.storm.utils.StormBoundedExponentialBackoffRetryTest
Running org.apache.storm.utils.TimeTest
Tests run: 8, Failures: 0, Errors: 0, Skipped: 0, Time elapsed: 0.001 sec - in org.apache.storm.utils.TimeTest
Running org.apache.storm.utils.ThriftTopologyUtilsTest
Tests run: 5, Failures: 0, Errors: 0, Skipped: 0, Time elapsed: 0.011 sec - in org.apache.storm.utils.ThriftTopologyUtilsTest
Running org.apache.storm.utils.WorkerBackpressureThreadTest
Tests run: 1, Failures: 0, Errors: 0, Skipped: 0, Time elapsed: 0.201 sec - in org.apache.storm.utils.WorkerBackpressureThreadTest
Running org.apache.storm.utils.ShellBoltMessageQueueTest
Tests run: 3, Failures: 0, Errors: 0, Skipped: 0, Time elapsed: 1.995 sec - in org.apache.storm.utils.ShellBoltMessageQueueTest
Running org.apache.storm.metric.internal.CountStatAndMetricTest
Tests run: 1, Failures: 0, Errors: 0, Skipped: 0, Time elapsed: 0.009 sec - in org.apache.storm.metric.internal.CountStatAndMetricTest
Running org.apache.storm.metric.internal.RateTrackerTest
Tests run: 4, Failures: 0, Errors: 0, Skipped: 0, Time elapsed: 0.002 sec - in org.apache.storm.metric.internal.RateTrackerTest
Running org.apache.storm.metric.internal.LatencyStatAndMetricTest
Tests run: 1, Failures: 0, Errors: 0, Skipped: 0, Time elapsed: 0.024 sec - in org.apache.storm.metric.internal.LatencyStatAndMetricTest
Running org.apache.storm.metric.util.DataPointExpanderTest
Tests run: 5, Failures: 0, Errors: 0, Skipped: 0, Time elapsed: 0.022 sec - in org.apache.storm.metric.util.DataPointExpanderTest
Running org.apache.storm.metric.filter.FilterByMetricNameTest
Tests run: 4, Failures: 0, Errors: 0, Skipped: 0, Time elapsed: 0.034 sec - in org.apache.storm.metric.filter.FilterByMetricNameTest
Running org.apache.storm.scheduler.resource.strategies.scheduling.TestDefaultResourceAwareStrategy
Tests run: 2, Failures: 0, Errors: 0, Skipped: 0, Time elapsed: 2.058 sec - in org.apache.storm.scheduler.resource.strategies.scheduling.TestDefaultResourceAwareStrategy
Running org.apache.storm.scheduler.resource.TestResourceAwareScheduler
Tests run: 14, Failures: 0, Errors: 0, Skipped: 0, Time elapsed: 22.665 sec - in org.apache.storm.scheduler.resource.TestResourceAwareScheduler
Running org.apache.storm.scheduler.resource.TestUser
Tests run: 3, Failures: 0, Errors: 0, Skipped: 0, Time elapsed: 5.227 sec - in org.apache.storm.scheduler.resource.TestUser
Running org.apache.storm.localizer.LocalizerTest
Tests run: 13, Failures: 0, Errors: 0, Skipped: 0, Time elapsed: 2.996 sec - in org.apache.storm.localizer.LocalizerTest
Running org.apache.storm.localizer.LocalizedResourceRetentionSetTest
Tests run: 2, Failures: 0, Errors: 0, Skipped: 0, Time elapsed: 0.036 sec - in org.apache.storm.localizer.LocalizedResourceRetentionSetTest
Running org.apache.storm.localizer.LocalizedResourceSetTest
Tests run: 4, Failures: 0, Errors: 0, Skipped: 0, Time elapsed: 0.005 sec - in org.apache.storm.localizer.LocalizedResourceSetTest
Running org.apache.storm.spout.CheckpointSpoutTest
Tests run: 7, Failures: 0, Errors: 0, Skipped: 0, Time elapsed: 0.526 sec - in org.apache.storm.spout.CheckpointSpoutTest
Running org.apache.storm.blobstore.ClientBlobStoreTest
Tests run: 4, Failures: 0, Errors: 0, Skipped: 0, Time elapsed: 0.012 sec - in org.apache.storm.blobstore.ClientBlobStoreTest
Running org.apache.storm.blobstore.BlobStoreTest
Tests run: 4, Failures: 0, Errors: 0, Skipped: 0, Time elapsed: 1.405 sec - in org.apache.storm.blobstore.BlobStoreTest
Running org.apache.storm.blobstore.BlobSynchronizerTest
Tests run: 4, Failures: 0, Errors: 0, Skipped: 0, Time elapsed: 3.774 sec - in org.apache.storm.blobstore.BlobSynchronizerTest
Running org.apache.storm.topology.StatefulWindowedBoltExecutorTest
Tests run: 4, Failures: 0, Errors: 0, Skipped: 0, Time elapsed: 0.298 sec - in org.apache.storm.topology.StatefulWindowedBoltExecutorTest
Running org.apache.storm.topology.TopologyBuilderTest
Tests run: 5, Failures: 0, Errors: 0, Skipped: 0, Time elapsed: 0.544 sec - in org.apache.storm.topology.TopologyBuilderTest
Running org.apache.storm.topology.StatefulBoltExecutorTest
Tests run: 7, Failures: 0, Errors: 0, Skipped: 0, Time elapsed: 0.94 sec - in org.apache.storm.topology.StatefulBoltExecutorTest
Running org.apache.storm.topology.WindowedBoltExecutorTest
Tests run: 5, Failures: 0, Errors: 0, Skipped: 0, Time elapsed: 0.687 sec - in org.apache.storm.topology.WindowedBoltExecutorTest
Running org.apache.storm.state.InMemoryKeyValueStateTest
Tests run: 2, Failures: 0, Errors: 0, Skipped: 0, Time elapsed: 0.001 sec - in org.apache.storm.state.InMemoryKeyValueStateTest
Running org.apache.storm.windowing.WaterMarkEventGeneratorTest
Tests run: 5, Failures: 0, Errors: 0, Skipped: 0, Time elapsed: 0.005 sec - in org.apache.storm.windowing.WaterMarkEventGeneratorTest
Running org.apache.storm.windowing.WindowManagerTest
Tests run: 12, Failures: 0, Errors: 0, Skipped: 0, Time elapsed: 0.018 sec - in org.apache.storm.windowing.WindowManagerTest
Running org.apache.storm.trident.TestTridentTopology
Tests run: 1, Failures: 0, Errors: 0, Skipped: 0, Time elapsed: 19.455 sec - in org.apache.storm.trident.TestTridentTopology
Running org.apache.storm.trident.TridentWindowingTest
Tests run: 3, Failures: 0, Errors: 0, Skipped: 0, Time elapsed: 0.013 sec - in org.apache.storm.trident.TridentWindowingTest
Running org.apache.storm.nimbus.LocalNimbusTest
Tests run: 1, Failures: 0, Errors: 0, Skipped: 0, Time elapsed: 12.039 sec - in org.apache.storm.nimbus.LocalNimbusTest
Running org.apache.storm.tuple.FieldsTest
Tests run: 12, Failures: 0, Errors: 1, Skipped: 0, Time elapsed: 0.015 sec <<< FAILURE! - in org.apache.storm.tuple.FieldsTest
selectingUnknownFieldThrowsTest(org.apache.storm.tuple.FieldsTest)  Time elapsed: 0.009 sec  <<< ERROR!
java.lang.Exception: Unexpected exception, expected<java.lang.NullPointerException> but was<java.lang.IllegalArgumentException>
	at org.apache.storm.tuple.Fields.fieldIndex(Fields.java:104)
	at org.apache.storm.tuple.Fields.select(Fields.java:63)
	at org.apache.storm.tuple.FieldsTest.selectingUnknownFieldThrowsTest(FieldsTest.java:124)

Running org.apache.storm.TestConfigValidate
Tests run: 25, Failures: 0, Errors: 0, Skipped: 0, Time elapsed: 0.222 sec - in org.apache.storm.TestConfigValidate
Running org.apache.storm.PacemakerTest
Tests run: 9, Failures: 0, Errors: 0, Skipped: 0, Time elapsed: 0.419 sec - in org.apache.storm.PacemakerTest
Running org.apache.storm.TestCgroups
Tests run: 1, Failures: 0, Errors: 0, Skipped: 1, Time elapsed: 0.066 sec - in org.apache.storm.TestCgroups
Running org.apache.storm.PaceMakerStateStorageFactoryTest
Tests run: 10, Failures: 0, Errors: 0, Skipped: 0, Time elapsed: 0.341 sec - in org.apache.storm.PaceMakerStateStorageFactoryTest

Results :

Tests in error: 
  FieldsTest.selectingUnknownFieldThrowsTest Â»  Unexpected exception, expected<j...

Tests run: 261, Failures: 0, Errors: 1, Skipped: 1

[INFO] ------------------------------------------------------------------------
[INFO] BUILD FAILURE
[INFO] ------------------------------------------------------------------------
[INFO] Total time: 01:49 min
[INFO] Finished at: 2016-08-03T05:27:35+00:00
[INFO] Final Memory: 46M/424M
[INFO] ------------------------------------------------------------------------
[ERROR] Failed to execute goal org.apache.maven.plugins:maven-surefire-plugin:2.18.1:test (default-test) on project storm-core: There are test failures.
[ERROR] 
[ERROR] Please refer to /home/travis/build/apache/storm/storm-core/target/surefire-reports for the individual test results.
[ERROR] -> [Help 1]
[ERROR] 
[ERROR] To see the full stack trace of the errors, re-run Maven with the -e switch.
[ERROR] Re-run Maven using the -X switch to enable full debug logging.
[ERROR] 
[ERROR] For more information about the errors and possible solutions, please read the following articles:
[ERROR] [Help 1] http://cwiki.apache.org/confluence/display/MAVEN/MojoFailureException
Looking for errors in ./storm-core/target/surefire-reports
Checking ./storm-core/target/surefire-reports/TEST-org.apache.storm.security.serialization.BlowfishTupleSerializerTest.xml
Checking ./storm-core/target/surefire-reports/TEST-org.apache.storm.security.auth.ReqContextTest.xml
Checking ./storm-core/target/surefire-reports/TEST-org.apache.storm.security.auth.SaslTransportPluginTest.xml
Checking ./storm-core/target/surefire-reports/TEST-org.apache.storm.security.auth.ThriftClientTest.xml
Checking ./storm-core/target/surefire-reports/TEST-org.apache.storm.security.auth.AuthUtilsTest.xml
Checking ./storm-core/target/surefire-reports/TEST-org.apache.storm.security.auth.ThriftServerTest.xml
Checking ./storm-core/target/surefire-reports/TEST-org.apache.storm.cluster.StormClusterStateImplTest.xml
Checking ./storm-core/target/surefire-reports/TEST-org.apache.storm.serialization.GzipBridgeThriftSerializationDelegateTest.xml
Checking ./storm-core/target/surefire-reports/TEST-org.apache.storm.serialization.GzipBridgeSerializationDelegateTest.xml
Checking ./storm-core/target/surefire-reports/TEST-org.apache.storm.serialization.SerializationTest.xml
Checking ./storm-core/target/surefire-reports/TEST-org.apache.storm.serialization.ThriftBridgeSerializationDelegateTest.xml
Checking ./storm-core/target/surefire-reports/TEST-org.apache.storm.grouping.PartialKeyGroupingTest.xml
Checking ./storm-core/target/surefire-reports/TEST-org.apache.storm.command.TestCLI.xml
Checking ./storm-core/target/surefire-reports/TEST-org.apache.storm.command.RebalanceTest.xml
Checking ./storm-core/target/surefire-reports/TEST-org.apache.storm.command.SetLogLevelTest.xml
Checking ./storm-core/target/surefire-reports/TEST-org.apache.storm.utils.UtilsTest.xml
Checking ./storm-core/target/surefire-reports/TEST-org.apache.storm.utils.DisruptorQueueTest.xml
Checking ./storm-core/target/surefire-reports/TEST-org.apache.storm.utils.DisruptorQueueBackpressureTest.xml
Checking ./storm-core/target/surefire-reports/TEST-org.apache.storm.utils.StormBoundedExponentialBackoffRetryTest.xml
Checking ./storm-core/target/surefire-reports/TEST-org.apache.storm.utils.TimeTest.xml
Checking ./storm-core/target/surefire-reports/TEST-org.apache.storm.utils.ThriftTopologyUtilsTest.xml
Checking ./storm-core/target/surefire-reports/TEST-org.apache.storm.utils.WorkerBackpressureThreadTest.xml
Checking ./storm-core/target/surefire-reports/TEST-org.apache.storm.utils.ShellBoltMessageQueueTest.xml
Checking ./storm-core/target/surefire-reports/TEST-org.apache.storm.metric.internal.CountStatAndMetricTest.xml
Checking ./storm-core/target/surefire-reports/TEST-org.apache.storm.metric.internal.RateTrackerTest.xml
Checking ./storm-core/target/surefire-reports/TEST-org.apache.storm.metric.internal.LatencyStatAndMetricTest.xml
Checking ./storm-core/target/surefire-reports/TEST-org.apache.storm.metric.util.DataPointExpanderTest.xml
Checking ./storm-core/target/surefire-reports/TEST-org.apache.storm.metric.filter.FilterByMetricNameTest.xml
Checking ./storm-core/target/surefire-reports/TEST-org.apache.storm.scheduler.resource.strategies.scheduling.TestDefaultResourceAwareStrategy.xml
Checking ./storm-core/target/surefire-reports/TEST-org.apache.storm.scheduler.resource.TestResourceAwareScheduler.xml
Checking ./storm-core/target/surefire-reports/TEST-org.apache.storm.scheduler.resource.TestUser.xml
Checking ./storm-core/target/surefire-reports/TEST-org.apache.storm.localizer.LocalizerTest.xml
Checking ./storm-core/target/surefire-reports/TEST-org.apache.storm.localizer.LocalizedResourceRetentionSetTest.xml
Checking ./storm-core/target/surefire-reports/TEST-org.apache.storm.localizer.LocalizedResourceSetTest.xml
Checking ./storm-core/target/surefire-reports/TEST-org.apache.storm.spout.CheckpointSpoutTest.xml
Checking ./storm-core/target/surefire-reports/TEST-org.apache.storm.blobstore.ClientBlobStoreTest.xml
Checking ./storm-core/target/surefire-reports/TEST-org.apache.storm.blobstore.BlobStoreTest.xml
Checking ./storm-core/target/surefire-reports/TEST-org.apache.storm.blobstore.BlobSynchronizerTest.xml
Checking ./storm-core/target/surefire-reports/TEST-org.apache.storm.topology.StatefulWindowedBoltExecutorTest.xml
Checking ./storm-core/target/surefire-reports/TEST-org.apache.storm.topology.TopologyBuilderTest.xml
Checking ./storm-core/target/surefire-reports/TEST-org.apache.storm.topology.StatefulBoltExecutorTest.xml
Checking ./storm-core/target/surefire-reports/TEST-org.apache.storm.topology.WindowedBoltExecutorTest.xml
Checking ./storm-core/target/surefire-reports/TEST-org.apache.storm.state.InMemoryKeyValueStateTest.xml
Checking ./storm-core/target/surefire-reports/TEST-org.apache.storm.windowing.WaterMarkEventGeneratorTest.xml
Checking ./storm-core/target/surefire-reports/TEST-org.apache.storm.windowing.WindowManagerTest.xml
Checking ./storm-core/target/surefire-reports/TEST-org.apache.storm.trident.TestTridentTopology.xml
Checking ./storm-core/target/surefire-reports/TEST-org.apache.storm.trident.TridentWindowingTest.xml
Checking ./storm-core/target/surefire-reports/TEST-org.apache.storm.nimbus.LocalNimbusTest.xml
Checking ./storm-core/target/surefire-reports/TEST-org.apache.storm.tuple.FieldsTest.xml
--------------------------------------------------
classname: org.apache.storm.tuple.FieldsTest / testname: selectingUnknownFieldThrowsTest
java.lang.Exception: Unexpected exception, expected<java.lang.NullPointerException> but was<java.lang.IllegalArgumentException>
	at org.apache.storm.tuple.Fields.fieldIndex(Fields.java:104)
	at org.apache.storm.tuple.Fields.select(Fields.java:63)
	at org.apache.storm.tuple.FieldsTest.selectingUnknownFieldThrowsTest(FieldsTest.java:124)

--------------------------------------------------
Checking ./storm-core/target/surefire-reports/TEST-org.apache.storm.TestConfigValidate.xml
Checking ./storm-core/target/surefire-reports/TEST-org.apache.storm.PacemakerTest.xml
Checking ./storm-core/target/surefire-reports/TEST-org.apache.storm.TestCgroups.xml
Checking ./storm-core/target/surefire-reports/TEST-org.apache.storm.PaceMakerStateStorageFactoryTest.xml

travis_time:end:00dab64c:start=1470201944281938267,finish=1470202056559034612,duration=112277096345[0K
[31;1mThe command "/bin/bash ./dev-tools/travis/travis-script.sh `pwd` $MODULES" exited with 1.[0m
travis_fold:start:cache.2[0Kstore build cache
travis_time:start:2189d04b[0K
travis_time:end:2189d04b:start=1470202056563623082,finish=1470202056567317582,duration=3694500[0Ktravis_time:start:07c3331c[0K[32;1mchange detected (content changed, file is created, or file is deleted):
/home/travis/.m2/repository/com/amazonaws/aws-java-sdk/1.10.77/aws-java-sdk-1.10.77.jar
/home/travis/.m2/repository/com/amazonaws/aws-java-sdk/1.10.77/aws-java-sdk-1.10.77.jar.sha1
/home/travis/.m2/repository/com/amazonaws/aws-java-sdk/1.10.77/aws-java-sdk-1.10.77.pom
/home/travis/.m2/repository/com/amazonaws/aws-java-sdk/1.10.77/aws-java-sdk-1.10.77.pom.sha1
/home/travis/.m2/repository/com/amazonaws/aws-java-sdk/1.10.77/_remote.repositories
/home/travis/.m2/repository/com/amazonaws/aws-java-sdk-acm/1.10.77/aws-java-sdk-acm-1.10.77.jar
/home/travis/.m2/repository/com/amazonaws/aws-java-sdk-acm/1.10.77/aws-java-sdk-acm-1.10.77.jar.sha1
/home/travis/.m2/repository/com/amazonaws/aws-java-sdk-acm/1.10.77/aws-java-sdk-acm-1.10.77.pom
/home/travis/.m2/repository/com/amazonaws/aws-java-sdk-acm/1.10.77/aws-java-sdk-acm-1.10.77.pom.sha1
/home/travis/.m2/repository/com/amazonaws/aws-java-sdk-acm/1.10.77/_remote.repositories
/home/travis/.m2/repository/com/amazonaws/aws-java-sdk-api-gateway/1.10.7
[0m
[32;1m...
[0m
[32;1mchanges detected, packing new archive[0m
.
.
.
.
.
.
[32;1muploading archive[0m

travis_time:end:07c3331c:start=1470202056571610652,finish=1470202104582795006,duration=48011184354[0Ktravis_fold:end:cache.2[0K
Done. Your build exited with 1.
