Using worker: worker-linux-docker-bdbe2b45.prod.travis-ci.org:travis-linux-7

travis_fold:start:system_info[0K[33;1mBuild system information[0m
Build language: java
Build group: stable
Build dist: precise
Build id: 149557433
Job id: 149557434
travis-build version: 8f19210ce
[34m[1mBuild image provisioning date and time[0m
Thu Feb  5 15:09:33 UTC 2015
[34m[1mOperating System Details[0m
Distributor ID:	Ubuntu
Description:	Ubuntu 12.04.5 LTS
Release:	12.04
Codename:	precise
[34m[1mLinux Version[0m
3.13.0-29-generic
[34m[1mCookbooks Version[0m
a68419e https://github.com/travis-ci/travis-cookbooks/tree/a68419e
[34m[1mGCC version[0m
gcc (Ubuntu/Linaro 4.6.3-1ubuntu5) 4.6.3
Copyright (C) 2011 Free Software Foundation, Inc.
This is free software; see the source for copying conditions.  There is NO
warranty; not even for MERCHANTABILITY or FITNESS FOR A PARTICULAR PURPOSE.

[34m[1mLLVM version[0m
clang version 3.4 (tags/RELEASE_34/final)
Target: x86_64-unknown-linux-gnu
Thread model: posix
[34m[1mPre-installed Ruby versions[0m
ruby-1.9.3-p551
[34m[1mPre-installed Node.js versions[0m
v0.10.36
[34m[1mPre-installed Go versions[0m
1.4.1
[34m[1mRedis version[0m
redis-server 2.8.19
[34m[1mriak version[0m
2.0.2
[34m[1mMongoDB version[0m
MongoDB 2.4.12
[34m[1mCouchDB version[0m
couchdb 1.6.1
[34m[1mNeo4j version[0m
1.9.4
[34m[1mRabbitMQ Version[0m
3.4.3
[34m[1mElasticSearch version[0m
1.4.0
[34m[1mInstalled Sphinx versions[0m
2.0.10
2.1.9
2.2.6
[34m[1mDefault Sphinx version[0m
2.2.6
[34m[1mInstalled Firefox version[0m
firefox 31.0esr
[34m[1mPhantomJS version[0m
1.9.8
[34m[1mant -version[0m
Apache Ant(TM) version 1.8.2 compiled on December 3 2011
[34m[1mmvn -version[0m
Apache Maven 3.2.5 (12a6b3acb947671f09b81f49094c53f426d8cea1; 2014-12-14T17:29:23+00:00)
Maven home: /usr/local/maven
Java version: 1.7.0_76, vendor: Oracle Corporation
Java home: /usr/lib/jvm/java-7-oracle/jre
Default locale: en_US, platform encoding: ANSI_X3.4-1968
OS name: "linux", version: "3.13.0-29-generic", arch: "amd64", family: "unix"
travis_fold:end:system_info[0K
travis_fold:start:fix.CVE-2015-7547[0K$ export DEBIAN_FRONTEND=noninteractive
W: Size of file /var/lib/apt/lists/ppa.launchpad.net_ubuntugis_ppa_ubuntu_dists_precise_main_binary-amd64_Packages.gz is not what the server reported 33653 36677
W: Size of file /var/lib/apt/lists/ppa.launchpad.net_ubuntugis_ppa_ubuntu_dists_precise_main_binary-i386_Packages.gz is not what the server reported 33699 36733
W: Size of file /var/lib/apt/lists/us.archive.ubuntu.com_ubuntu_dists_precise-backports_multiverse_source_Sources.gz is not what the server reported 5886 5888
Reading package lists...
Building dependency tree...
Reading state information...
The following extra packages will be installed:
  libc-bin libc-dev-bin libc6-dev
Suggested packages:
  glibc-doc
The following packages will be upgraded:
  libc-bin libc-dev-bin libc6 libc6-dev
4 upgraded, 0 newly installed, 0 to remove and 252 not upgraded.
Need to get 8,840 kB of archives.
After this operation, 14.3 kB disk space will be freed.
Get:1 http://us.archive.ubuntu.com/ubuntu/ precise-updates/main libc6-dev amd64 2.15-0ubuntu10.15 [2,943 kB]
Get:2 http://us.archive.ubuntu.com/ubuntu/ precise-updates/main libc-dev-bin amd64 2.15-0ubuntu10.15 [84.7 kB]
Get:3 http://us.archive.ubuntu.com/ubuntu/ precise-updates/main libc-bin amd64 2.15-0ubuntu10.15 [1,177 kB]
Get:4 http://us.archive.ubuntu.com/ubuntu/ precise-updates/main libc6 amd64 2.15-0ubuntu10.15 [4,636 kB]
Fetched 8,840 kB in 0s (33.2 MB/s)
Preconfiguring packages ...
(Reading database ... (Reading database ... 5%(Reading database ... 10%(Reading database ... 15%(Reading database ... 20%(Reading database ... 25%(Reading database ... 30%(Reading database ... 35%(Reading database ... 40%(Reading database ... 45%(Reading database ... 50%(Reading database ... 55%(Reading database ... 60%(Reading database ... 65%(Reading database ... 70%(Reading database ... 75%(Reading database ... 80%(Reading database ... 85%(Reading database ... 90%(Reading database ... 95%(Reading database ... 100%(Reading database ... 72019 files and directories currently installed.)
Preparing to replace libc6-dev 2.15-0ubuntu10.10 (using .../libc6-dev_2.15-0ubuntu10.15_amd64.deb) ...
Unpacking replacement libc6-dev ...
Preparing to replace libc-dev-bin 2.15-0ubuntu10.10 (using .../libc-dev-bin_2.15-0ubuntu10.15_amd64.deb) ...
Unpacking replacement libc-dev-bin ...
Preparing to replace libc-bin 2.15-0ubuntu10.10 (using .../libc-bin_2.15-0ubuntu10.15_amd64.deb) ...
Unpacking replacement libc-bin ...
Processing triggers for man-db ...
Setting up libc-bin (2.15-0ubuntu10.15) ...
(Reading database ... (Reading database ... 5%(Reading database ... 10%(Reading database ... 15%(Reading database ... 20%(Reading database ... 25%(Reading database ... 30%(Reading database ... 35%(Reading database ... 40%(Reading database ... 45%(Reading database ... 50%(Reading database ... 55%(Reading database ... 60%(Reading database ... 65%(Reading database ... 70%(Reading database ... 75%(Reading database ... 80%(Reading database ... 85%(Reading database ... 90%(Reading database ... 95%(Reading database ... 100%(Reading database ... 72018 files and directories currently installed.)
Preparing to replace libc6 2.15-0ubuntu10.10 (using .../libc6_2.15-0ubuntu10.15_amd64.deb) ...
Unpacking replacement libc6 ...
Setting up libc6 (2.15-0ubuntu10.15) ...
Setting up libc-dev-bin (2.15-0ubuntu10.15) ...
Setting up libc6-dev (2.15-0ubuntu10.15) ...
Processing triggers for libc-bin ...
ldconfig deferred processing now taking place
travis_fold:end:fix.CVE-2015-7547[0Ktravis_fold:start:git.checkout[0Ktravis_time:start:255d376f[0K$ git clone --depth=50 --branch=master https://github.com/apache/storm.git apache/storm
Cloning into 'apache/storm'...
remote: Counting objects: 20367, done.[K
remote: Compressing objects:   0% (1/8244)   [Kremote: Compressing objects:   1% (83/8244)   [Kremote: Compressing objects:   2% (165/8244)   [Kremote: Compressing objects:   3% (248/8244)   [Kremote: Compressing objects:   4% (330/8244)   [Kremote: Compressing objects:   5% (413/8244)   [Kremote: Compressing objects:   6% (495/8244)   [Kremote: Compressing objects:   7% (578/8244)   [Kremote: Compressing objects:   8% (660/8244)   [Kremote: Compressing objects:   9% (742/8244)   [Kremote: Compressing objects:  10% (825/8244)   [Kremote: Compressing objects:  11% (907/8244)   [Kremote: Compressing objects:  12% (990/8244)   [Kremote: Compressing objects:  13% (1072/8244)   [Kremote: Compressing objects:  14% (1155/8244)   [Kremote: Compressing objects:  15% (1237/8244)   [Kremote: Compressing objects:  16% (1320/8244)   [Kremote: Compressing objects:  17% (1402/8244)   [Kremote: Compressing objects:  18% (1484/8244)   [Kremote: Compressing objects:  19% (1567/8244)   [Kremote: Compressing objects:  20% (1649/8244)   [Kremote: Compressing objects:  21% (1732/8244)   [Kremote: Compressing objects:  22% (1814/8244)   [Kremote: Compressing objects:  23% (1897/8244)   [Kremote: Compressing objects:  24% (1979/8244)   [Kremote: Compressing objects:  25% (2061/8244)   [Kremote: Compressing objects:  26% (2144/8244)   [Kremote: Compressing objects:  27% (2226/8244)   [Kremote: Compressing objects:  28% (2309/8244)   [Kremote: Compressing objects:  29% (2391/8244)   [Kremote: Compressing objects:  30% (2474/8244)   [Kremote: Compressing objects:  31% (2556/8244)   [Kremote: Compressing objects:  32% (2639/8244)   [Kremote: Compressing objects:  33% (2721/8244)   [Kremote: Compressing objects:  34% (2803/8244)   [Kremote: Compressing objects:  35% (2886/8244)   [Kremote: Compressing objects:  36% (2968/8244)   [Kremote: Compressing objects:  37% (3051/8244)   [Kremote: Compressing objects:  38% (3133/8244)   [Kremote: Compressing objects:  39% (3216/8244)   [Kremote: Compressing objects:  40% (3298/8244)   [Kremote: Compressing objects:  41% (3381/8244)   [Kremote: Compressing objects:  42% (3463/8244)   [Kremote: Compressing objects:  43% (3545/8244)   [Kremote: Compressing objects:  44% (3628/8244)   [Kremote: Compressing objects:  45% (3710/8244)   [Kremote: Compressing objects:  46% (3793/8244)   [Kremote: Compressing objects:  47% (3875/8244)   [Kremote: Compressing objects:  48% (3958/8244)   [Kremote: Compressing objects:  49% (4040/8244)   [Kremote: Compressing objects:  50% (4122/8244)   [Kremote: Compressing objects:  51% (4205/8244)   [Kremote: Compressing objects:  52% (4287/8244)   [Kremote: Compressing objects:  53% (4370/8244)   [Kremote: Compressing objects:  54% (4452/8244)   [Kremote: Compressing objects:  55% (4535/8244)   [Kremote: Compressing objects:  56% (4617/8244)   [Kremote: Compressing objects:  57% (4700/8244)   [Kremote: Compressing objects:  58% (4782/8244)   [Kremote: Compressing objects:  59% (4864/8244)   [Kremote: Compressing objects:  60% (4947/8244)   [Kremote: Compressing objects:  61% (5029/8244)   [Kremote: Compressing objects:  62% (5112/8244)   [Kremote: Compressing objects:  63% (5194/8244)   [Kremote: Compressing objects:  64% (5277/8244)   [Kremote: Compressing objects:  65% (5359/8244)   [Kremote: Compressing objects:  66% (5442/8244)   [Kremote: Compressing objects:  67% (5524/8244)   [Kremote: Compressing objects:  68% (5606/8244)   [Kremote: Compressing objects:  69% (5689/8244)   [Kremote: Compressing objects:  70% (5771/8244)   [Kremote: Compressing objects:  71% (5854/8244)   [Kremote: Compressing objects:  72% (5936/8244)   [Kremote: Compressing objects:  73% (6019/8244)   [Kremote: Compressing objects:  74% (6101/8244)   [Kremote: Compressing objects:  75% (6183/8244)   [Kremote: Compressing objects:  76% (6266/8244)   [Kremote: Compressing objects:  77% (6348/8244)   [Kremote: Compressing objects:  78% (6431/8244)   [Kremote: Compressing objects:  79% (6513/8244)   [Kremote: Compressing objects:  80% (6596/8244)   [Kremote: Compressing objects:  81% (6678/8244)   [Kremote: Compressing objects:  82% (6761/8244)   [Kremote: Compressing objects:  83% (6843/8244)   [Kremote: Compressing objects:  84% (6925/8244)   [Kremote: Compressing objects:  85% (7008/8244)   [Kremote: Compressing objects:  86% (7090/8244)   [Kremote: Compressing objects:  87% (7173/8244)   [Kremote: Compressing objects:  88% (7255/8244)   [Kremote: Compressing objects:  89% (7338/8244)   [Kremote: Compressing objects:  90% (7420/8244)   [Kremote: Compressing objects:  91% (7503/8244)   [Kremote: Compressing objects:  92% (7585/8244)   [Kremote: Compressing objects:  93% (7667/8244)   [Kremote: Compressing objects:  94% (7750/8244)   [Kremote: Compressing objects:  95% (7832/8244)   [Kremote: Compressing objects:  96% (7915/8244)   [Kremote: Compressing objects:  97% (7997/8244)   [Kremote: Compressing objects:  98% (8080/8244)   [Kremote: Compressing objects:  99% (8162/8244)   [Kremote: Compressing objects: 100% (8244/8244)   [Kremote: Compressing objects: 100% (8244/8244), done.[K
Receiving objects:   0% (1/20367)   Receiving objects:   1% (204/20367)   Receiving objects:   2% (408/20367)   Receiving objects:   3% (612/20367)   Receiving objects:   4% (815/20367)   Receiving objects:   5% (1019/20367)   Receiving objects:   6% (1223/20367)   Receiving objects:   7% (1426/20367), 252.00 KiB | 495.00 KiB/s   Receiving objects:   7% (1584/20367), 644.00 KiB | 637.00 KiB/s   Receiving objects:   8% (1630/20367), 1.21 MiB | 811.00 KiB/s   Receiving objects:   8% (1631/20367), 2.18 MiB | 1.07 MiB/s   Receiving objects:   8% (1700/20367), 3.78 MiB | 1.47 MiB/s   Receiving objects:   9% (1834/20367), 6.20 MiB | 2.02 MiB/s   Receiving objects:  10% (2037/20367), 6.20 MiB | 2.02 MiB/s   Receiving objects:  11% (2241/20367), 6.20 MiB | 2.02 MiB/s   Receiving objects:  12% (2445/20367), 6.20 MiB | 2.02 MiB/s   Receiving objects:  13% (2648/20367), 6.20 MiB | 2.02 MiB/s   Receiving objects:  14% (2852/20367), 6.20 MiB | 2.02 MiB/s   Receiving objects:  15% (3056/20367), 6.20 MiB | 2.02 MiB/s   Receiving objects:  16% (3259/20367), 6.20 MiB | 2.02 MiB/s   Receiving objects:  17% (3463/20367), 6.20 MiB | 2.02 MiB/s   Receiving objects:  18% (3667/20367), 6.20 MiB | 2.02 MiB/s   Receiving objects:  19% (3870/20367), 6.20 MiB | 2.02 MiB/s   Receiving objects:  20% (4074/20367), 6.20 MiB | 2.02 MiB/s   Receiving objects:  21% (4278/20367), 6.20 MiB | 2.02 MiB/s   Receiving objects:  22% (4481/20367), 6.20 MiB | 2.02 MiB/s   Receiving objects:  23% (4685/20367), 6.20 MiB | 2.02 MiB/s   Receiving objects:  24% (4889/20367), 6.20 MiB | 2.02 MiB/s   Receiving objects:  25% (5092/20367), 9.57 MiB | 2.68 MiB/s   Receiving objects:  26% (5296/20367), 9.57 MiB | 2.68 MiB/s   Receiving objects:  27% (5500/20367), 9.57 MiB | 2.68 MiB/s   Receiving objects:  28% (5703/20367), 9.57 MiB | 2.68 MiB/s   Receiving objects:  29% (5907/20367), 9.57 MiB | 2.68 MiB/s   Receiving objects:  30% (6111/20367), 9.57 MiB | 2.68 MiB/s   Receiving objects:  31% (6314/20367), 9.57 MiB | 2.68 MiB/s   Receiving objects:  32% (6518/20367), 9.57 MiB | 2.68 MiB/s   Receiving objects:  33% (6722/20367), 9.57 MiB | 2.68 MiB/s   Receiving objects:  34% (6925/20367), 9.57 MiB | 2.68 MiB/s   Receiving objects:  35% (7129/20367), 9.57 MiB | 2.68 MiB/s   Receiving objects:  36% (7333/20367), 9.57 MiB | 2.68 MiB/s   Receiving objects:  37% (7536/20367), 9.57 MiB | 2.68 MiB/s   Receiving objects:  38% (7740/20367), 9.57 MiB | 2.68 MiB/s   Receiving objects:  39% (7944/20367), 9.57 MiB | 2.68 MiB/s   Receiving objects:  40% (8147/20367), 9.57 MiB | 2.68 MiB/s   Receiving objects:  41% (8351/20367), 9.57 MiB | 2.68 MiB/s   Receiving objects:  42% (8555/20367), 9.57 MiB | 2.68 MiB/s   Receiving objects:  43% (8758/20367), 9.57 MiB | 2.68 MiB/s   Receiving objects:  44% (8962/20367), 9.57 MiB | 2.68 MiB/s   Receiving objects:  45% (9166/20367), 9.57 MiB | 2.68 MiB/s   Receiving objects:  46% (9369/20367), 9.57 MiB | 2.68 MiB/s   Receiving objects:  47% (9573/20367), 9.57 MiB | 2.68 MiB/s   Receiving objects:  48% (9777/20367), 9.57 MiB | 2.68 MiB/s   Receiving objects:  49% (9980/20367), 9.57 MiB | 2.68 MiB/s   Receiving objects:  50% (10184/20367), 9.57 MiB | 2.68 MiB/s   Receiving objects:  51% (10388/20367), 9.57 MiB | 2.68 MiB/s   Receiving objects:  52% (10591/20367), 9.57 MiB | 2.68 MiB/s   Receiving objects:  53% (10795/20367), 9.57 MiB | 2.68 MiB/s   Receiving objects:  54% (10999/20367), 9.57 MiB | 2.68 MiB/s   Receiving objects:  55% (11202/20367), 9.57 MiB | 2.68 MiB/s   Receiving objects:  56% (11406/20367), 9.57 MiB | 2.68 MiB/s   Receiving objects:  57% (11610/20367), 9.57 MiB | 2.68 MiB/s   Receiving objects:  58% (11813/20367), 9.57 MiB | 2.68 MiB/s   Receiving objects:  59% (12017/20367), 9.57 MiB | 2.68 MiB/s   Receiving objects:  60% (12221/20367), 9.57 MiB | 2.68 MiB/s   Receiving objects:  61% (12424/20367), 9.57 MiB | 2.68 MiB/s   Receiving objects:  62% (12628/20367), 9.57 MiB | 2.68 MiB/s   Receiving objects:  63% (12832/20367), 9.57 MiB | 2.68 MiB/s   Receiving objects:  64% (13035/20367), 9.57 MiB | 2.68 MiB/s   Receiving objects:  65% (13239/20367), 9.57 MiB | 2.68 MiB/s   Receiving objects:  66% (13443/20367), 9.57 MiB | 2.68 MiB/s   Receiving objects:  67% (13646/20367), 9.57 MiB | 2.68 MiB/s   Receiving objects:  68% (13850/20367), 9.57 MiB | 2.68 MiB/s   Receiving objects:  69% (14054/20367), 9.57 MiB | 2.68 MiB/s   Receiving objects:  70% (14257/20367), 9.57 MiB | 2.68 MiB/s   Receiving objects:  71% (14461/20367), 9.57 MiB | 2.68 MiB/s   Receiving objects:  72% (14665/20367), 9.57 MiB | 2.68 MiB/s   Receiving objects:  73% (14868/20367), 9.57 MiB | 2.68 MiB/s   Receiving objects:  74% (15072/20367), 9.57 MiB | 2.68 MiB/s   Receiving objects:  75% (15276/20367), 9.57 MiB | 2.68 MiB/s   Receiving objects:  76% (15479/20367), 9.57 MiB | 2.68 MiB/s   Receiving objects:  77% (15683/20367), 9.57 MiB | 2.68 MiB/s   Receiving objects:  78% (15887/20367), 9.57 MiB | 2.68 MiB/s   Receiving objects:  79% (16090/20367), 9.57 MiB | 2.68 MiB/s   Receiving objects:  80% (16294/20367), 9.57 MiB | 2.68 MiB/s   Receiving objects:  80% (16442/20367), 9.57 MiB | 2.68 MiB/s   Receiving objects:  81% (16498/20367), 13.98 MiB | 3.41 MiB/s   Receiving objects:  82% (16701/20367), 13.98 MiB | 3.41 MiB/s   Receiving objects:  83% (16905/20367), 13.98 MiB | 3.41 MiB/s   Receiving objects:  84% (17109/20367), 13.98 MiB | 3.41 MiB/s   Receiving objects:  85% (17312/20367), 13.98 MiB | 3.41 MiB/s   Receiving objects:  86% (17516/20367), 13.98 MiB | 3.41 MiB/s   Receiving objects:  87% (17720/20367), 13.98 MiB | 3.41 MiB/s   Receiving objects:  88% (17923/20367), 13.98 MiB | 3.41 MiB/s   Receiving objects:  89% (18127/20367), 13.98 MiB | 3.41 MiB/s   Receiving objects:  90% (18331/20367), 13.98 MiB | 3.41 MiB/s   Receiving objects:  91% (18534/20367), 13.98 MiB | 3.41 MiB/s   Receiving objects:  92% (18738/20367), 13.98 MiB | 3.41 MiB/s   Receiving objects:  93% (18942/20367), 13.98 MiB | 3.41 MiB/s   Receiving objects:  94% (19145/20367), 13.98 MiB | 3.41 MiB/s   Receiving objects:  95% (19349/20367), 13.98 MiB | 3.41 MiB/s   Receiving objects:  96% (19553/20367), 13.98 MiB | 3.41 MiB/s   Receiving objects:  97% (19756/20367), 13.98 MiB | 3.41 MiB/s   Receiving objects:  98% (19960/20367), 13.98 MiB | 3.41 MiB/s   Receiving objects:  99% (20164/20367), 13.98 MiB | 3.41 MiB/s   remote: Total 20367 (delta 9737), reused 17515 (delta 7500), pack-reused 0[K
Receiving objects: 100% (20367/20367), 13.98 MiB | 3.41 MiB/s   Receiving objects: 100% (20367/20367), 15.36 MiB | 3.41 MiB/s, done.
Resolving deltas:   0% (0/9737)   Resolving deltas:   2% (291/9737)   Resolving deltas:   3% (304/9737)   Resolving deltas:   4% (397/9737)   Resolving deltas:   5% (491/9737)   Resolving deltas:   6% (585/9737)   Resolving deltas:   7% (685/9737)   Resolving deltas:   8% (800/9737)   Resolving deltas:   9% (895/9737)   Resolving deltas:  10% (974/9737)   Resolving deltas:  11% (1072/9737)   Resolving deltas:  12% (1256/9737)   Resolving deltas:  13% (1272/9737)   Resolving deltas:  14% (1397/9737)   Resolving deltas:  15% (1461/9737)   Resolving deltas:  16% (1558/9737)   Resolving deltas:  17% (1658/9737)   Resolving deltas:  18% (1763/9737)   Resolving deltas:  19% (1854/9737)   Resolving deltas:  20% (1950/9737)   Resolving deltas:  21% (2045/9737)   Resolving deltas:  22% (2144/9737)   Resolving deltas:  23% (2240/9737)   Resolving deltas:  24% (2347/9737)   Resolving deltas:  25% (2437/9737)   Resolving deltas:  26% (2549/9737)   Resolving deltas:  27% (2674/9737)   Resolving deltas:  28% (2767/9737)   Resolving deltas:  29% (2853/9737)   Resolving deltas:  35% (3454/9737)   Resolving deltas:  36% (3542/9737)   Resolving deltas:  37% (3605/9737)   Resolving deltas:  38% (3701/9737)   Resolving deltas:  39% (3799/9737)   Resolving deltas:  40% (3895/9737)   Resolving deltas:  41% (4000/9737)   Resolving deltas:  42% (4092/9737)   Resolving deltas:  43% (4194/9737)   Resolving deltas:  44% (4286/9737)   Resolving deltas:  45% (4383/9737)   Resolving deltas:  46% (4481/9737)   Resolving deltas:  47% (4583/9737)   Resolving deltas:  48% (4677/9737)   Resolving deltas:  49% (4772/9737)   Resolving deltas:  50% (4875/9737)   Resolving deltas:  51% (4976/9737)   Resolving deltas:  52% (5067/9737)   Resolving deltas:  53% (5176/9737)   Resolving deltas:  54% (5261/9737)   Resolving deltas:  55% (5418/9737)   Resolving deltas:  56% (5454/9737)   Resolving deltas:  57% (5556/9737)   Resolving deltas:  58% (5648/9737)   Resolving deltas:  59% (5751/9737)   Resolving deltas:  60% (5846/9737)   Resolving deltas:  61% (5948/9737)   Resolving deltas:  62% (6044/9737)   Resolving deltas:  63% (6153/9737)   Resolving deltas:  64% (6236/9737)   Resolving deltas:  65% (6331/9737)   Resolving deltas:  66% (6467/9737)   Resolving deltas:  67% (6525/9737)   Resolving deltas:  68% (6661/9737)   Resolving deltas:  69% (6720/9737)   Resolving deltas:  71% (6963/9737)   Resolving deltas:  72% (7011/9737)   Resolving deltas:  77% (7533/9737)   Resolving deltas:  78% (7671/9737)   Resolving deltas:  79% (7695/9737)   Resolving deltas:  81% (7943/9737)   Resolving deltas:  82% (7988/9737)   Resolving deltas:  83% (8082/9737)   Resolving deltas:  84% (8180/9737)   Resolving deltas:  85% (8277/9737)   Resolving deltas:  86% (8386/9737)   Resolving deltas:  87% (8479/9737)   Resolving deltas:  88% (8569/9737)   Resolving deltas:  89% (8668/9737)   Resolving deltas:  90% (8764/9737)   Resolving deltas:  91% (8861/9737)   Resolving deltas:  92% (9039/9737)   Resolving deltas:  93% (9058/9737)   Resolving deltas:  94% (9175/9737)   Resolving deltas:  95% (9251/9737)   Resolving deltas:  96% (9350/9737)   Resolving deltas:  97% (9455/9737)   Resolving deltas:  98% (9543/9737)   Resolving deltas:  99% (9662/9737)   Resolving deltas: 100% (9737/9737)   Resolving deltas: 100% (9737/9737), done.
Checking connectivity... done.

travis_time:end:255d376f:start=1470251111412396749,finish=1470251118597697142,duration=7185300393[0K$ cd apache/storm
$ git checkout -qf 23ec2f13bfbfd3b725104b58291221b115ada6df
travis_fold:end:git.checkout[0K
[33;1mThis job is running on container-based infrastructure, which does not allow use of 'sudo', setuid and setguid executables.[0m
[33;1mIf you require sudo, add 'sudo: required' to your .travis.yml[0m
[33;1mSee https://docs.travis-ci.com/user/workers/container-based-infrastructure/ for details.[0m

[33;1mSetting environment variables from .travis.yml[0m
$ export MODULES=storm-core

$ jdk_switcher use oraclejdk7
Switching to Oracle JDK7 (java-7-oracle), JAVA_HOME will be set to /usr/lib/jvm/java-7-oracle
travis_fold:start:cache.1[0KSetting up build cache
$ export CASHER_DIR=$HOME/.casher
travis_time:start:0de6b301[0K$ Installing caching utilities

travis_time:end:0de6b301:start=1470251120621733020,finish=1470251120746978921,duration=125245901[0Ktravis_time:start:2191ed08[0K
travis_time:end:2191ed08:start=1470251120751859910,finish=1470251120755185364,duration=3325454[0Ktravis_time:start:00640dee[0K[32;1mattempting to download cache archive[0m
[32;1mfetching master/cache-linux-precise-4722ea394922d42b2b7eb84cff6efc764d76759821ac6f6efc13232aa923f595--jdk-oraclejdk7.tgz[0m
[32;1mfound cache[0m

travis_time:end:00640dee:start=1470251120759024361,finish=1470251129965540622,duration=9206516261[0Ktravis_time:start:0a07cdb6[0K
travis_time:end:0a07cdb6:start=1470251129970303694,finish=1470251129974534694,duration=4231000[0Ktravis_time:start:2a08abc4[0K[32;1madding /home/travis/.m2/repository to cache[0m
[32;1madding /home/travis/.rvm to cache[0m
[32;1madding /home/travis/.nvm to cache[0m

travis_time:end:2a08abc4:start=1470251129979146890,finish=1470251141746085852,duration=11766938962[0Ktravis_fold:end:cache.1[0K$ java -Xmx32m -version
java version "1.7.0_76"
Java(TM) SE Runtime Environment (build 1.7.0_76-b13)
Java HotSpot(TM) 64-Bit Server VM (build 24.76-b04, mixed mode)
$ javac -J-Xmx32m -version
javac 1.7.0_76
travis_fold:start:before_install.1[0Ktravis_time:start:306f0233[0K$ rvm use 2.1.5 --install
[32mUsing /home/travis/.rvm/gems/ruby-2.1.5[0m

travis_time:end:306f0233:start=1470251144216505584,finish=1470251144490547096,duration=274041512[0Ktravis_fold:end:before_install.1[0Ktravis_fold:start:before_install.2[0Ktravis_time:start:21166ca8[0K$ nvm install 0.12.2
v0.12.2 is already installed.
Now using node v0.12.2

travis_time:end:21166ca8:start=1470251144495380321,finish=1470251144796865177,duration=301484856[0Ktravis_fold:end:before_install.2[0Ktravis_fold:start:before_install.3[0Ktravis_time:start:001ac4b0[0K$ nvm use 0.12.2
Now using node v0.12.2

travis_time:end:001ac4b0:start=1470251144801303353,finish=1470251144862549191,duration=61245838[0Ktravis_fold:end:before_install.3[0Ktravis_fold:start:install[0Ktravis_time:start:1be19ddd[0K$ /bin/bash ./dev-tools/travis/travis-install.sh `pwd`
Python version :   Python 2.7.3
Maven version  :   Apache Maven 3.2.5 (12a6b3acb947671f09b81f49094c53f426d8cea1; 2014-12-14T17:29:23+00:00) Maven home: /usr/local/maven Java version: 1.7.0_76, vendor: Oracle Corporation Java home: /usr/lib/jvm/java-7-oracle/jre Default locale: en_US, platform encoding: UTF-8 OS name: "linux", version: "3.13.0-40-generic", arch: "amd64", family: "unix"
['mvn', 'clean', 'install', '-DskipTests', '-Pnative', '--batch-mode'] writing to install.txt
1 seconds 1 log lines12 seconds 240 log lines36 seconds 324 log lines46 seconds 331 log lines56 seconds 413 log lines77 seconds 653 log lines91 seconds 869 log lines101 seconds 928 log lines111 seconds 1134 log lines134 seconds 1457 log lines146 seconds 1756 log lines156 seconds 2093 log lines168 seconds 2212 log lines178 seconds 2509 log lines188 seconds 2693 log lines
['mvn', 'clean', 'install', '-DskipTests', '-Pnative', '--batch-mode'] done 0

travis_time:end:1be19ddd:start=1470251144866771100,finish=1470251333363307936,duration=188496536836[0Ktravis_fold:end:install[0Ktravis_time:start:02c238a8[0K$ /bin/bash ./dev-tools/travis/travis-script.sh `pwd` $MODULES
Python version :   Python 2.7.3
Ruby version   :   ruby 2.1.5p273 (2014-11-13 revision 48405) [x86_64-linux]
NodeJs version :   v0.12.2
Maven version  :   Apache Maven 3.2.5 (12a6b3acb947671f09b81f49094c53f426d8cea1; 2014-12-14T17:29:23+00:00) Maven home: /usr/local/maven Java version: 1.7.0_76, vendor: Oracle Corporation Java home: /usr/lib/jvm/java-7-oracle/jre Default locale: en_US, platform encoding: UTF-8 OS name: "linux", version: "3.13.0-40-generic", arch: "amd64", family: "unix"
[INFO] Scanning for projects...
[INFO]                                                                         
[INFO] ------------------------------------------------------------------------
[INFO] Building Storm Core 2.0.0-SNAPSHOT
[INFO] ------------------------------------------------------------------------
[INFO] 
[INFO] --- exec-maven-plugin:1.2.1:exec (default) @ storm-core ---
[INFO] 
[INFO] --- maven-remote-resources-plugin:1.2.1:process (default) @ storm-core ---
[INFO] 
[INFO] --- storm-maven-plugins:2.0.0-SNAPSHOT:version-info (version-info) @ storm-core ---
[WARNING] [svn, info] failed with error code 1
[INFO] SCM: GIT
[INFO] Computed MD5: 6d7c18b084247edeedf71d59e3778bdf
[INFO] 
[INFO] --- maven-resources-plugin:2.5:resources (default-resources) @ storm-core ---
[debug] execute contextualize
[INFO] Using 'UTF-8' encoding to copy filtered resources.
[INFO] Copying 9 resources
[INFO] Copying 1 resource to META-INF
[INFO] Copying 0 resource
[INFO] Copying 1 resource
[INFO] Copying 3 resources
[INFO] 
[INFO] --- maven-compiler-plugin:3.1:compile (default-compile) @ storm-core ---
[INFO] Nothing to compile - all classes are up to date
[INFO] 
[INFO] --- clojure-maven-plugin:1.7.1:compile (compile-clojure) @ storm-core ---
Compiling org.apache.storm.testing4j to /home/travis/build/apache/storm/storm-core/target/classes
19:09:09.119 [main] WARN  o.a.s.m.StormMetricsRegistry - Metric ui:num-topology-op-response-http-requests has already been registered
19:09:09.120 [main] WARN  o.a.s.m.StormMetricsRegistry - Metric ui:num-topology-op-response-http-requests has already been registered
Compiling org.apache.storm.ui.helpers to /home/travis/build/apache/storm/storm-core/target/classes
Compiling org.apache.storm.scheduler.IsolationScheduler to /home/travis/build/apache/storm/storm-core/target/classes
Compiling org.apache.storm.log to /home/travis/build/apache/storm/storm-core/target/classes
Compiling org.apache.storm.daemon.worker to /home/travis/build/apache/storm/storm-core/target/classes
Compiling org.apache.storm.testing to /home/travis/build/apache/storm/storm-core/target/classes
Compiling org.apache.storm.converter to /home/travis/build/apache/storm/storm-core/target/classes
Compiling org.apache.storm.daemon.executor to /home/travis/build/apache/storm/storm-core/target/classes
Compiling org.apache.storm.util to /home/travis/build/apache/storm/storm-core/target/classes
Compiling org.apache.storm.command.shell-submission to /home/travis/build/apache/storm/storm-core/target/classes
Compiling org.apache.storm.daemon.common to /home/travis/build/apache/storm/storm-core/target/classes
Compiling org.apache.storm.internal.clojure to /home/travis/build/apache/storm/storm-core/target/classes
Compiling org.apache.storm.daemon.local-supervisor to /home/travis/build/apache/storm/storm-core/target/classes
Compiling org.apache.storm.internal.thrift to /home/travis/build/apache/storm/storm-core/target/classes
Compiling org.apache.storm.daemon.logviewer to /home/travis/build/apache/storm/storm-core/target/classes
Compiling org.apache.storm.daemon.nimbus to /home/travis/build/apache/storm/storm-core/target/classes
Compiling org.apache.storm.LocalCluster to /home/travis/build/apache/storm/storm-core/target/classes
Compiling org.apache.storm.local-state-converter to /home/travis/build/apache/storm/storm-core/target/classes
Compiling org.apache.storm.trident.testing to /home/travis/build/apache/storm/storm-core/target/classes
Compiling org.apache.storm.ui.core to /home/travis/build/apache/storm/storm-core/target/classes
Compiling org.apache.storm.daemon.drpc to /home/travis/build/apache/storm/storm-core/target/classes
Compiling org.apache.storm.config to /home/travis/build/apache/storm/storm-core/target/classes
[INFO] 
[INFO] --- make-maven-plugin:1.0-beta-1:autoreconf (compile) @ storm-core ---
[INFO] 
[INFO] --- make-maven-plugin:1.0-beta-1:configure (compile) @ storm-core ---
[INFO] /bin/sh: 14: /home/travis/.jdk_switcher_rc: [[: not found
[INFO] /bin/sh: 22: /home/travis/.jdk_switcher_rc: [[: not found
[INFO] /bin/sh: 32: /home/travis/.jdk_switcher_rc: [[: not found
[INFO] /bin/sh: 42: /home/travis/.jdk_switcher_rc: [[: not found
[INFO] /bin/sh: 3: /etc/profile.d/rvm.sh: [[: not found
[INFO] checking for gcc... gcc
[INFO] checking whether the C compiler works... yes
[INFO] checking for C compiler default output file name... a.out
[INFO] checking for suffix of executables... 
[INFO] checking whether we are cross compiling... no
[INFO] checking for suffix of object files... o
[INFO] checking whether we are using the GNU C compiler... yes
[INFO] checking whether gcc accepts -g... yes
[INFO] checking for gcc option to accept ISO C89... none needed
[INFO] checking how to run the C preprocessor... gcc -E
[INFO] checking for grep that handles long lines and -e... /bin/grep
[INFO] checking for egrep... /bin/grep -E
[INFO] checking for ANSI C header files... yes
[INFO] checking for sys/types.h... yes
[INFO] checking for sys/stat.h... yes
[INFO] checking for stdlib.h... yes
[INFO] checking for string.h... yes
[INFO] checking for memory.h... yes
[INFO] checking for strings.h... yes
[INFO] checking for inttypes.h... yes
[INFO] checking for stdint.h... yes
[INFO] checking for unistd.h... yes
[INFO] checking minix/config.h usability... no
[INFO] checking minix/config.h presence... no
[INFO] checking for minix/config.h... no
[INFO] checking whether it is safe to define __EXTENSIONS__... yes
[INFO] checking for a BSD-compatible install... /usr/bin/install -c
[INFO] checking whether build environment is sane... yes
[INFO] checking for a thread-safe mkdir -p... /bin/mkdir -p
[INFO] checking for gawk... gawk
[INFO] checking whether make sets $(MAKE)... yes
[INFO] checking for style of include used by make... GNU
[INFO] checking dependency style of gcc... gcc3
[INFO] checking for gcc... (cached) gcc
[INFO] checking whether we are using the GNU C compiler... (cached) yes
[INFO] checking whether gcc accepts -g... (cached) yes
[INFO] checking for gcc option to accept ISO C89... (cached) none needed
[INFO] checking whether gcc and cc understand -c and -o together... yes
[INFO] checking for unistd.h... (cached) yes
[INFO] checking for stdbool.h that conforms to C99... yes
[INFO] checking for _Bool... yes
[INFO] checking for an ANSI C-conforming const... yes
[INFO] checking for off_t... yes
[INFO] checking for size_t... yes
[INFO] checking whether strerror_r is declared... yes
[INFO] checking for strerror_r... yes
[INFO] checking whether strerror_r returns char *... yes
[INFO] checking for mkdir... yes
[INFO] checking for uname... yes
[INFO] configure: creating ./config.status
[INFO] config.status: creating Makefile
[INFO] config.status: executing depfiles commands
[INFO] 
[INFO] --- make-maven-plugin:1.0-beta-1:make-install (compile) @ storm-core ---
[INFO] /bin/sh: 14: /home/travis/.jdk_switcher_rc: [[: not found
[INFO] /bin/sh: 22: /home/travis/.jdk_switcher_rc: [[: not found
[INFO] /bin/sh: 32: /home/travis/.jdk_switcher_rc: [[: not found
[INFO] /bin/sh: 42: /home/travis/.jdk_switcher_rc: [[: not found
[INFO] /bin/sh: 3: /etc/profile.d/rvm.sh: [[: not found
[INFO] make[1]: Entering directory `/home/travis/build/apache/storm/storm-core/target/native/worker-launcher'
[INFO] test -z "/usr/local/bin" || /bin/mkdir -p "/home/travis/build/apache/storm/storm-core/target/native/target/usr/local/bin"
[INFO]   /usr/bin/install -c worker-launcher '/home/travis/build/apache/storm/storm-core/target/native/target/usr/local/bin'
[INFO] make[1]: Nothing to be done for `install-data-am'.
[INFO] make[1]: Leaving directory `/home/travis/build/apache/storm/storm-core/target/native/worker-launcher'
[INFO] 
[INFO] --- maven-resources-plugin:2.5:testResources (default-testResources) @ storm-core ---
[debug] execute contextualize
[INFO] Using 'UTF-8' encoding to copy filtered resources.
[INFO] Copying 14 resources
[INFO] Copying 2 resources
[INFO] Copying 3 resources
[INFO] 
[INFO] --- maven-dependency-plugin:2.8:unpack (unpack) @ storm-core ---
[INFO] Configured Artifact: org.apache.storm:multilang-ruby:2.0.0-SNAPSHOT:jar
[INFO] Downloading: https://repository.apache.org/snapshots/org/apache/storm/multilang-ruby/2.0.0-SNAPSHOT/maven-metadata.xml
[INFO] Configured Artifact: org.apache.storm:multilang-python:2.0.0-SNAPSHOT:jar
[INFO] Downloading: https://repository.apache.org/snapshots/org/apache/storm/multilang-python/2.0.0-SNAPSHOT/maven-metadata.xml
[INFO] Configured Artifact: org.apache.storm:multilang-javascript:2.0.0-SNAPSHOT:jar
[INFO] Downloading: https://repository.apache.org/snapshots/org/apache/storm/multilang-javascript/2.0.0-SNAPSHOT/maven-metadata.xml
[INFO] multilang-ruby-2.0.0-SNAPSHOT.jar already unpacked.
[INFO] multilang-python-2.0.0-SNAPSHOT.jar already unpacked.
[INFO] multilang-javascript-2.0.0-SNAPSHOT.jar already unpacked.
[INFO] 
[INFO] --- maven-compiler-plugin:3.1:testCompile (default-testCompile) @ storm-core ---
[INFO] Changes detected - recompiling the module!
[INFO] Compiling 63 source files to /home/travis/build/apache/storm/storm-core/target/test-classes
[WARNING] /home/travis/build/apache/storm/storm-core/test/jvm/org/apache/storm/localizer/LocalizerTest.java: Some input files use or override a deprecated API.
[WARNING] /home/travis/build/apache/storm/storm-core/test/jvm/org/apache/storm/localizer/LocalizerTest.java: Recompile with -Xlint:deprecation for details.
[WARNING] /home/travis/build/apache/storm/storm-core/test/jvm/org/apache/storm/command/TestCLI.java: Some input files use unchecked or unsafe operations.
[WARNING] /home/travis/build/apache/storm/storm-core/test/jvm/org/apache/storm/command/TestCLI.java: Recompile with -Xlint:unchecked for details.
[INFO] 
[INFO] --- maven-surefire-plugin:2.18.1:test (default-test) @ storm-core ---
[INFO] Surefire report directory: /home/travis/build/apache/storm/storm-core/target/surefire-reports
[INFO] parallel='none', perCoreThreadCount=true, threadCount=0, useUnlimitedThreads=false, threadCountSuites=0, threadCountClasses=0, threadCountMethods=0, parallelOptimized=true

-------------------------------------------------------
 T E S T S
-------------------------------------------------------
Running org.apache.storm.security.serialization.BlowfishTupleSerializerTest
Tests run: 3, Failures: 0, Errors: 0, Skipped: 0, Time elapsed: 0.315 sec - in org.apache.storm.security.serialization.BlowfishTupleSerializerTest
Running org.apache.storm.security.auth.ReqContextTest
Tests run: 4, Failures: 0, Errors: 0, Skipped: 0, Time elapsed: 0.001 sec - in org.apache.storm.security.auth.ReqContextTest
Running org.apache.storm.security.auth.SaslTransportPluginTest
Tests run: 2, Failures: 0, Errors: 0, Skipped: 0, Time elapsed: 0.001 sec - in org.apache.storm.security.auth.SaslTransportPluginTest
Running org.apache.storm.security.auth.ThriftClientTest
Tests run: 4, Failures: 0, Errors: 0, Skipped: 0, Time elapsed: 0.344 sec - in org.apache.storm.security.auth.ThriftClientTest
Running org.apache.storm.security.auth.AuthUtilsTest
Tests run: 15, Failures: 0, Errors: 0, Skipped: 0, Time elapsed: 0.17 sec - in org.apache.storm.security.auth.AuthUtilsTest
Running org.apache.storm.security.auth.ThriftServerTest
Tests run: 2, Failures: 0, Errors: 0, Skipped: 0, Time elapsed: 0.052 sec - in org.apache.storm.security.auth.ThriftServerTest
Running org.apache.storm.cluster.StormClusterStateImplTest
Tests run: 5, Failures: 0, Errors: 0, Skipped: 0, Time elapsed: 0.048 sec - in org.apache.storm.cluster.StormClusterStateImplTest
Running org.apache.storm.serialization.GzipBridgeThriftSerializationDelegateTest
Tests run: 3, Failures: 0, Errors: 0, Skipped: 0, Time elapsed: 0.004 sec - in org.apache.storm.serialization.GzipBridgeThriftSerializationDelegateTest
Running org.apache.storm.serialization.GzipBridgeSerializationDelegateTest
Tests run: 3, Failures: 0, Errors: 0, Skipped: 0, Time elapsed: 0.031 sec - in org.apache.storm.serialization.GzipBridgeSerializationDelegateTest
Running org.apache.storm.serialization.SerializationTest
Tests run: 3, Failures: 0, Errors: 0, Skipped: 0, Time elapsed: 1.709 sec - in org.apache.storm.serialization.SerializationTest
Running org.apache.storm.serialization.ThriftBridgeSerializationDelegateTest
Tests run: 1, Failures: 0, Errors: 0, Skipped: 0, Time elapsed: 0.001 sec - in org.apache.storm.serialization.ThriftBridgeSerializationDelegateTest
Running org.apache.storm.grouping.PartialKeyGroupingTest
Tests run: 2, Failures: 0, Errors: 0, Skipped: 0, Time elapsed: 0.024 sec - in org.apache.storm.grouping.PartialKeyGroupingTest
Running org.apache.storm.command.TestCLI
Tests run: 1, Failures: 0, Errors: 0, Skipped: 0, Time elapsed: 0.005 sec - in org.apache.storm.command.TestCLI
Running org.apache.storm.command.RebalanceTest
Tests run: 2, Failures: 0, Errors: 0, Skipped: 0, Time elapsed: 0.001 sec - in org.apache.storm.command.RebalanceTest
Running org.apache.storm.command.SetLogLevelTest
Tests run: 3, Failures: 0, Errors: 0, Skipped: 0, Time elapsed: 0.004 sec - in org.apache.storm.command.SetLogLevelTest
Running org.apache.storm.utils.UtilsTest
Tests run: 8, Failures: 0, Errors: 0, Skipped: 0, Time elapsed: 0.095 sec - in org.apache.storm.utils.UtilsTest
Running org.apache.storm.utils.DisruptorQueueTest
Tests run: 3, Failures: 0, Errors: 0, Skipped: 0, Time elapsed: 3.759 sec - in org.apache.storm.utils.DisruptorQueueTest
Running org.apache.storm.utils.DisruptorQueueBackpressureTest
Tests run: 1, Failures: 0, Errors: 0, Skipped: 0, Time elapsed: 0.001 sec - in org.apache.storm.utils.DisruptorQueueBackpressureTest
Running org.apache.storm.utils.StormBoundedExponentialBackoffRetryTest
Tests run: 5, Failures: 0, Errors: 0, Skipped: 0, Time elapsed: 0.137 sec - in org.apache.storm.utils.StormBoundedExponentialBackoffRetryTest
Running org.apache.storm.utils.TimeTest
Tests run: 8, Failures: 0, Errors: 0, Skipped: 0, Time elapsed: 0.003 sec - in org.apache.storm.utils.TimeTest
Running org.apache.storm.utils.ThriftTopologyUtilsTest
Tests run: 5, Failures: 0, Errors: 0, Skipped: 0, Time elapsed: 0.027 sec - in org.apache.storm.utils.ThriftTopologyUtilsTest
Running org.apache.storm.utils.WorkerBackpressureThreadTest
Tests run: 1, Failures: 0, Errors: 0, Skipped: 0, Time elapsed: 0.203 sec - in org.apache.storm.utils.WorkerBackpressureThreadTest
Running org.apache.storm.utils.ShellBoltMessageQueueTest
Tests run: 3, Failures: 0, Errors: 0, Skipped: 0, Time elapsed: 2.171 sec - in org.apache.storm.utils.ShellBoltMessageQueueTest
Running org.apache.storm.metric.internal.CountStatAndMetricTest
Tests run: 1, Failures: 0, Errors: 0, Skipped: 0, Time elapsed: 0.003 sec - in org.apache.storm.metric.internal.CountStatAndMetricTest
Running org.apache.storm.metric.internal.RateTrackerTest
Tests run: 4, Failures: 0, Errors: 0, Skipped: 0, Time elapsed: 0.002 sec - in org.apache.storm.metric.internal.RateTrackerTest
Running org.apache.storm.metric.internal.LatencyStatAndMetricTest
Tests run: 1, Failures: 0, Errors: 0, Skipped: 0, Time elapsed: 0.018 sec - in org.apache.storm.metric.internal.LatencyStatAndMetricTest
Running org.apache.storm.metric.util.DataPointExpanderTest
Tests run: 5, Failures: 0, Errors: 0, Skipped: 0, Time elapsed: 0.005 sec - in org.apache.storm.metric.util.DataPointExpanderTest
Running org.apache.storm.metric.filter.FilterByMetricNameTest
Tests run: 4, Failures: 0, Errors: 0, Skipped: 0, Time elapsed: 0.009 sec - in org.apache.storm.metric.filter.FilterByMetricNameTest
Running org.apache.storm.scheduler.resource.strategies.scheduling.TestDefaultResourceAwareStrategy
Tests run: 2, Failures: 0, Errors: 0, Skipped: 0, Time elapsed: 11.377 sec - in org.apache.storm.scheduler.resource.strategies.scheduling.TestDefaultResourceAwareStrategy
Running org.apache.storm.scheduler.resource.TestResourceAwareScheduler
Tests run: 14, Failures: 0, Errors: 0, Skipped: 0, Time elapsed: 33.695 sec - in org.apache.storm.scheduler.resource.TestResourceAwareScheduler
Running org.apache.storm.scheduler.resource.TestUser
Tests run: 3, Failures: 0, Errors: 0, Skipped: 0, Time elapsed: 23.06 sec - in org.apache.storm.scheduler.resource.TestUser
Running org.apache.storm.localizer.LocalizerTest
Tests run: 13, Failures: 0, Errors: 0, Skipped: 0, Time elapsed: 8.228 sec - in org.apache.storm.localizer.LocalizerTest
Running org.apache.storm.localizer.LocalizedResourceRetentionSetTest
Tests run: 2, Failures: 0, Errors: 0, Skipped: 0, Time elapsed: 1.254 sec - in org.apache.storm.localizer.LocalizedResourceRetentionSetTest
Running org.apache.storm.localizer.LocalizedResourceSetTest
Tests run: 4, Failures: 0, Errors: 0, Skipped: 0, Time elapsed: 0.004 sec - in org.apache.storm.localizer.LocalizedResourceSetTest
Running org.apache.storm.spout.CheckpointSpoutTest
Tests run: 7, Failures: 0, Errors: 0, Skipped: 0, Time elapsed: 1.608 sec - in org.apache.storm.spout.CheckpointSpoutTest
Running org.apache.storm.blobstore.ClientBlobStoreTest
Tests run: 4, Failures: 0, Errors: 0, Skipped: 0, Time elapsed: 0.006 sec - in org.apache.storm.blobstore.ClientBlobStoreTest
Running org.apache.storm.blobstore.BlobStoreTest
Tests run: 4, Failures: 0, Errors: 0, Skipped: 0, Time elapsed: 10.374 sec - in org.apache.storm.blobstore.BlobStoreTest
Running org.apache.storm.blobstore.BlobSynchronizerTest
Tests run: 4, Failures: 0, Errors: 0, Skipped: 0, Time elapsed: 5.578 sec - in org.apache.storm.blobstore.BlobSynchronizerTest
Running org.apache.storm.topology.StatefulWindowedBoltExecutorTest
Tests run: 4, Failures: 0, Errors: 0, Skipped: 0, Time elapsed: 2.178 sec - in org.apache.storm.topology.StatefulWindowedBoltExecutorTest
Running org.apache.storm.topology.TopologyBuilderTest
Tests run: 5, Failures: 0, Errors: 0, Skipped: 0, Time elapsed: 0.571 sec - in org.apache.storm.topology.TopologyBuilderTest
Running org.apache.storm.topology.StatefulBoltExecutorTest
Tests run: 7, Failures: 0, Errors: 0, Skipped: 0, Time elapsed: 0.181 sec - in org.apache.storm.topology.StatefulBoltExecutorTest
Running org.apache.storm.topology.WindowedBoltExecutorTest
Tests run: 5, Failures: 1, Errors: 0, Skipped: 0, Time elapsed: 0.099 sec <<< FAILURE! - in org.apache.storm.topology.WindowedBoltExecutorTest
testExecuteWithLateTupleStream(org.apache.storm.topology.WindowedBoltExecutorTest)  Time elapsed: 0.09 sec  <<< FAILURE!
org.mockito.exceptions.verification.WantedButNotInvoked: 
Wanted but not invoked:
outputCollector.emit(
    "$late",
    [source: null:1, stream: s1, id: {}, [600]],
    [source: null:1, stream: s1, id: {}, [600]]
);
-> at org.apache.storm.topology.WindowedBoltExecutorTest.testExecuteWithLateTupleStream(WindowedBoltExecutorTest.java:225)
Actually, there were zero interactions with this mock.

	at org.apache.storm.topology.WindowedBoltExecutorTest.testExecuteWithLateTupleStream(WindowedBoltExecutorTest.java:225)

Running org.apache.storm.state.InMemoryKeyValueStateTest
Tests run: 2, Failures: 0, Errors: 0, Skipped: 0, Time elapsed: 0 sec - in org.apache.storm.state.InMemoryKeyValueStateTest
Running org.apache.storm.windowing.WaterMarkEventGeneratorTest
Tests run: 5, Failures: 0, Errors: 0, Skipped: 0, Time elapsed: 0.85 sec - in org.apache.storm.windowing.WaterMarkEventGeneratorTest
Running org.apache.storm.windowing.WindowManagerTest
Tests run: 12, Failures: 0, Errors: 0, Skipped: 0, Time elapsed: 0.019 sec - in org.apache.storm.windowing.WindowManagerTest
Running org.apache.storm.trident.TestTridentTopology
Tests run: 1, Failures: 0, Errors: 0, Skipped: 0, Time elapsed: 50.209 sec - in org.apache.storm.trident.TestTridentTopology
Running org.apache.storm.trident.TridentWindowingTest
Tests run: 3, Failures: 0, Errors: 0, Skipped: 0, Time elapsed: 0.007 sec - in org.apache.storm.trident.TridentWindowingTest
Running org.apache.storm.nimbus.LocalNimbusTest
Tests run: 1, Failures: 0, Errors: 0, Skipped: 0, Time elapsed: 19.52 sec - in org.apache.storm.nimbus.LocalNimbusTest
Running org.apache.storm.tuple.FieldsTest
Tests run: 12, Failures: 0, Errors: 1, Skipped: 0, Time elapsed: 0.02 sec <<< FAILURE! - in org.apache.storm.tuple.FieldsTest
selectingUnknownFieldThrowsTest(org.apache.storm.tuple.FieldsTest)  Time elapsed: 0.006 sec  <<< ERROR!
java.lang.Exception: Unexpected exception, expected<java.lang.NullPointerException> but was<java.lang.IllegalArgumentException>
	at org.apache.storm.tuple.Fields.fieldIndex(Fields.java:104)
	at org.apache.storm.tuple.Fields.select(Fields.java:63)
	at org.apache.storm.tuple.FieldsTest.selectingUnknownFieldThrowsTest(FieldsTest.java:124)

Running org.apache.storm.TestConfigValidate
Tests run: 25, Failures: 0, Errors: 0, Skipped: 0, Time elapsed: 0.431 sec - in org.apache.storm.TestConfigValidate
Running org.apache.storm.PacemakerTest
Tests run: 9, Failures: 0, Errors: 0, Skipped: 0, Time elapsed: 0.652 sec - in org.apache.storm.PacemakerTest
Running org.apache.storm.TestCgroups
Tests run: 1, Failures: 0, Errors: 0, Skipped: 1, Time elapsed: 0.002 sec - in org.apache.storm.TestCgroups
Running org.apache.storm.PaceMakerStateStorageFactoryTest
Tests run: 10, Failures: 0, Errors: 0, Skipped: 0, Time elapsed: 0.035 sec - in org.apache.storm.PaceMakerStateStorageFactoryTest

Results :

Failed tests: 
  WindowedBoltExecutorTest.testExecuteWithLateTupleStream:225 
Wanted but not invoked:
outputCollector.emit(
    "$late",
    [source: null:1, stream: s1, id: {}, [600]],
    [source: null:1, stream: s1, id: {}, [600]]
);
-> at org.apache.storm.topology.WindowedBoltExecutorTest.testExecuteWithLateTupleStream(WindowedBoltExecutorTest.java:225)
Actually, there were zero interactions with this mock.

Tests in error: 
  FieldsTest.selectingUnknownFieldThrowsTest Â»  Unexpected exception, expected<j...

Tests run: 261, Failures: 1, Errors: 1, Skipped: 1

[INFO] ------------------------------------------------------------------------
[INFO] BUILD FAILURE
[INFO] ------------------------------------------------------------------------
[INFO] Total time: 03:29 min
[INFO] Finished at: 2016-08-03T19:12:24+00:00
[INFO] Final Memory: 45M/465M
[INFO] ------------------------------------------------------------------------
[ERROR] Failed to execute goal org.apache.maven.plugins:maven-surefire-plugin:2.18.1:test (default-test) on project storm-core: There are test failures.
[ERROR] 
[ERROR] Please refer to /home/travis/build/apache/storm/storm-core/target/surefire-reports for the individual test results.
[ERROR] -> [Help 1]
[ERROR] 
[ERROR] To see the full stack trace of the errors, re-run Maven with the -e switch.
[ERROR] Re-run Maven using the -X switch to enable full debug logging.
[ERROR] 
[ERROR] For more information about the errors and possible solutions, please read the following articles:
[ERROR] [Help 1] http://cwiki.apache.org/confluence/display/MAVEN/MojoFailureException
Looking for errors in ./storm-core/target/surefire-reports
Checking ./storm-core/target/surefire-reports/TEST-org.apache.storm.security.serialization.BlowfishTupleSerializerTest.xml
Checking ./storm-core/target/surefire-reports/TEST-org.apache.storm.security.auth.ReqContextTest.xml
Checking ./storm-core/target/surefire-reports/TEST-org.apache.storm.security.auth.SaslTransportPluginTest.xml
Checking ./storm-core/target/surefire-reports/TEST-org.apache.storm.security.auth.ThriftClientTest.xml
Checking ./storm-core/target/surefire-reports/TEST-org.apache.storm.security.auth.AuthUtilsTest.xml
Checking ./storm-core/target/surefire-reports/TEST-org.apache.storm.security.auth.ThriftServerTest.xml
Checking ./storm-core/target/surefire-reports/TEST-org.apache.storm.cluster.StormClusterStateImplTest.xml
Checking ./storm-core/target/surefire-reports/TEST-org.apache.storm.serialization.GzipBridgeThriftSerializationDelegateTest.xml
Checking ./storm-core/target/surefire-reports/TEST-org.apache.storm.serialization.GzipBridgeSerializationDelegateTest.xml
Checking ./storm-core/target/surefire-reports/TEST-org.apache.storm.serialization.SerializationTest.xml
Checking ./storm-core/target/surefire-reports/TEST-org.apache.storm.serialization.ThriftBridgeSerializationDelegateTest.xml
Checking ./storm-core/target/surefire-reports/TEST-org.apache.storm.grouping.PartialKeyGroupingTest.xml
Checking ./storm-core/target/surefire-reports/TEST-org.apache.storm.command.TestCLI.xml
Checking ./storm-core/target/surefire-reports/TEST-org.apache.storm.command.RebalanceTest.xml
Checking ./storm-core/target/surefire-reports/TEST-org.apache.storm.command.SetLogLevelTest.xml
Checking ./storm-core/target/surefire-reports/TEST-org.apache.storm.utils.UtilsTest.xml
Checking ./storm-core/target/surefire-reports/TEST-org.apache.storm.utils.DisruptorQueueTest.xml
Checking ./storm-core/target/surefire-reports/TEST-org.apache.storm.utils.DisruptorQueueBackpressureTest.xml
Checking ./storm-core/target/surefire-reports/TEST-org.apache.storm.utils.StormBoundedExponentialBackoffRetryTest.xml
Checking ./storm-core/target/surefire-reports/TEST-org.apache.storm.utils.TimeTest.xml
Checking ./storm-core/target/surefire-reports/TEST-org.apache.storm.utils.ThriftTopologyUtilsTest.xml
Checking ./storm-core/target/surefire-reports/TEST-org.apache.storm.utils.WorkerBackpressureThreadTest.xml
Checking ./storm-core/target/surefire-reports/TEST-org.apache.storm.utils.ShellBoltMessageQueueTest.xml
Checking ./storm-core/target/surefire-reports/TEST-org.apache.storm.metric.internal.CountStatAndMetricTest.xml
Checking ./storm-core/target/surefire-reports/TEST-org.apache.storm.metric.internal.RateTrackerTest.xml
Checking ./storm-core/target/surefire-reports/TEST-org.apache.storm.metric.internal.LatencyStatAndMetricTest.xml
Checking ./storm-core/target/surefire-reports/TEST-org.apache.storm.metric.util.DataPointExpanderTest.xml
Checking ./storm-core/target/surefire-reports/TEST-org.apache.storm.metric.filter.FilterByMetricNameTest.xml
Checking ./storm-core/target/surefire-reports/TEST-org.apache.storm.scheduler.resource.strategies.scheduling.TestDefaultResourceAwareStrategy.xml
Checking ./storm-core/target/surefire-reports/TEST-org.apache.storm.scheduler.resource.TestResourceAwareScheduler.xml
Checking ./storm-core/target/surefire-reports/TEST-org.apache.storm.scheduler.resource.TestUser.xml
Checking ./storm-core/target/surefire-reports/TEST-org.apache.storm.localizer.LocalizerTest.xml
Checking ./storm-core/target/surefire-reports/TEST-org.apache.storm.localizer.LocalizedResourceRetentionSetTest.xml
Checking ./storm-core/target/surefire-reports/TEST-org.apache.storm.localizer.LocalizedResourceSetTest.xml
Checking ./storm-core/target/surefire-reports/TEST-org.apache.storm.spout.CheckpointSpoutTest.xml
Checking ./storm-core/target/surefire-reports/TEST-org.apache.storm.blobstore.ClientBlobStoreTest.xml
Checking ./storm-core/target/surefire-reports/TEST-org.apache.storm.blobstore.BlobStoreTest.xml
Checking ./storm-core/target/surefire-reports/TEST-org.apache.storm.blobstore.BlobSynchronizerTest.xml
Checking ./storm-core/target/surefire-reports/TEST-org.apache.storm.topology.StatefulWindowedBoltExecutorTest.xml
Checking ./storm-core/target/surefire-reports/TEST-org.apache.storm.topology.TopologyBuilderTest.xml
Checking ./storm-core/target/surefire-reports/TEST-org.apache.storm.topology.StatefulBoltExecutorTest.xml
Checking ./storm-core/target/surefire-reports/TEST-org.apache.storm.topology.WindowedBoltExecutorTest.xml
--------------------------------------------------
classname: org.apache.storm.topology.WindowedBoltExecutorTest / testname: testExecuteWithLateTupleStream
org.mockito.exceptions.verification.WantedButNotInvoked: 
Wanted but not invoked:
outputCollector.emit(
    "$late",
    [source: null:1, stream: s1, id: {}, [600]],
    [source: null:1, stream: s1, id: {}, [600]]
);
-> at org.apache.storm.topology.WindowedBoltExecutorTest.testExecuteWithLateTupleStream(WindowedBoltExecutorTest.java:225)
Actually, there were zero interactions with this mock.

	at org.apache.storm.topology.WindowedBoltExecutorTest.testExecuteWithLateTupleStream(WindowedBoltExecutorTest.java:225)

-------------------- system-out --------------------
108673 [main-SendThread(localhost:2181)] WARN  o.a.z.ClientCnxn - Session 0x0 for server null, unexpected error, closing socket connection and attempting reconnect
java.net.ConnectException: Connection refused
	at sun.nio.ch.SocketChannelImpl.checkConnect(Native Method) ~[?:1.7.0_76]
	at sun.nio.ch.SocketChannelImpl.finishConnect(SocketChannelImpl.java:739) ~[?:1.7.0_76]
	at org.apache.zookeeper.ClientCnxnSocketNIO.doTransport(ClientCnxnSocketNIO.java:361) ~[zookeeper-3.4.6.jar:3.4.6-1569965]
	at org.apache.zookeeper.ClientCnxn$SendThread.run(ClientCnxn.java:1081) [zookeeper-3.4.6.jar:3.4.6-1569965]
[]

--------------------------------------------------
Checking ./storm-core/target/surefire-reports/TEST-org.apache.storm.state.InMemoryKeyValueStateTest.xml
Checking ./storm-core/target/surefire-reports/TEST-org.apache.storm.windowing.WaterMarkEventGeneratorTest.xml
Checking ./storm-core/target/surefire-reports/TEST-org.apache.storm.windowing.WindowManagerTest.xml
Checking ./storm-core/target/surefire-reports/TEST-org.apache.storm.trident.TestTridentTopology.xml
Checking ./storm-core/target/surefire-reports/TEST-org.apache.storm.trident.TridentWindowingTest.xml
Checking ./storm-core/target/surefire-reports/TEST-org.apache.storm.nimbus.LocalNimbusTest.xml
Checking ./storm-core/target/surefire-reports/TEST-org.apache.storm.tuple.FieldsTest.xml
--------------------------------------------------
classname: org.apache.storm.tuple.FieldsTest / testname: selectingUnknownFieldThrowsTest
java.lang.Exception: Unexpected exception, expected<java.lang.NullPointerException> but was<java.lang.IllegalArgumentException>
	at org.apache.storm.tuple.Fields.fieldIndex(Fields.java:104)
	at org.apache.storm.tuple.Fields.select(Fields.java:63)
	at org.apache.storm.tuple.FieldsTest.selectingUnknownFieldThrowsTest(FieldsTest.java:124)

--------------------------------------------------
Checking ./storm-core/target/surefire-reports/TEST-org.apache.storm.TestConfigValidate.xml
Checking ./storm-core/target/surefire-reports/TEST-org.apache.storm.PacemakerTest.xml
Checking ./storm-core/target/surefire-reports/TEST-org.apache.storm.TestCgroups.xml
Checking ./storm-core/target/surefire-reports/TEST-org.apache.storm.PaceMakerStateStorageFactoryTest.xml

travis_time:end:02c238a8:start=1470251333367685264,finish=1470251546021311394,duration=212653626130[0K
[31;1mThe command "/bin/bash ./dev-tools/travis/travis-script.sh `pwd` $MODULES" exited with 1.[0m
travis_fold:start:cache.2[0Kstore build cache
travis_time:start:05fb49f0[0K
travis_time:end:05fb49f0:start=1470251546025751304,finish=1470251546029273149,duration=3521845[0Ktravis_time:start:1d27d1c0[0K[32;1mchange detected (content changed, file is created, or file is deleted):
/home/travis/.m2/repository/eigenbase/eigenbase-properties/1.1.4/eigenbase-properties-1.1.4.pom.lastUpdated
/home/travis/.m2/repository/io/confluent/kafka-avro-serializer/1.0/kafka-avro-serializer-1.0.pom.lastUpdated
/home/travis/.m2/repository/io/confluent/kafka-schema-registry-client/1.0/kafka-schema-registry-client-1.0.pom.lastUpdated
/home/travis/.m2/repository/net/hydromatic/linq4j/0.4/linq4j-0.4.pom.lastUpdated
/home/travis/.m2/repository/net/hydromatic/quidem/0.1.1/quidem-0.1.1.pom.lastUpdated
/home/travis/.m2/repository/org/apache/storm/flux/2.0.0-SNAPSHOT/maven-metadata-local.xml
/home/travis/.m2/repository/org/apache/storm/flux/2.0.0-SNAPSHOT/_remote.repositories
/home/travis/.m2/repository/org/apache/storm/flux-core/2.0.0-SNAPSHOT/flux-core-2.0.0-SNAPSHOT.jar
/home/travis/.m2/repository/org/apache/storm/flux-core/2.0.0-SNAPSHOT/maven-metadata-local.xml
/home/travis/.m2/repository/org/apache/storm/flux-core/2.0.0-SNAPSHOT/_remote.repositories
/home/travis/.m2/repository/org/ap
[0m
[32;1m...
[0m
[32;1mchanges detected, packing new archive[0m
.
.
.
.
.
.
[32;1muploading archive[0m

travis_time:end:1d27d1c0:start=1470251546033344492,finish=1470251594632692990,duration=48599348498[0Ktravis_fold:end:cache.2[0K
Done. Your build exited with 1.
