Using worker: worker-linux-docker-18857481.prod.travis-ci.org:travis-linux-1

travis_fold:start:system_info[0K[33;1mBuild system information[0m
Build language: java
Build group: stable
Build dist: precise
Build id: 150002377
Job id: 150002378
travis-build version: d377c8f80
[34m[1mBuild image provisioning date and time[0m
Thu Feb  5 15:09:33 UTC 2015
[34m[1mOperating System Details[0m
Distributor ID:	Ubuntu
Description:	Ubuntu 12.04.5 LTS
Release:	12.04
Codename:	precise
[34m[1mLinux Version[0m
3.13.0-29-generic
[34m[1mCookbooks Version[0m
a68419e https://github.com/travis-ci/travis-cookbooks/tree/a68419e
[34m[1mGCC version[0m
gcc (Ubuntu/Linaro 4.6.3-1ubuntu5) 4.6.3
Copyright (C) 2011 Free Software Foundation, Inc.
This is free software; see the source for copying conditions.  There is NO
warranty; not even for MERCHANTABILITY or FITNESS FOR A PARTICULAR PURPOSE.

[34m[1mLLVM version[0m
clang version 3.4 (tags/RELEASE_34/final)
Target: x86_64-unknown-linux-gnu
Thread model: posix
[34m[1mPre-installed Ruby versions[0m
ruby-1.9.3-p551
[34m[1mPre-installed Node.js versions[0m
v0.10.36
[34m[1mPre-installed Go versions[0m
1.4.1
[34m[1mRedis version[0m
redis-server 2.8.19
[34m[1mriak version[0m
2.0.2
[34m[1mMongoDB version[0m
MongoDB 2.4.12
[34m[1mCouchDB version[0m
couchdb 1.6.1
[34m[1mNeo4j version[0m
1.9.4
[34m[1mRabbitMQ Version[0m
3.4.3
[34m[1mElasticSearch version[0m
1.4.0
[34m[1mInstalled Sphinx versions[0m
2.0.10
2.1.9
2.2.6
[34m[1mDefault Sphinx version[0m
2.2.6
[34m[1mInstalled Firefox version[0m
firefox 31.0esr
[34m[1mPhantomJS version[0m
1.9.8
[34m[1mant -version[0m
Apache Ant(TM) version 1.8.2 compiled on December 3 2011
[34m[1mmvn -version[0m
Apache Maven 3.2.5 (12a6b3acb947671f09b81f49094c53f426d8cea1; 2014-12-14T17:29:23+00:00)
Maven home: /usr/local/maven
Java version: 1.7.0_76, vendor: Oracle Corporation
Java home: /usr/lib/jvm/java-7-oracle/jre
Default locale: en_US, platform encoding: ANSI_X3.4-1968
OS name: "linux", version: "3.13.0-29-generic", arch: "amd64", family: "unix"
travis_fold:end:system_info[0K
travis_fold:start:fix.CVE-2015-7547[0K$ export DEBIAN_FRONTEND=noninteractive
W: Size of file /var/lib/apt/lists/us.archive.ubuntu.com_ubuntu_dists_precise-backports_multiverse_source_Sources.gz is not what the server reported 5886 5888
W: Size of file /var/lib/apt/lists/ppa.launchpad.net_ubuntugis_ppa_ubuntu_dists_precise_main_binary-amd64_Packages.gz is not what the server reported 33653 36677
W: Size of file /var/lib/apt/lists/ppa.launchpad.net_ubuntugis_ppa_ubuntu_dists_precise_main_binary-i386_Packages.gz is not what the server reported 33699 36733
Reading package lists...
Building dependency tree...
Reading state information...
The following extra packages will be installed:
  libc-bin libc-dev-bin libc6-dev
Suggested packages:
  glibc-doc
The following packages will be upgraded:
  libc-bin libc-dev-bin libc6 libc6-dev
4 upgraded, 0 newly installed, 0 to remove and 252 not upgraded.
Need to get 8,840 kB of archives.
After this operation, 14.3 kB disk space will be freed.
Get:1 http://us.archive.ubuntu.com/ubuntu/ precise-updates/main libc6-dev amd64 2.15-0ubuntu10.15 [2,943 kB]
Get:2 http://us.archive.ubuntu.com/ubuntu/ precise-updates/main libc-dev-bin amd64 2.15-0ubuntu10.15 [84.7 kB]
Get:3 http://us.archive.ubuntu.com/ubuntu/ precise-updates/main libc-bin amd64 2.15-0ubuntu10.15 [1,177 kB]
Get:4 http://us.archive.ubuntu.com/ubuntu/ precise-updates/main libc6 amd64 2.15-0ubuntu10.15 [4,636 kB]
Fetched 8,840 kB in 1s (6,139 kB/s)
Preconfiguring packages ...
(Reading database ... (Reading database ... 5%(Reading database ... 10%(Reading database ... 15%(Reading database ... 20%(Reading database ... 25%(Reading database ... 30%(Reading database ... 35%(Reading database ... 40%(Reading database ... 45%(Reading database ... 50%(Reading database ... 55%(Reading database ... 60%(Reading database ... 65%(Reading database ... 70%(Reading database ... 75%(Reading database ... 80%(Reading database ... 85%(Reading database ... 90%(Reading database ... 95%(Reading database ... 100%(Reading database ... 72019 files and directories currently installed.)
Preparing to replace libc6-dev 2.15-0ubuntu10.10 (using .../libc6-dev_2.15-0ubuntu10.15_amd64.deb) ...
Unpacking replacement libc6-dev ...
Preparing to replace libc-dev-bin 2.15-0ubuntu10.10 (using .../libc-dev-bin_2.15-0ubuntu10.15_amd64.deb) ...
Unpacking replacement libc-dev-bin ...
Preparing to replace libc-bin 2.15-0ubuntu10.10 (using .../libc-bin_2.15-0ubuntu10.15_amd64.deb) ...
Unpacking replacement libc-bin ...
Processing triggers for man-db ...
Setting up libc-bin (2.15-0ubuntu10.15) ...
(Reading database ... (Reading database ... 5%(Reading database ... 10%(Reading database ... 15%(Reading database ... 20%(Reading database ... 25%(Reading database ... 30%(Reading database ... 35%(Reading database ... 40%(Reading database ... 45%(Reading database ... 50%(Reading database ... 55%(Reading database ... 60%(Reading database ... 65%(Reading database ... 70%(Reading database ... 75%(Reading database ... 80%(Reading database ... 85%(Reading database ... 90%(Reading database ... 95%(Reading database ... 100%(Reading database ... 72018 files and directories currently installed.)
Preparing to replace libc6 2.15-0ubuntu10.10 (using .../libc6_2.15-0ubuntu10.15_amd64.deb) ...
Unpacking replacement libc6 ...
Setting up libc6 (2.15-0ubuntu10.15) ...
Setting up libc-dev-bin (2.15-0ubuntu10.15) ...
Setting up libc6-dev (2.15-0ubuntu10.15) ...
Processing triggers for libc-bin ...
ldconfig deferred processing now taking place
travis_fold:end:fix.CVE-2015-7547[0Ktravis_fold:start:git.checkout[0Ktravis_time:start:0c7ad990[0K$ git clone --depth=50 https://github.com/apache/storm.git apache/storm
Cloning into 'apache/storm'...
remote: Counting objects: 20367, done.[K
remote: Compressing objects:   0% (1/8266)   [Kremote: Compressing objects:   1% (83/8266)   [Kremote: Compressing objects:   2% (166/8266)   [Kremote: Compressing objects:   3% (248/8266)   [Kremote: Compressing objects:   4% (331/8266)   [Kremote: Compressing objects:   5% (414/8266)   [Kremote: Compressing objects:   6% (496/8266)   [Kremote: Compressing objects:   7% (579/8266)   [Kremote: Compressing objects:   8% (662/8266)   [Kremote: Compressing objects:   9% (744/8266)   [Kremote: Compressing objects:  10% (827/8266)   [Kremote: Compressing objects:  11% (910/8266)   [Kremote: Compressing objects:  12% (992/8266)   [Kremote: Compressing objects:  13% (1075/8266)   [Kremote: Compressing objects:  14% (1158/8266)   [Kremote: Compressing objects:  15% (1240/8266)   [Kremote: Compressing objects:  16% (1323/8266)   [Kremote: Compressing objects:  17% (1406/8266)   [Kremote: Compressing objects:  18% (1488/8266)   [Kremote: Compressing objects:  19% (1571/8266)   [Kremote: Compressing objects:  20% (1654/8266)   [Kremote: Compressing objects:  21% (1736/8266)   [Kremote: Compressing objects:  22% (1819/8266)   [Kremote: Compressing objects:  23% (1902/8266)   [Kremote: Compressing objects:  24% (1984/8266)   [Kremote: Compressing objects:  25% (2067/8266)   [Kremote: Compressing objects:  26% (2150/8266)   [Kremote: Compressing objects:  27% (2232/8266)   [Kremote: Compressing objects:  28% (2315/8266)   [Kremote: Compressing objects:  29% (2398/8266)   [Kremote: Compressing objects:  30% (2480/8266)   [Kremote: Compressing objects:  31% (2563/8266)   [Kremote: Compressing objects:  32% (2646/8266)   [Kremote: Compressing objects:  33% (2728/8266)   [Kremote: Compressing objects:  34% (2811/8266)   [Kremote: Compressing objects:  35% (2894/8266)   [Kremote: Compressing objects:  36% (2976/8266)   [Kremote: Compressing objects:  37% (3059/8266)   [Kremote: Compressing objects:  38% (3142/8266)   [Kremote: Compressing objects:  39% (3224/8266)   [Kremote: Compressing objects:  40% (3307/8266)   [Kremote: Compressing objects:  41% (3390/8266)   [Kremote: Compressing objects:  42% (3472/8266)   [Kremote: Compressing objects:  43% (3555/8266)   [Kremote: Compressing objects:  44% (3638/8266)   [Kremote: Compressing objects:  45% (3720/8266)   [Kremote: Compressing objects:  46% (3803/8266)   [Kremote: Compressing objects:  47% (3886/8266)   [Kremote: Compressing objects:  48% (3968/8266)   [Kremote: Compressing objects:  49% (4051/8266)   [Kremote: Compressing objects:  50% (4133/8266)   [Kremote: Compressing objects:  51% (4216/8266)   [Kremote: Compressing objects:  52% (4299/8266)   [Kremote: Compressing objects:  53% (4381/8266)   [Kremote: Compressing objects:  54% (4464/8266)   [Kremote: Compressing objects:  55% (4547/8266)   [Kremote: Compressing objects:  56% (4629/8266)   [Kremote: Compressing objects:  57% (4712/8266)   [Kremote: Compressing objects:  58% (4795/8266)   [Kremote: Compressing objects:  59% (4877/8266)   [Kremote: Compressing objects:  60% (4960/8266)   [Kremote: Compressing objects:  61% (5043/8266)   [Kremote: Compressing objects:  62% (5125/8266)   [Kremote: Compressing objects:  63% (5208/8266)   [Kremote: Compressing objects:  64% (5291/8266)   [Kremote: Compressing objects:  65% (5373/8266)   [Kremote: Compressing objects:  66% (5456/8266)   [Kremote: Compressing objects:  67% (5539/8266)   [Kremote: Compressing objects:  68% (5621/8266)   [Kremote: Compressing objects:  69% (5704/8266)   [Kremote: Compressing objects:  70% (5787/8266)   [Kremote: Compressing objects:  71% (5869/8266)   [Kremote: Compressing objects:  72% (5952/8266)   [Kremote: Compressing objects:  73% (6035/8266)   [Kremote: Compressing objects:  74% (6117/8266)   [Kremote: Compressing objects:  75% (6200/8266)   [Kremote: Compressing objects:  76% (6283/8266)   [Kremote: Compressing objects:  77% (6365/8266)   [Kremote: Compressing objects:  78% (6448/8266)   [Kremote: Compressing objects:  79% (6531/8266)   [Kremote: Compressing objects:  80% (6613/8266)   [Kremote: Compressing objects:  81% (6696/8266)   [Kremote: Compressing objects:  82% (6779/8266)   [Kremote: Compressing objects:  83% (6861/8266)   [Kremote: Compressing objects:  84% (6944/8266)   [Kremote: Compressing objects:  85% (7027/8266)   [Kremote: Compressing objects:  86% (7109/8266)   [Kremote: Compressing objects:  87% (7192/8266)   [Kremote: Compressing objects:  88% (7275/8266)   [Kremote: Compressing objects:  89% (7357/8266)   [Kremote: Compressing objects:  90% (7440/8266)   [Kremote: Compressing objects:  91% (7523/8266)   [Kremote: Compressing objects:  92% (7605/8266)   [Kremote: Compressing objects:  93% (7688/8266)   [Kremote: Compressing objects:  94% (7771/8266)   [Kremote: Compressing objects:  95% (7853/8266)   [Kremote: Compressing objects:  96% (7936/8266)   [Kremote: Compressing objects:  97% (8019/8266)   [Kremote: Compressing objects:  98% (8101/8266)   [Kremote: Compressing objects:  99% (8184/8266)   [Kremote: Compressing objects: 100% (8266/8266)   [Kremote: Compressing objects: 100% (8266/8266), done.[K
Receiving objects:   0% (1/20367)   Receiving objects:   1% (204/20367)   Receiving objects:   2% (408/20367)   Receiving objects:   3% (612/20367)   Receiving objects:   4% (815/20367)   Receiving objects:   5% (1019/20367)   Receiving objects:   6% (1223/20367)   Receiving objects:   7% (1426/20367)   Receiving objects:   8% (1630/20367)   Receiving objects:   9% (1834/20367)   Receiving objects:  10% (2037/20367)   Receiving objects:  11% (2241/20367)   Receiving objects:  12% (2445/20367)   Receiving objects:  13% (2648/20367)   Receiving objects:  14% (2852/20367)   Receiving objects:  15% (3056/20367)   Receiving objects:  16% (3259/20367)   Receiving objects:  17% (3463/20367)   Receiving objects:  18% (3667/20367)   Receiving objects:  19% (3870/20367)   Receiving objects:  20% (4074/20367)   Receiving objects:  21% (4278/20367)   Receiving objects:  22% (4481/20367), 8.96 MiB | 17.87 MiB/s   Receiving objects:  23% (4685/20367), 8.96 MiB | 17.87 MiB/s   Receiving objects:  24% (4889/20367), 8.96 MiB | 17.87 MiB/s   Receiving objects:  25% (5092/20367), 8.96 MiB | 17.87 MiB/s   Receiving objects:  26% (5296/20367), 8.96 MiB | 17.87 MiB/s   Receiving objects:  27% (5500/20367), 8.96 MiB | 17.87 MiB/s   Receiving objects:  28% (5703/20367), 8.96 MiB | 17.87 MiB/s   Receiving objects:  29% (5907/20367), 8.96 MiB | 17.87 MiB/s   Receiving objects:  30% (6111/20367), 8.96 MiB | 17.87 MiB/s   Receiving objects:  31% (6314/20367), 8.96 MiB | 17.87 MiB/s   Receiving objects:  32% (6518/20367), 8.96 MiB | 17.87 MiB/s   Receiving objects:  33% (6722/20367), 8.96 MiB | 17.87 MiB/s   Receiving objects:  34% (6925/20367), 8.96 MiB | 17.87 MiB/s   Receiving objects:  35% (7129/20367), 8.96 MiB | 17.87 MiB/s   Receiving objects:  36% (7333/20367), 8.96 MiB | 17.87 MiB/s   Receiving objects:  37% (7536/20367), 8.96 MiB | 17.87 MiB/s   Receiving objects:  38% (7740/20367), 8.96 MiB | 17.87 MiB/s   Receiving objects:  39% (7944/20367), 8.96 MiB | 17.87 MiB/s   Receiving objects:  40% (8147/20367), 8.96 MiB | 17.87 MiB/s   Receiving objects:  41% (8351/20367), 8.96 MiB | 17.87 MiB/s   Receiving objects:  42% (8555/20367), 8.96 MiB | 17.87 MiB/s   Receiving objects:  43% (8758/20367), 8.96 MiB | 17.87 MiB/s   Receiving objects:  44% (8962/20367), 8.96 MiB | 17.87 MiB/s   Receiving objects:  45% (9166/20367), 8.96 MiB | 17.87 MiB/s   Receiving objects:  46% (9369/20367), 8.96 MiB | 17.87 MiB/s   Receiving objects:  47% (9573/20367), 8.96 MiB | 17.87 MiB/s   Receiving objects:  48% (9777/20367), 8.96 MiB | 17.87 MiB/s   Receiving objects:  49% (9980/20367), 8.96 MiB | 17.87 MiB/s   Receiving objects:  50% (10184/20367), 8.96 MiB | 17.87 MiB/s   Receiving objects:  51% (10388/20367), 8.96 MiB | 17.87 MiB/s   Receiving objects:  52% (10591/20367), 8.96 MiB | 17.87 MiB/s   Receiving objects:  53% (10795/20367), 8.96 MiB | 17.87 MiB/s   Receiving objects:  54% (10999/20367), 8.96 MiB | 17.87 MiB/s   Receiving objects:  55% (11202/20367), 8.96 MiB | 17.87 MiB/s   Receiving objects:  56% (11406/20367), 8.96 MiB | 17.87 MiB/s   Receiving objects:  57% (11610/20367), 8.96 MiB | 17.87 MiB/s   Receiving objects:  58% (11813/20367), 8.96 MiB | 17.87 MiB/s   Receiving objects:  59% (12017/20367), 8.96 MiB | 17.87 MiB/s   Receiving objects:  60% (12221/20367), 8.96 MiB | 17.87 MiB/s   Receiving objects:  61% (12424/20367), 8.96 MiB | 17.87 MiB/s   Receiving objects:  62% (12628/20367), 8.96 MiB | 17.87 MiB/s   Receiving objects:  63% (12832/20367), 8.96 MiB | 17.87 MiB/s   Receiving objects:  64% (13035/20367), 8.96 MiB | 17.87 MiB/s   Receiving objects:  65% (13239/20367), 8.96 MiB | 17.87 MiB/s   Receiving objects:  66% (13443/20367), 8.96 MiB | 17.87 MiB/s   Receiving objects:  67% (13646/20367), 8.96 MiB | 17.87 MiB/s   Receiving objects:  68% (13850/20367), 8.96 MiB | 17.87 MiB/s   Receiving objects:  69% (14054/20367), 8.96 MiB | 17.87 MiB/s   Receiving objects:  70% (14257/20367), 8.96 MiB | 17.87 MiB/s   Receiving objects:  71% (14461/20367), 8.96 MiB | 17.87 MiB/s   Receiving objects:  72% (14665/20367), 8.96 MiB | 17.87 MiB/s   Receiving objects:  73% (14868/20367), 8.96 MiB | 17.87 MiB/s   Receiving objects:  74% (15072/20367), 8.96 MiB | 17.87 MiB/s   Receiving objects:  75% (15276/20367), 8.96 MiB | 17.87 MiB/s   Receiving objects:  76% (15479/20367), 8.96 MiB | 17.87 MiB/s   Receiving objects:  77% (15683/20367), 8.96 MiB | 17.87 MiB/s   Receiving objects:  78% (15887/20367), 8.96 MiB | 17.87 MiB/s   Receiving objects:  79% (16090/20367), 8.96 MiB | 17.87 MiB/s   Receiving objects:  80% (16294/20367), 8.96 MiB | 17.87 MiB/s   Receiving objects:  81% (16498/20367), 8.96 MiB | 17.87 MiB/s   Receiving objects:  82% (16701/20367), 8.96 MiB | 17.87 MiB/s   Receiving objects:  83% (16905/20367), 8.96 MiB | 17.87 MiB/s   Receiving objects:  84% (17109/20367), 8.96 MiB | 17.87 MiB/s   Receiving objects:  85% (17312/20367), 8.96 MiB | 17.87 MiB/s   Receiving objects:  86% (17516/20367), 8.96 MiB | 17.87 MiB/s   Receiving objects:  87% (17720/20367), 8.96 MiB | 17.87 MiB/s   Receiving objects:  88% (17923/20367), 8.96 MiB | 17.87 MiB/s   Receiving objects:  89% (18127/20367), 8.96 MiB | 17.87 MiB/s   Receiving objects:  90% (18331/20367), 8.96 MiB | 17.87 MiB/s   Receiving objects:  91% (18534/20367), 8.96 MiB | 17.87 MiB/s   Receiving objects:  92% (18738/20367), 8.96 MiB | 17.87 MiB/s   Receiving objects:  93% (18942/20367), 8.96 MiB | 17.87 MiB/s   Receiving objects:  94% (19145/20367), 8.96 MiB | 17.87 MiB/s   Receiving objects:  95% (19349/20367), 8.96 MiB | 17.87 MiB/s   Receiving objects:  96% (19553/20367), 8.96 MiB | 17.87 MiB/s   Receiving objects:  97% (19756/20367), 8.96 MiB | 17.87 MiB/s   Receiving objects:  98% (19960/20367), 8.96 MiB | 17.87 MiB/s   remote: Total 20367 (delta 9767), reused 17477 (delta 7478), pack-reused 0[K
Receiving objects:  99% (20164/20367), 8.96 MiB | 17.87 MiB/s   Receiving objects: 100% (20367/20367), 8.96 MiB | 17.87 MiB/s   Receiving objects: 100% (20367/20367), 15.34 MiB | 17.87 MiB/s, done.
Resolving deltas:   0% (0/9767)   Resolving deltas:   2% (291/9767)   Resolving deltas:   3% (299/9767)   Resolving deltas:   4% (393/9767)   Resolving deltas:   5% (492/9767)   Resolving deltas:   6% (587/9767)   Resolving deltas:   7% (691/9767)   Resolving deltas:   8% (793/9767)   Resolving deltas:   9% (883/9767)   Resolving deltas:  10% (997/9767)   Resolving deltas:  11% (1094/9767)   Resolving deltas:  12% (1173/9767)   Resolving deltas:  13% (1335/9767)   Resolving deltas:  14% (1400/9767)   Resolving deltas:  15% (1468/9767)   Resolving deltas:  16% (1563/9767)   Resolving deltas:  17% (1668/9767)   Resolving deltas:  18% (1768/9767)   Resolving deltas:  19% (1856/9767)   Resolving deltas:  20% (1955/9767)   Resolving deltas:  21% (2052/9767)   Resolving deltas:  22% (2150/9767)   Resolving deltas:  23% (2258/9767)   Resolving deltas:  24% (2351/9767)   Resolving deltas:  25% (2442/9767)   Resolving deltas:  26% (2546/9767)   Resolving deltas:  27% (2639/9767)   Resolving deltas:  29% (2900/9767)   Resolving deltas:  30% (2953/9767)   Resolving deltas:  31% (3031/9767)   Resolving deltas:  34% (3388/9767)   Resolving deltas:  35% (3477/9767)   Resolving deltas:  36% (3521/9767)   Resolving deltas:  37% (3616/9767)   Resolving deltas:  38% (3724/9767)   Resolving deltas:  39% (3810/9767)   Resolving deltas:  40% (3918/9767)   Resolving deltas:  41% (4007/9767)   Resolving deltas:  42% (4103/9767)   Resolving deltas:  43% (4203/9767)   Resolving deltas:  44% (4298/9767)   Resolving deltas:  45% (4396/9767)   Resolving deltas:  46% (4494/9767)   Resolving deltas:  47% (4592/9767)   Resolving deltas:  48% (4691/9767)   Resolving deltas:  49% (4787/9767)   Resolving deltas:  50% (4885/9767)   Resolving deltas:  51% (4982/9767)   Resolving deltas:  52% (5080/9767)   Resolving deltas:  53% (5179/9767)   Resolving deltas:  54% (5278/9767)   Resolving deltas:  55% (5453/9767)   Resolving deltas:  56% (5473/9767)   Resolving deltas:  57% (5569/9767)   Resolving deltas:  58% (5672/9767)   Resolving deltas:  59% (5766/9767)   Resolving deltas:  60% (5861/9767)   Resolving deltas:  61% (5963/9767)   Resolving deltas:  62% (6064/9767)   Resolving deltas:  63% (6159/9767)   Resolving deltas:  64% (6281/9767)   Resolving deltas:  65% (6356/9767)   Resolving deltas:  66% (6458/9767)   Resolving deltas:  67% (6564/9767)   Resolving deltas:  68% (6647/9767)   Resolving deltas:  69% (6749/9767)   Resolving deltas:  72% (7040/9767)   Resolving deltas:  73% (7130/9767)   Resolving deltas:  74% (7294/9767)   Resolving deltas:  76% (7508/9767)   Resolving deltas:  77% (7547/9767)   Resolving deltas:  78% (7672/9767)   Resolving deltas:  80% (7860/9767)   Resolving deltas:  81% (7984/9767)   Resolving deltas:  82% (8031/9767)   Resolving deltas:  83% (8120/9767)   Resolving deltas:  84% (8212/9767)   Resolving deltas:  85% (8304/9767)   Resolving deltas:  86% (8402/9767)   Resolving deltas:  87% (8499/9767)   Resolving deltas:  88% (8596/9767)   Resolving deltas:  89% (8701/9767)   Resolving deltas:  90% (8803/9767)   Resolving deltas:  91% (8917/9767)   Resolving deltas:  93% (9162/9767)   Resolving deltas:  94% (9246/9767)   Resolving deltas:  95% (9281/9767)   Resolving deltas:  96% (9379/9767)   Resolving deltas:  97% (9474/9767)   Resolving deltas:  98% (9578/9767)   Resolving deltas:  99% (9671/9767)   Resolving deltas: 100% (9767/9767)   Resolving deltas: 100% (9767/9767), done.
Checking connectivity... done.

travis_time:end:0c7ad990:start=1470397358037262260,finish=1470397360773105653,duration=2735843393[0K$ cd apache/storm
travis_time:start:0388732c[0K$ git fetch origin +refs/pull/1610/merge:
remote: Counting objects: 13, done.[K
remote: Compressing objects:  25% (1/4)   [Kremote: Compressing objects:  50% (2/4)   [Kremote: Compressing objects:  75% (3/4)   [Kremote: Compressing objects: 100% (4/4)   [Kremote: Compressing objects: 100% (4/4), done.[K
remote: Total 13 (delta 6), reused 12 (delta 6), pack-reused 0[K
Unpacking objects:   7% (1/13)   Unpacking objects:  15% (2/13)   Unpacking objects:  23% (3/13)   Unpacking objects:  30% (4/13)   Unpacking objects:  38% (5/13)   Unpacking objects:  46% (6/13)   Unpacking objects:  53% (7/13)   Unpacking objects:  61% (8/13)   Unpacking objects:  69% (9/13)   Unpacking objects:  76% (10/13)   Unpacking objects:  84% (11/13)   Unpacking objects:  92% (12/13)   Unpacking objects: 100% (13/13)   Unpacking objects: 100% (13/13), done.
From https://github.com/apache/storm
 * branch            refs/pull/1610/merge -> FETCH_HEAD

travis_time:end:0388732c:start=1470397360777529421,finish=1470397361157567317,duration=380037896[0K$ git checkout -qf FETCH_HEAD
travis_fold:end:git.checkout[0K
[33;1mThis job is running on container-based infrastructure, which does not allow use of 'sudo', setuid and setguid executables.[0m
[33;1mIf you require sudo, add 'sudo: required' to your .travis.yml[0m
[33;1mSee https://docs.travis-ci.com/user/workers/container-based-infrastructure/ for details.[0m

[33;1mSetting environment variables from .travis.yml[0m
$ export MODULES=storm-core

$ jdk_switcher use oraclejdk7
Switching to Oracle JDK7 (java-7-oracle), JAVA_HOME will be set to /usr/lib/jvm/java-7-oracle
travis_fold:start:cache.1[0KSetting up build cache
$ export CASHER_DIR=$HOME/.casher
travis_time:start:0f0641cb[0K$ Installing caching utilities

travis_time:end:0f0641cb:start=1470397363330076557,finish=1470397363381882531,duration=51805974[0Ktravis_time:start:1d6e0af8[0K
travis_time:end:1d6e0af8:start=1470397363386873293,finish=1470397363390429955,duration=3556662[0Ktravis_time:start:1f2e6e16[0K[32;1mattempting to download cache archive[0m
[32;1mfetching PR.1610/cache-linux-precise-4722ea394922d42b2b7eb84cff6efc764d76759821ac6f6efc13232aa923f595--jdk-oraclejdk7.tgz[0m
[32;1mfetching PR.1610/cache--jdk-oraclejdk7.tgz[0m
[32;1mfetching master/cache-linux-precise-4722ea394922d42b2b7eb84cff6efc764d76759821ac6f6efc13232aa923f595--jdk-oraclejdk7.tgz[0m
[32;1mfound cache[0m

travis_time:end:1f2e6e16:start=1470397363394802009,finish=1470397372570669109,duration=9175867100[0Ktravis_time:start:1d157378[0K
travis_time:end:1d157378:start=1470397372574862694,finish=1470397372578450213,duration=3587519[0Ktravis_time:start:006e1f67[0K[32;1madding /home/travis/.m2/repository to cache[0m
[32;1madding /home/travis/.rvm to cache[0m
[32;1madding /home/travis/.nvm to cache[0m

travis_time:end:006e1f67:start=1470397372582868109,finish=1470397384678321609,duration=12095453500[0Ktravis_fold:end:cache.1[0K$ java -Xmx32m -version
java version "1.7.0_76"
Java(TM) SE Runtime Environment (build 1.7.0_76-b13)
Java HotSpot(TM) 64-Bit Server VM (build 24.76-b04, mixed mode)
$ javac -J-Xmx32m -version
javac 1.7.0_76
travis_fold:start:before_install.1[0Ktravis_time:start:01566834[0K$ rvm use 2.1.5 --install
[32mUsing /home/travis/.rvm/gems/ruby-2.1.5[0m

travis_time:end:01566834:start=1470397385027234802,finish=1470397385271125729,duration=243890927[0Ktravis_fold:end:before_install.1[0Ktravis_fold:start:before_install.2[0Ktravis_time:start:2c316d5a[0K$ nvm install 0.12.2
v0.12.2 is already installed.
Now using node v0.12.2

travis_time:end:2c316d5a:start=1470397385275272303,finish=1470397385531994000,duration=256721697[0Ktravis_fold:end:before_install.2[0Ktravis_fold:start:before_install.3[0Ktravis_time:start:001b8598[0K$ nvm use 0.12.2
Now using node v0.12.2

travis_time:end:001b8598:start=1470397385536858648,finish=1470397385604671573,duration=67812925[0Ktravis_fold:end:before_install.3[0Ktravis_fold:start:install[0Ktravis_time:start:0225a8f0[0K$ /bin/bash ./dev-tools/travis/travis-install.sh `pwd`
Python version :   Python 2.7.3
Maven version  :   Apache Maven 3.2.5 (12a6b3acb947671f09b81f49094c53f426d8cea1; 2014-12-14T17:29:23+00:00) Maven home: /usr/local/maven Java version: 1.7.0_76, vendor: Oracle Corporation Java home: /usr/lib/jvm/java-7-oracle/jre Default locale: en_US, platform encoding: UTF-8 OS name: "linux", version: "3.13.0-40-generic", arch: "amd64", family: "unix"
['mvn', 'clean', 'install', '-DskipTests', '-Pnative', '--batch-mode'] writing to install.txt
1 seconds 1 log lines12 seconds 197 log lines34 seconds 324 log lines46 seconds 333 log lines56 seconds 568 log lines68 seconds 653 log lines79 seconds 869 log lines89 seconds 918 log lines99 seconds 1185 log lines110 seconds 1330 log lines121 seconds 1643 log lines132 seconds 1834 log lines144 seconds 2221 log lines159 seconds 2381 log lines172 seconds 2718 log lines172 seconds 2719 log lines
['mvn', 'clean', 'install', '-DskipTests', '-Pnative', '--batch-mode'] done 0

travis_time:end:0225a8f0:start=1470397385609585344,finish=1470397558928810762,duration=173319225418[0Ktravis_fold:end:install[0Ktravis_time:start:3cb9247e[0K$ /bin/bash ./dev-tools/travis/travis-script.sh `pwd` $MODULES
Python version :   Python 2.7.3
Ruby version   :   ruby 2.1.5p273 (2014-11-13 revision 48405) [x86_64-linux]
NodeJs version :   v0.12.2
Maven version  :   Apache Maven 3.2.5 (12a6b3acb947671f09b81f49094c53f426d8cea1; 2014-12-14T17:29:23+00:00) Maven home: /usr/local/maven Java version: 1.7.0_76, vendor: Oracle Corporation Java home: /usr/lib/jvm/java-7-oracle/jre Default locale: en_US, platform encoding: UTF-8 OS name: "linux", version: "3.13.0-40-generic", arch: "amd64", family: "unix"
[INFO] Scanning for projects...
[INFO]                                                                         
[INFO] ------------------------------------------------------------------------
[INFO] Building Storm Core 2.0.0-SNAPSHOT
[INFO] ------------------------------------------------------------------------
[INFO] 
[INFO] --- exec-maven-plugin:1.2.1:exec (default) @ storm-core ---
[INFO] 
[INFO] --- maven-remote-resources-plugin:1.2.1:process (default) @ storm-core ---
[INFO] 
[INFO] --- storm-maven-plugins:2.0.0-SNAPSHOT:version-info (version-info) @ storm-core ---
[WARNING] [svn, info] failed with error code 1
[INFO] SCM: GIT
[INFO] Computed MD5: 6d7c18b084247edeedf71d59e3778bdf
[INFO] 
[INFO] --- maven-resources-plugin:2.5:resources (default-resources) @ storm-core ---
[debug] execute contextualize
[INFO] Using 'UTF-8' encoding to copy filtered resources.
[INFO] Copying 9 resources
[INFO] Copying 1 resource to META-INF
[INFO] Copying 0 resource
[INFO] Copying 1 resource
[INFO] Copying 3 resources
[INFO] 
[INFO] --- maven-compiler-plugin:3.1:compile (default-compile) @ storm-core ---
[INFO] Nothing to compile - all classes are up to date
[INFO] 
[INFO] --- clojure-maven-plugin:1.7.1:compile (compile-clojure) @ storm-core ---
Compiling org.apache.storm.testing4j to /home/travis/build/apache/storm/storm-core/target/classes
11:46:15.848 [main] WARN  o.a.s.m.StormMetricsRegistry - Metric ui:num-topology-op-response-http-requests has already been registered
11:46:15.849 [main] WARN  o.a.s.m.StormMetricsRegistry - Metric ui:num-topology-op-response-http-requests has already been registered
Compiling org.apache.storm.ui.helpers to /home/travis/build/apache/storm/storm-core/target/classes
Compiling org.apache.storm.scheduler.IsolationScheduler to /home/travis/build/apache/storm/storm-core/target/classes
Compiling org.apache.storm.log to /home/travis/build/apache/storm/storm-core/target/classes
Compiling org.apache.storm.daemon.worker to /home/travis/build/apache/storm/storm-core/target/classes
Compiling org.apache.storm.testing to /home/travis/build/apache/storm/storm-core/target/classes
Compiling org.apache.storm.converter to /home/travis/build/apache/storm/storm-core/target/classes
Compiling org.apache.storm.daemon.executor to /home/travis/build/apache/storm/storm-core/target/classes
Compiling org.apache.storm.util to /home/travis/build/apache/storm/storm-core/target/classes
Compiling org.apache.storm.command.shell-submission to /home/travis/build/apache/storm/storm-core/target/classes
Compiling org.apache.storm.daemon.common to /home/travis/build/apache/storm/storm-core/target/classes
Compiling org.apache.storm.internal.clojure to /home/travis/build/apache/storm/storm-core/target/classes
Compiling org.apache.storm.daemon.local-supervisor to /home/travis/build/apache/storm/storm-core/target/classes
Compiling org.apache.storm.internal.thrift to /home/travis/build/apache/storm/storm-core/target/classes
Compiling org.apache.storm.daemon.logviewer to /home/travis/build/apache/storm/storm-core/target/classes
Compiling org.apache.storm.daemon.nimbus to /home/travis/build/apache/storm/storm-core/target/classes
Compiling org.apache.storm.LocalCluster to /home/travis/build/apache/storm/storm-core/target/classes
Compiling org.apache.storm.local-state-converter to /home/travis/build/apache/storm/storm-core/target/classes
Compiling org.apache.storm.trident.testing to /home/travis/build/apache/storm/storm-core/target/classes
Compiling org.apache.storm.ui.core to /home/travis/build/apache/storm/storm-core/target/classes
Compiling org.apache.storm.daemon.drpc to /home/travis/build/apache/storm/storm-core/target/classes
Compiling org.apache.storm.config to /home/travis/build/apache/storm/storm-core/target/classes
[INFO] 
[INFO] --- make-maven-plugin:1.0-beta-1:autoreconf (compile) @ storm-core ---
[INFO] 
[INFO] --- make-maven-plugin:1.0-beta-1:configure (compile) @ storm-core ---
[INFO] /bin/sh: 14: /home/travis/.jdk_switcher_rc: [[: not found
[INFO] /bin/sh: 22: /home/travis/.jdk_switcher_rc: [[: not found
[INFO] /bin/sh: 32: /home/travis/.jdk_switcher_rc: [[: not found
[INFO] /bin/sh: 42: /home/travis/.jdk_switcher_rc: [[: not found
[INFO] /bin/sh: 3: /etc/profile.d/rvm.sh: [[: not found
[INFO] checking for gcc... gcc
[INFO] checking whether the C compiler works... yes
[INFO] checking for C compiler default output file name... a.out
[INFO] checking for suffix of executables... 
[INFO] checking whether we are cross compiling... no
[INFO] checking for suffix of object files... o
[INFO] checking whether we are using the GNU C compiler... yes
[INFO] checking whether gcc accepts -g... yes
[INFO] checking for gcc option to accept ISO C89... none needed
[INFO] checking how to run the C preprocessor... gcc -E
[INFO] checking for grep that handles long lines and -e... /bin/grep
[INFO] checking for egrep... /bin/grep -E
[INFO] checking for ANSI C header files... yes
[INFO] checking for sys/types.h... yes
[INFO] checking for sys/stat.h... yes
[INFO] checking for stdlib.h... yes
[INFO] checking for string.h... yes
[INFO] checking for memory.h... yes
[INFO] checking for strings.h... yes
[INFO] checking for inttypes.h... yes
[INFO] checking for stdint.h... yes
[INFO] checking for unistd.h... yes
[INFO] checking minix/config.h usability... no
[INFO] checking minix/config.h presence... no
[INFO] checking for minix/config.h... no
[INFO] checking whether it is safe to define __EXTENSIONS__... yes
[INFO] checking for a BSD-compatible install... /usr/bin/install -c
[INFO] checking whether build environment is sane... yes
[INFO] checking for a thread-safe mkdir -p... /bin/mkdir -p
[INFO] checking for gawk... gawk
[INFO] checking whether make sets $(MAKE)... yes
[INFO] checking for style of include used by make... GNU
[INFO] checking dependency style of gcc... gcc3
[INFO] checking for gcc... (cached) gcc
[INFO] checking whether we are using the GNU C compiler... (cached) yes
[INFO] checking whether gcc accepts -g... (cached) yes
[INFO] checking for gcc option to accept ISO C89... (cached) none needed
[INFO] checking whether gcc and cc understand -c and -o together... yes
[INFO] checking for unistd.h... (cached) yes
[INFO] checking for stdbool.h that conforms to C99... yes
[INFO] checking for _Bool... yes
[INFO] checking for an ANSI C-conforming const... yes
[INFO] checking for off_t... yes
[INFO] checking for size_t... yes
[INFO] checking whether strerror_r is declared... yes
[INFO] checking for strerror_r... yes
[INFO] checking whether strerror_r returns char *... yes
[INFO] checking for mkdir... yes
[INFO] checking for uname... yes
[INFO] configure: creating ./config.status
[INFO] config.status: creating Makefile
[INFO] config.status: executing depfiles commands
[INFO] 
[INFO] --- make-maven-plugin:1.0-beta-1:make-install (compile) @ storm-core ---
[INFO] /bin/sh: 14: /home/travis/.jdk_switcher_rc: [[: not found
[INFO] /bin/sh: 22: /home/travis/.jdk_switcher_rc: [[: not found
[INFO] /bin/sh: 32: /home/travis/.jdk_switcher_rc: [[: not found
[INFO] /bin/sh: 42: /home/travis/.jdk_switcher_rc: [[: not found
[INFO] /bin/sh: 3: /etc/profile.d/rvm.sh: [[: not found
[INFO] make[1]: Entering directory `/home/travis/build/apache/storm/storm-core/target/native/worker-launcher'
[INFO] test -z "/usr/local/bin" || /bin/mkdir -p "/home/travis/build/apache/storm/storm-core/target/native/target/usr/local/bin"
[INFO]   /usr/bin/install -c worker-launcher '/home/travis/build/apache/storm/storm-core/target/native/target/usr/local/bin'
[INFO] make[1]: Nothing to be done for `install-data-am'.
[INFO] make[1]: Leaving directory `/home/travis/build/apache/storm/storm-core/target/native/worker-launcher'
[INFO] 
[INFO] --- maven-resources-plugin:2.5:testResources (default-testResources) @ storm-core ---
[debug] execute contextualize
[INFO] Using 'UTF-8' encoding to copy filtered resources.
[INFO] Copying 14 resources
[INFO] Copying 2 resources
[INFO] Copying 3 resources
[INFO] 
[INFO] --- maven-dependency-plugin:2.8:unpack (unpack) @ storm-core ---
[INFO] Configured Artifact: org.apache.storm:multilang-ruby:2.0.0-SNAPSHOT:jar
[INFO] Downloading: https://repository.apache.org/snapshots/org/apache/storm/multilang-ruby/2.0.0-SNAPSHOT/maven-metadata.xml
[INFO] Configured Artifact: org.apache.storm:multilang-python:2.0.0-SNAPSHOT:jar
[INFO] Downloading: https://repository.apache.org/snapshots/org/apache/storm/multilang-python/2.0.0-SNAPSHOT/maven-metadata.xml
[INFO] Configured Artifact: org.apache.storm:multilang-javascript:2.0.0-SNAPSHOT:jar
[INFO] Downloading: https://repository.apache.org/snapshots/org/apache/storm/multilang-javascript/2.0.0-SNAPSHOT/maven-metadata.xml
[INFO] multilang-ruby-2.0.0-SNAPSHOT.jar already unpacked.
[INFO] multilang-python-2.0.0-SNAPSHOT.jar already unpacked.
[INFO] multilang-javascript-2.0.0-SNAPSHOT.jar already unpacked.
[INFO] 
[INFO] --- maven-compiler-plugin:3.1:testCompile (default-testCompile) @ storm-core ---
[INFO] Changes detected - recompiling the module!
[INFO] Compiling 63 source files to /home/travis/build/apache/storm/storm-core/target/test-classes
[WARNING] /home/travis/build/apache/storm/storm-core/test/jvm/org/apache/storm/localizer/LocalizerTest.java: Some input files use or override a deprecated API.
[WARNING] /home/travis/build/apache/storm/storm-core/test/jvm/org/apache/storm/localizer/LocalizerTest.java: Recompile with -Xlint:deprecation for details.
[WARNING] /home/travis/build/apache/storm/storm-core/test/jvm/org/apache/storm/command/TestCLI.java: Some input files use unchecked or unsafe operations.
[WARNING] /home/travis/build/apache/storm/storm-core/test/jvm/org/apache/storm/command/TestCLI.java: Recompile with -Xlint:unchecked for details.
[INFO] 
[INFO] --- maven-surefire-plugin:2.18.1:test (default-test) @ storm-core ---
[INFO] Surefire report directory: /home/travis/build/apache/storm/storm-core/target/surefire-reports
[INFO] parallel='none', perCoreThreadCount=true, threadCount=0, useUnlimitedThreads=false, threadCountSuites=0, threadCountClasses=0, threadCountMethods=0, parallelOptimized=true

-------------------------------------------------------
 T E S T S
-------------------------------------------------------
Running org.apache.storm.security.serialization.BlowfishTupleSerializerTest
Tests run: 3, Failures: 0, Errors: 0, Skipped: 0, Time elapsed: 0.306 sec - in org.apache.storm.security.serialization.BlowfishTupleSerializerTest
Running org.apache.storm.security.auth.ReqContextTest
Tests run: 4, Failures: 0, Errors: 0, Skipped: 0, Time elapsed: 0.009 sec - in org.apache.storm.security.auth.ReqContextTest
Running org.apache.storm.security.auth.SaslTransportPluginTest
Tests run: 2, Failures: 0, Errors: 0, Skipped: 0, Time elapsed: 0 sec - in org.apache.storm.security.auth.SaslTransportPluginTest
Running org.apache.storm.security.auth.ThriftClientTest
Tests run: 4, Failures: 0, Errors: 0, Skipped: 0, Time elapsed: 0.327 sec - in org.apache.storm.security.auth.ThriftClientTest
Running org.apache.storm.security.auth.AuthUtilsTest
Tests run: 15, Failures: 0, Errors: 0, Skipped: 0, Time elapsed: 0.245 sec - in org.apache.storm.security.auth.AuthUtilsTest
Running org.apache.storm.security.auth.ThriftServerTest
Tests run: 2, Failures: 0, Errors: 0, Skipped: 0, Time elapsed: 0.05 sec - in org.apache.storm.security.auth.ThriftServerTest
Running org.apache.storm.cluster.StormClusterStateImplTest
Tests run: 5, Failures: 0, Errors: 0, Skipped: 0, Time elapsed: 0.046 sec - in org.apache.storm.cluster.StormClusterStateImplTest
Running org.apache.storm.serialization.GzipBridgeThriftSerializationDelegateTest
Tests run: 3, Failures: 0, Errors: 0, Skipped: 0, Time elapsed: 0.011 sec - in org.apache.storm.serialization.GzipBridgeThriftSerializationDelegateTest
Running org.apache.storm.serialization.GzipBridgeSerializationDelegateTest
Tests run: 3, Failures: 0, Errors: 0, Skipped: 0, Time elapsed: 0.011 sec - in org.apache.storm.serialization.GzipBridgeSerializationDelegateTest
Running org.apache.storm.serialization.SerializationTest
Tests run: 3, Failures: 0, Errors: 0, Skipped: 0, Time elapsed: 1.974 sec - in org.apache.storm.serialization.SerializationTest
Running org.apache.storm.serialization.ThriftBridgeSerializationDelegateTest
Tests run: 1, Failures: 0, Errors: 0, Skipped: 0, Time elapsed: 0.004 sec - in org.apache.storm.serialization.ThriftBridgeSerializationDelegateTest
Running org.apache.storm.grouping.PartialKeyGroupingTest
Tests run: 2, Failures: 0, Errors: 0, Skipped: 0, Time elapsed: 0.019 sec - in org.apache.storm.grouping.PartialKeyGroupingTest
Running org.apache.storm.command.TestCLI
Tests run: 1, Failures: 0, Errors: 0, Skipped: 0, Time elapsed: 0.011 sec - in org.apache.storm.command.TestCLI
Running org.apache.storm.command.RebalanceTest
Tests run: 2, Failures: 0, Errors: 0, Skipped: 0, Time elapsed: 0.001 sec - in org.apache.storm.command.RebalanceTest
Running org.apache.storm.command.SetLogLevelTest
Tests run: 3, Failures: 0, Errors: 0, Skipped: 0, Time elapsed: 0.005 sec - in org.apache.storm.command.SetLogLevelTest
Running org.apache.storm.utils.UtilsTest
Tests run: 8, Failures: 0, Errors: 0, Skipped: 0, Time elapsed: 0.089 sec - in org.apache.storm.utils.UtilsTest
Running org.apache.storm.utils.DisruptorQueueTest
Tests run: 3, Failures: 0, Errors: 0, Skipped: 0, Time elapsed: 3.488 sec - in org.apache.storm.utils.DisruptorQueueTest
Running org.apache.storm.utils.DisruptorQueueBackpressureTest
Tests run: 1, Failures: 0, Errors: 0, Skipped: 0, Time elapsed: 0.009 sec - in org.apache.storm.utils.DisruptorQueueBackpressureTest
Running org.apache.storm.utils.StormBoundedExponentialBackoffRetryTest
Tests run: 5, Failures: 0, Errors: 0, Skipped: 0, Time elapsed: 0.128 sec - in org.apache.storm.utils.StormBoundedExponentialBackoffRetryTest
Running org.apache.storm.utils.TimeTest
Tests run: 8, Failures: 0, Errors: 0, Skipped: 0, Time elapsed: 0.001 sec - in org.apache.storm.utils.TimeTest
Running org.apache.storm.utils.ThriftTopologyUtilsTest
Tests run: 5, Failures: 0, Errors: 0, Skipped: 0, Time elapsed: 0.008 sec - in org.apache.storm.utils.ThriftTopologyUtilsTest
Running org.apache.storm.utils.WorkerBackpressureThreadTest
Tests run: 1, Failures: 0, Errors: 0, Skipped: 0, Time elapsed: 0.201 sec - in org.apache.storm.utils.WorkerBackpressureThreadTest
Running org.apache.storm.utils.ShellBoltMessageQueueTest
Tests run: 3, Failures: 0, Errors: 0, Skipped: 0, Time elapsed: 2.004 sec - in org.apache.storm.utils.ShellBoltMessageQueueTest
Running org.apache.storm.metric.internal.CountStatAndMetricTest
Tests run: 1, Failures: 0, Errors: 0, Skipped: 0, Time elapsed: 0.225 sec - in org.apache.storm.metric.internal.CountStatAndMetricTest
Running org.apache.storm.metric.internal.RateTrackerTest
Tests run: 4, Failures: 0, Errors: 0, Skipped: 0, Time elapsed: 0.077 sec - in org.apache.storm.metric.internal.RateTrackerTest
Running org.apache.storm.metric.internal.LatencyStatAndMetricTest
Tests run: 1, Failures: 0, Errors: 0, Skipped: 0, Time elapsed: 0.057 sec - in org.apache.storm.metric.internal.LatencyStatAndMetricTest
Running org.apache.storm.metric.util.DataPointExpanderTest
Tests run: 5, Failures: 0, Errors: 0, Skipped: 0, Time elapsed: 0.011 sec - in org.apache.storm.metric.util.DataPointExpanderTest
Running org.apache.storm.metric.filter.FilterByMetricNameTest
Tests run: 4, Failures: 0, Errors: 0, Skipped: 0, Time elapsed: 0.022 sec - in org.apache.storm.metric.filter.FilterByMetricNameTest
Running org.apache.storm.scheduler.resource.strategies.scheduling.TestDefaultResourceAwareStrategy
Tests run: 2, Failures: 0, Errors: 0, Skipped: 0, Time elapsed: 7.864 sec - in org.apache.storm.scheduler.resource.strategies.scheduling.TestDefaultResourceAwareStrategy
Running org.apache.storm.scheduler.resource.TestResourceAwareScheduler
Tests run: 14, Failures: 0, Errors: 0, Skipped: 0, Time elapsed: 8.22 sec - in org.apache.storm.scheduler.resource.TestResourceAwareScheduler
Running org.apache.storm.scheduler.resource.TestUser
Tests run: 3, Failures: 0, Errors: 0, Skipped: 0, Time elapsed: 3.124 sec - in org.apache.storm.scheduler.resource.TestUser
Running org.apache.storm.localizer.LocalizerTest
Tests run: 13, Failures: 0, Errors: 0, Skipped: 0, Time elapsed: 1.102 sec - in org.apache.storm.localizer.LocalizerTest
Running org.apache.storm.localizer.LocalizedResourceRetentionSetTest
Tests run: 2, Failures: 0, Errors: 0, Skipped: 0, Time elapsed: 0.041 sec - in org.apache.storm.localizer.LocalizedResourceRetentionSetTest
Running org.apache.storm.localizer.LocalizedResourceSetTest
Tests run: 4, Failures: 0, Errors: 0, Skipped: 0, Time elapsed: 0.008 sec - in org.apache.storm.localizer.LocalizedResourceSetTest
Running org.apache.storm.spout.CheckpointSpoutTest
Tests run: 7, Failures: 0, Errors: 0, Skipped: 0, Time elapsed: 0.24 sec - in org.apache.storm.spout.CheckpointSpoutTest
Running org.apache.storm.blobstore.ClientBlobStoreTest
Tests run: 4, Failures: 0, Errors: 0, Skipped: 0, Time elapsed: 0.01 sec - in org.apache.storm.blobstore.ClientBlobStoreTest
Running org.apache.storm.blobstore.BlobStoreTest
Tests run: 4, Failures: 0, Errors: 0, Skipped: 0, Time elapsed: 0.953 sec - in org.apache.storm.blobstore.BlobStoreTest
Running org.apache.storm.blobstore.BlobSynchronizerTest
Tests run: 4, Failures: 0, Errors: 0, Skipped: 0, Time elapsed: 2.189 sec - in org.apache.storm.blobstore.BlobSynchronizerTest
Running org.apache.storm.topology.StatefulWindowedBoltExecutorTest
Tests run: 4, Failures: 0, Errors: 0, Skipped: 0, Time elapsed: 0.082 sec - in org.apache.storm.topology.StatefulWindowedBoltExecutorTest
Running org.apache.storm.topology.TopologyBuilderTest
Tests run: 5, Failures: 0, Errors: 0, Skipped: 0, Time elapsed: 0.038 sec - in org.apache.storm.topology.TopologyBuilderTest
Running org.apache.storm.topology.StatefulBoltExecutorTest
Tests run: 7, Failures: 0, Errors: 0, Skipped: 0, Time elapsed: 0.036 sec - in org.apache.storm.topology.StatefulBoltExecutorTest
Running org.apache.storm.topology.WindowedBoltExecutorTest
Tests run: 5, Failures: 0, Errors: 0, Skipped: 0, Time elapsed: 0.11 sec - in org.apache.storm.topology.WindowedBoltExecutorTest
Running org.apache.storm.state.InMemoryKeyValueStateTest
Tests run: 2, Failures: 0, Errors: 0, Skipped: 0, Time elapsed: 0.002 sec - in org.apache.storm.state.InMemoryKeyValueStateTest
Running org.apache.storm.windowing.WaterMarkEventGeneratorTest
Tests run: 5, Failures: 0, Errors: 0, Skipped: 0, Time elapsed: 0.003 sec - in org.apache.storm.windowing.WaterMarkEventGeneratorTest
Running org.apache.storm.windowing.WindowManagerTest
Tests run: 12, Failures: 0, Errors: 0, Skipped: 0, Time elapsed: 0.029 sec - in org.apache.storm.windowing.WindowManagerTest
Running org.apache.storm.trident.TestTridentTopology
Tests run: 1, Failures: 0, Errors: 0, Skipped: 0, Time elapsed: 7.595 sec - in org.apache.storm.trident.TestTridentTopology
Running org.apache.storm.trident.TridentWindowingTest
Tests run: 3, Failures: 0, Errors: 0, Skipped: 0, Time elapsed: 0.016 sec - in org.apache.storm.trident.TridentWindowingTest
Running org.apache.storm.nimbus.LocalNimbusTest
Tests run: 1, Failures: 0, Errors: 0, Skipped: 0, Time elapsed: 13.899 sec - in org.apache.storm.nimbus.LocalNimbusTest
Running org.apache.storm.tuple.FieldsTest
Tests run: 12, Failures: 0, Errors: 1, Skipped: 0, Time elapsed: 0.017 sec <<< FAILURE! - in org.apache.storm.tuple.FieldsTest
selectingUnknownFieldThrowsTest(org.apache.storm.tuple.FieldsTest)  Time elapsed: 0.013 sec  <<< ERROR!
java.lang.Exception: Unexpected exception, expected<java.lang.NullPointerException> but was<java.lang.IllegalArgumentException>
	at org.apache.storm.tuple.Fields.fieldIndex(Fields.java:104)
	at org.apache.storm.tuple.Fields.select(Fields.java:63)
	at org.apache.storm.tuple.FieldsTest.selectingUnknownFieldThrowsTest(FieldsTest.java:124)

Running org.apache.storm.TestConfigValidate
Tests run: 25, Failures: 0, Errors: 0, Skipped: 0, Time elapsed: 0.405 sec - in org.apache.storm.TestConfigValidate
Running org.apache.storm.PacemakerTest
Tests run: 9, Failures: 0, Errors: 0, Skipped: 0, Time elapsed: 0.673 sec - in org.apache.storm.PacemakerTest
Running org.apache.storm.TestCgroups
Tests run: 1, Failures: 0, Errors: 0, Skipped: 1, Time elapsed: 0.004 sec - in org.apache.storm.TestCgroups
Running org.apache.storm.PaceMakerStateStorageFactoryTest
Tests run: 10, Failures: 0, Errors: 0, Skipped: 0, Time elapsed: 0.05 sec - in org.apache.storm.PaceMakerStateStorageFactoryTest

Results :

Tests in error: 
  FieldsTest.selectingUnknownFieldThrowsTest Â»  Unexpected exception, expected<j...

Tests run: 261, Failures: 0, Errors: 1, Skipped: 1

[INFO] ------------------------------------------------------------------------
[INFO] BUILD FAILURE
[INFO] ------------------------------------------------------------------------
[INFO] Total time: 01:27 min
[INFO] Finished at: 2016-08-05T11:47:28+00:00
[INFO] Final Memory: 45M/424M
[INFO] ------------------------------------------------------------------------
[ERROR] Failed to execute goal org.apache.maven.plugins:maven-surefire-plugin:2.18.1:test (default-test) on project storm-core: There are test failures.
[ERROR] 
[ERROR] Please refer to /home/travis/build/apache/storm/storm-core/target/surefire-reports for the individual test results.
[ERROR] -> [Help 1]
[ERROR] 
[ERROR] To see the full stack trace of the errors, re-run Maven with the -e switch.
[ERROR] Re-run Maven using the -X switch to enable full debug logging.
[ERROR] 
[ERROR] For more information about the errors and possible solutions, please read the following articles:
[ERROR] [Help 1] http://cwiki.apache.org/confluence/display/MAVEN/MojoFailureException
Looking for errors in ./storm-core/target/surefire-reports
Checking ./storm-core/target/surefire-reports/TEST-org.apache.storm.security.serialization.BlowfishTupleSerializerTest.xml
Checking ./storm-core/target/surefire-reports/TEST-org.apache.storm.security.auth.ReqContextTest.xml
Checking ./storm-core/target/surefire-reports/TEST-org.apache.storm.security.auth.SaslTransportPluginTest.xml
Checking ./storm-core/target/surefire-reports/TEST-org.apache.storm.security.auth.ThriftClientTest.xml
Checking ./storm-core/target/surefire-reports/TEST-org.apache.storm.security.auth.AuthUtilsTest.xml
Checking ./storm-core/target/surefire-reports/TEST-org.apache.storm.security.auth.ThriftServerTest.xml
Checking ./storm-core/target/surefire-reports/TEST-org.apache.storm.cluster.StormClusterStateImplTest.xml
Checking ./storm-core/target/surefire-reports/TEST-org.apache.storm.serialization.GzipBridgeThriftSerializationDelegateTest.xml
Checking ./storm-core/target/surefire-reports/TEST-org.apache.storm.serialization.GzipBridgeSerializationDelegateTest.xml
Checking ./storm-core/target/surefire-reports/TEST-org.apache.storm.serialization.SerializationTest.xml
Checking ./storm-core/target/surefire-reports/TEST-org.apache.storm.serialization.ThriftBridgeSerializationDelegateTest.xml
Checking ./storm-core/target/surefire-reports/TEST-org.apache.storm.grouping.PartialKeyGroupingTest.xml
Checking ./storm-core/target/surefire-reports/TEST-org.apache.storm.command.TestCLI.xml
Checking ./storm-core/target/surefire-reports/TEST-org.apache.storm.command.RebalanceTest.xml
Checking ./storm-core/target/surefire-reports/TEST-org.apache.storm.command.SetLogLevelTest.xml
Checking ./storm-core/target/surefire-reports/TEST-org.apache.storm.utils.UtilsTest.xml
Checking ./storm-core/target/surefire-reports/TEST-org.apache.storm.utils.DisruptorQueueTest.xml
Checking ./storm-core/target/surefire-reports/TEST-org.apache.storm.utils.DisruptorQueueBackpressureTest.xml
Checking ./storm-core/target/surefire-reports/TEST-org.apache.storm.utils.StormBoundedExponentialBackoffRetryTest.xml
Checking ./storm-core/target/surefire-reports/TEST-org.apache.storm.utils.TimeTest.xml
Checking ./storm-core/target/surefire-reports/TEST-org.apache.storm.utils.ThriftTopologyUtilsTest.xml
Checking ./storm-core/target/surefire-reports/TEST-org.apache.storm.utils.WorkerBackpressureThreadTest.xml
Checking ./storm-core/target/surefire-reports/TEST-org.apache.storm.utils.ShellBoltMessageQueueTest.xml
Checking ./storm-core/target/surefire-reports/TEST-org.apache.storm.metric.internal.CountStatAndMetricTest.xml
Checking ./storm-core/target/surefire-reports/TEST-org.apache.storm.metric.internal.RateTrackerTest.xml
Checking ./storm-core/target/surefire-reports/TEST-org.apache.storm.metric.internal.LatencyStatAndMetricTest.xml
Checking ./storm-core/target/surefire-reports/TEST-org.apache.storm.metric.util.DataPointExpanderTest.xml
Checking ./storm-core/target/surefire-reports/TEST-org.apache.storm.metric.filter.FilterByMetricNameTest.xml
Checking ./storm-core/target/surefire-reports/TEST-org.apache.storm.scheduler.resource.strategies.scheduling.TestDefaultResourceAwareStrategy.xml
Checking ./storm-core/target/surefire-reports/TEST-org.apache.storm.scheduler.resource.TestResourceAwareScheduler.xml
Checking ./storm-core/target/surefire-reports/TEST-org.apache.storm.scheduler.resource.TestUser.xml
Checking ./storm-core/target/surefire-reports/TEST-org.apache.storm.localizer.LocalizerTest.xml
Checking ./storm-core/target/surefire-reports/TEST-org.apache.storm.localizer.LocalizedResourceRetentionSetTest.xml
Checking ./storm-core/target/surefire-reports/TEST-org.apache.storm.localizer.LocalizedResourceSetTest.xml
Checking ./storm-core/target/surefire-reports/TEST-org.apache.storm.spout.CheckpointSpoutTest.xml
Checking ./storm-core/target/surefire-reports/TEST-org.apache.storm.blobstore.ClientBlobStoreTest.xml
Checking ./storm-core/target/surefire-reports/TEST-org.apache.storm.blobstore.BlobStoreTest.xml
Checking ./storm-core/target/surefire-reports/TEST-org.apache.storm.blobstore.BlobSynchronizerTest.xml
Checking ./storm-core/target/surefire-reports/TEST-org.apache.storm.topology.StatefulWindowedBoltExecutorTest.xml
Checking ./storm-core/target/surefire-reports/TEST-org.apache.storm.topology.TopologyBuilderTest.xml
Checking ./storm-core/target/surefire-reports/TEST-org.apache.storm.topology.StatefulBoltExecutorTest.xml
Checking ./storm-core/target/surefire-reports/TEST-org.apache.storm.topology.WindowedBoltExecutorTest.xml
Checking ./storm-core/target/surefire-reports/TEST-org.apache.storm.state.InMemoryKeyValueStateTest.xml
Checking ./storm-core/target/surefire-reports/TEST-org.apache.storm.windowing.WaterMarkEventGeneratorTest.xml
Checking ./storm-core/target/surefire-reports/TEST-org.apache.storm.windowing.WindowManagerTest.xml
Checking ./storm-core/target/surefire-reports/TEST-org.apache.storm.trident.TestTridentTopology.xml
Checking ./storm-core/target/surefire-reports/TEST-org.apache.storm.trident.TridentWindowingTest.xml
Checking ./storm-core/target/surefire-reports/TEST-org.apache.storm.nimbus.LocalNimbusTest.xml
Checking ./storm-core/target/surefire-reports/TEST-org.apache.storm.tuple.FieldsTest.xml
--------------------------------------------------
classname: org.apache.storm.tuple.FieldsTest / testname: selectingUnknownFieldThrowsTest
java.lang.Exception: Unexpected exception, expected<java.lang.NullPointerException> but was<java.lang.IllegalArgumentException>
	at org.apache.storm.tuple.Fields.fieldIndex(Fields.java:104)
	at org.apache.storm.tuple.Fields.select(Fields.java:63)
	at org.apache.storm.tuple.FieldsTest.selectingUnknownFieldThrowsTest(FieldsTest.java:124)

--------------------------------------------------
Checking ./storm-core/target/surefire-reports/TEST-org.apache.storm.TestConfigValidate.xml
Checking ./storm-core/target/surefire-reports/TEST-org.apache.storm.PacemakerTest.xml
Checking ./storm-core/target/surefire-reports/TEST-org.apache.storm.TestCgroups.xml
Checking ./storm-core/target/surefire-reports/TEST-org.apache.storm.PaceMakerStateStorageFactoryTest.xml

travis_time:end:3cb9247e:start=1470397558934710674,finish=1470397649378676994,duration=90443966320[0K
[31;1mThe command "/bin/bash ./dev-tools/travis/travis-script.sh `pwd` $MODULES" exited with 1.[0m
travis_fold:start:cache.2[0Kstore build cache
travis_time:start:05f3b58a[0K
travis_time:end:05f3b58a:start=1470397649383595366,finish=1470397649387241967,duration=3646601[0Ktravis_time:start:0f6b6307[0K[32;1mchange detected (content changed, file is created, or file is deleted):
/home/travis/.m2/repository/eigenbase/eigenbase-properties/1.1.4/eigenbase-properties-1.1.4.pom.lastUpdated
/home/travis/.m2/repository/io/confluent/kafka-avro-serializer/1.0/kafka-avro-serializer-1.0.pom.lastUpdated
/home/travis/.m2/repository/io/confluent/kafka-schema-registry-client/1.0/kafka-schema-registry-client-1.0.pom.lastUpdated
/home/travis/.m2/repository/net/hydromatic/linq4j/0.4/linq4j-0.4.pom.lastUpdated
/home/travis/.m2/repository/net/hydromatic/quidem/0.1.1/quidem-0.1.1.pom.lastUpdated
/home/travis/.m2/repository/org/apache/storm/flux/2.0.0-SNAPSHOT/maven-metadata-local.xml
/home/travis/.m2/repository/org/apache/storm/flux/2.0.0-SNAPSHOT/_remote.repositories
/home/travis/.m2/repository/org/apache/storm/flux-core/2.0.0-SNAPSHOT/flux-core-2.0.0-SNAPSHOT.jar
/home/travis/.m2/repository/org/apache/storm/flux-core/2.0.0-SNAPSHOT/maven-metadata-local.xml
/home/travis/.m2/repository/org/apache/storm/flux-core/2.0.0-SNAPSHOT/_remote.repositories
/home/travis/.m2/repository/org/ap
[0m
[32;1m...
[0m
[32;1mchanges detected, packing new archive[0m
.
.
.
.
.
.
[32;1muploading archive[0m

travis_time:end:0f6b6307:start=1470397649391395164,finish=1470397698355922761,duration=48964527597[0Ktravis_fold:end:cache.2[0K
Done. Your build exited with 1.
