Using worker: worker-linux-docker-525a38aa.prod.travis-ci.org:travis-linux-6

travis_fold:start:system_info[0K[33;1mBuild system information[0m
Build language: java
Build group: stable
Build dist: precise
Build id: 154322621
Job id: 154322623
travis-build version: 466baf6ac
[34m[1mBuild image provisioning date and time[0m
Thu Feb  5 15:09:33 UTC 2015
[34m[1mOperating System Details[0m
Distributor ID:	Ubuntu
Description:	Ubuntu 12.04.5 LTS
Release:	12.04
Codename:	precise
[34m[1mLinux Version[0m
3.13.0-29-generic
[34m[1mCookbooks Version[0m
a68419e https://github.com/travis-ci/travis-cookbooks/tree/a68419e
[34m[1mGCC version[0m
gcc (Ubuntu/Linaro 4.6.3-1ubuntu5) 4.6.3
Copyright (C) 2011 Free Software Foundation, Inc.
This is free software; see the source for copying conditions.  There is NO
warranty; not even for MERCHANTABILITY or FITNESS FOR A PARTICULAR PURPOSE.

[34m[1mLLVM version[0m
clang version 3.4 (tags/RELEASE_34/final)
Target: x86_64-unknown-linux-gnu
Thread model: posix
[34m[1mPre-installed Ruby versions[0m
ruby-1.9.3-p551
[34m[1mPre-installed Node.js versions[0m
v0.10.36
[34m[1mPre-installed Go versions[0m
1.4.1
[34m[1mRedis version[0m
redis-server 2.8.19
[34m[1mriak version[0m
2.0.2
[34m[1mMongoDB version[0m
MongoDB 2.4.12
[34m[1mCouchDB version[0m
couchdb 1.6.1
[34m[1mNeo4j version[0m
1.9.4
[34m[1mRabbitMQ Version[0m
3.4.3
[34m[1mElasticSearch version[0m
1.4.0
[34m[1mInstalled Sphinx versions[0m
2.0.10
2.1.9
2.2.6
[34m[1mDefault Sphinx version[0m
2.2.6
[34m[1mInstalled Firefox version[0m
firefox 31.0esr
[34m[1mPhantomJS version[0m
1.9.8
[34m[1mant -version[0m
Apache Ant(TM) version 1.8.2 compiled on December 3 2011
[34m[1mmvn -version[0m
Apache Maven 3.2.5 (12a6b3acb947671f09b81f49094c53f426d8cea1; 2014-12-14T17:29:23+00:00)
Maven home: /usr/local/maven
Java version: 1.7.0_76, vendor: Oracle Corporation
Java home: /usr/lib/jvm/java-7-oracle/jre
Default locale: en_US, platform encoding: ANSI_X3.4-1968
OS name: "linux", version: "3.13.0-29-generic", arch: "amd64", family: "unix"
travis_fold:end:system_info[0K
travis_fold:start:fix.CVE-2015-7547[0K$ export DEBIAN_FRONTEND=noninteractive
W: Size of file /var/lib/apt/lists/us.archive.ubuntu.com_ubuntu_dists_precise-backports_multiverse_source_Sources.gz is not what the server reported 5886 5888
W: Size of file /var/lib/apt/lists/ppa.launchpad.net_ubuntugis_ppa_ubuntu_dists_precise_main_binary-amd64_Packages.gz is not what the server reported 33653 36677
W: Size of file /var/lib/apt/lists/ppa.launchpad.net_ubuntugis_ppa_ubuntu_dists_precise_main_binary-i386_Packages.gz is not what the server reported 33699 36733
Reading package lists...
Building dependency tree...
Reading state information...
The following extra packages will be installed:
  libc-bin libc-dev-bin libc6-dev
Suggested packages:
  glibc-doc
The following packages will be upgraded:
  libc-bin libc-dev-bin libc6 libc6-dev
4 upgraded, 0 newly installed, 0 to remove and 256 not upgraded.
Need to get 8,840 kB of archives.
After this operation, 14.3 kB disk space will be freed.
Get:1 http://us.archive.ubuntu.com/ubuntu/ precise-updates/main libc6-dev amd64 2.15-0ubuntu10.15 [2,943 kB]
Get:2 http://us.archive.ubuntu.com/ubuntu/ precise-updates/main libc-dev-bin amd64 2.15-0ubuntu10.15 [84.7 kB]
Get:3 http://us.archive.ubuntu.com/ubuntu/ precise-updates/main libc-bin amd64 2.15-0ubuntu10.15 [1,177 kB]
Get:4 http://us.archive.ubuntu.com/ubuntu/ precise-updates/main libc6 amd64 2.15-0ubuntu10.15 [4,636 kB]
Fetched 8,840 kB in 0s (37.7 MB/s)
Preconfiguring packages ...
(Reading database ... (Reading database ... 5%(Reading database ... 10%(Reading database ... 15%(Reading database ... 20%(Reading database ... 25%(Reading database ... 30%(Reading database ... 35%(Reading database ... 40%(Reading database ... 45%(Reading database ... 50%(Reading database ... 55%(Reading database ... 60%(Reading database ... 65%(Reading database ... 70%(Reading database ... 75%(Reading database ... 80%(Reading database ... 85%(Reading database ... 90%(Reading database ... 95%(Reading database ... 100%(Reading database ... 72019 files and directories currently installed.)
Preparing to replace libc6-dev 2.15-0ubuntu10.10 (using .../libc6-dev_2.15-0ubuntu10.15_amd64.deb) ...
Unpacking replacement libc6-dev ...
Preparing to replace libc-dev-bin 2.15-0ubuntu10.10 (using .../libc-dev-bin_2.15-0ubuntu10.15_amd64.deb) ...
Unpacking replacement libc-dev-bin ...
Preparing to replace libc-bin 2.15-0ubuntu10.10 (using .../libc-bin_2.15-0ubuntu10.15_amd64.deb) ...
Unpacking replacement libc-bin ...
Processing triggers for man-db ...
Setting up libc-bin (2.15-0ubuntu10.15) ...
(Reading database ... (Reading database ... 5%(Reading database ... 10%(Reading database ... 15%(Reading database ... 20%(Reading database ... 25%(Reading database ... 30%(Reading database ... 35%(Reading database ... 40%(Reading database ... 45%(Reading database ... 50%(Reading database ... 55%(Reading database ... 60%(Reading database ... 65%(Reading database ... 70%(Reading database ... 75%(Reading database ... 80%(Reading database ... 85%(Reading database ... 90%(Reading database ... 95%(Reading database ... 100%(Reading database ... 72018 files and directories currently installed.)
Preparing to replace libc6 2.15-0ubuntu10.10 (using .../libc6_2.15-0ubuntu10.15_amd64.deb) ...
Unpacking replacement libc6 ...
Setting up libc6 (2.15-0ubuntu10.15) ...
Setting up libc-dev-bin (2.15-0ubuntu10.15) ...
Setting up libc6-dev (2.15-0ubuntu10.15) ...
Processing triggers for libc-bin ...
ldconfig deferred processing now taking place
travis_fold:end:fix.CVE-2015-7547[0Ktravis_fold:start:git.checkout[0Ktravis_time:start:02ea53f8[0K$ git clone --depth=50 --branch=1.0.x-branch https://github.com/apache/storm.git apache/storm
Cloning into 'apache/storm'...
remote: Counting objects: 3374, done.[K
remote: Compressing objects:   0% (1/2372)   [Kremote: Compressing objects:   1% (24/2372)   [Kremote: Compressing objects:   2% (48/2372)   [Kremote: Compressing objects:   3% (72/2372)   [Kremote: Compressing objects:   4% (95/2372)   [Kremote: Compressing objects:   5% (119/2372)   [Kremote: Compressing objects:   6% (143/2372)   [Kremote: Compressing objects:   7% (167/2372)   [Kremote: Compressing objects:   8% (190/2372)   [Kremote: Compressing objects:   9% (214/2372)   [Kremote: Compressing objects:  10% (238/2372)   [Kremote: Compressing objects:  11% (261/2372)   [Kremote: Compressing objects:  12% (285/2372)   [Kremote: Compressing objects:  13% (309/2372)   [Kremote: Compressing objects:  14% (333/2372)   [Kremote: Compressing objects:  15% (356/2372)   [Kremote: Compressing objects:  16% (380/2372)   [Kremote: Compressing objects:  17% (404/2372)   [Kremote: Compressing objects:  18% (427/2372)   [Kremote: Compressing objects:  19% (451/2372)   [Kremote: Compressing objects:  20% (475/2372)   [Kremote: Compressing objects:  21% (499/2372)   [Kremote: Compressing objects:  22% (522/2372)   [Kremote: Compressing objects:  23% (546/2372)   [Kremote: Compressing objects:  24% (570/2372)   [Kremote: Compressing objects:  25% (593/2372)   [Kremote: Compressing objects:  26% (617/2372)   [Kremote: Compressing objects:  27% (641/2372)   [Kremote: Compressing objects:  28% (665/2372)   [Kremote: Compressing objects:  29% (688/2372)   [Kremote: Compressing objects:  30% (712/2372)   [Kremote: Compressing objects:  31% (736/2372)   [Kremote: Compressing objects:  32% (760/2372)   [Kremote: Compressing objects:  33% (783/2372)   [Kremote: Compressing objects:  34% (807/2372)   [Kremote: Compressing objects:  35% (831/2372)   [Kremote: Compressing objects:  36% (854/2372)   [Kremote: Compressing objects:  37% (878/2372)   [Kremote: Compressing objects:  38% (902/2372)   [Kremote: Compressing objects:  39% (926/2372)   [Kremote: Compressing objects:  40% (949/2372)   [Kremote: Compressing objects:  41% (973/2372)   [Kremote: Compressing objects:  42% (997/2372)   [Kremote: Compressing objects:  43% (1020/2372)   [Kremote: Compressing objects:  44% (1044/2372)   [Kremote: Compressing objects:  45% (1068/2372)   [Kremote: Compressing objects:  46% (1092/2372)   [Kremote: Compressing objects:  47% (1115/2372)   [Kremote: Compressing objects:  48% (1139/2372)   [Kremote: Compressing objects:  49% (1163/2372)   [Kremote: Compressing objects:  50% (1186/2372)   [Kremote: Compressing objects:  51% (1210/2372)   [Kremote: Compressing objects:  52% (1234/2372)   [Kremote: Compressing objects:  53% (1258/2372)   [Kremote: Compressing objects:  54% (1281/2372)   [Kremote: Compressing objects:  55% (1305/2372)   [Kremote: Compressing objects:  56% (1329/2372)   [Kremote: Compressing objects:  57% (1353/2372)   [Kremote: Compressing objects:  58% (1376/2372)   [Kremote: Compressing objects:  59% (1400/2372)   [Kremote: Compressing objects:  60% (1424/2372)   [Kremote: Compressing objects:  61% (1447/2372)   [Kremote: Compressing objects:  62% (1471/2372)   [Kremote: Compressing objects:  63% (1495/2372)   [Kremote: Compressing objects:  64% (1519/2372)   [Kremote: Compressing objects:  65% (1542/2372)   [Kremote: Compressing objects:  66% (1566/2372)   [Kremote: Compressing objects:  67% (1590/2372)   [Kremote: Compressing objects:  68% (1613/2372)   [Kremote: Compressing objects:  69% (1637/2372)   [Kremote: Compressing objects:  70% (1661/2372)   [Kremote: Compressing objects:  71% (1685/2372)   [Kremote: Compressing objects:  72% (1708/2372)   [Kremote: Compressing objects:  73% (1732/2372)   [Kremote: Compressing objects:  74% (1756/2372)   [Kremote: Compressing objects:  75% (1779/2372)   [Kremote: Compressing objects:  76% (1803/2372)   [Kremote: Compressing objects:  77% (1827/2372)   [Kremote: Compressing objects:  78% (1851/2372)   [Kremote: Compressing objects:  79% (1874/2372)   [Kremote: Compressing objects:  80% (1898/2372)   [Kremote: Compressing objects:  81% (1922/2372)   [Kremote: Compressing objects:  82% (1946/2372)   [Kremote: Compressing objects:  83% (1969/2372)   [Kremote: Compressing objects:  84% (1993/2372)   [Kremote: Compressing objects:  85% (2017/2372)   [Kremote: Compressing objects:  86% (2040/2372)   [Kremote: Compressing objects:  87% (2064/2372)   [Kremote: Compressing objects:  88% (2088/2372)   [Kremote: Compressing objects:  89% (2112/2372)   [Kremote: Compressing objects:  90% (2135/2372)   [Kremote: Compressing objects:  91% (2159/2372)   [Kremote: Compressing objects:  92% (2183/2372)   [Kremote: Compressing objects:  93% (2206/2372)   [Kremote: Compressing objects:  94% (2230/2372)   [Kremote: Compressing objects:  95% (2254/2372)   [Kremote: Compressing objects:  96% (2278/2372)   [Kremote: Compressing objects:  97% (2301/2372)   [Kremote: Compressing objects:  98% (2325/2372)   [Kremote: Compressing objects:  99% (2349/2372)   [Kremote: Compressing objects: 100% (2372/2372)   [Kremote: Compressing objects: 100% (2372/2372), done.[K
Receiving objects:   0% (1/3374)   Receiving objects:   1% (34/3374)   Receiving objects:   2% (68/3374)   Receiving objects:   3% (102/3374)   Receiving objects:   4% (135/3374)   Receiving objects:   5% (169/3374)   Receiving objects:   6% (203/3374)   Receiving objects:   7% (237/3374)   Receiving objects:   8% (270/3374)   Receiving objects:   9% (304/3374)   Receiving objects:  10% (338/3374)   Receiving objects:  11% (372/3374)   Receiving objects:  12% (405/3374)   Receiving objects:  13% (439/3374)   Receiving objects:  14% (473/3374)   Receiving objects:  15% (507/3374)   Receiving objects:  16% (540/3374)   Receiving objects:  17% (574/3374)   Receiving objects:  18% (608/3374)   Receiving objects:  19% (642/3374)   Receiving objects:  20% (675/3374)   Receiving objects:  21% (709/3374)   Receiving objects:  22% (743/3374)   Receiving objects:  23% (777/3374)   Receiving objects:  24% (810/3374)   Receiving objects:  25% (844/3374)   Receiving objects:  26% (878/3374)   Receiving objects:  27% (911/3374)   Receiving objects:  28% (945/3374)   Receiving objects:  29% (979/3374)   Receiving objects:  30% (1013/3374)   Receiving objects:  31% (1046/3374)   Receiving objects:  32% (1080/3374)   Receiving objects:  33% (1114/3374)   Receiving objects:  34% (1148/3374)   Receiving objects:  35% (1181/3374)   Receiving objects:  36% (1215/3374)   Receiving objects:  37% (1249/3374)   Receiving objects:  38% (1283/3374)   Receiving objects:  39% (1316/3374)   Receiving objects:  40% (1350/3374)   Receiving objects:  41% (1384/3374)   Receiving objects:  42% (1418/3374)   Receiving objects:  43% (1451/3374)   Receiving objects:  44% (1485/3374)   Receiving objects:  45% (1519/3374)   Receiving objects:  46% (1553/3374)   Receiving objects:  47% (1586/3374)   Receiving objects:  48% (1620/3374)   Receiving objects:  49% (1654/3374)   Receiving objects:  50% (1687/3374)   Receiving objects:  51% (1721/3374)   Receiving objects:  52% (1755/3374)   Receiving objects:  53% (1789/3374)   Receiving objects:  54% (1822/3374)   Receiving objects:  55% (1856/3374)   Receiving objects:  56% (1890/3374)   Receiving objects:  57% (1924/3374)   Receiving objects:  58% (1957/3374)   Receiving objects:  59% (1991/3374)   Receiving objects:  60% (2025/3374)   Receiving objects:  61% (2059/3374)   Receiving objects:  62% (2092/3374)   Receiving objects:  63% (2126/3374)   Receiving objects:  64% (2160/3374)   Receiving objects:  65% (2194/3374)   Receiving objects:  66% (2227/3374)   Receiving objects:  67% (2261/3374)   Receiving objects:  68% (2295/3374)   Receiving objects:  69% (2329/3374)   Receiving objects:  70% (2362/3374)   Receiving objects:  71% (2396/3374)   Receiving objects:  72% (2430/3374)   Receiving objects:  73% (2464/3374)   Receiving objects:  74% (2497/3374)   Receiving objects:  75% (2531/3374)   Receiving objects:  76% (2565/3374)   Receiving objects:  77% (2598/3374)   Receiving objects:  78% (2632/3374)   Receiving objects:  79% (2666/3374)   Receiving objects:  80% (2700/3374)   Receiving objects:  81% (2733/3374)   Receiving objects:  82% (2767/3374)   Receiving objects:  83% (2801/3374)   Receiving objects:  84% (2835/3374)   Receiving objects:  85% (2868/3374)   remote: Total 3374 (delta 1241), reused 1924 (delta 585), pack-reused 0[K
Receiving objects:  86% (2902/3374)   Receiving objects:  87% (2936/3374)   Receiving objects:  88% (2970/3374)   Receiving objects:  89% (3003/3374)   Receiving objects:  90% (3037/3374)   Receiving objects:  91% (3071/3374)   Receiving objects:  92% (3105/3374)   Receiving objects:  93% (3138/3374)   Receiving objects:  94% (3172/3374)   Receiving objects:  95% (3206/3374)   Receiving objects:  96% (3240/3374)   Receiving objects:  97% (3273/3374)   Receiving objects:  98% (3307/3374)   Receiving objects:  99% (3341/3374)   Receiving objects: 100% (3374/3374)   Receiving objects: 100% (3374/3374), 8.76 MiB | 0 bytes/s, done.
Resolving deltas:   0% (0/1241)   Resolving deltas:   4% (58/1241)   Resolving deltas:   6% (81/1241)   Resolving deltas:   7% (87/1241)   Resolving deltas:   8% (100/1241)   Resolving deltas:   9% (112/1241)   Resolving deltas:  10% (125/1241)   Resolving deltas:  11% (137/1241)   Resolving deltas:  12% (157/1241)   Resolving deltas:  13% (162/1241)   Resolving deltas:  14% (180/1241)   Resolving deltas:  16% (203/1241)   Resolving deltas:  17% (211/1241)   Resolving deltas:  18% (229/1241)   Resolving deltas:  20% (259/1241)   Resolving deltas:  21% (261/1241)   Resolving deltas:  22% (278/1241)   Resolving deltas:  23% (288/1241)   Resolving deltas:  24% (299/1241)   Resolving deltas:  25% (314/1241)   Resolving deltas:  26% (327/1241)   Resolving deltas:  27% (341/1241)   Resolving deltas:  28% (357/1241)   Resolving deltas:  29% (366/1241)   Resolving deltas:  30% (373/1241)   Resolving deltas:  31% (390/1241)   Resolving deltas:  32% (399/1241)   Resolving deltas:  33% (413/1241)   Resolving deltas:  36% (454/1241)   Resolving deltas:  37% (460/1241)   Resolving deltas:  38% (472/1241)   Resolving deltas:  39% (489/1241)   Resolving deltas:  40% (501/1241)   Resolving deltas:  41% (511/1241)   Resolving deltas:  42% (523/1241)   Resolving deltas:  43% (534/1241)   Resolving deltas:  44% (551/1241)   Resolving deltas:  45% (560/1241)   Resolving deltas:  46% (577/1241)   Resolving deltas:  47% (584/1241)   Resolving deltas:  48% (596/1241)   Resolving deltas:  49% (617/1241)   Resolving deltas:  50% (623/1241)   Resolving deltas:  51% (636/1241)   Resolving deltas:  52% (646/1241)   Resolving deltas:  53% (662/1241)   Resolving deltas:  54% (672/1241)   Resolving deltas:  55% (683/1241)   Resolving deltas:  56% (698/1241)   Resolving deltas:  57% (710/1241)   Resolving deltas:  58% (725/1241)   Resolving deltas:  59% (735/1241)   Resolving deltas:  60% (745/1241)   Resolving deltas:  61% (759/1241)   Resolving deltas:  63% (788/1241)   Resolving deltas:  64% (795/1241)   Resolving deltas:  65% (807/1241)   Resolving deltas:  66% (821/1241)   Resolving deltas:  67% (833/1241)   Resolving deltas:  68% (848/1241)   Resolving deltas:  69% (858/1241)   Resolving deltas:  70% (869/1241)   Resolving deltas:  71% (891/1241)   Resolving deltas:  72% (894/1241)   Resolving deltas:  73% (909/1241)   Resolving deltas:  74% (921/1241)   Resolving deltas:  75% (931/1241)   Resolving deltas:  76% (945/1241)   Resolving deltas:  77% (957/1241)   Resolving deltas:  78% (969/1241)   Resolving deltas:  79% (983/1241)   Resolving deltas:  80% (993/1241)   Resolving deltas:  81% (1006/1241)   Resolving deltas:  82% (1018/1241)   Resolving deltas:  83% (1036/1241)   Resolving deltas:  84% (1045/1241)   Resolving deltas:  85% (1056/1241)   Resolving deltas:  86% (1068/1241)   Resolving deltas:  87% (1080/1241)   Resolving deltas:  88% (1095/1241)   Resolving deltas:  89% (1106/1241)   Resolving deltas:  90% (1118/1241)   Resolving deltas:  91% (1130/1241)   Resolving deltas:  92% (1143/1241)   Resolving deltas:  93% (1159/1241)   Resolving deltas:  94% (1167/1241)   Resolving deltas:  95% (1179/1241)   Resolving deltas:  96% (1192/1241)   Resolving deltas:  97% (1204/1241)   Resolving deltas:  98% (1217/1241)   Resolving deltas:  99% (1229/1241)   Resolving deltas: 100% (1241/1241)   Resolving deltas: 100% (1241/1241), done.
Checking connectivity... done.

travis_time:end:02ea53f8:start=1471913129577880020,finish=1471913131355258087,duration=1777378067[0K$ cd apache/storm
$ git checkout -qf bd3759e60bdfd79765b04ccecd63336fcb025c88
travis_fold:end:git.checkout[0K
[33;1mThis job is running on container-based infrastructure, which does not allow use of 'sudo', setuid and setguid executables.[0m
[33;1mIf you require sudo, add 'sudo: required' to your .travis.yml[0m
[33;1mSee https://docs.travis-ci.com/user/workers/container-based-infrastructure/ for details.[0m

[33;1mSetting environment variables from .travis.yml[0m
$ export MODULES=storm-core

$ jdk_switcher use oraclejdk8
Switching to Oracle JDK8 (java-8-oracle), JAVA_HOME will be set to /usr/lib/jvm/java-8-oracle
travis_fold:start:cache.1[0KSetting up build cache
$ export CASHER_DIR=$HOME/.casher
travis_time:start:1080c3de[0K$ Installing caching utilities

travis_time:end:1080c3de:start=1471913133801258917,finish=1471913133846371679,duration=45112762[0Ktravis_time:start:05d8fb08[0K
travis_time:end:05d8fb08:start=1471913133850912808,finish=1471913133854053704,duration=3140896[0Ktravis_time:start:208adcc8[0K[32;1mattempting to download cache archive[0m
[32;1mfetching 1.0.x-branch/cache-linux-precise-4722ea394922d42b2b7eb84cff6efc764d76759821ac6f6efc13232aa923f595--jdk-oraclejdk8.tgz[0m
[32;1mfound cache[0m

travis_time:end:208adcc8:start=1471913133857736142,finish=1471913153770888586,duration=19913152444[0Ktravis_time:start:27c0e980[0K
travis_time:end:27c0e980:start=1471913153774633706,finish=1471913153777831006,duration=3197300[0Ktravis_time:start:1d27185d[0K[32;1madding /home/travis/.m2/repository to cache[0m
[32;1madding /home/travis/.rvm to cache[0m
[32;1madding /home/travis/.nvm to cache[0m

travis_time:end:1d27185d:start=1471913153781453920,finish=1471913174438142697,duration=20656688777[0Ktravis_fold:end:cache.1[0K$ java -Xmx32m -version
java version "1.8.0_31"
Java(TM) SE Runtime Environment (build 1.8.0_31-b13)
Java HotSpot(TM) 64-Bit Server VM (build 25.31-b07, mixed mode)
$ javac -J-Xmx32m -version
javac 1.8.0_31
travis_fold:start:before_install.1[0Ktravis_time:start:01d810e1[0K$ rvm use 2.1.5 --install
[32mUsing /home/travis/.rvm/gems/ruby-2.1.5[0m

travis_time:end:01d810e1:start=1471913174992684682,finish=1471913175276684514,duration=283999832[0Ktravis_fold:end:before_install.1[0Ktravis_fold:start:before_install.2[0Ktravis_time:start:0ca8a640[0K$ nvm install 0.12.2
v0.12.2 is already installed.
Now using node v0.12.2

travis_time:end:0ca8a640:start=1471913175280637513,finish=1471913175514401369,duration=233763856[0Ktravis_fold:end:before_install.2[0Ktravis_fold:start:before_install.3[0Ktravis_time:start:035a003c[0K$ nvm use 0.12.2
Now using node v0.12.2

travis_time:end:035a003c:start=1471913175518349326,finish=1471913175570534071,duration=52184745[0Ktravis_fold:end:before_install.3[0Ktravis_fold:start:install[0Ktravis_time:start:142b8e3d[0K$ /bin/bash ./dev-tools/travis/travis-install.sh `pwd`
Python version :   Python 2.7.3
Java HotSpot(TM) 64-Bit Server VM warning: ignoring option MaxPermSize=192m; support was removed in 8.0
Maven version  :   Apache Maven 3.2.5 (12a6b3acb947671f09b81f49094c53f426d8cea1; 2014-12-14T17:29:23+00:00) Maven home: /usr/local/maven Java version: 1.8.0_31, vendor: Oracle Corporation Java home: /usr/lib/jvm/java-8-oracle/jre Default locale: en_US, platform encoding: UTF-8 OS name: "linux", version: "3.13.0-40-generic", arch: "amd64", family: "unix"
['mvn', 'clean', 'install', '-DskipTests', '-Pnative', '--batch-mode'] writing to install.txt
1 seconds 2 log lines22 seconds 49 log lines34 seconds 83 log lines44 seconds 255 log lines78 seconds 307 log lines90 seconds 314 log lines112 seconds 315 log lines122 seconds 409 log lines142 seconds 621 log lines152 seconds 792 log lines167 seconds 840 log lines177 seconds 888 log lines310 seconds 928 log lines313 seconds 980 log lines
['mvn', 'clean', 'install', '-DskipTests', '-Pnative', '--batch-mode'] done 1
Java HotSpot(TM) 64-Bit Server VM warning: ignoring option MaxPermSize=192m; support was removed in 8.0
[INFO] Scanning for projects...
[INFO] ------------------------------------------------------------------------
[INFO] Reactor Build Order:
[INFO] 
[INFO] Storm
[INFO] multilang-javascript
[INFO] multilang-python
[INFO] multilang-ruby
[INFO] maven-shade-clojure-transformer
[INFO] storm-maven-plugins
[INFO] Storm Core
[INFO] storm-rename-hack
[INFO] storm-kafka
[INFO] storm-hdfs
[INFO] storm-hbase
[INFO] storm-hive
[INFO] storm-jdbc
[INFO] storm-redis
[INFO] storm-eventhubs
[INFO] flux
[INFO] flux-wrappers
[INFO] flux-core
[INFO] flux-examples
[INFO] storm-sql-runtime
[INFO] storm-sql-core
[INFO] storm-sql-kafka
[INFO] sql
[INFO] storm-elasticsearch
[INFO] storm-solr
[INFO] storm-metrics
[INFO] storm-cassandra
[INFO] storm-mqtt-parent
[INFO] storm-mqtt
[INFO] storm-mqtt-examples
[INFO] storm-mongodb
[INFO] storm-starter
[INFO] storm-kafka-client
[INFO]                                                                         
[INFO] ------------------------------------------------------------------------
[INFO] Building Storm 1.0.3-SNAPSHOT
[INFO] ------------------------------------------------------------------------
[INFO] 
[INFO] --- maven-clean-plugin:2.4.1:clean (default-clean) @ storm ---
[INFO] 
[INFO] --- maven-remote-resources-plugin:1.2.1:process (default) @ storm ---
[INFO] 
[INFO] --- maven-site-plugin:3.3:attach-descriptor (attach-descriptor) @ storm ---
[INFO] 
[INFO] --- maven-install-plugin:2.4:install (default-install) @ storm ---
[INFO] Installing /home/travis/build/apache/storm/pom.xml to /home/travis/.m2/repository/org/apache/storm/storm/1.0.3-SNAPSHOT/storm-1.0.3-SNAPSHOT.pom
[INFO]                                                                         
[INFO] ------------------------------------------------------------------------
[INFO] Building multilang-javascript 1.0.3-SNAPSHOT
[INFO] ------------------------------------------------------------------------
[INFO] 
[INFO] --- maven-clean-plugin:2.4.1:clean (default-clean) @ multilang-javascript ---
[INFO] 
[INFO] --- maven-remote-resources-plugin:1.2.1:process (default) @ multilang-javascript ---
[INFO] 
[INFO] --- maven-resources-plugin:2.5:resources (default-resources) @ multilang-javascript ---
[debug] execute contextualize
[INFO] Using 'UTF-8' encoding to copy filtered resources.
[INFO] Copying 1 resource
[INFO] Copying 3 resources
[INFO] 
[INFO] --- maven-compiler-plugin:3.1:compile (default-compile) @ multilang-javascript ---
[INFO] No sources to compile
[INFO] 
[INFO] --- maven-resources-plugin:2.5:testResources (default-testResources) @ multilang-javascript ---
[debug] execute contextualize
[INFO] Using 'UTF-8' encoding to copy filtered resources.
[INFO] skip non existing resourceDirectory /home/travis/build/apache/storm/storm-multilang/javascript/src/test/resources
[INFO] Copying 3 resources
[INFO] 
[INFO] --- maven-compiler-plugin:3.1:testCompile (default-testCompile) @ multilang-javascript ---
[INFO] No sources to compile
[INFO] 
[INFO] --- maven-surefire-plugin:2.18.1:test (default-test) @ multilang-javascript ---
[INFO] Tests are skipped.
[INFO] 
[INFO] --- maven-jar-plugin:2.4:jar (default-jar) @ multilang-javascript ---
[INFO] Building jar: /home/travis/build/apache/storm/storm-multilang/javascript/target/multilang-javascript-1.0.3-SNAPSHOT.jar
[INFO] 
[INFO] --- maven-site-plugin:3.3:attach-descriptor (attach-descriptor) @ multilang-javascript ---
[INFO] 
[INFO] --- maven-install-plugin:2.4:install (default-install) @ multilang-javascript ---
[INFO] Installing /home/travis/build/apache/storm/storm-multilang/javascript/target/multilang-javascript-1.0.3-SNAPSHOT.jar to /home/travis/.m2/repository/org/apache/storm/multilang-javascript/1.0.3-SNAPSHOT/multilang-javascript-1.0.3-SNAPSHOT.jar
[INFO] Installing /home/travis/build/apache/storm/storm-multilang/javascript/pom.xml to /home/travis/.m2/repository/org/apache/storm/multilang-javascript/1.0.3-SNAPSHOT/multilang-javascript-1.0.3-SNAPSHOT.pom
[INFO]                                                                         
[INFO] ------------------------------------------------------------------------
[INFO] Building multilang-python 1.0.3-SNAPSHOT
[INFO] ------------------------------------------------------------------------
[INFO] 
[INFO] --- maven-clean-plugin:2.4.1:clean (default-clean) @ multilang-python ---
[INFO] 
[INFO] --- maven-remote-resources-plugin:1.2.1:process (default) @ multilang-python ---
[INFO] 
[INFO] --- maven-resources-plugin:2.5:resources (default-resources) @ multilang-python ---
[debug] execute contextualize
[INFO] Using 'UTF-8' encoding to copy filtered resources.
[INFO] Copying 1 resource
[INFO] Copying 3 resources
[INFO] 
[INFO] --- maven-compiler-plugin:3.1:compile (default-compile) @ multilang-python ---
[INFO] No sources to compile
[INFO] 
[INFO] --- maven-resources-plugin:2.5:testResources (default-testResources) @ multilang-python ---
[debug] execute contextualize
[INFO] Using 'UTF-8' encoding to copy filtered resources.
[INFO] skip non existing resourceDirectory /home/travis/build/apache/storm/storm-multilang/python/src/test/resources
[INFO] Copying 3 resources
[INFO] 
[INFO] --- maven-compiler-plugin:3.1:testCompile (default-testCompile) @ multilang-python ---
[INFO] No sources to compile
[INFO] 
[INFO] --- maven-surefire-plugin:2.18.1:test (default-test) @ multilang-python ---
[INFO] Tests are skipped.
[INFO] 
[INFO] --- maven-jar-plugin:2.4:jar (default-jar) @ multilang-python ---
[INFO] Building jar: /home/travis/build/apache/storm/storm-multilang/python/target/multilang-python-1.0.3-SNAPSHOT.jar
[INFO] 
[INFO] --- maven-site-plugin:3.3:attach-descriptor (attach-descriptor) @ multilang-python ---
[INFO] 
[INFO] --- maven-install-plugin:2.4:install (default-install) @ multilang-python ---
[INFO] Installing /home/travis/build/apache/storm/storm-multilang/python/target/multilang-python-1.0.3-SNAPSHOT.jar to /home/travis/.m2/repository/org/apache/storm/multilang-python/1.0.3-SNAPSHOT/multilang-python-1.0.3-SNAPSHOT.jar
[INFO] Installing /home/travis/build/apache/storm/storm-multilang/python/pom.xml to /home/travis/.m2/repository/org/apache/storm/multilang-python/1.0.3-SNAPSHOT/multilang-python-1.0.3-SNAPSHOT.pom
[INFO]                                                                         
[INFO] ------------------------------------------------------------------------
[INFO] Building multilang-ruby 1.0.3-SNAPSHOT
[INFO] ------------------------------------------------------------------------
[INFO] 
[INFO] --- maven-clean-plugin:2.4.1:clean (default-clean) @ multilang-ruby ---
[INFO] 
[INFO] --- maven-remote-resources-plugin:1.2.1:process (default) @ multilang-ruby ---
[INFO] 
[INFO] --- maven-resources-plugin:2.5:resources (default-resources) @ multilang-ruby ---
[debug] execute contextualize
[INFO] Using 'UTF-8' encoding to copy filtered resources.
[INFO] Copying 1 resource
[INFO] Copying 3 resources
[INFO] 
[INFO] --- maven-compiler-plugin:3.1:compile (default-compile) @ multilang-ruby ---
[INFO] No sources to compile
[INFO] 
[INFO] --- maven-resources-plugin:2.5:testResources (default-testResources) @ multilang-ruby ---
[debug] execute contextualize
[INFO] Using 'UTF-8' encoding to copy filtered resources.
[INFO] skip non existing resourceDirectory /home/travis/build/apache/storm/storm-multilang/ruby/src/test/resources
[INFO] Copying 3 resources
[INFO] 
[INFO] --- maven-compiler-plugin:3.1:testCompile (default-testCompile) @ multilang-ruby ---
[INFO] No sources to compile
[INFO] 
[INFO] --- maven-surefire-plugin:2.18.1:test (default-test) @ multilang-ruby ---
[INFO] Tests are skipped.
[INFO] 
[INFO] --- maven-jar-plugin:2.4:jar (default-jar) @ multilang-ruby ---
[INFO] Building jar: /home/travis/build/apache/storm/storm-multilang/ruby/target/multilang-ruby-1.0.3-SNAPSHOT.jar
[INFO] 
[INFO] --- maven-site-plugin:3.3:attach-descriptor (attach-descriptor) @ multilang-ruby ---
[INFO] 
[INFO] --- maven-install-plugin:2.4:install (default-install) @ multilang-ruby ---
[INFO] Installing /home/travis/build/apache/storm/storm-multilang/ruby/target/multilang-ruby-1.0.3-SNAPSHOT.jar to /home/travis/.m2/repository/org/apache/storm/multilang-ruby/1.0.3-SNAPSHOT/multilang-ruby-1.0.3-SNAPSHOT.jar
[INFO] Installing /home/travis/build/apache/storm/storm-multilang/ruby/pom.xml to /home/travis/.m2/repository/org/apache/storm/multilang-ruby/1.0.3-SNAPSHOT/multilang-ruby-1.0.3-SNAPSHOT.pom
[INFO]                                                                         
[INFO] ------------------------------------------------------------------------
[INFO] Building maven-shade-clojure-transformer 1.0.3-SNAPSHOT
[INFO] ------------------------------------------------------------------------
[INFO] 
[INFO] --- maven-clean-plugin:2.4.1:clean (default-clean) @ maven-shade-clojure-transformer ---
[INFO] 
[INFO] --- maven-remote-resources-plugin:1.2.1:process (default) @ maven-shade-clojure-transformer ---
[INFO] 
[INFO] --- maven-resources-plugin:2.5:resources (default-resources) @ maven-shade-clojure-transformer ---
[debug] execute contextualize
[INFO] Using 'UTF-8' encoding to copy filtered resources.
[INFO] skip non existing resourceDirectory /home/travis/build/apache/storm/storm-buildtools/maven-shade-clojure-transformer/src/main/resources
[INFO] Copying 3 resources
[INFO] 
[INFO] --- maven-compiler-plugin:3.1:compile (default-compile) @ maven-shade-clojure-transformer ---
[INFO] Changes detected - recompiling the module!
[INFO] Compiling 1 source file to /home/travis/build/apache/storm/storm-buildtools/maven-shade-clojure-transformer/target/classes
[INFO] 
[INFO] --- maven-resources-plugin:2.5:testResources (default-testResources) @ maven-shade-clojure-transformer ---
[debug] execute contextualize
[INFO] Using 'UTF-8' encoding to copy filtered resources.
[INFO] skip non existing resourceDirectory /home/travis/build/apache/storm/storm-buildtools/maven-shade-clojure-transformer/src/test/resources
[INFO] Copying 3 resources
[INFO] 
[INFO] --- maven-compiler-plugin:3.1:testCompile (default-testCompile) @ maven-shade-clojure-transformer ---
[INFO] No sources to compile
[INFO] 
[INFO] --- maven-surefire-plugin:2.18.1:test (default-test) @ maven-shade-clojure-transformer ---
[INFO] Tests are skipped.
[INFO] 
[INFO] --- maven-jar-plugin:2.4:jar (default-jar) @ maven-shade-clojure-transformer ---
[INFO] Building jar: /home/travis/build/apache/storm/storm-buildtools/maven-shade-clojure-transformer/target/maven-shade-clojure-transformer-1.0.3-SNAPSHOT.jar
[INFO] 
[INFO] --- maven-site-plugin:3.3:attach-descriptor (attach-descriptor) @ maven-shade-clojure-transformer ---
[INFO] 
[INFO] --- maven-install-plugin:2.4:install (default-install) @ maven-shade-clojure-transformer ---
[INFO] Installing /home/travis/build/apache/storm/storm-buildtools/maven-shade-clojure-transformer/target/maven-shade-clojure-transformer-1.0.3-SNAPSHOT.jar to /home/travis/.m2/repository/org/apache/storm/maven-shade-clojure-transformer/1.0.3-SNAPSHOT/maven-shade-clojure-transformer-1.0.3-SNAPSHOT.jar
[INFO] Installing /home/travis/build/apache/storm/storm-buildtools/maven-shade-clojure-transformer/pom.xml to /home/travis/.m2/repository/org/apache/storm/maven-shade-clojure-transformer/1.0.3-SNAPSHOT/maven-shade-clojure-transformer-1.0.3-SNAPSHOT.pom
[INFO]                                                                         
[INFO] ------------------------------------------------------------------------
[INFO] Building storm-maven-plugins 1.0.3-SNAPSHOT
[INFO] ------------------------------------------------------------------------
[INFO] 
[INFO] --- maven-clean-plugin:2.4.1:clean (default-clean) @ storm-maven-plugins ---
[INFO] 
[INFO] --- maven-remote-resources-plugin:1.2.1:process (default) @ storm-maven-plugins ---
[INFO] 
[INFO] --- maven-resources-plugin:2.5:resources (default-resources) @ storm-maven-plugins ---
[debug] execute contextualize
[INFO] Using 'UTF-8' encoding to copy filtered resources.
[INFO] skip non existing resourceDirectory /home/travis/build/apache/storm/storm-buildtools/storm-maven-plugins/src/main/resources
[INFO] Copying 3 resources
[INFO] 
[INFO] --- maven-compiler-plugin:3.1:compile (default-compile) @ storm-maven-plugins ---
[INFO] Changes detected - recompiling the module!
[INFO] Compiling 2 source files to /home/travis/build/apache/storm/storm-buildtools/storm-maven-plugins/target/classes
[INFO] 
[INFO] --- maven-plugin-plugin:3.0:descriptor (default-descriptor) @ storm-maven-plugins ---
[INFO] Using 'UTF-8' encoding to read mojo metadata.
[INFO] Applying mojo extractor for language: java
[INFO] Mojo extractor for language: java found 0 mojo descriptors.
[INFO] Applying mojo extractor for language: bsh
[INFO] Mojo extractor for language: bsh found 0 mojo descriptors.
[INFO] Applying mojo extractor for language: java-annotations
[INFO] Mojo extractor for language: java-annotations found 1 mojo descriptors.
[INFO] 
[INFO] --- maven-plugin-plugin:3.0:descriptor (mojo-descriptor) @ storm-maven-plugins ---
[INFO] Using 'UTF-8' encoding to read mojo metadata.
[INFO] Applying mojo extractor for language: java
[INFO] Mojo extractor for language: java found 0 mojo descriptors.
[INFO] Applying mojo extractor for language: bsh
[INFO] Mojo extractor for language: bsh found 0 mojo descriptors.
[INFO] Applying mojo extractor for language: java-annotations
[INFO] Mojo extractor for language: java-annotations found 1 mojo descriptors.
[INFO] 
[INFO] --- maven-resources-plugin:2.5:testResources (default-testResources) @ storm-maven-plugins ---
[debug] execute contextualize
[INFO] Using 'UTF-8' encoding to copy filtered resources.
[INFO] skip non existing resourceDirectory /home/travis/build/apache/storm/storm-buildtools/storm-maven-plugins/src/test/resources
[INFO] Copying 3 resources
[INFO] 
[INFO] --- maven-compiler-plugin:3.1:testCompile (default-testCompile) @ storm-maven-plugins ---
[INFO] No sources to compile
[INFO] 
[INFO] --- maven-surefire-plugin:2.18.1:test (default-test) @ storm-maven-plugins ---
[INFO] Tests are skipped.
[INFO] 
[INFO] --- maven-jar-plugin:2.4:jar (default-jar) @ storm-maven-plugins ---
[INFO] Building jar: /home/travis/build/apache/storm/storm-buildtools/storm-maven-plugins/target/storm-maven-plugins-1.0.3-SNAPSHOT.jar
[INFO] 
[INFO] --- maven-plugin-plugin:3.0:addPluginArtifactMetadata (default-addPluginArtifactMetadata) @ storm-maven-plugins ---
[INFO] 
[INFO] --- maven-site-plugin:3.3:attach-descriptor (attach-descriptor) @ storm-maven-plugins ---
[INFO] 
[INFO] --- maven-install-plugin:2.4:install (default-install) @ storm-maven-plugins ---
[INFO] Installing /home/travis/build/apache/storm/storm-buildtools/storm-maven-plugins/target/storm-maven-plugins-1.0.3-SNAPSHOT.jar to /home/travis/.m2/repository/org/apache/storm/storm-maven-plugins/1.0.3-SNAPSHOT/storm-maven-plugins-1.0.3-SNAPSHOT.jar
[INFO] Installing /home/travis/build/apache/storm/storm-buildtools/storm-maven-plugins/pom.xml to /home/travis/.m2/repository/org/apache/storm/storm-maven-plugins/1.0.3-SNAPSHOT/storm-maven-plugins-1.0.3-SNAPSHOT.pom
[INFO]                                                                         
[INFO] ------------------------------------------------------------------------
[INFO] Building Storm Core 1.0.3-SNAPSHOT
[INFO] ------------------------------------------------------------------------
[INFO] 
[INFO] --- maven-clean-plugin:2.4.1:clean (default-clean) @ storm-core ---
[INFO] 
[INFO] --- exec-maven-plugin:1.2.1:exec (default) @ storm-core ---
`/home/travis/build/apache/storm/storm-core/src/native/' -> `/home/travis/build/apache/storm/storm-core/target/native'
`/home/travis/build/apache/storm/storm-core/src/native/worker-launcher' -> `/home/travis/build/apache/storm/storm-core/target/native/worker-launcher'
`/home/travis/build/apache/storm/storm-core/src/native/worker-launcher/.autom4te.cfg' -> `/home/travis/build/apache/storm/storm-core/target/native/worker-launcher/.autom4te.cfg'
`/home/travis/build/apache/storm/storm-core/src/native/worker-launcher/.deps' -> `/home/travis/build/apache/storm/storm-core/target/native/worker-launcher/.deps'
`/home/travis/build/apache/storm/storm-core/src/native/worker-launcher/.deps/worker-launcher.Po' -> `/home/travis/build/apache/storm/storm-core/target/native/worker-launcher/.deps/worker-launcher.Po'
`/home/travis/build/apache/storm/storm-core/src/native/worker-launcher/Makefile.am' -> `/home/travis/build/apache/storm/storm-core/target/native/worker-launcher/Makefile.am'
`/home/travis/build/apache/storm/storm-core/src/native/worker-launcher/configure.ac' -> `/home/travis/build/apache/storm/storm-core/target/native/worker-launcher/configure.ac'
`/home/travis/build/apache/storm/storm-core/src/native/worker-launcher/impl' -> `/home/travis/build/apache/storm/storm-core/target/native/worker-launcher/impl'
`/home/travis/build/apache/storm/storm-core/src/native/worker-launcher/impl/configuration.c' -> `/home/travis/build/apache/storm/storm-core/target/native/worker-launcher/impl/configuration.c'
`/home/travis/build/apache/storm/storm-core/src/native/worker-launcher/impl/configuration.h' -> `/home/travis/build/apache/storm/storm-core/target/native/worker-launcher/impl/configuration.h'
`/home/travis/build/apache/storm/storm-core/src/native/worker-launcher/impl/main.c' -> `/home/travis/build/apache/storm/storm-core/target/native/worker-launcher/impl/main.c'
`/home/travis/build/apache/storm/storm-core/src/native/worker-launcher/impl/worker-launcher.c' -> `/home/travis/build/apache/storm/storm-core/target/native/worker-launcher/impl/worker-launcher.c'
`/home/travis/build/apache/storm/storm-core/src/native/worker-launcher/impl/worker-launcher.h' -> `/home/travis/build/apache/storm/storm-core/target/native/worker-launcher/impl/worker-launcher.h'
`/home/travis/build/apache/storm/storm-core/src/native/worker-launcher/test' -> `/home/travis/build/apache/storm/storm-core/target/native/worker-launcher/test'
`/home/travis/build/apache/storm/storm-core/src/native/worker-launcher/test/test-worker-launcher.c' -> `/home/travis/build/apache/storm/storm-core/target/native/worker-launcher/test/test-worker-launcher.c'
[INFO] 
[INFO] --- maven-remote-resources-plugin:1.2.1:process (default) @ storm-core ---
[INFO] 
[INFO] --- storm-maven-plugins:1.0.3-SNAPSHOT:version-info (version-info) @ storm-core ---
[WARNING] [svn, info] failed with error code 1
[INFO] SCM: GIT
[INFO] Computed MD5: b8248f6b496414f5e582715eb95db9d4
[INFO] 
[INFO] --- maven-resources-plugin:2.5:resources (default-resources) @ storm-core ---
[debug] execute contextualize
[INFO] Using 'UTF-8' encoding to copy filtered resources.
[INFO] Copying 8 resources
[INFO] Copying 1 resource to META-INF
[INFO] Copying 0 resource
[INFO] Copying 1 resource
[INFO] Copying 3 resources
[INFO] 
[INFO] --- maven-compiler-plugin:3.1:compile (default-compile) @ storm-core ---
[INFO] Changes detected - recompiling the module!
[INFO] Compiling 794 source files to /home/travis/build/apache/storm/storm-core/target/classes
[WARNING] /home/travis/build/apache/storm/storm-core/src/jvm/org/apache/storm/security/auth/ShellBasedGroupsMapping.java: Some input files use or override a deprecated API.
[WARNING] /home/travis/build/apache/storm/storm-core/src/jvm/org/apache/storm/security/auth/ShellBasedGroupsMapping.java: Recompile with -Xlint:deprecation for details.
[WARNING] /home/travis/build/apache/storm/storm-core/src/jvm/org/apache/storm/trident/tuple/TridentTupleView.java: Some input files use unchecked or unsafe operations.
[WARNING] /home/travis/build/apache/storm/storm-core/src/jvm/org/apache/storm/trident/tuple/TridentTupleView.java: Recompile with -Xlint:unchecked for details.
[INFO] 
[INFO] --- clojure-maven-plugin:1.7.1:compile (compile-clojure) @ storm-core ---
Compiling org.apache.storm.command.deactivate to /home/travis/build/apache/storm/storm-core/target/classes
Compiling org.apache.storm.trident.testing to /home/travis/build/apache/storm/storm-core/target/classes
Compiling org.apache.storm.command.blobstore to /home/travis/build/apache/storm/storm-core/target/classes
Compiling org.apache.storm.stats to /home/travis/build/apache/storm/storm-core/target/classes
Compiling org.apache.storm.command.set-log-level to /home/travis/build/apache/storm/storm-core/target/classes
Compiling org.apache.storm.daemon.drpc to /home/travis/build/apache/storm/storm-core/target/classes
Compiling org.apache.storm.command.dev-zookeeper to /home/travis/build/apache/storm/storm-core/target/classes
Compiling org.apache.storm.local-state to /home/travis/build/apache/storm/storm-core/target/classes
Compiling org.apache.storm.cluster to /home/travis/build/apache/storm/storm-core/target/classes
Compiling org.apache.storm.testing to /home/travis/build/apache/storm/storm-core/target/classes
Compiling org.apache.storm.command.heartbeats to /home/travis/build/apache/storm/storm-core/target/classes
WARNING: reverse already refers to: #'clojure.core/reverse in namespace: org.apache.storm.command.heartbeats, being replaced by: #'clojure.string/reverse
WARNING: replace already refers to: #'clojure.core/replace in namespace: org.apache.storm.command.heartbeats, being replaced by: #'clojure.string/replace
Compiling org.apache.storm.daemon.builtin-metrics to /home/travis/build/apache/storm/storm-core/target/classes
Compiling org.apache.storm.process-simulator to /home/travis/build/apache/storm/storm-core/target/classes
Compiling org.apache.storm.daemon.acker to /home/travis/build/apache/storm/storm-core/target/classes
Compiling org.apache.storm.log to /home/travis/build/apache/storm/storm-core/target/classes
Compiling org.apache.storm.daemon.common to /home/travis/build/apache/storm/storm-core/target/classes
Compiling org.apache.storm.command.healthcheck to /home/travis/build/apache/storm/storm-core/target/classes
Compiling org.apache.storm.scheduler.EvenScheduler to /home/travis/build/apache/storm/storm-core/target/classes
Compiling org.apache.storm.command.kill-workers to /home/travis/build/apache/storm/storm-core/target/classes
Compiling org.apache.storm.scheduler.IsolationScheduler to /home/travis/build/apache/storm/storm-core/target/classes
Compiling org.apache.storm.command.monitor to /home/travis/build/apache/storm/storm-core/target/classes
Compiling org.apache.storm.timer to /home/travis/build/apache/storm/storm-core/target/classes
Compiling org.apache.storm.config to /home/travis/build/apache/storm/storm-core/target/classes
Compiling org.apache.storm.LocalCluster to /home/travis/build/apache/storm/storm-core/target/classes
Compiling org.apache.storm.thrift to /home/travis/build/apache/storm/storm-core/target/classes
Compiling org.apache.storm.daemon.logviewer to /home/travis/build/apache/storm/storm-core/target/classes
Compiling org.apache.storm.blobstore to /home/travis/build/apache/storm/storm-core/target/classes
Compiling org.apache.storm.zookeeper to /home/travis/build/apache/storm/storm-core/target/classes
Compiling org.apache.storm.clojure to /home/travis/build/apache/storm/storm-core/target/classes
Compiling org.apache.storm.command.rebalance to /home/travis/build/apache/storm/storm-core/target/classes
Compiling org.apache.storm.command.kill-topology to /home/travis/build/apache/storm/storm-core/target/classes
Compiling org.apache.storm.LocalDRPC to /home/travis/build/apache/storm/storm-core/target/classes
Compiling org.apache.storm.messaging.local to /home/travis/build/apache/storm/storm-core/target/classes
Compiling org.apache.storm.daemon.executor to /home/travis/build/apache/storm/storm-core/target/classes
Compiling org.apache.storm.event to /home/travis/build/apache/storm/storm-core/target/classes
Compiling org.apache.storm.daemon.supervisor to /home/travis/build/apache/storm/storm-core/target/classes
Compiling org.apache.storm.command.activate to /home/travis/build/apache/storm/storm-core/target/classes
Compiling org.apache.storm.command.shell-submission to /home/travis/build/apache/storm/storm-core/target/classes
Compiling org.apache.storm.MockAutoCred to /home/travis/build/apache/storm/storm-core/target/classes
Compiling org.apache.storm.command.get-errors to /home/travis/build/apache/storm/storm-core/target/classes
Compiling org.apache.storm.pacemaker.pacemaker to /home/travis/build/apache/storm/storm-core/target/classes
Compiling org.apache.storm.testing4j to /home/travis/build/apache/storm/storm-core/target/classes
Compiling org.apache.storm.metric.testing to /home/travis/build/apache/storm/storm-core/target/classes
Compiling org.apache.storm.ui.core to /home/travis/build/apache/storm/storm-core/target/classes
Compiling org.apache.storm.command.upload-credentials to /home/travis/build/apache/storm/storm-core/target/classes
Compiling org.apache.storm.ui.helpers to /home/travis/build/apache/storm/storm-core/target/classes
Compiling org.apache.storm.scheduler.DefaultScheduler to /home/travis/build/apache/storm/storm-core/target/classes
Compiling org.apache.storm.command.list to /home/travis/build/apache/storm/storm-core/target/classes
Compiling org.apache.storm.pacemaker.pacemaker-state-factory to /home/travis/build/apache/storm/storm-core/target/classes
Compiling org.apache.storm.disruptor to /home/travis/build/apache/storm/storm-core/target/classes
Compiling org.apache.storm.util to /home/travis/build/apache/storm/storm-core/target/classes
Compiling org.apache.storm.daemon.task to /home/travis/build/apache/storm/storm-core/target/classes
Compiling org.apache.storm.command.config-value to /home/travis/build/apache/storm/storm-core/target/classes
Compiling org.apache.storm.converter to /home/travis/build/apache/storm/storm-core/target/classes
Compiling org.apache.storm.daemon.nimbus to /home/travis/build/apache/storm/storm-core/target/classes
Compiling org.apache.storm.cluster-state.zookeeper-state-factory to /home/travis/build/apache/storm/storm-core/target/classes
Compiling org.apache.storm.messaging.loader to /home/travis/build/apache/storm/storm-core/target/classes
Compiling org.apache.storm.daemon.worker to /home/travis/build/apache/storm/storm-core/target/classes
[INFO] 
[INFO] --- make-maven-plugin:1.0-beta-1:autoreconf (compile) @ storm-core ---
[INFO] 
[INFO] --- make-maven-plugin:1.0-beta-1:configure (compile) @ storm-core ---
[INFO] /bin/sh: 14: /home/travis/.jdk_switcher_rc: [[: not found
[INFO] /bin/sh: 22: /home/travis/.jdk_switcher_rc: [[: not found
[INFO] /bin/sh: 32: /home/travis/.jdk_switcher_rc: [[: not found
[INFO] /bin/sh: 42: /home/travis/.jdk_switcher_rc: [[: not found
[INFO] /bin/sh: 3: /etc/profile.d/rvm.sh: [[: not found
[INFO] checking for gcc... gcc
[INFO] checking whether the C compiler works... yes
[INFO] checking for C compiler default output file name... a.out
[INFO] checking for suffix of executables... 
[INFO] checking whether we are cross compiling... no
[INFO] checking for suffix of object files... o
[INFO] checking whether we are using the GNU C compiler... yes
[INFO] checking whether gcc accepts -g... yes
[INFO] checking for gcc option to accept ISO C89... none needed
[INFO] checking how to run the C preprocessor... gcc -E
[INFO] checking for grep that handles long lines and -e... /bin/grep
[INFO] checking for egrep... /bin/grep -E
[INFO] checking for ANSI C header files... yes
[INFO] checking for sys/types.h... yes
[INFO] checking for sys/stat.h... yes
[INFO] checking for stdlib.h... yes
[INFO] checking for string.h... yes
[INFO] checking for memory.h... yes
[INFO] checking for strings.h... yes
[INFO] checking for inttypes.h... yes
[INFO] checking for stdint.h... yes
[INFO] checking for unistd.h... yes
[INFO] checking minix/config.h usability... no
[INFO] checking minix/config.h presence... no
[INFO] checking for minix/config.h... no
[INFO] checking whether it is safe to define __EXTENSIONS__... yes
[INFO] checking for a BSD-compatible install... /usr/bin/install -c
[INFO] checking whether build environment is sane... yes
[INFO] checking for a thread-safe mkdir -p... /bin/mkdir -p
[INFO] checking for gawk... gawk
[INFO] checking whether make sets $(MAKE)... yes
[INFO] checking for style of include used by make... GNU
[INFO] checking dependency style of gcc... gcc3
[INFO] checking for gcc... (cached) gcc
[INFO] checking whether we are using the GNU C compiler... (cached) yes
[INFO] checking whether gcc accepts -g... (cached) yes
[INFO] checking for gcc option to accept ISO C89... (cached) none needed
[INFO] checking whether gcc and cc understand -c and -o together... yes
[INFO] checking for unistd.h... (cached) yes
[INFO] checking for stdbool.h that conforms to C99... yes
[INFO] checking for _Bool... yes
[INFO] checking for an ANSI C-conforming const... yes
[INFO] checking for off_t... yes
[INFO] checking for size_t... yes
[INFO] checking whether strerror_r is declared... yes
[INFO] checking for strerror_r... yes
[INFO] checking whether strerror_r returns char *... yes
[INFO] checking for mkdir... yes
[INFO] checking for uname... yes
[INFO] configure: creating ./config.status
[INFO] config.status: creating Makefile
[INFO] config.status: executing depfiles commands
[INFO] 
[INFO] --- make-maven-plugin:1.0-beta-1:make-install (compile) @ storm-core ---
[INFO] /bin/sh: 14: /home/travis/.jdk_switcher_rc: [[: not found
[INFO] /bin/sh: 22: /home/travis/.jdk_switcher_rc: [[: not found
[INFO] /bin/sh: 32: /home/travis/.jdk_switcher_rc: [[: not found
[INFO] /bin/sh: 42: /home/travis/.jdk_switcher_rc: [[: not found
[INFO] /bin/sh: 3: /etc/profile.d/rvm.sh: [[: not found
[INFO] depbase=`echo impl/configuration.o | sed 's|[^/]*$|.deps/&|;s|\.o$||'`;\
[INFO] 	gcc -DPACKAGE_NAME=\"worker-launcher\" -DPACKAGE_TARNAME=\"worker-launcher\" -DPACKAGE_VERSION=\"1.0.0\" -DPACKAGE_STRING=\"worker-launcher\ 1.0.0\" -DPACKAGE_BUGREPORT=\"user@storm.apache.org\" -DPACKAGE_URL=\"\" -DSTDC_HEADERS=1 -DHAVE_SYS_TYPES_H=1 -DHAVE_SYS_STAT_H=1 -DHAVE_STDLIB_H=1 -DHAVE_STRING_H=1 -DHAVE_MEMORY_H=1 -DHAVE_STRINGS_H=1 -DHAVE_INTTYPES_H=1 -DHAVE_STDINT_H=1 -DHAVE_UNISTD_H=1 -D__EXTENSIONS__=1 -D_ALL_SOURCE=1 -D_GNU_SOURCE=1 -D_POSIX_PTHREAD_SEMANTICS=1 -D_TANDEM_SOURCE=1 -DPACKAGE=\"worker-launcher\" -DVERSION=\"1.0.0\" -DHAVE_UNISTD_H=1 -DHAVE__BOOL=1 -DHAVE_STDBOOL_H=1 -DHAVE_DECL_STRERROR_R=1 -DHAVE_STRERROR_R=1 -DSTRERROR_R_CHAR_P=1 -DHAVE_MKDIR=1 -DHAVE_UNAME=1 -I.    -I./impl -Wall -g -Werror -DEXEC_CONF_DIR=/etc/storm  -MT impl/configuration.o -MD -MP -MF $depbase.Tpo -c -o impl/configuration.o impl/configuration.c &&\
[INFO] 	mv -f $depbase.Tpo $depbase.Po
[INFO] depbase=`echo impl/worker-launcher.o | sed 's|[^/]*$|.deps/&|;s|\.o$||'`;\
[INFO] 	gcc -DPACKAGE_NAME=\"worker-launcher\" -DPACKAGE_TARNAME=\"worker-launcher\" -DPACKAGE_VERSION=\"1.0.0\" -DPACKAGE_STRING=\"worker-launcher\ 1.0.0\" -DPACKAGE_BUGREPORT=\"user@storm.apache.org\" -DPACKAGE_URL=\"\" -DSTDC_HEADERS=1 -DHAVE_SYS_TYPES_H=1 -DHAVE_SYS_STAT_H=1 -DHAVE_STDLIB_H=1 -DHAVE_STRING_H=1 -DHAVE_MEMORY_H=1 -DHAVE_STRINGS_H=1 -DHAVE_INTTYPES_H=1 -DHAVE_STDINT_H=1 -DHAVE_UNISTD_H=1 -D__EXTENSIONS__=1 -D_ALL_SOURCE=1 -D_GNU_SOURCE=1 -D_POSIX_PTHREAD_SEMANTICS=1 -D_TANDEM_SOURCE=1 -DPACKAGE=\"worker-launcher\" -DVERSION=\"1.0.0\" -DHAVE_UNISTD_H=1 -DHAVE__BOOL=1 -DHAVE_STDBOOL_H=1 -DHAVE_DECL_STRERROR_R=1 -DHAVE_STRERROR_R=1 -DSTRERROR_R_CHAR_P=1 -DHAVE_MKDIR=1 -DHAVE_UNAME=1 -I.    -I./impl -Wall -g -Werror -DEXEC_CONF_DIR=/etc/storm  -MT impl/worker-launcher.o -MD -MP -MF $depbase.Tpo -c -o impl/worker-launcher.o impl/worker-launcher.c &&\
[INFO] 	mv -f $depbase.Tpo $depbase.Po
[INFO] depbase=`echo impl/main.o | sed 's|[^/]*$|.deps/&|;s|\.o$||'`;\
[INFO] 	gcc -DPACKAGE_NAME=\"worker-launcher\" -DPACKAGE_TARNAME=\"worker-launcher\" -DPACKAGE_VERSION=\"1.0.0\" -DPACKAGE_STRING=\"worker-launcher\ 1.0.0\" -DPACKAGE_BUGREPORT=\"user@storm.apache.org\" -DPACKAGE_URL=\"\" -DSTDC_HEADERS=1 -DHAVE_SYS_TYPES_H=1 -DHAVE_SYS_STAT_H=1 -DHAVE_STDLIB_H=1 -DHAVE_STRING_H=1 -DHAVE_MEMORY_H=1 -DHAVE_STRINGS_H=1 -DHAVE_INTTYPES_H=1 -DHAVE_STDINT_H=1 -DHAVE_UNISTD_H=1 -D__EXTENSIONS__=1 -D_ALL_SOURCE=1 -D_GNU_SOURCE=1 -D_POSIX_PTHREAD_SEMANTICS=1 -D_TANDEM_SOURCE=1 -DPACKAGE=\"worker-launcher\" -DVERSION=\"1.0.0\" -DHAVE_UNISTD_H=1 -DHAVE__BOOL=1 -DHAVE_STDBOOL_H=1 -DHAVE_DECL_STRERROR_R=1 -DHAVE_STRERROR_R=1 -DSTRERROR_R_CHAR_P=1 -DHAVE_MKDIR=1 -DHAVE_UNAME=1 -I.    -I./impl -Wall -g -Werror -DEXEC_CONF_DIR=/etc/storm  -MT impl/main.o -MD -MP -MF $depbase.Tpo -c -o impl/main.o impl/main.c &&\
[INFO] 	mv -f $depbase.Tpo $depbase.Po
[INFO] gcc -I./impl -Wall -g -Werror -DEXEC_CONF_DIR=/etc/storm    -o worker-launcher impl/configuration.o impl/worker-launcher.o impl/main.o  
[INFO] make[1]: Entering directory `/home/travis/build/apache/storm/storm-core/target/native/worker-launcher'
[INFO] test -z "/usr/local/bin" || /bin/mkdir -p "/home/travis/build/apache/storm/storm-core/target/native/target/usr/local/bin"
[INFO]   /usr/bin/install -c worker-launcher '/home/travis/build/apache/storm/storm-core/target/native/target/usr/local/bin'
[INFO] make[1]: Nothing to be done for `install-data-am'.
[INFO] make[1]: Leaving directory `/home/travis/build/apache/storm/storm-core/target/native/worker-launcher'
[INFO] 
[INFO] --- maven-resources-plugin:2.5:testResources (default-testResources) @ storm-core ---
[debug] execute contextualize
[INFO] Using 'UTF-8' encoding to copy filtered resources.
[INFO] Copying 14 resources
[INFO] Copying 2 resources
[INFO] Copying 3 resources
[INFO] 
[INFO] --- maven-dependency-plugin:2.8:unpack (unpack) @ storm-core ---
[INFO] Configured Artifact: org.apache.storm:multilang-ruby:1.0.3-SNAPSHOT:jar
[INFO] Configured Artifact: org.apache.storm:multilang-python:1.0.3-SNAPSHOT:jar
[INFO] Configured Artifact: org.apache.storm:multilang-javascript:1.0.3-SNAPSHOT:jar
[INFO] Unpacking /home/travis/build/apache/storm/storm-multilang/ruby/target/multilang-ruby-1.0.3-SNAPSHOT.jar to /home/travis/build/apache/storm/storm-core/target/test-classes with includes "" and excludes ""
[INFO] Unpacking /home/travis/build/apache/storm/storm-multilang/python/target/multilang-python-1.0.3-SNAPSHOT.jar to /home/travis/build/apache/storm/storm-core/target/test-classes with includes "" and excludes ""
[INFO] Unpacking /home/travis/build/apache/storm/storm-multilang/javascript/target/multilang-javascript-1.0.3-SNAPSHOT.jar to /home/travis/build/apache/storm/storm-core/target/test-classes with includes "" and excludes ""
[INFO] 
[INFO] --- maven-compiler-plugin:3.1:testCompile (default-testCompile) @ storm-core ---
[INFO] Changes detected - recompiling the module!
[INFO] Compiling 35 source files to /home/travis/build/apache/storm/storm-core/target/test-classes
[WARNING] /home/travis/build/apache/storm/storm-core/test/jvm/org/apache/storm/localizer/LocalizerTest.java: Some input files use or override a deprecated API.
[WARNING] /home/travis/build/apache/storm/storm-core/test/jvm/org/apache/storm/localizer/LocalizerTest.java: Recompile with -Xlint:deprecation for details.
[WARNING] /home/travis/build/apache/storm/storm-core/test/jvm/org/apache/storm/spout/CheckpointSpoutTest.java: Some input files use unchecked or unsafe operations.
[WARNING] /home/travis/build/apache/storm/storm-core/test/jvm/org/apache/storm/spout/CheckpointSpoutTest.java: Recompile with -Xlint:unchecked for details.
[INFO] 
[INFO] --- maven-surefire-plugin:2.18.1:test (default-test) @ storm-core ---
[INFO] Tests are skipped.
[INFO] 
[INFO] --- clojure-maven-plugin:1.7.1:test (test-clojure) @ storm-core ---
[INFO] Test execution is skipped
[INFO] 
[INFO] --- make-maven-plugin:1.0-beta-1:test (test) @ storm-core ---
[INFO] /bin/sh: 14: /home/travis/.jdk_switcher_rc: [[: not found
[INFO] /bin/sh: 22: /home/travis/.jdk_switcher_rc: [[: not found
[INFO] /bin/sh: 32: /home/travis/.jdk_switcher_rc: [[: not found
[INFO] /bin/sh: 42: /home/travis/.jdk_switcher_rc: [[: not found
[INFO] /bin/sh: 3: /etc/profile.d/rvm.sh: [[: not found
[INFO] make  test-worker-launcher
[INFO] make[1]: Entering directory `/home/travis/build/apache/storm/storm-core/target/native/worker-launcher'
[INFO] depbase=`echo test/test-worker-launcher.o | sed 's|[^/]*$|.deps/&|;s|\.o$||'`;\
[INFO] 	gcc -DPACKAGE_NAME=\"worker-launcher\" -DPACKAGE_TARNAME=\"worker-launcher\" -DPACKAGE_VERSION=\"1.0.0\" -DPACKAGE_STRING=\"worker-launcher\ 1.0.0\" -DPACKAGE_BUGREPORT=\"user@storm.apache.org\" -DPACKAGE_URL=\"\" -DSTDC_HEADERS=1 -DHAVE_SYS_TYPES_H=1 -DHAVE_SYS_STAT_H=1 -DHAVE_STDLIB_H=1 -DHAVE_STRING_H=1 -DHAVE_MEMORY_H=1 -DHAVE_STRINGS_H=1 -DHAVE_INTTYPES_H=1 -DHAVE_STDINT_H=1 -DHAVE_UNISTD_H=1 -D__EXTENSIONS__=1 -D_ALL_SOURCE=1 -D_GNU_SOURCE=1 -D_POSIX_PTHREAD_SEMANTICS=1 -D_TANDEM_SOURCE=1 -DPACKAGE=\"worker-launcher\" -DVERSION=\"1.0.0\" -DHAVE_UNISTD_H=1 -DHAVE__BOOL=1 -DHAVE_STDBOOL_H=1 -DHAVE_DECL_STRERROR_R=1 -DHAVE_STRERROR_R=1 -DSTRERROR_R_CHAR_P=1 -DHAVE_MKDIR=1 -DHAVE_UNAME=1 -I.    -I./impl -Wall -g -Werror -DEXEC_CONF_DIR=/etc/storm  -MT test/test-worker-launcher.o -MD -MP -MF $depbase.Tpo -c -o test/test-worker-launcher.o test/test-worker-launcher.c &&\
[INFO] 	mv -f $depbase.Tpo $depbase.Po
[INFO] gcc -I./impl -Wall -g -Werror -DEXEC_CONF_DIR=/etc/storm    -o test-worker-launcher impl/configuration.o impl/worker-launcher.o test/test-worker-launcher.o  
[INFO] make[1]: Leaving directory `/home/travis/build/apache/storm/storm-core/target/native/worker-launcher'
[INFO] make  check-TESTS
[INFO] make[1]: Entering directory `/home/travis/build/apache/storm/storm-core/target/native/worker-launcher'
[INFO] chmod: cannot access `/tmp/test-worker-launcher': No such file or directory
[INFO] File /tmp/test-worker-launcher must be owned by root, but is owned by 1000
[INFO] 
[INFO] Starting tests
[INFO] 
[INFO] Testing get_container_launcher_file()
[INFO] 
[INFO] Testing check_configuration_permissions()
[INFO] 
[INFO] Testing check_configuration_permissions
[INFO] 
[INFO] Testing check_user()
[INFO] 
[INFO] Testing test_check_user
[INFO] Requested user lp has id 7, which is below the minimum allowed 1000
[INFO] Running as root is not allowed
[INFO] 
[INFO] Running test test_signal_container in child process
[INFO] 
[INFO] Testing signal_container
[INFO] Child container launched as 5588
[INFO] Killing process 5588 with 3
[INFO] 
[INFO] Running test test_signal_container_group in child process
[INFO] 
[INFO] Testing group signal_container
[INFO] Child container launched as 5590
[INFO] Killing process 5590 with 9
[INFO] 
[INFO] Finished tests
[INFO] PASS: test-worker-launcher
[INFO] =============
[INFO] 1 test passed
[INFO] =============
[INFO] make[1]: Leaving directory `/home/travis/build/apache/storm/storm-core/target/native/worker-launcher'
[INFO] 
[INFO] --- maven-jar-plugin:2.6:jar (default-jar) @ storm-core ---
[INFO] Building jar: /home/travis/build/apache/storm/storm-core/target/storm-core-1.0.3-SNAPSHOT.jar
[INFO] 
[INFO] --- maven-site-plugin:3.3:attach-descriptor (attach-descriptor) @ storm-core ---
[INFO] 
[INFO] --- maven-shade-plugin:2.4.1:shade (default) @ storm-core ---
[INFO] Excluding com.esotericsoftware:kryo:jar:3.0.3 from the shaded jar.
[INFO] Excluding com.esotericsoftware:reflectasm:jar:1.10.1 from the shaded jar.
[INFO] Excluding org.ow2.asm:asm:jar:5.0.3 from the shaded jar.
[INFO] Excluding com.esotericsoftware:minlog:jar:1.3.0 from the shaded jar.
[INFO] Excluding org.objenesis:objenesis:jar:2.1 from the shaded jar.
[INFO] Excluding org.clojure:clojure:jar:1.7.0 from the shaded jar.
[INFO] Including clj-time:clj-time:jar:0.8.0 in the shaded jar.
[INFO] Including compojure:compojure:jar:1.1.9 in the shaded jar.
[INFO] Including org.clojure:tools.macro:jar:0.1.0 in the shaded jar.
[INFO] Including clout:clout:jar:1.2.0 in the shaded jar.
[INFO] Including hiccup:hiccup:jar:0.3.6 in the shaded jar.
[INFO] Including ring:ring-core:jar:1.3.1 in the shaded jar.
[INFO] Excluding org.clojure:tools.reader:jar:0.8.1 from the shaded jar.
[INFO] Including ring:ring-codec:jar:1.0.0 in the shaded jar.
[INFO] Excluding crypto-random:crypto-random:jar:1.2.0 from the shaded jar.
[INFO] Excluding crypto-equality:crypto-equality:jar:1.0.0 from the shaded jar.
[INFO] Including ring:ring-devel:jar:1.3.1 in the shaded jar.
[INFO] Excluding clj-stacktrace:clj-stacktrace:jar:0.2.7 from the shaded jar.
[INFO] Including ns-tracker:ns-tracker:jar:0.2.2 in the shaded jar.
[INFO] Including org.clojure:tools.namespace:jar:0.2.4 in the shaded jar.
[INFO] Excluding org.clojure:java.classpath:jar:0.2.2 from the shaded jar.
[INFO] Including ring:ring-jetty-adapter:jar:1.3.1 in the shaded jar.
[INFO] Including ring:ring-servlet:jar:1.3.1 in the shaded jar.
[INFO] Including ring:ring-json:jar:0.3.1 in the shaded jar.
[INFO] Including cheshire:cheshire:jar:5.3.1 in the shaded jar.
[INFO] Excluding tigris:tigris:jar:0.1.1 from the shaded jar.
[INFO] Including org.eclipse.jetty:jetty-servlet:jar:7.6.13.v20130916 in the shaded jar.
[INFO] Including org.eclipse.jetty:jetty-security:jar:7.6.13.v20130916 in the shaded jar.
[INFO] Including org.eclipse.jetty:jetty-servlets:jar:7.6.13.v20130916 in the shaded jar.
[INFO] Including org.eclipse.jetty:jetty-continuation:jar:7.6.13.v20130916 in the shaded jar.
[INFO] Including org.eclipse.jetty:jetty-client:jar:7.6.13.v20130916 in the shaded jar.
[INFO] Including org.clojure:tools.logging:jar:0.2.3 in the shaded jar.
[INFO] Including org.clojure:math.numeric-tower:jar:0.0.1 in the shaded jar.
[INFO] Including org.clojure:tools.cli:jar:0.2.4 in the shaded jar.
[INFO] Including org.clojure:java.jmx:jar:0.3.1 in the shaded jar.
[INFO] Including commons-io:commons-io:jar:2.5 in the shaded jar.
[INFO] Including org.apache.commons:commons-compress:jar:1.4.1 in the shaded jar.
[INFO] Including org.tukaani:xz:jar:1.0 in the shaded jar.
[INFO] Including org.apache.commons:commons-exec:jar:1.1 in the shaded jar.
[INFO] Including commons-lang:commons-lang:jar:2.5 in the shaded jar.
[INFO] Including org.apache.thrift:libthrift:jar:0.9.3 in the shaded jar.
[INFO] Including org.apache.httpcomponents:httpclient:jar:4.3.3 in the shaded jar.
[INFO] Excluding commons-logging:commons-logging:jar:1.1.3 from the shaded jar.
[INFO] Including org.apache.httpcomponents:httpcore:jar:4.4.1 in the shaded jar.
[INFO] Including org.apache.curator:curator-framework:jar:2.10.0 in the shaded jar.
[INFO] Including org.apache.curator:curator-recipes:jar:2.10.0 in the shaded jar.
[INFO] Including com.googlecode.json-simple:json-simple:jar:1.1 in the shaded jar.
[INFO] Including com.twitter:carbonite:jar:1.5.0 in the shaded jar.
[INFO] Including com.twitter:chill-java:jar:0.8.0 in the shaded jar.
[INFO] Excluding com.esotericsoftware:kryo-shaded:jar:3.0.3 from the shaded jar.
[INFO] Including org.yaml:snakeyaml:jar:1.11 in the shaded jar.
[INFO] Excluding com.lmax:disruptor:jar:3.3.2 from the shaded jar.
[INFO] Including org.jgrapht:jgrapht-core:jar:0.9.0 in the shaded jar.
[INFO] Including com.google.guava:guava:jar:16.0.1 in the shaded jar.
[INFO] Excluding org.apache.logging.log4j:log4j-api:jar:2.1 from the shaded jar.
[INFO] Excluding org.apache.logging.log4j:log4j-core:jar:2.1 from the shaded jar.
[INFO] Excluding org.apache.logging.log4j:log4j-slf4j-impl:jar:2.1 from the shaded jar.
[INFO] Excluding org.slf4j:log4j-over-slf4j:jar:1.6.6 from the shaded jar.
[INFO] Including io.netty:netty:jar:3.9.0.Final in the shaded jar.
[INFO] Including io.dropwizard.metrics:metrics-core:jar:3.1.0 in the shaded jar.
[INFO] Including metrics-clojure:metrics-clojure:jar:2.5.1 in the shaded jar.
[INFO] Including org.apache.zookeeper:zookeeper:jar:3.4.6 in the shaded jar.
[INFO] Excluding jline:jline:jar:0.9.94 from the shaded jar.
[INFO] Excluding javax.servlet:servlet-api:jar:2.5 from the shaded jar.
[INFO] Excluding org.slf4j:slf4j-api:jar:1.7.7 from the shaded jar.
[INFO] Including joda-time:joda-time:jar:2.3 in the shaded jar.
[INFO] Including org.eclipse.jetty:jetty-server:jar:7.6.13.v20130916 in the shaded jar.
[INFO] Excluding org.eclipse.jetty.orbit:javax.servlet:jar:2.5.0.v201103041518 from the shaded jar.
[INFO] Including org.eclipse.jetty:jetty-http:jar:7.6.13.v20130916 in the shaded jar.
[INFO] Including org.eclipse.jetty:jetty-io:jar:7.6.13.v20130916 in the shaded jar.
[INFO] Including org.eclipse.jetty:jetty-util:jar:7.6.13.v20130916 in the shaded jar.
[INFO] Including com.fasterxml.jackson.core:jackson-core:jar:2.6.3 in the shaded jar.
[INFO] Including com.fasterxml.jackson.dataformat:jackson-dataformat-smile:jar:2.6.3 in the shaded jar.
[INFO] Including org.apache.curator:curator-client:jar:2.10.0 in the shaded jar.
[INFO] Including commons-fileupload:commons-fileupload:jar:1.3.2 in the shaded jar.
[INFO] Including commons-codec:commons-codec:jar:1.6 in the shaded jar.
[INFO] Including org.apache.hadoop:hadoop-auth:jar:2.6.1 in the shaded jar.
[INFO] No artifact matching filter org.clojure:core.incubator
[INFO] Replacing original artifact with shaded artifact.
[INFO] Replacing /home/travis/build/apache/storm/storm-core/target/storm-core-1.0.3-SNAPSHOT.jar with /home/travis/build/apache/storm/storm-core/target/storm-core-1.0.3-SNAPSHOT-shaded.jar
[INFO] Dependency-reduced POM written at: /home/travis/build/apache/storm/storm-core/dependency-reduced-pom.xml
[INFO] Dependency-reduced POM written at: /home/travis/build/apache/storm/storm-core/dependency-reduced-pom.xml
[INFO] 
[INFO] --- maven-dependency-plugin:2.8:copy-dependencies (copy-dependencies) @ storm-core ---
[INFO] Copying java.classpath-0.2.2.jar to /home/travis/build/apache/storm/storm-core/target/dependency/java.classpath-0.2.2.jar
[INFO] Copying jgrapht-core-0.9.0.jar to /home/travis/build/apache/storm/storm-core/target/dependency/jgrapht-core-0.9.0.jar
[INFO] Copying tools.logging-0.2.3.jar to /home/travis/build/apache/storm/storm-core/target/dependency/tools.logging-0.2.3.jar
[INFO] Copying netty-3.9.0.Final.jar to /home/travis/build/apache/storm/storm-core/target/dependency/netty-3.9.0.Final.jar
[INFO] Copying jackson-core-2.6.3.jar to /home/travis/build/apache/storm/storm-core/target/dependency/jackson-core-2.6.3.jar
[INFO] Copying ring-devel-1.3.1.jar to /home/travis/build/apache/storm/storm-core/target/dependency/ring-devel-1.3.1.jar
[INFO] Copying carbonite-1.5.0.jar to /home/travis/build/apache/storm/storm-core/target/dependency/carbonite-1.5.0.jar
[INFO] Copying ring-jetty-adapter-1.3.1.jar to /home/travis/build/apache/storm/storm-core/target/dependency/ring-jetty-adapter-1.3.1.jar
[INFO] Copying httpclient-4.3.3.jar to /home/travis/build/apache/storm/storm-core/target/dependency/httpclient-4.3.3.jar
[INFO] Copying hiccup-0.3.6.jar to /home/travis/build/apache/storm/storm-core/target/dependency/hiccup-0.3.6.jar
[INFO] Copying joda-time-2.3.jar to /home/travis/build/apache/storm/storm-core/target/dependency/joda-time-2.3.jar
[INFO] Copying log4j-core-2.1.jar to /home/travis/build/apache/storm/storm-core/target/dependency/log4j-core-2.1.jar
[INFO] Copying commons-compress-1.4.1.jar to /home/travis/build/apache/storm/storm-core/target/dependency/commons-compress-1.4.1.jar
[INFO] Copying disruptor-3.3.2.jar to /home/travis/build/apache/storm/storm-core/target/dependency/disruptor-3.3.2.jar
[INFO] Copying ring-core-1.3.1.jar to /home/travis/build/apache/storm/storm-core/target/dependency/ring-core-1.3.1.jar
[INFO] Copying tigris-0.1.1.jar to /home/travis/build/apache/storm/storm-core/target/dependency/tigris-0.1.1.jar
[INFO] Copying jetty-server-7.6.13.v20130916.jar to /home/travis/build/apache/storm/storm-core/target/dependency/jetty-server-7.6.13.v20130916.jar
[INFO] Copying clojure-1.7.0.jar to /home/travis/build/apache/storm/storm-core/target/dependency/clojure-1.7.0.jar
[INFO] Copying compojure-1.1.9.jar to /home/travis/build/apache/storm/storm-core/target/dependency/compojure-1.1.9.jar
[INFO] Copying tools.cli-0.2.4.jar to /home/travis/build/apache/storm/storm-core/target/dependency/tools.cli-0.2.4.jar
[INFO] Copying jetty-security-7.6.13.v20130916.jar to /home/travis/build/apache/storm/storm-core/target/dependency/jetty-security-7.6.13.v20130916.jar
[INFO] Copying java.jmx-0.3.1.jar to /home/travis/build/apache/storm/storm-core/target/dependency/java.jmx-0.3.1.jar
[INFO] Copying log4j-slf4j-impl-2.1.jar to /home/travis/build/apache/storm/storm-core/target/dependency/log4j-slf4j-impl-2.1.jar
[INFO] Copying tools.reader-0.8.1.jar to /home/travis/build/apache/storm/storm-core/target/dependency/tools.reader-0.8.1.jar
[INFO] Copying ring-json-0.3.1.jar to /home/travis/build/apache/storm/storm-core/target/dependency/ring-json-0.3.1.jar
[INFO] Copying javax.servlet-2.5.0.v201103041518.jar to /home/travis/build/apache/storm/storm-core/target/dependency/javax.servlet-2.5.0.v201103041518.jar
[INFO] Copying clj-stacktrace-0.2.7.jar to /home/travis/build/apache/storm/storm-core/target/dependency/clj-stacktrace-0.2.7.jar
[INFO] Copying crypto-random-1.2.0.jar to /home/travis/build/apache/storm/storm-core/target/dependency/crypto-random-1.2.0.jar
[INFO] Copying clout-1.2.0.jar to /home/travis/build/apache/storm/storm-core/target/dependency/clout-1.2.0.jar
[INFO] Copying kryo-shaded-3.0.3.jar to /home/travis/build/apache/storm/storm-core/target/dependency/kryo-shaded-3.0.3.jar
[INFO] Copying crypto-equality-1.0.0.jar to /home/travis/build/apache/storm/storm-core/target/dependency/crypto-equality-1.0.0.jar
[INFO] Copying tools.macro-0.1.0.jar to /home/travis/build/apache/storm/storm-core/target/dependency/tools.macro-0.1.0.jar
[INFO] Copying jetty-io-7.6.13.v20130916.jar to /home/travis/build/apache/storm/storm-core/target/dependency/jetty-io-7.6.13.v20130916.jar
[INFO] Copying ring-servlet-1.3.1.jar to /home/travis/build/apache/storm/storm-core/target/dependency/ring-servlet-1.3.1.jar
[INFO] Copying minlog-1.3.0.jar to /home/travis/build/apache/storm/storm-core/target/dependency/minlog-1.3.0.jar
[INFO] Copying guava-16.0.1.jar to /home/travis/build/apache/storm/storm-core/target/dependency/guava-16.0.1.jar
[INFO] Copying log4j-over-slf4j-1.6.6.jar to /home/travis/build/apache/storm/storm-core/target/dependency/log4j-over-slf4j-1.6.6.jar
[INFO] Copying curator-framework-2.10.0.jar to /home/travis/build/apache/storm/storm-core/target/dependency/curator-framework-2.10.0.jar
[INFO] Copying snakeyaml-1.11.jar to /home/travis/build/apache/storm/storm-core/target/dependency/snakeyaml-1.11.jar
[INFO] Copying reflectasm-1.10.1.jar to /home/travis/build/apache/storm/storm-core/target/dependency/reflectasm-1.10.1.jar
[INFO] Copying commons-codec-1.6.jar to /home/travis/build/apache/storm/storm-core/target/dependency/commons-codec-1.6.jar
[INFO] Copying cheshire-5.3.1.jar to /home/travis/build/apache/storm/storm-core/target/dependency/cheshire-5.3.1.jar
[INFO] Copying jetty-servlet-7.6.13.v20130916.jar to /home/travis/build/apache/storm/storm-core/target/dependency/jetty-servlet-7.6.13.v20130916.jar
[INFO] Copying commons-io-2.5.jar to /home/travis/build/apache/storm/storm-core/target/dependency/commons-io-2.5.jar
[INFO] Copying curator-recipes-2.10.0.jar to /home/travis/build/apache/storm/storm-core/target/dependency/curator-recipes-2.10.0.jar
[INFO] Copying asm-5.0.3.jar to /home/travis/build/apache/storm/storm-core/target/dependency/asm-5.0.3.jar
[INFO] Copying kryo-3.0.3.jar to /home/travis/build/apache/storm/storm-core/target/dependency/kryo-3.0.3.jar
[INFO] Copying jline-0.9.94.jar to /home/travis/build/apache/storm/storm-core/target/dependency/jline-0.9.94.jar
[INFO] Copying libthrift-0.9.3.jar to /home/travis/build/apache/storm/storm-core/target/dependency/libthrift-0.9.3.jar
[INFO] Copying chill-java-0.8.0.jar to /home/travis/build/apache/storm/storm-core/target/dependency/chill-java-0.8.0.jar
[INFO] Copying commons-fileupload-1.3.2.jar to /home/travis/build/apache/storm/storm-core/target/dependency/commons-fileupload-1.3.2.jar
[INFO] Copying jackson-dataformat-smile-2.6.3.jar to /home/travis/build/apache/storm/storm-core/target/dependency/jackson-dataformat-smile-2.6.3.jar
[INFO] Copying tools.namespace-0.2.4.jar to /home/travis/build/apache/storm/storm-core/target/dependency/tools.namespace-0.2.4.jar
[INFO] Copying zookeeper-3.4.6.jar to /home/travis/build/apache/storm/storm-core/target/dependency/zookeeper-3.4.6.jar
[INFO] Copying xz-1.0.jar to /home/travis/build/apache/storm/storm-core/target/dependency/xz-1.0.jar
[INFO] Copying json-simple-1.1.jar to /home/travis/build/apache/storm/storm-core/target/dependency/json-simple-1.1.jar
[INFO] Copying jetty-continuation-7.6.13.v20130916.jar to /home/travis/build/apache/storm/storm-core/target/dependency/jetty-continuation-7.6.13.v20130916.jar
[INFO] Copying metrics-core-3.1.0.jar to /home/travis/build/apache/storm/storm-core/target/dependency/metrics-core-3.1.0.jar
[INFO] Copying objenesis-2.1.jar to /home/travis/build/apache/storm/storm-core/target/dependency/objenesis-2.1.jar
[INFO] Copying log4j-api-2.1.jar to /home/travis/build/apache/storm/storm-core/target/dependency/log4j-api-2.1.jar
[INFO] Copying httpcore-4.4.1.jar to /home/travis/build/apache/storm/storm-core/target/dependency/httpcore-4.4.1.jar
[INFO] Copying commons-exec-1.1.jar to /home/travis/build/apache/storm/storm-core/target/dependency/commons-exec-1.1.jar
[INFO] Copying hadoop-auth-2.6.1.jar to /home/travis/build/apache/storm/storm-core/target/dependency/hadoop-auth-2.6.1.jar
[INFO] Copying jetty-http-7.6.13.v20130916.jar to /home/travis/build/apache/storm/storm-core/target/dependency/jetty-http-7.6.13.v20130916.jar
[INFO] Copying curator-client-2.10.0.jar to /home/travis/build/apache/storm/storm-core/target/dependency/curator-client-2.10.0.jar
[INFO] Copying clj-time-0.8.0.jar to /home/travis/build/apache/storm/storm-core/target/dependency/clj-time-0.8.0.jar
[INFO] Copying commons-lang-2.5.jar to /home/travis/build/apache/storm/storm-core/target/dependency/commons-lang-2.5.jar
[INFO] Copying metrics-clojure-2.5.1.jar to /home/travis/build/apache/storm/storm-core/target/dependency/metrics-clojure-2.5.1.jar
[INFO] Copying jetty-util-7.6.13.v20130916.jar to /home/travis/build/apache/storm/storm-core/target/dependency/jetty-util-7.6.13.v20130916.jar
[INFO] Copying jetty-servlets-7.6.13.v20130916.jar to /home/travis/build/apache/storm/storm-core/target/dependency/jetty-servlets-7.6.13.v20130916.jar
[INFO] Copying commons-logging-1.1.3.jar to /home/travis/build/apache/storm/storm-core/target/dependency/commons-logging-1.1.3.jar
[INFO] Copying servlet-api-2.5.jar to /home/travis/build/apache/storm/storm-core/target/dependency/servlet-api-2.5.jar
[INFO] Copying ns-tracker-0.2.2.jar to /home/travis/build/apache/storm/storm-core/target/dependency/ns-tracker-0.2.2.jar
[INFO] Copying jetty-client-7.6.13.v20130916.jar to /home/travis/build/apache/storm/storm-core/target/dependency/jetty-client-7.6.13.v20130916.jar
[INFO] Copying slf4j-api-1.7.7.jar to /home/travis/build/apache/storm/storm-core/target/dependency/slf4j-api-1.7.7.jar
[INFO] Copying ring-codec-1.0.0.jar to /home/travis/build/apache/storm/storm-core/target/dependency/ring-codec-1.0.0.jar
[INFO] Copying math.numeric-tower-0.0.1.jar to /home/travis/build/apache/storm/storm-core/target/dependency/math.numeric-tower-0.0.1.jar
[INFO] 
[INFO] --- maven-source-plugin:2.2.1:jar-no-fork (attach-sources) @ storm-core ---
[INFO] Building jar: /home/travis/build/apache/storm/storm-core/target/storm-core-1.0.3-SNAPSHOT-sources.jar
[INFO] 
[INFO] --- maven-jar-plugin:2.6:test-jar (default) @ storm-core ---
[INFO] Building jar: /home/travis/build/apache/storm/storm-core/target/storm-core-1.0.3-SNAPSHOT-tests.jar
[INFO] 
[INFO] --- maven-failsafe-plugin:2.18.1:integration-test (default) @ storm-core ---
[INFO] Tests are skipped.
[INFO] 
[INFO] --- maven-failsafe-plugin:2.18.1:verify (default) @ storm-core ---
[INFO] Tests are skipped.
[INFO] 
[INFO] --- maven-install-plugin:2.4:install (default-install) @ storm-core ---
[INFO] Installing /home/travis/build/apache/storm/storm-core/target/storm-core-1.0.3-SNAPSHOT.jar to /home/travis/.m2/repository/org/apache/storm/storm-core/1.0.3-SNAPSHOT/storm-core-1.0.3-SNAPSHOT.jar
[INFO] Installing /home/travis/build/apache/storm/storm-core/dependency-reduced-pom.xml to /home/travis/.m2/repository/org/apache/storm/storm-core/1.0.3-SNAPSHOT/storm-core-1.0.3-SNAPSHOT.pom
[INFO] Installing /home/travis/build/apache/storm/storm-core/target/storm-core-1.0.3-SNAPSHOT-sources.jar to /home/travis/.m2/repository/org/apache/storm/storm-core/1.0.3-SNAPSHOT/storm-core-1.0.3-SNAPSHOT-sources.jar
[INFO] Installing /home/travis/build/apache/storm/storm-core/target/storm-core-1.0.3-SNAPSHOT-tests.jar to /home/travis/.m2/repository/org/apache/storm/storm-core/1.0.3-SNAPSHOT/storm-core-1.0.3-SNAPSHOT-tests.jar
[INFO]                                                                         
[INFO] ------------------------------------------------------------------------
[INFO] Building storm-rename-hack 1.0.3-SNAPSHOT
[INFO] ------------------------------------------------------------------------
[INFO] 
[INFO] --- maven-clean-plugin:2.4.1:clean (default-clean) @ storm-rename-hack ---
[INFO] 
[INFO] --- maven-remote-resources-plugin:1.2.1:process (default) @ storm-rename-hack ---
[INFO] 
[INFO] --- maven-resources-plugin:2.5:resources (default-resources) @ storm-rename-hack ---
[debug] execute contextualize
[INFO] Using 'UTF-8' encoding to copy filtered resources.
[INFO] skip non existing resourceDirectory /home/travis/build/apache/storm/storm-rename-hack/src/main/resources
[INFO] Copying 3 resources
[INFO] 
[INFO] --- maven-compiler-plugin:3.1:compile (default-compile) @ storm-rename-hack ---
[INFO] Changes detected - recompiling the module!
[INFO] Compiling 9 source files to /home/travis/build/apache/storm/storm-rename-hack/target/classes
[INFO] 
[INFO] --- maven-resources-plugin:2.5:testResources (default-testResources) @ storm-rename-hack ---
[debug] execute contextualize
[INFO] Using 'UTF-8' encoding to copy filtered resources.
[INFO] skip non existing resourceDirectory /home/travis/build/apache/storm/storm-rename-hack/src/test/resources
[INFO] Copying 3 resources
[INFO] 
[INFO] --- maven-compiler-plugin:3.1:testCompile (default-testCompile) @ storm-rename-hack ---
[INFO] No sources to compile
[INFO] 
[INFO] --- maven-surefire-plugin:2.18.1:test (default-test) @ storm-rename-hack ---
[INFO] Tests are skipped.
[INFO] 
[INFO] --- maven-jar-plugin:2.4:jar (default-jar) @ storm-rename-hack ---
[INFO] Building jar: /home/travis/build/apache/storm/storm-rename-hack/target/storm-rename-hack-1.0.3-SNAPSHOT.jar
[INFO] 
[INFO] --- maven-site-plugin:3.3:attach-descriptor (attach-descriptor) @ storm-rename-hack ---
[INFO] 
[INFO] --- maven-shade-plugin:2.4.1:shade (default) @ storm-rename-hack ---
[INFO] Including com.google.guava:guava:jar:16.0.1 in the shaded jar.
[INFO] Including org.ow2.asm:asm:jar:5.0.2 in the shaded jar.
[INFO] Including org.ow2.asm:asm-commons:jar:5.0.2 in the shaded jar.
[INFO] Excluding org.ow2.asm:asm-tree:jar:5.0.2 from the shaded jar.
[INFO] Replacing original artifact with shaded artifact.
[INFO] Replacing /home/travis/build/apache/storm/storm-rename-hack/target/storm-rename-hack-1.0.3-SNAPSHOT.jar with /home/travis/build/apache/storm/storm-rename-hack/target/storm-rename-hack-1.0.3-SNAPSHOT-shaded.jar
[INFO] Dependency-reduced POM written at: /home/travis/build/apache/storm/storm-rename-hack/dependency-reduced-pom.xml
[INFO] Dependency-reduced POM written at: /home/travis/build/apache/storm/storm-rename-hack/dependency-reduced-pom.xml
[INFO] 
[INFO] --- maven-install-plugin:2.4:install (default-install) @ storm-rename-hack ---
[INFO] Installing /home/travis/build/apache/storm/storm-rename-hack/target/storm-rename-hack-1.0.3-SNAPSHOT.jar to /home/travis/.m2/repository/org/apache/storm/storm-rename-hack/1.0.3-SNAPSHOT/storm-rename-hack-1.0.3-SNAPSHOT.jar
[INFO] Installing /home/travis/build/apache/storm/storm-rename-hack/dependency-reduced-pom.xml to /home/travis/.m2/repository/org/apache/storm/storm-rename-hack/1.0.3-SNAPSHOT/storm-rename-hack-1.0.3-SNAPSHOT.pom
[INFO]                                                                         
[INFO] ------------------------------------------------------------------------
[INFO] Building storm-kafka 1.0.3-SNAPSHOT
[INFO] ------------------------------------------------------------------------
[INFO] 
[INFO] --- maven-clean-plugin:2.4.1:clean (default-clean) @ storm-kafka ---
[INFO] 
[INFO] --- jacoco-maven-plugin:0.7.2.201409121644:prepare-agent (jacoco-initialize) @ storm-kafka ---
[INFO] argLine set to -javaagent:/home/travis/.m2/repository/org/jacoco/org.jacoco.agent/0.7.2.201409121644/org.jacoco.agent-0.7.2.201409121644-runtime.jar=destfile=/home/travis/build/apache/storm/external/storm-kafka/target/jacoco.exec
[INFO] 
[INFO] --- maven-remote-resources-plugin:1.2.1:process (default) @ storm-kafka ---
[INFO] 
[INFO] --- maven-resources-plugin:2.5:resources (default-resources) @ storm-kafka ---
[debug] execute contextualize
[INFO] Using 'UTF-8' encoding to copy filtered resources.
[INFO] skip non existing resourceDirectory /home/travis/build/apache/storm/external/storm-kafka/src/main/resources
[INFO] Copying 3 resources
[INFO] 
[INFO] --- maven-compiler-plugin:3.1:compile (default-compile) @ storm-kafka ---
[INFO] Changes detected - recompiling the module!
[INFO] Compiling 56 source files to /home/travis/build/apache/storm/external/storm-kafka/target/classes
[WARNING] /home/travis/build/apache/storm/external/storm-kafka/src/jvm/org/apache/storm/kafka/ZkState.java: Some input files use unchecked or unsafe operations.
[WARNING] /home/travis/build/apache/storm/external/storm-kafka/src/jvm/org/apache/storm/kafka/ZkState.java: Recompile with -Xlint:unchecked for details.
[INFO] 
[INFO] --- maven-resources-plugin:2.5:testResources (default-testResources) @ storm-kafka ---
[debug] execute contextualize
[INFO] Using 'UTF-8' encoding to copy filtered resources.
[INFO] skip non existing resourceDirectory /home/travis/build/apache/storm/external/storm-kafka/src/test/resources
[INFO] Copying 3 resources
[INFO] 
[INFO] --- maven-compiler-plugin:3.1:testCompile (default-testCompile) @ storm-kafka ---
[INFO] Changes detected - recompiling the module!
[INFO] Compiling 12 source files to /home/travis/build/apache/storm/external/storm-kafka/target/test-classes
[WARNING] /home/travis/build/apache/storm/external/storm-kafka/src/test/org/apache/storm/kafka/DynamicBrokersReaderTest.java: Some input files use unchecked or unsafe operations.
[WARNING] /home/travis/build/apache/storm/external/storm-kafka/src/test/org/apache/storm/kafka/DynamicBrokersReaderTest.java: Recompile with -Xlint:unchecked for details.
[INFO] 
[INFO] --- maven-surefire-plugin:2.18.1:test (default-test) @ storm-kafka ---
[INFO] Tests are skipped.
[INFO] 
[INFO] --- jacoco-maven-plugin:0.7.2.201409121644:report (jacoco-report) @ storm-kafka ---
[INFO] Skipping JaCoCo execution due to missing execution data file:/home/travis/build/apache/storm/external/storm-kafka/target/jacoco.exec
[INFO] 
[INFO] --- maven-jar-plugin:2.4:jar (default-jar) @ storm-kafka ---
[INFO] Building jar: /home/travis/build/apache/storm/external/storm-kafka/target/storm-kafka-1.0.3-SNAPSHOT.jar
[INFO] 
[INFO] --- maven-site-plugin:3.3:attach-descriptor (attach-descriptor) @ storm-kafka ---
[INFO] 
[INFO] --- maven-install-plugin:2.4:install (default-install) @ storm-kafka ---
[INFO] Installing /home/travis/build/apache/storm/external/storm-kafka/target/storm-kafka-1.0.3-SNAPSHOT.jar to /home/travis/.m2/repository/org/apache/storm/storm-kafka/1.0.3-SNAPSHOT/storm-kafka-1.0.3-SNAPSHOT.jar
[INFO] Installing /home/travis/build/apache/storm/external/storm-kafka/pom.xml to /home/travis/.m2/repository/org/apache/storm/storm-kafka/1.0.3-SNAPSHOT/storm-kafka-1.0.3-SNAPSHOT.pom
[INFO]                                                                         
[INFO] ------------------------------------------------------------------------
[INFO] Building storm-hdfs 1.0.3-SNAPSHOT
[INFO] ------------------------------------------------------------------------
[INFO] 
[INFO] --- maven-clean-plugin:2.5:clean (default-clean) @ storm-hdfs ---
[INFO] 
[INFO] --- maven-clean-plugin:2.5:clean (cleanup) @ storm-hdfs ---
[INFO] 
[INFO] --- maven-remote-resources-plugin:1.2.1:process (default) @ storm-hdfs ---
[INFO] 
[INFO] --- maven-resources-plugin:2.5:resources (default-resources) @ storm-hdfs ---
[debug] execute contextualize
[INFO] Using 'UTF-8' encoding to copy filtered resources.
[INFO] skip non existing resourceDirectory /home/travis/build/apache/storm/external/storm-hdfs/src/main/resources
[INFO] Copying 3 resources
[INFO] 
[INFO] --- maven-compiler-plugin:2.5.1:compile (default-compile) @ storm-hdfs ---
[INFO] Compiling 58 source files to /home/travis/build/apache/storm/external/storm-hdfs/target/classes
[INFO] 
[INFO] --- maven-resources-plugin:2.5:testResources (default-testResources) @ storm-hdfs ---
[debug] execute contextualize
[INFO] Using 'UTF-8' encoding to copy filtered resources.
[INFO] Copying 2 resources
[INFO] Copying 3 resources
[INFO] 
[INFO] --- maven-compiler-plugin:2.5.1:testCompile (default-testCompile) @ storm-hdfs ---
[INFO] Compiling 18 source files to /home/travis/build/apache/storm/external/storm-hdfs/target/test-classes
[WARNING] /home/travis/build/apache/storm/external/storm-hdfs/src/test/java/org/apache/storm/hdfs/spout/TestHdfsSpout.java:[60,45] NotImplementedException is internal proprietary API and may be removed in a future release
[WARNING] /home/travis/build/apache/storm/external/storm-hdfs/src/test/java/org/apache/storm/hdfs/spout/TestHdfsSpout.java:[60,45] NotImplementedException is internal proprietary API and may be removed in a future release
[WARNING] /home/travis/build/apache/storm/external/storm-hdfs/src/test/java/org/apache/storm/hdfs/spout/TestHdfsSpout.java:[60,45] NotImplementedException is internal proprietary API and may be removed in a future release
[WARNING] /home/travis/build/apache/storm/external/storm-hdfs/src/test/java/org/apache/storm/hdfs/spout/TestHdfsSpout.java:[667,16] NotImplementedException is internal proprietary API and may be removed in a future release
[WARNING] /home/travis/build/apache/storm/external/storm-hdfs/src/test/java/org/apache/storm/hdfs/spout/TestHdfsSpout.java:[672,16] NotImplementedException is internal proprietary API and may be removed in a future release
[INFO] 
[INFO] --- maven-surefire-plugin:2.18.1:test (default-test) @ storm-hdfs ---
[INFO] Tests are skipped.
[INFO] 
[INFO] --- maven-jar-plugin:2.2:jar (default-jar) @ storm-hdfs ---
[INFO] Building jar: /home/travis/build/apache/storm/external/storm-hdfs/target/storm-hdfs-1.0.3-SNAPSHOT.jar
[INFO] 
[INFO] --- maven-site-plugin:3.3:attach-descriptor (attach-descriptor) @ storm-hdfs ---
[INFO] 
[INFO] --- maven-jar-plugin:2.2:test-jar (default) @ storm-hdfs ---
[INFO] Building jar: /home/travis/build/apache/storm/external/storm-hdfs/target/storm-hdfs-1.0.3-SNAPSHOT-tests.jar
[INFO] 
[INFO] --- maven-install-plugin:2.4:install (default-install) @ storm-hdfs ---
[INFO] Installing /home/travis/build/apache/storm/external/storm-hdfs/target/storm-hdfs-1.0.3-SNAPSHOT.jar to /home/travis/.m2/repository/org/apache/storm/storm-hdfs/1.0.3-SNAPSHOT/storm-hdfs-1.0.3-SNAPSHOT.jar
[INFO] Installing /home/travis/build/apache/storm/external/storm-hdfs/pom.xml to /home/travis/.m2/repository/org/apache/storm/storm-hdfs/1.0.3-SNAPSHOT/storm-hdfs-1.0.3-SNAPSHOT.pom
[INFO] Installing /home/travis/build/apache/storm/external/storm-hdfs/target/storm-hdfs-1.0.3-SNAPSHOT-tests.jar to /home/travis/.m2/repository/org/apache/storm/storm-hdfs/1.0.3-SNAPSHOT/storm-hdfs-1.0.3-SNAPSHOT-tests.jar
[INFO]                                                                         
[INFO] ------------------------------------------------------------------------
[INFO] Building storm-hbase 1.0.3-SNAPSHOT
[INFO] ------------------------------------------------------------------------
[INFO] 
[INFO] --- maven-clean-plugin:2.4.1:clean (default-clean) @ storm-hbase ---
[INFO] 
[INFO] --- maven-remote-resources-plugin:1.2.1:process (default) @ storm-hbase ---
[INFO] 
[INFO] --- maven-resources-plugin:2.5:resources (default-resources) @ storm-hbase ---
[debug] execute contextualize
[INFO] Using 'UTF-8' encoding to copy filtered resources.
[INFO] skip non existing resourceDirectory /home/travis/build/apache/storm/external/storm-hbase/src/main/resources
[INFO] Copying 3 resources
[INFO] 
[INFO] --- maven-compiler-plugin:3.1:compile (default-compile) @ storm-hbase ---
[INFO] Changes detected - recompiling the module!
[INFO] Compiling 25 source files to /home/travis/build/apache/storm/external/storm-hbase/target/classes
[WARNING] /home/travis/build/apache/storm/external/storm-hbase/src/main/java/org/apache/storm/hbase/common/HBaseClient.java: Some input files use or override a deprecated API.
[WARNING] /home/travis/build/apache/storm/external/storm-hbase/src/main/java/org/apache/storm/hbase/common/HBaseClient.java: Recompile with -Xlint:deprecation for details.
[WARNING] /home/travis/build/apache/storm/external/storm-hbase/src/main/java/org/apache/storm/hbase/trident/state/HBaseState.java: Some input files use unchecked or unsafe operations.
[WARNING] /home/travis/build/apache/storm/external/storm-hbase/src/main/java/org/apache/storm/hbase/trident/state/HBaseState.java: Recompile with -Xlint:unchecked for details.
[INFO] 
[INFO] --- maven-resources-plugin:2.5:testResources (default-testResources) @ storm-hbase ---
[debug] execute contextualize
[INFO] Using 'UTF-8' encoding to copy filtered resources.
[INFO] skip non existing resourceDirectory /home/travis/build/apache/storm/external/storm-hbase/src/test/resources
[INFO] Copying 3 resources
[INFO] 
[INFO] --- maven-compiler-plugin:3.1:testCompile (default-testCompile) @ storm-hbase ---
[INFO] Changes detected - recompiling the module!
[INFO] Compiling 9 source files to /home/travis/build/apache/storm/external/storm-hbase/target/test-classes
[WARNING] /home/travis/build/apache/storm/external/storm-hbase/src/test/java/org/apache/storm/hbase/topology/WordCountClient.java: /home/travis/build/apache/storm/external/storm-hbase/src/test/java/org/apache/storm/hbase/topology/WordCountClient.java uses or overrides a deprecated API.
[WARNING] /home/travis/build/apache/storm/external/storm-hbase/src/test/java/org/apache/storm/hbase/topology/WordCountClient.java: Recompile with -Xlint:deprecation for details.
[WARNING] /home/travis/build/apache/storm/external/storm-hbase/src/test/java/org/apache/storm/hbase/trident/WordCountTrident.java: /home/travis/build/apache/storm/external/storm-hbase/src/test/java/org/apache/storm/hbase/trident/WordCountTrident.java uses unchecked or unsafe operations.
[WARNING] /home/travis/build/apache/storm/external/storm-hbase/src/test/java/org/apache/storm/hbase/trident/WordCountTrident.java: Recompile with -Xlint:unchecked for details.
[INFO] 
[INFO] --- maven-surefire-plugin:2.18.1:test (default-test) @ storm-hbase ---
[INFO] Tests are skipped.
[INFO] 
[INFO] --- maven-jar-plugin:2.4:jar (default-jar) @ storm-hbase ---
[INFO] Building jar: /home/travis/build/apache/storm/external/storm-hbase/target/storm-hbase-1.0.3-SNAPSHOT.jar
[INFO] 
[INFO] --- maven-site-plugin:3.3:attach-descriptor (attach-descriptor) @ storm-hbase ---
[INFO] 
[INFO] --- maven-install-plugin:2.4:install (default-install) @ storm-hbase ---
[INFO] Installing /home/travis/build/apache/storm/external/storm-hbase/target/storm-hbase-1.0.3-SNAPSHOT.jar to /home/travis/.m2/repository/org/apache/storm/storm-hbase/1.0.3-SNAPSHOT/storm-hbase-1.0.3-SNAPSHOT.jar
[INFO] Installing /home/travis/build/apache/storm/external/storm-hbase/pom.xml to /home/travis/.m2/repository/org/apache/storm/storm-hbase/1.0.3-SNAPSHOT/storm-hbase-1.0.3-SNAPSHOT.pom
[INFO]                                                                         
[INFO] ------------------------------------------------------------------------
[INFO] Building storm-hive 1.0.3-SNAPSHOT
[INFO] ------------------------------------------------------------------------
[INFO] 
[INFO] --- maven-clean-plugin:2.5:clean (default-clean) @ storm-hive ---
[INFO] 
[INFO] --- maven-remote-resources-plugin:1.2.1:process (default) @ storm-hive ---
[INFO] Downloading: https://oss.sonatype.org/content/repositories/releases/org/pentaho/pentaho-aggdesigner-algorithm/5.1.3-jhyde/pentaho-aggdesigner-algorithm-5.1.3-jhyde.pom
[INFO] Downloading: https://repository.apache.org/releases/org/pentaho/pentaho-aggdesigner-algorithm/5.1.3-jhyde/pentaho-aggdesigner-algorithm-5.1.3-jhyde.pom
[INFO] ------------------------------------------------------------------------
[INFO] Reactor Summary:
[INFO] 
[INFO] Storm .............................................. SUCCESS [ 18.827 s]
[INFO] multilang-javascript ............................... SUCCESS [ 10.552 s]
[INFO] multilang-python ................................... SUCCESS [  0.036 s]
[INFO] multilang-ruby ..................................... SUCCESS [  0.057 s]
[INFO] maven-shade-clojure-transformer .................... SUCCESS [  4.935 s]
[INFO] storm-maven-plugins ................................ SUCCESS [  4.984 s]
[INFO] Storm Core ......................................... SUCCESS [01:41 min]
[INFO] storm-rename-hack .................................. SUCCESS [  5.683 s]
[INFO] storm-kafka ........................................ SUCCESS [  1.614 s]
[INFO] storm-hdfs ......................................... SUCCESS [ 17.225 s]
[INFO] storm-hbase ........................................ SUCCESS [  8.005 s]
[INFO] storm-hive ......................................... FAILURE [02:12 min]
[INFO] storm-jdbc ......................................... SKIPPED
[INFO] storm-redis ........................................ SKIPPED
[INFO] storm-eventhubs .................................... SKIPPED
[INFO] flux ............................................... SKIPPED
[INFO] flux-wrappers ...................................... SKIPPED
[INFO] flux-core .......................................... SKIPPED
[INFO] flux-examples ...................................... SKIPPED
[INFO] storm-sql-runtime .................................. SKIPPED
[INFO] storm-sql-core ..................................... SKIPPED
[INFO] storm-sql-kafka .................................... SKIPPED
[INFO] sql ................................................ SKIPPED
[INFO] storm-elasticsearch ................................ SKIPPED
[INFO] storm-solr ......................................... SKIPPED
[INFO] storm-metrics ...................................... SKIPPED
[INFO] storm-cassandra .................................... SKIPPED
[INFO] storm-mqtt-parent .................................. SKIPPED
[INFO] storm-mqtt ......................................... SKIPPED
[INFO] storm-mqtt-examples ................................ SKIPPED
[INFO] storm-mongodb ...................................... SKIPPED
[INFO] storm-starter ...................................... SKIPPED
[INFO] storm-kafka-client ................................. SKIPPED
[INFO] ------------------------------------------------------------------------
[INFO] BUILD FAILURE
[INFO] ------------------------------------------------------------------------
[INFO] Total time: 05:08 min
[INFO] Finished at: 2016-08-23T00:51:26+00:00
[INFO] Final Memory: 110M/425M
[INFO] ------------------------------------------------------------------------
[ERROR] Failed to execute goal org.apache.maven.plugins:maven-remote-resources-plugin:1.2.1:process (default) on project storm-hive: Error resolving project artifact: Could not transfer artifact org.pentaho:pentaho-aggdesigner-algorithm:pom:5.1.3-jhyde from/to sonatype-apache (https://repository.apache.org/releases/): Connect to repository.apache.org:443 [repository.apache.org/207.244.88.143] failed: Connection timed out for project org.pentaho:pentaho-aggdesigner-algorithm:jar:5.1.3-jhyde -> [Help 1]
[ERROR] 
[ERROR] To see the full stack trace of the errors, re-run Maven with the -e switch.
[ERROR] Re-run Maven using the -X switch to enable full debug logging.
[ERROR] 
[ERROR] For more information about the errors and possible solutions, please read the following articles:
[ERROR] [Help 1] http://cwiki.apache.org/confluence/display/MAVEN/MojoExecutionException
[ERROR] 
[ERROR] After correcting the problems, you can resume the build with the command
[ERROR]   mvn <goals> -rf :storm-hive
Looking for unapproved licenses

travis_time:end:142b8e3d:start=1471913175574683949,finish=1471913489660420290,duration=314085736341[0K
[31;1mThe command "/bin/bash ./dev-tools/travis/travis-install.sh `pwd`" failed and exited with 1 during .[0m

Your build has been stopped.
