Using worker: worker-linux-docker-efe18917.prod.travis-ci.org:travis-linux-10

travis_fold:start:system_info[0K[33;1mBuild system information[0m
Build language: java
Build group: stable
Build dist: precise
Build id: 155868951
Job id: 155868952
travis-build version: dfcc6fb25
[34m[1mBuild image provisioning date and time[0m
Thu Feb  5 15:09:33 UTC 2015
[34m[1mOperating System Details[0m
Distributor ID:	Ubuntu
Description:	Ubuntu 12.04.5 LTS
Release:	12.04
Codename:	precise
[34m[1mLinux Version[0m
3.13.0-29-generic
[34m[1mCookbooks Version[0m
a68419e https://github.com/travis-ci/travis-cookbooks/tree/a68419e
[34m[1mGCC version[0m
gcc (Ubuntu/Linaro 4.6.3-1ubuntu5) 4.6.3
Copyright (C) 2011 Free Software Foundation, Inc.
This is free software; see the source for copying conditions.  There is NO
warranty; not even for MERCHANTABILITY or FITNESS FOR A PARTICULAR PURPOSE.

[34m[1mLLVM version[0m
clang version 3.4 (tags/RELEASE_34/final)
Target: x86_64-unknown-linux-gnu
Thread model: posix
[34m[1mPre-installed Ruby versions[0m
ruby-1.9.3-p551
[34m[1mPre-installed Node.js versions[0m
v0.10.36
[34m[1mPre-installed Go versions[0m
1.4.1
[34m[1mRedis version[0m
redis-server 2.8.19
[34m[1mriak version[0m
2.0.2
[34m[1mMongoDB version[0m
MongoDB 2.4.12
[34m[1mCouchDB version[0m
couchdb 1.6.1
[34m[1mNeo4j version[0m
1.9.4
[34m[1mRabbitMQ Version[0m
3.4.3
[34m[1mElasticSearch version[0m
1.4.0
[34m[1mInstalled Sphinx versions[0m
2.0.10
2.1.9
2.2.6
[34m[1mDefault Sphinx version[0m
2.2.6
[34m[1mInstalled Firefox version[0m
firefox 31.0esr
[34m[1mPhantomJS version[0m
1.9.8
[34m[1mant -version[0m
Apache Ant(TM) version 1.8.2 compiled on December 3 2011
[34m[1mmvn -version[0m
Apache Maven 3.2.5 (12a6b3acb947671f09b81f49094c53f426d8cea1; 2014-12-14T17:29:23+00:00)
Maven home: /usr/local/maven
Java version: 1.7.0_76, vendor: Oracle Corporation
Java home: /usr/lib/jvm/java-7-oracle/jre
Default locale: en_US, platform encoding: ANSI_X3.4-1968
OS name: "linux", version: "3.13.0-29-generic", arch: "amd64", family: "unix"
travis_fold:end:system_info[0K
travis_fold:start:fix.CVE-2015-7547[0K$ export DEBIAN_FRONTEND=noninteractive
W: Size of file /var/lib/apt/lists/us.archive.ubuntu.com_ubuntu_dists_precise-backports_multiverse_source_Sources.gz is not what the server reported 5886 5888
W: Size of file /var/lib/apt/lists/ppa.launchpad.net_ubuntugis_ppa_ubuntu_dists_precise_main_binary-amd64_Packages.gz is not what the server reported 33653 36677
W: Size of file /var/lib/apt/lists/ppa.launchpad.net_ubuntugis_ppa_ubuntu_dists_precise_main_binary-i386_Packages.gz is not what the server reported 33699 36733
Reading package lists...
Building dependency tree...
Reading state information...
The following extra packages will be installed:
  libc-bin libc-dev-bin libc6-dev
Suggested packages:
  glibc-doc
The following packages will be upgraded:
  libc-bin libc-dev-bin libc6 libc6-dev
4 upgraded, 0 newly installed, 0 to remove and 258 not upgraded.
Need to get 8,840 kB of archives.
After this operation, 14.3 kB disk space will be freed.
Get:1 http://us.archive.ubuntu.com/ubuntu/ precise-updates/main libc6-dev amd64 2.15-0ubuntu10.15 [2,943 kB]
Get:2 http://us.archive.ubuntu.com/ubuntu/ precise-updates/main libc-dev-bin amd64 2.15-0ubuntu10.15 [84.7 kB]
Get:3 http://us.archive.ubuntu.com/ubuntu/ precise-updates/main libc-bin amd64 2.15-0ubuntu10.15 [1,177 kB]
Get:4 http://us.archive.ubuntu.com/ubuntu/ precise-updates/main libc6 amd64 2.15-0ubuntu10.15 [4,636 kB]
Fetched 8,840 kB in 0s (28.7 MB/s)
Preconfiguring packages ...
(Reading database ... (Reading database ... 5%(Reading database ... 10%(Reading database ... 15%(Reading database ... 20%(Reading database ... 25%(Reading database ... 30%(Reading database ... 35%(Reading database ... 40%(Reading database ... 45%(Reading database ... 50%(Reading database ... 55%(Reading database ... 60%(Reading database ... 65%(Reading database ... 70%(Reading database ... 75%(Reading database ... 80%(Reading database ... 85%(Reading database ... 90%(Reading database ... 95%(Reading database ... 100%(Reading database ... 72019 files and directories currently installed.)
Preparing to replace libc6-dev 2.15-0ubuntu10.10 (using .../libc6-dev_2.15-0ubuntu10.15_amd64.deb) ...
Unpacking replacement libc6-dev ...
Preparing to replace libc-dev-bin 2.15-0ubuntu10.10 (using .../libc-dev-bin_2.15-0ubuntu10.15_amd64.deb) ...
Unpacking replacement libc-dev-bin ...
Preparing to replace libc-bin 2.15-0ubuntu10.10 (using .../libc-bin_2.15-0ubuntu10.15_amd64.deb) ...
Unpacking replacement libc-bin ...
Processing triggers for man-db ...
Setting up libc-bin (2.15-0ubuntu10.15) ...
(Reading database ... (Reading database ... 5%(Reading database ... 10%(Reading database ... 15%(Reading database ... 20%(Reading database ... 25%(Reading database ... 30%(Reading database ... 35%(Reading database ... 40%(Reading database ... 45%(Reading database ... 50%(Reading database ... 55%(Reading database ... 60%(Reading database ... 65%(Reading database ... 70%(Reading database ... 75%(Reading database ... 80%(Reading database ... 85%(Reading database ... 90%(Reading database ... 95%(Reading database ... 100%(Reading database ... 72018 files and directories currently installed.)
Preparing to replace libc6 2.15-0ubuntu10.10 (using .../libc6_2.15-0ubuntu10.15_amd64.deb) ...
Unpacking replacement libc6 ...
Setting up libc6 (2.15-0ubuntu10.15) ...
Setting up libc-dev-bin (2.15-0ubuntu10.15) ...
Setting up libc6-dev (2.15-0ubuntu10.15) ...
Processing triggers for libc-bin ...
ldconfig deferred processing now taking place
travis_fold:end:fix.CVE-2015-7547[0Ktravis_fold:start:git.checkout[0Ktravis_time:start:048e0964[0K$ git clone --depth=50 https://github.com/apache/storm.git apache/storm
Cloning into 'apache/storm'...
remote: Counting objects: 23891, done.[K
remote: Compressing objects:   0% (1/9580)   [Kremote: Compressing objects:   1% (96/9580)   [Kremote: Compressing objects:   2% (192/9580)   [Kremote: Compressing objects:   3% (288/9580)   [Kremote: Compressing objects:   4% (384/9580)   [Kremote: Compressing objects:   5% (479/9580)   [Kremote: Compressing objects:   6% (575/9580)   [Kremote: Compressing objects:   7% (671/9580)   [Kremote: Compressing objects:   8% (767/9580)   [Kremote: Compressing objects:   9% (863/9580)   [Kremote: Compressing objects:  10% (958/9580)   [Kremote: Compressing objects:  11% (1054/9580)   [Kremote: Compressing objects:  12% (1150/9580)   [Kremote: Compressing objects:  13% (1246/9580)   [Kremote: Compressing objects:  14% (1342/9580)   [Kremote: Compressing objects:  15% (1437/9580)   [Kremote: Compressing objects:  16% (1533/9580)   [Kremote: Compressing objects:  17% (1629/9580)   [Kremote: Compressing objects:  18% (1725/9580)   [Kremote: Compressing objects:  19% (1821/9580)   [Kremote: Compressing objects:  20% (1916/9580)   [Kremote: Compressing objects:  21% (2012/9580)   [Kremote: Compressing objects:  22% (2108/9580)   [Kremote: Compressing objects:  23% (2204/9580)   [Kremote: Compressing objects:  24% (2300/9580)   [Kremote: Compressing objects:  25% (2395/9580)   [Kremote: Compressing objects:  26% (2491/9580)   [Kremote: Compressing objects:  27% (2587/9580)   [Kremote: Compressing objects:  28% (2683/9580)   [Kremote: Compressing objects:  29% (2779/9580)   [Kremote: Compressing objects:  30% (2874/9580)   [Kremote: Compressing objects:  31% (2970/9580)   [Kremote: Compressing objects:  32% (3066/9580)   [Kremote: Compressing objects:  33% (3162/9580)   [Kremote: Compressing objects:  34% (3258/9580)   [Kremote: Compressing objects:  35% (3353/9580)   [Kremote: Compressing objects:  36% (3449/9580)   [Kremote: Compressing objects:  37% (3545/9580)   [Kremote: Compressing objects:  38% (3641/9580)   [Kremote: Compressing objects:  39% (3737/9580)   [Kremote: Compressing objects:  40% (3832/9580)   [Kremote: Compressing objects:  41% (3928/9580)   [Kremote: Compressing objects:  42% (4024/9580)   [Kremote: Compressing objects:  43% (4120/9580)   [Kremote: Compressing objects:  44% (4216/9580)   [Kremote: Compressing objects:  45% (4311/9580)   [Kremote: Compressing objects:  46% (4407/9580)   [Kremote: Compressing objects:  47% (4503/9580)   [Kremote: Compressing objects:  48% (4599/9580)   [Kremote: Compressing objects:  49% (4695/9580)   [Kremote: Compressing objects:  50% (4790/9580)   [Kremote: Compressing objects:  51% (4886/9580)   [Kremote: Compressing objects:  52% (4982/9580)   [Kremote: Compressing objects:  53% (5078/9580)   [Kremote: Compressing objects:  54% (5174/9580)   [Kremote: Compressing objects:  55% (5269/9580)   [Kremote: Compressing objects:  56% (5365/9580)   [Kremote: Compressing objects:  57% (5461/9580)   [Kremote: Compressing objects:  58% (5557/9580)   [Kremote: Compressing objects:  59% (5653/9580)   [Kremote: Compressing objects:  60% (5748/9580)   [Kremote: Compressing objects:  61% (5844/9580)   [Kremote: Compressing objects:  62% (5940/9580)   [Kremote: Compressing objects:  63% (6036/9580)   [Kremote: Compressing objects:  64% (6132/9580)   [Kremote: Compressing objects:  65% (6227/9580)   [Kremote: Compressing objects:  66% (6323/9580)   [Kremote: Compressing objects:  67% (6419/9580)   [Kremote: Compressing objects:  68% (6515/9580)   [Kremote: Compressing objects:  69% (6611/9580)   [Kremote: Compressing objects:  70% (6706/9580)   [Kremote: Compressing objects:  71% (6802/9580)   [Kremote: Compressing objects:  72% (6898/9580)   [Kremote: Compressing objects:  73% (6994/9580)   [Kremote: Compressing objects:  74% (7090/9580)   [Kremote: Compressing objects:  75% (7185/9580)   [Kremote: Compressing objects:  76% (7281/9580)   [Kremote: Compressing objects:  77% (7377/9580)   [Kremote: Compressing objects:  78% (7473/9580)   [Kremote: Compressing objects:  79% (7569/9580)   [Kremote: Compressing objects:  80% (7664/9580)   [Kremote: Compressing objects:  81% (7760/9580)   [Kremote: Compressing objects:  82% (7856/9580)   [Kremote: Compressing objects:  83% (7952/9580)   [Kremote: Compressing objects:  84% (8048/9580)   [Kremote: Compressing objects:  85% (8143/9580)   [Kremote: Compressing objects:  86% (8239/9580)   [Kremote: Compressing objects:  87% (8335/9580)   [Kremote: Compressing objects:  88% (8431/9580)   [Kremote: Compressing objects:  89% (8527/9580)   [Kremote: Compressing objects:  90% (8622/9580)   [Kremote: Compressing objects:  91% (8718/9580)   [Kremote: Compressing objects:  92% (8814/9580)   [Kremote: Compressing objects:  93% (8910/9580)   [Kremote: Compressing objects:  94% (9006/9580)   [Kremote: Compressing objects:  95% (9101/9580)   [Kremote: Compressing objects:  96% (9197/9580)   [Kremote: Compressing objects:  97% (9293/9580)   [Kremote: Compressing objects:  98% (9389/9580)   [Kremote: Compressing objects:  99% (9485/9580)   [Kremote: Compressing objects: 100% (9580/9580)   [Kremote: Compressing objects: 100% (9580/9580), done.[K
Receiving objects:   0% (1/23891)   Receiving objects:   1% (239/23891)   Receiving objects:   2% (478/23891)   Receiving objects:   3% (717/23891)   Receiving objects:   4% (956/23891)   Receiving objects:   5% (1195/23891)   Receiving objects:   6% (1434/23891)   Receiving objects:   7% (1673/23891)   Receiving objects:   8% (1912/23891)   Receiving objects:   9% (2151/23891)   Receiving objects:  10% (2390/23891)   Receiving objects:  11% (2629/23891)   Receiving objects:  12% (2867/23891)   Receiving objects:  13% (3106/23891)   Receiving objects:  14% (3345/23891)   Receiving objects:  15% (3584/23891)   Receiving objects:  16% (3823/23891)   Receiving objects:  17% (4062/23891)   Receiving objects:  18% (4301/23891)   Receiving objects:  19% (4540/23891)   Receiving objects:  20% (4779/23891)   Receiving objects:  21% (5018/23891)   Receiving objects:  22% (5257/23891)   Receiving objects:  23% (5495/23891)   Receiving objects:  24% (5734/23891)   Receiving objects:  25% (5973/23891)   Receiving objects:  26% (6212/23891)   Receiving objects:  27% (6451/23891)   Receiving objects:  28% (6690/23891)   Receiving objects:  29% (6929/23891)   Receiving objects:  30% (7168/23891)   Receiving objects:  31% (7407/23891)   Receiving objects:  32% (7646/23891)   Receiving objects:  33% (7885/23891), 10.67 MiB | 21.29 MiB/s   Receiving objects:  34% (8123/23891), 10.67 MiB | 21.29 MiB/s   Receiving objects:  35% (8362/23891), 10.67 MiB | 21.29 MiB/s   Receiving objects:  36% (8601/23891), 10.67 MiB | 21.29 MiB/s   Receiving objects:  37% (8840/23891), 10.67 MiB | 21.29 MiB/s   Receiving objects:  38% (9079/23891), 10.67 MiB | 21.29 MiB/s   Receiving objects:  39% (9318/23891), 10.67 MiB | 21.29 MiB/s   Receiving objects:  40% (9557/23891), 10.67 MiB | 21.29 MiB/s   Receiving objects:  41% (9796/23891), 10.67 MiB | 21.29 MiB/s   Receiving objects:  42% (10035/23891), 10.67 MiB | 21.29 MiB/s   Receiving objects:  43% (10274/23891), 10.67 MiB | 21.29 MiB/s   Receiving objects:  44% (10513/23891), 10.67 MiB | 21.29 MiB/s   Receiving objects:  45% (10751/23891), 10.67 MiB | 21.29 MiB/s   Receiving objects:  46% (10990/23891), 10.67 MiB | 21.29 MiB/s   Receiving objects:  47% (11229/23891), 10.67 MiB | 21.29 MiB/s   Receiving objects:  48% (11468/23891), 10.67 MiB | 21.29 MiB/s   Receiving objects:  49% (11707/23891), 10.67 MiB | 21.29 MiB/s   Receiving objects:  50% (11946/23891), 10.67 MiB | 21.29 MiB/s   Receiving objects:  51% (12185/23891), 10.67 MiB | 21.29 MiB/s   Receiving objects:  52% (12424/23891), 10.67 MiB | 21.29 MiB/s   Receiving objects:  53% (12663/23891), 10.67 MiB | 21.29 MiB/s   Receiving objects:  54% (12902/23891), 10.67 MiB | 21.29 MiB/s   Receiving objects:  55% (13141/23891), 10.67 MiB | 21.29 MiB/s   Receiving objects:  56% (13379/23891), 10.67 MiB | 21.29 MiB/s   Receiving objects:  57% (13618/23891), 10.67 MiB | 21.29 MiB/s   Receiving objects:  58% (13857/23891), 10.67 MiB | 21.29 MiB/s   Receiving objects:  59% (14096/23891), 10.67 MiB | 21.29 MiB/s   Receiving objects:  60% (14335/23891), 10.67 MiB | 21.29 MiB/s   Receiving objects:  61% (14574/23891), 10.67 MiB | 21.29 MiB/s   Receiving objects:  62% (14813/23891), 10.67 MiB | 21.29 MiB/s   Receiving objects:  63% (15052/23891), 10.67 MiB | 21.29 MiB/s   Receiving objects:  64% (15291/23891), 10.67 MiB | 21.29 MiB/s   Receiving objects:  65% (15530/23891), 10.67 MiB | 21.29 MiB/s   Receiving objects:  66% (15769/23891), 10.67 MiB | 21.29 MiB/s   Receiving objects:  67% (16007/23891), 10.67 MiB | 21.29 MiB/s   Receiving objects:  68% (16246/23891), 10.67 MiB | 21.29 MiB/s   Receiving objects:  69% (16485/23891), 10.67 MiB | 21.29 MiB/s   Receiving objects:  70% (16724/23891), 10.67 MiB | 21.29 MiB/s   Receiving objects:  71% (16963/23891), 10.67 MiB | 21.29 MiB/s   Receiving objects:  72% (17202/23891), 10.67 MiB | 21.29 MiB/s   Receiving objects:  73% (17441/23891), 10.67 MiB | 21.29 MiB/s   Receiving objects:  74% (17680/23891), 10.67 MiB | 21.29 MiB/s   Receiving objects:  75% (17919/23891), 10.67 MiB | 21.29 MiB/s   Receiving objects:  76% (18158/23891), 10.67 MiB | 21.29 MiB/s   Receiving objects:  77% (18397/23891), 10.67 MiB | 21.29 MiB/s   Receiving objects:  78% (18635/23891), 10.67 MiB | 21.29 MiB/s   Receiving objects:  79% (18874/23891), 10.67 MiB | 21.29 MiB/s   Receiving objects:  80% (19113/23891), 10.67 MiB | 21.29 MiB/s   Receiving objects:  81% (19352/23891), 10.67 MiB | 21.29 MiB/s   Receiving objects:  82% (19591/23891), 10.67 MiB | 21.29 MiB/s   Receiving objects:  83% (19830/23891), 10.67 MiB | 21.29 MiB/s   Receiving objects:  84% (20069/23891), 10.67 MiB | 21.29 MiB/s   Receiving objects:  85% (20308/23891), 10.67 MiB | 21.29 MiB/s   Receiving objects:  86% (20547/23891), 10.67 MiB | 21.29 MiB/s   Receiving objects:  87% (20786/23891), 10.67 MiB | 21.29 MiB/s   Receiving objects:  88% (21025/23891), 10.67 MiB | 21.29 MiB/s   Receiving objects:  89% (21263/23891), 10.67 MiB | 21.29 MiB/s   Receiving objects:  90% (21502/23891), 10.67 MiB | 21.29 MiB/s   Receiving objects:  91% (21741/23891), 10.67 MiB | 21.29 MiB/s   Receiving objects:  92% (21980/23891), 10.67 MiB | 21.29 MiB/s   Receiving objects:  93% (22219/23891), 10.67 MiB | 21.29 MiB/s   Receiving objects:  94% (22458/23891), 10.67 MiB | 21.29 MiB/s   Receiving objects:  95% (22697/23891), 10.67 MiB | 21.29 MiB/s   Receiving objects:  96% (22936/23891), 10.67 MiB | 21.29 MiB/s   Receiving objects:  97% (23175/23891), 10.67 MiB | 21.29 MiB/s   Receiving objects:  98% (23414/23891), 10.67 MiB | 21.29 MiB/s   Receiving objects:  99% (23653/23891), 10.67 MiB | 21.29 MiB/s   remote: Total 23891 (delta 11441), reused 20964 (delta 9092), pack-reused 0[K
Receiving objects: 100% (23891/23891), 10.67 MiB | 21.29 MiB/s   Receiving objects: 100% (23891/23891), 18.72 MiB | 21.29 MiB/s, done.
Resolving deltas:   0% (0/11441)   Resolving deltas:   1% (121/11441)   Resolving deltas:   2% (230/11441)   Resolving deltas:   3% (347/11441)   Resolving deltas:   4% (458/11441)   Resolving deltas:   5% (573/11441)   Resolving deltas:   6% (687/11441)   Resolving deltas:   7% (803/11441)   Resolving deltas:   8% (957/11441)   Resolving deltas:   9% (1034/11441)   Resolving deltas:  10% (1191/11441)   Resolving deltas:  11% (1266/11441)   Resolving deltas:  12% (1374/11441)   Resolving deltas:  13% (1488/11441)   Resolving deltas:  14% (1605/11441)   Resolving deltas:  15% (1732/11441)   Resolving deltas:  16% (1832/11441)   Resolving deltas:  17% (1945/11441)   Resolving deltas:  18% (2061/11441)   Resolving deltas:  19% (2179/11441)   Resolving deltas:  20% (2300/11441)   Resolving deltas:  21% (2404/11441)   Resolving deltas:  22% (2540/11441)   Resolving deltas:  23% (2635/11441)   Resolving deltas:  24% (2747/11441)   Resolving deltas:  25% (2884/11441)   Resolving deltas:  26% (2979/11441)   Resolving deltas:  27% (3126/11441)   Resolving deltas:  28% (3205/11441)   Resolving deltas:  29% (3320/11441)   Resolving deltas:  30% (3450/11441)   Resolving deltas:  31% (3576/11441)   Resolving deltas:  32% (3662/11441)   Resolving deltas:  33% (3778/11441)   Resolving deltas:  34% (3892/11441)   Resolving deltas:  35% (4006/11441)   Resolving deltas:  36% (4119/11441)   Resolving deltas:  37% (4243/11441)   Resolving deltas:  38% (4355/11441)   Resolving deltas:  39% (4473/11441)   Resolving deltas:  40% (4577/11441)   Resolving deltas:  41% (4698/11441)   Resolving deltas:  42% (4813/11441)   Resolving deltas:  43% (4920/11441)   Resolving deltas:  44% (5066/11441)   Resolving deltas:  45% (5149/11441)   Resolving deltas:  46% (5265/11441)   Resolving deltas:  47% (5381/11441)   Resolving deltas:  48% (5502/11441)   Resolving deltas:  49% (5635/11441)   Resolving deltas:  50% (5721/11441)   Resolving deltas:  51% (5882/11441)   Resolving deltas:  52% (6012/11441)   Resolving deltas:  53% (6064/11441)   Resolving deltas:  54% (6181/11441)   Resolving deltas:  55% (6293/11441)   Resolving deltas:  57% (6541/11441)   Resolving deltas:  58% (6669/11441)   Resolving deltas:  59% (6811/11441)   Resolving deltas:  62% (7153/11441)   Resolving deltas:  63% (7258/11441)   Resolving deltas:  64% (7330/11441)   Resolving deltas:  65% (7513/11441)   Resolving deltas:  66% (7552/11441)   Resolving deltas:  67% (7668/11441)   Resolving deltas:  68% (7780/11441)   Resolving deltas:  70% (8034/11441)   Resolving deltas:  71% (8187/11441)   Resolving deltas:  74% (8483/11441)   Resolving deltas:  75% (8600/11441)   Resolving deltas:  76% (8740/11441)   Resolving deltas:  77% (8821/11441)   Resolving deltas:  78% (8924/11441)   Resolving deltas:  79% (9042/11441)   Resolving deltas:  80% (9155/11441)   Resolving deltas:  81% (9293/11441)   Resolving deltas:  82% (9382/11441)   Resolving deltas:  83% (9498/11441)   Resolving deltas:  85% (9756/11441)   Resolving deltas:  86% (9881/11441)   Resolving deltas:  87% (9961/11441)   Resolving deltas:  88% (10083/11441)   Resolving deltas:  89% (10189/11441)   Resolving deltas:  90% (10315/11441)   Resolving deltas:  91% (10412/11441)   Resolving deltas:  92% (10528/11441)   Resolving deltas:  93% (10644/11441)   Resolving deltas:  94% (10757/11441)   Resolving deltas:  95% (10891/11441)   Resolving deltas:  96% (10985/11441)   Resolving deltas:  97% (11098/11441)   Resolving deltas:  98% (11263/11441)   Resolving deltas:  99% (11327/11441)   Resolving deltas: 100% (11441/11441)   Resolving deltas: 100% (11441/11441), done.
Checking connectivity... done.

travis_time:end:048e0964:start=1472457228669884820,finish=1472457231718285230,duration=3048400410[0K$ cd apache/storm
travis_time:start:16f65539[0K$ git fetch origin +refs/pull/1417/merge:
remote: Counting objects: 110, done.[K
remote: Compressing objects:   2% (1/35)   [Kremote: Compressing objects:   5% (2/35)   [Kremote: Compressing objects:   8% (3/35)   [Kremote: Compressing objects:  11% (4/35)   [Kremote: Compressing objects:  14% (5/35)   [Kremote: Compressing objects:  17% (6/35)   [Kremote: Compressing objects:  20% (7/35)   [Kremote: Compressing objects:  22% (8/35)   [Kremote: Compressing objects:  25% (9/35)   [Kremote: Compressing objects:  28% (10/35)   [Kremote: Compressing objects:  31% (11/35)   [Kremote: Compressing objects:  34% (12/35)   [Kremote: Compressing objects:  37% (13/35)   [Kremote: Compressing objects:  40% (14/35)   [Kremote: Compressing objects:  42% (15/35)   [Kremote: Compressing objects:  45% (16/35)   [Kremote: Compressing objects:  48% (17/35)   [Kremote: Compressing objects:  51% (18/35)   [Kremote: Compressing objects:  54% (19/35)   [Kremote: Compressing objects:  57% (20/35)   [Kremote: Compressing objects:  60% (21/35)   [Kremote: Compressing objects:  62% (22/35)   [Kremote: Compressing objects:  65% (23/35)   [Kremote: Compressing objects:  68% (24/35)   [Kremote: Compressing objects:  71% (25/35)   [Kremote: Compressing objects:  74% (26/35)   [Kremote: Compressing objects:  77% (27/35)   [Kremote: Compressing objects:  80% (28/35)   [Kremote: Compressing objects:  82% (29/35)   [Kremote: Compressing objects:  85% (30/35)   [Kremote: Compressing objects:  88% (31/35)   [Kremote: Compressing objects:  91% (32/35)   [Kremote: Compressing objects:  94% (33/35)   [Kremote: Compressing objects:  97% (34/35)   [Kremote: Compressing objects: 100% (35/35)   [Kremote: Compressing objects: 100% (35/35), done.[K
remote: Total 110 (delta 37), reused 101 (delta 29), pack-reused 0[K
Receiving objects:   0% (1/110)   Receiving objects:   1% (2/110)   Receiving objects:   2% (3/110)   Receiving objects:   3% (4/110)   Receiving objects:   4% (5/110)   Receiving objects:   5% (6/110)   Receiving objects:   6% (7/110)   Receiving objects:   7% (8/110)   Receiving objects:   8% (9/110)   Receiving objects:   9% (10/110)   Receiving objects:  10% (11/110)   Receiving objects:  11% (13/110)   Receiving objects:  12% (14/110)   Receiving objects:  13% (15/110)   Receiving objects:  14% (16/110)   Receiving objects:  15% (17/110)   Receiving objects:  16% (18/110)   Receiving objects:  17% (19/110)   Receiving objects:  18% (20/110)   Receiving objects:  19% (21/110)   Receiving objects:  20% (22/110)   Receiving objects:  21% (24/110)   Receiving objects:  22% (25/110)   Receiving objects:  23% (26/110)   Receiving objects:  24% (27/110)   Receiving objects:  25% (28/110)   Receiving objects:  26% (29/110)   Receiving objects:  27% (30/110)   Receiving objects:  28% (31/110)   Receiving objects:  29% (32/110)   Receiving objects:  30% (33/110)   Receiving objects:  31% (35/110)   Receiving objects:  32% (36/110)   Receiving objects:  33% (37/110)   Receiving objects:  34% (38/110)   Receiving objects:  35% (39/110)   Receiving objects:  36% (40/110)   Receiving objects:  37% (41/110)   Receiving objects:  38% (42/110)   Receiving objects:  39% (43/110)   Receiving objects:  40% (44/110)   Receiving objects:  41% (46/110)   Receiving objects:  42% (47/110)   Receiving objects:  43% (48/110)   Receiving objects:  44% (49/110)   Receiving objects:  45% (50/110)   Receiving objects:  46% (51/110)   Receiving objects:  47% (52/110)   Receiving objects:  48% (53/110)   Receiving objects:  49% (54/110)   Receiving objects:  50% (55/110)   Receiving objects:  51% (57/110)   Receiving objects:  52% (58/110)   Receiving objects:  53% (59/110)   Receiving objects:  54% (60/110)   Receiving objects:  55% (61/110)   Receiving objects:  56% (62/110)   Receiving objects:  57% (63/110)   Receiving objects:  58% (64/110)   Receiving objects:  59% (65/110)   Receiving objects:  60% (66/110)   Receiving objects:  61% (68/110)   Receiving objects:  62% (69/110)   Receiving objects:  63% (70/110)   Receiving objects:  64% (71/110)   Receiving objects:  65% (72/110)   Receiving objects:  66% (73/110)   Receiving objects:  67% (74/110)   Receiving objects:  68% (75/110)   Receiving objects:  69% (76/110)   Receiving objects:  70% (77/110)   Receiving objects:  71% (79/110)   Receiving objects:  72% (80/110)   Receiving objects:  73% (81/110)   Receiving objects:  74% (82/110)   Receiving objects:  75% (83/110)   Receiving objects:  76% (84/110)   Receiving objects:  77% (85/110)   Receiving objects:  78% (86/110)   Receiving objects:  79% (87/110)   Receiving objects:  80% (88/110)   Receiving objects:  81% (90/110)   Receiving objects:  82% (91/110)   Receiving objects:  83% (92/110)   Receiving objects:  84% (93/110)   Receiving objects:  85% (94/110)   Receiving objects:  86% (95/110)   Receiving objects:  87% (96/110)   Receiving objects:  88% (97/110)   Receiving objects:  89% (98/110)   Receiving objects:  90% (99/110)   Receiving objects:  91% (101/110)   Receiving objects:  92% (102/110)   Receiving objects:  93% (103/110)   Receiving objects:  94% (104/110)   Receiving objects:  95% (105/110)   Receiving objects:  96% (106/110)   Receiving objects:  97% (107/110)   Receiving objects:  98% (108/110)   Receiving objects:  99% (109/110)   Receiving objects: 100% (110/110)   Receiving objects: 100% (110/110), 14.51 KiB | 0 bytes/s, done.
Resolving deltas:   0% (0/37)   Resolving deltas:   8% (3/37)   Resolving deltas:  10% (4/37)   Resolving deltas:  16% (6/37)   Resolving deltas:  27% (10/37)   Resolving deltas:  37% (14/37)   Resolving deltas:  40% (15/37)   Resolving deltas:  43% (16/37)   Resolving deltas:  54% (20/37)   Resolving deltas:  64% (24/37)   Resolving deltas:  67% (25/37)   Resolving deltas:  75% (28/37)   Resolving deltas:  81% (30/37)   Resolving deltas:  89% (33/37)   Resolving deltas:  97% (36/37)   Resolving deltas: 100% (37/37)   Resolving deltas: 100% (37/37), completed with 12 local objects.
From https://github.com/apache/storm
 * branch            refs/pull/1417/merge -> FETCH_HEAD

travis_time:end:16f65539:start=1472457231722449734,finish=1472457232189422354,duration=466972620[0K$ git checkout -qf FETCH_HEAD
travis_fold:end:git.checkout[0K
[33;1mThis job is running on container-based infrastructure, which does not allow use of 'sudo', setuid and setguid executables.[0m
[33;1mIf you require sudo, add 'sudo: required' to your .travis.yml[0m
[33;1mSee https://docs.travis-ci.com/user/workers/container-based-infrastructure/ for details.[0m

[33;1mSetting environment variables from .travis.yml[0m
$ export MODULES=storm-core

$ jdk_switcher use oraclejdk8
Switching to Oracle JDK8 (java-8-oracle), JAVA_HOME will be set to /usr/lib/jvm/java-8-oracle
travis_fold:start:cache.1[0KSetting up build cache
$ export CASHER_DIR=$HOME/.casher
travis_time:start:12ff1ec6[0K$ Installing caching utilities

travis_time:end:12ff1ec6:start=1472457234796435746,finish=1472457234860594990,duration=64159244[0Ktravis_time:start:25dc810b[0K
travis_time:end:25dc810b:start=1472457234865987166,finish=1472457234869905598,duration=3918432[0Ktravis_time:start:037d3e73[0K[32;1mattempting to download cache archive[0m
[32;1mfetching PR.1417/cache-linux-precise-4722ea394922d42b2b7eb84cff6efc764d76759821ac6f6efc13232aa923f595--jdk-oraclejdk8.tgz[0m
[32;1mfetching PR.1417/cache--jdk-oraclejdk8.tgz[0m
[32;1mfetching master/cache-linux-precise-4722ea394922d42b2b7eb84cff6efc764d76759821ac6f6efc13232aa923f595--jdk-oraclejdk8.tgz[0m
[32;1mfound cache[0m

travis_time:end:037d3e73:start=1472457234874509686,finish=1472457245444198109,duration=10569688423[0Ktravis_time:start:05feac79[0K
travis_time:end:05feac79:start=1472457245448039137,finish=1472457245451821411,duration=3782274[0Ktravis_time:start:06219cb3[0K[32;1madding /home/travis/.m2/repository to cache[0m
[32;1madding /home/travis/.rvm to cache[0m
[32;1madding /home/travis/.nvm to cache[0m

travis_time:end:06219cb3:start=1472457245456130386,finish=1472457259024402693,duration=13568272307[0Ktravis_fold:end:cache.1[0K$ java -Xmx32m -version
java version "1.8.0_31"
Java(TM) SE Runtime Environment (build 1.8.0_31-b13)
Java HotSpot(TM) 64-Bit Server VM (build 25.31-b07, mixed mode)
$ javac -J-Xmx32m -version
javac 1.8.0_31
travis_fold:start:before_install.1[0Ktravis_time:start:165aa3a7[0K$ rvm use 2.1.5 --install
[32mUsing /home/travis/.rvm/gems/ruby-2.1.5[0m

travis_time:end:165aa3a7:start=1472457259542798826,finish=1472457259817824089,duration=275025263[0Ktravis_fold:end:before_install.1[0Ktravis_fold:start:before_install.2[0Ktravis_time:start:02f9fd70[0K$ nvm install 0.12.2
v0.12.2 is already installed.
Now using node v0.12.2

travis_time:end:02f9fd70:start=1472457259822448907,finish=1472457260092164127,duration=269715220[0Ktravis_fold:end:before_install.2[0Ktravis_fold:start:before_install.3[0Ktravis_time:start:2d0a72d4[0K$ nvm use 0.12.2
Now using node v0.12.2

travis_time:end:2d0a72d4:start=1472457260097238729,finish=1472457260163719605,duration=66480876[0Ktravis_fold:end:before_install.3[0Ktravis_fold:start:install[0Ktravis_time:start:08d0a3ce[0K$ /bin/bash ./dev-tools/travis/travis-install.sh `pwd`
Python version :   Python 2.7.3
Java HotSpot(TM) 64-Bit Server VM warning: ignoring option MaxPermSize=192m; support was removed in 8.0
Maven version  :   Apache Maven 3.2.5 (12a6b3acb947671f09b81f49094c53f426d8cea1; 2014-12-14T17:29:23+00:00) Maven home: /usr/local/maven Java version: 1.8.0_31, vendor: Oracle Corporation Java home: /usr/lib/jvm/java-8-oracle/jre Default locale: en_US, platform encoding: UTF-8 OS name: "linux", version: "3.13.0-40-generic", arch: "amd64", family: "unix"
['mvn', 'clean', 'install', '-DskipTests', '-Pnative', '--batch-mode'] writing to install.txt
4 seconds 2 log lines15 seconds 93 log lines25 seconds 243 log lines74 seconds 327 log lines92 seconds 334 log lines105 seconds 410 log lines116 seconds 574 log lines132 seconds 658 log lines142 seconds 822 log lines157 seconds 883 log lines172 seconds 918 log lines182 seconds 978 log lines192 seconds 1226 log lines207 seconds 1463 log lines217 seconds 1683 log lines227 seconds 2119 log lines240 seconds 2238 log lines251 seconds 2535 log lines261 seconds 2739 log lines267 seconds 2848 log lines
['mvn', 'clean', 'install', '-DskipTests', '-Pnative', '--batch-mode'] done 0

travis_time:end:08d0a3ce:start=1472457260168636071,finish=1472457528332024610,duration=268163388539[0Ktravis_fold:end:install[0Ktravis_time:start:0e753689[0K$ /bin/bash ./dev-tools/travis/travis-script.sh `pwd` $MODULES
Python version :   Python 2.7.3
Ruby version   :   ruby 2.1.5p273 (2014-11-13 revision 48405) [x86_64-linux]
NodeJs version :   v0.12.2
Java HotSpot(TM) 64-Bit Server VM warning: ignoring option MaxPermSize=192m; support was removed in 8.0
Maven version  :   Apache Maven 3.2.5 (12a6b3acb947671f09b81f49094c53f426d8cea1; 2014-12-14T17:29:23+00:00) Maven home: /usr/local/maven Java version: 1.8.0_31, vendor: Oracle Corporation Java home: /usr/lib/jvm/java-8-oracle/jre Default locale: en_US, platform encoding: UTF-8 OS name: "linux", version: "3.13.0-40-generic", arch: "amd64", family: "unix"
Java HotSpot(TM) 64-Bit Server VM warning: ignoring option MaxPermSize=192m; support was removed in 8.0
[INFO] Scanning for projects...
[INFO]                                                                         
[INFO] ------------------------------------------------------------------------
[INFO] Building Storm Core 2.0.0-SNAPSHOT
[INFO] ------------------------------------------------------------------------
[INFO] 
[INFO] --- exec-maven-plugin:1.2.1:exec (default) @ storm-core ---
[INFO] 
[INFO] --- maven-remote-resources-plugin:1.2.1:process (default) @ storm-core ---
[INFO] 
[INFO] --- storm-maven-plugins:2.0.0-SNAPSHOT:version-info (version-info) @ storm-core ---
[WARNING] [svn, info] failed with error code 1
[INFO] SCM: GIT
[INFO] Computed MD5: d6213d61a2ee35adc9eb929a268d9f8
[INFO] 
[INFO] --- maven-resources-plugin:2.5:resources (default-resources) @ storm-core ---
[debug] execute contextualize
[INFO] Using 'UTF-8' encoding to copy filtered resources.
[INFO] Copying 9 resources
[INFO] Copying 1 resource to META-INF
[INFO] Copying 0 resource
[INFO] Copying 1 resource
[INFO] Copying 3 resources
[INFO] 
[INFO] --- maven-compiler-plugin:3.1:compile (default-compile) @ storm-core ---
[INFO] Nothing to compile - all classes are up to date
[INFO] 
[INFO] --- clojure-maven-plugin:1.7.1:compile (compile-clojure) @ storm-core ---
Compiling org.apache.storm.trident.testing to /home/travis/build/apache/storm/storm-core/target/classes
07:59:17.011 [main] WARN  o.a.s.m.StormMetricsRegistry - Metric ui:num-topology-op-response-http-requests has already been registered
07:59:17.013 [main] WARN  o.a.s.m.StormMetricsRegistry - Metric ui:num-topology-op-response-http-requests has already been registered
Compiling org.apache.storm.config to /home/travis/build/apache/storm/storm-core/target/classes
Compiling org.apache.storm.LocalCluster to /home/travis/build/apache/storm/storm-core/target/classes
Compiling org.apache.storm.internal.clojure to /home/travis/build/apache/storm/storm-core/target/classes
Compiling org.apache.storm.daemon.logviewer to /home/travis/build/apache/storm/storm-core/target/classes
Compiling org.apache.storm.daemon.drpc to /home/travis/build/apache/storm/storm-core/target/classes
Compiling org.apache.storm.daemon.local-supervisor to /home/travis/build/apache/storm/storm-core/target/classes
Compiling org.apache.storm.testing4j to /home/travis/build/apache/storm/storm-core/target/classes
Compiling org.apache.storm.ui.core to /home/travis/build/apache/storm/storm-core/target/classes
Compiling org.apache.storm.ui.helpers to /home/travis/build/apache/storm/storm-core/target/classes
Compiling org.apache.storm.converter to /home/travis/build/apache/storm/storm-core/target/classes
Compiling org.apache.storm.daemon.nimbus to /home/travis/build/apache/storm/storm-core/target/classes
Compiling org.apache.storm.testing to /home/travis/build/apache/storm/storm-core/target/classes
Compiling org.apache.storm.daemon.local-executor to /home/travis/build/apache/storm/storm-core/target/classes
Compiling org.apache.storm.internal.thrift to /home/travis/build/apache/storm/storm-core/target/classes
Compiling org.apache.storm.local-state-converter to /home/travis/build/apache/storm/storm-core/target/classes
Compiling org.apache.storm.log to /home/travis/build/apache/storm/storm-core/target/classes
Compiling org.apache.storm.daemon.common to /home/travis/build/apache/storm/storm-core/target/classes
Compiling org.apache.storm.command.shell-submission to /home/travis/build/apache/storm/storm-core/target/classes
Compiling org.apache.storm.util to /home/travis/build/apache/storm/storm-core/target/classes
Compiling org.apache.storm.daemon.worker to /home/travis/build/apache/storm/storm-core/target/classes
Compiling org.apache.storm.scheduler.IsolationScheduler to /home/travis/build/apache/storm/storm-core/target/classes
[INFO] 
[INFO] --- make-maven-plugin:1.0-beta-1:autoreconf (compile) @ storm-core ---
[INFO] 
[INFO] --- make-maven-plugin:1.0-beta-1:configure (compile) @ storm-core ---
[INFO] /bin/sh: 14: /home/travis/.jdk_switcher_rc: [[: not found
[INFO] /bin/sh: 22: /home/travis/.jdk_switcher_rc: [[: not found
[INFO] /bin/sh: 32: /home/travis/.jdk_switcher_rc: [[: not found
[INFO] /bin/sh: 42: /home/travis/.jdk_switcher_rc: [[: not found
[INFO] /bin/sh: 3: /etc/profile.d/rvm.sh: [[: not found
[INFO] checking for gcc... gcc
[INFO] checking whether the C compiler works... yes
[INFO] checking for C compiler default output file name... a.out
[INFO] checking for suffix of executables... 
[INFO] checking whether we are cross compiling... no
[INFO] checking for suffix of object files... o
[INFO] checking whether we are using the GNU C compiler... yes
[INFO] checking whether gcc accepts -g... yes
[INFO] checking for gcc option to accept ISO C89... none needed
[INFO] checking how to run the C preprocessor... gcc -E
[INFO] checking for grep that handles long lines and -e... /bin/grep
[INFO] checking for egrep... /bin/grep -E
[INFO] checking for ANSI C header files... yes
[INFO] checking for sys/types.h... yes
[INFO] checking for sys/stat.h... yes
[INFO] checking for stdlib.h... yes
[INFO] checking for string.h... yes
[INFO] checking for memory.h... yes
[INFO] checking for strings.h... yes
[INFO] checking for inttypes.h... yes
[INFO] checking for stdint.h... yes
[INFO] checking for unistd.h... yes
[INFO] checking minix/config.h usability... no
[INFO] checking minix/config.h presence... no
[INFO] checking for minix/config.h... no
[INFO] checking whether it is safe to define __EXTENSIONS__... yes
[INFO] checking for a BSD-compatible install... /usr/bin/install -c
[INFO] checking whether build environment is sane... yes
[INFO] checking for a thread-safe mkdir -p... /bin/mkdir -p
[INFO] checking for gawk... gawk
[INFO] checking whether make sets $(MAKE)... yes
[INFO] checking for style of include used by make... GNU
[INFO] checking dependency style of gcc... gcc3
[INFO] checking for gcc... (cached) gcc
[INFO] checking whether we are using the GNU C compiler... (cached) yes
[INFO] checking whether gcc accepts -g... (cached) yes
[INFO] checking for gcc option to accept ISO C89... (cached) none needed
[INFO] checking whether gcc and cc understand -c and -o together... yes
[INFO] checking for unistd.h... (cached) yes
[INFO] checking for stdbool.h that conforms to C99... yes
[INFO] checking for _Bool... yes
[INFO] checking for an ANSI C-conforming const... yes
[INFO] checking for off_t... yes
[INFO] checking for size_t... yes
[INFO] checking whether strerror_r is declared... yes
[INFO] checking for strerror_r... yes
[INFO] checking whether strerror_r returns char *... yes
[INFO] checking for mkdir... yes
[INFO] checking for uname... yes
[INFO] configure: creating ./config.status
[INFO] config.status: creating Makefile
[INFO] config.status: executing depfiles commands
[INFO] 
[INFO] --- make-maven-plugin:1.0-beta-1:make-install (compile) @ storm-core ---
[INFO] /bin/sh: 14: /home/travis/.jdk_switcher_rc: [[: not found
[INFO] /bin/sh: 22: /home/travis/.jdk_switcher_rc: [[: not found
[INFO] /bin/sh: 32: /home/travis/.jdk_switcher_rc: [[: not found
[INFO] /bin/sh: 42: /home/travis/.jdk_switcher_rc: [[: not found
[INFO] /bin/sh: 3: /etc/profile.d/rvm.sh: [[: not found
[INFO] make[1]: Entering directory `/home/travis/build/apache/storm/storm-core/target/native/worker-launcher'
[INFO] test -z "/usr/local/bin" || /bin/mkdir -p "/home/travis/build/apache/storm/storm-core/target/native/target/usr/local/bin"
[INFO]   /usr/bin/install -c worker-launcher '/home/travis/build/apache/storm/storm-core/target/native/target/usr/local/bin'
[INFO] make[1]: Nothing to be done for `install-data-am'.
[INFO] make[1]: Leaving directory `/home/travis/build/apache/storm/storm-core/target/native/worker-launcher'
[INFO] 
[INFO] --- maven-resources-plugin:2.5:testResources (default-testResources) @ storm-core ---
[debug] execute contextualize
[INFO] Using 'UTF-8' encoding to copy filtered resources.
[INFO] Copying 14 resources
[INFO] Copying 2 resources
[INFO] Copying 3 resources
[INFO] 
[INFO] --- maven-dependency-plugin:2.8:unpack (unpack) @ storm-core ---
[INFO] Configured Artifact: org.apache.storm:multilang-ruby:2.0.0-SNAPSHOT:jar
[INFO] Downloading: https://repository.apache.org/snapshots/org/apache/storm/multilang-ruby/2.0.0-SNAPSHOT/maven-metadata.xml
[INFO] Configured Artifact: org.apache.storm:multilang-python:2.0.0-SNAPSHOT:jar
[INFO] Downloading: https://repository.apache.org/snapshots/org/apache/storm/multilang-python/2.0.0-SNAPSHOT/maven-metadata.xml
[INFO] Configured Artifact: org.apache.storm:multilang-javascript:2.0.0-SNAPSHOT:jar
[INFO] Downloading: https://repository.apache.org/snapshots/org/apache/storm/multilang-javascript/2.0.0-SNAPSHOT/maven-metadata.xml
[INFO] multilang-ruby-2.0.0-SNAPSHOT.jar already unpacked.
[INFO] multilang-python-2.0.0-SNAPSHOT.jar already unpacked.
[INFO] multilang-javascript-2.0.0-SNAPSHOT.jar already unpacked.
[INFO] 
[INFO] --- maven-compiler-plugin:3.1:testCompile (default-testCompile) @ storm-core ---
[INFO] Changes detected - recompiling the module!
[INFO] Compiling 70 source files to /home/travis/build/apache/storm/storm-core/target/test-classes
[WARNING] /home/travis/build/apache/storm/storm-core/test/jvm/org/apache/storm/localizer/LocalizerTest.java: Some input files use or override a deprecated API.
[WARNING] /home/travis/build/apache/storm/storm-core/test/jvm/org/apache/storm/localizer/LocalizerTest.java: Recompile with -Xlint:deprecation for details.
[WARNING] /home/travis/build/apache/storm/storm-core/test/jvm/org/apache/storm/spout/CheckpointSpoutTest.java: Some input files use unchecked or unsafe operations.
[WARNING] /home/travis/build/apache/storm/storm-core/test/jvm/org/apache/storm/spout/CheckpointSpoutTest.java: Recompile with -Xlint:unchecked for details.
[INFO] 
[INFO] --- maven-surefire-plugin:2.18.1:test (default-test) @ storm-core ---
[INFO] Surefire report directory: /home/travis/build/apache/storm/storm-core/target/surefire-reports
[INFO] parallel='none', perCoreThreadCount=true, threadCount=0, useUnlimitedThreads=false, threadCountSuites=0, threadCountClasses=0, threadCountMethods=0, parallelOptimized=true

-------------------------------------------------------
 T E S T S
-------------------------------------------------------
Running org.apache.storm.spout.CheckpointSpoutTest
Tests run: 7, Failures: 0, Errors: 0, Skipped: 0, Time elapsed: 0.485 sec - in org.apache.storm.spout.CheckpointSpoutTest
Running org.apache.storm.utils.TimeTest
Tests run: 8, Failures: 0, Errors: 0, Skipped: 0, Time elapsed: 0.005 sec - in org.apache.storm.utils.TimeTest
Running org.apache.storm.utils.WorkerBackpressureThreadTest
Tests run: 1, Failures: 0, Errors: 0, Skipped: 0, Time elapsed: 0.226 sec - in org.apache.storm.utils.WorkerBackpressureThreadTest
Running org.apache.storm.utils.DisruptorQueueTest
Tests run: 3, Failures: 0, Errors: 0, Skipped: 0, Time elapsed: 3.299 sec - in org.apache.storm.utils.DisruptorQueueTest
Running org.apache.storm.utils.UtilsTest
Tests run: 8, Failures: 0, Errors: 0, Skipped: 0, Time elapsed: 0.244 sec - in org.apache.storm.utils.UtilsTest
Running org.apache.storm.utils.DisruptorQueueBackpressureTest
Tests run: 1, Failures: 0, Errors: 0, Skipped: 0, Time elapsed: 0.002 sec - in org.apache.storm.utils.DisruptorQueueBackpressureTest
Running org.apache.storm.utils.ThriftTopologyUtilsTest
Tests run: 6, Failures: 0, Errors: 0, Skipped: 0, Time elapsed: 0.069 sec - in org.apache.storm.utils.ThriftTopologyUtilsTest
Running org.apache.storm.utils.ShellBoltMessageQueueTest
Tests run: 3, Failures: 0, Errors: 0, Skipped: 0, Time elapsed: 2.58 sec - in org.apache.storm.utils.ShellBoltMessageQueueTest
Running org.apache.storm.utils.ZookeeperServerCnxnFactoryTest
Tests run: 2, Failures: 0, Errors: 0, Skipped: 0, Time elapsed: 0.049 sec - in org.apache.storm.utils.ZookeeperServerCnxnFactoryTest
Running org.apache.storm.utils.StormBoundedExponentialBackoffRetryTest
Tests run: 5, Failures: 0, Errors: 0, Skipped: 0, Time elapsed: 0.602 sec - in org.apache.storm.utils.StormBoundedExponentialBackoffRetryTest
Running org.apache.storm.command.TestCLI
Tests run: 1, Failures: 0, Errors: 0, Skipped: 0, Time elapsed: 0.157 sec - in org.apache.storm.command.TestCLI
Running org.apache.storm.command.RebalanceTest
Tests run: 2, Failures: 0, Errors: 0, Skipped: 0, Time elapsed: 0.014 sec - in org.apache.storm.command.RebalanceTest
Running org.apache.storm.command.SetLogLevelTest
Tests run: 3, Failures: 0, Errors: 0, Skipped: 0, Time elapsed: 0.047 sec - in org.apache.storm.command.SetLogLevelTest
Running org.apache.storm.serialization.ThriftBridgeSerializationDelegateTest
Tests run: 1, Failures: 0, Errors: 0, Skipped: 0, Time elapsed: 0.067 sec - in org.apache.storm.serialization.ThriftBridgeSerializationDelegateTest
Running org.apache.storm.serialization.GzipBridgeSerializationDelegateTest
Tests run: 3, Failures: 0, Errors: 0, Skipped: 0, Time elapsed: 0.067 sec - in org.apache.storm.serialization.GzipBridgeSerializationDelegateTest
Running org.apache.storm.serialization.GzipBridgeThriftSerializationDelegateTest
Tests run: 3, Failures: 0, Errors: 0, Skipped: 0, Time elapsed: 0.023 sec - in org.apache.storm.serialization.GzipBridgeThriftSerializationDelegateTest
Running org.apache.storm.serialization.SerializationTest
Tests run: 3, Failures: 0, Errors: 0, Skipped: 0, Time elapsed: 29.668 sec - in org.apache.storm.serialization.SerializationTest
Running org.apache.storm.serialization.SerializationFactoryTest
Tests run: 3, Failures: 0, Errors: 0, Skipped: 0, Time elapsed: 0.683 sec - in org.apache.storm.serialization.SerializationFactoryTest
Running org.apache.storm.trident.TridentWindowingTest
Tests run: 3, Failures: 0, Errors: 0, Skipped: 0, Time elapsed: 0.741 sec - in org.apache.storm.trident.TridentWindowingTest
Running org.apache.storm.trident.TestTridentTopology
Tests run: 1, Failures: 0, Errors: 0, Skipped: 0, Time elapsed: 57.951 sec - in org.apache.storm.trident.TestTridentTopology
Running org.apache.storm.metric.internal.LatencyStatAndMetricTest
Tests run: 1, Failures: 0, Errors: 0, Skipped: 0, Time elapsed: 0.023 sec - in org.apache.storm.metric.internal.LatencyStatAndMetricTest
Running org.apache.storm.metric.internal.CountStatAndMetricTest
Tests run: 1, Failures: 0, Errors: 0, Skipped: 0, Time elapsed: 0.014 sec - in org.apache.storm.metric.internal.CountStatAndMetricTest
Running org.apache.storm.metric.internal.RateTrackerTest
Tests run: 4, Failures: 0, Errors: 0, Skipped: 0, Time elapsed: 0.005 sec - in org.apache.storm.metric.internal.RateTrackerTest
Running org.apache.storm.metric.filter.FilterByMetricNameTest
Tests run: 4, Failures: 0, Errors: 0, Skipped: 0, Time elapsed: 0.063 sec - in org.apache.storm.metric.filter.FilterByMetricNameTest
Running org.apache.storm.metric.util.DataPointExpanderTest
Tests run: 5, Failures: 0, Errors: 0, Skipped: 0, Time elapsed: 0.011 sec - in org.apache.storm.metric.util.DataPointExpanderTest
Running org.apache.storm.windowing.WaterMarkEventGeneratorTest
Tests run: 5, Failures: 0, Errors: 0, Skipped: 0, Time elapsed: 0.027 sec - in org.apache.storm.windowing.WaterMarkEventGeneratorTest
Running org.apache.storm.windowing.WindowManagerTest
Tests run: 12, Failures: 0, Errors: 0, Skipped: 0, Time elapsed: 0.711 sec - in org.apache.storm.windowing.WindowManagerTest
Running org.apache.storm.topology.StatefulBoltExecutorTest
Tests run: 7, Failures: 0, Errors: 0, Skipped: 0, Time elapsed: 0.971 sec - in org.apache.storm.topology.StatefulBoltExecutorTest
Running org.apache.storm.topology.StatefulWindowedBoltExecutorTest
Tests run: 4, Failures: 0, Errors: 0, Skipped: 0, Time elapsed: 0.219 sec - in org.apache.storm.topology.StatefulWindowedBoltExecutorTest
Running org.apache.storm.topology.TopologyBuilderTest
Tests run: 5, Failures: 0, Errors: 0, Skipped: 0, Time elapsed: 0.136 sec - in org.apache.storm.topology.TopologyBuilderTest
Running org.apache.storm.topology.WindowedBoltExecutorTest
Tests run: 5, Failures: 0, Errors: 0, Skipped: 0, Time elapsed: 0.258 sec - in org.apache.storm.topology.WindowedBoltExecutorTest
Running org.apache.storm.localizer.LocalizerTest
Tests run: 13, Failures: 0, Errors: 0, Skipped: 0, Time elapsed: 7.631 sec - in org.apache.storm.localizer.LocalizerTest
Running org.apache.storm.localizer.LocalizedResourceRetentionSetTest
Tests run: 2, Failures: 0, Errors: 0, Skipped: 0, Time elapsed: 0.061 sec - in org.apache.storm.localizer.LocalizedResourceRetentionSetTest
Running org.apache.storm.localizer.LocalizedResourceSetTest
Tests run: 4, Failures: 0, Errors: 0, Skipped: 0, Time elapsed: 0.036 sec - in org.apache.storm.localizer.LocalizedResourceSetTest
Running org.apache.storm.security.auth.authorizer.DRPCSimpleACLAuthorizerTest
Tests run: 7, Failures: 0, Errors: 0, Skipped: 0, Time elapsed: 0.017 sec - in org.apache.storm.security.auth.authorizer.DRPCSimpleACLAuthorizerTest
Running org.apache.storm.security.auth.DefaultHttpCredentialsPluginTest
Tests run: 2, Failures: 0, Errors: 0, Skipped: 0, Time elapsed: 0.15 sec - in org.apache.storm.security.auth.DefaultHttpCredentialsPluginTest
Running org.apache.storm.security.auth.AuthUtilsTest
Tests run: 15, Failures: 0, Errors: 0, Skipped: 0, Time elapsed: 0.093 sec - in org.apache.storm.security.auth.AuthUtilsTest
Running org.apache.storm.security.auth.ThriftServerTest
Tests run: 2, Failures: 0, Errors: 0, Skipped: 0, Time elapsed: 0.021 sec - in org.apache.storm.security.auth.ThriftServerTest
Running org.apache.storm.security.auth.SaslTransportPluginTest
Tests run: 2, Failures: 0, Errors: 0, Skipped: 0, Time elapsed: 0.317 sec - in org.apache.storm.security.auth.SaslTransportPluginTest
Running org.apache.storm.security.auth.ThriftClientTest
Tests run: 4, Failures: 0, Errors: 0, Skipped: 0, Time elapsed: 0.099 sec - in org.apache.storm.security.auth.ThriftClientTest
Running org.apache.storm.security.auth.ReqContextTest
Tests run: 4, Failures: 0, Errors: 0, Skipped: 0, Time elapsed: 0.001 sec - in org.apache.storm.security.auth.ReqContextTest
Running org.apache.storm.security.serialization.BlowfishTupleSerializerTest
Tests run: 3, Failures: 0, Errors: 0, Skipped: 0, Time elapsed: 1.391 sec - in org.apache.storm.security.serialization.BlowfishTupleSerializerTest
Running org.apache.storm.blobstore.BlobStoreTest
Tests run: 4, Failures: 0, Errors: 0, Skipped: 0, Time elapsed: 10.87 sec - in org.apache.storm.blobstore.BlobStoreTest
Running org.apache.storm.blobstore.BlobSynchronizerTest
Tests run: 4, Failures: 0, Errors: 0, Skipped: 0, Time elapsed: 9.018 sec - in org.apache.storm.blobstore.BlobSynchronizerTest
Running org.apache.storm.blobstore.ClientBlobStoreTest
Tests run: 4, Failures: 0, Errors: 0, Skipped: 0, Time elapsed: 0.007 sec - in org.apache.storm.blobstore.ClientBlobStoreTest
Running org.apache.storm.cluster.StormClusterStateImplTest
Tests run: 5, Failures: 0, Errors: 0, Skipped: 0, Time elapsed: 0.773 sec - in org.apache.storm.cluster.StormClusterStateImplTest
Running org.apache.storm.dependency.DependencyPropertiesParserTest
Tests run: 5, Failures: 0, Errors: 0, Skipped: 0, Time elapsed: 0.012 sec - in org.apache.storm.dependency.DependencyPropertiesParserTest
Running org.apache.storm.dependency.DependencyUploaderTest
Tests run: 8, Failures: 0, Errors: 0, Skipped: 0, Time elapsed: 2.076 sec - in org.apache.storm.dependency.DependencyUploaderTest
Running org.apache.storm.scheduler.resource.strategies.scheduling.TestDefaultResourceAwareStrategy
Tests run: 2, Failures: 0, Errors: 0, Skipped: 0, Time elapsed: 3.744 sec - in org.apache.storm.scheduler.resource.strategies.scheduling.TestDefaultResourceAwareStrategy
Running org.apache.storm.scheduler.resource.TestResourceAwareScheduler
Tests run: 14, Failures: 0, Errors: 0, Skipped: 0, Time elapsed: 17.666 sec - in org.apache.storm.scheduler.resource.TestResourceAwareScheduler
Running org.apache.storm.scheduler.resource.TestUser
Tests run: 3, Failures: 0, Errors: 0, Skipped: 0, Time elapsed: 10.017 sec - in org.apache.storm.scheduler.resource.TestUser
Running org.apache.storm.nimbus.LocalNimbusTest

Results :

Tests run: 227, Failures: 0, Errors: 0, Skipped: 0

[INFO] ------------------------------------------------------------------------
[INFO] BUILD FAILURE
[INFO] ------------------------------------------------------------------------
[INFO] Total time: 04:26 min
[INFO] Finished at: 2016-08-29T08:03:17+00:00
[INFO] Final Memory: 46M/367M
[INFO] ------------------------------------------------------------------------
[ERROR] Failed to execute goal org.apache.maven.plugins:maven-surefire-plugin:2.18.1:test (default-test) on project storm-core: Execution default-test of goal org.apache.maven.plugins:maven-surefire-plugin:2.18.1:test failed: The forked VM terminated without properly saying goodbye. VM crash or System.exit called?
[ERROR] Command was /bin/sh -c cd /home/travis/build/apache/storm/storm-core && /usr/lib/jvm/java-8-oracle/jre/bin/java -Xmx1536m -jar /home/travis/build/apache/storm/storm-core/target/surefire/surefirebooter2541295072239077732.jar /home/travis/build/apache/storm/storm-core/target/surefire/surefire4955315605077660572tmp /home/travis/build/apache/storm/storm-core/target/surefire/surefire_07786658104795909101tmp
[ERROR] -> [Help 1]
[ERROR] 
[ERROR] To see the full stack trace of the errors, re-run Maven with the -e switch.
[ERROR] Re-run Maven using the -X switch to enable full debug logging.
[ERROR] 
[ERROR] For more information about the errors and possible solutions, please read the following articles:
[ERROR] [Help 1] http://cwiki.apache.org/confluence/display/MAVEN/PluginExecutionException
Looking for errors in ./storm-core/target/surefire-reports
Checking ./storm-core/target/surefire-reports/TEST-org.apache.storm.spout.CheckpointSpoutTest.xml
Checking ./storm-core/target/surefire-reports/TEST-org.apache.storm.utils.TimeTest.xml
Checking ./storm-core/target/surefire-reports/TEST-org.apache.storm.utils.WorkerBackpressureThreadTest.xml
Checking ./storm-core/target/surefire-reports/TEST-org.apache.storm.utils.DisruptorQueueTest.xml
Checking ./storm-core/target/surefire-reports/TEST-org.apache.storm.utils.UtilsTest.xml
Checking ./storm-core/target/surefire-reports/TEST-org.apache.storm.utils.DisruptorQueueBackpressureTest.xml
Checking ./storm-core/target/surefire-reports/TEST-org.apache.storm.utils.ThriftTopologyUtilsTest.xml
Checking ./storm-core/target/surefire-reports/TEST-org.apache.storm.utils.ShellBoltMessageQueueTest.xml
Checking ./storm-core/target/surefire-reports/TEST-org.apache.storm.utils.ZookeeperServerCnxnFactoryTest.xml
Checking ./storm-core/target/surefire-reports/TEST-org.apache.storm.utils.StormBoundedExponentialBackoffRetryTest.xml
Checking ./storm-core/target/surefire-reports/TEST-org.apache.storm.command.TestCLI.xml
Checking ./storm-core/target/surefire-reports/TEST-org.apache.storm.command.RebalanceTest.xml
Checking ./storm-core/target/surefire-reports/TEST-org.apache.storm.command.SetLogLevelTest.xml
Checking ./storm-core/target/surefire-reports/TEST-org.apache.storm.serialization.ThriftBridgeSerializationDelegateTest.xml
Checking ./storm-core/target/surefire-reports/TEST-org.apache.storm.serialization.GzipBridgeSerializationDelegateTest.xml
Checking ./storm-core/target/surefire-reports/TEST-org.apache.storm.serialization.GzipBridgeThriftSerializationDelegateTest.xml
Checking ./storm-core/target/surefire-reports/TEST-org.apache.storm.serialization.SerializationTest.xml
Checking ./storm-core/target/surefire-reports/TEST-org.apache.storm.serialization.SerializationFactoryTest.xml
Checking ./storm-core/target/surefire-reports/TEST-org.apache.storm.trident.TridentWindowingTest.xml
Checking ./storm-core/target/surefire-reports/TEST-org.apache.storm.trident.TestTridentTopology.xml
Checking ./storm-core/target/surefire-reports/TEST-org.apache.storm.metric.internal.LatencyStatAndMetricTest.xml
Checking ./storm-core/target/surefire-reports/TEST-org.apache.storm.metric.internal.CountStatAndMetricTest.xml
Checking ./storm-core/target/surefire-reports/TEST-org.apache.storm.metric.internal.RateTrackerTest.xml
Checking ./storm-core/target/surefire-reports/TEST-org.apache.storm.metric.filter.FilterByMetricNameTest.xml
Checking ./storm-core/target/surefire-reports/TEST-org.apache.storm.metric.util.DataPointExpanderTest.xml
Checking ./storm-core/target/surefire-reports/TEST-org.apache.storm.windowing.WaterMarkEventGeneratorTest.xml
Checking ./storm-core/target/surefire-reports/TEST-org.apache.storm.windowing.WindowManagerTest.xml
Checking ./storm-core/target/surefire-reports/TEST-org.apache.storm.topology.StatefulBoltExecutorTest.xml
Checking ./storm-core/target/surefire-reports/TEST-org.apache.storm.topology.StatefulWindowedBoltExecutorTest.xml
Checking ./storm-core/target/surefire-reports/TEST-org.apache.storm.topology.TopologyBuilderTest.xml
Checking ./storm-core/target/surefire-reports/TEST-org.apache.storm.topology.WindowedBoltExecutorTest.xml
Checking ./storm-core/target/surefire-reports/TEST-org.apache.storm.localizer.LocalizerTest.xml
Checking ./storm-core/target/surefire-reports/TEST-org.apache.storm.localizer.LocalizedResourceRetentionSetTest.xml
Checking ./storm-core/target/surefire-reports/TEST-org.apache.storm.localizer.LocalizedResourceSetTest.xml
Checking ./storm-core/target/surefire-reports/TEST-org.apache.storm.security.auth.authorizer.DRPCSimpleACLAuthorizerTest.xml
Checking ./storm-core/target/surefire-reports/TEST-org.apache.storm.security.auth.DefaultHttpCredentialsPluginTest.xml
Checking ./storm-core/target/surefire-reports/TEST-org.apache.storm.security.auth.AuthUtilsTest.xml
Checking ./storm-core/target/surefire-reports/TEST-org.apache.storm.security.auth.ThriftServerTest.xml
Checking ./storm-core/target/surefire-reports/TEST-org.apache.storm.security.auth.SaslTransportPluginTest.xml
Checking ./storm-core/target/surefire-reports/TEST-org.apache.storm.security.auth.ThriftClientTest.xml
Checking ./storm-core/target/surefire-reports/TEST-org.apache.storm.security.auth.ReqContextTest.xml
Checking ./storm-core/target/surefire-reports/TEST-org.apache.storm.security.serialization.BlowfishTupleSerializerTest.xml
Checking ./storm-core/target/surefire-reports/TEST-org.apache.storm.blobstore.BlobStoreTest.xml
Checking ./storm-core/target/surefire-reports/TEST-org.apache.storm.blobstore.BlobSynchronizerTest.xml
Checking ./storm-core/target/surefire-reports/TEST-org.apache.storm.blobstore.ClientBlobStoreTest.xml
Checking ./storm-core/target/surefire-reports/TEST-org.apache.storm.cluster.StormClusterStateImplTest.xml
Checking ./storm-core/target/surefire-reports/TEST-org.apache.storm.dependency.DependencyPropertiesParserTest.xml
Checking ./storm-core/target/surefire-reports/TEST-org.apache.storm.dependency.DependencyUploaderTest.xml
Checking ./storm-core/target/surefire-reports/TEST-org.apache.storm.scheduler.resource.strategies.scheduling.TestDefaultResourceAwareStrategy.xml
Checking ./storm-core/target/surefire-reports/TEST-org.apache.storm.scheduler.resource.TestResourceAwareScheduler.xml
Checking ./storm-core/target/surefire-reports/TEST-org.apache.storm.scheduler.resource.TestUser.xml

travis_time:end:0e753689:start=1472457528336572763,finish=1472457800552507814,duration=272215935051[0K
[31;1mThe command "/bin/bash ./dev-tools/travis/travis-script.sh `pwd` $MODULES" exited with 1.[0m
travis_fold:start:cache.2[0Kstore build cache
travis_time:start:0da55c78[0K
travis_time:end:0da55c78:start=1472457800557334705,finish=1472457800561061935,duration=3727230[0Ktravis_time:start:0177cf3f[0K[32;1mchange detected (content changed, file is created, or file is deleted):
/home/travis/.m2/repository/eigenbase/eigenbase-properties/1.1.4/eigenbase-properties-1.1.4.pom.lastUpdated
/home/travis/.m2/repository/io/confluent/kafka-avro-serializer/1.0/kafka-avro-serializer-1.0.pom.lastUpdated
/home/travis/.m2/repository/io/confluent/kafka-schema-registry-client/1.0/kafka-schema-registry-client-1.0.pom.lastUpdated
/home/travis/.m2/repository/net/hydromatic/linq4j/0.4/linq4j-0.4.pom.lastUpdated
/home/travis/.m2/repository/net/hydromatic/quidem/0.1.1/quidem-0.1.1.pom.lastUpdated
/home/travis/.m2/repository/org/apache/storm/flux/2.0.0-SNAPSHOT/maven-metadata-local.xml
/home/travis/.m2/repository/org/apache/storm/flux/2.0.0-SNAPSHOT/_remote.repositories
/home/travis/.m2/repository/org/apache/storm/flux-core/2.0.0-SNAPSHOT/flux-core-2.0.0-SNAPSHOT.jar
/home/travis/.m2/repository/org/apache/storm/flux-core/2.0.0-SNAPSHOT/maven-metadata-local.xml
/home/travis/.m2/repository/org/apache/storm/flux-core/2.0.0-SNAPSHOT/_remote.repositories
/home/travis/.m2/repository/org/ap
[0m
[32;1m...
[0m
[32;1mchanges detected, packing new archive[0m
.
.
.
.
.
.
.
.
[32;1muploading archive[0m

travis_time:end:0177cf3f:start=1472457800565502198,finish=1472457863602601546,duration=63037099348[0Ktravis_fold:end:cache.2[0K
Done. Your build exited with 1.
