Using worker: worker-linux-docker-b801f3b9.prod.travis-ci.org:travis-linux-4

travis_fold:start:system_info[0K[33;1mBuild system information[0m
Build language: java
Build group: stable
Build dist: precise
Build id: 156156311
Job id: 156156312
travis-build version: dfcc6fb25
[34m[1mBuild image provisioning date and time[0m
Thu Feb  5 15:09:33 UTC 2015
[34m[1mOperating System Details[0m
Distributor ID:	Ubuntu
Description:	Ubuntu 12.04.5 LTS
Release:	12.04
Codename:	precise
[34m[1mLinux Version[0m
3.13.0-29-generic
[34m[1mCookbooks Version[0m
a68419e https://github.com/travis-ci/travis-cookbooks/tree/a68419e
[34m[1mGCC version[0m
gcc (Ubuntu/Linaro 4.6.3-1ubuntu5) 4.6.3
Copyright (C) 2011 Free Software Foundation, Inc.
This is free software; see the source for copying conditions.  There is NO
warranty; not even for MERCHANTABILITY or FITNESS FOR A PARTICULAR PURPOSE.

[34m[1mLLVM version[0m
clang version 3.4 (tags/RELEASE_34/final)
Target: x86_64-unknown-linux-gnu
Thread model: posix
[34m[1mPre-installed Ruby versions[0m
ruby-1.9.3-p551
[34m[1mPre-installed Node.js versions[0m
v0.10.36
[34m[1mPre-installed Go versions[0m
1.4.1
[34m[1mRedis version[0m
redis-server 2.8.19
[34m[1mriak version[0m
2.0.2
[34m[1mMongoDB version[0m
MongoDB 2.4.12
[34m[1mCouchDB version[0m
couchdb 1.6.1
[34m[1mNeo4j version[0m
1.9.4
[34m[1mRabbitMQ Version[0m
3.4.3
[34m[1mElasticSearch version[0m
1.4.0
[34m[1mInstalled Sphinx versions[0m
2.0.10
2.1.9
2.2.6
[34m[1mDefault Sphinx version[0m
2.2.6
[34m[1mInstalled Firefox version[0m
firefox 31.0esr
[34m[1mPhantomJS version[0m
1.9.8
[34m[1mant -version[0m
Apache Ant(TM) version 1.8.2 compiled on December 3 2011
[34m[1mmvn -version[0m
Apache Maven 3.2.5 (12a6b3acb947671f09b81f49094c53f426d8cea1; 2014-12-14T17:29:23+00:00)
Maven home: /usr/local/maven
Java version: 1.7.0_76, vendor: Oracle Corporation
Java home: /usr/lib/jvm/java-7-oracle/jre
Default locale: en_US, platform encoding: ANSI_X3.4-1968
OS name: "linux", version: "3.13.0-29-generic", arch: "amd64", family: "unix"
travis_fold:end:system_info[0K
travis_fold:start:fix.CVE-2015-7547[0K$ export DEBIAN_FRONTEND=noninteractive
W: Size of file /var/lib/apt/lists/us.archive.ubuntu.com_ubuntu_dists_precise-backports_multiverse_source_Sources.gz is not what the server reported 5886 5888
W: Size of file /var/lib/apt/lists/ppa.launchpad.net_ubuntugis_ppa_ubuntu_dists_precise_main_binary-amd64_Packages.gz is not what the server reported 33653 36677
W: Size of file /var/lib/apt/lists/ppa.launchpad.net_ubuntugis_ppa_ubuntu_dists_precise_main_binary-i386_Packages.gz is not what the server reported 33699 36733
Reading package lists...
Building dependency tree...
Reading state information...
The following extra packages will be installed:
  libc-bin libc-dev-bin libc6-dev
Suggested packages:
  glibc-doc
The following packages will be upgraded:
  libc-bin libc-dev-bin libc6 libc6-dev
4 upgraded, 0 newly installed, 0 to remove and 258 not upgraded.
Need to get 8,840 kB of archives.
After this operation, 14.3 kB disk space will be freed.
Get:1 http://us.archive.ubuntu.com/ubuntu/ precise-updates/main libc6-dev amd64 2.15-0ubuntu10.15 [2,943 kB]
Get:2 http://us.archive.ubuntu.com/ubuntu/ precise-updates/main libc-dev-bin amd64 2.15-0ubuntu10.15 [84.7 kB]
Get:3 http://us.archive.ubuntu.com/ubuntu/ precise-updates/main libc-bin amd64 2.15-0ubuntu10.15 [1,177 kB]
Get:4 http://us.archive.ubuntu.com/ubuntu/ precise-updates/main libc6 amd64 2.15-0ubuntu10.15 [4,636 kB]
Fetched 8,840 kB in 0s (34.8 MB/s)
Preconfiguring packages ...
(Reading database ... (Reading database ... 5%(Reading database ... 10%(Reading database ... 15%(Reading database ... 20%(Reading database ... 25%(Reading database ... 30%(Reading database ... 35%(Reading database ... 40%(Reading database ... 45%(Reading database ... 50%(Reading database ... 55%(Reading database ... 60%(Reading database ... 65%(Reading database ... 70%(Reading database ... 75%(Reading database ... 80%(Reading database ... 85%(Reading database ... 90%(Reading database ... 95%(Reading database ... 100%(Reading database ... 72019 files and directories currently installed.)
Preparing to replace libc6-dev 2.15-0ubuntu10.10 (using .../libc6-dev_2.15-0ubuntu10.15_amd64.deb) ...
Unpacking replacement libc6-dev ...
Preparing to replace libc-dev-bin 2.15-0ubuntu10.10 (using .../libc-dev-bin_2.15-0ubuntu10.15_amd64.deb) ...
Unpacking replacement libc-dev-bin ...
Preparing to replace libc-bin 2.15-0ubuntu10.10 (using .../libc-bin_2.15-0ubuntu10.15_amd64.deb) ...
Unpacking replacement libc-bin ...
Processing triggers for man-db ...
Setting up libc-bin (2.15-0ubuntu10.15) ...
(Reading database ... (Reading database ... 5%(Reading database ... 10%(Reading database ... 15%(Reading database ... 20%(Reading database ... 25%(Reading database ... 30%(Reading database ... 35%(Reading database ... 40%(Reading database ... 45%(Reading database ... 50%(Reading database ... 55%(Reading database ... 60%(Reading database ... 65%(Reading database ... 70%(Reading database ... 75%(Reading database ... 80%(Reading database ... 85%(Reading database ... 90%(Reading database ... 95%(Reading database ... 100%(Reading database ... 72018 files and directories currently installed.)
Preparing to replace libc6 2.15-0ubuntu10.10 (using .../libc6_2.15-0ubuntu10.15_amd64.deb) ...
Unpacking replacement libc6 ...
Setting up libc6 (2.15-0ubuntu10.15) ...
Setting up libc-dev-bin (2.15-0ubuntu10.15) ...
Setting up libc6-dev (2.15-0ubuntu10.15) ...
Processing triggers for libc-bin ...
ldconfig deferred processing now taking place
travis_fold:end:fix.CVE-2015-7547[0Ktravis_fold:start:git.checkout[0Ktravis_time:start:027e17ce[0K$ git clone --depth=50 https://github.com/apache/storm.git apache/storm
Cloning into 'apache/storm'...
remote: Counting objects: 23138, done.[K
remote: Compressing objects:   0% (1/9327)   [Kremote: Compressing objects:   1% (94/9327)   [Kremote: Compressing objects:   2% (187/9327)   [Kremote: Compressing objects:   3% (280/9327)   [Kremote: Compressing objects:   4% (374/9327)   [Kremote: Compressing objects:   5% (467/9327)   [Kremote: Compressing objects:   6% (560/9327)   [Kremote: Compressing objects:   7% (653/9327)   [Kremote: Compressing objects:   8% (747/9327)   [Kremote: Compressing objects:   9% (840/9327)   [Kremote: Compressing objects:  10% (933/9327)   [Kremote: Compressing objects:  11% (1026/9327)   [Kremote: Compressing objects:  12% (1120/9327)   [Kremote: Compressing objects:  13% (1213/9327)   [Kremote: Compressing objects:  14% (1306/9327)   [Kremote: Compressing objects:  15% (1400/9327)   [Kremote: Compressing objects:  16% (1493/9327)   [Kremote: Compressing objects:  17% (1586/9327)   [Kremote: Compressing objects:  18% (1679/9327)   [Kremote: Compressing objects:  19% (1773/9327)   [Kremote: Compressing objects:  20% (1866/9327)   [Kremote: Compressing objects:  21% (1959/9327)   [Kremote: Compressing objects:  22% (2052/9327)   [Kremote: Compressing objects:  23% (2146/9327)   [Kremote: Compressing objects:  24% (2239/9327)   [Kremote: Compressing objects:  25% (2332/9327)   [Kremote: Compressing objects:  26% (2426/9327)   [Kremote: Compressing objects:  27% (2519/9327)   [Kremote: Compressing objects:  28% (2612/9327)   [Kremote: Compressing objects:  29% (2705/9327)   [Kremote: Compressing objects:  30% (2799/9327)   [Kremote: Compressing objects:  31% (2892/9327)   [Kremote: Compressing objects:  32% (2985/9327)   [Kremote: Compressing objects:  33% (3078/9327)   [Kremote: Compressing objects:  34% (3172/9327)   [Kremote: Compressing objects:  35% (3265/9327)   [Kremote: Compressing objects:  36% (3358/9327)   [Kremote: Compressing objects:  37% (3451/9327)   [Kremote: Compressing objects:  38% (3545/9327)   [Kremote: Compressing objects:  39% (3638/9327)   [Kremote: Compressing objects:  40% (3731/9327)   [Kremote: Compressing objects:  41% (3825/9327)   [Kremote: Compressing objects:  42% (3918/9327)   [Kremote: Compressing objects:  43% (4011/9327)   [Kremote: Compressing objects:  44% (4104/9327)   [Kremote: Compressing objects:  45% (4198/9327)   [Kremote: Compressing objects:  46% (4291/9327)   [Kremote: Compressing objects:  47% (4384/9327)   [Kremote: Compressing objects:  48% (4477/9327)   [Kremote: Compressing objects:  49% (4571/9327)   [Kremote: Compressing objects:  50% (4664/9327)   [Kremote: Compressing objects:  51% (4757/9327)   [Kremote: Compressing objects:  52% (4851/9327)   [Kremote: Compressing objects:  53% (4944/9327)   [Kremote: Compressing objects:  54% (5037/9327)   [Kremote: Compressing objects:  55% (5130/9327)   [Kremote: Compressing objects:  56% (5224/9327)   [Kremote: Compressing objects:  57% (5317/9327)   [Kremote: Compressing objects:  58% (5410/9327)   [Kremote: Compressing objects:  59% (5503/9327)   [Kremote: Compressing objects:  60% (5597/9327)   [Kremote: Compressing objects:  61% (5690/9327)   [Kremote: Compressing objects:  62% (5783/9327)   [Kremote: Compressing objects:  63% (5877/9327)   [Kremote: Compressing objects:  64% (5970/9327)   [Kremote: Compressing objects:  65% (6063/9327)   [Kremote: Compressing objects:  66% (6156/9327)   [Kremote: Compressing objects:  67% (6250/9327)   [Kremote: Compressing objects:  68% (6343/9327)   [Kremote: Compressing objects:  69% (6436/9327)   [Kremote: Compressing objects:  70% (6529/9327)   [Kremote: Compressing objects:  71% (6623/9327)   [Kremote: Compressing objects:  72% (6716/9327)   [Kremote: Compressing objects:  73% (6809/9327)   [Kremote: Compressing objects:  74% (6902/9327)   [Kremote: Compressing objects:  75% (6996/9327)   [Kremote: Compressing objects:  76% (7089/9327)   [Kremote: Compressing objects:  77% (7182/9327)   [Kremote: Compressing objects:  78% (7276/9327)   [Kremote: Compressing objects:  79% (7369/9327)   [Kremote: Compressing objects:  80% (7462/9327)   [Kremote: Compressing objects:  81% (7555/9327)   [Kremote: Compressing objects:  82% (7649/9327)   [Kremote: Compressing objects:  83% (7742/9327)   [Kremote: Compressing objects:  84% (7835/9327)   [Kremote: Compressing objects:  85% (7928/9327)   [Kremote: Compressing objects:  86% (8022/9327)   [Kremote: Compressing objects:  87% (8115/9327)   [Kremote: Compressing objects:  88% (8208/9327)   [Kremote: Compressing objects:  89% (8302/9327)   [Kremote: Compressing objects:  90% (8395/9327)   [Kremote: Compressing objects:  91% (8488/9327)   [Kremote: Compressing objects:  92% (8581/9327)   [Kremote: Compressing objects:  93% (8675/9327)   [Kremote: Compressing objects:  94% (8768/9327)   [Kremote: Compressing objects:  95% (8861/9327)   [Kremote: Compressing objects:  96% (8954/9327)   [Kremote: Compressing objects:  97% (9048/9327)   [Kremote: Compressing objects:  98% (9141/9327)   [Kremote: Compressing objects:  99% (9234/9327)   [Kremote: Compressing objects: 100% (9327/9327)   [Kremote: Compressing objects: 100% (9327/9327), done.[K
Receiving objects:   0% (1/23138)   Receiving objects:   1% (232/23138)   Receiving objects:   2% (463/23138)   Receiving objects:   3% (695/23138)   Receiving objects:   4% (926/23138)   Receiving objects:   5% (1157/23138)   Receiving objects:   6% (1389/23138)   Receiving objects:   7% (1620/23138)   Receiving objects:   8% (1852/23138)   Receiving objects:   9% (2083/23138)   Receiving objects:  10% (2314/23138)   Receiving objects:  11% (2546/23138)   Receiving objects:  12% (2777/23138)   Receiving objects:  13% (3008/23138)   Receiving objects:  14% (3240/23138)   Receiving objects:  15% (3471/23138)   Receiving objects:  16% (3703/23138)   Receiving objects:  17% (3934/23138)   Receiving objects:  18% (4165/23138)   Receiving objects:  19% (4397/23138)   Receiving objects:  20% (4628/23138)   Receiving objects:  21% (4859/23138)   Receiving objects:  22% (5091/23138)   Receiving objects:  23% (5322/23138), 9.43 MiB | 18.81 MiB/s   Receiving objects:  24% (5554/23138), 9.43 MiB | 18.81 MiB/s   Receiving objects:  25% (5785/23138), 9.43 MiB | 18.81 MiB/s   Receiving objects:  26% (6016/23138), 9.43 MiB | 18.81 MiB/s   Receiving objects:  27% (6248/23138), 9.43 MiB | 18.81 MiB/s   Receiving objects:  28% (6479/23138), 9.43 MiB | 18.81 MiB/s   Receiving objects:  29% (6711/23138), 9.43 MiB | 18.81 MiB/s   Receiving objects:  30% (6942/23138), 9.43 MiB | 18.81 MiB/s   Receiving objects:  31% (7173/23138), 9.43 MiB | 18.81 MiB/s   Receiving objects:  32% (7405/23138), 9.43 MiB | 18.81 MiB/s   Receiving objects:  33% (7636/23138), 9.43 MiB | 18.81 MiB/s   Receiving objects:  34% (7867/23138), 9.43 MiB | 18.81 MiB/s   Receiving objects:  35% (8099/23138), 9.43 MiB | 18.81 MiB/s   Receiving objects:  36% (8330/23138), 9.43 MiB | 18.81 MiB/s   Receiving objects:  37% (8562/23138), 9.43 MiB | 18.81 MiB/s   Receiving objects:  38% (8793/23138), 9.43 MiB | 18.81 MiB/s   Receiving objects:  39% (9024/23138), 9.43 MiB | 18.81 MiB/s   Receiving objects:  40% (9256/23138), 9.43 MiB | 18.81 MiB/s   Receiving objects:  41% (9487/23138), 9.43 MiB | 18.81 MiB/s   Receiving objects:  42% (9718/23138), 9.43 MiB | 18.81 MiB/s   Receiving objects:  43% (9950/23138), 9.43 MiB | 18.81 MiB/s   Receiving objects:  44% (10181/23138), 9.43 MiB | 18.81 MiB/s   Receiving objects:  45% (10413/23138), 9.43 MiB | 18.81 MiB/s   Receiving objects:  46% (10644/23138), 9.43 MiB | 18.81 MiB/s   Receiving objects:  47% (10875/23138), 9.43 MiB | 18.81 MiB/s   Receiving objects:  48% (11107/23138), 9.43 MiB | 18.81 MiB/s   Receiving objects:  49% (11338/23138), 9.43 MiB | 18.81 MiB/s   Receiving objects:  50% (11569/23138), 9.43 MiB | 18.81 MiB/s   Receiving objects:  51% (11801/23138), 9.43 MiB | 18.81 MiB/s   Receiving objects:  52% (12032/23138), 9.43 MiB | 18.81 MiB/s   Receiving objects:  53% (12264/23138), 9.43 MiB | 18.81 MiB/s   Receiving objects:  54% (12495/23138), 9.43 MiB | 18.81 MiB/s   Receiving objects:  55% (12726/23138), 9.43 MiB | 18.81 MiB/s   Receiving objects:  56% (12958/23138), 9.43 MiB | 18.81 MiB/s   Receiving objects:  57% (13189/23138), 9.43 MiB | 18.81 MiB/s   Receiving objects:  58% (13421/23138), 9.43 MiB | 18.81 MiB/s   Receiving objects:  59% (13652/23138), 9.43 MiB | 18.81 MiB/s   Receiving objects:  60% (13883/23138), 9.43 MiB | 18.81 MiB/s   Receiving objects:  61% (14115/23138), 9.43 MiB | 18.81 MiB/s   Receiving objects:  62% (14346/23138), 9.43 MiB | 18.81 MiB/s   Receiving objects:  63% (14577/23138), 9.43 MiB | 18.81 MiB/s   Receiving objects:  64% (14809/23138), 9.43 MiB | 18.81 MiB/s   Receiving objects:  65% (15040/23138), 9.43 MiB | 18.81 MiB/s   Receiving objects:  66% (15272/23138), 9.43 MiB | 18.81 MiB/s   Receiving objects:  67% (15503/23138), 9.43 MiB | 18.81 MiB/s   Receiving objects:  68% (15734/23138), 9.43 MiB | 18.81 MiB/s   Receiving objects:  69% (15966/23138), 9.43 MiB | 18.81 MiB/s   Receiving objects:  70% (16197/23138), 9.43 MiB | 18.81 MiB/s   Receiving objects:  71% (16428/23138), 9.43 MiB | 18.81 MiB/s   Receiving objects:  72% (16660/23138), 9.43 MiB | 18.81 MiB/s   Receiving objects:  73% (16891/23138), 9.43 MiB | 18.81 MiB/s   Receiving objects:  74% (17123/23138), 9.43 MiB | 18.81 MiB/s   Receiving objects:  75% (17354/23138), 9.43 MiB | 18.81 MiB/s   Receiving objects:  76% (17585/23138), 9.43 MiB | 18.81 MiB/s   Receiving objects:  77% (17817/23138), 9.43 MiB | 18.81 MiB/s   Receiving objects:  78% (18048/23138), 9.43 MiB | 18.81 MiB/s   Receiving objects:  79% (18280/23138), 9.43 MiB | 18.81 MiB/s   Receiving objects:  80% (18511/23138), 9.43 MiB | 18.81 MiB/s   Receiving objects:  81% (18742/23138), 9.43 MiB | 18.81 MiB/s   Receiving objects:  82% (18974/23138), 9.43 MiB | 18.81 MiB/s   Receiving objects:  83% (19205/23138), 9.43 MiB | 18.81 MiB/s   Receiving objects:  84% (19436/23138), 9.43 MiB | 18.81 MiB/s   Receiving objects:  85% (19668/23138), 9.43 MiB | 18.81 MiB/s   Receiving objects:  86% (19899/23138), 9.43 MiB | 18.81 MiB/s   Receiving objects:  87% (20131/23138), 9.43 MiB | 18.81 MiB/s   Receiving objects:  88% (20362/23138), 9.43 MiB | 18.81 MiB/s   Receiving objects:  89% (20593/23138), 9.43 MiB | 18.81 MiB/s   Receiving objects:  90% (20825/23138), 9.43 MiB | 18.81 MiB/s   Receiving objects:  91% (21056/23138), 9.43 MiB | 18.81 MiB/s   Receiving objects:  92% (21287/23138), 9.43 MiB | 18.81 MiB/s   Receiving objects:  93% (21519/23138), 9.43 MiB | 18.81 MiB/s   Receiving objects:  94% (21750/23138), 9.43 MiB | 18.81 MiB/s   Receiving objects:  95% (21982/23138), 9.43 MiB | 18.81 MiB/s   Receiving objects:  96% (22213/23138), 9.43 MiB | 18.81 MiB/s   Receiving objects:  97% (22444/23138), 9.43 MiB | 18.81 MiB/s   Receiving objects:  98% (22676/23138), 9.43 MiB | 18.81 MiB/s   Receiving objects:  99% (22907/23138), 9.43 MiB | 18.81 MiB/s   remote: Total 23138 (delta 11059), reused 20198 (delta 8716), pack-reused 0[K
Receiving objects: 100% (23138/23138), 9.43 MiB | 18.81 MiB/s   Receiving objects: 100% (23138/23138), 18.53 MiB | 18.81 MiB/s, done.
Resolving deltas:   0% (0/11059)   Resolving deltas:   1% (118/11059)   Resolving deltas:   2% (233/11059)   Resolving deltas:   3% (340/11059)   Resolving deltas:   4% (443/11059)   Resolving deltas:   5% (553/11059)   Resolving deltas:   6% (672/11059)   Resolving deltas:   7% (776/11059)   Resolving deltas:   8% (886/11059)   Resolving deltas:   9% (1004/11059)   Resolving deltas:  10% (1109/11059)   Resolving deltas:  11% (1222/11059)   Resolving deltas:  12% (1329/11059)   Resolving deltas:  13% (1446/11059)   Resolving deltas:  14% (1558/11059)   Resolving deltas:  15% (1661/11059)   Resolving deltas:  16% (1776/11059)   Resolving deltas:  17% (1888/11059)   Resolving deltas:  18% (1992/11059)   Resolving deltas:  19% (2107/11059)   Resolving deltas:  20% (2212/11059)   Resolving deltas:  21% (2323/11059)   Resolving deltas:  22% (2507/11059)   Resolving deltas:  23% (2545/11059)   Resolving deltas:  24% (2662/11059)   Resolving deltas:  25% (2777/11059)   Resolving deltas:  26% (2891/11059)   Resolving deltas:  27% (2986/11059)   Resolving deltas:  28% (3104/11059)   Resolving deltas:  29% (3208/11059)   Resolving deltas:  30% (3327/11059)   Resolving deltas:  31% (3460/11059)   Resolving deltas:  32% (3545/11059)   Resolving deltas:  33% (3650/11059)   Resolving deltas:  34% (3762/11059)   Resolving deltas:  35% (3871/11059)   Resolving deltas:  36% (3987/11059)   Resolving deltas:  37% (4096/11059)   Resolving deltas:  38% (4205/11059)   Resolving deltas:  39% (4325/11059)   Resolving deltas:  40% (4424/11059)   Resolving deltas:  41% (4535/11059)   Resolving deltas:  42% (4645/11059)   Resolving deltas:  43% (4756/11059)   Resolving deltas:  44% (4866/11059)   Resolving deltas:  45% (4998/11059)   Resolving deltas:  46% (5089/11059)   Resolving deltas:  47% (5200/11059)   Resolving deltas:  48% (5320/11059)   Resolving deltas:  49% (5419/11059)   Resolving deltas:  50% (5531/11059)   Resolving deltas:  51% (5641/11059)   Resolving deltas:  52% (5760/11059)   Resolving deltas:  53% (5965/11059)   Resolving deltas:  54% (5980/11059)   Resolving deltas:  55% (6113/11059)   Resolving deltas:  56% (6232/11059)   Resolving deltas:  57% (6304/11059)   Resolving deltas:  58% (6503/11059)   Resolving deltas:  59% (6536/11059)   Resolving deltas:  60% (6703/11059)   Resolving deltas:  61% (6751/11059)   Resolving deltas:  62% (6918/11059)   Resolving deltas:  63% (7075/11059)   Resolving deltas:  64% (7102/11059)   Resolving deltas:  65% (7287/11059)   Resolving deltas:  66% (7303/11059)   Resolving deltas:  67% (7448/11059)   Resolving deltas:  68% (7524/11059)   Resolving deltas:  69% (7644/11059)   Resolving deltas:  70% (7742/11059)   Resolving deltas:  71% (7861/11059)   Resolving deltas:  74% (8211/11059)   Resolving deltas:  75% (8382/11059)   Resolving deltas:  76% (8482/11059)   Resolving deltas:  77% (8516/11059)   Resolving deltas:  78% (8631/11059)   Resolving deltas:  79% (8746/11059)   Resolving deltas:  80% (8849/11059)   Resolving deltas:  81% (8960/11059)   Resolving deltas:  82% (9069/11059)   Resolving deltas:  83% (9180/11059)   Resolving deltas:  84% (9317/11059)   Resolving deltas:  85% (9401/11059)   Resolving deltas:  86% (9512/11059)   Resolving deltas:  87% (9627/11059)   Resolving deltas:  89% (9902/11059)   Resolving deltas:  90% (9962/11059)   Resolving deltas:  91% (10064/11059)   Resolving deltas:  92% (10176/11059)   Resolving deltas:  93% (10309/11059)   Resolving deltas:  94% (10402/11059)   Resolving deltas:  95% (10509/11059)   Resolving deltas:  97% (10784/11059)   Resolving deltas:  98% (10851/11059)   Resolving deltas:  99% (10953/11059)   Resolving deltas: 100% (11059/11059)   Resolving deltas: 100% (11059/11059), done.
Checking connectivity... done.

travis_time:end:027e17ce:start=1472546349389911103,finish=1472546353949980472,duration=4560069369[0K$ cd apache/storm
travis_time:start:08eb6138[0K$ git fetch origin +refs/pull/1656/merge:
remote: Counting objects: 60, done.[K
remote: Compressing objects:   5% (1/18)   [Kremote: Compressing objects:  11% (2/18)   [Kremote: Compressing objects:  16% (3/18)   [Kremote: Compressing objects:  22% (4/18)   [Kremote: Compressing objects:  27% (5/18)   [Kremote: Compressing objects:  33% (6/18)   [Kremote: Compressing objects:  38% (7/18)   [Kremote: Compressing objects:  44% (8/18)   [Kremote: Compressing objects:  50% (9/18)   [Kremote: Compressing objects:  55% (10/18)   [Kremote: Compressing objects:  61% (11/18)   [Kremote: Compressing objects:  66% (12/18)   [Kremote: Compressing objects:  72% (13/18)   [Kremote: Compressing objects:  77% (14/18)   [Kremote: Compressing objects:  83% (15/18)   [Kremote: Compressing objects:  88% (16/18)   [Kremote: Compressing objects:  94% (17/18)   [Kremote: Compressing objects: 100% (18/18)   [Kremote: Compressing objects: 100% (18/18), done.[K
remote: Total 60 (delta 23), reused 57 (delta 22), pack-reused 0[K
Unpacking objects:   1% (1/60)   Unpacking objects:   3% (2/60)   Unpacking objects:   5% (3/60)   Unpacking objects:   6% (4/60)   Unpacking objects:   8% (5/60)   Unpacking objects:  10% (6/60)   Unpacking objects:  11% (7/60)   Unpacking objects:  13% (8/60)   Unpacking objects:  15% (9/60)   Unpacking objects:  16% (10/60)   Unpacking objects:  18% (11/60)   Unpacking objects:  20% (12/60)   Unpacking objects:  21% (13/60)   Unpacking objects:  23% (14/60)   Unpacking objects:  25% (15/60)   Unpacking objects:  26% (16/60)   Unpacking objects:  28% (17/60)   Unpacking objects:  30% (18/60)   Unpacking objects:  31% (19/60)   Unpacking objects:  33% (20/60)   Unpacking objects:  35% (21/60)   Unpacking objects:  36% (22/60)   Unpacking objects:  38% (23/60)   Unpacking objects:  40% (24/60)   Unpacking objects:  41% (25/60)   Unpacking objects:  43% (26/60)   Unpacking objects:  45% (27/60)   Unpacking objects:  46% (28/60)   Unpacking objects:  48% (29/60)   Unpacking objects:  50% (30/60)   Unpacking objects:  51% (31/60)   Unpacking objects:  53% (32/60)   Unpacking objects:  55% (33/60)   Unpacking objects:  56% (34/60)   Unpacking objects:  58% (35/60)   Unpacking objects:  60% (36/60)   Unpacking objects:  61% (37/60)   Unpacking objects:  63% (38/60)   Unpacking objects:  65% (39/60)   Unpacking objects:  66% (40/60)   Unpacking objects:  68% (41/60)   Unpacking objects:  70% (42/60)   Unpacking objects:  71% (43/60)   Unpacking objects:  73% (44/60)   Unpacking objects:  75% (45/60)   Unpacking objects:  76% (46/60)   Unpacking objects:  78% (47/60)   Unpacking objects:  80% (48/60)   Unpacking objects:  81% (49/60)   Unpacking objects:  83% (50/60)   Unpacking objects:  85% (51/60)   Unpacking objects:  86% (52/60)   Unpacking objects:  88% (53/60)   Unpacking objects:  90% (54/60)   Unpacking objects:  91% (55/60)   Unpacking objects:  93% (56/60)   Unpacking objects:  95% (57/60)   Unpacking objects:  96% (58/60)   Unpacking objects:  98% (59/60)   Unpacking objects: 100% (60/60)   Unpacking objects: 100% (60/60), done.
From https://github.com/apache/storm
 * branch            refs/pull/1656/merge -> FETCH_HEAD

travis_time:end:08eb6138:start=1472546353954167501,finish=1472546354303358891,duration=349191390[0K$ git checkout -qf FETCH_HEAD
travis_fold:end:git.checkout[0K
[33;1mThis job is running on container-based infrastructure, which does not allow use of 'sudo', setuid and setguid executables.[0m
[33;1mIf you require sudo, add 'sudo: required' to your .travis.yml[0m
[33;1mSee https://docs.travis-ci.com/user/workers/container-based-infrastructure/ for details.[0m

[33;1mSetting environment variables from .travis.yml[0m
$ export MODULES=storm-core

$ jdk_switcher use oraclejdk8
Switching to Oracle JDK8 (java-8-oracle), JAVA_HOME will be set to /usr/lib/jvm/java-8-oracle
travis_fold:start:cache.1[0KSetting up build cache
$ export CASHER_DIR=$HOME/.casher
travis_time:start:2ef4c597[0K$ Installing caching utilities

travis_time:end:2ef4c597:start=1472546357102430724,finish=1472546357149674010,duration=47243286[0Ktravis_time:start:07c19c88[0K
travis_time:end:07c19c88:start=1472546357154342141,finish=1472546357157539615,duration=3197474[0Ktravis_time:start:04f551ce[0K[32;1mattempting to download cache archive[0m
[32;1mfetching PR.1656/cache-linux-precise-4722ea394922d42b2b7eb84cff6efc764d76759821ac6f6efc13232aa923f595--jdk-oraclejdk8.tgz[0m
[32;1mfound cache[0m

travis_time:end:04f551ce:start=1472546357161336341,finish=1472546372830341100,duration=15669004759[0Ktravis_time:start:053fcf55[0K
travis_time:end:053fcf55:start=1472546372835121439,finish=1472546372839098393,duration=3976954[0Ktravis_time:start:001761e4[0K[32;1madding /home/travis/.m2/repository to cache[0m
[32;1madding /home/travis/.rvm to cache[0m
[32;1madding /home/travis/.nvm to cache[0m

travis_time:end:001761e4:start=1472546372844007408,finish=1472546389747607634,duration=16903600226[0Ktravis_fold:end:cache.1[0K$ java -Xmx32m -version
java version "1.8.0_31"
Java(TM) SE Runtime Environment (build 1.8.0_31-b13)
Java HotSpot(TM) 64-Bit Server VM (build 25.31-b07, mixed mode)
$ javac -J-Xmx32m -version
javac 1.8.0_31
travis_fold:start:before_install.1[0Ktravis_time:start:0f46b0b2[0K$ rvm use 2.1.5 --install
[32mUsing /home/travis/.rvm/gems/ruby-2.1.5[0m

travis_time:end:0f46b0b2:start=1472546393135171113,finish=1472546393460977657,duration=325806544[0Ktravis_fold:end:before_install.1[0Ktravis_fold:start:before_install.2[0Ktravis_time:start:2fe84202[0K$ nvm install 0.12.2
v0.12.2 is already installed.
Now using node v0.12.2

travis_time:end:2fe84202:start=1472546393466448577,finish=1472546393728424568,duration=261975991[0Ktravis_fold:end:before_install.2[0Ktravis_fold:start:before_install.3[0Ktravis_time:start:1e188123[0K$ nvm use 0.12.2
Now using node v0.12.2

travis_time:end:1e188123:start=1472546393734117360,finish=1472546393805192371,duration=71075011[0Ktravis_fold:end:before_install.3[0Ktravis_fold:start:install[0Ktravis_time:start:00b31b0a[0K$ /bin/bash ./dev-tools/travis/travis-install.sh `pwd`
Python version :   Python 2.7.3
Java HotSpot(TM) 64-Bit Server VM warning: ignoring option MaxPermSize=192m; support was removed in 8.0
Maven version  :   Apache Maven 3.2.5 (12a6b3acb947671f09b81f49094c53f426d8cea1; 2014-12-14T17:29:23+00:00) Maven home: /usr/local/maven Java version: 1.8.0_31, vendor: Oracle Corporation Java home: /usr/lib/jvm/java-8-oracle/jre Default locale: en_US, platform encoding: UTF-8 OS name: "linux", version: "3.13.0-40-generic", arch: "amd64", family: "unix"
['mvn', 'clean', 'install', '-DskipTests', '-Pnative', '--batch-mode'] writing to install.txt
2 seconds 2 log lines12 seconds 78 log lines22 seconds 231 log lines32 seconds 309 log lines74 seconds 327 log lines89 seconds 334 log lines100 seconds 408 log lines110 seconds 526 log lines127 seconds 658 log lines137 seconds 835 log lines152 seconds 883 log lines164 seconds 918 log lines175 seconds 984 log lines187 seconds 1308 log lines197 seconds 1555 log lines207 seconds 1667 log lines217 seconds 2079 log lines228 seconds 2215 log lines246 seconds 2365 log lines258 seconds 2667 log lines268 seconds 2831 log lines268 seconds 2832 log lines
['mvn', 'clean', 'install', '-DskipTests', '-Pnative', '--batch-mode'] done 0

travis_time:end:00b31b0a:start=1472546393810594231,finish=1472546663041350212,duration=269230755981[0Ktravis_fold:end:install[0Ktravis_time:start:018d2010[0K$ /bin/bash ./dev-tools/travis/travis-script.sh `pwd` $MODULES
Python version :   Python 2.7.3
Ruby version   :   ruby 2.1.5p273 (2014-11-13 revision 48405) [x86_64-linux]
NodeJs version :   v0.12.2
Java HotSpot(TM) 64-Bit Server VM warning: ignoring option MaxPermSize=192m; support was removed in 8.0
Maven version  :   Apache Maven 3.2.5 (12a6b3acb947671f09b81f49094c53f426d8cea1; 2014-12-14T17:29:23+00:00) Maven home: /usr/local/maven Java version: 1.8.0_31, vendor: Oracle Corporation Java home: /usr/lib/jvm/java-8-oracle/jre Default locale: en_US, platform encoding: UTF-8 OS name: "linux", version: "3.13.0-40-generic", arch: "amd64", family: "unix"
Java HotSpot(TM) 64-Bit Server VM warning: ignoring option MaxPermSize=192m; support was removed in 8.0
[INFO] Scanning for projects...
[INFO]                                                                         
[INFO] ------------------------------------------------------------------------
[INFO] Building Storm Core 2.0.0-SNAPSHOT
[INFO] ------------------------------------------------------------------------
[INFO] 
[INFO] --- exec-maven-plugin:1.2.1:exec (default) @ storm-core ---
[INFO] 
[INFO] --- maven-remote-resources-plugin:1.2.1:process (default) @ storm-core ---
[INFO] 
[INFO] --- storm-maven-plugins:2.0.0-SNAPSHOT:version-info (version-info) @ storm-core ---
[WARNING] [svn, info] failed with error code 1
[INFO] SCM: GIT
[INFO] Computed MD5: 1e6ea3d9c4af9469a2ed224cd3af48
[INFO] 
[INFO] --- maven-resources-plugin:2.5:resources (default-resources) @ storm-core ---
[debug] execute contextualize
[INFO] Using 'UTF-8' encoding to copy filtered resources.
[INFO] Copying 9 resources
[INFO] Copying 1 resource to META-INF
[INFO] Copying 0 resource
[INFO] Copying 1 resource
[INFO] Copying 3 resources
[INFO] 
[INFO] --- maven-compiler-plugin:3.1:compile (default-compile) @ storm-core ---
[INFO] Nothing to compile - all classes are up to date
[INFO] 
[INFO] --- clojure-maven-plugin:1.7.1:compile (compile-clojure) @ storm-core ---
Compiling org.apache.storm.trident.testing to /home/travis/build/apache/storm/storm-core/target/classes
08:44:55.558 [main] WARN  o.a.s.m.StormMetricsRegistry - Metric ui:num-topology-op-response-http-requests has already been registered
08:44:55.573 [main] WARN  o.a.s.m.StormMetricsRegistry - Metric ui:num-topology-op-response-http-requests has already been registered
Compiling org.apache.storm.config to /home/travis/build/apache/storm/storm-core/target/classes
Compiling org.apache.storm.LocalCluster to /home/travis/build/apache/storm/storm-core/target/classes
Compiling org.apache.storm.internal.clojure to /home/travis/build/apache/storm/storm-core/target/classes
Compiling org.apache.storm.daemon.logviewer to /home/travis/build/apache/storm/storm-core/target/classes
Compiling org.apache.storm.daemon.drpc to /home/travis/build/apache/storm/storm-core/target/classes
Compiling org.apache.storm.daemon.local-supervisor to /home/travis/build/apache/storm/storm-core/target/classes
Compiling org.apache.storm.testing4j to /home/travis/build/apache/storm/storm-core/target/classes
Compiling org.apache.storm.ui.core to /home/travis/build/apache/storm/storm-core/target/classes
Compiling org.apache.storm.ui.helpers to /home/travis/build/apache/storm/storm-core/target/classes
Compiling org.apache.storm.converter to /home/travis/build/apache/storm/storm-core/target/classes
Compiling org.apache.storm.daemon.nimbus to /home/travis/build/apache/storm/storm-core/target/classes
Compiling org.apache.storm.testing to /home/travis/build/apache/storm/storm-core/target/classes
Compiling org.apache.storm.daemon.local-executor to /home/travis/build/apache/storm/storm-core/target/classes
Compiling org.apache.storm.internal.thrift to /home/travis/build/apache/storm/storm-core/target/classes
Compiling org.apache.storm.local-state-converter to /home/travis/build/apache/storm/storm-core/target/classes
Compiling org.apache.storm.log to /home/travis/build/apache/storm/storm-core/target/classes
Compiling org.apache.storm.daemon.common to /home/travis/build/apache/storm/storm-core/target/classes
Compiling org.apache.storm.command.shell-submission to /home/travis/build/apache/storm/storm-core/target/classes
Compiling org.apache.storm.util to /home/travis/build/apache/storm/storm-core/target/classes
Compiling org.apache.storm.daemon.worker to /home/travis/build/apache/storm/storm-core/target/classes
Compiling org.apache.storm.scheduler.IsolationScheduler to /home/travis/build/apache/storm/storm-core/target/classes
[INFO] 
[INFO] --- make-maven-plugin:1.0-beta-1:autoreconf (compile) @ storm-core ---
[INFO] 
[INFO] --- make-maven-plugin:1.0-beta-1:configure (compile) @ storm-core ---
[INFO] /bin/sh: 14: /home/travis/.jdk_switcher_rc: [[: not found
[INFO] /bin/sh: 22: /home/travis/.jdk_switcher_rc: [[: not found
[INFO] /bin/sh: 32: /home/travis/.jdk_switcher_rc: [[: not found
[INFO] /bin/sh: 42: /home/travis/.jdk_switcher_rc: [[: not found
[INFO] /bin/sh: 3: /etc/profile.d/rvm.sh: [[: not found
[INFO] checking for gcc... gcc
[INFO] checking whether the C compiler works... yes
[INFO] checking for C compiler default output file name... a.out
[INFO] checking for suffix of executables... 
[INFO] checking whether we are cross compiling... no
[INFO] checking for suffix of object files... o
[INFO] checking whether we are using the GNU C compiler... yes
[INFO] checking whether gcc accepts -g... yes
[INFO] checking for gcc option to accept ISO C89... none needed
[INFO] checking how to run the C preprocessor... gcc -E
[INFO] checking for grep that handles long lines and -e... /bin/grep
[INFO] checking for egrep... /bin/grep -E
[INFO] checking for ANSI C header files... yes
[INFO] checking for sys/types.h... yes
[INFO] checking for sys/stat.h... yes
[INFO] checking for stdlib.h... yes
[INFO] checking for string.h... yes
[INFO] checking for memory.h... yes
[INFO] checking for strings.h... yes
[INFO] checking for inttypes.h... yes
[INFO] checking for stdint.h... yes
[INFO] checking for unistd.h... yes
[INFO] checking minix/config.h usability... no
[INFO] checking minix/config.h presence... no
[INFO] checking for minix/config.h... no
[INFO] checking whether it is safe to define __EXTENSIONS__... yes
[INFO] checking for a BSD-compatible install... /usr/bin/install -c
[INFO] checking whether build environment is sane... yes
[INFO] checking for a thread-safe mkdir -p... /bin/mkdir -p
[INFO] checking for gawk... gawk
[INFO] checking whether make sets $(MAKE)... yes
[INFO] checking for style of include used by make... GNU
[INFO] checking dependency style of gcc... gcc3
[INFO] checking for gcc... (cached) gcc
[INFO] checking whether we are using the GNU C compiler... (cached) yes
[INFO] checking whether gcc accepts -g... (cached) yes
[INFO] checking for gcc option to accept ISO C89... (cached) none needed
[INFO] checking whether gcc and cc understand -c and -o together... yes
[INFO] checking for unistd.h... (cached) yes
[INFO] checking for stdbool.h that conforms to C99... yes
[INFO] checking for _Bool... yes
[INFO] checking for an ANSI C-conforming const... yes
[INFO] checking for off_t... yes
[INFO] checking for size_t... yes
[INFO] checking whether strerror_r is declared... yes
[INFO] checking for strerror_r... yes
[INFO] checking whether strerror_r returns char *... yes
[INFO] checking for mkdir... yes
[INFO] checking for uname... yes
[INFO] configure: creating ./config.status
[INFO] config.status: creating Makefile
[INFO] config.status: executing depfiles commands
[INFO] 
[INFO] --- make-maven-plugin:1.0-beta-1:make-install (compile) @ storm-core ---
[INFO] /bin/sh: 14: /home/travis/.jdk_switcher_rc: [[: not found
[INFO] /bin/sh: 22: /home/travis/.jdk_switcher_rc: [[: not found
[INFO] /bin/sh: 32: /home/travis/.jdk_switcher_rc: [[: not found
[INFO] /bin/sh: 42: /home/travis/.jdk_switcher_rc: [[: not found
[INFO] /bin/sh: 3: /etc/profile.d/rvm.sh: [[: not found
[INFO] make[1]: Entering directory `/home/travis/build/apache/storm/storm-core/target/native/worker-launcher'
[INFO] test -z "/usr/local/bin" || /bin/mkdir -p "/home/travis/build/apache/storm/storm-core/target/native/target/usr/local/bin"
[INFO]   /usr/bin/install -c worker-launcher '/home/travis/build/apache/storm/storm-core/target/native/target/usr/local/bin'
[INFO] make[1]: Nothing to be done for `install-data-am'.
[INFO] make[1]: Leaving directory `/home/travis/build/apache/storm/storm-core/target/native/worker-launcher'
[INFO] 
[INFO] --- maven-resources-plugin:2.5:testResources (default-testResources) @ storm-core ---
[debug] execute contextualize
[INFO] Using 'UTF-8' encoding to copy filtered resources.
[INFO] Copying 14 resources
[INFO] Copying 2 resources
[INFO] Copying 3 resources
[INFO] 
[INFO] --- maven-dependency-plugin:2.8:unpack (unpack) @ storm-core ---
[INFO] Configured Artifact: org.apache.storm:multilang-ruby:2.0.0-SNAPSHOT:jar
[INFO] Downloading: https://repository.apache.org/snapshots/org/apache/storm/multilang-ruby/2.0.0-SNAPSHOT/maven-metadata.xml
[INFO] Configured Artifact: org.apache.storm:multilang-python:2.0.0-SNAPSHOT:jar
[INFO] Downloading: https://repository.apache.org/snapshots/org/apache/storm/multilang-python/2.0.0-SNAPSHOT/maven-metadata.xml
[INFO] Configured Artifact: org.apache.storm:multilang-javascript:2.0.0-SNAPSHOT:jar
[INFO] Downloading: https://repository.apache.org/snapshots/org/apache/storm/multilang-javascript/2.0.0-SNAPSHOT/maven-metadata.xml
[INFO] multilang-ruby-2.0.0-SNAPSHOT.jar already unpacked.
[INFO] multilang-python-2.0.0-SNAPSHOT.jar already unpacked.
[INFO] multilang-javascript-2.0.0-SNAPSHOT.jar already unpacked.
[INFO] 
[INFO] --- maven-compiler-plugin:3.1:testCompile (default-testCompile) @ storm-core ---
[INFO] Changes detected - recompiling the module!
[INFO] Compiling 70 source files to /home/travis/build/apache/storm/storm-core/target/test-classes
[WARNING] /home/travis/build/apache/storm/storm-core/test/jvm/org/apache/storm/localizer/LocalizerTest.java: Some input files use or override a deprecated API.
[WARNING] /home/travis/build/apache/storm/storm-core/test/jvm/org/apache/storm/localizer/LocalizerTest.java: Recompile with -Xlint:deprecation for details.
[WARNING] /home/travis/build/apache/storm/storm-core/test/jvm/org/apache/storm/spout/CheckpointSpoutTest.java: Some input files use unchecked or unsafe operations.
[WARNING] /home/travis/build/apache/storm/storm-core/test/jvm/org/apache/storm/spout/CheckpointSpoutTest.java: Recompile with -Xlint:unchecked for details.
[INFO] 
[INFO] --- maven-surefire-plugin:2.18.1:test (default-test) @ storm-core ---
[INFO] Surefire report directory: /home/travis/build/apache/storm/storm-core/target/surefire-reports
[INFO] parallel='none', perCoreThreadCount=true, threadCount=0, useUnlimitedThreads=false, threadCountSuites=0, threadCountClasses=0, threadCountMethods=0, parallelOptimized=true

-------------------------------------------------------
 T E S T S
-------------------------------------------------------
Running org.apache.storm.spout.CheckpointSpoutTest
Tests run: 7, Failures: 0, Errors: 0, Skipped: 0, Time elapsed: 0.781 sec - in org.apache.storm.spout.CheckpointSpoutTest
Running org.apache.storm.utils.TimeTest
Tests run: 8, Failures: 0, Errors: 0, Skipped: 0, Time elapsed: 0 sec - in org.apache.storm.utils.TimeTest
Running org.apache.storm.utils.WorkerBackpressureThreadTest
Tests run: 1, Failures: 0, Errors: 0, Skipped: 0, Time elapsed: 0.195 sec - in org.apache.storm.utils.WorkerBackpressureThreadTest
Running org.apache.storm.utils.DisruptorQueueTest
Tests run: 3, Failures: 0, Errors: 0, Skipped: 0, Time elapsed: 4.38 sec - in org.apache.storm.utils.DisruptorQueueTest
Running org.apache.storm.utils.UtilsTest
Tests run: 8, Failures: 0, Errors: 0, Skipped: 0, Time elapsed: 0.162 sec - in org.apache.storm.utils.UtilsTest
Running org.apache.storm.utils.DisruptorQueueBackpressureTest
Tests run: 1, Failures: 0, Errors: 0, Skipped: 0, Time elapsed: 0.001 sec - in org.apache.storm.utils.DisruptorQueueBackpressureTest
Running org.apache.storm.utils.ThriftTopologyUtilsTest
Tests run: 6, Failures: 0, Errors: 0, Skipped: 0, Time elapsed: 0.083 sec - in org.apache.storm.utils.ThriftTopologyUtilsTest
Running org.apache.storm.utils.ShellBoltMessageQueueTest
Tests run: 3, Failures: 0, Errors: 0, Skipped: 0, Time elapsed: 2.025 sec - in org.apache.storm.utils.ShellBoltMessageQueueTest
Running org.apache.storm.utils.ZookeeperServerCnxnFactoryTest
Tests run: 2, Failures: 0, Errors: 0, Skipped: 0, Time elapsed: 0.579 sec - in org.apache.storm.utils.ZookeeperServerCnxnFactoryTest
Running org.apache.storm.utils.StormBoundedExponentialBackoffRetryTest
Tests run: 5, Failures: 0, Errors: 0, Skipped: 0, Time elapsed: 3.558 sec - in org.apache.storm.utils.StormBoundedExponentialBackoffRetryTest
Running org.apache.storm.command.TestCLI
Tests run: 1, Failures: 0, Errors: 0, Skipped: 0, Time elapsed: 0.936 sec - in org.apache.storm.command.TestCLI
Running org.apache.storm.command.RebalanceTest
Tests run: 2, Failures: 0, Errors: 0, Skipped: 0, Time elapsed: 0.017 sec - in org.apache.storm.command.RebalanceTest
Running org.apache.storm.command.SetLogLevelTest
Tests run: 3, Failures: 0, Errors: 0, Skipped: 0, Time elapsed: 0.557 sec - in org.apache.storm.command.SetLogLevelTest
Running org.apache.storm.serialization.ThriftBridgeSerializationDelegateTest
Tests run: 1, Failures: 0, Errors: 0, Skipped: 0, Time elapsed: 0.5 sec - in org.apache.storm.serialization.ThriftBridgeSerializationDelegateTest
Running org.apache.storm.serialization.GzipBridgeSerializationDelegateTest
Tests run: 3, Failures: 0, Errors: 0, Skipped: 0, Time elapsed: 1.339 sec - in org.apache.storm.serialization.GzipBridgeSerializationDelegateTest
Running org.apache.storm.serialization.GzipBridgeThriftSerializationDelegateTest
Tests run: 3, Failures: 0, Errors: 0, Skipped: 0, Time elapsed: 0.052 sec - in org.apache.storm.serialization.GzipBridgeThriftSerializationDelegateTest
Running org.apache.storm.serialization.SerializationTest
Tests run: 3, Failures: 0, Errors: 0, Skipped: 0, Time elapsed: 54.855 sec - in org.apache.storm.serialization.SerializationTest
Running org.apache.storm.serialization.SerializationFactoryTest
Tests run: 3, Failures: 0, Errors: 0, Skipped: 0, Time elapsed: 1.208 sec - in org.apache.storm.serialization.SerializationFactoryTest
Running org.apache.storm.trident.TridentWindowingTest
Tests run: 3, Failures: 0, Errors: 0, Skipped: 0, Time elapsed: 0.245 sec - in org.apache.storm.trident.TridentWindowingTest
Running org.apache.storm.trident.TestTridentTopology
Tests run: 1, Failures: 0, Errors: 0, Skipped: 0, Time elapsed: 67.308 sec - in org.apache.storm.trident.TestTridentTopology
Running org.apache.storm.metric.internal.LatencyStatAndMetricTest
Tests run: 1, Failures: 0, Errors: 0, Skipped: 0, Time elapsed: 0.034 sec - in org.apache.storm.metric.internal.LatencyStatAndMetricTest
Running org.apache.storm.metric.internal.CountStatAndMetricTest
Tests run: 1, Failures: 0, Errors: 0, Skipped: 0, Time elapsed: 0.021 sec - in org.apache.storm.metric.internal.CountStatAndMetricTest
Running org.apache.storm.metric.internal.RateTrackerTest
Tests run: 4, Failures: 0, Errors: 0, Skipped: 0, Time elapsed: 0.006 sec - in org.apache.storm.metric.internal.RateTrackerTest
Running org.apache.storm.metric.filter.FilterByMetricNameTest
Tests run: 4, Failures: 0, Errors: 0, Skipped: 0, Time elapsed: 0.142 sec - in org.apache.storm.metric.filter.FilterByMetricNameTest
Running org.apache.storm.metric.util.DataPointExpanderTest
Tests run: 5, Failures: 0, Errors: 0, Skipped: 0, Time elapsed: 0.098 sec - in org.apache.storm.metric.util.DataPointExpanderTest
Running org.apache.storm.windowing.WaterMarkEventGeneratorTest
Tests run: 5, Failures: 0, Errors: 0, Skipped: 0, Time elapsed: 0.421 sec - in org.apache.storm.windowing.WaterMarkEventGeneratorTest
Running org.apache.storm.windowing.WindowManagerTest
Tests run: 12, Failures: 0, Errors: 0, Skipped: 0, Time elapsed: 0.741 sec - in org.apache.storm.windowing.WindowManagerTest
Running org.apache.storm.topology.StatefulBoltExecutorTest
Tests run: 7, Failures: 0, Errors: 0, Skipped: 0, Time elapsed: 2.294 sec - in org.apache.storm.topology.StatefulBoltExecutorTest
Running org.apache.storm.topology.StatefulWindowedBoltExecutorTest
Tests run: 4, Failures: 0, Errors: 0, Skipped: 0, Time elapsed: 0.208 sec - in org.apache.storm.topology.StatefulWindowedBoltExecutorTest
Running org.apache.storm.topology.TopologyBuilderTest
Tests run: 5, Failures: 0, Errors: 0, Skipped: 0, Time elapsed: 0.344 sec - in org.apache.storm.topology.TopologyBuilderTest
Running org.apache.storm.topology.WindowedBoltExecutorTest
Tests run: 5, Failures: 0, Errors: 0, Skipped: 0, Time elapsed: 0.693 sec - in org.apache.storm.topology.WindowedBoltExecutorTest
Running org.apache.storm.localizer.LocalizerTest
Tests run: 13, Failures: 0, Errors: 0, Skipped: 0, Time elapsed: 8.03 sec - in org.apache.storm.localizer.LocalizerTest
Running org.apache.storm.localizer.LocalizedResourceRetentionSetTest
Tests run: 2, Failures: 0, Errors: 0, Skipped: 0, Time elapsed: 0.158 sec - in org.apache.storm.localizer.LocalizedResourceRetentionSetTest
Running org.apache.storm.localizer.LocalizedResourceSetTest
Tests run: 4, Failures: 0, Errors: 0, Skipped: 0, Time elapsed: 0.046 sec - in org.apache.storm.localizer.LocalizedResourceSetTest
Running org.apache.storm.security.auth.authorizer.DRPCSimpleACLAuthorizerTest
Tests run: 7, Failures: 0, Errors: 0, Skipped: 0, Time elapsed: 0.022 sec - in org.apache.storm.security.auth.authorizer.DRPCSimpleACLAuthorizerTest
Running org.apache.storm.security.auth.DefaultHttpCredentialsPluginTest
Tests run: 2, Failures: 0, Errors: 0, Skipped: 0, Time elapsed: 0.046 sec - in org.apache.storm.security.auth.DefaultHttpCredentialsPluginTest
Running org.apache.storm.security.auth.AuthUtilsTest
Tests run: 15, Failures: 0, Errors: 0, Skipped: 0, Time elapsed: 0.103 sec - in org.apache.storm.security.auth.AuthUtilsTest
Running org.apache.storm.security.auth.ThriftServerTest
Tests run: 2, Failures: 0, Errors: 0, Skipped: 0, Time elapsed: 0.06 sec - in org.apache.storm.security.auth.ThriftServerTest
Running org.apache.storm.security.auth.SaslTransportPluginTest
Tests run: 2, Failures: 0, Errors: 0, Skipped: 0, Time elapsed: 0.018 sec - in org.apache.storm.security.auth.SaslTransportPluginTest
Running org.apache.storm.security.auth.ThriftClientTest
Tests run: 4, Failures: 0, Errors: 0, Skipped: 0, Time elapsed: 0.054 sec - in org.apache.storm.security.auth.ThriftClientTest
Running org.apache.storm.security.auth.ReqContextTest
Tests run: 4, Failures: 0, Errors: 0, Skipped: 0, Time elapsed: 0.005 sec - in org.apache.storm.security.auth.ReqContextTest
Running org.apache.storm.security.serialization.BlowfishTupleSerializerTest
Tests run: 3, Failures: 0, Errors: 0, Skipped: 0, Time elapsed: 1.213 sec - in org.apache.storm.security.serialization.BlowfishTupleSerializerTest
Running org.apache.storm.blobstore.BlobStoreTest
Tests run: 4, Failures: 0, Errors: 0, Skipped: 0, Time elapsed: 6.476 sec - in org.apache.storm.blobstore.BlobStoreTest
Running org.apache.storm.blobstore.BlobSynchronizerTest
Tests run: 4, Failures: 0, Errors: 0, Skipped: 0, Time elapsed: 8.598 sec - in org.apache.storm.blobstore.BlobSynchronizerTest
Running org.apache.storm.blobstore.ClientBlobStoreTest
Tests run: 4, Failures: 0, Errors: 0, Skipped: 0, Time elapsed: 0.019 sec - in org.apache.storm.blobstore.ClientBlobStoreTest
Running org.apache.storm.cluster.StormClusterStateImplTest
Tests run: 5, Failures: 0, Errors: 0, Skipped: 0, Time elapsed: 0.04 sec - in org.apache.storm.cluster.StormClusterStateImplTest
Running org.apache.storm.dependency.DependencyPropertiesParserTest
Tests run: 5, Failures: 0, Errors: 0, Skipped: 0, Time elapsed: 0.024 sec - in org.apache.storm.dependency.DependencyPropertiesParserTest
Running org.apache.storm.dependency.DependencyUploaderTest
Tests run: 8, Failures: 0, Errors: 0, Skipped: 0, Time elapsed: 0.273 sec - in org.apache.storm.dependency.DependencyUploaderTest
Running org.apache.storm.scheduler.resource.strategies.scheduling.TestDefaultResourceAwareStrategy
Tests run: 2, Failures: 0, Errors: 0, Skipped: 0, Time elapsed: 2.81 sec - in org.apache.storm.scheduler.resource.strategies.scheduling.TestDefaultResourceAwareStrategy
Running org.apache.storm.scheduler.resource.TestResourceAwareScheduler
Tests run: 14, Failures: 0, Errors: 0, Skipped: 0, Time elapsed: 16.213 sec - in org.apache.storm.scheduler.resource.TestResourceAwareScheduler
Running org.apache.storm.scheduler.resource.TestUser
Tests run: 3, Failures: 0, Errors: 0, Skipped: 0, Time elapsed: 7.508 sec - in org.apache.storm.scheduler.resource.TestUser
Running org.apache.storm.nimbus.LocalNimbusTest
Tests run: 1, Failures: 0, Errors: 0, Skipped: 0, Time elapsed: 84.346 sec - in org.apache.storm.nimbus.LocalNimbusTest
Running org.apache.storm.tuple.FieldsTest
Tests run: 12, Failures: 0, Errors: 0, Skipped: 0, Time elapsed: 0.001 sec - in org.apache.storm.tuple.FieldsTest
Running org.apache.storm.stats.TestStatsUtil
Tests run: 6, Failures: 0, Errors: 0, Skipped: 0, Time elapsed: 0.002 sec - in org.apache.storm.stats.TestStatsUtil
Running org.apache.storm.grouping.PartialKeyGroupingTest
Tests run: 2, Failures: 0, Errors: 0, Skipped: 0, Time elapsed: 0.038 sec - in org.apache.storm.grouping.PartialKeyGroupingTest
Running org.apache.storm.state.InMemoryKeyValueStateTest
Tests run: 2, Failures: 0, Errors: 0, Skipped: 0, Time elapsed: 0.011 sec - in org.apache.storm.state.InMemoryKeyValueStateTest
Running org.apache.storm.TestConfigValidate
Tests run: 25, Failures: 0, Errors: 0, Skipped: 0, Time elapsed: 0.266 sec - in org.apache.storm.TestConfigValidate
Running org.apache.storm.PacemakerTest
Tests run: 9, Failures: 0, Errors: 0, Skipped: 0, Time elapsed: 0.215 sec - in org.apache.storm.PacemakerTest
Running org.apache.storm.PaceMakerStateStorageFactoryTest
Tests run: 10, Failures: 0, Errors: 0, Skipped: 0, Time elapsed: 0.052 sec - in org.apache.storm.PaceMakerStateStorageFactoryTest
Running org.apache.storm.TestCgroups
Tests run: 1, Failures: 0, Errors: 0, Skipped: 1, Time elapsed: 0.008 sec - in org.apache.storm.TestCgroups

Results :

Tests run: 295, Failures: 0, Errors: 0, Skipped: 1

[INFO] 
[INFO] --- clojure-maven-plugin:1.7.1:test (test-clojure) @ storm-core ---
5524 [main] WARN  o.a.s.m.StormMetricsRegistry - Metric ui:num-topology-op-response-http-requests has already been registered
5525 [main] WARN  o.a.s.m.StormMetricsRegistry - Metric ui:num-topology-op-response-http-requests has already been registered
16896 [main] WARN  o.a.s.m.StormMetricsRegistry - Metric drpc:num-execute-http-requests has already been registered
Running org.apache.storm.cluster-test
Tests run: 10, Passed: 92, Failures: 0, Errors: 0
Running org.apache.storm.trident.tuple-test
Tests run: 6, Passed: 36, Failures: 0, Errors: 0
Running org.apache.storm.security.auth.auto-login-module-test
Tests run: 6, Passed: 22, Failures: 0, Errors: 0
Running org.apache.storm.transactional-test
Tests run: 7, Passed: 110, Failures: 0, Errors: 0
Running org.apache.storm.serialization-test
Tests run: 1, Passed: 0, Failures: 0, Errors: 0
Running org.apache.storm.security.auth.auth-test
Tests run: 13, Passed: 94, Failures: 0, Errors: 0
Running org.apache.storm.messaging-test
Tests run: 1, Passed: 2, Failures: 0, Errors: 0
Running org.apache.storm.submitter-test
Tests run: 1, Passed: 13, Failures: 0, Errors: 0
Running integration.org.apache.storm.integration-test
Tests run: 18, Passed: 51, Failures: 0, Errors: 0
Running org.apache.storm.metrics-test
Tests run: 8, Passed: 66, Failures: 0, Errors: 0
Running org.apache.storm.scheduler-test
Tests run: 4, Passed: 64, Failures: 0, Errors: 0
Running org.apache.storm.messaging.netty-unit-test
Tests run: 5, Passed: 24, Failures: 0, Errors: 0
Running org.apache.storm.local-state-test
Tests run: 2, Passed: 10, Failures: 0, Errors: 0
Running org.apache.storm.messaging.netty-integration-test
Tests run: 1, Passed: 1, Failures: 0, Errors: 0
Running org.apache.storm.versioned-store-test
Tests run: 2, Passed: 5, Failures: 0, Errors: 0
Running org.apache.storm.tuple-test
Tests run: 4, Passed: 13, Failures: 0, Errors: 0
Running org.apache.storm.supervisor-test
Tests run: 20, Passed: 59, Failures: 0, Errors: 0
Running org.apache.storm.security.auth.nimbus-auth-test
Tests run: 5, Passed: 39, Failures: 0, Errors: 0
Running org.apache.storm.logviewer-test
Tests run: 12, Passed: 118, Failures: 0, Errors: 0
Running org.apache.storm.trident.state-test
Tests run: 5, Passed: 37, Failures: 0, Errors: 0
Running org.apache.storm.security.auth.drpc-auth-test
Tests run: 4, Passed: 22, Failures: 0, Errors: 0
Running org.apache.storm.scheduler.multitenant-scheduler-test
Tests run: 17, Passed: 235, Failures: 0, Errors: 0
Running integration.org.apache.storm.testing4j-test
Tests run: 8, Passed: 36, Failures: 0, Errors: 0
Running org.apache.storm.clojure-test
Tests run: 3, Passed: 5, Failures: 0, Errors: 0
Running org.apache.storm.drpc-test
132581 [Thread-1708] INFO  o.a.s.u.Utils - Async loop interrupted!
134952 [Thread-2130] INFO  o.a.s.u.Utils - Async loop interrupted!
137369 [Thread-2198] INFO  o.a.s.u.Utils - Async loop interrupted!
140006 [Thread-2266] INFO  o.a.s.u.Utils - Async loop interrupted!
142331 [Thread-2305] INFO  o.a.s.u.Utils - Async loop interrupted!
Tests run: 9, Passed: 17, Failures: 0, Errors: 0
Running org.apache.storm.worker-test
Tests run: 8, Passed: 35, Failures: 0, Errors: 0
Running org.apache.storm.tick-tuple-test
Tests run: 1, Passed: 1, Failures: 0, Errors: 0
Running integration.org.apache.storm.trident.integration-test
Tests run: 9, Passed: 141, Failures: 0, Errors: 0
Running org.apache.storm.grouping-test
Tests run: 5, Passed: 15, Failures: 0, Errors: 0
Running org.apache.storm.nimbus-test
200778 [Thread-2406] INFO  o.a.s.u.Utils - Async loop interrupted!
200778 [Thread-2355] INFO  o.a.s.u.Utils - Async loop interrupted!
Tests run: 44, Passed: 804, Failures: 0, Errors: 0
Running org.apache.storm.subtopology-test
Tests run: 0, Passed: 0, Failures: 0, Errors: 0
[INFO] 
[INFO] --- apache-rat-plugin:0.11:check (default) @ storm-core ---
[INFO] 51 implicit excludes (use -debug for more details).
[INFO] Exclude: **/target/**
[INFO] Exclude: **/*.iml
[INFO] Exclude: **/.idea/**
[INFO] Exclude: **/*.classpath
[INFO] Exclude: **/.project
[INFO] Exclude: **/.settings/**
[INFO] Exclude: **/metastore_db/**
[INFO] Exclude: **/build/**
[INFO] Exclude: **/logs/**
[INFO] Exclude: **/CHANGELOG.md
[INFO] Exclude: **/README.md
[INFO] Exclude: **/README.markdown
[INFO] Exclude: **/DEVELOPER.md
[INFO] Exclude: **/BYLAWS.md
[INFO] Exclude: **/STORM-UI-REST-API.md
[INFO] Exclude: SECURITY.md
[INFO] Exclude: VERSION
[INFO] Exclude: TODO
[INFO] Exclude: **/src/py/**
[INFO] Exclude: **/src/ui/public/js/jquery.dataTables.1.10.4.min.js
[INFO] Exclude: **/src/ui/public/css/jquery.dataTables.1.10.4.min.css
[INFO] Exclude: **/src/ui/public/images/*
[INFO] Exclude: **/src/ui/public/js/bootstrap-3.3.1.min.js
[INFO] Exclude: **/src/ui/public/css/bootstrap-3.3.1.min.css
[INFO] Exclude: **/src/ui/public/js/dataTables.bootstrap.min.js
[INFO] Exclude: **/src/ui/public/css/dataTables.bootstrap.css
[INFO] Exclude: **/src/ui/public/js/jsonFormatter.min.js
[INFO] Exclude: **/src/ui/public/css/jsonFormatter.min.css
[INFO] Exclude: **/src/ui/public/js/jquery-1.11.1.min.js
[INFO] Exclude: **/src/ui/public/js/jquery.cookies.2.2.0.min.js
[INFO] Exclude: **/src/ui/public/js/moment.min.js
[INFO] Exclude: **/src/ui/public/js/jquery.blockUI.min.js
[INFO] Exclude: **/src/ui/public/js/url.min.js
[INFO] Exclude: **/src/ui/public/js/arbor.js
[INFO] Exclude: **/src/ui/public/js/arbor-graphics.js
[INFO] Exclude: **/src/ui/public/js/arbor-tween.js
[INFO] Exclude: **/src/ui/public/js/jquery.mustache.js
[INFO] Exclude: **/src/ui/public/js/typeahead.jquery.min.js
[INFO] Exclude: **/dependency-reduced-pom.xml
[INFO] Exclude: **/docs/**
[INFO] Exclude: **/.git/**
[INFO] Exclude: **/derby.log
[INFO] Exclude: **/src/dev/**
[INFO] Exclude: **/src/codegen/config.fmpp
[INFO] Exclude: **/src/codegen/data/Parser.tdd
[INFO] Exclude: **/src/test/resources/FixedAvroSerializer.config
[INFO] 1106 resources included (use -debug for more details)
Warning:  org.apache.xerces.jaxp.SAXParserImpl$JAXPSAXParser: Property 'http://www.oracle.com/xml/jaxp/properties/entityExpansionLimit' is not recognized.
Compiler warnings:
  WARNING:  'org.apache.xerces.jaxp.SAXParserImpl: Property 'http://javax.xml.XMLConstants/property/accessExternalDTD' is not recognized.'
Warning:  org.apache.xerces.parsers.SAXParser: Feature 'http://javax.xml.XMLConstants/feature/secure-processing' is not recognized.
Warning:  org.apache.xerces.parsers.SAXParser: Property 'http://javax.xml.XMLConstants/property/accessExternalDTD' is not recognized.
Warning:  org.apache.xerces.parsers.SAXParser: Property 'http://www.oracle.com/xml/jaxp/properties/entityExpansionLimit' is not recognized.
[INFO] Rat check: Summary of files. Unapproved: 1 unknown: 1 generated: 0 approved: 1099 licence.
[INFO] ------------------------------------------------------------------------
[INFO] BUILD FAILURE
[INFO] ------------------------------------------------------------------------
[INFO] Total time: 09:49 min
[INFO] Finished at: 2016-08-30T08:54:14+00:00
[INFO] Final Memory: 45M/350M
[INFO] ------------------------------------------------------------------------
[ERROR] Failed to execute goal org.apache.rat:apache-rat-plugin:0.11:check (default) on project storm-core: Too many files with unapproved license: 1 See RAT report in: /home/travis/build/apache/storm/storm-core/target/rat.txt -> [Help 1]
[ERROR] 
[ERROR] To see the full stack trace of the errors, re-run Maven with the -e switch.
[ERROR] Re-run Maven using the -X switch to enable full debug logging.
[ERROR] 
[ERROR] For more information about the errors and possible solutions, please read the following articles:
[ERROR] [Help 1] http://cwiki.apache.org/confluence/display/MAVEN/MojoFailureException
Looking for errors in ./storm-core/target/surefire-reports
Checking ./storm-core/target/surefire-reports/TEST-org.apache.storm.spout.CheckpointSpoutTest.xml
Checking ./storm-core/target/surefire-reports/TEST-org.apache.storm.utils.TimeTest.xml
Checking ./storm-core/target/surefire-reports/TEST-org.apache.storm.utils.WorkerBackpressureThreadTest.xml
Checking ./storm-core/target/surefire-reports/TEST-org.apache.storm.utils.DisruptorQueueTest.xml
Checking ./storm-core/target/surefire-reports/TEST-org.apache.storm.utils.UtilsTest.xml
Checking ./storm-core/target/surefire-reports/TEST-org.apache.storm.utils.DisruptorQueueBackpressureTest.xml
Checking ./storm-core/target/surefire-reports/TEST-org.apache.storm.utils.ThriftTopologyUtilsTest.xml
Checking ./storm-core/target/surefire-reports/TEST-org.apache.storm.utils.ShellBoltMessageQueueTest.xml
Checking ./storm-core/target/surefire-reports/TEST-org.apache.storm.utils.ZookeeperServerCnxnFactoryTest.xml
Checking ./storm-core/target/surefire-reports/TEST-org.apache.storm.utils.StormBoundedExponentialBackoffRetryTest.xml
Checking ./storm-core/target/surefire-reports/TEST-org.apache.storm.command.TestCLI.xml
Checking ./storm-core/target/surefire-reports/TEST-org.apache.storm.command.RebalanceTest.xml
Checking ./storm-core/target/surefire-reports/TEST-org.apache.storm.command.SetLogLevelTest.xml
Checking ./storm-core/target/surefire-reports/TEST-org.apache.storm.serialization.ThriftBridgeSerializationDelegateTest.xml
Checking ./storm-core/target/surefire-reports/TEST-org.apache.storm.serialization.GzipBridgeSerializationDelegateTest.xml
Checking ./storm-core/target/surefire-reports/TEST-org.apache.storm.serialization.GzipBridgeThriftSerializationDelegateTest.xml
Checking ./storm-core/target/surefire-reports/TEST-org.apache.storm.serialization.SerializationTest.xml
Checking ./storm-core/target/surefire-reports/TEST-org.apache.storm.serialization.SerializationFactoryTest.xml
Checking ./storm-core/target/surefire-reports/TEST-org.apache.storm.trident.TridentWindowingTest.xml
Checking ./storm-core/target/surefire-reports/TEST-org.apache.storm.trident.TestTridentTopology.xml
Checking ./storm-core/target/surefire-reports/TEST-org.apache.storm.metric.internal.LatencyStatAndMetricTest.xml
Checking ./storm-core/target/surefire-reports/TEST-org.apache.storm.metric.internal.CountStatAndMetricTest.xml
Checking ./storm-core/target/surefire-reports/TEST-org.apache.storm.metric.internal.RateTrackerTest.xml
Checking ./storm-core/target/surefire-reports/TEST-org.apache.storm.metric.filter.FilterByMetricNameTest.xml
Checking ./storm-core/target/surefire-reports/TEST-org.apache.storm.metric.util.DataPointExpanderTest.xml
Checking ./storm-core/target/surefire-reports/TEST-org.apache.storm.windowing.WaterMarkEventGeneratorTest.xml
Checking ./storm-core/target/surefire-reports/TEST-org.apache.storm.windowing.WindowManagerTest.xml
Checking ./storm-core/target/surefire-reports/TEST-org.apache.storm.topology.StatefulBoltExecutorTest.xml
Checking ./storm-core/target/surefire-reports/TEST-org.apache.storm.topology.StatefulWindowedBoltExecutorTest.xml
Checking ./storm-core/target/surefire-reports/TEST-org.apache.storm.topology.TopologyBuilderTest.xml
Checking ./storm-core/target/surefire-reports/TEST-org.apache.storm.topology.WindowedBoltExecutorTest.xml
Checking ./storm-core/target/surefire-reports/TEST-org.apache.storm.localizer.LocalizerTest.xml
Checking ./storm-core/target/surefire-reports/TEST-org.apache.storm.localizer.LocalizedResourceRetentionSetTest.xml
Checking ./storm-core/target/surefire-reports/TEST-org.apache.storm.localizer.LocalizedResourceSetTest.xml
Checking ./storm-core/target/surefire-reports/TEST-org.apache.storm.security.auth.authorizer.DRPCSimpleACLAuthorizerTest.xml
Checking ./storm-core/target/surefire-reports/TEST-org.apache.storm.security.auth.DefaultHttpCredentialsPluginTest.xml
Checking ./storm-core/target/surefire-reports/TEST-org.apache.storm.security.auth.AuthUtilsTest.xml
Checking ./storm-core/target/surefire-reports/TEST-org.apache.storm.security.auth.ThriftServerTest.xml
Checking ./storm-core/target/surefire-reports/TEST-org.apache.storm.security.auth.SaslTransportPluginTest.xml
Checking ./storm-core/target/surefire-reports/TEST-org.apache.storm.security.auth.ThriftClientTest.xml
Checking ./storm-core/target/surefire-reports/TEST-org.apache.storm.security.auth.ReqContextTest.xml
Checking ./storm-core/target/surefire-reports/TEST-org.apache.storm.security.serialization.BlowfishTupleSerializerTest.xml
Checking ./storm-core/target/surefire-reports/TEST-org.apache.storm.blobstore.BlobStoreTest.xml
Checking ./storm-core/target/surefire-reports/TEST-org.apache.storm.blobstore.BlobSynchronizerTest.xml
Checking ./storm-core/target/surefire-reports/TEST-org.apache.storm.blobstore.ClientBlobStoreTest.xml
Checking ./storm-core/target/surefire-reports/TEST-org.apache.storm.cluster.StormClusterStateImplTest.xml
Checking ./storm-core/target/surefire-reports/TEST-org.apache.storm.dependency.DependencyPropertiesParserTest.xml
Checking ./storm-core/target/surefire-reports/TEST-org.apache.storm.dependency.DependencyUploaderTest.xml
Checking ./storm-core/target/surefire-reports/TEST-org.apache.storm.scheduler.resource.strategies.scheduling.TestDefaultResourceAwareStrategy.xml
Checking ./storm-core/target/surefire-reports/TEST-org.apache.storm.scheduler.resource.TestResourceAwareScheduler.xml
Checking ./storm-core/target/surefire-reports/TEST-org.apache.storm.scheduler.resource.TestUser.xml
Checking ./storm-core/target/surefire-reports/TEST-org.apache.storm.nimbus.LocalNimbusTest.xml
Checking ./storm-core/target/surefire-reports/TEST-org.apache.storm.tuple.FieldsTest.xml
Checking ./storm-core/target/surefire-reports/TEST-org.apache.storm.stats.TestStatsUtil.xml
Checking ./storm-core/target/surefire-reports/TEST-org.apache.storm.grouping.PartialKeyGroupingTest.xml
Checking ./storm-core/target/surefire-reports/TEST-org.apache.storm.state.InMemoryKeyValueStateTest.xml
Checking ./storm-core/target/surefire-reports/TEST-org.apache.storm.TestConfigValidate.xml
Checking ./storm-core/target/surefire-reports/TEST-org.apache.storm.PacemakerTest.xml
Checking ./storm-core/target/surefire-reports/TEST-org.apache.storm.PaceMakerStateStorageFactoryTest.xml
Checking ./storm-core/target/surefire-reports/TEST-org.apache.storm.TestCgroups.xml
Looking for errors in ./storm-core/target/test-reports
Checking ./storm-core/target/test-reports/org.apache.storm.cluster-test.xml
Checking ./storm-core/target/test-reports/org.apache.storm.trident.tuple-test.xml
Checking ./storm-core/target/test-reports/org.apache.storm.security.auth.auto-login-module-test.xml
Checking ./storm-core/target/test-reports/org.apache.storm.transactional-test.xml
Checking ./storm-core/target/test-reports/org.apache.storm.serialization-test.xml
Checking ./storm-core/target/test-reports/org.apache.storm.security.auth.auth-test.xml
Checking ./storm-core/target/test-reports/org.apache.storm.messaging-test.xml
Checking ./storm-core/target/test-reports/org.apache.storm.submitter-test.xml
Checking ./storm-core/target/test-reports/integration.org.apache.storm.integration-test.xml
Checking ./storm-core/target/test-reports/org.apache.storm.metrics-test.xml
Checking ./storm-core/target/test-reports/org.apache.storm.scheduler-test.xml
Checking ./storm-core/target/test-reports/org.apache.storm.messaging.netty-unit-test.xml
Checking ./storm-core/target/test-reports/org.apache.storm.local-state-test.xml
Checking ./storm-core/target/test-reports/org.apache.storm.messaging.netty-integration-test.xml
Checking ./storm-core/target/test-reports/org.apache.storm.versioned-store-test.xml
Checking ./storm-core/target/test-reports/org.apache.storm.tuple-test.xml
Checking ./storm-core/target/test-reports/org.apache.storm.supervisor-test.xml
Checking ./storm-core/target/test-reports/org.apache.storm.security.auth.nimbus-auth-test.xml
Checking ./storm-core/target/test-reports/org.apache.storm.logviewer-test.xml
Checking ./storm-core/target/test-reports/org.apache.storm.trident.state-test.xml
Checking ./storm-core/target/test-reports/org.apache.storm.security.auth.drpc-auth-test.xml
Checking ./storm-core/target/test-reports/org.apache.storm.scheduler.multitenant-scheduler-test.xml
Checking ./storm-core/target/test-reports/integration.org.apache.storm.testing4j-test.xml
Checking ./storm-core/target/test-reports/org.apache.storm.clojure-test.xml
Checking ./storm-core/target/test-reports/org.apache.storm.drpc-test.xml
Checking ./storm-core/target/test-reports/org.apache.storm.worker-test.xml
Checking ./storm-core/target/test-reports/org.apache.storm.tick-tuple-test.xml
Checking ./storm-core/target/test-reports/integration.org.apache.storm.trident.integration-test.xml
Checking ./storm-core/target/test-reports/org.apache.storm.grouping-test.xml
Checking ./storm-core/target/test-reports/org.apache.storm.nimbus-test.xml
Checking ./storm-core/target/test-reports/org.apache.storm.subtopology-test.xml

travis_time:end:018d2010:start=1472546663046921623,finish=1472547256699615633,duration=593652694010[0K
[31;1mThe command "/bin/bash ./dev-tools/travis/travis-script.sh `pwd` $MODULES" exited with 1.[0m
travis_fold:start:cache.2[0Kstore build cache
travis_time:start:20841e52[0K
travis_time:end:20841e52:start=1472547256705646251,finish=1472547256710079172,duration=4432921[0Ktravis_time:start:005ad980[0K[32;1mchange detected (content changed, file is created, or file is deleted):
/home/travis/.m2/repository/eigenbase/eigenbase-properties/1.1.4/eigenbase-properties-1.1.4.pom.lastUpdated
/home/travis/.m2/repository/io/confluent/kafka-avro-serializer/1.0/kafka-avro-serializer-1.0.pom.lastUpdated
/home/travis/.m2/repository/io/confluent/kafka-schema-registry-client/1.0/kafka-schema-registry-client-1.0.pom.lastUpdated
/home/travis/.m2/repository/net/hydromatic/linq4j/0.4/linq4j-0.4.pom.lastUpdated
/home/travis/.m2/repository/net/hydromatic/quidem/0.1.1/quidem-0.1.1.pom.lastUpdated
/home/travis/.m2/repository/org/apache/storm/flux/2.0.0-SNAPSHOT/maven-metadata-local.xml
/home/travis/.m2/repository/org/apache/storm/flux/2.0.0-SNAPSHOT/_remote.repositories
/home/travis/.m2/repository/org/apache/storm/flux-core/2.0.0-SNAPSHOT/flux-core-2.0.0-SNAPSHOT.jar
/home/travis/.m2/repository/org/apache/storm/flux-core/2.0.0-SNAPSHOT/maven-metadata-local.xml
/home/travis/.m2/repository/org/apache/storm/flux-core/2.0.0-SNAPSHOT/_remote.repositories
/home/travis/.m2/repository/org/ap
[0m
[32;1m...
[0m
[32;1mchanges detected, packing new archive[0m
.
.
.
.
.
.
.
.
.
[32;1muploading archive[0m

travis_time:end:005ad980:start=1472547256715108684,finish=1472547325341188965,duration=68626080281[0Ktravis_fold:end:cache.2[0K
Done. Your build exited with 1.
