Using worker: worker-linux-89e97461-1.bb.travis-ci.org:travis-linux-15

travis_fold:start:system_info[0K[33;1mBuild system information[0m
Build language: java
[34m[1mBuild image provisioning date and time[0m
Wed Feb  4 18:22:50 UTC 2015
[34m[1mOperating System Details[0m
Distributor ID:	Ubuntu
Description:	Ubuntu 12.04 LTS
Release:	12.04
Codename:	precise
[34m[1mLinux Version[0m
2.6.32-042stab090.5
[34m[1mCookbooks Version[0m
23bb455 https://github.com/travis-ci/travis-cookbooks/tree/23bb455
[34m[1mGCC version[0m
gcc (Ubuntu/Linaro 4.6.3-1ubuntu5) 4.6.3
Copyright (C) 2011 Free Software Foundation, Inc.
This is free software; see the source for copying conditions.  There is NO
warranty; not even for MERCHANTABILITY or FITNESS FOR A PARTICULAR PURPOSE.

[34m[1mLLVM version[0m
clang version 3.4 (tags/RELEASE_34/final)
Target: x86_64-unknown-linux-gnu
Thread model: posix
[34m[1mPre-installed Ruby versions[0m
ruby-1.9.3-p551
[34m[1mPre-installed Node.js versions[0m
v0.10.36
[34m[1mPre-installed Go versions[0m
1.4.1
[34m[1mRedis version[0m
redis-server 2.8.19
[34m[1mriak version[0m
2.0.2
[34m[1mMongoDB version[0m
MongoDB 2.4.12
[34m[1mCouchDB version[0m
couchdb 1.6.1
[34m[1mNeo4j version[0m
1.9.4
[34m[1mCassandra version[0m
2.0.9
[34m[1mRabbitMQ Version[0m
3.4.3
[34m[1mElasticSearch version[0m
1.4.0
[34m[1mInstalled Sphinx versions[0m
2.0.10
2.1.9
2.2.6
[34m[1mDefault Sphinx version[0m
2.2.6
[34m[1mInstalled Firefox version[0m
firefox 31.0esr
[34m[1mPhantomJS version[0m
1.9.8
[34m[1mant -version[0m
Apache Ant(TM) version 1.8.2 compiled on December 3 2011
[34m[1mmvn -version[0m
Apache Maven 3.2.5 (12a6b3acb947671f09b81f49094c53f426d8cea1; 2014-12-14T17:29:23+00:00)
Maven home: /usr/local/maven
Java version: 1.7.0_76, vendor: Oracle Corporation
Java home: /usr/lib/jvm/java-7-oracle/jre
Default locale: en, platform encoding: UTF-8
OS name: "linux", version: "2.6.32-042stab090.5", arch: "amd64", family: "unix"
travis_fold:end:system_info[0K
travis_fold:start:git.checkout[0Ktravis_time:start:05062358[0K$ git clone --depth=50 git://github.com/EnterpriseQualityCoding/FizzBuzzEnterpriseEdition.git EnterpriseQualityCoding/FizzBuzzEnterpriseEdition
Cloning into 'EnterpriseQualityCoding/FizzBuzzEnterpriseEdition'...
remote: Counting objects: 1618, done.[K
Receiving objects:   0% (1/1618)   Receiving objects:   1% (17/1618)   Receiving objects:   2% (33/1618)   Receiving objects:   3% (49/1618)   Receiving objects:   4% (65/1618)   Receiving objects:   5% (81/1618)   Receiving objects:   6% (98/1618)   Receiving objects:   7% (114/1618)   Receiving objects:   8% (130/1618)   Receiving objects:   9% (146/1618)   Receiving objects:  10% (162/1618)   Receiving objects:  11% (178/1618)   Receiving objects:  12% (195/1618)   Receiving objects:  13% (211/1618)   Receiving objects:  14% (227/1618)   Receiving objects:  15% (243/1618)   Receiving objects:  16% (259/1618)   Receiving objects:  17% (276/1618)   Receiving objects:  18% (292/1618)   Receiving objects:  19% (308/1618)   Receiving objects:  20% (324/1618)   Receiving objects:  21% (340/1618)   Receiving objects:  22% (356/1618)   Receiving objects:  23% (373/1618)   Receiving objects:  24% (389/1618)   Receiving objects:  25% (405/1618)   Receiving objects:  26% (421/1618)   Receiving objects:  27% (437/1618)   Receiving objects:  28% (454/1618)   Receiving objects:  29% (470/1618)   Receiving objects:  30% (486/1618)   Receiving objects:  31% (502/1618)   Receiving objects:  32% (518/1618)   Receiving objects:  33% (534/1618)   Receiving objects:  34% (551/1618)   Receiving objects:  35% (567/1618)   Receiving objects:  36% (583/1618)   Receiving objects:  37% (599/1618)   Receiving objects:  38% (615/1618)   Receiving objects:  39% (632/1618)   Receiving objects:  40% (648/1618)   Receiving objects:  41% (664/1618)   Receiving objects:  42% (680/1618)   Receiving objects:  43% (696/1618)   Receiving objects:  44% (712/1618)   Receiving objects:  45% (729/1618)   Receiving objects:  46% (745/1618)   Receiving objects:  47% (761/1618)   Receiving objects:  48% (777/1618)   Receiving objects:  49% (793/1618)   Receiving objects:  50% (809/1618)   Receiving objects:  51% (826/1618)   Receiving objects:  52% (842/1618)   Receiving objects:  53% (858/1618)   Receiving objects:  54% (874/1618)   Receiving objects:  55% (890/1618)   Receiving objects:  56% (907/1618)   remote: Total 1618 (delta 0), reused 0 (delta 0), pack-reused 1618[K
Receiving objects:  57% (923/1618)   Receiving objects:  58% (939/1618)   Receiving objects:  59% (955/1618)   Receiving objects:  60% (971/1618)   Receiving objects:  61% (987/1618)   Receiving objects:  62% (1004/1618)   Receiving objects:  63% (1020/1618)   Receiving objects:  64% (1036/1618)   Receiving objects:  65% (1052/1618)   Receiving objects:  66% (1068/1618)   Receiving objects:  67% (1085/1618)   Receiving objects:  68% (1101/1618)   Receiving objects:  69% (1117/1618)   Receiving objects:  70% (1133/1618)   Receiving objects:  71% (1149/1618)   Receiving objects:  72% (1165/1618)   Receiving objects:  73% (1182/1618)   Receiving objects:  74% (1198/1618)   Receiving objects:  75% (1214/1618)   Receiving objects:  76% (1230/1618)   Receiving objects:  77% (1246/1618)   Receiving objects:  78% (1263/1618)   Receiving objects:  79% (1279/1618)   Receiving objects:  80% (1295/1618)   Receiving objects:  81% (1311/1618)   Receiving objects:  82% (1327/1618)   Receiving objects:  83% (1343/1618)   Receiving objects:  84% (1360/1618)   Receiving objects:  85% (1376/1618)   Receiving objects:  86% (1392/1618)   Receiving objects:  87% (1408/1618)   Receiving objects:  88% (1424/1618)   Receiving objects:  89% (1441/1618)   Receiving objects:  90% (1457/1618)   Receiving objects:  91% (1473/1618)   Receiving objects:  92% (1489/1618)   Receiving objects:  93% (1505/1618)   Receiving objects:  94% (1521/1618)   Receiving objects:  95% (1538/1618)   Receiving objects:  96% (1554/1618)   Receiving objects:  97% (1570/1618)   Receiving objects:  98% (1586/1618)   Receiving objects:  99% (1602/1618)   Receiving objects: 100% (1618/1618)   Receiving objects: 100% (1618/1618), 193.15 KiB | 0 bytes/s, done.
Resolving deltas:   0% (0/616)   Resolving deltas:   1% (7/616)   Resolving deltas:   2% (17/616)   Resolving deltas:   3% (21/616)   Resolving deltas:   4% (28/616)   Resolving deltas:   5% (31/616)   Resolving deltas:   9% (58/616)   Resolving deltas:  10% (66/616)   Resolving deltas:  11% (70/616)   Resolving deltas:  12% (75/616)   Resolving deltas:  13% (83/616)   Resolving deltas:  16% (100/616)   Resolving deltas:  17% (107/616)   Resolving deltas:  21% (130/616)   Resolving deltas:  23% (145/616)   Resolving deltas:  26% (161/616)   Resolving deltas:  27% (169/616)   Resolving deltas:  29% (183/616)   Resolving deltas:  30% (187/616)   Resolving deltas:  31% (192/616)   Resolving deltas:  32% (200/616)   Resolving deltas:  33% (207/616)   Resolving deltas:  34% (211/616)   Resolving deltas:  35% (217/616)   Resolving deltas:  36% (222/616)   Resolving deltas:  38% (236/616)   Resolving deltas:  40% (251/616)   Resolving deltas:  41% (253/616)   Resolving deltas:  42% (261/616)   Resolving deltas:  43% (265/616)   Resolving deltas:  44% (272/616)   Resolving deltas:  45% (279/616)   Resolving deltas:  46% (288/616)   Resolving deltas:  48% (301/616)   Resolving deltas:  49% (306/616)   Resolving deltas:  50% (313/616)   Resolving deltas:  51% (316/616)   Resolving deltas:  52% (321/616)   Resolving deltas:  53% (329/616)   Resolving deltas:  54% (335/616)   Resolving deltas:  55% (339/616)   Resolving deltas:  56% (347/616)   Resolving deltas:  57% (353/616)   Resolving deltas:  58% (358/616)   Resolving deltas:  59% (367/616)   Resolving deltas:  60% (370/616)   Resolving deltas:  61% (376/616)   Resolving deltas:  62% (384/616)   Resolving deltas:  63% (391/616)   Resolving deltas:  64% (398/616)   Resolving deltas:  65% (403/616)   Resolving deltas:  66% (407/616)   Resolving deltas:  67% (414/616)   Resolving deltas:  68% (422/616)   Resolving deltas:  69% (427/616)   Resolving deltas:  70% (432/616)   Resolving deltas:  71% (441/616)   Resolving deltas:  72% (448/616)   Resolving deltas:  73% (451/616)   Resolving deltas:  74% (460/616)   Resolving deltas:  75% (462/616)   Resolving deltas:  76% (469/616)   Resolving deltas:  77% (475/616)   Resolving deltas:  78% (481/616)   Resolving deltas:  79% (487/616)   Resolving deltas:  81% (500/616)   Resolving deltas:  82% (506/616)   Resolving deltas:  83% (514/616)   Resolving deltas:  84% (518/616)   Resolving deltas:  85% (524/616)   Resolving deltas:  86% (531/616)   Resolving deltas:  87% (540/616)   Resolving deltas:  88% (543/616)   Resolving deltas:  89% (549/616)   Resolving deltas:  91% (561/616)   Resolving deltas:  92% (570/616)   Resolving deltas:  93% (576/616)   Resolving deltas:  94% (582/616)   Resolving deltas:  95% (587/616)   Resolving deltas:  97% (598/616)   Resolving deltas:  98% (605/616)   Resolving deltas:  99% (610/616)   Resolving deltas: 100% (616/616)   Resolving deltas: 100% (616/616), done.
Checking connectivity... done.
travis_time:end:05062358:start=1441071932960011556,finish=1441071933089652877,duration=129641321[0K$ cd EnterpriseQualityCoding/FizzBuzzEnterpriseEdition
travis_time:start:02830632[0K$ git fetch origin +refs/pull/221/merge:
remote: Counting objects: 93, done.[K
remote: Compressing objects:   1% (1/78)   [Kremote: Compressing objects:   2% (2/78)   [Kremote: Compressing objects:   3% (3/78)   [Kremote: Compressing objects:   5% (4/78)   [Kremote: Compressing objects:   6% (5/78)   [Kremote: Compressing objects:   7% (6/78)   [Kremote: Compressing objects:   8% (7/78)   [Kremote: Compressing objects:  10% (8/78)   [Kremote: Compressing objects:  11% (9/78)   [Kremote: Compressing objects:  12% (10/78)   [Kremote: Compressing objects:  14% (11/78)   [Kremote: Compressing objects:  15% (12/78)   [Kremote: Compressing objects:  16% (13/78)   [Kremote: Compressing objects:  17% (14/78)   [Kremote: Compressing objects:  19% (15/78)   [Kremote: Compressing objects:  20% (16/78)   [Kremote: Compressing objects:  21% (17/78)   [Kremote: Compressing objects:  23% (18/78)   [Kremote: Compressing objects:  24% (19/78)   [Kremote: Compressing objects:  25% (20/78)   [Kremote: Compressing objects:  26% (21/78)   [Kremote: Compressing objects:  28% (22/78)   [Kremote: Compressing objects:  29% (23/78)   [Kremote: Compressing objects:  30% (24/78)   [Kremote: Compressing objects:  32% (25/78)   [Kremote: Compressing objects:  33% (26/78)   [Kremote: Compressing objects:  34% (27/78)   [Kremote: Compressing objects:  35% (28/78)   [Kremote: Compressing objects:  37% (29/78)   [Kremote: Compressing objects:  38% (30/78)   [Kremote: Compressing objects:  39% (31/78)   [Kremote: Compressing objects:  41% (32/78)   [Kremote: Compressing objects:  42% (33/78)   [Kremote: Compressing objects:  43% (34/78)   [Kremote: Compressing objects:  44% (35/78)   [Kremote: Compressing objects:  46% (36/78)   [Kremote: Compressing objects:  47% (37/78)   [Kremote: Compressing objects:  48% (38/78)   [Kremote: Compressing objects:  50% (39/78)   [Kremote: Compressing objects:  51% (40/78)   [Kremote: Compressing objects:  52% (41/78)   [Kremote: Compressing objects:  53% (42/78)   [Kremote: Compressing objects:  55% (43/78)   [Kremote: Compressing objects:  56% (44/78)   [Kremote: Compressing objects:  57% (45/78)   [Kremote: Compressing objects:  58% (46/78)   [Kremote: Compressing objects:  60% (47/78)   [Kremote: Compressing objects:  61% (48/78)   [Kremote: Compressing objects:  62% (49/78)   [Kremote: Compressing objects:  64% (50/78)   [Kremote: Compressing objects:  65% (51/78)   [Kremote: Compressing objects:  66% (52/78)   [Kremote: Compressing objects:  67% (53/78)   [Kremote: Compressing objects:  69% (54/78)   [Kremote: Compressing objects:  70% (55/78)   [Kremote: Compressing objects:  71% (56/78)   [Kremote: Compressing objects:  73% (57/78)   [Kremote: Compressing objects:  74% (58/78)   [Kremote: Compressing objects:  75% (59/78)   [Kremote: Compressing objects:  76% (60/78)   [Kremote: Compressing objects:  78% (61/78)   [Kremote: Compressing objects:  79% (62/78)   [Kremote: Compressing objects:  80% (63/78)   [Kremote: Compressing objects:  82% (64/78)   [Kremote: Compressing objects:  83% (65/78)   [Kremote: Compressing objects:  84% (66/78)   [Kremote: Compressing objects:  85% (67/78)   [Kremote: Compressing objects:  87% (68/78)   [Kremote: Compressing objects:  88% (69/78)   [Kremote: Compressing objects:  89% (70/78)   [Kremote: Compressing objects:  91% (71/78)   [Kremote: Compressing objects:  92% (72/78)   [Kremote: Compressing objects:  93% (73/78)   [Kremote: Compressing objects:  94% (74/78)   [Kremote: Compressing objects:  96% (75/78)   [Kremote: Compressing objects:  97% (76/78)   [Kremote: Compressing objects:  98% (77/78)   [Kremote: Compressing objects: 100% (78/78)   [Kremote: Compressing objects: 100% (78/78), done.[K
remote: Total 93 (delta 35), reused 0 (delta 0), pack-reused 0[K
Unpacking objects:   1% (1/93)   Unpacking objects:   2% (2/93)   Unpacking objects:   3% (3/93)   Unpacking objects:   4% (4/93)   Unpacking objects:   5% (5/93)   Unpacking objects:   6% (6/93)   Unpacking objects:   7% (7/93)   Unpacking objects:   8% (8/93)   Unpacking objects:   9% (9/93)   Unpacking objects:  10% (10/93)   Unpacking objects:  11% (11/93)   Unpacking objects:  12% (12/93)   Unpacking objects:  13% (13/93)   Unpacking objects:  15% (14/93)   Unpacking objects:  16% (15/93)   Unpacking objects:  17% (16/93)   Unpacking objects:  18% (17/93)   Unpacking objects:  19% (18/93)   Unpacking objects:  20% (19/93)   Unpacking objects:  21% (20/93)   Unpacking objects:  22% (21/93)   Unpacking objects:  23% (22/93)   Unpacking objects:  24% (23/93)   Unpacking objects:  25% (24/93)   Unpacking objects:  26% (25/93)   Unpacking objects:  27% (26/93)   Unpacking objects:  29% (27/93)   Unpacking objects:  30% (28/93)   Unpacking objects:  31% (29/93)   Unpacking objects:  32% (30/93)   Unpacking objects:  33% (31/93)   Unpacking objects:  34% (32/93)   Unpacking objects:  35% (33/93)   Unpacking objects:  36% (34/93)   Unpacking objects:  37% (35/93)   Unpacking objects:  38% (36/93)   Unpacking objects:  39% (37/93)   Unpacking objects:  40% (38/93)   Unpacking objects:  41% (39/93)   Unpacking objects:  43% (40/93)   Unpacking objects:  44% (41/93)   Unpacking objects:  45% (42/93)   Unpacking objects:  46% (43/93)   Unpacking objects:  47% (44/93)   Unpacking objects:  48% (45/93)   Unpacking objects:  49% (46/93)   Unpacking objects:  50% (47/93)   Unpacking objects:  51% (48/93)   Unpacking objects:  52% (49/93)   Unpacking objects:  53% (50/93)   Unpacking objects:  54% (51/93)   Unpacking objects:  55% (52/93)   Unpacking objects:  56% (53/93)   Unpacking objects:  58% (54/93)   Unpacking objects:  59% (55/93)   Unpacking objects:  60% (56/93)   Unpacking objects:  61% (57/93)   Unpacking objects:  62% (58/93)   Unpacking objects:  63% (59/93)   Unpacking objects:  64% (60/93)   Unpacking objects:  65% (61/93)   Unpacking objects:  66% (62/93)   Unpacking objects:  67% (63/93)   Unpacking objects:  68% (64/93)   Unpacking objects:  69% (65/93)   Unpacking objects:  70% (66/93)   Unpacking objects:  72% (67/93)   Unpacking objects:  73% (68/93)   Unpacking objects:  74% (69/93)   Unpacking objects:  75% (70/93)   Unpacking objects:  76% (71/93)   Unpacking objects:  77% (72/93)   Unpacking objects:  78% (73/93)   Unpacking objects:  79% (74/93)   Unpacking objects:  80% (75/93)   Unpacking objects:  81% (76/93)   Unpacking objects:  82% (77/93)   Unpacking objects:  83% (78/93)   Unpacking objects:  84% (79/93)   Unpacking objects:  86% (80/93)   Unpacking objects:  87% (81/93)   Unpacking objects:  88% (82/93)   Unpacking objects:  89% (83/93)   Unpacking objects:  90% (84/93)   Unpacking objects:  91% (85/93)   Unpacking objects:  92% (86/93)   Unpacking objects:  93% (87/93)   Unpacking objects:  94% (88/93)   Unpacking objects:  95% (89/93)   Unpacking objects:  96% (90/93)   Unpacking objects:  97% (91/93)   Unpacking objects:  98% (92/93)   Unpacking objects: 100% (93/93)   Unpacking objects: 100% (93/93), done.
From git://github.com/EnterpriseQualityCoding/FizzBuzzEnterpriseEdition
 * branch            refs/pull/221/merge -> FETCH_HEAD
travis_time:end:02830632:start=1441071933097824046,finish=1441071933238836476,duration=141012430[0K$ git checkout -qf FETCH_HEAD
travis_fold:end:git.checkout[0K$ jdk_switcher use oraclejdk7
Switching to Oracle JDK7 (java-7-oracle), JAVA_HOME will be set to /usr/lib/jvm/java-7-oracle
$ java -Xmx32m -version
java version "1.7.0_76"
Java(TM) SE Runtime Environment (build 1.7.0_76-b13)
Java HotSpot(TM) 64-Bit Server VM (build 24.76-b04, mixed mode)
$ javac -J-Xmx32m -version
javac 1.7.0_76
travis_fold:start:before_install[0Ktravis_time:start:02e0a278[0K$ sudo pip install codecov
[33mThe directory '/home/travis/.cache/pip/log' or its parent directory is not owned by the current user and the debug log has been disabled. Please check the permissions and owner of that directory. If executing pip with sudo, you may want the -H flag.[0m
[33mThe directory '/home/travis/.cache/pip/http' or its parent directory is not owned by the current user and the cache has been disabled. Please check the permissions and owner of that directory. If executing pip with sudo, you may want the -H flag.[0m
[33mYou are using pip version 6.0.7, however version 7.1.2 is available.
You should consider upgrading via the 'pip install --upgrade pip' command.[0m
[33mThe directory '/home/travis/.cache/pip/http' or its parent directory is not owned by the current user and the cache has been disabled. Please check the permissions and owner of that directory. If executing pip with sudo, you may want the -H flag.[0m
Collecting codecov
  Downloading codecov-1.3.1.tar.gz
Collecting requests>=2.0.0 (from codecov)
  Downloading requests-2.7.0-py2.py3-none-any.whl (470kB)
[?25l[K    0% |                                | 4.1kB 27.7MB/s eta 0:00:01[K    1% |                                | 8.2kB 22.9MB/s eta 0:00:01[K    2% |                                | 12kB 24.6MB/s eta 0:00:01[K    3% |#                               | 16kB 22.4MB/s eta 0:00:01[K    4% |#                               | 20kB 23.8MB/s eta 0:00:01[K    5% |#                               | 24kB 25.0MB/s eta 0:00:01[K    6% |#                               | 28kB 25.7MB/s eta 0:00:01[K    6% |##                              | 32kB 2.6MB/s eta 0:00:01[K    7% |##                              | 36kB 2.9MB/s eta 0:00:01[K    8% |##                              | 40kB 3.2MB/s eta 0:00:01[K    9% |###                             | 45kB 3.2MB/s eta 0:00:01[K    10% |###                             | 49kB 3.2MB/s eta 0:00:01[K    11% |###                             | 53kB 3.1MB/s eta 0:00:01[K    12% |###                             | 57kB 3.2MB/s eta 0:00:01[K    13% |####                            | 61kB 3.2MB/s eta 0:00:01[K    13% |####                            | 65kB 2.5MB/s eta 0:00:01[K    14% |####                            | 69kB 2.5MB/s eta 0:00:01[K    15% |#####                           | 73kB 8.2MB/s eta 0:00:01[K    16% |#####                           | 77kB 8.5MB/s eta 0:00:01[K    17% |#####                           | 81kB 3.0MB/s eta 0:00:01[K    18% |#####                           | 86kB 3.0MB/s eta 0:00:01[K    19% |######                          | 90kB 3.1MB/s eta 0:00:01[K    20% |######                          | 94kB 3.0MB/s eta 0:00:01[K    20% |######                          | 98kB 2.8MB/s eta 0:00:01[K    21% |######                          | 102kB 2.8MB/s eta 0:00:01[K    22% |#######                         | 106kB 3.6MB/s eta 0:00:01[K    23% |#######                         | 110kB 3.6MB/s eta 0:00:01[K    24% |#######                         | 114kB 3.6MB/s eta 0:00:01[K    25% |########                        | 118kB 3.6MB/s eta 0:00:01[K    26% |########                        | 122kB 14.8MB/s eta 0:00:01[K    26% |########                        | 126kB 15.3MB/s eta 0:00:01[K    27% |########                        | 131kB 9.3MB/s eta 0:00:01[K    28% |#########                       | 135kB 9.4MB/s eta 0:00:01[K    29% |#########                       | 139kB 12.4MB/s eta 0:00:01[K    30% |#########                       | 143kB 12.7MB/s eta 0:00:01[K    31% |##########                      | 147kB 12.5MB/s eta 0:00:01[K    32% |##########                      | 151kB 12.4MB/s eta 0:00:01[K    33% |##########                      | 155kB 12.7MB/s eta 0:00:01[K    33% |##########                      | 159kB 12.7MB/s eta 0:00:01[K    34% |###########                     | 163kB 3.7MB/s eta 0:00:01[K    35% |###########                     | 167kB 3.7MB/s eta 0:00:01[K    36% |###########                     | 172kB 4.4MB/s eta 0:00:01[K    37% |###########                     | 176kB 4.4MB/s eta 0:00:01[K    38% |############                    | 180kB 4.4MB/s eta 0:00:01[K    39% |############                    | 184kB 4.4MB/s eta 0:00:01[K    40% |############                    | 188kB 4.4MB/s eta 0:00:01[K    40% |#############                   | 192kB 4.4MB/s eta 0:00:01[K    41% |#############                   | 196kB 4.0MB/s eta 0:00:01[K    42% |#############                   | 200kB 3.9MB/s eta 0:00:01[K    43% |#############                   | 204kB 16.1MB/s eta 0:00:01[K    44% |##############                  | 208kB 16.1MB/s eta 0:00:01[K    45% |##############                  | 212kB 8.8MB/s eta 0:00:01[K    46% |##############                  | 217kB 8.8MB/s eta 0:00:01[K    46% |###############                 | 221kB 9.0MB/s eta 0:00:01[K    47% |###############                 | 225kB 9.0MB/s eta 0:00:01[K    48% |###############                 | 229kB 8.9MB/s eta 0:00:01[K    49% |###############                 | 233kB 8.9MB/s eta 0:00:01[K    50% |################                | 237kB 11.8MB/s eta 0:00:01[K    51% |################                | 241kB 12.0MB/s eta 0:00:01[K    52% |################                | 245kB 3.7MB/s eta 0:00:01[K    53% |################                | 249kB 3.7MB/s eta 0:00:01[K    53% |#################               | 253kB 4.5MB/s eta 0:00:01[K    54% |#################               | 258kB 4.5MB/s eta 0:00:01[K    55% |#################               | 262kB 4.5MB/s eta 0:00:01[K    56% |##################              | 266kB 4.5MB/s eta 0:00:01[K    57% |##################              | 270kB 4.5MB/s eta 0:00:01[K    58% |##################              | 274kB 4.5MB/s eta 0:00:01[K    59% |##################              | 278kB 3.7MB/s eta 0:00:01[K    60% |###################             | 282kB 3.6MB/s eta 0:00:01[K    60% |###################             | 286kB 11.7MB/s eta 0:00:01[K    61% |###################             | 290kB 12.1MB/s eta 0:00:01[K    62% |####################            | 294kB 11.9MB/s eta 0:00:01[K    63% |####################            | 299kB 11.9MB/s eta 0:00:01[K    64% |####################            | 303kB 12.2MB/s eta 0:00:01[K    65% |####################            | 307kB 12.3MB/s eta 0:00:01[K    66% |#####################           | 311kB 9.8MB/s eta 0:00:01[K    67% |#####################           | 315kB 9.6MB/s eta 0:00:01[K    67% |#####################           | 319kB 18.5MB/s eta 0:00:01[K    68% |######################          | 323kB 19.4MB/s eta 0:00:01[K    69% |######################          | 327kB 18.8MB/s eta 0:00:01[K    70% |######################          | 331kB 18.6MB/s eta 0:00:01[K    71% |######################          | 335kB 19.2MB/s eta 0:00:01[K    72% |#######################         | 339kB 19.3MB/s eta 0:00:01[K    73% |#######################         | 344kB 16.8MB/s eta 0:00:01[K    73% |#######################         | 348kB 16.6MB/s eta 0:00:01[K    74% |#######################         | 352kB 25.4MB/s eta 0:00:01[K    75% |########################        | 356kB 26.8MB/s eta 0:00:01[K    76% |########################        | 360kB 26.6MB/s eta 0:00:01[K    77% |########################        | 364kB 26.7MB/s eta 0:00:01[K    78% |#########################       | 368kB 27.6MB/s eta 0:00:01[K    79% |#########################       | 372kB 27.8MB/s eta 0:00:01[K    80% |#########################       | 376kB 5.3MB/s eta 0:00:01[K    80% |#########################       | 380kB 5.2MB/s eta 0:00:01[K    81% |##########################      | 385kB 5.4MB/s eta 0:00:01[K    82% |##########################      | 389kB 5.4MB/s eta 0:00:01[K    83% |##########################      | 393kB 5.4MB/s eta 0:00:01[K    84% |###########################     | 397kB 5.3MB/s eta 0:00:01[K    85% |###########################     | 401kB 5.4MB/s eta 0:00:01[K    86% |###########################     | 405kB 5.3MB/s eta 0:00:01[K    87% |###########################     | 409kB 5.3MB/s eta 0:00:01[K    87% |############################    | 413kB 5.3MB/s eta 0:00:01[K    88% |############################    | 417kB 27.6MB/s eta 0:00:01[K    89% |############################    | 421kB 30.4MB/s eta 0:00:01[K    90% |############################    | 425kB 29.1MB/s eta 0:00:01[K    91% |#############################   | 430kB 29.6MB/s eta 0:00:01[K    92% |#############################   | 434kB 31.9MB/s eta 0:00:01[K    93% |#############################   | 438kB 34.3MB/s eta 0:00:01[K    93% |##############################  | 442kB 32.9MB/s eta 0:00:01[K    94% |##############################  | 446kB 32.9MB/s eta 0:00:01[K    95% |##############################  | 450kB 35.0MB/s eta 0:00:01[K    96% |##############################  | 454kB 35.1MB/s eta 0:00:01[K    97% |############################### | 458kB 18.5MB/s eta 0:00:01[K    98% |############################### | 462kB 18.4MB/s eta 0:00:01[K    99% |############################### | 466kB 19.1MB/s eta 0:00:01[K    100% |################################| 471kB 748kB/s 
[?25hCollecting coverage (from codecov)
  Downloading coverage-3.7.1.tar.gz (284kB)
[?25l[K    1% |                                | 4.1kB 28.2MB/s eta 0:00:01[K    2% |                                | 8.2kB 22.3MB/s eta 0:00:01[K    4% |#                               | 12kB 25.1MB/s eta 0:00:01[K    5% |#                               | 16kB 22.8MB/s eta 0:00:01[K    7% |##                              | 20kB 23.9MB/s eta 0:00:01[K    8% |##                              | 24kB 25.0MB/s eta 0:00:01[K    10% |###                             | 28kB 24.8MB/s eta 0:00:01[K    11% |###                             | 32kB 23.8MB/s eta 0:00:01[K    12% |####                            | 36kB 24.0MB/s eta 0:00:01[K    14% |####                            | 40kB 25.0MB/s eta 0:00:01[K    15% |#####                           | 45kB 25.4MB/s eta 0:00:01[K    17% |#####                           | 49kB 26.1MB/s eta 0:00:01[K    18% |#####                           | 53kB 26.1MB/s eta 0:00:01[K    20% |######                          | 57kB 28.4MB/s eta 0:00:01[K    21% |######                          | 61kB 29.0MB/s eta 0:00:01[K    23% |#######                         | 65kB 28.2MB/s eta 0:00:01[K    24% |#######                         | 69kB 29.1MB/s eta 0:00:01[K    25% |########                        | 73kB 32.1MB/s eta 0:00:01[K    27% |########                        | 77kB 32.2MB/s eta 0:00:01[K    28% |#########                       | 81kB 30.1MB/s eta 0:00:01[K    30% |#########                       | 86kB 29.0MB/s eta 0:00:01[K    31% |##########                      | 90kB 30.6MB/s eta 0:00:01[K    33% |##########                      | 94kB 29.4MB/s eta 0:00:01[K    34% |###########                     | 98kB 27.7MB/s eta 0:00:01[K    35% |###########                     | 102kB 27.7MB/s eta 0:00:01[K    37% |###########                     | 106kB 27.5MB/s eta 0:00:01[K    38% |############                    | 110kB 27.8MB/s eta 0:00:01[K    40% |############                    | 114kB 26.3MB/s eta 0:00:01[K    41% |#############                   | 118kB 27.0MB/s eta 0:00:01[K    43% |#############                   | 122kB 28.7MB/s eta 0:00:01[K    44% |##############                  | 126kB 29.9MB/s eta 0:00:01[K    46% |##############                  | 131kB 29.1MB/s eta 0:00:01[K    47% |###############                 | 135kB 31.0MB/s eta 0:00:01[K    48% |###############                 | 139kB 32.8MB/s eta 0:00:01[K    50% |################                | 143kB 32.7MB/s eta 0:00:01[K    51% |################                | 147kB 32.9MB/s eta 0:00:01[K    53% |#################               | 151kB 32.9MB/s eta 0:00:01[K    54% |#################               | 155kB 34.9MB/s eta 0:00:01[K    56% |#################               | 159kB 35.0MB/s eta 0:00:01[K    57% |##################              | 163kB 5.2MB/s eta 0:00:01[K    58% |##################              | 167kB 5.1MB/s eta 0:00:01[K    60% |###################             | 172kB 5.1MB/s eta 0:00:01[K    61% |###################             | 176kB 5.1MB/s eta 0:00:01[K    63% |####################            | 180kB 5.0MB/s eta 0:00:01[K    64% |####################            | 184kB 5.0MB/s eta 0:00:01[K    66% |#####################           | 188kB 5.0MB/s eta 0:00:01[K    67% |#####################           | 192kB 5.0MB/s eta 0:00:01[K    69% |######################          | 196kB 5.0MB/s eta 0:00:01[K    70% |######################          | 200kB 5.0MB/s eta 0:00:01[K    71% |#######################         | 204kB 25.8MB/s eta 0:00:01[K    73% |#######################         | 208kB 29.2MB/s eta 0:00:01[K    74% |#######################         | 212kB 28.0MB/s eta 0:00:01[K    76% |########################        | 217kB 29.6MB/s eta 0:00:01[K    77% |########################        | 221kB 31.0MB/s eta 0:00:01[K    79% |#########################       | 225kB 32.4MB/s eta 0:00:01[K    80% |#########################       | 229kB 27.7MB/s eta 0:00:01[K    81% |##########################      | 233kB 27.9MB/s eta 0:00:01[K    83% |##########################      | 237kB 29.0MB/s eta 0:00:01[K    84% |###########################     | 241kB 29.0MB/s eta 0:00:01[K    86% |###########################     | 245kB 28.1MB/s eta 0:00:01[K    87% |############################    | 249kB 28.6MB/s eta 0:00:01[K    89% |############################    | 253kB 30.0MB/s eta 0:00:01[K    90% |#############################   | 258kB 30.0MB/s eta 0:00:01[K    92% |#############################   | 262kB 29.2MB/s eta 0:00:01[K    93% |#############################   | 266kB 28.4MB/s eta 0:00:01[K    94% |##############################  | 270kB 33.4MB/s eta 0:00:01[K    96% |##############################  | 274kB 33.0MB/s eta 0:00:01[K    97% |############################### | 278kB 32.3MB/s eta 0:00:01[K    99% |############################### | 282kB 32.2MB/s eta 0:00:01[K    100% |################################| 286kB 1.2MB/s 
[?25hInstalling collected packages: coverage, requests, codecov
  Running setup.py install for coverage
    building 'coverage.tracer' extension
    gcc -pthread -fno-strict-aliasing -DNDEBUG -g -fwrapv -O2 -Wall -Wstrict-prototypes -fPIC -I/usr/include/python2.7 -c coverage/tracer.c -o build/temp.linux-x86_64-2.7/coverage/tracer.o
    gcc -pthread -shared -Wl,-O1 -Wl,-Bsymbolic-functions -Wl,-Bsymbolic-functions -Wl,-z,relro build/temp.linux-x86_64-2.7/coverage/tracer.o -o build/lib.linux-x86_64-2.7/coverage/tracer.so
    Installing coverage2 script to /usr/local/bin
    Installing coverage-2.7 script to /usr/local/bin
    Installing coverage script to /usr/local/bin

  Running setup.py install for codecov
    Installing codecov script to /usr/local/bin
Successfully installed codecov-1.3.1 coverage-3.7.1 requests-2.7.0
travis_time:end:02e0a278:start=1441071933507004825,finish=1441071936981313926,duration=3474309101[0Ktravis_fold:end:before_install[0Ktravis_fold:start:install[0Ktravis_time:start:21afde50[0K$ mvn install -DskipTests=true -Dmaven.javadoc.skip=true -B -V
Apache Maven 3.2.5 (12a6b3acb947671f09b81f49094c53f426d8cea1; 2014-12-14T17:29:23+00:00)
Maven home: /usr/local/maven
Java version: 1.7.0_76, vendor: Oracle Corporation
Java home: /usr/lib/jvm/java-7-oracle/jre
Default locale: en_US, platform encoding: UTF-8
OS name: "linux", version: "2.6.32-042stab090.5", arch: "amd64", family: "unix"
[INFO] Scanning for projects...
[INFO]                                                                         
[INFO] ------------------------------------------------------------------------
[INFO] Building FizzBuzz Enterprise Edition 1.0-SNAPSHOT
[INFO] ------------------------------------------------------------------------
[INFO] Downloading: https://repo.maven.apache.org/maven2/org/jacoco/jacoco-maven-plugin/0.5.8.201207111220/jacoco-maven-plugin-0.5.8.201207111220.pom
[INFO] Downloaded: https://repo.maven.apache.org/maven2/org/jacoco/jacoco-maven-plugin/0.5.8.201207111220/jacoco-maven-plugin-0.5.8.201207111220.pom (4 KB at 5.3 KB/sec)
[INFO] Downloading: https://repo.maven.apache.org/maven2/org/jacoco/org.jacoco.build/0.5.8.201207111220/org.jacoco.build-0.5.8.201207111220.pom
[INFO] Downloaded: https://repo.maven.apache.org/maven2/org/jacoco/org.jacoco.build/0.5.8.201207111220/org.jacoco.build-0.5.8.201207111220.pom (32 KB at 689.5 KB/sec)
[INFO] Downloading: https://repo.maven.apache.org/maven2/org/jacoco/jacoco-maven-plugin/0.5.8.201207111220/jacoco-maven-plugin-0.5.8.201207111220.jar
[INFO] Downloaded: https://repo.maven.apache.org/maven2/org/jacoco/jacoco-maven-plugin/0.5.8.201207111220/jacoco-maven-plugin-0.5.8.201207111220.jar (26 KB at 1106.5 KB/sec)
[INFO] Downloading: https://repo.maven.apache.org/maven2/org/apache/maven/plugins/maven-resources-plugin/2.6/maven-resources-plugin-2.6.pom
[INFO] Downloaded: https://repo.maven.apache.org/maven2/org/apache/maven/plugins/maven-resources-plugin/2.6/maven-resources-plugin-2.6.pom (8 KB at 495.3 KB/sec)
[INFO] Downloading: https://repo.maven.apache.org/maven2/org/apache/maven/plugins/maven-plugins/23/maven-plugins-23.pom
[INFO] Downloaded: https://repo.maven.apache.org/maven2/org/apache/maven/plugins/maven-plugins/23/maven-plugins-23.pom (9 KB at 641.6 KB/sec)
[INFO] Downloading: https://repo.maven.apache.org/maven2/org/apache/maven/maven-parent/22/maven-parent-22.pom
[INFO] Downloaded: https://repo.maven.apache.org/maven2/org/apache/maven/maven-parent/22/maven-parent-22.pom (30 KB at 1708.6 KB/sec)
[INFO] Downloading: https://repo.maven.apache.org/maven2/org/apache/apache/11/apache-11.pom
[INFO] Downloaded: https://repo.maven.apache.org/maven2/org/apache/apache/11/apache-11.pom (15 KB at 850.8 KB/sec)
[INFO] Downloading: https://repo.maven.apache.org/maven2/org/apache/maven/plugins/maven-resources-plugin/2.6/maven-resources-plugin-2.6.jar
[INFO] Downloaded: https://repo.maven.apache.org/maven2/org/apache/maven/plugins/maven-resources-plugin/2.6/maven-resources-plugin-2.6.jar (29 KB at 1517.2 KB/sec)
[INFO] Downloading: https://repo.maven.apache.org/maven2/org/apache/maven/plugins/maven-compiler-plugin/2.3/maven-compiler-plugin-2.3.pom
[INFO] Downloaded: https://repo.maven.apache.org/maven2/org/apache/maven/plugins/maven-compiler-plugin/2.3/maven-compiler-plugin-2.3.pom (6 KB at 224.5 KB/sec)
[INFO] Downloading: https://repo.maven.apache.org/maven2/org/apache/maven/plugins/maven-plugins/16/maven-plugins-16.pom
[INFO] Downloaded: https://repo.maven.apache.org/maven2/org/apache/maven/plugins/maven-plugins/16/maven-plugins-16.pom (13 KB at 843.0 KB/sec)
[INFO] Downloading: https://repo.maven.apache.org/maven2/org/apache/maven/maven-parent/15/maven-parent-15.pom
[INFO] Downloaded: https://repo.maven.apache.org/maven2/org/apache/maven/maven-parent/15/maven-parent-15.pom (24 KB at 1302.2 KB/sec)
[INFO] Downloading: https://repo.maven.apache.org/maven2/org/apache/apache/6/apache-6.pom
[INFO] Downloaded: https://repo.maven.apache.org/maven2/org/apache/apache/6/apache-6.pom (13 KB at 781.0 KB/sec)
[INFO] Downloading: https://repo.maven.apache.org/maven2/org/apache/maven/plugins/maven-compiler-plugin/2.3/maven-compiler-plugin-2.3.jar
[INFO] Downloaded: https://repo.maven.apache.org/maven2/org/apache/maven/plugins/maven-compiler-plugin/2.3/maven-compiler-plugin-2.3.jar (30 KB at 1456.6 KB/sec)
[INFO] Downloading: https://repo.maven.apache.org/maven2/org/apache/maven/plugins/maven-surefire-plugin/2.12.4/maven-surefire-plugin-2.12.4.pom
[INFO] Downloaded: https://repo.maven.apache.org/maven2/org/apache/maven/plugins/maven-surefire-plugin/2.12.4/maven-surefire-plugin-2.12.4.pom (11 KB at 465.0 KB/sec)
[INFO] Downloading: https://repo.maven.apache.org/maven2/org/apache/maven/surefire/surefire/2.12.4/surefire-2.12.4.pom
[INFO] Downloaded: https://repo.maven.apache.org/maven2/org/apache/maven/surefire/surefire/2.12.4/surefire-2.12.4.pom (14 KB at 841.7 KB/sec)
[INFO] Downloading: https://repo.maven.apache.org/maven2/org/apache/maven/plugins/maven-surefire-plugin/2.12.4/maven-surefire-plugin-2.12.4.jar
[INFO] Downloaded: https://repo.maven.apache.org/maven2/org/apache/maven/plugins/maven-surefire-plugin/2.12.4/maven-surefire-plugin-2.12.4.jar (30 KB at 1416.6 KB/sec)
[INFO] Downloading: https://repo.maven.apache.org/maven2/org/apache/maven/plugins/maven-jar-plugin/2.3/maven-jar-plugin-2.3.pom
[INFO] Downloaded: https://repo.maven.apache.org/maven2/org/apache/maven/plugins/maven-jar-plugin/2.3/maven-jar-plugin-2.3.pom (6 KB at 360.0 KB/sec)
[INFO] Downloading: https://repo.maven.apache.org/maven2/org/apache/maven/plugins/maven-jar-plugin/2.3/maven-jar-plugin-2.3.jar
[INFO] Downloaded: https://repo.maven.apache.org/maven2/org/apache/maven/plugins/maven-jar-plugin/2.3/maven-jar-plugin-2.3.jar (32 KB at 1497.1 KB/sec)
[INFO] Downloading: https://repo.maven.apache.org/maven2/org/apache/maven/plugins/maven-install-plugin/2.4/maven-install-plugin-2.4.pom
[INFO] Downloaded: https://repo.maven.apache.org/maven2/org/apache/maven/plugins/maven-install-plugin/2.4/maven-install-plugin-2.4.pom (7 KB at 479.3 KB/sec)
[INFO] Downloading: https://repo.maven.apache.org/maven2/org/apache/maven/plugins/maven-install-plugin/2.4/maven-install-plugin-2.4.jar
[INFO] Downloaded: https://repo.maven.apache.org/maven2/org/apache/maven/plugins/maven-install-plugin/2.4/maven-install-plugin-2.4.jar (27 KB at 1548.3 KB/sec)
[INFO] Downloading: http://repo.maven.apache.org/maven2/junit/junit/4.12/junit-4.12.pom
[INFO] Downloaded: http://repo.maven.apache.org/maven2/junit/junit/4.12/junit-4.12.pom (24 KB at 1445.2 KB/sec)
[INFO] Downloading: http://repo.maven.apache.org/maven2/org/hamcrest/hamcrest-core/1.3/hamcrest-core-1.3.pom
[INFO] Downloaded: http://repo.maven.apache.org/maven2/org/hamcrest/hamcrest-core/1.3/hamcrest-core-1.3.pom (766 B at 62.3 KB/sec)
[INFO] Downloading: http://repo.maven.apache.org/maven2/org/hamcrest/hamcrest-parent/1.3/hamcrest-parent-1.3.pom
[INFO] Downloaded: http://repo.maven.apache.org/maven2/org/hamcrest/hamcrest-parent/1.3/hamcrest-parent-1.3.pom (2 KB at 160.5 KB/sec)
[INFO] Downloading: http://repo.maven.apache.org/maven2/org/mockito/mockito-core/1.10.17/mockito-core-1.10.17.pom
[INFO] Downloaded: http://repo.maven.apache.org/maven2/org/mockito/mockito-core/1.10.17/mockito-core-1.10.17.pom (2 KB at 107.0 KB/sec)
[INFO] Downloading: http://repo.maven.apache.org/maven2/org/hamcrest/hamcrest-core/1.1/hamcrest-core-1.1.pom
[INFO] Downloaded: http://repo.maven.apache.org/maven2/org/hamcrest/hamcrest-core/1.1/hamcrest-core-1.1.pom (481 B at 42.7 KB/sec)
[INFO] Downloading: http://repo.maven.apache.org/maven2/org/hamcrest/hamcrest-parent/1.1/hamcrest-parent-1.1.pom
[INFO] Downloaded: http://repo.maven.apache.org/maven2/org/hamcrest/hamcrest-parent/1.1/hamcrest-parent-1.1.pom (6 KB at 521.8 KB/sec)
[INFO] Downloading: http://repo.maven.apache.org/maven2/org/objenesis/objenesis/2.1/objenesis-2.1.pom
[INFO] Downloaded: http://repo.maven.apache.org/maven2/org/objenesis/objenesis/2.1/objenesis-2.1.pom (3 KB at 206.4 KB/sec)
[INFO] Downloading: http://repo.maven.apache.org/maven2/org/objenesis/objenesis-parent/2.1/objenesis-parent-2.1.pom
[INFO] Downloaded: http://repo.maven.apache.org/maven2/org/objenesis/objenesis-parent/2.1/objenesis-parent-2.1.pom (17 KB at 1165.4 KB/sec)
[INFO] Downloading: http://repo.maven.apache.org/maven2/org/checkerframework/checker/1.9.4/checker-1.9.4.pom
[INFO] Downloaded: http://repo.maven.apache.org/maven2/org/checkerframework/checker/1.9.4/checker-1.9.4.pom (5 KB at 271.5 KB/sec)
[INFO] Downloading: http://repo.maven.apache.org/maven2/org/springframework/spring-aop/3.2.13.RELEASE/spring-aop-3.2.13.RELEASE.pom
[INFO] Downloaded: http://repo.maven.apache.org/maven2/org/springframework/spring-aop/3.2.13.RELEASE/spring-aop-3.2.13.RELEASE.pom (3 KB at 189.7 KB/sec)
[INFO] Downloading: http://repo.maven.apache.org/maven2/aopalliance/aopalliance/1.0/aopalliance-1.0.pom
[INFO] Downloaded: http://repo.maven.apache.org/maven2/aopalliance/aopalliance/1.0/aopalliance-1.0.pom (363 B at 29.5 KB/sec)
[INFO] Downloading: http://repo.maven.apache.org/maven2/org/springframework/spring-beans/3.2.13.RELEASE/spring-beans-3.2.13.RELEASE.pom
[INFO] Downloaded: http://repo.maven.apache.org/maven2/org/springframework/spring-beans/3.2.13.RELEASE/spring-beans-3.2.13.RELEASE.pom (2 KB at 146.4 KB/sec)
[INFO] Downloading: http://repo.maven.apache.org/maven2/org/springframework/spring-core/3.2.13.RELEASE/spring-core-3.2.13.RELEASE.pom
[INFO] Downloaded: http://repo.maven.apache.org/maven2/org/springframework/spring-core/3.2.13.RELEASE/spring-core-3.2.13.RELEASE.pom (3 KB at 175.1 KB/sec)
[INFO] Downloading: http://repo.maven.apache.org/maven2/commons-logging/commons-logging/1.1.3/commons-logging-1.1.3.pom
[INFO] Downloaded: http://repo.maven.apache.org/maven2/commons-logging/commons-logging/1.1.3/commons-logging-1.1.3.pom (18 KB at 1280.2 KB/sec)
[INFO] Downloading: http://repo.maven.apache.org/maven2/org/apache/commons/commons-parent/28/commons-parent-28.pom
[INFO] Downloaded: http://repo.maven.apache.org/maven2/org/apache/commons/commons-parent/28/commons-parent-28.pom (49 KB at 2448.7 KB/sec)
[INFO] Downloading: http://repo.maven.apache.org/maven2/org/apache/apache/13/apache-13.pom
[INFO] Downloaded: http://repo.maven.apache.org/maven2/org/apache/apache/13/apache-13.pom (14 KB at 974.7 KB/sec)
[INFO] Downloading: http://repo.maven.apache.org/maven2/org/springframework/spring-context/3.2.13.RELEASE/spring-context-3.2.13.RELEASE.pom
[INFO] Downloaded: http://repo.maven.apache.org/maven2/org/springframework/spring-context/3.2.13.RELEASE/spring-context-3.2.13.RELEASE.pom (5 KB at 399.6 KB/sec)
[INFO] Downloading: http://repo.maven.apache.org/maven2/org/springframework/spring-expression/3.2.13.RELEASE/spring-expression-3.2.13.RELEASE.pom
[INFO] Downloaded: http://repo.maven.apache.org/maven2/org/springframework/spring-expression/3.2.13.RELEASE/spring-expression-3.2.13.RELEASE.pom (2 KB at 21.6 KB/sec)
[INFO] Downloading: http://repo.maven.apache.org/maven2/junit/junit/4.12/junit-4.12.jar
[INFO] Downloading: http://repo.maven.apache.org/maven2/org/hamcrest/hamcrest-core/1.3/hamcrest-core-1.3.jar
[INFO] Downloading: http://repo.maven.apache.org/maven2/org/mockito/mockito-core/1.10.17/mockito-core-1.10.17.jar
[INFO] Downloading: http://repo.maven.apache.org/maven2/org/objenesis/objenesis/2.1/objenesis-2.1.jar
[INFO] Downloading: http://repo.maven.apache.org/maven2/org/checkerframework/checker/1.9.4/checker-1.9.4.jar
[INFO] Downloaded: http://repo.maven.apache.org/maven2/org/objenesis/objenesis/2.1/objenesis-2.1.jar (41 KB at 1568.3 KB/sec)
[INFO] Downloading: http://repo.maven.apache.org/maven2/org/springframework/spring-aop/3.2.13.RELEASE/spring-aop-3.2.13.RELEASE.jar
[INFO] Downloaded: http://repo.maven.apache.org/maven2/org/hamcrest/hamcrest-core/1.3/hamcrest-core-1.3.jar (44 KB at 1022.5 KB/sec)
[INFO] Downloading: http://repo.maven.apache.org/maven2/aopalliance/aopalliance/1.0/aopalliance-1.0.jar
[INFO] Downloaded: http://repo.maven.apache.org/maven2/aopalliance/aopalliance/1.0/aopalliance-1.0.jar (5 KB at 96.9 KB/sec)
[INFO] Downloading: http://repo.maven.apache.org/maven2/org/springframework/spring-beans/3.2.13.RELEASE/spring-beans-3.2.13.RELEASE.jar
[INFO] Downloaded: http://repo.maven.apache.org/maven2/junit/junit/4.12/junit-4.12.jar (308 KB at 4522.8 KB/sec)
[INFO] Downloading: http://repo.maven.apache.org/maven2/org/springframework/spring-context/3.2.13.RELEASE/spring-context-3.2.13.RELEASE.jar
[INFO] Downloaded: http://repo.maven.apache.org/maven2/org/springframework/spring-aop/3.2.13.RELEASE/spring-aop-3.2.13.RELEASE.jar (331 KB at 5509.4 KB/sec)
[INFO] Downloading: http://repo.maven.apache.org/maven2/org/springframework/spring-core/3.2.13.RELEASE/spring-core-3.2.13.RELEASE.jar
[INFO] Downloaded: http://repo.maven.apache.org/maven2/org/springframework/spring-beans/3.2.13.RELEASE/spring-beans-3.2.13.RELEASE.jar (601 KB at 7143.8 KB/sec)
[INFO] Downloading: http://repo.maven.apache.org/maven2/commons-logging/commons-logging/1.1.3/commons-logging-1.1.3.jar
[INFO] Downloaded: http://repo.maven.apache.org/maven2/org/mockito/mockito-core/1.10.17/mockito-core-1.10.17.jar (1146 KB at 12450.3 KB/sec)
[INFO] Downloading: http://repo.maven.apache.org/maven2/org/springframework/spring-expression/3.2.13.RELEASE/spring-expression-3.2.13.RELEASE.jar
[INFO] Downloaded: http://repo.maven.apache.org/maven2/org/springframework/spring-context/3.2.13.RELEASE/spring-context-3.2.13.RELEASE.jar (848 KB at 8831.7 KB/sec)
[INFO] Downloaded: http://repo.maven.apache.org/maven2/commons-logging/commons-logging/1.1.3/commons-logging-1.1.3.jar (61 KB at 631.2 KB/sec)
[INFO] Downloaded: http://repo.maven.apache.org/maven2/org/springframework/spring-expression/3.2.13.RELEASE/spring-expression-3.2.13.RELEASE.jar (192 KB at 1793.8 KB/sec)
[INFO] Downloaded: http://repo.maven.apache.org/maven2/org/checkerframework/checker/1.9.4/checker-1.9.4.jar (2202 KB at 19653.8 KB/sec)
[INFO] Downloaded: http://repo.maven.apache.org/maven2/org/springframework/spring-core/3.2.13.RELEASE/spring-core-3.2.13.RELEASE.jar (865 KB at 7789.7 KB/sec)
[INFO] 
[INFO] --- jacoco-maven-plugin:0.5.8.201207111220:prepare-agent (default) @ FizzBuzzEnterpriseEdition ---
[INFO] Downloading: https://repo.maven.apache.org/maven2/org/apache/maven/maven-plugin-api/2.1.0/maven-plugin-api-2.1.0.pom
[INFO] Downloaded: https://repo.maven.apache.org/maven2/org/apache/maven/maven-plugin-api/2.1.0/maven-plugin-api-2.1.0.pom (2 KB at 88.9 KB/sec)
[INFO] Downloading: https://repo.maven.apache.org/maven2/org/apache/maven/maven/2.1.0/maven-2.1.0.pom
[INFO] Downloaded: https://repo.maven.apache.org/maven2/org/apache/maven/maven/2.1.0/maven-2.1.0.pom (22 KB at 1288.0 KB/sec)
[INFO] Downloading: https://repo.maven.apache.org/maven2/org/apache/maven/maven-parent/11/maven-parent-11.pom
[INFO] Downloaded: https://repo.maven.apache.org/maven2/org/apache/maven/maven-parent/11/maven-parent-11.pom (32 KB at 2434.6 KB/sec)
[INFO] Downloading: https://repo.maven.apache.org/maven2/org/apache/apache/5/apache-5.pom
[INFO] Downloaded: https://repo.maven.apache.org/maven2/org/apache/apache/5/apache-5.pom (5 KB at 363.7 KB/sec)
[INFO] Downloading: https://repo.maven.apache.org/maven2/org/apache/maven/maven-project/2.1.0/maven-project-2.1.0.pom
[INFO] Downloaded: https://repo.maven.apache.org/maven2/org/apache/maven/maven-project/2.1.0/maven-project-2.1.0.pom (3 KB at 225.4 KB/sec)
[INFO] Downloading: https://repo.maven.apache.org/maven2/org/apache/maven/maven-settings/2.1.0/maven-settings-2.1.0.pom
[INFO] Downloaded: https://repo.maven.apache.org/maven2/org/apache/maven/maven-settings/2.1.0/maven-settings-2.1.0.pom (3 KB at 141.6 KB/sec)
[INFO] Downloading: https://repo.maven.apache.org/maven2/org/apache/maven/maven-model/2.1.0/maven-model-2.1.0.pom
[INFO] Downloaded: https://repo.maven.apache.org/maven2/org/apache/maven/maven-model/2.1.0/maven-model-2.1.0.pom (4 KB at 43.3 KB/sec)
[INFO] Downloading: https://repo.maven.apache.org/maven2/org/codehaus/plexus/plexus-utils/1.5.6/plexus-utils-1.5.6.pom
[INFO] Downloaded: https://repo.maven.apache.org/maven2/org/codehaus/plexus/plexus-utils/1.5.6/plexus-utils-1.5.6.pom (6 KB at 431.5 KB/sec)
[INFO] Downloading: https://repo.maven.apache.org/maven2/org/codehaus/plexus/plexus/1.0.12/plexus-1.0.12.pom
[INFO] Downloaded: https://repo.maven.apache.org/maven2/org/codehaus/plexus/plexus/1.0.12/plexus-1.0.12.pom (10 KB at 736.2 KB/sec)
[INFO] Downloading: https://repo.maven.apache.org/maven2/org/codehaus/plexus/plexus-interpolation/1.8.1/plexus-interpolation-1.8.1.pom
[INFO] Downloaded: https://repo.maven.apache.org/maven2/org/codehaus/plexus/plexus-interpolation/1.8.1/plexus-interpolation-1.8.1.pom (880 B at 57.3 KB/sec)
[INFO] Downloading: https://repo.maven.apache.org/maven2/org/codehaus/plexus/plexus/1.0.13/plexus-1.0.13.pom
[INFO] Downloaded: https://repo.maven.apache.org/maven2/org/codehaus/plexus/plexus/1.0.13/plexus-1.0.13.pom (11 KB at 812.4 KB/sec)
[INFO] Downloading: https://repo.maven.apache.org/maven2/org/codehaus/plexus/plexus-container-default/1.0-alpha-9-stable-1/plexus-container-default-1.0-alpha-9-stable-1.pom
[INFO] Downloaded: https://repo.maven.apache.org/maven2/org/codehaus/plexus/plexus-container-default/1.0-alpha-9-stable-1/plexus-container-default-1.0-alpha-9-stable-1.pom (4 KB at 296.6 KB/sec)
[INFO] Downloading: https://repo.maven.apache.org/maven2/org/codehaus/plexus/plexus-containers/1.0.3/plexus-containers-1.0.3.pom
[INFO] Downloaded: https://repo.maven.apache.org/maven2/org/codehaus/plexus/plexus-containers/1.0.3/plexus-containers-1.0.3.pom (492 B at 43.7 KB/sec)
[INFO] Downloading: https://repo.maven.apache.org/maven2/org/codehaus/plexus/plexus/1.0.4/plexus-1.0.4.pom
[INFO] Downloaded: https://repo.maven.apache.org/maven2/org/codehaus/plexus/plexus/1.0.4/plexus-1.0.4.pom (6 KB at 466.9 KB/sec)
[INFO] Downloading: https://repo.maven.apache.org/maven2/junit/junit/4.8.2/junit-4.8.2.pom
[INFO] Downloaded: https://repo.maven.apache.org/maven2/junit/junit/4.8.2/junit-4.8.2.pom (2 KB at 131.6 KB/sec)
[INFO] Downloading: https://repo.maven.apache.org/maven2/org/codehaus/plexus/plexus-utils/1.0.4/plexus-utils-1.0.4.pom
[INFO] Downloaded: https://repo.maven.apache.org/maven2/org/codehaus/plexus/plexus-utils/1.0.4/plexus-utils-1.0.4.pom (7 KB at 608.7 KB/sec)
[INFO] Downloading: https://repo.maven.apache.org/maven2/classworlds/classworlds/1.1-alpha-2/classworlds-1.1-alpha-2.pom
[INFO] Downloaded: https://repo.maven.apache.org/maven2/classworlds/classworlds/1.1-alpha-2/classworlds-1.1-alpha-2.pom (4 KB at 277.7 KB/sec)
[INFO] Downloading: https://repo.maven.apache.org/maven2/org/apache/maven/maven-profile/2.1.0/maven-profile-2.1.0.pom
[INFO] Downloaded: https://repo.maven.apache.org/maven2/org/apache/maven/maven-profile/2.1.0/maven-profile-2.1.0.pom (2 KB at 165.6 KB/sec)
[INFO] Downloading: https://repo.maven.apache.org/maven2/org/apache/maven/maven-artifact-manager/2.1.0/maven-artifact-manager-2.1.0.pom
[INFO] Downloaded: https://repo.maven.apache.org/maven2/org/apache/maven/maven-artifact-manager/2.1.0/maven-artifact-manager-2.1.0.pom (4 KB at 253.2 KB/sec)
[INFO] Downloading: https://repo.maven.apache.org/maven2/org/apache/maven/maven-repository-metadata/2.1.0/maven-repository-metadata-2.1.0.pom
[INFO] Downloaded: https://repo.maven.apache.org/maven2/org/apache/maven/maven-repository-metadata/2.1.0/maven-repository-metadata-2.1.0.pom (2 KB at 139.2 KB/sec)
[INFO] Downloading: https://repo.maven.apache.org/maven2/org/apache/maven/maven-artifact/2.1.0/maven-artifact-2.1.0.pom
[INFO] Downloaded: https://repo.maven.apache.org/maven2/org/apache/maven/maven-artifact/2.1.0/maven-artifact-2.1.0.pom (2 KB at 118.5 KB/sec)
[INFO] Downloading: https://repo.maven.apache.org/maven2/backport-util-concurrent/backport-util-concurrent/3.1/backport-util-concurrent-3.1.pom
[INFO] Downloaded: https://repo.maven.apache.org/maven2/backport-util-concurrent/backport-util-concurrent/3.1/backport-util-concurrent-3.1.pom (880 B at 66.1 KB/sec)
[INFO] Downloading: https://repo.maven.apache.org/maven2/org/apache/maven/maven-plugin-registry/2.1.0/maven-plugin-registry-2.1.0.pom
[INFO] Downloaded: https://repo.maven.apache.org/maven2/org/apache/maven/maven-plugin-registry/2.1.0/maven-plugin-registry-2.1.0.pom (2 KB at 147.5 KB/sec)
[INFO] Downloading: https://repo.maven.apache.org/maven2/org/apache/maven/reporting/maven-reporting-api/2.1.0/maven-reporting-api-2.1.0.pom
[INFO] Downloaded: https://repo.maven.apache.org/maven2/org/apache/maven/reporting/maven-reporting-api/2.1.0/maven-reporting-api-2.1.0.pom (2 KB at 150.6 KB/sec)
[INFO] Downloading: https://repo.maven.apache.org/maven2/org/apache/maven/reporting/maven-reporting/2.1.0/maven-reporting-2.1.0.pom
[INFO] Downloaded: https://repo.maven.apache.org/maven2/org/apache/maven/reporting/maven-reporting/2.1.0/maven-reporting-2.1.0.pom (2 KB at 108.2 KB/sec)
[INFO] Downloading: https://repo.maven.apache.org/maven2/org/apache/maven/doxia/doxia-sink-api/1.1/doxia-sink-api-1.1.pom
[INFO] Downloaded: https://repo.maven.apache.org/maven2/org/apache/maven/doxia/doxia-sink-api/1.1/doxia-sink-api-1.1.pom (2 KB at 181.0 KB/sec)
[INFO] Downloading: https://repo.maven.apache.org/maven2/org/apache/maven/doxia/doxia/1.1/doxia-1.1.pom
[INFO] Downloaded: https://repo.maven.apache.org/maven2/org/apache/maven/doxia/doxia/1.1/doxia-1.1.pom (15 KB at 1235.2 KB/sec)
[INFO] Downloading: https://repo.maven.apache.org/maven2/org/apache/maven/doxia/doxia-logging-api/1.1/doxia-logging-api-1.1.pom
[INFO] Downloaded: https://repo.maven.apache.org/maven2/org/apache/maven/doxia/doxia-logging-api/1.1/doxia-logging-api-1.1.pom (2 KB at 128.2 KB/sec)
[INFO] Downloading: https://repo.maven.apache.org/maven2/org/codehaus/plexus/plexus-container-default/1.0-alpha-30/plexus-container-default-1.0-alpha-30.pom
[INFO] Downloaded: https://repo.maven.apache.org/maven2/org/codehaus/plexus/plexus-container-default/1.0-alpha-30/plexus-container-default-1.0-alpha-30.pom (4 KB at 283.0 KB/sec)
[INFO] Downloading: https://repo.maven.apache.org/maven2/org/codehaus/plexus/plexus-containers/1.0-alpha-30/plexus-containers-1.0-alpha-30.pom
[INFO] Downloaded: https://repo.maven.apache.org/maven2/org/codehaus/plexus/plexus-containers/1.0-alpha-30/plexus-containers-1.0-alpha-30.pom (2 KB at 168.1 KB/sec)
[INFO] Downloading: https://repo.maven.apache.org/maven2/org/codehaus/plexus/plexus/1.0.11/plexus-1.0.11.pom
[INFO] Downloaded: https://repo.maven.apache.org/maven2/org/codehaus/plexus/plexus/1.0.11/plexus-1.0.11.pom (9 KB at 729.9 KB/sec)
[INFO] Downloading: https://repo.maven.apache.org/maven2/org/codehaus/plexus/plexus-utils/1.4.5/plexus-utils-1.4.5.pom
[INFO] Downloaded: https://repo.maven.apache.org/maven2/org/codehaus/plexus/plexus-utils/1.4.5/plexus-utils-1.4.5.pom (3 KB at 184.3 KB/sec)
[INFO] Downloading: https://repo.maven.apache.org/maven2/org/codehaus/plexus/plexus-classworlds/1.2-alpha-9/plexus-classworlds-1.2-alpha-9.pom
[INFO] Downloaded: https://repo.maven.apache.org/maven2/org/codehaus/plexus/plexus-classworlds/1.2-alpha-9/plexus-classworlds-1.2-alpha-9.pom (4 KB at 286.1 KB/sec)
[INFO] Downloading: https://repo.maven.apache.org/maven2/org/codehaus/plexus/plexus/1.0.10/plexus-1.0.10.pom
[INFO] Downloaded: https://repo.maven.apache.org/maven2/org/codehaus/plexus/plexus/1.0.10/plexus-1.0.10.pom (9 KB at 671.4 KB/sec)
[INFO] Downloading: https://repo.maven.apache.org/maven2/org/apache/maven/reporting/maven-reporting-impl/2.1/maven-reporting-impl-2.1.pom
[INFO] Downloaded: https://repo.maven.apache.org/maven2/org/apache/maven/reporting/maven-reporting-impl/2.1/maven-reporting-impl-2.1.pom (5 KB at 401.6 KB/sec)
[INFO] Downloading: https://repo.maven.apache.org/maven2/org/apache/maven/shared/maven-shared-components/15/maven-shared-components-15.pom
[INFO] Downloaded: https://repo.maven.apache.org/maven2/org/apache/maven/shared/maven-shared-components/15/maven-shared-components-15.pom (10 KB at 759.8 KB/sec)
[INFO] Downloading: https://repo.maven.apache.org/maven2/org/apache/maven/maven-parent/16/maven-parent-16.pom
[INFO] Downloaded: https://repo.maven.apache.org/maven2/org/apache/maven/maven-parent/16/maven-parent-16.pom (23 KB at 1748.2 KB/sec)
[INFO] Downloading: https://repo.maven.apache.org/maven2/org/apache/apache/7/apache-7.pom
[INFO] Downloaded: https://repo.maven.apache.org/maven2/org/apache/apache/7/apache-7.pom (15 KB at 1281.1 KB/sec)
[INFO] Downloading: https://repo.maven.apache.org/maven2/org/apache/maven/reporting/maven-reporting-api/3.0/maven-reporting-api-3.0.pom
[INFO] Downloaded: https://repo.maven.apache.org/maven2/org/apache/maven/reporting/maven-reporting-api/3.0/maven-reporting-api-3.0.pom (3 KB at 178.3 KB/sec)
[INFO] Downloading: https://repo.maven.apache.org/maven2/org/apache/maven/doxia/doxia-sink-api/1.0/doxia-sink-api-1.0.pom
[INFO] Downloaded: https://repo.maven.apache.org/maven2/org/apache/maven/doxia/doxia-sink-api/1.0/doxia-sink-api-1.0.pom (2 KB at 104.2 KB/sec)
[INFO] Downloading: https://repo.maven.apache.org/maven2/org/apache/maven/doxia/doxia/1.0/doxia-1.0.pom
[INFO] Downloaded: https://repo.maven.apache.org/maven2/org/apache/maven/doxia/doxia/1.0/doxia-1.0.pom (10 KB at 724.5 KB/sec)
[INFO] Downloading: https://repo.maven.apache.org/maven2/org/apache/maven/maven-parent/10/maven-parent-10.pom
[INFO] Downloaded: https://repo.maven.apache.org/maven2/org/apache/maven/maven-parent/10/maven-parent-10.pom (31 KB at 2206.7 KB/sec)
[INFO] Downloading: https://repo.maven.apache.org/maven2/org/apache/apache/4/apache-4.pom
[INFO] Downloaded: https://repo.maven.apache.org/maven2/org/apache/apache/4/apache-4.pom (5 KB at 399.1 KB/sec)
[INFO] Downloading: https://repo.maven.apache.org/maven2/org/apache/maven/maven-project/2.0.10/maven-project-2.0.10.pom
[INFO] Downloaded: https://repo.maven.apache.org/maven2/org/apache/maven/maven-project/2.0.10/maven-project-2.0.10.pom (3 KB at 213.9 KB/sec)
[INFO] Downloading: https://repo.maven.apache.org/maven2/org/apache/maven/maven/2.0.10/maven-2.0.10.pom
[INFO] Downloaded: https://repo.maven.apache.org/maven2/org/apache/maven/maven/2.0.10/maven-2.0.10.pom (24 KB at 1693.8 KB/sec)
[INFO] Downloading: https://repo.maven.apache.org/maven2/org/apache/maven/maven-parent/9/maven-parent-9.pom
[INFO] Downloaded: https://repo.maven.apache.org/maven2/org/apache/maven/maven-parent/9/maven-parent-9.pom (33 KB at 2004.2 KB/sec)
[INFO] Downloading: https://repo.maven.apache.org/maven2/org/apache/maven/maven-settings/2.0.10/maven-settings-2.0.10.pom
[INFO] Downloaded: https://repo.maven.apache.org/maven2/org/apache/maven/maven-settings/2.0.10/maven-settings-2.0.10.pom (3 KB at 182.1 KB/sec)
[INFO] Downloading: https://repo.maven.apache.org/maven2/org/apache/maven/maven-model/2.0.10/maven-model-2.0.10.pom
[INFO] Downloaded: https://repo.maven.apache.org/maven2/org/apache/maven/maven-model/2.0.10/maven-model-2.0.10.pom (4 KB at 250.6 KB/sec)
[INFO] Downloading: https://repo.maven.apache.org/maven2/org/codehaus/plexus/plexus-utils/1.5.5/plexus-utils-1.5.5.pom
[INFO] Downloaded: https://repo.maven.apache.org/maven2/org/codehaus/plexus/plexus-utils/1.5.5/plexus-utils-1.5.5.pom (6 KB at 359.0 KB/sec)
[INFO] Downloading: https://repo.maven.apache.org/maven2/org/codehaus/plexus/plexus-interpolation/1.1/plexus-interpolation-1.1.pom
[INFO] Downloaded: https://repo.maven.apache.org/maven2/org/codehaus/plexus/plexus-interpolation/1.1/plexus-interpolation-1.1.pom (2 KB at 107.9 KB/sec)
[INFO] Downloading: https://repo.maven.apache.org/maven2/org/apache/maven/maven-profile/2.0.10/maven-profile-2.0.10.pom
[INFO] Downloaded: https://repo.maven.apache.org/maven2/org/apache/maven/maven-profile/2.0.10/maven-profile-2.0.10.pom (3 KB at 136.3 KB/sec)
[INFO] Downloading: https://repo.maven.apache.org/maven2/org/apache/maven/maven-artifact-manager/2.0.10/maven-artifact-manager-2.0.10.pom
[INFO] Downloaded: https://repo.maven.apache.org/maven2/org/apache/maven/maven-artifact-manager/2.0.10/maven-artifact-manager-2.0.10.pom (3 KB at 155.2 KB/sec)
[INFO] Downloading: https://repo.maven.apache.org/maven2/org/apache/maven/maven-repository-metadata/2.0.10/maven-repository-metadata-2.0.10.pom
[INFO] Downloaded: https://repo.maven.apache.org/maven2/org/apache/maven/maven-repository-metadata/2.0.10/maven-repository-metadata-2.0.10.pom (3 KB at 173.9 KB/sec)
[INFO] Downloading: https://repo.maven.apache.org/maven2/org/apache/maven/maven-artifact/2.0.10/maven-artifact-2.0.10.pom
[INFO] Downloaded: https://repo.maven.apache.org/maven2/org/apache/maven/maven-artifact/2.0.10/maven-artifact-2.0.10.pom (2 KB at 121.7 KB/sec)
[INFO] Downloading: https://repo.maven.apache.org/maven2/org/apache/maven/maven-plugin-registry/2.0.10/maven-plugin-registry-2.0.10.pom
[INFO] Downloaded: https://repo.maven.apache.org/maven2/org/apache/maven/maven-plugin-registry/2.0.10/maven-plugin-registry-2.0.10.pom (2 KB at 164.0 KB/sec)
[INFO] Downloading: https://repo.maven.apache.org/maven2/org/apache/maven/maven-plugin-api/2.0.10/maven-plugin-api-2.0.10.pom
[INFO] Downloaded: https://repo.maven.apache.org/maven2/org/apache/maven/maven-plugin-api/2.0.10/maven-plugin-api-2.0.10.pom (2 KB at 132.7 KB/sec)
[INFO] Downloading: https://repo.maven.apache.org/maven2/org/apache/maven/doxia/doxia-sink-api/1.1.2/doxia-sink-api-1.1.2.pom
[INFO] Downloaded: https://repo.maven.apache.org/maven2/org/apache/maven/doxia/doxia-sink-api/1.1.2/doxia-sink-api-1.1.2.pom (2 KB at 139.8 KB/sec)
[INFO] Downloading: https://repo.maven.apache.org/maven2/org/apache/maven/doxia/doxia/1.1.2/doxia-1.1.2.pom
[INFO] Downloaded: https://repo.maven.apache.org/maven2/org/apache/maven/doxia/doxia/1.1.2/doxia-1.1.2.pom (18 KB at 1266.5 KB/sec)
[INFO] Downloading: https://repo.maven.apache.org/maven2/org/apache/maven/doxia/doxia-logging-api/1.1.2/doxia-logging-api-1.1.2.pom
[INFO] Downloaded: https://repo.maven.apache.org/maven2/org/apache/maven/doxia/doxia-logging-api/1.1.2/doxia-logging-api-1.1.2.pom (2 KB at 128.6 KB/sec)
[INFO] Downloading: https://repo.maven.apache.org/maven2/org/apache/maven/doxia/doxia-core/1.1.2/doxia-core-1.1.2.pom
[INFO] Downloaded: https://repo.maven.apache.org/maven2/org/apache/maven/doxia/doxia-core/1.1.2/doxia-core-1.1.2.pom (4 KB at 259.5 KB/sec)
[INFO] Downloading: https://repo.maven.apache.org/maven2/org/codehaus/plexus/plexus-utils/1.5.12/plexus-utils-1.5.12.pom
[INFO] Downloaded: https://repo.maven.apache.org/maven2/org/codehaus/plexus/plexus-utils/1.5.12/plexus-utils-1.5.12.pom (6 KB at 458.5 KB/sec)
[INFO] Downloading: https://repo.maven.apache.org/maven2/org/codehaus/plexus/plexus/2.0.2/plexus-2.0.2.pom
[INFO] Downloaded: https://repo.maven.apache.org/maven2/org/codehaus/plexus/plexus/2.0.2/plexus-2.0.2.pom (12 KB at 944.8 KB/sec)
[INFO] Downloading: https://repo.maven.apache.org/maven2/xerces/xercesImpl/2.8.1/xercesImpl-2.8.1.pom
[INFO] Downloaded: https://repo.maven.apache.org/maven2/xerces/xercesImpl/2.8.1/xercesImpl-2.8.1.pom (3 KB at 179.6 KB/sec)
[INFO] Downloading: https://repo.maven.apache.org/maven2/org/apache/apache/3/apache-3.pom
[INFO] Downloaded: https://repo.maven.apache.org/maven2/org/apache/apache/3/apache-3.pom (4 KB at 257.7 KB/sec)
[INFO] Downloading: https://repo.maven.apache.org/maven2/xml-apis/xml-apis/1.3.03/xml-apis-1.3.03.pom
[INFO] Downloaded: https://repo.maven.apache.org/maven2/xml-apis/xml-apis/1.3.03/xml-apis-1.3.03.pom (738 B at 65.5 KB/sec)
[INFO] Downloading: https://repo.maven.apache.org/maven2/org/apache/apache/1/apache-1.pom
[INFO] Downloaded: https://repo.maven.apache.org/maven2/org/apache/apache/1/apache-1.pom (4 KB at 222.0 KB/sec)
[INFO] Downloading: https://repo.maven.apache.org/maven2/commons-lang/commons-lang/2.4/commons-lang-2.4.pom
[INFO] Downloaded: https://repo.maven.apache.org/maven2/commons-lang/commons-lang/2.4/commons-lang-2.4.pom (14 KB at 974.9 KB/sec)
[INFO] Downloading: https://repo.maven.apache.org/maven2/org/apache/commons/commons-parent/9/commons-parent-9.pom
[INFO] Downloaded: https://repo.maven.apache.org/maven2/org/apache/commons/commons-parent/9/commons-parent-9.pom (22 KB at 1647.4 KB/sec)
[INFO] Downloading: https://repo.maven.apache.org/maven2/commons-httpclient/commons-httpclient/3.1/commons-httpclient-3.1.pom
[INFO] Downloaded: https://repo.maven.apache.org/maven2/commons-httpclient/commons-httpclient/3.1/commons-httpclient-3.1.pom (8 KB at 583.2 KB/sec)
[INFO] Downloading: https://repo.maven.apache.org/maven2/commons-logging/commons-logging/1.0.4/commons-logging-1.0.4.pom
[INFO] Downloaded: https://repo.maven.apache.org/maven2/commons-logging/commons-logging/1.0.4/commons-logging-1.0.4.pom (6 KB at 467.3 KB/sec)
[INFO] Downloading: https://repo.maven.apache.org/maven2/commons-codec/commons-codec/1.2/commons-codec-1.2.pom
[INFO] Downloaded: https://repo.maven.apache.org/maven2/commons-codec/commons-codec/1.2/commons-codec-1.2.pom (4 KB at 311.3 KB/sec)
[INFO] Downloading: https://repo.maven.apache.org/maven2/org/apache/maven/doxia/doxia-site-renderer/1.1.2/doxia-site-renderer-1.1.2.pom
[INFO] Downloaded: https://repo.maven.apache.org/maven2/org/apache/maven/doxia/doxia-site-renderer/1.1.2/doxia-site-renderer-1.1.2.pom (6 KB at 314.6 KB/sec)
[INFO] Downloading: https://repo.maven.apache.org/maven2/org/apache/maven/doxia/doxia-sitetools/1.1.2/doxia-sitetools-1.1.2.pom
[INFO] Downloaded: https://repo.maven.apache.org/maven2/org/apache/maven/doxia/doxia-sitetools/1.1.2/doxia-sitetools-1.1.2.pom (15 KB at 1148.1 KB/sec)
[INFO] Downloading: https://repo.maven.apache.org/maven2/org/apache/maven/doxia/doxia-decoration-model/1.1.2/doxia-decoration-model-1.1.2.pom
[INFO] Downloaded: https://repo.maven.apache.org/maven2/org/apache/maven/doxia/doxia-decoration-model/1.1.2/doxia-decoration-model-1.1.2.pom (3 KB at 242.1 KB/sec)
[INFO] Downloading: https://repo.maven.apache.org/maven2/org/apache/maven/doxia/doxia-module-xhtml/1.1.2/doxia-module-xhtml-1.1.2.pom
[INFO] Downloaded: https://repo.maven.apache.org/maven2/org/apache/maven/doxia/doxia-module-xhtml/1.1.2/doxia-module-xhtml-1.1.2.pom (2 KB at 130.4 KB/sec)
[INFO] Downloading: https://repo.maven.apache.org/maven2/org/apache/maven/doxia/doxia-modules/1.1.2/doxia-modules-1.1.2.pom
[INFO] Downloaded: https://repo.maven.apache.org/maven2/org/apache/maven/doxia/doxia-modules/1.1.2/doxia-modules-1.1.2.pom (3 KB at 198.3 KB/sec)
[INFO] Downloading: https://repo.maven.apache.org/maven2/org/apache/maven/doxia/doxia-module-fml/1.1.2/doxia-module-fml-1.1.2.pom
[INFO] Downloaded: https://repo.maven.apache.org/maven2/org/apache/maven/doxia/doxia-module-fml/1.1.2/doxia-module-fml-1.1.2.pom (6 KB at 335.4 KB/sec)
[INFO] Downloading: https://repo.maven.apache.org/maven2/org/codehaus/plexus/plexus-i18n/1.0-beta-7/plexus-i18n-1.0-beta-7.pom
[INFO] Downloaded: https://repo.maven.apache.org/maven2/org/codehaus/plexus/plexus-i18n/1.0-beta-7/plexus-i18n-1.0-beta-7.pom (2 KB at 79.6 KB/sec)
[INFO] Downloading: https://repo.maven.apache.org/maven2/org/codehaus/plexus/plexus-components/1.1.12/plexus-components-1.1.12.pom
[INFO] Downloaded: https://repo.maven.apache.org/maven2/org/codehaus/plexus/plexus-components/1.1.12/plexus-components-1.1.12.pom (3 KB at 244.4 KB/sec)
[INFO] Downloading: https://repo.maven.apache.org/maven2/org/codehaus/plexus/plexus-utils/1.4.1/plexus-utils-1.4.1.pom
[INFO] Downloaded: https://repo.maven.apache.org/maven2/org/codehaus/plexus/plexus-utils/1.4.1/plexus-utils-1.4.1.pom (2 KB at 155.4 KB/sec)
[INFO] Downloading: https://repo.maven.apache.org/maven2/org/codehaus/plexus/plexus-velocity/1.1.7/plexus-velocity-1.1.7.pom
[INFO] Downloaded: https://repo.maven.apache.org/maven2/org/codehaus/plexus/plexus-velocity/1.1.7/plexus-velocity-1.1.7.pom (2 KB at 76.4 KB/sec)
[INFO] Downloading: https://repo.maven.apache.org/maven2/org/codehaus/plexus/plexus-container-default/1.0-alpha-20/plexus-container-default-1.0-alpha-20.pom
[INFO] Downloaded: https://repo.maven.apache.org/maven2/org/codehaus/plexus/plexus-container-default/1.0-alpha-20/plexus-container-default-1.0-alpha-20.pom (3 KB at 243.4 KB/sec)
[INFO] Downloading: https://repo.maven.apache.org/maven2/org/codehaus/plexus/plexus-containers/1.0-alpha-20/plexus-containers-1.0-alpha-20.pom
[INFO] Downloaded: https://repo.maven.apache.org/maven2/org/codehaus/plexus/plexus-containers/1.0-alpha-20/plexus-containers-1.0-alpha-20.pom (2 KB at 115.1 KB/sec)
[INFO] Downloading: https://repo.maven.apache.org/maven2/org/codehaus/plexus/plexus-utils/1.3/plexus-utils-1.3.pom
[INFO] Downloaded: https://repo.maven.apache.org/maven2/org/codehaus/plexus/plexus-utils/1.3/plexus-utils-1.3.pom (2 KB at 91.8 KB/sec)
[INFO] Downloading: https://repo.maven.apache.org/maven2/org/codehaus/plexus/plexus/1.0.8/plexus-1.0.8.pom
[INFO] Downloaded: https://repo.maven.apache.org/maven2/org/codehaus/plexus/plexus/1.0.8/plexus-1.0.8.pom (8 KB at 641.9 KB/sec)
[INFO] Downloading: https://repo.maven.apache.org/maven2/org/codehaus/plexus/plexus-classworlds/1.2-alpha-7/plexus-classworlds-1.2-alpha-7.pom
[INFO] Downloaded: https://repo.maven.apache.org/maven2/org/codehaus/plexus/plexus-classworlds/1.2-alpha-7/plexus-classworlds-1.2-alpha-7.pom (3 KB at 231.6 KB/sec)
[INFO] Downloading: https://repo.maven.apache.org/maven2/org/codehaus/plexus/plexus/1.0.9/plexus-1.0.9.pom
[INFO] Downloaded: https://repo.maven.apache.org/maven2/org/codehaus/plexus/plexus/1.0.9/plexus-1.0.9.pom (8 KB at 750.0 KB/sec)
[INFO] Downloading: https://repo.maven.apache.org/maven2/org/apache/velocity/velocity/1.5/velocity-1.5.pom
[INFO] Downloaded: https://repo.maven.apache.org/maven2/org/apache/velocity/velocity/1.5/velocity-1.5.pom (8 KB at 631.9 KB/sec)
[INFO] Downloading: https://repo.maven.apache.org/maven2/commons-collections/commons-collections/3.1/commons-collections-3.1.pom
[INFO] Downloaded: https://repo.maven.apache.org/maven2/commons-collections/commons-collections/3.1/commons-collections-3.1.pom (6 KB at 495.1 KB/sec)
[INFO] Downloading: https://repo.maven.apache.org/maven2/commons-lang/commons-lang/2.1/commons-lang-2.1.pom
[INFO] Downloaded: https://repo.maven.apache.org/maven2/commons-lang/commons-lang/2.1/commons-lang-2.1.pom (10 KB at 881.4 KB/sec)
[INFO] Downloading: https://repo.maven.apache.org/maven2/oro/oro/2.0.8/oro-2.0.8.pom
[INFO] Downloaded: https://repo.maven.apache.org/maven2/oro/oro/2.0.8/oro-2.0.8.pom (140 B at 12.4 KB/sec)
[INFO] Downloading: https://repo.maven.apache.org/maven2/commons-collections/commons-collections/3.2/commons-collections-3.2.pom
[INFO] Downloaded: https://repo.maven.apache.org/maven2/commons-collections/commons-collections/3.2/commons-collections-3.2.pom (11 KB at 897.9 KB/sec)
[INFO] Downloading: https://repo.maven.apache.org/maven2/commons-validator/commons-validator/1.2.0/commons-validator-1.2.0.pom
[INFO] Downloaded: https://repo.maven.apache.org/maven2/commons-validator/commons-validator/1.2.0/commons-validator-1.2.0.pom (9 KB at 806.5 KB/sec)
[INFO] Downloading: https://repo.maven.apache.org/maven2/commons-beanutils/commons-beanutils/1.7.0/commons-beanutils-1.7.0.pom
[INFO] Downloaded: https://repo.maven.apache.org/maven2/commons-beanutils/commons-beanutils/1.7.0/commons-beanutils-1.7.0.pom (357 B at 31.7 KB/sec)
[INFO] Downloading: https://repo.maven.apache.org/maven2/commons-logging/commons-logging/1.0.3/commons-logging-1.0.3.pom
[INFO] Downloaded: https://repo.maven.apache.org/maven2/commons-logging/commons-logging/1.0.3/commons-logging-1.0.3.pom (866 B at 70.5 KB/sec)
[INFO] Downloading: https://repo.maven.apache.org/maven2/commons-digester/commons-digester/1.6/commons-digester-1.6.pom
[INFO] Downloaded: https://repo.maven.apache.org/maven2/commons-digester/commons-digester/1.6/commons-digester-1.6.pom (974 B at 95.1 KB/sec)
[INFO] Downloading: https://repo.maven.apache.org/maven2/commons-beanutils/commons-beanutils/1.6/commons-beanutils-1.6.pom
[INFO] Downloaded: https://repo.maven.apache.org/maven2/commons-beanutils/commons-beanutils/1.6/commons-beanutils-1.6.pom (3 KB at 188.0 KB/sec)
[INFO] Downloading: https://repo.maven.apache.org/maven2/commons-logging/commons-logging/1.0/commons-logging-1.0.pom
[INFO] Downloaded: https://repo.maven.apache.org/maven2/commons-logging/commons-logging/1.0/commons-logging-1.0.pom (163 B at 14.5 KB/sec)
[INFO] Downloading: https://repo.maven.apache.org/maven2/commons-collections/commons-collections/2.0/commons-collections-2.0.pom
[INFO] Downloaded: https://repo.maven.apache.org/maven2/commons-collections/commons-collections/2.0/commons-collections-2.0.pom (171 B at 16.7 KB/sec)
[INFO] Downloading: https://repo.maven.apache.org/maven2/commons-collections/commons-collections/2.1/commons-collections-2.1.pom
[INFO] Downloaded: https://repo.maven.apache.org/maven2/commons-collections/commons-collections/2.1/commons-collections-2.1.pom (4 KB at 325.8 KB/sec)
[INFO] Downloading: https://repo.maven.apache.org/maven2/xml-apis/xml-apis/1.0.b2/xml-apis-1.0.b2.pom
[INFO] Downloaded: https://repo.maven.apache.org/maven2/xml-apis/xml-apis/1.0.b2/xml-apis-1.0.b2.pom (3 KB at 199.7 KB/sec)
[INFO] Downloading: https://repo.maven.apache.org/maven2/xml-apis/xml-apis/2.0.2/xml-apis-2.0.2.pom
[INFO] Downloaded: https://repo.maven.apache.org/maven2/xml-apis/xml-apis/2.0.2/xml-apis-2.0.2.pom (346 B at 30.7 KB/sec)
[INFO] Downloading: https://repo.maven.apache.org/maven2/org/codehaus/plexus/plexus-utils/1.5.8/plexus-utils-1.5.8.pom
[INFO] Downloaded: https://repo.maven.apache.org/maven2/org/codehaus/plexus/plexus-utils/1.5.8/plexus-utils-1.5.8.pom (8 KB at 787.4 KB/sec)
[INFO] Downloading: https://repo.maven.apache.org/maven2/org/jacoco/org.jacoco.agent/0.5.8.201207111220/org.jacoco.agent-0.5.8.201207111220.pom
[INFO] Downloaded: https://repo.maven.apache.org/maven2/org/jacoco/org.jacoco.agent/0.5.8.201207111220/org.jacoco.agent-0.5.8.201207111220.pom (3 KB at 238.3 KB/sec)
[INFO] Downloading: https://repo.maven.apache.org/maven2/org/jacoco/org.jacoco.core/0.5.8.201207111220/org.jacoco.core-0.5.8.201207111220.pom
[INFO] Downloaded: https://repo.maven.apache.org/maven2/org/jacoco/org.jacoco.core/0.5.8.201207111220/org.jacoco.core-0.5.8.201207111220.pom (3 KB at 162.6 KB/sec)
[INFO] Downloading: https://repo.maven.apache.org/maven2/asm/asm/3.3.1/asm-3.3.1.pom
[INFO] Downloaded: https://repo.maven.apache.org/maven2/asm/asm/3.3.1/asm-3.3.1.pom (266 B at 21.6 KB/sec)
[INFO] Downloading: https://repo.maven.apache.org/maven2/asm/asm-parent/3.3.1/asm-parent-3.3.1.pom
[INFO] Downloaded: https://repo.maven.apache.org/maven2/asm/asm-parent/3.3.1/asm-parent-3.3.1.pom (5 KB at 352.5 KB/sec)
[INFO] Downloading: https://repo.maven.apache.org/maven2/asm/asm-commons/3.3.1/asm-commons-3.3.1.pom
[INFO] Downloaded: https://repo.maven.apache.org/maven2/asm/asm-commons/3.3.1/asm-commons-3.3.1.pom (417 B at 33.9 KB/sec)
[INFO] Downloading: https://repo.maven.apache.org/maven2/asm/asm-tree/3.3.1/asm-tree-3.3.1.pom
[INFO] Downloaded: https://repo.maven.apache.org/maven2/asm/asm-tree/3.3.1/asm-tree-3.3.1.pom (406 B at 36.0 KB/sec)
[INFO] Downloading: https://repo.maven.apache.org/maven2/org/jacoco/org.jacoco.report/0.5.8.201207111220/org.jacoco.report-0.5.8.201207111220.pom
[INFO] Downloaded: https://repo.maven.apache.org/maven2/org/jacoco/org.jacoco.report/0.5.8.201207111220/org.jacoco.report-0.5.8.201207111220.pom (2 KB at 96.5 KB/sec)
[INFO] Downloading: https://repo.maven.apache.org/maven2/backport-util-concurrent/backport-util-concurrent/3.1/backport-util-concurrent-3.1.jar
[INFO] Downloading: https://repo.maven.apache.org/maven2/org/codehaus/plexus/plexus-interpolation/1.8.1/plexus-interpolation-1.8.1.jar
[INFO] Downloading: https://repo.maven.apache.org/maven2/junit/junit/4.8.2/junit-4.8.2.jar
[INFO] Downloading: https://repo.maven.apache.org/maven2/org/codehaus/plexus/plexus-utils/1.5.6/plexus-utils-1.5.6.jar
[INFO] Downloading: https://repo.maven.apache.org/maven2/org/apache/maven/reporting/maven-reporting-api/2.1.0/maven-reporting-api-2.1.0.jar
[INFO] Downloaded: https://repo.maven.apache.org/maven2/backport-util-concurrent/backport-util-concurrent/3.1/backport-util-concurrent-3.1.jar (324 KB at 11997.8 KB/sec)
[INFO] Downloading: https://repo.maven.apache.org/maven2/org/apache/maven/doxia/doxia-sink-api/1.1/doxia-sink-api-1.1.jar
[INFO] Downloaded: https://repo.maven.apache.org/maven2/org/apache/maven/doxia/doxia-sink-api/1.1/doxia-sink-api-1.1.jar (13 KB at 338.2 KB/sec)
[INFO] Downloading: https://repo.maven.apache.org/maven2/org/apache/maven/doxia/doxia-logging-api/1.1/doxia-logging-api-1.1.jar
[INFO] Downloaded: https://repo.maven.apache.org/maven2/org/apache/maven/doxia/doxia-logging-api/1.1/doxia-logging-api-1.1.jar (12 KB at 230.6 KB/sec)
[INFO] Downloading: https://repo.maven.apache.org/maven2/org/apache/maven/reporting/maven-reporting-impl/2.1/maven-reporting-impl-2.1.jar
[INFO] Downloaded: https://repo.maven.apache.org/maven2/org/apache/maven/reporting/maven-reporting-api/2.1.0/maven-reporting-api-2.1.0.jar (11 KB at 180.0 KB/sec)
[INFO] Downloading: https://repo.maven.apache.org/maven2/org/apache/maven/doxia/doxia-core/1.1.2/doxia-core-1.1.2.jar
[INFO] Downloaded: https://repo.maven.apache.org/maven2/org/apache/maven/reporting/maven-reporting-impl/2.1/maven-reporting-impl-2.1.jar (17 KB at 265.4 KB/sec)
[INFO] Downloading: https://repo.maven.apache.org/maven2/xerces/xercesImpl/2.8.1/xercesImpl-2.8.1.jar
[INFO] Downloaded: https://repo.maven.apache.org/maven2/junit/junit/4.8.2/junit-4.8.2.jar (232 KB at 3311.2 KB/sec)
[INFO] Downloading: https://repo.maven.apache.org/maven2/commons-lang/commons-lang/2.4/commons-lang-2.4.jar
[INFO] Downloaded: https://repo.maven.apache.org/maven2/org/apache/maven/doxia/doxia-core/1.1.2/doxia-core-1.1.2.jar (155 KB at 1932.4 KB/sec)
[INFO] Downloading: https://repo.maven.apache.org/maven2/commons-httpclient/commons-httpclient/3.1/commons-httpclient-3.1.jar
[INFO] Downloaded: https://repo.maven.apache.org/maven2/org/codehaus/plexus/plexus-utils/1.5.6/plexus-utils-1.5.6.jar (245 KB at 2947.9 KB/sec)
[INFO] Downloading: https://repo.maven.apache.org/maven2/commons-codec/commons-codec/1.2/commons-codec-1.2.jar
[INFO] Downloaded: https://repo.maven.apache.org/maven2/org/codehaus/plexus/plexus-interpolation/1.8.1/plexus-interpolation-1.8.1.jar (50 KB at 556.3 KB/sec)
[INFO] Downloading: https://repo.maven.apache.org/maven2/org/apache/maven/doxia/doxia-site-renderer/1.1.2/doxia-site-renderer-1.1.2.jar
[INFO] Downloaded: https://repo.maven.apache.org/maven2/commons-lang/commons-lang/2.4/commons-lang-2.4.jar (256 KB at 2635.8 KB/sec)
[INFO] Downloading: https://repo.maven.apache.org/maven2/org/apache/maven/doxia/doxia-decoration-model/1.1.2/doxia-decoration-model-1.1.2.jar
[INFO] Downloaded: https://repo.maven.apache.org/maven2/commons-codec/commons-codec/1.2/commons-codec-1.2.jar (30 KB at 299.8 KB/sec)
[INFO] Downloading: https://repo.maven.apache.org/maven2/org/apache/maven/doxia/doxia-module-xhtml/1.1.2/doxia-module-xhtml-1.1.2.jar
[INFO] Downloaded: https://repo.maven.apache.org/maven2/org/apache/maven/doxia/doxia-site-renderer/1.1.2/doxia-site-renderer-1.1.2.jar (50 KB at 464.8 KB/sec)
[INFO] Downloading: https://repo.maven.apache.org/maven2/org/apache/maven/doxia/doxia-module-fml/1.1.2/doxia-module-fml-1.1.2.jar
[INFO] Downloaded: https://repo.maven.apache.org/maven2/org/apache/maven/doxia/doxia-module-xhtml/1.1.2/doxia-module-xhtml-1.1.2.jar (15 KB at 132.0 KB/sec)
[INFO] Downloading: https://repo.maven.apache.org/maven2/org/codehaus/plexus/plexus-i18n/1.0-beta-7/plexus-i18n-1.0-beta-7.jar
[INFO] Downloaded: https://repo.maven.apache.org/maven2/org/apache/maven/doxia/doxia-decoration-model/1.1.2/doxia-decoration-model-1.1.2.jar (52 KB at 448.1 KB/sec)
[INFO] Downloading: https://repo.maven.apache.org/maven2/org/codehaus/plexus/plexus-velocity/1.1.7/plexus-velocity-1.1.7.jar
[INFO] Downloaded: https://repo.maven.apache.org/maven2/org/apache/maven/doxia/doxia-module-fml/1.1.2/doxia-module-fml-1.1.2.jar (37 KB at 304.3 KB/sec)
[INFO] Downloading: https://repo.maven.apache.org/maven2/org/apache/velocity/velocity/1.5/velocity-1.5.jar
[INFO] Downloaded: https://repo.maven.apache.org/maven2/commons-httpclient/commons-httpclient/3.1/commons-httpclient-3.1.jar (298 KB at 2421.6 KB/sec)
[INFO] Downloading: https://repo.maven.apache.org/maven2/commons-collections/commons-collections/3.2/commons-collections-3.2.jar
[INFO] Downloaded: https://repo.maven.apache.org/maven2/org/codehaus/plexus/plexus-i18n/1.0-beta-7/plexus-i18n-1.0-beta-7.jar (11 KB at 82.8 KB/sec)
[INFO] Downloading: https://repo.maven.apache.org/maven2/commons-validator/commons-validator/1.2.0/commons-validator-1.2.0.jar
[INFO] Downloaded: https://repo.maven.apache.org/maven2/org/codehaus/plexus/plexus-velocity/1.1.7/plexus-velocity-1.1.7.jar (8 KB at 59.9 KB/sec)
[INFO] Downloading: https://repo.maven.apache.org/maven2/commons-beanutils/commons-beanutils/1.7.0/commons-beanutils-1.7.0.jar
[INFO] Downloaded: https://repo.maven.apache.org/maven2/xerces/xercesImpl/2.8.1/xercesImpl-2.8.1.jar (1185 KB at 8774.3 KB/sec)
[INFO] Downloading: https://repo.maven.apache.org/maven2/commons-digester/commons-digester/1.6/commons-digester-1.6.jar
[INFO] Downloaded: https://repo.maven.apache.org/maven2/commons-validator/commons-validator/1.2.0/commons-validator-1.2.0.jar (89 KB at 617.9 KB/sec)
[INFO] Downloading: https://repo.maven.apache.org/maven2/commons-logging/commons-logging/1.0.4/commons-logging-1.0.4.jar
[INFO] Downloaded: https://repo.maven.apache.org/maven2/commons-beanutils/commons-beanutils/1.7.0/commons-beanutils-1.7.0.jar (185 KB at 1244.9 KB/sec)
[INFO] Downloading: https://repo.maven.apache.org/maven2/oro/oro/2.0.8/oro-2.0.8.jar
[INFO] Downloaded: https://repo.maven.apache.org/maven2/org/apache/velocity/velocity/1.5/velocity-1.5.jar (383 KB at 2536.0 KB/sec)
[INFO] Downloading: https://repo.maven.apache.org/maven2/xml-apis/xml-apis/1.0.b2/xml-apis-1.0.b2.jar
[INFO] Downloaded: https://repo.maven.apache.org/maven2/commons-digester/commons-digester/1.6/commons-digester-1.6.jar (165 KB at 1082.2 KB/sec)
[INFO] Downloading: https://repo.maven.apache.org/maven2/org/jacoco/org.jacoco.agent/0.5.8.201207111220/org.jacoco.agent-0.5.8.201207111220-runtime.jar
[INFO] Downloaded: https://repo.maven.apache.org/maven2/commons-collections/commons-collections/3.2/commons-collections-3.2.jar (558 KB at 3508.6 KB/sec)
[INFO] Downloading: https://repo.maven.apache.org/maven2/org/jacoco/org.jacoco.core/0.5.8.201207111220/org.jacoco.core-0.5.8.201207111220.jar
[INFO] Downloaded: https://repo.maven.apache.org/maven2/commons-logging/commons-logging/1.0.4/commons-logging-1.0.4.jar (38 KB at 230.6 KB/sec)
[INFO] Downloading: https://repo.maven.apache.org/maven2/asm/asm/3.3.1/asm-3.3.1.jar
[INFO] Downloaded: https://repo.maven.apache.org/maven2/oro/oro/2.0.8/oro-2.0.8.jar (64 KB at 391.0 KB/sec)
[INFO] Downloading: https://repo.maven.apache.org/maven2/asm/asm-commons/3.3.1/asm-commons-3.3.1.jar
[INFO] Downloaded: https://repo.maven.apache.org/maven2/asm/asm/3.3.1/asm-3.3.1.jar (43 KB at 240.4 KB/sec)
[INFO] Downloading: https://repo.maven.apache.org/maven2/asm/asm-tree/3.3.1/asm-tree-3.3.1.jar
[INFO] Downloaded: https://repo.maven.apache.org/maven2/org/jacoco/org.jacoco.agent/0.5.8.201207111220/org.jacoco.agent-0.5.8.201207111220-runtime.jar (165 KB at 932.0 KB/sec)
[INFO] Downloading: https://repo.maven.apache.org/maven2/org/jacoco/org.jacoco.report/0.5.8.201207111220/org.jacoco.report-0.5.8.201207111220.jar
[INFO] Downloaded: https://repo.maven.apache.org/maven2/asm/asm-commons/3.3.1/asm-commons-3.3.1.jar (38 KB at 211.4 KB/sec)
[INFO] Downloaded: https://repo.maven.apache.org/maven2/org/jacoco/org.jacoco.core/0.5.8.201207111220/org.jacoco.core-0.5.8.201207111220.jar (122 KB at 684.5 KB/sec)
[INFO] Downloaded: https://repo.maven.apache.org/maven2/asm/asm-tree/3.3.1/asm-tree-3.3.1.jar (22 KB at 111.7 KB/sec)
[INFO] Downloaded: https://repo.maven.apache.org/maven2/org/jacoco/org.jacoco.report/0.5.8.201207111220/org.jacoco.report-0.5.8.201207111220.jar (127 KB at 631.5 KB/sec)
[INFO] Downloaded: https://repo.maven.apache.org/maven2/xml-apis/xml-apis/1.0.b2/xml-apis-1.0.b2.jar (107 KB at 450.4 KB/sec)
[INFO] argLine set to -javaagent:/home/travis/.m2/repository/org/jacoco/org.jacoco.agent/0.5.8.201207111220/org.jacoco.agent-0.5.8.201207111220-runtime.jar=destfile=/home/travis/build/EnterpriseQualityCoding/FizzBuzzEnterpriseEdition/target/jacoco.exec
[INFO] 
[INFO] --- maven-resources-plugin:2.6:resources (default-resources) @ FizzBuzzEnterpriseEdition ---
[INFO] Downloading: https://repo.maven.apache.org/maven2/org/apache/maven/maven-plugin-api/2.0.6/maven-plugin-api-2.0.6.pom
[INFO] Downloaded: https://repo.maven.apache.org/maven2/org/apache/maven/maven-plugin-api/2.0.6/maven-plugin-api-2.0.6.pom (2 KB at 129.2 KB/sec)
[INFO] Downloading: https://repo.maven.apache.org/maven2/org/apache/maven/maven/2.0.6/maven-2.0.6.pom
[INFO] Downloaded: https://repo.maven.apache.org/maven2/org/apache/maven/maven/2.0.6/maven-2.0.6.pom (9 KB at 803.2 KB/sec)
[INFO] Downloading: https://repo.maven.apache.org/maven2/org/apache/maven/maven-parent/5/maven-parent-5.pom
[INFO] Downloaded: https://repo.maven.apache.org/maven2/org/apache/maven/maven-parent/5/maven-parent-5.pom (15 KB at 1062.8 KB/sec)
[INFO] Downloading: https://repo.maven.apache.org/maven2/org/apache/maven/maven-project/2.0.6/maven-project-2.0.6.pom
[INFO] Downloaded: https://repo.maven.apache.org/maven2/org/apache/maven/maven-project/2.0.6/maven-project-2.0.6.pom (3 KB at 234.1 KB/sec)
[INFO] Downloading: https://repo.maven.apache.org/maven2/org/apache/maven/maven-settings/2.0.6/maven-settings-2.0.6.pom
[INFO] Downloaded: https://repo.maven.apache.org/maven2/org/apache/maven/maven-settings/2.0.6/maven-settings-2.0.6.pom (2 KB at 177.6 KB/sec)
[INFO] Downloading: https://repo.maven.apache.org/maven2/org/apache/maven/maven-model/2.0.6/maven-model-2.0.6.pom
[INFO] Downloaded: https://repo.maven.apache.org/maven2/org/apache/maven/maven-model/2.0.6/maven-model-2.0.6.pom (3 KB at 212.5 KB/sec)
[INFO] Downloading: https://repo.maven.apache.org/maven2/junit/junit/3.8.1/junit-3.8.1.pom
[INFO] Downloaded: https://repo.maven.apache.org/maven2/junit/junit/3.8.1/junit-3.8.1.pom (998 B at 88.6 KB/sec)
[INFO] Downloading: https://repo.maven.apache.org/maven2/org/apache/maven/maven-profile/2.0.6/maven-profile-2.0.6.pom
[INFO] Downloaded: https://repo.maven.apache.org/maven2/org/apache/maven/maven-profile/2.0.6/maven-profile-2.0.6.pom (2 KB at 175.8 KB/sec)
[INFO] Downloading: https://repo.maven.apache.org/maven2/org/apache/maven/maven-artifact-manager/2.0.6/maven-artifact-manager-2.0.6.pom
[INFO] Downloaded: https://repo.maven.apache.org/maven2/org/apache/maven/maven-artifact-manager/2.0.6/maven-artifact-manager-2.0.6.pom (3 KB at 232.8 KB/sec)
[INFO] Downloading: https://repo.maven.apache.org/maven2/org/apache/maven/maven-repository-metadata/2.0.6/maven-repository-metadata-2.0.6.pom
[INFO] Downloaded: https://repo.maven.apache.org/maven2/org/apache/maven/maven-repository-metadata/2.0.6/maven-repository-metadata-2.0.6.pom (2 KB at 164.2 KB/sec)
[INFO] Downloading: https://repo.maven.apache.org/maven2/org/apache/maven/maven-artifact/2.0.6/maven-artifact-2.0.6.pom
[INFO] Downloaded: https://repo.maven.apache.org/maven2/org/apache/maven/maven-artifact/2.0.6/maven-artifact-2.0.6.pom (2 KB at 96.3 KB/sec)
[INFO] Downloading: https://repo.maven.apache.org/maven2/org/apache/maven/maven-plugin-registry/2.0.6/maven-plugin-registry-2.0.6.pom
[INFO] Downloaded: https://repo.maven.apache.org/maven2/org/apache/maven/maven-plugin-registry/2.0.6/maven-plugin-registry-2.0.6.pom (2 KB at 76.0 KB/sec)
[INFO] Downloading: https://repo.maven.apache.org/maven2/org/apache/maven/maven-core/2.0.6/maven-core-2.0.6.pom
[INFO] Downloaded: https://repo.maven.apache.org/maven2/org/apache/maven/maven-core/2.0.6/maven-core-2.0.6.pom (7 KB at 504.1 KB/sec)
[INFO] Downloading: https://repo.maven.apache.org/maven2/org/apache/maven/maven-plugin-parameter-documenter/2.0.6/maven-plugin-parameter-documenter-2.0.6.pom
[INFO] Downloaded: https://repo.maven.apache.org/maven2/org/apache/maven/maven-plugin-parameter-documenter/2.0.6/maven-plugin-parameter-documenter-2.0.6.pom (2 KB at 155.5 KB/sec)
[INFO] Downloading: https://repo.maven.apache.org/maven2/org/apache/maven/reporting/maven-reporting-api/2.0.6/maven-reporting-api-2.0.6.pom
[INFO] Downloaded: https://repo.maven.apache.org/maven2/org/apache/maven/reporting/maven-reporting-api/2.0.6/maven-reporting-api-2.0.6.pom (2 KB at 95.1 KB/sec)
[INFO] Downloading: https://repo.maven.apache.org/maven2/org/apache/maven/reporting/maven-reporting/2.0.6/maven-reporting-2.0.6.pom
[INFO] Downloaded: https://repo.maven.apache.org/maven2/org/apache/maven/reporting/maven-reporting/2.0.6/maven-reporting-2.0.6.pom (2 KB at 127.8 KB/sec)
[INFO] Downloading: https://repo.maven.apache.org/maven2/org/apache/maven/doxia/doxia-sink-api/1.0-alpha-7/doxia-sink-api-1.0-alpha-7.pom
[INFO] Downloaded: https://repo.maven.apache.org/maven2/org/apache/maven/doxia/doxia-sink-api/1.0-alpha-7/doxia-sink-api-1.0-alpha-7.pom (424 B at 37.6 KB/sec)
[INFO] Downloading: https://repo.maven.apache.org/maven2/org/apache/maven/doxia/doxia/1.0-alpha-7/doxia-1.0-alpha-7.pom
[INFO] Downloaded: https://repo.maven.apache.org/maven2/org/apache/maven/doxia/doxia/1.0-alpha-7/doxia-1.0-alpha-7.pom (4 KB at 272.9 KB/sec)
[INFO] Downloading: https://repo.maven.apache.org/maven2/org/apache/maven/maven-error-diagnostics/2.0.6/maven-error-diagnostics-2.0.6.pom
[INFO] Downloaded: https://repo.maven.apache.org/maven2/org/apache/maven/maven-error-diagnostics/2.0.6/maven-error-diagnostics-2.0.6.pom (2 KB at 151.3 KB/sec)
[INFO] Downloading: https://repo.maven.apache.org/maven2/commons-cli/commons-cli/1.0/commons-cli-1.0.pom
[INFO] Downloaded: https://repo.maven.apache.org/maven2/commons-cli/commons-cli/1.0/commons-cli-1.0.pom (3 KB at 85.7 KB/sec)
[INFO] Downloading: https://repo.maven.apache.org/maven2/org/apache/maven/maven-plugin-descriptor/2.0.6/maven-plugin-descriptor-2.0.6.pom
[INFO] Downloaded: https://repo.maven.apache.org/maven2/org/apache/maven/maven-plugin-descriptor/2.0.6/maven-plugin-descriptor-2.0.6.pom (2 KB at 151.6 KB/sec)
[INFO] Downloading: https://repo.maven.apache.org/maven2/org/codehaus/plexus/plexus-interactivity-api/1.0-alpha-4/plexus-interactivity-api-1.0-alpha-4.pom
[INFO] Downloaded: https://repo.maven.apache.org/maven2/org/codehaus/plexus/plexus-interactivity-api/1.0-alpha-4/plexus-interactivity-api-1.0-alpha-4.pom (7 KB at 532.7 KB/sec)
[INFO] Downloading: https://repo.maven.apache.org/maven2/org/apache/maven/maven-monitor/2.0.6/maven-monitor-2.0.6.pom
[INFO] Downloaded: https://repo.maven.apache.org/maven2/org/apache/maven/maven-monitor/2.0.6/maven-monitor-2.0.6.pom (2 KB at 111.3 KB/sec)
[INFO] Downloading: https://repo.maven.apache.org/maven2/classworlds/classworlds/1.1/classworlds-1.1.pom
[INFO] Downloaded: https://repo.maven.apache.org/maven2/classworlds/classworlds/1.1/classworlds-1.1.pom (4 KB at 324.6 KB/sec)
[INFO] Downloading: https://repo.maven.apache.org/maven2/org/codehaus/plexus/plexus-utils/2.0.5/plexus-utils-2.0.5.pom
[INFO] Downloaded: https://repo.maven.apache.org/maven2/org/codehaus/plexus/plexus-utils/2.0.5/plexus-utils-2.0.5.pom (4 KB at 296.0 KB/sec)
[INFO] Downloading: https://repo.maven.apache.org/maven2/org/codehaus/plexus/plexus/2.0.6/plexus-2.0.6.pom
[INFO] Downloaded: https://repo.maven.apache.org/maven2/org/codehaus/plexus/plexus/2.0.6/plexus-2.0.6.pom (17 KB at 1488.2 KB/sec)
[INFO] Downloading: https://repo.maven.apache.org/maven2/org/apache/maven/shared/maven-filtering/1.1/maven-filtering-1.1.pom
[INFO] Downloaded: https://repo.maven.apache.org/maven2/org/apache/maven/shared/maven-filtering/1.1/maven-filtering-1.1.pom (6 KB at 434.9 KB/sec)
[INFO] Downloading: https://repo.maven.apache.org/maven2/org/apache/maven/shared/maven-shared-components/17/maven-shared-components-17.pom
[INFO] Downloaded: https://repo.maven.apache.org/maven2/org/apache/maven/shared/maven-shared-components/17/maven-shared-components-17.pom (9 KB at 772.5 KB/sec)
[INFO] Downloading: https://repo.maven.apache.org/maven2/org/apache/maven/maven-parent/21/maven-parent-21.pom
[INFO] Downloaded: https://repo.maven.apache.org/maven2/org/apache/maven/maven-parent/21/maven-parent-21.pom (26 KB at 2145.0 KB/sec)
[INFO] Downloading: https://repo.maven.apache.org/maven2/org/apache/apache/10/apache-10.pom
[INFO] Downloaded: https://repo.maven.apache.org/maven2/org/apache/apache/10/apache-10.pom (15 KB at 1111.7 KB/sec)
[INFO] Downloading: https://repo.maven.apache.org/maven2/org/codehaus/plexus/plexus-utils/1.5.15/plexus-utils-1.5.15.pom
[INFO] Downloaded: https://repo.maven.apache.org/maven2/org/codehaus/plexus/plexus-utils/1.5.15/plexus-utils-1.5.15.pom (7 KB at 514.5 KB/sec)
[INFO] Downloading: https://repo.maven.apache.org/maven2/org/codehaus/plexus/plexus-interpolation/1.12/plexus-interpolation-1.12.pom
[INFO] Downloaded: https://repo.maven.apache.org/maven2/org/codehaus/plexus/plexus-interpolation/1.12/plexus-interpolation-1.12.pom (889 B at 51.1 KB/sec)
[INFO] Downloading: https://repo.maven.apache.org/maven2/org/codehaus/plexus/plexus-components/1.1.14/plexus-components-1.1.14.pom
[INFO] Downloaded: https://repo.maven.apache.org/maven2/org/codehaus/plexus/plexus-components/1.1.14/plexus-components-1.1.14.pom (6 KB at 570.5 KB/sec)
[INFO] Downloading: https://repo.maven.apache.org/maven2/org/sonatype/plexus/plexus-build-api/0.0.4/plexus-build-api-0.0.4.pom
[INFO] Downloaded: https://repo.maven.apache.org/maven2/org/sonatype/plexus/plexus-build-api/0.0.4/plexus-build-api-0.0.4.pom (3 KB at 254.2 KB/sec)
[INFO] Downloading: https://repo.maven.apache.org/maven2/org/sonatype/spice/spice-parent/10/spice-parent-10.pom
[INFO] Downloaded: https://repo.maven.apache.org/maven2/org/sonatype/spice/spice-parent/10/spice-parent-10.pom (3 KB at 294.4 KB/sec)
[INFO] Downloading: https://repo.maven.apache.org/maven2/org/sonatype/forge/forge-parent/3/forge-parent-3.pom
[INFO] Downloaded: https://repo.maven.apache.org/maven2/org/sonatype/forge/forge-parent/3/forge-parent-3.pom (5 KB at 378.1 KB/sec)
[INFO] Downloading: https://repo.maven.apache.org/maven2/org/codehaus/plexus/plexus-interpolation/1.13/plexus-interpolation-1.13.pom
[INFO] Downloaded: https://repo.maven.apache.org/maven2/org/codehaus/plexus/plexus-interpolation/1.13/plexus-interpolation-1.13.pom (890 B at 79.0 KB/sec)
[INFO] Downloading: https://repo.maven.apache.org/maven2/org/codehaus/plexus/plexus-components/1.1.15/plexus-components-1.1.15.pom
[INFO] Downloaded: https://repo.maven.apache.org/maven2/org/codehaus/plexus/plexus-components/1.1.15/plexus-components-1.1.15.pom (3 KB at 278.1 KB/sec)
[INFO] Downloading: https://repo.maven.apache.org/maven2/org/codehaus/plexus/plexus/2.0.3/plexus-2.0.3.pom
[INFO] Downloaded: https://repo.maven.apache.org/maven2/org/codehaus/plexus/plexus/2.0.3/plexus-2.0.3.pom (16 KB at 1372.6 KB/sec)
[INFO] Downloading: https://repo.maven.apache.org/maven2/org/apache/maven/reporting/maven-reporting-api/2.0.6/maven-reporting-api-2.0.6.jar
[INFO] Downloading: https://repo.maven.apache.org/maven2/org/apache/maven/doxia/doxia-sink-api/1.0-alpha-7/doxia-sink-api-1.0-alpha-7.jar
[INFO] Downloading: https://repo.maven.apache.org/maven2/commons-cli/commons-cli/1.0/commons-cli-1.0.jar
[INFO] Downloading: https://repo.maven.apache.org/maven2/org/codehaus/plexus/plexus-interactivity-api/1.0-alpha-4/plexus-interactivity-api-1.0-alpha-4.jar
[INFO] Downloading: https://repo.maven.apache.org/maven2/junit/junit/3.8.1/junit-3.8.1.jar
[INFO] Downloaded: https://repo.maven.apache.org/maven2/org/codehaus/plexus/plexus-interactivity-api/1.0-alpha-4/plexus-interactivity-api-1.0-alpha-4.jar (14 KB at 935.2 KB/sec)
[INFO] Downloading: https://repo.maven.apache.org/maven2/org/codehaus/plexus/plexus-utils/2.0.5/plexus-utils-2.0.5.jar
[INFO] Downloaded: https://repo.maven.apache.org/maven2/org/apache/maven/doxia/doxia-sink-api/1.0-alpha-7/doxia-sink-api-1.0-alpha-7.jar (6 KB at 386.5 KB/sec)
[INFO] Downloading: https://repo.maven.apache.org/maven2/org/apache/maven/shared/maven-filtering/1.1/maven-filtering-1.1.jar
[INFO] Downloaded: https://repo.maven.apache.org/maven2/commons-cli/commons-cli/1.0/commons-cli-1.0.jar (30 KB at 1838.2 KB/sec)
[INFO] Downloading: https://repo.maven.apache.org/maven2/org/sonatype/plexus/plexus-build-api/0.0.4/plexus-build-api-0.0.4.jar
[INFO] Downloaded: https://repo.maven.apache.org/maven2/org/apache/maven/reporting/maven-reporting-api/2.0.6/maven-reporting-api-2.0.6.jar (10 KB at 539.3 KB/sec)
[INFO] Downloading: https://repo.maven.apache.org/maven2/org/codehaus/plexus/plexus-interpolation/1.13/plexus-interpolation-1.13.jar
[INFO] Downloaded: https://repo.maven.apache.org/maven2/junit/junit/3.8.1/junit-3.8.1.jar (119 KB at 6954.8 KB/sec)
[INFO] Downloaded: https://repo.maven.apache.org/maven2/org/sonatype/plexus/plexus-build-api/0.0.4/plexus-build-api-0.0.4.jar (7 KB at 255.7 KB/sec)
[INFO] Downloaded: https://repo.maven.apache.org/maven2/org/apache/maven/shared/maven-filtering/1.1/maven-filtering-1.1.jar (43 KB at 1559.1 KB/sec)
[INFO] Downloaded: https://repo.maven.apache.org/maven2/org/codehaus/plexus/plexus-interpolation/1.13/plexus-interpolation-1.13.jar (60 KB at 1987.5 KB/sec)
[INFO] Downloaded: https://repo.maven.apache.org/maven2/org/codehaus/plexus/plexus-utils/2.0.5/plexus-utils-2.0.5.jar (218 KB at 6410.0 KB/sec)
[INFO] Using 'UTF-8' encoding to copy filtered resources.
[INFO] Copying 1 resource
[INFO] 
[INFO] --- maven-compiler-plugin:2.3:compile (default-compile) @ FizzBuzzEnterpriseEdition ---
[INFO] Downloading: https://repo.maven.apache.org/maven2/org/apache/maven/maven-plugin-api/2.0/maven-plugin-api-2.0.pom
[INFO] Downloaded: https://repo.maven.apache.org/maven2/org/apache/maven/maven-plugin-api/2.0/maven-plugin-api-2.0.pom (601 B at 41.9 KB/sec)
[INFO] Downloading: https://repo.maven.apache.org/maven2/org/apache/maven/maven/2.0/maven-2.0.pom
[INFO] Downloaded: https://repo.maven.apache.org/maven2/org/apache/maven/maven/2.0/maven-2.0.pom (9 KB at 611.6 KB/sec)
[INFO] Downloading: https://repo.maven.apache.org/maven2/org/apache/maven/maven-artifact/2.0/maven-artifact-2.0.pom
[INFO] Downloaded: https://repo.maven.apache.org/maven2/org/apache/maven/maven-artifact/2.0/maven-artifact-2.0.pom (723 B at 54.3 KB/sec)
[INFO] Downloading: https://repo.maven.apache.org/maven2/org/codehaus/plexus/plexus-utils/1.5.1/plexus-utils-1.5.1.pom
[INFO] Downloaded: https://repo.maven.apache.org/maven2/org/codehaus/plexus/plexus-utils/1.5.1/plexus-utils-1.5.1.pom (3 KB at 203.8 KB/sec)
[INFO] Downloading: https://repo.maven.apache.org/maven2/org/codehaus/plexus/plexus-compiler-api/1.8/plexus-compiler-api-1.8.pom
[INFO] Downloaded: https://repo.maven.apache.org/maven2/org/codehaus/plexus/plexus-compiler-api/1.8/plexus-compiler-api-1.8.pom (778 B at 58.4 KB/sec)
[INFO] Downloading: https://repo.maven.apache.org/maven2/org/codehaus/plexus/plexus-compiler/1.8/plexus-compiler-1.8.pom
[INFO] Downloaded: https://repo.maven.apache.org/maven2/org/codehaus/plexus/plexus-compiler/1.8/plexus-compiler-1.8.pom (4 KB at 255.9 KB/sec)
[INFO] Downloading: https://repo.maven.apache.org/maven2/org/codehaus/plexus/plexus-components/1.1.17/plexus-components-1.1.17.pom
[INFO] Downloaded: https://repo.maven.apache.org/maven2/org/codehaus/plexus/plexus-components/1.1.17/plexus-components-1.1.17.pom (6 KB at 424.0 KB/sec)
[INFO] Downloading: https://repo.maven.apache.org/maven2/org/codehaus/plexus/plexus/2.0.5/plexus-2.0.5.pom
[INFO] Downloaded: https://repo.maven.apache.org/maven2/org/codehaus/plexus/plexus/2.0.5/plexus-2.0.5.pom (17 KB at 1129.4 KB/sec)
[INFO] Downloading: https://repo.maven.apache.org/maven2/org/apache/maven/maven-toolchain/1.0/maven-toolchain-1.0.pom
[INFO] Downloaded: https://repo.maven.apache.org/maven2/org/apache/maven/maven-toolchain/1.0/maven-toolchain-1.0.pom (4 KB at 277.8 KB/sec)
[INFO] Downloading: https://repo.maven.apache.org/maven2/org/codehaus/plexus/plexus-compiler-manager/1.8/plexus-compiler-manager-1.8.pom
[INFO] Downloaded: https://repo.maven.apache.org/maven2/org/codehaus/plexus/plexus-compiler-manager/1.8/plexus-compiler-manager-1.8.pom (690 B at 51.8 KB/sec)
[INFO] Downloading: https://repo.maven.apache.org/maven2/org/codehaus/plexus/plexus-compiler-javac/1.8/plexus-compiler-javac-1.8.pom
[INFO] Downloaded: https://repo.maven.apache.org/maven2/org/codehaus/plexus/plexus-compiler-javac/1.8/plexus-compiler-javac-1.8.pom (686 B at 51.5 KB/sec)
[INFO] Downloading: https://repo.maven.apache.org/maven2/org/codehaus/plexus/plexus-compilers/1.8/plexus-compilers-1.8.pom
[INFO] Downloaded: https://repo.maven.apache.org/maven2/org/codehaus/plexus/plexus-compilers/1.8/plexus-compilers-1.8.pom (2 KB at 104.3 KB/sec)
[INFO] Downloading: https://repo.maven.apache.org/maven2/org/codehaus/plexus/plexus-utils/1.5.1/plexus-utils-1.5.1.jar
[INFO] Downloading: https://repo.maven.apache.org/maven2/org/codehaus/plexus/plexus-compiler-api/1.8/plexus-compiler-api-1.8.jar
[INFO] Downloading: https://repo.maven.apache.org/maven2/org/codehaus/plexus/plexus-compiler-manager/1.8/plexus-compiler-manager-1.8.jar
[INFO] Downloading: https://repo.maven.apache.org/maven2/org/codehaus/plexus/plexus-compiler-javac/1.8/plexus-compiler-javac-1.8.jar
[INFO] Downloaded: https://repo.maven.apache.org/maven2/org/codehaus/plexus/plexus-compiler-javac/1.8/plexus-compiler-javac-1.8.jar (12 KB at 848.8 KB/sec)
[INFO] Downloaded: https://repo.maven.apache.org/maven2/org/codehaus/plexus/plexus-compiler-api/1.8/plexus-compiler-api-1.8.jar (20 KB at 1145.8 KB/sec)
[INFO] Downloaded: https://repo.maven.apache.org/maven2/org/codehaus/plexus/plexus-compiler-manager/1.8/plexus-compiler-manager-1.8.jar (6 KB at 305.1 KB/sec)
[INFO] Downloaded: https://repo.maven.apache.org/maven2/org/codehaus/plexus/plexus-utils/1.5.1/plexus-utils-1.5.1.jar (206 KB at 8229.7 KB/sec)
[INFO] Compiling 86 source files to /home/travis/build/EnterpriseQualityCoding/FizzBuzzEnterpriseEdition/target/classes
[INFO] 
[INFO] --- maven-resources-plugin:2.6:testResources (default-testResources) @ FizzBuzzEnterpriseEdition ---
[INFO] Using 'UTF-8' encoding to copy filtered resources.
[INFO] skip non existing resourceDirectory /home/travis/build/EnterpriseQualityCoding/FizzBuzzEnterpriseEdition/src/test/resources
[INFO] 
[INFO] --- maven-compiler-plugin:2.3:testCompile (default-testCompile) @ FizzBuzzEnterpriseEdition ---
[INFO] Compiling 59 source files to /home/travis/build/EnterpriseQualityCoding/FizzBuzzEnterpriseEdition/target/test-classes
[INFO] -------------------------------------------------------------
[ERROR] COMPILATION ERROR : 
[INFO] -------------------------------------------------------------
[ERROR] /home/travis/build/EnterpriseQualityCoding/FizzBuzzEnterpriseEdition/src/test/java/com/seriouscompany/business/java/fizzbuzz/packagenamingpackage/impl/factories/TestBuzzStringReturnerFactory.java:[23,62] error: constructor BuzzStringReturnerFactory in class BuzzStringReturnerFactory cannot be applied to given types;

[ERROR]  actual and formal argument lists differ in length
/home/travis/build/EnterpriseQualityCoding/FizzBuzzEnterpriseEdition/src/test/java/com/seriouscompany/business/java/fizzbuzz/packagenamingpackage/impl/factories/TestBuzzStringReturnerFactory.java:[34,62] error: constructor BuzzStringReturnerFactory in class BuzzStringReturnerFactory cannot be applied to given types;

[ERROR]  actual and formal argument lists differ in length
/home/travis/build/EnterpriseQualityCoding/FizzBuzzEnterpriseEdition/src/test/java/com/seriouscompany/business/java/fizzbuzz/packagenamingpackage/impl/TestStandardFizzBuzz.java:[23,50] error: constructor StandardFizzBuzz in class StandardFizzBuzz cannot be applied to given types;

[ERROR]  actual and formal argument lists differ in length
/home/travis/build/EnterpriseQualityCoding/FizzBuzzEnterpriseEdition/src/test/java/com/seriouscompany/business/java/fizzbuzz/packagenamingpackage/impl/TestStandardFizzBuzz.java:[39,50] error: constructor StandardFizzBuzz in class StandardFizzBuzz cannot be applied to given types;

[ERROR]  actual and formal argument lists differ in length
/home/travis/build/EnterpriseQualityCoding/FizzBuzzEnterpriseEdition/src/test/java/com/seriouscompany/business/java/fizzbuzz/packagenamingpackage/impl/factories/TestFizzStringReturnerFactory.java:[23,62] error: constructor FizzStringReturnerFactory in class FizzStringReturnerFactory cannot be applied to given types;

[ERROR]  actual and formal argument lists differ in length
/home/travis/build/EnterpriseQualityCoding/FizzBuzzEnterpriseEdition/src/test/java/com/seriouscompany/business/java/fizzbuzz/packagenamingpackage/impl/factories/TestFizzStringReturnerFactory.java:[34,62] error: constructor FizzStringReturnerFactory in class FizzStringReturnerFactory cannot be applied to given types;

[ERROR]  actual and formal argument lists differ in length
/home/travis/build/EnterpriseQualityCoding/FizzBuzzEnterpriseEdition/src/test/java/com/seriouscompany/business/java/fizzbuzz/packagenamingpackage/impl/factories/TestBuzzStrategyFactory.java:[19,56] error: constructor BuzzStrategyFactory in class BuzzStrategyFactory cannot be applied to given types;

[ERROR]  actual and formal argument lists differ in length
/home/travis/build/EnterpriseQualityCoding/FizzBuzzEnterpriseEdition/src/test/java/com/seriouscompany/business/java/fizzbuzz/packagenamingpackage/impl/factories/TestSystemOutFizzBuzzOutputStrategyFactory.java:[19,88] error: constructor SystemOutFizzBuzzOutputStrategyFactory in class SystemOutFizzBuzzOutputStrategyFactory cannot be applied to given types;

[ERROR]  actual and formal argument lists differ in length
/home/travis/build/EnterpriseQualityCoding/FizzBuzzEnterpriseEdition/src/test/java/com/seriouscompany/business/java/fizzbuzz/packagenamingpackage/impl/strategies/TestSingleStepPayload.java:[23,46] error: constructor SingleStepPayload in class SingleStepPayload cannot be applied to given types;

[ERROR]  actual and formal argument lists differ in length
/home/travis/build/EnterpriseQualityCoding/FizzBuzzEnterpriseEdition/src/test/java/com/seriouscompany/business/java/fizzbuzz/packagenamingpackage/impl/strategies/TestSingleStepPayload.java:[38,46] error: constructor SingleStepPayload in class SingleStepPayload cannot be applied to given types;

[ERROR]  actual and formal argument lists differ in length
/home/travis/build/EnterpriseQualityCoding/FizzBuzzEnterpriseEdition/src/test/java/com/seriouscompany/business/java/fizzbuzz/packagenamingpackage/impl/factories/TestNoFizzNoBuzzStrategyFactory.java:[20,66] error: constructor NoFizzNoBuzzStrategyFactory in class NoFizzNoBuzzStrategyFactory cannot be applied to given types;

[ERROR]  actual and formal argument lists differ in length
/home/travis/build/EnterpriseQualityCoding/FizzBuzzEnterpriseEdition/src/test/java/com/seriouscompany/business/java/fizzbuzz/packagenamingpackage/impl/factories/TestNoFizzNoBuzzStrategyFactory.java:[25,66] error: constructor NoFizzNoBuzzStrategyFactory in class NoFizzNoBuzzStrategyFactory cannot be applied to given types;

[ERROR]  actual and formal argument lists differ in length
/home/travis/build/EnterpriseQualityCoding/FizzBuzzEnterpriseEdition/src/test/java/com/seriouscompany/business/java/fizzbuzz/packagenamingpackage/impl/printers/TestBuzzStringPrinter.java:[19,46] error: constructor BuzzStringPrinter in class BuzzStringPrinter cannot be applied to given types;

[ERROR]  actual and formal argument lists differ in length
/home/travis/build/EnterpriseQualityCoding/FizzBuzzEnterpriseEdition/src/test/java/com/seriouscompany/business/java/fizzbuzz/packagenamingpackage/impl/factories/TestBuzzStringPrinterFactory.java:[19,66] error: constructor BuzzStringPrinterFactory in class BuzzStringPrinterFactory cannot be applied to given types;

[ERROR]  actual and formal argument lists differ in length
/home/travis/build/EnterpriseQualityCoding/FizzBuzzEnterpriseEdition/src/test/java/com/seriouscompany/business/java/fizzbuzz/packagenamingpackage/impl/printers/TestNewLinePrinter.java:[19,40] error: constructor NewLinePrinter in class NewLinePrinter cannot be applied to given types;

[ERROR]  actual and formal argument lists differ in length
/home/travis/build/EnterpriseQualityCoding/FizzBuzzEnterpriseEdition/src/test/java/com/seriouscompany/business/java/fizzbuzz/packagenamingpackage/impl/printers/TestFizzStringPrinter.java:[25,46] error: constructor FizzStringPrinter in class FizzStringPrinter cannot be applied to given types;

[ERROR]  actual and formal argument lists differ in length
/home/travis/build/EnterpriseQualityCoding/FizzBuzzEnterpriseEdition/src/test/java/com/seriouscompany/business/java/fizzbuzz/packagenamingpackage/impl/printers/TestFizzStringPrinter.java:[41,46] error: constructor FizzStringPrinter in class FizzStringPrinter cannot be applied to given types;

[ERROR]  actual and formal argument lists differ in length
/home/travis/build/EnterpriseQualityCoding/FizzBuzzEnterpriseEdition/src/test/java/com/seriouscompany/business/java/fizzbuzz/packagenamingpackage/impl/factories/TestEnterpriseGradeFizzBuzzSolutionStrategyFactory.java:[23,104] error: constructor EnterpriseGradeFizzBuzzSolutionStrategyFactory in class EnterpriseGradeFizzBuzzSolutionStrategyFactory cannot be applied to given types;

[ERROR]  actual and formal argument lists differ in length
/home/travis/build/EnterpriseQualityCoding/FizzBuzzEnterpriseEdition/src/test/java/com/seriouscompany/business/java/fizzbuzz/packagenamingpackage/impl/factories/TestEnterpriseGradeFizzBuzzSolutionStrategyFactory.java:[34,104] error: constructor EnterpriseGradeFizzBuzzSolutionStrategyFactory in class EnterpriseGradeFizzBuzzSolutionStrategyFactory cannot be applied to given types;

[ERROR]  actual and formal argument lists differ in length
/home/travis/build/EnterpriseQualityCoding/FizzBuzzEnterpriseEdition/src/test/java/com/seriouscompany/business/java/fizzbuzz/packagenamingpackage/impl/strategies/TestEnterpriseGradeFizzBuzzSolutionStrategy.java:[19,90] error: constructor EnterpriseGradeFizzBuzzSolutionStrategy in class EnterpriseGradeFizzBuzzSolutionStrategy cannot be applied to given types;

[ERROR]  actual and formal argument lists differ in length
/home/travis/build/EnterpriseQualityCoding/FizzBuzzEnterpriseEdition/src/test/java/com/seriouscompany/business/java/fizzbuzz/packagenamingpackage/impl/printers/TestBuzzPrinter.java:[19,34] error: constructor BuzzPrinter in class BuzzPrinter cannot be applied to given types;

[ERROR]  actual and formal argument lists differ in length
/home/travis/build/EnterpriseQualityCoding/FizzBuzzEnterpriseEdition/src/test/java/com/seriouscompany/business/java/fizzbuzz/packagenamingpackage/impl/factories/TestNewLineStringReturnerFactory.java:[23,68] error: constructor NewLineStringReturnerFactory in class NewLineStringReturnerFactory cannot be applied to given types;

[ERROR]  actual and formal argument lists differ in length
/home/travis/build/EnterpriseQualityCoding/FizzBuzzEnterpriseEdition/src/test/java/com/seriouscompany/business/java/fizzbuzz/packagenamingpackage/impl/factories/TestNewLineStringReturnerFactory.java:[34,68] error: constructor NewLineStringReturnerFactory in class NewLineStringReturnerFactory cannot be applied to given types;

[ERROR]  actual and formal argument lists differ in length
/home/travis/build/EnterpriseQualityCoding/FizzBuzzEnterpriseEdition/src/test/java/com/seriouscompany/business/java/fizzbuzz/packagenamingpackage/impl/printers/TestFizzPrinter.java:[19,34] error: constructor FizzPrinter in class FizzPrinter cannot be applied to given types;

[ERROR]  actual and formal argument lists differ in length
/home/travis/build/EnterpriseQualityCoding/FizzBuzzEnterpriseEdition/src/test/java/com/seriouscompany/business/java/fizzbuzz/packagenamingpackage/impl/printers/TestIntegerPrinter.java:[19,40] error: constructor IntegerPrinter in class IntegerPrinter cannot be applied to given types;

[ERROR]  actual and formal argument lists differ in length
/home/travis/build/EnterpriseQualityCoding/FizzBuzzEnterpriseEdition/src/test/java/com/seriouscompany/business/java/fizzbuzz/packagenamingpackage/impl/factories/TestFizzBuzzOutputGenerationContextVisitorFactory.java:[19,102] error: constructor FizzBuzzOutputGenerationContextVisitorFactory in class FizzBuzzOutputGenerationContextVisitorFactory cannot be applied to given types;

[ERROR]  actual and formal argument lists differ in length
/home/travis/build/EnterpriseQualityCoding/FizzBuzzEnterpriseEdition/src/test/java/com/seriouscompany/business/java/fizzbuzz/packagenamingpackage/impl/factories/TestLoopComponentFactory.java:[20,52] error: constructor LoopComponentFactory in class LoopComponentFactory cannot be applied to given types;

[ERROR]  actual and formal argument lists differ in length
/home/travis/build/EnterpriseQualityCoding/FizzBuzzEnterpriseEdition/src/test/java/com/seriouscompany/business/java/fizzbuzz/packagenamingpackage/impl/factories/TestLoopComponentFactory.java:[28,52] error: constructor LoopComponentFactory in class LoopComponentFactory cannot be applied to given types;

[ERROR]  actual and formal argument lists differ in length
/home/travis/build/EnterpriseQualityCoding/FizzBuzzEnterpriseEdition/src/test/java/com/seriouscompany/business/java/fizzbuzz/packagenamingpackage/impl/printers/TestIntegerIntegerPrinter.java:[26,54] error: constructor IntegerIntegerPrinter in class IntegerIntegerPrinter cannot be applied to given types;

[ERROR]  actual and formal argument lists differ in length
/home/travis/build/EnterpriseQualityCoding/FizzBuzzEnterpriseEdition/src/test/java/com/seriouscompany/business/java/fizzbuzz/packagenamingpackage/impl/printers/TestIntegerIntegerPrinter.java:[46,54] error: constructor IntegerIntegerPrinter in class IntegerIntegerPrinter cannot be applied to given types;

[ERROR]  actual and formal argument lists differ in length
/home/travis/build/EnterpriseQualityCoding/FizzBuzzEnterpriseEdition/src/test/java/com/seriouscompany/business/java/fizzbuzz/packagenamingpackage/impl/factories/TestIntegerIntegerStringReturnerFactory.java:[23,82] error: constructor IntegerIntegerStringReturnerFactory in class IntegerIntegerStringReturnerFactory cannot be applied to given types;

[ERROR]  actual and formal argument lists differ in length
/home/travis/build/EnterpriseQualityCoding/FizzBuzzEnterpriseEdition/src/test/java/com/seriouscompany/business/java/fizzbuzz/packagenamingpackage/impl/factories/TestIntegerIntegerStringReturnerFactory.java:[34,82] error: constructor IntegerIntegerStringReturnerFactory in class IntegerIntegerStringReturnerFactory cannot be applied to given types;

[ERROR]  actual and formal argument lists differ in length
/home/travis/build/EnterpriseQualityCoding/FizzBuzzEnterpriseEdition/src/test/java/com/seriouscompany/business/java/fizzbuzz/packagenamingpackage/impl/factories/TestIntegerIntegerPrinterFactory.java:[19,68] error: constructor IntegerIntegerPrinterFactory in class IntegerIntegerPrinterFactory cannot be applied to given types;

[ERROR]  actual and formal argument lists differ in length
/home/travis/build/EnterpriseQualityCoding/FizzBuzzEnterpriseEdition/src/test/java/com/seriouscompany/business/java/fizzbuzz/packagenamingpackage/impl/math/arithmetics/TestIntegerDivider.java:[19,40] error: constructor IntegerDivider in class IntegerDivider cannot be applied to given types;

[ERROR]  actual and formal argument lists differ in length
/home/travis/build/EnterpriseQualityCoding/FizzBuzzEnterpriseEdition/src/test/java/com/seriouscompany/business/java/fizzbuzz/packagenamingpackage/impl/factories/TestNewLineStringPrinterFactory.java:[19,66] error: constructor NewLineStringPrinterFactory in class NewLineStringPrinterFactory cannot be applied to given types;

[ERROR]  actual and formal argument lists differ in length
/home/travis/build/EnterpriseQualityCoding/FizzBuzzEnterpriseEdition/src/test/java/com/seriouscompany/business/java/fizzbuzz/packagenamingpackage/impl/factories/TestFizzStringPrinterFactory.java:[19,60] error: constructor FizzStringPrinterFactory in class FizzStringPrinterFactory cannot be applied to given types;

[ERROR]  actual and formal argument lists differ in length
/home/travis/build/EnterpriseQualityCoding/FizzBuzzEnterpriseEdition/src/test/java/com/seriouscompany/business/java/fizzbuzz/packagenamingpackage/impl/printers/TestNewLineStringPrinter.java:[25,52] error: constructor NewLineStringPrinter in class NewLineStringPrinter cannot be applied to given types;

[ERROR]  actual and formal argument lists differ in length
/home/travis/build/EnterpriseQualityCoding/FizzBuzzEnterpriseEdition/src/test/java/com/seriouscompany/business/java/fizzbuzz/packagenamingpackage/impl/printers/TestNewLineStringPrinter.java:[42,52] error: constructor NewLineStringPrinter in class NewLineStringPrinter cannot be applied to given types;

[ERROR]  actual and formal argument lists differ in length
/home/travis/build/EnterpriseQualityCoding/FizzBuzzEnterpriseEdition/src/test/java/com/seriouscompany/business/java/fizzbuzz/packagenamingpackage/impl/factories/TestFizzStrategyFactory.java:[19,50] error: constructor FizzStrategyFactory in class FizzStrategyFactory cannot be applied to given types;

[INFO] 39 errors 
[INFO] -------------------------------------------------------------
[INFO] ------------------------------------------------------------------------
[INFO] BUILD FAILURE
[INFO] ------------------------------------------------------------------------
[INFO] Total time: 10.453 s
[INFO] Finished at: 2015-09-01T01:45:50+00:00
[INFO] Final Memory: 23M/186M
[INFO] ------------------------------------------------------------------------
[ERROR] Failed to execute goal org.apache.maven.plugins:maven-compiler-plugin:2.3:testCompile (default-testCompile) on project FizzBuzzEnterpriseEdition: Compilation failure: Compilation failure:
[ERROR] /home/travis/build/EnterpriseQualityCoding/FizzBuzzEnterpriseEdition/src/test/java/com/seriouscompany/business/java/fizzbuzz/packagenamingpackage/impl/factories/TestBuzzStringReturnerFactory.java:[23,62] error: constructor BuzzStringReturnerFactory in class BuzzStringReturnerFactory cannot be applied to given types;
[ERROR] 
[ERROR] actual and formal argument lists differ in length
[ERROR] /home/travis/build/EnterpriseQualityCoding/FizzBuzzEnterpriseEdition/src/test/java/com/seriouscompany/business/java/fizzbuzz/packagenamingpackage/impl/factories/TestBuzzStringReturnerFactory.java:[34,62] error: constructor BuzzStringReturnerFactory in class BuzzStringReturnerFactory cannot be applied to given types;
[ERROR] 
[ERROR] actual and formal argument lists differ in length
[ERROR] /home/travis/build/EnterpriseQualityCoding/FizzBuzzEnterpriseEdition/src/test/java/com/seriouscompany/business/java/fizzbuzz/packagenamingpackage/impl/TestStandardFizzBuzz.java:[23,50] error: constructor StandardFizzBuzz in class StandardFizzBuzz cannot be applied to given types;
[ERROR] 
[ERROR] actual and formal argument lists differ in length
[ERROR] /home/travis/build/EnterpriseQualityCoding/FizzBuzzEnterpriseEdition/src/test/java/com/seriouscompany/business/java/fizzbuzz/packagenamingpackage/impl/TestStandardFizzBuzz.java:[39,50] error: constructor StandardFizzBuzz in class StandardFizzBuzz cannot be applied to given types;
[ERROR] 
[ERROR] actual and formal argument lists differ in length
[ERROR] /home/travis/build/EnterpriseQualityCoding/FizzBuzzEnterpriseEdition/src/test/java/com/seriouscompany/business/java/fizzbuzz/packagenamingpackage/impl/factories/TestFizzStringReturnerFactory.java:[23,62] error: constructor FizzStringReturnerFactory in class FizzStringReturnerFactory cannot be applied to given types;
[ERROR] 
[ERROR] actual and formal argument lists differ in length
[ERROR] /home/travis/build/EnterpriseQualityCoding/FizzBuzzEnterpriseEdition/src/test/java/com/seriouscompany/business/java/fizzbuzz/packagenamingpackage/impl/factories/TestFizzStringReturnerFactory.java:[34,62] error: constructor FizzStringReturnerFactory in class FizzStringReturnerFactory cannot be applied to given types;
[ERROR] 
[ERROR] actual and formal argument lists differ in length
[ERROR] /home/travis/build/EnterpriseQualityCoding/FizzBuzzEnterpriseEdition/src/test/java/com/seriouscompany/business/java/fizzbuzz/packagenamingpackage/impl/factories/TestBuzzStrategyFactory.java:[19,56] error: constructor BuzzStrategyFactory in class BuzzStrategyFactory cannot be applied to given types;
[ERROR] 
[ERROR] actual and formal argument lists differ in length
[ERROR] /home/travis/build/EnterpriseQualityCoding/FizzBuzzEnterpriseEdition/src/test/java/com/seriouscompany/business/java/fizzbuzz/packagenamingpackage/impl/factories/TestSystemOutFizzBuzzOutputStrategyFactory.java:[19,88] error: constructor SystemOutFizzBuzzOutputStrategyFactory in class SystemOutFizzBuzzOutputStrategyFactory cannot be applied to given types;
[ERROR] 
[ERROR] actual and formal argument lists differ in length
[ERROR] /home/travis/build/EnterpriseQualityCoding/FizzBuzzEnterpriseEdition/src/test/java/com/seriouscompany/business/java/fizzbuzz/packagenamingpackage/impl/strategies/TestSingleStepPayload.java:[23,46] error: constructor SingleStepPayload in class SingleStepPayload cannot be applied to given types;
[ERROR] 
[ERROR] actual and formal argument lists differ in length
[ERROR] /home/travis/build/EnterpriseQualityCoding/FizzBuzzEnterpriseEdition/src/test/java/com/seriouscompany/business/java/fizzbuzz/packagenamingpackage/impl/strategies/TestSingleStepPayload.java:[38,46] error: constructor SingleStepPayload in class SingleStepPayload cannot be applied to given types;
[ERROR] 
[ERROR] actual and formal argument lists differ in length
[ERROR] /home/travis/build/EnterpriseQualityCoding/FizzBuzzEnterpriseEdition/src/test/java/com/seriouscompany/business/java/fizzbuzz/packagenamingpackage/impl/factories/TestNoFizzNoBuzzStrategyFactory.java:[20,66] error: constructor NoFizzNoBuzzStrategyFactory in class NoFizzNoBuzzStrategyFactory cannot be applied to given types;
[ERROR] 
[ERROR] actual and formal argument lists differ in length
[ERROR] /home/travis/build/EnterpriseQualityCoding/FizzBuzzEnterpriseEdition/src/test/java/com/seriouscompany/business/java/fizzbuzz/packagenamingpackage/impl/factories/TestNoFizzNoBuzzStrategyFactory.java:[25,66] error: constructor NoFizzNoBuzzStrategyFactory in class NoFizzNoBuzzStrategyFactory cannot be applied to given types;
[ERROR] 
[ERROR] actual and formal argument lists differ in length
[ERROR] /home/travis/build/EnterpriseQualityCoding/FizzBuzzEnterpriseEdition/src/test/java/com/seriouscompany/business/java/fizzbuzz/packagenamingpackage/impl/printers/TestBuzzStringPrinter.java:[19,46] error: constructor BuzzStringPrinter in class BuzzStringPrinter cannot be applied to given types;
[ERROR] 
[ERROR] actual and formal argument lists differ in length
[ERROR] /home/travis/build/EnterpriseQualityCoding/FizzBuzzEnterpriseEdition/src/test/java/com/seriouscompany/business/java/fizzbuzz/packagenamingpackage/impl/factories/TestBuzzStringPrinterFactory.java:[19,66] error: constructor BuzzStringPrinterFactory in class BuzzStringPrinterFactory cannot be applied to given types;
[ERROR] 
[ERROR] actual and formal argument lists differ in length
[ERROR] /home/travis/build/EnterpriseQualityCoding/FizzBuzzEnterpriseEdition/src/test/java/com/seriouscompany/business/java/fizzbuzz/packagenamingpackage/impl/printers/TestNewLinePrinter.java:[19,40] error: constructor NewLinePrinter in class NewLinePrinter cannot be applied to given types;
[ERROR] 
[ERROR] actual and formal argument lists differ in length
[ERROR] /home/travis/build/EnterpriseQualityCoding/FizzBuzzEnterpriseEdition/src/test/java/com/seriouscompany/business/java/fizzbuzz/packagenamingpackage/impl/printers/TestFizzStringPrinter.java:[25,46] error: constructor FizzStringPrinter in class FizzStringPrinter cannot be applied to given types;
[ERROR] 
[ERROR] actual and formal argument lists differ in length
[ERROR] /home/travis/build/EnterpriseQualityCoding/FizzBuzzEnterpriseEdition/src/test/java/com/seriouscompany/business/java/fizzbuzz/packagenamingpackage/impl/printers/TestFizzStringPrinter.java:[41,46] error: constructor FizzStringPrinter in class FizzStringPrinter cannot be applied to given types;
[ERROR] 
[ERROR] actual and formal argument lists differ in length
[ERROR] /home/travis/build/EnterpriseQualityCoding/FizzBuzzEnterpriseEdition/src/test/java/com/seriouscompany/business/java/fizzbuzz/packagenamingpackage/impl/factories/TestEnterpriseGradeFizzBuzzSolutionStrategyFactory.java:[23,104] error: constructor EnterpriseGradeFizzBuzzSolutionStrategyFactory in class EnterpriseGradeFizzBuzzSolutionStrategyFactory cannot be applied to given types;
[ERROR] 
[ERROR] actual and formal argument lists differ in length
[ERROR] /home/travis/build/EnterpriseQualityCoding/FizzBuzzEnterpriseEdition/src/test/java/com/seriouscompany/business/java/fizzbuzz/packagenamingpackage/impl/factories/TestEnterpriseGradeFizzBuzzSolutionStrategyFactory.java:[34,104] error: constructor EnterpriseGradeFizzBuzzSolutionStrategyFactory in class EnterpriseGradeFizzBuzzSolutionStrategyFactory cannot be applied to given types;
[ERROR] 
[ERROR] actual and formal argument lists differ in length
[ERROR] /home/travis/build/EnterpriseQualityCoding/FizzBuzzEnterpriseEdition/src/test/java/com/seriouscompany/business/java/fizzbuzz/packagenamingpackage/impl/strategies/TestEnterpriseGradeFizzBuzzSolutionStrategy.java:[19,90] error: constructor EnterpriseGradeFizzBuzzSolutionStrategy in class EnterpriseGradeFizzBuzzSolutionStrategy cannot be applied to given types;
[ERROR] 
[ERROR] actual and formal argument lists differ in length
[ERROR] /home/travis/build/EnterpriseQualityCoding/FizzBuzzEnterpriseEdition/src/test/java/com/seriouscompany/business/java/fizzbuzz/packagenamingpackage/impl/printers/TestBuzzPrinter.java:[19,34] error: constructor BuzzPrinter in class BuzzPrinter cannot be applied to given types;
[ERROR] 
[ERROR] actual and formal argument lists differ in length
[ERROR] /home/travis/build/EnterpriseQualityCoding/FizzBuzzEnterpriseEdition/src/test/java/com/seriouscompany/business/java/fizzbuzz/packagenamingpackage/impl/factories/TestNewLineStringReturnerFactory.java:[23,68] error: constructor NewLineStringReturnerFactory in class NewLineStringReturnerFactory cannot be applied to given types;
[ERROR] 
[ERROR] actual and formal argument lists differ in length
[ERROR] /home/travis/build/EnterpriseQualityCoding/FizzBuzzEnterpriseEdition/src/test/java/com/seriouscompany/business/java/fizzbuzz/packagenamingpackage/impl/factories/TestNewLineStringReturnerFactory.java:[34,68] error: constructor NewLineStringReturnerFactory in class NewLineStringReturnerFactory cannot be applied to given types;
[ERROR] 
[ERROR] actual and formal argument lists differ in length
[ERROR] /home/travis/build/EnterpriseQualityCoding/FizzBuzzEnterpriseEdition/src/test/java/com/seriouscompany/business/java/fizzbuzz/packagenamingpackage/impl/printers/TestFizzPrinter.java:[19,34] error: constructor FizzPrinter in class FizzPrinter cannot be applied to given types;
[ERROR] 
[ERROR] actual and formal argument lists differ in length
[ERROR] /home/travis/build/EnterpriseQualityCoding/FizzBuzzEnterpriseEdition/src/test/java/com/seriouscompany/business/java/fizzbuzz/packagenamingpackage/impl/printers/TestIntegerPrinter.java:[19,40] error: constructor IntegerPrinter in class IntegerPrinter cannot be applied to given types;
[ERROR] 
[ERROR] actual and formal argument lists differ in length
[ERROR] /home/travis/build/EnterpriseQualityCoding/FizzBuzzEnterpriseEdition/src/test/java/com/seriouscompany/business/java/fizzbuzz/packagenamingpackage/impl/factories/TestFizzBuzzOutputGenerationContextVisitorFactory.java:[19,102] error: constructor FizzBuzzOutputGenerationContextVisitorFactory in class FizzBuzzOutputGenerationContextVisitorFactory cannot be applied to given types;
[ERROR] 
[ERROR] actual and formal argument lists differ in length
[ERROR] /home/travis/build/EnterpriseQualityCoding/FizzBuzzEnterpriseEdition/src/test/java/com/seriouscompany/business/java/fizzbuzz/packagenamingpackage/impl/factories/TestLoopComponentFactory.java:[20,52] error: constructor LoopComponentFactory in class LoopComponentFactory cannot be applied to given types;
[ERROR] 
[ERROR] actual and formal argument lists differ in length
[ERROR] /home/travis/build/EnterpriseQualityCoding/FizzBuzzEnterpriseEdition/src/test/java/com/seriouscompany/business/java/fizzbuzz/packagenamingpackage/impl/factories/TestLoopComponentFactory.java:[28,52] error: constructor LoopComponentFactory in class LoopComponentFactory cannot be applied to given types;
[ERROR] 
[ERROR] actual and formal argument lists differ in length
[ERROR] /home/travis/build/EnterpriseQualityCoding/FizzBuzzEnterpriseEdition/src/test/java/com/seriouscompany/business/java/fizzbuzz/packagenamingpackage/impl/printers/TestIntegerIntegerPrinter.java:[26,54] error: constructor IntegerIntegerPrinter in class IntegerIntegerPrinter cannot be applied to given types;
[ERROR] 
[ERROR] actual and formal argument lists differ in length
[ERROR] /home/travis/build/EnterpriseQualityCoding/FizzBuzzEnterpriseEdition/src/test/java/com/seriouscompany/business/java/fizzbuzz/packagenamingpackage/impl/printers/TestIntegerIntegerPrinter.java:[46,54] error: constructor IntegerIntegerPrinter in class IntegerIntegerPrinter cannot be applied to given types;
[ERROR] 
[ERROR] actual and formal argument lists differ in length
[ERROR] /home/travis/build/EnterpriseQualityCoding/FizzBuzzEnterpriseEdition/src/test/java/com/seriouscompany/business/java/fizzbuzz/packagenamingpackage/impl/factories/TestIntegerIntegerStringReturnerFactory.java:[23,82] error: constructor IntegerIntegerStringReturnerFactory in class IntegerIntegerStringReturnerFactory cannot be applied to given types;
[ERROR] 
[ERROR] actual and formal argument lists differ in length
[ERROR] /home/travis/build/EnterpriseQualityCoding/FizzBuzzEnterpriseEdition/src/test/java/com/seriouscompany/business/java/fizzbuzz/packagenamingpackage/impl/factories/TestIntegerIntegerStringReturnerFactory.java:[34,82] error: constructor IntegerIntegerStringReturnerFactory in class IntegerIntegerStringReturnerFactory cannot be applied to given types;
[ERROR] 
[ERROR] actual and formal argument lists differ in length
[ERROR] /home/travis/build/EnterpriseQualityCoding/FizzBuzzEnterpriseEdition/src/test/java/com/seriouscompany/business/java/fizzbuzz/packagenamingpackage/impl/factories/TestIntegerIntegerPrinterFactory.java:[19,68] error: constructor IntegerIntegerPrinterFactory in class IntegerIntegerPrinterFactory cannot be applied to given types;
[ERROR] 
[ERROR] actual and formal argument lists differ in length
[ERROR] /home/travis/build/EnterpriseQualityCoding/FizzBuzzEnterpriseEdition/src/test/java/com/seriouscompany/business/java/fizzbuzz/packagenamingpackage/impl/math/arithmetics/TestIntegerDivider.java:[19,40] error: constructor IntegerDivider in class IntegerDivider cannot be applied to given types;
[ERROR] 
[ERROR] actual and formal argument lists differ in length
[ERROR] /home/travis/build/EnterpriseQualityCoding/FizzBuzzEnterpriseEdition/src/test/java/com/seriouscompany/business/java/fizzbuzz/packagenamingpackage/impl/factories/TestNewLineStringPrinterFactory.java:[19,66] error: constructor NewLineStringPrinterFactory in class NewLineStringPrinterFactory cannot be applied to given types;
[ERROR] 
[ERROR] actual and formal argument lists differ in length
[ERROR] /home/travis/build/EnterpriseQualityCoding/FizzBuzzEnterpriseEdition/src/test/java/com/seriouscompany/business/java/fizzbuzz/packagenamingpackage/impl/factories/TestFizzStringPrinterFactory.java:[19,60] error: constructor FizzStringPrinterFactory in class FizzStringPrinterFactory cannot be applied to given types;
[ERROR] 
[ERROR] actual and formal argument lists differ in length
[ERROR] /home/travis/build/EnterpriseQualityCoding/FizzBuzzEnterpriseEdition/src/test/java/com/seriouscompany/business/java/fizzbuzz/packagenamingpackage/impl/printers/TestNewLineStringPrinter.java:[25,52] error: constructor NewLineStringPrinter in class NewLineStringPrinter cannot be applied to given types;
[ERROR] 
[ERROR] actual and formal argument lists differ in length
[ERROR] /home/travis/build/EnterpriseQualityCoding/FizzBuzzEnterpriseEdition/src/test/java/com/seriouscompany/business/java/fizzbuzz/packagenamingpackage/impl/printers/TestNewLineStringPrinter.java:[42,52] error: constructor NewLineStringPrinter in class NewLineStringPrinter cannot be applied to given types;
[ERROR] 
[ERROR] actual and formal argument lists differ in length
[ERROR] /home/travis/build/EnterpriseQualityCoding/FizzBuzzEnterpriseEdition/src/test/java/com/seriouscompany/business/java/fizzbuzz/packagenamingpackage/impl/factories/TestFizzStrategyFactory.java:[19,50] error: constructor FizzStrategyFactory in class FizzStrategyFactory cannot be applied to given types;
[ERROR] -> [Help 1]
[ERROR] 
[ERROR] To see the full stack trace of the errors, re-run Maven with the -e switch.
[ERROR] Re-run Maven using the -X switch to enable full debug logging.
[ERROR] 
[ERROR] For more information about the errors and possible solutions, please read the following articles:
[ERROR] [Help 1] http://cwiki.apache.org/confluence/display/MAVEN/MojoFailureException

[31;1mThe command "eval mvn install -DskipTests=true -Dmaven.javadoc.skip=true -B -V" failed. Retrying, 2 of 3.[0m

Apache Maven 3.2.5 (12a6b3acb947671f09b81f49094c53f426d8cea1; 2014-12-14T17:29:23+00:00)
Maven home: /usr/local/maven
Java version: 1.7.0_76, vendor: Oracle Corporation
Java home: /usr/lib/jvm/java-7-oracle/jre
Default locale: en_US, platform encoding: UTF-8
OS name: "linux", version: "2.6.32-042stab090.5", arch: "amd64", family: "unix"
[INFO] Scanning for projects...
[INFO]                                                                         
[INFO] ------------------------------------------------------------------------
[INFO] Building FizzBuzz Enterprise Edition 1.0-SNAPSHOT
[INFO] ------------------------------------------------------------------------
[INFO] 
[INFO] --- jacoco-maven-plugin:0.5.8.201207111220:prepare-agent (default) @ FizzBuzzEnterpriseEdition ---
[INFO] argLine set to -javaagent:/home/travis/.m2/repository/org/jacoco/org.jacoco.agent/0.5.8.201207111220/org.jacoco.agent-0.5.8.201207111220-runtime.jar=destfile=/home/travis/build/EnterpriseQualityCoding/FizzBuzzEnterpriseEdition/target/jacoco.exec
[INFO] 
[INFO] --- maven-resources-plugin:2.6:resources (default-resources) @ FizzBuzzEnterpriseEdition ---
[INFO] Using 'UTF-8' encoding to copy filtered resources.
[INFO] Copying 1 resource
[INFO] 
[INFO] --- maven-compiler-plugin:2.3:compile (default-compile) @ FizzBuzzEnterpriseEdition ---
[INFO] Nothing to compile - all classes are up to date
[INFO] 
[INFO] --- maven-resources-plugin:2.6:testResources (default-testResources) @ FizzBuzzEnterpriseEdition ---
[INFO] Using 'UTF-8' encoding to copy filtered resources.
[INFO] skip non existing resourceDirectory /home/travis/build/EnterpriseQualityCoding/FizzBuzzEnterpriseEdition/src/test/resources
[INFO] 
[INFO] --- maven-compiler-plugin:2.3:testCompile (default-testCompile) @ FizzBuzzEnterpriseEdition ---
[INFO] Compiling 57 source files to /home/travis/build/EnterpriseQualityCoding/FizzBuzzEnterpriseEdition/target/test-classes
[INFO] -------------------------------------------------------------
[ERROR] COMPILATION ERROR : 
[INFO] -------------------------------------------------------------
[ERROR] /home/travis/build/EnterpriseQualityCoding/FizzBuzzEnterpriseEdition/src/test/java/com/seriouscompany/business/java/fizzbuzz/packagenamingpackage/impl/factories/TestBuzzStringReturnerFactory.java:[23,62] error: constructor BuzzStringReturnerFactory in class BuzzStringReturnerFactory cannot be applied to given types;

[ERROR]  actual and formal argument lists differ in length
/home/travis/build/EnterpriseQualityCoding/FizzBuzzEnterpriseEdition/src/test/java/com/seriouscompany/business/java/fizzbuzz/packagenamingpackage/impl/factories/TestBuzzStringReturnerFactory.java:[34,62] error: constructor BuzzStringReturnerFactory in class BuzzStringReturnerFactory cannot be applied to given types;

[ERROR]  actual and formal argument lists differ in length
/home/travis/build/EnterpriseQualityCoding/FizzBuzzEnterpriseEdition/src/test/java/com/seriouscompany/business/java/fizzbuzz/packagenamingpackage/impl/TestStandardFizzBuzz.java:[23,50] error: constructor StandardFizzBuzz in class StandardFizzBuzz cannot be applied to given types;

[ERROR]  actual and formal argument lists differ in length
/home/travis/build/EnterpriseQualityCoding/FizzBuzzEnterpriseEdition/src/test/java/com/seriouscompany/business/java/fizzbuzz/packagenamingpackage/impl/TestStandardFizzBuzz.java:[39,50] error: constructor StandardFizzBuzz in class StandardFizzBuzz cannot be applied to given types;

[ERROR]  actual and formal argument lists differ in length
/home/travis/build/EnterpriseQualityCoding/FizzBuzzEnterpriseEdition/src/test/java/com/seriouscompany/business/java/fizzbuzz/packagenamingpackage/impl/factories/TestFizzStringReturnerFactory.java:[23,62] error: constructor FizzStringReturnerFactory in class FizzStringReturnerFactory cannot be applied to given types;

[ERROR]  actual and formal argument lists differ in length
/home/travis/build/EnterpriseQualityCoding/FizzBuzzEnterpriseEdition/src/test/java/com/seriouscompany/business/java/fizzbuzz/packagenamingpackage/impl/factories/TestFizzStringReturnerFactory.java:[34,62] error: constructor FizzStringReturnerFactory in class FizzStringReturnerFactory cannot be applied to given types;

[ERROR]  actual and formal argument lists differ in length
/home/travis/build/EnterpriseQualityCoding/FizzBuzzEnterpriseEdition/src/test/java/com/seriouscompany/business/java/fizzbuzz/packagenamingpackage/impl/factories/TestBuzzStrategyFactory.java:[19,56] error: constructor BuzzStrategyFactory in class BuzzStrategyFactory cannot be applied to given types;

[ERROR]  actual and formal argument lists differ in length
/home/travis/build/EnterpriseQualityCoding/FizzBuzzEnterpriseEdition/src/test/java/com/seriouscompany/business/java/fizzbuzz/packagenamingpackage/impl/factories/TestSystemOutFizzBuzzOutputStrategyFactory.java:[19,88] error: constructor SystemOutFizzBuzzOutputStrategyFactory in class SystemOutFizzBuzzOutputStrategyFactory cannot be applied to given types;

[ERROR]  actual and formal argument lists differ in length
/home/travis/build/EnterpriseQualityCoding/FizzBuzzEnterpriseEdition/src/test/java/com/seriouscompany/business/java/fizzbuzz/packagenamingpackage/impl/strategies/TestSingleStepPayload.java:[23,46] error: constructor SingleStepPayload in class SingleStepPayload cannot be applied to given types;

[ERROR]  actual and formal argument lists differ in length
/home/travis/build/EnterpriseQualityCoding/FizzBuzzEnterpriseEdition/src/test/java/com/seriouscompany/business/java/fizzbuzz/packagenamingpackage/impl/strategies/TestSingleStepPayload.java:[38,46] error: constructor SingleStepPayload in class SingleStepPayload cannot be applied to given types;

[ERROR]  actual and formal argument lists differ in length
/home/travis/build/EnterpriseQualityCoding/FizzBuzzEnterpriseEdition/src/test/java/com/seriouscompany/business/java/fizzbuzz/packagenamingpackage/impl/factories/TestNoFizzNoBuzzStrategyFactory.java:[20,66] error: constructor NoFizzNoBuzzStrategyFactory in class NoFizzNoBuzzStrategyFactory cannot be applied to given types;

[ERROR]  actual and formal argument lists differ in length
/home/travis/build/EnterpriseQualityCoding/FizzBuzzEnterpriseEdition/src/test/java/com/seriouscompany/business/java/fizzbuzz/packagenamingpackage/impl/factories/TestNoFizzNoBuzzStrategyFactory.java:[25,66] error: constructor NoFizzNoBuzzStrategyFactory in class NoFizzNoBuzzStrategyFactory cannot be applied to given types;

[ERROR]  actual and formal argument lists differ in length
/home/travis/build/EnterpriseQualityCoding/FizzBuzzEnterpriseEdition/src/test/java/com/seriouscompany/business/java/fizzbuzz/packagenamingpackage/impl/printers/TestBuzzStringPrinter.java:[19,46] error: constructor BuzzStringPrinter in class BuzzStringPrinter cannot be applied to given types;

[ERROR]  actual and formal argument lists differ in length
/home/travis/build/EnterpriseQualityCoding/FizzBuzzEnterpriseEdition/src/test/java/com/seriouscompany/business/java/fizzbuzz/packagenamingpackage/impl/factories/TestBuzzStringPrinterFactory.java:[19,66] error: constructor BuzzStringPrinterFactory in class BuzzStringPrinterFactory cannot be applied to given types;

[ERROR]  actual and formal argument lists differ in length
/home/travis/build/EnterpriseQualityCoding/FizzBuzzEnterpriseEdition/src/test/java/com/seriouscompany/business/java/fizzbuzz/packagenamingpackage/impl/printers/TestNewLinePrinter.java:[19,40] error: constructor NewLinePrinter in class NewLinePrinter cannot be applied to given types;

[ERROR]  actual and formal argument lists differ in length
/home/travis/build/EnterpriseQualityCoding/FizzBuzzEnterpriseEdition/src/test/java/com/seriouscompany/business/java/fizzbuzz/packagenamingpackage/impl/printers/TestFizzStringPrinter.java:[25,46] error: constructor FizzStringPrinter in class FizzStringPrinter cannot be applied to given types;

[ERROR]  actual and formal argument lists differ in length
/home/travis/build/EnterpriseQualityCoding/FizzBuzzEnterpriseEdition/src/test/java/com/seriouscompany/business/java/fizzbuzz/packagenamingpackage/impl/printers/TestFizzStringPrinter.java:[41,46] error: constructor FizzStringPrinter in class FizzStringPrinter cannot be applied to given types;

[ERROR]  actual and formal argument lists differ in length
/home/travis/build/EnterpriseQualityCoding/FizzBuzzEnterpriseEdition/src/test/java/com/seriouscompany/business/java/fizzbuzz/packagenamingpackage/impl/factories/TestEnterpriseGradeFizzBuzzSolutionStrategyFactory.java:[23,104] error: constructor EnterpriseGradeFizzBuzzSolutionStrategyFactory in class EnterpriseGradeFizzBuzzSolutionStrategyFactory cannot be applied to given types;

[ERROR]  actual and formal argument lists differ in length
/home/travis/build/EnterpriseQualityCoding/FizzBuzzEnterpriseEdition/src/test/java/com/seriouscompany/business/java/fizzbuzz/packagenamingpackage/impl/factories/TestEnterpriseGradeFizzBuzzSolutionStrategyFactory.java:[34,104] error: constructor EnterpriseGradeFizzBuzzSolutionStrategyFactory in class EnterpriseGradeFizzBuzzSolutionStrategyFactory cannot be applied to given types;

[ERROR]  actual and formal argument lists differ in length
/home/travis/build/EnterpriseQualityCoding/FizzBuzzEnterpriseEdition/src/test/java/com/seriouscompany/business/java/fizzbuzz/packagenamingpackage/impl/strategies/TestEnterpriseGradeFizzBuzzSolutionStrategy.java:[19,90] error: constructor EnterpriseGradeFizzBuzzSolutionStrategy in class EnterpriseGradeFizzBuzzSolutionStrategy cannot be applied to given types;

[ERROR]  actual and formal argument lists differ in length
/home/travis/build/EnterpriseQualityCoding/FizzBuzzEnterpriseEdition/src/test/java/com/seriouscompany/business/java/fizzbuzz/packagenamingpackage/impl/printers/TestBuzzPrinter.java:[19,34] error: constructor BuzzPrinter in class BuzzPrinter cannot be applied to given types;

[ERROR]  actual and formal argument lists differ in length
/home/travis/build/EnterpriseQualityCoding/FizzBuzzEnterpriseEdition/src/test/java/com/seriouscompany/business/java/fizzbuzz/packagenamingpackage/impl/factories/TestNewLineStringReturnerFactory.java:[23,68] error: constructor NewLineStringReturnerFactory in class NewLineStringReturnerFactory cannot be applied to given types;

[ERROR]  actual and formal argument lists differ in length
/home/travis/build/EnterpriseQualityCoding/FizzBuzzEnterpriseEdition/src/test/java/com/seriouscompany/business/java/fizzbuzz/packagenamingpackage/impl/factories/TestNewLineStringReturnerFactory.java:[34,68] error: constructor NewLineStringReturnerFactory in class NewLineStringReturnerFactory cannot be applied to given types;

[ERROR]  actual and formal argument lists differ in length
/home/travis/build/EnterpriseQualityCoding/FizzBuzzEnterpriseEdition/src/test/java/com/seriouscompany/business/java/fizzbuzz/packagenamingpackage/impl/printers/TestFizzPrinter.java:[19,34] error: constructor FizzPrinter in class FizzPrinter cannot be applied to given types;

[ERROR]  actual and formal argument lists differ in length
/home/travis/build/EnterpriseQualityCoding/FizzBuzzEnterpriseEdition/src/test/java/com/seriouscompany/business/java/fizzbuzz/packagenamingpackage/impl/printers/TestIntegerPrinter.java:[19,40] error: constructor IntegerPrinter in class IntegerPrinter cannot be applied to given types;

[ERROR]  actual and formal argument lists differ in length
/home/travis/build/EnterpriseQualityCoding/FizzBuzzEnterpriseEdition/src/test/java/com/seriouscompany/business/java/fizzbuzz/packagenamingpackage/impl/factories/TestFizzBuzzOutputGenerationContextVisitorFactory.java:[19,102] error: constructor FizzBuzzOutputGenerationContextVisitorFactory in class FizzBuzzOutputGenerationContextVisitorFactory cannot be applied to given types;

[ERROR]  actual and formal argument lists differ in length
/home/travis/build/EnterpriseQualityCoding/FizzBuzzEnterpriseEdition/src/test/java/com/seriouscompany/business/java/fizzbuzz/packagenamingpackage/impl/factories/TestLoopComponentFactory.java:[20,52] error: constructor LoopComponentFactory in class LoopComponentFactory cannot be applied to given types;

[ERROR]  actual and formal argument lists differ in length
/home/travis/build/EnterpriseQualityCoding/FizzBuzzEnterpriseEdition/src/test/java/com/seriouscompany/business/java/fizzbuzz/packagenamingpackage/impl/factories/TestLoopComponentFactory.java:[28,52] error: constructor LoopComponentFactory in class LoopComponentFactory cannot be applied to given types;

[ERROR]  actual and formal argument lists differ in length
/home/travis/build/EnterpriseQualityCoding/FizzBuzzEnterpriseEdition/src/test/java/com/seriouscompany/business/java/fizzbuzz/packagenamingpackage/impl/printers/TestIntegerIntegerPrinter.java:[26,54] error: constructor IntegerIntegerPrinter in class IntegerIntegerPrinter cannot be applied to given types;

[ERROR]  actual and formal argument lists differ in length
/home/travis/build/EnterpriseQualityCoding/FizzBuzzEnterpriseEdition/src/test/java/com/seriouscompany/business/java/fizzbuzz/packagenamingpackage/impl/printers/TestIntegerIntegerPrinter.java:[46,54] error: constructor IntegerIntegerPrinter in class IntegerIntegerPrinter cannot be applied to given types;

[ERROR]  actual and formal argument lists differ in length
/home/travis/build/EnterpriseQualityCoding/FizzBuzzEnterpriseEdition/src/test/java/com/seriouscompany/business/java/fizzbuzz/packagenamingpackage/impl/factories/TestIntegerIntegerStringReturnerFactory.java:[23,82] error: constructor IntegerIntegerStringReturnerFactory in class IntegerIntegerStringReturnerFactory cannot be applied to given types;

[ERROR]  actual and formal argument lists differ in length
/home/travis/build/EnterpriseQualityCoding/FizzBuzzEnterpriseEdition/src/test/java/com/seriouscompany/business/java/fizzbuzz/packagenamingpackage/impl/factories/TestIntegerIntegerStringReturnerFactory.java:[34,82] error: constructor IntegerIntegerStringReturnerFactory in class IntegerIntegerStringReturnerFactory cannot be applied to given types;

[ERROR]  actual and formal argument lists differ in length
/home/travis/build/EnterpriseQualityCoding/FizzBuzzEnterpriseEdition/src/test/java/com/seriouscompany/business/java/fizzbuzz/packagenamingpackage/impl/factories/TestIntegerIntegerPrinterFactory.java:[19,68] error: constructor IntegerIntegerPrinterFactory in class IntegerIntegerPrinterFactory cannot be applied to given types;

[ERROR]  actual and formal argument lists differ in length
/home/travis/build/EnterpriseQualityCoding/FizzBuzzEnterpriseEdition/src/test/java/com/seriouscompany/business/java/fizzbuzz/packagenamingpackage/impl/math/arithmetics/TestIntegerDivider.java:[19,40] error: constructor IntegerDivider in class IntegerDivider cannot be applied to given types;

[ERROR]  actual and formal argument lists differ in length
/home/travis/build/EnterpriseQualityCoding/FizzBuzzEnterpriseEdition/src/test/java/com/seriouscompany/business/java/fizzbuzz/packagenamingpackage/impl/factories/TestNewLineStringPrinterFactory.java:[19,66] error: constructor NewLineStringPrinterFactory in class NewLineStringPrinterFactory cannot be applied to given types;

[ERROR]  actual and formal argument lists differ in length
/home/travis/build/EnterpriseQualityCoding/FizzBuzzEnterpriseEdition/src/test/java/com/seriouscompany/business/java/fizzbuzz/packagenamingpackage/impl/factories/TestFizzStringPrinterFactory.java:[19,60] error: constructor FizzStringPrinterFactory in class FizzStringPrinterFactory cannot be applied to given types;

[ERROR]  actual and formal argument lists differ in length
/home/travis/build/EnterpriseQualityCoding/FizzBuzzEnterpriseEdition/src/test/java/com/seriouscompany/business/java/fizzbuzz/packagenamingpackage/impl/printers/TestNewLineStringPrinter.java:[25,52] error: constructor NewLineStringPrinter in class NewLineStringPrinter cannot be applied to given types;

[ERROR]  actual and formal argument lists differ in length
/home/travis/build/EnterpriseQualityCoding/FizzBuzzEnterpriseEdition/src/test/java/com/seriouscompany/business/java/fizzbuzz/packagenamingpackage/impl/printers/TestNewLineStringPrinter.java:[42,52] error: constructor NewLineStringPrinter in class NewLineStringPrinter cannot be applied to given types;

[ERROR]  actual and formal argument lists differ in length
/home/travis/build/EnterpriseQualityCoding/FizzBuzzEnterpriseEdition/src/test/java/com/seriouscompany/business/java/fizzbuzz/packagenamingpackage/impl/factories/TestFizzStrategyFactory.java:[19,50] error: constructor FizzStrategyFactory in class FizzStrategyFactory cannot be applied to given types;

[INFO] 39 errors 
[INFO] -------------------------------------------------------------
[INFO] ------------------------------------------------------------------------
[INFO] BUILD FAILURE
[INFO] ------------------------------------------------------------------------
[INFO] Total time: 4.444 s
[INFO] Finished at: 2015-09-01T01:45:58+00:00
[INFO] Final Memory: 13M/135M
[INFO] ------------------------------------------------------------------------
[ERROR] Failed to execute goal org.apache.maven.plugins:maven-compiler-plugin:2.3:testCompile (default-testCompile) on project FizzBuzzEnterpriseEdition: Compilation failure: Compilation failure:
[ERROR] /home/travis/build/EnterpriseQualityCoding/FizzBuzzEnterpriseEdition/src/test/java/com/seriouscompany/business/java/fizzbuzz/packagenamingpackage/impl/factories/TestBuzzStringReturnerFactory.java:[23,62] error: constructor BuzzStringReturnerFactory in class BuzzStringReturnerFactory cannot be applied to given types;
[ERROR] 
[ERROR] actual and formal argument lists differ in length
[ERROR] /home/travis/build/EnterpriseQualityCoding/FizzBuzzEnterpriseEdition/src/test/java/com/seriouscompany/business/java/fizzbuzz/packagenamingpackage/impl/factories/TestBuzzStringReturnerFactory.java:[34,62] error: constructor BuzzStringReturnerFactory in class BuzzStringReturnerFactory cannot be applied to given types;
[ERROR] 
[ERROR] actual and formal argument lists differ in length
[ERROR] /home/travis/build/EnterpriseQualityCoding/FizzBuzzEnterpriseEdition/src/test/java/com/seriouscompany/business/java/fizzbuzz/packagenamingpackage/impl/TestStandardFizzBuzz.java:[23,50] error: constructor StandardFizzBuzz in class StandardFizzBuzz cannot be applied to given types;
[ERROR] 
[ERROR] actual and formal argument lists differ in length
[ERROR] /home/travis/build/EnterpriseQualityCoding/FizzBuzzEnterpriseEdition/src/test/java/com/seriouscompany/business/java/fizzbuzz/packagenamingpackage/impl/TestStandardFizzBuzz.java:[39,50] error: constructor StandardFizzBuzz in class StandardFizzBuzz cannot be applied to given types;
[ERROR] 
[ERROR] actual and formal argument lists differ in length
[ERROR] /home/travis/build/EnterpriseQualityCoding/FizzBuzzEnterpriseEdition/src/test/java/com/seriouscompany/business/java/fizzbuzz/packagenamingpackage/impl/factories/TestFizzStringReturnerFactory.java:[23,62] error: constructor FizzStringReturnerFactory in class FizzStringReturnerFactory cannot be applied to given types;
[ERROR] 
[ERROR] actual and formal argument lists differ in length
[ERROR] /home/travis/build/EnterpriseQualityCoding/FizzBuzzEnterpriseEdition/src/test/java/com/seriouscompany/business/java/fizzbuzz/packagenamingpackage/impl/factories/TestFizzStringReturnerFactory.java:[34,62] error: constructor FizzStringReturnerFactory in class FizzStringReturnerFactory cannot be applied to given types;
[ERROR] 
[ERROR] actual and formal argument lists differ in length
[ERROR] /home/travis/build/EnterpriseQualityCoding/FizzBuzzEnterpriseEdition/src/test/java/com/seriouscompany/business/java/fizzbuzz/packagenamingpackage/impl/factories/TestBuzzStrategyFactory.java:[19,56] error: constructor BuzzStrategyFactory in class BuzzStrategyFactory cannot be applied to given types;
[ERROR] 
[ERROR] actual and formal argument lists differ in length
[ERROR] /home/travis/build/EnterpriseQualityCoding/FizzBuzzEnterpriseEdition/src/test/java/com/seriouscompany/business/java/fizzbuzz/packagenamingpackage/impl/factories/TestSystemOutFizzBuzzOutputStrategyFactory.java:[19,88] error: constructor SystemOutFizzBuzzOutputStrategyFactory in class SystemOutFizzBuzzOutputStrategyFactory cannot be applied to given types;
[ERROR] 
[ERROR] actual and formal argument lists differ in length
[ERROR] /home/travis/build/EnterpriseQualityCoding/FizzBuzzEnterpriseEdition/src/test/java/com/seriouscompany/business/java/fizzbuzz/packagenamingpackage/impl/strategies/TestSingleStepPayload.java:[23,46] error: constructor SingleStepPayload in class SingleStepPayload cannot be applied to given types;
[ERROR] 
[ERROR] actual and formal argument lists differ in length
[ERROR] /home/travis/build/EnterpriseQualityCoding/FizzBuzzEnterpriseEdition/src/test/java/com/seriouscompany/business/java/fizzbuzz/packagenamingpackage/impl/strategies/TestSingleStepPayload.java:[38,46] error: constructor SingleStepPayload in class SingleStepPayload cannot be applied to given types;
[ERROR] 
[ERROR] actual and formal argument lists differ in length
[ERROR] /home/travis/build/EnterpriseQualityCoding/FizzBuzzEnterpriseEdition/src/test/java/com/seriouscompany/business/java/fizzbuzz/packagenamingpackage/impl/factories/TestNoFizzNoBuzzStrategyFactory.java:[20,66] error: constructor NoFizzNoBuzzStrategyFactory in class NoFizzNoBuzzStrategyFactory cannot be applied to given types;
[ERROR] 
[ERROR] actual and formal argument lists differ in length
[ERROR] /home/travis/build/EnterpriseQualityCoding/FizzBuzzEnterpriseEdition/src/test/java/com/seriouscompany/business/java/fizzbuzz/packagenamingpackage/impl/factories/TestNoFizzNoBuzzStrategyFactory.java:[25,66] error: constructor NoFizzNoBuzzStrategyFactory in class NoFizzNoBuzzStrategyFactory cannot be applied to given types;
[ERROR] 
[ERROR] actual and formal argument lists differ in length
[ERROR] /home/travis/build/EnterpriseQualityCoding/FizzBuzzEnterpriseEdition/src/test/java/com/seriouscompany/business/java/fizzbuzz/packagenamingpackage/impl/printers/TestBuzzStringPrinter.java:[19,46] error: constructor BuzzStringPrinter in class BuzzStringPrinter cannot be applied to given types;
[ERROR] 
[ERROR] actual and formal argument lists differ in length
[ERROR] /home/travis/build/EnterpriseQualityCoding/FizzBuzzEnterpriseEdition/src/test/java/com/seriouscompany/business/java/fizzbuzz/packagenamingpackage/impl/factories/TestBuzzStringPrinterFactory.java:[19,66] error: constructor BuzzStringPrinterFactory in class BuzzStringPrinterFactory cannot be applied to given types;
[ERROR] 
[ERROR] actual and formal argument lists differ in length
[ERROR] /home/travis/build/EnterpriseQualityCoding/FizzBuzzEnterpriseEdition/src/test/java/com/seriouscompany/business/java/fizzbuzz/packagenamingpackage/impl/printers/TestNewLinePrinter.java:[19,40] error: constructor NewLinePrinter in class NewLinePrinter cannot be applied to given types;
[ERROR] 
[ERROR] actual and formal argument lists differ in length
[ERROR] /home/travis/build/EnterpriseQualityCoding/FizzBuzzEnterpriseEdition/src/test/java/com/seriouscompany/business/java/fizzbuzz/packagenamingpackage/impl/printers/TestFizzStringPrinter.java:[25,46] error: constructor FizzStringPrinter in class FizzStringPrinter cannot be applied to given types;
[ERROR] 
[ERROR] actual and formal argument lists differ in length
[ERROR] /home/travis/build/EnterpriseQualityCoding/FizzBuzzEnterpriseEdition/src/test/java/com/seriouscompany/business/java/fizzbuzz/packagenamingpackage/impl/printers/TestFizzStringPrinter.java:[41,46] error: constructor FizzStringPrinter in class FizzStringPrinter cannot be applied to given types;
[ERROR] 
[ERROR] actual and formal argument lists differ in length
[ERROR] /home/travis/build/EnterpriseQualityCoding/FizzBuzzEnterpriseEdition/src/test/java/com/seriouscompany/business/java/fizzbuzz/packagenamingpackage/impl/factories/TestEnterpriseGradeFizzBuzzSolutionStrategyFactory.java:[23,104] error: constructor EnterpriseGradeFizzBuzzSolutionStrategyFactory in class EnterpriseGradeFizzBuzzSolutionStrategyFactory cannot be applied to given types;
[ERROR] 
[ERROR] actual and formal argument lists differ in length
[ERROR] /home/travis/build/EnterpriseQualityCoding/FizzBuzzEnterpriseEdition/src/test/java/com/seriouscompany/business/java/fizzbuzz/packagenamingpackage/impl/factories/TestEnterpriseGradeFizzBuzzSolutionStrategyFactory.java:[34,104] error: constructor EnterpriseGradeFizzBuzzSolutionStrategyFactory in class EnterpriseGradeFizzBuzzSolutionStrategyFactory cannot be applied to given types;
[ERROR] 
[ERROR] actual and formal argument lists differ in length
[ERROR] /home/travis/build/EnterpriseQualityCoding/FizzBuzzEnterpriseEdition/src/test/java/com/seriouscompany/business/java/fizzbuzz/packagenamingpackage/impl/strategies/TestEnterpriseGradeFizzBuzzSolutionStrategy.java:[19,90] error: constructor EnterpriseGradeFizzBuzzSolutionStrategy in class EnterpriseGradeFizzBuzzSolutionStrategy cannot be applied to given types;
[ERROR] 
[ERROR] actual and formal argument lists differ in length
[ERROR] /home/travis/build/EnterpriseQualityCoding/FizzBuzzEnterpriseEdition/src/test/java/com/seriouscompany/business/java/fizzbuzz/packagenamingpackage/impl/printers/TestBuzzPrinter.java:[19,34] error: constructor BuzzPrinter in class BuzzPrinter cannot be applied to given types;
[ERROR] 
[ERROR] actual and formal argument lists differ in length
[ERROR] /home/travis/build/EnterpriseQualityCoding/FizzBuzzEnterpriseEdition/src/test/java/com/seriouscompany/business/java/fizzbuzz/packagenamingpackage/impl/factories/TestNewLineStringReturnerFactory.java:[23,68] error: constructor NewLineStringReturnerFactory in class NewLineStringReturnerFactory cannot be applied to given types;
[ERROR] 
[ERROR] actual and formal argument lists differ in length
[ERROR] /home/travis/build/EnterpriseQualityCoding/FizzBuzzEnterpriseEdition/src/test/java/com/seriouscompany/business/java/fizzbuzz/packagenamingpackage/impl/factories/TestNewLineStringReturnerFactory.java:[34,68] error: constructor NewLineStringReturnerFactory in class NewLineStringReturnerFactory cannot be applied to given types;
[ERROR] 
[ERROR] actual and formal argument lists differ in length
[ERROR] /home/travis/build/EnterpriseQualityCoding/FizzBuzzEnterpriseEdition/src/test/java/com/seriouscompany/business/java/fizzbuzz/packagenamingpackage/impl/printers/TestFizzPrinter.java:[19,34] error: constructor FizzPrinter in class FizzPrinter cannot be applied to given types;
[ERROR] 
[ERROR] actual and formal argument lists differ in length
[ERROR] /home/travis/build/EnterpriseQualityCoding/FizzBuzzEnterpriseEdition/src/test/java/com/seriouscompany/business/java/fizzbuzz/packagenamingpackage/impl/printers/TestIntegerPrinter.java:[19,40] error: constructor IntegerPrinter in class IntegerPrinter cannot be applied to given types;
[ERROR] 
[ERROR] actual and formal argument lists differ in length
[ERROR] /home/travis/build/EnterpriseQualityCoding/FizzBuzzEnterpriseEdition/src/test/java/com/seriouscompany/business/java/fizzbuzz/packagenamingpackage/impl/factories/TestFizzBuzzOutputGenerationContextVisitorFactory.java:[19,102] error: constructor FizzBuzzOutputGenerationContextVisitorFactory in class FizzBuzzOutputGenerationContextVisitorFactory cannot be applied to given types;
[ERROR] 
[ERROR] actual and formal argument lists differ in length
[ERROR] /home/travis/build/EnterpriseQualityCoding/FizzBuzzEnterpriseEdition/src/test/java/com/seriouscompany/business/java/fizzbuzz/packagenamingpackage/impl/factories/TestLoopComponentFactory.java:[20,52] error: constructor LoopComponentFactory in class LoopComponentFactory cannot be applied to given types;
[ERROR] 
[ERROR] actual and formal argument lists differ in length
[ERROR] /home/travis/build/EnterpriseQualityCoding/FizzBuzzEnterpriseEdition/src/test/java/com/seriouscompany/business/java/fizzbuzz/packagenamingpackage/impl/factories/TestLoopComponentFactory.java:[28,52] error: constructor LoopComponentFactory in class LoopComponentFactory cannot be applied to given types;
[ERROR] 
[ERROR] actual and formal argument lists differ in length
[ERROR] /home/travis/build/EnterpriseQualityCoding/FizzBuzzEnterpriseEdition/src/test/java/com/seriouscompany/business/java/fizzbuzz/packagenamingpackage/impl/printers/TestIntegerIntegerPrinter.java:[26,54] error: constructor IntegerIntegerPrinter in class IntegerIntegerPrinter cannot be applied to given types;
[ERROR] 
[ERROR] actual and formal argument lists differ in length
[ERROR] /home/travis/build/EnterpriseQualityCoding/FizzBuzzEnterpriseEdition/src/test/java/com/seriouscompany/business/java/fizzbuzz/packagenamingpackage/impl/printers/TestIntegerIntegerPrinter.java:[46,54] error: constructor IntegerIntegerPrinter in class IntegerIntegerPrinter cannot be applied to given types;
[ERROR] 
[ERROR] actual and formal argument lists differ in length
[ERROR] /home/travis/build/EnterpriseQualityCoding/FizzBuzzEnterpriseEdition/src/test/java/com/seriouscompany/business/java/fizzbuzz/packagenamingpackage/impl/factories/TestIntegerIntegerStringReturnerFactory.java:[23,82] error: constructor IntegerIntegerStringReturnerFactory in class IntegerIntegerStringReturnerFactory cannot be applied to given types;
[ERROR] 
[ERROR] actual and formal argument lists differ in length
[ERROR] /home/travis/build/EnterpriseQualityCoding/FizzBuzzEnterpriseEdition/src/test/java/com/seriouscompany/business/java/fizzbuzz/packagenamingpackage/impl/factories/TestIntegerIntegerStringReturnerFactory.java:[34,82] error: constructor IntegerIntegerStringReturnerFactory in class IntegerIntegerStringReturnerFactory cannot be applied to given types;
[ERROR] 
[ERROR] actual and formal argument lists differ in length
[ERROR] /home/travis/build/EnterpriseQualityCoding/FizzBuzzEnterpriseEdition/src/test/java/com/seriouscompany/business/java/fizzbuzz/packagenamingpackage/impl/factories/TestIntegerIntegerPrinterFactory.java:[19,68] error: constructor IntegerIntegerPrinterFactory in class IntegerIntegerPrinterFactory cannot be applied to given types;
[ERROR] 
[ERROR] actual and formal argument lists differ in length
[ERROR] /home/travis/build/EnterpriseQualityCoding/FizzBuzzEnterpriseEdition/src/test/java/com/seriouscompany/business/java/fizzbuzz/packagenamingpackage/impl/math/arithmetics/TestIntegerDivider.java:[19,40] error: constructor IntegerDivider in class IntegerDivider cannot be applied to given types;
[ERROR] 
[ERROR] actual and formal argument lists differ in length
[ERROR] /home/travis/build/EnterpriseQualityCoding/FizzBuzzEnterpriseEdition/src/test/java/com/seriouscompany/business/java/fizzbuzz/packagenamingpackage/impl/factories/TestNewLineStringPrinterFactory.java:[19,66] error: constructor NewLineStringPrinterFactory in class NewLineStringPrinterFactory cannot be applied to given types;
[ERROR] 
[ERROR] actual and formal argument lists differ in length
[ERROR] /home/travis/build/EnterpriseQualityCoding/FizzBuzzEnterpriseEdition/src/test/java/com/seriouscompany/business/java/fizzbuzz/packagenamingpackage/impl/factories/TestFizzStringPrinterFactory.java:[19,60] error: constructor FizzStringPrinterFactory in class FizzStringPrinterFactory cannot be applied to given types;
[ERROR] 
[ERROR] actual and formal argument lists differ in length
[ERROR] /home/travis/build/EnterpriseQualityCoding/FizzBuzzEnterpriseEdition/src/test/java/com/seriouscompany/business/java/fizzbuzz/packagenamingpackage/impl/printers/TestNewLineStringPrinter.java:[25,52] error: constructor NewLineStringPrinter in class NewLineStringPrinter cannot be applied to given types;
[ERROR] 
[ERROR] actual and formal argument lists differ in length
[ERROR] /home/travis/build/EnterpriseQualityCoding/FizzBuzzEnterpriseEdition/src/test/java/com/seriouscompany/business/java/fizzbuzz/packagenamingpackage/impl/printers/TestNewLineStringPrinter.java:[42,52] error: constructor NewLineStringPrinter in class NewLineStringPrinter cannot be applied to given types;
[ERROR] 
[ERROR] actual and formal argument lists differ in length
[ERROR] /home/travis/build/EnterpriseQualityCoding/FizzBuzzEnterpriseEdition/src/test/java/com/seriouscompany/business/java/fizzbuzz/packagenamingpackage/impl/factories/TestFizzStrategyFactory.java:[19,50] error: constructor FizzStrategyFactory in class FizzStrategyFactory cannot be applied to given types;
[ERROR] -> [Help 1]
[ERROR] 
[ERROR] To see the full stack trace of the errors, re-run Maven with the -e switch.
[ERROR] Re-run Maven using the -X switch to enable full debug logging.
[ERROR] 
[ERROR] For more information about the errors and possible solutions, please read the following articles:
[ERROR] [Help 1] http://cwiki.apache.org/confluence/display/MAVEN/MojoFailureException

[31;1mThe command "eval mvn install -DskipTests=true -Dmaven.javadoc.skip=true -B -V" failed. Retrying, 3 of 3.[0m

Apache Maven 3.2.5 (12a6b3acb947671f09b81f49094c53f426d8cea1; 2014-12-14T17:29:23+00:00)
Maven home: /usr/local/maven
Java version: 1.7.0_76, vendor: Oracle Corporation
Java home: /usr/lib/jvm/java-7-oracle/jre
Default locale: en_US, platform encoding: UTF-8
OS name: "linux", version: "2.6.32-042stab090.5", arch: "amd64", family: "unix"
[INFO] Scanning for projects...
[INFO]                                                                         
[INFO] ------------------------------------------------------------------------
[INFO] Building FizzBuzz Enterprise Edition 1.0-SNAPSHOT
[INFO] ------------------------------------------------------------------------
[INFO] 
[INFO] --- jacoco-maven-plugin:0.5.8.201207111220:prepare-agent (default) @ FizzBuzzEnterpriseEdition ---
[INFO] argLine set to -javaagent:/home/travis/.m2/repository/org/jacoco/org.jacoco.agent/0.5.8.201207111220/org.jacoco.agent-0.5.8.201207111220-runtime.jar=destfile=/home/travis/build/EnterpriseQualityCoding/FizzBuzzEnterpriseEdition/target/jacoco.exec
[INFO] 
[INFO] --- maven-resources-plugin:2.6:resources (default-resources) @ FizzBuzzEnterpriseEdition ---
[INFO] Using 'UTF-8' encoding to copy filtered resources.
[INFO] Copying 1 resource
[INFO] 
[INFO] --- maven-compiler-plugin:2.3:compile (default-compile) @ FizzBuzzEnterpriseEdition ---
[INFO] Nothing to compile - all classes are up to date
[INFO] 
[INFO] --- maven-resources-plugin:2.6:testResources (default-testResources) @ FizzBuzzEnterpriseEdition ---
[INFO] Using 'UTF-8' encoding to copy filtered resources.
[INFO] skip non existing resourceDirectory /home/travis/build/EnterpriseQualityCoding/FizzBuzzEnterpriseEdition/src/test/resources
[INFO] 
[INFO] --- maven-compiler-plugin:2.3:testCompile (default-testCompile) @ FizzBuzzEnterpriseEdition ---
[INFO] Compiling 57 source files to /home/travis/build/EnterpriseQualityCoding/FizzBuzzEnterpriseEdition/target/test-classes
[INFO] -------------------------------------------------------------
[ERROR] COMPILATION ERROR : 
[INFO] -------------------------------------------------------------
[ERROR] /home/travis/build/EnterpriseQualityCoding/FizzBuzzEnterpriseEdition/src/test/java/com/seriouscompany/business/java/fizzbuzz/packagenamingpackage/impl/factories/TestBuzzStringReturnerFactory.java:[23,62] error: constructor BuzzStringReturnerFactory in class BuzzStringReturnerFactory cannot be applied to given types;

[ERROR]  actual and formal argument lists differ in length
/home/travis/build/EnterpriseQualityCoding/FizzBuzzEnterpriseEdition/src/test/java/com/seriouscompany/business/java/fizzbuzz/packagenamingpackage/impl/factories/TestBuzzStringReturnerFactory.java:[34,62] error: constructor BuzzStringReturnerFactory in class BuzzStringReturnerFactory cannot be applied to given types;

[ERROR]  actual and formal argument lists differ in length
/home/travis/build/EnterpriseQualityCoding/FizzBuzzEnterpriseEdition/src/test/java/com/seriouscompany/business/java/fizzbuzz/packagenamingpackage/impl/TestStandardFizzBuzz.java:[23,50] error: constructor StandardFizzBuzz in class StandardFizzBuzz cannot be applied to given types;

[ERROR]  actual and formal argument lists differ in length
/home/travis/build/EnterpriseQualityCoding/FizzBuzzEnterpriseEdition/src/test/java/com/seriouscompany/business/java/fizzbuzz/packagenamingpackage/impl/TestStandardFizzBuzz.java:[39,50] error: constructor StandardFizzBuzz in class StandardFizzBuzz cannot be applied to given types;

[ERROR]  actual and formal argument lists differ in length
/home/travis/build/EnterpriseQualityCoding/FizzBuzzEnterpriseEdition/src/test/java/com/seriouscompany/business/java/fizzbuzz/packagenamingpackage/impl/factories/TestFizzStringReturnerFactory.java:[23,62] error: constructor FizzStringReturnerFactory in class FizzStringReturnerFactory cannot be applied to given types;

[ERROR]  actual and formal argument lists differ in length
/home/travis/build/EnterpriseQualityCoding/FizzBuzzEnterpriseEdition/src/test/java/com/seriouscompany/business/java/fizzbuzz/packagenamingpackage/impl/factories/TestFizzStringReturnerFactory.java:[34,62] error: constructor FizzStringReturnerFactory in class FizzStringReturnerFactory cannot be applied to given types;

[ERROR]  actual and formal argument lists differ in length
/home/travis/build/EnterpriseQualityCoding/FizzBuzzEnterpriseEdition/src/test/java/com/seriouscompany/business/java/fizzbuzz/packagenamingpackage/impl/factories/TestBuzzStrategyFactory.java:[19,56] error: constructor BuzzStrategyFactory in class BuzzStrategyFactory cannot be applied to given types;

[ERROR]  actual and formal argument lists differ in length
/home/travis/build/EnterpriseQualityCoding/FizzBuzzEnterpriseEdition/src/test/java/com/seriouscompany/business/java/fizzbuzz/packagenamingpackage/impl/factories/TestSystemOutFizzBuzzOutputStrategyFactory.java:[19,88] error: constructor SystemOutFizzBuzzOutputStrategyFactory in class SystemOutFizzBuzzOutputStrategyFactory cannot be applied to given types;

[ERROR]  actual and formal argument lists differ in length
/home/travis/build/EnterpriseQualityCoding/FizzBuzzEnterpriseEdition/src/test/java/com/seriouscompany/business/java/fizzbuzz/packagenamingpackage/impl/strategies/TestSingleStepPayload.java:[23,46] error: constructor SingleStepPayload in class SingleStepPayload cannot be applied to given types;

[ERROR]  actual and formal argument lists differ in length
/home/travis/build/EnterpriseQualityCoding/FizzBuzzEnterpriseEdition/src/test/java/com/seriouscompany/business/java/fizzbuzz/packagenamingpackage/impl/strategies/TestSingleStepPayload.java:[38,46] error: constructor SingleStepPayload in class SingleStepPayload cannot be applied to given types;

[ERROR]  actual and formal argument lists differ in length
/home/travis/build/EnterpriseQualityCoding/FizzBuzzEnterpriseEdition/src/test/java/com/seriouscompany/business/java/fizzbuzz/packagenamingpackage/impl/factories/TestNoFizzNoBuzzStrategyFactory.java:[20,66] error: constructor NoFizzNoBuzzStrategyFactory in class NoFizzNoBuzzStrategyFactory cannot be applied to given types;

[ERROR]  actual and formal argument lists differ in length
/home/travis/build/EnterpriseQualityCoding/FizzBuzzEnterpriseEdition/src/test/java/com/seriouscompany/business/java/fizzbuzz/packagenamingpackage/impl/factories/TestNoFizzNoBuzzStrategyFactory.java:[25,66] error: constructor NoFizzNoBuzzStrategyFactory in class NoFizzNoBuzzStrategyFactory cannot be applied to given types;

[ERROR]  actual and formal argument lists differ in length
/home/travis/build/EnterpriseQualityCoding/FizzBuzzEnterpriseEdition/src/test/java/com/seriouscompany/business/java/fizzbuzz/packagenamingpackage/impl/printers/TestBuzzStringPrinter.java:[19,46] error: constructor BuzzStringPrinter in class BuzzStringPrinter cannot be applied to given types;

[ERROR]  actual and formal argument lists differ in length
/home/travis/build/EnterpriseQualityCoding/FizzBuzzEnterpriseEdition/src/test/java/com/seriouscompany/business/java/fizzbuzz/packagenamingpackage/impl/factories/TestBuzzStringPrinterFactory.java:[19,66] error: constructor BuzzStringPrinterFactory in class BuzzStringPrinterFactory cannot be applied to given types;

[ERROR]  actual and formal argument lists differ in length
/home/travis/build/EnterpriseQualityCoding/FizzBuzzEnterpriseEdition/src/test/java/com/seriouscompany/business/java/fizzbuzz/packagenamingpackage/impl/printers/TestNewLinePrinter.java:[19,40] error: constructor NewLinePrinter in class NewLinePrinter cannot be applied to given types;

[ERROR]  actual and formal argument lists differ in length
/home/travis/build/EnterpriseQualityCoding/FizzBuzzEnterpriseEdition/src/test/java/com/seriouscompany/business/java/fizzbuzz/packagenamingpackage/impl/printers/TestFizzStringPrinter.java:[25,46] error: constructor FizzStringPrinter in class FizzStringPrinter cannot be applied to given types;

[ERROR]  actual and formal argument lists differ in length
/home/travis/build/EnterpriseQualityCoding/FizzBuzzEnterpriseEdition/src/test/java/com/seriouscompany/business/java/fizzbuzz/packagenamingpackage/impl/printers/TestFizzStringPrinter.java:[41,46] error: constructor FizzStringPrinter in class FizzStringPrinter cannot be applied to given types;

[ERROR]  actual and formal argument lists differ in length
/home/travis/build/EnterpriseQualityCoding/FizzBuzzEnterpriseEdition/src/test/java/com/seriouscompany/business/java/fizzbuzz/packagenamingpackage/impl/factories/TestEnterpriseGradeFizzBuzzSolutionStrategyFactory.java:[23,104] error: constructor EnterpriseGradeFizzBuzzSolutionStrategyFactory in class EnterpriseGradeFizzBuzzSolutionStrategyFactory cannot be applied to given types;

[ERROR]  actual and formal argument lists differ in length
/home/travis/build/EnterpriseQualityCoding/FizzBuzzEnterpriseEdition/src/test/java/com/seriouscompany/business/java/fizzbuzz/packagenamingpackage/impl/factories/TestEnterpriseGradeFizzBuzzSolutionStrategyFactory.java:[34,104] error: constructor EnterpriseGradeFizzBuzzSolutionStrategyFactory in class EnterpriseGradeFizzBuzzSolutionStrategyFactory cannot be applied to given types;

[ERROR]  actual and formal argument lists differ in length
/home/travis/build/EnterpriseQualityCoding/FizzBuzzEnterpriseEdition/src/test/java/com/seriouscompany/business/java/fizzbuzz/packagenamingpackage/impl/strategies/TestEnterpriseGradeFizzBuzzSolutionStrategy.java:[19,90] error: constructor EnterpriseGradeFizzBuzzSolutionStrategy in class EnterpriseGradeFizzBuzzSolutionStrategy cannot be applied to given types;

[ERROR]  actual and formal argument lists differ in length
/home/travis/build/EnterpriseQualityCoding/FizzBuzzEnterpriseEdition/src/test/java/com/seriouscompany/business/java/fizzbuzz/packagenamingpackage/impl/printers/TestBuzzPrinter.java:[19,34] error: constructor BuzzPrinter in class BuzzPrinter cannot be applied to given types;

[ERROR]  actual and formal argument lists differ in length
/home/travis/build/EnterpriseQualityCoding/FizzBuzzEnterpriseEdition/src/test/java/com/seriouscompany/business/java/fizzbuzz/packagenamingpackage/impl/factories/TestNewLineStringReturnerFactory.java:[23,68] error: constructor NewLineStringReturnerFactory in class NewLineStringReturnerFactory cannot be applied to given types;

[ERROR]  actual and formal argument lists differ in length
/home/travis/build/EnterpriseQualityCoding/FizzBuzzEnterpriseEdition/src/test/java/com/seriouscompany/business/java/fizzbuzz/packagenamingpackage/impl/factories/TestNewLineStringReturnerFactory.java:[34,68] error: constructor NewLineStringReturnerFactory in class NewLineStringReturnerFactory cannot be applied to given types;

[ERROR]  actual and formal argument lists differ in length
/home/travis/build/EnterpriseQualityCoding/FizzBuzzEnterpriseEdition/src/test/java/com/seriouscompany/business/java/fizzbuzz/packagenamingpackage/impl/printers/TestFizzPrinter.java:[19,34] error: constructor FizzPrinter in class FizzPrinter cannot be applied to given types;

[ERROR]  actual and formal argument lists differ in length
/home/travis/build/EnterpriseQualityCoding/FizzBuzzEnterpriseEdition/src/test/java/com/seriouscompany/business/java/fizzbuzz/packagenamingpackage/impl/printers/TestIntegerPrinter.java:[19,40] error: constructor IntegerPrinter in class IntegerPrinter cannot be applied to given types;

[ERROR]  actual and formal argument lists differ in length
/home/travis/build/EnterpriseQualityCoding/FizzBuzzEnterpriseEdition/src/test/java/com/seriouscompany/business/java/fizzbuzz/packagenamingpackage/impl/factories/TestFizzBuzzOutputGenerationContextVisitorFactory.java:[19,102] error: constructor FizzBuzzOutputGenerationContextVisitorFactory in class FizzBuzzOutputGenerationContextVisitorFactory cannot be applied to given types;

[ERROR]  actual and formal argument lists differ in length
/home/travis/build/EnterpriseQualityCoding/FizzBuzzEnterpriseEdition/src/test/java/com/seriouscompany/business/java/fizzbuzz/packagenamingpackage/impl/factories/TestLoopComponentFactory.java:[20,52] error: constructor LoopComponentFactory in class LoopComponentFactory cannot be applied to given types;

[ERROR]  actual and formal argument lists differ in length
/home/travis/build/EnterpriseQualityCoding/FizzBuzzEnterpriseEdition/src/test/java/com/seriouscompany/business/java/fizzbuzz/packagenamingpackage/impl/factories/TestLoopComponentFactory.java:[28,52] error: constructor LoopComponentFactory in class LoopComponentFactory cannot be applied to given types;

[ERROR]  actual and formal argument lists differ in length
/home/travis/build/EnterpriseQualityCoding/FizzBuzzEnterpriseEdition/src/test/java/com/seriouscompany/business/java/fizzbuzz/packagenamingpackage/impl/printers/TestIntegerIntegerPrinter.java:[26,54] error: constructor IntegerIntegerPrinter in class IntegerIntegerPrinter cannot be applied to given types;

[ERROR]  actual and formal argument lists differ in length
/home/travis/build/EnterpriseQualityCoding/FizzBuzzEnterpriseEdition/src/test/java/com/seriouscompany/business/java/fizzbuzz/packagenamingpackage/impl/printers/TestIntegerIntegerPrinter.java:[46,54] error: constructor IntegerIntegerPrinter in class IntegerIntegerPrinter cannot be applied to given types;

[ERROR]  actual and formal argument lists differ in length
/home/travis/build/EnterpriseQualityCoding/FizzBuzzEnterpriseEdition/src/test/java/com/seriouscompany/business/java/fizzbuzz/packagenamingpackage/impl/factories/TestIntegerIntegerStringReturnerFactory.java:[23,82] error: constructor IntegerIntegerStringReturnerFactory in class IntegerIntegerStringReturnerFactory cannot be applied to given types;

[ERROR]  actual and formal argument lists differ in length
/home/travis/build/EnterpriseQualityCoding/FizzBuzzEnterpriseEdition/src/test/java/com/seriouscompany/business/java/fizzbuzz/packagenamingpackage/impl/factories/TestIntegerIntegerStringReturnerFactory.java:[34,82] error: constructor IntegerIntegerStringReturnerFactory in class IntegerIntegerStringReturnerFactory cannot be applied to given types;

[ERROR]  actual and formal argument lists differ in length
/home/travis/build/EnterpriseQualityCoding/FizzBuzzEnterpriseEdition/src/test/java/com/seriouscompany/business/java/fizzbuzz/packagenamingpackage/impl/factories/TestIntegerIntegerPrinterFactory.java:[19,68] error: constructor IntegerIntegerPrinterFactory in class IntegerIntegerPrinterFactory cannot be applied to given types;

[ERROR]  actual and formal argument lists differ in length
/home/travis/build/EnterpriseQualityCoding/FizzBuzzEnterpriseEdition/src/test/java/com/seriouscompany/business/java/fizzbuzz/packagenamingpackage/impl/math/arithmetics/TestIntegerDivider.java:[19,40] error: constructor IntegerDivider in class IntegerDivider cannot be applied to given types;

[ERROR]  actual and formal argument lists differ in length
/home/travis/build/EnterpriseQualityCoding/FizzBuzzEnterpriseEdition/src/test/java/com/seriouscompany/business/java/fizzbuzz/packagenamingpackage/impl/factories/TestNewLineStringPrinterFactory.java:[19,66] error: constructor NewLineStringPrinterFactory in class NewLineStringPrinterFactory cannot be applied to given types;

[ERROR]  actual and formal argument lists differ in length
/home/travis/build/EnterpriseQualityCoding/FizzBuzzEnterpriseEdition/src/test/java/com/seriouscompany/business/java/fizzbuzz/packagenamingpackage/impl/factories/TestFizzStringPrinterFactory.java:[19,60] error: constructor FizzStringPrinterFactory in class FizzStringPrinterFactory cannot be applied to given types;

[ERROR]  actual and formal argument lists differ in length
/home/travis/build/EnterpriseQualityCoding/FizzBuzzEnterpriseEdition/src/test/java/com/seriouscompany/business/java/fizzbuzz/packagenamingpackage/impl/printers/TestNewLineStringPrinter.java:[25,52] error: constructor NewLineStringPrinter in class NewLineStringPrinter cannot be applied to given types;

[ERROR]  actual and formal argument lists differ in length
/home/travis/build/EnterpriseQualityCoding/FizzBuzzEnterpriseEdition/src/test/java/com/seriouscompany/business/java/fizzbuzz/packagenamingpackage/impl/printers/TestNewLineStringPrinter.java:[42,52] error: constructor NewLineStringPrinter in class NewLineStringPrinter cannot be applied to given types;

[ERROR]  actual and formal argument lists differ in length
/home/travis/build/EnterpriseQualityCoding/FizzBuzzEnterpriseEdition/src/test/java/com/seriouscompany/business/java/fizzbuzz/packagenamingpackage/impl/factories/TestFizzStrategyFactory.java:[19,50] error: constructor FizzStrategyFactory in class FizzStrategyFactory cannot be applied to given types;

[INFO] 39 errors 
[INFO] -------------------------------------------------------------
[INFO] ------------------------------------------------------------------------
[INFO] BUILD FAILURE
[INFO] ------------------------------------------------------------------------
[INFO] Total time: 4.480 s
[INFO] Finished at: 2015-09-01T01:46:07+00:00
[INFO] Final Memory: 14M/135M
[INFO] ------------------------------------------------------------------------
[ERROR] Failed to execute goal org.apache.maven.plugins:maven-compiler-plugin:2.3:testCompile (default-testCompile) on project FizzBuzzEnterpriseEdition: Compilation failure: Compilation failure:
[ERROR] /home/travis/build/EnterpriseQualityCoding/FizzBuzzEnterpriseEdition/src/test/java/com/seriouscompany/business/java/fizzbuzz/packagenamingpackage/impl/factories/TestBuzzStringReturnerFactory.java:[23,62] error: constructor BuzzStringReturnerFactory in class BuzzStringReturnerFactory cannot be applied to given types;
[ERROR] 
[ERROR] actual and formal argument lists differ in length
[ERROR] /home/travis/build/EnterpriseQualityCoding/FizzBuzzEnterpriseEdition/src/test/java/com/seriouscompany/business/java/fizzbuzz/packagenamingpackage/impl/factories/TestBuzzStringReturnerFactory.java:[34,62] error: constructor BuzzStringReturnerFactory in class BuzzStringReturnerFactory cannot be applied to given types;
[ERROR] 
[ERROR] actual and formal argument lists differ in length
[ERROR] /home/travis/build/EnterpriseQualityCoding/FizzBuzzEnterpriseEdition/src/test/java/com/seriouscompany/business/java/fizzbuzz/packagenamingpackage/impl/TestStandardFizzBuzz.java:[23,50] error: constructor StandardFizzBuzz in class StandardFizzBuzz cannot be applied to given types;
[ERROR] 
[ERROR] actual and formal argument lists differ in length
[ERROR] /home/travis/build/EnterpriseQualityCoding/FizzBuzzEnterpriseEdition/src/test/java/com/seriouscompany/business/java/fizzbuzz/packagenamingpackage/impl/TestStandardFizzBuzz.java:[39,50] error: constructor StandardFizzBuzz in class StandardFizzBuzz cannot be applied to given types;
[ERROR] 
[ERROR] actual and formal argument lists differ in length
[ERROR] /home/travis/build/EnterpriseQualityCoding/FizzBuzzEnterpriseEdition/src/test/java/com/seriouscompany/business/java/fizzbuzz/packagenamingpackage/impl/factories/TestFizzStringReturnerFactory.java:[23,62] error: constructor FizzStringReturnerFactory in class FizzStringReturnerFactory cannot be applied to given types;
[ERROR] 
[ERROR] actual and formal argument lists differ in length
[ERROR] /home/travis/build/EnterpriseQualityCoding/FizzBuzzEnterpriseEdition/src/test/java/com/seriouscompany/business/java/fizzbuzz/packagenamingpackage/impl/factories/TestFizzStringReturnerFactory.java:[34,62] error: constructor FizzStringReturnerFactory in class FizzStringReturnerFactory cannot be applied to given types;
[ERROR] 
[ERROR] actual and formal argument lists differ in length
[ERROR] /home/travis/build/EnterpriseQualityCoding/FizzBuzzEnterpriseEdition/src/test/java/com/seriouscompany/business/java/fizzbuzz/packagenamingpackage/impl/factories/TestBuzzStrategyFactory.java:[19,56] error: constructor BuzzStrategyFactory in class BuzzStrategyFactory cannot be applied to given types;
[ERROR] 
[ERROR] actual and formal argument lists differ in length
[ERROR] /home/travis/build/EnterpriseQualityCoding/FizzBuzzEnterpriseEdition/src/test/java/com/seriouscompany/business/java/fizzbuzz/packagenamingpackage/impl/factories/TestSystemOutFizzBuzzOutputStrategyFactory.java:[19,88] error: constructor SystemOutFizzBuzzOutputStrategyFactory in class SystemOutFizzBuzzOutputStrategyFactory cannot be applied to given types;
[ERROR] 
[ERROR] actual and formal argument lists differ in length
[ERROR] /home/travis/build/EnterpriseQualityCoding/FizzBuzzEnterpriseEdition/src/test/java/com/seriouscompany/business/java/fizzbuzz/packagenamingpackage/impl/strategies/TestSingleStepPayload.java:[23,46] error: constructor SingleStepPayload in class SingleStepPayload cannot be applied to given types;
[ERROR] 
[ERROR] actual and formal argument lists differ in length
[ERROR] /home/travis/build/EnterpriseQualityCoding/FizzBuzzEnterpriseEdition/src/test/java/com/seriouscompany/business/java/fizzbuzz/packagenamingpackage/impl/strategies/TestSingleStepPayload.java:[38,46] error: constructor SingleStepPayload in class SingleStepPayload cannot be applied to given types;
[ERROR] 
[ERROR] actual and formal argument lists differ in length
[ERROR] /home/travis/build/EnterpriseQualityCoding/FizzBuzzEnterpriseEdition/src/test/java/com/seriouscompany/business/java/fizzbuzz/packagenamingpackage/impl/factories/TestNoFizzNoBuzzStrategyFactory.java:[20,66] error: constructor NoFizzNoBuzzStrategyFactory in class NoFizzNoBuzzStrategyFactory cannot be applied to given types;
[ERROR] 
[ERROR] actual and formal argument lists differ in length
[ERROR] /home/travis/build/EnterpriseQualityCoding/FizzBuzzEnterpriseEdition/src/test/java/com/seriouscompany/business/java/fizzbuzz/packagenamingpackage/impl/factories/TestNoFizzNoBuzzStrategyFactory.java:[25,66] error: constructor NoFizzNoBuzzStrategyFactory in class NoFizzNoBuzzStrategyFactory cannot be applied to given types;
[ERROR] 
[ERROR] actual and formal argument lists differ in length
[ERROR] /home/travis/build/EnterpriseQualityCoding/FizzBuzzEnterpriseEdition/src/test/java/com/seriouscompany/business/java/fizzbuzz/packagenamingpackage/impl/printers/TestBuzzStringPrinter.java:[19,46] error: constructor BuzzStringPrinter in class BuzzStringPrinter cannot be applied to given types;
[ERROR] 
[ERROR] actual and formal argument lists differ in length
[ERROR] /home/travis/build/EnterpriseQualityCoding/FizzBuzzEnterpriseEdition/src/test/java/com/seriouscompany/business/java/fizzbuzz/packagenamingpackage/impl/factories/TestBuzzStringPrinterFactory.java:[19,66] error: constructor BuzzStringPrinterFactory in class BuzzStringPrinterFactory cannot be applied to given types;
[ERROR] 
[ERROR] actual and formal argument lists differ in length
[ERROR] /home/travis/build/EnterpriseQualityCoding/FizzBuzzEnterpriseEdition/src/test/java/com/seriouscompany/business/java/fizzbuzz/packagenamingpackage/impl/printers/TestNewLinePrinter.java:[19,40] error: constructor NewLinePrinter in class NewLinePrinter cannot be applied to given types;
[ERROR] 
[ERROR] actual and formal argument lists differ in length
[ERROR] /home/travis/build/EnterpriseQualityCoding/FizzBuzzEnterpriseEdition/src/test/java/com/seriouscompany/business/java/fizzbuzz/packagenamingpackage/impl/printers/TestFizzStringPrinter.java:[25,46] error: constructor FizzStringPrinter in class FizzStringPrinter cannot be applied to given types;
[ERROR] 
[ERROR] actual and formal argument lists differ in length
[ERROR] /home/travis/build/EnterpriseQualityCoding/FizzBuzzEnterpriseEdition/src/test/java/com/seriouscompany/business/java/fizzbuzz/packagenamingpackage/impl/printers/TestFizzStringPrinter.java:[41,46] error: constructor FizzStringPrinter in class FizzStringPrinter cannot be applied to given types;
[ERROR] 
[ERROR] actual and formal argument lists differ in length
[ERROR] /home/travis/build/EnterpriseQualityCoding/FizzBuzzEnterpriseEdition/src/test/java/com/seriouscompany/business/java/fizzbuzz/packagenamingpackage/impl/factories/TestEnterpriseGradeFizzBuzzSolutionStrategyFactory.java:[23,104] error: constructor EnterpriseGradeFizzBuzzSolutionStrategyFactory in class EnterpriseGradeFizzBuzzSolutionStrategyFactory cannot be applied to given types;
[ERROR] 
[ERROR] actual and formal argument lists differ in length
[ERROR] /home/travis/build/EnterpriseQualityCoding/FizzBuzzEnterpriseEdition/src/test/java/com/seriouscompany/business/java/fizzbuzz/packagenamingpackage/impl/factories/TestEnterpriseGradeFizzBuzzSolutionStrategyFactory.java:[34,104] error: constructor EnterpriseGradeFizzBuzzSolutionStrategyFactory in class EnterpriseGradeFizzBuzzSolutionStrategyFactory cannot be applied to given types;
[ERROR] 
[ERROR] actual and formal argument lists differ in length
[ERROR] /home/travis/build/EnterpriseQualityCoding/FizzBuzzEnterpriseEdition/src/test/java/com/seriouscompany/business/java/fizzbuzz/packagenamingpackage/impl/strategies/TestEnterpriseGradeFizzBuzzSolutionStrategy.java:[19,90] error: constructor EnterpriseGradeFizzBuzzSolutionStrategy in class EnterpriseGradeFizzBuzzSolutionStrategy cannot be applied to given types;
[ERROR] 
[ERROR] actual and formal argument lists differ in length
[ERROR] /home/travis/build/EnterpriseQualityCoding/FizzBuzzEnterpriseEdition/src/test/java/com/seriouscompany/business/java/fizzbuzz/packagenamingpackage/impl/printers/TestBuzzPrinter.java:[19,34] error: constructor BuzzPrinter in class BuzzPrinter cannot be applied to given types;
[ERROR] 
[ERROR] actual and formal argument lists differ in length
[ERROR] /home/travis/build/EnterpriseQualityCoding/FizzBuzzEnterpriseEdition/src/test/java/com/seriouscompany/business/java/fizzbuzz/packagenamingpackage/impl/factories/TestNewLineStringReturnerFactory.java:[23,68] error: constructor NewLineStringReturnerFactory in class NewLineStringReturnerFactory cannot be applied to given types;
[ERROR] 
[ERROR] actual and formal argument lists differ in length
[ERROR] /home/travis/build/EnterpriseQualityCoding/FizzBuzzEnterpriseEdition/src/test/java/com/seriouscompany/business/java/fizzbuzz/packagenamingpackage/impl/factories/TestNewLineStringReturnerFactory.java:[34,68] error: constructor NewLineStringReturnerFactory in class NewLineStringReturnerFactory cannot be applied to given types;
[ERROR] 
[ERROR] actual and formal argument lists differ in length
[ERROR] /home/travis/build/EnterpriseQualityCoding/FizzBuzzEnterpriseEdition/src/test/java/com/seriouscompany/business/java/fizzbuzz/packagenamingpackage/impl/printers/TestFizzPrinter.java:[19,34] error: constructor FizzPrinter in class FizzPrinter cannot be applied to given types;
[ERROR] 
[ERROR] actual and formal argument lists differ in length
[ERROR] /home/travis/build/EnterpriseQualityCoding/FizzBuzzEnterpriseEdition/src/test/java/com/seriouscompany/business/java/fizzbuzz/packagenamingpackage/impl/printers/TestIntegerPrinter.java:[19,40] error: constructor IntegerPrinter in class IntegerPrinter cannot be applied to given types;
[ERROR] 
[ERROR] actual and formal argument lists differ in length
[ERROR] /home/travis/build/EnterpriseQualityCoding/FizzBuzzEnterpriseEdition/src/test/java/com/seriouscompany/business/java/fizzbuzz/packagenamingpackage/impl/factories/TestFizzBuzzOutputGenerationContextVisitorFactory.java:[19,102] error: constructor FizzBuzzOutputGenerationContextVisitorFactory in class FizzBuzzOutputGenerationContextVisitorFactory cannot be applied to given types;
[ERROR] 
[ERROR] actual and formal argument lists differ in length
[ERROR] /home/travis/build/EnterpriseQualityCoding/FizzBuzzEnterpriseEdition/src/test/java/com/seriouscompany/business/java/fizzbuzz/packagenamingpackage/impl/factories/TestLoopComponentFactory.java:[20,52] error: constructor LoopComponentFactory in class LoopComponentFactory cannot be applied to given types;
[ERROR] 
[ERROR] actual and formal argument lists differ in length
[ERROR] /home/travis/build/EnterpriseQualityCoding/FizzBuzzEnterpriseEdition/src/test/java/com/seriouscompany/business/java/fizzbuzz/packagenamingpackage/impl/factories/TestLoopComponentFactory.java:[28,52] error: constructor LoopComponentFactory in class LoopComponentFactory cannot be applied to given types;
[ERROR] 
[ERROR] actual and formal argument lists differ in length
[ERROR] /home/travis/build/EnterpriseQualityCoding/FizzBuzzEnterpriseEdition/src/test/java/com/seriouscompany/business/java/fizzbuzz/packagenamingpackage/impl/printers/TestIntegerIntegerPrinter.java:[26,54] error: constructor IntegerIntegerPrinter in class IntegerIntegerPrinter cannot be applied to given types;
[ERROR] 
[ERROR] actual and formal argument lists differ in length
[ERROR] /home/travis/build/EnterpriseQualityCoding/FizzBuzzEnterpriseEdition/src/test/java/com/seriouscompany/business/java/fizzbuzz/packagenamingpackage/impl/printers/TestIntegerIntegerPrinter.java:[46,54] error: constructor IntegerIntegerPrinter in class IntegerIntegerPrinter cannot be applied to given types;
[ERROR] 
[ERROR] actual and formal argument lists differ in length
[ERROR] /home/travis/build/EnterpriseQualityCoding/FizzBuzzEnterpriseEdition/src/test/java/com/seriouscompany/business/java/fizzbuzz/packagenamingpackage/impl/factories/TestIntegerIntegerStringReturnerFactory.java:[23,82] error: constructor IntegerIntegerStringReturnerFactory in class IntegerIntegerStringReturnerFactory cannot be applied to given types;
[ERROR] 
[ERROR] actual and formal argument lists differ in length
[ERROR] /home/travis/build/EnterpriseQualityCoding/FizzBuzzEnterpriseEdition/src/test/java/com/seriouscompany/business/java/fizzbuzz/packagenamingpackage/impl/factories/TestIntegerIntegerStringReturnerFactory.java:[34,82] error: constructor IntegerIntegerStringReturnerFactory in class IntegerIntegerStringReturnerFactory cannot be applied to given types;
[ERROR] 
[ERROR] actual and formal argument lists differ in length
[ERROR] /home/travis/build/EnterpriseQualityCoding/FizzBuzzEnterpriseEdition/src/test/java/com/seriouscompany/business/java/fizzbuzz/packagenamingpackage/impl/factories/TestIntegerIntegerPrinterFactory.java:[19,68] error: constructor IntegerIntegerPrinterFactory in class IntegerIntegerPrinterFactory cannot be applied to given types;
[ERROR] 
[ERROR] actual and formal argument lists differ in length
[ERROR] /home/travis/build/EnterpriseQualityCoding/FizzBuzzEnterpriseEdition/src/test/java/com/seriouscompany/business/java/fizzbuzz/packagenamingpackage/impl/math/arithmetics/TestIntegerDivider.java:[19,40] error: constructor IntegerDivider in class IntegerDivider cannot be applied to given types;
[ERROR] 
[ERROR] actual and formal argument lists differ in length
[ERROR] /home/travis/build/EnterpriseQualityCoding/FizzBuzzEnterpriseEdition/src/test/java/com/seriouscompany/business/java/fizzbuzz/packagenamingpackage/impl/factories/TestNewLineStringPrinterFactory.java:[19,66] error: constructor NewLineStringPrinterFactory in class NewLineStringPrinterFactory cannot be applied to given types;
[ERROR] 
[ERROR] actual and formal argument lists differ in length
[ERROR] /home/travis/build/EnterpriseQualityCoding/FizzBuzzEnterpriseEdition/src/test/java/com/seriouscompany/business/java/fizzbuzz/packagenamingpackage/impl/factories/TestFizzStringPrinterFactory.java:[19,60] error: constructor FizzStringPrinterFactory in class FizzStringPrinterFactory cannot be applied to given types;
[ERROR] 
[ERROR] actual and formal argument lists differ in length
[ERROR] /home/travis/build/EnterpriseQualityCoding/FizzBuzzEnterpriseEdition/src/test/java/com/seriouscompany/business/java/fizzbuzz/packagenamingpackage/impl/printers/TestNewLineStringPrinter.java:[25,52] error: constructor NewLineStringPrinter in class NewLineStringPrinter cannot be applied to given types;
[ERROR] 
[ERROR] actual and formal argument lists differ in length
[ERROR] /home/travis/build/EnterpriseQualityCoding/FizzBuzzEnterpriseEdition/src/test/java/com/seriouscompany/business/java/fizzbuzz/packagenamingpackage/impl/printers/TestNewLineStringPrinter.java:[42,52] error: constructor NewLineStringPrinter in class NewLineStringPrinter cannot be applied to given types;
[ERROR] 
[ERROR] actual and formal argument lists differ in length
[ERROR] /home/travis/build/EnterpriseQualityCoding/FizzBuzzEnterpriseEdition/src/test/java/com/seriouscompany/business/java/fizzbuzz/packagenamingpackage/impl/factories/TestFizzStrategyFactory.java:[19,50] error: constructor FizzStrategyFactory in class FizzStrategyFactory cannot be applied to given types;
[ERROR] -> [Help 1]
[ERROR] 
[ERROR] To see the full stack trace of the errors, re-run Maven with the -e switch.
[ERROR] Re-run Maven using the -X switch to enable full debug logging.
[ERROR] 
[ERROR] For more information about the errors and possible solutions, please read the following articles:
[ERROR] [Help 1] http://cwiki.apache.org/confluence/display/MAVEN/MojoFailureException

[31;1mThe command "eval mvn install -DskipTests=true -Dmaven.javadoc.skip=true -B -V" failed 3 times.[0m

travis_time:end:21afde50:start=1441071936989736602,finish=1441071968566327704,duration=31576591102[0K
[31;1mThe command "mvn install -DskipTests=true -Dmaven.javadoc.skip=true -B -V" failed and exited with 1 during .[0m

Your build has been stopped.
