Using worker: worker-linux-5590757e-2.bb.travis-ci.org:travis-linux-3

travis_fold:start:system_info[0K[33;1mBuild system information[0m
Build language: java
[34m[1mBuild image provisioning date and time[0m
Wed Feb  4 18:22:50 UTC 2015
[34m[1mOperating System Details[0m
Distributor ID:	Ubuntu
Description:	Ubuntu 12.04 LTS
Release:	12.04
Codename:	precise
[34m[1mLinux Version[0m
2.6.32-042stab090.5
[34m[1mCookbooks Version[0m
23bb455 https://github.com/travis-ci/travis-cookbooks/tree/23bb455
[34m[1mGCC version[0m
gcc (Ubuntu/Linaro 4.6.3-1ubuntu5) 4.6.3
Copyright (C) 2011 Free Software Foundation, Inc.
This is free software; see the source for copying conditions.  There is NO
warranty; not even for MERCHANTABILITY or FITNESS FOR A PARTICULAR PURPOSE.

[34m[1mLLVM version[0m
clang version 3.4 (tags/RELEASE_34/final)
Target: x86_64-unknown-linux-gnu
Thread model: posix
[34m[1mPre-installed Ruby versions[0m
ruby-1.9.3-p551
[34m[1mPre-installed Node.js versions[0m
v0.10.36
[34m[1mPre-installed Go versions[0m
1.4.1
[34m[1mRedis version[0m
redis-server 2.8.19
[34m[1mriak version[0m
2.0.2
[34m[1mMongoDB version[0m
MongoDB 2.4.12
[34m[1mCouchDB version[0m
couchdb 1.6.1
[34m[1mNeo4j version[0m
1.9.4
[34m[1mCassandra version[0m
2.0.9
[34m[1mRabbitMQ Version[0m
3.4.3
[34m[1mElasticSearch version[0m
1.4.0
[34m[1mInstalled Sphinx versions[0m
2.0.10
2.1.9
2.2.6
[34m[1mDefault Sphinx version[0m
2.2.6
[34m[1mInstalled Firefox version[0m
firefox 31.0esr
[34m[1mPhantomJS version[0m
1.9.8
[34m[1mant -version[0m
Apache Ant(TM) version 1.8.2 compiled on December 3 2011
[34m[1mmvn -version[0m
Apache Maven 3.2.5 (12a6b3acb947671f09b81f49094c53f426d8cea1; 2014-12-14T17:29:23+00:00)
Maven home: /usr/local/maven
Java version: 1.7.0_76, vendor: Oracle Corporation
Java home: /usr/lib/jvm/java-7-oracle/jre
Default locale: en, platform encoding: UTF-8
OS name: "linux", version: "2.6.32-042stab090.5", arch: "amd64", family: "unix"
travis_fold:end:system_info[0K
travis_fold:start:git.checkout[0Ktravis_time:start:0846e6ca[0K$ git clone --depth=50 https://github.com/EnterpriseQualityCoding/FizzBuzzEnterpriseEdition.git EnterpriseQualityCoding/FizzBuzzEnterpriseEdition
Cloning into 'EnterpriseQualityCoding/FizzBuzzEnterpriseEdition'...
remote: Counting objects: 1618, done.[K
Receiving objects:   0% (1/1618)   Receiving objects:   1% (17/1618)   Receiving objects:   2% (33/1618)   Receiving objects:   3% (49/1618)   Receiving objects:   4% (65/1618)   Receiving objects:   5% (81/1618)   Receiving objects:   6% (98/1618)   Receiving objects:   7% (114/1618)   Receiving objects:   8% (130/1618)   Receiving objects:   9% (146/1618)   Receiving objects:  10% (162/1618)   Receiving objects:  11% (178/1618)   Receiving objects:  12% (195/1618)   Receiving objects:  13% (211/1618)   Receiving objects:  14% (227/1618)   Receiving objects:  15% (243/1618)   Receiving objects:  16% (259/1618)   Receiving objects:  17% (276/1618)   Receiving objects:  18% (292/1618)   Receiving objects:  19% (308/1618)   Receiving objects:  20% (324/1618)   Receiving objects:  21% (340/1618)   Receiving objects:  22% (356/1618)   Receiving objects:  23% (373/1618)   Receiving objects:  24% (389/1618)   Receiving objects:  25% (405/1618)   Receiving objects:  26% (421/1618)   Receiving objects:  27% (437/1618)   Receiving objects:  28% (454/1618)   Receiving objects:  29% (470/1618)   Receiving objects:  30% (486/1618)   Receiving objects:  31% (502/1618)   Receiving objects:  32% (518/1618)   Receiving objects:  33% (534/1618)   Receiving objects:  34% (551/1618)   Receiving objects:  35% (567/1618)   Receiving objects:  36% (583/1618)   Receiving objects:  37% (599/1618)   Receiving objects:  38% (615/1618)   Receiving objects:  39% (632/1618)   Receiving objects:  40% (648/1618)   Receiving objects:  41% (664/1618)   Receiving objects:  42% (680/1618)   Receiving objects:  43% (696/1618)   Receiving objects:  44% (712/1618)   Receiving objects:  45% (729/1618)   Receiving objects:  46% (745/1618)   Receiving objects:  47% (761/1618)   Receiving objects:  48% (777/1618)   Receiving objects:  49% (793/1618)   Receiving objects:  50% (809/1618)   Receiving objects:  51% (826/1618)   Receiving objects:  52% (842/1618)   Receiving objects:  53% (858/1618)   remote: Total 1618 (delta 0), reused 0 (delta 0), pack-reused 1618[K
Receiving objects:  54% (874/1618)   Receiving objects:  55% (890/1618)   Receiving objects:  56% (907/1618)   Receiving objects:  57% (923/1618)   Receiving objects:  58% (939/1618)   Receiving objects:  59% (955/1618)   Receiving objects:  60% (971/1618)   Receiving objects:  61% (987/1618)   Receiving objects:  62% (1004/1618)   Receiving objects:  63% (1020/1618)   Receiving objects:  64% (1036/1618)   Receiving objects:  65% (1052/1618)   Receiving objects:  66% (1068/1618)   Receiving objects:  67% (1085/1618)   Receiving objects:  68% (1101/1618)   Receiving objects:  69% (1117/1618)   Receiving objects:  70% (1133/1618)   Receiving objects:  71% (1149/1618)   Receiving objects:  72% (1165/1618)   Receiving objects:  73% (1182/1618)   Receiving objects:  74% (1198/1618)   Receiving objects:  75% (1214/1618)   Receiving objects:  76% (1230/1618)   Receiving objects:  77% (1246/1618)   Receiving objects:  78% (1263/1618)   Receiving objects:  79% (1279/1618)   Receiving objects:  80% (1295/1618)   Receiving objects:  81% (1311/1618)   Receiving objects:  82% (1327/1618)   Receiving objects:  83% (1343/1618)   Receiving objects:  84% (1360/1618)   Receiving objects:  85% (1376/1618)   Receiving objects:  86% (1392/1618)   Receiving objects:  87% (1408/1618)   Receiving objects:  88% (1424/1618)   Receiving objects:  89% (1441/1618)   Receiving objects:  90% (1457/1618)   Receiving objects:  91% (1473/1618)   Receiving objects:  92% (1489/1618)   Receiving objects:  93% (1505/1618)   Receiving objects:  94% (1521/1618)   Receiving objects:  95% (1538/1618)   Receiving objects:  96% (1554/1618)   Receiving objects:  97% (1570/1618)   Receiving objects:  98% (1586/1618)   Receiving objects:  99% (1602/1618)   Receiving objects: 100% (1618/1618)   Receiving objects: 100% (1618/1618), 194.44 KiB | 0 bytes/s, done.
Resolving deltas:   0% (0/613)   Resolving deltas:   2% (13/613)   Resolving deltas:   3% (21/613)   Resolving deltas:   4% (26/613)   Resolving deltas:   6% (42/613)   Resolving deltas:   9% (56/613)   Resolving deltas:  10% (65/613)   Resolving deltas:  11% (73/613)   Resolving deltas:  12% (77/613)   Resolving deltas:  14% (88/613)   Resolving deltas:  15% (92/613)   Resolving deltas:  16% (102/613)   Resolving deltas:  18% (111/613)   Resolving deltas:  20% (125/613)   Resolving deltas:  23% (143/613)   Resolving deltas:  25% (154/613)   Resolving deltas:  26% (162/613)   Resolving deltas:  27% (171/613)   Resolving deltas:  28% (172/613)   Resolving deltas:  29% (178/613)   Resolving deltas:  30% (187/613)   Resolving deltas:  31% (192/613)   Resolving deltas:  32% (202/613)   Resolving deltas:  33% (208/613)   Resolving deltas:  34% (211/613)   Resolving deltas:  35% (216/613)   Resolving deltas:  37% (228/613)   Resolving deltas:  40% (246/613)   Resolving deltas:  41% (253/613)   Resolving deltas:  42% (258/613)   Resolving deltas:  43% (269/613)   Resolving deltas:  44% (273/613)   Resolving deltas:  49% (301/613)   Resolving deltas:  50% (307/613)   Resolving deltas:  51% (314/613)   Resolving deltas:  52% (320/613)   Resolving deltas:  53% (326/613)   Resolving deltas:  54% (332/613)   Resolving deltas:  55% (343/613)   Resolving deltas:  56% (348/613)   Resolving deltas:  57% (351/613)   Resolving deltas:  58% (356/613)   Resolving deltas:  59% (362/613)   Resolving deltas:  60% (369/613)   Resolving deltas:  61% (374/613)   Resolving deltas:  62% (381/613)   Resolving deltas:  63% (387/613)   Resolving deltas:  64% (393/613)   Resolving deltas:  65% (401/613)   Resolving deltas:  66% (405/613)   Resolving deltas:  68% (420/613)   Resolving deltas:  69% (425/613)   Resolving deltas:  70% (432/613)   Resolving deltas:  71% (437/613)   Resolving deltas:  72% (446/613)   Resolving deltas:  73% (448/613)   Resolving deltas:  74% (458/613)   Resolving deltas:  75% (460/613)   Resolving deltas:  76% (467/613)   Resolving deltas:  77% (474/613)   Resolving deltas:  78% (483/613)   Resolving deltas:  79% (485/613)   Resolving deltas:  80% (496/613)   Resolving deltas:  81% (500/613)   Resolving deltas:  82% (503/613)   Resolving deltas:  83% (511/613)   Resolving deltas:  84% (515/613)   Resolving deltas:  85% (522/613)   Resolving deltas:  86% (530/613)   Resolving deltas:  88% (540/613)   Resolving deltas:  89% (547/613)   Resolving deltas:  90% (555/613)   Resolving deltas:  91% (561/613)   Resolving deltas:  93% (574/613)   Resolving deltas:  94% (577/613)   Resolving deltas:  95% (584/613)   Resolving deltas:  96% (589/613)   Resolving deltas:  97% (598/613)   Resolving deltas:  98% (601/613)   Resolving deltas:  99% (611/613)   Resolving deltas: 100% (613/613)   Resolving deltas: 100% (613/613), done.
Checking connectivity... done.
travis_time:end:0846e6ca:start=1445233685413155776,finish=1445233685877768888,duration=464613112[0K$ cd EnterpriseQualityCoding/FizzBuzzEnterpriseEdition
travis_time:start:26febb40[0K$ git fetch origin +refs/pull/232/merge:
remote: Counting objects: 4, done.[K
remote: Compressing objects:  25% (1/4)   [Kremote: Compressing objects:  50% (2/4)   [Kremote: Compressing objects:  75% (3/4)   [Kremote: Compressing objects: 100% (4/4)   [Kremote: Compressing objects: 100% (4/4), done.[K
remote: Total 4 (delta 1), reused 0 (delta 0), pack-reused 0[K
Unpacking objects:  25% (1/4)   Unpacking objects:  50% (2/4)   Unpacking objects:  75% (3/4)   Unpacking objects: 100% (4/4)   Unpacking objects: 100% (4/4), done.
From https://github.com/EnterpriseQualityCoding/FizzBuzzEnterpriseEdition
 * branch            refs/pull/232/merge -> FETCH_HEAD
travis_time:end:26febb40:start=1445233685885011463,finish=1445233686276168294,duration=391156831[0K$ git checkout -qf FETCH_HEAD
travis_fold:end:git.checkout[0K$ jdk_switcher use openjdk7
Switching to OpenJDK7 (java-1.7.0-openjdk-amd64), JAVA_HOME will be set to /usr/lib/jvm/java-7-openjdk-amd64
$ java -Xmx32m -version
java version "1.7.0_75"
OpenJDK Runtime Environment (IcedTea 2.5.4) (7u75-2.5.4-1~precise1)
OpenJDK 64-Bit Server VM (build 24.75-b04, mixed mode)
$ javac -J-Xmx32m -version
javac 1.7.0_75
travis_fold:start:before_install[0Ktravis_time:start:1bced311[0K$ sudo pip install codecov
[33mThe directory '/home/travis/.cache/pip/log' or its parent directory is not owned by the current user and the debug log has been disabled. Please check the permissions and owner of that directory. If executing pip with sudo, you may want the -H flag.[0m
[33mThe directory '/home/travis/.cache/pip/http' or its parent directory is not owned by the current user and the cache has been disabled. Please check the permissions and owner of that directory. If executing pip with sudo, you may want the -H flag.[0m
[33mYou are using pip version 6.0.7, however version 7.1.2 is available.
You should consider upgrading via the 'pip install --upgrade pip' command.[0m
[33mThe directory '/home/travis/.cache/pip/http' or its parent directory is not owned by the current user and the cache has been disabled. Please check the permissions and owner of that directory. If executing pip with sudo, you may want the -H flag.[0m
Collecting codecov
  Downloading codecov-1.5.1.tar.gz
Collecting requests>=2.0.0 (from codecov)
  Downloading requests-2.8.1-py2.py3-none-any.whl (497kB)
[?25l[K    0% |                                | 4.1kB 41.4MB/s eta 0:00:01[K    1% |                                | 8.2kB 31.2MB/s eta 0:00:01[K    2% |                                | 12kB 33.6MB/s eta 0:00:01[K    3% |#                               | 16kB 27.0MB/s eta 0:00:01[K    4% |#                               | 20kB 28.8MB/s eta 0:00:01[K    4% |#                               | 24kB 30.8MB/s eta 0:00:01[K    5% |#                               | 28kB 31.2MB/s eta 0:00:01[K    6% |##                              | 32kB 20.2MB/s eta 0:00:01[K    7% |##                              | 36kB 21.1MB/s eta 0:00:01[K    8% |##                              | 40kB 22.4MB/s eta 0:00:01[K    9% |##                              | 45kB 21.9MB/s eta 0:00:01[K    9% |###                             | 49kB 21.7MB/s eta 0:00:01[K    10% |###                             | 53kB 21.7MB/s eta 0:00:01[K    11% |###                             | 57kB 23.7MB/s eta 0:00:01[K    12% |###                             | 61kB 23.7MB/s eta 0:00:01[K    13% |####                            | 65kB 19.6MB/s eta 0:00:01[K    13% |####                            | 69kB 19.3MB/s eta 0:00:01[K    14% |####                            | 73kB 26.8MB/s eta 0:00:01[K    15% |#####                           | 77kB 27.0MB/s eta 0:00:01[K    16% |#####                           | 81kB 22.2MB/s eta 0:00:01[K    17% |#####                           | 86kB 22.1MB/s eta 0:00:01[K    18% |#####                           | 90kB 23.0MB/s eta 0:00:01[K    18% |######                          | 94kB 22.4MB/s eta 0:00:01[K    19% |######                          | 98kB 21.7MB/s eta 0:00:01[K    20% |######                          | 102kB 21.7MB/s eta 0:00:01[K    21% |######                          | 106kB 26.9MB/s eta 0:00:01[K    22% |#######                         | 110kB 27.8MB/s eta 0:00:01[K    23% |#######                         | 114kB 20.5MB/s eta 0:00:01[K    23% |#######                         | 118kB 20.6MB/s eta 0:00:01[K    24% |#######                         | 122kB 24.7MB/s eta 0:00:01[K    25% |########                        | 126kB 25.3MB/s eta 0:00:01[K    26% |########                        | 131kB 23.0MB/s eta 0:00:01[K    27% |########                        | 135kB 23.5MB/s eta 0:00:01[K    27% |########                        | 139kB 24.2MB/s eta 0:00:01[K    28% |#########                       | 143kB 24.4MB/s eta 0:00:01[K    29% |#########                       | 147kB 18.5MB/s eta 0:00:01[K    30% |#########                       | 151kB 18.4MB/s eta 0:00:01[K    31% |##########                      | 155kB 24.3MB/s eta 0:00:01[K    32% |##########                      | 159kB 24.2MB/s eta 0:00:01[K    32% |##########                      | 163kB 22.9MB/s eta 0:00:01[K    33% |##########                      | 167kB 23.0MB/s eta 0:00:01[K    34% |###########                     | 172kB 25.8MB/s eta 0:00:01[K    35% |###########                     | 176kB 25.9MB/s eta 0:00:01[K    36% |###########                     | 180kB 20.1MB/s eta 0:00:01[K    37% |###########                     | 184kB 20.0MB/s eta 0:00:01[K    37% |############                    | 188kB 26.4MB/s eta 0:00:01[K    38% |############                    | 192kB 26.6MB/s eta 0:00:01[K    39% |############                    | 196kB 25.4MB/s eta 0:00:01[K    40% |############                    | 200kB 24.6MB/s eta 0:00:01[K    41% |#############                   | 204kB 25.7MB/s eta 0:00:01[K    41% |#############                   | 208kB 25.3MB/s eta 0:00:01[K    42% |#############                   | 212kB 23.6MB/s eta 0:00:01[K    43% |#############                   | 217kB 23.2MB/s eta 0:00:01[K    44% |##############                  | 221kB 30.8MB/s eta 0:00:01[K    45% |##############                  | 225kB 30.2MB/s eta 0:00:01[K    46% |##############                  | 229kB 22.0MB/s eta 0:00:01[K    46% |###############                 | 233kB 20.3MB/s eta 0:00:01[K    47% |###############                 | 237kB 21.1MB/s eta 0:00:01[K    48% |###############                 | 241kB 21.3MB/s eta 0:00:01[K    49% |###############                 | 245kB 20.8MB/s eta 0:00:01[K    50% |################                | 249kB 21.1MB/s eta 0:00:01[K    50% |################                | 253kB 22.3MB/s eta 0:00:01[K    51% |################                | 258kB 22.7MB/s eta 0:00:01[K    52% |################                | 262kB 22.4MB/s eta 0:00:01[K    53% |#################               | 266kB 22.8MB/s eta 0:00:01[K    54% |#################               | 270kB 32.3MB/s eta 0:00:01[K    55% |#################               | 274kB 36.2MB/s eta 0:00:01[K    55% |#################               | 278kB 31.1MB/s eta 0:00:01[K    56% |##################              | 282kB 31.8MB/s eta 0:00:01[K    57% |##################              | 286kB 33.2MB/s eta 0:00:01[K    58% |##################              | 290kB 32.6MB/s eta 0:00:01[K    59% |##################              | 294kB 29.7MB/s eta 0:00:01[K    60% |###################             | 299kB 29.3MB/s eta 0:00:01[K    60% |###################             | 303kB 29.5MB/s eta 0:00:01[K    61% |###################             | 307kB 29.1MB/s eta 0:00:01[K    62% |####################            | 311kB 24.5MB/s eta 0:00:01[K    63% |####################            | 315kB 23.8MB/s eta 0:00:01[K    64% |####################            | 319kB 26.3MB/s eta 0:00:01[K    64% |####################            | 323kB 26.0MB/s eta 0:00:01[K    65% |#####################           | 327kB 25.2MB/s eta 0:00:01[K    66% |#####################           | 331kB 24.9MB/s eta 0:00:01[K    67% |#####################           | 335kB 27.1MB/s eta 0:00:01[K    68% |#####################           | 339kB 27.6MB/s eta 0:00:01[K    69% |######################          | 344kB 26.9MB/s eta 0:00:01[K    69% |######################          | 348kB 27.0MB/s eta 0:00:01[K    70% |######################          | 352kB 33.1MB/s eta 0:00:01[K    71% |######################          | 356kB 34.1MB/s eta 0:00:01[K    72% |#######################         | 360kB 33.2MB/s eta 0:00:01[K    73% |#######################         | 364kB 33.9MB/s eta 0:00:01[K    74% |#######################         | 368kB 36.0MB/s eta 0:00:01[K    74% |#######################         | 372kB 37.0MB/s eta 0:00:01[K    75% |########################        | 376kB 32.3MB/s eta 0:00:01[K    76% |########################        | 380kB 31.9MB/s eta 0:00:01[K    77% |########################        | 385kB 32.9MB/s eta 0:00:01[K    78% |#########################       | 389kB 31.6MB/s eta 0:00:01[K    78% |#########################       | 393kB 29.0MB/s eta 0:00:01[K    79% |#########################       | 397kB 29.3MB/s eta 0:00:01[K    80% |#########################       | 401kB 29.2MB/s eta 0:00:01[K    81% |##########################      | 405kB 28.8MB/s eta 0:00:01[K    82% |##########################      | 409kB 27.0MB/s eta 0:00:01[K    83% |##########################      | 413kB 26.5MB/s eta 0:00:01[K    83% |##########################      | 417kB 28.2MB/s eta 0:00:01[K    84% |###########################     | 421kB 27.9MB/s eta 0:00:01[K    85% |###########################     | 425kB 27.5MB/s eta 0:00:01[K    86% |###########################     | 430kB 28.6MB/s eta 0:00:01[K    87% |###########################     | 434kB 28.5MB/s eta 0:00:01[K    88% |############################    | 438kB 28.3MB/s eta 0:00:01[K    88% |############################    | 442kB 27.6MB/s eta 0:00:01[K    89% |############################    | 446kB 27.5MB/s eta 0:00:01[K    90% |############################    | 450kB 28.2MB/s eta 0:00:01[K    91% |#############################   | 454kB 28.1MB/s eta 0:00:01[K    92% |#############################   | 458kB 27.5MB/s eta 0:00:01[K    92% |#############################   | 462kB 27.5MB/s eta 0:00:01[K    93% |##############################  | 466kB 27.3MB/s eta 0:00:01[K    94% |##############################  | 471kB 27.1MB/s eta 0:00:01[K    95% |##############################  | 475kB 27.6MB/s eta 0:00:01[K    96% |##############################  | 479kB 27.8MB/s eta 0:00:01[K    97% |############################### | 483kB 29.6MB/s eta 0:00:01[K    97% |############################### | 487kB 29.8MB/s eta 0:00:01[K    98% |############################### | 491kB 29.1MB/s eta 0:00:01[K    99% |############################### | 495kB 29.3MB/s eta 0:00:01[K    100% |################################| 499kB 805kB/s 
[?25hCollecting coverage (from codecov)
  Downloading coverage-4.0.1.tar.gz (349kB)
[?25l[K    1% |                                | 4.1kB 40.9MB/s eta 0:00:01[K    2% |                                | 8.2kB 34.4MB/s eta 0:00:01[K    3% |#                               | 12kB 31.1MB/s eta 0:00:01[K    4% |#                               | 16kB 28.9MB/s eta 0:00:01[K    5% |#                               | 20kB 30.6MB/s eta 0:00:01[K    7% |##                              | 24kB 32.4MB/s eta 0:00:01[K    8% |##                              | 28kB 33.5MB/s eta 0:00:01[K    9% |##                              | 32kB 33.0MB/s eta 0:00:01[K    10% |###                             | 36kB 33.7MB/s eta 0:00:01[K    11% |###                             | 40kB 34.8MB/s eta 0:00:01[K    12% |####                            | 45kB 35.0MB/s eta 0:00:01[K    14% |####                            | 49kB 35.2MB/s eta 0:00:01[K    15% |####                            | 53kB 37.3MB/s eta 0:00:01[K    16% |#####                           | 57kB 40.5MB/s eta 0:00:01[K    17% |#####                           | 61kB 38.7MB/s eta 0:00:01[K    18% |#####                           | 65kB 31.1MB/s eta 0:00:01[K    19% |######                          | 69kB 29.2MB/s eta 0:00:01[K    21% |######                          | 73kB 29.3MB/s eta 0:00:01[K    22% |#######                         | 77kB 29.0MB/s eta 0:00:01[K    23% |#######                         | 81kB 27.2MB/s eta 0:00:01[K    24% |#######                         | 86kB 26.8MB/s eta 0:00:01[K    25% |########                        | 90kB 27.3MB/s eta 0:00:01[K    26% |########                        | 94kB 26.9MB/s eta 0:00:01[K    28% |########                        | 98kB 25.6MB/s eta 0:00:01[K    29% |#########                       | 102kB 25.8MB/s eta 0:00:01[K    30% |#########                       | 106kB 30.9MB/s eta 0:00:01[K    31% |##########                      | 110kB 31.6MB/s eta 0:00:01[K    32% |##########                      | 114kB 30.6MB/s eta 0:00:01[K    33% |##########                      | 118kB 30.9MB/s eta 0:00:01[K    35% |###########                     | 122kB 32.8MB/s eta 0:00:01[K    36% |###########                     | 126kB 33.5MB/s eta 0:00:01[K    37% |###########                     | 131kB 31.2MB/s eta 0:00:01[K    38% |############                    | 135kB 30.9MB/s eta 0:00:01[K    39% |############                    | 139kB 32.9MB/s eta 0:00:01[K    40% |#############                   | 143kB 33.9MB/s eta 0:00:01[K    42% |#############                   | 147kB 32.2MB/s eta 0:00:01[K    43% |#############                   | 151kB 33.5MB/s eta 0:00:01[K    44% |##############                  | 155kB 36.2MB/s eta 0:00:01[K    45% |##############                  | 159kB 34.9MB/s eta 0:00:01[K    46% |##############                  | 163kB 31.9MB/s eta 0:00:01[K    48% |###############                 | 167kB 31.0MB/s eta 0:00:01[K    49% |###############                 | 172kB 33.2MB/s eta 0:00:01[K    50% |################                | 176kB 32.0MB/s eta 0:00:01[K    51% |################                | 180kB 28.2MB/s eta 0:00:01[K    52% |################                | 184kB 27.8MB/s eta 0:00:01[K    53% |#################               | 188kB 28.2MB/s eta 0:00:01[K    55% |#################               | 192kB 27.6MB/s eta 0:00:01[K    56% |#################               | 196kB 25.8MB/s eta 0:00:01[K    57% |##################              | 200kB 26.6MB/s eta 0:00:01[K    58% |##################              | 204kB 28.3MB/s eta 0:00:01[K    59% |###################             | 208kB 29.0MB/s eta 0:00:01[K    60% |###################             | 212kB 28.0MB/s eta 0:00:01[K    62% |###################             | 217kB 29.6MB/s eta 0:00:01[K    63% |####################            | 221kB 33.5MB/s eta 0:00:01[K    64% |####################            | 225kB 34.2MB/s eta 0:00:01[K    65% |####################            | 229kB 32.2MB/s eta 0:00:01[K    66% |#####################           | 233kB 32.6MB/s eta 0:00:01[K    67% |#####################           | 237kB 35.1MB/s eta 0:00:01[K    69% |######################          | 241kB 33.9MB/s eta 0:00:01[K    70% |######################          | 245kB 31.6MB/s eta 0:00:01[K    71% |######################          | 249kB 31.0MB/s eta 0:00:01[K    72% |#######################         | 253kB 31.9MB/s eta 0:00:01[K    73% |#######################         | 258kB 30.2MB/s eta 0:00:01[K    74% |#######################         | 262kB 28.3MB/s eta 0:00:01[K    76% |########################        | 266kB 27.7MB/s eta 0:00:01[K    77% |########################        | 270kB 28.2MB/s eta 0:00:01[K    78% |#########################       | 274kB 28.2MB/s eta 0:00:01[K    79% |#########################       | 278kB 26.9MB/s eta 0:00:01[K    80% |#########################       | 282kB 27.7MB/s eta 0:00:01[K    81% |##########################      | 286kB 30.3MB/s eta 0:00:01[K    83% |##########################      | 290kB 30.9MB/s eta 0:00:01[K    84% |##########################      | 294kB 30.5MB/s eta 0:00:01[K    85% |###########################     | 299kB 31.7MB/s eta 0:00:01[K    86% |###########################     | 303kB 34.1MB/s eta 0:00:01[K    87% |############################    | 307kB 35.0MB/s eta 0:00:01[K    89% |############################    | 311kB 36.2MB/s eta 0:00:01[K    90% |############################    | 315kB 37.2MB/s eta 0:00:01[K    91% |#############################   | 319kB 40.5MB/s eta 0:00:01[K    92% |#############################   | 323kB 40.6MB/s eta 0:00:01[K    93% |#############################   | 327kB 38.7MB/s eta 0:00:01[K    94% |##############################  | 331kB 38.7MB/s eta 0:00:01[K    96% |##############################  | 335kB 40.5MB/s eta 0:00:01[K    97% |############################### | 339kB 41.7MB/s eta 0:00:01[K    98% |############################### | 344kB 40.6MB/s eta 0:00:01[K    99% |############################### | 348kB 40.6MB/s eta 0:00:01[K    100% |################################| 352kB 1.1MB/s 
[?25hInstalling collected packages: coverage, requests, codecov
  Running setup.py install for coverage
    building 'coverage.tracer' extension
    gcc -pthread -fno-strict-aliasing -DNDEBUG -g -fwrapv -O2 -Wall -Wstrict-prototypes -fPIC -I/usr/include/python2.7 -c coverage/ctracer/datastack.c -o build/temp.linux-x86_64-2.7/coverage/ctracer/datastack.o
    gcc -pthread -fno-strict-aliasing -DNDEBUG -g -fwrapv -O2 -Wall -Wstrict-prototypes -fPIC -I/usr/include/python2.7 -c coverage/ctracer/filedisp.c -o build/temp.linux-x86_64-2.7/coverage/ctracer/filedisp.o
    gcc -pthread -fno-strict-aliasing -DNDEBUG -g -fwrapv -O2 -Wall -Wstrict-prototypes -fPIC -I/usr/include/python2.7 -c coverage/ctracer/module.c -o build/temp.linux-x86_64-2.7/coverage/ctracer/module.o
    gcc -pthread -fno-strict-aliasing -DNDEBUG -g -fwrapv -O2 -Wall -Wstrict-prototypes -fPIC -I/usr/include/python2.7 -c coverage/ctracer/tracer.c -o build/temp.linux-x86_64-2.7/coverage/ctracer/tracer.o
    gcc -pthread -shared -Wl,-O1 -Wl,-Bsymbolic-functions -Wl,-Bsymbolic-functions -Wl,-z,relro build/temp.linux-x86_64-2.7/coverage/ctracer/datastack.o build/temp.linux-x86_64-2.7/coverage/ctracer/filedisp.o build/temp.linux-x86_64-2.7/coverage/ctracer/module.o build/temp.linux-x86_64-2.7/coverage/ctracer/tracer.o -o build/lib.linux-x86_64-2.7/coverage/tracer.so
    Installing coverage2 script to /usr/local/bin
    Installing coverage-2.7 script to /usr/local/bin
    Installing coverage script to /usr/local/bin

  Running setup.py install for codecov
    Installing codecov script to /usr/local/bin
Successfully installed codecov-1.5.1 coverage-4.0.1 requests-2.8.1
travis_time:end:1bced311:start=1445233686583461487,finish=1445233689875250187,duration=3291788700[0Ktravis_fold:end:before_install[0Ktravis_fold:start:install[0Ktravis_time:start:11a1fe99[0K$ mvn install -DskipTests=true -Dmaven.javadoc.skip=true -B -V
Apache Maven 3.2.5 (12a6b3acb947671f09b81f49094c53f426d8cea1; 2014-12-14T17:29:23+00:00)
Maven home: /usr/local/maven
Java version: 1.7.0_75, vendor: Oracle Corporation
Java home: /usr/lib/jvm/java-7-openjdk-amd64/jre
Default locale: en_US, platform encoding: UTF-8
OS name: "linux", version: "2.6.32-042stab108.8", arch: "amd64", family: "unix"
[INFO] Scanning for projects...
[INFO]                                                                         
[INFO] ------------------------------------------------------------------------
[INFO] Building FizzBuzz Enterprise Edition 1.0-SNAPSHOT
[INFO] ------------------------------------------------------------------------
[INFO] Downloading: https://repo.maven.apache.org/maven2/org/jacoco/jacoco-maven-plugin/0.5.8.201207111220/jacoco-maven-plugin-0.5.8.201207111220.pom
[INFO] Downloaded: https://repo.maven.apache.org/maven2/org/jacoco/jacoco-maven-plugin/0.5.8.201207111220/jacoco-maven-plugin-0.5.8.201207111220.pom (4 KB at 6.3 KB/sec)
[INFO] Downloading: https://repo.maven.apache.org/maven2/org/jacoco/org.jacoco.build/0.5.8.201207111220/org.jacoco.build-0.5.8.201207111220.pom
[INFO] Downloaded: https://repo.maven.apache.org/maven2/org/jacoco/org.jacoco.build/0.5.8.201207111220/org.jacoco.build-0.5.8.201207111220.pom (32 KB at 392.8 KB/sec)
[INFO] Downloading: https://repo.maven.apache.org/maven2/org/jacoco/jacoco-maven-plugin/0.5.8.201207111220/jacoco-maven-plugin-0.5.8.201207111220.jar
[INFO] Downloaded: https://repo.maven.apache.org/maven2/org/jacoco/jacoco-maven-plugin/0.5.8.201207111220/jacoco-maven-plugin-0.5.8.201207111220.jar (26 KB at 578.4 KB/sec)
[INFO] Downloading: https://repo.maven.apache.org/maven2/org/apache/maven/plugins/maven-resources-plugin/2.6/maven-resources-plugin-2.6.pom
[INFO] Downloaded: https://repo.maven.apache.org/maven2/org/apache/maven/plugins/maven-resources-plugin/2.6/maven-resources-plugin-2.6.pom (8 KB at 198.1 KB/sec)
[INFO] Downloading: https://repo.maven.apache.org/maven2/org/apache/maven/plugins/maven-plugins/23/maven-plugins-23.pom
[INFO] Downloaded: https://repo.maven.apache.org/maven2/org/apache/maven/plugins/maven-plugins/23/maven-plugins-23.pom (9 KB at 224.6 KB/sec)
[INFO] Downloading: https://repo.maven.apache.org/maven2/org/apache/maven/maven-parent/22/maven-parent-22.pom
[INFO] Downloaded: https://repo.maven.apache.org/maven2/org/apache/maven/maven-parent/22/maven-parent-22.pom (30 KB at 645.5 KB/sec)
[INFO] Downloading: https://repo.maven.apache.org/maven2/org/apache/apache/11/apache-11.pom
[INFO] Downloaded: https://repo.maven.apache.org/maven2/org/apache/apache/11/apache-11.pom (15 KB at 361.6 KB/sec)
[INFO] Downloading: https://repo.maven.apache.org/maven2/org/apache/maven/plugins/maven-resources-plugin/2.6/maven-resources-plugin-2.6.jar
[INFO] Downloaded: https://repo.maven.apache.org/maven2/org/apache/maven/plugins/maven-resources-plugin/2.6/maven-resources-plugin-2.6.jar (29 KB at 686.4 KB/sec)
[INFO] Downloading: https://repo.maven.apache.org/maven2/org/apache/maven/plugins/maven-compiler-plugin/2.3/maven-compiler-plugin-2.3.pom
[INFO] Downloaded: https://repo.maven.apache.org/maven2/org/apache/maven/plugins/maven-compiler-plugin/2.3/maven-compiler-plugin-2.3.pom (6 KB at 147.7 KB/sec)
[INFO] Downloading: https://repo.maven.apache.org/maven2/org/apache/maven/plugins/maven-plugins/16/maven-plugins-16.pom
[INFO] Downloaded: https://repo.maven.apache.org/maven2/org/apache/maven/plugins/maven-plugins/16/maven-plugins-16.pom (13 KB at 316.1 KB/sec)
[INFO] Downloading: https://repo.maven.apache.org/maven2/org/apache/maven/maven-parent/15/maven-parent-15.pom
[INFO] Downloaded: https://repo.maven.apache.org/maven2/org/apache/maven/maven-parent/15/maven-parent-15.pom (24 KB at 571.7 KB/sec)
[INFO] Downloading: https://repo.maven.apache.org/maven2/org/apache/apache/6/apache-6.pom
[INFO] Downloaded: https://repo.maven.apache.org/maven2/org/apache/apache/6/apache-6.pom (13 KB at 320.4 KB/sec)
[INFO] Downloading: https://repo.maven.apache.org/maven2/org/apache/maven/plugins/maven-compiler-plugin/2.3/maven-compiler-plugin-2.3.jar
[INFO] Downloaded: https://repo.maven.apache.org/maven2/org/apache/maven/plugins/maven-compiler-plugin/2.3/maven-compiler-plugin-2.3.jar (30 KB at 677.5 KB/sec)
[INFO] Downloading: https://repo.maven.apache.org/maven2/org/apache/maven/plugins/maven-surefire-plugin/2.12.4/maven-surefire-plugin-2.12.4.pom
[INFO] Downloaded: https://repo.maven.apache.org/maven2/org/apache/maven/plugins/maven-surefire-plugin/2.12.4/maven-surefire-plugin-2.12.4.pom (11 KB at 262.3 KB/sec)
[INFO] Downloading: https://repo.maven.apache.org/maven2/org/apache/maven/surefire/surefire/2.12.4/surefire-2.12.4.pom
[INFO] Downloaded: https://repo.maven.apache.org/maven2/org/apache/maven/surefire/surefire/2.12.4/surefire-2.12.4.pom (14 KB at 345.3 KB/sec)
[INFO] Downloading: https://repo.maven.apache.org/maven2/org/apache/maven/plugins/maven-surefire-plugin/2.12.4/maven-surefire-plugin-2.12.4.jar
[INFO] Downloaded: https://repo.maven.apache.org/maven2/org/apache/maven/plugins/maven-surefire-plugin/2.12.4/maven-surefire-plugin-2.12.4.jar (30 KB at 676.1 KB/sec)
[INFO] Downloading: https://repo.maven.apache.org/maven2/org/apache/maven/plugins/maven-jar-plugin/2.3/maven-jar-plugin-2.3.pom
[INFO] Downloaded: https://repo.maven.apache.org/maven2/org/apache/maven/plugins/maven-jar-plugin/2.3/maven-jar-plugin-2.3.pom (6 KB at 147.7 KB/sec)
[INFO] Downloading: https://repo.maven.apache.org/maven2/org/apache/maven/plugins/maven-jar-plugin/2.3/maven-jar-plugin-2.3.jar
[INFO] Downloaded: https://repo.maven.apache.org/maven2/org/apache/maven/plugins/maven-jar-plugin/2.3/maven-jar-plugin-2.3.jar (32 KB at 748.6 KB/sec)
[INFO] Downloading: https://repo.maven.apache.org/maven2/org/apache/maven/plugins/maven-install-plugin/2.4/maven-install-plugin-2.4.pom
[INFO] Downloaded: https://repo.maven.apache.org/maven2/org/apache/maven/plugins/maven-install-plugin/2.4/maven-install-plugin-2.4.pom (7 KB at 168.4 KB/sec)
[INFO] Downloading: https://repo.maven.apache.org/maven2/org/apache/maven/plugins/maven-install-plugin/2.4/maven-install-plugin-2.4.jar
[INFO] Downloaded: https://repo.maven.apache.org/maven2/org/apache/maven/plugins/maven-install-plugin/2.4/maven-install-plugin-2.4.jar (27 KB at 658.0 KB/sec)
[INFO] Downloading: http://repo.maven.apache.org/maven2/junit/junit/4.12/junit-4.12.pom
[INFO] Downloaded: http://repo.maven.apache.org/maven2/junit/junit/4.12/junit-4.12.pom (24 KB at 367.0 KB/sec)
[INFO] Downloading: http://repo.maven.apache.org/maven2/org/hamcrest/hamcrest-core/1.3/hamcrest-core-1.3.pom
[INFO] Downloaded: http://repo.maven.apache.org/maven2/org/hamcrest/hamcrest-core/1.3/hamcrest-core-1.3.pom (766 B at 21.4 KB/sec)
[INFO] Downloading: http://repo.maven.apache.org/maven2/org/hamcrest/hamcrest-parent/1.3/hamcrest-parent-1.3.pom
[INFO] Downloaded: http://repo.maven.apache.org/maven2/org/hamcrest/hamcrest-parent/1.3/hamcrest-parent-1.3.pom (2 KB at 53.5 KB/sec)
[INFO] Downloading: http://repo.maven.apache.org/maven2/org/mockito/mockito-core/1.10.17/mockito-core-1.10.17.pom
[INFO] Downloaded: http://repo.maven.apache.org/maven2/org/mockito/mockito-core/1.10.17/mockito-core-1.10.17.pom (2 KB at 35.7 KB/sec)
[INFO] Downloading: http://repo.maven.apache.org/maven2/org/hamcrest/hamcrest-core/1.1/hamcrest-core-1.1.pom
[INFO] Downloaded: http://repo.maven.apache.org/maven2/org/hamcrest/hamcrest-core/1.1/hamcrest-core-1.1.pom (481 B at 13.0 KB/sec)
[INFO] Downloading: http://repo.maven.apache.org/maven2/org/hamcrest/hamcrest-parent/1.1/hamcrest-parent-1.1.pom
[INFO] Downloaded: http://repo.maven.apache.org/maven2/org/hamcrest/hamcrest-parent/1.1/hamcrest-parent-1.1.pom (6 KB at 159.4 KB/sec)
[INFO] Downloading: http://repo.maven.apache.org/maven2/org/objenesis/objenesis/2.1/objenesis-2.1.pom
[INFO] Downloaded: http://repo.maven.apache.org/maven2/org/objenesis/objenesis/2.1/objenesis-2.1.pom (3 KB at 68.8 KB/sec)
[INFO] Downloading: http://repo.maven.apache.org/maven2/org/objenesis/objenesis-parent/2.1/objenesis-parent-2.1.pom
[INFO] Downloaded: http://repo.maven.apache.org/maven2/org/objenesis/objenesis-parent/2.1/objenesis-parent-2.1.pom (17 KB at 429.4 KB/sec)
[INFO] Downloading: http://repo.maven.apache.org/maven2/org/springframework/spring-aop/3.2.13.RELEASE/spring-aop-3.2.13.RELEASE.pom
[INFO] Downloaded: http://repo.maven.apache.org/maven2/org/springframework/spring-aop/3.2.13.RELEASE/spring-aop-3.2.13.RELEASE.pom (3 KB at 70.5 KB/sec)
[INFO] Downloading: http://repo.maven.apache.org/maven2/aopalliance/aopalliance/1.0/aopalliance-1.0.pom
[INFO] Downloaded: http://repo.maven.apache.org/maven2/aopalliance/aopalliance/1.0/aopalliance-1.0.pom (363 B at 9.8 KB/sec)
[INFO] Downloading: http://repo.maven.apache.org/maven2/org/springframework/spring-beans/3.2.13.RELEASE/spring-beans-3.2.13.RELEASE.pom
[INFO] Downloaded: http://repo.maven.apache.org/maven2/org/springframework/spring-beans/3.2.13.RELEASE/spring-beans-3.2.13.RELEASE.pom (2 KB at 52.9 KB/sec)
[INFO] Downloading: http://repo.maven.apache.org/maven2/org/springframework/spring-core/3.2.13.RELEASE/spring-core-3.2.13.RELEASE.pom
[INFO] Downloaded: http://repo.maven.apache.org/maven2/org/springframework/spring-core/3.2.13.RELEASE/spring-core-3.2.13.RELEASE.pom (3 KB at 58.4 KB/sec)
[INFO] Downloading: http://repo.maven.apache.org/maven2/commons-logging/commons-logging/1.1.3/commons-logging-1.1.3.pom
[INFO] Downloaded: http://repo.maven.apache.org/maven2/commons-logging/commons-logging/1.1.3/commons-logging-1.1.3.pom (18 KB at 471.7 KB/sec)
[INFO] Downloading: http://repo.maven.apache.org/maven2/org/apache/commons/commons-parent/28/commons-parent-28.pom
[INFO] Downloaded: http://repo.maven.apache.org/maven2/org/apache/commons/commons-parent/28/commons-parent-28.pom (49 KB at 960.3 KB/sec)
[INFO] Downloading: http://repo.maven.apache.org/maven2/org/apache/apache/13/apache-13.pom
[INFO] Downloaded: http://repo.maven.apache.org/maven2/org/apache/apache/13/apache-13.pom (14 KB at 368.8 KB/sec)
[INFO] Downloading: http://repo.maven.apache.org/maven2/org/springframework/spring-context/3.2.13.RELEASE/spring-context-3.2.13.RELEASE.pom
[INFO] Downloaded: http://repo.maven.apache.org/maven2/org/springframework/spring-context/3.2.13.RELEASE/spring-context-3.2.13.RELEASE.pom (5 KB at 133.2 KB/sec)
[INFO] Downloading: http://repo.maven.apache.org/maven2/org/springframework/spring-expression/3.2.13.RELEASE/spring-expression-3.2.13.RELEASE.pom
[INFO] Downloaded: http://repo.maven.apache.org/maven2/org/springframework/spring-expression/3.2.13.RELEASE/spring-expression-3.2.13.RELEASE.pom (2 KB at 43.2 KB/sec)
[INFO] Downloading: http://repo.maven.apache.org/maven2/junit/junit/4.12/junit-4.12.jar
[INFO] Downloading: http://repo.maven.apache.org/maven2/org/hamcrest/hamcrest-core/1.3/hamcrest-core-1.3.jar
[INFO] Downloading: http://repo.maven.apache.org/maven2/org/mockito/mockito-core/1.10.17/mockito-core-1.10.17.jar
[INFO] Downloading: http://repo.maven.apache.org/maven2/org/objenesis/objenesis/2.1/objenesis-2.1.jar
[INFO] Downloading: http://repo.maven.apache.org/maven2/org/springframework/spring-aop/3.2.13.RELEASE/spring-aop-3.2.13.RELEASE.jar
[INFO] Downloaded: http://repo.maven.apache.org/maven2/org/objenesis/objenesis/2.1/objenesis-2.1.jar (41 KB at 599.7 KB/sec)
[INFO] Downloading: http://repo.maven.apache.org/maven2/aopalliance/aopalliance/1.0/aopalliance-1.0.jar
[INFO] Downloaded: http://repo.maven.apache.org/maven2/org/hamcrest/hamcrest-core/1.3/hamcrest-core-1.3.jar (44 KB at 563.7 KB/sec)
[INFO] Downloading: http://repo.maven.apache.org/maven2/org/springframework/spring-beans/3.2.13.RELEASE/spring-beans-3.2.13.RELEASE.jar
[INFO] Downloaded: http://repo.maven.apache.org/maven2/junit/junit/4.12/junit-4.12.jar (308 KB at 3417.2 KB/sec)
[INFO] Downloading: http://repo.maven.apache.org/maven2/org/springframework/spring-context/3.2.13.RELEASE/spring-context-3.2.13.RELEASE.jar
[INFO] Downloaded: http://repo.maven.apache.org/maven2/aopalliance/aopalliance/1.0/aopalliance-1.0.jar (5 KB at 43.2 KB/sec)
[INFO] Downloading: http://repo.maven.apache.org/maven2/org/springframework/spring-core/3.2.13.RELEASE/spring-core-3.2.13.RELEASE.jar
[INFO] Downloaded: http://repo.maven.apache.org/maven2/org/springframework/spring-aop/3.2.13.RELEASE/spring-aop-3.2.13.RELEASE.jar (331 KB at 2361.2 KB/sec)
[INFO] Downloading: http://repo.maven.apache.org/maven2/commons-logging/commons-logging/1.1.3/commons-logging-1.1.3.jar
[INFO] Downloaded: http://repo.maven.apache.org/maven2/commons-logging/commons-logging/1.1.3/commons-logging-1.1.3.jar (61 KB at 348.3 KB/sec)
[INFO] Downloading: http://repo.maven.apache.org/maven2/org/springframework/spring-expression/3.2.13.RELEASE/spring-expression-3.2.13.RELEASE.jar
[INFO] Downloaded: http://repo.maven.apache.org/maven2/org/springframework/spring-beans/3.2.13.RELEASE/spring-beans-3.2.13.RELEASE.jar (601 KB at 3015.5 KB/sec)
[INFO] Downloaded: http://repo.maven.apache.org/maven2/org/mockito/mockito-core/1.10.17/mockito-core-1.10.17.jar (1146 KB at 5533.5 KB/sec)
[INFO] Downloaded: http://repo.maven.apache.org/maven2/org/springframework/spring-context/3.2.13.RELEASE/spring-context-3.2.13.RELEASE.jar (848 KB at 3836.4 KB/sec)
[INFO] Downloaded: http://repo.maven.apache.org/maven2/org/springframework/spring-expression/3.2.13.RELEASE/spring-expression-3.2.13.RELEASE.jar (192 KB at 803.1 KB/sec)
[INFO] Downloaded: http://repo.maven.apache.org/maven2/org/springframework/spring-core/3.2.13.RELEASE/spring-core-3.2.13.RELEASE.jar (865 KB at 2240.0 KB/sec)
[INFO] 
[INFO] --- jacoco-maven-plugin:0.5.8.201207111220:prepare-agent (default) @ FizzBuzzEnterpriseEdition ---
[INFO] Downloading: https://repo.maven.apache.org/maven2/org/apache/maven/maven-plugin-api/2.1.0/maven-plugin-api-2.1.0.pom
[INFO] Downloaded: https://repo.maven.apache.org/maven2/org/apache/maven/maven-plugin-api/2.1.0/maven-plugin-api-2.1.0.pom (2 KB at 39.5 KB/sec)
[INFO] Downloading: https://repo.maven.apache.org/maven2/org/apache/maven/maven/2.1.0/maven-2.1.0.pom
[INFO] Downloaded: https://repo.maven.apache.org/maven2/org/apache/maven/maven/2.1.0/maven-2.1.0.pom (22 KB at 576.2 KB/sec)
[INFO] Downloading: https://repo.maven.apache.org/maven2/org/apache/maven/maven-parent/11/maven-parent-11.pom
[INFO] Downloaded: https://repo.maven.apache.org/maven2/org/apache/maven/maven-parent/11/maven-parent-11.pom (32 KB at 879.2 KB/sec)
[INFO] Downloading: https://repo.maven.apache.org/maven2/org/apache/apache/5/apache-5.pom
[INFO] Downloaded: https://repo.maven.apache.org/maven2/org/apache/apache/5/apache-5.pom (5 KB at 114.3 KB/sec)
[INFO] Downloading: https://repo.maven.apache.org/maven2/org/apache/maven/maven-project/2.1.0/maven-project-2.1.0.pom
[INFO] Downloaded: https://repo.maven.apache.org/maven2/org/apache/maven/maven-project/2.1.0/maven-project-2.1.0.pom (3 KB at 75.1 KB/sec)
[INFO] Downloading: https://repo.maven.apache.org/maven2/org/apache/maven/maven-settings/2.1.0/maven-settings-2.1.0.pom
[INFO] Downloaded: https://repo.maven.apache.org/maven2/org/apache/maven/maven-settings/2.1.0/maven-settings-2.1.0.pom (3 KB at 59.0 KB/sec)
[INFO] Downloading: https://repo.maven.apache.org/maven2/org/apache/maven/maven-model/2.1.0/maven-model-2.1.0.pom
[INFO] Downloaded: https://repo.maven.apache.org/maven2/org/apache/maven/maven-model/2.1.0/maven-model-2.1.0.pom (4 KB at 87.8 KB/sec)
[INFO] Downloading: https://repo.maven.apache.org/maven2/org/codehaus/plexus/plexus-utils/1.5.6/plexus-utils-1.5.6.pom
[INFO] Downloaded: https://repo.maven.apache.org/maven2/org/codehaus/plexus/plexus-utils/1.5.6/plexus-utils-1.5.6.pom (6 KB at 143.8 KB/sec)
[INFO] Downloading: https://repo.maven.apache.org/maven2/org/codehaus/plexus/plexus/1.0.12/plexus-1.0.12.pom
[INFO] Downloaded: https://repo.maven.apache.org/maven2/org/codehaus/plexus/plexus/1.0.12/plexus-1.0.12.pom (10 KB at 265.8 KB/sec)
[INFO] Downloading: https://repo.maven.apache.org/maven2/org/codehaus/plexus/plexus-interpolation/1.8.1/plexus-interpolation-1.8.1.pom
[INFO] Downloaded: https://repo.maven.apache.org/maven2/org/codehaus/plexus/plexus-interpolation/1.8.1/plexus-interpolation-1.8.1.pom (880 B at 23.9 KB/sec)
[INFO] Downloading: https://repo.maven.apache.org/maven2/org/codehaus/plexus/plexus/1.0.13/plexus-1.0.13.pom
[INFO] Downloaded: https://repo.maven.apache.org/maven2/org/codehaus/plexus/plexus/1.0.13/plexus-1.0.13.pom (11 KB at 285.4 KB/sec)
[INFO] Downloading: https://repo.maven.apache.org/maven2/org/codehaus/plexus/plexus-container-default/1.0-alpha-9-stable-1/plexus-container-default-1.0-alpha-9-stable-1.pom
[INFO] Downloaded: https://repo.maven.apache.org/maven2/org/codehaus/plexus/plexus-container-default/1.0-alpha-9-stable-1/plexus-container-default-1.0-alpha-9-stable-1.pom (4 KB at 104.2 KB/sec)
[INFO] Downloading: https://repo.maven.apache.org/maven2/org/codehaus/plexus/plexus-containers/1.0.3/plexus-containers-1.0.3.pom
[INFO] Downloaded: https://repo.maven.apache.org/maven2/org/codehaus/plexus/plexus-containers/1.0.3/plexus-containers-1.0.3.pom (492 B at 13.7 KB/sec)
[INFO] Downloading: https://repo.maven.apache.org/maven2/org/codehaus/plexus/plexus/1.0.4/plexus-1.0.4.pom
[INFO] Downloaded: https://repo.maven.apache.org/maven2/org/codehaus/plexus/plexus/1.0.4/plexus-1.0.4.pom (6 KB at 155.6 KB/sec)
[INFO] Downloading: https://repo.maven.apache.org/maven2/junit/junit/4.8.2/junit-4.8.2.pom
[INFO] Downloaded: https://repo.maven.apache.org/maven2/junit/junit/4.8.2/junit-4.8.2.pom (2 KB at 42.6 KB/sec)
[INFO] Downloading: https://repo.maven.apache.org/maven2/org/codehaus/plexus/plexus-utils/1.0.4/plexus-utils-1.0.4.pom
[INFO] Downloaded: https://repo.maven.apache.org/maven2/org/codehaus/plexus/plexus-utils/1.0.4/plexus-utils-1.0.4.pom (7 KB at 191.3 KB/sec)
[INFO] Downloading: https://repo.maven.apache.org/maven2/classworlds/classworlds/1.1-alpha-2/classworlds-1.1-alpha-2.pom
[INFO] Downloaded: https://repo.maven.apache.org/maven2/classworlds/classworlds/1.1-alpha-2/classworlds-1.1-alpha-2.pom (4 KB at 87.3 KB/sec)
[INFO] Downloading: https://repo.maven.apache.org/maven2/org/apache/maven/maven-profile/2.1.0/maven-profile-2.1.0.pom
[INFO] Downloaded: https://repo.maven.apache.org/maven2/org/apache/maven/maven-profile/2.1.0/maven-profile-2.1.0.pom (2 KB at 55.2 KB/sec)
[INFO] Downloading: https://repo.maven.apache.org/maven2/org/apache/maven/maven-artifact-manager/2.1.0/maven-artifact-manager-2.1.0.pom
[INFO] Downloaded: https://repo.maven.apache.org/maven2/org/apache/maven/maven-artifact-manager/2.1.0/maven-artifact-manager-2.1.0.pom (4 KB at 84.4 KB/sec)
[INFO] Downloading: https://repo.maven.apache.org/maven2/org/apache/maven/maven-repository-metadata/2.1.0/maven-repository-metadata-2.1.0.pom
[INFO] Downloaded: https://repo.maven.apache.org/maven2/org/apache/maven/maven-repository-metadata/2.1.0/maven-repository-metadata-2.1.0.pom (2 KB at 50.3 KB/sec)
[INFO] Downloading: https://repo.maven.apache.org/maven2/org/apache/maven/maven-artifact/2.1.0/maven-artifact-2.1.0.pom
[INFO] Downloaded: https://repo.maven.apache.org/maven2/org/apache/maven/maven-artifact/2.1.0/maven-artifact-2.1.0.pom (2 KB at 42.8 KB/sec)
[INFO] Downloading: https://repo.maven.apache.org/maven2/backport-util-concurrent/backport-util-concurrent/3.1/backport-util-concurrent-3.1.pom
[INFO] Downloaded: https://repo.maven.apache.org/maven2/backport-util-concurrent/backport-util-concurrent/3.1/backport-util-concurrent-3.1.pom (880 B at 23.9 KB/sec)
[INFO] Downloading: https://repo.maven.apache.org/maven2/org/apache/maven/maven-plugin-registry/2.1.0/maven-plugin-registry-2.1.0.pom
[INFO] Downloaded: https://repo.maven.apache.org/maven2/org/apache/maven/maven-plugin-registry/2.1.0/maven-plugin-registry-2.1.0.pom (2 KB at 51.8 KB/sec)
[INFO] Downloading: https://repo.maven.apache.org/maven2/org/apache/maven/reporting/maven-reporting-api/2.1.0/maven-reporting-api-2.1.0.pom
[INFO] Downloaded: https://repo.maven.apache.org/maven2/org/apache/maven/reporting/maven-reporting-api/2.1.0/maven-reporting-api-2.1.0.pom (2 KB at 48.8 KB/sec)
[INFO] Downloading: https://repo.maven.apache.org/maven2/org/apache/maven/reporting/maven-reporting/2.1.0/maven-reporting-2.1.0.pom
[INFO] Downloaded: https://repo.maven.apache.org/maven2/org/apache/maven/reporting/maven-reporting/2.1.0/maven-reporting-2.1.0.pom (2 KB at 38.0 KB/sec)
[INFO] Downloading: https://repo.maven.apache.org/maven2/org/apache/maven/doxia/doxia-sink-api/1.1/doxia-sink-api-1.1.pom
[INFO] Downloaded: https://repo.maven.apache.org/maven2/org/apache/maven/doxia/doxia-sink-api/1.1/doxia-sink-api-1.1.pom (2 KB at 53.8 KB/sec)
[INFO] Downloading: https://repo.maven.apache.org/maven2/org/apache/maven/doxia/doxia/1.1/doxia-1.1.pom
[INFO] Downloaded: https://repo.maven.apache.org/maven2/org/apache/maven/doxia/doxia/1.1/doxia-1.1.pom (15 KB at 400.6 KB/sec)
[INFO] Downloading: https://repo.maven.apache.org/maven2/org/apache/maven/doxia/doxia-logging-api/1.1/doxia-logging-api-1.1.pom
[INFO] Downloaded: https://repo.maven.apache.org/maven2/org/apache/maven/doxia/doxia-logging-api/1.1/doxia-logging-api-1.1.pom (2 KB at 42.7 KB/sec)
[INFO] Downloading: https://repo.maven.apache.org/maven2/org/codehaus/plexus/plexus-container-default/1.0-alpha-30/plexus-container-default-1.0-alpha-30.pom
[INFO] Downloaded: https://repo.maven.apache.org/maven2/org/codehaus/plexus/plexus-container-default/1.0-alpha-30/plexus-container-default-1.0-alpha-30.pom (4 KB at 97.0 KB/sec)
[INFO] Downloading: https://repo.maven.apache.org/maven2/org/codehaus/plexus/plexus-containers/1.0-alpha-30/plexus-containers-1.0-alpha-30.pom
[INFO] Downloaded: https://repo.maven.apache.org/maven2/org/codehaus/plexus/plexus-containers/1.0-alpha-30/plexus-containers-1.0-alpha-30.pom (2 KB at 52.8 KB/sec)
[INFO] Downloading: https://repo.maven.apache.org/maven2/org/codehaus/plexus/plexus/1.0.11/plexus-1.0.11.pom
[INFO] Downloaded: https://repo.maven.apache.org/maven2/org/codehaus/plexus/plexus/1.0.11/plexus-1.0.11.pom (9 KB at 250.3 KB/sec)
[INFO] Downloading: https://repo.maven.apache.org/maven2/org/codehaus/plexus/plexus-utils/1.4.5/plexus-utils-1.4.5.pom
[INFO] Downloaded: https://repo.maven.apache.org/maven2/org/codehaus/plexus/plexus-utils/1.4.5/plexus-utils-1.4.5.pom (3 KB at 63.2 KB/sec)
[INFO] Downloading: https://repo.maven.apache.org/maven2/org/codehaus/plexus/plexus-classworlds/1.2-alpha-9/plexus-classworlds-1.2-alpha-9.pom
[INFO] Downloaded: https://repo.maven.apache.org/maven2/org/codehaus/plexus/plexus-classworlds/1.2-alpha-9/plexus-classworlds-1.2-alpha-9.pom (4 KB at 87.4 KB/sec)
[INFO] Downloading: https://repo.maven.apache.org/maven2/org/codehaus/plexus/plexus/1.0.10/plexus-1.0.10.pom
[INFO] Downloaded: https://repo.maven.apache.org/maven2/org/codehaus/plexus/plexus/1.0.10/plexus-1.0.10.pom (9 KB at 230.2 KB/sec)
[INFO] Downloading: https://repo.maven.apache.org/maven2/org/apache/maven/reporting/maven-reporting-impl/2.1/maven-reporting-impl-2.1.pom
[INFO] Downloaded: https://repo.maven.apache.org/maven2/org/apache/maven/reporting/maven-reporting-impl/2.1/maven-reporting-impl-2.1.pom (5 KB at 110.4 KB/sec)
[INFO] Downloading: https://repo.maven.apache.org/maven2/org/apache/maven/shared/maven-shared-components/15/maven-shared-components-15.pom
[INFO] Downloaded: https://repo.maven.apache.org/maven2/org/apache/maven/shared/maven-shared-components/15/maven-shared-components-15.pom (10 KB at 260.5 KB/sec)
[INFO] Downloading: https://repo.maven.apache.org/maven2/org/apache/maven/maven-parent/16/maven-parent-16.pom
[INFO] Downloaded: https://repo.maven.apache.org/maven2/org/apache/maven/maven-parent/16/maven-parent-16.pom (23 KB at 631.3 KB/sec)
[INFO] Downloading: https://repo.maven.apache.org/maven2/org/apache/apache/7/apache-7.pom
[INFO] Downloaded: https://repo.maven.apache.org/maven2/org/apache/apache/7/apache-7.pom (15 KB at 402.6 KB/sec)
[INFO] Downloading: https://repo.maven.apache.org/maven2/org/apache/maven/reporting/maven-reporting-api/3.0/maven-reporting-api-3.0.pom
[INFO] Downloaded: https://repo.maven.apache.org/maven2/org/apache/maven/reporting/maven-reporting-api/3.0/maven-reporting-api-3.0.pom (3 KB at 59.4 KB/sec)
[INFO] Downloading: https://repo.maven.apache.org/maven2/org/apache/maven/doxia/doxia-sink-api/1.0/doxia-sink-api-1.0.pom
[INFO] Downloaded: https://repo.maven.apache.org/maven2/org/apache/maven/doxia/doxia-sink-api/1.0/doxia-sink-api-1.0.pom (2 KB at 38.7 KB/sec)
[INFO] Downloading: https://repo.maven.apache.org/maven2/org/apache/maven/doxia/doxia/1.0/doxia-1.0.pom
[INFO] Downloaded: https://repo.maven.apache.org/maven2/org/apache/maven/doxia/doxia/1.0/doxia-1.0.pom (10 KB at 269.1 KB/sec)
[INFO] Downloading: https://repo.maven.apache.org/maven2/org/apache/maven/maven-parent/10/maven-parent-10.pom
[INFO] Downloaded: https://repo.maven.apache.org/maven2/org/apache/maven/maven-parent/10/maven-parent-10.pom (31 KB at 858.2 KB/sec)
[INFO] Downloading: https://repo.maven.apache.org/maven2/org/apache/apache/4/apache-4.pom
[INFO] Downloaded: https://repo.maven.apache.org/maven2/org/apache/apache/4/apache-4.pom (5 KB at 118.6 KB/sec)
[INFO] Downloading: https://repo.maven.apache.org/maven2/org/apache/maven/maven-project/2.0.10/maven-project-2.0.10.pom
[INFO] Downloaded: https://repo.maven.apache.org/maven2/org/apache/maven/maven-project/2.0.10/maven-project-2.0.10.pom (3 KB at 79.4 KB/sec)
[INFO] Downloading: https://repo.maven.apache.org/maven2/org/apache/maven/maven/2.0.10/maven-2.0.10.pom
[INFO] Downloaded: https://repo.maven.apache.org/maven2/org/apache/maven/maven/2.0.10/maven-2.0.10.pom (24 KB at 658.7 KB/sec)
[INFO] Downloading: https://repo.maven.apache.org/maven2/org/apache/maven/maven-parent/9/maven-parent-9.pom
[INFO] Downloaded: https://repo.maven.apache.org/maven2/org/apache/maven/maven-parent/9/maven-parent-9.pom (33 KB at 890.8 KB/sec)
[INFO] Downloading: https://repo.maven.apache.org/maven2/org/apache/maven/maven-settings/2.0.10/maven-settings-2.0.10.pom
[INFO] Downloaded: https://repo.maven.apache.org/maven2/org/apache/maven/maven-settings/2.0.10/maven-settings-2.0.10.pom (3 KB at 54.6 KB/sec)
[INFO] Downloading: https://repo.maven.apache.org/maven2/org/apache/maven/maven-model/2.0.10/maven-model-2.0.10.pom
[INFO] Downloaded: https://repo.maven.apache.org/maven2/org/apache/maven/maven-model/2.0.10/maven-model-2.0.10.pom (4 KB at 93.1 KB/sec)
[INFO] Downloading: https://repo.maven.apache.org/maven2/org/codehaus/plexus/plexus-utils/1.5.5/plexus-utils-1.5.5.pom
[INFO] Downloaded: https://repo.maven.apache.org/maven2/org/codehaus/plexus/plexus-utils/1.5.5/plexus-utils-1.5.5.pom (6 KB at 143.6 KB/sec)
[INFO] Downloading: https://repo.maven.apache.org/maven2/org/codehaus/plexus/plexus-interpolation/1.1/plexus-interpolation-1.1.pom
[INFO] Downloaded: https://repo.maven.apache.org/maven2/org/codehaus/plexus/plexus-interpolation/1.1/plexus-interpolation-1.1.pom (2 KB at 40.1 KB/sec)
[INFO] Downloading: https://repo.maven.apache.org/maven2/org/apache/maven/maven-profile/2.0.10/maven-profile-2.0.10.pom
[INFO] Downloaded: https://repo.maven.apache.org/maven2/org/apache/maven/maven-profile/2.0.10/maven-profile-2.0.10.pom (3 KB at 58.4 KB/sec)
[INFO] Downloading: https://repo.maven.apache.org/maven2/org/apache/maven/maven-artifact-manager/2.0.10/maven-artifact-manager-2.0.10.pom
[INFO] Downloaded: https://repo.maven.apache.org/maven2/org/apache/maven/maven-artifact-manager/2.0.10/maven-artifact-manager-2.0.10.pom (3 KB at 75.4 KB/sec)
[INFO] Downloading: https://repo.maven.apache.org/maven2/org/apache/maven/maven-repository-metadata/2.0.10/maven-repository-metadata-2.0.10.pom
[INFO] Downloaded: https://repo.maven.apache.org/maven2/org/apache/maven/maven-repository-metadata/2.0.10/maven-repository-metadata-2.0.10.pom (3 KB at 64.6 KB/sec)
[INFO] Downloading: https://repo.maven.apache.org/maven2/org/apache/maven/maven-artifact/2.0.10/maven-artifact-2.0.10.pom
[INFO] Downloaded: https://repo.maven.apache.org/maven2/org/apache/maven/maven-artifact/2.0.10/maven-artifact-2.0.10.pom (2 KB at 45.2 KB/sec)
[INFO] Downloading: https://repo.maven.apache.org/maven2/org/apache/maven/maven-plugin-registry/2.0.10/maven-plugin-registry-2.0.10.pom
[INFO] Downloaded: https://repo.maven.apache.org/maven2/org/apache/maven/maven-plugin-registry/2.0.10/maven-plugin-registry-2.0.10.pom (2 KB at 57.9 KB/sec)
[INFO] Downloading: https://repo.maven.apache.org/maven2/org/apache/maven/maven-plugin-api/2.0.10/maven-plugin-api-2.0.10.pom
[INFO] Downloaded: https://repo.maven.apache.org/maven2/org/apache/maven/maven-plugin-api/2.0.10/maven-plugin-api-2.0.10.pom (2 KB at 41.7 KB/sec)
[INFO] Downloading: https://repo.maven.apache.org/maven2/org/apache/maven/doxia/doxia-sink-api/1.1.2/doxia-sink-api-1.1.2.pom
[INFO] Downloaded: https://repo.maven.apache.org/maven2/org/apache/maven/doxia/doxia-sink-api/1.1.2/doxia-sink-api-1.1.2.pom (2 KB at 43.9 KB/sec)
[INFO] Downloading: https://repo.maven.apache.org/maven2/org/apache/maven/doxia/doxia/1.1.2/doxia-1.1.2.pom
[INFO] Downloaded: https://repo.maven.apache.org/maven2/org/apache/maven/doxia/doxia/1.1.2/doxia-1.1.2.pom (18 KB at 492.5 KB/sec)
[INFO] Downloading: https://repo.maven.apache.org/maven2/org/apache/maven/doxia/doxia-logging-api/1.1.2/doxia-logging-api-1.1.2.pom
[INFO] Downloaded: https://repo.maven.apache.org/maven2/org/apache/maven/doxia/doxia-logging-api/1.1.2/doxia-logging-api-1.1.2.pom (2 KB at 44.1 KB/sec)
[INFO] Downloading: https://repo.maven.apache.org/maven2/org/apache/maven/doxia/doxia-core/1.1.2/doxia-core-1.1.2.pom
[INFO] Downloaded: https://repo.maven.apache.org/maven2/org/apache/maven/doxia/doxia-core/1.1.2/doxia-core-1.1.2.pom (4 KB at 103.8 KB/sec)
[INFO] Downloading: https://repo.maven.apache.org/maven2/org/codehaus/plexus/plexus-utils/1.5.12/plexus-utils-1.5.12.pom
[INFO] Downloaded: https://repo.maven.apache.org/maven2/org/codehaus/plexus/plexus-utils/1.5.12/plexus-utils-1.5.12.pom (6 KB at 157.2 KB/sec)
[INFO] Downloading: https://repo.maven.apache.org/maven2/org/codehaus/plexus/plexus/2.0.2/plexus-2.0.2.pom
[INFO] Downloaded: https://repo.maven.apache.org/maven2/org/codehaus/plexus/plexus/2.0.2/plexus-2.0.2.pom (12 KB at 314.9 KB/sec)
[INFO] Downloading: https://repo.maven.apache.org/maven2/xerces/xercesImpl/2.8.1/xercesImpl-2.8.1.pom
[INFO] Downloaded: https://repo.maven.apache.org/maven2/xerces/xercesImpl/2.8.1/xercesImpl-2.8.1.pom (3 KB at 61.6 KB/sec)
[INFO] Downloading: https://repo.maven.apache.org/maven2/org/apache/apache/3/apache-3.pom
[INFO] Downloaded: https://repo.maven.apache.org/maven2/org/apache/apache/3/apache-3.pom (4 KB at 95.7 KB/sec)
[INFO] Downloading: https://repo.maven.apache.org/maven2/xml-apis/xml-apis/1.3.03/xml-apis-1.3.03.pom
[INFO] Downloaded: https://repo.maven.apache.org/maven2/xml-apis/xml-apis/1.3.03/xml-apis-1.3.03.pom (738 B at 20.6 KB/sec)
[INFO] Downloading: https://repo.maven.apache.org/maven2/org/apache/apache/1/apache-1.pom
[INFO] Downloaded: https://repo.maven.apache.org/maven2/org/apache/apache/1/apache-1.pom (4 KB at 95.1 KB/sec)
[INFO] Downloading: https://repo.maven.apache.org/maven2/commons-lang/commons-lang/2.4/commons-lang-2.4.pom
[INFO] Downloaded: https://repo.maven.apache.org/maven2/commons-lang/commons-lang/2.4/commons-lang-2.4.pom (14 KB at 390.0 KB/sec)
[INFO] Downloading: https://repo.maven.apache.org/maven2/org/apache/commons/commons-parent/9/commons-parent-9.pom
[INFO] Downloaded: https://repo.maven.apache.org/maven2/org/apache/commons/commons-parent/9/commons-parent-9.pom (22 KB at 594.9 KB/sec)
[INFO] Downloading: https://repo.maven.apache.org/maven2/commons-httpclient/commons-httpclient/3.1/commons-httpclient-3.1.pom
[INFO] Downloaded: https://repo.maven.apache.org/maven2/commons-httpclient/commons-httpclient/3.1/commons-httpclient-3.1.pom (8 KB at 216.6 KB/sec)
[INFO] Downloading: https://repo.maven.apache.org/maven2/commons-logging/commons-logging/1.0.4/commons-logging-1.0.4.pom
[INFO] Downloaded: https://repo.maven.apache.org/maven2/commons-logging/commons-logging/1.0.4/commons-logging-1.0.4.pom (6 KB at 146.9 KB/sec)
[INFO] Downloading: https://repo.maven.apache.org/maven2/commons-codec/commons-codec/1.2/commons-codec-1.2.pom
[INFO] Downloaded: https://repo.maven.apache.org/maven2/commons-codec/commons-codec/1.2/commons-codec-1.2.pom (4 KB at 106.7 KB/sec)
[INFO] Downloading: https://repo.maven.apache.org/maven2/org/apache/maven/doxia/doxia-site-renderer/1.1.2/doxia-site-renderer-1.1.2.pom
[INFO] Downloaded: https://repo.maven.apache.org/maven2/org/apache/maven/doxia/doxia-site-renderer/1.1.2/doxia-site-renderer-1.1.2.pom (6 KB at 170.8 KB/sec)
[INFO] Downloading: https://repo.maven.apache.org/maven2/org/apache/maven/doxia/doxia-sitetools/1.1.2/doxia-sitetools-1.1.2.pom
[INFO] Downloaded: https://repo.maven.apache.org/maven2/org/apache/maven/doxia/doxia-sitetools/1.1.2/doxia-sitetools-1.1.2.pom (15 KB at 426.5 KB/sec)
[INFO] Downloading: https://repo.maven.apache.org/maven2/org/apache/maven/doxia/doxia-decoration-model/1.1.2/doxia-decoration-model-1.1.2.pom
[INFO] Downloaded: https://repo.maven.apache.org/maven2/org/apache/maven/doxia/doxia-decoration-model/1.1.2/doxia-decoration-model-1.1.2.pom (3 KB at 80.7 KB/sec)
[INFO] Downloading: https://repo.maven.apache.org/maven2/org/apache/maven/doxia/doxia-module-xhtml/1.1.2/doxia-module-xhtml-1.1.2.pom
[INFO] Downloaded: https://repo.maven.apache.org/maven2/org/apache/maven/doxia/doxia-module-xhtml/1.1.2/doxia-module-xhtml-1.1.2.pom (2 KB at 38.2 KB/sec)
[INFO] Downloading: https://repo.maven.apache.org/maven2/org/apache/maven/doxia/doxia-modules/1.1.2/doxia-modules-1.1.2.pom
[INFO] Downloaded: https://repo.maven.apache.org/maven2/org/apache/maven/doxia/doxia-modules/1.1.2/doxia-modules-1.1.2.pom (3 KB at 70.0 KB/sec)
[INFO] Downloading: https://repo.maven.apache.org/maven2/org/apache/maven/doxia/doxia-module-fml/1.1.2/doxia-module-fml-1.1.2.pom
[INFO] Downloaded: https://repo.maven.apache.org/maven2/org/apache/maven/doxia/doxia-module-fml/1.1.2/doxia-module-fml-1.1.2.pom (6 KB at 153.3 KB/sec)
[INFO] Downloading: https://repo.maven.apache.org/maven2/org/codehaus/plexus/plexus-i18n/1.0-beta-7/plexus-i18n-1.0-beta-7.pom
[INFO] Downloaded: https://repo.maven.apache.org/maven2/org/codehaus/plexus/plexus-i18n/1.0-beta-7/plexus-i18n-1.0-beta-7.pom (2 KB at 29.5 KB/sec)
[INFO] Downloading: https://repo.maven.apache.org/maven2/org/codehaus/plexus/plexus-components/1.1.12/plexus-components-1.1.12.pom
[INFO] Downloaded: https://repo.maven.apache.org/maven2/org/codehaus/plexus/plexus-components/1.1.12/plexus-components-1.1.12.pom (3 KB at 83.8 KB/sec)
[INFO] Downloading: https://repo.maven.apache.org/maven2/org/codehaus/plexus/plexus-utils/1.4.1/plexus-utils-1.4.1.pom
[INFO] Downloaded: https://repo.maven.apache.org/maven2/org/codehaus/plexus/plexus-utils/1.4.1/plexus-utils-1.4.1.pom (2 KB at 54.8 KB/sec)
[INFO] Downloading: https://repo.maven.apache.org/maven2/org/codehaus/plexus/plexus-velocity/1.1.7/plexus-velocity-1.1.7.pom
[INFO] Downloaded: https://repo.maven.apache.org/maven2/org/codehaus/plexus/plexus-velocity/1.1.7/plexus-velocity-1.1.7.pom (2 KB at 54.6 KB/sec)
[INFO] Downloading: https://repo.maven.apache.org/maven2/org/codehaus/plexus/plexus-container-default/1.0-alpha-20/plexus-container-default-1.0-alpha-20.pom
[INFO] Downloaded: https://repo.maven.apache.org/maven2/org/codehaus/plexus/plexus-container-default/1.0-alpha-20/plexus-container-default-1.0-alpha-20.pom (3 KB at 85.9 KB/sec)
[INFO] Downloading: https://repo.maven.apache.org/maven2/org/codehaus/plexus/plexus-containers/1.0-alpha-20/plexus-containers-1.0-alpha-20.pom
[INFO] Downloaded: https://repo.maven.apache.org/maven2/org/codehaus/plexus/plexus-containers/1.0-alpha-20/plexus-containers-1.0-alpha-20.pom (2 KB at 54.2 KB/sec)
[INFO] Downloading: https://repo.maven.apache.org/maven2/org/codehaus/plexus/plexus-utils/1.3/plexus-utils-1.3.pom
[INFO] Downloaded: https://repo.maven.apache.org/maven2/org/codehaus/plexus/plexus-utils/1.3/plexus-utils-1.3.pom (2 KB at 28.9 KB/sec)
[INFO] Downloading: https://repo.maven.apache.org/maven2/org/codehaus/plexus/plexus/1.0.8/plexus-1.0.8.pom
[INFO] Downloaded: https://repo.maven.apache.org/maven2/org/codehaus/plexus/plexus/1.0.8/plexus-1.0.8.pom (8 KB at 201.7 KB/sec)
[INFO] Downloading: https://repo.maven.apache.org/maven2/org/codehaus/plexus/plexus-classworlds/1.2-alpha-7/plexus-classworlds-1.2-alpha-7.pom
[INFO] Downloaded: https://repo.maven.apache.org/maven2/org/codehaus/plexus/plexus-classworlds/1.2-alpha-7/plexus-classworlds-1.2-alpha-7.pom (3 KB at 66.2 KB/sec)
[INFO] Downloading: https://repo.maven.apache.org/maven2/org/codehaus/plexus/plexus/1.0.9/plexus-1.0.9.pom
[INFO] Downloaded: https://repo.maven.apache.org/maven2/org/codehaus/plexus/plexus/1.0.9/plexus-1.0.9.pom (8 KB at 220.6 KB/sec)
[INFO] Downloading: https://repo.maven.apache.org/maven2/org/apache/velocity/velocity/1.5/velocity-1.5.pom
[INFO] Downloaded: https://repo.maven.apache.org/maven2/org/apache/velocity/velocity/1.5/velocity-1.5.pom (8 KB at 210.6 KB/sec)
[INFO] Downloading: https://repo.maven.apache.org/maven2/commons-collections/commons-collections/3.1/commons-collections-3.1.pom
[INFO] Downloaded: https://repo.maven.apache.org/maven2/commons-collections/commons-collections/3.1/commons-collections-3.1.pom (6 KB at 174.7 KB/sec)
[INFO] Downloading: https://repo.maven.apache.org/maven2/commons-lang/commons-lang/2.1/commons-lang-2.1.pom
[INFO] Downloaded: https://repo.maven.apache.org/maven2/commons-lang/commons-lang/2.1/commons-lang-2.1.pom (10 KB at 285.2 KB/sec)
[INFO] Downloading: https://repo.maven.apache.org/maven2/oro/oro/2.0.8/oro-2.0.8.pom
[INFO] Downloaded: https://repo.maven.apache.org/maven2/oro/oro/2.0.8/oro-2.0.8.pom (140 B at 4.0 KB/sec)
[INFO] Downloading: https://repo.maven.apache.org/maven2/commons-collections/commons-collections/3.2/commons-collections-3.2.pom
[INFO] Downloaded: https://repo.maven.apache.org/maven2/commons-collections/commons-collections/3.2/commons-collections-3.2.pom (11 KB at 307.9 KB/sec)
[INFO] Downloading: https://repo.maven.apache.org/maven2/commons-validator/commons-validator/1.2.0/commons-validator-1.2.0.pom
[INFO] Downloaded: https://repo.maven.apache.org/maven2/commons-validator/commons-validator/1.2.0/commons-validator-1.2.0.pom (9 KB at 246.4 KB/sec)
[INFO] Downloading: https://repo.maven.apache.org/maven2/commons-beanutils/commons-beanutils/1.7.0/commons-beanutils-1.7.0.pom
[INFO] Downloaded: https://repo.maven.apache.org/maven2/commons-beanutils/commons-beanutils/1.7.0/commons-beanutils-1.7.0.pom (357 B at 9.7 KB/sec)
[INFO] Downloading: https://repo.maven.apache.org/maven2/commons-logging/commons-logging/1.0.3/commons-logging-1.0.3.pom
[INFO] Downloaded: https://repo.maven.apache.org/maven2/commons-logging/commons-logging/1.0.3/commons-logging-1.0.3.pom (866 B at 24.9 KB/sec)
[INFO] Downloading: https://repo.maven.apache.org/maven2/commons-digester/commons-digester/1.6/commons-digester-1.6.pom
[INFO] Downloaded: https://repo.maven.apache.org/maven2/commons-digester/commons-digester/1.6/commons-digester-1.6.pom (974 B at 27.2 KB/sec)
[INFO] Downloading: https://repo.maven.apache.org/maven2/commons-beanutils/commons-beanutils/1.6/commons-beanutils-1.6.pom
[INFO] Downloaded: https://repo.maven.apache.org/maven2/commons-beanutils/commons-beanutils/1.6/commons-beanutils-1.6.pom (3 KB at 62.7 KB/sec)
[INFO] Downloading: https://repo.maven.apache.org/maven2/commons-logging/commons-logging/1.0/commons-logging-1.0.pom
[INFO] Downloaded: https://repo.maven.apache.org/maven2/commons-logging/commons-logging/1.0/commons-logging-1.0.pom (163 B at 4.5 KB/sec)
[INFO] Downloading: https://repo.maven.apache.org/maven2/commons-collections/commons-collections/2.0/commons-collections-2.0.pom
[INFO] Downloaded: https://repo.maven.apache.org/maven2/commons-collections/commons-collections/2.0/commons-collections-2.0.pom (171 B at 4.8 KB/sec)
[INFO] Downloading: https://repo.maven.apache.org/maven2/commons-collections/commons-collections/2.1/commons-collections-2.1.pom
[INFO] Downloaded: https://repo.maven.apache.org/maven2/commons-collections/commons-collections/2.1/commons-collections-2.1.pom (4 KB at 90.5 KB/sec)
[INFO] Downloading: https://repo.maven.apache.org/maven2/xml-apis/xml-apis/1.0.b2/xml-apis-1.0.b2.pom
[INFO] Downloaded: https://repo.maven.apache.org/maven2/xml-apis/xml-apis/1.0.b2/xml-apis-1.0.b2.pom (3 KB at 64.6 KB/sec)
[INFO] Downloading: https://repo.maven.apache.org/maven2/xml-apis/xml-apis/2.0.2/xml-apis-2.0.2.pom
[INFO] Downloaded: https://repo.maven.apache.org/maven2/xml-apis/xml-apis/2.0.2/xml-apis-2.0.2.pom (346 B at 9.9 KB/sec)
[INFO] Downloading: https://repo.maven.apache.org/maven2/org/codehaus/plexus/plexus-utils/1.5.8/plexus-utils-1.5.8.pom
[INFO] Downloaded: https://repo.maven.apache.org/maven2/org/codehaus/plexus/plexus-utils/1.5.8/plexus-utils-1.5.8.pom (8 KB at 225.0 KB/sec)
[INFO] Downloading: https://repo.maven.apache.org/maven2/org/jacoco/org.jacoco.agent/0.5.8.201207111220/org.jacoco.agent-0.5.8.201207111220.pom
[INFO] Downloaded: https://repo.maven.apache.org/maven2/org/jacoco/org.jacoco.agent/0.5.8.201207111220/org.jacoco.agent-0.5.8.201207111220.pom (3 KB at 81.7 KB/sec)
[INFO] Downloading: https://repo.maven.apache.org/maven2/org/jacoco/org.jacoco.core/0.5.8.201207111220/org.jacoco.core-0.5.8.201207111220.pom
[INFO] Downloaded: https://repo.maven.apache.org/maven2/org/jacoco/org.jacoco.core/0.5.8.201207111220/org.jacoco.core-0.5.8.201207111220.pom (3 KB at 65.0 KB/sec)
[INFO] Downloading: https://repo.maven.apache.org/maven2/asm/asm/3.3.1/asm-3.3.1.pom
[INFO] Downloaded: https://repo.maven.apache.org/maven2/asm/asm/3.3.1/asm-3.3.1.pom (266 B at 7.4 KB/sec)
[INFO] Downloading: https://repo.maven.apache.org/maven2/asm/asm-parent/3.3.1/asm-parent-3.3.1.pom
[INFO] Downloaded: https://repo.maven.apache.org/maven2/asm/asm-parent/3.3.1/asm-parent-3.3.1.pom (5 KB at 120.9 KB/sec)
[INFO] Downloading: https://repo.maven.apache.org/maven2/asm/asm-commons/3.3.1/asm-commons-3.3.1.pom
[INFO] Downloaded: https://repo.maven.apache.org/maven2/asm/asm-commons/3.3.1/asm-commons-3.3.1.pom (417 B at 11.6 KB/sec)
[INFO] Downloading: https://repo.maven.apache.org/maven2/asm/asm-tree/3.3.1/asm-tree-3.3.1.pom
[INFO] Downloaded: https://repo.maven.apache.org/maven2/asm/asm-tree/3.3.1/asm-tree-3.3.1.pom (406 B at 11.3 KB/sec)
[INFO] Downloading: https://repo.maven.apache.org/maven2/org/jacoco/org.jacoco.report/0.5.8.201207111220/org.jacoco.report-0.5.8.201207111220.pom
[INFO] Downloaded: https://repo.maven.apache.org/maven2/org/jacoco/org.jacoco.report/0.5.8.201207111220/org.jacoco.report-0.5.8.201207111220.pom (2 KB at 38.6 KB/sec)
[INFO] Downloading: https://repo.maven.apache.org/maven2/backport-util-concurrent/backport-util-concurrent/3.1/backport-util-concurrent-3.1.jar
[INFO] Downloading: https://repo.maven.apache.org/maven2/org/codehaus/plexus/plexus-interpolation/1.8.1/plexus-interpolation-1.8.1.jar
[INFO] Downloading: https://repo.maven.apache.org/maven2/junit/junit/4.8.2/junit-4.8.2.jar
[INFO] Downloading: https://repo.maven.apache.org/maven2/org/codehaus/plexus/plexus-utils/1.5.6/plexus-utils-1.5.6.jar
[INFO] Downloading: https://repo.maven.apache.org/maven2/org/apache/maven/reporting/maven-reporting-api/2.1.0/maven-reporting-api-2.1.0.jar
[INFO] Downloaded: https://repo.maven.apache.org/maven2/backport-util-concurrent/backport-util-concurrent/3.1/backport-util-concurrent-3.1.jar (324 KB at 3374.4 KB/sec)
[INFO] Downloading: https://repo.maven.apache.org/maven2/org/apache/maven/doxia/doxia-sink-api/1.1/doxia-sink-api-1.1.jar
[INFO] Downloaded: https://repo.maven.apache.org/maven2/org/apache/maven/reporting/maven-reporting-api/2.1.0/maven-reporting-api-2.1.0.jar (11 KB at 93.3 KB/sec)
[INFO] Downloading: https://repo.maven.apache.org/maven2/org/apache/maven/doxia/doxia-logging-api/1.1/doxia-logging-api-1.1.jar
[INFO] Downloaded: https://repo.maven.apache.org/maven2/org/codehaus/plexus/plexus-interpolation/1.8.1/plexus-interpolation-1.8.1.jar (50 KB at 402.5 KB/sec)
[INFO] Downloading: https://repo.maven.apache.org/maven2/org/apache/maven/reporting/maven-reporting-impl/2.1/maven-reporting-impl-2.1.jar
[INFO] Downloaded: https://repo.maven.apache.org/maven2/org/apache/maven/doxia/doxia-sink-api/1.1/doxia-sink-api-1.1.jar (13 KB at 97.0 KB/sec)
[INFO] Downloading: https://repo.maven.apache.org/maven2/org/apache/maven/doxia/doxia-core/1.1.2/doxia-core-1.1.2.jar
[INFO] Downloaded: https://repo.maven.apache.org/maven2/org/apache/maven/doxia/doxia-logging-api/1.1/doxia-logging-api-1.1.jar (12 KB at 76.3 KB/sec)
[INFO] Downloading: https://repo.maven.apache.org/maven2/xerces/xercesImpl/2.8.1/xercesImpl-2.8.1.jar
[INFO] Downloaded: https://repo.maven.apache.org/maven2/org/apache/maven/reporting/maven-reporting-impl/2.1/maven-reporting-impl-2.1.jar (17 KB at 103.1 KB/sec)
[INFO] Downloading: https://repo.maven.apache.org/maven2/commons-lang/commons-lang/2.4/commons-lang-2.4.jar
[INFO] Downloaded: https://repo.maven.apache.org/maven2/org/codehaus/plexus/plexus-utils/1.5.6/plexus-utils-1.5.6.jar (245 KB at 1301.5 KB/sec)
[INFO] Downloading: https://repo.maven.apache.org/maven2/commons-httpclient/commons-httpclient/3.1/commons-httpclient-3.1.jar
[INFO] Downloaded: https://repo.maven.apache.org/maven2/org/apache/maven/doxia/doxia-core/1.1.2/doxia-core-1.1.2.jar (155 KB at 743.2 KB/sec)
[INFO] Downloading: https://repo.maven.apache.org/maven2/commons-codec/commons-codec/1.2/commons-codec-1.2.jar
[INFO] Downloaded: https://repo.maven.apache.org/maven2/junit/junit/4.8.2/junit-4.8.2.jar (232 KB at 1078.1 KB/sec)
[INFO] Downloading: https://repo.maven.apache.org/maven2/org/apache/maven/doxia/doxia-site-renderer/1.1.2/doxia-site-renderer-1.1.2.jar
[INFO] Downloaded: https://repo.maven.apache.org/maven2/commons-codec/commons-codec/1.2/commons-codec-1.2.jar (30 KB at 119.4 KB/sec)
[INFO] Downloading: https://repo.maven.apache.org/maven2/org/apache/maven/doxia/doxia-decoration-model/1.1.2/doxia-decoration-model-1.1.2.jar
[INFO] Downloaded: https://repo.maven.apache.org/maven2/commons-lang/commons-lang/2.4/commons-lang-2.4.jar (256 KB at 979.6 KB/sec)
[INFO] Downloading: https://repo.maven.apache.org/maven2/org/apache/maven/doxia/doxia-module-xhtml/1.1.2/doxia-module-xhtml-1.1.2.jar
[INFO] Downloaded: https://repo.maven.apache.org/maven2/org/apache/maven/doxia/doxia-site-renderer/1.1.2/doxia-site-renderer-1.1.2.jar (50 KB at 188.8 KB/sec)
[INFO] Downloading: https://repo.maven.apache.org/maven2/org/apache/maven/doxia/doxia-module-fml/1.1.2/doxia-module-fml-1.1.2.jar
[INFO] Downloaded: https://repo.maven.apache.org/maven2/commons-httpclient/commons-httpclient/3.1/commons-httpclient-3.1.jar (298 KB at 1111.4 KB/sec)
[INFO] Downloading: https://repo.maven.apache.org/maven2/org/codehaus/plexus/plexus-i18n/1.0-beta-7/plexus-i18n-1.0-beta-7.jar
[INFO] Downloaded: https://repo.maven.apache.org/maven2/org/apache/maven/doxia/doxia-decoration-model/1.1.2/doxia-decoration-model-1.1.2.jar (52 KB at 178.6 KB/sec)
[INFO] Downloading: https://repo.maven.apache.org/maven2/org/codehaus/plexus/plexus-velocity/1.1.7/plexus-velocity-1.1.7.jar
[INFO] Downloaded: https://repo.maven.apache.org/maven2/org/apache/maven/doxia/doxia-module-xhtml/1.1.2/doxia-module-xhtml-1.1.2.jar (15 KB at 49.5 KB/sec)
[INFO] Downloading: https://repo.maven.apache.org/maven2/org/apache/velocity/velocity/1.5/velocity-1.5.jar
[INFO] Downloaded: https://repo.maven.apache.org/maven2/org/apache/maven/doxia/doxia-module-fml/1.1.2/doxia-module-fml-1.1.2.jar (37 KB at 122.1 KB/sec)
[INFO] Downloading: https://repo.maven.apache.org/maven2/commons-collections/commons-collections/3.2/commons-collections-3.2.jar
[INFO] Downloaded: https://repo.maven.apache.org/maven2/org/codehaus/plexus/plexus-i18n/1.0-beta-7/plexus-i18n-1.0-beta-7.jar (11 KB at 33.9 KB/sec)
[INFO] Downloading: https://repo.maven.apache.org/maven2/commons-validator/commons-validator/1.2.0/commons-validator-1.2.0.jar
[INFO] Downloaded: https://repo.maven.apache.org/maven2/org/codehaus/plexus/plexus-velocity/1.1.7/plexus-velocity-1.1.7.jar (8 KB at 23.3 KB/sec)
[INFO] Downloaded: https://repo.maven.apache.org/maven2/xerces/xercesImpl/2.8.1/xercesImpl-2.8.1.jar (1185 KB at 3678.7 KB/sec)
[INFO] Downloading: https://repo.maven.apache.org/maven2/commons-beanutils/commons-beanutils/1.7.0/commons-beanutils-1.7.0.jar
[INFO] Downloading: https://repo.maven.apache.org/maven2/commons-digester/commons-digester/1.6/commons-digester-1.6.jar
[INFO] Downloaded: https://repo.maven.apache.org/maven2/commons-validator/commons-validator/1.2.0/commons-validator-1.2.0.jar (89 KB at 253.5 KB/sec)
[INFO] Downloading: https://repo.maven.apache.org/maven2/commons-logging/commons-logging/1.0.4/commons-logging-1.0.4.jar
[INFO] Downloaded: https://repo.maven.apache.org/maven2/commons-logging/commons-logging/1.0.4/commons-logging-1.0.4.jar (38 KB at 95.7 KB/sec)
[INFO] Downloading: https://repo.maven.apache.org/maven2/oro/oro/2.0.8/oro-2.0.8.jar
[INFO] Downloaded: https://repo.maven.apache.org/maven2/commons-collections/commons-collections/3.2/commons-collections-3.2.jar (558 KB at 1384.3 KB/sec)
[INFO] Downloading: https://repo.maven.apache.org/maven2/xml-apis/xml-apis/1.0.b2/xml-apis-1.0.b2.jar
[INFO] Downloaded: https://repo.maven.apache.org/maven2/commons-beanutils/commons-beanutils/1.7.0/commons-beanutils-1.7.0.jar (185 KB at 433.5 KB/sec)
[INFO] Downloading: https://repo.maven.apache.org/maven2/org/jacoco/org.jacoco.agent/0.5.8.201207111220/org.jacoco.agent-0.5.8.201207111220-runtime.jar
[INFO] Downloaded: https://repo.maven.apache.org/maven2/oro/oro/2.0.8/oro-2.0.8.jar (64 KB at 150.0 KB/sec)
[INFO] Downloading: https://repo.maven.apache.org/maven2/org/jacoco/org.jacoco.core/0.5.8.201207111220/org.jacoco.core-0.5.8.201207111220.jar
[INFO] Downloaded: https://repo.maven.apache.org/maven2/org/apache/velocity/velocity/1.5/velocity-1.5.jar (383 KB at 888.5 KB/sec)
[INFO] Downloading: https://repo.maven.apache.org/maven2/asm/asm/3.3.1/asm-3.3.1.jar
[INFO] Downloaded: https://repo.maven.apache.org/maven2/xml-apis/xml-apis/1.0.b2/xml-apis-1.0.b2.jar (107 KB at 241.5 KB/sec)
[INFO] Downloading: https://repo.maven.apache.org/maven2/asm/asm-commons/3.3.1/asm-commons-3.3.1.jar
[INFO] Downloaded: https://repo.maven.apache.org/maven2/asm/asm/3.3.1/asm-3.3.1.jar (43 KB at 91.1 KB/sec)
[INFO] Downloading: https://repo.maven.apache.org/maven2/asm/asm-tree/3.3.1/asm-tree-3.3.1.jar
[INFO] Downloaded: https://repo.maven.apache.org/maven2/org/jacoco/org.jacoco.agent/0.5.8.201207111220/org.jacoco.agent-0.5.8.201207111220-runtime.jar (165 KB at 344.4 KB/sec)
[INFO] Downloading: https://repo.maven.apache.org/maven2/org/jacoco/org.jacoco.report/0.5.8.201207111220/org.jacoco.report-0.5.8.201207111220.jar
[INFO] Downloaded: https://repo.maven.apache.org/maven2/org/jacoco/org.jacoco.core/0.5.8.201207111220/org.jacoco.core-0.5.8.201207111220.jar (122 KB at 248.7 KB/sec)
[INFO] Downloaded: https://repo.maven.apache.org/maven2/asm/asm-commons/3.3.1/asm-commons-3.3.1.jar (38 KB at 75.1 KB/sec)
[INFO] Downloaded: https://repo.maven.apache.org/maven2/asm/asm-tree/3.3.1/asm-tree-3.3.1.jar (22 KB at 41.8 KB/sec)
[INFO] Downloaded: https://repo.maven.apache.org/maven2/org/jacoco/org.jacoco.report/0.5.8.201207111220/org.jacoco.report-0.5.8.201207111220.jar (127 KB at 238.3 KB/sec)
[INFO] Downloaded: https://repo.maven.apache.org/maven2/commons-digester/commons-digester/1.6/commons-digester-1.6.jar (165 KB at 254.2 KB/sec)
[INFO] argLine set to -javaagent:/home/travis/.m2/repository/org/jacoco/org.jacoco.agent/0.5.8.201207111220/org.jacoco.agent-0.5.8.201207111220-runtime.jar=destfile=/home/travis/build/EnterpriseQualityCoding/FizzBuzzEnterpriseEdition/target/jacoco.exec
[INFO] 
[INFO] --- maven-resources-plugin:2.6:resources (default-resources) @ FizzBuzzEnterpriseEdition ---
[INFO] Downloading: https://repo.maven.apache.org/maven2/org/apache/maven/maven-plugin-api/2.0.6/maven-plugin-api-2.0.6.pom
[INFO] Downloaded: https://repo.maven.apache.org/maven2/org/apache/maven/maven-plugin-api/2.0.6/maven-plugin-api-2.0.6.pom (2 KB at 40.6 KB/sec)
[INFO] Downloading: https://repo.maven.apache.org/maven2/org/apache/maven/maven/2.0.6/maven-2.0.6.pom
[INFO] Downloaded: https://repo.maven.apache.org/maven2/org/apache/maven/maven/2.0.6/maven-2.0.6.pom (9 KB at 184.1 KB/sec)
[INFO] Downloading: https://repo.maven.apache.org/maven2/org/apache/maven/maven-parent/5/maven-parent-5.pom
[INFO] Downloaded: https://repo.maven.apache.org/maven2/org/apache/maven/maven-parent/5/maven-parent-5.pom (15 KB at 310.0 KB/sec)
[INFO] Downloading: https://repo.maven.apache.org/maven2/org/apache/maven/maven-project/2.0.6/maven-project-2.0.6.pom
[INFO] Downloaded: https://repo.maven.apache.org/maven2/org/apache/maven/maven-project/2.0.6/maven-project-2.0.6.pom (3 KB at 71.5 KB/sec)
[INFO] Downloading: https://repo.maven.apache.org/maven2/org/apache/maven/maven-settings/2.0.6/maven-settings-2.0.6.pom
[INFO] Downloaded: https://repo.maven.apache.org/maven2/org/apache/maven/maven-settings/2.0.6/maven-settings-2.0.6.pom (2 KB at 57.5 KB/sec)
[INFO] Downloading: https://repo.maven.apache.org/maven2/org/apache/maven/maven-model/2.0.6/maven-model-2.0.6.pom
[INFO] Downloaded: https://repo.maven.apache.org/maven2/org/apache/maven/maven-model/2.0.6/maven-model-2.0.6.pom (3 KB at 87.5 KB/sec)
[INFO] Downloading: https://repo.maven.apache.org/maven2/junit/junit/3.8.1/junit-3.8.1.pom
[INFO] Downloaded: https://repo.maven.apache.org/maven2/junit/junit/3.8.1/junit-3.8.1.pom (998 B at 28.7 KB/sec)
[INFO] Downloading: https://repo.maven.apache.org/maven2/org/apache/maven/maven-profile/2.0.6/maven-profile-2.0.6.pom
[INFO] Downloaded: https://repo.maven.apache.org/maven2/org/apache/maven/maven-profile/2.0.6/maven-profile-2.0.6.pom (2 KB at 56.9 KB/sec)
[INFO] Downloading: https://repo.maven.apache.org/maven2/org/apache/maven/maven-artifact-manager/2.0.6/maven-artifact-manager-2.0.6.pom
[INFO] Downloaded: https://repo.maven.apache.org/maven2/org/apache/maven/maven-artifact-manager/2.0.6/maven-artifact-manager-2.0.6.pom (3 KB at 75.3 KB/sec)
[INFO] Downloading: https://repo.maven.apache.org/maven2/org/apache/maven/maven-repository-metadata/2.0.6/maven-repository-metadata-2.0.6.pom
[INFO] Downloaded: https://repo.maven.apache.org/maven2/org/apache/maven/maven-repository-metadata/2.0.6/maven-repository-metadata-2.0.6.pom (2 KB at 53.1 KB/sec)
[INFO] Downloading: https://repo.maven.apache.org/maven2/org/apache/maven/maven-artifact/2.0.6/maven-artifact-2.0.6.pom
[INFO] Downloaded: https://repo.maven.apache.org/maven2/org/apache/maven/maven-artifact/2.0.6/maven-artifact-2.0.6.pom (2 KB at 46.7 KB/sec)
[INFO] Downloading: https://repo.maven.apache.org/maven2/org/apache/maven/maven-plugin-registry/2.0.6/maven-plugin-registry-2.0.6.pom
[INFO] Downloaded: https://repo.maven.apache.org/maven2/org/apache/maven/maven-plugin-registry/2.0.6/maven-plugin-registry-2.0.6.pom (2 KB at 54.3 KB/sec)
[INFO] Downloading: https://repo.maven.apache.org/maven2/org/apache/maven/maven-core/2.0.6/maven-core-2.0.6.pom
[INFO] Downloaded: https://repo.maven.apache.org/maven2/org/apache/maven/maven-core/2.0.6/maven-core-2.0.6.pom (7 KB at 187.2 KB/sec)
[INFO] Downloading: https://repo.maven.apache.org/maven2/org/apache/maven/maven-plugin-parameter-documenter/2.0.6/maven-plugin-parameter-documenter-2.0.6.pom
[INFO] Downloaded: https://repo.maven.apache.org/maven2/org/apache/maven/maven-plugin-parameter-documenter/2.0.6/maven-plugin-parameter-documenter-2.0.6.pom (2 KB at 56.6 KB/sec)
[INFO] Downloading: https://repo.maven.apache.org/maven2/org/apache/maven/reporting/maven-reporting-api/2.0.6/maven-reporting-api-2.0.6.pom
[INFO] Downloaded: https://repo.maven.apache.org/maven2/org/apache/maven/reporting/maven-reporting-api/2.0.6/maven-reporting-api-2.0.6.pom (2 KB at 51.8 KB/sec)
[INFO] Downloading: https://repo.maven.apache.org/maven2/org/apache/maven/reporting/maven-reporting/2.0.6/maven-reporting-2.0.6.pom
[INFO] Downloaded: https://repo.maven.apache.org/maven2/org/apache/maven/reporting/maven-reporting/2.0.6/maven-reporting-2.0.6.pom (2 KB at 41.3 KB/sec)
[INFO] Downloading: https://repo.maven.apache.org/maven2/org/apache/maven/doxia/doxia-sink-api/1.0-alpha-7/doxia-sink-api-1.0-alpha-7.pom
[INFO] Downloaded: https://repo.maven.apache.org/maven2/org/apache/maven/doxia/doxia-sink-api/1.0-alpha-7/doxia-sink-api-1.0-alpha-7.pom (424 B at 12.2 KB/sec)
[INFO] Downloading: https://repo.maven.apache.org/maven2/org/apache/maven/doxia/doxia/1.0-alpha-7/doxia-1.0-alpha-7.pom
[INFO] Downloaded: https://repo.maven.apache.org/maven2/org/apache/maven/doxia/doxia/1.0-alpha-7/doxia-1.0-alpha-7.pom (4 KB at 112.4 KB/sec)
[INFO] Downloading: https://repo.maven.apache.org/maven2/org/apache/maven/maven-error-diagnostics/2.0.6/maven-error-diagnostics-2.0.6.pom
[INFO] Downloaded: https://repo.maven.apache.org/maven2/org/apache/maven/maven-error-diagnostics/2.0.6/maven-error-diagnostics-2.0.6.pom (2 KB at 48.9 KB/sec)
[INFO] Downloading: https://repo.maven.apache.org/maven2/commons-cli/commons-cli/1.0/commons-cli-1.0.pom
[INFO] Downloaded: https://repo.maven.apache.org/maven2/commons-cli/commons-cli/1.0/commons-cli-1.0.pom (3 KB at 60.5 KB/sec)
[INFO] Downloading: https://repo.maven.apache.org/maven2/org/apache/maven/maven-plugin-descriptor/2.0.6/maven-plugin-descriptor-2.0.6.pom
[INFO] Downloaded: https://repo.maven.apache.org/maven2/org/apache/maven/maven-plugin-descriptor/2.0.6/maven-plugin-descriptor-2.0.6.pom (2 KB at 58.0 KB/sec)
[INFO] Downloading: https://repo.maven.apache.org/maven2/org/codehaus/plexus/plexus-interactivity-api/1.0-alpha-4/plexus-interactivity-api-1.0-alpha-4.pom
[INFO] Downloaded: https://repo.maven.apache.org/maven2/org/codehaus/plexus/plexus-interactivity-api/1.0-alpha-4/plexus-interactivity-api-1.0-alpha-4.pom (7 KB at 203.7 KB/sec)
[INFO] Downloading: https://repo.maven.apache.org/maven2/org/apache/maven/maven-monitor/2.0.6/maven-monitor-2.0.6.pom
[INFO] Downloaded: https://repo.maven.apache.org/maven2/org/apache/maven/maven-monitor/2.0.6/maven-monitor-2.0.6.pom (2 KB at 36.0 KB/sec)
[INFO] Downloading: https://repo.maven.apache.org/maven2/classworlds/classworlds/1.1/classworlds-1.1.pom
[INFO] Downloaded: https://repo.maven.apache.org/maven2/classworlds/classworlds/1.1/classworlds-1.1.pom (4 KB at 92.7 KB/sec)
[INFO] Downloading: https://repo.maven.apache.org/maven2/org/codehaus/plexus/plexus-utils/2.0.5/plexus-utils-2.0.5.pom
[INFO] Downloaded: https://repo.maven.apache.org/maven2/org/codehaus/plexus/plexus-utils/2.0.5/plexus-utils-2.0.5.pom (4 KB at 93.0 KB/sec)
[INFO] Downloading: https://repo.maven.apache.org/maven2/org/codehaus/plexus/plexus/2.0.6/plexus-2.0.6.pom
[INFO] Downloaded: https://repo.maven.apache.org/maven2/org/codehaus/plexus/plexus/2.0.6/plexus-2.0.6.pom (17 KB at 481.5 KB/sec)
[INFO] Downloading: https://repo.maven.apache.org/maven2/org/apache/maven/shared/maven-filtering/1.1/maven-filtering-1.1.pom
[INFO] Downloaded: https://repo.maven.apache.org/maven2/org/apache/maven/shared/maven-filtering/1.1/maven-filtering-1.1.pom (6 KB at 166.3 KB/sec)
[INFO] Downloading: https://repo.maven.apache.org/maven2/org/apache/maven/shared/maven-shared-components/17/maven-shared-components-17.pom
[INFO] Downloaded: https://repo.maven.apache.org/maven2/org/apache/maven/shared/maven-shared-components/17/maven-shared-components-17.pom (9 KB at 249.9 KB/sec)
[INFO] Downloading: https://repo.maven.apache.org/maven2/org/apache/maven/maven-parent/21/maven-parent-21.pom
[INFO] Downloaded: https://repo.maven.apache.org/maven2/org/apache/maven/maven-parent/21/maven-parent-21.pom (26 KB at 536.3 KB/sec)
[INFO] Downloading: https://repo.maven.apache.org/maven2/org/apache/apache/10/apache-10.pom
[INFO] Downloaded: https://repo.maven.apache.org/maven2/org/apache/apache/10/apache-10.pom (15 KB at 425.1 KB/sec)
[INFO] Downloading: https://repo.maven.apache.org/maven2/org/codehaus/plexus/plexus-utils/1.5.15/plexus-utils-1.5.15.pom
[INFO] Downloaded: https://repo.maven.apache.org/maven2/org/codehaus/plexus/plexus-utils/1.5.15/plexus-utils-1.5.15.pom (7 KB at 196.7 KB/sec)
[INFO] Downloading: https://repo.maven.apache.org/maven2/org/codehaus/plexus/plexus-interpolation/1.12/plexus-interpolation-1.12.pom
[INFO] Downloaded: https://repo.maven.apache.org/maven2/org/codehaus/plexus/plexus-interpolation/1.12/plexus-interpolation-1.12.pom (889 B at 25.5 KB/sec)
[INFO] Downloading: https://repo.maven.apache.org/maven2/org/codehaus/plexus/plexus-components/1.1.14/plexus-components-1.1.14.pom
[INFO] Downloaded: https://repo.maven.apache.org/maven2/org/codehaus/plexus/plexus-components/1.1.14/plexus-components-1.1.14.pom (6 KB at 172.9 KB/sec)
[INFO] Downloading: https://repo.maven.apache.org/maven2/org/sonatype/plexus/plexus-build-api/0.0.4/plexus-build-api-0.0.4.pom
[INFO] Downloaded: https://repo.maven.apache.org/maven2/org/sonatype/plexus/plexus-build-api/0.0.4/plexus-build-api-0.0.4.pom (3 KB at 82.2 KB/sec)
[INFO] Downloading: https://repo.maven.apache.org/maven2/org/sonatype/spice/spice-parent/10/spice-parent-10.pom
[INFO] Downloaded: https://repo.maven.apache.org/maven2/org/sonatype/spice/spice-parent/10/spice-parent-10.pom (3 KB at 86.6 KB/sec)
[INFO] Downloading: https://repo.maven.apache.org/maven2/org/sonatype/forge/forge-parent/3/forge-parent-3.pom
[INFO] Downloaded: https://repo.maven.apache.org/maven2/org/sonatype/forge/forge-parent/3/forge-parent-3.pom (5 KB at 144.6 KB/sec)
[INFO] Downloading: https://repo.maven.apache.org/maven2/org/codehaus/plexus/plexus-interpolation/1.13/plexus-interpolation-1.13.pom
[INFO] Downloaded: https://repo.maven.apache.org/maven2/org/codehaus/plexus/plexus-interpolation/1.13/plexus-interpolation-1.13.pom (890 B at 21.2 KB/sec)
[INFO] Downloading: https://repo.maven.apache.org/maven2/org/codehaus/plexus/plexus-components/1.1.15/plexus-components-1.1.15.pom
[INFO] Downloaded: https://repo.maven.apache.org/maven2/org/codehaus/plexus/plexus-components/1.1.15/plexus-components-1.1.15.pom (3 KB at 81.8 KB/sec)
[INFO] Downloading: https://repo.maven.apache.org/maven2/org/codehaus/plexus/plexus/2.0.3/plexus-2.0.3.pom
[INFO] Downloaded: https://repo.maven.apache.org/maven2/org/codehaus/plexus/plexus/2.0.3/plexus-2.0.3.pom (16 KB at 431.4 KB/sec)
[INFO] Downloading: https://repo.maven.apache.org/maven2/org/apache/maven/reporting/maven-reporting-api/2.0.6/maven-reporting-api-2.0.6.jar
[INFO] Downloading: https://repo.maven.apache.org/maven2/org/apache/maven/doxia/doxia-sink-api/1.0-alpha-7/doxia-sink-api-1.0-alpha-7.jar
[INFO] Downloading: https://repo.maven.apache.org/maven2/commons-cli/commons-cli/1.0/commons-cli-1.0.jar
[INFO] Downloading: https://repo.maven.apache.org/maven2/org/codehaus/plexus/plexus-interactivity-api/1.0-alpha-4/plexus-interactivity-api-1.0-alpha-4.jar
[INFO] Downloading: https://repo.maven.apache.org/maven2/junit/junit/3.8.1/junit-3.8.1.jar
[INFO] Downloaded: https://repo.maven.apache.org/maven2/org/apache/maven/reporting/maven-reporting-api/2.0.6/maven-reporting-api-2.0.6.jar (10 KB at 262.4 KB/sec)
[INFO] Downloading: https://repo.maven.apache.org/maven2/org/codehaus/plexus/plexus-utils/2.0.5/plexus-utils-2.0.5.jar
[INFO] Downloaded: https://repo.maven.apache.org/maven2/org/codehaus/plexus/plexus-interactivity-api/1.0-alpha-4/plexus-interactivity-api-1.0-alpha-4.jar (14 KB at 353.9 KB/sec)
[INFO] Downloading: https://repo.maven.apache.org/maven2/org/apache/maven/shared/maven-filtering/1.1/maven-filtering-1.1.jar
[INFO] Downloaded: https://repo.maven.apache.org/maven2/commons-cli/commons-cli/1.0/commons-cli-1.0.jar (30 KB at 774.0 KB/sec)
[INFO] Downloading: https://repo.maven.apache.org/maven2/org/sonatype/plexus/plexus-build-api/0.0.4/plexus-build-api-0.0.4.jar
[INFO] Downloaded: https://repo.maven.apache.org/maven2/org/apache/maven/doxia/doxia-sink-api/1.0-alpha-7/doxia-sink-api-1.0-alpha-7.jar (6 KB at 148.6 KB/sec)
[INFO] Downloading: https://repo.maven.apache.org/maven2/org/codehaus/plexus/plexus-interpolation/1.13/plexus-interpolation-1.13.jar
[INFO] Downloaded: https://repo.maven.apache.org/maven2/junit/junit/3.8.1/junit-3.8.1.jar (119 KB at 2273.7 KB/sec)
[INFO] Downloaded: https://repo.maven.apache.org/maven2/org/apache/maven/shared/maven-filtering/1.1/maven-filtering-1.1.jar (43 KB at 495.2 KB/sec)
[INFO] Downloaded: https://repo.maven.apache.org/maven2/org/codehaus/plexus/plexus-utils/2.0.5/plexus-utils-2.0.5.jar (218 KB at 2448.8 KB/sec)
[INFO] Downloaded: https://repo.maven.apache.org/maven2/org/sonatype/plexus/plexus-build-api/0.0.4/plexus-build-api-0.0.4.jar (7 KB at 74.7 KB/sec)
[INFO] Downloaded: https://repo.maven.apache.org/maven2/org/codehaus/plexus/plexus-interpolation/1.13/plexus-interpolation-1.13.jar (60 KB at 614.7 KB/sec)
[INFO] Using 'UTF-8' encoding to copy filtered resources.
[INFO] Copying 1 resource
[INFO] 
[INFO] --- maven-compiler-plugin:2.3:compile (default-compile) @ FizzBuzzEnterpriseEdition ---
[INFO] Downloading: https://repo.maven.apache.org/maven2/org/apache/maven/maven-plugin-api/2.0/maven-plugin-api-2.0.pom
[INFO] Downloaded: https://repo.maven.apache.org/maven2/org/apache/maven/maven-plugin-api/2.0/maven-plugin-api-2.0.pom (601 B at 16.8 KB/sec)
[INFO] Downloading: https://repo.maven.apache.org/maven2/org/apache/maven/maven/2.0/maven-2.0.pom
[INFO] Downloaded: https://repo.maven.apache.org/maven2/org/apache/maven/maven/2.0/maven-2.0.pom (9 KB at 251.8 KB/sec)
[INFO] Downloading: https://repo.maven.apache.org/maven2/org/apache/maven/maven-artifact/2.0/maven-artifact-2.0.pom
[INFO] Downloaded: https://repo.maven.apache.org/maven2/org/apache/maven/maven-artifact/2.0/maven-artifact-2.0.pom (723 B at 19.6 KB/sec)
[INFO] Downloading: https://repo.maven.apache.org/maven2/org/codehaus/plexus/plexus-utils/1.5.1/plexus-utils-1.5.1.pom
[INFO] Downloaded: https://repo.maven.apache.org/maven2/org/codehaus/plexus/plexus-utils/1.5.1/plexus-utils-1.5.1.pom (3 KB at 65.9 KB/sec)
[INFO] Downloading: https://repo.maven.apache.org/maven2/org/codehaus/plexus/plexus-compiler-api/1.8/plexus-compiler-api-1.8.pom
[INFO] Downloaded: https://repo.maven.apache.org/maven2/org/codehaus/plexus/plexus-compiler-api/1.8/plexus-compiler-api-1.8.pom (778 B at 20.0 KB/sec)
[INFO] Downloading: https://repo.maven.apache.org/maven2/org/codehaus/plexus/plexus-compiler/1.8/plexus-compiler-1.8.pom
[INFO] Downloaded: https://repo.maven.apache.org/maven2/org/codehaus/plexus/plexus-compiler/1.8/plexus-compiler-1.8.pom (4 KB at 65.2 KB/sec)
[INFO] Downloading: https://repo.maven.apache.org/maven2/org/codehaus/plexus/plexus-components/1.1.17/plexus-components-1.1.17.pom
[INFO] Downloaded: https://repo.maven.apache.org/maven2/org/codehaus/plexus/plexus-components/1.1.17/plexus-components-1.1.17.pom (6 KB at 133.9 KB/sec)
[INFO] Downloading: https://repo.maven.apache.org/maven2/org/codehaus/plexus/plexus/2.0.5/plexus-2.0.5.pom
[INFO] Downloaded: https://repo.maven.apache.org/maven2/org/codehaus/plexus/plexus/2.0.5/plexus-2.0.5.pom (17 KB at 484.0 KB/sec)
[INFO] Downloading: https://repo.maven.apache.org/maven2/org/apache/maven/maven-toolchain/1.0/maven-toolchain-1.0.pom
[INFO] Downloaded: https://repo.maven.apache.org/maven2/org/apache/maven/maven-toolchain/1.0/maven-toolchain-1.0.pom (4 KB at 85.5 KB/sec)
[INFO] Downloading: https://repo.maven.apache.org/maven2/org/codehaus/plexus/plexus-compiler-manager/1.8/plexus-compiler-manager-1.8.pom
[INFO] Downloaded: https://repo.maven.apache.org/maven2/org/codehaus/plexus/plexus-compiler-manager/1.8/plexus-compiler-manager-1.8.pom (690 B at 18.7 KB/sec)
[INFO] Downloading: https://repo.maven.apache.org/maven2/org/codehaus/plexus/plexus-compiler-javac/1.8/plexus-compiler-javac-1.8.pom
[INFO] Downloaded: https://repo.maven.apache.org/maven2/org/codehaus/plexus/plexus-compiler-javac/1.8/plexus-compiler-javac-1.8.pom (686 B at 19.1 KB/sec)
[INFO] Downloading: https://repo.maven.apache.org/maven2/org/codehaus/plexus/plexus-compilers/1.8/plexus-compilers-1.8.pom
[INFO] Downloaded: https://repo.maven.apache.org/maven2/org/codehaus/plexus/plexus-compilers/1.8/plexus-compilers-1.8.pom (2 KB at 35.8 KB/sec)
[INFO] Downloading: https://repo.maven.apache.org/maven2/org/codehaus/plexus/plexus-utils/1.5.1/plexus-utils-1.5.1.jar
[INFO] Downloading: https://repo.maven.apache.org/maven2/org/codehaus/plexus/plexus-compiler-api/1.8/plexus-compiler-api-1.8.jar
[INFO] Downloading: https://repo.maven.apache.org/maven2/org/codehaus/plexus/plexus-compiler-manager/1.8/plexus-compiler-manager-1.8.jar
[INFO] Downloading: https://repo.maven.apache.org/maven2/org/codehaus/plexus/plexus-compiler-javac/1.8/plexus-compiler-javac-1.8.jar
[INFO] Downloaded: https://repo.maven.apache.org/maven2/org/codehaus/plexus/plexus-compiler-manager/1.8/plexus-compiler-manager-1.8.jar (6 KB at 136.5 KB/sec)
[INFO] Downloaded: https://repo.maven.apache.org/maven2/org/codehaus/plexus/plexus-compiler-javac/1.8/plexus-compiler-javac-1.8.jar (12 KB at 304.7 KB/sec)
[INFO] Downloaded: https://repo.maven.apache.org/maven2/org/codehaus/plexus/plexus-compiler-api/1.8/plexus-compiler-api-1.8.jar (20 KB at 487.0 KB/sec)
[INFO] Downloaded: https://repo.maven.apache.org/maven2/org/codehaus/plexus/plexus-utils/1.5.1/plexus-utils-1.5.1.jar (206 KB at 3810.0 KB/sec)
[INFO] Compiling 86 source files to /home/travis/build/EnterpriseQualityCoding/FizzBuzzEnterpriseEdition/target/classes
[INFO] 
[INFO] --- maven-resources-plugin:2.6:testResources (default-testResources) @ FizzBuzzEnterpriseEdition ---
[INFO] Using 'UTF-8' encoding to copy filtered resources.
[INFO] skip non existing resourceDirectory /home/travis/build/EnterpriseQualityCoding/FizzBuzzEnterpriseEdition/src/test/resources
[INFO] 
[INFO] --- maven-compiler-plugin:2.3:testCompile (default-testCompile) @ FizzBuzzEnterpriseEdition ---
[INFO] Compiling 59 source files to /home/travis/build/EnterpriseQualityCoding/FizzBuzzEnterpriseEdition/target/test-classes
[INFO] -------------------------------------------------------------
[ERROR] COMPILATION ERROR : 
[INFO] -------------------------------------------------------------
[ERROR] /home/travis/build/EnterpriseQualityCoding/FizzBuzzEnterpriseEdition/src/test/java/com/seriouscompany/business/java/fizzbuzz/packagenamingpackage/impl/factories/TestBuzzStringReturnerFactory.java:[23,62] error: constructor BuzzStringReturnerFactory in class BuzzStringReturnerFactory cannot be applied to given types;

[ERROR]  actual and formal argument lists differ in length
/home/travis/build/EnterpriseQualityCoding/FizzBuzzEnterpriseEdition/src/test/java/com/seriouscompany/business/java/fizzbuzz/packagenamingpackage/impl/factories/TestBuzzStringReturnerFactory.java:[34,62] error: constructor BuzzStringReturnerFactory in class BuzzStringReturnerFactory cannot be applied to given types;

[ERROR]  actual and formal argument lists differ in length
/home/travis/build/EnterpriseQualityCoding/FizzBuzzEnterpriseEdition/src/test/java/com/seriouscompany/business/java/fizzbuzz/packagenamingpackage/impl/TestStandardFizzBuzz.java:[23,44] error: constructor StandardFizzBuzz in class StandardFizzBuzz cannot be applied to given types;

[ERROR]  actual and formal argument lists differ in length
/home/travis/build/EnterpriseQualityCoding/FizzBuzzEnterpriseEdition/src/test/java/com/seriouscompany/business/java/fizzbuzz/packagenamingpackage/impl/TestStandardFizzBuzz.java:[39,44] error: constructor StandardFizzBuzz in class StandardFizzBuzz cannot be applied to given types;

[ERROR]  actual and formal argument lists differ in length
/home/travis/build/EnterpriseQualityCoding/FizzBuzzEnterpriseEdition/src/test/java/com/seriouscompany/business/java/fizzbuzz/packagenamingpackage/impl/factories/TestFizzStringReturnerFactory.java:[23,62] error: constructor FizzStringReturnerFactory in class FizzStringReturnerFactory cannot be applied to given types;

[ERROR]  actual and formal argument lists differ in length
/home/travis/build/EnterpriseQualityCoding/FizzBuzzEnterpriseEdition/src/test/java/com/seriouscompany/business/java/fizzbuzz/packagenamingpackage/impl/factories/TestFizzStringReturnerFactory.java:[34,62] error: constructor FizzStringReturnerFactory in class FizzStringReturnerFactory cannot be applied to given types;

[ERROR]  actual and formal argument lists differ in length
/home/travis/build/EnterpriseQualityCoding/FizzBuzzEnterpriseEdition/src/test/java/com/seriouscompany/business/java/fizzbuzz/packagenamingpackage/impl/factories/TestBuzzStrategyFactory.java:[19,50] error: constructor BuzzStrategyFactory in class BuzzStrategyFactory cannot be applied to given types;

[ERROR]  actual and formal argument lists differ in length
/home/travis/build/EnterpriseQualityCoding/FizzBuzzEnterpriseEdition/src/test/java/com/seriouscompany/business/java/fizzbuzz/packagenamingpackage/impl/strategies/TestSingleStepPayload.java:[23,46] error: constructor SingleStepPayload in class SingleStepPayload cannot be applied to given types;

[ERROR]  actual and formal argument lists differ in length
/home/travis/build/EnterpriseQualityCoding/FizzBuzzEnterpriseEdition/src/test/java/com/seriouscompany/business/java/fizzbuzz/packagenamingpackage/impl/strategies/TestSingleStepPayload.java:[38,46] error: constructor SingleStepPayload in class SingleStepPayload cannot be applied to given types;

[ERROR]  actual and formal argument lists differ in length
/home/travis/build/EnterpriseQualityCoding/FizzBuzzEnterpriseEdition/src/test/java/com/seriouscompany/business/java/fizzbuzz/packagenamingpackage/impl/factories/TestSystemOutFizzBuzzOutputStrategyFactory.java:[19,88] error: constructor SystemOutFizzBuzzOutputStrategyFactory in class SystemOutFizzBuzzOutputStrategyFactory cannot be applied to given types;

[ERROR]  actual and formal argument lists differ in length
/home/travis/build/EnterpriseQualityCoding/FizzBuzzEnterpriseEdition/src/test/java/com/seriouscompany/business/java/fizzbuzz/packagenamingpackage/impl/factories/TestNoFizzNoBuzzStrategyFactory.java:[20,66] error: constructor NoFizzNoBuzzStrategyFactory in class NoFizzNoBuzzStrategyFactory cannot be applied to given types;

[ERROR]  actual and formal argument lists differ in length
/home/travis/build/EnterpriseQualityCoding/FizzBuzzEnterpriseEdition/src/test/java/com/seriouscompany/business/java/fizzbuzz/packagenamingpackage/impl/factories/TestNoFizzNoBuzzStrategyFactory.java:[25,66] error: constructor NoFizzNoBuzzStrategyFactory in class NoFizzNoBuzzStrategyFactory cannot be applied to given types;

[ERROR]  actual and formal argument lists differ in length
/home/travis/build/EnterpriseQualityCoding/FizzBuzzEnterpriseEdition/src/test/java/com/seriouscompany/business/java/fizzbuzz/packagenamingpackage/impl/printers/TestBuzzStringPrinter.java:[19,46] error: constructor BuzzStringPrinter in class BuzzStringPrinter cannot be applied to given types;

[ERROR]  actual and formal argument lists differ in length
/home/travis/build/EnterpriseQualityCoding/FizzBuzzEnterpriseEdition/src/test/java/com/seriouscompany/business/java/fizzbuzz/packagenamingpackage/impl/factories/TestBuzzStringPrinterFactory.java:[19,60] error: constructor BuzzStringPrinterFactory in class BuzzStringPrinterFactory cannot be applied to given types;

[ERROR]  actual and formal argument lists differ in length
/home/travis/build/EnterpriseQualityCoding/FizzBuzzEnterpriseEdition/src/test/java/com/seriouscompany/business/java/fizzbuzz/packagenamingpackage/impl/printers/TestNewLinePrinter.java:[19,40] error: constructor NewLinePrinter in class NewLinePrinter cannot be applied to given types;

[ERROR]  actual and formal argument lists differ in length
/home/travis/build/EnterpriseQualityCoding/FizzBuzzEnterpriseEdition/src/test/java/com/seriouscompany/business/java/fizzbuzz/packagenamingpackage/impl/printers/TestFizzStringPrinter.java:[25,46] error: constructor FizzStringPrinter in class FizzStringPrinter cannot be applied to given types;

[ERROR]  actual and formal argument lists differ in length
/home/travis/build/EnterpriseQualityCoding/FizzBuzzEnterpriseEdition/src/test/java/com/seriouscompany/business/java/fizzbuzz/packagenamingpackage/impl/printers/TestFizzStringPrinter.java:[41,46] error: constructor FizzStringPrinter in class FizzStringPrinter cannot be applied to given types;

[ERROR]  actual and formal argument lists differ in length
/home/travis/build/EnterpriseQualityCoding/FizzBuzzEnterpriseEdition/src/test/java/com/seriouscompany/business/java/fizzbuzz/packagenamingpackage/impl/factories/TestEnterpriseGradeFizzBuzzSolutionStrategyFactory.java:[23,104] error: constructor EnterpriseGradeFizzBuzzSolutionStrategyFactory in class EnterpriseGradeFizzBuzzSolutionStrategyFactory cannot be applied to given types;

[ERROR]  actual and formal argument lists differ in length
/home/travis/build/EnterpriseQualityCoding/FizzBuzzEnterpriseEdition/src/test/java/com/seriouscompany/business/java/fizzbuzz/packagenamingpackage/impl/factories/TestEnterpriseGradeFizzBuzzSolutionStrategyFactory.java:[34,104] error: constructor EnterpriseGradeFizzBuzzSolutionStrategyFactory in class EnterpriseGradeFizzBuzzSolutionStrategyFactory cannot be applied to given types;

[ERROR]  actual and formal argument lists differ in length
/home/travis/build/EnterpriseQualityCoding/FizzBuzzEnterpriseEdition/src/test/java/com/seriouscompany/business/java/fizzbuzz/packagenamingpackage/impl/strategies/TestEnterpriseGradeFizzBuzzSolutionStrategy.java:[19,90] error: constructor EnterpriseGradeFizzBuzzSolutionStrategy in class EnterpriseGradeFizzBuzzSolutionStrategy cannot be applied to given types;

[ERROR]  actual and formal argument lists differ in length
/home/travis/build/EnterpriseQualityCoding/FizzBuzzEnterpriseEdition/src/test/java/com/seriouscompany/business/java/fizzbuzz/packagenamingpackage/impl/printers/TestBuzzPrinter.java:[19,34] error: constructor BuzzPrinter in class BuzzPrinter cannot be applied to given types;

[ERROR]  actual and formal argument lists differ in length
/home/travis/build/EnterpriseQualityCoding/FizzBuzzEnterpriseEdition/src/test/java/com/seriouscompany/business/java/fizzbuzz/packagenamingpackage/impl/factories/TestNewLineStringReturnerFactory.java:[23,68] error: constructor NewLineStringReturnerFactory in class NewLineStringReturnerFactory cannot be applied to given types;

[ERROR]  actual and formal argument lists differ in length
/home/travis/build/EnterpriseQualityCoding/FizzBuzzEnterpriseEdition/src/test/java/com/seriouscompany/business/java/fizzbuzz/packagenamingpackage/impl/factories/TestNewLineStringReturnerFactory.java:[34,68] error: constructor NewLineStringReturnerFactory in class NewLineStringReturnerFactory cannot be applied to given types;

[ERROR]  actual and formal argument lists differ in length
/home/travis/build/EnterpriseQualityCoding/FizzBuzzEnterpriseEdition/src/test/java/com/seriouscompany/business/java/fizzbuzz/packagenamingpackage/impl/printers/TestFizzPrinter.java:[19,34] error: constructor FizzPrinter in class FizzPrinter cannot be applied to given types;

[ERROR]  actual and formal argument lists differ in length
/home/travis/build/EnterpriseQualityCoding/FizzBuzzEnterpriseEdition/src/test/java/com/seriouscompany/business/java/fizzbuzz/packagenamingpackage/impl/printers/TestIntegerPrinter.java:[19,40] error: constructor IntegerPrinter in class IntegerPrinter cannot be applied to given types;

[ERROR]  actual and formal argument lists differ in length
/home/travis/build/EnterpriseQualityCoding/FizzBuzzEnterpriseEdition/src/test/java/com/seriouscompany/business/java/fizzbuzz/packagenamingpackage/impl/factories/TestFizzBuzzOutputGenerationContextVisitorFactory.java:[19,102] error: constructor FizzBuzzOutputGenerationContextVisitorFactory in class FizzBuzzOutputGenerationContextVisitorFactory cannot be applied to given types;

[ERROR]  actual and formal argument lists differ in length
/home/travis/build/EnterpriseQualityCoding/FizzBuzzEnterpriseEdition/src/test/java/com/seriouscompany/business/java/fizzbuzz/packagenamingpackage/impl/factories/TestLoopComponentFactory.java:[20,52] error: constructor LoopComponentFactory in class LoopComponentFactory cannot be applied to given types;

[ERROR]  actual and formal argument lists differ in length
/home/travis/build/EnterpriseQualityCoding/FizzBuzzEnterpriseEdition/src/test/java/com/seriouscompany/business/java/fizzbuzz/packagenamingpackage/impl/factories/TestLoopComponentFactory.java:[28,52] error: constructor LoopComponentFactory in class LoopComponentFactory cannot be applied to given types;

[ERROR]  actual and formal argument lists differ in length
/home/travis/build/EnterpriseQualityCoding/FizzBuzzEnterpriseEdition/src/test/java/com/seriouscompany/business/java/fizzbuzz/packagenamingpackage/impl/printers/TestIntegerIntegerPrinter.java:[26,54] error: constructor IntegerIntegerPrinter in class IntegerIntegerPrinter cannot be applied to given types;

[ERROR]  actual and formal argument lists differ in length
/home/travis/build/EnterpriseQualityCoding/FizzBuzzEnterpriseEdition/src/test/java/com/seriouscompany/business/java/fizzbuzz/packagenamingpackage/impl/printers/TestIntegerIntegerPrinter.java:[46,54] error: constructor IntegerIntegerPrinter in class IntegerIntegerPrinter cannot be applied to given types;

[ERROR]  actual and formal argument lists differ in length
/home/travis/build/EnterpriseQualityCoding/FizzBuzzEnterpriseEdition/src/test/java/com/seriouscompany/business/java/fizzbuzz/packagenamingpackage/impl/factories/TestIntegerIntegerStringReturnerFactory.java:[23,82] error: constructor IntegerIntegerStringReturnerFactory in class IntegerIntegerStringReturnerFactory cannot be applied to given types;

[ERROR]  actual and formal argument lists differ in length
/home/travis/build/EnterpriseQualityCoding/FizzBuzzEnterpriseEdition/src/test/java/com/seriouscompany/business/java/fizzbuzz/packagenamingpackage/impl/factories/TestIntegerIntegerStringReturnerFactory.java:[34,82] error: constructor IntegerIntegerStringReturnerFactory in class IntegerIntegerStringReturnerFactory cannot be applied to given types;

[ERROR]  actual and formal argument lists differ in length
/home/travis/build/EnterpriseQualityCoding/FizzBuzzEnterpriseEdition/src/test/java/com/seriouscompany/business/java/fizzbuzz/packagenamingpackage/impl/factories/TestIntegerIntegerPrinterFactory.java:[19,68] error: constructor IntegerIntegerPrinterFactory in class IntegerIntegerPrinterFactory cannot be applied to given types;

[ERROR]  actual and formal argument lists differ in length
/home/travis/build/EnterpriseQualityCoding/FizzBuzzEnterpriseEdition/src/test/java/com/seriouscompany/business/java/fizzbuzz/packagenamingpackage/impl/math/arithmetics/TestIntegerDivider.java:[19,40] error: constructor IntegerDivider in class IntegerDivider cannot be applied to given types;

[ERROR]  actual and formal argument lists differ in length
/home/travis/build/EnterpriseQualityCoding/FizzBuzzEnterpriseEdition/src/test/java/com/seriouscompany/business/java/fizzbuzz/packagenamingpackage/impl/factories/TestNewLineStringPrinterFactory.java:[19,66] error: constructor NewLineStringPrinterFactory in class NewLineStringPrinterFactory cannot be applied to given types;

[ERROR]  actual and formal argument lists differ in length
/home/travis/build/EnterpriseQualityCoding/FizzBuzzEnterpriseEdition/src/test/java/com/seriouscompany/business/java/fizzbuzz/packagenamingpackage/impl/factories/TestFizzStringPrinterFactory.java:[19,60] error: constructor FizzStringPrinterFactory in class FizzStringPrinterFactory cannot be applied to given types;

[ERROR]  actual and formal argument lists differ in length
/home/travis/build/EnterpriseQualityCoding/FizzBuzzEnterpriseEdition/src/test/java/com/seriouscompany/business/java/fizzbuzz/packagenamingpackage/impl/factories/TestFizzStrategyFactory.java:[19,50] error: constructor FizzStrategyFactory in class FizzStrategyFactory cannot be applied to given types;

[ERROR]  actual and formal argument lists differ in length
/home/travis/build/EnterpriseQualityCoding/FizzBuzzEnterpriseEdition/src/test/java/com/seriouscompany/business/java/fizzbuzz/packagenamingpackage/impl/printers/TestNewLineStringPrinter.java:[25,52] error: constructor NewLineStringPrinter in class NewLineStringPrinter cannot be applied to given types;

[ERROR]  actual and formal argument lists differ in length
/home/travis/build/EnterpriseQualityCoding/FizzBuzzEnterpriseEdition/src/test/java/com/seriouscompany/business/java/fizzbuzz/packagenamingpackage/impl/printers/TestNewLineStringPrinter.java:[42,52] error: constructor NewLineStringPrinter in class NewLineStringPrinter cannot be applied to given types;

[INFO] 39 errors 
[INFO] -------------------------------------------------------------
[INFO] ------------------------------------------------------------------------
[INFO] BUILD FAILURE
[INFO] ------------------------------------------------------------------------
[INFO] Total time: 14.850 s
[INFO] Finished at: 2015-10-19T05:48:27+00:00
[INFO] Final Memory: 26M/130M
[INFO] ------------------------------------------------------------------------
[ERROR] Failed to execute goal org.apache.maven.plugins:maven-compiler-plugin:2.3:testCompile (default-testCompile) on project FizzBuzzEnterpriseEdition: Compilation failure: Compilation failure:
[ERROR] /home/travis/build/EnterpriseQualityCoding/FizzBuzzEnterpriseEdition/src/test/java/com/seriouscompany/business/java/fizzbuzz/packagenamingpackage/impl/factories/TestBuzzStringReturnerFactory.java:[23,62] error: constructor BuzzStringReturnerFactory in class BuzzStringReturnerFactory cannot be applied to given types;
[ERROR] 
[ERROR] actual and formal argument lists differ in length
[ERROR] /home/travis/build/EnterpriseQualityCoding/FizzBuzzEnterpriseEdition/src/test/java/com/seriouscompany/business/java/fizzbuzz/packagenamingpackage/impl/factories/TestBuzzStringReturnerFactory.java:[34,62] error: constructor BuzzStringReturnerFactory in class BuzzStringReturnerFactory cannot be applied to given types;
[ERROR] 
[ERROR] actual and formal argument lists differ in length
[ERROR] /home/travis/build/EnterpriseQualityCoding/FizzBuzzEnterpriseEdition/src/test/java/com/seriouscompany/business/java/fizzbuzz/packagenamingpackage/impl/TestStandardFizzBuzz.java:[23,44] error: constructor StandardFizzBuzz in class StandardFizzBuzz cannot be applied to given types;
[ERROR] 
[ERROR] actual and formal argument lists differ in length
[ERROR] /home/travis/build/EnterpriseQualityCoding/FizzBuzzEnterpriseEdition/src/test/java/com/seriouscompany/business/java/fizzbuzz/packagenamingpackage/impl/TestStandardFizzBuzz.java:[39,44] error: constructor StandardFizzBuzz in class StandardFizzBuzz cannot be applied to given types;
[ERROR] 
[ERROR] actual and formal argument lists differ in length
[ERROR] /home/travis/build/EnterpriseQualityCoding/FizzBuzzEnterpriseEdition/src/test/java/com/seriouscompany/business/java/fizzbuzz/packagenamingpackage/impl/factories/TestFizzStringReturnerFactory.java:[23,62] error: constructor FizzStringReturnerFactory in class FizzStringReturnerFactory cannot be applied to given types;
[ERROR] 
[ERROR] actual and formal argument lists differ in length
[ERROR] /home/travis/build/EnterpriseQualityCoding/FizzBuzzEnterpriseEdition/src/test/java/com/seriouscompany/business/java/fizzbuzz/packagenamingpackage/impl/factories/TestFizzStringReturnerFactory.java:[34,62] error: constructor FizzStringReturnerFactory in class FizzStringReturnerFactory cannot be applied to given types;
[ERROR] 
[ERROR] actual and formal argument lists differ in length
[ERROR] /home/travis/build/EnterpriseQualityCoding/FizzBuzzEnterpriseEdition/src/test/java/com/seriouscompany/business/java/fizzbuzz/packagenamingpackage/impl/factories/TestBuzzStrategyFactory.java:[19,50] error: constructor BuzzStrategyFactory in class BuzzStrategyFactory cannot be applied to given types;
[ERROR] 
[ERROR] actual and formal argument lists differ in length
[ERROR] /home/travis/build/EnterpriseQualityCoding/FizzBuzzEnterpriseEdition/src/test/java/com/seriouscompany/business/java/fizzbuzz/packagenamingpackage/impl/strategies/TestSingleStepPayload.java:[23,46] error: constructor SingleStepPayload in class SingleStepPayload cannot be applied to given types;
[ERROR] 
[ERROR] actual and formal argument lists differ in length
[ERROR] /home/travis/build/EnterpriseQualityCoding/FizzBuzzEnterpriseEdition/src/test/java/com/seriouscompany/business/java/fizzbuzz/packagenamingpackage/impl/strategies/TestSingleStepPayload.java:[38,46] error: constructor SingleStepPayload in class SingleStepPayload cannot be applied to given types;
[ERROR] 
[ERROR] actual and formal argument lists differ in length
[ERROR] /home/travis/build/EnterpriseQualityCoding/FizzBuzzEnterpriseEdition/src/test/java/com/seriouscompany/business/java/fizzbuzz/packagenamingpackage/impl/factories/TestSystemOutFizzBuzzOutputStrategyFactory.java:[19,88] error: constructor SystemOutFizzBuzzOutputStrategyFactory in class SystemOutFizzBuzzOutputStrategyFactory cannot be applied to given types;
[ERROR] 
[ERROR] actual and formal argument lists differ in length
[ERROR] /home/travis/build/EnterpriseQualityCoding/FizzBuzzEnterpriseEdition/src/test/java/com/seriouscompany/business/java/fizzbuzz/packagenamingpackage/impl/factories/TestNoFizzNoBuzzStrategyFactory.java:[20,66] error: constructor NoFizzNoBuzzStrategyFactory in class NoFizzNoBuzzStrategyFactory cannot be applied to given types;
[ERROR] 
[ERROR] actual and formal argument lists differ in length
[ERROR] /home/travis/build/EnterpriseQualityCoding/FizzBuzzEnterpriseEdition/src/test/java/com/seriouscompany/business/java/fizzbuzz/packagenamingpackage/impl/factories/TestNoFizzNoBuzzStrategyFactory.java:[25,66] error: constructor NoFizzNoBuzzStrategyFactory in class NoFizzNoBuzzStrategyFactory cannot be applied to given types;
[ERROR] 
[ERROR] actual and formal argument lists differ in length
[ERROR] /home/travis/build/EnterpriseQualityCoding/FizzBuzzEnterpriseEdition/src/test/java/com/seriouscompany/business/java/fizzbuzz/packagenamingpackage/impl/printers/TestBuzzStringPrinter.java:[19,46] error: constructor BuzzStringPrinter in class BuzzStringPrinter cannot be applied to given types;
[ERROR] 
[ERROR] actual and formal argument lists differ in length
[ERROR] /home/travis/build/EnterpriseQualityCoding/FizzBuzzEnterpriseEdition/src/test/java/com/seriouscompany/business/java/fizzbuzz/packagenamingpackage/impl/factories/TestBuzzStringPrinterFactory.java:[19,60] error: constructor BuzzStringPrinterFactory in class BuzzStringPrinterFactory cannot be applied to given types;
[ERROR] 
[ERROR] actual and formal argument lists differ in length
[ERROR] /home/travis/build/EnterpriseQualityCoding/FizzBuzzEnterpriseEdition/src/test/java/com/seriouscompany/business/java/fizzbuzz/packagenamingpackage/impl/printers/TestNewLinePrinter.java:[19,40] error: constructor NewLinePrinter in class NewLinePrinter cannot be applied to given types;
[ERROR] 
[ERROR] actual and formal argument lists differ in length
[ERROR] /home/travis/build/EnterpriseQualityCoding/FizzBuzzEnterpriseEdition/src/test/java/com/seriouscompany/business/java/fizzbuzz/packagenamingpackage/impl/printers/TestFizzStringPrinter.java:[25,46] error: constructor FizzStringPrinter in class FizzStringPrinter cannot be applied to given types;
[ERROR] 
[ERROR] actual and formal argument lists differ in length
[ERROR] /home/travis/build/EnterpriseQualityCoding/FizzBuzzEnterpriseEdition/src/test/java/com/seriouscompany/business/java/fizzbuzz/packagenamingpackage/impl/printers/TestFizzStringPrinter.java:[41,46] error: constructor FizzStringPrinter in class FizzStringPrinter cannot be applied to given types;
[ERROR] 
[ERROR] actual and formal argument lists differ in length
[ERROR] /home/travis/build/EnterpriseQualityCoding/FizzBuzzEnterpriseEdition/src/test/java/com/seriouscompany/business/java/fizzbuzz/packagenamingpackage/impl/factories/TestEnterpriseGradeFizzBuzzSolutionStrategyFactory.java:[23,104] error: constructor EnterpriseGradeFizzBuzzSolutionStrategyFactory in class EnterpriseGradeFizzBuzzSolutionStrategyFactory cannot be applied to given types;
[ERROR] 
[ERROR] actual and formal argument lists differ in length
[ERROR] /home/travis/build/EnterpriseQualityCoding/FizzBuzzEnterpriseEdition/src/test/java/com/seriouscompany/business/java/fizzbuzz/packagenamingpackage/impl/factories/TestEnterpriseGradeFizzBuzzSolutionStrategyFactory.java:[34,104] error: constructor EnterpriseGradeFizzBuzzSolutionStrategyFactory in class EnterpriseGradeFizzBuzzSolutionStrategyFactory cannot be applied to given types;
[ERROR] 
[ERROR] actual and formal argument lists differ in length
[ERROR] /home/travis/build/EnterpriseQualityCoding/FizzBuzzEnterpriseEdition/src/test/java/com/seriouscompany/business/java/fizzbuzz/packagenamingpackage/impl/strategies/TestEnterpriseGradeFizzBuzzSolutionStrategy.java:[19,90] error: constructor EnterpriseGradeFizzBuzzSolutionStrategy in class EnterpriseGradeFizzBuzzSolutionStrategy cannot be applied to given types;
[ERROR] 
[ERROR] actual and formal argument lists differ in length
[ERROR] /home/travis/build/EnterpriseQualityCoding/FizzBuzzEnterpriseEdition/src/test/java/com/seriouscompany/business/java/fizzbuzz/packagenamingpackage/impl/printers/TestBuzzPrinter.java:[19,34] error: constructor BuzzPrinter in class BuzzPrinter cannot be applied to given types;
[ERROR] 
[ERROR] actual and formal argument lists differ in length
[ERROR] /home/travis/build/EnterpriseQualityCoding/FizzBuzzEnterpriseEdition/src/test/java/com/seriouscompany/business/java/fizzbuzz/packagenamingpackage/impl/factories/TestNewLineStringReturnerFactory.java:[23,68] error: constructor NewLineStringReturnerFactory in class NewLineStringReturnerFactory cannot be applied to given types;
[ERROR] 
[ERROR] actual and formal argument lists differ in length
[ERROR] /home/travis/build/EnterpriseQualityCoding/FizzBuzzEnterpriseEdition/src/test/java/com/seriouscompany/business/java/fizzbuzz/packagenamingpackage/impl/factories/TestNewLineStringReturnerFactory.java:[34,68] error: constructor NewLineStringReturnerFactory in class NewLineStringReturnerFactory cannot be applied to given types;
[ERROR] 
[ERROR] actual and formal argument lists differ in length
[ERROR] /home/travis/build/EnterpriseQualityCoding/FizzBuzzEnterpriseEdition/src/test/java/com/seriouscompany/business/java/fizzbuzz/packagenamingpackage/impl/printers/TestFizzPrinter.java:[19,34] error: constructor FizzPrinter in class FizzPrinter cannot be applied to given types;
[ERROR] 
[ERROR] actual and formal argument lists differ in length
[ERROR] /home/travis/build/EnterpriseQualityCoding/FizzBuzzEnterpriseEdition/src/test/java/com/seriouscompany/business/java/fizzbuzz/packagenamingpackage/impl/printers/TestIntegerPrinter.java:[19,40] error: constructor IntegerPrinter in class IntegerPrinter cannot be applied to given types;
[ERROR] 
[ERROR] actual and formal argument lists differ in length
[ERROR] /home/travis/build/EnterpriseQualityCoding/FizzBuzzEnterpriseEdition/src/test/java/com/seriouscompany/business/java/fizzbuzz/packagenamingpackage/impl/factories/TestFizzBuzzOutputGenerationContextVisitorFactory.java:[19,102] error: constructor FizzBuzzOutputGenerationContextVisitorFactory in class FizzBuzzOutputGenerationContextVisitorFactory cannot be applied to given types;
[ERROR] 
[ERROR] actual and formal argument lists differ in length
[ERROR] /home/travis/build/EnterpriseQualityCoding/FizzBuzzEnterpriseEdition/src/test/java/com/seriouscompany/business/java/fizzbuzz/packagenamingpackage/impl/factories/TestLoopComponentFactory.java:[20,52] error: constructor LoopComponentFactory in class LoopComponentFactory cannot be applied to given types;
[ERROR] 
[ERROR] actual and formal argument lists differ in length
[ERROR] /home/travis/build/EnterpriseQualityCoding/FizzBuzzEnterpriseEdition/src/test/java/com/seriouscompany/business/java/fizzbuzz/packagenamingpackage/impl/factories/TestLoopComponentFactory.java:[28,52] error: constructor LoopComponentFactory in class LoopComponentFactory cannot be applied to given types;
[ERROR] 
[ERROR] actual and formal argument lists differ in length
[ERROR] /home/travis/build/EnterpriseQualityCoding/FizzBuzzEnterpriseEdition/src/test/java/com/seriouscompany/business/java/fizzbuzz/packagenamingpackage/impl/printers/TestIntegerIntegerPrinter.java:[26,54] error: constructor IntegerIntegerPrinter in class IntegerIntegerPrinter cannot be applied to given types;
[ERROR] 
[ERROR] actual and formal argument lists differ in length
[ERROR] /home/travis/build/EnterpriseQualityCoding/FizzBuzzEnterpriseEdition/src/test/java/com/seriouscompany/business/java/fizzbuzz/packagenamingpackage/impl/printers/TestIntegerIntegerPrinter.java:[46,54] error: constructor IntegerIntegerPrinter in class IntegerIntegerPrinter cannot be applied to given types;
[ERROR] 
[ERROR] actual and formal argument lists differ in length
[ERROR] /home/travis/build/EnterpriseQualityCoding/FizzBuzzEnterpriseEdition/src/test/java/com/seriouscompany/business/java/fizzbuzz/packagenamingpackage/impl/factories/TestIntegerIntegerStringReturnerFactory.java:[23,82] error: constructor IntegerIntegerStringReturnerFactory in class IntegerIntegerStringReturnerFactory cannot be applied to given types;
[ERROR] 
[ERROR] actual and formal argument lists differ in length
[ERROR] /home/travis/build/EnterpriseQualityCoding/FizzBuzzEnterpriseEdition/src/test/java/com/seriouscompany/business/java/fizzbuzz/packagenamingpackage/impl/factories/TestIntegerIntegerStringReturnerFactory.java:[34,82] error: constructor IntegerIntegerStringReturnerFactory in class IntegerIntegerStringReturnerFactory cannot be applied to given types;
[ERROR] 
[ERROR] actual and formal argument lists differ in length
[ERROR] /home/travis/build/EnterpriseQualityCoding/FizzBuzzEnterpriseEdition/src/test/java/com/seriouscompany/business/java/fizzbuzz/packagenamingpackage/impl/factories/TestIntegerIntegerPrinterFactory.java:[19,68] error: constructor IntegerIntegerPrinterFactory in class IntegerIntegerPrinterFactory cannot be applied to given types;
[ERROR] 
[ERROR] actual and formal argument lists differ in length
[ERROR] /home/travis/build/EnterpriseQualityCoding/FizzBuzzEnterpriseEdition/src/test/java/com/seriouscompany/business/java/fizzbuzz/packagenamingpackage/impl/math/arithmetics/TestIntegerDivider.java:[19,40] error: constructor IntegerDivider in class IntegerDivider cannot be applied to given types;
[ERROR] 
[ERROR] actual and formal argument lists differ in length
[ERROR] /home/travis/build/EnterpriseQualityCoding/FizzBuzzEnterpriseEdition/src/test/java/com/seriouscompany/business/java/fizzbuzz/packagenamingpackage/impl/factories/TestNewLineStringPrinterFactory.java:[19,66] error: constructor NewLineStringPrinterFactory in class NewLineStringPrinterFactory cannot be applied to given types;
[ERROR] 
[ERROR] actual and formal argument lists differ in length
[ERROR] /home/travis/build/EnterpriseQualityCoding/FizzBuzzEnterpriseEdition/src/test/java/com/seriouscompany/business/java/fizzbuzz/packagenamingpackage/impl/factories/TestFizzStringPrinterFactory.java:[19,60] error: constructor FizzStringPrinterFactory in class FizzStringPrinterFactory cannot be applied to given types;
[ERROR] 
[ERROR] actual and formal argument lists differ in length
[ERROR] /home/travis/build/EnterpriseQualityCoding/FizzBuzzEnterpriseEdition/src/test/java/com/seriouscompany/business/java/fizzbuzz/packagenamingpackage/impl/factories/TestFizzStrategyFactory.java:[19,50] error: constructor FizzStrategyFactory in class FizzStrategyFactory cannot be applied to given types;
[ERROR] 
[ERROR] actual and formal argument lists differ in length
[ERROR] /home/travis/build/EnterpriseQualityCoding/FizzBuzzEnterpriseEdition/src/test/java/com/seriouscompany/business/java/fizzbuzz/packagenamingpackage/impl/printers/TestNewLineStringPrinter.java:[25,52] error: constructor NewLineStringPrinter in class NewLineStringPrinter cannot be applied to given types;
[ERROR] 
[ERROR] actual and formal argument lists differ in length
[ERROR] /home/travis/build/EnterpriseQualityCoding/FizzBuzzEnterpriseEdition/src/test/java/com/seriouscompany/business/java/fizzbuzz/packagenamingpackage/impl/printers/TestNewLineStringPrinter.java:[42,52] error: constructor NewLineStringPrinter in class NewLineStringPrinter cannot be applied to given types;
[ERROR] -> [Help 1]
[ERROR] 
[ERROR] To see the full stack trace of the errors, re-run Maven with the -e switch.
[ERROR] Re-run Maven using the -X switch to enable full debug logging.
[ERROR] 
[ERROR] For more information about the errors and possible solutions, please read the following articles:
[ERROR] [Help 1] http://cwiki.apache.org/confluence/display/MAVEN/MojoFailureException

[31;1mThe command "eval mvn install -DskipTests=true -Dmaven.javadoc.skip=true -B -V" failed. Retrying, 2 of 3.[0m

Apache Maven 3.2.5 (12a6b3acb947671f09b81f49094c53f426d8cea1; 2014-12-14T17:29:23+00:00)
Maven home: /usr/local/maven
Java version: 1.7.0_75, vendor: Oracle Corporation
Java home: /usr/lib/jvm/java-7-openjdk-amd64/jre
Default locale: en_US, platform encoding: UTF-8
OS name: "linux", version: "2.6.32-042stab108.8", arch: "amd64", family: "unix"
[INFO] Scanning for projects...
[INFO]                                                                         
[INFO] ------------------------------------------------------------------------
[INFO] Building FizzBuzz Enterprise Edition 1.0-SNAPSHOT
[INFO] ------------------------------------------------------------------------
[INFO] 
[INFO] --- jacoco-maven-plugin:0.5.8.201207111220:prepare-agent (default) @ FizzBuzzEnterpriseEdition ---
[INFO] argLine set to -javaagent:/home/travis/.m2/repository/org/jacoco/org.jacoco.agent/0.5.8.201207111220/org.jacoco.agent-0.5.8.201207111220-runtime.jar=destfile=/home/travis/build/EnterpriseQualityCoding/FizzBuzzEnterpriseEdition/target/jacoco.exec
[INFO] 
[INFO] --- maven-resources-plugin:2.6:resources (default-resources) @ FizzBuzzEnterpriseEdition ---
[INFO] Using 'UTF-8' encoding to copy filtered resources.
[INFO] Copying 1 resource
[INFO] 
[INFO] --- maven-compiler-plugin:2.3:compile (default-compile) @ FizzBuzzEnterpriseEdition ---
[INFO] Nothing to compile - all classes are up to date
[INFO] 
[INFO] --- maven-resources-plugin:2.6:testResources (default-testResources) @ FizzBuzzEnterpriseEdition ---
[INFO] Using 'UTF-8' encoding to copy filtered resources.
[INFO] skip non existing resourceDirectory /home/travis/build/EnterpriseQualityCoding/FizzBuzzEnterpriseEdition/src/test/resources
[INFO] 
[INFO] --- maven-compiler-plugin:2.3:testCompile (default-testCompile) @ FizzBuzzEnterpriseEdition ---
[INFO] Compiling 57 source files to /home/travis/build/EnterpriseQualityCoding/FizzBuzzEnterpriseEdition/target/test-classes
[INFO] -------------------------------------------------------------
[ERROR] COMPILATION ERROR : 
[INFO] -------------------------------------------------------------
[ERROR] /home/travis/build/EnterpriseQualityCoding/FizzBuzzEnterpriseEdition/src/test/java/com/seriouscompany/business/java/fizzbuzz/packagenamingpackage/impl/factories/TestBuzzStringReturnerFactory.java:[23,62] error: constructor BuzzStringReturnerFactory in class BuzzStringReturnerFactory cannot be applied to given types;

[ERROR]  actual and formal argument lists differ in length
/home/travis/build/EnterpriseQualityCoding/FizzBuzzEnterpriseEdition/src/test/java/com/seriouscompany/business/java/fizzbuzz/packagenamingpackage/impl/factories/TestBuzzStringReturnerFactory.java:[34,62] error: constructor BuzzStringReturnerFactory in class BuzzStringReturnerFactory cannot be applied to given types;

[ERROR]  actual and formal argument lists differ in length
/home/travis/build/EnterpriseQualityCoding/FizzBuzzEnterpriseEdition/src/test/java/com/seriouscompany/business/java/fizzbuzz/packagenamingpackage/impl/TestStandardFizzBuzz.java:[23,44] error: constructor StandardFizzBuzz in class StandardFizzBuzz cannot be applied to given types;

[ERROR]  actual and formal argument lists differ in length
/home/travis/build/EnterpriseQualityCoding/FizzBuzzEnterpriseEdition/src/test/java/com/seriouscompany/business/java/fizzbuzz/packagenamingpackage/impl/TestStandardFizzBuzz.java:[39,44] error: constructor StandardFizzBuzz in class StandardFizzBuzz cannot be applied to given types;

[ERROR]  actual and formal argument lists differ in length
/home/travis/build/EnterpriseQualityCoding/FizzBuzzEnterpriseEdition/src/test/java/com/seriouscompany/business/java/fizzbuzz/packagenamingpackage/impl/factories/TestFizzStringReturnerFactory.java:[23,62] error: constructor FizzStringReturnerFactory in class FizzStringReturnerFactory cannot be applied to given types;

[ERROR]  actual and formal argument lists differ in length
/home/travis/build/EnterpriseQualityCoding/FizzBuzzEnterpriseEdition/src/test/java/com/seriouscompany/business/java/fizzbuzz/packagenamingpackage/impl/factories/TestFizzStringReturnerFactory.java:[34,62] error: constructor FizzStringReturnerFactory in class FizzStringReturnerFactory cannot be applied to given types;

[ERROR]  actual and formal argument lists differ in length
/home/travis/build/EnterpriseQualityCoding/FizzBuzzEnterpriseEdition/src/test/java/com/seriouscompany/business/java/fizzbuzz/packagenamingpackage/impl/factories/TestBuzzStrategyFactory.java:[19,50] error: constructor BuzzStrategyFactory in class BuzzStrategyFactory cannot be applied to given types;

[ERROR]  actual and formal argument lists differ in length
/home/travis/build/EnterpriseQualityCoding/FizzBuzzEnterpriseEdition/src/test/java/com/seriouscompany/business/java/fizzbuzz/packagenamingpackage/impl/strategies/TestSingleStepPayload.java:[23,46] error: constructor SingleStepPayload in class SingleStepPayload cannot be applied to given types;

[ERROR]  actual and formal argument lists differ in length
/home/travis/build/EnterpriseQualityCoding/FizzBuzzEnterpriseEdition/src/test/java/com/seriouscompany/business/java/fizzbuzz/packagenamingpackage/impl/strategies/TestSingleStepPayload.java:[38,46] error: constructor SingleStepPayload in class SingleStepPayload cannot be applied to given types;

[ERROR]  actual and formal argument lists differ in length
/home/travis/build/EnterpriseQualityCoding/FizzBuzzEnterpriseEdition/src/test/java/com/seriouscompany/business/java/fizzbuzz/packagenamingpackage/impl/factories/TestSystemOutFizzBuzzOutputStrategyFactory.java:[19,88] error: constructor SystemOutFizzBuzzOutputStrategyFactory in class SystemOutFizzBuzzOutputStrategyFactory cannot be applied to given types;

[ERROR]  actual and formal argument lists differ in length
/home/travis/build/EnterpriseQualityCoding/FizzBuzzEnterpriseEdition/src/test/java/com/seriouscompany/business/java/fizzbuzz/packagenamingpackage/impl/factories/TestNoFizzNoBuzzStrategyFactory.java:[20,66] error: constructor NoFizzNoBuzzStrategyFactory in class NoFizzNoBuzzStrategyFactory cannot be applied to given types;

[ERROR]  actual and formal argument lists differ in length
/home/travis/build/EnterpriseQualityCoding/FizzBuzzEnterpriseEdition/src/test/java/com/seriouscompany/business/java/fizzbuzz/packagenamingpackage/impl/factories/TestNoFizzNoBuzzStrategyFactory.java:[25,66] error: constructor NoFizzNoBuzzStrategyFactory in class NoFizzNoBuzzStrategyFactory cannot be applied to given types;

[ERROR]  actual and formal argument lists differ in length
/home/travis/build/EnterpriseQualityCoding/FizzBuzzEnterpriseEdition/src/test/java/com/seriouscompany/business/java/fizzbuzz/packagenamingpackage/impl/printers/TestBuzzStringPrinter.java:[19,46] error: constructor BuzzStringPrinter in class BuzzStringPrinter cannot be applied to given types;

[ERROR]  actual and formal argument lists differ in length
/home/travis/build/EnterpriseQualityCoding/FizzBuzzEnterpriseEdition/src/test/java/com/seriouscompany/business/java/fizzbuzz/packagenamingpackage/impl/factories/TestBuzzStringPrinterFactory.java:[19,60] error: constructor BuzzStringPrinterFactory in class BuzzStringPrinterFactory cannot be applied to given types;

[ERROR]  actual and formal argument lists differ in length
/home/travis/build/EnterpriseQualityCoding/FizzBuzzEnterpriseEdition/src/test/java/com/seriouscompany/business/java/fizzbuzz/packagenamingpackage/impl/printers/TestNewLinePrinter.java:[19,40] error: constructor NewLinePrinter in class NewLinePrinter cannot be applied to given types;

[ERROR]  actual and formal argument lists differ in length
/home/travis/build/EnterpriseQualityCoding/FizzBuzzEnterpriseEdition/src/test/java/com/seriouscompany/business/java/fizzbuzz/packagenamingpackage/impl/printers/TestFizzStringPrinter.java:[25,46] error: constructor FizzStringPrinter in class FizzStringPrinter cannot be applied to given types;

[ERROR]  actual and formal argument lists differ in length
/home/travis/build/EnterpriseQualityCoding/FizzBuzzEnterpriseEdition/src/test/java/com/seriouscompany/business/java/fizzbuzz/packagenamingpackage/impl/printers/TestFizzStringPrinter.java:[41,46] error: constructor FizzStringPrinter in class FizzStringPrinter cannot be applied to given types;

[ERROR]  actual and formal argument lists differ in length
/home/travis/build/EnterpriseQualityCoding/FizzBuzzEnterpriseEdition/src/test/java/com/seriouscompany/business/java/fizzbuzz/packagenamingpackage/impl/factories/TestEnterpriseGradeFizzBuzzSolutionStrategyFactory.java:[23,104] error: constructor EnterpriseGradeFizzBuzzSolutionStrategyFactory in class EnterpriseGradeFizzBuzzSolutionStrategyFactory cannot be applied to given types;

[ERROR]  actual and formal argument lists differ in length
/home/travis/build/EnterpriseQualityCoding/FizzBuzzEnterpriseEdition/src/test/java/com/seriouscompany/business/java/fizzbuzz/packagenamingpackage/impl/factories/TestEnterpriseGradeFizzBuzzSolutionStrategyFactory.java:[34,104] error: constructor EnterpriseGradeFizzBuzzSolutionStrategyFactory in class EnterpriseGradeFizzBuzzSolutionStrategyFactory cannot be applied to given types;

[ERROR]  actual and formal argument lists differ in length
/home/travis/build/EnterpriseQualityCoding/FizzBuzzEnterpriseEdition/src/test/java/com/seriouscompany/business/java/fizzbuzz/packagenamingpackage/impl/strategies/TestEnterpriseGradeFizzBuzzSolutionStrategy.java:[19,90] error: constructor EnterpriseGradeFizzBuzzSolutionStrategy in class EnterpriseGradeFizzBuzzSolutionStrategy cannot be applied to given types;

[ERROR]  actual and formal argument lists differ in length
/home/travis/build/EnterpriseQualityCoding/FizzBuzzEnterpriseEdition/src/test/java/com/seriouscompany/business/java/fizzbuzz/packagenamingpackage/impl/printers/TestBuzzPrinter.java:[19,34] error: constructor BuzzPrinter in class BuzzPrinter cannot be applied to given types;

[ERROR]  actual and formal argument lists differ in length
/home/travis/build/EnterpriseQualityCoding/FizzBuzzEnterpriseEdition/src/test/java/com/seriouscompany/business/java/fizzbuzz/packagenamingpackage/impl/factories/TestNewLineStringReturnerFactory.java:[23,68] error: constructor NewLineStringReturnerFactory in class NewLineStringReturnerFactory cannot be applied to given types;

[ERROR]  actual and formal argument lists differ in length
/home/travis/build/EnterpriseQualityCoding/FizzBuzzEnterpriseEdition/src/test/java/com/seriouscompany/business/java/fizzbuzz/packagenamingpackage/impl/factories/TestNewLineStringReturnerFactory.java:[34,68] error: constructor NewLineStringReturnerFactory in class NewLineStringReturnerFactory cannot be applied to given types;

[ERROR]  actual and formal argument lists differ in length
/home/travis/build/EnterpriseQualityCoding/FizzBuzzEnterpriseEdition/src/test/java/com/seriouscompany/business/java/fizzbuzz/packagenamingpackage/impl/printers/TestFizzPrinter.java:[19,34] error: constructor FizzPrinter in class FizzPrinter cannot be applied to given types;

[ERROR]  actual and formal argument lists differ in length
/home/travis/build/EnterpriseQualityCoding/FizzBuzzEnterpriseEdition/src/test/java/com/seriouscompany/business/java/fizzbuzz/packagenamingpackage/impl/printers/TestIntegerPrinter.java:[19,40] error: constructor IntegerPrinter in class IntegerPrinter cannot be applied to given types;

[ERROR]  actual and formal argument lists differ in length
/home/travis/build/EnterpriseQualityCoding/FizzBuzzEnterpriseEdition/src/test/java/com/seriouscompany/business/java/fizzbuzz/packagenamingpackage/impl/factories/TestFizzBuzzOutputGenerationContextVisitorFactory.java:[19,102] error: constructor FizzBuzzOutputGenerationContextVisitorFactory in class FizzBuzzOutputGenerationContextVisitorFactory cannot be applied to given types;

[ERROR]  actual and formal argument lists differ in length
/home/travis/build/EnterpriseQualityCoding/FizzBuzzEnterpriseEdition/src/test/java/com/seriouscompany/business/java/fizzbuzz/packagenamingpackage/impl/factories/TestLoopComponentFactory.java:[20,52] error: constructor LoopComponentFactory in class LoopComponentFactory cannot be applied to given types;

[ERROR]  actual and formal argument lists differ in length
/home/travis/build/EnterpriseQualityCoding/FizzBuzzEnterpriseEdition/src/test/java/com/seriouscompany/business/java/fizzbuzz/packagenamingpackage/impl/factories/TestLoopComponentFactory.java:[28,52] error: constructor LoopComponentFactory in class LoopComponentFactory cannot be applied to given types;

[ERROR]  actual and formal argument lists differ in length
/home/travis/build/EnterpriseQualityCoding/FizzBuzzEnterpriseEdition/src/test/java/com/seriouscompany/business/java/fizzbuzz/packagenamingpackage/impl/printers/TestIntegerIntegerPrinter.java:[26,54] error: constructor IntegerIntegerPrinter in class IntegerIntegerPrinter cannot be applied to given types;

[ERROR]  actual and formal argument lists differ in length
/home/travis/build/EnterpriseQualityCoding/FizzBuzzEnterpriseEdition/src/test/java/com/seriouscompany/business/java/fizzbuzz/packagenamingpackage/impl/printers/TestIntegerIntegerPrinter.java:[46,54] error: constructor IntegerIntegerPrinter in class IntegerIntegerPrinter cannot be applied to given types;

[ERROR]  actual and formal argument lists differ in length
/home/travis/build/EnterpriseQualityCoding/FizzBuzzEnterpriseEdition/src/test/java/com/seriouscompany/business/java/fizzbuzz/packagenamingpackage/impl/factories/TestIntegerIntegerStringReturnerFactory.java:[23,82] error: constructor IntegerIntegerStringReturnerFactory in class IntegerIntegerStringReturnerFactory cannot be applied to given types;

[ERROR]  actual and formal argument lists differ in length
/home/travis/build/EnterpriseQualityCoding/FizzBuzzEnterpriseEdition/src/test/java/com/seriouscompany/business/java/fizzbuzz/packagenamingpackage/impl/factories/TestIntegerIntegerStringReturnerFactory.java:[34,82] error: constructor IntegerIntegerStringReturnerFactory in class IntegerIntegerStringReturnerFactory cannot be applied to given types;

[ERROR]  actual and formal argument lists differ in length
/home/travis/build/EnterpriseQualityCoding/FizzBuzzEnterpriseEdition/src/test/java/com/seriouscompany/business/java/fizzbuzz/packagenamingpackage/impl/factories/TestIntegerIntegerPrinterFactory.java:[19,68] error: constructor IntegerIntegerPrinterFactory in class IntegerIntegerPrinterFactory cannot be applied to given types;

[ERROR]  actual and formal argument lists differ in length
/home/travis/build/EnterpriseQualityCoding/FizzBuzzEnterpriseEdition/src/test/java/com/seriouscompany/business/java/fizzbuzz/packagenamingpackage/impl/math/arithmetics/TestIntegerDivider.java:[19,40] error: constructor IntegerDivider in class IntegerDivider cannot be applied to given types;

[ERROR]  actual and formal argument lists differ in length
/home/travis/build/EnterpriseQualityCoding/FizzBuzzEnterpriseEdition/src/test/java/com/seriouscompany/business/java/fizzbuzz/packagenamingpackage/impl/factories/TestNewLineStringPrinterFactory.java:[19,66] error: constructor NewLineStringPrinterFactory in class NewLineStringPrinterFactory cannot be applied to given types;

[ERROR]  actual and formal argument lists differ in length
/home/travis/build/EnterpriseQualityCoding/FizzBuzzEnterpriseEdition/src/test/java/com/seriouscompany/business/java/fizzbuzz/packagenamingpackage/impl/factories/TestFizzStringPrinterFactory.java:[19,60] error: constructor FizzStringPrinterFactory in class FizzStringPrinterFactory cannot be applied to given types;

[ERROR]  actual and formal argument lists differ in length
/home/travis/build/EnterpriseQualityCoding/FizzBuzzEnterpriseEdition/src/test/java/com/seriouscompany/business/java/fizzbuzz/packagenamingpackage/impl/factories/TestFizzStrategyFactory.java:[19,50] error: constructor FizzStrategyFactory in class FizzStrategyFactory cannot be applied to given types;

[ERROR]  actual and formal argument lists differ in length
/home/travis/build/EnterpriseQualityCoding/FizzBuzzEnterpriseEdition/src/test/java/com/seriouscompany/business/java/fizzbuzz/packagenamingpackage/impl/printers/TestNewLineStringPrinter.java:[25,52] error: constructor NewLineStringPrinter in class NewLineStringPrinter cannot be applied to given types;

[ERROR]  actual and formal argument lists differ in length
/home/travis/build/EnterpriseQualityCoding/FizzBuzzEnterpriseEdition/src/test/java/com/seriouscompany/business/java/fizzbuzz/packagenamingpackage/impl/printers/TestNewLineStringPrinter.java:[42,52] error: constructor NewLineStringPrinter in class NewLineStringPrinter cannot be applied to given types;

[INFO] 39 errors 
[INFO] -------------------------------------------------------------
[INFO] ------------------------------------------------------------------------
[INFO] BUILD FAILURE
[INFO] ------------------------------------------------------------------------
[INFO] Total time: 4.217 s
[INFO] Finished at: 2015-10-19T05:48:35+00:00
[INFO] Final Memory: 14M/135M
[INFO] ------------------------------------------------------------------------
[ERROR] Failed to execute goal org.apache.maven.plugins:maven-compiler-plugin:2.3:testCompile (default-testCompile) on project FizzBuzzEnterpriseEdition: Compilation failure: Compilation failure:
[ERROR] /home/travis/build/EnterpriseQualityCoding/FizzBuzzEnterpriseEdition/src/test/java/com/seriouscompany/business/java/fizzbuzz/packagenamingpackage/impl/factories/TestBuzzStringReturnerFactory.java:[23,62] error: constructor BuzzStringReturnerFactory in class BuzzStringReturnerFactory cannot be applied to given types;
[ERROR] 
[ERROR] actual and formal argument lists differ in length
[ERROR] /home/travis/build/EnterpriseQualityCoding/FizzBuzzEnterpriseEdition/src/test/java/com/seriouscompany/business/java/fizzbuzz/packagenamingpackage/impl/factories/TestBuzzStringReturnerFactory.java:[34,62] error: constructor BuzzStringReturnerFactory in class BuzzStringReturnerFactory cannot be applied to given types;
[ERROR] 
[ERROR] actual and formal argument lists differ in length
[ERROR] /home/travis/build/EnterpriseQualityCoding/FizzBuzzEnterpriseEdition/src/test/java/com/seriouscompany/business/java/fizzbuzz/packagenamingpackage/impl/TestStandardFizzBuzz.java:[23,44] error: constructor StandardFizzBuzz in class StandardFizzBuzz cannot be applied to given types;
[ERROR] 
[ERROR] actual and formal argument lists differ in length
[ERROR] /home/travis/build/EnterpriseQualityCoding/FizzBuzzEnterpriseEdition/src/test/java/com/seriouscompany/business/java/fizzbuzz/packagenamingpackage/impl/TestStandardFizzBuzz.java:[39,44] error: constructor StandardFizzBuzz in class StandardFizzBuzz cannot be applied to given types;
[ERROR] 
[ERROR] actual and formal argument lists differ in length
[ERROR] /home/travis/build/EnterpriseQualityCoding/FizzBuzzEnterpriseEdition/src/test/java/com/seriouscompany/business/java/fizzbuzz/packagenamingpackage/impl/factories/TestFizzStringReturnerFactory.java:[23,62] error: constructor FizzStringReturnerFactory in class FizzStringReturnerFactory cannot be applied to given types;
[ERROR] 
[ERROR] actual and formal argument lists differ in length
[ERROR] /home/travis/build/EnterpriseQualityCoding/FizzBuzzEnterpriseEdition/src/test/java/com/seriouscompany/business/java/fizzbuzz/packagenamingpackage/impl/factories/TestFizzStringReturnerFactory.java:[34,62] error: constructor FizzStringReturnerFactory in class FizzStringReturnerFactory cannot be applied to given types;
[ERROR] 
[ERROR] actual and formal argument lists differ in length
[ERROR] /home/travis/build/EnterpriseQualityCoding/FizzBuzzEnterpriseEdition/src/test/java/com/seriouscompany/business/java/fizzbuzz/packagenamingpackage/impl/factories/TestBuzzStrategyFactory.java:[19,50] error: constructor BuzzStrategyFactory in class BuzzStrategyFactory cannot be applied to given types;
[ERROR] 
[ERROR] actual and formal argument lists differ in length
[ERROR] /home/travis/build/EnterpriseQualityCoding/FizzBuzzEnterpriseEdition/src/test/java/com/seriouscompany/business/java/fizzbuzz/packagenamingpackage/impl/strategies/TestSingleStepPayload.java:[23,46] error: constructor SingleStepPayload in class SingleStepPayload cannot be applied to given types;
[ERROR] 
[ERROR] actual and formal argument lists differ in length
[ERROR] /home/travis/build/EnterpriseQualityCoding/FizzBuzzEnterpriseEdition/src/test/java/com/seriouscompany/business/java/fizzbuzz/packagenamingpackage/impl/strategies/TestSingleStepPayload.java:[38,46] error: constructor SingleStepPayload in class SingleStepPayload cannot be applied to given types;
[ERROR] 
[ERROR] actual and formal argument lists differ in length
[ERROR] /home/travis/build/EnterpriseQualityCoding/FizzBuzzEnterpriseEdition/src/test/java/com/seriouscompany/business/java/fizzbuzz/packagenamingpackage/impl/factories/TestSystemOutFizzBuzzOutputStrategyFactory.java:[19,88] error: constructor SystemOutFizzBuzzOutputStrategyFactory in class SystemOutFizzBuzzOutputStrategyFactory cannot be applied to given types;
[ERROR] 
[ERROR] actual and formal argument lists differ in length
[ERROR] /home/travis/build/EnterpriseQualityCoding/FizzBuzzEnterpriseEdition/src/test/java/com/seriouscompany/business/java/fizzbuzz/packagenamingpackage/impl/factories/TestNoFizzNoBuzzStrategyFactory.java:[20,66] error: constructor NoFizzNoBuzzStrategyFactory in class NoFizzNoBuzzStrategyFactory cannot be applied to given types;
[ERROR] 
[ERROR] actual and formal argument lists differ in length
[ERROR] /home/travis/build/EnterpriseQualityCoding/FizzBuzzEnterpriseEdition/src/test/java/com/seriouscompany/business/java/fizzbuzz/packagenamingpackage/impl/factories/TestNoFizzNoBuzzStrategyFactory.java:[25,66] error: constructor NoFizzNoBuzzStrategyFactory in class NoFizzNoBuzzStrategyFactory cannot be applied to given types;
[ERROR] 
[ERROR] actual and formal argument lists differ in length
[ERROR] /home/travis/build/EnterpriseQualityCoding/FizzBuzzEnterpriseEdition/src/test/java/com/seriouscompany/business/java/fizzbuzz/packagenamingpackage/impl/printers/TestBuzzStringPrinter.java:[19,46] error: constructor BuzzStringPrinter in class BuzzStringPrinter cannot be applied to given types;
[ERROR] 
[ERROR] actual and formal argument lists differ in length
[ERROR] /home/travis/build/EnterpriseQualityCoding/FizzBuzzEnterpriseEdition/src/test/java/com/seriouscompany/business/java/fizzbuzz/packagenamingpackage/impl/factories/TestBuzzStringPrinterFactory.java:[19,60] error: constructor BuzzStringPrinterFactory in class BuzzStringPrinterFactory cannot be applied to given types;
[ERROR] 
[ERROR] actual and formal argument lists differ in length
[ERROR] /home/travis/build/EnterpriseQualityCoding/FizzBuzzEnterpriseEdition/src/test/java/com/seriouscompany/business/java/fizzbuzz/packagenamingpackage/impl/printers/TestNewLinePrinter.java:[19,40] error: constructor NewLinePrinter in class NewLinePrinter cannot be applied to given types;
[ERROR] 
[ERROR] actual and formal argument lists differ in length
[ERROR] /home/travis/build/EnterpriseQualityCoding/FizzBuzzEnterpriseEdition/src/test/java/com/seriouscompany/business/java/fizzbuzz/packagenamingpackage/impl/printers/TestFizzStringPrinter.java:[25,46] error: constructor FizzStringPrinter in class FizzStringPrinter cannot be applied to given types;
[ERROR] 
[ERROR] actual and formal argument lists differ in length
[ERROR] /home/travis/build/EnterpriseQualityCoding/FizzBuzzEnterpriseEdition/src/test/java/com/seriouscompany/business/java/fizzbuzz/packagenamingpackage/impl/printers/TestFizzStringPrinter.java:[41,46] error: constructor FizzStringPrinter in class FizzStringPrinter cannot be applied to given types;
[ERROR] 
[ERROR] actual and formal argument lists differ in length
[ERROR] /home/travis/build/EnterpriseQualityCoding/FizzBuzzEnterpriseEdition/src/test/java/com/seriouscompany/business/java/fizzbuzz/packagenamingpackage/impl/factories/TestEnterpriseGradeFizzBuzzSolutionStrategyFactory.java:[23,104] error: constructor EnterpriseGradeFizzBuzzSolutionStrategyFactory in class EnterpriseGradeFizzBuzzSolutionStrategyFactory cannot be applied to given types;
[ERROR] 
[ERROR] actual and formal argument lists differ in length
[ERROR] /home/travis/build/EnterpriseQualityCoding/FizzBuzzEnterpriseEdition/src/test/java/com/seriouscompany/business/java/fizzbuzz/packagenamingpackage/impl/factories/TestEnterpriseGradeFizzBuzzSolutionStrategyFactory.java:[34,104] error: constructor EnterpriseGradeFizzBuzzSolutionStrategyFactory in class EnterpriseGradeFizzBuzzSolutionStrategyFactory cannot be applied to given types;
[ERROR] 
[ERROR] actual and formal argument lists differ in length
[ERROR] /home/travis/build/EnterpriseQualityCoding/FizzBuzzEnterpriseEdition/src/test/java/com/seriouscompany/business/java/fizzbuzz/packagenamingpackage/impl/strategies/TestEnterpriseGradeFizzBuzzSolutionStrategy.java:[19,90] error: constructor EnterpriseGradeFizzBuzzSolutionStrategy in class EnterpriseGradeFizzBuzzSolutionStrategy cannot be applied to given types;
[ERROR] 
[ERROR] actual and formal argument lists differ in length
[ERROR] /home/travis/build/EnterpriseQualityCoding/FizzBuzzEnterpriseEdition/src/test/java/com/seriouscompany/business/java/fizzbuzz/packagenamingpackage/impl/printers/TestBuzzPrinter.java:[19,34] error: constructor BuzzPrinter in class BuzzPrinter cannot be applied to given types;
[ERROR] 
[ERROR] actual and formal argument lists differ in length
[ERROR] /home/travis/build/EnterpriseQualityCoding/FizzBuzzEnterpriseEdition/src/test/java/com/seriouscompany/business/java/fizzbuzz/packagenamingpackage/impl/factories/TestNewLineStringReturnerFactory.java:[23,68] error: constructor NewLineStringReturnerFactory in class NewLineStringReturnerFactory cannot be applied to given types;
[ERROR] 
[ERROR] actual and formal argument lists differ in length
[ERROR] /home/travis/build/EnterpriseQualityCoding/FizzBuzzEnterpriseEdition/src/test/java/com/seriouscompany/business/java/fizzbuzz/packagenamingpackage/impl/factories/TestNewLineStringReturnerFactory.java:[34,68] error: constructor NewLineStringReturnerFactory in class NewLineStringReturnerFactory cannot be applied to given types;
[ERROR] 
[ERROR] actual and formal argument lists differ in length
[ERROR] /home/travis/build/EnterpriseQualityCoding/FizzBuzzEnterpriseEdition/src/test/java/com/seriouscompany/business/java/fizzbuzz/packagenamingpackage/impl/printers/TestFizzPrinter.java:[19,34] error: constructor FizzPrinter in class FizzPrinter cannot be applied to given types;
[ERROR] 
[ERROR] actual and formal argument lists differ in length
[ERROR] /home/travis/build/EnterpriseQualityCoding/FizzBuzzEnterpriseEdition/src/test/java/com/seriouscompany/business/java/fizzbuzz/packagenamingpackage/impl/printers/TestIntegerPrinter.java:[19,40] error: constructor IntegerPrinter in class IntegerPrinter cannot be applied to given types;
[ERROR] 
[ERROR] actual and formal argument lists differ in length
[ERROR] /home/travis/build/EnterpriseQualityCoding/FizzBuzzEnterpriseEdition/src/test/java/com/seriouscompany/business/java/fizzbuzz/packagenamingpackage/impl/factories/TestFizzBuzzOutputGenerationContextVisitorFactory.java:[19,102] error: constructor FizzBuzzOutputGenerationContextVisitorFactory in class FizzBuzzOutputGenerationContextVisitorFactory cannot be applied to given types;
[ERROR] 
[ERROR] actual and formal argument lists differ in length
[ERROR] /home/travis/build/EnterpriseQualityCoding/FizzBuzzEnterpriseEdition/src/test/java/com/seriouscompany/business/java/fizzbuzz/packagenamingpackage/impl/factories/TestLoopComponentFactory.java:[20,52] error: constructor LoopComponentFactory in class LoopComponentFactory cannot be applied to given types;
[ERROR] 
[ERROR] actual and formal argument lists differ in length
[ERROR] /home/travis/build/EnterpriseQualityCoding/FizzBuzzEnterpriseEdition/src/test/java/com/seriouscompany/business/java/fizzbuzz/packagenamingpackage/impl/factories/TestLoopComponentFactory.java:[28,52] error: constructor LoopComponentFactory in class LoopComponentFactory cannot be applied to given types;
[ERROR] 
[ERROR] actual and formal argument lists differ in length
[ERROR] /home/travis/build/EnterpriseQualityCoding/FizzBuzzEnterpriseEdition/src/test/java/com/seriouscompany/business/java/fizzbuzz/packagenamingpackage/impl/printers/TestIntegerIntegerPrinter.java:[26,54] error: constructor IntegerIntegerPrinter in class IntegerIntegerPrinter cannot be applied to given types;
[ERROR] 
[ERROR] actual and formal argument lists differ in length
[ERROR] /home/travis/build/EnterpriseQualityCoding/FizzBuzzEnterpriseEdition/src/test/java/com/seriouscompany/business/java/fizzbuzz/packagenamingpackage/impl/printers/TestIntegerIntegerPrinter.java:[46,54] error: constructor IntegerIntegerPrinter in class IntegerIntegerPrinter cannot be applied to given types;
[ERROR] 
[ERROR] actual and formal argument lists differ in length
[ERROR] /home/travis/build/EnterpriseQualityCoding/FizzBuzzEnterpriseEdition/src/test/java/com/seriouscompany/business/java/fizzbuzz/packagenamingpackage/impl/factories/TestIntegerIntegerStringReturnerFactory.java:[23,82] error: constructor IntegerIntegerStringReturnerFactory in class IntegerIntegerStringReturnerFactory cannot be applied to given types;
[ERROR] 
[ERROR] actual and formal argument lists differ in length
[ERROR] /home/travis/build/EnterpriseQualityCoding/FizzBuzzEnterpriseEdition/src/test/java/com/seriouscompany/business/java/fizzbuzz/packagenamingpackage/impl/factories/TestIntegerIntegerStringReturnerFactory.java:[34,82] error: constructor IntegerIntegerStringReturnerFactory in class IntegerIntegerStringReturnerFactory cannot be applied to given types;
[ERROR] 
[ERROR] actual and formal argument lists differ in length
[ERROR] /home/travis/build/EnterpriseQualityCoding/FizzBuzzEnterpriseEdition/src/test/java/com/seriouscompany/business/java/fizzbuzz/packagenamingpackage/impl/factories/TestIntegerIntegerPrinterFactory.java:[19,68] error: constructor IntegerIntegerPrinterFactory in class IntegerIntegerPrinterFactory cannot be applied to given types;
[ERROR] 
[ERROR] actual and formal argument lists differ in length
[ERROR] /home/travis/build/EnterpriseQualityCoding/FizzBuzzEnterpriseEdition/src/test/java/com/seriouscompany/business/java/fizzbuzz/packagenamingpackage/impl/math/arithmetics/TestIntegerDivider.java:[19,40] error: constructor IntegerDivider in class IntegerDivider cannot be applied to given types;
[ERROR] 
[ERROR] actual and formal argument lists differ in length
[ERROR] /home/travis/build/EnterpriseQualityCoding/FizzBuzzEnterpriseEdition/src/test/java/com/seriouscompany/business/java/fizzbuzz/packagenamingpackage/impl/factories/TestNewLineStringPrinterFactory.java:[19,66] error: constructor NewLineStringPrinterFactory in class NewLineStringPrinterFactory cannot be applied to given types;
[ERROR] 
[ERROR] actual and formal argument lists differ in length
[ERROR] /home/travis/build/EnterpriseQualityCoding/FizzBuzzEnterpriseEdition/src/test/java/com/seriouscompany/business/java/fizzbuzz/packagenamingpackage/impl/factories/TestFizzStringPrinterFactory.java:[19,60] error: constructor FizzStringPrinterFactory in class FizzStringPrinterFactory cannot be applied to given types;
[ERROR] 
[ERROR] actual and formal argument lists differ in length
[ERROR] /home/travis/build/EnterpriseQualityCoding/FizzBuzzEnterpriseEdition/src/test/java/com/seriouscompany/business/java/fizzbuzz/packagenamingpackage/impl/factories/TestFizzStrategyFactory.java:[19,50] error: constructor FizzStrategyFactory in class FizzStrategyFactory cannot be applied to given types;
[ERROR] 
[ERROR] actual and formal argument lists differ in length
[ERROR] /home/travis/build/EnterpriseQualityCoding/FizzBuzzEnterpriseEdition/src/test/java/com/seriouscompany/business/java/fizzbuzz/packagenamingpackage/impl/printers/TestNewLineStringPrinter.java:[25,52] error: constructor NewLineStringPrinter in class NewLineStringPrinter cannot be applied to given types;
[ERROR] 
[ERROR] actual and formal argument lists differ in length
[ERROR] /home/travis/build/EnterpriseQualityCoding/FizzBuzzEnterpriseEdition/src/test/java/com/seriouscompany/business/java/fizzbuzz/packagenamingpackage/impl/printers/TestNewLineStringPrinter.java:[42,52] error: constructor NewLineStringPrinter in class NewLineStringPrinter cannot be applied to given types;
[ERROR] -> [Help 1]
[ERROR] 
[ERROR] To see the full stack trace of the errors, re-run Maven with the -e switch.
[ERROR] Re-run Maven using the -X switch to enable full debug logging.
[ERROR] 
[ERROR] For more information about the errors and possible solutions, please read the following articles:
[ERROR] [Help 1] http://cwiki.apache.org/confluence/display/MAVEN/MojoFailureException

[31;1mThe command "eval mvn install -DskipTests=true -Dmaven.javadoc.skip=true -B -V" failed. Retrying, 3 of 3.[0m

Apache Maven 3.2.5 (12a6b3acb947671f09b81f49094c53f426d8cea1; 2014-12-14T17:29:23+00:00)
Maven home: /usr/local/maven
Java version: 1.7.0_75, vendor: Oracle Corporation
Java home: /usr/lib/jvm/java-7-openjdk-amd64/jre
Default locale: en_US, platform encoding: UTF-8
OS name: "linux", version: "2.6.32-042stab108.8", arch: "amd64", family: "unix"
[INFO] Scanning for projects...
[INFO]                                                                         
[INFO] ------------------------------------------------------------------------
[INFO] Building FizzBuzz Enterprise Edition 1.0-SNAPSHOT
[INFO] ------------------------------------------------------------------------
[INFO] 
[INFO] --- jacoco-maven-plugin:0.5.8.201207111220:prepare-agent (default) @ FizzBuzzEnterpriseEdition ---
[INFO] argLine set to -javaagent:/home/travis/.m2/repository/org/jacoco/org.jacoco.agent/0.5.8.201207111220/org.jacoco.agent-0.5.8.201207111220-runtime.jar=destfile=/home/travis/build/EnterpriseQualityCoding/FizzBuzzEnterpriseEdition/target/jacoco.exec
[INFO] 
[INFO] --- maven-resources-plugin:2.6:resources (default-resources) @ FizzBuzzEnterpriseEdition ---
[INFO] Using 'UTF-8' encoding to copy filtered resources.
[INFO] Copying 1 resource
[INFO] 
[INFO] --- maven-compiler-plugin:2.3:compile (default-compile) @ FizzBuzzEnterpriseEdition ---
[INFO] Nothing to compile - all classes are up to date
[INFO] 
[INFO] --- maven-resources-plugin:2.6:testResources (default-testResources) @ FizzBuzzEnterpriseEdition ---
[INFO] Using 'UTF-8' encoding to copy filtered resources.
[INFO] skip non existing resourceDirectory /home/travis/build/EnterpriseQualityCoding/FizzBuzzEnterpriseEdition/src/test/resources
[INFO] 
[INFO] --- maven-compiler-plugin:2.3:testCompile (default-testCompile) @ FizzBuzzEnterpriseEdition ---
[INFO] Compiling 57 source files to /home/travis/build/EnterpriseQualityCoding/FizzBuzzEnterpriseEdition/target/test-classes
[INFO] -------------------------------------------------------------
[ERROR] COMPILATION ERROR : 
[INFO] -------------------------------------------------------------
[ERROR] /home/travis/build/EnterpriseQualityCoding/FizzBuzzEnterpriseEdition/src/test/java/com/seriouscompany/business/java/fizzbuzz/packagenamingpackage/impl/factories/TestBuzzStringReturnerFactory.java:[23,62] error: constructor BuzzStringReturnerFactory in class BuzzStringReturnerFactory cannot be applied to given types;

[ERROR]  actual and formal argument lists differ in length
/home/travis/build/EnterpriseQualityCoding/FizzBuzzEnterpriseEdition/src/test/java/com/seriouscompany/business/java/fizzbuzz/packagenamingpackage/impl/factories/TestBuzzStringReturnerFactory.java:[34,62] error: constructor BuzzStringReturnerFactory in class BuzzStringReturnerFactory cannot be applied to given types;

[ERROR]  actual and formal argument lists differ in length
/home/travis/build/EnterpriseQualityCoding/FizzBuzzEnterpriseEdition/src/test/java/com/seriouscompany/business/java/fizzbuzz/packagenamingpackage/impl/TestStandardFizzBuzz.java:[23,44] error: constructor StandardFizzBuzz in class StandardFizzBuzz cannot be applied to given types;

[ERROR]  actual and formal argument lists differ in length
/home/travis/build/EnterpriseQualityCoding/FizzBuzzEnterpriseEdition/src/test/java/com/seriouscompany/business/java/fizzbuzz/packagenamingpackage/impl/TestStandardFizzBuzz.java:[39,44] error: constructor StandardFizzBuzz in class StandardFizzBuzz cannot be applied to given types;

[ERROR]  actual and formal argument lists differ in length
/home/travis/build/EnterpriseQualityCoding/FizzBuzzEnterpriseEdition/src/test/java/com/seriouscompany/business/java/fizzbuzz/packagenamingpackage/impl/factories/TestFizzStringReturnerFactory.java:[23,62] error: constructor FizzStringReturnerFactory in class FizzStringReturnerFactory cannot be applied to given types;

[ERROR]  actual and formal argument lists differ in length
/home/travis/build/EnterpriseQualityCoding/FizzBuzzEnterpriseEdition/src/test/java/com/seriouscompany/business/java/fizzbuzz/packagenamingpackage/impl/factories/TestFizzStringReturnerFactory.java:[34,62] error: constructor FizzStringReturnerFactory in class FizzStringReturnerFactory cannot be applied to given types;

[ERROR]  actual and formal argument lists differ in length
/home/travis/build/EnterpriseQualityCoding/FizzBuzzEnterpriseEdition/src/test/java/com/seriouscompany/business/java/fizzbuzz/packagenamingpackage/impl/factories/TestBuzzStrategyFactory.java:[19,50] error: constructor BuzzStrategyFactory in class BuzzStrategyFactory cannot be applied to given types;

[ERROR]  actual and formal argument lists differ in length
/home/travis/build/EnterpriseQualityCoding/FizzBuzzEnterpriseEdition/src/test/java/com/seriouscompany/business/java/fizzbuzz/packagenamingpackage/impl/strategies/TestSingleStepPayload.java:[23,46] error: constructor SingleStepPayload in class SingleStepPayload cannot be applied to given types;

[ERROR]  actual and formal argument lists differ in length
/home/travis/build/EnterpriseQualityCoding/FizzBuzzEnterpriseEdition/src/test/java/com/seriouscompany/business/java/fizzbuzz/packagenamingpackage/impl/strategies/TestSingleStepPayload.java:[38,46] error: constructor SingleStepPayload in class SingleStepPayload cannot be applied to given types;

[ERROR]  actual and formal argument lists differ in length
/home/travis/build/EnterpriseQualityCoding/FizzBuzzEnterpriseEdition/src/test/java/com/seriouscompany/business/java/fizzbuzz/packagenamingpackage/impl/factories/TestSystemOutFizzBuzzOutputStrategyFactory.java:[19,88] error: constructor SystemOutFizzBuzzOutputStrategyFactory in class SystemOutFizzBuzzOutputStrategyFactory cannot be applied to given types;

[ERROR]  actual and formal argument lists differ in length
/home/travis/build/EnterpriseQualityCoding/FizzBuzzEnterpriseEdition/src/test/java/com/seriouscompany/business/java/fizzbuzz/packagenamingpackage/impl/factories/TestNoFizzNoBuzzStrategyFactory.java:[20,66] error: constructor NoFizzNoBuzzStrategyFactory in class NoFizzNoBuzzStrategyFactory cannot be applied to given types;

[ERROR]  actual and formal argument lists differ in length
/home/travis/build/EnterpriseQualityCoding/FizzBuzzEnterpriseEdition/src/test/java/com/seriouscompany/business/java/fizzbuzz/packagenamingpackage/impl/factories/TestNoFizzNoBuzzStrategyFactory.java:[25,66] error: constructor NoFizzNoBuzzStrategyFactory in class NoFizzNoBuzzStrategyFactory cannot be applied to given types;

[ERROR]  actual and formal argument lists differ in length
/home/travis/build/EnterpriseQualityCoding/FizzBuzzEnterpriseEdition/src/test/java/com/seriouscompany/business/java/fizzbuzz/packagenamingpackage/impl/printers/TestBuzzStringPrinter.java:[19,46] error: constructor BuzzStringPrinter in class BuzzStringPrinter cannot be applied to given types;

[ERROR]  actual and formal argument lists differ in length
/home/travis/build/EnterpriseQualityCoding/FizzBuzzEnterpriseEdition/src/test/java/com/seriouscompany/business/java/fizzbuzz/packagenamingpackage/impl/factories/TestBuzzStringPrinterFactory.java:[19,60] error: constructor BuzzStringPrinterFactory in class BuzzStringPrinterFactory cannot be applied to given types;

[ERROR]  actual and formal argument lists differ in length
/home/travis/build/EnterpriseQualityCoding/FizzBuzzEnterpriseEdition/src/test/java/com/seriouscompany/business/java/fizzbuzz/packagenamingpackage/impl/printers/TestNewLinePrinter.java:[19,40] error: constructor NewLinePrinter in class NewLinePrinter cannot be applied to given types;

[ERROR]  actual and formal argument lists differ in length
/home/travis/build/EnterpriseQualityCoding/FizzBuzzEnterpriseEdition/src/test/java/com/seriouscompany/business/java/fizzbuzz/packagenamingpackage/impl/printers/TestFizzStringPrinter.java:[25,46] error: constructor FizzStringPrinter in class FizzStringPrinter cannot be applied to given types;

[ERROR]  actual and formal argument lists differ in length
/home/travis/build/EnterpriseQualityCoding/FizzBuzzEnterpriseEdition/src/test/java/com/seriouscompany/business/java/fizzbuzz/packagenamingpackage/impl/printers/TestFizzStringPrinter.java:[41,46] error: constructor FizzStringPrinter in class FizzStringPrinter cannot be applied to given types;

[ERROR]  actual and formal argument lists differ in length
/home/travis/build/EnterpriseQualityCoding/FizzBuzzEnterpriseEdition/src/test/java/com/seriouscompany/business/java/fizzbuzz/packagenamingpackage/impl/factories/TestEnterpriseGradeFizzBuzzSolutionStrategyFactory.java:[23,104] error: constructor EnterpriseGradeFizzBuzzSolutionStrategyFactory in class EnterpriseGradeFizzBuzzSolutionStrategyFactory cannot be applied to given types;

[ERROR]  actual and formal argument lists differ in length
/home/travis/build/EnterpriseQualityCoding/FizzBuzzEnterpriseEdition/src/test/java/com/seriouscompany/business/java/fizzbuzz/packagenamingpackage/impl/factories/TestEnterpriseGradeFizzBuzzSolutionStrategyFactory.java:[34,104] error: constructor EnterpriseGradeFizzBuzzSolutionStrategyFactory in class EnterpriseGradeFizzBuzzSolutionStrategyFactory cannot be applied to given types;

[ERROR]  actual and formal argument lists differ in length
/home/travis/build/EnterpriseQualityCoding/FizzBuzzEnterpriseEdition/src/test/java/com/seriouscompany/business/java/fizzbuzz/packagenamingpackage/impl/strategies/TestEnterpriseGradeFizzBuzzSolutionStrategy.java:[19,90] error: constructor EnterpriseGradeFizzBuzzSolutionStrategy in class EnterpriseGradeFizzBuzzSolutionStrategy cannot be applied to given types;

[ERROR]  actual and formal argument lists differ in length
/home/travis/build/EnterpriseQualityCoding/FizzBuzzEnterpriseEdition/src/test/java/com/seriouscompany/business/java/fizzbuzz/packagenamingpackage/impl/printers/TestBuzzPrinter.java:[19,34] error: constructor BuzzPrinter in class BuzzPrinter cannot be applied to given types;

[ERROR]  actual and formal argument lists differ in length
/home/travis/build/EnterpriseQualityCoding/FizzBuzzEnterpriseEdition/src/test/java/com/seriouscompany/business/java/fizzbuzz/packagenamingpackage/impl/factories/TestNewLineStringReturnerFactory.java:[23,68] error: constructor NewLineStringReturnerFactory in class NewLineStringReturnerFactory cannot be applied to given types;

[ERROR]  actual and formal argument lists differ in length
/home/travis/build/EnterpriseQualityCoding/FizzBuzzEnterpriseEdition/src/test/java/com/seriouscompany/business/java/fizzbuzz/packagenamingpackage/impl/factories/TestNewLineStringReturnerFactory.java:[34,68] error: constructor NewLineStringReturnerFactory in class NewLineStringReturnerFactory cannot be applied to given types;

[ERROR]  actual and formal argument lists differ in length
/home/travis/build/EnterpriseQualityCoding/FizzBuzzEnterpriseEdition/src/test/java/com/seriouscompany/business/java/fizzbuzz/packagenamingpackage/impl/printers/TestFizzPrinter.java:[19,34] error: constructor FizzPrinter in class FizzPrinter cannot be applied to given types;

[ERROR]  actual and formal argument lists differ in length
/home/travis/build/EnterpriseQualityCoding/FizzBuzzEnterpriseEdition/src/test/java/com/seriouscompany/business/java/fizzbuzz/packagenamingpackage/impl/printers/TestIntegerPrinter.java:[19,40] error: constructor IntegerPrinter in class IntegerPrinter cannot be applied to given types;

[ERROR]  actual and formal argument lists differ in length
/home/travis/build/EnterpriseQualityCoding/FizzBuzzEnterpriseEdition/src/test/java/com/seriouscompany/business/java/fizzbuzz/packagenamingpackage/impl/factories/TestFizzBuzzOutputGenerationContextVisitorFactory.java:[19,102] error: constructor FizzBuzzOutputGenerationContextVisitorFactory in class FizzBuzzOutputGenerationContextVisitorFactory cannot be applied to given types;

[ERROR]  actual and formal argument lists differ in length
/home/travis/build/EnterpriseQualityCoding/FizzBuzzEnterpriseEdition/src/test/java/com/seriouscompany/business/java/fizzbuzz/packagenamingpackage/impl/factories/TestLoopComponentFactory.java:[20,52] error: constructor LoopComponentFactory in class LoopComponentFactory cannot be applied to given types;

[ERROR]  actual and formal argument lists differ in length
/home/travis/build/EnterpriseQualityCoding/FizzBuzzEnterpriseEdition/src/test/java/com/seriouscompany/business/java/fizzbuzz/packagenamingpackage/impl/factories/TestLoopComponentFactory.java:[28,52] error: constructor LoopComponentFactory in class LoopComponentFactory cannot be applied to given types;

[ERROR]  actual and formal argument lists differ in length
/home/travis/build/EnterpriseQualityCoding/FizzBuzzEnterpriseEdition/src/test/java/com/seriouscompany/business/java/fizzbuzz/packagenamingpackage/impl/printers/TestIntegerIntegerPrinter.java:[26,54] error: constructor IntegerIntegerPrinter in class IntegerIntegerPrinter cannot be applied to given types;

[ERROR]  actual and formal argument lists differ in length
/home/travis/build/EnterpriseQualityCoding/FizzBuzzEnterpriseEdition/src/test/java/com/seriouscompany/business/java/fizzbuzz/packagenamingpackage/impl/printers/TestIntegerIntegerPrinter.java:[46,54] error: constructor IntegerIntegerPrinter in class IntegerIntegerPrinter cannot be applied to given types;

[ERROR]  actual and formal argument lists differ in length
/home/travis/build/EnterpriseQualityCoding/FizzBuzzEnterpriseEdition/src/test/java/com/seriouscompany/business/java/fizzbuzz/packagenamingpackage/impl/factories/TestIntegerIntegerStringReturnerFactory.java:[23,82] error: constructor IntegerIntegerStringReturnerFactory in class IntegerIntegerStringReturnerFactory cannot be applied to given types;

[ERROR]  actual and formal argument lists differ in length
/home/travis/build/EnterpriseQualityCoding/FizzBuzzEnterpriseEdition/src/test/java/com/seriouscompany/business/java/fizzbuzz/packagenamingpackage/impl/factories/TestIntegerIntegerStringReturnerFactory.java:[34,82] error: constructor IntegerIntegerStringReturnerFactory in class IntegerIntegerStringReturnerFactory cannot be applied to given types;

[ERROR]  actual and formal argument lists differ in length
/home/travis/build/EnterpriseQualityCoding/FizzBuzzEnterpriseEdition/src/test/java/com/seriouscompany/business/java/fizzbuzz/packagenamingpackage/impl/factories/TestIntegerIntegerPrinterFactory.java:[19,68] error: constructor IntegerIntegerPrinterFactory in class IntegerIntegerPrinterFactory cannot be applied to given types;

[ERROR]  actual and formal argument lists differ in length
/home/travis/build/EnterpriseQualityCoding/FizzBuzzEnterpriseEdition/src/test/java/com/seriouscompany/business/java/fizzbuzz/packagenamingpackage/impl/math/arithmetics/TestIntegerDivider.java:[19,40] error: constructor IntegerDivider in class IntegerDivider cannot be applied to given types;

[ERROR]  actual and formal argument lists differ in length
/home/travis/build/EnterpriseQualityCoding/FizzBuzzEnterpriseEdition/src/test/java/com/seriouscompany/business/java/fizzbuzz/packagenamingpackage/impl/factories/TestNewLineStringPrinterFactory.java:[19,66] error: constructor NewLineStringPrinterFactory in class NewLineStringPrinterFactory cannot be applied to given types;

[ERROR]  actual and formal argument lists differ in length
/home/travis/build/EnterpriseQualityCoding/FizzBuzzEnterpriseEdition/src/test/java/com/seriouscompany/business/java/fizzbuzz/packagenamingpackage/impl/factories/TestFizzStringPrinterFactory.java:[19,60] error: constructor FizzStringPrinterFactory in class FizzStringPrinterFactory cannot be applied to given types;

[ERROR]  actual and formal argument lists differ in length
/home/travis/build/EnterpriseQualityCoding/FizzBuzzEnterpriseEdition/src/test/java/com/seriouscompany/business/java/fizzbuzz/packagenamingpackage/impl/factories/TestFizzStrategyFactory.java:[19,50] error: constructor FizzStrategyFactory in class FizzStrategyFactory cannot be applied to given types;

[ERROR]  actual and formal argument lists differ in length
/home/travis/build/EnterpriseQualityCoding/FizzBuzzEnterpriseEdition/src/test/java/com/seriouscompany/business/java/fizzbuzz/packagenamingpackage/impl/printers/TestNewLineStringPrinter.java:[25,52] error: constructor NewLineStringPrinter in class NewLineStringPrinter cannot be applied to given types;

[ERROR]  actual and formal argument lists differ in length
/home/travis/build/EnterpriseQualityCoding/FizzBuzzEnterpriseEdition/src/test/java/com/seriouscompany/business/java/fizzbuzz/packagenamingpackage/impl/printers/TestNewLineStringPrinter.java:[42,52] error: constructor NewLineStringPrinter in class NewLineStringPrinter cannot be applied to given types;

[INFO] 39 errors 
[INFO] -------------------------------------------------------------
[INFO] ------------------------------------------------------------------------
[INFO] BUILD FAILURE
[INFO] ------------------------------------------------------------------------
[INFO] Total time: 4.065 s
[INFO] Finished at: 2015-10-19T05:48:43+00:00
[INFO] Final Memory: 14M/135M
[INFO] ------------------------------------------------------------------------
[ERROR] Failed to execute goal org.apache.maven.plugins:maven-compiler-plugin:2.3:testCompile (default-testCompile) on project FizzBuzzEnterpriseEdition: Compilation failure: Compilation failure:
[ERROR] /home/travis/build/EnterpriseQualityCoding/FizzBuzzEnterpriseEdition/src/test/java/com/seriouscompany/business/java/fizzbuzz/packagenamingpackage/impl/factories/TestBuzzStringReturnerFactory.java:[23,62] error: constructor BuzzStringReturnerFactory in class BuzzStringReturnerFactory cannot be applied to given types;
[ERROR] 
[ERROR] actual and formal argument lists differ in length
[ERROR] /home/travis/build/EnterpriseQualityCoding/FizzBuzzEnterpriseEdition/src/test/java/com/seriouscompany/business/java/fizzbuzz/packagenamingpackage/impl/factories/TestBuzzStringReturnerFactory.java:[34,62] error: constructor BuzzStringReturnerFactory in class BuzzStringReturnerFactory cannot be applied to given types;
[ERROR] 
[ERROR] actual and formal argument lists differ in length
[ERROR] /home/travis/build/EnterpriseQualityCoding/FizzBuzzEnterpriseEdition/src/test/java/com/seriouscompany/business/java/fizzbuzz/packagenamingpackage/impl/TestStandardFizzBuzz.java:[23,44] error: constructor StandardFizzBuzz in class StandardFizzBuzz cannot be applied to given types;
[ERROR] 
[ERROR] actual and formal argument lists differ in length
[ERROR] /home/travis/build/EnterpriseQualityCoding/FizzBuzzEnterpriseEdition/src/test/java/com/seriouscompany/business/java/fizzbuzz/packagenamingpackage/impl/TestStandardFizzBuzz.java:[39,44] error: constructor StandardFizzBuzz in class StandardFizzBuzz cannot be applied to given types;
[ERROR] 
[ERROR] actual and formal argument lists differ in length
[ERROR] /home/travis/build/EnterpriseQualityCoding/FizzBuzzEnterpriseEdition/src/test/java/com/seriouscompany/business/java/fizzbuzz/packagenamingpackage/impl/factories/TestFizzStringReturnerFactory.java:[23,62] error: constructor FizzStringReturnerFactory in class FizzStringReturnerFactory cannot be applied to given types;
[ERROR] 
[ERROR] actual and formal argument lists differ in length
[ERROR] /home/travis/build/EnterpriseQualityCoding/FizzBuzzEnterpriseEdition/src/test/java/com/seriouscompany/business/java/fizzbuzz/packagenamingpackage/impl/factories/TestFizzStringReturnerFactory.java:[34,62] error: constructor FizzStringReturnerFactory in class FizzStringReturnerFactory cannot be applied to given types;
[ERROR] 
[ERROR] actual and formal argument lists differ in length
[ERROR] /home/travis/build/EnterpriseQualityCoding/FizzBuzzEnterpriseEdition/src/test/java/com/seriouscompany/business/java/fizzbuzz/packagenamingpackage/impl/factories/TestBuzzStrategyFactory.java:[19,50] error: constructor BuzzStrategyFactory in class BuzzStrategyFactory cannot be applied to given types;
[ERROR] 
[ERROR] actual and formal argument lists differ in length
[ERROR] /home/travis/build/EnterpriseQualityCoding/FizzBuzzEnterpriseEdition/src/test/java/com/seriouscompany/business/java/fizzbuzz/packagenamingpackage/impl/strategies/TestSingleStepPayload.java:[23,46] error: constructor SingleStepPayload in class SingleStepPayload cannot be applied to given types;
[ERROR] 
[ERROR] actual and formal argument lists differ in length
[ERROR] /home/travis/build/EnterpriseQualityCoding/FizzBuzzEnterpriseEdition/src/test/java/com/seriouscompany/business/java/fizzbuzz/packagenamingpackage/impl/strategies/TestSingleStepPayload.java:[38,46] error: constructor SingleStepPayload in class SingleStepPayload cannot be applied to given types;
[ERROR] 
[ERROR] actual and formal argument lists differ in length
[ERROR] /home/travis/build/EnterpriseQualityCoding/FizzBuzzEnterpriseEdition/src/test/java/com/seriouscompany/business/java/fizzbuzz/packagenamingpackage/impl/factories/TestSystemOutFizzBuzzOutputStrategyFactory.java:[19,88] error: constructor SystemOutFizzBuzzOutputStrategyFactory in class SystemOutFizzBuzzOutputStrategyFactory cannot be applied to given types;
[ERROR] 
[ERROR] actual and formal argument lists differ in length
[ERROR] /home/travis/build/EnterpriseQualityCoding/FizzBuzzEnterpriseEdition/src/test/java/com/seriouscompany/business/java/fizzbuzz/packagenamingpackage/impl/factories/TestNoFizzNoBuzzStrategyFactory.java:[20,66] error: constructor NoFizzNoBuzzStrategyFactory in class NoFizzNoBuzzStrategyFactory cannot be applied to given types;
[ERROR] 
[ERROR] actual and formal argument lists differ in length
[ERROR] /home/travis/build/EnterpriseQualityCoding/FizzBuzzEnterpriseEdition/src/test/java/com/seriouscompany/business/java/fizzbuzz/packagenamingpackage/impl/factories/TestNoFizzNoBuzzStrategyFactory.java:[25,66] error: constructor NoFizzNoBuzzStrategyFactory in class NoFizzNoBuzzStrategyFactory cannot be applied to given types;
[ERROR] 
[ERROR] actual and formal argument lists differ in length
[ERROR] /home/travis/build/EnterpriseQualityCoding/FizzBuzzEnterpriseEdition/src/test/java/com/seriouscompany/business/java/fizzbuzz/packagenamingpackage/impl/printers/TestBuzzStringPrinter.java:[19,46] error: constructor BuzzStringPrinter in class BuzzStringPrinter cannot be applied to given types;
[ERROR] 
[ERROR] actual and formal argument lists differ in length
[ERROR] /home/travis/build/EnterpriseQualityCoding/FizzBuzzEnterpriseEdition/src/test/java/com/seriouscompany/business/java/fizzbuzz/packagenamingpackage/impl/factories/TestBuzzStringPrinterFactory.java:[19,60] error: constructor BuzzStringPrinterFactory in class BuzzStringPrinterFactory cannot be applied to given types;
[ERROR] 
[ERROR] actual and formal argument lists differ in length
[ERROR] /home/travis/build/EnterpriseQualityCoding/FizzBuzzEnterpriseEdition/src/test/java/com/seriouscompany/business/java/fizzbuzz/packagenamingpackage/impl/printers/TestNewLinePrinter.java:[19,40] error: constructor NewLinePrinter in class NewLinePrinter cannot be applied to given types;
[ERROR] 
[ERROR] actual and formal argument lists differ in length
[ERROR] /home/travis/build/EnterpriseQualityCoding/FizzBuzzEnterpriseEdition/src/test/java/com/seriouscompany/business/java/fizzbuzz/packagenamingpackage/impl/printers/TestFizzStringPrinter.java:[25,46] error: constructor FizzStringPrinter in class FizzStringPrinter cannot be applied to given types;
[ERROR] 
[ERROR] actual and formal argument lists differ in length
[ERROR] /home/travis/build/EnterpriseQualityCoding/FizzBuzzEnterpriseEdition/src/test/java/com/seriouscompany/business/java/fizzbuzz/packagenamingpackage/impl/printers/TestFizzStringPrinter.java:[41,46] error: constructor FizzStringPrinter in class FizzStringPrinter cannot be applied to given types;
[ERROR] 
[ERROR] actual and formal argument lists differ in length
[ERROR] /home/travis/build/EnterpriseQualityCoding/FizzBuzzEnterpriseEdition/src/test/java/com/seriouscompany/business/java/fizzbuzz/packagenamingpackage/impl/factories/TestEnterpriseGradeFizzBuzzSolutionStrategyFactory.java:[23,104] error: constructor EnterpriseGradeFizzBuzzSolutionStrategyFactory in class EnterpriseGradeFizzBuzzSolutionStrategyFactory cannot be applied to given types;
[ERROR] 
[ERROR] actual and formal argument lists differ in length
[ERROR] /home/travis/build/EnterpriseQualityCoding/FizzBuzzEnterpriseEdition/src/test/java/com/seriouscompany/business/java/fizzbuzz/packagenamingpackage/impl/factories/TestEnterpriseGradeFizzBuzzSolutionStrategyFactory.java:[34,104] error: constructor EnterpriseGradeFizzBuzzSolutionStrategyFactory in class EnterpriseGradeFizzBuzzSolutionStrategyFactory cannot be applied to given types;
[ERROR] 
[ERROR] actual and formal argument lists differ in length
[ERROR] /home/travis/build/EnterpriseQualityCoding/FizzBuzzEnterpriseEdition/src/test/java/com/seriouscompany/business/java/fizzbuzz/packagenamingpackage/impl/strategies/TestEnterpriseGradeFizzBuzzSolutionStrategy.java:[19,90] error: constructor EnterpriseGradeFizzBuzzSolutionStrategy in class EnterpriseGradeFizzBuzzSolutionStrategy cannot be applied to given types;
[ERROR] 
[ERROR] actual and formal argument lists differ in length
[ERROR] /home/travis/build/EnterpriseQualityCoding/FizzBuzzEnterpriseEdition/src/test/java/com/seriouscompany/business/java/fizzbuzz/packagenamingpackage/impl/printers/TestBuzzPrinter.java:[19,34] error: constructor BuzzPrinter in class BuzzPrinter cannot be applied to given types;
[ERROR] 
[ERROR] actual and formal argument lists differ in length
[ERROR] /home/travis/build/EnterpriseQualityCoding/FizzBuzzEnterpriseEdition/src/test/java/com/seriouscompany/business/java/fizzbuzz/packagenamingpackage/impl/factories/TestNewLineStringReturnerFactory.java:[23,68] error: constructor NewLineStringReturnerFactory in class NewLineStringReturnerFactory cannot be applied to given types;
[ERROR] 
[ERROR] actual and formal argument lists differ in length
[ERROR] /home/travis/build/EnterpriseQualityCoding/FizzBuzzEnterpriseEdition/src/test/java/com/seriouscompany/business/java/fizzbuzz/packagenamingpackage/impl/factories/TestNewLineStringReturnerFactory.java:[34,68] error: constructor NewLineStringReturnerFactory in class NewLineStringReturnerFactory cannot be applied to given types;
[ERROR] 
[ERROR] actual and formal argument lists differ in length
[ERROR] /home/travis/build/EnterpriseQualityCoding/FizzBuzzEnterpriseEdition/src/test/java/com/seriouscompany/business/java/fizzbuzz/packagenamingpackage/impl/printers/TestFizzPrinter.java:[19,34] error: constructor FizzPrinter in class FizzPrinter cannot be applied to given types;
[ERROR] 
[ERROR] actual and formal argument lists differ in length
[ERROR] /home/travis/build/EnterpriseQualityCoding/FizzBuzzEnterpriseEdition/src/test/java/com/seriouscompany/business/java/fizzbuzz/packagenamingpackage/impl/printers/TestIntegerPrinter.java:[19,40] error: constructor IntegerPrinter in class IntegerPrinter cannot be applied to given types;
[ERROR] 
[ERROR] actual and formal argument lists differ in length
[ERROR] /home/travis/build/EnterpriseQualityCoding/FizzBuzzEnterpriseEdition/src/test/java/com/seriouscompany/business/java/fizzbuzz/packagenamingpackage/impl/factories/TestFizzBuzzOutputGenerationContextVisitorFactory.java:[19,102] error: constructor FizzBuzzOutputGenerationContextVisitorFactory in class FizzBuzzOutputGenerationContextVisitorFactory cannot be applied to given types;
[ERROR] 
[ERROR] actual and formal argument lists differ in length
[ERROR] /home/travis/build/EnterpriseQualityCoding/FizzBuzzEnterpriseEdition/src/test/java/com/seriouscompany/business/java/fizzbuzz/packagenamingpackage/impl/factories/TestLoopComponentFactory.java:[20,52] error: constructor LoopComponentFactory in class LoopComponentFactory cannot be applied to given types;
[ERROR] 
[ERROR] actual and formal argument lists differ in length
[ERROR] /home/travis/build/EnterpriseQualityCoding/FizzBuzzEnterpriseEdition/src/test/java/com/seriouscompany/business/java/fizzbuzz/packagenamingpackage/impl/factories/TestLoopComponentFactory.java:[28,52] error: constructor LoopComponentFactory in class LoopComponentFactory cannot be applied to given types;
[ERROR] 
[ERROR] actual and formal argument lists differ in length
[ERROR] /home/travis/build/EnterpriseQualityCoding/FizzBuzzEnterpriseEdition/src/test/java/com/seriouscompany/business/java/fizzbuzz/packagenamingpackage/impl/printers/TestIntegerIntegerPrinter.java:[26,54] error: constructor IntegerIntegerPrinter in class IntegerIntegerPrinter cannot be applied to given types;
[ERROR] 
[ERROR] actual and formal argument lists differ in length
[ERROR] /home/travis/build/EnterpriseQualityCoding/FizzBuzzEnterpriseEdition/src/test/java/com/seriouscompany/business/java/fizzbuzz/packagenamingpackage/impl/printers/TestIntegerIntegerPrinter.java:[46,54] error: constructor IntegerIntegerPrinter in class IntegerIntegerPrinter cannot be applied to given types;
[ERROR] 
[ERROR] actual and formal argument lists differ in length
[ERROR] /home/travis/build/EnterpriseQualityCoding/FizzBuzzEnterpriseEdition/src/test/java/com/seriouscompany/business/java/fizzbuzz/packagenamingpackage/impl/factories/TestIntegerIntegerStringReturnerFactory.java:[23,82] error: constructor IntegerIntegerStringReturnerFactory in class IntegerIntegerStringReturnerFactory cannot be applied to given types;
[ERROR] 
[ERROR] actual and formal argument lists differ in length
[ERROR] /home/travis/build/EnterpriseQualityCoding/FizzBuzzEnterpriseEdition/src/test/java/com/seriouscompany/business/java/fizzbuzz/packagenamingpackage/impl/factories/TestIntegerIntegerStringReturnerFactory.java:[34,82] error: constructor IntegerIntegerStringReturnerFactory in class IntegerIntegerStringReturnerFactory cannot be applied to given types;
[ERROR] 
[ERROR] actual and formal argument lists differ in length
[ERROR] /home/travis/build/EnterpriseQualityCoding/FizzBuzzEnterpriseEdition/src/test/java/com/seriouscompany/business/java/fizzbuzz/packagenamingpackage/impl/factories/TestIntegerIntegerPrinterFactory.java:[19,68] error: constructor IntegerIntegerPrinterFactory in class IntegerIntegerPrinterFactory cannot be applied to given types;
[ERROR] 
[ERROR] actual and formal argument lists differ in length
[ERROR] /home/travis/build/EnterpriseQualityCoding/FizzBuzzEnterpriseEdition/src/test/java/com/seriouscompany/business/java/fizzbuzz/packagenamingpackage/impl/math/arithmetics/TestIntegerDivider.java:[19,40] error: constructor IntegerDivider in class IntegerDivider cannot be applied to given types;
[ERROR] 
[ERROR] actual and formal argument lists differ in length
[ERROR] /home/travis/build/EnterpriseQualityCoding/FizzBuzzEnterpriseEdition/src/test/java/com/seriouscompany/business/java/fizzbuzz/packagenamingpackage/impl/factories/TestNewLineStringPrinterFactory.java:[19,66] error: constructor NewLineStringPrinterFactory in class NewLineStringPrinterFactory cannot be applied to given types;
[ERROR] 
[ERROR] actual and formal argument lists differ in length
[ERROR] /home/travis/build/EnterpriseQualityCoding/FizzBuzzEnterpriseEdition/src/test/java/com/seriouscompany/business/java/fizzbuzz/packagenamingpackage/impl/factories/TestFizzStringPrinterFactory.java:[19,60] error: constructor FizzStringPrinterFactory in class FizzStringPrinterFactory cannot be applied to given types;
[ERROR] 
[ERROR] actual and formal argument lists differ in length
[ERROR] /home/travis/build/EnterpriseQualityCoding/FizzBuzzEnterpriseEdition/src/test/java/com/seriouscompany/business/java/fizzbuzz/packagenamingpackage/impl/factories/TestFizzStrategyFactory.java:[19,50] error: constructor FizzStrategyFactory in class FizzStrategyFactory cannot be applied to given types;
[ERROR] 
[ERROR] actual and formal argument lists differ in length
[ERROR] /home/travis/build/EnterpriseQualityCoding/FizzBuzzEnterpriseEdition/src/test/java/com/seriouscompany/business/java/fizzbuzz/packagenamingpackage/impl/printers/TestNewLineStringPrinter.java:[25,52] error: constructor NewLineStringPrinter in class NewLineStringPrinter cannot be applied to given types;
[ERROR] 
[ERROR] actual and formal argument lists differ in length
[ERROR] /home/travis/build/EnterpriseQualityCoding/FizzBuzzEnterpriseEdition/src/test/java/com/seriouscompany/business/java/fizzbuzz/packagenamingpackage/impl/printers/TestNewLineStringPrinter.java:[42,52] error: constructor NewLineStringPrinter in class NewLineStringPrinter cannot be applied to given types;
[ERROR] -> [Help 1]
[ERROR] 
[ERROR] To see the full stack trace of the errors, re-run Maven with the -e switch.
[ERROR] Re-run Maven using the -X switch to enable full debug logging.
[ERROR] 
[ERROR] For more information about the errors and possible solutions, please read the following articles:
[ERROR] [Help 1] http://cwiki.apache.org/confluence/display/MAVEN/MojoFailureException

[31;1mThe command "eval mvn install -DskipTests=true -Dmaven.javadoc.skip=true -B -V" failed 3 times.[0m

travis_time:end:11a1fe99:start=1445233689882792734,finish=1445233724797901932,duration=34915109198[0K
[31;1mThe command "mvn install -DskipTests=true -Dmaven.javadoc.skip=true -B -V" failed and exited with 1 during .[0m

Your build has been stopped.
