Using worker: worker-linux-docker-5c9dbdd8.prod.travis-ci.org:travis-linux-4

travis_fold:start:system_info[0K[33;1mBuild system information[0m
Build language: java
Build group: stable
Build dist: precise
[34m[1mBuild image provisioning date and time[0m
Thu Feb  5 15:09:33 UTC 2015
[34m[1mOperating System Details[0m
Distributor ID:	Ubuntu
Description:	Ubuntu 12.04.5 LTS
Release:	12.04
Codename:	precise
[34m[1mLinux Version[0m
3.13.0-29-generic
[34m[1mCookbooks Version[0m
a68419e https://github.com/travis-ci/travis-cookbooks/tree/a68419e
[34m[1mGCC version[0m
gcc (Ubuntu/Linaro 4.6.3-1ubuntu5) 4.6.3
Copyright (C) 2011 Free Software Foundation, Inc.
This is free software; see the source for copying conditions.  There is NO
warranty; not even for MERCHANTABILITY or FITNESS FOR A PARTICULAR PURPOSE.

[34m[1mLLVM version[0m
clang version 3.4 (tags/RELEASE_34/final)
Target: x86_64-unknown-linux-gnu
Thread model: posix
[34m[1mPre-installed Ruby versions[0m
ruby-1.9.3-p551
[34m[1mPre-installed Node.js versions[0m
v0.10.36
[34m[1mPre-installed Go versions[0m
1.4.1
[34m[1mRedis version[0m
redis-server 2.8.19
[34m[1mriak version[0m
2.0.2
[34m[1mMongoDB version[0m
MongoDB 2.4.12
[34m[1mCouchDB version[0m
couchdb 1.6.1
[34m[1mNeo4j version[0m
1.9.4
[34m[1mRabbitMQ Version[0m
3.4.3
[34m[1mElasticSearch version[0m
1.4.0
[34m[1mInstalled Sphinx versions[0m
2.0.10
2.1.9
2.2.6
[34m[1mDefault Sphinx version[0m
2.2.6
[34m[1mInstalled Firefox version[0m
firefox 31.0esr
[34m[1mPhantomJS version[0m
1.9.8
[34m[1mant -version[0m
Apache Ant(TM) version 1.8.2 compiled on December 3 2011
[34m[1mmvn -version[0m
Apache Maven 3.2.5 (12a6b3acb947671f09b81f49094c53f426d8cea1; 2014-12-14T17:29:23+00:00)
Maven home: /usr/local/maven
Java version: 1.7.0_76, vendor: Oracle Corporation
Java home: /usr/lib/jvm/java-7-oracle/jre
Default locale: en_US, platform encoding: ANSI_X3.4-1968
OS name: "linux", version: "3.13.0-29-generic", arch: "amd64", family: "unix"
travis_fold:end:system_info[0K
travis_fold:start:fix.CVE-2015-7547[0K$ export DEBIAN_FRONTEND=noninteractive
W: Size of file /var/lib/apt/lists/us.archive.ubuntu.com_ubuntu_dists_precise-backports_multiverse_source_Sources.gz is not what the server reported 5886 5888
W: Size of file /var/lib/apt/lists/ppa.launchpad.net_ubuntugis_ppa_ubuntu_dists_precise_main_binary-amd64_Packages.gz is not what the server reported 36669 36677
W: Size of file /var/lib/apt/lists/ppa.launchpad.net_ubuntugis_ppa_ubuntu_dists_precise_main_binary-i386_Packages.gz is not what the server reported 36729 36733
Reading package lists...
Building dependency tree...
Reading state information...
The following extra packages will be installed:
  libc-bin libc-dev-bin libc6-dev
Suggested packages:
  glibc-doc
The following packages will be upgraded:
  libc-bin libc-dev-bin libc6 libc6-dev
4 upgraded, 0 newly installed, 0 to remove and 236 not upgraded.
Need to get 8,844 kB of archives.
After this operation, 9,216 B disk space will be freed.
Get:1 http://us.archive.ubuntu.com/ubuntu/ precise-updates/main libc6-dev amd64 2.15-0ubuntu10.13 [2,943 kB]
Get:2 http://us.archive.ubuntu.com/ubuntu/ precise-updates/main libc-dev-bin amd64 2.15-0ubuntu10.13 [84.7 kB]
Get:3 http://us.archive.ubuntu.com/ubuntu/ precise-updates/main libc-bin amd64 2.15-0ubuntu10.13 [1,179 kB]
Get:4 http://us.archive.ubuntu.com/ubuntu/ precise-updates/main libc6 amd64 2.15-0ubuntu10.13 [4,637 kB]
Fetched 8,844 kB in 0s (37.8 MB/s)
Preconfiguring packages ...
(Reading database ... (Reading database ... 5%(Reading database ... 10%(Reading database ... 15%(Reading database ... 20%(Reading database ... 25%(Reading database ... 30%(Reading database ... 35%(Reading database ... 40%(Reading database ... 45%(Reading database ... 50%(Reading database ... 55%(Reading database ... 60%(Reading database ... 65%(Reading database ... 70%(Reading database ... 75%(Reading database ... 80%(Reading database ... 85%(Reading database ... 90%(Reading database ... 95%(Reading database ... 100%(Reading database ... 72019 files and directories currently installed.)
Preparing to replace libc6-dev 2.15-0ubuntu10.10 (using .../libc6-dev_2.15-0ubuntu10.13_amd64.deb) ...
Unpacking replacement libc6-dev ...
Preparing to replace libc-dev-bin 2.15-0ubuntu10.10 (using .../libc-dev-bin_2.15-0ubuntu10.13_amd64.deb) ...
Unpacking replacement libc-dev-bin ...
Preparing to replace libc-bin 2.15-0ubuntu10.10 (using .../libc-bin_2.15-0ubuntu10.13_amd64.deb) ...
Unpacking replacement libc-bin ...
Processing triggers for man-db ...
Setting up libc-bin (2.15-0ubuntu10.13) ...
(Reading database ... (Reading database ... 5%(Reading database ... 10%(Reading database ... 15%(Reading database ... 20%(Reading database ... 25%(Reading database ... 30%(Reading database ... 35%(Reading database ... 40%(Reading database ... 45%(Reading database ... 50%(Reading database ... 55%(Reading database ... 60%(Reading database ... 65%(Reading database ... 70%(Reading database ... 75%(Reading database ... 80%(Reading database ... 85%(Reading database ... 90%(Reading database ... 95%(Reading database ... 100%(Reading database ... 72019 files and directories currently installed.)
Preparing to replace libc6 2.15-0ubuntu10.10 (using .../libc6_2.15-0ubuntu10.13_amd64.deb) ...
Unpacking replacement libc6 ...
Setting up libc6 (2.15-0ubuntu10.13) ...
Setting up libc-dev-bin (2.15-0ubuntu10.13) ...
Setting up libc6-dev (2.15-0ubuntu10.13) ...
Processing triggers for libc-bin ...
ldconfig deferred processing now taking place
travis_fold:end:fix.CVE-2015-7547[0Ktravis_fold:start:git.checkout[0Ktravis_time:start:11a11014[0K$ git clone --depth=10 --branch=master https://github.com/zxing/zxing.git zxing/zxing
Cloning into 'zxing/zxing'...
remote: Counting objects: 2600, done.[K
remote: Compressing objects:   0% (1/2096)   [Kremote: Compressing objects:   1% (21/2096)   [Kremote: Compressing objects:   2% (42/2096)   [Kremote: Compressing objects:   3% (63/2096)   [Kremote: Compressing objects:   4% (84/2096)   [Kremote: Compressing objects:   5% (105/2096)   [Kremote: Compressing objects:   6% (126/2096)   [Kremote: Compressing objects:   7% (147/2096)   [Kremote: Compressing objects:   8% (168/2096)   [Kremote: Compressing objects:   9% (189/2096)   [Kremote: Compressing objects:  10% (210/2096)   [Kremote: Compressing objects:  11% (231/2096)   [Kremote: Compressing objects:  12% (252/2096)   [Kremote: Compressing objects:  13% (273/2096)   [Kremote: Compressing objects:  14% (294/2096)   [Kremote: Compressing objects:  15% (315/2096)   [Kremote: Compressing objects:  16% (336/2096)   [Kremote: Compressing objects:  17% (357/2096)   [Kremote: Compressing objects:  18% (378/2096)   [Kremote: Compressing objects:  19% (399/2096)   [Kremote: Compressing objects:  20% (420/2096)   [Kremote: Compressing objects:  21% (441/2096)   [Kremote: Compressing objects:  22% (462/2096)   [Kremote: Compressing objects:  23% (483/2096)   [Kremote: Compressing objects:  24% (504/2096)   [Kremote: Compressing objects:  25% (524/2096)   [Kremote: Compressing objects:  26% (545/2096)   [Kremote: Compressing objects:  27% (566/2096)   [Kremote: Compressing objects:  28% (587/2096)   [Kremote: Compressing objects:  29% (608/2096)   [Kremote: Compressing objects:  30% (629/2096)   [Kremote: Compressing objects:  31% (650/2096)   [Kremote: Compressing objects:  32% (671/2096)   [Kremote: Compressing objects:  33% (692/2096)   [Kremote: Compressing objects:  34% (713/2096)   [Kremote: Compressing objects:  35% (734/2096)   [Kremote: Compressing objects:  36% (755/2096)   [Kremote: Compressing objects:  37% (776/2096)   [Kremote: Compressing objects:  38% (797/2096)   [Kremote: Compressing objects:  39% (818/2096)   [Kremote: Compressing objects:  40% (839/2096)   [Kremote: Compressing objects:  41% (860/2096)   [Kremote: Compressing objects:  42% (881/2096)   [Kremote: Compressing objects:  43% (902/2096)   [Kremote: Compressing objects:  44% (923/2096)   [Kremote: Compressing objects:  45% (944/2096)   [Kremote: Compressing objects:  46% (965/2096)   [Kremote: Compressing objects:  47% (986/2096)   [Kremote: Compressing objects:  48% (1007/2096)   [Kremote: Compressing objects:  49% (1028/2096)   [Kremote: Compressing objects:  50% (1048/2096)   [Kremote: Compressing objects:  51% (1069/2096)   [Kremote: Compressing objects:  52% (1090/2096)   [Kremote: Compressing objects:  53% (1111/2096)   [Kremote: Compressing objects:  54% (1132/2096)   [Kremote: Compressing objects:  55% (1153/2096)   [Kremote: Compressing objects:  56% (1174/2096)   [Kremote: Compressing objects:  57% (1195/2096)   [Kremote: Compressing objects:  58% (1216/2096)   [Kremote: Compressing objects:  59% (1237/2096)   [Kremote: Compressing objects:  60% (1258/2096)   [Kremote: Compressing objects:  61% (1279/2096)   [Kremote: Compressing objects:  62% (1300/2096)   [Kremote: Compressing objects:  63% (1321/2096)   [Kremote: Compressing objects:  64% (1342/2096)   [Kremote: Compressing objects:  65% (1363/2096)   [Kremote: Compressing objects:  66% (1384/2096)   [Kremote: Compressing objects:  67% (1405/2096)   [Kremote: Compressing objects:  68% (1426/2096)   [Kremote: Compressing objects:  69% (1447/2096)   [Kremote: Compressing objects:  70% (1468/2096)   [Kremote: Compressing objects:  71% (1489/2096)   [Kremote: Compressing objects:  72% (1510/2096)   [Kremote: Compressing objects:  73% (1531/2096)   [Kremote: Compressing objects:  74% (1552/2096)   [Kremote: Compressing objects:  75% (1572/2096)   [Kremote: Compressing objects:  76% (1593/2096)   [Kremote: Compressing objects:  77% (1614/2096)   [Kremote: Compressing objects:  78% (1635/2096)   [Kremote: Compressing objects:  79% (1656/2096)   [Kremote: Compressing objects:  80% (1677/2096)   [Kremote: Compressing objects:  81% (1698/2096)   [Kremote: Compressing objects:  82% (1719/2096)   [Kremote: Compressing objects:  83% (1740/2096)   [Kremote: Compressing objects:  84% (1761/2096)   [Kremote: Compressing objects:  85% (1782/2096)   [Kremote: Compressing objects:  86% (1803/2096)   [Kremote: Compressing objects:  87% (1824/2096)   [Kremote: Compressing objects:  88% (1845/2096)   [Kremote: Compressing objects:  89% (1866/2096)   [Kremote: Compressing objects:  90% (1887/2096)   [Kremote: Compressing objects:  91% (1908/2096)   [Kremote: Compressing objects:  92% (1929/2096)   [Kremote: Compressing objects:  93% (1950/2096)   [Kremote: Compressing objects:  94% (1971/2096)   [Kremote: Compressing objects:  95% (1992/2096)   [Kremote: Compressing objects:  96% (2013/2096)   [Kremote: Compressing objects:  97% (2034/2096)   [Kremote: Compressing objects:  98% (2055/2096)   [Kremote: Compressing objects:  99% (2076/2096)   [Kremote: Compressing objects: 100% (2096/2096)   [Kremote: Compressing objects: 100% (2096/2096), done.[K
Receiving objects:   0% (1/2600)   Receiving objects:   1% (26/2600)   Receiving objects:   2% (52/2600)   Receiving objects:   3% (78/2600)   Receiving objects:   4% (104/2600)   Receiving objects:   5% (130/2600)   Receiving objects:   6% (156/2600)   Receiving objects:   7% (182/2600)   Receiving objects:   8% (208/2600)   Receiving objects:   9% (234/2600)   Receiving objects:  10% (260/2600)   Receiving objects:  11% (286/2600)   Receiving objects:  12% (312/2600)   Receiving objects:  13% (338/2600)   Receiving objects:  14% (364/2600)   Receiving objects:  15% (390/2600)   Receiving objects:  16% (416/2600)   Receiving objects:  17% (442/2600)   Receiving objects:  18% (468/2600)   Receiving objects:  19% (494/2600)   Receiving objects:  20% (520/2600)   Receiving objects:  21% (546/2600)   Receiving objects:  22% (572/2600)   Receiving objects:  23% (598/2600), 660.00 KiB | 1.25 MiB/s   Receiving objects:  24% (624/2600), 660.00 KiB | 1.25 MiB/s   Receiving objects:  25% (650/2600), 660.00 KiB | 1.25 MiB/s   Receiving objects:  26% (676/2600), 660.00 KiB | 1.25 MiB/s   Receiving objects:  27% (702/2600), 660.00 KiB | 1.25 MiB/s   Receiving objects:  28% (728/2600), 660.00 KiB | 1.25 MiB/s   Receiving objects:  29% (754/2600), 660.00 KiB | 1.25 MiB/s   Receiving objects:  30% (780/2600), 660.00 KiB | 1.25 MiB/s   Receiving objects:  31% (806/2600), 660.00 KiB | 1.25 MiB/s   Receiving objects:  32% (832/2600), 660.00 KiB | 1.25 MiB/s   Receiving objects:  33% (858/2600), 660.00 KiB | 1.25 MiB/s   Receiving objects:  33% (863/2600), 1.34 MiB | 1.30 MiB/s   Receiving objects:  34% (884/2600), 1.89 MiB | 1.22 MiB/s   Receiving objects:  35% (910/2600), 1.89 MiB | 1.22 MiB/s   Receiving objects:  35% (912/2600), 1.89 MiB | 1.22 MiB/s   Receiving objects:  36% (936/2600), 2.86 MiB | 1.40 MiB/s   Receiving objects:  37% (962/2600), 4.68 MiB | 1.83 MiB/s   Receiving objects:  37% (965/2600), 5.97 MiB | 1.96 MiB/s   Receiving objects:  37% (978/2600), 7.87 MiB | 2.21 MiB/s   Receiving objects:  38% (988/2600), 10.31 MiB | 2.53 MiB/s   Receiving objects:  38% (1005/2600), 13.75 MiB | 3.01 MiB/s   Receiving objects:  39% (1014/2600), 18.43 MiB | 3.90 MiB/s   Receiving objects:  40% (1040/2600), 18.43 MiB | 3.90 MiB/s   Receiving objects:  41% (1066/2600), 24.18 MiB | 5.01 MiB/s   Receiving objects:  42% (1092/2600), 24.18 MiB | 5.01 MiB/s   Receiving objects:  43% (1118/2600), 24.18 MiB | 5.01 MiB/s   Receiving objects:  43% (1124/2600), 24.18 MiB | 5.01 MiB/s   Receiving objects:  44% (1144/2600), 28.38 MiB | 5.83 MiB/s   Receiving objects:  45% (1170/2600), 32.79 MiB | 6.58 MiB/s   Receiving objects:  45% (1174/2600), 32.79 MiB | 6.58 MiB/s   Receiving objects:  46% (1196/2600), 39.10 MiB | 7.58 MiB/s   Receiving objects:  47% (1222/2600), 39.10 MiB | 7.58 MiB/s   Receiving objects:  48% (1248/2600), 39.10 MiB | 7.58 MiB/s   Receiving objects:  49% (1274/2600), 39.10 MiB | 7.58 MiB/s   Receiving objects:  50% (1300/2600), 39.10 MiB | 7.58 MiB/s   Receiving objects:  51% (1326/2600), 39.10 MiB | 7.58 MiB/s   Receiving objects:  52% (1352/2600), 39.10 MiB | 7.58 MiB/s   Receiving objects:  52% (1375/2600), 48.24 MiB | 9.32 MiB/s   Receiving objects:  53% (1378/2600), 56.09 MiB | 10.65 MiB/s   Receiving objects:  54% (1404/2600), 56.09 MiB | 10.65 MiB/s   Receiving objects:  55% (1430/2600), 56.09 MiB | 10.65 MiB/s   Receiving objects:  56% (1456/2600), 64.07 MiB | 11.87 MiB/s   Receiving objects:  57% (1482/2600), 64.07 MiB | 11.87 MiB/s   Receiving objects:  58% (1508/2600), 64.07 MiB | 11.87 MiB/s   Receiving objects:  59% (1534/2600), 64.07 MiB | 11.87 MiB/s   Receiving objects:  60% (1560/2600), 70.21 MiB | 12.47 MiB/s   Receiving objects:  60% (1575/2600), 77.59 MiB | 11.15 MiB/s   Receiving objects:  60% (1576/2600), 77.64 MiB | 9.38 MiB/s   Receiving objects:  60% (1577/2600), 77.68 MiB | 8.33 MiB/s   Receiving objects:  61% (1586/2600), 77.68 MiB | 8.33 MiB/s   Receiving objects:  62% (1612/2600), 78.39 MiB | 7.28 MiB/s   Receiving objects:  62% (1621/2600), 79.15 MiB | 5.72 MiB/s   Receiving objects:  63% (1638/2600), 80.03 MiB | 4.43 MiB/s   Receiving objects:  63% (1638/2600), 81.21 MiB | 3.17 MiB/s   Receiving objects:  64% (1664/2600), 81.21 MiB | 3.17 MiB/s   Receiving objects:  65% (1690/2600), 81.21 MiB | 3.17 MiB/s   Receiving objects:  66% (1716/2600), 81.21 MiB | 3.17 MiB/s   Receiving objects:  67% (1742/2600), 83.82 MiB | 2.52 MiB/s   Receiving objects:  68% (1768/2600), 83.82 MiB | 2.52 MiB/s   Receiving objects:  69% (1794/2600), 83.82 MiB | 2.52 MiB/s   Receiving objects:  70% (1820/2600), 83.82 MiB | 2.52 MiB/s   Receiving objects:  71% (1846/2600), 83.82 MiB | 2.52 MiB/s   Receiving objects:  72% (1872/2600), 83.82 MiB | 2.52 MiB/s   Receiving objects:  72% (1889/2600), 87.38 MiB | 2.08 MiB/s   Receiving objects:  73% (1898/2600), 92.01 MiB | 2.81 MiB/s   Receiving objects:  73% (1905/2600), 92.01 MiB | 2.81 MiB/s   Receiving objects:  74% (1924/2600), 102.93 MiB | 5.56 MiB/s   Receiving objects:  75% (1950/2600), 102.93 MiB | 5.56 MiB/s   Receiving objects:  76% (1976/2600), 102.93 MiB | 5.56 MiB/s   Receiving objects:  77% (2002/2600), 102.93 MiB | 5.56 MiB/s   Receiving objects:  78% (2028/2600), 102.93 MiB | 5.56 MiB/s   Receiving objects:  79% (2054/2600), 102.93 MiB | 5.56 MiB/s   Receiving objects:  80% (2080/2600), 102.93 MiB | 5.56 MiB/s   Receiving objects:  81% (2106/2600), 102.93 MiB | 5.56 MiB/s   Receiving objects:  82% (2132/2600), 102.93 MiB | 5.56 MiB/s   Receiving objects:  82% (2149/2600), 106.30 MiB | 6.17 MiB/s   Receiving objects:  83% (2158/2600), 106.30 MiB | 6.17 MiB/s   Receiving objects:  84% (2184/2600), 109.88 MiB | 6.80 MiB/s   Receiving objects:  85% (2210/2600), 109.88 MiB | 6.80 MiB/s   Receiving objects:  85% (2235/2600), 109.88 MiB | 6.80 MiB/s   Receiving objects:  86% (2236/2600), 109.88 MiB | 6.80 MiB/s   Receiving objects:  87% (2262/2600), 112.64 MiB | 7.21 MiB/s   Receiving objects:  87% (2266/2600), 114.35 MiB | 6.58 MiB/s   Receiving objects:  87% (2266/2600), 114.46 MiB | 4.80 MiB/s   Receiving objects:  87% (2266/2600), 114.50 MiB | 2.34 MiB/s   Receiving objects:  87% (2266/2600), 114.54 MiB | 1.56 MiB/s   Receiving objects:  87% (2266/2600), 114.58 MiB | 874.00 KiB/s   Receiving objects:  87% (2266/2600), 114.66 MiB | 91.00 KiB/s   Receiving objects:  87% (2268/2600), 114.82 MiB | 71.00 KiB/s   Receiving objects:  87% (2268/2600), 114.83 MiB | 64.00 KiB/s   Receiving objects:  87% (2269/2600), 114.85 MiB | 63.00 KiB/s   Receiving objects:  87% (2272/2600), 115.69 MiB | 210.00 KiB/s   Receiving objects:  87% (2276/2600), 116.64 MiB | 398.00 KiB/s   Receiving objects:  87% (2283/2600), 117.89 MiB | 643.00 KiB/s   Receiving objects:  88% (2288/2600), 118.71 MiB | 811.00 KiB/s   Receiving objects:  88% (2295/2600), 119.59 MiB | 1004.00 KiB/s   Receiving objects:  89% (2314/2600), 120.46 MiB | 1.23 MiB/s   Receiving objects:  89% (2324/2600), 121.95 MiB | 1.48 MiB/s   Receiving objects:  90% (2340/2600), 121.95 MiB | 1.48 MiB/s   Receiving objects:  91% (2366/2600), 121.95 MiB | 1.48 MiB/s   Receiving objects:  92% (2392/2600), 121.95 MiB | 1.48 MiB/s   Receiving objects:  93% (2418/2600), 124.62 MiB | 1.96 MiB/s   Receiving objects:  94% (2444/2600), 124.62 MiB | 1.96 MiB/s   Receiving objects:  95% (2470/2600), 124.62 MiB | 1.96 MiB/s   Receiving objects:  96% (2496/2600), 124.62 MiB | 1.96 MiB/s   Receiving objects:  97% (2522/2600), 124.62 MiB | 1.96 MiB/s   remote: Total 2600 (delta 273), reused 2073 (delta 80), pack-reused 0[K
Receiving objects:  98% (2548/2600), 124.62 MiB | 1.96 MiB/s   Receiving objects:  99% (2574/2600), 124.62 MiB | 1.96 MiB/s   Receiving objects: 100% (2600/2600), 124.62 MiB | 1.96 MiB/s   Receiving objects: 100% (2600/2600), 126.24 MiB | 2.11 MiB/s, done.
Resolving deltas:   0% (0/273)   Resolving deltas:   1% (4/273)   Resolving deltas:   2% (6/273)   Resolving deltas:   3% (9/273)   Resolving deltas:   4% (11/273)   Resolving deltas:   5% (16/273)   Resolving deltas:   6% (19/273)   Resolving deltas:   8% (22/273)   Resolving deltas:   9% (25/273)   Resolving deltas:  12% (34/273)   Resolving deltas:  13% (36/273)   Resolving deltas:  14% (39/273)   Resolving deltas:  15% (42/273)   Resolving deltas:  21% (60/273)   Resolving deltas:  22% (62/273)   Resolving deltas:  23% (64/273)   Resolving deltas:  24% (67/273)   Resolving deltas:  25% (70/273)   Resolving deltas:  26% (72/273)   Resolving deltas:  27% (76/273)   Resolving deltas:  28% (78/273)   Resolving deltas:  29% (81/273)   Resolving deltas:  30% (83/273)   Resolving deltas:  31% (85/273)   Resolving deltas:  32% (88/273)   Resolving deltas:  34% (95/273)   Resolving deltas:  35% (98/273)   Resolving deltas:  36% (99/273)   Resolving deltas:  37% (102/273)   Resolving deltas:  39% (107/273)   Resolving deltas:  40% (110/273)   Resolving deltas:  41% (112/273)   Resolving deltas:  43% (118/273)   Resolving deltas:  45% (124/273)   Resolving deltas:  46% (128/273)   Resolving deltas:  50% (137/273)   Resolving deltas:  52% (143/273)   Resolving deltas:  53% (146/273)   Resolving deltas:  54% (148/273)   Resolving deltas:  55% (151/273)   Resolving deltas:  56% (153/273)   Resolving deltas:  57% (158/273)   Resolving deltas:  58% (160/273)   Resolving deltas:  59% (162/273)   Resolving deltas:  60% (164/273)   Resolving deltas:  61% (167/273)   Resolving deltas:  62% (170/273)   Resolving deltas:  63% (172/273)   Resolving deltas:  64% (175/273)   Resolving deltas:  69% (190/273)   Resolving deltas:  71% (195/273)   Resolving deltas:  73% (200/273)   Resolving deltas:  75% (205/273)   Resolving deltas:  77% (211/273)   Resolving deltas:  78% (213/273)   Resolving deltas:  80% (219/273)   Resolving deltas:  82% (225/273)   Resolving deltas:  85% (234/273)   Resolving deltas:  86% (236/273)   Resolving deltas:  87% (238/273)   Resolving deltas:  88% (241/273)   Resolving deltas:  89% (243/273)   Resolving deltas:  90% (248/273)   Resolving deltas:  91% (250/273)   Resolving deltas:  92% (252/273)   Resolving deltas:  93% (254/273)   Resolving deltas:  95% (262/273)   Resolving deltas:  96% (263/273)   Resolving deltas:  98% (268/273)   Resolving deltas: 100% (273/273)   Resolving deltas: 100% (273/273), done.
Checking connectivity... done.

travis_time:end:11a11014:start=1458835300334727910,finish=1458835343910289249,duration=43575561339[0K$ cd zxing/zxing
$ git checkout -qf 88c0076aee8edfd096be7985daef67116182f4d7
travis_fold:end:git.checkout[0K
[33;1mThis job is running on container-based infrastructure, which does not allow use of 'sudo', setuid and setguid executables.[0m
[33;1mIf you require sudo, add 'sudo: required' to your .travis.yml[0m
[33;1mSee https://docs.travis-ci.com/user/workers/container-based-infrastructure/ for details.[0m

[33;1mSetting environment variables from .travis.yml[0m
$ export COVERITY_SCAN_TOKEN=[secure]

$ jdk_switcher use oraclejdk8
Switching to Oracle JDK8 (java-8-oracle), JAVA_HOME will be set to /usr/lib/jvm/java-8-oracle
travis_fold:start:cache.1[0KSetting up build cache
$ export CASHER_DIR=$HOME/.casher
travis_time:start:39a8fe3d[0K$ Installing caching utilities

travis_time:end:39a8fe3d:start=1458835347751777728,finish=1458835347808441194,duration=56663466[0Ktravis_time:start:0db823f2[0K
travis_time:end:0db823f2:start=1458835347812853417,finish=1458835347815846193,duration=2992776[0Ktravis_time:start:0555f588[0K[32;1mattempting to download cache archive[0m
[32;1mfetching master/cache--jdk-oraclejdk8.tgz[0m
[32;1mfound cache[0m

travis_time:end:0555f588:start=1458835347819334834,finish=1458835350536336627,duration=2717001793[0Ktravis_time:start:016dd1f8[0K
travis_time:end:016dd1f8:start=1458835350540094819,finish=1458835350543365748,duration=3270929[0Ktravis_time:start:31568315[0K[32;1madding /home/travis/.m2 to cache[0m

travis_time:end:31568315:start=1458835350547073057,finish=1458835353351655356,duration=2804582299[0Ktravis_fold:end:cache.1[0K$ java -Xmx32m -version
java version "1.8.0_31"
Java(TM) SE Runtime Environment (build 1.8.0_31-b13)
Java HotSpot(TM) 64-Bit Server VM (build 25.31-b07, mixed mode)
$ javac -J-Xmx32m -version
javac 1.8.0_31
travis_fold:start:install[0Ktravis_time:start:07916f10[0K$ mvn install -DskipTests=true -Dmaven.javadoc.skip=true -B -V
Java HotSpot(TM) 64-Bit Server VM warning: ignoring option MaxPermSize=192m; support was removed in 8.0
Apache Maven 3.2.5 (12a6b3acb947671f09b81f49094c53f426d8cea1; 2014-12-14T17:29:23+00:00)
Maven home: /usr/local/maven
Java version: 1.8.0_31, vendor: Oracle Corporation
Java home: /usr/lib/jvm/java-8-oracle/jre
Default locale: en_US, platform encoding: UTF-8
OS name: "linux", version: "3.13.0-40-generic", arch: "amd64", family: "unix"
[INFO] Scanning for projects...
[INFO] ------------------------------------------------------------------------
[INFO] Reactor Build Order:
[INFO] 
[INFO] ZXing
[INFO] ZXing Core
[INFO] ZXing Java SE extensions
[INFO] ZXing Android Core
[INFO] ZXing Android Integration lib
[INFO] ZXing Appspot-based encoder
[INFO] ZXing zxing.org web app
[INFO]                                                                         
[INFO] ------------------------------------------------------------------------
[INFO] Building ZXing 3.2.2-SNAPSHOT
[INFO] ------------------------------------------------------------------------
[INFO] 
[INFO] --- maven-checkstyle-plugin:2.17:check (validate) @ zxing-parent ---
[INFO] 
[INFO] --- maven-enforcer-plugin:1.4.1:enforce (enforce) @ zxing-parent ---
[INFO] 
[INFO] --- maven-javadoc-plugin:2.10.3:jar (attach-javadocs) @ zxing-parent ---
[INFO] Skipping javadoc generation
[INFO] 
[INFO] --- maven-source-plugin:3.0.0:jar-no-fork (attach-sources) @ zxing-parent ---
[INFO] 
[INFO] >>> clirr-maven-plugin:2.7:check (check-api) > compile @ zxing-parent >>>
[INFO] 
[INFO] --- maven-checkstyle-plugin:2.17:check (validate) @ zxing-parent ---
[INFO] 
[INFO] --- maven-enforcer-plugin:1.4.1:enforce (enforce) @ zxing-parent ---
[INFO] 
[INFO] <<< clirr-maven-plugin:2.7:check (check-api) < compile @ zxing-parent <<<
[INFO] 
[INFO] --- clirr-maven-plugin:2.7:check (check-api) @ zxing-parent ---
[INFO] Not generating Clirr report as there are no classes generated by the project
[INFO] 
[INFO] --- apache-rat-plugin:0.11:check (default) @ zxing-parent ---
[INFO] 57 implicit excludes (use -debug for more details).
[INFO] Exclude: **/.*
[INFO] Exclude: **/.settings/**
[INFO] Exclude: **/*.iml
[INFO] Exclude: **/*.md
[INFO] Exclude: **/*.textile
[INFO] Exclude: **/*.txt
[INFO] Exclude: **/*.html
[INFO] Exclude: **/*.js
[INFO] Exclude: **/*.css
[INFO] Exclude: **/*.properties
[INFO] Exclude: **/*.cfg
[INFO] Exclude: **/*.config
[INFO] Exclude: **/*.yaml
[INFO] Exclude: **/gen/**
[INFO] Exclude: **/resources/**
[INFO] Exclude: **/symbolMaps/**
[INFO] Exclude: **/target/**
[INFO] Exclude: **/dependency-reduced-pom.xml
[INFO] Exclude: private/**
[INFO] Exclude: CHANGES
[INFO] Exclude: false
[INFO] 183 resources included (use -debug for more details)
[INFO] Rat check: Summary of files. Unapproved: 0 unknown: 0 generated: 0 approved: 159 licence.
[INFO] 
[INFO] --- maven-install-plugin:2.5.2:install (default-install) @ zxing-parent ---
[INFO] Installing /home/travis/build/zxing/zxing/pom.xml to /home/travis/.m2/repository/com/google/zxing/zxing-parent/3.2.2-SNAPSHOT/zxing-parent-3.2.2-SNAPSHOT.pom
[INFO]                                                                         
[INFO] ------------------------------------------------------------------------
[INFO] Building ZXing Core 3.2.2-SNAPSHOT
[INFO] ------------------------------------------------------------------------
[INFO] 
[INFO] --- maven-checkstyle-plugin:2.17:check (validate) @ core ---
[INFO] 
[INFO] --- maven-enforcer-plugin:1.4.1:enforce (enforce) @ core ---
[INFO] 
[INFO] --- maven-resources-plugin:2.7:resources (default-resources) @ core ---
[INFO] Using 'UTF-8' encoding to copy filtered resources.
[INFO] skip non existing resourceDirectory /home/travis/build/zxing/zxing/core/src/main/resources
[INFO] 
[INFO] --- maven-compiler-plugin:3.5.1:compile (default-compile) @ core ---
[INFO] Changes detected - recompiling the module!
[INFO] Compiling 231 source files to /home/travis/build/zxing/zxing/core/target/classes
[INFO] 
[INFO] --- maven-resources-plugin:2.7:testResources (default-testResources) @ core ---
[INFO] Using 'UTF-8' encoding to copy filtered resources.
[INFO] Copying 2294 resources
[INFO] 
[INFO] --- maven-compiler-plugin:3.5.1:testCompile (default-testCompile) @ core ---
[INFO] Changes detected - recompiling the module!
[INFO] Compiling 126 source files to /home/travis/build/zxing/zxing/core/target/test-classes
[INFO] 
[INFO] --- maven-surefire-plugin:2.19.1:test (default-test) @ core ---
[INFO] Tests are skipped.
[INFO] 
[INFO] --- maven-jar-plugin:2.6:jar (default-jar) @ core ---
[INFO] Building jar: /home/travis/build/zxing/zxing/core/target/core-3.2.2-SNAPSHOT.jar
[INFO] 
[INFO] --- maven-javadoc-plugin:2.10.3:jar (attach-javadocs) @ core ---
[INFO] Skipping javadoc generation
[INFO] 
[INFO] --- maven-source-plugin:3.0.0:jar-no-fork (attach-sources) @ core ---
[INFO] Building jar: /home/travis/build/zxing/zxing/core/target/core-3.2.2-SNAPSHOT-sources.jar
[INFO] 
[INFO] --- maven-dependency-plugin:2.10:copy (copy-android) @ core ---
[INFO] Configured Artifact: com.google.zxing:core:3.2.2-SNAPSHOT:jar
[INFO] Copying core-3.2.2-SNAPSHOT.jar to /home/travis/build/zxing/zxing/android/libs/core-3.2.2-SNAPSHOT.jar
[INFO] 
[INFO] --- maven-dependency-plugin:2.10:copy (copy-androidtest) @ core ---
[INFO] Configured Artifact: com.google.zxing:core:3.2.2-SNAPSHOT:jar
[INFO] Copying core-3.2.2-SNAPSHOT.jar to /home/travis/build/zxing/zxing/androidtest/libs/core-3.2.2-SNAPSHOT.jar
[INFO] 
[INFO] >>> clirr-maven-plugin:2.7:check (check-api) > compile @ core >>>
[INFO] 
[INFO] --- maven-checkstyle-plugin:2.17:check (validate) @ core ---
[INFO] 
[INFO] --- maven-enforcer-plugin:1.4.1:enforce (enforce) @ core ---
[INFO] 
[INFO] --- maven-resources-plugin:2.7:resources (default-resources) @ core ---
[INFO] Using 'UTF-8' encoding to copy filtered resources.
[INFO] skip non existing resourceDirectory /home/travis/build/zxing/zxing/core/src/main/resources
[INFO] 
[INFO] --- maven-compiler-plugin:3.5.1:compile (default-compile) @ core ---
[INFO] Nothing to compile - all classes are up to date
[INFO] 
[INFO] <<< clirr-maven-plugin:2.7:check (check-api) < compile @ core <<<
[INFO] 
[INFO] --- clirr-maven-plugin:2.7:check (check-api) @ core ---
[INFO] artifact com.google.zxing:core: checking for updates from central
[INFO] artifact com.google.zxing:core: checking for updates from sonatype
[INFO] artifact com.google.zxing:core: checking for updates from sonatype-snapshots
[INFO] artifact com.google.zxing:core: checking for updates from sonatype-apache
[INFO] artifact com.google.zxing:core: checking for updates from apache-snapshots
[INFO] artifact com.google.zxing:core: checking for updates from codehaus-snapshots
[WARNING] repository metadata for: 'artifact com.google.zxing:core' could not be retrieved from repository: codehaus-snapshots due to an error: nexus.codehaus.org: unknown error
[INFO] artifact com.google.zxing:core: checking for updates from sonatype
[INFO] artifact com.google.zxing:core: checking for updates from sonatype-snapshots
[INFO] artifact com.google.zxing:core: checking for updates from sonatype-apache
[INFO] artifact com.google.zxing:core: checking for updates from apache-snapshots
[INFO] artifact com.google.zxing:core: checking for updates from codehaus-snapshots
[WARNING] repository metadata for: 'artifact com.google.zxing:core' could not be retrieved from repository: codehaus-snapshots due to an error: nexus.codehaus.org
[INFO] Comparing to version: 3.2.1
[INFO] Succeeded with 0 errors; 0 warnings; and 0 other changes.
[INFO] 
[INFO] --- apache-rat-plugin:0.11:check (default) @ core ---
[INFO] 51 implicit excludes (use -debug for more details).
[INFO] Exclude: **/.*
[INFO] Exclude: **/.settings/**
[INFO] Exclude: **/*.iml
[INFO] Exclude: **/*.md
[INFO] Exclude: **/*.textile
[INFO] Exclude: **/*.txt
[INFO] Exclude: **/*.html
[INFO] Exclude: **/*.js
[INFO] Exclude: **/*.css
[INFO] Exclude: **/*.properties
[INFO] Exclude: **/*.cfg
[INFO] Exclude: **/*.config
[INFO] Exclude: **/*.yaml
[INFO] Exclude: **/gen/**
[INFO] Exclude: **/resources/**
[INFO] Exclude: **/symbolMaps/**
[INFO] Exclude: **/target/**
[INFO] Exclude: **/dependency-reduced-pom.xml
[INFO] Exclude: private/**
[INFO] Exclude: CHANGES
[INFO] Exclude: false
[INFO] 358 resources included (use -debug for more details)
[INFO] Rat check: Summary of files. Unapproved: 0 unknown: 0 generated: 0 approved: 358 licence.
[INFO] 
[INFO] --- maven-install-plugin:2.5.2:install (default-install) @ core ---
[INFO] Installing /home/travis/build/zxing/zxing/core/target/core-3.2.2-SNAPSHOT.jar to /home/travis/.m2/repository/com/google/zxing/core/3.2.2-SNAPSHOT/core-3.2.2-SNAPSHOT.jar
[INFO] Installing /home/travis/build/zxing/zxing/core/pom.xml to /home/travis/.m2/repository/com/google/zxing/core/3.2.2-SNAPSHOT/core-3.2.2-SNAPSHOT.pom
[INFO] Installing /home/travis/build/zxing/zxing/core/target/core-3.2.2-SNAPSHOT-sources.jar to /home/travis/.m2/repository/com/google/zxing/core/3.2.2-SNAPSHOT/core-3.2.2-SNAPSHOT-sources.jar
[INFO]                                                                         
[INFO] ------------------------------------------------------------------------
[INFO] Building ZXing Java SE extensions 3.2.2-SNAPSHOT
[INFO] ------------------------------------------------------------------------
[INFO] 
[INFO] --- maven-checkstyle-plugin:2.17:check (validate) @ javase ---
[INFO] 
[INFO] --- maven-enforcer-plugin:1.4.1:enforce (enforce) @ javase ---
[INFO] 
[INFO] --- maven-resources-plugin:2.7:resources (default-resources) @ javase ---
[INFO] Using 'UTF-8' encoding to copy filtered resources.
[INFO] skip non existing resourceDirectory /home/travis/build/zxing/zxing/javase/src/main/resources
[INFO] 
[INFO] --- maven-compiler-plugin:3.5.1:compile (default-compile) @ javase ---
[INFO] Changes detected - recompiling the module!
[INFO] Compiling 12 source files to /home/travis/build/zxing/zxing/javase/target/classes
[INFO] 
[INFO] --- maven-resources-plugin:2.7:testResources (default-testResources) @ javase ---
[INFO] Using 'UTF-8' encoding to copy filtered resources.
[INFO] skip non existing resourceDirectory /home/travis/build/zxing/zxing/javase/src/test/resources
[INFO] 
[INFO] --- maven-compiler-plugin:3.5.1:testCompile (default-testCompile) @ javase ---
[INFO] No sources to compile
[INFO] 
[INFO] --- maven-surefire-plugin:2.19.1:test (default-test) @ javase ---
[INFO] Tests are skipped.
[INFO] 
[INFO] --- maven-jar-plugin:2.6:jar (default-jar) @ javase ---
[INFO] Building jar: /home/travis/build/zxing/zxing/javase/target/javase-3.2.2-SNAPSHOT.jar
[INFO] 
[INFO] --- maven-javadoc-plugin:2.10.3:jar (attach-javadocs) @ javase ---
[INFO] Skipping javadoc generation
[INFO] 
[INFO] --- maven-source-plugin:3.0.0:jar-no-fork (attach-sources) @ javase ---
[INFO] Building jar: /home/travis/build/zxing/zxing/javase/target/javase-3.2.2-SNAPSHOT-sources.jar
[INFO] 
[INFO] >>> clirr-maven-plugin:2.7:check (check-api) > compile @ javase >>>
[INFO] 
[INFO] --- maven-checkstyle-plugin:2.17:check (validate) @ javase ---
[INFO] 
[INFO] --- maven-enforcer-plugin:1.4.1:enforce (enforce) @ javase ---
[INFO] 
[INFO] --- maven-resources-plugin:2.7:resources (default-resources) @ javase ---
[INFO] Using 'UTF-8' encoding to copy filtered resources.
[INFO] skip non existing resourceDirectory /home/travis/build/zxing/zxing/javase/src/main/resources
[INFO] 
[INFO] --- maven-compiler-plugin:3.5.1:compile (default-compile) @ javase ---
[INFO] Nothing to compile - all classes are up to date
[INFO] 
[INFO] <<< clirr-maven-plugin:2.7:check (check-api) < compile @ javase <<<
[INFO] 
[INFO] --- clirr-maven-plugin:2.7:check (check-api) @ javase ---
[INFO] artifact com.google.zxing:javase: checking for updates from central
[INFO] artifact com.google.zxing:javase: checking for updates from sonatype
[INFO] artifact com.google.zxing:javase: checking for updates from sonatype-snapshots
[INFO] artifact com.google.zxing:javase: checking for updates from sonatype-apache
[INFO] artifact com.google.zxing:javase: checking for updates from apache-snapshots
[INFO] artifact com.google.zxing:javase: checking for updates from codehaus-snapshots
[WARNING] repository metadata for: 'artifact com.google.zxing:javase' could not be retrieved from repository: codehaus-snapshots due to an error: nexus.codehaus.org
[INFO] artifact com.google.zxing:javase: checking for updates from sonatype
[INFO] artifact com.google.zxing:javase: checking for updates from sonatype-snapshots
[INFO] artifact com.google.zxing:javase: checking for updates from sonatype-apache
[INFO] artifact com.google.zxing:javase: checking for updates from apache-snapshots
[INFO] artifact com.google.zxing:javase: checking for updates from codehaus-snapshots
[WARNING] repository metadata for: 'artifact com.google.zxing:javase' could not be retrieved from repository: codehaus-snapshots due to an error: nexus.codehaus.org
[INFO] Comparing to version: 3.2.1
[INFO] Succeeded with 0 errors; 0 warnings; and 0 other changes.
[INFO] 
[INFO] --- apache-rat-plugin:0.11:check (default) @ javase ---
[INFO] 51 implicit excludes (use -debug for more details).
[INFO] Exclude: **/.*
[INFO] Exclude: **/.settings/**
[INFO] Exclude: **/*.iml
[INFO] Exclude: **/*.md
[INFO] Exclude: **/*.textile
[INFO] Exclude: **/*.txt
[INFO] Exclude: **/*.html
[INFO] Exclude: **/*.js
[INFO] Exclude: **/*.css
[INFO] Exclude: **/*.properties
[INFO] Exclude: **/*.cfg
[INFO] Exclude: **/*.config
[INFO] Exclude: **/*.yaml
[INFO] Exclude: **/gen/**
[INFO] Exclude: **/resources/**
[INFO] Exclude: **/symbolMaps/**
[INFO] Exclude: **/target/**
[INFO] Exclude: **/dependency-reduced-pom.xml
[INFO] Exclude: private/**
[INFO] Exclude: CHANGES
[INFO] Exclude: false
[INFO] 13 resources included (use -debug for more details)
[INFO] Rat check: Summary of files. Unapproved: 0 unknown: 0 generated: 0 approved: 13 licence.
[INFO] 
[INFO] --- maven-install-plugin:2.5.2:install (default-install) @ javase ---
[INFO] Installing /home/travis/build/zxing/zxing/javase/target/javase-3.2.2-SNAPSHOT.jar to /home/travis/.m2/repository/com/google/zxing/javase/3.2.2-SNAPSHOT/javase-3.2.2-SNAPSHOT.jar
[INFO] Installing /home/travis/build/zxing/zxing/javase/pom.xml to /home/travis/.m2/repository/com/google/zxing/javase/3.2.2-SNAPSHOT/javase-3.2.2-SNAPSHOT.pom
[INFO] Installing /home/travis/build/zxing/zxing/javase/target/javase-3.2.2-SNAPSHOT-sources.jar to /home/travis/.m2/repository/com/google/zxing/javase/3.2.2-SNAPSHOT/javase-3.2.2-SNAPSHOT-sources.jar
[INFO]                                                                         
[INFO] ------------------------------------------------------------------------
[INFO] Building ZXing Android Core 3.2.2-SNAPSHOT
[INFO] ------------------------------------------------------------------------
[INFO] 
[INFO] --- maven-checkstyle-plugin:2.17:check (validate) @ android-core ---
[INFO] 
[INFO] --- maven-enforcer-plugin:1.4.1:enforce (enforce) @ android-core ---
[INFO] 
[INFO] --- maven-resources-plugin:2.7:resources (default-resources) @ android-core ---
[INFO] Using 'UTF-8' encoding to copy filtered resources.
[INFO] skip non existing resourceDirectory /home/travis/build/zxing/zxing/android-core/src/main/resources
[INFO] 
[INFO] --- maven-compiler-plugin:3.5.1:compile (default-compile) @ android-core ---
[INFO] Changes detected - recompiling the module!
[INFO] Compiling 1 source file to /home/travis/build/zxing/zxing/android-core/target/classes
[INFO] 
[INFO] --- maven-resources-plugin:2.7:testResources (default-testResources) @ android-core ---
[INFO] Using 'UTF-8' encoding to copy filtered resources.
[INFO] skip non existing resourceDirectory /home/travis/build/zxing/zxing/android-core/src/test/resources
[INFO] 
[INFO] --- maven-compiler-plugin:3.5.1:testCompile (default-testCompile) @ android-core ---
[INFO] No sources to compile
[INFO] 
[INFO] --- maven-surefire-plugin:2.19.1:test (default-test) @ android-core ---
[INFO] Tests are skipped.
[INFO] 
[INFO] --- maven-jar-plugin:2.6:jar (default-jar) @ android-core ---
[INFO] Building jar: /home/travis/build/zxing/zxing/android-core/target/android-core-3.2.2-SNAPSHOT.jar
[INFO] 
[INFO] --- maven-javadoc-plugin:2.10.3:jar (attach-javadocs) @ android-core ---
[INFO] Skipping javadoc generation
[INFO] 
[INFO] --- maven-source-plugin:3.0.0:jar-no-fork (attach-sources) @ android-core ---
[INFO] Building jar: /home/travis/build/zxing/zxing/android-core/target/android-core-3.2.2-SNAPSHOT-sources.jar
[INFO] 
[INFO] >>> clirr-maven-plugin:2.7:check (check-api) > compile @ android-core >>>
[INFO] 
[INFO] --- maven-checkstyle-plugin:2.17:check (validate) @ android-core ---
[INFO] 
[INFO] --- maven-enforcer-plugin:1.4.1:enforce (enforce) @ android-core ---
[INFO] 
[INFO] --- maven-resources-plugin:2.7:resources (default-resources) @ android-core ---
[INFO] Using 'UTF-8' encoding to copy filtered resources.
[INFO] skip non existing resourceDirectory /home/travis/build/zxing/zxing/android-core/src/main/resources
[INFO] 
[INFO] --- maven-compiler-plugin:3.5.1:compile (default-compile) @ android-core ---
[INFO] Nothing to compile - all classes are up to date
[INFO] 
[INFO] <<< clirr-maven-plugin:2.7:check (check-api) < compile @ android-core <<<
[INFO] 
[INFO] --- clirr-maven-plugin:2.7:check (check-api) @ android-core ---
[INFO] artifact com.google.zxing:android-core: checking for updates from central
[INFO] artifact com.google.zxing:android-core: checking for updates from sonatype
[INFO] artifact com.google.zxing:android-core: checking for updates from sonatype-snapshots
[INFO] artifact com.google.zxing:android-core: checking for updates from sonatype-apache
[INFO] artifact com.google.zxing:android-core: checking for updates from apache-snapshots
[INFO] artifact com.google.zxing:android-core: checking for updates from codehaus-snapshots
[WARNING] repository metadata for: 'artifact com.google.zxing:android-core' could not be retrieved from repository: codehaus-snapshots due to an error: nexus.codehaus.org
[INFO] artifact com.google.zxing:android-core: checking for updates from sonatype
[INFO] artifact com.google.zxing:android-core: checking for updates from sonatype-snapshots
[INFO] artifact com.google.zxing:android-core: checking for updates from sonatype-apache
[INFO] artifact com.google.zxing:android-core: checking for updates from apache-snapshots
[INFO] artifact com.google.zxing:android-core: checking for updates from codehaus-snapshots
[WARNING] repository metadata for: 'artifact com.google.zxing:android-core' could not be retrieved from repository: codehaus-snapshots due to an error: nexus.codehaus.org
[INFO] Comparing to version: 3.2.1
[INFO] Succeeded with 0 errors; 0 warnings; and 0 other changes.
[INFO] 
[INFO] --- apache-rat-plugin:0.11:check (default) @ android-core ---
[INFO] 51 implicit excludes (use -debug for more details).
[INFO] Exclude: **/.*
[INFO] Exclude: **/.settings/**
[INFO] Exclude: **/*.iml
[INFO] Exclude: **/*.md
[INFO] Exclude: **/*.textile
[INFO] Exclude: **/*.txt
[INFO] Exclude: **/*.html
[INFO] Exclude: **/*.js
[INFO] Exclude: **/*.css
[INFO] Exclude: **/*.properties
[INFO] Exclude: **/*.cfg
[INFO] Exclude: **/*.config
[INFO] Exclude: **/*.yaml
[INFO] Exclude: **/gen/**
[INFO] Exclude: **/resources/**
[INFO] Exclude: **/symbolMaps/**
[INFO] Exclude: **/target/**
[INFO] Exclude: **/dependency-reduced-pom.xml
[INFO] Exclude: private/**
[INFO] Exclude: CHANGES
[INFO] Exclude: false
[INFO] 2 resources included (use -debug for more details)
[INFO] Rat check: Summary of files. Unapproved: 0 unknown: 0 generated: 0 approved: 2 licence.
[INFO] 
[INFO] --- maven-install-plugin:2.5.2:install (default-install) @ android-core ---
[INFO] Installing /home/travis/build/zxing/zxing/android-core/target/android-core-3.2.2-SNAPSHOT.jar to /home/travis/.m2/repository/com/google/zxing/android-core/3.2.2-SNAPSHOT/android-core-3.2.2-SNAPSHOT.jar
[INFO] Installing /home/travis/build/zxing/zxing/android-core/pom.xml to /home/travis/.m2/repository/com/google/zxing/android-core/3.2.2-SNAPSHOT/android-core-3.2.2-SNAPSHOT.pom
[INFO] Installing /home/travis/build/zxing/zxing/android-core/target/android-core-3.2.2-SNAPSHOT-sources.jar to /home/travis/.m2/repository/com/google/zxing/android-core/3.2.2-SNAPSHOT/android-core-3.2.2-SNAPSHOT-sources.jar
[INFO]                                                                         
[INFO] ------------------------------------------------------------------------
[INFO] Building ZXing Android Integration lib 3.2.2-SNAPSHOT
[INFO] ------------------------------------------------------------------------
[INFO] 
[INFO] --- maven-checkstyle-plugin:2.17:check (validate) @ android-integration ---
[INFO] 
[INFO] --- maven-enforcer-plugin:1.4.1:enforce (enforce) @ android-integration ---
[INFO] 
[INFO] --- maven-resources-plugin:2.7:resources (default-resources) @ android-integration ---
[INFO] Using 'UTF-8' encoding to copy filtered resources.
[INFO] skip non existing resourceDirectory /home/travis/build/zxing/zxing/android-integration/src/main/resources
[INFO] 
[INFO] --- maven-compiler-plugin:3.5.1:compile (default-compile) @ android-integration ---
[INFO] Changes detected - recompiling the module!
[INFO] Compiling 2 source files to /home/travis/build/zxing/zxing/android-integration/target/classes
[INFO] 
[INFO] --- maven-resources-plugin:2.7:testResources (default-testResources) @ android-integration ---
[INFO] Using 'UTF-8' encoding to copy filtered resources.
[INFO] skip non existing resourceDirectory /home/travis/build/zxing/zxing/android-integration/src/test/resources
[INFO] 
[INFO] --- maven-compiler-plugin:3.5.1:testCompile (default-testCompile) @ android-integration ---
[INFO] No sources to compile
[INFO] 
[INFO] --- maven-surefire-plugin:2.19.1:test (default-test) @ android-integration ---
[INFO] Tests are skipped.
[INFO] 
[INFO] --- maven-jar-plugin:2.6:jar (default-jar) @ android-integration ---
[INFO] Building jar: /home/travis/build/zxing/zxing/android-integration/target/android-integration-3.2.2-SNAPSHOT.jar
[INFO] 
[INFO] --- maven-javadoc-plugin:2.10.3:jar (attach-javadocs) @ android-integration ---
[INFO] Skipping javadoc generation
[INFO] 
[INFO] --- maven-source-plugin:3.0.0:jar-no-fork (attach-sources) @ android-integration ---
[INFO] Building jar: /home/travis/build/zxing/zxing/android-integration/target/android-integration-3.2.2-SNAPSHOT-sources.jar
[INFO] 
[INFO] --- maven-dependency-plugin:2.10:copy (copy-androidtest) @ android-integration ---
[INFO] Configured Artifact: com.google.zxing:android-integration:3.2.2-SNAPSHOT:jar
[INFO] Copying android-integration-3.2.2-SNAPSHOT.jar to /home/travis/build/zxing/zxing/androidtest/libs/android-integration-3.2.2-SNAPSHOT.jar
[INFO] 
[INFO] >>> clirr-maven-plugin:2.7:check (check-api) > compile @ android-integration >>>
[INFO] 
[INFO] --- maven-checkstyle-plugin:2.17:check (validate) @ android-integration ---
[INFO] 
[INFO] --- maven-enforcer-plugin:1.4.1:enforce (enforce) @ android-integration ---
[INFO] 
[INFO] --- maven-resources-plugin:2.7:resources (default-resources) @ android-integration ---
[INFO] Using 'UTF-8' encoding to copy filtered resources.
[INFO] skip non existing resourceDirectory /home/travis/build/zxing/zxing/android-integration/src/main/resources
[INFO] 
[INFO] --- maven-compiler-plugin:3.5.1:compile (default-compile) @ android-integration ---
[INFO] Nothing to compile - all classes are up to date
[INFO] 
[INFO] <<< clirr-maven-plugin:2.7:check (check-api) < compile @ android-integration <<<
[INFO] 
[INFO] --- clirr-maven-plugin:2.7:check (check-api) @ android-integration ---
[INFO] artifact com.google.zxing:android-integration: checking for updates from central
[INFO] artifact com.google.zxing:android-integration: checking for updates from sonatype
[INFO] artifact com.google.zxing:android-integration: checking for updates from sonatype-snapshots
[INFO] artifact com.google.zxing:android-integration: checking for updates from sonatype-apache
[INFO] artifact com.google.zxing:android-integration: checking for updates from apache-snapshots
[INFO] artifact com.google.zxing:android-integration: checking for updates from codehaus-snapshots
[WARNING] repository metadata for: 'artifact com.google.zxing:android-integration' could not be retrieved from repository: codehaus-snapshots due to an error: nexus.codehaus.org: unknown error
[INFO] artifact com.google.zxing:android-integration: checking for updates from sonatype
[INFO] artifact com.google.zxing:android-integration: checking for updates from sonatype-snapshots
[INFO] artifact com.google.zxing:android-integration: checking for updates from sonatype-apache
[INFO] artifact com.google.zxing:android-integration: checking for updates from apache-snapshots
[INFO] artifact com.google.zxing:android-integration: checking for updates from codehaus-snapshots
[WARNING] repository metadata for: 'artifact com.google.zxing:android-integration' could not be retrieved from repository: codehaus-snapshots due to an error: nexus.codehaus.org
[INFO] Comparing to version: 3.2.1
[INFO] Succeeded with 0 errors; 0 warnings; and 0 other changes.
[INFO] 
[INFO] --- apache-rat-plugin:0.11:check (default) @ android-integration ---
[INFO] 51 implicit excludes (use -debug for more details).
[INFO] Exclude: **/.*
[INFO] Exclude: **/.settings/**
[INFO] Exclude: **/*.iml
[INFO] Exclude: **/*.md
[INFO] Exclude: **/*.textile
[INFO] Exclude: **/*.txt
[INFO] Exclude: **/*.html
[INFO] Exclude: **/*.js
[INFO] Exclude: **/*.css
[INFO] Exclude: **/*.properties
[INFO] Exclude: **/*.cfg
[INFO] Exclude: **/*.config
[INFO] Exclude: **/*.yaml
[INFO] Exclude: **/gen/**
[INFO] Exclude: **/resources/**
[INFO] Exclude: **/symbolMaps/**
[INFO] Exclude: **/target/**
[INFO] Exclude: **/dependency-reduced-pom.xml
[INFO] Exclude: private/**
[INFO] Exclude: CHANGES
[INFO] Exclude: false
[INFO] 3 resources included (use -debug for more details)
[INFO] Rat check: Summary of files. Unapproved: 0 unknown: 0 generated: 0 approved: 3 licence.
[INFO] 
[INFO] --- maven-install-plugin:2.5.2:install (default-install) @ android-integration ---
[INFO] Installing /home/travis/build/zxing/zxing/android-integration/target/android-integration-3.2.2-SNAPSHOT.jar to /home/travis/.m2/repository/com/google/zxing/android-integration/3.2.2-SNAPSHOT/android-integration-3.2.2-SNAPSHOT.jar
[INFO] Installing /home/travis/build/zxing/zxing/android-integration/pom.xml to /home/travis/.m2/repository/com/google/zxing/android-integration/3.2.2-SNAPSHOT/android-integration-3.2.2-SNAPSHOT.pom
[INFO] Installing /home/travis/build/zxing/zxing/android-integration/target/android-integration-3.2.2-SNAPSHOT-sources.jar to /home/travis/.m2/repository/com/google/zxing/android-integration/3.2.2-SNAPSHOT/android-integration-3.2.2-SNAPSHOT-sources.jar
[INFO]                                                                         
[INFO] ------------------------------------------------------------------------
[INFO] Building ZXing Appspot-based encoder 3.2.2-SNAPSHOT
[INFO] ------------------------------------------------------------------------
[INFO] 
[INFO] --- maven-checkstyle-plugin:2.17:check (validate) @ zxing.appspot.com ---
[INFO] 
[INFO] --- maven-enforcer-plugin:1.4.1:enforce (enforce) @ zxing.appspot.com ---
[INFO] 
[INFO] --- maven-resources-plugin:2.7:resources (default-resources) @ zxing.appspot.com ---
[INFO] Using 'UTF-8' encoding to copy filtered resources.
[INFO] Copying 1 resource
[INFO] 
[INFO] --- maven-compiler-plugin:3.5.1:compile (default-compile) @ zxing.appspot.com ---
[INFO] Changes detected - recompiling the module!
[INFO] Compiling 16 source files to /home/travis/build/zxing/zxing/zxing.appspot.com/target/classes
[INFO] 
[INFO] --- maven-resources-plugin:2.7:testResources (default-testResources) @ zxing.appspot.com ---
[INFO] Using 'UTF-8' encoding to copy filtered resources.
[INFO] skip non existing resourceDirectory /home/travis/build/zxing/zxing/zxing.appspot.com/src/test/resources
[INFO] 
[INFO] --- maven-compiler-plugin:3.5.1:testCompile (default-testCompile) @ zxing.appspot.com ---
[INFO] No sources to compile
[INFO] 
[INFO] --- maven-surefire-plugin:2.19.1:test (default-test) @ zxing.appspot.com ---
[INFO] Tests are skipped.
[INFO] 
[INFO] --- gwt-maven-plugin:2.8.0-beta1:compile (default) @ zxing.appspot.com ---
[INFO] auto discovered modules [com.google.zxing.web.generator.Generator]
[ERROR] Mar 24, 2016 4:03:41 PM java.util.prefs.FileSystemPreferences$1 run
[ERROR] INFO: Created user preferences directory.
[INFO] Compiling module com.google.zxing.web.generator.Generator
[INFO]    Compiling 5 permutations
[INFO]       Compiling permutation 0...
[INFO]       Process output
[INFO]          Compiling
[INFO]             Compiling permutation 1...
[INFO]       Process output
[INFO]          Compiling
[INFO]             Compiling permutation 3...
[INFO]       Process output
[INFO]          Compiling
[INFO]             Compiling permutation 2...
[INFO]       Process output
[INFO]          Compiling
[INFO]             Compiling permutation 4...
[INFO]    Compile of permutations succeeded
[INFO]    Compilation succeeded -- 143.835s
[INFO] Linking into /home/travis/build/zxing/zxing/zxing.appspot.com/src/main/webapp/generator
[INFO]    Link succeeded
[INFO]    Linking succeeded -- 0.651s
[INFO] 
[INFO] --- maven-war-plugin:2.6:war (default-war) @ zxing.appspot.com ---
[INFO] Packaging webapp
[INFO] Assembling webapp [zxing.appspot.com] in [/home/travis/build/zxing/zxing/zxing.appspot.com/target/zxing.appspot.com-3.2.2-SNAPSHOT]
[INFO] Processing war project
[INFO] Copying webapp resources [/home/travis/build/zxing/zxing/zxing.appspot.com/src/main/webapp]
[INFO] Webapp assembled in [90 msecs]
[INFO] Building war: /home/travis/build/zxing/zxing/zxing.appspot.com/target/zxing.appspot.com-3.2.2-SNAPSHOT.war
[INFO] 
[INFO] --- maven-javadoc-plugin:2.10.3:jar (attach-javadocs) @ zxing.appspot.com ---
[INFO] Skipping javadoc generation
[INFO] 
[INFO] --- maven-source-plugin:3.0.0:jar-no-fork (attach-sources) @ zxing.appspot.com ---
[INFO] Building jar: /home/travis/build/zxing/zxing/zxing.appspot.com/target/zxing.appspot.com-3.2.2-SNAPSHOT-sources.jar
[INFO] 
[INFO] >>> clirr-maven-plugin:2.7:check (check-api) > compile @ zxing.appspot.com >>>
[INFO] 
[INFO] --- maven-checkstyle-plugin:2.17:check (validate) @ zxing.appspot.com ---
[INFO] 
[INFO] --- maven-enforcer-plugin:1.4.1:enforce (enforce) @ zxing.appspot.com ---
[INFO] 
[INFO] --- maven-resources-plugin:2.7:resources (default-resources) @ zxing.appspot.com ---
[INFO] Using 'UTF-8' encoding to copy filtered resources.
[INFO] Copying 1 resource
[INFO] 
[INFO] --- maven-compiler-plugin:3.5.1:compile (default-compile) @ zxing.appspot.com ---
[INFO] Nothing to compile - all classes are up to date
[INFO] 
[INFO] <<< clirr-maven-plugin:2.7:check (check-api) < compile @ zxing.appspot.com <<<
[INFO] 
[INFO] --- clirr-maven-plugin:2.7:check (check-api) @ zxing.appspot.com ---
[INFO] artifact com.google.zxing:zxing.appspot.com: checking for updates from central
[INFO] artifact com.google.zxing:zxing.appspot.com: checking for updates from sonatype
[INFO] artifact com.google.zxing:zxing.appspot.com: checking for updates from sonatype-snapshots
[INFO] artifact com.google.zxing:zxing.appspot.com: checking for updates from sonatype-apache
[INFO] artifact com.google.zxing:zxing.appspot.com: checking for updates from apache-snapshots
[INFO] artifact com.google.zxing:zxing.appspot.com: checking for updates from codehaus-snapshots
[WARNING] repository metadata for: 'artifact com.google.zxing:zxing.appspot.com' could not be retrieved from repository: codehaus-snapshots due to an error: nexus.codehaus.org: unknown error
[INFO] artifact com.google.zxing:zxing.appspot.com: checking for updates from sonatype
[INFO] artifact com.google.zxing:zxing.appspot.com: checking for updates from sonatype-snapshots
[INFO] artifact com.google.zxing:zxing.appspot.com: checking for updates from sonatype-apache
[INFO] artifact com.google.zxing:zxing.appspot.com: checking for updates from apache-snapshots
[INFO] artifact com.google.zxing:zxing.appspot.com: checking for updates from codehaus-snapshots
[WARNING] repository metadata for: 'artifact com.google.zxing:zxing.appspot.com' could not be retrieved from repository: codehaus-snapshots due to an error: nexus.codehaus.org
[INFO] Comparing to version: 3.2.1
[INFO] Succeeded with 0 errors; 0 warnings; and 0 other changes.
[INFO] 
[INFO] --- apache-rat-plugin:0.11:check (default) @ zxing.appspot.com ---
[INFO] 51 implicit excludes (use -debug for more details).
[INFO] Exclude: **/.*
[INFO] Exclude: **/.settings/**
[INFO] Exclude: **/*.iml
[INFO] Exclude: **/*.md
[INFO] Exclude: **/*.textile
[INFO] Exclude: **/*.txt
[INFO] Exclude: **/*.html
[INFO] Exclude: **/*.js
[INFO] Exclude: **/*.css
[INFO] Exclude: **/*.properties
[INFO] Exclude: **/*.cfg
[INFO] Exclude: **/*.config
[INFO] Exclude: **/*.yaml
[INFO] Exclude: **/gen/**
[INFO] Exclude: **/resources/**
[INFO] Exclude: **/symbolMaps/**
[INFO] Exclude: **/target/**
[INFO] Exclude: **/dependency-reduced-pom.xml
[INFO] Exclude: private/**
[INFO] Exclude: CHANGES
[INFO] Exclude: false
[INFO] 39 resources included (use -debug for more details)
[INFO] Rat check: Summary of files. Unapproved: 0 unknown: 0 generated: 0 approved: 19 licence.
[INFO] 
[INFO] --- maven-install-plugin:2.5.2:install (default-install) @ zxing.appspot.com ---
[INFO] Installing /home/travis/build/zxing/zxing/zxing.appspot.com/target/zxing.appspot.com-3.2.2-SNAPSHOT.war to /home/travis/.m2/repository/com/google/zxing/zxing.appspot.com/3.2.2-SNAPSHOT/zxing.appspot.com-3.2.2-SNAPSHOT.war
[INFO] Installing /home/travis/build/zxing/zxing/zxing.appspot.com/pom.xml to /home/travis/.m2/repository/com/google/zxing/zxing.appspot.com/3.2.2-SNAPSHOT/zxing.appspot.com-3.2.2-SNAPSHOT.pom
[INFO] Installing /home/travis/build/zxing/zxing/zxing.appspot.com/target/zxing.appspot.com-3.2.2-SNAPSHOT-sources.jar to /home/travis/.m2/repository/com/google/zxing/zxing.appspot.com/3.2.2-SNAPSHOT/zxing.appspot.com-3.2.2-SNAPSHOT-sources.jar
[INFO]                                                                         
[INFO] ------------------------------------------------------------------------
[INFO] Building ZXing zxing.org web app 3.2.2-SNAPSHOT
[INFO] ------------------------------------------------------------------------
[INFO] 
[INFO] --- maven-checkstyle-plugin:2.17:check (validate) @ zxingorg ---
[INFO] 
[INFO] --- maven-enforcer-plugin:1.4.1:enforce (enforce) @ zxingorg ---
[INFO] 
[INFO] --- maven-resources-plugin:2.7:resources (default-resources) @ zxingorg ---
[INFO] Using 'UTF-8' encoding to copy filtered resources.
[INFO] Copying 1 resource
[INFO] 
[INFO] --- maven-compiler-plugin:3.5.1:compile (default-compile) @ zxingorg ---
[INFO] Changes detected - recompiling the module!
[INFO] Compiling 7 source files to /home/travis/build/zxing/zxing/zxingorg/target/classes
[INFO] 
[INFO] --- maven-resources-plugin:2.7:testResources (default-testResources) @ zxingorg ---
[INFO] Using 'UTF-8' encoding to copy filtered resources.
[INFO] skip non existing resourceDirectory /home/travis/build/zxing/zxing/zxingorg/src/test/resources
[INFO] 
[INFO] --- maven-compiler-plugin:3.5.1:testCompile (default-testCompile) @ zxingorg ---
[INFO] No sources to compile
[INFO] 
[INFO] --- maven-surefire-plugin:2.19.1:test (default-test) @ zxingorg ---
[INFO] Tests are skipped.
[INFO] 
[INFO] --- maven-war-plugin:2.6:war (default-war) @ zxingorg ---
[INFO] Packaging webapp
[INFO] Assembling webapp [zxingorg] in [/home/travis/build/zxing/zxing/zxingorg/target/zxingorg-3.2.2-SNAPSHOT]
[INFO] Processing war project
[INFO] Copying webapp resources [/home/travis/build/zxing/zxing/zxingorg/src/web]
[INFO] Webapp assembled in [46 msecs]
[INFO] Building war: /home/travis/build/zxing/zxing/zxingorg/target/zxingorg-3.2.2-SNAPSHOT.war
[INFO] 
[INFO] --- maven-javadoc-plugin:2.10.3:jar (attach-javadocs) @ zxingorg ---
[INFO] Skipping javadoc generation
[INFO] 
[INFO] --- maven-source-plugin:3.0.0:jar-no-fork (attach-sources) @ zxingorg ---
[INFO] Building jar: /home/travis/build/zxing/zxing/zxingorg/target/zxingorg-3.2.2-SNAPSHOT-sources.jar
[INFO] 
[INFO] >>> clirr-maven-plugin:2.7:check (check-api) > compile @ zxingorg >>>
[INFO] 
[INFO] --- maven-checkstyle-plugin:2.17:check (validate) @ zxingorg ---
[INFO] 
[INFO] --- maven-enforcer-plugin:1.4.1:enforce (enforce) @ zxingorg ---
[INFO] 
[INFO] --- maven-resources-plugin:2.7:resources (default-resources) @ zxingorg ---
[INFO] Using 'UTF-8' encoding to copy filtered resources.
[INFO] Copying 1 resource
[INFO] 
[INFO] --- maven-compiler-plugin:3.5.1:compile (default-compile) @ zxingorg ---
[INFO] Nothing to compile - all classes are up to date
[INFO] 
[INFO] <<< clirr-maven-plugin:2.7:check (check-api) < compile @ zxingorg <<<
[INFO] 
[INFO] --- clirr-maven-plugin:2.7:check (check-api) @ zxingorg ---
[INFO] artifact com.google.zxing:zxingorg: checking for updates from central
[INFO] artifact com.google.zxing:zxingorg: checking for updates from sonatype
[INFO] artifact com.google.zxing:zxingorg: checking for updates from sonatype-snapshots
[INFO] artifact com.google.zxing:zxingorg: checking for updates from sonatype-apache
[INFO] artifact com.google.zxing:zxingorg: checking for updates from apache-snapshots
[INFO] artifact com.google.zxing:zxingorg: checking for updates from codehaus-snapshots
[WARNING] repository metadata for: 'artifact com.google.zxing:zxingorg' could not be retrieved from repository: codehaus-snapshots due to an error: nexus.codehaus.org
[INFO] artifact com.google.zxing:zxingorg: checking for updates from sonatype
[INFO] artifact com.google.zxing:zxingorg: checking for updates from sonatype-snapshots
[INFO] artifact com.google.zxing:zxingorg: checking for updates from sonatype-apache
[INFO] artifact com.google.zxing:zxingorg: checking for updates from apache-snapshots
[INFO] artifact com.google.zxing:zxingorg: checking for updates from codehaus-snapshots
[WARNING] repository metadata for: 'artifact com.google.zxing:zxingorg' could not be retrieved from repository: codehaus-snapshots due to an error: nexus.codehaus.org
[INFO] Comparing to version: 3.2.1
[INFO] Succeeded with 0 errors; 0 warnings; and 0 other changes.
[INFO] 
[INFO] --- apache-rat-plugin:0.11:check (default) @ zxingorg ---
[INFO] 51 implicit excludes (use -debug for more details).
[INFO] Exclude: **/.*
[INFO] Exclude: **/.settings/**
[INFO] Exclude: **/*.iml
[INFO] Exclude: **/*.md
[INFO] Exclude: **/*.textile
[INFO] Exclude: **/*.txt
[INFO] Exclude: **/*.html
[INFO] Exclude: **/*.js
[INFO] Exclude: **/*.css
[INFO] Exclude: **/*.properties
[INFO] Exclude: **/*.cfg
[INFO] Exclude: **/*.config
[INFO] Exclude: **/*.yaml
[INFO] Exclude: **/gen/**
[INFO] Exclude: **/resources/**
[INFO] Exclude: **/symbolMaps/**
[INFO] Exclude: **/target/**
[INFO] Exclude: **/dependency-reduced-pom.xml
[INFO] Exclude: private/**
[INFO] Exclude: CHANGES
[INFO] Exclude: false
[INFO] 14 resources included (use -debug for more details)
[INFO] Rat check: Summary of files. Unapproved: 0 unknown: 0 generated: 0 approved: 12 licence.
[INFO] 
[INFO] --- maven-install-plugin:2.5.2:install (default-install) @ zxingorg ---
[INFO] Installing /home/travis/build/zxing/zxing/zxingorg/target/zxingorg-3.2.2-SNAPSHOT.war to /home/travis/.m2/repository/com/google/zxing/zxingorg/3.2.2-SNAPSHOT/zxingorg-3.2.2-SNAPSHOT.war
[INFO] Installing /home/travis/build/zxing/zxing/zxingorg/pom.xml to /home/travis/.m2/repository/com/google/zxing/zxingorg/3.2.2-SNAPSHOT/zxingorg-3.2.2-SNAPSHOT.pom
[INFO] Installing /home/travis/build/zxing/zxing/zxingorg/target/zxingorg-3.2.2-SNAPSHOT-sources.jar to /home/travis/.m2/repository/com/google/zxing/zxingorg/3.2.2-SNAPSHOT/zxingorg-3.2.2-SNAPSHOT-sources.jar
[INFO] ------------------------------------------------------------------------
[INFO] Reactor Summary:
[INFO] 
[INFO] ZXing .............................................. SUCCESS [ 12.605 s]
[INFO] ZXing Core ......................................... SUCCESS [ 40.397 s]
[INFO] ZXing Java SE extensions ........................... SUCCESS [  4.655 s]
[INFO] ZXing Android Core ................................. SUCCESS [  2.819 s]
[INFO] ZXing Android Integration lib ...................... SUCCESS [  1.980 s]
[INFO] ZXing Appspot-based encoder ........................ SUCCESS [02:35 min]
[INFO] ZXing zxing.org web app ............................ SUCCESS [  4.075 s]
[INFO] ------------------------------------------------------------------------
[INFO] BUILD SUCCESS
[INFO] ------------------------------------------------------------------------
[INFO] Total time: 03:42 min
[INFO] Finished at: 2016-03-24T16:06:18+00:00
[INFO] Final Memory: 45M/455M
[INFO] ------------------------------------------------------------------------

travis_time:end:07916f10:start=1458835353954865827,finish=1458835588649688452,duration=234694822625[0Ktravis_fold:end:install[0Kcoverity_scan:start$ export PROJECT_NAME=zxing/zxing
coverity_scan:endtravis_time:start:019d80d8[0K$ mvn -Ptravis ${JACOCO} test
Java HotSpot(TM) 64-Bit Server VM warning: ignoring option MaxPermSize=192m; support was removed in 8.0
[INFO] Scanning for projects...
[INFO] ------------------------------------------------------------------------
[INFO] Reactor Build Order:
[INFO] 
[INFO] ZXing
[INFO] ZXing Core
[INFO] ZXing Java SE extensions
[INFO] ZXing Android Core
[INFO] ZXing Android Integration lib
[INFO] ZXing Appspot-based encoder
[INFO] ZXing zxing.org web app
[INFO]                                                                         
[INFO] ------------------------------------------------------------------------
[INFO] Building ZXing 3.2.2-SNAPSHOT
[INFO] ------------------------------------------------------------------------
[INFO] 
[INFO] --- maven-checkstyle-plugin:2.17:check (validate) @ zxing-parent ---
[INFO] 
[INFO] --- maven-enforcer-plugin:1.4.1:enforce (enforce) @ zxing-parent ---
[INFO]                                                                         
[INFO] ------------------------------------------------------------------------
[INFO] Building ZXing Core 3.2.2-SNAPSHOT
[INFO] ------------------------------------------------------------------------
[INFO] 
[INFO] --- maven-checkstyle-plugin:2.17:check (validate) @ core ---
[INFO] 
[INFO] --- maven-enforcer-plugin:1.4.1:enforce (enforce) @ core ---
[INFO] 
[INFO] --- maven-resources-plugin:2.7:resources (default-resources) @ core ---
[INFO] Using 'UTF-8' encoding to copy filtered resources.
[INFO] skip non existing resourceDirectory /home/travis/build/zxing/zxing/core/src/main/resources
[INFO] 
[INFO] --- maven-compiler-plugin:3.5.1:compile (default-compile) @ core ---
[INFO] Nothing to compile - all classes are up to date
[INFO] 
[INFO] --- maven-resources-plugin:2.7:testResources (default-testResources) @ core ---
[INFO] Using 'UTF-8' encoding to copy filtered resources.
[INFO] Copying 2294 resources
[INFO] 
[INFO] --- maven-compiler-plugin:3.5.1:testCompile (default-testCompile) @ core ---
[INFO] Nothing to compile - all classes are up to date
[INFO] 
[INFO] --- maven-surefire-plugin:2.19.1:test (default-test) @ core ---

-------------------------------------------------------
 T E S T S
-------------------------------------------------------
Running com.google.zxing.oned.Code39BlackBox1TestCase
INFO: Starting src/test/resources/blackbox/code39-1/1.png
INFO: Starting src/test/resources/blackbox/code39-1/2.png
INFO: Starting src/test/resources/blackbox/code39-1/3.png
INFO: Starting src/test/resources/blackbox/code39-1/4.png
INFO: Rotation 0 degrees:
INFO:  4 of 4 images passed (4 required)
INFO:  0 failed due to misreads, 0 not detected
INFO:  4 of 4 images passed with try harder (4 required)
INFO:  0 failed due to misreads, 0 not detected
INFO: Rotation 180 degrees:
INFO:  4 of 4 images passed (4 required)
INFO:  0 failed due to misreads, 0 not detected
INFO:  4 of 4 images passed with try harder (4 required)
INFO:  0 failed due to misreads, 0 not detected
INFO: Decoded 16 images out of 16 (100%, 16 required)
Tests run: 1, Failures: 0, Errors: 0, Skipped: 0, Time elapsed: 1.485 sec - in com.google.zxing.oned.Code39BlackBox1TestCase
Running com.google.zxing.oned.rss.RSS14BlackBox1TestCase
INFO: Starting src/test/resources/blackbox/rss14-1/1.png
INFO: Starting src/test/resources/blackbox/rss14-1/2.png
INFO: Starting src/test/resources/blackbox/rss14-1/3.png
INFO: Starting src/test/resources/blackbox/rss14-1/4.png
INFO: Starting src/test/resources/blackbox/rss14-1/5.png
INFO: Starting src/test/resources/blackbox/rss14-1/6.png
INFO: Rotation 0 degrees:
INFO:  6 of 6 images passed (6 required)
INFO:  0 failed due to misreads, 0 not detected
INFO:  6 of 6 images passed with try harder (6 required)
INFO:  0 failed due to misreads, 0 not detected
INFO: Rotation 180 degrees:
INFO:  6 of 6 images passed (6 required)
INFO:  0 failed due to misreads, 0 not detected
INFO:  6 of 6 images passed with try harder (6 required)
INFO:  0 failed due to misreads, 0 not detected
INFO: Decoded 24 images out of 24 (100%, 24 required)
Tests run: 1, Failures: 0, Errors: 0, Skipped: 0, Time elapsed: 0.743 sec - in com.google.zxing.oned.rss.RSS14BlackBox1TestCase
Running com.google.zxing.oned.rss.expanded.RSSExpandedBlackBox2TestCase
INFO: Starting src/test/resources/blackbox/rssexpanded-2/12.png
INFO: Starting src/test/resources/blackbox/rssexpanded-2/13.png
INFO: Starting src/test/resources/blackbox/rssexpanded-2/16.png
INFO: Starting src/test/resources/blackbox/rssexpanded-2/17.png
INFO: Starting src/test/resources/blackbox/rssexpanded-2/18.png
INFO: Starting src/test/resources/blackbox/rssexpanded-2/18b.png
INFO: Starting src/test/resources/blackbox/rssexpanded-2/19.png
INFO: Starting src/test/resources/blackbox/rssexpanded-2/21.png
INFO: Starting src/test/resources/blackbox/rssexpanded-2/3_01.png
INFO: Starting src/test/resources/blackbox/rssexpanded-2/3_02.png
INFO: Starting src/test/resources/blackbox/rssexpanded-2/3_03.png
INFO: Starting src/test/resources/blackbox/rssexpanded-2/3_04.png
INFO: Starting src/test/resources/blackbox/rssexpanded-2/3_05.png
INFO: Starting src/test/resources/blackbox/rssexpanded-2/3_06.png
INFO: Starting src/test/resources/blackbox/rssexpanded-2/3_07.png
INFO: Starting src/test/resources/blackbox/rssexpanded-2/3_09.png
INFO: Starting src/test/resources/blackbox/rssexpanded-2/4_00.png
INFO: Starting src/test/resources/blackbox/rssexpanded-2/4_01.png
INFO: Starting src/test/resources/blackbox/rssexpanded-2/4_02.png
INFO: Starting src/test/resources/blackbox/rssexpanded-2/4_03.png
INFO: Starting src/test/resources/blackbox/rssexpanded-2/4_04.png
INFO: Starting src/test/resources/blackbox/rssexpanded-2/4_05.png
INFO: Starting src/test/resources/blackbox/rssexpanded-2/5.png
INFO: Rotation 0 degrees:
INFO:  21 of 23 images passed (21 required)
INFO:  0 failed due to misreads, 2 not detected
INFO:  23 of 23 images passed with try harder (23 required)
INFO:  0 failed due to misreads, 0 not detected
INFO: Rotation 180 degrees:
INFO:  21 of 23 images passed (21 required)
INFO:  0 failed due to misreads, 2 not detected
INFO:  23 of 23 images passed with try harder (23 required)
INFO:  0 failed due to misreads, 0 not detected
INFO: Decoded 88 images out of 92 (95%, 88 required)
Tests run: 1, Failures: 0, Errors: 0, Skipped: 0, Time elapsed: 6.372 sec - in com.google.zxing.oned.rss.expanded.RSSExpandedBlackBox2TestCase
Running com.google.zxing.oned.rss.expanded.decoders.AI01_3103_DecoderTest
Tests run: 3, Failures: 0, Errors: 0, Skipped: 0, Time elapsed: 0.01 sec - in com.google.zxing.oned.rss.expanded.decoders.AI01_3103_DecoderTest
Running com.google.zxing.oned.rss.expanded.decoders.AnyAIDecoderTest
Tests run: 6, Failures: 0, Errors: 0, Skipped: 0, Time elapsed: 0.036 sec - in com.google.zxing.oned.rss.expanded.decoders.AnyAIDecoderTest
Running com.google.zxing.oned.rss.expanded.decoders.AI01_3X0X_1X_DecoderTest
Tests run: 9, Failures: 0, Errors: 0, Skipped: 0, Time elapsed: 0 sec - in com.google.zxing.oned.rss.expanded.decoders.AI01_3X0X_1X_DecoderTest
Running com.google.zxing.oned.rss.expanded.decoders.AI01_3202_3203_DecoderTest
Tests run: 2, Failures: 0, Errors: 0, Skipped: 0, Time elapsed: 0.001 sec - in com.google.zxing.oned.rss.expanded.decoders.AI01_3202_3203_DecoderTest
Running com.google.zxing.oned.rss.expanded.decoders.FieldParserTest
Tests run: 2, Failures: 0, Errors: 0, Skipped: 0, Time elapsed: 0 sec - in com.google.zxing.oned.rss.expanded.decoders.FieldParserTest
Running com.google.zxing.oned.rss.expanded.RSSExpandedStackedBlackBox1TestCase
INFO: Starting src/test/resources/blackbox/rssexpandedstacked-1/1.png
INFO: Starting src/test/resources/blackbox/rssexpandedstacked-1/10.png
INFO: Starting src/test/resources/blackbox/rssexpandedstacked-1/11.png
INFO: Starting src/test/resources/blackbox/rssexpandedstacked-1/12.png
INFO: Starting src/test/resources/blackbox/rssexpandedstacked-1/13.png
INFO: Starting src/test/resources/blackbox/rssexpandedstacked-1/14.png
INFO: Starting src/test/resources/blackbox/rssexpandedstacked-1/15.png
INFO: Starting src/test/resources/blackbox/rssexpandedstacked-1/16.png
INFO: Starting src/test/resources/blackbox/rssexpandedstacked-1/17.png
INFO: Starting src/test/resources/blackbox/rssexpandedstacked-1/18.png
INFO: Starting src/test/resources/blackbox/rssexpandedstacked-1/19.png
INFO: Starting src/test/resources/blackbox/rssexpandedstacked-1/2.png
INFO: Starting src/test/resources/blackbox/rssexpandedstacked-1/20.png
INFO: Starting src/test/resources/blackbox/rssexpandedstacked-1/21.png
INFO: Starting src/test/resources/blackbox/rssexpandedstacked-1/22.png
INFO: Starting src/test/resources/blackbox/rssexpandedstacked-1/23.png
INFO: Starting src/test/resources/blackbox/rssexpandedstacked-1/24.png
INFO: Starting src/test/resources/blackbox/rssexpandedstacked-1/25.png
INFO: Starting src/test/resources/blackbox/rssexpandedstacked-1/26.png
INFO: Starting src/test/resources/blackbox/rssexpandedstacked-1/27.png
INFO: Starting src/test/resources/blackbox/rssexpandedstacked-1/28.png
INFO: Starting src/test/resources/blackbox/rssexpandedstacked-1/29.png
INFO: Starting src/test/resources/blackbox/rssexpandedstacked-1/3.png
INFO: Starting src/test/resources/blackbox/rssexpandedstacked-1/30.png
INFO: Starting src/test/resources/blackbox/rssexpandedstacked-1/31.png
INFO: Starting src/test/resources/blackbox/rssexpandedstacked-1/32.png
INFO: Starting src/test/resources/blackbox/rssexpandedstacked-1/33.png
INFO: Starting src/test/resources/blackbox/rssexpandedstacked-1/34.png
INFO: Starting src/test/resources/blackbox/rssexpandedstacked-1/35.png
INFO: Starting src/test/resources/blackbox/rssexpandedstacked-1/36.png
INFO: Starting src/test/resources/blackbox/rssexpandedstacked-1/37.png
INFO: Starting src/test/resources/blackbox/rssexpandedstacked-1/38.png
INFO: Starting src/test/resources/blackbox/rssexpandedstacked-1/39.png
INFO: Starting src/test/resources/blackbox/rssexpandedstacked-1/4.png
INFO: Starting src/test/resources/blackbox/rssexpandedstacked-1/40.png
INFO: Starting src/test/resources/blackbox/rssexpandedstacked-1/41.png
INFO: Starting src/test/resources/blackbox/rssexpandedstacked-1/42.png
INFO: Starting src/test/resources/blackbox/rssexpandedstacked-1/43.png
INFO: Starting src/test/resources/blackbox/rssexpandedstacked-1/44.png
INFO: Starting src/test/resources/blackbox/rssexpandedstacked-1/45.png
INFO: Starting src/test/resources/blackbox/rssexpandedstacked-1/46.png
INFO: Starting src/test/resources/blackbox/rssexpandedstacked-1/47.png
INFO: Starting src/test/resources/blackbox/rssexpandedstacked-1/48.png
INFO: Starting src/test/resources/blackbox/rssexpandedstacked-1/49.png
INFO: Starting src/test/resources/blackbox/rssexpandedstacked-1/5.png
INFO: Starting src/test/resources/blackbox/rssexpandedstacked-1/50.png
INFO: Starting src/test/resources/blackbox/rssexpandedstacked-1/51.png
INFO: Starting src/test/resources/blackbox/rssexpandedstacked-1/52.png
INFO: Starting src/test/resources/blackbox/rssexpandedstacked-1/53.png
INFO: Starting src/test/resources/blackbox/rssexpandedstacked-1/54.png
INFO: Starting src/test/resources/blackbox/rssexpandedstacked-1/55.png
INFO: Starting src/test/resources/blackbox/rssexpandedstacked-1/56.png
INFO: Starting src/test/resources/blackbox/rssexpandedstacked-1/57.png
INFO: Starting src/test/resources/blackbox/rssexpandedstacked-1/58.png
INFO: Starting src/test/resources/blackbox/rssexpandedstacked-1/59.png
INFO: Starting src/test/resources/blackbox/rssexpandedstacked-1/6.png
INFO: Starting src/test/resources/blackbox/rssexpandedstacked-1/60.png
INFO: Starting src/test/resources/blackbox/rssexpandedstacked-1/61.png
INFO: Starting src/test/resources/blackbox/rssexpandedstacked-1/62.png
INFO: Starting src/test/resources/blackbox/rssexpandedstacked-1/63.png
INFO: Starting src/test/resources/blackbox/rssexpandedstacked-1/64.png
INFO: Starting src/test/resources/blackbox/rssexpandedstacked-1/7.png
INFO: Starting src/test/resources/blackbox/rssexpandedstacked-1/8.png
INFO: Starting src/test/resources/blackbox/rssexpandedstacked-1/9.png
INFO: Rotation 0 degrees:
INFO:  59 of 64 images passed (59 required)
INFO:  0 failed due to misreads, 5 not detected
INFO:  64 of 64 images passed with try harder (64 required)
INFO:  0 failed due to misreads, 0 not detected
INFO: Rotation 180 degrees:
INFO:  59 of 64 images passed (59 required)
INFO:  0 failed due to misreads, 5 not detected
INFO:  64 of 64 images passed with try harder (64 required)
INFO:  0 failed due to misreads, 0 not detected
INFO: Decoded 246 images out of 256 (96%, 246 required)
Tests run: 1, Failures: 0, Errors: 0, Skipped: 0, Time elapsed: 2.467 sec - in com.google.zxing.oned.rss.expanded.RSSExpandedStackedBlackBox1TestCase
Running com.google.zxing.oned.rss.expanded.RSSExpandedStackedBlackBox2TestCase
INFO: Starting src/test/resources/blackbox/rssexpandedstacked-2/1.png
INFO: Starting src/test/resources/blackbox/rssexpandedstacked-2/1000.png
INFO: Starting src/test/resources/blackbox/rssexpandedstacked-2/13.png
INFO: Starting src/test/resources/blackbox/rssexpandedstacked-2/19.png
INFO: Starting src/test/resources/blackbox/rssexpandedstacked-2/20.png
INFO: Starting src/test/resources/blackbox/rssexpandedstacked-2/22.png
INFO: Starting src/test/resources/blackbox/rssexpandedstacked-2/23.png
INFO: Rotation 0 degrees:
INFO:  2 of 7 images passed (2 required)
INFO:  0 failed due to misreads, 5 not detected
INFO:  7 of 7 images passed with try harder (7 required)
INFO:  0 failed due to misreads, 0 not detected
INFO: Rotation 180 degrees:
INFO:  2 of 7 images passed (2 required)
INFO:  0 failed due to misreads, 5 not detected
INFO:  7 of 7 images passed with try harder (7 required)
INFO:  0 failed due to misreads, 0 not detected
INFO: Decoded 18 images out of 28 (64%, 18 required)
Tests run: 1, Failures: 0, Errors: 0, Skipped: 0, Time elapsed: 0.347 sec - in com.google.zxing.oned.rss.expanded.RSSExpandedStackedBlackBox2TestCase
Running com.google.zxing.oned.rss.expanded.BinaryUtilTest
Tests run: 2, Failures: 0, Errors: 0, Skipped: 0, Time elapsed: 0.004 sec - in com.google.zxing.oned.rss.expanded.BinaryUtilTest
Running com.google.zxing.oned.rss.expanded.RSSExpandedStackedInternalTestCase
Tests run: 2, Failures: 0, Errors: 0, Skipped: 0, Time elapsed: 0.068 sec - in com.google.zxing.oned.rss.expanded.RSSExpandedStackedInternalTestCase
Running com.google.zxing.oned.rss.expanded.RSSExpandedImage2stringTestCase
Tests run: 27, Failures: 0, Errors: 0, Skipped: 0, Time elapsed: 0.118 sec - in com.google.zxing.oned.rss.expanded.RSSExpandedImage2stringTestCase
Running com.google.zxing.oned.rss.expanded.RSSExpandedImage2binaryTestCase
Tests run: 18, Failures: 0, Errors: 0, Skipped: 0, Time elapsed: 0.184 sec - in com.google.zxing.oned.rss.expanded.RSSExpandedImage2binaryTestCase
Running com.google.zxing.oned.rss.expanded.RSSExpandedInternalTestCase
Tests run: 4, Failures: 0, Errors: 0, Skipped: 0, Time elapsed: 0.137 sec - in com.google.zxing.oned.rss.expanded.RSSExpandedInternalTestCase
Running com.google.zxing.oned.rss.expanded.ExpandedInformationDecoderTest
Tests run: 1, Failures: 0, Errors: 0, Skipped: 0, Time elapsed: 0.013 sec - in com.google.zxing.oned.rss.expanded.ExpandedInformationDecoderTest
Running com.google.zxing.oned.rss.expanded.BitArrayBuilderTest
Tests run: 1, Failures: 0, Errors: 0, Skipped: 0, Time elapsed: 0.027 sec - in com.google.zxing.oned.rss.expanded.BitArrayBuilderTest
Running com.google.zxing.oned.rss.expanded.RSSExpandedBlackBox3TestCase
INFO: Starting src/test/resources/blackbox/rssexpanded-3/1.png
INFO: Starting src/test/resources/blackbox/rssexpanded-3/10.png
INFO: Starting src/test/resources/blackbox/rssexpanded-3/100.png
INFO: Starting src/test/resources/blackbox/rssexpanded-3/101.png
INFO: Starting src/test/resources/blackbox/rssexpanded-3/102.png
INFO: Starting src/test/resources/blackbox/rssexpanded-3/103.png
INFO: Starting src/test/resources/blackbox/rssexpanded-3/104.png
INFO: Starting src/test/resources/blackbox/rssexpanded-3/105.png
INFO: Starting src/test/resources/blackbox/rssexpanded-3/106.png
INFO: Starting src/test/resources/blackbox/rssexpanded-3/107.png
INFO: Starting src/test/resources/blackbox/rssexpanded-3/108.png
INFO: Starting src/test/resources/blackbox/rssexpanded-3/109.png
INFO: Starting src/test/resources/blackbox/rssexpanded-3/11.png
INFO: Starting src/test/resources/blackbox/rssexpanded-3/110.png
INFO: Starting src/test/resources/blackbox/rssexpanded-3/111.png
INFO: Starting src/test/resources/blackbox/rssexpanded-3/112.png
INFO: Starting src/test/resources/blackbox/rssexpanded-3/113.png
INFO: Starting src/test/resources/blackbox/rssexpanded-3/114.png
INFO: Starting src/test/resources/blackbox/rssexpanded-3/115.png
INFO: Starting src/test/resources/blackbox/rssexpanded-3/116.png
INFO: Starting src/test/resources/blackbox/rssexpanded-3/117.png
INFO: Starting src/test/resources/blackbox/rssexpanded-3/12.png
INFO: Starting src/test/resources/blackbox/rssexpanded-3/13.png
INFO: Starting src/test/resources/blackbox/rssexpanded-3/14.png
INFO: Starting src/test/resources/blackbox/rssexpanded-3/15.png
INFO: Starting src/test/resources/blackbox/rssexpanded-3/16.png
INFO: Starting src/test/resources/blackbox/rssexpanded-3/17.png
INFO: Starting src/test/resources/blackbox/rssexpanded-3/18.png
INFO: Starting src/test/resources/blackbox/rssexpanded-3/19.png
INFO: Starting src/test/resources/blackbox/rssexpanded-3/2.png
INFO: Starting src/test/resources/blackbox/rssexpanded-3/20.png
INFO: Starting src/test/resources/blackbox/rssexpanded-3/21.png
INFO: Starting src/test/resources/blackbox/rssexpanded-3/22.png
INFO: Starting src/test/resources/blackbox/rssexpanded-3/23.png
INFO: Starting src/test/resources/blackbox/rssexpanded-3/24.png
INFO: Starting src/test/resources/blackbox/rssexpanded-3/25.png
INFO: Starting src/test/resources/blackbox/rssexpanded-3/26.png
INFO: Starting src/test/resources/blackbox/rssexpanded-3/27.png
INFO: Starting src/test/resources/blackbox/rssexpanded-3/28.png
INFO: Starting src/test/resources/blackbox/rssexpanded-3/29.png
INFO: Starting src/test/resources/blackbox/rssexpanded-3/3.png
INFO: Starting src/test/resources/blackbox/rssexpanded-3/30.png
INFO: Starting src/test/resources/blackbox/rssexpanded-3/31.png
INFO: Starting src/test/resources/blackbox/rssexpanded-3/32.png
INFO: Starting src/test/resources/blackbox/rssexpanded-3/33.png
INFO: Starting src/test/resources/blackbox/rssexpanded-3/34.png
INFO: Starting src/test/resources/blackbox/rssexpanded-3/35.png
INFO: Starting src/test/resources/blackbox/rssexpanded-3/36.png
INFO: Starting src/test/resources/blackbox/rssexpanded-3/37.png
INFO: Starting src/test/resources/blackbox/rssexpanded-3/38.png
INFO: Starting src/test/resources/blackbox/rssexpanded-3/39.png
INFO: Starting src/test/resources/blackbox/rssexpanded-3/4.png
INFO: Starting src/test/resources/blackbox/rssexpanded-3/40.png
INFO: Starting src/test/resources/blackbox/rssexpanded-3/41.png
INFO: Starting src/test/resources/blackbox/rssexpanded-3/42.png
INFO: Starting src/test/resources/blackbox/rssexpanded-3/43.png
INFO: Starting src/test/resources/blackbox/rssexpanded-3/44.png
INFO: Starting src/test/resources/blackbox/rssexpanded-3/45.png
INFO: Starting src/test/resources/blackbox/rssexpanded-3/46.png
INFO: Starting src/test/resources/blackbox/rssexpanded-3/47.png
INFO: Starting src/test/resources/blackbox/rssexpanded-3/48.png
INFO: Starting src/test/resources/blackbox/rssexpanded-3/49.png
INFO: Starting src/test/resources/blackbox/rssexpanded-3/5.png
INFO: Starting src/test/resources/blackbox/rssexpanded-3/50.png
INFO: Starting src/test/resources/blackbox/rssexpanded-3/51.png
INFO: Starting src/test/resources/blackbox/rssexpanded-3/52.png
INFO: Starting src/test/resources/blackbox/rssexpanded-3/53.png
INFO: Starting src/test/resources/blackbox/rssexpanded-3/54.png
INFO: Starting src/test/resources/blackbox/rssexpanded-3/55.png
INFO: Starting src/test/resources/blackbox/rssexpanded-3/56.png
INFO: Starting src/test/resources/blackbox/rssexpanded-3/57.png
INFO: Starting src/test/resources/blackbox/rssexpanded-3/58.png
INFO: Starting src/test/resources/blackbox/rssexpanded-3/59.png
INFO: Starting src/test/resources/blackbox/rssexpanded-3/6.png
INFO: Starting src/test/resources/blackbox/rssexpanded-3/60.png
INFO: Starting src/test/resources/blackbox/rssexpanded-3/61.png
INFO: Starting src/test/resources/blackbox/rssexpanded-3/62.png
INFO: Starting src/test/resources/blackbox/rssexpanded-3/63.png
INFO: Starting src/test/resources/blackbox/rssexpanded-3/64.png
INFO: Starting src/test/resources/blackbox/rssexpanded-3/65.png
INFO: Starting src/test/resources/blackbox/rssexpanded-3/66.png
INFO: Starting src/test/resources/blackbox/rssexpanded-3/67.png
INFO: Starting src/test/resources/blackbox/rssexpanded-3/68.png
INFO: Starting src/test/resources/blackbox/rssexpanded-3/69.png
INFO: Starting src/test/resources/blackbox/rssexpanded-3/7.png
INFO: Starting src/test/resources/blackbox/rssexpanded-3/70.png
INFO: Starting src/test/resources/blackbox/rssexpanded-3/71.png
INFO: Starting src/test/resources/blackbox/rssexpanded-3/72.png
INFO: Starting src/test/resources/blackbox/rssexpanded-3/73.png
INFO: Starting src/test/resources/blackbox/rssexpanded-3/74.png
INFO: Starting src/test/resources/blackbox/rssexpanded-3/75.png
INFO: Starting src/test/resources/blackbox/rssexpanded-3/76.png
INFO: Starting src/test/resources/blackbox/rssexpanded-3/77.png
INFO: Starting src/test/resources/blackbox/rssexpanded-3/78.png
INFO: Starting src/test/resources/blackbox/rssexpanded-3/79.png
INFO: Starting src/test/resources/blackbox/rssexpanded-3/8.png
INFO: Starting src/test/resources/blackbox/rssexpanded-3/80.png
INFO: Starting src/test/resources/blackbox/rssexpanded-3/81.png
INFO: Starting src/test/resources/blackbox/rssexpanded-3/82.png
INFO: Starting src/test/resources/blackbox/rssexpanded-3/83.png
INFO: Starting src/test/resources/blackbox/rssexpanded-3/84.png
INFO: Starting src/test/resources/blackbox/rssexpanded-3/85.png
INFO: Starting src/test/resources/blackbox/rssexpanded-3/86.png
INFO: Starting src/test/resources/blackbox/rssexpanded-3/87.png
INFO: Starting src/test/resources/blackbox/rssexpanded-3/88.png
INFO: Starting src/test/resources/blackbox/rssexpanded-3/89.png
INFO: Starting src/test/resources/blackbox/rssexpanded-3/9.png
INFO: Starting src/test/resources/blackbox/rssexpanded-3/90.png
INFO: Starting src/test/resources/blackbox/rssexpanded-3/91.png
INFO: Starting src/test/resources/blackbox/rssexpanded-3/92.png
INFO: Starting src/test/resources/blackbox/rssexpanded-3/93.png
INFO: Starting src/test/resources/blackbox/rssexpanded-3/94.png
INFO: Starting src/test/resources/blackbox/rssexpanded-3/95.png
INFO: Starting src/test/resources/blackbox/rssexpanded-3/96.png
INFO: Starting src/test/resources/blackbox/rssexpanded-3/97.png
INFO: Starting src/test/resources/blackbox/rssexpanded-3/98.png
INFO: Starting src/test/resources/blackbox/rssexpanded-3/99.png
INFO: Rotation 0 degrees:
INFO:  117 of 117 images passed (117 required)
INFO:  0 failed due to misreads, 0 not detected
INFO:  117 of 117 images passed with try harder (117 required)
INFO:  0 failed due to misreads, 0 not detected
INFO: Rotation 180 degrees:
INFO:  117 of 117 images passed (117 required)
INFO:  0 failed due to misreads, 0 not detected
INFO:  117 of 117 images passed with try harder (117 required)
INFO:  0 failed due to misreads, 0 not detected
INFO: Decoded 468 images out of 468 (100%, 468 required)
Tests run: 1, Failures: 0, Errors: 0, Skipped: 0, Time elapsed: 1.59 sec - in com.google.zxing.oned.rss.expanded.RSSExpandedBlackBox3TestCase
Running com.google.zxing.oned.rss.expanded.RSSExpandedBlackBox1TestCase
INFO: Starting src/test/resources/blackbox/rssexpanded-1/1.png
INFO: Starting src/test/resources/blackbox/rssexpanded-1/10.png
INFO: Starting src/test/resources/blackbox/rssexpanded-1/11.png
INFO: Starting src/test/resources/blackbox/rssexpanded-1/12.png
INFO: Starting src/test/resources/blackbox/rssexpanded-1/13.png
INFO: Starting src/test/resources/blackbox/rssexpanded-1/14.png
INFO: Starting src/test/resources/blackbox/rssexpanded-1/15.png
INFO: Starting src/test/resources/blackbox/rssexpanded-1/16.png
INFO: Starting src/test/resources/blackbox/rssexpanded-1/17.png
INFO: Starting src/test/resources/blackbox/rssexpanded-1/18.png
INFO: Starting src/test/resources/blackbox/rssexpanded-1/19.png
INFO: Starting src/test/resources/blackbox/rssexpanded-1/2.png
INFO: Starting src/test/resources/blackbox/rssexpanded-1/20.png
INFO: Starting src/test/resources/blackbox/rssexpanded-1/21.png
INFO: Starting src/test/resources/blackbox/rssexpanded-1/22.png
INFO: Starting src/test/resources/blackbox/rssexpanded-1/23.png
INFO: Starting src/test/resources/blackbox/rssexpanded-1/24.png
INFO: Starting src/test/resources/blackbox/rssexpanded-1/25.png
INFO: Starting src/test/resources/blackbox/rssexpanded-1/26.png
INFO: Starting src/test/resources/blackbox/rssexpanded-1/27.png
INFO: Starting src/test/resources/blackbox/rssexpanded-1/28.png
INFO: Starting src/test/resources/blackbox/rssexpanded-1/29.png
INFO: Starting src/test/resources/blackbox/rssexpanded-1/3.png
INFO: Starting src/test/resources/blackbox/rssexpanded-1/30.png
INFO: Starting src/test/resources/blackbox/rssexpanded-1/31.png
INFO: Starting src/test/resources/blackbox/rssexpanded-1/32.png
INFO: Starting src/test/resources/blackbox/rssexpanded-1/4.png
INFO: Starting src/test/resources/blackbox/rssexpanded-1/5.png
INFO: Starting src/test/resources/blackbox/rssexpanded-1/6.png
INFO: Starting src/test/resources/blackbox/rssexpanded-1/7.png
INFO: Starting src/test/resources/blackbox/rssexpanded-1/8.png
INFO: Starting src/test/resources/blackbox/rssexpanded-1/9.png
INFO: Rotation 0 degrees:
INFO:  32 of 32 images passed (32 required)
INFO:  0 failed due to misreads, 0 not detected
INFO:  32 of 32 images passed with try harder (32 required)
INFO:  0 failed due to misreads, 0 not detected
INFO: Rotation 180 degrees:
INFO:  32 of 32 images passed (32 required)
INFO:  0 failed due to misreads, 0 not detected
INFO:  32 of 32 images passed with try harder (32 required)
INFO:  0 failed due to misreads, 0 not detected
INFO: Decoded 128 images out of 128 (100%, 128 required)
Tests run: 1, Failures: 0, Errors: 0, Skipped: 0, Time elapsed: 0.402 sec - in com.google.zxing.oned.rss.expanded.RSSExpandedBlackBox1TestCase
Running com.google.zxing.oned.rss.expanded.RSSExpandedImage2resultTestCase
Tests run: 1, Failures: 0, Errors: 0, Skipped: 0, Time elapsed: 0.016 sec - in com.google.zxing.oned.rss.expanded.RSSExpandedImage2resultTestCase
Running com.google.zxing.oned.rss.RSS14BlackBox2TestCase
INFO: Starting src/test/resources/blackbox/rss14-2/1.png
INFO: Starting src/test/resources/blackbox/rss14-2/10.png
INFO: Starting src/test/resources/blackbox/rss14-2/11.png
INFO: Format mismatch: expected 'RSS_14' but got 'UPC_E' (rotation: 0)
INFO: Format mismatch: expected 'RSS_14' but got 'UPC_E' (try harder, rotation: 0)
INFO: Format mismatch: expected 'RSS_14' but got 'UPC_E' (try harder, rotation: 180)
INFO: Starting src/test/resources/blackbox/rss14-2/12.png
INFO: Starting src/test/resources/blackbox/rss14-2/13.png
INFO: Starting src/test/resources/blackbox/rss14-2/14.png
INFO: Starting src/test/resources/blackbox/rss14-2/15.png
INFO: Starting src/test/resources/blackbox/rss14-2/16.png
INFO: Starting src/test/resources/blackbox/rss14-2/17.png
INFO: Starting src/test/resources/blackbox/rss14-2/18.png
INFO: Starting src/test/resources/blackbox/rss14-2/19.png
INFO: Starting src/test/resources/blackbox/rss14-2/2.png
INFO: Starting src/test/resources/blackbox/rss14-2/20.png
INFO: Starting src/test/resources/blackbox/rss14-2/21.png
INFO: Starting src/test/resources/blackbox/rss14-2/22.png
INFO: Starting src/test/resources/blackbox/rss14-2/23.png
INFO: Starting src/test/resources/blackbox/rss14-2/24.png
INFO: Starting src/test/resources/blackbox/rss14-2/3.png
INFO: Starting src/test/resources/blackbox/rss14-2/4.png
INFO: Starting src/test/resources/blackbox/rss14-2/5.png
INFO: Starting src/test/resources/blackbox/rss14-2/6.png
INFO: Starting src/test/resources/blackbox/rss14-2/7.png
INFO: Starting src/test/resources/blackbox/rss14-2/8.png
INFO: Starting src/test/resources/blackbox/rss14-2/9.png
INFO: Rotation 0 degrees:
INFO:  4 of 24 images passed (4 required)
INFO:  1 failed due to misreads, 19 not detected
INFO:  8 of 24 images passed with try harder (8 required)
INFO:  1 failed due to misreads, 15 not detected
INFO: Rotation 180 degrees:
INFO:  2 of 24 images passed (2 required)
INFO:  0 failed due to misreads, 22 not detected
INFO:  8 of 24 images passed with try harder (8 required)
INFO:  1 failed due to misreads, 15 not detected
INFO: Decoded 22 images out of 96 (22%, 22 required)
Tests run: 1, Failures: 0, Errors: 0, Skipped: 0, Time elapsed: 1.573 sec - in com.google.zxing.oned.rss.RSS14BlackBox2TestCase
Running com.google.zxing.oned.EAN13BlackBox5BlurryTestCase
INFO: Starting src/test/resources/blackbox/ean13-5/01.png
INFO: Starting src/test/resources/blackbox/ean13-5/02.png
INFO: Starting src/test/resources/blackbox/ean13-5/03.png
INFO: Starting src/test/resources/blackbox/ean13-5/04.png
INFO: Starting src/test/resources/blackbox/ean13-5/05.png
INFO: Starting src/test/resources/blackbox/ean13-5/06.png
INFO: Starting src/test/resources/blackbox/ean13-5/07.png
INFO: Starting src/test/resources/blackbox/ean13-5/08.png
INFO: Starting src/test/resources/blackbox/ean13-5/09.png
INFO: Starting src/test/resources/blackbox/ean13-5/10.png
INFO: Starting src/test/resources/blackbox/ean13-5/11.png
INFO: Starting src/test/resources/blackbox/ean13-5/12.png
INFO: Starting src/test/resources/blackbox/ean13-5/13.png
INFO: Starting src/test/resources/blackbox/ean13-5/14.png
INFO: Starting src/test/resources/blackbox/ean13-5/15.png
INFO: Starting src/test/resources/blackbox/ean13-5/16.png
INFO: Starting src/test/resources/blackbox/ean13-5/17.png
INFO: Starting src/test/resources/blackbox/ean13-5/18.png
INFO: Rotation 0 degrees:
INFO:  0 of 18 images passed (0 required)
INFO:  0 failed due to misreads, 18 not detected
INFO:  0 of 18 images passed with try harder (0 required)
INFO:  0 failed due to misreads, 18 not detected
INFO: Rotation 180 degrees:
INFO:  0 of 18 images passed (0 required)
INFO:  0 failed due to misreads, 18 not detected
INFO:  0 of 18 images passed with try harder (0 required)
INFO:  0 failed due to misreads, 18 not detected
INFO: Decoded 0 images out of 72 (0%, 0 required)
Tests run: 1, Failures: 0, Errors: 0, Skipped: 0, Time elapsed: 0.741 sec - in com.google.zxing.oned.EAN13BlackBox5BlurryTestCase
Running com.google.zxing.oned.UPCAWriterTestCase
Tests run: 2, Failures: 0, Errors: 0, Skipped: 0, Time elapsed: 0.004 sec - in com.google.zxing.oned.UPCAWriterTestCase
Running com.google.zxing.oned.UPCABlackBox5TestCase
INFO: Starting src/test/resources/blackbox/upca-5/01.png
INFO: Starting src/test/resources/blackbox/upca-5/02.png
INFO: Starting src/test/resources/blackbox/upca-5/03.png
INFO: Starting src/test/resources/blackbox/upca-5/04.png
INFO: Starting src/test/resources/blackbox/upca-5/05.png
INFO: Starting src/test/resources/blackbox/upca-5/06.png
INFO: Starting src/test/resources/blackbox/upca-5/07.png
INFO: Starting src/test/resources/blackbox/upca-5/08.png
INFO: Starting src/test/resources/blackbox/upca-5/09.png
INFO: Starting src/test/resources/blackbox/upca-5/10.png
INFO: Starting src/test/resources/blackbox/upca-5/11.png
INFO: Starting src/test/resources/blackbox/upca-5/12.png
INFO: Starting src/test/resources/blackbox/upca-5/13.png
INFO: Starting src/test/resources/blackbox/upca-5/14.png
INFO: Starting src/test/resources/blackbox/upca-5/15.png
INFO: Starting src/test/resources/blackbox/upca-5/16.png
INFO: Starting src/test/resources/blackbox/upca-5/17.png
INFO: Starting src/test/resources/blackbox/upca-5/18.png
INFO: Starting src/test/resources/blackbox/upca-5/19.png
INFO: Starting src/test/resources/blackbox/upca-5/20.png
INFO: Starting src/test/resources/blackbox/upca-5/21.png
INFO: Starting src/test/resources/blackbox/upca-5/22.png
INFO: Starting src/test/resources/blackbox/upca-5/23.png
INFO: Starting src/test/resources/blackbox/upca-5/24.png
INFO: Starting src/test/resources/blackbox/upca-5/25.png
INFO: Starting src/test/resources/blackbox/upca-5/26.png
INFO: Starting src/test/resources/blackbox/upca-5/27.png
INFO: Starting src/test/resources/blackbox/upca-5/28.png
INFO: Starting src/test/resources/blackbox/upca-5/29.png
INFO: Starting src/test/resources/blackbox/upca-5/30.png
INFO: Starting src/test/resources/blackbox/upca-5/31.png
INFO: Starting src/test/resources/blackbox/upca-5/32.png
INFO: Starting src/test/resources/blackbox/upca-5/33.png
INFO: Starting src/test/resources/blackbox/upca-5/34.png
INFO: Starting src/test/resources/blackbox/upca-5/35.png
INFO: Rotation 0 degrees:
INFO:  20 of 35 images passed (20 required)
INFO:  0 failed due to misreads, 15 not detected
INFO:  23 of 35 images passed with try harder (23 required)
INFO:  0 failed due to misreads, 12 not detected
INFO: Rotation 180 degrees:
INFO:  22 of 35 images passed (22 required)
INFO:  0 failed due to misreads, 13 not detected
INFO:  23 of 35 images passed with try harder (23 required)
INFO:  0 failed due to misreads, 12 not detected
INFO: Decoded 88 images out of 140 (62%, 88 required)
Tests run: 1, Failures: 0, Errors: 0, Skipped: 0, Time elapsed: 2.726 sec - in com.google.zxing.oned.UPCABlackBox5TestCase
Running com.google.zxing.oned.UPCABlackBox3ReflectiveTestCase
INFO: Starting src/test/resources/blackbox/upca-3/01.png
INFO: Starting src/test/resources/blackbox/upca-3/02.png
INFO: Starting src/test/resources/blackbox/upca-3/03.png
INFO: Starting src/test/resources/blackbox/upca-3/04.png
INFO: Starting src/test/resources/blackbox/upca-3/05.png
INFO: Starting src/test/resources/blackbox/upca-3/06.png
INFO: Starting src/test/resources/blackbox/upca-3/07.png
INFO: Starting src/test/resources/blackbox/upca-3/08.png
INFO: Starting src/test/resources/blackbox/upca-3/09.png
INFO: Starting src/test/resources/blackbox/upca-3/10.png
INFO: Starting src/test/resources/blackbox/upca-3/11.png
INFO: Starting src/test/resources/blackbox/upca-3/12.png
INFO: Starting src/test/resources/blackbox/upca-3/13.png
INFO: Starting src/test/resources/blackbox/upca-3/14.png
INFO: Content mismatch: expected '854818000116' but got '854818097116' (try harder, rotation: 0)
INFO: Content mismatch: expected '854818000116' but got '854818097116' (try harder, rotation: 180)
INFO: Starting src/test/resources/blackbox/upca-3/15.png
INFO: Starting src/test/resources/blackbox/upca-3/16.png
INFO: Content mismatch: expected '854818000116' but got '854818003629' (try harder, rotation: 0)
INFO: Content mismatch: expected '854818000116' but got '854818003629' (try harder, rotation: 180)
INFO: Starting src/test/resources/blackbox/upca-3/17.png
INFO: Starting src/test/resources/blackbox/upca-3/18.png
INFO: Starting src/test/resources/blackbox/upca-3/19.png
INFO: Starting src/test/resources/blackbox/upca-3/20.png
INFO: Starting src/test/resources/blackbox/upca-3/21.png
INFO: Rotation 0 degrees:
INFO:  7 of 21 images passed (7 required)
INFO:  0 failed due to misreads, 14 not detected
INFO:  9 of 21 images passed with try harder (9 required)
INFO:  2 failed due to misreads, 10 not detected
INFO: Rotation 180 degrees:
INFO:  8 of 21 images passed (8 required)
INFO:  0 failed due to misreads, 13 not detected
INFO:  9 of 21 images passed with try harder (9 required)
INFO:  2 failed due to misreads, 10 not detected
INFO: Decoded 33 images out of 84 (39%, 33 required)
Tests run: 1, Failures: 0, Errors: 0, Skipped: 0, Time elapsed: 0.685 sec - in com.google.zxing.oned.UPCABlackBox3ReflectiveTestCase
Running com.google.zxing.oned.Code93BlackBox1TestCase
INFO: Starting src/test/resources/blackbox/code93-1/1.png
INFO: Starting src/test/resources/blackbox/code93-1/2.png
INFO: Starting src/test/resources/blackbox/code93-1/3.png
INFO: Rotation 0 degrees:
INFO:  3 of 3 images passed (3 required)
INFO:  0 failed due to misreads, 0 not detected
INFO:  3 of 3 images passed with try harder (3 required)
INFO:  0 failed due to misreads, 0 not detected
INFO: Rotation 180 degrees:
INFO:  3 of 3 images passed (3 required)
INFO:  0 failed due to misreads, 0 not detected
INFO:  3 of 3 images passed with try harder (3 required)
INFO:  0 failed due to misreads, 0 not detected
INFO: Decoded 12 images out of 12 (100%, 12 required)
Tests run: 1, Failures: 0, Errors: 0, Skipped: 0, Time elapsed: 0.056 sec - in com.google.zxing.oned.Code93BlackBox1TestCase
Running com.google.zxing.oned.UPCEBlackBox1TestCase
INFO: Starting src/test/resources/blackbox/upce-1/1.png
INFO: Starting src/test/resources/blackbox/upce-1/2.png
INFO: Starting src/test/resources/blackbox/upce-1/4.png
INFO: Rotation 0 degrees:
INFO:  3 of 3 images passed (3 required)
INFO:  0 failed due to misreads, 0 not detected
INFO:  3 of 3 images passed with try harder (3 required)
INFO:  0 failed due to misreads, 0 not detected
INFO: Rotation 180 degrees:
INFO:  3 of 3 images passed (3 required)
INFO:  0 failed due to misreads, 0 not detected
INFO:  3 of 3 images passed with try harder (3 required)
INFO:  0 failed due to misreads, 0 not detected
INFO: Decoded 12 images out of 12 (100%, 12 required)
Tests run: 1, Failures: 0, Errors: 0, Skipped: 0, Time elapsed: 0.012 sec - in com.google.zxing.oned.UPCEBlackBox1TestCase
Running com.google.zxing.oned.UPCEANExtensionBlackBox1TestCase
INFO: Starting src/test/resources/blackbox/upcean-extension-1/1.png
INFO: Starting src/test/resources/blackbox/upcean-extension-1/2.png
INFO: Rotation 0 degrees:
INFO:  2 of 2 images passed (2 required)
INFO:  0 failed due to misreads, 0 not detected
INFO:  2 of 2 images passed with try harder (2 required)
INFO:  0 failed due to misreads, 0 not detected
INFO: Decoded 4 images out of 4 (100%, 4 required)
Tests run: 1, Failures: 0, Errors: 0, Skipped: 0, Time elapsed: 0.176 sec - in com.google.zxing.oned.UPCEANExtensionBlackBox1TestCase
Running com.google.zxing.oned.UPCEBlackBox2TestCase
INFO: Starting src/test/resources/blackbox/upce-2/01.png
INFO: Starting src/test/resources/blackbox/upce-2/02.png
INFO: Starting src/test/resources/blackbox/upce-2/03.png
INFO: Starting src/test/resources/blackbox/upce-2/04.png
INFO: Starting src/test/resources/blackbox/upce-2/05.png
INFO: Starting src/test/resources/blackbox/upce-2/06.png
INFO: Starting src/test/resources/blackbox/upce-2/07.png
INFO: Starting src/test/resources/blackbox/upce-2/08.png
INFO: Starting src/test/resources/blackbox/upce-2/09.png
INFO: Starting src/test/resources/blackbox/upce-2/10.png
INFO: Starting src/test/resources/blackbox/upce-2/11.png
INFO: Starting src/test/resources/blackbox/upce-2/12.png
INFO: Starting src/test/resources/blackbox/upce-2/13.png
INFO: Starting src/test/resources/blackbox/upce-2/14.png
INFO: Content mismatch: expected '04963406' but got '04904144' (try harder, rotation: 0)
INFO: Content mismatch: expected '04963406' but got '04904144' (rotation: 180)
INFO: Content mismatch: expected '04963406' but got '04904144' (try harder, rotation: 180)
INFO: Starting src/test/resources/blackbox/upce-2/15.png
INFO: Starting src/test/resources/blackbox/upce-2/16.png
INFO: Starting src/test/resources/blackbox/upce-2/17.png
INFO: Starting src/test/resources/blackbox/upce-2/18.png
INFO: Starting src/test/resources/blackbox/upce-2/19.png
INFO: Starting src/test/resources/blackbox/upce-2/20.png
INFO: Starting src/test/resources/blackbox/upce-2/21.png
INFO: Starting src/test/resources/blackbox/upce-2/22.png
INFO: Starting src/test/resources/blackbox/upce-2/23.png
INFO: Starting src/test/resources/blackbox/upce-2/24.png
INFO: Starting src/test/resources/blackbox/upce-2/25.png
INFO: Starting src/test/resources/blackbox/upce-2/26.png
INFO: Starting src/test/resources/blackbox/upce-2/27.png
INFO: Starting src/test/resources/blackbox/upce-2/28.png
INFO: Starting src/test/resources/blackbox/upce-2/29.png
INFO: Starting src/test/resources/blackbox/upce-2/30.png
INFO: Starting src/test/resources/blackbox/upce-2/31.png
INFO: Starting src/test/resources/blackbox/upce-2/32.png
INFO: Starting src/test/resources/blackbox/upce-2/33.png
INFO: Starting src/test/resources/blackbox/upce-2/34.png
INFO: Starting src/test/resources/blackbox/upce-2/35.png
INFO: Starting src/test/resources/blackbox/upce-2/36.png
INFO: Starting src/test/resources/blackbox/upce-2/37.png
INFO: Starting src/test/resources/blackbox/upce-2/38.png
INFO: Starting src/test/resources/blackbox/upce-2/39.png
INFO: Starting src/test/resources/blackbox/upce-2/40.png
INFO: Starting src/test/resources/blackbox/upce-2/41.png
INFO: Rotation 0 degrees:
INFO:  31 of 41 images passed (31 required)
INFO:  0 failed due to misreads, 10 not detected
INFO:  35 of 41 images passed with try harder (35 required)
INFO:  1 failed due to misreads, 5 not detected
INFO: Rotation 180 degrees:
INFO:  31 of 41 images passed (31 required)
INFO:  1 failed due to misreads, 9 not detected
INFO:  35 of 41 images passed with try harder (35 required)
INFO:  1 failed due to misreads, 5 not detected
INFO: Decoded 132 images out of 164 (80%, 132 required)
Tests run: 1, Failures: 0, Errors: 0, Skipped: 0, Time elapsed: 0.768 sec - in com.google.zxing.oned.UPCEBlackBox2TestCase
Running com.google.zxing.oned.UPCEBlackBox3ReflectiveTestCase
INFO: Starting src/test/resources/blackbox/upce-3/01.png
INFO: Starting src/test/resources/blackbox/upce-3/02.png
INFO: Starting src/test/resources/blackbox/upce-3/03.png
INFO: Starting src/test/resources/blackbox/upce-3/04.png
INFO: Starting src/test/resources/blackbox/upce-3/05.png
INFO: Starting src/test/resources/blackbox/upce-3/06.png
INFO: Starting src/test/resources/blackbox/upce-3/07.png
INFO: Starting src/test/resources/blackbox/upce-3/08.png
INFO: Starting src/test/resources/blackbox/upce-3/09.png
INFO: Starting src/test/resources/blackbox/upce-3/10.png
INFO: Starting src/test/resources/blackbox/upce-3/11.png
INFO: Rotation 0 degrees:
INFO:  6 of 11 images passed (6 required)
INFO:  0 failed due to misreads, 5 not detected
INFO:  8 of 11 images passed with try harder (8 required)
INFO:  0 failed due to misreads, 3 not detected
INFO: Rotation 180 degrees:
INFO:  6 of 11 images passed (6 required)
INFO:  0 failed due to misreads, 5 not detected
INFO:  8 of 11 images passed with try harder (8 required)
INFO:  0 failed due to misreads, 3 not detected
INFO: Decoded 28 images out of 44 (63%, 28 required)
Tests run: 1, Failures: 0, Errors: 0, Skipped: 0, Time elapsed: 0.248 sec - in com.google.zxing.oned.UPCEBlackBox3ReflectiveTestCase
Running com.google.zxing.oned.UPCABlackBox4TestCase
INFO: Starting src/test/resources/blackbox/upca-4/1.png
INFO: Starting src/test/resources/blackbox/upca-4/10.png
INFO: Format mismatch: expected 'UPC_A' but got 'EAN_13' (try harder, rotation: 0)
INFO: Format mismatch: expected 'UPC_A' but got 'EAN_13' (try harder, rotation: 180)
INFO: Starting src/test/resources/blackbox/upca-4/11.png
INFO: Starting src/test/resources/blackbox/upca-4/12.png
INFO: Starting src/test/resources/blackbox/upca-4/13.png
INFO: Starting src/test/resources/blackbox/upca-4/14.png
INFO: Starting src/test/resources/blackbox/upca-4/15.png
INFO: Starting src/test/resources/blackbox/upca-4/16.png
INFO: Starting src/test/resources/blackbox/upca-4/17.png
INFO: Starting src/test/resources/blackbox/upca-4/18.png
INFO: Starting src/test/resources/blackbox/upca-4/19.png
INFO: Starting src/test/resources/blackbox/upca-4/2.png
INFO: Starting src/test/resources/blackbox/upca-4/3.png
INFO: Starting src/test/resources/blackbox/upca-4/4.png
INFO: Starting src/test/resources/blackbox/upca-4/5.png
INFO: Starting src/test/resources/blackbox/upca-4/6.png
INFO: Starting src/test/resources/blackbox/upca-4/7.png
INFO: Starting src/test/resources/blackbox/upca-4/8.png
INFO: Starting src/test/resources/blackbox/upca-4/9.png
INFO: Rotation 0 degrees:
INFO:  9 of 19 images passed (9 required)
INFO:  0 failed due to misreads, 10 not detected
INFO:  11 of 19 images passed with try harder (11 required)
INFO:  1 failed due to misreads, 7 not detected
INFO: Rotation 180 degrees:
INFO:  9 of 19 images passed (9 required)
INFO:  0 failed due to misreads, 10 not detected
INFO:  11 of 19 images passed with try harder (11 required)
INFO:  1 failed due to misreads, 7 not detected
INFO: Decoded 40 images out of 76 (52%, 40 required)
Tests run: 1, Failures: 0, Errors: 0, Skipped: 0, Time elapsed: 1.929 sec - in com.google.zxing.oned.UPCABlackBox4TestCase
Running com.google.zxing.oned.ITFBlackBox1TestCase
INFO: Starting src/test/resources/blackbox/itf-1/1.png
INFO: Starting src/test/resources/blackbox/itf-1/10.png
INFO: Starting src/test/resources/blackbox/itf-1/13.png
INFO: Starting src/test/resources/blackbox/itf-1/14.png
INFO: Starting src/test/resources/blackbox/itf-1/15.png
INFO: Starting src/test/resources/blackbox/itf-1/16.png
INFO: Starting src/test/resources/blackbox/itf-1/17.png
INFO: Starting src/test/resources/blackbox/itf-1/2.png
INFO: Starting src/test/resources/blackbox/itf-1/3.png
INFO: Starting src/test/resources/blackbox/itf-1/5.png
INFO: Starting src/test/resources/blackbox/itf-1/6.png
INFO: Starting src/test/resources/blackbox/itf-1/7.png
INFO: Starting src/test/resources/blackbox/itf-1/8.png
INFO: Starting src/test/resources/blackbox/itf-1/9.png
INFO: Rotation 0 degrees:
INFO:  9 of 14 images passed (9 required)
INFO:  0 failed due to misreads, 5 not detected
INFO:  13 of 14 images passed with try harder (13 required)
INFO:  0 failed due to misreads, 1 not detected
INFO: Rotation 180 degrees:
INFO:  12 of 14 images passed (12 required)
INFO:  0 failed due to misreads, 2 not detected
INFO:  13 of 14 images passed with try harder (13 required)
INFO:  0 failed due to misreads, 1 not detected
INFO: Decoded 47 images out of 56 (83%, 47 required)
Tests run: 1, Failures: 0, Errors: 0, Skipped: 0, Time elapsed: 0.123 sec - in com.google.zxing.oned.ITFBlackBox1TestCase
Running com.google.zxing.oned.UPCABlackBox2TestCase
INFO: Starting src/test/resources/blackbox/upca-2/01.png
INFO: Format mismatch: expected 'UPC_A' but got 'EAN_8' (try harder, rotation: 0)
INFO: Format mismatch: expected 'UPC_A' but got 'EAN_8' (try harder, rotation: 180)
INFO: Starting src/test/resources/blackbox/upca-2/02.png
INFO: Starting src/test/resources/blackbox/upca-2/03.png
INFO: Starting src/test/resources/blackbox/upca-2/04.png
INFO: Starting src/test/resources/blackbox/upca-2/05.png
INFO: Starting src/test/resources/blackbox/upca-2/06.png
INFO: Format mismatch: expected 'UPC_A' but got 'EAN_8' (try harder, rotation: 0)
INFO: Format mismatch: expected 'UPC_A' but got 'EAN_8' (try harder, rotation: 180)
INFO: Starting src/test/resources/blackbox/upca-2/07.png
INFO: Starting src/test/resources/blackbox/upca-2/08.png
INFO: Starting src/test/resources/blackbox/upca-2/09.png
INFO: Starting src/test/resources/blackbox/upca-2/10.png
INFO: Starting src/test/resources/blackbox/upca-2/11.png
INFO: Starting src/test/resources/blackbox/upca-2/12.png
INFO: Starting src/test/resources/blackbox/upca-2/13.png
INFO: Starting src/test/resources/blackbox/upca-2/14.png
INFO: Starting src/test/resources/blackbox/upca-2/15.png
INFO: Starting src/test/resources/blackbox/upca-2/16.png
INFO: Starting src/test/resources/blackbox/upca-2/17.png
INFO: Starting src/test/resources/blackbox/upca-2/18.png
INFO: Starting src/test/resources/blackbox/upca-2/19.png
INFO: Starting src/test/resources/blackbox/upca-2/20.png
INFO: Starting src/test/resources/blackbox/upca-2/21.png
INFO: Starting src/test/resources/blackbox/upca-2/22.png
INFO: Starting src/test/resources/blackbox/upca-2/23.png
INFO: Starting src/test/resources/blackbox/upca-2/24.png
INFO: Starting src/test/resources/blackbox/upca-2/25.png
INFO: Starting src/test/resources/blackbox/upca-2/26.png
INFO: Starting src/test/resources/blackbox/upca-2/27.png
INFO: Starting src/test/resources/blackbox/upca-2/28.png
INFO: Starting src/test/resources/blackbox/upca-2/29.png
INFO: Starting src/test/resources/blackbox/upca-2/30.png
INFO: Starting src/test/resources/blackbox/upca-2/31.png
INFO: Starting src/test/resources/blackbox/upca-2/32.png
INFO: Starting src/test/resources/blackbox/upca-2/33.png
INFO: Starting src/test/resources/blackbox/upca-2/34.png
INFO: Starting src/test/resources/blackbox/upca-2/35.png
INFO: Starting src/test/resources/blackbox/upca-2/36.png
INFO: Starting src/test/resources/blackbox/upca-2/37.png
INFO: Starting src/test/resources/blackbox/upca-2/38.png
INFO: Starting src/test/resources/blackbox/upca-2/39.png
INFO: Starting src/test/resources/blackbox/upca-2/40.png
INFO: Starting src/test/resources/blackbox/upca-2/41.png
INFO: Starting src/test/resources/blackbox/upca-2/42.png
INFO: Starting src/test/resources/blackbox/upca-2/43.png
INFO: Starting src/test/resources/blackbox/upca-2/44.png
INFO: Starting src/test/resources/blackbox/upca-2/45.png
INFO: Starting src/test/resources/blackbox/upca-2/46.png
INFO: Starting src/test/resources/blackbox/upca-2/47.png
INFO: Starting src/test/resources/blackbox/upca-2/48.png
INFO: Starting src/test/resources/blackbox/upca-2/49.png
INFO: Starting src/test/resources/blackbox/upca-2/50.png
INFO: Starting src/test/resources/blackbox/upca-2/51.png
INFO: Starting src/test/resources/blackbox/upca-2/52.png
INFO: Rotation 0 degrees:
INFO:  28 of 52 images passed (28 required)
INFO:  0 failed due to misreads, 24 not detected
INFO:  36 of 52 images passed with try harder (36 required)
INFO:  2 failed due to misreads, 14 not detected
INFO: Rotation 180 degrees:
INFO:  29 of 52 images passed (29 required)
INFO:  0 failed due to misreads, 23 not detected
INFO:  36 of 52 images passed with try harder (36 required)
INFO:  2 failed due to misreads, 14 not detected
INFO: Decoded 129 images out of 208 (62%, 129 required)
Tests run: 1, Failures: 0, Errors: 0, Skipped: 0, Time elapsed: 1.656 sec - in com.google.zxing.oned.UPCABlackBox2TestCase
Running com.google.zxing.oned.Code128BlackBox2TestCase
INFO: Starting src/test/resources/blackbox/code128-2/01.png
INFO: Starting src/test/resources/blackbox/code128-2/02.png
INFO: Starting src/test/resources/blackbox/code128-2/03.png
INFO: Starting src/test/resources/blackbox/code128-2/04.png
INFO: Starting src/test/resources/blackbox/code128-2/05.png
INFO: Starting src/test/resources/blackbox/code128-2/06.png
INFO: Starting src/test/resources/blackbox/code128-2/07.png
INFO: Starting src/test/resources/blackbox/code128-2/08.png
INFO: Starting src/test/resources/blackbox/code128-2/09.png
INFO: Starting src/test/resources/blackbox/code128-2/10.png
INFO: Starting src/test/resources/blackbox/code128-2/11.png
INFO: Starting src/test/resources/blackbox/code128-2/12.png
INFO: Starting src/test/resources/blackbox/code128-2/13.png
INFO: Starting src/test/resources/blackbox/code128-2/14.png
INFO: Starting src/test/resources/blackbox/code128-2/15.png
INFO: Starting src/test/resources/blackbox/code128-2/16.png
INFO: Starting src/test/resources/blackbox/code128-2/17.png
INFO: Starting src/test/resources/blackbox/code128-2/18.png
INFO: Starting src/test/resources/blackbox/code128-2/19.png
INFO: Starting src/test/resources/blackbox/code128-2/20.png
INFO: Starting src/test/resources/blackbox/code128-2/21.png
INFO: Starting src/test/resources/blackbox/code128-2/22.png
INFO: Starting src/test/resources/blackbox/code128-2/23.png
INFO: Starting src/test/resources/blackbox/code128-2/24.png
INFO: Starting src/test/resources/blackbox/code128-2/25.png
INFO: Starting src/test/resources/blackbox/code128-2/26.png
INFO: Starting src/test/resources/blackbox/code128-2/27.png
INFO: Starting src/test/resources/blackbox/code128-2/28.png
INFO: Starting src/test/resources/blackbox/code128-2/29.png
INFO: Starting src/test/resources/blackbox/code128-2/30.png
INFO: Starting src/test/resources/blackbox/code128-2/31.png
INFO: Starting src/test/resources/blackbox/code128-2/32.png
INFO: Starting src/test/resources/blackbox/code128-2/33.png
INFO: Starting src/test/resources/blackbox/code128-2/34.png
INFO: Starting src/test/resources/blackbox/code128-2/35.png
INFO: Starting src/test/resources/blackbox/code128-2/36.png
INFO: Starting src/test/resources/blackbox/code128-2/37.png
INFO: Starting src/test/resources/blackbox/code128-2/38.png
INFO: Starting src/test/resources/blackbox/code128-2/39.png
INFO: Starting src/test/resources/blackbox/code128-2/40.png
INFO: Rotation 0 degrees:
INFO:  36 of 40 images passed (36 required)
INFO:  0 failed due to misreads, 4 not detected
INFO:  39 of 40 images passed with try harder (39 required)
INFO:  0 failed due to misreads, 1 not detected
INFO: Rotation 180 degrees:
INFO:  36 of 40 images passed (36 required)
INFO:  0 failed due to misreads, 4 not detected
INFO:  39 of 40 images passed with try harder (39 required)
INFO:  0 failed due to misreads, 1 not detected
INFO: Decoded 150 images out of 160 (93%, 150 required)
Tests run: 1, Failures: 0, Errors: 0, Skipped: 0, Time elapsed: 4.6 sec - in com.google.zxing.oned.Code128BlackBox2TestCase
Running com.google.zxing.oned.EAN13BlackBox1TestCase
INFO: Starting src/test/resources/blackbox/ean13-1/1.png
INFO: Starting src/test/resources/blackbox/ean13-1/10.png
INFO: Starting src/test/resources/blackbox/ean13-1/12.png
INFO: Starting src/test/resources/blackbox/ean13-1/13.png
INFO: Starting src/test/resources/blackbox/ean13-1/14.png
INFO: Starting src/test/resources/blackbox/ean13-1/15.png
INFO: Starting src/test/resources/blackbox/ean13-1/18.png
INFO: Starting src/test/resources/blackbox/ean13-1/19.png
INFO: Starting src/test/resources/blackbox/ean13-1/2.png
INFO: Starting src/test/resources/blackbox/ean13-1/20.png
INFO: Starting src/test/resources/blackbox/ean13-1/21.png
INFO: Starting src/test/resources/blackbox/ean13-1/22.png
INFO: Starting src/test/resources/blackbox/ean13-1/23.png
INFO: Starting src/test/resources/blackbox/ean13-1/24.png
INFO: Starting src/test/resources/blackbox/ean13-1/25.png
INFO: Starting src/test/resources/blackbox/ean13-1/26.png
INFO: Starting src/test/resources/blackbox/ean13-1/28.png
INFO: Starting src/test/resources/blackbox/ean13-1/29.png
INFO: Starting src/test/resources/blackbox/ean13-1/3.png
INFO: Starting src/test/resources/blackbox/ean13-1/30.png
INFO: Starting src/test/resources/blackbox/ean13-1/31.png
INFO: Starting src/test/resources/blackbox/ean13-1/32.png
INFO: Starting src/test/resources/blackbox/ean13-1/33.png
INFO: Starting src/test/resources/blackbox/ean13-1/34.png
INFO: Starting src/test/resources/blackbox/ean13-1/35.png
INFO: Starting src/test/resources/blackbox/ean13-1/36.png
INFO: Starting src/test/resources/blackbox/ean13-1/37.png
INFO: Starting src/test/resources/blackbox/ean13-1/38.png
INFO: Starting src/test/resources/blackbox/ean13-1/4.png
INFO: Starting src/test/resources/blackbox/ean13-1/5.png
INFO: Starting src/test/resources/blackbox/ean13-1/6.png
INFO: Starting src/test/resources/blackbox/ean13-1/7.png
INFO: Starting src/test/resources/blackbox/ean13-1/8.png
INFO: Starting src/test/resources/blackbox/ean13-1/9.png
INFO: Rotation 0 degrees:
INFO:  30 of 34 images passed (30 required)
INFO:  0 failed due to misreads, 4 not detected
INFO:  32 of 34 images passed with try harder (32 required)
INFO:  0 failed due to misreads, 2 not detected
INFO: Rotation 180 degrees:
INFO:  27 of 34 images passed (27 required)
INFO:  0 failed due to misreads, 7 not detected
INFO:  32 of 34 images passed with try harder (32 required)
INFO:  0 failed due to misreads, 2 not detected
INFO: Decoded 121 images out of 136 (88%, 121 required)
Tests run: 1, Failures: 0, Errors: 0, Skipped: 0, Time elapsed: 4.227 sec - in com.google.zxing.oned.EAN13BlackBox1TestCase
Running com.google.zxing.oned.EAN13BlackBox3TestCase
INFO: Starting src/test/resources/blackbox/ean13-3/01.png
INFO: Starting src/test/resources/blackbox/ean13-3/02.png
INFO: Starting src/test/resources/blackbox/ean13-3/03.png
INFO: Starting src/test/resources/blackbox/ean13-3/04.png
INFO: Starting src/test/resources/blackbox/ean13-3/05.png
INFO: Starting src/test/resources/blackbox/ean13-3/06.png
INFO: Starting src/test/resources/blackbox/ean13-3/07.png
INFO: Starting src/test/resources/blackbox/ean13-3/08.png
INFO: Starting src/test/resources/blackbox/ean13-3/09.png
INFO: Starting src/test/resources/blackbox/ean13-3/10.png
INFO: Starting src/test/resources/blackbox/ean13-3/11.png
INFO: Starting src/test/resources/blackbox/ean13-3/12.png
INFO: Starting src/test/resources/blackbox/ean13-3/13.png
INFO: Starting src/test/resources/blackbox/ean13-3/14.png
INFO: Starting src/test/resources/blackbox/ean13-3/15.png
INFO: Starting src/test/resources/blackbox/ean13-3/16.png
INFO: Starting src/test/resources/blackbox/ean13-3/17.png
INFO: Starting src/test/resources/blackbox/ean13-3/18.png
INFO: Starting src/test/resources/blackbox/ean13-3/19.png
INFO: Starting src/test/resources/blackbox/ean13-3/20.png
INFO: Starting src/test/resources/blackbox/ean13-3/21.png
INFO: Starting src/test/resources/blackbox/ean13-3/22.png
INFO: Starting src/test/resources/blackbox/ean13-3/23.png
INFO: Starting src/test/resources/blackbox/ean13-3/24.png
INFO: Starting src/test/resources/blackbox/ean13-3/25.png
INFO: Starting src/test/resources/blackbox/ean13-3/26.png
INFO: Starting src/test/resources/blackbox/ean13-3/27.png
INFO: Starting src/test/resources/blackbox/ean13-3/28.png
INFO: Starting src/test/resources/blackbox/ean13-3/29.png
INFO: Starting src/test/resources/blackbox/ean13-3/30.png
INFO: Starting src/test/resources/blackbox/ean13-3/31.png
INFO: Starting src/test/resources/blackbox/ean13-3/32.png
INFO: Starting src/test/resources/blackbox/ean13-3/33.png
INFO: Starting src/test/resources/blackbox/ean13-3/34.png
INFO: Starting src/test/resources/blackbox/ean13-3/35.png
INFO: Starting src/test/resources/blackbox/ean13-3/36.png
INFO: Starting src/test/resources/blackbox/ean13-3/37.png
INFO: Starting src/test/resources/blackbox/ean13-3/38.png
INFO: Starting src/test/resources/blackbox/ean13-3/39.png
INFO: Starting src/test/resources/blackbox/ean13-3/40.png
INFO: Starting src/test/resources/blackbox/ean13-3/41.png
INFO: Starting src/test/resources/blackbox/ean13-3/42.png
INFO: Starting src/test/resources/blackbox/ean13-3/43.png
INFO: Starting src/test/resources/blackbox/ean13-3/44.png
INFO: Starting src/test/resources/blackbox/ean13-3/45.png
INFO: Starting src/test/resources/blackbox/ean13-3/46.png
INFO: Starting src/test/resources/blackbox/ean13-3/47.png
INFO: Starting src/test/resources/blackbox/ean13-3/48.png
INFO: Starting src/test/resources/blackbox/ean13-3/49.png
INFO: Starting src/test/resources/blackbox/ean13-3/50.png
INFO: Starting src/test/resources/blackbox/ean13-3/51.png
INFO: Starting src/test/resources/blackbox/ean13-3/52.png
INFO: Starting src/test/resources/blackbox/ean13-3/53.png
INFO: Starting src/test/resources/blackbox/ean13-3/54.png
INFO: Starting src/test/resources/blackbox/ean13-3/55.png
INFO: Rotation 0 degrees:
INFO:  53 of 55 images passed (53 required)
INFO:  0 failed due to misreads, 2 not detected
INFO:  55 of 55 images passed with try harder (55 required)
INFO:  0 failed due to misreads, 0 not detected
INFO: Rotation 180 degrees:
INFO:  55 of 55 images passed (55 required)
INFO:  0 failed due to misreads, 0 not detected
INFO:  55 of 55 images passed with try harder (55 required)
INFO:  0 failed due to misreads, 0 not detected
INFO: Decoded 218 images out of 220 (99%, 218 required)
Tests run: 1, Failures: 0, Errors: 0, Skipped: 0, Time elapsed: 1.122 sec - in com.google.zxing.oned.EAN13BlackBox3TestCase
Running com.google.zxing.oned.EAN13WriterTestCase
Tests run: 1, Failures: 0, Errors: 0, Skipped: 0, Time elapsed: 0.002 sec - in com.google.zxing.oned.EAN13WriterTestCase
Running com.google.zxing.oned.Code128WriterTestCase
Tests run: 4, Failures: 0, Errors: 0, Skipped: 0, Time elapsed: 0.004 sec - in com.google.zxing.oned.Code128WriterTestCase
Running com.google.zxing.oned.Code39BlackBox3TestCase
INFO: Starting src/test/resources/blackbox/code39-3/01.png
INFO: Starting src/test/resources/blackbox/code39-3/02.png
INFO: Starting src/test/resources/blackbox/code39-3/03.png
INFO: Starting src/test/resources/blackbox/code39-3/04.png
INFO: Starting src/test/resources/blackbox/code39-3/05.png
INFO: Starting src/test/resources/blackbox/code39-3/06.png
INFO: Starting src/test/resources/blackbox/code39-3/07.png
INFO: Starting src/test/resources/blackbox/code39-3/08.png
INFO: Starting src/test/resources/blackbox/code39-3/09.png
INFO: Starting src/test/resources/blackbox/code39-3/10.png
INFO: Starting src/test/resources/blackbox/code39-3/11.png
INFO: Starting src/test/resources/blackbox/code39-3/12.png
INFO: Starting src/test/resources/blackbox/code39-3/13.png
INFO: Starting src/test/resources/blackbox/code39-3/14.png
INFO: Starting src/test/resources/blackbox/code39-3/15.png
INFO: Starting src/test/resources/blackbox/code39-3/16.png
INFO: Starting src/test/resources/blackbox/code39-3/17.png
INFO: Rotation 0 degrees:
INFO:  17 of 17 images passed (17 required)
INFO:  0 failed due to misreads, 0 not detected
INFO:  17 of 17 images passed with try harder (17 required)
INFO:  0 failed due to misreads, 0 not detected
INFO: Rotation 180 degrees:
INFO:  17 of 17 images passed (17 required)
INFO:  0 failed due to misreads, 0 not detected
INFO:  17 of 17 images passed with try harder (17 required)
INFO:  0 failed due to misreads, 0 not detected
INFO: Decoded 68 images out of 68 (100%, 68 required)
Tests run: 1, Failures: 0, Errors: 0, Skipped: 0, Time elapsed: 1.092 sec - in com.google.zxing.oned.Code39BlackBox3TestCase
Running com.google.zxing.oned.EANManufacturerOrgSupportTest
Tests run: 1, Failures: 0, Errors: 0, Skipped: 0, Time elapsed: 0 sec - in com.google.zxing.oned.EANManufacturerOrgSupportTest
Running com.google.zxing.oned.UPCABlackBox6BlurryTestCase
INFO: Starting src/test/resources/blackbox/upca-6/01.png
INFO: Starting src/test/resources/blackbox/upca-6/02.png
INFO: Starting src/test/resources/blackbox/upca-6/03.png
INFO: Starting src/test/resources/blackbox/upca-6/04.png
INFO: Starting src/test/resources/blackbox/upca-6/05.png
INFO: Starting src/test/resources/blackbox/upca-6/06.png
INFO: Starting src/test/resources/blackbox/upca-6/07.png
INFO: Starting src/test/resources/blackbox/upca-6/08.png
INFO: Starting src/test/resources/blackbox/upca-6/09.png
INFO: Starting src/test/resources/blackbox/upca-6/10.png
INFO: Starting src/test/resources/blackbox/upca-6/11.png
INFO: Starting src/test/resources/blackbox/upca-6/12.png
INFO: Starting src/test/resources/blackbox/upca-6/13.png
INFO: Starting src/test/resources/blackbox/upca-6/14.png
INFO: Starting src/test/resources/blackbox/upca-6/15.png
INFO: Starting src/test/resources/blackbox/upca-6/16.png
INFO: Starting src/test/resources/blackbox/upca-6/17.png
INFO: Starting src/test/resources/blackbox/upca-6/18.png
INFO: Starting src/test/resources/blackbox/upca-6/19.png
INFO: Rotation 0 degrees:
INFO:  0 of 19 images passed (0 required)
INFO:  0 failed due to misreads, 19 not detected
INFO:  0 of 19 images passed with try harder (0 required)
INFO:  0 failed due to misreads, 19 not detected
INFO: Rotation 180 degrees:
INFO:  0 of 19 images passed (0 required)
INFO:  0 failed due to misreads, 19 not detected
INFO:  0 of 19 images passed with try harder (0 required)
INFO:  0 failed due to misreads, 19 not detected
INFO: Decoded 0 images out of 76 (0%, 0 required)
Tests run: 1, Failures: 0, Errors: 0, Skipped: 0, Time elapsed: 0.658 sec - in com.google.zxing.oned.UPCABlackBox6BlurryTestCase
Running com.google.zxing.oned.CodabarBlackBox1TestCase
INFO: Starting src/test/resources/blackbox/codabar-1/01.png
INFO: Starting src/test/resources/blackbox/codabar-1/02.png
INFO: Starting src/test/resources/blackbox/codabar-1/03.png
INFO: Starting src/test/resources/blackbox/codabar-1/04.png
INFO: Starting src/test/resources/blackbox/codabar-1/09.png
INFO: Starting src/test/resources/blackbox/codabar-1/10.png
INFO: Starting src/test/resources/blackbox/codabar-1/11.png
INFO: Starting src/test/resources/blackbox/codabar-1/12.png
INFO: Starting src/test/resources/blackbox/codabar-1/13.png
INFO: Starting src/test/resources/blackbox/codabar-1/14.png
INFO: Starting src/test/resources/blackbox/codabar-1/15.png
INFO: Rotation 0 degrees:
INFO:  11 of 11 images passed (11 required)
INFO:  0 failed due to misreads, 0 not detected
INFO:  11 of 11 images passed with try harder (11 required)
INFO:  0 failed due to misreads, 0 not detected
INFO: Rotation 180 degrees:
INFO:  11 of 11 images passed (11 required)
INFO:  0 failed due to misreads, 0 not detected
INFO:  11 of 11 images passed with try harder (11 required)
INFO:  0 failed due to misreads, 0 not detected
INFO: Decoded 44 images out of 44 (100%, 44 required)
Tests run: 1, Failures: 0, Errors: 0, Skipped: 0, Time elapsed: 0.163 sec - in com.google.zxing.oned.CodabarBlackBox1TestCase
Running com.google.zxing.oned.CodaBarWriterTestCase
Tests run: 3, Failures: 0, Errors: 0, Skipped: 0, Time elapsed: 0.002 sec - in com.google.zxing.oned.CodaBarWriterTestCase
Running com.google.zxing.oned.EAN8BlackBox1TestCase
INFO: Starting src/test/resources/blackbox/ean8-1/1.png
INFO: Starting src/test/resources/blackbox/ean8-1/2.png
INFO: Starting src/test/resources/blackbox/ean8-1/3.png
INFO: Starting src/test/resources/blackbox/ean8-1/4.png
INFO: Starting src/test/resources/blackbox/ean8-1/5.png
INFO: Starting src/test/resources/blackbox/ean8-1/6.png
INFO: Starting src/test/resources/blackbox/ean8-1/7.png
INFO: Starting src/test/resources/blackbox/ean8-1/8.png
INFO: Rotation 0 degrees:
INFO:  8 of 8 images passed (8 required)
INFO:  0 failed due to misreads, 0 not detected
INFO:  8 of 8 images passed with try harder (8 required)
INFO:  0 failed due to misreads, 0 not detected
INFO: Rotation 180 degrees:
INFO:  8 of 8 images passed (8 required)
INFO:  0 failed due to misreads, 0 not detected
INFO:  8 of 8 images passed with try harder (8 required)
INFO:  0 failed due to misreads, 0 not detected
INFO: Decoded 32 images out of 32 (100%, 32 required)
Tests run: 1, Failures: 0, Errors: 0, Skipped: 0, Time elapsed: 0.06 sec - in com.google.zxing.oned.EAN8BlackBox1TestCase
Running com.google.zxing.oned.EAN8WriterTestCase
Tests run: 1, Failures: 0, Errors: 0, Skipped: 0, Time elapsed: 0.002 sec - in com.google.zxing.oned.EAN8WriterTestCase
Running com.google.zxing.oned.Code128BlackBox3TestCase
INFO: Starting src/test/resources/blackbox/code128-3/1.png
INFO: Starting src/test/resources/blackbox/code128-3/2.png
INFO: Rotation 0 degrees:
INFO:  2 of 2 images passed (2 required)
INFO:  0 failed due to misreads, 0 not detected
INFO:  2 of 2 images passed with try harder (2 required)
INFO:  0 failed due to misreads, 0 not detected
INFO: Rotation 180 degrees:
INFO:  2 of 2 images passed (2 required)
INFO:  0 failed due to misreads, 0 not detected
INFO:  2 of 2 images passed with try harder (2 required)
INFO:  0 failed due to misreads, 0 not detected
INFO: Decoded 8 images out of 8 (100%, 8 required)
Tests run: 1, Failures: 0, Errors: 0, Skipped: 0, Time elapsed: 0.028 sec - in com.google.zxing.oned.Code128BlackBox3TestCase
Running com.google.zxing.oned.Code39ExtendedBlackBox2TestCase
INFO: Starting src/test/resources/blackbox/code39-2/1.png
INFO: Starting src/test/resources/blackbox/code39-2/2.png
INFO: Rotation 0 degrees:
INFO:  2 of 2 images passed (2 required)
INFO:  0 failed due to misreads, 0 not detected
INFO:  2 of 2 images passed with try harder (2 required)
INFO:  0 failed due to misreads, 0 not detected
INFO: Rotation 180 degrees:
INFO:  2 of 2 images passed (2 required)
INFO:  0 failed due to misreads, 0 not detected
INFO:  2 of 2 images passed with try harder (2 required)
INFO:  0 failed due to misreads, 0 not detected
INFO: Decoded 8 images out of 8 (100%, 8 required)
Tests run: 1, Failures: 0, Errors: 0, Skipped: 0, Time elapsed: 0.023 sec - in com.google.zxing.oned.Code39ExtendedBlackBox2TestCase
Running com.google.zxing.oned.ITFBlackBox2TestCase
INFO: Starting src/test/resources/blackbox/itf-2/01.png
INFO: Starting src/test/resources/blackbox/itf-2/02.png
INFO: Starting src/test/resources/blackbox/itf-2/03.png
INFO: Starting src/test/resources/blackbox/itf-2/04.png
INFO: Starting src/test/resources/blackbox/itf-2/05.png
INFO: Starting src/test/resources/blackbox/itf-2/06.png
INFO: Starting src/test/resources/blackbox/itf-2/07.png
INFO: Starting src/test/resources/blackbox/itf-2/08.png
INFO: Starting src/test/resources/blackbox/itf-2/09.png
INFO: Starting src/test/resources/blackbox/itf-2/10.png
INFO: Starting src/test/resources/blackbox/itf-2/11.png
INFO: Starting src/test/resources/blackbox/itf-2/12.png
INFO: Starting src/test/resources/blackbox/itf-2/13.png
INFO: Rotation 0 degrees:
INFO:  13 of 13 images passed (13 required)
INFO:  0 failed due to misreads, 0 not detected
INFO:  13 of 13 images passed with try harder (13 required)
INFO:  0 failed due to misreads, 0 not detected
INFO: Rotation 180 degrees:
INFO:  13 of 13 images passed (13 required)
INFO:  0 failed due to misreads, 0 not detected
INFO:  13 of 13 images passed with try harder (13 required)
INFO:  0 failed due to misreads, 0 not detected
INFO: Decoded 52 images out of 52 (100%, 52 required)
Tests run: 1, Failures: 0, Errors: 0, Skipped: 0, Time elapsed: 0.166 sec - in com.google.zxing.oned.ITFBlackBox2TestCase
Running com.google.zxing.oned.UPCABlackBox1TestCase
INFO: Starting src/test/resources/blackbox/upca-1/1.png
INFO: Starting src/test/resources/blackbox/upca-1/10.png
INFO: Starting src/test/resources/blackbox/upca-1/11.png
INFO: Starting src/test/resources/blackbox/upca-1/12.png
INFO: Starting src/test/resources/blackbox/upca-1/13.png
INFO: Starting src/test/resources/blackbox/upca-1/16.png
INFO: Starting src/test/resources/blackbox/upca-1/17.png
INFO: Starting src/test/resources/blackbox/upca-1/18.png
INFO: Starting src/test/resources/blackbox/upca-1/19.png
INFO: Starting src/test/resources/blackbox/upca-1/2.png
INFO: Starting src/test/resources/blackbox/upca-1/20.png
INFO: Starting src/test/resources/blackbox/upca-1/21.png
INFO: Starting src/test/resources/blackbox/upca-1/27.png
INFO: Starting src/test/resources/blackbox/upca-1/28.png
INFO: Starting src/test/resources/blackbox/upca-1/29.png
INFO: Starting src/test/resources/blackbox/upca-1/3.png
INFO: Starting src/test/resources/blackbox/upca-1/35.png
INFO: Starting src/test/resources/blackbox/upca-1/4.png
INFO: Content mismatch: expected '070097025088' but got '070097026788' (try harder, rotation: 0)
INFO: Content mismatch: expected '070097025088' but got '070097026788' (try harder, rotation: 180)
INFO: Starting src/test/resources/blackbox/upca-1/5.png
INFO: Starting src/test/resources/blackbox/upca-1/8.png
INFO: Starting src/test/resources/blackbox/upca-1/9.png
INFO: Rotation 0 degrees:
INFO:  14 of 21 images passed (14 required)
INFO:  0 failed due to misreads, 7 not detected
INFO:  18 of 21 images passed with try harder (18 required)
INFO:  1 failed due to misreads, 2 not detected
INFO: Rotation 180 degrees:
INFO:  16 of 21 images passed (16 required)
INFO:  0 failed due to misreads, 5 not detected
INFO:  18 of 21 images passed with try harder (18 required)
INFO:  1 failed due to misreads, 2 not detected
INFO: Decoded 66 images out of 84 (78%, 66 required)
Tests run: 1, Failures: 0, Errors: 0, Skipped: 0, Time elapsed: 1.18 sec - in com.google.zxing.oned.UPCABlackBox1TestCase
Running com.google.zxing.oned.EAN13BlackBox2TestCase
INFO: Starting src/test/resources/blackbox/ean13-2/01.png
INFO: Starting src/test/resources/blackbox/ean13-2/02.png
INFO: Starting src/test/resources/blackbox/ean13-2/03.png
INFO: Starting src/test/resources/blackbox/ean13-2/04.png
INFO: Starting src/test/resources/blackbox/ean13-2/05.png
INFO: Starting src/test/resources/blackbox/ean13-2/06.png
INFO: Starting src/test/resources/blackbox/ean13-2/07.png
INFO: Starting src/test/resources/blackbox/ean13-2/08.png
INFO: Starting src/test/resources/blackbox/ean13-2/09.png
INFO: Starting src/test/resources/blackbox/ean13-2/10.png
INFO: Starting src/test/resources/blackbox/ean13-2/11.png
INFO: Starting src/test/resources/blackbox/ean13-2/12.png
INFO: Starting src/test/resources/blackbox/ean13-2/13.png
INFO: Starting src/test/resources/blackbox/ean13-2/14.png
INFO: Starting src/test/resources/blackbox/ean13-2/15.png
INFO: Starting src/test/resources/blackbox/ean13-2/16.png
INFO: Starting src/test/resources/blackbox/ean13-2/17.png
INFO: Starting src/test/resources/blackbox/ean13-2/18.png
INFO: Starting src/test/resources/blackbox/ean13-2/19.png
INFO: Starting src/test/resources/blackbox/ean13-2/20.png
INFO: Starting src/test/resources/blackbox/ean13-2/21.png
INFO: Starting src/test/resources/blackbox/ean13-2/22.png
INFO: Starting src/test/resources/blackbox/ean13-2/23.png
INFO: Starting src/test/resources/blackbox/ean13-2/24.png
INFO: Content mismatch: expected '9784872348880' but got '1920081045006' (try harder, rotation: 0)
INFO: Content mismatch: expected '9784872348880' but got '1920081045006' (try harder, rotation: 180)
INFO: Starting src/test/resources/blackbox/ean13-2/25.png
INFO: Starting src/test/resources/blackbox/ean13-2/26.png
INFO: Starting src/test/resources/blackbox/ean13-2/27.png
INFO: Starting src/test/resources/blackbox/ean13-2/28.png
INFO: Rotation 0 degrees:
INFO:  12 of 28 images passed (12 required)
INFO:  0 failed due to misreads, 16 not detected
INFO:  17 of 28 images passed with try harder (17 required)
INFO:  1 failed due to misreads, 10 not detected
INFO: Rotation 180 degrees:
INFO:  11 of 28 images passed (11 required)
INFO:  0 failed due to misreads, 17 not detected
INFO:  17 of 28 images passed with try harder (17 required)
INFO:  1 failed due to misreads, 10 not detected
INFO: Decoded 57 images out of 112 (50%, 57 required)
Tests run: 1, Failures: 0, Errors: 0, Skipped: 0, Time elapsed: 1.698 sec - in com.google.zxing.oned.EAN13BlackBox2TestCase
Running com.google.zxing.oned.Code128BlackBox1TestCase
INFO: Starting src/test/resources/blackbox/code128-1/1.png
INFO: Starting src/test/resources/blackbox/code128-1/2.png
INFO: Starting src/test/resources/blackbox/code128-1/3.png
INFO: Starting src/test/resources/blackbox/code128-1/4.png
INFO: Starting src/test/resources/blackbox/code128-1/5.png
INFO: Starting src/test/resources/blackbox/code128-1/6.png
INFO: Rotation 0 degrees:
INFO:  6 of 6 images passed (6 required)
INFO:  0 failed due to misreads, 0 not detected
INFO:  6 of 6 images passed with try harder (6 required)
INFO:  0 failed due to misreads, 0 not detected
INFO: Rotation 180 degrees:
INFO:  6 of 6 images passed (6 required)
INFO:  0 failed due to misreads, 0 not detected
INFO:  6 of 6 images passed with try harder (6 required)
INFO:  0 failed due to misreads, 0 not detected
INFO: Decoded 24 images out of 24 (100%, 24 required)
Tests run: 1, Failures: 0, Errors: 0, Skipped: 0, Time elapsed: 0.285 sec - in com.google.zxing.oned.Code128BlackBox1TestCase
Running com.google.zxing.oned.EAN13BlackBox4TestCase
INFO: Starting src/test/resources/blackbox/ean13-4/01.png
INFO: Format mismatch: expected 'EAN_13' but got 'UPC_E' (rotation: 0)
INFO: Format mismatch: expected 'EAN_13' but got 'UPC_E' (try harder, rotation: 0)
INFO: Format mismatch: expected 'EAN_13' but got 'UPC_E' (rotation: 180)
INFO: Format mismatch: expected 'EAN_13' but got 'UPC_E' (try harder, rotation: 180)
INFO: Starting src/test/resources/blackbox/ean13-4/02.png
INFO: Starting src/test/resources/blackbox/ean13-4/03.png
INFO: Starting src/test/resources/blackbox/ean13-4/04.png
INFO: Starting src/test/resources/blackbox/ean13-4/05.png
INFO: Starting src/test/resources/blackbox/ean13-4/06.png
INFO: Starting src/test/resources/blackbox/ean13-4/07.png
INFO: Starting src/test/resources/blackbox/ean13-4/08.png
INFO: Starting src/test/resources/blackbox/ean13-4/09.png
INFO: Starting src/test/resources/blackbox/ean13-4/10.png
INFO: Starting src/test/resources/blackbox/ean13-4/11.png
INFO: Starting src/test/resources/blackbox/ean13-4/12.png
INFO: Starting src/test/resources/blackbox/ean13-4/13.png
INFO: Starting src/test/resources/blackbox/ean13-4/14.png
INFO: Starting src/test/resources/blackbox/ean13-4/15.png
INFO: Starting src/test/resources/blackbox/ean13-4/16.png
INFO: Starting src/test/resources/blackbox/ean13-4/17.png
INFO: Starting src/test/resources/blackbox/ean13-4/18.png
INFO: Starting src/test/resources/blackbox/ean13-4/19.png
INFO: Starting src/test/resources/blackbox/ean13-4/20.png
INFO: Starting src/test/resources/blackbox/ean13-4/21.png
INFO: Starting src/test/resources/blackbox/ean13-4/22.png
INFO: Rotation 0 degrees:
INFO:  6 of 22 images passed (6 required)
INFO:  1 failed due to misreads, 15 not detected
INFO:  13 of 22 images passed with try harder (13 required)
INFO:  1 failed due to misreads, 8 not detected
INFO: Rotation 180 degrees:
INFO:  7 of 22 images passed (7 required)
INFO:  1 failed due to misreads, 14 not detected
INFO:  13 of 22 images passed with try harder (13 required)
INFO:  1 failed due to misreads, 8 not detected
INFO: Decoded 39 images out of 88 (44%, 39 required)
Tests run: 1, Failures: 0, Errors: 0, Skipped: 0, Time elapsed: 0.614 sec - in com.google.zxing.oned.EAN13BlackBox4TestCase
Running com.google.zxing.common.BitArrayTestCase
Tests run: 11, Failures: 0, Errors: 0, Skipped: 0, Time elapsed: 0.006 sec - in com.google.zxing.common.BitArrayTestCase
Running com.google.zxing.common.PerspectiveTransformTestCase
Tests run: 2, Failures: 0, Errors: 0, Skipped: 0, Time elapsed: 0.001 sec - in com.google.zxing.common.PerspectiveTransformTestCase
Running com.google.zxing.common.detector.MathUtilsTestCase
Tests run: 1, Failures: 0, Errors: 0, Skipped: 0, Time elapsed: 0.001 sec - in com.google.zxing.common.detector.MathUtilsTestCase
Running com.google.zxing.common.BitSourceTestCase
Tests run: 1, Failures: 0, Errors: 0, Skipped: 0, Time elapsed: 0.002 sec - in com.google.zxing.common.BitSourceTestCase
Running com.google.zxing.common.reedsolomon.ReedSolomonTestCase
Tests run: 3, Failures: 0, Errors: 0, Skipped: 0, Time elapsed: 4.954 sec - in com.google.zxing.common.reedsolomon.ReedSolomonTestCase
Running com.google.zxing.common.StringUtilsTestCase
Tests run: 3, Failures: 0, Errors: 0, Skipped: 0, Time elapsed: 0.01 sec - in com.google.zxing.common.StringUtilsTestCase
Running com.google.zxing.common.BitMatrixTestCase
Tests run: 10, Failures: 0, Errors: 0, Skipped: 0, Time elapsed: 0.032 sec - in com.google.zxing.common.BitMatrixTestCase
Running com.google.zxing.client.result.VINParsedResultTestCase
Tests run: 2, Failures: 0, Errors: 0, Skipped: 0, Time elapsed: 0.001 sec - in com.google.zxing.client.result.VINParsedResultTestCase
Running com.google.zxing.client.result.EmailAddressParsedResultTestCase
Tests run: 7, Failures: 0, Errors: 0, Skipped: 0, Time elapsed: 0.024 sec - in com.google.zxing.client.result.EmailAddressParsedResultTestCase
Running com.google.zxing.client.result.URIParsedResultTestCase
Tests run: 7, Failures: 0, Errors: 0, Skipped: 0, Time elapsed: 0 sec - in com.google.zxing.client.result.URIParsedResultTestCase
Running com.google.zxing.client.result.ProductParsedResultTestCase
Tests run: 1, Failures: 0, Errors: 0, Skipped: 0, Time elapsed: 0 sec - in com.google.zxing.client.result.ProductParsedResultTestCase
Running com.google.zxing.client.result.CalendarParsedResultTestCase
Tests run: 13, Failures: 0, Errors: 0, Skipped: 0, Time elapsed: 0.053 sec - in com.google.zxing.client.result.CalendarParsedResultTestCase
Running com.google.zxing.client.result.WifiParsedResultTestCase
Tests run: 4, Failures: 0, Errors: 0, Skipped: 0, Time elapsed: 0 sec - in com.google.zxing.client.result.WifiParsedResultTestCase
Running com.google.zxing.client.result.ExpandedProductParsedResultTestCase
Tests run: 1, Failures: 0, Errors: 0, Skipped: 0, Time elapsed: 0 sec - in com.google.zxing.client.result.ExpandedProductParsedResultTestCase
Running com.google.zxing.client.result.ParsedReaderResultTestCase
Tests run: 21, Failures: 0, Errors: 0, Skipped: 0, Time elapsed: 0 sec - in com.google.zxing.client.result.ParsedReaderResultTestCase
Running com.google.zxing.client.result.TelParsedResultTestCase
Tests run: 1, Failures: 0, Errors: 0, Skipped: 0, Time elapsed: 0 sec - in com.google.zxing.client.result.TelParsedResultTestCase
Running com.google.zxing.client.result.ISBNParsedResultTestCase
Tests run: 1, Failures: 0, Errors: 0, Skipped: 0, Time elapsed: 0 sec - in com.google.zxing.client.result.ISBNParsedResultTestCase
Running com.google.zxing.client.result.SMSMMSParsedResultTestCase
Tests run: 2, Failures: 0, Errors: 0, Skipped: 0, Time elapsed: 0 sec - in com.google.zxing.client.result.SMSMMSParsedResultTestCase
Running com.google.zxing.client.result.AddressBookParsedResultTestCase
Tests run: 12, Failures: 0, Errors: 0, Skipped: 0, Time elapsed: 0 sec - in com.google.zxing.client.result.AddressBookParsedResultTestCase
Running com.google.zxing.client.result.GeoParsedResultTestCase
Tests run: 1, Failures: 0, Errors: 0, Skipped: 0, Time elapsed: 0 sec - in com.google.zxing.client.result.GeoParsedResultTestCase
Running com.google.zxing.qrcode.decoder.FormatInformationTestCase
Tests run: 4, Failures: 0, Errors: 0, Skipped: 0, Time elapsed: 0.001 sec - in com.google.zxing.qrcode.decoder.FormatInformationTestCase
Running com.google.zxing.qrcode.decoder.ModeTestCase
Tests run: 2, Failures: 0, Errors: 0, Skipped: 0, Time elapsed: 0 sec - in com.google.zxing.qrcode.decoder.ModeTestCase
Running com.google.zxing.qrcode.decoder.DecodedBitStreamParserTestCase
Tests run: 4, Failures: 0, Errors: 0, Skipped: 0, Time elapsed: 0 sec - in com.google.zxing.qrcode.decoder.DecodedBitStreamParserTestCase
Running com.google.zxing.qrcode.decoder.DataMaskTestCase
Tests run: 8, Failures: 0, Errors: 0, Skipped: 0, Time elapsed: 0.345 sec - in com.google.zxing.qrcode.decoder.DataMaskTestCase
Running com.google.zxing.qrcode.decoder.VersionTestCase
Tests run: 3, Failures: 0, Errors: 0, Skipped: 0, Time elapsed: 0.002 sec - in com.google.zxing.qrcode.decoder.VersionTestCase
Running com.google.zxing.qrcode.decoder.ErrorCorrectionLevelTestCase
Tests run: 1, Failures: 0, Errors: 0, Skipped: 0, Time elapsed: 0.001 sec - in com.google.zxing.qrcode.decoder.ErrorCorrectionLevelTestCase
Running com.google.zxing.qrcode.encoder.MatrixUtilTestCase
Tests run: 12, Failures: 0, Errors: 0, Skipped: 0, Time elapsed: 0.012 sec - in com.google.zxing.qrcode.encoder.MatrixUtilTestCase
Running com.google.zxing.qrcode.encoder.MaskUtilTestCase
Tests run: 5, Failures: 0, Errors: 0, Skipped: 0, Time elapsed: 0.005 sec - in com.google.zxing.qrcode.encoder.MaskUtilTestCase
Running com.google.zxing.qrcode.encoder.EncoderTestCase
Tests run: 18, Failures: 0, Errors: 0, Skipped: 0, Time elapsed: 0.061 sec - in com.google.zxing.qrcode.encoder.EncoderTestCase
Running com.google.zxing.qrcode.encoder.BitVectorTestCase
Tests run: 8, Failures: 0, Errors: 0, Skipped: 0, Time elapsed: 0.002 sec - in com.google.zxing.qrcode.encoder.BitVectorTestCase
Running com.google.zxing.qrcode.encoder.QRCodeTestCase
Tests run: 4, Failures: 0, Errors: 0, Skipped: 0, Time elapsed: 0.002 sec - in com.google.zxing.qrcode.encoder.QRCodeTestCase
Running com.google.zxing.qrcode.QRCodeWriterTestCase
Tests run: 2, Failures: 0, Errors: 0, Skipped: 0, Time elapsed: 0.007 sec - in com.google.zxing.qrcode.QRCodeWriterTestCase
Running com.google.zxing.qrcode.QRCodeBlackBox1TestCase
INFO: Starting src/test/resources/blackbox/qrcode-1/1.png
INFO: Starting src/test/resources/blackbox/qrcode-1/10.png
INFO: Starting src/test/resources/blackbox/qrcode-1/11.png
INFO: Starting src/test/resources/blackbox/qrcode-1/12.png
INFO: Starting src/test/resources/blackbox/qrcode-1/13.png
INFO: Starting src/test/resources/blackbox/qrcode-1/14.png
INFO: Starting src/test/resources/blackbox/qrcode-1/15.png
INFO: Starting src/test/resources/blackbox/qrcode-1/16.png
INFO: Starting src/test/resources/blackbox/qrcode-1/17.png
INFO: Starting src/test/resources/blackbox/qrcode-1/18.png
INFO: Starting src/test/resources/blackbox/qrcode-1/19.png
INFO: Starting src/test/resources/blackbox/qrcode-1/2.png
INFO: Starting src/test/resources/blackbox/qrcode-1/20.png
INFO: Starting src/test/resources/blackbox/qrcode-1/3.png
INFO: Starting src/test/resources/blackbox/qrcode-1/4.png
INFO: Starting src/test/resources/blackbox/qrcode-1/5.png
INFO: Starting src/test/resources/blackbox/qrcode-1/6.png
INFO: Starting src/test/resources/blackbox/qrcode-1/7.png
INFO: Starting src/test/resources/blackbox/qrcode-1/8.png
INFO: Starting src/test/resources/blackbox/qrcode-1/9.png
INFO: Rotation 0 degrees:
INFO:  17 of 20 images passed (17 required)
INFO:  0 failed due to misreads, 3 not detected
INFO:  17 of 20 images passed with try harder (17 required)
INFO:  0 failed due to misreads, 3 not detected
INFO: Rotation 90 degrees:
INFO:  14 of 20 images passed (14 required)
INFO:  0 failed due to misreads, 6 not detected
INFO:  14 of 20 images passed with try harder (14 required)
INFO:  0 failed due to misreads, 6 not detected
INFO: Rotation 180 degrees:
INFO:  17 of 20 images passed (17 required)
INFO:  0 failed due to misreads, 3 not detected
INFO:  17 of 20 images passed with try harder (17 required)
INFO:  0 failed due to misreads, 3 not detected
INFO: Rotation 270 degrees:
INFO:  14 of 20 images passed (14 required)
INFO:  0 failed due to misreads, 6 not detected
INFO:  14 of 20 images passed with try harder (14 required)
INFO:  0 failed due to misreads, 6 not detected
INFO: Decoded 124 images out of 160 (77%, 124 required)
Tests run: 1, Failures: 0, Errors: 0, Skipped: 0, Time elapsed: 3.557 sec - in com.google.zxing.qrcode.QRCodeBlackBox1TestCase
Running com.google.zxing.qrcode.QRCodeBlackBox3TestCase
INFO: Starting src/test/resources/blackbox/qrcode-3/01.png
INFO: Starting src/test/resources/blackbox/qrcode-3/02.png
INFO: Starting src/test/resources/blackbox/qrcode-3/03.png
INFO: Starting src/test/resources/blackbox/qrcode-3/04.png
INFO: Starting src/test/resources/blackbox/qrcode-3/05.png
INFO: Starting src/test/resources/blackbox/qrcode-3/06.png
INFO: Starting src/test/resources/blackbox/qrcode-3/07.png
INFO: Starting src/test/resources/blackbox/qrcode-3/08.png
INFO: Starting src/test/resources/blackbox/qrcode-3/09.png
INFO: Starting src/test/resources/blackbox/qrcode-3/10.png
INFO: Starting src/test/resources/blackbox/qrcode-3/11.png
INFO: Starting src/test/resources/blackbox/qrcode-3/12.png
INFO: Starting src/test/resources/blackbox/qrcode-3/13.png
INFO: Starting src/test/resources/blackbox/qrcode-3/14.png
INFO: Starting src/test/resources/blackbox/qrcode-3/15.png
INFO: Starting src/test/resources/blackbox/qrcode-3/16.png
INFO: Starting src/test/resources/blackbox/qrcode-3/17.png
INFO: Starting src/test/resources/blackbox/qrcode-3/18.png
INFO: String contents of file src/test/resources/blackbox/qrcode-3/18.txt end with a newline. This may not be intended and cause a test failure
INFO: Starting src/test/resources/blackbox/qrcode-3/19.png
INFO: String contents of file src/test/resources/blackbox/qrcode-3/19.txt end with a newline. This may not be intended and cause a test failure
INFO: Starting src/test/resources/blackbox/qrcode-3/20.png
INFO: String contents of file src/test/resources/blackbox/qrcode-3/20.txt end with a newline. This may not be intended and cause a test failure
INFO: Starting src/test/resources/blackbox/qrcode-3/21.png
INFO: String contents of file src/test/resources/blackbox/qrcode-3/21.txt end with a newline. This may not be intended and cause a test failure
INFO: Starting src/test/resources/blackbox/qrcode-3/22.png
INFO: String contents of file src/test/resources/blackbox/qrcode-3/22.txt end with a newline. This may not be intended and cause a test failure
INFO: Starting src/test/resources/blackbox/qrcode-3/23.png
INFO: String contents of file src/test/resources/blackbox/qrcode-3/23.txt end with a newline. This may not be intended and cause a test failure
INFO: Starting src/test/resources/blackbox/qrcode-3/24.png
INFO: String contents of file src/test/resources/blackbox/qrcode-3/24.txt end with a newline. This may not be intended and cause a test failure
INFO: Starting src/test/resources/blackbox/qrcode-3/25.png
INFO: String contents of file src/test/resources/blackbox/qrcode-3/25.txt end with a newline. This may not be intended and cause a test failure
INFO: Starting src/test/resources/blackbox/qrcode-3/26.png
INFO: Starting src/test/resources/blackbox/qrcode-3/27.png
INFO: Starting src/test/resources/blackbox/qrcode-3/28.png
INFO: Starting src/test/resources/blackbox/qrcode-3/29.png
INFO: Starting src/test/resources/blackbox/qrcode-3/30.png
INFO: Starting src/test/resources/blackbox/qrcode-3/31.png
INFO: Starting src/test/resources/blackbox/qrcode-3/32.png
INFO: Starting src/test/resources/blackbox/qrcode-3/33.png
INFO: Starting src/test/resources/blackbox/qrcode-3/34.png
INFO: Starting src/test/resources/blackbox/qrcode-3/35.png
INFO: Starting src/test/resources/blackbox/qrcode-3/36.png
INFO: Starting src/test/resources/blackbox/qrcode-3/37.png
INFO: Starting src/test/resources/blackbox/qrcode-3/38.png
INFO: Starting src/test/resources/blackbox/qrcode-3/39.png
INFO: Starting src/test/resources/blackbox/qrcode-3/40.png
INFO: Starting src/test/resources/blackbox/qrcode-3/41.png
INFO: Starting src/test/resources/blackbox/qrcode-3/42.png
INFO: Rotation 0 degrees:
INFO:  38 of 42 images passed (38 required)
INFO:  0 failed due to misreads, 4 not detected
INFO:  38 of 42 images passed with try harder (38 required)
INFO:  0 failed due to misreads, 4 not detected
INFO: Rotation 90 degrees:
INFO:  38 of 42 images passed (38 required)
INFO:  0 failed due to misreads, 4 not detected
INFO:  38 of 42 images passed with try harder (38 required)
INFO:  0 failed due to misreads, 4 not detected
INFO: Rotation 180 degrees:
INFO:  36 of 42 images passed (36 required)
INFO:  0 failed due to misreads, 6 not detected
INFO:  36 of 42 images passed with try harder (36 required)
INFO:  0 failed due to misreads, 6 not detected
INFO: Rotation 270 degrees:
INFO:  39 of 42 images passed (39 required)
INFO:  0 failed due to misreads, 3 not detected
INFO:  39 of 42 images passed with try harder (39 required)
INFO:  0 failed due to misreads, 3 not detected
INFO: Decoded 302 images out of 336 (89%, 302 required)
Tests run: 1, Failures: 0, Errors: 0, Skipped: 0, Time elapsed: 1.527 sec - in com.google.zxing.qrcode.QRCodeBlackBox3TestCase
Running com.google.zxing.qrcode.QRCodeBlackBox5TestCase
INFO: Starting src/test/resources/blackbox/qrcode-5/01.png
INFO: Starting src/test/resources/blackbox/qrcode-5/02.png
INFO: Starting src/test/resources/blackbox/qrcode-5/03.png
INFO: Starting src/test/resources/blackbox/qrcode-5/04.png
INFO: Starting src/test/resources/blackbox/qrcode-5/05.png
INFO: Starting src/test/resources/blackbox/qrcode-5/06.png
INFO: Starting src/test/resources/blackbox/qrcode-5/07.png
INFO: Starting src/test/resources/blackbox/qrcode-5/08.png
INFO: Starting src/test/resources/blackbox/qrcode-5/09.png
INFO: Starting src/test/resources/blackbox/qrcode-5/10.png
INFO: Starting src/test/resources/blackbox/qrcode-5/11.png
INFO: Starting src/test/resources/blackbox/qrcode-5/12.png
INFO: Starting src/test/resources/blackbox/qrcode-5/13.png
INFO: Starting src/test/resources/blackbox/qrcode-5/14.png
INFO: Starting src/test/resources/blackbox/qrcode-5/15.png
INFO: Starting src/test/resources/blackbox/qrcode-5/16.png
INFO: String contents of file src/test/resources/blackbox/qrcode-5/16.txt end with a newline. This may not be intended and cause a test failure
INFO: Starting src/test/resources/blackbox/qrcode-5/17.png
INFO: String contents of file src/test/resources/blackbox/qrcode-5/17.txt end with a newline. This may not be intended and cause a test failure
INFO: Starting src/test/resources/blackbox/qrcode-5/18.png
INFO: String contents of file src/test/resources/blackbox/qrcode-5/18.txt end with a newline. This may not be intended and cause a test failure
INFO: Starting src/test/resources/blackbox/qrcode-5/19.png
INFO: String contents of file src/test/resources/blackbox/qrcode-5/19.txt end with a newline. This may not be intended and cause a test failure
INFO: Rotation 0 degrees:
INFO:  19 of 19 images passed (19 required)
INFO:  0 failed due to misreads, 0 not detected
INFO:  19 of 19 images passed with try harder (19 required)
INFO:  0 failed due to misreads, 0 not detected
INFO: Rotation 90 degrees:
INFO:  19 of 19 images passed (19 required)
INFO:  0 failed due to misreads, 0 not detected
INFO:  19 of 19 images passed with try harder (19 required)
INFO:  0 failed due to misreads, 0 not detected
INFO: Rotation 180 degrees:
INFO:  19 of 19 images passed (19 required)
INFO:  0 failed due to misreads, 0 not detected
INFO:  19 of 19 images passed with try harder (19 required)
INFO:  0 failed due to misreads, 0 not detected
INFO: Rotation 270 degrees:
INFO:  18 of 19 images passed (18 required)
INFO:  0 failed due to misreads, 1 not detected
INFO:  18 of 19 images passed with try harder (18 required)
INFO:  0 failed due to misreads, 1 not detected
INFO: Decoded 150 images out of 152 (98%, 150 required)
Tests run: 1, Failures: 0, Errors: 0, Skipped: 0, Time elapsed: 0.677 sec - in com.google.zxing.qrcode.QRCodeBlackBox5TestCase
Running com.google.zxing.qrcode.QRCodeBlackBox6TestCase
INFO: Starting src/test/resources/blackbox/qrcode-6/1.png
INFO: Starting src/test/resources/blackbox/qrcode-6/10.png
INFO: Starting src/test/resources/blackbox/qrcode-6/11.png
INFO: Starting src/test/resources/blackbox/qrcode-6/12.png
INFO: Starting src/test/resources/blackbox/qrcode-6/13.png
INFO: Starting src/test/resources/blackbox/qrcode-6/14.png
INFO: Starting src/test/resources/blackbox/qrcode-6/15.png
INFO: Starting src/test/resources/blackbox/qrcode-6/2.png
INFO: Starting src/test/resources/blackbox/qrcode-6/3.png
INFO: Starting src/test/resources/blackbox/qrcode-6/4.png
INFO: Starting src/test/resources/blackbox/qrcode-6/5.png
INFO: Starting src/test/resources/blackbox/qrcode-6/6.png
INFO: Starting src/test/resources/blackbox/qrcode-6/7.png
INFO: Starting src/test/resources/blackbox/qrcode-6/8.png
INFO: Starting src/test/resources/blackbox/qrcode-6/9.png
INFO: Rotation 0 degrees:
INFO:  15 of 15 images passed (15 required)
INFO:  0 failed due to misreads, 0 not detected
INFO:  15 of 15 images passed with try harder (15 required)
INFO:  0 failed due to misreads, 0 not detected
INFO: Rotation 90 degrees:
INFO:  14 of 15 images passed (14 required)
INFO:  0 failed due to misreads, 1 not detected
INFO:  14 of 15 images passed with try harder (14 required)
INFO:  0 failed due to misreads, 1 not detected
INFO: Rotation 180 degrees:
INFO:  12 of 15 images passed (12 required)
INFO:  0 failed due to misreads, 3 not detected
INFO:  13 of 15 images passed with try harder (13 required)
INFO:  0 failed due to misreads, 2 not detected
INFO: Rotation 270 degrees:
INFO:  14 of 15 images passed (14 required)
INFO:  0 failed due to misreads, 1 not detected
INFO:  14 of 15 images passed with try harder (14 required)
INFO:  0 failed due to misreads, 1 not detected
INFO: Decoded 111 images out of 120 (92%, 111 required)
Tests run: 1, Failures: 0, Errors: 0, Skipped: 0, Time elapsed: 1.726 sec - in com.google.zxing.qrcode.QRCodeBlackBox6TestCase
Running com.google.zxing.qrcode.QRCodeBlackBox2TestCase
INFO: Starting src/test/resources/blackbox/qrcode-2/1.png
INFO: Starting src/test/resources/blackbox/qrcode-2/10.png
INFO: Starting src/test/resources/blackbox/qrcode-2/11.png
INFO: Starting src/test/resources/blackbox/qrcode-2/12.png
INFO: Starting src/test/resources/blackbox/qrcode-2/13.png
INFO: Starting src/test/resources/blackbox/qrcode-2/14.png
INFO: Starting src/test/resources/blackbox/qrcode-2/15.png
INFO: Starting src/test/resources/blackbox/qrcode-2/16.png
INFO: Starting src/test/resources/blackbox/qrcode-2/17.png
INFO: Starting src/test/resources/blackbox/qrcode-2/18.png
INFO: Starting src/test/resources/blackbox/qrcode-2/19.png
INFO: Starting src/test/resources/blackbox/qrcode-2/2.png
INFO: Starting src/test/resources/blackbox/qrcode-2/20.png
INFO: Starting src/test/resources/blackbox/qrcode-2/21.png
INFO: Starting src/test/resources/blackbox/qrcode-2/22.png
INFO: Starting src/test/resources/blackbox/qrcode-2/23.png
INFO: Starting src/test/resources/blackbox/qrcode-2/24.png
INFO: Starting src/test/resources/blackbox/qrcode-2/25.png
INFO: Starting src/test/resources/blackbox/qrcode-2/26.png
INFO: Starting src/test/resources/blackbox/qrcode-2/27.png
INFO: Starting src/test/resources/blackbox/qrcode-2/28.png
INFO: Starting src/test/resources/blackbox/qrcode-2/29.png
INFO: Starting src/test/resources/blackbox/qrcode-2/30.png
INFO: Starting src/test/resources/blackbox/qrcode-2/31.png
INFO: Starting src/test/resources/blackbox/qrcode-2/32.png
INFO: Starting src/test/resources/blackbox/qrcode-2/33.png
INFO: Starting src/test/resources/blackbox/qrcode-2/34.png
INFO: Starting src/test/resources/blackbox/qrcode-2/35.png
INFO: Starting src/test/resources/blackbox/qrcode-2/4.png
INFO: Starting src/test/resources/blackbox/qrcode-2/5.png
INFO: Starting src/test/resources/blackbox/qrcode-2/6.png
INFO: Starting src/test/resources/blackbox/qrcode-2/7.png
INFO: Starting src/test/resources/blackbox/qrcode-2/8.png
INFO: Starting src/test/resources/blackbox/qrcode-2/9.png
INFO: Rotation 0 degrees:
INFO:  30 of 34 images passed (30 required)
INFO:  0 failed due to misreads, 4 not detected
INFO:  30 of 34 images passed with try harder (30 required)
INFO:  0 failed due to misreads, 4 not detected
INFO: Rotation 90 degrees:
INFO:  29 of 34 images passed (29 required)
INFO:  0 failed due to misreads, 5 not detected
INFO:  29 of 34 images passed with try harder (29 required)
INFO:  0 failed due to misreads, 5 not detected
INFO: Rotation 180 degrees:
INFO:  30 of 34 images passed (30 required)
INFO:  0 failed due to misreads, 4 not detected
INFO:  30 of 34 images passed with try harder (30 required)
INFO:  0 failed due to misreads, 4 not detected
INFO: Rotation 270 degrees:
INFO:  29 of 34 images passed (29 required)
INFO:  0 failed due to misreads, 5 not detected
INFO:  29 of 34 images passed with try harder (29 required)
INFO:  0 failed due to misreads, 5 not detected
INFO: Decoded 236 images out of 272 (86%, 236 required)
Tests run: 1, Failures: 0, Errors: 0, Skipped: 0, Time elapsed: 2.317 sec - in com.google.zxing.qrcode.QRCodeBlackBox2TestCase
Running com.google.zxing.qrcode.QRCodeBlackBox4TestCase
INFO: Starting src/test/resources/blackbox/qrcode-4/01.png
INFO: Starting src/test/resources/blackbox/qrcode-4/02.png
INFO: Starting src/test/resources/blackbox/qrcode-4/03.png
INFO: Starting src/test/resources/blackbox/qrcode-4/04.png
INFO: Starting src/test/resources/blackbox/qrcode-4/05.png
INFO: Starting src/test/resources/blackbox/qrcode-4/06.png
INFO: Starting src/test/resources/blackbox/qrcode-4/07.png
INFO: Starting src/test/resources/blackbox/qrcode-4/08.png
INFO: Starting src/test/resources/blackbox/qrcode-4/09.png
INFO: Starting src/test/resources/blackbox/qrcode-4/10.png
INFO: Starting src/test/resources/blackbox/qrcode-4/11.png
INFO: Starting src/test/resources/blackbox/qrcode-4/12.png
INFO: Starting src/test/resources/blackbox/qrcode-4/13.png
INFO: Starting src/test/resources/blackbox/qrcode-4/14.png
INFO: Starting src/test/resources/blackbox/qrcode-4/15.png
INFO: Starting src/test/resources/blackbox/qrcode-4/16.png
INFO: Starting src/test/resources/blackbox/qrcode-4/17.png
INFO: Starting src/test/resources/blackbox/qrcode-4/18.png
INFO: Starting src/test/resources/blackbox/qrcode-4/19.png
INFO: Starting src/test/resources/blackbox/qrcode-4/20.png
INFO: Starting src/test/resources/blackbox/qrcode-4/21.png
INFO: Starting src/test/resources/blackbox/qrcode-4/22.png
INFO: Starting src/test/resources/blackbox/qrcode-4/23.png
INFO: Starting src/test/resources/blackbox/qrcode-4/24.png
INFO: Starting src/test/resources/blackbox/qrcode-4/25.png
INFO: Starting src/test/resources/blackbox/qrcode-4/26.png
INFO: Starting src/test/resources/blackbox/qrcode-4/27.png
INFO: Starting src/test/resources/blackbox/qrcode-4/28.png
INFO: Starting src/test/resources/blackbox/qrcode-4/29.png
INFO: Starting src/test/resources/blackbox/qrcode-4/30.png
INFO: Starting src/test/resources/blackbox/qrcode-4/31.png
INFO: Starting src/test/resources/blackbox/qrcode-4/32.png
INFO: Starting src/test/resources/blackbox/qrcode-4/33.png
INFO: Starting src/test/resources/blackbox/qrcode-4/34.png
INFO: Starting src/test/resources/blackbox/qrcode-4/35.png
INFO: Starting src/test/resources/blackbox/qrcode-4/36.png
INFO: Starting src/test/resources/blackbox/qrcode-4/37.png
INFO: Starting src/test/resources/blackbox/qrcode-4/38.png
INFO: Starting src/test/resources/blackbox/qrcode-4/39.png
INFO: Starting src/test/resources/blackbox/qrcode-4/40.png
INFO: Starting src/test/resources/blackbox/qrcode-4/41.png
INFO: Starting src/test/resources/blackbox/qrcode-4/42.png
INFO: Starting src/test/resources/blackbox/qrcode-4/43.png
INFO: Starting src/test/resources/blackbox/qrcode-4/44.png
INFO: Starting src/test/resources/blackbox/qrcode-4/45.png
INFO: Starting src/test/resources/blackbox/qrcode-4/46.png
INFO: Starting src/test/resources/blackbox/qrcode-4/47.png
INFO: Starting src/test/resources/blackbox/qrcode-4/48.png
INFO: Rotation 0 degrees:
INFO:  36 of 48 images passed (36 required)
INFO:  0 failed due to misreads, 12 not detected
INFO:  36 of 48 images passed with try harder (36 required)
INFO:  0 failed due to misreads, 12 not detected
INFO: Rotation 90 degrees:
INFO:  35 of 48 images passed (35 required)
INFO:  0 failed due to misreads, 13 not detected
INFO:  35 of 48 images passed with try harder (35 required)
INFO:  0 failed due to misreads, 13 not detected
INFO: Rotation 180 degrees:
INFO:  35 of 48 images passed (35 required)
INFO:  0 failed due to misreads, 13 not detected
INFO:  35 of 48 images passed with try harder (35 required)
INFO:  0 failed due to misreads, 13 not detected
INFO: Rotation 270 degrees:
INFO:  35 of 48 images passed (35 required)
INFO:  0 failed due to misreads, 13 not detected
INFO:  35 of 48 images passed with try harder (35 required)
INFO:  0 failed due to misreads, 13 not detected
INFO: Decoded 282 images out of 384 (73%, 282 required)
Tests run: 1, Failures: 0, Errors: 0, Skipped: 0, Time elapsed: 2.088 sec - in com.google.zxing.qrcode.QRCodeBlackBox4TestCase
Running com.google.zxing.pdf417.PDF417BlackBox1TestCase
INFO: Starting src/test/resources/blackbox/pdf417-1/01.png
INFO: Starting src/test/resources/blackbox/pdf417-1/02.png
INFO: Starting src/test/resources/blackbox/pdf417-1/03.png
INFO: Starting src/test/resources/blackbox/pdf417-1/04.png
INFO: Starting src/test/resources/blackbox/pdf417-1/05.png
INFO: Starting src/test/resources/blackbox/pdf417-1/06.png
INFO: Starting src/test/resources/blackbox/pdf417-1/07.png
INFO: Starting src/test/resources/blackbox/pdf417-1/09.png
INFO: Starting src/test/resources/blackbox/pdf417-1/10.png
INFO: Starting src/test/resources/blackbox/pdf417-1/11.png
INFO: Rotation 0 degrees:
INFO:  10 of 10 images passed (10 required)
INFO:  0 failed due to misreads, 0 not detected
INFO:  10 of 10 images passed with try harder (10 required)
INFO:  0 failed due to misreads, 0 not detected
INFO: Rotation 180 degrees:
INFO:  10 of 10 images passed (10 required)
INFO:  0 failed due to misreads, 0 not detected
INFO:  10 of 10 images passed with try harder (10 required)
INFO:  0 failed due to misreads, 0 not detected
INFO: Decoded 40 images out of 40 (100%, 40 required)
Tests run: 1, Failures: 0, Errors: 0, Skipped: 0, Time elapsed: 0.224 sec - in com.google.zxing.pdf417.PDF417BlackBox1TestCase
Running com.google.zxing.pdf417.decoder.ec.ErrorCorrectionTestCase
Tests run: 6, Failures: 0, Errors: 0, Skipped: 2, Time elapsed: 0.142 sec - in com.google.zxing.pdf417.decoder.ec.ErrorCorrectionTestCase
Running com.google.zxing.pdf417.PDF417BlackBox3TestCase
INFO: Starting src/test/resources/blackbox/pdf417-3/01.png
INFO: Starting src/test/resources/blackbox/pdf417-3/02.png
INFO: Starting src/test/resources/blackbox/pdf417-3/03.png
INFO: Starting src/test/resources/blackbox/pdf417-3/04.png
INFO: Starting src/test/resources/blackbox/pdf417-3/05.png
INFO: Starting src/test/resources/blackbox/pdf417-3/06.png
INFO: Starting src/test/resources/blackbox/pdf417-3/07.png
INFO: Starting src/test/resources/blackbox/pdf417-3/08.png
INFO: Starting src/test/resources/blackbox/pdf417-3/09.png
INFO: Starting src/test/resources/blackbox/pdf417-3/10.png
INFO: Starting src/test/resources/blackbox/pdf417-3/11.png
INFO: Starting src/test/resources/blackbox/pdf417-3/12.png
INFO: Starting src/test/resources/blackbox/pdf417-3/13.png
INFO: Starting src/test/resources/blackbox/pdf417-3/14.png
INFO: Starting src/test/resources/blackbox/pdf417-3/15.png
INFO: Starting src/test/resources/blackbox/pdf417-3/16.png
INFO: Starting src/test/resources/blackbox/pdf417-3/17.png
INFO: Starting src/test/resources/blackbox/pdf417-3/18.png
INFO: Rotation 0 degrees:
INFO:  18 of 18 images passed (18 required)
INFO:  0 failed due to misreads, 0 not detected
INFO:  18 of 18 images passed with try harder (18 required)
INFO:  0 failed due to misreads, 0 not detected
INFO: Rotation 180 degrees:
INFO:  18 of 18 images passed (18 required)
INFO:  0 failed due to misreads, 0 not detected
INFO:  18 of 18 images passed with try harder (18 required)
INFO:  0 failed due to misreads, 0 not detected
INFO: Decoded 72 images out of 72 (100%, 72 required)
Tests run: 1, Failures: 0, Errors: 0, Skipped: 0, Time elapsed: 1.109 sec - in com.google.zxing.pdf417.PDF417BlackBox3TestCase
Running com.google.zxing.pdf417.encoder.PDF417EncoderTestCase
Tests run: 6, Failures: 0, Errors: 0, Skipped: 0, Time elapsed: 0.002 sec - in com.google.zxing.pdf417.encoder.PDF417EncoderTestCase
Running com.google.zxing.pdf417.PDF417BlackBox2TestCase
INFO: Starting src/test/resources/blackbox/pdf417-2/01.png
INFO: Starting src/test/resources/blackbox/pdf417-2/02.png
INFO: Starting src/test/resources/blackbox/pdf417-2/03.png
INFO: Starting src/test/resources/blackbox/pdf417-2/04.png
INFO: Starting src/test/resources/blackbox/pdf417-2/05.png
INFO: Starting src/test/resources/blackbox/pdf417-2/06.png
INFO: Starting src/test/resources/blackbox/pdf417-2/07.png
INFO: Starting src/test/resources/blackbox/pdf417-2/08.png
INFO: Starting src/test/resources/blackbox/pdf417-2/09.png
INFO: Starting src/test/resources/blackbox/pdf417-2/10.png
INFO: Starting src/test/resources/blackbox/pdf417-2/11.png
INFO: Starting src/test/resources/blackbox/pdf417-2/12.png
INFO: Starting src/test/resources/blackbox/pdf417-2/13.png
INFO: Starting src/test/resources/blackbox/pdf417-2/14.png
INFO: Starting src/test/resources/blackbox/pdf417-2/15.png
INFO: Starting src/test/resources/blackbox/pdf417-2/16.png
INFO: Starting src/test/resources/blackbox/pdf417-2/17.png
INFO: Starting src/test/resources/blackbox/pdf417-2/18.png
INFO: Starting src/test/resources/blackbox/pdf417-2/19.png
INFO: Starting src/test/resources/blackbox/pdf417-2/20.png
INFO: Starting src/test/resources/blackbox/pdf417-2/21.png
INFO: Starting src/test/resources/blackbox/pdf417-2/22.png
INFO: Starting src/test/resources/blackbox/pdf417-2/23.png
INFO: Starting src/test/resources/blackbox/pdf417-2/24.png
INFO: Starting src/test/resources/blackbox/pdf417-2/25.png
INFO: Rotation 0 degrees:
INFO:  25 of 25 images passed (25 required)
INFO:  0 failed due to misreads, 0 not detected
INFO:  25 of 25 images passed with try harder (25 required)
INFO:  0 failed due to misreads, 0 not detected
INFO: Rotation 180 degrees:
INFO:  25 of 25 images passed (25 required)
INFO:  0 failed due to misreads, 0 not detected
INFO:  25 of 25 images passed with try harder (25 required)
INFO:  0 failed due to misreads, 0 not detected
INFO: Decoded 100 images out of 100 (100%, 100 required)
Tests run: 1, Failures: 0, Errors: 0, Skipped: 0, Time elapsed: 0.92 sec - in com.google.zxing.pdf417.PDF417BlackBox2TestCase
Running com.google.zxing.pdf417.PDF417BlackBox4TestCase
INFO: Rotation 0 degrees:
INFO:  2 of 2 images passed (2 required)
INFO:  0 failed due to misreads, 0 not detected
INFO:  2 of 2 images passed with try harder (2 required)
INFO:  0 failed due to misreads, 0 not detected
INFO: Decoded 4 images out of 4 (100%, 4 required)
Tests run: 1, Failures: 0, Errors: 0, Skipped: 0, Time elapsed: 0.296 sec - in com.google.zxing.pdf417.PDF417BlackBox4TestCase
Running com.google.zxing.datamatrix.decoder.DecodedBitStreamParserTestCase
Tests run: 2, Failures: 0, Errors: 0, Skipped: 0, Time elapsed: 0.002 sec - in com.google.zxing.datamatrix.decoder.DecodedBitStreamParserTestCase
Running com.google.zxing.datamatrix.DataMatrixBlackBox2TestCase
INFO: Starting src/test/resources/blackbox/datamatrix-2/01.png
INFO: Starting src/test/resources/blackbox/datamatrix-2/02.png
INFO: Starting src/test/resources/blackbox/datamatrix-2/03.png
INFO: Starting src/test/resources/blackbox/datamatrix-2/04.png
INFO: Starting src/test/resources/blackbox/datamatrix-2/05.png
INFO: Starting src/test/resources/blackbox/datamatrix-2/06.png
INFO: Starting src/test/resources/blackbox/datamatrix-2/07.png
INFO: Starting src/test/resources/blackbox/datamatrix-2/08.png
INFO: Starting src/test/resources/blackbox/datamatrix-2/09.png
INFO: Starting src/test/resources/blackbox/datamatrix-2/10.png
INFO: Starting src/test/resources/blackbox/datamatrix-2/11.png
INFO: Starting src/test/resources/blackbox/datamatrix-2/12.png
INFO: Starting src/test/resources/blackbox/datamatrix-2/13.png
INFO: Starting src/test/resources/blackbox/datamatrix-2/14.png
INFO: Starting src/test/resources/blackbox/datamatrix-2/15.png
INFO: Starting src/test/resources/blackbox/datamatrix-2/16.png
INFO: Format mismatch: expected 'DATA_MATRIX' but got 'UPC_E' (try harder, rotation: 0)
INFO: Format mismatch: expected 'DATA_MATRIX' but got 'UPC_E' (try harder, rotation: 90)
INFO: Format mismatch: expected 'DATA_MATRIX' but got 'UPC_E' (try harder, rotation: 180)
INFO: Format mismatch: expected 'DATA_MATRIX' but got 'UPC_E' (try harder, rotation: 270)
INFO: Starting src/test/resources/blackbox/datamatrix-2/17.png
INFO: Starting src/test/resources/blackbox/datamatrix-2/18.png
INFO: Rotation 0 degrees:
INFO:  8 of 18 images passed (8 required)
INFO:  0 failed due to misreads, 10 not detected
INFO:  8 of 18 images passed with try harder (8 required)
INFO:  1 failed due to misreads, 9 not detected
INFO: Rotation 90 degrees:
INFO:  14 of 18 images passed (14 required)
INFO:  0 failed due to misreads, 4 not detected
INFO:  14 of 18 images passed with try harder (14 required)
INFO:  1 failed due to misreads, 3 not detected
INFO: Rotation 180 degrees:
INFO:  14 of 18 images passed (14 required)
INFO:  0 failed due to misreads, 4 not detected
INFO:  14 of 18 images passed with try harder (14 required)
INFO:  1 failed due to misreads, 3 not detected
INFO: Rotation 270 degrees:
INFO:  13 of 18 images passed (13 required)
INFO:  0 failed due to misreads, 5 not detected
INFO:  13 of 18 images passed with try harder (13 required)
INFO:  1 failed due to misreads, 4 not detected
INFO: Decoded 98 images out of 144 (68%, 98 required)
Tests run: 1, Failures: 0, Errors: 0, Skipped: 0, Time elapsed: 0.883 sec - in com.google.zxing.datamatrix.DataMatrixBlackBox2TestCase
Running com.google.zxing.datamatrix.DataMatrixWriterTestCase
Tests run: 3, Failures: 0, Errors: 0, Skipped: 0, Time elapsed: 0.007 sec - in com.google.zxing.datamatrix.DataMatrixWriterTestCase
Running com.google.zxing.datamatrix.encoder.SymbolInfoTestCase
Tests run: 1, Failures: 0, Errors: 0, Skipped: 0, Time elapsed: 0.002 sec - in com.google.zxing.datamatrix.encoder.SymbolInfoTestCase
Running com.google.zxing.datamatrix.encoder.ErrorCorrectionTestCase
Tests run: 1, Failures: 0, Errors: 0, Skipped: 0, Time elapsed: 0.001 sec - in com.google.zxing.datamatrix.encoder.ErrorCorrectionTestCase
Running com.google.zxing.datamatrix.encoder.PlacementTestCase
Tests run: 1, Failures: 0, Errors: 0, Skipped: 0, Time elapsed: 0.001 sec - in com.google.zxing.datamatrix.encoder.PlacementTestCase
Running com.google.zxing.datamatrix.encoder.HighLevelEncodeTestCase
Tests run: 19, Failures: 0, Errors: 0, Skipped: 1, Time elapsed: 0.012 sec - in com.google.zxing.datamatrix.encoder.HighLevelEncodeTestCase
Running com.google.zxing.datamatrix.DataMatrixBlackBox1TestCase
INFO: Starting src/test/resources/blackbox/datamatrix-1/0123456789.png
INFO: Starting src/test/resources/blackbox/datamatrix-1/GUID.png
INFO: Starting src/test/resources/blackbox/datamatrix-1/HelloWorld_Text_L_Kaywa.png
INFO: Starting src/test/resources/blackbox/datamatrix-1/HelloWorld_Text_L_Kaywa_1_error_byte.png
INFO: Starting src/test/resources/blackbox/datamatrix-1/HelloWorld_Text_L_Kaywa_2_error_byte.png
INFO: Starting src/test/resources/blackbox/datamatrix-1/HelloWorld_Text_L_Kaywa_3_error_byte.png
INFO: Starting src/test/resources/blackbox/datamatrix-1/HelloWorld_Text_L_Kaywa_4_error_byte.png
INFO: Starting src/test/resources/blackbox/datamatrix-1/abcd-18x8.png
INFO: Starting src/test/resources/blackbox/datamatrix-1/abcd-26x12.png
INFO: Starting src/test/resources/blackbox/datamatrix-1/abcd-32x8.png
INFO: Starting src/test/resources/blackbox/datamatrix-1/abcd-36x12.png
INFO: Starting src/test/resources/blackbox/datamatrix-1/abcd-36x16.png
INFO: Starting src/test/resources/blackbox/datamatrix-1/abcd-48x16.png
INFO: Starting src/test/resources/blackbox/datamatrix-1/abcd-52x52-IDAutomation.png
INFO: Starting src/test/resources/blackbox/datamatrix-1/abcd-52x52.png
INFO: Starting src/test/resources/blackbox/datamatrix-1/abcdefg-64x64.png
INFO: Starting src/test/resources/blackbox/datamatrix-1/abcdefg.png
INFO: Starting src/test/resources/blackbox/datamatrix-1/zxing_URL_L_Kayway.png
INFO: Rotation 0 degrees:
INFO:  18 of 18 images passed (18 required)
INFO:  0 failed due to misreads, 0 not detected
INFO:  18 of 18 images passed with try harder (18 required)
INFO:  0 failed due to misreads, 0 not detected
INFO: Rotation 90 degrees:
INFO:  18 of 18 images passed (18 required)
INFO:  0 failed due to misreads, 0 not detected
INFO:  18 of 18 images passed with try harder (18 required)
INFO:  0 failed due to misreads, 0 not detected
INFO: Rotation 180 degrees:
INFO:  18 of 18 images passed (18 required)
INFO:  0 failed due to misreads, 0 not detected
INFO:  18 of 18 images passed with try harder (18 required)
INFO:  0 failed due to misreads, 0 not detected
INFO: Rotation 270 degrees:
INFO:  18 of 18 images passed (18 required)
INFO:  0 failed due to misreads, 0 not detected
INFO:  18 of 18 images passed with try harder (18 required)
INFO:  0 failed due to misreads, 0 not detected
INFO: Decoded 144 images out of 144 (100%, 144 required)
Tests run: 1, Failures: 0, Errors: 0, Skipped: 0, Time elapsed: 0.427 sec - in com.google.zxing.datamatrix.DataMatrixBlackBox1TestCase
Running com.google.zxing.aztec.detector.DetectorTest
Tests run: 3, Failures: 0, Errors: 0, Skipped: 0, Time elapsed: 0.309 sec - in com.google.zxing.aztec.detector.DetectorTest
Running com.google.zxing.aztec.decoder.DecoderTest
Tests run: 2, Failures: 0, Errors: 0, Skipped: 0, Time elapsed: 0.002 sec - in com.google.zxing.aztec.decoder.DecoderTest
Running com.google.zxing.aztec.AztecBlackBox2TestCase
INFO: Starting src/test/resources/blackbox/aztec-2/01.png
INFO: Starting src/test/resources/blackbox/aztec-2/02.png
INFO: Starting src/test/resources/blackbox/aztec-2/03.png
INFO: Starting src/test/resources/blackbox/aztec-2/04.png
INFO: Starting src/test/resources/blackbox/aztec-2/05.png
INFO: Starting src/test/resources/blackbox/aztec-2/06.png
INFO: Starting src/test/resources/blackbox/aztec-2/07.png
INFO: Starting src/test/resources/blackbox/aztec-2/08.png
INFO: Starting src/test/resources/blackbox/aztec-2/09.png
INFO: Starting src/test/resources/blackbox/aztec-2/10.png
INFO: Starting src/test/resources/blackbox/aztec-2/11.png
INFO: Starting src/test/resources/blackbox/aztec-2/12.png
INFO: Starting src/test/resources/blackbox/aztec-2/13.png
INFO: Starting src/test/resources/blackbox/aztec-2/14.png
INFO: Starting src/test/resources/blackbox/aztec-2/15.png
INFO: Starting src/test/resources/blackbox/aztec-2/16.png
INFO: Starting src/test/resources/blackbox/aztec-2/17.png
INFO: Starting src/test/resources/blackbox/aztec-2/18.png
INFO: Starting src/test/resources/blackbox/aztec-2/19.png
INFO: Starting src/test/resources/blackbox/aztec-2/20.png
INFO: Starting src/test/resources/blackbox/aztec-2/21.png
INFO: Starting src/test/resources/blackbox/aztec-2/22.png
INFO: Rotation 0 degrees:
INFO:  5 of 22 images passed (5 required)
INFO:  0 failed due to misreads, 17 not detected
INFO:  5 of 22 images passed with try harder (5 required)
INFO:  0 failed due to misreads, 17 not detected
INFO: Rotation 90 degrees:
INFO:  4 of 22 images passed (4 required)
INFO:  0 failed due to misreads, 18 not detected
INFO:  4 of 22 images passed with try harder (4 required)
INFO:  0 failed due to misreads, 18 not detected
INFO: Rotation 180 degrees:
INFO:  6 of 22 images passed (6 required)
INFO:  0 failed due to misreads, 16 not detected
INFO:  6 of 22 images passed with try harder (6 required)
INFO:  0 failed due to misreads, 16 not detected
INFO: Rotation 270 degrees:
INFO:  3 of 22 images passed (3 required)
INFO:  0 failed due to misreads, 19 not detected
INFO:  3 of 22 images passed with try harder (3 required)
INFO:  0 failed due to misreads, 19 not detected
INFO: Decoded 36 images out of 176 (20%, 36 required)
Tests run: 1, Failures: 0, Errors: 0, Skipped: 0, Time elapsed: 1.713 sec - in com.google.zxing.aztec.AztecBlackBox2TestCase
Running com.google.zxing.aztec.AztecBlackBox1TestCase
INFO: Starting src/test/resources/blackbox/aztec-1/7.png
INFO: Starting src/test/resources/blackbox/aztec-1/Historico.png
INFO: Starting src/test/resources/blackbox/aztec-1/HistoricoLong.png
INFO: Starting src/test/resources/blackbox/aztec-1/abc-19x19C.png
INFO: Starting src/test/resources/blackbox/aztec-1/abc-37x37.png
INFO: Starting src/test/resources/blackbox/aztec-1/hello.png
INFO: Starting src/test/resources/blackbox/aztec-1/lorem-075x075.png
INFO: Starting src/test/resources/blackbox/aztec-1/lorem-105x105.png
INFO: Starting src/test/resources/blackbox/aztec-1/lorem-151x151.png
INFO: Starting src/test/resources/blackbox/aztec-1/tableShifts.png
INFO: Starting src/test/resources/blackbox/aztec-1/tag.png
INFO: Starting src/test/resources/blackbox/aztec-1/texte.png
INFO: Rotation 0 degrees:
INFO:  12 of 12 images passed (12 required)
INFO:  0 failed due to misreads, 0 not detected
INFO:  12 of 12 images passed with try harder (12 required)
INFO:  0 failed due to misreads, 0 not detected
INFO: Rotation 90 degrees:
INFO:  12 of 12 images passed (12 required)
INFO:  0 failed due to misreads, 0 not detected
INFO:  12 of 12 images passed with try harder (12 required)
INFO:  0 failed due to misreads, 0 not detected
INFO: Rotation 180 degrees:
INFO:  12 of 12 images passed (12 required)
INFO:  0 failed due to misreads, 0 not detected
INFO:  12 of 12 images passed with try harder (12 required)
INFO:  0 failed due to misreads, 0 not detected
INFO: Rotation 270 degrees:
INFO:  12 of 12 images passed (12 required)
INFO:  0 failed due to misreads, 0 not detected
INFO:  12 of 12 images passed with try harder (12 required)
INFO:  0 failed due to misreads, 0 not detected
INFO: Decoded 96 images out of 96 (100%, 96 required)
Tests run: 1, Failures: 0, Errors: 0, Skipped: 0, Time elapsed: 0.882 sec - in com.google.zxing.aztec.AztecBlackBox1TestCase
Running com.google.zxing.aztec.encoder.EncoderTest
Tests run: 18, Failures: 0, Errors: 0, Skipped: 0, Time elapsed: 2.267 sec - in com.google.zxing.aztec.encoder.EncoderTest
Running com.google.zxing.negative.FalsePositivesBlackBoxTestCase
INFO: Starting src/test/resources/blackbox/falsepositives/01.png
INFO: Try harder found false positive: '1858176738383' with format 'EAN_13' (rotation: 0)
INFO: Try harder found false positive: '1858176738383' with format 'EAN_13' (rotation: 90)
INFO: Try harder found false positive: '1858176738383' with format 'EAN_13' (rotation: 180)
INFO: Try harder found false positive: '1858176738383' with format 'EAN_13' (rotation: 270)
INFO: Starting src/test/resources/blackbox/falsepositives/02.png
INFO: Starting src/test/resources/blackbox/falsepositives/03.png
INFO: Starting src/test/resources/blackbox/falsepositives/04.png
INFO: Starting src/test/resources/blackbox/falsepositives/05.png
INFO: Starting src/test/resources/blackbox/falsepositives/06.png
INFO: Starting src/test/resources/blackbox/falsepositives/07.png
INFO: Try harder found false positive: '21290886' with format 'EAN_8' (rotation: 90)
INFO: Try harder found false positive: '21290886' with format 'EAN_8' (rotation: 180)
INFO: Starting src/test/resources/blackbox/falsepositives/08.png
INFO: Starting src/test/resources/blackbox/falsepositives/09.png
INFO: Starting src/test/resources/blackbox/falsepositives/10.png
INFO: Starting src/test/resources/blackbox/falsepositives/11.png
INFO: Starting src/test/resources/blackbox/falsepositives/12.png
INFO: Starting src/test/resources/blackbox/falsepositives/13.png
INFO: Try harder found false positive: '03017932' with format 'UPC_E' (rotation: 0)
INFO: Try harder found false positive: '03017932' with format 'UPC_E' (rotation: 270)
INFO: Starting src/test/resources/blackbox/falsepositives/14.png
INFO: Starting src/test/resources/blackbox/falsepositives/15.png
INFO: Starting src/test/resources/blackbox/falsepositives/16.png
INFO: Starting src/test/resources/blackbox/falsepositives/17.png
INFO: Starting src/test/resources/blackbox/falsepositives/18.png
INFO: Starting src/test/resources/blackbox/falsepositives/19.png
INFO: Starting src/test/resources/blackbox/falsepositives/20.png
INFO: Starting src/test/resources/blackbox/falsepositives/21.png
INFO: Starting src/test/resources/blackbox/falsepositives/22.png
INFO: Rotation 0 degrees: 2 of 22 images were false positives (2 allowed)
INFO: Rotation 90 degrees: 2 of 22 images were false positives (2 allowed)
INFO: Rotation 180 degrees: 2 of 22 images were false positives (2 allowed)
INFO: Rotation 270 degrees: 2 of 22 images were false positives (2 allowed)
Tests run: 1, Failures: 0, Errors: 0, Skipped: 0, Time elapsed: 10.148 sec - in com.google.zxing.negative.FalsePositivesBlackBoxTestCase
Running com.google.zxing.negative.UnsupportedBlackBoxTestCase
INFO: Starting src/test/resources/blackbox/unsupported/01.png
INFO: Starting src/test/resources/blackbox/unsupported/03.png
INFO: Starting src/test/resources/blackbox/unsupported/04.png
INFO: Starting src/test/resources/blackbox/unsupported/05.png
INFO: Rotation 0 degrees: 0 of 4 images were false positives (0 allowed)
INFO: Rotation 90 degrees: 0 of 4 images were false positives (0 allowed)
INFO: Rotation 180 degrees: 0 of 4 images were false positives (0 allowed)
INFO: Rotation 270 degrees: 0 of 4 images were false positives (0 allowed)
Tests run: 1, Failures: 0, Errors: 0, Skipped: 0, Time elapsed: 1.538 sec - in com.google.zxing.negative.UnsupportedBlackBoxTestCase
Running com.google.zxing.negative.FalsePositives2BlackBoxTestCase
INFO: Starting src/test/resources/blackbox/falsepositives-2/01.png
INFO: Starting src/test/resources/blackbox/falsepositives-2/02.png
INFO: Starting src/test/resources/blackbox/falsepositives-2/03.png
INFO: Starting src/test/resources/blackbox/falsepositives-2/04.png
INFO: Starting src/test/resources/blackbox/falsepositives-2/05.png
INFO: Starting src/test/resources/blackbox/falsepositives-2/06.png
INFO: Starting src/test/resources/blackbox/falsepositives-2/07.png
INFO: Starting src/test/resources/blackbox/falsepositives-2/08.png
INFO: Starting src/test/resources/blackbox/falsepositives-2/09.png
INFO: Starting src/test/resources/blackbox/falsepositives-2/10.png
INFO: Found false positive: '12251117' with format 'EAN_8' (rotation: 0)
INFO: Try harder found false positive: '12251117' with format 'EAN_8' (rotation: 90)
INFO: Try harder found false positive: '12251117' with format 'EAN_8' (rotation: 180)
INFO: Try harder found false positive: '12251117' with format 'EAN_8' (rotation: 270)
INFO: Starting src/test/resources/blackbox/falsepositives-2/11.png
INFO: Starting src/test/resources/blackbox/falsepositives-2/12.png
INFO: Starting src/test/resources/blackbox/falsepositives-2/13.png
INFO: Found false positive: '02371672' with format 'UPC_E' (rotation: 0)
INFO: Try harder found false positive: '02371672' with format 'UPC_E' (rotation: 90)
INFO: Found false positive: '17321679' with format 'UPC_E' (rotation: 180)
INFO: Try harder found false positive: '02371672' with format 'UPC_E' (rotation: 270)
INFO: Starting src/test/resources/blackbox/falsepositives-2/14.png
INFO: Starting src/test/resources/blackbox/falsepositives-2/15.png
INFO: Starting src/test/resources/blackbox/falsepositives-2/16.png
INFO: Starting src/test/resources/blackbox/falsepositives-2/17.png
INFO: Try harder found false positive: '06117825' with format 'UPC_E' (rotation: 0)
INFO: Try harder found false positive: '02176871' with format 'EAN_8' (rotation: 90)
INFO: Try harder found false positive: '06117825' with format 'UPC_E' (rotation: 180)
INFO: Try harder found false positive: '02176871' with format 'EAN_8' (rotation: 270)
INFO: Starting src/test/resources/blackbox/falsepositives-2/18.png
INFO: Starting src/test/resources/blackbox/falsepositives-2/19.png
INFO: Starting src/test/resources/blackbox/falsepositives-2/20.png
INFO: Try harder found false positive: '06182218' with format 'UPC_E' (rotation: 0)
INFO: Try harder found false positive: '06182218' with format 'UPC_E' (rotation: 90)
INFO: Try harder found false positive: '06182218' with format 'UPC_E' (rotation: 180)
INFO: Try harder found false positive: '06182218' with format 'UPC_E' (rotation: 270)
INFO: Starting src/test/resources/blackbox/falsepositives-2/21.png
INFO: Starting src/test/resources/blackbox/falsepositives-2/22.png
INFO: Starting src/test/resources/blackbox/falsepositives-2/23.png
INFO: Starting src/test/resources/blackbox/falsepositives-2/24.png
INFO: Starting src/test/resources/blackbox/falsepositives-2/25.png
INFO: Rotation 0 degrees: 4 of 25 images were false positives (4 allowed)
INFO: Rotation 90 degrees: 4 of 25 images were false positives (4 allowed)
INFO: Rotation 180 degrees: 4 of 25 images were false positives (4 allowed)
INFO: Rotation 270 degrees: 4 of 25 images were false positives (4 allowed)
Tests run: 1, Failures: 0, Errors: 0, Skipped: 0, Time elapsed: 8.88 sec - in com.google.zxing.negative.FalsePositives2BlackBoxTestCase
Running com.google.zxing.negative.PartialBlackBoxTestCase
INFO: Starting src/test/resources/blackbox/partial/01.png
INFO: Starting src/test/resources/blackbox/partial/02.png
INFO: Starting src/test/resources/blackbox/partial/03.png
INFO: Starting src/test/resources/blackbox/partial/04.png
INFO: Starting src/test/resources/blackbox/partial/05.png
INFO: Starting src/test/resources/blackbox/partial/06.png
INFO: Starting src/test/resources/blackbox/partial/07.png
INFO: Starting src/test/resources/blackbox/partial/08.png
INFO: Starting src/test/resources/blackbox/partial/09.png
INFO: Starting src/test/resources/blackbox/partial/10.png
INFO: Starting src/test/resources/blackbox/partial/11.png
INFO: Starting src/test/resources/blackbox/partial/12.png
INFO: Starting src/test/resources/blackbox/partial/13.png
INFO: Starting src/test/resources/blackbox/partial/14.png
INFO: Starting src/test/resources/blackbox/partial/15.png
INFO: Starting src/test/resources/blackbox/partial/16.png
INFO: Starting src/test/resources/blackbox/partial/17.png
INFO: Starting src/test/resources/blackbox/partial/18.png
INFO: Starting src/test/resources/blackbox/partial/19.png
INFO: Starting src/test/resources/blackbox/partial/20.png
INFO: Starting src/test/resources/blackbox/partial/21.png
INFO: Starting src/test/resources/blackbox/partial/22.png
INFO: Starting src/test/resources/blackbox/partial/23.png
INFO: Starting src/test/resources/blackbox/partial/24.png
INFO: Starting src/test/resources/blackbox/partial/25.png
INFO: Starting src/test/resources/blackbox/partial/26.png
INFO: Starting src/test/resources/blackbox/partial/27.png
INFO: Starting src/test/resources/blackbox/partial/28.png
INFO: Starting src/test/resources/blackbox/partial/29.png
INFO: Starting src/test/resources/blackbox/partial/30.png
INFO: Starting src/test/resources/blackbox/partial/31.png
INFO: Starting src/test/resources/blackbox/partial/32.png
INFO: Starting src/test/resources/blackbox/partial/33.png
INFO: Try harder found false positive: '02751160' with format 'UPC_E' (rotation: 0)
INFO: Try harder found false positive: '02751160' with format 'UPC_E' (rotation: 90)
INFO: Try harder found false positive: '02751160' with format 'UPC_E' (rotation: 180)
INFO: Try harder found false positive: '02751160' with format 'UPC_E' (rotation: 270)
INFO: Starting src/test/resources/blackbox/partial/34.png
INFO: Starting src/test/resources/blackbox/partial/35.png
INFO: Starting src/test/resources/blackbox/partial/36.png
INFO: Starting src/test/resources/blackbox/partial/37.png
INFO: Starting src/test/resources/blackbox/partial/38.png
INFO: Starting src/test/resources/blackbox/partial/39.png
INFO: Starting src/test/resources/blackbox/partial/40.png
INFO: Starting src/test/resources/blackbox/partial/41.png
INFO: Starting src/test/resources/blackbox/partial/42.png
INFO: Starting src/test/resources/blackbox/partial/43.png
INFO: Starting src/test/resources/blackbox/partial/44.png
INFO: Starting src/test/resources/blackbox/partial/45.png
INFO: Starting src/test/resources/blackbox/partial/46.png
INFO: Starting src/test/resources/blackbox/partial/47.png
INFO: Starting src/test/resources/blackbox/partial/48.png
INFO: Starting src/test/resources/blackbox/partial/49.png
INFO: Starting src/test/resources/blackbox/partial/50.png
INFO: Starting src/test/resources/blackbox/partial/51.png
INFO: Starting src/test/resources/blackbox/partial/52.png
INFO: Starting src/test/resources/blackbox/partial/53.png
INFO: Starting src/test/resources/blackbox/partial/54.png
INFO: Starting src/test/resources/blackbox/partial/55.png
INFO: Starting src/test/resources/blackbox/partial/56.png
INFO: Starting src/test/resources/blackbox/partial/57.png
INFO: Starting src/test/resources/blackbox/partial/59.png
INFO: Starting src/test/resources/blackbox/partial/60.png
INFO: Starting src/test/resources/blackbox/partial/61.png
INFO: Rotation 0 degrees: 1 of 60 images were false positives (1 allowed)
INFO: Rotation 90 degrees: 1 of 60 images were false positives (1 allowed)
INFO: Rotation 180 degrees: 1 of 60 images were false positives (1 allowed)
INFO: Rotation 270 degrees: 1 of 60 images were false positives (1 allowed)
Tests run: 1, Failures: 0, Errors: 0, Skipped: 0, Time elapsed: 11.692 sec - in com.google.zxing.negative.PartialBlackBoxTestCase
Running com.google.zxing.PlanarYUVLuminanceSourceTestCase
Tests run: 2, Failures: 0, Errors: 0, Skipped: 0, Time elapsed: 0 sec - in com.google.zxing.PlanarYUVLuminanceSourceTestCase

Results :

Tests run: 380, Failures: 0, Errors: 0, Skipped: 3

[INFO]                                                                         
[INFO] ------------------------------------------------------------------------
[INFO] Building ZXing Java SE extensions 3.2.2-SNAPSHOT
[INFO] ------------------------------------------------------------------------
[INFO] 
[INFO] --- maven-checkstyle-plugin:2.17:check (validate) @ javase ---
[INFO] 
[INFO] --- maven-enforcer-plugin:1.4.1:enforce (enforce) @ javase ---
[INFO] 
[INFO] --- maven-resources-plugin:2.7:resources (default-resources) @ javase ---
[INFO] Using 'UTF-8' encoding to copy filtered resources.
[INFO] skip non existing resourceDirectory /home/travis/build/zxing/zxing/javase/src/main/resources
[INFO] 
[INFO] --- maven-compiler-plugin:3.5.1:compile (default-compile) @ javase ---
[INFO] Nothing to compile - all classes are up to date
[INFO] 
[INFO] --- maven-resources-plugin:2.7:testResources (default-testResources) @ javase ---
[INFO] Using 'UTF-8' encoding to copy filtered resources.
[INFO] skip non existing resourceDirectory /home/travis/build/zxing/zxing/javase/src/test/resources
[INFO] 
[INFO] --- maven-compiler-plugin:3.5.1:testCompile (default-testCompile) @ javase ---
[INFO] No sources to compile
[INFO] 
[INFO] --- maven-surefire-plugin:2.19.1:test (default-test) @ javase ---
[INFO] No tests to run.
[INFO]                                                                         
[INFO] ------------------------------------------------------------------------
[INFO] Building ZXing Android Core 3.2.2-SNAPSHOT
[INFO] ------------------------------------------------------------------------
[INFO] 
[INFO] --- maven-checkstyle-plugin:2.17:check (validate) @ android-core ---
[INFO] 
[INFO] --- maven-enforcer-plugin:1.4.1:enforce (enforce) @ android-core ---
[INFO] 
[INFO] --- maven-resources-plugin:2.7:resources (default-resources) @ android-core ---
[INFO] Using 'UTF-8' encoding to copy filtered resources.
[INFO] skip non existing resourceDirectory /home/travis/build/zxing/zxing/android-core/src/main/resources
[INFO] 
[INFO] --- maven-compiler-plugin:3.5.1:compile (default-compile) @ android-core ---
[INFO] Nothing to compile - all classes are up to date
[INFO] 
[INFO] --- maven-resources-plugin:2.7:testResources (default-testResources) @ android-core ---
[INFO] Using 'UTF-8' encoding to copy filtered resources.
[INFO] skip non existing resourceDirectory /home/travis/build/zxing/zxing/android-core/src/test/resources
[INFO] 
[INFO] --- maven-compiler-plugin:3.5.1:testCompile (default-testCompile) @ android-core ---
[INFO] No sources to compile
[INFO] 
[INFO] --- maven-surefire-plugin:2.19.1:test (default-test) @ android-core ---
[INFO] No tests to run.
[INFO]                                                                         
[INFO] ------------------------------------------------------------------------
[INFO] Building ZXing Android Integration lib 3.2.2-SNAPSHOT
[INFO] ------------------------------------------------------------------------
[INFO] 
[INFO] --- maven-checkstyle-plugin:2.17:check (validate) @ android-integration ---
[INFO] 
[INFO] --- maven-enforcer-plugin:1.4.1:enforce (enforce) @ android-integration ---
[INFO] 
[INFO] --- maven-resources-plugin:2.7:resources (default-resources) @ android-integration ---
[INFO] Using 'UTF-8' encoding to copy filtered resources.
[INFO] skip non existing resourceDirectory /home/travis/build/zxing/zxing/android-integration/src/main/resources
[INFO] 
[INFO] --- maven-compiler-plugin:3.5.1:compile (default-compile) @ android-integration ---
[INFO] Nothing to compile - all classes are up to date
[INFO] 
[INFO] --- maven-resources-plugin:2.7:testResources (default-testResources) @ android-integration ---
[INFO] Using 'UTF-8' encoding to copy filtered resources.
[INFO] skip non existing resourceDirectory /home/travis/build/zxing/zxing/android-integration/src/test/resources
[INFO] 
[INFO] --- maven-compiler-plugin:3.5.1:testCompile (default-testCompile) @ android-integration ---
[INFO] No sources to compile
[INFO] 
[INFO] --- maven-surefire-plugin:2.19.1:test (default-test) @ android-integration ---
[INFO] No tests to run.
[INFO]                                                                         
[INFO] ------------------------------------------------------------------------
[INFO] Building ZXing Appspot-based encoder 3.2.2-SNAPSHOT
[INFO] ------------------------------------------------------------------------
[INFO] 
[INFO] --- maven-checkstyle-plugin:2.17:check (validate) @ zxing.appspot.com ---
[INFO] 
[INFO] --- maven-enforcer-plugin:1.4.1:enforce (enforce) @ zxing.appspot.com ---
[INFO] 
[INFO] --- maven-resources-plugin:2.7:resources (default-resources) @ zxing.appspot.com ---
[INFO] Using 'UTF-8' encoding to copy filtered resources.
[INFO] Copying 1 resource
[INFO] 
[INFO] --- maven-compiler-plugin:3.5.1:compile (default-compile) @ zxing.appspot.com ---
[INFO] Nothing to compile - all classes are up to date
[INFO] 
[INFO] --- maven-resources-plugin:2.7:testResources (default-testResources) @ zxing.appspot.com ---
[INFO] Using 'UTF-8' encoding to copy filtered resources.
[INFO] skip non existing resourceDirectory /home/travis/build/zxing/zxing/zxing.appspot.com/src/test/resources
[INFO] 
[INFO] --- maven-compiler-plugin:3.5.1:testCompile (default-testCompile) @ zxing.appspot.com ---
[INFO] No sources to compile
[INFO] 
[INFO] --- maven-surefire-plugin:2.19.1:test (default-test) @ zxing.appspot.com ---
[INFO] No tests to run.
[INFO]                                                                         
[INFO] ------------------------------------------------------------------------
[INFO] Building ZXing zxing.org web app 3.2.2-SNAPSHOT
[INFO] ------------------------------------------------------------------------
[INFO] 
[INFO] --- maven-checkstyle-plugin:2.17:check (validate) @ zxingorg ---
[INFO] 
[INFO] --- maven-enforcer-plugin:1.4.1:enforce (enforce) @ zxingorg ---
[INFO] 
[INFO] --- maven-resources-plugin:2.7:resources (default-resources) @ zxingorg ---
[INFO] Using 'UTF-8' encoding to copy filtered resources.
[INFO] Copying 1 resource
[INFO] 
[INFO] --- maven-compiler-plugin:3.5.1:compile (default-compile) @ zxingorg ---
[INFO] Nothing to compile - all classes are up to date
[INFO] 
[INFO] --- maven-resources-plugin:2.7:testResources (default-testResources) @ zxingorg ---
[INFO] Using 'UTF-8' encoding to copy filtered resources.
[INFO] skip non existing resourceDirectory /home/travis/build/zxing/zxing/zxingorg/src/test/resources
[INFO] 
[INFO] --- maven-compiler-plugin:3.5.1:testCompile (default-testCompile) @ zxingorg ---
[INFO] No sources to compile
[INFO] 
[INFO] --- maven-surefire-plugin:2.19.1:test (default-test) @ zxingorg ---
[INFO] No tests to run.
[INFO] ------------------------------------------------------------------------
[INFO] Reactor Summary:
[INFO] 
[INFO] ZXing .............................................. SUCCESS [  6.823 s]
[INFO] ZXing Core ......................................... SUCCESS [01:45 min]
[INFO] ZXing Java SE extensions ........................... SUCCESS [  0.815 s]
[INFO] ZXing Android Core ................................. SUCCESS [  0.707 s]
[INFO] ZXing Android Integration lib ...................... SUCCESS [  0.531 s]
[INFO] ZXing Appspot-based encoder ........................ SUCCESS [  0.501 s]
[INFO] ZXing zxing.org web app ............................ SUCCESS [  0.455 s]
[INFO] ------------------------------------------------------------------------
[INFO] BUILD SUCCESS
[INFO] ------------------------------------------------------------------------
[INFO] Total time: 01:55 min
[INFO] Finished at: 2016-03-24T16:08:26+00:00
[INFO] Final Memory: 19M/370M
[INFO] ------------------------------------------------------------------------

travis_time:end:019d80d8:start=1458835588681610293,finish=1458835707742872389,duration=119061262096[0K
[32;1mThe command "mvn -Ptravis ${JACOCO} test" exited with 0.[0m
travis_fold:start:cache.2[0Kstore build cache
travis_time:start:1353e134[0K
travis_time:end:1353e134:start=1458835707747364369,finish=1458835707750676848,duration=3312479[0Ktravis_time:start:0d4a4b4e[0K[32;1mchange detected:
/home/travis/.m2/repository/com/google/zxing/android-core/3.2.2-SNAPSHOT/android-core-3.2.2-SNAPSHOT.jar
/home/travis/.m2/repository/com/google/zxing/android-core/3.2.2-SNAPSHOT/android-core-3.2.2-SNAPSHOT.jar.md5
/home/travis/.m2/repository/com/google/zxing/android-core/3.2.2-SNAPSHOT/android-core-3.2.2-SNAPSHOT.jar.sha1
/home/travis/.m2/repository/com/google/zxing/android-core/3.2.2-SNAPSHOT/android-core-3.2.2-SNAPSHOT-sources.jar
/home/travis/.m2/repository/com/google/zxing/android-core/3.2.2-SNAPSHOT/android-core-3.2.2-SNAPSHOT-sources.jar.md5
/home/travis/.m2/repository/com/google/zxing/android-core/3.2.2-SNAPSHOT/android-core-3.2.2-SNAPSHOT-sources.jar.sha1
/home/travis/.m2/repository/com/google/zxing/android-core/3.2.2-SNAPSHOT/maven-metadata-local.xml
/home/travis/.m2/repository/com/google/zxing/android-core/3.2.2-SNAPSHOT/maven-metadata-local.xml.md5
/home/travis/.m2/repository/com/google/zxing/android-core/3.2.2-SNAPSHOT/maven-metadata-local.xml.sha1
/home/travis/.m2/repositor
[0m
[32;1m...
[0m
[32;1mchanges detected, packing new archive[0m
.
[32;1muploading archive[0m

travis_time:end:0d4a4b4e:start=1458835707754551448,finish=1458835730856123415,duration=23101571967[0Ktravis_fold:end:cache.2[0Ktravis_fold:start:after_success[0Ktravis_time:start:00b3d8e8[0K$ if [ -n "$JACOCO" ]; then bash <(curl -s https://codecov.io/bash); fi

travis_time:end:00b3d8e8:start=1458835730860701812,finish=1458835730864519486,duration=3817674[0Ktravis_fold:end:after_success[0K
Done. Your build exited with 0.
