Using worker: bluebox-linux-3.worker.travis-ci.org:travis-linux-2

$ git clone --depth=100 --quiet --branch=master git://github.com/thinkaurelius/titan.git thinkaurelius/titan
$ cd thinkaurelius/titan
$ git checkout -qf 93d8f3e3986479d743ec84fc6c1aa68e0262a1b9
$ jdk_switcher use oraclejdk7
Switching to Oracle JDK7 (java-7-oracle), JAVA_HOME will be set to /usr/lib/jvm/java-7-oracle
update-alternatives: error: no alternatives for apt.
update-alternatives: error: no alternatives for mozilla-javaplugin.so.
update-alternatives: error: no alternatives for apt.
$ java -version
java version "1.7.0_13"
Java(TM) SE Runtime Environment (build 1.7.0_13-b20)
Java HotSpot(TM) 64-Bit Server VM (build 23.7-b01, mixed mode)
$ javac -version
javac 1.7.0_13
$ mvn install --quiet -DskipTests=true
[debug] execute contextualize
[debug] execute contextualize
[debug] execute contextualize
$ mvn test
[INFO] Scanning for projects...
[INFO] ------------------------------------------------------------------------
[INFO] Reactor Build Order:
[INFO] 
[INFO] Titan: Distributed Graph Database
[INFO] Titan-Core: Core Library for Titan
[INFO] Titan-Test: Test Suite for Titan
[INFO] Titan-BerkeleyJE: Distributed Graph Database
[INFO] Titan-Cassandra: Distributed Graph Database
[INFO] Titan-HBase: Distributed Graph Database
[INFO] Titan-All: Complete Titan Distribution
[INFO]                                                                         
[INFO] ------------------------------------------------------------------------
[INFO] Building Titan: Distributed Graph Database 0.3.0-SNAPSHOT
[INFO] ------------------------------------------------------------------------
[INFO] 
[INFO] --- maven-enforcer-plugin:1.0:enforce (enforce-maven) @ titan ---
[INFO]                                                                         
[INFO] ------------------------------------------------------------------------
[INFO] Building Titan-Core: Core Library for Titan 0.3.0-SNAPSHOT
[INFO] ------------------------------------------------------------------------
Downloading: https://repository.apache.org/snapshots/com/tinkerpop/blueprints/blueprints-core/2.3.0-SNAPSHOT/maven-metadata.xml
Downloading: https://repository.apache.org/snapshots/com/tinkerpop/blueprints/blueprints/2.3.0-SNAPSHOT/maven-metadata.xml
Downloading: https://repository.apache.org/snapshots/com/tinkerpop/gremlin/gremlin-groovy/2.3.0-SNAPSHOT/maven-metadata.xml
Downloading: https://repository.apache.org/snapshots/com/tinkerpop/gremlin/gremlin/2.3.0-SNAPSHOT/maven-metadata.xml
Downloading: https://repository.apache.org/snapshots/com/tinkerpop/gremlin/gremlin-java/2.3.0-SNAPSHOT/maven-metadata.xml
Downloading: https://repository.apache.org/snapshots/com/tinkerpop/pipes/2.3.0-SNAPSHOT/maven-metadata.xml
Downloading: https://repository.apache.org/snapshots/com/tinkerpop/rexster/rexster-core/2.3.0-SNAPSHOT/maven-metadata.xml
Downloading: https://repository.apache.org/snapshots/com/tinkerpop/rexster/rexster/2.3.0-SNAPSHOT/maven-metadata.xml
Downloading: https://repository.apache.org/snapshots/com/tinkerpop/rexster/rexster-server/2.3.0-SNAPSHOT/maven-metadata.xml
Downloading: https://repository.apache.org/snapshots/com/tinkerpop/rexster/rexster-protocol/2.3.0-SNAPSHOT/maven-metadata.xml
[INFO] 
[INFO] --- maven-enforcer-plugin:1.0:enforce (enforce-maven) @ titan-core ---
[INFO] 
[INFO] --- maven-resources-plugin:2.3:resources (default-resources) @ titan-core ---
[INFO] Using 'UTF-8' encoding to copy filtered resources.
[INFO] skip non existing resourceDirectory /home/travis/build/thinkaurelius/titan/titan-core/src/main/resources
[INFO] 
[INFO] --- maven-compiler-plugin:2.5.1:compile (default-compile) @ titan-core ---
[INFO] Nothing to compile - all classes are up to date
[INFO] 
[INFO] --- maven-resources-plugin:2.3:testResources (default-testResources) @ titan-core ---
[INFO] Using 'UTF-8' encoding to copy filtered resources.
[INFO] skip non existing resourceDirectory /home/travis/build/thinkaurelius/titan/titan-core/src/test/resources
[INFO] 
[INFO] --- maven-compiler-plugin:2.5.1:testCompile (default-testCompile) @ titan-core ---
[INFO] No sources to compile
[INFO] 
[INFO] --- maven-surefire-plugin:2.11:test (default-test) @ titan-core ---
[INFO] No tests to run.
[INFO] Surefire report directory: /home/travis/build/thinkaurelius/titan/titan-core/target/surefire-reports
Downloading: http://maven.mirrors.travis-ci.org/nexus/content/repositories/central/org/apache/maven/surefire/surefire-junit3/2.11/surefire-junit3-2.11.pom
2/2 KB            Downloaded: http://maven.mirrors.travis-ci.org/nexus/content/repositories/central/org/apache/maven/surefire/surefire-junit3/2.11/surefire-junit3-2.11.pom (2 KB at 3.1 KB/sec)
Downloading: http://maven.mirrors.travis-ci.org/nexus/content/repositories/central/org/apache/maven/surefire/surefire-providers/2.11/surefire-providers-2.11.pom
3/3 KB            Downloaded: http://maven.mirrors.travis-ci.org/nexus/content/repositories/central/org/apache/maven/surefire/surefire-providers/2.11/surefire-providers-2.11.pom (3 KB at 7.4 KB/sec)
Downloading: http://maven.mirrors.travis-ci.org/nexus/content/repositories/central/org/apache/maven/surefire/surefire-junit3/2.11/surefire-junit3-2.11.jar
4/26 KB   8/26 KB   9/26 KB   10/26 KB   14/26 KB   18/26 KB   22/26 KB   23/26 KB   24/26 KB   26/26 KB              Downloaded: http://maven.mirrors.travis-ci.org/nexus/content/repositories/central/org/apache/maven/surefire/surefire-junit3/2.11/surefire-junit3-2.11.jar (26 KB at 36.7 KB/sec)

-------------------------------------------------------
 T E S T S
-------------------------------------------------------

Results :

Tests run: 0, Failures: 0, Errors: 0, Skipped: 0

[INFO]                                                                         
[INFO] ------------------------------------------------------------------------
[INFO] Building Titan-Test: Test Suite for Titan 0.3.0-SNAPSHOT
[INFO] ------------------------------------------------------------------------
Downloading: https://repository.apache.org/snapshots/com/tinkerpop/blueprints/blueprints-test/2.3.0-SNAPSHOT/maven-metadata.xml
           [INFO] 
[INFO] --- maven-enforcer-plugin:1.0:enforce (enforce-maven) @ titan-test ---
[INFO] 
[INFO] --- maven-resources-plugin:2.3:resources (default-resources) @ titan-test ---
[INFO] Using 'UTF-8' encoding to copy filtered resources.
[INFO] skip non existing resourceDirectory /home/travis/build/thinkaurelius/titan/titan-test/src/main/resources
[INFO] 
[INFO] --- maven-compiler-plugin:2.5.1:compile (default-compile) @ titan-test ---
[INFO] Nothing to compile - all classes are up to date
[INFO] 
[INFO] --- maven-resources-plugin:2.3:testResources (default-testResources) @ titan-test ---
[INFO] Using 'UTF-8' encoding to copy filtered resources.
[INFO] Copying 2 resources
[INFO] 
[INFO] --- maven-compiler-plugin:2.5.1:testCompile (default-testCompile) @ titan-test ---
[INFO] Nothing to compile - all classes are up to date
[INFO] 
[INFO] --- maven-surefire-plugin:2.11:test (default-test) @ titan-test ---
[INFO] Surefire report directory: /home/travis/build/thinkaurelius/titan/titan-test/target/surefire-reports
Downloading: http://maven.mirrors.travis-ci.org/nexus/content/repositories/central/org/apache/maven/surefire/surefire-junit4/2.11/surefire-junit4-2.11.pom
3/3 KB              Downloaded: http://maven.mirrors.travis-ci.org/nexus/content/repositories/central/org/apache/maven/surefire/surefire-junit4/2.11/surefire-junit4-2.11.pom (3 KB at 8.4 KB/sec)
Downloading: http://maven.mirrors.travis-ci.org/nexus/content/repositories/central/org/apache/maven/surefire/surefire-junit4/2.11/surefire-junit4-2.11.jar
4/33 KB   8/33 KB   9/33 KB   10/33 KB   14/33 KB   18/33 KB   22/33 KB   26/33 KB   28/33 KB   30/33 KB   33/33 KB              Downloaded: http://maven.mirrors.travis-ci.org/nexus/content/repositories/central/org/apache/maven/surefire/surefire-junit4/2.11/surefire-junit4-2.11.jar (33 KB at 65.0 KB/sec)

-------------------------------------------------------
 T E S T S
-------------------------------------------------------
Running com.thinkaurelius.titan.graphdb.idmanagement.IDPoolTest
Tests run: 3, Failures: 0, Errors: 0, Skipped: 0, Time elapsed: 2.39 sec
Running com.thinkaurelius.titan.diskstorage.locking.LocalLockMediatorTest
Tests run: 1, Failures: 0, Errors: 0, Skipped: 0, Time elapsed: 0.841 sec
Running com.thinkaurelius.titan.util.datastructures.RandomRemovalListTest
Tests run: 3, Failures: 0, Errors: 0, Skipped: 0, Time elapsed: 1.075 sec
Running com.thinkaurelius.titan.graphdb.serializer.SerializerTest
Tests run: 8, Failures: 0, Errors: 0, Skipped: 0, Time elapsed: 2.295 sec
Running com.thinkaurelius.titan.graphdb.idmanagement.VariableLongTest
Writing 10000000 longs in 65567319 bytes. in time: 3120
Writing 1000000 longs in 2983488 bytes. in time: 187
Tests run: 5, Failures: 0, Errors: 0, Skipped: 0, Time elapsed: 4.262 sec
Running com.thinkaurelius.titan.graphdb.serializer.ByteBufferTest
Tests run: 3, Failures: 0, Errors: 0, Skipped: 0, Time elapsed: 0.379 sec
Running com.thinkaurelius.titan.tinkerpop.rexster.TitanGraphConfigurationTest
Tests run: 1, Failures: 0, Errors: 0, Skipped: 0, Time elapsed: 0.256 sec
Running com.thinkaurelius.titan.util.datastructures.BitMapTest
Tests run: 1, Failures: 0, Errors: 0, Skipped: 0, Time elapsed: 0.012 sec
Running com.thinkaurelius.titan.diskstorage.util.StorageFeaturesTest
Tests run: 1, Failures: 0, Errors: 0, Skipped: 0, Time elapsed: 0 sec
Running com.thinkaurelius.titan.graphdb.serializer.KryoTest
Tests run: 4, Failures: 0, Errors: 0, Skipped: 0, Time elapsed: 0.015 sec
Running com.thinkaurelius.titan.graphdb.loading.EdgeLoadingTest
Tests run: 1, Failures: 0, Errors: 0, Skipped: 0, Time elapsed: 0.259 sec
Running com.thinkaurelius.titan.graphdb.idmanagement.VertexIDAssignerTest
Partition: false
partitionMax: 2147483647
localPartition: null
Partition: true
partitionMax: 2147483647
localPartition: null
Partition: true
partitionMax: 2147483647
localPartition: [0, 2000]
Partition: true
partitionMax: 2147483647
localPartition: [-100000, -1]
Partition: true
partitionMax: 2147483647
localPartition: [-10000, 10000]
Partition: true
partitionMax: 100
localPartition: null
Partition: true
partitionMax: 100
localPartition: [0, 2000]
Partition: true
partitionMax: 100
localPartition: [-100000, -1]
Partition: true
partitionMax: 100
localPartition: [-10000, 10000]
Tests run: 9, Failures: 0, Errors: 0, Skipped: 0, Time elapsed: 5.753 sec
Running com.thinkaurelius.titan.blueprints.InMemoryBlueprintsTest
Testing testTinkerGraphEdges...
	titaninmemoryblueprintsgraph[null]: graph-example-1 loaded in 30.42435500002466ms
Testing testTinkerGraphVertices...
	titaninmemoryblueprintsgraph[null]: graph-example-1 loaded in 9.665138000040315ms
Testing testTinkerGraphSoftwareVertices...
	titaninmemoryblueprintsgraph[null]: graph-example-1 loaded in 9.481452999985777ms
Testing testTinkerGraphVertexAndEdges...
	titaninmemoryblueprintsgraph[null]: graph-example-1 loaded in 9.615529000060633ms
Testing testReadingTinkerGraphExample3...
Testing testReadingTinkerGraphExample3MappingLabels...
	titaninmemoryblueprintsgraph[null]: graph-example-3 loaded in 13.548127999994904ms
Testing testReadingTinkerGraphExample3MappingIDs...
	titaninmemoryblueprintsgraph[null]: graph-example-3 loaded in 11.884117000037804ms
Testing testReadingTinkerGraphExample3MappingAll...
	titaninmemoryblueprintsgraph[null]: graph-example-3 loaded in 10.20699199999217ms
Testing testMigratingTinkerGraphExample3...
Testing testReadingTinkerGraph...
*** TOTAL TIME [GMLReaderTestSuite]: 131.89929900004063 ***
Testing testGettingVerticesAndEdgesWithKeyValue...
Testing testFeatureCompliance...
supportsDuplicateEdges: true
supportsSelfLoops: true
supportsSerializableObjectProperty: true
supportsBooleanProperty: true
supportsDoubleProperty: true
supportsFloatProperty: true
supportsIntegerProperty: true
supportsPrimitiveArrayProperty: true
supportsUniformListProperty: true
supportsMixedListProperty: true
supportsLongProperty: true
supportsMapProperty: true
supportsStringProperty: true
ignoresSuppliedIds: true
isPersistent: false
isRDFModel: false
isWrapper: false
supportsIndices: false
supportsVertexIndex: false
supportsEdgeIndex: false
supportsKeyIndices: true
supportsVertexKeyIndex: true
supportsEdgeKeyIndex: false
supportsEdgeIteration: true
supportsVertexIteration: true
supportsEdgeRetrieval: true
supportsVertexProperties: true
supportsEdgeProperties: true
supportsTransactions: false
supportsThreadedTransactions: false
Testing testEmptyOnConstruction...
Testing testStringRepresentation...
	titaninmemoryblueprintsgraph[null]: 1 graph string representation generated in 0.10074699996039271ms
Testing testAddingVerticesAndEdges...
Testing testSettingProperties...
Testing testDataTypeValidationOnProperties...
Testing testSimpleRemovingVerticesEdges...
Testing testRemovingEdges...
	titaninmemoryblueprintsgraph[null]: 100 vertices added in 1.5298910000128672ms
	titaninmemoryblueprintsgraph[null]: 200 edges added in 139.23837499995716ms
	titaninmemoryblueprintsgraph[null]: 200 edges deleted (with size check on each delete) in 230.45419000007678ms
Testing testRemovingVertices...
	titaninmemoryblueprintsgraph[null]: 500 vertices added in 7.003757000085898ms
	titaninmemoryblueprintsgraph[null]: 250 edges added in 61.752485000062734ms
	titaninmemoryblueprintsgraph[null]: 500 vertices deleted (with size check on each delete) in 110.95527899998706ms
Testing testConnectivityPatterns...
Testing testVertexEdgeLabels...
Testing testVertexEdgeLabels2...
Testing testTreeConnectivity...
	titaninmemoryblueprintsgraph[null]: 1464 vertices added in a tree structure in 164.82678000000305ms
	titaninmemoryblueprintsgraph[null]: 1464 vertices iterated in 4.299729999969713ms
	titaninmemoryblueprintsgraph[null]: 1463 edges iterated in 10.936493000015616ms
Testing testConcurrentModification...
Testing testGraphDataPersists...
Testing testStringRepresentationOfVertexId...
Testing testSemanticallyCorrectIterables...
*** TOTAL TIME [GraphTestSuite]: 809.0663309999509 ***
Testing testVertexQuery...
*** TOTAL TIME [QueryTestSuite]: 28.740594000089914 ***
Testing testAutoIndexKeyDroppingWithPersistence...
	titaninmemoryblueprintsgraph[null]: 2 automatic index keys added in 1.134330999921076ms
Testing testNoConcurrentModificationException...
Testing testKeyIndicesConsistentWithElementRemoval...
Testing testAutoIndexKeyManagementWithPersistence...
	titaninmemoryblueprintsgraph[null]: 2 automatic index keys added in 0.37062499998137355ms
*** TOTAL TIME [KeyIndexableGraphTestSuite]: 5.993367999908514 ***
Testing testTinkerGraphEdges...
	titaninmemoryblueprintsgraph[null]: graph-example-1 loaded in 15.356020999955945ms
Testing testTinkerGraphVertices...
	titaninmemoryblueprintsgraph[null]: graph-example-1 loaded in 10.172611000016332ms
Testing testTinkerGraphSoftwareVertices...
	titaninmemoryblueprintsgraph[null]: graph-example-1 loaded in 9.959679000079632ms
Testing testTinkerGraphVertexAndEdges...
	titaninmemoryblueprintsgraph[null]: graph-example-1 loaded in 9.88980000000447ms
Testing testReadingTinkerGraphExample3...
Testing testReadingTinkerGraphExample3MappingLabels...
	titaninmemoryblueprintsgraph[null]: graph-example-3 loaded in 12.825063000083901ms
Testing testReadingTinkerGraphExample3MappingIDs...
	titaninmemoryblueprintsgraph[null]: graph-example-3 loaded in 12.209442999912426ms
Testing testReadingTinkerGraphExample3MappingAll...
	titaninmemoryblueprintsgraph[null]: graph-example-3 loaded in 11.72587399999611ms
Testing testMigratingTinkerGraphExample3...
Testing testReadingTinkerGraph...
Testing testAllGraphMLTypeCastsAndDataMappings...
*** TOTAL TIME [GraphMLReaderTestSuite]: 91.04159500007518 ***
Testing testNoConcurrentModificationException...
Testing testVertexEqualityForSuppliedIdsAndHashCode...
Testing testGetVertexWithNull...
Testing testRemoveVertex...
Testing testRemoveVertexWithEdges...
Testing testGetNonExistantVertices...
Testing testRemoveVertexNullId...
	titaninmemoryblueprintsgraph[null]: 100 vertices added in 1.511714999913238ms
	titaninmemoryblueprintsgraph[null]: 100 vertices removed in 6.500088999979198ms
Testing testVertexIterator...
	titaninmemoryblueprintsgraph[null]: 1000 vertices added in 15.18101000005845ms
	titaninmemoryblueprintsgraph[null]: 1000 vertices counted in 0.13544900005217642ms
Testing testLegalVertexEdgeIterables...
Testing testAddVertexProperties...
Testing testAddManyVertexProperties...
	titaninmemoryblueprintsgraph[null]: 750 vertex properties added (with vertices being added too) in 212.47324799990747ms
Testing testRemoveVertexProperties...
Testing testAddingIdProperty...
Testing testGettingEdgesAndVertices...
Testing testEmptyKeyProperty...
Testing testVertexCentricLinking...
Testing testVertexCentricRemoving...
Testing testConcurrentModificationOnProperties...
Testing testVertexEquality...
	titaninmemoryblueprintsgraph[null]: 1 vertex added and retrieved in 0.12432399997487664ms
Testing testBasicAddVertex...
*** TOTAL TIME [VertexTestSuite]: 266.8519030000316 ***
Testing testNoConcurrentModificationException...
Testing testEmptyKeyProperty...
Testing testEdgeEquality...
Testing testAddEdges...
	titaninmemoryblueprintsgraph[null]: 6 elements added and checked in 0.701933000003919ms
Testing testAddManyEdges...
	titaninmemoryblueprintsgraph[null]: 300 elements added in 22.231622999999672ms
	titaninmemoryblueprintsgraph[null]: 100 edges counted in 0.8908079999964684ms
	titaninmemoryblueprintsgraph[null]: 200 vertices counted in 0.060326999984681606ms
	titaninmemoryblueprintsgraph[null]: 200 vertices checked in 4.0442930000135675ms
Testing testRemoveManyEdges...
	titaninmemoryblueprintsgraph[null]: 20 vertices counted in 0.024526000022888184ms
	titaninmemoryblueprintsgraph[null]: 10 edges counted in 0.1216609999537468ms
	titaninmemoryblueprintsgraph[null]: 10 edges removed and graph checked in 4.374736999976449ms
Testing testAddingDuplicateEdges...
Testing testRemoveEdgesByRemovingVertex...
Testing testRemoveEdges...
Testing testAddingSelfLoops...
Testing testRemoveSelfLoops...
Testing testEdgeIterator...
Testing testAddingRemovingEdgeProperties...
Testing testAddingLabelAndIdProperty...
Testing testEdgeCentricRemoving...
*** TOTAL TIME [EdgeTestSuite]: 49.94528900005389 ***
Tests run: 7, Failures: 0, Errors: 0, Skipped: 0, Time elapsed: 1.408 sec
Running com.thinkaurelius.titan.tinkerpop.gremlin.ScriptExecutorTest
Tests run: 1, Failures: 0, Errors: 0, Skipped: 0, Time elapsed: 0.001 sec
Running com.thinkaurelius.titan.graphdb.idmanagement.IDManagementTest
Tests run: 3, Failures: 0, Errors: 0, Skipped: 0, Time elapsed: 1.328 sec

Results :

Tests run: 51, Failures: 0, Errors: 0, Skipped: 0

[INFO]                                                                         
[INFO] ------------------------------------------------------------------------
[INFO] Building Titan-BerkeleyJE: Distributed Graph Database 0.3.0-SNAPSHOT
[INFO] ------------------------------------------------------------------------
[INFO] 
[INFO] --- maven-enforcer-plugin:1.0:enforce (enforce-maven) @ titan-berkeleyje ---
[INFO] 
[INFO] --- maven-resources-plugin:2.3:resources (default-resources) @ titan-berkeleyje ---
[INFO] Using 'UTF-8' encoding to copy filtered resources.
[INFO] Copying 2 resources
[INFO] 
[INFO] --- maven-compiler-plugin:2.5.1:compile (default-compile) @ titan-berkeleyje ---
[INFO] Nothing to compile - all classes are up to date
[INFO] 
[INFO] --- maven-resources-plugin:2.3:testResources (default-testResources) @ titan-berkeleyje ---
[INFO] Using 'UTF-8' encoding to copy filtered resources.
[INFO] Copying 2 resources
[INFO] 
[INFO] --- maven-compiler-plugin:2.5.1:testCompile (default-testCompile) @ titan-berkeleyje ---
[INFO] Nothing to compile - all classes are up to date
[INFO] 
[INFO] --- maven-surefire-plugin:2.12.1:test (default-test) @ titan-berkeleyje ---
[INFO] Surefire report directory: /home/travis/build/thinkaurelius/titan/titan-berkeleyje/target/surefire-reports
Downloading: http://maven.mirrors.travis-ci.org/nexus/content/repositories/central/org/apache/maven/surefire/surefire-junit4/2.12.1/surefire-junit4-2.12.1.pom
3/3 KB              Downloaded: http://maven.mirrors.travis-ci.org/nexus/content/repositories/central/org/apache/maven/surefire/surefire-junit4/2.12.1/surefire-junit4-2.12.1.pom (3 KB at 7.8 KB/sec)
Downloading: http://maven.mirrors.travis-ci.org/nexus/content/repositories/central/org/apache/maven/surefire/surefire-providers/2.12.1/surefire-providers-2.12.1.pom
3/3 KB            Downloaded: http://maven.mirrors.travis-ci.org/nexus/content/repositories/central/org/apache/maven/surefire/surefire-providers/2.12.1/surefire-providers-2.12.1.pom (3 KB at 7.5 KB/sec)
Downloading: http://maven.mirrors.travis-ci.org/nexus/content/repositories/central/org/apache/maven/surefire/surefire-junit4/2.12.1/surefire-junit4-2.12.1.jar
4/34 KB   8/34 KB   9/34 KB   11/34 KB   15/34 KB   19/34 KB   23/34 KB   27/34 KB   31/34 KB   34/34 KB              Downloaded: http://maven.mirrors.travis-ci.org/nexus/content/repositories/central/org/apache/maven/surefire/surefire-junit4/2.12.1/surefire-junit4-2.12.1.jar (34 KB at 68.9 KB/sec)

-------------------------------------------------------
 T E S T S
-------------------------------------------------------
Running com.thinkaurelius.titan.diskstorage.berkeleyje.BerkeleyDBjeKeyColumnValueTest
Loading time (ms): 2420
Reading time (ms): 962
Tests run: 17, Failures: 0, Errors: 0, Skipped: 0, Time elapsed: 20.946 sec
Running com.thinkaurelius.titan.diskstorage.berkeleyje.BerkeleyJEKeyValueTest
Tests run: 7, Failures: 0, Errors: 0, Skipped: 0, Time elapsed: 1.078 sec
Running com.thinkaurelius.titan.blueprints.BerkeleyJEBlueprintsTest
Testing testNoConcurrentModificationException...
Testing testEmptyKeyProperty...
Testing testVertexCentricLinking...
Testing testVertexCentricRemoving...
Testing testLegalVertexEdgeIterables...
Testing testAddVertexProperties...
Testing testAddManyVertexProperties...
	titangraph[berkeleyje:/tmp/titan-test/standard]: 750 vertex properties added (with vertices being added too) in 856.1280059999553ms
Testing testConcurrentModificationOnProperties...
Testing testGetNonExistantVertices...
Testing testVertexEqualityForSuppliedIdsAndHashCode...
Testing testVertexEquality...
	titangraph[berkeleyje:/tmp/titan-test/standard]: 1 vertex added and retrieved in 1.8381420000223443ms
Testing testRemoveVertexNullId...
	titangraph[berkeleyje:/tmp/titan-test/standard]: 100 vertices added in 13.52184900001157ms
	titangraph[berkeleyje:/tmp/titan-test/standard]: 100 vertices removed in 15.65282799990382ms
Testing testVertexIterator...
	titangraph[berkeleyje:/tmp/titan-test/standard]: 1000 vertices added in 135.81243099994026ms
	titangraph[berkeleyje:/tmp/titan-test/standard]: 1000 vertices counted in 4.837627000059001ms
Testing testRemoveVertexProperties...
Testing testAddingIdProperty...
Testing testGettingEdgesAndVertices...
Testing testRemoveVertex...
Testing testBasicAddVertex...
Testing testRemoveVertexWithEdges...
Testing testGetVertexWithNull...
*** TOTAL TIME [VertexTestSuite]: 3363.311935000005 ***
Testing testAddManyEdges...
	titangraph[berkeleyje:/tmp/titan-test/standard]: 300 elements added in 113.63632399996277ms
	titangraph[berkeleyje:/tmp/titan-test/standard]: 100 edges counted in 5.879181000054814ms
	titangraph[berkeleyje:/tmp/titan-test/standard]: 200 vertices counted in 1.2179809999652207ms
	titangraph[berkeleyje:/tmp/titan-test/standard]: 200 vertices checked in 15.482743000029586ms
Testing testRemoveSelfLoops...
Testing testEdgeIterator...
Testing testAddingRemovingEdgeProperties...
Testing testAddingLabelAndIdProperty...
Testing testEdgeCentricRemoving...
Testing testNoConcurrentModificationException...
Testing testEmptyKeyProperty...
Testing testAddingDuplicateEdges...
Testing testRemoveEdgesByRemovingVertex...
Testing testRemoveEdges...
Testing testAddingSelfLoops...
Testing testGetEdges...
	titangraph[berkeleyje:/tmp/titan-test/standard]: 3 edges retrieved in 0.7925599999725819ms
Testing testGetNonExistantEdges...
Testing testRemoveManyEdges...
	titangraph[berkeleyje:/tmp/titan-test/standard]: 20 vertices counted in 0.3262129999930039ms
	titangraph[berkeleyje:/tmp/titan-test/standard]: 10 edges counted in 0.6507320000091568ms
	titangraph[berkeleyje:/tmp/titan-test/standard]: 10 edges removed and graph checked in 15.44110199995339ms
Testing testEdgeEquality...
Testing testAddEdges...
	titangraph[berkeleyje:/tmp/titan-test/standard]: 6 elements added and checked in 4.017170000006445ms
*** TOTAL TIME [EdgeTestSuite]: 1272.6380970000755 ***
Testing testFeatureCompliance...
supportsDuplicateEdges: true
supportsSelfLoops: true
supportsSerializableObjectProperty: true
supportsBooleanProperty: true
supportsDoubleProperty: true
supportsFloatProperty: true
supportsIntegerProperty: true
supportsPrimitiveArrayProperty: true
supportsUniformListProperty: true
supportsMixedListProperty: true
supportsLongProperty: true
supportsMapProperty: true
supportsStringProperty: true
ignoresSuppliedIds: true
isPersistent: true
isRDFModel: false
isWrapper: false
supportsIndices: false
supportsVertexIndex: false
supportsEdgeIndex: false
supportsKeyIndices: true
supportsVertexKeyIndex: true
supportsEdgeKeyIndex: false
supportsEdgeIteration: true
supportsVertexIteration: true
supportsEdgeRetrieval: true
supportsVertexProperties: true
supportsEdgeProperties: true
supportsTransactions: true
supportsThreadedTransactions: true
Testing testEmptyOnConstruction...
Testing testAddingVerticesAndEdges...
Testing testSimpleRemovingVerticesEdges...
Testing testRemovingEdges...
	titangraph[berkeleyje:/tmp/titan-test/standard]: 100 vertices added in 10.012270000064746ms
	titangraph[berkeleyje:/tmp/titan-test/standard]: 200 edges added in 104.58271500002593ms
	titangraph[berkeleyje:/tmp/titan-test/standard]: 200 edges deleted (with size check on each delete) in 180.3486640000483ms
Testing testRemovingVertices...
	titangraph[berkeleyje:/tmp/titan-test/standard]: 500 vertices added in 42.680413000052795ms
	titangraph[berkeleyje:/tmp/titan-test/standard]: 250 edges added in 102.11342599999625ms
	titangraph[berkeleyje:/tmp/titan-test/standard]: 500 vertices deleted (with size check on each delete) in 198.11839299998246ms
Testing testConnectivityPatterns...
Testing testVertexEdgeLabels...
Testing testVertexEdgeLabels2...
Testing testTreeConnectivity...
	titangraph[berkeleyje:/tmp/titan-test/standard]: 1464 vertices added in a tree structure in 298.26324399991427ms
	titangraph[berkeleyje:/tmp/titan-test/standard]: 1464 vertices iterated in 1.4750490000005811ms
	titangraph[berkeleyje:/tmp/titan-test/standard]: 1463 edges iterated in 6.780383000033908ms
Testing testConcurrentModification...
Testing testGraphDataPersists...
	titangraph[berkeleyje:/tmp/titan-test/standard]: 1 graph loaded in 21.806580999982543ms
Testing testStringRepresentationOfVertexId...
Testing testSemanticallyCorrectIterables...
Testing testGettingVerticesAndEdgesWithKeyValue...
Testing testSettingProperties...
Testing testDataTypeValidationOnProperties...
*** TOTAL TIME [GraphTestSuite]: 2283.2246149999555 ***
Testing testVertexQuery...
*** TOTAL TIME [QueryTestSuite]: 59.52577599999495 ***
Testing testAutoIndexKeyManagementWithPersistence...
	titangraph[berkeleyje:/tmp/titan-test/standard]: 2 automatic index keys added in 2.6305359998950735ms
Testing testNoConcurrentModificationException...
Testing testKeyIndicesConsistentWithElementRemoval...
Testing testGettingVerticesAndEdgesWithKeyValue...
*** TOTAL TIME [KeyIndexableGraphTestSuite]: 228.9197250000434 ***
Testing testCompetingThreads...
Testing testAutoStartTransaction...
Testing testTransactionsForVertices...
	titangraph[berkeleyje:/tmp/titan-test/standard]: 1 vertex not added in failed transaction in 0.6739829999860376ms
	titangraph[berkeleyje:/tmp/titan-test/standard]: 1 vertex added in successful transaction in 0.7668849999317899ms
Testing testBasicVertexEdgeTransactions...
Testing testBruteVertexTransactions...
	titangraph[berkeleyje:/tmp/titan-test/standard]: 100 vertices added in 100 successful transactions in 59.33325599995442ms
	titangraph[berkeleyje:/tmp/titan-test/standard]: 100 vertices not added in 100 failed transactions in 16.856897999998182ms
	titangraph[berkeleyje:/tmp/titan-test/standard]: 100 vertices added in 1 successful transactions in 18.82212399994023ms
	titangraph[berkeleyje:/tmp/titan-test/standard]: 100 vertices not added in 1 failed transactions in 12.214100999990478ms
Testing testTransactionsForEdges...
	titangraph[berkeleyje:/tmp/titan-test/standard]: 1 edge not added in failed transaction (w/ iteration) in 4.145484000095166ms
	titangraph[berkeleyje:/tmp/titan-test/standard]: 1 edge added in successful transaction (w/ iteration) in 2.396836999920197ms
Testing testBruteEdgeTransactions...
	titangraph[berkeleyje:/tmp/titan-test/standard]: 100 edges added in 100 successful transactions (2 vertices added for each edge) in 96.61491699994076ms
	titangraph[berkeleyje:/tmp/titan-test/standard]: 100 edges not added in 100 failed transactions (2 vertices added for each edge) in 27.615158000029624ms
	titangraph[berkeleyje:/tmp/titan-test/standard]: 100 edges added in 1 successful transactions (2 vertices added for each edge) in 48.6583849999588ms
	titangraph[berkeleyje:/tmp/titan-test/standard]: 100 edges not added in 1 failed transactions (2 vertices added for each edge) in 29.452664999989793ms
Testing testPropertyTransactions...
	titangraph[berkeleyje:/tmp/titan-test/standard]: 1 vertex added with string property in a successful transaction in 3.4437879999168217ms
	titangraph[berkeleyje:/tmp/titan-test/standard]: 1 integer property not added in a failed transaction in 1.1081509999930859ms
	titangraph[berkeleyje:/tmp/titan-test/standard]: 2 vertex properties checked in a successful transaction in 0.502299000043422ms
	titangraph[berkeleyje:/tmp/titan-test/standard]: 1 edge property added and checked in a successful transaction in 2.65401399997063ms
	titangraph[berkeleyje:/tmp/titan-test/standard]: 1 edge property added and checked in a failed transaction in 0.5298229999607429ms
Testing testIndexTransactions...
Testing testAutomaticSuccessfulTransactionOnShutdown...
Testing testVertexCountOnPreTransactionCommit...
Testing testBulkTransactionsOnEdges...
Testing testRemoveInTransaction...
Testing testTrue...
Testing testRepeatedTransactionStopException...
Testing testCompetingThreadsOnMultipleDbInstances...
*** TOTAL TIME [TransactionalTitanGraphTestSuite]: 1703.103500999976 ***
Testing testVertexReattachment...
*** TOTAL TIME [TitanSpecificBlueprintsTestSuite]: 37.475457999971695 ***
Testing testTinkerGraphEdges...
	titangraph[berkeleyje:/tmp/titan-test/standard]: graph-example-1 loaded in 45.17813000001479ms
Testing testTinkerGraphVertices...
	titangraph[berkeleyje:/tmp/titan-test/standard]: graph-example-1 loaded in 18.46999299991876ms
Testing testTinkerGraphSoftwareVertices...
	titangraph[berkeleyje:/tmp/titan-test/standard]: graph-example-1 loaded in 17.02237400005106ms
Testing testTinkerGraphVertexAndEdges...
	titangraph[berkeleyje:/tmp/titan-test/standard]: graph-example-1 loaded in 19.028413000050932ms
Testing testReadingTinkerGraphExample3...
Testing testReadingTinkerGraphExample3MappingLabels...
	titangraph[berkeleyje:/tmp/titan-test/standard]: graph-example-3 loaded in 20.749182000057772ms
Testing testReadingTinkerGraphExample3MappingIDs...
	titangraph[berkeleyje:/tmp/titan-test/standard]: graph-example-3 loaded in 19.74798500002362ms
Testing testReadingTinkerGraphExample3MappingAll...
	titangraph[berkeleyje:/tmp/titan-test/standard]: graph-example-3 loaded in 19.038209000020288ms
Testing testMigratingTinkerGraphExample3...
Testing testAllGraphMLTypeCastsAndDataMappings...
Testing testReadingTinkerGraph...
*** TOTAL TIME [GraphMLReaderTestSuite]: 592.6209710000549 ***
Testing testTinkerGraphEdges...
	titangraph[berkeleyje:/tmp/titan-test/standard]: graph-example-1 loaded in 493.59057400003076ms
Testing testTinkerGraphVertices...
	titangraph[berkeleyje:/tmp/titan-test/standard]: graph-example-1 loaded in 12.424255999969319ms
Testing testTinkerGraphSoftwareVertices...
	titangraph[berkeleyje:/tmp/titan-test/standard]: graph-example-1 loaded in 12.494078000076115ms
Testing testTinkerGraphVertexAndEdges...
	titangraph[berkeleyje:/tmp/titan-test/standard]: graph-example-1 loaded in 12.29072399996221ms
Testing testReadingTinkerGraph...
*** TOTAL TIME [GraphSONReaderTestSuite]: 716.6638220000314 ***
Testing testTinkerGraphEdges...
	titangraph[berkeleyje:/tmp/titan-test/standard]: graph-example-1 loaded in 14.139682000037283ms
Testing testTinkerGraphVertices...
	titangraph[berkeleyje:/tmp/titan-test/standard]: graph-example-1 loaded in 11.617767999996431ms
Testing testTinkerGraphSoftwareVertices...
	titangraph[berkeleyje:/tmp/titan-test/standard]: graph-example-1 loaded in 12.329843999934383ms
Testing testTinkerGraphVertexAndEdges...
	titangraph[berkeleyje:/tmp/titan-test/standard]: graph-example-1 loaded in 13.789959000074305ms
Testing testReadingTinkerGraphExample3...
Testing testReadingTinkerGraphExample3MappingLabels...
	titangraph[berkeleyje:/tmp/titan-test/standard]: graph-example-3 loaded in 15.688534999964759ms
Testing testReadingTinkerGraphExample3MappingIDs...
	titangraph[berkeleyje:/tmp/titan-test/standard]: graph-example-3 loaded in 14.526735000079498ms
Testing testReadingTinkerGraphExample3MappingAll...
	titangraph[berkeleyje:/tmp/titan-test/standard]: graph-example-3 loaded in 11.847619999898598ms
Testing testMigratingTinkerGraphExample3...
Testing testReadingTinkerGraph...
*** TOTAL TIME [GMLReaderTestSuite]: 540.4395300000906 ***
Tests run: 10, Failures: 0, Errors: 0, Skipped: 0, Time elapsed: 10.835 sec
Running com.thinkaurelius.titan.diskstorage.berkeleyje.BerkeleyDBjeKeyColumnValueVariableTest
Loading time (ms): 2348
Reading time (ms): 471
Tests run: 17, Failures: 0, Errors: 0, Skipped: 0, Time elapsed: 10.503 sec
Running com.thinkaurelius.titan.graphdb.berkeleyje.BerkeleyJEGraphTest
java.util.GregorianCalendar[time=278380800000,areFieldsSet=true,areAllFieldsSet=true,lenient=true,zone=sun.util.calendar.ZoneInfo[id="Etc/UTC",offset=0,dstSavings=0,useDaylight=false,transitions=0,lastRule=null],firstDayOfWeek=1,minimalDaysInFirstWeek=1,ERA=1,YEAR=1978,MONTH=9,WEEK_OF_YEAR=43,WEEK_OF_MONTH=4,DAY_OF_MONTH=28,DAY_OF_YEAR=301,DAY_OF_WEEK=7,DAY_OF_WEEK_IN_MONTH=4,AM_PM=0,HOUR=0,HOUR_OF_DAY=0,MINUTE=0,SECOND=0,MILLISECOND=0,ZONE_OFFSET=0,DST_OFFSET=0]
java.util.GregorianCalendar[time=278380800000,areFieldsSet=true,areAllFieldsSet=true,lenient=true,zone=sun.util.calendar.ZoneInfo[id="Etc/UTC",offset=0,dstSavings=0,useDaylight=false,transitions=0,lastRule=null],firstDayOfWeek=1,minimalDaysInFirstWeek=1,ERA=1,YEAR=1978,MONTH=9,WEEK_OF_YEAR=43,WEEK_OF_MONTH=4,DAY_OF_MONTH=28,DAY_OF_YEAR=301,DAY_OF_WEEK=7,DAY_OF_WEEK_IN_MONTH=4,AM_PM=0,HOUR=0,HOUR_OF_DAY=0,MINUTE=0,SECOND=0,MILLISECOND=0,ZONE_OFFSET=0,DST_OFFSET=0]
Tests run: 17, Failures: 0, Errors: 0, Skipped: 0, Time elapsed: 4.864 sec
Running com.thinkaurelius.titan.tinkerpop.rexster.RexsterServerClientBerkeleyJeTest
Tests run: 1, Failures: 0, Errors: 0, Skipped: 0, Time elapsed: 3.991 sec
Running com.thinkaurelius.titan.diskstorage.berkeleyje.BerkeleyJeHashKeyColumnValueTest
Loading time (ms): 2642
Reading time (ms): 505
Tests run: 17, Failures: 0, Errors: 0, Skipped: 0, Time elapsed: 12.698 sec

Results :

Tests run: 86, Failures: 0, Errors: 0, Skipped: 0

[INFO]                                                                         
[INFO] ------------------------------------------------------------------------
[INFO] Building Titan-Cassandra: Distributed Graph Database 0.3.0-SNAPSHOT
[INFO] ------------------------------------------------------------------------
[INFO] 
[INFO] --- maven-enforcer-plugin:1.0:enforce (enforce-maven) @ titan-cassandra ---
[INFO] 
[INFO] --- maven-resources-plugin:2.5:resources (default-resources) @ titan-cassandra ---
[debug] execute contextualize
[INFO] Using 'UTF-8' encoding to copy filtered resources.
[INFO] Copying 2 resources
[INFO] 
[INFO] --- maven-compiler-plugin:2.5.1:compile (default-compile) @ titan-cassandra ---
[INFO] Nothing to compile - all classes are up to date
[INFO] 
[INFO] --- maven-resources-plugin:2.5:testResources (default-testResources) @ titan-cassandra ---
[debug] execute contextualize
[INFO] Using 'UTF-8' encoding to copy filtered resources.
[INFO] Copying 2 resources
[INFO] 
[INFO] --- maven-resources-plugin:2.5:copy-resources (copy-resources-127.0.0.1) @ titan-cassandra ---
[debug] execute contextualize
[INFO] Using 'UTF-8' encoding to copy filtered resources.
[INFO] Copying 7 resources
[INFO] 
[INFO] --- maven-compiler-plugin:2.5.1:testCompile (default-testCompile) @ titan-cassandra ---
[INFO] Nothing to compile - all classes are up to date
[INFO] 
[INFO] --- maven-surefire-plugin:2.12.1:test (default-test) @ titan-cassandra ---
[INFO] Surefire report directory: /home/travis/build/thinkaurelius/titan/titan-cassandra/target/surefire-reports

-------------------------------------------------------
 T E S T S
-------------------------------------------------------

-------------------------------------------------------
 T E S T S
-------------------------------------------------------
Running com.thinkaurelius.titan.tinkerpop.rexster.RexsterServerClientCassandraEmbeddedTest
Tests run: 1, Failures: 0, Errors: 0, Skipped: 0, Time elapsed: 9.916 sec
Running com.thinkaurelius.titan.graphdb.embedded.InternalCassandraEmbeddedGraphTest
java.util.GregorianCalendar[time=278380800000,areFieldsSet=true,areAllFieldsSet=true,lenient=true,zone=sun.util.calendar.ZoneInfo[id="Etc/UTC",offset=0,dstSavings=0,useDaylight=false,transitions=0,lastRule=null],firstDayOfWeek=1,minimalDaysInFirstWeek=1,ERA=1,YEAR=1978,MONTH=9,WEEK_OF_YEAR=43,WEEK_OF_MONTH=4,DAY_OF_MONTH=28,DAY_OF_YEAR=301,DAY_OF_WEEK=7,DAY_OF_WEEK_IN_MONTH=4,AM_PM=0,HOUR=0,HOUR_OF_DAY=0,MINUTE=0,SECOND=0,MILLISECOND=0,ZONE_OFFSET=0,DST_OFFSET=0]
java.util.GregorianCalendar[time=278380800000,areFieldsSet=true,areAllFieldsSet=true,lenient=true,zone=sun.util.calendar.ZoneInfo[id="Etc/UTC",offset=0,dstSavings=0,useDaylight=false,transitions=0,lastRule=null],firstDayOfWeek=1,minimalDaysInFirstWeek=1,ERA=1,YEAR=1978,MONTH=9,WEEK_OF_YEAR=43,WEEK_OF_MONTH=4,DAY_OF_MONTH=28,DAY_OF_YEAR=301,DAY_OF_WEEK=7,DAY_OF_WEEK_IN_MONTH=4,AM_PM=0,HOUR=0,HOUR_OF_DAY=0,MINUTE=0,SECOND=0,MILLISECOND=0,ZONE_OFFSET=0,DST_OFFSET=0]
Tests run: 17, Failures: 0, Errors: 0, Skipped: 0, Time elapsed: 40.93 sec
Running com.thinkaurelius.titan.diskstorage.cassandra.thrift.InternalCassandraThriftKeyColumnValueTest
Loading time (ms): 1041
Reading time (ms): 9762
Tests run: 18, Failures: 0, Errors: 0, Skipped: 0, Time elapsed: 68.819 sec
Running com.thinkaurelius.titan.diskstorage.cassandra.thrift.InternalCassandraThriftMultiWriteKeyColumnValueStoreTest
Tests run: 2, Failures: 0, Errors: 0, Skipped: 0, Time elapsed: 36.757 sec
Running com.thinkaurelius.titan.blueprints.EmbeddedCassandraBlueprintsTest
Testing testGetVertexWithNull...
Testing testRemoveVertex...
Testing testRemoveVertexWithEdges...
Testing testGetNonExistantVertices...
Testing testRemoveVertexNullId...
	titangraph[embeddedcassandra:null]: 100 vertices added in 17.65803000004962ms
	titangraph[embeddedcassandra:null]: 100 vertices removed in 16.205463999998756ms
Testing testVertexIterator...
Testing testLegalVertexEdgeIterables...
Testing testAddVertexProperties...
Testing testAddManyVertexProperties...
	titangraph[embeddedcassandra:null]: 750 vertex properties added (with vertices being added too) in 19867.68778799998ms
Testing testRemoveVertexProperties...
Testing testAddingIdProperty...
Testing testNoConcurrentModificationException...
Testing testGettingEdgesAndVertices...
Testing testEmptyKeyProperty...
Testing testVertexCentricLinking...
Testing testVertexCentricRemoving...
Testing testConcurrentModificationOnProperties...
Testing testVertexEqualityForSuppliedIdsAndHashCode...
Testing testBasicAddVertex...
Testing testVertexEquality...
	titangraph[embeddedcassandra:null]: 1 vertex added and retrieved in 606.3257439999143ms
*** TOTAL TIME [VertexTestSuite]: 48466.41867900011 ***
Testing testNoConcurrentModificationException...
Testing testEmptyKeyProperty...
Testing testAddManyEdges...
	titangraph[embeddedcassandra:null]: 300 elements added in 3340.2395020000404ms
Testing testGetEdges...
	titangraph[embeddedcassandra:null]: 3 edges retrieved in 2.017018999904394ms
Testing testGetNonExistantEdges...
Testing testRemoveManyEdges...
Testing testAddingDuplicateEdges...
Testing testRemoveEdgesByRemovingVertex...
Testing testRemoveEdges...
Testing testAddingSelfLoops...
Testing testRemoveSelfLoops...
Testing testEdgeIterator...
Testing testAddingRemovingEdgeProperties...
Testing testAddingLabelAndIdProperty...
Testing testEdgeCentricRemoving...
Testing testEdgeEquality...
Testing testAddEdges...
	titangraph[embeddedcassandra:null]: 6 elements added and checked in 912.3393780000042ms
*** TOTAL TIME [EdgeTestSuite]: 25080.27514699998 ***
Testing testFeatureCompliance...
supportsDuplicateEdges: true
supportsSelfLoops: true
supportsSerializableObjectProperty: true
supportsBooleanProperty: true
supportsDoubleProperty: true
supportsFloatProperty: true
supportsIntegerProperty: true
supportsPrimitiveArrayProperty: true
supportsUniformListProperty: true
supportsMixedListProperty: true
supportsLongProperty: true
supportsMapProperty: true
supportsStringProperty: true
ignoresSuppliedIds: true
isPersistent: true
isRDFModel: false
isWrapper: false
supportsIndices: false
supportsVertexIndex: false
supportsEdgeIndex: false
supportsKeyIndices: true
supportsVertexKeyIndex: true
supportsEdgeKeyIndex: false
supportsEdgeIteration: false
supportsVertexIteration: false
supportsEdgeRetrieval: true
supportsVertexProperties: true
supportsEdgeProperties: true
supportsTransactions: true
supportsThreadedTransactions: true
Testing testEmptyOnConstruction...
Testing testStringRepresentationOfVertexId...
Testing testSemanticallyCorrectIterables...
Testing testAddingVerticesAndEdges...
Testing testSettingProperties...
Testing testGettingVerticesAndEdgesWithKeyValue...
Testing testDataTypeValidationOnProperties...
Testing testVertexEdgeLabels2...
Testing testTreeConnectivity...
	titangraph[embeddedcassandra:null]: 1464 vertices added in a tree structure in 1408.6943749999627ms
Testing testConcurrentModification...
Testing testGraphDataPersists...
	titangraph[embeddedcassandra:null]: 1 graph loaded in 5.006656000041403ms
Testing testSimpleRemovingVerticesEdges...
Testing testRemovingEdges...
	titangraph[embeddedcassandra:null]: 100 vertices added in 613.1638080000412ms
	titangraph[embeddedcassandra:null]: 200 edges added in 5165.130242999992ms
	titangraph[embeddedcassandra:null]: 200 edges deleted (with size check on each delete) in 14.480434000026435ms
Testing testRemovingVertices...
	titangraph[embeddedcassandra:null]: 500 vertices added in 637.6971399999456ms
	titangraph[embeddedcassandra:null]: 250 edges added in 6375.9036510000005ms
	titangraph[embeddedcassandra:null]: 500 vertices deleted (with size check on each delete) in 51.014248999999836ms
Testing testConnectivityPatterns...
Testing testVertexEdgeLabels...
*** TOTAL TIME [GraphTestSuite]: 35455.98646799999 ***
Testing testVertexQuery...
*** TOTAL TIME [QueryTestSuite]: 1575.6018129999284 ***
Testing testNoConcurrentModificationException...
Testing testGettingVerticesAndEdgesWithKeyValue...
Testing testAutoIndexKeyManagementWithPersistence...
	titangraph[embeddedcassandra:null]: 2 automatic index keys added in 608.0987239999231ms
Testing testKeyIndicesConsistentWithElementRemoval...
*** TOTAL TIME [KeyIndexableGraphTestSuite]: 4345.715027000057 ***
Testing testCompetingThreads...
Testing testRepeatedTransactionStopException...
Testing testAutoStartTransaction...
Testing testTrue...
Testing testTransactionsForVertices...
	titangraph[embeddedcassandra:null]: 1 vertex not added in failed transaction in 0.6703660000348464ms
	titangraph[embeddedcassandra:null]: 1 vertex added in successful transaction in 0.5634790000040084ms
Testing testBasicVertexEdgeTransactions...
Testing testBruteVertexTransactions...
	titangraph[embeddedcassandra:null]: 100 vertices added in 100 successful transactions in 645.7423999999883ms
	titangraph[embeddedcassandra:null]: 100 vertices not added in 100 failed transactions in 15.289991999976337ms
	titangraph[embeddedcassandra:null]: 100 vertices added in 1 successful transactions in 13.791477999999188ms
	titangraph[embeddedcassandra:null]: 100 vertices not added in 1 failed transactions in 10.484404999995604ms
Testing testTransactionsForEdges...
	titangraph[embeddedcassandra:null]: 1 edge not added in failed transaction (w/ iteration) in 305.18654100003187ms
	titangraph[embeddedcassandra:null]: 1 edge added in successful transaction (w/ iteration) in 104.69356100005098ms
Testing testBruteEdgeTransactions...
	titangraph[embeddedcassandra:null]: 100 edges added in 100 successful transactions (2 vertices added for each edge) in 1073.758046999923ms
	titangraph[embeddedcassandra:null]: 100 edges not added in 100 failed transactions (2 vertices added for each edge) in 27.965299999923445ms
	titangraph[embeddedcassandra:null]: 100 edges added in 1 successful transactions (2 vertices added for each edge) in 21.517877000034787ms
	titangraph[embeddedcassandra:null]: 100 edges not added in 1 failed transactions (2 vertices added for each edge) in 10.249841999961063ms
Testing testPropertyTransactions...
	titangraph[embeddedcassandra:null]: 1 vertex added with string property in a successful transaction in 1019.674544999958ms
	titangraph[embeddedcassandra:null]: 1 integer property not added in a failed transaction in 2.2896059999475256ms
	titangraph[embeddedcassandra:null]: 2 vertex properties checked in a successful transaction in 1.0442170000169426ms
	titangraph[embeddedcassandra:null]: 1 edge property added and checked in a successful transaction in 104.6945119999582ms
	titangraph[embeddedcassandra:null]: 1 edge property added and checked in a failed transaction in 0.9960970000829548ms
Testing testIndexTransactions...
Testing testAutomaticSuccessfulTransactionOnShutdown...
Testing testVertexCountOnPreTransactionCommit...
Testing testBulkTransactionsOnEdges...
Testing testRemoveInTransaction...
*** TOTAL TIME [TransactionalTitanGraphTestSuite]: 22347.86127600004 ***
Testing testVertexReattachment...
*** TOTAL TIME [TitanSpecificBlueprintsTestSuite]: 1489.096198999905 ***
Testing testTinkerGraphEdges...
Testing testTinkerGraphVertices...
Testing testTinkerGraphSoftwareVertices...
Testing testTinkerGraphVertexAndEdges...
Testing testReadingTinkerGraphExample3...
Testing testReadingTinkerGraphExample3MappingLabels...
Testing testReadingTinkerGraphExample3MappingIDs...
Testing testReadingTinkerGraphExample3MappingAll...
Testing testMigratingTinkerGraphExample3...
Testing testAllGraphMLTypeCastsAndDataMappings...
Testing testReadingTinkerGraph...
*** TOTAL TIME [GraphMLReaderTestSuite]: 1397.447802000097 ***
Testing testTinkerGraphEdges...
Testing testTinkerGraphVertices...
Testing testTinkerGraphSoftwareVertices...
Testing testTinkerGraphVertexAndEdges...
Testing testReadingTinkerGraph...
*** TOTAL TIME [GraphSONReaderTestSuite]: 662.0098160000052 ***
Testing testTinkerGraphEdges...
Testing testTinkerGraphVertices...
Testing testTinkerGraphSoftwareVertices...
Testing testTinkerGraphVertexAndEdges...
Testing testReadingTinkerGraphExample3...
Testing testReadingTinkerGraphExample3MappingLabels...
Testing testReadingTinkerGraphExample3MappingIDs...
Testing testReadingTinkerGraphExample3MappingAll...
Testing testMigratingTinkerGraphExample3...
Testing testReadingTinkerGraph...
*** TOTAL TIME [GMLReaderTestSuite]: 1308.828845000011 ***
Tests run: 10, Failures: 0, Errors: 0, Skipped: 0, Time elapsed: 142.247 sec
Running com.thinkaurelius.titan.diskstorage.cassandra.thrift.InternalCassandraLockKeyColumnValueStoreTest
Tests run: 14, Failures: 0, Errors: 0, Skipped: 0, Time elapsed: 27.467 sec
Running com.thinkaurelius.titan.blueprints.InternalCassandraBlueprintsTest
Testing testRemoveVertexProperties...
Testing testAddingIdProperty...
Testing testNoConcurrentModificationException...
Testing testGettingEdgesAndVertices...
Testing testEmptyKeyProperty...
Testing testVertexCentricLinking...
Testing testVertexCentricRemoving...
Testing testConcurrentModificationOnProperties...
Testing testVertexEquality...
	titangraph[cassandra:null]: 1 vertex added and retrieved in 614.2117310001049ms
Testing testVertexEqualityForSuppliedIdsAndHashCode...
Testing testBasicAddVertex...
Testing testGetVertexWithNull...
Testing testRemoveVertex...
Testing testRemoveVertexWithEdges...
Testing testGetNonExistantVertices...
Testing testRemoveVertexNullId...
	titangraph[cassandra:null]: 100 vertices added in 21.65577299997676ms
	titangraph[cassandra:null]: 100 vertices removed in 18.55468599998858ms
Testing testVertexIterator...
Testing testLegalVertexEdgeIterables...
Testing testAddVertexProperties...
Testing testAddManyVertexProperties...
	titangraph[cassandra:null]: 750 vertex properties added (with vertices being added too) in 20003.72979599994ms
*** TOTAL TIME [VertexTestSuite]: 49423.995781000005 ***
Testing testNoConcurrentModificationException...
Testing testEmptyKeyProperty...
Testing testAddManyEdges...
	titangraph[cassandra:null]: 300 elements added in 3366.137670999975ms
Testing testGetEdges...
	titangraph[cassandra:null]: 3 edges retrieved in 2.1648020000429824ms
Testing testGetNonExistantEdges...
Testing testRemoveManyEdges...
Testing testAddingDuplicateEdges...
Testing testRemoveEdgesByRemovingVertex...
Testing testRemoveEdges...
Testing testAddingSelfLoops...
Testing testRemoveSelfLoops...
Testing testEdgeIterator...
Testing testAddingRemovingEdgeProperties...
Testing testAddingLabelAndIdProperty...
Testing testEdgeCentricRemoving...
Testing testEdgeEquality...
Testing testAddEdges...
	titangraph[cassandra:null]: 6 elements added and checked in 919.3211490001995ms
*** TOTAL TIME [EdgeTestSuite]: 29097.688767999876 ***
Testing testFeatureCompliance...
supportsDuplicateEdges: true
supportsSelfLoops: true
supportsSerializableObjectProperty: true
supportsBooleanProperty: true
supportsDoubleProperty: true
supportsFloatProperty: true
supportsIntegerProperty: true
supportsPrimitiveArrayProperty: true
supportsUniformListProperty: true
supportsMixedListProperty: true
supportsLongProperty: true
supportsMapProperty: true
supportsStringProperty: true
ignoresSuppliedIds: true
isPersistent: true
isRDFModel: false
isWrapper: false
supportsIndices: false
supportsVertexIndex: false
supportsEdgeIndex: false
supportsKeyIndices: true
supportsVertexKeyIndex: true
supportsEdgeKeyIndex: false
supportsEdgeIteration: false
supportsVertexIteration: false
supportsEdgeRetrieval: true
supportsVertexProperties: true
supportsEdgeProperties: true
supportsTransactions: true
supportsThreadedTransactions: true
Testing testEmptyOnConstruction...
Testing testStringRepresentationOfVertexId...
Testing testSemanticallyCorrectIterables...
Testing testAddingVerticesAndEdges...
Testing testSettingProperties...
Testing testGettingVerticesAndEdgesWithKeyValue...
Testing testDataTypeValidationOnProperties...
Testing testVertexEdgeLabels...
Testing testVertexEdgeLabels2...
Testing testTreeConnectivity...
	titangraph[cassandra:null]: 1464 vertices added in a tree structure in 1388.765875000041ms
Testing testConcurrentModification...
Testing testGraphDataPersists...
	titangraph[cassandra:null]: 1 graph loaded in 18.277326999930665ms
Testing testSimpleRemovingVerticesEdges...
Testing testRemovingEdges...
	titangraph[cassandra:null]: 100 vertices added in 618.4978159999009ms
	titangraph[cassandra:null]: 200 edges added in 5191.756167999934ms
	titangraph[cassandra:null]: 200 edges deleted (with size check on each delete) in 14.362167000072077ms
Testing testRemovingVertices...
	titangraph[cassandra:null]: 500 vertices added in 645.4087900000159ms
	titangraph[cassandra:null]: 250 edges added in 6412.462499999907ms
	titangraph[cassandra:null]: 500 vertices deleted (with size check on each delete) in 52.27490200009197ms
Testing testConnectivityPatterns...
*** TOTAL TIME [GraphTestSuite]: 33836.97020200011 ***
Testing testVertexQuery...
*** TOTAL TIME [QueryTestSuite]: 1535.0544209999498 ***
Testing testNoConcurrentModificationException...
Testing testGettingVerticesAndEdgesWithKeyValue...
Testing testAutoIndexKeyManagementWithPersistence...
	titangraph[cassandra:null]: 2 automatic index keys added in 610.2162369999569ms
Testing testKeyIndicesConsistentWithElementRemoval...
*** TOTAL TIME [KeyIndexableGraphTestSuite]: 2748.7613899998832 ***
Testing testCompetingThreads...
Testing testRepeatedTransactionStopException...
Testing testTrue...
Testing testAutoStartTransaction...
Testing testTransactionsForVertices...
	titangraph[cassandra:null]: 1 vertex not added in failed transaction in 1.0705299999099225ms
	titangraph[cassandra:null]: 1 vertex added in successful transaction in 0.7180620001163334ms
Testing testBasicVertexEdgeTransactions...
Testing testBruteVertexTransactions...
	titangraph[cassandra:null]: 100 vertices added in 100 successful transactions in 661.2856880000327ms
	titangraph[cassandra:null]: 100 vertices not added in 100 failed transactions in 13.522640999872237ms
	titangraph[cassandra:null]: 100 vertices added in 1 successful transactions in 14.553804999915883ms
	titangraph[cassandra:null]: 100 vertices not added in 1 failed transactions in 8.351495000068098ms
Testing testTransactionsForEdges...
	titangraph[cassandra:null]: 1 edge not added in failed transaction (w/ iteration) in 307.2934949998744ms
	titangraph[cassandra:null]: 1 edge added in successful transaction (w/ iteration) in 107.14075700007379ms
Testing testBruteEdgeTransactions...
	titangraph[cassandra:null]: 100 edges added in 100 successful transactions (2 vertices added for each edge) in 1100.2990820000414ms
	titangraph[cassandra:null]: 100 edges not added in 100 failed transactions (2 vertices added for each edge) in 26.997265999903902ms
	titangraph[cassandra:null]: 100 edges added in 1 successful transactions (2 vertices added for each edge) in 29.360937000019476ms
	titangraph[cassandra:null]: 100 edges not added in 1 failed transactions (2 vertices added for each edge) in 10.01307800016366ms
Testing testPropertyTransactions...
	titangraph[cassandra:null]: 1 vertex added with string property in a successful transaction in 1015.2637859999668ms
	titangraph[cassandra:null]: 1 integer property not added in a failed transaction in 2.831218000035733ms
	titangraph[cassandra:null]: 2 vertex properties checked in a successful transaction in 1.9887719999533147ms
	titangraph[cassandra:null]: 1 edge property added and checked in a successful transaction in 105.55606599990278ms
	titangraph[cassandra:null]: 1 edge property added and checked in a failed transaction in 1.3781650001183152ms
Testing testIndexTransactions...
Testing testAutomaticSuccessfulTransactionOnShutdown...
Testing testVertexCountOnPreTransactionCommit...
Testing testBulkTransactionsOnEdges...
Testing testRemoveInTransaction...
*** TOTAL TIME [TransactionalTitanGraphTestSuite]: 18403.094049999956 ***
Testing testVertexReattachment...
*** TOTAL TIME [TitanSpecificBlueprintsTestSuite]: 1537.7747979999986 ***
Testing testTinkerGraphEdges...
Testing testTinkerGraphVertices...
Testing testTinkerGraphSoftwareVertices...
Testing testTinkerGraphVertexAndEdges...
Testing testReadingTinkerGraphExample3...
Testing testReadingTinkerGraphExample3MappingLabels...
Testing testReadingTinkerGraphExample3MappingIDs...
Testing testReadingTinkerGraphExample3MappingAll...
Testing testMigratingTinkerGraphExample3...
Testing testAllGraphMLTypeCastsAndDataMappings...
Testing testReadingTinkerGraph...
*** TOTAL TIME [GraphMLReaderTestSuite]: 1647.2590000000782 ***
Testing testTinkerGraphEdges...
Testing testTinkerGraphVertices...
Testing testTinkerGraphSoftwareVertices...
Testing testTinkerGraphVertexAndEdges...
Testing testReadingTinkerGraph...
*** TOTAL TIME [GraphSONReaderTestSuite]: 806.0148769998923 ***
Testing testTinkerGraphEdges...
Testing testTinkerGraphVertices...
Testing testTinkerGraphSoftwareVertices...
Testing testTinkerGraphVertexAndEdges...
Testing testReadingTinkerGraphExample3...
Testing testReadingTinkerGraphExample3MappingLabels...
Testing testReadingTinkerGraphExample3MappingIDs...
Testing testReadingTinkerGraphExample3MappingAll...
Testing testMigratingTinkerGraphExample3...
Testing testReadingTinkerGraph...
*** TOTAL TIME [GMLReaderTestSuite]: 1472.67804600019 ***
Tests run: 10, Failures: 0, Errors: 0, Skipped: 0, Time elapsed: 140.626 sec
Running com.thinkaurelius.titan.diskstorage.cassandra.UUIDTest
Tests run: 1, Failures: 0, Errors: 0, Skipped: 0, Time elapsed: 0.723 sec
Running com.thinkaurelius.titan.diskstorage.cassandra.embedded.InternalCassandraEmbeddedMultiWriteKeyColumnValueStoreTest
Tests run: 2, Failures: 0, Errors: 0, Skipped: 0, Time elapsed: 16.491 sec
Running com.thinkaurelius.titan.diskstorage.cassandra.astyanax.InternalAstyanaxMultiWriteKeyColumnValueTest
Tests run: 2, Failures: 0, Errors: 0, Skipped: 0, Time elapsed: 31.537 sec
Running com.thinkaurelius.titan.diskstorage.cassandra.embedded.InternalCassandraEmbeddedLockKeyColumnValueStoreTest
Tests run: 14, Failures: 0, Errors: 0, Skipped: 0, Time elapsed: 25.594 sec
Running com.thinkaurelius.titan.diskstorage.cassandra.astyanax.InternalAstyanaxKeyColumnValueTest
Loading time (ms): 1156
Reading time (ms): 12464
Tests run: 18, Failures: 0, Errors: 0, Skipped: 0, Time elapsed: 64.754 sec
Running com.thinkaurelius.titan.diskstorage.cassandra.astyanax.InternalAstyanaxLockKeyColumnValueStoreTest
Tests run: 14, Failures: 0, Errors: 0, Skipped: 0, Time elapsed: 25.702 sec
Running com.thinkaurelius.titan.graphdb.thrift.InternalCassandraGraphTest
java.util.GregorianCalendar[time=278380800000,areFieldsSet=true,areAllFieldsSet=true,lenient=true,zone=sun.util.calendar.ZoneInfo[id="Etc/UTC",offset=0,dstSavings=0,useDaylight=false,transitions=0,lastRule=null],firstDayOfWeek=1,minimalDaysInFirstWeek=1,ERA=1,YEAR=1978,MONTH=9,WEEK_OF_YEAR=43,WEEK_OF_MONTH=4,DAY_OF_MONTH=28,DAY_OF_YEAR=301,DAY_OF_WEEK=7,DAY_OF_WEEK_IN_MONTH=4,AM_PM=0,HOUR=0,HOUR_OF_DAY=0,MINUTE=0,SECOND=0,MILLISECOND=0,ZONE_OFFSET=0,DST_OFFSET=0]
java.util.GregorianCalendar[time=278380800000,areFieldsSet=true,areAllFieldsSet=true,lenient=true,zone=sun.util.calendar.ZoneInfo[id="Etc/UTC",offset=0,dstSavings=0,useDaylight=false,transitions=0,lastRule=null],firstDayOfWeek=1,minimalDaysInFirstWeek=1,ERA=1,YEAR=1978,MONTH=9,WEEK_OF_YEAR=43,WEEK_OF_MONTH=4,DAY_OF_MONTH=28,DAY_OF_YEAR=301,DAY_OF_WEEK=7,DAY_OF_WEEK_IN_MONTH=4,AM_PM=0,HOUR=0,HOUR_OF_DAY=0,MINUTE=0,SECOND=0,MILLISECOND=0,ZONE_OFFSET=0,DST_OFFSET=0]
Tests run: 17, Failures: 0, Errors: 0, Skipped: 0, Time elapsed: 54.458 sec
Running com.thinkaurelius.titan.graphdb.astyanax.InternalAstyanaxGraphTest
java.util.GregorianCalendar[time=278380800000,areFieldsSet=true,areAllFieldsSet=true,lenient=true,zone=sun.util.calendar.ZoneInfo[id="Etc/UTC",offset=0,dstSavings=0,useDaylight=false,transitions=0,lastRule=null],firstDayOfWeek=1,minimalDaysInFirstWeek=1,ERA=1,YEAR=1978,MONTH=9,WEEK_OF_YEAR=43,WEEK_OF_MONTH=4,DAY_OF_MONTH=28,DAY_OF_YEAR=301,DAY_OF_WEEK=7,DAY_OF_WEEK_IN_MONTH=4,AM_PM=0,HOUR=0,HOUR_OF_DAY=0,MINUTE=0,SECOND=0,MILLISECOND=0,ZONE_OFFSET=0,DST_OFFSET=0]
java.util.GregorianCalendar[time=278380800000,areFieldsSet=true,areAllFieldsSet=true,lenient=true,zone=sun.util.calendar.ZoneInfo[id="Etc/UTC",offset=0,dstSavings=0,useDaylight=false,transitions=0,lastRule=null],firstDayOfWeek=1,minimalDaysInFirstWeek=1,ERA=1,YEAR=1978,MONTH=9,WEEK_OF_YEAR=43,WEEK_OF_MONTH=4,DAY_OF_MONTH=28,DAY_OF_YEAR=301,DAY_OF_WEEK=7,DAY_OF_WEEK_IN_MONTH=4,AM_PM=0,HOUR=0,HOUR_OF_DAY=0,MINUTE=0,SECOND=0,MILLISECOND=0,ZONE_OFFSET=0,DST_OFFSET=0]
Tests run: 17, Failures: 0, Errors: 0, Skipped: 0, Time elapsed: 49.915 sec
Running com.thinkaurelius.titan.diskstorage.cassandra.embedded.InternalCassandraEmbeddedKeyColumnValueTest
Loading time (ms): 682
Reading time (ms): 6613
Tests run: 18, Failures: 0, Errors: 0, Skipped: 0, Time elapsed: 33.568 sec

Results :

Tests run: 175, Failures: 0, Errors: 0, Skipped: 0

[INFO]                                                                         
[INFO] ------------------------------------------------------------------------
[INFO] Building Titan-HBase: Distributed Graph Database 0.3.0-SNAPSHOT
[INFO] ------------------------------------------------------------------------
[INFO] 
[INFO] --- maven-enforcer-plugin:1.0:enforce (enforce-maven) @ titan-hbase ---
[INFO] 
[INFO] --- maven-resources-plugin:2.3:resources (default-resources) @ titan-hbase ---
[INFO] Using 'UTF-8' encoding to copy filtered resources.
[INFO] Copying 2 resources
[INFO] 
[INFO] --- maven-compiler-plugin:2.5.1:compile (default-compile) @ titan-hbase ---
[INFO] Nothing to compile - all classes are up to date
[INFO] 
[INFO] --- maven-resources-plugin:2.3:testResources (default-testResources) @ titan-hbase ---
[INFO] Using 'UTF-8' encoding to copy filtered resources.
[INFO] Copying 2 resources
[INFO] 
[INFO] --- maven-compiler-plugin:2.5.1:testCompile (default-testCompile) @ titan-hbase ---
[INFO] Nothing to compile - all classes are up to date
[INFO] 
[INFO] --- maven-surefire-plugin:2.12.1:test (default-test) @ titan-hbase ---
[INFO] Surefire report directory: /home/travis/build/thinkaurelius/titan/titan-hbase/target/surefire-reports

-------------------------------------------------------
 T E S T S
-------------------------------------------------------

Results :

Tests run: 0, Failures: 0, Errors: 0, Skipped: 0

[INFO]                                                                         
[INFO] ------------------------------------------------------------------------
[INFO] Building Titan-All: Complete Titan Distribution 0.3.0-SNAPSHOT
[INFO] ------------------------------------------------------------------------
[INFO] 
[INFO] --- maven-enforcer-plugin:1.0:enforce (enforce-maven) @ titan-all ---
[INFO] 
[INFO] --- maven-resources-plugin:2.3:resources (default-resources) @ titan-all ---
[INFO] Using 'UTF-8' encoding to copy filtered resources.
[INFO] Copying 1 resource
[INFO] 
[INFO] --- maven-compiler-plugin:2.5.1:compile (default-compile) @ titan-all ---
[INFO] No sources to compile
[INFO] 
[INFO] --- maven-resources-plugin:2.3:testResources (default-testResources) @ titan-all ---
[INFO] Using 'UTF-8' encoding to copy filtered resources.
[INFO] skip non existing resourceDirectory /home/travis/build/thinkaurelius/titan/titan-all/src/test/resources
[INFO] 
[INFO] --- maven-compiler-plugin:2.5.1:testCompile (default-testCompile) @ titan-all ---
[INFO] No sources to compile
[INFO] 
[INFO] --- maven-surefire-plugin:2.11:test (default-test) @ titan-all ---
[INFO] No tests to run.
[INFO] Surefire report directory: /home/travis/build/thinkaurelius/titan/titan-all/target/surefire-reports

-------------------------------------------------------
 T E S T S
-------------------------------------------------------

Results :

Tests run: 0, Failures: 0, Errors: 0, Skipped: 0

[INFO] ------------------------------------------------------------------------
[INFO] Reactor Summary:
[INFO] 
[INFO] Titan: Distributed Graph Database ................. SUCCESS [2.667s]
[INFO] Titan-Core: Core Library for Titan ................ SUCCESS [9.927s]
[INFO] Titan-Test: Test Suite for Titan .................. SUCCESS [23.089s]
[INFO] Titan-BerkeleyJE: Distributed Graph Database ...... SUCCESS [1:07.227s]
[INFO] Titan-Cassandra: Distributed Graph Database ....... SUCCESS [13:19.144s]
[INFO] Titan-HBase: Distributed Graph Database ........... SUCCESS [0.954s]
[INFO] Titan-All: Complete Titan Distribution ............ SUCCESS [0.631s]
[INFO] ------------------------------------------------------------------------
[INFO] BUILD SUCCESS
[INFO] ------------------------------------------------------------------------
[INFO] Total time: 15:04.287s
[INFO] Finished at: Mon Feb 25 10:22:08 UTC 2013
[INFO] Final Memory: 15M/181M
[INFO] ------------------------------------------------------------------------

The command "mvn test" exited with 0.

Done. Your build exited with 0.
