Using worker: bluebox-linux-5.worker.travis-ci.org:travis-linux-18

$ git clone --depth=100 --quiet git://github.com/thinkaurelius/titan.git thinkaurelius/titan
cd thinkaurelius/titan
$ git fetch origin +refs/pull/178/merge: 
remote: Counting objects: 100, done.[K
remote: Compressing objects:   2% (1/34)   [Kremote: Compressing objects:   5% (2/34)   [Kremote: Compressing objects:   8% (3/34)   [Kremote: Compressing objects:  11% (4/34)   [Kremote: Compressing objects:  14% (5/34)   [Kremote: Compressing objects:  17% (6/34)   [Kremote: Compressing objects:  20% (7/34)   [Kremote: Compressing objects:  23% (8/34)   [Kremote: Compressing objects:  26% (9/34)   [Kremote: Compressing objects:  29% (10/34)   [Kremote: Compressing objects:  32% (11/34)   [Kremote: Compressing objects:  35% (12/34)   [Kremote: Compressing objects:  38% (13/34)   [Kremote: Compressing objects:  41% (14/34)   [Kremote: Compressing objects:  44% (15/34)   [Kremote: Compressing objects:  47% (16/34)   [Kremote: Compressing objects:  50% (17/34)   [Kremote: Compressing objects:  52% (18/34)   [Kremote: Compressing objects:  55% (19/34)   [Kremote: Compressing objects:  58% (20/34)   [Kremote: Compressing objects:  61% (21/34)   [Kremote: Compressing objects:  64% (22/34)   [Kremote: Compressing objects:  67% (23/34)   [Kremote: Compressing objects:  70% (24/34)   [Kremote: Compressing objects:  73% (25/34)   [Kremote: Compressing objects:  76% (26/34)   [Kremote: Compressing objects:  79% (27/34)   [Kremote: Compressing objects:  82% (28/34)   [Kremote: Compressing objects:  85% (29/34)   [Kremote: Compressing objects:  88% (30/34)   [Kremote: Compressing objects:  91% (31/34)   [Kremote: Compressing objects:  94% (32/34)   [Kremote: Compressing objects:  97% (33/34)   [Kremote: Compressing objects: 100% (34/34)   [Kremote: Compressing objects: 100% (34/34), done.[K
Unpacking objects:   1% (1/69)   Unpacking objects:   2% (2/69)   Unpacking objects:   4% (3/69)   Unpacking objects:   5% (4/69)   Unpacking objects:   7% (5/69)   Unpacking objects:   8% (6/69)   Unpacking objects:  10% (7/69)   Unpacking objects:  11% (8/69)   Unpacking objects:  13% (9/69)   Unpacking objects:  14% (10/69)   Unpacking objects:  15% (11/69)   Unpacking objects:  17% (12/69)   Unpacking objects:  18% (13/69)   Unpacking objects:  20% (14/69)   Unpacking objects:  21% (15/69)   Unpacking objects:  23% (16/69)   Unpacking objects:  24% (17/69)   Unpacking objects:  26% (18/69)   Unpacking objects:  27% (19/69)   Unpacking objects:  28% (20/69)   Unpacking objects:  30% (21/69)   Unpacking objects:  31% (22/69)   Unpacking objects:  33% (23/69)   Unpacking objects:  34% (24/69)   remote: Total 69 (delta 24), reused 68 (delta 23)[K
Unpacking objects:  36% (25/69)   Unpacking objects:  37% (26/69)   Unpacking objects:  39% (27/69)   Unpacking objects:  40% (28/69)   Unpacking objects:  42% (29/69)   Unpacking objects:  43% (30/69)   Unpacking objects:  44% (31/69)   Unpacking objects:  46% (32/69)   Unpacking objects:  47% (33/69)   Unpacking objects:  49% (34/69)   Unpacking objects:  50% (35/69)   Unpacking objects:  52% (36/69)   Unpacking objects:  53% (37/69)   Unpacking objects:  55% (38/69)   Unpacking objects:  56% (39/69)   Unpacking objects:  57% (40/69)   Unpacking objects:  59% (41/69)   Unpacking objects:  60% (42/69)   Unpacking objects:  62% (43/69)   Unpacking objects:  63% (44/69)   Unpacking objects:  65% (45/69)   Unpacking objects:  66% (46/69)   Unpacking objects:  68% (47/69)   Unpacking objects:  69% (48/69)   Unpacking objects:  71% (49/69)   Unpacking objects:  72% (50/69)   Unpacking objects:  73% (51/69)   Unpacking objects:  75% (52/69)   Unpacking objects:  76% (53/69)   Unpacking objects:  78% (54/69)   Unpacking objects:  79% (55/69)   Unpacking objects:  81% (56/69)   Unpacking objects:  82% (57/69)   Unpacking objects:  84% (58/69)   Unpacking objects:  85% (59/69)   Unpacking objects:  86% (60/69)   Unpacking objects:  88% (61/69)   Unpacking objects:  89% (62/69)   Unpacking objects:  91% (63/69)   Unpacking objects:  92% (64/69)   Unpacking objects:  94% (65/69)   Unpacking objects:  95% (66/69)   Unpacking objects:  97% (67/69)   Unpacking objects:  98% (68/69)   Unpacking objects: 100% (69/69)   Unpacking objects: 100% (69/69), done.
From git://github.com/thinkaurelius/titan
 * branch            refs/pull/178/merge -> FETCH_HEAD
$ git checkout -qf FETCH_HEAD
$ jdk_switcher use openjdk6
Switching to OpenJDK6 (java-1.6.0-openjdk-amd64), JAVA_HOME will be set to /usr/lib/jvm/java-6-openjdk-amd64
update-alternatives: error: no alternatives for apt.
update-alternatives: error: no alternatives for mozilla-javaplugin.so.
update-java-alternatives: plugin alternative does not exist: /usr/lib/jvm/java-6-openjdk-amd64/jre/lib/amd64/IcedTeaPlugin.so
$ java -version
java version "1.6.0_27"
OpenJDK Runtime Environment (IcedTea6 1.12.3) (6b27-1.12.3-0ubuntu1~12.04.1)
OpenJDK 64-Bit Server VM (build 20.0-b12, mixed mode)
$ javac -version
javac 1.6.0_27
$ mvn install --quiet -DskipTests=true
[debug] execute contextualize
[debug] execute contextualize
[debug] execute contextualize
$ mvn test
[INFO] Scanning for projects...
[INFO] ------------------------------------------------------------------------
[INFO] Reactor Build Order:
[INFO] 
[INFO] Titan: Distributed Graph Database
[INFO] Titan-Core: Core Library for Titan
[INFO] Titan-Test: Test Suite for Titan
[INFO] Titan-BerkeleyJE: Distributed Graph Database
[INFO] Titan-Cassandra: Distributed Graph Database
[INFO] Titan-HBase: Distributed Graph Database
[INFO] Titan-All: Complete Titan Distribution
[INFO]                                                                         
[INFO] ------------------------------------------------------------------------
[INFO] Building Titan: Distributed Graph Database 0.2.1-SNAPSHOT
[INFO] ------------------------------------------------------------------------
[INFO] 
[INFO] --- maven-enforcer-plugin:1.0:enforce (enforce-maven) @ titan ---
[INFO]                                                                         
[INFO] ------------------------------------------------------------------------
[INFO] Building Titan-Core: Core Library for Titan 0.2.1-SNAPSHOT
[INFO] ------------------------------------------------------------------------
Downloading: https://repository.apache.org/snapshots/com/tinkerpop/blueprints/blueprints-core/2.3.0-SNAPSHOT/maven-metadata.xml
Downloading: https://repository.apache.org/snapshots/com/tinkerpop/blueprints/blueprints/2.3.0-SNAPSHOT/maven-metadata.xml
Downloading: https://repository.apache.org/snapshots/com/tinkerpop/gremlin/gremlin-groovy/2.3.0-SNAPSHOT/maven-metadata.xml
Downloading: https://repository.apache.org/snapshots/com/tinkerpop/gremlin/gremlin/2.3.0-SNAPSHOT/maven-metadata.xml
Downloading: https://repository.apache.org/snapshots/com/tinkerpop/gremlin/gremlin-java/2.3.0-SNAPSHOT/maven-metadata.xml
Downloading: https://repository.apache.org/snapshots/com/tinkerpop/pipes/2.3.0-SNAPSHOT/maven-metadata.xml
Downloading: https://repository.apache.org/snapshots/com/tinkerpop/rexster/rexster-core/2.3.0-SNAPSHOT/maven-metadata.xml
Downloading: https://repository.apache.org/snapshots/com/tinkerpop/rexster/rexster/2.3.0-SNAPSHOT/maven-metadata.xml
Downloading: https://repository.apache.org/snapshots/com/tinkerpop/rexster/rexster-server/2.3.0-SNAPSHOT/maven-metadata.xml
Downloading: https://repository.apache.org/snapshots/com/tinkerpop/rexster/rexster-protocol/2.3.0-SNAPSHOT/maven-metadata.xml
[INFO] 
[INFO] --- maven-enforcer-plugin:1.0:enforce (enforce-maven) @ titan-core ---
[INFO] 
[INFO] --- maven-resources-plugin:2.3:resources (default-resources) @ titan-core ---
[INFO] Using 'UTF-8' encoding to copy filtered resources.
[INFO] skip non existing resourceDirectory /home/travis/build/thinkaurelius/titan/titan-core/src/main/resources
[INFO] 
[INFO] --- maven-compiler-plugin:2.5.1:compile (default-compile) @ titan-core ---
[INFO] Nothing to compile - all classes are up to date
[INFO] 
[INFO] --- maven-resources-plugin:2.3:testResources (default-testResources) @ titan-core ---
[INFO] Using 'UTF-8' encoding to copy filtered resources.
[INFO] skip non existing resourceDirectory /home/travis/build/thinkaurelius/titan/titan-core/src/test/resources
[INFO] 
[INFO] --- maven-compiler-plugin:2.5.1:testCompile (default-testCompile) @ titan-core ---
[INFO] No sources to compile
[INFO] 
[INFO] --- maven-surefire-plugin:2.11:test (default-test) @ titan-core ---
[INFO] No tests to run.
[INFO] Surefire report directory: /home/travis/build/thinkaurelius/titan/titan-core/target/surefire-reports
Downloading: http://maven.mirrors.travis-ci.org/nexus/content/repositories/central/org/apache/maven/surefire/surefire-junit3/2.11/surefire-junit3-2.11.pom
2/2 KB            Downloaded: http://maven.mirrors.travis-ci.org/nexus/content/repositories/central/org/apache/maven/surefire/surefire-junit3/2.11/surefire-junit3-2.11.pom (2 KB at 3.1 KB/sec)
Downloading: http://maven.mirrors.travis-ci.org/nexus/content/repositories/central/org/apache/maven/surefire/surefire-providers/2.11/surefire-providers-2.11.pom
3/3 KB            Downloaded: http://maven.mirrors.travis-ci.org/nexus/content/repositories/central/org/apache/maven/surefire/surefire-providers/2.11/surefire-providers-2.11.pom (3 KB at 7.4 KB/sec)
Downloading: http://maven.mirrors.travis-ci.org/nexus/content/repositories/central/org/apache/maven/surefire/surefire-junit3/2.11/surefire-junit3-2.11.jar
4/26 KB   8/26 KB   9/26 KB   13/26 KB   17/26 KB   21/26 KB   24/26 KB   26/26 KB              Downloaded: http://maven.mirrors.travis-ci.org/nexus/content/repositories/central/org/apache/maven/surefire/surefire-junit3/2.11/surefire-junit3-2.11.jar (26 KB at 51.6 KB/sec)

-------------------------------------------------------
 T E S T S
-------------------------------------------------------

Results :

Tests run: 0, Failures: 0, Errors: 0, Skipped: 0

[INFO]                                                                         
[INFO] ------------------------------------------------------------------------
[INFO] Building Titan-Test: Test Suite for Titan 0.2.1-SNAPSHOT
[INFO] ------------------------------------------------------------------------
Downloading: https://repository.apache.org/snapshots/com/tinkerpop/blueprints/blueprints-test/2.3.0-SNAPSHOT/maven-metadata.xml
           [INFO] 
[INFO] --- maven-enforcer-plugin:1.0:enforce (enforce-maven) @ titan-test ---
[INFO] 
[INFO] --- maven-resources-plugin:2.3:resources (default-resources) @ titan-test ---
[INFO] Using 'UTF-8' encoding to copy filtered resources.
[INFO] skip non existing resourceDirectory /home/travis/build/thinkaurelius/titan/titan-test/src/main/resources
[INFO] 
[INFO] --- maven-compiler-plugin:2.5.1:compile (default-compile) @ titan-test ---
[INFO] Nothing to compile - all classes are up to date
[INFO] 
[INFO] --- maven-resources-plugin:2.3:testResources (default-testResources) @ titan-test ---
[INFO] Using 'UTF-8' encoding to copy filtered resources.
[INFO] Copying 2 resources
[INFO] 
[INFO] --- maven-compiler-plugin:2.5.1:testCompile (default-testCompile) @ titan-test ---
[INFO] Nothing to compile - all classes are up to date
[INFO] 
[INFO] --- maven-surefire-plugin:2.11:test (default-test) @ titan-test ---
[INFO] Surefire report directory: /home/travis/build/thinkaurelius/titan/titan-test/target/surefire-reports
Downloading: http://maven.mirrors.travis-ci.org/nexus/content/repositories/central/org/apache/maven/surefire/surefire-junit4/2.11/surefire-junit4-2.11.pom
3/3 KB              Downloaded: http://maven.mirrors.travis-ci.org/nexus/content/repositories/central/org/apache/maven/surefire/surefire-junit4/2.11/surefire-junit4-2.11.pom (3 KB at 8.2 KB/sec)
Downloading: http://maven.mirrors.travis-ci.org/nexus/content/repositories/central/org/apache/maven/surefire/surefire-junit4/2.11/surefire-junit4-2.11.jar
4/33 KB   8/33 KB   9/33 KB   13/33 KB   17/33 KB   21/33 KB   25/33 KB   27/33 KB   31/33 KB   33/33 KB              Downloaded: http://maven.mirrors.travis-ci.org/nexus/content/repositories/central/org/apache/maven/surefire/surefire-junit4/2.11/surefire-junit4-2.11.jar (33 KB at 63.7 KB/sec)

-------------------------------------------------------
 T E S T S
-------------------------------------------------------
Running com.thinkaurelius.titan.blueprints.InMemoryBlueprintsTest
Testing testVertexEquality...
	titaninmemoryblueprintsgraph[null]: 1 vertex added and retrieved in 18.73477099998854ms
Testing testVertexEqualityForSuppliedIdsAndHashCode...
Testing testBasicAddVertex...
Testing testGetVertexWithNull...
Testing testRemoveVertex...
Testing testRemoveVertexWithEdges...
Testing testGetNonExistantVertices...
Testing testRemoveVertexNullId...
	titaninmemoryblueprintsgraph[null]: 100 vertices added in 3.340565000020433ms
	titaninmemoryblueprintsgraph[null]: 100 vertices removed in 5.684966000029817ms
Testing testVertexIterator...
	titaninmemoryblueprintsgraph[null]: 1000 vertices added in 32.34181200002786ms
	titaninmemoryblueprintsgraph[null]: 1000 vertices counted in 2.414195999968797ms
Testing testLegalVertexEdgeIterables...
Testing testAddVertexProperties...
Testing testAddManyVertexProperties...
	titaninmemoryblueprintsgraph[null]: 750 vertex properties added (with vertices being added too) in 337.8135669999756ms
Testing testRemoveVertexProperties...
Testing testAddingIdProperty...
Testing testNoConcurrentModificationException...
Testing testGettingEdgesAndVertices...
Testing testEmptyKeyProperty...
Testing testVertexCentricLinking...
Testing testVertexCentricRemoving...
Testing testConcurrentModificationOnProperties...
Testing testSettingBadVertexProperties...
*** TOTAL TIME [VertexTestSuite]: 635.4932960000006 ***
Testing testNoConcurrentModificationException...
Testing testEmptyKeyProperty...
Testing testSettingBadVertexProperties...
Testing testEdgeEquality...
Testing testAddEdges...
	titaninmemoryblueprintsgraph[null]: 6 elements added and checked in 1.738214999961201ms
Testing testAddManyEdges...
	titaninmemoryblueprintsgraph[null]: 300 elements added in 52.07673600001726ms
	titaninmemoryblueprintsgraph[null]: 100 edges counted in 3.600638000003528ms
	titaninmemoryblueprintsgraph[null]: 200 vertices counted in 0.4137919999775477ms
	titaninmemoryblueprintsgraph[null]: 200 vertices checked in 9.007661000010557ms
Testing testRemoveManyEdges...
	titaninmemoryblueprintsgraph[null]: 20 vertices counted in 0.03460299997823313ms
	titaninmemoryblueprintsgraph[null]: 10 edges counted in 0.325544000021182ms
	titaninmemoryblueprintsgraph[null]: 10 edges removed and graph checked in 10.184513000014704ms
Testing testAddingDuplicateEdges...
Testing testRemoveEdgesByRemovingVertex...
Testing testRemoveEdges...
Testing testAddingSelfLoops...
Testing testRemoveSelfLoops...
Testing testEdgeIterator...
Testing testAddingRemovingEdgeProperties...
Testing testAddingLabelAndIdProperty...
Testing testEdgeCentricRemoving...
*** TOTAL TIME [EdgeTestSuite]: 106.59370799997123 ***
Testing testGettingVerticesAndEdgesWithKeyValue...
Testing testFeatureCompliance...
supportsDuplicateEdges: true
supportsSelfLoops: true
supportsSerializableObjectProperty: true
supportsBooleanProperty: true
supportsDoubleProperty: true
supportsFloatProperty: true
supportsIntegerProperty: true
supportsPrimitiveArrayProperty: true
supportsUniformListProperty: true
supportsMixedListProperty: true
supportsLongProperty: true
supportsMapProperty: true
supportsStringProperty: true
ignoresSuppliedIds: true
isPersistent: false
isRDFModel: false
isWrapper: false
supportsIndices: false
supportsVertexIndex: false
supportsEdgeIndex: false
supportsKeyIndices: true
supportsVertexKeyIndex: true
supportsEdgeKeyIndex: false
supportsEdgeIteration: true
supportsVertexIteration: true
supportsEdgeRetrieval: true
supportsVertexProperties: true
supportsEdgeProperties: true
supportsTransactions: false
supportsThreadedTransactions: false
Testing testEmptyOnConstruction...
Testing testStringRepresentation...
	titaninmemoryblueprintsgraph[null]: 1 graph string representation generated in 0.06229299999540672ms
Testing testStringRepresentationOfVertexId...
Testing testSemanticallyCorrectIterables...
Testing testAddingVerticesAndEdges...
Testing testSettingProperties...
Testing testDataTypeValidationOnProperties...
Testing testSimpleRemovingVerticesEdges...
Testing testRemovingEdges...
	titaninmemoryblueprintsgraph[null]: 100 vertices added in 2.1743099999730475ms
	titaninmemoryblueprintsgraph[null]: 200 edges added in 52.32849000004353ms
	titaninmemoryblueprintsgraph[null]: 200 edges deleted (with size check on each delete) in 108.48278000002028ms
Testing testRemovingVertices...
	titaninmemoryblueprintsgraph[null]: 500 vertices added in 9.385929999989457ms
	titaninmemoryblueprintsgraph[null]: 250 edges added in 50.44726499996614ms
	titaninmemoryblueprintsgraph[null]: 500 vertices deleted (with size check on each delete) in 76.17135000001872ms
Testing testConnectivityPatterns...
Testing testVertexEdgeLabels...
Testing testVertexEdgeLabels2...
Testing testTreeConnectivity...
	titaninmemoryblueprintsgraph[null]: 1464 vertices added in a tree structure in 123.43228300003102ms
	titaninmemoryblueprintsgraph[null]: 1464 vertices iterated in 3.7413090000045486ms
	titaninmemoryblueprintsgraph[null]: 1463 edges iterated in 6.434050999989267ms
Testing testConcurrentModification...
Testing testGraphDataPersists...
Testing testAutotypingOfProperties...
*** TOTAL TIME [GraphTestSuite]: 473.6346509999712 ***
Testing testVertexQuery...
Testing testGraphQueryForVertices...
Testing testGraphQueryForEdges...
*** TOTAL TIME [QueryTestSuite]: 21.402823999989778 ***
Testing testNoConcurrentModificationException...
Testing testAutoIndexKeyManagementWithPersistence...
	titaninmemoryblueprintsgraph[null]: 2 automatic index keys added in 0.6354639999917708ms
Testing testAutoIndexKeyDroppingWithPersistence...
	titaninmemoryblueprintsgraph[null]: 2 automatic index keys added in 0.24874399998225272ms
Testing testKeyIndicesConsistentWithElementRemoval...
*** TOTAL TIME [KeyIndexableGraphTestSuite]: 2.8384209999931045 ***
Testing testReadingTinkerGraph...
Testing testTinkerGraphEdges...
	titaninmemoryblueprintsgraph[null]: graph-example-1 loaded in 26.296212000015657ms
Testing testTinkerGraphVertices...
	titaninmemoryblueprintsgraph[null]: graph-example-1 loaded in 5.210969000007026ms
Testing testTinkerGraphSoftwareVertices...
	titaninmemoryblueprintsgraph[null]: graph-example-1 loaded in 5.262546000012662ms
Testing testTinkerGraphVertexAndEdges...
	titaninmemoryblueprintsgraph[null]: graph-example-1 loaded in 5.449105999956373ms
Testing testReadingTinkerGraphExample3...
Testing testReadingTinkerGraphExample3MappingLabels...
	titaninmemoryblueprintsgraph[null]: graph-example-3 loaded in 7.376944000017829ms
Testing testReadingTinkerGraphExample3MappingIDs...
	titaninmemoryblueprintsgraph[null]: graph-example-3 loaded in 7.324525000003632ms
Testing testReadingTinkerGraphExample3MappingAll...
	titaninmemoryblueprintsgraph[null]: graph-example-3 loaded in 7.059536999964621ms
Testing testMigratingTinkerGraphExample3...
Testing testAllGraphMLTypeCastsAndDataMappings...
*** TOTAL TIME [GraphMLReaderTestSuite]: 70.04550200002268 ***
Testing testReadingTinkerGraph...
Testing testTinkerGraphEdges...
	titaninmemoryblueprintsgraph[null]: graph-example-1 loaded in 5.570751000021119ms
Testing testTinkerGraphVertices...
	titaninmemoryblueprintsgraph[null]: graph-example-1 loaded in 3.2390899999882095ms
Testing testTinkerGraphSoftwareVertices...
	titaninmemoryblueprintsgraph[null]: graph-example-1 loaded in 3.213822000019718ms
Testing testTinkerGraphVertexAndEdges...
	titaninmemoryblueprintsgraph[null]: graph-example-1 loaded in 2.875798000022769ms
Testing testReadingTinkerGraphExample3...
Testing testReadingTinkerGraphExample3MappingLabels...
	titaninmemoryblueprintsgraph[null]: graph-example-3 loaded in 4.2992230000090785ms
Testing testReadingTinkerGraphExample3MappingIDs...
	titaninmemoryblueprintsgraph[null]: graph-example-3 loaded in 3.8946199999772944ms
Testing testReadingTinkerGraphExample3MappingAll...
	titaninmemoryblueprintsgraph[null]: graph-example-3 loaded in 3.469462000008207ms
Testing testMigratingTinkerGraphExample3...
*** TOTAL TIME [GMLReaderTestSuite]: 32.89022699999623 ***
Tests run: 7, Failures: 0, Errors: 0, Skipped: 0, Time elapsed: 1.382 sec
Running com.thinkaurelius.titan.graphdb.loading.EdgeLoadingTest
Tests run: 1, Failures: 0, Errors: 0, Skipped: 0, Time elapsed: 0.013 sec
Running com.thinkaurelius.titan.graphdb.serializer.KryoTest
Tests run: 4, Failures: 0, Errors: 0, Skipped: 0, Time elapsed: 0.042 sec
Running com.thinkaurelius.titan.graphdb.serializer.SerializerTest
Tests run: 8, Failures: 0, Errors: 0, Skipped: 0, Time elapsed: 1.377 sec
Running com.thinkaurelius.titan.util.datastructures.BitMapTest
Tests run: 1, Failures: 0, Errors: 0, Skipped: 0, Time elapsed: 0.001 sec
Running com.thinkaurelius.titan.graphdb.idmanagement.IDManagementTest
Tests run: 3, Failures: 0, Errors: 0, Skipped: 0, Time elapsed: 1.287 sec
Running com.thinkaurelius.titan.graphdb.idmanagement.VariableLongTest
Writing 10000000 longs in 65567319 bytes. in time: 2474
Writing 1000000 longs in 2983488 bytes. in time: 149
Tests run: 5, Failures: 0, Errors: 0, Skipped: 0, Time elapsed: 3.331 sec
Running com.thinkaurelius.titan.diskstorage.locking.LocalLockMediatorTest
Tests run: 1, Failures: 0, Errors: 0, Skipped: 0, Time elapsed: 0.145 sec
Running com.thinkaurelius.titan.diskstorage.util.StorageFeaturesTest
Tests run: 1, Failures: 0, Errors: 0, Skipped: 0, Time elapsed: 0 sec
Running com.thinkaurelius.titan.tinkerpop.gremlin.ScriptExecutorTest
Tests run: 1, Failures: 0, Errors: 0, Skipped: 0, Time elapsed: 0.001 sec
Running com.thinkaurelius.titan.graphdb.serializer.ByteBufferTest
Tests run: 3, Failures: 0, Errors: 0, Skipped: 0, Time elapsed: 0.242 sec
Running com.thinkaurelius.titan.util.datastructures.RandomRemovalListTest
Tests run: 3, Failures: 0, Errors: 0, Skipped: 0, Time elapsed: 0.93 sec
Running com.thinkaurelius.titan.graphdb.idmanagement.IDPoolTest
Tests run: 3, Failures: 0, Errors: 0, Skipped: 0, Time elapsed: 1.229 sec
Running com.thinkaurelius.titan.graphdb.idmanagement.VertexIDAssignerTest
Partition: false
partitionMax: 2147483647
localPartition: null
Partition: true
partitionMax: 2147483647
localPartition: null
Partition: true
partitionMax: 2147483647
localPartition: [0, 2000]
Partition: true
partitionMax: 2147483647
localPartition: [-100000, -1]
Partition: true
partitionMax: 2147483647
localPartition: [-10000, 10000]
Partition: true
partitionMax: 100
localPartition: null
Partition: true
partitionMax: 100
localPartition: [0, 2000]
Partition: true
partitionMax: 100
localPartition: [-100000, -1]
Partition: true
partitionMax: 100
localPartition: [-10000, 10000]
Tests run: 9, Failures: 0, Errors: 0, Skipped: 0, Time elapsed: 3.548 sec
Running com.thinkaurelius.titan.tinkerpop.rexster.TitanGraphConfigurationTest
Tests run: 1, Failures: 0, Errors: 0, Skipped: 0, Time elapsed: 0.073 sec

Results :

Tests run: 51, Failures: 0, Errors: 0, Skipped: 0

[INFO]                                                                         
[INFO] ------------------------------------------------------------------------
[INFO] Building Titan-BerkeleyJE: Distributed Graph Database 0.2.1-SNAPSHOT
[INFO] ------------------------------------------------------------------------
[INFO] 
[INFO] --- maven-enforcer-plugin:1.0:enforce (enforce-maven) @ titan-berkeleyje ---
[INFO] 
[INFO] --- maven-resources-plugin:2.3:resources (default-resources) @ titan-berkeleyje ---
[INFO] Using 'UTF-8' encoding to copy filtered resources.
[INFO] Copying 2 resources
[INFO] 
[INFO] --- maven-compiler-plugin:2.5.1:compile (default-compile) @ titan-berkeleyje ---
[INFO] Nothing to compile - all classes are up to date
[INFO] 
[INFO] --- maven-resources-plugin:2.3:testResources (default-testResources) @ titan-berkeleyje ---
[INFO] Using 'UTF-8' encoding to copy filtered resources.
[INFO] Copying 2 resources
[INFO] 
[INFO] --- maven-compiler-plugin:2.5.1:testCompile (default-testCompile) @ titan-berkeleyje ---
[INFO] Nothing to compile - all classes are up to date
[INFO] 
[INFO] --- maven-surefire-plugin:2.12.1:test (default-test) @ titan-berkeleyje ---
[INFO] Surefire report directory: /home/travis/build/thinkaurelius/titan/titan-berkeleyje/target/surefire-reports
Downloading: http://maven.mirrors.travis-ci.org/nexus/content/repositories/central/org/apache/maven/surefire/surefire-junit4/2.12.1/surefire-junit4-2.12.1.pom
3/3 KB              Downloaded: http://maven.mirrors.travis-ci.org/nexus/content/repositories/central/org/apache/maven/surefire/surefire-junit4/2.12.1/surefire-junit4-2.12.1.pom (3 KB at 7.8 KB/sec)
Downloading: http://maven.mirrors.travis-ci.org/nexus/content/repositories/central/org/apache/maven/surefire/surefire-providers/2.12.1/surefire-providers-2.12.1.pom
3/3 KB            Downloaded: http://maven.mirrors.travis-ci.org/nexus/content/repositories/central/org/apache/maven/surefire/surefire-providers/2.12.1/surefire-providers-2.12.1.pom (3 KB at 7.6 KB/sec)
Downloading: http://maven.mirrors.travis-ci.org/nexus/content/repositories/central/org/apache/maven/surefire/surefire-junit4/2.12.1/surefire-junit4-2.12.1.jar
4/34 KB   8/34 KB   9/34 KB   13/34 KB   17/34 KB   21/34 KB   23/34 KB   27/34 KB   31/34 KB   34/34 KB              Downloaded: http://maven.mirrors.travis-ci.org/nexus/content/repositories/central/org/apache/maven/surefire/surefire-junit4/2.12.1/surefire-junit4-2.12.1.jar (34 KB at 67.3 KB/sec)

-------------------------------------------------------
 T E S T S
-------------------------------------------------------
Running com.thinkaurelius.titan.diskstorage.berkeleyje.BerkeleyJEKeyValueTest
Tests run: 7, Failures: 0, Errors: 0, Skipped: 0, Time elapsed: 3.605 sec
Running com.thinkaurelius.titan.diskstorage.berkeleyje.BerkeleyJeHashKeyColumnValueTest
Loading time (ms): 2069
Reading time (ms): 589
Tests run: 17, Failures: 0, Errors: 0, Skipped: 0, Time elapsed: 9.79 sec
Running com.thinkaurelius.titan.diskstorage.berkeleyje.BerkeleyDBjeKeyColumnValueTest
Loading time (ms): 1916
Reading time (ms): 356
Tests run: 17, Failures: 0, Errors: 0, Skipped: 0, Time elapsed: 8.176 sec
Running com.thinkaurelius.titan.blueprints.BerkeleyJEBlueprintsTest
Testing testVertexEquality...
	titangraph[berkeleyje:/tmp/titan-test/standard]: 1 vertex added and retrieved in 43.406789000029676ms
Testing testVertexEqualityForSuppliedIdsAndHashCode...
Testing testBasicAddVertex...
Testing testGetVertexWithNull...
Testing testRemoveVertex...
Testing testRemoveVertexWithEdges...
Testing testGetNonExistantVertices...
Testing testRemoveVertexNullId...
	titangraph[berkeleyje:/tmp/titan-test/standard]: 100 vertices added in 8.943815000005998ms
	titangraph[berkeleyje:/tmp/titan-test/standard]: 100 vertices removed in 7.15275400003884ms
Testing testVertexIterator...
	titangraph[berkeleyje:/tmp/titan-test/standard]: 1000 vertices added in 74.22588100004941ms
	titangraph[berkeleyje:/tmp/titan-test/standard]: 1000 vertices counted in 2.838863000040874ms
Testing testLegalVertexEdgeIterables...
Testing testAddVertexProperties...
Testing testAddManyVertexProperties...
	titangraph[berkeleyje:/tmp/titan-test/standard]: 750 vertex properties added (with vertices being added too) in 1232.9611540000187ms
Testing testRemoveVertexProperties...
Testing testAddingIdProperty...
Testing testNoConcurrentModificationException...
Testing testGettingEdgesAndVertices...
Testing testEmptyKeyProperty...
Testing testVertexCentricLinking...
Testing testVertexCentricRemoving...
Testing testConcurrentModificationOnProperties...
Testing testSettingBadVertexProperties...
*** TOTAL TIME [VertexTestSuite]: 5314.889198999968 ***
Testing testNoConcurrentModificationException...
Testing testEmptyKeyProperty...
Testing testSettingBadVertexProperties...
Testing testEdgeEquality...
Testing testAddEdges...
	titangraph[berkeleyje:/tmp/titan-test/standard]: 6 elements added and checked in 37.583479999913834ms
Testing testAddManyEdges...
	titangraph[berkeleyje:/tmp/titan-test/standard]: 300 elements added in 141.05467700003646ms
	titangraph[berkeleyje:/tmp/titan-test/standard]: 100 edges counted in 3.720924999914132ms
	titangraph[berkeleyje:/tmp/titan-test/standard]: 200 vertices counted in 0.33891799999400973ms
	titangraph[berkeleyje:/tmp/titan-test/standard]: 200 vertices checked in 8.362734000082128ms
Testing testGetEdges...
	titangraph[berkeleyje:/tmp/titan-test/standard]: 3 edges retrieved in 1.2209909999510273ms
Testing testGetNonExistantEdges...
Testing testRemoveManyEdges...
	titangraph[berkeleyje:/tmp/titan-test/standard]: 20 vertices counted in 0.17044700006954372ms
	titangraph[berkeleyje:/tmp/titan-test/standard]: 10 edges counted in 0.4447129999753088ms
	titangraph[berkeleyje:/tmp/titan-test/standard]: 10 edges removed and graph checked in 9.625774999964051ms
Testing testAddingDuplicateEdges...
Testing testRemoveEdgesByRemovingVertex...
Testing testRemoveEdges...
Testing testAddingSelfLoops...
Testing testRemoveSelfLoops...
Testing testEdgeIterator...
Testing testAddingRemovingEdgeProperties...
Testing testAddingLabelAndIdProperty...
Testing testEdgeCentricRemoving...
*** TOTAL TIME [EdgeTestSuite]: 3638.453643999994 ***
Testing testFeatureCompliance...
supportsDuplicateEdges: true
supportsSelfLoops: true
supportsSerializableObjectProperty: true
supportsBooleanProperty: true
supportsDoubleProperty: true
supportsFloatProperty: true
supportsIntegerProperty: true
supportsPrimitiveArrayProperty: true
supportsUniformListProperty: true
supportsMixedListProperty: true
supportsLongProperty: true
supportsMapProperty: true
supportsStringProperty: true
ignoresSuppliedIds: true
isPersistent: true
isRDFModel: false
isWrapper: false
supportsIndices: false
supportsVertexIndex: false
supportsEdgeIndex: false
supportsKeyIndices: true
supportsVertexKeyIndex: true
supportsEdgeKeyIndex: false
supportsEdgeIteration: true
supportsVertexIteration: true
supportsEdgeRetrieval: true
supportsVertexProperties: true
supportsEdgeProperties: true
supportsTransactions: true
supportsThreadedTransactions: true
Testing testEmptyOnConstruction...
Testing testStringRepresentationOfVertexId...
Testing testSemanticallyCorrectIterables...
Testing testGettingVerticesAndEdgesWithKeyValue...
Testing testAddingVerticesAndEdges...
Testing testSettingProperties...
Testing testDataTypeValidationOnProperties...
Testing testSimpleRemovingVerticesEdges...
Testing testRemovingEdges...
	titangraph[berkeleyje:/tmp/titan-test/standard]: 100 vertices added in 6.907940999954008ms
	titangraph[berkeleyje:/tmp/titan-test/standard]: 200 edges added in 303.6610019999789ms
	titangraph[berkeleyje:/tmp/titan-test/standard]: 200 edges deleted (with size check on each delete) in 95.36547800002154ms
Testing testRemovingVertices...
	titangraph[berkeleyje:/tmp/titan-test/standard]: 500 vertices added in 138.20734399999492ms
	titangraph[berkeleyje:/tmp/titan-test/standard]: 250 edges added in 632.0104989999672ms
	titangraph[berkeleyje:/tmp/titan-test/standard]: 500 vertices deleted (with size check on each delete) in 113.83443899999838ms
Testing testConnectivityPatterns...
Testing testVertexEdgeLabels...
Testing testVertexEdgeLabels2...
Testing testTreeConnectivity...
	titangraph[berkeleyje:/tmp/titan-test/standard]: 1464 vertices added in a tree structure in 198.44376599998213ms
	titangraph[berkeleyje:/tmp/titan-test/standard]: 1464 vertices iterated in 0.9285160000436008ms
	titangraph[berkeleyje:/tmp/titan-test/standard]: 1463 edges iterated in 2.8019290000665933ms
Testing testConcurrentModification...
Testing testGraphDataPersists...
	titangraph[berkeleyje:/tmp/titan-test/standard]: 1 graph loaded in 13.09438499994576ms
Testing testAutotypingOfProperties...
*** TOTAL TIME [GraphTestSuite]: 4415.5305630000075 ***
Testing testVertexQuery...
Testing testGraphQueryForVertices...
Testing testGraphQueryForEdges...
*** TOTAL TIME [QueryTestSuite]: 108.89016299997456 ***
Testing testNoConcurrentModificationException...
Testing testGettingVerticesAndEdgesWithKeyValue...
Testing testAutoIndexKeyManagementWithPersistence...
	titangraph[berkeleyje:/tmp/titan-test/standard]: 2 automatic index keys added in 1.1520530000561848ms
Testing testKeyIndicesConsistentWithElementRemoval...
*** TOTAL TIME [KeyIndexableGraphTestSuite]: 148.62481800001115 ***
Testing testCompetingThreads...
Testing testCompetingThreadsOnMultipleDbInstances...
Testing testTrue...
Testing testRepeatedTransactionStopException...
Testing testAutoStartTransaction...
Testing testTransactionsForVertices...
	titangraph[berkeleyje:/tmp/titan-test/standard]: 1 vertex not added in failed transaction in 0.4374969999771565ms
	titangraph[berkeleyje:/tmp/titan-test/standard]: 1 vertex added in successful transaction in 0.6743830000050366ms
Testing testBasicVertexEdgeTransactions...
Testing testBruteVertexTransactions...
	titangraph[berkeleyje:/tmp/titan-test/standard]: 100 vertices added in 100 successful transactions in 40.448405000031926ms
	titangraph[berkeleyje:/tmp/titan-test/standard]: 100 vertices not added in 100 failed transactions in 9.550347000011243ms
	titangraph[berkeleyje:/tmp/titan-test/standard]: 100 vertices added in 1 successful transactions in 10.567313999985345ms
	titangraph[berkeleyje:/tmp/titan-test/standard]: 100 vertices not added in 1 failed transactions in 8.76477100001648ms
Testing testTransactionsForEdges...
	titangraph[berkeleyje:/tmp/titan-test/standard]: 1 edge not added in failed transaction (w/ iteration) in 2.248120000003837ms
	titangraph[berkeleyje:/tmp/titan-test/standard]: 1 edge added in successful transaction (w/ iteration) in 1.0764999999664724ms
Testing testBruteEdgeTransactions...
	titangraph[berkeleyje:/tmp/titan-test/standard]: 100 edges added in 100 successful transactions (2 vertices added for each edge) in 50.22798700002022ms
	titangraph[berkeleyje:/tmp/titan-test/standard]: 100 edges not added in 100 failed transactions (2 vertices added for each edge) in 15.654581999988295ms
	titangraph[berkeleyje:/tmp/titan-test/standard]: 100 edges added in 1 successful transactions (2 vertices added for each edge) in 25.714749000035226ms
	titangraph[berkeleyje:/tmp/titan-test/standard]: 100 edges not added in 1 failed transactions (2 vertices added for each edge) in 18.451273999991827ms
Testing testPropertyTransactions...
	titangraph[berkeleyje:/tmp/titan-test/standard]: 1 vertex added with string property in a successful transaction in 2.147415000014007ms
	titangraph[berkeleyje:/tmp/titan-test/standard]: 1 integer property not added in a failed transaction in 0.5859349999809638ms
	titangraph[berkeleyje:/tmp/titan-test/standard]: 2 vertex properties checked in a successful transaction in 0.20782600005622953ms
	titangraph[berkeleyje:/tmp/titan-test/standard]: 1 edge property added and checked in a successful transaction in 1.510761999990791ms
	titangraph[berkeleyje:/tmp/titan-test/standard]: 1 edge property added and checked in a failed transaction in 0.22766000009141862ms
Testing testIndexTransactions...
Testing testAutomaticSuccessfulTransactionOnShutdown...
Testing testVertexCountOnPreTransactionCommit...
Testing testBulkTransactionsOnEdges...
Testing testTransactionIsolationCommitCheck...
added vertex
reading vertex before tx
read vertex before tx
Testing testRemoveInTransaction...
*** TOTAL TIME [TransactionalTitanGraphTestSuite]: 1266.6633200000506 ***
Testing testVertexReattachment...
*** TOTAL TIME [TitanSpecificBlueprintsTestSuite]: 64.95710600004531 ***
Testing testReadingTinkerGraph...
Testing testTinkerGraphEdges...
	titangraph[berkeleyje:/tmp/titan-test/standard]: graph-example-1 loaded in 28.350934999994934ms
Testing testTinkerGraphVertices...
	titangraph[berkeleyje:/tmp/titan-test/standard]: graph-example-1 loaded in 12.314962000004016ms
Testing testTinkerGraphSoftwareVertices...
	titangraph[berkeleyje:/tmp/titan-test/standard]: graph-example-1 loaded in 10.57261999999173ms
Testing testTinkerGraphVertexAndEdges...
	titangraph[berkeleyje:/tmp/titan-test/standard]: graph-example-1 loaded in 11.818465000018477ms
Testing testReadingTinkerGraphExample3...
Testing testReadingTinkerGraphExample3MappingLabels...
	titangraph[berkeleyje:/tmp/titan-test/standard]: graph-example-3 loaded in 13.18562500004191ms
Testing testReadingTinkerGraphExample3MappingIDs...
	titangraph[berkeleyje:/tmp/titan-test/standard]: graph-example-3 loaded in 11.023581000044942ms
Testing testReadingTinkerGraphExample3MappingAll...
	titangraph[berkeleyje:/tmp/titan-test/standard]: graph-example-3 loaded in 10.916156999999657ms
Testing testMigratingTinkerGraphExample3...
Testing testAllGraphMLTypeCastsAndDataMappings...
*** TOTAL TIME [GraphMLReaderTestSuite]: 408.92198099999223 ***
Testing testReadingTinkerGraph...
Testing testTinkerGraphEdges...
	titangraph[berkeleyje:/tmp/titan-test/standard]: graph-example-1 loaded in 214.48844600003213ms
Testing testTinkerGraphVertices...
	titangraph[berkeleyje:/tmp/titan-test/standard]: graph-example-1 loaded in 6.849151999922469ms
Testing testTinkerGraphSoftwareVertices...
	titangraph[berkeleyje:/tmp/titan-test/standard]: graph-example-1 loaded in 8.18050600006245ms
Testing testTinkerGraphVertexAndEdges...
	titangraph[berkeleyje:/tmp/titan-test/standard]: graph-example-1 loaded in 8.333066999912262ms
*** TOTAL TIME [GraphSONReaderTestSuite]: 384.14725699997507 ***
Testing testReadingTinkerGraph...
Testing testTinkerGraphEdges...
	titangraph[berkeleyje:/tmp/titan-test/standard]: graph-example-1 loaded in 10.15882800007239ms
Testing testTinkerGraphVertices...
	titangraph[berkeleyje:/tmp/titan-test/standard]: graph-example-1 loaded in 6.538724999991246ms
Testing testTinkerGraphSoftwareVertices...
	titangraph[berkeleyje:/tmp/titan-test/standard]: graph-example-1 loaded in 6.275458000018261ms
Testing testTinkerGraphVertexAndEdges...
	titangraph[berkeleyje:/tmp/titan-test/standard]: graph-example-1 loaded in 6.366029000026174ms
Testing testReadingTinkerGraphExample3...
Testing testReadingTinkerGraphExample3MappingLabels...
	titangraph[berkeleyje:/tmp/titan-test/standard]: graph-example-3 loaded in 7.821455999976024ms
Testing testReadingTinkerGraphExample3MappingIDs...
	titangraph[berkeleyje:/tmp/titan-test/standard]: graph-example-3 loaded in 7.47002899996005ms
Testing testReadingTinkerGraphExample3MappingAll...
	titangraph[berkeleyje:/tmp/titan-test/standard]: graph-example-3 loaded in 7.592473999946378ms
Testing testMigratingTinkerGraphExample3...
*** TOTAL TIME [GMLReaderTestSuite]: 309.3326230000239 ***
Tests run: 10, Failures: 0, Errors: 0, Skipped: 0, Time elapsed: 16.08 sec
Running com.thinkaurelius.titan.diskstorage.berkeleyje.BerkeleyDBjeKeyColumnValueVariableTest
Loading time (ms): 2203
Reading time (ms): 375
Tests run: 17, Failures: 0, Errors: 0, Skipped: 0, Time elapsed: 7.918 sec
Running com.thinkaurelius.titan.tinkerpop.rexster.RexsterServerClientBerkeleyJeTest
Tests run: 1, Failures: 0, Errors: 0, Skipped: 0, Time elapsed: 1.796 sec
Running com.thinkaurelius.titan.graphdb.berkeleyje.BerkeleyJEGraphTest
java.util.GregorianCalendar[time=278380800000,areFieldsSet=true,areAllFieldsSet=true,lenient=true,zone=sun.util.calendar.ZoneInfo[id="Etc/UTC",offset=0,dstSavings=0,useDaylight=false,transitions=0,lastRule=null],firstDayOfWeek=1,minimalDaysInFirstWeek=1,ERA=1,YEAR=1978,MONTH=9,WEEK_OF_YEAR=43,WEEK_OF_MONTH=4,DAY_OF_MONTH=28,DAY_OF_YEAR=301,DAY_OF_WEEK=7,DAY_OF_WEEK_IN_MONTH=4,AM_PM=0,HOUR=0,HOUR_OF_DAY=0,MINUTE=0,SECOND=0,MILLISECOND=0,ZONE_OFFSET=0,DST_OFFSET=0]
java.util.GregorianCalendar[time=278380800000,areFieldsSet=true,areAllFieldsSet=true,lenient=true,zone=sun.util.calendar.ZoneInfo[id="Etc/UTC",offset=0,dstSavings=0,useDaylight=false,transitions=0,lastRule=null],firstDayOfWeek=1,minimalDaysInFirstWeek=1,ERA=1,YEAR=1978,MONTH=9,WEEK_OF_YEAR=43,WEEK_OF_MONTH=4,DAY_OF_MONTH=28,DAY_OF_YEAR=301,DAY_OF_WEEK=7,DAY_OF_WEEK_IN_MONTH=4,AM_PM=0,HOUR=0,HOUR_OF_DAY=0,MINUTE=0,SECOND=0,MILLISECOND=0,ZONE_OFFSET=0,DST_OFFSET=0]
Tests run: 17, Failures: 0, Errors: 0, Skipped: 0, Time elapsed: 3.643 sec

Results :

Tests run: 86, Failures: 0, Errors: 0, Skipped: 0

[INFO]                                                                         
[INFO] ------------------------------------------------------------------------
[INFO] Building Titan-Cassandra: Distributed Graph Database 0.2.1-SNAPSHOT
[INFO] ------------------------------------------------------------------------
[INFO] 
[INFO] --- maven-enforcer-plugin:1.0:enforce (enforce-maven) @ titan-cassandra ---
[INFO] 
[INFO] --- maven-resources-plugin:2.5:resources (default-resources) @ titan-cassandra ---
[debug] execute contextualize
[INFO] Using 'UTF-8' encoding to copy filtered resources.
[INFO] Copying 2 resources
[INFO] 
[INFO] --- maven-compiler-plugin:2.5.1:compile (default-compile) @ titan-cassandra ---
[INFO] Nothing to compile - all classes are up to date
[INFO] 
[INFO] --- maven-resources-plugin:2.5:testResources (default-testResources) @ titan-cassandra ---
[debug] execute contextualize
[INFO] Using 'UTF-8' encoding to copy filtered resources.
[INFO] Copying 2 resources
[INFO] 
[INFO] --- maven-resources-plugin:2.5:copy-resources (copy-resources-127.0.0.1) @ titan-cassandra ---
[debug] execute contextualize
[INFO] Using 'UTF-8' encoding to copy filtered resources.
[INFO] Copying 7 resources
[INFO] 
[INFO] --- maven-compiler-plugin:2.5.1:testCompile (default-testCompile) @ titan-cassandra ---
[INFO] Nothing to compile - all classes are up to date
[INFO] 
[INFO] --- maven-surefire-plugin:2.12.1:test (default-test) @ titan-cassandra ---
[INFO] Surefire report directory: /home/travis/build/thinkaurelius/titan/titan-cassandra/target/surefire-reports

-------------------------------------------------------
 T E S T S
-------------------------------------------------------

-------------------------------------------------------
 T E S T S
-------------------------------------------------------
Running com.thinkaurelius.titan.graphdb.embedded.InternalCassandraEmbeddedGraphTest
java.util.GregorianCalendar[time=278380800000,areFieldsSet=true,areAllFieldsSet=true,lenient=true,zone=sun.util.calendar.ZoneInfo[id="Etc/UTC",offset=0,dstSavings=0,useDaylight=false,transitions=0,lastRule=null],firstDayOfWeek=1,minimalDaysInFirstWeek=1,ERA=1,YEAR=1978,MONTH=9,WEEK_OF_YEAR=43,WEEK_OF_MONTH=4,DAY_OF_MONTH=28,DAY_OF_YEAR=301,DAY_OF_WEEK=7,DAY_OF_WEEK_IN_MONTH=4,AM_PM=0,HOUR=0,HOUR_OF_DAY=0,MINUTE=0,SECOND=0,MILLISECOND=0,ZONE_OFFSET=0,DST_OFFSET=0]
java.util.GregorianCalendar[time=278380800000,areFieldsSet=true,areAllFieldsSet=true,lenient=true,zone=sun.util.calendar.ZoneInfo[id="Etc/UTC",offset=0,dstSavings=0,useDaylight=false,transitions=0,lastRule=null],firstDayOfWeek=1,minimalDaysInFirstWeek=1,ERA=1,YEAR=1978,MONTH=9,WEEK_OF_YEAR=43,WEEK_OF_MONTH=4,DAY_OF_MONTH=28,DAY_OF_YEAR=301,DAY_OF_WEEK=7,DAY_OF_WEEK_IN_MONTH=4,AM_PM=0,HOUR=0,HOUR_OF_DAY=0,MINUTE=0,SECOND=0,MILLISECOND=0,ZONE_OFFSET=0,DST_OFFSET=0]
Tests run: 17, Failures: 0, Errors: 0, Skipped: 0, Time elapsed: 52.839 sec
Running com.thinkaurelius.titan.blueprints.EmbeddedCassandraBlueprintsTest
Testing testVertexEquality...
	titangraph[embeddedcassandra:null]: 1 vertex added and retrieved in 640.9687749999575ms
Testing testVertexEqualityForSuppliedIdsAndHashCode...
Testing testBasicAddVertex...
Testing testGetVertexWithNull...
Testing testRemoveVertex...
Testing testRemoveVertexWithEdges...
Testing testGetNonExistantVertices...
Testing testRemoveVertexNullId...
	titangraph[embeddedcassandra:null]: 100 vertices added in 8.850701999966986ms
	titangraph[embeddedcassandra:null]: 100 vertices removed in 6.8666299999458715ms
Testing testVertexIterator...
	titangraph[embeddedcassandra:null]: 1000 vertices added in 695.15135499998ms
	titangraph[embeddedcassandra:null]: 1000 vertices counted in 2.255250000045635ms
Testing testLegalVertexEdgeIterables...
Testing testAddVertexProperties...
Testing testAddManyVertexProperties...
	titangraph[embeddedcassandra:null]: 750 vertex properties added (with vertices being added too) in 19783.44592800003ms
Testing testRemoveVertexProperties...
Testing testAddingIdProperty...
Testing testNoConcurrentModificationException...
Testing testGettingEdgesAndVertices...
Testing testEmptyKeyProperty...
Testing testVertexCentricLinking...
Testing testVertexCentricRemoving...
Testing testConcurrentModificationOnProperties...
Testing testSettingBadVertexProperties...
*** TOTAL TIME [VertexTestSuite]: 64854.6514010001 ***
Testing testNoConcurrentModificationException...
Testing testEmptyKeyProperty...
Testing testSettingBadVertexProperties...
Testing testEdgeEquality...
Testing testAddEdges...
	titangraph[embeddedcassandra:null]: 6 elements added and checked in 915.2604610000271ms
Testing testAddManyEdges...
	titangraph[embeddedcassandra:null]: 300 elements added in 3362.509810000076ms
	titangraph[embeddedcassandra:null]: 100 edges counted in 3.911193000036292ms
	titangraph[embeddedcassandra:null]: 200 vertices counted in 0.804439999978058ms
	titangraph[embeddedcassandra:null]: 200 vertices checked in 8.754076999961399ms
Testing testGetEdges...
	titangraph[embeddedcassandra:null]: 3 edges retrieved in 1.4916830000001937ms
Testing testGetNonExistantEdges...
Testing testRemoveManyEdges...
	titangraph[embeddedcassandra:null]: 20 vertices counted in 1.0046989999245852ms
	titangraph[embeddedcassandra:null]: 10 edges counted in 1.0402679999824613ms
	titangraph[embeddedcassandra:null]: 10 edges removed and graph checked in 19.9670230000047ms
Testing testAddingDuplicateEdges...
Testing testRemoveEdgesByRemovingVertex...
Testing testRemoveEdges...
Testing testAddingSelfLoops...
Testing testRemoveSelfLoops...
Testing testEdgeIterator...
Testing testAddingRemovingEdgeProperties...
Testing testAddingLabelAndIdProperty...
Testing testEdgeCentricRemoving...
*** TOTAL TIME [EdgeTestSuite]: 53424.21207899996 ***
Testing testFeatureCompliance...
supportsDuplicateEdges: true
supportsSelfLoops: true
supportsSerializableObjectProperty: true
supportsBooleanProperty: true
supportsDoubleProperty: true
supportsFloatProperty: true
supportsIntegerProperty: true
supportsPrimitiveArrayProperty: true
supportsUniformListProperty: true
supportsMixedListProperty: true
supportsLongProperty: true
supportsMapProperty: true
supportsStringProperty: true
ignoresSuppliedIds: true
isPersistent: true
isRDFModel: false
isWrapper: false
supportsIndices: false
supportsVertexIndex: false
supportsEdgeIndex: false
supportsKeyIndices: true
supportsVertexKeyIndex: true
supportsEdgeKeyIndex: false
supportsEdgeIteration: true
supportsVertexIteration: true
supportsEdgeRetrieval: true
supportsVertexProperties: true
supportsEdgeProperties: true
supportsTransactions: true
supportsThreadedTransactions: true
Testing testEmptyOnConstruction...
Testing testStringRepresentationOfVertexId...
Testing testSemanticallyCorrectIterables...
Testing testGettingVerticesAndEdgesWithKeyValue...
Testing testAddingVerticesAndEdges...
Testing testSettingProperties...
Testing testDataTypeValidationOnProperties...
Testing testSimpleRemovingVerticesEdges...
Testing testRemovingEdges...
	titangraph[embeddedcassandra:null]: 100 vertices added in 612.5230420000153ms
	titangraph[embeddedcassandra:null]: 200 edges added in 5159.723725000047ms
	titangraph[embeddedcassandra:null]: 200 edges deleted (with size check on each delete) in 261.3807660000166ms
Testing testRemovingVertices...
	titangraph[embeddedcassandra:null]: 500 vertices added in 629.9650689999107ms
	titangraph[embeddedcassandra:null]: 250 edges added in 6382.1049930000445ms
	titangraph[embeddedcassandra:null]: 500 vertices deleted (with size check on each delete) in 481.6183120000642ms
Testing testConnectivityPatterns...
Testing testVertexEdgeLabels...
Testing testVertexEdgeLabels2...
Testing testTreeConnectivity...
	titangraph[embeddedcassandra:null]: 1464 vertices added in a tree structure in 1180.679247999913ms
	titangraph[embeddedcassandra:null]: 1464 vertices iterated in 1.9445430000778288ms
	titangraph[embeddedcassandra:null]: 1463 edges iterated in 4.2808720000321046ms
Testing testConcurrentModification...
Testing testGraphDataPersists...
	titangraph[embeddedcassandra:null]: 1 graph loaded in 4.025915000005625ms
Testing testAutotypingOfProperties...
*** TOTAL TIME [GraphTestSuite]: 57763.34709299996 ***
Testing testVertexQuery...
Testing testGraphQueryForVertices...
Testing testGraphQueryForEdges...
*** TOTAL TIME [QueryTestSuite]: 8913.900828000042 ***
Testing testNoConcurrentModificationException...
Testing testGettingVerticesAndEdgesWithKeyValue...
Testing testAutoIndexKeyManagementWithPersistence...
	titangraph[embeddedcassandra:null]: 2 automatic index keys added in 607.843467000057ms
Testing testKeyIndicesConsistentWithElementRemoval...
*** TOTAL TIME [KeyIndexableGraphTestSuite]: 8540.180975000025 ***
Testing testCompetingThreads...
Testing testTrue...
Testing testRepeatedTransactionStopException...
Testing testAutoStartTransaction...
Testing testTransactionsForVertices...
	titangraph[embeddedcassandra:null]: 1 vertex not added in failed transaction in 2.3856370000867173ms
	titangraph[embeddedcassandra:null]: 1 vertex added in successful transaction in 1.2905929998960346ms
Testing testBasicVertexEdgeTransactions...
Testing testBruteVertexTransactions...
	titangraph[embeddedcassandra:null]: 100 vertices added in 100 successful transactions in 638.3924229999539ms
	titangraph[embeddedcassandra:null]: 100 vertices not added in 100 failed transactions in 8.31940899998881ms
	titangraph[embeddedcassandra:null]: 100 vertices added in 1 successful transactions in 16.963920999900438ms
	titangraph[embeddedcassandra:null]: 100 vertices not added in 1 failed transactions in 20.22207899997011ms
Testing testTransactionsForEdges...
	titangraph[embeddedcassandra:null]: 1 edge not added in failed transaction (w/ iteration) in 307.4114980000304ms
	titangraph[embeddedcassandra:null]: 1 edge added in successful transaction (w/ iteration) in 106.71767499996349ms
Testing testBruteEdgeTransactions...
	titangraph[embeddedcassandra:null]: 100 edges added in 100 successful transactions (2 vertices added for each edge) in 1087.3062239999417ms
	titangraph[embeddedcassandra:null]: 100 edges not added in 100 failed transactions (2 vertices added for each edge) in 19.699208999983966ms
	titangraph[embeddedcassandra:null]: 100 edges added in 1 successful transactions (2 vertices added for each edge) in 57.92539600003511ms
	titangraph[embeddedcassandra:null]: 100 edges not added in 1 failed transactions (2 vertices added for each edge) in 57.4425039999187ms
Testing testPropertyTransactions...
	titangraph[embeddedcassandra:null]: 1 vertex added with string property in a successful transaction in 1014.141762000043ms
	titangraph[embeddedcassandra:null]: 1 integer property not added in a failed transaction in 1.457622000016272ms
	titangraph[embeddedcassandra:null]: 2 vertex properties checked in a successful transaction in 1.1959720000158995ms
	titangraph[embeddedcassandra:null]: 1 edge property added and checked in a successful transaction in 105.21837800007779ms
	titangraph[embeddedcassandra:null]: 1 edge property added and checked in a failed transaction in 0.733244999893941ms
Testing testIndexTransactions...
Testing testAutomaticSuccessfulTransactionOnShutdown...
Testing testVertexCountOnPreTransactionCommit...
Testing testBulkTransactionsOnEdges...
Testing testTransactionIsolationCommitCheck...
added vertex
reading vertex before tx
read vertex before tx
Testing testRemoveInTransaction...
*** TOTAL TIME [TransactionalTitanGraphTestSuite]: 39013.74927999999 ***
Testing testVertexReattachment...
*** TOTAL TIME [TitanSpecificBlueprintsTestSuite]: 2837.7006600000896 ***
Testing testReadingTinkerGraph...
Testing testTinkerGraphEdges...
	titangraph[embeddedcassandra:null]: graph-example-1 loaded in 1048.34935699997ms
Testing testTinkerGraphVertices...
	titangraph[embeddedcassandra:null]: graph-example-1 loaded in 1031.57079300005ms
Testing testTinkerGraphSoftwareVertices...
	titangraph[embeddedcassandra:null]: graph-example-1 loaded in 1032.202483000001ms
Testing testTinkerGraphVertexAndEdges...
	titangraph[embeddedcassandra:null]: graph-example-1 loaded in 1033.0824469999643ms
Testing testReadingTinkerGraphExample3...
Testing testReadingTinkerGraphExample3MappingLabels...
	titangraph[embeddedcassandra:null]: graph-example-3 loaded in 1036.782813000027ms
Testing testReadingTinkerGraphExample3MappingIDs...
	titangraph[embeddedcassandra:null]: graph-example-3 loaded in 1068.6226689999457ms
Testing testReadingTinkerGraphExample3MappingAll...
	titangraph[embeddedcassandra:null]: graph-example-3 loaded in 1032.5653340000426ms
Testing testMigratingTinkerGraphExample3...
Testing testAllGraphMLTypeCastsAndDataMappings...
*** TOTAL TIME [GraphMLReaderTestSuite]: 22612.60932300007 ***
Testing testReadingTinkerGraph...
Testing testTinkerGraphEdges...
	titangraph[embeddedcassandra:null]: graph-example-1 loaded in 1209.2508139999118ms
Testing testTinkerGraphVertices...
	titangraph[embeddedcassandra:null]: graph-example-1 loaded in 1029.255197999999ms
Testing testTinkerGraphSoftwareVertices...
	titangraph[embeddedcassandra:null]: graph-example-1 loaded in 1031.058289000066ms
Testing testTinkerGraphVertexAndEdges...
	titangraph[embeddedcassandra:null]: graph-example-1 loaded in 1029.853284999961ms
*** TOTAL TIME [GraphSONReaderTestSuite]: 12025.321986000054 ***
Testing testReadingTinkerGraph...
Testing testTinkerGraphEdges...
	titangraph[embeddedcassandra:null]: graph-example-1 loaded in 1029.4047710000305ms
Testing testTinkerGraphVertices...
	titangraph[embeddedcassandra:null]: graph-example-1 loaded in 1028.347865000018ms
Testing testTinkerGraphSoftwareVertices...
	titangraph[embeddedcassandra:null]: graph-example-1 loaded in 1029.0741550000384ms
Testing testTinkerGraphVertexAndEdges...
	titangraph[embeddedcassandra:null]: graph-example-1 loaded in 1028.1138430000283ms
Testing testReadingTinkerGraphExample3...
Testing testReadingTinkerGraphExample3MappingLabels...
	titangraph[embeddedcassandra:null]: graph-example-3 loaded in 1032.249312ms
Testing testReadingTinkerGraphExample3MappingIDs...
	titangraph[embeddedcassandra:null]: graph-example-3 loaded in 1030.409279000014ms
Testing testReadingTinkerGraphExample3MappingAll...
	titangraph[embeddedcassandra:null]: graph-example-3 loaded in 1030.0067910000216ms
Testing testMigratingTinkerGraphExample3...
*** TOTAL TIME [GMLReaderTestSuite]: 21132.166576999938 ***
Tests run: 10, Failures: 0, Errors: 0, Skipped: 0, Time elapsed: 291.171 sec
Running com.thinkaurelius.titan.graphdb.astyanax.InternalAstyanaxGraphTest
java.util.GregorianCalendar[time=278380800000,areFieldsSet=true,areAllFieldsSet=true,lenient=true,zone=sun.util.calendar.ZoneInfo[id="Etc/UTC",offset=0,dstSavings=0,useDaylight=false,transitions=0,lastRule=null],firstDayOfWeek=1,minimalDaysInFirstWeek=1,ERA=1,YEAR=1978,MONTH=9,WEEK_OF_YEAR=43,WEEK_OF_MONTH=4,DAY_OF_MONTH=28,DAY_OF_YEAR=301,DAY_OF_WEEK=7,DAY_OF_WEEK_IN_MONTH=4,AM_PM=0,HOUR=0,HOUR_OF_DAY=0,MINUTE=0,SECOND=0,MILLISECOND=0,ZONE_OFFSET=0,DST_OFFSET=0]
java.util.GregorianCalendar[time=278380800000,areFieldsSet=true,areAllFieldsSet=true,lenient=true,zone=sun.util.calendar.ZoneInfo[id="Etc/UTC",offset=0,dstSavings=0,useDaylight=false,transitions=0,lastRule=null],firstDayOfWeek=1,minimalDaysInFirstWeek=1,ERA=1,YEAR=1978,MONTH=9,WEEK_OF_YEAR=43,WEEK_OF_MONTH=4,DAY_OF_MONTH=28,DAY_OF_YEAR=301,DAY_OF_WEEK=7,DAY_OF_WEEK_IN_MONTH=4,AM_PM=0,HOUR=0,HOUR_OF_DAY=0,MINUTE=0,SECOND=0,MILLISECOND=0,ZONE_OFFSET=0,DST_OFFSET=0]
Tests run: 17, Failures: 0, Errors: 0, Skipped: 0, Time elapsed: 65.702 sec
Running com.thinkaurelius.titan.diskstorage.cassandra.embedded.InternalCassandraEmbeddedMultiWriteKeyColumnValueStoreTest
Tests run: 2, Failures: 0, Errors: 0, Skipped: 0, Time elapsed: 14.52 sec
Running com.thinkaurelius.titan.diskstorage.cassandra.astyanax.InternalAstyanaxLockKeyColumnValueStoreTest
Tests run: 14, Failures: 0, Errors: 0, Skipped: 0, Time elapsed: 25.933 sec
Running com.thinkaurelius.titan.diskstorage.cassandra.thrift.InternalCassandraThriftMultiWriteKeyColumnValueStoreTest
Tests run: 2, Failures: 0, Errors: 0, Skipped: 0, Time elapsed: 27.189 sec
Running com.thinkaurelius.titan.tinkerpop.rexster.RexsterServerClientCassandraEmbeddedTest
Tests run: 1, Failures: 0, Errors: 0, Skipped: 0, Time elapsed: 9.903 sec
Running com.thinkaurelius.titan.diskstorage.cassandra.thrift.InternalCassandraThriftKeyColumnValueTest
Loading time (ms): 847
Reading time (ms): 7513
Tests run: 18, Failures: 0, Errors: 0, Skipped: 0, Time elapsed: 63.75 sec
Running com.thinkaurelius.titan.diskstorage.cassandra.astyanax.InternalAstyanaxKeyColumnValueTest
Loading time (ms): 755
Reading time (ms): 7211
Tests run: 18, Failures: 0, Errors: 0, Skipped: 0, Time elapsed: 53.248 sec
Running com.thinkaurelius.titan.diskstorage.cassandra.UUIDTest
Tests run: 1, Failures: 0, Errors: 0, Skipped: 0, Time elapsed: 0.382 sec
Running com.thinkaurelius.titan.graphdb.thrift.InternalCassandraGraphTest
java.util.GregorianCalendar[time=278380800000,areFieldsSet=true,areAllFieldsSet=true,lenient=true,zone=sun.util.calendar.ZoneInfo[id="Etc/UTC",offset=0,dstSavings=0,useDaylight=false,transitions=0,lastRule=null],firstDayOfWeek=1,minimalDaysInFirstWeek=1,ERA=1,YEAR=1978,MONTH=9,WEEK_OF_YEAR=43,WEEK_OF_MONTH=4,DAY_OF_MONTH=28,DAY_OF_YEAR=301,DAY_OF_WEEK=7,DAY_OF_WEEK_IN_MONTH=4,AM_PM=0,HOUR=0,HOUR_OF_DAY=0,MINUTE=0,SECOND=0,MILLISECOND=0,ZONE_OFFSET=0,DST_OFFSET=0]
java.util.GregorianCalendar[time=278380800000,areFieldsSet=true,areAllFieldsSet=true,lenient=true,zone=sun.util.calendar.ZoneInfo[id="Etc/UTC",offset=0,dstSavings=0,useDaylight=false,transitions=0,lastRule=null],firstDayOfWeek=1,minimalDaysInFirstWeek=1,ERA=1,YEAR=1978,MONTH=9,WEEK_OF_YEAR=43,WEEK_OF_MONTH=4,DAY_OF_MONTH=28,DAY_OF_YEAR=301,DAY_OF_WEEK=7,DAY_OF_WEEK_IN_MONTH=4,AM_PM=0,HOUR=0,HOUR_OF_DAY=0,MINUTE=0,SECOND=0,MILLISECOND=0,ZONE_OFFSET=0,DST_OFFSET=0]
Tests run: 17, Failures: 0, Errors: 0, Skipped: 0, Time elapsed: 174.193 sec


No output has been received in the last 10 minutes, this potentially indicates a stalled build or something wrong with the build itself.

The build has been terminated

