Using worker: bluebox-linux-1.worker.travis-ci.org:travis-linux-18

travis_fold:start:git.1$ git clone --depth=50 --branch=master git://github.com/thinkaurelius/titan.git thinkaurelius/titan
Cloning into 'thinkaurelius/titan'...
remote: Counting objects: 2375, done.[K
remote: Compressing objects:   0% (1/1248)   [Kremote: Compressing objects:   1% (13/1248)   [Kremote: Compressing objects:   2% (25/1248)   [Kremote: Compressing objects:   3% (38/1248)   [Kremote: Compressing objects:   4% (50/1248)   [Kremote: Compressing objects:   5% (63/1248)   [Kremote: Compressing objects:   6% (75/1248)   [Kremote: Compressing objects:   7% (88/1248)   [Kremote: Compressing objects:   8% (100/1248)   [Kremote: Compressing objects:   9% (113/1248)   [Kremote: Compressing objects:  10% (125/1248)   [Kremote: Compressing objects:  11% (138/1248)   [Kremote: Compressing objects:  12% (150/1248)   [Kremote: Compressing objects:  13% (163/1248)   [Kremote: Compressing objects:  14% (175/1248)   [Kremote: Compressing objects:  15% (188/1248)   [Kremote: Compressing objects:  16% (200/1248)   [Kremote: Compressing objects:  17% (213/1248)   [Kremote: Compressing objects:  18% (225/1248)   [Kremote: Compressing objects:  19% (238/1248)   [Kremote: Compressing objects:  20% (250/1248)   [Kremote: Compressing objects:  21% (263/1248)   [Kremote: Compressing objects:  22% (275/1248)   [Kremote: Compressing objects:  23% (288/1248)   [Kremote: Compressing objects:  24% (300/1248)   [Kremote: Compressing objects:  25% (312/1248)   [Kremote: Compressing objects:  26% (325/1248)   [Kremote: Compressing objects:  27% (337/1248)   [Kremote: Compressing objects:  28% (350/1248)   [Kremote: Compressing objects:  29% (362/1248)   [Kremote: Compressing objects:  30% (375/1248)   [Kremote: Compressing objects:  31% (387/1248)   [Kremote: Compressing objects:  32% (400/1248)   [Kremote: Compressing objects:  33% (412/1248)   [Kremote: Compressing objects:  34% (425/1248)   [Kremote: Compressing objects:  35% (437/1248)   [Kremote: Compressing objects:  36% (450/1248)   [Kremote: Compressing objects:  37% (462/1248)   [Kremote: Compressing objects:  38% (475/1248)   [Kremote: Compressing objects:  39% (487/1248)   [Kremote: Compressing objects:  40% (500/1248)   [Kremote: Compressing objects:  41% (512/1248)   [Kremote: Compressing objects:  42% (525/1248)   [Kremote: Compressing objects:  43% (537/1248)   [Kremote: Compressing objects:  44% (550/1248)   [Kremote: Compressing objects:  45% (562/1248)   [Kremote: Compressing objects:  46% (575/1248)   [Kremote: Compressing objects:  47% (587/1248)   [Kremote: Compressing objects:  48% (600/1248)   [Kremote: Compressing objects:  49% (612/1248)   [Kremote: Compressing objects:  50% (624/1248)   [Kremote: Compressing objects:  51% (637/1248)   [Kremote: Compressing objects:  52% (649/1248)   [Kremote: Compressing objects:  53% (662/1248)   [Kremote: Compressing objects:  54% (674/1248)   [Kremote: Compressing objects:  55% (687/1248)   [Kremote: Compressing objects:  56% (699/1248)   [Kremote: Compressing objects:  57% (712/1248)   [Kremote: Compressing objects:  58% (724/1248)   [Kremote: Compressing objects:  59% (737/1248)   [Kremote: Compressing objects:  60% (749/1248)   [Kremote: Compressing objects:  61% (762/1248)   [Kremote: Compressing objects:  62% (774/1248)   [Kremote: Compressing objects:  63% (787/1248)   [Kremote: Compressing objects:  64% (799/1248)   [Kremote: Compressing objects:  65% (812/1248)   [Kremote: Compressing objects:  66% (824/1248)   [Kremote: Compressing objects:  67% (837/1248)   [Kremote: Compressing objects:  68% (849/1248)   [Kremote: Compressing objects:  69% (862/1248)   [Kremote: Compressing objects:  70% (874/1248)   [Kremote: Compressing objects:  71% (887/1248)   [Kremote: Compressing objects:  72% (899/1248)   [Kremote: Compressing objects:  73% (912/1248)   [Kremote: Compressing objects:  74% (924/1248)   [Kremote: Compressing objects:  75% (936/1248)   [Kremote: Compressing objects:  76% (949/1248)   [Kremote: Compressing objects:  77% (961/1248)   [Kremote: Compressing objects:  78% (974/1248)   [Kremote: Compressing objects:  79% (986/1248)   [Kremote: Compressing objects:  80% (999/1248)   [Kremote: Compressing objects:  81% (1011/1248)   [Kremote: Compressing objects:  82% (1024/1248)   [Kremote: Compressing objects:  83% (1036/1248)   [Kremote: Compressing objects:  84% (1049/1248)   [Kremote: Compressing objects:  85% (1061/1248)   [Kremote: Compressing objects:  86% (1074/1248)   [Kremote: Compressing objects:  87% (1086/1248)   [Kremote: Compressing objects:  88% (1099/1248)   [Kremote: Compressing objects:  89% (1111/1248)   [Kremote: Compressing objects:  90% (1124/1248)   [Kremote: Compressing objects:  91% (1136/1248)   [Kremote: Compressing objects:  92% (1149/1248)   [Kremote: Compressing objects:  93% (1161/1248)   [Kremote: Compressing objects:  94% (1174/1248)   [Kremote: Compressing objects:  95% (1186/1248)   [Kremote: Compressing objects:  96% (1199/1248)   [Kremote: Compressing objects:  97% (1211/1248)   [Kremote: Compressing objects:  98% (1224/1248)   [Kremote: Compressing objects:  99% (1236/1248)   [Kremote: Compressing objects: 100% (1248/1248)   [Kremote: Compressing objects: 100% (1248/1248), done.[K
Receiving objects:   0% (1/2375)   Receiving objects:   1% (24/2375)   Receiving objects:   2% (48/2375)   Receiving objects:   3% (72/2375)   Receiving objects:   4% (95/2375)   Receiving objects:   5% (119/2375)   Receiving objects:   6% (143/2375), 572.00 KiB | 1.10 MiB/s   Receiving objects:   7% (167/2375), 572.00 KiB | 1.10 MiB/s   Receiving objects:   8% (190/2375), 572.00 KiB | 1.10 MiB/s   Receiving objects:   9% (214/2375), 572.00 KiB | 1.10 MiB/s   Receiving objects:  10% (238/2375), 572.00 KiB | 1.10 MiB/s   Receiving objects:  11% (262/2375), 572.00 KiB | 1.10 MiB/s   Receiving objects:  12% (285/2375), 572.00 KiB | 1.10 MiB/s   Receiving objects:  13% (309/2375), 572.00 KiB | 1.10 MiB/s   Receiving objects:  14% (333/2375), 572.00 KiB | 1.10 MiB/s   Receiving objects:  15% (357/2375), 572.00 KiB | 1.10 MiB/s   Receiving objects:  16% (380/2375), 572.00 KiB | 1.10 MiB/s   Receiving objects:  17% (404/2375), 572.00 KiB | 1.10 MiB/s   Receiving objects:  18% (428/2375), 572.00 KiB | 1.10 MiB/s   Receiving objects:  19% (452/2375), 572.00 KiB | 1.10 MiB/s   Receiving objects:  20% (475/2375), 572.00 KiB | 1.10 MiB/s   Receiving objects:  21% (499/2375), 572.00 KiB | 1.10 MiB/s   Receiving objects:  22% (523/2375), 572.00 KiB | 1.10 MiB/s   Receiving objects:  23% (547/2375), 572.00 KiB | 1.10 MiB/s   Receiving objects:  24% (570/2375), 572.00 KiB | 1.10 MiB/s   Receiving objects:  25% (594/2375), 572.00 KiB | 1.10 MiB/s   Receiving objects:  26% (618/2375), 572.00 KiB | 1.10 MiB/s   Receiving objects:  27% (642/2375), 572.00 KiB | 1.10 MiB/s   Receiving objects:  28% (665/2375), 572.00 KiB | 1.10 MiB/s   Receiving objects:  29% (689/2375), 572.00 KiB | 1.10 MiB/s   Receiving objects:  30% (713/2375), 572.00 KiB | 1.10 MiB/s   Receiving objects:  31% (737/2375), 572.00 KiB | 1.10 MiB/s   Receiving objects:  32% (760/2375), 572.00 KiB | 1.10 MiB/s   Receiving objects:  33% (784/2375), 572.00 KiB | 1.10 MiB/s   Receiving objects:  34% (808/2375), 572.00 KiB | 1.10 MiB/s   Receiving objects:  35% (832/2375), 572.00 KiB | 1.10 MiB/s   Receiving objects:  36% (855/2375), 572.00 KiB | 1.10 MiB/s   Receiving objects:  37% (879/2375), 572.00 KiB | 1.10 MiB/s   Receiving objects:  38% (903/2375), 572.00 KiB | 1.10 MiB/s   Receiving objects:  39% (927/2375), 572.00 KiB | 1.10 MiB/s   Receiving objects:  40% (950/2375), 572.00 KiB | 1.10 MiB/s   Receiving objects:  41% (974/2375), 572.00 KiB | 1.10 MiB/s   Receiving objects:  42% (998/2375), 572.00 KiB | 1.10 MiB/s   Receiving objects:  43% (1022/2375), 572.00 KiB | 1.10 MiB/s   Receiving objects:  44% (1045/2375), 572.00 KiB | 1.10 MiB/s   Receiving objects:  45% (1069/2375), 572.00 KiB | 1.10 MiB/s   Receiving objects:  46% (1093/2375), 572.00 KiB | 1.10 MiB/s   Receiving objects:  47% (1117/2375), 572.00 KiB | 1.10 MiB/s   Receiving objects:  48% (1140/2375), 572.00 KiB | 1.10 MiB/s   Receiving objects:  49% (1164/2375), 572.00 KiB | 1.10 MiB/s   Receiving objects:  50% (1188/2375), 572.00 KiB | 1.10 MiB/s   Receiving objects:  51% (1212/2375), 572.00 KiB | 1.10 MiB/s   Receiving objects:  52% (1235/2375), 572.00 KiB | 1.10 MiB/s   Receiving objects:  53% (1259/2375), 572.00 KiB | 1.10 MiB/s   Receiving objects:  54% (1283/2375), 572.00 KiB | 1.10 MiB/s   Receiving objects:  55% (1307/2375), 572.00 KiB | 1.10 MiB/s   Receiving objects:  56% (1330/2375), 572.00 KiB | 1.10 MiB/s   Receiving objects:  57% (1354/2375), 572.00 KiB | 1.10 MiB/s   Receiving objects:  58% (1378/2375), 572.00 KiB | 1.10 MiB/s   Receiving objects:  59% (1402/2375), 572.00 KiB | 1.10 MiB/s   Receiving objects:  60% (1425/2375), 572.00 KiB | 1.10 MiB/s   Receiving objects:  61% (1449/2375), 572.00 KiB | 1.10 MiB/s   Receiving objects:  62% (1473/2375), 572.00 KiB | 1.10 MiB/s   Receiving objects:  63% (1497/2375), 572.00 KiB | 1.10 MiB/s   Receiving objects:  64% (1520/2375), 572.00 KiB | 1.10 MiB/s   Receiving objects:  65% (1544/2375), 572.00 KiB | 1.10 MiB/s   Receiving objects:  66% (1568/2375), 572.00 KiB | 1.10 MiB/s   Receiving objects:  67% (1592/2375), 572.00 KiB | 1.10 MiB/s   Receiving objects:  68% (1615/2375), 572.00 KiB | 1.10 MiB/s   Receiving objects:  69% (1639/2375), 572.00 KiB | 1.10 MiB/s   Receiving objects:  70% (1663/2375), 572.00 KiB | 1.10 MiB/s   Receiving objects:  71% (1687/2375), 572.00 KiB | 1.10 MiB/s   Receiving objects:  72% (1710/2375), 572.00 KiB | 1.10 MiB/s   Receiving objects:  73% (1734/2375), 572.00 KiB | 1.10 MiB/s   Receiving objects:  74% (1758/2375), 572.00 KiB | 1.10 MiB/s   Receiving objects:  75% (1782/2375), 572.00 KiB | 1.10 MiB/s   Receiving objects:  76% (1805/2375), 572.00 KiB | 1.10 MiB/s   Receiving objects:  77% (1829/2375), 572.00 KiB | 1.10 MiB/s   Receiving objects:  78% (1853/2375), 572.00 KiB | 1.10 MiB/s   Receiving objects:  79% (1877/2375), 572.00 KiB | 1.10 MiB/s   Receiving objects:  80% (1900/2375), 572.00 KiB | 1.10 MiB/s   Receiving objects:  81% (1924/2375), 572.00 KiB | 1.10 MiB/s   Receiving objects:  82% (1948/2375), 572.00 KiB | 1.10 MiB/s   Receiving objects:  83% (1972/2375), 572.00 KiB | 1.10 MiB/s   Receiving objects:  84% (1995/2375), 572.00 KiB | 1.10 MiB/s   Receiving objects:  85% (2019/2375), 572.00 KiB | 1.10 MiB/s   Receiving objects:  86% (2043/2375), 572.00 KiB | 1.10 MiB/s   Receiving objects:  87% (2067/2375), 572.00 KiB | 1.10 MiB/s   Receiving objects:  88% (2090/2375), 572.00 KiB | 1.10 MiB/s   Receiving objects:  89% (2114/2375), 572.00 KiB | 1.10 MiB/s   Receiving objects:  90% (2138/2375), 572.00 KiB | 1.10 MiB/s   Receiving objects:  91% (2162/2375), 572.00 KiB | 1.10 MiB/s   Receiving objects:  92% (2185/2375), 572.00 KiB | 1.10 MiB/s   Receiving objects:  93% (2209/2375), 572.00 KiB | 1.10 MiB/s   Receiving objects:  94% (2233/2375), 572.00 KiB | 1.10 MiB/s   Receiving objects:  95% (2257/2375), 572.00 KiB | 1.10 MiB/s   Receiving objects:  96% (2280/2375), 572.00 KiB | 1.10 MiB/s   Receiving objects:  97% (2304/2375), 572.00 KiB | 1.10 MiB/s   Receiving objects:  98% (2328/2375), 572.00 KiB | 1.10 MiB/s   Receiving objects:  99% (2352/2375), 572.00 KiB | 1.10 MiB/s   remote: Total 2375 (delta 1048), reused 1934 (delta 763)[K
Receiving objects: 100% (2375/2375), 572.00 KiB | 1.10 MiB/s   Receiving objects: 100% (2375/2375), 3.17 MiB | 1.10 MiB/s, done.
Resolving deltas:   0% (0/1048)   Resolving deltas:   1% (14/1048)   Resolving deltas:   2% (23/1048)   Resolving deltas:   3% (32/1048)   Resolving deltas:   4% (43/1048)   Resolving deltas:   5% (55/1048)   Resolving deltas:   6% (65/1048)   Resolving deltas:   7% (76/1048)   Resolving deltas:   8% (84/1048)   Resolving deltas:   9% (102/1048)   Resolving deltas:  10% (105/1048)   Resolving deltas:  11% (119/1048)   Resolving deltas:  12% (130/1048)   Resolving deltas:  13% (144/1048)   Resolving deltas:  14% (148/1048)   Resolving deltas:  15% (166/1048)   Resolving deltas:  17% (186/1048)   Resolving deltas:  22% (235/1048)   Resolving deltas:  24% (260/1048)   Resolving deltas:  25% (265/1048)   Resolving deltas:  28% (300/1048)   Resolving deltas:  30% (321/1048)   Resolving deltas:  31% (332/1048)   Resolving deltas:  32% (339/1048)   Resolving deltas:  33% (353/1048)   Resolving deltas:  34% (361/1048)   Resolving deltas:  35% (367/1048)   Resolving deltas:  36% (379/1048)   Resolving deltas:  37% (389/1048)   Resolving deltas:  38% (401/1048)   Resolving deltas:  39% (409/1048)   Resolving deltas:  40% (422/1048)   Resolving deltas:  41% (434/1048)   Resolving deltas:  42% (445/1048)   Resolving deltas:  43% (451/1048)   Resolving deltas:  44% (462/1048)   Resolving deltas:  45% (472/1048)   Resolving deltas:  46% (484/1048)   Resolving deltas:  47% (493/1048)   Resolving deltas:  48% (508/1048)   Resolving deltas:  49% (514/1048)   Resolving deltas:  50% (527/1048)   Resolving deltas:  51% (536/1048)   Resolving deltas:  52% (545/1048)   Resolving deltas:  53% (556/1048)   Resolving deltas:  54% (570/1048)   Resolving deltas:  55% (577/1048)   Resolving deltas:  56% (588/1048)   Resolving deltas:  57% (600/1048)   Resolving deltas:  58% (608/1048)   Resolving deltas:  59% (621/1048)   Resolving deltas:  60% (631/1048)   Resolving deltas:  61% (640/1048)   Resolving deltas:  62% (651/1048)   Resolving deltas:  63% (663/1048)   Resolving deltas:  64% (671/1048)   Resolving deltas:  65% (683/1048)   Resolving deltas:  66% (692/1048)   Resolving deltas:  67% (703/1048)   Resolving deltas:  68% (715/1048)   Resolving deltas:  69% (725/1048)   Resolving deltas:  70% (734/1048)   Resolving deltas:  71% (747/1048)   Resolving deltas:  72% (755/1048)   Resolving deltas:  73% (767/1048)   Resolving deltas:  74% (776/1048)   Resolving deltas:  75% (786/1048)   Resolving deltas:  76% (797/1048)   Resolving deltas:  77% (807/1048)   Resolving deltas:  78% (818/1048)   Resolving deltas:  79% (828/1048)   Resolving deltas:  80% (840/1048)   Resolving deltas:  81% (853/1048)   Resolving deltas:  82% (865/1048)   Resolving deltas:  83% (872/1048)   Resolving deltas:  84% (881/1048)   Resolving deltas:  85% (891/1048)   Resolving deltas:  86% (902/1048)   Resolving deltas:  87% (912/1048)   Resolving deltas:  88% (926/1048)   Resolving deltas:  89% (935/1048)   Resolving deltas:  90% (944/1048)   Resolving deltas:  91% (956/1048)   Resolving deltas:  92% (970/1048)   Resolving deltas:  93% (976/1048)   Resolving deltas:  94% (986/1048)   Resolving deltas:  95% (996/1048)   Resolving deltas:  96% (1007/1048)   Resolving deltas:  97% (1021/1048)   Resolving deltas:  98% (1028/1048)   Resolving deltas:  99% (1038/1048)   Resolving deltas: 100% (1048/1048)   Resolving deltas: 100% (1048/1048), done.
travis_fold:end:git.1$ cd thinkaurelius/titan
travis_fold:start:git.2$ git checkout -qf 9a86143647f6dece762bbda7f4ef3fdc8e56fe5f
travis_fold:end:git.2$ jdk_switcher use oraclejdk7
Switching to Oracle JDK7 (java-7-oracle), JAVA_HOME will be set to /usr/lib/jvm/java-7-oracle
update-alternatives: error: no alternatives for apt.
update-alternatives: error: no alternatives for mozilla-javaplugin.so.
update-alternatives: error: no alternatives for apt.
$ java -version
java version "1.7.0_17"
Java(TM) SE Runtime Environment (build 1.7.0_17-b02)
Java HotSpot(TM) 64-Bit Server VM (build 23.7-b01, mixed mode)
$ javac -version
javac 1.7.0_17
travis_fold:start:install$ mvn install --quiet -DskipTests=true
[debug] execute contextualize
[debug] execute contextualize
[debug] execute contextualize
travis_fold:end:install$ mvn test
[INFO] Scanning for projects...
[INFO] ------------------------------------------------------------------------
[INFO] Reactor Build Order:
[INFO] 
[INFO] Titan: Distributed Graph Database
[INFO] Titan-Core: Core Library for Titan
[INFO] Titan-Test: Test Suite for Titan
[INFO] Titan-BerkeleyJE: Distributed Graph Database
[INFO] Titan-Cassandra: Distributed Graph Database
[INFO] Titan-HBase: Distributed Graph Database
[INFO] Titan-All: Complete Titan Distribution
[INFO]                                                                         
[INFO] ------------------------------------------------------------------------
[INFO] Building Titan: Distributed Graph Database 0.2.1-SNAPSHOT
[INFO] ------------------------------------------------------------------------
[INFO] 
[INFO] --- maven-enforcer-plugin:1.0:enforce (enforce-maven) @ titan ---
[INFO]                                                                         
[INFO] ------------------------------------------------------------------------
[INFO] Building Titan-Core: Core Library for Titan 0.2.1-SNAPSHOT
[INFO] ------------------------------------------------------------------------
[INFO] 
[INFO] --- maven-enforcer-plugin:1.0:enforce (enforce-maven) @ titan-core ---
[INFO] 
[INFO] --- maven-resources-plugin:2.3:resources (default-resources) @ titan-core ---
[INFO] Using 'UTF-8' encoding to copy filtered resources.
[INFO] skip non existing resourceDirectory /home/travis/build/thinkaurelius/titan/titan-core/src/main/resources
[INFO] 
[INFO] --- maven-compiler-plugin:2.5.1:compile (default-compile) @ titan-core ---
[INFO] Nothing to compile - all classes are up to date
[INFO] 
[INFO] --- maven-resources-plugin:2.3:testResources (default-testResources) @ titan-core ---
[INFO] Using 'UTF-8' encoding to copy filtered resources.
[INFO] skip non existing resourceDirectory /home/travis/build/thinkaurelius/titan/titan-core/src/test/resources
[INFO] 
[INFO] --- maven-compiler-plugin:2.5.1:testCompile (default-testCompile) @ titan-core ---
[INFO] No sources to compile
[INFO] 
[INFO] --- maven-surefire-plugin:2.11:test (default-test) @ titan-core ---
[INFO] No tests to run.
[INFO] Surefire report directory: /home/travis/build/thinkaurelius/titan/titan-core/target/surefire-reports
Downloading: http://maven.mirrors.travis-ci.org/nexus/content/repositories/central/org/apache/maven/surefire/surefire-junit3/2.11/surefire-junit3-2.11.pom
2/2 KB            Downloaded: http://maven.mirrors.travis-ci.org/nexus/content/repositories/central/org/apache/maven/surefire/surefire-junit3/2.11/surefire-junit3-2.11.pom (2 KB at 2.2 KB/sec)
Downloading: http://maven.mirrors.travis-ci.org/nexus/content/repositories/central/org/apache/maven/surefire/surefire-providers/2.11/surefire-providers-2.11.pom
3/3 KB            Downloaded: http://maven.mirrors.travis-ci.org/nexus/content/repositories/central/org/apache/maven/surefire/surefire-providers/2.11/surefire-providers-2.11.pom (3 KB at 7.2 KB/sec)
Downloading: http://maven.mirrors.travis-ci.org/nexus/content/repositories/central/org/apache/maven/surefire/surefire-junit3/2.11/surefire-junit3-2.11.jar
4/26 KB   8/26 KB   9/26 KB   10/26 KB   14/26 KB   18/26 KB   22/26 KB   26/26 KB   26/26 KB              Downloaded: http://maven.mirrors.travis-ci.org/nexus/content/repositories/central/org/apache/maven/surefire/surefire-junit3/2.11/surefire-junit3-2.11.jar (26 KB at 58.3 KB/sec)

-------------------------------------------------------
 T E S T S
-------------------------------------------------------

Results :

Tests run: 0, Failures: 0, Errors: 0, Skipped: 0

[INFO]                                                                         
[INFO] ------------------------------------------------------------------------
[INFO] Building Titan-Test: Test Suite for Titan 0.2.1-SNAPSHOT
[INFO] ------------------------------------------------------------------------
[INFO] 
[INFO] --- maven-enforcer-plugin:1.0:enforce (enforce-maven) @ titan-test ---
[INFO] 
[INFO] --- maven-resources-plugin:2.3:resources (default-resources) @ titan-test ---
[INFO] Using 'UTF-8' encoding to copy filtered resources.
[INFO] skip non existing resourceDirectory /home/travis/build/thinkaurelius/titan/titan-test/src/main/resources
[INFO] 
[INFO] --- maven-compiler-plugin:2.5.1:compile (default-compile) @ titan-test ---
[INFO] Nothing to compile - all classes are up to date
[INFO] 
[INFO] --- maven-resources-plugin:2.3:testResources (default-testResources) @ titan-test ---
[INFO] Using 'UTF-8' encoding to copy filtered resources.
[INFO] Copying 2 resources
[INFO] 
[INFO] --- maven-compiler-plugin:2.5.1:testCompile (default-testCompile) @ titan-test ---
[INFO] Nothing to compile - all classes are up to date
[INFO] 
[INFO] --- maven-surefire-plugin:2.11:test (default-test) @ titan-test ---
[INFO] Surefire report directory: /home/travis/build/thinkaurelius/titan/titan-test/target/surefire-reports
Downloading: http://maven.mirrors.travis-ci.org/nexus/content/repositories/central/org/apache/maven/surefire/surefire-junit4/2.11/surefire-junit4-2.11.pom
3/3 KB              Downloaded: http://maven.mirrors.travis-ci.org/nexus/content/repositories/central/org/apache/maven/surefire/surefire-junit4/2.11/surefire-junit4-2.11.pom (3 KB at 7.8 KB/sec)
Downloading: http://maven.mirrors.travis-ci.org/nexus/content/repositories/central/org/apache/maven/surefire/surefire-junit4/2.11/surefire-junit4-2.11.jar
4/33 KB   8/33 KB   9/33 KB   13/33 KB   17/33 KB   21/33 KB   25/33 KB   27/33 KB   31/33 KB   33/33 KB              Downloaded: http://maven.mirrors.travis-ci.org/nexus/content/repositories/central/org/apache/maven/surefire/surefire-junit4/2.11/surefire-junit4-2.11.jar (33 KB at 64.1 KB/sec)

-------------------------------------------------------
 T E S T S
-------------------------------------------------------
Running com.thinkaurelius.titan.util.datastructures.BitMapTest
Tests run: 1, Failures: 0, Errors: 0, Skipped: 0, Time elapsed: 0.123 sec
Running com.thinkaurelius.titan.graphdb.idmanagement.IDPoolTest
Tests run: 3, Failures: 0, Errors: 0, Skipped: 0, Time elapsed: 2.52 sec
Running com.thinkaurelius.titan.graphdb.loading.EdgeLoadingTest
Tests run: 1, Failures: 0, Errors: 0, Skipped: 0, Time elapsed: 0.072 sec
Running com.thinkaurelius.titan.graphdb.serializer.KryoTest
Tests run: 4, Failures: 0, Errors: 0, Skipped: 0, Time elapsed: 0.081 sec
Running com.thinkaurelius.titan.blueprints.InMemoryBlueprintsTest
Testing testVertexCentricRemoving...
Testing testConcurrentModificationOnProperties...
Testing testSettingBadVertexProperties...
Testing testGetVertexWithNull...
Testing testRemoveVertex...
Testing testRemoveVertexWithEdges...
Testing testVertexEqualityForSuppliedIdsAndHashCode...
Testing testBasicAddVertex...
Testing testVertexEquality...
	titaninmemoryblueprintsgraph[null]: 1 vertex added and retrieved in 1.1259500000160187ms
Testing testGetNonExistantVertices...
Testing testRemoveVertexNullId...
	titaninmemoryblueprintsgraph[null]: 100 vertices added in 7.617541000014171ms
	titaninmemoryblueprintsgraph[null]: 100 vertices removed in 16.066312999930233ms
Testing testVertexIterator...
	titaninmemoryblueprintsgraph[null]: 1000 vertices added in 70.23108099994715ms
	titaninmemoryblueprintsgraph[null]: 1000 vertices counted in 8.374878000002354ms
Testing testLegalVertexEdgeIterables...
Testing testAddVertexProperties...
Testing testAddManyVertexProperties...
	titaninmemoryblueprintsgraph[null]: 750 vertex properties added (with vertices being added too) in 724.1367709999904ms
Testing testRemoveVertexProperties...
Testing testAddingIdProperty...
Testing testNoConcurrentModificationException...
Testing testGettingEdgesAndVertices...
Testing testEmptyKeyProperty...
Testing testVertexCentricLinking...
*** TOTAL TIME [VertexTestSuite]: 1101.65886700002 ***
Testing testSettingBadVertexProperties...
Testing testAddManyEdges...
	titaninmemoryblueprintsgraph[null]: 300 elements added in 137.8644309999654ms
	titaninmemoryblueprintsgraph[null]: 100 edges counted in 9.380100999958813ms
	titaninmemoryblueprintsgraph[null]: 200 vertices counted in 1.106893000076525ms
	titaninmemoryblueprintsgraph[null]: 200 vertices checked in 22.58527999999933ms
Testing testRemoveManyEdges...
	titaninmemoryblueprintsgraph[null]: 20 vertices counted in 0.10166899999603629ms
	titaninmemoryblueprintsgraph[null]: 10 edges counted in 0.746305999928154ms
	titaninmemoryblueprintsgraph[null]: 10 edges removed and graph checked in 23.389581999974325ms
Testing testAddingDuplicateEdges...
Testing testRemoveEdgesByRemovingVertex...
Testing testRemoveEdges...
Testing testAddingSelfLoops...
Testing testRemoveSelfLoops...
Testing testEdgeIterator...
Testing testAddingRemovingEdgeProperties...
Testing testAddingLabelAndIdProperty...
Testing testEdgeCentricRemoving...
Testing testEdgeEquality...
Testing testAddEdges...
	titaninmemoryblueprintsgraph[null]: 6 elements added and checked in 2.304107000003569ms
Testing testNoConcurrentModificationException...
Testing testEmptyKeyProperty...
*** TOTAL TIME [EdgeTestSuite]: 249.2438470000634 ***
Testing testGettingVerticesAndEdgesWithKeyValue...
Testing testFeatureCompliance...
supportsDuplicateEdges: true
supportsSelfLoops: true
supportsSerializableObjectProperty: true
supportsBooleanProperty: true
supportsDoubleProperty: true
supportsFloatProperty: true
supportsIntegerProperty: true
supportsPrimitiveArrayProperty: true
supportsUniformListProperty: true
supportsMixedListProperty: true
supportsLongProperty: true
supportsMapProperty: true
supportsStringProperty: true
ignoresSuppliedIds: true
isPersistent: false
isRDFModel: false
isWrapper: false
supportsIndices: false
supportsVertexIndex: false
supportsEdgeIndex: false
supportsKeyIndices: true
supportsVertexKeyIndex: true
supportsEdgeKeyIndex: false
supportsEdgeIteration: true
supportsVertexIteration: true
supportsEdgeRetrieval: true
supportsVertexProperties: true
supportsEdgeProperties: true
supportsTransactions: false
supportsThreadedTransactions: false
Testing testEmptyOnConstruction...
Testing testStringRepresentation...
	titaninmemoryblueprintsgraph[null]: 1 graph string representation generated in 0.10553499998059124ms
Testing testStringRepresentationOfVertexId...
Testing testSemanticallyCorrectIterables...
Testing testAddingVerticesAndEdges...
Testing testSettingProperties...
Testing testDataTypeValidationOnProperties...
Testing testSimpleRemovingVerticesEdges...
Testing testRemovingEdges...
	titaninmemoryblueprintsgraph[null]: 100 vertices added in 4.0111460000043735ms
	titaninmemoryblueprintsgraph[null]: 200 edges added in 112.15517499996349ms
	titaninmemoryblueprintsgraph[null]: 200 edges deleted (with size check on each delete) in 207.59163599996828ms
Testing testRemovingVertices...
	titaninmemoryblueprintsgraph[null]: 500 vertices added in 19.207545000012033ms
	titaninmemoryblueprintsgraph[null]: 250 edges added in 96.12407899997197ms
	titaninmemoryblueprintsgraph[null]: 500 vertices deleted (with size check on each delete) in 123.90255400002934ms
Testing testConnectivityPatterns...
Testing testVertexEdgeLabels...
Testing testVertexEdgeLabels2...
Testing testTreeConnectivity...
	titaninmemoryblueprintsgraph[null]: 1464 vertices added in a tree structure in 219.11542500008363ms
	titaninmemoryblueprintsgraph[null]: 1464 vertices iterated in 7.641393000027165ms
	titaninmemoryblueprintsgraph[null]: 1463 edges iterated in 15.612001999979839ms
Testing testConcurrentModification...
Testing testGraphDataPersists...
Testing testAutotypingOfProperties...
*** TOTAL TIME [GraphTestSuite]: 883.9284449999686 ***
Testing testVertexQuery...
Testing testGraphQueryForVertices...
Testing testGraphQueryForEdges...
*** TOTAL TIME [QueryTestSuite]: 42.84090199996717 ***
Testing testAutoIndexKeyManagementWithPersistence...
	titaninmemoryblueprintsgraph[null]: 2 automatic index keys added in 1.0948739999439567ms
Testing testAutoIndexKeyDroppingWithPersistence...
	titaninmemoryblueprintsgraph[null]: 2 automatic index keys added in 0.46005599992349744ms
Testing testKeyIndicesConsistentWithElementRemoval...
Testing testNoConcurrentModificationException...
*** TOTAL TIME [KeyIndexableGraphTestSuite]: 4.6035320000955835 ***
Testing testTinkerGraphEdges...
	titaninmemoryblueprintsgraph[null]: graph-example-1 loaded in 54.896283000009134ms
Testing testTinkerGraphVertices...
	titaninmemoryblueprintsgraph[null]: graph-example-1 loaded in 12.150034000049345ms
Testing testReadingTinkerGraph...
Testing testTinkerGraphSoftwareVertices...
	titaninmemoryblueprintsgraph[null]: graph-example-1 loaded in 11.519194000051357ms
Testing testTinkerGraphVertexAndEdges...
	titaninmemoryblueprintsgraph[null]: graph-example-1 loaded in 11.441482999944128ms
Testing testReadingTinkerGraphExample3...
Testing testReadingTinkerGraphExample3MappingLabels...
	titaninmemoryblueprintsgraph[null]: graph-example-3 loaded in 14.718466999940574ms
Testing testReadingTinkerGraphExample3MappingIDs...
	titaninmemoryblueprintsgraph[null]: graph-example-3 loaded in 14.08517600002233ms
Testing testReadingTinkerGraphExample3MappingAll...
	titaninmemoryblueprintsgraph[null]: graph-example-3 loaded in 13.28187499998603ms
Testing testMigratingTinkerGraphExample3...
Testing testAllGraphMLTypeCastsAndDataMappings...
*** TOTAL TIME [GraphMLReaderTestSuite]: 142.30952499993145 ***
Testing testTinkerGraphEdges...
	titaninmemoryblueprintsgraph[null]: graph-example-1 loaded in 10.187313999980688ms
Testing testTinkerGraphVertices...
	titaninmemoryblueprintsgraph[null]: graph-example-1 loaded in 6.315711000002921ms
Testing testReadingTinkerGraph...
Testing testTinkerGraphSoftwareVertices...
	titaninmemoryblueprintsgraph[null]: graph-example-1 loaded in 6.242843999993056ms
Testing testTinkerGraphVertexAndEdges...
	titaninmemoryblueprintsgraph[null]: graph-example-1 loaded in 6.112696000025608ms
Testing testReadingTinkerGraphExample3...
Testing testReadingTinkerGraphExample3MappingLabels...
	titaninmemoryblueprintsgraph[null]: graph-example-3 loaded in 8.495309000019915ms
Testing testReadingTinkerGraphExample3MappingIDs...
	titaninmemoryblueprintsgraph[null]: graph-example-3 loaded in 7.749135999940336ms
Testing testReadingTinkerGraphExample3MappingAll...
	titaninmemoryblueprintsgraph[null]: graph-example-3 loaded in 6.933961000060663ms
Testing testMigratingTinkerGraphExample3...
*** TOTAL TIME [GMLReaderTestSuite]: 61.640491000027396 ***
Tests run: 7, Failures: 0, Errors: 0, Skipped: 0, Time elapsed: 2.514 sec
Running com.thinkaurelius.titan.graphdb.serializer.ByteBufferTest
Tests run: 3, Failures: 0, Errors: 0, Skipped: 0, Time elapsed: 0.478 sec
Running com.thinkaurelius.titan.graphdb.idmanagement.VariableLongTest
Writing 10000000 longs in 65567319 bytes. in time: 2549
Writing 1000000 longs in 2983488 bytes. in time: 146
Tests run: 5, Failures: 0, Errors: 0, Skipped: 0, Time elapsed: 3.503 sec
Running com.thinkaurelius.titan.tinkerpop.rexster.TitanGraphConfigurationTest
Tests run: 1, Failures: 0, Errors: 0, Skipped: 0, Time elapsed: 0.158 sec
Running com.thinkaurelius.titan.graphdb.idmanagement.IDManagementTest
Tests run: 3, Failures: 0, Errors: 0, Skipped: 0, Time elapsed: 1.257 sec
Running com.thinkaurelius.titan.graphdb.serializer.SerializerTest
Tests run: 8, Failures: 0, Errors: 0, Skipped: 0, Time elapsed: 1.501 sec
Running com.thinkaurelius.titan.diskstorage.locking.LocalLockMediatorTest
Tests run: 1, Failures: 0, Errors: 0, Skipped: 0, Time elapsed: 0.25 sec
Running com.thinkaurelius.titan.tinkerpop.gremlin.ScriptExecutorTest
Tests run: 1, Failures: 0, Errors: 0, Skipped: 0, Time elapsed: 0 sec
Running com.thinkaurelius.titan.graphdb.idmanagement.VertexIDAssignerTest
Partition: false
partitionMax: 2147483647
localPartition: null
Partition: true
partitionMax: 2147483647
localPartition: null
Partition: true
partitionMax: 2147483647
localPartition: [0, 2000]
Partition: true
partitionMax: 2147483647
localPartition: [-100000, -1]
Partition: true
partitionMax: 2147483647
localPartition: [-10000, 10000]
Partition: true
partitionMax: 100
localPartition: null
Partition: true
partitionMax: 100
localPartition: [0, 2000]
Partition: true
partitionMax: 100
localPartition: [-100000, -1]
Partition: true
partitionMax: 100
localPartition: [-10000, 10000]
Tests run: 9, Failures: 0, Errors: 0, Skipped: 0, Time elapsed: 4.64 sec
Running com.thinkaurelius.titan.util.datastructures.RandomRemovalListTest
Tests run: 3, Failures: 0, Errors: 0, Skipped: 0, Time elapsed: 0.999 sec
Running com.thinkaurelius.titan.diskstorage.util.StorageFeaturesTest
Tests run: 1, Failures: 0, Errors: 0, Skipped: 0, Time elapsed: 0.001 sec

Results :

Tests run: 51, Failures: 0, Errors: 0, Skipped: 0

[INFO]                                                                         
[INFO] ------------------------------------------------------------------------
[INFO] Building Titan-BerkeleyJE: Distributed Graph Database 0.2.1-SNAPSHOT
[INFO] ------------------------------------------------------------------------
[INFO] 
[INFO] --- maven-enforcer-plugin:1.0:enforce (enforce-maven) @ titan-berkeleyje ---
[INFO] 
[INFO] --- maven-resources-plugin:2.3:resources (default-resources) @ titan-berkeleyje ---
[INFO] Using 'UTF-8' encoding to copy filtered resources.
[INFO] Copying 2 resources
[INFO] 
[INFO] --- maven-compiler-plugin:2.5.1:compile (default-compile) @ titan-berkeleyje ---
[INFO] Nothing to compile - all classes are up to date
[INFO] 
[INFO] --- maven-resources-plugin:2.3:testResources (default-testResources) @ titan-berkeleyje ---
[INFO] Using 'UTF-8' encoding to copy filtered resources.
[INFO] Copying 2 resources
[INFO] 
[INFO] --- maven-compiler-plugin:2.5.1:testCompile (default-testCompile) @ titan-berkeleyje ---
[INFO] Nothing to compile - all classes are up to date
[INFO] 
[INFO] --- maven-surefire-plugin:2.12.1:test (default-test) @ titan-berkeleyje ---
[INFO] Surefire report directory: /home/travis/build/thinkaurelius/titan/titan-berkeleyje/target/surefire-reports
Downloading: http://maven.mirrors.travis-ci.org/nexus/content/repositories/central/org/apache/maven/surefire/surefire-junit4/2.12.1/surefire-junit4-2.12.1.pom
3/3 KB              Downloaded: http://maven.mirrors.travis-ci.org/nexus/content/repositories/central/org/apache/maven/surefire/surefire-junit4/2.12.1/surefire-junit4-2.12.1.pom (3 KB at 6.9 KB/sec)
Downloading: http://maven.mirrors.travis-ci.org/nexus/content/repositories/central/org/apache/maven/surefire/surefire-providers/2.12.1/surefire-providers-2.12.1.pom
3/3 KB            Downloaded: http://maven.mirrors.travis-ci.org/nexus/content/repositories/central/org/apache/maven/surefire/surefire-providers/2.12.1/surefire-providers-2.12.1.pom (3 KB at 7.3 KB/sec)
Downloading: http://maven.mirrors.travis-ci.org/nexus/content/repositories/central/org/apache/maven/surefire/surefire-junit4/2.12.1/surefire-junit4-2.12.1.jar
4/34 KB   8/34 KB   9/34 KB   13/34 KB   17/34 KB   21/34 KB   25/34 KB   29/34 KB   33/34 KB   34/34 KB              Downloaded: http://maven.mirrors.travis-ci.org/nexus/content/repositories/central/org/apache/maven/surefire/surefire-junit4/2.12.1/surefire-junit4-2.12.1.jar (34 KB at 54.4 KB/sec)

-------------------------------------------------------
 T E S T S
-------------------------------------------------------
Running com.thinkaurelius.titan.tinkerpop.rexster.RexsterServerClientBerkeleyJeTest
Tests run: 1, Failures: 0, Errors: 0, Skipped: 0, Time elapsed: 7.218 sec
Running com.thinkaurelius.titan.graphdb.berkeleyje.BerkeleyJEGraphTest
java.util.GregorianCalendar[time=278380800000,areFieldsSet=true,areAllFieldsSet=true,lenient=true,zone=sun.util.calendar.ZoneInfo[id="Etc/UTC",offset=0,dstSavings=0,useDaylight=false,transitions=0,lastRule=null],firstDayOfWeek=1,minimalDaysInFirstWeek=1,ERA=1,YEAR=1978,MONTH=9,WEEK_OF_YEAR=43,WEEK_OF_MONTH=4,DAY_OF_MONTH=28,DAY_OF_YEAR=301,DAY_OF_WEEK=7,DAY_OF_WEEK_IN_MONTH=4,AM_PM=0,HOUR=0,HOUR_OF_DAY=0,MINUTE=0,SECOND=0,MILLISECOND=0,ZONE_OFFSET=0,DST_OFFSET=0]
java.util.GregorianCalendar[time=278380800000,areFieldsSet=true,areAllFieldsSet=true,lenient=true,zone=sun.util.calendar.ZoneInfo[id="Etc/UTC",offset=0,dstSavings=0,useDaylight=false,transitions=0,lastRule=null],firstDayOfWeek=1,minimalDaysInFirstWeek=1,ERA=1,YEAR=1978,MONTH=9,WEEK_OF_YEAR=43,WEEK_OF_MONTH=4,DAY_OF_MONTH=28,DAY_OF_YEAR=301,DAY_OF_WEEK=7,DAY_OF_WEEK_IN_MONTH=4,AM_PM=0,HOUR=0,HOUR_OF_DAY=0,MINUTE=0,SECOND=0,MILLISECOND=0,ZONE_OFFSET=0,DST_OFFSET=0]
Tests run: 17, Failures: 0, Errors: 0, Skipped: 0, Time elapsed: 18.242 sec
Running com.thinkaurelius.titan.blueprints.BerkeleyJEBlueprintsTest
Testing testAddManyEdges...
	titangraph[berkeleyje:/tmp/titan-test/standard]: 300 elements added in 111.30314800003543ms
	titangraph[berkeleyje:/tmp/titan-test/standard]: 100 edges counted in 3.44632200000342ms
	titangraph[berkeleyje:/tmp/titan-test/standard]: 200 vertices counted in 1.2724330000346527ms
	titangraph[berkeleyje:/tmp/titan-test/standard]: 200 vertices checked in 7.529045999981463ms
Testing testAddingDuplicateEdges...
Testing testRemoveSelfLoops...
Testing testEdgeIterator...
Testing testEdgeCentricRemoving...
Testing testSettingBadVertexProperties...
Testing testGetNonExistantEdges...
Testing testGetEdges...
	titangraph[berkeleyje:/tmp/titan-test/standard]: 3 edges retrieved in 0.4373129999730736ms
Testing testAddEdges...
	titangraph[berkeleyje:/tmp/titan-test/standard]: 6 elements added and checked in 5.593373000039719ms
Testing testRemoveEdges...
Testing testAddingSelfLoops...
Testing testEdgeEquality...
Testing testNoConcurrentModificationException...
Testing testEmptyKeyProperty...
Testing testAddingRemovingEdgeProperties...
Testing testAddingLabelAndIdProperty...
Testing testRemoveManyEdges...
	titangraph[berkeleyje:/tmp/titan-test/standard]: 20 vertices counted in 0.3698889999650419ms
	titangraph[berkeleyje:/tmp/titan-test/standard]: 10 edges counted in 0.4438139999983832ms
	titangraph[berkeleyje:/tmp/titan-test/standard]: 10 edges removed and graph checked in 9.733267999952659ms
Testing testRemoveEdgesByRemovingVertex...
*** TOTAL TIME [EdgeTestSuite]: 2898.8873240000103 ***
Testing testFeatureCompliance...
supportsDuplicateEdges: true
supportsSelfLoops: true
supportsSerializableObjectProperty: true
supportsBooleanProperty: true
supportsDoubleProperty: true
supportsFloatProperty: true
supportsIntegerProperty: true
supportsPrimitiveArrayProperty: true
supportsUniformListProperty: true
supportsMixedListProperty: true
supportsLongProperty: true
supportsMapProperty: true
supportsStringProperty: true
ignoresSuppliedIds: true
isPersistent: true
isRDFModel: false
isWrapper: false
supportsIndices: false
supportsVertexIndex: false
supportsEdgeIndex: false
supportsKeyIndices: true
supportsVertexKeyIndex: true
supportsEdgeKeyIndex: false
supportsEdgeIteration: true
supportsVertexIteration: true
supportsEdgeRetrieval: true
supportsVertexProperties: true
supportsEdgeProperties: true
supportsTransactions: true
supportsThreadedTransactions: true
Testing testAddingVerticesAndEdges...
Testing testSettingProperties...
Testing testDataTypeValidationOnProperties...
Testing testVertexEdgeLabels...
Testing testSimpleRemovingVerticesEdges...
Testing testRemovingEdges...
	titangraph[berkeleyje:/tmp/titan-test/standard]: 100 vertices added in 6.333833999931812ms
	titangraph[berkeleyje:/tmp/titan-test/standard]: 200 edges added in 172.98762699996587ms
	titangraph[berkeleyje:/tmp/titan-test/standard]: 200 edges deleted (with size check on each delete) in 127.54567500005942ms
Testing testRemovingVertices...
	titangraph[berkeleyje:/tmp/titan-test/standard]: 500 vertices added in 25.723379999981262ms
	titangraph[berkeleyje:/tmp/titan-test/standard]: 250 edges added in 382.82746200007387ms
	titangraph[berkeleyje:/tmp/titan-test/standard]: 500 vertices deleted (with size check on each delete) in 161.63836300000548ms
Testing testSemanticallyCorrectIterables...
Testing testGettingVerticesAndEdgesWithKeyValue...
Testing testStringRepresentationOfVertexId...
Testing testConnectivityPatterns...
Testing testEmptyOnConstruction...
Testing testVertexEdgeLabels2...
Testing testTreeConnectivity...
	titangraph[berkeleyje:/tmp/titan-test/standard]: 1464 vertices added in a tree structure in 200.25977100001182ms
	titangraph[berkeleyje:/tmp/titan-test/standard]: 1464 vertices iterated in 2.115618000039831ms
	titangraph[berkeleyje:/tmp/titan-test/standard]: 1463 edges iterated in 4.72976999997627ms
Testing testConcurrentModification...
Testing testGraphDataPersists...
	titangraph[berkeleyje:/tmp/titan-test/standard]: 1 graph loaded in 19.421567999990657ms
Testing testAutotypingOfProperties...
*** TOTAL TIME [GraphTestSuite]: 5922.059299999964 ***
Testing testVertexQuery...
Testing testGraphQueryForVertices...
Testing testGraphQueryForEdges...
*** TOTAL TIME [QueryTestSuite]: 834.9410459999926 ***
Testing testAutoIndexKeyManagementWithPersistence...
	titangraph[berkeleyje:/tmp/titan-test/standard]: 2 automatic index keys added in 7.672664999961853ms
Testing testGettingVerticesAndEdgesWithKeyValue...
Testing testNoConcurrentModificationException...
Testing testKeyIndicesConsistentWithElementRemoval...
*** TOTAL TIME [KeyIndexableGraphTestSuite]: 2034.8036619999912 ***
Testing testCompetingThreads...
Testing testAutomaticSuccessfulTransactionOnShutdown...
Testing testVertexCountOnPreTransactionCommit...
Testing testBulkTransactionsOnEdges...
Testing testCompetingThreadsOnMultipleDbInstances...
Testing testAutoStartTransaction...
Testing testTransactionsForVertices...
	titangraph[berkeleyje:/tmp/titan-test/standard]: 1 vertex not added in failed transaction in 0.7852669999701902ms
	titangraph[berkeleyje:/tmp/titan-test/standard]: 1 vertex added in successful transaction in 56.172850999981165ms
Testing testBasicVertexEdgeTransactions...
Testing testTransactionIsolationCommitCheck...
added vertex
reading vertex before tx
read vertex before tx
Testing testRepeatedTransactionStopException...
Testing testBruteVertexTransactions...
	titangraph[berkeleyje:/tmp/titan-test/standard]: 100 vertices added in 100 successful transactions in 714.3484709999757ms
	titangraph[berkeleyje:/tmp/titan-test/standard]: 100 vertices not added in 100 failed transactions in 17.98853699991014ms
	titangraph[berkeleyje:/tmp/titan-test/standard]: 100 vertices added in 1 successful transactions in 194.83268999995198ms
	titangraph[berkeleyje:/tmp/titan-test/standard]: 100 vertices not added in 1 failed transactions in 13.037042999989353ms
Testing testTransactionsForEdges...
	titangraph[berkeleyje:/tmp/titan-test/standard]: 1 edge not added in failed transaction (w/ iteration) in 3.713636999949813ms
	titangraph[berkeleyje:/tmp/titan-test/standard]: 1 edge added in successful transaction (w/ iteration) in 2.1390779999783263ms
Testing testBruteEdgeTransactions...
	titangraph[berkeleyje:/tmp/titan-test/standard]: 100 edges added in 100 successful transactions (2 vertices added for each edge) in 131.8463740000734ms
	titangraph[berkeleyje:/tmp/titan-test/standard]: 100 edges not added in 100 failed transactions (2 vertices added for each edge) in 36.8795800000662ms
	titangraph[berkeleyje:/tmp/titan-test/standard]: 100 edges added in 1 successful transactions (2 vertices added for each edge) in 53.250597000005655ms
	titangraph[berkeleyje:/tmp/titan-test/standard]: 100 edges not added in 1 failed transactions (2 vertices added for each edge) in 29.98373200010974ms
Testing testPropertyTransactions...
	titangraph[berkeleyje:/tmp/titan-test/standard]: 1 vertex added with string property in a successful transaction in 3.38444699998945ms
	titangraph[berkeleyje:/tmp/titan-test/standard]: 1 integer property not added in a failed transaction in 0.865862000035122ms
	titangraph[berkeleyje:/tmp/titan-test/standard]: 2 vertex properties checked in a successful transaction in 0.414837000076659ms
	titangraph[berkeleyje:/tmp/titan-test/standard]: 1 edge property added and checked in a successful transaction in 1.644633000018075ms
	titangraph[berkeleyje:/tmp/titan-test/standard]: 1 edge property added and checked in a failed transaction in 0.4561289999401197ms
Testing testIndexTransactions...
Testing testTrue...
Testing testRemoveInTransaction...
*** TOTAL TIME [TransactionalTitanGraphTestSuite]: 8315.77308199997 ***
Testing testVertexReattachment...
*** TOTAL TIME [TitanSpecificBlueprintsTestSuite]: 45.729618000099435 ***
Testing testTinkerGraphEdges...
	titangraph[berkeleyje:/tmp/titan-test/standard]: graph-example-1 loaded in 52.000599000020884ms
Testing testTinkerGraphVertices...
	titangraph[berkeleyje:/tmp/titan-test/standard]: graph-example-1 loaded in 18.5555540000787ms
Testing testTinkerGraphSoftwareVertices...
	titangraph[berkeleyje:/tmp/titan-test/standard]: graph-example-1 loaded in 18.07278300006874ms
Testing testTinkerGraphVertexAndEdges...
	titangraph[berkeleyje:/tmp/titan-test/standard]: graph-example-1 loaded in 17.732847000006586ms
Testing testReadingTinkerGraphExample3...
Testing testReadingTinkerGraphExample3MappingLabels...
	titangraph[berkeleyje:/tmp/titan-test/standard]: graph-example-3 loaded in 22.05499700002838ms
Testing testReadingTinkerGraphExample3MappingIDs...
	titangraph[berkeleyje:/tmp/titan-test/standard]: graph-example-3 loaded in 20.832144999993034ms
Testing testReadingTinkerGraphExample3MappingAll...
	titangraph[berkeleyje:/tmp/titan-test/standard]: graph-example-3 loaded in 23.430522000067867ms
Testing testMigratingTinkerGraphExample3...
Testing testAllGraphMLTypeCastsAndDataMappings...
Testing testReadingTinkerGraph...
*** TOTAL TIME [GraphMLReaderTestSuite]: 709.7669049999677 ***
Testing testTinkerGraphEdges...
	titangraph[berkeleyje:/tmp/titan-test/standard]: graph-example-1 loaded in 389.3595460000215ms
Testing testTinkerGraphVertices...
	titangraph[berkeleyje:/tmp/titan-test/standard]: graph-example-1 loaded in 16.556489999988116ms
Testing testTinkerGraphSoftwareVertices...
	titangraph[berkeleyje:/tmp/titan-test/standard]: graph-example-1 loaded in 59.471052999957465ms
Testing testTinkerGraphVertexAndEdges...
	titangraph[berkeleyje:/tmp/titan-test/standard]: graph-example-1 loaded in 24.245991999981925ms
Testing testReadingTinkerGraph...
*** TOTAL TIME [GraphSONReaderTestSuite]: 720.9914219999919 ***
Testing testTinkerGraphEdges...
	titangraph[berkeleyje:/tmp/titan-test/standard]: graph-example-1 loaded in 20.475510000018403ms
Testing testTinkerGraphVertices...
	titangraph[berkeleyje:/tmp/titan-test/standard]: graph-example-1 loaded in 15.653156999964267ms
Testing testTinkerGraphSoftwareVertices...
	titangraph[berkeleyje:/tmp/titan-test/standard]: graph-example-1 loaded in 15.74968600005377ms
Testing testTinkerGraphVertexAndEdges...
	titangraph[berkeleyje:/tmp/titan-test/standard]: graph-example-1 loaded in 13.969581000041217ms
Testing testReadingTinkerGraphExample3...
Testing testReadingTinkerGraphExample3MappingLabels...
	titangraph[berkeleyje:/tmp/titan-test/standard]: graph-example-3 loaded in 15.64466300001368ms
Testing testReadingTinkerGraphExample3MappingIDs...
	titangraph[berkeleyje:/tmp/titan-test/standard]: graph-example-3 loaded in 17.100576000055298ms
Testing testReadingTinkerGraphExample3MappingAll...
	titangraph[berkeleyje:/tmp/titan-test/standard]: graph-example-3 loaded in 14.992653999943286ms
Testing testMigratingTinkerGraphExample3...
Testing testReadingTinkerGraph...
*** TOTAL TIME [GMLReaderTestSuite]: 636.4653870000038 ***
Testing testVertexEquality...
	titangraph[berkeleyje:/tmp/titan-test/standard]: 1 vertex added and retrieved in 1.8384279999881983ms
Testing testBasicAddVertex...
Testing testSettingBadVertexProperties...
Testing testAddManyVertexProperties...
	titangraph[berkeleyje:/tmp/titan-test/standard]: 750 vertex properties added (with vertices being added too) in 261.5632179999957ms
Testing testRemoveVertexProperties...
Testing testAddingIdProperty...
Testing testGettingEdgesAndVertices...
Testing testVertexCentricLinking...
Testing testVertexCentricRemoving...
Testing testConcurrentModificationOnProperties...
Testing testVertexEqualityForSuppliedIdsAndHashCode...
Testing testGetVertexWithNull...
Testing testRemoveVertex...
Testing testRemoveVertexWithEdges...
Testing testGetNonExistantVertices...
Testing testRemoveVertexNullId...
	titangraph[berkeleyje:/tmp/titan-test/standard]: 100 vertices added in 1.9319100000429899ms
	titangraph[berkeleyje:/tmp/titan-test/standard]: 100 vertices removed in 5.189938999945298ms
Testing testVertexIterator...
	titangraph[berkeleyje:/tmp/titan-test/standard]: 1000 vertices added in 21.078473999979906ms
	titangraph[berkeleyje:/tmp/titan-test/standard]: 1000 vertices counted in 0.8921920000575483ms
Testing testLegalVertexEdgeIterables...
Testing testAddVertexProperties...
Testing testNoConcurrentModificationException...
Testing testEmptyKeyProperty...
*** TOTAL TIME [VertexTestSuite]: 1732.052726999973 ***
Tests run: 10, Failures: 0, Errors: 0, Skipped: 0, Time elapsed: 23.886 sec
Running com.thinkaurelius.titan.diskstorage.berkeleyje.BerkeleyDBjeKeyColumnValueTest
Loading time (ms): 2529
Reading time (ms): 414
Tests run: 17, Failures: 0, Errors: 0, Skipped: 0, Time elapsed: 13.035 sec
Running com.thinkaurelius.titan.diskstorage.berkeleyje.BerkeleyJeHashKeyColumnValueTest
Loading time (ms): 2240
Reading time (ms): 452
Tests run: 17, Failures: 0, Errors: 0, Skipped: 0, Time elapsed: 13.733 sec
Running com.thinkaurelius.titan.diskstorage.berkeleyje.BerkeleyDBjeKeyColumnValueVariableTest
Loading time (ms): 2330
Reading time (ms): 383
Tests run: 17, Failures: 0, Errors: 0, Skipped: 0, Time elapsed: 9.827 sec
Running com.thinkaurelius.titan.diskstorage.berkeleyje.BerkeleyJEKeyValueTest
Tests run: 7, Failures: 0, Errors: 0, Skipped: 0, Time elapsed: 1.009 sec

Results :

Tests run: 86, Failures: 0, Errors: 0, Skipped: 0

[INFO]                                                                         
[INFO] ------------------------------------------------------------------------
[INFO] Building Titan-Cassandra: Distributed Graph Database 0.2.1-SNAPSHOT
[INFO] ------------------------------------------------------------------------
[INFO] 
[INFO] --- maven-enforcer-plugin:1.0:enforce (enforce-maven) @ titan-cassandra ---
[INFO] 
[INFO] --- maven-resources-plugin:2.5:resources (default-resources) @ titan-cassandra ---
[debug] execute contextualize
[INFO] Using 'UTF-8' encoding to copy filtered resources.
[INFO] Copying 2 resources
[INFO] 
[INFO] --- maven-compiler-plugin:2.5.1:compile (default-compile) @ titan-cassandra ---
[INFO] Nothing to compile - all classes are up to date
[INFO] 
[INFO] --- maven-resources-plugin:2.5:testResources (default-testResources) @ titan-cassandra ---
[debug] execute contextualize
[INFO] Using 'UTF-8' encoding to copy filtered resources.
[INFO] Copying 2 resources
[INFO] 
[INFO] --- maven-resources-plugin:2.5:copy-resources (copy-resources-127.0.0.1) @ titan-cassandra ---
[debug] execute contextualize
[INFO] Using 'UTF-8' encoding to copy filtered resources.
[INFO] Copying 7 resources
[INFO] 
[INFO] --- maven-compiler-plugin:2.5.1:testCompile (default-testCompile) @ titan-cassandra ---
[INFO] Nothing to compile - all classes are up to date
[INFO] 
[INFO] --- maven-surefire-plugin:2.12.1:test (default-test) @ titan-cassandra ---
[INFO] Surefire report directory: /home/travis/build/thinkaurelius/titan/titan-cassandra/target/surefire-reports

-------------------------------------------------------
 T E S T S
-------------------------------------------------------

-------------------------------------------------------
 T E S T S
-------------------------------------------------------
Running com.thinkaurelius.titan.diskstorage.cassandra.thrift.InternalCassandraThriftKeyColumnValueTest
Loading time (ms): 1028
Reading time (ms): 9943
Tests run: 18, Failures: 0, Errors: 0, Skipped: 0, Time elapsed: 76.75 sec
Running com.thinkaurelius.titan.diskstorage.cassandra.astyanax.InternalAstyanaxLockKeyColumnValueStoreTest
Tests run: 14, Failures: 0, Errors: 0, Skipped: 0, Time elapsed: 36.906 sec
Running com.thinkaurelius.titan.diskstorage.cassandra.thrift.InternalCassandraThriftMultiWriteKeyColumnValueStoreTest
Tests run: 2, Failures: 0, Errors: 0, Skipped: 0, Time elapsed: 34.493 sec
Running com.thinkaurelius.titan.blueprints.EmbeddedCassandraBlueprintsTest
Testing testRemoveVertexProperties...
Testing testAddingIdProperty...
Testing testNoConcurrentModificationException...
Testing testGettingEdgesAndVertices...
Testing testEmptyKeyProperty...
Testing testVertexCentricLinking...
Testing testVertexCentricRemoving...
Testing testConcurrentModificationOnProperties...
Testing testSettingBadVertexProperties...
Testing testVertexEquality...
	titangraph[embeddedcassandra:null]: 1 vertex added and retrieved in 609.0154990000883ms
Testing testVertexEqualityForSuppliedIdsAndHashCode...
Testing testBasicAddVertex...
Testing testGetVertexWithNull...
Testing testRemoveVertex...
Testing testRemoveVertexWithEdges...
Testing testGetNonExistantVertices...
Testing testRemoveVertexNullId...
	titangraph[embeddedcassandra:null]: 100 vertices added in 19.64866299997084ms
	titangraph[embeddedcassandra:null]: 100 vertices removed in 16.827485000016168ms
Testing testVertexIterator...
	titangraph[embeddedcassandra:null]: 1000 vertices added in 783.1092339999741ms
	titangraph[embeddedcassandra:null]: 1000 vertices counted in 4.495170000009239ms
Testing testLegalVertexEdgeIterables...
Testing testAddVertexProperties...
Testing testAddManyVertexProperties...
	titangraph[embeddedcassandra:null]: 750 vertex properties added (with vertices being added too) in 20147.609740999993ms
*** TOTAL TIME [VertexTestSuite]: 71001.44137500005 ***
Testing testNoConcurrentModificationException...
Testing testEmptyKeyProperty...
Testing testSettingBadVertexProperties...
Testing testAddManyEdges...
	titangraph[embeddedcassandra:null]: 300 elements added in 3463.9391029999824ms
	titangraph[embeddedcassandra:null]: 100 edges counted in 6.5785410000244156ms
	titangraph[embeddedcassandra:null]: 200 vertices counted in 1.4497149999951944ms
	titangraph[embeddedcassandra:null]: 200 vertices checked in 15.138877999968827ms
Testing testGetEdges...
	titangraph[embeddedcassandra:null]: 3 edges retrieved in 55.748785000061616ms
Testing testGetNonExistantEdges...
Testing testRemoveManyEdges...
	titangraph[embeddedcassandra:null]: 20 vertices counted in 0.9310369999147952ms
	titangraph[embeddedcassandra:null]: 10 edges counted in 1.6290219998918474ms
	titangraph[embeddedcassandra:null]: 10 edges removed and graph checked in 38.83525700005703ms
Testing testAddingDuplicateEdges...
Testing testRemoveEdgesByRemovingVertex...
Testing testRemoveEdges...
Testing testAddingSelfLoops...
Testing testRemoveSelfLoops...
Testing testEdgeIterator...
Testing testAddingRemovingEdgeProperties...
Testing testAddingLabelAndIdProperty...
Testing testEdgeCentricRemoving...
Testing testEdgeEquality...
Testing testAddEdges...
	titangraph[embeddedcassandra:null]: 6 elements added and checked in 914.5390829998069ms
*** TOTAL TIME [EdgeTestSuite]: 42660.466441 ***
Testing testFeatureCompliance...
supportsDuplicateEdges: true
supportsSelfLoops: true
supportsSerializableObjectProperty: true
supportsBooleanProperty: true
supportsDoubleProperty: true
supportsFloatProperty: true
supportsIntegerProperty: true
supportsPrimitiveArrayProperty: true
supportsUniformListProperty: true
supportsMixedListProperty: true
supportsLongProperty: true
supportsMapProperty: true
supportsStringProperty: true
ignoresSuppliedIds: true
isPersistent: true
isRDFModel: false
isWrapper: false
supportsIndices: false
supportsVertexIndex: false
supportsEdgeIndex: false
supportsKeyIndices: true
supportsVertexKeyIndex: true
supportsEdgeKeyIndex: false
supportsEdgeIteration: true
supportsVertexIteration: true
supportsEdgeRetrieval: true
supportsVertexProperties: true
supportsEdgeProperties: true
supportsTransactions: true
supportsThreadedTransactions: true
Testing testEmptyOnConstruction...
Testing testStringRepresentationOfVertexId...
Testing testSemanticallyCorrectIterables...
Testing testGettingVerticesAndEdgesWithKeyValue...
Testing testAddingVerticesAndEdges...
Testing testSettingProperties...
Testing testDataTypeValidationOnProperties...
Testing testVertexEdgeLabels...
Testing testVertexEdgeLabels2...
Testing testTreeConnectivity...
	titangraph[embeddedcassandra:null]: 1464 vertices added in a tree structure in 1438.6680230000056ms
	titangraph[embeddedcassandra:null]: 1464 vertices iterated in 4.977318000048399ms
	titangraph[embeddedcassandra:null]: 1463 edges iterated in 32.817350999917835ms
Testing testConcurrentModification...
Testing testGraphDataPersists...
	titangraph[embeddedcassandra:null]: 1 graph loaded in 5.367464000126347ms
Testing testAutotypingOfProperties...
Testing testSimpleRemovingVerticesEdges...
Testing testRemovingEdges...
	titangraph[embeddedcassandra:null]: 100 vertices added in 616.9518740000203ms
	titangraph[embeddedcassandra:null]: 200 edges added in 5161.460058999946ms
	titangraph[embeddedcassandra:null]: 200 edges deleted (with size check on each delete) in 433.5333310000133ms
Testing testRemovingVertices...
	titangraph[embeddedcassandra:null]: 500 vertices added in 639.6338110000361ms
	titangraph[embeddedcassandra:null]: 250 edges added in 6391.176261000102ms
	titangraph[embeddedcassandra:null]: 500 vertices deleted (with size check on each delete) in 541.1265249999706ms
Testing testConnectivityPatterns...
*** TOTAL TIME [GraphTestSuite]: 39801.611813999945 ***
Testing testVertexQuery...
Testing testGraphQueryForVertices...
Testing testGraphQueryForEdges...
*** TOTAL TIME [QueryTestSuite]: 6469.085551999975 ***
Testing testNoConcurrentModificationException...
Testing testGettingVerticesAndEdgesWithKeyValue...
Testing testAutoIndexKeyManagementWithPersistence...
	titangraph[embeddedcassandra:null]: 2 automatic index keys added in 609.9660840001889ms
Testing testKeyIndicesConsistentWithElementRemoval...
*** TOTAL TIME [KeyIndexableGraphTestSuite]: 5396.31874300004 ***
Testing testCompetingThreads...
Testing testRepeatedTransactionStopException...
Testing testTrue...
Testing testAutoStartTransaction...
Testing testTransactionsForVertices...
	titangraph[embeddedcassandra:null]: 1 vertex not added in failed transaction in 3.1591030000708997ms
	titangraph[embeddedcassandra:null]: 1 vertex added in successful transaction in 1.5977979998569936ms
Testing testBasicVertexEdgeTransactions...
Testing testBruteVertexTransactions...
	titangraph[embeddedcassandra:null]: 100 vertices added in 100 successful transactions in 649.1021610000171ms
	titangraph[embeddedcassandra:null]: 100 vertices not added in 100 failed transactions in 15.490247000008821ms
	titangraph[embeddedcassandra:null]: 100 vertices added in 1 successful transactions in 24.00137499999255ms
	titangraph[embeddedcassandra:null]: 100 vertices not added in 1 failed transactions in 27.842418000102043ms
Testing testTransactionsForEdges...
	titangraph[embeddedcassandra:null]: 1 edge not added in failed transaction (w/ iteration) in 308.24498600000516ms
	titangraph[embeddedcassandra:null]: 1 edge added in successful transaction (w/ iteration) in 107.42511499999091ms
Testing testBruteEdgeTransactions...
	titangraph[embeddedcassandra:null]: 100 edges added in 100 successful transactions (2 vertices added for each edge) in 1077.3495289999992ms
	titangraph[embeddedcassandra:null]: 100 edges not added in 100 failed transactions (2 vertices added for each edge) in 23.896761999931186ms
	titangraph[embeddedcassandra:null]: 100 edges added in 1 successful transactions (2 vertices added for each edge) in 70.83115899981931ms
	titangraph[embeddedcassandra:null]: 100 edges not added in 1 failed transactions (2 vertices added for each edge) in 93.0504479999654ms
Testing testPropertyTransactions...
	titangraph[embeddedcassandra:null]: 1 vertex added with string property in a successful transaction in 1013.9640069999732ms
	titangraph[embeddedcassandra:null]: 1 integer property not added in a failed transaction in 1.8152149999514222ms
	titangraph[embeddedcassandra:null]: 2 vertex properties checked in a successful transaction in 1.0740000000223517ms
	titangraph[embeddedcassandra:null]: 1 edge property added and checked in a successful transaction in 105.79520099982619ms
	titangraph[embeddedcassandra:null]: 1 edge property added and checked in a failed transaction in 0.9616789999417961ms
Testing testIndexTransactions...
Testing testAutomaticSuccessfulTransactionOnShutdown...
Testing testVertexCountOnPreTransactionCommit...
Testing testBulkTransactionsOnEdges...
Testing testTransactionIsolationCommitCheck...
added vertex
reading vertex before tx
read vertex before tx
Testing testRemoveInTransaction...
*** TOTAL TIME [TransactionalTitanGraphTestSuite]: 20103.55908599985 ***
Testing testVertexReattachment...
*** TOTAL TIME [TitanSpecificBlueprintsTestSuite]: 1542.5673279999755 ***
Testing testTinkerGraphEdges...
	titangraph[embeddedcassandra:null]: graph-example-1 loaded in 1072.6977109999862ms
Testing testTinkerGraphVertices...
	titangraph[embeddedcassandra:null]: graph-example-1 loaded in 1032.5125120000448ms
Testing testTinkerGraphSoftwareVertices...
	titangraph[embeddedcassandra:null]: graph-example-1 loaded in 1032.772135999985ms
Testing testTinkerGraphVertexAndEdges...
	titangraph[embeddedcassandra:null]: graph-example-1 loaded in 1039.3651699998882ms
Testing testReadingTinkerGraphExample3...
Testing testReadingTinkerGraphExample3MappingLabels...
	titangraph[embeddedcassandra:null]: graph-example-3 loaded in 1037.5573829999194ms
Testing testReadingTinkerGraphExample3MappingIDs...
	titangraph[embeddedcassandra:null]: graph-example-3 loaded in 1037.2541469999123ms
Testing testReadingTinkerGraphExample3MappingAll...
	titangraph[embeddedcassandra:null]: graph-example-3 loaded in 1032.7762909999583ms
Testing testMigratingTinkerGraphExample3...
Testing testAllGraphMLTypeCastsAndDataMappings...
Testing testReadingTinkerGraph...
*** TOTAL TIME [GraphMLReaderTestSuite]: 11712.095591999823 ***
Testing testTinkerGraphEdges...
	titangraph[embeddedcassandra:null]: graph-example-1 loaded in 1271.2985050000716ms
Testing testTinkerGraphVertices...
	titangraph[embeddedcassandra:null]: graph-example-1 loaded in 1029.7528049999382ms
Testing testTinkerGraphSoftwareVertices...
	titangraph[embeddedcassandra:null]: graph-example-1 loaded in 1028.6690650000237ms
Testing testTinkerGraphVertexAndEdges...
	titangraph[embeddedcassandra:null]: graph-example-1 loaded in 1029.112688000081ms
Testing testReadingTinkerGraph...
*** TOTAL TIME [GraphSONReaderTestSuite]: 6913.488745999988 ***
Testing testTinkerGraphEdges...
	titangraph[embeddedcassandra:null]: graph-example-1 loaded in 1030.938807999948ms
Testing testTinkerGraphVertices...
	titangraph[embeddedcassandra:null]: graph-example-1 loaded in 1036.5311030000448ms
Testing testTinkerGraphSoftwareVertices...
	titangraph[embeddedcassandra:null]: graph-example-1 loaded in 1029.097531999927ms
Testing testTinkerGraphVertexAndEdges...
	titangraph[embeddedcassandra:null]: graph-example-1 loaded in 1028.4166709999554ms
Testing testReadingTinkerGraphExample3...
Testing testReadingTinkerGraphExample3MappingLabels...
	titangraph[embeddedcassandra:null]: graph-example-3 loaded in 1035.5367789999582ms
Testing testReadingTinkerGraphExample3MappingIDs...
	titangraph[embeddedcassandra:null]: graph-example-3 loaded in 1150.0652590000536ms
Testing testReadingTinkerGraphExample3MappingAll...
	titangraph[embeddedcassandra:null]: graph-example-3 loaded in 1028.7383679999039ms
Testing testMigratingTinkerGraphExample3...
Testing testReadingTinkerGraph...
*** TOTAL TIME [GMLReaderTestSuite]: 13611.236897000112 ***
Tests run: 10, Failures: 0, Errors: 0, Skipped: 0, Time elapsed: 219.354 sec
Running com.thinkaurelius.titan.diskstorage.cassandra.embedded.InternalCassandraEmbeddedKeyColumnValueTest
Loading time (ms): 593
Reading time (ms): 7276
Tests run: 18, Failures: 0, Errors: 0, Skipped: 0, Time elapsed: 38.041 sec
Running com.thinkaurelius.titan.blueprints.InternalCassandraBlueprintsTest
Testing testRemoveVertexProperties...
Testing testAddingIdProperty...
Testing testNoConcurrentModificationException...
Testing testGettingEdgesAndVertices...
Testing testEmptyKeyProperty...
Testing testVertexCentricLinking...
Testing testVertexCentricRemoving...
Testing testConcurrentModificationOnProperties...
Testing testSettingBadVertexProperties...
Testing testVertexEquality...
	titangraph[cassandra:null]: 1 vertex added and retrieved in 853.0591899999417ms
Testing testVertexEqualityForSuppliedIdsAndHashCode...
Testing testBasicAddVertex...
Testing testGetVertexWithNull...
Testing testRemoveVertex...
Testing testRemoveVertexWithEdges...
Testing testGetNonExistantVertices...
Testing testRemoveVertexNullId...
	titangraph[cassandra:null]: 100 vertices added in 20.881642000051215ms
	titangraph[cassandra:null]: 100 vertices removed in 19.051617000019178ms
Testing testVertexIterator...
	titangraph[cassandra:null]: 1000 vertices added in 922.1902850000188ms
	titangraph[cassandra:null]: 1000 vertices counted in 17.511358000105247ms
Testing testLegalVertexEdgeIterables...
Testing testAddVertexProperties...
Testing testAddManyVertexProperties...
	titangraph[cassandra:null]: 750 vertex properties added (with vertices being added too) in 19993.93280699989ms
*** TOTAL TIME [VertexTestSuite]: 62474.69474299997 ***
Testing testNoConcurrentModificationException...
Testing testEmptyKeyProperty...
Testing testSettingBadVertexProperties...
Testing testAddManyEdges...
	titangraph[cassandra:null]: 300 elements added in 3409.0621060000267ms
	titangraph[cassandra:null]: 100 edges counted in 8.033654999919236ms
	titangraph[cassandra:null]: 200 vertices counted in 2.312879999866709ms
	titangraph[cassandra:null]: 200 vertices checked in 18.133728000102565ms
Testing testGetEdges...
	titangraph[cassandra:null]: 3 edges retrieved in 8.314390000188723ms
Testing testGetNonExistantEdges...
Testing testRemoveManyEdges...
	titangraph[cassandra:null]: 20 vertices counted in 1.5708739999681711ms
	titangraph[cassandra:null]: 10 edges counted in 1.9034849999006838ms
	titangraph[cassandra:null]: 10 edges removed and graph checked in 41.57298399996944ms
Testing testAddingDuplicateEdges...
Testing testRemoveEdgesByRemovingVertex...
Testing testRemoveEdges...
Testing testAddingSelfLoops...
Testing testRemoveSelfLoops...
Testing testEdgeIterator...
Testing testAddingRemovingEdgeProperties...
Testing testAddingLabelAndIdProperty...
Testing testEdgeCentricRemoving...
Testing testEdgeEquality...
Testing testAddEdges...
	titangraph[cassandra:null]: 6 elements added and checked in 930.8490790000651ms
*** TOTAL TIME [EdgeTestSuite]: 28208.920048999833 ***
Testing testFeatureCompliance...
supportsDuplicateEdges: true
supportsSelfLoops: true
supportsSerializableObjectProperty: true
supportsBooleanProperty: true
supportsDoubleProperty: true
supportsFloatProperty: true
supportsIntegerProperty: true
supportsPrimitiveArrayProperty: true
supportsUniformListProperty: true
supportsMixedListProperty: true
supportsLongProperty: true
supportsMapProperty: true
supportsStringProperty: true
ignoresSuppliedIds: true
isPersistent: true
isRDFModel: false
isWrapper: false
supportsIndices: false
supportsVertexIndex: false
supportsEdgeIndex: false
supportsKeyIndices: true
supportsVertexKeyIndex: true
supportsEdgeKeyIndex: false
supportsEdgeIteration: true
supportsVertexIteration: true
supportsEdgeRetrieval: true
supportsVertexProperties: true
supportsEdgeProperties: true
supportsTransactions: true
supportsThreadedTransactions: true
Testing testEmptyOnConstruction...
Testing testStringRepresentationOfVertexId...
Testing testSemanticallyCorrectIterables...
Testing testGettingVerticesAndEdgesWithKeyValue...
Testing testAddingVerticesAndEdges...
Testing testSettingProperties...
Testing testDataTypeValidationOnProperties...
Testing testRemovingVertices...
	titangraph[cassandra:null]: 500 vertices added in 734.0951960000675ms
	titangraph[cassandra:null]: 250 edges added in 6435.52912800014ms
	titangraph[cassandra:null]: 500 vertices deleted (with size check on each delete) in 1142.7658890001476ms
Testing testConnectivityPatterns...
Testing testVertexEdgeLabels...
Testing testVertexEdgeLabels2...
Testing testTreeConnectivity...
	titangraph[cassandra:null]: 1464 vertices added in a tree structure in 1280.8490579999052ms
	titangraph[cassandra:null]: 1464 vertices iterated in 2.5555569999851286ms
	titangraph[cassandra:null]: 1463 edges iterated in 6.0859870000276715ms
Testing testConcurrentModification...
Testing testGraphDataPersists...
	titangraph[cassandra:null]: 1 graph loaded in 20.27774200006388ms
Testing testAutotypingOfProperties...
Testing testSimpleRemovingVerticesEdges...
Testing testRemovingEdges...
	titangraph[cassandra:null]: 100 vertices added in 611.3677660000976ms
	titangraph[cassandra:null]: 200 edges added in 5189.311327999923ms
	titangraph[cassandra:null]: 200 edges deleted (with size check on each delete) in 403.63345499988645ms
*** TOTAL TIME [GraphTestSuite]: 41330.31999800005 ***
Testing testVertexQuery...
Testing testGraphQueryForVertices...
Testing testGraphQueryForEdges...
*** TOTAL TIME [QueryTestSuite]: 5708.181114000035 ***
Testing testNoConcurrentModificationException...
Testing testGettingVerticesAndEdgesWithKeyValue...
Testing testAutoIndexKeyManagementWithPersistence...
	titangraph[cassandra:null]: 2 automatic index keys added in 610.2316780001856ms
Testing testKeyIndicesConsistentWithElementRemoval...
*** TOTAL TIME [KeyIndexableGraphTestSuite]: 6437.622531000059 ***
Testing testCompetingThreads...
Testing testRepeatedTransactionStopException...
Testing testTrue...
Testing testAutoStartTransaction...
Testing testTransactionsForVertices...
	titangraph[cassandra:null]: 1 vertex not added in failed transaction in 3.423331999918446ms
	titangraph[cassandra:null]: 1 vertex added in successful transaction in 1.9276460001710802ms
Testing testBasicVertexEdgeTransactions...
Testing testBruteVertexTransactions...
	titangraph[cassandra:null]: 100 vertices added in 100 successful transactions in 666.7708759999368ms
	titangraph[cassandra:null]: 100 vertices not added in 100 failed transactions in 12.946743000065908ms
	titangraph[cassandra:null]: 100 vertices added in 1 successful transactions in 32.402857000008225ms
	titangraph[cassandra:null]: 100 vertices not added in 1 failed transactions in 43.98833300010301ms
Testing testTransactionsForEdges...
	titangraph[cassandra:null]: 1 edge not added in failed transaction (w/ iteration) in 312.63946700003ms
	titangraph[cassandra:null]: 1 edge added in successful transaction (w/ iteration) in 108.32683799997903ms
Testing testBruteEdgeTransactions...
	titangraph[cassandra:null]: 100 edges added in 100 successful transactions (2 vertices added for each edge) in 1108.0606949999928ms
	titangraph[cassandra:null]: 100 edges not added in 100 failed transactions (2 vertices added for each edge) in 29.88386999978684ms
	titangraph[cassandra:null]: 100 edges added in 1 successful transactions (2 vertices added for each edge) in 103.85908300010487ms
	titangraph[cassandra:null]: 100 edges not added in 1 failed transactions (2 vertices added for each edge) in 144.3656760000158ms
Testing testPropertyTransactions...
	titangraph[cassandra:null]: 1 vertex added with string property in a successful transaction in 1018.4311770000495ms
	titangraph[cassandra:null]: 1 integer property not added in a failed transaction in 2.8716430000495166ms
	titangraph[cassandra:null]: 2 vertex properties checked in a successful transaction in 1.9269430001731962ms
	titangraph[cassandra:null]: 1 edge property added and checked in a successful transaction in 107.53340000007302ms
	titangraph[cassandra:null]: 1 edge property added and checked in a failed transaction in 1.5473070000298321ms
Testing testIndexTransactions...
Testing testAutomaticSuccessfulTransactionOnShutdown...
Testing testVertexCountOnPreTransactionCommit...
Testing testBulkTransactionsOnEdges...
Testing testTransactionIsolationCommitCheck...
added vertex
reading vertex before tx
read vertex before tx
Testing testRemoveInTransaction...
*** TOTAL TIME [TransactionalTitanGraphTestSuite]: 22125.853916999884 ***
Testing testVertexReattachment...
*** TOTAL TIME [TitanSpecificBlueprintsTestSuite]: 1766.353119000094 ***
Testing testTinkerGraphEdges...
	titangraph[cassandra:null]: graph-example-1 loaded in 1126.6443920000456ms
Testing testTinkerGraphVertices...
	titangraph[cassandra:null]: graph-example-1 loaded in 1048.5222530001774ms
Testing testTinkerGraphSoftwareVertices...
	titangraph[cassandra:null]: graph-example-1 loaded in 1051.9028450001497ms
Testing testTinkerGraphVertexAndEdges...
	titangraph[cassandra:null]: graph-example-1 loaded in 1046.7897789999843ms
Testing testReadingTinkerGraphExample3...
Testing testReadingTinkerGraphExample3MappingLabels...
	titangraph[cassandra:null]: graph-example-3 loaded in 1057.5909150000662ms
Testing testReadingTinkerGraphExample3MappingIDs...
	titangraph[cassandra:null]: graph-example-3 loaded in 1070.6661349998321ms
Testing testReadingTinkerGraphExample3MappingAll...
	titangraph[cassandra:null]: graph-example-3 loaded in 1048.6975950000342ms
Testing testMigratingTinkerGraphExample3...
Testing testAllGraphMLTypeCastsAndDataMappings...
Testing testReadingTinkerGraph...
*** TOTAL TIME [GraphMLReaderTestSuite]: 18529.871400999837 ***
Testing testTinkerGraphEdges...
	titangraph[cassandra:null]: graph-example-1 loaded in 1308.301032999996ms
Testing testTinkerGraphVertices...
	titangraph[cassandra:null]: graph-example-1 loaded in 1044.7473069999833ms
Testing testTinkerGraphSoftwareVertices...
	titangraph[cassandra:null]: graph-example-1 loaded in 1049.2495290001389ms
Testing testTinkerGraphVertexAndEdges...
	titangraph[cassandra:null]: graph-example-1 loaded in 1045.127487000078ms
Testing testReadingTinkerGraph...
*** TOTAL TIME [GraphSONReaderTestSuite]: 8190.054326000158 ***
Testing testTinkerGraphEdges...
	titangraph[cassandra:null]: graph-example-1 loaded in 1047.1653420000803ms
Testing testTinkerGraphVertices...
	titangraph[cassandra:null]: graph-example-1 loaded in 1040.3314580000006ms
Testing testTinkerGraphSoftwareVertices...
	titangraph[cassandra:null]: graph-example-1 loaded in 1047.93851300003ms
Testing testTinkerGraphVertexAndEdges...
	titangraph[cassandra:null]: graph-example-1 loaded in 1052.5063289999962ms
Testing testReadingTinkerGraphExample3...
Testing testReadingTinkerGraphExample3MappingLabels...
	titangraph[cassandra:null]: graph-example-3 loaded in 1044.5637590000406ms
Testing testReadingTinkerGraphExample3MappingIDs...
	titangraph[cassandra:null]: graph-example-3 loaded in 1041.0482690001372ms
Testing testReadingTinkerGraphExample3MappingAll...
	titangraph[cassandra:null]: graph-example-3 loaded in 1038.1697509998921ms
Testing testMigratingTinkerGraphExample3...
Testing testReadingTinkerGraph...
*** TOTAL TIME [GMLReaderTestSuite]: 10784.165436000098 ***
Tests run: 10, Failures: 0, Errors: 0, Skipped: 0, Time elapsed: 205.696 sec
Running com.thinkaurelius.titan.tinkerpop.rexster.RexsterServerClientCassandraEmbeddedTest
Tests run: 1, Failures: 0, Errors: 0, Skipped: 0, Time elapsed: 15.405 sec
Running com.thinkaurelius.titan.diskstorage.cassandra.embedded.InternalCassandraEmbeddedMultiWriteKeyColumnValueStoreTest
Tests run: 2, Failures: 0, Errors: 0, Skipped: 0, Time elapsed: 18.086 sec
Running com.thinkaurelius.titan.graphdb.embedded.InternalCassandraEmbeddedGraphTest
java.util.GregorianCalendar[time=278380800000,areFieldsSet=true,areAllFieldsSet=true,lenient=true,zone=sun.util.calendar.ZoneInfo[id="Etc/UTC",offset=0,dstSavings=0,useDaylight=false,transitions=0,lastRule=null],firstDayOfWeek=1,minimalDaysInFirstWeek=1,ERA=1,YEAR=1978,MONTH=9,WEEK_OF_YEAR=43,WEEK_OF_MONTH=4,DAY_OF_MONTH=28,DAY_OF_YEAR=301,DAY_OF_WEEK=7,DAY_OF_WEEK_IN_MONTH=4,AM_PM=0,HOUR=0,HOUR_OF_DAY=0,MINUTE=0,SECOND=0,MILLISECOND=0,ZONE_OFFSET=0,DST_OFFSET=0]
java.util.GregorianCalendar[time=278380800000,areFieldsSet=true,areAllFieldsSet=true,lenient=true,zone=sun.util.calendar.ZoneInfo[id="Etc/UTC",offset=0,dstSavings=0,useDaylight=false,transitions=0,lastRule=null],firstDayOfWeek=1,minimalDaysInFirstWeek=1,ERA=1,YEAR=1978,MONTH=9,WEEK_OF_YEAR=43,WEEK_OF_MONTH=4,DAY_OF_MONTH=28,DAY_OF_YEAR=301,DAY_OF_WEEK=7,DAY_OF_WEEK_IN_MONTH=4,AM_PM=0,HOUR=0,HOUR_OF_DAY=0,MINUTE=0,SECOND=0,MILLISECOND=0,ZONE_OFFSET=0,DST_OFFSET=0]
Tests run: 17, Failures: 0, Errors: 0, Skipped: 0, Time elapsed: 58.638 sec
Running com.thinkaurelius.titan.graphdb.astyanax.InternalAstyanaxGraphTest
java.util.GregorianCalendar[time=278380800000,areFieldsSet=true,areAllFieldsSet=true,lenient=true,zone=sun.util.calendar.ZoneInfo[id="Etc/UTC",offset=0,dstSavings=0,useDaylight=false,transitions=0,lastRule=null],firstDayOfWeek=1,minimalDaysInFirstWeek=1,ERA=1,YEAR=1978,MONTH=9,WEEK_OF_YEAR=43,WEEK_OF_MONTH=4,DAY_OF_MONTH=28,DAY_OF_YEAR=301,DAY_OF_WEEK=7,DAY_OF_WEEK_IN_MONTH=4,AM_PM=0,HOUR=0,HOUR_OF_DAY=0,MINUTE=0,SECOND=0,MILLISECOND=0,ZONE_OFFSET=0,DST_OFFSET=0]
java.util.GregorianCalendar[time=278380800000,areFieldsSet=true,areAllFieldsSet=true,lenient=true,zone=sun.util.calendar.ZoneInfo[id="Etc/UTC",offset=0,dstSavings=0,useDaylight=false,transitions=0,lastRule=null],firstDayOfWeek=1,minimalDaysInFirstWeek=1,ERA=1,YEAR=1978,MONTH=9,WEEK_OF_YEAR=43,WEEK_OF_MONTH=4,DAY_OF_MONTH=28,DAY_OF_YEAR=301,DAY_OF_WEEK=7,DAY_OF_WEEK_IN_MONTH=4,AM_PM=0,HOUR=0,HOUR_OF_DAY=0,MINUTE=0,SECOND=0,MILLISECOND=0,ZONE_OFFSET=0,DST_OFFSET=0]
Tests run: 17, Failures: 0, Errors: 0, Skipped: 0, Time elapsed: 62.27 sec
Running com.thinkaurelius.titan.diskstorage.cassandra.astyanax.InternalAstyanaxKeyColumnValueTest
Loading time (ms): 1064
Reading time (ms): 8343
Tests run: 18, Failures: 0, Errors: 0, Skipped: 0, Time elapsed: 61.26 sec
Running com.thinkaurelius.titan.diskstorage.cassandra.embedded.InternalCassandraEmbeddedLockKeyColumnValueStoreTest
Tests run: 14, Failures: 0, Errors: 0, Skipped: 0, Time elapsed: 34.504 sec
Running com.thinkaurelius.titan.diskstorage.cassandra.UUIDTest
Tests run: 1, Failures: 0, Errors: 0, Skipped: 0, Time elapsed: 0.851 sec
Running com.thinkaurelius.titan.diskstorage.cassandra.thrift.InternalCassandraLockKeyColumnValueStoreTest
Tests run: 14, Failures: 0, Errors: 0, Skipped: 0, Time elapsed: 39.218 sec
Running com.thinkaurelius.titan.graphdb.thrift.InternalCassandraGraphTest
java.util.GregorianCalendar[time=278380800000,areFieldsSet=true,areAllFieldsSet=true,lenient=true,zone=sun.util.calendar.ZoneInfo[id="Etc/UTC",offset=0,dstSavings=0,useDaylight=false,transitions=0,lastRule=null],firstDayOfWeek=1,minimalDaysInFirstWeek=1,ERA=1,YEAR=1978,MONTH=9,WEEK_OF_YEAR=43,WEEK_OF_MONTH=4,DAY_OF_MONTH=28,DAY_OF_YEAR=301,DAY_OF_WEEK=7,DAY_OF_WEEK_IN_MONTH=4,AM_PM=0,HOUR=0,HOUR_OF_DAY=0,MINUTE=0,SECOND=0,MILLISECOND=0,ZONE_OFFSET=0,DST_OFFSET=0]
java.util.GregorianCalendar[time=278380800000,areFieldsSet=true,areAllFieldsSet=true,lenient=true,zone=sun.util.calendar.ZoneInfo[id="Etc/UTC",offset=0,dstSavings=0,useDaylight=false,transitions=0,lastRule=null],firstDayOfWeek=1,minimalDaysInFirstWeek=1,ERA=1,YEAR=1978,MONTH=9,WEEK_OF_YEAR=43,WEEK_OF_MONTH=4,DAY_OF_MONTH=28,DAY_OF_YEAR=301,DAY_OF_WEEK=7,DAY_OF_WEEK_IN_MONTH=4,AM_PM=0,HOUR=0,HOUR_OF_DAY=0,MINUTE=0,SECOND=0,MILLISECOND=0,ZONE_OFFSET=0,DST_OFFSET=0]
Tests run: 17, Failures: 0, Errors: 0, Skipped: 0, Time elapsed: 53.74 sec
Running com.thinkaurelius.titan.diskstorage.cassandra.astyanax.InternalAstyanaxMultiWriteKeyColumnValueTest
Tests run: 2, Failures: 0, Errors: 0, Skipped: 0, Time elapsed: 38.091 sec

Results :

Tests run: 175, Failures: 0, Errors: 0, Skipped: 0

[INFO]                                                                         
[INFO] ------------------------------------------------------------------------
[INFO] Building Titan-HBase: Distributed Graph Database 0.2.1-SNAPSHOT
[INFO] ------------------------------------------------------------------------
[INFO] 
[INFO] --- maven-enforcer-plugin:1.0:enforce (enforce-maven) @ titan-hbase ---
[INFO] 
[INFO] --- maven-resources-plugin:2.3:resources (default-resources) @ titan-hbase ---
[INFO] Using 'UTF-8' encoding to copy filtered resources.
[INFO] Copying 2 resources
[INFO] 
[INFO] --- maven-compiler-plugin:2.5.1:compile (default-compile) @ titan-hbase ---
[INFO] Nothing to compile - all classes are up to date
[INFO] 
[INFO] --- maven-resources-plugin:2.3:testResources (default-testResources) @ titan-hbase ---
[INFO] Using 'UTF-8' encoding to copy filtered resources.
[INFO] Copying 2 resources
[INFO] 
[INFO] --- maven-compiler-plugin:2.5.1:testCompile (default-testCompile) @ titan-hbase ---
[INFO] Nothing to compile - all classes are up to date
[INFO] 
[INFO] --- maven-dependency-plugin:2.7:copy-dependencies (default) @ titan-hbase ---
[INFO] grizzly-http-2.2.16.jar already exists in destination.
[INFO] guava-12.0.jar already exists in destination.
[INFO] oro-2.0.8.jar already exists in destination.
[INFO] pfl-tf-1.0.0-b001.jar already exists in destination.
[INFO] stax-api-1.0.1.jar already exists in destination.
[INFO] commons-net-1.4.1.jar already exists in destination.
[INFO] json-simple-1.1.jar already exists in destination.
[INFO] metrics-core-2.1.2.jar already exists in destination.
[INFO] pfl-basic-tools-1.0.0-b001.jar already exists in destination.
[INFO] concurrent-1.3.4.jar already exists in destination.
[INFO] pipes-2.3.0.jar already exists in destination.
[INFO] httpcore-4.1.3.jar already exists in destination.
[INFO] hadoop-core-1.0.3.jar already exists in destination.
[INFO] gremlin-groovy-2.3.0.jar already exists in destination.
[INFO] groovy-1.8.9.jar already exists in destination.
[INFO] jline-0.9.94.jar already exists in destination.
[INFO] minlog-1.2.jar already exists in destination.
[INFO] commons-beanutils-1.7.0.jar already exists in destination.
[INFO] jackson-datatype-json-org-2.1.2.jar already exists in destination.
[INFO] classes already exists in destination.
[INFO] commons-httpclient-3.1.jar already exists in destination.
[INFO] javax.servlet-api-3.0.1.jar already exists in destination.
[INFO] asm-commons-3.2.jar already exists in destination.
[INFO] colt-1.2.0.jar already exists in destination.
[INFO] commons-cli-1.2.jar already exists in destination.
[INFO] jersey-client-1.17.jar already exists in destination.
[INFO] jersey-servlet-1.17.jar already exists in destination.
[INFO] jasper-compiler-5.5.23.jar already exists in destination.
[INFO] jackson-annotations-2.1.1.jar already exists in destination.
[INFO] log4j-1.2.16.jar already exists in destination.
[INFO] jamon-runtime-2.3.1.jar already exists in destination.
[INFO] rexster-protocol-2.3.0.jar already exists in destination.
[INFO] jackson-xc-1.8.8.jar already exists in destination.
[INFO] kfs-0.3.jar already exists in destination.
[INFO] jackson-core-asl-1.8.8.jar already exists in destination.
[INFO] libthrift-0.8.0.jar already exists in destination.
[INFO] grizzly-http-servlet-2.2.16.jar already exists in destination.
[INFO] asm-3.2.jar already exists in destination.
[INFO] commons-math-2.2.jar already exists in destination.
[INFO] jaxb-api-2.1.jar already exists in destination.
[INFO] jettison-1.3.3.jar already exists in destination.
[INFO] slf4j-api-1.6.1.jar already exists in destination.
[INFO] grizzly-framework-2.2.16.jar already exists in destination.
[INFO] jersey-core-1.8.jar already exists in destination.
[INFO] jaxb-impl-2.2.3-1.jar already exists in destination.
[INFO] commons-el-1.0.jar already exists in destination.
[INFO] kryo-1.04.jar already exists in destination.
[INFO] asm-analysis-3.2.jar already exists in destination.
[INFO] gremlin-java-2.3.0.jar already exists in destination.
[INFO] mockito-all-1.8.1.jar already exists in destination.
[INFO] core-3.1.1.jar already exists in destination.
[INFO] jackson-databind-2.1.2.jar already exists in destination.
[INFO] asm-tree-3.2.jar already exists in destination.
[INFO] hbase-0.94.1.jar already exists in destination.
[INFO] commons-logging-1.1.1.jar already exists in destination.
[INFO] httpclient-4.1.2.jar already exists in destination.
[INFO] commons-codec-1.7.jar already exists in destination.
[INFO] protobuf-java-2.4.0a.jar already exists in destination.
[INFO] jersey-grizzly2-1.17.jar already exists in destination.
[INFO] jsp-2.1-6.1.14.jar already exists in destination.
[INFO] grizzly-portunif-2.2.16.jar already exists in destination.
[INFO] gmbal-3.2.0-b003.jar already exists in destination.
[INFO] jackson-mapper-asl-1.8.8.jar already exists in destination.
[INFO] jetty-util-6.1.26.jar already exists in destination.
[INFO] jersey-server-1.8.jar already exists in destination.
[INFO] commons-digester-1.8.jar already exists in destination.
[INFO] activation-1.1.jar already exists in destination.
[INFO] commons-lang-2.5.jar already exists in destination.
[INFO] classes already exists in destination.
[INFO] xmlenc-0.52.jar already exists in destination.
[INFO] jets3t-0.7.1.jar already exists in destination.
[INFO] commons-beanutils-core-1.8.0.jar already exists in destination.
[INFO] antlr-2.7.7.jar already exists in destination.
[INFO] grizzly-rcm-2.2.16.jar already exists in destination.
[INFO] asm-util-3.2.jar already exists in destination.
[INFO] pfl-tf-tools-1.0.0-b001.jar already exists in destination.
[INFO] rexster-server-2.3.0.jar already exists in destination.
[INFO] blueprints-test-2.3.0.jar already exists in destination.
[INFO] hsqldb-1.8.0.10.jar already exists in destination.
[INFO] grizzly-core-2.2.16.jar already exists in destination.
[INFO] grizzly-http-server-2.2.16.jar already exists in destination.
[INFO] jsr305-1.3.9.jar already exists in destination.
[INFO] junit-4.8.1.jar already exists in destination.
[INFO] jackson-core-2.1.2.jar already exists in destination.
[INFO] servlet-api-2.5-6.1.14.jar already exists in destination.
[INFO] rexster-core-2.3.0.jar already exists in destination.
[INFO] blueprints-core-2.3.0.jar already exists in destination.
[INFO] jsp-api-2.1-6.1.14.jar already exists in destination.
[INFO] netty-3.2.4.Final.jar already exists in destination.
[INFO] jansi-1.5.jar already exists in destination.
[INFO] zookeeper-3.4.3.jar already exists in destination.
[INFO] commons-collections-3.2.1.jar already exists in destination.
[INFO] json-20090211.jar already exists in destination.
[INFO] commons-io-2.0.1.jar already exists in destination.
[INFO] commons-configuration-1.6.jar already exists in destination.
[INFO] management-api-3.0.0-b012.jar already exists in destination.
[INFO] slf4j-log4j12-1.6.1.jar already exists in destination.
[INFO] msgpack-0.6.5.jar already exists in destination.
[INFO] jersey-json-1.8.jar already exists in destination.
[INFO] jasper-runtime-5.5.23.jar already exists in destination.
[INFO] jackson-jaxrs-1.8.8.jar already exists in destination.
[INFO] avro-ipc-1.5.3.jar already exists in destination.
[INFO] reflectasm-1.01.jar already exists in destination.
[INFO] javassist-3.15.0-GA.jar already exists in destination.
[INFO] pfl-basic-1.0.0-b001.jar already exists in destination.
[INFO] jetty-6.1.26.jar already exists in destination.
[INFO] pfl-asm-1.0.0-b001.jar already exists in destination.
[INFO] high-scale-lib-1.1.1.jar already exists in destination.
[INFO] velocity-1.7.jar already exists in destination.
[INFO] 
[INFO] --- maven-surefire-plugin:2.12.1:test (default-test) @ titan-hbase ---
[INFO] Surefire report directory: /home/travis/build/thinkaurelius/titan/titan-hbase/target/surefire-reports

-------------------------------------------------------
 T E S T S
-------------------------------------------------------
Running com.thinkaurelius.titan.diskstorage.hbase.HBaseLockKeyColumnValueStoreTest
Tests run: 14, Failures: 0, Errors: 0, Skipped: 0, Time elapsed: 63.429 sec
Running com.thinkaurelius.titan.blueprints.HBaseBlueprintsTest
Testing testLegalVertexEdgeIterables...
Testing testAddVertexProperties...
Testing testAddManyVertexProperties...
	titangraph[hbase:null]: 750 vertex properties added (with vertices being added too) in 20613.61301500001ms
Testing testRemoveVertexProperties...
Testing testAddingIdProperty...
Testing testNoConcurrentModificationException...
Testing testGettingEdgesAndVertices...
Testing testEmptyKeyProperty...
Testing testVertexCentricLinking...
Testing testGetVertexWithNull...
Testing testRemoveVertex...
Testing testRemoveVertexWithEdges...
Testing testGetNonExistantVertices...
Testing testRemoveVertexNullId...
	titangraph[hbase:null]: 100 vertices added in 16.344527000095695ms
	titangraph[hbase:null]: 100 vertices removed in 15.023531999904662ms
Testing testVertexIterator...
	titangraph[hbase:null]: 1000 vertices added in 766.6785610001534ms
	titangraph[hbase:null]: 1000 vertices counted in 20.354710000101477ms
Testing testVertexCentricRemoving...
Testing testConcurrentModificationOnProperties...
Testing testSettingBadVertexProperties...
Testing testVertexEqualityForSuppliedIdsAndHashCode...
Testing testVertexEquality...
	titangraph[hbase:null]: 1 vertex added and retrieved in 613.5883219998796ms
Testing testBasicAddVertex...
*** TOTAL TIME [VertexTestSuite]: 87556.19598999992 ***
Testing testNoConcurrentModificationException...
Testing testEmptyKeyProperty...
Testing testAddManyEdges...
	titangraph[hbase:null]: 300 elements added in 3404.2511360000353ms
	titangraph[hbase:null]: 100 edges counted in 27.565903999842703ms
	titangraph[hbase:null]: 200 vertices counted in 19.524907999904826ms
	titangraph[hbase:null]: 200 vertices checked in 36.100744999945164ms
Testing testGetEdges...
	titangraph[hbase:null]: 3 edges retrieved in 4.143414000049233ms
Testing testGetNonExistantEdges...
Testing testRemoveManyEdges...
	titangraph[hbase:null]: 20 vertices counted in 21.9196210000664ms
	titangraph[hbase:null]: 10 edges counted in 18.97851700009778ms
	titangraph[hbase:null]: 10 edges removed and graph checked in 377.35980900004506ms
Testing testAddingDuplicateEdges...
Testing testRemoveEdgesByRemovingVertex...
Testing testRemoveEdges...
Testing testAddingSelfLoops...
Testing testSettingBadVertexProperties...
Testing testEdgeEquality...
Testing testAddEdges...
	titangraph[hbase:null]: 6 elements added and checked in 924.643664999865ms
Testing testRemoveSelfLoops...
Testing testEdgeIterator...
Testing testAddingRemovingEdgeProperties...
Testing testAddingLabelAndIdProperty...
Testing testEdgeCentricRemoving...
*** TOTAL TIME [EdgeTestSuite]: 29638.16827899986 ***
Testing testFeatureCompliance...
supportsDuplicateEdges: true
supportsSelfLoops: true
supportsSerializableObjectProperty: true
supportsBooleanProperty: true
supportsDoubleProperty: true
supportsFloatProperty: true
supportsIntegerProperty: true
supportsPrimitiveArrayProperty: true
supportsUniformListProperty: true
supportsMixedListProperty: true
supportsLongProperty: true
supportsMapProperty: true
supportsStringProperty: true
ignoresSuppliedIds: true
isPersistent: true
isRDFModel: false
isWrapper: false
supportsIndices: false
supportsVertexIndex: false
supportsEdgeIndex: false
supportsKeyIndices: true
supportsVertexKeyIndex: true
supportsEdgeKeyIndex: false
supportsEdgeIteration: true
supportsVertexIteration: true
supportsEdgeRetrieval: true
supportsVertexProperties: true
supportsEdgeProperties: true
supportsTransactions: true
supportsThreadedTransactions: true
Testing testSimpleRemovingVerticesEdges...
Testing testRemovingEdges...
	titangraph[hbase:null]: 100 vertices added in 621.8521729998756ms
	titangraph[hbase:null]: 200 edges added in 5229.490294999909ms
	titangraph[hbase:null]: 200 edges deleted (with size check on each delete) in 8592.09944699984ms
Testing testRemovingVertices...
	titangraph[hbase:null]: 500 vertices added in 656.9580210000277ms
	titangraph[hbase:null]: 250 edges added in 6454.585159000009ms
	titangraph[hbase:null]: 500 vertices deleted (with size check on each delete) in 18005.907236000057ms
Testing testConnectivityPatterns...
Testing testVertexEdgeLabels...
Testing testVertexEdgeLabels2...
Testing testTreeConnectivity...
	titangraph[hbase:null]: 1464 vertices added in a tree structure in 1271.257408999838ms
	titangraph[hbase:null]: 1464 vertices iterated in 24.17011100007221ms
	titangraph[hbase:null]: 1463 edges iterated in 32.09978100005537ms
Testing testConcurrentModification...
Testing testGraphDataPersists...
	titangraph[hbase:null]: 1 graph loaded in 71.99650599993765ms
Testing testAutotypingOfProperties...
Testing testEmptyOnConstruction...
Testing testStringRepresentationOfVertexId...
Testing testAddingVerticesAndEdges...
Testing testSemanticallyCorrectIterables...
Testing testGettingVerticesAndEdgesWithKeyValue...
Testing testSettingProperties...
Testing testDataTypeValidationOnProperties...
*** TOTAL TIME [GraphTestSuite]: 64447.17588199978 ***
Testing testGraphQueryForVertices...
Testing testGraphQueryForEdges...
Testing testVertexQuery...
*** TOTAL TIME [QueryTestSuite]: 5692.13194200024 ***
Testing testNoConcurrentModificationException...
Testing testKeyIndicesConsistentWithElementRemoval...
Testing testAutoIndexKeyManagementWithPersistence...
	titangraph[hbase:null]: 2 automatic index keys added in 614.5540100000799ms
Testing testGettingVerticesAndEdgesWithKeyValue...
*** TOTAL TIME [KeyIndexableGraphTestSuite]: 4304.706230000127 ***
Testing testCompetingThreads...
Testing testTrue...
Testing testAutoStartTransaction...
Testing testTransactionsForVertices...
	titangraph[hbase:null]: 1 vertex not added in failed transaction in 91.19757500011474ms
	titangraph[hbase:null]: 1 vertex added in successful transaction in 45.10295999981463ms
Testing testBasicVertexEdgeTransactions...
Testing testBruteVertexTransactions...
	titangraph[hbase:null]: 100 vertices added in 100 successful transactions in 842.4726380002685ms
	titangraph[hbase:null]: 100 vertices not added in 100 failed transactions in 14.305728999897838ms
	titangraph[hbase:null]: 100 vertices added in 1 successful transactions in 84.15069699985906ms
	titangraph[hbase:null]: 100 vertices not added in 1 failed transactions in 108.15218700002879ms
Testing testTransactionsForEdges...
	titangraph[hbase:null]: 1 edge not added in failed transaction (w/ iteration) in 392.48197099985555ms
	titangraph[hbase:null]: 1 edge added in successful transaction (w/ iteration) in 198.95691799977794ms
Testing testBruteEdgeTransactions...
	titangraph[hbase:null]: 100 edges added in 100 successful transactions (2 vertices added for each edge) in 1277.5653449995443ms
	titangraph[hbase:null]: 100 edges not added in 100 failed transactions (2 vertices added for each edge) in 27.379942999687046ms
	titangraph[hbase:null]: 100 edges added in 1 successful transactions (2 vertices added for each edge) in 207.9428280000575ms
	titangraph[hbase:null]: 100 edges not added in 1 failed transactions (2 vertices added for each edge) in 282.91526699997485ms
Testing testPropertyTransactions...
	titangraph[hbase:null]: 1 vertex added with string property in a successful transaction in 1023.2870809999295ms
	titangraph[hbase:null]: 1 integer property not added in a failed transaction in 2.8215239997953176ms
	titangraph[hbase:null]: 2 vertex properties checked in a successful transaction in 1.8794720000587404ms
	titangraph[hbase:null]: 1 edge property added and checked in a successful transaction in 226.0871890000999ms
	titangraph[hbase:null]: 1 edge property added and checked in a failed transaction in 1.1527019999921322ms
Testing testIndexTransactions...
Testing testAutomaticSuccessfulTransactionOnShutdown...
Testing testVertexCountOnPreTransactionCommit...
Testing testBulkTransactionsOnEdges...
Testing testTransactionIsolationCommitCheck...
added vertex
reading vertex before tx
read vertex before tx
Testing testRemoveInTransaction...
Testing testRepeatedTransactionStopException...
*** TOTAL TIME [TransactionalTitanGraphTestSuite]: 24663.348307000007 ***
Testing testVertexReattachment...
*** TOTAL TIME [TitanSpecificBlueprintsTestSuite]: 1667.1331779998727 ***
Testing testTinkerGraphEdges...
	titangraph[hbase:null]: graph-example-1 loaded in 1198.736699000001ms
Testing testTinkerGraphVertices...
	titangraph[hbase:null]: graph-example-1 loaded in 1074.5963650001213ms
Testing testTinkerGraphSoftwareVertices...
	titangraph[hbase:null]: graph-example-1 loaded in 1084.9262919998728ms
Testing testTinkerGraphVertexAndEdges...
	titangraph[hbase:null]: graph-example-1 loaded in 1075.9707059999928ms
Testing testReadingTinkerGraphExample3...
Testing testReadingTinkerGraphExample3MappingLabels...
	titangraph[hbase:null]: graph-example-3 loaded in 1147.9359849998727ms
Testing testReadingTinkerGraphExample3MappingIDs...
	titangraph[hbase:null]: graph-example-3 loaded in 1097.7399450000376ms
Testing testReadingTinkerGraphExample3MappingAll...
	titangraph[hbase:null]: graph-example-3 loaded in 1071.2387170000002ms
Testing testMigratingTinkerGraphExample3...
Testing testAllGraphMLTypeCastsAndDataMappings...
Testing testReadingTinkerGraph...
*** TOTAL TIME [GraphMLReaderTestSuite]: 16366.420700000133 ***
Testing testTinkerGraphEdges...
	titangraph[hbase:null]: graph-example-1 loaded in 1629.324819999747ms
Testing testTinkerGraphVertices...
	titangraph[hbase:null]: graph-example-1 loaded in 2272.9127549999394ms
Testing testTinkerGraphSoftwareVertices...
	titangraph[hbase:null]: graph-example-1 loaded in 1120.9526879996993ms
Testing testTinkerGraphVertexAndEdges...
	titangraph[hbase:null]: graph-example-1 loaded in 1119.633782000281ms
Testing testReadingTinkerGraph...
*** TOTAL TIME [GraphSONReaderTestSuite]: 9773.468628000002 ***
Testing testTinkerGraphEdges...
	titangraph[hbase:null]: graph-example-1 loaded in 1098.9194979998283ms
Testing testTinkerGraphVertices...
	titangraph[hbase:null]: graph-example-1 loaded in 1194.3615379999392ms
Testing testTinkerGraphSoftwareVertices...
	titangraph[hbase:null]: graph-example-1 loaded in 3030.8214469999075ms
Testing testTinkerGraphVertexAndEdges...
	titangraph[hbase:null]: graph-example-1 loaded in 1131.6678390000015ms
Testing testReadingTinkerGraphExample3...
Testing testReadingTinkerGraphExample3MappingLabels...
	titangraph[hbase:null]: graph-example-3 loaded in 1076.9573730002157ms
Testing testReadingTinkerGraphExample3MappingIDs...
	titangraph[hbase:null]: graph-example-3 loaded in 1123.3092140001245ms
Testing testReadingTinkerGraphExample3MappingAll...
	titangraph[hbase:null]: graph-example-3 loaded in 1128.54301699996ms
Testing testMigratingTinkerGraphExample3...
Testing testReadingTinkerGraph...
*** TOTAL TIME [GMLReaderTestSuite]: 16988.79073800007 ***
Tests run: 10, Failures: 0, Errors: 0, Skipped: 0, Time elapsed: 261.14 sec
Running com.thinkaurelius.titan.graphdb.hbase.HBaseGraphTest
java.util.GregorianCalendar[time=278380800000,areFieldsSet=true,areAllFieldsSet=true,lenient=true,zone=sun.util.calendar.ZoneInfo[id="Etc/UTC",offset=0,dstSavings=0,useDaylight=false,transitions=0,lastRule=null],firstDayOfWeek=1,minimalDaysInFirstWeek=1,ERA=1,YEAR=1978,MONTH=9,WEEK_OF_YEAR=43,WEEK_OF_MONTH=4,DAY_OF_MONTH=28,DAY_OF_YEAR=301,DAY_OF_WEEK=7,DAY_OF_WEEK_IN_MONTH=4,AM_PM=0,HOUR=0,HOUR_OF_DAY=0,MINUTE=0,SECOND=0,MILLISECOND=0,ZONE_OFFSET=0,DST_OFFSET=0]
java.util.GregorianCalendar[time=278380800000,areFieldsSet=true,areAllFieldsSet=true,lenient=true,zone=sun.util.calendar.ZoneInfo[id="Etc/UTC",offset=0,dstSavings=0,useDaylight=false,transitions=0,lastRule=null],firstDayOfWeek=1,minimalDaysInFirstWeek=1,ERA=1,YEAR=1978,MONTH=9,WEEK_OF_YEAR=43,WEEK_OF_MONTH=4,DAY_OF_MONTH=28,DAY_OF_YEAR=301,DAY_OF_WEEK=7,DAY_OF_WEEK_IN_MONTH=4,AM_PM=0,HOUR=0,HOUR_OF_DAY=0,MINUTE=0,SECOND=0,MILLISECOND=0,ZONE_OFFSET=0,DST_OFFSET=0]
Tests run: 17, Failures: 0, Errors: 0, Skipped: 0, Time elapsed: 93.368 sec
Running com.thinkaurelius.titan.diskstorage.hbase.HBaseKeyColumnValueTest
Loading time (ms): 3097
Reading time (ms): 2829
Tests run: 17, Failures: 0, Errors: 0, Skipped: 0, Time elapsed: 137.275 sec
Running com.thinkaurelius.titan.diskstorage.hbase.HBaseMultiWriteKeyColumnValueStoreTest
Tests run: 2, Failures: 0, Errors: 0, Skipped: 0, Time elapsed: 39.952 sec
All done. Shutting done HBase.

Results :

Tests run: 60, Failures: 0, Errors: 0, Skipped: 0

[INFO]                                                                         
[INFO] ------------------------------------------------------------------------
[INFO] Building Titan-All: Complete Titan Distribution 0.2.1-SNAPSHOT
[INFO] ------------------------------------------------------------------------
[INFO] 
[INFO] --- maven-enforcer-plugin:1.0:enforce (enforce-maven) @ titan-all ---
[INFO] 
[INFO] --- maven-resources-plugin:2.3:resources (default-resources) @ titan-all ---
[INFO] Using 'UTF-8' encoding to copy filtered resources.
[INFO] Copying 1 resource
[INFO] 
[INFO] --- maven-compiler-plugin:2.5.1:compile (default-compile) @ titan-all ---
[INFO] No sources to compile
[INFO] 
[INFO] --- maven-resources-plugin:2.3:testResources (default-testResources) @ titan-all ---
[INFO] Using 'UTF-8' encoding to copy filtered resources.
[INFO] skip non existing resourceDirectory /home/travis/build/thinkaurelius/titan/titan-all/src/test/resources
[INFO] 
[INFO] --- maven-compiler-plugin:2.5.1:testCompile (default-testCompile) @ titan-all ---
[INFO] No sources to compile
[INFO] 
[INFO] --- maven-surefire-plugin:2.11:test (default-test) @ titan-all ---
[INFO] No tests to run.
[INFO] Surefire report directory: /home/travis/build/thinkaurelius/titan/titan-all/target/surefire-reports

-------------------------------------------------------
 T E S T S
-------------------------------------------------------

Results :

Tests run: 0, Failures: 0, Errors: 0, Skipped: 0

[INFO] ------------------------------------------------------------------------
[INFO] Reactor Summary:
[INFO] 
[INFO] Titan: Distributed Graph Database ................. SUCCESS [1.617s]
[INFO] Titan-Core: Core Library for Titan ................ SUCCESS [4.494s]
[INFO] Titan-Test: Test Suite for Titan .................. SUCCESS [19.885s]
[INFO] Titan-BerkeleyJE: Distributed Graph Database ...... SUCCESS [1:30.181s]
[INFO] Titan-Cassandra: Distributed Graph Database ....... SUCCESS [17:32.591s]
[INFO] Titan-HBase: Distributed Graph Database ........... SUCCESS [10:07.258s]
[INFO] Titan-All: Complete Titan Distribution ............ SUCCESS [0.829s]
[INFO] ------------------------------------------------------------------------
[INFO] BUILD SUCCESS
[INFO] ------------------------------------------------------------------------
[INFO] Total time: 29:37.542s
[INFO] Finished at: Thu Mar 21 16:37:08 UTC 2013
[INFO] Final Memory: 16M/99M
[INFO] ------------------------------------------------------------------------

The command "mvn test" exited with 0.

Done. Your build exited with 0.
