Using worker: bluebox-linux-4.worker.travis-ci.org:travis-linux-4

travis_fold:start:git.1$ git clone --depth=50 --branch=master git://github.com/thinkaurelius/titan.git thinkaurelius/titan
Cloning into 'thinkaurelius/titan'...
remote: Counting objects: 2408, done.[K
remote: Compressing objects:   0% (1/1279)   [Kremote: Compressing objects:   1% (13/1279)   [Kremote: Compressing objects:   2% (26/1279)   [Kremote: Compressing objects:   3% (39/1279)   [Kremote: Compressing objects:   4% (52/1279)   [Kremote: Compressing objects:   5% (64/1279)   [Kremote: Compressing objects:   6% (77/1279)   [Kremote: Compressing objects:   7% (90/1279)   [Kremote: Compressing objects:   8% (103/1279)   [Kremote: Compressing objects:   9% (116/1279)   [Kremote: Compressing objects:  10% (128/1279)   [Kremote: Compressing objects:  11% (141/1279)   [Kremote: Compressing objects:  12% (154/1279)   [Kremote: Compressing objects:  13% (167/1279)   [Kremote: Compressing objects:  14% (180/1279)   [Kremote: Compressing objects:  15% (192/1279)   [Kremote: Compressing objects:  16% (205/1279)   [Kremote: Compressing objects:  17% (218/1279)   [Kremote: Compressing objects:  18% (231/1279)   [Kremote: Compressing objects:  19% (244/1279)   [Kremote: Compressing objects:  20% (256/1279)   [Kremote: Compressing objects:  21% (269/1279)   [Kremote: Compressing objects:  22% (282/1279)   [Kremote: Compressing objects:  23% (295/1279)   [Kremote: Compressing objects:  24% (307/1279)   [Kremote: Compressing objects:  25% (320/1279)   [Kremote: Compressing objects:  26% (333/1279)   [Kremote: Compressing objects:  27% (346/1279)   [Kremote: Compressing objects:  28% (359/1279)   [Kremote: Compressing objects:  29% (371/1279)   [Kremote: Compressing objects:  30% (384/1279)   [Kremote: Compressing objects:  31% (397/1279)   [Kremote: Compressing objects:  32% (410/1279)   [Kremote: Compressing objects:  33% (423/1279)   [Kremote: Compressing objects:  34% (435/1279)   [Kremote: Compressing objects:  35% (448/1279)   [Kremote: Compressing objects:  36% (461/1279)   [Kremote: Compressing objects:  37% (474/1279)   [Kremote: Compressing objects:  38% (487/1279)   [Kremote: Compressing objects:  39% (499/1279)   [Kremote: Compressing objects:  40% (512/1279)   [Kremote: Compressing objects:  41% (525/1279)   [Kremote: Compressing objects:  42% (538/1279)   [Kremote: Compressing objects:  43% (550/1279)   [Kremote: Compressing objects:  44% (563/1279)   [Kremote: Compressing objects:  45% (576/1279)   [Kremote: Compressing objects:  46% (589/1279)   [Kremote: Compressing objects:  47% (602/1279)   [Kremote: Compressing objects:  48% (614/1279)   [Kremote: Compressing objects:  49% (627/1279)   [Kremote: Compressing objects:  50% (640/1279)   [Kremote: Compressing objects:  51% (653/1279)   [Kremote: Compressing objects:  52% (666/1279)   [Kremote: Compressing objects:  53% (678/1279)   [Kremote: Compressing objects:  54% (691/1279)   [Kremote: Compressing objects:  55% (704/1279)   [Kremote: Compressing objects:  56% (717/1279)   [Kremote: Compressing objects:  57% (730/1279)   [Kremote: Compressing objects:  58% (742/1279)   [Kremote: Compressing objects:  59% (755/1279)   [Kremote: Compressing objects:  60% (768/1279)   [Kremote: Compressing objects:  61% (781/1279)   [Kremote: Compressing objects:  62% (793/1279)   [Kremote: Compressing objects:  63% (806/1279)   [Kremote: Compressing objects:  64% (819/1279)   [Kremote: Compressing objects:  65% (832/1279)   [Kremote: Compressing objects:  66% (845/1279)   [Kremote: Compressing objects:  67% (857/1279)   [Kremote: Compressing objects:  68% (870/1279)   [Kremote: Compressing objects:  69% (883/1279)   [Kremote: Compressing objects:  70% (896/1279)   [Kremote: Compressing objects:  71% (909/1279)   [Kremote: Compressing objects:  72% (921/1279)   [Kremote: Compressing objects:  73% (934/1279)   [Kremote: Compressing objects:  74% (947/1279)   [Kremote: Compressing objects:  75% (960/1279)   [Kremote: Compressing objects:  76% (973/1279)   [Kremote: Compressing objects:  77% (985/1279)   [Kremote: Compressing objects:  78% (998/1279)   [Kremote: Compressing objects:  79% (1011/1279)   [Kremote: Compressing objects:  80% (1024/1279)   [Kremote: Compressing objects:  81% (1036/1279)   [Kremote: Compressing objects:  82% (1049/1279)   [Kremote: Compressing objects:  83% (1062/1279)   [Kremote: Compressing objects:  84% (1075/1279)   [Kremote: Compressing objects:  85% (1088/1279)   [Kremote: Compressing objects:  86% (1100/1279)   [Kremote: Compressing objects:  87% (1113/1279)   [Kremote: Compressing objects:  88% (1126/1279)   [Kremote: Compressing objects:  89% (1139/1279)   [Kremote: Compressing objects:  90% (1152/1279)   [Kremote: Compressing objects:  91% (1164/1279)   [Kremote: Compressing objects:  92% (1177/1279)   [Kremote: Compressing objects:  93% (1190/1279)   [Kremote: Compressing objects:  94% (1203/1279)   [Kremote: Compressing objects:  95% (1216/1279)   [Kremote: Compressing objects:  96% (1228/1279)   [Kremote: Compressing objects:  97% (1241/1279)   [Kremote: Compressing objects:  98% (1254/1279)   [Kremote: Compressing objects:  99% (1267/1279)   [Kremote: Compressing objects: 100% (1279/1279)   [Kremote: Compressing objects: 100% (1279/1279), done.[K
Receiving objects:   0% (1/2408)   Receiving objects:   1% (25/2408)   Receiving objects:   2% (49/2408)   Receiving objects:   3% (73/2408)   Receiving objects:   4% (97/2408)   Receiving objects:   5% (121/2408)   Receiving objects:   6% (145/2408)   Receiving objects:   7% (169/2408)   Receiving objects:   8% (193/2408)   Receiving objects:   9% (217/2408)   Receiving objects:  10% (241/2408)   Receiving objects:  11% (265/2408)   Receiving objects:  12% (289/2408)   Receiving objects:  13% (314/2408)   Receiving objects:  14% (338/2408)   Receiving objects:  15% (362/2408)   Receiving objects:  16% (386/2408)   Receiving objects:  17% (410/2408)   Receiving objects:  18% (434/2408)   Receiving objects:  19% (458/2408)   Receiving objects:  20% (482/2408)   Receiving objects:  21% (506/2408)   Receiving objects:  22% (530/2408)   Receiving objects:  23% (554/2408)   Receiving objects:  24% (578/2408)   Receiving objects:  25% (602/2408)   Receiving objects:  26% (627/2408)   Receiving objects:  27% (651/2408)   Receiving objects:  28% (675/2408)   Receiving objects:  29% (699/2408)   Receiving objects:  30% (723/2408)   Receiving objects:  31% (747/2408)   Receiving objects:  32% (771/2408)   Receiving objects:  33% (795/2408)   Receiving objects:  34% (819/2408)   Receiving objects:  35% (843/2408)   Receiving objects:  36% (867/2408)   Receiving objects:  37% (891/2408)   Receiving objects:  38% (916/2408)   Receiving objects:  39% (940/2408)   Receiving objects:  40% (964/2408)   Receiving objects:  41% (988/2408)   Receiving objects:  42% (1012/2408)   Receiving objects:  43% (1036/2408)   Receiving objects:  44% (1060/2408)   Receiving objects:  45% (1084/2408)   Receiving objects:  46% (1108/2408)   Receiving objects:  47% (1132/2408)   Receiving objects:  48% (1156/2408)   Receiving objects:  49% (1180/2408)   Receiving objects:  50% (1204/2408)   Receiving objects:  51% (1229/2408)   Receiving objects:  52% (1253/2408)   Receiving objects:  53% (1277/2408)   Receiving objects:  54% (1301/2408)   Receiving objects:  55% (1325/2408)   Receiving objects:  56% (1349/2408)   Receiving objects:  57% (1373/2408)   Receiving objects:  58% (1397/2408)   Receiving objects:  59% (1421/2408)   Receiving objects:  60% (1445/2408)   Receiving objects:  61% (1469/2408)   Receiving objects:  62% (1493/2408)   Receiving objects:  63% (1518/2408)   Receiving objects:  64% (1542/2408)   Receiving objects:  65% (1566/2408)   Receiving objects:  66% (1590/2408)   Receiving objects:  67% (1614/2408)   Receiving objects:  68% (1638/2408)   Receiving objects:  69% (1662/2408)   Receiving objects:  70% (1686/2408)   Receiving objects:  71% (1710/2408)   Receiving objects:  72% (1734/2408)   Receiving objects:  73% (1758/2408)   Receiving objects:  74% (1782/2408)   Receiving objects:  75% (1806/2408)   Receiving objects:  76% (1831/2408)   Receiving objects:  77% (1855/2408)   Receiving objects:  78% (1879/2408)   Receiving objects:  79% (1903/2408)   Receiving objects:  80% (1927/2408)   Receiving objects:  81% (1951/2408)   Receiving objects:  82% (1975/2408)   Receiving objects:  83% (1999/2408)   Receiving objects:  84% (2023/2408)   Receiving objects:  85% (2047/2408)   Receiving objects:  86% (2071/2408)   Receiving objects:  87% (2095/2408)   Receiving objects:  88% (2120/2408)   Receiving objects:  89% (2144/2408)   Receiving objects:  90% (2168/2408)   Receiving objects:  91% (2192/2408)   Receiving objects:  92% (2216/2408)   Receiving objects:  93% (2240/2408)   Receiving objects:  94% (2264/2408)   Receiving objects:  95% (2288/2408)   Receiving objects:  96% (2312/2408)   remote: Total 2408 (delta 1062), reused 1951 (delta 761)[K
Receiving objects:  97% (2336/2408)   Receiving objects:  98% (2360/2408)   Receiving objects:  99% (2384/2408)   Receiving objects: 100% (2408/2408)   Receiving objects: 100% (2408/2408), 3.05 MiB, done.
Resolving deltas:   0% (0/1062)   Resolving deltas:   1% (15/1062)   Resolving deltas:   2% (26/1062)   Resolving deltas:   3% (33/1062)   Resolving deltas:   4% (43/1062)   Resolving deltas:   5% (56/1062)   Resolving deltas:   6% (73/1062)   Resolving deltas:   7% (79/1062)   Resolving deltas:   8% (86/1062)   Resolving deltas:   9% (104/1062)   Resolving deltas:  10% (111/1062)   Resolving deltas:  11% (125/1062)   Resolving deltas:  12% (128/1062)   Resolving deltas:  13% (141/1062)   Resolving deltas:  14% (150/1062)   Resolving deltas:  17% (183/1062)   Resolving deltas:  26% (277/1062)   Resolving deltas:  27% (297/1062)   Resolving deltas:  32% (340/1062)   Resolving deltas:  33% (351/1062)   Resolving deltas:  34% (366/1062)   Resolving deltas:  35% (373/1062)   Resolving deltas:  36% (385/1062)   Resolving deltas:  38% (405/1062)   Resolving deltas:  39% (416/1062)   Resolving deltas:  40% (428/1062)   Resolving deltas:  41% (438/1062)   Resolving deltas:  42% (450/1062)   Resolving deltas:  43% (458/1062)   Resolving deltas:  44% (470/1062)   Resolving deltas:  45% (478/1062)   Resolving deltas:  46% (489/1062)   Resolving deltas:  47% (500/1062)   Resolving deltas:  48% (510/1062)   Resolving deltas:  49% (521/1062)   Resolving deltas:  50% (533/1062)   Resolving deltas:  51% (542/1062)   Resolving deltas:  52% (555/1062)   Resolving deltas:  53% (563/1062)   Resolving deltas:  54% (574/1062)   Resolving deltas:  55% (586/1062)   Resolving deltas:  56% (596/1062)   Resolving deltas:  57% (606/1062)   Resolving deltas:  58% (618/1062)   Resolving deltas:  59% (629/1062)   Resolving deltas:  60% (639/1062)   Resolving deltas:  61% (650/1062)   Resolving deltas:  62% (659/1062)   Resolving deltas:  63% (670/1062)   Resolving deltas:  64% (681/1062)   Resolving deltas:  65% (691/1062)   Resolving deltas:  66% (701/1062)   Resolving deltas:  67% (713/1062)   Resolving deltas:  68% (725/1062)   Resolving deltas:  69% (733/1062)   Resolving deltas:  70% (744/1062)   Resolving deltas:  71% (756/1062)   Resolving deltas:  72% (765/1062)   Resolving deltas:  73% (776/1062)   Resolving deltas:  74% (788/1062)   Resolving deltas:  75% (797/1062)   Resolving deltas:  76% (808/1062)   Resolving deltas:  77% (818/1062)   Resolving deltas:  78% (829/1062)   Resolving deltas:  79% (845/1062)   Resolving deltas:  80% (850/1062)   Resolving deltas:  81% (865/1062)   Resolving deltas:  82% (873/1062)   Resolving deltas:  83% (882/1062)   Resolving deltas:  84% (894/1062)   Resolving deltas:  85% (903/1062)   Resolving deltas:  86% (914/1062)   Resolving deltas:  87% (924/1062)   Resolving deltas:  88% (935/1062)   Resolving deltas:  89% (948/1062)   Resolving deltas:  90% (956/1062)   Resolving deltas:  91% (967/1062)   Resolving deltas:  92% (979/1062)   Resolving deltas:  93% (992/1062)   Resolving deltas:  94% (999/1062)   Resolving deltas:  95% (1009/1062)   Resolving deltas:  96% (1021/1062)   Resolving deltas:  97% (1032/1062)   Resolving deltas:  98% (1041/1062)   Resolving deltas:  99% (1052/1062)   Resolving deltas: 100% (1062/1062)   Resolving deltas: 100% (1062/1062), done.
travis_fold:end:git.1$ cd thinkaurelius/titan
travis_fold:start:git.2$ git checkout -qf 3b864a1df2530e8e4d6dda4b276adc36e99b3927
travis_fold:end:git.2$ jdk_switcher use oraclejdk7
Switching to Oracle JDK7 (java-7-oracle), JAVA_HOME will be set to /usr/lib/jvm/java-7-oracle
update-alternatives: error: no alternatives for apt.
update-alternatives: error: no alternatives for mozilla-javaplugin.so.
update-alternatives: error: no alternatives for apt.
$ java -version
java version "1.7.0_17"
Java(TM) SE Runtime Environment (build 1.7.0_17-b02)
Java HotSpot(TM) 64-Bit Server VM (build 23.7-b01, mixed mode)
$ javac -version
javac 1.7.0_17
travis_fold:start:install$ mvn install --quiet -DskipTests=true
[debug] execute contextualize
[debug] execute contextualize
[debug] execute contextualize
travis_fold:end:install$ mvn test
[INFO] Scanning for projects...
[INFO] ------------------------------------------------------------------------
[INFO] Reactor Build Order:
[INFO] 
[INFO] Titan: Distributed Graph Database
[INFO] Titan-Core: Core Library for Titan
[INFO] Titan-Test: Test Suite for Titan
[INFO] Titan-BerkeleyJE: Distributed Graph Database
[INFO] Titan-Cassandra: Distributed Graph Database
[INFO] Titan-HBase: Distributed Graph Database
[INFO] Titan-All: Complete Titan Distribution
[INFO]                                                                         
[INFO] ------------------------------------------------------------------------
[INFO] Building Titan: Distributed Graph Database 0.2.1-SNAPSHOT
[INFO] ------------------------------------------------------------------------
[INFO] 
[INFO] --- maven-enforcer-plugin:1.0:enforce (enforce-maven) @ titan ---
[INFO]                                                                         
[INFO] ------------------------------------------------------------------------
[INFO] Building Titan-Core: Core Library for Titan 0.2.1-SNAPSHOT
[INFO] ------------------------------------------------------------------------
[INFO] 
[INFO] --- maven-enforcer-plugin:1.0:enforce (enforce-maven) @ titan-core ---
[INFO] 
[INFO] --- maven-resources-plugin:2.3:resources (default-resources) @ titan-core ---
[INFO] Using 'UTF-8' encoding to copy filtered resources.
[INFO] skip non existing resourceDirectory /home/travis/build/thinkaurelius/titan/titan-core/src/main/resources
[INFO] 
[INFO] --- maven-compiler-plugin:2.5.1:compile (default-compile) @ titan-core ---
[INFO] Nothing to compile - all classes are up to date
[INFO] 
[INFO] --- maven-resources-plugin:2.3:testResources (default-testResources) @ titan-core ---
[INFO] Using 'UTF-8' encoding to copy filtered resources.
[INFO] skip non existing resourceDirectory /home/travis/build/thinkaurelius/titan/titan-core/src/test/resources
[INFO] 
[INFO] --- maven-compiler-plugin:2.5.1:testCompile (default-testCompile) @ titan-core ---
[INFO] No sources to compile
[INFO] 
[INFO] --- maven-surefire-plugin:2.11:test (default-test) @ titan-core ---
[INFO] No tests to run.
[INFO] Surefire report directory: /home/travis/build/thinkaurelius/titan/titan-core/target/surefire-reports
Downloading: http://maven.mirrors.travis-ci.org/nexus/content/repositories/central/org/apache/maven/surefire/surefire-junit3/2.11/surefire-junit3-2.11.pom
2/2 KB            Downloaded: http://maven.mirrors.travis-ci.org/nexus/content/repositories/central/org/apache/maven/surefire/surefire-junit3/2.11/surefire-junit3-2.11.pom (2 KB at 2.6 KB/sec)
Downloading: http://maven.mirrors.travis-ci.org/nexus/content/repositories/central/org/apache/maven/surefire/surefire-providers/2.11/surefire-providers-2.11.pom
3/3 KB            Downloaded: http://maven.mirrors.travis-ci.org/nexus/content/repositories/central/org/apache/maven/surefire/surefire-providers/2.11/surefire-providers-2.11.pom (3 KB at 6.8 KB/sec)
Downloading: http://maven.mirrors.travis-ci.org/nexus/content/repositories/central/org/apache/maven/surefire/surefire-junit3/2.11/surefire-junit3-2.11.jar
4/26 KB   8/26 KB   9/26 KB   13/26 KB   17/26 KB   21/26 KB   25/26 KB   26/26 KB              Downloaded: http://maven.mirrors.travis-ci.org/nexus/content/repositories/central/org/apache/maven/surefire/surefire-junit3/2.11/surefire-junit3-2.11.jar (26 KB at 62.4 KB/sec)

-------------------------------------------------------
 T E S T S
-------------------------------------------------------

Results :

Tests run: 0, Failures: 0, Errors: 0, Skipped: 0

[INFO]                                                                         
[INFO] ------------------------------------------------------------------------
[INFO] Building Titan-Test: Test Suite for Titan 0.2.1-SNAPSHOT
[INFO] ------------------------------------------------------------------------
[INFO] 
[INFO] --- maven-enforcer-plugin:1.0:enforce (enforce-maven) @ titan-test ---
[INFO] 
[INFO] --- maven-resources-plugin:2.3:resources (default-resources) @ titan-test ---
[INFO] Using 'UTF-8' encoding to copy filtered resources.
[INFO] skip non existing resourceDirectory /home/travis/build/thinkaurelius/titan/titan-test/src/main/resources
[INFO] 
[INFO] --- maven-compiler-plugin:2.5.1:compile (default-compile) @ titan-test ---
[INFO] Nothing to compile - all classes are up to date
[INFO] 
[INFO] --- maven-resources-plugin:2.3:testResources (default-testResources) @ titan-test ---
[INFO] Using 'UTF-8' encoding to copy filtered resources.
[INFO] Copying 2 resources
[INFO] 
[INFO] --- maven-compiler-plugin:2.5.1:testCompile (default-testCompile) @ titan-test ---
[INFO] Nothing to compile - all classes are up to date
[INFO] 
[INFO] --- maven-surefire-plugin:2.11:test (default-test) @ titan-test ---
[INFO] Surefire report directory: /home/travis/build/thinkaurelius/titan/titan-test/target/surefire-reports
Downloading: http://maven.mirrors.travis-ci.org/nexus/content/repositories/central/org/apache/maven/surefire/surefire-junit4/2.11/surefire-junit4-2.11.pom
3/3 KB              Downloaded: http://maven.mirrors.travis-ci.org/nexus/content/repositories/central/org/apache/maven/surefire/surefire-junit4/2.11/surefire-junit4-2.11.pom (3 KB at 8.3 KB/sec)
Downloading: http://maven.mirrors.travis-ci.org/nexus/content/repositories/central/org/apache/maven/surefire/surefire-junit4/2.11/surefire-junit4-2.11.jar
4/33 KB   8/33 KB   9/33 KB   13/33 KB   17/33 KB   21/33 KB   24/33 KB   28/33 KB   32/33 KB   33/33 KB              Downloaded: http://maven.mirrors.travis-ci.org/nexus/content/repositories/central/org/apache/maven/surefire/surefire-junit4/2.11/surefire-junit4-2.11.jar (33 KB at 65.2 KB/sec)

-------------------------------------------------------
 T E S T S
-------------------------------------------------------
Running com.thinkaurelius.titan.graphdb.idmanagement.VariableLongTest
Writing 10000000 longs in 65567319 bytes. in time: 2313
Writing 1000000 longs in 2983488 bytes. in time: 129
Tests run: 5, Failures: 0, Errors: 0, Skipped: 0, Time elapsed: 3.329 sec
Running com.thinkaurelius.titan.graphdb.serializer.SerializerTest
Tests run: 8, Failures: 0, Errors: 0, Skipped: 0, Time elapsed: 1.919 sec
Running com.thinkaurelius.titan.diskstorage.locking.LocalLockMediatorTest
Tests run: 1, Failures: 0, Errors: 0, Skipped: 0, Time elapsed: 0.246 sec
Running com.thinkaurelius.titan.graphdb.serializer.KryoTest
Tests run: 4, Failures: 0, Errors: 0, Skipped: 0, Time elapsed: 0.016 sec
Running com.thinkaurelius.titan.tinkerpop.rexster.TitanGraphConfigurationTest
Tests run: 1, Failures: 0, Errors: 0, Skipped: 0, Time elapsed: 0.149 sec
Running com.thinkaurelius.titan.graphdb.idmanagement.IDManagementTest
Tests run: 3, Failures: 0, Errors: 0, Skipped: 0, Time elapsed: 1.16 sec
Running com.thinkaurelius.titan.graphdb.idmanagement.IDPoolTest
Tests run: 3, Failures: 0, Errors: 0, Skipped: 0, Time elapsed: 1.291 sec
Running com.thinkaurelius.titan.graphdb.loading.EdgeLoadingTest
Tests run: 1, Failures: 0, Errors: 0, Skipped: 0, Time elapsed: 0.043 sec
Running com.thinkaurelius.titan.graphdb.serializer.ByteBufferTest
Tests run: 3, Failures: 0, Errors: 0, Skipped: 0, Time elapsed: 0.242 sec
Running com.thinkaurelius.titan.util.datastructures.RandomRemovalListTest
Tests run: 3, Failures: 0, Errors: 0, Skipped: 0, Time elapsed: 0.942 sec
Running com.thinkaurelius.titan.graphdb.idmanagement.VertexIDAssignerTest
Partition: false
partitionMax: 2147483647
localPartition: null
Partition: true
partitionMax: 2147483647
localPartition: null
Partition: true
partitionMax: 2147483647
localPartition: [0, 2000]
Partition: true
partitionMax: 2147483647
localPartition: [-100000, -1]
Partition: true
partitionMax: 2147483647
localPartition: [-10000, 10000]
Partition: true
partitionMax: 100
localPartition: null
Partition: true
partitionMax: 100
localPartition: [0, 2000]
Partition: true
partitionMax: 100
localPartition: [-100000, -1]
Partition: true
partitionMax: 100
localPartition: [-10000, 10000]
Tests run: 9, Failures: 0, Errors: 0, Skipped: 0, Time elapsed: 4.489 sec
Running com.thinkaurelius.titan.diskstorage.util.StorageFeaturesTest
Tests run: 1, Failures: 0, Errors: 0, Skipped: 0, Time elapsed: 0.001 sec
Running com.thinkaurelius.titan.util.datastructures.BitMapTest
Tests run: 1, Failures: 0, Errors: 0, Skipped: 0, Time elapsed: 0.001 sec
Running com.thinkaurelius.titan.tinkerpop.gremlin.ScriptExecutorTest
Tests run: 1, Failures: 0, Errors: 0, Skipped: 0, Time elapsed: 0.005 sec
Running com.thinkaurelius.titan.blueprints.InMemoryBlueprintsTest
Testing testAutoIndexKeyManagementWithPersistence...
	titaninmemoryblueprintsgraph[null]: 2 automatic index keys added in 1.871947000036016ms
Testing testAutoIndexKeyDroppingWithPersistence...
	titaninmemoryblueprintsgraph[null]: 2 automatic index keys added in 0.295685000019148ms
Testing testNoConcurrentModificationException...
Testing testKeyIndicesConsistentWithElementRemoval...
*** TOTAL TIME [KeyIndexableGraphTestSuite]: 20.671914000064135 ***
Testing testVertexEqualityForSuppliedIdsAndHashCode...
Testing testNoConcurrentModificationException...
Testing testVertexEquality...
	titaninmemoryblueprintsgraph[null]: 1 vertex added and retrieved in 0.12516399996820837ms
Testing testBasicAddVertex...
Testing testGetVertexWithNull...
Testing testRemoveVertex...
Testing testRemoveVertexWithEdges...
Testing testGetNonExistantVertices...
Testing testRemoveVertexNullId...
	titaninmemoryblueprintsgraph[null]: 100 vertices added in 1.5761060001095757ms
	titaninmemoryblueprintsgraph[null]: 100 vertices removed in 9.149656999972649ms
Testing testVertexIterator...
	titaninmemoryblueprintsgraph[null]: 1000 vertices added in 17.87896100000944ms
	titaninmemoryblueprintsgraph[null]: 1000 vertices counted in 5.809823999996297ms
Testing testLegalVertexEdgeIterables...
Testing testAddVertexProperties...
Testing testAddManyVertexProperties...
	titaninmemoryblueprintsgraph[null]: 750 vertex properties added (with vertices being added too) in 349.46837499993853ms
Testing testRemoveVertexProperties...
Testing testAddingIdProperty...
Testing testGettingEdgesAndVertices...
Testing testEmptyKeyProperty...
Testing testVertexCentricLinking...
Testing testVertexCentricRemoving...
Testing testConcurrentModificationOnProperties...
Testing testSettingBadVertexProperties...
*** TOTAL TIME [VertexTestSuite]: 462.31991700001527 ***
Testing testNoConcurrentModificationException...
Testing testAddManyEdges...
	titaninmemoryblueprintsgraph[null]: 300 elements added in 69.32926499994937ms
	titaninmemoryblueprintsgraph[null]: 100 edges counted in 5.237724000005983ms
	titaninmemoryblueprintsgraph[null]: 200 vertices counted in 0.6551880000624806ms
	titaninmemoryblueprintsgraph[null]: 200 vertices checked in 14.983628000016324ms
Testing testRemoveManyEdges...
	titaninmemoryblueprintsgraph[null]: 20 vertices counted in 0.08970300003420562ms
	titaninmemoryblueprintsgraph[null]: 10 edges counted in 0.5867090000538155ms
	titaninmemoryblueprintsgraph[null]: 10 edges removed and graph checked in 15.942225000006147ms
Testing testAddingDuplicateEdges...
Testing testRemoveEdgesByRemovingVertex...
Testing testRemoveEdges...
Testing testAddingSelfLoops...
Testing testRemoveSelfLoops...
Testing testEdgeIterator...
Testing testAddingLabelAndIdProperty...
Testing testAddEdges...
	titaninmemoryblueprintsgraph[null]: 6 elements added and checked in 0.9884500000625849ms
Testing testAddingRemovingEdgeProperties...
Testing testEdgeCentricRemoving...
Testing testEdgeEquality...
Testing testEmptyKeyProperty...
Testing testSettingBadVertexProperties...
*** TOTAL TIME [EdgeTestSuite]: 146.19624499999918 ***
Testing testGettingVerticesAndEdgesWithKeyValue...
Testing testSimpleRemovingVerticesEdges...
Testing testRemovingEdges...
	titaninmemoryblueprintsgraph[null]: 100 vertices added in 1.4684460000135005ms
	titaninmemoryblueprintsgraph[null]: 200 edges added in 60.87588299997151ms
	titaninmemoryblueprintsgraph[null]: 200 edges deleted (with size check on each delete) in 168.95541299995966ms
Testing testRemovingVertices...
	titaninmemoryblueprintsgraph[null]: 500 vertices added in 6.072215000051074ms
	titaninmemoryblueprintsgraph[null]: 250 edges added in 38.65460500004701ms
	titaninmemoryblueprintsgraph[null]: 500 vertices deleted (with size check on each delete) in 91.9918090000283ms
Testing testConnectivityPatterns...
Testing testVertexEdgeLabels...
Testing testVertexEdgeLabels2...
Testing testTreeConnectivity...
	titaninmemoryblueprintsgraph[null]: 1464 vertices added in a tree structure in 147.44353499996942ms
	titaninmemoryblueprintsgraph[null]: 1464 vertices iterated in 2.456722999922931ms
	titaninmemoryblueprintsgraph[null]: 1463 edges iterated in 9.0639230000088ms
Testing testConcurrentModification...
Testing testGraphDataPersists...
Testing testAutotypingOfProperties...
Testing testFeatureCompliance...
supportsDuplicateEdges: true
supportsSelfLoops: true
supportsSerializableObjectProperty: true
supportsBooleanProperty: true
supportsDoubleProperty: true
supportsFloatProperty: true
supportsIntegerProperty: true
supportsPrimitiveArrayProperty: true
supportsUniformListProperty: true
supportsMixedListProperty: true
supportsLongProperty: true
supportsMapProperty: true
supportsStringProperty: true
ignoresSuppliedIds: true
isPersistent: false
isRDFModel: false
isWrapper: false
supportsIndices: false
supportsVertexIndex: false
supportsEdgeIndex: false
supportsKeyIndices: true
supportsVertexKeyIndex: true
supportsEdgeKeyIndex: false
supportsEdgeIteration: true
supportsVertexIteration: true
supportsEdgeRetrieval: true
supportsVertexProperties: true
supportsEdgeProperties: true
supportsTransactions: false
supportsThreadedTransactions: false
Testing testSettingProperties...
Testing testDataTypeValidationOnProperties...
Testing testEmptyOnConstruction...
Testing testStringRepresentation...
	titaninmemoryblueprintsgraph[null]: 1 graph string representation generated in 0.0762020000256598ms
Testing testStringRepresentationOfVertexId...
Testing testSemanticallyCorrectIterables...
Testing testAddingVerticesAndEdges...
*** TOTAL TIME [GraphTestSuite]: 559.7088409999851 ***
Testing testVertexQuery...
Testing testGraphQueryForVertices...
Testing testGraphQueryForEdges...
*** TOTAL TIME [QueryTestSuite]: 29.919757000054233 ***
Testing testReadingTinkerGraph...
Testing testTinkerGraphEdges...
	titaninmemoryblueprintsgraph[null]: graph-example-1 loaded in 22.02135900000576ms
Testing testTinkerGraphVertices...
	titaninmemoryblueprintsgraph[null]: graph-example-1 loaded in 9.776423999923281ms
Testing testTinkerGraphSoftwareVertices...
	titaninmemoryblueprintsgraph[null]: graph-example-1 loaded in 8.967296000104398ms
Testing testTinkerGraphVertexAndEdges...
	titaninmemoryblueprintsgraph[null]: graph-example-1 loaded in 8.944143999950029ms
Testing testReadingTinkerGraphExample3...
Testing testReadingTinkerGraphExample3MappingLabels...
	titaninmemoryblueprintsgraph[null]: graph-example-3 loaded in 11.443976999958977ms
Testing testReadingTinkerGraphExample3MappingIDs...
	titaninmemoryblueprintsgraph[null]: graph-example-3 loaded in 11.096058000111952ms
Testing testReadingTinkerGraphExample3MappingAll...
	titaninmemoryblueprintsgraph[null]: graph-example-3 loaded in 10.920635999995284ms
Testing testMigratingTinkerGraphExample3...
Testing testAllGraphMLTypeCastsAndDataMappings...
*** TOTAL TIME [GraphMLReaderTestSuite]: 91.63746699993499 ***
Testing testReadingTinkerGraph...
Testing testTinkerGraphEdges...
	titaninmemoryblueprintsgraph[null]: graph-example-1 loaded in 8.050839000032283ms
Testing testTinkerGraphVertices...
	titaninmemoryblueprintsgraph[null]: graph-example-1 loaded in 4.225712999934331ms
Testing testTinkerGraphSoftwareVertices...
	titaninmemoryblueprintsgraph[null]: graph-example-1 loaded in 4.227348000044003ms
Testing testTinkerGraphVertexAndEdges...
	titaninmemoryblueprintsgraph[null]: graph-example-1 loaded in 4.263889000052586ms
Testing testReadingTinkerGraphExample3...
Testing testReadingTinkerGraphExample3MappingLabels...
	titaninmemoryblueprintsgraph[null]: graph-example-3 loaded in 5.643459999933839ms
Testing testReadingTinkerGraphExample3MappingIDs...
	titaninmemoryblueprintsgraph[null]: graph-example-3 loaded in 5.284664000035264ms
Testing testReadingTinkerGraphExample3MappingAll...
	titaninmemoryblueprintsgraph[null]: graph-example-3 loaded in 4.772637999965809ms
Testing testMigratingTinkerGraphExample3...
*** TOTAL TIME [GMLReaderTestSuite]: 44.414388000033796 ***
Tests run: 7, Failures: 0, Errors: 0, Skipped: 0, Time elapsed: 1.368 sec

Results :

Tests run: 51, Failures: 0, Errors: 0, Skipped: 0

[INFO]                                                                         
[INFO] ------------------------------------------------------------------------
[INFO] Building Titan-BerkeleyJE: Distributed Graph Database 0.2.1-SNAPSHOT
[INFO] ------------------------------------------------------------------------
[INFO] 
[INFO] --- maven-enforcer-plugin:1.0:enforce (enforce-maven) @ titan-berkeleyje ---
[INFO] 
[INFO] --- maven-resources-plugin:2.3:resources (default-resources) @ titan-berkeleyje ---
[INFO] Using 'UTF-8' encoding to copy filtered resources.
[INFO] Copying 2 resources
[INFO] 
[INFO] --- maven-compiler-plugin:2.5.1:compile (default-compile) @ titan-berkeleyje ---
[INFO] Nothing to compile - all classes are up to date
[INFO] 
[INFO] --- maven-resources-plugin:2.3:testResources (default-testResources) @ titan-berkeleyje ---
[INFO] Using 'UTF-8' encoding to copy filtered resources.
[INFO] Copying 2 resources
[INFO] 
[INFO] --- maven-compiler-plugin:2.5.1:testCompile (default-testCompile) @ titan-berkeleyje ---
[INFO] Nothing to compile - all classes are up to date
[INFO] 
[INFO] --- maven-surefire-plugin:2.12.1:test (default-test) @ titan-berkeleyje ---
[INFO] Surefire report directory: /home/travis/build/thinkaurelius/titan/titan-berkeleyje/target/surefire-reports
Downloading: http://maven.mirrors.travis-ci.org/nexus/content/repositories/central/org/apache/maven/surefire/surefire-junit4/2.12.1/surefire-junit4-2.12.1.pom
3/3 KB              Downloaded: http://maven.mirrors.travis-ci.org/nexus/content/repositories/central/org/apache/maven/surefire/surefire-junit4/2.12.1/surefire-junit4-2.12.1.pom (3 KB at 6.9 KB/sec)
Downloading: http://maven.mirrors.travis-ci.org/nexus/content/repositories/central/org/apache/maven/surefire/surefire-providers/2.12.1/surefire-providers-2.12.1.pom
3/3 KB            Downloaded: http://maven.mirrors.travis-ci.org/nexus/content/repositories/central/org/apache/maven/surefire/surefire-providers/2.12.1/surefire-providers-2.12.1.pom (3 KB at 5.4 KB/sec)
Downloading: http://maven.mirrors.travis-ci.org/nexus/content/repositories/central/org/apache/maven/surefire/surefire-junit4/2.12.1/surefire-junit4-2.12.1.jar
4/34 KB   8/34 KB   9/34 KB   13/34 KB   17/34 KB   21/34 KB   24/34 KB   28/34 KB   32/34 KB   34/34 KB              Downloaded: http://maven.mirrors.travis-ci.org/nexus/content/repositories/central/org/apache/maven/surefire/surefire-junit4/2.12.1/surefire-junit4-2.12.1.jar (34 KB at 65.1 KB/sec)

-------------------------------------------------------
 T E S T S
-------------------------------------------------------
Running com.thinkaurelius.titan.graphdb.berkeleyje.BerkeleyJEGraphTest
java.util.GregorianCalendar[time=278380800000,areFieldsSet=true,areAllFieldsSet=true,lenient=true,zone=sun.util.calendar.ZoneInfo[id="Etc/UTC",offset=0,dstSavings=0,useDaylight=false,transitions=0,lastRule=null],firstDayOfWeek=1,minimalDaysInFirstWeek=1,ERA=1,YEAR=1978,MONTH=9,WEEK_OF_YEAR=43,WEEK_OF_MONTH=4,DAY_OF_MONTH=28,DAY_OF_YEAR=301,DAY_OF_WEEK=7,DAY_OF_WEEK_IN_MONTH=4,AM_PM=0,HOUR=0,HOUR_OF_DAY=0,MINUTE=0,SECOND=0,MILLISECOND=0,ZONE_OFFSET=0,DST_OFFSET=0]
java.util.GregorianCalendar[time=278380800000,areFieldsSet=true,areAllFieldsSet=true,lenient=true,zone=sun.util.calendar.ZoneInfo[id="Etc/UTC",offset=0,dstSavings=0,useDaylight=false,transitions=0,lastRule=null],firstDayOfWeek=1,minimalDaysInFirstWeek=1,ERA=1,YEAR=1978,MONTH=9,WEEK_OF_YEAR=43,WEEK_OF_MONTH=4,DAY_OF_MONTH=28,DAY_OF_YEAR=301,DAY_OF_WEEK=7,DAY_OF_WEEK_IN_MONTH=4,AM_PM=0,HOUR=0,HOUR_OF_DAY=0,MINUTE=0,SECOND=0,MILLISECOND=0,ZONE_OFFSET=0,DST_OFFSET=0]
Tests run: 17, Failures: 0, Errors: 0, Skipped: 0, Time elapsed: 15.075 sec
Running com.thinkaurelius.titan.diskstorage.berkeleyje.BerkeleyJEKeyValueTest
Tests run: 7, Failures: 0, Errors: 0, Skipped: 0, Time elapsed: 1.452 sec
Running com.thinkaurelius.titan.diskstorage.berkeleyje.BerkeleyJeHashKeyColumnValueTest
Loading time (ms): 2042
Reading time (ms): 367
Tests run: 17, Failures: 0, Errors: 0, Skipped: 0, Time elapsed: 10.263 sec
Running com.thinkaurelius.titan.diskstorage.berkeleyje.BerkeleyDBjeKeyColumnValueTest
Loading time (ms): 1666
Reading time (ms): 282
Tests run: 17, Failures: 0, Errors: 0, Skipped: 0, Time elapsed: 7.598 sec
Running com.thinkaurelius.titan.tinkerpop.rexster.RexsterServerClientBerkeleyJeTest
Tests run: 1, Failures: 0, Errors: 0, Skipped: 0, Time elapsed: 3.178 sec
Running com.thinkaurelius.titan.blueprints.BerkeleyJEBlueprintsTest
Testing testVertexEqualityForSuppliedIdsAndHashCode...
Testing testNoConcurrentModificationException...
Testing testBasicAddVertex...
Testing testAddManyVertexProperties...
	titangraph[berkeleyje:/tmp/titan-test/standard]: 750 vertex properties added (with vertices being added too) in 332.16950600000564ms
Testing testGetVertexWithNull...
Testing testVertexEquality...
	titangraph[berkeleyje:/tmp/titan-test/standard]: 1 vertex added and retrieved in 1.4810249999864027ms
Testing testRemoveVertex...
Testing testConcurrentModificationOnProperties...
Testing testSettingBadVertexProperties...
Testing testVertexCentricRemoving...
Testing testGettingEdgesAndVertices...
Testing testRemoveVertexProperties...
Testing testAddingIdProperty...
Testing testEmptyKeyProperty...
Testing testVertexCentricLinking...
Testing testVertexIterator...
	titangraph[berkeleyje:/tmp/titan-test/standard]: 1000 vertices added in 56.38252700003795ms
	titangraph[berkeleyje:/tmp/titan-test/standard]: 1000 vertices counted in 1.3050120000261813ms
Testing testLegalVertexEdgeIterables...
Testing testAddVertexProperties...
Testing testGetNonExistantVertices...
Testing testRemoveVertexNullId...
	titangraph[berkeleyje:/tmp/titan-test/standard]: 100 vertices added in 3.8806409999961033ms
	titangraph[berkeleyje:/tmp/titan-test/standard]: 100 vertices removed in 7.557724000071175ms
Testing testRemoveVertexWithEdges...
*** TOTAL TIME [VertexTestSuite]: 2835.0334029999794 ***
Testing testNoConcurrentModificationException...
Testing testAddingDuplicateEdges...
Testing testRemoveEdgesByRemovingVertex...
Testing testSettingBadVertexProperties...
Testing testRemoveSelfLoops...
Testing testEdgeIterator...
Testing testAddingRemovingEdgeProperties...
Testing testGetNonExistantEdges...
Testing testRemoveManyEdges...
	titangraph[berkeleyje:/tmp/titan-test/standard]: 20 vertices counted in 0.22284400009084493ms
	titangraph[berkeleyje:/tmp/titan-test/standard]: 10 edges counted in 0.3429699999978766ms
	titangraph[berkeleyje:/tmp/titan-test/standard]: 10 edges removed and graph checked in 7.240089999977499ms
Testing testRemoveEdges...
Testing testAddingSelfLoops...
Testing testAddingLabelAndIdProperty...
Testing testEdgeCentricRemoving...
Testing testAddEdges...
	titangraph[berkeleyje:/tmp/titan-test/standard]: 6 elements added and checked in 3.090197999961674ms
Testing testAddManyEdges...
	titangraph[berkeleyje:/tmp/titan-test/standard]: 300 elements added in 37.01416099991184ms
	titangraph[berkeleyje:/tmp/titan-test/standard]: 100 edges counted in 1.777635999955237ms
	titangraph[berkeleyje:/tmp/titan-test/standard]: 200 vertices counted in 0.3614250000100583ms
	titangraph[berkeleyje:/tmp/titan-test/standard]: 200 vertices checked in 4.34675399994012ms
Testing testGetEdges...
	titangraph[berkeleyje:/tmp/titan-test/standard]: 3 edges retrieved in 0.3510630000382662ms
Testing testEdgeEquality...
Testing testEmptyKeyProperty...
*** TOTAL TIME [EdgeTestSuite]: 1082.444785000058 ***
Testing testEmptyOnConstruction...
Testing testDataTypeValidationOnProperties...
Testing testSimpleRemovingVerticesEdges...
Testing testGettingVerticesAndEdgesWithKeyValue...
Testing testAddingVerticesAndEdges...
Testing testSettingProperties...
Testing testFeatureCompliance...
supportsDuplicateEdges: true
supportsSelfLoops: true
supportsSerializableObjectProperty: true
supportsBooleanProperty: true
supportsDoubleProperty: true
supportsFloatProperty: true
supportsIntegerProperty: true
supportsPrimitiveArrayProperty: true
supportsUniformListProperty: true
supportsMixedListProperty: true
supportsLongProperty: true
supportsMapProperty: true
supportsStringProperty: true
ignoresSuppliedIds: true
isPersistent: true
isRDFModel: false
isWrapper: false
supportsIndices: false
supportsVertexIndex: false
supportsEdgeIndex: false
supportsKeyIndices: true
supportsVertexKeyIndex: true
supportsEdgeKeyIndex: false
supportsEdgeIteration: true
supportsVertexIteration: true
supportsEdgeRetrieval: true
supportsVertexProperties: true
supportsEdgeProperties: true
supportsTransactions: true
supportsThreadedTransactions: true
Testing testStringRepresentationOfVertexId...
Testing testSemanticallyCorrectIterables...
Testing testGraphDataPersists...
	titangraph[berkeleyje:/tmp/titan-test/standard]: 1 graph loaded in 11.942792000016198ms
Testing testAutotypingOfProperties...
Testing testTreeConnectivity...
	titangraph[berkeleyje:/tmp/titan-test/standard]: 1464 vertices added in a tree structure in 179.99567699991167ms
	titangraph[berkeleyje:/tmp/titan-test/standard]: 1464 vertices iterated in 3.087954999995418ms
	titangraph[berkeleyje:/tmp/titan-test/standard]: 1463 edges iterated in 14.098918000003323ms
Testing testConcurrentModification...
Testing testRemovingVertices...
	titangraph[berkeleyje:/tmp/titan-test/standard]: 500 vertices added in 14.516952999983914ms
	titangraph[berkeleyje:/tmp/titan-test/standard]: 250 edges added in 78.03829699999187ms
	titangraph[berkeleyje:/tmp/titan-test/standard]: 500 vertices deleted (with size check on each delete) in 211.77303200005554ms
Testing testVertexEdgeLabels...
Testing testVertexEdgeLabels2...
Testing testRemovingEdges...
	titangraph[berkeleyje:/tmp/titan-test/standard]: 100 vertices added in 2.7610529999947175ms
	titangraph[berkeleyje:/tmp/titan-test/standard]: 200 edges added in 58.74178399995435ms
	titangraph[berkeleyje:/tmp/titan-test/standard]: 200 edges deleted (with size check on each delete) in 55.63285199995153ms
Testing testConnectivityPatterns...
*** TOTAL TIME [GraphTestSuite]: 1434.0759790000739 ***
Testing testGraphQueryForVertices...
Testing testGraphQueryForEdges...
Testing testVertexQuery...
*** TOTAL TIME [QueryTestSuite]: 121.96478100004606 ***
Testing testNoConcurrentModificationException...
Testing testGettingVerticesAndEdgesWithKeyValue...
Testing testKeyIndicesConsistentWithElementRemoval...
Testing testAutoIndexKeyManagementWithPersistence...
	titangraph[berkeleyje:/tmp/titan-test/standard]: 2 automatic index keys added in 1.3952709999866784ms
*** TOTAL TIME [KeyIndexableGraphTestSuite]: 166.58396399999037 ***
Testing testCompetingThreads...
Testing testBasicVertexEdgeTransactions...
Testing testTransactionsForEdges...
	titangraph[berkeleyje:/tmp/titan-test/standard]: 1 edge not added in failed transaction (w/ iteration) in 2.73730300005991ms
	titangraph[berkeleyje:/tmp/titan-test/standard]: 1 edge added in successful transaction (w/ iteration) in 1.3561119999503717ms
Testing testBruteEdgeTransactions...
	titangraph[berkeleyje:/tmp/titan-test/standard]: 100 edges added in 100 successful transactions (2 vertices added for each edge) in 69.84413800004404ms
	titangraph[berkeleyje:/tmp/titan-test/standard]: 100 edges not added in 100 failed transactions (2 vertices added for each edge) in 23.630303999991156ms
	titangraph[berkeleyje:/tmp/titan-test/standard]: 100 edges added in 1 successful transactions (2 vertices added for each edge) in 28.56794199999422ms
	titangraph[berkeleyje:/tmp/titan-test/standard]: 100 edges not added in 1 failed transactions (2 vertices added for each edge) in 23.462782999966294ms
Testing testPropertyTransactions...
	titangraph[berkeleyje:/tmp/titan-test/standard]: 1 vertex added with string property in a successful transaction in 2.867494000005536ms
	titangraph[berkeleyje:/tmp/titan-test/standard]: 1 integer property not added in a failed transaction in 0.637713999953121ms
	titangraph[berkeleyje:/tmp/titan-test/standard]: 2 vertex properties checked in a successful transaction in 0.2920630000298843ms
	titangraph[berkeleyje:/tmp/titan-test/standard]: 1 edge property added and checked in a successful transaction in 1.096350000007078ms
	titangraph[berkeleyje:/tmp/titan-test/standard]: 1 edge property added and checked in a failed transaction in 0.32847800001036376ms
Testing testIndexTransactions...
Testing testCompetingThreadsOnMultipleDbInstances...
Testing testTrue...
Testing testAutoStartTransaction...
Testing testRepeatedTransactionStopException...
Testing testTransactionIsolationCommitCheck...
added vertex
reading vertex before tx
read vertex before tx
Testing testRemoveInTransaction...
Testing testAutomaticSuccessfulTransactionOnShutdown...
Testing testVertexCountOnPreTransactionCommit...
Testing testBulkTransactionsOnEdges...
Testing testTransactionsForVertices...
	titangraph[berkeleyje:/tmp/titan-test/standard]: 1 vertex not added in failed transaction in 0.40148999996017665ms
	titangraph[berkeleyje:/tmp/titan-test/standard]: 1 vertex added in successful transaction in 0.5715499999932945ms
Testing testBruteVertexTransactions...
	titangraph[berkeleyje:/tmp/titan-test/standard]: 100 vertices added in 100 successful transactions in 39.217364999931306ms
	titangraph[berkeleyje:/tmp/titan-test/standard]: 100 vertices not added in 100 failed transactions in 9.892519999993965ms
	titangraph[berkeleyje:/tmp/titan-test/standard]: 100 vertices added in 1 successful transactions in 7.567860000068322ms
	titangraph[berkeleyje:/tmp/titan-test/standard]: 100 vertices not added in 1 failed transactions in 5.456911000073887ms
*** TOTAL TIME [TransactionalTitanGraphTestSuite]: 1401.8430149999913 ***
Testing testVertexReattachment...
*** TOTAL TIME [TitanSpecificBlueprintsTestSuite]: 64.29335200006608 ***
Testing testTinkerGraphVertexAndEdges...
	titangraph[berkeleyje:/tmp/titan-test/standard]: graph-example-1 loaded in 34.749041999923065ms
Testing testAllGraphMLTypeCastsAndDataMappings...
Testing testReadingTinkerGraphExample3MappingIDs...
	titangraph[berkeleyje:/tmp/titan-test/standard]: graph-example-3 loaded in 15.015812999918126ms
Testing testReadingTinkerGraphExample3MappingAll...
	titangraph[berkeleyje:/tmp/titan-test/standard]: graph-example-3 loaded in 14.48158100002911ms
Testing testMigratingTinkerGraphExample3...
Testing testTinkerGraphSoftwareVertices...
	titangraph[berkeleyje:/tmp/titan-test/standard]: graph-example-1 loaded in 12.818978000083007ms
Testing testReadingTinkerGraphExample3...
Testing testReadingTinkerGraphExample3MappingLabels...
	titangraph[berkeleyje:/tmp/titan-test/standard]: graph-example-3 loaded in 15.55754299997352ms
Testing testTinkerGraphVertices...
	titangraph[berkeleyje:/tmp/titan-test/standard]: graph-example-1 loaded in 12.687968999962322ms
Testing testReadingTinkerGraph...
Testing testTinkerGraphEdges...
	titangraph[berkeleyje:/tmp/titan-test/standard]: graph-example-1 loaded in 12.447455999907106ms
*** TOTAL TIME [GraphMLReaderTestSuite]: 451.9763830000302 ***
Testing testTinkerGraphVertexAndEdges...
	titangraph[berkeleyje:/tmp/titan-test/standard]: graph-example-1 loaded in 273.23722699994687ms
Testing testTinkerGraphSoftwareVertices...
	titangraph[berkeleyje:/tmp/titan-test/standard]: graph-example-1 loaded in 10.023927000002004ms
Testing testTinkerGraphVertices...
	titangraph[berkeleyje:/tmp/titan-test/standard]: graph-example-1 loaded in 9.411871999967843ms
Testing testReadingTinkerGraph...
Testing testTinkerGraphEdges...
	titangraph[berkeleyje:/tmp/titan-test/standard]: graph-example-1 loaded in 8.988191000069492ms
*** TOTAL TIME [GraphSONReaderTestSuite]: 509.6749299999792 ***
Testing testTinkerGraphVertexAndEdges...
	titangraph[berkeleyje:/tmp/titan-test/standard]: graph-example-1 loaded in 10.46960300009232ms
Testing testReadingTinkerGraphExample3MappingIDs...
	titangraph[berkeleyje:/tmp/titan-test/standard]: graph-example-3 loaded in 9.789472999982536ms
Testing testReadingTinkerGraphExample3MappingAll...
	titangraph[berkeleyje:/tmp/titan-test/standard]: graph-example-3 loaded in 14.738779000006616ms
Testing testMigratingTinkerGraphExample3...
Testing testTinkerGraphSoftwareVertices...
	titangraph[berkeleyje:/tmp/titan-test/standard]: graph-example-1 loaded in 52.70094899996184ms
Testing testReadingTinkerGraphExample3...
Testing testReadingTinkerGraphExample3MappingLabels...
	titangraph[berkeleyje:/tmp/titan-test/standard]: graph-example-3 loaded in 40.65140800003428ms
Testing testTinkerGraphVertices...
	titangraph[berkeleyje:/tmp/titan-test/standard]: graph-example-1 loaded in 94.32647400000133ms
Testing testReadingTinkerGraph...
Testing testTinkerGraphEdges...
	titangraph[berkeleyje:/tmp/titan-test/standard]: graph-example-1 loaded in 9.296364999958314ms
*** TOTAL TIME [GMLReaderTestSuite]: 1565.7088049999438 ***
Tests run: 10, Failures: 0, Errors: 0, Skipped: 0, Time elapsed: 9.655 sec
Running com.thinkaurelius.titan.diskstorage.berkeleyje.BerkeleyDBjeKeyColumnValueVariableTest
Loading time (ms): 1912
Reading time (ms): 380
Tests run: 17, Failures: 0, Errors: 0, Skipped: 0, Time elapsed: 9.144 sec

Results :

Tests run: 86, Failures: 0, Errors: 0, Skipped: 0

[INFO]                                                                         
[INFO] ------------------------------------------------------------------------
[INFO] Building Titan-Cassandra: Distributed Graph Database 0.2.1-SNAPSHOT
[INFO] ------------------------------------------------------------------------
[INFO] 
[INFO] --- maven-enforcer-plugin:1.0:enforce (enforce-maven) @ titan-cassandra ---
[INFO] 
[INFO] --- maven-resources-plugin:2.5:resources (default-resources) @ titan-cassandra ---
[debug] execute contextualize
[INFO] Using 'UTF-8' encoding to copy filtered resources.
[INFO] Copying 2 resources
[INFO] 
[INFO] --- maven-compiler-plugin:2.5.1:compile (default-compile) @ titan-cassandra ---
[INFO] Nothing to compile - all classes are up to date
[INFO] 
[INFO] --- maven-resources-plugin:2.5:testResources (default-testResources) @ titan-cassandra ---
[debug] execute contextualize
[INFO] Using 'UTF-8' encoding to copy filtered resources.
[INFO] Copying 2 resources
[INFO] 
[INFO] --- maven-resources-plugin:2.5:copy-resources (copy-resources-127.0.0.1) @ titan-cassandra ---
[debug] execute contextualize
[INFO] Using 'UTF-8' encoding to copy filtered resources.
[INFO] Copying 7 resources
[INFO] 
[INFO] --- maven-compiler-plugin:2.5.1:testCompile (default-testCompile) @ titan-cassandra ---
[INFO] Nothing to compile - all classes are up to date
[INFO] 
[INFO] --- maven-surefire-plugin:2.12.1:test (default-test) @ titan-cassandra ---
[INFO] Surefire report directory: /home/travis/build/thinkaurelius/titan/titan-cassandra/target/surefire-reports

-------------------------------------------------------
 T E S T S
-------------------------------------------------------

-------------------------------------------------------
 T E S T S
-------------------------------------------------------
Running com.thinkaurelius.titan.diskstorage.cassandra.astyanax.InternalAstyanaxKeyColumnValueTest
Loading time (ms): 930
Reading time (ms): 9611
Tests run: 18, Failures: 0, Errors: 0, Skipped: 0, Time elapsed: 52.571 sec
Running com.thinkaurelius.titan.diskstorage.cassandra.UUIDTest
Tests run: 1, Failures: 0, Errors: 0, Skipped: 0, Time elapsed: 0.75 sec
Running com.thinkaurelius.titan.blueprints.InternalCassandraBlueprintsTest
Testing testGetVertexWithNull...
Testing testRemoveVertex...
Testing testRemoveVertexWithEdges...
Testing testGetNonExistantVertices...
Testing testRemoveVertexNullId...
	titangraph[cassandra:null]: 100 vertices added in 19.344814999960363ms
	titangraph[cassandra:null]: 100 vertices removed in 18.129456000053324ms
Testing testVertexIterator...
	titangraph[cassandra:null]: 1000 vertices added in 808.1683160000248ms
	titangraph[cassandra:null]: 1000 vertices counted in 7.855253000045195ms
Testing testLegalVertexEdgeIterables...
Testing testAddVertexProperties...
Testing testAddManyVertexProperties...
	titangraph[cassandra:null]: 750 vertex properties added (with vertices being added too) in 20411.608922999934ms
Testing testRemoveVertexProperties...
Testing testAddingIdProperty...
Testing testNoConcurrentModificationException...
Testing testGettingEdgesAndVertices...
Testing testEmptyKeyProperty...
Testing testVertexCentricLinking...
Testing testVertexCentricRemoving...
Testing testConcurrentModificationOnProperties...
Testing testSettingBadVertexProperties...
Testing testVertexEqualityForSuppliedIdsAndHashCode...
Testing testBasicAddVertex...
Testing testVertexEquality...
	titangraph[cassandra:null]: 1 vertex added and retrieved in 609.4457310000435ms
*** TOTAL TIME [VertexTestSuite]: 61989.418028000044 ***
Testing testNoConcurrentModificationException...
Testing testEmptyKeyProperty...
Testing testSettingBadVertexProperties...
Testing testAddManyEdges...
	titangraph[cassandra:null]: 300 elements added in 3372.6047430000035ms
	titangraph[cassandra:null]: 100 edges counted in 9.528525999980047ms
	titangraph[cassandra:null]: 200 vertices counted in 2.400686999899335ms
	titangraph[cassandra:null]: 200 vertices checked in 23.84944599994924ms
Testing testGetEdges...
	titangraph[cassandra:null]: 3 edges retrieved in 2.124009000021033ms
Testing testGetNonExistantEdges...
Testing testRemoveManyEdges...
	titangraph[cassandra:null]: 20 vertices counted in 2.271455999929458ms
	titangraph[cassandra:null]: 10 edges counted in 2.754579999949783ms
	titangraph[cassandra:null]: 10 edges removed and graph checked in 62.03785299998708ms
Testing testAddingDuplicateEdges...
Testing testRemoveEdgesByRemovingVertex...
Testing testRemoveEdges...
Testing testAddingSelfLoops...
Testing testRemoveSelfLoops...
Testing testEdgeIterator...
Testing testAddingRemovingEdgeProperties...
Testing testAddingLabelAndIdProperty...
Testing testEdgeCentricRemoving...
Testing testEdgeEquality...
Testing testAddEdges...
	titangraph[cassandra:null]: 6 elements added and checked in 918.2572829999262ms
*** TOTAL TIME [EdgeTestSuite]: 27192.945191000006 ***
Testing testFeatureCompliance...
supportsDuplicateEdges: true
supportsSelfLoops: true
supportsSerializableObjectProperty: true
supportsBooleanProperty: true
supportsDoubleProperty: true
supportsFloatProperty: true
supportsIntegerProperty: true
supportsPrimitiveArrayProperty: true
supportsUniformListProperty: true
supportsMixedListProperty: true
supportsLongProperty: true
supportsMapProperty: true
supportsStringProperty: true
ignoresSuppliedIds: true
isPersistent: true
isRDFModel: false
isWrapper: false
supportsIndices: false
supportsVertexIndex: false
supportsEdgeIndex: false
supportsKeyIndices: true
supportsVertexKeyIndex: true
supportsEdgeKeyIndex: false
supportsEdgeIteration: true
supportsVertexIteration: true
supportsEdgeRetrieval: true
supportsVertexProperties: true
supportsEdgeProperties: true
supportsTransactions: true
supportsThreadedTransactions: true
Testing testEmptyOnConstruction...
Testing testStringRepresentationOfVertexId...
Testing testSemanticallyCorrectIterables...
Testing testGettingVerticesAndEdgesWithKeyValue...
Testing testAddingVerticesAndEdges...
Testing testSettingProperties...
Testing testDataTypeValidationOnProperties...
Testing testRemovingVertices...
	titangraph[cassandra:null]: 500 vertices added in 658.1226079999469ms
	titangraph[cassandra:null]: 250 edges added in 6420.231909000082ms
	titangraph[cassandra:null]: 500 vertices deleted (with size check on each delete) in 1166.5117339999415ms
Testing testConnectivityPatterns...
Testing testVertexEdgeLabels...
Testing testVertexEdgeLabels2...
Testing testTreeConnectivity...
	titangraph[cassandra:null]: 1464 vertices added in a tree structure in 1295.0448750000214ms
	titangraph[cassandra:null]: 1464 vertices iterated in 2.8112459999974817ms
	titangraph[cassandra:null]: 1463 edges iterated in 7.391141000087373ms
Testing testConcurrentModification...
Testing testGraphDataPersists...
	titangraph[cassandra:null]: 1 graph loaded in 19.250117999967188ms
Testing testAutotypingOfProperties...
Testing testSimpleRemovingVerticesEdges...
Testing testRemovingEdges...
	titangraph[cassandra:null]: 100 vertices added in 615.5165780000389ms
	titangraph[cassandra:null]: 200 edges added in 5188.355777999968ms
	titangraph[cassandra:null]: 200 edges deleted (with size check on each delete) in 457.5015429999912ms
*** TOTAL TIME [GraphTestSuite]: 36861.49776400009 ***
Testing testVertexQuery...
Testing testGraphQueryForVertices...
Testing testGraphQueryForEdges...
*** TOTAL TIME [QueryTestSuite]: 4321.962089999928 ***
Testing testNoConcurrentModificationException...
Testing testGettingVerticesAndEdgesWithKeyValue...
Testing testAutoIndexKeyManagementWithPersistence...
	titangraph[cassandra:null]: 2 automatic index keys added in 611.4208339999896ms
Testing testKeyIndicesConsistentWithElementRemoval...
*** TOTAL TIME [KeyIndexableGraphTestSuite]: 3716.3393480000086 ***
Testing testCompetingThreads...
Testing testRepeatedTransactionStopException...
Testing testTrue...
Testing testAutoStartTransaction...
Testing testTransactionsForVertices...
	titangraph[cassandra:null]: 1 vertex not added in failed transaction in 3.0840839999727905ms
	titangraph[cassandra:null]: 1 vertex added in successful transaction in 1.7502079999540001ms
Testing testBasicVertexEdgeTransactions...
Testing testBruteVertexTransactions...
	titangraph[cassandra:null]: 100 vertices added in 100 successful transactions in 662.5169959999621ms
	titangraph[cassandra:null]: 100 vertices not added in 100 failed transactions in 10.71819099993445ms
	titangraph[cassandra:null]: 100 vertices added in 1 successful transactions in 37.15998599992599ms
	titangraph[cassandra:null]: 100 vertices not added in 1 failed transactions in 60.705550999962725ms
Testing testTransactionsForEdges...
	titangraph[cassandra:null]: 1 edge not added in failed transaction (w/ iteration) in 311.5636390000582ms
	titangraph[cassandra:null]: 1 edge added in successful transaction (w/ iteration) in 109.16707299998961ms
Testing testBruteEdgeTransactions...
	titangraph[cassandra:null]: 100 edges added in 100 successful transactions (2 vertices added for each edge) in 1106.4674090000335ms
	titangraph[cassandra:null]: 100 edges not added in 100 failed transactions (2 vertices added for each edge) in 22.692441000021063ms
	titangraph[cassandra:null]: 100 edges added in 1 successful transactions (2 vertices added for each edge) in 93.96873299998697ms
	titangraph[cassandra:null]: 100 edges not added in 1 failed transactions (2 vertices added for each edge) in 139.56462499999907ms
Testing testPropertyTransactions...
	titangraph[cassandra:null]: 1 vertex added with string property in a successful transaction in 1016.2163289999589ms
	titangraph[cassandra:null]: 1 integer property not added in a failed transaction in 2.4536020000232384ms
	titangraph[cassandra:null]: 2 vertex properties checked in a successful transaction in 1.3645370000740513ms
	titangraph[cassandra:null]: 1 edge property added and checked in a successful transaction in 106.28501600003801ms
	titangraph[cassandra:null]: 1 edge property added and checked in a failed transaction in 1.2702220000792295ms
Testing testIndexTransactions...
Testing testAutomaticSuccessfulTransactionOnShutdown...
Testing testVertexCountOnPreTransactionCommit...
Testing testBulkTransactionsOnEdges...
Testing testTransactionIsolationCommitCheck...
added vertex
reading vertex before tx
read vertex before tx
Testing testRemoveInTransaction...
*** TOTAL TIME [TransactionalTitanGraphTestSuite]: 21937.801633000025 ***
Testing testVertexReattachment...
*** TOTAL TIME [TitanSpecificBlueprintsTestSuite]: 1452.5189909999026 ***
Testing testTinkerGraphEdges...
	titangraph[cassandra:null]: graph-example-1 loaded in 1061.4202789999545ms
Testing testTinkerGraphVertices...
	titangraph[cassandra:null]: graph-example-1 loaded in 1039.8419029999059ms
Testing testTinkerGraphSoftwareVertices...
	titangraph[cassandra:null]: graph-example-1 loaded in 1041.3340630000457ms
Testing testTinkerGraphVertexAndEdges...
	titangraph[cassandra:null]: graph-example-1 loaded in 1042.20393399999ms
Testing testReadingTinkerGraphExample3...
Testing testReadingTinkerGraphExample3MappingLabels...
	titangraph[cassandra:null]: graph-example-3 loaded in 1044.021695000003ms
Testing testReadingTinkerGraphExample3MappingIDs...
	titangraph[cassandra:null]: graph-example-3 loaded in 1044.9033069999423ms
Testing testReadingTinkerGraphExample3MappingAll...
	titangraph[cassandra:null]: graph-example-3 loaded in 1043.9250099998899ms
Testing testMigratingTinkerGraphExample3...
Testing testAllGraphMLTypeCastsAndDataMappings...
Testing testReadingTinkerGraph...
*** TOTAL TIME [GraphMLReaderTestSuite]: 10070.432331999997 ***
Testing testTinkerGraphEdges...
	titangraph[cassandra:null]: graph-example-1 loaded in 1280.4960439999122ms
Testing testTinkerGraphVertices...
	titangraph[cassandra:null]: graph-example-1 loaded in 1034.3600980000338ms
Testing testTinkerGraphSoftwareVertices...
	titangraph[cassandra:null]: graph-example-1 loaded in 1034.8260470000096ms
Testing testTinkerGraphVertexAndEdges...
	titangraph[cassandra:null]: graph-example-1 loaded in 1037.1478289999068ms
Testing testReadingTinkerGraph...
*** TOTAL TIME [GraphSONReaderTestSuite]: 5942.189714000095 ***
Testing testTinkerGraphEdges...
	titangraph[cassandra:null]: graph-example-1 loaded in 1038.2979829999385ms
Testing testTinkerGraphVertices...
	titangraph[cassandra:null]: graph-example-1 loaded in 1036.35273100005ms
Testing testTinkerGraphSoftwareVertices...
	titangraph[cassandra:null]: graph-example-1 loaded in 1034.5943999999436ms
Testing testTinkerGraphVertexAndEdges...
	titangraph[cassandra:null]: graph-example-1 loaded in 1037.8744870000519ms
Testing testReadingTinkerGraphExample3...
Testing testReadingTinkerGraphExample3MappingLabels...
	titangraph[cassandra:null]: graph-example-3 loaded in 1040.9899999999907ms
Testing testReadingTinkerGraphExample3MappingIDs...
	titangraph[cassandra:null]: graph-example-3 loaded in 1042.6968709999928ms
Testing testReadingTinkerGraphExample3MappingAll...
	titangraph[cassandra:null]: graph-example-3 loaded in 1040.2190760000376ms
Testing testMigratingTinkerGraphExample3...
Testing testReadingTinkerGraph...
*** TOTAL TIME [GMLReaderTestSuite]: 10234.522911000066 ***
Tests run: 10, Failures: 0, Errors: 0, Skipped: 0, Time elapsed: 183.834 sec
Running com.thinkaurelius.titan.diskstorage.cassandra.embedded.InternalCassandraEmbeddedKeyColumnValueTest
Loading time (ms): 572
Reading time (ms): 4941
Tests run: 18, Failures: 0, Errors: 0, Skipped: 0, Time elapsed: 29.753 sec
Running com.thinkaurelius.titan.tinkerpop.rexster.RexsterServerClientCassandraEmbeddedTest
Tests run: 1, Failures: 0, Errors: 0, Skipped: 0, Time elapsed: 16.39 sec
Running com.thinkaurelius.titan.graphdb.astyanax.InternalAstyanaxGraphTest
java.util.GregorianCalendar[time=278380800000,areFieldsSet=true,areAllFieldsSet=true,lenient=true,zone=sun.util.calendar.ZoneInfo[id="Etc/UTC",offset=0,dstSavings=0,useDaylight=false,transitions=0,lastRule=null],firstDayOfWeek=1,minimalDaysInFirstWeek=1,ERA=1,YEAR=1978,MONTH=9,WEEK_OF_YEAR=43,WEEK_OF_MONTH=4,DAY_OF_MONTH=28,DAY_OF_YEAR=301,DAY_OF_WEEK=7,DAY_OF_WEEK_IN_MONTH=4,AM_PM=0,HOUR=0,HOUR_OF_DAY=0,MINUTE=0,SECOND=0,MILLISECOND=0,ZONE_OFFSET=0,DST_OFFSET=0]
java.util.GregorianCalendar[time=278380800000,areFieldsSet=true,areAllFieldsSet=true,lenient=true,zone=sun.util.calendar.ZoneInfo[id="Etc/UTC",offset=0,dstSavings=0,useDaylight=false,transitions=0,lastRule=null],firstDayOfWeek=1,minimalDaysInFirstWeek=1,ERA=1,YEAR=1978,MONTH=9,WEEK_OF_YEAR=43,WEEK_OF_MONTH=4,DAY_OF_MONTH=28,DAY_OF_YEAR=301,DAY_OF_WEEK=7,DAY_OF_WEEK_IN_MONTH=4,AM_PM=0,HOUR=0,HOUR_OF_DAY=0,MINUTE=0,SECOND=0,MILLISECOND=0,ZONE_OFFSET=0,DST_OFFSET=0]
Tests run: 17, Failures: 0, Errors: 0, Skipped: 0, Time elapsed: 50.55 sec
Running com.thinkaurelius.titan.diskstorage.cassandra.thrift.InternalCassandraThriftKeyColumnValueTest
Loading time (ms): 1015
Reading time (ms): 8314
Tests run: 18, Failures: 0, Errors: 0, Skipped: 0, Time elapsed: 63.03 sec
Running com.thinkaurelius.titan.diskstorage.cassandra.thrift.InternalCassandraThriftMultiWriteKeyColumnValueStoreTest
Tests run: 2, Failures: 0, Errors: 0, Skipped: 0, Time elapsed: 34.718 sec
Running com.thinkaurelius.titan.diskstorage.cassandra.embedded.InternalCassandraEmbeddedMultiWriteKeyColumnValueStoreTest
Tests run: 2, Failures: 0, Errors: 0, Skipped: 0, Time elapsed: 17.009 sec
Running com.thinkaurelius.titan.graphdb.thrift.InternalCassandraGraphTest
java.util.GregorianCalendar[time=278380800000,areFieldsSet=true,areAllFieldsSet=true,lenient=true,zone=sun.util.calendar.ZoneInfo[id="Etc/UTC",offset=0,dstSavings=0,useDaylight=false,transitions=0,lastRule=null],firstDayOfWeek=1,minimalDaysInFirstWeek=1,ERA=1,YEAR=1978,MONTH=9,WEEK_OF_YEAR=43,WEEK_OF_MONTH=4,DAY_OF_MONTH=28,DAY_OF_YEAR=301,DAY_OF_WEEK=7,DAY_OF_WEEK_IN_MONTH=4,AM_PM=0,HOUR=0,HOUR_OF_DAY=0,MINUTE=0,SECOND=0,MILLISECOND=0,ZONE_OFFSET=0,DST_OFFSET=0]
java.util.GregorianCalendar[time=278380800000,areFieldsSet=true,areAllFieldsSet=true,lenient=true,zone=sun.util.calendar.ZoneInfo[id="Etc/UTC",offset=0,dstSavings=0,useDaylight=false,transitions=0,lastRule=null],firstDayOfWeek=1,minimalDaysInFirstWeek=1,ERA=1,YEAR=1978,MONTH=9,WEEK_OF_YEAR=43,WEEK_OF_MONTH=4,DAY_OF_MONTH=28,DAY_OF_YEAR=301,DAY_OF_WEEK=7,DAY_OF_WEEK_IN_MONTH=4,AM_PM=0,HOUR=0,HOUR_OF_DAY=0,MINUTE=0,SECOND=0,MILLISECOND=0,ZONE_OFFSET=0,DST_OFFSET=0]
Tests run: 17, Failures: 0, Errors: 0, Skipped: 0, Time elapsed: 46.112 sec
Running com.thinkaurelius.titan.blueprints.EmbeddedCassandraBlueprintsTest
Testing testVertexEqualityForSuppliedIdsAndHashCode...
Testing testBasicAddVertex...
Testing testGetVertexWithNull...
Testing testRemoveVertex...
Testing testRemoveVertexWithEdges...
Testing testGetNonExistantVertices...
Testing testRemoveVertexNullId...
	titangraph[embeddedcassandra:null]: 100 vertices added in 18.187644000165164ms
	titangraph[embeddedcassandra:null]: 100 vertices removed in 17.339717000024393ms
Testing testVertexIterator...
	titangraph[embeddedcassandra:null]: 1000 vertices added in 782.8765219999477ms
	titangraph[embeddedcassandra:null]: 1000 vertices counted in 6.017829999793321ms
Testing testLegalVertexEdgeIterables...
Testing testAddVertexProperties...
Testing testAddManyVertexProperties...
	titangraph[embeddedcassandra:null]: 750 vertex properties added (with vertices being added too) in 19916.165414999938ms
Testing testRemoveVertexProperties...
Testing testAddingIdProperty...
Testing testNoConcurrentModificationException...
Testing testGettingEdgesAndVertices...
Testing testEmptyKeyProperty...
Testing testVertexCentricLinking...
Testing testVertexCentricRemoving...
Testing testConcurrentModificationOnProperties...
Testing testSettingBadVertexProperties...
Testing testVertexEquality...
	titangraph[embeddedcassandra:null]: 1 vertex added and retrieved in 607.5834470000118ms
*** TOTAL TIME [VertexTestSuite]: 50901.95446799998 ***
Testing testEdgeEquality...
Testing testAddEdges...
	titangraph[embeddedcassandra:null]: 6 elements added and checked in 917.4628050001338ms
Testing testNoConcurrentModificationException...
Testing testEmptyKeyProperty...
Testing testSettingBadVertexProperties...
Testing testAddManyEdges...
	titangraph[embeddedcassandra:null]: 300 elements added in 3349.565466ms
	titangraph[embeddedcassandra:null]: 100 edges counted in 8.02824699995108ms
	titangraph[embeddedcassandra:null]: 200 vertices counted in 1.5230870000086725ms
	titangraph[embeddedcassandra:null]: 200 vertices checked in 21.121916000032797ms
Testing testGetEdges...
	titangraph[embeddedcassandra:null]: 3 edges retrieved in 1.6459770000074059ms
Testing testGetNonExistantEdges...
Testing testRemoveManyEdges...
	titangraph[embeddedcassandra:null]: 20 vertices counted in 1.6613680000882596ms
	titangraph[embeddedcassandra:null]: 10 edges counted in 2.031622000038624ms
	titangraph[embeddedcassandra:null]: 10 edges removed and graph checked in 48.52834600000642ms
Testing testAddingDuplicateEdges...
Testing testRemoveEdgesByRemovingVertex...
Testing testRemoveEdges...
Testing testAddingSelfLoops...
Testing testRemoveSelfLoops...
Testing testEdgeIterator...
Testing testAddingRemovingEdgeProperties...
Testing testAddingLabelAndIdProperty...
Testing testEdgeCentricRemoving...
*** TOTAL TIME [EdgeTestSuite]: 26349.75018899981 ***
Testing testFeatureCompliance...
supportsDuplicateEdges: true
supportsSelfLoops: true
supportsSerializableObjectProperty: true
supportsBooleanProperty: true
supportsDoubleProperty: true
supportsFloatProperty: true
supportsIntegerProperty: true
supportsPrimitiveArrayProperty: true
supportsUniformListProperty: true
supportsMixedListProperty: true
supportsLongProperty: true
supportsMapProperty: true
supportsStringProperty: true
ignoresSuppliedIds: true
isPersistent: true
isRDFModel: false
isWrapper: false
supportsIndices: false
supportsVertexIndex: false
supportsEdgeIndex: false
supportsKeyIndices: true
supportsVertexKeyIndex: true
supportsEdgeKeyIndex: false
supportsEdgeIteration: true
supportsVertexIteration: true
supportsEdgeRetrieval: true
supportsVertexProperties: true
supportsEdgeProperties: true
supportsTransactions: true
supportsThreadedTransactions: true
Testing testEmptyOnConstruction...
Testing testStringRepresentationOfVertexId...
Testing testSemanticallyCorrectIterables...
Testing testVertexEdgeLabels...
Testing testVertexEdgeLabels2...
Testing testTreeConnectivity...
	titangraph[embeddedcassandra:null]: 1464 vertices added in a tree structure in 1360.266343000112ms
	titangraph[embeddedcassandra:null]: 1464 vertices iterated in 4.1522770000156015ms
	titangraph[embeddedcassandra:null]: 1463 edges iterated in 30.368658000137657ms
Testing testConcurrentModification...
Testing testGraphDataPersists...
	titangraph[embeddedcassandra:null]: 1 graph loaded in 5.471386999823153ms
Testing testAutotypingOfProperties...
Testing testGettingVerticesAndEdgesWithKeyValue...
Testing testAddingVerticesAndEdges...
Testing testSettingProperties...
Testing testDataTypeValidationOnProperties...
Testing testSimpleRemovingVerticesEdges...
Testing testRemovingEdges...
	titangraph[embeddedcassandra:null]: 100 vertices added in 614.2286199999508ms
	titangraph[embeddedcassandra:null]: 200 edges added in 5168.84654700011ms
	titangraph[embeddedcassandra:null]: 200 edges deleted (with size check on each delete) in 425.2294020000845ms
Testing testRemovingVertices...
	titangraph[embeddedcassandra:null]: 500 vertices added in 630.4733859999105ms
	titangraph[embeddedcassandra:null]: 250 edges added in 6383.718187999912ms
	titangraph[embeddedcassandra:null]: 500 vertices deleted (with size check on each delete) in 584.9491590000689ms
Testing testConnectivityPatterns...
*** TOTAL TIME [GraphTestSuite]: 35263.556025000056 ***
Testing testVertexQuery...
Testing testGraphQueryForVertices...
Testing testGraphQueryForEdges...
*** TOTAL TIME [QueryTestSuite]: 4819.143439000007 ***
Testing testNoConcurrentModificationException...
Testing testGettingVerticesAndEdgesWithKeyValue...
Testing testAutoIndexKeyManagementWithPersistence...
	titangraph[embeddedcassandra:null]: 2 automatic index keys added in 608.535876999842ms
Testing testKeyIndicesConsistentWithElementRemoval...
*** TOTAL TIME [KeyIndexableGraphTestSuite]: 3873.7910990000237 ***
Testing testCompetingThreads...
Testing testRepeatedTransactionStopException...
Testing testTrue...
Testing testAutoStartTransaction...
Testing testTransactionsForVertices...
	titangraph[embeddedcassandra:null]: 1 vertex not added in failed transaction in 2.2684860001318157ms
	titangraph[embeddedcassandra:null]: 1 vertex added in successful transaction in 1.3079390001948923ms
Testing testBasicVertexEdgeTransactions...
Testing testBruteVertexTransactions...
	titangraph[embeddedcassandra:null]: 100 vertices added in 100 successful transactions in 649.224661000073ms
	titangraph[embeddedcassandra:null]: 100 vertices not added in 100 failed transactions in 14.816250999923795ms
	titangraph[embeddedcassandra:null]: 100 vertices added in 1 successful transactions in 22.96498699998483ms
	titangraph[embeddedcassandra:null]: 100 vertices not added in 1 failed transactions in 31.377404000144452ms
Testing testTransactionsForEdges...
	titangraph[embeddedcassandra:null]: 1 edge not added in failed transaction (w/ iteration) in 308.9290279999841ms
	titangraph[embeddedcassandra:null]: 1 edge added in successful transaction (w/ iteration) in 106.17307400004938ms
Testing testBruteEdgeTransactions...
	titangraph[embeddedcassandra:null]: 100 edges added in 100 successful transactions (2 vertices added for each edge) in 1073.8615500000305ms
	titangraph[embeddedcassandra:null]: 100 edges not added in 100 failed transactions (2 vertices added for each edge) in 26.77540499996394ms
	titangraph[embeddedcassandra:null]: 100 edges added in 1 successful transactions (2 vertices added for each edge) in 66.73199600004591ms
	titangraph[embeddedcassandra:null]: 100 edges not added in 1 failed transactions (2 vertices added for each edge) in 89.20242300000973ms
Testing testPropertyTransactions...
	titangraph[embeddedcassandra:null]: 1 vertex added with string property in a successful transaction in 1013.3590210000984ms
	titangraph[embeddedcassandra:null]: 1 integer property not added in a failed transaction in 1.826571999816224ms
	titangraph[embeddedcassandra:null]: 2 vertex properties checked in a successful transaction in 1.1529210000298917ms
	titangraph[embeddedcassandra:null]: 1 edge property added and checked in a successful transaction in 104.84144100011326ms
	titangraph[embeddedcassandra:null]: 1 edge property added and checked in a failed transaction in 0.8753370000049472ms
Testing testIndexTransactions...
Testing testAutomaticSuccessfulTransactionOnShutdown...
Testing testVertexCountOnPreTransactionCommit...
Testing testBulkTransactionsOnEdges...
Testing testTransactionIsolationCommitCheck...
added vertex
reading vertex before tx
read vertex before tx
Testing testRemoveInTransaction...
*** TOTAL TIME [TransactionalTitanGraphTestSuite]: 19648.073562999954 ***
Testing testVertexReattachment...
*** TOTAL TIME [TitanSpecificBlueprintsTestSuite]: 3787.353671999881 ***
Testing testTinkerGraphEdges...
	titangraph[embeddedcassandra:null]: graph-example-1 loaded in 1060.3799880000297ms
Testing testTinkerGraphVertices...
	titangraph[embeddedcassandra:null]: graph-example-1 loaded in 1038.0234320000745ms
Testing testTinkerGraphSoftwareVertices...
	titangraph[embeddedcassandra:null]: graph-example-1 loaded in 1035.1167079999577ms
Testing testTinkerGraphVertexAndEdges...
	titangraph[embeddedcassandra:null]: graph-example-1 loaded in 1028.8904189998284ms
Testing testReadingTinkerGraphExample3...
Testing testReadingTinkerGraphExample3MappingLabels...
	titangraph[embeddedcassandra:null]: graph-example-3 loaded in 1032.8963399999775ms
Testing testReadingTinkerGraphExample3MappingIDs...
	titangraph[embeddedcassandra:null]: graph-example-3 loaded in 1034.4134959999938ms
Testing testReadingTinkerGraphExample3MappingAll...
	titangraph[embeddedcassandra:null]: graph-example-3 loaded in 1032.3844840000384ms
Testing testMigratingTinkerGraphExample3...
Testing testAllGraphMLTypeCastsAndDataMappings...
Testing testReadingTinkerGraph...
*** TOTAL TIME [GraphMLReaderTestSuite]: 11952.546272000065 ***
Testing testTinkerGraphEdges...
	titangraph[embeddedcassandra:null]: graph-example-1 loaded in 1272.2245779999066ms
Testing testTinkerGraphVertices...
	titangraph[embeddedcassandra:null]: graph-example-1 loaded in 1026.1589159998111ms
Testing testTinkerGraphSoftwareVertices...
	titangraph[embeddedcassandra:null]: graph-example-1 loaded in 1029.6508639999665ms
Testing testTinkerGraphVertexAndEdges...
	titangraph[embeddedcassandra:null]: graph-example-1 loaded in 1024.889014000073ms
Testing testReadingTinkerGraph...
*** TOTAL TIME [GraphSONReaderTestSuite]: 5916.88585099997 ***
Testing testTinkerGraphEdges...
	titangraph[embeddedcassandra:null]: graph-example-1 loaded in 1028.3928259999957ms
Testing testTinkerGraphVertices...
	titangraph[embeddedcassandra:null]: graph-example-1 loaded in 1024.2801020001061ms
Testing testTinkerGraphSoftwareVertices...
	titangraph[embeddedcassandra:null]: graph-example-1 loaded in 1025.5113570000976ms
Testing testTinkerGraphVertexAndEdges...
	titangraph[embeddedcassandra:null]: graph-example-1 loaded in 1025.8779380000196ms
Testing testReadingTinkerGraphExample3...
Testing testReadingTinkerGraphExample3MappingLabels...
	titangraph[embeddedcassandra:null]: graph-example-3 loaded in 1026.421680000145ms
Testing testReadingTinkerGraphExample3MappingIDs...
	titangraph[embeddedcassandra:null]: graph-example-3 loaded in 1028.1341160000302ms
Testing testReadingTinkerGraphExample3MappingAll...
	titangraph[embeddedcassandra:null]: graph-example-3 loaded in 1025.4262690001633ms
Testing testMigratingTinkerGraphExample3...
Testing testReadingTinkerGraph...
*** TOTAL TIME [GMLReaderTestSuite]: 10895.808845999883 ***
Tests run: 10, Failures: 0, Errors: 0, Skipped: 0, Time elapsed: 173.529 sec
Running com.thinkaurelius.titan.diskstorage.cassandra.astyanax.InternalAstyanaxMultiWriteKeyColumnValueTest
Tests run: 2, Failures: 0, Errors: 0, Skipped: 0, Time elapsed: 29.583 sec
Running com.thinkaurelius.titan.diskstorage.cassandra.embedded.InternalCassandraEmbeddedLockKeyColumnValueStoreTest
Tests run: 14, Failures: 0, Errors: 0, Skipped: 0, Time elapsed: 27.773 sec
Running com.thinkaurelius.titan.diskstorage.cassandra.thrift.InternalCassandraLockKeyColumnValueStoreTest
Tests run: 14, Failures: 0, Errors: 0, Skipped: 0, Time elapsed: 31.765 sec
Running com.thinkaurelius.titan.graphdb.embedded.InternalCassandraEmbeddedGraphTest
java.util.GregorianCalendar[time=278380800000,areFieldsSet=true,areAllFieldsSet=true,lenient=true,zone=sun.util.calendar.ZoneInfo[id="Etc/UTC",offset=0,dstSavings=0,useDaylight=false,transitions=0,lastRule=null],firstDayOfWeek=1,minimalDaysInFirstWeek=1,ERA=1,YEAR=1978,MONTH=9,WEEK_OF_YEAR=43,WEEK_OF_MONTH=4,DAY_OF_MONTH=28,DAY_OF_YEAR=301,DAY_OF_WEEK=7,DAY_OF_WEEK_IN_MONTH=4,AM_PM=0,HOUR=0,HOUR_OF_DAY=0,MINUTE=0,SECOND=0,MILLISECOND=0,ZONE_OFFSET=0,DST_OFFSET=0]
java.util.GregorianCalendar[time=278380800000,areFieldsSet=true,areAllFieldsSet=true,lenient=true,zone=sun.util.calendar.ZoneInfo[id="Etc/UTC",offset=0,dstSavings=0,useDaylight=false,transitions=0,lastRule=null],firstDayOfWeek=1,minimalDaysInFirstWeek=1,ERA=1,YEAR=1978,MONTH=9,WEEK_OF_YEAR=43,WEEK_OF_MONTH=4,DAY_OF_MONTH=28,DAY_OF_YEAR=301,DAY_OF_WEEK=7,DAY_OF_WEEK_IN_MONTH=4,AM_PM=0,HOUR=0,HOUR_OF_DAY=0,MINUTE=0,SECOND=0,MILLISECOND=0,ZONE_OFFSET=0,DST_OFFSET=0]
Tests run: 17, Failures: 0, Errors: 0, Skipped: 0, Time elapsed: 46.448 sec
Running com.thinkaurelius.titan.diskstorage.cassandra.astyanax.InternalAstyanaxLockKeyColumnValueStoreTest
Tests run: 14, Failures: 0, Errors: 0, Skipped: 0, Time elapsed: 34.4 sec

Results :

Tests run: 175, Failures: 0, Errors: 0, Skipped: 0

[INFO]                                                                         
[INFO] ------------------------------------------------------------------------
[INFO] Building Titan-HBase: Distributed Graph Database 0.2.1-SNAPSHOT
[INFO] ------------------------------------------------------------------------
[INFO] 
[INFO] --- maven-enforcer-plugin:1.0:enforce (enforce-maven) @ titan-hbase ---
[INFO] 
[INFO] --- maven-resources-plugin:2.3:resources (default-resources) @ titan-hbase ---
[INFO] Using 'UTF-8' encoding to copy filtered resources.
[INFO] Copying 2 resources
[INFO] 
[INFO] --- maven-compiler-plugin:2.5.1:compile (default-compile) @ titan-hbase ---
[INFO] Nothing to compile - all classes are up to date
[INFO] 
[INFO] --- maven-resources-plugin:2.3:testResources (default-testResources) @ titan-hbase ---
[INFO] Using 'UTF-8' encoding to copy filtered resources.
[INFO] Copying 2 resources
[INFO] 
[INFO] --- maven-compiler-plugin:2.5.1:testCompile (default-testCompile) @ titan-hbase ---
[INFO] Nothing to compile - all classes are up to date
[INFO] 
[INFO] --- maven-dependency-plugin:2.7:copy-dependencies (default) @ titan-hbase ---
[INFO] grizzly-http-2.2.16.jar already exists in destination.
[INFO] guava-12.0.jar already exists in destination.
[INFO] oro-2.0.8.jar already exists in destination.
[INFO] pfl-tf-1.0.0-b001.jar already exists in destination.
[INFO] stax-api-1.0.1.jar already exists in destination.
[INFO] commons-net-1.4.1.jar already exists in destination.
[INFO] json-simple-1.1.jar already exists in destination.
[INFO] metrics-core-2.1.2.jar already exists in destination.
[INFO] pfl-basic-tools-1.0.0-b001.jar already exists in destination.
[INFO] concurrent-1.3.4.jar already exists in destination.
[INFO] pipes-2.3.0.jar already exists in destination.
[INFO] httpcore-4.1.3.jar already exists in destination.
[INFO] hadoop-core-1.0.3.jar already exists in destination.
[INFO] gremlin-groovy-2.3.0.jar already exists in destination.
[INFO] groovy-1.8.9.jar already exists in destination.
[INFO] jline-0.9.94.jar already exists in destination.
[INFO] minlog-1.2.jar already exists in destination.
[INFO] commons-beanutils-1.7.0.jar already exists in destination.
[INFO] jackson-datatype-json-org-2.1.2.jar already exists in destination.
[INFO] classes already exists in destination.
[INFO] commons-httpclient-3.1.jar already exists in destination.
[INFO] javax.servlet-api-3.0.1.jar already exists in destination.
[INFO] asm-commons-3.2.jar already exists in destination.
[INFO] colt-1.2.0.jar already exists in destination.
[INFO] commons-cli-1.2.jar already exists in destination.
[INFO] jersey-client-1.17.jar already exists in destination.
[INFO] jersey-servlet-1.17.jar already exists in destination.
[INFO] jasper-compiler-5.5.23.jar already exists in destination.
[INFO] jackson-annotations-2.1.1.jar already exists in destination.
[INFO] log4j-1.2.16.jar already exists in destination.
[INFO] jamon-runtime-2.3.1.jar already exists in destination.
[INFO] rexster-protocol-2.3.0.jar already exists in destination.
[INFO] jackson-xc-1.8.8.jar already exists in destination.
[INFO] kfs-0.3.jar already exists in destination.
[INFO] jackson-core-asl-1.8.8.jar already exists in destination.
[INFO] libthrift-0.8.0.jar already exists in destination.
[INFO] grizzly-http-servlet-2.2.16.jar already exists in destination.
[INFO] asm-3.2.jar already exists in destination.
[INFO] commons-math-2.2.jar already exists in destination.
[INFO] jaxb-api-2.1.jar already exists in destination.
[INFO] jettison-1.3.3.jar already exists in destination.
[INFO] slf4j-api-1.6.1.jar already exists in destination.
[INFO] grizzly-framework-2.2.16.jar already exists in destination.
[INFO] jersey-core-1.8.jar already exists in destination.
[INFO] jaxb-impl-2.2.3-1.jar already exists in destination.
[INFO] commons-el-1.0.jar already exists in destination.
[INFO] kryo-1.04.jar already exists in destination.
[INFO] asm-analysis-3.2.jar already exists in destination.
[INFO] gremlin-java-2.3.0.jar already exists in destination.
[INFO] mockito-all-1.8.1.jar already exists in destination.
[INFO] core-3.1.1.jar already exists in destination.
[INFO] jackson-databind-2.1.2.jar already exists in destination.
[INFO] asm-tree-3.2.jar already exists in destination.
[INFO] hbase-0.94.1.jar already exists in destination.
[INFO] commons-logging-1.1.1.jar already exists in destination.
[INFO] httpclient-4.1.2.jar already exists in destination.
[INFO] commons-codec-1.7.jar already exists in destination.
[INFO] protobuf-java-2.4.0a.jar already exists in destination.
[INFO] jersey-grizzly2-1.17.jar already exists in destination.
[INFO] jsp-2.1-6.1.14.jar already exists in destination.
[INFO] grizzly-portunif-2.2.16.jar already exists in destination.
[INFO] gmbal-3.2.0-b003.jar already exists in destination.
[INFO] jackson-mapper-asl-1.8.8.jar already exists in destination.
[INFO] jetty-util-6.1.26.jar already exists in destination.
[INFO] jersey-server-1.8.jar already exists in destination.
[INFO] commons-digester-1.8.jar already exists in destination.
[INFO] activation-1.1.jar already exists in destination.
[INFO] commons-lang-2.5.jar already exists in destination.
[INFO] classes already exists in destination.
[INFO] xmlenc-0.52.jar already exists in destination.
[INFO] jets3t-0.7.1.jar already exists in destination.
[INFO] commons-beanutils-core-1.8.0.jar already exists in destination.
[INFO] antlr-2.7.7.jar already exists in destination.
[INFO] grizzly-rcm-2.2.16.jar already exists in destination.
[INFO] asm-util-3.2.jar already exists in destination.
[INFO] pfl-tf-tools-1.0.0-b001.jar already exists in destination.
[INFO] rexster-server-2.3.0.jar already exists in destination.
[INFO] blueprints-test-2.3.0.jar already exists in destination.
[INFO] hsqldb-1.8.0.10.jar already exists in destination.
[INFO] grizzly-core-2.2.16.jar already exists in destination.
[INFO] grizzly-http-server-2.2.16.jar already exists in destination.
[INFO] jsr305-1.3.9.jar already exists in destination.
[INFO] junit-4.8.1.jar already exists in destination.
[INFO] jackson-core-2.1.2.jar already exists in destination.
[INFO] servlet-api-2.5-6.1.14.jar already exists in destination.
[INFO] rexster-core-2.3.0.jar already exists in destination.
[INFO] blueprints-core-2.3.0.jar already exists in destination.
[INFO] jsp-api-2.1-6.1.14.jar already exists in destination.
[INFO] netty-3.2.4.Final.jar already exists in destination.
[INFO] jansi-1.5.jar already exists in destination.
[INFO] zookeeper-3.4.3.jar already exists in destination.
[INFO] commons-collections-3.2.1.jar already exists in destination.
[INFO] json-20090211.jar already exists in destination.
[INFO] commons-io-2.0.1.jar already exists in destination.
[INFO] commons-configuration-1.6.jar already exists in destination.
[INFO] management-api-3.0.0-b012.jar already exists in destination.
[INFO] slf4j-log4j12-1.6.1.jar already exists in destination.
[INFO] msgpack-0.6.5.jar already exists in destination.
[INFO] jersey-json-1.8.jar already exists in destination.
[INFO] jasper-runtime-5.5.23.jar already exists in destination.
[INFO] jackson-jaxrs-1.8.8.jar already exists in destination.
[INFO] avro-ipc-1.5.3.jar already exists in destination.
[INFO] reflectasm-1.01.jar already exists in destination.
[INFO] javassist-3.15.0-GA.jar already exists in destination.
[INFO] pfl-basic-1.0.0-b001.jar already exists in destination.
[INFO] jetty-6.1.26.jar already exists in destination.
[INFO] pfl-asm-1.0.0-b001.jar already exists in destination.
[INFO] high-scale-lib-1.1.1.jar already exists in destination.
[INFO] velocity-1.7.jar already exists in destination.
[INFO] 
[INFO] --- maven-surefire-plugin:2.12.1:test (default-test) @ titan-hbase ---
[INFO] Surefire report directory: /home/travis/build/thinkaurelius/titan/titan-hbase/target/surefire-reports

-------------------------------------------------------
 T E S T S
-------------------------------------------------------
Running com.thinkaurelius.titan.diskstorage.hbase.HBaseMultiWriteKeyColumnValueStoreTest
Tests run: 2, Failures: 0, Errors: 0, Skipped: 0, Time elapsed: 70.673 sec
Running com.thinkaurelius.titan.diskstorage.hbase.HBaseKeyColumnValueTest
Loading time (ms): 1256
Reading time (ms): 3380
Tests run: 17, Failures: 0, Errors: 0, Skipped: 0, Time elapsed: 92.102 sec
Running com.thinkaurelius.titan.diskstorage.hbase.HBaseLockKeyColumnValueStoreTest
Tests run: 14, Failures: 0, Errors: 0, Skipped: 0, Time elapsed: 37.312 sec
Running com.thinkaurelius.titan.graphdb.hbase.HBaseGraphTest
java.util.GregorianCalendar[time=278380800000,areFieldsSet=true,areAllFieldsSet=true,lenient=true,zone=sun.util.calendar.ZoneInfo[id="Etc/UTC",offset=0,dstSavings=0,useDaylight=false,transitions=0,lastRule=null],firstDayOfWeek=1,minimalDaysInFirstWeek=1,ERA=1,YEAR=1978,MONTH=9,WEEK_OF_YEAR=43,WEEK_OF_MONTH=4,DAY_OF_MONTH=28,DAY_OF_YEAR=301,DAY_OF_WEEK=7,DAY_OF_WEEK_IN_MONTH=4,AM_PM=0,HOUR=0,HOUR_OF_DAY=0,MINUTE=0,SECOND=0,MILLISECOND=0,ZONE_OFFSET=0,DST_OFFSET=0]
java.util.GregorianCalendar[time=278380800000,areFieldsSet=true,areAllFieldsSet=true,lenient=true,zone=sun.util.calendar.ZoneInfo[id="Etc/UTC",offset=0,dstSavings=0,useDaylight=false,transitions=0,lastRule=null],firstDayOfWeek=1,minimalDaysInFirstWeek=1,ERA=1,YEAR=1978,MONTH=9,WEEK_OF_YEAR=43,WEEK_OF_MONTH=4,DAY_OF_MONTH=28,DAY_OF_YEAR=301,DAY_OF_WEEK=7,DAY_OF_WEEK_IN_MONTH=4,AM_PM=0,HOUR=0,HOUR_OF_DAY=0,MINUTE=0,SECOND=0,MILLISECOND=0,ZONE_OFFSET=0,DST_OFFSET=0]
Tests run: 17, Failures: 0, Errors: 0, Skipped: 0, Time elapsed: 67.443 sec
Running com.thinkaurelius.titan.blueprints.HBaseBlueprintsTest
Testing testVertexEquality...
	titangraph[hbase:null]: 1 vertex added and retrieved in 609.1168339999858ms
Testing testVertexEqualityForSuppliedIdsAndHashCode...
Testing testAddingIdProperty...
Testing testNoConcurrentModificationException...
Testing testGettingEdgesAndVertices...
Testing testEmptyKeyProperty...
Testing testVertexCentricLinking...
Testing testVertexCentricRemoving...
Testing testConcurrentModificationOnProperties...
Testing testSettingBadVertexProperties...
Testing testBasicAddVertex...
Testing testGetVertexWithNull...
Testing testRemoveVertex...
Testing testRemoveVertexWithEdges...
Testing testGetNonExistantVertices...
Testing testRemoveVertexNullId...
	titangraph[hbase:null]: 100 vertices added in 8.89897199999541ms
	titangraph[hbase:null]: 100 vertices removed in 8.314913000212982ms
Testing testVertexIterator...
	titangraph[hbase:null]: 1000 vertices added in 686.6360470000654ms
	titangraph[hbase:null]: 1000 vertices counted in 66.82376000005752ms
Testing testLegalVertexEdgeIterables...
Testing testAddVertexProperties...
Testing testAddManyVertexProperties...
	titangraph[hbase:null]: 750 vertex properties added (with vertices being added too) in 20446.793648999883ms
Testing testRemoveVertexProperties...
*** TOTAL TIME [VertexTestSuite]: 53989.54596200003 ***
Testing testAddManyEdges...
	titangraph[hbase:null]: 300 elements added in 3492.037674000021ms
	titangraph[hbase:null]: 100 edges counted in 86.52804900007322ms
	titangraph[hbase:null]: 200 vertices counted in 76.20324000017717ms
	titangraph[hbase:null]: 200 vertices checked in 78.74503899994306ms
Testing testEdgeIterator...
Testing testAddingRemovingEdgeProperties...
Testing testAddingLabelAndIdProperty...
Testing testEdgeCentricRemoving...
Testing testGetEdges...
	titangraph[hbase:null]: 3 edges retrieved in 0.5115890000015497ms
Testing testGetNonExistantEdges...
Testing testRemoveManyEdges...
	titangraph[hbase:null]: 20 vertices counted in 95.42072899988852ms
	titangraph[hbase:null]: 10 edges counted in 73.38584400014952ms
	titangraph[hbase:null]: 10 edges removed and graph checked in 1575.2917080000043ms
Testing testAddingDuplicateEdges...
Testing testRemoveEdgesByRemovingVertex...
Testing testRemoveEdges...
Testing testAddingSelfLoops...
Testing testRemoveSelfLoops...
Testing testNoConcurrentModificationException...
Testing testEmptyKeyProperty...
Testing testSettingBadVertexProperties...
Testing testEdgeEquality...
Testing testAddEdges...
	titangraph[hbase:null]: 6 elements added and checked in 919.2202169999946ms
*** TOTAL TIME [EdgeTestSuite]: 37846.69865399995 ***
Testing testEmptyOnConstruction...
Testing testFeatureCompliance...
supportsDuplicateEdges: true
supportsSelfLoops: true
supportsSerializableObjectProperty: true
supportsBooleanProperty: true
supportsDoubleProperty: true
supportsFloatProperty: true
supportsIntegerProperty: true
supportsPrimitiveArrayProperty: true
supportsUniformListProperty: true
supportsMixedListProperty: true
supportsLongProperty: true
supportsMapProperty: true
supportsStringProperty: true
ignoresSuppliedIds: true
isPersistent: true
isRDFModel: false
isWrapper: false
supportsIndices: false
supportsVertexIndex: false
supportsEdgeIndex: false
supportsKeyIndices: true
supportsVertexKeyIndex: true
supportsEdgeKeyIndex: false
supportsEdgeIteration: true
supportsVertexIteration: true
supportsEdgeRetrieval: true
supportsVertexProperties: true
supportsEdgeProperties: true
supportsTransactions: true
supportsThreadedTransactions: true
Testing testVertexEdgeLabels2...
Testing testTreeConnectivity...
	titangraph[hbase:null]: 1464 vertices added in a tree structure in 1152.8532330000307ms
	titangraph[hbase:null]: 1464 vertices iterated in 114.19739000010304ms
	titangraph[hbase:null]: 1463 edges iterated in 93.94037700002082ms
Testing testConcurrentModification...
Testing testGraphDataPersists...
	titangraph[hbase:null]: 1 graph loaded in 61.73913599993102ms
Testing testAutotypingOfProperties...
Testing testStringRepresentationOfVertexId...
Testing testSemanticallyCorrectIterables...
Testing testGettingVerticesAndEdgesWithKeyValue...
Testing testAddingVerticesAndEdges...
Testing testSettingProperties...
Testing testDataTypeValidationOnProperties...
Testing testSimpleRemovingVerticesEdges...
Testing testRemovingEdges...
	titangraph[hbase:null]: 100 vertices added in 614.3253170000389ms
	titangraph[hbase:null]: 200 edges added in 5265.160164999776ms
	titangraph[hbase:null]: 200 edges deleted (with size check on each delete) in 40347.8771879999ms
Testing testRemovingVertices...
	titangraph[hbase:null]: 500 vertices added in 630.4300369999837ms
Encountered error in testRemovingVertices
java.lang.reflect.InvocationTargetException
	at sun.reflect.NativeMethodAccessorImpl.invoke0(Native Method)
	at sun.reflect.NativeMethodAccessorImpl.invoke(NativeMethodAccessorImpl.java:57)
	at sun.reflect.DelegatingMethodAccessorImpl.invoke(DelegatingMethodAccessorImpl.java:43)
	at java.lang.reflect.Method.invoke(Method.java:601)
	at com.thinkaurelius.titan.blueprints.TitanBlueprintsTest.doTestSuite(TitanBlueprintsTest.java:126)
	at com.thinkaurelius.titan.blueprints.TitanBlueprintsTest.testGraphTestSuite(TitanBlueprintsTest.java:52)
	at sun.reflect.NativeMethodAccessorImpl.invoke0(Native Method)
	at sun.reflect.NativeMethodAccessorImpl.invoke(NativeMethodAccessorImpl.java:57)
	at sun.reflect.DelegatingMethodAccessorImpl.invoke(DelegatingMethodAccessorImpl.java:43)
	at java.lang.reflect.Method.invoke(Method.java:601)
	at junit.framework.TestCase.runTest(TestCase.java:168)
	at junit.framework.TestCase.runBare(TestCase.java:134)
	at junit.framework.TestResult$1.protect(TestResult.java:110)
	at junit.framework.TestResult.runProtected(TestResult.java:128)
	at junit.framework.TestResult.run(TestResult.java:113)
	at junit.framework.TestCase.run(TestCase.java:124)
	at junit.framework.TestSuite.runTest(TestSuite.java:232)
	at junit.framework.TestSuite.run(TestSuite.java:227)
	at org.junit.internal.runners.JUnit38ClassRunner.run(JUnit38ClassRunner.java:83)
	at org.apache.maven.surefire.junit4.JUnit4Provider.execute(JUnit4Provider.java:249)
	at org.apache.maven.surefire.junit4.JUnit4Provider.executeTestSet(JUnit4Provider.java:142)
	at org.apache.maven.surefire.junit4.JUnit4Provider.invoke(JUnit4Provider.java:113)
	at sun.reflect.NativeMethodAccessorImpl.invoke0(Native Method)
	at sun.reflect.NativeMethodAccessorImpl.invoke(NativeMethodAccessorImpl.java:57)
	at sun.reflect.DelegatingMethodAccessorImpl.invoke(DelegatingMethodAccessorImpl.java:43)
	at java.lang.reflect.Method.invoke(Method.java:601)
	at org.apache.maven.surefire.util.ReflectionUtils.invokeMethodWithArray(ReflectionUtils.java:189)
	at org.apache.maven.surefire.booter.ProviderFactory$ProviderProxy.invoke(ProviderFactory.java:165)
	at org.apache.maven.surefire.booter.ProviderFactory.invokeProvider(ProviderFactory.java:85)
	at org.apache.maven.surefire.booter.ForkedBooter.runSuitesInProcess(ForkedBooter.java:104)
	at org.apache.maven.surefire.booter.ForkedBooter.main(ForkedBooter.java:75)
Caused by: java.lang.IllegalStateException: ID renewal thread did not complete in time.
	at com.thinkaurelius.titan.graphdb.database.idassigner.StandardIDPool.nextBlock(StandardIDPool.java:66)
	at com.thinkaurelius.titan.graphdb.database.idassigner.StandardIDPool.nextID(StandardIDPool.java:117)
	at com.thinkaurelius.titan.graphdb.database.idassigner.VertexIDAssigner.assignID(VertexIDAssigner.java:266)
	at com.thinkaurelius.titan.graphdb.database.idassigner.VertexIDAssigner.assignID(VertexIDAssigner.java:154)
	at com.thinkaurelius.titan.graphdb.database.StandardTitanGraph.assignID(StandardTitanGraph.java:650)
	at com.thinkaurelius.titan.graphdb.transaction.AbstractTitanTx.registerNewEntity(AbstractTitanTx.java:133)
	at com.thinkaurelius.titan.graphdb.types.manager.StandardTypeFactory.createNewEdgeLabel(StandardTypeFactory.java:84)
	at com.thinkaurelius.titan.graphdb.types.manager.SimpleTypeManager.createEdgeLabel(SimpleTypeManager.java:135)
	at com.thinkaurelius.titan.graphdb.types.StandardTypeMaker.makeEdgeLabel(StandardTypeMaker.java:124)
	at com.thinkaurelius.titan.graphdb.blueprints.BlueprintsDefaultTypeMaker.makeLabel(BlueprintsDefaultTypeMaker.java:20)
	at com.thinkaurelius.titan.graphdb.transaction.AbstractTitanTx.getEdgeLabel(AbstractTitanTx.java:300)
	at com.thinkaurelius.titan.graphdb.transaction.AbstractTitanTx.addEdge(AbstractTitanTx.java:247)
	at com.thinkaurelius.titan.graphdb.blueprints.TitanBlueprintsTransaction.addEdge(TitanBlueprintsTransaction.java:104)
	at com.thinkaurelius.titan.graphdb.blueprints.TitanBlueprintsGraph.addEdge(TitanBlueprintsGraph.java:168)
	at com.tinkerpop.blueprints.GraphTestSuite.testRemovingVertices(GraphTestSuite.java:374)
	... 31 more
Testing testVertexQuery...
Testing testGraphQueryForVertices...
Testing testGraphQueryForEdges...
*** TOTAL TIME [QueryTestSuite]: 9802.750737000024 ***
Testing testNoConcurrentModificationException...
Testing testKeyIndicesConsistentWithElementRemoval...
Testing testAutoIndexKeyManagementWithPersistence...
	titangraph[hbase:null]: 2 automatic index keys added in 636.0312449999619ms
Testing testGettingVerticesAndEdgesWithKeyValue...
*** TOTAL TIME [KeyIndexableGraphTestSuite]: 9296.6244669999 ***
Testing testCompetingThreads...
Testing testRepeatedTransactionStopException...
Testing testAutoStartTransaction...
Testing testTransactionsForVertices...
	titangraph[hbase:null]: 1 vertex not added in failed transaction in 202.74388199998066ms
	titangraph[hbase:null]: 1 vertex added in successful transaction in 108.81558699999005ms
Testing testBasicVertexEdgeTransactions...
Testing testBruteVertexTransactions...
	titangraph[hbase:null]: 100 vertices added in 100 successful transactions in 906.2218929999508ms
	titangraph[hbase:null]: 100 vertices not added in 100 failed transactions in 14.577983999857679ms
	titangraph[hbase:null]: 100 vertices added in 1 successful transactions in 151.35325799998827ms
	titangraph[hbase:null]: 100 vertices not added in 1 failed transactions in 155.56940499995835ms
Testing testTransactionsForEdges...
	titangraph[hbase:null]: 1 edge not added in failed transaction (w/ iteration) in 528.954725000076ms
	titangraph[hbase:null]: 1 edge added in successful transaction (w/ iteration) in 308.81212499993853ms
Testing testBruteEdgeTransactions...
	titangraph[hbase:null]: 100 edges added in 100 successful transactions (2 vertices added for each edge) in 1442.0683699999936ms
	titangraph[hbase:null]: 100 edges not added in 100 failed transactions (2 vertices added for each edge) in 27.33092200011015ms
	titangraph[hbase:null]: 100 edges added in 1 successful transactions (2 vertices added for each edge) in 315.7237730000634ms
	titangraph[hbase:null]: 100 edges not added in 1 failed transactions (2 vertices added for each edge) in 416.7581459998619ms
Testing testPropertyTransactions...
	titangraph[hbase:null]: 1 vertex added with string property in a successful transaction in 1024.4717190000229ms
	titangraph[hbase:null]: 1 integer property not added in a failed transaction in 4.317421999992803ms
	titangraph[hbase:null]: 2 vertex properties checked in a successful transaction in 3.100016999989748ms
	titangraph[hbase:null]: 1 edge property added and checked in a successful transaction in 108.6434499998577ms
	titangraph[hbase:null]: 1 edge property added and checked in a failed transaction in 0.8280779998749495ms
Testing testIndexTransactions...
Testing testAutomaticSuccessfulTransactionOnShutdown...
Testing testVertexCountOnPreTransactionCommit...
Testing testBulkTransactionsOnEdges...
Testing testTransactionIsolationCommitCheck...
added vertex
reading vertex before tx
read vertex before tx
Testing testRemoveInTransaction...
Testing testTrue...
*** TOTAL TIME [TransactionalTitanGraphTestSuite]: 37008.35678400006 ***
Testing testVertexReattachment...
*** TOTAL TIME [TitanSpecificBlueprintsTestSuite]: 2309.4205259999726 ***
Testing testTinkerGraphEdges...
	titangraph[hbase:null]: graph-example-1 loaded in 1083.529655000195ms
Testing testTinkerGraphVertices...
	titangraph[hbase:null]: graph-example-1 loaded in 1148.4527059998363ms
Testing testTinkerGraphSoftwareVertices...
	titangraph[hbase:null]: graph-example-1 loaded in 1149.9071730000433ms
Testing testTinkerGraphVertexAndEdges...
	titangraph[hbase:null]: graph-example-1 loaded in 1047.6835280000232ms
Testing testReadingTinkerGraphExample3...
Testing testReadingTinkerGraphExample3MappingLabels...
	titangraph[hbase:null]: graph-example-3 loaded in 1048.0459179999307ms
Testing testReadingTinkerGraphExample3MappingIDs...
	titangraph[hbase:null]: graph-example-3 loaded in 1047.0902559999377ms
Testing testReadingTinkerGraphExample3MappingAll...
	titangraph[hbase:null]: graph-example-3 loaded in 1044.6832459999714ms
Testing testMigratingTinkerGraphExample3...
Testing testAllGraphMLTypeCastsAndDataMappings...
Testing testReadingTinkerGraph...
*** TOTAL TIME [GraphMLReaderTestSuite]: 15741.135398000013 ***
Testing testTinkerGraphEdges...
	titangraph[hbase:null]: graph-example-1 loaded in 1359.5235979999416ms
Testing testTinkerGraphVertices...
	titangraph[hbase:null]: graph-example-1 loaded in 1044.0285409998614ms
Testing testTinkerGraphSoftwareVertices...
	titangraph[hbase:null]: graph-example-1 loaded in 1143.7244230001234ms
Testing testTinkerGraphVertexAndEdges...
	titangraph[hbase:null]: graph-example-1 loaded in 1045.4626729998272ms
Testing testReadingTinkerGraph...
*** TOTAL TIME [GraphSONReaderTestSuite]: 9531.77594299987 ***
Testing testTinkerGraphEdges...
	titangraph[hbase:null]: graph-example-1 loaded in 1055.8677850000095ms
Testing testTinkerGraphVertices...
	titangraph[hbase:null]: graph-example-1 loaded in 1044.7753320001066ms
Testing testTinkerGraphSoftwareVertices...
	titangraph[hbase:null]: graph-example-1 loaded in 1108.6497569999192ms
Testing testTinkerGraphVertexAndEdges...
	titangraph[hbase:null]: graph-example-1 loaded in 1043.9676510000136ms
Testing testReadingTinkerGraphExample3...
Testing testReadingTinkerGraphExample3MappingLabels...
	titangraph[hbase:null]: graph-example-3 loaded in 1076.5643990000244ms
Testing testReadingTinkerGraphExample3MappingIDs...
	titangraph[hbase:null]: graph-example-3 loaded in 2406.2192140000407ms
Testing testReadingTinkerGraphExample3MappingAll...
	titangraph[hbase:null]: graph-example-3 loaded in 1069.4826370000374ms
Testing testMigratingTinkerGraphExample3...
Testing testReadingTinkerGraph...
*** TOTAL TIME [GMLReaderTestSuite]: 17472.197628999827 ***
Tests run: 10, Failures: 0, Errors: 1, Skipped: 0, Time elapsed: 275.529 sec <<< FAILURE!
All done. Shutting done HBase.

Results :

Tests in error: 
  testGraphTestSuite(com.thinkaurelius.titan.blueprints.HBaseBlueprintsTest): java.lang.reflect.InvocationTargetException

Tests run: 60, Failures: 0, Errors: 1, Skipped: 0

[INFO] ------------------------------------------------------------------------
[INFO] Reactor Summary:
[INFO] 
[INFO] Titan: Distributed Graph Database ................. SUCCESS [1.467s]
[INFO] Titan-Core: Core Library for Titan ................ SUCCESS [3.790s]
[INFO] Titan-Test: Test Suite for Titan .................. SUCCESS [16.871s]
[INFO] Titan-BerkeleyJE: Distributed Graph Database ...... SUCCESS [58.784s]
[INFO] Titan-Cassandra: Distributed Graph Database ....... SUCCESS [14:30.043s]
[INFO] Titan-HBase: Distributed Graph Database ........... FAILURE [9:10.196s]
[INFO] Titan-All: Complete Titan Distribution ............ SKIPPED
[INFO] ------------------------------------------------------------------------
[INFO] BUILD FAILURE
[INFO] ------------------------------------------------------------------------
[INFO] Total time: 25:01.731s
[INFO] Finished at: Thu Mar 21 22:21:10 UTC 2013
[INFO] Final Memory: 17M/192M
[INFO] ------------------------------------------------------------------------
[ERROR] Failed to execute goal org.apache.maven.plugins:maven-surefire-plugin:2.12.1:test (default-test) on project titan-hbase: There are test failures.
[ERROR] 
[ERROR] Please refer to /home/travis/build/thinkaurelius/titan/titan-hbase/target/surefire-reports for the individual test results.
[ERROR] -> [Help 1]
[ERROR] 
[ERROR] To see the full stack trace of the errors, re-run Maven with the -e switch.
[ERROR] Re-run Maven using the -X switch to enable full debug logging.
[ERROR] 
[ERROR] For more information about the errors and possible solutions, please read the following articles:
[ERROR] [Help 1] http://cwiki.apache.org/confluence/display/MAVEN/MojoFailureException
[ERROR] 
[ERROR] After correcting the problems, you can resume the build with the command
[ERROR]   mvn <goals> -rf :titan-hbase

The command "mvn test" exited with 1.

Done. Your build exited with 1.
