Using worker: bluebox-linux-2.worker.travis-ci.org:travis-linux-20

travis_fold:start:git.1$ git clone --depth=50 --branch=master git://github.com/thinkaurelius/titan.git thinkaurelius/titan
Cloning into 'thinkaurelius/titan'...
remote: Counting objects: 3505, done.[K
remote: Compressing objects:   0% (1/1622)   [Kremote: Compressing objects:   1% (17/1622)   [Kremote: Compressing objects:   2% (33/1622)   [Kremote: Compressing objects:   3% (49/1622)   [Kremote: Compressing objects:   4% (65/1622)   [Kremote: Compressing objects:   5% (82/1622)   [Kremote: Compressing objects:   6% (98/1622)   [Kremote: Compressing objects:   7% (114/1622)   [Kremote: Compressing objects:   8% (130/1622)   [Kremote: Compressing objects:   9% (146/1622)   [Kremote: Compressing objects:  10% (163/1622)   [Kremote: Compressing objects:  11% (179/1622)   [Kremote: Compressing objects:  12% (195/1622)   [Kremote: Compressing objects:  13% (211/1622)   [Kremote: Compressing objects:  14% (228/1622)   [Kremote: Compressing objects:  15% (244/1622)   [Kremote: Compressing objects:  16% (260/1622)   [Kremote: Compressing objects:  17% (276/1622)   [Kremote: Compressing objects:  18% (292/1622)   [Kremote: Compressing objects:  19% (309/1622)   [Kremote: Compressing objects:  20% (325/1622)   [Kremote: Compressing objects:  21% (341/1622)   [Kremote: Compressing objects:  22% (357/1622)   [Kremote: Compressing objects:  23% (374/1622)   [Kremote: Compressing objects:  24% (390/1622)   [Kremote: Compressing objects:  25% (406/1622)   [Kremote: Compressing objects:  26% (422/1622)   [Kremote: Compressing objects:  27% (438/1622)   [Kremote: Compressing objects:  28% (455/1622)   [Kremote: Compressing objects:  29% (471/1622)   [Kremote: Compressing objects:  30% (487/1622)   [Kremote: Compressing objects:  31% (503/1622)   [Kremote: Compressing objects:  32% (520/1622)   [Kremote: Compressing objects:  33% (536/1622)   [Kremote: Compressing objects:  34% (552/1622)   [Kremote: Compressing objects:  35% (568/1622)   [Kremote: Compressing objects:  36% (584/1622)   [Kremote: Compressing objects:  37% (601/1622)   [Kremote: Compressing objects:  38% (617/1622)   [Kremote: Compressing objects:  39% (633/1622)   [Kremote: Compressing objects:  40% (649/1622)   [Kremote: Compressing objects:  41% (666/1622)   [Kremote: Compressing objects:  42% (682/1622)   [Kremote: Compressing objects:  43% (698/1622)   [Kremote: Compressing objects:  44% (714/1622)   [Kremote: Compressing objects:  45% (730/1622)   [Kremote: Compressing objects:  46% (747/1622)   [Kremote: Compressing objects:  47% (763/1622)   [Kremote: Compressing objects:  48% (779/1622)   [Kremote: Compressing objects:  49% (795/1622)   [Kremote: Compressing objects:  50% (811/1622)   [Kremote: Compressing objects:  51% (828/1622)   [Kremote: Compressing objects:  52% (844/1622)   [Kremote: Compressing objects:  53% (860/1622)   [Kremote: Compressing objects:  54% (876/1622)   [Kremote: Compressing objects:  55% (893/1622)   [Kremote: Compressing objects:  56% (909/1622)   [Kremote: Compressing objects:  57% (925/1622)   [Kremote: Compressing objects:  58% (941/1622)   [Kremote: Compressing objects:  59% (957/1622)   [Kremote: Compressing objects:  60% (974/1622)   [Kremote: Compressing objects:  61% (990/1622)   [Kremote: Compressing objects:  62% (1006/1622)   [Kremote: Compressing objects:  63% (1022/1622)   [Kremote: Compressing objects:  64% (1039/1622)   [Kremote: Compressing objects:  65% (1055/1622)   [Kremote: Compressing objects:  66% (1071/1622)   [Kremote: Compressing objects:  67% (1087/1622)   [Kremote: Compressing objects:  68% (1103/1622)   [Kremote: Compressing objects:  69% (1120/1622)   [Kremote: Compressing objects:  70% (1136/1622)   [Kremote: Compressing objects:  71% (1152/1622)   [Kremote: Compressing objects:  72% (1168/1622)   [Kremote: Compressing objects:  73% (1185/1622)   [Kremote: Compressing objects:  74% (1201/1622)   [Kremote: Compressing objects:  75% (1217/1622)   [Kremote: Compressing objects:  76% (1233/1622)   [Kremote: Compressing objects:  77% (1249/1622)   [Kremote: Compressing objects:  78% (1266/1622)   [Kremote: Compressing objects:  79% (1282/1622)   [Kremote: Compressing objects:  80% (1298/1622)   [Kremote: Compressing objects:  81% (1314/1622)   [Kremote: Compressing objects:  82% (1331/1622)   [Kremote: Compressing objects:  83% (1347/1622)   [Kremote: Compressing objects:  84% (1363/1622)   [Kremote: Compressing objects:  85% (1379/1622)   [Kremote: Compressing objects:  86% (1395/1622)   [Kremote: Compressing objects:  87% (1412/1622)   [Kremote: Compressing objects:  88% (1428/1622)   [Kremote: Compressing objects:  89% (1444/1622)   [Kremote: Compressing objects:  90% (1460/1622)   [Kremote: Compressing objects:  91% (1477/1622)   [Kremote: Compressing objects:  92% (1493/1622)   [Kremote: Compressing objects:  93% (1509/1622)   [Kremote: Compressing objects:  94% (1525/1622)   [Kremote: Compressing objects:  95% (1541/1622)   [Kremote: Compressing objects:  96% (1558/1622)   [Kremote: Compressing objects:  97% (1574/1622)   [Kremote: Compressing objects:  98% (1590/1622)   [Kremote: Compressing objects:  99% (1606/1622)   [Kremote: Compressing objects: 100% (1622/1622)   [Kremote: Compressing objects: 100% (1622/1622), done.[K
Receiving objects:   0% (1/3505)   Receiving objects:   1% (36/3505)   Receiving objects:   2% (71/3505)   Receiving objects:   3% (106/3505)   Receiving objects:   4% (141/3505)   Receiving objects:   5% (176/3505)   Receiving objects:   6% (211/3505)   Receiving objects:   7% (246/3505), 820.00 KiB | 1.45 MiB/s   Receiving objects:   8% (281/3505), 820.00 KiB | 1.45 MiB/s   Receiving objects:   9% (316/3505), 820.00 KiB | 1.45 MiB/s   Receiving objects:  10% (351/3505), 820.00 KiB | 1.45 MiB/s   Receiving objects:  11% (386/3505), 820.00 KiB | 1.45 MiB/s   Receiving objects:  12% (421/3505), 820.00 KiB | 1.45 MiB/s   Receiving objects:  13% (456/3505), 820.00 KiB | 1.45 MiB/s   Receiving objects:  14% (491/3505), 820.00 KiB | 1.45 MiB/s   Receiving objects:  15% (526/3505), 820.00 KiB | 1.45 MiB/s   Receiving objects:  16% (561/3505), 820.00 KiB | 1.45 MiB/s   Receiving objects:  17% (596/3505), 820.00 KiB | 1.45 MiB/s   Receiving objects:  18% (631/3505), 820.00 KiB | 1.45 MiB/s   Receiving objects:  19% (666/3505), 820.00 KiB | 1.45 MiB/s   Receiving objects:  20% (701/3505), 820.00 KiB | 1.45 MiB/s   Receiving objects:  21% (737/3505), 820.00 KiB | 1.45 MiB/s   Receiving objects:  22% (772/3505), 820.00 KiB | 1.45 MiB/s   Receiving objects:  23% (807/3505), 820.00 KiB | 1.45 MiB/s   Receiving objects:  24% (842/3505), 820.00 KiB | 1.45 MiB/s   Receiving objects:  25% (877/3505), 820.00 KiB | 1.45 MiB/s   Receiving objects:  26% (912/3505), 820.00 KiB | 1.45 MiB/s   Receiving objects:  27% (947/3505), 820.00 KiB | 1.45 MiB/s   Receiving objects:  28% (982/3505), 820.00 KiB | 1.45 MiB/s   Receiving objects:  29% (1017/3505), 820.00 KiB | 1.45 MiB/s   Receiving objects:  30% (1052/3505), 820.00 KiB | 1.45 MiB/s   Receiving objects:  31% (1087/3505), 820.00 KiB | 1.45 MiB/s   Receiving objects:  32% (1122/3505), 820.00 KiB | 1.45 MiB/s   Receiving objects:  33% (1157/3505), 820.00 KiB | 1.45 MiB/s   Receiving objects:  34% (1192/3505), 820.00 KiB | 1.45 MiB/s   Receiving objects:  35% (1227/3505), 820.00 KiB | 1.45 MiB/s   Receiving objects:  36% (1262/3505), 820.00 KiB | 1.45 MiB/s   Receiving objects:  37% (1297/3505), 820.00 KiB | 1.45 MiB/s   Receiving objects:  38% (1332/3505), 820.00 KiB | 1.45 MiB/s   Receiving objects:  39% (1367/3505), 820.00 KiB | 1.45 MiB/s   Receiving objects:  40% (1402/3505), 820.00 KiB | 1.45 MiB/s   Receiving objects:  41% (1438/3505), 820.00 KiB | 1.45 MiB/s   Receiving objects:  42% (1473/3505), 820.00 KiB | 1.45 MiB/s   Receiving objects:  43% (1508/3505), 820.00 KiB | 1.45 MiB/s   Receiving objects:  44% (1543/3505), 820.00 KiB | 1.45 MiB/s   Receiving objects:  45% (1578/3505), 820.00 KiB | 1.45 MiB/s   Receiving objects:  46% (1613/3505), 820.00 KiB | 1.45 MiB/s   Receiving objects:  47% (1648/3505), 820.00 KiB | 1.45 MiB/s   Receiving objects:  48% (1683/3505), 820.00 KiB | 1.45 MiB/s   Receiving objects:  49% (1718/3505), 820.00 KiB | 1.45 MiB/s   Receiving objects:  50% (1753/3505), 820.00 KiB | 1.45 MiB/s   Receiving objects:  51% (1788/3505), 820.00 KiB | 1.45 MiB/s   Receiving objects:  52% (1823/3505), 820.00 KiB | 1.45 MiB/s   Receiving objects:  53% (1858/3505), 820.00 KiB | 1.45 MiB/s   Receiving objects:  54% (1893/3505), 820.00 KiB | 1.45 MiB/s   Receiving objects:  55% (1928/3505), 820.00 KiB | 1.45 MiB/s   Receiving objects:  56% (1963/3505), 820.00 KiB | 1.45 MiB/s   Receiving objects:  57% (1998/3505), 820.00 KiB | 1.45 MiB/s   Receiving objects:  58% (2033/3505), 820.00 KiB | 1.45 MiB/s   Receiving objects:  59% (2068/3505), 820.00 KiB | 1.45 MiB/s   Receiving objects:  60% (2103/3505), 820.00 KiB | 1.45 MiB/s   Receiving objects:  61% (2139/3505), 820.00 KiB | 1.45 MiB/s   Receiving objects:  62% (2174/3505), 820.00 KiB | 1.45 MiB/s   Receiving objects:  63% (2209/3505), 820.00 KiB | 1.45 MiB/s   Receiving objects:  64% (2244/3505), 820.00 KiB | 1.45 MiB/s   Receiving objects:  65% (2279/3505), 820.00 KiB | 1.45 MiB/s   Receiving objects:  66% (2314/3505), 820.00 KiB | 1.45 MiB/s   Receiving objects:  67% (2349/3505), 820.00 KiB | 1.45 MiB/s   Receiving objects:  68% (2384/3505), 820.00 KiB | 1.45 MiB/s   Receiving objects:  69% (2419/3505), 820.00 KiB | 1.45 MiB/s   Receiving objects:  70% (2454/3505), 820.00 KiB | 1.45 MiB/s   Receiving objects:  71% (2489/3505), 820.00 KiB | 1.45 MiB/s   Receiving objects:  72% (2524/3505), 820.00 KiB | 1.45 MiB/s   Receiving objects:  73% (2559/3505), 820.00 KiB | 1.45 MiB/s   Receiving objects:  74% (2594/3505), 820.00 KiB | 1.45 MiB/s   Receiving objects:  75% (2629/3505), 820.00 KiB | 1.45 MiB/s   Receiving objects:  76% (2664/3505), 820.00 KiB | 1.45 MiB/s   Receiving objects:  77% (2699/3505), 820.00 KiB | 1.45 MiB/s   Receiving objects:  78% (2734/3505), 820.00 KiB | 1.45 MiB/s   Receiving objects:  79% (2769/3505), 820.00 KiB | 1.45 MiB/s   remote: Total 3505 (delta 1301), reused 3066 (delta 1003)[K
Receiving objects:  80% (2804/3505), 820.00 KiB | 1.45 MiB/s   Receiving objects:  81% (2840/3505), 820.00 KiB | 1.45 MiB/s   Receiving objects:  82% (2875/3505), 820.00 KiB | 1.45 MiB/s   Receiving objects:  83% (2910/3505), 820.00 KiB | 1.45 MiB/s   Receiving objects:  84% (2945/3505), 820.00 KiB | 1.45 MiB/s   Receiving objects:  85% (2980/3505), 820.00 KiB | 1.45 MiB/s   Receiving objects:  86% (3015/3505), 820.00 KiB | 1.45 MiB/s   Receiving objects:  87% (3050/3505), 820.00 KiB | 1.45 MiB/s   Receiving objects:  88% (3085/3505), 820.00 KiB | 1.45 MiB/s   Receiving objects:  89% (3120/3505), 820.00 KiB | 1.45 MiB/s   Receiving objects:  90% (3155/3505), 820.00 KiB | 1.45 MiB/s   Receiving objects:  91% (3190/3505), 820.00 KiB | 1.45 MiB/s   Receiving objects:  92% (3225/3505), 820.00 KiB | 1.45 MiB/s   Receiving objects:  93% (3260/3505), 820.00 KiB | 1.45 MiB/s   Receiving objects:  94% (3295/3505), 820.00 KiB | 1.45 MiB/s   Receiving objects:  95% (3330/3505), 820.00 KiB | 1.45 MiB/s   Receiving objects:  96% (3365/3505), 820.00 KiB | 1.45 MiB/s   Receiving objects:  97% (3400/3505), 820.00 KiB | 1.45 MiB/s   Receiving objects:  98% (3435/3505), 820.00 KiB | 1.45 MiB/s   Receiving objects:  99% (3470/3505), 820.00 KiB | 1.45 MiB/s   Receiving objects: 100% (3505/3505), 820.00 KiB | 1.45 MiB/s   Receiving objects: 100% (3505/3505), 3.60 MiB | 1.45 MiB/s, done.
Resolving deltas:   0% (0/1301)   Resolving deltas:   1% (20/1301)   Resolving deltas:   2% (27/1301)   Resolving deltas:   3% (40/1301)   Resolving deltas:   6% (87/1301)   Resolving deltas:  10% (137/1301)   Resolving deltas:  12% (160/1301)   Resolving deltas:  13% (176/1301)   Resolving deltas:  14% (189/1301)   Resolving deltas:  15% (201/1301)   Resolving deltas:  16% (214/1301)   Resolving deltas:  17% (228/1301)   Resolving deltas:  18% (236/1301)   Resolving deltas:  19% (248/1301)   Resolving deltas:  21% (282/1301)   Resolving deltas:  22% (291/1301)   Resolving deltas:  23% (301/1301)   Resolving deltas:  24% (313/1301)   Resolving deltas:  25% (329/1301)   Resolving deltas:  26% (351/1301)   Resolving deltas:  27% (353/1301)   Resolving deltas:  28% (370/1301)   Resolving deltas:  29% (387/1301)   Resolving deltas:  30% (392/1301)   Resolving deltas:  31% (406/1301)   Resolving deltas:  32% (417/1301)   Resolving deltas:  33% (430/1301)   Resolving deltas:  34% (444/1301)   Resolving deltas:  35% (457/1301)   Resolving deltas:  36% (480/1301)   Resolving deltas:  37% (482/1301)   Resolving deltas:  38% (499/1301)   Resolving deltas:  39% (510/1301)   Resolving deltas:  40% (521/1301)   Resolving deltas:  41% (535/1301)   Resolving deltas:  42% (548/1301)   Resolving deltas:  43% (568/1301)   Resolving deltas:  44% (574/1301)   Resolving deltas:  45% (589/1301)   Resolving deltas:  46% (600/1301)   Resolving deltas:  47% (617/1301)   Resolving deltas:  48% (625/1301)   Resolving deltas:  49% (649/1301)   Resolving deltas:  50% (654/1301)   Resolving deltas:  51% (665/1301)   Resolving deltas:  52% (677/1301)   Resolving deltas:  53% (690/1301)   Resolving deltas:  54% (704/1301)   Resolving deltas:  55% (716/1301)   Resolving deltas:  56% (731/1301)   Resolving deltas:  57% (742/1301)   Resolving deltas:  58% (762/1301)   Resolving deltas:  59% (769/1301)   Resolving deltas:  60% (781/1301)   Resolving deltas:  61% (796/1301)   Resolving deltas:  62% (809/1301)   Resolving deltas:  63% (821/1301)   Resolving deltas:  64% (835/1301)   Resolving deltas:  65% (846/1301)   Resolving deltas:  66% (859/1301)   Resolving deltas:  67% (877/1301)   Resolving deltas:  68% (886/1301)   Resolving deltas:  69% (900/1301)   Resolving deltas:  70% (911/1301)   Resolving deltas:  71% (924/1301)   Resolving deltas:  72% (937/1301)   Resolving deltas:  73% (958/1301)   Resolving deltas:  74% (964/1301)   Resolving deltas:  75% (978/1301)   Resolving deltas:  76% (989/1301)   Resolving deltas:  77% (1010/1301)   Resolving deltas:  78% (1016/1301)   Resolving deltas:  79% (1028/1301)   Resolving deltas:  80% (1041/1301)   Resolving deltas:  81% (1061/1301)   Resolving deltas:  82% (1071/1301)   Resolving deltas:  83% (1081/1301)   Resolving deltas:  84% (1093/1301)   Resolving deltas:  85% (1107/1301)   Resolving deltas:  86% (1120/1301)   Resolving deltas:  87% (1138/1301)   Resolving deltas:  88% (1145/1301)   Resolving deltas:  89% (1161/1301)   Resolving deltas:  90% (1174/1301)   Resolving deltas:  91% (1184/1301)   Resolving deltas:  92% (1197/1301)   Resolving deltas:  93% (1210/1301)   Resolving deltas:  94% (1223/1301)   Resolving deltas:  95% (1236/1301)   Resolving deltas:  96% (1249/1301)   Resolving deltas:  97% (1262/1301)   Resolving deltas:  98% (1275/1301)   Resolving deltas:  99% (1291/1301)   Resolving deltas: 100% (1301/1301)   Resolving deltas: 100% (1301/1301), done.
travis_fold:end:git.1$ cd thinkaurelius/titan
travis_fold:start:git.2$ git checkout -qf b07878ea7d5459c36280bffea3a41cea0c96ce6a
travis_fold:end:git.2$ jdk_switcher use oraclejdk7
Switching to Oracle JDK7 (java-7-oracle), JAVA_HOME will be set to /usr/lib/jvm/java-7-oracle
update-alternatives: error: no alternatives for apt.
update-alternatives: error: no alternatives for mozilla-javaplugin.so.
update-alternatives: error: no alternatives for apt.
$ java -version
java version "1.7.0_17"
Java(TM) SE Runtime Environment (build 1.7.0_17-b02)
Java HotSpot(TM) 64-Bit Server VM (build 23.7-b01, mixed mode)
$ javac -version
javac 1.7.0_17
travis_fold:start:install$ mvn install --quiet -DskipTests=true
[debug] execute contextualize
[debug] execute contextualize
[debug] execute contextualize
travis_fold:end:install$ mvn test
[INFO] Scanning for projects...
[INFO] ------------------------------------------------------------------------
[INFO] Reactor Build Order:
[INFO] 
[INFO] Titan: Distributed Graph Database
[INFO] Titan-Core: Core Library for Titan
[INFO] Titan-Test: Test Suite for Titan
[INFO] Titan-BerkeleyJE: Distributed Graph Database
[INFO] Titan-Cassandra: Distributed Graph Database
[INFO] Titan-HBase: Distributed Graph Database
[INFO] Titan-ElasticSearch: Distributed Indexing Support
[INFO] Titan-Lucene: Indexing Support
[INFO] Titan-All: Complete Titan Distribution
[INFO]                                                                         
[INFO] ------------------------------------------------------------------------
[INFO] Building Titan: Distributed Graph Database 0.3.0-SNAPSHOT
[INFO] ------------------------------------------------------------------------
[INFO] 
[INFO] --- maven-enforcer-plugin:1.0:enforce (enforce-maven) @ titan ---
[INFO]                                                                         
[INFO] ------------------------------------------------------------------------
[INFO] Building Titan-Core: Core Library for Titan 0.3.0-SNAPSHOT
[INFO] ------------------------------------------------------------------------
[INFO] 
[INFO] --- maven-enforcer-plugin:1.0:enforce (enforce-maven) @ titan-core ---
[INFO] 
[INFO] --- maven-resources-plugin:2.3:resources (default-resources) @ titan-core ---
[INFO] Using 'UTF-8' encoding to copy filtered resources.
[INFO] skip non existing resourceDirectory /home/travis/build/thinkaurelius/titan/titan-core/src/main/resources
[INFO] 
[INFO] --- maven-compiler-plugin:2.5.1:compile (default-compile) @ titan-core ---
[INFO] Nothing to compile - all classes are up to date
[INFO] 
[INFO] --- maven-resources-plugin:2.3:testResources (default-testResources) @ titan-core ---
[INFO] Using 'UTF-8' encoding to copy filtered resources.
[INFO] skip non existing resourceDirectory /home/travis/build/thinkaurelius/titan/titan-core/src/test/resources
[INFO] 
[INFO] --- maven-compiler-plugin:2.5.1:testCompile (default-testCompile) @ titan-core ---
[INFO] No sources to compile
[INFO] 
[INFO] --- maven-surefire-plugin:2.11:test (default-test) @ titan-core ---
[INFO] No tests to run.
[INFO] Surefire report directory: /home/travis/build/thinkaurelius/titan/titan-core/target/surefire-reports
Downloading: http://maven.mirrors.travis-ci.org/nexus/content/repositories/central/org/apache/maven/surefire/surefire-junit3/2.11/surefire-junit3-2.11.pom
2/2 KB            Downloaded: http://maven.mirrors.travis-ci.org/nexus/content/repositories/central/org/apache/maven/surefire/surefire-junit3/2.11/surefire-junit3-2.11.pom (2 KB at 2.7 KB/sec)
Downloading: http://maven.mirrors.travis-ci.org/nexus/content/repositories/central/org/apache/maven/surefire/surefire-providers/2.11/surefire-providers-2.11.pom
3/3 KB            Downloaded: http://maven.mirrors.travis-ci.org/nexus/content/repositories/central/org/apache/maven/surefire/surefire-providers/2.11/surefire-providers-2.11.pom (3 KB at 7.1 KB/sec)
Downloading: http://maven.mirrors.travis-ci.org/nexus/content/repositories/central/org/apache/maven/surefire/surefire-junit3/2.11/surefire-junit3-2.11.jar
4/26 KB   8/26 KB   9/26 KB   10/26 KB   14/26 KB   18/26 KB   22/26 KB   23/26 KB   26/26 KB              Downloaded: http://maven.mirrors.travis-ci.org/nexus/content/repositories/central/org/apache/maven/surefire/surefire-junit3/2.11/surefire-junit3-2.11.jar (26 KB at 52.1 KB/sec)

-------------------------------------------------------
 T E S T S
-------------------------------------------------------

Results :

Tests run: 0, Failures: 0, Errors: 0, Skipped: 0

[INFO]                                                                         
[INFO] ------------------------------------------------------------------------
[INFO] Building Titan-Test: Test Suite for Titan 0.3.0-SNAPSHOT
[INFO] ------------------------------------------------------------------------
[INFO] 
[INFO] --- maven-enforcer-plugin:1.0:enforce (enforce-maven) @ titan-test ---
[INFO] 
[INFO] --- maven-resources-plugin:2.3:resources (default-resources) @ titan-test ---
[INFO] Using 'UTF-8' encoding to copy filtered resources.
[INFO] Copying 1 resource
[INFO] 
[INFO] --- maven-compiler-plugin:2.5.1:compile (default-compile) @ titan-test ---
[INFO] Nothing to compile - all classes are up to date
[INFO] 
[INFO] --- maven-resources-plugin:2.3:testResources (default-testResources) @ titan-test ---
[INFO] Using 'UTF-8' encoding to copy filtered resources.
[INFO] Copying 2 resources
[INFO] 
[INFO] --- maven-compiler-plugin:2.5.1:testCompile (default-testCompile) @ titan-test ---
[INFO] Nothing to compile - all classes are up to date
[INFO] 
[INFO] --- maven-surefire-plugin:2.12.1:test (default-test) @ titan-test ---
[INFO] Surefire report directory: /home/travis/build/thinkaurelius/titan/titan-test/target/surefire-reports
Downloading: http://maven.mirrors.travis-ci.org/nexus/content/repositories/central/org/apache/maven/surefire/surefire-junit4/2.12.1/surefire-junit4-2.12.1.pom
3/3 KB              Downloaded: http://maven.mirrors.travis-ci.org/nexus/content/repositories/central/org/apache/maven/surefire/surefire-junit4/2.12.1/surefire-junit4-2.12.1.pom (3 KB at 7.6 KB/sec)
Downloading: http://maven.mirrors.travis-ci.org/nexus/content/repositories/central/org/apache/maven/surefire/surefire-providers/2.12.1/surefire-providers-2.12.1.pom
3/3 KB            Downloaded: http://maven.mirrors.travis-ci.org/nexus/content/repositories/central/org/apache/maven/surefire/surefire-providers/2.12.1/surefire-providers-2.12.1.pom (3 KB at 7.4 KB/sec)
Downloading: http://maven.mirrors.travis-ci.org/nexus/content/repositories/central/org/apache/maven/surefire/surefire-junit4/2.12.1/surefire-junit4-2.12.1.jar
4/34 KB   8/34 KB   9/34 KB   13/34 KB   17/34 KB   21/34 KB   25/34 KB   27/34 KB   31/34 KB   34/34 KB              Downloaded: http://maven.mirrors.travis-ci.org/nexus/content/repositories/central/org/apache/maven/surefire/surefire-junit4/2.12.1/surefire-junit4-2.12.1.jar (34 KB at 56.7 KB/sec)

-------------------------------------------------------
 T E S T S
-------------------------------------------------------
Running com.thinkaurelius.titan.diskstorage.inmemory.inMemoryLockKeyColumnValueStoreTest
Tests run: 14, Failures: 0, Errors: 0, Skipped: 0, Time elapsed: 6.215 sec
Running com.thinkaurelius.titan.graphdb.serializer.ByteBufferTest
Tests run: 3, Failures: 0, Errors: 0, Skipped: 0, Time elapsed: 0.436 sec
Running com.thinkaurelius.titan.util.LongEncodingTest
Time to de/encode 1000000 longs (in ms): 1055
Tests run: 1, Failures: 0, Errors: 0, Skipped: 0, Time elapsed: 1.052 sec
Running com.thinkaurelius.titan.tinkerpop.gremlin.ScriptExecutorTest
Tests run: 1, Failures: 0, Errors: 0, Skipped: 0, Time elapsed: 0.006 sec
Running com.thinkaurelius.titan.graphdb.attribute.GeoshapeTest
circle[10.0,12.5]:100.0
box[[20.0,22.5],[40.5,60.5]]
Tests run: 3, Failures: 0, Errors: 0, Skipped: 0, Time elapsed: 0.043 sec
Running com.thinkaurelius.titan.diskstorage.inmemory.InMemoryKeyColumnValueStoreTest
Loading time (ms): 929
Reading time (ms): 269
Tests run: 17, Failures: 0, Errors: 0, Skipped: 0, Time elapsed: 4.644 sec
Running com.thinkaurelius.titan.diskstorage.util.ByteBufferUtilTest
Tests run: 1, Failures: 0, Errors: 0, Skipped: 0, Time elapsed: 0.076 sec
Running com.thinkaurelius.titan.graphdb.idmanagement.VariableLongTest
Writing 10000000 longs in 65567319 bytes. in time: 2429
Writing 1000000 longs in 2983488 bytes. in time: 136
Tests run: 5, Failures: 0, Errors: 0, Skipped: 0, Time elapsed: 3.254 sec
Running com.thinkaurelius.titan.graphdb.serializer.KryoTest
Tests run: 5, Failures: 0, Errors: 0, Skipped: 0, Time elapsed: 0.033 sec
Running com.thinkaurelius.titan.util.datastructures.RandomRemovalListTest
Tests run: 3, Failures: 0, Errors: 0, Skipped: 0, Time elapsed: 0.933 sec
Running com.thinkaurelius.titan.util.datastructures.BitMapTest
Tests run: 1, Failures: 0, Errors: 0, Skipped: 0, Time elapsed: 0.001 sec
Running com.thinkaurelius.titan.graphdb.idmanagement.VertexIDAssignerTest
Partition: false
partitionMax: 2147483647
localPartition: null
Partition: true
partitionMax: 2147483647
localPartition: null
Partition: true
partitionMax: 2147483647
localPartition: [0, 2000]
Partition: true
partitionMax: 2147483647
localPartition: [-100000, -1]
Partition: true
partitionMax: 2147483647
localPartition: [-10000, 10000]
Partition: true
partitionMax: 100
localPartition: null
Partition: true
partitionMax: 100
localPartition: [0, 2000]
Partition: true
partitionMax: 100
localPartition: [-100000, -1]
Partition: true
partitionMax: 100
localPartition: [-10000, 10000]
Tests run: 9, Failures: 0, Errors: 0, Skipped: 0, Time elapsed: 16.622 sec
Running com.thinkaurelius.titan.tinkerpop.rexster.TitanGraphConfigurationTest
Tests run: 1, Failures: 0, Errors: 0, Skipped: 0, Time elapsed: 0.072 sec
Running com.thinkaurelius.titan.graphdb.inmemory.InMemoryGraphTest
Tests run: 19, Failures: 0, Errors: 0, Skipped: 0, Time elapsed: 24.003 sec
Running com.thinkaurelius.titan.graphdb.idmanagement.IDManagementTest
Tests run: 3, Failures: 0, Errors: 0, Skipped: 0, Time elapsed: 0.936 sec
Running com.thinkaurelius.titan.diskstorage.util.StorageFeaturesTest
Tests run: 1, Failures: 0, Errors: 0, Skipped: 0, Time elapsed: 0 sec
Running com.thinkaurelius.titan.graphdb.serializer.SerializerTest
Tests run: 9, Failures: 0, Errors: 0, Skipped: 0, Time elapsed: 1.209 sec
Running com.thinkaurelius.titan.util.datastructures.ImmutableLongObjectMapTest
Tests run: 3, Failures: 0, Errors: 0, Skipped: 0, Time elapsed: 0.364 sec
Running com.thinkaurelius.titan.graphdb.idmanagement.IDPoolTest
Tests run: 3, Failures: 0, Errors: 0, Skipped: 0, Time elapsed: 0.884 sec
Running com.thinkaurelius.titan.diskstorage.locking.LocalLockMediatorTest
Tests run: 1, Failures: 0, Errors: 0, Skipped: 0, Time elapsed: 0.16 sec

Results :

Tests run: 103, Failures: 0, Errors: 0, Skipped: 0

[INFO]                                                                         
[INFO] ------------------------------------------------------------------------
[INFO] Building Titan-BerkeleyJE: Distributed Graph Database 0.3.0-SNAPSHOT
[INFO] ------------------------------------------------------------------------
[INFO] 
[INFO] --- maven-enforcer-plugin:1.0:enforce (enforce-maven) @ titan-berkeleyje ---
[INFO] 
[INFO] --- maven-resources-plugin:2.3:resources (default-resources) @ titan-berkeleyje ---
[INFO] Using 'UTF-8' encoding to copy filtered resources.
[INFO] Copying 2 resources
[INFO] 
[INFO] --- maven-compiler-plugin:2.5.1:compile (default-compile) @ titan-berkeleyje ---
[INFO] Nothing to compile - all classes are up to date
[INFO] 
[INFO] --- maven-resources-plugin:2.3:testResources (default-testResources) @ titan-berkeleyje ---
[INFO] Using 'UTF-8' encoding to copy filtered resources.
[INFO] Copying 2 resources
[INFO] 
[INFO] --- maven-compiler-plugin:2.5.1:testCompile (default-testCompile) @ titan-berkeleyje ---
[INFO] Nothing to compile - all classes are up to date
[INFO] 
[INFO] --- maven-surefire-plugin:2.12.1:test (default-test) @ titan-berkeleyje ---
[INFO] Surefire report directory: /home/travis/build/thinkaurelius/titan/titan-berkeleyje/target/surefire-reports

-------------------------------------------------------
 T E S T S
-------------------------------------------------------
Running com.thinkaurelius.titan.diskstorage.berkeleyje.BerkeleyDBjeKeyColumnValueVariableTest
Loading time (ms): 1969
Reading time (ms): 722
Tests run: 17, Failures: 0, Errors: 0, Skipped: 0, Time elapsed: 17.462 sec
Running com.thinkaurelius.titan.graphdb.berkeleyje.BerkeleyJEGraphTest
Tests run: 19, Failures: 0, Errors: 0, Skipped: 0, Time elapsed: 7.79 sec
Running com.thinkaurelius.titan.diskstorage.berkeleyje.BerkeleyJEKeyValueTest
Tests run: 7, Failures: 0, Errors: 0, Skipped: 0, Time elapsed: 0.644 sec
Running com.thinkaurelius.titan.diskstorage.berkeleyje.BerkeleyDBjeKeyColumnValueTest
Loading time (ms): 1655
Reading time (ms): 699
Tests run: 17, Failures: 0, Errors: 0, Skipped: 0, Time elapsed: 7.478 sec
Running com.thinkaurelius.titan.blueprints.BerkeleyJEBlueprintsTest
Testing testGetNonExistantVertices...
Opening graph in: /tmp/titan-test/standard
Testing testRemoveVertexNullId...
Opening graph in: /tmp/titan-test/standard
	titangraph[berkeleyje:/tmp/titan-test/standard]: 100 vertices added in 4.038605000008829ms
	titangraph[berkeleyje:/tmp/titan-test/standard]: 100 vertices removed in 2.02758300001733ms
Testing testRemoveVertexProperties...
Opening graph in: /tmp/titan-test/standard
Testing testAddingIdProperty...
Opening graph in: /tmp/titan-test/standard
Testing testNoConcurrentModificationException...
Opening graph in: /tmp/titan-test/standard
Testing testGettingEdgesAndVertices...
Opening graph in: /tmp/titan-test/standard
Testing testGetVertexWithNull...
Opening graph in: /tmp/titan-test/standard
Testing testSettingBadVertexProperties...
Opening graph in: /tmp/titan-test/standard
Testing testEmptyKeyProperty...
Opening graph in: /tmp/titan-test/standard
Testing testVertexCentricLinking...
Opening graph in: /tmp/titan-test/standard
Testing testVertexCentricRemoving...
Opening graph in: /tmp/titan-test/standard
Testing testConcurrentModificationOnProperties...
Opening graph in: /tmp/titan-test/standard
Testing testVertexEquality...
Opening graph in: /tmp/titan-test/standard
	titangraph[berkeleyje:/tmp/titan-test/standard]: 1 vertex added and retrieved in 0.9541830000234768ms
Testing testVertexIterator...
Opening graph in: /tmp/titan-test/standard
	titangraph[berkeleyje:/tmp/titan-test/standard]: 1000 vertices added in 35.25522399996407ms
	titangraph[berkeleyje:/tmp/titan-test/standard]: 1000 vertices counted in 4.601283999974839ms
Testing testLegalVertexEdgeIterables...
Opening graph in: /tmp/titan-test/standard
Testing testAddVertexProperties...
Opening graph in: /tmp/titan-test/standard
Testing testAddManyVertexProperties...
Opening graph in: /tmp/titan-test/standard
	titangraph[berkeleyje:/tmp/titan-test/standard]: 750 vertex properties added (with vertices being added too) in 1865.7230659999186ms
Testing testRemoveVertex...
Opening graph in: /tmp/titan-test/standard
Testing testRemoveVertexWithEdges...
Opening graph in: /tmp/titan-test/standard
Testing testBasicAddVertex...
Opening graph in: /tmp/titan-test/standard
Testing testVertexEqualityForSuppliedIdsAndHashCode...
Opening graph in: /tmp/titan-test/standard
*** TOTAL TIME [VertexTestSuite]: 2941.1218300000764 ***
Testing testNoConcurrentModificationException...
Opening graph in: /tmp/titan-test/standard
Testing testAddManyEdges...
Opening graph in: /tmp/titan-test/standard
	titangraph[berkeleyje:/tmp/titan-test/standard]: 300 elements added in 119.01550799992401ms
	titangraph[berkeleyje:/tmp/titan-test/standard]: 100 edges counted in 4.004267000011168ms
	titangraph[berkeleyje:/tmp/titan-test/standard]: 200 vertices counted in 2.0715439999476075ms
	titangraph[berkeleyje:/tmp/titan-test/standard]: 200 vertices checked in 8.43484499992337ms
Testing testGetEdges...
Opening graph in: /tmp/titan-test/standard
	titangraph[berkeleyje:/tmp/titan-test/standard]: 3 edges retrieved in 0.3990410000551492ms
Testing testGetNonExistantEdges...
Opening graph in: /tmp/titan-test/standard
Testing testEdgeEquality...
Opening graph in: /tmp/titan-test/standard
Testing testAddEdges...
Opening graph in: /tmp/titan-test/standard
	titangraph[berkeleyje:/tmp/titan-test/standard]: 6 elements added and checked in 5.725007999921218ms
Testing testSettingBadVertexProperties...
Opening graph in: /tmp/titan-test/standard
Testing testEmptyKeyProperty...
Opening graph in: /tmp/titan-test/standard
Testing testRemoveManyEdges...
Opening graph in: /tmp/titan-test/standard
	titangraph[berkeleyje:/tmp/titan-test/standard]: 20 vertices counted in 0.3164620000170544ms
	titangraph[berkeleyje:/tmp/titan-test/standard]: 10 edges counted in 0.4395830000285059ms
	titangraph[berkeleyje:/tmp/titan-test/standard]: 10 edges removed and graph checked in 10.228278000024147ms
Testing testAddingDuplicateEdges...
Opening graph in: /tmp/titan-test/standard
Testing testRemoveEdgesByRemovingVertex...
Opening graph in: /tmp/titan-test/standard
Testing testRemoveEdges...
Opening graph in: /tmp/titan-test/standard
Testing testAddingSelfLoops...
Opening graph in: /tmp/titan-test/standard
Testing testRemoveSelfLoops...
Opening graph in: /tmp/titan-test/standard
Testing testEdgeIterator...
Opening graph in: /tmp/titan-test/standard
Testing testAddingRemovingEdgeProperties...
Opening graph in: /tmp/titan-test/standard
Testing testAddingLabelAndIdProperty...
Opening graph in: /tmp/titan-test/standard
Testing testEdgeCentricRemoving...
Opening graph in: /tmp/titan-test/standard
*** TOTAL TIME [EdgeTestSuite]: 3925.490134999971 ***
Testing testFeatureCompliance...
Opening graph in: /tmp/titan-test/standard
supportsDuplicateEdges: true
supportsSelfLoops: true
supportsSerializableObjectProperty: true
supportsBooleanProperty: true
supportsDoubleProperty: true
supportsFloatProperty: true
supportsIntegerProperty: true
supportsPrimitiveArrayProperty: true
supportsUniformListProperty: true
supportsMixedListProperty: true
supportsLongProperty: true
supportsMapProperty: true
supportsStringProperty: true
ignoresSuppliedIds: true
isPersistent: true
isRDFModel: false
isWrapper: false
supportsIndices: false
supportsVertexIndex: false
supportsEdgeIndex: false
supportsKeyIndices: true
supportsVertexKeyIndex: true
supportsEdgeKeyIndex: true
supportsEdgeIteration: true
supportsVertexIteration: true
supportsEdgeRetrieval: true
supportsVertexProperties: true
supportsEdgeProperties: true
supportsTransactions: true
supportsThreadedTransactions: true
Testing testEmptyOnConstruction...
Opening graph in: /tmp/titan-test/standard
Testing testStringRepresentationOfVertexId...
Opening graph in: /tmp/titan-test/standard
Testing testAddingVerticesAndEdges...
Opening graph in: /tmp/titan-test/standard
Testing testSemanticallyCorrectIterables...
Opening graph in: /tmp/titan-test/standard
Testing testGettingVerticesAndEdgesWithKeyValue...
Opening graph in: /tmp/titan-test/standard
Testing testSettingProperties...
Opening graph in: /tmp/titan-test/standard
Testing testSimpleRemovingVerticesEdges...
Opening graph in: /tmp/titan-test/standard
Testing testRemovingEdges...
Opening graph in: /tmp/titan-test/standard
	titangraph[berkeleyje:/tmp/titan-test/standard]: 100 vertices added in 4.905578000005335ms
	titangraph[berkeleyje:/tmp/titan-test/standard]: 200 edges added in 289.2035310000647ms
	titangraph[berkeleyje:/tmp/titan-test/standard]: 200 edges deleted (with size check on each delete) in 202.02086899999995ms
Testing testRemovingVertices...
Opening graph in: /tmp/titan-test/standard
	titangraph[berkeleyje:/tmp/titan-test/standard]: 500 vertices added in 16.854584999964572ms
	titangraph[berkeleyje:/tmp/titan-test/standard]: 250 edges added in 320.79408599995077ms
	titangraph[berkeleyje:/tmp/titan-test/standard]: 500 vertices deleted (with size check on each delete) in 231.15457100002095ms
Testing testConnectivityPatterns...
Opening graph in: /tmp/titan-test/standard
Testing testVertexEdgeLabels...
Opening graph in: /tmp/titan-test/standard
Testing testVertexEdgeLabels2...
Opening graph in: /tmp/titan-test/standard
Testing testTreeConnectivity...
Opening graph in: /tmp/titan-test/standard
	titangraph[berkeleyje:/tmp/titan-test/standard]: 1464 vertices added in a tree structure in 157.60517100000288ms
	titangraph[berkeleyje:/tmp/titan-test/standard]: 1464 vertices iterated in 0.7330159998964518ms
	titangraph[berkeleyje:/tmp/titan-test/standard]: 1463 edges iterated in 9.704481999971904ms
Testing testConcurrentModification...
Opening graph in: /tmp/titan-test/standard
Testing testGraphDataPersists...
Opening graph in: /tmp/titan-test/standard
Opening graph in: /tmp/titan-test/standard
	titangraph[berkeleyje:/tmp/titan-test/standard]: 1 graph loaded in 13.017182999989018ms
Testing testAutotypingOfProperties...
Opening graph in: /tmp/titan-test/standard
*** TOTAL TIME [GraphTestSuite]: 2385.4489080000203 ***
Testing testGraphQueryForVertices...
Opening graph in: /tmp/titan-test/standard
Opening graph in: /tmp/titan-test/standard
Testing testGraphQueryForEdges...
Opening graph in: /tmp/titan-test/standard
Opening graph in: /tmp/titan-test/standard
Testing testVertexQuery...
Opening graph in: /tmp/titan-test/standard
*** TOTAL TIME [QueryTestSuite]: 163.11290599999484 ***
Testing testNoConcurrentModificationException...
Opening graph in: /tmp/titan-test/standard
Testing testGettingVerticesAndEdgesWithKeyValue...
Opening graph in: /tmp/titan-test/standard
Testing testAutoIndexKeyManagementWithPersistence...
Opening graph in: /tmp/titan-test/standard
	titangraph[berkeleyje:/tmp/titan-test/standard]: 2 automatic index keys added in 1.6897119999630377ms
	titangraph[berkeleyje:/tmp/titan-test/standard]: 2 automatic index keys added in 0.7594410000601783ms
Opening graph in: /tmp/titan-test/standard
Testing testKeyIndicesConsistentWithElementRemoval...
Opening graph in: /tmp/titan-test/standard
*** TOTAL TIME [KeyIndexableGraphTestSuite]: 190.35419299989007 ***
Testing testCompetingThreads...
Opening graph in: /tmp/titan-test/standard
Opening graph in: /tmp/titan-test/standard
Testing testTrue...
Testing testAutoStartTransaction...
Opening graph in: /tmp/titan-test/standard
Testing testTransactionsForVertices...
Opening graph in: /tmp/titan-test/standard
	titangraph[berkeleyje:/tmp/titan-test/standard]: 1 vertex not added in failed transaction in 0.6560600000666454ms
	titangraph[berkeleyje:/tmp/titan-test/standard]: 1 vertex added in successful transaction in 0.5972250000340864ms
Testing testBasicVertexEdgeTransactions...
Opening graph in: /tmp/titan-test/standard
Testing testCompetingThreadsOnMultipleDbInstances...
Opening graph in: /tmp/titan-test/first
Opening graph in: /tmp/titan-test/second
Testing testRemoveInTransaction...
Opening graph in: /tmp/titan-test/standard
Testing testRepeatedTransactionStopException...
Opening graph in: /tmp/titan-test/standard
Testing testBruteVertexTransactions...
Opening graph in: /tmp/titan-test/standard
	titangraph[berkeleyje:/tmp/titan-test/standard]: 100 vertices added in 100 successful transactions in 43.35391800000798ms
	titangraph[berkeleyje:/tmp/titan-test/standard]: 100 vertices not added in 100 failed transactions in 16.619157999986783ms
	titangraph[berkeleyje:/tmp/titan-test/standard]: 100 vertices added in 1 successful transactions in 13.078502999967895ms
	titangraph[berkeleyje:/tmp/titan-test/standard]: 100 vertices not added in 1 failed transactions in 9.157533999998122ms
Testing testTransactionsForEdges...
Opening graph in: /tmp/titan-test/standard
	titangraph[berkeleyje:/tmp/titan-test/standard]: 1 edge not added in failed transaction (w/ iteration) in 1.7024110000347719ms
	titangraph[berkeleyje:/tmp/titan-test/standard]: 1 edge added in successful transaction (w/ iteration) in 1.462489000055939ms
Testing testBruteEdgeTransactions...
Opening graph in: /tmp/titan-test/standard
	titangraph[berkeleyje:/tmp/titan-test/standard]: 100 edges added in 100 successful transactions (2 vertices added for each edge) in 78.44618199998513ms
	titangraph[berkeleyje:/tmp/titan-test/standard]: 100 edges not added in 100 failed transactions (2 vertices added for each edge) in 35.57114699995145ms
	titangraph[berkeleyje:/tmp/titan-test/standard]: 100 edges added in 1 successful transactions (2 vertices added for each edge) in 53.682201000046916ms
	titangraph[berkeleyje:/tmp/titan-test/standard]: 100 edges not added in 1 failed transactions (2 vertices added for each edge) in 27.69652900006622ms
Testing testPropertyTransactions...
Opening graph in: /tmp/titan-test/standard
	titangraph[berkeleyje:/tmp/titan-test/standard]: 1 vertex added with string property in a successful transaction in 4.0870940000750124ms
	titangraph[berkeleyje:/tmp/titan-test/standard]: 1 integer property not added in a failed transaction in 1.9737560000503436ms
	titangraph[berkeleyje:/tmp/titan-test/standard]: 2 vertex properties checked in a successful transaction in 0.6261470000026748ms
	titangraph[berkeleyje:/tmp/titan-test/standard]: 1 edge property added and checked in a successful transaction in 1.7647989999968559ms
	titangraph[berkeleyje:/tmp/titan-test/standard]: 1 edge property added and checked in a failed transaction in 0.5196679999353364ms
Testing testIndexTransactions...
Opening graph in: /tmp/titan-test/standard
Testing testAutomaticSuccessfulTransactionOnShutdown...
Opening graph in: /tmp/titan-test/standard
Opening graph in: /tmp/titan-test/standard
Testing testVertexCountOnPreTransactionCommit...
Opening graph in: /tmp/titan-test/standard
Testing testBulkTransactionsOnEdges...
Opening graph in: /tmp/titan-test/standard
Testing testTransactionIsolationCommitCheck...
Opening graph in: /tmp/titan-test/standard
added vertex
reading vertex before tx
read vertex before tx
*** TOTAL TIME [TransactionalTitanGraphTestSuite]: 1907.5981339999707 ***
Testing testVertexReattachment...
Opening graph in: /tmp/titan-test/standard
*** TOTAL TIME [TitanSpecificBlueprintsTestSuite]: 538.3190050000558 ***
Testing testTinkerGraphSoftwareVertices...
Opening graph in: /tmp/titan-test/standard
	titangraph[berkeleyje:/tmp/titan-test/standard]: graph-example-1 loaded in 101.55639600008726ms
Testing testTinkerGraphVertexAndEdges...
Opening graph in: /tmp/titan-test/standard
	titangraph[berkeleyje:/tmp/titan-test/standard]: graph-example-1 loaded in 143.09557200002018ms
Testing testReadingTinkerGraphExample3...
Opening graph in: /tmp/titan-test/standard
Testing testReadingTinkerGraphExample3MappingLabels...
Opening graph in: /tmp/titan-test/standard
	titangraph[berkeleyje:/tmp/titan-test/standard]: graph-example-3 loaded in 29.082669000024907ms
Testing testReadingTinkerGraphExample3MappingIDs...
Opening graph in: /tmp/titan-test/standard
	titangraph[berkeleyje:/tmp/titan-test/standard]: graph-example-3 loaded in 84.75890100002289ms
Testing testReadingTinkerGraphExample3MappingAll...
Opening graph in: /tmp/titan-test/standard
	titangraph[berkeleyje:/tmp/titan-test/standard]: graph-example-3 loaded in 29.03745699999854ms
Testing testMigratingTinkerGraphExample3...
Opening graph in: /tmp/titan-test/standard
Testing testAllGraphMLTypeCastsAndDataMappings...
Opening graph in: /tmp/titan-test/standard
Testing testTinkerGraphEdges...
Opening graph in: /tmp/titan-test/standard
	titangraph[berkeleyje:/tmp/titan-test/standard]: graph-example-1 loaded in 26.01741500000935ms
Testing testTinkerGraphVertices...
Opening graph in: /tmp/titan-test/standard
	titangraph[berkeleyje:/tmp/titan-test/standard]: graph-example-1 loaded in 26.31693199998699ms
Testing testReadingTinkerGraph...
Opening graph in: /tmp/titan-test/standard
*** TOTAL TIME [GraphMLReaderTestSuite]: 2157.8734750000294 ***
Testing testTinkerGraphSoftwareVertices...
Opening graph in: /tmp/titan-test/standard
	titangraph[berkeleyje:/tmp/titan-test/standard]: graph-example-1 loaded in 324.7968820000533ms
Testing testTinkerGraphVertexAndEdges...
Opening graph in: /tmp/titan-test/standard
	titangraph[berkeleyje:/tmp/titan-test/standard]: graph-example-1 loaded in 23.76239099993836ms
Testing testTinkerGraphEdges...
Opening graph in: /tmp/titan-test/standard
	titangraph[berkeleyje:/tmp/titan-test/standard]: graph-example-1 loaded in 21.87787099997513ms
Testing testTinkerGraphVertices...
Opening graph in: /tmp/titan-test/standard
	titangraph[berkeleyje:/tmp/titan-test/standard]: graph-example-1 loaded in 78.75607900007162ms
Testing testReadingTinkerGraph...
Opening graph in: /tmp/titan-test/standard
*** TOTAL TIME [GraphSONReaderTestSuite]: 911.9762089999858 ***
Testing testTinkerGraphSoftwareVertices...
Opening graph in: /tmp/titan-test/standard
	titangraph[berkeleyje:/tmp/titan-test/standard]: graph-example-1 loaded in 21.149590000044554ms
Testing testTinkerGraphVertexAndEdges...
Opening graph in: /tmp/titan-test/standard
	titangraph[berkeleyje:/tmp/titan-test/standard]: graph-example-1 loaded in 13.74864600005094ms
Testing testReadingTinkerGraphExample3...
Opening graph in: /tmp/titan-test/standard
Testing testReadingTinkerGraphExample3MappingLabels...
Opening graph in: /tmp/titan-test/standard
	titangraph[berkeleyje:/tmp/titan-test/standard]: graph-example-3 loaded in 73.61352399992757ms
Testing testReadingTinkerGraphExample3MappingIDs...
Opening graph in: /tmp/titan-test/standard
	titangraph[berkeleyje:/tmp/titan-test/standard]: graph-example-3 loaded in 13.28367499995511ms
Testing testReadingTinkerGraphExample3MappingAll...
Opening graph in: /tmp/titan-test/standard
	titangraph[berkeleyje:/tmp/titan-test/standard]: graph-example-3 loaded in 12.449598000035621ms
Testing testMigratingTinkerGraphExample3...
Opening graph in: /tmp/titan-test/standard
Testing testTinkerGraphEdges...
Opening graph in: /tmp/titan-test/standard
	titangraph[berkeleyje:/tmp/titan-test/standard]: graph-example-1 loaded in 11.036202999996021ms
Testing testTinkerGraphVertices...
Opening graph in: /tmp/titan-test/standard
	titangraph[berkeleyje:/tmp/titan-test/standard]: graph-example-1 loaded in 10.634051000000909ms
Testing testReadingTinkerGraph...
Opening graph in: /tmp/titan-test/standard
*** TOTAL TIME [GMLReaderTestSuite]: 1153.0880009999964 ***
Tests run: 10, Failures: 0, Errors: 0, Skipped: 0, Time elapsed: 16.298 sec
Running com.thinkaurelius.titan.tinkerpop.rexster.RexsterServerClientBerkeleyJeTest
Mar 29, 2013 5:35:10 AM org.glassfish.grizzly.servlet.WebappContext deploy
INFO: Starting application [jersey] ...
Mar 29, 2013 5:35:10 AM com.sun.jersey.server.impl.application.WebApplicationImpl _initiate
INFO: Initiating Jersey application, version 'Jersey: 1.17 01/17/2013 03:31 PM'
Mar 29, 2013 5:35:12 AM org.glassfish.grizzly.servlet.WebappContext initServlets
INFO: [jersey] Servlet [com.sun.jersey.spi.container.servlet.ServletContainer] registered for url pattern(s) [[/*]].
Mar 29, 2013 5:35:12 AM org.glassfish.grizzly.servlet.WebappContext deploy
INFO: Application [jersey] is ready to service requests.  Root: [].
Mar 29, 2013 5:35:12 AM org.glassfish.grizzly.http.server.NetworkListener start
INFO: Started listener bound to [0.0.0.0:8182]
Mar 29, 2013 5:35:12 AM org.glassfish.grizzly.http.server.HttpServer start
INFO: [HttpServer] Started.
Mar 29, 2013 5:35:13 AM org.glassfish.grizzly.http.server.NetworkListener stop
INFO: Stopped listener bound to [0.0.0.0:8182]
Tests run: 1, Failures: 0, Errors: 0, Skipped: 0, Time elapsed: 4.321 sec
Running com.thinkaurelius.titan.diskstorage.berkeleyje.BerkeleyJeHashKeyColumnValueTest
Loading time (ms): 1939
Reading time (ms): 398
Tests run: 17, Failures: 0, Errors: 0, Skipped: 0, Time elapsed: 10.507 sec

Results :

Tests run: 88, Failures: 0, Errors: 0, Skipped: 0

[INFO]                                                                         
[INFO] ------------------------------------------------------------------------
[INFO] Building Titan-Cassandra: Distributed Graph Database 0.3.0-SNAPSHOT
[INFO] ------------------------------------------------------------------------
[INFO] 
[INFO] --- maven-enforcer-plugin:1.0:enforce (enforce-maven) @ titan-cassandra ---
[INFO] 
[INFO] --- maven-resources-plugin:2.5:resources (default-resources) @ titan-cassandra ---
[debug] execute contextualize
[INFO] Using 'UTF-8' encoding to copy filtered resources.
[INFO] Copying 2 resources
[INFO] 
[INFO] --- maven-compiler-plugin:2.5.1:compile (default-compile) @ titan-cassandra ---
[INFO] Nothing to compile - all classes are up to date
[INFO] 
[INFO] --- maven-resources-plugin:2.5:testResources (default-testResources) @ titan-cassandra ---
[debug] execute contextualize
[INFO] Using 'UTF-8' encoding to copy filtered resources.
[INFO] Copying 2 resources
[INFO] 
[INFO] --- maven-resources-plugin:2.5:copy-resources (copy-resources-127.0.0.1) @ titan-cassandra ---
[debug] execute contextualize
[INFO] Using 'UTF-8' encoding to copy filtered resources.
[INFO] Copying 7 resources
[INFO] 
[INFO] --- maven-compiler-plugin:2.5.1:testCompile (default-testCompile) @ titan-cassandra ---
[INFO] Nothing to compile - all classes are up to date
[INFO] 
[INFO] --- maven-surefire-plugin:2.12.1:test (default-test) @ titan-cassandra ---
[INFO] Surefire report directory: /home/travis/build/thinkaurelius/titan/titan-cassandra/target/surefire-reports

-------------------------------------------------------
 T E S T S
-------------------------------------------------------

-------------------------------------------------------
 T E S T S
-------------------------------------------------------
Running com.thinkaurelius.titan.blueprints.InternalCassandraBlueprintsTest
Testing testGetVertexWithNull...
Testing testRemoveVertex...
Testing testRemoveVertexWithEdges...
Testing testGetNonExistantVertices...
Testing testRemoveVertexNullId...
	titangraph[cassandra:null]: 100 vertices added in 21.56991200009361ms
	titangraph[cassandra:null]: 100 vertices removed in 16.546227999962866ms
Testing testVertexIterator...
	titangraph[cassandra:null]: 1000 vertices added in 806.955483000027ms
	titangraph[cassandra:null]: 1000 vertices counted in 8.826604999951087ms
Testing testLegalVertexEdgeIterables...
Testing testAddVertexProperties...
Testing testAddManyVertexProperties...
	titangraph[cassandra:null]: 750 vertex properties added (with vertices being added too) in 20013.57478399994ms
Testing testRemoveVertexProperties...
Testing testAddingIdProperty...
Testing testNoConcurrentModificationException...
Testing testGettingEdgesAndVertices...
Testing testEmptyKeyProperty...
Testing testVertexCentricLinking...
Testing testVertexCentricRemoving...
Testing testConcurrentModificationOnProperties...
Testing testSettingBadVertexProperties...
Testing testVertexEqualityForSuppliedIdsAndHashCode...
Testing testBasicAddVertex...
Testing testVertexEquality...
	titangraph[cassandra:null]: 1 vertex added and retrieved in 608.4046889999881ms
*** TOTAL TIME [VertexTestSuite]: 50395.10279500007 ***
Testing testNoConcurrentModificationException...
Testing testEmptyKeyProperty...
Testing testSettingBadVertexProperties...
Testing testAddManyEdges...
	titangraph[cassandra:null]: 300 elements added in 3370.7836890000617ms
	titangraph[cassandra:null]: 100 edges counted in 4.959428000031039ms
	titangraph[cassandra:null]: 200 vertices counted in 2.4491860000416636ms
	titangraph[cassandra:null]: 200 vertices checked in 10.724680000101216ms
Testing testGetEdges...
	titangraph[cassandra:null]: 3 edges retrieved in 2.0589380000019446ms
Testing testGetNonExistantEdges...
Testing testRemoveManyEdges...
	titangraph[cassandra:null]: 20 vertices counted in 1.6111050000181422ms
	titangraph[cassandra:null]: 10 edges counted in 1.824769000057131ms
	titangraph[cassandra:null]: 10 edges removed and graph checked in 47.78356100001838ms
Testing testAddingDuplicateEdges...
Testing testRemoveEdgesByRemovingVertex...
Testing testRemoveEdges...
Testing testAddingSelfLoops...
Testing testRemoveSelfLoops...
Testing testEdgeIterator...
Testing testAddingRemovingEdgeProperties...
Testing testAddingLabelAndIdProperty...
Testing testEdgeCentricRemoving...
Testing testEdgeEquality...
Testing testAddEdges...
	titangraph[cassandra:null]: 6 elements added and checked in 920.0812369999476ms
*** TOTAL TIME [EdgeTestSuite]: 27134.089244999923 ***
Testing testFeatureCompliance...
supportsDuplicateEdges: true
supportsSelfLoops: true
supportsSerializableObjectProperty: true
supportsBooleanProperty: true
supportsDoubleProperty: true
supportsFloatProperty: true
supportsIntegerProperty: true
supportsPrimitiveArrayProperty: true
supportsUniformListProperty: true
supportsMixedListProperty: true
supportsLongProperty: true
supportsMapProperty: true
supportsStringProperty: true
ignoresSuppliedIds: true
isPersistent: true
isRDFModel: false
isWrapper: false
supportsIndices: false
supportsVertexIndex: false
supportsEdgeIndex: false
supportsKeyIndices: true
supportsVertexKeyIndex: true
supportsEdgeKeyIndex: true
supportsEdgeIteration: true
supportsVertexIteration: true
supportsEdgeRetrieval: true
supportsVertexProperties: true
supportsEdgeProperties: true
supportsTransactions: true
supportsThreadedTransactions: true
Testing testEmptyOnConstruction...
Testing testStringRepresentationOfVertexId...
Testing testSemanticallyCorrectIterables...
Testing testGettingVerticesAndEdgesWithKeyValue...
Testing testAddingVerticesAndEdges...
Testing testSettingProperties...
Testing testRemovingVertices...
	titangraph[cassandra:null]: 500 vertices added in 642.8895519999787ms
	titangraph[cassandra:null]: 250 edges added in 6432.764593000058ms
	titangraph[cassandra:null]: 500 vertices deleted (with size check on each delete) in 1391.9537310000742ms
Testing testConnectivityPatterns...
Testing testVertexEdgeLabels...
Testing testVertexEdgeLabels2...
Testing testTreeConnectivity...
	titangraph[cassandra:null]: 1464 vertices added in a tree structure in 1192.5041910000145ms
	titangraph[cassandra:null]: 1464 vertices iterated in 2.3395229999441653ms
	titangraph[cassandra:null]: 1463 edges iterated in 22.529359000036493ms
Testing testConcurrentModification...
Testing testGraphDataPersists...
	titangraph[cassandra:null]: 1 graph loaded in 18.478624999988824ms
Testing testAutotypingOfProperties...
Testing testSimpleRemovingVerticesEdges...
Testing testRemovingEdges...
	titangraph[cassandra:null]: 100 vertices added in 613.4410780000035ms
	titangraph[cassandra:null]: 200 edges added in 5202.749894000008ms
	titangraph[cassandra:null]: 200 edges deleted (with size check on each delete) in 566.509594000061ms
*** TOTAL TIME [GraphTestSuite]: 34516.63466500002 ***
Testing testGraphQueryForVertices...
Testing testGraphQueryForEdges...
Testing testVertexQuery...
*** TOTAL TIME [QueryTestSuite]: 5973.923978999956 ***
Testing testNoConcurrentModificationException...
Testing testGettingVerticesAndEdgesWithKeyValue...
Testing testAutoIndexKeyManagementWithPersistence...
	titangraph[cassandra:null]: 2 automatic index keys added in 610.2784070000052ms
	titangraph[cassandra:null]: 2 automatic index keys added in 2.2612419999204576ms
Testing testKeyIndicesConsistentWithElementRemoval...
*** TOTAL TIME [KeyIndexableGraphTestSuite]: 4642.9818300000625 ***
Testing testCompetingThreads...
Testing testRepeatedTransactionStopException...
Testing testTrue...
Testing testAutoStartTransaction...
Testing testTransactionsForVertices...
	titangraph[cassandra:null]: 1 vertex not added in failed transaction in 2.405107000027783ms
	titangraph[cassandra:null]: 1 vertex added in successful transaction in 1.66500499995891ms
Testing testBasicVertexEdgeTransactions...
Testing testBruteVertexTransactions...
	titangraph[cassandra:null]: 100 vertices added in 100 successful transactions in 664.764617000008ms
	titangraph[cassandra:null]: 100 vertices not added in 100 failed transactions in 21.027900999994017ms
	titangraph[cassandra:null]: 100 vertices added in 1 successful transactions in 27.52279900002759ms
	titangraph[cassandra:null]: 100 vertices not added in 1 failed transactions in 37.10897199995816ms
Testing testTransactionsForEdges...
	titangraph[cassandra:null]: 1 edge not added in failed transaction (w/ iteration) in 309.3131680000806ms
	titangraph[cassandra:null]: 1 edge added in successful transaction (w/ iteration) in 109.24724599998444ms
Testing testBruteEdgeTransactions...
	titangraph[cassandra:null]: 100 edges added in 100 successful transactions (2 vertices added for each edge) in 1190.122871000087ms
	titangraph[cassandra:null]: 100 edges not added in 100 failed transactions (2 vertices added for each edge) in 128.63373700005468ms
	titangraph[cassandra:null]: 100 edges added in 1 successful transactions (2 vertices added for each edge) in 96.62057799997274ms
	titangraph[cassandra:null]: 100 edges not added in 1 failed transactions (2 vertices added for each edge) in 143.8785710000666ms
Testing testPropertyTransactions...
	titangraph[cassandra:null]: 1 vertex added with string property in a successful transaction in 1019.3420759999426ms
	titangraph[cassandra:null]: 1 integer property not added in a failed transaction in 5.042336000013165ms
	titangraph[cassandra:null]: 2 vertex properties checked in a successful transaction in 2.3619440000038594ms
	titangraph[cassandra:null]: 1 edge property added and checked in a successful transaction in 107.08113099995535ms
	titangraph[cassandra:null]: 1 edge property added and checked in a failed transaction in 1.1741580000380054ms
Testing testIndexTransactions...
Testing testAutomaticSuccessfulTransactionOnShutdown...
Testing testVertexCountOnPreTransactionCommit...
Testing testBulkTransactionsOnEdges...
Testing testTransactionIsolationCommitCheck...
added vertex
reading vertex before tx
read vertex before tx
Testing testRemoveInTransaction...
*** TOTAL TIME [TransactionalTitanGraphTestSuite]: 19130.667194000096 ***
Testing testVertexReattachment...
*** TOTAL TIME [TitanSpecificBlueprintsTestSuite]: 1386.1442439999664 ***
Testing testReadingTinkerGraph...
Testing testTinkerGraphEdges...
	titangraph[cassandra:null]: graph-example-1 loaded in 1075.2209929999663ms
Testing testTinkerGraphVertices...
	titangraph[cassandra:null]: graph-example-1 loaded in 1042.958415000001ms
Testing testTinkerGraphSoftwareVertices...
	titangraph[cassandra:null]: graph-example-1 loaded in 1044.9610289999982ms
Testing testTinkerGraphVertexAndEdges...
	titangraph[cassandra:null]: graph-example-1 loaded in 1041.7489059999352ms
Testing testReadingTinkerGraphExample3...
Testing testReadingTinkerGraphExample3MappingLabels...
	titangraph[cassandra:null]: graph-example-3 loaded in 1044.4043130000355ms
Testing testReadingTinkerGraphExample3MappingIDs...
	titangraph[cassandra:null]: graph-example-3 loaded in 1043.7928029999603ms
Testing testReadingTinkerGraphExample3MappingAll...
	titangraph[cassandra:null]: graph-example-3 loaded in 1040.302985999966ms
Testing testMigratingTinkerGraphExample3...
Testing testAllGraphMLTypeCastsAndDataMappings...
*** TOTAL TIME [GraphMLReaderTestSuite]: 9683.82004000002 ***
Testing testReadingTinkerGraph...
Testing testTinkerGraphEdges...
	titangraph[cassandra:null]: graph-example-1 loaded in 1232.1279189999914ms
Testing testTinkerGraphVertices...
	titangraph[cassandra:null]: graph-example-1 loaded in 1035.8323539999546ms
Testing testTinkerGraphSoftwareVertices...
	titangraph[cassandra:null]: graph-example-1 loaded in 1036.3844359999057ms
Testing testTinkerGraphVertexAndEdges...
	titangraph[cassandra:null]: graph-example-1 loaded in 1038.079481999972ms
*** TOTAL TIME [GraphSONReaderTestSuite]: 5621.965136999963 ***
Testing testReadingTinkerGraph...
Testing testTinkerGraphEdges...
	titangraph[cassandra:null]: graph-example-1 loaded in 1040.912239999976ms
Testing testTinkerGraphVertices...
	titangraph[cassandra:null]: graph-example-1 loaded in 1037.2845469999593ms
Testing testTinkerGraphSoftwareVertices...
	titangraph[cassandra:null]: graph-example-1 loaded in 1037.2619229999837ms
Testing testTinkerGraphVertexAndEdges...
	titangraph[cassandra:null]: graph-example-1 loaded in 1037.3694109999342ms
Testing testReadingTinkerGraphExample3...
Testing testReadingTinkerGraphExample3MappingLabels...
	titangraph[cassandra:null]: graph-example-3 loaded in 1042.6414639999857ms
Testing testReadingTinkerGraphExample3MappingIDs...
	titangraph[cassandra:null]: graph-example-3 loaded in 1041.7127829999663ms
Testing testReadingTinkerGraphExample3MappingAll...
	titangraph[cassandra:null]: graph-example-3 loaded in 1039.664477000013ms
Testing testMigratingTinkerGraphExample3...
*** TOTAL TIME [GMLReaderTestSuite]: 9571.887758999947 ***
Tests run: 10, Failures: 0, Errors: 0, Skipped: 0, Time elapsed: 168.157 sec
Running com.thinkaurelius.titan.diskstorage.cassandra.astyanax.InternalAstyanaxKeyColumnValueTest
Loading time (ms): 797
Reading time (ms): 9279
Tests run: 18, Failures: 0, Errors: 0, Skipped: 0, Time elapsed: 55.17 sec
Running com.thinkaurelius.titan.diskstorage.cassandra.astyanax.InternalAstyanaxMultiWriteKeyColumnValueTest
Tests run: 2, Failures: 0, Errors: 0, Skipped: 0, Time elapsed: 27.97 sec
Running com.thinkaurelius.titan.diskstorage.cassandra.thrift.InternalCassandraLockKeyColumnValueStoreTest
Tests run: 14, Failures: 0, Errors: 0, Skipped: 0, Time elapsed: 27.618 sec
Running com.thinkaurelius.titan.graphdb.embedded.InternalCassandraEmbeddedGraphTest
Tests run: 19, Failures: 0, Errors: 0, Skipped: 0, Time elapsed: 45.398 sec
Running com.thinkaurelius.titan.diskstorage.cassandra.UUIDTest
Tests run: 1, Failures: 0, Errors: 0, Skipped: 0, Time elapsed: 0.725 sec
Running com.thinkaurelius.titan.diskstorage.cassandra.thrift.InternalCassandraThriftKeyColumnValueTest
Loading time (ms): 846
Reading time (ms): 9771
Tests run: 18, Failures: 0, Errors: 0, Skipped: 0, Time elapsed: 66.476 sec
Running com.thinkaurelius.titan.diskstorage.cassandra.embedded.InternalCassandraEmbeddedLockKeyColumnValueStoreTest
Tests run: 14, Failures: 0, Errors: 0, Skipped: 0, Time elapsed: 24.017 sec
Running com.thinkaurelius.titan.diskstorage.cassandra.embedded.InternalCassandraEmbeddedKeyColumnValueTest
Loading time (ms): 547
Reading time (ms): 7363
Tests run: 18, Failures: 0, Errors: 0, Skipped: 0, Time elapsed: 38.036 sec
Running com.thinkaurelius.titan.blueprints.EmbeddedCassandraBlueprintsTest
Testing testGetVertexWithNull...
Testing testRemoveVertex...
Testing testRemoveVertexWithEdges...
Testing testGetNonExistantVertices...
Testing testRemoveVertexNullId...
	titangraph[embeddedcassandra:null]: 100 vertices added in 16.200706999981776ms
	titangraph[embeddedcassandra:null]: 100 vertices removed in 15.646275000181049ms
Testing testVertexIterator...
	titangraph[embeddedcassandra:null]: 1000 vertices added in 764.6646090000868ms
	titangraph[embeddedcassandra:null]: 1000 vertices counted in 7.926965000107884ms
Testing testLegalVertexEdgeIterables...
Testing testAddVertexProperties...
Testing testAddManyVertexProperties...
	titangraph[embeddedcassandra:null]: 750 vertex properties added (with vertices being added too) in 19787.108853000216ms
Testing testRemoveVertexProperties...
Testing testAddingIdProperty...
Testing testNoConcurrentModificationException...
Testing testGettingEdgesAndVertices...
Testing testEmptyKeyProperty...
Testing testVertexCentricLinking...
Testing testVertexCentricRemoving...
Testing testConcurrentModificationOnProperties...
Testing testSettingBadVertexProperties...
Testing testVertexEquality...
	titangraph[embeddedcassandra:null]: 1 vertex added and retrieved in 605.999778999947ms
Testing testVertexEqualityForSuppliedIdsAndHashCode...
Testing testBasicAddVertex...
*** TOTAL TIME [VertexTestSuite]: 51591.579939000076 ***
Testing testNoConcurrentModificationException...
Testing testEmptyKeyProperty...
Testing testSettingBadVertexProperties...
Testing testAddManyEdges...
	titangraph[embeddedcassandra:null]: 300 elements added in 3347.269137999974ms
	titangraph[embeddedcassandra:null]: 100 edges counted in 4.795755000086501ms
	titangraph[embeddedcassandra:null]: 200 vertices counted in 1.6134349999483675ms
	titangraph[embeddedcassandra:null]: 200 vertices checked in 10.109528000000864ms
Testing testGetEdges...
	titangraph[embeddedcassandra:null]: 3 edges retrieved in 1.8390919999219477ms
Testing testGetNonExistantEdges...
Testing testRemoveManyEdges...
	titangraph[embeddedcassandra:null]: 20 vertices counted in 1.0052300000097603ms
	titangraph[embeddedcassandra:null]: 10 edges counted in 0.9595459999982268ms
	titangraph[embeddedcassandra:null]: 10 edges removed and graph checked in 22.63892999989912ms
Testing testAddingDuplicateEdges...
Testing testRemoveEdgesByRemovingVertex...
Testing testRemoveEdges...
Testing testAddingSelfLoops...
Testing testRemoveSelfLoops...
Testing testEdgeIterator...
Testing testAddingRemovingEdgeProperties...
Testing testAddingLabelAndIdProperty...
Testing testEdgeCentricRemoving...
Testing testEdgeEquality...
Testing testAddEdges...
	titangraph[embeddedcassandra:null]: 6 elements added and checked in 914.2813089999836ms
*** TOTAL TIME [EdgeTestSuite]: 31276.661265000002 ***
Testing testFeatureCompliance...
supportsDuplicateEdges: true
supportsSelfLoops: true
supportsSerializableObjectProperty: true
supportsBooleanProperty: true
supportsDoubleProperty: true
supportsFloatProperty: true
supportsIntegerProperty: true
supportsPrimitiveArrayProperty: true
supportsUniformListProperty: true
supportsMixedListProperty: true
supportsLongProperty: true
supportsMapProperty: true
supportsStringProperty: true
ignoresSuppliedIds: true
isPersistent: true
isRDFModel: false
isWrapper: false
supportsIndices: false
supportsVertexIndex: false
supportsEdgeIndex: false
supportsKeyIndices: true
supportsVertexKeyIndex: true
supportsEdgeKeyIndex: true
supportsEdgeIteration: true
supportsVertexIteration: true
supportsEdgeRetrieval: true
supportsVertexProperties: true
supportsEdgeProperties: true
supportsTransactions: true
supportsThreadedTransactions: true
Testing testEmptyOnConstruction...
Testing testStringRepresentationOfVertexId...
Testing testSemanticallyCorrectIterables...
Testing testGettingVerticesAndEdgesWithKeyValue...
Testing testAddingVerticesAndEdges...
Testing testSettingProperties...
Testing testVertexEdgeLabels...
Testing testVertexEdgeLabels2...
Testing testTreeConnectivity...
	titangraph[embeddedcassandra:null]: 1464 vertices added in a tree structure in 1266.0678339998703ms
	titangraph[embeddedcassandra:null]: 1464 vertices iterated in 6.364582000067458ms
	titangraph[embeddedcassandra:null]: 1463 edges iterated in 43.23339599999599ms
Testing testConcurrentModification...
Testing testGraphDataPersists...
	titangraph[embeddedcassandra:null]: 1 graph loaded in 4.669012000085786ms
Testing testAutotypingOfProperties...
Testing testSimpleRemovingVerticesEdges...
Testing testRemovingEdges...
	titangraph[embeddedcassandra:null]: 100 vertices added in 611.8893589999061ms
	titangraph[embeddedcassandra:null]: 200 edges added in 5167.899673000211ms
	titangraph[embeddedcassandra:null]: 200 edges deleted (with size check on each delete) in 444.640030000126ms
Testing testRemovingVertices...
	titangraph[embeddedcassandra:null]: 500 vertices added in 624.6958790000062ms
	titangraph[embeddedcassandra:null]: 250 edges added in 6391.7747639999725ms
	titangraph[embeddedcassandra:null]: 500 vertices deleted (with size check on each delete) in 581.4935349998996ms
Testing testConnectivityPatterns...
*** TOTAL TIME [GraphTestSuite]: 35021.77296900004 ***
Testing testGraphQueryForVertices...
Testing testGraphQueryForEdges...
Testing testVertexQuery...
*** TOTAL TIME [QueryTestSuite]: 6054.595573999919 ***
Testing testNoConcurrentModificationException...
Testing testGettingVerticesAndEdgesWithKeyValue...
Testing testAutoIndexKeyManagementWithPersistence...
	titangraph[embeddedcassandra:null]: 2 automatic index keys added in 607.1718470000196ms
	titangraph[embeddedcassandra:null]: 2 automatic index keys added in 1.8194709999952465ms
Testing testKeyIndicesConsistentWithElementRemoval...
*** TOTAL TIME [KeyIndexableGraphTestSuite]: 4691.887874000007 ***
Testing testCompetingThreads...
Testing testRepeatedTransactionStopException...
Testing testTrue...
Testing testAutoStartTransaction...
Testing testTransactionsForVertices...
	titangraph[embeddedcassandra:null]: 1 vertex not added in failed transaction in 2.7448490001261234ms
	titangraph[embeddedcassandra:null]: 1 vertex added in successful transaction in 1.34410999994725ms
Testing testBasicVertexEdgeTransactions...
Testing testBruteVertexTransactions...
	titangraph[embeddedcassandra:null]: 100 vertices added in 100 successful transactions in 649.5368460000027ms
	titangraph[embeddedcassandra:null]: 100 vertices not added in 100 failed transactions in 25.257634000154212ms
	titangraph[embeddedcassandra:null]: 100 vertices added in 1 successful transactions in 23.7655130000785ms
	titangraph[embeddedcassandra:null]: 100 vertices not added in 1 failed transactions in 31.160652999999ms
Testing testTransactionsForEdges...
	titangraph[embeddedcassandra:null]: 1 edge not added in failed transaction (w/ iteration) in 307.89618199993856ms
	titangraph[embeddedcassandra:null]: 1 edge added in successful transaction (w/ iteration) in 106.72053800011054ms
Testing testBruteEdgeTransactions...
	titangraph[embeddedcassandra:null]: 100 edges added in 100 successful transactions (2 vertices added for each edge) in 1113.3824599999934ms
	titangraph[embeddedcassandra:null]: 100 edges not added in 100 failed transactions (2 vertices added for each edge) in 78.19160699984059ms
	titangraph[embeddedcassandra:null]: 100 edges added in 1 successful transactions (2 vertices added for each edge) in 75.38461400009692ms
	titangraph[embeddedcassandra:null]: 100 edges not added in 1 failed transactions (2 vertices added for each edge) in 110.42343800002709ms
Testing testPropertyTransactions...
	titangraph[embeddedcassandra:null]: 1 vertex added with string property in a successful transaction in 1015.1101190000772ms
	titangraph[embeddedcassandra:null]: 1 integer property not added in a failed transaction in 4.3267059999052435ms
	titangraph[embeddedcassandra:null]: 2 vertex properties checked in a successful transaction in 1.756186000071466ms
	titangraph[embeddedcassandra:null]: 1 edge property added and checked in a successful transaction in 104.96197800012305ms
	titangraph[embeddedcassandra:null]: 1 edge property added and checked in a failed transaction in 1.1225850000046194ms
Testing testIndexTransactions...
Testing testAutomaticSuccessfulTransactionOnShutdown...
Testing testVertexCountOnPreTransactionCommit...
Testing testBulkTransactionsOnEdges...
Testing testTransactionIsolationCommitCheck...
added vertex
reading vertex before tx
read vertex before tx
Testing testRemoveInTransaction...
*** TOTAL TIME [TransactionalTitanGraphTestSuite]: 18418.533467000118 ***
Testing testVertexReattachment...
*** TOTAL TIME [TitanSpecificBlueprintsTestSuite]: 1481.9220839999616 ***
Testing testReadingTinkerGraph...
Testing testTinkerGraphEdges...
	titangraph[embeddedcassandra:null]: graph-example-1 loaded in 1058.940249999985ms
Testing testTinkerGraphVertices...
	titangraph[embeddedcassandra:null]: graph-example-1 loaded in 1030.6616380000487ms
Testing testTinkerGraphSoftwareVertices...
	titangraph[embeddedcassandra:null]: graph-example-1 loaded in 1031.3432660000399ms
Testing testTinkerGraphVertexAndEdges...
	titangraph[embeddedcassandra:null]: graph-example-1 loaded in 1029.1731169999111ms
Testing testReadingTinkerGraphExample3...
Testing testReadingTinkerGraphExample3MappingLabels...
	titangraph[embeddedcassandra:null]: graph-example-3 loaded in 1035.126700000139ms
Testing testReadingTinkerGraphExample3MappingIDs...
	titangraph[embeddedcassandra:null]: graph-example-3 loaded in 1036.0053629998583ms
Testing testReadingTinkerGraphExample3MappingAll...
	titangraph[embeddedcassandra:null]: graph-example-3 loaded in 1032.4888520000968ms
Testing testMigratingTinkerGraphExample3...
Testing testAllGraphMLTypeCastsAndDataMappings...
*** TOTAL TIME [GraphMLReaderTestSuite]: 10082.561815999914 ***
Testing testReadingTinkerGraph...
Testing testTinkerGraphEdges...
	titangraph[embeddedcassandra:null]: graph-example-1 loaded in 1242.7399839998689ms
Testing testTinkerGraphVertices...
	titangraph[embeddedcassandra:null]: graph-example-1 loaded in 1028.6958019998856ms
Testing testTinkerGraphSoftwareVertices...
	titangraph[embeddedcassandra:null]: graph-example-1 loaded in 1028.1786489998922ms
Testing testTinkerGraphVertexAndEdges...
	titangraph[embeddedcassandra:null]: graph-example-1 loaded in 1027.8082670001313ms
*** TOTAL TIME [GraphSONReaderTestSuite]: 5865.430897000013 ***
Testing testReadingTinkerGraph...
Testing testTinkerGraphEdges...
	titangraph[embeddedcassandra:null]: graph-example-1 loaded in 1029.888566999929ms
Testing testTinkerGraphVertices...
	titangraph[embeddedcassandra:null]: graph-example-1 loaded in 1027.1278600001242ms
Testing testTinkerGraphSoftwareVertices...
	titangraph[embeddedcassandra:null]: graph-example-1 loaded in 1026.2656600000337ms
Testing testTinkerGraphVertexAndEdges...
	titangraph[embeddedcassandra:null]: graph-example-1 loaded in 1025.3469589999877ms
Testing testReadingTinkerGraphExample3...
Testing testReadingTinkerGraphExample3MappingLabels...
	titangraph[embeddedcassandra:null]: graph-example-3 loaded in 1029.208380999975ms
Testing testReadingTinkerGraphExample3MappingIDs...
	titangraph[embeddedcassandra:null]: graph-example-3 loaded in 1028.1523110000417ms
Testing testReadingTinkerGraphExample3MappingAll...
	titangraph[embeddedcassandra:null]: graph-example-3 loaded in 1027.4715670000296ms
Testing testMigratingTinkerGraphExample3...
*** TOTAL TIME [GMLReaderTestSuite]: 9903.570130000124 ***
Tests run: 10, Failures: 0, Errors: 0, Skipped: 0, Time elapsed: 174.511 sec
Running com.thinkaurelius.titan.diskstorage.cassandra.astyanax.InternalAstyanaxLockKeyColumnValueStoreTest
Tests run: 14, Failures: 0, Errors: 0, Skipped: 0, Time elapsed: 26.201 sec
Running com.thinkaurelius.titan.tinkerpop.rexster.RexsterServerClientCassandraEmbeddedTest
Mar 29, 2013 5:46:48 AM org.glassfish.grizzly.servlet.WebappContext deploy
INFO: Starting application [jersey] ...
Mar 29, 2013 5:46:48 AM com.sun.jersey.server.impl.application.WebApplicationImpl _initiate
INFO: Initiating Jersey application, version 'Jersey: 1.17 01/17/2013 03:31 PM'
Mar 29, 2013 5:46:50 AM org.glassfish.grizzly.servlet.WebappContext initServlets
INFO: [jersey] Servlet [com.sun.jersey.spi.container.servlet.ServletContainer] registered for url pattern(s) [[/*]].
Mar 29, 2013 5:46:50 AM org.glassfish.grizzly.servlet.WebappContext deploy
INFO: Application [jersey] is ready to service requests.  Root: [].
Mar 29, 2013 5:46:50 AM org.glassfish.grizzly.http.server.NetworkListener start
INFO: Started listener bound to [0.0.0.0:8182]
Mar 29, 2013 5:46:50 AM org.glassfish.grizzly.http.server.HttpServer start
INFO: [HttpServer] Started.
Mar 29, 2013 5:46:51 AM org.glassfish.grizzly.http.server.NetworkListener stop
INFO: Stopped listener bound to [0.0.0.0:8182]
Tests run: 1, Failures: 0, Errors: 0, Skipped: 0, Time elapsed: 13.286 sec
Running com.thinkaurelius.titan.diskstorage.cassandra.embedded.InternalCassandraEmbeddedMultiWriteKeyColumnValueStoreTest
Tests run: 2, Failures: 0, Errors: 0, Skipped: 0, Time elapsed: 17.658 sec
Running com.thinkaurelius.titan.graphdb.thrift.InternalCassandraGraphTest
Tests run: 19, Failures: 0, Errors: 0, Skipped: 0, Time elapsed: 47.591 sec
Running com.thinkaurelius.titan.diskstorage.cassandra.thrift.InternalCassandraThriftMultiWriteKeyColumnValueStoreTest
Tests run: 2, Failures: 0, Errors: 0, Skipped: 0, Time elapsed: 32.922 sec
Running com.thinkaurelius.titan.graphdb.astyanax.InternalAstyanaxGraphTest
Tests run: 19, Failures: 0, Errors: 0, Skipped: 0, Time elapsed: 48.067 sec

Results :

Tests run: 181, Failures: 0, Errors: 0, Skipped: 0

[INFO]                                                                         
[INFO] ------------------------------------------------------------------------
[INFO] Building Titan-HBase: Distributed Graph Database 0.3.0-SNAPSHOT
[INFO] ------------------------------------------------------------------------
[INFO] 
[INFO] --- maven-enforcer-plugin:1.0:enforce (enforce-maven) @ titan-hbase ---
[INFO] 
[INFO] --- maven-resources-plugin:2.3:resources (default-resources) @ titan-hbase ---
[INFO] Using 'UTF-8' encoding to copy filtered resources.
[INFO] Copying 2 resources
[INFO] 
[INFO] --- maven-compiler-plugin:2.5.1:compile (default-compile) @ titan-hbase ---
[INFO] Nothing to compile - all classes are up to date
[INFO] 
[INFO] --- maven-resources-plugin:2.3:testResources (default-testResources) @ titan-hbase ---
[INFO] Using 'UTF-8' encoding to copy filtered resources.
[INFO] Copying 2 resources
[INFO] 
[INFO] --- maven-compiler-plugin:2.5.1:testCompile (default-testCompile) @ titan-hbase ---
[INFO] Nothing to compile - all classes are up to date
[INFO] 
[INFO] --- maven-dependency-plugin:2.7:copy-dependencies (default) @ titan-hbase ---
[INFO] grizzly-http-2.2.16.jar already exists in destination.
[INFO] oro-2.0.8.jar already exists in destination.
[INFO] pfl-tf-1.0.0-b001.jar already exists in destination.
[INFO] stax-api-1.0.1.jar already exists in destination.
[INFO] commons-net-1.4.1.jar already exists in destination.
[INFO] json-simple-1.1.jar already exists in destination.
[INFO] metrics-core-2.1.2.jar already exists in destination.
[INFO] pfl-basic-tools-1.0.0-b001.jar already exists in destination.
[INFO] concurrent-1.3.4.jar already exists in destination.
[INFO] pipes-2.3.0.jar already exists in destination.
[INFO] httpcore-4.1.3.jar already exists in destination.
[INFO] hadoop-core-1.0.3.jar already exists in destination.
[INFO] gremlin-groovy-2.3.0.jar already exists in destination.
[INFO] groovy-1.8.9.jar already exists in destination.
[INFO] jline-0.9.94.jar already exists in destination.
[INFO] commons-beanutils-1.7.0.jar already exists in destination.
[INFO] jackson-datatype-json-org-2.1.2.jar already exists in destination.
[INFO] commons-httpclient-3.1.jar already exists in destination.
[INFO] javax.servlet-api-3.0.1.jar already exists in destination.
[INFO] asm-commons-3.2.jar already exists in destination.
[INFO] colt-1.2.0.jar already exists in destination.
[INFO] commons-cli-1.2.jar already exists in destination.
[INFO] jersey-client-1.17.jar already exists in destination.
[INFO] jersey-servlet-1.17.jar already exists in destination.
[INFO] jasper-compiler-5.5.23.jar already exists in destination.
[INFO] jackson-annotations-2.1.1.jar already exists in destination.
[INFO] log4j-1.2.16.jar already exists in destination.
[INFO] jamon-runtime-2.3.1.jar already exists in destination.
[INFO] rexster-protocol-2.3.0.jar already exists in destination.
[INFO] minlog-1.2.jar already exists in destination.
[INFO] jackson-xc-1.8.8.jar already exists in destination.
[INFO] kfs-0.3.jar already exists in destination.
[INFO] jackson-core-asl-1.8.8.jar already exists in destination.
[INFO] libthrift-0.8.0.jar already exists in destination.
[INFO] grizzly-http-servlet-2.2.16.jar already exists in destination.
[INFO] hppc-0.4.2.jar already exists in destination.
[INFO] commons-math-2.2.jar already exists in destination.
[INFO] jaxb-api-2.1.jar already exists in destination.
[INFO] jettison-1.3.3.jar already exists in destination.
[INFO] slf4j-api-1.6.1.jar already exists in destination.
[INFO] guava-13.0.1.jar already exists in destination.
[INFO] grizzly-framework-2.2.16.jar already exists in destination.
[INFO] jaxb-impl-2.2.3-1.jar already exists in destination.
[INFO] jersey-core-1.8.jar already exists in destination.
[INFO] commons-el-1.0.jar already exists in destination.
[INFO] asm-3.1.jar already exists in destination.
[INFO] asm-analysis-3.2.jar already exists in destination.
[INFO] gremlin-java-2.3.0.jar already exists in destination.
[INFO] mockito-all-1.8.1.jar already exists in destination.
[INFO] core-3.1.1.jar already exists in destination.
[INFO] jackson-databind-2.1.2.jar already exists in destination.
[INFO] asm-tree-3.2.jar already exists in destination.
[INFO] hbase-0.94.1.jar already exists in destination.
[INFO] commons-logging-1.1.1.jar already exists in destination.
[INFO] kryo-2.21.jar already exists in destination.
[INFO] httpclient-4.1.2.jar already exists in destination.
[INFO] commons-codec-1.7.jar already exists in destination.
[INFO] spatial4j-0.3.jar already exists in destination.
[INFO] protobuf-java-2.4.0a.jar already exists in destination.
[INFO] jersey-grizzly2-1.17.jar already exists in destination.
[INFO] reflectasm-1.07-shaded.jar already exists in destination.
[INFO] jsp-2.1-6.1.14.jar already exists in destination.
[INFO] grizzly-portunif-2.2.16.jar already exists in destination.
[INFO] gmbal-3.2.0-b003.jar already exists in destination.
[INFO] jackson-mapper-asl-1.8.8.jar already exists in destination.
[INFO] jetty-util-6.1.26.jar already exists in destination.
[INFO] objenesis-1.2.jar already exists in destination.
[INFO] jersey-server-1.8.jar already exists in destination.
[INFO] commons-digester-1.8.jar already exists in destination.
[INFO] activation-1.1.jar already exists in destination.
[INFO] commons-lang-2.5.jar already exists in destination.
[INFO] xmlenc-0.52.jar already exists in destination.
[INFO] jets3t-0.7.1.jar already exists in destination.
[INFO] antlr-2.7.7.jar already exists in destination.
[INFO] commons-beanutils-core-1.8.0.jar already exists in destination.
[INFO] grizzly-rcm-2.2.16.jar already exists in destination.
[INFO] asm-util-3.2.jar already exists in destination.
[INFO] pfl-tf-tools-1.0.0-b001.jar already exists in destination.
[INFO] rexster-server-2.3.0.jar already exists in destination.
[INFO] blueprints-test-2.3.0.jar already exists in destination.
[INFO] hsqldb-1.8.0.10.jar already exists in destination.
[INFO] grizzly-core-2.2.16.jar already exists in destination.
[INFO] grizzly-http-server-2.2.16.jar already exists in destination.
[INFO] jsr305-1.3.9.jar already exists in destination.
[INFO] junit-4.8.1.jar already exists in destination.
[INFO] jackson-core-2.1.2.jar already exists in destination.
[INFO] servlet-api-2.5-6.1.14.jar already exists in destination.
[INFO] rexster-core-2.3.0.jar already exists in destination.
[INFO] blueprints-core-2.3.0.jar already exists in destination.
[INFO] classes already exists in destination.
[INFO] jsp-api-2.1-6.1.14.jar already exists in destination.
[INFO] netty-3.2.4.Final.jar already exists in destination.
[INFO] jansi-1.5.jar already exists in destination.
[INFO] zookeeper-3.4.3.jar already exists in destination.
[INFO] commons-collections-3.2.1.jar already exists in destination.
[INFO] json-20090211.jar already exists in destination.
[INFO] commons-io-2.0.1.jar already exists in destination.
[INFO] commons-configuration-1.6.jar already exists in destination.
[INFO] management-api-3.0.0-b012.jar already exists in destination.
[INFO] slf4j-log4j12-1.6.1.jar already exists in destination.
[INFO] jersey-json-1.8.jar already exists in destination.
[INFO] msgpack-0.6.5.jar already exists in destination.
[INFO] jasper-runtime-5.5.23.jar already exists in destination.
[INFO] jackson-jaxrs-1.8.8.jar already exists in destination.
[INFO] avro-ipc-1.5.3.jar already exists in destination.
[INFO] javassist-3.15.0-GA.jar already exists in destination.
[INFO] pfl-basic-1.0.0-b001.jar already exists in destination.
[INFO] jetty-6.1.26.jar already exists in destination.
[INFO] pfl-asm-1.0.0-b001.jar already exists in destination.
[INFO] classes already exists in destination.
[INFO] asm-4.0.jar already exists in destination.
[INFO] high-scale-lib-1.1.1.jar already exists in destination.
[INFO] velocity-1.7.jar already exists in destination.
[INFO] 
[INFO] --- maven-surefire-plugin:2.12.1:test (default-test) @ titan-hbase ---
[INFO] Surefire report directory: /home/travis/build/thinkaurelius/titan/titan-hbase/target/surefire-reports

-------------------------------------------------------
 T E S T S
-------------------------------------------------------
Running com.thinkaurelius.titan.diskstorage.hbase.HBaseKeyColumnValueTest
Deleteing old test directories (if any).
Loading time (ms): 1208
Reading time (ms): 3859
Tests run: 17, Failures: 0, Errors: 0, Skipped: 0, Time elapsed: 116.499 sec
Running com.thinkaurelius.titan.diskstorage.hbase.HBaseMultiWriteKeyColumnValueStoreTest
Tests run: 2, Failures: 0, Errors: 0, Skipped: 0, Time elapsed: 37.762 sec
Running com.thinkaurelius.titan.blueprints.HBaseBlueprintsTest
Testing testBasicAddVertex...
Testing testVertexEquality...
	titangraph[hbase:null]: 1 vertex added and retrieved in 607.7922300000209ms
Testing testVertexEqualityForSuppliedIdsAndHashCode...
Testing testSettingBadVertexProperties...
Testing testLegalVertexEdgeIterables...
Testing testAddVertexProperties...
Testing testAddManyVertexProperties...
	titangraph[hbase:null]: 750 vertex properties added (with vertices being added too) in 19809.030215000035ms
Testing testRemoveVertexProperties...
Testing testGetVertexWithNull...
Testing testRemoveVertex...
Testing testRemoveVertexWithEdges...
Testing testAddingIdProperty...
Testing testNoConcurrentModificationException...
Testing testGettingEdgesAndVertices...
Testing testEmptyKeyProperty...
Testing testVertexCentricLinking...
Testing testVertexCentricRemoving...
Testing testConcurrentModificationOnProperties...
Testing testGetNonExistantVertices...
Testing testRemoveVertexNullId...
	titangraph[hbase:null]: 100 vertices added in 11.823343999916688ms
	titangraph[hbase:null]: 100 vertices removed in 9.039717999985442ms
Testing testVertexIterator...
	titangraph[hbase:null]: 1000 vertices added in 715.9309159999248ms
	titangraph[hbase:null]: 1000 vertices counted in 15.544914999976754ms
*** TOTAL TIME [VertexTestSuite]: 83154.67749299994 ***
Testing testAddManyEdges...
	titangraph[hbase:null]: 300 elements added in 3359.476364000002ms
	titangraph[hbase:null]: 100 edges counted in 20.9556740000844ms
	titangraph[hbase:null]: 200 vertices counted in 17.005074999993667ms
	titangraph[hbase:null]: 200 vertices checked in 30.625023999949917ms
Testing testGetEdges...
	titangraph[hbase:null]: 3 edges retrieved in 2.6877409999724478ms
Testing testGetNonExistantEdges...
Testing testRemoveManyEdges...
	titangraph[hbase:null]: 20 vertices counted in 17.16681499988772ms
	titangraph[hbase:null]: 10 edges counted in 22.349103999789804ms
	titangraph[hbase:null]: 10 edges removed and graph checked in 396.9456539999228ms
Testing testAddingDuplicateEdges...
Testing testRemoveEdgesByRemovingVertex...
Testing testRemoveEdges...
Testing testAddingSelfLoops...
Testing testRemoveSelfLoops...
Testing testEdgeIterator...
Testing testEdgeEquality...
Testing testSettingBadVertexProperties...
Testing testAddingRemovingEdgeProperties...
Testing testAddingLabelAndIdProperty...
Testing testEdgeCentricRemoving...
Testing testAddEdges...
	titangraph[hbase:null]: 6 elements added and checked in 922.2942649999168ms
Testing testNoConcurrentModificationException...
Testing testEmptyKeyProperty...
*** TOTAL TIME [EdgeTestSuite]: 29678.062902000034 ***
Testing testEmptyOnConstruction...
Testing testAddingVerticesAndEdges...
Testing testStringRepresentationOfVertexId...
Testing testSemanticallyCorrectIterables...
Testing testSimpleRemovingVerticesEdges...
Testing testRemovingEdges...
	titangraph[hbase:null]: 100 vertices added in 615.2549629998393ms
	titangraph[hbase:null]: 200 edges added in 5190.625466000056ms
	titangraph[hbase:null]: 200 edges deleted (with size check on each delete) in 7028.594516000012ms
Testing testRemovingVertices...
	titangraph[hbase:null]: 500 vertices added in 644.0631660001818ms
	titangraph[hbase:null]: 250 edges added in 6438.256529000122ms
	titangraph[hbase:null]: 500 vertices deleted (with size check on each delete) in 14754.581065000035ms
Testing testFeatureCompliance...
supportsDuplicateEdges: true
supportsSelfLoops: true
supportsSerializableObjectProperty: true
supportsBooleanProperty: true
supportsDoubleProperty: true
supportsFloatProperty: true
supportsIntegerProperty: true
supportsPrimitiveArrayProperty: true
supportsUniformListProperty: true
supportsMixedListProperty: true
supportsLongProperty: true
supportsMapProperty: true
supportsStringProperty: true
ignoresSuppliedIds: true
isPersistent: true
isRDFModel: false
isWrapper: false
supportsIndices: false
supportsVertexIndex: false
supportsEdgeIndex: false
supportsKeyIndices: true
supportsVertexKeyIndex: true
supportsEdgeKeyIndex: true
supportsEdgeIteration: true
supportsVertexIteration: true
supportsEdgeRetrieval: true
supportsVertexProperties: true
supportsEdgeProperties: true
supportsTransactions: true
supportsThreadedTransactions: true
Testing testGettingVerticesAndEdgesWithKeyValue...
Testing testSettingProperties...
Testing testConnectivityPatterns...
Testing testVertexEdgeLabels...
Testing testVertexEdgeLabels2...
Testing testTreeConnectivity...
	titangraph[hbase:null]: 1464 vertices added in a tree structure in 1249.386314000003ms
	titangraph[hbase:null]: 1464 vertices iterated in 23.438772999914363ms
	titangraph[hbase:null]: 1463 edges iterated in 33.710384000092745ms
Testing testConcurrentModification...
Testing testGraphDataPersists...
	titangraph[hbase:null]: 1 graph loaded in 71.00197799992748ms
Testing testAutotypingOfProperties...
*** TOTAL TIME [GraphTestSuite]: 57832.175875999965 ***
Testing testGraphQueryForVertices...
Testing testGraphQueryForEdges...
Testing testVertexQuery...
*** TOTAL TIME [QueryTestSuite]: 7566.700435000006 ***
Testing testGettingVerticesAndEdgesWithKeyValue...
Testing testAutoIndexKeyManagementWithPersistence...
	titangraph[hbase:null]: 2 automatic index keys added in 614.1034969999455ms
	titangraph[hbase:null]: 2 automatic index keys added in 2.878980999812484ms
Testing testKeyIndicesConsistentWithElementRemoval...
Testing testNoConcurrentModificationException...
*** TOTAL TIME [KeyIndexableGraphTestSuite]: 6177.675089999801 ***
Testing testCompetingThreads...
Testing testRemoveInTransaction...
Testing testTrue...
Testing testAutoStartTransaction...
Testing testTransactionsForVertices...
	titangraph[hbase:null]: 1 vertex not added in failed transaction in 74.85721799987368ms
	titangraph[hbase:null]: 1 vertex added in successful transaction in 41.17730999994092ms
Testing testBasicVertexEdgeTransactions...
Testing testBruteVertexTransactions...
	titangraph[hbase:null]: 100 vertices added in 100 successful transactions in 853.0162919999566ms
	titangraph[hbase:null]: 100 vertices not added in 100 failed transactions in 21.988881000084803ms
	titangraph[hbase:null]: 100 vertices added in 1 successful transactions in 70.60752500011586ms
	titangraph[hbase:null]: 100 vertices not added in 1 failed transactions in 91.05289599997923ms
Testing testTransactionsForEdges...
	titangraph[hbase:null]: 1 edge not added in failed transaction (w/ iteration) in 386.2934419999365ms
	titangraph[hbase:null]: 1 edge added in successful transaction (w/ iteration) in 179.93877099989913ms
Testing testRepeatedTransactionStopException...
Testing testBruteEdgeTransactions...
	titangraph[hbase:null]: 100 edges added in 100 successful transactions (2 vertices added for each edge) in 1336.7760050001089ms
	titangraph[hbase:null]: 100 edges not added in 100 failed transactions (2 vertices added for each edge) in 104.8498350000009ms
	titangraph[hbase:null]: 100 edges added in 1 successful transactions (2 vertices added for each edge) in 203.87104099988937ms
	titangraph[hbase:null]: 100 edges not added in 1 failed transactions (2 vertices added for each edge) in 295.4256470000837ms
Testing testPropertyTransactions...
	titangraph[hbase:null]: 1 vertex added with string property in a successful transaction in 1025.296459000092ms
	titangraph[hbase:null]: 1 integer property not added in a failed transaction in 5.520656999899074ms
	titangraph[hbase:null]: 2 vertex properties checked in a successful transaction in 2.582226000027731ms
	titangraph[hbase:null]: 1 edge property added and checked in a successful transaction in 109.66713700001128ms
	titangraph[hbase:null]: 1 edge property added and checked in a failed transaction in 0.9430009999778122ms
Testing testIndexTransactions...
Testing testAutomaticSuccessfulTransactionOnShutdown...
Testing testVertexCountOnPreTransactionCommit...
Testing testBulkTransactionsOnEdges...
Testing testTransactionIsolationCommitCheck...
added vertex
reading vertex before tx
read vertex before tx
*** TOTAL TIME [TransactionalTitanGraphTestSuite]: 24919.50459599984 ***
Testing testVertexReattachment...
*** TOTAL TIME [TitanSpecificBlueprintsTestSuite]: 1847.5975669999607 ***
Testing testReadingTinkerGraph...
Testing testTinkerGraphEdges...
	titangraph[hbase:null]: graph-example-1 loaded in 1058.3495419998653ms
Testing testTinkerGraphVertices...
	titangraph[hbase:null]: graph-example-1 loaded in 1047.9778160001151ms
Testing testTinkerGraphSoftwareVertices...
	titangraph[hbase:null]: graph-example-1 loaded in 1050.1077289998066ms
Testing testTinkerGraphVertexAndEdges...
	titangraph[hbase:null]: graph-example-1 loaded in 1047.1370319998823ms
Testing testReadingTinkerGraphExample3...
Testing testReadingTinkerGraphExample3MappingLabels...
	titangraph[hbase:null]: graph-example-3 loaded in 1049.3855150002055ms
Testing testReadingTinkerGraphExample3MappingIDs...
	titangraph[hbase:null]: graph-example-3 loaded in 1049.7942210000474ms
Testing testReadingTinkerGraphExample3MappingAll...
	titangraph[hbase:null]: graph-example-3 loaded in 1047.8152489999775ms
Testing testMigratingTinkerGraphExample3...
Testing testAllGraphMLTypeCastsAndDataMappings...
*** TOTAL TIME [GraphMLReaderTestSuite]: 12958.281084999908 ***
Testing testReadingTinkerGraph...
Testing testTinkerGraphEdges...
	titangraph[hbase:null]: graph-example-1 loaded in 1278.1706470001955ms
Testing testTinkerGraphVertices...
	titangraph[hbase:null]: graph-example-1 loaded in 1080.8500140001997ms
Testing testTinkerGraphSoftwareVertices...
	titangraph[hbase:null]: graph-example-1 loaded in 1042.721036999952ms
Testing testTinkerGraphVertexAndEdges...
	titangraph[hbase:null]: graph-example-1 loaded in 1047.309568000026ms
*** TOTAL TIME [GraphSONReaderTestSuite]: 7690.717500000028 ***
Testing testReadingTinkerGraph...
Testing testTinkerGraphEdges...
	titangraph[hbase:null]: graph-example-1 loaded in 1046.9607029999606ms
Testing testTinkerGraphVertices...
	titangraph[hbase:null]: graph-example-1 loaded in 1045.2156529999338ms
Testing testTinkerGraphSoftwareVertices...
	titangraph[hbase:null]: graph-example-1 loaded in 1042.2421899999026ms
Testing testTinkerGraphVertexAndEdges...
	titangraph[hbase:null]: graph-example-1 loaded in 1047.4963279999793ms
Testing testReadingTinkerGraphExample3...
Testing testReadingTinkerGraphExample3MappingLabels...
	titangraph[hbase:null]: graph-example-3 loaded in 1131.798254000023ms
Testing testReadingTinkerGraphExample3MappingIDs...
	titangraph[hbase:null]: graph-example-3 loaded in 1044.330733000068ms
Testing testReadingTinkerGraphExample3MappingAll...
	titangraph[hbase:null]: graph-example-3 loaded in 1046.2896689998452ms
Testing testMigratingTinkerGraphExample3...
*** TOTAL TIME [GMLReaderTestSuite]: 14680.951510000043 ***
Tests run: 10, Failures: 0, Errors: 0, Skipped: 0, Time elapsed: 246.534 sec
Running com.thinkaurelius.titan.diskstorage.hbase.HBaseLockKeyColumnValueStoreTest
Tests run: 14, Failures: 0, Errors: 0, Skipped: 0, Time elapsed: 37.432 sec
Running com.thinkaurelius.titan.graphdb.hbase.HBaseGraphTest
Tests run: 19, Failures: 0, Errors: 0, Skipped: 0, Time elapsed: 43.516 sec
All done. Shutting done HBase.

Results :

Tests run: 62, Failures: 0, Errors: 0, Skipped: 0

[INFO]                                                                         
[INFO] ------------------------------------------------------------------------
[INFO] Building Titan-ElasticSearch: Distributed Indexing Support 0.3.0-SNAPSHOT
[INFO] ------------------------------------------------------------------------
[INFO] 
[INFO] --- maven-enforcer-plugin:1.0:enforce (enforce-maven) @ titan-es ---
[INFO] 
[INFO] --- maven-resources-plugin:2.3:resources (default-resources) @ titan-es ---
[INFO] Using 'UTF-8' encoding to copy filtered resources.
[INFO] skip non existing resourceDirectory /home/travis/build/thinkaurelius/titan/titan-es/src/main/resources
[INFO] 
[INFO] --- maven-compiler-plugin:2.5.1:compile (default-compile) @ titan-es ---
[INFO] Nothing to compile - all classes are up to date
[INFO] 
[INFO] --- maven-resources-plugin:2.3:testResources (default-testResources) @ titan-es ---
[INFO] Using 'UTF-8' encoding to copy filtered resources.
[INFO] Copying 1 resource
[INFO] 
[INFO] --- maven-compiler-plugin:2.5.1:testCompile (default-testCompile) @ titan-es ---
[INFO] Nothing to compile - all classes are up to date
[INFO] 
[INFO] --- maven-surefire-plugin:2.12.1:test (default-test) @ titan-es ---
[INFO] Surefire report directory: /home/travis/build/thinkaurelius/titan/titan-es/target/surefire-reports

-------------------------------------------------------
 T E S T S
-------------------------------------------------------
Running com.thinkaurelius.titan.diskstorage.es.ElasticSearchBerkeleyDBTest
Tests run: 2, Failures: 0, Errors: 0, Skipped: 0, Time elapsed: 16.372 sec
Running com.thinkaurelius.titan.diskstorage.es.ElasticSearchIndexTest
69 vs 73.867869045
Query time on 30000 docs (ms): 179
Tests run: 5, Failures: 0, Errors: 0, Skipped: 0, Time elapsed: 17.54 sec

Results :

Tests run: 7, Failures: 0, Errors: 0, Skipped: 0

[INFO]                                                                         
[INFO] ------------------------------------------------------------------------
[INFO] Building Titan-Lucene: Indexing Support 0.3.0-SNAPSHOT
[INFO] ------------------------------------------------------------------------
[INFO] 
[INFO] --- maven-enforcer-plugin:1.0:enforce (enforce-maven) @ titan-lucene ---
[INFO] 
[INFO] --- maven-resources-plugin:2.3:resources (default-resources) @ titan-lucene ---
[INFO] Using 'UTF-8' encoding to copy filtered resources.
[INFO] skip non existing resourceDirectory /home/travis/build/thinkaurelius/titan/titan-lucene/src/main/resources
[INFO] 
[INFO] --- maven-compiler-plugin:2.5.1:compile (default-compile) @ titan-lucene ---
[INFO] Nothing to compile - all classes are up to date
[INFO] 
[INFO] --- maven-resources-plugin:2.3:testResources (default-testResources) @ titan-lucene ---
[INFO] Using 'UTF-8' encoding to copy filtered resources.
[INFO] Copying 1 resource
[INFO] 
[INFO] --- maven-compiler-plugin:2.5.1:testCompile (default-testCompile) @ titan-lucene ---
[INFO] Nothing to compile - all classes are up to date
[INFO] 
[INFO] --- maven-surefire-plugin:2.12.1:test (default-test) @ titan-lucene ---
[INFO] Surefire report directory: /home/travis/build/thinkaurelius/titan/titan-lucene/target/surefire-reports

-------------------------------------------------------
 T E S T S
-------------------------------------------------------
Running com.thinkaurelius.titan.diskstorage.lucene.LuceneIndexTest
77 vs 73.867869045
Query time on 30000 docs (ms): 289
Tests run: 5, Failures: 0, Errors: 0, Skipped: 0, Time elapsed: 12.295 sec
Running com.thinkaurelius.titan.diskstorage.lucene.LuceneBerkeleyDBTest
Tests run: 2, Failures: 0, Errors: 0, Skipped: 0, Time elapsed: 4.973 sec

Results :

Tests run: 7, Failures: 0, Errors: 0, Skipped: 0

[INFO]                                                                         
[INFO] ------------------------------------------------------------------------
[INFO] Building Titan-All: Complete Titan Distribution 0.3.0-SNAPSHOT
[INFO] ------------------------------------------------------------------------
[INFO] 
[INFO] --- maven-enforcer-plugin:1.0:enforce (enforce-maven) @ titan-all ---
[INFO] 
[INFO] --- maven-resources-plugin:2.3:resources (default-resources) @ titan-all ---
[INFO] Using 'UTF-8' encoding to copy filtered resources.
[INFO] Copying 1 resource
[INFO] 
[INFO] --- maven-compiler-plugin:2.5.1:compile (default-compile) @ titan-all ---
[INFO] No sources to compile
[INFO] 
[INFO] --- maven-resources-plugin:2.3:testResources (default-testResources) @ titan-all ---
[INFO] Using 'UTF-8' encoding to copy filtered resources.
[INFO] skip non existing resourceDirectory /home/travis/build/thinkaurelius/titan/titan-all/src/test/resources
[INFO] 
[INFO] --- maven-compiler-plugin:2.5.1:testCompile (default-testCompile) @ titan-all ---
[INFO] No sources to compile
[INFO] 
[INFO] --- maven-surefire-plugin:2.11:test (default-test) @ titan-all ---
[INFO] No tests to run.
[INFO] Surefire report directory: /home/travis/build/thinkaurelius/titan/titan-all/target/surefire-reports

-------------------------------------------------------
 T E S T S
-------------------------------------------------------

Results :

Tests run: 0, Failures: 0, Errors: 0, Skipped: 0

[INFO] ------------------------------------------------------------------------
[INFO] Reactor Summary:
[INFO] 
[INFO] Titan: Distributed Graph Database ................. SUCCESS [1.242s]
[INFO] Titan-Core: Core Library for Titan ................ SUCCESS [3.554s]
[INFO] Titan-Test: Test Suite for Titan .................. SUCCESS [1:03.274s]
[INFO] Titan-BerkeleyJE: Distributed Graph Database ...... SUCCESS [1:05.249s]
[INFO] Titan-Cassandra: Distributed Graph Database ....... SUCCESS [14:02.529s]
[INFO] Titan-HBase: Distributed Graph Database ........... SUCCESS [8:03.734s]
[INFO] Titan-ElasticSearch: Distributed Indexing Support . SUCCESS [34.640s]
[INFO] Titan-Lucene: Indexing Support .................... SUCCESS [17.885s]
[INFO] Titan-All: Complete Titan Distribution ............ SUCCESS [0.603s]
[INFO] ------------------------------------------------------------------------
[INFO] BUILD SUCCESS
[INFO] ------------------------------------------------------------------------
[INFO] Total time: 25:13.331s
[INFO] Finished at: Fri Mar 29 05:58:23 UTC 2013
[INFO] Final Memory: 16M/112M
[INFO] ------------------------------------------------------------------------

The command "mvn test" exited with 0.

Done. Your build exited with 0.
