Using worker: bluebox-linux-8.worker.travis-ci.org:travis-linux-18

travis_fold:start:git.1$ git clone --depth=50 --branch=master git://github.com/thinkaurelius/titan.git thinkaurelius/titan
Cloning into 'thinkaurelius/titan'...
remote: Counting objects: 3681, done.[K
remote: Compressing objects:   0% (1/1598)   [Kremote: Compressing objects:   1% (16/1598)   [Kremote: Compressing objects:   2% (32/1598)   [Kremote: Compressing objects:   3% (48/1598)   [Kremote: Compressing objects:   4% (64/1598)   [Kremote: Compressing objects:   5% (80/1598)   [Kremote: Compressing objects:   6% (96/1598)   [Kremote: Compressing objects:   7% (112/1598)   [Kremote: Compressing objects:   8% (128/1598)   [Kremote: Compressing objects:   9% (144/1598)   [Kremote: Compressing objects:  10% (160/1598)   [Kremote: Compressing objects:  11% (176/1598)   [Kremote: Compressing objects:  12% (192/1598)   [Kremote: Compressing objects:  13% (208/1598)   [Kremote: Compressing objects:  14% (224/1598)   [Kremote: Compressing objects:  15% (240/1598)   [Kremote: Compressing objects:  16% (256/1598)   [Kremote: Compressing objects:  17% (272/1598)   [Kremote: Compressing objects:  18% (288/1598)   [Kremote: Compressing objects:  19% (304/1598)   [Kremote: Compressing objects:  20% (320/1598)   [Kremote: Compressing objects:  21% (336/1598)   [Kremote: Compressing objects:  22% (352/1598)   [Kremote: Compressing objects:  23% (368/1598)   [Kremote: Compressing objects:  24% (384/1598)   [Kremote: Compressing objects:  25% (400/1598)   [Kremote: Compressing objects:  26% (416/1598)   [Kremote: Compressing objects:  27% (432/1598)   [Kremote: Compressing objects:  28% (448/1598)   [Kremote: Compressing objects:  29% (464/1598)   [Kremote: Compressing objects:  30% (480/1598)   [Kremote: Compressing objects:  31% (496/1598)   [Kremote: Compressing objects:  32% (512/1598)   [Kremote: Compressing objects:  33% (528/1598)   [Kremote: Compressing objects:  34% (544/1598)   [Kremote: Compressing objects:  35% (560/1598)   [Kremote: Compressing objects:  36% (576/1598)   [Kremote: Compressing objects:  37% (592/1598)   [Kremote: Compressing objects:  38% (608/1598)   [Kremote: Compressing objects:  39% (624/1598)   [Kremote: Compressing objects:  40% (640/1598)   [Kremote: Compressing objects:  41% (656/1598)   [Kremote: Compressing objects:  42% (672/1598)   [Kremote: Compressing objects:  43% (688/1598)   [Kremote: Compressing objects:  44% (704/1598)   [Kremote: Compressing objects:  45% (720/1598)   [Kremote: Compressing objects:  46% (736/1598)   [Kremote: Compressing objects:  47% (752/1598)   [Kremote: Compressing objects:  48% (768/1598)   [Kremote: Compressing objects:  49% (784/1598)   [Kremote: Compressing objects:  50% (799/1598)   [Kremote: Compressing objects:  51% (815/1598)   [Kremote: Compressing objects:  52% (831/1598)   [Kremote: Compressing objects:  53% (847/1598)   [Kremote: Compressing objects:  54% (863/1598)   [Kremote: Compressing objects:  55% (879/1598)   [Kremote: Compressing objects:  56% (895/1598)   [Kremote: Compressing objects:  57% (911/1598)   [Kremote: Compressing objects:  58% (927/1598)   [Kremote: Compressing objects:  59% (943/1598)   [Kremote: Compressing objects:  60% (959/1598)   [Kremote: Compressing objects:  61% (975/1598)   [Kremote: Compressing objects:  62% (991/1598)   [Kremote: Compressing objects:  63% (1007/1598)   [Kremote: Compressing objects:  64% (1023/1598)   [Kremote: Compressing objects:  65% (1039/1598)   [Kremote: Compressing objects:  66% (1055/1598)   [Kremote: Compressing objects:  67% (1071/1598)   [Kremote: Compressing objects:  68% (1087/1598)   [Kremote: Compressing objects:  69% (1103/1598)   [Kremote: Compressing objects:  70% (1119/1598)   [Kremote: Compressing objects:  71% (1135/1598)   [Kremote: Compressing objects:  72% (1151/1598)   [Kremote: Compressing objects:  73% (1167/1598)   [Kremote: Compressing objects:  74% (1183/1598)   [Kremote: Compressing objects:  75% (1199/1598)   [Kremote: Compressing objects:  76% (1215/1598)   [Kremote: Compressing objects:  77% (1231/1598)   [Kremote: Compressing objects:  78% (1247/1598)   [Kremote: Compressing objects:  79% (1263/1598)   [Kremote: Compressing objects:  80% (1279/1598)   [Kremote: Compressing objects:  81% (1295/1598)   [Kremote: Compressing objects:  82% (1311/1598)   [Kremote: Compressing objects:  83% (1327/1598)   [Kremote: Compressing objects:  84% (1343/1598)   [Kremote: Compressing objects:  85% (1359/1598)   [Kremote: Compressing objects:  86% (1375/1598)   [Kremote: Compressing objects:  87% (1391/1598)   [Kremote: Compressing objects:  88% (1407/1598)   [Kremote: Compressing objects:  89% (1423/1598)   [Kremote: Compressing objects:  90% (1439/1598)   [Kremote: Compressing objects:  91% (1455/1598)   [Kremote: Compressing objects:  92% (1471/1598)   [Kremote: Compressing objects:  93% (1487/1598)   [Kremote: Compressing objects:  94% (1503/1598)   [Kremote: Compressing objects:  95% (1519/1598)   [Kremote: Compressing objects:  96% (1535/1598)   [Kremote: Compressing objects:  97% (1551/1598)   [Kremote: Compressing objects:  98% (1567/1598)   [Kremote: Compressing objects:  99% (1583/1598)   [Kremote: Compressing objects: 100% (1598/1598)   [Kremote: Compressing objects: 100% (1598/1598), done.[K
Receiving objects:   0% (1/3681)   Receiving objects:   1% (37/3681)   Receiving objects:   2% (74/3681)   Receiving objects:   3% (111/3681)   Receiving objects:   4% (148/3681)   Receiving objects:   5% (185/3681)   Receiving objects:   6% (221/3681)   Receiving objects:   7% (258/3681)   Receiving objects:   8% (295/3681)   Receiving objects:   9% (332/3681)   Receiving objects:  10% (369/3681)   Receiving objects:  11% (405/3681)   Receiving objects:  12% (442/3681)   Receiving objects:  13% (479/3681)   Receiving objects:  14% (516/3681)   Receiving objects:  15% (553/3681)   Receiving objects:  16% (589/3681)   Receiving objects:  17% (626/3681)   Receiving objects:  18% (663/3681)   Receiving objects:  19% (700/3681)   Receiving objects:  20% (737/3681)   Receiving objects:  21% (774/3681)   Receiving objects:  22% (810/3681)   Receiving objects:  23% (847/3681)   Receiving objects:  24% (884/3681)   Receiving objects:  25% (921/3681)   Receiving objects:  26% (958/3681)   Receiving objects:  27% (994/3681)   Receiving objects:  28% (1031/3681)   Receiving objects:  29% (1068/3681)   Receiving objects:  30% (1105/3681)   Receiving objects:  31% (1142/3681)   Receiving objects:  32% (1178/3681)   Receiving objects:  33% (1215/3681)   Receiving objects:  34% (1252/3681)   Receiving objects:  35% (1289/3681)   Receiving objects:  36% (1326/3681)   Receiving objects:  37% (1362/3681)   Receiving objects:  38% (1399/3681)   Receiving objects:  39% (1436/3681)   Receiving objects:  40% (1473/3681)   Receiving objects:  41% (1510/3681)   Receiving objects:  42% (1547/3681)   Receiving objects:  43% (1583/3681)   Receiving objects:  44% (1620/3681)   Receiving objects:  45% (1657/3681)   Receiving objects:  46% (1694/3681)   Receiving objects:  47% (1731/3681)   Receiving objects:  48% (1767/3681)   Receiving objects:  49% (1804/3681)   Receiving objects:  50% (1841/3681)   Receiving objects:  51% (1878/3681)   Receiving objects:  52% (1915/3681)   Receiving objects:  53% (1951/3681)   Receiving objects:  54% (1988/3681)   Receiving objects:  55% (2025/3681)   Receiving objects:  56% (2062/3681)   Receiving objects:  57% (2099/3681)   Receiving objects:  58% (2135/3681)   Receiving objects:  59% (2172/3681)   Receiving objects:  60% (2209/3681)   Receiving objects:  61% (2246/3681)   Receiving objects:  62% (2283/3681)   Receiving objects:  63% (2320/3681)   Receiving objects:  64% (2356/3681)   Receiving objects:  65% (2393/3681)   Receiving objects:  66% (2430/3681)   Receiving objects:  67% (2467/3681)   Receiving objects:  68% (2504/3681)   Receiving objects:  69% (2540/3681)   remote: Total 3681 (delta 1375), reused 3303 (delta 1147)[K
Receiving objects:  70% (2577/3681)   Receiving objects:  71% (2614/3681)   Receiving objects:  72% (2651/3681)   Receiving objects:  73% (2688/3681)   Receiving objects:  74% (2724/3681)   Receiving objects:  75% (2761/3681)   Receiving objects:  76% (2798/3681)   Receiving objects:  77% (2835/3681)   Receiving objects:  78% (2872/3681)   Receiving objects:  79% (2908/3681)   Receiving objects:  80% (2945/3681)   Receiving objects:  81% (2982/3681)   Receiving objects:  82% (3019/3681)   Receiving objects:  83% (3056/3681)   Receiving objects:  84% (3093/3681)   Receiving objects:  85% (3129/3681)   Receiving objects:  86% (3166/3681)   Receiving objects:  87% (3203/3681)   Receiving objects:  88% (3240/3681)   Receiving objects:  89% (3277/3681)   Receiving objects:  90% (3313/3681)   Receiving objects:  91% (3350/3681)   Receiving objects:  92% (3387/3681)   Receiving objects:  93% (3424/3681)   Receiving objects:  94% (3461/3681)   Receiving objects:  95% (3497/3681)   Receiving objects:  96% (3534/3681)   Receiving objects:  97% (3571/3681)   Receiving objects:  98% (3608/3681)   Receiving objects:  99% (3645/3681)   Receiving objects: 100% (3681/3681)   Receiving objects: 100% (3681/3681), 4.12 MiB, done.
Resolving deltas:   0% (0/1375)   Resolving deltas:   1% (16/1375)   Resolving deltas:   2% (29/1375)   Resolving deltas:   4% (65/1375)   Resolving deltas:   6% (90/1375)   Resolving deltas:   7% (98/1375)   Resolving deltas:   8% (116/1375)   Resolving deltas:   9% (126/1375)   Resolving deltas:  10% (143/1375)   Resolving deltas:  11% (152/1375)   Resolving deltas:  12% (170/1375)   Resolving deltas:  14% (196/1375)   Resolving deltas:  15% (208/1375)   Resolving deltas:  16% (221/1375)   Resolving deltas:  17% (235/1375)   Resolving deltas:  18% (250/1375)   Resolving deltas:  19% (270/1375)   Resolving deltas:  20% (276/1375)   Resolving deltas:  21% (300/1375)   Resolving deltas:  22% (307/1375)   Resolving deltas:  23% (324/1375)   Resolving deltas:  24% (331/1375)   Resolving deltas:  25% (346/1375)   Resolving deltas:  26% (358/1375)   Resolving deltas:  27% (372/1375)   Resolving deltas:  28% (392/1375)   Resolving deltas:  29% (401/1375)   Resolving deltas:  30% (414/1375)   Resolving deltas:  31% (429/1375)   Resolving deltas:  32% (440/1375)   Resolving deltas:  33% (462/1375)   Resolving deltas:  34% (472/1375)   Resolving deltas:  35% (486/1375)   Resolving deltas:  36% (496/1375)   Resolving deltas:  37% (513/1375)   Resolving deltas:  38% (525/1375)   Resolving deltas:  39% (538/1375)   Resolving deltas:  40% (552/1375)   Resolving deltas:  41% (572/1375)   Resolving deltas:  42% (578/1375)   Resolving deltas:  43% (593/1375)   Resolving deltas:  44% (605/1375)   Resolving deltas:  45% (622/1375)   Resolving deltas:  46% (634/1375)   Resolving deltas:  47% (647/1375)   Resolving deltas:  48% (660/1375)   Resolving deltas:  49% (674/1375)   Resolving deltas:  50% (689/1375)   Resolving deltas:  51% (702/1375)   Resolving deltas:  52% (715/1375)   Resolving deltas:  53% (729/1375)   Resolving deltas:  54% (743/1375)   Resolving deltas:  55% (762/1375)   Resolving deltas:  56% (774/1375)   Resolving deltas:  57% (793/1375)   Resolving deltas:  58% (801/1375)   Resolving deltas:  59% (816/1375)   Resolving deltas:  60% (825/1375)   Resolving deltas:  61% (843/1375)   Resolving deltas:  62% (854/1375)   Resolving deltas:  63% (873/1375)   Resolving deltas:  64% (888/1375)   Resolving deltas:  65% (895/1375)   Resolving deltas:  66% (911/1375)   Resolving deltas:  67% (923/1375)   Resolving deltas:  68% (937/1375)   Resolving deltas:  69% (951/1375)   Resolving deltas:  70% (963/1375)   Resolving deltas:  71% (979/1375)   Resolving deltas:  72% (998/1375)   Resolving deltas:  73% (1014/1375)   Resolving deltas:  74% (1018/1375)   Resolving deltas:  75% (1035/1375)   Resolving deltas:  76% (1046/1375)   Resolving deltas:  77% (1060/1375)   Resolving deltas:  78% (1079/1375)   Resolving deltas:  79% (1087/1375)   Resolving deltas:  80% (1103/1375)   Resolving deltas:  81% (1118/1375)   Resolving deltas:  82% (1128/1375)   Resolving deltas:  83% (1144/1375)   Resolving deltas:  84% (1156/1375)   Resolving deltas:  85% (1182/1375)   Resolving deltas:  86% (1183/1375)   Resolving deltas:  87% (1197/1375)   Resolving deltas:  88% (1212/1375)   Resolving deltas:  89% (1225/1375)   Resolving deltas:  90% (1243/1375)   Resolving deltas:  91% (1252/1375)   Resolving deltas:  92% (1274/1375)   Resolving deltas:  93% (1279/1375)   Resolving deltas:  94% (1295/1375)   Resolving deltas:  95% (1311/1375)   Resolving deltas:  96% (1324/1375)   Resolving deltas:  97% (1336/1375)   Resolving deltas:  98% (1348/1375)   Resolving deltas:  99% (1362/1375)   Resolving deltas: 100% (1375/1375)   Resolving deltas: 100% (1375/1375), done.
travis_fold:end:git.1$ cd thinkaurelius/titan
travis_fold:start:git.2$ git checkout -qf 8c857fd0b35e6480b07d4746065f95206cbcbbdc
travis_fold:end:git.2$ jdk_switcher use openjdk7
Switching to OpenJDK7 (java-1.7.0-openjdk-amd64), JAVA_HOME will be set to /usr/lib/jvm/java-7-openjdk-amd64
update-alternatives: error: no alternatives for apt.
update-alternatives: error: no alternatives for mozilla-javaplugin.so.
update-java-alternatives: plugin alternative does not exist: /usr/lib/jvm/java-7-openjdk-amd64/jre/lib/amd64/IcedTeaPlugin.so
$ java -version
java version "1.7.0_15"
OpenJDK Runtime Environment (IcedTea7 2.3.7) (7u15-2.3.7-0ubuntu1~12.04.1)
OpenJDK 64-Bit Server VM (build 23.7-b01, mixed mode)
$ javac -version
javac 1.7.0_15
travis_fold:start:install$ mvn install --quiet -DskipTests=true
[debug] execute contextualize
[debug] execute contextualize
[debug] execute contextualize
travis_fold:end:install$ mvn test
[INFO] Scanning for projects...
[INFO] ------------------------------------------------------------------------
[INFO] Reactor Build Order:
[INFO] 
[INFO] Titan: Distributed Graph Database
[INFO] Titan-Core: Core Library for Titan
[INFO] Titan-Test: Test Suite for Titan
[INFO] Titan-BerkeleyJE: Distributed Graph Database
[INFO] Titan-Cassandra: Distributed Graph Database
[INFO] Titan-HBase: Distributed Graph Database
[INFO] Titan-ElasticSearch: Distributed Indexing Support
[INFO] Titan-Lucene: Indexing Support
[INFO] Titan-All: Complete Titan Distribution
[INFO]                                                                         
[INFO] ------------------------------------------------------------------------
[INFO] Building Titan: Distributed Graph Database 0.3.0-SNAPSHOT
[INFO] ------------------------------------------------------------------------
[INFO] 
[INFO] --- maven-enforcer-plugin:1.0:enforce (enforce-maven) @ titan ---
[INFO]                                                                         
[INFO] ------------------------------------------------------------------------
[INFO] Building Titan-Core: Core Library for Titan 0.3.0-SNAPSHOT
[INFO] ------------------------------------------------------------------------
[INFO] 
[INFO] --- maven-enforcer-plugin:1.0:enforce (enforce-maven) @ titan-core ---
[INFO] 
[INFO] --- maven-resources-plugin:2.3:resources (default-resources) @ titan-core ---
[INFO] Using 'UTF-8' encoding to copy filtered resources.
[INFO] skip non existing resourceDirectory /home/travis/build/thinkaurelius/titan/titan-core/src/main/resources
[INFO] 
[INFO] --- maven-compiler-plugin:2.5.1:compile (default-compile) @ titan-core ---
[INFO] Nothing to compile - all classes are up to date
[INFO] 
[INFO] --- maven-resources-plugin:2.3:testResources (default-testResources) @ titan-core ---
[INFO] Using 'UTF-8' encoding to copy filtered resources.
[INFO] skip non existing resourceDirectory /home/travis/build/thinkaurelius/titan/titan-core/src/test/resources
[INFO] 
[INFO] --- maven-compiler-plugin:2.5.1:testCompile (default-testCompile) @ titan-core ---
[INFO] No sources to compile
[INFO] 
[INFO] --- maven-surefire-plugin:2.11:test (default-test) @ titan-core ---
[INFO] No tests to run.
[INFO] Surefire report directory: /home/travis/build/thinkaurelius/titan/titan-core/target/surefire-reports
Downloading: http://maven.mirrors.travis-ci.org/nexus/content/repositories/central/org/apache/maven/surefire/surefire-junit3/2.11/surefire-junit3-2.11.pom
2/2 KB            Downloaded: http://maven.mirrors.travis-ci.org/nexus/content/repositories/central/org/apache/maven/surefire/surefire-junit3/2.11/surefire-junit3-2.11.pom (2 KB at 2.6 KB/sec)
Downloading: http://maven.mirrors.travis-ci.org/nexus/content/repositories/central/org/apache/maven/surefire/surefire-providers/2.11/surefire-providers-2.11.pom
3/3 KB            Downloaded: http://maven.mirrors.travis-ci.org/nexus/content/repositories/central/org/apache/maven/surefire/surefire-providers/2.11/surefire-providers-2.11.pom (3 KB at 3.9 KB/sec)
Downloading: http://maven.mirrors.travis-ci.org/nexus/content/repositories/central/org/apache/maven/surefire/surefire-junit3/2.11/surefire-junit3-2.11.jar
4/26 KB   8/26 KB   9/26 KB   13/26 KB   17/26 KB   21/26 KB   24/26 KB   26/26 KB              Downloaded: http://maven.mirrors.travis-ci.org/nexus/content/repositories/central/org/apache/maven/surefire/surefire-junit3/2.11/surefire-junit3-2.11.jar (26 KB at 52.1 KB/sec)

-------------------------------------------------------
 T E S T S
-------------------------------------------------------

Results :

Tests run: 0, Failures: 0, Errors: 0, Skipped: 0

[INFO]                                                                         
[INFO] ------------------------------------------------------------------------
[INFO] Building Titan-Test: Test Suite for Titan 0.3.0-SNAPSHOT
[INFO] ------------------------------------------------------------------------
[INFO] 
[INFO] --- maven-enforcer-plugin:1.0:enforce (enforce-maven) @ titan-test ---
[INFO] 
[INFO] --- maven-resources-plugin:2.3:resources (default-resources) @ titan-test ---
[INFO] Using 'UTF-8' encoding to copy filtered resources.
[INFO] Copying 1 resource
[INFO] 
[INFO] --- maven-compiler-plugin:2.5.1:compile (default-compile) @ titan-test ---
[INFO] Nothing to compile - all classes are up to date
[INFO] 
[INFO] --- maven-resources-plugin:2.3:testResources (default-testResources) @ titan-test ---
[INFO] Using 'UTF-8' encoding to copy filtered resources.
[INFO] Copying 2 resources
[INFO] 
[INFO] --- maven-compiler-plugin:2.5.1:testCompile (default-testCompile) @ titan-test ---
[INFO] Nothing to compile - all classes are up to date
[INFO] 
[INFO] --- maven-surefire-plugin:2.12.1:test (default-test) @ titan-test ---
[INFO] Surefire report directory: /home/travis/build/thinkaurelius/titan/titan-test/target/surefire-reports
Downloading: http://maven.mirrors.travis-ci.org/nexus/content/repositories/central/org/apache/maven/surefire/surefire-junit4/2.12.1/surefire-junit4-2.12.1.pom
3/3 KB              Downloaded: http://maven.mirrors.travis-ci.org/nexus/content/repositories/central/org/apache/maven/surefire/surefire-junit4/2.12.1/surefire-junit4-2.12.1.pom (3 KB at 7.6 KB/sec)
Downloading: http://maven.mirrors.travis-ci.org/nexus/content/repositories/central/org/apache/maven/surefire/surefire-providers/2.12.1/surefire-providers-2.12.1.pom
3/3 KB            Downloaded: http://maven.mirrors.travis-ci.org/nexus/content/repositories/central/org/apache/maven/surefire/surefire-providers/2.12.1/surefire-providers-2.12.1.pom (3 KB at 7.0 KB/sec)
Downloading: http://maven.mirrors.travis-ci.org/nexus/content/repositories/central/org/apache/maven/surefire/surefire-junit4/2.12.1/surefire-junit4-2.12.1.jar
4/34 KB   8/34 KB   12/34 KB   16/34 KB   20/34 KB   23/34 KB   26/34 KB   27/34 KB   31/34 KB   34/34 KB              Downloaded: http://maven.mirrors.travis-ci.org/nexus/content/repositories/central/org/apache/maven/surefire/surefire-junit4/2.12.1/surefire-junit4-2.12.1.jar (34 KB at 68.8 KB/sec)

-------------------------------------------------------
 T E S T S
-------------------------------------------------------
Running com.thinkaurelius.titan.graphdb.idmanagement.VariableLongTest
Writing 10000000 longs in 65567319 bytes. in time: 2606
Writing 1000000 longs in 2983488 bytes. in time: 145
Tests run: 5, Failures: 0, Errors: 0, Skipped: 0, Time elapsed: 3.657 sec
Running com.thinkaurelius.titan.graphdb.serializer.SerializerTest
Tests run: 9, Failures: 0, Errors: 0, Skipped: 0, Time elapsed: 3.135 sec
Running com.thinkaurelius.titan.diskstorage.inmemory.InMemoryKeyColumnValueStoreTest
Loading time (ms): 961
Reading time (ms): 279
Tests run: 17, Failures: 0, Errors: 0, Skipped: 0, Time elapsed: 4.131 sec
Running com.thinkaurelius.titan.diskstorage.locking.LocalLockMediatorTest
Tests run: 1, Failures: 0, Errors: 0, Skipped: 0, Time elapsed: 0.223 sec
Running com.thinkaurelius.titan.diskstorage.util.StorageFeaturesTest
Tests run: 1, Failures: 0, Errors: 0, Skipped: 0, Time elapsed: 0 sec
Running com.thinkaurelius.titan.graphdb.inmemory.InMemoryGraphTest
Tests run: 19, Failures: 0, Errors: 0, Skipped: 0, Time elapsed: 28.893 sec
Running com.thinkaurelius.titan.graphdb.idmanagement.IDPoolTest
Tests run: 3, Failures: 0, Errors: 0, Skipped: 0, Time elapsed: 0.803 sec
Running com.thinkaurelius.titan.util.datastructures.RandomRemovalListTest
Tests run: 3, Failures: 0, Errors: 0, Skipped: 0, Time elapsed: 0.72 sec
Running com.thinkaurelius.titan.util.datastructures.ImmutableLongObjectMapTest
Tests run: 3, Failures: 0, Errors: 0, Skipped: 0, Time elapsed: 0.366 sec
Running com.thinkaurelius.titan.graphdb.serializer.ByteBufferTest
Tests run: 3, Failures: 0, Errors: 0, Skipped: 0, Time elapsed: 0.218 sec
Running com.thinkaurelius.titan.diskstorage.inmemory.inMemoryLockKeyColumnValueStoreTest
Tests run: 14, Failures: 0, Errors: 0, Skipped: 0, Time elapsed: 5.784 sec
Running com.thinkaurelius.titan.diskstorage.util.ByteBufferUtilTest
Tests run: 1, Failures: 0, Errors: 0, Skipped: 0, Time elapsed: 0.001 sec
Running com.thinkaurelius.titan.graphdb.idmanagement.IDManagementTest
Tests run: 3, Failures: 0, Errors: 0, Skipped: 0, Time elapsed: 0 sec
Running com.thinkaurelius.titan.util.datastructures.BitMapTest
Tests run: 1, Failures: 0, Errors: 0, Skipped: 0, Time elapsed: 0.001 sec
Running com.thinkaurelius.titan.tinkerpop.rexster.TitanGraphConfigurationTest
Tests run: 1, Failures: 0, Errors: 0, Skipped: 0, Time elapsed: 0.084 sec
Running com.thinkaurelius.titan.util.LongEncodingTest
Time to de/encode 1000000 longs (in ms): 1040
Tests run: 1, Failures: 0, Errors: 0, Skipped: 0, Time elapsed: 1.04 sec
Running com.thinkaurelius.titan.graphdb.serializer.KryoTest
Tests run: 5, Failures: 0, Errors: 0, Skipped: 0, Time elapsed: 0.012 sec
Running com.thinkaurelius.titan.graphdb.idmanagement.VertexIDAssignerTest
Partition: false
partitionMax: 2147483647
localPartition: null
Partition: true
partitionMax: 2147483647
localPartition: null
Partition: true
partitionMax: 2147483647
localPartition: [0, 2000]
Partition: true
partitionMax: 2147483647
localPartition: [-100000, -1]
Partition: true
partitionMax: 2147483647
localPartition: [-10000, 10000]
Partition: true
partitionMax: 100
localPartition: null
Partition: true
partitionMax: 100
localPartition: [0, 2000]
Partition: true
partitionMax: 100
localPartition: [-100000, -1]
Partition: true
partitionMax: 100
localPartition: [-10000, 10000]
Tests run: 9, Failures: 0, Errors: 0, Skipped: 0, Time elapsed: 11.243 sec
Running com.thinkaurelius.titan.graphdb.attribute.GeoshapeTest
circle[10.0,12.5]:100.0
box[[20.0,22.5],[40.5,60.5]]
Tests run: 3, Failures: 0, Errors: 0, Skipped: 0, Time elapsed: 0.027 sec
Running com.thinkaurelius.titan.tinkerpop.gremlin.ScriptExecutorTest
Tests run: 1, Failures: 0, Errors: 0, Skipped: 0, Time elapsed: 0.004 sec

Results :

Tests run: 103, Failures: 0, Errors: 0, Skipped: 0

[INFO]                                                                         
[INFO] ------------------------------------------------------------------------
[INFO] Building Titan-BerkeleyJE: Distributed Graph Database 0.3.0-SNAPSHOT
[INFO] ------------------------------------------------------------------------
[INFO] 
[INFO] --- maven-enforcer-plugin:1.0:enforce (enforce-maven) @ titan-berkeleyje ---
[INFO] 
[INFO] --- maven-resources-plugin:2.3:resources (default-resources) @ titan-berkeleyje ---
[INFO] Using 'UTF-8' encoding to copy filtered resources.
[INFO] Copying 2 resources
[INFO] 
[INFO] --- maven-compiler-plugin:2.5.1:compile (default-compile) @ titan-berkeleyje ---
[INFO] Nothing to compile - all classes are up to date
[INFO] 
[INFO] --- maven-resources-plugin:2.3:testResources (default-testResources) @ titan-berkeleyje ---
[INFO] Using 'UTF-8' encoding to copy filtered resources.
[INFO] Copying 2 resources
[INFO] 
[INFO] --- maven-compiler-plugin:2.5.1:testCompile (default-testCompile) @ titan-berkeleyje ---
[INFO] Nothing to compile - all classes are up to date
[INFO] 
[INFO] --- maven-surefire-plugin:2.12.1:test (default-test) @ titan-berkeleyje ---
[INFO] Surefire report directory: /home/travis/build/thinkaurelius/titan/titan-berkeleyje/target/surefire-reports

-------------------------------------------------------
 T E S T S
-------------------------------------------------------
Running com.thinkaurelius.titan.tinkerpop.rexster.RexsterServerClientBerkeleyJeTest
Mar 29, 2013 7:48:05 AM org.glassfish.grizzly.servlet.WebappContext deploy
INFO: Starting application [jersey] ...
Mar 29, 2013 7:48:06 AM com.sun.jersey.server.impl.application.WebApplicationImpl _initiate
INFO: Initiating Jersey application, version 'Jersey: 1.17 01/17/2013 03:31 PM'
Mar 29, 2013 7:48:07 AM org.glassfish.grizzly.servlet.WebappContext initServlets
INFO: [jersey] Servlet [com.sun.jersey.spi.container.servlet.ServletContainer] registered for url pattern(s) [[/*]].
Mar 29, 2013 7:48:07 AM org.glassfish.grizzly.servlet.WebappContext deploy
INFO: Application [jersey] is ready to service requests.  Root: [].
Mar 29, 2013 7:48:07 AM org.glassfish.grizzly.http.server.NetworkListener start
INFO: Started listener bound to [0.0.0.0:8182]
Mar 29, 2013 7:48:07 AM org.glassfish.grizzly.http.server.HttpServer start
INFO: [HttpServer] Started.
Mar 29, 2013 7:48:09 AM org.glassfish.grizzly.http.server.NetworkListener stop
INFO: Stopped listener bound to [0.0.0.0:8182]
Tests run: 1, Failures: 0, Errors: 0, Skipped: 0, Time elapsed: 6.523 sec
Running com.thinkaurelius.titan.diskstorage.berkeleyje.BerkeleyJeHashKeyColumnValueTest
Loading time (ms): 2236
Reading time (ms): 981
Tests run: 17, Failures: 0, Errors: 0, Skipped: 0, Time elapsed: 17.898 sec
Running com.thinkaurelius.titan.blueprints.BerkeleyJEBlueprintsTest
Testing testVertexCentricRemoving...
Opening graph in: /tmp/titan-test/standard
Testing testVertexCentricLinking...
Opening graph in: /tmp/titan-test/standard
Testing testAddManyVertexProperties...
Opening graph in: /tmp/titan-test/standard
	titangraph[berkeleyje:/tmp/titan-test/standard]: 750 vertex properties added (with vertices being added too) in 2252.386058000033ms
Testing testRemoveVertex...
Opening graph in: /tmp/titan-test/standard
Testing testAddingIdProperty...
Opening graph in: /tmp/titan-test/standard
Testing testVertexEquality...
Opening graph in: /tmp/titan-test/standard
	titangraph[berkeleyje:/tmp/titan-test/standard]: 1 vertex added and retrieved in 1.0881359999766573ms
Testing testEmptyKeyProperty...
Opening graph in: /tmp/titan-test/standard
Testing testGettingEdgesAndVertices...
Opening graph in: /tmp/titan-test/standard
Testing testBasicAddVertex...
Opening graph in: /tmp/titan-test/standard
Testing testLegalVertexEdgeIterables...
Opening graph in: /tmp/titan-test/standard
Testing testGetNonExistantVertices...
Opening graph in: /tmp/titan-test/standard
Testing testConcurrentModificationOnProperties...
Opening graph in: /tmp/titan-test/standard
Testing testVertexEqualityForSuppliedIdsAndHashCode...
Opening graph in: /tmp/titan-test/standard
Testing testSettingBadVertexProperties...
Opening graph in: /tmp/titan-test/standard
Testing testNoConcurrentModificationException...
Opening graph in: /tmp/titan-test/standard
Testing testRemoveVertexProperties...
Opening graph in: /tmp/titan-test/standard
Testing testVertexIterator...
Opening graph in: /tmp/titan-test/standard
	titangraph[berkeleyje:/tmp/titan-test/standard]: 1000 vertices added in 98.20108099991921ms
	titangraph[berkeleyje:/tmp/titan-test/standard]: 1000 vertices counted in 4.135914999991655ms
Testing testRemoveVertexNullId...
Opening graph in: /tmp/titan-test/standard
	titangraph[berkeleyje:/tmp/titan-test/standard]: 100 vertices added in 10.593179000075907ms
	titangraph[berkeleyje:/tmp/titan-test/standard]: 100 vertices removed in 7.8497300000162795ms
Testing testGetVertexWithNull...
Opening graph in: /tmp/titan-test/standard
Testing testRemoveVertexWithEdges...
Opening graph in: /tmp/titan-test/standard
Testing testAddVertexProperties...
Opening graph in: /tmp/titan-test/standard
*** TOTAL TIME [VertexTestSuite]: 3792.2242659999756 ***
Testing testAddingLabelAndIdProperty...
Opening graph in: /tmp/titan-test/standard
Testing testAddEdges...
Opening graph in: /tmp/titan-test/standard
	titangraph[berkeleyje:/tmp/titan-test/standard]: 6 elements added and checked in 39.62862299999688ms
Testing testAddingSelfLoops...
Opening graph in: /tmp/titan-test/standard
Testing testRemoveManyEdges...
Opening graph in: /tmp/titan-test/standard
	titangraph[berkeleyje:/tmp/titan-test/standard]: 20 vertices counted in 0.3430899999802932ms
	titangraph[berkeleyje:/tmp/titan-test/standard]: 10 edges counted in 1.26386300008744ms
	titangraph[berkeleyje:/tmp/titan-test/standard]: 10 edges removed and graph checked in 30.540937999961898ms
Testing testEdgeEquality...
Opening graph in: /tmp/titan-test/standard
Testing testEmptyKeyProperty...
Opening graph in: /tmp/titan-test/standard
Testing testAddManyEdges...
Opening graph in: /tmp/titan-test/standard
	titangraph[berkeleyje:/tmp/titan-test/standard]: 300 elements added in 389.95909500005655ms
	titangraph[berkeleyje:/tmp/titan-test/standard]: 100 edges counted in 5.255018999916501ms
	titangraph[berkeleyje:/tmp/titan-test/standard]: 200 vertices counted in 1.4640160000417382ms
	titangraph[berkeleyje:/tmp/titan-test/standard]: 200 vertices checked in 9.525116999982856ms
Testing testEdgeCentricRemoving...
Opening graph in: /tmp/titan-test/standard
Testing testAddingRemovingEdgeProperties...
Opening graph in: /tmp/titan-test/standard
Testing testRemoveEdgesByRemovingVertex...
Opening graph in: /tmp/titan-test/standard
Testing testRemoveEdges...
Opening graph in: /tmp/titan-test/standard
Testing testSettingBadVertexProperties...
Opening graph in: /tmp/titan-test/standard
Testing testNoConcurrentModificationException...
Opening graph in: /tmp/titan-test/standard
Testing testEdgeIterator...
Opening graph in: /tmp/titan-test/standard
Testing testAddingDuplicateEdges...
Opening graph in: /tmp/titan-test/standard
Testing testRemoveSelfLoops...
Opening graph in: /tmp/titan-test/standard
Testing testGetEdges...
Opening graph in: /tmp/titan-test/standard
	titangraph[berkeleyje:/tmp/titan-test/standard]: 3 edges retrieved in 0.5411590000148863ms
Testing testGetNonExistantEdges...
Opening graph in: /tmp/titan-test/standard
*** TOTAL TIME [EdgeTestSuite]: 1431.2759289999958 ***
Testing testFeatureCompliance...
Opening graph in: /tmp/titan-test/standard
supportsDuplicateEdges: true
supportsSelfLoops: true
supportsSerializableObjectProperty: true
supportsBooleanProperty: true
supportsDoubleProperty: true
supportsFloatProperty: true
supportsIntegerProperty: true
supportsPrimitiveArrayProperty: true
supportsUniformListProperty: true
supportsMixedListProperty: true
supportsLongProperty: true
supportsMapProperty: true
supportsStringProperty: true
ignoresSuppliedIds: true
isPersistent: true
isRDFModel: false
isWrapper: false
supportsIndices: false
supportsVertexIndex: false
supportsEdgeIndex: false
supportsKeyIndices: true
supportsVertexKeyIndex: true
supportsEdgeKeyIndex: true
supportsEdgeIteration: true
supportsVertexIteration: true
supportsEdgeRetrieval: true
supportsVertexProperties: true
supportsEdgeProperties: true
supportsTransactions: true
supportsThreadedTransactions: true
Testing testVertexEdgeLabels2...
Opening graph in: /tmp/titan-test/standard
Testing testConnectivityPatterns...
Opening graph in: /tmp/titan-test/standard
Testing testRemovingVertices...
Opening graph in: /tmp/titan-test/standard
	titangraph[berkeleyje:/tmp/titan-test/standard]: 500 vertices added in 31.994298000005074ms
	titangraph[berkeleyje:/tmp/titan-test/standard]: 250 edges added in 390.44306900002994ms
	titangraph[berkeleyje:/tmp/titan-test/standard]: 500 vertices deleted (with size check on each delete) in 272.2133700000122ms
Testing testVertexEdgeLabels...
Opening graph in: /tmp/titan-test/standard
Testing testAddingVerticesAndEdges...
Opening graph in: /tmp/titan-test/standard
Testing testSimpleRemovingVerticesEdges...
Opening graph in: /tmp/titan-test/standard
Testing testEmptyOnConstruction...
Opening graph in: /tmp/titan-test/standard
Testing testSettingProperties...
Opening graph in: /tmp/titan-test/standard
Testing testStringRepresentationOfVertexId...
Opening graph in: /tmp/titan-test/standard
Testing testConcurrentModification...
Opening graph in: /tmp/titan-test/standard
Testing testGraphDataPersists...
Opening graph in: /tmp/titan-test/standard
Opening graph in: /tmp/titan-test/standard
	titangraph[berkeleyje:/tmp/titan-test/standard]: 1 graph loaded in 11.77944099996239ms
Testing testAutotypingOfProperties...
Opening graph in: /tmp/titan-test/standard
Testing testTreeConnectivity...
Opening graph in: /tmp/titan-test/standard
	titangraph[berkeleyje:/tmp/titan-test/standard]: 1464 vertices added in a tree structure in 213.34859399998095ms
	titangraph[berkeleyje:/tmp/titan-test/standard]: 1464 vertices iterated in 0.7374419999541715ms
	titangraph[berkeleyje:/tmp/titan-test/standard]: 1463 edges iterated in 25.775447999942116ms
Testing testRemovingEdges...
Opening graph in: /tmp/titan-test/standard
	titangraph[berkeleyje:/tmp/titan-test/standard]: 100 vertices added in 3.163003999972716ms
	titangraph[berkeleyje:/tmp/titan-test/standard]: 200 edges added in 173.24268999998458ms
	titangraph[berkeleyje:/tmp/titan-test/standard]: 200 edges deleted (with size check on each delete) in 96.99558300001081ms
Testing testSemanticallyCorrectIterables...
Opening graph in: /tmp/titan-test/standard
Testing testGettingVerticesAndEdgesWithKeyValue...
Opening graph in: /tmp/titan-test/standard
*** TOTAL TIME [GraphTestSuite]: 2146.49809499993 ***
Testing testGraphQueryForVertices...
Opening graph in: /tmp/titan-test/standard
Opening graph in: /tmp/titan-test/standard
Testing testGraphQueryForEdges...
Opening graph in: /tmp/titan-test/standard
Opening graph in: /tmp/titan-test/standard
Testing testVertexQuery...
Opening graph in: /tmp/titan-test/standard
*** TOTAL TIME [QueryTestSuite]: 182.63906299998052 ***
Testing testAutoIndexKeyManagementWithPersistence...
Opening graph in: /tmp/titan-test/standard
	titangraph[berkeleyje:/tmp/titan-test/standard]: 2 automatic index keys added in 2.645850000088103ms
	titangraph[berkeleyje:/tmp/titan-test/standard]: 2 automatic index keys added in 1.7200820000143722ms
Opening graph in: /tmp/titan-test/standard
Testing testNoConcurrentModificationException...
Opening graph in: /tmp/titan-test/standard
Testing testKeyIndicesConsistentWithElementRemoval...
Opening graph in: /tmp/titan-test/standard
Testing testGettingVerticesAndEdgesWithKeyValue...
Opening graph in: /tmp/titan-test/standard
*** TOTAL TIME [KeyIndexableGraphTestSuite]: 229.33635400002822 ***
Testing testCompetingThreads...
Opening graph in: /tmp/titan-test/standard
Opening graph in: /tmp/titan-test/standard
Testing testRepeatedTransactionStopException...
Opening graph in: /tmp/titan-test/standard
Testing testCompetingThreadsOnMultipleDbInstances...
Opening graph in: /tmp/titan-test/first
Opening graph in: /tmp/titan-test/second
Testing testTransactionIsolationCommitCheck...
Opening graph in: /tmp/titan-test/standard
added vertex
reading vertex before tx
read vertex before tx
Testing testTransactionsForVertices...
Opening graph in: /tmp/titan-test/standard
	titangraph[berkeleyje:/tmp/titan-test/standard]: 1 vertex not added in failed transaction in 0.5421839999035001ms
	titangraph[berkeleyje:/tmp/titan-test/standard]: 1 vertex added in successful transaction in 0.5109719999600202ms
Testing testTransactionsForEdges...
Opening graph in: /tmp/titan-test/standard
	titangraph[berkeleyje:/tmp/titan-test/standard]: 1 edge not added in failed transaction (w/ iteration) in 2.4340920000104234ms
	titangraph[berkeleyje:/tmp/titan-test/standard]: 1 edge added in successful transaction (w/ iteration) in 1.5828880000626668ms
Testing testBruteEdgeTransactions...
Opening graph in: /tmp/titan-test/standard
	titangraph[berkeleyje:/tmp/titan-test/standard]: 100 edges added in 100 successful transactions (2 vertices added for each edge) in 107.54149600001983ms
	titangraph[berkeleyje:/tmp/titan-test/standard]: 100 edges not added in 100 failed transactions (2 vertices added for each edge) in 59.76796900003683ms
	titangraph[berkeleyje:/tmp/titan-test/standard]: 100 edges added in 1 successful transactions (2 vertices added for each edge) in 41.928771000006236ms
	titangraph[berkeleyje:/tmp/titan-test/standard]: 100 edges not added in 1 failed transactions (2 vertices added for each edge) in 53.28262900002301ms
Testing testBulkTransactionsOnEdges...
Opening graph in: /tmp/titan-test/standard
Testing testPropertyTransactions...
Opening graph in: /tmp/titan-test/standard
	titangraph[berkeleyje:/tmp/titan-test/standard]: 1 vertex added with string property in a successful transaction in 3.39001900004223ms
	titangraph[berkeleyje:/tmp/titan-test/standard]: 1 integer property not added in a failed transaction in 2.0049870000220835ms
	titangraph[berkeleyje:/tmp/titan-test/standard]: 2 vertex properties checked in a successful transaction in 0.7229629999492317ms
	titangraph[berkeleyje:/tmp/titan-test/standard]: 1 edge property added and checked in a successful transaction in 1.920176999992691ms
	titangraph[berkeleyje:/tmp/titan-test/standard]: 1 edge property added and checked in a failed transaction in 0.6224930000025779ms
Testing testIndexTransactions...
Opening graph in: /tmp/titan-test/standard
Testing testBasicVertexEdgeTransactions...
Opening graph in: /tmp/titan-test/standard
Testing testBruteVertexTransactions...
Opening graph in: /tmp/titan-test/standard
	titangraph[berkeleyje:/tmp/titan-test/standard]: 100 vertices added in 100 successful transactions in 31.617755000013858ms
	titangraph[berkeleyje:/tmp/titan-test/standard]: 100 vertices not added in 100 failed transactions in 9.551344000035897ms
	titangraph[berkeleyje:/tmp/titan-test/standard]: 100 vertices added in 1 successful transactions in 8.515515999984927ms
	titangraph[berkeleyje:/tmp/titan-test/standard]: 100 vertices not added in 1 failed transactions in 3.8607260000426322ms
Testing testTrue...
Testing testAutoStartTransaction...
Opening graph in: /tmp/titan-test/standard
Testing testRemoveInTransaction...
Opening graph in: /tmp/titan-test/standard
Testing testAutomaticSuccessfulTransactionOnShutdown...
Opening graph in: /tmp/titan-test/standard
Opening graph in: /tmp/titan-test/standard
Testing testVertexCountOnPreTransactionCommit...
Opening graph in: /tmp/titan-test/standard
*** TOTAL TIME [TransactionalTitanGraphTestSuite]: 2033.5033590000821 ***
Testing testVertexReattachment...
Opening graph in: /tmp/titan-test/standard
*** TOTAL TIME [TitanSpecificBlueprintsTestSuite]: 48.56863200000953 ***
Testing testTinkerGraphVertexAndEdges...
Opening graph in: /tmp/titan-test/standard
	titangraph[berkeleyje:/tmp/titan-test/standard]: graph-example-1 loaded in 40.9660070000682ms
Testing testReadingTinkerGraphExample3MappingIDs...
Opening graph in: /tmp/titan-test/standard
	titangraph[berkeleyje:/tmp/titan-test/standard]: graph-example-3 loaded in 18.137407999951392ms
Testing testReadingTinkerGraphExample3MappingAll...
Opening graph in: /tmp/titan-test/standard
	titangraph[berkeleyje:/tmp/titan-test/standard]: graph-example-3 loaded in 16.272042000084184ms
Testing testMigratingTinkerGraphExample3...
Opening graph in: /tmp/titan-test/standard
Testing testAllGraphMLTypeCastsAndDataMappings...
Opening graph in: /tmp/titan-test/standard
Testing testTinkerGraphEdges...
Opening graph in: /tmp/titan-test/standard
	titangraph[berkeleyje:/tmp/titan-test/standard]: graph-example-1 loaded in 14.787367000011727ms
Testing testReadingTinkerGraph...
Opening graph in: /tmp/titan-test/standard
Testing testReadingTinkerGraphExample3...
Opening graph in: /tmp/titan-test/standard
Testing testTinkerGraphSoftwareVertices...
Opening graph in: /tmp/titan-test/standard
	titangraph[berkeleyje:/tmp/titan-test/standard]: graph-example-1 loaded in 17.120949000003748ms
Testing testReadingTinkerGraphExample3MappingLabels...
Opening graph in: /tmp/titan-test/standard
	titangraph[berkeleyje:/tmp/titan-test/standard]: graph-example-3 loaded in 19.747799000004306ms
Testing testTinkerGraphVertices...
Opening graph in: /tmp/titan-test/standard
	titangraph[berkeleyje:/tmp/titan-test/standard]: graph-example-1 loaded in 15.898944000015035ms
*** TOTAL TIME [GraphMLReaderTestSuite]: 544.7847219998948 ***
Testing testTinkerGraphVertexAndEdges...
Opening graph in: /tmp/titan-test/standard
	titangraph[berkeleyje:/tmp/titan-test/standard]: graph-example-1 loaded in 213.40891599992756ms
Testing testTinkerGraphEdges...
Opening graph in: /tmp/titan-test/standard
	titangraph[berkeleyje:/tmp/titan-test/standard]: graph-example-1 loaded in 13.267437999951653ms
Testing testReadingTinkerGraph...
Opening graph in: /tmp/titan-test/standard
Testing testTinkerGraphSoftwareVertices...
Opening graph in: /tmp/titan-test/standard
	titangraph[berkeleyje:/tmp/titan-test/standard]: graph-example-1 loaded in 12.049344999948516ms
Testing testTinkerGraphVertices...
Opening graph in: /tmp/titan-test/standard
	titangraph[berkeleyje:/tmp/titan-test/standard]: graph-example-1 loaded in 12.044549000100233ms
*** TOTAL TIME [GraphSONReaderTestSuite]: 414.95781499997247 ***
Testing testTinkerGraphVertexAndEdges...
Opening graph in: /tmp/titan-test/standard
	titangraph[berkeleyje:/tmp/titan-test/standard]: graph-example-1 loaded in 15.368117999983951ms
Testing testReadingTinkerGraphExample3MappingIDs...
Opening graph in: /tmp/titan-test/standard
	titangraph[berkeleyje:/tmp/titan-test/standard]: graph-example-3 loaded in 17.049148999969475ms
Testing testReadingTinkerGraphExample3MappingAll...
Opening graph in: /tmp/titan-test/standard
	titangraph[berkeleyje:/tmp/titan-test/standard]: graph-example-3 loaded in 16.04992600006517ms
Testing testMigratingTinkerGraphExample3...
Opening graph in: /tmp/titan-test/standard
Testing testTinkerGraphEdges...
Opening graph in: /tmp/titan-test/standard
	titangraph[berkeleyje:/tmp/titan-test/standard]: graph-example-1 loaded in 11.159589999937452ms
Testing testReadingTinkerGraph...
Opening graph in: /tmp/titan-test/standard
Testing testReadingTinkerGraphExample3...
Opening graph in: /tmp/titan-test/standard
Testing testTinkerGraphSoftwareVertices...
Opening graph in: /tmp/titan-test/standard
	titangraph[berkeleyje:/tmp/titan-test/standard]: graph-example-1 loaded in 11.461565000005066ms
Testing testReadingTinkerGraphExample3MappingLabels...
Opening graph in: /tmp/titan-test/standard
	titangraph[berkeleyje:/tmp/titan-test/standard]: graph-example-3 loaded in 16.437307999935ms
Testing testTinkerGraphVertices...
Opening graph in: /tmp/titan-test/standard
	titangraph[berkeleyje:/tmp/titan-test/standard]: graph-example-1 loaded in 13.89226500003133ms
*** TOTAL TIME [GMLReaderTestSuite]: 482.1488080000272 ***
Tests run: 10, Failures: 0, Errors: 0, Skipped: 0, Time elapsed: 11.335 sec
Running com.thinkaurelius.titan.diskstorage.berkeleyje.BerkeleyDBjeKeyColumnValueVariableTest
Loading time (ms): 1515
Reading time (ms): 315
Tests run: 17, Failures: 0, Errors: 0, Skipped: 0, Time elapsed: 7.034 sec
Running com.thinkaurelius.titan.diskstorage.berkeleyje.BerkeleyJEKeyValueTest
Tests run: 7, Failures: 0, Errors: 0, Skipped: 0, Time elapsed: 2.399 sec
Running com.thinkaurelius.titan.graphdb.berkeleyje.BerkeleyJEGraphTest
Tests run: 19, Failures: 0, Errors: 0, Skipped: 0, Time elapsed: 6.538 sec
Running com.thinkaurelius.titan.diskstorage.berkeleyje.BerkeleyDBjeKeyColumnValueTest
Loading time (ms): 2507
Reading time (ms): 322
Tests run: 17, Failures: 0, Errors: 0, Skipped: 0, Time elapsed: 8.27 sec

Results :

Tests run: 88, Failures: 0, Errors: 0, Skipped: 0

[INFO]                                                                         
[INFO] ------------------------------------------------------------------------
[INFO] Building Titan-Cassandra: Distributed Graph Database 0.3.0-SNAPSHOT
[INFO] ------------------------------------------------------------------------
[INFO] 
[INFO] --- maven-enforcer-plugin:1.0:enforce (enforce-maven) @ titan-cassandra ---
[INFO] 
[INFO] --- maven-resources-plugin:2.5:resources (default-resources) @ titan-cassandra ---
[debug] execute contextualize
[INFO] Using 'UTF-8' encoding to copy filtered resources.
[INFO] Copying 2 resources
[INFO] 
[INFO] --- maven-compiler-plugin:2.5.1:compile (default-compile) @ titan-cassandra ---
[INFO] Nothing to compile - all classes are up to date
[INFO] 
[INFO] --- maven-resources-plugin:2.5:testResources (default-testResources) @ titan-cassandra ---
[debug] execute contextualize
[INFO] Using 'UTF-8' encoding to copy filtered resources.
[INFO] Copying 2 resources
[INFO] 
[INFO] --- maven-resources-plugin:2.5:copy-resources (copy-resources-127.0.0.1) @ titan-cassandra ---
[debug] execute contextualize
[INFO] Using 'UTF-8' encoding to copy filtered resources.
[INFO] Copying 7 resources
[INFO] 
[INFO] --- maven-compiler-plugin:2.5.1:testCompile (default-testCompile) @ titan-cassandra ---
[INFO] Nothing to compile - all classes are up to date
[INFO] 
[INFO] --- maven-surefire-plugin:2.12.1:test (default-test) @ titan-cassandra ---
[INFO] Surefire report directory: /home/travis/build/thinkaurelius/titan/titan-cassandra/target/surefire-reports

-------------------------------------------------------
 T E S T S
-------------------------------------------------------

-------------------------------------------------------
 T E S T S
-------------------------------------------------------
Running com.thinkaurelius.titan.diskstorage.cassandra.thrift.InternalCassandraThriftKeyColumnValueTest
Loading time (ms): 851
Reading time (ms): 9913
Tests run: 18, Failures: 0, Errors: 0, Skipped: 0, Time elapsed: 62.657 sec
Running com.thinkaurelius.titan.diskstorage.cassandra.embedded.InternalCassandraEmbeddedMultiWriteKeyColumnValueStoreTest
Tests run: 2, Failures: 0, Errors: 0, Skipped: 0, Time elapsed: 14.735 sec
Running com.thinkaurelius.titan.graphdb.embedded.InternalCassandraEmbeddedGraphTest
Tests run: 19, Failures: 0, Errors: 0, Skipped: 0, Time elapsed: 49.928 sec
Running com.thinkaurelius.titan.blueprints.EmbeddedCassandraBlueprintsTest
Testing testNoConcurrentModificationException...
Testing testGettingEdgesAndVertices...
Testing testEmptyKeyProperty...
Testing testVertexCentricLinking...
Testing testVertexCentricRemoving...
Testing testConcurrentModificationOnProperties...
Testing testSettingBadVertexProperties...
Testing testVertexEquality...
	titangraph[embeddedcassandra:null]: 1 vertex added and retrieved in 607.8225639999146ms
Testing testBasicAddVertex...
Testing testGetVertexWithNull...
Testing testRemoveVertex...
Testing testRemoveVertexWithEdges...
Testing testGetNonExistantVertices...
Testing testRemoveVertexNullId...
	titangraph[embeddedcassandra:null]: 100 vertices added in 14.72758100007195ms
	titangraph[embeddedcassandra:null]: 100 vertices removed in 13.051579999970272ms
Testing testVertexIterator...
	titangraph[embeddedcassandra:null]: 1000 vertices added in 743.3818450000836ms
	titangraph[embeddedcassandra:null]: 1000 vertices counted in 5.816569000016898ms
Testing testLegalVertexEdgeIterables...
Testing testAddVertexProperties...
Testing testAddManyVertexProperties...
	titangraph[embeddedcassandra:null]: 750 vertex properties added (with vertices being added too) in 19755.749937999994ms
Testing testRemoveVertexProperties...
Testing testAddingIdProperty...
Testing testVertexEqualityForSuppliedIdsAndHashCode...
*** TOTAL TIME [VertexTestSuite]: 57681.26724299998 ***
Testing testNoConcurrentModificationException...
Testing testEmptyKeyProperty...
Testing testSettingBadVertexProperties...
Testing testAddManyEdges...
	titangraph[embeddedcassandra:null]: 300 elements added in 3339.7783519999357ms
	titangraph[embeddedcassandra:null]: 100 edges counted in 4.265100999968126ms
	titangraph[embeddedcassandra:null]: 200 vertices counted in 1.4332510000094771ms
	titangraph[embeddedcassandra:null]: 200 vertices checked in 9.603569000028074ms
Testing testGetEdges...
	titangraph[embeddedcassandra:null]: 3 edges retrieved in 1.5370980000589043ms
Testing testGetNonExistantEdges...
Testing testRemoveManyEdges...
	titangraph[embeddedcassandra:null]: 20 vertices counted in 0.8349140000063926ms
	titangraph[embeddedcassandra:null]: 10 edges counted in 1.2499860000098124ms
	titangraph[embeddedcassandra:null]: 10 edges removed and graph checked in 23.096708000055514ms
Testing testAddingDuplicateEdges...
Testing testRemoveEdgesByRemovingVertex...
Testing testRemoveEdges...
Testing testAddingSelfLoops...
Testing testRemoveSelfLoops...
Testing testEdgeIterator...
Testing testAddingRemovingEdgeProperties...
Testing testAddingLabelAndIdProperty...
Testing testEdgeCentricRemoving...
Testing testEdgeEquality...
Testing testAddEdges...
	titangraph[embeddedcassandra:null]: 6 elements added and checked in 913.2773729999317ms
*** TOTAL TIME [EdgeTestSuite]: 25236.32394599996 ***
Testing testFeatureCompliance...
supportsDuplicateEdges: true
supportsSelfLoops: true
supportsSerializableObjectProperty: true
supportsBooleanProperty: true
supportsDoubleProperty: true
supportsFloatProperty: true
supportsIntegerProperty: true
supportsPrimitiveArrayProperty: true
supportsUniformListProperty: true
supportsMixedListProperty: true
supportsLongProperty: true
supportsMapProperty: true
supportsStringProperty: true
ignoresSuppliedIds: true
isPersistent: true
isRDFModel: false
isWrapper: false
supportsIndices: false
supportsVertexIndex: false
supportsEdgeIndex: false
supportsKeyIndices: true
supportsVertexKeyIndex: true
supportsEdgeKeyIndex: true
supportsEdgeIteration: true
supportsVertexIteration: true
supportsEdgeRetrieval: true
supportsVertexProperties: true
supportsEdgeProperties: true
supportsTransactions: true
supportsThreadedTransactions: true
Testing testEmptyOnConstruction...
Testing testStringRepresentationOfVertexId...
Testing testSemanticallyCorrectIterables...
Testing testGettingVerticesAndEdgesWithKeyValue...
Testing testAddingVerticesAndEdges...
Testing testSettingProperties...
Testing testSimpleRemovingVerticesEdges...
Testing testRemovingEdges...
	titangraph[embeddedcassandra:null]: 100 vertices added in 612.4703149999259ms
	titangraph[embeddedcassandra:null]: 200 edges added in 5169.11918899999ms
	titangraph[embeddedcassandra:null]: 200 edges deleted (with size check on each delete) in 438.37779199995566ms
Testing testRemovingVertices...
	titangraph[embeddedcassandra:null]: 500 vertices added in 633.008526999969ms
	titangraph[embeddedcassandra:null]: 250 edges added in 6379.473820000072ms
	titangraph[embeddedcassandra:null]: 500 vertices deleted (with size check on each delete) in 589.6560530000133ms
Testing testConnectivityPatterns...
Testing testVertexEdgeLabels...
Testing testVertexEdgeLabels2...
Testing testTreeConnectivity...
	titangraph[embeddedcassandra:null]: 1464 vertices added in a tree structure in 1216.3246780000627ms
	titangraph[embeddedcassandra:null]: 1464 vertices iterated in 1.3347620000131428ms
	titangraph[embeddedcassandra:null]: 1463 edges iterated in 16.073947999975644ms
Testing testConcurrentModification...
Testing testGraphDataPersists...
	titangraph[embeddedcassandra:null]: 1 graph loaded in 4.641238999902271ms
Testing testAutotypingOfProperties...
*** TOTAL TIME [GraphTestSuite]: 33156.470035000006 ***
Testing testGraphQueryForVertices...
Testing testGraphQueryForEdges...
Testing testVertexQuery...
*** TOTAL TIME [QueryTestSuite]: 7225.184623000096 ***
Testing testNoConcurrentModificationException...
Testing testGettingVerticesAndEdgesWithKeyValue...
Testing testKeyIndicesConsistentWithElementRemoval...
Testing testAutoIndexKeyManagementWithPersistence...
	titangraph[embeddedcassandra:null]: 2 automatic index keys added in 607.1406930000521ms
	titangraph[embeddedcassandra:null]: 2 automatic index keys added in 2.4913919999962673ms
*** TOTAL TIME [KeyIndexableGraphTestSuite]: 8441.682312000077 ***
Testing testCompetingThreads...
Testing testRepeatedTransactionStopException...
Testing testAutoStartTransaction...
Testing testTrue...
Testing testTransactionsForVertices...
	titangraph[embeddedcassandra:null]: 1 vertex not added in failed transaction in 2.8859869999578223ms
	titangraph[embeddedcassandra:null]: 1 vertex added in successful transaction in 1.3080990000162274ms
Testing testBasicVertexEdgeTransactions...
Testing testBruteVertexTransactions...
	titangraph[embeddedcassandra:null]: 100 vertices added in 100 successful transactions in 647.853756000055ms
	titangraph[embeddedcassandra:null]: 100 vertices not added in 100 failed transactions in 18.63133599993307ms
	titangraph[embeddedcassandra:null]: 100 vertices added in 1 successful transactions in 23.603797999909148ms
	titangraph[embeddedcassandra:null]: 100 vertices not added in 1 failed transactions in 24.064643999910913ms
Testing testTransactionsForEdges...
	titangraph[embeddedcassandra:null]: 1 edge not added in failed transaction (w/ iteration) in 307.7822079999605ms
	titangraph[embeddedcassandra:null]: 1 edge added in successful transaction (w/ iteration) in 107.02104400005192ms
Testing testBruteEdgeTransactions...
	titangraph[embeddedcassandra:null]: 100 edges added in 100 successful transactions (2 vertices added for each edge) in 1124.5228209999623ms
	titangraph[embeddedcassandra:null]: 100 edges not added in 100 failed transactions (2 vertices added for each edge) in 74.423875000095ms
	titangraph[embeddedcassandra:null]: 100 edges added in 1 successful transactions (2 vertices added for each edge) in 79.03153400006704ms
	titangraph[embeddedcassandra:null]: 100 edges not added in 1 failed transactions (2 vertices added for each edge) in 121.2032819999149ms
Testing testPropertyTransactions...
	titangraph[embeddedcassandra:null]: 1 vertex added with string property in a successful transaction in 1014.2752369999653ms
	titangraph[embeddedcassandra:null]: 1 integer property not added in a failed transaction in 4.54759600001853ms
	titangraph[embeddedcassandra:null]: 2 vertex properties checked in a successful transaction in 1.6884709999430925ms
	titangraph[embeddedcassandra:null]: 1 edge property added and checked in a successful transaction in 104.47382399998605ms
	titangraph[embeddedcassandra:null]: 1 edge property added and checked in a failed transaction in 1.04337799991481ms
Testing testIndexTransactions...
Testing testAutomaticSuccessfulTransactionOnShutdown...
Testing testVertexCountOnPreTransactionCommit...
Testing testBulkTransactionsOnEdges...
Testing testTransactionIsolationCommitCheck...
added vertex
reading vertex before tx
read vertex before tx
Testing testRemoveInTransaction...
*** TOTAL TIME [TransactionalTitanGraphTestSuite]: 19823.313454000046 ***
Testing testVertexReattachment...
*** TOTAL TIME [TitanSpecificBlueprintsTestSuite]: 1416.9791670000413 ***
Testing testTinkerGraphEdges...
	titangraph[embeddedcassandra:null]: graph-example-1 loaded in 1055.6072060000151ms
Testing testTinkerGraphVertices...
	titangraph[embeddedcassandra:null]: graph-example-1 loaded in 1033.33025800006ms
Testing testTinkerGraphSoftwareVertices...
	titangraph[embeddedcassandra:null]: graph-example-1 loaded in 1029.9231970000546ms
Testing testTinkerGraphVertexAndEdges...
	titangraph[embeddedcassandra:null]: graph-example-1 loaded in 1034.0985329999821ms
Testing testReadingTinkerGraphExample3...
Testing testReadingTinkerGraphExample3MappingLabels...
	titangraph[embeddedcassandra:null]: graph-example-3 loaded in 1038.0746350000845ms
Testing testReadingTinkerGraphExample3MappingIDs...
	titangraph[embeddedcassandra:null]: graph-example-3 loaded in 1035.775747000007ms
Testing testReadingTinkerGraphExample3MappingAll...
	titangraph[embeddedcassandra:null]: graph-example-3 loaded in 1034.0741690000286ms
Testing testMigratingTinkerGraphExample3...
Testing testAllGraphMLTypeCastsAndDataMappings...
Testing testReadingTinkerGraph...
*** TOTAL TIME [GraphMLReaderTestSuite]: 9819.219719999935 ***
Testing testTinkerGraphEdges...
	titangraph[embeddedcassandra:null]: graph-example-1 loaded in 1241.7304620000068ms
Testing testTinkerGraphVertices...
	titangraph[embeddedcassandra:null]: graph-example-1 loaded in 1030.547091000015ms
Testing testTinkerGraphSoftwareVertices...
	titangraph[embeddedcassandra:null]: graph-example-1 loaded in 1026.5676240000175ms
Testing testTinkerGraphVertexAndEdges...
	titangraph[embeddedcassandra:null]: graph-example-1 loaded in 1026.818132000044ms
Testing testReadingTinkerGraph...
*** TOTAL TIME [GraphSONReaderTestSuite]: 5988.643273000023 ***
Testing testTinkerGraphEdges...
	titangraph[embeddedcassandra:null]: graph-example-1 loaded in 1029.3255549999885ms
Testing testTinkerGraphVertices...
	titangraph[embeddedcassandra:null]: graph-example-1 loaded in 1026.5520839999663ms
Testing testTinkerGraphSoftwareVertices...
	titangraph[embeddedcassandra:null]: graph-example-1 loaded in 1025.7932359999977ms
Testing testTinkerGraphVertexAndEdges...
	titangraph[embeddedcassandra:null]: graph-example-1 loaded in 1027.5825839999598ms
Testing testReadingTinkerGraphExample3...
Testing testReadingTinkerGraphExample3MappingLabels...
	titangraph[embeddedcassandra:null]: graph-example-3 loaded in 1031.9294690000825ms
Testing testReadingTinkerGraphExample3MappingIDs...
	titangraph[embeddedcassandra:null]: graph-example-3 loaded in 1042.0030740000075ms
Testing testReadingTinkerGraphExample3MappingAll...
	titangraph[embeddedcassandra:null]: graph-example-3 loaded in 1027.0381940000225ms
Testing testMigratingTinkerGraphExample3...
Testing testReadingTinkerGraph...
*** TOTAL TIME [GMLReaderTestSuite]: 10106.361413000035 ***
Tests run: 10, Failures: 0, Errors: 0, Skipped: 0, Time elapsed: 178.999 sec
Running com.thinkaurelius.titan.diskstorage.cassandra.embedded.InternalCassandraEmbeddedLockKeyColumnValueStoreTest
Tests run: 14, Failures: 0, Errors: 0, Skipped: 0, Time elapsed: 25.136 sec
Running com.thinkaurelius.titan.blueprints.InternalCassandraBlueprintsTest
Testing testNoConcurrentModificationException...
Testing testGettingEdgesAndVertices...
Testing testEmptyKeyProperty...
Testing testVertexCentricLinking...
Testing testVertexCentricRemoving...
Testing testConcurrentModificationOnProperties...
Testing testSettingBadVertexProperties...
Testing testVertexEquality...
	titangraph[cassandra:null]: 1 vertex added and retrieved in 610.7309880000539ms
Testing testBasicAddVertex...
Testing testGetVertexWithNull...
Testing testRemoveVertex...
Testing testRemoveVertexWithEdges...
Testing testGetNonExistantVertices...
Testing testRemoveVertexNullId...
	titangraph[cassandra:null]: 100 vertices added in 15.832193000009283ms
	titangraph[cassandra:null]: 100 vertices removed in 14.128544999985024ms
Testing testVertexIterator...
	titangraph[cassandra:null]: 1000 vertices added in 745.6311830000486ms
	titangraph[cassandra:null]: 1000 vertices counted in 8.015804999973625ms
Testing testLegalVertexEdgeIterables...
Testing testAddVertexProperties...
Testing testAddManyVertexProperties...
	titangraph[cassandra:null]: 750 vertex properties added (with vertices being added too) in 20069.58527199994ms
Testing testRemoveVertexProperties...
Testing testAddingIdProperty...
Testing testVertexEqualityForSuppliedIdsAndHashCode...
*** TOTAL TIME [VertexTestSuite]: 56238.735493000015 ***
Testing testNoConcurrentModificationException...
Testing testEmptyKeyProperty...
Testing testSettingBadVertexProperties...
Testing testAddManyEdges...
	titangraph[cassandra:null]: 300 elements added in 3361.8690880001523ms
	titangraph[cassandra:null]: 100 edges counted in 4.950055999914184ms
	titangraph[cassandra:null]: 200 vertices counted in 2.137927999952808ms
	titangraph[cassandra:null]: 200 vertices checked in 10.19148900010623ms
Testing testGetEdges...
	titangraph[cassandra:null]: 3 edges retrieved in 2.099527999991551ms
Testing testGetNonExistantEdges...
Testing testRemoveManyEdges...
	titangraph[cassandra:null]: 20 vertices counted in 1.4103810000233352ms
	titangraph[cassandra:null]: 10 edges counted in 2.008992000017315ms
	titangraph[cassandra:null]: 10 edges removed and graph checked in 39.81830199994147ms
Testing testAddingDuplicateEdges...
Testing testRemoveEdgesByRemovingVertex...
Testing testRemoveEdges...
Testing testAddingSelfLoops...
Testing testRemoveSelfLoops...
Testing testEdgeIterator...
Testing testAddingRemovingEdgeProperties...
Testing testAddingLabelAndIdProperty...
Testing testEdgeCentricRemoving...
Testing testEdgeEquality...
Testing testAddEdges...
	titangraph[cassandra:null]: 6 elements added and checked in 918.8933149999939ms
*** TOTAL TIME [EdgeTestSuite]: 28080.667878000066 ***
Testing testSettingProperties...
Testing testSimpleRemovingVerticesEdges...
Testing testRemovingEdges...
	titangraph[cassandra:null]: 100 vertices added in 615.1377109999303ms
	titangraph[cassandra:null]: 200 edges added in 5193.534746999852ms
	titangraph[cassandra:null]: 200 edges deleted (with size check on each delete) in 633.9649829999544ms
Testing testRemovingVertices...
	titangraph[cassandra:null]: 500 vertices added in 635.902883999981ms
	titangraph[cassandra:null]: 250 edges added in 6420.422488000011ms
	titangraph[cassandra:null]: 500 vertices deleted (with size check on each delete) in 1022.5457369999494ms
Testing testConnectivityPatterns...
Testing testVertexEdgeLabels...
Testing testVertexEdgeLabels2...
Testing testTreeConnectivity...
	titangraph[cassandra:null]: 1464 vertices added in a tree structure in 1199.5884830001742ms
	titangraph[cassandra:null]: 1464 vertices iterated in 2.4783459999598563ms
	titangraph[cassandra:null]: 1463 edges iterated in 21.916621999815106ms
Testing testConcurrentModification...
Testing testGraphDataPersists...
	titangraph[cassandra:null]: 1 graph loaded in 15.834022999973968ms
Testing testAutotypingOfProperties...
Testing testFeatureCompliance...
supportsDuplicateEdges: true
supportsSelfLoops: true
supportsSerializableObjectProperty: true
supportsBooleanProperty: true
supportsDoubleProperty: true
supportsFloatProperty: true
supportsIntegerProperty: true
supportsPrimitiveArrayProperty: true
supportsUniformListProperty: true
supportsMixedListProperty: true
supportsLongProperty: true
supportsMapProperty: true
supportsStringProperty: true
ignoresSuppliedIds: true
isPersistent: true
isRDFModel: false
isWrapper: false
supportsIndices: false
supportsVertexIndex: false
supportsEdgeIndex: false
supportsKeyIndices: true
supportsVertexKeyIndex: true
supportsEdgeKeyIndex: true
supportsEdgeIteration: true
supportsVertexIteration: true
supportsEdgeRetrieval: true
supportsVertexProperties: true
supportsEdgeProperties: true
supportsTransactions: true
supportsThreadedTransactions: true
Testing testEmptyOnConstruction...
Testing testStringRepresentationOfVertexId...
Testing testSemanticallyCorrectIterables...
Testing testGettingVerticesAndEdgesWithKeyValue...
Testing testAddingVerticesAndEdges...
*** TOTAL TIME [GraphTestSuite]: 37682.23057599994 ***
Testing testGraphQueryForVertices...
Testing testGraphQueryForEdges...
Testing testVertexQuery...
*** TOTAL TIME [QueryTestSuite]: 5976.446016999893 ***
Testing testKeyIndicesConsistentWithElementRemoval...
Testing testAutoIndexKeyManagementWithPersistence...
	titangraph[cassandra:null]: 2 automatic index keys added in 610.5414549999405ms
	titangraph[cassandra:null]: 2 automatic index keys added in 2.8137359998654574ms
Testing testNoConcurrentModificationException...
Testing testGettingVerticesAndEdgesWithKeyValue...
*** TOTAL TIME [KeyIndexableGraphTestSuite]: 4657.986205999972 ***
Testing testCompetingThreads...
Testing testTrue...
Testing testRepeatedTransactionStopException...
Testing testAutoStartTransaction...
Testing testTransactionsForVertices...
	titangraph[cassandra:null]: 1 vertex not added in failed transaction in 2.7112249999772757ms
	titangraph[cassandra:null]: 1 vertex added in successful transaction in 1.7269129999913275ms
Testing testBasicVertexEdgeTransactions...
Testing testBruteVertexTransactions...
	titangraph[cassandra:null]: 100 vertices added in 100 successful transactions in 662.4981970000081ms
	titangraph[cassandra:null]: 100 vertices not added in 100 failed transactions in 18.466658999910578ms
	titangraph[cassandra:null]: 100 vertices added in 1 successful transactions in 31.22822400019504ms
	titangraph[cassandra:null]: 100 vertices not added in 1 failed transactions in 44.253041999880224ms
Testing testTransactionsForEdges...
	titangraph[cassandra:null]: 1 edge not added in failed transaction (w/ iteration) in 310.71970100002363ms
	titangraph[cassandra:null]: 1 edge added in successful transaction (w/ iteration) in 111.01157999993302ms
Testing testBruteEdgeTransactions...
	titangraph[cassandra:null]: 100 edges added in 100 successful transactions (2 vertices added for each edge) in 1184.0900830000173ms
	titangraph[cassandra:null]: 100 edges not added in 100 failed transactions (2 vertices added for each edge) in 89.81634800019674ms
	titangraph[cassandra:null]: 100 edges added in 1 successful transactions (2 vertices added for each edge) in 111.13501800014637ms
	titangraph[cassandra:null]: 100 edges not added in 1 failed transactions (2 vertices added for each edge) in 146.6149420000147ms
Testing testPropertyTransactions...
	titangraph[cassandra:null]: 1 vertex added with string property in a successful transaction in 1018.4142799999099ms
	titangraph[cassandra:null]: 1 integer property not added in a failed transaction in 5.729107999941334ms
	titangraph[cassandra:null]: 2 vertex properties checked in a successful transaction in 2.530722000170499ms
	titangraph[cassandra:null]: 1 edge property added and checked in a successful transaction in 107.46235599997453ms
	titangraph[cassandra:null]: 1 edge property added and checked in a failed transaction in 1.4508240001741797ms
Testing testIndexTransactions...
Testing testAutomaticSuccessfulTransactionOnShutdown...
Testing testVertexCountOnPreTransactionCommit...
Testing testBulkTransactionsOnEdges...
Testing testTransactionIsolationCommitCheck...
added vertex
reading vertex before tx
read vertex before tx
Testing testRemoveInTransaction...
*** TOTAL TIME [TransactionalTitanGraphTestSuite]: 21163.5986380002 ***
Testing testVertexReattachment...
*** TOTAL TIME [TitanSpecificBlueprintsTestSuite]: 1540.3280569999479 ***
Testing testTinkerGraphVertices...
	titangraph[cassandra:null]: graph-example-1 loaded in 1066.382116000168ms
Testing testTinkerGraphSoftwareVertices...
	titangraph[cassandra:null]: graph-example-1 loaded in 1043.904021000024ms
Testing testTinkerGraphVertexAndEdges...
	titangraph[cassandra:null]: graph-example-1 loaded in 1045.1964070000686ms
Testing testReadingTinkerGraphExample3...
Testing testReadingTinkerGraphExample3MappingLabels...
	titangraph[cassandra:null]: graph-example-3 loaded in 1051.1106000000145ms
Testing testReadingTinkerGraphExample3MappingIDs...
	titangraph[cassandra:null]: graph-example-3 loaded in 1051.1637650001794ms
Testing testReadingTinkerGraphExample3MappingAll...
	titangraph[cassandra:null]: graph-example-3 loaded in 1044.2682059998624ms
Testing testMigratingTinkerGraphExample3...
Testing testAllGraphMLTypeCastsAndDataMappings...
Testing testReadingTinkerGraph...
Testing testTinkerGraphEdges...
	titangraph[cassandra:null]: graph-example-1 loaded in 1040.0252640000544ms
*** TOTAL TIME [GraphMLReaderTestSuite]: 11408.006650000112 ***
Testing testTinkerGraphVertices...
	titangraph[cassandra:null]: graph-example-1 loaded in 1290.9186759998556ms
Testing testTinkerGraphSoftwareVertices...
	titangraph[cassandra:null]: graph-example-1 loaded in 1038.9731140001677ms
Testing testTinkerGraphVertexAndEdges...
	titangraph[cassandra:null]: graph-example-1 loaded in 1042.2742500000168ms
Testing testReadingTinkerGraph...
Testing testTinkerGraphEdges...
	titangraph[cassandra:null]: graph-example-1 loaded in 1039.8852709999774ms
*** TOTAL TIME [GraphSONReaderTestSuite]: 12118.758618999971 ***
Testing testTinkerGraphVertices...
	titangraph[cassandra:null]: graph-example-1 loaded in 1045.023325999966ms
Testing testTinkerGraphSoftwareVertices...
	titangraph[cassandra:null]: graph-example-1 loaded in 1043.543190000113ms
Testing testTinkerGraphVertexAndEdges...
	titangraph[cassandra:null]: graph-example-1 loaded in 1039.708280999912ms
Testing testReadingTinkerGraphExample3...
Testing testReadingTinkerGraphExample3MappingLabels...
	titangraph[cassandra:null]: graph-example-3 loaded in 1040.960538999876ms
Testing testReadingTinkerGraphExample3MappingIDs...
	titangraph[cassandra:null]: graph-example-3 loaded in 1042.1142390000168ms
Testing testReadingTinkerGraphExample3MappingAll...
	titangraph[cassandra:null]: graph-example-3 loaded in 1049.0873330000322ms
Testing testMigratingTinkerGraphExample3...
Testing testReadingTinkerGraph...
Testing testTinkerGraphEdges...
	titangraph[cassandra:null]: graph-example-1 loaded in 1038.3077130001038ms
*** TOTAL TIME [GMLReaderTestSuite]: 13321.43241899996 ***
Tests run: 10, Failures: 0, Errors: 0, Skipped: 0, Time elapsed: 192.289 sec
Running com.thinkaurelius.titan.graphdb.astyanax.InternalAstyanaxGraphTest
Tests run: 19, Failures: 0, Errors: 0, Skipped: 0, Time elapsed: 48.369 sec
Running com.thinkaurelius.titan.diskstorage.cassandra.thrift.InternalCassandraLockKeyColumnValueStoreTest
Tests run: 14, Failures: 0, Errors: 0, Skipped: 0, Time elapsed: 23.434 sec
Running com.thinkaurelius.titan.tinkerpop.rexster.RexsterServerClientCassandraEmbeddedTest
Mar 29, 2013 7:59:22 AM org.glassfish.grizzly.servlet.WebappContext deploy
INFO: Starting application [jersey] ...
Mar 29, 2013 7:59:22 AM com.sun.jersey.server.impl.application.WebApplicationImpl _initiate
INFO: Initiating Jersey application, version 'Jersey: 1.17 01/17/2013 03:31 PM'
Mar 29, 2013 7:59:23 AM org.glassfish.grizzly.servlet.WebappContext initServlets
INFO: [jersey] Servlet [com.sun.jersey.spi.container.servlet.ServletContainer] registered for url pattern(s) [[/*]].
Mar 29, 2013 7:59:23 AM org.glassfish.grizzly.servlet.WebappContext deploy
INFO: Application [jersey] is ready to service requests.  Root: [].
Mar 29, 2013 7:59:23 AM org.glassfish.grizzly.http.server.NetworkListener start
INFO: Started listener bound to [0.0.0.0:8182]
Mar 29, 2013 7:59:23 AM org.glassfish.grizzly.http.server.HttpServer start
INFO: [HttpServer] Started.
Mar 29, 2013 7:59:25 AM org.glassfish.grizzly.http.server.NetworkListener stop
INFO: Stopped listener bound to [0.0.0.0:8182]
Tests run: 1, Failures: 0, Errors: 0, Skipped: 0, Time elapsed: 10.591 sec
Running com.thinkaurelius.titan.graphdb.thrift.InternalCassandraGraphTest
Tests run: 19, Failures: 0, Errors: 0, Skipped: 0, Time elapsed: 46.307 sec
Running com.thinkaurelius.titan.diskstorage.cassandra.astyanax.InternalAstyanaxLockKeyColumnValueStoreTest
Tests run: 14, Failures: 0, Errors: 0, Skipped: 0, Time elapsed: 23.282 sec
Running com.thinkaurelius.titan.diskstorage.cassandra.embedded.InternalCassandraEmbeddedKeyColumnValueTest
Loading time (ms): 552
Reading time (ms): 6508
Tests run: 18, Failures: 0, Errors: 0, Skipped: 0, Time elapsed: 33.446 sec
Running com.thinkaurelius.titan.diskstorage.cassandra.UUIDTest
Tests run: 1, Failures: 0, Errors: 0, Skipped: 0, Time elapsed: 0.676 sec
Running com.thinkaurelius.titan.diskstorage.cassandra.astyanax.InternalAstyanaxMultiWriteKeyColumnValueTest
Tests run: 2, Failures: 0, Errors: 0, Skipped: 0, Time elapsed: 26.116 sec
Running com.thinkaurelius.titan.diskstorage.cassandra.thrift.InternalCassandraThriftMultiWriteKeyColumnValueStoreTest
Tests run: 2, Failures: 0, Errors: 0, Skipped: 0, Time elapsed: 34.226 sec
Running com.thinkaurelius.titan.diskstorage.cassandra.astyanax.InternalAstyanaxKeyColumnValueTest
Loading time (ms): 758
Reading time (ms): 8295
Tests run: 18, Failures: 0, Errors: 0, Skipped: 0, Time elapsed: 53.628 sec

Results :

Tests run: 181, Failures: 0, Errors: 0, Skipped: 0

[INFO]                                                                         
[INFO] ------------------------------------------------------------------------
[INFO] Building Titan-HBase: Distributed Graph Database 0.3.0-SNAPSHOT
[INFO] ------------------------------------------------------------------------
[INFO] 
[INFO] --- maven-enforcer-plugin:1.0:enforce (enforce-maven) @ titan-hbase ---
[INFO] 
[INFO] --- maven-resources-plugin:2.3:resources (default-resources) @ titan-hbase ---
[INFO] Using 'UTF-8' encoding to copy filtered resources.
[INFO] Copying 2 resources
[INFO] 
[INFO] --- maven-compiler-plugin:2.5.1:compile (default-compile) @ titan-hbase ---
[INFO] Nothing to compile - all classes are up to date
[INFO] 
[INFO] --- maven-resources-plugin:2.3:testResources (default-testResources) @ titan-hbase ---
[INFO] Using 'UTF-8' encoding to copy filtered resources.
[INFO] Copying 2 resources
[INFO] 
[INFO] --- maven-compiler-plugin:2.5.1:testCompile (default-testCompile) @ titan-hbase ---
[INFO] Nothing to compile - all classes are up to date
[INFO] 
[INFO] --- maven-dependency-plugin:2.7:copy-dependencies (default) @ titan-hbase ---
[INFO] grizzly-http-2.2.16.jar already exists in destination.
[INFO] oro-2.0.8.jar already exists in destination.
[INFO] pfl-tf-1.0.0-b001.jar already exists in destination.
[INFO] stax-api-1.0.1.jar already exists in destination.
[INFO] commons-net-1.4.1.jar already exists in destination.
[INFO] json-simple-1.1.jar already exists in destination.
[INFO] metrics-core-2.1.2.jar already exists in destination.
[INFO] pfl-basic-tools-1.0.0-b001.jar already exists in destination.
[INFO] concurrent-1.3.4.jar already exists in destination.
[INFO] pipes-2.3.0.jar already exists in destination.
[INFO] httpcore-4.1.3.jar already exists in destination.
[INFO] hadoop-core-1.0.3.jar already exists in destination.
[INFO] gremlin-groovy-2.3.0.jar already exists in destination.
[INFO] groovy-1.8.9.jar already exists in destination.
[INFO] jline-0.9.94.jar already exists in destination.
[INFO] commons-beanutils-1.7.0.jar already exists in destination.
[INFO] jackson-datatype-json-org-2.1.2.jar already exists in destination.
[INFO] commons-httpclient-3.1.jar already exists in destination.
[INFO] javax.servlet-api-3.0.1.jar already exists in destination.
[INFO] asm-commons-3.2.jar already exists in destination.
[INFO] colt-1.2.0.jar already exists in destination.
[INFO] commons-cli-1.2.jar already exists in destination.
[INFO] jersey-client-1.17.jar already exists in destination.
[INFO] jersey-servlet-1.17.jar already exists in destination.
[INFO] jasper-compiler-5.5.23.jar already exists in destination.
[INFO] jackson-annotations-2.1.1.jar already exists in destination.
[INFO] log4j-1.2.16.jar already exists in destination.
[INFO] jamon-runtime-2.3.1.jar already exists in destination.
[INFO] rexster-protocol-2.3.0.jar already exists in destination.
[INFO] minlog-1.2.jar already exists in destination.
[INFO] jackson-xc-1.8.8.jar already exists in destination.
[INFO] kfs-0.3.jar already exists in destination.
[INFO] jackson-core-asl-1.8.8.jar already exists in destination.
[INFO] libthrift-0.8.0.jar already exists in destination.
[INFO] grizzly-http-servlet-2.2.16.jar already exists in destination.
[INFO] hppc-0.4.2.jar already exists in destination.
[INFO] commons-math-2.2.jar already exists in destination.
[INFO] jaxb-api-2.1.jar already exists in destination.
[INFO] jettison-1.3.3.jar already exists in destination.
[INFO] slf4j-api-1.6.1.jar already exists in destination.
[INFO] guava-13.0.1.jar already exists in destination.
[INFO] grizzly-framework-2.2.16.jar already exists in destination.
[INFO] jaxb-impl-2.2.3-1.jar already exists in destination.
[INFO] jersey-core-1.8.jar already exists in destination.
[INFO] commons-el-1.0.jar already exists in destination.
[INFO] asm-3.1.jar already exists in destination.
[INFO] asm-analysis-3.2.jar already exists in destination.
[INFO] gremlin-java-2.3.0.jar already exists in destination.
[INFO] mockito-all-1.8.1.jar already exists in destination.
[INFO] core-3.1.1.jar already exists in destination.
[INFO] jackson-databind-2.1.2.jar already exists in destination.
[INFO] asm-tree-3.2.jar already exists in destination.
[INFO] hbase-0.94.1.jar already exists in destination.
[INFO] commons-logging-1.1.1.jar already exists in destination.
[INFO] kryo-2.21.jar already exists in destination.
[INFO] httpclient-4.1.2.jar already exists in destination.
[INFO] commons-codec-1.7.jar already exists in destination.
[INFO] spatial4j-0.3.jar already exists in destination.
[INFO] protobuf-java-2.4.0a.jar already exists in destination.
[INFO] jersey-grizzly2-1.17.jar already exists in destination.
[INFO] reflectasm-1.07-shaded.jar already exists in destination.
[INFO] jsp-2.1-6.1.14.jar already exists in destination.
[INFO] grizzly-portunif-2.2.16.jar already exists in destination.
[INFO] gmbal-3.2.0-b003.jar already exists in destination.
[INFO] jackson-mapper-asl-1.8.8.jar already exists in destination.
[INFO] jetty-util-6.1.26.jar already exists in destination.
[INFO] objenesis-1.2.jar already exists in destination.
[INFO] jersey-server-1.8.jar already exists in destination.
[INFO] commons-digester-1.8.jar already exists in destination.
[INFO] activation-1.1.jar already exists in destination.
[INFO] commons-lang-2.5.jar already exists in destination.
[INFO] xmlenc-0.52.jar already exists in destination.
[INFO] jets3t-0.7.1.jar already exists in destination.
[INFO] antlr-2.7.7.jar already exists in destination.
[INFO] commons-beanutils-core-1.8.0.jar already exists in destination.
[INFO] grizzly-rcm-2.2.16.jar already exists in destination.
[INFO] asm-util-3.2.jar already exists in destination.
[INFO] pfl-tf-tools-1.0.0-b001.jar already exists in destination.
[INFO] rexster-server-2.3.0.jar already exists in destination.
[INFO] blueprints-test-2.3.0.jar already exists in destination.
[INFO] hsqldb-1.8.0.10.jar already exists in destination.
[INFO] grizzly-core-2.2.16.jar already exists in destination.
[INFO] grizzly-http-server-2.2.16.jar already exists in destination.
[INFO] jsr305-1.3.9.jar already exists in destination.
[INFO] junit-4.8.1.jar already exists in destination.
[INFO] jackson-core-2.1.2.jar already exists in destination.
[INFO] servlet-api-2.5-6.1.14.jar already exists in destination.
[INFO] rexster-core-2.3.0.jar already exists in destination.
[INFO] blueprints-core-2.3.0.jar already exists in destination.
[INFO] classes already exists in destination.
[INFO] jsp-api-2.1-6.1.14.jar already exists in destination.
[INFO] netty-3.2.4.Final.jar already exists in destination.
[INFO] jansi-1.5.jar already exists in destination.
[INFO] zookeeper-3.4.3.jar already exists in destination.
[INFO] commons-collections-3.2.1.jar already exists in destination.
[INFO] json-20090211.jar already exists in destination.
[INFO] commons-io-2.0.1.jar already exists in destination.
[INFO] commons-configuration-1.6.jar already exists in destination.
[INFO] management-api-3.0.0-b012.jar already exists in destination.
[INFO] slf4j-log4j12-1.6.1.jar already exists in destination.
[INFO] jersey-json-1.8.jar already exists in destination.
[INFO] msgpack-0.6.5.jar already exists in destination.
[INFO] jasper-runtime-5.5.23.jar already exists in destination.
[INFO] jackson-jaxrs-1.8.8.jar already exists in destination.
[INFO] avro-ipc-1.5.3.jar already exists in destination.
[INFO] javassist-3.15.0-GA.jar already exists in destination.
[INFO] pfl-basic-1.0.0-b001.jar already exists in destination.
[INFO] jetty-6.1.26.jar already exists in destination.
[INFO] pfl-asm-1.0.0-b001.jar already exists in destination.
[INFO] classes already exists in destination.
[INFO] asm-4.0.jar already exists in destination.
[INFO] high-scale-lib-1.1.1.jar already exists in destination.
[INFO] velocity-1.7.jar already exists in destination.
[INFO] 
[INFO] --- maven-surefire-plugin:2.12.1:test (default-test) @ titan-hbase ---
[INFO] Surefire report directory: /home/travis/build/thinkaurelius/titan/titan-hbase/target/surefire-reports

-------------------------------------------------------
 T E S T S
-------------------------------------------------------
Running com.thinkaurelius.titan.graphdb.hbase.HBaseGraphTest
Deleteing old test directories (if any).
Tests run: 19, Failures: 0, Errors: 0, Skipped: 0, Time elapsed: 109.429 sec
Running com.thinkaurelius.titan.blueprints.HBaseBlueprintsTest
Testing testAddManyVertexProperties...
	titangraph[hbase:null]: 750 vertex properties added (with vertices being added too) in 19805.527492000023ms
Testing testRemoveVertexProperties...
Testing testAddingIdProperty...
Testing testNoConcurrentModificationException...
Testing testGettingEdgesAndVertices...
Testing testEmptyKeyProperty...
Testing testVertexCentricLinking...
Testing testVertexCentricRemoving...
Testing testConcurrentModificationOnProperties...
Testing testSettingBadVertexProperties...
Testing testVertexEquality...
	titangraph[hbase:null]: 1 vertex added and retrieved in 606.8121929999907ms
Testing testVertexEqualityForSuppliedIdsAndHashCode...
Testing testBasicAddVertex...
Testing testGetVertexWithNull...
Testing testRemoveVertex...
Testing testRemoveVertexWithEdges...
Testing testGetNonExistantVertices...
Testing testRemoveVertexNullId...
	titangraph[hbase:null]: 100 vertices added in 3.14593099988997ms
	titangraph[hbase:null]: 100 vertices removed in 2.2761170000303537ms
Testing testVertexIterator...
	titangraph[hbase:null]: 1000 vertices added in 636.5673640000168ms
	titangraph[hbase:null]: 1000 vertices counted in 63.868449999950826ms
Testing testLegalVertexEdgeIterables...
Testing testAddVertexProperties...
*** TOTAL TIME [VertexTestSuite]: 44052.64242599998 ***
Testing testNoConcurrentModificationException...
Testing testEmptyKeyProperty...
Testing testSettingBadVertexProperties...
Testing testAddManyEdges...
	titangraph[hbase:null]: 300 elements added in 3357.3611530000344ms
	titangraph[hbase:null]: 100 edges counted in 81.35746799991466ms
	titangraph[hbase:null]: 200 vertices counted in 67.46794799994677ms
	titangraph[hbase:null]: 200 vertices checked in 71.04047699994408ms
Testing testGetEdges...
	titangraph[hbase:null]: 3 edges retrieved in 0.3211729999165982ms
Testing testGetNonExistantEdges...
Testing testRemoveManyEdges...
	titangraph[hbase:null]: 20 vertices counted in 82.09902000008151ms
	titangraph[hbase:null]: 10 edges counted in 69.93256799993105ms
	titangraph[hbase:null]: 10 edges removed and graph checked in 1357.9497160001192ms
Testing testAddingDuplicateEdges...
Testing testRemoveEdgesByRemovingVertex...
Testing testRemoveEdges...
Testing testAddingSelfLoops...
Testing testRemoveSelfLoops...
Testing testEdgeIterator...
Testing testAddingRemovingEdgeProperties...
Testing testAddingLabelAndIdProperty...
Testing testEdgeCentricRemoving...
Testing testEdgeEquality...
Testing testAddEdges...
	titangraph[hbase:null]: 6 elements added and checked in 920.1356339999475ms
*** TOTAL TIME [EdgeTestSuite]: 29583.48286099988 ***
Testing testStringRepresentationOfVertexId...
Testing testSemanticallyCorrectIterables...
Testing testGettingVerticesAndEdgesWithKeyValue...
Testing testAddingVerticesAndEdges...
Testing testSettingProperties...
Testing testFeatureCompliance...
supportsDuplicateEdges: true
supportsSelfLoops: true
supportsSerializableObjectProperty: true
supportsBooleanProperty: true
supportsDoubleProperty: true
supportsFloatProperty: true
supportsIntegerProperty: true
supportsPrimitiveArrayProperty: true
supportsUniformListProperty: true
supportsMixedListProperty: true
supportsLongProperty: true
supportsMapProperty: true
supportsStringProperty: true
ignoresSuppliedIds: true
isPersistent: true
isRDFModel: false
isWrapper: false
supportsIndices: false
supportsVertexIndex: false
supportsEdgeIndex: false
supportsKeyIndices: true
supportsVertexKeyIndex: true
supportsEdgeKeyIndex: true
supportsEdgeIteration: true
supportsVertexIteration: true
supportsEdgeRetrieval: true
supportsVertexProperties: true
supportsEdgeProperties: true
supportsTransactions: true
supportsThreadedTransactions: true
Testing testEmptyOnConstruction...
Testing testSimpleRemovingVerticesEdges...
Testing testRemovingEdges...
	titangraph[hbase:null]: 100 vertices added in 612.0520570001099ms
	titangraph[hbase:null]: 200 edges added in 5190.307857999811ms
	titangraph[hbase:null]: 200 edges deleted (with size check on each delete) in 26676.764868000057ms
Testing testRemovingVertices...
	titangraph[hbase:null]: 500 vertices added in 619.5158689999953ms
	titangraph[hbase:null]: 250 edges added in 6415.453654999845ms
	titangraph[hbase:null]: 500 vertices deleted (with size check on each delete) in 51337.647926999955ms
Testing testConnectivityPatterns...
Testing testVertexEdgeLabels...
Testing testVertexEdgeLabels2...
Testing testTreeConnectivity...
	titangraph[hbase:null]: 1464 vertices added in a tree structure in 1073.9486990000587ms
	titangraph[hbase:null]: 1464 vertices iterated in 86.33585999999195ms
	titangraph[hbase:null]: 1463 edges iterated in 102.1375410000328ms
Testing testConcurrentModification...
Testing testGraphDataPersists...
	titangraph[hbase:null]: 1 graph loaded in 77.86375600006431ms
Testing testAutotypingOfProperties...
*** TOTAL TIME [GraphTestSuite]: 113844.8319000001 ***
Testing testGraphQueryForEdges...
Testing testGraphQueryForVertices...
Testing testVertexQuery...
*** TOTAL TIME [QueryTestSuite]: 9074.284412000095 ***
Testing testNoConcurrentModificationException...
Testing testGettingVerticesAndEdgesWithKeyValue...
Testing testAutoIndexKeyManagementWithPersistence...
	titangraph[hbase:null]: 2 automatic index keys added in 614.3258030000143ms
	titangraph[hbase:null]: 2 automatic index keys added in 2.100137999979779ms
Testing testKeyIndicesConsistentWithElementRemoval...
*** TOTAL TIME [KeyIndexableGraphTestSuite]: 7438.608526000055 ***
Testing testCompetingThreads...
Testing testTrue...
Testing testAutoStartTransaction...
Testing testTransactionsForVertices...
	titangraph[hbase:null]: 1 vertex not added in failed transaction in 174.0962249999866ms
	titangraph[hbase:null]: 1 vertex added in successful transaction in 87.31981200003065ms
Testing testBasicVertexEdgeTransactions...
Testing testRemoveInTransaction...
Testing testRepeatedTransactionStopException...
Testing testBruteVertexTransactions...
	titangraph[hbase:null]: 100 vertices added in 100 successful transactions in 865.1715700000059ms
	titangraph[hbase:null]: 100 vertices not added in 100 failed transactions in 13.10563200013712ms
	titangraph[hbase:null]: 100 vertices added in 1 successful transactions in 133.80776899983175ms
	titangraph[hbase:null]: 100 vertices not added in 1 failed transactions in 144.2706500000786ms
Testing testTransactionsForEdges...
	titangraph[hbase:null]: 1 edge not added in failed transaction (w/ iteration) in 489.2304670000449ms
	titangraph[hbase:null]: 1 edge added in successful transaction (w/ iteration) in 282.3800620001275ms
Testing testBruteEdgeTransactions...
	titangraph[hbase:null]: 100 edges added in 100 successful transactions (2 vertices added for each edge) in 1346.9079150001053ms
	titangraph[hbase:null]: 100 edges not added in 100 failed transactions (2 vertices added for each edge) in 90.94134499994107ms
	titangraph[hbase:null]: 100 edges added in 1 successful transactions (2 vertices added for each edge) in 363.6791759999469ms
	titangraph[hbase:null]: 100 edges not added in 1 failed transactions (2 vertices added for each edge) in 437.3793719999958ms
Testing testPropertyTransactions...
	titangraph[hbase:null]: 1 vertex added with string property in a successful transaction in 1026.0058959999587ms
	titangraph[hbase:null]: 1 integer property not added in a failed transaction in 9.969598000170663ms
	titangraph[hbase:null]: 2 vertex properties checked in a successful transaction in 3.723037000047043ms
	titangraph[hbase:null]: 1 edge property added and checked in a successful transaction in 108.30240799998865ms
	titangraph[hbase:null]: 1 edge property added and checked in a failed transaction in 0.9928040001541376ms
Testing testIndexTransactions...
Testing testAutomaticSuccessfulTransactionOnShutdown...
Testing testVertexCountOnPreTransactionCommit...
Testing testBulkTransactionsOnEdges...
Testing testTransactionIsolationCommitCheck...
added vertex
reading vertex before tx
read vertex before tx
*** TOTAL TIME [TransactionalTitanGraphTestSuite]: 26966.416169999866 ***
Testing testVertexReattachment...
*** TOTAL TIME [TitanSpecificBlueprintsTestSuite]: 1664.3340559999924 ***
Testing testReadingTinkerGraph...
Testing testTinkerGraphEdges...
	titangraph[hbase:null]: graph-example-1 loaded in 1058.6027089999989ms
Testing testTinkerGraphVertices...
	titangraph[hbase:null]: graph-example-1 loaded in 1053.195821999805ms
Testing testTinkerGraphSoftwareVertices...
	titangraph[hbase:null]: graph-example-1 loaded in 1055.2397900000215ms
Testing testTinkerGraphVertexAndEdges...
	titangraph[hbase:null]: graph-example-1 loaded in 1051.4773099999875ms
Testing testReadingTinkerGraphExample3...
Testing testReadingTinkerGraphExample3MappingLabels...
	titangraph[hbase:null]: graph-example-3 loaded in 1055.428983999882ms
Testing testReadingTinkerGraphExample3MappingIDs...
	titangraph[hbase:null]: graph-example-3 loaded in 1050.734467000002ms
Testing testReadingTinkerGraphExample3MappingAll...
	titangraph[hbase:null]: graph-example-3 loaded in 1049.176669999957ms
Testing testMigratingTinkerGraphExample3...
Testing testAllGraphMLTypeCastsAndDataMappings...
*** TOTAL TIME [GraphMLReaderTestSuite]: 11965.219714999897 ***
Testing testReadingTinkerGraph...
Testing testTinkerGraphEdges...
	titangraph[hbase:null]: graph-example-1 loaded in 1260.0158630001824ms
Testing testTinkerGraphVertices...
	titangraph[hbase:null]: graph-example-1 loaded in 1042.1329540000297ms
Testing testTinkerGraphSoftwareVertices...
	titangraph[hbase:null]: graph-example-1 loaded in 1045.749441999942ms
Testing testTinkerGraphVertexAndEdges...
	titangraph[hbase:null]: graph-example-1 loaded in 1043.8164590001106ms
*** TOTAL TIME [GraphSONReaderTestSuite]: 6651.941057000076 ***
Testing testReadingTinkerGraph...
Testing testTinkerGraphEdges...
	titangraph[hbase:null]: graph-example-1 loaded in 1048.4227140001021ms
Testing testTinkerGraphVertices...
	titangraph[hbase:null]: graph-example-1 loaded in 1048.667627000017ms
Testing testTinkerGraphSoftwareVertices...
	titangraph[hbase:null]: graph-example-1 loaded in 1049.4668829999864ms
Testing testTinkerGraphVertexAndEdges...
	titangraph[hbase:null]: graph-example-1 loaded in 1044.7078450000845ms
Testing testReadingTinkerGraphExample3...
Testing testReadingTinkerGraphExample3MappingLabels...
	titangraph[hbase:null]: graph-example-3 loaded in 1048.3458929997869ms
Testing testReadingTinkerGraphExample3MappingIDs...
	titangraph[hbase:null]: graph-example-3 loaded in 1048.6269980000798ms
Testing testReadingTinkerGraphExample3MappingAll...
	titangraph[hbase:null]: graph-example-3 loaded in 1056.2582010000478ms
Testing testMigratingTinkerGraphExample3...
*** TOTAL TIME [GMLReaderTestSuite]: 11635.849983999971 ***
Tests run: 10, Failures: 0, Errors: 0, Skipped: 0, Time elapsed: 262.899 sec
Running com.thinkaurelius.titan.diskstorage.hbase.HBaseMultiWriteKeyColumnValueStoreTest
Tests run: 2, Failures: 0, Errors: 0, Skipped: 0, Time elapsed: 44.668 sec
Running com.thinkaurelius.titan.diskstorage.hbase.HBaseLockKeyColumnValueStoreTest
Tests run: 14, Failures: 0, Errors: 0, Skipped: 0, Time elapsed: 41.104 sec
Running com.thinkaurelius.titan.diskstorage.hbase.HBaseKeyColumnValueTest
Loading time (ms): 1096
Reading time (ms): 2739
Tests run: 17, Failures: 0, Errors: 0, Skipped: 0, Time elapsed: 90.396 sec
All done. Shutting done HBase.

Results :

Tests run: 62, Failures: 0, Errors: 0, Skipped: 0

[INFO]                                                                         
[INFO] ------------------------------------------------------------------------
[INFO] Building Titan-ElasticSearch: Distributed Indexing Support 0.3.0-SNAPSHOT
[INFO] ------------------------------------------------------------------------
[INFO] 
[INFO] --- maven-enforcer-plugin:1.0:enforce (enforce-maven) @ titan-es ---
[INFO] 
[INFO] --- maven-resources-plugin:2.3:resources (default-resources) @ titan-es ---
[INFO] Using 'UTF-8' encoding to copy filtered resources.
[INFO] skip non existing resourceDirectory /home/travis/build/thinkaurelius/titan/titan-es/src/main/resources
[INFO] 
[INFO] --- maven-compiler-plugin:2.5.1:compile (default-compile) @ titan-es ---
[INFO] Nothing to compile - all classes are up to date
[INFO] 
[INFO] --- maven-resources-plugin:2.3:testResources (default-testResources) @ titan-es ---
[INFO] Using 'UTF-8' encoding to copy filtered resources.
[INFO] Copying 1 resource
[INFO] 
[INFO] --- maven-compiler-plugin:2.5.1:testCompile (default-testCompile) @ titan-es ---
[INFO] Nothing to compile - all classes are up to date
[INFO] 
[INFO] --- maven-surefire-plugin:2.12.1:test (default-test) @ titan-es ---
[INFO] Surefire report directory: /home/travis/build/thinkaurelius/titan/titan-es/target/surefire-reports

-------------------------------------------------------
 T E S T S
-------------------------------------------------------
Running com.thinkaurelius.titan.diskstorage.es.ElasticSearchIndexTest
81 vs 73.867869045
Query time on 30000 docs (ms): 170
Tests run: 5, Failures: 0, Errors: 0, Skipped: 0, Time elapsed: 24.313 sec
Running com.thinkaurelius.titan.diskstorage.es.ElasticSearchBerkeleyDBTest
Tests run: 2, Failures: 0, Errors: 0, Skipped: 0, Time elapsed: 8.889 sec

Results :

Tests run: 7, Failures: 0, Errors: 0, Skipped: 0

[INFO]                                                                         
[INFO] ------------------------------------------------------------------------
[INFO] Building Titan-Lucene: Indexing Support 0.3.0-SNAPSHOT
[INFO] ------------------------------------------------------------------------
[INFO] 
[INFO] --- maven-enforcer-plugin:1.0:enforce (enforce-maven) @ titan-lucene ---
[INFO] 
[INFO] --- maven-resources-plugin:2.3:resources (default-resources) @ titan-lucene ---
[INFO] Using 'UTF-8' encoding to copy filtered resources.
[INFO] skip non existing resourceDirectory /home/travis/build/thinkaurelius/titan/titan-lucene/src/main/resources
[INFO] 
[INFO] --- maven-compiler-plugin:2.5.1:compile (default-compile) @ titan-lucene ---
[INFO] Nothing to compile - all classes are up to date
[INFO] 
[INFO] --- maven-resources-plugin:2.3:testResources (default-testResources) @ titan-lucene ---
[INFO] Using 'UTF-8' encoding to copy filtered resources.
[INFO] Copying 1 resource
[INFO] 
[INFO] --- maven-compiler-plugin:2.5.1:testCompile (default-testCompile) @ titan-lucene ---
[INFO] Nothing to compile - all classes are up to date
[INFO] 
[INFO] --- maven-surefire-plugin:2.12.1:test (default-test) @ titan-lucene ---
[INFO] Surefire report directory: /home/travis/build/thinkaurelius/titan/titan-lucene/target/surefire-reports

-------------------------------------------------------
 T E S T S
-------------------------------------------------------
Running com.thinkaurelius.titan.diskstorage.lucene.LuceneIndexTest
71 vs 73.867869045
Query time on 30000 docs (ms): 292
Tests run: 5, Failures: 0, Errors: 0, Skipped: 0, Time elapsed: 12.119 sec
Running com.thinkaurelius.titan.diskstorage.lucene.LuceneBerkeleyDBTest
Tests run: 2, Failures: 0, Errors: 0, Skipped: 0, Time elapsed: 5.135 sec

Results :

Tests run: 7, Failures: 0, Errors: 0, Skipped: 0

[INFO]                                                                         
[INFO] ------------------------------------------------------------------------
[INFO] Building Titan-All: Complete Titan Distribution 0.3.0-SNAPSHOT
[INFO] ------------------------------------------------------------------------
[INFO] 
[INFO] --- maven-enforcer-plugin:1.0:enforce (enforce-maven) @ titan-all ---
[INFO] 
[INFO] --- maven-resources-plugin:2.3:resources (default-resources) @ titan-all ---
[INFO] Using 'UTF-8' encoding to copy filtered resources.
[INFO] Copying 1 resource
[INFO] 
[INFO] --- maven-compiler-plugin:2.5.1:compile (default-compile) @ titan-all ---
[INFO] No sources to compile
[INFO] 
[INFO] --- maven-resources-plugin:2.3:testResources (default-testResources) @ titan-all ---
[INFO] Using 'UTF-8' encoding to copy filtered resources.
[INFO] skip non existing resourceDirectory /home/travis/build/thinkaurelius/titan/titan-all/src/test/resources
[INFO] 
[INFO] --- maven-compiler-plugin:2.5.1:testCompile (default-testCompile) @ titan-all ---
[INFO] No sources to compile
[INFO] 
[INFO] --- maven-surefire-plugin:2.11:test (default-test) @ titan-all ---
[INFO] No tests to run.
[INFO] Surefire report directory: /home/travis/build/thinkaurelius/titan/titan-all/target/surefire-reports

-------------------------------------------------------
 T E S T S
-------------------------------------------------------

Results :

Tests run: 0, Failures: 0, Errors: 0, Skipped: 0

[INFO] ------------------------------------------------------------------------
[INFO] Reactor Summary:
[INFO] 
[INFO] Titan: Distributed Graph Database ................. SUCCESS [2.455s]
[INFO] Titan-Core: Core Library for Titan ................ SUCCESS [5.010s]
[INFO] Titan-Test: Test Suite for Titan .................. SUCCESS [1:03.862s]
[INFO] Titan-BerkeleyJE: Distributed Graph Database ...... SUCCESS [1:00.802s]
[INFO] Titan-Cassandra: Distributed Graph Database ....... SUCCESS [14:12.805s]
[INFO] Titan-HBase: Distributed Graph Database ........... SUCCESS [9:10.581s]
[INFO] Titan-ElasticSearch: Distributed Indexing Support . SUCCESS [33.956s]
[INFO] Titan-Lucene: Indexing Support .................... SUCCESS [17.890s]
[INFO] Titan-All: Complete Titan Distribution ............ SUCCESS [0.670s]
[INFO] ------------------------------------------------------------------------
[INFO] BUILD SUCCESS
[INFO] ------------------------------------------------------------------------
[INFO] Total time: 26:28.701s
[INFO] Finished at: Fri Mar 29 08:13:18 UTC 2013
[INFO] Final Memory: 17M/169M
[INFO] ------------------------------------------------------------------------

The command "mvn test" exited with 0.

Done. Your build exited with 0.
