Using worker: bluebox-linux-8.worker.travis-ci.org:travis-linux-13

travis_fold:start:git.1$ git clone --depth=50 --branch=master git://github.com/thinkaurelius/titan.git thinkaurelius/titan
Cloning into 'thinkaurelius/titan'...
remote: Counting objects: 3604, done.[K
remote: Compressing objects:   0% (1/1602)   [Kremote: Compressing objects:   1% (17/1602)   [Kremote: Compressing objects:   2% (33/1602)   [Kremote: Compressing objects:   3% (49/1602)   [Kremote: Compressing objects:   4% (65/1602)   [Kremote: Compressing objects:   5% (81/1602)   [Kremote: Compressing objects:   6% (97/1602)   [Kremote: Compressing objects:   7% (113/1602)   [Kremote: Compressing objects:   8% (129/1602)   [Kremote: Compressing objects:   9% (145/1602)   [Kremote: Compressing objects:  10% (161/1602)   [Kremote: Compressing objects:  11% (177/1602)   [Kremote: Compressing objects:  12% (193/1602)   [Kremote: Compressing objects:  13% (209/1602)   [Kremote: Compressing objects:  14% (225/1602)   [Kremote: Compressing objects:  15% (241/1602)   [Kremote: Compressing objects:  16% (257/1602)   [Kremote: Compressing objects:  17% (273/1602)   [Kremote: Compressing objects:  18% (289/1602)   [Kremote: Compressing objects:  19% (305/1602)   [Kremote: Compressing objects:  20% (321/1602)   [Kremote: Compressing objects:  21% (337/1602)   [Kremote: Compressing objects:  22% (353/1602)   [Kremote: Compressing objects:  23% (369/1602)   [Kremote: Compressing objects:  24% (385/1602)   [Kremote: Compressing objects:  25% (401/1602)   [Kremote: Compressing objects:  26% (417/1602)   [Kremote: Compressing objects:  27% (433/1602)   [Kremote: Compressing objects:  28% (449/1602)   [Kremote: Compressing objects:  29% (465/1602)   [Kremote: Compressing objects:  30% (481/1602)   [Kremote: Compressing objects:  31% (497/1602)   [Kremote: Compressing objects:  32% (513/1602)   [Kremote: Compressing objects:  33% (529/1602)   [Kremote: Compressing objects:  34% (545/1602)   [Kremote: Compressing objects:  35% (561/1602)   [Kremote: Compressing objects:  36% (577/1602)   [Kremote: Compressing objects:  37% (593/1602)   [Kremote: Compressing objects:  38% (609/1602)   [Kremote: Compressing objects:  39% (625/1602)   [Kremote: Compressing objects:  40% (641/1602)   [Kremote: Compressing objects:  41% (657/1602)   [Kremote: Compressing objects:  42% (673/1602)   [Kremote: Compressing objects:  43% (689/1602)   [Kremote: Compressing objects:  44% (705/1602)   [Kremote: Compressing objects:  45% (721/1602)   [Kremote: Compressing objects:  46% (737/1602)   [Kremote: Compressing objects:  47% (753/1602)   [Kremote: Compressing objects:  48% (769/1602)   [Kremote: Compressing objects:  49% (785/1602)   [Kremote: Compressing objects:  50% (801/1602)   [Kremote: Compressing objects:  51% (818/1602)   [Kremote: Compressing objects:  52% (834/1602)   [Kremote: Compressing objects:  53% (850/1602)   [Kremote: Compressing objects:  54% (866/1602)   [Kremote: Compressing objects:  55% (882/1602)   [Kremote: Compressing objects:  56% (898/1602)   [Kremote: Compressing objects:  57% (914/1602)   [Kremote: Compressing objects:  58% (930/1602)   [Kremote: Compressing objects:  59% (946/1602)   [Kremote: Compressing objects:  60% (962/1602)   [Kremote: Compressing objects:  61% (978/1602)   [Kremote: Compressing objects:  62% (994/1602)   [Kremote: Compressing objects:  63% (1010/1602)   [Kremote: Compressing objects:  64% (1026/1602)   [Kremote: Compressing objects:  65% (1042/1602)   [Kremote: Compressing objects:  66% (1058/1602)   [Kremote: Compressing objects:  67% (1074/1602)   [Kremote: Compressing objects:  68% (1090/1602)   [Kremote: Compressing objects:  69% (1106/1602)   [Kremote: Compressing objects:  70% (1122/1602)   [Kremote: Compressing objects:  71% (1138/1602)   [Kremote: Compressing objects:  72% (1154/1602)   [Kremote: Compressing objects:  73% (1170/1602)   [Kremote: Compressing objects:  74% (1186/1602)   [Kremote: Compressing objects:  75% (1202/1602)   [Kremote: Compressing objects:  76% (1218/1602)   [Kremote: Compressing objects:  77% (1234/1602)   [Kremote: Compressing objects:  78% (1250/1602)   [Kremote: Compressing objects:  79% (1266/1602)   [Kremote: Compressing objects:  80% (1282/1602)   [Kremote: Compressing objects:  81% (1298/1602)   [Kremote: Compressing objects:  82% (1314/1602)   [Kremote: Compressing objects:  83% (1330/1602)   [Kremote: Compressing objects:  84% (1346/1602)   [Kremote: Compressing objects:  85% (1362/1602)   [Kremote: Compressing objects:  86% (1378/1602)   [Kremote: Compressing objects:  87% (1394/1602)   [Kremote: Compressing objects:  88% (1410/1602)   [Kremote: Compressing objects:  89% (1426/1602)   [Kremote: Compressing objects:  90% (1442/1602)   [Kremote: Compressing objects:  91% (1458/1602)   [Kremote: Compressing objects:  92% (1474/1602)   [Kremote: Compressing objects:  93% (1490/1602)   [Kremote: Compressing objects:  94% (1506/1602)   [Kremote: Compressing objects:  95% (1522/1602)   [Kremote: Compressing objects:  96% (1538/1602)   [Kremote: Compressing objects:  97% (1554/1602)   [Kremote: Compressing objects:  98% (1570/1602)   [Kremote: Compressing objects:  99% (1586/1602)   [Kremote: Compressing objects: 100% (1602/1602)   [Kremote: Compressing objects: 100% (1602/1602), done.[K
Receiving objects:   0% (1/3604)   Receiving objects:   1% (37/3604)   Receiving objects:   2% (73/3604)   Receiving objects:   3% (109/3604)   Receiving objects:   4% (145/3604)   Receiving objects:   5% (181/3604)   Receiving objects:   6% (217/3604)   Receiving objects:   7% (253/3604)   Receiving objects:   8% (289/3604)   Receiving objects:   9% (325/3604)   Receiving objects:  10% (361/3604)   Receiving objects:  11% (397/3604)   Receiving objects:  12% (433/3604)   Receiving objects:  13% (469/3604)   Receiving objects:  14% (505/3604)   Receiving objects:  15% (541/3604)   Receiving objects:  16% (577/3604)   Receiving objects:  17% (613/3604)   Receiving objects:  18% (649/3604)   Receiving objects:  19% (685/3604)   Receiving objects:  20% (721/3604)   Receiving objects:  21% (757/3604)   Receiving objects:  22% (793/3604)   Receiving objects:  23% (829/3604)   Receiving objects:  24% (865/3604)   Receiving objects:  25% (901/3604)   Receiving objects:  26% (938/3604)   Receiving objects:  27% (974/3604)   Receiving objects:  28% (1010/3604)   Receiving objects:  29% (1046/3604)   Receiving objects:  30% (1082/3604)   Receiving objects:  31% (1118/3604), 3.57 MiB | 7.10 MiB/s   Receiving objects:  32% (1154/3604), 3.57 MiB | 7.10 MiB/s   Receiving objects:  33% (1190/3604), 3.57 MiB | 7.10 MiB/s   Receiving objects:  34% (1226/3604), 3.57 MiB | 7.10 MiB/s   Receiving objects:  35% (1262/3604), 3.57 MiB | 7.10 MiB/s   Receiving objects:  36% (1298/3604), 3.57 MiB | 7.10 MiB/s   Receiving objects:  37% (1334/3604), 3.57 MiB | 7.10 MiB/s   Receiving objects:  38% (1370/3604), 3.57 MiB | 7.10 MiB/s   Receiving objects:  39% (1406/3604), 3.57 MiB | 7.10 MiB/s   Receiving objects:  40% (1442/3604), 3.57 MiB | 7.10 MiB/s   Receiving objects:  41% (1478/3604), 3.57 MiB | 7.10 MiB/s   Receiving objects:  42% (1514/3604), 3.57 MiB | 7.10 MiB/s   Receiving objects:  43% (1550/3604), 3.57 MiB | 7.10 MiB/s   Receiving objects:  44% (1586/3604), 3.57 MiB | 7.10 MiB/s   Receiving objects:  45% (1622/3604), 3.57 MiB | 7.10 MiB/s   Receiving objects:  46% (1658/3604), 3.57 MiB | 7.10 MiB/s   Receiving objects:  47% (1694/3604), 3.57 MiB | 7.10 MiB/s   Receiving objects:  48% (1730/3604), 3.57 MiB | 7.10 MiB/s   Receiving objects:  49% (1766/3604), 3.57 MiB | 7.10 MiB/s   Receiving objects:  50% (1802/3604), 3.57 MiB | 7.10 MiB/s   Receiving objects:  51% (1839/3604), 3.57 MiB | 7.10 MiB/s   Receiving objects:  52% (1875/3604), 3.57 MiB | 7.10 MiB/s   Receiving objects:  53% (1911/3604), 3.57 MiB | 7.10 MiB/s   Receiving objects:  54% (1947/3604), 3.57 MiB | 7.10 MiB/s   Receiving objects:  55% (1983/3604), 3.57 MiB | 7.10 MiB/s   Receiving objects:  56% (2019/3604), 3.57 MiB | 7.10 MiB/s   Receiving objects:  57% (2055/3604), 3.57 MiB | 7.10 MiB/s   Receiving objects:  58% (2091/3604), 3.57 MiB | 7.10 MiB/s   Receiving objects:  59% (2127/3604), 3.57 MiB | 7.10 MiB/s   Receiving objects:  60% (2163/3604), 3.57 MiB | 7.10 MiB/s   Receiving objects:  61% (2199/3604), 3.57 MiB | 7.10 MiB/s   Receiving objects:  62% (2235/3604), 3.57 MiB | 7.10 MiB/s   Receiving objects:  63% (2271/3604), 3.57 MiB | 7.10 MiB/s   Receiving objects:  64% (2307/3604), 3.57 MiB | 7.10 MiB/s   Receiving objects:  65% (2343/3604), 3.57 MiB | 7.10 MiB/s   Receiving objects:  66% (2379/3604), 3.57 MiB | 7.10 MiB/s   Receiving objects:  67% (2415/3604), 3.57 MiB | 7.10 MiB/s   Receiving objects:  68% (2451/3604), 3.57 MiB | 7.10 MiB/s   Receiving objects:  69% (2487/3604), 3.57 MiB | 7.10 MiB/s   Receiving objects:  70% (2523/3604), 3.57 MiB | 7.10 MiB/s   Receiving objects:  71% (2559/3604), 3.57 MiB | 7.10 MiB/s   Receiving objects:  72% (2595/3604), 3.57 MiB | 7.10 MiB/s   Receiving objects:  73% (2631/3604), 3.57 MiB | 7.10 MiB/s   Receiving objects:  74% (2667/3604), 3.57 MiB | 7.10 MiB/s   Receiving objects:  75% (2703/3604), 3.57 MiB | 7.10 MiB/s   Receiving objects:  76% (2740/3604), 3.57 MiB | 7.10 MiB/s   Receiving objects:  77% (2776/3604), 3.57 MiB | 7.10 MiB/s   Receiving objects:  78% (2812/3604), 3.57 MiB | 7.10 MiB/s   Receiving objects:  79% (2848/3604), 3.57 MiB | 7.10 MiB/s   Receiving objects:  80% (2884/3604), 3.57 MiB | 7.10 MiB/s   Receiving objects:  81% (2920/3604), 3.57 MiB | 7.10 MiB/s   Receiving objects:  82% (2956/3604), 3.57 MiB | 7.10 MiB/s   Receiving objects:  83% (2992/3604), 3.57 MiB | 7.10 MiB/s   Receiving objects:  84% (3028/3604), 3.57 MiB | 7.10 MiB/s   Receiving objects:  85% (3064/3604), 3.57 MiB | 7.10 MiB/s   Receiving objects:  86% (3100/3604), 3.57 MiB | 7.10 MiB/s   Receiving objects:  87% (3136/3604), 3.57 MiB | 7.10 MiB/s   Receiving objects:  88% (3172/3604), 3.57 MiB | 7.10 MiB/s   Receiving objects:  89% (3208/3604), 3.57 MiB | 7.10 MiB/s   Receiving objects:  90% (3244/3604), 3.57 MiB | 7.10 MiB/s   Receiving objects:  91% (3280/3604), 3.57 MiB | 7.10 MiB/s   Receiving objects:  92% (3316/3604), 3.57 MiB | 7.10 MiB/s   remote: Total 3604 (delta 1376), reused 3196 (delta 1115)[K
Receiving objects:  93% (3352/3604), 3.57 MiB | 7.10 MiB/s   Receiving objects:  94% (3388/3604), 3.57 MiB | 7.10 MiB/s   Receiving objects:  95% (3424/3604), 3.57 MiB | 7.10 MiB/s   Receiving objects:  96% (3460/3604), 3.57 MiB | 7.10 MiB/s   Receiving objects:  97% (3496/3604), 3.57 MiB | 7.10 MiB/s   Receiving objects:  98% (3532/3604), 3.57 MiB | 7.10 MiB/s   Receiving objects:  99% (3568/3604), 3.57 MiB | 7.10 MiB/s   Receiving objects: 100% (3604/3604), 3.57 MiB | 7.10 MiB/s   Receiving objects: 100% (3604/3604), 4.15 MiB | 7.10 MiB/s, done.
Resolving deltas:   0% (0/1376)   Resolving deltas:   1% (17/1376)   Resolving deltas:   2% (29/1376)   Resolving deltas:   3% (45/1376)   Resolving deltas:   4% (68/1376)   Resolving deltas:   5% (69/1376)   Resolving deltas:   6% (83/1376)   Resolving deltas:   7% (97/1376)   Resolving deltas:   8% (111/1376)   Resolving deltas:   9% (137/1376)   Resolving deltas:  10% (143/1376)   Resolving deltas:  11% (155/1376)   Resolving deltas:  12% (166/1376)   Resolving deltas:  13% (181/1376)   Resolving deltas:  14% (196/1376)   Resolving deltas:  16% (223/1376)   Resolving deltas:  17% (236/1376)   Resolving deltas:  18% (250/1376)   Resolving deltas:  19% (264/1376)   Resolving deltas:  20% (287/1376)   Resolving deltas:  21% (289/1376)   Resolving deltas:  23% (318/1376)   Resolving deltas:  24% (334/1376)   Resolving deltas:  25% (344/1376)   Resolving deltas:  26% (361/1376)   Resolving deltas:  27% (373/1376)   Resolving deltas:  28% (387/1376)   Resolving deltas:  29% (402/1376)   Resolving deltas:  30% (413/1376)   Resolving deltas:  31% (429/1376)   Resolving deltas:  32% (441/1376)   Resolving deltas:  33% (455/1376)   Resolving deltas:  34% (468/1376)   Resolving deltas:  35% (482/1376)   Resolving deltas:  36% (498/1376)   Resolving deltas:  37% (510/1376)   Resolving deltas:  38% (523/1376)   Resolving deltas:  39% (538/1376)   Resolving deltas:  40% (552/1376)   Resolving deltas:  41% (568/1376)   Resolving deltas:  42% (578/1376)   Resolving deltas:  43% (595/1376)   Resolving deltas:  44% (609/1376)   Resolving deltas:  45% (623/1376)   Resolving deltas:  46% (634/1376)   Resolving deltas:  47% (647/1376)   Resolving deltas:  48% (665/1376)   Resolving deltas:  49% (675/1376)   Resolving deltas:  50% (693/1376)   Resolving deltas:  51% (704/1376)   Resolving deltas:  52% (716/1376)   Resolving deltas:  53% (732/1376)   Resolving deltas:  54% (744/1376)   Resolving deltas:  55% (757/1376)   Resolving deltas:  56% (771/1376)   Resolving deltas:  57% (785/1376)   Resolving deltas:  58% (804/1376)   Resolving deltas:  59% (814/1376)   Resolving deltas:  61% (841/1376)   Resolving deltas:  62% (854/1376)   Resolving deltas:  63% (867/1376)   Resolving deltas:  64% (883/1376)   Resolving deltas:  65% (897/1376)   Resolving deltas:  66% (910/1376)   Resolving deltas:  67% (922/1376)   Resolving deltas:  68% (948/1376)   Resolving deltas:  69% (960/1376)   Resolving deltas:  70% (969/1376)   Resolving deltas:  71% (981/1376)   Resolving deltas:  72% (995/1376)   Resolving deltas:  73% (1005/1376)   Resolving deltas:  74% (1019/1376)   Resolving deltas:  75% (1032/1376)   Resolving deltas:  77% (1062/1376)   Resolving deltas:  78% (1076/1376)   Resolving deltas:  79% (1094/1376)   Resolving deltas:  80% (1101/1376)   Resolving deltas:  81% (1115/1376)   Resolving deltas:  82% (1130/1376)   Resolving deltas:  83% (1143/1376)   Resolving deltas:  84% (1156/1376)   Resolving deltas:  85% (1171/1376)   Resolving deltas:  86% (1185/1376)   Resolving deltas:  87% (1200/1376)   Resolving deltas:  88% (1212/1376)   Resolving deltas:  89% (1225/1376)   Resolving deltas:  90% (1242/1376)   Resolving deltas:  91% (1258/1376)   Resolving deltas:  92% (1266/1376)   Resolving deltas:  93% (1280/1376)   Resolving deltas:  94% (1300/1376)   Resolving deltas:  95% (1308/1376)   Resolving deltas:  96% (1322/1376)   Resolving deltas:  97% (1346/1376)   Resolving deltas:  98% (1350/1376)   Resolving deltas:  99% (1363/1376)   Resolving deltas: 100% (1376/1376)   Resolving deltas: 100% (1376/1376), done.
travis_fold:end:git.1$ cd thinkaurelius/titan
travis_fold:start:git.2$ git checkout -qf 8f729641930a552a9d05433097bf55cdfd1ce980
travis_fold:end:git.2$ jdk_switcher use openjdk6
Switching to OpenJDK6 (java-1.6.0-openjdk-amd64), JAVA_HOME will be set to /usr/lib/jvm/java-6-openjdk-amd64
update-alternatives: error: no alternatives for apt.
update-alternatives: error: no alternatives for mozilla-javaplugin.so.
update-java-alternatives: plugin alternative does not exist: /usr/lib/jvm/java-6-openjdk-amd64/jre/lib/amd64/IcedTeaPlugin.so
$ java -version
java version "1.6.0_27"
OpenJDK Runtime Environment (IcedTea6 1.12.3) (6b27-1.12.3-0ubuntu1~12.04.1)
OpenJDK 64-Bit Server VM (build 20.0-b12, mixed mode)
$ javac -version
javac 1.6.0_27
travis_fold:start:install$ mvn install --quiet -DskipTests=true
[debug] execute contextualize
[debug] execute contextualize
[debug] execute contextualize
travis_fold:end:install$ mvn test
[INFO] Scanning for projects...
[INFO] ------------------------------------------------------------------------
[INFO] Reactor Build Order:
[INFO] 
[INFO] Titan: Distributed Graph Database
[INFO] Titan-Core: Core Library for Titan
[INFO] Titan-Test: Test Suite for Titan
[INFO] Titan-ElasticSearch: Distributed Indexing Support
[INFO] Titan-BerkeleyJE: Distributed Graph Database
[INFO] Titan-Cassandra: Distributed Graph Database
[INFO] Titan-HBase: Distributed Graph Database
[INFO] Titan-Lucene: Indexing Support
[INFO] Titan-All: Complete Titan Distribution
[INFO]                                                                         
[INFO] ------------------------------------------------------------------------
[INFO] Building Titan: Distributed Graph Database 0.3.0
[INFO] ------------------------------------------------------------------------
[INFO] 
[INFO] --- maven-enforcer-plugin:1.0:enforce (enforce-maven) @ titan ---
[INFO]                                                                         
[INFO] ------------------------------------------------------------------------
[INFO] Building Titan-Core: Core Library for Titan 0.3.0
[INFO] ------------------------------------------------------------------------
[INFO] 
[INFO] --- maven-enforcer-plugin:1.0:enforce (enforce-maven) @ titan-core ---
[INFO] 
[INFO] --- maven-resources-plugin:2.3:resources (default-resources) @ titan-core ---
[INFO] Using 'UTF-8' encoding to copy filtered resources.
[INFO] skip non existing resourceDirectory /home/travis/build/thinkaurelius/titan/titan-core/src/main/resources
[INFO] 
[INFO] --- maven-compiler-plugin:2.5.1:compile (default-compile) @ titan-core ---
[INFO] Nothing to compile - all classes are up to date
[INFO] 
[INFO] --- maven-resources-plugin:2.3:testResources (default-testResources) @ titan-core ---
[INFO] Using 'UTF-8' encoding to copy filtered resources.
[INFO] skip non existing resourceDirectory /home/travis/build/thinkaurelius/titan/titan-core/src/test/resources
[INFO] 
[INFO] --- maven-compiler-plugin:2.5.1:testCompile (default-testCompile) @ titan-core ---
[INFO] No sources to compile
[INFO] 
[INFO] --- maven-surefire-plugin:2.11:test (default-test) @ titan-core ---
[INFO] No tests to run.
[INFO] Surefire report directory: /home/travis/build/thinkaurelius/titan/titan-core/target/surefire-reports
Downloading: http://maven.mirrors.travis-ci.org/nexus/content/repositories/central/org/apache/maven/surefire/surefire-junit3/2.11/surefire-junit3-2.11.pom
2/2 KB            Downloaded: http://maven.mirrors.travis-ci.org/nexus/content/repositories/central/org/apache/maven/surefire/surefire-junit3/2.11/surefire-junit3-2.11.pom (2 KB at 2.0 KB/sec)
Downloading: http://maven.mirrors.travis-ci.org/nexus/content/repositories/central/org/apache/maven/surefire/surefire-providers/2.11/surefire-providers-2.11.pom
3/3 KB            Downloaded: http://maven.mirrors.travis-ci.org/nexus/content/repositories/central/org/apache/maven/surefire/surefire-providers/2.11/surefire-providers-2.11.pom (3 KB at 4.3 KB/sec)
Downloading: http://maven.mirrors.travis-ci.org/nexus/content/repositories/central/org/apache/maven/surefire/surefire-junit3/2.11/surefire-junit3-2.11.jar
4/26 KB   8/26 KB   9/26 KB   13/26 KB   17/26 KB   21/26 KB   23/26 KB   26/26 KB              Downloaded: http://maven.mirrors.travis-ci.org/nexus/content/repositories/central/org/apache/maven/surefire/surefire-junit3/2.11/surefire-junit3-2.11.jar (26 KB at 31.7 KB/sec)

-------------------------------------------------------
 T E S T S
-------------------------------------------------------

Results :

Tests run: 0, Failures: 0, Errors: 0, Skipped: 0

[INFO]                                                                         
[INFO] ------------------------------------------------------------------------
[INFO] Building Titan-Test: Test Suite for Titan 0.3.0
[INFO] ------------------------------------------------------------------------
[INFO] 
[INFO] --- maven-enforcer-plugin:1.0:enforce (enforce-maven) @ titan-test ---
[INFO] 
[INFO] --- maven-resources-plugin:2.3:resources (default-resources) @ titan-test ---
[INFO] Using 'UTF-8' encoding to copy filtered resources.
[INFO] Copying 1 resource
[INFO] 
[INFO] --- maven-compiler-plugin:2.5.1:compile (default-compile) @ titan-test ---
[INFO] Nothing to compile - all classes are up to date
[INFO] 
[INFO] --- maven-resources-plugin:2.3:testResources (default-testResources) @ titan-test ---
[INFO] Using 'UTF-8' encoding to copy filtered resources.
[INFO] Copying 2 resources
[INFO] 
[INFO] --- maven-compiler-plugin:2.5.1:testCompile (default-testCompile) @ titan-test ---
[INFO] Nothing to compile - all classes are up to date
[INFO] 
[INFO] --- maven-surefire-plugin:2.12.1:test (default-test) @ titan-test ---
[INFO] Surefire report directory: /home/travis/build/thinkaurelius/titan/titan-test/target/surefire-reports
Downloading: http://maven.mirrors.travis-ci.org/nexus/content/repositories/central/org/apache/maven/surefire/surefire-junit4/2.12.1/surefire-junit4-2.12.1.pom
3/3 KB              Downloaded: http://maven.mirrors.travis-ci.org/nexus/content/repositories/central/org/apache/maven/surefire/surefire-junit4/2.12.1/surefire-junit4-2.12.1.pom (3 KB at 7.6 KB/sec)
Downloading: http://maven.mirrors.travis-ci.org/nexus/content/repositories/central/org/apache/maven/surefire/surefire-providers/2.12.1/surefire-providers-2.12.1.pom
3/3 KB            Downloaded: http://maven.mirrors.travis-ci.org/nexus/content/repositories/central/org/apache/maven/surefire/surefire-providers/2.12.1/surefire-providers-2.12.1.pom (3 KB at 4.7 KB/sec)
Downloading: http://maven.mirrors.travis-ci.org/nexus/content/repositories/central/org/apache/maven/surefire/surefire-junit4/2.12.1/surefire-junit4-2.12.1.jar
4/34 KB   8/34 KB   9/34 KB   10/34 KB   14/34 KB   18/34 KB   22/34 KB   26/34 KB   27/34 KB   28/34 KB   32/34 KB   34/34 KB              Downloaded: http://maven.mirrors.travis-ci.org/nexus/content/repositories/central/org/apache/maven/surefire/surefire-junit4/2.12.1/surefire-junit4-2.12.1.jar (34 KB at 40.3 KB/sec)

-------------------------------------------------------
 T E S T S
-------------------------------------------------------
Running com.thinkaurelius.titan.util.datastructures.BitMapTest
Tests run: 1, Failures: 0, Errors: 0, Skipped: 0, Time elapsed: 0.027 sec
Running com.thinkaurelius.titan.graphdb.serializer.SerializerTest
Tests run: 9, Failures: 0, Errors: 0, Skipped: 0, Time elapsed: 2.603 sec
Running com.thinkaurelius.titan.util.datastructures.ImmutableLongObjectMapTest
Tests run: 3, Failures: 0, Errors: 0, Skipped: 0, Time elapsed: 0.929 sec
Running com.thinkaurelius.titan.graphdb.idmanagement.VertexIDAssignerTest
Partition: false
partitionMax: 2147483647
localPartition: null
Partition: true
partitionMax: 2147483647
localPartition: null
Partition: true
partitionMax: 2147483647
localPartition: [0, 2000]
Partition: true
partitionMax: 2147483647
localPartition: [-100000, -1]
Partition: true
partitionMax: 2147483647
localPartition: [-10000, 10000]
Partition: true
partitionMax: 100
localPartition: null
Partition: true
partitionMax: 100
localPartition: [0, 2000]
Partition: true
partitionMax: 100
localPartition: [-100000, -1]
Partition: true
partitionMax: 100
localPartition: [-10000, 10000]
Tests run: 9, Failures: 0, Errors: 0, Skipped: 0, Time elapsed: 13.655 sec
Running com.thinkaurelius.titan.diskstorage.locking.LocalLockMediatorTest
Tests run: 1, Failures: 0, Errors: 0, Skipped: 0, Time elapsed: 0.135 sec
Running com.thinkaurelius.titan.graphdb.inmemory.InMemoryGraphTest
Tests run: 19, Failures: 0, Errors: 0, Skipped: 0, Time elapsed: 24.904 sec
Running com.thinkaurelius.titan.graphdb.serializer.ByteBufferTest
Tests run: 3, Failures: 0, Errors: 0, Skipped: 0, Time elapsed: 0.237 sec
Running com.thinkaurelius.titan.graphdb.attribute.GeoshapeTest
circle[10.0,12.5]:100.0
box[[20.0,22.5],[40.5,60.5]]
Tests run: 3, Failures: 0, Errors: 0, Skipped: 0, Time elapsed: 0.017 sec
Running com.thinkaurelius.titan.util.LongEncodingTest
Time to de/encode 1000000 longs (in ms): 1184
Tests run: 1, Failures: 0, Errors: 0, Skipped: 0, Time elapsed: 1.182 sec
Running com.thinkaurelius.titan.diskstorage.inmemory.inMemoryLockKeyColumnValueStoreTest
Tests run: 14, Failures: 0, Errors: 0, Skipped: 0, Time elapsed: 5.74 sec
Running com.thinkaurelius.titan.graphdb.serializer.KryoTest
Tests run: 5, Failures: 0, Errors: 0, Skipped: 0, Time elapsed: 0.005 sec
Running com.thinkaurelius.titan.tinkerpop.rexster.TitanGraphConfigurationTest
Tests run: 1, Failures: 0, Errors: 0, Skipped: 0, Time elapsed: 0.08 sec
Running com.thinkaurelius.titan.diskstorage.util.StorageFeaturesTest
Tests run: 1, Failures: 0, Errors: 0, Skipped: 0, Time elapsed: 0 sec
Running com.thinkaurelius.titan.graphdb.idmanagement.IDManagementTest
Tests run: 3, Failures: 0, Errors: 0, Skipped: 0, Time elapsed: 1.126 sec
Running com.thinkaurelius.titan.tinkerpop.gremlin.ScriptExecutorTest
Tests run: 1, Failures: 0, Errors: 0, Skipped: 0, Time elapsed: 0.004 sec
Running com.thinkaurelius.titan.diskstorage.util.ByteBufferUtilTest
Tests run: 1, Failures: 0, Errors: 0, Skipped: 0, Time elapsed: 0.019 sec
Running com.thinkaurelius.titan.util.datastructures.RandomRemovalListTest
Tests run: 3, Failures: 0, Errors: 0, Skipped: 0, Time elapsed: 0.835 sec
Running com.thinkaurelius.titan.graphdb.idmanagement.VariableLongTest
Writing 10000000 longs in 65567319 bytes. in time: 3115
Writing 1000000 longs in 2983488 bytes. in time: 166
Tests run: 5, Failures: 0, Errors: 0, Skipped: 0, Time elapsed: 4.349 sec
Running com.thinkaurelius.titan.diskstorage.inmemory.InMemoryKeyColumnValueStoreTest
Loading time (ms): 785
Reading time (ms): 115
Tests run: 17, Failures: 0, Errors: 0, Skipped: 0, Time elapsed: 2.895 sec
Running com.thinkaurelius.titan.graphdb.idmanagement.IDPoolTest
Tests run: 3, Failures: 0, Errors: 0, Skipped: 0, Time elapsed: 0.882 sec

Results :

Tests run: 103, Failures: 0, Errors: 0, Skipped: 0

[INFO]                                                                         
[INFO] ------------------------------------------------------------------------
[INFO] Building Titan-ElasticSearch: Distributed Indexing Support 0.3.0
[INFO] ------------------------------------------------------------------------
[INFO] 
[INFO] --- maven-enforcer-plugin:1.0:enforce (enforce-maven) @ titan-es ---
[INFO] 
[INFO] --- maven-resources-plugin:2.3:resources (default-resources) @ titan-es ---
[INFO] Using 'UTF-8' encoding to copy filtered resources.
[INFO] skip non existing resourceDirectory /home/travis/build/thinkaurelius/titan/titan-es/src/main/resources
[INFO] 
[INFO] --- maven-compiler-plugin:2.5.1:compile (default-compile) @ titan-es ---
[INFO] Nothing to compile - all classes are up to date
[INFO] 
[INFO] --- maven-resources-plugin:2.3:testResources (default-testResources) @ titan-es ---
[INFO] Using 'UTF-8' encoding to copy filtered resources.
[INFO] Copying 1 resource
[INFO] 
[INFO] --- maven-compiler-plugin:2.5.1:testCompile (default-testCompile) @ titan-es ---
[INFO] Nothing to compile - all classes are up to date
[INFO] 
[INFO] --- maven-surefire-plugin:2.12.1:test (default-test) @ titan-es ---
[INFO] Surefire report directory: /home/travis/build/thinkaurelius/titan/titan-es/target/surefire-reports

-------------------------------------------------------
 T E S T S
-------------------------------------------------------
Running com.thinkaurelius.titan.diskstorage.es.ElasticSearchIndexTest
66 vs 73.867869045
Query time on 30000 docs (ms): 131
Tests run: 5, Failures: 0, Errors: 0, Skipped: 0, Time elapsed: 26.885 sec

Results :

Tests run: 5, Failures: 0, Errors: 0, Skipped: 0

[INFO]                                                                         
[INFO] ------------------------------------------------------------------------
[INFO] Building Titan-BerkeleyJE: Distributed Graph Database 0.3.0
[INFO] ------------------------------------------------------------------------
[INFO] 
[INFO] --- maven-enforcer-plugin:1.0:enforce (enforce-maven) @ titan-berkeleyje ---
[INFO] 
[INFO] --- maven-resources-plugin:2.3:resources (default-resources) @ titan-berkeleyje ---
[INFO] Using 'UTF-8' encoding to copy filtered resources.
[INFO] Copying 2 resources
[INFO] 
[INFO] --- maven-compiler-plugin:2.5.1:compile (default-compile) @ titan-berkeleyje ---
[INFO] Nothing to compile - all classes are up to date
[INFO] 
[INFO] --- maven-resources-plugin:2.3:testResources (default-testResources) @ titan-berkeleyje ---
[INFO] Using 'UTF-8' encoding to copy filtered resources.
[INFO] Copying 2 resources
[INFO] 
[INFO] --- maven-compiler-plugin:2.5.1:testCompile (default-testCompile) @ titan-berkeleyje ---
[INFO] Nothing to compile - all classes are up to date
[INFO] 
[INFO] --- maven-surefire-plugin:2.12.1:test (default-test) @ titan-berkeleyje ---
[INFO] Surefire report directory: /home/travis/build/thinkaurelius/titan/titan-berkeleyje/target/surefire-reports

-------------------------------------------------------
 T E S T S
-------------------------------------------------------
Running com.thinkaurelius.titan.diskstorage.berkeleyje.BerkeleyDBjeKeyColumnValueVariableTest
Loading time (ms): 2054
Reading time (ms): 738
Tests run: 17, Failures: 0, Errors: 0, Skipped: 0, Time elapsed: 18.849 sec
Running com.thinkaurelius.titan.blueprints.BerkeleyJEBlueprintsTest
Testing testVertexEquality...
Opening graph in: /tmp/titan-test/standard
	titangraph[berkeleyje:/tmp/titan-test/standard]: 1 vertex added and retrieved in 123.57151799998246ms
Testing testVertexEqualityForSuppliedIdsAndHashCode...
Opening graph in: /tmp/titan-test/standard
Testing testBasicAddVertex...
Opening graph in: /tmp/titan-test/standard
Testing testGetVertexWithNull...
Opening graph in: /tmp/titan-test/standard
Testing testRemoveVertex...
Opening graph in: /tmp/titan-test/standard
Testing testRemoveVertexWithEdges...
Opening graph in: /tmp/titan-test/standard
Testing testGetNonExistantVertices...
Opening graph in: /tmp/titan-test/standard
Testing testRemoveVertexNullId...
Opening graph in: /tmp/titan-test/standard
	titangraph[berkeleyje:/tmp/titan-test/standard]: 100 vertices added in 12.77538599993568ms
	titangraph[berkeleyje:/tmp/titan-test/standard]: 100 vertices removed in 11.836980999913067ms
Testing testVertexIterator...
Opening graph in: /tmp/titan-test/standard
	titangraph[berkeleyje:/tmp/titan-test/standard]: 1000 vertices added in 149.05495899997186ms
	titangraph[berkeleyje:/tmp/titan-test/standard]: 1000 vertices counted in 4.084034000057727ms
Testing testLegalVertexEdgeIterables...
Opening graph in: /tmp/titan-test/standard
Testing testAddVertexProperties...
Opening graph in: /tmp/titan-test/standard
Testing testAddManyVertexProperties...
Opening graph in: /tmp/titan-test/standard
	titangraph[berkeleyje:/tmp/titan-test/standard]: 750 vertex properties added (with vertices being added too) in 2301.786550000077ms
Testing testRemoveVertexProperties...
Opening graph in: /tmp/titan-test/standard
Testing testAddingIdProperty...
Opening graph in: /tmp/titan-test/standard
Testing testNoConcurrentModificationException...
Opening graph in: /tmp/titan-test/standard
Testing testGettingEdgesAndVertices...
Opening graph in: /tmp/titan-test/standard
Testing testEmptyKeyProperty...
Opening graph in: /tmp/titan-test/standard
Testing testVertexCentricLinking...
Opening graph in: /tmp/titan-test/standard
Testing testVertexCentricRemoving...
Opening graph in: /tmp/titan-test/standard
Testing testConcurrentModificationOnProperties...
Opening graph in: /tmp/titan-test/standard
Testing testSettingBadVertexProperties...
Opening graph in: /tmp/titan-test/standard
*** TOTAL TIME [VertexTestSuite]: 11322.610576999956 ***
Testing testNoConcurrentModificationException...
Opening graph in: /tmp/titan-test/standard
Testing testEmptyKeyProperty...
Opening graph in: /tmp/titan-test/standard
Testing testSettingBadVertexProperties...
Opening graph in: /tmp/titan-test/standard
Testing testEdgeEquality...
Opening graph in: /tmp/titan-test/standard
Testing testAddEdges...
Opening graph in: /tmp/titan-test/standard
	titangraph[berkeleyje:/tmp/titan-test/standard]: 6 elements added and checked in 17.8323129999917ms
Testing testAddManyEdges...
Opening graph in: /tmp/titan-test/standard
	titangraph[berkeleyje:/tmp/titan-test/standard]: 300 elements added in 608.7198840000201ms
	titangraph[berkeleyje:/tmp/titan-test/standard]: 100 edges counted in 8.686764999991283ms
	titangraph[berkeleyje:/tmp/titan-test/standard]: 200 vertices counted in 0.6498830000637099ms
	titangraph[berkeleyje:/tmp/titan-test/standard]: 200 vertices checked in 25.36425500002224ms
Testing testGetEdges...
Opening graph in: /tmp/titan-test/standard
	titangraph[berkeleyje:/tmp/titan-test/standard]: 3 edges retrieved in 1.5036270000273362ms
Testing testGetNonExistantEdges...
Opening graph in: /tmp/titan-test/standard
Testing testRemoveManyEdges...
Opening graph in: /tmp/titan-test/standard
	titangraph[berkeleyje:/tmp/titan-test/standard]: 20 vertices counted in 0.1919560000533238ms
	titangraph[berkeleyje:/tmp/titan-test/standard]: 10 edges counted in 0.32480800000485033ms
	titangraph[berkeleyje:/tmp/titan-test/standard]: 10 edges removed and graph checked in 7.165345999994315ms
Testing testAddingDuplicateEdges...
Opening graph in: /tmp/titan-test/standard
Testing testRemoveEdgesByRemovingVertex...
Opening graph in: /tmp/titan-test/standard
Testing testRemoveEdges...
Opening graph in: /tmp/titan-test/standard
Testing testAddingSelfLoops...
Opening graph in: /tmp/titan-test/standard
Testing testRemoveSelfLoops...
Opening graph in: /tmp/titan-test/standard
Testing testEdgeIterator...
Opening graph in: /tmp/titan-test/standard
Testing testAddingRemovingEdgeProperties...
Opening graph in: /tmp/titan-test/standard
Testing testAddingLabelAndIdProperty...
Opening graph in: /tmp/titan-test/standard
Testing testEdgeCentricRemoving...
Opening graph in: /tmp/titan-test/standard
*** TOTAL TIME [EdgeTestSuite]: 5790.3304329999955 ***
Testing testFeatureCompliance...
Opening graph in: /tmp/titan-test/standard
supportsDuplicateEdges: true
supportsSelfLoops: true
supportsSerializableObjectProperty: true
supportsBooleanProperty: true
supportsDoubleProperty: true
supportsFloatProperty: true
supportsIntegerProperty: true
supportsPrimitiveArrayProperty: true
supportsUniformListProperty: true
supportsMixedListProperty: true
supportsLongProperty: true
supportsMapProperty: true
supportsStringProperty: true
ignoresSuppliedIds: true
isPersistent: true
isRDFModel: false
isWrapper: false
supportsIndices: false
supportsVertexIndex: false
supportsEdgeIndex: false
supportsKeyIndices: true
supportsVertexKeyIndex: true
supportsEdgeKeyIndex: true
supportsEdgeIteration: true
supportsVertexIteration: true
supportsEdgeRetrieval: true
supportsVertexProperties: true
supportsEdgeProperties: true
supportsTransactions: true
supportsThreadedTransactions: true
Testing testEmptyOnConstruction...
Opening graph in: /tmp/titan-test/standard
Testing testStringRepresentationOfVertexId...
Opening graph in: /tmp/titan-test/standard
Testing testSemanticallyCorrectIterables...
Opening graph in: /tmp/titan-test/standard
Testing testGettingVerticesAndEdgesWithKeyValue...
Opening graph in: /tmp/titan-test/standard
Testing testAddingVerticesAndEdges...
Opening graph in: /tmp/titan-test/standard
Testing testSettingProperties...
Opening graph in: /tmp/titan-test/standard
Testing testSimpleRemovingVerticesEdges...
Opening graph in: /tmp/titan-test/standard
Testing testRemovingEdges...
Opening graph in: /tmp/titan-test/standard
	titangraph[berkeleyje:/tmp/titan-test/standard]: 100 vertices added in 7.1532740000402555ms
	titangraph[berkeleyje:/tmp/titan-test/standard]: 200 edges added in 273.77422599995043ms
	titangraph[berkeleyje:/tmp/titan-test/standard]: 200 edges deleted (with size check on each delete) in 154.81085700006224ms
Testing testRemovingVertices...
Opening graph in: /tmp/titan-test/standard
	titangraph[berkeleyje:/tmp/titan-test/standard]: 500 vertices added in 18.06098200008273ms
	titangraph[berkeleyje:/tmp/titan-test/standard]: 250 edges added in 320.11416099988855ms
	titangraph[berkeleyje:/tmp/titan-test/standard]: 500 vertices deleted (with size check on each delete) in 224.46487000002526ms
Testing testConnectivityPatterns...
Opening graph in: /tmp/titan-test/standard
Testing testVertexEdgeLabels...
Opening graph in: /tmp/titan-test/standard
Testing testVertexEdgeLabels2...
Opening graph in: /tmp/titan-test/standard
Testing testTreeConnectivity...
Opening graph in: /tmp/titan-test/standard
	titangraph[berkeleyje:/tmp/titan-test/standard]: 1464 vertices added in a tree structure in 235.95013500005007ms
	titangraph[berkeleyje:/tmp/titan-test/standard]: 1464 vertices iterated in 1.212569999974221ms
	titangraph[berkeleyje:/tmp/titan-test/standard]: 1463 edges iterated in 34.936685000080615ms
Testing testConcurrentModification...
Opening graph in: /tmp/titan-test/standard
Testing testGraphDataPersists...
Opening graph in: /tmp/titan-test/standard
Opening graph in: /tmp/titan-test/standard
	titangraph[berkeleyje:/tmp/titan-test/standard]: 1 graph loaded in 16.412043999996968ms
Testing testAutotypingOfProperties...
Opening graph in: /tmp/titan-test/standard
*** TOTAL TIME [GraphTestSuite]: 5383.301129000029 ***
Testing testGraphQueryForVertices...
Opening graph in: /tmp/titan-test/standard
Opening graph in: /tmp/titan-test/standard
Testing testGraphQueryForEdges...
Opening graph in: /tmp/titan-test/standard
Opening graph in: /tmp/titan-test/standard
Testing testVertexQuery...
Opening graph in: /tmp/titan-test/standard
*** TOTAL TIME [QueryTestSuite]: 199.7337530000368 ***
Testing testNoConcurrentModificationException...
Opening graph in: /tmp/titan-test/standard
Testing testGettingVerticesAndEdgesWithKeyValue...
Opening graph in: /tmp/titan-test/standard
Testing testAutoIndexKeyManagementWithPersistence...
Opening graph in: /tmp/titan-test/standard
	titangraph[berkeleyje:/tmp/titan-test/standard]: 2 automatic index keys added in 1.6573639999842271ms
	titangraph[berkeleyje:/tmp/titan-test/standard]: 2 automatic index keys added in 0.8700810000300407ms
Opening graph in: /tmp/titan-test/standard
Testing testKeyIndicesConsistentWithElementRemoval...
Opening graph in: /tmp/titan-test/standard
*** TOTAL TIME [KeyIndexableGraphTestSuite]: 228.64238400000613 ***
Testing testCompetingThreads...
Opening graph in: /tmp/titan-test/standard
Opening graph in: /tmp/titan-test/standard
Testing testCompetingThreadsOnMultipleDbInstances...
Opening graph in: /tmp/titan-test/first
Opening graph in: /tmp/titan-test/second
Testing testTrue...
Testing testRepeatedTransactionStopException...
Opening graph in: /tmp/titan-test/standard
Testing testAutoStartTransaction...
Opening graph in: /tmp/titan-test/standard
Testing testTransactionsForVertices...
Opening graph in: /tmp/titan-test/standard
	titangraph[berkeleyje:/tmp/titan-test/standard]: 1 vertex not added in failed transaction in 0.48252099996898323ms
	titangraph[berkeleyje:/tmp/titan-test/standard]: 1 vertex added in successful transaction in 0.47867099998984486ms
Testing testBasicVertexEdgeTransactions...
Opening graph in: /tmp/titan-test/standard
Testing testBruteVertexTransactions...
Opening graph in: /tmp/titan-test/standard
	titangraph[berkeleyje:/tmp/titan-test/standard]: 100 vertices added in 100 successful transactions in 42.35876500001177ms
	titangraph[berkeleyje:/tmp/titan-test/standard]: 100 vertices not added in 100 failed transactions in 14.333515999955125ms
	titangraph[berkeleyje:/tmp/titan-test/standard]: 100 vertices added in 1 successful transactions in 12.081283999956213ms
	titangraph[berkeleyje:/tmp/titan-test/standard]: 100 vertices not added in 1 failed transactions in 7.062659000046551ms
Testing testTransactionsForEdges...
Opening graph in: /tmp/titan-test/standard
	titangraph[berkeleyje:/tmp/titan-test/standard]: 1 edge not added in failed transaction (w/ iteration) in 1.8699110000161454ms
	titangraph[berkeleyje:/tmp/titan-test/standard]: 1 edge added in successful transaction (w/ iteration) in 1.5770849999971688ms
Testing testBruteEdgeTransactions...
Opening graph in: /tmp/titan-test/standard
	titangraph[berkeleyje:/tmp/titan-test/standard]: 100 edges added in 100 successful transactions (2 vertices added for each edge) in 88.80670800001826ms
	titangraph[berkeleyje:/tmp/titan-test/standard]: 100 edges not added in 100 failed transactions (2 vertices added for each edge) in 31.253853000001982ms
	titangraph[berkeleyje:/tmp/titan-test/standard]: 100 edges added in 1 successful transactions (2 vertices added for each edge) in 34.50263400003314ms
	titangraph[berkeleyje:/tmp/titan-test/standard]: 100 edges not added in 1 failed transactions (2 vertices added for each edge) in 36.95062100002542ms
Testing testPropertyTransactions...
Opening graph in: /tmp/titan-test/standard
	titangraph[berkeleyje:/tmp/titan-test/standard]: 1 vertex added with string property in a successful transaction in 3.275164999999106ms
	titangraph[berkeleyje:/tmp/titan-test/standard]: 1 integer property not added in a failed transaction in 1.8926359999459237ms
	titangraph[berkeleyje:/tmp/titan-test/standard]: 2 vertex properties checked in a successful transaction in 0.60022200003732ms
	titangraph[berkeleyje:/tmp/titan-test/standard]: 1 edge property added and checked in a successful transaction in 1.7880359999835491ms
	titangraph[berkeleyje:/tmp/titan-test/standard]: 1 edge property added and checked in a failed transaction in 0.4368030000478029ms
Testing testIndexTransactions...
Opening graph in: /tmp/titan-test/standard
Testing testAutomaticSuccessfulTransactionOnShutdown...
Opening graph in: /tmp/titan-test/standard
Opening graph in: /tmp/titan-test/standard
Testing testVertexCountOnPreTransactionCommit...
Opening graph in: /tmp/titan-test/standard
Testing testBulkTransactionsOnEdges...
Opening graph in: /tmp/titan-test/standard
Testing testTransactionIsolationCommitCheck...
Opening graph in: /tmp/titan-test/standard
added vertex
reading vertex before tx
read vertex before tx
Testing testRemoveInTransaction...
Opening graph in: /tmp/titan-test/standard
*** TOTAL TIME [TransactionalTitanGraphTestSuite]: 2141.0672919999342 ***
Testing testVertexReattachment...
Opening graph in: /tmp/titan-test/standard
*** TOTAL TIME [TitanSpecificBlueprintsTestSuite]: 40.934290000004694 ***
Testing testReadingTinkerGraph...
Opening graph in: /tmp/titan-test/standard
Testing testTinkerGraphEdges...
Opening graph in: /tmp/titan-test/standard
	titangraph[berkeleyje:/tmp/titan-test/standard]: graph-example-1 loaded in 37.73972200008575ms
Testing testTinkerGraphVertices...
Opening graph in: /tmp/titan-test/standard
	titangraph[berkeleyje:/tmp/titan-test/standard]: graph-example-1 loaded in 13.13178500009235ms
Testing testTinkerGraphSoftwareVertices...
Opening graph in: /tmp/titan-test/standard
	titangraph[berkeleyje:/tmp/titan-test/standard]: graph-example-1 loaded in 13.043443000060506ms
Testing testTinkerGraphVertexAndEdges...
Opening graph in: /tmp/titan-test/standard
	titangraph[berkeleyje:/tmp/titan-test/standard]: graph-example-1 loaded in 14.723202999914065ms
Testing testReadingTinkerGraphExample3...
Opening graph in: /tmp/titan-test/standard
Testing testReadingTinkerGraphExample3MappingLabels...
Opening graph in: /tmp/titan-test/standard
	titangraph[berkeleyje:/tmp/titan-test/standard]: graph-example-3 loaded in 19.061318999971263ms
Testing testReadingTinkerGraphExample3MappingIDs...
Opening graph in: /tmp/titan-test/standard
	titangraph[berkeleyje:/tmp/titan-test/standard]: graph-example-3 loaded in 18.534464000025764ms
Testing testReadingTinkerGraphExample3MappingAll...
Opening graph in: /tmp/titan-test/standard
	titangraph[berkeleyje:/tmp/titan-test/standard]: graph-example-3 loaded in 16.31026599998586ms
Testing testMigratingTinkerGraphExample3...
Opening graph in: /tmp/titan-test/standard
Testing testAllGraphMLTypeCastsAndDataMappings...
Opening graph in: /tmp/titan-test/standard
*** TOTAL TIME [GraphMLReaderTestSuite]: 549.8467930000043 ***
Testing testReadingTinkerGraph...
Opening graph in: /tmp/titan-test/standard
Testing testTinkerGraphEdges...
Opening graph in: /tmp/titan-test/standard
	titangraph[berkeleyje:/tmp/titan-test/standard]: graph-example-1 loaded in 241.96614200004842ms
Testing testTinkerGraphVertices...
Opening graph in: /tmp/titan-test/standard
	titangraph[berkeleyje:/tmp/titan-test/standard]: graph-example-1 loaded in 11.401779999956489ms
Testing testTinkerGraphSoftwareVertices...
Opening graph in: /tmp/titan-test/standard
	titangraph[berkeleyje:/tmp/titan-test/standard]: graph-example-1 loaded in 11.099760000011884ms
Testing testTinkerGraphVertexAndEdges...
Opening graph in: /tmp/titan-test/standard
	titangraph[berkeleyje:/tmp/titan-test/standard]: graph-example-1 loaded in 11.733348999987356ms
*** TOTAL TIME [GraphSONReaderTestSuite]: 459.43792699999176 ***
Testing testReadingTinkerGraph...
Opening graph in: /tmp/titan-test/standard
Testing testTinkerGraphEdges...
Opening graph in: /tmp/titan-test/standard
	titangraph[berkeleyje:/tmp/titan-test/standard]: graph-example-1 loaded in 13.072096000076272ms
Testing testTinkerGraphVertices...
Opening graph in: /tmp/titan-test/standard
	titangraph[berkeleyje:/tmp/titan-test/standard]: graph-example-1 loaded in 10.876710999989882ms
Testing testTinkerGraphSoftwareVertices...
Opening graph in: /tmp/titan-test/standard
	titangraph[berkeleyje:/tmp/titan-test/standard]: graph-example-1 loaded in 9.506946000037715ms
Testing testTinkerGraphVertexAndEdges...
Opening graph in: /tmp/titan-test/standard
	titangraph[berkeleyje:/tmp/titan-test/standard]: graph-example-1 loaded in 10.779851999948733ms
Testing testReadingTinkerGraphExample3...
Opening graph in: /tmp/titan-test/standard
Testing testReadingTinkerGraphExample3MappingLabels...
Opening graph in: /tmp/titan-test/standard
	titangraph[berkeleyje:/tmp/titan-test/standard]: graph-example-3 loaded in 10.307831999962218ms
Testing testReadingTinkerGraphExample3MappingIDs...
Opening graph in: /tmp/titan-test/standard
	titangraph[berkeleyje:/tmp/titan-test/standard]: graph-example-3 loaded in 11.366722999955527ms
Testing testReadingTinkerGraphExample3MappingAll...
Opening graph in: /tmp/titan-test/standard
	titangraph[berkeleyje:/tmp/titan-test/standard]: graph-example-3 loaded in 10.86047400010284ms
Testing testMigratingTinkerGraphExample3...
Opening graph in: /tmp/titan-test/standard
*** TOTAL TIME [GMLReaderTestSuite]: 410.09491099999286 ***
Tests run: 10, Failures: 0, Errors: 0, Skipped: 0, Time elapsed: 26.553 sec
Running com.thinkaurelius.titan.tinkerpop.rexster.RexsterServerClientBerkeleyJeTest
Mar 29, 2013 4:21:35 PM org.glassfish.grizzly.servlet.WebappContext deploy
INFO: Starting application [jersey] ...
Mar 29, 2013 4:21:35 PM com.sun.jersey.server.impl.application.WebApplicationImpl _initiate
INFO: Initiating Jersey application, version 'Jersey: 1.17 01/17/2013 03:31 PM'
Mar 29, 2013 4:21:36 PM org.glassfish.grizzly.servlet.WebappContext initServlets
INFO: [jersey] Servlet [com.sun.jersey.spi.container.servlet.ServletContainer] registered for url pattern(s) [[/*]].
Mar 29, 2013 4:21:36 PM org.glassfish.grizzly.servlet.WebappContext deploy
INFO: Application [jersey] is ready to service requests.  Root: [].
Mar 29, 2013 4:21:36 PM org.glassfish.grizzly.http.server.NetworkListener start
INFO: Started listener bound to [0.0.0.0:8182]
Mar 29, 2013 4:21:36 PM org.glassfish.grizzly.http.server.HttpServer start
INFO: [HttpServer] Started.
Mar 29, 2013 4:21:37 PM org.glassfish.grizzly.http.server.NetworkListener stop
INFO: Stopped listener bound to [0.0.0.0:8182]
Tests run: 1, Failures: 0, Errors: 0, Skipped: 0, Time elapsed: 3.552 sec
Running com.thinkaurelius.titan.diskstorage.berkeleyje.BerkeleyJeHashKeyColumnValueTest
Loading time (ms): 2228
Reading time (ms): 534
Tests run: 17, Failures: 0, Errors: 0, Skipped: 0, Time elapsed: 10.536 sec
Running com.thinkaurelius.titan.graphdb.berkeleyje.BerkeleyJEGraphTest
Tests run: 19, Failures: 0, Errors: 0, Skipped: 0, Time elapsed: 4.98 sec
Running com.thinkaurelius.titan.graphdb.berkeleyje.ElasticSearchBerkeleyDBTest
Tests run: 2, Failures: 0, Errors: 0, Skipped: 0, Time elapsed: 12.276 sec
Running com.thinkaurelius.titan.diskstorage.berkeleyje.BerkeleyDBjeKeyColumnValueTest
Loading time (ms): 2865
Reading time (ms): 445
Tests run: 17, Failures: 0, Errors: 0, Skipped: 0, Time elapsed: 10.469 sec
Running com.thinkaurelius.titan.diskstorage.berkeleyje.BerkeleyJEKeyValueTest
Tests run: 7, Failures: 0, Errors: 0, Skipped: 0, Time elapsed: 0.63 sec

Results :

Tests run: 90, Failures: 0, Errors: 0, Skipped: 0

[INFO]                                                                         
[INFO] ------------------------------------------------------------------------
[INFO] Building Titan-Cassandra: Distributed Graph Database 0.3.0
[INFO] ------------------------------------------------------------------------
[INFO] 
[INFO] --- maven-enforcer-plugin:1.0:enforce (enforce-maven) @ titan-cassandra ---
[INFO] 
[INFO] --- maven-resources-plugin:2.5:resources (default-resources) @ titan-cassandra ---
[debug] execute contextualize
[INFO] Using 'UTF-8' encoding to copy filtered resources.
[INFO] Copying 2 resources
[INFO] 
[INFO] --- maven-compiler-plugin:2.5.1:compile (default-compile) @ titan-cassandra ---
[INFO] Nothing to compile - all classes are up to date
[INFO] 
[INFO] --- maven-resources-plugin:2.5:testResources (default-testResources) @ titan-cassandra ---
[debug] execute contextualize
[INFO] Using 'UTF-8' encoding to copy filtered resources.
[INFO] Copying 2 resources
[INFO] 
[INFO] --- maven-resources-plugin:2.5:copy-resources (copy-resources-127.0.0.1) @ titan-cassandra ---
[debug] execute contextualize
[INFO] Using 'UTF-8' encoding to copy filtered resources.
[INFO] Copying 7 resources
[INFO] 
[INFO] --- maven-compiler-plugin:2.5.1:testCompile (default-testCompile) @ titan-cassandra ---
[INFO] Nothing to compile - all classes are up to date
[INFO] 
[INFO] --- maven-surefire-plugin:2.12.1:test (default-test) @ titan-cassandra ---
[INFO] Surefire report directory: /home/travis/build/thinkaurelius/titan/titan-cassandra/target/surefire-reports

-------------------------------------------------------
 T E S T S
-------------------------------------------------------

-------------------------------------------------------
 T E S T S
-------------------------------------------------------
Running com.thinkaurelius.titan.blueprints.EmbeddedCassandraBlueprintsTest
Testing testVertexEquality...
	titangraph[embeddedcassandra:null]: 1 vertex added and retrieved in 686.9599370000651ms
Testing testVertexEqualityForSuppliedIdsAndHashCode...
Testing testBasicAddVertex...
Testing testGetVertexWithNull...
Testing testRemoveVertex...
Testing testRemoveVertexWithEdges...
Testing testGetNonExistantVertices...
Testing testRemoveVertexNullId...
	titangraph[embeddedcassandra:null]: 100 vertices added in 9.205770000000484ms
	titangraph[embeddedcassandra:null]: 100 vertices removed in 7.8174829999916255ms
Testing testVertexIterator...
	titangraph[embeddedcassandra:null]: 1000 vertices added in 701.3991150000365ms
	titangraph[embeddedcassandra:null]: 1000 vertices counted in 4.009957000031136ms
Testing testLegalVertexEdgeIterables...
Testing testAddVertexProperties...
Testing testAddManyVertexProperties...
	titangraph[embeddedcassandra:null]: 750 vertex properties added (with vertices being added too) in 19828.07805599994ms
Testing testRemoveVertexProperties...
Testing testAddingIdProperty...
Testing testNoConcurrentModificationException...
Testing testGettingEdgesAndVertices...
Testing testEmptyKeyProperty...
Testing testVertexCentricLinking...
Testing testVertexCentricRemoving...
Testing testConcurrentModificationOnProperties...
Testing testSettingBadVertexProperties...
*** TOTAL TIME [VertexTestSuite]: 58039.70125100005 ***
Testing testNoConcurrentModificationException...
Testing testEmptyKeyProperty...
Testing testSettingBadVertexProperties...
Testing testEdgeEquality...
Testing testAddEdges...
	titangraph[embeddedcassandra:null]: 6 elements added and checked in 914.071939000045ms
Testing testAddManyEdges...
	titangraph[embeddedcassandra:null]: 300 elements added in 3340.3699880000204ms
	titangraph[embeddedcassandra:null]: 100 edges counted in 2.5292929999995977ms
	titangraph[embeddedcassandra:null]: 200 vertices counted in 0.9348430000245571ms
	titangraph[embeddedcassandra:null]: 200 vertices checked in 25.58816599997226ms
Testing testGetEdges...
	titangraph[embeddedcassandra:null]: 3 edges retrieved in 1.408333000028506ms
Testing testGetNonExistantEdges...
Testing testRemoveManyEdges...
	titangraph[embeddedcassandra:null]: 20 vertices counted in 0.8906549999956042ms
	titangraph[embeddedcassandra:null]: 10 edges counted in 0.7972120000049472ms
	titangraph[embeddedcassandra:null]: 10 edges removed and graph checked in 15.625808999990113ms
Testing testAddingDuplicateEdges...
Testing testRemoveEdgesByRemovingVertex...
Testing testRemoveEdges...
Testing testAddingSelfLoops...
Testing testRemoveSelfLoops...
Testing testEdgeIterator...
Testing testAddingRemovingEdgeProperties...
Testing testAddingLabelAndIdProperty...
Testing testEdgeCentricRemoving...
*** TOTAL TIME [EdgeTestSuite]: 37332.24376400001 ***
Testing testFeatureCompliance...
supportsDuplicateEdges: true
supportsSelfLoops: true
supportsSerializableObjectProperty: true
supportsBooleanProperty: true
supportsDoubleProperty: true
supportsFloatProperty: true
supportsIntegerProperty: true
supportsPrimitiveArrayProperty: true
supportsUniformListProperty: true
supportsMixedListProperty: true
supportsLongProperty: true
supportsMapProperty: true
supportsStringProperty: true
ignoresSuppliedIds: true
isPersistent: true
isRDFModel: false
isWrapper: false
supportsIndices: false
supportsVertexIndex: false
supportsEdgeIndex: false
supportsKeyIndices: true
supportsVertexKeyIndex: true
supportsEdgeKeyIndex: true
supportsEdgeIteration: true
supportsVertexIteration: true
supportsEdgeRetrieval: true
supportsVertexProperties: true
supportsEdgeProperties: true
supportsTransactions: true
supportsThreadedTransactions: true
Testing testEmptyOnConstruction...
Testing testStringRepresentationOfVertexId...
Testing testSemanticallyCorrectIterables...
Testing testGettingVerticesAndEdgesWithKeyValue...
Testing testAddingVerticesAndEdges...
Testing testSettingProperties...
Testing testSimpleRemovingVerticesEdges...
Testing testRemovingEdges...
	titangraph[embeddedcassandra:null]: 100 vertices added in 609.7776890000096ms
	titangraph[embeddedcassandra:null]: 200 edges added in 5162.7551109999185ms
	titangraph[embeddedcassandra:null]: 200 edges deleted (with size check on each delete) in 356.65747500001453ms
Testing testRemovingVertices...
	titangraph[embeddedcassandra:null]: 500 vertices added in 621.5614670000505ms
	titangraph[embeddedcassandra:null]: 250 edges added in 6390.223965999903ms
	titangraph[embeddedcassandra:null]: 500 vertices deleted (with size check on each delete) in 463.1639880000148ms
Testing testConnectivityPatterns...
Testing testVertexEdgeLabels...
Testing testVertexEdgeLabels2...
Testing testTreeConnectivity...
	titangraph[embeddedcassandra:null]: 1464 vertices added in a tree structure in 1086.4478649999946ms
	titangraph[embeddedcassandra:null]: 1464 vertices iterated in 1.510541999945417ms
	titangraph[embeddedcassandra:null]: 1463 edges iterated in 13.88814299996011ms
Testing testConcurrentModification...
Testing testGraphDataPersists...
	titangraph[embeddedcassandra:null]: 1 graph loaded in 3.628432000055909ms
Testing testAutotypingOfProperties...
*** TOTAL TIME [GraphTestSuite]: 33621.795933999936 ***
Testing testGraphQueryForVertices...
Testing testGraphQueryForEdges...
Testing testVertexQuery...
*** TOTAL TIME [QueryTestSuite]: 7474.125965999905 ***
Testing testNoConcurrentModificationException...
Testing testGettingVerticesAndEdgesWithKeyValue...
Testing testAutoIndexKeyManagementWithPersistence...
	titangraph[embeddedcassandra:null]: 2 automatic index keys added in 606.9421679999214ms
	titangraph[embeddedcassandra:null]: 2 automatic index keys added in 1.6318149999715388ms
Testing testKeyIndicesConsistentWithElementRemoval...
*** TOTAL TIME [KeyIndexableGraphTestSuite]: 16455.071494000033 ***
Testing testCompetingThreads...
Testing testTrue...
Testing testRepeatedTransactionStopException...
Testing testAutoStartTransaction...
Testing testTransactionsForVertices...
	titangraph[embeddedcassandra:null]: 1 vertex not added in failed transaction in 2.03506000014022ms
	titangraph[embeddedcassandra:null]: 1 vertex added in successful transaction in 1.1506649998482317ms
Testing testBasicVertexEdgeTransactions...
Testing testBruteVertexTransactions...
	titangraph[embeddedcassandra:null]: 100 vertices added in 100 successful transactions in 637.3977680001408ms
	titangraph[embeddedcassandra:null]: 100 vertices not added in 100 failed transactions in 13.870894000167027ms
	titangraph[embeddedcassandra:null]: 100 vertices added in 1 successful transactions in 14.148378999903798ms
	titangraph[embeddedcassandra:null]: 100 vertices not added in 1 failed transactions in 16.369332999922335ms
Testing testTransactionsForEdges...
	titangraph[embeddedcassandra:null]: 1 edge not added in failed transaction (w/ iteration) in 306.998739000177ms
	titangraph[embeddedcassandra:null]: 1 edge added in successful transaction (w/ iteration) in 105.77313500014134ms
Testing testBruteEdgeTransactions...
	titangraph[embeddedcassandra:null]: 100 edges added in 100 successful transactions (2 vertices added for each edge) in 1094.1849650000222ms
	titangraph[embeddedcassandra:null]: 100 edges not added in 100 failed transactions (2 vertices added for each edge) in 50.69592499989085ms
	titangraph[embeddedcassandra:null]: 100 edges added in 1 successful transactions (2 vertices added for each edge) in 48.61908800015226ms
	titangraph[embeddedcassandra:null]: 100 edges not added in 1 failed transactions (2 vertices added for each edge) in 63.85264199995436ms
Testing testPropertyTransactions...
	titangraph[embeddedcassandra:null]: 1 vertex added with string property in a successful transaction in 1012.5367640000768ms
	titangraph[embeddedcassandra:null]: 1 integer property not added in a failed transaction in 3.7324649998918176ms
	titangraph[embeddedcassandra:null]: 2 vertex properties checked in a successful transaction in 1.406033999985084ms
	titangraph[embeddedcassandra:null]: 1 edge property added and checked in a successful transaction in 103.8564779998269ms
	titangraph[embeddedcassandra:null]: 1 edge property added and checked in a failed transaction in 0.6978260001633316ms
Testing testIndexTransactions...
Testing testAutomaticSuccessfulTransactionOnShutdown...
Testing testVertexCountOnPreTransactionCommit...
Testing testBulkTransactionsOnEdges...
Testing testTransactionIsolationCommitCheck...
added vertex
reading vertex before tx
read vertex before tx
Testing testRemoveInTransaction...
*** TOTAL TIME [TransactionalTitanGraphTestSuite]: 21348.518345999997 ***
Testing testVertexReattachment...
*** TOTAL TIME [TitanSpecificBlueprintsTestSuite]: 3151.6595350001007 ***
Testing testReadingTinkerGraph...
Testing testTinkerGraphEdges...
	titangraph[embeddedcassandra:null]: graph-example-1 loaded in 1047.692548000021ms
Testing testTinkerGraphVertices...
	titangraph[embeddedcassandra:null]: graph-example-1 loaded in 1029.568098000018ms
Testing testTinkerGraphSoftwareVertices...
	titangraph[embeddedcassandra:null]: graph-example-1 loaded in 1027.4499760000035ms
Testing testTinkerGraphVertexAndEdges...
	titangraph[embeddedcassandra:null]: graph-example-1 loaded in 1199.0625350000337ms
Testing testReadingTinkerGraphExample3...
Testing testReadingTinkerGraphExample3MappingLabels...
	titangraph[embeddedcassandra:null]: graph-example-3 loaded in 1031.2968480000272ms
Testing testReadingTinkerGraphExample3MappingIDs...
	titangraph[embeddedcassandra:null]: graph-example-3 loaded in 1030.2869259999134ms
Testing testReadingTinkerGraphExample3MappingAll...
	titangraph[embeddedcassandra:null]: graph-example-3 loaded in 1026.252615999896ms
Testing testMigratingTinkerGraphExample3...
Testing testAllGraphMLTypeCastsAndDataMappings...
*** TOTAL TIME [GraphMLReaderTestSuite]: 17313.446656999877 ***
Testing testReadingTinkerGraph...
Testing testTinkerGraphEdges...
	titangraph[embeddedcassandra:null]: graph-example-1 loaded in 1317.2660840000026ms
Testing testTinkerGraphVertices...
	titangraph[embeddedcassandra:null]: graph-example-1 loaded in 1024.519670000067ms
Testing testTinkerGraphSoftwareVertices...
	titangraph[embeddedcassandra:null]: graph-example-1 loaded in 1025.1938119998667ms
Testing testTinkerGraphVertexAndEdges...
	titangraph[embeddedcassandra:null]: graph-example-1 loaded in 1033.1975529999472ms
*** TOTAL TIME [GraphSONReaderTestSuite]: 6169.649986000033 ***
Testing testReadingTinkerGraph...
Testing testTinkerGraphEdges...
	titangraph[embeddedcassandra:null]: graph-example-1 loaded in 1027.1967839999124ms
Testing testTinkerGraphVertices...
	titangraph[embeddedcassandra:null]: graph-example-1 loaded in 1025.0776740000583ms
Testing testTinkerGraphSoftwareVertices...
	titangraph[embeddedcassandra:null]: graph-example-1 loaded in 1026.8139619999565ms
Testing testTinkerGraphVertexAndEdges...
	titangraph[embeddedcassandra:null]: graph-example-1 loaded in 1025.8661230001599ms
Testing testReadingTinkerGraphExample3...
Testing testReadingTinkerGraphExample3MappingLabels...
	titangraph[embeddedcassandra:null]: graph-example-3 loaded in 1030.4161789999343ms
Testing testReadingTinkerGraphExample3MappingIDs...
	titangraph[embeddedcassandra:null]: graph-example-3 loaded in 1026.258739999961ms
Testing testReadingTinkerGraphExample3MappingAll...
	titangraph[embeddedcassandra:null]: graph-example-3 loaded in 1024.6078069999348ms
Testing testMigratingTinkerGraphExample3...
*** TOTAL TIME [GMLReaderTestSuite]: 12398.733294999925 ***
Tests run: 10, Failures: 0, Errors: 0, Skipped: 0, Time elapsed: 213.365 sec
Running com.thinkaurelius.titan.blueprints.InternalCassandraBlueprintsTest
Testing testVertexEquality...
	titangraph[cassandra:null]: 1 vertex added and retrieved in 692.0702850001398ms
Testing testVertexEqualityForSuppliedIdsAndHashCode...
Testing testBasicAddVertex...
Testing testGetVertexWithNull...
Testing testRemoveVertex...
Testing testRemoveVertexWithEdges...
Testing testGetNonExistantVertices...
Testing testRemoveVertexNullId...
	titangraph[cassandra:null]: 100 vertices added in 8.667737999930978ms
	titangraph[cassandra:null]: 100 vertices removed in 7.691771999932826ms
Testing testVertexIterator...
	titangraph[cassandra:null]: 1000 vertices added in 688.9292079999577ms
	titangraph[cassandra:null]: 1000 vertices counted in 4.1128610000014305ms
Testing testLegalVertexEdgeIterables...
Testing testAddVertexProperties...
Testing testAddManyVertexProperties...
	titangraph[cassandra:null]: 750 vertex properties added (with vertices being added too) in 19853.49557300005ms
Testing testRemoveVertexProperties...
Testing testAddingIdProperty...
Testing testNoConcurrentModificationException...
Testing testGettingEdgesAndVertices...
Testing testEmptyKeyProperty...
Testing testVertexCentricLinking...
Testing testVertexCentricRemoving...
Testing testConcurrentModificationOnProperties...
Testing testSettingBadVertexProperties...
*** TOTAL TIME [VertexTestSuite]: 59916.135073999874 ***
Testing testNoConcurrentModificationException...
Testing testEmptyKeyProperty...
Testing testSettingBadVertexProperties...
Testing testEdgeEquality...
Testing testAddEdges...
	titangraph[cassandra:null]: 6 elements added and checked in 918.4305620000232ms
Testing testAddManyEdges...
	titangraph[cassandra:null]: 300 elements added in 3356.3734349999577ms
	titangraph[cassandra:null]: 100 edges counted in 3.0489380001090467ms
	titangraph[cassandra:null]: 200 vertices counted in 1.562409000005573ms
	titangraph[cassandra:null]: 200 vertices checked in 16.935280999867246ms
Testing testGetEdges...
	titangraph[cassandra:null]: 3 edges retrieved in 1.4295069999061525ms
Testing testGetNonExistantEdges...
Testing testRemoveManyEdges...
	titangraph[cassandra:null]: 20 vertices counted in 1.0447890001814812ms
	titangraph[cassandra:null]: 10 edges counted in 0.9414619999006391ms
	titangraph[cassandra:null]: 10 edges removed and graph checked in 24.635524000041187ms
Testing testAddingDuplicateEdges...
Testing testRemoveEdgesByRemovingVertex...
Testing testRemoveEdges...
Testing testAddingSelfLoops...
Testing testRemoveSelfLoops...
Testing testEdgeIterator...
Testing testAddingRemovingEdgeProperties...
Testing testAddingLabelAndIdProperty...
Testing testEdgeCentricRemoving...
*** TOTAL TIME [EdgeTestSuite]: 41844.77991699986 ***
Testing testFeatureCompliance...
supportsDuplicateEdges: true
supportsSelfLoops: true
supportsSerializableObjectProperty: true
supportsBooleanProperty: true
supportsDoubleProperty: true
supportsFloatProperty: true
supportsIntegerProperty: true
supportsPrimitiveArrayProperty: true
supportsUniformListProperty: true
supportsMixedListProperty: true
supportsLongProperty: true
supportsMapProperty: true
supportsStringProperty: true
ignoresSuppliedIds: true
isPersistent: true
isRDFModel: false
isWrapper: false
supportsIndices: false
supportsVertexIndex: false
supportsEdgeIndex: false
supportsKeyIndices: true
supportsVertexKeyIndex: true
supportsEdgeKeyIndex: true
supportsEdgeIteration: true
supportsVertexIteration: true
supportsEdgeRetrieval: true
supportsVertexProperties: true
supportsEdgeProperties: true
supportsTransactions: true
supportsThreadedTransactions: true
Testing testEmptyOnConstruction...
Testing testStringRepresentationOfVertexId...
Testing testSemanticallyCorrectIterables...
Testing testGettingVerticesAndEdgesWithKeyValue...
Testing testAddingVerticesAndEdges...
Testing testSettingProperties...
Testing testSimpleRemovingVerticesEdges...
Testing testRemovingEdges...
	titangraph[cassandra:null]: 100 vertices added in 621.260314000072ms
	titangraph[cassandra:null]: 200 edges added in 5248.625694999937ms
	titangraph[cassandra:null]: 200 edges deleted (with size check on each delete) in 489.5897649999242ms
Testing testRemovingVertices...
	titangraph[cassandra:null]: 500 vertices added in 626.3444900000468ms
	titangraph[cassandra:null]: 250 edges added in 6431.036950000096ms
	titangraph[cassandra:null]: 500 vertices deleted (with size check on each delete) in 879.6847520000301ms
Testing testConnectivityPatterns...
Testing testVertexEdgeLabels...
Testing testVertexEdgeLabels2...
Testing testTreeConnectivity...
	titangraph[cassandra:null]: 1464 vertices added in a tree structure in 1119.0442609998863ms
	titangraph[cassandra:null]: 1464 vertices iterated in 2.236936999950558ms
	titangraph[cassandra:null]: 1463 edges iterated in 13.36289900005795ms
Testing testConcurrentModification...
Testing testGraphDataPersists...
	titangraph[cassandra:null]: 1 graph loaded in 46.22686899988912ms
Testing testAutotypingOfProperties...
*** TOTAL TIME [GraphTestSuite]: 55401.42870699987 ***
Testing testGraphQueryForVertices...
Testing testGraphQueryForEdges...
Testing testVertexQuery...
*** TOTAL TIME [QueryTestSuite]: 8570.375628000125 ***
Testing testNoConcurrentModificationException...
Testing testGettingVerticesAndEdgesWithKeyValue...
Testing testAutoIndexKeyManagementWithPersistence...
	titangraph[cassandra:null]: 2 automatic index keys added in 609.2056559999473ms
	titangraph[cassandra:null]: 2 automatic index keys added in 1.9441970000043511ms
Testing testKeyIndicesConsistentWithElementRemoval...
*** TOTAL TIME [KeyIndexableGraphTestSuite]: 6570.916200000094 ***
Testing testCompetingThreads...
Testing testTrue...
Testing testRepeatedTransactionStopException...
Testing testAutoStartTransaction...
Testing testTransactionsForVertices...
	titangraph[cassandra:null]: 1 vertex not added in failed transaction in 2.444720999803394ms
	titangraph[cassandra:null]: 1 vertex added in successful transaction in 1.2574020000174642ms
Testing testBasicVertexEdgeTransactions...
Testing testBruteVertexTransactions...
	titangraph[cassandra:null]: 100 vertices added in 100 successful transactions in 661.5694699999876ms
	titangraph[cassandra:null]: 100 vertices not added in 100 failed transactions in 13.174393000081182ms
	titangraph[cassandra:null]: 100 vertices added in 1 successful transactions in 20.004689999856055ms
	titangraph[cassandra:null]: 100 vertices not added in 1 failed transactions in 25.343989999964833ms
Testing testTransactionsForEdges...
	titangraph[cassandra:null]: 1 edge not added in failed transaction (w/ iteration) in 309.7782699998934ms
	titangraph[cassandra:null]: 1 edge added in successful transaction (w/ iteration) in 107.28869600011967ms
Testing testBruteEdgeTransactions...
	titangraph[cassandra:null]: 100 edges added in 100 successful transactions (2 vertices added for each edge) in 1145.9832360001747ms
	titangraph[cassandra:null]: 100 edges not added in 100 failed transactions (2 vertices added for each edge) in 71.23062100005336ms
	titangraph[cassandra:null]: 100 edges added in 1 successful transactions (2 vertices added for each edge) in 78.40121400007047ms
	titangraph[cassandra:null]: 100 edges not added in 1 failed transactions (2 vertices added for each edge) in 111.70652799983509ms
Testing testPropertyTransactions...
	titangraph[cassandra:null]: 1 vertex added with string property in a successful transaction in 1015.5280129997991ms
	titangraph[cassandra:null]: 1 integer property not added in a failed transaction in 3.917775999987498ms
	titangraph[cassandra:null]: 2 vertex properties checked in a successful transaction in 1.5102079999633133ms
	titangraph[cassandra:null]: 1 edge property added and checked in a successful transaction in 147.80892800004221ms
	titangraph[cassandra:null]: 1 edge property added and checked in a failed transaction in 1.0178920000325888ms
Testing testIndexTransactions...
Testing testAutomaticSuccessfulTransactionOnShutdown...
Testing testVertexCountOnPreTransactionCommit...
Testing testBulkTransactionsOnEdges...
Testing testTransactionIsolationCommitCheck...
added vertex
reading vertex before tx
read vertex before tx
Testing testRemoveInTransaction...
*** TOTAL TIME [TransactionalTitanGraphTestSuite]: 52217.051534000086 ***
Testing testVertexReattachment...
*** TOTAL TIME [TitanSpecificBlueprintsTestSuite]: 4305.037695000181 ***
Testing testReadingTinkerGraph...
Testing testTinkerGraphEdges...
	titangraph[cassandra:null]: graph-example-1 loaded in 1265.8796790000051ms
Testing testTinkerGraphVertices...
	titangraph[cassandra:null]: graph-example-1 loaded in 1035.548870000057ms
Testing testTinkerGraphSoftwareVertices...
	titangraph[cassandra:null]: graph-example-1 loaded in 1045.806918000104ms
Testing testTinkerGraphVertexAndEdges...
	titangraph[cassandra:null]: graph-example-1 loaded in 1042.4242869999725ms
Testing testReadingTinkerGraphExample3...
Testing testReadingTinkerGraphExample3MappingLabels...
	titangraph[cassandra:null]: graph-example-3 loaded in 1057.6943609998561ms
Testing testReadingTinkerGraphExample3MappingIDs...
	titangraph[cassandra:null]: graph-example-3 loaded in 1054.3410350000486ms
Testing testReadingTinkerGraphExample3MappingAll...
	titangraph[cassandra:null]: graph-example-3 loaded in 1043.7734620000701ms
Testing testMigratingTinkerGraphExample3...
Testing testAllGraphMLTypeCastsAndDataMappings...
*** TOTAL TIME [GraphMLReaderTestSuite]: 28432.02844600007 ***
Testing testReadingTinkerGraph...
Testing testTinkerGraphEdges...
	titangraph[cassandra:null]: graph-example-1 loaded in 1297.6068150000647ms
Testing testTinkerGraphVertices...
	titangraph[cassandra:null]: graph-example-1 loaded in 1035.589381000027ms
Testing testTinkerGraphSoftwareVertices...
	titangraph[cassandra:null]: graph-example-1 loaded in 1035.9809499999974ms
Testing testTinkerGraphVertexAndEdges...
	titangraph[cassandra:null]: graph-example-1 loaded in 1037.5343049999792ms
*** TOTAL TIME [GraphSONReaderTestSuite]: 9139.785002999939 ***
Testing testReadingTinkerGraph...
Testing testTinkerGraphEdges...
	titangraph[cassandra:null]: graph-example-1 loaded in 1045.5445570000447ms
Testing testTinkerGraphVertices...
	titangraph[cassandra:null]: graph-example-1 loaded in 1449.7413419999648ms
Testing testTinkerGraphSoftwareVertices...
	titangraph[cassandra:null]: graph-example-1 loaded in 1044.7393849999644ms
Testing testTinkerGraphVertexAndEdges...
	titangraph[cassandra:null]: graph-example-1 loaded in 1038.60746999993ms
Testing testReadingTinkerGraphExample3...
Testing testReadingTinkerGraphExample3MappingLabels...
	titangraph[cassandra:null]: graph-example-3 loaded in 1038.3471550000831ms
Testing testReadingTinkerGraphExample3MappingIDs...
	titangraph[cassandra:null]: graph-example-3 loaded in 2248.584520000033ms
Testing testReadingTinkerGraphExample3MappingAll...
	titangraph[cassandra:null]: graph-example-3 loaded in 1035.8573229999747ms
Testing testMigratingTinkerGraphExample3...
*** TOTAL TIME [GMLReaderTestSuite]: 13297.42894500005 ***
Tests run: 10, Failures: 0, Errors: 0, Skipped: 0, Time elapsed: 279.753 sec
Running com.thinkaurelius.titan.diskstorage.cassandra.astyanax.InternalAstyanaxLockKeyColumnValueStoreTest
Tests run: 14, Failures: 0, Errors: 0, Skipped: 0, Time elapsed: 31.135 sec
Running com.thinkaurelius.titan.diskstorage.cassandra.thrift.InternalCassandraThriftMultiWriteKeyColumnValueStoreTest
Tests run: 2, Failures: 0, Errors: 0, Skipped: 0, Time elapsed: 30.924 sec
Running com.thinkaurelius.titan.diskstorage.cassandra.UUIDTest
Tests run: 1, Failures: 0, Errors: 0, Skipped: 0, Time elapsed: 0.459 sec
Running com.thinkaurelius.titan.diskstorage.cassandra.thrift.InternalCassandraThriftKeyColumnValueTest
Loading time (ms): 2121
Reading time (ms): 8461
Tests run: 18, Failures: 0, Errors: 0, Skipped: 0, Time elapsed: 92.617 sec
Running com.thinkaurelius.titan.graphdb.astyanax.InternalAstyanaxGraphTest
Tests run: 19, Failures: 0, Errors: 0, Skipped: 0, Time elapsed: 71.795 sec
Running com.thinkaurelius.titan.diskstorage.cassandra.thrift.InternalCassandraLockKeyColumnValueStoreTest
Tests run: 14, Failures: 0, Errors: 0, Skipped: 0, Time elapsed: 37.833 sec
Running com.thinkaurelius.titan.diskstorage.cassandra.astyanax.InternalAstyanaxKeyColumnValueTest
Loading time (ms): 908
Reading time (ms): 6938
Tests run: 18, Failures: 0, Errors: 0, Skipped: 0, Time elapsed: 87.604 sec
Running com.thinkaurelius.titan.diskstorage.cassandra.embedded.InternalCassandraEmbeddedKeyColumnValueTest
Loading time (ms): 1846
Reading time (ms): 1162
Tests run: 18, Failures: 0, Errors: 0, Skipped: 0, Time elapsed: 32.622 sec
Running com.thinkaurelius.titan.graphdb.embedded.InternalCassandraEmbeddedGraphTest
Tests run: 19, Failures: 0, Errors: 0, Skipped: 0, Time elapsed: 51.825 sec
Running com.thinkaurelius.titan.diskstorage.cassandra.astyanax.InternalAstyanaxMultiWriteKeyColumnValueTest
Tests run: 2, Failures: 0, Errors: 0, Skipped: 0, Time elapsed: 24.845 sec
Running com.thinkaurelius.titan.graphdb.thrift.InternalCassandraGraphTest
Tests run: 19, Failures: 0, Errors: 0, Skipped: 0, Time elapsed: 45.052 sec
Running com.thinkaurelius.titan.diskstorage.cassandra.embedded.InternalCassandraEmbeddedMultiWriteKeyColumnValueStoreTest
Tests run: 2, Failures: 0, Errors: 0, Skipped: 0, Time elapsed: 13.89 sec
Running com.thinkaurelius.titan.diskstorage.cassandra.embedded.InternalCassandraEmbeddedLockKeyColumnValueStoreTest
Tests run: 14, Failures: 0, Errors: 0, Skipped: 0, Time elapsed: 66.431 sec
Running com.thinkaurelius.titan.tinkerpop.rexster.RexsterServerClientCassandraEmbeddedTest
Mar 29, 2013 4:40:55 PM org.glassfish.grizzly.servlet.WebappContext deploy
INFO: Starting application [jersey] ...
Mar 29, 2013 4:40:55 PM com.sun.jersey.server.impl.application.WebApplicationImpl _initiate
INFO: Initiating Jersey application, version 'Jersey: 1.17 01/17/2013 03:31 PM'
Mar 29, 2013 4:40:56 PM org.glassfish.grizzly.servlet.WebappContext initServlets
INFO: [jersey] Servlet [com.sun.jersey.spi.container.servlet.ServletContainer] registered for url pattern(s) [[/*]].
Mar 29, 2013 4:40:56 PM org.glassfish.grizzly.servlet.WebappContext deploy
INFO: Application [jersey] is ready to service requests.  Root: [].
Mar 29, 2013 4:40:56 PM org.glassfish.grizzly.http.server.NetworkListener start
INFO: Started listener bound to [0.0.0.0:8182]
Mar 29, 2013 4:40:56 PM org.glassfish.grizzly.http.server.HttpServer start
INFO: [HttpServer] Started.
Mar 29, 2013 4:40:58 PM org.glassfish.grizzly.http.server.NetworkListener stop
INFO: Stopped listener bound to [0.0.0.0:8182]
Tests run: 1, Failures: 0, Errors: 0, Skipped: 0, Time elapsed: 9.223 sec

Results :

Tests run: 181, Failures: 0, Errors: 0, Skipped: 0

[INFO]                                                                         
[INFO] ------------------------------------------------------------------------
[INFO] Building Titan-HBase: Distributed Graph Database 0.3.0
[INFO] ------------------------------------------------------------------------
[INFO] 
[INFO] --- maven-enforcer-plugin:1.0:enforce (enforce-maven) @ titan-hbase ---
[INFO] 
[INFO] --- maven-resources-plugin:2.3:resources (default-resources) @ titan-hbase ---
[INFO] Using 'UTF-8' encoding to copy filtered resources.
[INFO] Copying 2 resources
[INFO] 
[INFO] --- maven-compiler-plugin:2.5.1:compile (default-compile) @ titan-hbase ---
[INFO] Nothing to compile - all classes are up to date
[INFO] 
[INFO] --- maven-resources-plugin:2.3:testResources (default-testResources) @ titan-hbase ---
[INFO] Using 'UTF-8' encoding to copy filtered resources.
[INFO] Copying 2 resources
[INFO] 
[INFO] --- maven-compiler-plugin:2.5.1:testCompile (default-testCompile) @ titan-hbase ---
[INFO] Nothing to compile - all classes are up to date
[INFO] 
[INFO] --- maven-dependency-plugin:2.7:copy-dependencies (default) @ titan-hbase ---
[INFO] grizzly-http-2.2.16.jar already exists in destination.
[INFO] oro-2.0.8.jar already exists in destination.
[INFO] pfl-tf-1.0.0-b001.jar already exists in destination.
[INFO] stax-api-1.0.1.jar already exists in destination.
[INFO] commons-net-1.4.1.jar already exists in destination.
[INFO] json-simple-1.1.jar already exists in destination.
[INFO] metrics-core-2.1.2.jar already exists in destination.
[INFO] pfl-basic-tools-1.0.0-b001.jar already exists in destination.
[INFO] concurrent-1.3.4.jar already exists in destination.
[INFO] pipes-2.3.0.jar already exists in destination.
[INFO] httpcore-4.1.3.jar already exists in destination.
[INFO] hadoop-core-1.0.3.jar already exists in destination.
[INFO] gremlin-groovy-2.3.0.jar already exists in destination.
[INFO] groovy-1.8.9.jar already exists in destination.
[INFO] classes already exists in destination.
[INFO] jline-0.9.94.jar already exists in destination.
[INFO] commons-beanutils-1.7.0.jar already exists in destination.
[INFO] jackson-datatype-json-org-2.1.2.jar already exists in destination.
[INFO] commons-httpclient-3.1.jar already exists in destination.
[INFO] javax.servlet-api-3.0.1.jar already exists in destination.
[INFO] classes already exists in destination.
[INFO] lucene-memory-3.6.2.jar already exists in destination.
[INFO] asm-commons-3.2.jar already exists in destination.
[INFO] colt-1.2.0.jar already exists in destination.
[INFO] commons-cli-1.2.jar already exists in destination.
[INFO] jersey-client-1.17.jar already exists in destination.
[INFO] jersey-servlet-1.17.jar already exists in destination.
[INFO] jasper-compiler-5.5.23.jar already exists in destination.
[INFO] jackson-annotations-2.1.1.jar already exists in destination.
[INFO] jamon-runtime-2.3.1.jar already exists in destination.
[INFO] log4j-1.2.16.jar already exists in destination.
[INFO] rexster-protocol-2.3.0.jar already exists in destination.
[INFO] lucene-highlighter-3.6.2.jar already exists in destination.
[INFO] minlog-1.2.jar already exists in destination.
[INFO] jackson-xc-1.8.8.jar already exists in destination.
[INFO] kfs-0.3.jar already exists in destination.
[INFO] jackson-core-asl-1.8.8.jar already exists in destination.
[INFO] libthrift-0.8.0.jar already exists in destination.
[INFO] grizzly-http-servlet-2.2.16.jar already exists in destination.
[INFO] hppc-0.4.2.jar already exists in destination.
[INFO] commons-math-2.2.jar already exists in destination.
[INFO] lucene-core-3.6.2.jar already exists in destination.
[INFO] jaxb-api-2.1.jar already exists in destination.
[INFO] jettison-1.3.3.jar already exists in destination.
[INFO] slf4j-api-1.6.1.jar already exists in destination.
[INFO] guava-13.0.1.jar already exists in destination.
[INFO] grizzly-framework-2.2.16.jar already exists in destination.
[INFO] jaxb-impl-2.2.3-1.jar already exists in destination.
[INFO] jersey-core-1.8.jar already exists in destination.
[INFO] commons-el-1.0.jar already exists in destination.
[INFO] asm-3.1.jar already exists in destination.
[INFO] asm-analysis-3.2.jar already exists in destination.
[INFO] gremlin-java-2.3.0.jar already exists in destination.
[INFO] mockito-all-1.8.1.jar already exists in destination.
[INFO] core-3.1.1.jar already exists in destination.
[INFO] jackson-databind-2.1.2.jar already exists in destination.
[INFO] asm-tree-3.2.jar already exists in destination.
[INFO] hbase-0.94.1.jar already exists in destination.
[INFO] lucene-analyzers-3.6.2.jar already exists in destination.
[INFO] elasticsearch-0.20.5.jar already exists in destination.
[INFO] commons-logging-1.1.1.jar already exists in destination.
[INFO] kryo-2.21.jar already exists in destination.
[INFO] httpclient-4.1.2.jar already exists in destination.
[INFO] commons-codec-1.7.jar already exists in destination.
[INFO] spatial4j-0.3.jar already exists in destination.
[INFO] protobuf-java-2.4.0a.jar already exists in destination.
[INFO] jersey-grizzly2-1.17.jar already exists in destination.
[INFO] reflectasm-1.07-shaded.jar already exists in destination.
[INFO] jsp-2.1-6.1.14.jar already exists in destination.
[INFO] grizzly-portunif-2.2.16.jar already exists in destination.
[INFO] gmbal-3.2.0-b003.jar already exists in destination.
[INFO] jackson-mapper-asl-1.8.8.jar already exists in destination.
[INFO] jetty-util-6.1.26.jar already exists in destination.
[INFO] objenesis-1.2.jar already exists in destination.
[INFO] jersey-server-1.8.jar already exists in destination.
[INFO] lucene-queries-3.6.2.jar already exists in destination.
[INFO] commons-digester-1.8.jar already exists in destination.
[INFO] activation-1.1.jar already exists in destination.
[INFO] commons-lang-2.5.jar already exists in destination.
[INFO] xmlenc-0.52.jar already exists in destination.
[INFO] jets3t-0.7.1.jar already exists in destination.
[INFO] antlr-2.7.7.jar already exists in destination.
[INFO] commons-beanutils-core-1.8.0.jar already exists in destination.
[INFO] grizzly-rcm-2.2.16.jar already exists in destination.
[INFO] asm-util-3.2.jar already exists in destination.
[INFO] pfl-tf-tools-1.0.0-b001.jar already exists in destination.
[INFO] rexster-server-2.3.0.jar already exists in destination.
[INFO] blueprints-test-2.3.0.jar already exists in destination.
[INFO] hsqldb-1.8.0.10.jar already exists in destination.
[INFO] grizzly-core-2.2.16.jar already exists in destination.
[INFO] grizzly-http-server-2.2.16.jar already exists in destination.
[INFO] classes already exists in destination.
[INFO] jsr305-1.3.9.jar already exists in destination.
[INFO] junit-4.8.1.jar already exists in destination.
[INFO] jackson-core-2.1.2.jar already exists in destination.
[INFO] servlet-api-2.5-6.1.14.jar already exists in destination.
[INFO] rexster-core-2.3.0.jar already exists in destination.
[INFO] blueprints-core-2.3.0.jar already exists in destination.
[INFO] jsp-api-2.1-6.1.14.jar already exists in destination.
[INFO] netty-3.2.4.Final.jar already exists in destination.
[INFO] jansi-1.5.jar already exists in destination.
[INFO] zookeeper-3.4.3.jar already exists in destination.
[INFO] commons-collections-3.2.1.jar already exists in destination.
[INFO] json-20090211.jar already exists in destination.
[INFO] commons-io-2.0.1.jar already exists in destination.
[INFO] commons-configuration-1.6.jar already exists in destination.
[INFO] management-api-3.0.0-b012.jar already exists in destination.
[INFO] slf4j-log4j12-1.6.1.jar already exists in destination.
[INFO] jersey-json-1.8.jar already exists in destination.
[INFO] msgpack-0.6.5.jar already exists in destination.
[INFO] jasper-runtime-5.5.23.jar already exists in destination.
[INFO] jackson-jaxrs-1.8.8.jar already exists in destination.
[INFO] avro-ipc-1.5.3.jar already exists in destination.
[INFO] javassist-3.15.0-GA.jar already exists in destination.
[INFO] pfl-basic-1.0.0-b001.jar already exists in destination.
[INFO] jetty-6.1.26.jar already exists in destination.
[INFO] pfl-asm-1.0.0-b001.jar already exists in destination.
[INFO] asm-4.0.jar already exists in destination.
[INFO] high-scale-lib-1.1.1.jar already exists in destination.
[INFO] velocity-1.7.jar already exists in destination.
[INFO] 
[INFO] --- maven-surefire-plugin:2.12.1:test (default-test) @ titan-hbase ---
[INFO] Surefire report directory: /home/travis/build/thinkaurelius/titan/titan-hbase/target/surefire-reports

-------------------------------------------------------
 T E S T S
-------------------------------------------------------
Running com.thinkaurelius.titan.diskstorage.hbase.HBaseLockKeyColumnValueStoreTest
Deleteing old test directories (if any).
Tests run: 14, Failures: 0, Errors: 0, Skipped: 0, Time elapsed: 60.175 sec
Running com.thinkaurelius.titan.diskstorage.hbase.HBaseKeyColumnValueTest
Loading time (ms): 1357
Reading time (ms): 3447
Tests run: 17, Failures: 0, Errors: 0, Skipped: 0, Time elapsed: 95.872 sec
Running com.thinkaurelius.titan.diskstorage.hbase.HBaseMultiWriteKeyColumnValueStoreTest
Tests run: 2, Failures: 0, Errors: 0, Skipped: 0, Time elapsed: 40.226 sec
Running com.thinkaurelius.titan.blueprints.HBaseBlueprintsTest
Testing testVertexEquality...
	titangraph[hbase:null]: 1 vertex added and retrieved in 905.6731980000623ms
Testing testVertexEqualityForSuppliedIdsAndHashCode...
Testing testBasicAddVertex...
Testing testGetVertexWithNull...
Testing testRemoveVertex...
Testing testRemoveVertexWithEdges...
Testing testGetNonExistantVertices...
Testing testRemoveVertexNullId...
	titangraph[hbase:null]: 100 vertices added in 9.215352000202984ms
	titangraph[hbase:null]: 100 vertices removed in 7.992738000117242ms
Testing testVertexIterator...
	titangraph[hbase:null]: 1000 vertices added in 704.859006000217ms
	titangraph[hbase:null]: 1000 vertices counted in 4.770847999956459ms
Testing testLegalVertexEdgeIterables...
Testing testAddVertexProperties...
Testing testAddManyVertexProperties...
	titangraph[hbase:null]: 750 vertex properties added (with vertices being added too) in 19903.253893000074ms
Testing testRemoveVertexProperties...
Testing testAddingIdProperty...
Testing testNoConcurrentModificationException...
Testing testGettingEdgesAndVertices...
Testing testEmptyKeyProperty...
Testing testVertexCentricLinking...
Testing testVertexCentricRemoving...
Testing testConcurrentModificationOnProperties...
Testing testSettingBadVertexProperties...
*** TOTAL TIME [VertexTestSuite]: 101189.26106599998 ***
Testing testNoConcurrentModificationException...
Testing testEmptyKeyProperty...
Testing testSettingBadVertexProperties...
Testing testEdgeEquality...
Testing testAddEdges...
	titangraph[hbase:null]: 6 elements added and checked in 921.1592080001719ms
Testing testAddManyEdges...
	titangraph[hbase:null]: 300 elements added in 3360.8778249998577ms
	titangraph[hbase:null]: 100 edges counted in 25.56799199990928ms
	titangraph[hbase:null]: 200 vertices counted in 16.356713000219315ms
	titangraph[hbase:null]: 200 vertices checked in 21.08605599962175ms
Testing testGetEdges...
	titangraph[hbase:null]: 3 edges retrieved in 2.269584000110626ms
Testing testGetNonExistantEdges...
Testing testRemoveManyEdges...
	titangraph[hbase:null]: 20 vertices counted in 22.013491000048816ms
	titangraph[hbase:null]: 10 edges counted in 20.20184599980712ms
	titangraph[hbase:null]: 10 edges removed and graph checked in 397.3392089996487ms
Testing testAddingDuplicateEdges...
Testing testRemoveEdgesByRemovingVertex...
Testing testRemoveEdges...
Testing testAddingSelfLoops...
Testing testRemoveSelfLoops...
Testing testEdgeIterator...
Testing testAddingRemovingEdgeProperties...
Testing testAddingLabelAndIdProperty...
Testing testEdgeCentricRemoving...
*** TOTAL TIME [EdgeTestSuite]: 45722.26651899982 ***
Testing testFeatureCompliance...
supportsDuplicateEdges: true
supportsSelfLoops: true
supportsSerializableObjectProperty: true
supportsBooleanProperty: true
supportsDoubleProperty: true
supportsFloatProperty: true
supportsIntegerProperty: true
supportsPrimitiveArrayProperty: true
supportsUniformListProperty: true
supportsMixedListProperty: true
supportsLongProperty: true
supportsMapProperty: true
supportsStringProperty: true
ignoresSuppliedIds: true
isPersistent: true
isRDFModel: false
isWrapper: false
supportsIndices: false
supportsVertexIndex: false
supportsEdgeIndex: false
supportsKeyIndices: true
supportsVertexKeyIndex: true
supportsEdgeKeyIndex: true
supportsEdgeIteration: true
supportsVertexIteration: true
supportsEdgeRetrieval: true
supportsVertexProperties: true
supportsEdgeProperties: true
supportsTransactions: true
supportsThreadedTransactions: true
Testing testEmptyOnConstruction...
Testing testStringRepresentationOfVertexId...
Testing testSemanticallyCorrectIterables...
Testing testGettingVerticesAndEdgesWithKeyValue...
Testing testAddingVerticesAndEdges...
Testing testSettingProperties...
Testing testSimpleRemovingVerticesEdges...
Testing testRemovingEdges...
	titangraph[hbase:null]: 100 vertices added in 612.8186050001532ms
	titangraph[hbase:null]: 200 edges added in 5198.288795000408ms
	titangraph[hbase:null]: 200 edges deleted (with size check on each delete) in 7869.921589000151ms
Testing testRemovingVertices...
	titangraph[hbase:null]: 500 vertices added in 625.1490540001541ms
	titangraph[hbase:null]: 250 edges added in 6418.814991999883ms
	titangraph[hbase:null]: 500 vertices deleted (with size check on each delete) in 16138.008014999796ms
Testing testConnectivityPatterns...
Testing testVertexEdgeLabels...
Testing testVertexEdgeLabels2...
Testing testTreeConnectivity...
	titangraph[hbase:null]: 1464 vertices added in a tree structure in 1107.7577439998277ms
	titangraph[hbase:null]: 1464 vertices iterated in 22.64067400014028ms
	titangraph[hbase:null]: 1463 edges iterated in 30.17839499982074ms
Testing testConcurrentModification...
Testing testGraphDataPersists...
	titangraph[hbase:null]: 1 graph loaded in 69.17602699995041ms
Testing testAutotypingOfProperties...
*** TOTAL TIME [GraphTestSuite]: 66635.8768439996 ***
Testing testGraphQueryForVertices...
Testing testGraphQueryForEdges...
Testing testVertexQuery...
*** TOTAL TIME [QueryTestSuite]: 8514.406905999873 ***
Testing testNoConcurrentModificationException...
Testing testGettingVerticesAndEdgesWithKeyValue...
Testing testAutoIndexKeyManagementWithPersistence...
	titangraph[hbase:null]: 2 automatic index keys added in 614.1075309999287ms
	titangraph[hbase:null]: 2 automatic index keys added in 2.1110909995622933ms
Testing testKeyIndicesConsistentWithElementRemoval...
*** TOTAL TIME [KeyIndexableGraphTestSuite]: 7017.625793999992 ***
Testing testCompetingThreads...
Testing testTrue...
Testing testRepeatedTransactionStopException...
Testing testAutoStartTransaction...
Testing testTransactionsForVertices...
	titangraph[hbase:null]: 1 vertex not added in failed transaction in 76.52202900033444ms
	titangraph[hbase:null]: 1 vertex added in successful transaction in 41.677616000175476ms
Testing testBasicVertexEdgeTransactions...
Testing testBruteVertexTransactions...
	titangraph[hbase:null]: 100 vertices added in 100 successful transactions in 966.2822120003402ms
	titangraph[hbase:null]: 100 vertices not added in 100 failed transactions in 10.300658999942243ms
	titangraph[hbase:null]: 100 vertices added in 1 successful transactions in 70.60845199972391ms
	titangraph[hbase:null]: 100 vertices not added in 1 failed transactions in 79.13186700036749ms
Testing testTransactionsForEdges...
	titangraph[hbase:null]: 1 edge not added in failed transaction (w/ iteration) in 386.8353940001689ms
	titangraph[hbase:null]: 1 edge added in successful transaction (w/ iteration) in 214.1609090003185ms
Testing testBruteEdgeTransactions...
	titangraph[hbase:null]: 100 edges added in 100 successful transactions (2 vertices added for each edge) in 1344.1028129998595ms
	titangraph[hbase:null]: 100 edges not added in 100 failed transactions (2 vertices added for each edge) in 79.98205800028518ms
	titangraph[hbase:null]: 100 edges added in 1 successful transactions (2 vertices added for each edge) in 235.4940789998509ms
	titangraph[hbase:null]: 100 edges not added in 1 failed transactions (2 vertices added for each edge) in 304.62415000004694ms
Testing testPropertyTransactions...
	titangraph[hbase:null]: 1 vertex added with string property in a successful transaction in 1023.1975730000995ms
	titangraph[hbase:null]: 1 integer property not added in a failed transaction in 5.146753000095487ms
	titangraph[hbase:null]: 2 vertex properties checked in a successful transaction in 2.0508619998581707ms
	titangraph[hbase:null]: 1 edge property added and checked in a successful transaction in 111.06523000029847ms
	titangraph[hbase:null]: 1 edge property added and checked in a failed transaction in 1.0736319995485246ms
Testing testIndexTransactions...
Testing testAutomaticSuccessfulTransactionOnShutdown...
Testing testVertexCountOnPreTransactionCommit...
Testing testBulkTransactionsOnEdges...
Testing testTransactionIsolationCommitCheck...
added vertex
reading vertex before tx
read vertex before tx
Testing testRemoveInTransaction...
*** TOTAL TIME [TransactionalTitanGraphTestSuite]: 35255.88644600008 ***
Testing testVertexReattachment...
*** TOTAL TIME [TitanSpecificBlueprintsTestSuite]: 2878.8728649998084 ***
Testing testReadingTinkerGraph...
Testing testTinkerGraphEdges...
	titangraph[hbase:null]: graph-example-1 loaded in 2537.8489320003428ms
Testing testTinkerGraphVertices...
	titangraph[hbase:null]: graph-example-1 loaded in 1046.0184610001743ms
Testing testTinkerGraphSoftwareVertices...
	titangraph[hbase:null]: graph-example-1 loaded in 1043.2928270003758ms
Testing testTinkerGraphVertexAndEdges...
	titangraph[hbase:null]: graph-example-1 loaded in 1040.6840050001629ms
Testing testReadingTinkerGraphExample3...
Testing testReadingTinkerGraphExample3MappingLabels...
	titangraph[hbase:null]: graph-example-3 loaded in 1924.522346000187ms
Testing testReadingTinkerGraphExample3MappingIDs...
	titangraph[hbase:null]: graph-example-3 loaded in 1048.7935109999962ms
Testing testReadingTinkerGraphExample3MappingAll...
	titangraph[hbase:null]: graph-example-3 loaded in 1040.0528420000337ms
Testing testMigratingTinkerGraphExample3...
Testing testAllGraphMLTypeCastsAndDataMappings...
*** TOTAL TIME [GraphMLReaderTestSuite]: 20220.59099500021 ***
Testing testReadingTinkerGraph...
Testing testTinkerGraphEdges...
	titangraph[hbase:null]: graph-example-1 loaded in 1244.0177970002405ms
Testing testTinkerGraphVertices...
	titangraph[hbase:null]: graph-example-1 loaded in 1042.2246359996498ms
Testing testTinkerGraphSoftwareVertices...
	titangraph[hbase:null]: graph-example-1 loaded in 1039.766951000318ms
Testing testTinkerGraphVertexAndEdges...
	titangraph[hbase:null]: graph-example-1 loaded in 1037.2654330004007ms
*** TOTAL TIME [GraphSONReaderTestSuite]: 8261.94753200002 ***
Testing testReadingTinkerGraph...
Testing testTinkerGraphEdges...
	titangraph[hbase:null]: graph-example-1 loaded in 1039.8269109996036ms
Testing testTinkerGraphVertices...
	titangraph[hbase:null]: graph-example-1 loaded in 1040.9385649999604ms
Testing testTinkerGraphSoftwareVertices...
	titangraph[hbase:null]: graph-example-1 loaded in 1041.8841519998387ms
Testing testTinkerGraphVertexAndEdges...
	titangraph[hbase:null]: graph-example-1 loaded in 1037.0782249998301ms
Testing testReadingTinkerGraphExample3...
Testing testReadingTinkerGraphExample3MappingLabels...
	titangraph[hbase:null]: graph-example-3 loaded in 1046.5188119998202ms
Testing testReadingTinkerGraphExample3MappingIDs...
	titangraph[hbase:null]: graph-example-3 loaded in 1043.2813030001707ms
Testing testReadingTinkerGraphExample3MappingAll...
	titangraph[hbase:null]: graph-example-3 loaded in 1043.1970970002003ms
Testing testMigratingTinkerGraphExample3...
*** TOTAL TIME [GMLReaderTestSuite]: 15795.05617400026 ***
Tests run: 10, Failures: 0, Errors: 0, Skipped: 0, Time elapsed: 311.52 sec
Running com.thinkaurelius.titan.graphdb.hbase.HBaseGraphTest
Tests run: 19, Failures: 0, Errors: 0, Skipped: 0, Time elapsed: 51.318 sec
All done. Shutting done HBase.

Results :

Tests run: 62, Failures: 0, Errors: 0, Skipped: 0

[INFO]                                                                         
[INFO] ------------------------------------------------------------------------
[INFO] Building Titan-Lucene: Indexing Support 0.3.0
[INFO] ------------------------------------------------------------------------
[INFO] 
[INFO] --- maven-enforcer-plugin:1.0:enforce (enforce-maven) @ titan-lucene ---
[INFO] 
[INFO] --- maven-resources-plugin:2.3:resources (default-resources) @ titan-lucene ---
[INFO] Using 'UTF-8' encoding to copy filtered resources.
[INFO] skip non existing resourceDirectory /home/travis/build/thinkaurelius/titan/titan-lucene/src/main/resources
[INFO] 
[INFO] --- maven-compiler-plugin:2.5.1:compile (default-compile) @ titan-lucene ---
[INFO] Nothing to compile - all classes are up to date
[INFO] 
[INFO] --- maven-resources-plugin:2.3:testResources (default-testResources) @ titan-lucene ---
[INFO] Using 'UTF-8' encoding to copy filtered resources.
[INFO] Copying 1 resource
[INFO] 
[INFO] --- maven-compiler-plugin:2.5.1:testCompile (default-testCompile) @ titan-lucene ---
[INFO] Nothing to compile - all classes are up to date
[INFO] 
[INFO] --- maven-surefire-plugin:2.12.1:test (default-test) @ titan-lucene ---
[INFO] Surefire report directory: /home/travis/build/thinkaurelius/titan/titan-lucene/target/surefire-reports

-------------------------------------------------------
 T E S T S
-------------------------------------------------------
Running com.thinkaurelius.titan.diskstorage.lucene.LuceneBerkeleyDBTest
Tests run: 2, Failures: 0, Errors: 1, Skipped: 0, Time elapsed: 2.554 sec <<< FAILURE!
Running com.thinkaurelius.titan.diskstorage.lucene.LuceneIndexTest
Tests run: 8, Failures: 0, Errors: 6, Skipped: 0, Time elapsed: 0.249 sec <<< FAILURE!

Results :

Tests in error: 
  testIndexing(com.thinkaurelius.titan.diskstorage.lucene.LuceneBerkeleyDBTest): org.apache.lucene.index.BufferedDeletesStream.<init>(Lorg/apache/lucene/util/InfoStream;)V
  singleStore(com.thinkaurelius.titan.diskstorage.lucene.LuceneIndexTest): org.apache.lucene.index.BufferedDeletesStream.<init>(Lorg/apache/lucene/util/InfoStream;)V
  singleStore(com.thinkaurelius.titan.diskstorage.lucene.LuceneIndexTest): org.apache.lucene.index.BufferedDeletesStream.<init>(Lorg/apache/lucene/util/InfoStream;)V
  multipleStores(com.thinkaurelius.titan.diskstorage.lucene.LuceneIndexTest): org.apache.lucene.index.BufferedDeletesStream.<init>(Lorg/apache/lucene/util/InfoStream;)V
  multipleStores(com.thinkaurelius.titan.diskstorage.lucene.LuceneIndexTest): org.apache.lucene.index.BufferedDeletesStream.<init>(Lorg/apache/lucene/util/InfoStream;)V
  largeTest(com.thinkaurelius.titan.diskstorage.lucene.LuceneIndexTest): org.apache.lucene.index.BufferedDeletesStream.<init>(Lorg/apache/lucene/util/InfoStream;)V
  largeTest(com.thinkaurelius.titan.diskstorage.lucene.LuceneIndexTest): org.apache.lucene.index.BufferedDeletesStream.<init>(Lorg/apache/lucene/util/InfoStream;)V

Tests run: 10, Failures: 0, Errors: 7, Skipped: 0

[INFO] ------------------------------------------------------------------------
[INFO] Reactor Summary:
[INFO] 
[INFO] Titan: Distributed Graph Database ................. SUCCESS [1.082s]
[INFO] Titan-Core: Core Library for Titan ................ SUCCESS [4.288s]
[INFO] Titan-Test: Test Suite for Titan .................. SUCCESS [1:02.203s]
[INFO] Titan-ElasticSearch: Distributed Indexing Support . SUCCESS [27.394s]
[INFO] Titan-BerkeleyJE: Distributed Graph Database ...... SUCCESS [1:28.370s]
[INFO] Titan-Cassandra: Distributed Graph Database ....... SUCCESS [18:43.886s]
[INFO] Titan-HBase: Distributed Graph Database ........... SUCCESS [9:27.518s]
[INFO] Titan-Lucene: Indexing Support .................... FAILURE [3.513s]
[INFO] Titan-All: Complete Titan Distribution ............ SKIPPED
[INFO] ------------------------------------------------------------------------
[INFO] BUILD FAILURE
[INFO] ------------------------------------------------------------------------
[INFO] Total time: 31:18.722s
[INFO] Finished at: Fri Mar 29 16:50:31 UTC 2013
[INFO] Final Memory: 17M/172M
[INFO] ------------------------------------------------------------------------
[ERROR] Failed to execute goal org.apache.maven.plugins:maven-surefire-plugin:2.12.1:test (default-test) on project titan-lucene: There are test failures.
[ERROR] 
[ERROR] Please refer to /home/travis/build/thinkaurelius/titan/titan-lucene/target/surefire-reports for the individual test results.
[ERROR] -> [Help 1]
[ERROR] 
[ERROR] To see the full stack trace of the errors, re-run Maven with the -e switch.
[ERROR] Re-run Maven using the -X switch to enable full debug logging.
[ERROR] 
[ERROR] For more information about the errors and possible solutions, please read the following articles:
[ERROR] [Help 1] http://cwiki.apache.org/confluence/display/MAVEN/MojoFailureException
[ERROR] 
[ERROR] After correcting the problems, you can resume the build with the command
[ERROR]   mvn <goals> -rf :titan-lucene

The command "mvn test" exited with 1.

Done. Your build exited with 1.
