Using worker: bluebox-linux-1.worker.travis-ci.org:travis-linux-6

travis_fold:start:git.1$ git clone --depth=50 --branch=master git://github.com/thinkaurelius/titan.git thinkaurelius/titan
Cloning into 'thinkaurelius/titan'...
remote: Counting objects: 3298, done.[K
remote: Compressing objects:   0% (1/1587)   [Kremote: Compressing objects:   1% (16/1587)   [Kremote: Compressing objects:   2% (32/1587)   [Kremote: Compressing objects:   3% (48/1587)   [Kremote: Compressing objects:   4% (64/1587)   [Kremote: Compressing objects:   5% (80/1587)   [Kremote: Compressing objects:   6% (96/1587)   [Kremote: Compressing objects:   7% (112/1587)   [Kremote: Compressing objects:   8% (127/1587)   [Kremote: Compressing objects:   9% (143/1587)   [Kremote: Compressing objects:  10% (159/1587)   [Kremote: Compressing objects:  11% (175/1587)   [Kremote: Compressing objects:  12% (191/1587)   [Kremote: Compressing objects:  13% (207/1587)   [Kremote: Compressing objects:  14% (223/1587)   [Kremote: Compressing objects:  15% (239/1587)   [Kremote: Compressing objects:  16% (254/1587)   [Kremote: Compressing objects:  17% (270/1587)   [Kremote: Compressing objects:  18% (286/1587)   [Kremote: Compressing objects:  19% (302/1587)   [Kremote: Compressing objects:  20% (318/1587)   [Kremote: Compressing objects:  21% (334/1587)   [Kremote: Compressing objects:  22% (350/1587)   [Kremote: Compressing objects:  23% (366/1587)   [Kremote: Compressing objects:  24% (381/1587)   [Kremote: Compressing objects:  25% (397/1587)   [Kremote: Compressing objects:  26% (413/1587)   [Kremote: Compressing objects:  27% (429/1587)   [Kremote: Compressing objects:  28% (445/1587)   [Kremote: Compressing objects:  29% (461/1587)   [Kremote: Compressing objects:  30% (477/1587)   [Kremote: Compressing objects:  31% (492/1587)   [Kremote: Compressing objects:  32% (508/1587)   [Kremote: Compressing objects:  33% (524/1587)   [Kremote: Compressing objects:  33% (536/1587)   [Kremote: Compressing objects:  34% (540/1587)   [Kremote: Compressing objects:  35% (556/1587)   [Kremote: Compressing objects:  36% (572/1587)   [Kremote: Compressing objects:  37% (588/1587)   [Kremote: Compressing objects:  38% (604/1587)   [Kremote: Compressing objects:  39% (619/1587)   [Kremote: Compressing objects:  40% (635/1587)   [Kremote: Compressing objects:  41% (651/1587)   [Kremote: Compressing objects:  42% (667/1587)   [Kremote: Compressing objects:  43% (683/1587)   [Kremote: Compressing objects:  44% (699/1587)   [Kremote: Compressing objects:  45% (715/1587)   [Kremote: Compressing objects:  46% (731/1587)   [Kremote: Compressing objects:  47% (746/1587)   [Kremote: Compressing objects:  48% (762/1587)   [Kremote: Compressing objects:  49% (778/1587)   [Kremote: Compressing objects:  50% (794/1587)   [Kremote: Compressing objects:  51% (810/1587)   [Kremote: Compressing objects:  52% (826/1587)   [Kremote: Compressing objects:  53% (842/1587)   [Kremote: Compressing objects:  54% (857/1587)   [Kremote: Compressing objects:  55% (873/1587)   [Kremote: Compressing objects:  56% (889/1587)   [Kremote: Compressing objects:  57% (905/1587)   [Kremote: Compressing objects:  58% (921/1587)   [Kremote: Compressing objects:  59% (937/1587)   [Kremote: Compressing objects:  60% (953/1587)   [Kremote: Compressing objects:  61% (969/1587)   [Kremote: Compressing objects:  62% (984/1587)   [Kremote: Compressing objects:  63% (1000/1587)   [Kremote: Compressing objects:  64% (1016/1587)   [Kremote: Compressing objects:  65% (1032/1587)   [Kremote: Compressing objects:  66% (1048/1587)   [Kremote: Compressing objects:  67% (1064/1587)   [Kremote: Compressing objects:  68% (1080/1587)   [Kremote: Compressing objects:  69% (1096/1587)   [Kremote: Compressing objects:  70% (1111/1587)   [Kremote: Compressing objects:  71% (1127/1587)   [Kremote: Compressing objects:  72% (1143/1587)   [Kremote: Compressing objects:  73% (1159/1587)   [Kremote: Compressing objects:  74% (1175/1587)   [Kremote: Compressing objects:  75% (1191/1587)   [Kremote: Compressing objects:  76% (1207/1587)   [Kremote: Compressing objects:  77% (1222/1587)   [Kremote: Compressing objects:  78% (1238/1587)   [Kremote: Compressing objects:  79% (1254/1587)   [Kremote: Compressing objects:  80% (1270/1587)   [Kremote: Compressing objects:  81% (1286/1587)   [Kremote: Compressing objects:  82% (1302/1587)   [Kremote: Compressing objects:  83% (1318/1587)   [Kremote: Compressing objects:  84% (1334/1587)   [Kremote: Compressing objects:  85% (1349/1587)   [Kremote: Compressing objects:  86% (1365/1587)   [Kremote: Compressing objects:  87% (1381/1587)   [Kremote: Compressing objects:  88% (1397/1587)   [Kremote: Compressing objects:  89% (1413/1587)   [Kremote: Compressing objects:  90% (1429/1587)   [Kremote: Compressing objects:  91% (1445/1587)   [Kremote: Compressing objects:  92% (1461/1587)   [Kremote: Compressing objects:  93% (1476/1587)   [Kremote: Compressing objects:  94% (1492/1587)   [Kremote: Compressing objects:  95% (1508/1587)   [Kremote: Compressing objects:  96% (1524/1587)   [Kremote: Compressing objects:  97% (1540/1587)   [Kremote: Compressing objects:  98% (1556/1587)   [Kremote: Compressing objects:  99% (1572/1587)   [Kremote: Compressing objects: 100% (1587/1587)   [Kremote: Compressing objects: 100% (1587/1587), done.[K
Receiving objects:   0% (1/3298)   Receiving objects:   1% (33/3298)   Receiving objects:   2% (66/3298)   Receiving objects:   3% (99/3298)   Receiving objects:   4% (132/3298)   Receiving objects:   5% (165/3298)   Receiving objects:   6% (198/3298)   Receiving objects:   7% (231/3298)   Receiving objects:   8% (264/3298)   Receiving objects:   9% (297/3298)   Receiving objects:  10% (330/3298)   Receiving objects:  11% (363/3298)   Receiving objects:  12% (396/3298)   Receiving objects:  13% (429/3298)   Receiving objects:  14% (462/3298)   Receiving objects:  15% (495/3298)   Receiving objects:  16% (528/3298)   Receiving objects:  17% (561/3298)   Receiving objects:  18% (594/3298)   Receiving objects:  19% (627/3298)   Receiving objects:  20% (660/3298)   Receiving objects:  21% (693/3298)   Receiving objects:  22% (726/3298)   Receiving objects:  23% (759/3298)   Receiving objects:  24% (792/3298)   Receiving objects:  25% (825/3298)   Receiving objects:  26% (858/3298)   Receiving objects:  27% (891/3298)   Receiving objects:  28% (924/3298)   Receiving objects:  29% (957/3298)   Receiving objects:  30% (990/3298)   Receiving objects:  31% (1023/3298)   Receiving objects:  32% (1056/3298)   Receiving objects:  33% (1089/3298)   Receiving objects:  34% (1122/3298)   Receiving objects:  35% (1155/3298)   Receiving objects:  36% (1188/3298)   Receiving objects:  37% (1221/3298)   Receiving objects:  38% (1254/3298)   Receiving objects:  39% (1287/3298)   Receiving objects:  40% (1320/3298)   Receiving objects:  41% (1353/3298)   Receiving objects:  42% (1386/3298)   Receiving objects:  43% (1419/3298)   Receiving objects:  44% (1452/3298)   Receiving objects:  45% (1485/3298)   Receiving objects:  46% (1518/3298)   Receiving objects:  47% (1551/3298)   Receiving objects:  48% (1584/3298)   Receiving objects:  49% (1617/3298)   Receiving objects:  50% (1649/3298)   Receiving objects:  51% (1682/3298)   Receiving objects:  52% (1715/3298), 4.75 MiB | 9.46 MiB/s   Receiving objects:  53% (1748/3298), 4.75 MiB | 9.46 MiB/s   Receiving objects:  54% (1781/3298), 4.75 MiB | 9.46 MiB/s   Receiving objects:  55% (1814/3298), 4.75 MiB | 9.46 MiB/s   Receiving objects:  56% (1847/3298), 4.75 MiB | 9.46 MiB/s   Receiving objects:  57% (1880/3298), 4.75 MiB | 9.46 MiB/s   Receiving objects:  58% (1913/3298), 4.75 MiB | 9.46 MiB/s   Receiving objects:  59% (1946/3298), 4.75 MiB | 9.46 MiB/s   Receiving objects:  60% (1979/3298), 4.75 MiB | 9.46 MiB/s   Receiving objects:  61% (2012/3298), 4.75 MiB | 9.46 MiB/s   Receiving objects:  62% (2045/3298), 4.75 MiB | 9.46 MiB/s   Receiving objects:  63% (2078/3298), 4.75 MiB | 9.46 MiB/s   Receiving objects:  64% (2111/3298), 4.75 MiB | 9.46 MiB/s   Receiving objects:  65% (2144/3298), 4.75 MiB | 9.46 MiB/s   Receiving objects:  66% (2177/3298), 4.75 MiB | 9.46 MiB/s   Receiving objects:  67% (2210/3298), 4.75 MiB | 9.46 MiB/s   Receiving objects:  68% (2243/3298), 4.75 MiB | 9.46 MiB/s   Receiving objects:  69% (2276/3298), 4.75 MiB | 9.46 MiB/s   Receiving objects:  70% (2309/3298), 4.75 MiB | 9.46 MiB/s   Receiving objects:  71% (2342/3298), 4.75 MiB | 9.46 MiB/s   Receiving objects:  72% (2375/3298), 4.75 MiB | 9.46 MiB/s   Receiving objects:  73% (2408/3298), 4.75 MiB | 9.46 MiB/s   Receiving objects:  74% (2441/3298), 4.75 MiB | 9.46 MiB/s   Receiving objects:  75% (2474/3298), 4.75 MiB | 9.46 MiB/s   Receiving objects:  76% (2507/3298), 4.75 MiB | 9.46 MiB/s   Receiving objects:  77% (2540/3298), 4.75 MiB | 9.46 MiB/s   Receiving objects:  78% (2573/3298), 4.75 MiB | 9.46 MiB/s   Receiving objects:  79% (2606/3298), 4.75 MiB | 9.46 MiB/s   remote: Total 3298 (delta 1236), reused 2829 (delta 939)[K
Receiving objects:  80% (2639/3298), 4.75 MiB | 9.46 MiB/s   Receiving objects:  81% (2672/3298), 4.75 MiB | 9.46 MiB/s   Receiving objects:  82% (2705/3298), 4.75 MiB | 9.46 MiB/s   Receiving objects:  83% (2738/3298), 4.75 MiB | 9.46 MiB/s   Receiving objects:  84% (2771/3298), 4.75 MiB | 9.46 MiB/s   Receiving objects:  85% (2804/3298), 4.75 MiB | 9.46 MiB/s   Receiving objects:  86% (2837/3298), 4.75 MiB | 9.46 MiB/s   Receiving objects:  87% (2870/3298), 4.75 MiB | 9.46 MiB/s   Receiving objects:  88% (2903/3298), 4.75 MiB | 9.46 MiB/s   Receiving objects:  89% (2936/3298), 4.75 MiB | 9.46 MiB/s   Receiving objects:  90% (2969/3298), 4.75 MiB | 9.46 MiB/s   Receiving objects:  91% (3002/3298), 4.75 MiB | 9.46 MiB/s   Receiving objects:  92% (3035/3298), 4.75 MiB | 9.46 MiB/s   Receiving objects:  93% (3068/3298), 4.75 MiB | 9.46 MiB/s   Receiving objects:  94% (3101/3298), 4.75 MiB | 9.46 MiB/s   Receiving objects:  95% (3134/3298), 4.75 MiB | 9.46 MiB/s   Receiving objects:  96% (3167/3298), 4.75 MiB | 9.46 MiB/s   Receiving objects:  97% (3200/3298), 4.75 MiB | 9.46 MiB/s   Receiving objects:  98% (3233/3298), 4.75 MiB | 9.46 MiB/s   Receiving objects:  99% (3266/3298), 4.75 MiB | 9.46 MiB/s   Receiving objects: 100% (3298/3298), 4.75 MiB | 9.46 MiB/s   Receiving objects: 100% (3298/3298), 5.00 MiB | 9.46 MiB/s, done.
Resolving deltas:   0% (0/1236)   Resolving deltas:   1% (13/1236)   Resolving deltas:   2% (25/1236)   Resolving deltas:   3% (39/1236)   Resolving deltas:   4% (56/1236)   Resolving deltas:   5% (68/1236)   Resolving deltas:   6% (75/1236)   Resolving deltas:   7% (87/1236)   Resolving deltas:   8% (101/1236)   Resolving deltas:   9% (118/1236)   Resolving deltas:  11% (146/1236)   Resolving deltas:  12% (154/1236)   Resolving deltas:  13% (165/1236)   Resolving deltas:  14% (180/1236)   Resolving deltas:  15% (188/1236)   Resolving deltas:  16% (201/1236)   Resolving deltas:  17% (212/1236)   Resolving deltas:  19% (235/1236)   Resolving deltas:  20% (251/1236)   Resolving deltas:  22% (272/1236)   Resolving deltas:  24% (299/1236)   Resolving deltas:  25% (310/1236)   Resolving deltas:  26% (327/1236)   Resolving deltas:  27% (340/1236)   Resolving deltas:  28% (350/1236)   Resolving deltas:  29% (359/1236)   Resolving deltas:  30% (374/1236)   Resolving deltas:  31% (390/1236)   Resolving deltas:  32% (397/1236)   Resolving deltas:  33% (408/1236)   Resolving deltas:  34% (421/1236)   Resolving deltas:  35% (433/1236)   Resolving deltas:  36% (450/1236)   Resolving deltas:  37% (459/1236)   Resolving deltas:  38% (476/1236)   Resolving deltas:  39% (485/1236)   Resolving deltas:  40% (497/1236)   Resolving deltas:  41% (508/1236)   Resolving deltas:  42% (521/1236)   Resolving deltas:  43% (534/1236)   Resolving deltas:  44% (545/1236)   Resolving deltas:  45% (559/1236)   Resolving deltas:  46% (569/1236)   Resolving deltas:  47% (582/1236)   Resolving deltas:  48% (598/1236)   Resolving deltas:  49% (610/1236)   Resolving deltas:  50% (618/1236)   Resolving deltas:  51% (631/1236)   Resolving deltas:  52% (643/1236)   Resolving deltas:  53% (658/1236)   Resolving deltas:  54% (668/1236)   Resolving deltas:  55% (680/1236)   Resolving deltas:  56% (693/1236)   Resolving deltas:  57% (705/1236)   Resolving deltas:  58% (722/1236)   Resolving deltas:  59% (732/1236)   Resolving deltas:  60% (742/1236)   Resolving deltas:  61% (756/1236)   Resolving deltas:  62% (773/1236)   Resolving deltas:  63% (780/1236)   Resolving deltas:  64% (792/1236)   Resolving deltas:  65% (804/1236)   Resolving deltas:  66% (817/1236)   Resolving deltas:  67% (829/1236)   Resolving deltas:  68% (841/1236)   Resolving deltas:  69% (853/1236)   Resolving deltas:  70% (867/1236)   Resolving deltas:  71% (880/1236)   Resolving deltas:  73% (910/1236)   Resolving deltas:  74% (919/1236)   Resolving deltas:  75% (929/1236)   Resolving deltas:  76% (941/1236)   Resolving deltas:  77% (953/1236)   Resolving deltas:  78% (969/1236)   Resolving deltas:  79% (977/1236)   Resolving deltas:  80% (989/1236)   Resolving deltas:  81% (1004/1236)   Resolving deltas:  82% (1017/1236)   Resolving deltas:  83% (1029/1236)   Resolving deltas:  84% (1041/1236)   Resolving deltas:  85% (1055/1236)   Resolving deltas:  86% (1064/1236)   Resolving deltas:  87% (1076/1236)   Resolving deltas:  88% (1093/1236)   Resolving deltas:  89% (1107/1236)   Resolving deltas:  91% (1125/1236)   Resolving deltas:  92% (1138/1236)   Resolving deltas:  94% (1165/1236)   Resolving deltas:  96% (1187/1236)   Resolving deltas:  97% (1202/1236)   Resolving deltas:  98% (1212/1236)   Resolving deltas:  99% (1224/1236)   Resolving deltas: 100% (1236/1236)   Resolving deltas: 100% (1236/1236), done.
travis_fold:end:git.1$ cd thinkaurelius/titan
travis_fold:start:git.2$ git checkout -qf af257b157ab318b5c7809375eb35abf93b63cf47
travis_fold:end:git.2$ jdk_switcher use oraclejdk7
Switching to Oracle JDK7 (java-7-oracle), JAVA_HOME will be set to /usr/lib/jvm/java-7-oracle
update-alternatives: error: no alternatives for apt.
update-alternatives: error: no alternatives for mozilla-javaplugin.so.
update-alternatives: error: no alternatives for apt.
$ java -version
java version "1.7.0_17"
Java(TM) SE Runtime Environment (build 1.7.0_17-b02)
Java HotSpot(TM) 64-Bit Server VM (build 23.7-b01, mixed mode)
$ javac -version
javac 1.7.0_17
travis_fold:start:install$ mvn install --quiet -DskipTests=true
[debug] execute contextualize
[debug] execute contextualize
[debug] execute contextualize
travis_fold:end:install$ mvn test
[INFO] Scanning for projects...
[INFO] ------------------------------------------------------------------------
[INFO] Reactor Build Order:
[INFO] 
[INFO] Titan: Distributed Graph Database
[INFO] Titan-Core: Core Library for Titan
[INFO] Titan-Test: Test Suite for Titan
[INFO] Titan-ElasticSearch: Distributed Indexing Support
[INFO] Titan-BerkeleyJE: Distributed Graph Database
[INFO] Titan-Cassandra: Distributed Graph Database
[INFO] Titan-HBase: Distributed Graph Database
[INFO] Titan-Lucene: Indexing Support
[INFO] Titan-All: Complete Titan Distribution
[INFO]                                                                         
[INFO] ------------------------------------------------------------------------
[INFO] Building Titan: Distributed Graph Database 0.4.0-SNAPSHOT
[INFO] ------------------------------------------------------------------------
[INFO] 
[INFO] --- maven-enforcer-plugin:1.0:enforce (enforce-maven) @ titan ---
[INFO]                                                                         
[INFO] ------------------------------------------------------------------------
[INFO] Building Titan-Core: Core Library for Titan 0.4.0-SNAPSHOT
[INFO] ------------------------------------------------------------------------
[INFO] 
[INFO] --- maven-enforcer-plugin:1.0:enforce (enforce-maven) @ titan-core ---
[INFO] 
[INFO] --- maven-resources-plugin:2.3:resources (default-resources) @ titan-core ---
[INFO] Using 'UTF-8' encoding to copy filtered resources.
[INFO] skip non existing resourceDirectory /home/travis/build/thinkaurelius/titan/titan-core/src/main/resources
[INFO] 
[INFO] --- maven-compiler-plugin:2.5.1:compile (default-compile) @ titan-core ---
[INFO] Nothing to compile - all classes are up to date
[INFO] 
[INFO] --- maven-resources-plugin:2.3:testResources (default-testResources) @ titan-core ---
[INFO] Using 'UTF-8' encoding to copy filtered resources.
[INFO] skip non existing resourceDirectory /home/travis/build/thinkaurelius/titan/titan-core/src/test/resources
[INFO] 
[INFO] --- maven-compiler-plugin:2.5.1:testCompile (default-testCompile) @ titan-core ---
[INFO] No sources to compile
[INFO] 
[INFO] --- maven-surefire-plugin:2.11:test (default-test) @ titan-core ---
[INFO] No tests to run.
[INFO] Surefire report directory: /home/travis/build/thinkaurelius/titan/titan-core/target/surefire-reports
Downloading: http://maven.mirrors.travis-ci.org/nexus/content/repositories/central/org/apache/maven/surefire/surefire-junit3/2.11/surefire-junit3-2.11.pom
2/2 KB            Downloaded: http://maven.mirrors.travis-ci.org/nexus/content/repositories/central/org/apache/maven/surefire/surefire-junit3/2.11/surefire-junit3-2.11.pom (2 KB at 2.6 KB/sec)
Downloading: http://maven.mirrors.travis-ci.org/nexus/content/repositories/central/org/apache/maven/surefire/surefire-providers/2.11/surefire-providers-2.11.pom
3/3 KB            Downloaded: http://maven.mirrors.travis-ci.org/nexus/content/repositories/central/org/apache/maven/surefire/surefire-providers/2.11/surefire-providers-2.11.pom (3 KB at 7.2 KB/sec)
Downloading: http://maven.mirrors.travis-ci.org/nexus/content/repositories/central/org/apache/maven/surefire/surefire-junit3/2.11/surefire-junit3-2.11.jar
4/26 KB   8/26 KB   9/26 KB   13/26 KB   17/26 KB   21/26 KB   23/26 KB   26/26 KB              Downloaded: http://maven.mirrors.travis-ci.org/nexus/content/repositories/central/org/apache/maven/surefire/surefire-junit3/2.11/surefire-junit3-2.11.jar (26 KB at 50.1 KB/sec)

-------------------------------------------------------
 T E S T S
-------------------------------------------------------

Results :

Tests run: 0, Failures: 0, Errors: 0, Skipped: 0

[INFO]                                                                         
[INFO] ------------------------------------------------------------------------
[INFO] Building Titan-Test: Test Suite for Titan 0.4.0-SNAPSHOT
[INFO] ------------------------------------------------------------------------
[INFO] 
[INFO] --- maven-enforcer-plugin:1.0:enforce (enforce-maven) @ titan-test ---
[INFO] 
[INFO] --- maven-resources-plugin:2.3:resources (default-resources) @ titan-test ---
[INFO] Using 'UTF-8' encoding to copy filtered resources.
[INFO] Copying 1 resource
[INFO] 
[INFO] --- maven-compiler-plugin:2.5.1:compile (default-compile) @ titan-test ---
[INFO] Nothing to compile - all classes are up to date
[INFO] 
[INFO] --- maven-resources-plugin:2.3:testResources (default-testResources) @ titan-test ---
[INFO] Using 'UTF-8' encoding to copy filtered resources.
[INFO] Copying 2 resources
[INFO] 
[INFO] --- maven-compiler-plugin:2.5.1:testCompile (default-testCompile) @ titan-test ---
[INFO] Nothing to compile - all classes are up to date
[INFO] 
[INFO] --- maven-surefire-plugin:2.12.1:test (default-test) @ titan-test ---
[INFO] Surefire report directory: /home/travis/build/thinkaurelius/titan/titan-test/target/surefire-reports
Downloading: http://maven.mirrors.travis-ci.org/nexus/content/repositories/central/org/apache/maven/surefire/surefire-junit4/2.12.1/surefire-junit4-2.12.1.pom
3/3 KB              Downloaded: http://maven.mirrors.travis-ci.org/nexus/content/repositories/central/org/apache/maven/surefire/surefire-junit4/2.12.1/surefire-junit4-2.12.1.pom (3 KB at 7.6 KB/sec)
Downloading: http://maven.mirrors.travis-ci.org/nexus/content/repositories/central/org/apache/maven/surefire/surefire-providers/2.12.1/surefire-providers-2.12.1.pom
3/3 KB            Downloaded: http://maven.mirrors.travis-ci.org/nexus/content/repositories/central/org/apache/maven/surefire/surefire-providers/2.12.1/surefire-providers-2.12.1.pom (3 KB at 7.1 KB/sec)
Downloading: http://maven.mirrors.travis-ci.org/nexus/content/repositories/central/org/apache/maven/surefire/surefire-junit4/2.12.1/surefire-junit4-2.12.1.jar
4/34 KB   8/34 KB   9/34 KB   13/34 KB   17/34 KB   21/34 KB   23/34 KB   27/34 KB   31/34 KB   34/34 KB              Downloaded: http://maven.mirrors.travis-ci.org/nexus/content/repositories/central/org/apache/maven/surefire/surefire-junit4/2.12.1/surefire-junit4-2.12.1.jar (34 KB at 68.0 KB/sec)

-------------------------------------------------------
 T E S T S
-------------------------------------------------------
Running com.thinkaurelius.titan.graphdb.idmanagement.VariableLongTest
Writing 10000000 longs in 65567319 bytes. in time: 2156
Writing 1000000 longs in 2983488 bytes. in time: 123
Tests run: 5, Failures: 0, Errors: 0, Skipped: 0, Time elapsed: 3.089 sec
Running com.thinkaurelius.titan.tinkerpop.rexster.TitanGraphConfigurationTest
Tests run: 1, Failures: 0, Errors: 0, Skipped: 0, Time elapsed: 0.245 sec
Running com.thinkaurelius.titan.diskstorage.inmemory.inMemoryLockKeyColumnValueStoreTest
Tests run: 14, Failures: 0, Errors: 0, Skipped: 0, Time elapsed: 5.89 sec
Running com.thinkaurelius.titan.diskstorage.util.StorageFeaturesTest
Tests run: 1, Failures: 0, Errors: 0, Skipped: 0, Time elapsed: 0 sec
Running com.thinkaurelius.titan.tinkerpop.gremlin.ScriptExecutorTest
Tests run: 1, Failures: 0, Errors: 0, Skipped: 0, Time elapsed: 0.002 sec
Running com.thinkaurelius.titan.graphdb.attribute.GeoshapeTest
circle[10.0,12.5]:100.0
box[[20.0,22.5],[40.5,60.5]]
Tests run: 3, Failures: 0, Errors: 0, Skipped: 0, Time elapsed: 0.043 sec
Running com.thinkaurelius.titan.graphdb.idmanagement.VertexIDAssignerTest
Partition: false
partitionMax: 2147483647
localPartition: null
Partition: true
partitionMax: 2147483647
localPartition: null
Partition: true
partitionMax: 2147483647
localPartition: [0, 2000]
Partition: true
partitionMax: 2147483647
localPartition: [-100000, -1]
Partition: true
partitionMax: 2147483647
localPartition: [-10000, 10000]
Partition: true
partitionMax: 100
localPartition: null
Partition: true
partitionMax: 100
localPartition: [0, 2000]
Partition: true
partitionMax: 100
localPartition: [-100000, -1]
Partition: true
partitionMax: 100
localPartition: [-10000, 10000]
Tests run: 9, Failures: 0, Errors: 0, Skipped: 0, Time elapsed: 16.276 sec
Running com.thinkaurelius.titan.graphdb.serializer.SerializerTest
Tests run: 9, Failures: 0, Errors: 0, Skipped: 0, Time elapsed: 2.357 sec
Running com.thinkaurelius.titan.graphdb.inmemory.InMemoryGraphTest
Tests run: 19, Failures: 0, Errors: 0, Skipped: 0, Time elapsed: 25.53 sec
Running com.thinkaurelius.titan.util.datastructures.RandomRemovalListTest
Tests run: 3, Failures: 0, Errors: 0, Skipped: 0, Time elapsed: 1.83 sec
Running com.thinkaurelius.titan.diskstorage.locking.LocalLockMediatorTest
Tests run: 1, Failures: 0, Errors: 0, Skipped: 0, Time elapsed: 0.146 sec
Running com.thinkaurelius.titan.util.datastructures.ImmutableLongObjectMapTest
Tests run: 3, Failures: 0, Errors: 0, Skipped: 0, Time elapsed: 0.388 sec
Running com.thinkaurelius.titan.diskstorage.util.ByteBufferUtilTest
Tests run: 1, Failures: 0, Errors: 0, Skipped: 0, Time elapsed: 0.001 sec
Running com.thinkaurelius.titan.graphdb.idmanagement.IDPoolTest
Tests run: 3, Failures: 0, Errors: 0, Skipped: 0, Time elapsed: 0.001 sec
Running com.thinkaurelius.titan.graphdb.serializer.ByteBufferTest
Tests run: 3, Failures: 0, Errors: 0, Skipped: 0, Time elapsed: 0.228 sec
Running com.thinkaurelius.titan.util.datastructures.BitMapTest
Tests run: 1, Failures: 0, Errors: 0, Skipped: 0, Time elapsed: 0.001 sec
Running com.thinkaurelius.titan.graphdb.idmanagement.IDManagementTest
Tests run: 3, Failures: 0, Errors: 0, Skipped: 0, Time elapsed: 0.945 sec
Running com.thinkaurelius.titan.util.LongEncodingTest
Time to de/encode 1000000 longs (in ms): 912
Tests run: 1, Failures: 0, Errors: 0, Skipped: 0, Time elapsed: 0.91 sec
Running com.thinkaurelius.titan.diskstorage.inmemory.InMemoryKeyColumnValueStoreTest
Loading time (ms): 946
Reading time (ms): 123
Tests run: 17, Failures: 0, Errors: 0, Skipped: 0, Time elapsed: 3.403 sec
Running com.thinkaurelius.titan.graphdb.serializer.KryoTest
Tests run: 5, Failures: 0, Errors: 0, Skipped: 0, Time elapsed: 0.013 sec

Results :

Tests run: 103, Failures: 0, Errors: 0, Skipped: 0

[INFO]                                                                         
[INFO] ------------------------------------------------------------------------
[INFO] Building Titan-ElasticSearch: Distributed Indexing Support 0.4.0-SNAPSHOT
[INFO] ------------------------------------------------------------------------
[INFO] 
[INFO] --- maven-enforcer-plugin:1.0:enforce (enforce-maven) @ titan-es ---
[INFO] 
[INFO] --- maven-resources-plugin:2.3:resources (default-resources) @ titan-es ---
[INFO] Using 'UTF-8' encoding to copy filtered resources.
[INFO] skip non existing resourceDirectory /home/travis/build/thinkaurelius/titan/titan-es/src/main/resources
[INFO] 
[INFO] --- maven-compiler-plugin:2.5.1:compile (default-compile) @ titan-es ---
[INFO] Nothing to compile - all classes are up to date
[INFO] 
[INFO] --- maven-resources-plugin:2.3:testResources (default-testResources) @ titan-es ---
[INFO] Using 'UTF-8' encoding to copy filtered resources.
[INFO] Copying 1 resource
[INFO] 
[INFO] --- maven-compiler-plugin:2.5.1:testCompile (default-testCompile) @ titan-es ---
[INFO] Nothing to compile - all classes are up to date
[INFO] 
[INFO] --- maven-surefire-plugin:2.12.1:test (default-test) @ titan-es ---
[INFO] Surefire report directory: /home/travis/build/thinkaurelius/titan/titan-es/target/surefire-reports

-------------------------------------------------------
 T E S T S
-------------------------------------------------------
Running com.thinkaurelius.titan.diskstorage.es.ElasticSearchIndexTest
77 vs 73.867869045
Query time on 30000 docs (ms): 168
Tests run: 5, Failures: 0, Errors: 0, Skipped: 0, Time elapsed: 26.629 sec

Results :

Tests run: 5, Failures: 0, Errors: 0, Skipped: 0

[INFO]                                                                         
[INFO] ------------------------------------------------------------------------
[INFO] Building Titan-BerkeleyJE: Distributed Graph Database 0.4.0-SNAPSHOT
[INFO] ------------------------------------------------------------------------
[INFO] 
[INFO] --- maven-enforcer-plugin:1.0:enforce (enforce-maven) @ titan-berkeleyje ---
[INFO] 
[INFO] --- maven-resources-plugin:2.3:resources (default-resources) @ titan-berkeleyje ---
[INFO] Using 'UTF-8' encoding to copy filtered resources.
[INFO] Copying 2 resources
[INFO] 
[INFO] --- maven-compiler-plugin:2.5.1:compile (default-compile) @ titan-berkeleyje ---
[INFO] Nothing to compile - all classes are up to date
[INFO] 
[INFO] --- maven-resources-plugin:2.3:testResources (default-testResources) @ titan-berkeleyje ---
[INFO] Using 'UTF-8' encoding to copy filtered resources.
[INFO] Copying 2 resources
[INFO] 
[INFO] --- maven-compiler-plugin:2.5.1:testCompile (default-testCompile) @ titan-berkeleyje ---
[INFO] Nothing to compile - all classes are up to date
[INFO] 
[INFO] --- maven-surefire-plugin:2.12.1:test (default-test) @ titan-berkeleyje ---
[INFO] Surefire report directory: /home/travis/build/thinkaurelius/titan/titan-berkeleyje/target/surefire-reports

-------------------------------------------------------
 T E S T S
-------------------------------------------------------
Running com.thinkaurelius.titan.graphdb.berkeleyje.BerkeleyJEGraphTest
Tests run: 19, Failures: 0, Errors: 0, Skipped: 0, Time elapsed: 14.437 sec
Running com.thinkaurelius.titan.diskstorage.berkeleyje.BerkeleyDBjeKeyColumnValueTest
Loading time (ms): 1853
Reading time (ms): 334
Tests run: 17, Failures: 0, Errors: 0, Skipped: 0, Time elapsed: 10.017 sec
Running com.thinkaurelius.titan.diskstorage.berkeleyje.BerkeleyJeHashKeyColumnValueTest
Loading time (ms): 2164
Reading time (ms): 526
Tests run: 17, Failures: 0, Errors: 0, Skipped: 0, Time elapsed: 8.691 sec
Running com.thinkaurelius.titan.diskstorage.berkeleyje.BerkeleyJEKeyValueTest
Tests run: 7, Failures: 0, Errors: 0, Skipped: 0, Time elapsed: 0.787 sec
Running com.thinkaurelius.titan.graphdb.berkeleyje.ElasticSearchBerkeleyDBTest
Tests run: 2, Failures: 0, Errors: 0, Skipped: 0, Time elapsed: 11.558 sec
Running com.thinkaurelius.titan.diskstorage.berkeleyje.BerkeleyDBjeKeyColumnValueVariableTest
Loading time (ms): 1941
Reading time (ms): 294
Tests run: 17, Failures: 0, Errors: 0, Skipped: 0, Time elapsed: 8.884 sec
Running com.thinkaurelius.titan.blueprints.BerkeleyJEBlueprintsTest
Testing testVertexEquality...
Opening graph in: /tmp/titan-test/standard
	titangraph[berkeleyje:/tmp/titan-test/standard]: 1 vertex added and retrieved in 1.1690320000052452ms
Testing testRemoveVertexProperties...
Opening graph in: /tmp/titan-test/standard
Testing testVertexCentricRemoving...
Opening graph in: /tmp/titan-test/standard
Testing testAddingIdProperty...
Opening graph in: /tmp/titan-test/standard
Testing testVertexEqualityForSuppliedIdsAndHashCode...
Opening graph in: /tmp/titan-test/standard
Testing testLegalVertexEdgeIterables...
Opening graph in: /tmp/titan-test/standard
Testing testNoConcurrentModificationException...
Opening graph in: /tmp/titan-test/standard
Testing testEmptyKeyProperty...
Opening graph in: /tmp/titan-test/standard
Testing testConcurrentModificationOnProperties...
Opening graph in: /tmp/titan-test/standard
Testing testVertexIterator...
Opening graph in: /tmp/titan-test/standard
	titangraph[berkeleyje:/tmp/titan-test/standard]: 1000 vertices added in 45.54881199996453ms
	titangraph[berkeleyje:/tmp/titan-test/standard]: 1000 vertices counted in 4.699080999940634ms
Testing testAddVertexProperties...
Opening graph in: /tmp/titan-test/standard
Testing testRemoveVertex...
Opening graph in: /tmp/titan-test/standard
Testing testGettingEdgesAndVertices...
Opening graph in: /tmp/titan-test/standard
Testing testRemoveVertexNullId...
Opening graph in: /tmp/titan-test/standard
	titangraph[berkeleyje:/tmp/titan-test/standard]: 100 vertices added in 4.777077000006102ms
	titangraph[berkeleyje:/tmp/titan-test/standard]: 100 vertices removed in 1.852729000034742ms
Testing testSettingBadVertexProperties...
Opening graph in: /tmp/titan-test/standard
Testing testAddManyVertexProperties...
Opening graph in: /tmp/titan-test/standard
	titangraph[berkeleyje:/tmp/titan-test/standard]: 750 vertex properties added (with vertices being added too) in 1894.0296380000655ms
Testing testBasicAddVertex...
Opening graph in: /tmp/titan-test/standard
Testing testGetVertexWithNull...
Opening graph in: /tmp/titan-test/standard
Testing testVertexCentricLinking...
Opening graph in: /tmp/titan-test/standard
Testing testGetNonExistantVertices...
Opening graph in: /tmp/titan-test/standard
Testing testRemoveVertexWithEdges...
Opening graph in: /tmp/titan-test/standard
*** TOTAL TIME [VertexTestSuite]: 2830.0399510000134 ***
Testing testEdgeEquality...
Opening graph in: /tmp/titan-test/standard
Testing testGetEdges...
Opening graph in: /tmp/titan-test/standard
	titangraph[berkeleyje:/tmp/titan-test/standard]: 3 edges retrieved in 0.29799499991349876ms
Testing testAddEdges...
Opening graph in: /tmp/titan-test/standard
	titangraph[berkeleyje:/tmp/titan-test/standard]: 6 elements added and checked in 4.705657999962568ms
Testing testGetNonExistantEdges...
Opening graph in: /tmp/titan-test/standard
Testing testRemoveManyEdges...
Opening graph in: /tmp/titan-test/standard
	titangraph[berkeleyje:/tmp/titan-test/standard]: 20 vertices counted in 0.26653899997472763ms
	titangraph[berkeleyje:/tmp/titan-test/standard]: 10 edges counted in 0.3323820000514388ms
	titangraph[berkeleyje:/tmp/titan-test/standard]: 10 edges removed and graph checked in 8.64407499996014ms
Testing testAddingDuplicateEdges...
Opening graph in: /tmp/titan-test/standard
Testing testNoConcurrentModificationException...
Opening graph in: /tmp/titan-test/standard
Testing testEmptyKeyProperty...
Opening graph in: /tmp/titan-test/standard
Testing testRemoveSelfLoops...
Opening graph in: /tmp/titan-test/standard
Testing testEdgeIterator...
Opening graph in: /tmp/titan-test/standard
Testing testAddingRemovingEdgeProperties...
Opening graph in: /tmp/titan-test/standard
Testing testAddingLabelAndIdProperty...
Opening graph in: /tmp/titan-test/standard
Testing testRemoveEdgesByRemovingVertex...
Opening graph in: /tmp/titan-test/standard
Testing testRemoveEdges...
Opening graph in: /tmp/titan-test/standard
Testing testAddingSelfLoops...
Opening graph in: /tmp/titan-test/standard
Testing testEdgeCentricRemoving...
Opening graph in: /tmp/titan-test/standard
Testing testSettingBadVertexProperties...
Opening graph in: /tmp/titan-test/standard
Testing testAddManyEdges...
Opening graph in: /tmp/titan-test/standard
	titangraph[berkeleyje:/tmp/titan-test/standard]: 300 elements added in 83.63913000002503ms
	titangraph[berkeleyje:/tmp/titan-test/standard]: 100 edges counted in 2.7015089999185875ms
	titangraph[berkeleyje:/tmp/titan-test/standard]: 200 vertices counted in 1.4524880000390112ms
	titangraph[berkeleyje:/tmp/titan-test/standard]: 200 vertices checked in 5.68956500000786ms
*** TOTAL TIME [EdgeTestSuite]: 855.4629570000106 ***
Testing testVertexEdgeLabels2...
Opening graph in: /tmp/titan-test/standard
Testing testTreeConnectivity...
Opening graph in: /tmp/titan-test/standard
	titangraph[berkeleyje:/tmp/titan-test/standard]: 1464 vertices added in a tree structure in 173.09067800000776ms
	titangraph[berkeleyje:/tmp/titan-test/standard]: 1464 vertices iterated in 6.908339999965392ms
	titangraph[berkeleyje:/tmp/titan-test/standard]: 1463 edges iterated in 27.13098700006958ms
Testing testConcurrentModification...
Opening graph in: /tmp/titan-test/standard
Testing testGraphDataPersists...
Opening graph in: /tmp/titan-test/standard
Opening graph in: /tmp/titan-test/standard
	titangraph[berkeleyje:/tmp/titan-test/standard]: 1 graph loaded in 11.245228999992833ms
Testing testAutotypingOfProperties...
Opening graph in: /tmp/titan-test/standard
Testing testRemovingVertices...
Opening graph in: /tmp/titan-test/standard
	titangraph[berkeleyje:/tmp/titan-test/standard]: 500 vertices added in 11.062122000032105ms
	titangraph[berkeleyje:/tmp/titan-test/standard]: 250 edges added in 267.72790900000837ms
	titangraph[berkeleyje:/tmp/titan-test/standard]: 500 vertices deleted (with size check on each delete) in 253.74697099998593ms
Testing testConnectivityPatterns...
Opening graph in: /tmp/titan-test/standard
Testing testVertexEdgeLabels...
Opening graph in: /tmp/titan-test/standard
Testing testSimpleRemovingVerticesEdges...
Opening graph in: /tmp/titan-test/standard
Testing testRemovingEdges...
Opening graph in: /tmp/titan-test/standard
	titangraph[berkeleyje:/tmp/titan-test/standard]: 100 vertices added in 2.708680000039749ms
	titangraph[berkeleyje:/tmp/titan-test/standard]: 200 edges added in 188.23530699999537ms
	titangraph[berkeleyje:/tmp/titan-test/standard]: 200 edges deleted (with size check on each delete) in 88.48676100000739ms
Testing testEmptyOnConstruction...
Opening graph in: /tmp/titan-test/standard
Testing testStringRepresentationOfVertexId...
Opening graph in: /tmp/titan-test/standard
Testing testSemanticallyCorrectIterables...
Opening graph in: /tmp/titan-test/standard
Testing testGettingVerticesAndEdgesWithKeyValue...
Opening graph in: /tmp/titan-test/standard
Testing testAddingVerticesAndEdges...
Opening graph in: /tmp/titan-test/standard
Testing testSettingProperties...
Opening graph in: /tmp/titan-test/standard
Testing testFeatureCompliance...
Opening graph in: /tmp/titan-test/standard
supportsDuplicateEdges: true
supportsSelfLoops: true
supportsSerializableObjectProperty: true
supportsBooleanProperty: true
supportsDoubleProperty: true
supportsFloatProperty: true
supportsIntegerProperty: true
supportsPrimitiveArrayProperty: true
supportsUniformListProperty: true
supportsMixedListProperty: true
supportsLongProperty: true
supportsMapProperty: true
supportsStringProperty: true
ignoresSuppliedIds: true
isPersistent: true
isRDFModel: false
isWrapper: false
supportsIndices: false
supportsVertexIndex: false
supportsEdgeIndex: false
supportsKeyIndices: true
supportsVertexKeyIndex: true
supportsEdgeKeyIndex: true
supportsEdgeIteration: true
supportsVertexIteration: true
supportsEdgeRetrieval: true
supportsVertexProperties: true
supportsEdgeProperties: true
supportsTransactions: true
supportsThreadedTransactions: true
*** TOTAL TIME [GraphTestSuite]: 1697.3603379999986 ***
Testing testGraphQueryForVertices...
Opening graph in: /tmp/titan-test/standard
Opening graph in: /tmp/titan-test/standard
Testing testGraphQueryForEdges...
Opening graph in: /tmp/titan-test/standard
Opening graph in: /tmp/titan-test/standard
Testing testVertexQuery...
Opening graph in: /tmp/titan-test/standard
*** TOTAL TIME [QueryTestSuite]: 140.90248200006317 ***
Testing testKeyIndicesConsistentWithElementRemoval...
Opening graph in: /tmp/titan-test/standard
Testing testAutoIndexKeyManagementWithPersistence...
Opening graph in: /tmp/titan-test/standard
	titangraph[berkeleyje:/tmp/titan-test/standard]: 2 automatic index keys added in 1.6612840000307187ms
	titangraph[berkeleyje:/tmp/titan-test/standard]: 2 automatic index keys added in 0.8393069999292493ms
Opening graph in: /tmp/titan-test/standard
Testing testNoConcurrentModificationException...
Opening graph in: /tmp/titan-test/standard
Testing testGettingVerticesAndEdgesWithKeyValue...
Opening graph in: /tmp/titan-test/standard
*** TOTAL TIME [KeyIndexableGraphTestSuite]: 164.68871999997646 ***
Testing testCompetingThreads...
Opening graph in: /tmp/titan-test/standard
Opening graph in: /tmp/titan-test/standard
Testing testCompetingThreadsOnMultipleDbInstances...
Opening graph in: /tmp/titan-test/first
Opening graph in: /tmp/titan-test/second
Testing testTrue...
Testing testAutoStartTransaction...
Opening graph in: /tmp/titan-test/standard
Testing testBasicVertexEdgeTransactions...
Opening graph in: /tmp/titan-test/standard
Testing testBruteVertexTransactions...
Opening graph in: /tmp/titan-test/standard
	titangraph[berkeleyje:/tmp/titan-test/standard]: 100 vertices added in 100 successful transactions in 31.823176000034437ms
	titangraph[berkeleyje:/tmp/titan-test/standard]: 100 vertices not added in 100 failed transactions in 13.466287999995984ms
	titangraph[berkeleyje:/tmp/titan-test/standard]: 100 vertices added in 1 successful transactions in 7.983606999972835ms
	titangraph[berkeleyje:/tmp/titan-test/standard]: 100 vertices not added in 1 failed transactions in 6.37894300010521ms
Testing testTransactionsForEdges...
Opening graph in: /tmp/titan-test/standard
	titangraph[berkeleyje:/tmp/titan-test/standard]: 1 edge not added in failed transaction (w/ iteration) in 1.5563799999654293ms
	titangraph[berkeleyje:/tmp/titan-test/standard]: 1 edge added in successful transaction (w/ iteration) in 1.3437789999879897ms
Testing testBruteEdgeTransactions...
Opening graph in: /tmp/titan-test/standard
	titangraph[berkeleyje:/tmp/titan-test/standard]: 100 edges added in 100 successful transactions (2 vertices added for each edge) in 75.27168699994218ms
	titangraph[berkeleyje:/tmp/titan-test/standard]: 100 edges not added in 100 failed transactions (2 vertices added for each edge) in 36.01997799996752ms
	titangraph[berkeleyje:/tmp/titan-test/standard]: 100 edges added in 1 successful transactions (2 vertices added for each edge) in 23.864782999968156ms
	titangraph[berkeleyje:/tmp/titan-test/standard]: 100 edges not added in 1 failed transactions (2 vertices added for each edge) in 24.447278999956325ms
Testing testPropertyTransactions...
Opening graph in: /tmp/titan-test/standard
	titangraph[berkeleyje:/tmp/titan-test/standard]: 1 vertex added with string property in a successful transaction in 3.2519619999220595ms
	titangraph[berkeleyje:/tmp/titan-test/standard]: 1 integer property not added in a failed transaction in 1.8839889999944717ms
	titangraph[berkeleyje:/tmp/titan-test/standard]: 2 vertex properties checked in a successful transaction in 0.5570819999556988ms
	titangraph[berkeleyje:/tmp/titan-test/standard]: 1 edge property added and checked in a successful transaction in 1.1707999999634922ms
	titangraph[berkeleyje:/tmp/titan-test/standard]: 1 edge property added and checked in a failed transaction in 0.5484080000314862ms
Testing testIndexTransactions...
Opening graph in: /tmp/titan-test/standard
Testing testAutomaticSuccessfulTransactionOnShutdown...
Opening graph in: /tmp/titan-test/standard
Opening graph in: /tmp/titan-test/standard
Testing testVertexCountOnPreTransactionCommit...
Opening graph in: /tmp/titan-test/standard
Testing testBulkTransactionsOnEdges...
Opening graph in: /tmp/titan-test/standard
Testing testTransactionsForVertices...
Opening graph in: /tmp/titan-test/standard
	titangraph[berkeleyje:/tmp/titan-test/standard]: 1 vertex not added in failed transaction in 0.39846299996133894ms
	titangraph[berkeleyje:/tmp/titan-test/standard]: 1 vertex added in successful transaction in 0.43232899997383356ms
Testing testRepeatedTransactionStopException...
Opening graph in: /tmp/titan-test/standard
Testing testTransactionIsolationCommitCheck...
Opening graph in: /tmp/titan-test/standard
added vertex
reading vertex before tx
read vertex before tx
Testing testRemoveInTransaction...
Opening graph in: /tmp/titan-test/standard
*** TOTAL TIME [TransactionalTitanGraphTestSuite]: 1579.6545860000188 ***
Testing testVertexReattachment...
Opening graph in: /tmp/titan-test/standard
*** TOTAL TIME [TitanSpecificBlueprintsTestSuite]: 63.697903999942355 ***
Testing testTinkerGraphEdges...
Opening graph in: /tmp/titan-test/standard
	titangraph[berkeleyje:/tmp/titan-test/standard]: graph-example-1 loaded in 33.98288400005549ms
Testing testTinkerGraphVertices...
Opening graph in: /tmp/titan-test/standard
	titangraph[berkeleyje:/tmp/titan-test/standard]: graph-example-1 loaded in 12.377418000018224ms
Testing testReadingTinkerGraph...
Opening graph in: /tmp/titan-test/standard
Testing testTinkerGraphSoftwareVertices...
Opening graph in: /tmp/titan-test/standard
	titangraph[berkeleyje:/tmp/titan-test/standard]: graph-example-1 loaded in 13.289524000021629ms
Testing testTinkerGraphVertexAndEdges...
Opening graph in: /tmp/titan-test/standard
	titangraph[berkeleyje:/tmp/titan-test/standard]: graph-example-1 loaded in 12.98698200006038ms
Testing testReadingTinkerGraphExample3...
Opening graph in: /tmp/titan-test/standard
Testing testReadingTinkerGraphExample3MappingLabels...
Opening graph in: /tmp/titan-test/standard
	titangraph[berkeleyje:/tmp/titan-test/standard]: graph-example-3 loaded in 16.062292000046ms
Testing testReadingTinkerGraphExample3MappingIDs...
Opening graph in: /tmp/titan-test/standard
	titangraph[berkeleyje:/tmp/titan-test/standard]: graph-example-3 loaded in 14.798109999974258ms
Testing testReadingTinkerGraphExample3MappingAll...
Opening graph in: /tmp/titan-test/standard
	titangraph[berkeleyje:/tmp/titan-test/standard]: graph-example-3 loaded in 14.12811699998565ms
Testing testMigratingTinkerGraphExample3...
Opening graph in: /tmp/titan-test/standard
Testing testAllGraphMLTypeCastsAndDataMappings...
Opening graph in: /tmp/titan-test/standard
*** TOTAL TIME [GraphMLReaderTestSuite]: 537.6929049999453 ***
Testing testTinkerGraphEdges...
Opening graph in: /tmp/titan-test/standard
	titangraph[berkeleyje:/tmp/titan-test/standard]: graph-example-1 loaded in 212.34668299998157ms
Testing testTinkerGraphVertices...
Opening graph in: /tmp/titan-test/standard
	titangraph[berkeleyje:/tmp/titan-test/standard]: graph-example-1 loaded in 59.721684999996796ms
Testing testReadingTinkerGraph...
Opening graph in: /tmp/titan-test/standard
Testing testTinkerGraphSoftwareVertices...
Opening graph in: /tmp/titan-test/standard
	titangraph[berkeleyje:/tmp/titan-test/standard]: graph-example-1 loaded in 9.713763999985531ms
Testing testTinkerGraphVertexAndEdges...
Opening graph in: /tmp/titan-test/standard
	titangraph[berkeleyje:/tmp/titan-test/standard]: graph-example-1 loaded in 9.507001999998465ms
*** TOTAL TIME [GraphSONReaderTestSuite]: 459.3748009999981 ***
Testing testTinkerGraphEdges...
Opening graph in: /tmp/titan-test/standard
	titangraph[berkeleyje:/tmp/titan-test/standard]: graph-example-1 loaded in 11.1893459999701ms
Testing testTinkerGraphVertices...
Opening graph in: /tmp/titan-test/standard
	titangraph[berkeleyje:/tmp/titan-test/standard]: graph-example-1 loaded in 8.632015999988653ms
Testing testReadingTinkerGraph...
Opening graph in: /tmp/titan-test/standard
Testing testTinkerGraphSoftwareVertices...
Opening graph in: /tmp/titan-test/standard
	titangraph[berkeleyje:/tmp/titan-test/standard]: graph-example-1 loaded in 9.563627000083216ms
Testing testTinkerGraphVertexAndEdges...
Opening graph in: /tmp/titan-test/standard
	titangraph[berkeleyje:/tmp/titan-test/standard]: graph-example-1 loaded in 9.208666000049561ms
Testing testReadingTinkerGraphExample3...
Opening graph in: /tmp/titan-test/standard
Testing testReadingTinkerGraphExample3MappingLabels...
Opening graph in: /tmp/titan-test/standard
	titangraph[berkeleyje:/tmp/titan-test/standard]: graph-example-3 loaded in 9.929530999972485ms
Testing testReadingTinkerGraphExample3MappingIDs...
Opening graph in: /tmp/titan-test/standard
	titangraph[berkeleyje:/tmp/titan-test/standard]: graph-example-3 loaded in 9.753551000030711ms
Testing testReadingTinkerGraphExample3MappingAll...
Opening graph in: /tmp/titan-test/standard
	titangraph[berkeleyje:/tmp/titan-test/standard]: graph-example-3 loaded in 9.021169999963604ms
Testing testMigratingTinkerGraphExample3...
Opening graph in: /tmp/titan-test/standard
*** TOTAL TIME [GMLReaderTestSuite]: 329.8855700000422 ***
Tests run: 10, Failures: 0, Errors: 0, Skipped: 0, Time elapsed: 8.677 sec
Running com.thinkaurelius.titan.tinkerpop.rexster.RexsterServerClientBerkeleyJeTest
Apr 04, 2013 8:18:15 PM org.glassfish.grizzly.servlet.WebappContext deploy
INFO: Starting application [jersey] ...
Apr 04, 2013 8:18:15 PM com.sun.jersey.server.impl.application.WebApplicationImpl _initiate
INFO: Initiating Jersey application, version 'Jersey: 1.17 01/17/2013 03:31 PM'
Apr 04, 2013 8:18:16 PM org.glassfish.grizzly.servlet.WebappContext initServlets
INFO: [jersey] Servlet [com.sun.jersey.spi.container.servlet.ServletContainer] registered for url pattern(s) [[/*]].
Apr 04, 2013 8:18:16 PM org.glassfish.grizzly.servlet.WebappContext deploy
INFO: Application [jersey] is ready to service requests.  Root: [].
Apr 04, 2013 8:18:16 PM org.glassfish.grizzly.http.server.NetworkListener start
INFO: Started listener bound to [0.0.0.0:8182]
Apr 04, 2013 8:18:16 PM org.glassfish.grizzly.http.server.HttpServer start
INFO: [HttpServer] Started.
Apr 04, 2013 8:18:17 PM org.glassfish.grizzly.http.server.NetworkListener stop
INFO: Stopped listener bound to [0.0.0.0:8182]
Tests run: 1, Failures: 0, Errors: 0, Skipped: 0, Time elapsed: 3.472 sec

Results :

Tests run: 90, Failures: 0, Errors: 0, Skipped: 0

[INFO]                                                                         
[INFO] ------------------------------------------------------------------------
[INFO] Building Titan-Cassandra: Distributed Graph Database 0.4.0-SNAPSHOT
[INFO] ------------------------------------------------------------------------
[INFO] 
[INFO] --- maven-enforcer-plugin:1.0:enforce (enforce-maven) @ titan-cassandra ---
[INFO] 
[INFO] --- maven-resources-plugin:2.5:resources (default-resources) @ titan-cassandra ---
[debug] execute contextualize
[INFO] Using 'UTF-8' encoding to copy filtered resources.
[INFO] Copying 2 resources
[INFO] 
[INFO] --- maven-compiler-plugin:2.5.1:compile (default-compile) @ titan-cassandra ---
[INFO] Nothing to compile - all classes are up to date
[INFO] 
[INFO] --- maven-resources-plugin:2.5:testResources (default-testResources) @ titan-cassandra ---
[debug] execute contextualize
[INFO] Using 'UTF-8' encoding to copy filtered resources.
[INFO] Copying 2 resources
[INFO] 
[INFO] --- maven-resources-plugin:2.5:copy-resources (copy-resources-127.0.0.1) @ titan-cassandra ---
[debug] execute contextualize
[INFO] Using 'UTF-8' encoding to copy filtered resources.
[INFO] Copying 7 resources
[INFO] 
[INFO] --- maven-compiler-plugin:2.5.1:testCompile (default-testCompile) @ titan-cassandra ---
[INFO] Nothing to compile - all classes are up to date
[INFO] 
[INFO] --- maven-surefire-plugin:2.12.1:test (default-test) @ titan-cassandra ---
[INFO] Surefire report directory: /home/travis/build/thinkaurelius/titan/titan-cassandra/target/surefire-reports

-------------------------------------------------------
 T E S T S
-------------------------------------------------------

-------------------------------------------------------
 T E S T S
-------------------------------------------------------
Running com.thinkaurelius.titan.diskstorage.cassandra.astyanax.InternalAstyanaxMultiWriteKeyColumnValueTest
Tests run: 2, Failures: 0, Errors: 0, Skipped: 0, Time elapsed: 25.326 sec
Running com.thinkaurelius.titan.blueprints.InternalCassandraBlueprintsTest
Testing testRemoveVertexProperties...
Testing testAddingIdProperty...
Testing testNoConcurrentModificationException...
Testing testGettingEdgesAndVertices...
Testing testEmptyKeyProperty...
Testing testVertexCentricLinking...
Testing testVertexCentricRemoving...
Testing testConcurrentModificationOnProperties...
Testing testSettingBadVertexProperties...
Testing testVertexEquality...
	titangraph[cassandra:null]: 1 vertex added and retrieved in 610.4263509999728ms
Testing testVertexEqualityForSuppliedIdsAndHashCode...
Testing testBasicAddVertex...
Testing testGetVertexWithNull...
Testing testRemoveVertex...
Testing testRemoveVertexWithEdges...
Testing testGetNonExistantVertices...
Testing testRemoveVertexNullId...
	titangraph[cassandra:null]: 100 vertices added in 14.599915999919176ms
	titangraph[cassandra:null]: 100 vertices removed in 13.716685999999754ms
Testing testVertexIterator...
	titangraph[cassandra:null]: 1000 vertices added in 749.299319999991ms
	titangraph[cassandra:null]: 1000 vertices counted in 6.820883000036702ms
Testing testLegalVertexEdgeIterables...
Testing testAddVertexProperties...
Testing testAddManyVertexProperties...
	titangraph[cassandra:null]: 750 vertex properties added (with vertices being added too) in 19852.80515899998ms
*** TOTAL TIME [VertexTestSuite]: 53882.83777999994 ***
Testing testNoConcurrentModificationException...
Testing testEmptyKeyProperty...
Testing testSettingBadVertexProperties...
Testing testAddManyEdges...
	titangraph[cassandra:null]: 300 elements added in 3353.8884649999673ms
	titangraph[cassandra:null]: 100 edges counted in 4.933384999982081ms
	titangraph[cassandra:null]: 200 vertices counted in 2.261199999949895ms
	titangraph[cassandra:null]: 200 vertices checked in 10.257253000047058ms
Testing testGetEdges...
	titangraph[cassandra:null]: 3 edges retrieved in 1.7912569999461994ms
Testing testGetNonExistantEdges...
Testing testRemoveManyEdges...
	titangraph[cassandra:null]: 20 vertices counted in 1.2177180000580847ms
	titangraph[cassandra:null]: 10 edges counted in 1.807319000014104ms
	titangraph[cassandra:null]: 10 edges removed and graph checked in 36.679873999906704ms
Testing testAddingDuplicateEdges...
Testing testRemoveEdgesByRemovingVertex...
Testing testRemoveEdges...
Testing testAddingSelfLoops...
Testing testRemoveSelfLoops...
Testing testEdgeIterator...
Testing testAddingRemovingEdgeProperties...
Testing testAddingLabelAndIdProperty...
Testing testEdgeCentricRemoving...
Testing testEdgeEquality...
Testing testAddEdges...
	titangraph[cassandra:null]: 6 elements added and checked in 919.295688000042ms
*** TOTAL TIME [EdgeTestSuite]: 26578.12668700004 ***
Testing testFeatureCompliance...
supportsDuplicateEdges: true
supportsSelfLoops: true
supportsSerializableObjectProperty: true
supportsBooleanProperty: true
supportsDoubleProperty: true
supportsFloatProperty: true
supportsIntegerProperty: true
supportsPrimitiveArrayProperty: true
supportsUniformListProperty: true
supportsMixedListProperty: true
supportsLongProperty: true
supportsMapProperty: true
supportsStringProperty: true
ignoresSuppliedIds: true
isPersistent: true
isRDFModel: false
isWrapper: false
supportsIndices: false
supportsVertexIndex: false
supportsEdgeIndex: false
supportsKeyIndices: true
supportsVertexKeyIndex: true
supportsEdgeKeyIndex: true
supportsEdgeIteration: true
supportsVertexIteration: true
supportsEdgeRetrieval: true
supportsVertexProperties: true
supportsEdgeProperties: true
supportsTransactions: true
supportsThreadedTransactions: true
Testing testEmptyOnConstruction...
Testing testStringRepresentationOfVertexId...
Testing testSemanticallyCorrectIterables...
Testing testGettingVerticesAndEdgesWithKeyValue...
Testing testAddingVerticesAndEdges...
Testing testSettingProperties...
Testing testRemovingVertices...
	titangraph[cassandra:null]: 500 vertices added in 644.292426ms
	titangraph[cassandra:null]: 250 edges added in 6398.232246000087ms
	titangraph[cassandra:null]: 500 vertices deleted (with size check on each delete) in 1223.6657279999927ms
Testing testConnectivityPatterns...
Testing testVertexEdgeLabels...
Testing testVertexEdgeLabels2...
Testing testTreeConnectivity...
	titangraph[cassandra:null]: 1464 vertices added in a tree structure in 1158.293543000007ms
	titangraph[cassandra:null]: 1464 vertices iterated in 2.132240999955684ms
	titangraph[cassandra:null]: 1463 edges iterated in 20.65248900000006ms
Testing testConcurrentModification...
Testing testGraphDataPersists...
	titangraph[cassandra:null]: 1 graph loaded in 14.738348999992013ms
Testing testAutotypingOfProperties...
Testing testSimpleRemovingVerticesEdges...
Testing testRemovingEdges...
	titangraph[cassandra:null]: 100 vertices added in 612.6060419999994ms
	titangraph[cassandra:null]: 200 edges added in 5182.886161000002ms
	titangraph[cassandra:null]: 200 edges deleted (with size check on each delete) in 473.33976799994707ms
*** TOTAL TIME [GraphTestSuite]: 37168.31620699994 ***
Testing testGraphQueryForVertices...
Testing testGraphQueryForEdges...
Testing testVertexQuery...
*** TOTAL TIME [QueryTestSuite]: 10272.146904999972 ***
Testing testNoConcurrentModificationException...
Testing testGettingVerticesAndEdgesWithKeyValue...
Testing testAutoIndexKeyManagementWithPersistence...
	titangraph[cassandra:null]: 2 automatic index keys added in 608.9975770000601ms
	titangraph[cassandra:null]: 2 automatic index keys added in 2.7044199999654666ms
Testing testKeyIndicesConsistentWithElementRemoval...
*** TOTAL TIME [KeyIndexableGraphTestSuite]: 4957.038760000025 ***
Testing testCompetingThreads...
Testing testRepeatedTransactionStopException...
Testing testTrue...
Testing testAutoStartTransaction...
Testing testTransactionsForVertices...
	titangraph[cassandra:null]: 1 vertex not added in failed transaction in 2.9745439999969676ms
	titangraph[cassandra:null]: 1 vertex added in successful transaction in 1.9290839999448508ms
Testing testBasicVertexEdgeTransactions...
Testing testBruteVertexTransactions...
	titangraph[cassandra:null]: 100 vertices added in 100 successful transactions in 666.9634569999762ms
	titangraph[cassandra:null]: 100 vertices not added in 100 failed transactions in 20.381300000008196ms
	titangraph[cassandra:null]: 100 vertices added in 1 successful transactions in 27.606430000043474ms
	titangraph[cassandra:null]: 100 vertices not added in 1 failed transactions in 50.58698000002187ms
Testing testTransactionsForEdges...
	titangraph[cassandra:null]: 1 edge not added in failed transaction (w/ iteration) in 310.4743900001049ms
	titangraph[cassandra:null]: 1 edge added in successful transaction (w/ iteration) in 108.66594800003804ms
Testing testBruteEdgeTransactions...
	titangraph[cassandra:null]: 100 edges added in 100 successful transactions (2 vertices added for each edge) in 1183.0453030000208ms
	titangraph[cassandra:null]: 100 edges not added in 100 failed transactions (2 vertices added for each edge) in 104.3125969999237ms
	titangraph[cassandra:null]: 100 edges added in 1 successful transactions (2 vertices added for each edge) in 102.44393000006676ms
	titangraph[cassandra:null]: 100 edges not added in 1 failed transactions (2 vertices added for each edge) in 159.09613099996932ms
Testing testPropertyTransactions...
	titangraph[cassandra:null]: 1 vertex added with string property in a successful transaction in 1014.9714359999634ms
	titangraph[cassandra:null]: 1 integer property not added in a failed transaction in 5.937752999947406ms
	titangraph[cassandra:null]: 2 vertex properties checked in a successful transaction in 2.869383000070229ms
	titangraph[cassandra:null]: 1 edge property added and checked in a successful transaction in 106.27192400000058ms
	titangraph[cassandra:null]: 1 edge property added and checked in a failed transaction in 1.604168999940157ms
Testing testIndexTransactions...
Testing testAutomaticSuccessfulTransactionOnShutdown...
Testing testVertexCountOnPreTransactionCommit...
Testing testBulkTransactionsOnEdges...
Testing testTransactionIsolationCommitCheck...
added vertex
reading vertex before tx
read vertex before tx
Testing testRemoveInTransaction...
*** TOTAL TIME [TransactionalTitanGraphTestSuite]: 21230.784371000016 ***
Testing testVertexReattachment...
*** TOTAL TIME [TitanSpecificBlueprintsTestSuite]: 1538.776446999982 ***
Testing testReadingTinkerGraph...
Testing testTinkerGraphEdges...
	titangraph[cassandra:null]: graph-example-1 loaded in 1059.8843039999483ms
Testing testTinkerGraphVertices...
	titangraph[cassandra:null]: graph-example-1 loaded in 1037.2334759999067ms
Testing testTinkerGraphSoftwareVertices...
	titangraph[cassandra:null]: graph-example-1 loaded in 1039.9385639999527ms
Testing testTinkerGraphVertexAndEdges...
	titangraph[cassandra:null]: graph-example-1 loaded in 1038.1520980000496ms
Testing testReadingTinkerGraphExample3...
Testing testReadingTinkerGraphExample3MappingLabels...
	titangraph[cassandra:null]: graph-example-3 loaded in 1041.4090879999567ms
Testing testReadingTinkerGraphExample3MappingIDs...
	titangraph[cassandra:null]: graph-example-3 loaded in 1043.80908799998ms
Testing testReadingTinkerGraphExample3MappingAll...
	titangraph[cassandra:null]: graph-example-3 loaded in 1042.3802650000434ms
Testing testMigratingTinkerGraphExample3...
Testing testAllGraphMLTypeCastsAndDataMappings...
*** TOTAL TIME [GraphMLReaderTestSuite]: 13006.41416299995 ***
Testing testReadingTinkerGraph...
Testing testTinkerGraphEdges...
	titangraph[cassandra:null]: graph-example-1 loaded in 1247.8462849999778ms
Testing testTinkerGraphVertices...
	titangraph[cassandra:null]: graph-example-1 loaded in 1043.166961000068ms
Testing testTinkerGraphSoftwareVertices...
	titangraph[cassandra:null]: graph-example-1 loaded in 1035.8533419999294ms
Testing testTinkerGraphVertexAndEdges...
	titangraph[cassandra:null]: graph-example-1 loaded in 1037.4957379999105ms
*** TOTAL TIME [GraphSONReaderTestSuite]: 6845.813700999948 ***
Testing testReadingTinkerGraph...
Testing testTinkerGraphEdges...
	titangraph[cassandra:null]: graph-example-1 loaded in 1043.6863700000104ms
Testing testTinkerGraphVertices...
	titangraph[cassandra:null]: graph-example-1 loaded in 1032.5519210000057ms
Testing testTinkerGraphSoftwareVertices...
	titangraph[cassandra:null]: graph-example-1 loaded in 1036.2749220000114ms
Testing testTinkerGraphVertexAndEdges...
	titangraph[cassandra:null]: graph-example-1 loaded in 1039.8711149999872ms
Testing testReadingTinkerGraphExample3...
Testing testReadingTinkerGraphExample3MappingLabels...
	titangraph[cassandra:null]: graph-example-3 loaded in 1037.687116999994ms
Testing testReadingTinkerGraphExample3MappingIDs...
	titangraph[cassandra:null]: graph-example-3 loaded in 1036.355556000024ms
Testing testReadingTinkerGraphExample3MappingAll...
	titangraph[cassandra:null]: graph-example-3 loaded in 1035.693472999963ms
Testing testMigratingTinkerGraphExample3...
*** TOTAL TIME [GMLReaderTestSuite]: 13888.84550699999 ***
Tests run: 10, Failures: 0, Errors: 0, Skipped: 0, Time elapsed: 189.48 sec
Running com.thinkaurelius.titan.diskstorage.cassandra.thrift.InternalCassandraLockKeyColumnValueStoreTest
Tests run: 14, Failures: 0, Errors: 0, Skipped: 0, Time elapsed: 30.405 sec
Running com.thinkaurelius.titan.graphdb.embedded.InternalCassandraEmbeddedGraphTest
Tests run: 19, Failures: 0, Errors: 0, Skipped: 0, Time elapsed: 52.667 sec
Running com.thinkaurelius.titan.diskstorage.cassandra.astyanax.InternalAstyanaxLockKeyColumnValueStoreTest
Tests run: 14, Failures: 0, Errors: 0, Skipped: 0, Time elapsed: 29.27 sec
Running com.thinkaurelius.titan.diskstorage.cassandra.embedded.InternalCassandraEmbeddedMultiWriteKeyColumnValueStoreTest
Tests run: 2, Failures: 0, Errors: 0, Skipped: 0, Time elapsed: 17.603 sec
Running com.thinkaurelius.titan.diskstorage.cassandra.UUIDTest
Tests run: 1, Failures: 0, Errors: 0, Skipped: 0, Time elapsed: 0.688 sec
Running com.thinkaurelius.titan.diskstorage.cassandra.thrift.InternalCassandraThriftKeyColumnValueTest
Loading time (ms): 1015
Reading time (ms): 9025
Tests run: 18, Failures: 0, Errors: 0, Skipped: 0, Time elapsed: 63.297 sec
Running com.thinkaurelius.titan.blueprints.EmbeddedCassandraBlueprintsTest
Testing testVertexEqualityForSuppliedIdsAndHashCode...
Testing testBasicAddVertex...
Testing testGetVertexWithNull...
Testing testRemoveVertex...
Testing testRemoveVertexWithEdges...
Testing testGetNonExistantVertices...
Testing testRemoveVertexNullId...
	titangraph[embeddedcassandra:null]: 100 vertices added in 15.408815999981016ms
	titangraph[embeddedcassandra:null]: 100 vertices removed in 12.919762999983504ms
Testing testVertexIterator...
	titangraph[embeddedcassandra:null]: 1000 vertices added in 755.182759999996ms
	titangraph[embeddedcassandra:null]: 1000 vertices counted in 7.6476080000866205ms
Testing testLegalVertexEdgeIterables...
Testing testAddVertexProperties...
Testing testAddManyVertexProperties...
	titangraph[embeddedcassandra:null]: 750 vertex properties added (with vertices being added too) in 19871.104461999843ms
Testing testRemoveVertexProperties...
Testing testAddingIdProperty...
Testing testNoConcurrentModificationException...
Testing testGettingEdgesAndVertices...
Testing testEmptyKeyProperty...
Testing testVertexCentricLinking...
Testing testVertexCentricRemoving...
Testing testConcurrentModificationOnProperties...
Testing testSettingBadVertexProperties...
Testing testVertexEquality...
	titangraph[embeddedcassandra:null]: 1 vertex added and retrieved in 605.8297719999682ms
*** TOTAL TIME [VertexTestSuite]: 52148.07032099995 ***
Testing testEdgeEquality...
Testing testAddEdges...
	titangraph[embeddedcassandra:null]: 6 elements added and checked in 916.8495920000132ms
Testing testNoConcurrentModificationException...
Testing testEmptyKeyProperty...
Testing testSettingBadVertexProperties...
Testing testAddManyEdges...
	titangraph[embeddedcassandra:null]: 300 elements added in 3345.4005089998245ms
	titangraph[embeddedcassandra:null]: 100 edges counted in 4.057185999816284ms
	titangraph[embeddedcassandra:null]: 200 vertices counted in 1.5179389999248087ms
	titangraph[embeddedcassandra:null]: 200 vertices checked in 8.733432000037283ms
Testing testGetEdges...
	titangraph[embeddedcassandra:null]: 3 edges retrieved in 1.5378819999750704ms
Testing testGetNonExistantEdges...
Testing testRemoveManyEdges...
	titangraph[embeddedcassandra:null]: 20 vertices counted in 0.8296550000086427ms
	titangraph[embeddedcassandra:null]: 10 edges counted in 0.9183040000498295ms
	titangraph[embeddedcassandra:null]: 10 edges removed and graph checked in 19.516800000099465ms
Testing testAddingDuplicateEdges...
Testing testRemoveEdgesByRemovingVertex...
Testing testRemoveEdges...
Testing testAddingSelfLoops...
Testing testRemoveSelfLoops...
Testing testEdgeIterator...
Testing testAddingRemovingEdgeProperties...
Testing testAddingLabelAndIdProperty...
Testing testEdgeCentricRemoving...
*** TOTAL TIME [EdgeTestSuite]: 29698.799738000147 ***
Testing testFeatureCompliance...
supportsDuplicateEdges: true
supportsSelfLoops: true
supportsSerializableObjectProperty: true
supportsBooleanProperty: true
supportsDoubleProperty: true
supportsFloatProperty: true
supportsIntegerProperty: true
supportsPrimitiveArrayProperty: true
supportsUniformListProperty: true
supportsMixedListProperty: true
supportsLongProperty: true
supportsMapProperty: true
supportsStringProperty: true
ignoresSuppliedIds: true
isPersistent: true
isRDFModel: false
isWrapper: false
supportsIndices: false
supportsVertexIndex: false
supportsEdgeIndex: false
supportsKeyIndices: true
supportsVertexKeyIndex: true
supportsEdgeKeyIndex: true
supportsEdgeIteration: true
supportsVertexIteration: true
supportsEdgeRetrieval: true
supportsVertexProperties: true
supportsEdgeProperties: true
supportsTransactions: true
supportsThreadedTransactions: true
Testing testEmptyOnConstruction...
Testing testStringRepresentationOfVertexId...
Testing testSemanticallyCorrectIterables...
Testing testVertexEdgeLabels...
Testing testVertexEdgeLabels2...
Testing testTreeConnectivity...
	titangraph[embeddedcassandra:null]: 1464 vertices added in a tree structure in 1207.334886000026ms
	titangraph[embeddedcassandra:null]: 1464 vertices iterated in 5.165409000124782ms
	titangraph[embeddedcassandra:null]: 1463 edges iterated in 36.094272000016645ms
Testing testConcurrentModification...
Testing testGraphDataPersists...
	titangraph[embeddedcassandra:null]: 1 graph loaded in 4.455981000093743ms
Testing testAutotypingOfProperties...
Testing testGettingVerticesAndEdgesWithKeyValue...
Testing testAddingVerticesAndEdges...
Testing testSettingProperties...
Testing testSimpleRemovingVerticesEdges...
Testing testRemovingEdges...
	titangraph[embeddedcassandra:null]: 100 vertices added in 611.1264130000491ms
	titangraph[embeddedcassandra:null]: 200 edges added in 5165.98799500009ms
	titangraph[embeddedcassandra:null]: 200 edges deleted (with size check on each delete) in 428.1554350000806ms
Testing testRemovingVertices...
	titangraph[embeddedcassandra:null]: 500 vertices added in 623.5292400000617ms
	titangraph[embeddedcassandra:null]: 250 edges added in 6385.171322999988ms
	titangraph[embeddedcassandra:null]: 500 vertices deleted (with size check on each delete) in 576.0478310000617ms
Testing testConnectivityPatterns...
*** TOTAL TIME [GraphTestSuite]: 32976.45668499987 ***
Testing testGraphQueryForVertices...
Testing testGraphQueryForEdges...
Testing testVertexQuery...
*** TOTAL TIME [QueryTestSuite]: 6047.230805000057 ***
Testing testNoConcurrentModificationException...
Testing testGettingVerticesAndEdgesWithKeyValue...
Testing testAutoIndexKeyManagementWithPersistence...
	titangraph[embeddedcassandra:null]: 2 automatic index keys added in 606.6338429998141ms
	titangraph[embeddedcassandra:null]: 2 automatic index keys added in 1.8560389999765903ms
Testing testKeyIndicesConsistentWithElementRemoval...
*** TOTAL TIME [KeyIndexableGraphTestSuite]: 4746.536922000116 ***
Testing testCompetingThreads...
Testing testRepeatedTransactionStopException...
Testing testTrue...
Testing testAutoStartTransaction...
Testing testTransactionsForVertices...
	titangraph[embeddedcassandra:null]: 1 vertex not added in failed transaction in 2.548588000005111ms
	titangraph[embeddedcassandra:null]: 1 vertex added in successful transaction in 1.1833679999690503ms
Testing testBasicVertexEdgeTransactions...
Testing testBruteVertexTransactions...
	titangraph[embeddedcassandra:null]: 100 vertices added in 100 successful transactions in 644.7883549998514ms
	titangraph[embeddedcassandra:null]: 100 vertices not added in 100 failed transactions in 17.354978000046685ms
	titangraph[embeddedcassandra:null]: 100 vertices added in 1 successful transactions in 18.9740649999585ms
	titangraph[embeddedcassandra:null]: 100 vertices not added in 1 failed transactions in 23.26473300019279ms
Testing testTransactionsForEdges...
	titangraph[embeddedcassandra:null]: 1 edge not added in failed transaction (w/ iteration) in 306.70858499989845ms
	titangraph[embeddedcassandra:null]: 1 edge added in successful transaction (w/ iteration) in 105.83497099997476ms
Testing testBruteEdgeTransactions...
	titangraph[embeddedcassandra:null]: 100 edges added in 100 successful transactions (2 vertices added for each edge) in 1109.999873000197ms
	titangraph[embeddedcassandra:null]: 100 edges not added in 100 failed transactions (2 vertices added for each edge) in 84.78267100010999ms
	titangraph[embeddedcassandra:null]: 100 edges added in 1 successful transactions (2 vertices added for each edge) in 63.01631999993697ms
	titangraph[embeddedcassandra:null]: 100 edges not added in 1 failed transactions (2 vertices added for each edge) in 92.6300180000253ms
Testing testPropertyTransactions...
	titangraph[embeddedcassandra:null]: 1 vertex added with string property in a successful transaction in 1012.2728479998186ms
	titangraph[embeddedcassandra:null]: 1 integer property not added in a failed transaction in 3.8871830001007766ms
	titangraph[embeddedcassandra:null]: 2 vertex properties checked in a successful transaction in 1.9494719998911023ms
	titangraph[embeddedcassandra:null]: 1 edge property added and checked in a successful transaction in 105.57691000006162ms
	titangraph[embeddedcassandra:null]: 1 edge property added and checked in a failed transaction in 1.208345000166446ms
Testing testIndexTransactions...
Testing testAutomaticSuccessfulTransactionOnShutdown...
Testing testVertexCountOnPreTransactionCommit...
Testing testBulkTransactionsOnEdges...
Testing testTransactionIsolationCommitCheck...
added vertex
reading vertex before tx
read vertex before tx
Testing testRemoveInTransaction...
*** TOTAL TIME [TransactionalTitanGraphTestSuite]: 19490.048843000084 ***
Testing testVertexReattachment...
*** TOTAL TIME [TitanSpecificBlueprintsTestSuite]: 1947.5577479999047 ***
Testing testReadingTinkerGraph...
Testing testTinkerGraphEdges...
	titangraph[embeddedcassandra:null]: graph-example-1 loaded in 1048.6896619999316ms
Testing testTinkerGraphVertices...
	titangraph[embeddedcassandra:null]: graph-example-1 loaded in 1029.672782999929ms
Testing testTinkerGraphSoftwareVertices...
	titangraph[embeddedcassandra:null]: graph-example-1 loaded in 1030.0933980001137ms
Testing testTinkerGraphVertexAndEdges...
	titangraph[embeddedcassandra:null]: graph-example-1 loaded in 1031.3291660000104ms
Testing testReadingTinkerGraphExample3...
Testing testReadingTinkerGraphExample3MappingLabels...
	titangraph[embeddedcassandra:null]: graph-example-3 loaded in 1053.7322420000564ms
Testing testReadingTinkerGraphExample3MappingIDs...
	titangraph[embeddedcassandra:null]: graph-example-3 loaded in 1034.5773760001175ms
Testing testReadingTinkerGraphExample3MappingAll...
	titangraph[embeddedcassandra:null]: graph-example-3 loaded in 1028.9369110001717ms
Testing testMigratingTinkerGraphExample3...
Testing testAllGraphMLTypeCastsAndDataMappings...
*** TOTAL TIME [GraphMLReaderTestSuite]: 11742.973429000005 ***
Testing testReadingTinkerGraph...
Testing testTinkerGraphEdges...
	titangraph[embeddedcassandra:null]: graph-example-1 loaded in 1240.8680529999547ms
Testing testTinkerGraphVertices...
	titangraph[embeddedcassandra:null]: graph-example-1 loaded in 1026.4731670001056ms
Testing testTinkerGraphSoftwareVertices...
	titangraph[embeddedcassandra:null]: graph-example-1 loaded in 1025.3019970001187ms
Testing testTinkerGraphVertexAndEdges...
	titangraph[embeddedcassandra:null]: graph-example-1 loaded in 1027.675572999986ms
*** TOTAL TIME [GraphSONReaderTestSuite]: 9536.692103000125 ***
Testing testReadingTinkerGraph...
Testing testTinkerGraphEdges...
	titangraph[embeddedcassandra:null]: graph-example-1 loaded in 1033.3212939999066ms
Testing testTinkerGraphVertices...
	titangraph[embeddedcassandra:null]: graph-example-1 loaded in 1027.9214299998712ms
Testing testTinkerGraphSoftwareVertices...
	titangraph[embeddedcassandra:null]: graph-example-1 loaded in 1026.4624159999657ms
Testing testTinkerGraphVertexAndEdges...
	titangraph[embeddedcassandra:null]: graph-example-1 loaded in 1026.8988060001284ms
Testing testReadingTinkerGraphExample3...
Testing testReadingTinkerGraphExample3MappingLabels...
	titangraph[embeddedcassandra:null]: graph-example-3 loaded in 1036.8476180001162ms
Testing testReadingTinkerGraphExample3MappingIDs...
	titangraph[embeddedcassandra:null]: graph-example-3 loaded in 1030.772588999942ms
Testing testReadingTinkerGraphExample3MappingAll...
	titangraph[embeddedcassandra:null]: graph-example-3 loaded in 1027.8659469999839ms
Testing testMigratingTinkerGraphExample3...
*** TOTAL TIME [GMLReaderTestSuite]: 14162.748404999962 ***
Tests run: 10, Failures: 0, Errors: 0, Skipped: 0, Time elapsed: 182.594 sec
Running com.thinkaurelius.titan.graphdb.astyanax.InternalAstyanaxGraphTest
Tests run: 19, Failures: 0, Errors: 0, Skipped: 0, Time elapsed: 51.012 sec
Running com.thinkaurelius.titan.diskstorage.cassandra.thrift.InternalCassandraThriftMultiWriteKeyColumnValueStoreTest
Tests run: 2, Failures: 0, Errors: 0, Skipped: 0, Time elapsed: 30.431 sec
Running com.thinkaurelius.titan.diskstorage.cassandra.embedded.InternalCassandraEmbeddedKeyColumnValueTest
Loading time (ms): 529
Reading time (ms): 5740
Tests run: 18, Failures: 0, Errors: 0, Skipped: 0, Time elapsed: 33.415 sec
Running com.thinkaurelius.titan.tinkerpop.rexster.RexsterServerClientCassandraEmbeddedTest
Apr 04, 2013 8:30:35 PM org.glassfish.grizzly.servlet.WebappContext deploy
INFO: Starting application [jersey] ...
Apr 04, 2013 8:30:35 PM com.sun.jersey.server.impl.application.WebApplicationImpl _initiate
INFO: Initiating Jersey application, version 'Jersey: 1.17 01/17/2013 03:31 PM'
Apr 04, 2013 8:30:36 PM org.glassfish.grizzly.servlet.WebappContext initServlets
INFO: [jersey] Servlet [com.sun.jersey.spi.container.servlet.ServletContainer] registered for url pattern(s) [[/*]].
Apr 04, 2013 8:30:36 PM org.glassfish.grizzly.servlet.WebappContext deploy
INFO: Application [jersey] is ready to service requests.  Root: [].
Apr 04, 2013 8:30:36 PM org.glassfish.grizzly.http.server.NetworkListener start
INFO: Started listener bound to [0.0.0.0:8182]
Apr 04, 2013 8:30:36 PM org.glassfish.grizzly.http.server.HttpServer start
INFO: [HttpServer] Started.
Apr 04, 2013 8:30:37 PM org.glassfish.grizzly.http.server.NetworkListener stop
INFO: Stopped listener bound to [0.0.0.0:8182]
Tests run: 1, Failures: 0, Errors: 0, Skipped: 0, Time elapsed: 12.036 sec
Running com.thinkaurelius.titan.diskstorage.cassandra.embedded.InternalCassandraEmbeddedLockKeyColumnValueStoreTest
Tests run: 14, Failures: 0, Errors: 0, Skipped: 0, Time elapsed: 21.922 sec
Running com.thinkaurelius.titan.graphdb.thrift.InternalCassandraGraphTest
Tests run: 19, Failures: 0, Errors: 0, Skipped: 0, Time elapsed: 51.04 sec
Running com.thinkaurelius.titan.diskstorage.cassandra.astyanax.InternalAstyanaxKeyColumnValueTest
Loading time (ms): 743
Reading time (ms): 9524
Tests run: 18, Failures: 0, Errors: 0, Skipped: 0, Time elapsed: 68.69 sec

Results :

Tests run: 181, Failures: 0, Errors: 0, Skipped: 0

[INFO]                                                                         
[INFO] ------------------------------------------------------------------------
[INFO] Building Titan-HBase: Distributed Graph Database 0.4.0-SNAPSHOT
[INFO] ------------------------------------------------------------------------
[INFO] 
[INFO] --- maven-enforcer-plugin:1.0:enforce (enforce-maven) @ titan-hbase ---
[INFO] 
[INFO] --- maven-resources-plugin:2.3:resources (default-resources) @ titan-hbase ---
[INFO] Using 'UTF-8' encoding to copy filtered resources.
[INFO] Copying 2 resources
[INFO] 
[INFO] --- maven-compiler-plugin:2.5.1:compile (default-compile) @ titan-hbase ---
[INFO] Nothing to compile - all classes are up to date
[INFO] 
[INFO] --- maven-resources-plugin:2.3:testResources (default-testResources) @ titan-hbase ---
[INFO] Using 'UTF-8' encoding to copy filtered resources.
[INFO] Copying 2 resources
[INFO] 
[INFO] --- maven-compiler-plugin:2.5.1:testCompile (default-testCompile) @ titan-hbase ---
[INFO] Nothing to compile - all classes are up to date
[INFO] 
[INFO] --- maven-dependency-plugin:2.7:copy-dependencies (default) @ titan-hbase ---
[INFO] grizzly-http-2.2.16.jar already exists in destination.
[INFO] oro-2.0.8.jar already exists in destination.
[INFO] pfl-tf-1.0.0-b001.jar already exists in destination.
[INFO] stax-api-1.0.1.jar already exists in destination.
[INFO] commons-net-1.4.1.jar already exists in destination.
[INFO] json-simple-1.1.jar already exists in destination.
[INFO] metrics-core-2.1.2.jar already exists in destination.
[INFO] pfl-basic-tools-1.0.0-b001.jar already exists in destination.
[INFO] concurrent-1.3.4.jar already exists in destination.
[INFO] pipes-2.3.0.jar already exists in destination.
[INFO] httpcore-4.1.3.jar already exists in destination.
[INFO] hadoop-core-1.0.3.jar already exists in destination.
[INFO] gremlin-groovy-2.3.0.jar already exists in destination.
[INFO] groovy-1.8.9.jar already exists in destination.
[INFO] jline-0.9.94.jar already exists in destination.
[INFO] commons-beanutils-1.7.0.jar already exists in destination.
[INFO] jackson-datatype-json-org-2.1.2.jar already exists in destination.
[INFO] commons-httpclient-3.1.jar already exists in destination.
[INFO] javax.servlet-api-3.0.1.jar already exists in destination.
[INFO] lucene-memory-3.6.2.jar already exists in destination.
[INFO] asm-commons-3.2.jar already exists in destination.
[INFO] colt-1.2.0.jar already exists in destination.
[INFO] commons-cli-1.2.jar already exists in destination.
[INFO] jersey-client-1.17.jar already exists in destination.
[INFO] jersey-servlet-1.17.jar already exists in destination.
[INFO] jasper-compiler-5.5.23.jar already exists in destination.
[INFO] jackson-annotations-2.1.1.jar already exists in destination.
[INFO] jamon-runtime-2.3.1.jar already exists in destination.
[INFO] log4j-1.2.16.jar already exists in destination.
[INFO] rexster-protocol-2.3.0.jar already exists in destination.
[INFO] lucene-highlighter-3.6.2.jar already exists in destination.
[INFO] minlog-1.2.jar already exists in destination.
[INFO] jackson-xc-1.8.8.jar already exists in destination.
[INFO] kfs-0.3.jar already exists in destination.
[INFO] jackson-core-asl-1.8.8.jar already exists in destination.
[INFO] libthrift-0.8.0.jar already exists in destination.
[INFO] grizzly-http-servlet-2.2.16.jar already exists in destination.
[INFO] hppc-0.4.2.jar already exists in destination.
[INFO] commons-math-2.2.jar already exists in destination.
[INFO] lucene-core-3.6.2.jar already exists in destination.
[INFO] jaxb-api-2.1.jar already exists in destination.
[INFO] jettison-1.3.3.jar already exists in destination.
[INFO] slf4j-api-1.6.1.jar already exists in destination.
[INFO] guava-13.0.1.jar already exists in destination.
[INFO] grizzly-framework-2.2.16.jar already exists in destination.
[INFO] jaxb-impl-2.2.3-1.jar already exists in destination.
[INFO] jersey-core-1.8.jar already exists in destination.
[INFO] commons-el-1.0.jar already exists in destination.
[INFO] asm-3.1.jar already exists in destination.
[INFO] classes already exists in destination.
[INFO] asm-analysis-3.2.jar already exists in destination.
[INFO] gremlin-java-2.3.0.jar already exists in destination.
[INFO] mockito-all-1.8.1.jar already exists in destination.
[INFO] core-3.1.1.jar already exists in destination.
[INFO] jackson-databind-2.1.2.jar already exists in destination.
[INFO] asm-tree-3.2.jar already exists in destination.
[INFO] hbase-0.94.1.jar already exists in destination.
[INFO] classes already exists in destination.
[INFO] lucene-analyzers-3.6.2.jar already exists in destination.
[INFO] elasticsearch-0.20.5.jar already exists in destination.
[INFO] commons-logging-1.1.1.jar already exists in destination.
[INFO] kryo-2.21.jar already exists in destination.
[INFO] httpclient-4.1.2.jar already exists in destination.
[INFO] commons-codec-1.7.jar already exists in destination.
[INFO] spatial4j-0.3.jar already exists in destination.
[INFO] protobuf-java-2.4.0a.jar already exists in destination.
[INFO] jersey-grizzly2-1.17.jar already exists in destination.
[INFO] reflectasm-1.07-shaded.jar already exists in destination.
[INFO] jsp-2.1-6.1.14.jar already exists in destination.
[INFO] grizzly-portunif-2.2.16.jar already exists in destination.
[INFO] gmbal-3.2.0-b003.jar already exists in destination.
[INFO] jackson-mapper-asl-1.8.8.jar already exists in destination.
[INFO] jetty-util-6.1.26.jar already exists in destination.
[INFO] objenesis-1.2.jar already exists in destination.
[INFO] jersey-server-1.8.jar already exists in destination.
[INFO] lucene-queries-3.6.2.jar already exists in destination.
[INFO] commons-digester-1.8.jar already exists in destination.
[INFO] activation-1.1.jar already exists in destination.
[INFO] commons-lang-2.5.jar already exists in destination.
[INFO] xmlenc-0.52.jar already exists in destination.
[INFO] jets3t-0.7.1.jar already exists in destination.
[INFO] antlr-2.7.7.jar already exists in destination.
[INFO] commons-beanutils-core-1.8.0.jar already exists in destination.
[INFO] grizzly-rcm-2.2.16.jar already exists in destination.
[INFO] asm-util-3.2.jar already exists in destination.
[INFO] pfl-tf-tools-1.0.0-b001.jar already exists in destination.
[INFO] rexster-server-2.3.0.jar already exists in destination.
[INFO] blueprints-test-2.3.0.jar already exists in destination.
[INFO] hsqldb-1.8.0.10.jar already exists in destination.
[INFO] grizzly-core-2.2.16.jar already exists in destination.
[INFO] grizzly-http-server-2.2.16.jar already exists in destination.
[INFO] jsr305-1.3.9.jar already exists in destination.
[INFO] junit-4.8.1.jar already exists in destination.
[INFO] jackson-core-2.1.2.jar already exists in destination.
[INFO] servlet-api-2.5-6.1.14.jar already exists in destination.
[INFO] rexster-core-2.3.0.jar already exists in destination.
[INFO] blueprints-core-2.3.0.jar already exists in destination.
[INFO] jsp-api-2.1-6.1.14.jar already exists in destination.
[INFO] netty-3.2.4.Final.jar already exists in destination.
[INFO] jansi-1.5.jar already exists in destination.
[INFO] zookeeper-3.4.3.jar already exists in destination.
[INFO] commons-collections-3.2.1.jar already exists in destination.
[INFO] json-20090211.jar already exists in destination.
[INFO] commons-io-2.0.1.jar already exists in destination.
[INFO] commons-configuration-1.6.jar already exists in destination.
[INFO] management-api-3.0.0-b012.jar already exists in destination.
[INFO] slf4j-log4j12-1.6.1.jar already exists in destination.
[INFO] classes already exists in destination.
[INFO] jersey-json-1.8.jar already exists in destination.
[INFO] msgpack-0.6.5.jar already exists in destination.
[INFO] jasper-runtime-5.5.23.jar already exists in destination.
[INFO] jackson-jaxrs-1.8.8.jar already exists in destination.
[INFO] avro-ipc-1.5.3.jar already exists in destination.
[INFO] javassist-3.15.0-GA.jar already exists in destination.
[INFO] pfl-basic-1.0.0-b001.jar already exists in destination.
[INFO] jetty-6.1.26.jar already exists in destination.
[INFO] pfl-asm-1.0.0-b001.jar already exists in destination.
[INFO] asm-4.0.jar already exists in destination.
[INFO] high-scale-lib-1.1.1.jar already exists in destination.
[INFO] velocity-1.7.jar already exists in destination.
[INFO] 
[INFO] --- maven-surefire-plugin:2.12.1:test (default-test) @ titan-hbase ---
[INFO] Surefire report directory: /home/travis/build/thinkaurelius/titan/titan-hbase/target/surefire-reports

-------------------------------------------------------
 T E S T S
-------------------------------------------------------
Running com.thinkaurelius.titan.blueprints.HBaseBlueprintsTest
Deleteing old test directories (if any).
Testing testBasicAddVertex...
Testing testRemoveVertex...
Testing testRemoveVertexWithEdges...
Testing testGetNonExistantVertices...
Testing testRemoveVertexNullId...
	titangraph[hbase:null]: 100 vertices added in 21.682080999948084ms
	titangraph[hbase:null]: 100 vertices removed in 22.534493000013754ms
Testing testVertexIterator...
	titangraph[hbase:null]: 1000 vertices added in 819.2387449999806ms
	titangraph[hbase:null]: 1000 vertices counted in 13.909649000037462ms
Testing testLegalVertexEdgeIterables...
Testing testAddVertexProperties...
Testing testAddManyVertexProperties...
	titangraph[hbase:null]: 750 vertex properties added (with vertices being added too) in 20109.785250999965ms
Testing testRemoveVertexProperties...
Testing testAddingIdProperty...
Testing testNoConcurrentModificationException...
Testing testVertexEquality...
	titangraph[hbase:null]: 1 vertex added and retrieved in 609.7512440001592ms
Testing testGetVertexWithNull...
Testing testVertexEqualityForSuppliedIdsAndHashCode...
Testing testGettingEdgesAndVertices...
Testing testEmptyKeyProperty...
Testing testVertexCentricLinking...
Testing testVertexCentricRemoving...
Testing testConcurrentModificationOnProperties...
Testing testSettingBadVertexProperties...
*** TOTAL TIME [VertexTestSuite]: 108260.4136979999 ***
Testing testEdgeEquality...
Testing testAddEdges...
	titangraph[hbase:null]: 6 elements added and checked in 925.2058700001799ms
Testing testNoConcurrentModificationException...
Testing testAddManyEdges...
	titangraph[hbase:null]: 300 elements added in 3384.5007040000055ms
	titangraph[hbase:null]: 100 edges counted in 21.030255999881774ms
	titangraph[hbase:null]: 200 vertices counted in 16.766770999878645ms
	titangraph[hbase:null]: 200 vertices checked in 30.663672999944538ms
Testing testGetEdges...
	titangraph[hbase:null]: 3 edges retrieved in 1.5914190001785755ms
Testing testGetNonExistantEdges...
Testing testRemoveManyEdges...
	titangraph[hbase:null]: 20 vertices counted in 17.085730999941006ms
	titangraph[hbase:null]: 10 edges counted in 17.927783000050113ms
	titangraph[hbase:null]: 10 edges removed and graph checked in 363.79396500019357ms
Testing testAddingDuplicateEdges...
Testing testRemoveEdgesByRemovingVertex...
Testing testRemoveEdges...
Testing testAddingSelfLoops...
Testing testRemoveSelfLoops...
Testing testEdgeIterator...
Testing testAddingRemovingEdgeProperties...
Testing testAddingLabelAndIdProperty...
Testing testEdgeCentricRemoving...
Testing testEmptyKeyProperty...
Testing testSettingBadVertexProperties...
*** TOTAL TIME [EdgeTestSuite]: 27964.404881000053 ***
Testing testVertexEdgeLabels2...
Testing testTreeConnectivity...
	titangraph[hbase:null]: 1464 vertices added in a tree structure in 1328.2934149999637ms
	titangraph[hbase:null]: 1464 vertices iterated in 29.60621999995783ms
	titangraph[hbase:null]: 1463 edges iterated in 70.69734499999322ms
Testing testConcurrentModification...
Testing testGraphDataPersists...
	titangraph[hbase:null]: 1 graph loaded in 86.76946399989538ms
Testing testAutotypingOfProperties...
Testing testEmptyOnConstruction...
Testing testStringRepresentationOfVertexId...
Testing testSemanticallyCorrectIterables...
Testing testGettingVerticesAndEdgesWithKeyValue...
Testing testAddingVerticesAndEdges...
Testing testSettingProperties...
Testing testSimpleRemovingVerticesEdges...
Testing testRemovingEdges...
	titangraph[hbase:null]: 100 vertices added in 618.0870610000566ms
	titangraph[hbase:null]: 200 edges added in 5205.95428000018ms
	titangraph[hbase:null]: 200 edges deleted (with size check on each delete) in 12405.094740999863ms
Testing testRemovingVertices...
	titangraph[hbase:null]: 500 vertices added in 634.7256410000846ms
	titangraph[hbase:null]: 250 edges added in 6446.3146670002025ms
	titangraph[hbase:null]: 500 vertices deleted (with size check on each delete) in 26168.308727999916ms
Testing testConnectivityPatterns...
Testing testVertexEdgeLabels...
Testing testFeatureCompliance...
supportsDuplicateEdges: true
supportsSelfLoops: true
supportsSerializableObjectProperty: true
supportsBooleanProperty: true
supportsDoubleProperty: true
supportsFloatProperty: true
supportsIntegerProperty: true
supportsPrimitiveArrayProperty: true
supportsUniformListProperty: true
supportsMixedListProperty: true
supportsLongProperty: true
supportsMapProperty: true
supportsStringProperty: true
ignoresSuppliedIds: true
isPersistent: true
isRDFModel: false
isWrapper: false
supportsIndices: false
supportsVertexIndex: false
supportsEdgeIndex: false
supportsKeyIndices: true
supportsVertexKeyIndex: true
supportsEdgeKeyIndex: true
supportsEdgeIteration: true
supportsVertexIteration: true
supportsEdgeRetrieval: true
supportsVertexProperties: true
supportsEdgeProperties: true
supportsTransactions: true
supportsThreadedTransactions: true
*** TOTAL TIME [GraphTestSuite]: 75531.65674100001 ***
Testing testGraphQueryForVertices...
Testing testGraphQueryForEdges...
Testing testVertexQuery...
*** TOTAL TIME [QueryTestSuite]: 7219.394227999961 ***
Testing testAutoIndexKeyManagementWithPersistence...
	titangraph[hbase:null]: 2 automatic index keys added in 614.3238260000944ms
	titangraph[hbase:null]: 2 automatic index keys added in 2.7020409998949617ms
Testing testKeyIndicesConsistentWithElementRemoval...
Testing testNoConcurrentModificationException...
Testing testGettingVerticesAndEdgesWithKeyValue...
*** TOTAL TIME [KeyIndexableGraphTestSuite]: 5487.156745000044 ***
Testing testCompetingThreads...
Testing testTrue...
Testing testRepeatedTransactionStopException...
Testing testTransactionIsolationCommitCheck...
added vertex
reading vertex before tx
read vertex before tx
Testing testRemoveInTransaction...
Testing testAutoStartTransaction...
Testing testTransactionsForVertices...
	titangraph[hbase:null]: 1 vertex not added in failed transaction in 85.80833399994299ms
	titangraph[hbase:null]: 1 vertex added in successful transaction in 39.915557000087574ms
Testing testBasicVertexEdgeTransactions...
Testing testBruteVertexTransactions...
	titangraph[hbase:null]: 100 vertices added in 100 successful transactions in 850.3241039998829ms
	titangraph[hbase:null]: 100 vertices not added in 100 failed transactions in 23.78735200013034ms
	titangraph[hbase:null]: 100 vertices added in 1 successful transactions in 90.8746229999233ms
	titangraph[hbase:null]: 100 vertices not added in 1 failed transactions in 96.95537900016643ms
Testing testTransactionsForEdges...
	titangraph[hbase:null]: 1 edge not added in failed transaction (w/ iteration) in 411.65233900002204ms
	titangraph[hbase:null]: 1 edge added in successful transaction (w/ iteration) in 198.61914600012824ms
Testing testBruteEdgeTransactions...
	titangraph[hbase:null]: 100 edges added in 100 successful transactions (2 vertices added for each edge) in 1388.4319490001071ms
	titangraph[hbase:null]: 100 edges not added in 100 failed transactions (2 vertices added for each edge) in 119.82722500013188ms
	titangraph[hbase:null]: 100 edges added in 1 successful transactions (2 vertices added for each edge) in 262.1068700000178ms
	titangraph[hbase:null]: 100 edges not added in 1 failed transactions (2 vertices added for each edge) in 309.88538299989887ms
Testing testPropertyTransactions...
	titangraph[hbase:null]: 1 vertex added with string property in a successful transaction in 1027.8619719999842ms
	titangraph[hbase:null]: 1 integer property not added in a failed transaction in 6.819378000218421ms
	titangraph[hbase:null]: 2 vertex properties checked in a successful transaction in 2.9716419999022037ms
	titangraph[hbase:null]: 1 edge property added and checked in a successful transaction in 111.92951899999753ms
	titangraph[hbase:null]: 1 edge property added and checked in a failed transaction in 1.2916810000315309ms
Testing testIndexTransactions...
Testing testAutomaticSuccessfulTransactionOnShutdown...
Testing testVertexCountOnPreTransactionCommit...
Testing testBulkTransactionsOnEdges...
*** TOTAL TIME [TransactionalTitanGraphTestSuite]: 26799.510681000073 ***
Testing testVertexReattachment...
*** TOTAL TIME [TitanSpecificBlueprintsTestSuite]: 1628.6563820000738 ***
Testing testTinkerGraphEdges...
	titangraph[hbase:null]: graph-example-1 loaded in 1071.9796230001375ms
Testing testTinkerGraphVertices...
	titangraph[hbase:null]: graph-example-1 loaded in 1051.4653249999974ms
Testing testTinkerGraphSoftwareVertices...
	titangraph[hbase:null]: graph-example-1 loaded in 1049.1686360000167ms
Testing testTinkerGraphVertexAndEdges...
	titangraph[hbase:null]: graph-example-1 loaded in 1055.4297299999744ms
Testing testReadingTinkerGraphExample3...
Testing testReadingTinkerGraphExample3MappingLabels...
	titangraph[hbase:null]: graph-example-3 loaded in 1061.4263830001ms
Testing testReadingTinkerGraphExample3MappingIDs...
	titangraph[hbase:null]: graph-example-3 loaded in 1060.0286799999885ms
Testing testReadingTinkerGraphExample3MappingAll...
	titangraph[hbase:null]: graph-example-3 loaded in 1081.209886000026ms
Testing testMigratingTinkerGraphExample3...
Testing testAllGraphMLTypeCastsAndDataMappings...
Testing testReadingTinkerGraph...
*** TOTAL TIME [GraphMLReaderTestSuite]: 13726.92798100016 ***
Testing testTinkerGraphEdges...
	titangraph[hbase:null]: graph-example-1 loaded in 2032.2919430001639ms
Testing testTinkerGraphVertices...
	titangraph[hbase:null]: graph-example-1 loaded in 1058.8955769999884ms
Testing testTinkerGraphSoftwareVertices...
	titangraph[hbase:null]: graph-example-1 loaded in 1053.185502000153ms
Testing testTinkerGraphVertexAndEdges...
	titangraph[hbase:null]: graph-example-1 loaded in 1055.961893999949ms
Testing testReadingTinkerGraph...
*** TOTAL TIME [GraphSONReaderTestSuite]: 8599.074884000001 ***
Testing testTinkerGraphEdges...
	titangraph[hbase:null]: graph-example-1 loaded in 1107.659216ms
Testing testTinkerGraphVertices...
	titangraph[hbase:null]: graph-example-1 loaded in 1052.1617659998592ms
Testing testTinkerGraphSoftwareVertices...
	titangraph[hbase:null]: graph-example-1 loaded in 1050.371167999925ms
Testing testTinkerGraphVertexAndEdges...
	titangraph[hbase:null]: graph-example-1 loaded in 1051.5024190000258ms
Testing testReadingTinkerGraphExample3...
Testing testReadingTinkerGraphExample3MappingLabels...
	titangraph[hbase:null]: graph-example-3 loaded in 1056.5873729998711ms
Testing testReadingTinkerGraphExample3MappingIDs...
	titangraph[hbase:null]: graph-example-3 loaded in 1080.6862290001009ms
Testing testReadingTinkerGraphExample3MappingAll...
	titangraph[hbase:null]: graph-example-3 loaded in 1052.1147799999453ms
Testing testMigratingTinkerGraphExample3...
Testing testReadingTinkerGraph...
*** TOTAL TIME [GMLReaderTestSuite]: 11532.007042999845 ***
Tests run: 10, Failures: 0, Errors: 0, Skipped: 0, Time elapsed: 286.848 sec
Running com.thinkaurelius.titan.diskstorage.hbase.HBaseMultiWriteKeyColumnValueStoreTest
Tests run: 2, Failures: 0, Errors: 0, Skipped: 0, Time elapsed: 40.461 sec
Running com.thinkaurelius.titan.diskstorage.hbase.HBaseKeyColumnValueTest
Loading time (ms): 1454
Reading time (ms): 2751
Tests run: 17, Failures: 0, Errors: 0, Skipped: 0, Time elapsed: 82.454 sec
Running com.thinkaurelius.titan.graphdb.hbase.HBaseGraphTest
Tests run: 19, Failures: 0, Errors: 0, Skipped: 0, Time elapsed: 56.432 sec
Running com.thinkaurelius.titan.diskstorage.hbase.HBaseLockKeyColumnValueStoreTest
Tests run: 14, Failures: 0, Errors: 0, Skipped: 0, Time elapsed: 50.27 sec
All done. Shutting done HBase.

Results :

Tests run: 62, Failures: 0, Errors: 0, Skipped: 0

[INFO]                                                                         
[INFO] ------------------------------------------------------------------------
[INFO] Building Titan-Lucene: Indexing Support 0.4.0-SNAPSHOT
[INFO] ------------------------------------------------------------------------
[INFO] 
[INFO] --- maven-enforcer-plugin:1.0:enforce (enforce-maven) @ titan-lucene ---
[INFO] 
[INFO] --- maven-resources-plugin:2.3:resources (default-resources) @ titan-lucene ---
[INFO] Using 'UTF-8' encoding to copy filtered resources.
[INFO] skip non existing resourceDirectory /home/travis/build/thinkaurelius/titan/titan-lucene/src/main/resources
[INFO] 
[INFO] --- maven-compiler-plugin:2.5.1:compile (default-compile) @ titan-lucene ---
[INFO] Nothing to compile - all classes are up to date
[INFO] 
[INFO] --- maven-resources-plugin:2.3:testResources (default-testResources) @ titan-lucene ---
[INFO] Using 'UTF-8' encoding to copy filtered resources.
[INFO] Copying 1 resource
[INFO] 
[INFO] --- maven-compiler-plugin:2.5.1:testCompile (default-testCompile) @ titan-lucene ---
[INFO] Nothing to compile - all classes are up to date
[INFO] 
[INFO] --- maven-surefire-plugin:2.12.1:test (default-test) @ titan-lucene ---
[INFO] Surefire report directory: /home/travis/build/thinkaurelius/titan/titan-lucene/target/surefire-reports

-------------------------------------------------------
 T E S T S
-------------------------------------------------------
Running com.thinkaurelius.titan.diskstorage.lucene.LuceneIndexTest
99 vs 73.867869045
Query time on 30000 docs (ms): 276
Tests run: 5, Failures: 0, Errors: 0, Skipped: 0, Time elapsed: 14.18 sec

Results :

Tests run: 5, Failures: 0, Errors: 0, Skipped: 0

[INFO]                                                                         
[INFO] ------------------------------------------------------------------------
[INFO] Building Titan-All: Complete Titan Distribution 0.4.0-SNAPSHOT
[INFO] ------------------------------------------------------------------------
[INFO] 
[INFO] --- maven-enforcer-plugin:1.0:enforce (enforce-maven) @ titan-all ---
[INFO] 
[INFO] --- maven-resources-plugin:2.3:resources (default-resources) @ titan-all ---
[INFO] Using 'UTF-8' encoding to copy filtered resources.
[INFO] Copying 2 resources
[INFO] 
[INFO] --- maven-compiler-plugin:2.5.1:compile (default-compile) @ titan-all ---
[INFO] No sources to compile
[INFO] 
[INFO] --- maven-resources-plugin:2.3:testResources (default-testResources) @ titan-all ---
[INFO] Using 'UTF-8' encoding to copy filtered resources.
[INFO] skip non existing resourceDirectory /home/travis/build/thinkaurelius/titan/titan-all/src/test/resources
[INFO] 
[INFO] --- maven-compiler-plugin:2.5.1:testCompile (default-testCompile) @ titan-all ---
[INFO] No sources to compile
[INFO] 
[INFO] --- maven-surefire-plugin:2.11:test (default-test) @ titan-all ---
[INFO] No tests to run.
[INFO] Surefire report directory: /home/travis/build/thinkaurelius/titan/titan-all/target/surefire-reports

-------------------------------------------------------
 T E S T S
-------------------------------------------------------

Results :

Tests run: 0, Failures: 0, Errors: 0, Skipped: 0

[INFO] ------------------------------------------------------------------------
[INFO] Reactor Summary:
[INFO] 
[INFO] Titan: Distributed Graph Database ................. SUCCESS [1.366s]
[INFO] Titan-Core: Core Library for Titan ................ SUCCESS [3.817s]
[INFO] Titan-Test: Test Suite for Titan .................. SUCCESS [1:04.570s]
[INFO] Titan-ElasticSearch: Distributed Indexing Support . SUCCESS [27.256s]
[INFO] Titan-BerkeleyJE: Distributed Graph Database ...... SUCCESS [1:07.244s]
[INFO] Titan-Cassandra: Distributed Graph Database ....... SUCCESS [14:48.709s]
[INFO] Titan-HBase: Distributed Graph Database ........... SUCCESS [8:38.411s]
[INFO] Titan-Lucene: Indexing Support .................... SUCCESS [15.046s]
[INFO] Titan-All: Complete Titan Distribution ............ SUCCESS [0.751s]
[INFO] ------------------------------------------------------------------------
[INFO] BUILD SUCCESS
[INFO] ------------------------------------------------------------------------
[INFO] Total time: 26:27.815s
[INFO] Finished at: Thu Apr 04 20:42:00 UTC 2013
[INFO] Final Memory: 17M/113M
[INFO] ------------------------------------------------------------------------

The command "mvn test" exited with 0.

Done. Your build exited with 0.
