Using worker: worker-linux-5-1.bb.travis-ci.com:travis-linux-20

travis_fold:start:git.1$ git clone --depth=50 --branch=master git://github.com/thinkaurelius/titan.git thinkaurelius/titan
Cloning into 'thinkaurelius/titan'...
remote: Counting objects: 3281, done.[K
remote: Compressing objects:   0% (1/1586)   [Kremote: Compressing objects:   1% (16/1586)   [Kremote: Compressing objects:   2% (32/1586)   [Kremote: Compressing objects:   3% (48/1586)   [Kremote: Compressing objects:   4% (64/1586)   [Kremote: Compressing objects:   5% (80/1586)   [Kremote: Compressing objects:   6% (96/1586)   [Kremote: Compressing objects:   7% (112/1586)   [Kremote: Compressing objects:   8% (127/1586)   [Kremote: Compressing objects:   9% (143/1586)   [Kremote: Compressing objects:  10% (159/1586)   [Kremote: Compressing objects:  11% (175/1586)   [Kremote: Compressing objects:  12% (191/1586)   [Kremote: Compressing objects:  13% (207/1586)   [Kremote: Compressing objects:  14% (223/1586)   [Kremote: Compressing objects:  15% (238/1586)   [Kremote: Compressing objects:  16% (254/1586)   [Kremote: Compressing objects:  17% (270/1586)   [Kremote: Compressing objects:  18% (286/1586)   [Kremote: Compressing objects:  19% (302/1586)   [Kremote: Compressing objects:  20% (318/1586)   [Kremote: Compressing objects:  21% (334/1586)   [Kremote: Compressing objects:  22% (349/1586)   [Kremote: Compressing objects:  23% (365/1586)   [Kremote: Compressing objects:  24% (381/1586)   [Kremote: Compressing objects:  25% (397/1586)   [Kremote: Compressing objects:  26% (413/1586)   [Kremote: Compressing objects:  27% (429/1586)   [Kremote: Compressing objects:  28% (445/1586)   [Kremote: Compressing objects:  29% (460/1586)   [Kremote: Compressing objects:  30% (476/1586)   [Kremote: Compressing objects:  31% (492/1586)   [Kremote: Compressing objects:  32% (508/1586)   [Kremote: Compressing objects:  33% (524/1586)   [Kremote: Compressing objects:  34% (540/1586)   [Kremote: Compressing objects:  35% (556/1586)   [Kremote: Compressing objects:  36% (571/1586)   [Kremote: Compressing objects:  37% (587/1586)   [Kremote: Compressing objects:  38% (603/1586)   [Kremote: Compressing objects:  39% (619/1586)   [Kremote: Compressing objects:  40% (635/1586)   [Kremote: Compressing objects:  41% (651/1586)   [Kremote: Compressing objects:  41% (666/1586)   [Kremote: Compressing objects:  42% (667/1586)   [Kremote: Compressing objects:  43% (682/1586)   [Kremote: Compressing objects:  44% (698/1586)   [Kremote: Compressing objects:  45% (714/1586)   [Kremote: Compressing objects:  46% (730/1586)   [Kremote: Compressing objects:  47% (746/1586)   [Kremote: Compressing objects:  48% (762/1586)   [Kremote: Compressing objects:  49% (778/1586)   [Kremote: Compressing objects:  50% (793/1586)   [Kremote: Compressing objects:  51% (809/1586)   [Kremote: Compressing objects:  52% (825/1586)   [Kremote: Compressing objects:  53% (841/1586)   [Kremote: Compressing objects:  54% (857/1586)   [Kremote: Compressing objects:  55% (873/1586)   [Kremote: Compressing objects:  56% (889/1586)   [Kremote: Compressing objects:  57% (905/1586)   [Kremote: Compressing objects:  58% (920/1586)   [Kremote: Compressing objects:  59% (936/1586)   [Kremote: Compressing objects:  60% (952/1586)   [Kremote: Compressing objects:  61% (968/1586)   [Kremote: Compressing objects:  62% (984/1586)   [Kremote: Compressing objects:  63% (1000/1586)   [Kremote: Compressing objects:  64% (1016/1586)   [Kremote: Compressing objects:  65% (1031/1586)   [Kremote: Compressing objects:  66% (1047/1586)   [Kremote: Compressing objects:  67% (1063/1586)   [Kremote: Compressing objects:  68% (1079/1586)   [Kremote: Compressing objects:  69% (1095/1586)   [Kremote: Compressing objects:  70% (1111/1586)   [Kremote: Compressing objects:  71% (1127/1586)   [Kremote: Compressing objects:  72% (1142/1586)   [Kremote: Compressing objects:  73% (1158/1586)   [Kremote: Compressing objects:  74% (1174/1586)   [Kremote: Compressing objects:  75% (1190/1586)   [Kremote: Compressing objects:  76% (1206/1586)   [Kremote: Compressing objects:  77% (1222/1586)   [Kremote: Compressing objects:  78% (1238/1586)   [Kremote: Compressing objects:  79% (1253/1586)   [Kremote: Compressing objects:  80% (1269/1586)   [Kremote: Compressing objects:  81% (1285/1586)   [Kremote: Compressing objects:  82% (1301/1586)   [Kremote: Compressing objects:  83% (1317/1586)   [Kremote: Compressing objects:  84% (1333/1586)   [Kremote: Compressing objects:  85% (1349/1586)   [Kremote: Compressing objects:  86% (1364/1586)   [Kremote: Compressing objects:  87% (1380/1586)   [Kremote: Compressing objects:  88% (1396/1586)   [Kremote: Compressing objects:  89% (1412/1586)   [Kremote: Compressing objects:  90% (1428/1586)   [Kremote: Compressing objects:  91% (1444/1586)   [Kremote: Compressing objects:  92% (1460/1586)   [Kremote: Compressing objects:  93% (1475/1586)   [Kremote: Compressing objects:  94% (1491/1586)   [Kremote: Compressing objects:  95% (1507/1586)   [Kremote: Compressing objects:  96% (1523/1586)   [Kremote: Compressing objects:  97% (1539/1586)   [Kremote: Compressing objects:  98% (1555/1586)   [Kremote: Compressing objects:  99% (1571/1586)   [Kremote: Compressing objects: 100% (1586/1586)   [Kremote: Compressing objects: 100% (1586/1586), done.[K
Receiving objects:   0% (1/3281)   Receiving objects:   1% (33/3281)   Receiving objects:   2% (66/3281)   Receiving objects:   3% (99/3281)   Receiving objects:   4% (132/3281)   Receiving objects:   5% (165/3281)   Receiving objects:   6% (197/3281)   Receiving objects:   7% (230/3281)   Receiving objects:   8% (263/3281), 1.54 MiB | 3.04 MiB/s   Receiving objects:   9% (296/3281), 1.54 MiB | 3.04 MiB/s   Receiving objects:  10% (329/3281), 1.54 MiB | 3.04 MiB/s   Receiving objects:  11% (361/3281), 1.54 MiB | 3.04 MiB/s   Receiving objects:  12% (394/3281), 1.54 MiB | 3.04 MiB/s   Receiving objects:  13% (427/3281), 1.54 MiB | 3.04 MiB/s   Receiving objects:  14% (460/3281), 1.54 MiB | 3.04 MiB/s   Receiving objects:  15% (493/3281), 1.54 MiB | 3.04 MiB/s   Receiving objects:  16% (525/3281), 1.54 MiB | 3.04 MiB/s   Receiving objects:  17% (558/3281), 1.54 MiB | 3.04 MiB/s   Receiving objects:  18% (591/3281), 1.54 MiB | 3.04 MiB/s   Receiving objects:  19% (624/3281), 1.54 MiB | 3.04 MiB/s   Receiving objects:  20% (657/3281), 1.54 MiB | 3.04 MiB/s   Receiving objects:  21% (690/3281), 1.54 MiB | 3.04 MiB/s   Receiving objects:  22% (722/3281), 1.54 MiB | 3.04 MiB/s   Receiving objects:  23% (755/3281), 1.54 MiB | 3.04 MiB/s   Receiving objects:  24% (788/3281), 1.54 MiB | 3.04 MiB/s   Receiving objects:  25% (821/3281), 1.54 MiB | 3.04 MiB/s   Receiving objects:  26% (854/3281), 1.54 MiB | 3.04 MiB/s   Receiving objects:  27% (886/3281), 1.54 MiB | 3.04 MiB/s   Receiving objects:  28% (919/3281), 1.54 MiB | 3.04 MiB/s   Receiving objects:  29% (952/3281), 1.54 MiB | 3.04 MiB/s   Receiving objects:  30% (985/3281), 1.54 MiB | 3.04 MiB/s   Receiving objects:  31% (1018/3281), 1.54 MiB | 3.04 MiB/s   Receiving objects:  32% (1050/3281), 1.54 MiB | 3.04 MiB/s   Receiving objects:  33% (1083/3281), 1.54 MiB | 3.04 MiB/s   Receiving objects:  34% (1116/3281), 1.54 MiB | 3.04 MiB/s   Receiving objects:  35% (1149/3281), 1.54 MiB | 3.04 MiB/s   Receiving objects:  36% (1182/3281), 1.54 MiB | 3.04 MiB/s   Receiving objects:  37% (1214/3281), 1.54 MiB | 3.04 MiB/s   Receiving objects:  38% (1247/3281), 1.54 MiB | 3.04 MiB/s   Receiving objects:  39% (1280/3281), 1.54 MiB | 3.04 MiB/s   Receiving objects:  40% (1313/3281), 1.54 MiB | 3.04 MiB/s   Receiving objects:  41% (1346/3281), 1.54 MiB | 3.04 MiB/s   Receiving objects:  42% (1379/3281), 1.54 MiB | 3.04 MiB/s   Receiving objects:  43% (1411/3281), 1.54 MiB | 3.04 MiB/s   Receiving objects:  44% (1444/3281), 1.54 MiB | 3.04 MiB/s   Receiving objects:  45% (1477/3281), 1.54 MiB | 3.04 MiB/s   Receiving objects:  46% (1510/3281), 1.54 MiB | 3.04 MiB/s   Receiving objects:  47% (1543/3281), 1.54 MiB | 3.04 MiB/s   Receiving objects:  48% (1575/3281), 1.54 MiB | 3.04 MiB/s   Receiving objects:  49% (1608/3281), 1.54 MiB | 3.04 MiB/s   Receiving objects:  50% (1641/3281), 1.54 MiB | 3.04 MiB/s   Receiving objects:  51% (1674/3281), 1.54 MiB | 3.04 MiB/s   Receiving objects:  52% (1707/3281), 1.54 MiB | 3.04 MiB/s   Receiving objects:  53% (1739/3281), 1.54 MiB | 3.04 MiB/s   Receiving objects:  54% (1772/3281), 1.54 MiB | 3.04 MiB/s   Receiving objects:  55% (1805/3281), 1.54 MiB | 3.04 MiB/s   Receiving objects:  56% (1838/3281), 1.54 MiB | 3.04 MiB/s   Receiving objects:  57% (1871/3281), 1.54 MiB | 3.04 MiB/s   Receiving objects:  58% (1903/3281), 1.54 MiB | 3.04 MiB/s   Receiving objects:  59% (1936/3281), 1.54 MiB | 3.04 MiB/s   Receiving objects:  60% (1969/3281), 1.54 MiB | 3.04 MiB/s   Receiving objects:  61% (2002/3281), 1.54 MiB | 3.04 MiB/s   Receiving objects:  61% (2024/3281), 4.92 MiB | 4.24 MiB/s   Receiving objects:  62% (2035/3281), 4.92 MiB | 4.24 MiB/s   Receiving objects:  63% (2068/3281), 4.92 MiB | 4.24 MiB/s   Receiving objects:  64% (2100/3281), 4.92 MiB | 4.24 MiB/s   Receiving objects:  65% (2133/3281), 4.92 MiB | 4.24 MiB/s   Receiving objects:  66% (2166/3281), 4.92 MiB | 4.24 MiB/s   Receiving objects:  67% (2199/3281), 4.92 MiB | 4.24 MiB/s   Receiving objects:  68% (2232/3281), 4.92 MiB | 4.24 MiB/s   Receiving objects:  69% (2264/3281), 4.92 MiB | 4.24 MiB/s   Receiving objects:  70% (2297/3281), 4.92 MiB | 4.24 MiB/s   Receiving objects:  71% (2330/3281), 4.92 MiB | 4.24 MiB/s   Receiving objects:  72% (2363/3281), 4.92 MiB | 4.24 MiB/s   Receiving objects:  73% (2396/3281), 4.92 MiB | 4.24 MiB/s   Receiving objects:  74% (2428/3281), 4.92 MiB | 4.24 MiB/s   Receiving objects:  75% (2461/3281), 4.92 MiB | 4.24 MiB/s   Receiving objects:  76% (2494/3281), 4.92 MiB | 4.24 MiB/s   Receiving objects:  77% (2527/3281), 4.92 MiB | 4.24 MiB/s   Receiving objects:  78% (2560/3281), 4.92 MiB | 4.24 MiB/s   Receiving objects:  79% (2592/3281), 4.92 MiB | 4.24 MiB/s   Receiving objects:  80% (2625/3281), 4.92 MiB | 4.24 MiB/s   Receiving objects:  81% (2658/3281), 4.92 MiB | 4.24 MiB/s   Receiving objects:  82% (2691/3281), 4.92 MiB | 4.24 MiB/s   Receiving objects:  83% (2724/3281), 4.92 MiB | 4.24 MiB/s   Receiving objects:  84% (2757/3281), 4.92 MiB | 4.24 MiB/s   Receiving objects:  85% (2789/3281), 4.92 MiB | 4.24 MiB/s   Receiving objects:  86% (2822/3281), 4.92 MiB | 4.24 MiB/s   Receiving objects:  87% (2855/3281), 4.92 MiB | 4.24 MiB/s   Receiving objects:  88% (2888/3281), 4.92 MiB | 4.24 MiB/s   remote: Total 3281 (delta 1233), reused 2808 (delta 933)[K
Receiving objects:  89% (2921/3281), 4.92 MiB | 4.24 MiB/s   Receiving objects:  90% (2953/3281), 4.92 MiB | 4.24 MiB/s   Receiving objects:  91% (2986/3281), 4.92 MiB | 4.24 MiB/s   Receiving objects:  92% (3019/3281), 4.92 MiB | 4.24 MiB/s   Receiving objects:  93% (3052/3281), 4.92 MiB | 4.24 MiB/s   Receiving objects:  94% (3085/3281), 4.92 MiB | 4.24 MiB/s   Receiving objects:  95% (3117/3281), 4.92 MiB | 4.24 MiB/s   Receiving objects:  96% (3150/3281), 4.92 MiB | 4.24 MiB/s   Receiving objects:  97% (3183/3281), 4.92 MiB | 4.24 MiB/s   Receiving objects:  98% (3216/3281), 4.92 MiB | 4.24 MiB/s   Receiving objects:  99% (3249/3281), 4.92 MiB | 4.24 MiB/s   Receiving objects: 100% (3281/3281), 4.92 MiB | 4.24 MiB/s   Receiving objects: 100% (3281/3281), 5.00 MiB | 4.24 MiB/s, done.
Resolving deltas:   0% (0/1233)   Resolving deltas:   1% (14/1233)   Resolving deltas:   2% (28/1233)   Resolving deltas:   3% (40/1233)   Resolving deltas:   4% (57/1233)   Resolving deltas:   5% (69/1233)   Resolving deltas:   6% (76/1233)   Resolving deltas:   7% (87/1233)   Resolving deltas:   8% (102/1233)   Resolving deltas:   9% (118/1233)   Resolving deltas:  11% (147/1233)   Resolving deltas:  12% (156/1233)   Resolving deltas:  13% (168/1233)   Resolving deltas:  14% (177/1233)   Resolving deltas:  15% (185/1233)   Resolving deltas:  16% (202/1233)   Resolving deltas:  17% (214/1233)   Resolving deltas:  18% (223/1233)   Resolving deltas:  19% (237/1233)   Resolving deltas:  20% (254/1233)   Resolving deltas:  22% (273/1233)   Resolving deltas:  24% (299/1233)   Resolving deltas:  25% (311/1233)   Resolving deltas:  26% (321/1233)   Resolving deltas:  27% (343/1233)   Resolving deltas:  28% (353/1233)   Resolving deltas:  29% (358/1233)   Resolving deltas:  30% (374/1233)   Resolving deltas:  31% (391/1233)   Resolving deltas:  32% (399/1233)   Resolving deltas:  33% (409/1233)   Resolving deltas:  34% (420/1233)   Resolving deltas:  35% (432/1233)   Resolving deltas:  36% (445/1233)   Resolving deltas:  37% (458/1233)   Resolving deltas:  38% (469/1233)   Resolving deltas:  39% (485/1233)   Resolving deltas:  40% (495/1233)   Resolving deltas:  41% (510/1233)   Resolving deltas:  42% (519/1233)   Resolving deltas:  43% (533/1233)   Resolving deltas:  44% (546/1233)   Resolving deltas:  45% (560/1233)   Resolving deltas:  46% (569/1233)   Resolving deltas:  47% (580/1233)   Resolving deltas:  48% (597/1233)   Resolving deltas:  49% (605/1233)   Resolving deltas:  50% (617/1233)   Resolving deltas:  51% (629/1233)   Resolving deltas:  52% (642/1233)   Resolving deltas:  53% (654/1233)   Resolving deltas:  54% (667/1233)   Resolving deltas:  55% (681/1233)   Resolving deltas:  56% (696/1233)   Resolving deltas:  57% (704/1233)   Resolving deltas:  58% (722/1233)   Resolving deltas:  59% (728/1233)   Resolving deltas:  60% (740/1233)   Resolving deltas:  61% (757/1233)   Resolving deltas:  62% (773/1233)   Resolving deltas:  63% (780/1233)   Resolving deltas:  64% (792/1233)   Resolving deltas:  65% (802/1233)   Resolving deltas:  66% (814/1233)   Resolving deltas:  67% (829/1233)   Resolving deltas:  68% (839/1233)   Resolving deltas:  69% (852/1233)   Resolving deltas:  70% (872/1233)   Resolving deltas:  71% (884/1233)   Resolving deltas:  72% (888/1233)   Resolving deltas:  73% (911/1233)   Resolving deltas:  74% (913/1233)   Resolving deltas:  75% (931/1233)   Resolving deltas:  76% (938/1233)   Resolving deltas:  77% (950/1233)   Resolving deltas:  78% (964/1233)   Resolving deltas:  79% (975/1233)   Resolving deltas:  80% (991/1233)   Resolving deltas:  81% (1008/1233)   Resolving deltas:  82% (1021/1233)   Resolving deltas:  83% (1028/1233)   Resolving deltas:  84% (1036/1233)   Resolving deltas:  85% (1049/1233)   Resolving deltas:  86% (1065/1233)   Resolving deltas:  87% (1076/1233)   Resolving deltas:  88% (1092/1233)   Resolving deltas:  89% (1103/1233)   Resolving deltas:  90% (1112/1233)   Resolving deltas:  91% (1124/1233)   Resolving deltas:  92% (1135/1233)   Resolving deltas:  93% (1154/1233)   Resolving deltas:  94% (1170/1233)   Resolving deltas:  95% (1172/1233)   Resolving deltas:  96% (1192/1233)   Resolving deltas:  97% (1198/1233)   Resolving deltas:  98% (1217/1233)   Resolving deltas:  99% (1221/1233)   Resolving deltas: 100% (1233/1233)   Resolving deltas: 100% (1233/1233), done.
travis_fold:end:git.1$ cd thinkaurelius/titan
travis_fold:start:git.2$ git checkout -qf 3b27fc0318af0fe3056e30f5831769bdc4fc5f26
travis_fold:end:git.2$ jdk_switcher use oraclejdk7
Switching to Oracle JDK7 (java-7-oracle), JAVA_HOME will be set to /usr/lib/jvm/java-7-oracle
update-alternatives: error: no alternatives for apt.
update-alternatives: error: no alternatives for mozilla-javaplugin.so.
update-alternatives: error: no alternatives for apt.
$ java -version
java version "1.7.0_17"
Java(TM) SE Runtime Environment (build 1.7.0_17-b02)
Java HotSpot(TM) 64-Bit Server VM (build 23.7-b01, mixed mode)
$ javac -version
javac 1.7.0_17
travis_fold:start:install$ mvn install --quiet -DskipTests=true
[debug] execute contextualize
[debug] execute contextualize
[debug] execute contextualize
travis_fold:end:install$ mvn test
[INFO] Scanning for projects...
[INFO] ------------------------------------------------------------------------
[INFO] Reactor Build Order:
[INFO] 
[INFO] Titan: Distributed Graph Database
[INFO] Titan-Core: Core Library for Titan
[INFO] Titan-Test: Test Suite for Titan
[INFO] Titan-ElasticSearch: Distributed Indexing Support
[INFO] Titan-BerkeleyJE: Distributed Graph Database
[INFO] Titan-Cassandra: Distributed Graph Database
[INFO] Titan-HBase: Distributed Graph Database
[INFO] Titan-Lucene: Indexing Support
[INFO] Titan-All: Complete Titan Distribution
[INFO]                                                                         
[INFO] ------------------------------------------------------------------------
[INFO] Building Titan: Distributed Graph Database 0.4.0-SNAPSHOT
[INFO] ------------------------------------------------------------------------
[INFO] 
[INFO] --- maven-enforcer-plugin:1.0:enforce (enforce-maven) @ titan ---
[INFO]                                                                         
[INFO] ------------------------------------------------------------------------
[INFO] Building Titan-Core: Core Library for Titan 0.4.0-SNAPSHOT
[INFO] ------------------------------------------------------------------------
[INFO] 
[INFO] --- maven-enforcer-plugin:1.0:enforce (enforce-maven) @ titan-core ---
[INFO] 
[INFO] --- maven-resources-plugin:2.3:resources (default-resources) @ titan-core ---
[INFO] Using 'UTF-8' encoding to copy filtered resources.
[INFO] skip non existing resourceDirectory /home/travis/build/thinkaurelius/titan/titan-core/src/main/resources
[INFO] 
[INFO] --- maven-compiler-plugin:2.5.1:compile (default-compile) @ titan-core ---
[INFO] Nothing to compile - all classes are up to date
[INFO] 
[INFO] --- maven-resources-plugin:2.3:testResources (default-testResources) @ titan-core ---
[INFO] Using 'UTF-8' encoding to copy filtered resources.
[INFO] skip non existing resourceDirectory /home/travis/build/thinkaurelius/titan/titan-core/src/test/resources
[INFO] 
[INFO] --- maven-compiler-plugin:2.5.1:testCompile (default-testCompile) @ titan-core ---
[INFO] No sources to compile
[INFO] 
[INFO] --- maven-surefire-plugin:2.11:test (default-test) @ titan-core ---
[INFO] No tests to run.
[INFO] Surefire report directory: /home/travis/build/thinkaurelius/titan/titan-core/target/surefire-reports
Downloading: http://maven.mirrors.travis-ci.org/nexus/content/repositories/central/org/apache/maven/surefire/surefire-junit3/2.11/surefire-junit3-2.11.pom
2/2 KB            Downloaded: http://maven.mirrors.travis-ci.org/nexus/content/repositories/central/org/apache/maven/surefire/surefire-junit3/2.11/surefire-junit3-2.11.pom (2 KB at 2.6 KB/sec)
Downloading: http://maven.mirrors.travis-ci.org/nexus/content/repositories/central/org/apache/maven/surefire/surefire-providers/2.11/surefire-providers-2.11.pom
3/3 KB            Downloaded: http://maven.mirrors.travis-ci.org/nexus/content/repositories/central/org/apache/maven/surefire/surefire-providers/2.11/surefire-providers-2.11.pom (3 KB at 7.3 KB/sec)
Downloading: http://maven.mirrors.travis-ci.org/nexus/content/repositories/central/org/apache/maven/surefire/surefire-junit3/2.11/surefire-junit3-2.11.jar
4/26 KB   8/26 KB   9/26 KB   10/26 KB   14/26 KB   18/26 KB   22/26 KB   23/26 KB   26/26 KB   26/26 KB              Downloaded: http://maven.mirrors.travis-ci.org/nexus/content/repositories/central/org/apache/maven/surefire/surefire-junit3/2.11/surefire-junit3-2.11.jar (26 KB at 51.6 KB/sec)

-------------------------------------------------------
 T E S T S
-------------------------------------------------------

Results :

Tests run: 0, Failures: 0, Errors: 0, Skipped: 0

[INFO]                                                                         
[INFO] ------------------------------------------------------------------------
[INFO] Building Titan-Test: Test Suite for Titan 0.4.0-SNAPSHOT
[INFO] ------------------------------------------------------------------------
[INFO] 
[INFO] --- maven-enforcer-plugin:1.0:enforce (enforce-maven) @ titan-test ---
[INFO] 
[INFO] --- maven-resources-plugin:2.3:resources (default-resources) @ titan-test ---
[INFO] Using 'UTF-8' encoding to copy filtered resources.
[INFO] Copying 1 resource
[INFO] 
[INFO] --- maven-compiler-plugin:2.5.1:compile (default-compile) @ titan-test ---
[INFO] Nothing to compile - all classes are up to date
[INFO] 
[INFO] --- maven-resources-plugin:2.3:testResources (default-testResources) @ titan-test ---
[INFO] Using 'UTF-8' encoding to copy filtered resources.
[INFO] Copying 2 resources
[INFO] 
[INFO] --- maven-compiler-plugin:2.5.1:testCompile (default-testCompile) @ titan-test ---
[INFO] Nothing to compile - all classes are up to date
[INFO] 
[INFO] --- maven-surefire-plugin:2.12.1:test (default-test) @ titan-test ---
[INFO] Surefire report directory: /home/travis/build/thinkaurelius/titan/titan-test/target/surefire-reports
Downloading: http://maven.mirrors.travis-ci.org/nexus/content/repositories/central/org/apache/maven/surefire/surefire-junit4/2.12.1/surefire-junit4-2.12.1.pom
3/3 KB              Downloaded: http://maven.mirrors.travis-ci.org/nexus/content/repositories/central/org/apache/maven/surefire/surefire-junit4/2.12.1/surefire-junit4-2.12.1.pom (3 KB at 7.7 KB/sec)
Downloading: http://maven.mirrors.travis-ci.org/nexus/content/repositories/central/org/apache/maven/surefire/surefire-providers/2.12.1/surefire-providers-2.12.1.pom
3/3 KB            Downloaded: http://maven.mirrors.travis-ci.org/nexus/content/repositories/central/org/apache/maven/surefire/surefire-providers/2.12.1/surefire-providers-2.12.1.pom (3 KB at 7.5 KB/sec)
Downloading: http://maven.mirrors.travis-ci.org/nexus/content/repositories/central/org/apache/maven/surefire/surefire-junit4/2.12.1/surefire-junit4-2.12.1.jar
4/34 KB   8/34 KB   9/34 KB   11/34 KB   15/34 KB   19/34 KB   23/34 KB   24/34 KB   28/34 KB   32/34 KB   34/34 KB              Downloaded: http://maven.mirrors.travis-ci.org/nexus/content/repositories/central/org/apache/maven/surefire/surefire-junit4/2.12.1/surefire-junit4-2.12.1.jar (34 KB at 63.5 KB/sec)

-------------------------------------------------------
 T E S T S
-------------------------------------------------------
Running com.thinkaurelius.titan.graphdb.serializer.ByteBufferTest
Tests run: 3, Failures: 0, Errors: 0, Skipped: 0, Time elapsed: 1.136 sec
Running com.thinkaurelius.titan.tinkerpop.gremlin.ScriptExecutorTest
Tests run: 1, Failures: 0, Errors: 0, Skipped: 0, Time elapsed: 0.013 sec
Running com.thinkaurelius.titan.util.LongEncodingTest
Time to de/encode 1000000 longs (in ms): 1246
Tests run: 1, Failures: 0, Errors: 0, Skipped: 0, Time elapsed: 1.23 sec
Running com.thinkaurelius.titan.graphdb.attribute.GeoshapeTest
circle[10.0,12.5]:100.0
box[[20.0,22.5],[40.5,60.5]]
Tests run: 3, Failures: 0, Errors: 0, Skipped: 0, Time elapsed: 0.046 sec
Running com.thinkaurelius.titan.util.datastructures.BitMapTest
Tests run: 1, Failures: 0, Errors: 0, Skipped: 0, Time elapsed: 0 sec
Running com.thinkaurelius.titan.graphdb.serializer.KryoTest
Tests run: 5, Failures: 0, Errors: 0, Skipped: 0, Time elapsed: 0.121 sec
Running com.thinkaurelius.titan.graphdb.idmanagement.IDManagementTest
Tests run: 3, Failures: 0, Errors: 0, Skipped: 0, Time elapsed: 1.428 sec
Running com.thinkaurelius.titan.diskstorage.util.ByteBufferUtilTest
Tests run: 1, Failures: 0, Errors: 0, Skipped: 0, Time elapsed: 0.068 sec
Running com.thinkaurelius.titan.graphdb.idmanagement.VariableLongTest
Writing 10000000 longs in 65567319 bytes. in time: 2229
Writing 1000000 longs in 2983488 bytes. in time: 136
Tests run: 5, Failures: 0, Errors: 0, Skipped: 0, Time elapsed: 3.054 sec
Running com.thinkaurelius.titan.util.datastructures.ImmutableLongObjectMapTest
Tests run: 3, Failures: 0, Errors: 0, Skipped: 0, Time elapsed: 0.638 sec
Running com.thinkaurelius.titan.graphdb.inmemory.InMemoryGraphTest
Tests run: 19, Failures: 0, Errors: 0, Skipped: 0, Time elapsed: 29.404 sec
Running com.thinkaurelius.titan.graphdb.idmanagement.IDPoolTest
Tests run: 3, Failures: 0, Errors: 0, Skipped: 0, Time elapsed: 1.138 sec
Running com.thinkaurelius.titan.tinkerpop.rexster.TitanGraphConfigurationTest
Tests run: 1, Failures: 0, Errors: 0, Skipped: 0, Time elapsed: 0.094 sec
Running com.thinkaurelius.titan.graphdb.serializer.SerializerTest
Tests run: 9, Failures: 0, Errors: 0, Skipped: 0, Time elapsed: 1.385 sec
Running com.thinkaurelius.titan.diskstorage.locking.LocalLockMediatorTest
Tests run: 1, Failures: 0, Errors: 0, Skipped: 0, Time elapsed: 0.176 sec
Running com.thinkaurelius.titan.util.datastructures.RandomRemovalListTest
Tests run: 3, Failures: 0, Errors: 0, Skipped: 0, Time elapsed: 0.903 sec
Running com.thinkaurelius.titan.graphdb.idmanagement.VertexIDAssignerTest
Partition: false
partitionMax: 2147483647
localPartition: null
Partition: true
partitionMax: 2147483647
localPartition: null
Partition: true
partitionMax: 2147483647
localPartition: [0, 2000]
Partition: true
partitionMax: 2147483647
localPartition: [-100000, -1]
Partition: true
partitionMax: 2147483647
localPartition: [-10000, 10000]
Partition: true
partitionMax: 100
localPartition: null
Partition: true
partitionMax: 100
localPartition: [0, 2000]
Partition: true
partitionMax: 100
localPartition: [-100000, -1]
Partition: true
partitionMax: 100
localPartition: [-10000, 10000]
Tests run: 9, Failures: 0, Errors: 0, Skipped: 0, Time elapsed: 11.867 sec
Running com.thinkaurelius.titan.diskstorage.inmemory.InMemoryKeyColumnValueStoreTest
Loading time (ms): 1080
Reading time (ms): 122
Tests run: 17, Failures: 0, Errors: 0, Skipped: 0, Time elapsed: 3.257 sec
Running com.thinkaurelius.titan.diskstorage.util.StorageFeaturesTest
Tests run: 1, Failures: 0, Errors: 0, Skipped: 0, Time elapsed: 0.001 sec
Running com.thinkaurelius.titan.diskstorage.inmemory.inMemoryLockKeyColumnValueStoreTest
Tests run: 14, Failures: 0, Errors: 0, Skipped: 0, Time elapsed: 5.766 sec

Results :

Tests run: 103, Failures: 0, Errors: 0, Skipped: 0

[INFO]                                                                         
[INFO] ------------------------------------------------------------------------
[INFO] Building Titan-ElasticSearch: Distributed Indexing Support 0.4.0-SNAPSHOT
[INFO] ------------------------------------------------------------------------
[INFO] 
[INFO] --- maven-enforcer-plugin:1.0:enforce (enforce-maven) @ titan-es ---
[INFO] 
[INFO] --- maven-resources-plugin:2.3:resources (default-resources) @ titan-es ---
[INFO] Using 'UTF-8' encoding to copy filtered resources.
[INFO] skip non existing resourceDirectory /home/travis/build/thinkaurelius/titan/titan-es/src/main/resources
[INFO] 
[INFO] --- maven-compiler-plugin:2.5.1:compile (default-compile) @ titan-es ---
[INFO] Nothing to compile - all classes are up to date
[INFO] 
[INFO] --- maven-resources-plugin:2.3:testResources (default-testResources) @ titan-es ---
[INFO] Using 'UTF-8' encoding to copy filtered resources.
[INFO] Copying 1 resource
[INFO] 
[INFO] --- maven-compiler-plugin:2.5.1:testCompile (default-testCompile) @ titan-es ---
[INFO] Nothing to compile - all classes are up to date
[INFO] 
[INFO] --- maven-surefire-plugin:2.12.1:test (default-test) @ titan-es ---
[INFO] Surefire report directory: /home/travis/build/thinkaurelius/titan/titan-es/target/surefire-reports

-------------------------------------------------------
 T E S T S
-------------------------------------------------------
Running com.thinkaurelius.titan.diskstorage.es.ElasticSearchIndexTest
83 vs 73.867869045
Query time on 30000 docs (ms): 188
Tests run: 5, Failures: 0, Errors: 0, Skipped: 0, Time elapsed: 25.402 sec

Results :

Tests run: 5, Failures: 0, Errors: 0, Skipped: 0

[INFO]                                                                         
[INFO] ------------------------------------------------------------------------
[INFO] Building Titan-BerkeleyJE: Distributed Graph Database 0.4.0-SNAPSHOT
[INFO] ------------------------------------------------------------------------
[INFO] 
[INFO] --- maven-enforcer-plugin:1.0:enforce (enforce-maven) @ titan-berkeleyje ---
[INFO] 
[INFO] --- maven-resources-plugin:2.3:resources (default-resources) @ titan-berkeleyje ---
[INFO] Using 'UTF-8' encoding to copy filtered resources.
[INFO] Copying 2 resources
[INFO] 
[INFO] --- maven-compiler-plugin:2.5.1:compile (default-compile) @ titan-berkeleyje ---
[INFO] Nothing to compile - all classes are up to date
[INFO] 
[INFO] --- maven-resources-plugin:2.3:testResources (default-testResources) @ titan-berkeleyje ---
[INFO] Using 'UTF-8' encoding to copy filtered resources.
[INFO] Copying 2 resources
[INFO] 
[INFO] --- maven-compiler-plugin:2.5.1:testCompile (default-testCompile) @ titan-berkeleyje ---
[INFO] Nothing to compile - all classes are up to date
[INFO] 
[INFO] --- maven-surefire-plugin:2.12.1:test (default-test) @ titan-berkeleyje ---
[INFO] Surefire report directory: /home/travis/build/thinkaurelius/titan/titan-berkeleyje/target/surefire-reports

-------------------------------------------------------
 T E S T S
-------------------------------------------------------
Running com.thinkaurelius.titan.diskstorage.berkeleyje.BerkeleyDBjeKeyColumnValueVariableTest
Loading time (ms): 2123
Reading time (ms): 915
Tests run: 17, Failures: 0, Errors: 0, Skipped: 0, Time elapsed: 22.832 sec
Running com.thinkaurelius.titan.tinkerpop.rexster.RexsterServerClientBerkeleyJeTest
Apr 04, 2013 9:17:26 PM org.glassfish.grizzly.servlet.WebappContext deploy
INFO: Starting application [jersey] ...
Apr 04, 2013 9:17:27 PM com.sun.jersey.server.impl.application.WebApplicationImpl _initiate
INFO: Initiating Jersey application, version 'Jersey: 1.17 01/17/2013 03:31 PM'
Apr 04, 2013 9:17:28 PM org.glassfish.grizzly.servlet.WebappContext initServlets
INFO: [jersey] Servlet [com.sun.jersey.spi.container.servlet.ServletContainer] registered for url pattern(s) [[/*]].
Apr 04, 2013 9:17:28 PM org.glassfish.grizzly.servlet.WebappContext deploy
INFO: Application [jersey] is ready to service requests.  Root: [].
Apr 04, 2013 9:17:28 PM org.glassfish.grizzly.http.server.NetworkListener start
INFO: Started listener bound to [0.0.0.0:8182]
Apr 04, 2013 9:17:28 PM org.glassfish.grizzly.http.server.HttpServer start
INFO: [HttpServer] Started.
Apr 04, 2013 9:17:30 PM org.glassfish.grizzly.http.server.NetworkListener stop
INFO: Stopped listener bound to [0.0.0.0:8182]
Tests run: 1, Failures: 0, Errors: 0, Skipped: 0, Time elapsed: 5.259 sec
Running com.thinkaurelius.titan.blueprints.BerkeleyJEBlueprintsTest
Testing testSettingBadVertexProperties...
Opening graph in: /tmp/titan-test/standard
Testing testVertexCentricRemoving...
Opening graph in: /tmp/titan-test/standard
Testing testVertexCentricLinking...
Opening graph in: /tmp/titan-test/standard
Testing testEmptyKeyProperty...
Opening graph in: /tmp/titan-test/standard
Testing testGettingEdgesAndVertices...
Opening graph in: /tmp/titan-test/standard
Testing testVertexEqualityForSuppliedIdsAndHashCode...
Opening graph in: /tmp/titan-test/standard
Testing testConcurrentModificationOnProperties...
Opening graph in: /tmp/titan-test/standard
Testing testNoConcurrentModificationException...
Opening graph in: /tmp/titan-test/standard
Testing testRemoveVertexNullId...
Opening graph in: /tmp/titan-test/standard
	titangraph[berkeleyje:/tmp/titan-test/standard]: 100 vertices added in 20.546112000010908ms
	titangraph[berkeleyje:/tmp/titan-test/standard]: 100 vertices removed in 16.730626999982633ms
Testing testGetNonExistantVertices...
Opening graph in: /tmp/titan-test/standard
Testing testRemoveVertexProperties...
Opening graph in: /tmp/titan-test/standard
Testing testRemoveVertex...
Opening graph in: /tmp/titan-test/standard
Testing testAddVertexProperties...
Opening graph in: /tmp/titan-test/standard
Testing testLegalVertexEdgeIterables...
Opening graph in: /tmp/titan-test/standard
Testing testGetVertexWithNull...
Opening graph in: /tmp/titan-test/standard
Testing testBasicAddVertex...
Opening graph in: /tmp/titan-test/standard
Testing testRemoveVertexWithEdges...
Opening graph in: /tmp/titan-test/standard
Testing testAddingIdProperty...
Opening graph in: /tmp/titan-test/standard
Testing testAddManyVertexProperties...
Opening graph in: /tmp/titan-test/standard
	titangraph[berkeleyje:/tmp/titan-test/standard]: 750 vertex properties added (with vertices being added too) in 2462.713140000007ms
Testing testVertexEquality...
Opening graph in: /tmp/titan-test/standard
	titangraph[berkeleyje:/tmp/titan-test/standard]: 1 vertex added and retrieved in 5.241205999976955ms
Testing testVertexIterator...
Opening graph in: /tmp/titan-test/standard
	titangraph[berkeleyje:/tmp/titan-test/standard]: 1000 vertices added in 78.40394099999685ms
	titangraph[berkeleyje:/tmp/titan-test/standard]: 1000 vertices counted in 4.457362000015564ms
*** TOTAL TIME [VertexTestSuite]: 5297.8837269999785 ***
Testing testSettingBadVertexProperties...
Opening graph in: /tmp/titan-test/standard
Testing testAddEdges...
Opening graph in: /tmp/titan-test/standard
	titangraph[berkeleyje:/tmp/titan-test/standard]: 6 elements added and checked in 10.37547299999278ms
Testing testEdgeCentricRemoving...
Opening graph in: /tmp/titan-test/standard
Testing testEmptyKeyProperty...
Opening graph in: /tmp/titan-test/standard
Testing testAddingSelfLoops...
Opening graph in: /tmp/titan-test/standard
Testing testGetEdges...
Opening graph in: /tmp/titan-test/standard
	titangraph[berkeleyje:/tmp/titan-test/standard]: 3 edges retrieved in 1.4499139999970794ms
Testing testRemoveEdges...
Opening graph in: /tmp/titan-test/standard
Testing testAddingDuplicateEdges...
Opening graph in: /tmp/titan-test/standard
Testing testEdgeEquality...
Opening graph in: /tmp/titan-test/standard
Testing testNoConcurrentModificationException...
Opening graph in: /tmp/titan-test/standard
Testing testRemoveEdgesByRemovingVertex...
Opening graph in: /tmp/titan-test/standard
Testing testAddManyEdges...
Opening graph in: /tmp/titan-test/standard
	titangraph[berkeleyje:/tmp/titan-test/standard]: 300 elements added in 462.16747700003907ms
	titangraph[berkeleyje:/tmp/titan-test/standard]: 100 edges counted in 6.603466000058688ms
	titangraph[berkeleyje:/tmp/titan-test/standard]: 200 vertices counted in 1.1279179999837652ms
	titangraph[berkeleyje:/tmp/titan-test/standard]: 200 vertices checked in 10.315155999967828ms
Testing testRemoveManyEdges...
Opening graph in: /tmp/titan-test/standard
	titangraph[berkeleyje:/tmp/titan-test/standard]: 20 vertices counted in 0.25479599996469915ms
	titangraph[berkeleyje:/tmp/titan-test/standard]: 10 edges counted in 0.5171229999978095ms
	titangraph[berkeleyje:/tmp/titan-test/standard]: 10 edges removed and graph checked in 11.185831999988295ms
Testing testAddingRemovingEdgeProperties...
Opening graph in: /tmp/titan-test/standard
Testing testAddingLabelAndIdProperty...
Opening graph in: /tmp/titan-test/standard
Testing testRemoveSelfLoops...
Opening graph in: /tmp/titan-test/standard
Testing testEdgeIterator...
Opening graph in: /tmp/titan-test/standard
Testing testGetNonExistantEdges...
Opening graph in: /tmp/titan-test/standard
*** TOTAL TIME [EdgeTestSuite]: 2572.291484000045 ***
Testing testGraphDataPersists...
Opening graph in: /tmp/titan-test/standard
Opening graph in: /tmp/titan-test/standard
	titangraph[berkeleyje:/tmp/titan-test/standard]: 1 graph loaded in 14.125310000032187ms
Testing testAutotypingOfProperties...
Opening graph in: /tmp/titan-test/standard
Testing testFeatureCompliance...
Opening graph in: /tmp/titan-test/standard
supportsDuplicateEdges: true
supportsSelfLoops: true
supportsSerializableObjectProperty: true
supportsBooleanProperty: true
supportsDoubleProperty: true
supportsFloatProperty: true
supportsIntegerProperty: true
supportsPrimitiveArrayProperty: true
supportsUniformListProperty: true
supportsMixedListProperty: true
supportsLongProperty: true
supportsMapProperty: true
supportsStringProperty: true
ignoresSuppliedIds: true
isPersistent: true
isRDFModel: false
isWrapper: false
supportsIndices: false
supportsVertexIndex: false
supportsEdgeIndex: false
supportsKeyIndices: true
supportsVertexKeyIndex: true
supportsEdgeKeyIndex: true
supportsEdgeIteration: true
supportsVertexIteration: true
supportsEdgeRetrieval: true
supportsVertexProperties: true
supportsEdgeProperties: true
supportsTransactions: true
supportsThreadedTransactions: true
Testing testGettingVerticesAndEdgesWithKeyValue...
Opening graph in: /tmp/titan-test/standard
Testing testAddingVerticesAndEdges...
Opening graph in: /tmp/titan-test/standard
Testing testSettingProperties...
Opening graph in: /tmp/titan-test/standard
Testing testEmptyOnConstruction...
Opening graph in: /tmp/titan-test/standard
Testing testStringRepresentationOfVertexId...
Opening graph in: /tmp/titan-test/standard
Testing testSemanticallyCorrectIterables...
Opening graph in: /tmp/titan-test/standard
Testing testSimpleRemovingVerticesEdges...
Opening graph in: /tmp/titan-test/standard
Testing testRemovingEdges...
Opening graph in: /tmp/titan-test/standard
	titangraph[berkeleyje:/tmp/titan-test/standard]: 100 vertices added in 71.36090299999341ms
	titangraph[berkeleyje:/tmp/titan-test/standard]: 200 edges added in 546.4834809999447ms
	titangraph[berkeleyje:/tmp/titan-test/standard]: 200 edges deleted (with size check on each delete) in 215.28406800003722ms
Testing testRemovingVertices...
Opening graph in: /tmp/titan-test/standard
	titangraph[berkeleyje:/tmp/titan-test/standard]: 500 vertices added in 118.98474499990698ms
	titangraph[berkeleyje:/tmp/titan-test/standard]: 250 edges added in 764.0134669999825ms
	titangraph[berkeleyje:/tmp/titan-test/standard]: 500 vertices deleted (with size check on each delete) in 323.52261099999305ms
Testing testConnectivityPatterns...
Opening graph in: /tmp/titan-test/standard
Testing testTreeConnectivity...
Opening graph in: /tmp/titan-test/standard
	titangraph[berkeleyje:/tmp/titan-test/standard]: 1464 vertices added in a tree structure in 310.4692550000036ms
	titangraph[berkeleyje:/tmp/titan-test/standard]: 1464 vertices iterated in 0.9016909999772906ms
	titangraph[berkeleyje:/tmp/titan-test/standard]: 1463 edges iterated in 3.4015260000014678ms
Testing testConcurrentModification...
Opening graph in: /tmp/titan-test/standard
Testing testVertexEdgeLabels...
Opening graph in: /tmp/titan-test/standard
Testing testVertexEdgeLabels2...
Opening graph in: /tmp/titan-test/standard
*** TOTAL TIME [GraphTestSuite]: 10573.12190300005 ***
Testing testGraphQueryForVertices...
Opening graph in: /tmp/titan-test/standard
Opening graph in: /tmp/titan-test/standard
Testing testGraphQueryForEdges...
Opening graph in: /tmp/titan-test/standard
Opening graph in: /tmp/titan-test/standard
Testing testVertexQuery...
Opening graph in: /tmp/titan-test/standard
*** TOTAL TIME [QueryTestSuite]: 560.3638809999684 ***
Testing testAutoIndexKeyManagementWithPersistence...
Opening graph in: /tmp/titan-test/standard
	titangraph[berkeleyje:/tmp/titan-test/standard]: 2 automatic index keys added in 20.19631099991966ms
	titangraph[berkeleyje:/tmp/titan-test/standard]: 2 automatic index keys added in 1.7451880000298843ms
Opening graph in: /tmp/titan-test/standard
Testing testNoConcurrentModificationException...
Opening graph in: /tmp/titan-test/standard
Testing testGettingVerticesAndEdgesWithKeyValue...
Opening graph in: /tmp/titan-test/standard
Testing testKeyIndicesConsistentWithElementRemoval...
Opening graph in: /tmp/titan-test/standard
*** TOTAL TIME [KeyIndexableGraphTestSuite]: 2939.557480999967 ***
Testing testCompetingThreads...
Opening graph in: /tmp/titan-test/standard
Opening graph in: /tmp/titan-test/standard
Testing testCompetingThreadsOnMultipleDbInstances...
Opening graph in: /tmp/titan-test/first
Opening graph in: /tmp/titan-test/second
Testing testBruteVertexTransactions...
Opening graph in: /tmp/titan-test/standard
	titangraph[berkeleyje:/tmp/titan-test/standard]: 100 vertices added in 100 successful transactions in 87.5690829999512ms
	titangraph[berkeleyje:/tmp/titan-test/standard]: 100 vertices not added in 100 failed transactions in 29.856903000036255ms
	titangraph[berkeleyje:/tmp/titan-test/standard]: 100 vertices added in 1 successful transactions in 24.842019999981858ms
	titangraph[berkeleyje:/tmp/titan-test/standard]: 100 vertices not added in 1 failed transactions in 11.841785000055097ms
Testing testTransactionsForEdges...
Opening graph in: /tmp/titan-test/standard
	titangraph[berkeleyje:/tmp/titan-test/standard]: 1 edge not added in failed transaction (w/ iteration) in 2.7554130000062287ms
	titangraph[berkeleyje:/tmp/titan-test/standard]: 1 edge added in successful transaction (w/ iteration) in 2.31379799998831ms
Testing testBruteEdgeTransactions...
Opening graph in: /tmp/titan-test/standard
	titangraph[berkeleyje:/tmp/titan-test/standard]: 100 edges added in 100 successful transactions (2 vertices added for each edge) in 122.12145199999213ms
	titangraph[berkeleyje:/tmp/titan-test/standard]: 100 edges not added in 100 failed transactions (2 vertices added for each edge) in 54.691602000035346ms
	titangraph[berkeleyje:/tmp/titan-test/standard]: 100 edges added in 1 successful transactions (2 vertices added for each edge) in 56.996539999963716ms
	titangraph[berkeleyje:/tmp/titan-test/standard]: 100 edges not added in 1 failed transactions (2 vertices added for each edge) in 52.896223999909125ms
Testing testPropertyTransactions...
Opening graph in: /tmp/titan-test/standard
	titangraph[berkeleyje:/tmp/titan-test/standard]: 1 vertex added with string property in a successful transaction in 4.303960999939591ms
	titangraph[berkeleyje:/tmp/titan-test/standard]: 1 integer property not added in a failed transaction in 2.3976379999658093ms
	titangraph[berkeleyje:/tmp/titan-test/standard]: 2 vertex properties checked in a successful transaction in 0.9821559999836609ms
	titangraph[berkeleyje:/tmp/titan-test/standard]: 1 edge property added and checked in a successful transaction in 2.4964440000476316ms
	titangraph[berkeleyje:/tmp/titan-test/standard]: 1 edge property added and checked in a failed transaction in 0.8245759999845177ms
Testing testTrue...
Testing testTransactionIsolationCommitCheck...
Opening graph in: /tmp/titan-test/standard
added vertex
reading vertex before tx
read vertex before tx
Testing testIndexTransactions...
Opening graph in: /tmp/titan-test/standard
Testing testBulkTransactionsOnEdges...
Opening graph in: /tmp/titan-test/standard
Testing testTransactionsForVertices...
Opening graph in: /tmp/titan-test/standard
	titangraph[berkeleyje:/tmp/titan-test/standard]: 1 vertex not added in failed transaction in 0.4405440000118688ms
	titangraph[berkeleyje:/tmp/titan-test/standard]: 1 vertex added in successful transaction in 0.511140999966301ms
Testing testBasicVertexEdgeTransactions...
Opening graph in: /tmp/titan-test/standard
Testing testAutomaticSuccessfulTransactionOnShutdown...
Opening graph in: /tmp/titan-test/standard
Opening graph in: /tmp/titan-test/standard
Testing testVertexCountOnPreTransactionCommit...
Opening graph in: /tmp/titan-test/standard
Testing testAutoStartTransaction...
Opening graph in: /tmp/titan-test/standard
Testing testRepeatedTransactionStopException...
Opening graph in: /tmp/titan-test/standard
Testing testRemoveInTransaction...
Opening graph in: /tmp/titan-test/standard
*** TOTAL TIME [TransactionalTitanGraphTestSuite]: 2602.3210220000474 ***
Testing testVertexReattachment...
Opening graph in: /tmp/titan-test/standard
*** TOTAL TIME [TitanSpecificBlueprintsTestSuite]: 82.42702800000552 ***
Testing testTinkerGraphVertexAndEdges...
Opening graph in: /tmp/titan-test/standard
	titangraph[berkeleyje:/tmp/titan-test/standard]: graph-example-1 loaded in 46.05417799996212ms
Testing testTinkerGraphSoftwareVertices...
Opening graph in: /tmp/titan-test/standard
	titangraph[berkeleyje:/tmp/titan-test/standard]: graph-example-1 loaded in 27.879125999985263ms
Testing testTinkerGraphVertices...
Opening graph in: /tmp/titan-test/standard
	titangraph[berkeleyje:/tmp/titan-test/standard]: graph-example-1 loaded in 32.77720900007989ms
Testing testReadingTinkerGraph...
Opening graph in: /tmp/titan-test/standard
Testing testTinkerGraphEdges...
Opening graph in: /tmp/titan-test/standard
	titangraph[berkeleyje:/tmp/titan-test/standard]: graph-example-1 loaded in 33.96181400003843ms
Testing testReadingTinkerGraphExample3...
Opening graph in: /tmp/titan-test/standard
Testing testReadingTinkerGraphExample3MappingLabels...
Opening graph in: /tmp/titan-test/standard
	titangraph[berkeleyje:/tmp/titan-test/standard]: graph-example-3 loaded in 33.08807900000829ms
Testing testReadingTinkerGraphExample3MappingIDs...
Opening graph in: /tmp/titan-test/standard
	titangraph[berkeleyje:/tmp/titan-test/standard]: graph-example-3 loaded in 21.61368000006769ms
Testing testReadingTinkerGraphExample3MappingAll...
Opening graph in: /tmp/titan-test/standard
	titangraph[berkeleyje:/tmp/titan-test/standard]: graph-example-3 loaded in 20.491496000089683ms
Testing testMigratingTinkerGraphExample3...
Opening graph in: /tmp/titan-test/standard
Testing testAllGraphMLTypeCastsAndDataMappings...
Opening graph in: /tmp/titan-test/standard
*** TOTAL TIME [GraphMLReaderTestSuite]: 753.8713360000402 ***
Testing testTinkerGraphVertexAndEdges...
Opening graph in: /tmp/titan-test/standard
	titangraph[berkeleyje:/tmp/titan-test/standard]: graph-example-1 loaded in 276.2927559999516ms
Testing testTinkerGraphSoftwareVertices...
Opening graph in: /tmp/titan-test/standard
	titangraph[berkeleyje:/tmp/titan-test/standard]: graph-example-1 loaded in 15.872823999961838ms
Testing testTinkerGraphVertices...
Opening graph in: /tmp/titan-test/standard
	titangraph[berkeleyje:/tmp/titan-test/standard]: graph-example-1 loaded in 17.946080999914557ms
Testing testReadingTinkerGraph...
Opening graph in: /tmp/titan-test/standard
Testing testTinkerGraphEdges...
Opening graph in: /tmp/titan-test/standard
	titangraph[berkeleyje:/tmp/titan-test/standard]: graph-example-1 loaded in 18.19595500000287ms
*** TOTAL TIME [GraphSONReaderTestSuite]: 617.0057749999687 ***
Testing testTinkerGraphVertexAndEdges...
Opening graph in: /tmp/titan-test/standard
	titangraph[berkeleyje:/tmp/titan-test/standard]: graph-example-1 loaded in 17.525536000030115ms
Testing testTinkerGraphSoftwareVertices...
Opening graph in: /tmp/titan-test/standard
	titangraph[berkeleyje:/tmp/titan-test/standard]: graph-example-1 loaded in 18.377100999932736ms
Testing testTinkerGraphVertices...
Opening graph in: /tmp/titan-test/standard
	titangraph[berkeleyje:/tmp/titan-test/standard]: graph-example-1 loaded in 14.491763999918476ms
Testing testReadingTinkerGraph...
Opening graph in: /tmp/titan-test/standard
Testing testTinkerGraphEdges...
Opening graph in: /tmp/titan-test/standard
	titangraph[berkeleyje:/tmp/titan-test/standard]: graph-example-1 loaded in 14.763616000069305ms
Testing testReadingTinkerGraphExample3...
Opening graph in: /tmp/titan-test/standard
Testing testReadingTinkerGraphExample3MappingLabels...
Opening graph in: /tmp/titan-test/standard
	titangraph[berkeleyje:/tmp/titan-test/standard]: graph-example-3 loaded in 19.61919100000523ms
Testing testReadingTinkerGraphExample3MappingIDs...
Opening graph in: /tmp/titan-test/standard
	titangraph[berkeleyje:/tmp/titan-test/standard]: graph-example-3 loaded in 18.6171359999571ms
Testing testReadingTinkerGraphExample3MappingAll...
Opening graph in: /tmp/titan-test/standard
	titangraph[berkeleyje:/tmp/titan-test/standard]: graph-example-3 loaded in 16.729576000012457ms
Testing testMigratingTinkerGraphExample3...
Opening graph in: /tmp/titan-test/standard
*** TOTAL TIME [GMLReaderTestSuite]: 689.7702169999247 ***
Tests run: 10, Failures: 0, Errors: 0, Skipped: 0, Time elapsed: 26.722 sec
Running com.thinkaurelius.titan.graphdb.berkeleyje.ElasticSearchBerkeleyDBTest
Tests run: 2, Failures: 0, Errors: 0, Skipped: 0, Time elapsed: 13.837 sec
Running com.thinkaurelius.titan.diskstorage.berkeleyje.BerkeleyDBjeKeyColumnValueTest
Loading time (ms): 2079
Reading time (ms): 403
Tests run: 17, Failures: 0, Errors: 0, Skipped: 0, Time elapsed: 9.578 sec
Running com.thinkaurelius.titan.diskstorage.berkeleyje.BerkeleyJEKeyValueTest
Tests run: 7, Failures: 0, Errors: 0, Skipped: 0, Time elapsed: 0.837 sec
Running com.thinkaurelius.titan.diskstorage.berkeleyje.BerkeleyJeHashKeyColumnValueTest
Loading time (ms): 2326
Reading time (ms): 942
Tests run: 17, Failures: 0, Errors: 0, Skipped: 0, Time elapsed: 12.415 sec
Running com.thinkaurelius.titan.graphdb.berkeleyje.BerkeleyJEGraphTest
Tests run: 19, Failures: 0, Errors: 0, Skipped: 0, Time elapsed: 7.157 sec

Results :

Tests run: 90, Failures: 0, Errors: 0, Skipped: 0

[INFO]                                                                         
[INFO] ------------------------------------------------------------------------
[INFO] Building Titan-Cassandra: Distributed Graph Database 0.4.0-SNAPSHOT
[INFO] ------------------------------------------------------------------------
[INFO] 
[INFO] --- maven-enforcer-plugin:1.0:enforce (enforce-maven) @ titan-cassandra ---
[INFO] 
[INFO] --- maven-resources-plugin:2.5:resources (default-resources) @ titan-cassandra ---
[debug] execute contextualize
[INFO] Using 'UTF-8' encoding to copy filtered resources.
[INFO] Copying 2 resources
[INFO] 
[INFO] --- maven-compiler-plugin:2.5.1:compile (default-compile) @ titan-cassandra ---
[INFO] Nothing to compile - all classes are up to date
[INFO] 
[INFO] --- maven-resources-plugin:2.5:testResources (default-testResources) @ titan-cassandra ---
[debug] execute contextualize
[INFO] Using 'UTF-8' encoding to copy filtered resources.
[INFO] Copying 2 resources
[INFO] 
[INFO] --- maven-resources-plugin:2.5:copy-resources (copy-resources-127.0.0.1) @ titan-cassandra ---
[debug] execute contextualize
[INFO] Using 'UTF-8' encoding to copy filtered resources.
[INFO] Copying 7 resources
[INFO] 
[INFO] --- maven-compiler-plugin:2.5.1:testCompile (default-testCompile) @ titan-cassandra ---
[INFO] Nothing to compile - all classes are up to date
[INFO] 
[INFO] --- maven-surefire-plugin:2.12.1:test (default-test) @ titan-cassandra ---
[INFO] Surefire report directory: /home/travis/build/thinkaurelius/titan/titan-cassandra/target/surefire-reports

-------------------------------------------------------
 T E S T S
-------------------------------------------------------

-------------------------------------------------------
 T E S T S
-------------------------------------------------------
Running com.thinkaurelius.titan.diskstorage.cassandra.thrift.InternalCassandraThriftKeyColumnValueTest
Loading time (ms): 924
Reading time (ms): 10591
Tests run: 18, Failures: 0, Errors: 0, Skipped: 0, Time elapsed: 65.389 sec
Running com.thinkaurelius.titan.diskstorage.cassandra.astyanax.InternalAstyanaxKeyColumnValueTest
Loading time (ms): 914
Reading time (ms): 10560
Tests run: 18, Failures: 0, Errors: 0, Skipped: 0, Time elapsed: 59.972 sec
Running com.thinkaurelius.titan.graphdb.embedded.InternalCassandraEmbeddedGraphTest
Tests run: 19, Failures: 0, Errors: 0, Skipped: 0, Time elapsed: 61.932 sec
Running com.thinkaurelius.titan.graphdb.thrift.InternalCassandraGraphTest
Tests run: 19, Failures: 0, Errors: 0, Skipped: 0, Time elapsed: 56.677 sec
Running com.thinkaurelius.titan.tinkerpop.rexster.RexsterServerClientCassandraEmbeddedTest
Apr 04, 2013 9:23:06 PM org.glassfish.grizzly.servlet.WebappContext deploy
INFO: Starting application [jersey] ...
Apr 04, 2013 9:23:06 PM com.sun.jersey.server.impl.application.WebApplicationImpl _initiate
INFO: Initiating Jersey application, version 'Jersey: 1.17 01/17/2013 03:31 PM'
Apr 04, 2013 9:23:08 PM org.glassfish.grizzly.servlet.WebappContext initServlets
INFO: [jersey] Servlet [com.sun.jersey.spi.container.servlet.ServletContainer] registered for url pattern(s) [[/*]].
Apr 04, 2013 9:23:08 PM org.glassfish.grizzly.servlet.WebappContext deploy
INFO: Application [jersey] is ready to service requests.  Root: [].
Apr 04, 2013 9:23:08 PM org.glassfish.grizzly.http.server.NetworkListener start
INFO: Started listener bound to [0.0.0.0:8182]
Apr 04, 2013 9:23:08 PM org.glassfish.grizzly.http.server.HttpServer start
INFO: [HttpServer] Started.
Apr 04, 2013 9:23:10 PM org.glassfish.grizzly.http.server.NetworkListener stop
INFO: Stopped listener bound to [0.0.0.0:8182]
Tests run: 1, Failures: 0, Errors: 0, Skipped: 0, Time elapsed: 14.109 sec
Running com.thinkaurelius.titan.diskstorage.cassandra.UUIDTest
Tests run: 1, Failures: 0, Errors: 0, Skipped: 0, Time elapsed: 0.855 sec
Running com.thinkaurelius.titan.diskstorage.cassandra.embedded.InternalCassandraEmbeddedMultiWriteKeyColumnValueStoreTest
Tests run: 2, Failures: 0, Errors: 0, Skipped: 0, Time elapsed: 17.739 sec
Running com.thinkaurelius.titan.graphdb.astyanax.InternalAstyanaxGraphTest
Tests run: 19, Failures: 0, Errors: 0, Skipped: 0, Time elapsed: 63.384 sec
Running com.thinkaurelius.titan.diskstorage.cassandra.thrift.InternalCassandraLockKeyColumnValueStoreTest
Tests run: 14, Failures: 0, Errors: 0, Skipped: 0, Time elapsed: 32.15 sec
Running com.thinkaurelius.titan.diskstorage.cassandra.astyanax.InternalAstyanaxMultiWriteKeyColumnValueTest
Tests run: 2, Failures: 0, Errors: 0, Skipped: 0, Time elapsed: 31.786 sec
Running com.thinkaurelius.titan.diskstorage.cassandra.embedded.InternalCassandraEmbeddedLockKeyColumnValueStoreTest
Tests run: 14, Failures: 0, Errors: 0, Skipped: 0, Time elapsed: 34.058 sec
Running com.thinkaurelius.titan.diskstorage.cassandra.thrift.InternalCassandraThriftMultiWriteKeyColumnValueStoreTest
Tests run: 2, Failures: 0, Errors: 0, Skipped: 0, Time elapsed: 36.482 sec
Running com.thinkaurelius.titan.blueprints.InternalCassandraBlueprintsTest
Testing testAddVertexProperties...
Testing testAddManyVertexProperties...
	titangraph[cassandra:null]: 750 vertex properties added (with vertices being added too) in 19968.67320700013ms
Testing testRemoveVertexProperties...
Testing testAddingIdProperty...
Testing testNoConcurrentModificationException...
Testing testGettingEdgesAndVertices...
Testing testEmptyKeyProperty...
Testing testVertexCentricLinking...
Testing testVertexCentricRemoving...
Testing testConcurrentModificationOnProperties...
Testing testSettingBadVertexProperties...
Testing testVertexEqualityForSuppliedIdsAndHashCode...
Testing testVertexEquality...
	titangraph[cassandra:null]: 1 vertex added and retrieved in 609.0015149998944ms
Testing testBasicAddVertex...
Testing testGetVertexWithNull...
Testing testRemoveVertex...
Testing testRemoveVertexWithEdges...
Testing testGetNonExistantVertices...
Testing testRemoveVertexNullId...
	titangraph[cassandra:null]: 100 vertices added in 13.334405000088736ms
	titangraph[cassandra:null]: 100 vertices removed in 10.197083999868482ms
Testing testVertexIterator...
	titangraph[cassandra:null]: 1000 vertices added in 719.4968350001145ms
	titangraph[cassandra:null]: 1000 vertices counted in 5.1047779999207705ms
Testing testLegalVertexEdgeIterables...
*** TOTAL TIME [VertexTestSuite]: 70938.64699600008 ***
Testing testNoConcurrentModificationException...
Testing testEmptyKeyProperty...
Testing testSettingBadVertexProperties...
Testing testAddManyEdges...
	titangraph[cassandra:null]: 300 elements added in 3368.082527999999ms
	titangraph[cassandra:null]: 100 edges counted in 5.372853999957442ms
	titangraph[cassandra:null]: 200 vertices counted in 2.6519299999345094ms
	titangraph[cassandra:null]: 200 vertices checked in 11.776326999999583ms
Testing testGetEdges...
	titangraph[cassandra:null]: 3 edges retrieved in 6.058781000087038ms
Testing testGetNonExistantEdges...
Testing testRemoveManyEdges...
	titangraph[cassandra:null]: 20 vertices counted in 1.8698459998704493ms
	titangraph[cassandra:null]: 10 edges counted in 1.900294000050053ms
	titangraph[cassandra:null]: 10 edges removed and graph checked in 37.58991300011985ms
Testing testAddingDuplicateEdges...
Testing testRemoveEdgesByRemovingVertex...
Testing testRemoveEdges...
Testing testAddingSelfLoops...
Testing testRemoveSelfLoops...
Testing testEdgeIterator...
Testing testAddingRemovingEdgeProperties...
Testing testAddingLabelAndIdProperty...
Testing testEdgeCentricRemoving...
Testing testEdgeEquality...
Testing testAddEdges...
	titangraph[cassandra:null]: 6 elements added and checked in 925.9924540000502ms
*** TOTAL TIME [EdgeTestSuite]: 37492.42994200019 ***
Testing testFeatureCompliance...
supportsDuplicateEdges: true
supportsSelfLoops: true
supportsSerializableObjectProperty: true
supportsBooleanProperty: true
supportsDoubleProperty: true
supportsFloatProperty: true
supportsIntegerProperty: true
supportsPrimitiveArrayProperty: true
supportsUniformListProperty: true
supportsMixedListProperty: true
supportsLongProperty: true
supportsMapProperty: true
supportsStringProperty: true
ignoresSuppliedIds: true
isPersistent: true
isRDFModel: false
isWrapper: false
supportsIndices: false
supportsVertexIndex: false
supportsEdgeIndex: false
supportsKeyIndices: true
supportsVertexKeyIndex: true
supportsEdgeKeyIndex: true
supportsEdgeIteration: true
supportsVertexIteration: true
supportsEdgeRetrieval: true
supportsVertexProperties: true
supportsEdgeProperties: true
supportsTransactions: true
supportsThreadedTransactions: true
Testing testEmptyOnConstruction...
Testing testStringRepresentationOfVertexId...
Testing testSemanticallyCorrectIterables...
Testing testGettingVerticesAndEdgesWithKeyValue...
Testing testAddingVerticesAndEdges...
Testing testSettingProperties...
Testing testRemovingVertices...
	titangraph[cassandra:null]: 500 vertices added in 650.3609070000239ms
	titangraph[cassandra:null]: 250 edges added in 6444.958491999889ms
	titangraph[cassandra:null]: 500 vertices deleted (with size check on each delete) in 1227.5064890000504ms
Testing testConnectivityPatterns...
Testing testVertexEdgeLabels...
Testing testVertexEdgeLabels2...
Testing testTreeConnectivity...
	titangraph[cassandra:null]: 1464 vertices added in a tree structure in 1287.1497700000182ms
	titangraph[cassandra:null]: 1464 vertices iterated in 2.4591830000281334ms
	titangraph[cassandra:null]: 1463 edges iterated in 31.55504500004463ms
Testing testConcurrentModification...
Testing testGraphDataPersists...
	titangraph[cassandra:null]: 1 graph loaded in 20.410495000192896ms
Testing testAutotypingOfProperties...
Testing testSimpleRemovingVerticesEdges...
Testing testRemovingEdges...
	titangraph[cassandra:null]: 100 vertices added in 613.5004969998263ms
	titangraph[cassandra:null]: 200 edges added in 5190.896306000184ms
	titangraph[cassandra:null]: 200 edges deleted (with size check on each delete) in 559.3589949999005ms
*** TOTAL TIME [GraphTestSuite]: 40593.57062199991 ***
Testing testGraphQueryForVertices...
Testing testGraphQueryForEdges...
Testing testVertexQuery...
*** TOTAL TIME [QueryTestSuite]: 6560.75711399992 ***
Testing testNoConcurrentModificationException...
Testing testGettingVerticesAndEdgesWithKeyValue...
Testing testAutoIndexKeyManagementWithPersistence...
	titangraph[cassandra:null]: 2 automatic index keys added in 610.4653590000235ms
	titangraph[cassandra:null]: 2 automatic index keys added in 2.774066000012681ms
Testing testKeyIndicesConsistentWithElementRemoval...
*** TOTAL TIME [KeyIndexableGraphTestSuite]: 5851.030263000168 ***
Testing testCompetingThreads...
Testing testRepeatedTransactionStopException...
Testing testTrue...
Testing testAutoStartTransaction...
Testing testTransactionsForVertices...
	titangraph[cassandra:null]: 1 vertex not added in failed transaction in 2.9733609999530017ms
	titangraph[cassandra:null]: 1 vertex added in successful transaction in 1.710369999986142ms
Testing testBasicVertexEdgeTransactions...
Testing testBruteVertexTransactions...
	titangraph[cassandra:null]: 100 vertices added in 100 successful transactions in 657.5127980001271ms
	titangraph[cassandra:null]: 100 vertices not added in 100 failed transactions in 21.08041699999012ms
	titangraph[cassandra:null]: 100 vertices added in 1 successful transactions in 28.381732000038028ms
	titangraph[cassandra:null]: 100 vertices not added in 1 failed transactions in 40.05726799997501ms
Testing testTransactionsForEdges...
	titangraph[cassandra:null]: 1 edge not added in failed transaction (w/ iteration) in 310.212346999906ms
	titangraph[cassandra:null]: 1 edge added in successful transaction (w/ iteration) in 109.44600799982436ms
Testing testBruteEdgeTransactions...
	titangraph[cassandra:null]: 100 edges added in 100 successful transactions (2 vertices added for each edge) in 1153.8850970000494ms
	titangraph[cassandra:null]: 100 edges not added in 100 failed transactions (2 vertices added for each edge) in 88.01743800006807ms
	titangraph[cassandra:null]: 100 edges added in 1 successful transactions (2 vertices added for each edge) in 87.07727400003932ms
	titangraph[cassandra:null]: 100 edges not added in 1 failed transactions (2 vertices added for each edge) in 145.11775600002147ms
Testing testPropertyTransactions...
	titangraph[cassandra:null]: 1 vertex added with string property in a successful transaction in 1017.0659730001353ms
	titangraph[cassandra:null]: 1 integer property not added in a failed transaction in 5.3316089999862015ms
	titangraph[cassandra:null]: 2 vertex properties checked in a successful transaction in 2.174113000044599ms
	titangraph[cassandra:null]: 1 edge property added and checked in a successful transaction in 108.11768199992366ms
	titangraph[cassandra:null]: 1 edge property added and checked in a failed transaction in 1.2202300000935793ms
Testing testIndexTransactions...
Testing testAutomaticSuccessfulTransactionOnShutdown...
Testing testVertexCountOnPreTransactionCommit...
Testing testBulkTransactionsOnEdges...
Testing testTransactionIsolationCommitCheck...
added vertex
reading vertex before tx
read vertex before tx
Testing testRemoveInTransaction...
*** TOTAL TIME [TransactionalTitanGraphTestSuite]: 21659.557203999953 ***
Testing testVertexReattachment...
*** TOTAL TIME [TitanSpecificBlueprintsTestSuite]: 1611.1611709999852 ***
Testing testReadingTinkerGraph...
Testing testTinkerGraphEdges...
	titangraph[cassandra:null]: graph-example-1 loaded in 1069.330641000066ms
Testing testTinkerGraphVertices...
	titangraph[cassandra:null]: graph-example-1 loaded in 1039.157465999946ms
Testing testTinkerGraphSoftwareVertices...
	titangraph[cassandra:null]: graph-example-1 loaded in 1038.9351399999578ms
Testing testTinkerGraphVertexAndEdges...
	titangraph[cassandra:null]: graph-example-1 loaded in 1041.6752500000875ms
Testing testReadingTinkerGraphExample3...
Testing testReadingTinkerGraphExample3MappingLabels...
	titangraph[cassandra:null]: graph-example-3 loaded in 1051.4244160000235ms
Testing testReadingTinkerGraphExample3MappingIDs...
	titangraph[cassandra:null]: graph-example-3 loaded in 1046.0623829998076ms
Testing testReadingTinkerGraphExample3MappingAll...
	titangraph[cassandra:null]: graph-example-3 loaded in 1047.6612489998806ms
Testing testMigratingTinkerGraphExample3...
Testing testAllGraphMLTypeCastsAndDataMappings...
*** TOTAL TIME [GraphMLReaderTestSuite]: 10504.304612000007 ***
Testing testReadingTinkerGraph...
Testing testTinkerGraphEdges...
	titangraph[cassandra:null]: graph-example-1 loaded in 1263.6455710001756ms
Testing testTinkerGraphVertices...
	titangraph[cassandra:null]: graph-example-1 loaded in 1041.064534000121ms
Testing testTinkerGraphSoftwareVertices...
	titangraph[cassandra:null]: graph-example-1 loaded in 1040.116236000089ms
Testing testTinkerGraphVertexAndEdges...
	titangraph[cassandra:null]: graph-example-1 loaded in 1043.4529000001494ms
*** TOTAL TIME [GraphSONReaderTestSuite]: 5889.372934000101 ***
Testing testReadingTinkerGraph...
Testing testTinkerGraphEdges...
	titangraph[cassandra:null]: graph-example-1 loaded in 1040.8872630000114ms
Testing testTinkerGraphVertices...
	titangraph[cassandra:null]: graph-example-1 loaded in 1048.0047120000236ms
Testing testTinkerGraphSoftwareVertices...
	titangraph[cassandra:null]: graph-example-1 loaded in 1038.7389640000183ms
Testing testTinkerGraphVertexAndEdges...
	titangraph[cassandra:null]: graph-example-1 loaded in 1037.0147469998337ms
Testing testReadingTinkerGraphExample3...
Testing testReadingTinkerGraphExample3MappingLabels...
	titangraph[cassandra:null]: graph-example-3 loaded in 1043.7068469999358ms
Testing testReadingTinkerGraphExample3MappingIDs...
	titangraph[cassandra:null]: graph-example-3 loaded in 1045.455932999961ms
Testing testReadingTinkerGraphExample3MappingAll...
	titangraph[cassandra:null]: graph-example-3 loaded in 1039.4106540000066ms
Testing testMigratingTinkerGraphExample3...
*** TOTAL TIME [GMLReaderTestSuite]: 10749.629710000008 ***
Tests run: 10, Failures: 0, Errors: 0, Skipped: 0, Time elapsed: 211.972 sec
Running com.thinkaurelius.titan.diskstorage.cassandra.embedded.InternalCassandraEmbeddedKeyColumnValueTest
Loading time (ms): 511
Reading time (ms): 4930
Tests run: 18, Failures: 0, Errors: 0, Skipped: 0, Time elapsed: 30.876 sec
Running com.thinkaurelius.titan.blueprints.EmbeddedCassandraBlueprintsTest
Testing testGetVertexWithNull...
Testing testRemoveVertex...
Testing testRemoveVertexWithEdges...
Testing testGetNonExistantVertices...
Testing testRemoveVertexNullId...
	titangraph[embeddedcassandra:null]: 100 vertices added in 15.840581000084057ms
	titangraph[embeddedcassandra:null]: 100 vertices removed in 14.674986999947578ms
Testing testVertexIterator...
	titangraph[embeddedcassandra:null]: 1000 vertices added in 758.989877999993ms
	titangraph[embeddedcassandra:null]: 1000 vertices counted in 7.971712999977171ms
Testing testLegalVertexEdgeIterables...
Testing testAddVertexProperties...
Testing testAddManyVertexProperties...
	titangraph[embeddedcassandra:null]: 750 vertex properties added (with vertices being added too) in 19777.496056000004ms
Testing testRemoveVertexProperties...
Testing testAddingIdProperty...
Testing testNoConcurrentModificationException...
Testing testGettingEdgesAndVertices...
Testing testEmptyKeyProperty...
Testing testVertexCentricLinking...
Testing testVertexCentricRemoving...
Testing testConcurrentModificationOnProperties...
Testing testSettingBadVertexProperties...
Testing testVertexEqualityForSuppliedIdsAndHashCode...
Testing testBasicAddVertex...
Testing testVertexEquality...
	titangraph[embeddedcassandra:null]: 1 vertex added and retrieved in 604.9589029999916ms
*** TOTAL TIME [VertexTestSuite]: 61057.211200999795 ***
Testing testNoConcurrentModificationException...
Testing testEmptyKeyProperty...
Testing testSettingBadVertexProperties...
Testing testAddManyEdges...
	titangraph[embeddedcassandra:null]: 300 elements added in 3341.3020369999576ms
	titangraph[embeddedcassandra:null]: 100 edges counted in 4.2294729999266565ms
	titangraph[embeddedcassandra:null]: 200 vertices counted in 1.400902000023052ms
	titangraph[embeddedcassandra:null]: 200 vertices checked in 10.233127000043169ms
Testing testGetEdges...
	titangraph[embeddedcassandra:null]: 3 edges retrieved in 1.5960729999933392ms
Testing testGetNonExistantEdges...
Testing testRemoveManyEdges...
	titangraph[embeddedcassandra:null]: 20 vertices counted in 0.8556210000533611ms
	titangraph[embeddedcassandra:null]: 10 edges counted in 0.9315180000849068ms
	titangraph[embeddedcassandra:null]: 10 edges removed and graph checked in 22.860428999876603ms
Testing testAddingDuplicateEdges...
Testing testRemoveEdgesByRemovingVertex...
Testing testRemoveEdges...
Testing testAddingSelfLoops...
Testing testRemoveSelfLoops...
Testing testEdgeIterator...
Testing testAddingRemovingEdgeProperties...
Testing testAddingLabelAndIdProperty...
Testing testEdgeCentricRemoving...
Testing testEdgeEquality...
Testing testAddEdges...
	titangraph[embeddedcassandra:null]: 6 elements added and checked in 914.1445100000128ms
*** TOTAL TIME [EdgeTestSuite]: 27089.563688999973 ***
Testing testFeatureCompliance...
supportsDuplicateEdges: true
supportsSelfLoops: true
supportsSerializableObjectProperty: true
supportsBooleanProperty: true
supportsDoubleProperty: true
supportsFloatProperty: true
supportsIntegerProperty: true
supportsPrimitiveArrayProperty: true
supportsUniformListProperty: true
supportsMixedListProperty: true
supportsLongProperty: true
supportsMapProperty: true
supportsStringProperty: true
ignoresSuppliedIds: true
isPersistent: true
isRDFModel: false
isWrapper: false
supportsIndices: false
supportsVertexIndex: false
supportsEdgeIndex: false
supportsKeyIndices: true
supportsVertexKeyIndex: true
supportsEdgeKeyIndex: true
supportsEdgeIteration: true
supportsVertexIteration: true
supportsEdgeRetrieval: true
supportsVertexProperties: true
supportsEdgeProperties: true
supportsTransactions: true
supportsThreadedTransactions: true
Testing testEmptyOnConstruction...
Testing testStringRepresentationOfVertexId...
Testing testSemanticallyCorrectIterables...
Testing testGettingVerticesAndEdgesWithKeyValue...
Testing testAddingVerticesAndEdges...
Testing testSettingProperties...
Testing testVertexEdgeLabels...
Testing testVertexEdgeLabels2...
Testing testTreeConnectivity...
	titangraph[embeddedcassandra:null]: 1464 vertices added in a tree structure in 1291.945700999815ms
	titangraph[embeddedcassandra:null]: 1464 vertices iterated in 6.115571000147611ms
	titangraph[embeddedcassandra:null]: 1463 edges iterated in 41.902964000124484ms
Testing testConcurrentModification...
Testing testGraphDataPersists...
	titangraph[embeddedcassandra:null]: 1 graph loaded in 4.56935100001283ms
Testing testAutotypingOfProperties...
Testing testSimpleRemovingVerticesEdges...
Testing testRemovingEdges...
	titangraph[embeddedcassandra:null]: 100 vertices added in 610.9801209999714ms
	titangraph[embeddedcassandra:null]: 200 edges added in 5165.066787000047ms
	titangraph[embeddedcassandra:null]: 200 edges deleted (with size check on each delete) in 442.7479300000705ms
Testing testRemovingVertices...
	titangraph[embeddedcassandra:null]: 500 vertices added in 626.0728700000327ms
	titangraph[embeddedcassandra:null]: 250 edges added in 6378.329516999889ms
	titangraph[embeddedcassandra:null]: 500 vertices deleted (with size check on each delete) in 510.72911799978465ms
Testing testConnectivityPatterns...
*** TOTAL TIME [GraphTestSuite]: 33712.95778200007 ***
Testing testGraphQueryForVertices...
Testing testGraphQueryForEdges...
Testing testVertexQuery...
*** TOTAL TIME [QueryTestSuite]: 6497.702293000184 ***
Testing testNoConcurrentModificationException...
Testing testGettingVerticesAndEdgesWithKeyValue...
Testing testAutoIndexKeyManagementWithPersistence...
	titangraph[embeddedcassandra:null]: 2 automatic index keys added in 606.903481000103ms
	titangraph[embeddedcassandra:null]: 2 automatic index keys added in 2.104481999995187ms
Testing testKeyIndicesConsistentWithElementRemoval...
*** TOTAL TIME [KeyIndexableGraphTestSuite]: 5695.199612000026 ***
Testing testCompetingThreads...
Testing testRepeatedTransactionStopException...
Testing testTrue...
Testing testAutoStartTransaction...
Testing testTransactionsForVertices...
	titangraph[embeddedcassandra:null]: 1 vertex not added in failed transaction in 2.4094489999115467ms
	titangraph[embeddedcassandra:null]: 1 vertex added in successful transaction in 1.1296429999638349ms
Testing testBasicVertexEdgeTransactions...
Testing testBruteVertexTransactions...
	titangraph[embeddedcassandra:null]: 100 vertices added in 100 successful transactions in 647.0140250001568ms
	titangraph[embeddedcassandra:null]: 100 vertices not added in 100 failed transactions in 19.050464999862015ms
	titangraph[embeddedcassandra:null]: 100 vertices added in 1 successful transactions in 21.6721789999865ms
	titangraph[embeddedcassandra:null]: 100 vertices not added in 1 failed transactions in 23.736347999889404ms
Testing testTransactionsForEdges...
	titangraph[embeddedcassandra:null]: 1 edge not added in failed transaction (w/ iteration) in 307.4205049998127ms
	titangraph[embeddedcassandra:null]: 1 edge added in successful transaction (w/ iteration) in 107.5938089999836ms
Testing testBruteEdgeTransactions...
	titangraph[embeddedcassandra:null]: 100 edges added in 100 successful transactions (2 vertices added for each edge) in 1126.3480119998567ms
	titangraph[embeddedcassandra:null]: 100 edges not added in 100 failed transactions (2 vertices added for each edge) in 76.0238590000663ms
	titangraph[embeddedcassandra:null]: 100 edges added in 1 successful transactions (2 vertices added for each edge) in 73.297290999908ms
	titangraph[embeddedcassandra:null]: 100 edges not added in 1 failed transactions (2 vertices added for each edge) in 107.39629300008528ms
Testing testPropertyTransactions...
	titangraph[embeddedcassandra:null]: 1 vertex added with string property in a successful transaction in 1017.5786129999906ms
	titangraph[embeddedcassandra:null]: 1 integer property not added in a failed transaction in 4.257839000085369ms
	titangraph[embeddedcassandra:null]: 2 vertex properties checked in a successful transaction in 1.6727370000444353ms
	titangraph[embeddedcassandra:null]: 1 edge property added and checked in a successful transaction in 104.34287300007418ms
	titangraph[embeddedcassandra:null]: 1 edge property added and checked in a failed transaction in 1.015275000128895ms
Testing testIndexTransactions...
Testing testAutomaticSuccessfulTransactionOnShutdown...
Testing testVertexCountOnPreTransactionCommit...
Testing testBulkTransactionsOnEdges...
Testing testTransactionIsolationCommitCheck...
added vertex
reading vertex before tx
read vertex before tx
Testing testRemoveInTransaction...
*** TOTAL TIME [TransactionalTitanGraphTestSuite]: 20494.874686999945 ***
Testing testVertexReattachment...
*** TOTAL TIME [TitanSpecificBlueprintsTestSuite]: 1505.6514200000092 ***
Testing testReadingTinkerGraph...
Testing testTinkerGraphEdges...
	titangraph[embeddedcassandra:null]: graph-example-1 loaded in 1051.828382999869ms
Testing testTinkerGraphVertices...
	titangraph[embeddedcassandra:null]: graph-example-1 loaded in 1032.16707700002ms
Testing testTinkerGraphSoftwareVertices...
	titangraph[embeddedcassandra:null]: graph-example-1 loaded in 1031.5002360001672ms
Testing testTinkerGraphVertexAndEdges...
	titangraph[embeddedcassandra:null]: graph-example-1 loaded in 1033.1501239999197ms
Testing testReadingTinkerGraphExample3...
Testing testReadingTinkerGraphExample3MappingLabels...
	titangraph[embeddedcassandra:null]: graph-example-3 loaded in 1040.4709010000806ms
Testing testReadingTinkerGraphExample3MappingIDs...
	titangraph[embeddedcassandra:null]: graph-example-3 loaded in 1035.6982160001062ms
Testing testReadingTinkerGraphExample3MappingAll...
	titangraph[embeddedcassandra:null]: graph-example-3 loaded in 1039.8091899999417ms
Testing testMigratingTinkerGraphExample3...
Testing testAllGraphMLTypeCastsAndDataMappings...
*** TOTAL TIME [GraphMLReaderTestSuite]: 10497.714180000126 ***
Testing testReadingTinkerGraph...
Testing testTinkerGraphEdges...
	titangraph[embeddedcassandra:null]: graph-example-1 loaded in 1282.4924850000534ms
Testing testTinkerGraphVertices...
	titangraph[embeddedcassandra:null]: graph-example-1 loaded in 1042.6479370000307ms
Testing testTinkerGraphSoftwareVertices...
	titangraph[embeddedcassandra:null]: graph-example-1 loaded in 1030.4048379999585ms
Testing testTinkerGraphVertexAndEdges...
	titangraph[embeddedcassandra:null]: graph-example-1 loaded in 1030.713065000018ms
*** TOTAL TIME [GraphSONReaderTestSuite]: 8879.382247000001 ***
Testing testReadingTinkerGraph...
Testing testTinkerGraphEdges...
	titangraph[embeddedcassandra:null]: graph-example-1 loaded in 1034.734324999852ms
Testing testTinkerGraphVertices...
	titangraph[embeddedcassandra:null]: graph-example-1 loaded in 1045.9462360001635ms
Testing testTinkerGraphSoftwareVertices...
	titangraph[embeddedcassandra:null]: graph-example-1 loaded in 1030.6148810000159ms
Testing testTinkerGraphVertexAndEdges...
	titangraph[embeddedcassandra:null]: graph-example-1 loaded in 1030.5663270000368ms
Testing testReadingTinkerGraphExample3...
Testing testReadingTinkerGraphExample3MappingLabels...
	titangraph[embeddedcassandra:null]: graph-example-3 loaded in 1036.2507319999859ms
Testing testReadingTinkerGraphExample3MappingIDs...
	titangraph[embeddedcassandra:null]: graph-example-3 loaded in 1031.4870029999875ms
Testing testReadingTinkerGraphExample3MappingAll...
	titangraph[embeddedcassandra:null]: graph-example-3 loaded in 1028.884616999887ms
Testing testMigratingTinkerGraphExample3...
*** TOTAL TIME [GMLReaderTestSuite]: 12220.274939999916 ***
Tests run: 10, Failures: 0, Errors: 0, Skipped: 0, Time elapsed: 187.754 sec
Running com.thinkaurelius.titan.diskstorage.cassandra.astyanax.InternalAstyanaxLockKeyColumnValueStoreTest
Tests run: 14, Failures: 0, Errors: 0, Skipped: 0, Time elapsed: 28.881 sec

Results :

Tests run: 181, Failures: 0, Errors: 0, Skipped: 0

[INFO]                                                                         
[INFO] ------------------------------------------------------------------------
[INFO] Building Titan-HBase: Distributed Graph Database 0.4.0-SNAPSHOT
[INFO] ------------------------------------------------------------------------
[INFO] 
[INFO] --- maven-enforcer-plugin:1.0:enforce (enforce-maven) @ titan-hbase ---
[INFO] 
[INFO] --- maven-resources-plugin:2.3:resources (default-resources) @ titan-hbase ---
[INFO] Using 'UTF-8' encoding to copy filtered resources.
[INFO] Copying 2 resources
[INFO] 
[INFO] --- maven-compiler-plugin:2.5.1:compile (default-compile) @ titan-hbase ---
[INFO] Nothing to compile - all classes are up to date
[INFO] 
[INFO] --- maven-resources-plugin:2.3:testResources (default-testResources) @ titan-hbase ---
[INFO] Using 'UTF-8' encoding to copy filtered resources.
[INFO] Copying 2 resources
[INFO] 
[INFO] --- maven-compiler-plugin:2.5.1:testCompile (default-testCompile) @ titan-hbase ---
[INFO] Nothing to compile - all classes are up to date
[INFO] 
[INFO] --- maven-dependency-plugin:2.7:copy-dependencies (default) @ titan-hbase ---
[INFO] grizzly-http-2.2.16.jar already exists in destination.
[INFO] oro-2.0.8.jar already exists in destination.
[INFO] pfl-tf-1.0.0-b001.jar already exists in destination.
[INFO] stax-api-1.0.1.jar already exists in destination.
[INFO] commons-net-1.4.1.jar already exists in destination.
[INFO] json-simple-1.1.jar already exists in destination.
[INFO] metrics-core-2.1.2.jar already exists in destination.
[INFO] pfl-basic-tools-1.0.0-b001.jar already exists in destination.
[INFO] concurrent-1.3.4.jar already exists in destination.
[INFO] pipes-2.3.0.jar already exists in destination.
[INFO] httpcore-4.1.3.jar already exists in destination.
[INFO] hadoop-core-1.0.3.jar already exists in destination.
[INFO] gremlin-groovy-2.3.0.jar already exists in destination.
[INFO] groovy-1.8.9.jar already exists in destination.
[INFO] jline-0.9.94.jar already exists in destination.
[INFO] commons-beanutils-1.7.0.jar already exists in destination.
[INFO] jackson-datatype-json-org-2.1.2.jar already exists in destination.
[INFO] commons-httpclient-3.1.jar already exists in destination.
[INFO] javax.servlet-api-3.0.1.jar already exists in destination.
[INFO] lucene-memory-3.6.2.jar already exists in destination.
[INFO] asm-commons-3.2.jar already exists in destination.
[INFO] colt-1.2.0.jar already exists in destination.
[INFO] commons-cli-1.2.jar already exists in destination.
[INFO] jersey-client-1.17.jar already exists in destination.
[INFO] jersey-servlet-1.17.jar already exists in destination.
[INFO] jasper-compiler-5.5.23.jar already exists in destination.
[INFO] jackson-annotations-2.1.1.jar already exists in destination.
[INFO] jamon-runtime-2.3.1.jar already exists in destination.
[INFO] log4j-1.2.16.jar already exists in destination.
[INFO] rexster-protocol-2.3.0.jar already exists in destination.
[INFO] lucene-highlighter-3.6.2.jar already exists in destination.
[INFO] minlog-1.2.jar already exists in destination.
[INFO] jackson-xc-1.8.8.jar already exists in destination.
[INFO] kfs-0.3.jar already exists in destination.
[INFO] jackson-core-asl-1.8.8.jar already exists in destination.
[INFO] libthrift-0.8.0.jar already exists in destination.
[INFO] grizzly-http-servlet-2.2.16.jar already exists in destination.
[INFO] hppc-0.4.2.jar already exists in destination.
[INFO] commons-math-2.2.jar already exists in destination.
[INFO] lucene-core-3.6.2.jar already exists in destination.
[INFO] jaxb-api-2.1.jar already exists in destination.
[INFO] jettison-1.3.3.jar already exists in destination.
[INFO] slf4j-api-1.6.1.jar already exists in destination.
[INFO] guava-13.0.1.jar already exists in destination.
[INFO] grizzly-framework-2.2.16.jar already exists in destination.
[INFO] jaxb-impl-2.2.3-1.jar already exists in destination.
[INFO] jersey-core-1.8.jar already exists in destination.
[INFO] commons-el-1.0.jar already exists in destination.
[INFO] asm-3.1.jar already exists in destination.
[INFO] classes already exists in destination.
[INFO] asm-analysis-3.2.jar already exists in destination.
[INFO] gremlin-java-2.3.0.jar already exists in destination.
[INFO] mockito-all-1.8.1.jar already exists in destination.
[INFO] core-3.1.1.jar already exists in destination.
[INFO] jackson-databind-2.1.2.jar already exists in destination.
[INFO] asm-tree-3.2.jar already exists in destination.
[INFO] hbase-0.94.1.jar already exists in destination.
[INFO] classes already exists in destination.
[INFO] lucene-analyzers-3.6.2.jar already exists in destination.
[INFO] elasticsearch-0.20.5.jar already exists in destination.
[INFO] commons-logging-1.1.1.jar already exists in destination.
[INFO] kryo-2.21.jar already exists in destination.
[INFO] httpclient-4.1.2.jar already exists in destination.
[INFO] commons-codec-1.7.jar already exists in destination.
[INFO] spatial4j-0.3.jar already exists in destination.
[INFO] protobuf-java-2.4.0a.jar already exists in destination.
[INFO] jersey-grizzly2-1.17.jar already exists in destination.
[INFO] reflectasm-1.07-shaded.jar already exists in destination.
[INFO] jsp-2.1-6.1.14.jar already exists in destination.
[INFO] grizzly-portunif-2.2.16.jar already exists in destination.
[INFO] gmbal-3.2.0-b003.jar already exists in destination.
[INFO] jackson-mapper-asl-1.8.8.jar already exists in destination.
[INFO] jetty-util-6.1.26.jar already exists in destination.
[INFO] objenesis-1.2.jar already exists in destination.
[INFO] jersey-server-1.8.jar already exists in destination.
[INFO] lucene-queries-3.6.2.jar already exists in destination.
[INFO] commons-digester-1.8.jar already exists in destination.
[INFO] activation-1.1.jar already exists in destination.
[INFO] commons-lang-2.5.jar already exists in destination.
[INFO] xmlenc-0.52.jar already exists in destination.
[INFO] jets3t-0.7.1.jar already exists in destination.
[INFO] antlr-2.7.7.jar already exists in destination.
[INFO] commons-beanutils-core-1.8.0.jar already exists in destination.
[INFO] grizzly-rcm-2.2.16.jar already exists in destination.
[INFO] asm-util-3.2.jar already exists in destination.
[INFO] pfl-tf-tools-1.0.0-b001.jar already exists in destination.
[INFO] rexster-server-2.3.0.jar already exists in destination.
[INFO] blueprints-test-2.3.0.jar already exists in destination.
[INFO] hsqldb-1.8.0.10.jar already exists in destination.
[INFO] grizzly-core-2.2.16.jar already exists in destination.
[INFO] grizzly-http-server-2.2.16.jar already exists in destination.
[INFO] jsr305-1.3.9.jar already exists in destination.
[INFO] junit-4.8.1.jar already exists in destination.
[INFO] jackson-core-2.1.2.jar already exists in destination.
[INFO] servlet-api-2.5-6.1.14.jar already exists in destination.
[INFO] rexster-core-2.3.0.jar already exists in destination.
[INFO] blueprints-core-2.3.0.jar already exists in destination.
[INFO] jsp-api-2.1-6.1.14.jar already exists in destination.
[INFO] netty-3.2.4.Final.jar already exists in destination.
[INFO] jansi-1.5.jar already exists in destination.
[INFO] zookeeper-3.4.3.jar already exists in destination.
[INFO] commons-collections-3.2.1.jar already exists in destination.
[INFO] json-20090211.jar already exists in destination.
[INFO] commons-io-2.0.1.jar already exists in destination.
[INFO] commons-configuration-1.6.jar already exists in destination.
[INFO] management-api-3.0.0-b012.jar already exists in destination.
[INFO] slf4j-log4j12-1.6.1.jar already exists in destination.
[INFO] classes already exists in destination.
[INFO] jersey-json-1.8.jar already exists in destination.
[INFO] msgpack-0.6.5.jar already exists in destination.
[INFO] jasper-runtime-5.5.23.jar already exists in destination.
[INFO] jackson-jaxrs-1.8.8.jar already exists in destination.
[INFO] avro-ipc-1.5.3.jar already exists in destination.
[INFO] javassist-3.15.0-GA.jar already exists in destination.
[INFO] pfl-basic-1.0.0-b001.jar already exists in destination.
[INFO] jetty-6.1.26.jar already exists in destination.
[INFO] pfl-asm-1.0.0-b001.jar already exists in destination.
[INFO] asm-4.0.jar already exists in destination.
[INFO] high-scale-lib-1.1.1.jar already exists in destination.
[INFO] velocity-1.7.jar already exists in destination.
[INFO] 
[INFO] --- maven-surefire-plugin:2.12.1:test (default-test) @ titan-hbase ---
[INFO] Surefire report directory: /home/travis/build/thinkaurelius/titan/titan-hbase/target/surefire-reports

-------------------------------------------------------
 T E S T S
-------------------------------------------------------
Running com.thinkaurelius.titan.diskstorage.hbase.HBaseKeyColumnValueTest
Deleteing old test directories (if any).
Loading time (ms): 1279
Reading time (ms): 3518
Tests run: 17, Failures: 0, Errors: 0, Skipped: 0, Time elapsed: 121.939 sec
Running com.thinkaurelius.titan.diskstorage.hbase.HBaseLockKeyColumnValueStoreTest
Tests run: 14, Failures: 0, Errors: 0, Skipped: 0, Time elapsed: 36.593 sec
Running com.thinkaurelius.titan.blueprints.HBaseBlueprintsTest
Testing testBasicAddVertex...
Testing testGetVertexWithNull...
Testing testRemoveVertex...
Testing testVertexEquality...
	titangraph[hbase:null]: 1 vertex added and retrieved in 610.1167639999185ms
Testing testRemoveVertexWithEdges...
Testing testGetNonExistantVertices...
Testing testRemoveVertexNullId...
	titangraph[hbase:null]: 100 vertices added in 15.888219999847934ms
	titangraph[hbase:null]: 100 vertices removed in 14.174901999998838ms
Testing testVertexIterator...
	titangraph[hbase:null]: 1000 vertices added in 766.90935800015ms
	titangraph[hbase:null]: 1000 vertices counted in 7.256936999969184ms
Testing testLegalVertexEdgeIterables...
Testing testAddVertexProperties...
Testing testAddManyVertexProperties...
	titangraph[hbase:null]: 750 vertex properties added (with vertices being added too) in 19865.288522999967ms
Testing testRemoveVertexProperties...
Testing testAddingIdProperty...
Testing testNoConcurrentModificationException...
Testing testVertexEqualityForSuppliedIdsAndHashCode...
Testing testGettingEdgesAndVertices...
Testing testEmptyKeyProperty...
Testing testVertexCentricLinking...
Testing testVertexCentricRemoving...
Testing testConcurrentModificationOnProperties...
Testing testSettingBadVertexProperties...
*** TOTAL TIME [VertexTestSuite]: 79620.702483 ***
Testing testRemoveManyEdges...
	titangraph[hbase:null]: 20 vertices counted in 23.652147999964654ms
	titangraph[hbase:null]: 10 edges counted in 21.00062599987723ms
	titangraph[hbase:null]: 10 edges removed and graph checked in 396.5335480000358ms
Testing testAddingDuplicateEdges...
Testing testRemoveEdgesByRemovingVertex...
Testing testRemoveEdges...
Testing testAddingSelfLoops...
Testing testRemoveSelfLoops...
Testing testEdgeIterator...
Testing testAddingRemovingEdgeProperties...
Testing testAddingLabelAndIdProperty...
Testing testEdgeCentricRemoving...
Testing testAddEdges...
	titangraph[hbase:null]: 6 elements added and checked in 919.8484869999811ms
Testing testAddManyEdges...
	titangraph[hbase:null]: 300 elements added in 3357.596113000065ms
	titangraph[hbase:null]: 100 edges counted in 18.197751000057906ms
	titangraph[hbase:null]: 200 vertices counted in 15.795725999865681ms
	titangraph[hbase:null]: 200 vertices checked in 21.647614000132307ms
Testing testGetEdges...
	titangraph[hbase:null]: 3 edges retrieved in 0.5890409999992698ms
Testing testGetNonExistantEdges...
Testing testEdgeEquality...
Testing testNoConcurrentModificationException...
Testing testEmptyKeyProperty...
Testing testSettingBadVertexProperties...
*** TOTAL TIME [EdgeTestSuite]: 30645.458048 ***
Testing testEmptyOnConstruction...
Testing testStringRepresentationOfVertexId...
Testing testSemanticallyCorrectIterables...
Testing testAddingVerticesAndEdges...
Testing testFeatureCompliance...
supportsDuplicateEdges: true
supportsSelfLoops: true
supportsSerializableObjectProperty: true
supportsBooleanProperty: true
supportsDoubleProperty: true
supportsFloatProperty: true
supportsIntegerProperty: true
supportsPrimitiveArrayProperty: true
supportsUniformListProperty: true
supportsMixedListProperty: true
supportsLongProperty: true
supportsMapProperty: true
supportsStringProperty: true
ignoresSuppliedIds: true
isPersistent: true
isRDFModel: false
isWrapper: false
supportsIndices: false
supportsVertexIndex: false
supportsEdgeIndex: false
supportsKeyIndices: true
supportsVertexKeyIndex: true
supportsEdgeKeyIndex: true
supportsEdgeIteration: true
supportsVertexIteration: true
supportsEdgeRetrieval: true
supportsVertexProperties: true
supportsEdgeProperties: true
supportsTransactions: true
supportsThreadedTransactions: true
Testing testRemovingVertices...
	titangraph[hbase:null]: 500 vertices added in 647.7478320000228ms
	titangraph[hbase:null]: 250 edges added in 6424.657439999981ms
	titangraph[hbase:null]: 500 vertices deleted (with size check on each delete) in 14242.42428100016ms
Testing testConnectivityPatterns...
Testing testVertexEdgeLabels...
Testing testVertexEdgeLabels2...
Testing testTreeConnectivity...
	titangraph[hbase:null]: 1464 vertices added in a tree structure in 1245.299377999967ms
	titangraph[hbase:null]: 1464 vertices iterated in 21.72991900006309ms
	titangraph[hbase:null]: 1463 edges iterated in 45.503784000175074ms
Testing testConcurrentModification...
Testing testGraphDataPersists...
	titangraph[hbase:null]: 1 graph loaded in 383.0535170000512ms
Testing testAutotypingOfProperties...
Testing testGettingVerticesAndEdgesWithKeyValue...
Testing testSettingProperties...
Testing testSimpleRemovingVerticesEdges...
Testing testRemovingEdges...
	titangraph[hbase:null]: 100 vertices added in 613.5003990000114ms
	titangraph[hbase:null]: 200 edges added in 5195.997985000024ms
	titangraph[hbase:null]: 200 edges deleted (with size check on each delete) in 13824.182858000044ms
*** TOTAL TIME [GraphTestSuite]: 68096.10992800002 ***
Testing testGraphQueryForVertices...
Testing testGraphQueryForEdges...
Testing testVertexQuery...
*** TOTAL TIME [QueryTestSuite]: 9061.38299900014 ***
Testing testKeyIndicesConsistentWithElementRemoval...
Testing testAutoIndexKeyManagementWithPersistence...
	titangraph[hbase:null]: 2 automatic index keys added in 614.6369000000414ms
	titangraph[hbase:null]: 2 automatic index keys added in 2.1414660001173615ms
Testing testGettingVerticesAndEdgesWithKeyValue...
Testing testNoConcurrentModificationException...
*** TOTAL TIME [KeyIndexableGraphTestSuite]: 6413.862835000036 ***
Testing testCompetingThreads...
Testing testRepeatedTransactionStopException...
Testing testTrue...
Testing testAutoStartTransaction...
Testing testTransactionsForVertices...
	titangraph[hbase:null]: 1 vertex not added in failed transaction in 76.01703400001861ms
	titangraph[hbase:null]: 1 vertex added in successful transaction in 40.91423200001009ms
Testing testBasicVertexEdgeTransactions...
Testing testBruteVertexTransactions...
	titangraph[hbase:null]: 100 vertices added in 100 successful transactions in 839.3914259998128ms
	titangraph[hbase:null]: 100 vertices not added in 100 failed transactions in 21.589704000391066ms
	titangraph[hbase:null]: 100 vertices added in 1 successful transactions in 90.47261899989098ms
	titangraph[hbase:null]: 100 vertices not added in 1 failed transactions in 103.05786900036037ms
Testing testTransactionsForEdges...
	titangraph[hbase:null]: 1 edge not added in failed transaction (w/ iteration) in 399.0116050001234ms
	titangraph[hbase:null]: 1 edge added in successful transaction (w/ iteration) in 192.6545669999905ms
Testing testBruteEdgeTransactions...
	titangraph[hbase:null]: 100 edges added in 100 successful transactions (2 vertices added for each edge) in 1348.8388069998473ms
	titangraph[hbase:null]: 100 edges not added in 100 failed transactions (2 vertices added for each edge) in 105.24604000011459ms
	titangraph[hbase:null]: 100 edges added in 1 successful transactions (2 vertices added for each edge) in 253.58257600013167ms
	titangraph[hbase:null]: 100 edges not added in 1 failed transactions (2 vertices added for each edge) in 353.2481160000898ms
Testing testPropertyTransactions...
	titangraph[hbase:null]: 1 vertex added with string property in a successful transaction in 1025.5088990000077ms
	titangraph[hbase:null]: 1 integer property not added in a failed transaction in 5.323937000241131ms
	titangraph[hbase:null]: 2 vertex properties checked in a successful transaction in 2.5017940001562238ms
	titangraph[hbase:null]: 1 edge property added and checked in a successful transaction in 110.72176799969748ms
	titangraph[hbase:null]: 1 edge property added and checked in a failed transaction in 1.1295429999008775ms
Testing testIndexTransactions...
Testing testAutomaticSuccessfulTransactionOnShutdown...
Testing testVertexCountOnPreTransactionCommit...
Testing testBulkTransactionsOnEdges...
Testing testTransactionIsolationCommitCheck...
added vertex
reading vertex before tx
read vertex before tx
Testing testRemoveInTransaction...
*** TOTAL TIME [TransactionalTitanGraphTestSuite]: 26031.161923000123 ***
Testing testVertexReattachment...
*** TOTAL TIME [TitanSpecificBlueprintsTestSuite]: 1881.8882819996215 ***
Testing testReadingTinkerGraph...
Testing testTinkerGraphEdges...
	titangraph[hbase:null]: graph-example-1 loaded in 1060.749326999765ms
Testing testTinkerGraphVertices...
	titangraph[hbase:null]: graph-example-1 loaded in 1044.9575039995834ms
Testing testTinkerGraphSoftwareVertices...
	titangraph[hbase:null]: graph-example-1 loaded in 1051.9209520001896ms
Testing testTinkerGraphVertexAndEdges...
	titangraph[hbase:null]: graph-example-1 loaded in 1048.5218139998615ms
Testing testReadingTinkerGraphExample3...
Testing testReadingTinkerGraphExample3MappingLabels...
	titangraph[hbase:null]: graph-example-3 loaded in 1059.2163489996456ms
Testing testReadingTinkerGraphExample3MappingIDs...
	titangraph[hbase:null]: graph-example-3 loaded in 1053.1894259997644ms
Testing testReadingTinkerGraphExample3MappingAll...
	titangraph[hbase:null]: graph-example-3 loaded in 1052.2884150003083ms
Testing testMigratingTinkerGraphExample3...
Testing testAllGraphMLTypeCastsAndDataMappings...
*** TOTAL TIME [GraphMLReaderTestSuite]: 13014.719304000027 ***
Testing testReadingTinkerGraph...
Testing testTinkerGraphEdges...
	titangraph[hbase:null]: graph-example-1 loaded in 1318.2449240004644ms
Testing testTinkerGraphVertices...
	titangraph[hbase:null]: graph-example-1 loaded in 1052.6862699999474ms
Testing testTinkerGraphSoftwareVertices...
	titangraph[hbase:null]: graph-example-1 loaded in 1050.5277699995786ms
Testing testTinkerGraphVertexAndEdges...
	titangraph[hbase:null]: graph-example-1 loaded in 1049.6763760000467ms
*** TOTAL TIME [GraphSONReaderTestSuite]: 7823.611070999876 ***
Testing testReadingTinkerGraph...
Testing testTinkerGraphEdges...
	titangraph[hbase:null]: graph-example-1 loaded in 1056.9999859998934ms
Testing testTinkerGraphVertices...
	titangraph[hbase:null]: graph-example-1 loaded in 1052.4187400001101ms
Testing testTinkerGraphSoftwareVertices...
	titangraph[hbase:null]: graph-example-1 loaded in 1049.9147029998712ms
Testing testTinkerGraphVertexAndEdges...
	titangraph[hbase:null]: graph-example-1 loaded in 1050.566113999579ms
Testing testReadingTinkerGraphExample3...
Testing testReadingTinkerGraphExample3MappingLabels...
	titangraph[hbase:null]: graph-example-3 loaded in 1055.6452400004491ms
Testing testReadingTinkerGraphExample3MappingIDs...
	titangraph[hbase:null]: graph-example-3 loaded in 1055.4479660000652ms
Testing testReadingTinkerGraphExample3MappingAll...
	titangraph[hbase:null]: graph-example-3 loaded in 1051.5050949999131ms
Testing testMigratingTinkerGraphExample3...
*** TOTAL TIME [GMLReaderTestSuite]: 16212.980610999744 ***
Tests run: 10, Failures: 0, Errors: 0, Skipped: 0, Time elapsed: 258.825 sec
Running com.thinkaurelius.titan.diskstorage.hbase.HBaseMultiWriteKeyColumnValueStoreTest
Tests run: 2, Failures: 0, Errors: 0, Skipped: 0, Time elapsed: 39.271 sec
Running com.thinkaurelius.titan.graphdb.hbase.HBaseGraphTest
Tests run: 19, Failures: 0, Errors: 0, Skipped: 0, Time elapsed: 74.134 sec
All done. Shutting done HBase.

Results :

Tests run: 62, Failures: 0, Errors: 0, Skipped: 0

[INFO]                                                                         
[INFO] ------------------------------------------------------------------------
[INFO] Building Titan-Lucene: Indexing Support 0.4.0-SNAPSHOT
[INFO] ------------------------------------------------------------------------
[INFO] 
[INFO] --- maven-enforcer-plugin:1.0:enforce (enforce-maven) @ titan-lucene ---
[INFO] 
[INFO] --- maven-resources-plugin:2.3:resources (default-resources) @ titan-lucene ---
[INFO] Using 'UTF-8' encoding to copy filtered resources.
[INFO] skip non existing resourceDirectory /home/travis/build/thinkaurelius/titan/titan-lucene/src/main/resources
[INFO] 
[INFO] --- maven-compiler-plugin:2.5.1:compile (default-compile) @ titan-lucene ---
[INFO] Nothing to compile - all classes are up to date
[INFO] 
[INFO] --- maven-resources-plugin:2.3:testResources (default-testResources) @ titan-lucene ---
[INFO] Using 'UTF-8' encoding to copy filtered resources.
[INFO] Copying 1 resource
[INFO] 
[INFO] --- maven-compiler-plugin:2.5.1:testCompile (default-testCompile) @ titan-lucene ---
[INFO] Nothing to compile - all classes are up to date
[INFO] 
[INFO] --- maven-surefire-plugin:2.12.1:test (default-test) @ titan-lucene ---
[INFO] Surefire report directory: /home/travis/build/thinkaurelius/titan/titan-lucene/target/surefire-reports

-------------------------------------------------------
 T E S T S
-------------------------------------------------------
Running com.thinkaurelius.titan.diskstorage.lucene.LuceneIndexTest
68 vs 73.867869045
Query time on 30000 docs (ms): 418
Tests run: 5, Failures: 0, Errors: 0, Skipped: 0, Time elapsed: 17.886 sec

Results :

Tests run: 5, Failures: 0, Errors: 0, Skipped: 0

[INFO]                                                                         
[INFO] ------------------------------------------------------------------------
[INFO] Building Titan-All: Complete Titan Distribution 0.4.0-SNAPSHOT
[INFO] ------------------------------------------------------------------------
[INFO] 
[INFO] --- maven-enforcer-plugin:1.0:enforce (enforce-maven) @ titan-all ---
[INFO] 
[INFO] --- maven-resources-plugin:2.3:resources (default-resources) @ titan-all ---
[INFO] Using 'UTF-8' encoding to copy filtered resources.
[INFO] Copying 2 resources
[INFO] 
[INFO] --- maven-compiler-plugin:2.5.1:compile (default-compile) @ titan-all ---
[INFO] No sources to compile
[INFO] 
[INFO] --- maven-resources-plugin:2.3:testResources (default-testResources) @ titan-all ---
[INFO] Using 'UTF-8' encoding to copy filtered resources.
[INFO] skip non existing resourceDirectory /home/travis/build/thinkaurelius/titan/titan-all/src/test/resources
[INFO] 
[INFO] --- maven-compiler-plugin:2.5.1:testCompile (default-testCompile) @ titan-all ---
[INFO] No sources to compile
[INFO] 
[INFO] --- maven-surefire-plugin:2.11:test (default-test) @ titan-all ---
[INFO] No tests to run.
[INFO] Surefire report directory: /home/travis/build/thinkaurelius/titan/titan-all/target/surefire-reports

-------------------------------------------------------
 T E S T S
-------------------------------------------------------

Results :

Tests run: 0, Failures: 0, Errors: 0, Skipped: 0

[INFO] ------------------------------------------------------------------------
[INFO] Reactor Summary:
[INFO] 
[INFO] Titan: Distributed Graph Database ................. SUCCESS [1.498s]
[INFO] Titan-Core: Core Library for Titan ................ SUCCESS [4.939s]
[INFO] Titan-Test: Test Suite for Titan .................. SUCCESS [1:05.403s]
[INFO] Titan-ElasticSearch: Distributed Indexing Support . SUCCESS [26.124s]
[INFO] Titan-BerkeleyJE: Distributed Graph Database ...... SUCCESS [1:39.417s]
[INFO] Titan-Cassandra: Distributed Graph Database ....... SUCCESS [16:09.219s]
[INFO] Titan-HBase: Distributed Graph Database ........... SUCCESS [8:53.014s]
[INFO] Titan-Lucene: Indexing Support .................... SUCCESS [18.749s]
[INFO] Titan-All: Complete Titan Distribution ............ SUCCESS [0.936s]
[INFO] ------------------------------------------------------------------------
[INFO] BUILD SUCCESS
[INFO] ------------------------------------------------------------------------
[INFO] Total time: 28:40.072s
[INFO] Finished at: Thu Apr 04 21:44:02 UTC 2013
[INFO] Final Memory: 17M/176M
[INFO] ------------------------------------------------------------------------

The command "mvn test" exited with 0.

Done. Your build exited with 0.
