Using worker: worker-linux-2-2.bb.travis-ci.org:travis-linux-8

travis_fold:start:git.1$ git clone --depth=50 --branch=master git://github.com/thinkaurelius/titan.git thinkaurelius/titan
Cloning into 'thinkaurelius/titan'...
remote: Counting objects: 5158, done.[K
remote: Compressing objects:   0% (1/2509)   [Kremote: Compressing objects:   1% (26/2509)   [Kremote: Compressing objects:   2% (51/2509)   [Kremote: Compressing objects:   3% (76/2509)   [Kremote: Compressing objects:   4% (101/2509)   [Kremote: Compressing objects:   5% (126/2509)   [Kremote: Compressing objects:   6% (151/2509)   [Kremote: Compressing objects:   7% (176/2509)   [Kremote: Compressing objects:   8% (201/2509)   [Kremote: Compressing objects:   9% (226/2509)   [Kremote: Compressing objects:  10% (251/2509)   [Kremote: Compressing objects:  11% (276/2509)   [Kremote: Compressing objects:  12% (302/2509)   [Kremote: Compressing objects:  13% (327/2509)   [Kremote: Compressing objects:  14% (352/2509)   [Kremote: Compressing objects:  15% (377/2509)   [Kremote: Compressing objects:  16% (402/2509)   [Kremote: Compressing objects:  17% (427/2509)   [Kremote: Compressing objects:  18% (452/2509)   [Kremote: Compressing objects:  19% (477/2509)   [Kremote: Compressing objects:  20% (502/2509)   [Kremote: Compressing objects:  21% (527/2509)   [Kremote: Compressing objects:  22% (552/2509)   [Kremote: Compressing objects:  23% (578/2509)   [Kremote: Compressing objects:  24% (603/2509)   [Kremote: Compressing objects:  25% (628/2509)   [Kremote: Compressing objects:  26% (653/2509)   [Kremote: Compressing objects:  27% (678/2509)   [Kremote: Compressing objects:  28% (703/2509)   [Kremote: Compressing objects:  29% (728/2509)   [Kremote: Compressing objects:  30% (753/2509)   [Kremote: Compressing objects:  31% (778/2509)   [Kremote: Compressing objects:  32% (803/2509)   [Kremote: Compressing objects:  33% (828/2509)   [Kremote: Compressing objects:  34% (854/2509)   [Kremote: Compressing objects:  35% (879/2509)   [Kremote: Compressing objects:  36% (904/2509)   [Kremote: Compressing objects:  37% (929/2509)   [Kremote: Compressing objects:  38% (954/2509)   [Kremote: Compressing objects:  39% (979/2509)   [Kremote: Compressing objects:  40% (1004/2509)   [Kremote: Compressing objects:  41% (1029/2509)   [Kremote: Compressing objects:  42% (1054/2509)   [Kremote: Compressing objects:  42% (1072/2509)   [Kremote: Compressing objects:  43% (1079/2509)   [Kremote: Compressing objects:  44% (1104/2509)   [Kremote: Compressing objects:  45% (1130/2509)   [Kremote: Compressing objects:  46% (1155/2509)   [Kremote: Compressing objects:  47% (1180/2509)   [Kremote: Compressing objects:  48% (1205/2509)   [Kremote: Compressing objects:  49% (1230/2509)   [Kremote: Compressing objects:  50% (1255/2509)   [Kremote: Compressing objects:  51% (1280/2509)   [Kremote: Compressing objects:  52% (1305/2509)   [Kremote: Compressing objects:  53% (1330/2509)   [Kremote: Compressing objects:  54% (1355/2509)   [Kremote: Compressing objects:  55% (1380/2509)   [Kremote: Compressing objects:  56% (1406/2509)   [Kremote: Compressing objects:  57% (1431/2509)   [Kremote: Compressing objects:  58% (1456/2509)   [Kremote: Compressing objects:  59% (1481/2509)   [Kremote: Compressing objects:  60% (1506/2509)   [Kremote: Compressing objects:  61% (1531/2509)   [Kremote: Compressing objects:  62% (1556/2509)   [Kremote: Compressing objects:  63% (1581/2509)   [Kremote: Compressing objects:  64% (1606/2509)   [Kremote: Compressing objects:  65% (1631/2509)   [Kremote: Compressing objects:  66% (1656/2509)   [Kremote: Compressing objects:  67% (1682/2509)   [Kremote: Compressing objects:  68% (1707/2509)   [Kremote: Compressing objects:  69% (1732/2509)   [Kremote: Compressing objects:  70% (1757/2509)   [Kremote: Compressing objects:  71% (1782/2509)   [Kremote: Compressing objects:  72% (1807/2509)   [Kremote: Compressing objects:  73% (1832/2509)   [Kremote: Compressing objects:  74% (1857/2509)   [Kremote: Compressing objects:  75% (1882/2509)   [Kremote: Compressing objects:  76% (1907/2509)   [Kremote: Compressing objects:  77% (1932/2509)   [Kremote: Compressing objects:  78% (1958/2509)   [Kremote: Compressing objects:  79% (1983/2509)   [Kremote: Compressing objects:  80% (2008/2509)   [Kremote: Compressing objects:  81% (2033/2509)   [Kremote: Compressing objects:  82% (2058/2509)   [Kremote: Compressing objects:  83% (2083/2509)   [Kremote: Compressing objects:  84% (2108/2509)   [Kremote: Compressing objects:  85% (2133/2509)   [Kremote: Compressing objects:  86% (2158/2509)   [Kremote: Compressing objects:  87% (2183/2509)   [Kremote: Compressing objects:  88% (2208/2509)   [Kremote: Compressing objects:  89% (2234/2509)   [Kremote: Compressing objects:  90% (2259/2509)   [Kremote: Compressing objects:  91% (2284/2509)   [Kremote: Compressing objects:  92% (2309/2509)   [Kremote: Compressing objects:  93% (2334/2509)   [Kremote: Compressing objects:  94% (2359/2509)   [Kremote: Compressing objects:  95% (2384/2509)   [Kremote: Compressing objects:  96% (2409/2509)   [Kremote: Compressing objects:  97% (2434/2509)   [Kremote: Compressing objects:  98% (2459/2509)   [Kremote: Compressing objects:  99% (2484/2509)   [Kremote: Compressing objects: 100% (2509/2509)   [Kremote: Compressing objects: 100% (2509/2509), done.[K
Receiving objects:   0% (1/5158)   Receiving objects:   1% (52/5158)   Receiving objects:   2% (104/5158)   Receiving objects:   3% (155/5158)   Receiving objects:   4% (207/5158)   Receiving objects:   5% (258/5158)   Receiving objects:   6% (310/5158)   Receiving objects:   7% (362/5158), 3.53 MiB | 7.02 MiB/s   Receiving objects:   8% (413/5158), 3.53 MiB | 7.02 MiB/s   Receiving objects:   9% (465/5158), 3.53 MiB | 7.02 MiB/s   Receiving objects:  10% (516/5158), 3.53 MiB | 7.02 MiB/s   Receiving objects:  11% (568/5158), 3.53 MiB | 7.02 MiB/s   Receiving objects:  12% (619/5158), 3.53 MiB | 7.02 MiB/s   Receiving objects:  13% (671/5158), 3.53 MiB | 7.02 MiB/s   Receiving objects:  14% (723/5158), 3.53 MiB | 7.02 MiB/s   Receiving objects:  15% (774/5158), 3.53 MiB | 7.02 MiB/s   Receiving objects:  16% (826/5158), 3.53 MiB | 7.02 MiB/s   Receiving objects:  17% (877/5158), 3.53 MiB | 7.02 MiB/s   Receiving objects:  18% (929/5158), 3.53 MiB | 7.02 MiB/s   Receiving objects:  19% (981/5158), 3.53 MiB | 7.02 MiB/s   Receiving objects:  20% (1032/5158), 3.53 MiB | 7.02 MiB/s   Receiving objects:  21% (1084/5158), 3.53 MiB | 7.02 MiB/s   Receiving objects:  22% (1135/5158), 3.53 MiB | 7.02 MiB/s   Receiving objects:  23% (1187/5158), 3.53 MiB | 7.02 MiB/s   Receiving objects:  24% (1238/5158), 3.53 MiB | 7.02 MiB/s   Receiving objects:  25% (1290/5158), 3.53 MiB | 7.02 MiB/s   Receiving objects:  26% (1342/5158), 3.53 MiB | 7.02 MiB/s   Receiving objects:  27% (1393/5158), 3.53 MiB | 7.02 MiB/s   Receiving objects:  28% (1445/5158), 3.53 MiB | 7.02 MiB/s   Receiving objects:  29% (1496/5158), 3.53 MiB | 7.02 MiB/s   Receiving objects:  30% (1548/5158), 3.53 MiB | 7.02 MiB/s   Receiving objects:  31% (1599/5158), 3.53 MiB | 7.02 MiB/s   Receiving objects:  32% (1651/5158), 3.53 MiB | 7.02 MiB/s   Receiving objects:  33% (1703/5158), 3.53 MiB | 7.02 MiB/s   Receiving objects:  34% (1754/5158), 3.53 MiB | 7.02 MiB/s   Receiving objects:  35% (1806/5158), 3.53 MiB | 7.02 MiB/s   Receiving objects:  36% (1857/5158), 3.53 MiB | 7.02 MiB/s   Receiving objects:  37% (1909/5158), 3.53 MiB | 7.02 MiB/s   Receiving objects:  38% (1961/5158), 3.53 MiB | 7.02 MiB/s   Receiving objects:  39% (2012/5158), 3.53 MiB | 7.02 MiB/s   Receiving objects:  40% (2064/5158), 3.53 MiB | 7.02 MiB/s   Receiving objects:  41% (2115/5158), 3.53 MiB | 7.02 MiB/s   Receiving objects:  42% (2167/5158), 3.53 MiB | 7.02 MiB/s   Receiving objects:  43% (2218/5158), 3.53 MiB | 7.02 MiB/s   Receiving objects:  44% (2270/5158), 3.53 MiB | 7.02 MiB/s   Receiving objects:  45% (2322/5158), 3.53 MiB | 7.02 MiB/s   Receiving objects:  46% (2373/5158), 3.53 MiB | 7.02 MiB/s   Receiving objects:  47% (2425/5158), 3.53 MiB | 7.02 MiB/s   Receiving objects:  48% (2476/5158), 3.53 MiB | 7.02 MiB/s   Receiving objects:  49% (2528/5158), 3.53 MiB | 7.02 MiB/s   Receiving objects:  50% (2579/5158), 3.53 MiB | 7.02 MiB/s   Receiving objects:  51% (2631/5158), 3.53 MiB | 7.02 MiB/s   Receiving objects:  52% (2683/5158), 3.53 MiB | 7.02 MiB/s   Receiving objects:  53% (2734/5158), 3.53 MiB | 7.02 MiB/s   Receiving objects:  54% (2786/5158), 3.53 MiB | 7.02 MiB/s   Receiving objects:  55% (2837/5158), 3.53 MiB | 7.02 MiB/s   Receiving objects:  56% (2889/5158), 3.53 MiB | 7.02 MiB/s   Receiving objects:  57% (2941/5158), 3.53 MiB | 7.02 MiB/s   Receiving objects:  58% (2992/5158), 3.53 MiB | 7.02 MiB/s   Receiving objects:  59% (3044/5158), 3.53 MiB | 7.02 MiB/s   Receiving objects:  60% (3095/5158), 3.53 MiB | 7.02 MiB/s   Receiving objects:  61% (3147/5158), 3.53 MiB | 7.02 MiB/s   Receiving objects:  62% (3198/5158), 3.53 MiB | 7.02 MiB/s   Receiving objects:  63% (3250/5158), 3.53 MiB | 7.02 MiB/s   Receiving objects:  64% (3302/5158), 3.53 MiB | 7.02 MiB/s   Receiving objects:  65% (3353/5158), 3.53 MiB | 7.02 MiB/s   Receiving objects:  66% (3405/5158), 3.53 MiB | 7.02 MiB/s   Receiving objects:  67% (3456/5158), 3.53 MiB | 7.02 MiB/s   Receiving objects:  68% (3508/5158), 3.53 MiB | 7.02 MiB/s   Receiving objects:  69% (3560/5158), 3.53 MiB | 7.02 MiB/s   Receiving objects:  70% (3611/5158), 3.53 MiB | 7.02 MiB/s   Receiving objects:  71% (3663/5158), 3.53 MiB | 7.02 MiB/s   Receiving objects:  72% (3714/5158), 3.53 MiB | 7.02 MiB/s   Receiving objects:  73% (3766/5158), 3.53 MiB | 7.02 MiB/s   Receiving objects:  74% (3817/5158), 3.53 MiB | 7.02 MiB/s   Receiving objects:  75% (3869/5158), 3.53 MiB | 7.02 MiB/s   Receiving objects:  76% (3921/5158), 3.53 MiB | 7.02 MiB/s   Receiving objects:  77% (3972/5158), 3.53 MiB | 7.02 MiB/s   Receiving objects:  78% (4024/5158), 3.53 MiB | 7.02 MiB/s   Receiving objects:  79% (4075/5158), 3.53 MiB | 7.02 MiB/s   Receiving objects:  80% (4127/5158), 3.53 MiB | 7.02 MiB/s   Receiving objects:  81% (4178/5158), 3.53 MiB | 7.02 MiB/s   Receiving objects:  82% (4230/5158), 3.53 MiB | 7.02 MiB/s   Receiving objects:  83% (4282/5158), 3.53 MiB | 7.02 MiB/s   Receiving objects:  84% (4333/5158), 3.53 MiB | 7.02 MiB/s   remote: Total 5158 (delta 2014), reused 4473 (delta 1466)[K
Receiving objects:  85% (4385/5158), 3.53 MiB | 7.02 MiB/s   Receiving objects:  86% (4436/5158), 3.53 MiB | 7.02 MiB/s   Receiving objects:  87% (4488/5158), 3.53 MiB | 7.02 MiB/s   Receiving objects:  88% (4540/5158), 3.53 MiB | 7.02 MiB/s   Receiving objects:  89% (4591/5158), 3.53 MiB | 7.02 MiB/s   Receiving objects:  90% (4643/5158), 3.53 MiB | 7.02 MiB/s   Receiving objects:  91% (4694/5158), 3.53 MiB | 7.02 MiB/s   Receiving objects:  92% (4746/5158), 3.53 MiB | 7.02 MiB/s   Receiving objects:  93% (4797/5158), 3.53 MiB | 7.02 MiB/s   Receiving objects:  94% (4849/5158), 3.53 MiB | 7.02 MiB/s   Receiving objects:  95% (4901/5158), 3.53 MiB | 7.02 MiB/s   Receiving objects:  96% (4952/5158), 3.53 MiB | 7.02 MiB/s   Receiving objects:  97% (5004/5158), 3.53 MiB | 7.02 MiB/s   Receiving objects:  98% (5055/5158), 3.53 MiB | 7.02 MiB/s   Receiving objects:  99% (5107/5158), 3.53 MiB | 7.02 MiB/s   Receiving objects: 100% (5158/5158), 3.53 MiB | 7.02 MiB/s   Receiving objects: 100% (5158/5158), 5.72 MiB | 7.02 MiB/s, done.
Resolving deltas:   0% (0/2014)   Resolving deltas:   1% (21/2014)   Resolving deltas:   2% (43/2014)   Resolving deltas:   3% (64/2014)   Resolving deltas:   4% (82/2014)   Resolving deltas:   5% (105/2014)   Resolving deltas:   6% (124/2014)   Resolving deltas:   7% (144/2014)   Resolving deltas:   8% (164/2014)   Resolving deltas:   9% (188/2014)   Resolving deltas:  10% (203/2014)   Resolving deltas:  11% (223/2014)   Resolving deltas:  13% (262/2014)   Resolving deltas:  14% (283/2014)   Resolving deltas:  16% (323/2014)   Resolving deltas:  17% (348/2014)   Resolving deltas:  18% (367/2014)   Resolving deltas:  19% (391/2014)   Resolving deltas:  20% (406/2014)   Resolving deltas:  21% (423/2014)   Resolving deltas:  23% (466/2014)   Resolving deltas:  24% (484/2014)   Resolving deltas:  25% (504/2014)   Resolving deltas:  26% (538/2014)   Resolving deltas:  27% (546/2014)   Resolving deltas:  28% (565/2014)   Resolving deltas:  29% (587/2014)   Resolving deltas:  30% (606/2014)   Resolving deltas:  31% (626/2014)   Resolving deltas:  32% (647/2014)   Resolving deltas:  33% (665/2014)   Resolving deltas:  34% (687/2014)   Resolving deltas:  35% (705/2014)   Resolving deltas:  36% (726/2014)   Resolving deltas:  37% (749/2014)   Resolving deltas:  38% (769/2014)   Resolving deltas:  39% (786/2014)   Resolving deltas:  40% (808/2014)   Resolving deltas:  41% (826/2014)   Resolving deltas:  42% (852/2014)   Resolving deltas:  43% (876/2014)   Resolving deltas:  44% (888/2014)   Resolving deltas:  45% (907/2014)   Resolving deltas:  46% (931/2014)   Resolving deltas:  47% (947/2014)   Resolving deltas:  48% (967/2014)   Resolving deltas:  49% (988/2014)   Resolving deltas:  50% (1007/2014)   Resolving deltas:  51% (1028/2014)   Resolving deltas:  52% (1050/2014)   Resolving deltas:  53% (1081/2014)   Resolving deltas:  54% (1090/2014)   Resolving deltas:  55% (1111/2014)   Resolving deltas:  56% (1140/2014)   Resolving deltas:  57% (1153/2014)   Resolving deltas:  58% (1184/2014)   Resolving deltas:  59% (1189/2014)   Resolving deltas:  60% (1209/2014)   Resolving deltas:  61% (1230/2014)   Resolving deltas:  62% (1250/2014)   Resolving deltas:  63% (1270/2014)   Resolving deltas:  64% (1302/2014)   Resolving deltas:  65% (1328/2014)   Resolving deltas:  66% (1337/2014)   Resolving deltas:  67% (1350/2014)   Resolving deltas:  68% (1370/2014)   Resolving deltas:  69% (1390/2014)   Resolving deltas:  70% (1411/2014)   Resolving deltas:  71% (1430/2014)   Resolving deltas:  72% (1454/2014)   Resolving deltas:  73% (1471/2014)   Resolving deltas:  74% (1491/2014)   Resolving deltas:  75% (1513/2014)   Resolving deltas:  76% (1532/2014)   Resolving deltas:  77% (1553/2014)   Resolving deltas:  78% (1571/2014)   Resolving deltas:  79% (1592/2014)   Resolving deltas:  80% (1612/2014)   Resolving deltas:  81% (1632/2014)   Resolving deltas:  82% (1652/2014)   Resolving deltas:  83% (1676/2014)   Resolving deltas:  84% (1705/2014)   Resolving deltas:  85% (1720/2014)   Resolving deltas:  86% (1737/2014)   Resolving deltas:  87% (1758/2014)   Resolving deltas:  88% (1773/2014)   Resolving deltas:  89% (1793/2014)   Resolving deltas:  90% (1813/2014)   Resolving deltas:  91% (1836/2014)   Resolving deltas:  92% (1854/2014)   Resolving deltas:  93% (1874/2014)   Resolving deltas:  94% (1894/2014)   Resolving deltas:  95% (1916/2014)   Resolving deltas:  96% (1934/2014)   Resolving deltas:  98% (1974/2014)   Resolving deltas:  99% (1994/2014)   Resolving deltas: 100% (2014/2014)   Resolving deltas: 100% (2014/2014), done.
travis_fold:end:git.1$ cd thinkaurelius/titan
travis_fold:start:git.2$ git checkout -qf 02e3f571f772577c309f65cb8e9446f232793dae
travis_fold:end:git.2$ jdk_switcher use oraclejdk7
Switching to Oracle JDK7 (java-7-oracle), JAVA_HOME will be set to /usr/lib/jvm/java-7-oracle
update-alternatives: error: no alternatives for apt.
update-alternatives: error: no alternatives for mozilla-javaplugin.so.
update-alternatives: error: no alternatives for apt.
$ java -version
java version "1.7.0_17"
Java(TM) SE Runtime Environment (build 1.7.0_17-b02)
Java HotSpot(TM) 64-Bit Server VM (build 23.7-b01, mixed mode)
$ javac -version
javac 1.7.0_17
travis_fold:start:install$ mvn install --quiet -DskipTests=true -B
[debug] execute contextualize
[debug] execute contextualize
[debug] execute contextualize
travis_fold:end:install$ mvn test -B
[INFO] Scanning for projects...
[INFO] ------------------------------------------------------------------------
[INFO] Reactor Build Order:
[INFO] 
[INFO] Titan: Distributed Graph Database
[INFO] Titan-Core: Core Library for Titan
[INFO] Titan-Test: Test Suite for Titan
[INFO] Titan-ElasticSearch: Distributed Indexing Support
[INFO] Titan-BerkeleyJE: Distributed Graph Database
[INFO] Titan-Cassandra: Distributed Graph Database
[INFO] Titan-Lucene: Indexing Support
[INFO] Titan-HBase: Distributed Graph Database
[INFO] Titan-All: Complete Titan Distribution
[INFO]                                                                         
[INFO] ------------------------------------------------------------------------
[INFO] Building Titan: Distributed Graph Database 0.4.0-SNAPSHOT
[INFO] ------------------------------------------------------------------------
[INFO] 
[INFO] --- maven-enforcer-plugin:1.0:enforce (enforce-maven) @ titan ---
[INFO]                                                                         
[INFO] ------------------------------------------------------------------------
[INFO] Building Titan-Core: Core Library for Titan 0.4.0-SNAPSHOT
[INFO] ------------------------------------------------------------------------
[INFO] 
[INFO] --- maven-enforcer-plugin:1.0:enforce (enforce-maven) @ titan-core ---
[INFO] 
[INFO] --- maven-resources-plugin:2.3:resources (default-resources) @ titan-core ---
[INFO] Using 'UTF-8' encoding to copy filtered resources.
[INFO] skip non existing resourceDirectory /home/travis/build/thinkaurelius/titan/titan-core/src/main/resources
[INFO] 
[INFO] --- maven-compiler-plugin:2.5.1:compile (default-compile) @ titan-core ---
[INFO] Compiling 1 source file to /home/travis/build/thinkaurelius/titan/titan-core/target/classes
[INFO] 
[INFO] --- maven-resources-plugin:2.3:testResources (default-testResources) @ titan-core ---
[INFO] Using 'UTF-8' encoding to copy filtered resources.
[INFO] skip non existing resourceDirectory /home/travis/build/thinkaurelius/titan/titan-core/src/test/resources
[INFO] 
[INFO] --- maven-compiler-plugin:2.5.1:testCompile (default-testCompile) @ titan-core ---
[INFO] No sources to compile
[INFO] 
[INFO] --- maven-surefire-plugin:2.11:test (default-test) @ titan-core ---
[INFO] No tests to run.
[INFO] Surefire report directory: /home/travis/build/thinkaurelius/titan/titan-core/target/surefire-reports
Downloading: http://maven.mirrors.travis-ci.org/nexus/content/repositories/central/org/apache/maven/surefire/surefire-junit3/2.11/surefire-junit3-2.11.pom
Downloaded: http://maven.mirrors.travis-ci.org/nexus/content/repositories/central/org/apache/maven/surefire/surefire-junit3/2.11/surefire-junit3-2.11.pom (2 KB at 2.7 KB/sec)
Downloading: http://maven.mirrors.travis-ci.org/nexus/content/repositories/central/org/apache/maven/surefire/surefire-providers/2.11/surefire-providers-2.11.pom
Downloaded: http://maven.mirrors.travis-ci.org/nexus/content/repositories/central/org/apache/maven/surefire/surefire-providers/2.11/surefire-providers-2.11.pom (3 KB at 7.4 KB/sec)
Downloading: http://maven.mirrors.travis-ci.org/nexus/content/repositories/central/org/apache/maven/surefire/surefire-junit3/2.11/surefire-junit3-2.11.jar
Downloaded: http://maven.mirrors.travis-ci.org/nexus/content/repositories/central/org/apache/maven/surefire/surefire-junit3/2.11/surefire-junit3-2.11.jar (26 KB at 49.3 KB/sec)

-------------------------------------------------------
 T E S T S
-------------------------------------------------------

Results :

Tests run: 0, Failures: 0, Errors: 0, Skipped: 0

[INFO]                                                                         
[INFO] ------------------------------------------------------------------------
[INFO] Building Titan-Test: Test Suite for Titan 0.4.0-SNAPSHOT
[INFO] ------------------------------------------------------------------------
[INFO] 
[INFO] --- maven-enforcer-plugin:1.0:enforce (enforce-maven) @ titan-test ---
[INFO] 
[INFO] --- maven-resources-plugin:2.3:resources (default-resources) @ titan-test ---
[INFO] Using 'UTF-8' encoding to copy filtered resources.
[INFO] Copying 1 resource
[INFO] 
[INFO] --- maven-compiler-plugin:2.5.1:compile (default-compile) @ titan-test ---
[INFO] Nothing to compile - all classes are up to date
[INFO] 
[INFO] --- maven-resources-plugin:2.3:testResources (default-testResources) @ titan-test ---
[INFO] Using 'UTF-8' encoding to copy filtered resources.
[INFO] Copying 2 resources
[INFO] 
[INFO] --- maven-compiler-plugin:2.5.1:testCompile (default-testCompile) @ titan-test ---
[INFO] Nothing to compile - all classes are up to date
[INFO] 
[INFO] --- maven-surefire-plugin:2.12.1:test (default-test) @ titan-test ---
[INFO] Surefire report directory: /home/travis/build/thinkaurelius/titan/titan-test/target/surefire-reports
Downloading: http://maven.mirrors.travis-ci.org/nexus/content/repositories/central/org/apache/maven/surefire/surefire-junit4/2.12.1/surefire-junit4-2.12.1.pom
Downloaded: http://maven.mirrors.travis-ci.org/nexus/content/repositories/central/org/apache/maven/surefire/surefire-junit4/2.12.1/surefire-junit4-2.12.1.pom (3 KB at 7.7 KB/sec)
Downloading: http://maven.mirrors.travis-ci.org/nexus/content/repositories/central/org/apache/maven/surefire/surefire-providers/2.12.1/surefire-providers-2.12.1.pom
Downloaded: http://maven.mirrors.travis-ci.org/nexus/content/repositories/central/org/apache/maven/surefire/surefire-providers/2.12.1/surefire-providers-2.12.1.pom (3 KB at 7.5 KB/sec)
Downloading: http://maven.mirrors.travis-ci.org/nexus/content/repositories/central/org/apache/maven/surefire/surefire-junit4/2.12.1/surefire-junit4-2.12.1.jar
Downloaded: http://maven.mirrors.travis-ci.org/nexus/content/repositories/central/org/apache/maven/surefire/surefire-junit4/2.12.1/surefire-junit4-2.12.1.jar (34 KB at 68.8 KB/sec)

-------------------------------------------------------
 T E S T S
-------------------------------------------------------
Running com.thinkaurelius.titan.util.LongEncodingTest
Time to de/encode 1000000 longs (in ms): 1116
Tests run: 1, Failures: 0, Errors: 0, Skipped: 0, Time elapsed: 1.217 sec
Running com.thinkaurelius.titan.tinkerpop.rexster.TitanGraphConfigurationTest
Tests run: 1, Failures: 0, Errors: 0, Skipped: 0, Time elapsed: 0.261 sec
Running com.thinkaurelius.titan.diskstorage.inmemory.inMemoryLockKeyColumnValueStoreTest
Tests run: 15, Failures: 0, Errors: 0, Skipped: 0, Time elapsed: 15.019 sec
Running com.thinkaurelius.titan.diskstorage.util.StorageFeaturesTest
Tests run: 1, Failures: 0, Errors: 0, Skipped: 0, Time elapsed: 0.001 sec
Running com.thinkaurelius.titan.graphdb.serializer.SerializerTest
Tests run: 12, Failures: 0, Errors: 0, Skipped: 0, Time elapsed: 4.329 sec
Running com.thinkaurelius.titan.graphdb.attribute.GeoshapeTest
circle[10.0,12.5]:100.0
box[[20.0,22.5],[40.5,60.5]]
Tests run: 3, Failures: 0, Errors: 0, Skipped: 0, Time elapsed: 0.032 sec
Running com.thinkaurelius.titan.diskstorage.locking.LocalLockMediatorTest
Tests run: 1, Failures: 0, Errors: 0, Skipped: 0, Time elapsed: 0.175 sec
Running com.thinkaurelius.titan.tinkerpop.gremlin.ScriptExecutorTest
Tests run: 1, Failures: 0, Errors: 0, Skipped: 0, Time elapsed: 0.004 sec
Running com.thinkaurelius.titan.diskstorage.util.ByteBufferUtilTest
Tests run: 1, Failures: 0, Errors: 0, Skipped: 0, Time elapsed: 0.144 sec
Running com.thinkaurelius.titan.graphdb.idmanagement.VariableLongTest
Writing 10000000 longs in 65567319 bytes. in time: 2396
Writing 1000000 longs in 2983488 bytes. in time: 153
Tests run: 5, Failures: 0, Errors: 0, Skipped: 0, Time elapsed: 3.32 sec
Running com.thinkaurelius.titan.util.datastructures.RandomRemovalListTest
Tests run: 3, Failures: 0, Errors: 0, Skipped: 0, Time elapsed: 0.938 sec
Running com.thinkaurelius.titan.graphdb.serializer.ByteBufferTest
Tests run: 3, Failures: 0, Errors: 0, Skipped: 0, Time elapsed: 0.294 sec
Running com.thinkaurelius.titan.graphdb.idmanagement.IDPoolTest
Tests run: 6, Failures: 0, Errors: 0, Skipped: 0, Time elapsed: 21.337 sec
Running com.thinkaurelius.titan.util.datastructures.ImmutableLongObjectMapTest
Tests run: 3, Failures: 0, Errors: 0, Skipped: 0, Time elapsed: 0.544 sec
Running com.thinkaurelius.titan.graphdb.idmanagement.IDManagementTest
Tests run: 3, Failures: 0, Errors: 0, Skipped: 0, Time elapsed: 1.456 sec
Running com.thinkaurelius.titan.util.datastructures.BitMapTest
Tests run: 1, Failures: 0, Errors: 0, Skipped: 0, Time elapsed: 0.002 sec
Running com.thinkaurelius.titan.graphdb.inmemory.InMemoryGraphTest
Tests run: 20, Failures: 0, Errors: 0, Skipped: 0, Time elapsed: 26.491 sec
Running com.thinkaurelius.titan.graphdb.idmanagement.VertexIDAssignerTest
Partition: false
partitionMax: 2147483647
localPartition: null
Partition: true
partitionMax: 2147483647
localPartition: null
Partition: true
partitionMax: 2147483647
localPartition: [0, 2000]
Partition: true
partitionMax: 2147483647
localPartition: [-100000, -1]
Partition: true
partitionMax: 2147483647
localPartition: [-10000, 10000]
Partition: true
partitionMax: 100
localPartition: null
Partition: true
partitionMax: 100
localPartition: [0, 2000]
Partition: true
partitionMax: 100
localPartition: [-100000, -1]
Partition: true
partitionMax: 100
localPartition: [-10000, 10000]
Tests run: 9, Failures: 0, Errors: 0, Skipped: 0, Time elapsed: 21.577 sec
Running com.thinkaurelius.titan.diskstorage.inmemory.InMemoryKeyColumnValueStoreTest
Loading time (ms): 860
Reading time (ms): 122
Tests run: 18, Failures: 0, Errors: 0, Skipped: 0, Time elapsed: 22.199 sec
Running com.thinkaurelius.titan.graphdb.serializer.KryoTest
Tests run: 5, Failures: 0, Errors: 0, Skipped: 0, Time elapsed: 0.009 sec

Results :

Tests run: 112, Failures: 0, Errors: 0, Skipped: 0

[INFO]                                                                         
[INFO] ------------------------------------------------------------------------
[INFO] Building Titan-ElasticSearch: Distributed Indexing Support 0.4.0-SNAPSHOT
[INFO] ------------------------------------------------------------------------
[INFO] 
[INFO] --- maven-enforcer-plugin:1.0:enforce (enforce-maven) @ titan-es ---
[INFO] 
[INFO] --- maven-resources-plugin:2.3:resources (default-resources) @ titan-es ---
[INFO] Using 'UTF-8' encoding to copy filtered resources.
[INFO] skip non existing resourceDirectory /home/travis/build/thinkaurelius/titan/titan-es/src/main/resources
[INFO] 
[INFO] --- maven-compiler-plugin:2.5.1:compile (default-compile) @ titan-es ---
[INFO] Nothing to compile - all classes are up to date
[INFO] 
[INFO] --- maven-resources-plugin:2.3:testResources (default-testResources) @ titan-es ---
[INFO] Using 'UTF-8' encoding to copy filtered resources.
[INFO] Copying 1 resource
[INFO] 
[INFO] --- maven-compiler-plugin:2.5.1:testCompile (default-testCompile) @ titan-es ---
[INFO] Nothing to compile - all classes are up to date
[INFO] 
[INFO] --- maven-surefire-plugin:2.12.1:test (default-test) @ titan-es ---
[INFO] Surefire report directory: /home/travis/build/thinkaurelius/titan/titan-es/target/surefire-reports

-------------------------------------------------------
 T E S T S
-------------------------------------------------------
Running com.thinkaurelius.titan.diskstorage.es.ElasticSearchIndexTest
79 vs 73.867869045
Query time on 30000 docs (ms): 256
Tests run: 5, Failures: 0, Errors: 0, Skipped: 0, Time elapsed: 27.965 sec

Results :

Tests run: 5, Failures: 0, Errors: 0, Skipped: 0

[INFO]                                                                         
[INFO] ------------------------------------------------------------------------
[INFO] Building Titan-BerkeleyJE: Distributed Graph Database 0.4.0-SNAPSHOT
[INFO] ------------------------------------------------------------------------
[INFO] 
[INFO] --- maven-enforcer-plugin:1.0:enforce (enforce-maven) @ titan-berkeleyje ---
[INFO] 
[INFO] --- maven-resources-plugin:2.3:resources (default-resources) @ titan-berkeleyje ---
[INFO] Using 'UTF-8' encoding to copy filtered resources.
[INFO] Copying 2 resources
[INFO] 
[INFO] --- maven-compiler-plugin:2.5.1:compile (default-compile) @ titan-berkeleyje ---
[INFO] Nothing to compile - all classes are up to date
[INFO] 
[INFO] --- maven-resources-plugin:2.3:testResources (default-testResources) @ titan-berkeleyje ---
[INFO] Using 'UTF-8' encoding to copy filtered resources.
[INFO] Copying 2 resources
[INFO] 
[INFO] --- maven-compiler-plugin:2.5.1:testCompile (default-testCompile) @ titan-berkeleyje ---
[INFO] Nothing to compile - all classes are up to date
[INFO] 
[INFO] --- maven-surefire-plugin:2.12.1:test (default-test) @ titan-berkeleyje ---
[INFO] Surefire report directory: /home/travis/build/thinkaurelius/titan/titan-berkeleyje/target/surefire-reports

-------------------------------------------------------
 T E S T S
-------------------------------------------------------
Running com.thinkaurelius.titan.graphdb.berkeleyje.BerkeleyJEGraphTest
Tests run: 20, Failures: 0, Errors: 0, Skipped: 0, Time elapsed: 16.026 sec
Running com.thinkaurelius.titan.diskstorage.berkeleyje.BerkeleyDBjeKeyColumnValueTest
Loading time (ms): 4373
Reading time (ms): 86
Tests run: 18, Failures: 0, Errors: 0, Skipped: 0, Time elapsed: 14.946 sec
Running com.thinkaurelius.titan.diskstorage.berkeleyje.BerkeleyJEKeyValueTest
Tests run: 7, Failures: 0, Errors: 0, Skipped: 0, Time elapsed: 1.562 sec
Running com.thinkaurelius.titan.diskstorage.berkeleyje.BerkeleyJeHashKeyColumnValueTest
Loading time (ms): 5202
Reading time (ms): 143
Tests run: 18, Failures: 0, Errors: 0, Skipped: 0, Time elapsed: 17.868 sec
Running com.thinkaurelius.titan.blueprints.BerkeleyJEBlueprintsTest
Testing testRemoveVertex...
Opening graph in: /tmp/titan-test/standard
Testing testRemoveVertexWithEdges...
Opening graph in: /tmp/titan-test/standard
Testing testGetNonExistantVertices...
Opening graph in: /tmp/titan-test/standard
Testing testRemoveVertexNullId...
Opening graph in: /tmp/titan-test/standard
	titangraph[berkeleyje:/tmp/titan-test/standard]: 100 vertices added in 6.2253270000219345ms
	titangraph[berkeleyje:/tmp/titan-test/standard]: 100 vertices removed in 4.5617090000305325ms
Testing testVertexIterator...
Opening graph in: /tmp/titan-test/standard
	titangraph[berkeleyje:/tmp/titan-test/standard]: 1000 vertices added in 51.907698999973945ms
	titangraph[berkeleyje:/tmp/titan-test/standard]: 1000 vertices counted in 4.462951000081375ms
Testing testLegalVertexEdgeIterables...
Opening graph in: /tmp/titan-test/standard
Testing testVertexEquality...
Opening graph in: /tmp/titan-test/standard
	titangraph[berkeleyje:/tmp/titan-test/standard]: 1 vertex added and retrieved in 2.581294000032358ms
Testing testAddVertexProperties...
Opening graph in: /tmp/titan-test/standard
Testing testAddManyVertexProperties...
Opening graph in: /tmp/titan-test/standard
	titangraph[berkeleyje:/tmp/titan-test/standard]: 750 vertex properties added (with vertices being added too) in 1001.9126270000124ms
Testing testRemoveVertexProperties...
Opening graph in: /tmp/titan-test/standard
Testing testAddingIdProperty...
Opening graph in: /tmp/titan-test/standard
Testing testNoConcurrentModificationException...
Opening graph in: /tmp/titan-test/standard
Testing testGettingEdgesAndVertices...
Opening graph in: /tmp/titan-test/standard
Testing testEmptyKeyProperty...
Opening graph in: /tmp/titan-test/standard
Testing testVertexCentricLinking...
Opening graph in: /tmp/titan-test/standard
Testing testGetVertexWithNull...
Opening graph in: /tmp/titan-test/standard
Testing testVertexEqualityForSuppliedIdsAndHashCode...
Opening graph in: /tmp/titan-test/standard
Testing testVertexCentricRemoving...
Opening graph in: /tmp/titan-test/standard
Testing testConcurrentModificationOnProperties...
Opening graph in: /tmp/titan-test/standard
Testing testSettingBadVertexProperties...
Opening graph in: /tmp/titan-test/standard
Testing testBasicAddVertex...
Opening graph in: /tmp/titan-test/standard
*** TOTAL TIME [VertexTestSuite]: 5658.705749000073 ***
Testing testSimpleRemovingVerticesEdges...
Opening graph in: /tmp/titan-test/standard
Testing testRemovingEdges...
Opening graph in: /tmp/titan-test/standard
	titangraph[berkeleyje:/tmp/titan-test/standard]: 100 vertices added in 36.42200799996499ms
	titangraph[berkeleyje:/tmp/titan-test/standard]: 200 edges added in 181.12596699991263ms
	titangraph[berkeleyje:/tmp/titan-test/standard]: 200 edges deleted (with size check on each delete) in 257.1902049999917ms
Testing testRemovingVertices...
Opening graph in: /tmp/titan-test/standard
	titangraph[berkeleyje:/tmp/titan-test/standard]: 500 vertices added in 28.056767000001855ms
	titangraph[berkeleyje:/tmp/titan-test/standard]: 250 edges added in 182.3733250000514ms
	titangraph[berkeleyje:/tmp/titan-test/standard]: 500 vertices deleted (with size check on each delete) in 254.79171300004236ms
Testing testConnectivityPatterns...
Opening graph in: /tmp/titan-test/standard
Testing testVertexEdgeLabels...
Opening graph in: /tmp/titan-test/standard
Testing testVertexEdgeLabels2...
Opening graph in: /tmp/titan-test/standard
Testing testTreeConnectivity...
Opening graph in: /tmp/titan-test/standard
	titangraph[berkeleyje:/tmp/titan-test/standard]: 1464 vertices added in a tree structure in 337.2578780000331ms
	titangraph[berkeleyje:/tmp/titan-test/standard]: 1464 vertices iterated in 0.95674500009045ms
	titangraph[berkeleyje:/tmp/titan-test/standard]: 1463 edges iterated in 11.106360999983735ms
Testing testConcurrentModification...
Opening graph in: /tmp/titan-test/standard
Testing testGraphDataPersists...
Opening graph in: /tmp/titan-test/standard
Opening graph in: /tmp/titan-test/standard
	titangraph[berkeleyje:/tmp/titan-test/standard]: 1 graph loaded in 19.513503000023775ms
Testing testAutotypingOfProperties...
Opening graph in: /tmp/titan-test/standard
Testing testStringRepresentationOfVertexId...
Opening graph in: /tmp/titan-test/standard
Testing testSemanticallyCorrectIterables...
Opening graph in: /tmp/titan-test/standard
Testing testGettingVerticesAndEdgesWithKeyValue...
Opening graph in: /tmp/titan-test/standard
Testing testFeatureCompliance...
Opening graph in: /tmp/titan-test/standard
supportsDuplicateEdges: true
supportsSelfLoops: true
supportsSerializableObjectProperty: true
supportsBooleanProperty: true
supportsDoubleProperty: true
supportsFloatProperty: true
supportsIntegerProperty: true
supportsPrimitiveArrayProperty: true
supportsUniformListProperty: true
supportsMixedListProperty: true
supportsLongProperty: true
supportsMapProperty: true
supportsStringProperty: true
ignoresSuppliedIds: true
isPersistent: true
isRDFModel: false
isWrapper: false
supportsIndices: false
supportsVertexIndex: false
supportsEdgeIndex: false
supportsKeyIndices: true
supportsVertexKeyIndex: true
supportsEdgeKeyIndex: true
supportsEdgeIteration: true
supportsVertexIteration: true
supportsEdgeRetrieval: true
supportsVertexProperties: true
supportsEdgeProperties: true
supportsTransactions: true
supportsThreadedTransactions: true
Testing testEmptyOnConstruction...
Opening graph in: /tmp/titan-test/standard
Testing testAddingVerticesAndEdges...
Opening graph in: /tmp/titan-test/standard
Testing testSettingProperties...
Opening graph in: /tmp/titan-test/standard
*** TOTAL TIME [GraphTestSuite]: 7042.020352999913 ***
Testing testGraphQueryForVertices...
Opening graph in: /tmp/titan-test/standard
Opening graph in: /tmp/titan-test/standard
Testing testGraphQueryForEdges...
Opening graph in: /tmp/titan-test/standard
Opening graph in: /tmp/titan-test/standard
Testing testVertexQuery...
Opening graph in: /tmp/titan-test/standard
*** TOTAL TIME [QueryTestSuite]: 1810.5446349999402 ***
Testing testGettingVerticesAndEdgesWithKeyValue...
Opening graph in: /tmp/titan-test/standard
Testing testNoConcurrentModificationException...
Opening graph in: /tmp/titan-test/standard
Testing testKeyIndicesConsistentWithElementRemoval...
Opening graph in: /tmp/titan-test/standard
Testing testAutoIndexKeyManagementWithPersistence...
Opening graph in: /tmp/titan-test/standard
	titangraph[berkeleyje:/tmp/titan-test/standard]: 2 automatic index keys added in 3.688503000070341ms
	titangraph[berkeleyje:/tmp/titan-test/standard]: 2 automatic index keys added in 1.3547219999600202ms
Opening graph in: /tmp/titan-test/standard
*** TOTAL TIME [KeyIndexableGraphTestSuite]: 1158.849106999929 ***
Testing testCompetingThreads...
Opening graph in: /tmp/titan-test/standard
Opening graph in: /tmp/titan-test/standard
Encountered error in testCompetingThreads
java.lang.reflect.InvocationTargetException
	at sun.reflect.NativeMethodAccessorImpl.invoke0(Native Method)
	at sun.reflect.NativeMethodAccessorImpl.invoke(NativeMethodAccessorImpl.java:57)
	at sun.reflect.DelegatingMethodAccessorImpl.invoke(DelegatingMethodAccessorImpl.java:43)
	at java.lang.reflect.Method.invoke(Method.java:601)
	at com.thinkaurelius.titan.blueprints.TitanBlueprintsTest.doTestSuite(TitanBlueprintsTest.java:117)
	at com.thinkaurelius.titan.blueprints.TitanBlueprintsTest.testTransactionalGraphTestSuite(TitanBlueprintsTest.java:63)
	at sun.reflect.NativeMethodAccessorImpl.invoke0(Native Method)
	at sun.reflect.NativeMethodAccessorImpl.invoke(NativeMethodAccessorImpl.java:57)
	at sun.reflect.DelegatingMethodAccessorImpl.invoke(DelegatingMethodAccessorImpl.java:43)
	at java.lang.reflect.Method.invoke(Method.java:601)
	at junit.framework.TestCase.runTest(TestCase.java:168)
	at junit.framework.TestCase.runBare(TestCase.java:134)
	at junit.framework.TestResult$1.protect(TestResult.java:110)
	at junit.framework.TestResult.runProtected(TestResult.java:128)
	at junit.framework.TestResult.run(TestResult.java:113)
	at junit.framework.TestCase.run(TestCase.java:124)
	at junit.framework.TestSuite.runTest(TestSuite.java:232)
	at junit.framework.TestSuite.run(TestSuite.java:227)
	at org.junit.internal.runners.JUnit38ClassRunner.run(JUnit38ClassRunner.java:83)
	at org.apache.maven.surefire.junit4.JUnit4Provider.execute(JUnit4Provider.java:249)
	at org.apache.maven.surefire.junit4.JUnit4Provider.executeTestSet(JUnit4Provider.java:142)
	at org.apache.maven.surefire.junit4.JUnit4Provider.invoke(JUnit4Provider.java:113)
	at sun.reflect.NativeMethodAccessorImpl.invoke0(Native Method)
	at sun.reflect.NativeMethodAccessorImpl.invoke(NativeMethodAccessorImpl.java:57)
	at sun.reflect.DelegatingMethodAccessorImpl.invoke(DelegatingMethodAccessorImpl.java:43)
	at java.lang.reflect.Method.invoke(Method.java:601)
	at org.apache.maven.surefire.util.ReflectionUtils.invokeMethodWithArray(ReflectionUtils.java:189)
	at org.apache.maven.surefire.booter.ProviderFactory$ProviderProxy.invoke(ProviderFactory.java:165)
	at org.apache.maven.surefire.booter.ProviderFactory.invokeProvider(ProviderFactory.java:85)
	at org.apache.maven.surefire.booter.ForkedBooter.runSuitesInProcess(ForkedBooter.java:104)
	at org.apache.maven.surefire.booter.ForkedBooter.main(ForkedBooter.java:75)
Caused by: java.lang.IllegalStateException: There is 1 existing transaction opened against the Environment.
Aborting open transactions ...
aborting <Transaction id="269">
	at com.sleepycat.je.Environment.close(Environment.java:384)
	at com.thinkaurelius.titan.diskstorage.berkeleyje.BerkeleyJEStoreManager.close(BerkeleyJEStoreManager.java:152)
	at com.thinkaurelius.titan.diskstorage.keycolumnvalue.keyvalue.OrderedKeyValueStoreManagerAdapter.close(OrderedKeyValueStoreManagerAdapter.java:52)
	at com.thinkaurelius.titan.diskstorage.Backend.close(Backend.java:346)
	at com.thinkaurelius.titan.graphdb.database.StandardTitanGraph.shutdown(StandardTitanGraph.java:92)
	at com.tinkerpop.blueprints.TransactionalGraphTestSuite.testCompetingThreads(TransactionalGraphTestSuite.java:491)
	at com.thinkaurelius.titan.blueprints.TransactionalTitanGraphTestSuite.testCompetingThreads(TransactionalTitanGraphTestSuite.java:33)
	... 31 more
Testing testVertexReattachment...
Opening graph in: /tmp/titan-test/standard
*** TOTAL TIME [TitanSpecificBlueprintsTestSuite]: 106.76077100005932 ***
Testing testTinkerGraphEdges...
Opening graph in: /tmp/titan-test/standard
	titangraph[berkeleyje:/tmp/titan-test/standard]: graph-example-1 loaded in 58.89171900006477ms
Testing testTinkerGraphVertices...
Opening graph in: /tmp/titan-test/standard
	titangraph[berkeleyje:/tmp/titan-test/standard]: graph-example-1 loaded in 28.33815800002776ms
Testing testTinkerGraphSoftwareVertices...
Opening graph in: /tmp/titan-test/standard
	titangraph[berkeleyje:/tmp/titan-test/standard]: graph-example-1 loaded in 20.523988000000827ms
Testing testTinkerGraphVertexAndEdges...
Opening graph in: /tmp/titan-test/standard
	titangraph[berkeleyje:/tmp/titan-test/standard]: graph-example-1 loaded in 18.059336000005715ms
Testing testReadingTinkerGraphExample3...
Opening graph in: /tmp/titan-test/standard
Testing testReadingTinkerGraphExample3MappingLabels...
Opening graph in: /tmp/titan-test/standard
	titangraph[berkeleyje:/tmp/titan-test/standard]: graph-example-3 loaded in 25.011092000058852ms
Testing testReadingTinkerGraphExample3MappingIDs...
Opening graph in: /tmp/titan-test/standard
	titangraph[berkeleyje:/tmp/titan-test/standard]: graph-example-3 loaded in 28.765360999968834ms
Testing testReadingTinkerGraphExample3MappingAll...
Opening graph in: /tmp/titan-test/standard
	titangraph[berkeleyje:/tmp/titan-test/standard]: graph-example-3 loaded in 25.909508000011556ms
Testing testMigratingTinkerGraphExample3...
Opening graph in: /tmp/titan-test/standard
Testing testAllGraphMLTypeCastsAndDataMappings...
Opening graph in: /tmp/titan-test/standard
Testing testReadingTinkerGraph...
Opening graph in: /tmp/titan-test/standard
*** TOTAL TIME [GraphMLReaderTestSuite]: 1412.5876459999708 ***
Testing testTinkerGraphEdges...
Opening graph in: /tmp/titan-test/standard
	titangraph[berkeleyje:/tmp/titan-test/standard]: graph-example-1 loaded in 335.4040200000163ms
Testing testTinkerGraphVertices...
Opening graph in: /tmp/titan-test/standard
	titangraph[berkeleyje:/tmp/titan-test/standard]: graph-example-1 loaded in 13.877246999996714ms
Testing testTinkerGraphSoftwareVertices...
Opening graph in: /tmp/titan-test/standard
	titangraph[berkeleyje:/tmp/titan-test/standard]: graph-example-1 loaded in 13.488030000007711ms
Testing testTinkerGraphVertexAndEdges...
Opening graph in: /tmp/titan-test/standard
	titangraph[berkeleyje:/tmp/titan-test/standard]: graph-example-1 loaded in 13.732726000016555ms
Testing testReadingTinkerGraph...
Opening graph in: /tmp/titan-test/standard
*** TOTAL TIME [GraphSONReaderTestSuite]: 846.9437720000278 ***
Testing testTinkerGraphEdges...
Opening graph in: /tmp/titan-test/standard
	titangraph[berkeleyje:/tmp/titan-test/standard]: graph-example-1 loaded in 16.284490000107326ms
Testing testTinkerGraphVertices...
Opening graph in: /tmp/titan-test/standard
	titangraph[berkeleyje:/tmp/titan-test/standard]: graph-example-1 loaded in 14.649671999970451ms
Testing testTinkerGraphSoftwareVertices...
Opening graph in: /tmp/titan-test/standard
	titangraph[berkeleyje:/tmp/titan-test/standard]: graph-example-1 loaded in 15.72868900001049ms
Testing testTinkerGraphVertexAndEdges...
Opening graph in: /tmp/titan-test/standard
	titangraph[berkeleyje:/tmp/titan-test/standard]: graph-example-1 loaded in 15.290778999915347ms
Testing testReadingTinkerGraphExample3...
Opening graph in: /tmp/titan-test/standard
Testing testReadingTinkerGraphExample3MappingLabels...
Opening graph in: /tmp/titan-test/standard
	titangraph[berkeleyje:/tmp/titan-test/standard]: graph-example-3 loaded in 19.913773000007495ms
Testing testReadingTinkerGraphExample3MappingIDs...
Opening graph in: /tmp/titan-test/standard
	titangraph[berkeleyje:/tmp/titan-test/standard]: graph-example-3 loaded in 18.77054399996996ms
Testing testReadingTinkerGraphExample3MappingAll...
Opening graph in: /tmp/titan-test/standard
	titangraph[berkeleyje:/tmp/titan-test/standard]: graph-example-3 loaded in 15.303646999993362ms
Testing testMigratingTinkerGraphExample3...
Opening graph in: /tmp/titan-test/standard
Testing testReadingTinkerGraph...
Opening graph in: /tmp/titan-test/standard
*** TOTAL TIME [GMLReaderTestSuite]: 1169.0686679999344 ***
Testing testGetEdges...
Opening graph in: /tmp/titan-test/standard
	titangraph[berkeleyje:/tmp/titan-test/standard]: 3 edges retrieved in 0.41902899998240173ms
Testing testGetNonExistantEdges...
Opening graph in: /tmp/titan-test/standard
Testing testRemoveManyEdges...
Opening graph in: /tmp/titan-test/standard
	titangraph[berkeleyje:/tmp/titan-test/standard]: 20 vertices counted in 0.27188500005286187ms
	titangraph[berkeleyje:/tmp/titan-test/standard]: 10 edges counted in 0.2315320000052452ms
	titangraph[berkeleyje:/tmp/titan-test/standard]: 10 edges removed and graph checked in 5.0297540000174195ms
Testing testEdgeEquality...
Opening graph in: /tmp/titan-test/standard
Testing testAddEdges...
Opening graph in: /tmp/titan-test/standard
	titangraph[berkeleyje:/tmp/titan-test/standard]: 6 elements added and checked in 5.751471999916248ms
Testing testAddManyEdges...
Opening graph in: /tmp/titan-test/standard
	titangraph[berkeleyje:/tmp/titan-test/standard]: 300 elements added in 47.65760100004263ms
	titangraph[berkeleyje:/tmp/titan-test/standard]: 100 edges counted in 0.9270239999750629ms
	titangraph[berkeleyje:/tmp/titan-test/standard]: 200 vertices counted in 0.4892519999993965ms
	titangraph[berkeleyje:/tmp/titan-test/standard]: 200 vertices checked in 4.078961000079289ms
Testing testAddingDuplicateEdges...
Opening graph in: /tmp/titan-test/standard
Testing testRemoveEdgesByRemovingVertex...
Opening graph in: /tmp/titan-test/standard
Testing testRemoveEdges...
Opening graph in: /tmp/titan-test/standard
Testing testAddingSelfLoops...
Opening graph in: /tmp/titan-test/standard
Testing testRemoveSelfLoops...
Opening graph in: /tmp/titan-test/standard
Testing testEdgeIterator...
Opening graph in: /tmp/titan-test/standard
Testing testAddingRemovingEdgeProperties...
Opening graph in: /tmp/titan-test/standard
Testing testAddingLabelAndIdProperty...
Opening graph in: /tmp/titan-test/standard
Testing testEdgeCentricRemoving...
Opening graph in: /tmp/titan-test/standard
Testing testNoConcurrentModificationException...
Opening graph in: /tmp/titan-test/standard
Testing testEmptyKeyProperty...
Opening graph in: /tmp/titan-test/standard
Testing testSettingBadVertexProperties...
Opening graph in: /tmp/titan-test/standard
*** TOTAL TIME [EdgeTestSuite]: 3518.1218399999198 ***
Tests run: 10, Failures: 0, Errors: 1, Skipped: 0, Time elapsed: 23.685 sec <<< FAILURE!
Running com.thinkaurelius.titan.diskstorage.berkeleyje.BerkeleyDBjeKeyColumnValueVariableTest
Loading time (ms): 3957
Reading time (ms): 138
Tests run: 18, Failures: 0, Errors: 0, Skipped: 0, Time elapsed: 15.881 sec
Running com.thinkaurelius.titan.tinkerpop.rexster.RexsterServerClientBerkeleyJeTest
May 16, 2013 9:54:05 PM org.glassfish.grizzly.servlet.WebappContext deploy
INFO: Starting application [jersey] ...
May 16, 2013 9:54:05 PM com.sun.jersey.server.impl.application.WebApplicationImpl _initiate
INFO: Initiating Jersey application, version 'Jersey: 1.17 01/17/2013 03:31 PM'
May 16, 2013 9:54:07 PM org.glassfish.grizzly.servlet.WebappContext initServlets
INFO: [jersey] Servlet [com.sun.jersey.spi.container.servlet.ServletContainer] registered for url pattern(s) [[/*]].
May 16, 2013 9:54:07 PM org.glassfish.grizzly.servlet.WebappContext deploy
INFO: Application [jersey] is ready to service requests.  Root: [].
May 16, 2013 9:54:07 PM org.glassfish.grizzly.http.server.NetworkListener start
INFO: Started listener bound to [0.0.0.0:8182]
May 16, 2013 9:54:07 PM org.glassfish.grizzly.http.server.HttpServer start
INFO: [HttpServer] Started.
May 16, 2013 9:54:08 PM org.glassfish.grizzly.http.server.NetworkListener stop
INFO: Stopped listener bound to [0.0.0.0:8182]
Tests run: 1, Failures: 0, Errors: 0, Skipped: 0, Time elapsed: 6.741 sec
Running com.thinkaurelius.titan.graphdb.berkeleyje.ElasticSearchBerkeleyDBTest
Tests run: 3, Failures: 0, Errors: 0, Skipped: 0, Time elapsed: 14.504 sec

Results :

Tests in error: 
  testTransactionalGraphTestSuite(com.thinkaurelius.titan.blueprints.BerkeleyJEBlueprintsTest): java.lang.reflect.InvocationTargetException

Tests run: 95, Failures: 0, Errors: 1, Skipped: 0

[INFO] ------------------------------------------------------------------------
[INFO] Reactor Summary:
[INFO] 
[INFO] Titan: Distributed Graph Database ................. SUCCESS [1.264s]
[INFO] Titan-Core: Core Library for Titan ................ SUCCESS [4.818s]
[INFO] Titan-Test: Test Suite for Titan .................. SUCCESS [2:01.565s]
[INFO] Titan-ElasticSearch: Distributed Indexing Support . SUCCESS [28.844s]
[INFO] Titan-BerkeleyJE: Distributed Graph Database ...... FAILURE [1:52.000s]
[INFO] Titan-Cassandra: Distributed Graph Database ....... SKIPPED
[INFO] Titan-Lucene: Indexing Support .................... SKIPPED
[INFO] Titan-HBase: Distributed Graph Database ........... SKIPPED
[INFO] Titan-All: Complete Titan Distribution ............ SKIPPED
[INFO] ------------------------------------------------------------------------
[INFO] BUILD FAILURE
[INFO] ------------------------------------------------------------------------
[INFO] Total time: 4:29.126s
[INFO] Finished at: Thu May 16 21:54:23 UTC 2013
[INFO] Final Memory: 20M/188M
[INFO] ------------------------------------------------------------------------
[ERROR] Failed to execute goal org.apache.maven.plugins:maven-surefire-plugin:2.12.1:test (default-test) on project titan-berkeleyje: There are test failures.
[ERROR] 
[ERROR] Please refer to /home/travis/build/thinkaurelius/titan/titan-berkeleyje/target/surefire-reports for the individual test results.
[ERROR] -> [Help 1]
[ERROR] 
[ERROR] To see the full stack trace of the errors, re-run Maven with the -e switch.
[ERROR] Re-run Maven using the -X switch to enable full debug logging.
[ERROR] 
[ERROR] For more information about the errors and possible solutions, please read the following articles:
[ERROR] [Help 1] http://cwiki.apache.org/confluence/display/MAVEN/MojoFailureException
[ERROR] 
[ERROR] After correcting the problems, you can resume the build with the command
[ERROR]   mvn <goals> -rf :titan-berkeleyje

The command "mvn test -B" exited with 1.

Done. Your build exited with 1.
