Using worker: worker-linux-docker-4d1549a4.prod.travis-ci.org:travis-linux-2

travis_fold:start:system_info[0K[33;1mBuild system information[0m
Build language: java
[34m[1mBuild image provisioning date and time[0m
Thu Feb  5 15:09:33 UTC 2015
[34m[1mOperating System Details[0m
Distributor ID:	Ubuntu
Description:	Ubuntu 12.04.5 LTS
Release:	12.04
Codename:	precise
[34m[1mLinux Version[0m
3.13.0-29-generic
[34m[1mCookbooks Version[0m
a68419e https://github.com/travis-ci/travis-cookbooks/tree/a68419e
[34m[1mGCC version[0m
gcc (Ubuntu/Linaro 4.6.3-1ubuntu5) 4.6.3
Copyright (C) 2011 Free Software Foundation, Inc.
This is free software; see the source for copying conditions.  There is NO
warranty; not even for MERCHANTABILITY or FITNESS FOR A PARTICULAR PURPOSE.

[34m[1mLLVM version[0m
clang version 3.4 (tags/RELEASE_34/final)
Target: x86_64-unknown-linux-gnu
Thread model: posix
[34m[1mPre-installed Ruby versions[0m
ruby-1.9.3-p551
[34m[1mPre-installed Node.js versions[0m
v0.10.36
[34m[1mPre-installed Go versions[0m
1.4.1
[34m[1mRedis version[0m
redis-server 2.8.19
[34m[1mriak version[0m
2.0.2
[34m[1mMongoDB version[0m
MongoDB 2.4.12
[34m[1mCouchDB version[0m
couchdb 1.6.1
[34m[1mNeo4j version[0m
1.9.4
[34m[1mRabbitMQ Version[0m
3.4.3
[34m[1mElasticSearch version[0m
1.4.0
[34m[1mInstalled Sphinx versions[0m
2.0.10
2.1.9
2.2.6
[34m[1mDefault Sphinx version[0m
2.2.6
[34m[1mInstalled Firefox version[0m
firefox 31.0esr
[34m[1mPhantomJS version[0m
1.9.8
[34m[1mant -version[0m
Apache Ant(TM) version 1.8.2 compiled on December 3 2011
[34m[1mmvn -version[0m
Apache Maven 3.2.5 (12a6b3acb947671f09b81f49094c53f426d8cea1; 2014-12-14T17:29:23+00:00)
Maven home: /usr/local/maven
Java version: 1.7.0_76, vendor: Oracle Corporation
Java home: /usr/lib/jvm/java-7-oracle/jre
Default locale: en_US, platform encoding: ANSI_X3.4-1968
OS name: "linux", version: "3.13.0-29-generic", arch: "amd64", family: "unix"
travis_fold:end:system_info[0K
travis_fold:start:git.checkout[0Ktravis_time:start:1508ab6a[0K$ git clone --depth=50 https://github.com/ReactiveX/RxJava.git ReactiveX/RxJava
Cloning into 'ReactiveX/RxJava'...
remote: Counting objects: 4244, done.[K
remote: Compressing objects:   0% (1/1867)   [Kremote: Compressing objects:   1% (19/1867)   [Kremote: Compressing objects:   2% (38/1867)   [Kremote: Compressing objects:   3% (57/1867)   [Kremote: Compressing objects:   4% (75/1867)   [Kremote: Compressing objects:   5% (94/1867)   [Kremote: Compressing objects:   6% (113/1867)   [Kremote: Compressing objects:   7% (131/1867)   [Kremote: Compressing objects:   8% (150/1867)   [Kremote: Compressing objects:   9% (169/1867)   [Kremote: Compressing objects:  10% (187/1867)   [Kremote: Compressing objects:  11% (206/1867)   [Kremote: Compressing objects:  12% (225/1867)   [Kremote: Compressing objects:  13% (243/1867)   [Kremote: Compressing objects:  14% (262/1867)   [Kremote: Compressing objects:  15% (281/1867)   [Kremote: Compressing objects:  16% (299/1867)   [Kremote: Compressing objects:  17% (318/1867)   [Kremote: Compressing objects:  18% (337/1867)   [Kremote: Compressing objects:  19% (355/1867)   [Kremote: Compressing objects:  20% (374/1867)   [Kremote: Compressing objects:  21% (393/1867)   [Kremote: Compressing objects:  22% (411/1867)   [Kremote: Compressing objects:  23% (430/1867)   [Kremote: Compressing objects:  24% (449/1867)   [Kremote: Compressing objects:  25% (467/1867)   [Kremote: Compressing objects:  26% (486/1867)   [Kremote: Compressing objects:  27% (505/1867)   [Kremote: Compressing objects:  28% (523/1867)   [Kremote: Compressing objects:  29% (542/1867)   [Kremote: Compressing objects:  30% (561/1867)   [Kremote: Compressing objects:  31% (579/1867)   [Kremote: Compressing objects:  32% (598/1867)   [Kremote: Compressing objects:  33% (617/1867)   [Kremote: Compressing objects:  34% (635/1867)   [Kremote: Compressing objects:  35% (654/1867)   [Kremote: Compressing objects:  36% (673/1867)   [Kremote: Compressing objects:  37% (691/1867)   [Kremote: Compressing objects:  38% (710/1867)   [Kremote: Compressing objects:  39% (729/1867)   [Kremote: Compressing objects:  40% (747/1867)   [Kremote: Compressing objects:  41% (766/1867)   [Kremote: Compressing objects:  42% (785/1867)   [Kremote: Compressing objects:  43% (803/1867)   [Kremote: Compressing objects:  44% (822/1867)   [Kremote: Compressing objects:  45% (841/1867)   [Kremote: Compressing objects:  46% (859/1867)   [Kremote: Compressing objects:  47% (878/1867)   [Kremote: Compressing objects:  48% (897/1867)   [Kremote: Compressing objects:  49% (915/1867)   [Kremote: Compressing objects:  50% (934/1867)   [Kremote: Compressing objects:  51% (953/1867)   [Kremote: Compressing objects:  52% (971/1867)   [Kremote: Compressing objects:  53% (990/1867)   [Kremote: Compressing objects:  54% (1009/1867)   [Kremote: Compressing objects:  55% (1027/1867)   [Kremote: Compressing objects:  56% (1046/1867)   [Kremote: Compressing objects:  57% (1065/1867)   [Kremote: Compressing objects:  58% (1083/1867)   [Kremote: Compressing objects:  59% (1102/1867)   [Kremote: Compressing objects:  60% (1121/1867)   [Kremote: Compressing objects:  61% (1139/1867)   [Kremote: Compressing objects:  62% (1158/1867)   [Kremote: Compressing objects:  63% (1177/1867)   [Kremote: Compressing objects:  64% (1195/1867)   [Kremote: Compressing objects:  65% (1214/1867)   [Kremote: Compressing objects:  66% (1233/1867)   [Kremote: Compressing objects:  67% (1251/1867)   [Kremote: Compressing objects:  68% (1270/1867)   [Kremote: Compressing objects:  69% (1289/1867)   [Kremote: Compressing objects:  70% (1307/1867)   [Kremote: Compressing objects:  71% (1326/1867)   [Kremote: Compressing objects:  72% (1345/1867)   [Kremote: Compressing objects:  73% (1363/1867)   [Kremote: Compressing objects:  74% (1382/1867)   [Kremote: Compressing objects:  75% (1401/1867)   [Kremote: Compressing objects:  76% (1419/1867)   [Kremote: Compressing objects:  77% (1438/1867)   [Kremote: Compressing objects:  78% (1457/1867)   [Kremote: Compressing objects:  79% (1475/1867)   [Kremote: Compressing objects:  80% (1494/1867)   [Kremote: Compressing objects:  81% (1513/1867)   [Kremote: Compressing objects:  82% (1531/1867)   [Kremote: Compressing objects:  83% (1550/1867)   [Kremote: Compressing objects:  84% (1569/1867)   [Kremote: Compressing objects:  85% (1587/1867)   [Kremote: Compressing objects:  86% (1606/1867)   [Kremote: Compressing objects:  87% (1625/1867)   [Kremote: Compressing objects:  88% (1643/1867)   [Kremote: Compressing objects:  89% (1662/1867)   [Kremote: Compressing objects:  90% (1681/1867)   [Kremote: Compressing objects:  91% (1699/1867)   [Kremote: Compressing objects:  92% (1718/1867)   [Kremote: Compressing objects:  93% (1737/1867)   [Kremote: Compressing objects:  94% (1755/1867)   [Kremote: Compressing objects:  95% (1774/1867)   [Kremote: Compressing objects:  96% (1793/1867)   [Kremote: Compressing objects:  97% (1811/1867)   [Kremote: Compressing objects:  98% (1830/1867)   [Kremote: Compressing objects:  99% (1849/1867)   [Kremote: Compressing objects: 100% (1867/1867)   [Kremote: Compressing objects: 100% (1867/1867), done.[K
Receiving objects:   0% (1/4244)   Receiving objects:   1% (43/4244)   Receiving objects:   2% (85/4244)   Receiving objects:   3% (128/4244)   Receiving objects:   4% (170/4244)   Receiving objects:   5% (213/4244)   Receiving objects:   6% (255/4244)   Receiving objects:   7% (298/4244)   Receiving objects:   8% (340/4244)   Receiving objects:   9% (382/4244)   Receiving objects:  10% (425/4244)   Receiving objects:  11% (467/4244)   Receiving objects:  12% (510/4244)   Receiving objects:  13% (552/4244)   Receiving objects:  14% (595/4244)   Receiving objects:  15% (637/4244)   Receiving objects:  16% (680/4244)   Receiving objects:  17% (722/4244)   Receiving objects:  18% (764/4244)   Receiving objects:  19% (807/4244)   Receiving objects:  20% (849/4244)   Receiving objects:  21% (892/4244)   Receiving objects:  22% (934/4244)   Receiving objects:  23% (977/4244)   Receiving objects:  24% (1019/4244)   Receiving objects:  25% (1061/4244)   Receiving objects:  26% (1104/4244)   Receiving objects:  27% (1146/4244)   Receiving objects:  28% (1189/4244)   Receiving objects:  29% (1231/4244)   Receiving objects:  30% (1274/4244)   Receiving objects:  31% (1316/4244)   Receiving objects:  32% (1359/4244)   Receiving objects:  33% (1401/4244)   Receiving objects:  34% (1443/4244)   Receiving objects:  35% (1486/4244)   Receiving objects:  36% (1528/4244)   Receiving objects:  37% (1571/4244)   Receiving objects:  38% (1613/4244)   Receiving objects:  39% (1656/4244)   Receiving objects:  40% (1698/4244)   Receiving objects:  41% (1741/4244)   Receiving objects:  42% (1783/4244)   Receiving objects:  43% (1825/4244)   Receiving objects:  44% (1868/4244)   Receiving objects:  45% (1910/4244)   Receiving objects:  46% (1953/4244)   Receiving objects:  47% (1995/4244)   Receiving objects:  48% (2038/4244)   Receiving objects:  49% (2080/4244)   Receiving objects:  50% (2122/4244)   Receiving objects:  51% (2165/4244)   Receiving objects:  52% (2207/4244)   Receiving objects:  53% (2250/4244)   Receiving objects:  54% (2292/4244)   Receiving objects:  55% (2335/4244)   Receiving objects:  56% (2377/4244)   Receiving objects:  57% (2420/4244)   Receiving objects:  58% (2462/4244)   Receiving objects:  59% (2504/4244)   Receiving objects:  60% (2547/4244)   Receiving objects:  61% (2589/4244)   Receiving objects:  62% (2632/4244)   Receiving objects:  63% (2674/4244)   Receiving objects:  64% (2717/4244)   Receiving objects:  65% (2759/4244)   Receiving objects:  66% (2802/4244)   Receiving objects:  67% (2844/4244)   Receiving objects:  68% (2886/4244)   Receiving objects:  69% (2929/4244)   Receiving objects:  70% (2971/4244)   Receiving objects:  71% (3014/4244)   Receiving objects:  72% (3056/4244)   Receiving objects:  73% (3099/4244)   Receiving objects:  74% (3141/4244)   Receiving objects:  75% (3183/4244)   Receiving objects:  76% (3226/4244)   Receiving objects:  77% (3268/4244)   Receiving objects:  78% (3311/4244)   Receiving objects:  79% (3353/4244)   Receiving objects:  80% (3396/4244)   Receiving objects:  81% (3438/4244)   Receiving objects:  82% (3481/4244)   Receiving objects:  83% (3523/4244)   Receiving objects:  84% (3565/4244)   Receiving objects:  85% (3608/4244)   Receiving objects:  86% (3650/4244)   Receiving objects:  87% (3693/4244)   Receiving objects:  88% (3735/4244)   Receiving objects:  89% (3778/4244)   Receiving objects:  90% (3820/4244)   Receiving objects:  91% (3863/4244)   Receiving objects:  92% (3905/4244)   Receiving objects:  93% (3947/4244)   Receiving objects:  94% (3990/4244)   Receiving objects:  95% (4032/4244)   Receiving objects:  96% (4075/4244)   Receiving objects:  97% (4117/4244)   Receiving objects:  98% (4160/4244)   Receiving objects:  99% (4202/4244)   remote: Total 4244 (delta 1982), reused 3508 (delta 1423), pack-reused 0[K
Receiving objects: 100% (4244/4244)   Receiving objects: 100% (4244/4244), 1.30 MiB | 0 bytes/s, done.
Resolving deltas:   0% (0/1982)   Resolving deltas:  16% (331/1982)   Resolving deltas:  25% (510/1982)   Resolving deltas:  26% (520/1982)   Resolving deltas:  36% (721/1982)   Resolving deltas:  37% (739/1982)   Resolving deltas:  38% (758/1982)   Resolving deltas:  39% (773/1982)   Resolving deltas:  45% (903/1982)   Resolving deltas:  46% (912/1982)   Resolving deltas:  48% (963/1982)   Resolving deltas:  49% (972/1982)   Resolving deltas:  51% (1022/1982)   Resolving deltas:  52% (1034/1982)   Resolving deltas:  53% (1069/1982)   Resolving deltas:  54% (1085/1982)   Resolving deltas:  55% (1091/1982)   Resolving deltas:  60% (1190/1982)   Resolving deltas:  61% (1218/1982)   Resolving deltas:  62% (1229/1982)   Resolving deltas:  63% (1249/1982)   Resolving deltas:  64% (1270/1982)   Resolving deltas:  65% (1289/1982)   Resolving deltas:  66% (1316/1982)   Resolving deltas:  67% (1328/1982)   Resolving deltas:  68% (1351/1982)   Resolving deltas:  69% (1373/1982)   Resolving deltas:  70% (1390/1982)   Resolving deltas:  71% (1410/1982)   Resolving deltas:  72% (1441/1982)   Resolving deltas:  73% (1447/1982)   Resolving deltas:  74% (1467/1982)   Resolving deltas:  75% (1488/1982)   Resolving deltas:  76% (1507/1982)   Resolving deltas:  77% (1530/1982)   Resolving deltas:  78% (1546/1982)   Resolving deltas:  79% (1567/1982)   Resolving deltas:  80% (1586/1982)   Resolving deltas:  81% (1609/1982)   Resolving deltas:  82% (1630/1982)   Resolving deltas:  83% (1648/1982)   Resolving deltas:  84% (1665/1982)   Resolving deltas:  85% (1685/1982)   Resolving deltas:  87% (1729/1982)   Resolving deltas:  88% (1759/1982)   Resolving deltas:  89% (1765/1982)   Resolving deltas:  90% (1801/1982)   Resolving deltas:  91% (1812/1982)   Resolving deltas:  92% (1825/1982)   Resolving deltas:  93% (1849/1982)   Resolving deltas:  94% (1870/1982)   Resolving deltas:  95% (1883/1982)   Resolving deltas:  96% (1903/1982)   Resolving deltas:  97% (1925/1982)   Resolving deltas: 100% (1982/1982)   Resolving deltas: 100% (1982/1982), done.
Checking connectivity... done.
travis_time:end:1508ab6a:start=1444417014382297290,finish=1444417015657522673,duration=1275225383[0K$ cd ReactiveX/RxJava
travis_time:start:0223a5a0[0K$ git fetch origin +refs/pull/3429/merge:
remote: Counting objects: 9, done.[K
remote: Compressing objects:  14% (1/7)   [Kremote: Compressing objects:  28% (2/7)   [Kremote: Compressing objects:  42% (3/7)   [Kremote: Compressing objects:  57% (4/7)   [Kremote: Compressing objects:  71% (5/7)   [Kremote: Compressing objects:  85% (6/7)   [Kremote: Compressing objects: 100% (7/7)   [Kremote: Compressing objects: 100% (7/7), done.[K
remote: Total 9 (delta 5), reused 3 (delta 0), pack-reused 0[K
Unpacking objects:  11% (1/9)   Unpacking objects:  22% (2/9)   Unpacking objects:  33% (3/9)   Unpacking objects:  44% (4/9)   Unpacking objects:  55% (5/9)   Unpacking objects:  66% (6/9)   Unpacking objects:  77% (7/9)   Unpacking objects:  88% (8/9)   Unpacking objects: 100% (9/9)   Unpacking objects: 100% (9/9), done.
From https://github.com/ReactiveX/RxJava
 * branch            refs/pull/3429/merge -> FETCH_HEAD
travis_time:end:0223a5a0:start=1444417015662688108,finish=1444417016084745266,duration=422057158[0K$ git checkout -qf FETCH_HEAD
travis_fold:end:git.checkout[0K
[33;1mThis job is running on container-based infrastructure, which does not allow use of 'sudo', setuid and setguid executables.[0m
[33;1mIf you require sudo, add 'sudo: required' to your .travis.yml[0m
[33;1mSee http://docs.travis-ci.com/user/workers/container-based-infrastructure/ for details.[0m
travis_fold:start:cache.1[0KSetting up build cache
$ export CASHER_DIR=$HOME/.casher
travis_time:start:006b2740[0K$ Installing caching utilities
travis_time:end:006b2740:start=1444417021135590025,finish=1444417021185541740,duration=49951715[0Ktravis_time:start:1df15519[0Kattempting to download cache archive
fetching PR.3429/cache--jdk-oraclejdk7.tgz
fetching PR.3429/cache--jdk-oraclejdk7.tbz
fetching 1.x/cache--jdk-oraclejdk7.tgz
found cache
travis_time:end:1df15519:start=1444417021190172988,finish=1444417024263964662,duration=3073791674[0Ktravis_time:start:1095c7da[0Kadding /home/travis/.m2 to cache
adding /home/travis/.gradle to cache
travis_time:end:1095c7da:start=1444417024269519874,finish=1444417027047523130,duration=2778003256[0Ktravis_fold:end:cache.1[0K$ jdk_switcher use oraclejdk7
Switching to Oracle JDK7 (java-7-oracle), JAVA_HOME will be set to /usr/lib/jvm/java-7-oracle
$ export TERM=dumb
$ java -Xmx32m -version
java version "1.7.0_76"
Java(TM) SE Runtime Environment (build 1.7.0_76-b13)
Java HotSpot(TM) 64-Bit Server VM (build 24.76-b04, mixed mode)
$ javac -J-Xmx32m -version
javac 1.7.0_76
travis_fold:start:install[0Ktravis_time:start:0f0f3a2d[0K$ ./gradlew assemble
Inferred version: 1.0.15-SNAPSHOT
[buildinfo] Properties file path was not found! (Relevant only for builds running on a CI Server)
:compileJavawarning: [options] bootstrap class path not set in conjunction with -source 1.6
/home/travis/build/ReactiveX/RxJava/src/main/java/rx/internal/util/unsafe/UnsafeAccess.java:20: warning: Unsafe is internal proprietary API and may be removed in a future release
import sun.misc.Unsafe;
               ^
/home/travis/build/ReactiveX/RxJava/src/main/java/rx/internal/util/unsafe/UnsafeAccess.java:31: warning: Unsafe is internal proprietary API and may be removed in a future release
    public static final Unsafe UNSAFE;
                        ^
/home/travis/build/ReactiveX/RxJava/src/main/java/rx/internal/util/unsafe/UnsafeAccess.java:33: warning: Unsafe is internal proprietary API and may be removed in a future release
        Unsafe u = null;
        ^
/home/travis/build/ReactiveX/RxJava/src/main/java/rx/internal/util/unsafe/UnsafeAccess.java:41: warning: Unsafe is internal proprietary API and may be removed in a future release
            Field field = Unsafe.class.getDeclaredField("theUnsafe");
                          ^
/home/travis/build/ReactiveX/RxJava/src/main/java/rx/internal/util/unsafe/UnsafeAccess.java:43: warning: Unsafe is internal proprietary API and may be removed in a future release
            u = (Unsafe) field.get(null);
                 ^
Note: Some input files use or override a deprecated API.
Note: Recompile with -Xlint:deprecation for details.
6 warnings

:processResources UP-TO-DATE
:classes
:writeManifestProperties
:jar
:javadoc/home/travis/build/ReactiveX/RxJava/src/main/java/rx/Observable.java:4583: warning - @return tag has no arguments.
/home/travis/build/ReactiveX/RxJava/src/main/java/rx/Observable.java:4609: warning - @return tag has no arguments.
/home/travis/build/ReactiveX/RxJava/src/main/java/rx/Observable.java:4639: warning - @return tag has no arguments.
/home/travis/build/ReactiveX/RxJava/src/main/java/rx/Observable.java:4670: warning - @return tag has no arguments.
/home/travis/build/ReactiveX/RxJava/src/main/java/rx/Observable.java:4703: warning - @return tag has no arguments.
/home/travis/build/ReactiveX/RxJava/src/main/java/rx/Observable.java:4737: warning - @return tag has no arguments.
/home/travis/build/ReactiveX/RxJava/src/main/java/rx/Observable.java:4773: warning - @return tag has no arguments.
/home/travis/build/ReactiveX/RxJava/src/main/java/rx/Observable.java:4810: warning - @return tag has no arguments.
/home/travis/build/ReactiveX/RxJava/src/main/java/rx/Observable.java:4840: warning - @return tag has no arguments.
/home/travis/build/ReactiveX/RxJava/src/main/java/rx/Observable.java:4865: warning - @return tag has no arguments.
/home/travis/build/ReactiveX/RxJava/src/main/java/rx/Observable.java:4889: warning - @return tag has no arguments.
/home/travis/build/ReactiveX/RxJava/src/main/java/rx/Observable.java:4914: warning - @return tag has no arguments.
/home/travis/build/ReactiveX/RxJava/src/main/java/rx/Observable.java:4937: warning - @return tag has no arguments.
/home/travis/build/ReactiveX/RxJava/src/main/java/rx/Observable.java:4961: warning - @return tag has no arguments.
/home/travis/build/ReactiveX/RxJava/src/main/java/rx/exceptions/Exceptions.java:26: warning - @warn is an unknown tag.
/home/travis/build/ReactiveX/RxJava/src/main/java/rx/exceptions/Exceptions.java:200: warning - @param argument "value" is not a parameter name.
/home/travis/build/ReactiveX/RxJava/src/main/java/rx/observables/AbstractOnSubscribe.java:154: warning - @Experimental is an unknown tag.
/home/travis/build/ReactiveX/RxJava/src/main/java/rx/observables/AbstractOnSubscribe.java:396: warning - @Experimental is an unknown tag.
/home/travis/build/ReactiveX/RxJava/src/main/java/rx/observables/AbstractOnSubscribe.java:584: warning - @warn is an unknown tag.
/home/travis/build/ReactiveX/RxJava/src/main/java/rx/observables/AsyncOnSubscribe.java:48: warning - Tag @link: can't find next(Object, Long, Subscriber) in rx.observables.AsyncOnSubscribe
/home/travis/build/ReactiveX/RxJava/src/main/java/rx/observables/AsyncOnSubscribe.java:58: warning - Tag @link: can't find call(Subscriber) in rx.Observable.OnSubscribe
/home/travis/build/ReactiveX/RxJava/src/main/java/rx/observables/SyncOnSubscribe.java:49: warning - Tag @link: can't find next(Object, Subscriber) in rx.observables.SyncOnSubscribe
/home/travis/build/ReactiveX/RxJava/src/main/java/rx/observables/SyncOnSubscribe.java:70: warning - Tag @link: can't find call(Subscriber) in rx.Observable.OnSubscribe
/home/travis/build/ReactiveX/RxJava/src/main/java/rx/observables/SyncOnSubscribe.java:120: warning - Tag @link: can't find next(Object, Subscriber) in rx.observables.SyncOnSubscribe
/home/travis/build/ReactiveX/RxJava/src/main/java/rx/observables/SyncOnSubscribe.java:149: warning - Tag @link: can't find next(Object, Subscriber) in rx.observables.SyncOnSubscribe
/home/travis/build/ReactiveX/RxJava/src/main/java/rx/observables/SyncOnSubscribe.java:177: warning - Tag @link: can't find next(Object, Subscriber) in rx.observables.SyncOnSubscribe
/home/travis/build/ReactiveX/RxJava/src/main/java/rx/observables/SyncOnSubscribe.java:196: warning - Tag @link: can't find next(Object, Subscriber) in rx.observables.SyncOnSubscribe
/home/travis/build/ReactiveX/RxJava/src/main/java/rx/observables/SyncOnSubscribe.java:215: warning - Tag @link: can't find next(Object, Subscriber) in rx.observables.SyncOnSubscribe
/home/travis/build/ReactiveX/RxJava/src/main/java/rx/observables/SyncOnSubscribe.java:242: warning - Tag @link: can't find next(Object, Subscriber) in rx.observables.SyncOnSubscribe
/home/travis/build/ReactiveX/RxJava/src/main/java/rx/Notification.java:69: warning - @warn is an unknown tag.
/home/travis/build/ReactiveX/RxJava/src/main/java/rx/Observable.java:2799: warning - @warn is an unknown tag.
/home/travis/build/ReactiveX/RxJava/src/main/java/rx/Observable.java:2799: warning - @Experimental is an unknown tag.
/home/travis/build/ReactiveX/RxJava/src/main/java/rx/Observable.java:4937: warning - @param argument "<T>" is not a type parameter name.
/home/travis/build/ReactiveX/RxJava/src/main/java/rx/Observable.java:4961: warning - @param argument "<T>" is not a type parameter name.
/home/travis/build/ReactiveX/RxJava/src/main/java/rx/Observable.java:5928: warning - @Experimental is an unknown tag.
/home/travis/build/ReactiveX/RxJava/src/main/java/rx/Observable.java:5982: warning - @Experimental is an unknown tag.
/home/travis/build/ReactiveX/RxJava/src/main/java/rx/Observable.java:6014: warning - @Experimental is an unknown tag.
/home/travis/build/ReactiveX/RxJava/src/main/java/rx/Observable.java:6038: warning - @Experimental is an unknown tag.
/home/travis/build/ReactiveX/RxJava/src/main/java/rx/Observable.java:8718: warning - @warn is an unknown tag.
/home/travis/build/ReactiveX/RxJava/src/main/java/rx/Observable.java:9584: warning - @warn is an unknown tag.
/home/travis/build/ReactiveX/RxJava/src/main/java/rx/Observable.java:9584: warning - @warn is an unknown tag.
/home/travis/build/ReactiveX/RxJava/src/main/java/rx/Observable.java:9584: warning - @Experimental is an unknown tag.
/home/travis/build/ReactiveX/RxJava/src/main/java/rx/Observable.java:211: warning - @warn is an unknown tag.
/home/travis/build/ReactiveX/RxJava/src/main/java/rx/Producer.java:21: warning - @warn is an unknown tag.
/home/travis/build/ReactiveX/RxJava/src/main/java/rx/Single.java:240: warning - @warn is an unknown tag.

45 warnings
:javadocJar
:compilePerfJavawarning: [options] bootstrap class path not set in conjunction with -source 1.6
Note: Some input files use unchecked or unsafe operations.
Note: Recompile with -Xlint:unchecked for details.
1 warning

:processPerfResources UP-TO-DATE
:perfClasses
:shadowJar
:sourceJar
:assemble

BUILD SUCCESSFUL

Total time: 54.506 secs
travis_time:end:0f0f3a2d:start=1444417027484950504,finish=1444417082410787657,duration=54925837153[0Ktravis_fold:end:install[0Ktravis_time:start:16526608[0K$ gradle/buildViaTravis.sh
Build Pull Request #3429 => Branch [1.x]
[buildinfo] Properties file path was not found! (Relevant only for builds running on a CI Server)
:compileJava UP-TO-DATE
:processResources UP-TO-DATE
:classes UP-TO-DATE
:writeManifestProperties
:jar
:javadoc/home/travis/build/ReactiveX/RxJava/src/main/java/rx/Observable.java:4583: warning - @return tag has no arguments.
/home/travis/build/ReactiveX/RxJava/src/main/java/rx/Observable.java:4609: warning - @return tag has no arguments.
/home/travis/build/ReactiveX/RxJava/src/main/java/rx/Observable.java:4639: warning - @return tag has no arguments.
/home/travis/build/ReactiveX/RxJava/src/main/java/rx/Observable.java:4670: warning - @return tag has no arguments.
/home/travis/build/ReactiveX/RxJava/src/main/java/rx/Observable.java:4703: warning - @return tag has no arguments.
/home/travis/build/ReactiveX/RxJava/src/main/java/rx/Observable.java:4737: warning - @return tag has no arguments.
/home/travis/build/ReactiveX/RxJava/src/main/java/rx/Observable.java:4773: warning - @return tag has no arguments.
/home/travis/build/ReactiveX/RxJava/src/main/java/rx/Observable.java:4810: warning - @return tag has no arguments.
/home/travis/build/ReactiveX/RxJava/src/main/java/rx/Observable.java:4840: warning - @return tag has no arguments.
/home/travis/build/ReactiveX/RxJava/src/main/java/rx/Observable.java:4865: warning - @return tag has no arguments.
/home/travis/build/ReactiveX/RxJava/src/main/java/rx/Observable.java:4889: warning - @return tag has no arguments.
/home/travis/build/ReactiveX/RxJava/src/main/java/rx/Observable.java:4914: warning - @return tag has no arguments.
/home/travis/build/ReactiveX/RxJava/src/main/java/rx/Observable.java:4937: warning - @return tag has no arguments.
/home/travis/build/ReactiveX/RxJava/src/main/java/rx/Observable.java:4961: warning - @return tag has no arguments.
/home/travis/build/ReactiveX/RxJava/src/main/java/rx/exceptions/Exceptions.java:26: warning - @warn is an unknown tag.
/home/travis/build/ReactiveX/RxJava/src/main/java/rx/exceptions/Exceptions.java:200: warning - @param argument "value" is not a parameter name.
/home/travis/build/ReactiveX/RxJava/src/main/java/rx/observables/AbstractOnSubscribe.java:154: warning - @Experimental is an unknown tag.
/home/travis/build/ReactiveX/RxJava/src/main/java/rx/observables/AbstractOnSubscribe.java:396: warning - @Experimental is an unknown tag.
/home/travis/build/ReactiveX/RxJava/src/main/java/rx/observables/AbstractOnSubscribe.java:584: warning - @warn is an unknown tag.
/home/travis/build/ReactiveX/RxJava/src/main/java/rx/observables/AsyncOnSubscribe.java:48: warning - Tag @link: can't find next(Object, Long, Subscriber) in rx.observables.AsyncOnSubscribe
/home/travis/build/ReactiveX/RxJava/src/main/java/rx/observables/AsyncOnSubscribe.java:58: warning - Tag @link: can't find call(Subscriber) in rx.Observable.OnSubscribe
/home/travis/build/ReactiveX/RxJava/src/main/java/rx/observables/SyncOnSubscribe.java:49: warning - Tag @link: can't find next(Object, Subscriber) in rx.observables.SyncOnSubscribe
/home/travis/build/ReactiveX/RxJava/src/main/java/rx/observables/SyncOnSubscribe.java:70: warning - Tag @link: can't find call(Subscriber) in rx.Observable.OnSubscribe
/home/travis/build/ReactiveX/RxJava/src/main/java/rx/observables/SyncOnSubscribe.java:120: warning - Tag @link: can't find next(Object, Subscriber) in rx.observables.SyncOnSubscribe
/home/travis/build/ReactiveX/RxJava/src/main/java/rx/observables/SyncOnSubscribe.java:149: warning - Tag @link: can't find next(Object, Subscriber) in rx.observables.SyncOnSubscribe
/home/travis/build/ReactiveX/RxJava/src/main/java/rx/observables/SyncOnSubscribe.java:177: warning - Tag @link: can't find next(Object, Subscriber) in rx.observables.SyncOnSubscribe
/home/travis/build/ReactiveX/RxJava/src/main/java/rx/observables/SyncOnSubscribe.java:196: warning - Tag @link: can't find next(Object, Subscriber) in rx.observables.SyncOnSubscribe
/home/travis/build/ReactiveX/RxJava/src/main/java/rx/observables/SyncOnSubscribe.java:215: warning - Tag @link: can't find next(Object, Subscriber) in rx.observables.SyncOnSubscribe
/home/travis/build/ReactiveX/RxJava/src/main/java/rx/observables/SyncOnSubscribe.java:242: warning - Tag @link: can't find next(Object, Subscriber) in rx.observables.SyncOnSubscribe
/home/travis/build/ReactiveX/RxJava/src/main/java/rx/Notification.java:69: warning - @warn is an unknown tag.
/home/travis/build/ReactiveX/RxJava/src/main/java/rx/Observable.java:2799: warning - @warn is an unknown tag.
/home/travis/build/ReactiveX/RxJava/src/main/java/rx/Observable.java:2799: warning - @Experimental is an unknown tag.
/home/travis/build/ReactiveX/RxJava/src/main/java/rx/Observable.java:4937: warning - @param argument "<T>" is not a type parameter name.
/home/travis/build/ReactiveX/RxJava/src/main/java/rx/Observable.java:4961: warning - @param argument "<T>" is not a type parameter name.
/home/travis/build/ReactiveX/RxJava/src/main/java/rx/Observable.java:5928: warning - @Experimental is an unknown tag.
/home/travis/build/ReactiveX/RxJava/src/main/java/rx/Observable.java:5982: warning - @Experimental is an unknown tag.
/home/travis/build/ReactiveX/RxJava/src/main/java/rx/Observable.java:6014: warning - @Experimental is an unknown tag.
/home/travis/build/ReactiveX/RxJava/src/main/java/rx/Observable.java:6038: warning - @Experimental is an unknown tag.
/home/travis/build/ReactiveX/RxJava/src/main/java/rx/Observable.java:8718: warning - @warn is an unknown tag.
/home/travis/build/ReactiveX/RxJava/src/main/java/rx/Observable.java:9584: warning - @warn is an unknown tag.
/home/travis/build/ReactiveX/RxJava/src/main/java/rx/Observable.java:9584: warning - @warn is an unknown tag.
/home/travis/build/ReactiveX/RxJava/src/main/java/rx/Observable.java:9584: warning - @Experimental is an unknown tag.
/home/travis/build/ReactiveX/RxJava/src/main/java/rx/Observable.java:211: warning - @warn is an unknown tag.
/home/travis/build/ReactiveX/RxJava/src/main/java/rx/Producer.java:21: warning - @warn is an unknown tag.
/home/travis/build/ReactiveX/RxJava/src/main/java/rx/Single.java:240: warning - @warn is an unknown tag.

45 warnings
:javadocJar
:compilePerfJava UP-TO-DATE
:processPerfResources UP-TO-DATE
:perfClasses UP-TO-DATE
:shadowJar
:sourceJar
:assemble
:writeLicenseHeader
:licenseExamples UP-TO-DATE
:licenseMain
Missing header in: src/main/java/rx/internal/operators/OnSubscribeFromCallable.java
Missing header in: src/main/java/rx/internal/operators/OperatorTakeLastOne.java
Missing header in: src/main/java/rx/internal/schedulers/SchedulerLifecycle.java
Missing header in: src/main/java/rx/annotations/Beta.java
Unknown file extension: src/main/java/rx/internal/operators/README.md
Missing header in: src/main/java/rx/internal/util/unsafe/SpscLinkedQueue.java
Missing header in: src/main/java/rx/internal/util/unsafe/SpscArrayQueue.java
Missing header in: src/main/java/rx/internal/util/unsafe/Pow2.java
Missing header in: src/main/java/rx/internal/util/unsafe/SpmcArrayQueue.java
Unknown file extension: src/main/java/rx/internal/util/unsafe/README.md
Missing header in: src/main/java/rx/internal/util/unsafe/MpscLinkedQueue.java
Missing header in: src/main/java/rx/internal/util/unsafe/MpmcArrayQueue.java
Missing header in: src/main/java/rx/internal/util/unsafe/MessagePassingQueue.java
Missing header in: src/main/java/rx/internal/util/unsafe/ConcurrentSequencedCircularArrayQueue.java
Missing header in: src/main/java/rx/internal/util/unsafe/ConcurrentCircularArrayQueue.java
Missing header in: src/main/java/rx/internal/util/unsafe/BaseLinkedQueue.java
Missing header in: src/main/java/rx/internal/util/atomic/SpscLinkedAtomicQueue.java
Missing header in: src/main/java/rx/internal/util/atomic/MpscLinkedAtomicQueue.java
Missing header in: src/main/java/rx/internal/util/atomic/LinkedQueueNode.java
Missing header in: src/main/java/rx/internal/util/atomic/BaseLinkedAtomicQueue.java
Unknown file extension: src/main/java/rx/internal/util/README.md
Missing header in: src/main/java/rx/annotations/Experimental.java
:licensePerf
Unknown file extension: src/perf/java/rx/README.md
Missing header in: src/perf/java/rx/jmh/README.txt
Missing header in: src/perf/java/rx/operators/OperatorTakeLastOnePerf.java
:licenseTest
Missing header in: src/test/java/rx/ObservableConversionTest.java
Missing header in: src/test/java/rx/schedulers/SchedulerTests.java
Missing header in: src/test/java/rx/NotificationTest.java
Missing header in: src/test/java/rx/observables/AsyncOnSubscribeTest.java
Missing header in: src/test/java/rx/internal/util/JCToolsQueueTests.java
Missing header in: src/test/java/rx/internal/schedulers/NewThreadWorkerTest.java
Missing header in: src/test/java/rx/internal/operators/OperatorTakeLastOneTest.java
Missing header in: src/test/java/rx/internal/operators/OperatorIgnoreElementsTest.java
Missing header in: src/test/java/rx/internal/operators/OperatorDoOnRequestTest.java
Missing header in: src/test/java/rx/internal/operators/OnSubscribeFromCallableTest.java
Missing header in: src/test/java/rx/internal/util/SynchronizedQueueTest.java
Missing header in: src/test/java/rx/schedulers/SchedulerLifecycleTest.java
:license
:compileTestJavawarning: [options] bootstrap class path not set in conjunction with -source 1.6
/home/travis/build/ReactiveX/RxJava/src/test/java/rx/observables/BlockingObservableTest.java:637: error: cannot find symbol
        Observable.just(1).observeOn(Schedulers.computation()).toBlocking().run();
                                                                           ^
  symbol:   method run()
  location: class BlockingObservable<Integer>
/home/travis/build/ReactiveX/RxJava/src/test/java/rx/observables/BlockingObservableTest.java:642: error: cannot find symbol
        Observable.error(new TestException()).observeOn(Schedulers.computation()).toBlocking().run();
                                                                                              ^
  symbol:   method run()
  location: class BlockingObservable<Object>
/home/travis/build/ReactiveX/RxJava/src/test/java/rx/observables/BlockingObservableTest.java:648: error: cannot find symbol
            Observable.error(new IOException()).observeOn(Schedulers.computation()).toBlocking().run();
                                                                                                ^
  symbol:   method run()
  location: class BlockingObservable<Object>
Note: Some input files use or override a deprecated API.
Note: Recompile with -Xlint:deprecation for details.
Note: Some input files use unchecked or unsafe operations.
Note: Recompile with -Xlint:unchecked for details.
3 errors
1 warning
 FAILED

FAILURE: Build failed with an exception.

* What went wrong:
Execution failed for task ':compileTestJava'.
> Compilation failed; see the compiler error output for details.

* Try:
Run with --stacktrace option to get the stack trace. Run with --info or --debug option to get more log output.

BUILD FAILED

Total time: 43.634 secs
travis_time:end:16526608:start=1444417082416363009,finish=1444417126467074506,duration=44050711497[0K
[31;1mThe command "gradle/buildViaTravis.sh" exited with 1.[0m
travis_fold:start:cache.2[0Kstore build cache
travis_time:start:0ad173da[0Kchange detected:
/home/travis/.gradle/caches/modules-2/modules-2.lock
/home/travis/.gradle/caches/modules-2/modules-2.lock

changes detected, packing new archive
.
uploading archive
travis_time:end:0ad173da:start=1444417126473382340,finish=1444417137578754731,duration=11105372391[0Ktravis_fold:end:cache.2[0K
Done. Your build exited with 1.
