Using worker: worker-linux-docker-a3ce954a.prod.travis-ci.org:travis-linux-8

travis_fold:start:system_info[0K[33;1mBuild system information[0m
Build language: java
[34m[1mBuild image provisioning date and time[0m
Thu Feb  5 15:09:33 UTC 2015
[34m[1mOperating System Details[0m
Distributor ID:	Ubuntu
Description:	Ubuntu 12.04.5 LTS
Release:	12.04
Codename:	precise
[34m[1mLinux Version[0m
3.13.0-29-generic
[34m[1mCookbooks Version[0m
a68419e https://github.com/travis-ci/travis-cookbooks/tree/a68419e
[34m[1mGCC version[0m
gcc (Ubuntu/Linaro 4.6.3-1ubuntu5) 4.6.3
Copyright (C) 2011 Free Software Foundation, Inc.
This is free software; see the source for copying conditions.  There is NO
warranty; not even for MERCHANTABILITY or FITNESS FOR A PARTICULAR PURPOSE.

[34m[1mLLVM version[0m
clang version 3.4 (tags/RELEASE_34/final)
Target: x86_64-unknown-linux-gnu
Thread model: posix
[34m[1mPre-installed Ruby versions[0m
ruby-1.9.3-p551
[34m[1mPre-installed Node.js versions[0m
v0.10.36
[34m[1mPre-installed Go versions[0m
1.4.1
[34m[1mRedis version[0m
redis-server 2.8.19
[34m[1mriak version[0m
2.0.2
[34m[1mMongoDB version[0m
MongoDB 2.4.12
[34m[1mCouchDB version[0m
couchdb 1.6.1
[34m[1mNeo4j version[0m
1.9.4
[34m[1mRabbitMQ Version[0m
3.4.3
[34m[1mElasticSearch version[0m
1.4.0
[34m[1mInstalled Sphinx versions[0m
2.0.10
2.1.9
2.2.6
[34m[1mDefault Sphinx version[0m
2.2.6
[34m[1mInstalled Firefox version[0m
firefox 31.0esr
[34m[1mPhantomJS version[0m
1.9.8
[34m[1mant -version[0m
Apache Ant(TM) version 1.8.2 compiled on December 3 2011
[34m[1mmvn -version[0m
Apache Maven 3.2.5 (12a6b3acb947671f09b81f49094c53f426d8cea1; 2014-12-14T17:29:23+00:00)
Maven home: /usr/local/maven
Java version: 1.7.0_76, vendor: Oracle Corporation
Java home: /usr/lib/jvm/java-7-oracle/jre
Default locale: en_US, platform encoding: ANSI_X3.4-1968
OS name: "linux", version: "3.13.0-29-generic", arch: "amd64", family: "unix"
travis_fold:end:system_info[0K
travis_fold:start:git.checkout[0Ktravis_time:start:11564590[0K$ git clone --depth=50 https://github.com/ReactiveX/RxJava.git ReactiveX/RxJava
Cloning into 'ReactiveX/RxJava'...
remote: Counting objects: 4159, done.[K
remote: Compressing objects:   0% (1/1781)   [Kremote: Compressing objects:   1% (18/1781)   [Kremote: Compressing objects:   2% (36/1781)   [Kremote: Compressing objects:   3% (54/1781)   [Kremote: Compressing objects:   4% (72/1781)   [Kremote: Compressing objects:   5% (90/1781)   [Kremote: Compressing objects:   6% (107/1781)   [Kremote: Compressing objects:   7% (125/1781)   [Kremote: Compressing objects:   8% (143/1781)   [Kremote: Compressing objects:   9% (161/1781)   [Kremote: Compressing objects:  10% (179/1781)   [Kremote: Compressing objects:  11% (196/1781)   [Kremote: Compressing objects:  12% (214/1781)   [Kremote: Compressing objects:  13% (232/1781)   [Kremote: Compressing objects:  14% (250/1781)   [Kremote: Compressing objects:  15% (268/1781)   [Kremote: Compressing objects:  16% (285/1781)   [Kremote: Compressing objects:  17% (303/1781)   [Kremote: Compressing objects:  18% (321/1781)   [Kremote: Compressing objects:  19% (339/1781)   [Kremote: Compressing objects:  20% (357/1781)   [Kremote: Compressing objects:  21% (375/1781)   [Kremote: Compressing objects:  22% (392/1781)   [Kremote: Compressing objects:  23% (410/1781)   [Kremote: Compressing objects:  24% (428/1781)   [Kremote: Compressing objects:  25% (446/1781)   [Kremote: Compressing objects:  26% (464/1781)   [Kremote: Compressing objects:  27% (481/1781)   [Kremote: Compressing objects:  28% (499/1781)   [Kremote: Compressing objects:  29% (517/1781)   [Kremote: Compressing objects:  30% (535/1781)   [Kremote: Compressing objects:  31% (553/1781)   [Kremote: Compressing objects:  32% (570/1781)   [Kremote: Compressing objects:  33% (588/1781)   [Kremote: Compressing objects:  34% (606/1781)   [Kremote: Compressing objects:  35% (624/1781)   [Kremote: Compressing objects:  36% (642/1781)   [Kremote: Compressing objects:  37% (659/1781)   [Kremote: Compressing objects:  38% (677/1781)   [Kremote: Compressing objects:  39% (695/1781)   [Kremote: Compressing objects:  40% (713/1781)   [Kremote: Compressing objects:  41% (731/1781)   [Kremote: Compressing objects:  42% (749/1781)   [Kremote: Compressing objects:  43% (766/1781)   [Kremote: Compressing objects:  44% (784/1781)   [Kremote: Compressing objects:  45% (802/1781)   [Kremote: Compressing objects:  46% (820/1781)   [Kremote: Compressing objects:  47% (838/1781)   [Kremote: Compressing objects:  48% (855/1781)   [Kremote: Compressing objects:  49% (873/1781)   [Kremote: Compressing objects:  50% (891/1781)   [Kremote: Compressing objects:  51% (909/1781)   [Kremote: Compressing objects:  52% (927/1781)   [Kremote: Compressing objects:  53% (944/1781)   [Kremote: Compressing objects:  54% (962/1781)   [Kremote: Compressing objects:  55% (980/1781)   [Kremote: Compressing objects:  56% (998/1781)   [Kremote: Compressing objects:  57% (1016/1781)   [Kremote: Compressing objects:  58% (1033/1781)   [Kremote: Compressing objects:  59% (1051/1781)   [Kremote: Compressing objects:  60% (1069/1781)   [Kremote: Compressing objects:  61% (1087/1781)   [Kremote: Compressing objects:  62% (1105/1781)   [Kremote: Compressing objects:  63% (1123/1781)   [Kremote: Compressing objects:  64% (1140/1781)   [Kremote: Compressing objects:  65% (1158/1781)   [Kremote: Compressing objects:  66% (1176/1781)   [Kremote: Compressing objects:  67% (1194/1781)   [Kremote: Compressing objects:  68% (1212/1781)   [Kremote: Compressing objects:  69% (1229/1781)   [Kremote: Compressing objects:  70% (1247/1781)   [Kremote: Compressing objects:  71% (1265/1781)   [Kremote: Compressing objects:  72% (1283/1781)   [Kremote: Compressing objects:  73% (1301/1781)   [Kremote: Compressing objects:  74% (1318/1781)   [Kremote: Compressing objects:  75% (1336/1781)   [Kremote: Compressing objects:  76% (1354/1781)   [Kremote: Compressing objects:  77% (1372/1781)   [Kremote: Compressing objects:  78% (1390/1781)   [Kremote: Compressing objects:  79% (1407/1781)   [Kremote: Compressing objects:  80% (1425/1781)   [Kremote: Compressing objects:  81% (1443/1781)   [Kremote: Compressing objects:  82% (1461/1781)   [Kremote: Compressing objects:  83% (1479/1781)   [Kremote: Compressing objects:  84% (1497/1781)   [Kremote: Compressing objects:  85% (1514/1781)   [Kremote: Compressing objects:  86% (1532/1781)   [Kremote: Compressing objects:  87% (1550/1781)   [Kremote: Compressing objects:  88% (1568/1781)   [Kremote: Compressing objects:  89% (1586/1781)   [Kremote: Compressing objects:  90% (1603/1781)   [Kremote: Compressing objects:  91% (1621/1781)   [Kremote: Compressing objects:  92% (1639/1781)   [Kremote: Compressing objects:  93% (1657/1781)   [Kremote: Compressing objects:  94% (1675/1781)   [Kremote: Compressing objects:  95% (1692/1781)   [Kremote: Compressing objects:  96% (1710/1781)   [Kremote: Compressing objects:  97% (1728/1781)   [Kremote: Compressing objects:  98% (1746/1781)   [Kremote: Compressing objects:  99% (1764/1781)   [Kremote: Compressing objects: 100% (1781/1781)   [Kremote: Compressing objects: 100% (1781/1781), done.[K
Receiving objects:   0% (1/4159)   Receiving objects:   1% (42/4159)   Receiving objects:   2% (84/4159)   Receiving objects:   3% (125/4159)   Receiving objects:   4% (167/4159)   Receiving objects:   5% (208/4159)   Receiving objects:   6% (250/4159)   Receiving objects:   7% (292/4159)   Receiving objects:   8% (333/4159)   Receiving objects:   9% (375/4159)   Receiving objects:  10% (416/4159)   Receiving objects:  11% (458/4159)   Receiving objects:  12% (500/4159)   Receiving objects:  13% (541/4159)   Receiving objects:  14% (583/4159)   Receiving objects:  15% (624/4159)   Receiving objects:  16% (666/4159)   Receiving objects:  17% (708/4159)   Receiving objects:  18% (749/4159)   Receiving objects:  19% (791/4159)   Receiving objects:  20% (832/4159)   Receiving objects:  21% (874/4159)   Receiving objects:  22% (915/4159)   Receiving objects:  23% (957/4159)   Receiving objects:  24% (999/4159)   Receiving objects:  25% (1040/4159)   Receiving objects:  26% (1082/4159)   Receiving objects:  27% (1123/4159)   Receiving objects:  28% (1165/4159)   Receiving objects:  29% (1207/4159)   Receiving objects:  30% (1248/4159)   Receiving objects:  31% (1290/4159)   Receiving objects:  32% (1331/4159)   Receiving objects:  33% (1373/4159)   Receiving objects:  34% (1415/4159)   Receiving objects:  35% (1456/4159)   Receiving objects:  36% (1498/4159)   Receiving objects:  37% (1539/4159)   Receiving objects:  38% (1581/4159)   Receiving objects:  39% (1623/4159)   Receiving objects:  40% (1664/4159)   Receiving objects:  41% (1706/4159)   Receiving objects:  42% (1747/4159)   Receiving objects:  43% (1789/4159)   Receiving objects:  44% (1830/4159)   Receiving objects:  45% (1872/4159)   Receiving objects:  46% (1914/4159)   Receiving objects:  47% (1955/4159)   Receiving objects:  48% (1997/4159)   Receiving objects:  49% (2038/4159)   Receiving objects:  50% (2080/4159)   Receiving objects:  51% (2122/4159)   Receiving objects:  52% (2163/4159)   Receiving objects:  53% (2205/4159)   Receiving objects:  54% (2246/4159)   Receiving objects:  55% (2288/4159)   Receiving objects:  56% (2330/4159)   Receiving objects:  57% (2371/4159)   Receiving objects:  58% (2413/4159)   Receiving objects:  59% (2454/4159)   Receiving objects:  60% (2496/4159)   Receiving objects:  61% (2537/4159)   Receiving objects:  62% (2579/4159)   Receiving objects:  63% (2621/4159)   Receiving objects:  64% (2662/4159)   Receiving objects:  65% (2704/4159)   Receiving objects:  66% (2745/4159)   Receiving objects:  67% (2787/4159)   Receiving objects:  68% (2829/4159)   Receiving objects:  69% (2870/4159)   Receiving objects:  70% (2912/4159)   Receiving objects:  71% (2953/4159)   Receiving objects:  72% (2995/4159)   Receiving objects:  73% (3037/4159)   Receiving objects:  74% (3078/4159)   Receiving objects:  75% (3120/4159)   Receiving objects:  76% (3161/4159)   Receiving objects:  77% (3203/4159)   Receiving objects:  78% (3245/4159)   Receiving objects:  79% (3286/4159)   Receiving objects:  80% (3328/4159)   Receiving objects:  81% (3369/4159)   Receiving objects:  82% (3411/4159)   Receiving objects:  83% (3452/4159)   Receiving objects:  84% (3494/4159)   Receiving objects:  85% (3536/4159)   Receiving objects:  86% (3577/4159)   Receiving objects:  87% (3619/4159)   Receiving objects:  88% (3660/4159)   Receiving objects:  89% (3702/4159)   Receiving objects:  90% (3744/4159)   Receiving objects:  91% (3785/4159)   Receiving objects:  92% (3827/4159)   Receiving objects:  93% (3868/4159)   Receiving objects:  94% (3910/4159)   Receiving objects:  95% (3952/4159)   Receiving objects:  96% (3993/4159)   Receiving objects:  97% (4035/4159)   Receiving objects:  98% (4076/4159)   Receiving objects:  99% (4118/4159)   Receiving objects: 100% (4159/4159)   Receiving objects: 100% (4159/4159), 1.30 MiB | 0 bytes/s, done.
Resolving deltas:   0% (0/1930)   Resolving deltas:   4% (88/1930)   remote: Total 4159 (delta 1930), reused 3495 (delta 1436), pack-reused 0[K
Resolving deltas:  12% (242/1930)   Resolving deltas:  13% (257/1930)   Resolving deltas:  17% (347/1930)   Resolving deltas:  18% (365/1930)   Resolving deltas:  19% (371/1930)   Resolving deltas:  23% (444/1930)   Resolving deltas:  35% (684/1930)   Resolving deltas:  36% (698/1930)   Resolving deltas:  37% (716/1930)   Resolving deltas:  38% (734/1930)   Resolving deltas:  39% (753/1930)   Resolving deltas:  40% (784/1930)   Resolving deltas:  41% (801/1930)   Resolving deltas:  42% (815/1930)   Resolving deltas:  43% (848/1930)   Resolving deltas:  44% (858/1930)   Resolving deltas:  45% (877/1930)   Resolving deltas:  46% (904/1930)   Resolving deltas:  47% (909/1930)   Resolving deltas:  54% (1056/1930)   Resolving deltas:  55% (1064/1930)   Resolving deltas:  57% (1107/1930)   Resolving deltas:  61% (1189/1930)   Resolving deltas:  62% (1201/1930)   Resolving deltas:  63% (1217/1930)   Resolving deltas:  64% (1248/1930)   Resolving deltas:  65% (1255/1930)   Resolving deltas:  66% (1285/1930)   Resolving deltas:  67% (1296/1930)   Resolving deltas:  68% (1321/1930)   Resolving deltas:  69% (1335/1930)   Resolving deltas:  70% (1352/1930)   Resolving deltas:  71% (1374/1930)   Resolving deltas:  72% (1391/1930)   Resolving deltas:  73% (1414/1930)   Resolving deltas:  74% (1433/1930)   Resolving deltas:  75% (1449/1930)   Resolving deltas:  76% (1467/1930)   Resolving deltas:  77% (1493/1930)   Resolving deltas:  78% (1507/1930)   Resolving deltas:  79% (1535/1930)   Resolving deltas:  80% (1545/1930)   Resolving deltas:  81% (1570/1930)   Resolving deltas:  82% (1590/1930)   Resolving deltas:  83% (1602/1930)   Resolving deltas:  84% (1622/1930)   Resolving deltas:  85% (1644/1930)   Resolving deltas:  87% (1692/1930)   Resolving deltas:  88% (1707/1930)   Resolving deltas:  90% (1741/1930)   Resolving deltas:  91% (1770/1930)   Resolving deltas:  92% (1785/1930)   Resolving deltas:  93% (1796/1930)   Resolving deltas:  94% (1816/1930)   Resolving deltas:  95% (1835/1930)   Resolving deltas:  96% (1857/1930)   Resolving deltas:  97% (1873/1930)   Resolving deltas: 100% (1930/1930)   Resolving deltas: 100% (1930/1930), done.
Checking connectivity... done.
travis_time:end:11564590:start=1444821639089006345,finish=1444821640310621739,duration=1221615394[0K$ cd ReactiveX/RxJava
travis_time:start:29c7ac58[0K$ git fetch origin +refs/pull/3444/merge:
remote: Counting objects: 23, done.[K
remote: Compressing objects:   8% (1/12)   [Kremote: Compressing objects:  16% (2/12)   [Kremote: Compressing objects:  25% (3/12)   [Kremote: Compressing objects:  33% (4/12)   [Kremote: Compressing objects:  41% (5/12)   [Kremote: Compressing objects:  50% (6/12)   [Kremote: Compressing objects:  58% (7/12)   [Kremote: Compressing objects:  66% (8/12)   [Kremote: Compressing objects:  75% (9/12)   [Kremote: Compressing objects:  83% (10/12)   [Kremote: Compressing objects:  91% (11/12)   [Kremote: Compressing objects: 100% (12/12)   [Kremote: Compressing objects: 100% (12/12), done.[K
remote: Total 23 (delta 7), reused 22 (delta 7), pack-reused 0[K
Unpacking objects:   4% (1/23)   Unpacking objects:   8% (2/23)   Unpacking objects:  13% (3/23)   Unpacking objects:  17% (4/23)   Unpacking objects:  21% (5/23)   Unpacking objects:  26% (6/23)   Unpacking objects:  30% (7/23)   Unpacking objects:  34% (8/23)   Unpacking objects:  39% (9/23)   Unpacking objects:  43% (10/23)   Unpacking objects:  47% (11/23)   Unpacking objects:  52% (12/23)   Unpacking objects:  56% (13/23)   Unpacking objects:  60% (14/23)   Unpacking objects:  65% (15/23)   Unpacking objects:  69% (16/23)   Unpacking objects:  73% (17/23)   Unpacking objects:  78% (18/23)   Unpacking objects:  82% (19/23)   Unpacking objects:  86% (20/23)   Unpacking objects:  91% (21/23)   Unpacking objects:  95% (22/23)   Unpacking objects: 100% (23/23)   Unpacking objects: 100% (23/23), done.
From https://github.com/ReactiveX/RxJava
 * branch            refs/pull/3444/merge -> FETCH_HEAD
travis_time:end:29c7ac58:start=1444821640314836780,finish=1444821640637880923,duration=323044143[0K$ git checkout -qf FETCH_HEAD
travis_fold:end:git.checkout[0K
[33;1mThis job is running on container-based infrastructure, which does not allow use of 'sudo', setuid and setguid executables.[0m
[33;1mIf you require sudo, add 'sudo: required' to your .travis.yml[0m
[33;1mSee http://docs.travis-ci.com/user/workers/container-based-infrastructure/ for details.[0m
travis_fold:start:cache.1[0KSetting up build cache
$ export CASHER_DIR=$HOME/.casher
travis_time:start:0d47a662[0K$ Installing caching utilities
travis_time:end:0d47a662:start=1444821642478516953,finish=1444821642532127501,duration=53610548[0Ktravis_time:start:06ddb2d0[0Kattempting to download cache archive
fetching PR.3444/cache--jdk-oraclejdk7.tgz
fetching PR.3444/cache--jdk-oraclejdk7.tbz
fetching 1.x/cache--jdk-oraclejdk7.tgz
found cache
travis_time:end:06ddb2d0:start=1444821642536858171,finish=1444821645198149901,duration=2661291730[0Ktravis_time:start:0344da58[0Kadding /home/travis/.m2 to cache
adding /home/travis/.gradle to cache
travis_time:end:0344da58:start=1444821645202010460,finish=1444821646757621506,duration=1555611046[0Ktravis_fold:end:cache.1[0K$ jdk_switcher use oraclejdk7
Switching to Oracle JDK7 (java-7-oracle), JAVA_HOME will be set to /usr/lib/jvm/java-7-oracle
$ export TERM=dumb
$ java -Xmx32m -version
java version "1.7.0_76"
Java(TM) SE Runtime Environment (build 1.7.0_76-b13)
Java HotSpot(TM) 64-Bit Server VM (build 24.76-b04, mixed mode)
$ javac -J-Xmx32m -version
javac 1.7.0_76
travis_fold:start:install[0Ktravis_time:start:069fad59[0K$ ./gradlew assemble
Inferred version: 1.0.15-SNAPSHOT
[buildinfo] Properties file path was not found! (Relevant only for builds running on a CI Server)
:compileJavawarning: [options] bootstrap class path not set in conjunction with -source 1.6
/home/travis/build/ReactiveX/RxJava/src/main/java/rx/internal/operators/CompletableOnSubscribeConcat.java:21: warning: Unsafe is internal proprietary API and may be removed in a future release
import rx.*;
          ^
/home/travis/build/ReactiveX/RxJava/src/main/java/rx/internal/util/unsafe/UnsafeAccess.java:31: warning: Unsafe is internal proprietary API and may be removed in a future release
    public static final Unsafe UNSAFE;
                        ^
/home/travis/build/ReactiveX/RxJava/src/main/java/rx/internal/util/unsafe/UnsafeAccess.java:33: warning: Unsafe is internal proprietary API and may be removed in a future release
        Unsafe u = null;
        ^
/home/travis/build/ReactiveX/RxJava/src/main/java/rx/internal/util/unsafe/UnsafeAccess.java:41: warning: Unsafe is internal proprietary API and may be removed in a future release
            Field field = Unsafe.class.getDeclaredField("theUnsafe");
                          ^
/home/travis/build/ReactiveX/RxJava/src/main/java/rx/internal/util/unsafe/UnsafeAccess.java:43: warning: Unsafe is internal proprietary API and may be removed in a future release
            u = (Unsafe) field.get(null);
                 ^
Note: Some input files use or override a deprecated API.
Note: Recompile with -Xlint:deprecation for details.
6 warnings

:processResources UP-TO-DATE
:classes
:writeManifestProperties
:jar
:javadoc/home/travis/build/ReactiveX/RxJava/src/main/java/rx/Observable.java:4589: warning - @return tag has no arguments.
/home/travis/build/ReactiveX/RxJava/src/main/java/rx/Observable.java:4616: warning - @return tag has no arguments.
/home/travis/build/ReactiveX/RxJava/src/main/java/rx/Observable.java:4647: warning - @return tag has no arguments.
/home/travis/build/ReactiveX/RxJava/src/main/java/rx/Observable.java:4679: warning - @return tag has no arguments.
/home/travis/build/ReactiveX/RxJava/src/main/java/rx/Observable.java:4713: warning - @return tag has no arguments.
/home/travis/build/ReactiveX/RxJava/src/main/java/rx/Observable.java:4748: warning - @return tag has no arguments.
/home/travis/build/ReactiveX/RxJava/src/main/java/rx/Observable.java:4785: warning - @return tag has no arguments.
/home/travis/build/ReactiveX/RxJava/src/main/java/rx/Observable.java:4823: warning - @return tag has no arguments.
/home/travis/build/ReactiveX/RxJava/src/main/java/rx/Observable.java:4854: warning - @return tag has no arguments.
/home/travis/build/ReactiveX/RxJava/src/main/java/rx/Observable.java:4880: warning - @return tag has no arguments.
/home/travis/build/ReactiveX/RxJava/src/main/java/rx/Observable.java:4905: warning - @return tag has no arguments.
/home/travis/build/ReactiveX/RxJava/src/main/java/rx/Observable.java:4931: warning - @return tag has no arguments.
/home/travis/build/ReactiveX/RxJava/src/main/java/rx/Observable.java:4957: warning - @return tag has no arguments.
/home/travis/build/ReactiveX/RxJava/src/main/java/rx/Observable.java:4984: warning - @return tag has no arguments.
/home/travis/build/ReactiveX/RxJava/src/main/java/rx/exceptions/Exceptions.java:26: warning - @warn is an unknown tag.
/home/travis/build/ReactiveX/RxJava/src/main/java/rx/observables/AbstractOnSubscribe.java:154: warning - @Experimental is an unknown tag.
/home/travis/build/ReactiveX/RxJava/src/main/java/rx/observables/AbstractOnSubscribe.java:396: warning - @Experimental is an unknown tag.
/home/travis/build/ReactiveX/RxJava/src/main/java/rx/observables/AbstractOnSubscribe.java:584: warning - @warn is an unknown tag.
/home/travis/build/ReactiveX/RxJava/src/main/java/rx/observables/AsyncOnSubscribe.java:48: warning - Tag @link: can't find next(Object, Long, Subscriber) in rx.observables.AsyncOnSubscribe
/home/travis/build/ReactiveX/RxJava/src/main/java/rx/observables/AsyncOnSubscribe.java:58: warning - Tag @link: can't find call(Subscriber) in rx.Observable.OnSubscribe
/home/travis/build/ReactiveX/RxJava/src/main/java/rx/observables/SyncOnSubscribe.java:49: warning - Tag @link: can't find next(Object, Subscriber) in rx.observables.SyncOnSubscribe
/home/travis/build/ReactiveX/RxJava/src/main/java/rx/observables/SyncOnSubscribe.java:70: warning - Tag @link: can't find call(Subscriber) in rx.Observable.OnSubscribe
/home/travis/build/ReactiveX/RxJava/src/main/java/rx/observables/SyncOnSubscribe.java:120: warning - Tag @link: can't find next(Object, Subscriber) in rx.observables.SyncOnSubscribe
/home/travis/build/ReactiveX/RxJava/src/main/java/rx/observables/SyncOnSubscribe.java:149: warning - Tag @link: can't find next(Object, Subscriber) in rx.observables.SyncOnSubscribe
/home/travis/build/ReactiveX/RxJava/src/main/java/rx/observables/SyncOnSubscribe.java:177: warning - Tag @link: can't find next(Object, Subscriber) in rx.observables.SyncOnSubscribe
/home/travis/build/ReactiveX/RxJava/src/main/java/rx/observables/SyncOnSubscribe.java:196: warning - Tag @link: can't find next(Object, Subscriber) in rx.observables.SyncOnSubscribe
/home/travis/build/ReactiveX/RxJava/src/main/java/rx/observables/SyncOnSubscribe.java:215: warning - Tag @link: can't find next(Object, Subscriber) in rx.observables.SyncOnSubscribe
/home/travis/build/ReactiveX/RxJava/src/main/java/rx/observables/SyncOnSubscribe.java:242: warning - Tag @link: can't find next(Object, Subscriber) in rx.observables.SyncOnSubscribe
/home/travis/build/ReactiveX/RxJava/src/main/java/rx/Completable.java:479: warning - @param argument "run" is not a parameter name.
/home/travis/build/ReactiveX/RxJava/src/main/java/rx/Notification.java:69: warning - @warn is an unknown tag.
/home/travis/build/ReactiveX/RxJava/src/main/java/rx/Observable.java:2803: warning - @warn is an unknown tag.
/home/travis/build/ReactiveX/RxJava/src/main/java/rx/Observable.java:2803: warning - @Experimental is an unknown tag.
/home/travis/build/ReactiveX/RxJava/src/main/java/rx/Observable.java:4589: warning - @warn is an unknown tag.
/home/travis/build/ReactiveX/RxJava/src/main/java/rx/Observable.java:4616: warning - @warn is an unknown tag.
/home/travis/build/ReactiveX/RxJava/src/main/java/rx/Observable.java:4647: warning - @warn is an unknown tag.
/home/travis/build/ReactiveX/RxJava/src/main/java/rx/Observable.java:4679: warning - @warn is an unknown tag.
/home/travis/build/ReactiveX/RxJava/src/main/java/rx/Observable.java:4713: warning - @warn is an unknown tag.
/home/travis/build/ReactiveX/RxJava/src/main/java/rx/Observable.java:4748: warning - @warn is an unknown tag.
/home/travis/build/ReactiveX/RxJava/src/main/java/rx/Observable.java:4785: warning - @warn is an unknown tag.
/home/travis/build/ReactiveX/RxJava/src/main/java/rx/Observable.java:4823: warning - @warn is an unknown tag.
/home/travis/build/ReactiveX/RxJava/src/main/java/rx/Observable.java:4854: warning - @warn is an unknown tag.
/home/travis/build/ReactiveX/RxJava/src/main/java/rx/Observable.java:4880: warning - @warn is an unknown tag.
/home/travis/build/ReactiveX/RxJava/src/main/java/rx/Observable.java:4905: warning - @warn is an unknown tag.
/home/travis/build/ReactiveX/RxJava/src/main/java/rx/Observable.java:4931: warning - @warn is an unknown tag.
/home/travis/build/ReactiveX/RxJava/src/main/java/rx/Observable.java:4957: warning - @warn is an unknown tag.
/home/travis/build/ReactiveX/RxJava/src/main/java/rx/Observable.java:4984: warning - @warn is an unknown tag.
/home/travis/build/ReactiveX/RxJava/src/main/java/rx/Observable.java:5951: warning - @Experimental is an unknown tag.
/home/travis/build/ReactiveX/RxJava/src/main/java/rx/Observable.java:6005: warning - @Experimental is an unknown tag.
/home/travis/build/ReactiveX/RxJava/src/main/java/rx/Observable.java:6037: warning - @Experimental is an unknown tag.
/home/travis/build/ReactiveX/RxJava/src/main/java/rx/Observable.java:6061: warning - @Experimental is an unknown tag.
/home/travis/build/ReactiveX/RxJava/src/main/java/rx/Observable.java:8741: warning - @warn is an unknown tag.
/home/travis/build/ReactiveX/RxJava/src/main/java/rx/Observable.java:9607: warning - @warn is an unknown tag.
/home/travis/build/ReactiveX/RxJava/src/main/java/rx/Observable.java:9607: warning - @warn is an unknown tag.
/home/travis/build/ReactiveX/RxJava/src/main/java/rx/Observable.java:9607: warning - @Experimental is an unknown tag.
/home/travis/build/ReactiveX/RxJava/src/main/java/rx/Observable.java:211: warning - @warn is an unknown tag.
/home/travis/build/ReactiveX/RxJava/src/main/java/rx/Producer.java:21: warning - @warn is an unknown tag.
/home/travis/build/ReactiveX/RxJava/src/main/java/rx/Single.java:240: warning - @warn is an unknown tag.

57 warnings
:javadocJar
:compilePerfJavawarning: [options] bootstrap class path not set in conjunction with -source 1.6
Note: Some input files use unchecked or unsafe operations.
Note: Recompile with -Xlint:unchecked for details.
1 warning

:processPerfResources UP-TO-DATE
:perfClasses
:shadowJar
:sourceJar
:assemble

BUILD SUCCESSFUL

Total time: 39.013 secs
travis_time:end:069fad59:start=1444821647083522707,finish=1444821686481473950,duration=39397951243[0Ktravis_fold:end:install[0Ktravis_time:start:034533a0[0K$ gradle/buildViaTravis.sh
Build Pull Request #3444 => Branch [1.x]
[buildinfo] Properties file path was not found! (Relevant only for builds running on a CI Server)
:compileJava UP-TO-DATE
:processResources UP-TO-DATE
:classes UP-TO-DATE
:writeManifestProperties
:jar
:javadoc/home/travis/build/ReactiveX/RxJava/src/main/java/rx/Observable.java:4589: warning - @return tag has no arguments.
/home/travis/build/ReactiveX/RxJava/src/main/java/rx/Observable.java:4616: warning - @return tag has no arguments.
/home/travis/build/ReactiveX/RxJava/src/main/java/rx/Observable.java:4647: warning - @return tag has no arguments.
/home/travis/build/ReactiveX/RxJava/src/main/java/rx/Observable.java:4679: warning - @return tag has no arguments.
/home/travis/build/ReactiveX/RxJava/src/main/java/rx/Observable.java:4713: warning - @return tag has no arguments.
/home/travis/build/ReactiveX/RxJava/src/main/java/rx/Observable.java:4748: warning - @return tag has no arguments.
/home/travis/build/ReactiveX/RxJava/src/main/java/rx/Observable.java:4785: warning - @return tag has no arguments.
/home/travis/build/ReactiveX/RxJava/src/main/java/rx/Observable.java:4823: warning - @return tag has no arguments.
/home/travis/build/ReactiveX/RxJava/src/main/java/rx/Observable.java:4854: warning - @return tag has no arguments.
/home/travis/build/ReactiveX/RxJava/src/main/java/rx/Observable.java:4880: warning - @return tag has no arguments.
/home/travis/build/ReactiveX/RxJava/src/main/java/rx/Observable.java:4905: warning - @return tag has no arguments.
/home/travis/build/ReactiveX/RxJava/src/main/java/rx/Observable.java:4931: warning - @return tag has no arguments.
/home/travis/build/ReactiveX/RxJava/src/main/java/rx/Observable.java:4957: warning - @return tag has no arguments.
/home/travis/build/ReactiveX/RxJava/src/main/java/rx/Observable.java:4984: warning - @return tag has no arguments.
/home/travis/build/ReactiveX/RxJava/src/main/java/rx/exceptions/Exceptions.java:26: warning - @warn is an unknown tag.
/home/travis/build/ReactiveX/RxJava/src/main/java/rx/observables/AbstractOnSubscribe.java:154: warning - @Experimental is an unknown tag.
/home/travis/build/ReactiveX/RxJava/src/main/java/rx/observables/AbstractOnSubscribe.java:396: warning - @Experimental is an unknown tag.
/home/travis/build/ReactiveX/RxJava/src/main/java/rx/observables/AbstractOnSubscribe.java:584: warning - @warn is an unknown tag.
/home/travis/build/ReactiveX/RxJava/src/main/java/rx/observables/AsyncOnSubscribe.java:48: warning - Tag @link: can't find next(Object, Long, Subscriber) in rx.observables.AsyncOnSubscribe
/home/travis/build/ReactiveX/RxJava/src/main/java/rx/observables/AsyncOnSubscribe.java:58: warning - Tag @link: can't find call(Subscriber) in rx.Observable.OnSubscribe
/home/travis/build/ReactiveX/RxJava/src/main/java/rx/observables/SyncOnSubscribe.java:49: warning - Tag @link: can't find next(Object, Subscriber) in rx.observables.SyncOnSubscribe
/home/travis/build/ReactiveX/RxJava/src/main/java/rx/observables/SyncOnSubscribe.java:70: warning - Tag @link: can't find call(Subscriber) in rx.Observable.OnSubscribe
/home/travis/build/ReactiveX/RxJava/src/main/java/rx/observables/SyncOnSubscribe.java:120: warning - Tag @link: can't find next(Object, Subscriber) in rx.observables.SyncOnSubscribe
/home/travis/build/ReactiveX/RxJava/src/main/java/rx/observables/SyncOnSubscribe.java:149: warning - Tag @link: can't find next(Object, Subscriber) in rx.observables.SyncOnSubscribe
/home/travis/build/ReactiveX/RxJava/src/main/java/rx/observables/SyncOnSubscribe.java:177: warning - Tag @link: can't find next(Object, Subscriber) in rx.observables.SyncOnSubscribe
/home/travis/build/ReactiveX/RxJava/src/main/java/rx/observables/SyncOnSubscribe.java:196: warning - Tag @link: can't find next(Object, Subscriber) in rx.observables.SyncOnSubscribe
/home/travis/build/ReactiveX/RxJava/src/main/java/rx/observables/SyncOnSubscribe.java:215: warning - Tag @link: can't find next(Object, Subscriber) in rx.observables.SyncOnSubscribe
/home/travis/build/ReactiveX/RxJava/src/main/java/rx/observables/SyncOnSubscribe.java:242: warning - Tag @link: can't find next(Object, Subscriber) in rx.observables.SyncOnSubscribe
/home/travis/build/ReactiveX/RxJava/src/main/java/rx/Completable.java:479: warning - @param argument "run" is not a parameter name.
/home/travis/build/ReactiveX/RxJava/src/main/java/rx/Notification.java:69: warning - @warn is an unknown tag.
/home/travis/build/ReactiveX/RxJava/src/main/java/rx/Observable.java:2803: warning - @warn is an unknown tag.
/home/travis/build/ReactiveX/RxJava/src/main/java/rx/Observable.java:2803: warning - @Experimental is an unknown tag.
/home/travis/build/ReactiveX/RxJava/src/main/java/rx/Observable.java:4589: warning - @warn is an unknown tag.
/home/travis/build/ReactiveX/RxJava/src/main/java/rx/Observable.java:4616: warning - @warn is an unknown tag.
/home/travis/build/ReactiveX/RxJava/src/main/java/rx/Observable.java:4647: warning - @warn is an unknown tag.
/home/travis/build/ReactiveX/RxJava/src/main/java/rx/Observable.java:4679: warning - @warn is an unknown tag.
/home/travis/build/ReactiveX/RxJava/src/main/java/rx/Observable.java:4713: warning - @warn is an unknown tag.
/home/travis/build/ReactiveX/RxJava/src/main/java/rx/Observable.java:4748: warning - @warn is an unknown tag.
/home/travis/build/ReactiveX/RxJava/src/main/java/rx/Observable.java:4785: warning - @warn is an unknown tag.
/home/travis/build/ReactiveX/RxJava/src/main/java/rx/Observable.java:4823: warning - @warn is an unknown tag.
/home/travis/build/ReactiveX/RxJava/src/main/java/rx/Observable.java:4854: warning - @warn is an unknown tag.
/home/travis/build/ReactiveX/RxJava/src/main/java/rx/Observable.java:4880: warning - @warn is an unknown tag.
/home/travis/build/ReactiveX/RxJava/src/main/java/rx/Observable.java:4905: warning - @warn is an unknown tag.
/home/travis/build/ReactiveX/RxJava/src/main/java/rx/Observable.java:4931: warning - @warn is an unknown tag.
/home/travis/build/ReactiveX/RxJava/src/main/java/rx/Observable.java:4957: warning - @warn is an unknown tag.
/home/travis/build/ReactiveX/RxJava/src/main/java/rx/Observable.java:4984: warning - @warn is an unknown tag.
/home/travis/build/ReactiveX/RxJava/src/main/java/rx/Observable.java:5951: warning - @Experimental is an unknown tag.
/home/travis/build/ReactiveX/RxJava/src/main/java/rx/Observable.java:6005: warning - @Experimental is an unknown tag.
/home/travis/build/ReactiveX/RxJava/src/main/java/rx/Observable.java:6037: warning - @Experimental is an unknown tag.
/home/travis/build/ReactiveX/RxJava/src/main/java/rx/Observable.java:6061: warning - @Experimental is an unknown tag.
/home/travis/build/ReactiveX/RxJava/src/main/java/rx/Observable.java:8741: warning - @warn is an unknown tag.
/home/travis/build/ReactiveX/RxJava/src/main/java/rx/Observable.java:9607: warning - @warn is an unknown tag.
/home/travis/build/ReactiveX/RxJava/src/main/java/rx/Observable.java:9607: warning - @warn is an unknown tag.
/home/travis/build/ReactiveX/RxJava/src/main/java/rx/Observable.java:9607: warning - @Experimental is an unknown tag.
/home/travis/build/ReactiveX/RxJava/src/main/java/rx/Observable.java:211: warning - @warn is an unknown tag.
/home/travis/build/ReactiveX/RxJava/src/main/java/rx/Producer.java:21: warning - @warn is an unknown tag.
/home/travis/build/ReactiveX/RxJava/src/main/java/rx/Single.java:240: warning - @warn is an unknown tag.

57 warnings
:javadocJar
:compilePerfJava UP-TO-DATE
:processPerfResources UP-TO-DATE
:perfClasses UP-TO-DATE
:shadowJar
:sourceJar
:assemble
:writeLicenseHeader
:licenseExamples UP-TO-DATE
:licenseMain
Missing header in: src/main/java/rx/annotations/Experimental.java
Missing header in: src/main/java/rx/annotations/Beta.java
Missing header in: src/main/java/rx/internal/operators/OnSubscribeFromCallable.java
Missing header in: src/main/java/rx/internal/operators/OperatorTakeLastOne.java
Unknown file extension: src/main/java/rx/internal/operators/README.md
Unknown file extension: src/main/java/rx/internal/util/unsafe/README.md
Missing header in: src/main/java/rx/internal/util/unsafe/SpmcArrayQueue.java
Missing header in: src/main/java/rx/internal/util/atomic/LinkedQueueNode.java
Missing header in: src/main/java/rx/internal/util/unsafe/Pow2.java
Missing header in: src/main/java/rx/internal/util/unsafe/MpscLinkedQueue.java
Missing header in: src/main/java/rx/internal/util/unsafe/MessagePassingQueue.java
Missing header in: src/main/java/rx/internal/util/unsafe/ConcurrentSequencedCircularArrayQueue.java
Missing header in: src/main/java/rx/internal/util/unsafe/ConcurrentCircularArrayQueue.java
Missing header in: src/main/java/rx/internal/util/atomic/MpscLinkedAtomicQueue.java
Missing header in: src/main/java/rx/internal/util/unsafe/BaseLinkedQueue.java
Missing header in: src/main/java/rx/internal/util/atomic/SpscLinkedAtomicQueue.java
Missing header in: src/main/java/rx/internal/util/atomic/BaseLinkedAtomicQueue.java
Unknown file extension: src/main/java/rx/internal/util/README.md
Missing header in: src/main/java/rx/internal/schedulers/SchedulerLifecycle.java
Missing header in: src/main/java/rx/internal/util/unsafe/SpscLinkedQueue.java
Missing header in: src/main/java/rx/internal/util/unsafe/SpscArrayQueue.java
Missing header in: src/main/java/rx/internal/util/unsafe/MpmcArrayQueue.java
:licensePerf
Unknown file extension: src/perf/java/rx/README.md
Missing header in: src/perf/java/rx/jmh/README.txt
Missing header in: src/perf/java/rx/operators/OperatorTakeLastOnePerf.java
:licenseTest
Missing header in: src/test/java/rx/NotificationTest.java
Missing header in: src/test/java/rx/ObservableConversionTest.java
Missing header in: src/test/java/rx/internal/operators/OnSubscribeFromCallableTest.java
Missing header in: src/test/java/rx/internal/operators/OperatorTakeLastOneTest.java
Missing header in: src/test/java/rx/observables/AsyncOnSubscribeTest.java
Missing header in: src/test/java/rx/internal/operators/OperatorIgnoreElementsTest.java
Missing header in: src/test/java/rx/internal/operators/OperatorDoOnRequestTest.java
Missing header in: src/test/java/rx/schedulers/SchedulerTests.java
Missing header in: src/test/java/rx/schedulers/SchedulerLifecycleTest.java
Missing header in: src/test/java/rx/internal/util/SynchronizedQueueTest.java
Missing header in: src/test/java/rx/internal/schedulers/NewThreadWorkerTest.java
Missing header in: src/test/java/rx/internal/util/JCToolsQueueTests.java
:license
:compileTestJavawarning: [options] bootstrap class path not set in conjunction with -source 1.6
/home/travis/build/ReactiveX/RxJava/src/test/java/rx/CompletableTest.java:44: error: <anonymous rx.CompletableTest$IterableIteratorNextThrows$1> is not abstract and does not override abstract method remove() in Iterator
            return new Iterator<Completable>() {
                                               ^
/home/travis/build/ReactiveX/RxJava/src/test/java/rx/CompletableTest.java:64: error: <anonymous rx.CompletableTest$IterableIteratorHasNextThrows$1> is not abstract and does not override abstract method remove() in Iterator
            return new Iterator<Completable>() {
                                               ^
Note: Some input files use or override a deprecated API.
Note: Recompile with -Xlint:deprecation for details.
Note: Some input files use unchecked or unsafe operations.
Note: Recompile with -Xlint:unchecked for details.
2 errors
1 warning
 FAILED

FAILURE: Build failed with an exception.

* What went wrong:
Execution failed for task ':compileTestJava'.
> Compilation failed; see the compiler error output for details.

* Try:
Run with --stacktrace option to get the stack trace. Run with --info or --debug option to get more log output.

BUILD FAILED

Total time: 31.879 secs
travis_time:end:034533a0:start=1444821686485285187,finish=1444821718756014862,duration=32270729675[0K
[31;1mThe command "gradle/buildViaTravis.sh" exited with 1.[0m
travis_fold:start:cache.2[0Kstore build cache
travis_time:start:06bfdae0[0Kchange detected:
/home/travis/.gradle/caches/modules-2/modules-2.lock
/home/travis/.gradle/caches/modules-2/modules-2.lock

changes detected, packing new archive
.
uploading archive
travis_time:end:06bfdae0:start=1444821718760054146,finish=1444821729393943897,duration=10633889751[0Ktravis_fold:end:cache.2[0K
Done. Your build exited with 1.
