Using worker: worker-linux-docker-af6c3b80.prod.travis-ci.org:travis-linux-15

travis_fold:start:system_info[0K[33;1mBuild system information[0m
Build language: java
[34m[1mBuild image provisioning date and time[0m
Thu Feb  5 15:09:33 UTC 2015
[34m[1mOperating System Details[0m
Distributor ID:	Ubuntu
Description:	Ubuntu 12.04.5 LTS
Release:	12.04
Codename:	precise
[34m[1mLinux Version[0m
3.13.0-29-generic
[34m[1mCookbooks Version[0m
a68419e https://github.com/travis-ci/travis-cookbooks/tree/a68419e
[34m[1mGCC version[0m
gcc (Ubuntu/Linaro 4.6.3-1ubuntu5) 4.6.3
Copyright (C) 2011 Free Software Foundation, Inc.
This is free software; see the source for copying conditions.  There is NO
warranty; not even for MERCHANTABILITY or FITNESS FOR A PARTICULAR PURPOSE.

[34m[1mLLVM version[0m
clang version 3.4 (tags/RELEASE_34/final)
Target: x86_64-unknown-linux-gnu
Thread model: posix
[34m[1mPre-installed Ruby versions[0m
ruby-1.9.3-p551
[34m[1mPre-installed Node.js versions[0m
v0.10.36
[34m[1mPre-installed Go versions[0m
1.4.1
[34m[1mRedis version[0m
redis-server 2.8.19
[34m[1mriak version[0m
2.0.2
[34m[1mMongoDB version[0m
MongoDB 2.4.12
[34m[1mCouchDB version[0m
couchdb 1.6.1
[34m[1mNeo4j version[0m
1.9.4
[34m[1mRabbitMQ Version[0m
3.4.3
[34m[1mElasticSearch version[0m
1.4.0
[34m[1mInstalled Sphinx versions[0m
2.0.10
2.1.9
2.2.6
[34m[1mDefault Sphinx version[0m
2.2.6
[34m[1mInstalled Firefox version[0m
firefox 31.0esr
[34m[1mPhantomJS version[0m
1.9.8
[34m[1mant -version[0m
Apache Ant(TM) version 1.8.2 compiled on December 3 2011
[34m[1mmvn -version[0m
Apache Maven 3.2.5 (12a6b3acb947671f09b81f49094c53f426d8cea1; 2014-12-14T17:29:23+00:00)
Maven home: /usr/local/maven
Java version: 1.7.0_76, vendor: Oracle Corporation
Java home: /usr/lib/jvm/java-7-oracle/jre
Default locale: en_US, platform encoding: ANSI_X3.4-1968
OS name: "linux", version: "3.13.0-29-generic", arch: "amd64", family: "unix"
travis_fold:end:system_info[0K
travis_fold:start:git.checkout[0Ktravis_time:start:056a660b[0K$ git clone --depth=50 --branch=1.x git://github.com/ReactiveX/RxJava.git ReactiveX/RxJava
Cloning into 'ReactiveX/RxJava'...
remote: Counting objects: 3111, done.[K
remote: Compressing objects:   0% (1/1367)   [Kremote: Compressing objects:   1% (14/1367)   [Kremote: Compressing objects:   2% (28/1367)   [Kremote: Compressing objects:   3% (42/1367)   [Kremote: Compressing objects:   4% (55/1367)   [Kremote: Compressing objects:   5% (69/1367)   [Kremote: Compressing objects:   6% (83/1367)   [Kremote: Compressing objects:   7% (96/1367)   [Kremote: Compressing objects:   8% (110/1367)   [Kremote: Compressing objects:   9% (124/1367)   [Kremote: Compressing objects:  10% (137/1367)   [Kremote: Compressing objects:  11% (151/1367)   [Kremote: Compressing objects:  12% (165/1367)   [Kremote: Compressing objects:  13% (178/1367)   [Kremote: Compressing objects:  14% (192/1367)   [Kremote: Compressing objects:  15% (206/1367)   [Kremote: Compressing objects:  16% (219/1367)   [Kremote: Compressing objects:  17% (233/1367)   [Kremote: Compressing objects:  18% (247/1367)   [Kremote: Compressing objects:  19% (260/1367)   [Kremote: Compressing objects:  20% (274/1367)   [Kremote: Compressing objects:  21% (288/1367)   [Kremote: Compressing objects:  22% (301/1367)   [Kremote: Compressing objects:  23% (315/1367)   [Kremote: Compressing objects:  24% (329/1367)   [Kremote: Compressing objects:  25% (342/1367)   [Kremote: Compressing objects:  26% (356/1367)   [Kremote: Compressing objects:  27% (370/1367)   [Kremote: Compressing objects:  28% (383/1367)   [Kremote: Compressing objects:  29% (397/1367)   [Kremote: Compressing objects:  30% (411/1367)   [Kremote: Compressing objects:  31% (424/1367)   [Kremote: Compressing objects:  32% (438/1367)   [Kremote: Compressing objects:  33% (452/1367)   [Kremote: Compressing objects:  34% (465/1367)   [Kremote: Compressing objects:  35% (479/1367)   [Kremote: Compressing objects:  36% (493/1367)   [Kremote: Compressing objects:  37% (506/1367)   [Kremote: Compressing objects:  38% (520/1367)   [Kremote: Compressing objects:  39% (534/1367)   [Kremote: Compressing objects:  40% (547/1367)   [Kremote: Compressing objects:  41% (561/1367)   [Kremote: Compressing objects:  42% (575/1367)   [Kremote: Compressing objects:  43% (588/1367)   [Kremote: Compressing objects:  44% (602/1367)   [Kremote: Compressing objects:  45% (616/1367)   [Kremote: Compressing objects:  46% (629/1367)   [Kremote: Compressing objects:  47% (643/1367)   [Kremote: Compressing objects:  48% (657/1367)   [Kremote: Compressing objects:  49% (670/1367)   [Kremote: Compressing objects:  50% (684/1367)   [Kremote: Compressing objects:  51% (698/1367)   [Kremote: Compressing objects:  52% (711/1367)   [Kremote: Compressing objects:  53% (725/1367)   [Kremote: Compressing objects:  54% (739/1367)   [Kremote: Compressing objects:  55% (752/1367)   [Kremote: Compressing objects:  56% (766/1367)   [Kremote: Compressing objects:  57% (780/1367)   [Kremote: Compressing objects:  58% (793/1367)   [Kremote: Compressing objects:  59% (807/1367)   [Kremote: Compressing objects:  60% (821/1367)   [Kremote: Compressing objects:  61% (834/1367)   [Kremote: Compressing objects:  62% (848/1367)   [Kremote: Compressing objects:  63% (862/1367)   [Kremote: Compressing objects:  64% (875/1367)   [Kremote: Compressing objects:  65% (889/1367)   [Kremote: Compressing objects:  66% (903/1367)   [Kremote: Compressing objects:  67% (916/1367)   [Kremote: Compressing objects:  68% (930/1367)   [Kremote: Compressing objects:  69% (944/1367)   [Kremote: Compressing objects:  70% (957/1367)   [Kremote: Compressing objects:  71% (971/1367)   [Kremote: Compressing objects:  72% (985/1367)   [Kremote: Compressing objects:  73% (998/1367)   [Kremote: Compressing objects:  74% (1012/1367)   [Kremote: Compressing objects:  75% (1026/1367)   [Kremote: Compressing objects:  76% (1039/1367)   [Kremote: Compressing objects:  77% (1053/1367)   [Kremote: Compressing objects:  78% (1067/1367)   [Kremote: Compressing objects:  79% (1080/1367)   [Kremote: Compressing objects:  80% (1094/1367)   [Kremote: Compressing objects:  81% (1108/1367)   [Kremote: Compressing objects:  82% (1121/1367)   [Kremote: Compressing objects:  83% (1135/1367)   [Kremote: Compressing objects:  84% (1149/1367)   [Kremote: Compressing objects:  85% (1162/1367)   [Kremote: Compressing objects:  86% (1176/1367)   [Kremote: Compressing objects:  87% (1190/1367)   [Kremote: Compressing objects:  88% (1203/1367)   [Kremote: Compressing objects:  89% (1217/1367)   [Kremote: Compressing objects:  90% (1231/1367)   [Kremote: Compressing objects:  91% (1244/1367)   [Kremote: Compressing objects:  92% (1258/1367)   [Kremote: Compressing objects:  93% (1272/1367)   [Kremote: Compressing objects:  94% (1285/1367)   [Kremote: Compressing objects:  95% (1299/1367)   [Kremote: Compressing objects:  96% (1313/1367)   [Kremote: Compressing objects:  97% (1326/1367)   [Kremote: Compressing objects:  98% (1340/1367)   [Kremote: Compressing objects:  99% (1354/1367)   [Kremote: Compressing objects: 100% (1367/1367)   [Kremote: Compressing objects: 100% (1367/1367), done.[K
Receiving objects:   0% (1/3111)   Receiving objects:   1% (32/3111)   Receiving objects:   2% (63/3111)   Receiving objects:   3% (94/3111)   Receiving objects:   4% (125/3111)   Receiving objects:   5% (156/3111)   Receiving objects:   6% (187/3111)   Receiving objects:   7% (218/3111)   Receiving objects:   8% (249/3111)   Receiving objects:   9% (280/3111)   Receiving objects:  10% (312/3111)   Receiving objects:  11% (343/3111)   Receiving objects:  12% (374/3111)   Receiving objects:  13% (405/3111)   Receiving objects:  14% (436/3111)   Receiving objects:  15% (467/3111)   Receiving objects:  16% (498/3111)   Receiving objects:  17% (529/3111)   Receiving objects:  18% (560/3111)   Receiving objects:  19% (592/3111)   Receiving objects:  20% (623/3111)   Receiving objects:  21% (654/3111)   Receiving objects:  22% (685/3111)   Receiving objects:  23% (716/3111)   Receiving objects:  24% (747/3111)   Receiving objects:  25% (778/3111)   Receiving objects:  26% (809/3111)   Receiving objects:  27% (840/3111)   Receiving objects:  28% (872/3111)   Receiving objects:  29% (903/3111)   Receiving objects:  30% (934/3111)   Receiving objects:  31% (965/3111)   Receiving objects:  32% (996/3111)   Receiving objects:  33% (1027/3111)   Receiving objects:  34% (1058/3111)   Receiving objects:  35% (1089/3111)   Receiving objects:  36% (1120/3111)   Receiving objects:  37% (1152/3111)   Receiving objects:  38% (1183/3111)   Receiving objects:  39% (1214/3111)   Receiving objects:  40% (1245/3111)   Receiving objects:  41% (1276/3111)   Receiving objects:  42% (1307/3111)   Receiving objects:  43% (1338/3111)   Receiving objects:  44% (1369/3111)   Receiving objects:  45% (1400/3111)   Receiving objects:  46% (1432/3111)   Receiving objects:  47% (1463/3111)   Receiving objects:  48% (1494/3111)   Receiving objects:  49% (1525/3111)   Receiving objects:  50% (1556/3111)   Receiving objects:  51% (1587/3111)   Receiving objects:  52% (1618/3111)   Receiving objects:  53% (1649/3111)   Receiving objects:  54% (1680/3111)   Receiving objects:  55% (1712/3111)   Receiving objects:  56% (1743/3111)   Receiving objects:  57% (1774/3111)   Receiving objects:  58% (1805/3111)   Receiving objects:  59% (1836/3111)   Receiving objects:  60% (1867/3111)   Receiving objects:  61% (1898/3111)   Receiving objects:  62% (1929/3111)   Receiving objects:  63% (1960/3111)   Receiving objects:  64% (1992/3111)   Receiving objects:  65% (2023/3111)   Receiving objects:  66% (2054/3111)   Receiving objects:  67% (2085/3111)   Receiving objects:  68% (2116/3111)   Receiving objects:  69% (2147/3111)   Receiving objects:  70% (2178/3111)   Receiving objects:  71% (2209/3111)   Receiving objects:  72% (2240/3111)   Receiving objects:  73% (2272/3111)   Receiving objects:  74% (2303/3111)   Receiving objects:  75% (2334/3111)   Receiving objects:  76% (2365/3111)   Receiving objects:  77% (2396/3111)   Receiving objects:  78% (2427/3111)   Receiving objects:  79% (2458/3111)   Receiving objects:  80% (2489/3111)   Receiving objects:  81% (2520/3111)   Receiving objects:  82% (2552/3111)   Receiving objects:  83% (2583/3111)   Receiving objects:  84% (2614/3111)   Receiving objects:  85% (2645/3111)   Receiving objects:  86% (2676/3111)   Receiving objects:  87% (2707/3111)   Receiving objects:  88% (2738/3111)   Receiving objects:  89% (2769/3111)   Receiving objects:  90% (2800/3111)   Receiving objects:  91% (2832/3111)   Receiving objects:  92% (2863/3111)   Receiving objects:  93% (2894/3111)   Receiving objects:  94% (2925/3111)   remote: Total 3111 (delta 1493), reused 2567 (delta 1100), pack-reused 0[K
Receiving objects:  95% (2956/3111)   Receiving objects:  96% (2987/3111)   Receiving objects:  97% (3018/3111)   Receiving objects:  98% (3049/3111)   Receiving objects:  99% (3080/3111)   Receiving objects: 100% (3111/3111)   Receiving objects: 100% (3111/3111), 1.03 MiB | 0 bytes/s, done.
Resolving deltas:   0% (0/1493)   Resolving deltas:  17% (262/1493)   Resolving deltas:  24% (366/1493)   Resolving deltas:  25% (382/1493)   Resolving deltas:  26% (392/1493)   Resolving deltas:  27% (405/1493)   Resolving deltas:  29% (442/1493)   Resolving deltas:  30% (448/1493)   Resolving deltas:  31% (465/1493)   Resolving deltas:  32% (478/1493)   Resolving deltas:  37% (559/1493)   Resolving deltas:  38% (574/1493)   Resolving deltas:  39% (583/1493)   Resolving deltas:  42% (634/1493)   Resolving deltas:  46% (695/1493)   Resolving deltas:  47% (704/1493)   Resolving deltas:  48% (722/1493)   Resolving deltas:  53% (797/1493)   Resolving deltas:  54% (808/1493)   Resolving deltas:  61% (915/1493)   Resolving deltas:  62% (926/1493)   Resolving deltas:  63% (941/1493)   Resolving deltas:  64% (960/1493)   Resolving deltas:  65% (973/1493)   Resolving deltas:  66% (987/1493)   Resolving deltas:  67% (1002/1493)   Resolving deltas:  68% (1016/1493)   Resolving deltas:  69% (1037/1493)   Resolving deltas:  70% (1051/1493)   Resolving deltas:  71% (1071/1493)   Resolving deltas:  72% (1077/1493)   Resolving deltas:  73% (1093/1493)   Resolving deltas:  74% (1105/1493)   Resolving deltas:  75% (1124/1493)   Resolving deltas:  76% (1142/1493)   Resolving deltas:  78% (1166/1493)   Resolving deltas:  79% (1181/1493)   Resolving deltas:  80% (1196/1493)   Resolving deltas:  81% (1213/1493)   Resolving deltas:  82% (1231/1493)   Resolving deltas:  83% (1248/1493)   Resolving deltas:  84% (1261/1493)   Resolving deltas:  85% (1272/1493)   Resolving deltas:  87% (1307/1493)   Resolving deltas:  89% (1339/1493)   Resolving deltas:  90% (1354/1493)   Resolving deltas:  91% (1366/1493)   Resolving deltas:  92% (1388/1493)   Resolving deltas:  93% (1393/1493)   Resolving deltas:  94% (1407/1493)   Resolving deltas:  95% (1423/1493)   Resolving deltas:  96% (1434/1493)   Resolving deltas:  97% (1449/1493)   Resolving deltas:  98% (1473/1493)   Resolving deltas:  99% (1483/1493)   Resolving deltas: 100% (1493/1493)   Resolving deltas: 100% (1493/1493), done.
Checking connectivity... done.
travis_time:end:056a660b:start=1426609265236373720,finish=1426609265951134227,duration=714760507[0K$ cd ReactiveX/RxJava
$ git checkout -qf 6eae063c55681831d5e1a7c650ad6785f7abea8e
travis_fold:end:git.checkout[0K
[33;1mThis job is running on container-based infrastructure, which does not allow use of 'sudo', setuid and setguid executables.[0m
[33;1mSee http://docs.travis-ci.com/user/workers/container-based-infrastructure/ for details.[0m

[33;1mSetting environment variables from .travis.yml[0m
$ export bintrayUser=[secure]
$ export bintrayKey=[secure]
$ export sonatypePassword=[secure]
$ export sonatypeUsername=[secure]

$ jdk_switcher use oraclejdk7
Switching to Oracle JDK7 (java-7-oracle), JAVA_HOME will be set to /usr/lib/jvm/java-7-oracle
$ export TERM=dumb
$ java -version
java version "1.7.0_76"
Java(TM) SE Runtime Environment (build 1.7.0_76-b13)
Java HotSpot(TM) 64-Bit Server VM (build 24.76-b04, mixed mode)
$ javac -version
javac 1.7.0_76
travis_fold:start:install[0Ktravis_time:start:0ca082b8[0K$ ./gradlew assemble
Downloading https://services.gradle.org/distributions/gradle-2.2.1-bin.zip
..................................................................................................................................................................................................................................................................................................................................................................................................................................................................................................................................................................................................................................................................................................................................................................................................................................................................................................................................................................................................................................................................................................................................................................................................................................................................................................................................................................................................................................................................................................................................................................................................................................................................................................................................................................................................................................................................................................................................................................................................................................................................................................................................................................
Unzipping /home/travis/.gradle/wrapper/dists/gradle-2.2.1-bin/88n1whbyjvxg3s40jzz5ur27/gradle-2.2.1-bin.zip to /home/travis/.gradle/wrapper/dists/gradle-2.2.1-bin/88n1whbyjvxg3s40jzz5ur27
Set executable permissions for: /home/travis/.gradle/wrapper/dists/gradle-2.2.1-bin/88n1whbyjvxg3s40jzz5ur27/gradle-2.2.1/bin/gradle
Download https://jcenter.bintray.com/com/netflix/nebula/gradle-rxjava-project-plugin/2.2.3/gradle-rxjava-project-plugin-2.2.3.pom
Download https://jcenter.bintray.com/com/netflix/nebula/nebula-project-plugin/2.0.0/nebula-project-plugin-2.0.0.pom
Download https://jcenter.bintray.com/com/netflix/nebula/nebula-bintray-plugin/2.0.2/nebula-bintray-plugin-2.0.2.pom
Download https://jcenter.bintray.com/com/netflix/nebula/nebula-release-plugin/2.2.4/nebula-release-plugin-2.2.4.pom
Download https://jcenter.bintray.com/com/netflix/nebula/gradle-override-plugin/2.0.1/gradle-override-plugin-2.0.1.pom
Download https://jcenter.bintray.com/com/netflix/nebula/nebula-publishing-plugin/2.0.1/nebula-publishing-plugin-2.0.1.pom
Download https://jcenter.bintray.com/com/github/jengelman/gradle/plugins/shadow/1.2.0/shadow-1.2.0.pom
Download https://jcenter.bintray.com/nl/javadude/gradle/plugins/license-gradle-plugin/0.11.0/license-gradle-plugin-0.11.0.pom
Download https://jcenter.bintray.com/com/google/guava/guava/17.0/guava-17.0.pom
Download https://jcenter.bintray.com/com/google/guava/guava-parent/17.0/guava-parent-17.0.pom
Download https://jcenter.bintray.com/org/sonatype/oss/oss-parent/7/oss-parent-7.pom
Download https://jcenter.bintray.com/com/netflix/nebula/nebula-core/2.0.0/nebula-core-2.0.0.pom
Download https://jcenter.bintray.com/com/netflix/nebula/gradle-contacts-plugin/2.0.0/gradle-contacts-plugin-2.0.0.pom
Download https://jcenter.bintray.com/com/netflix/nebula/gradle-dependency-lock-plugin/2.0.0/gradle-dependency-lock-plugin-2.0.0.pom
Download https://jcenter.bintray.com/com/netflix/nebula/gradle-info-plugin/2.0.0/gradle-info-plugin-2.0.0.pom
Download https://jcenter.bintray.com/com/jfrog/bintray/gradle/gradle-bintray-plugin/1.0/gradle-bintray-plugin-1.0.pom
Download https://jcenter.bintray.com/org/jfrog/buildinfo/build-info-extractor-gradle/3.0.1/build-info-extractor-gradle-3.0.1.pom
Download https://jcenter.bintray.com/org/ajoberstar/gradle-git/0.12.0/gradle-git-0.12.0.pom
Download https://jcenter.bintray.com/commons-beanutils/commons-beanutils-core/1.8.3/commons-beanutils-core-1.8.3.pom
Download https://jcenter.bintray.com/org/apache/apache/4/apache-4.pom
Download https://jcenter.bintray.com/org/jdom/jdom2/2.0.5/jdom2-2.0.5.pom
Download https://jcenter.bintray.com/org/ow2/asm/asm/5.0.3/asm-5.0.3.pom
Download https://jcenter.bintray.com/org/ow2/asm/asm-parent/5.0.3/asm-parent-5.0.3.pom
Download https://jcenter.bintray.com/org/ow2/ow2/1.3/ow2-1.3.pom
Download https://jcenter.bintray.com/org/ow2/asm/asm-commons/5.0.3/asm-commons-5.0.3.pom
Download https://jcenter.bintray.com/commons-io/commons-io/2.4/commons-io-2.4.pom
Download https://jcenter.bintray.com/org/apache/commons/commons-parent/25/commons-parent-25.pom
Download https://jcenter.bintray.com/org/apache/apache/9/apache-9.pom
Download https://jcenter.bintray.com/org/apache/ant/ant/1.9.4/ant-1.9.4.pom
Download https://jcenter.bintray.com/org/apache/ant/ant-parent/1.9.4/ant-parent-1.9.4.pom
Download https://jcenter.bintray.com/com/mycila/maven-license-plugin/maven-license-plugin/1.10.b1/maven-license-plugin-1.10.b1.pom
Download https://jcenter.bintray.com/com/mycila/parent-pom/5/parent-pom-5.pom
Download https://jcenter.bintray.com/org/apache/commons/commons-lang3/3.2.1/commons-lang3-3.2.1.pom
Download https://jcenter.bintray.com/org/apache/commons/commons-parent/32/commons-parent-32.pom
Download https://jcenter.bintray.com/org/apache/apache/13/apache-13.pom
Download https://jcenter.bintray.com/com/netflix/nebula/gradle-scm-plugin/2.0.0/gradle-scm-plugin-2.0.0.pom
Download https://jcenter.bintray.com/com/perforce/p4java-jfrog/2011.1.297684/p4java-jfrog-2011.1.297684.pom
Download https://jcenter.bintray.com/org/eclipse/jgit/org.eclipse.jgit/3.2.0.201312181205-r/org.eclipse.jgit-3.2.0.201312181205-r.pom
Download https://jcenter.bintray.com/org/eclipse/jgit/org.eclipse.jgit-parent/3.2.0.201312181205-r/org.eclipse.jgit-parent-3.2.0.201312181205-r.pom
Download https://jcenter.bintray.com/org/codehaus/groovy/modules/http-builder/http-builder/0.7.2/http-builder-0.7.2.pom
Download https://jcenter.bintray.com/org/apache/ivy/ivy/2.2.0/ivy-2.2.0.pom
Download https://jcenter.bintray.com/org/apache/apache/7/apache-7.pom
Download https://jcenter.bintray.com/commons-logging/commons-logging/1.1.1/commons-logging-1.1.1.pom
Download https://jcenter.bintray.com/org/apache/commons/commons-parent/5/commons-parent-5.pom
Download https://jcenter.bintray.com/org/jfrog/buildinfo/build-info-extractor/2.3.0/build-info-extractor-2.3.0.pom
Download https://jcenter.bintray.com/javax/annotation/jsr250-api/1.0/jsr250-api-1.0.pom
Download https://jcenter.bintray.com/commons-lang/commons-lang/2.4/commons-lang-2.4.pom
Download https://jcenter.bintray.com/org/apache/commons/commons-parent/9/commons-parent-9.pom
Download https://jcenter.bintray.com/org/ajoberstar/grgit/0.4.0/grgit-0.4.0.pom
Download https://jcenter.bintray.com/com/github/zafarkhaja/java-semver/0.8.0/java-semver-0.8.0.pom
Download https://jcenter.bintray.com/org/sonatype/oss/oss-parent/9/oss-parent-9.pom
Download https://jcenter.bintray.com/org/ow2/asm/asm-tree/5.0.3/asm-tree-5.0.3.pom
Download https://jcenter.bintray.com/org/apache/ant/ant-launcher/1.9.4/ant-launcher-1.9.4.pom
Download https://jcenter.bintray.com/org/apache/maven/maven-plugin-api/3.0.1/maven-plugin-api-3.0.1.pom
Download https://jcenter.bintray.com/org/apache/maven/maven/3.0.1/maven-3.0.1.pom
Download https://jcenter.bintray.com/org/apache/maven/maven-parent/15/maven-parent-15.pom
Download https://jcenter.bintray.com/org/apache/apache/6/apache-6.pom
Download https://jcenter.bintray.com/com/mycila/xmltool/xmltool/3.3/xmltool-3.3.pom
Download https://jcenter.bintray.com/org/apache/maven/maven-project/3.0-alpha-2/maven-project-3.0-alpha-2.pom
Download https://jcenter.bintray.com/org/apache/maven/maven/3.0-alpha-2/maven-3.0-alpha-2.pom
Download https://jcenter.bintray.com/org/apache/maven/maven-parent/10/maven-parent-10.pom
Download https://jcenter.bintray.com/org/codehaus/plexus/plexus-utils/2.0.5/plexus-utils-2.0.5.pom
Download https://jcenter.bintray.com/org/codehaus/plexus/plexus/2.0.6/plexus-2.0.6.pom
Download https://jcenter.bintray.com/com/jcraft/jzlib/1.0.7/jzlib-1.0.7.pom
Download https://jcenter.bintray.com/com/jcraft/jsch/0.1.46/jsch-0.1.46.pom
Download https://jcenter.bintray.com/org/sonatype/oss/oss-parent/6/oss-parent-6.pom
Download https://jcenter.bintray.com/com/googlecode/javaewah/JavaEWAH/0.5.6/JavaEWAH-0.5.6.pom
Download https://jcenter.bintray.com/org/sonatype/oss/oss-parent/5/oss-parent-5.pom
Download https://jcenter.bintray.com/org/apache/httpcomponents/httpclient/4.2.1/httpclient-4.2.1.pom
Download https://jcenter.bintray.com/org/apache/httpcomponents/httpcomponents-client/4.2.1/httpcomponents-client-4.2.1.pom
Download https://jcenter.bintray.com/org/apache/httpcomponents/project/6/project-6.pom
Download https://jcenter.bintray.com/net/sf/json-lib/json-lib/2.3/json-lib-2.3.pom
Download https://jcenter.bintray.com/net/sourceforge/nekohtml/nekohtml/1.9.16/nekohtml-1.9.16.pom
Download https://jcenter.bintray.com/xml-resolver/xml-resolver/1.2/xml-resolver-1.2.pom
Download https://jcenter.bintray.com/org/apache/apache/3/apache-3.pom
Download https://jcenter.bintray.com/org/jfrog/buildinfo/build-info-client/2.3.0/build-info-client-2.3.0.pom
Download https://jcenter.bintray.com/com/thoughtworks/xstream/xstream/1.3.1/xstream-1.3.1.pom
Download https://jcenter.bintray.com/com/thoughtworks/xstream/xstream-parent/1.3.1/xstream-parent-1.3.1.pom
Download https://jcenter.bintray.com/org/eclipse/jgit/org.eclipse.jgit.ui/3.3.2.201404171909-r/org.eclipse.jgit.ui-3.3.2.201404171909-r.pom
Download https://jcenter.bintray.com/org/eclipse/jgit/org.eclipse.jgit-parent/3.3.2.201404171909-r/org.eclipse.jgit-parent-3.3.2.201404171909-r.pom
Download https://jcenter.bintray.com/com/jcraft/jsch.agentproxy.jsch/0.0.7/jsch.agentproxy.jsch-0.0.7.pom
Download https://jcenter.bintray.com/com/jcraft/jsch.agentproxy/0.0.7/jsch.agentproxy-0.0.7.pom
Download https://jcenter.bintray.com/com/jcraft/jsch.agentproxy.pageant/0.0.7/jsch.agentproxy.pageant-0.0.7.pom
Download https://jcenter.bintray.com/com/jcraft/jsch.agentproxy.sshagent/0.0.7/jsch.agentproxy.sshagent-0.0.7.pom
Download https://jcenter.bintray.com/com/jcraft/jsch.agentproxy.usocket-jna/0.0.7/jsch.agentproxy.usocket-jna-0.0.7.pom
Download https://jcenter.bintray.com/com/jcraft/jsch.agentproxy.usocket-nc/0.0.7/jsch.agentproxy.usocket-nc-0.0.7.pom
Download https://jcenter.bintray.com/org/slf4j/slf4j-api/1.7.7/slf4j-api-1.7.7.pom
Download https://jcenter.bintray.com/org/slf4j/slf4j-parent/1.7.7/slf4j-parent-1.7.7.pom
Download https://jcenter.bintray.com/org/apache/maven/maven-model/3.0.1/maven-model-3.0.1.pom
Download https://jcenter.bintray.com/org/apache/maven/maven-artifact/3.0.1/maven-artifact-3.0.1.pom
Download https://jcenter.bintray.com/org/sonatype/sisu/sisu-inject-plexus/1.4.3.1/sisu-inject-plexus-1.4.3.1.pom
Download https://jcenter.bintray.com/org/sonatype/sisu/inject/guice-plexus/1.4.3.1/guice-plexus-1.4.3.1.pom
Download https://jcenter.bintray.com/org/sonatype/sisu/inject/guice-bean/1.4.3.1/guice-bean-1.4.3.1.pom
Download https://jcenter.bintray.com/org/sonatype/sisu/sisu-inject/1.4.3.1/sisu-inject-1.4.3.1.pom
Download https://jcenter.bintray.com/org/sonatype/sisu/sisu-parent/1.4.3.1/sisu-parent-1.4.3.1.pom
Download https://jcenter.bintray.com/org/sonatype/forge/forge-parent/6/forge-parent-6.pom
Download https://jcenter.bintray.com/org/codehaus/plexus/plexus-interpolation/1.1/plexus-interpolation-1.1.pom
Download https://jcenter.bintray.com/org/codehaus/plexus/plexus/1.0.11/plexus-1.0.11.pom
Download https://jcenter.bintray.com/org/apache/maven/maven-compat/3.0-alpha-2/maven-compat-3.0-alpha-2.pom
Download https://jcenter.bintray.com/org/codehaus/plexus/plexus-container-default/1.0-beta-3.0.5/plexus-container-default-1.0-beta-3.0.5.pom
Download https://jcenter.bintray.com/org/codehaus/plexus/plexus-containers/1.0-beta-3.0.5/plexus-containers-1.0-beta-3.0.5.pom
Download https://jcenter.bintray.com/org/codehaus/plexus/plexus/2.0.2/plexus-2.0.2.pom
Download https://jcenter.bintray.com/org/codehaus/woodstox/wstx-asl/3.2.6/wstx-asl-3.2.6.pom
Download https://jcenter.bintray.com/org/sonatype/spice/model-builder/1.3/model-builder-1.3.pom
Download https://jcenter.bintray.com/org/sonatype/spice/spice-parent/10/spice-parent-10.pom
Download https://jcenter.bintray.com/org/sonatype/forge/forge-parent/3/forge-parent-3.pom
Download https://jcenter.bintray.com/org/apache/maven/maven-project-builder/3.0-alpha-2/maven-project-builder-3.0-alpha-2.pom
Download https://jcenter.bintray.com/org/apache/httpcomponents/httpcore/4.2.1/httpcore-4.2.1.pom
Download https://jcenter.bintray.com/org/apache/httpcomponents/httpcomponents-core/4.2.1/httpcomponents-core-4.2.1.pom
Download https://jcenter.bintray.com/commons-codec/commons-codec/1.6/commons-codec-1.6.pom
Download https://jcenter.bintray.com/org/apache/commons/commons-parent/22/commons-parent-22.pom
Download https://jcenter.bintray.com/commons-beanutils/commons-beanutils/1.8.0/commons-beanutils-1.8.0.pom
Download https://jcenter.bintray.com/org/apache/commons/commons-parent/11/commons-parent-11.pom
Download https://jcenter.bintray.com/commons-collections/commons-collections/3.2.1/commons-collections-3.2.1.pom
Download https://jcenter.bintray.com/net/sf/ezmorph/ezmorph/1.0.6/ezmorph-1.0.6.pom
Download https://jcenter.bintray.com/xerces/xercesImpl/2.9.1/xercesImpl-2.9.1.pom
Download https://jcenter.bintray.com/org/codehaus/jackson/jackson-mapper-asl/1.9.12/jackson-mapper-asl-1.9.12.pom
Download https://jcenter.bintray.com/org/jfrog/buildinfo/build-info-api/2.3.0/build-info-api-2.3.0.pom
Download https://jcenter.bintray.com/xpp3/xpp3_min/1.1.4c/xpp3_min-1.1.4c.pom
Download https://jcenter.bintray.com/com/jcraft/jsch.agentproxy.core/0.0.7/jsch.agentproxy.core-0.0.7.pom
Download https://jcenter.bintray.com/net/java/dev/jna/jna/3.4.0/jna-3.4.0.pom
Download https://jcenter.bintray.com/net/java/dev/jna/platform/3.4.0/platform-3.4.0.pom
Download https://jcenter.bintray.com/org/codehaus/plexus/plexus-component-annotations/1.5.5/plexus-component-annotations-1.5.5.pom
Download https://jcenter.bintray.com/org/codehaus/plexus/plexus-containers/1.5.5/plexus-containers-1.5.5.pom
Download https://jcenter.bintray.com/org/codehaus/plexus/plexus/2.0.7/plexus-2.0.7.pom
Download https://jcenter.bintray.com/org/codehaus/plexus/plexus-classworlds/2.2.3/plexus-classworlds-2.2.3.pom
Download https://jcenter.bintray.com/org/sonatype/sisu/sisu-inject-bean/1.4.3.1/sisu-inject-bean-1.4.3.1.pom
Download https://jcenter.bintray.com/org/apache/maven/wagon/wagon-provider-api/1.0-beta-4/wagon-provider-api-1.0-beta-4.pom
Download https://jcenter.bintray.com/org/apache/maven/wagon/wagon/1.0-beta-4/wagon-1.0-beta-4.pom
Download https://jcenter.bintray.com/org/apache/maven/maven-parent/8/maven-parent-8.pom
Download https://jcenter.bintray.com/org/apache/xbean/xbean-reflect/3.4/xbean-reflect-3.4.pom
Download https://jcenter.bintray.com/org/apache/xbean/xbean/3.4/xbean-3.4.pom
Download https://jcenter.bintray.com/com/google/code/google-collections/google-collect/snapshot-20080530/google-collect-snapshot-20080530.pom
Download https://jcenter.bintray.com/stax/stax-api/1.0.1/stax-api-1.0.1.pom
Download https://jcenter.bintray.com/org/codehaus/jackson/jackson-core-asl/1.9.12/jackson-core-asl-1.9.12.pom
Download https://jcenter.bintray.com/org/sonatype/sisu/sisu-guice/2.9.1/sisu-guice-2.9.1.pom
Download https://jcenter.bintray.com/org/sonatype/sisu/inject/guice-parent/2.9.1/guice-parent-2.9.1.pom
Download https://jcenter.bintray.com/log4j/log4j/1.2.12/log4j-1.2.12.pom
Download https://jcenter.bintray.com/commons-logging/commons-logging-api/1.1/commons-logging-api-1.1.pom
Download https://jcenter.bintray.com/org/eclipse/jgit/org.eclipse.jgit/3.3.2.201404171909-r/org.eclipse.jgit-3.3.2.201404171909-r.pom
Download https://jcenter.bintray.com/commons-codec/commons-codec/1.8/commons-codec-1.8.pom
Download https://jcenter.bintray.com/org/apache/commons/commons-parent/28/commons-parent-28.pom
Download https://jcenter.bintray.com/org/apache/httpcomponents/httpclient/4.2.5/httpclient-4.2.5.pom
Download https://jcenter.bintray.com/org/apache/httpcomponents/httpcomponents-client/4.2.5/httpcomponents-client-4.2.5.pom
Download https://jcenter.bintray.com/com/jcraft/jsch/0.1.50/jsch-0.1.50.pom
Download https://jcenter.bintray.com/com/netflix/nebula/gradle-contacts-plugin/2.0.1/gradle-contacts-plugin-2.0.1.pom
Download https://jcenter.bintray.com/com/googlecode/javaewah/JavaEWAH/0.7.9/JavaEWAH-0.7.9.pom
Download https://jcenter.bintray.com/org/apache/httpcomponents/httpcore/4.2.4/httpcore-4.2.4.pom
Download https://jcenter.bintray.com/org/apache/httpcomponents/httpcomponents-core/4.2.4/httpcomponents-core-4.2.4.pom
Download https://jcenter.bintray.com/com/netflix/nebula/gradle-rxjava-project-plugin/2.2.3/gradle-rxjava-project-plugin-2.2.3.jar
Download https://jcenter.bintray.com/com/netflix/nebula/nebula-project-plugin/2.0.0/nebula-project-plugin-2.0.0.jar
Download https://jcenter.bintray.com/com/netflix/nebula/nebula-bintray-plugin/2.0.2/nebula-bintray-plugin-2.0.2.jar
Download https://jcenter.bintray.com/com/netflix/nebula/nebula-release-plugin/2.2.4/nebula-release-plugin-2.2.4.jar
Download https://jcenter.bintray.com/com/netflix/nebula/gradle-override-plugin/2.0.1/gradle-override-plugin-2.0.1.jar
Download https://jcenter.bintray.com/com/netflix/nebula/nebula-publishing-plugin/2.0.1/nebula-publishing-plugin-2.0.1.jar
Download https://jcenter.bintray.com/com/github/jengelman/gradle/plugins/shadow/1.2.0/shadow-1.2.0.jar
Download https://jcenter.bintray.com/nl/javadude/gradle/plugins/license-gradle-plugin/0.11.0/license-gradle-plugin-0.11.0.jar
Download https://jcenter.bintray.com/com/google/guava/guava/17.0/guava-17.0.jar
Download https://jcenter.bintray.com/com/netflix/nebula/nebula-core/2.0.0/nebula-core-2.0.0.jar
Download https://jcenter.bintray.com/com/netflix/nebula/gradle-dependency-lock-plugin/2.0.0/gradle-dependency-lock-plugin-2.0.0.jar
Download https://jcenter.bintray.com/com/netflix/nebula/gradle-info-plugin/2.0.0/gradle-info-plugin-2.0.0.jar
Download https://jcenter.bintray.com/com/jfrog/bintray/gradle/gradle-bintray-plugin/1.0/gradle-bintray-plugin-1.0.jar
Download https://jcenter.bintray.com/org/jfrog/buildinfo/build-info-extractor-gradle/3.0.1/build-info-extractor-gradle-3.0.1.jar
Download https://jcenter.bintray.com/org/ajoberstar/gradle-git/0.12.0/gradle-git-0.12.0.jar
Download https://jcenter.bintray.com/commons-beanutils/commons-beanutils-core/1.8.3/commons-beanutils-core-1.8.3.jar
Download https://jcenter.bintray.com/org/jdom/jdom2/2.0.5/jdom2-2.0.5.jar
Download https://jcenter.bintray.com/org/ow2/asm/asm/5.0.3/asm-5.0.3.jar
Download https://jcenter.bintray.com/org/ow2/asm/asm-commons/5.0.3/asm-commons-5.0.3.jar
Download https://jcenter.bintray.com/commons-io/commons-io/2.4/commons-io-2.4.jar
Download https://jcenter.bintray.com/org/apache/ant/ant/1.9.4/ant-1.9.4.jar
Download https://jcenter.bintray.com/com/mycila/maven-license-plugin/maven-license-plugin/1.10.b1/maven-license-plugin-1.10.b1.jar
Download https://jcenter.bintray.com/org/apache/commons/commons-lang3/3.2.1/commons-lang3-3.2.1.jar
Download https://jcenter.bintray.com/com/netflix/nebula/gradle-scm-plugin/2.0.0/gradle-scm-plugin-2.0.0.jar
Download https://jcenter.bintray.com/com/perforce/p4java-jfrog/2011.1.297684/p4java-jfrog-2011.1.297684.jar
Download https://jcenter.bintray.com/org/codehaus/groovy/modules/http-builder/http-builder/0.7.2/http-builder-0.7.2.jar
Download https://jcenter.bintray.com/org/apache/ivy/ivy/2.2.0/ivy-2.2.0.jar
Download https://jcenter.bintray.com/commons-logging/commons-logging/1.1.1/commons-logging-1.1.1.jar
Download https://jcenter.bintray.com/org/jfrog/buildinfo/build-info-extractor/2.3.0/build-info-extractor-2.3.0.jar
Download https://jcenter.bintray.com/javax/annotation/jsr250-api/1.0/jsr250-api-1.0.jar
Download https://jcenter.bintray.com/commons-lang/commons-lang/2.4/commons-lang-2.4.jar
Download https://jcenter.bintray.com/org/ajoberstar/grgit/0.4.0/grgit-0.4.0.jar
Download https://jcenter.bintray.com/com/github/zafarkhaja/java-semver/0.8.0/java-semver-0.8.0.jar
Download https://jcenter.bintray.com/org/ow2/asm/asm-tree/5.0.3/asm-tree-5.0.3.jar
Download https://jcenter.bintray.com/org/apache/ant/ant-launcher/1.9.4/ant-launcher-1.9.4.jar
Download https://jcenter.bintray.com/org/apache/maven/maven-plugin-api/3.0.1/maven-plugin-api-3.0.1.jar
Download https://jcenter.bintray.com/com/mycila/xmltool/xmltool/3.3/xmltool-3.3.jar
Download https://jcenter.bintray.com/org/apache/maven/maven-project/3.0-alpha-2/maven-project-3.0-alpha-2.jar
Download https://jcenter.bintray.com/org/codehaus/plexus/plexus-utils/2.0.5/plexus-utils-2.0.5.jar
Download https://jcenter.bintray.com/com/jcraft/jzlib/1.0.7/jzlib-1.0.7.jar
Download https://jcenter.bintray.com/net/sf/json-lib/json-lib/2.3/json-lib-2.3-jdk15.jar
Download https://jcenter.bintray.com/net/sourceforge/nekohtml/nekohtml/1.9.16/nekohtml-1.9.16.jar
Download https://jcenter.bintray.com/xml-resolver/xml-resolver/1.2/xml-resolver-1.2.jar
Download https://jcenter.bintray.com/org/jfrog/buildinfo/build-info-client/2.3.0/build-info-client-2.3.0.jar
Download https://jcenter.bintray.com/com/thoughtworks/xstream/xstream/1.3.1/xstream-1.3.1.jar
Download https://jcenter.bintray.com/org/eclipse/jgit/org.eclipse.jgit.ui/3.3.2.201404171909-r/org.eclipse.jgit.ui-3.3.2.201404171909-r.jar
Download https://jcenter.bintray.com/com/jcraft/jsch.agentproxy.jsch/0.0.7/jsch.agentproxy.jsch-0.0.7.jar
Download https://jcenter.bintray.com/com/jcraft/jsch.agentproxy.pageant/0.0.7/jsch.agentproxy.pageant-0.0.7.jar
Download https://jcenter.bintray.com/com/jcraft/jsch.agentproxy.sshagent/0.0.7/jsch.agentproxy.sshagent-0.0.7.jar
Download https://jcenter.bintray.com/com/jcraft/jsch.agentproxy.usocket-jna/0.0.7/jsch.agentproxy.usocket-jna-0.0.7.jar
Download https://jcenter.bintray.com/com/jcraft/jsch.agentproxy.usocket-nc/0.0.7/jsch.agentproxy.usocket-nc-0.0.7.jar
Download https://jcenter.bintray.com/org/slf4j/slf4j-api/1.7.7/slf4j-api-1.7.7.jar
Download https://jcenter.bintray.com/org/apache/maven/maven-model/3.0.1/maven-model-3.0.1.jar
Download https://jcenter.bintray.com/org/apache/maven/maven-artifact/3.0.1/maven-artifact-3.0.1.jar
Download https://jcenter.bintray.com/org/sonatype/sisu/sisu-inject-plexus/1.4.3.1/sisu-inject-plexus-1.4.3.1.jar
Download https://jcenter.bintray.com/org/codehaus/plexus/plexus-interpolation/1.1/plexus-interpolation-1.1.jar
Download https://jcenter.bintray.com/org/apache/maven/maven-compat/3.0-alpha-2/maven-compat-3.0-alpha-2.jar
Download https://jcenter.bintray.com/org/codehaus/plexus/plexus-container-default/1.0-beta-3.0.5/plexus-container-default-1.0-beta-3.0.5.jar
Download https://jcenter.bintray.com/org/codehaus/woodstox/wstx-asl/3.2.6/wstx-asl-3.2.6.jar
Download https://jcenter.bintray.com/org/sonatype/spice/model-builder/1.3/model-builder-1.3.jar
Download https://jcenter.bintray.com/org/apache/maven/maven-project-builder/3.0-alpha-2/maven-project-builder-3.0-alpha-2.jar
Download https://jcenter.bintray.com/commons-beanutils/commons-beanutils/1.8.0/commons-beanutils-1.8.0.jar
Download https://jcenter.bintray.com/commons-collections/commons-collections/3.2.1/commons-collections-3.2.1.jar
Download https://jcenter.bintray.com/net/sf/ezmorph/ezmorph/1.0.6/ezmorph-1.0.6.jar
Download https://jcenter.bintray.com/xerces/xercesImpl/2.9.1/xercesImpl-2.9.1.jar
Download https://jcenter.bintray.com/org/codehaus/jackson/jackson-mapper-asl/1.9.12/jackson-mapper-asl-1.9.12.jar
Download https://jcenter.bintray.com/org/jfrog/buildinfo/build-info-api/2.3.0/build-info-api-2.3.0.jar
Download https://jcenter.bintray.com/xpp3/xpp3_min/1.1.4c/xpp3_min-1.1.4c.jar
Download https://jcenter.bintray.com/com/jcraft/jsch.agentproxy.core/0.0.7/jsch.agentproxy.core-0.0.7.jar
Download https://jcenter.bintray.com/net/java/dev/jna/jna/3.4.0/jna-3.4.0.jar
Download https://jcenter.bintray.com/net/java/dev/jna/platform/3.4.0/platform-3.4.0.jar
Download https://jcenter.bintray.com/org/codehaus/plexus/plexus-component-annotations/1.5.5/plexus-component-annotations-1.5.5.jar
Download https://jcenter.bintray.com/org/codehaus/plexus/plexus-classworlds/2.2.3/plexus-classworlds-2.2.3.jar
Download https://jcenter.bintray.com/org/sonatype/sisu/sisu-inject-bean/1.4.3.1/sisu-inject-bean-1.4.3.1.jar
Download https://jcenter.bintray.com/org/apache/maven/wagon/wagon-provider-api/1.0-beta-4/wagon-provider-api-1.0-beta-4.jar
Download https://jcenter.bintray.com/org/apache/xbean/xbean-reflect/3.4/xbean-reflect-3.4.jar
Download https://jcenter.bintray.com/com/google/code/google-collections/google-collect/snapshot-20080530/google-collect-snapshot-20080530.jar
Download https://jcenter.bintray.com/stax/stax-api/1.0.1/stax-api-1.0.1.jar
Download https://jcenter.bintray.com/org/codehaus/jackson/jackson-core-asl/1.9.12/jackson-core-asl-1.9.12.jar
Download https://jcenter.bintray.com/org/sonatype/sisu/sisu-guice/2.9.1/sisu-guice-2.9.1-noaop.jar
Download https://jcenter.bintray.com/log4j/log4j/1.2.12/log4j-1.2.12.jar
Download https://jcenter.bintray.com/commons-logging/commons-logging-api/1.1/commons-logging-api-1.1.jar
Download https://jcenter.bintray.com/org/eclipse/jgit/org.eclipse.jgit/3.3.2.201404171909-r/org.eclipse.jgit-3.3.2.201404171909-r.jar
Download https://jcenter.bintray.com/commons-codec/commons-codec/1.8/commons-codec-1.8.jar
Download https://jcenter.bintray.com/org/apache/httpcomponents/httpclient/4.2.5/httpclient-4.2.5.jar
Download https://jcenter.bintray.com/com/jcraft/jsch/0.1.50/jsch-0.1.50.jar
Download https://jcenter.bintray.com/com/netflix/nebula/gradle-contacts-plugin/2.0.1/gradle-contacts-plugin-2.0.1.jar
Download https://jcenter.bintray.com/com/googlecode/javaewah/JavaEWAH/0.7.9/JavaEWAH-0.7.9.jar
Download https://jcenter.bintray.com/org/apache/httpcomponents/httpcore/4.2.4/httpcore-4.2.4.jar
Inferred version: 1.0.9-SNAPSHOT
[buildinfo] Properties file path was not found! (Relevant only for builds running on a CI Server)
:compileJavawarning: [options] bootstrap class path not set in conjunction with -source 1.6
/home/travis/build/ReactiveX/RxJava/src/main/java/rx/internal/util/unsafe/UnsafeAccess.java:20: warning: Unsafe is internal proprietary API and may be removed in a future release
import sun.misc.Unsafe;
               ^
/home/travis/build/ReactiveX/RxJava/src/main/java/rx/internal/util/unsafe/UnsafeAccess.java:31: warning: Unsafe is internal proprietary API and may be removed in a future release
    public static final Unsafe UNSAFE;
                        ^
/home/travis/build/ReactiveX/RxJava/src/main/java/rx/internal/util/unsafe/UnsafeAccess.java:33: warning: Unsafe is internal proprietary API and may be removed in a future release
        Unsafe u = null;
        ^
/home/travis/build/ReactiveX/RxJava/src/main/java/rx/internal/util/unsafe/UnsafeAccess.java:41: warning: Unsafe is internal proprietary API and may be removed in a future release
            Field field = Unsafe.class.getDeclaredField("theUnsafe");
                          ^
/home/travis/build/ReactiveX/RxJava/src/main/java/rx/internal/util/unsafe/UnsafeAccess.java:43: warning: Unsafe is internal proprietary API and may be removed in a future release
            u = (Unsafe) field.get(null);
                 ^
6 warnings

:processResources UP-TO-DATE
:classes
:writeManifestProperties
:jar
:javadoc/home/travis/build/ReactiveX/RxJava/src/main/java/rx/exceptions/Exceptions.java:27: warning - @warn is an unknown tag.
/home/travis/build/ReactiveX/RxJava/src/main/java/rx/observables/AbstractOnSubscribe.java:153: warning - @Experimental is an unknown tag.
/home/travis/build/ReactiveX/RxJava/src/main/java/rx/observables/AbstractOnSubscribe.java:394: warning - @Experimental is an unknown tag.
/home/travis/build/ReactiveX/RxJava/src/main/java/rx/observables/AbstractOnSubscribe.java:582: warning - @warn is an unknown tag.
/home/travis/build/ReactiveX/RxJava/src/main/java/rx/Notification.java:69: warning - @warn is an unknown tag.
/home/travis/build/ReactiveX/RxJava/src/main/java/rx/Observable.java:2604: warning - @warn is an unknown tag.
/home/travis/build/ReactiveX/RxJava/src/main/java/rx/Observable.java:2604: warning - @Experimental is an unknown tag.
/home/travis/build/ReactiveX/RxJava/src/main/java/rx/Observable.java:5286: warning - @Experimental is an unknown tag.
/home/travis/build/ReactiveX/RxJava/src/main/java/rx/Observable.java:5331: warning - @Experimental is an unknown tag.
/home/travis/build/ReactiveX/RxJava/src/main/java/rx/Observable.java:5353: warning - @Experimental is an unknown tag.
/home/travis/build/ReactiveX/RxJava/src/main/java/rx/Observable.java:8049: warning - @warn is an unknown tag.
/home/travis/build/ReactiveX/RxJava/src/main/java/rx/Observable.java:8860: warning - @warn is an unknown tag.
/home/travis/build/ReactiveX/RxJava/src/main/java/rx/Observable.java:8860: warning - @warn is an unknown tag.
/home/travis/build/ReactiveX/RxJava/src/main/java/rx/Observable.java:8860: warning - @Experimental is an unknown tag.
/home/travis/build/ReactiveX/RxJava/src/main/java/rx/Observable.java:194: warning - @warn is an unknown tag.
/home/travis/build/ReactiveX/RxJava/src/main/java/rx/Producer.java:21: warning - @warn is an unknown tag.
/home/travis/build/ReactiveX/RxJava/src/main/java/rx/Subscriber.java:154: warning - @warn is an unknown tag.
/home/travis/build/ReactiveX/RxJava/src/main/java/rx/Subscriber.java:154: warning - @warn is an unknown tag.

18 warnings
:javadocJar
:compilePerfJava
Download https://jcenter.bintray.com/org/openjdk/jmh/jmh-core/0.9/jmh-core-0.9.pom
Download https://jcenter.bintray.com/org/openjdk/jmh/jmh-parent/0.9/jmh-parent-0.9.pom
Download https://jcenter.bintray.com/org/openjdk/jmh/jmh-generator-annprocess/0.9/jmh-generator-annprocess-0.9.pom
Download https://jcenter.bintray.com/net/sf/jopt-simple/jopt-simple/4.6/jopt-simple-4.6.pom
Download https://jcenter.bintray.com/org/apache/commons/commons-math3/3.2/commons-math3-3.2.pom
Download https://jcenter.bintray.com/org/openjdk/jmh/jmh-core/0.9/jmh-core-0.9.jar
Download https://jcenter.bintray.com/org/openjdk/jmh/jmh-generator-annprocess/0.9/jmh-generator-annprocess-0.9.jar
Download https://jcenter.bintray.com/net/sf/jopt-simple/jopt-simple/4.6/jopt-simple-4.6.jar
Download https://jcenter.bintray.com/org/apache/commons/commons-math3/3.2/commons-math3-3.2.jar
warning: [options] bootstrap class path not set in conjunction with -source 1.6
Note: Some input files use unchecked or unsafe operations.
Note: Recompile with -Xlint:unchecked for details.
1 warning
:processPerfResources UP-TO-DATE
:perfClasses
:shadowJar
:sourceJar
:assemble

BUILD SUCCESSFUL

Total time: 1 mins 26.744 secs
travis_time:end:0ca082b8:start=1426609268184218031,finish=1426609355310436873,duration=87126218842[0Ktravis_fold:end:install[0Ktravis_time:start:038e09fc[0K$ gradle/buildViaTravis.sh
Build Branch with Snapshot => Branch [1.x]
Inferred version: 1.0.9-SNAPSHOT
[buildinfo] Properties file path was not found! (Relevant only for builds running on a CI Server)
:compileJava UP-TO-DATE
:processResources UP-TO-DATE
:classes UP-TO-DATE
:writeManifestProperties UP-TO-DATE
:jar UP-TO-DATE
:javadoc UP-TO-DATE
:javadocJar UP-TO-DATE
:compilePerfJava UP-TO-DATE
:processPerfResources UP-TO-DATE
:perfClasses UP-TO-DATE
:shadowJar UP-TO-DATE
:sourceJar UP-TO-DATE
:assemble UP-TO-DATE
:writeLicenseHeader
:licenseExamples UP-TO-DATE
:licenseMain
Missing header in: src/main/java/rx/annotations/Beta.java
Missing header in: src/main/java/rx/annotations/Experimental.java
Unknown file extension: src/main/java/rx/internal/operators/README.md
Unknown file extension: src/main/java/rx/internal/util/README.md
Missing header in: src/main/java/rx/internal/util/unsafe/SpmcArrayQueue.java
Unknown file extension: src/main/java/rx/internal/util/unsafe/README.md
Missing header in: src/main/java/rx/internal/util/unsafe/MessagePassingQueue.java
Missing header in: src/main/java/rx/internal/util/unsafe/ConcurrentSequencedCircularArrayQueue.java
Missing header in: src/main/java/rx/internal/util/unsafe/Pow2.java
Missing header in: src/main/java/rx/internal/util/unsafe/MpmcArrayQueue.java
Missing header in: src/main/java/rx/internal/util/unsafe/ConcurrentCircularArrayQueue.java
Missing header in: src/main/java/rx/internal/util/unsafe/SpscArrayQueue.java
:licensePerf
Unknown file extension: src/perf/java/rx/README.md
Missing header in: src/perf/java/rx/jmh/README.txt
:licenseTest
Missing header in: src/test/java/rx/internal/util/JCToolsQueueTests.java
Missing header in: src/test/java/rx/schedulers/SchedulerTests.java
:license
:compileTestJava
Download https://jcenter.bintray.com/junit/junit-dep/4.10/junit-dep-4.10.pom
Download https://jcenter.bintray.com/org/mockito/mockito-core/1.8.5/mockito-core-1.8.5.pom
Download https://jcenter.bintray.com/org/hamcrest/hamcrest-core/1.1/hamcrest-core-1.1.pom
Download https://jcenter.bintray.com/org/hamcrest/hamcrest-parent/1.1/hamcrest-parent-1.1.pom
Download https://jcenter.bintray.com/org/objenesis/objenesis/1.0/objenesis-1.0.pom
Download https://jcenter.bintray.com/junit/junit-dep/4.10/junit-dep-4.10.jar
Download https://jcenter.bintray.com/org/mockito/mockito-core/1.8.5/mockito-core-1.8.5.jar
Download https://jcenter.bintray.com/org/hamcrest/hamcrest-core/1.1/hamcrest-core-1.1.jar
Download https://jcenter.bintray.com/org/objenesis/objenesis/1.0/objenesis-1.0.jar
warning: [options] bootstrap class path not set in conjunction with -source 1.6
Note: Some input files use unchecked or unsafe operations.
Note: Recompile with -Xlint:unchecked for details.
1 warning
:processTestResources UP-TO-DATE
:testClasses
:test

rx.BackpressureTests > testUserSubscriberUsingRequestAsync STARTED

rx.BackpressureTests > testFirehoseFailsAsExpected STARTED

rx.BackpressureTests > testOnBackpressureDrop STARTED

rx.BackpressureTests > testOnBackpressureDropWithAction STARTED

rx.BackpressureTests > testOnBackpressureDropSynchronous STARTED

rx.BackpressureTests > testOnBackpressureDropSynchronousWithAction STARTED

rx.BackpressureTests > testOnBackpressureBuffer STARTED

rx.BackpressureTests > testObserveOnWithSlowConsumer STARTED

rx.BackpressureTests > testMergeSync STARTED

rx.BackpressureTests > testMergeAsync STARTED

rx.BackpressureTests > testMergeAsyncThenObserveOn STARTED

rx.BackpressureTests > testFlatMapSync STARTED

rx.BackpressureTests > testFlatMapAsync STARTED

rx.BackpressureTests > testZipSync STARTED

rx.BackpressureTests > testZipAsync STARTED

rx.BackpressureTests > testSubscribeOnScheduling STARTED

rx.BackpressureTests > testTakeFilterSkipChainAsync STARTED

rx.BackpressureTests > testUserSubscriberUsingRequestSync STARTED

rx.BackpressureTests > testObserveOn STARTED

rx.CovarianceTest > testCovarianceOfFrom STARTED

rx.CovarianceTest > testSortedList STARTED

rx.CovarianceTest > testGroupByCompose STARTED

rx.CovarianceTest > testCovarianceOfCompose STARTED

rx.CovarianceTest > testCovarianceOfCompose2 STARTED

rx.CovarianceTest > testCovarianceOfCompose3 STARTED

rx.CovarianceTest > testCovarianceOfCompose4 STARTED

rx.CovarianceTest > testComposeWithDeltaLogic STARTED

rx.CombineLatestTests > testCovarianceOfCombineLatest STARTED

rx.CombineLatestTests > testNullEmitting STARTED

rx.ConcatTests > testConcatSimple STARTED

rx.ConcatTests > testConcatWithObservableOfObservable STARTED

rx.ConcatTests > testConcatWithIterableOfObservable STARTED

rx.ConcatTests > testConcatCovariance STARTED

rx.ConcatTests > testConcatCovariance2 STARTED

rx.ConcatTests > testConcatCovariance3 STARTED

rx.ConcatTests > testConcatCovariance4 STARTED

rx.ErrorHandlingTests > testOnNextError STARTED

rx.ErrorHandlingTests > testOnNextErrorAcrossThread STARTED

rx.GroupByTests > testTakeUnsubscribesOnGroupBy STARTED

rx.GroupByTests > testTakeUnsubscribesOnFlatMapOfGroupBy STARTED

rx.IntervalDemo > demoInterval STARTED

rx.MergeTests > testMergeCovariance2 STARTED

rx.MergeTests > testCovarianceOfMerge STARTED

rx.MergeTests > testMergeCovariance STARTED

rx.MergeTests > testMergeCovariance3 STARTED

rx.MergeTests > testMergeCovariance4 STARTED

rx.ObservableDoOnTest > testDoOnError STARTED

rx.ObservableDoOnTest > testDoOnCompleted STARTED

rx.ObservableDoOnTest > testDoOnEach STARTED

rx.ObservableTests > testCreate STARTED

rx.ObservableTests > testReduce STARTED

rx.ObservableTests > fromArityArgs3 STARTED

rx.ObservableTests > fromArityArgs1 STARTED

rx.ObservableTests > testMaterializeDematerializeChaining STARTED

rx.ObservableTests > testCustomObservableWithErrorInObserverAsynchronous STARTED

rx.ObservableTests > testCustomObservableWithErrorInObserverSynchronous STARTED

rx.ObservableTests > testCustomObservableWithErrorInObservableSynchronous STARTED

rx.ObservableTests > testPublishLast STARTED

rx.ObservableTests > testReplay STARTED

rx.ObservableTests > testCache STARTED

rx.ObservableTests > testCacheWithCapacity STARTED

rx.ObservableTests > testErrorThrownWithoutErrorHandlerSynchronous STARTED

rx.ObservableTests > testErrorThrownWithoutErrorHandlerAsynchronous STARTED

rx.ObservableTests > testTakeWithErrorInObserver STARTED

rx.ObservableTests > testOfType STARTED

rx.ObservableTests > testOfTypeWithPolymorphism STARTED

rx.ObservableTests > fromArray STARTED

rx.ObservableTests > fromIterable STARTED

rx.ObservableTests > testContains STARTED

rx.ObservableTests > testContainsWithInexistence STARTED

rx.ObservableTests > testContainsWithNull STARTED

rx.ObservableTests > testContainsWithEmptyObservable STARTED

rx.ObservableTests > testIgnoreElements STARTED

rx.ObservableTests > testJustWithScheduler STARTED

rx.ObservableTests > testStartWithWithScheduler STARTED

rx.ObservableTests > testRangeWithScheduler STARTED

rx.ObservableTests > testCollectToList STARTED

rx.ObservableTests > testCollectToString STARTED

rx.ObservableTests > testMergeWith STARTED

rx.ObservableTests > testConcatWith STARTED

rx.ObservableTests > testAmbWith STARTED

rx.ObservableTests > testSubscribeWithoutOnError STARTED

rx.ObservableTests > testTakeWhileToList STARTED

rx.ObservableTests > testCompose STARTED

rx.ObservableTests > testErrorThrownIssue1685 STARTED

rx.ObservableTests > testEmptyIdentity STARTED

rx.ObservableTests > testEmptyIsEmpty STARTED

rx.ObservableTests > testSubscribingSubscriberAsObserverMaintainsSubscriptionChain STARTED

rx.ObservableTests > testCountAFewItems STARTED

rx.ObservableTests > testCountZeroItems STARTED

rx.ObservableTests > testCountError STARTED

rx.ObservableTests > testTakeFirstWithPredicateOfNoneMatchingThePredicate STARTED

rx.ObservableTests > testTakeFirstOfSome STARTED

rx.ObservableTests > testTakeFirstOfNone STARTED

rx.ObservableTests > testFirstOfNone STARTED

rx.ObservableTests > testFirstWithPredicateOfNoneMatchingThePredicate STARTED

rx.ObservableTests > testReduceWithEmptyObservable STARTED

rx.ObservableTests > testReduceWithEmptyObservableAndSeed STARTED

rx.ObservableTests > testReduceWithInitialValue STARTED

rx.ObservableTests > testOnSubscribeFails STARTED

rx.ObservableWindowTests > testWindow STARTED

rx.ReduceTests > reduceWithCovariantObjects STARTED

rx.ReduceTests > reduceCovariance STARTED

rx.ReduceTests > reduceWithObjects STARTED

rx.ReduceTests > reduceInts STARTED

rx.ScanTests > testUnsubscribeScan STARTED

rx.StartWithTests > startWith1 STARTED

rx.StartWithTests > startWithIterable STARTED

rx.StartWithTests > startWithObservable STARTED

rx.SubscriberTest > testRequestFromFinalSubscribeWithRequestValue STARTED

rx.SubscriberTest > testRequestFromFinalSubscribeWithoutRequestValue STARTED

rx.SubscriberTest > testRequestFromChainedOperator STARTED

rx.SubscriberTest > testRequestFromDecoupledOperator STARTED

rx.SubscriberTest > testRequestFromDecoupledOperatorThatRequestsN STARTED

rx.SubscriberTest > testRequestThroughMap STARTED

rx.SubscriberTest > testRequestThroughTakeThatReducesRequest STARTED

rx.SubscriberTest > testRequestThroughTakeWhereRequestIsSmallerThanTake STARTED

rx.SubscriberTest > testOnStartCalledOnceViaSubscribe STARTED

rx.SubscriberTest > testOnStartCalledOnceViaUnsafeSubscribe STARTED

rx.SubscriberTest > testOnStartCalledOnceViaLift STARTED

rx.SubscriberTest > testNegativeRequestThrowsIllegalArgumentException STARTED

rx.SubscriberTest > testOnStartRequestsAreAdditive STARTED

rx.SubscriberTest > testRequestToObservable STARTED

rx.SubscriberTest > testOnStartRequestsAreAdditiveAndOverflowBecomesMaxValue STARTED

rx.ThrottleLastTests > testThrottle STARTED

rx.ThrottleWithTimeoutTests > testThrottle STARTED

rx.ZipTests > testZipObservableOfObservables STARTED

rx.ZipTests > testCovarianceOfZip STARTED

rx.ZipTests > nonBlockingObservable STARTED

rx.exceptions.CompositeExceptionTest > testCompositeExceptionFromChildThenParent STARTED

rx.exceptions.CompositeExceptionTest > testCompositeExceptionFromChildAndComposite STARTED

rx.exceptions.CompositeExceptionTest > testCompositeExceptionFromCompositeAndChild STARTED

rx.exceptions.CompositeExceptionTest > testCompositeExceptionFromTwoDuplicateComposites STARTED

rx.exceptions.CompositeExceptionTest > testMultipleWithSameCause STARTED

rx.exceptions.CompositeExceptionTest > testCompositeExceptionFromParentThenChild STARTED

rx.exceptions.ExceptionsTest > testOnErrorNotImplementedIsThrown STARTED

rx.exceptions.ExceptionsTest > testStackOverflowIsThrown STARTED

rx.exceptions.ExceptionsTest > testThreadDeathIsThrown STARTED

rx.exceptions.ExceptionsTest > testOnErrorExceptionIsThrown STARTED

rx.exceptions.OnNextValueTest > addOnNextValueExceptionAdded STARTED

rx.exceptions.OnNextValueTest > addOnNextValueExceptionNotAddedWithBadString STARTED

rx.internal.operators.BlockingOperatorLatestTest > testSimpleJustNext STARTED

rx.internal.operators.BlockingOperatorLatestTest > testSimple STARTED

rx.internal.operators.BlockingOperatorLatestTest > testSameSourceMultipleIterators STARTED

rx.internal.operators.BlockingOperatorLatestTest > testEmpty STARTED

rx.internal.operators.BlockingOperatorLatestTest > testHasNextThrows STARTED

rx.internal.operators.BlockingOperatorLatestTest > testNextThrows STARTED

rx.internal.operators.BlockingOperatorLatestTest > testFasterSource STARTED

rx.internal.operators.BlockingOperatorMostRecentTest > testMostRecent STARTED

rx.internal.operators.BlockingOperatorMostRecentTest > testMostRecentNull STARTED

rx.internal.operators.BlockingOperatorMostRecentTest > testSingleSourceManyIterators STARTED

rx.internal.operators.BlockingOperatorMostRecentTest > testMostRecentWithException STARTED

rx.internal.operators.BlockingOperatorNextTest > testSingleSourceManyIterators STARTED

rx.internal.operators.BlockingOperatorNextTest > testNext STARTED

rx.internal.operators.BlockingOperatorNextTest > testNextWithOnlyUsingNextMethod STARTED

rx.internal.operators.BlockingOperatorNextTest > testNextWithCallingHasNextMultipleTimes STARTED

rx.internal.operators.BlockingOperatorNextTest > testNoBufferingOrBlockingOfSequence STARTED

rx.internal.operators.BlockingOperatorNextTest > testNextWithError STARTED

rx.internal.operators.BlockingOperatorNextTest > testNextWithEmpty STARTED

rx.internal.operators.BlockingOperatorNextTest > testOnError STARTED

rx.internal.operators.BlockingOperatorNextTest > testOnErrorInNewThread STARTED

rx.internal.operators.BlockingOperatorNextTest > testSynchronousNext STARTED

rx.internal.operators.BlockingOperatorToFutureTest > testToFuture STARTED

rx.internal.operators.BlockingOperatorToFutureTest > testToFutureList STARTED

rx.internal.operators.BlockingOperatorToFutureTest > testExceptionWithMoreThanOneElement STARTED

rx.internal.operators.BlockingOperatorToFutureTest > testToFutureWithException STARTED

rx.internal.operators.BlockingOperatorToFutureTest > testGetAfterCancel STARTED

rx.internal.operators.BlockingOperatorToFutureTest > testGetWithTimeoutAfterCancel STARTED

rx.internal.operators.BlockingOperatorToFutureTest > testGetWithEmptyObservable STARTED

rx.internal.operators.BlockingOperatorToFutureTest > testGetWithASingleNullItem STARTED

rx.internal.operators.BlockingOperatorToIteratorTest > testToIteratorWithException STARTED

rx.internal.operators.BlockingOperatorToIteratorTest > testExceptionThrownFromOnSubscribe STARTED

rx.internal.operators.BlockingOperatorToIteratorTest > testToIterator STARTED

rx.internal.operators.BufferUntilSubscriberTest > testIssue1677 STARTED

rx.internal.operators.NotificationLiteTest > testComplete STARTED

rx.internal.operators.NotificationLiteTest > testValueKind STARTED

rx.internal.operators.OnBackpressureBlockTest > testBlockedProducerCanBeUnsubscribed STARTED

rx.internal.operators.OnBackpressureBlockTest > testExceptionIsDelivered STARTED

rx.internal.operators.OnBackpressureBlockTest > testExceptionIsDeliveredAfterValues STARTED

rx.internal.operators.OnBackpressureBlockTest > testTakeWorksWithSubscriberRequesting STARTED

rx.internal.operators.OnBackpressureBlockTest > testTakeWorksSubscriberRequestUnlimited STARTED

rx.internal.operators.OnBackpressureBlockTest > testTakeWorksSubscriberRequestUnlimitedBufferedException STARTED

rx.internal.operators.OnBackpressureBlockTest > testOnCompletedDoesntWaitIfNoEvents STARTED

rx.internal.operators.OnBackpressureBlockTest > testOnCompletedDoesWaitIfEvents STARTED

rx.internal.operators.OnBackpressureBlockTest > testOnCompletedDoesntWaitIfNoEvents2 STARTED

rx.internal.operators.OnBackpressureBlockTest > testOnCompletedDoesntWaitIfNoEvents3 STARTED

rx.internal.operators.OnBackpressureBlockTest > testSimpleBelowCapacity STARTED

rx.internal.operators.OnBackpressureBlockTest > testSimpleAboveCapacity STARTED

rx.internal.operators.OnBackpressureBlockTest > testNoMissingBackpressureException STARTED

rx.internal.operators.OnSubscribeAmbTest > testAmb STARTED

rx.internal.operators.OnSubscribeAmbTest > testAmb2 STARTED

rx.internal.operators.OnSubscribeAmbTest > testAmb3 STARTED

rx.internal.operators.OnSubscribeAmbTest > testProducerRequestThroughAmb STARTED

rx.internal.operators.OnSubscribeAmbTest > testBackpressure STARTED

rx.internal.operators.OnSubscribeCacheTest > testCache STARTED

rx.internal.operators.OnSubscribeCacheTest > testWithReplaySubjectAndRepeat STARTED

rx.internal.operators.OnSubscribeCacheTest > testWithAsyncSubjectAndRepeat STARTED

rx.internal.operators.OnSubscribeCacheTest > testWithBehaviorSubjectAndRepeat STARTED

rx.internal.operators.OnSubscribeCacheTest > testWithPublishSubjectAndRepeat STARTED

rx.internal.operators.OnSubscribeCacheTest > testUnsubscribeSource STARTED

rx.internal.operators.OnSubscribeCombineLatestTest > testBackpressure STARTED

rx.internal.operators.OnSubscribeCombineLatestTest > testCombineLatestWithFunctionThatThrowsAnException STARTED

rx.internal.operators.OnSubscribeCombineLatestTest > testCombineLatestDifferentLengthObservableSequences1 STARTED

rx.internal.operators.OnSubscribeCombineLatestTest > testCombineLatestDifferentLengthObservableSequences2 STARTED

rx.internal.operators.OnSubscribeCombineLatestTest > testCombineLatestWithInterleavingSequences STARTED

rx.internal.operators.OnSubscribeCombineLatestTest > testCombineLatest2Types STARTED

rx.internal.operators.OnSubscribeCombineLatestTest > testCombineLatest3TypesA STARTED

rx.internal.operators.OnSubscribeCombineLatestTest > testCombineLatest3TypesB STARTED

rx.internal.operators.OnSubscribeCombineLatestTest > combineSimple STARTED

rx.internal.operators.OnSubscribeCombineLatestTest > combineMultipleObservers STARTED

rx.internal.operators.OnSubscribeCombineLatestTest > testFirstNeverProduces STARTED

rx.internal.operators.OnSubscribeCombineLatestTest > testSecondNeverProduces STARTED

rx.internal.operators.OnSubscribeCombineLatestTest > test1ToNSources STARTED

rx.internal.operators.OnSubscribeCombineLatestTest > test1ToNSourcesScheduled STARTED

rx.internal.operators.OnSubscribeCombineLatestTest > test2SourcesOverload STARTED

rx.internal.operators.OnSubscribeCombineLatestTest > test3SourcesOverload STARTED

rx.internal.operators.OnSubscribeCombineLatestTest > test4SourcesOverload STARTED

rx.internal.operators.OnSubscribeCombineLatestTest > test5SourcesOverload STARTED

rx.internal.operators.OnSubscribeCombineLatestTest > test6SourcesOverload STARTED

rx.internal.operators.OnSubscribeCombineLatestTest > test7SourcesOverload STARTED

rx.internal.operators.OnSubscribeCombineLatestTest > test8SourcesOverload STARTED

rx.internal.operators.OnSubscribeCombineLatestTest > test9SourcesOverload STARTED

rx.internal.operators.OnSubscribeCombineLatestTest > testZeroSources STARTED

rx.internal.operators.OnSubscribeCombineLatestTest > testBackpressureLoop STARTED

rx.internal.operators.OnSubscribeCombineLatestTest > testWithCombineLatestIssue1717 STARTED

rx.internal.operators.OnSubscribeCombineLatestTest > testCombineLatestRequestOverflow STARTED

rx.internal.operators.OnSubscribeDeferTest > testDefer STARTED

rx.internal.operators.OnSubscribeDeferTest > testDeferFunctionThrows STARTED

rx.internal.operators.OnSubscribeFromIterableTest > testNoBackpressure STARTED

rx.internal.operators.OnSubscribeFromIterableTest > testSubscribeMultipleTimes STARTED

rx.internal.operators.OnSubscribeFromIterableTest > testFromIterableRequestOverflow STARTED

rx.internal.operators.OnSubscribeFromIterableTest > testListIterable STARTED

rx.internal.operators.OnSubscribeFromIterableTest > testRawIterable STARTED

rx.internal.operators.OnSubscribeFromIterableTest > testObservableFromIterable STARTED

rx.internal.operators.OnSubscribeFromIterableTest > testBackpressureViaRequest STARTED

rx.internal.operators.OnSubscribeFromIterableTest > testNull STARTED

rx.internal.operators.OnSubscribeGroupJoinTest > behaveAsJoin STARTED

rx.internal.operators.OnSubscribeGroupJoinTest > normal1 STARTED

rx.internal.operators.OnSubscribeGroupJoinTest > leftThrows STARTED

rx.internal.operators.OnSubscribeGroupJoinTest > rightThrows STARTED

rx.internal.operators.OnSubscribeGroupJoinTest > leftDurationThrows STARTED

rx.internal.operators.OnSubscribeGroupJoinTest > rightDurationThrows STARTED

rx.internal.operators.OnSubscribeGroupJoinTest > leftDurationSelectorThrows STARTED

rx.internal.operators.OnSubscribeGroupJoinTest > rightDurationSelectorThrows STARTED

rx.internal.operators.OnSubscribeGroupJoinTest > resultSelectorThrows STARTED

rx.internal.operators.OnSubscribeJoinTest > normal1 STARTED

rx.internal.operators.OnSubscribeJoinTest > leftThrows STARTED

rx.internal.operators.OnSubscribeJoinTest > rightThrows STARTED

rx.internal.operators.OnSubscribeJoinTest > leftDurationThrows STARTED

rx.internal.operators.OnSubscribeJoinTest > rightDurationThrows STARTED

rx.internal.operators.OnSubscribeJoinTest > leftDurationSelectorThrows STARTED

rx.internal.operators.OnSubscribeJoinTest > normal1WithDuration STARTED

rx.internal.operators.OnSubscribeJoinTest > normal2 STARTED

rx.internal.operators.OnSubscribeJoinTest > rightDurationSelectorThrows STARTED

rx.internal.operators.OnSubscribeJoinTest > resultSelectorThrows STARTED

rx.internal.operators.OnSubscribeRangeTest > testNoBackpressure STARTED

rx.internal.operators.OnSubscribeRangeTest > testRangeStartAt2Count3 STARTED

rx.internal.operators.OnSubscribeRangeTest > testRangeUnsubscribe STARTED

rx.internal.operators.OnSubscribeRangeTest > testBackpressureViaRequest STARTED

rx.internal.operators.OnSubscribeRangeTest > testRangeWithOverflow STARTED

rx.internal.operators.OnSubscribeRangeTest > testRangeWithOverflow2 STARTED

rx.internal.operators.OnSubscribeRangeTest > testRangeWithOverflow3 STARTED

rx.internal.operators.OnSubscribeRangeTest > testRangeWithOverflow4 STARTED

rx.internal.operators.OnSubscribeRangeTest > testRangeWithOverflow5 STARTED

rx.internal.operators.OnSubscribeRangeTest > testWithBackpressureAllAtOnce STARTED

rx.internal.operators.OnSubscribeRangeTest > testWithBackpressure1 STARTED

rx.internal.operators.OnSubscribeRangeTest > testWithBackpressureRequestWayMore STARTED

rx.internal.operators.OnSubscribeRangeTest > testRequestOverflow STARTED

rx.internal.operators.OnSubscribeRefCountTest > testRefCountSynchronous STARTED

rx.internal.operators.OnSubscribeRefCountTest > testRefCountSynchronousTake STARTED

rx.internal.operators.OnSubscribeRefCountTest > testRepeat STARTED

rx.internal.operators.OnSubscribeRefCountTest > testConnectUnsubscribe STARTED

rx.internal.operators.OnSubscribeRefCountTest > testConnectUnsubscribeRaceConditionLoop STARTED

rx.internal.operators.OnSubscribeRefCountTest > testConnectUnsubscribeRaceCondition STARTED

rx.internal.operators.OnSubscribeRefCountTest > onlyFirstShouldSubscribeAndLastUnsubscribe STARTED

rx.internal.operators.OnSubscribeRefCountTest > testRefCount STARTED

rx.internal.operators.OnSubscribeRefCountTest > testAlreadyUnsubscribedClient STARTED

rx.internal.operators.OnSubscribeRefCountTest > testAlreadyUnsubscribedInterleavesWithClient STARTED

rx.internal.operators.OnSubscribeRefCountTest > testConnectDisconnectConnectAndSubjectState STARTED

rx.internal.operators.OnSubscribeRefCountTest > testUpstreamErrorAllowsRetry STARTED

rx.internal.operators.OnSubscribeRefCountTest > testRefCountAsync STARTED

rx.internal.operators.OnSubscribeTimerTest > testTimerPeriodically STARTED

rx.internal.operators.OnSubscribeTimerTest > testInterval STARTED

rx.internal.operators.OnSubscribeTimerTest > testWithMultipleSubscribersStartingAtSameTime STARTED

rx.internal.operators.OnSubscribeTimerTest > testWithMultipleStaggeredSubscribers STARTED

rx.internal.operators.OnSubscribeTimerTest > testWithMultipleStaggeredSubscribersAndPublish STARTED

rx.internal.operators.OnSubscribeTimerTest > testOnceObserverThrows STARTED

rx.internal.operators.OnSubscribeTimerTest > testPeriodicObserverThrows STARTED

rx.internal.operators.OnSubscribeTimerTest > testTimerOnce STARTED

rx.internal.operators.OnSubscribeToObservableFutureTest > testCancellationDuringFutureGet STARTED

rx.internal.operators.OnSubscribeToObservableFutureTest > testSuccess STARTED

rx.internal.operators.OnSubscribeToObservableFutureTest > testCancelledBeforeSubscribe STARTED

rx.internal.operators.OnSubscribeToObservableFutureTest > testFailure STARTED

rx.internal.operators.OnSubscribeUsingTest > testUsing STARTED

rx.internal.operators.OnSubscribeUsingTest > testUsingEagerly STARTED

rx.internal.operators.OnSubscribeUsingTest > testUsingWithSubscribingTwice STARTED

rx.internal.operators.OnSubscribeUsingTest > testUsingWithSubscribingTwiceDisposeEagerly STARTED

rx.internal.operators.OnSubscribeUsingTest > testUsingWithResourceFactoryError STARTED

rx.internal.operators.OnSubscribeUsingTest > testUsingWithResourceFactoryErrorDisposeEagerly STARTED

rx.internal.operators.OnSubscribeUsingTest > testUsingWithObservableFactoryError STARTED

rx.internal.operators.OnSubscribeUsingTest > testUsingWithObservableFactoryErrorDisposeEagerly STARTED

rx.internal.operators.OnSubscribeUsingTest > testUsingWithObservableFactoryErrorInOnSubscribe STARTED

rx.internal.operators.OnSubscribeUsingTest > testUsingWithObservableFactoryErrorInOnSubscribeDisposeEagerly STARTED

rx.internal.operators.OnSubscribeUsingTest > testUsingDisposesEagerlyBeforeCompletion STARTED

rx.internal.operators.OnSubscribeUsingTest > testUsingDoesNotDisposesEagerlyBeforeCompletion STARTED

rx.internal.operators.OnSubscribeUsingTest > testUsingDisposesEagerlyBeforeError STARTED

rx.internal.operators.OnSubscribeUsingTest > testUsingDoesNotDisposesEagerlyBeforeError STARTED

rx.internal.operators.OperatorAllTest > testAll STARTED

rx.internal.operators.OperatorAllTest > testNotAll STARTED

rx.internal.operators.OperatorAllTest > testEmpty STARTED

rx.internal.operators.OperatorAllTest > testError STARTED

rx.internal.operators.OperatorAllTest > testFollowingFirst STARTED

rx.internal.operators.OperatorAllTest > testIssue1935NoUnsubscribeDownstream STARTED

rx.internal.operators.OperatorAnyTest > testAnyWithTwoItems STARTED

rx.internal.operators.OperatorAnyTest > testExists1 STARTED

rx.internal.operators.OperatorAnyTest > testIssue1935NoUnsubscribeDownstream STARTED

rx.internal.operators.OperatorAnyTest > testIsEmptyWithTwoItems STARTED

rx.internal.operators.OperatorAnyTest > testAnyWithOneItem STARTED

rx.internal.operators.OperatorAnyTest > testIsEmptyWithOneItem STARTED

rx.internal.operators.OperatorAnyTest > testAnyWithEmpty STARTED

rx.internal.operators.OperatorAnyTest > testIsEmptyWithEmpty STARTED

rx.internal.operators.OperatorAnyTest > testAnyWithPredicate1 STARTED

rx.internal.operators.OperatorAnyTest > testAnyWithPredicate2 STARTED

rx.internal.operators.OperatorAnyTest > testAnyWithEmptyAndPredicate STARTED

rx.internal.operators.OperatorAnyTest > testWithFollowingFirst STARTED

rx.internal.operators.OperatorAsObservableTest > testHiding STARTED

rx.internal.operators.OperatorAsObservableTest > testHidingError STARTED

rx.internal.operators.OperatorBufferTest > testComplete STARTED

rx.internal.operators.OperatorBufferTest > testBufferStopsWhenUnsubscribed1 STARTED

rx.internal.operators.OperatorBufferTest > bufferWithBONormal1 STARTED

rx.internal.operators.OperatorBufferTest > bufferWithBOEmptyLastViaBoundary STARTED

rx.internal.operators.OperatorBufferTest > bufferWithBOEmptyLastViaSource STARTED

rx.internal.operators.OperatorBufferTest > bufferWithBOEmptyLastViaBoth STARTED

rx.internal.operators.OperatorBufferTest > bufferWithBOSourceThrows STARTED

rx.internal.operators.OperatorBufferTest > bufferWithBOBoundaryThrows STARTED

rx.internal.operators.OperatorBufferTest > bufferWithSizeTake1 STARTED

rx.internal.operators.OperatorBufferTest > bufferWithSizeSkipTake1 STARTED

rx.internal.operators.OperatorBufferTest > bufferWithTimeTake1 STARTED

rx.internal.operators.OperatorBufferTest > bufferWithTimeSkipTake2 STARTED

rx.internal.operators.OperatorBufferTest > bufferWithBoundaryTake2 STARTED

rx.internal.operators.OperatorBufferTest > bufferWithStartEndBoundaryTake2 STARTED

rx.internal.operators.OperatorBufferTest > bufferWithSizeThrows STARTED

rx.internal.operators.OperatorBufferTest > bufferWithTimeThrows STARTED

rx.internal.operators.OperatorBufferTest > bufferWithTimeAndSize STARTED

rx.internal.operators.OperatorBufferTest > bufferWithStartEndStartThrows STARTED

rx.internal.operators.OperatorBufferTest > bufferWithStartEndEndFunctionThrows STARTED

rx.internal.operators.OperatorBufferTest > bufferWithStartEndEndThrows STARTED

rx.internal.operators.OperatorBufferTest > testSkipAndCountOverlappingBuffers STARTED

rx.internal.operators.OperatorBufferTest > testSkipAndCountGaplessBuffers STARTED

rx.internal.operators.OperatorBufferTest > testSkipAndCountBuffersWithGaps STARTED

rx.internal.operators.OperatorBufferTest > testTimedAndCount STARTED

rx.internal.operators.OperatorBufferTest > testObservableBasedOpenerAndCloser STARTED

rx.internal.operators.OperatorBufferTest > testObservableBasedCloser STARTED

rx.internal.operators.OperatorBufferTest > testLongTimeAction STARTED

rx.internal.operators.OperatorBufferTest > testTimed STARTED

rx.internal.operators.OperatorBufferTest > testProducerRequestThroughBufferWithSize1 STARTED

rx.internal.operators.OperatorBufferTest > testProducerRequestThroughBufferWithSize2 STARTED

rx.internal.operators.OperatorBufferTest > testProducerRequestThroughBufferWithSize3 STARTED

rx.internal.operators.OperatorBufferTest > testProducerRequestThroughBufferWithSize4 STARTED

rx.internal.operators.OperatorBufferTest > testProducerRequestOverflowThroughBufferWithSize1 STARTED

rx.internal.operators.OperatorBufferTest > testProducerRequestOverflowThroughBufferWithSize2 STARTED

rx.internal.operators.OperatorBufferTest > testProducerRequestOverflowThroughBufferWithSize3 STARTED

rx.internal.operators.OperatorBufferTest > testBufferWithTimeDoesntUnsubscribeDownstream STARTED

rx.internal.operators.OperatorCastTest > testCast STARTED

rx.internal.operators.OperatorCastTest > testCastWithWrongType STARTED

rx.internal.operators.OperatorConcatTest > testConcatWithList STARTED

rx.internal.operators.OperatorConcatTest > testConcatObservableOfObservables STARTED

rx.internal.operators.OperatorConcatTest > testSimpleAsyncConcat STARTED

rx.internal.operators.OperatorConcatTest > testNestedAsyncConcat STARTED

rx.internal.operators.OperatorConcatTest > testBlockedObservableOfObservables STARTED

rx.internal.operators.OperatorConcatTest > testConcatConcurrentWithInfinity STARTED

rx.internal.operators.OperatorConcatTest > testConcatNonBlockingObservables STARTED

rx.internal.operators.OperatorConcatTest > testConcatUnsubscribe STARTED

rx.internal.operators.OperatorConcatTest > testConcatUnsubscribeConcurrent STARTED

rx.internal.operators.OperatorConcatTest > testMultipleObservers STARTED

rx.internal.operators.OperatorConcatTest > concatVeryLongObservableOfObservables STARTED

rx.internal.operators.OperatorConcatTest > concatVeryLongObservableOfObservablesTakeHalf STARTED

rx.internal.operators.OperatorConcatTest > testConcatOuterBackpressure STARTED

rx.internal.operators.OperatorConcatTest > testInnerBackpressureWithAlignedBoundaries STARTED

rx.internal.operators.OperatorConcatTest > testInnerBackpressureWithoutAlignedBoundaries STARTED

rx.internal.operators.OperatorConcatTest > testConcatWithNonCompliantSourceDoubleOnComplete STARTED

rx.internal.operators.OperatorConcatTest > testConcat STARTED

rx.internal.operators.OperatorDebounceTest > testDebounceWithError STARTED

rx.internal.operators.OperatorDebounceTest > debounceTimedLastIsNotLost STARTED

rx.internal.operators.OperatorDebounceTest > debounceSelectorLastIsNotLost STARTED

rx.internal.operators.OperatorDebounceTest > testDebounceWithCompleted STARTED

rx.internal.operators.OperatorDebounceTest > debounceSelectorNormal1 STARTED

rx.internal.operators.OperatorDebounceTest > debounceSelectorFuncThrows STARTED

rx.internal.operators.OperatorDebounceTest > debounceSelectorObservableThrows STARTED

rx.internal.operators.OperatorDebounceTest > testDebounceNeverEmits STARTED

rx.internal.operators.OperatorDefaultIfEmptyTest > testDefaultIfEmpty STARTED

rx.internal.operators.OperatorDefaultIfEmptyTest > testDefaultIfEmptyWithEmpty STARTED

rx.internal.operators.OperatorDefaultIfEmptyTest > testEmptyButClientThrows STARTED

rx.internal.operators.OperatorDelayTest > testDelay STARTED

rx.internal.operators.OperatorDelayTest > testDelayWithObservableNormal1 STARTED

rx.internal.operators.OperatorDelayTest > testDelayWithObservableSingleSend1 STARTED

rx.internal.operators.OperatorDelayTest > testDelayWithObservableSourceThrows STARTED

rx.internal.operators.OperatorDelayTest > testDelayWithObservableDelayFunctionThrows STARTED

rx.internal.operators.OperatorDelayTest > testDelayWithObservableDelayThrows STARTED

rx.internal.operators.OperatorDelayTest > testDelayWithObservableSubscriptionNormal STARTED

rx.internal.operators.OperatorDelayTest > testDelayWithObservableSubscriptionFunctionThrows STARTED

rx.internal.operators.OperatorDelayTest > testDelayWithObservableSubscriptionThrows STARTED

rx.internal.operators.OperatorDelayTest > testDelayWithObservableEmptyDelayer STARTED

rx.internal.operators.OperatorDelayTest > testDelayWithObservableSubscriptionRunCompletion STARTED

rx.internal.operators.OperatorDelayTest > testDelayWithObservableAsTimed STARTED

rx.internal.operators.OperatorDelayTest > testDelayWithObservableReorder STARTED

rx.internal.operators.OperatorDelayTest > testDelayEmitsEverything STARTED

rx.internal.operators.OperatorDelayTest > testBackpressureWithTimedDelay STARTED

rx.internal.operators.OperatorDelayTest > testBackpressureWithSubscriptionTimedDelay STARTED

rx.internal.operators.OperatorDelayTest > testBackpressureWithSelectorDelay STARTED

rx.internal.operators.OperatorDelayTest > testBackpressureWithSelectorDelayAndSubscriptionDelay STARTED

rx.internal.operators.OperatorDelayTest > testLongDelay STARTED

rx.internal.operators.OperatorDelayTest > testDelayWithError STARTED

rx.internal.operators.OperatorDelayTest > testDelayWithMultipleSubscriptions STARTED

rx.internal.operators.OperatorDelayTest > testDelaySubscription STARTED

rx.internal.operators.OperatorDelayTest > testDelaySubscriptionCancelBeforeTime STARTED

rx.internal.operators.OperatorDematerializeTest > testDematerialize1 STARTED

rx.internal.operators.OperatorDematerializeTest > testDematerialize2 STARTED

rx.internal.operators.OperatorDematerializeTest > testDematerialize3 STARTED

rx.internal.operators.OperatorDematerializeTest > testErrorPassThru STARTED

rx.internal.operators.OperatorDematerializeTest > testCompletePassThru STARTED

rx.internal.operators.OperatorDematerializeTest > testHonorsContractWhenThrows STARTED

rx.internal.operators.OperatorDematerializeTest > testHonorsContractWhenCompleted STARTED

rx.internal.operators.OperatorDistinctTest > testDistinctOfNormalSourceWithKeySelector STARTED

rx.internal.operators.OperatorDistinctTest > testDistinctOfSourceWithNulls STARTED

rx.internal.operators.OperatorDistinctTest > testDistinctOfSourceWithExceptionsFromKeySelector STARTED

rx.internal.operators.OperatorDistinctTest > testDistinctOfNone STARTED

rx.internal.operators.OperatorDistinctTest > testDistinctOfNoneWithKeySelector STARTED

rx.internal.operators.OperatorDistinctTest > testDistinctOfNormalSource STARTED

rx.internal.operators.OperatorDistinctUntilChangedTest > testDistinctUntilChangedOfNone STARTED

rx.internal.operators.OperatorDistinctUntilChangedTest > testDistinctUntilChangedOfNoneWithKeySelector STARTED

rx.internal.operators.OperatorDistinctUntilChangedTest > testDistinctUntilChangedOfNormalSource STARTED

rx.internal.operators.OperatorDistinctUntilChangedTest > testDistinctUntilChangedOfNormalSourceWithKeySelector STARTED

rx.internal.operators.OperatorDistinctUntilChangedTest > testDistinctUntilChangedOfSourceWithNulls STARTED

rx.internal.operators.OperatorDistinctUntilChangedTest > testDistinctUntilChangedOfSourceWithExceptionsFromKeySelector STARTED

rx.internal.operators.OperatorDoOnEachTest > testDoOnEach STARTED

rx.internal.operators.OperatorDoOnEachTest > testDoOnEachWithError STARTED

rx.internal.operators.OperatorDoOnEachTest > testDoOnEachWithErrorInCallback STARTED

rx.internal.operators.OperatorDoOnEachTest > testIssue1451Case1 STARTED

rx.internal.operators.OperatorDoOnEachTest > testIssue1451Case2 STARTED

rx.internal.operators.OperatorDoOnEachTest > testFatalError STARTED

rx.internal.operators.OperatorDoOnSubscribeTest > testDoOnSubscribe STARTED

rx.internal.operators.OperatorDoOnSubscribeTest > testDoOnUnSubscribeWorksWithRefCount STARTED

rx.internal.operators.OperatorDoOnSubscribeTest > testDoOnSubscribe2 STARTED

rx.internal.operators.OperatorDoOnUnsubscribeTest > testDoOnUnsubscribe STARTED

rx.internal.operators.OperatorDoOnUnsubscribeTest > testDoOnUnSubscribeWorksWithRefCount STARTED

rx.internal.operators.OperatorElementAtTest > testElementAt STARTED

rx.internal.operators.OperatorElementAtTest > testElementAtWithMinusIndex STARTED

rx.internal.operators.OperatorElementAtTest > testElementAtWithIndexOutOfBounds STARTED

rx.internal.operators.OperatorElementAtTest > testElementAtOrDefault STARTED

rx.internal.operators.OperatorElementAtTest > testElementAtOrDefaultWithIndexOutOfBounds STARTED

rx.internal.operators.OperatorElementAtTest > testElementAtOrDefaultWithMinusIndex STARTED

rx.internal.operators.OperatorFilterTest > testFilter STARTED

rx.internal.operators.OperatorFilterTest > testWithBackpressure STARTED

rx.internal.operators.OperatorFilterTest > testWithBackpressure2 STARTED

rx.internal.operators.OperatorFinallyTest > testFinallyCalledOnComplete STARTED

rx.internal.operators.OperatorFinallyTest > testFinallyCalledOnError STARTED

rx.internal.operators.OperatorFirstTest > testFirstOrElseOfNone STARTED

rx.internal.operators.OperatorFirstTest > testFirstOrElseOfSome STARTED

rx.internal.operators.OperatorFirstTest > testFirstOrElseWithPredicateOfNoneMatchingThePredicate STARTED

rx.internal.operators.OperatorFirstTest > testFirstOrElseWithPredicateOfSome STARTED

rx.internal.operators.OperatorFirstTest > testFirst STARTED

rx.internal.operators.OperatorFirstTest > testFirstWithOneElement STARTED

rx.internal.operators.OperatorFirstTest > testFirstWithEmpty STARTED

rx.internal.operators.OperatorFirstTest > testFirstWithPredicate STARTED

rx.internal.operators.OperatorFirstTest > testFirstWithPredicateAndOneElement STARTED

rx.internal.operators.OperatorFirstTest > testFirstWithPredicateAndEmpty STARTED

rx.internal.operators.OperatorFirstTest > testFirstOrDefault STARTED

rx.internal.operators.OperatorFirstTest > testFirstOrDefaultWithOneElement STARTED

rx.internal.operators.OperatorFirstTest > testFirstOrDefaultWithEmpty STARTED

rx.internal.operators.OperatorFirstTest > testFirstOrDefaultWithPredicate STARTED

rx.internal.operators.OperatorFirstTest > testFirstOrDefaultWithPredicateAndOneElement STARTED

rx.internal.operators.OperatorFirstTest > testFirstOrDefaultWithPredicateAndEmpty STARTED

rx.internal.operators.OperatorFlatMapTest > testNormal STARTED

rx.internal.operators.OperatorFlatMapTest > testFlatMapTransformsOnErrorFuncThrows STARTED

rx.internal.operators.OperatorFlatMapTest > testFlatMapTransformsOnCompletedFuncThrows STARTED

rx.internal.operators.OperatorFlatMapTest > testFlatMapTransformsMergeException STARTED

rx.internal.operators.OperatorFlatMapTest > testFlatMapMaxConcurrent STARTED

rx.internal.operators.OperatorFlatMapTest > testFlatMapSelectorMaxConcurrent STARTED

rx.internal.operators.OperatorFlatMapTest > testFlatMapTransformsMaxConcurrentNormal STARTED

rx.internal.operators.OperatorFlatMapTest > testCollectionFunctionThrows STARTED

rx.internal.operators.OperatorFlatMapTest > testResultFunctionThrows STARTED

rx.internal.operators.OperatorFlatMapTest > testMergeError STARTED

rx.internal.operators.OperatorFlatMapTest > testFlatMapTransformsNormal STARTED

rx.internal.operators.OperatorFlatMapTest > testFlatMapTransformsException STARTED

rx.internal.operators.OperatorFlatMapTest > testFlatMapTransformsOnNextFuncThrows STARTED

rx.internal.operators.OperatorGroupByTest > testEmpty STARTED

rx.internal.operators.OperatorGroupByTest > testError STARTED

rx.internal.operators.OperatorGroupByTest > testGroupBy STARTED

rx.internal.operators.OperatorGroupByTest > testGroupByWithElementSelector STARTED

rx.internal.operators.OperatorGroupByTest > testGroupByWithElementSelector2 STARTED

rx.internal.operators.OperatorGroupByTest > testGroupedEventStream STARTED

rx.internal.operators.OperatorGroupByTest > testUnsubscribeOnNestedTakeAndSyncInfiniteStream STARTED

rx.internal.operators.OperatorGroupByTest > testUnsubscribeOnNestedTakeAndAsyncInfiniteStream STARTED

rx.internal.operators.OperatorGroupByTest > testUnsubscribeViaTakeOnGroupThenMergeAndTake STARTED

rx.internal.operators.OperatorGroupByTest > testUnsubscribeViaTakeOnGroupThenTakeOnInner STARTED

rx.internal.operators.OperatorGroupByTest > testStaggeredCompletion STARTED

rx.internal.operators.OperatorGroupByTest > testCompletionIfInnerNotSubscribed STARTED

rx.internal.operators.OperatorGroupByTest > testIgnoringGroups STARTED

rx.internal.operators.OperatorGroupByTest > testFirstGroupsCompleteAndParentSlowToThenEmitFinalGroupsAndThenComplete STARTED

rx.internal.operators.OperatorGroupByTest > testFirstGroupsCompleteAndParentSlowToThenEmitFinalGroupsWhichThenSubscribesOnAndDelaysAndThenCompletes STARTED

rx.internal.operators.OperatorGroupByTest > testFirstGroupsCompleteAndParentSlowToThenEmitFinalGroupsWhichThenObservesOnAndDelaysAndThenCompletes STARTED

rx.internal.operators.OperatorGroupByTest > testGroupsWithNestedSubscribeOn STARTED

rx.internal.operators.OperatorGroupByTest > testGroupsWithNestedObserveOn STARTED

rx.internal.operators.OperatorGroupByTest > testGroupByOnAsynchronousSourceAcceptsMultipleSubscriptions STARTED

rx.internal.operators.OperatorGroupByTest > testGroupByBackpressure STARTED

rx.internal.operators.OperatorGroupByTest > normalBehavior STARTED

rx.internal.operators.OperatorGroupByTest > keySelectorThrows STARTED

rx.internal.operators.OperatorGroupByTest > valueSelectorThrows STARTED

rx.internal.operators.OperatorGroupByTest > innerEscapeCompleted STARTED

rx.internal.operators.OperatorGroupByTest > testExceptionIfSubscribeToChildMoreThanOnce STARTED

rx.internal.operators.OperatorGroupByTest > testError2 STARTED

rx.internal.operators.OperatorGroupByTest > testgroupByBackpressure STARTED

rx.internal.operators.OperatorGroupByTest > testgroupByBackpressure2 STARTED

rx.internal.operators.OperatorGroupByTest > testGroupByWithNullKey STARTED

rx.internal.operators.OperatorGroupByTest > testGroupByUnsubscribe STARTED

rx.internal.operators.OperatorGroupByTest > testGroupByShouldPropagateError STARTED

rx.internal.operators.OperatorLastTest > testLastMultiSubscribe STARTED

rx.internal.operators.OperatorLastTest > testLastViaObservable STARTED

rx.internal.operators.OperatorLastTest > testLastWithNoElements STARTED

rx.internal.operators.OperatorLastTest > testLastWithOneElement STARTED

rx.internal.operators.OperatorLastTest > testLastWithEmpty STARTED

rx.internal.operators.OperatorLastTest > testLastWithPredicate STARTED

rx.internal.operators.OperatorLastTest > testLastWithPredicateAndOneElement STARTED

rx.internal.operators.OperatorLastTest > testLastWithPredicateAndEmpty STARTED

rx.internal.operators.OperatorLastTest > testLastOrDefault STARTED

rx.internal.operators.OperatorLastTest > testLastOrDefaultWithOneElement STARTED

rx.internal.operators.OperatorLastTest > testLastOrDefaultWithEmpty STARTED

rx.internal.operators.OperatorLastTest > testLastOrDefaultWithPredicate STARTED

rx.internal.operators.OperatorLastTest > testLastOrDefaultWithPredicateAndOneElement STARTED

rx.internal.operators.OperatorLastTest > testLastOrDefaultWithPredicateAndEmpty STARTED

rx.internal.operators.OperatorLastTest > testLastWithElements STARTED

rx.internal.operators.OperatorLastTest > testLast STARTED

rx.internal.operators.OperatorMapTest > testShouldNotSwallowOnErrorNotImplementedException STARTED

rx.internal.operators.OperatorMapTest > testMapMany2 STARTED

rx.internal.operators.OperatorMapTest > testMapWithIssue417 STARTED

rx.internal.operators.OperatorMapTest > testMapWithErrorInFuncAndThreadPoolScheduler STARTED

rx.internal.operators.OperatorMapTest > testErrorPassesThruMap STARTED

rx.internal.operators.OperatorMapTest > testErrorPassesThruMap2 STARTED

rx.internal.operators.OperatorMapTest > testMapWithErrorInFunc STARTED

rx.internal.operators.OperatorMapTest > testMap STARTED

rx.internal.operators.OperatorMapTest > verifyExceptionIsThrownIfThereIsNoExceptionHandler STARTED

rx.internal.operators.OperatorMapTest > testMapMany STARTED

rx.internal.operators.OperatorMapTest > testMapWithError STARTED

rx.internal.operators.OperatorMaterializeTest > testMaterialize1 STARTED

rx.internal.operators.OperatorMaterializeTest > testMaterialize2 STARTED

rx.internal.operators.OperatorMaterializeTest > testMultipleSubscribes STARTED

rx.internal.operators.OperatorMergeDelayErrorTest > testMergeList STARTED

rx.internal.operators.OperatorMergeDelayErrorTest > testErrorDelayed1 STARTED

rx.internal.operators.OperatorMergeDelayErrorTest > testErrorDelayed2 STARTED

rx.internal.operators.OperatorMergeDelayErrorTest > testErrorDelayed3 STARTED

rx.internal.operators.OperatorMergeDelayErrorTest > testErrorDelayed4 STARTED

rx.internal.operators.OperatorMergeDelayErrorTest > testErrorDelayed4WithThreading STARTED

rx.internal.operators.OperatorMergeDelayErrorTest > testCompositeErrorDelayed1 STARTED

rx.internal.operators.OperatorMergeDelayErrorTest > testCompositeErrorDelayed2 STARTED

rx.internal.operators.OperatorMergeDelayErrorTest > testMergeObservableOfObservables STARTED

rx.internal.operators.OperatorMergeDelayErrorTest > testMergeArray STARTED

rx.internal.operators.OperatorMergeDelayErrorTest > testMergeArrayWithThreading STARTED

rx.internal.operators.OperatorMergeDelayErrorTest > testSynchronousError STARTED

rx.internal.operators.OperatorMergeDelayErrorTest > testMergeSourceWhichDoesntPropagateExceptionBack STARTED

rx.internal.operators.OperatorMergeDelayErrorTest > testErrorInParentObservable STARTED

rx.internal.operators.OperatorMergeDelayErrorTest > testErrorInParentObservableDelayed STARTED

rx.internal.operators.OperatorMergeMaxConcurrentTest > testSimple STARTED

rx.internal.operators.OperatorMergeMaxConcurrentTest > testMergeALotOfSourcesOneByOneSynchronouslyTakeHalf STARTED

rx.internal.operators.OperatorMergeMaxConcurrentTest > testSimpleOneLess STARTED

rx.internal.operators.OperatorMergeMaxConcurrentTest > testSimpleAsyncLoop STARTED

rx.internal.operators.OperatorMergeMaxConcurrentTest > testSimpleAsync STARTED

rx.internal.operators.OperatorMergeMaxConcurrentTest > testSimpleOneLessAsyncLoop STARTED

rx.internal.operators.OperatorMergeMaxConcurrentTest > testSimpleOneLessAsync STARTED

rx.internal.operators.OperatorMergeMaxConcurrentTest > testBackpressureHonored STARTED

rx.internal.operators.OperatorMergeMaxConcurrentTest > testTake STARTED

rx.internal.operators.OperatorMergeMaxConcurrentTest > testMergeALotOfSourcesOneByOneSynchronously STARTED

rx.internal.operators.OperatorMergeMaxConcurrentTest > testWhenMaxConcurrentIsOne STARTED

rx.internal.operators.OperatorMergeMaxConcurrentTest > testMaxConcurrent STARTED

rx.internal.operators.OperatorMergeTest > testMergeList STARTED

rx.internal.operators.OperatorMergeTest > testThrownErrorHandling STARTED

rx.internal.operators.OperatorMergeTest > testBackpressureUpstream2 STARTED

rx.internal.operators.OperatorMergeTest > testBackpressureDownstreamWithConcurrentStreams STARTED

rx.internal.operators.OperatorMergeTest > testBackpressureBothUpstreamAndDownstreamWithSynchronousScalarObservables STARTED

rx.internal.operators.OperatorMergeTest > testBackpressureBothUpstreamAndDownstreamWithRegularObservables STARTED

rx.internal.operators.OperatorMergeTest > testUnsubscribeAsObservablesComplete STARTED

rx.internal.operators.OperatorMergeTest > testConcurrencyWithBrokenOnCompleteContract STARTED

rx.internal.operators.OperatorMergeTest > testBackpressureUpstream2InLoop STARTED

rx.internal.operators.OperatorMergeTest > mergeWithNullValues STARTED

rx.internal.operators.OperatorMergeTest > mergeWithTerminalEventAfterUnsubscribe STARTED

rx.internal.operators.OperatorMergeTest > mergingNullObservable STARTED

rx.internal.operators.OperatorMergeTest > merge1AsyncStreamOf1 STARTED

rx.internal.operators.OperatorMergeTest > merge1AsyncStreamOf1000 STARTED

rx.internal.operators.OperatorMergeTest > merge10AsyncStreamOf1000 STARTED

rx.internal.operators.OperatorMergeTest > testSynchronizationOfMultipleSequences STARTED

rx.internal.operators.OperatorMergeTest > testEarlyUnsubscribe STARTED

rx.internal.operators.OperatorMergeTest > testConcurrency STARTED

rx.internal.operators.OperatorMergeTest > testConcurrencyWithSleeping STARTED

rx.internal.operators.OperatorMergeTest > testBackpressureUpstream STARTED

rx.internal.operators.OperatorMergeTest > merge1000AsyncStreamOf1000 STARTED

rx.internal.operators.OperatorMergeTest > merge2000AsyncStreamOf100 STARTED

rx.internal.operators.OperatorMergeTest > merge100AsyncStreamOf1 STARTED

rx.internal.operators.OperatorMergeTest > merge1SyncStreamOf1 STARTED

rx.internal.operators.OperatorMergeTest > merge1SyncStreamOf1000000 STARTED

rx.internal.operators.OperatorMergeTest > merge1000SyncStreamOf1000 STARTED

rx.internal.operators.OperatorMergeTest > testMergeObservableOfObservables STARTED

rx.internal.operators.OperatorMergeTest > testMergeArray STARTED

rx.internal.operators.OperatorMergeTest > testMergeArrayWithThreading STARTED

rx.internal.operators.OperatorMergeTest > testError2 STARTED

rx.internal.operators.OperatorMergeTest > testError1 STARTED

rx.internal.operators.OperatorMergeTest > merge10000SyncStreamOf10 STARTED

rx.internal.operators.OperatorMergeTest > merge1000000SyncStreamOf1 STARTED

rx.internal.operators.OperatorMergeTest > mergeManyAsyncSingle STARTED

rx.internal.operators.OperatorMergeTest > shouldCompleteAfterApplyingBackpressure_NormalPath STARTED

rx.internal.operators.OperatorMergeTest > shouldCompleteAfterApplyingBackpressure_FastPath STARTED

rx.internal.operators.OperatorMergeTest > shouldNotCompleteIfThereArePendingScalarSynchronousEmissionsWhenTheLastInnerSubscriberCompletes STARTED

rx.internal.operators.OperatorMergeTest > delayedErrorsShouldBeEmittedWhenCompleteAfterApplyingBackpressure_NormalPath STARTED

rx.internal.operators.OperatorMergeTest > delayedErrorsShouldBeEmittedWhenCompleteAfterApplyingBackpressure_FastPath STARTED

rx.internal.operators.OperatorMergeTest > shouldNotCompleteWhileThereAreStillScalarSynchronousEmissionsInTheQueue STARTED

rx.internal.operators.OperatorMergeTest > shouldNotReceivedDelayedErrorWhileThereAreStillScalarSynchronousEmissionsInTheQueue STARTED

rx.internal.operators.OperatorMergeTest > testMergeKeepsRequesting STARTED

rx.internal.operators.OperatorMergeTest > shouldNotReceivedDelayedErrorWhileThereAreStillNormalEmissionsInTheQueue STARTED

rx.internal.operators.OperatorMergeTest > testMergeRequestOverflow STARTED

rx.internal.operators.OperatorMergeTest > testUnSubscribeObservableOfObservables STARTED

rx.internal.operators.OperatorMulticastTest > testMulticast STARTED

rx.internal.operators.OperatorMulticastTest > testMulticastConnectTwice STARTED

rx.internal.operators.OperatorMulticastTest > testMulticastDisconnect STARTED

rx.internal.operators.OperatorObserveOnTest > testObserveOn STARTED

rx.internal.operators.OperatorObserveOnTest > testObserveOnWithThreadPoolScheduler STARTED

rx.internal.operators.OperatorObserveOnTest > testObserveOnOrderingConcurrency STARTED

rx.internal.operators.OperatorObserveOnTest > testNonBlockingOuterWhileBlockingOnNext STARTED

rx.internal.operators.OperatorObserveOnTest > testDelayedErrorDeliveryWhenSafeSubscriberUnsubscribes STARTED

rx.internal.operators.OperatorObserveOnTest > testAfterUnsubscribeCalledThenObserverOnNextNeverCalled STARTED

rx.internal.operators.OperatorObserveOnTest > testBackpressureWithTakeAfter STARTED

rx.internal.operators.OperatorObserveOnTest > testBackpressureWithTakeAfterAndMultipleBatches STARTED

rx.internal.operators.OperatorObserveOnTest > testBackpressureWithTakeBefore STARTED

rx.internal.operators.OperatorObserveOnTest > testQueueFullEmitsError STARTED

rx.internal.operators.OperatorObserveOnTest > testAsyncChild STARTED

rx.internal.operators.OperatorObserveOnTest > observeSameOnMultipleSchedulers STARTED

rx.internal.operators.OperatorObserveOnTest > testObserveOnWithNewThreadScheduler STARTED

rx.internal.operators.OperatorObserveOnTest > testOrdering STARTED

rx.internal.operators.OperatorObserveOnTest > testOnErrorCutsAheadOfOnNext STARTED
:test FAILED

FAILURE: Build failed with an exception.

* What went wrong:
Execution failed for task ':test'.
> Process 'Gradle Test Executor 1' finished with non-zero exit value 137

* Try:
Run with --info or --debug option to get more log output.

* Exception is:
org.gradle.api.tasks.TaskExecutionException: Execution failed for task ':test'.
	at org.gradle.api.internal.tasks.execution.ExecuteActionsTaskExecuter.executeActions(ExecuteActionsTaskExecuter.java:69)
	at org.gradle.api.internal.tasks.execution.ExecuteActionsTaskExecuter.execute(ExecuteActionsTaskExecuter.java:46)
	at org.gradle.api.internal.tasks.execution.PostExecutionAnalysisTaskExecuter.execute(PostExecutionAnalysisTaskExecuter.java:35)
	at org.gradle.api.internal.tasks.execution.SkipUpToDateTaskExecuter.execute(SkipUpToDateTaskExecuter.java:64)
	at org.gradle.api.internal.tasks.execution.ValidatingTaskExecuter.execute(ValidatingTaskExecuter.java:58)
	at org.gradle.api.internal.tasks.execution.SkipEmptySourceFilesTaskExecuter.execute(SkipEmptySourceFilesTaskExecuter.java:42)
	at org.gradle.api.internal.tasks.execution.SkipTaskWithNoActionsExecuter.execute(SkipTaskWithNoActionsExecuter.java:52)
	at org.gradle.api.internal.tasks.execution.SkipOnlyIfTaskExecuter.execute(SkipOnlyIfTaskExecuter.java:53)
	at org.gradle.api.internal.tasks.execution.ExecuteAtMostOnceTaskExecuter.execute(ExecuteAtMostOnceTaskExecuter.java:43)
	at org.gradle.api.internal.AbstractTask.executeWithoutThrowingTaskFailure(AbstractTask.java:305)
	at org.gradle.execution.taskgraph.AbstractTaskPlanExecutor$TaskExecutorWorker.executeTask(AbstractTaskPlanExecutor.java:79)
	at org.gradle.execution.taskgraph.AbstractTaskPlanExecutor$TaskExecutorWorker.processTask(AbstractTaskPlanExecutor.java:63)
	at org.gradle.execution.taskgraph.AbstractTaskPlanExecutor$TaskExecutorWorker.run(AbstractTaskPlanExecutor.java:51)
	at org.gradle.execution.taskgraph.DefaultTaskPlanExecutor.process(DefaultTaskPlanExecutor.java:23)
	at org.gradle.execution.taskgraph.DefaultTaskGraphExecuter.execute(DefaultTaskGraphExecuter.java:88)
	at org.gradle.execution.SelectedTaskExecutionAction.execute(SelectedTaskExecutionAction.java:29)
	at org.gradle.execution.DefaultBuildExecuter.execute(DefaultBuildExecuter.java:62)
	at org.gradle.execution.DefaultBuildExecuter.access$200(DefaultBuildExecuter.java:23)
	at org.gradle.execution.DefaultBuildExecuter$2.proceed(DefaultBuildExecuter.java:68)
	at org.gradle.execution.DryRunBuildExecutionAction.execute(DryRunBuildExecutionAction.java:32)
	at org.gradle.execution.DefaultBuildExecuter.execute(DefaultBuildExecuter.java:62)
	at org.gradle.execution.DefaultBuildExecuter.execute(DefaultBuildExecuter.java:55)
	at org.gradle.initialization.DefaultGradleLauncher.doBuildStages(DefaultGradleLauncher.java:149)
	at org.gradle.initialization.DefaultGradleLauncher.doBuild(DefaultGradleLauncher.java:106)
	at org.gradle.initialization.DefaultGradleLauncher.run(DefaultGradleLauncher.java:86)
	at org.gradle.launcher.exec.InProcessBuildActionExecuter$DefaultBuildController.run(InProcessBuildActionExecuter.java:80)
	at org.gradle.launcher.cli.ExecuteBuildAction.run(ExecuteBuildAction.java:33)
	at org.gradle.launcher.cli.ExecuteBuildAction.run(ExecuteBuildAction.java:24)
	at org.gradle.launcher.exec.InProcessBuildActionExecuter.execute(InProcessBuildActionExecuter.java:36)
	at org.gradle.launcher.exec.InProcessBuildActionExecuter.execute(InProcessBuildActionExecuter.java:26)
	at org.gradle.launcher.cli.RunBuildAction.run(RunBuildAction.java:51)
	at org.gradle.internal.Actions$RunnableActionAdapter.execute(Actions.java:171)
	at org.gradle.launcher.cli.CommandLineActionFactory$ParseAndBuildAction.execute(CommandLineActionFactory.java:237)
	at org.gradle.launcher.cli.CommandLineActionFactory$ParseAndBuildAction.execute(CommandLineActionFactory.java:210)
	at org.gradle.launcher.cli.JavaRuntimeValidationAction.execute(JavaRuntimeValidationAction.java:35)
	at org.gradle.launcher.cli.JavaRuntimeValidationAction.execute(JavaRuntimeValidationAction.java:24)
	at org.gradle.launcher.cli.CommandLineActionFactory$WithLogging.execute(CommandLineActionFactory.java:206)
	at org.gradle.launcher.cli.CommandLineActionFactory$WithLogging.execute(CommandLineActionFactory.java:169)
	at org.gradle.launcher.cli.ExceptionReportingAction.execute(ExceptionReportingAction.java:33)
	at org.gradle.launcher.cli.ExceptionReportingAction.execute(ExceptionReportingAction.java:22)
	at org.gradle.launcher.Main.doAction(Main.java:33)
	at org.gradle.launcher.bootstrap.EntryPoint.run(EntryPoint.java:45)
	at org.gradle.launcher.bootstrap.ProcessBootstrap.runNoExit(ProcessBootstrap.java:54)
	at org.gradle.launcher.bootstrap.ProcessBootstrap.run(ProcessBootstrap.java:35)
	at org.gradle.launcher.GradleMain.main(GradleMain.java:23)
	at org.gradle.wrapper.BootstrapMainStarter.start(BootstrapMainStarter.java:30)
	at org.gradle.wrapper.WrapperExecutor.execute(WrapperExecutor.java:127)
	at org.gradle.wrapper.GradleWrapperMain.main(GradleWrapperMain.java:56)
Caused by: org.gradle.process.internal.ExecException: Process 'Gradle Test Executor 1' finished with non-zero exit value 137
	at org.gradle.process.internal.DefaultExecHandle$ExecResultImpl.assertNormalExitValue(DefaultExecHandle.java:365)
	at org.gradle.process.internal.DefaultWorkerProcess.waitForStop(DefaultWorkerProcess.java:161)
	at org.gradle.api.internal.tasks.testing.worker.ForkingTestClassProcessor.stop(ForkingTestClassProcessor.java:86)
	at org.gradle.api.internal.tasks.testing.processors.RestartEveryNTestClassProcessor.endBatch(RestartEveryNTestClassProcessor.java:60)
	at org.gradle.api.internal.tasks.testing.processors.RestartEveryNTestClassProcessor.stop(RestartEveryNTestClassProcessor.java:54)
	at org.gradle.messaging.dispatch.ReflectionDispatch.dispatch(ReflectionDispatch.java:35)
	at org.gradle.messaging.dispatch.ReflectionDispatch.dispatch(ReflectionDispatch.java:24)
	at org.gradle.messaging.dispatch.FailureHandlingDispatch.dispatch(FailureHandlingDispatch.java:29)
	at org.gradle.messaging.dispatch.AsyncDispatch.dispatchMessages(AsyncDispatch.java:132)
	at org.gradle.messaging.dispatch.AsyncDispatch.access$000(AsyncDispatch.java:33)
	at org.gradle.messaging.dispatch.AsyncDispatch$1.run(AsyncDispatch.java:72)
	at org.gradle.internal.concurrent.DefaultExecutorFactory$StoppableExecutorImpl$1.run(DefaultExecutorFactory.java:64)


BUILD FAILED

Total time: 1 mins 20.785 secs
travis_time:end:038e09fc:start=1426609355314072328,finish=1426609436521801460,duration=81207729132[0K
[31;1mThe command "gradle/buildViaTravis.sh" exited with 1.[0m

Done. Your build exited with 1.
