Using worker: worker-linux-12-2.bb.travis-ci.org:travis-linux-16

travis_fold:start:git.1[0Ktravis_time:start:08d582b4[0K$ git clone --depth=50 git://github.com/google/guice.git google/guice
Cloning into 'google/guice'...
remote: Counting objects: 3135, done.[K
remote: Compressing objects:   0% (1/1903)   [Kremote: Compressing objects:   1% (20/1903)   [Kremote: Compressing objects:   2% (39/1903)   [Kremote: Compressing objects:   3% (58/1903)   [Kremote: Compressing objects:   4% (77/1903)   [Kremote: Compressing objects:   5% (96/1903)   [Kremote: Compressing objects:   6% (115/1903)   [Kremote: Compressing objects:   7% (134/1903)   [Kremote: Compressing objects:   8% (153/1903)   [Kremote: Compressing objects:   9% (172/1903)   [Kremote: Compressing objects:  10% (191/1903)   [Kremote: Compressing objects:  11% (210/1903)   [Kremote: Compressing objects:  12% (229/1903)   [Kremote: Compressing objects:  13% (248/1903)   [Kremote: Compressing objects:  14% (267/1903)   [Kremote: Compressing objects:  15% (286/1903)   [Kremote: Compressing objects:  16% (305/1903)   [Kremote: Compressing objects:  17% (324/1903)   [Kremote: Compressing objects:  18% (343/1903)   [Kremote: Compressing objects:  19% (362/1903)   [Kremote: Compressing objects:  20% (381/1903)   [Kremote: Compressing objects:  21% (400/1903)   [Kremote: Compressing objects:  22% (419/1903)   [Kremote: Compressing objects:  23% (438/1903)   [Kremote: Compressing objects:  24% (457/1903)   [Kremote: Compressing objects:  25% (476/1903)   [Kremote: Compressing objects:  26% (495/1903)   [Kremote: Compressing objects:  27% (514/1903)   [Kremote: Compressing objects:  28% (533/1903)   [Kremote: Compressing objects:  29% (552/1903)   [Kremote: Compressing objects:  30% (571/1903)   [Kremote: Compressing objects:  31% (590/1903)   [Kremote: Compressing objects:  32% (609/1903)   [Kremote: Compressing objects:  33% (628/1903)   [Kremote: Compressing objects:  34% (648/1903)   [Kremote: Compressing objects:  35% (667/1903)   [Kremote: Compressing objects:  36% (686/1903)   [Kremote: Compressing objects:  37% (705/1903)   [Kremote: Compressing objects:  38% (724/1903)   [Kremote: Compressing objects:  39% (743/1903)   [Kremote: Compressing objects:  40% (762/1903)   [Kremote: Compressing objects:  41% (781/1903)   [Kremote: Compressing objects:  42% (800/1903)   [Kremote: Compressing objects:  43% (819/1903)   [Kremote: Compressing objects:  44% (838/1903)   [Kremote: Compressing objects:  45% (857/1903)   [Kremote: Compressing objects:  46% (876/1903)   [Kremote: Compressing objects:  47% (895/1903)   [Kremote: Compressing objects:  48% (914/1903)   [Kremote: Compressing objects:  49% (933/1903)   [Kremote: Compressing objects:  50% (952/1903)   [Kremote: Compressing objects:  51% (971/1903)   [Kremote: Compressing objects:  52% (990/1903)   [Kremote: Compressing objects:  53% (1009/1903)   [Kremote: Compressing objects:  54% (1028/1903)   [Kremote: Compressing objects:  55% (1047/1903)   [Kremote: Compressing objects:  56% (1066/1903)   [Kremote: Compressing objects:  57% (1085/1903)   [Kremote: Compressing objects:  58% (1104/1903)   [Kremote: Compressing objects:  59% (1123/1903)   [Kremote: Compressing objects:  60% (1142/1903)   [Kremote: Compressing objects:  61% (1161/1903)   [Kremote: Compressing objects:  62% (1180/1903)   [Kremote: Compressing objects:  63% (1199/1903)   [Kremote: Compressing objects:  64% (1218/1903)   [Kremote: Compressing objects:  65% (1237/1903)   [Kremote: Compressing objects:  66% (1256/1903)   [Kremote: Compressing objects:  67% (1276/1903)   [Kremote: Compressing objects:  68% (1295/1903)   [Kremote: Compressing objects:  69% (1314/1903)   [Kremote: Compressing objects:  70% (1333/1903)   [Kremote: Compressing objects:  71% (1352/1903)   [Kremote: Compressing objects:  72% (1371/1903)   [Kremote: Compressing objects:  73% (1390/1903)   [Kremote: Compressing objects:  74% (1409/1903)   [Kremote: Compressing objects:  75% (1428/1903)   [Kremote: Compressing objects:  76% (1447/1903)   [Kremote: Compressing objects:  77% (1466/1903)   [Kremote: Compressing objects:  78% (1485/1903)   [Kremote: Compressing objects:  79% (1504/1903)   [Kremote: Compressing objects:  80% (1523/1903)   [Kremote: Compressing objects:  81% (1542/1903)   [Kremote: Compressing objects:  82% (1561/1903)   [Kremote: Compressing objects:  83% (1580/1903)   [Kremote: Compressing objects:  84% (1599/1903)   [Kremote: Compressing objects:  85% (1618/1903)   [Kremote: Compressing objects:  86% (1637/1903)   [Kremote: Compressing objects:  87% (1656/1903)   [Kremote: Compressing objects:  88% (1675/1903)   [Kremote: Compressing objects:  89% (1694/1903)   [Kremote: Compressing objects:  90% (1713/1903)   [Kremote: Compressing objects:  91% (1732/1903)   [Kremote: Compressing objects:  92% (1751/1903)   [Kremote: Compressing objects:  93% (1770/1903)   [Kremote: Compressing objects:  94% (1789/1903)   [Kremote: Compressing objects:  95% (1808/1903)   [Kremote: Compressing objects:  96% (1827/1903)   [Kremote: Compressing objects:  97% (1846/1903)   [Kremote: Compressing objects:  98% (1865/1903)   [Kremote: Compressing objects:  99% (1884/1903)   [Kremote: Compressing objects: 100% (1903/1903)   [Kremote: Compressing objects: 100% (1903/1903), done.[K
Receiving objects:   0% (1/3135)   Receiving objects:   1% (32/3135)   Receiving objects:   2% (63/3135)   Receiving objects:   3% (95/3135)   Receiving objects:   4% (126/3135)   Receiving objects:   5% (157/3135)   Receiving objects:   6% (189/3135)   Receiving objects:   7% (220/3135)   Receiving objects:   8% (251/3135)   Receiving objects:   9% (283/3135)   Receiving objects:  10% (314/3135)   Receiving objects:  11% (345/3135)   Receiving objects:  12% (377/3135)   Receiving objects:  13% (408/3135)   Receiving objects:  14% (439/3135)   Receiving objects:  15% (471/3135)   Receiving objects:  16% (502/3135)   Receiving objects:  17% (533/3135)   Receiving objects:  18% (565/3135)   Receiving objects:  19% (596/3135)   Receiving objects:  20% (627/3135)   Receiving objects:  21% (659/3135)   Receiving objects:  22% (690/3135)   Receiving objects:  23% (722/3135)   Receiving objects:  24% (753/3135)   Receiving objects:  25% (784/3135)   Receiving objects:  26% (816/3135)   Receiving objects:  27% (847/3135)   Receiving objects:  28% (878/3135)   Receiving objects:  29% (910/3135)   Receiving objects:  30% (941/3135)   Receiving objects:  31% (972/3135)   Receiving objects:  32% (1004/3135)   Receiving objects:  33% (1035/3135)   Receiving objects:  34% (1066/3135)   Receiving objects:  35% (1098/3135), 20.35 MiB | 40.61 MiB/s   Receiving objects:  36% (1129/3135), 20.35 MiB | 40.61 MiB/s   Receiving objects:  37% (1160/3135), 20.35 MiB | 40.61 MiB/s   Receiving objects:  38% (1192/3135), 20.35 MiB | 40.61 MiB/s   Receiving objects:  39% (1223/3135), 20.35 MiB | 40.61 MiB/s   Receiving objects:  40% (1254/3135), 20.35 MiB | 40.61 MiB/s   Receiving objects:  41% (1286/3135), 20.35 MiB | 40.61 MiB/s   Receiving objects:  42% (1317/3135), 20.35 MiB | 40.61 MiB/s   Receiving objects:  43% (1349/3135), 20.35 MiB | 40.61 MiB/s   Receiving objects:  44% (1380/3135), 20.35 MiB | 40.61 MiB/s   Receiving objects:  45% (1411/3135), 20.35 MiB | 40.61 MiB/s   Receiving objects:  46% (1443/3135), 20.35 MiB | 40.61 MiB/s   Receiving objects:  47% (1474/3135), 20.35 MiB | 40.61 MiB/s   Receiving objects:  48% (1505/3135), 20.35 MiB | 40.61 MiB/s   Receiving objects:  49% (1537/3135), 20.35 MiB | 40.61 MiB/s   Receiving objects:  50% (1568/3135), 20.35 MiB | 40.61 MiB/s   Receiving objects:  51% (1599/3135), 20.35 MiB | 40.61 MiB/s   Receiving objects:  52% (1631/3135), 20.35 MiB | 40.61 MiB/s   Receiving objects:  53% (1662/3135), 20.35 MiB | 40.61 MiB/s   Receiving objects:  54% (1693/3135), 20.35 MiB | 40.61 MiB/s   Receiving objects:  55% (1725/3135), 20.35 MiB | 40.61 MiB/s   Receiving objects:  56% (1756/3135), 20.35 MiB | 40.61 MiB/s   Receiving objects:  57% (1787/3135), 20.35 MiB | 40.61 MiB/s   Receiving objects:  58% (1819/3135), 20.35 MiB | 40.61 MiB/s   Receiving objects:  59% (1850/3135), 20.35 MiB | 40.61 MiB/s   Receiving objects:  60% (1881/3135), 20.35 MiB | 40.61 MiB/s   Receiving objects:  61% (1913/3135), 20.35 MiB | 40.61 MiB/s   Receiving objects:  62% (1944/3135), 20.35 MiB | 40.61 MiB/s   Receiving objects:  63% (1976/3135), 20.35 MiB | 40.61 MiB/s   Receiving objects:  64% (2007/3135), 20.35 MiB | 40.61 MiB/s   Receiving objects:  65% (2038/3135), 20.35 MiB | 40.61 MiB/s   Receiving objects:  66% (2070/3135), 20.35 MiB | 40.61 MiB/s   Receiving objects:  67% (2101/3135), 20.35 MiB | 40.61 MiB/s   Receiving objects:  68% (2132/3135), 20.35 MiB | 40.61 MiB/s   Receiving objects:  69% (2164/3135), 20.35 MiB | 40.61 MiB/s   Receiving objects:  70% (2195/3135), 20.35 MiB | 40.61 MiB/s   Receiving objects:  71% (2226/3135), 20.35 MiB | 40.61 MiB/s   Receiving objects:  72% (2258/3135), 20.35 MiB | 40.61 MiB/s   Receiving objects:  73% (2289/3135), 20.35 MiB | 40.61 MiB/s   Receiving objects:  74% (2320/3135), 20.35 MiB | 40.61 MiB/s   Receiving objects:  75% (2352/3135), 20.35 MiB | 40.61 MiB/s   Receiving objects:  76% (2383/3135), 20.35 MiB | 40.61 MiB/s   Receiving objects:  77% (2414/3135), 20.35 MiB | 40.61 MiB/s   Receiving objects:  78% (2446/3135), 20.35 MiB | 40.61 MiB/s   Receiving objects:  79% (2477/3135), 20.35 MiB | 40.61 MiB/s   Receiving objects:  80% (2508/3135), 20.35 MiB | 40.61 MiB/s   Receiving objects:  81% (2540/3135), 20.35 MiB | 40.61 MiB/s   Receiving objects:  82% (2571/3135), 20.35 MiB | 40.61 MiB/s   Receiving objects:  83% (2603/3135), 20.35 MiB | 40.61 MiB/s   Receiving objects:  84% (2634/3135), 20.35 MiB | 40.61 MiB/s   Receiving objects:  85% (2665/3135), 20.35 MiB | 40.61 MiB/s   Receiving objects:  86% (2697/3135), 20.35 MiB | 40.61 MiB/s   Receiving objects:  87% (2728/3135), 20.35 MiB | 40.61 MiB/s   Receiving objects:  88% (2759/3135), 20.35 MiB | 40.61 MiB/s   Receiving objects:  89% (2791/3135), 20.35 MiB | 40.61 MiB/s   Receiving objects:  90% (2822/3135), 20.35 MiB | 40.61 MiB/s   Receiving objects:  91% (2853/3135), 20.35 MiB | 40.61 MiB/s   Receiving objects:  92% (2885/3135), 20.35 MiB | 40.61 MiB/s   Receiving objects:  93% (2916/3135), 20.35 MiB | 40.61 MiB/s   remote: Total 3135 (delta 1467), reused 2154 (delta 764)[K
Receiving objects:  94% (2947/3135), 20.35 MiB | 40.61 MiB/s   Receiving objects:  95% (2979/3135), 20.35 MiB | 40.61 MiB/s   Receiving objects:  96% (3010/3135), 20.35 MiB | 40.61 MiB/s   Receiving objects:  97% (3041/3135), 20.35 MiB | 40.61 MiB/s   Receiving objects:  98% (3073/3135), 20.35 MiB | 40.61 MiB/s   Receiving objects:  99% (3104/3135), 20.35 MiB | 40.61 MiB/s   Receiving objects: 100% (3135/3135), 20.35 MiB | 40.61 MiB/s   Receiving objects: 100% (3135/3135), 25.29 MiB | 40.61 MiB/s, done.
Resolving deltas:   0% (0/1467)   Resolving deltas:   1% (29/1467)   Resolving deltas:   2% (39/1467)   Resolving deltas:   3% (47/1467)   Resolving deltas:   4% (59/1467)   Resolving deltas:   6% (97/1467)   Resolving deltas:   7% (103/1467)   Resolving deltas:   8% (125/1467)   Resolving deltas:   9% (133/1467)   Resolving deltas:  10% (148/1467)   Resolving deltas:  11% (163/1467)   Resolving deltas:  12% (177/1467)   Resolving deltas:  13% (195/1467)   Resolving deltas:  14% (206/1467)   Resolving deltas:  15% (222/1467)   Resolving deltas:  16% (235/1467)   Resolving deltas:  17% (250/1467)   Resolving deltas:  18% (265/1467)   Resolving deltas:  19% (281/1467)   Resolving deltas:  20% (297/1467)   Resolving deltas:  21% (315/1467)   Resolving deltas:  22% (323/1467)   Resolving deltas:  23% (338/1467)   Resolving deltas:  24% (356/1467)   Resolving deltas:  25% (367/1467)   Resolving deltas:  26% (393/1467)   Resolving deltas:  27% (397/1467)   Resolving deltas:  28% (411/1467)   Resolving deltas:  29% (432/1467)   Resolving deltas:  30% (443/1467)   Resolving deltas:  31% (457/1467)   Resolving deltas:  32% (470/1467)   Resolving deltas:  33% (490/1467)   Resolving deltas:  34% (499/1467)   Resolving deltas:  35% (515/1467)   Resolving deltas:  36% (530/1467)   Resolving deltas:  37% (547/1467)   Resolving deltas:  38% (561/1467)   Resolving deltas:  39% (574/1467)   Resolving deltas:  40% (592/1467)   Resolving deltas:  42% (619/1467)   Resolving deltas:  43% (634/1467)   Resolving deltas:  44% (648/1467)   Resolving deltas:  46% (676/1467)   Resolving deltas:  47% (703/1467)   Resolving deltas:  48% (710/1467)   Resolving deltas:  49% (719/1467)   Resolving deltas:  50% (736/1467)   Resolving deltas:  51% (752/1467)   Resolving deltas:  52% (764/1467)   Resolving deltas:  53% (780/1467)   Resolving deltas:  54% (801/1467)   Resolving deltas:  55% (807/1467)   Resolving deltas:  56% (827/1467)   Resolving deltas:  58% (852/1467)   Resolving deltas:  59% (872/1467)   Resolving deltas:  60% (884/1467)   Resolving deltas:  61% (900/1467)   Resolving deltas:  62% (910/1467)   Resolving deltas:  63% (927/1467)   Resolving deltas:  64% (939/1467)   Resolving deltas:  65% (968/1467)   Resolving deltas:  67% (984/1467)   Resolving deltas:  70% (1027/1467)   Resolving deltas:  72% (1059/1467)   Resolving deltas:  73% (1071/1467)   Resolving deltas:  74% (1086/1467)   Resolving deltas:  75% (1112/1467)   Resolving deltas:  76% (1128/1467)   Resolving deltas:  77% (1134/1467)   Resolving deltas:  82% (1211/1467)   Resolving deltas:  83% (1222/1467)   Resolving deltas:  84% (1243/1467)   Resolving deltas:  85% (1255/1467)   Resolving deltas:  86% (1268/1467)   Resolving deltas:  87% (1285/1467)   Resolving deltas:  88% (1297/1467)   Resolving deltas:  89% (1316/1467)   Resolving deltas:  90% (1324/1467)   Resolving deltas:  91% (1335/1467)   Resolving deltas:  92% (1350/1467)   Resolving deltas:  93% (1365/1467)   Resolving deltas:  94% (1380/1467)   Resolving deltas:  95% (1397/1467)   Resolving deltas:  96% (1409/1467)   Resolving deltas:  97% (1423/1467)   Resolving deltas:  98% (1438/1467)   Resolving deltas:  99% (1454/1467)   Resolving deltas: 100% (1467/1467)   Resolving deltas: 100% (1467/1467), done.
Checking connectivity... done.
travis_time:end:08d582b4:start=1412788014449886610,finish=1412788017052337883,duration=2602451273[0Ktravis_fold:end:git.1[0K$ cd google/guice
travis_fold:start:git.4[0Ktravis_time:start:12765000[0K$ git fetch origin +refs/pull/859/merge:
remote: Counting objects: 21, done.[K
remote: Compressing objects:   7% (1/13)   [Kremote: Compressing objects:  15% (2/13)   [Kremote: Compressing objects:  23% (3/13)   [Kremote: Compressing objects:  30% (4/13)   [Kremote: Compressing objects:  38% (5/13)   [Kremote: Compressing objects:  46% (6/13)   [Kremote: Compressing objects:  53% (7/13)   [Kremote: Compressing objects:  61% (8/13)   [Kremote: Compressing objects:  69% (9/13)   [Kremote: Compressing objects:  76% (10/13)   [Kremote: Compressing objects:  84% (11/13)   [Kremote: Compressing objects:  92% (12/13)   [Kremote: Compressing objects: 100% (13/13)   [Kremote: Compressing objects: 100% (13/13), done.[K
remote: Total 21 (delta 8), reused 13 (delta 0)[K
Unpacking objects:   4% (1/21)   Unpacking objects:   9% (2/21)   Unpacking objects:  14% (3/21)   Unpacking objects:  19% (4/21)   Unpacking objects:  23% (5/21)   Unpacking objects:  28% (6/21)   Unpacking objects:  33% (7/21)   Unpacking objects:  38% (8/21)   Unpacking objects:  42% (9/21)   Unpacking objects:  47% (10/21)   Unpacking objects:  52% (11/21)   Unpacking objects:  57% (12/21)   Unpacking objects:  61% (13/21)   Unpacking objects:  66% (14/21)   Unpacking objects:  71% (15/21)   Unpacking objects:  76% (16/21)   Unpacking objects:  80% (17/21)   Unpacking objects:  85% (18/21)   Unpacking objects:  90% (19/21)   Unpacking objects:  95% (20/21)   Unpacking objects: 100% (21/21)   Unpacking objects: 100% (21/21), done.
From git://github.com/google/guice
 * branch            refs/pull/859/merge -> FETCH_HEAD
travis_time:end:12765000:start=1412788017060904639,finish=1412788017199005635,duration=138100996[0Ktravis_fold:end:git.4[0Ktravis_fold:start:git.5[0K$ git checkout -qf FETCH_HEAD
travis_fold:end:git.5[0Kcouchdb stop/waiting

[33;1mSetting environment variables from .travis.yml[0m
$ export GH_TOKEN=[secure]
$ export CI_DEPLOY_USERNAME=[secure]
$ export CI_DEPLOY_PASSWORD=[secure]
$ export LABEL=ant
$ export CMD="ant dist test.dist"
$ export INSTALL="/bin/true"

$ jdk_switcher use openjdk6
Switching to OpenJDK6 (java-1.6.0-openjdk-amd64), JAVA_HOME will be set to /usr/lib/jvm/java-6-openjdk-amd64
$ java -version
java version "1.6.0_32"
OpenJDK Runtime Environment (IcedTea6 1.13.4) (6b32-1.13.4-4ubuntu0.12.04.2)
OpenJDK 64-Bit Server VM (build 23.25-b01, mixed mode)
$ javac -version
javac 1.6.0_32
travis_fold:start:install[0Ktravis_time:start:205c69c8[0K$ ${INSTALL}
travis_time:end:205c69c8:start=1412788020046546843,finish=1412788020064676209,duration=18129366[0Ktravis_fold:end:install[0Ktravis_time:start:1af41da6[0K$ ${CMD}
Buildfile: /home/travis/build/google/guice/build.xml

source.jar:
    [mkdir] Created dir: /home/travis/build/google/guice/build
      [zip] Building zip: /home/travis/build/google/guice/build/guice-snapshot-src.jar

compile:
    [mkdir] Created dir: /home/travis/build/google/guice/build/classes
    [javac] Compiling 188 source files to /home/travis/build/google/guice/build/classes
    [javac] /home/travis/build/google/guice/core/src/com/google/inject/internal/Annotations.java:90: warning: [unchecked] unchecked cast
    [javac] found   : java.lang.annotation.Annotation
    [javac] required: T
    [javac]     return (T)cache.getUnchecked(annotationType);
    [javac]                                 ^
    [javac] /home/travis/build/google/guice/core/src/com/google/inject/internal/Annotations.java:242: warning: [unchecked] unchecked generic array creation of type java.lang.Class<? extends java.lang.annotation.Annotation>[] for varargs parameter
    [javac]       Arrays.asList(ScopeAnnotation.class, javax.inject.Scope.class));
    [javac]                    ^
    [javac] /home/travis/build/google/guice/core/src/com/google/inject/internal/Annotations.java:295: warning: [unchecked] unchecked generic array creation of type java.lang.Class<? extends java.lang.annotation.Annotation>[] for varargs parameter
    [javac]       Arrays.asList(BindingAnnotation.class, Qualifier.class));
    [javac]                    ^
    [javac] /home/travis/build/google/guice/core/src/com/google/inject/internal/ProvisionListenerStackCallback.java:39: warning: [unchecked] unchecked call to ProvisionListenerStackCallback(com.google.inject.Binding<T>,java.util.List<com.google.inject.spi.ProvisionListener>) as a member of the raw type com.google.inject.internal.ProvisionListenerStackCallback
    [javac]       new ProvisionListenerStackCallback(null /* unused, so ok */, ImmutableList.of());
    [javac]       ^
    [javac] /home/travis/build/google/guice/core/src/com/google/inject/internal/BindingBuilder.java:100: warning: [unchecked] unchecked cast
    [javac] found   : com.google.inject.Provider<capture#460 of ? extends T>
    [javac] required: javax.inject.Provider<T>
    [javac]     return toProvider((javax.inject.Provider<T>) provider);
    [javac]                                                  ^
    [javac] /home/travis/build/google/guice/core/src/com/google/inject/internal/ProviderInstanceBindingImpl.java:66: warning: [deprecation] getProviderInstance() in com.google.inject.spi.ProviderInstanceBinding has been deprecated
    [javac]   public Provider<? extends T> getProviderInstance() {
    [javac]                                ^
    [javac] 6 warnings
    [javac] Creating empty /home/travis/build/google/guice/build/classes/com/google/inject/spi/package-info.class
    [javac] Creating empty /home/travis/build/google/guice/build/classes/com/google/inject/name/package-info.class
    [javac] Creating empty /home/travis/build/google/guice/build/classes/com/google/inject/package-info.class
    [javac] Creating empty /home/travis/build/google/guice/build/classes/com/google/inject/binder/package-info.class
    [javac] Creating empty /home/travis/build/google/guice/build/classes/com/google/inject/matcher/package-info.class
    [javac] Creating empty /home/travis/build/google/guice/build/classes/com/google/inject/util/package-info.class
    [javac] Creating empty /home/travis/build/google/guice/build/classes/com/google/inject/internal/package-info.class

jar.withdeps:
    [mkdir] Created dir: /home/travis/build/google/guice/build/dist
   [jarjar] Building jar: /home/travis/build/google/guice/build/guice-with-deps.jar

manifest:
  [bndwrap] classes 339 0
    [unjar] Expanding: /home/travis/build/google/guice/build/classes.bar into /home/travis/build/google/guice/build

jar:
      [jar] Building jar: /home/travis/build/google/guice/build/dist/guice-snapshot.jar

distjars:

javadoc:
  [javadoc] Generating Javadoc
  [javadoc] Javadoc execution
  [javadoc] javadoc: error - invalid flag: -Xdoclint:none
  [javadoc] usage: javadoc [options] [packagenames] [sourcefiles] [@files]
  [javadoc] -overview <file>          Read overview documentation from HTML file
  [javadoc] -public                   Show only public classes and members
  [javadoc] -protected                Show protected/public classes and members (default)
  [javadoc] -package                  Show package/protected/public classes and members
  [javadoc] -private                  Show all classes and members
  [javadoc] -help                     Display command line options and exit
  [javadoc] -doclet <class>           Generate output via alternate doclet
  [javadoc] -docletpath <path>        Specify where to find doclet class files
  [javadoc] -sourcepath <pathlist>    Specify where to find source files
  [javadoc] -classpath <pathlist>     Specify where to find user class files
  [javadoc] -exclude <pkglist>        Specify a list of packages to exclude
  [javadoc] -subpackages <subpkglist> Specify subpackages to recursively load
  [javadoc] -breakiterator            Compute 1st sentence with BreakIterator
  [javadoc] -bootclasspath <pathlist> Override location of class files loaded
  [javadoc] 			  by the bootstrap class loader
  [javadoc] -source <release>         Provide source compatibility with specified release
  [javadoc] -extdirs <dirlist>        Override location of installed extensions
  [javadoc] -verbose                  Output messages about what Javadoc is doing
  [javadoc] -locale <name>            Locale to be used, e.g. en_US or en_US_WIN
  [javadoc] -encoding <name>          Source file encoding name
  [javadoc] -quiet                    Do not display status messages
  [javadoc] -J<flag>                  Pass <flag> directly to the runtime system
  [javadoc] 
  [javadoc] Provided by Standard doclet:
  [javadoc] -d <directory>                    Destination directory for output files
  [javadoc] -use                              Create class and package usage pages
  [javadoc] -version                          Include @version paragraphs
  [javadoc] -author                           Include @author paragraphs
  [javadoc] -docfilessubdirs                  Recursively copy doc-file subdirectories
  [javadoc] -splitindex                       Split index into one file per letter
  [javadoc] -windowtitle <text>               Browser window title for the documenation
  [javadoc] -doctitle <html-code>             Include title for the overview page
  [javadoc] -header <html-code>               Include header text for each page
  [javadoc] -footer <html-code>               Include footer text for each page
  [javadoc] -top    <html-code>               Include top text for each page
  [javadoc] -bottom <html-code>               Include bottom text for each page
  [javadoc] -link <url>                       Create links to javadoc output at <url>
  [javadoc] -linkoffline <url> <url2>         Link to docs at <url> using package list at <url2>
  [javadoc] -excludedocfilessubdir <name1>:.. Exclude any doc-files subdirectories with given name.
  [javadoc] -group <name> <p1>:<p2>..         Group specified packages together in overview page
  [javadoc] -nocomment                        Supress description and tags, generate only declarations.
  [javadoc] -nodeprecated                     Do not include @deprecated information
  [javadoc] -noqualifier <name1>:<name2>:...  Exclude the list of qualifiers from the output.
  [javadoc] -nosince                          Do not include @since information
  [javadoc] -notimestamp                      Do not include hidden time stamp
  [javadoc] -nodeprecatedlist                 Do not generate deprecated list
  [javadoc] -notree                           Do not generate class hierarchy
  [javadoc] -noindex                          Do not generate index
  [javadoc] -nohelp                           Do not generate help link
  [javadoc] -nonavbar                         Do not generate navigation bar
  [javadoc] -serialwarn                       Generate warning about @serial tag
  [javadoc] -tag <name>:<locations>:<header>  Specify single argument custom tags
  [javadoc] -taglet                           The fully qualified name of Taglet to register
  [javadoc] -tagletpath                       The path to Taglets
  [javadoc] -charset <charset>                Charset for cross-platform viewing of generated documentation.
  [javadoc] -helpfile <file>                  Include file that help link links to
  [javadoc] -linksource                       Generate source in HTML
  [javadoc] -sourcetab <tab length>           Specify the number of spaces each tab takes up in the source
  [javadoc] -keywords                         Include HTML meta tags with package, class and member info
  [javadoc] -stylesheetfile <path>            File to change style of the generated documentation
  [javadoc] -docencoding <name>               Output encoding name
  [javadoc] 1 error

dist:

source.jar:
    [mkdir] Created dir: /home/travis/build/google/guice/extensions/servlet/build
      [zip] Building zip: /home/travis/build/google/guice/extensions/servlet/build/guice-servlet-snapshot-src.jar

compile:
    [mkdir] Created dir: /home/travis/build/google/guice/extensions/servlet/build/classes
    [javac] Compiling 35 source files to /home/travis/build/google/guice/extensions/servlet/build/classes
    [javac] Creating empty /home/travis/build/google/guice/extensions/servlet/build/classes/com/google/inject/servlet/package-info.class

manifest:
  [bndwrap] classes 67 0
    [unjar] Expanding: /home/travis/build/google/guice/extensions/servlet/build/classes.bar into /home/travis/build/google/guice/extensions/servlet/build

jar:
      [jar] Building jar: /home/travis/build/google/guice/extensions/servlet/build/guice-servlet-snapshot.jar

distjars:

source.jar:
    [mkdir] Created dir: /home/travis/build/google/guice/extensions/spring/build
      [zip] Building zip: /home/travis/build/google/guice/extensions/spring/build/guice-spring-snapshot-src.jar

compile:
    [mkdir] Created dir: /home/travis/build/google/guice/extensions/spring/build/classes
    [javac] Compiling 2 source files to /home/travis/build/google/guice/extensions/spring/build/classes
    [javac] Creating empty /home/travis/build/google/guice/extensions/spring/build/classes/com/google/inject/spring/package-info.class

manifest:
  [bndwrap] classes 4 0
    [unjar] Expanding: /home/travis/build/google/guice/extensions/spring/build/classes.bar into /home/travis/build/google/guice/extensions/spring/build

jar:
      [jar] Building jar: /home/travis/build/google/guice/extensions/spring/build/guice-spring-snapshot.jar

distjars:

source.jar:
    [mkdir] Created dir: /home/travis/build/google/guice/extensions/struts2/build
      [zip] Building zip: /home/travis/build/google/guice/extensions/struts2/build/guice-struts2-plugin-snapshot-src.jar

compile:
    [mkdir] Created dir: /home/travis/build/google/guice/extensions/struts2/build/classes
    [javac] Compiling 3 source files to /home/travis/build/google/guice/extensions/struts2/build/classes
    [javac] /home/travis/build/google/guice/extensions/struts2/src/com/google/inject/struts2/GuiceObjectFactory.java:185: warning: [unchecked] unchecked conversion
    [javac] found   : java.util.Map
    [javac] required: java.util.Map<java.lang.String,java.lang.String>
    [javac]     return super.buildInterceptor(interceptorConfig, interceptorRefParams);
    [javac]                                                      ^
    [javac] 1 warning
     [copy] Copying 1 file to /home/travis/build/google/guice/extensions/struts2/build/classes

manifest:
  [bndwrap] classes 8 0
    [unjar] Expanding: /home/travis/build/google/guice/extensions/struts2/build/classes.bar into /home/travis/build/google/guice/extensions/struts2/build

jar:
      [jar] Building jar: /home/travis/build/google/guice/extensions/struts2/build/guice-struts2-plugin-snapshot.jar

distjars:

source.jar:
    [mkdir] Created dir: /home/travis/build/google/guice/extensions/assistedinject/build
      [zip] Building zip: /home/travis/build/google/guice/extensions/assistedinject/build/guice-assistedinject-snapshot-src.jar

compile:
    [mkdir] Created dir: /home/travis/build/google/guice/extensions/assistedinject/build/classes
    [javac] Compiling 13 source files to /home/travis/build/google/guice/extensions/assistedinject/build/classes
    [javac] Creating empty /home/travis/build/google/guice/extensions/assistedinject/build/classes/com/google/inject/assistedinject/package-info.class

manifest:
  [bndwrap] classes 19 0
    [unjar] Expanding: /home/travis/build/google/guice/extensions/assistedinject/build/classes.bar into /home/travis/build/google/guice/extensions/assistedinject/build

jar:
      [jar] Building jar: /home/travis/build/google/guice/extensions/assistedinject/build/guice-assistedinject-snapshot.jar

distjars:

source.jar:
    [mkdir] Created dir: /home/travis/build/google/guice/extensions/jmx/build
      [zip] Building zip: /home/travis/build/google/guice/extensions/jmx/build/guice-jmx-snapshot-src.jar

compile:
    [mkdir] Created dir: /home/travis/build/google/guice/extensions/jmx/build/classes
    [javac] Compiling 4 source files to /home/travis/build/google/guice/extensions/jmx/build/classes
    [javac] Creating empty /home/travis/build/google/guice/extensions/jmx/build/classes/com/google/inject/tools/jmx/package-info.class

manifest:
  [bndwrap] classes 4 0
    [unjar] Expanding: /home/travis/build/google/guice/extensions/jmx/build/classes.bar into /home/travis/build/google/guice/extensions/jmx/build

jar:
      [jar] Building jar: /home/travis/build/google/guice/extensions/jmx/build/guice-jmx-snapshot.jar

distjars:

source.jar:
    [mkdir] Created dir: /home/travis/build/google/guice/extensions/jndi/build
      [zip] Building zip: /home/travis/build/google/guice/extensions/jndi/build/guice-jndi-snapshot-src.jar

compile:
    [mkdir] Created dir: /home/travis/build/google/guice/extensions/jndi/build/classes
    [javac] Compiling 2 source files to /home/travis/build/google/guice/extensions/jndi/build/classes
    [javac] Creating empty /home/travis/build/google/guice/extensions/jndi/build/classes/com/google/inject/jndi/package-info.class

manifest:
  [bndwrap] classes 3 0
    [unjar] Expanding: /home/travis/build/google/guice/extensions/jndi/build/classes.bar into /home/travis/build/google/guice/extensions/jndi/build

jar:
      [jar] Building jar: /home/travis/build/google/guice/extensions/jndi/build/guice-jndi-snapshot.jar

distjars:

source.jar:
    [mkdir] Created dir: /home/travis/build/google/guice/extensions/throwingproviders/build
      [zip] Building zip: /home/travis/build/google/guice/extensions/throwingproviders/build/guice-throwingproviders-snapshot-src.jar

compile:
    [mkdir] Created dir: /home/travis/build/google/guice/extensions/throwingproviders/build/classes
    [javac] Compiling 10 source files to /home/travis/build/google/guice/extensions/throwingproviders/build/classes
    [javac] /home/travis/build/google/guice/extensions/throwingproviders/src/com/google/inject/throwingproviders/ThrowingProviderBinder.java:347: warning: [deprecation] com.google.inject.throwingproviders.ThrowingProvider in com.google.inject.throwingproviders has been deprecated
    [javac]       boolean tpMode = interfaceType.getInterfaces()[0] == ThrowingProvider.class;      
    [javac]                                                            ^
    [javac] 1 warning
    [javac] Creating empty /home/travis/build/google/guice/extensions/throwingproviders/build/classes/com/google/inject/throwingproviders/package-info.class

manifest:
  [bndwrap] Should not skip: ^
  [bndwrap] classes 18 0
    [unjar] Expanding: /home/travis/build/google/guice/extensions/throwingproviders/build/classes.bar into /home/travis/build/google/guice/extensions/throwingproviders/build

jar:
      [jar] Building jar: /home/travis/build/google/guice/extensions/throwingproviders/build/guice-throwingproviders-snapshot.jar

distjars:

source.jar:
    [mkdir] Created dir: /home/travis/build/google/guice/extensions/multibindings/build
      [zip] Building zip: /home/travis/build/google/guice/extensions/multibindings/build/guice-multibindings-snapshot-src.jar

compile:
    [mkdir] Created dir: /home/travis/build/google/guice/extensions/multibindings/build/classes
    [javac] Compiling 11 source files to /home/travis/build/google/guice/extensions/multibindings/build/classes
    [javac] /home/travis/build/google/guice/extensions/multibindings/src/com/google/inject/multibindings/Multibinder.java:454: warning: [unchecked] unchecked conversion
    [javac] found   : com.google.inject.Key
    [javac] required: com.google.inject.Key<T>
    [javac]               Dependency.get(key.ofType(Types.providerOf(key.getTypeLiteral().getType()))));
    [javac]                                        ^
    [javac] /home/travis/build/google/guice/extensions/multibindings/src/com/google/inject/multibindings/Multibinder.java:454: warning: [unchecked] unchecked method invocation: <T>get(com.google.inject.Key<T>) in com.google.inject.spi.Dependency is applied to (com.google.inject.Key)
    [javac]               Dependency.get(key.ofType(Types.providerOf(key.getTypeLiteral().getType()))));
    [javac]                             ^
    [javac] /home/travis/build/google/guice/extensions/multibindings/src/com/google/inject/multibindings/MapBinder.java:394: warning: [unchecked] unchecked conversion
    [javac] found   : com.google.inject.Key
    [javac] required: com.google.inject.Key<? extends java.util.Map<K,javax.inject.Provider<V>>>
    [javac]       binder.bind(javaxProviderMapKey).to(massagedProviderMapKey);
    [javac]                                           ^
    [javac] /home/travis/build/google/guice/extensions/multibindings/src/com/google/inject/multibindings/OptionalBinder.java:373: warning: [unchecked] unchecked conversion
    [javac] found   : com.google.inject.Key
    [javac] required: com.google.inject.Key<? extends com.google.common.base.Optional<javax.inject.Provider<T>>>
    [javac]       binder.bind(optionalJavaxProviderKey).to(massagedOptionalProviderKey);
    [javac]                                                ^
    [javac] 4 warnings
    [javac] Creating empty /home/travis/build/google/guice/extensions/multibindings/build/classes/com/google/inject/multibindings/package-info.class

manifest:
  [bndwrap] classes 43 0
    [unjar] Expanding: /home/travis/build/google/guice/extensions/multibindings/build/classes.bar into /home/travis/build/google/guice/extensions/multibindings/build

jar:
      [jar] Building jar: /home/travis/build/google/guice/extensions/multibindings/build/guice-multibindings-snapshot.jar

distjars:

source.jar:
    [mkdir] Created dir: /home/travis/build/google/guice/extensions/persist/build
      [zip] Building zip: /home/travis/build/google/guice/extensions/persist/build/guice-persist-snapshot-src.jar

compile:
    [mkdir] Created dir: /home/travis/build/google/guice/extensions/persist/build/classes
    [javac] Compiling 17 source files to /home/travis/build/google/guice/extensions/persist/build/classes
    [javac] /home/travis/build/google/guice/extensions/persist/src/com/google/inject/persist/jpa/JpaFinderProxy.java:104: warning: [unchecked] unchecked conversion
    [javac] found   : java.util.List
    [javac] required: java.util.Collection<? extends capture#248 of ?>
    [javac]     collection.addAll(results);
    [javac]                       ^
    [javac] 1 warning
    [javac] Creating empty /home/travis/build/google/guice/extensions/persist/build/classes/com/google/inject/persist/jpa/package-info.class
    [javac] Creating empty /home/travis/build/google/guice/extensions/persist/build/classes/com/google/inject/persist/finder/package-info.class
    [javac] Creating empty /home/travis/build/google/guice/extensions/persist/build/classes/com/google/inject/persist/package-info.class

manifest:
  [bndwrap] classes 25 0
    [unjar] Expanding: /home/travis/build/google/guice/extensions/persist/build/classes.bar into /home/travis/build/google/guice/extensions/persist/build

jar:
      [jar] Building jar: /home/travis/build/google/guice/extensions/persist/build/guice-persist-snapshot.jar

distjars:

source.jar:
    [mkdir] Created dir: /home/travis/build/google/guice/extensions/grapher/build
      [zip] Building zip: /home/travis/build/google/guice/extensions/grapher/build/guice-grapher-snapshot-src.jar

compile:
    [mkdir] Created dir: /home/travis/build/google/guice/extensions/grapher/build/classes
    [javac] Compiling 34 source files to /home/travis/build/google/guice/extensions/grapher/build/classes

manifest:
  [bndwrap] classes 42 0
    [unjar] Expanding: /home/travis/build/google/guice/extensions/grapher/build/classes.bar into /home/travis/build/google/guice/extensions/grapher/build

jar:
      [jar] Building jar: /home/travis/build/google/guice/extensions/grapher/build/guice-grapher-snapshot.jar

distjars:

source.jar:
    [mkdir] Created dir: /home/travis/build/google/guice/extensions/testlib/build
      [zip] Building zip: /home/travis/build/google/guice/extensions/testlib/build/guice-testlib-snapshot-src.jar

compile:
    [mkdir] Created dir: /home/travis/build/google/guice/extensions/testlib/build/classes
    [javac] Compiling 2 source files to /home/travis/build/google/guice/extensions/testlib/build/classes

manifest:
  [bndwrap] classes 5 0
    [unjar] Expanding: /home/travis/build/google/guice/extensions/testlib/build/classes.bar into /home/travis/build/google/guice/extensions/testlib/build

jar:
      [jar] Building jar: /home/travis/build/google/guice/extensions/testlib/build/guice-testlib-snapshot.jar

distjars:
     [copy] Copying 2 files to /home/travis/build/google/guice/build/dist
     [copy] Copying 2 files to /home/travis/build/google/guice/build/dist
     [copy] Copying 2 files to /home/travis/build/google/guice/build/dist
     [copy] Copying 2 files to /home/travis/build/google/guice/build/dist
     [copy] Copying 2 files to /home/travis/build/google/guice/build/dist
     [copy] Copying 2 files to /home/travis/build/google/guice/build/dist
     [copy] Copying 2 files to /home/travis/build/google/guice/build/dist
     [copy] Copying 2 files to /home/travis/build/google/guice/build/dist
     [copy] Copying 2 files to /home/travis/build/google/guice/build/dist
     [copy] Copying 2 files to /home/travis/build/google/guice/build/dist
     [copy] Copying 2 files to /home/travis/build/google/guice/build/dist
     [copy] Copying 1 file to /home/travis/build/google/guice/build/dist
     [copy] Copying 3 files to /home/travis/build/google/guice/build/dist
      [zip] Building zip: /home/travis/build/google/guice/build/guice-snapshot.zip
      [zip] Building zip: /home/travis/build/google/guice/build/guice-snapshot-src.zip

test.dist:

compile:

jar.withdeps:
   [jarjar] Building jar: /home/travis/build/google/guice/build/guice-with-deps.jar

manifest:
  [bndwrap] classes 339 426652
    [unjar] Expanding: /home/travis/build/google/guice/build/classes.bar into /home/travis/build/google/guice/build

jar:
      [jar] Building jar: /home/travis/build/google/guice/build/dist/guice-snapshot.jar

test.compile:
    [mkdir] Created dir: /home/travis/build/google/guice/build/test
    [javac] Compiling 85 source files to /home/travis/build/google/guice/build/test
    [javac] Note: Some input files use or override a deprecated API.
    [javac] Note: Recompile with -Xlint:deprecation for details.
    [javac] Note: Some input files use unchecked or unsafe operations.
    [javac] Note: Recompile with -Xlint:unchecked for details.

test.withdeps:
   [jarjar] Building jar: /home/travis/build/google/guice/build/guice-snapshot-tests.jar

test.dist.run:
    [junit] Oct 8, 2014 5:07:40 PM com.google.inject.spi.InjectionPoint getInjectionPoints
    [junit] WARNING: Method: protected void org.atinject.tck.auto.accessories.SpareTire.injectProtectedMethodForOverride() is not annotated with @Inject but is overriding a method that is annotated with @javax.inject.Inject.  Because it is not annotated with @Inject, the method will not be injected. To fix this, annotate the method with @Inject.
    [junit] Oct 8, 2014 5:07:40 PM com.google.inject.spi.InjectionPoint getInjectionPoints
    [junit] WARNING: Method: public void org.atinject.tck.auto.accessories.SpareTire.injectPublicMethodForOverride() is not annotated with @Inject but is overriding a method that is annotated with @javax.inject.Inject.  Because it is not annotated with @Inject, the method will not be injected. To fix this, annotate the method with @Inject.
    [junit] Oct 8, 2014 5:07:40 PM com.google.inject.spi.InjectionPoint getInjectionPoints
    [junit] WARNING: Method: void org.atinject.tck.auto.accessories.SpareTire.injectPackagePrivateMethod3() is not annotated with @Inject but is overriding a method that is annotated with @javax.inject.Inject.  Because it is not annotated with @Inject, the method will not be injected. To fix this, annotate the method with @Inject.
    [junit] Oct 8, 2014 5:07:40 PM com.google.inject.spi.InjectionPoint getInjectionPoints
    [junit] WARNING: Method: public void org.atinject.tck.auto.GasEngine.injectTwiceOverriddenWithOmissionInMiddle() is not annotated with @Inject but is overriding a method that is annotated with @javax.inject.Inject.  Because it is not annotated with @Inject, the method will not be injected. To fix this, annotate the method with @Inject.
    [junit] Oct 8, 2014 5:07:40 PM com.google.inject.spi.InjectionPoint getInjectionPoints
    [junit] WARNING: Method: void org.atinject.tck.auto.V8Engine.injectPackagePrivateMethodForOverride() is not annotated with @Inject but is overriding a method that is annotated with @javax.inject.Inject.  Because it is not annotated with @Inject, the method will not be injected. To fix this, annotate the method with @Inject.
    [junit] Oct 8, 2014 5:07:40 PM com.google.inject.spi.InjectionPoint getInjectionPoints
    [junit] WARNING: Method: public void org.atinject.tck.auto.V8Engine.injectQualifiers(org.atinject.tck.auto.Seat,org.atinject.tck.auto.Seat,org.atinject.tck.auto.Tire,org.atinject.tck.auto.Tire) is not annotated with @Inject but is overriding a method that is annotated with @javax.inject.Inject.  Because it is not annotated with @Inject, the method will not be injected. To fix this, annotate the method with @Inject.
    [junit] Oct 8, 2014 5:07:40 PM com.google.inject.spi.InjectionPoint getInjectionPoints
    [junit] WARNING: Method: public void org.atinject.tck.auto.V8Engine.injectTwiceOverriddenWithOmissionInSubclass() is not annotated with @Inject but is overriding a method that is annotated with @javax.inject.Inject.  Because it is not annotated with @Inject, the method will not be injected. To fix this, annotate the method with @Inject.
    [junit] .........................................
    [junit] ..................................com.google.inject.CreationException: Unable to create injector, see the following errors:
    [junit] 
    [junit] 1) A binding to com.google.inject.BinderTest$HasImplementedBy1 was already configured at com.google.inject.BinderTest$19.configure(BinderTest.java:347).
    [junit]   at com.google.inject.BinderTest$19.configure(BinderTest.java:346)
    [junit] 
    [junit] 1 error
    [junit] 	at com.google.inject.internal.Errors.throwCreationExceptionIfErrorsExist(Errors.java:448)
    [junit] 	at com.google.inject.internal.InternalInjectorCreator.initializeStatically(InternalInjectorCreator.java:155)
    [junit] 	at com.google.inject.internal.InternalInjectorCreator.build(InternalInjectorCreator.java:107)
    [junit] 	at com.google.inject.Guice.createInjector(Guice.java:96)
    [junit] 	at com.google.inject.Guice.createInjector(Guice.java:73)
    [junit] 	at com.google.inject.Guice.createInjector(Guice.java:62)
    [junit] 	at com.google.inject.BinderTest.testSettingAtImplementedByTwice(BinderTest.java:343)
    [junit] 	at sun.reflect.NativeMethodAccessorImpl.invoke0(Native Method)
    [junit] 	at sun.reflect.NativeMethodAccessorImpl.invoke(NativeMethodAccessorImpl.java:57)
    [junit] 	at sun.reflect.DelegatingMethodAccessorImpl.invoke(DelegatingMethodAccessorImpl.java:43)
    [junit] 	at java.lang.reflect.Method.invoke(Method.java:622)
    [junit] 	at junit.framework.TestCase.runTest(TestCase.java:154)
    [junit] 	at junit.framework.TestCase.runBare(TestCase.java:127)
    [junit] 	at junit.framework.TestResult$1.protect(TestResult.java:106)
    [junit] 	at junit.framework.TestResult.runProtected(TestResult.java:124)
    [junit] 	at junit.framework.TestResult.run(TestResult.java:109)
    [junit] 	at junit.framework.TestCase.run(TestCase.java:118)
    [junit] 	at junit.framework.TestSuite.runTest(TestSuite.java:208)
    [junit] 	at junit.framework.TestSuite.run(TestSuite.java:203)
    [junit] 	at junit.framework.TestSuite.runTest(TestSuite.java:208)
    [junit] 	at junit.framework.TestSuite.run(TestSuite.java:203)
    [junit] 	at junit.textui.TestRunner.doRun(TestRunner.java:116)
    [junit] 	at junit.textui.TestRunner.start(TestRunner.java:172)
    [junit] 	at junit.textui.TestRunner.main(TestRunner.java:138)
    [junit] .....Oct 8, 2014 5:07:41 PM com.google.inject.internal.MessageProcessor visit
    [junit] INFO: An exception was caught and reported. Message: java.lang.IllegalArgumentException
    [junit] java.lang.IllegalArgumentException
    [junit] 	at com.google.inject.BinderTest$24.configure(BinderTest.java:450)
    [junit] 	at com.google.inject.AbstractModule.configure(AbstractModule.java:62)
    [junit] 	at com.google.inject.spi.Elements$RecordingBinder.install(Elements.java:253)
    [junit] 	at com.google.inject.spi.Elements.getElements(Elements.java:108)
    [junit] 	at com.google.inject.internal.InjectorShell$Builder.build(InjectorShell.java:135)
    [junit] 	at com.google.inject.internal.InternalInjectorCreator.build(InternalInjectorCreator.java:104)
    [junit] 	at com.google.inject.Guice.createInjector(Guice.java:96)
    [junit] 	at com.google.inject.Guice.createInjector(Guice.java:73)
    [junit] 	at com.google.inject.Guice.createInjector(Guice.java:62)
    [junit] 	at com.google.inject.BinderTest.testUserReportedErrorsAreAlsoLogged(BinderTest.java:447)
    [junit] 	at sun.reflect.NativeMethodAccessorImpl.invoke0(Native Method)
    [junit] 	at sun.reflect.NativeMethodAccessorImpl.invoke(NativeMethodAccessorImpl.java:57)
    [junit] 	at sun.reflect.DelegatingMethodAccessorImpl.invoke(DelegatingMethodAccessorImpl.java:43)
    [junit] 	at java.lang.reflect.Method.invoke(Method.java:622)
    [junit] 	at junit.framework.TestCase.runTest(TestCase.java:154)
    [junit] 	at junit.framework.TestCase.runBare(TestCase.java:127)
    [junit] 	at junit.framework.TestResult$1.protect(TestResult.java:106)
    [junit] 	at junit.framework.TestResult.runProtected(TestResult.java:124)
    [junit] 	at junit.framework.TestResult.run(TestResult.java:109)
    [junit] 	at junit.framework.TestCase.run(TestCase.java:118)
    [junit] 	at junit.framework.TestSuite.runTest(TestSuite.java:208)
    [junit] 	at junit.framework.TestSuite.run(TestSuite.java:203)
    [junit] 	at junit.framework.TestSuite.runTest(TestSuite.java:208)
    [junit] 	at junit.framework.TestSuite.run(TestSuite.java:203)
    [junit] 	at junit.textui.TestRunner.doRun(TestRunner.java:116)
    [junit] 	at junit.textui.TestRunner.start(TestRunner.java:172)
    [junit] 	at junit.textui.TestRunner.main(TestRunner.java:138)
    [junit] ..
    [junit] .........................................
    [junit] .........................................
    [junit] .........................................
    [junit] .........................................
    [junit] .........................................
    [junit] .........................................
    [junit] .........................................
    [junit] .........................................
    [junit] .........................................
    [junit] .........................................
    [junit] .........................................
    [junit] .........................................
    [junit] .........................................
    [junit] .........................................
    [junit] .........................................
    [junit] ...............Oct 8, 2014 5:07:52 PM com.google.inject.spi.InjectionPoint getInjectionPoints
    [junit] WARNING: Method: public void com.google.inject.spi.InjectionPointTest$Sub.atInject() is not annotated with @Inject but is overriding a method that is annotated with @javax.inject.Inject.  Because it is not annotated with @Inject, the method will not be injected. To fix this, annotate the method with @Inject.
    [junit] Oct 8, 2014 5:07:52 PM com.google.inject.spi.InjectionPoint getInjectionPoints
    [junit] WARNING: Method: public void com.google.inject.spi.InjectionPointTest$Sub.atInject() is not annotated with @Inject but is overriding a method that is annotated with @javax.inject.Inject.  Because it is not annotated with @Inject, the method will not be injected. To fix this, annotate the method with @Inject.
    [junit] Oct 8, 2014 5:07:52 PM com.google.inject.spi.InjectionPoint getInjectionPoints
    [junit] WARNING: Method: public void com.google.inject.spi.InjectionPointTest$SubSub.privateGAndPublicAt() is not annotated with @Inject but is overriding a method that is annotated with @javax.inject.Inject.  Because it is not annotated with @Inject, the method will not be injected. To fix this, annotate the method with @Inject.
    [junit] ..........................
    [junit] .........................................
    [junit] .........................................
    [junit] .........................aopalliance.jar 9 4577
    [junit] javax.inject.jar 6 2845
    [junit] Should not skip: ^
    [junit] Should not skip: ^
    [junit] Should not skip: ^
    [junit] Should not skip: ^
    [junit] Should not skip: ^
    [junit] Should not skip: ^
    [junit] Should not skip: ^
    [junit] Should not skip: ^
    [junit] Should not skip: ^
    [junit] Should not skip: ^
    [junit] Should not skip: ^
    [junit] guava.jar 1675 2199489
    [junit] osgitests.jar 28 20420
    [junit] ..............
    [junit] Time: 19.713
    [junit] 
    [junit] OK (859 tests)
    [junit] 

compile:

jar.withdeps:
   [jarjar] Building jar: /home/travis/build/google/guice/build/guice-with-deps.jar

manifest:
  [bndwrap] classes 339 426652
    [unjar] Expanding: /home/travis/build/google/guice/build/classes.bar into /home/travis/build/google/guice/build

jar:
      [jar] Building jar: /home/travis/build/google/guice/build/dist/guice-snapshot.jar

test.compile:

test.withdeps:
   [jarjar] Building jar: /home/travis/build/google/guice/build/guice-snapshot-tests.jar

test.dist.run:
    [junit] Oct 8, 2014 5:08:10 PM com.google.inject.spi.InjectionPoint getInjectionPoints
    [junit] WARNING: Method: protected void org.atinject.tck.auto.accessories.SpareTire.injectProtectedMethodForOverride() is not annotated with @Inject but is overriding a method that is annotated with @javax.inject.Inject.  Because it is not annotated with @Inject, the method will not be injected. To fix this, annotate the method with @Inject.
    [junit] Oct 8, 2014 5:08:10 PM com.google.inject.spi.InjectionPoint getInjectionPoints
    [junit] WARNING: Method: public void org.atinject.tck.auto.accessories.SpareTire.injectPublicMethodForOverride() is not annotated with @Inject but is overriding a method that is annotated with @javax.inject.Inject.  Because it is not annotated with @Inject, the method will not be injected. To fix this, annotate the method with @Inject.
    [junit] Oct 8, 2014 5:08:10 PM com.google.inject.spi.InjectionPoint getInjectionPoints
    [junit] WARNING: Method: void org.atinject.tck.auto.accessories.SpareTire.injectPackagePrivateMethod3() is not annotated with @Inject but is overriding a method that is annotated with @javax.inject.Inject.  Because it is not annotated with @Inject, the method will not be injected. To fix this, annotate the method with @Inject.
    [junit] Oct 8, 2014 5:08:10 PM com.google.inject.spi.InjectionPoint getInjectionPoints
    [junit] WARNING: Method: public void org.atinject.tck.auto.GasEngine.injectTwiceOverriddenWithOmissionInMiddle() is not annotated with @Inject but is overriding a method that is annotated with @javax.inject.Inject.  Because it is not annotated with @Inject, the method will not be injected. To fix this, annotate the method with @Inject.
    [junit] Oct 8, 2014 5:08:10 PM com.google.inject.spi.InjectionPoint getInjectionPoints
    [junit] WARNING: Method: void org.atinject.tck.auto.V8Engine.injectPackagePrivateMethodForOverride() is not annotated with @Inject but is overriding a method that is annotated with @javax.inject.Inject.  Because it is not annotated with @Inject, the method will not be injected. To fix this, annotate the method with @Inject.
    [junit] Oct 8, 2014 5:08:10 PM com.google.inject.spi.InjectionPoint getInjectionPoints
    [junit] WARNING: Method: public void org.atinject.tck.auto.V8Engine.injectQualifiers(org.atinject.tck.auto.Seat,org.atinject.tck.auto.Seat,org.atinject.tck.auto.Tire,org.atinject.tck.auto.Tire) is not annotated with @Inject but is overriding a method that is annotated with @javax.inject.Inject.  Because it is not annotated with @Inject, the method will not be injected. To fix this, annotate the method with @Inject.
    [junit] Oct 8, 2014 5:08:10 PM com.google.inject.spi.InjectionPoint getInjectionPoints
    [junit] WARNING: Method: public void org.atinject.tck.auto.V8Engine.injectTwiceOverriddenWithOmissionInSubclass() is not annotated with @Inject but is overriding a method that is annotated with @javax.inject.Inject.  Because it is not annotated with @Inject, the method will not be injected. To fix this, annotate the method with @Inject.
    [junit] .........................................
    [junit] .......................................com.google.inject.CreationException: Unable to create injector, see the following errors:
    [junit] 
    [junit] 1) A binding to com.google.inject.BinderTest$HasImplementedBy1 was already configured at com.google.inject.BinderTest$19.configure(Unknown Source).
    [junit]   at com.google.inject.BinderTest$19.configure(Unknown Source)
    [junit] 
    [junit] 1 error
    [junit] 	at com.google.inject.internal.Errors.throwCreationExceptionIfErrorsExist(Errors.java:448)
    [junit] 	at com.google.inject.internal.InternalInjectorCreator.initializeStatically(InternalInjectorCreator.java:155)
    [junit] 	at com.google.inject.internal.InternalInjectorCreator.build(InternalInjectorCreator.java:107)
    [junit] 	at com.google.inject.Guice.createInjector(Guice.java:96)
    [junit] 	at com.google.inject.Guice.createInjector(Guice.java:73)
    [junit] 	at com.google.inject.Guice.createInjector(Guice.java:62)
    [junit] 	at com.google.inject.BinderTest.testSettingAtImplementedByTwice(BinderTest.java:343)
    [junit] 	at sun.reflect.NativeMethodAccessorImpl.invoke0(Native Method)
    [junit] 	at sun.reflect.NativeMethodAccessorImpl.invoke(NativeMethodAccessorImpl.java:57)
    [junit] 	at sun.reflect.DelegatingMethodAccessorImpl.invoke(DelegatingMethodAccessorImpl.java:43)
    [junit] 	at java.lang.reflect.Method.invoke(Method.java:622)
    [junit] 	at junit.framework.TestCase.runTest(TestCase.java:154)
    [junit] 	at junit.framework.TestCase.runBare(TestCase.java:127)
    [junit] 	at junit.framework.TestResult$1.protect(TestResult.java:106)
    [junit] 	at junit.framework.TestResult.runProtected(TestResult.java:124)
    [junit] 	at junit.framework.TestResult.run(TestResult.java:109)
    [junit] 	at junit.framework.TestCase.run(TestCase.java:118)
    [junit] 	at junit.framework.TestSuite.runTest(TestSuite.java:208)
    [junit] 	at junit.framework.TestSuite.run(TestSuite.java:203)
    [junit] 	at junit.framework.TestSuite.runTest(TestSuite.java:208)
    [junit] 	at junit.framework.TestSuite.run(TestSuite.java:203)
    [junit] 	at junit.textui.TestRunner.doRun(TestRunner.java:116)
    [junit] 	at junit.textui.TestRunner.start(TestRunner.java:172)
    [junit] 	at junit.textui.TestRunner.main(TestRunner.java:138)
    [junit] Oct 8, 2014 5:08:11 PM com.google.inject.internal.MessageProcessor visit
    [junit] INFO: An exception was caught and reported. Message: java.lang.IllegalArgumentException
    [junit] java.lang.IllegalArgumentException
    [junit] 	at com.google.inject.BinderTest$24.configure(BinderTest.java:450)
    [junit] 	at com.google.inject.AbstractModule.configure(AbstractModule.java:62)
    [junit] 	at com.google.inject.spi.Elements$RecordingBinder.install(Elements.java:253)
    [junit] 	at com.google.inject.spi.Elements.getElements(Elements.java:108)
    [junit] 	at com.google.inject.internal.InjectorShell$Builder.build(InjectorShell.java:135)
    [junit] 	at com.google.inject.internal.InternalInjectorCreator.build(InternalInjectorCreator.java:104)
    [junit] 	at com.google.inject.Guice.createInjector(Guice.java:96)
    [junit] 	at com.google.inject.Guice.createInjector(Guice.java:73)
    [junit] 	at com.google.inject.Guice.createInjector(Guice.java:62)
    [junit] 	at com.google.inject.BinderTest.testUserReportedErrorsAreAlsoLogged(BinderTest.java:447)
    [junit] 	at sun.reflect.NativeMethodAccessorImpl.invoke0(Native Method)
    [junit] 	at sun.reflect.NativeMethodAccessorImpl.invoke(NativeMethodAccessorImpl.java:57)
    [junit] 	at sun.reflect.DelegatingMethodAccessorImpl.invoke(DelegatingMethodAccessorImpl.java:43)
    [junit] 	at java.lang.reflect.Method.invoke(Method.java:622)
    [junit] 	at junit.framework.TestCase.runTest(TestCase.java:154)
    [junit] 	at junit.framework.TestCase.runBare(TestCase.java:127)
    [junit] 	at junit.framework.TestResult$1.protect(TestResult.java:106)
    [junit] 	at junit.framework.TestResult.runProtected(TestResult.java:124)
    [junit] 	at junit.framework.TestResult.run(TestResult.java:109)
    [junit] 	at junit.framework.TestCase.run(TestCase.java:118)
    [junit] 	at junit.framework.TestSuite.runTest(TestSuite.java:208)
    [junit] 	at junit.framework.TestSuite.run(TestSuite.java:203)
    [junit] 	at junit.framework.TestSuite.runTest(TestSuite.java:208)
    [junit] 	at junit.framework.TestSuite.run(TestSuite.java:203)
    [junit] 	at junit.textui.TestRunner.doRun(TestRunner.java:116)
    [junit] 	at junit.textui.TestRunner.start(TestRunner.java:172)
    [junit] 	at junit.textui.TestRunner.main(TestRunner.java:138)
    [junit] ..
    [junit] .........................................
    [junit] .........................................
    [junit] .........................................
    [junit] .........................................
    [junit] .........................................
    [junit] .........................................
    [junit] .........................................
    [junit] .........................................
    [junit] .........................................
    [junit] .........................................
    [junit] .........................................
    [junit] .........................................
    [junit] .........................................
    [junit] .........................................
    [junit] .......................Oct 8, 2014 5:08:19 PM com.google.inject.spi.InjectionPoint getInjectionPoints
    [junit] WARNING: Method: public void com.google.inject.spi.InjectionPointTest$Sub.atInject() is not annotated with @Inject but is overriding a method that is annotated with @javax.inject.Inject.  Because it is not annotated with @Inject, the method will not be injected. To fix this, annotate the method with @Inject.
    [junit] Oct 8, 2014 5:08:19 PM com.google.inject.spi.InjectionPoint getInjectionPoints
    [junit] WARNING: Method: public void com.google.inject.spi.InjectionPointTest$Sub.atInject() is not annotated with @Inject but is overriding a method that is annotated with @javax.inject.Inject.  Because it is not annotated with @Inject, the method will not be injected. To fix this, annotate the method with @Inject.
    [junit] Oct 8, 2014 5:08:19 PM com.google.inject.spi.InjectionPoint getInjectionPoints
    [junit] WARNING: Method: public void com.google.inject.spi.InjectionPointTest$SubSub.privateGAndPublicAt() is not annotated with @Inject but is overriding a method that is annotated with @javax.inject.Inject.  Because it is not annotated with @Inject, the method will not be injected. To fix this, annotate the method with @Inject.
    [junit] ..................
    [junit] .........................................
    [junit] .........................................
    [junit] .........................................
    [junit] .........................aopalliance.jar 9 4577
    [junit] javax.inject.jar 6 2845
    [junit] Should not skip: ^
    [junit] Should not skip: ^
    [junit] Should not skip: ^
    [junit] Should not skip: ^
    [junit] Should not skip: ^
    [junit] Should not skip: ^
    [junit] Should not skip: ^
    [junit] Should not skip: ^
    [junit] Should not skip: ^
    [junit] Should not skip: ^
    [junit] Should not skip: ^
    [junit] guava.jar 1675 2199489
    [junit] osgitests.jar 28 20420
    [junit] ..............
    [junit] Time: 15.334
    [junit] 
    [junit] OK (859 tests)
    [junit] 

compile:

jar.withdeps:
   [jarjar] Building jar: /home/travis/build/google/guice/build/guice-with-deps.jar

manifest:
  [bndwrap] classes 339 426652
    [unjar] Expanding: /home/travis/build/google/guice/build/classes.bar into /home/travis/build/google/guice/build

jar:
      [jar] Building jar: /home/travis/build/google/guice/build/dist/guice-snapshot.jar

test.compile:

test.withdeps:
   [jarjar] Building jar: /home/travis/build/google/guice/build/guice-snapshot-tests.jar

test.dist.run:
    [junit] Oct 8, 2014 5:08:33 PM com.google.inject.spi.InjectionPoint getInjectionPoints
    [junit] WARNING: Method: protected void org.atinject.tck.auto.accessories.SpareTire.injectProtectedMethodForOverride() is not annotated with @Inject but is overriding a method that is annotated with @javax.inject.Inject.  Because it is not annotated with @Inject, the method will not be injected. To fix this, annotate the method with @Inject.
    [junit] Oct 8, 2014 5:08:33 PM com.google.inject.spi.InjectionPoint getInjectionPoints
    [junit] WARNING: Method: public void org.atinject.tck.auto.accessories.SpareTire.injectPublicMethodForOverride() is not annotated with @Inject but is overriding a method that is annotated with @javax.inject.Inject.  Because it is not annotated with @Inject, the method will not be injected. To fix this, annotate the method with @Inject.
    [junit] Oct 8, 2014 5:08:33 PM com.google.inject.spi.InjectionPoint getInjectionPoints
    [junit] WARNING: Method: void org.atinject.tck.auto.accessories.SpareTire.injectPackagePrivateMethod3() is not annotated with @Inject but is overriding a method that is annotated with @javax.inject.Inject.  Because it is not annotated with @Inject, the method will not be injected. To fix this, annotate the method with @Inject.
    [junit] Oct 8, 2014 5:08:33 PM com.google.inject.spi.InjectionPoint getInjectionPoints
    [junit] WARNING: Method: public void org.atinject.tck.auto.GasEngine.injectTwiceOverriddenWithOmissionInMiddle() is not annotated with @Inject but is overriding a method that is annotated with @javax.inject.Inject.  Because it is not annotated with @Inject, the method will not be injected. To fix this, annotate the method with @Inject.
    [junit] Oct 8, 2014 5:08:33 PM com.google.inject.spi.InjectionPoint getInjectionPoints
    [junit] WARNING: Method: void org.atinject.tck.auto.V8Engine.injectPackagePrivateMethodForOverride() is not annotated with @Inject but is overriding a method that is annotated with @javax.inject.Inject.  Because it is not annotated with @Inject, the method will not be injected. To fix this, annotate the method with @Inject.
    [junit] Oct 8, 2014 5:08:33 PM com.google.inject.spi.InjectionPoint getInjectionPoints
    [junit] WARNING: Method: public void org.atinject.tck.auto.V8Engine.injectQualifiers(org.atinject.tck.auto.Seat,org.atinject.tck.auto.Seat,org.atinject.tck.auto.Tire,org.atinject.tck.auto.Tire) is not annotated with @Inject but is overriding a method that is annotated with @javax.inject.Inject.  Because it is not annotated with @Inject, the method will not be injected. To fix this, annotate the method with @Inject.
    [junit] Oct 8, 2014 5:08:33 PM com.google.inject.spi.InjectionPoint getInjectionPoints
    [junit] WARNING: Method: public void org.atinject.tck.auto.V8Engine.injectTwiceOverriddenWithOmissionInSubclass() is not annotated with @Inject but is overriding a method that is annotated with @javax.inject.Inject.  Because it is not annotated with @Inject, the method will not be injected. To fix this, annotate the method with @Inject.
    [junit] .........................................
    [junit] ..................................com.google.inject.CreationException: Unable to create injector, see the following errors:
    [junit] 
    [junit] 1) A binding to com.google.inject.BinderTest$HasImplementedBy1 was already configured at com.google.inject.BinderTest$19.configure(BinderTest.java:347).
    [junit]   at com.google.inject.BinderTest$19.configure(BinderTest.java:346)
    [junit] 
    [junit] 1 error
    [junit] 	at com.google.inject.internal.Errors.throwCreationExceptionIfErrorsExist(Errors.java:448)
    [junit] 	at com.google.inject.internal.InternalInjectorCreator.initializeStatically(InternalInjectorCreator.java:155)
    [junit] 	at com.google.inject.internal.InternalInjectorCreator.build(InternalInjectorCreator.java:107)
    [junit] 	at com.google.inject.Guice.createInjector(Guice.java:96)
    [junit] 	at com.google.inject.Guice.createInjector(Guice.java:73)
    [junit] 	at com.google.inject.Guice.createInjector(Guice.java:62)
    [junit] 	at com.google.inject.BinderTest.testSettingAtImplementedByTwice(BinderTest.java:343)
    [junit] 	at sun.reflect.NativeMethodAccessorImpl.invoke0(Native Method)
    [junit] 	at sun.reflect.NativeMethodAccessorImpl.invoke(NativeMethodAccessorImpl.java:57)
    [junit] 	at sun.reflect.DelegatingMethodAccessorImpl.invoke(DelegatingMethodAccessorImpl.java:43)
    [junit] 	at java.lang.reflect.Method.invoke(Method.java:622)
    [junit] 	at junit.framework.TestCase.runTest(TestCase.java:154)
    [junit] 	at junit.framework.TestCase.runBare(TestCase.java:127)
    [junit] 	at junit.framework.TestResult$1.protect(TestResult.java:106)
    [junit] 	at junit.framework.TestResult.runProtected(TestResult.java:124)
    [junit] 	at junit.framework.TestResult.run(TestResult.java:109)
    [junit] 	at junit.framework.TestCase.run(TestCase.java:118)
    [junit] 	at junit.framework.TestSuite.runTest(TestSuite.java:208)
    [junit] 	at junit.framework.TestSuite.run(TestSuite.java:203)
    [junit] 	at junit.framework.TestSuite.runTest(TestSuite.java:208)
    [junit] 	at junit.framework.TestSuite.run(TestSuite.java:203)
    [junit] 	at junit.textui.TestRunner.doRun(TestRunner.java:116)
    [junit] 	at junit.textui.TestRunner.start(TestRunner.java:172)
    [junit] 	at junit.textui.TestRunner.main(TestRunner.java:138)
    [junit] .....Oct 8, 2014 5:08:34 PM com.google.inject.internal.MessageProcessor visit
    [junit] INFO: An exception was caught and reported. Message: java.lang.IllegalArgumentException
    [junit] java.lang.IllegalArgumentException
    [junit] 	at com.google.inject.BinderTest$24.configure(BinderTest.java:450)
    [junit] 	at com.google.inject.AbstractModule.configure(AbstractModule.java:62)
    [junit] 	at com.google.inject.spi.Elements$RecordingBinder.install(Elements.java:253)
    [junit] 	at com.google.inject.spi.Elements.getElements(Elements.java:108)
    [junit] 	at com.google.inject.internal.InjectorShell$Builder.build(InjectorShell.java:135)
    [junit] 	at com.google.inject.internal.InternalInjectorCreator.build(InternalInjectorCreator.java:104)
    [junit] 	at com.google.inject.Guice.createInjector(Guice.java:96)
    [junit] 	at com.google.inject.Guice.createInjector(Guice.java:73)
    [junit] 	at com.google.inject.Guice.createInjector(Guice.java:62)
    [junit] 	at com.google.inject.BinderTest.testUserReportedErrorsAreAlsoLogged(BinderTest.java:447)
    [junit] 	at sun.reflect.NativeMethodAccessorImpl.invoke0(Native Method)
    [junit] 	at sun.reflect.NativeMethodAccessorImpl.invoke(NativeMethodAccessorImpl.java:57)
    [junit] 	at sun.reflect.DelegatingMethodAccessorImpl.invoke(DelegatingMethodAccessorImpl.java:43)
    [junit] 	at java.lang.reflect.Method.invoke(Method.java:622)
    [junit] 	at junit.framework.TestCase.runTest(TestCase.java:154)
    [junit] 	at junit.framework.TestCase.runBare(TestCase.java:127)
    [junit] 	at junit.framework.TestResult$1.protect(TestResult.java:106)
    [junit] 	at junit.framework.TestResult.runProtected(TestResult.java:124)
    [junit] 	at junit.framework.TestResult.run(TestResult.java:109)
    [junit] 	at junit.framework.TestCase.run(TestCase.java:118)
    [junit] 	at junit.framework.TestSuite.runTest(TestSuite.java:208)
    [junit] 	at junit.framework.TestSuite.run(TestSuite.java:203)
    [junit] 	at junit.framework.TestSuite.runTest(TestSuite.java:208)
    [junit] 	at junit.framework.TestSuite.run(TestSuite.java:203)
    [junit] 	at junit.textui.TestRunner.doRun(TestRunner.java:116)
    [junit] 	at junit.textui.TestRunner.start(TestRunner.java:172)
    [junit] 	at junit.textui.TestRunner.main(TestRunner.java:138)
    [junit] ..
    [junit] .........................................
    [junit] .........................................
    [junit] .........................................
    [junit] .........................................
    [junit] .........................................
    [junit] .........................................
    [junit] .........................................
    [junit] .........................................
    [junit] .........................................
    [junit] .........................................
    [junit] .........................................
    [junit] .........................................
    [junit] .........................................
    [junit] .........................................
    [junit] .........................................
    [junit] ...........................Oct 8, 2014 5:08:43 PM com.google.inject.spi.InjectionPoint getInjectionPoints
    [junit] WARNING: Method: public void com.google.inject.spi.InjectionPointTest$Sub.atInject() is not annotated with @Inject but is overriding a method that is annotated with @javax.inject.Inject.  Because it is not annotated with @Inject, the method will not be injected. To fix this, annotate the method with @Inject.
    [junit] Oct 8, 2014 5:08:43 PM com.google.inject.spi.InjectionPoint getInjectionPoints
    [junit] WARNING: Method: public void com.google.inject.spi.InjectionPointTest$Sub.atInject() is not annotated with @Inject but is overriding a method that is annotated with @javax.inject.Inject.  Because it is not annotated with @Inject, the method will not be injected. To fix this, annotate the method with @Inject.
    [junit] Oct 8, 2014 5:08:43 PM com.google.inject.spi.InjectionPoint getInjectionPoints
    [junit] WARNING: Method: public void com.google.inject.spi.InjectionPointTest$SubSub.privateGAndPublicAt() is not annotated with @Inject but is overriding a method that is annotated with @javax.inject.Inject.  Because it is not annotated with @Inject, the method will not be injected. To fix this, annotate the method with @Inject.
    [junit] ..............
    [junit] .........................................
    [junit] .........................................
    [junit] .........................aopalliance.jar 9 4577
    [junit] javax.inject.jar 6 2844
    [junit] Should not skip: ^
    [junit] Should not skip: ^
    [junit] Should not skip: ^
    [junit] Should not skip: ^
    [junit] Should not skip: ^
    [junit] Should not skip: ^
    [junit] Should not skip: ^
    [junit] Should not skip: ^
    [junit] Should not skip: ^
    [junit] Should not skip: ^
    [junit] Should not skip: ^
    [junit] guava.jar 1675 2199489
    [junit] osgitests.jar 28 20419
    [junit] ..............
    [junit] Time: 14.69
    [junit] 
    [junit] OK (859 tests)
    [junit] 

BUILD SUCCESSFUL
Total time: 1 minute 49 seconds
travis_time:end:1af41da6:start=1412788020073019387,finish=1412788129718790064,duration=109645770677[0K
[32;1mThe command "${CMD}" exited with 0.[0m
travis_fold:start:after_success.1[0Ktravis_time:start:07644e10[0K$ util/generate-latest-docs.sh
/home/travis/build.sh: line 41: util/generate-latest-docs.sh: Permission denied
travis_time:end:07644e10:start=1412788129726658715,finish=1412788129735110615,duration=8451900[0Ktravis_fold:end:after_success.1[0Ktravis_fold:start:after_success.2[0Ktravis_time:start:005bfefa[0K$ util/compareBuilds.sh
/home/travis/build.sh: line 41: util/compareBuilds.sh: Permission denied
travis_time:end:005bfefa:start=1412788129742786454,finish=1412788129749860079,duration=7073625[0Ktravis_fold:end:after_success.2[0Ktravis_fold:start:after_success.3[0Ktravis_time:start:2005fdac[0K$ util/publish-snapshot-on-commit.sh
/home/travis/build.sh: line 41: util/publish-snapshot-on-commit.sh: Permission denied
travis_time:end:2005fdac:start=1412788129757567713,finish=1412788129764622556,duration=7054843[0Ktravis_fold:end:after_success.3[0K
Done. Your build exited with 0.
