Using worker: worker-linux-3-2.bb.travis-ci.org:travis-linux-12

travis_fold:start:git.1[0Ktravis_time:start:06534c0a[0K$ git clone --depth=50 git://github.com/google/guice.git google/guice
Cloning into 'google/guice'...
remote: Counting objects: 3147, done.[K
remote: Compressing objects:   0% (1/1898)   [Kremote: Compressing objects:   1% (19/1898)   [Kremote: Compressing objects:   2% (38/1898)   [Kremote: Compressing objects:   3% (57/1898)   [Kremote: Compressing objects:   4% (76/1898)   [Kremote: Compressing objects:   5% (95/1898)   [Kremote: Compressing objects:   6% (114/1898)   [Kremote: Compressing objects:   7% (133/1898)   [Kremote: Compressing objects:   8% (152/1898)   [Kremote: Compressing objects:   9% (171/1898)   [Kremote: Compressing objects:  10% (190/1898)   [Kremote: Compressing objects:  11% (209/1898)   [Kremote: Compressing objects:  12% (228/1898)   [Kremote: Compressing objects:  13% (247/1898)   [Kremote: Compressing objects:  14% (266/1898)   [Kremote: Compressing objects:  15% (285/1898)   [Kremote: Compressing objects:  16% (304/1898)   [Kremote: Compressing objects:  17% (323/1898)   [Kremote: Compressing objects:  18% (342/1898)   [Kremote: Compressing objects:  19% (361/1898)   [Kremote: Compressing objects:  20% (380/1898)   [Kremote: Compressing objects:  21% (399/1898)   [Kremote: Compressing objects:  22% (418/1898)   [Kremote: Compressing objects:  23% (437/1898)   [Kremote: Compressing objects:  24% (456/1898)   [Kremote: Compressing objects:  25% (475/1898)   [Kremote: Compressing objects:  26% (494/1898)   [Kremote: Compressing objects:  27% (513/1898)   [Kremote: Compressing objects:  28% (532/1898)   [Kremote: Compressing objects:  29% (551/1898)   [Kremote: Compressing objects:  30% (570/1898)   [Kremote: Compressing objects:  31% (589/1898)   [Kremote: Compressing objects:  32% (608/1898)   [Kremote: Compressing objects:  33% (627/1898)   [Kremote: Compressing objects:  34% (646/1898)   [Kremote: Compressing objects:  35% (665/1898)   [Kremote: Compressing objects:  36% (684/1898)   [Kremote: Compressing objects:  37% (703/1898)   [Kremote: Compressing objects:  38% (722/1898)   [Kremote: Compressing objects:  39% (741/1898)   [Kremote: Compressing objects:  40% (760/1898)   [Kremote: Compressing objects:  41% (779/1898)   [Kremote: Compressing objects:  42% (798/1898)   [Kremote: Compressing objects:  43% (817/1898)   [Kremote: Compressing objects:  44% (836/1898)   [Kremote: Compressing objects:  45% (855/1898)   [Kremote: Compressing objects:  46% (874/1898)   [Kremote: Compressing objects:  47% (893/1898)   [Kremote: Compressing objects:  48% (912/1898)   [Kremote: Compressing objects:  49% (931/1898)   [Kremote: Compressing objects:  50% (949/1898)   [Kremote: Compressing objects:  51% (968/1898)   [Kremote: Compressing objects:  52% (987/1898)   [Kremote: Compressing objects:  53% (1006/1898)   [Kremote: Compressing objects:  54% (1025/1898)   [Kremote: Compressing objects:  55% (1044/1898)   [Kremote: Compressing objects:  56% (1063/1898)   [Kremote: Compressing objects:  57% (1082/1898)   [Kremote: Compressing objects:  58% (1101/1898)   [Kremote: Compressing objects:  59% (1120/1898)   [Kremote: Compressing objects:  60% (1139/1898)   [Kremote: Compressing objects:  61% (1158/1898)   [Kremote: Compressing objects:  62% (1177/1898)   [Kremote: Compressing objects:  63% (1196/1898)   [Kremote: Compressing objects:  64% (1215/1898)   [Kremote: Compressing objects:  65% (1234/1898)   [Kremote: Compressing objects:  66% (1253/1898)   [Kremote: Compressing objects:  67% (1272/1898)   [Kremote: Compressing objects:  68% (1291/1898)   [Kremote: Compressing objects:  69% (1310/1898)   [Kremote: Compressing objects:  70% (1329/1898)   [Kremote: Compressing objects:  71% (1348/1898)   [Kremote: Compressing objects:  72% (1367/1898)   [Kremote: Compressing objects:  73% (1386/1898)   [Kremote: Compressing objects:  74% (1405/1898)   [Kremote: Compressing objects:  75% (1424/1898)   [Kremote: Compressing objects:  76% (1443/1898)   [Kremote: Compressing objects:  77% (1462/1898)   [Kremote: Compressing objects:  78% (1481/1898)   [Kremote: Compressing objects:  79% (1500/1898)   [Kremote: Compressing objects:  80% (1519/1898)   [Kremote: Compressing objects:  81% (1538/1898)   [Kremote: Compressing objects:  82% (1557/1898)   [Kremote: Compressing objects:  83% (1576/1898)   [Kremote: Compressing objects:  84% (1595/1898)   [Kremote: Compressing objects:  85% (1614/1898)   [Kremote: Compressing objects:  86% (1633/1898)   [Kremote: Compressing objects:  87% (1652/1898)   [Kremote: Compressing objects:  88% (1671/1898)   [Kremote: Compressing objects:  89% (1690/1898)   [Kremote: Compressing objects:  90% (1709/1898)   [Kremote: Compressing objects:  91% (1728/1898)   [Kremote: Compressing objects:  92% (1747/1898)   [Kremote: Compressing objects:  93% (1766/1898)   [Kremote: Compressing objects:  94% (1785/1898)   [Kremote: Compressing objects:  95% (1804/1898)   [Kremote: Compressing objects:  96% (1823/1898)   [Kremote: Compressing objects:  97% (1842/1898)   [Kremote: Compressing objects:  98% (1861/1898)   [Kremote: Compressing objects:  99% (1880/1898)   [Kremote: Compressing objects: 100% (1898/1898)   [Kremote: Compressing objects: 100% (1898/1898), done.[K
Receiving objects:   0% (1/3147)   Receiving objects:   1% (32/3147)   Receiving objects:   2% (63/3147)   Receiving objects:   3% (95/3147)   Receiving objects:   4% (126/3147)   Receiving objects:   5% (158/3147)   Receiving objects:   6% (189/3147)   Receiving objects:   7% (221/3147)   Receiving objects:   8% (252/3147)   Receiving objects:   9% (284/3147)   Receiving objects:  10% (315/3147)   Receiving objects:  11% (347/3147)   Receiving objects:  12% (378/3147)   Receiving objects:  13% (410/3147)   Receiving objects:  14% (441/3147)   Receiving objects:  15% (473/3147)   Receiving objects:  16% (504/3147)   Receiving objects:  17% (535/3147)   Receiving objects:  18% (567/3147)   Receiving objects:  19% (598/3147)   Receiving objects:  20% (630/3147)   Receiving objects:  21% (661/3147)   Receiving objects:  22% (693/3147)   Receiving objects:  23% (724/3147)   Receiving objects:  24% (756/3147)   Receiving objects:  25% (787/3147)   Receiving objects:  26% (819/3147)   Receiving objects:  27% (850/3147)   Receiving objects:  28% (882/3147)   Receiving objects:  29% (913/3147)   Receiving objects:  30% (945/3147)   Receiving objects:  31% (976/3147), 15.44 MiB | 30.80 MiB/s   Receiving objects:  32% (1008/3147), 15.44 MiB | 30.80 MiB/s   Receiving objects:  33% (1039/3147), 15.44 MiB | 30.80 MiB/s   Receiving objects:  34% (1070/3147), 15.44 MiB | 30.80 MiB/s   Receiving objects:  35% (1102/3147), 15.44 MiB | 30.80 MiB/s   Receiving objects:  36% (1133/3147), 15.44 MiB | 30.80 MiB/s   Receiving objects:  37% (1165/3147), 15.44 MiB | 30.80 MiB/s   Receiving objects:  38% (1196/3147), 15.44 MiB | 30.80 MiB/s   Receiving objects:  39% (1228/3147), 15.44 MiB | 30.80 MiB/s   Receiving objects:  40% (1259/3147), 15.44 MiB | 30.80 MiB/s   Receiving objects:  41% (1291/3147), 15.44 MiB | 30.80 MiB/s   Receiving objects:  42% (1322/3147), 15.44 MiB | 30.80 MiB/s   Receiving objects:  43% (1354/3147), 15.44 MiB | 30.80 MiB/s   Receiving objects:  44% (1385/3147), 15.44 MiB | 30.80 MiB/s   Receiving objects:  45% (1417/3147), 15.44 MiB | 30.80 MiB/s   Receiving objects:  46% (1448/3147), 15.44 MiB | 30.80 MiB/s   Receiving objects:  47% (1480/3147), 15.44 MiB | 30.80 MiB/s   Receiving objects:  48% (1511/3147), 15.44 MiB | 30.80 MiB/s   Receiving objects:  49% (1543/3147), 15.44 MiB | 30.80 MiB/s   Receiving objects:  50% (1574/3147), 15.44 MiB | 30.80 MiB/s   Receiving objects:  51% (1605/3147), 15.44 MiB | 30.80 MiB/s   Receiving objects:  52% (1637/3147), 15.44 MiB | 30.80 MiB/s   Receiving objects:  53% (1668/3147), 15.44 MiB | 30.80 MiB/s   Receiving objects:  54% (1700/3147), 15.44 MiB | 30.80 MiB/s   Receiving objects:  55% (1731/3147), 15.44 MiB | 30.80 MiB/s   Receiving objects:  56% (1763/3147), 15.44 MiB | 30.80 MiB/s   Receiving objects:  57% (1794/3147), 15.44 MiB | 30.80 MiB/s   Receiving objects:  58% (1826/3147), 15.44 MiB | 30.80 MiB/s   Receiving objects:  59% (1857/3147), 15.44 MiB | 30.80 MiB/s   Receiving objects:  60% (1889/3147), 15.44 MiB | 30.80 MiB/s   Receiving objects:  61% (1920/3147), 15.44 MiB | 30.80 MiB/s   Receiving objects:  62% (1952/3147), 15.44 MiB | 30.80 MiB/s   Receiving objects:  63% (1983/3147), 15.44 MiB | 30.80 MiB/s   Receiving objects:  64% (2015/3147), 15.44 MiB | 30.80 MiB/s   Receiving objects:  65% (2046/3147), 15.44 MiB | 30.80 MiB/s   Receiving objects:  66% (2078/3147), 15.44 MiB | 30.80 MiB/s   Receiving objects:  67% (2109/3147), 15.44 MiB | 30.80 MiB/s   Receiving objects:  68% (2140/3147), 15.44 MiB | 30.80 MiB/s   Receiving objects:  69% (2172/3147), 15.44 MiB | 30.80 MiB/s   Receiving objects:  70% (2203/3147), 15.44 MiB | 30.80 MiB/s   Receiving objects:  71% (2235/3147), 15.44 MiB | 30.80 MiB/s   Receiving objects:  72% (2266/3147), 15.44 MiB | 30.80 MiB/s   Receiving objects:  73% (2298/3147), 15.44 MiB | 30.80 MiB/s   Receiving objects:  74% (2329/3147), 15.44 MiB | 30.80 MiB/s   Receiving objects:  75% (2361/3147), 15.44 MiB | 30.80 MiB/s   Receiving objects:  76% (2392/3147), 15.44 MiB | 30.80 MiB/s   Receiving objects:  77% (2424/3147), 15.44 MiB | 30.80 MiB/s   Receiving objects:  78% (2455/3147), 15.44 MiB | 30.80 MiB/s   Receiving objects:  79% (2487/3147), 15.44 MiB | 30.80 MiB/s   Receiving objects:  80% (2518/3147), 15.44 MiB | 30.80 MiB/s   Receiving objects:  81% (2550/3147), 15.44 MiB | 30.80 MiB/s   Receiving objects:  82% (2581/3147), 15.44 MiB | 30.80 MiB/s   Receiving objects:  83% (2613/3147), 15.44 MiB | 30.80 MiB/s   Receiving objects:  84% (2644/3147), 15.44 MiB | 30.80 MiB/s   Receiving objects:  85% (2675/3147), 15.44 MiB | 30.80 MiB/s   Receiving objects:  86% (2707/3147), 15.44 MiB | 30.80 MiB/s   Receiving objects:  87% (2738/3147), 15.44 MiB | 30.80 MiB/s   Receiving objects:  88% (2770/3147), 15.44 MiB | 30.80 MiB/s   Receiving objects:  89% (2801/3147), 15.44 MiB | 30.80 MiB/s   Receiving objects:  90% (2833/3147), 15.44 MiB | 30.80 MiB/s   Receiving objects:  91% (2864/3147), 15.44 MiB | 30.80 MiB/s   Receiving objects:  92% (2896/3147), 15.44 MiB | 30.80 MiB/s   Receiving objects:  93% (2927/3147), 15.44 MiB | 30.80 MiB/s   Receiving objects:  94% (2959/3147), 15.44 MiB | 30.80 MiB/s   remote: Total 3147 (delta 1466), reused 2175 (delta 777)[K
Receiving objects:  95% (2990/3147), 15.44 MiB | 30.80 MiB/s   Receiving objects:  96% (3022/3147), 15.44 MiB | 30.80 MiB/s   Receiving objects:  97% (3053/3147), 15.44 MiB | 30.80 MiB/s   Receiving objects:  98% (3085/3147), 15.44 MiB | 30.80 MiB/s   Receiving objects:  99% (3116/3147), 15.44 MiB | 30.80 MiB/s   Receiving objects: 100% (3147/3147), 15.44 MiB | 30.80 MiB/s   Receiving objects: 100% (3147/3147), 25.30 MiB | 30.80 MiB/s, done.
Resolving deltas:   0% (0/1466)   Resolving deltas:   1% (19/1466)   Resolving deltas:   2% (30/1466)   Resolving deltas:   3% (44/1466)   Resolving deltas:   5% (83/1466)   Resolving deltas:   6% (89/1466)   Resolving deltas:   7% (103/1466)   Resolving deltas:   8% (120/1466)   Resolving deltas:   9% (133/1466)   Resolving deltas:  10% (148/1466)   Resolving deltas:  11% (163/1466)   Resolving deltas:  12% (179/1466)   Resolving deltas:  13% (191/1466)   Resolving deltas:  14% (207/1466)   Resolving deltas:  15% (221/1466)   Resolving deltas:  16% (235/1466)   Resolving deltas:  17% (250/1466)   Resolving deltas:  18% (268/1466)   Resolving deltas:  19% (282/1466)   Resolving deltas:  20% (300/1466)   Resolving deltas:  21% (308/1466)   Resolving deltas:  22% (323/1466)   Resolving deltas:  23% (344/1466)   Resolving deltas:  24% (352/1466)   Resolving deltas:  25% (367/1466)   Resolving deltas:  26% (382/1466)   Resolving deltas:  27% (396/1466)   Resolving deltas:  28% (414/1466)   Resolving deltas:  29% (430/1466)   Resolving deltas:  30% (441/1466)   Resolving deltas:  31% (457/1466)   Resolving deltas:  32% (473/1466)   Resolving deltas:  33% (486/1466)   Resolving deltas:  34% (500/1466)   Resolving deltas:  35% (521/1466)   Resolving deltas:  36% (531/1466)   Resolving deltas:  37% (547/1466)   Resolving deltas:  38% (560/1466)   Resolving deltas:  39% (572/1466)   Resolving deltas:  40% (591/1466)   Resolving deltas:  41% (603/1466)   Resolving deltas:  42% (626/1466)   Resolving deltas:  43% (636/1466)   Resolving deltas:  44% (649/1466)   Resolving deltas:  45% (664/1466)   Resolving deltas:  46% (675/1466)   Resolving deltas:  47% (692/1466)   Resolving deltas:  48% (711/1466)   Resolving deltas:  49% (726/1466)   Resolving deltas:  50% (737/1466)   Resolving deltas:  51% (752/1466)   Resolving deltas:  52% (763/1466)   Resolving deltas:  53% (786/1466)   Resolving deltas:  54% (794/1466)   Resolving deltas:  55% (814/1466)   Resolving deltas:  56% (822/1466)   Resolving deltas:  57% (840/1466)   Resolving deltas:  58% (856/1466)   Resolving deltas:  59% (871/1466)   Resolving deltas:  60% (881/1466)   Resolving deltas:  61% (906/1466)   Resolving deltas:  62% (911/1466)   Resolving deltas:  63% (926/1466)   Resolving deltas:  64% (939/1466)   Resolving deltas:  65% (958/1466)   Resolving deltas:  66% (977/1466)   Resolving deltas:  67% (992/1466)   Resolving deltas:  70% (1035/1466)   Resolving deltas:  72% (1064/1466)   Resolving deltas:  73% (1074/1466)   Resolving deltas:  74% (1091/1466)   Resolving deltas:  75% (1103/1466)   Resolving deltas:  76% (1122/1466)   Resolving deltas:  77% (1132/1466)   Resolving deltas:  78% (1145/1466)   Resolving deltas:  82% (1211/1466)   Resolving deltas:  83% (1224/1466)   Resolving deltas:  85% (1247/1466)   Resolving deltas:  86% (1264/1466)   Resolving deltas:  87% (1277/1466)   Resolving deltas:  88% (1295/1466)   Resolving deltas:  89% (1319/1466)   Resolving deltas:  90% (1323/1466)   Resolving deltas:  91% (1344/1466)   Resolving deltas:  92% (1349/1466)   Resolving deltas:  93% (1369/1466)   Resolving deltas:  94% (1379/1466)   Resolving deltas:  95% (1404/1466)   Resolving deltas:  96% (1408/1466)   Resolving deltas:  97% (1425/1466)   Resolving deltas:  98% (1437/1466)   Resolving deltas:  99% (1458/1466)   Resolving deltas: 100% (1466/1466)   Resolving deltas: 100% (1466/1466), done.
Checking connectivity... done.
travis_time:end:06534c0a:start=1413825651431316470,finish=1413825653938368757,duration=2507052287[0Ktravis_fold:end:git.1[0K$ cd google/guice
travis_fold:start:git.4[0Ktravis_time:start:005d1860[0K$ git fetch origin +refs/pull/863/merge:
remote: Counting objects: 30, done.[K
remote: Compressing objects:   4% (1/24)   [Kremote: Compressing objects:   8% (2/24)   [Kremote: Compressing objects:  12% (3/24)   [Kremote: Compressing objects:  16% (4/24)   [Kremote: Compressing objects:  20% (5/24)   [Kremote: Compressing objects:  25% (6/24)   [Kremote: Compressing objects:  29% (7/24)   [Kremote: Compressing objects:  33% (8/24)   [Kremote: Compressing objects:  37% (9/24)   [Kremote: Compressing objects:  41% (10/24)   [Kremote: Compressing objects:  45% (11/24)   [Kremote: Compressing objects:  50% (12/24)   [Kremote: Compressing objects:  54% (13/24)   [Kremote: Compressing objects:  58% (14/24)   [Kremote: Compressing objects:  62% (15/24)   [Kremote: Compressing objects:  66% (16/24)   [Kremote: Compressing objects:  70% (17/24)   [Kremote: Compressing objects:  75% (18/24)   [Kremote: Compressing objects:  79% (19/24)   [Kremote: Compressing objects:  83% (20/24)   [Kremote: Compressing objects:  87% (21/24)   [Kremote: Compressing objects:  91% (22/24)   [Kremote: Compressing objects:  95% (23/24)   [Kremote: Compressing objects: 100% (24/24)   [Kremote: Compressing objects: 100% (24/24), done.[K
remote: Total 30 (delta 20), reused 12 (delta 2)[K
Unpacking objects:   3% (1/30)   Unpacking objects:   6% (2/30)   Unpacking objects:  10% (3/30)   Unpacking objects:  13% (4/30)   Unpacking objects:  16% (5/30)   Unpacking objects:  20% (6/30)   Unpacking objects:  23% (7/30)   Unpacking objects:  26% (8/30)   Unpacking objects:  30% (9/30)   Unpacking objects:  33% (10/30)   Unpacking objects:  36% (11/30)   Unpacking objects:  40% (12/30)   Unpacking objects:  43% (13/30)   Unpacking objects:  46% (14/30)   Unpacking objects:  50% (15/30)   Unpacking objects:  53% (16/30)   Unpacking objects:  56% (17/30)   Unpacking objects:  60% (18/30)   Unpacking objects:  63% (19/30)   Unpacking objects:  66% (20/30)   Unpacking objects:  70% (21/30)   Unpacking objects:  73% (22/30)   Unpacking objects:  76% (23/30)   Unpacking objects:  80% (24/30)   Unpacking objects:  83% (25/30)   Unpacking objects:  86% (26/30)   Unpacking objects:  90% (27/30)   Unpacking objects:  93% (28/30)   Unpacking objects:  96% (29/30)   Unpacking objects: 100% (30/30)   Unpacking objects: 100% (30/30), done.
From git://github.com/google/guice
 * branch            refs/pull/863/merge -> FETCH_HEAD
travis_time:end:005d1860:start=1413825653948641319,finish=1413825654056041322,duration=107400003[0Ktravis_fold:end:git.4[0Ktravis_fold:start:git.5[0K$ git checkout -qf FETCH_HEAD
travis_fold:end:git.5[0K
[33;1mSetting environment variables from .travis.yml[0m
$ export GH_TOKEN=[secure]
$ export CI_DEPLOY_USERNAME=[secure]
$ export CI_DEPLOY_PASSWORD=[secure]
$ export LABEL=ant
$ export CMD="ant dist test.dist"
$ export INSTALL="/bin/true"

$ jdk_switcher use openjdk7
Switching to OpenJDK7 (java-1.7.0-openjdk-amd64), JAVA_HOME will be set to /usr/lib/jvm/java-7-openjdk-amd64
$ java -version
java version "1.7.0_65"
OpenJDK Runtime Environment (IcedTea 2.5.1) (7u65-2.5.1-4ubuntu1~0.12.04.2)
OpenJDK 64-Bit Server VM (build 24.65-b04, mixed mode)
$ javac -version
javac 1.7.0_65
travis_fold:start:install[0Ktravis_time:start:091c9aa6[0K$ ${INSTALL}
travis_time:end:091c9aa6:start=1413825664081716578,finish=1413825664091970697,duration=10254119[0Ktravis_fold:end:install[0Ktravis_time:start:284f88d2[0K$ ${CMD}
Buildfile: /home/travis/build/google/guice/build.xml

source.jar:
    [mkdir] Created dir: /home/travis/build/google/guice/build
      [zip] Building zip: /home/travis/build/google/guice/build/guice-snapshot-src.jar

compile:
    [mkdir] Created dir: /home/travis/build/google/guice/build/classes
    [javac] Compiling 188 source files to /home/travis/build/google/guice/build/classes
    [javac] warning: [options] bootstrap class path not set in conjunction with -source 1.6
    [javac] /home/travis/build/google/guice/core/src/com/google/inject/internal/Annotations.java:90: warning: [unchecked] unchecked cast
    [javac]     return (T)cache.getUnchecked(annotationType);
    [javac]                                 ^
    [javac]   required: T
    [javac]   found:    Annotation
    [javac]   where T is a type-variable:
    [javac]     T extends Annotation declared in method <T>generateAnnotation(Class<T>)
    [javac] /home/travis/build/google/guice/core/src/com/google/inject/internal/Annotations.java:242: warning: [unchecked] unchecked generic array creation for varargs parameter of type Class<? extends Annotation>[]
    [javac]       Arrays.asList(ScopeAnnotation.class, javax.inject.Scope.class));
    [javac]                    ^
    [javac] /home/travis/build/google/guice/core/src/com/google/inject/internal/Annotations.java:295: warning: [unchecked] unchecked generic array creation for varargs parameter of type Class<? extends Annotation>[]
    [javac]       Arrays.asList(BindingAnnotation.class, Qualifier.class));
    [javac]                    ^
    [javac] /home/travis/build/google/guice/core/src/com/google/inject/internal/MoreTypes.java:287: warning: [rawtypes] found raw type: TypeVariable
    [javac]   public static Type resolveTypeVariable(Type type, Class<?> rawType, TypeVariable unknown) {
    [javac]                                                                       ^
    [javac]   missing type arguments for generic class TypeVariable<D>
    [javac]   where D is a type-variable:
    [javac]     D extends GenericDeclaration declared in interface TypeVariable
    [javac] /home/travis/build/google/guice/core/src/com/google/inject/internal/MoreTypes.java:317: warning: [rawtypes] found raw type: TypeVariable
    [javac]   private static Class<?> declaringClassOf(TypeVariable typeVariable) {
    [javac]                                            ^
    [javac]   missing type arguments for generic class TypeVariable<D>
    [javac]   where D is a type-variable:
    [javac]     D extends GenericDeclaration declared in interface TypeVariable
    [javac] /home/travis/build/google/guice/core/src/com/google/inject/internal/MoreTypes.java:333: warning: [rawtypes] found raw type: Class
    [javac]         Class rawTypeAsClass = (Class) rawType;
    [javac]         ^
    [javac]   missing type arguments for generic class Class<T>
    [javac]   where T is a type-variable:
    [javac]     T extends Object declared in class Class
    [javac] /home/travis/build/google/guice/core/src/com/google/inject/TypeLiteral.java:188: warning: [rawtypes] found raw type: TypeVariable
    [javac]         TypeVariable original = (TypeVariable) toResolve;
    [javac]         ^
    [javac]   missing type arguments for generic class TypeVariable<D>
    [javac]   where D is a type-variable:
    [javac]     D extends GenericDeclaration declared in interface TypeVariable
    [javac] /home/travis/build/google/guice/core/src/com/google/inject/internal/Errors.java:135: warning: [rawtypes] found raw type: Key
    [javac]   public Errors missingImplementation(Key key) {
    [javac]                                       ^
    [javac]   missing type arguments for generic class Key<T>
    [javac]   where T is a type-variable:
    [javac]     T extends Object declared in class Key
    [javac] /home/travis/build/google/guice/core/src/com/google/inject/internal/Errors.java:139: warning: [rawtypes] found raw type: Key
    [javac]   public Errors jitDisabled(Key key) {
    [javac]                             ^
    [javac]   missing type arguments for generic class Key<T>
    [javac]   where T is a type-variable:
    [javac]     T extends Object declared in class Key
    [javac] /home/travis/build/google/guice/core/src/com/google/inject/internal/Errors.java:143: warning: [rawtypes] found raw type: Class
    [javac]   public Errors atInjectRequired(Class clazz) {
    [javac]                                  ^
    [javac]   missing type arguments for generic class Class<T>
    [javac]   where T is a type-variable:
    [javac]     T extends Object declared in class Class
    [javac] /home/travis/build/google/guice/core/src/com/google/inject/internal/Errors.java:211: warning: [rawtypes] found raw type: Constructor
    [javac]   public Errors optionalConstructor(Constructor constructor) {
    [javac]                                     ^
    [javac]   missing type arguments for generic class Constructor<T>
    [javac]   where T is a type-variable:
    [javac]     T extends Object declared in class Constructor
    [javac] /home/travis/build/google/guice/core/src/com/google/inject/internal/Errors.java:654: warning: [rawtypes] found raw type: Class
    [javac]       new Converter<Class>(Class.class) {
    [javac]                     ^
    [javac]   missing type arguments for generic class Class<T>
    [javac]   where T is a type-variable:
    [javac]     T extends Object declared in class Class
    [javac] /home/travis/build/google/guice/core/src/com/google/inject/internal/Errors.java:664: warning: [rawtypes] found raw type: Key
    [javac]       new Converter<Key>(Key.class) {
    [javac]                     ^
    [javac]   missing type arguments for generic class Key<T>
    [javac]   where T is a type-variable:
    [javac]     T extends Object declared in class Key
    [javac] /home/travis/build/google/guice/core/src/com/google/inject/spi/Dependency.java:108: warning: [rawtypes] found raw type: Dependency
    [javac]       Dependency dependency = (Dependency) o;
    [javac]       ^
    [javac]   missing type arguments for generic class Dependency<T>
    [javac]   where T is a type-variable:
    [javac]     T extends Object declared in class Dependency
    [javac] /home/travis/build/google/guice/core/src/com/google/inject/internal/util/StackTraceElements.java:63: warning: [rawtypes] found raw type: Class
    [javac]     Class declaringClass = member.getDeclaringClass();
    [javac]     ^
    [javac]   missing type arguments for generic class Class<T>
    [javac]   where T is a type-variable:
    [javac]     T extends Object declared in class Class
    [javac] /home/travis/build/google/guice/core/src/com/google/inject/spi/InjectionPoint.java:828: warning: [rawtypes] found raw type: Class
    [javac]       for (Class parameterType : parameterTypes) {
    [javac]            ^
    [javac]   missing type arguments for generic class Class<T>
    [javac]   where T is a type-variable:
    [javac]     T extends Object declared in class Class
    [javac] /home/travis/build/google/guice/core/src/com/google/inject/internal/util/LineNumbers.java:47: warning: [rawtypes] found raw type: Class
    [javac]   private final Class type;
    [javac]                 ^
    [javac]   missing type arguments for generic class Class<T>
    [javac]   where T is a type-variable:
    [javac]     T extends Object declared in class Class
    [javac] /home/travis/build/google/guice/core/src/com/google/inject/internal/util/LineNumbers.java:59: warning: [rawtypes] found raw type: Class
    [javac]   public LineNumbers(Class type) throws IOException {
    [javac]                      ^
    [javac]   missing type arguments for generic class Class<T>
    [javac]   where T is a type-variable:
    [javac]     T extends Object declared in class Class
    [javac] /home/travis/build/google/guice/core/src/com/google/inject/internal/util/LineNumbers.java:110: warning: [rawtypes] found raw type: Class
    [javac]       for (Class param : ((Constructor) member).getParameterTypes()) {
    [javac]            ^
    [javac]   missing type arguments for generic class Class<T>
    [javac]   where T is a type-variable:
    [javac]     T extends Object declared in class Class
    [javac] /home/travis/build/google/guice/core/src/com/google/inject/internal/InjectorImpl.java:554: warning: [rawtypes] found raw type: Key
    [javac]           cleanup(binding, new HashSet<Key>());
    [javac]                                        ^
    [javac]   missing type arguments for generic class Key<T>
    [javac]   where T is a type-variable:
    [javac]     T extends Object declared in class Key
    [javac] /home/travis/build/google/guice/core/src/com/google/inject/internal/InjectorImpl.java:566: warning: [rawtypes] found raw type: Key
    [javac]   private boolean cleanup(BindingImpl<?> binding, Set<Key> encountered) {
    [javac]                                                       ^
    [javac]   missing type arguments for generic class Key<T>
    [javac]   where T is a type-variable:
    [javac]     T extends Object declared in class Key
    [javac] /home/travis/build/google/guice/core/src/com/google/inject/internal/InjectorImpl.java:569: warning: [rawtypes] found raw type: Dependency
    [javac]     for(Dependency dep : deps) {
    [javac]         ^
    [javac]   missing type arguments for generic class Dependency<T>
    [javac]   where T is a type-variable:
    [javac]     T extends Object declared in class Dependency
    [javac] /home/travis/build/google/guice/core/src/com/google/inject/internal/InjectorImpl.java:573: warning: [rawtypes] found raw type: BindingImpl
    [javac]         BindingImpl depBinding = jitBindings.get(depKey);
    [javac]         ^
    [javac]   missing type arguments for generic class BindingImpl<T>
    [javac]   where T is a type-variable:
    [javac]     T extends Object declared in class BindingImpl
    [javac] /home/travis/build/google/guice/core/src/com/google/inject/internal/InjectorImpl.java:577: warning: [rawtypes] found raw type: ConstructorBindingImpl
    [javac]             ConstructorBindingImpl ctorBinding = (ConstructorBindingImpl)depBinding;
    [javac]             ^
    [javac]   missing type arguments for generic class ConstructorBindingImpl<T>
    [javac]   where T is a type-variable:
    [javac]     T extends Object declared in class ConstructorBindingImpl
    [javac] /home/travis/build/google/guice/core/src/com/google/inject/internal/InjectorImpl.java:976: warning: [rawtypes] found raw type: MembersInjector
    [javac]     MembersInjector membersInjector = getMembersInjector(instance.getClass());
    [javac]     ^
    [javac]   missing type arguments for generic class MembersInjector<T>
    [javac]   where T is a type-variable:
    [javac]     T extends Object declared in interface MembersInjector
    [javac] /home/travis/build/google/guice/core/src/com/google/inject/internal/SingleParameterInjector.java:36: warning: [rawtypes] found raw type: Dependency
    [javac]     Dependency previous = context.pushDependency(dependency, binding.getSource());
    [javac]     ^
    [javac]   missing type arguments for generic class Dependency<T>
    [javac]   where T is a type-variable:
    [javac]     T extends Object declared in class Dependency
    [javac] /home/travis/build/google/guice/core/src/com/google/inject/internal/ProvisionListenerStackCallback.java:39: warning: [unchecked] unchecked call to ProvisionListenerStackCallback(Binding<T>,List<ProvisionListener>) as a member of the raw type ProvisionListenerStackCallback
    [javac]       new ProvisionListenerStackCallback(null /* unused, so ok */, ImmutableList.of());
    [javac]       ^
    [javac]   where T is a type-variable:
    [javac]     T extends Object declared in class ProvisionListenerStackCallback
    [javac] /home/travis/build/google/guice/core/src/com/google/inject/internal/ConstructionContext.java:78: warning: [rawtypes] found raw type: Class
    [javac]         new Class[] { expectedType, CircularDependencyProxy.class }, invocationHandler));
    [javac]             ^
    [javac]   missing type arguments for generic class Class<T>
    [javac]   where T is a type-variable:
    [javac]     T extends Object declared in class Class
    [javac] /home/travis/build/google/guice/core/src/com/google/inject/internal/AbstractBindingProcessor.java:114: warning: [rawtypes] found raw type: ExposedBindingImpl
    [javac]       ExposedBindingImpl exposed = (ExposedBindingImpl) original;
    [javac]       ^
    [javac]   missing type arguments for generic class ExposedBindingImpl<T>
    [javac]   where T is a type-variable:
    [javac]     T extends Object declared in class ExposedBindingImpl
    [javac] /home/travis/build/google/guice/core/src/com/google/inject/internal/BindingBuilder.java:100: warning: [unchecked] unchecked cast
    [javac]     return toProvider((javax.inject.Provider<T>) provider);
    [javac]                                                  ^
    [javac]   required: javax.inject.Provider<T>
    [javac]   found:    com.google.inject.Provider<CAP#1>
    [javac]   where T is a type-variable:
    [javac]     T extends Object declared in class BindingBuilder
    [javac]   where CAP#1 is a fresh type-variable:
    [javac]     CAP#1 extends T from capture of ? extends T
    [javac] /home/travis/build/google/guice/core/src/com/google/inject/internal/ConstantFactory.java:33: warning: [rawtypes] found raw type: Dependency
    [javac]   public T get(Errors errors, InternalContext context, Dependency dependency, boolean linked)
    [javac]                                                        ^
    [javac]   missing type arguments for generic class Dependency<T>
    [javac]   where T is a type-variable:
    [javac]     T extends Object declared in class Dependency
    [javac] /home/travis/build/google/guice/core/src/com/google/inject/internal/ConstructorBindingImpl.java:129: warning: [rawtypes] found raw type: Constructor
    [javac]   private static boolean hasAtInject(Constructor cxtor) {
    [javac]                                      ^
    [javac]   missing type arguments for generic class Constructor<T>
    [javac]   where T is a type-variable:
    [javac]     T extends Object declared in class Constructor
    [javac] /home/travis/build/google/guice/core/src/com/google/inject/internal/ProvidedByInternalFactory.java:62: warning: [rawtypes] found raw type: Dependency
    [javac]   public T get(Errors errors, InternalContext context, Dependency dependency, boolean linked)
    [javac]                                                        ^
    [javac]   missing type arguments for generic class Dependency<T>
    [javac]   where T is a type-variable:
    [javac]     T extends Object declared in class Dependency
    [javac] /home/travis/build/google/guice/core/src/com/google/inject/internal/ProviderInstanceBindingImpl.java:66: warning: [deprecation] getProviderInstance() in ProviderInstanceBinding has been deprecated
    [javac]   public Provider<? extends T> getProviderInstance() {
    [javac]                                ^
    [javac]   where T is a type-variable:
    [javac]     T extends Object declared in interface ProviderInstanceBinding
    [javac] /home/travis/build/google/guice/core/src/com/google/inject/internal/ProviderMethod.java:181: warning: [rawtypes] found raw type: ProviderMethod
    [javac]       ProviderMethod o = (ProviderMethod)obj;
    [javac]       ^
    [javac]   missing type arguments for generic class ProviderMethod<T>
    [javac]   where T is a type-variable:
    [javac]     T extends Object declared in class ProviderMethod
    [javac] /home/travis/build/google/guice/core/src/com/google/inject/internal/ProxyFactory.java:163: warning: [rawtypes] found raw type: Class
    [javac]     Class<? extends Callback>[] callbackTypes = new Class[callbacks.length];
    [javac]                                                     ^
    [javac]   missing type arguments for generic class Class<T>
    [javac]   where T is a type-variable:
    [javac]     T extends Object declared in class Class
    [javac] /home/travis/build/google/guice/core/src/com/google/inject/internal/SingleFieldInjector.java:52: warning: [rawtypes] found raw type: Dependency
    [javac]     Dependency previous = context.pushDependency(dependency, binding.getSource());
    [javac]     ^
    [javac]   missing type arguments for generic class Dependency<T>
    [javac]   where T is a type-variable:
    [javac]     T extends Object declared in class Dependency
    [javac] /home/travis/build/google/guice/core/src/com/google/inject/internal/util/SourceProvider.java:71: warning: [rawtypes] found raw type: Class
    [javac]     for (Class c : classes) {
    [javac]          ^
    [javac]   missing type arguments for generic class Class<T>
    [javac]   where T is a type-variable:
    [javac]     T extends Object declared in class Class
    [javac] /home/travis/build/google/guice/core/src/com/google/inject/matcher/Matchers.java:184: warning: [rawtypes] found raw type: Class
    [javac]   public static Matcher<Class> subclassesOf(final Class<?> superclass) {
    [javac]                         ^
    [javac]   missing type arguments for generic class Class<T>
    [javac]   where T is a type-variable:
    [javac]     T extends Object declared in class Class
    [javac] /home/travis/build/google/guice/core/src/com/google/inject/matcher/Matchers.java:188: warning: [rawtypes] found raw type: Class
    [javac]   private static class SubclassesOf extends AbstractMatcher<Class>
    [javac]                                                             ^
    [javac]   missing type arguments for generic class Class<T>
    [javac]   where T is a type-variable:
    [javac]     T extends Object declared in class Class
    [javac] /home/travis/build/google/guice/core/src/com/google/inject/matcher/Matchers.java:196: warning: [rawtypes] found raw type: Class
    [javac]     public boolean matches(Class subclass) {
    [javac]                            ^
    [javac]   missing type arguments for generic class Class<T>
    [javac]   where T is a type-variable:
    [javac]     T extends Object declared in class Class
    [javac] /home/travis/build/google/guice/core/src/com/google/inject/matcher/Matchers.java:290: warning: [rawtypes] found raw type: Class
    [javac]   public static Matcher<Class> inPackage(final Package targetPackage) {
    [javac]                         ^
    [javac]   missing type arguments for generic class Class<T>
    [javac]   where T is a type-variable:
    [javac]     T extends Object declared in class Class
    [javac] /home/travis/build/google/guice/core/src/com/google/inject/matcher/Matchers.java:294: warning: [rawtypes] found raw type: Class
    [javac]   private static class InPackage extends AbstractMatcher<Class> implements Serializable {
    [javac]                                                          ^
    [javac]   missing type arguments for generic class Class<T>
    [javac]   where T is a type-variable:
    [javac]     T extends Object declared in class Class
    [javac] /home/travis/build/google/guice/core/src/com/google/inject/matcher/Matchers.java:303: warning: [rawtypes] found raw type: Class
    [javac]     public boolean matches(Class c) {
    [javac]                            ^
    [javac]   missing type arguments for generic class Class<T>
    [javac]   where T is a type-variable:
    [javac]     T extends Object declared in class Class
    [javac] /home/travis/build/google/guice/core/src/com/google/inject/matcher/Matchers.java:333: warning: [rawtypes] found raw type: Class
    [javac]   public static Matcher<Class> inSubpackage(final String targetPackageName) {
    [javac]                         ^
    [javac]   missing type arguments for generic class Class<T>
    [javac]   where T is a type-variable:
    [javac]     T extends Object declared in class Class
    [javac] /home/travis/build/google/guice/core/src/com/google/inject/matcher/Matchers.java:337: warning: [rawtypes] found raw type: Class
    [javac]   private static class InSubpackage extends AbstractMatcher<Class> implements Serializable {
    [javac]                                                             ^
    [javac]   missing type arguments for generic class Class<T>
    [javac]   where T is a type-variable:
    [javac]     T extends Object declared in class Class
    [javac] /home/travis/build/google/guice/core/src/com/google/inject/matcher/Matchers.java:344: warning: [rawtypes] found raw type: Class
    [javac]     public boolean matches(Class c) {
    [javac]                            ^
    [javac]   missing type arguments for generic class Class<T>
    [javac]   where T is a type-variable:
    [javac]     T extends Object declared in class Class
    [javac] /home/travis/build/google/guice/core/src/com/google/inject/util/Modules.java:184: warning: [rawtypes] found raw type: Key
    [javac]           for(Key exposed : privateElements.getExposedKeys()) {
    [javac]               ^
    [javac]   missing type arguments for generic class Key<T>
    [javac]   where T is a type-variable:
    [javac]     T extends Object declared in class Key
    [javac] 49 warnings
    [javac] Creating empty /home/travis/build/google/guice/build/classes/com/google/inject/spi/package-info.class
    [javac] Creating empty /home/travis/build/google/guice/build/classes/com/google/inject/name/package-info.class
    [javac] Creating empty /home/travis/build/google/guice/build/classes/com/google/inject/package-info.class
    [javac] Creating empty /home/travis/build/google/guice/build/classes/com/google/inject/binder/package-info.class
    [javac] Creating empty /home/travis/build/google/guice/build/classes/com/google/inject/matcher/package-info.class
    [javac] Creating empty /home/travis/build/google/guice/build/classes/com/google/inject/util/package-info.class
    [javac] Creating empty /home/travis/build/google/guice/build/classes/com/google/inject/internal/package-info.class

jar.withdeps:
    [mkdir] Created dir: /home/travis/build/google/guice/build/dist
   [jarjar] Building jar: /home/travis/build/google/guice/build/guice-with-deps.jar

manifest:
  [bndwrap] classes 339 0
    [unjar] Expanding: /home/travis/build/google/guice/build/classes.bar into /home/travis/build/google/guice/build

jar:
      [jar] Building jar: /home/travis/build/google/guice/build/dist/guice-snapshot.jar

distjars:

javadoc:
  [javadoc] Generating Javadoc
  [javadoc] Javadoc execution
  [javadoc] javadoc: error - invalid flag: -Xdoclint:none
  [javadoc] usage: javadoc [options] [packagenames] [sourcefiles] [@files]
  [javadoc] -overview <file>          Read overview documentation from HTML file
  [javadoc] -public                   Show only public classes and members
  [javadoc] -protected                Show protected/public classes and members (default)
  [javadoc] -package                  Show package/protected/public classes and members
  [javadoc] -private                  Show all classes and members
  [javadoc] -help                     Display command line options and exit
  [javadoc] -doclet <class>           Generate output via alternate doclet
  [javadoc] -docletpath <path>        Specify where to find doclet class files
  [javadoc] -sourcepath <pathlist>    Specify where to find source files
  [javadoc] -classpath <pathlist>     Specify where to find user class files
  [javadoc] -exclude <pkglist>        Specify a list of packages to exclude
  [javadoc] -subpackages <subpkglist> Specify subpackages to recursively load
  [javadoc] -breakiterator            Compute 1st sentence with BreakIterator
  [javadoc] -bootclasspath <pathlist> Override location of class files loaded
  [javadoc] 			  by the bootstrap class loader
  [javadoc] -source <release>         Provide source compatibility with specified release
  [javadoc] -extdirs <dirlist>        Override location of installed extensions
  [javadoc] -verbose                  Output messages about what Javadoc is doing
  [javadoc] -locale <name>            Locale to be used, e.g. en_US or en_US_WIN
  [javadoc] -encoding <name>          Source file encoding name
  [javadoc] -quiet                    Do not display status messages
  [javadoc] -J<flag>                  Pass <flag> directly to the runtime system
  [javadoc] -X                        Print a synopsis of nonstandard options
  [javadoc] 
  [javadoc] Provided by Standard doclet:
  [javadoc] -d <directory>                    Destination directory for output files
  [javadoc] -use                              Create class and package usage pages
  [javadoc] -version                          Include @version paragraphs
  [javadoc] -author                           Include @author paragraphs
  [javadoc] -docfilessubdirs                  Recursively copy doc-file subdirectories
  [javadoc] -splitindex                       Split index into one file per letter
  [javadoc] -windowtitle <text>               Browser window title for the documenation
  [javadoc] -doctitle <html-code>             Include title for the overview page
  [javadoc] -header <html-code>               Include header text for each page
  [javadoc] -footer <html-code>               Include footer text for each page
  [javadoc] -top    <html-code>               Include top text for each page
  [javadoc] -bottom <html-code>               Include bottom text for each page
  [javadoc] -link <url>                       Create links to javadoc output at <url>
  [javadoc] -linkoffline <url> <url2>         Link to docs at <url> using package list at <url2>
  [javadoc] -excludedocfilessubdir <name1>:.. Exclude any doc-files subdirectories with given name.
  [javadoc] -group <name> <p1>:<p2>..         Group specified packages together in overview page
  [javadoc] -nocomment                        Supress description and tags, generate only declarations.
  [javadoc] -nodeprecated                     Do not include @deprecated information
  [javadoc] -noqualifier <name1>:<name2>:...  Exclude the list of qualifiers from the output.
  [javadoc] -nosince                          Do not include @since information
  [javadoc] -notimestamp                      Do not include hidden time stamp
  [javadoc] -nodeprecatedlist                 Do not generate deprecated list
  [javadoc] -notree                           Do not generate class hierarchy
  [javadoc] -noindex                          Do not generate index
  [javadoc] -nohelp                           Do not generate help link
  [javadoc] -nonavbar                         Do not generate navigation bar
  [javadoc] -serialwarn                       Generate warning about @serial tag
  [javadoc] -tag <name>:<locations>:<header>  Specify single argument custom tags
  [javadoc] -taglet                           The fully qualified name of Taglet to register
  [javadoc] -tagletpath                       The path to Taglets
  [javadoc] -Xdocrootparent <url>             Replaces all appearances of @docRoot followed by /.. in doc comments with <url>
  [javadoc] -charset <charset>                Charset for cross-platform viewing of generated documentation.
  [javadoc] -helpfile <file>                  Include file that help link links to
  [javadoc] -linksource                       Generate source in HTML
  [javadoc] -sourcetab <tab length>           Specify the number of spaces each tab takes up in the source
  [javadoc] -keywords                         Include HTML meta tags with package, class and member info
  [javadoc] -stylesheetfile <path>            File to change style of the generated documentation
  [javadoc] -docencoding <name>               Output encoding name
  [javadoc] 1 error

dist:

source.jar:
    [mkdir] Created dir: /home/travis/build/google/guice/extensions/servlet/build
      [zip] Building zip: /home/travis/build/google/guice/extensions/servlet/build/guice-servlet-snapshot-src.jar

compile:
    [mkdir] Created dir: /home/travis/build/google/guice/extensions/servlet/build/classes
    [javac] Compiling 35 source files to /home/travis/build/google/guice/extensions/servlet/build/classes
    [javac] warning: [options] bootstrap class path not set in conjunction with -source 1.6
    [javac] /home/travis/build/google/guice/extensions/servlet/src/com/google/inject/servlet/ServletScopes.java:82: warning: [unchecked] unchecked cast
    [javac]               T t = (T) context.map.get(key);
    [javac]                                        ^
    [javac]   required: T
    [javac]   found:    Object
    [javac]   where T is a type-variable:
    [javac]     T extends Object declared in method <T>scope(Key<T>,Provider<T>)
    [javac] /home/travis/build/google/guice/extensions/servlet/src/com/google/inject/servlet/ServletScopes.java:364: warning: [rawtypes] found raw type: Key
    [javac]     final Map<Key, Object> map = Maps.newHashMap();
    [javac]               ^
    [javac]   missing type arguments for generic class Key<T>
    [javac]   where T is a type-variable:
    [javac]     T extends Object declared in class Key
    [javac] 3 warnings
    [javac] Creating empty /home/travis/build/google/guice/extensions/servlet/build/classes/com/google/inject/servlet/package-info.class

manifest:
  [bndwrap] classes 67 0
    [unjar] Expanding: /home/travis/build/google/guice/extensions/servlet/build/classes.bar into /home/travis/build/google/guice/extensions/servlet/build

jar:
      [jar] Building jar: /home/travis/build/google/guice/extensions/servlet/build/guice-servlet-snapshot.jar

distjars:

source.jar:
    [mkdir] Created dir: /home/travis/build/google/guice/extensions/spring/build
      [zip] Building zip: /home/travis/build/google/guice/extensions/spring/build/guice-spring-snapshot-src.jar

compile:
    [mkdir] Created dir: /home/travis/build/google/guice/extensions/spring/build/classes
    [javac] Compiling 2 source files to /home/travis/build/google/guice/extensions/spring/build/classes
    [javac] warning: [options] bootstrap class path not set in conjunction with -source 1.6
    [javac] 1 warning
    [javac] Creating empty /home/travis/build/google/guice/extensions/spring/build/classes/com/google/inject/spring/package-info.class

manifest:
  [bndwrap] classes 4 0
    [unjar] Expanding: /home/travis/build/google/guice/extensions/spring/build/classes.bar into /home/travis/build/google/guice/extensions/spring/build

jar:
      [jar] Building jar: /home/travis/build/google/guice/extensions/spring/build/guice-spring-snapshot.jar

distjars:

source.jar:
    [mkdir] Created dir: /home/travis/build/google/guice/extensions/struts2/build
      [zip] Building zip: /home/travis/build/google/guice/extensions/struts2/build/guice-struts2-plugin-snapshot-src.jar

compile:
    [mkdir] Created dir: /home/travis/build/google/guice/extensions/struts2/build/classes
    [javac] Compiling 3 source files to /home/travis/build/google/guice/extensions/struts2/build/classes
    [javac] warning: [options] bootstrap class path not set in conjunction with -source 1.6
    [javac] /home/travis/build/google/guice/extensions/struts2/src/com/google/inject/struts2/GuiceObjectFactory.java:82: warning: [rawtypes] found raw type: Class
    [javac]   public Class getClassInstance(String name) throws ClassNotFoundException {
    [javac]          ^
    [javac]   missing type arguments for generic class Class<T>
    [javac]   where T is a type-variable:
    [javac]     T extends Object declared in class Class
    [javac] /home/travis/build/google/guice/extensions/struts2/src/com/google/inject/struts2/GuiceObjectFactory.java:110: warning: [rawtypes] found raw type: Class
    [javac]   public Object buildBean(Class clazz, Map extraContext) {
    [javac]                           ^
    [javac]   missing type arguments for generic class Class<T>
    [javac]   where T is a type-variable:
    [javac]     T extends Object declared in class Class
    [javac] /home/travis/build/google/guice/extensions/struts2/src/com/google/inject/struts2/GuiceObjectFactory.java:110: warning: [rawtypes] found raw type: Map
    [javac]   public Object buildBean(Class clazz, Map extraContext) {
    [javac]                                        ^
    [javac]   missing type arguments for generic class Map<K,V>
    [javac]   where K,V are type-variables:
    [javac]     K extends Object declared in interface Map
    [javac]     V extends Object declared in interface Map
    [javac] /home/travis/build/google/guice/extensions/struts2/src/com/google/inject/struts2/GuiceObjectFactory.java:168: warning: [rawtypes] found raw type: Map
    [javac]       Map interceptorRefParams) throws ConfigurationException {
    [javac]       ^
    [javac]   missing type arguments for generic class Map<K,V>
    [javac]   where K,V are type-variables:
    [javac]     K extends Object declared in interface Map
    [javac]     V extends Object declared in interface Map
    [javac] /home/travis/build/google/guice/extensions/struts2/src/com/google/inject/struts2/GuiceObjectFactory.java:184: warning: [rawtypes] found raw type: Map
    [javac]       Map interceptorRefParams) throws ConfigurationException {
    [javac]       ^
    [javac]   missing type arguments for generic class Map<K,V>
    [javac]   where K,V are type-variables:
    [javac]     K extends Object declared in interface Map
    [javac]     V extends Object declared in interface Map
    [javac] /home/travis/build/google/guice/extensions/struts2/src/com/google/inject/struts2/GuiceObjectFactory.java:185: warning: [unchecked] unchecked conversion
    [javac]     return super.buildInterceptor(interceptorConfig, interceptorRefParams);
    [javac]                                                      ^
    [javac]   required: Map<String,String>
    [javac]   found:    Map
    [javac] /home/travis/build/google/guice/extensions/struts2/src/com/google/inject/struts2/GuiceObjectFactory.java:191: warning: [rawtypes] found raw type: Map
    [javac]     final Map params;
    [javac]           ^
    [javac]   missing type arguments for generic class Map<K,V>
    [javac]   where K,V are type-variables:
    [javac]     K extends Object declared in interface Map
    [javac]     V extends Object declared in interface Map
    [javac] /home/travis/build/google/guice/extensions/struts2/src/com/google/inject/struts2/GuiceObjectFactory.java:195: warning: [rawtypes] found raw type: Map
    [javac]     ProvidedInterceptor(InterceptorConfig config, Map params,
    [javac]                                                   ^
    [javac]   missing type arguments for generic class Map<K,V>
    [javac]   where K,V are type-variables:
    [javac]     K extends Object declared in interface Map
    [javac]     V extends Object declared in interface Map
    [javac] /home/travis/build/google/guice/extensions/struts2/src/com/google/inject/struts2/Struts2Factory.java:101: warning: [rawtypes] found raw type: Class
    [javac]   public Object buildBean(Class clazz, Map<String, Object> extraContext) {
    [javac]                           ^
    [javac]   missing type arguments for generic class Class<T>
    [javac]   where T is a type-variable:
    [javac]     T extends Object declared in class Class
    [javac] /home/travis/build/google/guice/extensions/struts2/src/com/google/inject/struts2/Struts2Factory.java:149: warning: [rawtypes] found raw type: Map
    [javac]       Map interceptorRefParams) throws ConfigurationException {
    [javac]       ^
    [javac]   missing type arguments for generic class Map<K,V>
    [javac]   where K,V are type-variables:
    [javac]     K extends Object declared in interface Map
    [javac]     V extends Object declared in interface Map
    [javac] 11 warnings
     [copy] Copying 1 file to /home/travis/build/google/guice/extensions/struts2/build/classes

manifest:
  [bndwrap] classes 8 0
    [unjar] Expanding: /home/travis/build/google/guice/extensions/struts2/build/classes.bar into /home/travis/build/google/guice/extensions/struts2/build

jar:
      [jar] Building jar: /home/travis/build/google/guice/extensions/struts2/build/guice-struts2-plugin-snapshot.jar

distjars:

source.jar:
    [mkdir] Created dir: /home/travis/build/google/guice/extensions/assistedinject/build
      [zip] Building zip: /home/travis/build/google/guice/extensions/assistedinject/build/guice-assistedinject-snapshot-src.jar

compile:
    [mkdir] Created dir: /home/travis/build/google/guice/extensions/assistedinject/build/classes
    [javac] Compiling 13 source files to /home/travis/build/google/guice/extensions/assistedinject/build/classes
    [javac] warning: [options] bootstrap class path not set in conjunction with -source 1.6
    [javac] /home/travis/build/google/guice/extensions/assistedinject/src/com/google/inject/assistedinject/FactoryProvider.java:379: warning: [rawtypes] found raw type: Class
    [javac]         new Class[] { factoryRawType }, invocationHandler));
    [javac]             ^
    [javac]   missing type arguments for generic class Class<T>
    [javac]   where T is a type-variable:
    [javac]     T extends Object declared in class Class
    [javac] /home/travis/build/google/guice/extensions/assistedinject/src/com/google/inject/assistedinject/FactoryProvider2.java:308: warning: [rawtypes] found raw type: Class
    [javac]         new Class[] { factoryRawType }, this));
    [javac]             ^
    [javac]   missing type arguments for generic class Class<T>
    [javac]   where T is a type-variable:
    [javac]     T extends Object declared in class Class
    [javac] 3 warnings
    [javac] Creating empty /home/travis/build/google/guice/extensions/assistedinject/build/classes/com/google/inject/assistedinject/package-info.class

manifest:
  [bndwrap] classes 19 0
    [unjar] Expanding: /home/travis/build/google/guice/extensions/assistedinject/build/classes.bar into /home/travis/build/google/guice/extensions/assistedinject/build

jar:
      [jar] Building jar: /home/travis/build/google/guice/extensions/assistedinject/build/guice-assistedinject-snapshot.jar

distjars:

source.jar:
    [mkdir] Created dir: /home/travis/build/google/guice/extensions/jmx/build
      [zip] Building zip: /home/travis/build/google/guice/extensions/jmx/build/guice-jmx-snapshot-src.jar

compile:
    [mkdir] Created dir: /home/travis/build/google/guice/extensions/jmx/build/classes
    [javac] Compiling 4 source files to /home/travis/build/google/guice/extensions/jmx/build/classes
    [javac] warning: [options] bootstrap class path not set in conjunction with -source 1.6
    [javac] /home/travis/build/google/guice/extensions/jmx/src/com/google/inject/tools/jmx/ManagedBinding.java:23: warning: [rawtypes] found raw type: Binding
    [javac]   final Binding binding;
    [javac]         ^
    [javac]   missing type arguments for generic class Binding<T>
    [javac]   where T is a type-variable:
    [javac]     T extends Object declared in interface Binding
    [javac] /home/travis/build/google/guice/extensions/jmx/src/com/google/inject/tools/jmx/ManagedBinding.java:25: warning: [rawtypes] found raw type: Binding
    [javac]   ManagedBinding(Binding binding) {
    [javac]                  ^
    [javac]   missing type arguments for generic class Binding<T>
    [javac]   where T is a type-variable:
    [javac]     T extends Object declared in interface Binding
    [javac] 3 warnings
    [javac] Creating empty /home/travis/build/google/guice/extensions/jmx/build/classes/com/google/inject/tools/jmx/package-info.class

manifest:
  [bndwrap] classes 4 0
    [unjar] Expanding: /home/travis/build/google/guice/extensions/jmx/build/classes.bar into /home/travis/build/google/guice/extensions/jmx/build

jar:
      [jar] Building jar: /home/travis/build/google/guice/extensions/jmx/build/guice-jmx-snapshot.jar

distjars:

source.jar:
    [mkdir] Created dir: /home/travis/build/google/guice/extensions/jndi/build
      [zip] Building zip: /home/travis/build/google/guice/extensions/jndi/build/guice-jndi-snapshot-src.jar

compile:
    [mkdir] Created dir: /home/travis/build/google/guice/extensions/jndi/build/classes
    [javac] Compiling 2 source files to /home/travis/build/google/guice/extensions/jndi/build/classes
    [javac] warning: [options] bootstrap class path not set in conjunction with -source 1.6
    [javac] 1 warning
    [javac] Creating empty /home/travis/build/google/guice/extensions/jndi/build/classes/com/google/inject/jndi/package-info.class

manifest:
  [bndwrap] classes 3 0
    [unjar] Expanding: /home/travis/build/google/guice/extensions/jndi/build/classes.bar into /home/travis/build/google/guice/extensions/jndi/build

jar:
      [jar] Building jar: /home/travis/build/google/guice/extensions/jndi/build/guice-jndi-snapshot.jar

distjars:

source.jar:
    [mkdir] Created dir: /home/travis/build/google/guice/extensions/throwingproviders/build
      [zip] Building zip: /home/travis/build/google/guice/extensions/throwingproviders/build/guice-throwingproviders-snapshot-src.jar

compile:
    [mkdir] Created dir: /home/travis/build/google/guice/extensions/throwingproviders/build/classes
    [javac] Compiling 10 source files to /home/travis/build/google/guice/extensions/throwingproviders/build/classes
    [javac] warning: [options] bootstrap class path not set in conjunction with -source 1.6
    [javac] /home/travis/build/google/guice/extensions/throwingproviders/src/com/google/inject/throwingproviders/CheckedProvideUtils.java:79: warning: [rawtypes] found raw type: CheckedProvider
    [javac]       Class<? extends CheckedProvider> checkedProvider) {
    [javac]                       ^
    [javac]   missing type arguments for generic class CheckedProvider<T>
    [javac]   where T is a type-variable:
    [javac]     T extends Object declared in interface CheckedProvider
    [javac] /home/travis/build/google/guice/extensions/throwingproviders/src/com/google/inject/throwingproviders/ThrowingProviderBinder.java:113: warning: [rawtypes] found raw type: CheckedProvider
    [javac]   public <P extends CheckedProvider> SecondaryBinder<P, ?> 
    [javac]                     ^
    [javac]   missing type arguments for generic class CheckedProvider<T>
    [javac]   where T is a type-variable:
    [javac]     T extends Object declared in interface CheckedProvider
    [javac] /home/travis/build/google/guice/extensions/throwingproviders/src/com/google/inject/throwingproviders/ThrowingProviderBinder.java:118: warning: [rawtypes] found raw type: CheckedProvider
    [javac]   public <P extends CheckedProvider, T> SecondaryBinder<P, T> 
    [javac]                     ^
    [javac]   missing type arguments for generic class CheckedProvider<T>
    [javac]   where T is a type-variable:
    [javac]     T extends Object declared in interface CheckedProvider
    [javac] /home/travis/build/google/guice/extensions/throwingproviders/src/com/google/inject/throwingproviders/ThrowingProviderBinder.java:123: warning: [rawtypes] found raw type: CheckedProvider
    [javac]   public <P extends CheckedProvider, T> SecondaryBinder<P, T> 
    [javac]                     ^
    [javac]   missing type arguments for generic class CheckedProvider<T>
    [javac]   where T is a type-variable:
    [javac]     T extends Object declared in interface CheckedProvider
    [javac] /home/travis/build/google/guice/extensions/throwingproviders/src/com/google/inject/throwingproviders/ThrowingProviderBinder.java:128: warning: [rawtypes] found raw type: CheckedProvider
    [javac]   public class SecondaryBinder<P extends CheckedProvider, T> {
    [javac]                                          ^
    [javac]   missing type arguments for generic class CheckedProvider<T>
    [javac]   where T is a type-variable:
    [javac]     T extends Object declared in interface CheckedProvider
    [javac] /home/travis/build/google/guice/extensions/throwingproviders/src/com/google/inject/throwingproviders/ThrowingProviderBinder.java:239: warning: [rawtypes] found raw type: CheckedProvider
    [javac]       Key<CheckedProvider> targetKey = Key.get(CheckedProvider.class, UniqueAnnotations.create());
    [javac]           ^
    [javac]   missing type arguments for generic class CheckedProvider<T>
    [javac]   where T is a type-variable:
    [javac]     T extends Object declared in interface CheckedProvider
    [javac] /home/travis/build/google/guice/extensions/throwingproviders/src/com/google/inject/throwingproviders/ThrowingProviderBinder.java:245: warning: [rawtypes] found raw type: CheckedProviderMethod
    [javac]       Key<CheckedProviderMethod> targetKey =
    [javac]           ^
    [javac]   missing type arguments for generic class CheckedProviderMethod<T>
    [javac]   where T is a type-variable:
    [javac]     T extends Object declared in class CheckedProviderMethod
    [javac] /home/travis/build/google/guice/extensions/throwingproviders/src/com/google/inject/throwingproviders/ThrowingProviderBinder.java:257: warning: [rawtypes] found raw type: CheckedProvider
    [javac]     private ScopedBindingBuilder toInternal(final Key<? extends CheckedProvider> targetKey) {
    [javac]                                                                 ^
    [javac]   missing type arguments for generic class CheckedProvider<T>
    [javac]   where T is a type-variable:
    [javac]     T extends Object declared in interface CheckedProvider
    [javac] /home/travis/build/google/guice/extensions/throwingproviders/src/com/google/inject/throwingproviders/ThrowingProviderBinder.java:260: warning: [rawtypes] found raw type: CheckedProvider
    [javac]       final Provider<? extends CheckedProvider> targetProvider = binder.getProvider(targetKey);
    [javac]                                ^
    [javac]   missing type arguments for generic class CheckedProvider<T>
    [javac]   where T is a type-variable:
    [javac]     T extends Object declared in interface CheckedProvider
    [javac] /home/travis/build/google/guice/extensions/throwingproviders/src/com/google/inject/throwingproviders/ThrowingProviderBinder.java:347: warning: [deprecation] ThrowingProvider in com.google.inject.throwingproviders has been deprecated
    [javac]       boolean tpMode = interfaceType.getInterfaces()[0] == ThrowingProvider.class;      
    [javac]                                                            ^
    [javac] /home/travis/build/google/guice/extensions/throwingproviders/src/com/google/inject/throwingproviders/CheckedProviderMethod.java:51: warning: [rawtypes] found raw type: CheckedProvider
    [javac]   private final Class<? extends CheckedProvider> checkedProvider;
    [javac]                                 ^
    [javac]   missing type arguments for generic class CheckedProvider<T>
    [javac]   where T is a type-variable:
    [javac]     T extends Object declared in interface CheckedProvider
    [javac] /home/travis/build/google/guice/extensions/throwingproviders/src/com/google/inject/throwingproviders/CheckedProviderMethod.java:61: warning: [rawtypes] found raw type: CheckedProvider
    [javac]       Class<? extends CheckedProvider> checkedProvider,
    [javac]                       ^
    [javac]   missing type arguments for generic class CheckedProvider<T>
    [javac]   where T is a type-variable:
    [javac]     T extends Object declared in interface CheckedProvider
    [javac] /home/travis/build/google/guice/extensions/throwingproviders/src/com/google/inject/throwingproviders/CheckedProviderMethodsModule.java:90: warning: [rawtypes] found raw type: CheckedProvider
    [javac]       Class<? extends CheckedProvider> throwingProvider) {
    [javac]                       ^
    [javac]   missing type arguments for generic class CheckedProvider<T>
    [javac]   where T is a type-variable:
    [javac]     T extends Object declared in interface CheckedProvider
    [javac] /home/travis/build/google/guice/extensions/throwingproviders/src/com/google/inject/throwingproviders/CheckedProvides.java:44: warning: [rawtypes] found raw type: CheckedProvider
    [javac]   Class<? extends CheckedProvider> value();
    [javac]                   ^
    [javac]   missing type arguments for generic class CheckedProvider<T>
    [javac]   where T is a type-variable:
    [javac]     T extends Object declared in interface CheckedProvider
    [javac] 15 warnings
    [javac] Creating empty /home/travis/build/google/guice/extensions/throwingproviders/build/classes/com/google/inject/throwingproviders/package-info.class

manifest:
  [bndwrap] Should not skip: ^
  [bndwrap] classes 18 0
    [unjar] Expanding: /home/travis/build/google/guice/extensions/throwingproviders/build/classes.bar into /home/travis/build/google/guice/extensions/throwingproviders/build

jar:
      [jar] Building jar: /home/travis/build/google/guice/extensions/throwingproviders/build/guice-throwingproviders-snapshot.jar

distjars:

source.jar:
    [mkdir] Created dir: /home/travis/build/google/guice/extensions/multibindings/build
      [zip] Building zip: /home/travis/build/google/guice/extensions/multibindings/build/guice-multibindings-snapshot-src.jar

compile:
    [mkdir] Created dir: /home/travis/build/google/guice/extensions/multibindings/build/classes
    [javac] Compiling 11 source files to /home/travis/build/google/guice/extensions/multibindings/build/classes
    [javac] warning: [options] bootstrap class path not set in conjunction with -source 1.6
    [javac] /home/travis/build/google/guice/extensions/multibindings/src/com/google/inject/multibindings/Multibinder.java:439: warning: [rawtypes] found raw type: Provider
    [javac]         Provider<T>[] providers = new Provider[size];
    [javac]                                       ^
    [javac]   missing type arguments for generic class Provider<T>
    [javac]   where T is a type-variable:
    [javac]     T extends Object declared in interface Provider
    [javac] /home/travis/build/google/guice/extensions/multibindings/src/com/google/inject/multibindings/Multibinder.java:452: warning: [rawtypes] found raw type: Key
    [javac]           Key key = dependency.getKey();
    [javac]           ^
    [javac]   missing type arguments for generic class Key<T>
    [javac]   where T is a type-variable:
    [javac]     T extends Object declared in class Key
    [javac] /home/travis/build/google/guice/extensions/multibindings/src/com/google/inject/multibindings/Multibinder.java:454: warning: [unchecked] unchecked conversion
    [javac]               Dependency.get(key.ofType(Types.providerOf(key.getTypeLiteral().getType()))));
    [javac]                                        ^
    [javac]   required: Key<T>
    [javac]   found:    Key
    [javac]   where T is a type-variable:
    [javac]     T extends Object declared in method <T>get(Key<T>)
    [javac] /home/travis/build/google/guice/extensions/multibindings/src/com/google/inject/multibindings/Multibinder.java:454: warning: [unchecked] unchecked method invocation: method get in class Dependency is applied to given types
    [javac]               Dependency.get(key.ofType(Types.providerOf(key.getTypeLiteral().getType()))));
    [javac]                             ^
    [javac]   required: Key<T>
    [javac]   found: Key
    [javac]   where T is a type-variable:
    [javac]     T extends Object declared in method <T>get(Key<T>)
    [javac] /home/travis/build/google/guice/extensions/multibindings/src/com/google/inject/multibindings/Multibinder.java:459: warning: [rawtypes] found raw type: Key
    [javac]       Key getCollectionKey() {
    [javac]       ^
    [javac]   missing type arguments for generic class Key<T>
    [javac]   where T is a type-variable:
    [javac]     T extends Object declared in class Key
    [javac] /home/travis/build/google/guice/extensions/multibindings/src/com/google/inject/multibindings/MapBinder.java:393: warning: [rawtypes] found raw type: Key
    [javac]       Key massagedProviderMapKey = (Key)providerMapKey;
    [javac]       ^
    [javac]   missing type arguments for generic class Key<T>
    [javac]   where T is a type-variable:
    [javac]     T extends Object declared in class Key
    [javac] /home/travis/build/google/guice/extensions/multibindings/src/com/google/inject/multibindings/MapBinder.java:394: warning: [unchecked] unchecked conversion
    [javac]       binder.bind(javaxProviderMapKey).to(massagedProviderMapKey);
    [javac]                                           ^
    [javac]   required: Key<? extends Map<K,Provider<V>>>
    [javac]   found:    Key
    [javac]   where K,V are type-variables:
    [javac]     K extends Object declared in class RealMapBinder
    [javac]     V extends Object declared in class RealMapBinder
    [javac] /home/travis/build/google/guice/extensions/multibindings/src/com/google/inject/multibindings/MapBinder.java:774: warning: [rawtypes] found raw type: Entry
    [javac]            Map.Entry o = (Map.Entry)obj;
    [javac]               ^
    [javac]   missing type arguments for generic class Entry<K,V>
    [javac]   where K,V are type-variables:
    [javac]     K extends Object declared in interface Entry
    [javac]     V extends Object declared in interface Entry
    [javac] /home/travis/build/google/guice/extensions/multibindings/src/com/google/inject/multibindings/OptionalBinder.java:300: warning: [rawtypes] found raw type: Key
    [javac]     private final Key javaOptionalKey;
    [javac]                   ^
    [javac]   missing type arguments for generic class Key<T>
    [javac]   where T is a type-variable:
    [javac]     T extends Object declared in class Key
    [javac] /home/travis/build/google/guice/extensions/multibindings/src/com/google/inject/multibindings/OptionalBinder.java:301: warning: [rawtypes] found raw type: Key
    [javac]     private final Key javaOptionalJavaxProviderKey;
    [javac]                   ^
    [javac]   missing type arguments for generic class Key<T>
    [javac]   where T is a type-variable:
    [javac]     T extends Object declared in class Key
    [javac] /home/travis/build/google/guice/extensions/multibindings/src/com/google/inject/multibindings/OptionalBinder.java:302: warning: [rawtypes] found raw type: Key
    [javac]     private final Key javaOptionalProviderKey;
    [javac]                   ^
    [javac]   missing type arguments for generic class Key<T>
    [javac]   where T is a type-variable:
    [javac]     T extends Object declared in class Key
    [javac] /home/travis/build/google/guice/extensions/multibindings/src/com/google/inject/multibindings/OptionalBinder.java:372: warning: [rawtypes] found raw type: Key
    [javac]       Key massagedOptionalProviderKey = (Key) optionalProviderKey;
    [javac]       ^
    [javac]   missing type arguments for generic class Key<T>
    [javac]   where T is a type-variable:
    [javac]     T extends Object declared in class Key
    [javac] /home/travis/build/google/guice/extensions/multibindings/src/com/google/inject/multibindings/OptionalBinder.java:373: warning: [unchecked] unchecked conversion
    [javac]       binder.bind(optionalJavaxProviderKey).to(massagedOptionalProviderKey);
    [javac]                                                ^
    [javac]   required: Key<? extends Optional<Provider<T>>>
    [javac]   found:    Key
    [javac]   where T is a type-variable:
    [javac]     T extends Object declared in class RealOptionalBinder
    [javac] 14 warnings
    [javac] Creating empty /home/travis/build/google/guice/extensions/multibindings/build/classes/com/google/inject/multibindings/package-info.class

manifest:
  [bndwrap] classes 43 0
    [unjar] Expanding: /home/travis/build/google/guice/extensions/multibindings/build/classes.bar into /home/travis/build/google/guice/extensions/multibindings/build

jar:
      [jar] Building jar: /home/travis/build/google/guice/extensions/multibindings/build/guice-multibindings-snapshot.jar

distjars:

source.jar:
    [mkdir] Created dir: /home/travis/build/google/guice/extensions/persist/build
      [zip] Building zip: /home/travis/build/google/guice/extensions/persist/build/guice-persist-snapshot-src.jar

compile:
    [mkdir] Created dir: /home/travis/build/google/guice/extensions/persist/build/classes
    [javac] Compiling 17 source files to /home/travis/build/google/guice/extensions/persist/build/classes
    [javac] warning: [options] bootstrap class path not set in conjunction with -source 1.6
    [javac] /home/travis/build/google/guice/extensions/persist/src/com/google/inject/persist/finder/Finder.java:50: warning: [rawtypes] found raw type: Collection
    [javac]   Class<? extends Collection> returnAs() default Collection.class;
    [javac]                   ^
    [javac]   missing type arguments for generic class Collection<E>
    [javac]   where E is a type-variable:
    [javac]     E extends Object declared in interface Collection
    [javac] /home/travis/build/google/guice/extensions/persist/src/com/google/inject/persist/jpa/JpaFinderProxy.java:86: warning: [rawtypes] found raw type: List
    [javac]       List results) {
    [javac]       ^
    [javac]   missing type arguments for generic class List<E>
    [javac]   where E is a type-variable:
    [javac]     E extends Object declared in interface List
    [javac] /home/travis/build/google/guice/extensions/persist/src/com/google/inject/persist/jpa/JpaFinderProxy.java:104: warning: [unchecked] unchecked conversion
    [javac]     collection.addAll(results);
    [javac]                       ^
    [javac]   required: Collection<? extends CAP#1>
    [javac]   found:    List
    [javac]   where CAP#1 is a fresh type-variable:
    [javac]     CAP#1 extends Object from capture of ?
    [javac] /home/travis/build/google/guice/extensions/persist/src/com/google/inject/persist/jpa/JpaFinderProxy.java:250: warning: [rawtypes] found raw type: Collection
    [javac]     volatile Class<? extends Collection> returnCollectionType;
    [javac]                              ^
    [javac]   missing type arguments for generic class Collection<E>
    [javac]   where E is a type-variable:
    [javac]     E extends Object declared in interface Collection
    [javac] /home/travis/build/google/guice/extensions/persist/src/com/google/inject/persist/jpa/JpaFinderProxy.java:251: warning: [rawtypes] found raw type: Constructor
    [javac]     volatile Constructor returnCollectionTypeConstructor;
    [javac]              ^
    [javac]   missing type arguments for generic class Constructor<T>
    [javac]   where T is a type-variable:
    [javac]     T extends Object declared in class Constructor
    [javac] 6 warnings
    [javac] Creating empty /home/travis/build/google/guice/extensions/persist/build/classes/com/google/inject/persist/jpa/package-info.class
    [javac] Creating empty /home/travis/build/google/guice/extensions/persist/build/classes/com/google/inject/persist/finder/package-info.class
    [javac] Creating empty /home/travis/build/google/guice/extensions/persist/build/classes/com/google/inject/persist/package-info.class

manifest:
  [bndwrap] classes 25 0
    [unjar] Expanding: /home/travis/build/google/guice/extensions/persist/build/classes.bar into /home/travis/build/google/guice/extensions/persist/build

jar:
      [jar] Building jar: /home/travis/build/google/guice/extensions/persist/build/guice-persist-snapshot.jar

distjars:

source.jar:
    [mkdir] Created dir: /home/travis/build/google/guice/extensions/grapher/build
      [zip] Building zip: /home/travis/build/google/guice/extensions/grapher/build/guice-grapher-snapshot-src.jar

compile:
    [mkdir] Created dir: /home/travis/build/google/guice/extensions/grapher/build/classes
    [javac] Compiling 34 source files to /home/travis/build/google/guice/extensions/grapher/build/classes
    [javac] warning: [options] bootstrap class path not set in conjunction with -source 1.6
    [javac] 1 warning

manifest:
  [bndwrap] classes 42 0
    [unjar] Expanding: /home/travis/build/google/guice/extensions/grapher/build/classes.bar into /home/travis/build/google/guice/extensions/grapher/build

jar:
      [jar] Building jar: /home/travis/build/google/guice/extensions/grapher/build/guice-grapher-snapshot.jar

distjars:

source.jar:
    [mkdir] Created dir: /home/travis/build/google/guice/extensions/testlib/build
      [zip] Building zip: /home/travis/build/google/guice/extensions/testlib/build/guice-testlib-snapshot-src.jar

compile:
    [mkdir] Created dir: /home/travis/build/google/guice/extensions/testlib/build/classes
    [javac] Compiling 2 source files to /home/travis/build/google/guice/extensions/testlib/build/classes
    [javac] warning: [options] bootstrap class path not set in conjunction with -source 1.6
    [javac] 1 warning

manifest:
  [bndwrap] classes 5 0
    [unjar] Expanding: /home/travis/build/google/guice/extensions/testlib/build/classes.bar into /home/travis/build/google/guice/extensions/testlib/build

jar:
      [jar] Building jar: /home/travis/build/google/guice/extensions/testlib/build/guice-testlib-snapshot.jar

distjars:
     [copy] Copying 2 files to /home/travis/build/google/guice/build/dist
     [copy] Copying 2 files to /home/travis/build/google/guice/build/dist
     [copy] Copying 2 files to /home/travis/build/google/guice/build/dist
     [copy] Copying 2 files to /home/travis/build/google/guice/build/dist
     [copy] Copying 2 files to /home/travis/build/google/guice/build/dist
     [copy] Copying 2 files to /home/travis/build/google/guice/build/dist
     [copy] Copying 2 files to /home/travis/build/google/guice/build/dist
     [copy] Copying 2 files to /home/travis/build/google/guice/build/dist
     [copy] Copying 2 files to /home/travis/build/google/guice/build/dist
     [copy] Copying 2 files to /home/travis/build/google/guice/build/dist
     [copy] Copying 2 files to /home/travis/build/google/guice/build/dist
     [copy] Copying 1 file to /home/travis/build/google/guice/build/dist
     [copy] Copying 3 files to /home/travis/build/google/guice/build/dist
      [zip] Building zip: /home/travis/build/google/guice/build/guice-snapshot.zip
      [zip] Building zip: /home/travis/build/google/guice/build/guice-snapshot-src.zip

test.dist:

compile:

jar.withdeps:
   [jarjar] Building jar: /home/travis/build/google/guice/build/guice-with-deps.jar

manifest:
  [bndwrap] classes 339 426780
    [unjar] Expanding: /home/travis/build/google/guice/build/classes.bar into /home/travis/build/google/guice/build

jar:
      [jar] Building jar: /home/travis/build/google/guice/build/dist/guice-snapshot.jar

test.compile:
    [mkdir] Created dir: /home/travis/build/google/guice/build/test
    [javac] Compiling 85 source files to /home/travis/build/google/guice/build/test
    [javac] warning: [options] bootstrap class path not set in conjunction with -source 1.6
    [javac] Note: Some input files use or override a deprecated API.
    [javac] Note: Recompile with -Xlint:deprecation for details.
    [javac] Note: Some input files use unchecked or unsafe operations.
    [javac] Note: Recompile with -Xlint:unchecked for details.
    [javac] 1 warning

test.withdeps:
   [jarjar] Building jar: /home/travis/build/google/guice/build/guice-snapshot-tests.jar

test.dist.run:
    [junit] Oct 20, 2014 5:21:49 PM com.google.inject.spi.InjectionPoint getInjectionPoints
    [junit] WARNING: Method: protected void org.atinject.tck.auto.accessories.SpareTire.injectProtectedMethodForOverride() is not annotated with @Inject but is overriding a method that is annotated with @javax.inject.Inject.  Because it is not annotated with @Inject, the method will not be injected. To fix this, annotate the method with @Inject.
    [junit] Oct 20, 2014 5:21:49 PM com.google.inject.spi.InjectionPoint getInjectionPoints
    [junit] WARNING: Method: public void org.atinject.tck.auto.accessories.SpareTire.injectPublicMethodForOverride() is not annotated with @Inject but is overriding a method that is annotated with @javax.inject.Inject.  Because it is not annotated with @Inject, the method will not be injected. To fix this, annotate the method with @Inject.
    [junit] Oct 20, 2014 5:21:49 PM com.google.inject.spi.InjectionPoint getInjectionPoints
    [junit] WARNING: Method: void org.atinject.tck.auto.accessories.SpareTire.injectPackagePrivateMethod3() is not annotated with @Inject but is overriding a method that is annotated with @javax.inject.Inject.  Because it is not annotated with @Inject, the method will not be injected. To fix this, annotate the method with @Inject.
    [junit] Oct 20, 2014 5:21:49 PM com.google.inject.spi.InjectionPoint getInjectionPoints
    [junit] WARNING: Method: public void org.atinject.tck.auto.GasEngine.injectTwiceOverriddenWithOmissionInMiddle() is not annotated with @Inject but is overriding a method that is annotated with @javax.inject.Inject.  Because it is not annotated with @Inject, the method will not be injected. To fix this, annotate the method with @Inject.
    [junit] Oct 20, 2014 5:21:49 PM com.google.inject.spi.InjectionPoint getInjectionPoints
    [junit] WARNING: Method: void org.atinject.tck.auto.V8Engine.injectPackagePrivateMethodForOverride() is not annotated with @Inject but is overriding a method that is annotated with @javax.inject.Inject.  Because it is not annotated with @Inject, the method will not be injected. To fix this, annotate the method with @Inject.
    [junit] Oct 20, 2014 5:21:49 PM com.google.inject.spi.InjectionPoint getInjectionPoints
    [junit] WARNING: Method: public void org.atinject.tck.auto.V8Engine.injectTwiceOverriddenWithOmissionInSubclass() is not annotated with @Inject but is overriding a method that is annotated with @javax.inject.Inject.  Because it is not annotated with @Inject, the method will not be injected. To fix this, annotate the method with @Inject.
    [junit] Oct 20, 2014 5:21:49 PM com.google.inject.spi.InjectionPoint getInjectionPoints
    [junit] WARNING: Method: public void org.atinject.tck.auto.V8Engine.injectQualifiers(org.atinject.tck.auto.Seat,org.atinject.tck.auto.Seat,org.atinject.tck.auto.Tire,org.atinject.tck.auto.Tire) is not annotated with @Inject but is overriding a method that is annotated with @javax.inject.Inject.  Because it is not annotated with @Inject, the method will not be injected. To fix this, annotate the method with @Inject.
    [junit] .........................................
    [junit] ................................com.google.inject.CreationException: Unable to create injector, see the following errors:
    [junit] 
    [junit] 1) A binding to com.google.inject.BinderTest$HasImplementedBy1 was already configured at com.google.inject.BinderTest$19.configure(BinderTest.java:347).
    [junit]   at com.google.inject.BinderTest$19.configure(BinderTest.java:346)
    [junit] 
    [junit] 1 error
    [junit] 	at com.google.inject.internal.Errors.throwCreationExceptionIfErrorsExist(Errors.java:448)
    [junit] 	at com.google.inject.internal.InternalInjectorCreator.initializeStatically(InternalInjectorCreator.java:155)
    [junit] 	at com.google.inject.internal.InternalInjectorCreator.build(InternalInjectorCreator.java:107)
    [junit] 	at com.google.inject.Guice.createInjector(Guice.java:96)
    [junit] 	at com.google.inject.Guice.createInjector(Guice.java:73)
    [junit] 	at com.google.inject.Guice.createInjector(Guice.java:62)
    [junit] 	at com.google.inject.BinderTest.testSettingAtImplementedByTwice(BinderTest.java:343)
    [junit] 	at sun.reflect.NativeMethodAccessorImpl.invoke0(Native Method)
    [junit] 	at sun.reflect.NativeMethodAccessorImpl.invoke(NativeMethodAccessorImpl.java:57)
    [junit] 	at sun.reflect.DelegatingMethodAccessorImpl.invoke(DelegatingMethodAccessorImpl.java:43)
    [junit] 	at java.lang.reflect.Method.invoke(Method.java:606)
    [junit] 	at junit.framework.TestCase.runTest(TestCase.java:154)
    [junit] 	at junit.framework.TestCase.runBare(TestCase.java:127)
    [junit] 	at junit.framework.TestResult$1.protect(TestResult.java:106)
    [junit] 	at junit.framework.TestResult.runProtected(TestResult.java:124)
    [junit] 	at junit.framework.TestResult.run(TestResult.java:109)
    [junit] 	at junit.framework.TestCase.run(TestCase.java:118)
    [junit] 	at junit.framework.TestSuite.runTest(TestSuite.java:208)
    [junit] 	at junit.framework.TestSuite.run(TestSuite.java:203)
    [junit] 	at junit.framework.TestSuite.runTest(TestSuite.java:208)
    [junit] 	at junit.framework.TestSuite.run(TestSuite.java:203)
    [junit] 	at junit.textui.TestRunner.doRun(TestRunner.java:116)
    [junit] 	at junit.textui.TestRunner.start(TestRunner.java:172)
    [junit] 	at junit.textui.TestRunner.main(TestRunner.java:138)
    [junit] .......Oct 20, 2014 5:21:50 PM com.google.inject.internal.MessageProcessor visit
    [junit] INFO: An exception was caught and reported. Message: java.lang.IllegalArgumentException
    [junit] java.lang.IllegalArgumentException
    [junit] 	at com.google.inject.BinderTest$24.configure(BinderTest.java:450)
    [junit] 	at com.google.inject.AbstractModule.configure(AbstractModule.java:62)
    [junit] 	at com.google.inject.spi.Elements$RecordingBinder.install(Elements.java:253)
    [junit] 	at com.google.inject.spi.Elements.getElements(Elements.java:108)
    [junit] 	at com.google.inject.internal.InjectorShell$Builder.build(InjectorShell.java:135)
    [junit] 	at com.google.inject.internal.InternalInjectorCreator.build(InternalInjectorCreator.java:104)
    [junit] 	at com.google.inject.Guice.createInjector(Guice.java:96)
    [junit] 	at com.google.inject.Guice.createInjector(Guice.java:73)
    [junit] 	at com.google.inject.Guice.createInjector(Guice.java:62)
    [junit] 	at com.google.inject.BinderTest.testUserReportedErrorsAreAlsoLogged(BinderTest.java:447)
    [junit] 	at sun.reflect.NativeMethodAccessorImpl.invoke0(Native Method)
    [junit] 	at sun.reflect.NativeMethodAccessorImpl.invoke(NativeMethodAccessorImpl.java:57)
    [junit] 	at sun.reflect.DelegatingMethodAccessorImpl.invoke(DelegatingMethodAccessorImpl.java:43)
    [junit] 	at java.lang.reflect.Method.invoke(Method.java:606)
    [junit] 	at junit.framework.TestCase.runTest(TestCase.java:154)
    [junit] 	at junit.framework.TestCase.runBare(TestCase.java:127)
    [junit] 	at junit.framework.TestResult$1.protect(TestResult.java:106)
    [junit] 	at junit.framework.TestResult.runProtected(TestResult.java:124)
    [junit] 	at junit.framework.TestResult.run(TestResult.java:109)
    [junit] 	at junit.framework.TestCase.run(TestCase.java:118)
    [junit] 	at junit.framework.TestSuite.runTest(TestSuite.java:208)
    [junit] 	at junit.framework.TestSuite.run(TestSuite.java:203)
    [junit] 	at junit.framework.TestSuite.runTest(TestSuite.java:208)
    [junit] 	at junit.framework.TestSuite.run(TestSuite.java:203)
    [junit] 	at junit.textui.TestRunner.doRun(TestRunner.java:116)
    [junit] 	at junit.textui.TestRunner.start(TestRunner.java:172)
    [junit] 	at junit.textui.TestRunner.main(TestRunner.java:138)
    [junit] 
    [junit] ..
    [junit] .........................................
    [junit] .........................................
    [junit] .........................................
    [junit] .........................................
    [junit] .........................................
    [junit] .........................................
    [junit] .........................................
    [junit] .........................................
    [junit] .........................................
    [junit] .........................................
    [junit] .........................................
    [junit] .........................................
    [junit] .........................................
    [junit] .........................................
    [junit] .........................................
    [junit] ...........Oct 20, 2014 5:21:59 PM com.google.inject.spi.InjectionPoint getInjectionPoints
    [junit] WARNING: Method: public void com.google.inject.spi.InjectionPointTest$Sub.atInject() is not annotated with @Inject but is overriding a method that is annotated with @javax.inject.Inject.  Because it is not annotated with @Inject, the method will not be injected. To fix this, annotate the method with @Inject.
    [junit] Oct 20, 2014 5:21:59 PM com.google.inject.spi.InjectionPoint getInjectionPoints
    [junit] WARNING: Method: public void com.google.inject.spi.InjectionPointTest$Sub.atInject() is not annotated with @Inject but is overriding a method that is annotated with @javax.inject.Inject.  Because it is not annotated with @Inject, the method will not be injected. To fix this, annotate the method with @Inject.
    [junit] Oct 20, 2014 5:21:59 PM com.google.inject.spi.InjectionPoint getInjectionPoints
    [junit] WARNING: Method: public void com.google.inject.spi.InjectionPointTest$SubSub.privateGAndPublicAt() is not annotated with @Inject but is overriding a method that is annotated with @javax.inject.Inject.  Because it is not annotated with @Inject, the method will not be injected. To fix this, annotate the method with @Inject.
    [junit] ..............................
    [junit] .........................................
    [junit] .........................................
    [junit] .........................aopalliance.jar 9 4574
    [junit] javax.inject.jar 6 2842
    [junit] Should not skip: ^
    [junit] Should not skip: ^
    [junit] Should not skip: ^
    [junit] Should not skip: ^
    [junit] Should not skip: ^
    [junit] Should not skip: ^
    [junit] Should not skip: ^
    [junit] Should not skip: ^
    [junit] Should not skip: ^
    [junit] Should not skip: ^
    [junit] Should not skip: ^
    [junit] guava.jar 1675 2199487
    [junit] osgitests.jar 28 20417
    [junit] ..............
    [junit] Time: 17.774
    [junit] 
    [junit] OK (859 tests)
    [junit] 

compile:

jar.withdeps:
   [jarjar] Building jar: /home/travis/build/google/guice/build/guice-with-deps.jar

manifest:
  [bndwrap] classes 339 426780
    [unjar] Expanding: /home/travis/build/google/guice/build/classes.bar into /home/travis/build/google/guice/build

jar:
      [jar] Building jar: /home/travis/build/google/guice/build/dist/guice-snapshot.jar

test.compile:

test.withdeps:
   [jarjar] Building jar: /home/travis/build/google/guice/build/guice-snapshot-tests.jar

test.dist.run:
    [junit] Oct 20, 2014 5:22:16 PM com.google.inject.spi.InjectionPoint getInjectionPoints
    [junit] WARNING: Method: protected void org.atinject.tck.auto.accessories.SpareTire.injectProtectedMethodForOverride() is not annotated with @Inject but is overriding a method that is annotated with @javax.inject.Inject.  Because it is not annotated with @Inject, the method will not be injected. To fix this, annotate the method with @Inject.
    [junit] Oct 20, 2014 5:22:16 PM com.google.inject.spi.InjectionPoint getInjectionPoints
    [junit] WARNING: Method: public void org.atinject.tck.auto.accessories.SpareTire.injectPublicMethodForOverride() is not annotated with @Inject but is overriding a method that is annotated with @javax.inject.Inject.  Because it is not annotated with @Inject, the method will not be injected. To fix this, annotate the method with @Inject.
    [junit] Oct 20, 2014 5:22:16 PM com.google.inject.spi.InjectionPoint getInjectionPoints
    [junit] WARNING: Method: void org.atinject.tck.auto.accessories.SpareTire.injectPackagePrivateMethod3() is not annotated with @Inject but is overriding a method that is annotated with @javax.inject.Inject.  Because it is not annotated with @Inject, the method will not be injected. To fix this, annotate the method with @Inject.
    [junit] Oct 20, 2014 5:22:16 PM com.google.inject.spi.InjectionPoint getInjectionPoints
    [junit] WARNING: Method: public void org.atinject.tck.auto.GasEngine.injectTwiceOverriddenWithOmissionInMiddle() is not annotated with @Inject but is overriding a method that is annotated with @javax.inject.Inject.  Because it is not annotated with @Inject, the method will not be injected. To fix this, annotate the method with @Inject.
    [junit] Oct 20, 2014 5:22:16 PM com.google.inject.spi.InjectionPoint getInjectionPoints
    [junit] WARNING: Method: void org.atinject.tck.auto.V8Engine.injectPackagePrivateMethodForOverride() is not annotated with @Inject but is overriding a method that is annotated with @javax.inject.Inject.  Because it is not annotated with @Inject, the method will not be injected. To fix this, annotate the method with @Inject.
    [junit] Oct 20, 2014 5:22:16 PM com.google.inject.spi.InjectionPoint getInjectionPoints
    [junit] WARNING: Method: public void org.atinject.tck.auto.V8Engine.injectQualifiers(org.atinject.tck.auto.Seat,org.atinject.tck.auto.Seat,org.atinject.tck.auto.Tire,org.atinject.tck.auto.Tire) is not annotated with @Inject but is overriding a method that is annotated with @javax.inject.Inject.  Because it is not annotated with @Inject, the method will not be injected. To fix this, annotate the method with @Inject.
    [junit] Oct 20, 2014 5:22:16 PM com.google.inject.spi.InjectionPoint getInjectionPoints
    [junit] WARNING: Method: public void org.atinject.tck.auto.V8Engine.injectTwiceOverriddenWithOmissionInSubclass() is not annotated with @Inject but is overriding a method that is annotated with @javax.inject.Inject.  Because it is not annotated with @Inject, the method will not be injected. To fix this, annotate the method with @Inject.
    [junit] .........................................
    [junit] .................................com.google.inject.CreationException: Unable to create injector, see the following errors:
    [junit] 
    [junit] 1) A binding to com.google.inject.BinderTest$HasImplementedBy1 was already configured at com.google.inject.BinderTest$19.configure(Unknown Source).
    [junit]   at com.google.inject.BinderTest$19.configure(Unknown Source)
    [junit] 
    [junit] 1 error
    [junit] 	at com.google.inject.internal.Errors.throwCreationExceptionIfErrorsExist(Errors.java:448)
    [junit] 	at com.google.inject.internal.InternalInjectorCreator.initializeStatically(InternalInjectorCreator.java:155)
    [junit] 	at com.google.inject.internal.InternalInjectorCreator.build(InternalInjectorCreator.java:107)
    [junit] 	at com.google.inject.Guice.createInjector(Guice.java:96)
    [junit] 	at com.google.inject.Guice.createInjector(Guice.java:73)
    [junit] 	at com.google.inject.Guice.createInjector(Guice.java:62)
    [junit] 	at com.google.inject.BinderTest.testSettingAtImplementedByTwice(BinderTest.java:343)
    [junit] 	at sun.reflect.NativeMethodAccessorImpl.invoke0(Native Method)
    [junit] 	at sun.reflect.NativeMethodAccessorImpl.invoke(NativeMethodAccessorImpl.java:57)
    [junit] 	at sun.reflect.DelegatingMethodAccessorImpl.invoke(DelegatingMethodAccessorImpl.java:43)
    [junit] 	at java.lang.reflect.Method.invoke(Method.java:606)
    [junit] 	at junit.framework.TestCase.runTest(TestCase.java:154)
    [junit] 	at junit.framework.TestCase.runBare(TestCase.java:127)
    [junit] 	at junit.framework.TestResult$1.protect(TestResult.java:106)
    [junit] 	at junit.framework.TestResult.runProtected(TestResult.java:124)
    [junit] 	at junit.framework.TestResult.run(TestResult.java:109)
    [junit] 	at junit.framework.TestCase.run(TestCase.java:118)
    [junit] 	at junit.framework.TestSuite.runTest(TestSuite.java:208)
    [junit] 	at junit.framework.TestSuite.run(TestSuite.java:203)
    [junit] 	at junit.framework.TestSuite.runTest(TestSuite.java:208)
    [junit] 	at junit.framework.TestSuite.run(TestSuite.java:203)
    [junit] 	at junit.textui.TestRunner.doRun(TestRunner.java:116)
    [junit] 	at junit.textui.TestRunner.start(TestRunner.java:172)
    [junit] 	at junit.textui.TestRunner.main(TestRunner.java:138)
    [junit] ......Oct 20, 2014 5:22:17 PM com.google.inject.internal.MessageProcessor visit
    [junit] INFO: An exception was caught and reported. Message: java.lang.IllegalArgumentException
    [junit] java.lang.IllegalArgumentException
    [junit] 	at com.google.inject.BinderTest$24.configure(BinderTest.java:450)
    [junit] 	at com.google.inject.AbstractModule.configure(AbstractModule.java:62)
    [junit] 	at com.google.inject.spi.Elements$RecordingBinder.install(Elements.java:253)
    [junit] 	at com.google.inject.spi.Elements.getElements(Elements.java:108)
    [junit] 	at com.google.inject.internal.InjectorShell$Builder.build(InjectorShell.java:135)
    [junit] 	at com.google.inject.internal.InternalInjectorCreator.build(InternalInjectorCreator.java:104)
    [junit] 	at com.google.inject.Guice.createInjector(Guice.java:96)
    [junit] 	at com.google.inject.Guice.createInjector(Guice.java:73)
    [junit] 	at com.google.inject.Guice.createInjector(Guice.java:62)
    [junit] 	at com.google.inject.BinderTest.testUserReportedErrorsAreAlsoLogged(BinderTest.java:447)
    [junit] 	at sun.reflect.NativeMethodAccessorImpl.invoke0(Native Method)
    [junit] 	at sun.reflect.NativeMethodAccessorImpl.invoke(NativeMethodAccessorImpl.java:57)
    [junit] 	at sun.reflect.DelegatingMethodAccessorImpl.invoke(DelegatingMethodAccessorImpl.java:43)
    [junit] 	at java.lang.reflect.Method.invoke(Method.java:606)
    [junit] 	at junit.framework.TestCase.runTest(TestCase.java:154)
    [junit] 	at junit.framework.TestCase.runBare(TestCase.java:127)
    [junit] 	at junit.framework.TestResult$1.protect(TestResult.java:106)
    [junit] 	at junit.framework.TestResult.runProtected(TestResult.java:124)
    [junit] 	at junit.framework.TestResult.run(TestResult.java:109)
    [junit] 	at junit.framework.TestCase.run(TestCase.java:118)
    [junit] 	at junit.framework.TestSuite.runTest(TestSuite.java:208)
    [junit] 	at junit.framework.TestSuite.run(TestSuite.java:203)
    [junit] 	at junit.framework.TestSuite.runTest(TestSuite.java:208)
    [junit] 	at junit.framework.TestSuite.run(TestSuite.java:203)
    [junit] 	at junit.textui.TestRunner.doRun(TestRunner.java:116)
    [junit] 	at junit.textui.TestRunner.start(TestRunner.java:172)
    [junit] 	at junit.textui.TestRunner.main(TestRunner.java:138)
    [junit] 
    [junit] ..
    [junit] .........................................
    [junit] .........................................
    [junit] .........................................
    [junit] .........................................
    [junit] .........................................
    [junit] .........................................
    [junit] .........................................
    [junit] .........................................
    [junit] .........................................
    [junit] .........................................
    [junit] .........................................
    [junit] .........................................
    [junit] .........................................
    [junit] .........................................
    [junit] .........................................
    [junit] ....................Oct 20, 2014 5:22:28 PM com.google.inject.spi.InjectionPoint getInjectionPoints
    [junit] WARNING: Method: public void com.google.inject.spi.InjectionPointTest$Sub.atInject() is not annotated with @Inject but is overriding a method that is annotated with @javax.inject.Inject.  Because it is not annotated with @Inject, the method will not be injected. To fix this, annotate the method with @Inject.
    [junit] Oct 20, 2014 5:22:28 PM com.google.inject.spi.InjectionPoint getInjectionPoints
    [junit] WARNING: Method: public void com.google.inject.spi.InjectionPointTest$Sub.atInject() is not annotated with @Inject but is overriding a method that is annotated with @javax.inject.Inject.  Because it is not annotated with @Inject, the method will not be injected. To fix this, annotate the method with @Inject.
    [junit] Oct 20, 2014 5:22:28 PM com.google.inject.spi.InjectionPoint getInjectionPoints
    [junit] WARNING: Method: public void com.google.inject.spi.InjectionPointTest$SubSub.privateGAndPublicAt() is not annotated with @Inject but is overriding a method that is annotated with @javax.inject.Inject.  Because it is not annotated with @Inject, the method will not be injected. To fix this, annotate the method with @Inject.
    [junit] .....................
    [junit] .........................................
    [junit] .........................................
    [junit] .........................aopalliance.jar 9 4574
    [junit] javax.inject.jar 6 2841
    [junit] Should not skip: ^
    [junit] Should not skip: ^
    [junit] Should not skip: ^
    [junit] Should not skip: ^
    [junit] Should not skip: ^
    [junit] Should not skip: ^
    [junit] Should not skip: ^
    [junit] Should not skip: ^
    [junit] Should not skip: ^
    [junit] Should not skip: ^
    [junit] Should not skip: ^
    [junit] guava.jar 1675 2199487
    [junit] osgitests.jar 28 20417
    [junit] ..............
    [junit] Time: 19.847
    [junit] 
    [junit] OK (859 tests)
    [junit] 

compile:

jar.withdeps:
   [jarjar] Building jar: /home/travis/build/google/guice/build/guice-with-deps.jar

manifest:
  [bndwrap] classes 339 426780
    [unjar] Expanding: /home/travis/build/google/guice/build/classes.bar into /home/travis/build/google/guice/build

jar:
      [jar] Building jar: /home/travis/build/google/guice/build/dist/guice-snapshot.jar

test.compile:

test.withdeps:
   [jarjar] Building jar: /home/travis/build/google/guice/build/guice-snapshot-tests.jar

test.dist.run:
    [junit] Oct 20, 2014 5:22:45 PM com.google.inject.spi.InjectionPoint getInjectionPoints
    [junit] WARNING: Method: protected void org.atinject.tck.auto.accessories.SpareTire.injectProtectedMethodForOverride() is not annotated with @Inject but is overriding a method that is annotated with @javax.inject.Inject.  Because it is not annotated with @Inject, the method will not be injected. To fix this, annotate the method with @Inject.
    [junit] Oct 20, 2014 5:22:45 PM com.google.inject.spi.InjectionPoint getInjectionPoints
    [junit] WARNING: Method: public void org.atinject.tck.auto.accessories.SpareTire.injectPublicMethodForOverride() is not annotated with @Inject but is overriding a method that is annotated with @javax.inject.Inject.  Because it is not annotated with @Inject, the method will not be injected. To fix this, annotate the method with @Inject.
    [junit] Oct 20, 2014 5:22:45 PM com.google.inject.spi.InjectionPoint getInjectionPoints
    [junit] WARNING: Method: void org.atinject.tck.auto.accessories.SpareTire.injectPackagePrivateMethod3() is not annotated with @Inject but is overriding a method that is annotated with @javax.inject.Inject.  Because it is not annotated with @Inject, the method will not be injected. To fix this, annotate the method with @Inject.
    [junit] Oct 20, 2014 5:22:45 PM com.google.inject.spi.InjectionPoint getInjectionPoints
    [junit] WARNING: Method: public void org.atinject.tck.auto.GasEngine.injectTwiceOverriddenWithOmissionInMiddle() is not annotated with @Inject but is overriding a method that is annotated with @javax.inject.Inject.  Because it is not annotated with @Inject, the method will not be injected. To fix this, annotate the method with @Inject.
    [junit] Oct 20, 2014 5:22:45 PM com.google.inject.spi.InjectionPoint getInjectionPoints
    [junit] WARNING: Method: void org.atinject.tck.auto.V8Engine.injectPackagePrivateMethodForOverride() is not annotated with @Inject but is overriding a method that is annotated with @javax.inject.Inject.  Because it is not annotated with @Inject, the method will not be injected. To fix this, annotate the method with @Inject.
    [junit] Oct 20, 2014 5:22:45 PM com.google.inject.spi.InjectionPoint getInjectionPoints
    [junit] WARNING: Method: public void org.atinject.tck.auto.V8Engine.injectQualifiers(org.atinject.tck.auto.Seat,org.atinject.tck.auto.Seat,org.atinject.tck.auto.Tire,org.atinject.tck.auto.Tire) is not annotated with @Inject but is overriding a method that is annotated with @javax.inject.Inject.  Because it is not annotated with @Inject, the method will not be injected. To fix this, annotate the method with @Inject.
    [junit] Oct 20, 2014 5:22:45 PM com.google.inject.spi.InjectionPoint getInjectionPoints
    [junit] WARNING: Method: public void org.atinject.tck.auto.V8Engine.injectTwiceOverriddenWithOmissionInSubclass() is not annotated with @Inject but is overriding a method that is annotated with @javax.inject.Inject.  Because it is not annotated with @Inject, the method will not be injected. To fix this, annotate the method with @Inject.
    [junit] .........................................
    [junit] ................................com.google.inject.CreationException: Unable to create injector, see the following errors:
    [junit] 
    [junit] 1) A binding to com.google.inject.BinderTest$HasImplementedBy1 was already configured at com.google.inject.BinderTest$19.configure(BinderTest.java:347).
    [junit]   at com.google.inject.BinderTest$19.configure(BinderTest.java:346)
    [junit] 
    [junit] 1 error
    [junit] 	at com.google.inject.internal.Errors.throwCreationExceptionIfErrorsExist(Errors.java:448)
    [junit] 	at com.google.inject.internal.InternalInjectorCreator.initializeStatically(InternalInjectorCreator.java:155)
    [junit] 	at com.google.inject.internal.InternalInjectorCreator.build(InternalInjectorCreator.java:107)
    [junit] 	at com.google.inject.Guice.createInjector(Guice.java:96)
    [junit] 	at com.google.inject.Guice.createInjector(Guice.java:73)
    [junit] 	at com.google.inject.Guice.createInjector(Guice.java:62)
    [junit] 	at com.google.inject.BinderTest.testSettingAtImplementedByTwice(BinderTest.java:343)
    [junit] 	at sun.reflect.NativeMethodAccessorImpl.invoke0(Native Method)
    [junit] 	at sun.reflect.NativeMethodAccessorImpl.invoke(NativeMethodAccessorImpl.java:57)
    [junit] 	at sun.reflect.DelegatingMethodAccessorImpl.invoke(DelegatingMethodAccessorImpl.java:43)
    [junit] 	at java.lang.reflect.Method.invoke(Method.java:606)
    [junit] 	at junit.framework.TestCase.runTest(TestCase.java:154)
    [junit] 	at junit.framework.TestCase.runBare(TestCase.java:127)
    [junit] 	at junit.framework.TestResult$1.protect(TestResult.java:106)
    [junit] 	at junit.framework.TestResult.runProtected(TestResult.java:124)
    [junit] 	at junit.framework.TestResult.run(TestResult.java:109)
    [junit] 	at junit.framework.TestCase.run(TestCase.java:118)
    [junit] 	at junit.framework.TestSuite.runTest(TestSuite.java:208)
    [junit] 	at junit.framework.TestSuite.run(TestSuite.java:203)
    [junit] 	at junit.framework.TestSuite.runTest(TestSuite.java:208)
    [junit] 	at junit.framework.TestSuite.run(TestSuite.java:203)
    [junit] 	at junit.textui.TestRunner.doRun(TestRunner.java:116)
    [junit] 	at junit.textui.TestRunner.start(TestRunner.java:172)
    [junit] 	at junit.textui.TestRunner.main(TestRunner.java:138)
    [junit] ......Oct 20, 2014 5:22:45 PM com.google.inject.internal.MessageProcessor visit
    [junit] INFO: An exception was caught and reported. Message: java.lang.IllegalArgumentException
    [junit] java.lang.IllegalArgumentException
    [junit] 	at com.google.inject.BinderTest$24.configure(BinderTest.java:450)
    [junit] 	at com.google.inject.AbstractModule.configure(AbstractModule.java:62)
    [junit] 	at com.google.inject.spi.Elements$RecordingBinder.install(Elements.java:253)
    [junit] 	at com.google.inject.spi.Elements.getElements(Elements.java:108)
    [junit] 	at com.google.inject.internal.InjectorShell$Builder.build(InjectorShell.java:135)
    [junit] 	at com.google.inject.internal.InternalInjectorCreator.build(InternalInjectorCreator.java:104)
    [junit] 	at com.google.inject.Guice.createInjector(Guice.java:96)
    [junit] 	at com.google.inject.Guice.createInjector(Guice.java:73)
    [junit] 	at com.google.inject.Guice.createInjector(Guice.java:62)
    [junit] 	at com.google.inject.BinderTest.testUserReportedErrorsAreAlsoLogged(BinderTest.java:447)
    [junit] 	at sun.reflect.NativeMethodAccessorImpl.invoke0(Native Method)
    [junit] 	at sun.reflect.NativeMethodAccessorImpl.invoke(NativeMethodAccessorImpl.java:57)
    [junit] 	at sun.reflect.DelegatingMethodAccessorImpl.invoke(DelegatingMethodAccessorImpl.java:43)
    [junit] 	at java.lang.reflect.Method.invoke(Method.java:606)
    [junit] 	at junit.framework.TestCase.runTest(TestCase.java:154)
    [junit] 	at junit.framework.TestCase.runBare(TestCase.java:127)
    [junit] 	at junit.framework.TestResult$1.protect(TestResult.java:106)
    [junit] 	at junit.framework.TestResult.runProtected(TestResult.java:124)
    [junit] 	at junit.framework.TestResult.run(TestResult.java:109)
    [junit] 	at junit.framework.TestCase.run(TestCase.java:118)
    [junit] 	at junit.framework.TestSuite.runTest(TestSuite.java:208)
    [junit] 	at junit.framework.TestSuite.run(TestSuite.java:203)
    [junit] 	at junit.framework.TestSuite.runTest(TestSuite.java:208)
    [junit] 	at junit.framework.TestSuite.run(TestSuite.java:203)
    [junit] 	at junit.textui.TestRunner.doRun(TestRunner.java:116)
    [junit] 	at junit.textui.TestRunner.start(TestRunner.java:172)
    [junit] 	at junit.textui.TestRunner.main(TestRunner.java:138)
    [junit] 
    [junit] ...
    [junit] .........................................
    [junit] .........................................
    [junit] .........................................
    [junit] .........................................
    [junit] .........................................
    [junit] .........................................
    [junit] .........................................
    [junit] .........................................
    [junit] .........................................
    [junit] .........................................
    [junit] .........................................
    [junit] .........................................
    [junit] .........................................
    [junit] .........................................
    [junit] .........................................
    [junit] ..........Oct 20, 2014 5:22:57 PM com.google.inject.spi.InjectionPoint getInjectionPoints
    [junit] WARNING: Method: public void com.google.inject.spi.InjectionPointTest$Sub.atInject() is not annotated with @Inject but is overriding a method that is annotated with @javax.inject.Inject.  Because it is not annotated with @Inject, the method will not be injected. To fix this, annotate the method with @Inject.
    [junit] Oct 20, 2014 5:22:57 PM com.google.inject.spi.InjectionPoint getInjectionPoints
    [junit] WARNING: Method: public void com.google.inject.spi.InjectionPointTest$Sub.atInject() is not annotated with @Inject but is overriding a method that is annotated with @javax.inject.Inject.  Because it is not annotated with @Inject, the method will not be injected. To fix this, annotate the method with @Inject.
    [junit] Oct 20, 2014 5:22:57 PM com.google.inject.spi.InjectionPoint getInjectionPoints
    [junit] WARNING: Method: public void com.google.inject.spi.InjectionPointTest$SubSub.privateGAndPublicAt() is not annotated with @Inject but is overriding a method that is annotated with @javax.inject.Inject.  Because it is not annotated with @Inject, the method will not be injected. To fix this, annotate the method with @Inject.
    [junit] ...............................
    [junit] .........................................
    [junit] .........................................
    [junit] .........................aopalliance.jar 9 4574
    [junit] javax.inject.jar 6 2842
    [junit] Should not skip: ^
    [junit] Should not skip: ^
    [junit] Should not skip: ^
    [junit] Should not skip: ^
    [junit] Should not skip: ^
    [junit] Should not skip: ^
    [junit] Should not skip: ^
    [junit] Should not skip: ^
    [junit] Should not skip: ^
    [junit] Should not skip: ^
    [junit] Should not skip: ^
    [junit] guava.jar 1675 2199487
    [junit] osgitests.jar 28 20417
    [junit] ..............
    [junit] Time: 20.504
    [junit] 
    [junit] OK (859 tests)
    [junit] 

BUILD SUCCESSFUL
Total time: 2 minutes 0 seconds
travis_time:end:284f88d2:start=1413825664107053369,finish=1413825787380499811,duration=123273446442[0K
[32;1mThe command "${CMD}" exited with 0.[0m
travis_fold:start:after_success.1[0Ktravis_time:start:095b6a10[0K$ util/generate-latest-docs.sh
/home/travis/build.sh: line 41: util/generate-latest-docs.sh: Permission denied
travis_time:end:095b6a10:start=1413825787391536665,finish=1413825787400410302,duration=8873637[0Ktravis_fold:end:after_success.1[0Ktravis_fold:start:after_success.2[0Ktravis_time:start:0eec719c[0K$ util/compareBuilds.sh
/home/travis/build.sh: line 41: util/compareBuilds.sh: Permission denied
travis_time:end:0eec719c:start=1413825787408978585,finish=1413825787419440293,duration=10461708[0Ktravis_fold:end:after_success.2[0Ktravis_fold:start:after_success.3[0Ktravis_time:start:032594f4[0K$ util/publish-snapshot-on-commit.sh
/home/travis/build.sh: line 41: util/publish-snapshot-on-commit.sh: Permission denied
travis_time:end:032594f4:start=1413825787429339317,finish=1413825787438076345,duration=8737028[0Ktravis_fold:end:after_success.3[0K
Done. Your build exited with 0.
