Using worker: worker-linux-8-2.bb.travis-ci.org:travis-linux-3

travis_fold:start:git.1[0Ktravis_time:start:1e2c496c[0K$ git clone --depth=50 git://github.com/google/guice.git google/guice
Cloning into 'google/guice'...
remote: Counting objects: 3190, done.[K
remote: Compressing objects:   0% (1/1943)   [Kremote: Compressing objects:   1% (20/1943)   [Kremote: Compressing objects:   2% (39/1943)   [Kremote: Compressing objects:   3% (59/1943)   [Kremote: Compressing objects:   4% (78/1943)   [Kremote: Compressing objects:   5% (98/1943)   [Kremote: Compressing objects:   6% (117/1943)   [Kremote: Compressing objects:   7% (137/1943)   [Kremote: Compressing objects:   8% (156/1943)   [Kremote: Compressing objects:   9% (175/1943)   [Kremote: Compressing objects:  10% (195/1943)   [Kremote: Compressing objects:  11% (214/1943)   [Kremote: Compressing objects:  12% (234/1943)   [Kremote: Compressing objects:  13% (253/1943)   [Kremote: Compressing objects:  14% (273/1943)   [Kremote: Compressing objects:  15% (292/1943)   [Kremote: Compressing objects:  16% (311/1943)   [Kremote: Compressing objects:  17% (331/1943)   [Kremote: Compressing objects:  18% (350/1943)   [Kremote: Compressing objects:  19% (370/1943)   [Kremote: Compressing objects:  20% (389/1943)   [Kremote: Compressing objects:  21% (409/1943)   [Kremote: Compressing objects:  22% (428/1943)   [Kremote: Compressing objects:  23% (447/1943)   [Kremote: Compressing objects:  24% (467/1943)   [Kremote: Compressing objects:  25% (486/1943)   [Kremote: Compressing objects:  26% (506/1943)   [Kremote: Compressing objects:  27% (525/1943)   [Kremote: Compressing objects:  28% (545/1943)   [Kremote: Compressing objects:  29% (564/1943)   [Kremote: Compressing objects:  30% (583/1943)   [Kremote: Compressing objects:  31% (603/1943)   [Kremote: Compressing objects:  32% (622/1943)   [Kremote: Compressing objects:  33% (642/1943)   [Kremote: Compressing objects:  34% (661/1943)   [Kremote: Compressing objects:  35% (681/1943)   [Kremote: Compressing objects:  36% (700/1943)   [Kremote: Compressing objects:  37% (719/1943)   [Kremote: Compressing objects:  38% (739/1943)   [Kremote: Compressing objects:  39% (758/1943)   [Kremote: Compressing objects:  40% (778/1943)   [Kremote: Compressing objects:  41% (797/1943)   [Kremote: Compressing objects:  42% (817/1943)   [Kremote: Compressing objects:  43% (836/1943)   [Kremote: Compressing objects:  44% (855/1943)   [Kremote: Compressing objects:  45% (875/1943)   [Kremote: Compressing objects:  46% (894/1943)   [Kremote: Compressing objects:  47% (914/1943)   [Kremote: Compressing objects:  48% (933/1943)   [Kremote: Compressing objects:  49% (953/1943)   [Kremote: Compressing objects:  50% (972/1943)   [Kremote: Compressing objects:  51% (991/1943)   [Kremote: Compressing objects:  52% (1011/1943)   [Kremote: Compressing objects:  53% (1030/1943)   [Kremote: Compressing objects:  54% (1050/1943)   [Kremote: Compressing objects:  55% (1069/1943)   [Kremote: Compressing objects:  56% (1089/1943)   [Kremote: Compressing objects:  57% (1108/1943)   [Kremote: Compressing objects:  58% (1127/1943)   [Kremote: Compressing objects:  59% (1147/1943)   [Kremote: Compressing objects:  60% (1166/1943)   [Kremote: Compressing objects:  61% (1186/1943)   [Kremote: Compressing objects:  62% (1205/1943)   [Kremote: Compressing objects:  63% (1225/1943)   [Kremote: Compressing objects:  64% (1244/1943)   [Kremote: Compressing objects:  65% (1263/1943)   [Kremote: Compressing objects:  66% (1283/1943)   [Kremote: Compressing objects:  67% (1302/1943)   [Kremote: Compressing objects:  68% (1322/1943)   [Kremote: Compressing objects:  69% (1341/1943)   [Kremote: Compressing objects:  70% (1361/1943)   [Kremote: Compressing objects:  71% (1380/1943)   [Kremote: Compressing objects:  72% (1399/1943)   [Kremote: Compressing objects:  73% (1419/1943)   [Kremote: Compressing objects:  74% (1438/1943)   [Kremote: Compressing objects:  75% (1458/1943)   [Kremote: Compressing objects:  76% (1477/1943)   [Kremote: Compressing objects:  77% (1497/1943)   [Kremote: Compressing objects:  78% (1516/1943)   [Kremote: Compressing objects:  79% (1535/1943)   [Kremote: Compressing objects:  80% (1555/1943)   [Kremote: Compressing objects:  81% (1574/1943)   [Kremote: Compressing objects:  82% (1594/1943)   [Kremote: Compressing objects:  83% (1613/1943)   [Kremote: Compressing objects:  84% (1633/1943)   [Kremote: Compressing objects:  85% (1652/1943)   [Kremote: Compressing objects:  86% (1671/1943)   [Kremote: Compressing objects:  87% (1691/1943)   [Kremote: Compressing objects:  88% (1710/1943)   [Kremote: Compressing objects:  89% (1730/1943)   [Kremote: Compressing objects:  90% (1749/1943)   [Kremote: Compressing objects:  91% (1769/1943)   [Kremote: Compressing objects:  92% (1788/1943)   [Kremote: Compressing objects:  93% (1807/1943)   [Kremote: Compressing objects:  94% (1827/1943)   [Kremote: Compressing objects:  95% (1846/1943)   [Kremote: Compressing objects:  96% (1866/1943)   [Kremote: Compressing objects:  97% (1885/1943)   [Kremote: Compressing objects:  98% (1905/1943)   [Kremote: Compressing objects:  99% (1924/1943)   [Kremote: Compressing objects: 100% (1943/1943)   [Kremote: Compressing objects: 100% (1943/1943), done.[K
Receiving objects:   0% (1/3190)   Receiving objects:   1% (32/3190)   Receiving objects:   2% (64/3190)   Receiving objects:   3% (96/3190)   Receiving objects:   4% (128/3190)   Receiving objects:   5% (160/3190)   Receiving objects:   6% (192/3190)   Receiving objects:   7% (224/3190)   Receiving objects:   8% (256/3190)   Receiving objects:   9% (288/3190)   Receiving objects:  10% (319/3190)   Receiving objects:  11% (351/3190)   Receiving objects:  12% (383/3190)   Receiving objects:  13% (415/3190)   Receiving objects:  14% (447/3190)   Receiving objects:  15% (479/3190)   Receiving objects:  16% (511/3190)   Receiving objects:  17% (543/3190)   Receiving objects:  18% (575/3190)   Receiving objects:  19% (607/3190)   Receiving objects:  20% (638/3190)   Receiving objects:  21% (670/3190)   Receiving objects:  22% (702/3190)   Receiving objects:  23% (734/3190)   Receiving objects:  24% (766/3190)   Receiving objects:  25% (798/3190)   Receiving objects:  26% (830/3190)   Receiving objects:  27% (862/3190)   Receiving objects:  28% (894/3190)   Receiving objects:  29% (926/3190)   Receiving objects:  30% (957/3190)   Receiving objects:  30% (973/3190), 13.77 MiB | 13.45 MiB/s   Receiving objects:  31% (989/3190), 13.77 MiB | 13.45 MiB/s   Receiving objects:  32% (1021/3190), 13.77 MiB | 13.45 MiB/s   Receiving objects:  33% (1053/3190), 13.77 MiB | 13.45 MiB/s   Receiving objects:  33% (1084/3190), 21.57 MiB | 10.62 MiB/s   Receiving objects:  34% (1085/3190), 21.57 MiB | 10.62 MiB/s   Receiving objects:  35% (1117/3190), 21.57 MiB | 10.62 MiB/s   Receiving objects:  36% (1149/3190), 21.57 MiB | 10.62 MiB/s   Receiving objects:  37% (1181/3190), 21.57 MiB | 10.62 MiB/s   Receiving objects:  38% (1213/3190), 21.57 MiB | 10.62 MiB/s   Receiving objects:  39% (1245/3190), 21.57 MiB | 10.62 MiB/s   Receiving objects:  40% (1276/3190), 21.57 MiB | 10.62 MiB/s   Receiving objects:  41% (1308/3190), 21.57 MiB | 10.62 MiB/s   Receiving objects:  42% (1340/3190), 21.57 MiB | 10.62 MiB/s   Receiving objects:  43% (1372/3190), 21.57 MiB | 10.62 MiB/s   Receiving objects:  44% (1404/3190), 21.57 MiB | 10.62 MiB/s   Receiving objects:  45% (1436/3190), 21.57 MiB | 10.62 MiB/s   Receiving objects:  46% (1468/3190), 21.57 MiB | 10.62 MiB/s   Receiving objects:  47% (1500/3190), 21.57 MiB | 10.62 MiB/s   Receiving objects:  48% (1532/3190), 21.57 MiB | 10.62 MiB/s   Receiving objects:  49% (1564/3190), 21.57 MiB | 10.62 MiB/s   Receiving objects:  50% (1595/3190), 21.57 MiB | 10.62 MiB/s   Receiving objects:  51% (1627/3190), 21.57 MiB | 10.62 MiB/s   Receiving objects:  52% (1659/3190), 21.57 MiB | 10.62 MiB/s   Receiving objects:  53% (1691/3190), 21.57 MiB | 10.62 MiB/s   Receiving objects:  54% (1723/3190), 21.57 MiB | 10.62 MiB/s   Receiving objects:  55% (1755/3190), 21.57 MiB | 10.62 MiB/s   Receiving objects:  56% (1787/3190), 21.57 MiB | 10.62 MiB/s   Receiving objects:  57% (1819/3190), 21.57 MiB | 10.62 MiB/s   Receiving objects:  58% (1851/3190), 21.57 MiB | 10.62 MiB/s   Receiving objects:  59% (1883/3190), 21.57 MiB | 10.62 MiB/s   Receiving objects:  60% (1914/3190), 21.57 MiB | 10.62 MiB/s   Receiving objects:  61% (1946/3190), 21.57 MiB | 10.62 MiB/s   Receiving objects:  62% (1978/3190), 21.57 MiB | 10.62 MiB/s   Receiving objects:  63% (2010/3190), 21.57 MiB | 10.62 MiB/s   Receiving objects:  64% (2042/3190), 21.57 MiB | 10.62 MiB/s   Receiving objects:  65% (2074/3190), 21.57 MiB | 10.62 MiB/s   Receiving objects:  66% (2106/3190), 21.57 MiB | 10.62 MiB/s   Receiving objects:  67% (2138/3190), 21.57 MiB | 10.62 MiB/s   Receiving objects:  68% (2170/3190), 21.57 MiB | 10.62 MiB/s   Receiving objects:  69% (2202/3190), 21.57 MiB | 10.62 MiB/s   Receiving objects:  70% (2233/3190), 21.57 MiB | 10.62 MiB/s   Receiving objects:  71% (2265/3190), 21.57 MiB | 10.62 MiB/s   Receiving objects:  72% (2297/3190), 21.57 MiB | 10.62 MiB/s   Receiving objects:  73% (2329/3190), 21.57 MiB | 10.62 MiB/s   Receiving objects:  74% (2361/3190), 21.57 MiB | 10.62 MiB/s   Receiving objects:  75% (2393/3190), 21.57 MiB | 10.62 MiB/s   Receiving objects:  76% (2425/3190), 21.57 MiB | 10.62 MiB/s   Receiving objects:  77% (2457/3190), 21.57 MiB | 10.62 MiB/s   Receiving objects:  78% (2489/3190), 21.57 MiB | 10.62 MiB/s   Receiving objects:  79% (2521/3190), 21.57 MiB | 10.62 MiB/s   Receiving objects:  80% (2552/3190), 21.57 MiB | 10.62 MiB/s   Receiving objects:  81% (2584/3190), 21.57 MiB | 10.62 MiB/s   Receiving objects:  82% (2616/3190), 21.57 MiB | 10.62 MiB/s   Receiving objects:  83% (2648/3190), 21.57 MiB | 10.62 MiB/s   Receiving objects:  84% (2680/3190), 21.57 MiB | 10.62 MiB/s   Receiving objects:  85% (2712/3190), 21.57 MiB | 10.62 MiB/s   Receiving objects:  86% (2744/3190), 21.57 MiB | 10.62 MiB/s   Receiving objects:  87% (2776/3190), 21.57 MiB | 10.62 MiB/s   Receiving objects:  88% (2808/3190), 21.57 MiB | 10.62 MiB/s   Receiving objects:  89% (2840/3190), 21.57 MiB | 10.62 MiB/s   Receiving objects:  90% (2871/3190), 21.57 MiB | 10.62 MiB/s   Receiving objects:  91% (2903/3190), 21.57 MiB | 10.62 MiB/s   Receiving objects:  92% (2935/3190), 21.57 MiB | 10.62 MiB/s   Receiving objects:  93% (2967/3190), 21.57 MiB | 10.62 MiB/s   Receiving objects:  94% (2999/3190), 21.57 MiB | 10.62 MiB/s   Receiving objects:  95% (3031/3190), 21.57 MiB | 10.62 MiB/s   remote: Total 3190 (delta 1486), reused 2198 (delta 780)[K
Receiving objects:  96% (3063/3190), 21.57 MiB | 10.62 MiB/s   Receiving objects:  97% (3095/3190), 21.57 MiB | 10.62 MiB/s   Receiving objects:  98% (3127/3190), 21.57 MiB | 10.62 MiB/s   Receiving objects:  99% (3159/3190), 21.57 MiB | 10.62 MiB/s   Receiving objects: 100% (3190/3190), 21.57 MiB | 10.62 MiB/s   Receiving objects: 100% (3190/3190), 25.31 MiB | 10.62 MiB/s, done.
Resolving deltas:   0% (0/1486)   Resolving deltas:   1% (26/1486)   Resolving deltas:   2% (30/1486)   Resolving deltas:   3% (50/1486)   Resolving deltas:   4% (60/1486)   Resolving deltas:   6% (96/1486)   Resolving deltas:   7% (106/1486)   Resolving deltas:   8% (122/1486)   Resolving deltas:   9% (135/1486)   Resolving deltas:  10% (149/1486)   Resolving deltas:  11% (164/1486)   Resolving deltas:  12% (179/1486)   Resolving deltas:  13% (194/1486)   Resolving deltas:  14% (210/1486)   Resolving deltas:  15% (224/1486)   Resolving deltas:  16% (241/1486)   Resolving deltas:  17% (253/1486)   Resolving deltas:  18% (269/1486)   Resolving deltas:  19% (286/1486)   Resolving deltas:  20% (304/1486)   Resolving deltas:  21% (313/1486)   Resolving deltas:  22% (327/1486)   Resolving deltas:  23% (347/1486)   Resolving deltas:  24% (357/1486)   Resolving deltas:  25% (372/1486)   Resolving deltas:  26% (388/1486)   Resolving deltas:  27% (414/1486)   Resolving deltas:  28% (419/1486)   Resolving deltas:  29% (432/1486)   Resolving deltas:  30% (447/1486)   Resolving deltas:  31% (464/1486)   Resolving deltas:  32% (476/1486)   Resolving deltas:  33% (491/1486)   Resolving deltas:  34% (506/1486)   Resolving deltas:  35% (524/1486)   Resolving deltas:  36% (536/1486)   Resolving deltas:  37% (550/1486)   Resolving deltas:  38% (579/1486)   Resolving deltas:  39% (590/1486)   Resolving deltas:  40% (601/1486)   Resolving deltas:  41% (610/1486)   Resolving deltas:  42% (626/1486)   Resolving deltas:  44% (654/1486)   Resolving deltas:  45% (669/1486)   Resolving deltas:  46% (684/1486)   Resolving deltas:  47% (699/1486)   Resolving deltas:  48% (719/1486)   Resolving deltas:  49% (741/1486)   Resolving deltas:  50% (748/1486)   Resolving deltas:  51% (760/1486)   Resolving deltas:  52% (774/1486)   Resolving deltas:  53% (788/1486)   Resolving deltas:  54% (807/1486)   Resolving deltas:  55% (820/1486)   Resolving deltas:  56% (837/1486)   Resolving deltas:  57% (850/1486)   Resolving deltas:  58% (862/1486)   Resolving deltas:  59% (879/1486)   Resolving deltas:  60% (899/1486)   Resolving deltas:  61% (907/1486)   Resolving deltas:  62% (927/1486)   Resolving deltas:  63% (937/1486)   Resolving deltas:  64% (953/1486)   Resolving deltas:  65% (966/1486)   Resolving deltas:  66% (987/1486)   Resolving deltas:  67% (1001/1486)   Resolving deltas:  68% (1020/1486)   Resolving deltas:  71% (1068/1486)   Resolving deltas:  73% (1093/1486)   Resolving deltas:  74% (1106/1486)   Resolving deltas:  75% (1120/1486)   Resolving deltas:  76% (1144/1486)   Resolving deltas:  78% (1163/1486)   Resolving deltas:  79% (1174/1486)   Resolving deltas:  84% (1251/1486)   Resolving deltas:  85% (1266/1486)   Resolving deltas:  86% (1284/1486)   Resolving deltas:  87% (1295/1486)   Resolving deltas:  88% (1309/1486)   Resolving deltas:  89% (1332/1486)   Resolving deltas:  90% (1350/1486)   Resolving deltas:  91% (1355/1486)   Resolving deltas:  92% (1368/1486)   Resolving deltas:  93% (1385/1486)   Resolving deltas:  94% (1397/1486)   Resolving deltas:  95% (1412/1486)   Resolving deltas:  96% (1427/1486)   Resolving deltas:  97% (1443/1486)   Resolving deltas:  98% (1457/1486)   Resolving deltas:  99% (1473/1486)   Resolving deltas: 100% (1486/1486)   Resolving deltas: 100% (1486/1486), done.
Checking connectivity... done.
travis_time:end:1e2c496c:start=1415288977441561119,finish=1415288980753171370,duration=3311610251[0Ktravis_fold:end:git.1[0K$ cd google/guice
travis_fold:start:git.4[0Ktravis_time:start:155acbf7[0K$ git fetch origin +refs/pull/873/merge:
remote: Counting objects: 31, done.[K
remote: Compressing objects:   5% (1/18)   [Kremote: Compressing objects:  11% (2/18)   [Kremote: Compressing objects:  16% (3/18)   [Kremote: Compressing objects:  22% (4/18)   [Kremote: Compressing objects:  27% (5/18)   [Kremote: Compressing objects:  33% (6/18)   [Kremote: Compressing objects:  38% (7/18)   [Kremote: Compressing objects:  44% (8/18)   [Kremote: Compressing objects:  50% (9/18)   [Kremote: Compressing objects:  55% (10/18)   [Kremote: Compressing objects:  61% (11/18)   [Kremote: Compressing objects:  66% (12/18)   [Kremote: Compressing objects:  72% (13/18)   [Kremote: Compressing objects:  77% (14/18)   [Kremote: Compressing objects:  83% (15/18)   [Kremote: Compressing objects:  88% (16/18)   [Kremote: Compressing objects:  94% (17/18)   [Kremote: Compressing objects: 100% (18/18)   [Kremote: Compressing objects: 100% (18/18), done.[K
remote: Total 31 (delta 17), reused 17 (delta 5)[K
Unpacking objects:   3% (1/31)   Unpacking objects:   6% (2/31)   Unpacking objects:   9% (3/31)   Unpacking objects:  12% (4/31)   Unpacking objects:  16% (5/31)   Unpacking objects:  19% (6/31)   Unpacking objects:  22% (7/31)   Unpacking objects:  25% (8/31)   Unpacking objects:  29% (9/31)   Unpacking objects:  32% (10/31)   Unpacking objects:  35% (11/31)   Unpacking objects:  38% (12/31)   Unpacking objects:  41% (13/31)   Unpacking objects:  45% (14/31)   Unpacking objects:  48% (15/31)   Unpacking objects:  51% (16/31)   Unpacking objects:  54% (17/31)   Unpacking objects:  58% (18/31)   Unpacking objects:  61% (19/31)   Unpacking objects:  64% (20/31)   Unpacking objects:  67% (21/31)   Unpacking objects:  70% (22/31)   Unpacking objects:  74% (23/31)   Unpacking objects:  77% (24/31)   Unpacking objects:  80% (25/31)   Unpacking objects:  83% (26/31)   Unpacking objects:  87% (27/31)   Unpacking objects:  90% (28/31)   Unpacking objects:  93% (29/31)   Unpacking objects:  96% (30/31)   Unpacking objects: 100% (31/31)   Unpacking objects: 100% (31/31), done.
From git://github.com/google/guice
 * branch            refs/pull/873/merge -> FETCH_HEAD
travis_time:end:155acbf7:start=1415288980761917487,finish=1415288980906925443,duration=145007956[0Ktravis_fold:end:git.4[0Ktravis_fold:start:git.5[0K$ git checkout -qf FETCH_HEAD
travis_fold:end:git.5[0K
[33;1mSetting environment variables from .travis.yml[0m
$ export LABEL=ant
$ export CMD="ant dist test.dist"
$ export INSTALL="/bin/true"

$ jdk_switcher use openjdk6
Switching to OpenJDK6 (java-1.6.0-openjdk-amd64), JAVA_HOME will be set to /usr/lib/jvm/java-6-openjdk-amd64
$ java -version
java version "1.6.0_33"
OpenJDK Runtime Environment (IcedTea6 1.13.5) (6b33-1.13.5-1ubuntu0.12.04)
OpenJDK 64-Bit Server VM (build 23.25-b01, mixed mode)
$ javac -version
javac 1.6.0_33
travis_fold:start:install[0Ktravis_time:start:000a4b6e[0K$ ${INSTALL}
travis_time:end:000a4b6e:start=1415288981900023057,finish=1415288981907706150,duration=7683093[0Ktravis_fold:end:install[0Ktravis_time:start:04711d8f[0K$ ${CMD}
Buildfile: /home/travis/build/google/guice/build.xml

source.jar:
    [mkdir] Created dir: /home/travis/build/google/guice/build
      [zip] Building zip: /home/travis/build/google/guice/build/guice-snapshot-src.jar

compile:
    [mkdir] Created dir: /home/travis/build/google/guice/build/classes
    [javac] Compiling 189 source files to /home/travis/build/google/guice/build/classes
    [javac] /home/travis/build/google/guice/core/src/com/google/inject/internal/Annotations.java:90: warning: [unchecked] unchecked cast
    [javac] found   : java.lang.annotation.Annotation
    [javac] required: T
    [javac]     return (T)cache.getUnchecked(annotationType);
    [javac]                                 ^
    [javac] /home/travis/build/google/guice/core/src/com/google/inject/internal/Annotations.java:242: warning: [unchecked] unchecked generic array creation of type java.lang.Class<? extends java.lang.annotation.Annotation>[] for varargs parameter
    [javac]       Arrays.asList(ScopeAnnotation.class, javax.inject.Scope.class));
    [javac]                    ^
    [javac] /home/travis/build/google/guice/core/src/com/google/inject/internal/Annotations.java:295: warning: [unchecked] unchecked generic array creation of type java.lang.Class<? extends java.lang.annotation.Annotation>[] for varargs parameter
    [javac]       Arrays.asList(BindingAnnotation.class, Qualifier.class));
    [javac]                    ^
    [javac] /home/travis/build/google/guice/core/src/com/google/inject/internal/ProvisionListenerStackCallback.java:39: warning: [unchecked] unchecked call to ProvisionListenerStackCallback(com.google.inject.Binding<T>,java.util.List<com.google.inject.spi.ProvisionListener>) as a member of the raw type com.google.inject.internal.ProvisionListenerStackCallback
    [javac]       new ProvisionListenerStackCallback(null /* unused, so ok */, ImmutableList.of());
    [javac]       ^
    [javac] /home/travis/build/google/guice/core/src/com/google/inject/internal/BindingBuilder.java:100: warning: [unchecked] unchecked cast
    [javac] found   : com.google.inject.Provider<capture#315 of ? extends T>
    [javac] required: javax.inject.Provider<T>
    [javac]     return toProvider((javax.inject.Provider<T>) provider);
    [javac]                                                  ^
    [javac] /home/travis/build/google/guice/core/src/com/google/inject/internal/ProviderInstanceBindingImpl.java:66: warning: [deprecation] getProviderInstance() in com.google.inject.spi.ProviderInstanceBinding has been deprecated
    [javac]   public Provider<? extends T> getProviderInstance() {
    [javac]                                ^
    [javac] 6 warnings
    [javac] Creating empty /home/travis/build/google/guice/build/classes/com/google/inject/spi/package-info.class
    [javac] Creating empty /home/travis/build/google/guice/build/classes/com/google/inject/name/package-info.class
    [javac] Creating empty /home/travis/build/google/guice/build/classes/com/google/inject/package-info.class
    [javac] Creating empty /home/travis/build/google/guice/build/classes/com/google/inject/binder/package-info.class
    [javac] Creating empty /home/travis/build/google/guice/build/classes/com/google/inject/matcher/package-info.class
    [javac] Creating empty /home/travis/build/google/guice/build/classes/com/google/inject/util/package-info.class
    [javac] Creating empty /home/travis/build/google/guice/build/classes/com/google/inject/internal/package-info.class

jar.withdeps:
    [mkdir] Created dir: /home/travis/build/google/guice/build/dist
   [jarjar] Building jar: /home/travis/build/google/guice/build/guice-with-deps.jar

manifest:
  [bndwrap] classes 339 0
    [unjar] Expanding: /home/travis/build/google/guice/build/classes.bar into /home/travis/build/google/guice/build

jar:
      [jar] Building jar: /home/travis/build/google/guice/build/dist/guice-snapshot.jar

distjars:

javadoc:
  [javadoc] Generating Javadoc
  [javadoc] Javadoc execution
  [javadoc] javadoc: error - invalid flag: -Xdoclint:none
  [javadoc] usage: javadoc [options] [packagenames] [sourcefiles] [@files]
  [javadoc] -overview <file>          Read overview documentation from HTML file
  [javadoc] -public                   Show only public classes and members
  [javadoc] -protected                Show protected/public classes and members (default)
  [javadoc] -package                  Show package/protected/public classes and members
  [javadoc] -private                  Show all classes and members
  [javadoc] -help                     Display command line options and exit
  [javadoc] -doclet <class>           Generate output via alternate doclet
  [javadoc] -docletpath <path>        Specify where to find doclet class files
  [javadoc] -sourcepath <pathlist>    Specify where to find source files
  [javadoc] -classpath <pathlist>     Specify where to find user class files
  [javadoc] -exclude <pkglist>        Specify a list of packages to exclude
  [javadoc] -subpackages <subpkglist> Specify subpackages to recursively load
  [javadoc] -breakiterator            Compute 1st sentence with BreakIterator
  [javadoc] -bootclasspath <pathlist> Override location of class files loaded
  [javadoc] 			  by the bootstrap class loader
  [javadoc] -source <release>         Provide source compatibility with specified release
  [javadoc] -extdirs <dirlist>        Override location of installed extensions
  [javadoc] -verbose                  Output messages about what Javadoc is doing
  [javadoc] -locale <name>            Locale to be used, e.g. en_US or en_US_WIN
  [javadoc] -encoding <name>          Source file encoding name
  [javadoc] -quiet                    Do not display status messages
  [javadoc] -J<flag>                  Pass <flag> directly to the runtime system
  [javadoc] 
  [javadoc] Provided by Standard doclet:
  [javadoc] -d <directory>                    Destination directory for output files
  [javadoc] -use                              Create class and package usage pages
  [javadoc] -version                          Include @version paragraphs
  [javadoc] -author                           Include @author paragraphs
  [javadoc] -docfilessubdirs                  Recursively copy doc-file subdirectories
  [javadoc] -splitindex                       Split index into one file per letter
  [javadoc] -windowtitle <text>               Browser window title for the documenation
  [javadoc] -doctitle <html-code>             Include title for the overview page
  [javadoc] -header <html-code>               Include header text for each page
  [javadoc] -footer <html-code>               Include footer text for each page
  [javadoc] -top    <html-code>               Include top text for each page
  [javadoc] -bottom <html-code>               Include bottom text for each page
  [javadoc] -link <url>                       Create links to javadoc output at <url>
  [javadoc] -linkoffline <url> <url2>         Link to docs at <url> using package list at <url2>
  [javadoc] -excludedocfilessubdir <name1>:.. Exclude any doc-files subdirectories with given name.
  [javadoc] -group <name> <p1>:<p2>..         Group specified packages together in overview page
  [javadoc] -nocomment                        Supress description and tags, generate only declarations.
  [javadoc] -nodeprecated                     Do not include @deprecated information
  [javadoc] -noqualifier <name1>:<name2>:...  Exclude the list of qualifiers from the output.
  [javadoc] -nosince                          Do not include @since information
  [javadoc] -notimestamp                      Do not include hidden time stamp
  [javadoc] -nodeprecatedlist                 Do not generate deprecated list
  [javadoc] -notree                           Do not generate class hierarchy
  [javadoc] -noindex                          Do not generate index
  [javadoc] -nohelp                           Do not generate help link
  [javadoc] -nonavbar                         Do not generate navigation bar
  [javadoc] -serialwarn                       Generate warning about @serial tag
  [javadoc] -tag <name>:<locations>:<header>  Specify single argument custom tags
  [javadoc] -taglet                           The fully qualified name of Taglet to register
  [javadoc] -tagletpath                       The path to Taglets
  [javadoc] -charset <charset>                Charset for cross-platform viewing of generated documentation.
  [javadoc] -helpfile <file>                  Include file that help link links to
  [javadoc] -linksource                       Generate source in HTML
  [javadoc] -sourcetab <tab length>           Specify the number of spaces each tab takes up in the source
  [javadoc] -keywords                         Include HTML meta tags with package, class and member info
  [javadoc] -stylesheetfile <path>            File to change style of the generated documentation
  [javadoc] -docencoding <name>               Output encoding name
  [javadoc] 1 error

dist:

source.jar:
    [mkdir] Created dir: /home/travis/build/google/guice/extensions/servlet/build
      [zip] Building zip: /home/travis/build/google/guice/extensions/servlet/build/guice-servlet-snapshot-src.jar

compile:
    [mkdir] Created dir: /home/travis/build/google/guice/extensions/servlet/build/classes
    [javac] Compiling 37 source files to /home/travis/build/google/guice/extensions/servlet/build/classes
    [javac] Creating empty /home/travis/build/google/guice/extensions/servlet/build/classes/com/google/inject/servlet/package-info.class

manifest:
  [bndwrap] classes 69 0
    [unjar] Expanding: /home/travis/build/google/guice/extensions/servlet/build/classes.bar into /home/travis/build/google/guice/extensions/servlet/build

jar:
      [jar] Building jar: /home/travis/build/google/guice/extensions/servlet/build/guice-servlet-snapshot.jar

distjars:

source.jar:
    [mkdir] Created dir: /home/travis/build/google/guice/extensions/spring/build
      [zip] Building zip: /home/travis/build/google/guice/extensions/spring/build/guice-spring-snapshot-src.jar

compile:
    [mkdir] Created dir: /home/travis/build/google/guice/extensions/spring/build/classes
    [javac] Compiling 2 source files to /home/travis/build/google/guice/extensions/spring/build/classes
    [javac] Creating empty /home/travis/build/google/guice/extensions/spring/build/classes/com/google/inject/spring/package-info.class

manifest:
  [bndwrap] classes 4 0
    [unjar] Expanding: /home/travis/build/google/guice/extensions/spring/build/classes.bar into /home/travis/build/google/guice/extensions/spring/build

jar:
      [jar] Building jar: /home/travis/build/google/guice/extensions/spring/build/guice-spring-snapshot.jar

distjars:

source.jar:
    [mkdir] Created dir: /home/travis/build/google/guice/extensions/struts2/build
      [zip] Building zip: /home/travis/build/google/guice/extensions/struts2/build/guice-struts2-plugin-snapshot-src.jar

compile:
    [mkdir] Created dir: /home/travis/build/google/guice/extensions/struts2/build/classes
    [javac] Compiling 3 source files to /home/travis/build/google/guice/extensions/struts2/build/classes
    [javac] /home/travis/build/google/guice/extensions/struts2/src/com/google/inject/struts2/GuiceObjectFactory.java:185: warning: [unchecked] unchecked conversion
    [javac] found   : java.util.Map
    [javac] required: java.util.Map<java.lang.String,java.lang.String>
    [javac]     return super.buildInterceptor(interceptorConfig, interceptorRefParams);
    [javac]                                                      ^
    [javac] 1 warning
     [copy] Copying 1 file to /home/travis/build/google/guice/extensions/struts2/build/classes

manifest:
  [bndwrap] classes 8 0
    [unjar] Expanding: /home/travis/build/google/guice/extensions/struts2/build/classes.bar into /home/travis/build/google/guice/extensions/struts2/build

jar:
      [jar] Building jar: /home/travis/build/google/guice/extensions/struts2/build/guice-struts2-plugin-snapshot.jar

distjars:

source.jar:
    [mkdir] Created dir: /home/travis/build/google/guice/extensions/assistedinject/build
      [zip] Building zip: /home/travis/build/google/guice/extensions/assistedinject/build/guice-assistedinject-snapshot-src.jar

compile:
    [mkdir] Created dir: /home/travis/build/google/guice/extensions/assistedinject/build/classes
    [javac] Compiling 13 source files to /home/travis/build/google/guice/extensions/assistedinject/build/classes
    [javac] Creating empty /home/travis/build/google/guice/extensions/assistedinject/build/classes/com/google/inject/assistedinject/package-info.class

manifest:
  [bndwrap] classes 19 0
    [unjar] Expanding: /home/travis/build/google/guice/extensions/assistedinject/build/classes.bar into /home/travis/build/google/guice/extensions/assistedinject/build

jar:
      [jar] Building jar: /home/travis/build/google/guice/extensions/assistedinject/build/guice-assistedinject-snapshot.jar

distjars:

source.jar:
    [mkdir] Created dir: /home/travis/build/google/guice/extensions/jmx/build
      [zip] Building zip: /home/travis/build/google/guice/extensions/jmx/build/guice-jmx-snapshot-src.jar

compile:
    [mkdir] Created dir: /home/travis/build/google/guice/extensions/jmx/build/classes
    [javac] Compiling 4 source files to /home/travis/build/google/guice/extensions/jmx/build/classes
    [javac] Creating empty /home/travis/build/google/guice/extensions/jmx/build/classes/com/google/inject/tools/jmx/package-info.class

manifest:
  [bndwrap] classes 4 0
    [unjar] Expanding: /home/travis/build/google/guice/extensions/jmx/build/classes.bar into /home/travis/build/google/guice/extensions/jmx/build

jar:
      [jar] Building jar: /home/travis/build/google/guice/extensions/jmx/build/guice-jmx-snapshot.jar

distjars:

source.jar:
    [mkdir] Created dir: /home/travis/build/google/guice/extensions/jndi/build
      [zip] Building zip: /home/travis/build/google/guice/extensions/jndi/build/guice-jndi-snapshot-src.jar

compile:
    [mkdir] Created dir: /home/travis/build/google/guice/extensions/jndi/build/classes
    [javac] Compiling 2 source files to /home/travis/build/google/guice/extensions/jndi/build/classes
    [javac] Creating empty /home/travis/build/google/guice/extensions/jndi/build/classes/com/google/inject/jndi/package-info.class

manifest:
  [bndwrap] classes 3 0
    [unjar] Expanding: /home/travis/build/google/guice/extensions/jndi/build/classes.bar into /home/travis/build/google/guice/extensions/jndi/build

jar:
      [jar] Building jar: /home/travis/build/google/guice/extensions/jndi/build/guice-jndi-snapshot.jar

distjars:

source.jar:
    [mkdir] Created dir: /home/travis/build/google/guice/extensions/throwingproviders/build
      [zip] Building zip: /home/travis/build/google/guice/extensions/throwingproviders/build/guice-throwingproviders-snapshot-src.jar

compile:
    [mkdir] Created dir: /home/travis/build/google/guice/extensions/throwingproviders/build/classes
    [javac] Compiling 10 source files to /home/travis/build/google/guice/extensions/throwingproviders/build/classes
    [javac] /home/travis/build/google/guice/extensions/throwingproviders/src/com/google/inject/throwingproviders/ThrowingProviderBinder.java:347: warning: [deprecation] com.google.inject.throwingproviders.ThrowingProvider in com.google.inject.throwingproviders has been deprecated
    [javac]       boolean tpMode = interfaceType.getInterfaces()[0] == ThrowingProvider.class;      
    [javac]                                                            ^
    [javac] 1 warning
    [javac] Creating empty /home/travis/build/google/guice/extensions/throwingproviders/build/classes/com/google/inject/throwingproviders/package-info.class

manifest:
  [bndwrap] Should not skip: ^
  [bndwrap] classes 18 0
    [unjar] Expanding: /home/travis/build/google/guice/extensions/throwingproviders/build/classes.bar into /home/travis/build/google/guice/extensions/throwingproviders/build

jar:
      [jar] Building jar: /home/travis/build/google/guice/extensions/throwingproviders/build/guice-throwingproviders-snapshot.jar

distjars:

source.jar:
    [mkdir] Created dir: /home/travis/build/google/guice/extensions/multibindings/build
      [zip] Building zip: /home/travis/build/google/guice/extensions/multibindings/build/guice-multibindings-snapshot-src.jar

compile:
    [mkdir] Created dir: /home/travis/build/google/guice/extensions/multibindings/build/classes
    [javac] Compiling 11 source files to /home/travis/build/google/guice/extensions/multibindings/build/classes
    [javac] /home/travis/build/google/guice/extensions/multibindings/src/com/google/inject/multibindings/Multibinder.java:454: warning: [unchecked] unchecked conversion
    [javac] found   : com.google.inject.Key
    [javac] required: com.google.inject.Key<T>
    [javac]               Dependency.get(key.ofType(Types.providerOf(key.getTypeLiteral().getType()))));
    [javac]                                        ^
    [javac] /home/travis/build/google/guice/extensions/multibindings/src/com/google/inject/multibindings/Multibinder.java:454: warning: [unchecked] unchecked method invocation: <T>get(com.google.inject.Key<T>) in com.google.inject.spi.Dependency is applied to (com.google.inject.Key)
    [javac]               Dependency.get(key.ofType(Types.providerOf(key.getTypeLiteral().getType()))));
    [javac]                             ^
    [javac] /home/travis/build/google/guice/extensions/multibindings/src/com/google/inject/multibindings/MapBinder.java:394: warning: [unchecked] unchecked conversion
    [javac] found   : com.google.inject.Key
    [javac] required: com.google.inject.Key<? extends java.util.Map<K,javax.inject.Provider<V>>>
    [javac]       binder.bind(javaxProviderMapKey).to(massagedProviderMapKey);
    [javac]                                           ^
    [javac] /home/travis/build/google/guice/extensions/multibindings/src/com/google/inject/multibindings/OptionalBinder.java:373: warning: [unchecked] unchecked conversion
    [javac] found   : com.google.inject.Key
    [javac] required: com.google.inject.Key<? extends com.google.common.base.Optional<javax.inject.Provider<T>>>
    [javac]       binder.bind(optionalJavaxProviderKey).to(massagedOptionalProviderKey);
    [javac]                                                ^
    [javac] 4 warnings
    [javac] Creating empty /home/travis/build/google/guice/extensions/multibindings/build/classes/com/google/inject/multibindings/package-info.class

manifest:
  [bndwrap] classes 43 0
    [unjar] Expanding: /home/travis/build/google/guice/extensions/multibindings/build/classes.bar into /home/travis/build/google/guice/extensions/multibindings/build

jar:
      [jar] Building jar: /home/travis/build/google/guice/extensions/multibindings/build/guice-multibindings-snapshot.jar

distjars:

source.jar:
    [mkdir] Created dir: /home/travis/build/google/guice/extensions/persist/build
      [zip] Building zip: /home/travis/build/google/guice/extensions/persist/build/guice-persist-snapshot-src.jar

compile:
    [mkdir] Created dir: /home/travis/build/google/guice/extensions/persist/build/classes
    [javac] Compiling 17 source files to /home/travis/build/google/guice/extensions/persist/build/classes
    [javac] /home/travis/build/google/guice/extensions/persist/src/com/google/inject/persist/jpa/JpaFinderProxy.java:104: warning: [unchecked] unchecked conversion
    [javac] found   : java.util.List
    [javac] required: java.util.Collection<? extends capture#910 of ?>
    [javac]     collection.addAll(results);
    [javac]                       ^
    [javac] 1 warning
    [javac] Creating empty /home/travis/build/google/guice/extensions/persist/build/classes/com/google/inject/persist/jpa/package-info.class
    [javac] Creating empty /home/travis/build/google/guice/extensions/persist/build/classes/com/google/inject/persist/finder/package-info.class
    [javac] Creating empty /home/travis/build/google/guice/extensions/persist/build/classes/com/google/inject/persist/package-info.class

manifest:
  [bndwrap] classes 25 0
    [unjar] Expanding: /home/travis/build/google/guice/extensions/persist/build/classes.bar into /home/travis/build/google/guice/extensions/persist/build

jar:
      [jar] Building jar: /home/travis/build/google/guice/extensions/persist/build/guice-persist-snapshot.jar

distjars:

source.jar:
    [mkdir] Created dir: /home/travis/build/google/guice/extensions/grapher/build
      [zip] Building zip: /home/travis/build/google/guice/extensions/grapher/build/guice-grapher-snapshot-src.jar

compile:
    [mkdir] Created dir: /home/travis/build/google/guice/extensions/grapher/build/classes
    [javac] Compiling 34 source files to /home/travis/build/google/guice/extensions/grapher/build/classes

manifest:
  [bndwrap] classes 42 0
    [unjar] Expanding: /home/travis/build/google/guice/extensions/grapher/build/classes.bar into /home/travis/build/google/guice/extensions/grapher/build

jar:
      [jar] Building jar: /home/travis/build/google/guice/extensions/grapher/build/guice-grapher-snapshot.jar

distjars:

source.jar:
    [mkdir] Created dir: /home/travis/build/google/guice/extensions/testlib/build
      [zip] Building zip: /home/travis/build/google/guice/extensions/testlib/build/guice-testlib-snapshot-src.jar

compile:
    [mkdir] Created dir: /home/travis/build/google/guice/extensions/testlib/build/classes
    [javac] Compiling 2 source files to /home/travis/build/google/guice/extensions/testlib/build/classes

manifest:
  [bndwrap] classes 5 0
    [unjar] Expanding: /home/travis/build/google/guice/extensions/testlib/build/classes.bar into /home/travis/build/google/guice/extensions/testlib/build

jar:
      [jar] Building jar: /home/travis/build/google/guice/extensions/testlib/build/guice-testlib-snapshot.jar

distjars:
     [copy] Copying 2 files to /home/travis/build/google/guice/build/dist
     [copy] Copying 2 files to /home/travis/build/google/guice/build/dist
     [copy] Copying 2 files to /home/travis/build/google/guice/build/dist
     [copy] Copying 2 files to /home/travis/build/google/guice/build/dist
     [copy] Copying 2 files to /home/travis/build/google/guice/build/dist
     [copy] Copying 2 files to /home/travis/build/google/guice/build/dist
     [copy] Copying 2 files to /home/travis/build/google/guice/build/dist
     [copy] Copying 2 files to /home/travis/build/google/guice/build/dist
     [copy] Copying 2 files to /home/travis/build/google/guice/build/dist
     [copy] Copying 2 files to /home/travis/build/google/guice/build/dist
     [copy] Copying 2 files to /home/travis/build/google/guice/build/dist
     [copy] Copying 1 file to /home/travis/build/google/guice/build/dist
     [copy] Copying 3 files to /home/travis/build/google/guice/build/dist
      [zip] Building zip: /home/travis/build/google/guice/build/guice-snapshot.zip
      [zip] Building zip: /home/travis/build/google/guice/build/guice-snapshot-src.zip

test.dist:

compile:

jar.withdeps:
   [jarjar] Building jar: /home/travis/build/google/guice/build/guice-with-deps.jar

manifest:
  [bndwrap] classes 339 427255
    [unjar] Expanding: /home/travis/build/google/guice/build/classes.bar into /home/travis/build/google/guice/build

jar:
      [jar] Building jar: /home/travis/build/google/guice/build/dist/guice-snapshot.jar

test.compile:
    [mkdir] Created dir: /home/travis/build/google/guice/build/test
    [javac] Compiling 85 source files to /home/travis/build/google/guice/build/test
    [javac] Note: Some input files use or override a deprecated API.
    [javac] Note: Recompile with -Xlint:deprecation for details.
    [javac] Note: Some input files use unchecked or unsafe operations.
    [javac] Note: Recompile with -Xlint:unchecked for details.

test.withdeps:
   [jarjar] Building jar: /home/travis/build/google/guice/build/guice-snapshot-tests.jar

test.dist.run:
    [junit] Nov 6, 2014 3:50:18 PM com.google.inject.spi.InjectionPoint getInjectionPoints
    [junit] WARNING: Method: protected void org.atinject.tck.auto.accessories.SpareTire.injectProtectedMethodForOverride() is not annotated with @Inject but is overriding a method that is annotated with @javax.inject.Inject.  Because it is not annotated with @Inject, the method will not be injected. To fix this, annotate the method with @Inject.
    [junit] Nov 6, 2014 3:50:18 PM com.google.inject.spi.InjectionPoint getInjectionPoints
    [junit] WARNING: Method: public void org.atinject.tck.auto.accessories.SpareTire.injectPublicMethodForOverride() is not annotated with @Inject but is overriding a method that is annotated with @javax.inject.Inject.  Because it is not annotated with @Inject, the method will not be injected. To fix this, annotate the method with @Inject.
    [junit] Nov 6, 2014 3:50:18 PM com.google.inject.spi.InjectionPoint getInjectionPoints
    [junit] WARNING: Method: void org.atinject.tck.auto.accessories.SpareTire.injectPackagePrivateMethod3() is not annotated with @Inject but is overriding a method that is annotated with @javax.inject.Inject.  Because it is not annotated with @Inject, the method will not be injected. To fix this, annotate the method with @Inject.
    [junit] Nov 6, 2014 3:50:18 PM com.google.inject.spi.InjectionPoint getInjectionPoints
    [junit] WARNING: Method: public void org.atinject.tck.auto.GasEngine.injectTwiceOverriddenWithOmissionInMiddle() is not annotated with @Inject but is overriding a method that is annotated with @javax.inject.Inject.  Because it is not annotated with @Inject, the method will not be injected. To fix this, annotate the method with @Inject.
    [junit] Nov 6, 2014 3:50:18 PM com.google.inject.spi.InjectionPoint getInjectionPoints
    [junit] WARNING: Method: void org.atinject.tck.auto.V8Engine.injectPackagePrivateMethodForOverride() is not annotated with @Inject but is overriding a method that is annotated with @javax.inject.Inject.  Because it is not annotated with @Inject, the method will not be injected. To fix this, annotate the method with @Inject.
    [junit] Nov 6, 2014 3:50:18 PM com.google.inject.spi.InjectionPoint getInjectionPoints
    [junit] WARNING: Method: public void org.atinject.tck.auto.V8Engine.injectTwiceOverriddenWithOmissionInSubclass() is not annotated with @Inject but is overriding a method that is annotated with @javax.inject.Inject.  Because it is not annotated with @Inject, the method will not be injected. To fix this, annotate the method with @Inject.
    [junit] Nov 6, 2014 3:50:18 PM com.google.inject.spi.InjectionPoint getInjectionPoints
    [junit] WARNING: Method: public void org.atinject.tck.auto.V8Engine.injectQualifiers(org.atinject.tck.auto.Seat,org.atinject.tck.auto.Seat,org.atinject.tck.auto.Tire,org.atinject.tck.auto.Tire) is not annotated with @Inject but is overriding a method that is annotated with @javax.inject.Inject.  Because it is not annotated with @Inject, the method will not be injected. To fix this, annotate the method with @Inject.
    [junit] .........................................
    [junit] ...............................com.google.inject.CreationException: Unable to create injector, see the following errors:
    [junit] 
    [junit] 1) A binding to com.google.inject.BinderTest$HasImplementedBy1 was already configured at com.google.inject.BinderTest$19.configure(BinderTest.java:347).
    [junit]   at com.google.inject.BinderTest$19.configure(BinderTest.java:346)
    [junit] 
    [junit] 1 error
    [junit] 	at com.google.inject.internal.Errors.throwCreationExceptionIfErrorsExist(Errors.java:448)
    [junit] 	at com.google.inject.internal.InternalInjectorCreator.initializeStatically(InternalInjectorCreator.java:155)
    [junit] 	at com.google.inject.internal.InternalInjectorCreator.build(InternalInjectorCreator.java:107)
    [junit] 	at com.google.inject.Guice.createInjector(Guice.java:96)
    [junit] 	at com.google.inject.Guice.createInjector(Guice.java:73)
    [junit] 	at com.google.inject.Guice.createInjector(Guice.java:62)
    [junit] 	at com.google.inject.BinderTest.testSettingAtImplementedByTwice(BinderTest.java:343)
    [junit] 	at sun.reflect.NativeMethodAccessorImpl.invoke0(Native Method)
    [junit] 	at sun.reflect.NativeMethodAccessorImpl.invoke(NativeMethodAccessorImpl.java:57)
    [junit] 	at sun.reflect.DelegatingMethodAccessorImpl.invoke(DelegatingMethodAccessorImpl.java:43)
    [junit] 	at java.lang.reflect.Method.invoke(Method.java:622)
    [junit] 	at junit.framework.TestCase.runTest(TestCase.java:154)
    [junit] 	at junit.framework.TestCase.runBare(TestCase.java:127)
    [junit] 	at junit.framework.TestResult$1.protect(TestResult.java:106)
    [junit] 	at junit.framework.TestResult.runProtected(TestResult.java:124)
    [junit] 	at junit.framework.TestResult.run(TestResult.java:109)
    [junit] 	at junit.framework.TestCase.run(TestCase.java:118)
    [junit] 	at junit.framework.TestSuite.runTest(TestSuite.java:208)
    [junit] 	at junit.framework.TestSuite.run(TestSuite.java:203)
    [junit] 	at junit.framework.TestSuite.runTest(TestSuite.java:208)
    [junit] 	at junit.framework.TestSuite.run(TestSuite.java:203)
    [junit] 	at junit.textui.TestRunner.doRun(TestRunner.java:116)
    [junit] 	at junit.textui.TestRunner.start(TestRunner.java:172)
    [junit] 	at junit.textui.TestRunner.main(TestRunner.java:138)
    [junit] ........Nov 6, 2014 3:50:19 PM com.google.inject.internal.MessageProcessor visit
    [junit] INFO: An exception was caught and reported. Message: java.lang.IllegalArgumentException
    [junit] java.lang.IllegalArgumentException
    [junit] 	at com.google.inject.BinderTest$24.configure(BinderTest.java:450)
    [junit] 	at com.google.inject.AbstractModule.configure(AbstractModule.java:62)
    [junit] 	at com.google.inject.spi.Elements$RecordingBinder.install(Elements.java:253)
    [junit] 	at com.google.inject.spi.Elements.getElements(Elements.java:108)
    [junit] 	at com.google.inject.internal.InjectorShell$Builder.build(InjectorShell.java:135)
    [junit] 	at com.google.inject.internal.InternalInjectorCreator.build(InternalInjectorCreator.java:104)
    [junit] 	at com.google.inject.Guice.createInjector(Guice.java:96)
    [junit] 	at com.google.inject.Guice.createInjector(Guice.java:73)
    [junit] 	at com.google.inject.Guice.createInjector(Guice.java:62)
    [junit] 	at com.google.inject.BinderTest.testUserReportedErrorsAreAlsoLogged(BinderTest.java:447)
    [junit] 	at sun.reflect.NativeMethodAccessorImpl.invoke0(Native Method)
    [junit] 	at sun.reflect.NativeMethodAccessorImpl.invoke(NativeMethodAccessorImpl.java:57)
    [junit] 	at sun.reflect.DelegatingMethodAccessorImpl.invoke(DelegatingMethodAccessorImpl.java:43)
    [junit] 	at java.lang.reflect.Method.invoke(Method.java:622)
    [junit] 	at junit.framework.TestCase.runTest(TestCase.java:154)
    [junit] 	at junit.framework.TestCase.runBare(TestCase.java:127)
    [junit] 	at junit.framework.TestResult$1.protect(TestResult.java:106)
    [junit] 	at junit.framework.TestResult.runProtected(TestResult.java:124)
    [junit] 	at junit.framework.TestResult.run(TestResult.java:109)
    [junit] 	at junit.framework.TestCase.run(TestCase.java:118)
    [junit] 	at junit.framework.TestSuite.runTest(TestSuite.java:208)
    [junit] 	at junit.framework.TestSuite.run(TestSuite.java:203)
    [junit] 	at junit.framework.TestSuite.runTest(TestSuite.java:208)
    [junit] 	at junit.framework.TestSuite.run(TestSuite.java:203)
    [junit] 	at junit.textui.TestRunner.doRun(TestRunner.java:116)
    [junit] 	at junit.textui.TestRunner.start(TestRunner.java:172)
    [junit] 	at junit.textui.TestRunner.main(TestRunner.java:138)
    [junit] ..
    [junit] .........................................
    [junit] .........................................
    [junit] .........................................
    [junit] .........................................
    [junit] .........................................
    [junit] .........................................
    [junit] .........................................
    [junit] .........................................
    [junit] .........................................
    [junit] .........................................
    [junit] .........................................
    [junit] .........................................
    [junit] .........................................
    [junit] .........................................
    [junit] .........................................
    [junit] ..............................Nov 6, 2014 3:50:28 PM com.google.inject.spi.InjectionPoint getInjectionPoints
    [junit] WARNING: Method: public void com.google.inject.spi.InjectionPointTest$Sub.atInject() is not annotated with @Inject but is overriding a method that is annotated with @javax.inject.Inject.  Because it is not annotated with @Inject, the method will not be injected. To fix this, annotate the method with @Inject.
    [junit] Nov 6, 2014 3:50:28 PM com.google.inject.spi.InjectionPoint getInjectionPoints
    [junit] WARNING: Method: public void com.google.inject.spi.InjectionPointTest$Sub.atInject() is not annotated with @Inject but is overriding a method that is annotated with @javax.inject.Inject.  Because it is not annotated with @Inject, the method will not be injected. To fix this, annotate the method with @Inject.
    [junit] Nov 6, 2014 3:50:28 PM com.google.inject.spi.InjectionPoint getInjectionPoints
    [junit] WARNING: Method: public void com.google.inject.spi.InjectionPointTest$SubSub.privateGAndPublicAt() is not annotated with @Inject but is overriding a method that is annotated with @javax.inject.Inject.  Because it is not annotated with @Inject, the method will not be injected. To fix this, annotate the method with @Inject.
    [junit] ...........
    [junit] .........................................
    [junit] .........................................
    [junit] ............................aopalliance.jar 9 4577
    [junit] javax.inject.jar 6 2845
    [junit] Should not skip: ^
    [junit] Should not skip: ^
    [junit] Should not skip: ^
    [junit] Should not skip: ^
    [junit] Should not skip: ^
    [junit] Should not skip: ^
    [junit] Should not skip: ^
    [junit] Should not skip: ^
    [junit] Should not skip: ^
    [junit] Should not skip: ^
    [junit] Should not skip: ^
    [junit] guava.jar 1675 2199489
    [junit] osgitests.jar 28 20420
    [junit] .............
    [junit] .
    [junit] Time: 15.759
    [junit] 
    [junit] OK (862 tests)
    [junit] 

compile:

jar.withdeps:
   [jarjar] Building jar: /home/travis/build/google/guice/build/guice-with-deps.jar

manifest:
  [bndwrap] classes 339 427255
    [unjar] Expanding: /home/travis/build/google/guice/build/classes.bar into /home/travis/build/google/guice/build

jar:
      [jar] Building jar: /home/travis/build/google/guice/build/dist/guice-snapshot.jar

test.compile:

test.withdeps:
   [jarjar] Building jar: /home/travis/build/google/guice/build/guice-snapshot-tests.jar

test.dist.run:
    [junit] Nov 6, 2014 3:50:44 PM com.google.inject.spi.InjectionPoint getInjectionPoints
    [junit] WARNING: Method: protected void org.atinject.tck.auto.accessories.SpareTire.injectProtectedMethodForOverride() is not annotated with @Inject but is overriding a method that is annotated with @javax.inject.Inject.  Because it is not annotated with @Inject, the method will not be injected. To fix this, annotate the method with @Inject.
    [junit] Nov 6, 2014 3:50:44 PM com.google.inject.spi.InjectionPoint getInjectionPoints
    [junit] WARNING: Method: public void org.atinject.tck.auto.accessories.SpareTire.injectPublicMethodForOverride() is not annotated with @Inject but is overriding a method that is annotated with @javax.inject.Inject.  Because it is not annotated with @Inject, the method will not be injected. To fix this, annotate the method with @Inject.
    [junit] Nov 6, 2014 3:50:44 PM com.google.inject.spi.InjectionPoint getInjectionPoints
    [junit] WARNING: Method: void org.atinject.tck.auto.accessories.SpareTire.injectPackagePrivateMethod3() is not annotated with @Inject but is overriding a method that is annotated with @javax.inject.Inject.  Because it is not annotated with @Inject, the method will not be injected. To fix this, annotate the method with @Inject.
    [junit] Nov 6, 2014 3:50:44 PM com.google.inject.spi.InjectionPoint getInjectionPoints
    [junit] WARNING: Method: public void org.atinject.tck.auto.GasEngine.injectTwiceOverriddenWithOmissionInMiddle() is not annotated with @Inject but is overriding a method that is annotated with @javax.inject.Inject.  Because it is not annotated with @Inject, the method will not be injected. To fix this, annotate the method with @Inject.
    [junit] Nov 6, 2014 3:50:44 PM com.google.inject.spi.InjectionPoint getInjectionPoints
    [junit] WARNING: Method: void org.atinject.tck.auto.V8Engine.injectPackagePrivateMethodForOverride() is not annotated with @Inject but is overriding a method that is annotated with @javax.inject.Inject.  Because it is not annotated with @Inject, the method will not be injected. To fix this, annotate the method with @Inject.
    [junit] Nov 6, 2014 3:50:44 PM com.google.inject.spi.InjectionPoint getInjectionPoints
    [junit] WARNING: Method: public void org.atinject.tck.auto.V8Engine.injectQualifiers(org.atinject.tck.auto.Seat,org.atinject.tck.auto.Seat,org.atinject.tck.auto.Tire,org.atinject.tck.auto.Tire) is not annotated with @Inject but is overriding a method that is annotated with @javax.inject.Inject.  Because it is not annotated with @Inject, the method will not be injected. To fix this, annotate the method with @Inject.
    [junit] Nov 6, 2014 3:50:44 PM com.google.inject.spi.InjectionPoint getInjectionPoints
    [junit] WARNING: Method: public void org.atinject.tck.auto.V8Engine.injectTwiceOverriddenWithOmissionInSubclass() is not annotated with @Inject but is overriding a method that is annotated with @javax.inject.Inject.  Because it is not annotated with @Inject, the method will not be injected. To fix this, annotate the method with @Inject.
    [junit] .........................................
    [junit] ....................................com.google.inject.CreationException: Unable to create injector, see the following errors:
    [junit] 
    [junit] 1) A binding to com.google.inject.BinderTest$HasImplementedBy1 was already configured at com.google.inject.BinderTest$19.configure(Unknown Source).
    [junit]   at com.google.inject.BinderTest$19.configure(Unknown Source)
    [junit] 
    [junit] 1 error
    [junit] 	at com.google.inject.internal.Errors.throwCreationExceptionIfErrorsExist(Errors.java:448)
    [junit] 	at com.google.inject.internal.InternalInjectorCreator.initializeStatically(InternalInjectorCreator.java:155)
    [junit] 	at com.google.inject.internal.InternalInjectorCreator.build(InternalInjectorCreator.java:107)
    [junit] 	at com.google.inject.Guice.createInjector(Guice.java:96)
    [junit] 	at com.google.inject.Guice.createInjector(Guice.java:73)
    [junit] 	at com.google.inject.Guice.createInjector(Guice.java:62)
    [junit] 	at com.google.inject.BinderTest.testSettingAtImplementedByTwice(BinderTest.java:343)
    [junit] 	at sun.reflect.NativeMethodAccessorImpl.invoke0(Native Method)
    [junit] 	at sun.reflect.NativeMethodAccessorImpl.invoke(NativeMethodAccessorImpl.java:57)
    [junit] 	at sun.reflect.DelegatingMethodAccessorImpl.invoke(DelegatingMethodAccessorImpl.java:43)
    [junit] 	at java.lang.reflect.Method.invoke(Method.java:622)
    [junit] 	at junit.framework.TestCase.runTest(TestCase.java:154)
    [junit] 	at junit.framework.TestCase.runBare(TestCase.java:127)
    [junit] 	at junit.framework.TestResult$1.protect(TestResult.java:106)
    [junit] 	at junit.framework.TestResult.runProtected(TestResult.java:124)
    [junit] 	at junit.framework.TestResult.run(TestResult.java:109)
    [junit] 	at junit.framework.TestCase.run(TestCase.java:118)
    [junit] 	at junit.framework.TestSuite.runTest(TestSuite.java:208)
    [junit] 	at junit.framework.TestSuite.run(TestSuite.java:203)
    [junit] 	at junit.framework.TestSuite.runTest(TestSuite.java:208)
    [junit] 	at junit.framework.TestSuite.run(TestSuite.java:203)
    [junit] 	at junit.textui.TestRunner.doRun(TestRunner.java:116)
    [junit] 	at junit.textui.TestRunner.start(TestRunner.java:172)
    [junit] 	at junit.textui.TestRunner.main(TestRunner.java:138)
    [junit] .....
    [junit] .Nov 6, 2014 3:50:45 PM com.google.inject.internal.MessageProcessor visit
    [junit] INFO: An exception was caught and reported. Message: java.lang.IllegalArgumentException
    [junit] java.lang.IllegalArgumentException
    [junit] 	at com.google.inject.BinderTest$24.configure(BinderTest.java:450)
    [junit] 	at com.google.inject.AbstractModule.configure(AbstractModule.java:62)
    [junit] 	at com.google.inject.spi.Elements$RecordingBinder.install(Elements.java:253)
    [junit] 	at com.google.inject.spi.Elements.getElements(Elements.java:108)
    [junit] 	at com.google.inject.internal.InjectorShell$Builder.build(InjectorShell.java:135)
    [junit] 	at com.google.inject.internal.InternalInjectorCreator.build(InternalInjectorCreator.java:104)
    [junit] 	at com.google.inject.Guice.createInjector(Guice.java:96)
    [junit] 	at com.google.inject.Guice.createInjector(Guice.java:73)
    [junit] 	at com.google.inject.Guice.createInjector(Guice.java:62)
    [junit] 	at com.google.inject.BinderTest.testUserReportedErrorsAreAlsoLogged(BinderTest.java:447)
    [junit] 	at sun.reflect.NativeMethodAccessorImpl.invoke0(Native Method)
    [junit] 	at sun.reflect.NativeMethodAccessorImpl.invoke(NativeMethodAccessorImpl.java:57)
    [junit] 	at sun.reflect.DelegatingMethodAccessorImpl.invoke(DelegatingMethodAccessorImpl.java:43)
    [junit] 	at java.lang.reflect.Method.invoke(Method.java:622)
    [junit] 	at junit.framework.TestCase.runTest(TestCase.java:154)
    [junit] 	at junit.framework.TestCase.runBare(TestCase.java:127)
    [junit] 	at junit.framework.TestResult$1.protect(TestResult.java:106)
    [junit] 	at junit.framework.TestResult.runProtected(TestResult.java:124)
    [junit] 	at junit.framework.TestResult.run(TestResult.java:109)
    [junit] 	at junit.framework.TestCase.run(TestCase.java:118)
    [junit] 	at junit.framework.TestSuite.runTest(TestSuite.java:208)
    [junit] 	at junit.framework.TestSuite.run(TestSuite.java:203)
    [junit] 	at junit.framework.TestSuite.runTest(TestSuite.java:208)
    [junit] 	at junit.framework.TestSuite.run(TestSuite.java:203)
    [junit] 	at junit.textui.TestRunner.doRun(TestRunner.java:116)
    [junit] 	at junit.textui.TestRunner.start(TestRunner.java:172)
    [junit] 	at junit.textui.TestRunner.main(TestRunner.java:138)
    [junit] ........................................
    [junit] .........................................
    [junit] .........................................
    [junit] .........................................
    [junit] .........................................
    [junit] .........................................
    [junit] .........................................
    [junit] .........................................
    [junit] .........................................
    [junit] .........................................
    [junit] .........................................
    [junit] .........................................
    [junit] .........................................
    [junit] .........................................
    [junit] .........................................
    [junit] ..................Nov 6, 2014 3:50:53 PM com.google.inject.spi.InjectionPoint getInjectionPoints
    [junit] WARNING: Method: public void com.google.inject.spi.InjectionPointTest$Sub.atInject() is not annotated with @Inject but is overriding a method that is annotated with @javax.inject.Inject.  Because it is not annotated with @Inject, the method will not be injected. To fix this, annotate the method with @Inject.
    [junit] Nov 6, 2014 3:50:53 PM com.google.inject.spi.InjectionPoint getInjectionPoints
    [junit] WARNING: Method: public void com.google.inject.spi.InjectionPointTest$Sub.atInject() is not annotated with @Inject but is overriding a method that is annotated with @javax.inject.Inject.  Because it is not annotated with @Inject, the method will not be injected. To fix this, annotate the method with @Inject.
    [junit] Nov 6, 2014 3:50:53 PM com.google.inject.spi.InjectionPoint getInjectionPoints
    [junit] WARNING: Method: public void com.google.inject.spi.InjectionPointTest$SubSub.privateGAndPublicAt() is not annotated with @Inject but is overriding a method that is annotated with @javax.inject.Inject.  Because it is not annotated with @Inject, the method will not be injected. To fix this, annotate the method with @Inject.
    [junit] .......................
    [junit] .........................................
    [junit] .........................................
    [junit] ............................aopalliance.jar 9 4577
    [junit] javax.inject.jar 6 2845
    [junit] Should not skip: ^
    [junit] Should not skip: ^
    [junit] Should not skip: ^
    [junit] Should not skip: ^
    [junit] Should not skip: ^
    [junit] Should not skip: ^
    [junit] Should not skip: ^
    [junit] Should not skip: ^
    [junit] Should not skip: ^
    [junit] Should not skip: ^
    [junit] Should not skip: ^
    [junit] guava.jar 1675 2199489
    [junit] osgitests.jar 28 20421
    [junit] .............
    [junit] .
    [junit] Time: 15.182
    [junit] 
    [junit] OK (862 tests)
    [junit] 

compile:

jar.withdeps:
   [jarjar] Building jar: /home/travis/build/google/guice/build/guice-with-deps.jar

manifest:
  [bndwrap] classes 339 427255
    [unjar] Expanding: /home/travis/build/google/guice/build/classes.bar into /home/travis/build/google/guice/build

jar:
      [jar] Building jar: /home/travis/build/google/guice/build/dist/guice-snapshot.jar

test.compile:

test.withdeps:
   [jarjar] Building jar: /home/travis/build/google/guice/build/guice-snapshot-tests.jar

test.dist.run:
    [junit] Nov 6, 2014 3:51:10 PM com.google.inject.spi.InjectionPoint getInjectionPoints
    [junit] WARNING: Method: protected void org.atinject.tck.auto.accessories.SpareTire.injectProtectedMethodForOverride() is not annotated with @Inject but is overriding a method that is annotated with @javax.inject.Inject.  Because it is not annotated with @Inject, the method will not be injected. To fix this, annotate the method with @Inject.
    [junit] Nov 6, 2014 3:51:10 PM com.google.inject.spi.InjectionPoint getInjectionPoints
    [junit] WARNING: Method: public void org.atinject.tck.auto.accessories.SpareTire.injectPublicMethodForOverride() is not annotated with @Inject but is overriding a method that is annotated with @javax.inject.Inject.  Because it is not annotated with @Inject, the method will not be injected. To fix this, annotate the method with @Inject.
    [junit] Nov 6, 2014 3:51:10 PM com.google.inject.spi.InjectionPoint getInjectionPoints
    [junit] WARNING: Method: void org.atinject.tck.auto.accessories.SpareTire.injectPackagePrivateMethod3() is not annotated with @Inject but is overriding a method that is annotated with @javax.inject.Inject.  Because it is not annotated with @Inject, the method will not be injected. To fix this, annotate the method with @Inject.
    [junit] Nov 6, 2014 3:51:10 PM com.google.inject.spi.InjectionPoint getInjectionPoints
    [junit] WARNING: Method: public void org.atinject.tck.auto.GasEngine.injectTwiceOverriddenWithOmissionInMiddle() is not annotated with @Inject but is overriding a method that is annotated with @javax.inject.Inject.  Because it is not annotated with @Inject, the method will not be injected. To fix this, annotate the method with @Inject.
    [junit] Nov 6, 2014 3:51:10 PM com.google.inject.spi.InjectionPoint getInjectionPoints
    [junit] WARNING: Method: void org.atinject.tck.auto.V8Engine.injectPackagePrivateMethodForOverride() is not annotated with @Inject but is overriding a method that is annotated with @javax.inject.Inject.  Because it is not annotated with @Inject, the method will not be injected. To fix this, annotate the method with @Inject.
    [junit] Nov 6, 2014 3:51:10 PM com.google.inject.spi.InjectionPoint getInjectionPoints
    [junit] WARNING: Method: public void org.atinject.tck.auto.V8Engine.injectTwiceOverriddenWithOmissionInSubclass() is not annotated with @Inject but is overriding a method that is annotated with @javax.inject.Inject.  Because it is not annotated with @Inject, the method will not be injected. To fix this, annotate the method with @Inject.
    [junit] Nov 6, 2014 3:51:10 PM com.google.inject.spi.InjectionPoint getInjectionPoints
    [junit] WARNING: Method: public void org.atinject.tck.auto.V8Engine.injectQualifiers(org.atinject.tck.auto.Seat,org.atinject.tck.auto.Seat,org.atinject.tck.auto.Tire,org.atinject.tck.auto.Tire) is not annotated with @Inject but is overriding a method that is annotated with @javax.inject.Inject.  Because it is not annotated with @Inject, the method will not be injected. To fix this, annotate the method with @Inject.
    [junit] .........................................
    [junit] .................................com.google.inject.CreationException: Unable to create injector, see the following errors:
    [junit] 
    [junit] 1) A binding to com.google.inject.BinderTest$HasImplementedBy1 was already configured at com.google.inject.BinderTest$19.configure(BinderTest.java:347).
    [junit]   at com.google.inject.BinderTest$19.configure(BinderTest.java:346)
    [junit] 
    [junit] 1 error
    [junit] 	at com.google.inject.internal.Errors.throwCreationExceptionIfErrorsExist(Errors.java:448)
    [junit] 	at com.google.inject.internal.InternalInjectorCreator.initializeStatically(InternalInjectorCreator.java:155)
    [junit] 	at com.google.inject.internal.InternalInjectorCreator.build(InternalInjectorCreator.java:107)
    [junit] 	at com.google.inject.Guice.createInjector(Guice.java:96)
    [junit] 	at com.google.inject.Guice.createInjector(Guice.java:73)
    [junit] 	at com.google.inject.Guice.createInjector(Guice.java:62)
    [junit] 	at com.google.inject.BinderTest.testSettingAtImplementedByTwice(BinderTest.java:343)
    [junit] 	at sun.reflect.NativeMethodAccessorImpl.invoke0(Native Method)
    [junit] 	at sun.reflect.NativeMethodAccessorImpl.invoke(NativeMethodAccessorImpl.java:57)
    [junit] 	at sun.reflect.DelegatingMethodAccessorImpl.invoke(DelegatingMethodAccessorImpl.java:43)
    [junit] 	at java.lang.reflect.Method.invoke(Method.java:622)
    [junit] 	at junit.framework.TestCase.runTest(TestCase.java:154)
    [junit] 	at junit.framework.TestCase.runBare(TestCase.java:127)
    [junit] 	at junit.framework.TestResult$1.protect(TestResult.java:106)
    [junit] 	at junit.framework.TestResult.runProtected(TestResult.java:124)
    [junit] 	at junit.framework.TestResult.run(TestResult.java:109)
    [junit] 	at junit.framework.TestCase.run(TestCase.java:118)
    [junit] 	at junit.framework.TestSuite.runTest(TestSuite.java:208)
    [junit] 	at junit.framework.TestSuite.run(TestSuite.java:203)
    [junit] 	at junit.framework.TestSuite.runTest(TestSuite.java:208)
    [junit] 	at junit.framework.TestSuite.run(TestSuite.java:203)
    [junit] 	at junit.textui.TestRunner.doRun(TestRunner.java:116)
    [junit] 	at junit.textui.TestRunner.start(TestRunner.java:172)
    [junit] 	at junit.textui.TestRunner.main(TestRunner.java:138)
    [junit] ......Nov 6, 2014 3:51:10 PM com.google.inject.internal.MessageProcessor visit
    [junit] INFO: An exception was caught and reported. Message: java.lang.IllegalArgumentException
    [junit] java.lang.IllegalArgumentException
    [junit] 	at com.google.inject.BinderTest$24.configure(BinderTest.java:450)
    [junit] 	at com.google.inject.AbstractModule.configure(AbstractModule.java:62)
    [junit] 	at com.google.inject.spi.Elements$RecordingBinder.install(Elements.java:253)
    [junit] 	at com.google.inject.spi.Elements.getElements(Elements.java:108)
    [junit] 	at com.google.inject.internal.InjectorShell$Builder.build(InjectorShell.java:135)
    [junit] 	at com.google.inject.internal.InternalInjectorCreator.build(InternalInjectorCreator.java:104)
    [junit] 	at com.google.inject.Guice.createInjector(Guice.java:96)
    [junit] 	at com.google.inject.Guice.createInjector(Guice.java:73)
    [junit] 	at com.google.inject.Guice.createInjector(Guice.java:62)
    [junit] 	at com.google.inject.BinderTest.testUserReportedErrorsAreAlsoLogged(BinderTest.java:447)
    [junit] 	at sun.reflect.NativeMethodAccessorImpl.invoke0(Native Method)
    [junit] 	at sun.reflect.NativeMethodAccessorImpl.invoke(NativeMethodAccessorImpl.java:57)
    [junit] 	at sun.reflect.DelegatingMethodAccessorImpl.invoke(DelegatingMethodAccessorImpl.java:43)
    [junit] 	at java.lang.reflect.Method.invoke(Method.java:622)
    [junit] 	at junit.framework.TestCase.runTest(TestCase.java:154)
    [junit] 	at junit.framework.TestCase.runBare(TestCase.java:127)
    [junit] 	at junit.framework.TestResult$1.protect(TestResult.java:106)
    [junit] 	at junit.framework.TestResult.runProtected(TestResult.java:124)
    [junit] 	at junit.framework.TestResult.run(TestResult.java:109)
    [junit] 	at junit.framework.TestCase.run(TestCase.java:118)
    [junit] 	at junit.framework.TestSuite.runTest(TestSuite.java:208)
    [junit] 	at junit.framework.TestSuite.run(TestSuite.java:203)
    [junit] 	at junit.framework.TestSuite.runTest(TestSuite.java:208)
    [junit] 	at junit.framework.TestSuite.run(TestSuite.java:203)
    [junit] 	at junit.textui.TestRunner.doRun(TestRunner.java:116)
    [junit] 	at junit.textui.TestRunner.start(TestRunner.java:172)
    [junit] 	at junit.textui.TestRunner.main(TestRunner.java:138)
    [junit] ..
    [junit] .........................................
    [junit] .........................................
    [junit] .........................................
    [junit] .........................................
    [junit] .........................................
    [junit] .........................................
    [junit] .........................................
    [junit] .........................................
    [junit] .........................................
    [junit] .........................................
    [junit] .........................................
    [junit] .........................................
    [junit] .........................................
    [junit] .........................................
    [junit] .........................................
    [junit] ................................Nov 6, 2014 3:51:18 PM com.google.inject.spi.InjectionPoint getInjectionPoints
    [junit] WARNING: Method: public void com.google.inject.spi.InjectionPointTest$Sub.atInject() is not annotated with @Inject but is overriding a method that is annotated with @javax.inject.Inject.  Because it is not annotated with @Inject, the method will not be injected. To fix this, annotate the method with @Inject.
    [junit] Nov 6, 2014 3:51:18 PM com.google.inject.spi.InjectionPoint getInjectionPoints
    [junit] WARNING: Method: public void com.google.inject.spi.InjectionPointTest$Sub.atInject() is not annotated with @Inject but is overriding a method that is annotated with @javax.inject.Inject.  Because it is not annotated with @Inject, the method will not be injected. To fix this, annotate the method with @Inject.
    [junit] Nov 6, 2014 3:51:18 PM com.google.inject.spi.InjectionPoint getInjectionPoints
    [junit] WARNING: Method: public void com.google.inject.spi.InjectionPointTest$SubSub.privateGAndPublicAt() is not annotated with @Inject but is overriding a method that is annotated with @javax.inject.Inject.  Because it is not annotated with @Inject, the method will not be injected. To fix this, annotate the method with @Inject.
    [junit] .........
    [junit] .........................................
    [junit] .........................................
    [junit] ............................aopalliance.jar 9 4577
    [junit] javax.inject.jar 6 2845
    [junit] Should not skip: ^
    [junit] Should not skip: ^
    [junit] Should not skip: ^
    [junit] Should not skip: ^
    [junit] Should not skip: ^
    [junit] Should not skip: ^
    [junit] Should not skip: ^
    [junit] Should not skip: ^
    [junit] Should not skip: ^
    [junit] Should not skip: ^
    [junit] Should not skip: ^
    [junit] guava.jar 1675 2199489
    [junit] osgitests.jar 28 20420
    [junit] .............
    [junit] .
    [junit] Time: 15.007
    [junit] 
    [junit] OK (862 tests)
    [junit] 

BUILD SUCCESSFUL
Total time: 1 minute 43 seconds
travis_time:end:04711d8f:start=1415288981915379382,finish=1415289086336476141,duration=104421096759[0K
[32;1mThe command "${CMD}" exited with 0.[0m
travis_fold:start:after_success.1[0Ktravis_time:start:375e6a69[0K$ util/generate-latest-docs.sh
travis_time:end:375e6a69:start=1415289086346165900,finish=1415289086361636121,duration=15470221[0Ktravis_fold:end:after_success.1[0Ktravis_fold:start:after_success.2[0Ktravis_time:start:20d37000[0K$ util/compareBuilds.sh
travis_time:end:20d37000:start=1415289086371355494,finish=1415289086382738222,duration=11382728[0Ktravis_fold:end:after_success.2[0Ktravis_fold:start:after_success.3[0Ktravis_time:start:03a3da97[0K$ util/publish-snapshot-on-commit.sh
travis_time:end:03a3da97:start=1415289086392200335,finish=1415289086407529575,duration=15329240[0Ktravis_fold:end:after_success.3[0K
Done. Your build exited with 0.
