Using worker: worker-linux-3-1.bb.travis-ci.org:travis-linux-2

travis_fold:start:git.1[0Ktravis_time:start:146e0b81[0K$ git clone --depth=50 git://github.com/google/guice.git google/guice
Cloning into 'google/guice'...
remote: Counting objects: 3266, done.[K
remote: Compressing objects:   0% (1/1969)   [Kremote: Compressing objects:   1% (20/1969)   [Kremote: Compressing objects:   2% (40/1969)   [Kremote: Compressing objects:   3% (60/1969)   [Kremote: Compressing objects:   4% (79/1969)   [Kremote: Compressing objects:   5% (99/1969)   [Kremote: Compressing objects:   6% (119/1969)   [Kremote: Compressing objects:   7% (138/1969)   [Kremote: Compressing objects:   8% (158/1969)   [Kremote: Compressing objects:   9% (178/1969)   [Kremote: Compressing objects:  10% (197/1969)   [Kremote: Compressing objects:  11% (217/1969)   [Kremote: Compressing objects:  12% (237/1969)   [Kremote: Compressing objects:  13% (256/1969)   [Kremote: Compressing objects:  14% (276/1969)   [Kremote: Compressing objects:  15% (296/1969)   [Kremote: Compressing objects:  16% (316/1969)   [Kremote: Compressing objects:  17% (335/1969)   [Kremote: Compressing objects:  18% (355/1969)   [Kremote: Compressing objects:  19% (375/1969)   [Kremote: Compressing objects:  20% (394/1969)   [Kremote: Compressing objects:  21% (414/1969)   [Kremote: Compressing objects:  22% (434/1969)   [Kremote: Compressing objects:  23% (453/1969)   [Kremote: Compressing objects:  24% (473/1969)   [Kremote: Compressing objects:  25% (493/1969)   [Kremote: Compressing objects:  26% (512/1969)   [Kremote: Compressing objects:  27% (532/1969)   [Kremote: Compressing objects:  28% (552/1969)   [Kremote: Compressing objects:  29% (572/1969)   [Kremote: Compressing objects:  30% (591/1969)   [Kremote: Compressing objects:  31% (611/1969)   [Kremote: Compressing objects:  32% (631/1969)   [Kremote: Compressing objects:  33% (650/1969)   [Kremote: Compressing objects:  34% (670/1969)   [Kremote: Compressing objects:  35% (690/1969)   [Kremote: Compressing objects:  36% (709/1969)   [Kremote: Compressing objects:  37% (729/1969)   [Kremote: Compressing objects:  38% (749/1969)   [Kremote: Compressing objects:  39% (768/1969)   [Kremote: Compressing objects:  40% (788/1969)   [Kremote: Compressing objects:  41% (808/1969)   [Kremote: Compressing objects:  42% (827/1969)   [Kremote: Compressing objects:  43% (847/1969)   [Kremote: Compressing objects:  44% (867/1969)   [Kremote: Compressing objects:  45% (887/1969)   [Kremote: Compressing objects:  46% (906/1969)   [Kremote: Compressing objects:  47% (926/1969)   [Kremote: Compressing objects:  48% (946/1969)   [Kremote: Compressing objects:  49% (965/1969)   [Kremote: Compressing objects:  50% (985/1969)   [Kremote: Compressing objects:  51% (1005/1969)   [Kremote: Compressing objects:  52% (1024/1969)   [Kremote: Compressing objects:  53% (1044/1969)   [Kremote: Compressing objects:  54% (1064/1969)   [Kremote: Compressing objects:  55% (1083/1969)   [Kremote: Compressing objects:  56% (1103/1969)   [Kremote: Compressing objects:  57% (1123/1969)   [Kremote: Compressing objects:  58% (1143/1969)   [Kremote: Compressing objects:  59% (1162/1969)   [Kremote: Compressing objects:  60% (1182/1969)   [Kremote: Compressing objects:  61% (1202/1969)   [Kremote: Compressing objects:  62% (1221/1969)   [Kremote: Compressing objects:  63% (1241/1969)   [Kremote: Compressing objects:  64% (1261/1969)   [Kremote: Compressing objects:  65% (1280/1969)   [Kremote: Compressing objects:  66% (1300/1969)   [Kremote: Compressing objects:  67% (1320/1969)   [Kremote: Compressing objects:  68% (1339/1969)   [Kremote: Compressing objects:  69% (1359/1969)   [Kremote: Compressing objects:  70% (1379/1969)   [Kremote: Compressing objects:  71% (1398/1969)   [Kremote: Compressing objects:  72% (1418/1969)   [Kremote: Compressing objects:  73% (1438/1969)   [Kremote: Compressing objects:  74% (1458/1969)   [Kremote: Compressing objects:  75% (1477/1969)   [Kremote: Compressing objects:  76% (1497/1969)   [Kremote: Compressing objects:  77% (1517/1969)   [Kremote: Compressing objects:  78% (1536/1969)   [Kremote: Compressing objects:  79% (1556/1969)   [Kremote: Compressing objects:  80% (1576/1969)   [Kremote: Compressing objects:  81% (1595/1969)   [Kremote: Compressing objects:  82% (1615/1969)   [Kremote: Compressing objects:  83% (1635/1969)   [Kremote: Compressing objects:  84% (1654/1969)   [Kremote: Compressing objects:  85% (1674/1969)   [Kremote: Compressing objects:  86% (1694/1969)   [Kremote: Compressing objects:  87% (1714/1969)   [Kremote: Compressing objects:  88% (1733/1969)   [Kremote: Compressing objects:  89% (1753/1969)   [Kremote: Compressing objects:  90% (1773/1969)   [Kremote: Compressing objects:  91% (1792/1969)   [Kremote: Compressing objects:  92% (1812/1969)   [Kremote: Compressing objects:  93% (1832/1969)   [Kremote: Compressing objects:  94% (1851/1969)   [Kremote: Compressing objects:  95% (1871/1969)   [Kremote: Compressing objects:  96% (1891/1969)   [Kremote: Compressing objects:  97% (1910/1969)   [Kremote: Compressing objects:  98% (1930/1969)   [Kremote: Compressing objects:  99% (1950/1969)   [Kremote: Compressing objects: 100% (1969/1969)   [Kremote: Compressing objects: 100% (1969/1969), done.[K
Receiving objects:   0% (1/3266)   Receiving objects:   1% (33/3266)   Receiving objects:   2% (66/3266)   Receiving objects:   3% (98/3266)   Receiving objects:   4% (131/3266)   Receiving objects:   5% (164/3266)   Receiving objects:   6% (196/3266)   Receiving objects:   7% (229/3266)   Receiving objects:   8% (262/3266)   Receiving objects:   9% (294/3266)   Receiving objects:  10% (327/3266)   Receiving objects:  11% (360/3266)   Receiving objects:  12% (392/3266)   Receiving objects:  13% (425/3266)   Receiving objects:  14% (458/3266)   Receiving objects:  15% (490/3266)   Receiving objects:  16% (523/3266)   Receiving objects:  17% (556/3266)   Receiving objects:  18% (588/3266)   Receiving objects:  19% (621/3266)   Receiving objects:  20% (654/3266)   Receiving objects:  21% (686/3266)   Receiving objects:  22% (719/3266)   Receiving objects:  23% (752/3266)   Receiving objects:  24% (784/3266)   Receiving objects:  25% (817/3266)   Receiving objects:  26% (850/3266)   Receiving objects:  27% (882/3266)   Receiving objects:  28% (915/3266)   Receiving objects:  29% (948/3266)   Receiving objects:  30% (980/3266)   Receiving objects:  31% (1013/3266)   Receiving objects:  32% (1046/3266)   Receiving objects:  33% (1078/3266), 18.48 MiB | 36.88 MiB/s   Receiving objects:  34% (1111/3266), 18.48 MiB | 36.88 MiB/s   Receiving objects:  35% (1144/3266), 18.48 MiB | 36.88 MiB/s   Receiving objects:  36% (1176/3266), 18.48 MiB | 36.88 MiB/s   Receiving objects:  37% (1209/3266), 18.48 MiB | 36.88 MiB/s   Receiving objects:  38% (1242/3266), 18.48 MiB | 36.88 MiB/s   Receiving objects:  39% (1274/3266), 18.48 MiB | 36.88 MiB/s   Receiving objects:  40% (1307/3266), 18.48 MiB | 36.88 MiB/s   Receiving objects:  41% (1340/3266), 18.48 MiB | 36.88 MiB/s   Receiving objects:  42% (1372/3266), 18.48 MiB | 36.88 MiB/s   Receiving objects:  43% (1405/3266), 18.48 MiB | 36.88 MiB/s   Receiving objects:  44% (1438/3266), 18.48 MiB | 36.88 MiB/s   Receiving objects:  45% (1470/3266), 18.48 MiB | 36.88 MiB/s   Receiving objects:  46% (1503/3266), 18.48 MiB | 36.88 MiB/s   Receiving objects:  47% (1536/3266), 18.48 MiB | 36.88 MiB/s   Receiving objects:  48% (1568/3266), 18.48 MiB | 36.88 MiB/s   Receiving objects:  49% (1601/3266), 18.48 MiB | 36.88 MiB/s   Receiving objects:  50% (1633/3266), 18.48 MiB | 36.88 MiB/s   Receiving objects:  51% (1666/3266), 18.48 MiB | 36.88 MiB/s   Receiving objects:  52% (1699/3266), 18.48 MiB | 36.88 MiB/s   Receiving objects:  53% (1731/3266), 18.48 MiB | 36.88 MiB/s   Receiving objects:  54% (1764/3266), 18.48 MiB | 36.88 MiB/s   Receiving objects:  55% (1797/3266), 18.48 MiB | 36.88 MiB/s   Receiving objects:  56% (1829/3266), 18.48 MiB | 36.88 MiB/s   Receiving objects:  57% (1862/3266), 18.48 MiB | 36.88 MiB/s   Receiving objects:  58% (1895/3266), 18.48 MiB | 36.88 MiB/s   Receiving objects:  59% (1927/3266), 18.48 MiB | 36.88 MiB/s   Receiving objects:  60% (1960/3266), 18.48 MiB | 36.88 MiB/s   Receiving objects:  61% (1993/3266), 18.48 MiB | 36.88 MiB/s   Receiving objects:  62% (2025/3266), 18.48 MiB | 36.88 MiB/s   Receiving objects:  63% (2058/3266), 18.48 MiB | 36.88 MiB/s   Receiving objects:  64% (2091/3266), 18.48 MiB | 36.88 MiB/s   Receiving objects:  65% (2123/3266), 18.48 MiB | 36.88 MiB/s   Receiving objects:  66% (2156/3266), 18.48 MiB | 36.88 MiB/s   Receiving objects:  67% (2189/3266), 18.48 MiB | 36.88 MiB/s   Receiving objects:  68% (2221/3266), 18.48 MiB | 36.88 MiB/s   Receiving objects:  69% (2254/3266), 18.48 MiB | 36.88 MiB/s   Receiving objects:  70% (2287/3266), 18.48 MiB | 36.88 MiB/s   Receiving objects:  71% (2319/3266), 18.48 MiB | 36.88 MiB/s   Receiving objects:  72% (2352/3266), 18.48 MiB | 36.88 MiB/s   Receiving objects:  73% (2385/3266), 18.48 MiB | 36.88 MiB/s   Receiving objects:  74% (2417/3266), 18.48 MiB | 36.88 MiB/s   Receiving objects:  75% (2450/3266), 18.48 MiB | 36.88 MiB/s   Receiving objects:  76% (2483/3266), 18.48 MiB | 36.88 MiB/s   Receiving objects:  77% (2515/3266), 18.48 MiB | 36.88 MiB/s   Receiving objects:  78% (2548/3266), 18.48 MiB | 36.88 MiB/s   Receiving objects:  79% (2581/3266), 18.48 MiB | 36.88 MiB/s   Receiving objects:  80% (2613/3266), 18.48 MiB | 36.88 MiB/s   Receiving objects:  81% (2646/3266), 18.48 MiB | 36.88 MiB/s   Receiving objects:  82% (2679/3266), 18.48 MiB | 36.88 MiB/s   Receiving objects:  83% (2711/3266), 18.48 MiB | 36.88 MiB/s   Receiving objects:  84% (2744/3266), 18.48 MiB | 36.88 MiB/s   Receiving objects:  85% (2777/3266), 18.48 MiB | 36.88 MiB/s   Receiving objects:  86% (2809/3266), 18.48 MiB | 36.88 MiB/s   Receiving objects:  87% (2842/3266), 18.48 MiB | 36.88 MiB/s   Receiving objects:  88% (2875/3266), 18.48 MiB | 36.88 MiB/s   Receiving objects:  89% (2907/3266), 18.48 MiB | 36.88 MiB/s   Receiving objects:  90% (2940/3266), 18.48 MiB | 36.88 MiB/s   Receiving objects:  91% (2973/3266), 18.48 MiB | 36.88 MiB/s   Receiving objects:  92% (3005/3266), 18.48 MiB | 36.88 MiB/s   Receiving objects:  93% (3038/3266), 18.48 MiB | 36.88 MiB/s   Receiving objects:  94% (3071/3266), 18.48 MiB | 36.88 MiB/s   Receiving objects:  95% (3103/3266), 18.48 MiB | 36.88 MiB/s   remote: Total 3266 (delta 1530), reused 2251 (delta 799)[K
Receiving objects:  96% (3136/3266), 18.48 MiB | 36.88 MiB/s   Receiving objects:  97% (3169/3266), 18.48 MiB | 36.88 MiB/s   Receiving objects:  98% (3201/3266), 18.48 MiB | 36.88 MiB/s   Receiving objects:  99% (3234/3266), 18.48 MiB | 36.88 MiB/s   Receiving objects: 100% (3266/3266), 18.48 MiB | 36.88 MiB/s   Receiving objects: 100% (3266/3266), 25.33 MiB | 36.88 MiB/s, done.
Resolving deltas:   0% (0/1530)   Resolving deltas:   1% (27/1530)   Resolving deltas:   2% (33/1530)   Resolving deltas:   3% (52/1530)   Resolving deltas:   4% (66/1530)   Resolving deltas:   5% (77/1530)   Resolving deltas:   7% (120/1530)   Resolving deltas:   8% (123/1530)   Resolving deltas:   9% (139/1530)   Resolving deltas:  10% (153/1530)   Resolving deltas:  11% (169/1530)   Resolving deltas:  12% (184/1530)   Resolving deltas:  13% (200/1530)   Resolving deltas:  14% (217/1530)   Resolving deltas:  15% (233/1530)   Resolving deltas:  16% (246/1530)   Resolving deltas:  17% (263/1530)   Resolving deltas:  18% (277/1530)   Resolving deltas:  19% (293/1530)   Resolving deltas:  20% (306/1530)   Resolving deltas:  21% (323/1530)   Resolving deltas:  22% (346/1530)   Resolving deltas:  23% (353/1530)   Resolving deltas:  24% (368/1530)   Resolving deltas:  25% (383/1530)   Resolving deltas:  26% (398/1530)   Resolving deltas:  27% (426/1530)   Resolving deltas:  28% (442/1530)   Resolving deltas:  29% (444/1530)   Resolving deltas:  30% (463/1530)   Resolving deltas:  31% (477/1530)   Resolving deltas:  32% (491/1530)   Resolving deltas:  33% (508/1530)   Resolving deltas:  34% (522/1530)   Resolving deltas:  35% (539/1530)   Resolving deltas:  36% (551/1530)   Resolving deltas:  37% (567/1530)   Resolving deltas:  38% (582/1530)   Resolving deltas:  39% (600/1530)   Resolving deltas:  40% (618/1530)   Resolving deltas:  41% (632/1530)   Resolving deltas:  42% (644/1530)   Resolving deltas:  43% (661/1530)   Resolving deltas:  44% (679/1530)   Resolving deltas:  45% (698/1530)   Resolving deltas:  46% (708/1530)   Resolving deltas:  47% (721/1530)   Resolving deltas:  48% (738/1530)   Resolving deltas:  49% (764/1530)   Resolving deltas:  51% (786/1530)   Resolving deltas:  52% (800/1530)   Resolving deltas:  53% (811/1530)   Resolving deltas:  54% (835/1530)   Resolving deltas:  55% (846/1530)   Resolving deltas:  56% (860/1530)   Resolving deltas:  57% (879/1530)   Resolving deltas:  58% (893/1530)   Resolving deltas:  59% (903/1530)   Resolving deltas:  60% (927/1530)   Resolving deltas:  61% (934/1530)   Resolving deltas:  62% (949/1530)   Resolving deltas:  63% (969/1530)   Resolving deltas:  64% (984/1530)   Resolving deltas:  65% (998/1530)   Resolving deltas:  66% (1011/1530)   Resolving deltas:  67% (1031/1530)   Resolving deltas:  69% (1069/1530)   Resolving deltas:  72% (1106/1530)   Resolving deltas:  74% (1146/1530)   Resolving deltas:  75% (1148/1530)   Resolving deltas:  76% (1168/1530)   Resolving deltas:  77% (1188/1530)   Resolving deltas:  78% (1208/1530)   Resolving deltas:  79% (1219/1530)   Resolving deltas:  84% (1286/1530)   Resolving deltas:  85% (1304/1530)   Resolving deltas:  86% (1325/1530)   Resolving deltas:  87% (1336/1530)   Resolving deltas:  88% (1350/1530)   Resolving deltas:  89% (1367/1530)   Resolving deltas:  91% (1400/1530)   Resolving deltas:  92% (1409/1530)   Resolving deltas:  93% (1423/1530)   Resolving deltas:  94% (1442/1530)   Resolving deltas:  95% (1454/1530)   Resolving deltas:  96% (1474/1530)   Resolving deltas:  97% (1488/1530)   Resolving deltas:  98% (1501/1530)   Resolving deltas:  99% (1516/1530)   Resolving deltas: 100% (1530/1530)   Resolving deltas: 100% (1530/1530), done.
Checking connectivity... done.
travis_time:end:146e0b81:start=1415389511688001134,finish=1415389513342600622,duration=1654599488[0Ktravis_fold:end:git.1[0K$ cd google/guice
travis_fold:start:git.4[0Ktravis_time:start:0553997c[0K$ git fetch origin +refs/pull/879/merge:
remote: Counting objects: 25, done.[K
remote: Compressing objects:   5% (1/17)   [Kremote: Compressing objects:  11% (2/17)   [Kremote: Compressing objects:  17% (3/17)   [Kremote: Compressing objects:  23% (4/17)   [Kremote: Compressing objects:  29% (5/17)   [Kremote: Compressing objects:  35% (6/17)   [Kremote: Compressing objects:  41% (7/17)   [Kremote: Compressing objects:  47% (8/17)   [Kremote: Compressing objects:  52% (9/17)   [Kremote: Compressing objects:  58% (10/17)   [Kremote: Compressing objects:  64% (11/17)   [Kremote: Compressing objects:  70% (12/17)   [Kremote: Compressing objects:  76% (13/17)   [Kremote: Compressing objects:  82% (14/17)   [Kremote: Compressing objects:  88% (15/17)   [Kremote: Compressing objects:  94% (16/17)   [Kremote: Compressing objects: 100% (17/17)   [Kremote: Compressing objects: 100% (17/17), done.[K
remote: Total 25 (delta 10), reused 15 (delta 0)[K
Unpacking objects:   4% (1/25)   Unpacking objects:   8% (2/25)   Unpacking objects:  12% (3/25)   Unpacking objects:  16% (4/25)   Unpacking objects:  20% (5/25)   Unpacking objects:  24% (6/25)   Unpacking objects:  28% (7/25)   Unpacking objects:  32% (8/25)   Unpacking objects:  36% (9/25)   Unpacking objects:  40% (10/25)   Unpacking objects:  44% (11/25)   Unpacking objects:  48% (12/25)   Unpacking objects:  52% (13/25)   Unpacking objects:  56% (14/25)   Unpacking objects:  60% (15/25)   Unpacking objects:  64% (16/25)   Unpacking objects:  68% (17/25)   Unpacking objects:  72% (18/25)   Unpacking objects:  76% (19/25)   Unpacking objects:  80% (20/25)   Unpacking objects:  84% (21/25)   Unpacking objects:  88% (22/25)   Unpacking objects:  92% (23/25)   Unpacking objects:  96% (24/25)   Unpacking objects: 100% (25/25)   Unpacking objects: 100% (25/25), done.
From git://github.com/google/guice
 * branch            refs/pull/879/merge -> FETCH_HEAD
travis_time:end:0553997c:start=1415389513351417786,finish=1415389513449086809,duration=97669023[0Ktravis_fold:end:git.4[0Ktravis_fold:start:git.5[0K$ git checkout -qf FETCH_HEAD
travis_fold:end:git.5[0K
[33;1mSetting environment variables from .travis.yml[0m
$ export LABEL=ant
$ export CMD="ant dist test.dist"
$ export INSTALL="/bin/true"

$ jdk_switcher use openjdk7
Switching to OpenJDK7 (java-1.7.0-openjdk-amd64), JAVA_HOME will be set to /usr/lib/jvm/java-7-openjdk-amd64
$ java -version
java version "1.7.0_65"
OpenJDK Runtime Environment (IcedTea 2.5.3) (7u71-2.5.3-0ubuntu0.12.04.1)
OpenJDK 64-Bit Server VM (build 24.65-b04, mixed mode)
$ javac -version
javac 1.7.0_65
travis_fold:start:install[0Ktravis_time:start:05588c80[0K$ ${INSTALL}
travis_time:end:05588c80:start=1415389514142649241,finish=1415389514150302778,duration=7653537[0Ktravis_fold:end:install[0Ktravis_time:start:30a41468[0K$ ${CMD}
Buildfile: /home/travis/build/google/guice/build.xml

source.jar:
    [mkdir] Created dir: /home/travis/build/google/guice/build
      [zip] Building zip: /home/travis/build/google/guice/build/guice-snapshot-src.jar

compile:
    [mkdir] Created dir: /home/travis/build/google/guice/build/classes
    [javac] Compiling 189 source files to /home/travis/build/google/guice/build/classes
    [javac] warning: [options] bootstrap class path not set in conjunction with -source 1.6
    [javac] /home/travis/build/google/guice/core/src/com/google/inject/internal/Annotations.java:90: warning: [unchecked] unchecked cast
    [javac]     return (T)cache.getUnchecked(annotationType);
    [javac]                                 ^
    [javac]   required: T
    [javac]   found:    Annotation
    [javac]   where T is a type-variable:
    [javac]     T extends Annotation declared in method <T>generateAnnotation(Class<T>)
    [javac] /home/travis/build/google/guice/core/src/com/google/inject/internal/Annotations.java:242: warning: [unchecked] unchecked generic array creation for varargs parameter of type Class<? extends Annotation>[]
    [javac]       Arrays.asList(ScopeAnnotation.class, javax.inject.Scope.class));
    [javac]                    ^
    [javac] /home/travis/build/google/guice/core/src/com/google/inject/internal/Annotations.java:295: warning: [unchecked] unchecked generic array creation for varargs parameter of type Class<? extends Annotation>[]
    [javac]       Arrays.asList(BindingAnnotation.class, Qualifier.class));
    [javac]                    ^
    [javac] /home/travis/build/google/guice/core/src/com/google/inject/internal/MoreTypes.java:287: warning: [rawtypes] found raw type: TypeVariable
    [javac]   public static Type resolveTypeVariable(Type type, Class<?> rawType, TypeVariable unknown) {
    [javac]                                                                       ^
    [javac]   missing type arguments for generic class TypeVariable<D>
    [javac]   where D is a type-variable:
    [javac]     D extends GenericDeclaration declared in interface TypeVariable
    [javac] /home/travis/build/google/guice/core/src/com/google/inject/internal/MoreTypes.java:317: warning: [rawtypes] found raw type: TypeVariable
    [javac]   private static Class<?> declaringClassOf(TypeVariable typeVariable) {
    [javac]                                            ^
    [javac]   missing type arguments for generic class TypeVariable<D>
    [javac]   where D is a type-variable:
    [javac]     D extends GenericDeclaration declared in interface TypeVariable
    [javac] /home/travis/build/google/guice/core/src/com/google/inject/internal/MoreTypes.java:333: warning: [rawtypes] found raw type: Class
    [javac]         Class rawTypeAsClass = (Class) rawType;
    [javac]         ^
    [javac]   missing type arguments for generic class Class<T>
    [javac]   where T is a type-variable:
    [javac]     T extends Object declared in class Class
    [javac] /home/travis/build/google/guice/core/src/com/google/inject/TypeLiteral.java:188: warning: [rawtypes] found raw type: TypeVariable
    [javac]         TypeVariable original = (TypeVariable) toResolve;
    [javac]         ^
    [javac]   missing type arguments for generic class TypeVariable<D>
    [javac]   where D is a type-variable:
    [javac]     D extends GenericDeclaration declared in interface TypeVariable
    [javac] /home/travis/build/google/guice/core/src/com/google/inject/internal/Errors.java:135: warning: [rawtypes] found raw type: Key
    [javac]   public Errors missingImplementation(Key key) {
    [javac]                                       ^
    [javac]   missing type arguments for generic class Key<T>
    [javac]   where T is a type-variable:
    [javac]     T extends Object declared in class Key
    [javac] /home/travis/build/google/guice/core/src/com/google/inject/internal/Errors.java:139: warning: [rawtypes] found raw type: Key
    [javac]   public Errors jitDisabled(Key key) {
    [javac]                             ^
    [javac]   missing type arguments for generic class Key<T>
    [javac]   where T is a type-variable:
    [javac]     T extends Object declared in class Key
    [javac] /home/travis/build/google/guice/core/src/com/google/inject/internal/Errors.java:143: warning: [rawtypes] found raw type: Class
    [javac]   public Errors atInjectRequired(Class clazz) {
    [javac]                                  ^
    [javac]   missing type arguments for generic class Class<T>
    [javac]   where T is a type-variable:
    [javac]     T extends Object declared in class Class
    [javac] /home/travis/build/google/guice/core/src/com/google/inject/internal/Errors.java:211: warning: [rawtypes] found raw type: Constructor
    [javac]   public Errors optionalConstructor(Constructor constructor) {
    [javac]                                     ^
    [javac]   missing type arguments for generic class Constructor<T>
    [javac]   where T is a type-variable:
    [javac]     T extends Object declared in class Constructor
    [javac] /home/travis/build/google/guice/core/src/com/google/inject/internal/Errors.java:654: warning: [rawtypes] found raw type: Class
    [javac]       new Converter<Class>(Class.class) {
    [javac]                     ^
    [javac]   missing type arguments for generic class Class<T>
    [javac]   where T is a type-variable:
    [javac]     T extends Object declared in class Class
    [javac] /home/travis/build/google/guice/core/src/com/google/inject/internal/Errors.java:664: warning: [rawtypes] found raw type: Key
    [javac]       new Converter<Key>(Key.class) {
    [javac]                     ^
    [javac]   missing type arguments for generic class Key<T>
    [javac]   where T is a type-variable:
    [javac]     T extends Object declared in class Key
    [javac] /home/travis/build/google/guice/core/src/com/google/inject/spi/Dependency.java:108: warning: [rawtypes] found raw type: Dependency
    [javac]       Dependency dependency = (Dependency) o;
    [javac]       ^
    [javac]   missing type arguments for generic class Dependency<T>
    [javac]   where T is a type-variable:
    [javac]     T extends Object declared in class Dependency
    [javac] /home/travis/build/google/guice/core/src/com/google/inject/internal/util/StackTraceElements.java:63: warning: [rawtypes] found raw type: Class
    [javac]     Class declaringClass = member.getDeclaringClass();
    [javac]     ^
    [javac]   missing type arguments for generic class Class<T>
    [javac]   where T is a type-variable:
    [javac]     T extends Object declared in class Class
    [javac] /home/travis/build/google/guice/core/src/com/google/inject/spi/InjectionPoint.java:828: warning: [rawtypes] found raw type: Class
    [javac]       for (Class parameterType : parameterTypes) {
    [javac]            ^
    [javac]   missing type arguments for generic class Class<T>
    [javac]   where T is a type-variable:
    [javac]     T extends Object declared in class Class
    [javac] /home/travis/build/google/guice/core/src/com/google/inject/internal/util/LineNumbers.java:47: warning: [rawtypes] found raw type: Class
    [javac]   private final Class type;
    [javac]                 ^
    [javac]   missing type arguments for generic class Class<T>
    [javac]   where T is a type-variable:
    [javac]     T extends Object declared in class Class
    [javac] /home/travis/build/google/guice/core/src/com/google/inject/internal/util/LineNumbers.java:59: warning: [rawtypes] found raw type: Class
    [javac]   public LineNumbers(Class type) throws IOException {
    [javac]                      ^
    [javac]   missing type arguments for generic class Class<T>
    [javac]   where T is a type-variable:
    [javac]     T extends Object declared in class Class
    [javac] /home/travis/build/google/guice/core/src/com/google/inject/internal/util/LineNumbers.java:110: warning: [rawtypes] found raw type: Class
    [javac]       for (Class param : ((Constructor) member).getParameterTypes()) {
    [javac]            ^
    [javac]   missing type arguments for generic class Class<T>
    [javac]   where T is a type-variable:
    [javac]     T extends Object declared in class Class
    [javac] /home/travis/build/google/guice/core/src/com/google/inject/internal/InjectorImpl.java:554: warning: [rawtypes] found raw type: Key
    [javac]           cleanup(binding, new HashSet<Key>());
    [javac]                                        ^
    [javac]   missing type arguments for generic class Key<T>
    [javac]   where T is a type-variable:
    [javac]     T extends Object declared in class Key
    [javac] /home/travis/build/google/guice/core/src/com/google/inject/internal/InjectorImpl.java:566: warning: [rawtypes] found raw type: Key
    [javac]   private boolean cleanup(BindingImpl<?> binding, Set<Key> encountered) {
    [javac]                                                       ^
    [javac]   missing type arguments for generic class Key<T>
    [javac]   where T is a type-variable:
    [javac]     T extends Object declared in class Key
    [javac] /home/travis/build/google/guice/core/src/com/google/inject/internal/InjectorImpl.java:569: warning: [rawtypes] found raw type: Dependency
    [javac]     for(Dependency dep : deps) {
    [javac]         ^
    [javac]   missing type arguments for generic class Dependency<T>
    [javac]   where T is a type-variable:
    [javac]     T extends Object declared in class Dependency
    [javac] /home/travis/build/google/guice/core/src/com/google/inject/internal/InjectorImpl.java:573: warning: [rawtypes] found raw type: BindingImpl
    [javac]         BindingImpl depBinding = jitBindings.get(depKey);
    [javac]         ^
    [javac]   missing type arguments for generic class BindingImpl<T>
    [javac]   where T is a type-variable:
    [javac]     T extends Object declared in class BindingImpl
    [javac] /home/travis/build/google/guice/core/src/com/google/inject/internal/InjectorImpl.java:577: warning: [rawtypes] found raw type: ConstructorBindingImpl
    [javac]             ConstructorBindingImpl ctorBinding = (ConstructorBindingImpl)depBinding;
    [javac]             ^
    [javac]   missing type arguments for generic class ConstructorBindingImpl<T>
    [javac]   where T is a type-variable:
    [javac]     T extends Object declared in class ConstructorBindingImpl
    [javac] /home/travis/build/google/guice/core/src/com/google/inject/internal/InjectorImpl.java:976: warning: [rawtypes] found raw type: MembersInjector
    [javac]     MembersInjector membersInjector = getMembersInjector(instance.getClass());
    [javac]     ^
    [javac]   missing type arguments for generic class MembersInjector<T>
    [javac]   where T is a type-variable:
    [javac]     T extends Object declared in interface MembersInjector
    [javac] /home/travis/build/google/guice/core/src/com/google/inject/internal/SingleParameterInjector.java:36: warning: [rawtypes] found raw type: Dependency
    [javac]     Dependency previous = context.pushDependency(dependency, binding.getSource());
    [javac]     ^
    [javac]   missing type arguments for generic class Dependency<T>
    [javac]   where T is a type-variable:
    [javac]     T extends Object declared in class Dependency
    [javac] /home/travis/build/google/guice/core/src/com/google/inject/internal/ProvisionListenerStackCallback.java:39: warning: [unchecked] unchecked call to ProvisionListenerStackCallback(Binding<T>,List<ProvisionListener>) as a member of the raw type ProvisionListenerStackCallback
    [javac]       new ProvisionListenerStackCallback(null /* unused, so ok */, ImmutableList.of());
    [javac]       ^
    [javac]   where T is a type-variable:
    [javac]     T extends Object declared in class ProvisionListenerStackCallback
    [javac] /home/travis/build/google/guice/core/src/com/google/inject/internal/ConstructionContext.java:78: warning: [rawtypes] found raw type: Class
    [javac]         new Class[] { expectedType, CircularDependencyProxy.class }, invocationHandler));
    [javac]             ^
    [javac]   missing type arguments for generic class Class<T>
    [javac]   where T is a type-variable:
    [javac]     T extends Object declared in class Class
    [javac] /home/travis/build/google/guice/core/src/com/google/inject/internal/AbstractBindingProcessor.java:114: warning: [rawtypes] found raw type: ExposedBindingImpl
    [javac]       ExposedBindingImpl exposed = (ExposedBindingImpl) original;
    [javac]       ^
    [javac]   missing type arguments for generic class ExposedBindingImpl<T>
    [javac]   where T is a type-variable:
    [javac]     T extends Object declared in class ExposedBindingImpl
    [javac] /home/travis/build/google/guice/core/src/com/google/inject/internal/BindingBuilder.java:100: warning: [unchecked] unchecked cast
    [javac]     return toProvider((javax.inject.Provider<T>) provider);
    [javac]                                                  ^
    [javac]   required: javax.inject.Provider<T>
    [javac]   found:    com.google.inject.Provider<CAP#1>
    [javac]   where T is a type-variable:
    [javac]     T extends Object declared in class BindingBuilder
    [javac]   where CAP#1 is a fresh type-variable:
    [javac]     CAP#1 extends T from capture of ? extends T
    [javac] /home/travis/build/google/guice/core/src/com/google/inject/internal/ConstantFactory.java:33: warning: [rawtypes] found raw type: Dependency
    [javac]   public T get(Errors errors, InternalContext context, Dependency dependency, boolean linked)
    [javac]                                                        ^
    [javac]   missing type arguments for generic class Dependency<T>
    [javac]   where T is a type-variable:
    [javac]     T extends Object declared in class Dependency
    [javac] /home/travis/build/google/guice/core/src/com/google/inject/internal/ConstructorBindingImpl.java:129: warning: [rawtypes] found raw type: Constructor
    [javac]   private static boolean hasAtInject(Constructor cxtor) {
    [javac]                                      ^
    [javac]   missing type arguments for generic class Constructor<T>
    [javac]   where T is a type-variable:
    [javac]     T extends Object declared in class Constructor
    [javac] /home/travis/build/google/guice/core/src/com/google/inject/internal/ProvidedByInternalFactory.java:62: warning: [rawtypes] found raw type: Dependency
    [javac]   public T get(Errors errors, InternalContext context, Dependency dependency, boolean linked)
    [javac]                                                        ^
    [javac]   missing type arguments for generic class Dependency<T>
    [javac]   where T is a type-variable:
    [javac]     T extends Object declared in class Dependency
    [javac] /home/travis/build/google/guice/core/src/com/google/inject/internal/ProviderInstanceBindingImpl.java:66: warning: [deprecation] getProviderInstance() in ProviderInstanceBinding has been deprecated
    [javac]   public Provider<? extends T> getProviderInstance() {
    [javac]                                ^
    [javac]   where T is a type-variable:
    [javac]     T extends Object declared in interface ProviderInstanceBinding
    [javac] /home/travis/build/google/guice/core/src/com/google/inject/internal/ProviderMethod.java:181: warning: [rawtypes] found raw type: ProviderMethod
    [javac]       ProviderMethod o = (ProviderMethod)obj;
    [javac]       ^
    [javac]   missing type arguments for generic class ProviderMethod<T>
    [javac]   where T is a type-variable:
    [javac]     T extends Object declared in class ProviderMethod
    [javac] /home/travis/build/google/guice/core/src/com/google/inject/internal/ProxyFactory.java:163: warning: [rawtypes] found raw type: Class
    [javac]     Class<? extends Callback>[] callbackTypes = new Class[callbacks.length];
    [javac]                                                     ^
    [javac]   missing type arguments for generic class Class<T>
    [javac]   where T is a type-variable:
    [javac]     T extends Object declared in class Class
    [javac] /home/travis/build/google/guice/core/src/com/google/inject/internal/SingleFieldInjector.java:52: warning: [rawtypes] found raw type: Dependency
    [javac]     Dependency previous = context.pushDependency(dependency, binding.getSource());
    [javac]     ^
    [javac]   missing type arguments for generic class Dependency<T>
    [javac]   where T is a type-variable:
    [javac]     T extends Object declared in class Dependency
    [javac] /home/travis/build/google/guice/core/src/com/google/inject/internal/util/SourceProvider.java:71: warning: [rawtypes] found raw type: Class
    [javac]     for (Class c : classes) {
    [javac]          ^
    [javac]   missing type arguments for generic class Class<T>
    [javac]   where T is a type-variable:
    [javac]     T extends Object declared in class Class
    [javac] /home/travis/build/google/guice/core/src/com/google/inject/matcher/Matchers.java:184: warning: [rawtypes] found raw type: Class
    [javac]   public static Matcher<Class> subclassesOf(final Class<?> superclass) {
    [javac]                         ^
    [javac]   missing type arguments for generic class Class<T>
    [javac]   where T is a type-variable:
    [javac]     T extends Object declared in class Class
    [javac] /home/travis/build/google/guice/core/src/com/google/inject/matcher/Matchers.java:188: warning: [rawtypes] found raw type: Class
    [javac]   private static class SubclassesOf extends AbstractMatcher<Class>
    [javac]                                                             ^
    [javac]   missing type arguments for generic class Class<T>
    [javac]   where T is a type-variable:
    [javac]     T extends Object declared in class Class
    [javac] /home/travis/build/google/guice/core/src/com/google/inject/matcher/Matchers.java:196: warning: [rawtypes] found raw type: Class
    [javac]     public boolean matches(Class subclass) {
    [javac]                            ^
    [javac]   missing type arguments for generic class Class<T>
    [javac]   where T is a type-variable:
    [javac]     T extends Object declared in class Class
    [javac] /home/travis/build/google/guice/core/src/com/google/inject/matcher/Matchers.java:290: warning: [rawtypes] found raw type: Class
    [javac]   public static Matcher<Class> inPackage(final Package targetPackage) {
    [javac]                         ^
    [javac]   missing type arguments for generic class Class<T>
    [javac]   where T is a type-variable:
    [javac]     T extends Object declared in class Class
    [javac] /home/travis/build/google/guice/core/src/com/google/inject/matcher/Matchers.java:294: warning: [rawtypes] found raw type: Class
    [javac]   private static class InPackage extends AbstractMatcher<Class> implements Serializable {
    [javac]                                                          ^
    [javac]   missing type arguments for generic class Class<T>
    [javac]   where T is a type-variable:
    [javac]     T extends Object declared in class Class
    [javac] /home/travis/build/google/guice/core/src/com/google/inject/matcher/Matchers.java:303: warning: [rawtypes] found raw type: Class
    [javac]     public boolean matches(Class c) {
    [javac]                            ^
    [javac]   missing type arguments for generic class Class<T>
    [javac]   where T is a type-variable:
    [javac]     T extends Object declared in class Class
    [javac] /home/travis/build/google/guice/core/src/com/google/inject/matcher/Matchers.java:333: warning: [rawtypes] found raw type: Class
    [javac]   public static Matcher<Class> inSubpackage(final String targetPackageName) {
    [javac]                         ^
    [javac]   missing type arguments for generic class Class<T>
    [javac]   where T is a type-variable:
    [javac]     T extends Object declared in class Class
    [javac] /home/travis/build/google/guice/core/src/com/google/inject/matcher/Matchers.java:337: warning: [rawtypes] found raw type: Class
    [javac]   private static class InSubpackage extends AbstractMatcher<Class> implements Serializable {
    [javac]                                                             ^
    [javac]   missing type arguments for generic class Class<T>
    [javac]   where T is a type-variable:
    [javac]     T extends Object declared in class Class
    [javac] /home/travis/build/google/guice/core/src/com/google/inject/matcher/Matchers.java:344: warning: [rawtypes] found raw type: Class
    [javac]     public boolean matches(Class c) {
    [javac]                            ^
    [javac]   missing type arguments for generic class Class<T>
    [javac]   where T is a type-variable:
    [javac]     T extends Object declared in class Class
    [javac] /home/travis/build/google/guice/core/src/com/google/inject/util/Modules.java:184: warning: [rawtypes] found raw type: Key
    [javac]           for(Key exposed : privateElements.getExposedKeys()) {
    [javac]               ^
    [javac]   missing type arguments for generic class Key<T>
    [javac]   where T is a type-variable:
    [javac]     T extends Object declared in class Key
    [javac] 49 warnings
    [javac] Creating empty /home/travis/build/google/guice/build/classes/com/google/inject/spi/package-info.class
    [javac] Creating empty /home/travis/build/google/guice/build/classes/com/google/inject/name/package-info.class
    [javac] Creating empty /home/travis/build/google/guice/build/classes/com/google/inject/package-info.class
    [javac] Creating empty /home/travis/build/google/guice/build/classes/com/google/inject/binder/package-info.class
    [javac] Creating empty /home/travis/build/google/guice/build/classes/com/google/inject/matcher/package-info.class
    [javac] Creating empty /home/travis/build/google/guice/build/classes/com/google/inject/util/package-info.class
    [javac] Creating empty /home/travis/build/google/guice/build/classes/com/google/inject/internal/package-info.class

jar.withdeps:
    [mkdir] Created dir: /home/travis/build/google/guice/build/dist
   [jarjar] Building jar: /home/travis/build/google/guice/build/guice-with-deps.jar

manifest:
  [bndwrap] classes 341 0
    [unjar] Expanding: /home/travis/build/google/guice/build/classes.bar into /home/travis/build/google/guice/build

jar:
      [jar] Building jar: /home/travis/build/google/guice/build/dist/guice-snapshot.jar

distjars:

javadoc:
  [javadoc] Generating Javadoc
  [javadoc] Javadoc execution
  [javadoc] javadoc: error - invalid flag: -Xdoclint:none
  [javadoc] usage: javadoc [options] [packagenames] [sourcefiles] [@files]
  [javadoc] -overview <file>          Read overview documentation from HTML file
  [javadoc] -public                   Show only public classes and members
  [javadoc] -protected                Show protected/public classes and members (default)
  [javadoc] -package                  Show package/protected/public classes and members
  [javadoc] -private                  Show all classes and members
  [javadoc] -help                     Display command line options and exit
  [javadoc] -doclet <class>           Generate output via alternate doclet
  [javadoc] -docletpath <path>        Specify where to find doclet class files
  [javadoc] -sourcepath <pathlist>    Specify where to find source files
  [javadoc] -classpath <pathlist>     Specify where to find user class files
  [javadoc] -exclude <pkglist>        Specify a list of packages to exclude
  [javadoc] -subpackages <subpkglist> Specify subpackages to recursively load
  [javadoc] -breakiterator            Compute 1st sentence with BreakIterator
  [javadoc] -bootclasspath <pathlist> Override location of class files loaded
  [javadoc] 			  by the bootstrap class loader
  [javadoc] -source <release>         Provide source compatibility with specified release
  [javadoc] -extdirs <dirlist>        Override location of installed extensions
  [javadoc] -verbose                  Output messages about what Javadoc is doing
  [javadoc] -locale <name>            Locale to be used, e.g. en_US or en_US_WIN
  [javadoc] -encoding <name>          Source file encoding name
  [javadoc] -quiet                    Do not display status messages
  [javadoc] -J<flag>                  Pass <flag> directly to the runtime system
  [javadoc] -X                        Print a synopsis of nonstandard options
  [javadoc] 
  [javadoc] Provided by Standard doclet:
  [javadoc] -d <directory>                    Destination directory for output files
  [javadoc] -use                              Create class and package usage pages
  [javadoc] -version                          Include @version paragraphs
  [javadoc] -author                           Include @author paragraphs
  [javadoc] -docfilessubdirs                  Recursively copy doc-file subdirectories
  [javadoc] -splitindex                       Split index into one file per letter
  [javadoc] -windowtitle <text>               Browser window title for the documenation
  [javadoc] -doctitle <html-code>             Include title for the overview page
  [javadoc] -header <html-code>               Include header text for each page
  [javadoc] -footer <html-code>               Include footer text for each page
  [javadoc] -top    <html-code>               Include top text for each page
  [javadoc] -bottom <html-code>               Include bottom text for each page
  [javadoc] -link <url>                       Create links to javadoc output at <url>
  [javadoc] -linkoffline <url> <url2>         Link to docs at <url> using package list at <url2>
  [javadoc] -excludedocfilessubdir <name1>:.. Exclude any doc-files subdirectories with given name.
  [javadoc] -group <name> <p1>:<p2>..         Group specified packages together in overview page
  [javadoc] -nocomment                        Supress description and tags, generate only declarations.
  [javadoc] -nodeprecated                     Do not include @deprecated information
  [javadoc] -noqualifier <name1>:<name2>:...  Exclude the list of qualifiers from the output.
  [javadoc] -nosince                          Do not include @since information
  [javadoc] -notimestamp                      Do not include hidden time stamp
  [javadoc] -nodeprecatedlist                 Do not generate deprecated list
  [javadoc] -notree                           Do not generate class hierarchy
  [javadoc] -noindex                          Do not generate index
  [javadoc] -nohelp                           Do not generate help link
  [javadoc] -nonavbar                         Do not generate navigation bar
  [javadoc] -serialwarn                       Generate warning about @serial tag
  [javadoc] -tag <name>:<locations>:<header>  Specify single argument custom tags
  [javadoc] -taglet                           The fully qualified name of Taglet to register
  [javadoc] -tagletpath                       The path to Taglets
  [javadoc] -Xdocrootparent <url>             Replaces all appearances of @docRoot followed by /.. in doc comments with <url>
  [javadoc] -charset <charset>                Charset for cross-platform viewing of generated documentation.
  [javadoc] -helpfile <file>                  Include file that help link links to
  [javadoc] -linksource                       Generate source in HTML
  [javadoc] -sourcetab <tab length>           Specify the number of spaces each tab takes up in the source
  [javadoc] -keywords                         Include HTML meta tags with package, class and member info
  [javadoc] -stylesheetfile <path>            File to change style of the generated documentation
  [javadoc] -docencoding <name>               Output encoding name
  [javadoc] 1 error

dist:

source.jar:
    [mkdir] Created dir: /home/travis/build/google/guice/extensions/servlet/build
      [zip] Building zip: /home/travis/build/google/guice/extensions/servlet/build/guice-servlet-snapshot-src.jar

compile:
    [mkdir] Created dir: /home/travis/build/google/guice/extensions/servlet/build/classes
    [javac] Compiling 35 source files to /home/travis/build/google/guice/extensions/servlet/build/classes
    [javac] warning: [options] bootstrap class path not set in conjunction with -source 1.6
    [javac] /home/travis/build/google/guice/extensions/servlet/src/com/google/inject/servlet/ServletScopes.java:82: warning: [unchecked] unchecked cast
    [javac]               T t = (T) context.map.get(key);
    [javac]                                        ^
    [javac]   required: T
    [javac]   found:    Object
    [javac]   where T is a type-variable:
    [javac]     T extends Object declared in method <T>scope(Key<T>,Provider<T>)
    [javac] /home/travis/build/google/guice/extensions/servlet/src/com/google/inject/servlet/ServletScopes.java:364: warning: [rawtypes] found raw type: Key
    [javac]     final Map<Key, Object> map = Maps.newHashMap();
    [javac]               ^
    [javac]   missing type arguments for generic class Key<T>
    [javac]   where T is a type-variable:
    [javac]     T extends Object declared in class Key
    [javac] 3 warnings
    [javac] Creating empty /home/travis/build/google/guice/extensions/servlet/build/classes/com/google/inject/servlet/package-info.class

manifest:
  [bndwrap] classes 67 0
    [unjar] Expanding: /home/travis/build/google/guice/extensions/servlet/build/classes.bar into /home/travis/build/google/guice/extensions/servlet/build

jar:
      [jar] Building jar: /home/travis/build/google/guice/extensions/servlet/build/guice-servlet-snapshot.jar

distjars:

source.jar:
    [mkdir] Created dir: /home/travis/build/google/guice/extensions/spring/build
      [zip] Building zip: /home/travis/build/google/guice/extensions/spring/build/guice-spring-snapshot-src.jar

compile:
    [mkdir] Created dir: /home/travis/build/google/guice/extensions/spring/build/classes
    [javac] Compiling 2 source files to /home/travis/build/google/guice/extensions/spring/build/classes
    [javac] warning: [options] bootstrap class path not set in conjunction with -source 1.6
    [javac] 1 warning
    [javac] Creating empty /home/travis/build/google/guice/extensions/spring/build/classes/com/google/inject/spring/package-info.class

manifest:
  [bndwrap] classes 4 0
    [unjar] Expanding: /home/travis/build/google/guice/extensions/spring/build/classes.bar into /home/travis/build/google/guice/extensions/spring/build

jar:
      [jar] Building jar: /home/travis/build/google/guice/extensions/spring/build/guice-spring-snapshot.jar

distjars:

source.jar:
    [mkdir] Created dir: /home/travis/build/google/guice/extensions/struts2/build
      [zip] Building zip: /home/travis/build/google/guice/extensions/struts2/build/guice-struts2-plugin-snapshot-src.jar

compile:
    [mkdir] Created dir: /home/travis/build/google/guice/extensions/struts2/build/classes
    [javac] Compiling 3 source files to /home/travis/build/google/guice/extensions/struts2/build/classes
    [javac] warning: [options] bootstrap class path not set in conjunction with -source 1.6
    [javac] /home/travis/build/google/guice/extensions/struts2/src/com/google/inject/struts2/GuiceObjectFactory.java:82: warning: [rawtypes] found raw type: Class
    [javac]   public Class getClassInstance(String name) throws ClassNotFoundException {
    [javac]          ^
    [javac]   missing type arguments for generic class Class<T>
    [javac]   where T is a type-variable:
    [javac]     T extends Object declared in class Class
    [javac] /home/travis/build/google/guice/extensions/struts2/src/com/google/inject/struts2/GuiceObjectFactory.java:110: warning: [rawtypes] found raw type: Class
    [javac]   public Object buildBean(Class clazz, Map extraContext) {
    [javac]                           ^
    [javac]   missing type arguments for generic class Class<T>
    [javac]   where T is a type-variable:
    [javac]     T extends Object declared in class Class
    [javac] /home/travis/build/google/guice/extensions/struts2/src/com/google/inject/struts2/GuiceObjectFactory.java:110: warning: [rawtypes] found raw type: Map
    [javac]   public Object buildBean(Class clazz, Map extraContext) {
    [javac]                                        ^
    [javac]   missing type arguments for generic class Map<K,V>
    [javac]   where K,V are type-variables:
    [javac]     K extends Object declared in interface Map
    [javac]     V extends Object declared in interface Map
    [javac] /home/travis/build/google/guice/extensions/struts2/src/com/google/inject/struts2/GuiceObjectFactory.java:168: warning: [rawtypes] found raw type: Map
    [javac]       Map interceptorRefParams) throws ConfigurationException {
    [javac]       ^
    [javac]   missing type arguments for generic class Map<K,V>
    [javac]   where K,V are type-variables:
    [javac]     K extends Object declared in interface Map
    [javac]     V extends Object declared in interface Map
    [javac] /home/travis/build/google/guice/extensions/struts2/src/com/google/inject/struts2/GuiceObjectFactory.java:184: warning: [rawtypes] found raw type: Map
    [javac]       Map interceptorRefParams) throws ConfigurationException {
    [javac]       ^
    [javac]   missing type arguments for generic class Map<K,V>
    [javac]   where K,V are type-variables:
    [javac]     K extends Object declared in interface Map
    [javac]     V extends Object declared in interface Map
    [javac] /home/travis/build/google/guice/extensions/struts2/src/com/google/inject/struts2/GuiceObjectFactory.java:185: warning: [unchecked] unchecked conversion
    [javac]     return super.buildInterceptor(interceptorConfig, interceptorRefParams);
    [javac]                                                      ^
    [javac]   required: Map<String,String>
    [javac]   found:    Map
    [javac] /home/travis/build/google/guice/extensions/struts2/src/com/google/inject/struts2/GuiceObjectFactory.java:191: warning: [rawtypes] found raw type: Map
    [javac]     final Map params;
    [javac]           ^
    [javac]   missing type arguments for generic class Map<K,V>
    [javac]   where K,V are type-variables:
    [javac]     K extends Object declared in interface Map
    [javac]     V extends Object declared in interface Map
    [javac] /home/travis/build/google/guice/extensions/struts2/src/com/google/inject/struts2/GuiceObjectFactory.java:195: warning: [rawtypes] found raw type: Map
    [javac]     ProvidedInterceptor(InterceptorConfig config, Map params,
    [javac]                                                   ^
    [javac]   missing type arguments for generic class Map<K,V>
    [javac]   where K,V are type-variables:
    [javac]     K extends Object declared in interface Map
    [javac]     V extends Object declared in interface Map
    [javac] /home/travis/build/google/guice/extensions/struts2/src/com/google/inject/struts2/Struts2Factory.java:101: warning: [rawtypes] found raw type: Class
    [javac]   public Object buildBean(Class clazz, Map<String, Object> extraContext) {
    [javac]                           ^
    [javac]   missing type arguments for generic class Class<T>
    [javac]   where T is a type-variable:
    [javac]     T extends Object declared in class Class
    [javac] /home/travis/build/google/guice/extensions/struts2/src/com/google/inject/struts2/Struts2Factory.java:149: warning: [rawtypes] found raw type: Map
    [javac]       Map interceptorRefParams) throws ConfigurationException {
    [javac]       ^
    [javac]   missing type arguments for generic class Map<K,V>
    [javac]   where K,V are type-variables:
    [javac]     K extends Object declared in interface Map
    [javac]     V extends Object declared in interface Map
    [javac] 11 warnings
     [copy] Copying 1 file to /home/travis/build/google/guice/extensions/struts2/build/classes

manifest:
  [bndwrap] classes 8 0
    [unjar] Expanding: /home/travis/build/google/guice/extensions/struts2/build/classes.bar into /home/travis/build/google/guice/extensions/struts2/build

jar:
      [jar] Building jar: /home/travis/build/google/guice/extensions/struts2/build/guice-struts2-plugin-snapshot.jar

distjars:

source.jar:
    [mkdir] Created dir: /home/travis/build/google/guice/extensions/assistedinject/build
      [zip] Building zip: /home/travis/build/google/guice/extensions/assistedinject/build/guice-assistedinject-snapshot-src.jar

compile:
    [mkdir] Created dir: /home/travis/build/google/guice/extensions/assistedinject/build/classes
    [javac] Compiling 13 source files to /home/travis/build/google/guice/extensions/assistedinject/build/classes
    [javac] warning: [options] bootstrap class path not set in conjunction with -source 1.6
    [javac] /home/travis/build/google/guice/extensions/assistedinject/src/com/google/inject/assistedinject/FactoryProvider.java:379: warning: [rawtypes] found raw type: Class
    [javac]         new Class[] { factoryRawType }, invocationHandler));
    [javac]             ^
    [javac]   missing type arguments for generic class Class<T>
    [javac]   where T is a type-variable:
    [javac]     T extends Object declared in class Class
    [javac] /home/travis/build/google/guice/extensions/assistedinject/src/com/google/inject/assistedinject/FactoryProvider2.java:308: warning: [rawtypes] found raw type: Class
    [javac]         new Class[] { factoryRawType }, this));
    [javac]             ^
    [javac]   missing type arguments for generic class Class<T>
    [javac]   where T is a type-variable:
    [javac]     T extends Object declared in class Class
    [javac] 3 warnings
    [javac] Creating empty /home/travis/build/google/guice/extensions/assistedinject/build/classes/com/google/inject/assistedinject/package-info.class

manifest:
  [bndwrap] classes 19 0
    [unjar] Expanding: /home/travis/build/google/guice/extensions/assistedinject/build/classes.bar into /home/travis/build/google/guice/extensions/assistedinject/build

jar:
      [jar] Building jar: /home/travis/build/google/guice/extensions/assistedinject/build/guice-assistedinject-snapshot.jar

distjars:

source.jar:
    [mkdir] Created dir: /home/travis/build/google/guice/extensions/jmx/build
      [zip] Building zip: /home/travis/build/google/guice/extensions/jmx/build/guice-jmx-snapshot-src.jar

compile:
    [mkdir] Created dir: /home/travis/build/google/guice/extensions/jmx/build/classes
    [javac] Compiling 4 source files to /home/travis/build/google/guice/extensions/jmx/build/classes
    [javac] warning: [options] bootstrap class path not set in conjunction with -source 1.6
    [javac] /home/travis/build/google/guice/extensions/jmx/src/com/google/inject/tools/jmx/ManagedBinding.java:23: warning: [rawtypes] found raw type: Binding
    [javac]   final Binding binding;
    [javac]         ^
    [javac]   missing type arguments for generic class Binding<T>
    [javac]   where T is a type-variable:
    [javac]     T extends Object declared in interface Binding
    [javac] /home/travis/build/google/guice/extensions/jmx/src/com/google/inject/tools/jmx/ManagedBinding.java:25: warning: [rawtypes] found raw type: Binding
    [javac]   ManagedBinding(Binding binding) {
    [javac]                  ^
    [javac]   missing type arguments for generic class Binding<T>
    [javac]   where T is a type-variable:
    [javac]     T extends Object declared in interface Binding
    [javac] 3 warnings
    [javac] Creating empty /home/travis/build/google/guice/extensions/jmx/build/classes/com/google/inject/tools/jmx/package-info.class

manifest:
  [bndwrap] classes 4 0
    [unjar] Expanding: /home/travis/build/google/guice/extensions/jmx/build/classes.bar into /home/travis/build/google/guice/extensions/jmx/build

jar:
      [jar] Building jar: /home/travis/build/google/guice/extensions/jmx/build/guice-jmx-snapshot.jar

distjars:

source.jar:
    [mkdir] Created dir: /home/travis/build/google/guice/extensions/jndi/build
      [zip] Building zip: /home/travis/build/google/guice/extensions/jndi/build/guice-jndi-snapshot-src.jar

compile:
    [mkdir] Created dir: /home/travis/build/google/guice/extensions/jndi/build/classes
    [javac] Compiling 2 source files to /home/travis/build/google/guice/extensions/jndi/build/classes
    [javac] warning: [options] bootstrap class path not set in conjunction with -source 1.6
    [javac] 1 warning
    [javac] Creating empty /home/travis/build/google/guice/extensions/jndi/build/classes/com/google/inject/jndi/package-info.class

manifest:
  [bndwrap] classes 3 0
    [unjar] Expanding: /home/travis/build/google/guice/extensions/jndi/build/classes.bar into /home/travis/build/google/guice/extensions/jndi/build

jar:
      [jar] Building jar: /home/travis/build/google/guice/extensions/jndi/build/guice-jndi-snapshot.jar

distjars:

source.jar:
    [mkdir] Created dir: /home/travis/build/google/guice/extensions/throwingproviders/build
      [zip] Building zip: /home/travis/build/google/guice/extensions/throwingproviders/build/guice-throwingproviders-snapshot-src.jar

compile:
    [mkdir] Created dir: /home/travis/build/google/guice/extensions/throwingproviders/build/classes
    [javac] Compiling 10 source files to /home/travis/build/google/guice/extensions/throwingproviders/build/classes
    [javac] warning: [options] bootstrap class path not set in conjunction with -source 1.6
    [javac] /home/travis/build/google/guice/extensions/throwingproviders/src/com/google/inject/throwingproviders/CheckedProvideUtils.java:79: warning: [rawtypes] found raw type: CheckedProvider
    [javac]       Class<? extends CheckedProvider> checkedProvider) {
    [javac]                       ^
    [javac]   missing type arguments for generic class CheckedProvider<T>
    [javac]   where T is a type-variable:
    [javac]     T extends Object declared in interface CheckedProvider
    [javac] /home/travis/build/google/guice/extensions/throwingproviders/src/com/google/inject/throwingproviders/ThrowingProviderBinder.java:113: warning: [rawtypes] found raw type: CheckedProvider
    [javac]   public <P extends CheckedProvider> SecondaryBinder<P, ?> 
    [javac]                     ^
    [javac]   missing type arguments for generic class CheckedProvider<T>
    [javac]   where T is a type-variable:
    [javac]     T extends Object declared in interface CheckedProvider
    [javac] /home/travis/build/google/guice/extensions/throwingproviders/src/com/google/inject/throwingproviders/ThrowingProviderBinder.java:118: warning: [rawtypes] found raw type: CheckedProvider
    [javac]   public <P extends CheckedProvider, T> SecondaryBinder<P, T> 
    [javac]                     ^
    [javac]   missing type arguments for generic class CheckedProvider<T>
    [javac]   where T is a type-variable:
    [javac]     T extends Object declared in interface CheckedProvider
    [javac] /home/travis/build/google/guice/extensions/throwingproviders/src/com/google/inject/throwingproviders/ThrowingProviderBinder.java:123: warning: [rawtypes] found raw type: CheckedProvider
    [javac]   public <P extends CheckedProvider, T> SecondaryBinder<P, T> 
    [javac]                     ^
    [javac]   missing type arguments for generic class CheckedProvider<T>
    [javac]   where T is a type-variable:
    [javac]     T extends Object declared in interface CheckedProvider
    [javac] /home/travis/build/google/guice/extensions/throwingproviders/src/com/google/inject/throwingproviders/ThrowingProviderBinder.java:128: warning: [rawtypes] found raw type: CheckedProvider
    [javac]   public class SecondaryBinder<P extends CheckedProvider, T> {
    [javac]                                          ^
    [javac]   missing type arguments for generic class CheckedProvider<T>
    [javac]   where T is a type-variable:
    [javac]     T extends Object declared in interface CheckedProvider
    [javac] /home/travis/build/google/guice/extensions/throwingproviders/src/com/google/inject/throwingproviders/ThrowingProviderBinder.java:239: warning: [rawtypes] found raw type: CheckedProvider
    [javac]       Key<CheckedProvider> targetKey = Key.get(CheckedProvider.class, UniqueAnnotations.create());
    [javac]           ^
    [javac]   missing type arguments for generic class CheckedProvider<T>
    [javac]   where T is a type-variable:
    [javac]     T extends Object declared in interface CheckedProvider
    [javac] /home/travis/build/google/guice/extensions/throwingproviders/src/com/google/inject/throwingproviders/ThrowingProviderBinder.java:245: warning: [rawtypes] found raw type: CheckedProviderMethod
    [javac]       Key<CheckedProviderMethod> targetKey =
    [javac]           ^
    [javac]   missing type arguments for generic class CheckedProviderMethod<T>
    [javac]   where T is a type-variable:
    [javac]     T extends Object declared in class CheckedProviderMethod
    [javac] /home/travis/build/google/guice/extensions/throwingproviders/src/com/google/inject/throwingproviders/ThrowingProviderBinder.java:257: warning: [rawtypes] found raw type: CheckedProvider
    [javac]     private ScopedBindingBuilder toInternal(final Key<? extends CheckedProvider> targetKey) {
    [javac]                                                                 ^
    [javac]   missing type arguments for generic class CheckedProvider<T>
    [javac]   where T is a type-variable:
    [javac]     T extends Object declared in interface CheckedProvider
    [javac] /home/travis/build/google/guice/extensions/throwingproviders/src/com/google/inject/throwingproviders/ThrowingProviderBinder.java:260: warning: [rawtypes] found raw type: CheckedProvider
    [javac]       final Provider<? extends CheckedProvider> targetProvider = binder.getProvider(targetKey);
    [javac]                                ^
    [javac]   missing type arguments for generic class CheckedProvider<T>
    [javac]   where T is a type-variable:
    [javac]     T extends Object declared in interface CheckedProvider
    [javac] /home/travis/build/google/guice/extensions/throwingproviders/src/com/google/inject/throwingproviders/ThrowingProviderBinder.java:347: warning: [deprecation] ThrowingProvider in com.google.inject.throwingproviders has been deprecated
    [javac]       boolean tpMode = interfaceType.getInterfaces()[0] == ThrowingProvider.class;      
    [javac]                                                            ^
    [javac] /home/travis/build/google/guice/extensions/throwingproviders/src/com/google/inject/throwingproviders/CheckedProviderMethod.java:51: warning: [rawtypes] found raw type: CheckedProvider
    [javac]   private final Class<? extends CheckedProvider> checkedProvider;
    [javac]                                 ^
    [javac]   missing type arguments for generic class CheckedProvider<T>
    [javac]   where T is a type-variable:
    [javac]     T extends Object declared in interface CheckedProvider
    [javac] /home/travis/build/google/guice/extensions/throwingproviders/src/com/google/inject/throwingproviders/CheckedProviderMethod.java:61: warning: [rawtypes] found raw type: CheckedProvider
    [javac]       Class<? extends CheckedProvider> checkedProvider,
    [javac]                       ^
    [javac]   missing type arguments for generic class CheckedProvider<T>
    [javac]   where T is a type-variable:
    [javac]     T extends Object declared in interface CheckedProvider
    [javac] /home/travis/build/google/guice/extensions/throwingproviders/src/com/google/inject/throwingproviders/CheckedProviderMethodsModule.java:90: warning: [rawtypes] found raw type: CheckedProvider
    [javac]       Class<? extends CheckedProvider> throwingProvider) {
    [javac]                       ^
    [javac]   missing type arguments for generic class CheckedProvider<T>
    [javac]   where T is a type-variable:
    [javac]     T extends Object declared in interface CheckedProvider
    [javac] /home/travis/build/google/guice/extensions/throwingproviders/src/com/google/inject/throwingproviders/CheckedProvides.java:44: warning: [rawtypes] found raw type: CheckedProvider
    [javac]   Class<? extends CheckedProvider> value();
    [javac]                   ^
    [javac]   missing type arguments for generic class CheckedProvider<T>
    [javac]   where T is a type-variable:
    [javac]     T extends Object declared in interface CheckedProvider
    [javac] 15 warnings
    [javac] Creating empty /home/travis/build/google/guice/extensions/throwingproviders/build/classes/com/google/inject/throwingproviders/package-info.class

manifest:
  [bndwrap] Should not skip: ^
  [bndwrap] classes 18 0
    [unjar] Expanding: /home/travis/build/google/guice/extensions/throwingproviders/build/classes.bar into /home/travis/build/google/guice/extensions/throwingproviders/build

jar:
      [jar] Building jar: /home/travis/build/google/guice/extensions/throwingproviders/build/guice-throwingproviders-snapshot.jar

distjars:

source.jar:
    [mkdir] Created dir: /home/travis/build/google/guice/extensions/multibindings/build
      [zip] Building zip: /home/travis/build/google/guice/extensions/multibindings/build/guice-multibindings-snapshot-src.jar

compile:
    [mkdir] Created dir: /home/travis/build/google/guice/extensions/multibindings/build/classes
    [javac] Compiling 11 source files to /home/travis/build/google/guice/extensions/multibindings/build/classes
    [javac] warning: [options] bootstrap class path not set in conjunction with -source 1.6
    [javac] /home/travis/build/google/guice/extensions/multibindings/src/com/google/inject/multibindings/Multibinder.java:290: warning: [rawtypes] found raw type: Key
    [javac]       Key key = (Key) collectionOfProvidersKey;
    [javac]       ^
    [javac]   missing type arguments for generic class Key<T>
    [javac]   where T is a type-variable:
    [javac]     T extends Object declared in class Key
    [javac] /home/travis/build/google/guice/extensions/multibindings/src/com/google/inject/multibindings/Multibinder.java:291: warning: [unchecked] unchecked conversion
    [javac]       binder.bind(collectionOfJavaxProvidersKey).to(key);
    [javac]                                                     ^
    [javac]   required: Key<? extends Collection<Provider<T>>>
    [javac]   found:    Key
    [javac]   where T is a type-variable:
    [javac]     T extends Object declared in class RealMultibinder
    [javac] /home/travis/build/google/guice/extensions/multibindings/src/com/google/inject/multibindings/Multibinder.java:453: warning: [rawtypes] found raw type: Provider
    [javac]         Provider<T>[] providers = new Provider[size];
    [javac]                                       ^
    [javac]   missing type arguments for generic class Provider<T>
    [javac]   where T is a type-variable:
    [javac]     T extends Object declared in interface Provider
    [javac] /home/travis/build/google/guice/extensions/multibindings/src/com/google/inject/multibindings/Multibinder.java:466: warning: [rawtypes] found raw type: Key
    [javac]           Key key = dependency.getKey();
    [javac]           ^
    [javac]   missing type arguments for generic class Key<T>
    [javac]   where T is a type-variable:
    [javac]     T extends Object declared in class Key
    [javac] /home/travis/build/google/guice/extensions/multibindings/src/com/google/inject/multibindings/Multibinder.java:468: warning: [unchecked] unchecked conversion
    [javac]               Dependency.get(key.ofType(Types.providerOf(key.getTypeLiteral().getType()))));
    [javac]                                        ^
    [javac]   required: Key<T>
    [javac]   found:    Key
    [javac]   where T is a type-variable:
    [javac]     T extends Object declared in method <T>get(Key<T>)
    [javac] /home/travis/build/google/guice/extensions/multibindings/src/com/google/inject/multibindings/Multibinder.java:468: warning: [unchecked] unchecked method invocation: method get in class Dependency is applied to given types
    [javac]               Dependency.get(key.ofType(Types.providerOf(key.getTypeLiteral().getType()))));
    [javac]                             ^
    [javac]   required: Key<T>
    [javac]   found: Key
    [javac]   where T is a type-variable:
    [javac]     T extends Object declared in method <T>get(Key<T>)
    [javac] /home/travis/build/google/guice/extensions/multibindings/src/com/google/inject/multibindings/Multibinder.java:473: warning: [rawtypes] found raw type: Key
    [javac]       Key getCollectionKey() {
    [javac]       ^
    [javac]   missing type arguments for generic class Key<T>
    [javac]   where T is a type-variable:
    [javac]     T extends Object declared in class Key
    [javac] /home/travis/build/google/guice/extensions/multibindings/src/com/google/inject/multibindings/MapBinder.java:378: warning: [rawtypes] found raw type: Key
    [javac]       Key massagedProviderMapKey = (Key)providerMapKey;
    [javac]       ^
    [javac]   missing type arguments for generic class Key<T>
    [javac]   where T is a type-variable:
    [javac]     T extends Object declared in class Key
    [javac] /home/travis/build/google/guice/extensions/multibindings/src/com/google/inject/multibindings/MapBinder.java:379: warning: [unchecked] unchecked conversion
    [javac]       binder.bind(javaxProviderMapKey).to(massagedProviderMapKey);
    [javac]                                           ^
    [javac]   required: Key<? extends Map<K,Provider<V>>>
    [javac]   found:    Key
    [javac]   where K,V are type-variables:
    [javac]     K extends Object declared in class RealMapBinder
    [javac]     V extends Object declared in class RealMapBinder
    [javac] /home/travis/build/google/guice/extensions/multibindings/src/com/google/inject/multibindings/MapBinder.java:759: warning: [rawtypes] found raw type: Entry
    [javac]            Map.Entry o = (Map.Entry)obj;
    [javac]               ^
    [javac]   missing type arguments for generic class Entry<K,V>
    [javac]   where K,V are type-variables:
    [javac]     K extends Object declared in interface Entry
    [javac]     V extends Object declared in interface Entry
    [javac] /home/travis/build/google/guice/extensions/multibindings/src/com/google/inject/multibindings/OptionalBinder.java:300: warning: [rawtypes] found raw type: Key
    [javac]     private final Key javaOptionalKey;
    [javac]                   ^
    [javac]   missing type arguments for generic class Key<T>
    [javac]   where T is a type-variable:
    [javac]     T extends Object declared in class Key
    [javac] /home/travis/build/google/guice/extensions/multibindings/src/com/google/inject/multibindings/OptionalBinder.java:301: warning: [rawtypes] found raw type: Key
    [javac]     private final Key javaOptionalJavaxProviderKey;
    [javac]                   ^
    [javac]   missing type arguments for generic class Key<T>
    [javac]   where T is a type-variable:
    [javac]     T extends Object declared in class Key
    [javac] /home/travis/build/google/guice/extensions/multibindings/src/com/google/inject/multibindings/OptionalBinder.java:302: warning: [rawtypes] found raw type: Key
    [javac]     private final Key javaOptionalProviderKey;
    [javac]                   ^
    [javac]   missing type arguments for generic class Key<T>
    [javac]   where T is a type-variable:
    [javac]     T extends Object declared in class Key
    [javac] /home/travis/build/google/guice/extensions/multibindings/src/com/google/inject/multibindings/OptionalBinder.java:372: warning: [rawtypes] found raw type: Key
    [javac]       Key massagedOptionalProviderKey = (Key) optionalProviderKey;
    [javac]       ^
    [javac]   missing type arguments for generic class Key<T>
    [javac]   where T is a type-variable:
    [javac]     T extends Object declared in class Key
    [javac] /home/travis/build/google/guice/extensions/multibindings/src/com/google/inject/multibindings/OptionalBinder.java:373: warning: [unchecked] unchecked conversion
    [javac]       binder.bind(optionalJavaxProviderKey).to(massagedOptionalProviderKey);
    [javac]                                                ^
    [javac]   required: Key<? extends Optional<Provider<T>>>
    [javac]   found:    Key
    [javac]   where T is a type-variable:
    [javac]     T extends Object declared in class RealOptionalBinder
    [javac] 16 warnings
    [javac] Creating empty /home/travis/build/google/guice/extensions/multibindings/build/classes/com/google/inject/multibindings/package-info.class

manifest:
  [bndwrap] classes 43 0
    [unjar] Expanding: /home/travis/build/google/guice/extensions/multibindings/build/classes.bar into /home/travis/build/google/guice/extensions/multibindings/build

jar:
      [jar] Building jar: /home/travis/build/google/guice/extensions/multibindings/build/guice-multibindings-snapshot.jar

distjars:

source.jar:
    [mkdir] Created dir: /home/travis/build/google/guice/extensions/persist/build
      [zip] Building zip: /home/travis/build/google/guice/extensions/persist/build/guice-persist-snapshot-src.jar

compile:
    [mkdir] Created dir: /home/travis/build/google/guice/extensions/persist/build/classes
    [javac] Compiling 17 source files to /home/travis/build/google/guice/extensions/persist/build/classes
    [javac] warning: [options] bootstrap class path not set in conjunction with -source 1.6
    [javac] /home/travis/build/google/guice/extensions/persist/src/com/google/inject/persist/finder/Finder.java:50: warning: [rawtypes] found raw type: Collection
    [javac]   Class<? extends Collection> returnAs() default Collection.class;
    [javac]                   ^
    [javac]   missing type arguments for generic class Collection<E>
    [javac]   where E is a type-variable:
    [javac]     E extends Object declared in interface Collection
    [javac] /home/travis/build/google/guice/extensions/persist/src/com/google/inject/persist/jpa/JpaFinderProxy.java:86: warning: [rawtypes] found raw type: List
    [javac]       List results) {
    [javac]       ^
    [javac]   missing type arguments for generic class List<E>
    [javac]   where E is a type-variable:
    [javac]     E extends Object declared in interface List
    [javac] /home/travis/build/google/guice/extensions/persist/src/com/google/inject/persist/jpa/JpaFinderProxy.java:104: warning: [unchecked] unchecked conversion
    [javac]     collection.addAll(results);
    [javac]                       ^
    [javac]   required: Collection<? extends CAP#1>
    [javac]   found:    List
    [javac]   where CAP#1 is a fresh type-variable:
    [javac]     CAP#1 extends Object from capture of ?
    [javac] /home/travis/build/google/guice/extensions/persist/src/com/google/inject/persist/jpa/JpaFinderProxy.java:250: warning: [rawtypes] found raw type: Collection
    [javac]     volatile Class<? extends Collection> returnCollectionType;
    [javac]                              ^
    [javac]   missing type arguments for generic class Collection<E>
    [javac]   where E is a type-variable:
    [javac]     E extends Object declared in interface Collection
    [javac] /home/travis/build/google/guice/extensions/persist/src/com/google/inject/persist/jpa/JpaFinderProxy.java:251: warning: [rawtypes] found raw type: Constructor
    [javac]     volatile Constructor returnCollectionTypeConstructor;
    [javac]              ^
    [javac]   missing type arguments for generic class Constructor<T>
    [javac]   where T is a type-variable:
    [javac]     T extends Object declared in class Constructor
    [javac] 6 warnings
    [javac] Creating empty /home/travis/build/google/guice/extensions/persist/build/classes/com/google/inject/persist/jpa/package-info.class
    [javac] Creating empty /home/travis/build/google/guice/extensions/persist/build/classes/com/google/inject/persist/finder/package-info.class
    [javac] Creating empty /home/travis/build/google/guice/extensions/persist/build/classes/com/google/inject/persist/package-info.class

manifest:
  [bndwrap] classes 25 0
    [unjar] Expanding: /home/travis/build/google/guice/extensions/persist/build/classes.bar into /home/travis/build/google/guice/extensions/persist/build

jar:
      [jar] Building jar: /home/travis/build/google/guice/extensions/persist/build/guice-persist-snapshot.jar

distjars:

source.jar:
    [mkdir] Created dir: /home/travis/build/google/guice/extensions/grapher/build
      [zip] Building zip: /home/travis/build/google/guice/extensions/grapher/build/guice-grapher-snapshot-src.jar

compile:
    [mkdir] Created dir: /home/travis/build/google/guice/extensions/grapher/build/classes
    [javac] Compiling 34 source files to /home/travis/build/google/guice/extensions/grapher/build/classes
    [javac] warning: [options] bootstrap class path not set in conjunction with -source 1.6
    [javac] 1 warning

manifest:
  [bndwrap] classes 42 0
    [unjar] Expanding: /home/travis/build/google/guice/extensions/grapher/build/classes.bar into /home/travis/build/google/guice/extensions/grapher/build

jar:
      [jar] Building jar: /home/travis/build/google/guice/extensions/grapher/build/guice-grapher-snapshot.jar

distjars:

source.jar:
    [mkdir] Created dir: /home/travis/build/google/guice/extensions/testlib/build
      [zip] Building zip: /home/travis/build/google/guice/extensions/testlib/build/guice-testlib-snapshot-src.jar

compile:
    [mkdir] Created dir: /home/travis/build/google/guice/extensions/testlib/build/classes
    [javac] Compiling 2 source files to /home/travis/build/google/guice/extensions/testlib/build/classes
    [javac] warning: [options] bootstrap class path not set in conjunction with -source 1.6
    [javac] 1 warning

manifest:
  [bndwrap] classes 5 0
    [unjar] Expanding: /home/travis/build/google/guice/extensions/testlib/build/classes.bar into /home/travis/build/google/guice/extensions/testlib/build

jar:
      [jar] Building jar: /home/travis/build/google/guice/extensions/testlib/build/guice-testlib-snapshot.jar

distjars:
     [copy] Copying 2 files to /home/travis/build/google/guice/build/dist
     [copy] Copying 2 files to /home/travis/build/google/guice/build/dist
     [copy] Copying 2 files to /home/travis/build/google/guice/build/dist
     [copy] Copying 2 files to /home/travis/build/google/guice/build/dist
     [copy] Copying 2 files to /home/travis/build/google/guice/build/dist
     [copy] Copying 2 files to /home/travis/build/google/guice/build/dist
     [copy] Copying 2 files to /home/travis/build/google/guice/build/dist
     [copy] Copying 2 files to /home/travis/build/google/guice/build/dist
     [copy] Copying 2 files to /home/travis/build/google/guice/build/dist
     [copy] Copying 2 files to /home/travis/build/google/guice/build/dist
     [copy] Copying 2 files to /home/travis/build/google/guice/build/dist
     [copy] Copying 1 file to /home/travis/build/google/guice/build/dist
     [copy] Copying 3 files to /home/travis/build/google/guice/build/dist
      [zip] Building zip: /home/travis/build/google/guice/build/guice-snapshot.zip
      [zip] Building zip: /home/travis/build/google/guice/build/guice-snapshot-src.zip

test.dist:

compile:

jar.withdeps:
   [jarjar] Building jar: /home/travis/build/google/guice/build/guice-with-deps.jar

manifest:
  [bndwrap] classes 341 429962
    [unjar] Expanding: /home/travis/build/google/guice/build/classes.bar into /home/travis/build/google/guice/build

jar:
      [jar] Building jar: /home/travis/build/google/guice/build/dist/guice-snapshot.jar

test.compile:
    [mkdir] Created dir: /home/travis/build/google/guice/build/test
    [javac] Compiling 85 source files to /home/travis/build/google/guice/build/test
    [javac] warning: [options] bootstrap class path not set in conjunction with -source 1.6
    [javac] Note: Some input files use or override a deprecated API.
    [javac] Note: Recompile with -Xlint:deprecation for details.
    [javac] Note: Some input files use unchecked or unsafe operations.
    [javac] Note: Recompile with -Xlint:unchecked for details.
    [javac] 1 warning

test.withdeps:
   [jarjar] Building jar: /home/travis/build/google/guice/build/guice-snapshot-tests.jar

test.dist.run:
    [junit] Nov 07, 2014 7:45:43 PM com.google.inject.spi.InjectionPoint getInjectionPoints
    [junit] WARNING: Method: protected void org.atinject.tck.auto.accessories.SpareTire.injectProtectedMethodForOverride() is not annotated with @Inject but is overriding a method that is annotated with @javax.inject.Inject.  Because it is not annotated with @Inject, the method will not be injected. To fix this, annotate the method with @Inject.
    [junit] Nov 07, 2014 7:45:43 PM com.google.inject.spi.InjectionPoint getInjectionPoints
    [junit] WARNING: Method: public void org.atinject.tck.auto.accessories.SpareTire.injectPublicMethodForOverride() is not annotated with @Inject but is overriding a method that is annotated with @javax.inject.Inject.  Because it is not annotated with @Inject, the method will not be injected. To fix this, annotate the method with @Inject.
    [junit] Nov 07, 2014 7:45:43 PM com.google.inject.spi.InjectionPoint getInjectionPoints
    [junit] WARNING: Method: void org.atinject.tck.auto.accessories.SpareTire.injectPackagePrivateMethod3() is not annotated with @Inject but is overriding a method that is annotated with @javax.inject.Inject.  Because it is not annotated with @Inject, the method will not be injected. To fix this, annotate the method with @Inject.
    [junit] Nov 07, 2014 7:45:44 PM com.google.inject.spi.InjectionPoint getInjectionPoints
    [junit] WARNING: Method: public void org.atinject.tck.auto.GasEngine.injectTwiceOverriddenWithOmissionInMiddle() is not annotated with @Inject but is overriding a method that is annotated with @javax.inject.Inject.  Because it is not annotated with @Inject, the method will not be injected. To fix this, annotate the method with @Inject.
    [junit] Nov 07, 2014 7:45:44 PM com.google.inject.spi.InjectionPoint getInjectionPoints
    [junit] WARNING: Method: void org.atinject.tck.auto.V8Engine.injectPackagePrivateMethodForOverride() is not annotated with @Inject but is overriding a method that is annotated with @javax.inject.Inject.  Because it is not annotated with @Inject, the method will not be injected. To fix this, annotate the method with @Inject.
    [junit] Nov 07, 2014 7:45:44 PM com.google.inject.spi.InjectionPoint getInjectionPoints
    [junit] WARNING: Method: public void org.atinject.tck.auto.V8Engine.injectTwiceOverriddenWithOmissionInSubclass() is not annotated with @Inject but is overriding a method that is annotated with @javax.inject.Inject.  Because it is not annotated with @Inject, the method will not be injected. To fix this, annotate the method with @Inject.
    [junit] Nov 07, 2014 7:45:44 PM com.google.inject.spi.InjectionPoint getInjectionPoints
    [junit] WARNING: Method: public void org.atinject.tck.auto.V8Engine.injectQualifiers(org.atinject.tck.auto.Seat,org.atinject.tck.auto.Seat,org.atinject.tck.auto.Tire,org.atinject.tck.auto.Tire) is not annotated with @Inject but is overriding a method that is annotated with @javax.inject.Inject.  Because it is not annotated with @Inject, the method will not be injected. To fix this, annotate the method with @Inject.
    [junit] .........................................
    [junit] ..................................com.google.inject.CreationException: Unable to create injector, see the following errors:
    [junit] 
    [junit] 1) A binding to com.google.inject.BinderTest$HasImplementedBy1 was already configured at com.google.inject.BinderTest$19.configure(BinderTest.java:347).
    [junit]   at com.google.inject.BinderTest$19.configure(BinderTest.java:346)
    [junit] 
    [junit] 1 error
    [junit] 	at com.google.inject.internal.Errors.throwCreationExceptionIfErrorsExist(Errors.java:448)
    [junit] 	at com.google.inject.internal.InternalInjectorCreator.initializeStatically(InternalInjectorCreator.java:155)
    [junit] 	at com.google.inject.internal.InternalInjectorCreator.build(InternalInjectorCreator.java:107)
    [junit] 	at com.google.inject.Guice.createInjector(Guice.java:96)
    [junit] 	at com.google.inject.Guice.createInjector(Guice.java:73)
    [junit] 	at com.google.inject.Guice.createInjector(Guice.java:62)
    [junit] 	at com.google.inject.BinderTest.testSettingAtImplementedByTwice(BinderTest.java:343)
    [junit] 	at sun.reflect.NativeMethodAccessorImpl.invoke0(Native Method)
    [junit] 	at sun.reflect.NativeMethodAccessorImpl.invoke(NativeMethodAccessorImpl.java:57)
    [junit] 	at sun.reflect.DelegatingMethodAccessorImpl.invoke(DelegatingMethodAccessorImpl.java:43)
    [junit] 	at java.lang.reflect.Method.invoke(Method.java:606)
    [junit] 	at junit.framework.TestCase.runTest(TestCase.java:154)
    [junit] 	at junit.framework.TestCase.runBare(TestCase.java:127)
    [junit] 	at junit.framework.TestResult$1.protect(TestResult.java:106)
    [junit] 	at junit.framework.TestResult.runProtected(TestResult.java:124)
    [junit] 	at junit.framework.TestResult.run(TestResult.java:109)
    [junit] 	at junit.framework.TestCase.run(TestCase.java:118)
    [junit] 	at junit.framework.TestSuite.runTest(TestSuite.java:208)
    [junit] 	at junit.framework.TestSuite.run(TestSuite.java:203)
    [junit] 	at junit.framework.TestSuite.runTest(TestSuite.java:208)
    [junit] 	at junit.framework.TestSuite.run(TestSuite.java:203)
    [junit] 	at junit.textui.TestRunner.doRun(TestRunner.java:116)
    [junit] 	at junit.textui.TestRunner.start(TestRunner.java:172)
    [junit] 	at junit.textui.TestRunner.main(TestRunner.java:138)
    [junit] .......
    [junit] Nov 07, 2014 7:45:44 PM com.google.inject.internal.MessageProcessor visit
    [junit] INFO: An exception was caught and reported. Message: java.lang.IllegalArgumentException
    [junit] java.lang.IllegalArgumentException
    [junit] 	at com.google.inject.BinderTest$24.configure(BinderTest.java:450)
    [junit] 	at com.google.inject.AbstractModule.configure(AbstractModule.java:62)
    [junit] 	at com.google.inject.spi.Elements$RecordingBinder.install(Elements.java:253)
    [junit] 	at com.google.inject.spi.Elements.getElements(Elements.java:108)
    [junit] 	at com.google.inject.internal.InjectorShell$Builder.build(InjectorShell.java:135)
    [junit] 	at com.google.inject.internal.InternalInjectorCreator.build(InternalInjectorCreator.java:104)
    [junit] 	at com.google.inject.Guice.createInjector(Guice.java:96)
    [junit] 	at com.google.inject.Guice.createInjector(Guice.java:73)
    [junit] 	at com.google.inject.Guice.createInjector(Guice.java:62)
    [junit] 	at com.google.inject.BinderTest.testUserReportedErrorsAreAlsoLogged(BinderTest.java:447)
    [junit] 	at sun.reflect.NativeMethodAccessorImpl.invoke0(Native Method)
    [junit] 	at sun.reflect.NativeMethodAccessorImpl.invoke(NativeMethodAccessorImpl.java:57)
    [junit] 	at sun.reflect.DelegatingMethodAccessorImpl.invoke(DelegatingMethodAccessorImpl.java:43)
    [junit] 	at java.lang.reflect.Method.invoke(Method.java:606)
    [junit] 	at junit.framework.TestCase.runTest(TestCase.java:154)
    [junit] 	at junit.framework.TestCase.runBare(TestCase.java:127)
    [junit] 	at junit.framework.TestResult$1.protect(TestResult.java:106)
    [junit] 	at junit.framework.TestResult.runProtected(TestResult.java:124)
    [junit] 	at junit.framework.TestResult.run(TestResult.java:109)
    [junit] 	at junit.framework.TestCase.run(TestCase.java:118)
    [junit] 	at junit.framework.TestSuite.runTest(TestSuite.java:208)
    [junit] 	at junit.framework.TestSuite.run(TestSuite.java:203)
    [junit] 	at junit.framework.TestSuite.runTest(TestSuite.java:208)
    [junit] 	at junit.framework.TestSuite.run(TestSuite.java:203)
    [junit] 	at junit.textui.TestRunner.doRun(TestRunner.java:116)
    [junit] 	at junit.textui.TestRunner.start(TestRunner.java:172)
    [junit] 	at junit.textui.TestRunner.main(TestRunner.java:138)
    [junit] 
    [junit] .........................................
    [junit] .........................................
    [junit] .........................................
    [junit] .........................................
    [junit] .........................................
    [junit] .........................................
    [junit] .........................................
    [junit] .........................................
    [junit] .........................................
    [junit] .........................................
    [junit] .........................................
    [junit] .........................................
    [junit] .........................................
    [junit] .........................................
    [junit] .........................................
    [junit] ..................................Nov 07, 2014 7:45:54 PM com.google.inject.spi.InjectionPoint getInjectionPoints
    [junit] WARNING: Method: public void com.google.inject.spi.InjectionPointTest$Sub.atInject() is not annotated with @Inject but is overriding a method that is annotated with @javax.inject.Inject.  Because it is not annotated with @Inject, the method will not be injected. To fix this, annotate the method with @Inject.
    [junit] Nov 07, 2014 7:45:54 PM com.google.inject.spi.InjectionPoint getInjectionPoints
    [junit] WARNING: Method: public void com.google.inject.spi.InjectionPointTest$Sub.atInject() is not annotated with @Inject but is overriding a method that is annotated with @javax.inject.Inject.  Because it is not annotated with @Inject, the method will not be injected. To fix this, annotate the method with @Inject.
    [junit] Nov 07, 2014 7:45:54 PM com.google.inject.spi.InjectionPoint getInjectionPoints
    [junit] WARNING: Method: public void com.google.inject.spi.InjectionPointTest$SubSub.privateGAndPublicAt() is not annotated with @Inject but is overriding a method that is annotated with @javax.inject.Inject.  Because it is not annotated with @Inject, the method will not be injected. To fix this, annotate the method with @Inject.
    [junit] .......
    [junit] .........................................
    [junit] .........................................
    [junit] .............................aopalliance.jar 9 4575
    [junit] javax.inject.jar 6 2842
    [junit] Should not skip: ^
    [junit] Should not skip: ^
    [junit] Should not skip: ^
    [junit] Should not skip: ^
    [junit] Should not skip: ^
    [junit] Should not skip: ^
    [junit] Should not skip: ^
    [junit] Should not skip: ^
    [junit] Should not skip: ^
    [junit] Should not skip: ^
    [junit] Should not skip: ^
    [junit] guava.jar 1675 2199487
    [junit] osgitests.jar 28 20418
    [junit] ............
    [junit] ..
    [junit] Time: 16.182
    [junit] 
    [junit] OK (863 tests)
    [junit] 

compile:

jar.withdeps:
   [jarjar] Building jar: /home/travis/build/google/guice/build/guice-with-deps.jar

manifest:
  [bndwrap] classes 341 429962
    [unjar] Expanding: /home/travis/build/google/guice/build/classes.bar into /home/travis/build/google/guice/build

jar:
      [jar] Building jar: /home/travis/build/google/guice/build/dist/guice-snapshot.jar

test.compile:

test.withdeps:
   [jarjar] Building jar: /home/travis/build/google/guice/build/guice-snapshot-tests.jar

test.dist.run:
    [junit] Nov 07, 2014 7:46:17 PM com.google.inject.spi.InjectionPoint getInjectionPoints
    [junit] WARNING: Method: protected void org.atinject.tck.auto.accessories.SpareTire.injectProtectedMethodForOverride() is not annotated with @Inject but is overriding a method that is annotated with @javax.inject.Inject.  Because it is not annotated with @Inject, the method will not be injected. To fix this, annotate the method with @Inject.
    [junit] Nov 07, 2014 7:46:17 PM com.google.inject.spi.InjectionPoint getInjectionPoints
    [junit] WARNING: Method: public void org.atinject.tck.auto.accessories.SpareTire.injectPublicMethodForOverride() is not annotated with @Inject but is overriding a method that is annotated with @javax.inject.Inject.  Because it is not annotated with @Inject, the method will not be injected. To fix this, annotate the method with @Inject.
    [junit] Nov 07, 2014 7:46:17 PM com.google.inject.spi.InjectionPoint getInjectionPoints
    [junit] WARNING: Method: void org.atinject.tck.auto.accessories.SpareTire.injectPackagePrivateMethod3() is not annotated with @Inject but is overriding a method that is annotated with @javax.inject.Inject.  Because it is not annotated with @Inject, the method will not be injected. To fix this, annotate the method with @Inject.
    [junit] Nov 07, 2014 7:46:17 PM com.google.inject.spi.InjectionPoint getInjectionPoints
    [junit] WARNING: Method: public void org.atinject.tck.auto.GasEngine.injectTwiceOverriddenWithOmissionInMiddle() is not annotated with @Inject but is overriding a method that is annotated with @javax.inject.Inject.  Because it is not annotated with @Inject, the method will not be injected. To fix this, annotate the method with @Inject.
    [junit] Nov 07, 2014 7:46:17 PM com.google.inject.spi.InjectionPoint getInjectionPoints
    [junit] WARNING: Method: void org.atinject.tck.auto.V8Engine.injectPackagePrivateMethodForOverride() is not annotated with @Inject but is overriding a method that is annotated with @javax.inject.Inject.  Because it is not annotated with @Inject, the method will not be injected. To fix this, annotate the method with @Inject.
    [junit] Nov 07, 2014 7:46:17 PM com.google.inject.spi.InjectionPoint getInjectionPoints
    [junit] WARNING: Method: public void org.atinject.tck.auto.V8Engine.injectQualifiers(org.atinject.tck.auto.Seat,org.atinject.tck.auto.Seat,org.atinject.tck.auto.Tire,org.atinject.tck.auto.Tire) is not annotated with @Inject but is overriding a method that is annotated with @javax.inject.Inject.  Because it is not annotated with @Inject, the method will not be injected. To fix this, annotate the method with @Inject.
    [junit] Nov 07, 2014 7:46:17 PM com.google.inject.spi.InjectionPoint getInjectionPoints
    [junit] WARNING: Method: public void org.atinject.tck.auto.V8Engine.injectTwiceOverriddenWithOmissionInSubclass() is not annotated with @Inject but is overriding a method that is annotated with @javax.inject.Inject.  Because it is not annotated with @Inject, the method will not be injected. To fix this, annotate the method with @Inject.
    [junit] .........................................
    [junit] ...............................com.google.inject.CreationException: Unable to create injector, see the following errors:
    [junit] 
    [junit] 1) A binding to com.google.inject.BinderTest$HasImplementedBy1 was already configured at com.google.inject.BinderTest$19.configure(Unknown Source).
    [junit]   at com.google.inject.BinderTest$19.configure(Unknown Source)
    [junit] 
    [junit] 1 error
    [junit] 	at com.google.inject.internal.Errors.throwCreationExceptionIfErrorsExist(Errors.java:448)
    [junit] 	at com.google.inject.internal.InternalInjectorCreator.initializeStatically(InternalInjectorCreator.java:155)
    [junit] 	at com.google.inject.internal.InternalInjectorCreator.build(InternalInjectorCreator.java:107)
    [junit] 	at com.google.inject.Guice.createInjector(Guice.java:96)
    [junit] 	at com.google.inject.Guice.createInjector(Guice.java:73)
    [junit] 	at com.google.inject.Guice.createInjector(Guice.java:62)
    [junit] 	at com.google.inject.BinderTest.testSettingAtImplementedByTwice(BinderTest.java:343)
    [junit] 	at sun.reflect.NativeMethodAccessorImpl.invoke0(Native Method)
    [junit] 	at sun.reflect.NativeMethodAccessorImpl.invoke(NativeMethodAccessorImpl.java:57)
    [junit] 	at sun.reflect.DelegatingMethodAccessorImpl.invoke(DelegatingMethodAccessorImpl.java:43)
    [junit] 	at java.lang.reflect.Method.invoke(Method.java:606)
    [junit] 	at junit.framework.TestCase.runTest(TestCase.java:154)
    [junit] 	at junit.framework.TestCase.runBare(TestCase.java:127)
    [junit] 	at junit.framework.TestResult$1.protect(TestResult.java:106)
    [junit] 	at junit.framework.TestResult.runProtected(TestResult.java:124)
    [junit] 	at junit.framework.TestResult.run(TestResult.java:109)
    [junit] 	at junit.framework.TestCase.run(TestCase.java:118)
    [junit] 	at junit.framework.TestSuite.runTest(TestSuite.java:208)
    [junit] 	at junit.framework.TestSuite.run(TestSuite.java:203)
    [junit] 	at junit.framework.TestSuite.runTest(TestSuite.java:208)
    [junit] 	at junit.framework.TestSuite.run(TestSuite.java:203)
    [junit] 	at junit.textui.TestRunner.doRun(TestRunner.java:116)
    [junit] 	at junit.textui.TestRunner.start(TestRunner.java:172)
    [junit] 	at junit.textui.TestRunner.main(TestRunner.java:138)
    [junit] .......Nov 07, 2014 7:46:18 PM com.google.inject.internal.MessageProcessor visit
    [junit] INFO: An exception was caught and reported. Message: java.lang.IllegalArgumentException
    [junit] java.lang.IllegalArgumentException
    [junit] 	at com.google.inject.BinderTest$24.configure(BinderTest.java:450)
    [junit] 	at com.google.inject.AbstractModule.configure(AbstractModule.java:62)
    [junit] 	at com.google.inject.spi.Elements$RecordingBinder.install(Elements.java:253)
    [junit] 	at com.google.inject.spi.Elements.getElements(Elements.java:108)
    [junit] 	at com.google.inject.internal.InjectorShell$Builder.build(InjectorShell.java:135)
    [junit] 	at com.google.inject.internal.InternalInjectorCreator.build(InternalInjectorCreator.java:104)
    [junit] 	at com.google.inject.Guice.createInjector(Guice.java:96)
    [junit] 	at com.google.inject.Guice.createInjector(Guice.java:73)
    [junit] 	at com.google.inject.Guice.createInjector(Guice.java:62)
    [junit] 	at com.google.inject.BinderTest.testUserReportedErrorsAreAlsoLogged(BinderTest.java:447)
    [junit] 	at sun.reflect.NativeMethodAccessorImpl.invoke0(Native Method)
    [junit] 	at sun.reflect.NativeMethodAccessorImpl.invoke(NativeMethodAccessorImpl.java:57)
    [junit] 	at sun.reflect.DelegatingMethodAccessorImpl.invoke(DelegatingMethodAccessorImpl.java:43)
    [junit] 	at java.lang.reflect.Method.invoke(Method.java:606)
    [junit] 	at junit.framework.TestCase.runTest(TestCase.java:154)
    [junit] 	at junit.framework.TestCase.runBare(TestCase.java:127)
    [junit] 	at junit.framework.TestResult$1.protect(TestResult.java:106)
    [junit] 	at junit.framework.TestResult.runProtected(TestResult.java:124)
    [junit] 	at junit.framework.TestResult.run(TestResult.java:109)
    [junit] 	at junit.framework.TestCase.run(TestCase.java:118)
    [junit] 	at junit.framework.TestSuite.runTest(TestSuite.java:208)
    [junit] 	at junit.framework.TestSuite.run(TestSuite.java:203)
    [junit] 	at junit.framework.TestSuite.runTest(TestSuite.java:208)
    [junit] 	at junit.framework.TestSuite.run(TestSuite.java:203)
    [junit] 	at junit.textui.TestRunner.doRun(TestRunner.java:116)
    [junit] 	at junit.textui.TestRunner.start(TestRunner.java:172)
    [junit] 	at junit.textui.TestRunner.main(TestRunner.java:138)
    [junit] 
    [junit] ...
    [junit] .........................................
    [junit] .........................................
    [junit] .........................................
    [junit] .........................................
    [junit] .........................................
    [junit] .........................................
    [junit] .........................................
    [junit] .........................................
    [junit] .........................................
    [junit] .........................................
    [junit] .........................................
    [junit] .........................................
    [junit] .........................................
    [junit] .........................................
    [junit] .........................................
    [junit] ................Nov 07, 2014 7:46:28 PM com.google.inject.spi.InjectionPoint getInjectionPoints
    [junit] WARNING: Method: public void com.google.inject.spi.InjectionPointTest$Sub.atInject() is not annotated with @Inject but is overriding a method that is annotated with @javax.inject.Inject.  Because it is not annotated with @Inject, the method will not be injected. To fix this, annotate the method with @Inject.
    [junit] Nov 07, 2014 7:46:28 PM com.google.inject.spi.InjectionPoint getInjectionPoints
    [junit] WARNING: Method: public void com.google.inject.spi.InjectionPointTest$Sub.atInject() is not annotated with @Inject but is overriding a method that is annotated with @javax.inject.Inject.  Because it is not annotated with @Inject, the method will not be injected. To fix this, annotate the method with @Inject.
    [junit] Nov 07, 2014 7:46:28 PM com.google.inject.spi.InjectionPoint getInjectionPoints
    [junit] WARNING: Method: public void com.google.inject.spi.InjectionPointTest$SubSub.privateGAndPublicAt() is not annotated with @Inject but is overriding a method that is annotated with @javax.inject.Inject.  Because it is not annotated with @Inject, the method will not be injected. To fix this, annotate the method with @Inject.
    [junit] .........................
    [junit] .........................................
    [junit] .........................................
    [junit] .............................aopalliance.jar 9 4574
    [junit] javax.inject.jar 6 2842
    [junit] Should not skip: ^
    [junit] Should not skip: ^
    [junit] Should not skip: ^
    [junit] Should not skip: ^
    [junit] Should not skip: ^
    [junit] Should not skip: ^
    [junit] Should not skip: ^
    [junit] Should not skip: ^
    [junit] Should not skip: ^
    [junit] Should not skip: ^
    [junit] Should not skip: ^
    [junit] guava.jar 1675 2199487
    [junit] osgitests.jar 28 20417
    [junit] ............
    [junit] ..
    [junit] Time: 15.871
    [junit] 
    [junit] OK (863 tests)
    [junit] 

compile:

jar.withdeps:
   [jarjar] Building jar: /home/travis/build/google/guice/build/guice-with-deps.jar

manifest:
  [bndwrap] classes 341 429962
    [unjar] Expanding: /home/travis/build/google/guice/build/classes.bar into /home/travis/build/google/guice/build

jar:
      [jar] Building jar: /home/travis/build/google/guice/build/dist/guice-snapshot.jar

test.compile:

test.withdeps:
   [jarjar] Building jar: /home/travis/build/google/guice/build/guice-snapshot-tests.jar

test.dist.run:
    [junit] Nov 07, 2014 7:46:41 PM com.google.inject.spi.InjectionPoint getInjectionPoints
    [junit] WARNING: Method: protected void org.atinject.tck.auto.accessories.SpareTire.injectProtectedMethodForOverride() is not annotated with @Inject but is overriding a method that is annotated with @javax.inject.Inject.  Because it is not annotated with @Inject, the method will not be injected. To fix this, annotate the method with @Inject.
    [junit] Nov 07, 2014 7:46:41 PM com.google.inject.spi.InjectionPoint getInjectionPoints
    [junit] WARNING: Method: public void org.atinject.tck.auto.accessories.SpareTire.injectPublicMethodForOverride() is not annotated with @Inject but is overriding a method that is annotated with @javax.inject.Inject.  Because it is not annotated with @Inject, the method will not be injected. To fix this, annotate the method with @Inject.
    [junit] Nov 07, 2014 7:46:41 PM com.google.inject.spi.InjectionPoint getInjectionPoints
    [junit] WARNING: Method: void org.atinject.tck.auto.accessories.SpareTire.injectPackagePrivateMethod3() is not annotated with @Inject but is overriding a method that is annotated with @javax.inject.Inject.  Because it is not annotated with @Inject, the method will not be injected. To fix this, annotate the method with @Inject.
    [junit] Nov 07, 2014 7:46:41 PM com.google.inject.spi.InjectionPoint getInjectionPoints
    [junit] WARNING: Method: public void org.atinject.tck.auto.GasEngine.injectTwiceOverriddenWithOmissionInMiddle() is not annotated with @Inject but is overriding a method that is annotated with @javax.inject.Inject.  Because it is not annotated with @Inject, the method will not be injected. To fix this, annotate the method with @Inject.
    [junit] Nov 07, 2014 7:46:41 PM com.google.inject.spi.InjectionPoint getInjectionPoints
    [junit] WARNING: Method: void org.atinject.tck.auto.V8Engine.injectPackagePrivateMethodForOverride() is not annotated with @Inject but is overriding a method that is annotated with @javax.inject.Inject.  Because it is not annotated with @Inject, the method will not be injected. To fix this, annotate the method with @Inject.
    [junit] Nov 07, 2014 7:46:41 PM com.google.inject.spi.InjectionPoint getInjectionPoints
    [junit] WARNING: Method: public void org.atinject.tck.auto.V8Engine.injectTwiceOverriddenWithOmissionInSubclass() is not annotated with @Inject but is overriding a method that is annotated with @javax.inject.Inject.  Because it is not annotated with @Inject, the method will not be injected. To fix this, annotate the method with @Inject.
    [junit] Nov 07, 2014 7:46:41 PM com.google.inject.spi.InjectionPoint getInjectionPoints
    [junit] WARNING: Method: public void org.atinject.tck.auto.V8Engine.injectQualifiers(org.atinject.tck.auto.Seat,org.atinject.tck.auto.Seat,org.atinject.tck.auto.Tire,org.atinject.tck.auto.Tire) is not annotated with @Inject but is overriding a method that is annotated with @javax.inject.Inject.  Because it is not annotated with @Inject, the method will not be injected. To fix this, annotate the method with @Inject.
    [junit] .........................................
    [junit] ............................com.google.inject.CreationException: Unable to create injector, see the following errors:
    [junit] 
    [junit] 1) A binding to com.google.inject.Bin....derTest$HasImplementedBy1 was already configured at com.google.inject.BinderTest$19.configure(BinderTest.java:347).
    [junit]   at com.google.inject.BinderTest$19.configure(BinderTest.java:346)
    [junit] 
    [junit] 1 error
    [junit] 	at com.google.inject.internal.Errors.throwCreationExceptionIfErrorsExist(Errors.java:448)
    [junit] 	at com.google.inject.internal.InternalInjectorCreator.initializeStatically(InternalInjectorCreator.java:155)
    [junit] 	at com.google.inject.internal.InternalInjectorCreator.build(InternalInjectorCreator.java:107)
    [junit] 	at com.google.inject.Guice.createInjector(Guice.java:96)
    [junit] 	at com.google.inject.Guice.createInjector(Guice.java:73)
    [junit] 	at com.google.inject.Guice.createInjector(Guice.java:62)
    [junit] 	at com.google.inject.BinderTest.testSettingAtImplementedByTwice(BinderTest.java:343)
    [junit] 	at sun.reflect.NativeMethodAccessorImpl.invoke0(Native Method)
    [junit] 	at sun.reflect.NativeMethodAccessorImpl.invoke(NativeMethodAccessorImpl.java:57)
    [junit] 	at sun.reflect.DelegatingMethodAccessorImpl.invoke(DelegatingMethodAccessorImpl.java:43)
    [junit] 	at java.lang.reflect.Method.invoke(Method.java:606)
    [junit] 	at junit.framework.TestCase.runTest(TestCase.java:154)
    [junit] 	at junit.framework.TestCase.runBare(TestCase.java:127)
    [junit] 	at junit.framework.TestResult$1.protect(TestResult.java:106)
    [junit] 	at junit.framework.TestResult.runProtected(TestResult.java:124)
    [junit] 	at junit.framework.TestResult.run(TestResult.java:109)
    [junit] 	at junit.framework.TestCase.run(TestCase.java:118)
    [junit] 	at junit.framework.TestSuite.runTest(TestSuite.java:208)
    [junit] 	at junit.framework.TestSuite.run(TestSuite.java:203)
    [junit] 	at junit.framework.TestSuite.runTest(TestSuite.java:208)
    [junit] 	at junit.framework.TestSuite.run(TestSuite.java:203)
    [junit] 	at junit.textui.TestRunner.doRun(TestRunner.java:116)
    [junit] 	at junit.textui.TestRunner.start(TestRunner.java:172)
    [junit] 	at junit.textui.TestRunner.main(TestRunner.java:138)
    [junit] .......Nov 07, 2014 7:46:42 PM com.google.inject.internal.MessageProcessor visit
    [junit] INFO: An exception was caught and reported. Message: java.lang.IllegalArgumentException
    [junit] java.lang.IllegalArgumentException
    [junit] 	at com.google.inject.BinderTest$24.configure(BinderTest.java:450)
    [junit] 	at com.google.inject.AbstractModule.configure(AbstractModule.java:62)
    [junit] 	at com.google.inject.spi.Elements$RecordingBinder.install(Elements.java:253)
    [junit] 	at com.google.inject.spi.Elements.getElements(Elements.java:108)
    [junit] 	at com.google.inject.internal.InjectorShell$Builder.build(InjectorShell.java:135)
    [junit] 	at com.google.inject.internal.InternalInjectorCreator.build(InternalInjectorCreator.java:104)
    [junit] 	at com.google.inject.Guice.createInjector(Guice.java:96)
    [junit] 	at com.google.inject.Guice.createInjector(Guice.java:73)
    [junit] 	at com.google.inject.Guice.createInjector(Guice.java:62)
    [junit] 	at com.google.inject.BinderTest.testUserReportedErrorsAreAlsoLogged(BinderTest.java:447)
    [junit] 	at sun.reflect.NativeMethodAccessorImpl.invoke0(Native Method)
    [junit] 	at sun.reflect.NativeMethodAccessorImpl.invoke(NativeMethodAccessorImpl.java:57)
    [junit] 	at sun.reflect.DelegatingMethodAccessorImpl.invoke(DelegatingMethodAccessorImpl.java:43)
    [junit] 	at java.lang.reflect.Method.invoke(Method.java:606)
    [junit] 	at junit.framework.TestCase.runTest(TestCase.java:154)
    [junit] 	at junit.framework.TestCase.runBare(TestCase.java:127)
    [junit] 	at junit.framework.TestResult$1.protect(TestResult.java:106)
    [junit] 	at junit.framework.TestResult.runProtected(TestResult.java:124)
    [junit] 	at junit.framework.TestResult.run(TestResult.java:109)
    [junit] 	at junit.framework.TestCase.run(TestCase.java:118)
    [junit] 	at junit.framework.TestSuite.runTest(TestSuite.java:208)
    [junit] 	at junit.framework.TestSuite.run(TestSuite.java:203)
    [junit] 	at junit.framework.TestSuite.runTest(TestSuite.java:208)
    [junit] 	at junit.framework.TestSuite.run(TestSuite.java:203)
    [junit] 	at junit.textui.TestRunner.doRun(TestRunner.java:116)
    [junit] 	at junit.textui.TestRunner.start(TestRunner.java:172)
    [junit] 	at junit.textui.TestRunner.main(TestRunner.java:138)
    [junit] 
    [junit] ..
    [junit] .........................................
    [junit] .........................................
    [junit] .........................................
    [junit] .........................................
    [junit] .........................................
    [junit] .........................................
    [junit] .........................................
    [junit] .........................................
    [junit] .........................................
    [junit] .........................................
    [junit] .........................................
    [junit] .........................................
    [junit] .........................................
    [junit] .........................................
    [junit] .........................................
    [junit] ............................Nov 07, 2014 7:46:54 PM com.google.inject.spi.InjectionPoint getInjectionPoints
    [junit] WARNING: Method: public void com.google.inject.spi.InjectionPointTest$Sub.atInject() is not annotated with @Inject but is overriding a method that is annotated with @javax.inject.Inject.  Because it is not annotated with @Inject, the method will not be injected. To fix this, annotate the method with @Inject.
    [junit] Nov 07, 2014 7:46:54 PM com.google.inject.spi.InjectionPoint getInjectionPoints
    [junit] WARNING: Method: public void com.google.inject.spi.InjectionPointTest$Sub.atInject() is not annotated with @Inject but is overriding a method that is annotated with @javax.inject.Inject.  Because it is not annotated with @Inject, the method will not be injected. To fix this, annotate the method with @Inject.
    [junit] Nov 07, 2014 7:46:54 PM com.google.inject.spi.InjectionPoint getInjectionPoints
    [junit] WARNING: Method: public void com.google.inject.spi.InjectionPointTest$SubSub.privateGAndPublicAt() is not annotated with @Inject but is overriding a method that is annotated with @javax.inject.Inject.  Because it is not annotated with @Inject, the method will not be injected. To fix this, annotate the method with @Inject.
    [junit] .............
    [junit] .........................................
    [junit] .........................................
    [junit] .............................aopalliance.jar 9 4575
    [junit] javax.inject.jar 6 2843
    [junit] Should not skip: ^
    [junit] Should not skip: ^
    [junit] Should not skip: ^
    [junit] Should not skip: ^
    [junit] Should not skip: ^
    [junit] Should not skip: ^
    [junit] Should not skip: ^
    [junit] Should not skip: ^
    [junit] Should not skip: ^
    [junit] Should not skip: ^
    [junit] Should not skip: ^
    [junit] guava.jar 1675 2199487
    [junit] osgitests.jar 28 20418
    [junit] ............
    [junit] ..
    [junit] Time: 18.135
    [junit] 
    [junit] OK (863 tests)
    [junit] 

BUILD SUCCESSFUL
Total time: 1 minute 47 seconds
travis_time:end:30a41468:start=1415389514158451582,finish=1415389622158393253,duration=107999941671[0K
[32;1mThe command "${CMD}" exited with 0.[0m
travis_fold:start:after_success.1[0Ktravis_time:start:0334f280[0K$ util/generate-latest-docs.sh
travis_time:end:0334f280:start=1415389622168426961,finish=1415389622185026435,duration=16599474[0Ktravis_fold:end:after_success.1[0Ktravis_fold:start:after_success.2[0Ktravis_time:start:3179aace[0K$ util/compareBuilds.sh
travis_time:end:3179aace:start=1415389622193825412,finish=1415389622203433142,duration=9607730[0Ktravis_fold:end:after_success.2[0Ktravis_fold:start:after_success.3[0Ktravis_time:start:0545f254[0K$ util/publish-snapshot-on-commit.sh
travis_time:end:0545f254:start=1415389622211478173,finish=1415389622225520295,duration=14042122[0Ktravis_fold:end:after_success.3[0K
Done. Your build exited with 0.
