Using worker: worker-linux-f25aadab-2.bb.travis-ci.org:travis-linux-8

travis_fold:start:system_info[0K[33;1mBuild system information[0m
Build language: java
[34m[1mBuild image provisioning date and time[0m
Wed Feb  4 18:22:50 UTC 2015
[34m[1mOperating System Details[0m
Distributor ID:	Ubuntu
Description:	Ubuntu 12.04 LTS
Release:	12.04
Codename:	precise
[34m[1mLinux Version[0m
2.6.32-042stab090.5
[34m[1mCookbooks Version[0m
23bb455 https://github.com/travis-ci/travis-cookbooks/tree/23bb455
[34m[1mGCC version[0m
gcc (Ubuntu/Linaro 4.6.3-1ubuntu5) 4.6.3
Copyright (C) 2011 Free Software Foundation, Inc.
This is free software; see the source for copying conditions.  There is NO
warranty; not even for MERCHANTABILITY or FITNESS FOR A PARTICULAR PURPOSE.

[34m[1mLLVM version[0m
clang version 3.4 (tags/RELEASE_34/final)
Target: x86_64-unknown-linux-gnu
Thread model: posix
[34m[1mPre-installed Ruby versions[0m
ruby-1.9.3-p551
[34m[1mPre-installed Node.js versions[0m
v0.10.36
[34m[1mPre-installed Go versions[0m
1.4.1
[34m[1mRedis version[0m
redis-server 2.8.19
[34m[1mriak version[0m
2.0.2
[34m[1mMongoDB version[0m
MongoDB 2.4.12
[34m[1mCouchDB version[0m
couchdb 1.6.1
[34m[1mNeo4j version[0m
1.9.4
[34m[1mCassandra version[0m
2.0.9
[34m[1mRabbitMQ Version[0m
3.4.3
[34m[1mElasticSearch version[0m
1.4.0
[34m[1mInstalled Sphinx versions[0m
2.0.10
2.1.9
2.2.6
[34m[1mDefault Sphinx version[0m
2.2.6
[34m[1mInstalled Firefox version[0m
firefox 31.0esr
[34m[1mPhantomJS version[0m
1.9.8
[34m[1mant -version[0m
Apache Ant(TM) version 1.8.2 compiled on December 3 2011
[34m[1mmvn -version[0m
Apache Maven 3.2.5 (12a6b3acb947671f09b81f49094c53f426d8cea1; 2014-12-14T17:29:23+00:00)
Maven home: /usr/local/maven
Java version: 1.7.0_76, vendor: Oracle Corporation
Java home: /usr/lib/jvm/java-7-oracle/jre
Default locale: en, platform encoding: UTF-8
OS name: "linux", version: "2.6.32-042stab090.5", arch: "amd64", family: "unix"
travis_fold:end:system_info[0K
travis_fold:start:git.checkout[0Ktravis_time:start:0196e044[0K$ git clone --depth=50 git://github.com/google/guice.git google/guice
Cloning into 'google/guice'...
remote: Counting objects: 3574, done.[K
remote: Compressing objects:   0% (1/2092)   [Kremote: Compressing objects:   1% (21/2092)   [Kremote: Compressing objects:   2% (42/2092)   [Kremote: Compressing objects:   3% (63/2092)   [Kremote: Compressing objects:   4% (84/2092)   [Kremote: Compressing objects:   5% (105/2092)   [Kremote: Compressing objects:   6% (126/2092)   [Kremote: Compressing objects:   7% (147/2092)   [Kremote: Compressing objects:   8% (168/2092)   [Kremote: Compressing objects:   9% (189/2092)   [Kremote: Compressing objects:  10% (210/2092)   [Kremote: Compressing objects:  11% (231/2092)   [Kremote: Compressing objects:  12% (252/2092)   [Kremote: Compressing objects:  13% (272/2092)   [Kremote: Compressing objects:  14% (293/2092)   [Kremote: Compressing objects:  15% (314/2092)   [Kremote: Compressing objects:  16% (335/2092)   [Kremote: Compressing objects:  17% (356/2092)   [Kremote: Compressing objects:  18% (377/2092)   [Kremote: Compressing objects:  19% (398/2092)   [Kremote: Compressing objects:  20% (419/2092)   [Kremote: Compressing objects:  21% (440/2092)   [Kremote: Compressing objects:  22% (461/2092)   [Kremote: Compressing objects:  23% (482/2092)   [Kremote: Compressing objects:  24% (503/2092)   [Kremote: Compressing objects:  25% (523/2092)   [Kremote: Compressing objects:  26% (544/2092)   [Kremote: Compressing objects:  27% (565/2092)   [Kremote: Compressing objects:  28% (586/2092)   [Kremote: Compressing objects:  29% (607/2092)   [Kremote: Compressing objects:  30% (628/2092)   [Kremote: Compressing objects:  31% (649/2092)   [Kremote: Compressing objects:  32% (670/2092)   [Kremote: Compressing objects:  33% (691/2092)   [Kremote: Compressing objects:  34% (712/2092)   [Kremote: Compressing objects:  35% (733/2092)   [Kremote: Compressing objects:  36% (754/2092)   [Kremote: Compressing objects:  37% (775/2092)   [Kremote: Compressing objects:  38% (795/2092)   [Kremote: Compressing objects:  39% (816/2092)   [Kremote: Compressing objects:  40% (837/2092)   [Kremote: Compressing objects:  41% (858/2092)   [Kremote: Compressing objects:  42% (879/2092)   [Kremote: Compressing objects:  43% (900/2092)   [Kremote: Compressing objects:  44% (921/2092)   [Kremote: Compressing objects:  45% (942/2092)   [Kremote: Compressing objects:  46% (963/2092)   [Kremote: Compressing objects:  47% (984/2092)   [Kremote: Compressing objects:  48% (1005/2092)   [Kremote: Compressing objects:  49% (1026/2092)   [Kremote: Compressing objects:  50% (1046/2092)   [Kremote: Compressing objects:  51% (1067/2092)   [Kremote: Compressing objects:  52% (1088/2092)   [Kremote: Compressing objects:  53% (1109/2092)   [Kremote: Compressing objects:  54% (1130/2092)   [Kremote: Compressing objects:  55% (1151/2092)   [Kremote: Compressing objects:  56% (1172/2092)   [Kremote: Compressing objects:  57% (1193/2092)   [Kremote: Compressing objects:  58% (1214/2092)   [Kremote: Compressing objects:  59% (1235/2092)   [Kremote: Compressing objects:  60% (1256/2092)   [Kremote: Compressing objects:  61% (1277/2092)   [Kremote: Compressing objects:  62% (1298/2092)   [Kremote: Compressing objects:  63% (1318/2092)   [Kremote: Compressing objects:  64% (1339/2092)   [Kremote: Compressing objects:  65% (1360/2092)   [Kremote: Compressing objects:  66% (1381/2092)   [Kremote: Compressing objects:  67% (1402/2092)   [Kremote: Compressing objects:  68% (1423/2092)   [Kremote: Compressing objects:  69% (1444/2092)   [Kremote: Compressing objects:  70% (1465/2092)   [Kremote: Compressing objects:  71% (1486/2092)   [Kremote: Compressing objects:  72% (1507/2092)   [Kremote: Compressing objects:  73% (1528/2092)   [Kremote: Compressing objects:  74% (1549/2092)   [Kremote: Compressing objects:  75% (1569/2092)   [Kremote: Compressing objects:  76% (1590/2092)   [Kremote: Compressing objects:  77% (1611/2092)   [Kremote: Compressing objects:  78% (1632/2092)   [Kremote: Compressing objects:  79% (1653/2092)   [Kremote: Compressing objects:  80% (1674/2092)   [Kremote: Compressing objects:  81% (1695/2092)   [Kremote: Compressing objects:  82% (1716/2092)   [Kremote: Compressing objects:  83% (1737/2092)   [Kremote: Compressing objects:  84% (1758/2092)   [Kremote: Compressing objects:  85% (1779/2092)   [Kremote: Compressing objects:  86% (1800/2092)   [Kremote: Compressing objects:  87% (1821/2092)   [Kremote: Compressing objects:  88% (1841/2092)   [Kremote: Compressing objects:  89% (1862/2092)   [Kremote: Compressing objects:  90% (1883/2092)   [Kremote: Compressing objects:  91% (1904/2092)   [Kremote: Compressing objects:  92% (1925/2092)   [Kremote: Compressing objects:  93% (1946/2092)   [Kremote: Compressing objects:  94% (1967/2092)   [Kremote: Compressing objects:  95% (1988/2092)   [Kremote: Compressing objects:  96% (2009/2092)   [Kremote: Compressing objects:  97% (2030/2092)   [Kremote: Compressing objects:  98% (2051/2092)   [Kremote: Compressing objects:  99% (2072/2092)   [Kremote: Compressing objects: 100% (2092/2092)   [Kremote: Compressing objects: 100% (2092/2092), done.[K
Receiving objects:   0% (1/3574)   Receiving objects:   1% (36/3574)   Receiving objects:   2% (72/3574)   Receiving objects:   3% (108/3574)   Receiving objects:   4% (143/3574)   Receiving objects:   5% (179/3574)   Receiving objects:   6% (215/3574)   Receiving objects:   7% (251/3574)   Receiving objects:   8% (286/3574)   Receiving objects:   9% (322/3574)   Receiving objects:  10% (358/3574)   Receiving objects:  11% (394/3574)   Receiving objects:  12% (429/3574)   Receiving objects:  13% (465/3574)   Receiving objects:  14% (501/3574)   Receiving objects:  15% (537/3574)   Receiving objects:  16% (572/3574)   Receiving objects:  17% (608/3574)   Receiving objects:  18% (644/3574)   Receiving objects:  19% (680/3574)   Receiving objects:  20% (715/3574)   Receiving objects:  21% (751/3574)   Receiving objects:  22% (787/3574)   Receiving objects:  23% (823/3574)   Receiving objects:  24% (858/3574)   Receiving objects:  25% (894/3574)   Receiving objects:  26% (930/3574)   Receiving objects:  27% (965/3574)   Receiving objects:  28% (1001/3574)   Receiving objects:  29% (1037/3574)   Receiving objects:  30% (1073/3574)   Receiving objects:  31% (1108/3574)   Receiving objects:  32% (1144/3574), 19.20 MiB | 38.31 MiB/s   Receiving objects:  33% (1180/3574), 19.20 MiB | 38.31 MiB/s   Receiving objects:  34% (1216/3574), 19.20 MiB | 38.31 MiB/s   Receiving objects:  35% (1251/3574), 19.20 MiB | 38.31 MiB/s   Receiving objects:  36% (1287/3574), 19.20 MiB | 38.31 MiB/s   Receiving objects:  37% (1323/3574), 19.20 MiB | 38.31 MiB/s   Receiving objects:  38% (1359/3574), 19.20 MiB | 38.31 MiB/s   Receiving objects:  39% (1394/3574), 19.20 MiB | 38.31 MiB/s   Receiving objects:  40% (1430/3574), 19.20 MiB | 38.31 MiB/s   Receiving objects:  41% (1466/3574), 19.20 MiB | 38.31 MiB/s   Receiving objects:  42% (1502/3574), 19.20 MiB | 38.31 MiB/s   Receiving objects:  43% (1537/3574), 19.20 MiB | 38.31 MiB/s   Receiving objects:  44% (1573/3574), 19.20 MiB | 38.31 MiB/s   Receiving objects:  45% (1609/3574), 19.20 MiB | 38.31 MiB/s   Receiving objects:  46% (1645/3574), 19.20 MiB | 38.31 MiB/s   Receiving objects:  47% (1680/3574), 19.20 MiB | 38.31 MiB/s   Receiving objects:  48% (1716/3574), 19.20 MiB | 38.31 MiB/s   Receiving objects:  49% (1752/3574), 19.20 MiB | 38.31 MiB/s   Receiving objects:  50% (1787/3574), 19.20 MiB | 38.31 MiB/s   Receiving objects:  51% (1823/3574), 19.20 MiB | 38.31 MiB/s   Receiving objects:  52% (1859/3574), 19.20 MiB | 38.31 MiB/s   Receiving objects:  53% (1895/3574), 19.20 MiB | 38.31 MiB/s   Receiving objects:  54% (1930/3574), 19.20 MiB | 38.31 MiB/s   Receiving objects:  55% (1966/3574), 19.20 MiB | 38.31 MiB/s   Receiving objects:  56% (2002/3574), 19.20 MiB | 38.31 MiB/s   Receiving objects:  57% (2038/3574), 19.20 MiB | 38.31 MiB/s   Receiving objects:  58% (2073/3574), 19.20 MiB | 38.31 MiB/s   Receiving objects:  59% (2109/3574), 19.20 MiB | 38.31 MiB/s   Receiving objects:  60% (2145/3574), 19.20 MiB | 38.31 MiB/s   Receiving objects:  61% (2181/3574), 19.20 MiB | 38.31 MiB/s   Receiving objects:  62% (2216/3574), 19.20 MiB | 38.31 MiB/s   Receiving objects:  63% (2252/3574), 19.20 MiB | 38.31 MiB/s   Receiving objects:  64% (2288/3574), 19.20 MiB | 38.31 MiB/s   Receiving objects:  65% (2324/3574), 19.20 MiB | 38.31 MiB/s   Receiving objects:  66% (2359/3574), 19.20 MiB | 38.31 MiB/s   Receiving objects:  67% (2395/3574), 19.20 MiB | 38.31 MiB/s   Receiving objects:  68% (2431/3574), 19.20 MiB | 38.31 MiB/s   Receiving objects:  69% (2467/3574), 19.20 MiB | 38.31 MiB/s   Receiving objects:  70% (2502/3574), 19.20 MiB | 38.31 MiB/s   Receiving objects:  71% (2538/3574), 19.20 MiB | 38.31 MiB/s   Receiving objects:  72% (2574/3574), 19.20 MiB | 38.31 MiB/s   Receiving objects:  73% (2610/3574), 19.20 MiB | 38.31 MiB/s   Receiving objects:  74% (2645/3574), 19.20 MiB | 38.31 MiB/s   Receiving objects:  75% (2681/3574), 19.20 MiB | 38.31 MiB/s   Receiving objects:  76% (2717/3574), 19.20 MiB | 38.31 MiB/s   Receiving objects:  77% (2752/3574), 19.20 MiB | 38.31 MiB/s   Receiving objects:  78% (2788/3574), 19.20 MiB | 38.31 MiB/s   Receiving objects:  79% (2824/3574), 19.20 MiB | 38.31 MiB/s   Receiving objects:  80% (2860/3574), 19.20 MiB | 38.31 MiB/s   Receiving objects:  81% (2895/3574), 19.20 MiB | 38.31 MiB/s   Receiving objects:  82% (2931/3574), 19.20 MiB | 38.31 MiB/s   Receiving objects:  83% (2967/3574), 19.20 MiB | 38.31 MiB/s   Receiving objects:  84% (3003/3574), 19.20 MiB | 38.31 MiB/s   Receiving objects:  85% (3038/3574), 19.20 MiB | 38.31 MiB/s   Receiving objects:  86% (3074/3574), 19.20 MiB | 38.31 MiB/s   Receiving objects:  87% (3110/3574), 19.20 MiB | 38.31 MiB/s   Receiving objects:  88% (3146/3574), 19.20 MiB | 38.31 MiB/s   Receiving objects:  89% (3181/3574), 19.20 MiB | 38.31 MiB/s   Receiving objects:  90% (3217/3574), 19.20 MiB | 38.31 MiB/s   Receiving objects:  91% (3253/3574), 19.20 MiB | 38.31 MiB/s   Receiving objects:  92% (3289/3574), 19.20 MiB | 38.31 MiB/s   Receiving objects:  93% (3324/3574), 19.20 MiB | 38.31 MiB/s   Receiving objects:  94% (3360/3574), 19.20 MiB | 38.31 MiB/s   Receiving objects:  95% (3396/3574), 19.20 MiB | 38.31 MiB/s   Receiving objects:  96% (3432/3574), 19.20 MiB | 38.31 MiB/s   Receiving objects:  97% (3467/3574), 19.20 MiB | 38.31 MiB/s   Receiving objects:  98% (3503/3574), 19.20 MiB | 38.31 MiB/s   remote: Total 3574 (delta 1675), reused 2516 (delta 900), pack-reused 0[K
Receiving objects:  99% (3539/3574), 19.20 MiB | 38.31 MiB/s   Receiving objects: 100% (3574/3574), 19.20 MiB | 38.31 MiB/s   Receiving objects: 100% (3574/3574), 25.42 MiB | 38.31 MiB/s, done.
Resolving deltas:   0% (0/1675)   Resolving deltas:   1% (20/1675)   Resolving deltas:   2% (34/1675)   Resolving deltas:   3% (58/1675)   Resolving deltas:   4% (74/1675)   Resolving deltas:   5% (84/1675)   Resolving deltas:   6% (106/1675)   Resolving deltas:   7% (132/1675)   Resolving deltas:   8% (137/1675)   Resolving deltas:   9% (151/1675)   Resolving deltas:  10% (168/1675)   Resolving deltas:  11% (188/1675)   Resolving deltas:  12% (201/1675)   Resolving deltas:  13% (219/1675)   Resolving deltas:  14% (235/1675)   Resolving deltas:  15% (253/1675)   Resolving deltas:  16% (268/1675)   Resolving deltas:  17% (285/1675)   Resolving deltas:  18% (302/1675)   Resolving deltas:  19% (319/1675)   Resolving deltas:  20% (339/1675)   Resolving deltas:  21% (352/1675)   Resolving deltas:  22% (370/1675)   Resolving deltas:  23% (386/1675)   Resolving deltas:  24% (403/1675)   Resolving deltas:  25% (421/1675)   Resolving deltas:  26% (436/1675)   Resolving deltas:  27% (453/1675)   Resolving deltas:  28% (470/1675)   Resolving deltas:  29% (486/1675)   Resolving deltas:  30% (512/1675)   Resolving deltas:  31% (521/1675)   Resolving deltas:  32% (543/1675)   Resolving deltas:  33% (553/1675)   Resolving deltas:  34% (572/1675)   Resolving deltas:  35% (587/1675)   Resolving deltas:  36% (603/1675)   Resolving deltas:  37% (620/1675)   Resolving deltas:  38% (637/1675)   Resolving deltas:  39% (654/1675)   Resolving deltas:  40% (672/1675)   Resolving deltas:  41% (687/1675)   Resolving deltas:  42% (709/1675)   Resolving deltas:  44% (741/1675)   Resolving deltas:  45% (754/1675)   Resolving deltas:  46% (778/1675)   Resolving deltas:  47% (791/1675)   Resolving deltas:  48% (806/1675)   Resolving deltas:  49% (822/1675)   Resolving deltas:  51% (858/1675)   Resolving deltas:  52% (874/1675)   Resolving deltas:  53% (897/1675)   Resolving deltas:  54% (919/1675)   Resolving deltas:  55% (936/1675)   Resolving deltas:  56% (946/1675)   Resolving deltas:  57% (955/1675)   Resolving deltas:  58% (972/1675)   Resolving deltas:  59% (989/1675)   Resolving deltas:  60% (1011/1675)   Resolving deltas:  61% (1030/1675)   Resolving deltas:  62% (1046/1675)   Resolving deltas:  63% (1056/1675)   Resolving deltas:  64% (1079/1675)   Resolving deltas:  65% (1099/1675)   Resolving deltas:  66% (1109/1675)   Resolving deltas:  67% (1134/1675)   Resolving deltas:  68% (1139/1675)   Resolving deltas:  69% (1156/1675)   Resolving deltas:  70% (1173/1675)   Resolving deltas:  71% (1198/1675)   Resolving deltas:  72% (1218/1675)   Resolving deltas:  75% (1259/1675)   Resolving deltas:  77% (1291/1675)   Resolving deltas:  78% (1312/1675)   Resolving deltas:  79% (1324/1675)   Resolving deltas:  80% (1343/1675)   Resolving deltas:  81% (1359/1675)   Resolving deltas:  86% (1441/1675)   Resolving deltas:  87% (1460/1675)   Resolving deltas:  88% (1476/1675)   Resolving deltas:  89% (1491/1675)   Resolving deltas:  90% (1519/1675)   Resolving deltas:  91% (1526/1675)   Resolving deltas:  92% (1545/1675)   Resolving deltas:  93% (1560/1675)   Resolving deltas:  94% (1575/1675)   Resolving deltas:  95% (1594/1675)   Resolving deltas:  96% (1610/1675)   Resolving deltas:  97% (1627/1675)   Resolving deltas:  98% (1642/1675)   Resolving deltas:  99% (1659/1675)   Resolving deltas: 100% (1675/1675)   Resolving deltas: 100% (1675/1675), done.
Checking connectivity... done.
travis_time:end:0196e044:start=1429577681356024898,finish=1429577682961414325,duration=1605389427[0K$ cd google/guice
travis_time:start:1ac94572[0K$ git fetch origin +refs/pull/915/merge:
remote: Counting objects: 43, done.[K
remote: Compressing objects:   3% (1/30)   [Kremote: Compressing objects:   6% (2/30)   [Kremote: Compressing objects:  10% (3/30)   [Kremote: Compressing objects:  13% (4/30)   [Kremote: Compressing objects:  16% (5/30)   [Kremote: Compressing objects:  20% (6/30)   [Kremote: Compressing objects:  23% (7/30)   [Kremote: Compressing objects:  26% (8/30)   [Kremote: Compressing objects:  30% (9/30)   [Kremote: Compressing objects:  33% (10/30)   [Kremote: Compressing objects:  36% (11/30)   [Kremote: Compressing objects:  40% (12/30)   [Kremote: Compressing objects:  43% (13/30)   [Kremote: Compressing objects:  46% (14/30)   [Kremote: Compressing objects:  50% (15/30)   [Kremote: Compressing objects:  53% (16/30)   [Kremote: Compressing objects:  56% (17/30)   [Kremote: Compressing objects:  60% (18/30)   [Kremote: Compressing objects:  63% (19/30)   [Kremote: Compressing objects:  66% (20/30)   [Kremote: Compressing objects:  70% (21/30)   [Kremote: Compressing objects:  73% (22/30)   [Kremote: Compressing objects:  76% (23/30)   [Kremote: Compressing objects:  80% (24/30)   [Kremote: Compressing objects:  83% (25/30)   [Kremote: Compressing objects:  86% (26/30)   [Kremote: Compressing objects:  90% (27/30)   [Kremote: Compressing objects:  93% (28/30)   [Kremote: Compressing objects:  96% (29/30)   [Kremote: Compressing objects: 100% (30/30)   [Kremote: Compressing objects: 100% (30/30), done.[K
remote: Total 43 (delta 22), reused 24 (delta 4), pack-reused 0[K
Unpacking objects:   2% (1/43)   Unpacking objects:   4% (2/43)   Unpacking objects:   6% (3/43)   Unpacking objects:   9% (4/43)   Unpacking objects:  11% (5/43)   Unpacking objects:  13% (6/43)   Unpacking objects:  16% (7/43)   Unpacking objects:  18% (8/43)   Unpacking objects:  20% (9/43)   Unpacking objects:  23% (10/43)   Unpacking objects:  25% (11/43)   Unpacking objects:  27% (12/43)   Unpacking objects:  30% (13/43)   Unpacking objects:  32% (14/43)   Unpacking objects:  34% (15/43)   Unpacking objects:  37% (16/43)   Unpacking objects:  39% (17/43)   Unpacking objects:  41% (18/43)   Unpacking objects:  44% (19/43)   Unpacking objects:  46% (20/43)   Unpacking objects:  48% (21/43)   Unpacking objects:  51% (22/43)   Unpacking objects:  53% (23/43)   Unpacking objects:  55% (24/43)   Unpacking objects:  58% (25/43)   Unpacking objects:  60% (26/43)   Unpacking objects:  62% (27/43)   Unpacking objects:  65% (28/43)   Unpacking objects:  67% (29/43)   Unpacking objects:  69% (30/43)   Unpacking objects:  72% (31/43)   Unpacking objects:  74% (32/43)   Unpacking objects:  76% (33/43)   Unpacking objects:  79% (34/43)   Unpacking objects:  81% (35/43)   Unpacking objects:  83% (36/43)   Unpacking objects:  86% (37/43)   Unpacking objects:  88% (38/43)   Unpacking objects:  90% (39/43)   Unpacking objects:  93% (40/43)   Unpacking objects:  95% (41/43)   Unpacking objects:  97% (42/43)   Unpacking objects: 100% (43/43)   Unpacking objects: 100% (43/43), done.
From git://github.com/google/guice
 * branch            refs/pull/915/merge -> FETCH_HEAD
travis_time:end:1ac94572:start=1429577682969111878,finish=1429577683114264456,duration=145152578[0K$ git checkout -qf FETCH_HEAD
travis_fold:end:git.checkout[0K
[33;1mSetting environment variables from .travis.yml[0m
$ export GH_TOKEN=[secure]
$ export CI_DEPLOY_USERNAME=[secure]
$ export CI_DEPLOY_PASSWORD=[secure]
$ export LABEL=ant
$ export CMD="ant dist test.dist"
$ export INSTALL="/bin/true"

$ jdk_switcher use oraclejdk8
Switching to Oracle JDK8 (java-8-oracle), JAVA_HOME will be set to /usr/lib/jvm/java-8-oracle
$ java -version
java version "1.8.0_31"
Java(TM) SE Runtime Environment (build 1.8.0_31-b13)
Java HotSpot(TM) 64-Bit Server VM (build 25.31-b07, mixed mode)
$ javac -version
javac 1.8.0_31
travis_fold:start:install[0Ktravis_time:start:1227751f[0K$ ${INSTALL}
travis_time:end:1227751f:start=1429577683792402212,finish=1429577683800927507,duration=8525295[0Ktravis_fold:end:install[0Ktravis_time:start:084afa08[0K$ ${CMD}
Buildfile: /home/travis/build/google/guice/build.xml

source.jar:
    [mkdir] Created dir: /home/travis/build/google/guice/build
      [zip] Building zip: /home/travis/build/google/guice/build/guice-snapshot-src.jar

compile:
    [mkdir] Created dir: /home/travis/build/google/guice/build/classes
    [javac] Compiling 193 source files to /home/travis/build/google/guice/build/classes
    [javac] warning: [options] bootstrap class path not set in conjunction with -source 1.6
    [javac] /home/travis/build/google/guice/core/src/com/google/inject/Binder.java:430: warning: [rawtypes] found raw type: Class
    [javac]   Binder skipSources(Class... classesToSkip);
    [javac]                      ^
    [javac]   missing type arguments for generic class Class<T>
    [javac]   where T is a type-variable:
    [javac]     T extends Object declared in class Class
    [javac] /home/travis/build/google/guice/core/src/com/google/inject/internal/Annotations.java:90: warning: [unchecked] unchecked cast
    [javac]     return (T)cache.getUnchecked(annotationType);
    [javac]                                 ^
    [javac]   required: T
    [javac]   found:    Annotation
    [javac]   where T is a type-variable:
    [javac]     T extends Annotation declared in method <T>generateAnnotation(Class<T>)
    [javac] /home/travis/build/google/guice/core/src/com/google/inject/internal/Annotations.java:253: warning: [unchecked] unchecked generic array creation for varargs parameter of type Class<? extends Annotation>[]
    [javac]       Arrays.asList(ScopeAnnotation.class, javax.inject.Scope.class));
    [javac]                    ^
    [javac] /home/travis/build/google/guice/core/src/com/google/inject/internal/Annotations.java:308: warning: [unchecked] unchecked generic array creation for varargs parameter of type Class<? extends Annotation>[]
    [javac]       Arrays.asList(BindingAnnotation.class, Qualifier.class));
    [javac]                    ^
    [javac] /home/travis/build/google/guice/core/src/com/google/inject/internal/MoreTypes.java:291: warning: [rawtypes] found raw type: Class
    [javac]       Class[] interfaces = rawType.getInterfaces();
    [javac]       ^
    [javac]   missing type arguments for generic class Class<T>
    [javac]   where T is a type-variable:
    [javac]     T extends Object declared in class Class
    [javac] /home/travis/build/google/guice/core/src/com/google/inject/internal/MoreTypes.java:318: warning: [rawtypes] found raw type: TypeVariable
    [javac]   public static Type resolveTypeVariable(Type type, Class<?> rawType, TypeVariable unknown) {
    [javac]                                                                       ^
    [javac]   missing type arguments for generic class TypeVariable<D>
    [javac]   where D is a type-variable:
    [javac]     D extends GenericDeclaration declared in interface TypeVariable
    [javac] /home/travis/build/google/guice/core/src/com/google/inject/internal/MoreTypes.java:348: warning: [rawtypes] found raw type: TypeVariable
    [javac]   private static Class<?> declaringClassOf(TypeVariable typeVariable) {
    [javac]                                            ^
    [javac]   missing type arguments for generic class TypeVariable<D>
    [javac]   where D is a type-variable:
    [javac]     D extends GenericDeclaration declared in interface TypeVariable
    [javac] /home/travis/build/google/guice/core/src/com/google/inject/internal/MoreTypes.java:433: warning: [rawtypes] found raw type: Class
    [javac]         Class rawTypeAsClass = (Class) rawType;
    [javac]         ^
    [javac]   missing type arguments for generic class Class<T>
    [javac]   where T is a type-variable:
    [javac]     T extends Object declared in class Class
    [javac] /home/travis/build/google/guice/core/src/com/google/inject/TypeLiteral.java:188: warning: [rawtypes] found raw type: TypeVariable
    [javac]         TypeVariable original = (TypeVariable) toResolve;
    [javac]         ^
    [javac]   missing type arguments for generic class TypeVariable<D>
    [javac]   where D is a type-variable:
    [javac]     D extends GenericDeclaration declared in interface TypeVariable
    [javac] /home/travis/build/google/guice/core/src/com/google/inject/spi/Dependency.java:109: warning: [rawtypes] found raw type: Dependency
    [javac]       Dependency dependency = (Dependency) o;
    [javac]       ^
    [javac]   missing type arguments for generic class Dependency<T>
    [javac]   where T is a type-variable:
    [javac]     T extends Object declared in class Dependency
    [javac] /home/travis/build/google/guice/core/src/com/google/inject/PrivateBinder.java:49: warning: [rawtypes] found raw type: Class
    [javac]   PrivateBinder skipSources(Class... classesToSkip);
    [javac]                             ^
    [javac]   missing type arguments for generic class Class<T>
    [javac]   where T is a type-variable:
    [javac]     T extends Object declared in class Class
    [javac] /home/travis/build/google/guice/core/src/com/google/inject/internal/Errors.java:146: warning: [rawtypes] found raw type: Key
    [javac]   public Errors missingImplementation(Key key) {
    [javac]                                       ^
    [javac]   missing type arguments for generic class Key<T>
    [javac]   where T is a type-variable:
    [javac]     T extends Object declared in class Key
    [javac] /home/travis/build/google/guice/core/src/com/google/inject/internal/Errors.java:150: warning: [rawtypes] found raw type: Key
    [javac]   public Errors jitDisabled(Key key) {
    [javac]                             ^
    [javac]   missing type arguments for generic class Key<T>
    [javac]   where T is a type-variable:
    [javac]     T extends Object declared in class Key
    [javac] /home/travis/build/google/guice/core/src/com/google/inject/internal/Errors.java:161: warning: [rawtypes] found raw type: Class
    [javac]   public Errors atInjectRequired(Class clazz) {
    [javac]                                  ^
    [javac]   missing type arguments for generic class Class<T>
    [javac]   where T is a type-variable:
    [javac]     T extends Object declared in class Class
    [javac] /home/travis/build/google/guice/core/src/com/google/inject/internal/Errors.java:229: warning: [rawtypes] found raw type: Constructor
    [javac]   public Errors optionalConstructor(Constructor constructor) {
    [javac]                                     ^
    [javac]   missing type arguments for generic class Constructor<T>
    [javac]   where T is a type-variable:
    [javac]     T extends Object declared in class Constructor
    [javac] /home/travis/build/google/guice/core/src/com/google/inject/internal/Errors.java:699: warning: [rawtypes] found raw type: Class
    [javac]       new Converter<Class>(Class.class) {
    [javac]                     ^
    [javac]   missing type arguments for generic class Class<T>
    [javac]   where T is a type-variable:
    [javac]     T extends Object declared in class Class
    [javac] /home/travis/build/google/guice/core/src/com/google/inject/internal/Errors.java:700: warning: [rawtypes] found raw type: Class
    [javac]         @Override public String toString(Class c) {
    [javac]                                          ^
    [javac]   missing type arguments for generic class Class<T>
    [javac]   where T is a type-variable:
    [javac]     T extends Object declared in class Class
    [javac] /home/travis/build/google/guice/core/src/com/google/inject/internal/Errors.java:709: warning: [rawtypes] found raw type: Key
    [javac]       new Converter<Key>(Key.class) {
    [javac]                     ^
    [javac]   missing type arguments for generic class Key<T>
    [javac]   where T is a type-variable:
    [javac]     T extends Object declared in class Key
    [javac] /home/travis/build/google/guice/core/src/com/google/inject/internal/Errors.java:710: warning: [rawtypes] found raw type: Key
    [javac]         @Override public String toString(Key key) {
    [javac]                                          ^
    [javac]   missing type arguments for generic class Key<T>
    [javac]   where T is a type-variable:
    [javac]     T extends Object declared in class Key
    [javac] /home/travis/build/google/guice/core/src/com/google/inject/spi/InjectionPoint.java:833: warning: [rawtypes] found raw type: Class
    [javac]     final Class[] parameterTypes;
    [javac]           ^
    [javac]   missing type arguments for generic class Class<T>
    [javac]   where T is a type-variable:
    [javac]     T extends Object declared in class Class
    [javac] /home/travis/build/google/guice/core/src/com/google/inject/spi/InjectionPoint.java:842: warning: [rawtypes] found raw type: Class
    [javac]       for (Class parameterType : parameterTypes) {
    [javac]            ^
    [javac]   missing type arguments for generic class Class<T>
    [javac]   where T is a type-variable:
    [javac]     T extends Object declared in class Class
    [javac] /home/travis/build/google/guice/core/src/com/google/inject/internal/util/StackTraceElements.java:63: warning: [rawtypes] found raw type: Class
    [javac]     Class declaringClass = member.getDeclaringClass();
    [javac]     ^
    [javac]   missing type arguments for generic class Class<T>
    [javac]   where T is a type-variable:
    [javac]     T extends Object declared in class Class
    [javac] /home/travis/build/google/guice/core/src/com/google/inject/internal/util/LineNumbers.java:47: warning: [rawtypes] found raw type: Class
    [javac]   private final Class type;
    [javac]                 ^
    [javac]   missing type arguments for generic class Class<T>
    [javac]   where T is a type-variable:
    [javac]     T extends Object declared in class Class
    [javac] /home/travis/build/google/guice/core/src/com/google/inject/internal/util/LineNumbers.java:59: warning: [rawtypes] found raw type: Class
    [javac]   public LineNumbers(Class type) throws IOException {
    [javac]                      ^
    [javac]   missing type arguments for generic class Class<T>
    [javac]   where T is a type-variable:
    [javac]     T extends Object declared in class Class
    [javac] /home/travis/build/google/guice/core/src/com/google/inject/internal/util/LineNumbers.java:110: warning: [rawtypes] found raw type: Class
    [javac]       for (Class param : ((Constructor) member).getParameterTypes()) {
    [javac]            ^
    [javac]   missing type arguments for generic class Class<T>
    [javac]   where T is a type-variable:
    [javac]     T extends Object declared in class Class
    [javac] /home/travis/build/google/guice/core/src/com/google/inject/internal/InjectorImpl.java:360: warning: [rawtypes] found raw type: Dependency
    [javac]         public Provider<T> get(Errors errors, InternalContext context, Dependency dependency, boolean linked) {
    [javac]                                                                        ^
    [javac]   missing type arguments for generic class Dependency<T>
    [javac]   where T is a type-variable:
    [javac]     T extends Object declared in class Dependency
    [javac] /home/travis/build/google/guice/core/src/com/google/inject/internal/InjectorImpl.java:555: warning: [rawtypes] found raw type: Key
    [javac]           cleanup(binding, new HashSet<Key>());
    [javac]                                        ^
    [javac]   missing type arguments for generic class Key<T>
    [javac]   where T is a type-variable:
    [javac]     T extends Object declared in class Key
    [javac] /home/travis/build/google/guice/core/src/com/google/inject/internal/InjectorImpl.java:567: warning: [rawtypes] found raw type: Key
    [javac]   private boolean cleanup(BindingImpl<?> binding, Set<Key> encountered) {
    [javac]                                                       ^
    [javac]   missing type arguments for generic class Key<T>
    [javac]   where T is a type-variable:
    [javac]     T extends Object declared in class Key
    [javac] /home/travis/build/google/guice/core/src/com/google/inject/internal/InjectorImpl.java:570: warning: [rawtypes] found raw type: Dependency
    [javac]     for(Dependency dep : deps) {
    [javac]         ^
    [javac]   missing type arguments for generic class Dependency<T>
    [javac]   where T is a type-variable:
    [javac]     T extends Object declared in class Dependency
    [javac] /home/travis/build/google/guice/core/src/com/google/inject/internal/InjectorImpl.java:574: warning: [rawtypes] found raw type: BindingImpl
    [javac]         BindingImpl depBinding = jitBindings.get(depKey);
    [javac]         ^
    [javac]   missing type arguments for generic class BindingImpl<T>
    [javac]   where T is a type-variable:
    [javac]     T extends Object declared in class BindingImpl
    [javac] /home/travis/build/google/guice/core/src/com/google/inject/internal/InjectorImpl.java:578: warning: [rawtypes] found raw type: ConstructorBindingImpl
    [javac]             ConstructorBindingImpl ctorBinding = (ConstructorBindingImpl)depBinding;
    [javac]             ^
    [javac]   missing type arguments for generic class ConstructorBindingImpl<T>
    [javac]   where T is a type-variable:
    [javac]     T extends Object declared in class ConstructorBindingImpl
    [javac] /home/travis/build/google/guice/core/src/com/google/inject/internal/InjectorImpl.java:983: warning: [rawtypes] found raw type: MembersInjector
    [javac]     MembersInjector membersInjector = getMembersInjector(instance.getClass());
    [javac]     ^
    [javac]   missing type arguments for generic class MembersInjector<T>
    [javac]   where T is a type-variable:
    [javac]     T extends Object declared in interface MembersInjector
    [javac] /home/travis/build/google/guice/core/src/com/google/inject/internal/InjectorImpl.java:1014: warning: [rawtypes] found raw type: Dependency
    [javac]               Dependency previous = context.pushDependency(dependency, binding.getSource());
    [javac]               ^
    [javac]   missing type arguments for generic class Dependency<T>
    [javac]   where T is a type-variable:
    [javac]     T extends Object declared in class Dependency
    [javac] /home/travis/build/google/guice/core/src/com/google/inject/internal/SingleParameterInjector.java:36: warning: [rawtypes] found raw type: Dependency
    [javac]     Dependency previous = context.pushDependency(dependency, binding.getSource());
    [javac]     ^
    [javac]   missing type arguments for generic class Dependency<T>
    [javac]   where T is a type-variable:
    [javac]     T extends Object declared in class Dependency
    [javac] /home/travis/build/google/guice/core/src/com/google/inject/internal/ProvisionListenerStackCallback.java:39: warning: [unchecked] unchecked call to ProvisionListenerStackCallback(Binding<T>,List<ProvisionListener>) as a member of the raw type ProvisionListenerStackCallback
    [javac]       new ProvisionListenerStackCallback(null /* unused, so ok */, ImmutableList.of());
    [javac]       ^
    [javac]   where T is a type-variable:
    [javac]     T extends Object declared in class ProvisionListenerStackCallback
    [javac] /home/travis/build/google/guice/core/src/com/google/inject/internal/ConstructionContext.java:83: warning: [rawtypes] found raw type: Class
    [javac]         new Class[] { expectedType, CircularDependencyProxy.class }, invocationHandler));
    [javac]             ^
    [javac]   missing type arguments for generic class Class<T>
    [javac]   where T is a type-variable:
    [javac]     T extends Object declared in class Class
    [javac] /home/travis/build/google/guice/core/src/com/google/inject/internal/AbstractBindingProcessor.java:114: warning: [rawtypes] found raw type: ExposedBindingImpl
    [javac]       ExposedBindingImpl exposed = (ExposedBindingImpl) original;
    [javac]       ^
    [javac]   missing type arguments for generic class ExposedBindingImpl<T>
    [javac]   where T is a type-variable:
    [javac]     T extends Object declared in class ExposedBindingImpl
    [javac] /home/travis/build/google/guice/core/src/com/google/inject/internal/BindingBuilder.java:100: warning: [unchecked] unchecked cast
    [javac]     return toProvider((javax.inject.Provider<T>) provider);
    [javac]                                                  ^
    [javac]   required: javax.inject.Provider<T>
    [javac]   found:    com.google.inject.Provider<CAP#1>
    [javac]   where T is a type-variable:
    [javac]     T extends Object declared in class BindingBuilder
    [javac]   where CAP#1 is a fresh type-variable:
    [javac]     CAP#1 extends T from capture of ? extends T
    [javac] /home/travis/build/google/guice/core/src/com/google/inject/internal/BytecodeGen.java:258: warning: [rawtypes] found raw type: Class
    [javac]       Class[] parameterTypes;
    [javac]       ^
    [javac]   missing type arguments for generic class Class<T>
    [javac]   where T is a type-variable:
    [javac]     T extends Object declared in class Class
    [javac] /home/travis/build/google/guice/core/src/com/google/inject/internal/ConstantFactory.java:33: warning: [rawtypes] found raw type: Dependency
    [javac]   public T get(Errors errors, InternalContext context, Dependency dependency, boolean linked)
    [javac]                                                        ^
    [javac]   missing type arguments for generic class Dependency<T>
    [javac]   where T is a type-variable:
    [javac]     T extends Object declared in class Dependency
    [javac] /home/travis/build/google/guice/core/src/com/google/inject/internal/ConstructorBindingImpl.java:129: warning: [rawtypes] found raw type: Constructor
    [javac]   private static boolean hasAtInject(Constructor cxtor) {
    [javac]                                      ^
    [javac]   missing type arguments for generic class Constructor<T>
    [javac]   where T is a type-variable:
    [javac]     T extends Object declared in class Constructor
    [javac] /home/travis/build/google/guice/core/src/com/google/inject/internal/InternalInjectorCreator.java:202: warning: [rawtypes] found raw type: Dependency
    [javac]               Dependency previous = context.pushDependency(dependency, binding.getSource());
    [javac]               ^
    [javac]   missing type arguments for generic class Dependency<T>
    [javac]   where T is a type-variable:
    [javac]     T extends Object declared in class Dependency
    [javac] /home/travis/build/google/guice/core/src/com/google/inject/internal/ProvidedByInternalFactory.java:61: warning: [rawtypes] found raw type: Dependency
    [javac]   public T get(Errors errors, InternalContext context, Dependency dependency, boolean linked)
    [javac]                                                        ^
    [javac]   missing type arguments for generic class Dependency<T>
    [javac]   where T is a type-variable:
    [javac]     T extends Object declared in class Dependency
    [javac] /home/travis/build/google/guice/core/src/com/google/inject/internal/ProviderInstanceBindingImpl.java:66: warning: [deprecation] getProviderInstance() in ProviderInstanceBinding has been deprecated
    [javac]   public Provider<? extends T> getProviderInstance() {
    [javac]                                ^
    [javac]   where T is a type-variable:
    [javac]     T extends Object declared in interface ProviderInstanceBinding
    [javac] /home/travis/build/google/guice/core/src/com/google/inject/internal/ProviderToInternalFactoryAdapter.java:42: warning: [rawtypes] found raw type: Dependency
    [javac]           Dependency dependency = context.getDependency();
    [javac]           ^
    [javac]   missing type arguments for generic class Dependency<T>
    [javac]   where T is a type-variable:
    [javac]     T extends Object declared in class Dependency
    [javac] /home/travis/build/google/guice/core/src/com/google/inject/internal/ProxyFactory.java:163: warning: [rawtypes] found raw type: Class
    [javac]     Class<? extends Callback>[] callbackTypes = new Class[callbacks.length];
    [javac]                                                     ^
    [javac]   missing type arguments for generic class Class<T>
    [javac]   where T is a type-variable:
    [javac]     T extends Object declared in class Class
    [javac] /home/travis/build/google/guice/core/src/com/google/inject/internal/SingleFieldInjector.java:52: warning: [rawtypes] found raw type: Dependency
    [javac]     Dependency previous = context.pushDependency(dependency, binding.getSource());
    [javac]     ^
    [javac]   missing type arguments for generic class Dependency<T>
    [javac]   where T is a type-variable:
    [javac]     T extends Object declared in class Dependency
    [javac] /home/travis/build/google/guice/core/src/com/google/inject/internal/util/SourceProvider.java:58: warning: [rawtypes] found raw type: Class
    [javac]   public SourceProvider plusSkippedClasses(Class... moreClassesToSkip) {
    [javac]                                            ^
    [javac]   missing type arguments for generic class Class<T>
    [javac]   where T is a type-variable:
    [javac]     T extends Object declared in class Class
    [javac] /home/travis/build/google/guice/core/src/com/google/inject/internal/util/SourceProvider.java:69: warning: [rawtypes] found raw type: Class
    [javac]   private static List<String> asStrings(Class... classes) {
    [javac]                                         ^
    [javac]   missing type arguments for generic class Class<T>
    [javac]   where T is a type-variable:
    [javac]     T extends Object declared in class Class
    [javac] /home/travis/build/google/guice/core/src/com/google/inject/internal/util/SourceProvider.java:71: warning: [rawtypes] found raw type: Class
    [javac]     for (Class c : classes) {
    [javac]          ^
    [javac]   missing type arguments for generic class Class<T>
    [javac]   where T is a type-variable:
    [javac]     T extends Object declared in class Class
    [javac] /home/travis/build/google/guice/core/src/com/google/inject/matcher/Matchers.java:184: warning: [rawtypes] found raw type: Class
    [javac]   public static Matcher<Class> subclassesOf(final Class<?> superclass) {
    [javac]                         ^
    [javac]   missing type arguments for generic class Class<T>
    [javac]   where T is a type-variable:
    [javac]     T extends Object declared in class Class
    [javac] /home/travis/build/google/guice/core/src/com/google/inject/matcher/Matchers.java:188: warning: [rawtypes] found raw type: Class
    [javac]   private static class SubclassesOf extends AbstractMatcher<Class>
    [javac]                                                             ^
    [javac]   missing type arguments for generic class Class<T>
    [javac]   where T is a type-variable:
    [javac]     T extends Object declared in class Class
    [javac] /home/travis/build/google/guice/core/src/com/google/inject/matcher/Matchers.java:196: warning: [rawtypes] found raw type: Class
    [javac]     public boolean matches(Class subclass) {
    [javac]                            ^
    [javac]   missing type arguments for generic class Class<T>
    [javac]   where T is a type-variable:
    [javac]     T extends Object declared in class Class
    [javac] /home/travis/build/google/guice/core/src/com/google/inject/matcher/Matchers.java:290: warning: [rawtypes] found raw type: Class
    [javac]   public static Matcher<Class> inPackage(final Package targetPackage) {
    [javac]                         ^
    [javac]   missing type arguments for generic class Class<T>
    [javac]   where T is a type-variable:
    [javac]     T extends Object declared in class Class
    [javac] /home/travis/build/google/guice/core/src/com/google/inject/matcher/Matchers.java:294: warning: [rawtypes] found raw type: Class
    [javac]   private static class InPackage extends AbstractMatcher<Class> implements Serializable {
    [javac]                                                          ^
    [javac]   missing type arguments for generic class Class<T>
    [javac]   where T is a type-variable:
    [javac]     T extends Object declared in class Class
    [javac] /home/travis/build/google/guice/core/src/com/google/inject/matcher/Matchers.java:303: warning: [rawtypes] found raw type: Class
    [javac]     public boolean matches(Class c) {
    [javac]                            ^
    [javac]   missing type arguments for generic class Class<T>
    [javac]   where T is a type-variable:
    [javac]     T extends Object declared in class Class
    [javac] /home/travis/build/google/guice/core/src/com/google/inject/matcher/Matchers.java:333: warning: [rawtypes] found raw type: Class
    [javac]   public static Matcher<Class> inSubpackage(final String targetPackageName) {
    [javac]                         ^
    [javac]   missing type arguments for generic class Class<T>
    [javac]   where T is a type-variable:
    [javac]     T extends Object declared in class Class
    [javac] /home/travis/build/google/guice/core/src/com/google/inject/matcher/Matchers.java:337: warning: [rawtypes] found raw type: Class
    [javac]   private static class InSubpackage extends AbstractMatcher<Class> implements Serializable {
    [javac]                                                             ^
    [javac]   missing type arguments for generic class Class<T>
    [javac]   where T is a type-variable:
    [javac]     T extends Object declared in class Class
    [javac] /home/travis/build/google/guice/core/src/com/google/inject/matcher/Matchers.java:344: warning: [rawtypes] found raw type: Class
    [javac]     public boolean matches(Class c) {
    [javac]                            ^
    [javac]   missing type arguments for generic class Class<T>
    [javac]   where T is a type-variable:
    [javac]     T extends Object declared in class Class
    [javac] /home/travis/build/google/guice/core/src/com/google/inject/spi/Elements.java:415: warning: [rawtypes] found raw type: Class
    [javac]     public RecordingBinder skipSources(Class... classesToSkip) {
    [javac]                                        ^
    [javac]   missing type arguments for generic class Class<T>
    [javac]   where T is a type-variable:
    [javac]     T extends Object declared in class Class
    [javac] /home/travis/build/google/guice/core/src/com/google/inject/util/Modules.java:187: warning: [rawtypes] found raw type: Key
    [javac]           for(Key exposed : privateElements.getExposedKeys()) {
    [javac]               ^
    [javac]   missing type arguments for generic class Key<T>
    [javac]   where T is a type-variable:
    [javac]     T extends Object declared in class Key
    [javac] 62 warnings
    [javac] Creating empty /home/travis/build/google/guice/build/classes/com/google/inject/util/package-info.class
    [javac] Creating empty /home/travis/build/google/guice/build/classes/com/google/inject/binder/package-info.class
    [javac] Creating empty /home/travis/build/google/guice/build/classes/com/google/inject/matcher/package-info.class
    [javac] Creating empty /home/travis/build/google/guice/build/classes/com/google/inject/name/package-info.class
    [javac] Creating empty /home/travis/build/google/guice/build/classes/com/google/inject/package-info.class
    [javac] Creating empty /home/travis/build/google/guice/build/classes/com/google/inject/spi/package-info.class
    [javac] Creating empty /home/travis/build/google/guice/build/classes/com/google/inject/internal/package-info.class

jar.withdeps:
    [mkdir] Created dir: /home/travis/build/google/guice/build/dist
   [jarjar] Building jar: /home/travis/build/google/guice/build/guice-with-deps.jar

manifest:
  [bndwrap] classes 354 0
    [unjar] Expanding: /home/travis/build/google/guice/build/classes.bar into /home/travis/build/google/guice/build

jar:
      [jar] Building jar: /home/travis/build/google/guice/build/dist/guice-snapshot.jar

distjars:

javadoc:
  [javadoc] Generating Javadoc
  [javadoc] Javadoc execution
  [javadoc] Loading source file /home/travis/build/google/guice/core/src/com/google/inject/AbstractModule.java...
  [javadoc] Loading source file /home/travis/build/google/guice/core/src/com/google/inject/Binder.java...
  [javadoc] Loading source file /home/travis/build/google/guice/core/src/com/google/inject/Binding.java...
  [javadoc] Loading source file /home/travis/build/google/guice/core/src/com/google/inject/BindingAnnotation.java...
  [javadoc] Loading source file /home/travis/build/google/guice/core/src/com/google/inject/ConfigurationException.java...
  [javadoc] Loading source file /home/travis/build/google/guice/core/src/com/google/inject/CreationException.java...
  [javadoc] Loading source file /home/travis/build/google/guice/core/src/com/google/inject/Exposed.java...
  [javadoc] Loading source file /home/travis/build/google/guice/core/src/com/google/inject/Guice.java...
  [javadoc] Loading source file /home/travis/build/google/guice/core/src/com/google/inject/ImplementedBy.java...
  [javadoc] Loading source file /home/travis/build/google/guice/core/src/com/google/inject/Inject.java...
  [javadoc] Loading source file /home/travis/build/google/guice/core/src/com/google/inject/Injector.java...
  [javadoc] Loading source file /home/travis/build/google/guice/core/src/com/google/inject/Key.java...
  [javadoc] Loading source file /home/travis/build/google/guice/core/src/com/google/inject/MembersInjector.java...
  [javadoc] Loading source file /home/travis/build/google/guice/core/src/com/google/inject/Module.java...
  [javadoc] Loading source file /home/travis/build/google/guice/core/src/com/google/inject/OutOfScopeException.java...
  [javadoc] Loading source file /home/travis/build/google/guice/core/src/com/google/inject/PrivateBinder.java...
  [javadoc] Loading source file /home/travis/build/google/guice/core/src/com/google/inject/PrivateModule.java...
  [javadoc] Loading source file /home/travis/build/google/guice/core/src/com/google/inject/ProvidedBy.java...
  [javadoc] Loading source file /home/travis/build/google/guice/core/src/com/google/inject/Provider.java...
  [javadoc] Loading source file /home/travis/build/google/guice/core/src/com/google/inject/Provides.java...
  [javadoc] Loading source file /home/travis/build/google/guice/core/src/com/google/inject/ProvisionException.java...
  [javadoc] Loading source file /home/travis/build/google/guice/core/src/com/google/inject/Scope.java...
  [javadoc] Loading source file /home/travis/build/google/guice/core/src/com/google/inject/ScopeAnnotation.java...
  [javadoc] Loading source file /home/travis/build/google/guice/core/src/com/google/inject/Scopes.java...
  [javadoc] Loading source file /home/travis/build/google/guice/core/src/com/google/inject/Singleton.java...
  [javadoc] Loading source file /home/travis/build/google/guice/core/src/com/google/inject/Stage.java...
  [javadoc] Loading source file /home/travis/build/google/guice/core/src/com/google/inject/TypeLiteral.java...
  [javadoc] Loading source file /home/travis/build/google/guice/core/src/com/google/inject/binder/AnnotatedBindingBuilder.java...
  [javadoc] Loading source file /home/travis/build/google/guice/core/src/com/google/inject/binder/AnnotatedConstantBindingBuilder.java...
  [javadoc] Loading source file /home/travis/build/google/guice/core/src/com/google/inject/binder/AnnotatedElementBuilder.java...
  [javadoc] Loading source file /home/travis/build/google/guice/core/src/com/google/inject/binder/ConstantBindingBuilder.java...
  [javadoc] Loading source file /home/travis/build/google/guice/core/src/com/google/inject/binder/LinkedBindingBuilder.java...
  [javadoc] Loading source file /home/travis/build/google/guice/core/src/com/google/inject/binder/ScopedBindingBuilder.java...
  [javadoc] Loading source file /home/travis/build/google/guice/core/src/com/google/inject/binder/package-info.java...
  [javadoc] Loading source file /home/travis/build/google/guice/core/src/com/google/inject/matcher/AbstractMatcher.java...
  [javadoc] Loading source file /home/travis/build/google/guice/core/src/com/google/inject/matcher/Matcher.java...
  [javadoc] Loading source file /home/travis/build/google/guice/core/src/com/google/inject/matcher/Matchers.java...
  [javadoc] Loading source file /home/travis/build/google/guice/core/src/com/google/inject/matcher/package-info.java...
  [javadoc] Loading source file /home/travis/build/google/guice/core/src/com/google/inject/name/Named.java...
  [javadoc] Loading source file /home/travis/build/google/guice/core/src/com/google/inject/name/NamedImpl.java...
  [javadoc] Loading source file /home/travis/build/google/guice/core/src/com/google/inject/name/Names.java...
  [javadoc] Loading source file /home/travis/build/google/guice/core/src/com/google/inject/name/package-info.java...
  [javadoc] Loading source file /home/travis/build/google/guice/core/src/com/google/inject/package-info.java...
  [javadoc] Loading source file /home/travis/build/google/guice/core/src/com/google/inject/spi/BindingScopingVisitor.java...
  [javadoc] Loading source file /home/travis/build/google/guice/core/src/com/google/inject/spi/BindingTargetVisitor.java...
  [javadoc] Loading source file /home/travis/build/google/guice/core/src/com/google/inject/spi/ConstructorBinding.java...
  [javadoc] Loading source file /home/travis/build/google/guice/core/src/com/google/inject/spi/ConvertedConstantBinding.java...
  [javadoc] Loading source file /home/travis/build/google/guice/core/src/com/google/inject/spi/DefaultBindingScopingVisitor.java...
  [javadoc] Loading source file /home/travis/build/google/guice/core/src/com/google/inject/spi/DefaultBindingTargetVisitor.java...
  [javadoc] Loading source file /home/travis/build/google/guice/core/src/com/google/inject/spi/DefaultElementVisitor.java...
  [javadoc] Loading source file /home/travis/build/google/guice/core/src/com/google/inject/spi/Dependency.java...
  [javadoc] Loading source file /home/travis/build/google/guice/core/src/com/google/inject/spi/DependencyAndSource.java...
  [javadoc] Loading source file /home/travis/build/google/guice/core/src/com/google/inject/spi/DisableCircularProxiesOption.java...
  [javadoc] Loading source file /home/travis/build/google/guice/core/src/com/google/inject/spi/Element.java...
  [javadoc] Loading source file /home/travis/build/google/guice/core/src/com/google/inject/spi/ElementSource.java...
  [javadoc] Loading source file /home/travis/build/google/guice/core/src/com/google/inject/spi/ElementVisitor.java...
  [javadoc] Loading source file /home/travis/build/google/guice/core/src/com/google/inject/spi/Elements.java...
  [javadoc] Loading source file /home/travis/build/google/guice/core/src/com/google/inject/spi/ExposedBinding.java...
  [javadoc] Loading source file /home/travis/build/google/guice/core/src/com/google/inject/spi/HasDependencies.java...
  [javadoc] Loading source file /home/travis/build/google/guice/core/src/com/google/inject/spi/InjectionListener.java...
  [javadoc] Loading source file /home/travis/build/google/guice/core/src/com/google/inject/spi/InjectionPoint.java...
  [javadoc] Loading source file /home/travis/build/google/guice/core/src/com/google/inject/spi/InjectionRequest.java...
  [javadoc] Loading source file /home/travis/build/google/guice/core/src/com/google/inject/spi/InstanceBinding.java...
  [javadoc] Loading source file /home/travis/build/google/guice/core/src/com/google/inject/spi/InterceptorBinding.java...
  [javadoc] Loading source file /home/travis/build/google/guice/core/src/com/google/inject/spi/LinkedKeyBinding.java...
  [javadoc] Loading source file /home/travis/build/google/guice/core/src/com/google/inject/spi/MembersInjectorLookup.java...
  [javadoc] Loading source file /home/travis/build/google/guice/core/src/com/google/inject/spi/Message.java...
  [javadoc] Loading source file /home/travis/build/google/guice/core/src/com/google/inject/spi/ModuleAnnotatedMethodScanner.java...
  [javadoc] Loading source file /home/travis/build/google/guice/core/src/com/google/inject/spi/ModuleAnnotatedMethodScannerBinding.java...
  [javadoc] Loading source file /home/travis/build/google/guice/core/src/com/google/inject/spi/ModuleSource.java...
  [javadoc] Loading source file /home/travis/build/google/guice/core/src/com/google/inject/spi/PrivateElements.java...
  [javadoc] Loading source file /home/travis/build/google/guice/core/src/com/google/inject/spi/ProviderBinding.java...
  [javadoc] Loading source file /home/travis/build/google/guice/core/src/com/google/inject/spi/ProviderInstanceBinding.java...
  [javadoc] Loading source file /home/travis/build/google/guice/core/src/com/google/inject/spi/ProviderKeyBinding.java...
  [javadoc] Loading source file /home/travis/build/google/guice/core/src/com/google/inject/spi/ProviderLookup.java...
  [javadoc] Loading source file /home/travis/build/google/guice/core/src/com/google/inject/spi/ProviderWithDependencies.java...
  [javadoc] Loading source file /home/travis/build/google/guice/core/src/com/google/inject/spi/ProviderWithExtensionVisitor.java...
  [javadoc] Loading source file /home/travis/build/google/guice/core/src/com/google/inject/spi/ProvidesMethodBinding.java...
  [javadoc] Loading source file /home/travis/build/google/guice/core/src/com/google/inject/spi/ProvidesMethodTargetVisitor.java...
  [javadoc] Loading source file /home/travis/build/google/guice/core/src/com/google/inject/spi/ProvisionListener.java...
  [javadoc] Loading source file /home/travis/build/google/guice/core/src/com/google/inject/spi/ProvisionListenerBinding.java...
  [javadoc] Loading source file /home/travis/build/google/guice/core/src/com/google/inject/spi/RequireAtInjectOnConstructorsOption.java...
  [javadoc] Loading source file /home/travis/build/google/guice/core/src/com/google/inject/spi/RequireExactBindingAnnotationsOption.java...
  [javadoc] Loading source file /home/travis/build/google/guice/core/src/com/google/inject/spi/RequireExplicitBindingsOption.java...
  [javadoc] Loading source file /home/travis/build/google/guice/core/src/com/google/inject/spi/ScopeBinding.java...
  [javadoc] Loading source file /home/travis/build/google/guice/core/src/com/google/inject/spi/StaticInjectionRequest.java...
  [javadoc] Loading source file /home/travis/build/google/guice/core/src/com/google/inject/spi/Toolable.java...
  [javadoc] Loading source file /home/travis/build/google/guice/core/src/com/google/inject/spi/TypeConverter.java...
  [javadoc] Loading source file /home/travis/build/google/guice/core/src/com/google/inject/spi/TypeConverterBinding.java...
  [javadoc] Loading source file /home/travis/build/google/guice/core/src/com/google/inject/spi/TypeEncounter.java...
  [javadoc] Loading source file /home/travis/build/google/guice/core/src/com/google/inject/spi/TypeListener.java...
  [javadoc] Loading source file /home/travis/build/google/guice/core/src/com/google/inject/spi/TypeListenerBinding.java...
  [javadoc] Loading source file /home/travis/build/google/guice/core/src/com/google/inject/spi/UntargettedBinding.java...
  [javadoc] Loading source file /home/travis/build/google/guice/core/src/com/google/inject/spi/package-info.java...
  [javadoc] Loading source file /home/travis/build/google/guice/core/src/com/google/inject/util/Modules.java...
  [javadoc] Loading source file /home/travis/build/google/guice/core/src/com/google/inject/util/Providers.java...
  [javadoc] Loading source file /home/travis/build/google/guice/core/src/com/google/inject/util/Types.java...
  [javadoc] Loading source file /home/travis/build/google/guice/core/src/com/google/inject/util/package-info.java...
  [javadoc] Loading source file /home/travis/build/google/guice/extensions/servlet/src/com/google/inject/servlet/AbstractServletModuleBinding.java...
  [javadoc] Loading source file /home/travis/build/google/guice/extensions/servlet/src/com/google/inject/servlet/ContinuingHttpServletRequest.java...
  [javadoc] Loading source file /home/travis/build/google/guice/extensions/servlet/src/com/google/inject/servlet/DefaultFilterPipeline.java...
  [javadoc] Loading source file /home/travis/build/google/guice/extensions/servlet/src/com/google/inject/servlet/FilterChainInvocation.java...
  [javadoc] Loading source file /home/travis/build/google/guice/extensions/servlet/src/com/google/inject/servlet/FilterDefinition.java...
  [javadoc] Loading source file /home/travis/build/google/guice/extensions/servlet/src/com/google/inject/servlet/FilterPipeline.java...
  [javadoc] Loading source file /home/travis/build/google/guice/extensions/servlet/src/com/google/inject/servlet/FiltersModuleBuilder.java...
  [javadoc] Loading source file /home/travis/build/google/guice/extensions/servlet/src/com/google/inject/servlet/GuiceFilter.java...
  [javadoc] Loading source file /home/travis/build/google/guice/extensions/servlet/src/com/google/inject/servlet/GuiceServletContextListener.java...
  [javadoc] Loading source file /home/travis/build/google/guice/extensions/servlet/src/com/google/inject/servlet/InstanceFilterBinding.java...
  [javadoc] Loading source file /home/travis/build/google/guice/extensions/servlet/src/com/google/inject/servlet/InstanceFilterBindingImpl.java...
  [javadoc] Loading source file /home/travis/build/google/guice/extensions/servlet/src/com/google/inject/servlet/InstanceServletBinding.java...
  [javadoc] Loading source file /home/travis/build/google/guice/extensions/servlet/src/com/google/inject/servlet/InstanceServletBindingImpl.java...
  [javadoc] Loading source file /home/travis/build/google/guice/extensions/servlet/src/com/google/inject/servlet/InternalServletModule.java...
  [javadoc] Loading source file /home/travis/build/google/guice/extensions/servlet/src/com/google/inject/servlet/LinkedFilterBinding.java...
  [javadoc] Loading source file /home/travis/build/google/guice/extensions/servlet/src/com/google/inject/servlet/LinkedFilterBindingImpl.java...
  [javadoc] Loading source file /home/travis/build/google/guice/extensions/servlet/src/com/google/inject/servlet/LinkedServletBinding.java...
  [javadoc] Loading source file /home/travis/build/google/guice/extensions/servlet/src/com/google/inject/servlet/LinkedServletBindingImpl.java...
  [javadoc] Loading source file /home/travis/build/google/guice/extensions/servlet/src/com/google/inject/servlet/ManagedFilterPipeline.java...
  [javadoc] Loading source file /home/travis/build/google/guice/extensions/servlet/src/com/google/inject/servlet/ManagedServletPipeline.java...
  [javadoc] Loading source file /home/travis/build/google/guice/extensions/servlet/src/com/google/inject/servlet/RequestParameters.java...
  [javadoc] Loading source file /home/travis/build/google/guice/extensions/servlet/src/com/google/inject/servlet/RequestScoped.java...
  [javadoc] Loading source file /home/travis/build/google/guice/extensions/servlet/src/com/google/inject/servlet/ScopingException.java...
  [javadoc] Loading source file /home/travis/build/google/guice/extensions/servlet/src/com/google/inject/servlet/ScopingOnly.java...
  [javadoc] Loading source file /home/travis/build/google/guice/extensions/servlet/src/com/google/inject/servlet/ServletDefinition.java...
  [javadoc] Loading source file /home/travis/build/google/guice/extensions/servlet/src/com/google/inject/servlet/ServletModule.java...
  [javadoc] Loading source file /home/travis/build/google/guice/extensions/servlet/src/com/google/inject/servlet/ServletModuleBinding.java...
  [javadoc] Loading source file /home/travis/build/google/guice/extensions/servlet/src/com/google/inject/servlet/ServletModuleTargetVisitor.java...
  [javadoc] Loading source file /home/travis/build/google/guice/extensions/servlet/src/com/google/inject/servlet/ServletScopes.java...
  [javadoc] Loading source file /home/travis/build/google/guice/extensions/servlet/src/com/google/inject/servlet/ServletUtils.java...
  [javadoc] Loading source file /home/travis/build/google/guice/extensions/servlet/src/com/google/inject/servlet/ServletsModuleBuilder.java...
  [javadoc] Loading source file /home/travis/build/google/guice/extensions/servlet/src/com/google/inject/servlet/SessionScoped.java...
  [javadoc] Loading source file /home/travis/build/google/guice/extensions/servlet/src/com/google/inject/servlet/UriPatternMatcher.java...
  [javadoc] Loading source file /home/travis/build/google/guice/extensions/servlet/src/com/google/inject/servlet/UriPatternType.java...
  [javadoc] Loading source file /home/travis/build/google/guice/extensions/servlet/src/com/google/inject/servlet/package-info.java...
  [javadoc] Loading source file /home/travis/build/google/guice/extensions/assistedinject/src/com/google/inject/assistedinject/Assisted.java...
  [javadoc] Loading source file /home/travis/build/google/guice/extensions/assistedinject/src/com/google/inject/assistedinject/AssistedConstructor.java...
  [javadoc] Loading source file /home/travis/build/google/guice/extensions/assistedinject/src/com/google/inject/assistedinject/AssistedInject.java...
  [javadoc] Loading source file /home/travis/build/google/guice/extensions/assistedinject/src/com/google/inject/assistedinject/AssistedInjectBinding.java...
  [javadoc] Loading source file /home/travis/build/google/guice/extensions/assistedinject/src/com/google/inject/assistedinject/AssistedInjectTargetVisitor.java...
  [javadoc] Loading source file /home/travis/build/google/guice/extensions/assistedinject/src/com/google/inject/assistedinject/AssistedMethod.java...
  [javadoc] Loading source file /home/travis/build/google/guice/extensions/assistedinject/src/com/google/inject/assistedinject/BindingCollector.java...
  [javadoc] Loading source file /home/travis/build/google/guice/extensions/assistedinject/src/com/google/inject/assistedinject/FactoryModuleBuilder.java...
  [javadoc] Loading source file /home/travis/build/google/guice/extensions/assistedinject/src/com/google/inject/assistedinject/FactoryProvider.java...
  [javadoc] Loading source file /home/travis/build/google/guice/extensions/assistedinject/src/com/google/inject/assistedinject/FactoryProvider2.java...
  [javadoc] Loading source file /home/travis/build/google/guice/extensions/assistedinject/src/com/google/inject/assistedinject/Parameter.java...
  [javadoc] Loading source file /home/travis/build/google/guice/extensions/assistedinject/src/com/google/inject/assistedinject/ParameterListKey.java...
  [javadoc] Loading source file /home/travis/build/google/guice/extensions/assistedinject/src/com/google/inject/assistedinject/package-info.java...
  [javadoc] Loading source file /home/travis/build/google/guice/extensions/multibindings/src/com/google/inject/multibindings/ClassMapKey.java...
  [javadoc] Loading source file /home/travis/build/google/guice/extensions/multibindings/src/com/google/inject/multibindings/Element.java...
  [javadoc] Loading source file /home/travis/build/google/guice/extensions/multibindings/src/com/google/inject/multibindings/Indexer.java...
  [javadoc] Loading source file /home/travis/build/google/guice/extensions/multibindings/src/com/google/inject/multibindings/MapBinder.java...
  [javadoc] Loading source file /home/travis/build/google/guice/extensions/multibindings/src/com/google/inject/multibindings/MapBinderBinding.java...
  [javadoc] Loading source file /home/travis/build/google/guice/extensions/multibindings/src/com/google/inject/multibindings/MapKey.java...
  [javadoc] Loading source file /home/travis/build/google/guice/extensions/multibindings/src/com/google/inject/multibindings/Multibinder.java...
  [javadoc] Loading source file /home/travis/build/google/guice/extensions/multibindings/src/com/google/inject/multibindings/MultibinderBinding.java...
  [javadoc] Loading source file /home/travis/build/google/guice/extensions/multibindings/src/com/google/inject/multibindings/MultibindingsScanner.java...
  [javadoc] Loading source file /home/travis/build/google/guice/extensions/multibindings/src/com/google/inject/multibindings/MultibindingsTargetVisitor.java...
  [javadoc] Loading source file /home/travis/build/google/guice/extensions/multibindings/src/com/google/inject/multibindings/OptionalBinder.java...
  [javadoc] Loading source file /home/travis/build/google/guice/extensions/multibindings/src/com/google/inject/multibindings/OptionalBinderBinding.java...
  [javadoc] Loading source file /home/travis/build/google/guice/extensions/multibindings/src/com/google/inject/multibindings/ProvidesIntoMap.java...
  [javadoc] Loading source file /home/travis/build/google/guice/extensions/multibindings/src/com/google/inject/multibindings/ProvidesIntoOptional.java...
  [javadoc] Loading source file /home/travis/build/google/guice/extensions/multibindings/src/com/google/inject/multibindings/ProvidesIntoSet.java...
  [javadoc] Loading source file /home/travis/build/google/guice/extensions/multibindings/src/com/google/inject/multibindings/RealElement.java...
  [javadoc] Loading source file /home/travis/build/google/guice/extensions/multibindings/src/com/google/inject/multibindings/StringMapKey.java...
  [javadoc] Loading source file /home/travis/build/google/guice/extensions/multibindings/src/com/google/inject/multibindings/package-info.java...
  [javadoc] Loading source file /home/travis/build/google/guice/extensions/dagger-adapter/src/com/google/inject/daggeradapter/DaggerAdapter.java...
  [javadoc] Loading source file /home/travis/build/google/guice/extensions/dagger-adapter/src/com/google/inject/daggeradapter/DaggerMethodScanner.java...
  [javadoc] Loading source file /home/travis/build/google/guice/extensions/throwingproviders/src/com/google/inject/throwingproviders/CheckedProvideUtils.java...
  [javadoc] Loading source file /home/travis/build/google/guice/extensions/throwingproviders/src/com/google/inject/throwingproviders/CheckedProvider.java...
  [javadoc] Loading source file /home/travis/build/google/guice/extensions/throwingproviders/src/com/google/inject/throwingproviders/CheckedProviderMethod.java...
  [javadoc] Loading source file /home/travis/build/google/guice/extensions/throwingproviders/src/com/google/inject/throwingproviders/CheckedProviderMethodsModule.java...
  [javadoc] Loading source file /home/travis/build/google/guice/extensions/throwingproviders/src/com/google/inject/throwingproviders/CheckedProviderWithDependencies.java...
  [javadoc] Loading source file /home/travis/build/google/guice/extensions/throwingproviders/src/com/google/inject/throwingproviders/CheckedProvides.java...
  [javadoc] Loading source file /home/travis/build/google/guice/extensions/throwingproviders/src/com/google/inject/throwingproviders/ThrowingInject.java...
  [javadoc] Loading source file /home/travis/build/google/guice/extensions/throwingproviders/src/com/google/inject/throwingproviders/ThrowingProvider.java...
  [javadoc] Loading source file /home/travis/build/google/guice/extensions/throwingproviders/src/com/google/inject/throwingproviders/ThrowingProviderBinder.java...
  [javadoc] Loading source file /home/travis/build/google/guice/extensions/throwingproviders/src/com/google/inject/throwingproviders/package-info.java...
  [javadoc] Loading source file /home/travis/build/google/guice/extensions/testlib/src/com/google/inject/testing/fieldbinder/Bind.java...
  [javadoc] Loading source file /home/travis/build/google/guice/extensions/testlib/src/com/google/inject/testing/fieldbinder/BoundFieldModule.java...
  [javadoc] Loading source file /home/travis/build/google/guice/extensions/grapher/src/com/google/inject/grapher/AbstractInjectorGrapher.java...
  [javadoc] Loading source file /home/travis/build/google/guice/extensions/grapher/src/com/google/inject/grapher/Alias.java...
  [javadoc] Loading source file /home/travis/build/google/guice/extensions/grapher/src/com/google/inject/grapher/AliasCreator.java...
  [javadoc] Loading source file /home/travis/build/google/guice/extensions/grapher/src/com/google/inject/grapher/BindingEdge.java...
  [javadoc] Loading source file /home/travis/build/google/guice/extensions/grapher/src/com/google/inject/grapher/DefaultEdgeCreator.java...
  [javadoc] Loading source file /home/travis/build/google/guice/extensions/grapher/src/com/google/inject/grapher/DefaultNodeCreator.java...
  [javadoc] Loading source file /home/travis/build/google/guice/extensions/grapher/src/com/google/inject/grapher/DefaultRootKeySetCreator.java...
  [javadoc] Loading source file /home/travis/build/google/guice/extensions/grapher/src/com/google/inject/grapher/DependencyEdge.java...
  [javadoc] Loading source file /home/travis/build/google/guice/extensions/grapher/src/com/google/inject/grapher/Edge.java...
  [javadoc] Loading source file /home/travis/build/google/guice/extensions/grapher/src/com/google/inject/grapher/EdgeCreator.java...
  [javadoc] Loading source file /home/travis/build/google/guice/extensions/grapher/src/com/google/inject/grapher/ImplementationNode.java...
  [javadoc] Loading source file /home/travis/build/google/guice/extensions/grapher/src/com/google/inject/grapher/InjectorGrapher.java...
  [javadoc] Loading source file /home/travis/build/google/guice/extensions/grapher/src/com/google/inject/grapher/InstanceNode.java...
  [javadoc] Loading source file /home/travis/build/google/guice/extensions/grapher/src/com/google/inject/grapher/InterfaceNode.java...
  [javadoc] Loading source file /home/travis/build/google/guice/extensions/grapher/src/com/google/inject/grapher/NameFactory.java...
  [javadoc] Loading source file /home/travis/build/google/guice/extensions/grapher/src/com/google/inject/grapher/Node.java...
  [javadoc] Loading source file /home/travis/build/google/guice/extensions/grapher/src/com/google/inject/grapher/NodeCreator.java...
  [javadoc] Loading source file /home/travis/build/google/guice/extensions/grapher/src/com/google/inject/grapher/NodeId.java...
  [javadoc] Loading source file /home/travis/build/google/guice/extensions/grapher/src/com/google/inject/grapher/ProviderAliasCreator.java...
  [javadoc] Loading source file /home/travis/build/google/guice/extensions/grapher/src/com/google/inject/grapher/RootKeySetCreator.java...
  [javadoc] Loading source file /home/travis/build/google/guice/extensions/grapher/src/com/google/inject/grapher/ShortNameFactory.java...
  [javadoc] Loading source file /home/travis/build/google/guice/extensions/grapher/src/com/google/inject/grapher/TransitiveDependencyVisitor.java...
  [javadoc] Loading source file /home/travis/build/google/guice/extensions/grapher/src/com/google/inject/grapher/graphviz/ArrowType.java...
  [javadoc] Loading source file /home/travis/build/google/guice/extensions/grapher/src/com/google/inject/grapher/graphviz/CompassPoint.java...
  [javadoc] Loading source file /home/travis/build/google/guice/extensions/grapher/src/com/google/inject/grapher/graphviz/EdgeStyle.java...
  [javadoc] Loading source file /home/travis/build/google/guice/extensions/grapher/src/com/google/inject/grapher/graphviz/Graphviz.java...
  [javadoc] Loading source file /home/travis/build/google/guice/extensions/grapher/src/com/google/inject/grapher/graphviz/GraphvizEdge.java...
  [javadoc] Loading source file /home/travis/build/google/guice/extensions/grapher/src/com/google/inject/grapher/graphviz/GraphvizGrapher.java...
  [javadoc] Loading source file /home/travis/build/google/guice/extensions/grapher/src/com/google/inject/grapher/graphviz/GraphvizModule.java...
  [javadoc] Loading source file /home/travis/build/google/guice/extensions/grapher/src/com/google/inject/grapher/graphviz/GraphvizNode.java...
  [javadoc] Loading source file /home/travis/build/google/guice/extensions/grapher/src/com/google/inject/grapher/graphviz/NodeShape.java...
  [javadoc] Loading source file /home/travis/build/google/guice/extensions/grapher/src/com/google/inject/grapher/graphviz/NodeStyle.java...
  [javadoc] Loading source file /home/travis/build/google/guice/extensions/grapher/src/com/google/inject/grapher/graphviz/PortIdFactory.java...
  [javadoc] Loading source file /home/travis/build/google/guice/extensions/grapher/src/com/google/inject/grapher/graphviz/PortIdFactoryImpl.java...
  [javadoc] Loading source file /home/travis/build/google/guice/extensions/persist/src/com/google/inject/persist/PersistFilter.java...
  [javadoc] Loading source file /home/travis/build/google/guice/extensions/persist/src/com/google/inject/persist/PersistModule.java...
  [javadoc] Loading source file /home/travis/build/google/guice/extensions/persist/src/com/google/inject/persist/PersistService.java...
  [javadoc] Loading source file /home/travis/build/google/guice/extensions/persist/src/com/google/inject/persist/Transactional.java...
  [javadoc] Loading source file /home/travis/build/google/guice/extensions/persist/src/com/google/inject/persist/UnitOfWork.java...
  [javadoc] Loading source file /home/travis/build/google/guice/extensions/persist/src/com/google/inject/persist/finder/DynamicFinder.java...
  [javadoc] Loading source file /home/travis/build/google/guice/extensions/persist/src/com/google/inject/persist/finder/Finder.java...
  [javadoc] Loading source file /home/travis/build/google/guice/extensions/persist/src/com/google/inject/persist/finder/FirstResult.java...
  [javadoc] Loading source file /home/travis/build/google/guice/extensions/persist/src/com/google/inject/persist/finder/MaxResults.java...
  [javadoc] Loading source file /home/travis/build/google/guice/extensions/persist/src/com/google/inject/persist/finder/package-info.java...
  [javadoc] Loading source file /home/travis/build/google/guice/extensions/persist/src/com/google/inject/persist/jpa/Jpa.java...
  [javadoc] Loading source file /home/travis/build/google/guice/extensions/persist/src/com/google/inject/persist/jpa/JpaFinderProxy.java...
  [javadoc] Loading source file /home/travis/build/google/guice/extensions/persist/src/com/google/inject/persist/jpa/JpaLocalTxnInterceptor.java...
  [javadoc] Loading source file /home/travis/build/google/guice/extensions/persist/src/com/google/inject/persist/jpa/JpaPersistModule.java...
  [javadoc] Loading source file /home/travis/build/google/guice/extensions/persist/src/com/google/inject/persist/jpa/JpaPersistService.java...
  [javadoc] Loading source file /home/travis/build/google/guice/extensions/persist/src/com/google/inject/persist/jpa/package-info.java...
  [javadoc] Loading source file /home/travis/build/google/guice/extensions/persist/src/com/google/inject/persist/package-info.java...
  [javadoc] Loading source file /home/travis/build/google/guice/extensions/spring/src/com/google/inject/spring/SpringIntegration.java...
  [javadoc] Loading source file /home/travis/build/google/guice/extensions/spring/src/com/google/inject/spring/package-info.java...
  [javadoc] Loading source file /home/travis/build/google/guice/extensions/struts2/src/com/google/inject/struts2/GuiceObjectFactory.java...
  [javadoc] Loading source file /home/travis/build/google/guice/extensions/struts2/src/com/google/inject/struts2/Struts2Factory.java...
  [javadoc] Loading source file /home/travis/build/google/guice/extensions/struts2/src/com/google/inject/struts2/Struts2GuicePluginModule.java...
  [javadoc] Loading source file /home/travis/build/google/guice/extensions/jndi/src/com/google/inject/jndi/JndiIntegration.java...
  [javadoc] Loading source file /home/travis/build/google/guice/extensions/jndi/src/com/google/inject/jndi/package-info.java...
  [javadoc] Loading source file /home/travis/build/google/guice/extensions/jmx/src/com/google/inject/tools/jmx/ManagedBinding.java...
  [javadoc] Loading source file /home/travis/build/google/guice/extensions/jmx/src/com/google/inject/tools/jmx/ManagedBindingMBean.java...
  [javadoc] Loading source file /home/travis/build/google/guice/extensions/jmx/src/com/google/inject/tools/jmx/Manager.java...
  [javadoc] Loading source file /home/travis/build/google/guice/extensions/jmx/src/com/google/inject/tools/jmx/package-info.java...
  [javadoc] Constructing Javadoc information...
  [javadoc] Creating destination directory: "/home/travis/build/google/guice/build/docs/javadoc/"
  [javadoc] Standard Doclet version 1.8.0_31
  [javadoc] Building tree for all the packages and classes...
  [javadoc] /home/travis/build/google/guice/extensions/dagger-adapter/src/com/google/inject/daggeradapter/DaggerAdapter.java:53: warning - Tag @link:illegal character: "64" in "@dagger.Module"
  [javadoc] /home/travis/build/google/guice/extensions/dagger-adapter/src/com/google/inject/daggeradapter/DaggerAdapter.java:53: warning - Tag @link:illegal character: "64" in "@dagger.Provides"
  [javadoc] /home/travis/build/google/guice/extensions/dagger-adapter/src/com/google/inject/daggeradapter/DaggerAdapter.java:53: warning - Tag @link:illegal character: "64" in "@Singleton"
  [javadoc] /home/travis/build/google/guice/extensions/dagger-adapter/src/com/google/inject/daggeradapter/DaggerAdapter.java:53: warning - Tag @link: reference not found: @dagger.Module
  [javadoc] /home/travis/build/google/guice/extensions/dagger-adapter/src/com/google/inject/daggeradapter/DaggerAdapter.java:53: warning - Tag @link: reference not found: @dagger.Provides
  [javadoc] /home/travis/build/google/guice/extensions/dagger-adapter/src/com/google/inject/daggeradapter/DaggerAdapter.java:53: warning - Tag @link: reference not found: @Singleton
  [javadoc] /home/travis/build/google/guice/extensions/dagger-adapter/src/com/google/inject/daggeradapter/DaggerAdapter.java:53: warning - Tag @link: reference not found: @dagger.Module
  [javadoc] /home/travis/build/google/guice/extensions/dagger-adapter/src/com/google/inject/daggeradapter/DaggerAdapter.java:53: warning - Tag @link: reference not found: @dagger.Provides
  [javadoc] Building index for all the packages and classes...
  [javadoc] /home/travis/build/google/guice/extensions/dagger-adapter/src/com/google/inject/daggeradapter/DaggerAdapter.java:53: warning - Tag @link: reference not found: @dagger.Module
  [javadoc] /home/travis/build/google/guice/extensions/dagger-adapter/src/com/google/inject/daggeradapter/DaggerAdapter.java:53: warning - Tag @link: reference not found: @dagger.Provides
  [javadoc] Building index for all classes...
  [javadoc] Generating /home/travis/build/google/guice/build/docs/javadoc/help-doc.html...
  [javadoc] 10 warnings

dist:

source.jar:
    [mkdir] Created dir: /home/travis/build/google/guice/extensions/servlet/build
      [zip] Building zip: /home/travis/build/google/guice/extensions/servlet/build/guice-servlet-snapshot-src.jar

compile:
    [mkdir] Created dir: /home/travis/build/google/guice/extensions/servlet/build/classes
    [javac] Compiling 35 source files to /home/travis/build/google/guice/extensions/servlet/build/classes
    [javac] warning: [options] bootstrap class path not set in conjunction with -source 1.6
    [javac] /home/travis/build/google/guice/extensions/servlet/src/com/google/inject/servlet/FilterDefinition.java:125: warning: [rawtypes] found raw type: Enumeration
    [javac]       public Enumeration getInitParameterNames() {
    [javac]              ^
    [javac]   missing type arguments for generic class Enumeration<E>
    [javac]   where E is a type-variable:
    [javac]     E extends Object declared in interface Enumeration
    [javac] /home/travis/build/google/guice/extensions/servlet/src/com/google/inject/servlet/ServletDefinition.java:134: warning: [rawtypes] found raw type: Enumeration
    [javac]       public Enumeration getInitParameterNames() {
    [javac]              ^
    [javac]   missing type arguments for generic class Enumeration<E>
    [javac]   where E is a type-variable:
    [javac]     E extends Object declared in interface Enumeration
    [javac] /home/travis/build/google/guice/extensions/servlet/src/com/google/inject/servlet/ServletScopes.java:364: warning: [rawtypes] found raw type: Key
    [javac]     final Map<Key, Object> map = Maps.newHashMap();
    [javac]               ^
    [javac]   missing type arguments for generic class Key<T>
    [javac]   where T is a type-variable:
    [javac]     T extends Object declared in class Key
    [javac] 4 warnings
    [javac] Creating empty /home/travis/build/google/guice/extensions/servlet/build/classes/com/google/inject/servlet/package-info.class

manifest:
  [bndwrap] classes 67 0
    [unjar] Expanding: /home/travis/build/google/guice/extensions/servlet/build/classes.bar into /home/travis/build/google/guice/extensions/servlet/build

jar:
      [jar] Building jar: /home/travis/build/google/guice/extensions/servlet/build/guice-servlet-snapshot.jar

distjars:

source.jar:
    [mkdir] Created dir: /home/travis/build/google/guice/extensions/spring/build
      [zip] Building zip: /home/travis/build/google/guice/extensions/spring/build/guice-spring-snapshot-src.jar

compile:
    [mkdir] Created dir: /home/travis/build/google/guice/extensions/spring/build/classes
    [javac] Compiling 2 source files to /home/travis/build/google/guice/extensions/spring/build/classes
    [javac] warning: [options] bootstrap class path not set in conjunction with -source 1.6
    [javac] 1 warning
    [javac] Creating empty /home/travis/build/google/guice/extensions/spring/build/classes/com/google/inject/spring/package-info.class

manifest:
  [bndwrap] classes 4 0
    [unjar] Expanding: /home/travis/build/google/guice/extensions/spring/build/classes.bar into /home/travis/build/google/guice/extensions/spring/build

jar:
      [jar] Building jar: /home/travis/build/google/guice/extensions/spring/build/guice-spring-snapshot.jar

distjars:

source.jar:
    [mkdir] Created dir: /home/travis/build/google/guice/extensions/struts2/build
      [zip] Building zip: /home/travis/build/google/guice/extensions/struts2/build/guice-struts2-plugin-snapshot-src.jar

compile:
    [mkdir] Created dir: /home/travis/build/google/guice/extensions/struts2/build/classes
    [javac] Compiling 3 source files to /home/travis/build/google/guice/extensions/struts2/build/classes
    [javac] warning: [options] bootstrap class path not set in conjunction with -source 1.6
    [javac] /home/travis/build/google/guice/extensions/struts2/src/com/google/inject/struts2/GuiceObjectFactory.java:82: warning: [rawtypes] found raw type: Class
    [javac]   public Class getClassInstance(String name) throws ClassNotFoundException {
    [javac]          ^
    [javac]   missing type arguments for generic class Class<T>
    [javac]   where T is a type-variable:
    [javac]     T extends Object declared in class Class
    [javac] /home/travis/build/google/guice/extensions/struts2/src/com/google/inject/struts2/GuiceObjectFactory.java:110: warning: [rawtypes] found raw type: Class
    [javac]   public Object buildBean(Class clazz, Map extraContext) {
    [javac]                           ^
    [javac]   missing type arguments for generic class Class<T>
    [javac]   where T is a type-variable:
    [javac]     T extends Object declared in class Class
    [javac] /home/travis/build/google/guice/extensions/struts2/src/com/google/inject/struts2/GuiceObjectFactory.java:110: warning: [rawtypes] found raw type: Map
    [javac]   public Object buildBean(Class clazz, Map extraContext) {
    [javac]                                        ^
    [javac]   missing type arguments for generic class Map<K,V>
    [javac]   where K,V are type-variables:
    [javac]     K extends Object declared in interface Map
    [javac]     V extends Object declared in interface Map
    [javac] /home/travis/build/google/guice/extensions/struts2/src/com/google/inject/struts2/GuiceObjectFactory.java:168: warning: [rawtypes] found raw type: Map
    [javac]       Map interceptorRefParams) throws ConfigurationException {
    [javac]       ^
    [javac]   missing type arguments for generic class Map<K,V>
    [javac]   where K,V are type-variables:
    [javac]     K extends Object declared in interface Map
    [javac]     V extends Object declared in interface Map
    [javac] /home/travis/build/google/guice/extensions/struts2/src/com/google/inject/struts2/GuiceObjectFactory.java:184: warning: [rawtypes] found raw type: Map
    [javac]       Map interceptorRefParams) throws ConfigurationException {
    [javac]       ^
    [javac]   missing type arguments for generic class Map<K,V>
    [javac]   where K,V are type-variables:
    [javac]     K extends Object declared in interface Map
    [javac]     V extends Object declared in interface Map
    [javac] /home/travis/build/google/guice/extensions/struts2/src/com/google/inject/struts2/GuiceObjectFactory.java:185: warning: [unchecked] unchecked method invocation: method buildInterceptor in class ObjectFactory is applied to given types
    [javac]     return super.buildInterceptor(interceptorConfig, interceptorRefParams);
    [javac]                                  ^
    [javac]   required: InterceptorConfig,Map<String,String>
    [javac]   found: InterceptorConfig,Map
    [javac] /home/travis/build/google/guice/extensions/struts2/src/com/google/inject/struts2/GuiceObjectFactory.java:185: warning: [unchecked] unchecked conversion
    [javac]     return super.buildInterceptor(interceptorConfig, interceptorRefParams);
    [javac]                                                      ^
    [javac]   required: Map<String,String>
    [javac]   found:    Map
    [javac] /home/travis/build/google/guice/extensions/struts2/src/com/google/inject/struts2/GuiceObjectFactory.java:191: warning: [rawtypes] found raw type: Map
    [javac]     final Map params;
    [javac]           ^
    [javac]   missing type arguments for generic class Map<K,V>
    [javac]   where K,V are type-variables:
    [javac]     K extends Object declared in interface Map
    [javac]     V extends Object declared in interface Map
    [javac] /home/travis/build/google/guice/extensions/struts2/src/com/google/inject/struts2/GuiceObjectFactory.java:195: warning: [rawtypes] found raw type: Map
    [javac]     ProvidedInterceptor(InterceptorConfig config, Map params,
    [javac]                                                   ^
    [javac]   missing type arguments for generic class Map<K,V>
    [javac]   where K,V are type-variables:
    [javac]     K extends Object declared in interface Map
    [javac]     V extends Object declared in interface Map
    [javac] /home/travis/build/google/guice/extensions/struts2/src/com/google/inject/struts2/Struts2Factory.java:101: warning: [rawtypes] found raw type: Class
    [javac]   public Object buildBean(Class clazz, Map<String, Object> extraContext) {
    [javac]                           ^
    [javac]   missing type arguments for generic class Class<T>
    [javac]   where T is a type-variable:
    [javac]     T extends Object declared in class Class
    [javac] /home/travis/build/google/guice/extensions/struts2/src/com/google/inject/struts2/Struts2Factory.java:149: warning: [rawtypes] found raw type: Map
    [javac]       Map interceptorRefParams) throws ConfigurationException {
    [javac]       ^
    [javac]   missing type arguments for generic class Map<K,V>
    [javac]   where K,V are type-variables:
    [javac]     K extends Object declared in interface Map
    [javac]     V extends Object declared in interface Map
    [javac] 12 warnings
     [copy] Copying 1 file to /home/travis/build/google/guice/extensions/struts2/build/classes

manifest:
  [bndwrap] classes 8 0
    [unjar] Expanding: /home/travis/build/google/guice/extensions/struts2/build/classes.bar into /home/travis/build/google/guice/extensions/struts2/build

jar:
      [jar] Building jar: /home/travis/build/google/guice/extensions/struts2/build/guice-struts2-plugin-snapshot.jar

distjars:

source.jar:
    [mkdir] Created dir: /home/travis/build/google/guice/extensions/assistedinject/build
      [zip] Building zip: /home/travis/build/google/guice/extensions/assistedinject/build/guice-assistedinject-snapshot-src.jar

compile:
    [mkdir] Created dir: /home/travis/build/google/guice/extensions/assistedinject/build/classes
    [javac] Compiling 13 source files to /home/travis/build/google/guice/extensions/assistedinject/build/classes
    [javac] warning: [options] bootstrap class path not set in conjunction with -source 1.6
    [javac] /home/travis/build/google/guice/extensions/assistedinject/src/com/google/inject/assistedinject/FactoryProvider.java:379: warning: [rawtypes] found raw type: Class
    [javac]         new Class[] { factoryRawType }, invocationHandler));
    [javac]             ^
    [javac]   missing type arguments for generic class Class<T>
    [javac]   where T is a type-variable:
    [javac]     T extends Object declared in class Class
    [javac] 2 warnings
    [javac] Creating empty /home/travis/build/google/guice/extensions/assistedinject/build/classes/com/google/inject/assistedinject/package-info.class

manifest:
  [bndwrap] classes 20 0
    [unjar] Expanding: /home/travis/build/google/guice/extensions/assistedinject/build/classes.bar into /home/travis/build/google/guice/extensions/assistedinject/build

jar:
      [jar] Building jar: /home/travis/build/google/guice/extensions/assistedinject/build/guice-assistedinject-snapshot.jar

distjars:

source.jar:
    [mkdir] Created dir: /home/travis/build/google/guice/extensions/jmx/build
      [zip] Building zip: /home/travis/build/google/guice/extensions/jmx/build/guice-jmx-snapshot-src.jar

compile:
    [mkdir] Created dir: /home/travis/build/google/guice/extensions/jmx/build/classes
    [javac] Compiling 4 source files to /home/travis/build/google/guice/extensions/jmx/build/classes
    [javac] warning: [options] bootstrap class path not set in conjunction with -source 1.6
    [javac] /home/travis/build/google/guice/extensions/jmx/src/com/google/inject/tools/jmx/ManagedBinding.java:23: warning: [rawtypes] found raw type: Binding
    [javac]   final Binding binding;
    [javac]         ^
    [javac]   missing type arguments for generic class Binding<T>
    [javac]   where T is a type-variable:
    [javac]     T extends Object declared in interface Binding
    [javac] /home/travis/build/google/guice/extensions/jmx/src/com/google/inject/tools/jmx/ManagedBinding.java:25: warning: [rawtypes] found raw type: Binding
    [javac]   ManagedBinding(Binding binding) {
    [javac]                  ^
    [javac]   missing type arguments for generic class Binding<T>
    [javac]   where T is a type-variable:
    [javac]     T extends Object declared in interface Binding
    [javac] 3 warnings
    [javac] Creating empty /home/travis/build/google/guice/extensions/jmx/build/classes/com/google/inject/tools/jmx/package-info.class

manifest:
  [bndwrap] classes 4 0
    [unjar] Expanding: /home/travis/build/google/guice/extensions/jmx/build/classes.bar into /home/travis/build/google/guice/extensions/jmx/build

jar:
      [jar] Building jar: /home/travis/build/google/guice/extensions/jmx/build/guice-jmx-snapshot.jar

distjars:

source.jar:
    [mkdir] Created dir: /home/travis/build/google/guice/extensions/jndi/build
      [zip] Building zip: /home/travis/build/google/guice/extensions/jndi/build/guice-jndi-snapshot-src.jar

compile:
    [mkdir] Created dir: /home/travis/build/google/guice/extensions/jndi/build/classes
    [javac] Compiling 2 source files to /home/travis/build/google/guice/extensions/jndi/build/classes
    [javac] warning: [options] bootstrap class path not set in conjunction with -source 1.6
    [javac] 1 warning
    [javac] Creating empty /home/travis/build/google/guice/extensions/jndi/build/classes/com/google/inject/jndi/package-info.class

manifest:
  [bndwrap] classes 3 0
    [unjar] Expanding: /home/travis/build/google/guice/extensions/jndi/build/classes.bar into /home/travis/build/google/guice/extensions/jndi/build

jar:
      [jar] Building jar: /home/travis/build/google/guice/extensions/jndi/build/guice-jndi-snapshot.jar

distjars:

source.jar:
    [mkdir] Created dir: /home/travis/build/google/guice/extensions/throwingproviders/build
      [zip] Building zip: /home/travis/build/google/guice/extensions/throwingproviders/build/guice-throwingproviders-snapshot-src.jar

compile:
    [mkdir] Created dir: /home/travis/build/google/guice/extensions/throwingproviders/build/classes
    [javac] Compiling 10 source files to /home/travis/build/google/guice/extensions/throwingproviders/build/classes
    [javac] warning: [options] bootstrap class path not set in conjunction with -source 1.6
    [javac] /home/travis/build/google/guice/extensions/throwingproviders/src/com/google/inject/throwingproviders/CheckedProvideUtils.java:79: warning: [rawtypes] found raw type: CheckedProvider
    [javac]       Class<? extends CheckedProvider> checkedProvider) {
    [javac]                       ^
    [javac]   missing type arguments for generic class CheckedProvider<T>
    [javac]   where T is a type-variable:
    [javac]     T extends Object declared in interface CheckedProvider
    [javac] /home/travis/build/google/guice/extensions/throwingproviders/src/com/google/inject/throwingproviders/ThrowingProviderBinder.java:119: warning: [rawtypes] found raw type: CheckedProvider
    [javac]   public <P extends CheckedProvider> SecondaryBinder<P, ?> 
    [javac]                     ^
    [javac]   missing type arguments for generic class CheckedProvider<T>
    [javac]   where T is a type-variable:
    [javac]     T extends Object declared in interface CheckedProvider
    [javac] /home/travis/build/google/guice/extensions/throwingproviders/src/com/google/inject/throwingproviders/ThrowingProviderBinder.java:124: warning: [rawtypes] found raw type: CheckedProvider
    [javac]   public <P extends CheckedProvider, T> SecondaryBinder<P, T> 
    [javac]                     ^
    [javac]   missing type arguments for generic class CheckedProvider<T>
    [javac]   where T is a type-variable:
    [javac]     T extends Object declared in interface CheckedProvider
    [javac] /home/travis/build/google/guice/extensions/throwingproviders/src/com/google/inject/throwingproviders/ThrowingProviderBinder.java:129: warning: [rawtypes] found raw type: CheckedProvider
    [javac]   public <P extends CheckedProvider, T> SecondaryBinder<P, T> 
    [javac]                     ^
    [javac]   missing type arguments for generic class CheckedProvider<T>
    [javac]   where T is a type-variable:
    [javac]     T extends Object declared in interface CheckedProvider
    [javac] /home/travis/build/google/guice/extensions/throwingproviders/src/com/google/inject/throwingproviders/ThrowingProviderBinder.java:134: warning: [rawtypes] found raw type: CheckedProvider
    [javac]   public class SecondaryBinder<P extends CheckedProvider, T> {
    [javac]                                          ^
    [javac]   missing type arguments for generic class CheckedProvider<T>
    [javac]   where T is a type-variable:
    [javac]     T extends Object declared in interface CheckedProvider
    [javac] /home/travis/build/google/guice/extensions/throwingproviders/src/com/google/inject/throwingproviders/ThrowingProviderBinder.java:400: warning: [deprecation] ThrowingProvider in com.google.inject.throwingproviders has been deprecated
    [javac]       boolean tpMode = interfaceType.getInterfaces()[0] == ThrowingProvider.class;      
    [javac]                                                            ^
    [javac] /home/travis/build/google/guice/extensions/throwingproviders/src/com/google/inject/throwingproviders/CheckedProviderMethod.java:51: warning: [rawtypes] found raw type: CheckedProvider
    [javac]   private final Class<? extends CheckedProvider> checkedProvider;
    [javac]                                 ^
    [javac]   missing type arguments for generic class CheckedProvider<T>
    [javac]   where T is a type-variable:
    [javac]     T extends Object declared in interface CheckedProvider
    [javac] /home/travis/build/google/guice/extensions/throwingproviders/src/com/google/inject/throwingproviders/CheckedProviderMethod.java:62: warning: [rawtypes] found raw type: CheckedProvider
    [javac]       Class<? extends CheckedProvider> checkedProvider,
    [javac]                       ^
    [javac]   missing type arguments for generic class CheckedProvider<T>
    [javac]   where T is a type-variable:
    [javac]     T extends Object declared in interface CheckedProvider
    [javac] /home/travis/build/google/guice/extensions/throwingproviders/src/com/google/inject/throwingproviders/CheckedProvides.java:44: warning: [rawtypes] found raw type: CheckedProvider
    [javac]   Class<? extends CheckedProvider> value();
    [javac]                   ^
    [javac]   missing type arguments for generic class CheckedProvider<T>
    [javac]   where T is a type-variable:
    [javac]     T extends Object declared in interface CheckedProvider
    [javac] 10 warnings
    [javac] Creating empty /home/travis/build/google/guice/extensions/throwingproviders/build/classes/com/google/inject/throwingproviders/package-info.class

manifest:
  [bndwrap] Should not skip: ^
  [bndwrap] classes 21 0
    [unjar] Expanding: /home/travis/build/google/guice/extensions/throwingproviders/build/classes.bar into /home/travis/build/google/guice/extensions/throwingproviders/build

jar:
      [jar] Building jar: /home/travis/build/google/guice/extensions/throwingproviders/build/guice-throwingproviders-snapshot.jar

distjars:

source.jar:
    [mkdir] Created dir: /home/travis/build/google/guice/extensions/multibindings/build
      [zip] Building zip: /home/travis/build/google/guice/extensions/multibindings/build/guice-multibindings-snapshot-src.jar

compile:
    [mkdir] Created dir: /home/travis/build/google/guice/extensions/multibindings/build/classes
    [javac] Compiling 18 source files to /home/travis/build/google/guice/extensions/multibindings/build/classes
    [javac] warning: [options] bootstrap class path not set in conjunction with -source 1.6
    [javac] /home/travis/build/google/guice/extensions/multibindings/src/com/google/inject/multibindings/Multibinder.java:298: warning: [rawtypes] found raw type: Key
    [javac]       Key key = (Key) collectionOfProvidersKey;
    [javac]       ^
    [javac]   missing type arguments for generic class Key<T>
    [javac]   where T is a type-variable:
    [javac]     T extends Object declared in class Key
    [javac] /home/travis/build/google/guice/extensions/multibindings/src/com/google/inject/multibindings/Multibinder.java:299: warning: [unchecked] unchecked method invocation: method to in interface LinkedBindingBuilder is applied to given types
    [javac]       binder.bind(collectionOfJavaxProvidersKey).to(key);
    [javac]                                                    ^
    [javac]   required: Key<? extends T>
    [javac]   found: Key
    [javac]   where T is a type-variable:
    [javac]     T extends Object declared in interface LinkedBindingBuilder
    [javac] /home/travis/build/google/guice/extensions/multibindings/src/com/google/inject/multibindings/Multibinder.java:299: warning: [unchecked] unchecked conversion
    [javac]       binder.bind(collectionOfJavaxProvidersKey).to(key);
    [javac]                                                     ^
    [javac]   required: Key<? extends T>
    [javac]   found:    Key
    [javac]   where T is a type-variable:
    [javac]     T extends Object declared in interface LinkedBindingBuilder
    [javac] /home/travis/build/google/guice/extensions/multibindings/src/com/google/inject/multibindings/Multibinder.java:466: warning: [rawtypes] found raw type: Provider
    [javac]         Provider<T>[] providers = new Provider[size];
    [javac]                                       ^
    [javac]   missing type arguments for generic class Provider<T>
    [javac]   where T is a type-variable:
    [javac]     T extends Object declared in interface Provider
    [javac] /home/travis/build/google/guice/extensions/multibindings/src/com/google/inject/multibindings/Multibinder.java:479: warning: [rawtypes] found raw type: Key
    [javac]           Key key = dependency.getKey();
    [javac]           ^
    [javac]   missing type arguments for generic class Key<T>
    [javac]   where T is a type-variable:
    [javac]     T extends Object declared in class Key
    [javac] /home/travis/build/google/guice/extensions/multibindings/src/com/google/inject/multibindings/Multibinder.java:481: warning: [unchecked] unchecked method invocation: method get in class Dependency is applied to given types
    [javac]               Dependency.get(key.ofType(Types.providerOf(key.getTypeLiteral().getType()))));
    [javac]                             ^
    [javac]   required: Key<T>
    [javac]   found: Key
    [javac]   where T is a type-variable:
    [javac]     T extends Object declared in method <T>get(Key<T>)
    [javac] /home/travis/build/google/guice/extensions/multibindings/src/com/google/inject/multibindings/Multibinder.java:481: warning: [unchecked] unchecked conversion
    [javac]               Dependency.get(key.ofType(Types.providerOf(key.getTypeLiteral().getType()))));
    [javac]                                        ^
    [javac]   required: Key<T>
    [javac]   found:    Key
    [javac]   where T is a type-variable:
    [javac]     T extends Object declared in method <T>get(Key<T>)
    [javac] /home/travis/build/google/guice/extensions/multibindings/src/com/google/inject/multibindings/Multibinder.java:486: warning: [rawtypes] found raw type: Key
    [javac]       Key getCollectionKey() {
    [javac]       ^
    [javac]   missing type arguments for generic class Key<T>
    [javac]   where T is a type-variable:
    [javac]     T extends Object declared in class Key
    [javac] /home/travis/build/google/guice/extensions/multibindings/src/com/google/inject/multibindings/MapBinder.java:394: warning: [rawtypes] found raw type: Key
    [javac]       Key massagedProviderMapKey = (Key)providerMapKey;
    [javac]       ^
    [javac]   missing type arguments for generic class Key<T>
    [javac]   where T is a type-variable:
    [javac]     T extends Object declared in class Key
    [javac] /home/travis/build/google/guice/extensions/multibindings/src/com/google/inject/multibindings/MapBinder.java:395: warning: [unchecked] unchecked method invocation: method to in interface LinkedBindingBuilder is applied to given types
    [javac]       binder.bind(javaxProviderMapKey).to(massagedProviderMapKey);
    [javac]                                          ^
    [javac]   required: Key<? extends T>
    [javac]   found: Key
    [javac]   where T is a type-variable:
    [javac]     T extends Object declared in interface LinkedBindingBuilder
    [javac] /home/travis/build/google/guice/extensions/multibindings/src/com/google/inject/multibindings/MapBinder.java:395: warning: [unchecked] unchecked conversion
    [javac]       binder.bind(javaxProviderMapKey).to(massagedProviderMapKey);
    [javac]                                           ^
    [javac]   required: Key<? extends T>
    [javac]   found:    Key
    [javac]   where T is a type-variable:
    [javac]     T extends Object declared in interface LinkedBindingBuilder
    [javac] /home/travis/build/google/guice/extensions/multibindings/src/com/google/inject/multibindings/MapBinder.java:797: warning: [rawtypes] found raw type: Entry
    [javac]            Map.Entry o = (Map.Entry)obj;
    [javac]               ^
    [javac]   missing type arguments for generic class Entry<K,V>
    [javac]   where K,V are type-variables:
    [javac]     K extends Object declared in interface Entry
    [javac]     V extends Object declared in interface Entry
    [javac] /home/travis/build/google/guice/extensions/multibindings/src/com/google/inject/multibindings/OptionalBinder.java:304: warning: [rawtypes] found raw type: Key
    [javac]     private final Key javaOptionalKey;
    [javac]                   ^
    [javac]   missing type arguments for generic class Key<T>
    [javac]   where T is a type-variable:
    [javac]     T extends Object declared in class Key
    [javac] /home/travis/build/google/guice/extensions/multibindings/src/com/google/inject/multibindings/OptionalBinder.java:305: warning: [rawtypes] found raw type: Key
    [javac]     private final Key javaOptionalJavaxProviderKey;
    [javac]                   ^
    [javac]   missing type arguments for generic class Key<T>
    [javac]   where T is a type-variable:
    [javac]     T extends Object declared in class Key
    [javac] /home/travis/build/google/guice/extensions/multibindings/src/com/google/inject/multibindings/OptionalBinder.java:306: warning: [rawtypes] found raw type: Key
    [javac]     private final Key javaOptionalProviderKey;
    [javac]                   ^
    [javac]   missing type arguments for generic class Key<T>
    [javac]   where T is a type-variable:
    [javac]     T extends Object declared in class Key
    [javac] /home/travis/build/google/guice/extensions/multibindings/src/com/google/inject/multibindings/OptionalBinder.java:384: warning: [rawtypes] found raw type: Key
    [javac]       Key massagedOptionalProviderKey = (Key) optionalProviderKey;
    [javac]       ^
    [javac]   missing type arguments for generic class Key<T>
    [javac]   where T is a type-variable:
    [javac]     T extends Object declared in class Key
    [javac] /home/travis/build/google/guice/extensions/multibindings/src/com/google/inject/multibindings/OptionalBinder.java:385: warning: [unchecked] unchecked method invocation: method to in interface LinkedBindingBuilder is applied to given types
    [javac]       binder.bind(optionalJavaxProviderKey).to(massagedOptionalProviderKey);
    [javac]                                               ^
    [javac]   required: Key<? extends T>
    [javac]   found: Key
    [javac]   where T is a type-variable:
    [javac]     T extends Object declared in interface LinkedBindingBuilder
    [javac] /home/travis/build/google/guice/extensions/multibindings/src/com/google/inject/multibindings/OptionalBinder.java:385: warning: [unchecked] unchecked conversion
    [javac]       binder.bind(optionalJavaxProviderKey).to(massagedOptionalProviderKey);
    [javac]                                                ^
    [javac]   required: Key<? extends T>
    [javac]   found:    Key
    [javac]   where T is a type-variable:
    [javac]     T extends Object declared in interface LinkedBindingBuilder
    [javac] 19 warnings
    [javac] Creating empty /home/travis/build/google/guice/extensions/multibindings/build/classes/com/google/inject/multibindings/package-info.class

manifest:
  [bndwrap] classes 57 0
    [unjar] Expanding: /home/travis/build/google/guice/extensions/multibindings/build/classes.bar into /home/travis/build/google/guice/extensions/multibindings/build

jar:
      [jar] Building jar: /home/travis/build/google/guice/extensions/multibindings/build/guice-multibindings-snapshot.jar

distjars:

source.jar:
    [mkdir] Created dir: /home/travis/build/google/guice/extensions/dagger-adapter/build
      [zip] Building zip: /home/travis/build/google/guice/extensions/dagger-adapter/build/guice-dagger-adapter-snapshot-src.jar

compile:
    [mkdir] Created dir: /home/travis/build/google/guice/extensions/dagger-adapter/build/classes
    [javac] Compiling 2 source files to /home/travis/build/google/guice/extensions/dagger-adapter/build/classes
    [javac] warning: [options] bootstrap class path not set in conjunction with -source 1.6
    [javac] /home/travis/build/google/guice/extensions/dagger-adapter/src/com/google/inject/daggeradapter/DaggerMethodScanner.java:55: warning: [fallthrough] possible fall-through into case
    [javac]       case SET:
    [javac]       ^
    [javac] 2 warnings

manifest:
  [bndwrap] classes 5 0
    [unjar] Expanding: /home/travis/build/google/guice/extensions/dagger-adapter/build/classes.bar into /home/travis/build/google/guice/extensions/dagger-adapter/build

jar:
      [jar] Building jar: /home/travis/build/google/guice/extensions/dagger-adapter/build/guice-dagger-adapter-snapshot.jar

distjars:

source.jar:
    [mkdir] Created dir: /home/travis/build/google/guice/extensions/persist/build
      [zip] Building zip: /home/travis/build/google/guice/extensions/persist/build/guice-persist-snapshot-src.jar

compile:
    [mkdir] Created dir: /home/travis/build/google/guice/extensions/persist/build/classes
    [javac] Compiling 17 source files to /home/travis/build/google/guice/extensions/persist/build/classes
    [javac] warning: [options] bootstrap class path not set in conjunction with -source 1.6
    [javac] /home/travis/build/google/guice/extensions/persist/src/com/google/inject/persist/finder/Finder.java:50: warning: [rawtypes] found raw type: Collection
    [javac]   Class<? extends Collection> returnAs() default Collection.class;
    [javac]                   ^
    [javac]   missing type arguments for generic class Collection<E>
    [javac]   where E is a type-variable:
    [javac]     E extends Object declared in interface Collection
    [javac] /home/travis/build/google/guice/extensions/persist/src/com/google/inject/persist/jpa/JpaFinderProxy.java:86: warning: [rawtypes] found raw type: List
    [javac]       List results) {
    [javac]       ^
    [javac]   missing type arguments for generic class List<E>
    [javac]   where E is a type-variable:
    [javac]     E extends Object declared in interface List
    [javac] /home/travis/build/google/guice/extensions/persist/src/com/google/inject/persist/jpa/JpaFinderProxy.java:104: warning: [unchecked] unchecked method invocation: method addAll in interface Collection is applied to given types
    [javac]     collection.addAll(results);
    [javac]                      ^
    [javac]   required: Collection<? extends E>
    [javac]   found: List
    [javac]   where E is a type-variable:
    [javac]     E extends Object declared in interface Collection
    [javac] /home/travis/build/google/guice/extensions/persist/src/com/google/inject/persist/jpa/JpaFinderProxy.java:104: warning: [unchecked] unchecked conversion
    [javac]     collection.addAll(results);
    [javac]                       ^
    [javac]   required: Collection<? extends E>
    [javac]   found:    List
    [javac]   where E is a type-variable:
    [javac]     E extends Object declared in interface Collection
    [javac] /home/travis/build/google/guice/extensions/persist/src/com/google/inject/persist/jpa/JpaFinderProxy.java:250: warning: [rawtypes] found raw type: Collection
    [javac]     volatile Class<? extends Collection> returnCollectionType;
    [javac]                              ^
    [javac]   missing type arguments for generic class Collection<E>
    [javac]   where E is a type-variable:
    [javac]     E extends Object declared in interface Collection
    [javac] /home/travis/build/google/guice/extensions/persist/src/com/google/inject/persist/jpa/JpaFinderProxy.java:251: warning: [rawtypes] found raw type: Constructor
    [javac]     volatile Constructor returnCollectionTypeConstructor;
    [javac]              ^
    [javac]   missing type arguments for generic class Constructor<T>
    [javac]   where T is a type-variable:
    [javac]     T extends Object declared in class Constructor
    [javac] 7 warnings
    [javac] Creating empty /home/travis/build/google/guice/extensions/persist/build/classes/com/google/inject/persist/jpa/package-info.class
    [javac] Creating empty /home/travis/build/google/guice/extensions/persist/build/classes/com/google/inject/persist/package-info.class
    [javac] Creating empty /home/travis/build/google/guice/extensions/persist/build/classes/com/google/inject/persist/finder/package-info.class

manifest:
  [bndwrap] classes 25 0
    [unjar] Expanding: /home/travis/build/google/guice/extensions/persist/build/classes.bar into /home/travis/build/google/guice/extensions/persist/build

jar:
      [jar] Building jar: /home/travis/build/google/guice/extensions/persist/build/guice-persist-snapshot.jar

distjars:

source.jar:
    [mkdir] Created dir: /home/travis/build/google/guice/extensions/grapher/build
      [zip] Building zip: /home/travis/build/google/guice/extensions/grapher/build/guice-grapher-snapshot-src.jar

compile:
    [mkdir] Created dir: /home/travis/build/google/guice/extensions/grapher/build/classes
    [javac] Compiling 34 source files to /home/travis/build/google/guice/extensions/grapher/build/classes
    [javac] warning: [options] bootstrap class path not set in conjunction with -source 1.6
    [javac] 1 warning

manifest:
  [bndwrap] classes 42 0
    [unjar] Expanding: /home/travis/build/google/guice/extensions/grapher/build/classes.bar into /home/travis/build/google/guice/extensions/grapher/build

jar:
      [jar] Building jar: /home/travis/build/google/guice/extensions/grapher/build/guice-grapher-snapshot.jar

distjars:

source.jar:
    [mkdir] Created dir: /home/travis/build/google/guice/extensions/testlib/build
      [zip] Building zip: /home/travis/build/google/guice/extensions/testlib/build/guice-testlib-snapshot-src.jar

compile:
    [mkdir] Created dir: /home/travis/build/google/guice/extensions/testlib/build/classes
    [javac] Compiling 2 source files to /home/travis/build/google/guice/extensions/testlib/build/classes
    [javac] warning: [options] bootstrap class path not set in conjunction with -source 1.6
    [javac] 1 warning

manifest:
  [bndwrap] classes 5 0
    [unjar] Expanding: /home/travis/build/google/guice/extensions/testlib/build/classes.bar into /home/travis/build/google/guice/extensions/testlib/build

jar:
      [jar] Building jar: /home/travis/build/google/guice/extensions/testlib/build/guice-testlib-snapshot.jar

distjars:
     [copy] Copying 2 files to /home/travis/build/google/guice/build/dist
     [copy] Copying 2 files to /home/travis/build/google/guice/build/dist
     [copy] Copying 2 files to /home/travis/build/google/guice/build/dist
     [copy] Copying 2 files to /home/travis/build/google/guice/build/dist
     [copy] Copying 2 files to /home/travis/build/google/guice/build/dist
     [copy] Copying 2 files to /home/travis/build/google/guice/build/dist
     [copy] Copying 2 files to /home/travis/build/google/guice/build/dist
     [copy] Copying 2 files to /home/travis/build/google/guice/build/dist
     [copy] Copying 2 files to /home/travis/build/google/guice/build/dist
     [copy] Copying 2 files to /home/travis/build/google/guice/build/dist
     [copy] Copying 2 files to /home/travis/build/google/guice/build/dist
     [copy] Copying 2 files to /home/travis/build/google/guice/build/dist
     [copy] Copying 1 file to /home/travis/build/google/guice/build/dist
     [copy] Copying 3 files to /home/travis/build/google/guice/build/dist
      [zip] Building zip: /home/travis/build/google/guice/build/guice-snapshot.zip
      [zip] Building zip: /home/travis/build/google/guice/build/guice-snapshot-src.zip

test.dist:

compile:

jar.withdeps:
   [jarjar] Building jar: /home/travis/build/google/guice/build/guice-with-deps.jar

manifest:
  [bndwrap] classes 354 450803
    [unjar] Expanding: /home/travis/build/google/guice/build/classes.bar into /home/travis/build/google/guice/build

jar:
      [jar] Building jar: /home/travis/build/google/guice/build/dist/guice-snapshot.jar

test.compile:
    [mkdir] Created dir: /home/travis/build/google/guice/build/test
    [javac] Compiling 87 source files to /home/travis/build/google/guice/build/test
    [javac] warning: [options] bootstrap class path not set in conjunction with -source 1.6
    [javac] Note: Some input files use or override a deprecated API.
    [javac] Note: Recompile with -Xlint:deprecation for details.
    [javac] Note: Some input files use unchecked or unsafe operations.
    [javac] Note: Recompile with -Xlint:unchecked for details.
    [javac] 1 warning

test.withdeps:
   [jarjar] Building jar: /home/travis/build/google/guice/build/guice-snapshot-tests.jar

test.dist.run:
    [junit] Apr 21, 2015 12:55:07 AM com.google.inject.spi.InjectionPoint getInjectionPoints
    [junit] WARNING: Method: void org.atinject.tck.auto.accessories.SpareTire.injectPackagePrivateMethod3() is not annotated with @Inject but is overriding a method that is annotated with @javax.inject.Inject.  Because it is not annotated with @Inject, the method will not be injected. To fix this, annotate the method with @Inject.
    [junit] Apr 21, 2015 12:55:07 AM com.google.inject.spi.InjectionPoint getInjectionPoints
    [junit] WARNING: Method: protected void org.atinject.tck.auto.accessories.SpareTire.injectProtectedMethodForOverride() is not annotated with @Inject but is overriding a method that is annotated with @javax.inject.Inject.  Because it is not annotated with @Inject, the method will not be injected. To fix this, annotate the method with @Inject.
    [junit] Apr 21, 2015 12:55:07 AM com.google.inject.spi.InjectionPoint getInjectionPoints
    [junit] WARNING: Method: public void org.atinject.tck.auto.accessories.SpareTire.injectPublicMethodForOverride() is not annotated with @Inject but is overriding a method that is annotated with @javax.inject.Inject.  Because it is not annotated with @Inject, the method will not be injected. To fix this, annotate the method with @Inject.
    [junit] Apr 21, 2015 12:55:07 AM com.google.inject.spi.InjectionPoint getInjectionPoints
    [junit] WARNING: Method: public void org.atinject.tck.auto.GasEngine.injectTwiceOverriddenWithOmissionInMiddle() is not annotated with @Inject but is overriding a method that is annotated with @javax.inject.Inject.  Because it is not annotated with @Inject, the method will not be injected. To fix this, annotate the method with @Inject.
    [junit] Apr 21, 2015 12:55:07 AM com.google.inject.spi.InjectionPoint getInjectionPoints
    [junit] WARNING: Method: void org.atinject.tck.auto.V8Engine.injectPackagePrivateMethodForOverride() is not annotated with @Inject but is overriding a method that is annotated with @javax.inject.Inject.  Because it is not annotated with @Inject, the method will not be injected. To fix this, annotate the method with @Inject.
    [junit] Apr 21, 2015 12:55:07 AM com.google.inject.spi.InjectionPoint getInjectionPoints
    [junit] WARNING: Method: public void org.atinject.tck.auto.V8Engine.injectQualifiers(org.atinject.tck.auto.Seat,org.atinject.tck.auto.Seat,org.atinject.tck.auto.Tire,org.atinject.tck.auto.Tire) is not annotated with @Inject but is overriding a method that is annotated with @javax.inject.Inject.  Because it is not annotated with @Inject, the method will not be injected. To fix this, annotate the method with @Inject.
    [junit] Apr 21, 2015 12:55:07 AM com.google.inject.spi.InjectionPoint getInjectionPoints
    [junit] WARNING: Method: public void org.atinject.tck.auto.V8Engine.injectTwiceOverriddenWithOmissionInSubclass() is not annotated with @Inject but is overriding a method that is annotated with @javax.inject.Inject.  Because it is not annotated with @Inject, the method will not be injected. To fix this, annotate the method with @Inject.
    [junit] .........................................
    [junit] .........................................
    [junit] ...com.google.inject.CreationException: Unable to create injector, see the following errors:
    [junit] 
    [junit] 1) A binding to com.google.inject.BinderTest$HasImplementedBy1 was already configured at com.google.inject.BinderTest$19.configure(BinderTest.java:347).
    [junit]   at com.google.inject.BinderTest$19.configure(BinderTest.java:346)
    [junit] 
    [junit] 1 error
    [junit] 	at com.google.inject.internal.Errors.throwCreationExceptionIfErrorsExist(Errors.java:466)
    [junit] 	at com.google.inject.internal.InternalInjectorCreator.initializeStatically(InternalInjectorCreator.java:155)
    [junit] 	at com.google.inject.internal.InternalInjectorCreator.build(InternalInjectorCreator.java:107)
    [junit] 	at com.google.inject.Guice.createInjector(Guice.java:99)
    [junit] 	at com.google.inject.Guice.createInjector(Guice.java:73)
    [junit] 	at com.google.inject.Guice.createInjector(Guice.java:62)
    [junit] 	at com.google.inject.BinderTest.testSettingAtImplementedByTwice(BinderTest.java:343)
    [junit] 	at sun.reflect.NativeMethodAccessorImpl.invoke0(Native Method)
    [junit] 	at sun.reflect.NativeMethodAccessorImpl.invoke(NativeMethodAccessorImpl.java:62)
    [junit] 	at sun.reflect.DelegatingMethodAccessorImpl.invoke(DelegatingMethodAccessorImpl.java:43)
    [junit] 	at java.lang.reflect.Method.invoke(Method.java:483)
    [junit] 	at junit.framework.TestCase.runTest(TestCase.java:154)
    [junit] 	at junit.framework.TestCase.runBare(TestCase.java:127)
    [junit] 	at junit.framework.TestResult$1.protect(TestResult.java:106)
    [junit] 	at junit.framework.TestResult.runProtected(TestResult.java:124)
    [junit] 	at junit.framework.TestResult.run(TestResult.java:109)
    [junit] 	at junit.framework.TestCase.run(TestCase.java:118)
    [junit] 	at junit.framework.TestSuite.runTest(TestSuite.java:208)
    [junit] 	at junit.framework.TestSuite.run(TestSuite.java:203)
    [junit] 	at junit.framework.TestSuite.runTest(TestSuite.java:208)
    [junit] 	at junit.framework.TestSuite.run(TestSuite.java:203)
    [junit] 	at junit.textui.TestRunner.doRun(TestRunner.java:116)
    [junit] 	at junit.textui.TestRunner.start(TestRunner.java:172)
    [junit] 	at junit.textui.TestRunner.main(TestRunner.java:138)
    [junit] Apr 21, 2015 12:55:07 AM com.google.inject.internal.MessageProcessor visit
    [junit] INFO: An exception was caught and reported. Message: java.lang.IllegalArgumentException
    [junit] java.lang.IllegalArgumentException
    [junit] 	at com.google.inject.BinderTest$24.configure(BinderTest.java:450)
    [junit] 	at com.google.inject.AbstractModule.configure(AbstractModule.java:62)
    [junit] 	at com.google.inject.spi.Elements$RecordingBinder.install(Elements.java:340)
    [junit] 	at com.google.inject.spi.Elements.getElements(Elements.java:110)
    [junit] 	at com.google.inject.internal.InjectorShell$Builder.build(InjectorShell.java:138)
    [junit] 	at com.google.inject.internal.InternalInjectorCreator.build(InternalInjectorCreator.java:104)
    [junit] 	at com.google.inject.Guice.createInjector(Guice.java:99)
    [junit] 	at com.google.inject.Guice.createInjector(Guice.java:73)
    [junit] 	at com.google.inject.Guice.createInjector(Guice.java:62)
    [junit] 	at com.google.inject.BinderTest.testUserReportedErrorsAreAlsoLogged(BinderTest.java:447)
    [junit] 	at sun.reflect.NativeMethodAccessorImpl.invoke0(Native Method)
    [junit] 	at sun.reflect.NativeMethodAccessorImpl.invoke(NativeMethodAccessorImpl.java:62)
    [junit] 	at sun.reflect.DelegatingMethodAccessorImpl.invoke(DelegatingMethodAccessorImpl.java:43)
    [junit] 	at java.lang.reflect.Method.invoke(Method.java:483)
    [junit] 	at junit.framework.TestCase.runTest(TestCase.java:154)
    [junit] 	at junit.framework.TestCase.runBare(TestCase.java:127)
    [junit] 	at junit.framework.TestResult$1.protect(TestResult.java:106)
    [junit] 	at junit.framework.TestResult.runProtected(TestResult.java:124)
    [junit] 	at junit.framework.TestResult.run(TestResult.java:109)
    [junit] 	at junit.framework.TestCase.run(TestCase.java:118)
    [junit] 	at junit.framework.TestSuite.runTest(TestSuite.java:208)
    [junit] 	at junit.framework.TestSuite.run(TestSuite.java:203)
    [junit] 	at junit.framework.TestSuite.runTest(TestSuite.java:208)
    [junit] 	at junit.framework.TestSuite.run(TestSuite.java:203)
    [junit] 	at junit.textui.TestRunner.doRun(TestRunner.java:116)
    [junit] 	at junit.textui.TestRunner.start(TestRunner.java:172)
    [junit] 	at junit.textui.TestRunner.main(TestRunner.java:138)
    [junit] 
    [junit] ......................................
    [junit] .........................................
    [junit] .........................................
    [junit] .........................................
    [junit] .........................................
    [junit] .........................................
    [junit] .........................................
    [junit] ..................................Apr 21, 2015 12:55:09 AM com.google.inject.internal.MessageProcessor visit
    [junit] INFO: An exception was caught and reported. Message: java.lang.IllegalStateException: Failing in the scanner.
    [junit] java.lang.IllegalStateException: Failing in the scanner.
    [junit] 	at com.google.inject.spi.ModuleAnnotatedMethodScannerTest$FailingScanner.prepareMethod(ModuleAnnotatedMethodScannerTest.java:205)
    [junit] 	at com.google.inject.internal.ProviderMethodsModule.createProviderMethod(ProviderMethodsModule.java:266)
    [junit] 	at com.google.inject.internal.ProviderMethodsModule.getProviderMethods(ProviderMethodsModule.java:144)
    [junit] 	at com.google.inject.internal.ProviderMethodsModule.configure(ProviderMethodsModule.java:123)
    [junit] 	at com.google.inject.spi.Elements$RecordingBinder.install(Elements.java:340)
    [junit] 	at com.google.inject.spi.Elements$RecordingBinder.scanForAnnotatedMethods(Elements.java:295)
    [junit] 	at com.google.inject.spi.Elements.getElements(Elements.java:112)
    [junit] 	at com.google.inject.internal.InjectorShell$Builder.build(InjectorShell.java:138)
    [junit] 	at com.google.inject.internal.InternalInjectorCreator.build(InternalInjectorCreator.java:104)
    [junit] 	at com.google.inject.Guice.createInjector(Guice.java:99)
    [junit] 	at com.google.inject.Guice.createInjector(Guice.java:73)
    [junit] 	at com.google.inject.Guice.createInjector(Guice.java:62)
    [junit] 	at com.google.inject.spi.ModuleAnnotatedMethodScannerTest.testFailingScanner(ModuleAnnotatedMethodScannerTest.java:174)
    [junit] 	at sun.reflect.NativeMethodAccessorImpl.invoke0(Native Method)
    [junit] 	at sun.reflect.NativeMethodAccessorImpl.invoke(NativeMethodAccessorImpl.java:62)
    [junit] 	at sun.reflect.DelegatingMethodAccessorImpl.invoke(DelegatingMethodAccessorImpl.java:43)
    [junit] 	at java.lang.reflect.Method.invoke(Method.java:483)
    [junit] 	at junit.framework.TestCase.runTest(TestCase.java:154)
    [junit] 	at junit.framework.TestCase.runBare(TestCase.java:127)
    [junit] 	at junit.framework.TestResult$1.protect(TestResult.java:106)
    [junit] 	at junit.framework.TestResult.runProtected(TestResult.java:124)
    [junit] 	at junit.framework.TestResult.run(TestResult.java:109)
    [junit] 	at junit.framework.TestCase.run(TestCase.java:118)
    [junit] 	at junit.framework.TestSuite.runTest(TestSuite.java:208)
    [junit] 	at junit.framework.TestSuite.run(TestSuite.java:203)
    [junit] 	at junit.framework.TestSuite.runTest(TestSuite.java:208)
    [junit] 	at junit.framework.TestSuite.run(TestSuite.java:203)
    [junit] 	at junit.textui.TestRunner.doRun(TestRunner.java:116)
    [junit] 	at junit.textui.TestRunner.start(TestRunner.java:172)
    [junit] 	at junit.textui.TestRunner.main(TestRunner.java:138)
    [junit] 
    [junit] .......
    [junit] .........................................
    [junit] .........................................
    [junit] .........................................
    [junit] .........................................
    [junit] .........................................
    [junit] .........................................
    [junit] .........................................
    [junit] .........................................
    [junit] .................Apr 21, 2015 12:55:11 AM com.google.inject.spi.InjectionPoint getInjectionPoints
    [junit] WARNING: Method: public void com.google.inject.spi.InjectionPointTest$Sub.atInject() is not annotated with @Inject but is overriding a method that is annotated with @javax.inject.Inject.  Because it is not annotated with @Inject, the method will not be injected. To fix this, annotate the method with @Inject.
    [junit] Apr 21, 2015 12:55:11 AM com.google.inject.spi.InjectionPoint getInjectionPoints
    [junit] WARNING: Method: public void com.google.inject.spi.InjectionPointTest$Sub.atInject() is not annotated with @Inject but is overriding a method that is annotated with @javax.inject.Inject.  Because it is not annotated with @Inject, the method will not be injected. To fix this, annotate the method with @Inject.
    [junit] Apr 21, 2015 12:55:11 AM com.google.inject.spi.InjectionPoint getInjectionPoints
    [junit] WARNING: Method: public void com.google.inject.spi.InjectionPointTest$SubSub.privateGAndPublicAt() is not annotated with @Inject but is overriding a method that is annotated with @javax.inject.Inject.  Because it is not annotated with @Inject, the method will not be injected. To fix this, annotate the method with @Inject.
    [junit] ........................
    [junit] .........................................
    [junit] .........................................
    [junit] .............aopalliance.jar 9 4569
    [junit] javax.inject.jar 6 2840
    [junit] Should not skip: ^
    [junit] Should not skip: ^
    [junit] Should not skip: ^
    [junit] Should not skip: ^
    [junit] Should not skip: ^
    [junit] Should not skip: ^
    [junit] Should not skip: ^
    [junit] Should not skip: ^
    [junit] Should not skip: ^
    [junit] Should not skip: ^
    [junit] Should not skip: ^
    [junit] guava.jar 1675 2199477
    [junit] osgitests.jar 28 20587
    [junit] ..............
    [junit] Time: 7.396
    [junit] 
    [junit] OK (888 tests)
    [junit] 

compile:

jar.withdeps:
   [jarjar] Building jar: /home/travis/build/google/guice/build/guice-with-deps.jar

manifest:
  [bndwrap] classes 354 450803
    [unjar] Expanding: /home/travis/build/google/guice/build/classes.bar into /home/travis/build/google/guice/build

jar:
      [jar] Building jar: /home/travis/build/google/guice/build/dist/guice-snapshot.jar

test.compile:

test.withdeps:
   [jarjar] Building jar: /home/travis/build/google/guice/build/guice-snapshot-tests.jar

test.dist.run:
    [junit] Apr 21, 2015 12:55:26 AM com.google.inject.spi.InjectionPoint getInjectionPoints
    [junit] WARNING: Method: void org.atinject.tck.auto.accessories.SpareTire.injectPackagePrivateMethod3() is not annotated with @Inject but is overriding a method that is annotated with @javax.inject.Inject.  Because it is not annotated with @Inject, the method will not be injected. To fix this, annotate the method with @Inject.
    [junit] Apr 21, 2015 12:55:26 AM com.google.inject.spi.InjectionPoint getInjectionPoints
    [junit] WARNING: Method: protected void org.atinject.tck.auto.accessories.SpareTire.injectProtectedMethodForOverride() is not annotated with @Inject but is overriding a method that is annotated with @javax.inject.Inject.  Because it is not annotated with @Inject, the method will not be injected. To fix this, annotate the method with @Inject.
    [junit] Apr 21, 2015 12:55:26 AM com.google.inject.spi.InjectionPoint getInjectionPoints
    [junit] WARNING: Method: public void org.atinject.tck.auto.accessories.SpareTire.injectPublicMethodForOverride() is not annotated with @Inject but is overriding a method that is annotated with @javax.inject.Inject.  Because it is not annotated with @Inject, the method will not be injected. To fix this, annotate the method with @Inject.
    [junit] Apr 21, 2015 12:55:26 AM com.google.inject.spi.InjectionPoint getInjectionPoints
    [junit] WARNING: Method: public void org.atinject.tck.auto.GasEngine.injectTwiceOverriddenWithOmissionInMiddle() is not annotated with @Inject but is overriding a method that is annotated with @javax.inject.Inject.  Because it is not annotated with @Inject, the method will not be injected. To fix this, annotate the method with @Inject.
    [junit] Apr 21, 2015 12:55:26 AM com.google.inject.spi.InjectionPoint getInjectionPoints
    [junit] WARNING: Method: void org.atinject.tck.auto.V8Engine.injectPackagePrivateMethodForOverride() is not annotated with @Inject but is overriding a method that is annotated with @javax.inject.Inject.  Because it is not annotated with @Inject, the method will not be injected. To fix this, annotate the method with @Inject.
    [junit] Apr 21, 2015 12:55:26 AM com.google.inject.spi.InjectionPoint getInjectionPoints
    [junit] WARNING: Method: public void org.atinject.tck.auto.V8Engine.injectQualifiers(org.atinject.tck.auto.Seat,org.atinject.tck.auto.Seat,org.atinject.tck.auto.Tire,org.atinject.tck.auto.Tire) is not annotated with @Inject but is overriding a method that is annotated with @javax.inject.Inject.  Because it is not annotated with @Inject, the method will not be injected. To fix this, annotate the method with @Inject.
    [junit] Apr 21, 2015 12:55:26 AM com.google.inject.spi.InjectionPoint getInjectionPoints
    [junit] WARNING: Method: public void org.atinject.tck.auto.V8Engine.injectTwiceOverriddenWithOmissionInSubclass() is not annotated with @Inject but is overriding a method that is annotated with @javax.inject.Inject.  Because it is not annotated with @Inject, the method will not be injected. To fix this, annotate the method with @Inject.
    [junit] .........................................
    [junit] .........................................
    [junit] ..com.google.inject.CreationException: Unable to create injector, see the following errors:
    [junit] 
    [junit] 1) A binding to com.google.inject.BinderTest$HasImplementedBy1 was already configured at com.google.inject.BinderTest$19.configure(Unknown Source).
    [junit]   at com.google.inject.BinderTest$19.configure(Unknown Source)
    [junit] 
    [junit] 1 error
    [junit] 	at com.google.inject.internal.Errors.throwCreationExceptionIfErrorsExist(Errors.java:466)
    [junit] 	at com.google.inject.internal.InternalInjectorCreator.initializeStatically(InternalInjectorCreator.java:155)
    [junit] 	at com.google.inject.internal.InternalInjectorCreator.build(InternalInjectorCreator.java:107)
    [junit] 	at com.google.inject.Guice.createInjector(Guice.java:99)
    [junit] 	at com.google.inject.Guice.createInjector(Guice.java:73)
    [junit] 	at com.google.inject.Guice.createInjector(Guice.java:62)
    [junit] 	at com.google.inject.BinderTest.testSettingAtImplementedByTwice(BinderTest.java:343)
    [junit] 	at sun.reflect.NativeMethodAccessorImpl.invoke0(Native Method)
    [junit] 	at sun.reflect.NativeMethodAccessorImpl.invoke(NativeMethodAccessorImpl.java:62)
    [junit] 	at sun.reflect.DelegatingMethodAccessorImpl.invoke(DelegatingMethodAccessorImpl.java:43)
    [junit] 	at java.lang.reflect.Method.invoke(Method.java:483)
    [junit] 	at junit.framework.TestCase.runTest(TestCase.java:154)
    [junit] 	at junit.framework.TestCase.runBare(TestCase.java:127)
    [junit] 	at junit.framework.TestResult$1.protect(TestResult.java:106)
    [junit] 	at junit.framework.TestResult.runProtected(TestResult.java:124)
    [junit] 	at junit.framework.TestResult.run(TestResult.java:109)
    [junit] 	at junit.framework.TestCase.run(TestCase.java:118)
    [junit] 	at junit.framework.TestSuite.runTest(TestSuite.java:208)
    [junit] 	at junit.framework.TestSuite.run(TestSuite.java:203)
    [junit] 	at junit.framework.TestSuite.runTest(TestSuite.java:208)
    [junit] 	at junit.framework.TestSuite.run(TestSuite.java:203)
    [junit] 	at junit.textui.TestRunner.doRun(TestRunner.java:116)
    [junit] 	at junit.textui.TestRunner.start(TestRunner.java:172)
    [junit] 	at junit.textui.TestRunner.main(TestRunner.java:138)
    [junit] Apr 21, 2015 12:55:27 AM com.google.inject.internal.MessageProcessor visit
    [junit] INFO: An exception was caught and reported. Message: java.lang.IllegalArgumentException
    [junit] java.lang.IllegalArgumentException
    [junit] 	at com.google.inject.BinderTest$24.configure(BinderTest.java:450)
    [junit] 	at com.google.inject.AbstractModule.configure(AbstractModule.java:62)
    [junit] 	at com.google.inject.spi.Elements$RecordingBinder.install(Elements.java:340)
    [junit] 	at com.google.inject.spi.Elements.getElements(Elements.java:110)
    [junit] 	at com.google.inject.internal.InjectorShell$Builder.build(InjectorShell.java:138)
    [junit] 	at com.google.inject.internal.InternalInjectorCreator.build(InternalInjectorCreator.java:104)
    [junit] 	at com.google.inject.Guice.createInjector(Guice.java:99)
    [junit] 	at com.google.inject.Guice.createInjector(Guice.java:73)
    [junit] 	at com.google.inject.Guice.createInjector(Guice.java:62)
    [junit] 	at com.google.inject.BinderTest.testUserReportedErrorsAreAlsoLogged(BinderTest.java:447)
    [junit] 	at sun.reflect.NativeMethodAccessorImpl.invoke0(Native Method)
    [junit] 	at sun.reflect.NativeMethodAccessorImpl.invoke(NativeMethodAccessorImpl.java:62)
    [junit] 	at sun.reflect.DelegatingMethodAccessorImpl.invoke(DelegatingMethodAccessorImpl.java:43)
    [junit] 	at java.lang.reflect.Method.invoke(Method.java:483)
    [junit] 	at junit.framework.TestCase.runTest(TestCase.java:154)
    [junit] 	at junit.framework.TestCase.runBare(TestCase.java:127)
    [junit] 	at junit.framework.TestResult$1.protect(TestResult.java:106)
    [junit] 	at junit.framework.TestResult.runProtected(TestResult.java:124)
    [junit] 	at junit.framework.TestResult.run(TestResult.java:109)
    [junit] 	at junit.framework.TestCase.run(TestCase.java:118)
    [junit] 	at junit.framework.TestSuite.runTest(TestSuite.java:208)
    [junit] 	at junit.framework.TestSuite.run(TestSuite.java:203)
    [junit] 	at junit.framework.TestSuite.runTest(TestSuite.java:208)
    [junit] 	at junit.framework.TestSuite.run(TestSuite.java:203)
    [junit] 	at junit.textui.TestRunner.doRun(TestRunner.java:116)
    [junit] 	at junit.textui.TestRunner.start(TestRunner.java:172)
    [junit] 	at junit.textui.TestRunner.main(TestRunner.java:138)
    [junit] 
    [junit] .......................................
    [junit] .........................................
    [junit] .........................................
    [junit] .........................................
    [junit] .........................................
    [junit] .........................................
    [junit] ..............................Apr 21, 2015 12:55:28 AM com.google.inject.internal.MessageProcessor visit
    [junit] INFO: An exception was caught and reported. Message: java.lang.IllegalStateException: Failing in the scanner.
    [junit] java.lang.IllegalStateException: Failing in the scanner.
    [junit] 	at com.google.inject.spi.ModuleAnnotatedMethodScannerTest$FailingScanner.prepareMethod(ModuleAnnotatedMethodScannerTest.java:205)
    [junit] 	at com.google.inject.internal.ProviderMethodsModule.createProviderMethod(ProviderMethodsModule.java:266)
    [junit] 	at com.google.inject.internal.ProviderMethodsModule.getProviderMethods(ProviderMethodsModule.java:144)
    [junit] 	at com.google.inject.internal.ProviderMethodsModule.configure(ProviderMethodsModule.java:123)
    [junit] 	at com.google.inject.spi.Elements$RecordingBinder.install(Elements.java:340)
    [junit] 	at com.google.inject.spi.Elements$RecordingBinder.scanForAnnotatedMethods(Elements.java:295)
    [junit] 	at com.google.inject.spi.Elements.getElements(Elements.java:112)
    [junit] 	at com.google.inject.internal.InjectorShell$Builder.build(InjectorShell.java:138)
    [junit] 	at com.google.inject.int...........
    [junit] .......................ernal.InternalInjectorCreator.build(InternalInjectorCreator.java:104)
    [junit] 	at com.google.inject.Guice.createInjector(Guice.java:99)
    [junit] 	at com.google.inject.Guice.createInjector(Guice.java:73)
    [junit] 	at com.google.inject.Guice.createInjector(Guice.java:62)
    [junit] 	at com.google.inject.spi.ModuleAnnotatedMethodScannerTest.testFailingScanner(ModuleAnnotatedMethodScannerTest.java:174)
    [junit] 	at sun.reflect.NativeMethodAccessorImpl.invoke0(Native Method)
    [junit] 	at sun.reflect.NativeMethodAccessorImpl.invoke(NativeMethodAccessorImpl.java:62)
    [junit] 	at sun.reflect.DelegatingMethodAccessorImpl.invoke(DelegatingMethodAccessorImpl.java:43)
    [junit] 	at java.lang.reflect.Method.invoke(Method.java:483)
    [junit] 	at junit.framework.TestCase.runTest(TestCase.java:154)
    [junit] 	at junit.framework.TestCase.runBare(TestCase.java:127)
    [junit] 	at junit.framework.TestResult$1.protect(TestResult.java:106)
    [junit] 	at junit.framework.TestResult.runProtected(TestResult.java:124)
    [junit] 	at junit.framework.TestResult.run(TestResult.java:109)
    [junit] 	at junit.framework.TestCase.run(TestCase.java:118)
    [junit] 	at junit.framework.TestSuite.runTest(TestSuite.java:208)
    [junit] 	at junit.framework.TestSuite.run(TestSuite.java:203)
    [junit] 	at junit.framework.TestSuite.runTest(TestSuite.java:208)
    [junit] 	at junit.framework.TestSuite.run(TestSuite.java:203)
    [junit] 	at junit.textui.TestRunner.doRun(TestRunner.java:116)
    [junit] 	at junit.textui.TestRunner.start(TestRunner.java:172)
    [junit] 	at junit.textui.TestRunner.main(TestRunner.java:138)
    [junit] 
    [junit] ..................
    [junit] .........................................
    [junit] .........................................
    [junit] .........................................
    [junit] .........................................
    [junit] .........................................
    [junit] .........................................
    [junit] .........................................
    [junit] ........................................Apr 21, 2015 12:55:31 AM com.google.inject.spi.InjectionPoint getInjectionPoints
    [junit] WARNING: Method: public void com.google.inject.spi.InjectionPointTest$Sub.atInject() is not annotated with @Inject but is overriding a method that is annotated with @javax.inject.Inject.  Because it is not annotated with @Inject, the method will not be injected. To fix this, annotate the method with @Inject.
    [junit] Apr 21, 2015 12:55:31 AM com.google.inject.spi.InjectionPoint getInjectionPoints
    [junit] WARNING: Method: public void com.google.inject.spi.InjectionPointTest$Sub.atInject() is not annotated with @Inject but is overriding a method that is annotated with @javax.inject.Inject.  Because it is not annotated with @Inject, the method will not be injected. To fix this, annotate the method with @Inject.
    [junit] Apr 21, 2015 12:55:31 AM com.google.inject.spi.InjectionPoint getInjectionPoints
    [junit] WARNING: Method: public void com.google.inject.spi.InjectionPointTest$SubSub.privateGAndPublicAt() is not annotated with @Inject but is overriding a method that is annotated with @javax.inject.Inject.  Because it is not annotated with @Inject, the method will not be injected. To fix this, annotate the method with @Inject.
    [junit] .
    [junit] .........................................
    [junit] .........................................
    [junit] .........................................
    [junit] .............aopalliance.jar 9 4567
    [junit] javax.inject.jar 6 2840
    [junit] Should not skip: ^
    [junit] Should not skip: ^
    [junit] Should not skip: ^
    [junit] Should not skip: ^
    [junit] Should not skip: ^
    [junit] Should not skip: ^
    [junit] Should not skip: ^
    [junit] Should not skip: ^
    [junit] Should not skip: ^
    [junit] Should not skip: ^
    [junit] Should not skip: ^
    [junit] guava.jar 1675 2199476
    [junit] osgitests.jar 28 20587
    [junit] ..............
    [junit] Time: 8.44
    [junit] 
    [junit] OK (888 tests)
    [junit] 

compile:

jar.withdeps:
   [jarjar] Building jar: /home/travis/build/google/guice/build/guice-with-deps.jar

manifest:
  [bndwrap] classes 354 450803
    [unjar] Expanding: /home/travis/build/google/guice/build/classes.bar into /home/travis/build/google/guice/build

jar:
      [jar] Building jar: /home/travis/build/google/guice/build/dist/guice-snapshot.jar

test.compile:

test.withdeps:
   [jarjar] Building jar: /home/travis/build/google/guice/build/guice-snapshot-tests.jar

test.dist.run:
    [junit] Apr 21, 2015 12:55:49 AM com.google.inject.spi.InjectionPoint getInjectionPoints
    [junit] WARNING: Method: void org.atinject.tck.auto.accessories.SpareTire.injectPackagePrivateMethod3() is not annotated with @Inject but is overriding a method that is annotated with @javax.inject.Inject.  Because it is not annotated with @Inject, the method will not be injected. To fix this, annotate the method with @Inject.
    [junit] Apr 21, 2015 12:55:49 AM com.google.inject.spi.InjectionPoint getInjectionPoints
    [junit] WARNING: Method: protected void org.atinject.tck.auto.accessories.SpareTire.injectProtectedMethodForOverride() is not annotated with @Inject but is overriding a method that is annotated with @javax.inject.Inject.  Because it is not annotated with @Inject, the method will not be injected. To fix this, annotate the method with @Inject.
    [junit] Apr 21, 2015 12:55:49 AM com.google.inject.spi.InjectionPoint getInjectionPoints
    [junit] WARNING: Method: public void org.atinject.tck.auto.accessories.SpareTire.injectPublicMethodForOverride() is not annotated with @Inject but is overriding a method that is annotated with @javax.inject.Inject.  Because it is not annotated with @Inject, the method will not be injected. To fix this, annotate the method with @Inject.
    [junit] Apr 21, 2015 12:55:49 AM com.google.inject.spi.InjectionPoint getInjectionPoints
    [junit] WARNING: Method: public void org.atinject.tck.auto.GasEngine.injectTwiceOverriddenWithOmissionInMiddle() is not annotated with @Inject but is overriding a method that is annotated with @javax.inject.Inject.  Because it is not annotated with @Inject, the method will not be injected. To fix this, annotate the method with @Inject.
    [junit] Apr 21, 2015 12:55:49 AM com.google.inject.spi.InjectionPoint getInjectionPoints
    [junit] WARNING: Method: void org.atinject.tck.auto.V8Engine.injectPackagePrivateMethodForOverride() is not annotated with @Inject but is overriding a method that is annotated with @javax.inject.Inject.  Because it is not annotated with @Inject, the method will not be injected. To fix this, annotate the method with @Inject.
    [junit] Apr 21, 2015 12:55:49 AM com.google.inject.spi.InjectionPoint getInjectionPoints
    [junit] WARNING: Method: public void org.atinject.tck.auto.V8Engine.injectQualifiers(org.atinject.tck.auto.Seat,org.atinject.tck.auto.Seat,org.atinject.tck.auto.Tire,org.atinject.tck.auto.Tire) is not annotated with @Inject but is overriding a method that is annotated with @javax.inject.Inject.  Because it is not annotated with @Inject, the method will not be injected. To fix this, annotate the method with @Inject.
    [junit] Apr 21, 2015 12:55:49 AM com.google.inject.spi.InjectionPoint getInjectionPoints
    [junit] WARNING: Method: public void org.atinject.tck.auto.V8Engine.injectTwiceOverriddenWithOmissionInSubclass() is not annotated with @Inject but is overriding a method that is annotated with @javax.inject.Inject.  Because it is not annotated with @Inject, the method will not be injected. To fix this, annotate the method with @Inject.
    [junit] .........................................
    [junit] ............................com.google.inject.CreationException: Unable to create injector, see the following errors:
    [junit] 
    [junit] 1) A binding to com.google.inject.BinderTest$HasImplementedBy1 was already configured at com.google.inject.BinderTest$19.configure(BinderTest.java:347).
    [junit]   at com.google.inject.BinderTest$19.configure(BinderTest.java:346)
    [junit] 
    [junit] 1 error
    [junit] 	at com.google.inject.internal.Errors.throwCreationExceptionIfErrorsExist(Errors.java:466)
    [junit] 	at com.google.inject.internal.InternalInjectorCreator.initializeStatically(InternalInjectorCreator.java:155)
    [junit] 	at com.google.inject.internal.InternalInjectorCreator.build(InternalInjectorCreator.java:107)
    [junit] 	at com.google.inject.G............uice.createInjector(Guice.java:99)
    [junit] 	at com.google.inject.Guice.createInjector(Guice.java:73)
    [junit] 	at com.google.inject.Guice.createInjector(Guice.java:62)
    [junit] 	at com.google.inject.BinderTest.testSettingAtImplementedByTwice(BinderTest.java:343)
    [junit] 	at sun.reflect.NativeMethodAccessorImpl.invoke0(Native Method)
    [junit] 	at sun.reflect.NativeMethodAccessorImpl.invoke(NativeMethodAccessorImpl.java:62)
    [junit] 	at sun.reflect.DelegatingMethodAccessorImpl.invoke(DelegatingMethodAccessorImpl.java:43)
    [junit] 	at java.lang.reflect.Method.invoke(Method.java:483)
    [junit] 	at junit.framework.TestCase.runTest(TestCase.java:154)
    [junit] 	at junit.framework.TestCase.runBare(TestCase.java:127)
    [junit] 	at junit.framework.TestResult$1.protect(TestResult.java:106)
    [junit] 	at junit.framework.TestResult.runProtected(TestResult.java:124)
    [junit] 	at junit.framework.TestResult.run(TestResult.java:109)
    [junit] 	at junit.framework.TestCase.run(TestCase.java:118)
    [junit] 	at junit.framework.TestSuite.runTest(TestSuite.java:208)
    [junit] 	at junit.framework.TestSuite.run(TestSuite.java:203)
    [junit] 	at junit.framework.TestSuite.runTest(TestSuite.java:208)
    [junit] 	at junit.framework.TestSuite.run(TestSuite.java:203)
    [junit] 	at junit.textui.TestRunner.doRun(TestRunner.java:116)
    [junit] 	at junit.textui.TestRunner.start(TestRunner.java:172)
    [junit] 	at junit.textui.TestRunner.main(TestRunner.java:138)
    [junit] Apr 21, 2015 12:55:49 AM com.google.inject.internal.MessageProcessor visit
    [junit] INFO: An exception was caught and reported. Message: java.lang.IllegalArgumentException
    [junit] java.lang.IllegalArgumentException
    [junit] 	at com.google.inject.BinderTest$24.configure(BinderTest.java:450)
    [junit] 	at com.google.inject.AbstractModule.configure(AbstractModule.java:62)
    [junit] 	at com.google.inject.spi.Elements$RecordingBinder.install(Elements.java:340)
    [junit] 	at com.google.inject.spi.Elements.getElements(Elements.java:110)
    [junit] 	at com.google.inject.internal.InjectorShell$Builder.build(InjectorShell.java:138)
    [junit] 	at com.google.inject.internal.InternalInjectorCreator.build(InternalInjectorCreator.java:104)
    [junit] 	at com.google.inject.Guice.createInjector(Guice.java:99)
    [junit] 	at com.google.inject.Guice.createInjector(Guice.java:73)
    [junit] 	at com.google.inject.Guice.createInjector(Guice.java:62)
    [junit] 	at com.google.inject.BinderTest.testUserReportedErrorsAreAlsoLogged(BinderTest.java:447)
    [junit] 	at sun.reflect.NativeMethodAccessorImpl.invoke0(Native Method)
    [junit] 	at sun.reflect.NativeMethodAccessorImpl.invoke(NativeMethodAccessorImpl.java:62)
    [junit] 	at sun.reflect.DelegatingMethodAccessorImpl.invoke(DelegatingMethodAccessorImpl.java:43)
    [junit] 	at java.lang.reflect.Method.invoke(Method.java:483)
    [junit] 	at junit.framework.TestCase.runTest(TestCase.java:154)
    [junit] 	at junit.framework.TestCase.runBare(TestCase.java:127)
    [junit] 	at junit.framework.TestResult$1.protect(TestResult.java:106)
    [junit] 	at junit.framework.TestResult.runProtected(TestResult.java:124)
    [junit] 	at junit.framework.TestResult.run(TestResult.java:109)
    [junit] 	at junit.framework.TestCase.run(TestCase.java:118)
    [junit] 	at junit.framework.TestSuite.runTest(TestSuite.java:208)
    [junit] 	at junit.framework.TestSuite.run(TestSuite.java:203)
    [junit] 	at junit.framework.TestSuite.runTest(TestSuite.java:208)
    [junit] 	at junit.framework.TestSuite.run(TestSuite.java:203)
    [junit] 	at junit.textui.TestRunner.doRun(TestRunner.java:116)
    [junit] 	at junit.textui.TestRunner.start(TestRunner.java:172)
    [junit] 	at junit.textui.TestRunner.main(TestRunner.java:138)
    [junit] 
    [junit] .
    [junit] .........................................
    [junit] .........................................
    [junit] .........................................
    [junit] .........................................
    [junit] .........................................
    [junit] .........................................
    [junit] .........................................
    [junit] ..........Apr 21, 2015 12:55:51 AM com.google.inject.internal.MessageProcessor visit
    [junit] INFO: An exception was caught and reported. Message: java.lang.IllegalStateException: Failing in the scanner.
    [junit] java.lang.IllegalStateException: Failing in the scanner.
    [junit] 	at com.google.inject.spi.ModuleAnnotatedMethodScannerTest$FailingScanner.prepareMethod(ModuleAnnotatedMethodScannerTest.java:205)
    [junit] 	at com.google.inject.internal.ProviderMethodsModule.createProviderMethod(ProviderMethodsModule.java:266)
    [junit] 	at com.google.inject.internal.ProviderMethodsModule.getProviderMethods(ProviderMethodsModule.java:144)
    [junit] 	at com.google.inject.internal.ProviderMethodsModule.configure(ProviderMethodsModule.java:123)
    [junit] 	at com.google.inject.spi.Elements$RecordingBinder.install(Elements.java:340)
    [junit] 	at com.google.inject.spi.Elements$RecordingBinder.scanForAnnotatedMethods(Elements.java:295)
    [junit] 	at com.google.inject.spi.Elements.getElements(Elements.java:112)
    [junit] 	at com.google.inject.internal.InjectorShell$Builder.build(InjectorShell.java:138)
    [junit] 	at com.google.inject.internal.InternalInjectorCreator.build(InternalInjectorCreator.java:104)
    [junit] 	at com.google.inject.Guice.createInjector(Guice.java:99)
    [junit] 	at com.google.inject.Guice.createInjector(Guice.java:73)
    [junit] 	at com.google.inject.Guice.createInjector(Guice.java:62)
    [junit] 	at com.google.inject.spi.ModuleAnnotatedMethodScannerTest.testFailingScanner(ModuleAnnotatedMethodScannerTest.java:174)
    [junit] 	at sun.reflect.NativeMethodAccessorImpl.invoke0(Native Method)
    [junit] 	at sun.reflect.NativeMethodAccessorImpl.invoke(NativeMethodAccessorImpl.java:62)
    [junit] 	at sun.reflect.DelegatingMethodAccessorImpl.invoke(DelegatingMethodAccessorImpl.java:43)
    [junit] 	at java.lang.reflect.Method.invoke(Method.java:483)
    [junit] 	at junit.framework.TestCase.runTest(TestCase.java:154)
    [junit] 	at junit.framework.TestCase.runBare(TestCase.java:127)
    [junit] 	at junit.framework.TestResult$1.protect(TestResult.java:106)
    [junit] 	at junit.framework.TestResult.runProtected(TestResult.java:124)
    [junit] 	at junit.framework.TestResult.run(TestResult.java:109)
    [junit] 	at junit.framework.TestCase.run(TestCase.java:118)
    [junit] 	at junit.framework.TestSuite.runTest(TestSuite.java:208)
    [junit] 	at junit.framework.TestSuite.run(TestSuite.java:203)
    [junit] 	at junit.framework.TestSuite.runTest(TestSuite.java:208)
    [junit] 	at junit.framework.TestSuite.run(TestSuite.java:203)
    [junit] 	at junit.textui.TestRunner.doRun(TestRunner.java:116)
    [junit] 	at junit.textui.TestRunner.start(TestRunner.java:172)
    [junit] 	at junit.textui.TestRunner.main(TestRunner.java:138)
    [junit] 
    [junit] ...............................
    [junit] .........................................
    [junit] .........................................
    [junit] .........................................
    [junit] .........................................
    [junit] .........................................
    [junit] .........................................
    [junit] .........................................
    [junit] .............................Apr 21, 2015 12:55:54 AM com.google.inject.spi.InjectionPoint getInjectionPoints
    [junit] WARNING: Method: public void com.google.inject.spi.InjectionPointTest$Sub.atInject() is not annotated with @Inject but is overriding a method that is annotated with @javax.inject.Inject.  Because it is not annotated with @Inject, the method will not be injected. To fix this, annotate the method with @Inject.
    [junit] Apr 21, 2015 12:55:54 AM com.google.inject.spi.InjectionPoint getInjectionPoints
    [junit] WARNING: Method: public void com.google.inject.spi.InjectionPointTest$Sub.atInject() is not annotated with @Inject but is overriding a method that is annotated with @javax.inject.Inject.  Because it is not annotated with @Inject, the method will not be injected. To fix this, annotate the method with @Inject.
    [junit] Apr 21, 2015 12:55:54 AM com.google.inject.spi.InjectionPoint getInjectionPoints
    [junit] WARNING: Method: public void com.google.inject.spi.InjectionPointTest$SubSub.privateGAndPublicAt() is not annotated with @Inject but is overriding a method that is annotated with @javax.inject.Inject.  Because it is not annotated with @Inject, the method will not be injected. To fix this, annotate the method with @Inject.
    [junit] ............
    [junit] .........................................
    [junit] .........................................
    [junit] .........................................
    [junit] .............aopalliance.jar 9 4570
    [junit] javax.inject.jar 6 2840
    [junit] Should not skip: ^
    [junit] Should not skip: ^
    [junit] Should not skip: ^
    [junit] Should not skip: ^
    [junit] Should not skip: ^
    [junit] Should not skip: ^
    [junit] Should not skip: ^
    [junit] Should not skip: ^
    [junit] Should not skip: ^
    [junit] Should not skip: ^
    [junit] Should not skip: ^
    [junit] guava.jar 1675 2199478
    [junit] osgitests.jar 28 20588
    [junit] ..............
    [junit] Time: 7.591
    [junit] 
    [junit] OK (888 tests)
    [junit] 

BUILD SUCCESSFUL
Total time: 1 minute 21 seconds
travis_time:end:084afa08:start=1429577683809423777,finish=1429577765614747955,duration=81805324178[0K
[32;1mThe command "${CMD}" exited with 0.[0m
travis_fold:start:after_success.1[0Ktravis_time:start:26d83912[0K$ util/generate-latest-docs.sh
travis_time:end:26d83912:start=1429577765623541110,finish=1429577765636496232,duration=12955122[0Ktravis_fold:end:after_success.1[0Ktravis_fold:start:after_success.2[0Ktravis_time:start:10b7ee88[0K$ util/compareBuilds.sh
travis_time:end:10b7ee88:start=1429577765644442675,finish=1429577765653289868,duration=8847193[0Ktravis_fold:end:after_success.2[0Ktravis_fold:start:after_success.3[0Ktravis_time:start:0914e053[0K$ util/publish-snapshot-on-commit.sh
travis_time:end:0914e053:start=1429577765661386417,finish=1429577765673084270,duration=11697853[0Ktravis_fold:end:after_success.3[0K
Done. Your build exited with 0.
