Using worker: worker-linux-c55820f2-1.bb.travis-ci.org:travis-linux-14

travis_fold:start:system_info[0K[33;1mBuild system information[0m
Build language: java
[34m[1mBuild image provisioning date and time[0m
Wed Feb  4 18:22:50 UTC 2015
[34m[1mOperating System Details[0m
Distributor ID:	Ubuntu
Description:	Ubuntu 12.04 LTS
Release:	12.04
Codename:	precise
[34m[1mLinux Version[0m
2.6.32-042stab090.5
[34m[1mCookbooks Version[0m
23bb455 https://github.com/travis-ci/travis-cookbooks/tree/23bb455
[34m[1mGCC version[0m
gcc (Ubuntu/Linaro 4.6.3-1ubuntu5) 4.6.3
Copyright (C) 2011 Free Software Foundation, Inc.
This is free software; see the source for copying conditions.  There is NO
warranty; not even for MERCHANTABILITY or FITNESS FOR A PARTICULAR PURPOSE.

[34m[1mLLVM version[0m
clang version 3.4 (tags/RELEASE_34/final)
Target: x86_64-unknown-linux-gnu
Thread model: posix
[34m[1mPre-installed Ruby versions[0m
ruby-1.9.3-p551
[34m[1mPre-installed Node.js versions[0m
v0.10.36
[34m[1mPre-installed Go versions[0m
1.4.1
[34m[1mRedis version[0m
redis-server 2.8.19
[34m[1mriak version[0m
2.0.2
[34m[1mMongoDB version[0m
MongoDB 2.4.12
[34m[1mCouchDB version[0m
couchdb 1.6.1
[34m[1mNeo4j version[0m
1.9.4
[34m[1mCassandra version[0m
2.0.9
[34m[1mRabbitMQ Version[0m
3.4.3
[34m[1mElasticSearch version[0m
1.4.0
[34m[1mInstalled Sphinx versions[0m
2.0.10
2.1.9
2.2.6
[34m[1mDefault Sphinx version[0m
2.2.6
[34m[1mInstalled Firefox version[0m
firefox 31.0esr
[34m[1mPhantomJS version[0m
1.9.8
[34m[1mant -version[0m
Apache Ant(TM) version 1.8.2 compiled on December 3 2011
[34m[1mmvn -version[0m
Apache Maven 3.2.5 (12a6b3acb947671f09b81f49094c53f426d8cea1; 2014-12-14T17:29:23+00:00)
Maven home: /usr/local/maven
Java version: 1.7.0_76, vendor: Oracle Corporation
Java home: /usr/lib/jvm/java-7-oracle/jre
Default locale: en, platform encoding: UTF-8
OS name: "linux", version: "2.6.32-042stab090.5", arch: "amd64", family: "unix"
travis_fold:end:system_info[0K
travis_fold:start:git.checkout[0Ktravis_time:start:20d88317[0K$ git clone --depth=50 git://github.com/google/guice.git google/guice
Cloning into 'google/guice'...
remote: Counting objects: 2417, done.[K
remote: Compressing objects:   0% (1/1220)   [Kremote: Compressing objects:   1% (13/1220)   [Kremote: Compressing objects:   2% (25/1220)   [Kremote: Compressing objects:   3% (37/1220)   [Kremote: Compressing objects:   4% (49/1220)   [Kremote: Compressing objects:   5% (61/1220)   [Kremote: Compressing objects:   6% (74/1220)   [Kremote: Compressing objects:   7% (86/1220)   [Kremote: Compressing objects:   8% (98/1220)   [Kremote: Compressing objects:   9% (110/1220)   [Kremote: Compressing objects:  10% (122/1220)   [Kremote: Compressing objects:  11% (135/1220)   [Kremote: Compressing objects:  12% (147/1220)   [Kremote: Compressing objects:  13% (159/1220)   [Kremote: Compressing objects:  14% (171/1220)   [Kremote: Compressing objects:  15% (183/1220)   [Kremote: Compressing objects:  16% (196/1220)   [Kremote: Compressing objects:  17% (208/1220)   [Kremote: Compressing objects:  18% (220/1220)   [Kremote: Compressing objects:  19% (232/1220)   [Kremote: Compressing objects:  20% (244/1220)   [Kremote: Compressing objects:  21% (257/1220)   [Kremote: Compressing objects:  22% (269/1220)   [Kremote: Compressing objects:  23% (281/1220)   [Kremote: Compressing objects:  24% (293/1220)   [Kremote: Compressing objects:  25% (305/1220)   [Kremote: Compressing objects:  26% (318/1220)   [Kremote: Compressing objects:  27% (330/1220)   [Kremote: Compressing objects:  28% (342/1220)   [Kremote: Compressing objects:  29% (354/1220)   [Kremote: Compressing objects:  30% (366/1220)   [Kremote: Compressing objects:  31% (379/1220)   [Kremote: Compressing objects:  32% (391/1220)   [Kremote: Compressing objects:  33% (403/1220)   [Kremote: Compressing objects:  34% (415/1220)   [Kremote: Compressing objects:  35% (427/1220)   [Kremote: Compressing objects:  36% (440/1220)   [Kremote: Compressing objects:  37% (452/1220)   [Kremote: Compressing objects:  38% (464/1220)   [Kremote: Compressing objects:  39% (476/1220)   [Kremote: Compressing objects:  40% (488/1220)   [Kremote: Compressing objects:  41% (501/1220)   [Kremote: Compressing objects:  42% (513/1220)   [Kremote: Compressing objects:  43% (525/1220)   [Kremote: Compressing objects:  44% (537/1220)   [Kremote: Compressing objects:  45% (549/1220)   [Kremote: Compressing objects:  46% (562/1220)   [Kremote: Compressing objects:  47% (574/1220)   [Kremote: Compressing objects:  48% (586/1220)   [Kremote: Compressing objects:  49% (598/1220)   [Kremote: Compressing objects:  50% (610/1220)   [Kremote: Compressing objects:  51% (623/1220)   [Kremote: Compressing objects:  52% (635/1220)   [Kremote: Compressing objects:  53% (647/1220)   [Kremote: Compressing objects:  54% (659/1220)   [Kremote: Compressing objects:  55% (671/1220)   [Kremote: Compressing objects:  56% (684/1220)   [Kremote: Compressing objects:  57% (696/1220)   [Kremote: Compressing objects:  58% (708/1220)   [Kremote: Compressing objects:  59% (720/1220)   [Kremote: Compressing objects:  60% (732/1220)   [Kremote: Compressing objects:  61% (745/1220)   [Kremote: Compressing objects:  62% (757/1220)   [Kremote: Compressing objects:  63% (769/1220)   [Kremote: Compressing objects:  64% (781/1220)   [Kremote: Compressing objects:  65% (793/1220)   [Kremote: Compressing objects:  66% (806/1220)   [Kremote: Compressing objects:  67% (818/1220)   [Kremote: Compressing objects:  68% (830/1220)   [Kremote: Compressing objects:  69% (842/1220)   [Kremote: Compressing objects:  70% (854/1220)   [Kremote: Compressing objects:  71% (867/1220)   [Kremote: Compressing objects:  72% (879/1220)   [Kremote: Compressing objects:  73% (891/1220)   [Kremote: Compressing objects:  74% (903/1220)   [Kremote: Compressing objects:  75% (915/1220)   [Kremote: Compressing objects:  76% (928/1220)   [Kremote: Compressing objects:  77% (940/1220)   [Kremote: Compressing objects:  78% (952/1220)   [Kremote: Compressing objects:  79% (964/1220)   [Kremote: Compressing objects:  80% (976/1220)   [Kremote: Compressing objects:  81% (989/1220)   [Kremote: Compressing objects:  82% (1001/1220)   [Kremote: Compressing objects:  83% (1013/1220)   [Kremote: Compressing objects:  84% (1025/1220)   [Kremote: Compressing objects:  85% (1037/1220)   [Kremote: Compressing objects:  86% (1050/1220)   [Kremote: Compressing objects:  87% (1062/1220)   [Kremote: Compressing objects:  88% (1074/1220)   [Kremote: Compressing objects:  89% (1086/1220)   [Kremote: Compressing objects:  90% (1098/1220)   [Kremote: Compressing objects:  91% (1111/1220)   [Kremote: Compressing objects:  92% (1123/1220)   [Kremote: Compressing objects:  93% (1135/1220)   [Kremote: Compressing objects:  94% (1147/1220)   [Kremote: Compressing objects:  95% (1159/1220)   [Kremote: Compressing objects:  96% (1172/1220)   [Kremote: Compressing objects:  97% (1184/1220)   [Kremote: Compressing objects:  98% (1196/1220)   [Kremote: Compressing objects:  99% (1208/1220)   [Kremote: Compressing objects: 100% (1220/1220)   [Kremote: Compressing objects: 100% (1220/1220), done.[K
Receiving objects:   0% (1/2417)   Receiving objects:   1% (25/2417)   Receiving objects:   2% (49/2417)   Receiving objects:   3% (73/2417)   Receiving objects:   4% (97/2417)   Receiving objects:   5% (121/2417)   Receiving objects:   6% (146/2417)   Receiving objects:   7% (170/2417)   Receiving objects:   8% (194/2417)   Receiving objects:   9% (218/2417)   Receiving objects:  10% (242/2417)   Receiving objects:  11% (266/2417)   Receiving objects:  12% (291/2417)   Receiving objects:  13% (315/2417)   Receiving objects:  14% (339/2417)   Receiving objects:  15% (363/2417)   Receiving objects:  16% (387/2417)   Receiving objects:  17% (411/2417)   Receiving objects:  18% (436/2417)   Receiving objects:  19% (460/2417)   Receiving objects:  20% (484/2417)   Receiving objects:  21% (508/2417)   Receiving objects:  22% (532/2417)   Receiving objects:  23% (556/2417)   Receiving objects:  24% (581/2417)   Receiving objects:  25% (605/2417)   Receiving objects:  26% (629/2417)   Receiving objects:  27% (653/2417)   Receiving objects:  28% (677/2417)   Receiving objects:  29% (701/2417)   Receiving objects:  30% (726/2417)   Receiving objects:  31% (750/2417)   Receiving objects:  32% (774/2417)   Receiving objects:  33% (798/2417)   Receiving objects:  34% (822/2417)   Receiving objects:  35% (846/2417)   Receiving objects:  36% (871/2417)   Receiving objects:  37% (895/2417)   Receiving objects:  38% (919/2417)   Receiving objects:  39% (943/2417)   Receiving objects:  40% (967/2417)   Receiving objects:  41% (991/2417)   Receiving objects:  42% (1016/2417)   Receiving objects:  43% (1040/2417), 8.82 MiB | 17.58 MiB/s   Receiving objects:  44% (1064/2417), 8.82 MiB | 17.58 MiB/s   Receiving objects:  45% (1088/2417), 8.82 MiB | 17.58 MiB/s   Receiving objects:  46% (1112/2417), 8.82 MiB | 17.58 MiB/s   Receiving objects:  46% (1134/2417), 8.82 MiB | 17.58 MiB/s   Receiving objects:  47% (1136/2417), 18.60 MiB | 18.56 MiB/s   Receiving objects:  48% (1161/2417), 18.60 MiB | 18.56 MiB/s   Receiving objects:  49% (1185/2417), 18.60 MiB | 18.56 MiB/s   Receiving objects:  50% (1209/2417), 18.60 MiB | 18.56 MiB/s   Receiving objects:  51% (1233/2417), 18.60 MiB | 18.56 MiB/s   Receiving objects:  52% (1257/2417), 18.60 MiB | 18.56 MiB/s   Receiving objects:  53% (1282/2417), 18.60 MiB | 18.56 MiB/s   Receiving objects:  54% (1306/2417), 18.60 MiB | 18.56 MiB/s   Receiving objects:  55% (1330/2417), 18.60 MiB | 18.56 MiB/s   Receiving objects:  56% (1354/2417), 18.60 MiB | 18.56 MiB/s   Receiving objects:  57% (1378/2417), 18.60 MiB | 18.56 MiB/s   Receiving objects:  58% (1402/2417), 18.60 MiB | 18.56 MiB/s   Receiving objects:  59% (1427/2417), 18.60 MiB | 18.56 MiB/s   Receiving objects:  60% (1451/2417), 18.60 MiB | 18.56 MiB/s   Receiving objects:  61% (1475/2417), 18.60 MiB | 18.56 MiB/s   Receiving objects:  62% (1499/2417), 18.60 MiB | 18.56 MiB/s   Receiving objects:  63% (1523/2417), 18.60 MiB | 18.56 MiB/s   Receiving objects:  64% (1547/2417), 18.60 MiB | 18.56 MiB/s   Receiving objects:  65% (1572/2417), 18.60 MiB | 18.56 MiB/s   Receiving objects:  66% (1596/2417), 18.60 MiB | 18.56 MiB/s   Receiving objects:  67% (1620/2417), 18.60 MiB | 18.56 MiB/s   Receiving objects:  68% (1644/2417), 18.60 MiB | 18.56 MiB/s   Receiving objects:  69% (1668/2417), 18.60 MiB | 18.56 MiB/s   Receiving objects:  70% (1692/2417), 18.60 MiB | 18.56 MiB/s   Receiving objects:  71% (1717/2417), 18.60 MiB | 18.56 MiB/s   Receiving objects:  72% (1741/2417), 18.60 MiB | 18.56 MiB/s   Receiving objects:  73% (1765/2417), 18.60 MiB | 18.56 MiB/s   Receiving objects:  74% (1789/2417), 18.60 MiB | 18.56 MiB/s   Receiving objects:  75% (1813/2417), 18.60 MiB | 18.56 MiB/s   Receiving objects:  76% (1837/2417), 18.60 MiB | 18.56 MiB/s   Receiving objects:  77% (1862/2417), 18.60 MiB | 18.56 MiB/s   Receiving objects:  78% (1886/2417), 18.60 MiB | 18.56 MiB/s   Receiving objects:  79% (1910/2417), 18.60 MiB | 18.56 MiB/s   Receiving objects:  80% (1934/2417), 18.60 MiB | 18.56 MiB/s   Receiving objects:  81% (1958/2417), 18.60 MiB | 18.56 MiB/s   Receiving objects:  82% (1982/2417), 18.60 MiB | 18.56 MiB/s   Receiving objects:  83% (2007/2417), 18.60 MiB | 18.56 MiB/s   Receiving objects:  84% (2031/2417), 18.60 MiB | 18.56 MiB/s   Receiving objects:  85% (2055/2417), 18.60 MiB | 18.56 MiB/s   Receiving objects:  86% (2079/2417), 18.60 MiB | 18.56 MiB/s   Receiving objects:  87% (2103/2417), 18.60 MiB | 18.56 MiB/s   Receiving objects:  88% (2127/2417), 18.60 MiB | 18.56 MiB/s   Receiving objects:  89% (2152/2417), 18.60 MiB | 18.56 MiB/s   Receiving objects:  90% (2176/2417), 18.60 MiB | 18.56 MiB/s   Receiving objects:  91% (2200/2417), 18.60 MiB | 18.56 MiB/s   Receiving objects:  92% (2224/2417), 18.60 MiB | 18.56 MiB/s   Receiving objects:  93% (2248/2417), 18.60 MiB | 18.56 MiB/s   remote: Total 2417 (delta 977), reused 1798 (delta 599), pack-reused 0[K
Receiving objects:  94% (2272/2417), 18.60 MiB | 18.56 MiB/s   Receiving objects:  95% (2297/2417), 18.60 MiB | 18.56 MiB/s   Receiving objects:  96% (2321/2417), 18.60 MiB | 18.56 MiB/s   Receiving objects:  97% (2345/2417), 18.60 MiB | 18.56 MiB/s   Receiving objects:  98% (2369/2417), 18.60 MiB | 18.56 MiB/s   Receiving objects:  99% (2393/2417), 18.60 MiB | 18.56 MiB/s   Receiving objects: 100% (2417/2417), 18.60 MiB | 18.56 MiB/s   Receiving objects: 100% (2417/2417), 23.82 MiB | 18.56 MiB/s, done.
Resolving deltas:   0% (0/977)   Resolving deltas:   1% (15/977)   Resolving deltas:   2% (21/977)   Resolving deltas:   3% (34/977)   Resolving deltas:   4% (43/977)   Resolving deltas:   5% (50/977)   Resolving deltas:   6% (60/977)   Resolving deltas:   7% (74/977)   Resolving deltas:   9% (96/977)   Resolving deltas:  11% (111/977)   Resolving deltas:  12% (119/977)   Resolving deltas:  13% (128/977)   Resolving deltas:  14% (140/977)   Resolving deltas:  15% (147/977)   Resolving deltas:  16% (166/977)   Resolving deltas:  17% (172/977)   Resolving deltas:  18% (176/977)   Resolving deltas:  19% (191/977)   Resolving deltas:  20% (196/977)   Resolving deltas:  22% (215/977)   Resolving deltas:  23% (226/977)   Resolving deltas:  24% (239/977)   Resolving deltas:  25% (248/977)   Resolving deltas:  26% (263/977)   Resolving deltas:  27% (264/977)   Resolving deltas:  28% (275/977)   Resolving deltas:  29% (285/977)   Resolving deltas:  30% (295/977)   Resolving deltas:  31% (303/977)   Resolving deltas:  32% (314/977)   Resolving deltas:  33% (323/977)   Resolving deltas:  34% (333/977)   Resolving deltas:  35% (342/977)   Resolving deltas:  36% (352/977)   Resolving deltas:  37% (362/977)   Resolving deltas:  38% (374/977)   Resolving deltas:  39% (388/977)   Resolving deltas:  40% (391/977)   Resolving deltas:  41% (403/977)   Resolving deltas:  42% (411/977)   Resolving deltas:  43% (421/977)   Resolving deltas:  44% (434/977)   Resolving deltas:  45% (441/977)   Resolving deltas:  46% (452/977)   Resolving deltas:  48% (469/977)   Resolving deltas:  49% (479/977)   Resolving deltas:  50% (489/977)   Resolving deltas:  51% (504/977)   Resolving deltas:  52% (509/977)   Resolving deltas:  53% (520/977)   Resolving deltas:  54% (537/977)   Resolving deltas:  56% (550/977)   Resolving deltas:  57% (559/977)   Resolving deltas:  58% (573/977)   Resolving deltas:  59% (578/977)   Resolving deltas:  60% (587/977)   Resolving deltas:  61% (599/977)   Resolving deltas:  62% (606/977)   Resolving deltas:  63% (616/977)   Resolving deltas:  64% (627/977)   Resolving deltas:  65% (638/977)   Resolving deltas:  66% (646/977)   Resolving deltas:  67% (660/977)   Resolving deltas:  68% (666/977)   Resolving deltas:  69% (678/977)   Resolving deltas:  70% (685/977)   Resolving deltas:  71% (702/977)   Resolving deltas:  73% (722/977)   Resolving deltas:  75% (733/977)   Resolving deltas:  76% (745/977)   Resolving deltas:  77% (755/977)   Resolving deltas:  79% (775/977)   Resolving deltas:  80% (785/977)   Resolving deltas:  81% (794/977)   Resolving deltas:  82% (803/977)   Resolving deltas:  84% (822/977)   Resolving deltas:  85% (831/977)   Resolving deltas:  86% (847/977)   Resolving deltas:  87% (858/977)   Resolving deltas:  88% (860/977)   Resolving deltas:  89% (870/977)   Resolving deltas:  90% (887/977)   Resolving deltas:  91% (895/977)   Resolving deltas:  92% (899/977)   Resolving deltas:  93% (909/977)   Resolving deltas:  94% (925/977)   Resolving deltas:  96% (939/977)   Resolving deltas:  98% (961/977)   Resolving deltas:  99% (976/977)   Resolving deltas: 100% (977/977)   Resolving deltas: 100% (977/977), done.
Checking connectivity... done.
travis_time:end:20d88317:start=1430246181590013222,finish=1430246184237507233,duration=2647494011[0K$ cd google/guice
travis_time:start:00194128[0K$ git fetch origin +refs/pull/920/merge:
remote: Counting objects: 94, done.[K
remote: Compressing objects:   2% (1/41)   [Kremote: Compressing objects:   4% (2/41)   [Kremote: Compressing objects:   7% (3/41)   [Kremote: Compressing objects:   9% (4/41)   [Kremote: Compressing objects:  12% (5/41)   [Kremote: Compressing objects:  14% (6/41)   [Kremote: Compressing objects:  17% (7/41)   [Kremote: Compressing objects:  19% (8/41)   [Kremote: Compressing objects:  21% (9/41)   [Kremote: Compressing objects:  24% (10/41)   [Kremote: Compressing objects:  26% (11/41)   [Kremote: Compressing objects:  29% (12/41)   [Kremote: Compressing objects:  31% (13/41)   [Kremote: Compressing objects:  34% (14/41)   [Kremote: Compressing objects:  36% (15/41)   [Kremote: Compressing objects:  39% (16/41)   [Kremote: Compressing objects:  41% (17/41)   [Kremote: Compressing objects:  43% (18/41)   [Kremote: Compressing objects:  46% (19/41)   [Kremote: Compressing objects:  48% (20/41)   [Kremote: Compressing objects:  51% (21/41)   [Kremote: Compressing objects:  53% (22/41)   [Kremote: Compressing objects:  56% (23/41)   [Kremote: Compressing objects:  58% (24/41)   [Kremote: Compressing objects:  60% (25/41)   [Kremote: Compressing objects:  63% (26/41)   [Kremote: Compressing objects:  65% (27/41)   [Kremote: Compressing objects:  68% (28/41)   [Kremote: Compressing objects:  70% (29/41)   [Kremote: Compressing objects:  73% (30/41)   [Kremote: Compressing objects:  75% (31/41)   [Kremote: Compressing objects:  78% (32/41)   [Kremote: Compressing objects:  80% (33/41)   [Kremote: Compressing objects:  82% (34/41)   [Kremote: Compressing objects:  85% (35/41)   [Kremote: Compressing objects:  87% (36/41)   [Kremote: Compressing objects:  90% (37/41)   [Kremote: Compressing objects:  92% (38/41)   [Kremote: Compressing objects:  95% (39/41)   [Kremote: Compressing objects:  97% (40/41)   [Kremote: Compressing objects: 100% (41/41)   [Kremote: Compressing objects: 100% (41/41), done.[K
remote: Total 94 (delta 47), reused 59 (delta 13), pack-reused 0[K
Unpacking objects:   1% (1/94)   Unpacking objects:   2% (2/94)   Unpacking objects:   3% (3/94)   Unpacking objects:   4% (4/94)   Unpacking objects:   5% (5/94)   Unpacking objects:   6% (6/94)   Unpacking objects:   7% (7/94)   Unpacking objects:   8% (8/94)   Unpacking objects:   9% (9/94)   Unpacking objects:  10% (10/94)   Unpacking objects:  11% (11/94)   Unpacking objects:  12% (12/94)   Unpacking objects:  13% (13/94)   Unpacking objects:  14% (14/94)   Unpacking objects:  15% (15/94)   Unpacking objects:  17% (16/94)   Unpacking objects:  18% (17/94)   Unpacking objects:  19% (18/94)   Unpacking objects:  20% (19/94)   Unpacking objects:  21% (20/94)   Unpacking objects:  22% (21/94)   Unpacking objects:  23% (22/94)   Unpacking objects:  24% (23/94)   Unpacking objects:  25% (24/94)   Unpacking objects:  26% (25/94)   Unpacking objects:  27% (26/94)   Unpacking objects:  28% (27/94)   Unpacking objects:  29% (28/94)   Unpacking objects:  30% (29/94)   Unpacking objects:  31% (30/94)   Unpacking objects:  32% (31/94)   Unpacking objects:  34% (32/94)   Unpacking objects:  35% (33/94)   Unpacking objects:  36% (34/94)   Unpacking objects:  37% (35/94)   Unpacking objects:  38% (36/94)   Unpacking objects:  39% (37/94)   Unpacking objects:  40% (38/94)   Unpacking objects:  41% (39/94)   Unpacking objects:  42% (40/94)   Unpacking objects:  43% (41/94)   Unpacking objects:  44% (42/94)   Unpacking objects:  45% (43/94)   Unpacking objects:  46% (44/94)   Unpacking objects:  47% (45/94)   Unpacking objects:  48% (46/94)   Unpacking objects:  50% (47/94)   Unpacking objects:  51% (48/94)   Unpacking objects:  52% (49/94)   Unpacking objects:  53% (50/94)   Unpacking objects:  54% (51/94)   Unpacking objects:  55% (52/94)   Unpacking objects:  56% (53/94)   Unpacking objects:  57% (54/94)   Unpacking objects:  58% (55/94)   Unpacking objects:  59% (56/94)   Unpacking objects:  60% (57/94)   Unpacking objects:  61% (58/94)   Unpacking objects:  62% (59/94)   Unpacking objects:  63% (60/94)   Unpacking objects:  64% (61/94)   Unpacking objects:  65% (62/94)   Unpacking objects:  67% (63/94)   Unpacking objects:  68% (64/94)   Unpacking objects:  69% (65/94)   Unpacking objects:  70% (66/94)   Unpacking objects:  71% (67/94)   Unpacking objects:  72% (68/94)   Unpacking objects:  73% (69/94)   Unpacking objects:  74% (70/94)   Unpacking objects:  75% (71/94)   Unpacking objects:  76% (72/94)   Unpacking objects:  77% (73/94)   Unpacking objects:  78% (74/94)   Unpacking objects:  79% (75/94)   Unpacking objects:  80% (76/94)   Unpacking objects:  81% (77/94)   Unpacking objects:  82% (78/94)   Unpacking objects:  84% (79/94)   Unpacking objects:  85% (80/94)   Unpacking objects:  86% (81/94)   Unpacking objects:  87% (82/94)   Unpacking objects:  88% (83/94)   Unpacking objects:  89% (84/94)   Unpacking objects:  90% (85/94)   Unpacking objects:  91% (86/94)   Unpacking objects:  92% (87/94)   Unpacking objects:  93% (88/94)   Unpacking objects:  94% (89/94)   Unpacking objects:  95% (90/94)   Unpacking objects:  96% (91/94)   Unpacking objects:  97% (92/94)   Unpacking objects:  98% (93/94)   Unpacking objects: 100% (94/94)   Unpacking objects: 100% (94/94), done.
From git://github.com/google/guice
 * branch            refs/pull/920/merge -> FETCH_HEAD
travis_time:end:00194128:start=1430246184245902596,finish=1430246184742482128,duration=496579532[0K$ git checkout -qf FETCH_HEAD
travis_fold:end:git.checkout[0K
[33;1mSetting environment variables from .travis.yml[0m
$ export GH_TOKEN=[secure]
$ export CI_DEPLOY_USERNAME=[secure]
$ export CI_DEPLOY_PASSWORD=[secure]
$ export LABEL=ant
$ export CMD="ant dist test.dist"
$ export INSTALL="/bin/true"

$ jdk_switcher use oraclejdk8
Switching to Oracle JDK8 (java-8-oracle), JAVA_HOME will be set to /usr/lib/jvm/java-8-oracle
$ java -version
java version "1.8.0_31"
Java(TM) SE Runtime Environment (build 1.8.0_31-b13)
Java HotSpot(TM) 64-Bit Server VM (build 25.31-b07, mixed mode)
$ javac -version
javac 1.8.0_31
travis_fold:start:install[0Ktravis_time:start:0d9b8680[0K$ ${INSTALL}
travis_time:end:0d9b8680:start=1430246186297460137,finish=1430246186304214776,duration=6754639[0Ktravis_fold:end:install[0Ktravis_time:start:08ab9ac0[0K$ ${CMD}
Buildfile: /home/travis/build/google/guice/build.xml

source.jar:
    [mkdir] Created dir: /home/travis/build/google/guice/build
      [zip] Building zip: /home/travis/build/google/guice/build/guice-snapshot-src.jar

compile:
    [mkdir] Created dir: /home/travis/build/google/guice/build/classes
    [javac] Compiling 193 source files to /home/travis/build/google/guice/build/classes
    [javac] warning: [options] bootstrap class path not set in conjunction with -source 1.6
    [javac] /home/travis/build/google/guice/core/src/com/google/inject/Binder.java:430: warning: [rawtypes] found raw type: Class
    [javac]   Binder skipSources(Class... classesToSkip);
    [javac]                      ^
    [javac]   missing type arguments for generic class Class<T>
    [javac]   where T is a type-variable:
    [javac]     T extends Object declared in class Class
    [javac] /home/travis/build/google/guice/core/src/com/google/inject/internal/Annotations.java:90: warning: [unchecked] unchecked cast
    [javac]     return (T)cache.getUnchecked(annotationType);
    [javac]                                 ^
    [javac]   required: T
    [javac]   found:    Annotation
    [javac]   where T is a type-variable:
    [javac]     T extends Annotation declared in method <T>generateAnnotation(Class<T>)
    [javac] /home/travis/build/google/guice/core/src/com/google/inject/internal/Annotations.java:253: warning: [unchecked] unchecked generic array creation for varargs parameter of type Class<? extends Annotation>[]
    [javac]       Arrays.asList(ScopeAnnotation.class, javax.inject.Scope.class));
    [javac]                    ^
    [javac] /home/travis/build/google/guice/core/src/com/google/inject/internal/Annotations.java:308: warning: [unchecked] unchecked generic array creation for varargs parameter of type Class<? extends Annotation>[]
    [javac]       Arrays.asList(BindingAnnotation.class, Qualifier.class));
    [javac]                    ^
    [javac] /home/travis/build/google/guice/core/src/com/google/inject/internal/MoreTypes.java:291: warning: [rawtypes] found raw type: Class
    [javac]       Class[] interfaces = rawType.getInterfaces();
    [javac]       ^
    [javac]   missing type arguments for generic class Class<T>
    [javac]   where T is a type-variable:
    [javac]     T extends Object declared in class Class
    [javac] /home/travis/build/google/guice/core/src/com/google/inject/internal/MoreTypes.java:318: warning: [rawtypes] found raw type: TypeVariable
    [javac]   public static Type resolveTypeVariable(Type type, Class<?> rawType, TypeVariable unknown) {
    [javac]                                                                       ^
    [javac]   missing type arguments for generic class TypeVariable<D>
    [javac]   where D is a type-variable:
    [javac]     D extends GenericDeclaration declared in interface TypeVariable
    [javac] /home/travis/build/google/guice/core/src/com/google/inject/internal/MoreTypes.java:348: warning: [rawtypes] found raw type: TypeVariable
    [javac]   private static Class<?> declaringClassOf(TypeVariable typeVariable) {
    [javac]                                            ^
    [javac]   missing type arguments for generic class TypeVariable<D>
    [javac]   where D is a type-variable:
    [javac]     D extends GenericDeclaration declared in interface TypeVariable
    [javac] /home/travis/build/google/guice/core/src/com/google/inject/internal/MoreTypes.java:433: warning: [rawtypes] found raw type: Class
    [javac]         Class rawTypeAsClass = (Class) rawType;
    [javac]         ^
    [javac]   missing type arguments for generic class Class<T>
    [javac]   where T is a type-variable:
    [javac]     T extends Object declared in class Class
    [javac] /home/travis/build/google/guice/core/src/com/google/inject/TypeLiteral.java:188: warning: [rawtypes] found raw type: TypeVariable
    [javac]         TypeVariable original = (TypeVariable) toResolve;
    [javac]         ^
    [javac]   missing type arguments for generic class TypeVariable<D>
    [javac]   where D is a type-variable:
    [javac]     D extends GenericDeclaration declared in interface TypeVariable
    [javac] /home/travis/build/google/guice/core/src/com/google/inject/spi/Dependency.java:109: warning: [rawtypes] found raw type: Dependency
    [javac]       Dependency dependency = (Dependency) o;
    [javac]       ^
    [javac]   missing type arguments for generic class Dependency<T>
    [javac]   where T is a type-variable:
    [javac]     T extends Object declared in class Dependency
    [javac] /home/travis/build/google/guice/core/src/com/google/inject/PrivateBinder.java:49: warning: [rawtypes] found raw type: Class
    [javac]   PrivateBinder skipSources(Class... classesToSkip);
    [javac]                             ^
    [javac]   missing type arguments for generic class Class<T>
    [javac]   where T is a type-variable:
    [javac]     T extends Object declared in class Class
    [javac] /home/travis/build/google/guice/core/src/com/google/inject/internal/Errors.java:146: warning: [rawtypes] found raw type: Key
    [javac]   public Errors missingImplementation(Key key) {
    [javac]                                       ^
    [javac]   missing type arguments for generic class Key<T>
    [javac]   where T is a type-variable:
    [javac]     T extends Object declared in class Key
    [javac] /home/travis/build/google/guice/core/src/com/google/inject/internal/Errors.java:150: warning: [rawtypes] found raw type: Key
    [javac]   public Errors jitDisabled(Key key) {
    [javac]                             ^
    [javac]   missing type arguments for generic class Key<T>
    [javac]   where T is a type-variable:
    [javac]     T extends Object declared in class Key
    [javac] /home/travis/build/google/guice/core/src/com/google/inject/internal/Errors.java:161: warning: [rawtypes] found raw type: Class
    [javac]   public Errors atInjectRequired(Class clazz) {
    [javac]                                  ^
    [javac]   missing type arguments for generic class Class<T>
    [javac]   where T is a type-variable:
    [javac]     T extends Object declared in class Class
    [javac] /home/travis/build/google/guice/core/src/com/google/inject/internal/Errors.java:229: warning: [rawtypes] found raw type: Constructor
    [javac]   public Errors optionalConstructor(Constructor constructor) {
    [javac]                                     ^
    [javac]   missing type arguments for generic class Constructor<T>
    [javac]   where T is a type-variable:
    [javac]     T extends Object declared in class Constructor
    [javac] /home/travis/build/google/guice/core/src/com/google/inject/internal/Errors.java:699: warning: [rawtypes] found raw type: Class
    [javac]       new Converter<Class>(Class.class) {
    [javac]                     ^
    [javac]   missing type arguments for generic class Class<T>
    [javac]   where T is a type-variable:
    [javac]     T extends Object declared in class Class
    [javac] /home/travis/build/google/guice/core/src/com/google/inject/internal/Errors.java:700: warning: [rawtypes] found raw type: Class
    [javac]         @Override public String toString(Class c) {
    [javac]                                          ^
    [javac]   missing type arguments for generic class Class<T>
    [javac]   where T is a type-variable:
    [javac]     T extends Object declared in class Class
    [javac] /home/travis/build/google/guice/core/src/com/google/inject/internal/Errors.java:709: warning: [rawtypes] found raw type: Key
    [javac]       new Converter<Key>(Key.class) {
    [javac]                     ^
    [javac]   missing type arguments for generic class Key<T>
    [javac]   where T is a type-variable:
    [javac]     T extends Object declared in class Key
    [javac] /home/travis/build/google/guice/core/src/com/google/inject/internal/Errors.java:710: warning: [rawtypes] found raw type: Key
    [javac]         @Override public String toString(Key key) {
    [javac]                                          ^
    [javac]   missing type arguments for generic class Key<T>
    [javac]   where T is a type-variable:
    [javac]     T extends Object declared in class Key
    [javac] /home/travis/build/google/guice/core/src/com/google/inject/spi/InjectionPoint.java:833: warning: [rawtypes] found raw type: Class
    [javac]     final Class[] parameterTypes;
    [javac]           ^
    [javac]   missing type arguments for generic class Class<T>
    [javac]   where T is a type-variable:
    [javac]     T extends Object declared in class Class
    [javac] /home/travis/build/google/guice/core/src/com/google/inject/spi/InjectionPoint.java:842: warning: [rawtypes] found raw type: Class
    [javac]       for (Class parameterType : parameterTypes) {
    [javac]            ^
    [javac]   missing type arguments for generic class Class<T>
    [javac]   where T is a type-variable:
    [javac]     T extends Object declared in class Class
    [javac] /home/travis/build/google/guice/core/src/com/google/inject/internal/util/StackTraceElements.java:63: warning: [rawtypes] found raw type: Class
    [javac]     Class declaringClass = member.getDeclaringClass();
    [javac]     ^
    [javac]   missing type arguments for generic class Class<T>
    [javac]   where T is a type-variable:
    [javac]     T extends Object declared in class Class
    [javac] /home/travis/build/google/guice/core/src/com/google/inject/internal/util/LineNumbers.java:47: warning: [rawtypes] found raw type: Class
    [javac]   private final Class type;
    [javac]                 ^
    [javac]   missing type arguments for generic class Class<T>
    [javac]   where T is a type-variable:
    [javac]     T extends Object declared in class Class
    [javac] /home/travis/build/google/guice/core/src/com/google/inject/internal/util/LineNumbers.java:59: warning: [rawtypes] found raw type: Class
    [javac]   public LineNumbers(Class type) throws IOException {
    [javac]                      ^
    [javac]   missing type arguments for generic class Class<T>
    [javac]   where T is a type-variable:
    [javac]     T extends Object declared in class Class
    [javac] /home/travis/build/google/guice/core/src/com/google/inject/internal/util/LineNumbers.java:110: warning: [rawtypes] found raw type: Class
    [javac]       for (Class param : ((Constructor) member).getParameterTypes()) {
    [javac]            ^
    [javac]   missing type arguments for generic class Class<T>
    [javac]   where T is a type-variable:
    [javac]     T extends Object declared in class Class
    [javac] /home/travis/build/google/guice/core/src/com/google/inject/internal/InjectorImpl.java:360: warning: [rawtypes] found raw type: Dependency
    [javac]         public Provider<T> get(Errors errors, InternalContext context, Dependency dependency, boolean linked) {
    [javac]                                                                        ^
    [javac]   missing type arguments for generic class Dependency<T>
    [javac]   where T is a type-variable:
    [javac]     T extends Object declared in class Dependency
    [javac] /home/travis/build/google/guice/core/src/com/google/inject/internal/InjectorImpl.java:555: warning: [rawtypes] found raw type: Key
    [javac]           cleanup(binding, new HashSet<Key>());
    [javac]                                        ^
    [javac]   missing type arguments for generic class Key<T>
    [javac]   where T is a type-variable:
    [javac]     T extends Object declared in class Key
    [javac] /home/travis/build/google/guice/core/src/com/google/inject/internal/InjectorImpl.java:567: warning: [rawtypes] found raw type: Key
    [javac]   private boolean cleanup(BindingImpl<?> binding, Set<Key> encountered) {
    [javac]                                                       ^
    [javac]   missing type arguments for generic class Key<T>
    [javac]   where T is a type-variable:
    [javac]     T extends Object declared in class Key
    [javac] /home/travis/build/google/guice/core/src/com/google/inject/internal/InjectorImpl.java:570: warning: [rawtypes] found raw type: Dependency
    [javac]     for(Dependency dep : deps) {
    [javac]         ^
    [javac]   missing type arguments for generic class Dependency<T>
    [javac]   where T is a type-variable:
    [javac]     T extends Object declared in class Dependency
    [javac] /home/travis/build/google/guice/core/src/com/google/inject/internal/InjectorImpl.java:574: warning: [rawtypes] found raw type: BindingImpl
    [javac]         BindingImpl depBinding = jitBindings.get(depKey);
    [javac]         ^
    [javac]   missing type arguments for generic class BindingImpl<T>
    [javac]   where T is a type-variable:
    [javac]     T extends Object declared in class BindingImpl
    [javac] /home/travis/build/google/guice/core/src/com/google/inject/internal/InjectorImpl.java:578: warning: [rawtypes] found raw type: ConstructorBindingImpl
    [javac]             ConstructorBindingImpl ctorBinding = (ConstructorBindingImpl)depBinding;
    [javac]             ^
    [javac]   missing type arguments for generic class ConstructorBindingImpl<T>
    [javac]   where T is a type-variable:
    [javac]     T extends Object declared in class ConstructorBindingImpl
    [javac] /home/travis/build/google/guice/core/src/com/google/inject/internal/InjectorImpl.java:983: warning: [rawtypes] found raw type: MembersInjector
    [javac]     MembersInjector membersInjector = getMembersInjector(instance.getClass());
    [javac]     ^
    [javac]   missing type arguments for generic class MembersInjector<T>
    [javac]   where T is a type-variable:
    [javac]     T extends Object declared in interface MembersInjector
    [javac] /home/travis/build/google/guice/core/src/com/google/inject/internal/InjectorImpl.java:1014: warning: [rawtypes] found raw type: Dependency
    [javac]               Dependency previous = context.pushDependency(dependency, binding.getSource());
    [javac]               ^
    [javac]   missing type arguments for generic class Dependency<T>
    [javac]   where T is a type-variable:
    [javac]     T extends Object declared in class Dependency
    [javac] /home/travis/build/google/guice/core/src/com/google/inject/internal/SingleParameterInjector.java:36: warning: [rawtypes] found raw type: Dependency
    [javac]     Dependency previous = context.pushDependency(dependency, binding.getSource());
    [javac]     ^
    [javac]   missing type arguments for generic class Dependency<T>
    [javac]   where T is a type-variable:
    [javac]     T extends Object declared in class Dependency
    [javac] /home/travis/build/google/guice/core/src/com/google/inject/internal/ProvisionListenerStackCallback.java:39: warning: [unchecked] unchecked call to ProvisionListenerStackCallback(Binding<T>,List<ProvisionListener>) as a member of the raw type ProvisionListenerStackCallback
    [javac]       new ProvisionListenerStackCallback(null /* unused, so ok */, ImmutableList.of());
    [javac]       ^
    [javac]   where T is a type-variable:
    [javac]     T extends Object declared in class ProvisionListenerStackCallback
    [javac] /home/travis/build/google/guice/core/src/com/google/inject/internal/ConstructionContext.java:83: warning: [rawtypes] found raw type: Class
    [javac]         new Class[] { expectedType, CircularDependencyProxy.class }, invocationHandler));
    [javac]             ^
    [javac]   missing type arguments for generic class Class<T>
    [javac]   where T is a type-variable:
    [javac]     T extends Object declared in class Class
    [javac] /home/travis/build/google/guice/core/src/com/google/inject/internal/AbstractBindingProcessor.java:114: warning: [rawtypes] found raw type: ExposedBindingImpl
    [javac]       ExposedBindingImpl exposed = (ExposedBindingImpl) original;
    [javac]       ^
    [javac]   missing type arguments for generic class ExposedBindingImpl<T>
    [javac]   where T is a type-variable:
    [javac]     T extends Object declared in class ExposedBindingImpl
    [javac] /home/travis/build/google/guice/core/src/com/google/inject/internal/BindingBuilder.java:100: warning: [unchecked] unchecked cast
    [javac]     return toProvider((javax.inject.Provider<T>) provider);
    [javac]                                                  ^
    [javac]   required: javax.inject.Provider<T>
    [javac]   found:    com.google.inject.Provider<CAP#1>
    [javac]   where T is a type-variable:
    [javac]     T extends Object declared in class BindingBuilder
    [javac]   where CAP#1 is a fresh type-variable:
    [javac]     CAP#1 extends T from capture of ? extends T
    [javac] /home/travis/build/google/guice/core/src/com/google/inject/internal/BytecodeGen.java:258: warning: [rawtypes] found raw type: Class
    [javac]       Class[] parameterTypes;
    [javac]       ^
    [javac]   missing type arguments for generic class Class<T>
    [javac]   where T is a type-variable:
    [javac]     T extends Object declared in class Class
    [javac] /home/travis/build/google/guice/core/src/com/google/inject/internal/ConstantFactory.java:33: warning: [rawtypes] found raw type: Dependency
    [javac]   public T get(Errors errors, InternalContext context, Dependency dependency, boolean linked)
    [javac]                                                        ^
    [javac]   missing type arguments for generic class Dependency<T>
    [javac]   where T is a type-variable:
    [javac]     T extends Object declared in class Dependency
    [javac] /home/travis/build/google/guice/core/src/com/google/inject/internal/ConstructorBindingImpl.java:129: warning: [rawtypes] found raw type: Constructor
    [javac]   private static boolean hasAtInject(Constructor cxtor) {
    [javac]                                      ^
    [javac]   missing type arguments for generic class Constructor<T>
    [javac]   where T is a type-variable:
    [javac]     T extends Object declared in class Constructor
    [javac] /home/travis/build/google/guice/core/src/com/google/inject/internal/InternalInjectorCreator.java:202: warning: [rawtypes] found raw type: Dependency
    [javac]               Dependency previous = context.pushDependency(dependency, binding.getSource());
    [javac]               ^
    [javac]   missing type arguments for generic class Dependency<T>
    [javac]   where T is a type-variable:
    [javac]     T extends Object declared in class Dependency
    [javac] /home/travis/build/google/guice/core/src/com/google/inject/internal/ProvidedByInternalFactory.java:61: warning: [rawtypes] found raw type: Dependency
    [javac]   public T get(Errors errors, InternalContext context, Dependency dependency, boolean linked)
    [javac]                                                        ^
    [javac]   missing type arguments for generic class Dependency<T>
    [javac]   where T is a type-variable:
    [javac]     T extends Object declared in class Dependency
    [javac] /home/travis/build/google/guice/core/src/com/google/inject/internal/ProviderInstanceBindingImpl.java:66: warning: [deprecation] getProviderInstance() in ProviderInstanceBinding has been deprecated
    [javac]   public Provider<? extends T> getProviderInstance() {
    [javac]                                ^
    [javac]   where T is a type-variable:
    [javac]     T extends Object declared in interface ProviderInstanceBinding
    [javac] /home/travis/build/google/guice/core/src/com/google/inject/internal/ProviderToInternalFactoryAdapter.java:42: warning: [rawtypes] found raw type: Dependency
    [javac]           Dependency dependency = context.getDependency();
    [javac]           ^
    [javac]   missing type arguments for generic class Dependency<T>
    [javac]   where T is a type-variable:
    [javac]     T extends Object declared in class Dependency
    [javac] /home/travis/build/google/guice/core/src/com/google/inject/internal/ProxyFactory.java:163: warning: [rawtypes] found raw type: Class
    [javac]     Class<? extends Callback>[] callbackTypes = new Class[callbacks.length];
    [javac]                                                     ^
    [javac]   missing type arguments for generic class Class<T>
    [javac]   where T is a type-variable:
    [javac]     T extends Object declared in class Class
    [javac] /home/travis/build/google/guice/core/src/com/google/inject/internal/SingleFieldInjector.java:52: warning: [rawtypes] found raw type: Dependency
    [javac]     Dependency previous = context.pushDependency(dependency, binding.getSource());
    [javac]     ^
    [javac]   missing type arguments for generic class Dependency<T>
    [javac]   where T is a type-variable:
    [javac]     T extends Object declared in class Dependency
    [javac] /home/travis/build/google/guice/core/src/com/google/inject/internal/util/SourceProvider.java:58: warning: [rawtypes] found raw type: Class
    [javac]   public SourceProvider plusSkippedClasses(Class... moreClassesToSkip) {
    [javac]                                            ^
    [javac]   missing type arguments for generic class Class<T>
    [javac]   where T is a type-variable:
    [javac]     T extends Object declared in class Class
    [javac] /home/travis/build/google/guice/core/src/com/google/inject/internal/util/SourceProvider.java:69: warning: [rawtypes] found raw type: Class
    [javac]   private static List<String> asStrings(Class... classes) {
    [javac]                                         ^
    [javac]   missing type arguments for generic class Class<T>
    [javac]   where T is a type-variable:
    [javac]     T extends Object declared in class Class
    [javac] /home/travis/build/google/guice/core/src/com/google/inject/internal/util/SourceProvider.java:71: warning: [rawtypes] found raw type: Class
    [javac]     for (Class c : classes) {
    [javac]          ^
    [javac]   missing type arguments for generic class Class<T>
    [javac]   where T is a type-variable:
    [javac]     T extends Object declared in class Class
    [javac] /home/travis/build/google/guice/core/src/com/google/inject/matcher/Matchers.java:184: warning: [rawtypes] found raw type: Class
    [javac]   public static Matcher<Class> subclassesOf(final Class<?> superclass) {
    [javac]                         ^
    [javac]   missing type arguments for generic class Class<T>
    [javac]   where T is a type-variable:
    [javac]     T extends Object declared in class Class
    [javac] /home/travis/build/google/guice/core/src/com/google/inject/matcher/Matchers.java:188: warning: [rawtypes] found raw type: Class
    [javac]   private static class SubclassesOf extends AbstractMatcher<Class>
    [javac]                                                             ^
    [javac]   missing type arguments for generic class Class<T>
    [javac]   where T is a type-variable:
    [javac]     T extends Object declared in class Class
    [javac] /home/travis/build/google/guice/core/src/com/google/inject/matcher/Matchers.java:196: warning: [rawtypes] found raw type: Class
    [javac]     public boolean matches(Class subclass) {
    [javac]                            ^
    [javac]   missing type arguments for generic class Class<T>
    [javac]   where T is a type-variable:
    [javac]     T extends Object declared in class Class
    [javac] /home/travis/build/google/guice/core/src/com/google/inject/matcher/Matchers.java:290: warning: [rawtypes] found raw type: Class
    [javac]   public static Matcher<Class> inPackage(final Package targetPackage) {
    [javac]                         ^
    [javac]   missing type arguments for generic class Class<T>
    [javac]   where T is a type-variable:
    [javac]     T extends Object declared in class Class
    [javac] /home/travis/build/google/guice/core/src/com/google/inject/matcher/Matchers.java:294: warning: [rawtypes] found raw type: Class
    [javac]   private static class InPackage extends AbstractMatcher<Class> implements Serializable {
    [javac]                                                          ^
    [javac]   missing type arguments for generic class Class<T>
    [javac]   where T is a type-variable:
    [javac]     T extends Object declared in class Class
    [javac] /home/travis/build/google/guice/core/src/com/google/inject/matcher/Matchers.java:303: warning: [rawtypes] found raw type: Class
    [javac]     public boolean matches(Class c) {
    [javac]                            ^
    [javac]   missing type arguments for generic class Class<T>
    [javac]   where T is a type-variable:
    [javac]     T extends Object declared in class Class
    [javac] /home/travis/build/google/guice/core/src/com/google/inject/matcher/Matchers.java:333: warning: [rawtypes] found raw type: Class
    [javac]   public static Matcher<Class> inSubpackage(final String targetPackageName) {
    [javac]                         ^
    [javac]   missing type arguments for generic class Class<T>
    [javac]   where T is a type-variable:
    [javac]     T extends Object declared in class Class
    [javac] /home/travis/build/google/guice/core/src/com/google/inject/matcher/Matchers.java:337: warning: [rawtypes] found raw type: Class
    [javac]   private static class InSubpackage extends AbstractMatcher<Class> implements Serializable {
    [javac]                                                             ^
    [javac]   missing type arguments for generic class Class<T>
    [javac]   where T is a type-variable:
    [javac]     T extends Object declared in class Class
    [javac] /home/travis/build/google/guice/core/src/com/google/inject/matcher/Matchers.java:344: warning: [rawtypes] found raw type: Class
    [javac]     public boolean matches(Class c) {
    [javac]                            ^
    [javac]   missing type arguments for generic class Class<T>
    [javac]   where T is a type-variable:
    [javac]     T extends Object declared in class Class
    [javac] /home/travis/build/google/guice/core/src/com/google/inject/spi/Elements.java:415: warning: [rawtypes] found raw type: Class
    [javac]     public RecordingBinder skipSources(Class... classesToSkip) {
    [javac]                                        ^
    [javac]   missing type arguments for generic class Class<T>
    [javac]   where T is a type-variable:
    [javac]     T extends Object declared in class Class
    [javac] /home/travis/build/google/guice/core/src/com/google/inject/util/Modules.java:187: warning: [rawtypes] found raw type: Key
    [javac]           for(Key exposed : privateElements.getExposedKeys()) {
    [javac]               ^
    [javac]   missing type arguments for generic class Key<T>
    [javac]   where T is a type-variable:
    [javac]     T extends Object declared in class Key
    [javac] 62 warnings
    [javac] Creating empty /home/travis/build/google/guice/build/classes/com/google/inject/util/package-info.class
    [javac] Creating empty /home/travis/build/google/guice/build/classes/com/google/inject/binder/package-info.class
    [javac] Creating empty /home/travis/build/google/guice/build/classes/com/google/inject/matcher/package-info.class
    [javac] Creating empty /home/travis/build/google/guice/build/classes/com/google/inject/name/package-info.class
    [javac] Creating empty /home/travis/build/google/guice/build/classes/com/google/inject/package-info.class
    [javac] Creating empty /home/travis/build/google/guice/build/classes/com/google/inject/spi/package-info.class
    [javac] Creating empty /home/travis/build/google/guice/build/classes/com/google/inject/internal/package-info.class

jar.withdeps:
    [mkdir] Created dir: /home/travis/build/google/guice/build/dist
   [jarjar] Building jar: /home/travis/build/google/guice/build/guice-with-deps.jar

manifest:
  [bndwrap] classes 355 0
    [unjar] Expanding: /home/travis/build/google/guice/build/classes.bar into /home/travis/build/google/guice/build

jar:
      [jar] Building jar: /home/travis/build/google/guice/build/dist/guice-snapshot.jar

distjars:

javadoc:
  [javadoc] Generating Javadoc
  [javadoc] Javadoc execution
  [javadoc] Loading source file /home/travis/build/google/guice/core/src/com/google/inject/AbstractModule.java...
  [javadoc] Loading source file /home/travis/build/google/guice/core/src/com/google/inject/Binder.java...
  [javadoc] Loading source file /home/travis/build/google/guice/core/src/com/google/inject/Binding.java...
  [javadoc] Loading source file /home/travis/build/google/guice/core/src/com/google/inject/BindingAnnotation.java...
  [javadoc] Loading source file /home/travis/build/google/guice/core/src/com/google/inject/ConfigurationException.java...
  [javadoc] Loading source file /home/travis/build/google/guice/core/src/com/google/inject/CreationException.java...
  [javadoc] Loading source file /home/travis/build/google/guice/core/src/com/google/inject/Exposed.java...
  [javadoc] Loading source file /home/travis/build/google/guice/core/src/com/google/inject/Guice.java...
  [javadoc] Loading source file /home/travis/build/google/guice/core/src/com/google/inject/ImplementedBy.java...
  [javadoc] Loading source file /home/travis/build/google/guice/core/src/com/google/inject/Inject.java...
  [javadoc] Loading source file /home/travis/build/google/guice/core/src/com/google/inject/Injector.java...
  [javadoc] Loading source file /home/travis/build/google/guice/core/src/com/google/inject/Key.java...
  [javadoc] Loading source file /home/travis/build/google/guice/core/src/com/google/inject/MembersInjector.java...
  [javadoc] Loading source file /home/travis/build/google/guice/core/src/com/google/inject/Module.java...
  [javadoc] Loading source file /home/travis/build/google/guice/core/src/com/google/inject/OutOfScopeException.java...
  [javadoc] Loading source file /home/travis/build/google/guice/core/src/com/google/inject/PrivateBinder.java...
  [javadoc] Loading source file /home/travis/build/google/guice/core/src/com/google/inject/PrivateModule.java...
  [javadoc] Loading source file /home/travis/build/google/guice/core/src/com/google/inject/ProvidedBy.java...
  [javadoc] Loading source file /home/travis/build/google/guice/core/src/com/google/inject/Provider.java...
  [javadoc] Loading source file /home/travis/build/google/guice/core/src/com/google/inject/Provides.java...
  [javadoc] Loading source file /home/travis/build/google/guice/core/src/com/google/inject/ProvisionException.java...
  [javadoc] Loading source file /home/travis/build/google/guice/core/src/com/google/inject/Scope.java...
  [javadoc] Loading source file /home/travis/build/google/guice/core/src/com/google/inject/ScopeAnnotation.java...
  [javadoc] Loading source file /home/travis/build/google/guice/core/src/com/google/inject/Scopes.java...
  [javadoc] Loading source file /home/travis/build/google/guice/core/src/com/google/inject/Singleton.java...
  [javadoc] Loading source file /home/travis/build/google/guice/core/src/com/google/inject/Stage.java...
  [javadoc] Loading source file /home/travis/build/google/guice/core/src/com/google/inject/TypeLiteral.java...
  [javadoc] Loading source file /home/travis/build/google/guice/core/src/com/google/inject/binder/AnnotatedBindingBuilder.java...
  [javadoc] Loading source file /home/travis/build/google/guice/core/src/com/google/inject/binder/AnnotatedConstantBindingBuilder.java...
  [javadoc] Loading source file /home/travis/build/google/guice/core/src/com/google/inject/binder/AnnotatedElementBuilder.java...
  [javadoc] Loading source file /home/travis/build/google/guice/core/src/com/google/inject/binder/ConstantBindingBuilder.java...
  [javadoc] Loading source file /home/travis/build/google/guice/core/src/com/google/inject/binder/LinkedBindingBuilder.java...
  [javadoc] Loading source file /home/travis/build/google/guice/core/src/com/google/inject/binder/ScopedBindingBuilder.java...
  [javadoc] Loading source file /home/travis/build/google/guice/core/src/com/google/inject/binder/package-info.java...
  [javadoc] Loading source file /home/travis/build/google/guice/core/src/com/google/inject/matcher/AbstractMatcher.java...
  [javadoc] Loading source file /home/travis/build/google/guice/core/src/com/google/inject/matcher/Matcher.java...
  [javadoc] Loading source file /home/travis/build/google/guice/core/src/com/google/inject/matcher/Matchers.java...
  [javadoc] Loading source file /home/travis/build/google/guice/core/src/com/google/inject/matcher/package-info.java...
  [javadoc] Loading source file /home/travis/build/google/guice/core/src/com/google/inject/name/Named.java...
  [javadoc] Loading source file /home/travis/build/google/guice/core/src/com/google/inject/name/NamedImpl.java...
  [javadoc] Loading source file /home/travis/build/google/guice/core/src/com/google/inject/name/Names.java...
  [javadoc] Loading source file /home/travis/build/google/guice/core/src/com/google/inject/name/package-info.java...
  [javadoc] Loading source file /home/travis/build/google/guice/core/src/com/google/inject/package-info.java...
  [javadoc] Loading source file /home/travis/build/google/guice/core/src/com/google/inject/spi/BindingScopingVisitor.java...
  [javadoc] Loading source file /home/travis/build/google/guice/core/src/com/google/inject/spi/BindingTargetVisitor.java...
  [javadoc] Loading source file /home/travis/build/google/guice/core/src/com/google/inject/spi/ConstructorBinding.java...
  [javadoc] Loading source file /home/travis/build/google/guice/core/src/com/google/inject/spi/ConvertedConstantBinding.java...
  [javadoc] Loading source file /home/travis/build/google/guice/core/src/com/google/inject/spi/DefaultBindingScopingVisitor.java...
  [javadoc] Loading source file /home/travis/build/google/guice/core/src/com/google/inject/spi/DefaultBindingTargetVisitor.java...
  [javadoc] Loading source file /home/travis/build/google/guice/core/src/com/google/inject/spi/DefaultElementVisitor.java...
  [javadoc] Loading source file /home/travis/build/google/guice/core/src/com/google/inject/spi/Dependency.java...
  [javadoc] Loading source file /home/travis/build/google/guice/core/src/com/google/inject/spi/DependencyAndSource.java...
  [javadoc] Loading source file /home/travis/build/google/guice/core/src/com/google/inject/spi/DisableCircularProxiesOption.java...
  [javadoc] Loading source file /home/travis/build/google/guice/core/src/com/google/inject/spi/Element.java...
  [javadoc] Loading source file /home/travis/build/google/guice/core/src/com/google/inject/spi/ElementSource.java...
  [javadoc] Loading source file /home/travis/build/google/guice/core/src/com/google/inject/spi/ElementVisitor.java...
  [javadoc] Loading source file /home/travis/build/google/guice/core/src/com/google/inject/spi/Elements.java...
  [javadoc] Loading source file /home/travis/build/google/guice/core/src/com/google/inject/spi/ExposedBinding.java...
  [javadoc] Loading source file /home/travis/build/google/guice/core/src/com/google/inject/spi/HasDependencies.java...
  [javadoc] Loading source file /home/travis/build/google/guice/core/src/com/google/inject/spi/InjectionListener.java...
  [javadoc] Loading source file /home/travis/build/google/guice/core/src/com/google/inject/spi/InjectionPoint.java...
  [javadoc] Loading source file /home/travis/build/google/guice/core/src/com/google/inject/spi/InjectionRequest.java...
  [javadoc] Loading source file /home/travis/build/google/guice/core/src/com/google/inject/spi/InstanceBinding.java...
  [javadoc] Loading source file /home/travis/build/google/guice/core/src/com/google/inject/spi/InterceptorBinding.java...
  [javadoc] Loading source file /home/travis/build/google/guice/core/src/com/google/inject/spi/LinkedKeyBinding.java...
  [javadoc] Loading source file /home/travis/build/google/guice/core/src/com/google/inject/spi/MembersInjectorLookup.java...
  [javadoc] Loading source file /home/travis/build/google/guice/core/src/com/google/inject/spi/Message.java...
  [javadoc] Loading source file /home/travis/build/google/guice/core/src/com/google/inject/spi/ModuleAnnotatedMethodScanner.java...
  [javadoc] Loading source file /home/travis/build/google/guice/core/src/com/google/inject/spi/ModuleAnnotatedMethodScannerBinding.java...
  [javadoc] Loading source file /home/travis/build/google/guice/core/src/com/google/inject/spi/ModuleSource.java...
  [javadoc] Loading source file /home/travis/build/google/guice/core/src/com/google/inject/spi/PrivateElements.java...
  [javadoc] Loading source file /home/travis/build/google/guice/core/src/com/google/inject/spi/ProviderBinding.java...
  [javadoc] Loading source file /home/travis/build/google/guice/core/src/com/google/inject/spi/ProviderInstanceBinding.java...
  [javadoc] Loading source file /home/travis/build/google/guice/core/src/com/google/inject/spi/ProviderKeyBinding.java...
  [javadoc] Loading source file /home/travis/build/google/guice/core/src/com/google/inject/spi/ProviderLookup.java...
  [javadoc] Loading source file /home/travis/build/google/guice/core/src/com/google/inject/spi/ProviderWithDependencies.java...
  [javadoc] Loading source file /home/travis/build/google/guice/core/src/com/google/inject/spi/ProviderWithExtensionVisitor.java...
  [javadoc] Loading source file /home/travis/build/google/guice/core/src/com/google/inject/spi/ProvidesMethodBinding.java...
  [javadoc] Loading source file /home/travis/build/google/guice/core/src/com/google/inject/spi/ProvidesMethodTargetVisitor.java...
  [javadoc] Loading source file /home/travis/build/google/guice/core/src/com/google/inject/spi/ProvisionListener.java...
  [javadoc] Loading source file /home/travis/build/google/guice/core/src/com/google/inject/spi/ProvisionListenerBinding.java...
  [javadoc] Loading source file /home/travis/build/google/guice/core/src/com/google/inject/spi/RequireAtInjectOnConstructorsOption.java...
  [javadoc] Loading source file /home/travis/build/google/guice/core/src/com/google/inject/spi/RequireExactBindingAnnotationsOption.java...
  [javadoc] Loading source file /home/travis/build/google/guice/core/src/com/google/inject/spi/RequireExplicitBindingsOption.java...
  [javadoc] Loading source file /home/travis/build/google/guice/core/src/com/google/inject/spi/ScopeBinding.java...
  [javadoc] Loading source file /home/travis/build/google/guice/core/src/com/google/inject/spi/StaticInjectionRequest.java...
  [javadoc] Loading source file /home/travis/build/google/guice/core/src/com/google/inject/spi/Toolable.java...
  [javadoc] Loading source file /home/travis/build/google/guice/core/src/com/google/inject/spi/TypeConverter.java...
  [javadoc] Loading source file /home/travis/build/google/guice/core/src/com/google/inject/spi/TypeConverterBinding.java...
  [javadoc] Loading source file /home/travis/build/google/guice/core/src/com/google/inject/spi/TypeEncounter.java...
  [javadoc] Loading source file /home/travis/build/google/guice/core/src/com/google/inject/spi/TypeListener.java...
  [javadoc] Loading source file /home/travis/build/google/guice/core/src/com/google/inject/spi/TypeListenerBinding.java...
  [javadoc] Loading source file /home/travis/build/google/guice/core/src/com/google/inject/spi/UntargettedBinding.java...
  [javadoc] Loading source file /home/travis/build/google/guice/core/src/com/google/inject/spi/package-info.java...
  [javadoc] Loading source file /home/travis/build/google/guice/core/src/com/google/inject/util/Modules.java...
  [javadoc] Loading source file /home/travis/build/google/guice/core/src/com/google/inject/util/Providers.java...
  [javadoc] Loading source file /home/travis/build/google/guice/core/src/com/google/inject/util/Types.java...
  [javadoc] Loading source file /home/travis/build/google/guice/core/src/com/google/inject/util/package-info.java...
  [javadoc] Loading source file /home/travis/build/google/guice/extensions/servlet/src/com/google/inject/servlet/AbstractServletModuleBinding.java...
  [javadoc] Loading source file /home/travis/build/google/guice/extensions/servlet/src/com/google/inject/servlet/ContinuingHttpServletRequest.java...
  [javadoc] Loading source file /home/travis/build/google/guice/extensions/servlet/src/com/google/inject/servlet/DefaultFilterPipeline.java...
  [javadoc] Loading source file /home/travis/build/google/guice/extensions/servlet/src/com/google/inject/servlet/FilterChainInvocation.java...
  [javadoc] Loading source file /home/travis/build/google/guice/extensions/servlet/src/com/google/inject/servlet/FilterDefinition.java...
  [javadoc] Loading source file /home/travis/build/google/guice/extensions/servlet/src/com/google/inject/servlet/FilterPipeline.java...
  [javadoc] Loading source file /home/travis/build/google/guice/extensions/servlet/src/com/google/inject/servlet/FiltersModuleBuilder.java...
  [javadoc] Loading source file /home/travis/build/google/guice/extensions/servlet/src/com/google/inject/servlet/GuiceFilter.java...
  [javadoc] Loading source file /home/travis/build/google/guice/extensions/servlet/src/com/google/inject/servlet/GuiceServletContextListener.java...
  [javadoc] Loading source file /home/travis/build/google/guice/extensions/servlet/src/com/google/inject/servlet/InstanceFilterBinding.java...
  [javadoc] Loading source file /home/travis/build/google/guice/extensions/servlet/src/com/google/inject/servlet/InstanceFilterBindingImpl.java...
  [javadoc] Loading source file /home/travis/build/google/guice/extensions/servlet/src/com/google/inject/servlet/InstanceServletBinding.java...
  [javadoc] Loading source file /home/travis/build/google/guice/extensions/servlet/src/com/google/inject/servlet/InstanceServletBindingImpl.java...
  [javadoc] Loading source file /home/travis/build/google/guice/extensions/servlet/src/com/google/inject/servlet/InternalServletModule.java...
  [javadoc] Loading source file /home/travis/build/google/guice/extensions/servlet/src/com/google/inject/servlet/LinkedFilterBinding.java...
  [javadoc] Loading source file /home/travis/build/google/guice/extensions/servlet/src/com/google/inject/servlet/LinkedFilterBindingImpl.java...
  [javadoc] Loading source file /home/travis/build/google/guice/extensions/servlet/src/com/google/inject/servlet/LinkedServletBinding.java...
  [javadoc] Loading source file /home/travis/build/google/guice/extensions/servlet/src/com/google/inject/servlet/LinkedServletBindingImpl.java...
  [javadoc] Loading source file /home/travis/build/google/guice/extensions/servlet/src/com/google/inject/servlet/ManagedFilterPipeline.java...
  [javadoc] Loading source file /home/travis/build/google/guice/extensions/servlet/src/com/google/inject/servlet/ManagedServletPipeline.java...
  [javadoc] Loading source file /home/travis/build/google/guice/extensions/servlet/src/com/google/inject/servlet/RequestParameters.java...
  [javadoc] Loading source file /home/travis/build/google/guice/extensions/servlet/src/com/google/inject/servlet/RequestScoped.java...
  [javadoc] Loading source file /home/travis/build/google/guice/extensions/servlet/src/com/google/inject/servlet/ScopingException.java...
  [javadoc] Loading source file /home/travis/build/google/guice/extensions/servlet/src/com/google/inject/servlet/ScopingOnly.java...
  [javadoc] Loading source file /home/travis/build/google/guice/extensions/servlet/src/com/google/inject/servlet/ServletDefinition.java...
  [javadoc] Loading source file /home/travis/build/google/guice/extensions/servlet/src/com/google/inject/servlet/ServletModule.java...
  [javadoc] Loading source file /home/travis/build/google/guice/extensions/servlet/src/com/google/inject/servlet/ServletModuleBinding.java...
  [javadoc] Loading source file /home/travis/build/google/guice/extensions/servlet/src/com/google/inject/servlet/ServletModuleTargetVisitor.java...
  [javadoc] Loading source file /home/travis/build/google/guice/extensions/servlet/src/com/google/inject/servlet/ServletScopes.java...
  [javadoc] Loading source file /home/travis/build/google/guice/extensions/servlet/src/com/google/inject/servlet/ServletUtils.java...
  [javadoc] Loading source file /home/travis/build/google/guice/extensions/servlet/src/com/google/inject/servlet/ServletsModuleBuilder.java...
  [javadoc] Loading source file /home/travis/build/google/guice/extensions/servlet/src/com/google/inject/servlet/SessionScoped.java...
  [javadoc] Loading source file /home/travis/build/google/guice/extensions/servlet/src/com/google/inject/servlet/UriPatternMatcher.java...
  [javadoc] Loading source file /home/travis/build/google/guice/extensions/servlet/src/com/google/inject/servlet/UriPatternType.java...
  [javadoc] Loading source file /home/travis/build/google/guice/extensions/servlet/src/com/google/inject/servlet/package-info.java...
  [javadoc] Loading source file /home/travis/build/google/guice/extensions/assistedinject/src/com/google/inject/assistedinject/Assisted.java...
  [javadoc] Loading source file /home/travis/build/google/guice/extensions/assistedinject/src/com/google/inject/assistedinject/AssistedConstructor.java...
  [javadoc] Loading source file /home/travis/build/google/guice/extensions/assistedinject/src/com/google/inject/assistedinject/AssistedInject.java...
  [javadoc] Loading source file /home/travis/build/google/guice/extensions/assistedinject/src/com/google/inject/assistedinject/AssistedInjectBinding.java...
  [javadoc] Loading source file /home/travis/build/google/guice/extensions/assistedinject/src/com/google/inject/assistedinject/AssistedInjectTargetVisitor.java...
  [javadoc] Loading source file /home/travis/build/google/guice/extensions/assistedinject/src/com/google/inject/assistedinject/AssistedMethod.java...
  [javadoc] Loading source file /home/travis/build/google/guice/extensions/assistedinject/src/com/google/inject/assistedinject/BindingCollector.java...
  [javadoc] Loading source file /home/travis/build/google/guice/extensions/assistedinject/src/com/google/inject/assistedinject/FactoryModuleBuilder.java...
  [javadoc] Loading source file /home/travis/build/google/guice/extensions/assistedinject/src/com/google/inject/assistedinject/FactoryProvider.java...
  [javadoc] Loading source file /home/travis/build/google/guice/extensions/assistedinject/src/com/google/inject/assistedinject/FactoryProvider2.java...
  [javadoc] Loading source file /home/travis/build/google/guice/extensions/assistedinject/src/com/google/inject/assistedinject/Parameter.java...
  [javadoc] Loading source file /home/travis/build/google/guice/extensions/assistedinject/src/com/google/inject/assistedinject/ParameterListKey.java...
  [javadoc] Loading source file /home/travis/build/google/guice/extensions/assistedinject/src/com/google/inject/assistedinject/package-info.java...
  [javadoc] Loading source file /home/travis/build/google/guice/extensions/multibindings/src/com/google/inject/multibindings/ClassMapKey.java...
  [javadoc] Loading source file /home/travis/build/google/guice/extensions/multibindings/src/com/google/inject/multibindings/Element.java...
  [javadoc] Loading source file /home/travis/build/google/guice/extensions/multibindings/src/com/google/inject/multibindings/Indexer.java...
  [javadoc] Loading source file /home/travis/build/google/guice/extensions/multibindings/src/com/google/inject/multibindings/MapBinder.java...
  [javadoc] Loading source file /home/travis/build/google/guice/extensions/multibindings/src/com/google/inject/multibindings/MapBinderBinding.java...
  [javadoc] Loading source file /home/travis/build/google/guice/extensions/multibindings/src/com/google/inject/multibindings/MapKey.java...
  [javadoc] Loading source file /home/travis/build/google/guice/extensions/multibindings/src/com/google/inject/multibindings/Multibinder.java...
  [javadoc] Loading source file /home/travis/build/google/guice/extensions/multibindings/src/com/google/inject/multibindings/MultibinderBinding.java...
  [javadoc] Loading source file /home/travis/build/google/guice/extensions/multibindings/src/com/google/inject/multibindings/MultibindingsScanner.java...
  [javadoc] Loading source file /home/travis/build/google/guice/extensions/multibindings/src/com/google/inject/multibindings/MultibindingsTargetVisitor.java...
  [javadoc] Loading source file /home/travis/build/google/guice/extensions/multibindings/src/com/google/inject/multibindings/OptionalBinder.java...
  [javadoc] Loading source file /home/travis/build/google/guice/extensions/multibindings/src/com/google/inject/multibindings/OptionalBinderBinding.java...
  [javadoc] Loading source file /home/travis/build/google/guice/extensions/multibindings/src/com/google/inject/multibindings/ProvidesIntoMap.java...
  [javadoc] Loading source file /home/travis/build/google/guice/extensions/multibindings/src/com/google/inject/multibindings/ProvidesIntoOptional.java...
  [javadoc] Loading source file /home/travis/build/google/guice/extensions/multibindings/src/com/google/inject/multibindings/ProvidesIntoSet.java...
  [javadoc] Loading source file /home/travis/build/google/guice/extensions/multibindings/src/com/google/inject/multibindings/RealElement.java...
  [javadoc] Loading source file /home/travis/build/google/guice/extensions/multibindings/src/com/google/inject/multibindings/StringMapKey.java...
  [javadoc] Loading source file /home/travis/build/google/guice/extensions/multibindings/src/com/google/inject/multibindings/package-info.java...
  [javadoc] Loading source file /home/travis/build/google/guice/extensions/dagger-adapter/src/com/google/inject/daggeradapter/DaggerAdapter.java...
  [javadoc] Loading source file /home/travis/build/google/guice/extensions/dagger-adapter/src/com/google/inject/daggeradapter/DaggerMethodScanner.java...
  [javadoc] Loading source file /home/travis/build/google/guice/extensions/throwingproviders/src/com/google/inject/throwingproviders/CheckedProvideUtils.java...
  [javadoc] Loading source file /home/travis/build/google/guice/extensions/throwingproviders/src/com/google/inject/throwingproviders/CheckedProvider.java...
  [javadoc] Loading source file /home/travis/build/google/guice/extensions/throwingproviders/src/com/google/inject/throwingproviders/CheckedProviderMethod.java...
  [javadoc] Loading source file /home/travis/build/google/guice/extensions/throwingproviders/src/com/google/inject/throwingproviders/CheckedProviderMethodsModule.java...
  [javadoc] Loading source file /home/travis/build/google/guice/extensions/throwingproviders/src/com/google/inject/throwingproviders/CheckedProviderWithDependencies.java...
  [javadoc] Loading source file /home/travis/build/google/guice/extensions/throwingproviders/src/com/google/inject/throwingproviders/CheckedProvides.java...
  [javadoc] Loading source file /home/travis/build/google/guice/extensions/throwingproviders/src/com/google/inject/throwingproviders/ThrowingInject.java...
  [javadoc] Loading source file /home/travis/build/google/guice/extensions/throwingproviders/src/com/google/inject/throwingproviders/ThrowingProvider.java...
  [javadoc] Loading source file /home/travis/build/google/guice/extensions/throwingproviders/src/com/google/inject/throwingproviders/ThrowingProviderBinder.java...
  [javadoc] Loading source file /home/travis/build/google/guice/extensions/throwingproviders/src/com/google/inject/throwingproviders/package-info.java...
  [javadoc] Loading source file /home/travis/build/google/guice/extensions/testlib/src/com/google/inject/testing/fieldbinder/Bind.java...
  [javadoc] Loading source file /home/travis/build/google/guice/extensions/testlib/src/com/google/inject/testing/fieldbinder/BoundFieldModule.java...
  [javadoc] Loading source file /home/travis/build/google/guice/extensions/grapher/src/com/google/inject/grapher/AbstractInjectorGrapher.java...
  [javadoc] Loading source file /home/travis/build/google/guice/extensions/grapher/src/com/google/inject/grapher/Alias.java...
  [javadoc] Loading source file /home/travis/build/google/guice/extensions/grapher/src/com/google/inject/grapher/AliasCreator.java...
  [javadoc] Loading source file /home/travis/build/google/guice/extensions/grapher/src/com/google/inject/grapher/BindingEdge.java...
  [javadoc] Loading source file /home/travis/build/google/guice/extensions/grapher/src/com/google/inject/grapher/DefaultEdgeCreator.java...
  [javadoc] Loading source file /home/travis/build/google/guice/extensions/grapher/src/com/google/inject/grapher/DefaultNodeCreator.java...
  [javadoc] Loading source file /home/travis/build/google/guice/extensions/grapher/src/com/google/inject/grapher/DefaultRootKeySetCreator.java...
  [javadoc] Loading source file /home/travis/build/google/guice/extensions/grapher/src/com/google/inject/grapher/DependencyEdge.java...
  [javadoc] Loading source file /home/travis/build/google/guice/extensions/grapher/src/com/google/inject/grapher/Edge.java...
  [javadoc] Loading source file /home/travis/build/google/guice/extensions/grapher/src/com/google/inject/grapher/EdgeCreator.java...
  [javadoc] Loading source file /home/travis/build/google/guice/extensions/grapher/src/com/google/inject/grapher/ImplementationNode.java...
  [javadoc] Loading source file /home/travis/build/google/guice/extensions/grapher/src/com/google/inject/grapher/InjectorGrapher.java...
  [javadoc] Loading source file /home/travis/build/google/guice/extensions/grapher/src/com/google/inject/grapher/InstanceNode.java...
  [javadoc] Loading source file /home/travis/build/google/guice/extensions/grapher/src/com/google/inject/grapher/InterfaceNode.java...
  [javadoc] Loading source file /home/travis/build/google/guice/extensions/grapher/src/com/google/inject/grapher/NameFactory.java...
  [javadoc] Loading source file /home/travis/build/google/guice/extensions/grapher/src/com/google/inject/grapher/Node.java...
  [javadoc] Loading source file /home/travis/build/google/guice/extensions/grapher/src/com/google/inject/grapher/NodeCreator.java...
  [javadoc] Loading source file /home/travis/build/google/guice/extensions/grapher/src/com/google/inject/grapher/NodeId.java...
  [javadoc] Loading source file /home/travis/build/google/guice/extensions/grapher/src/com/google/inject/grapher/ProviderAliasCreator.java...
  [javadoc] Loading source file /home/travis/build/google/guice/extensions/grapher/src/com/google/inject/grapher/RootKeySetCreator.java...
  [javadoc] Loading source file /home/travis/build/google/guice/extensions/grapher/src/com/google/inject/grapher/ShortNameFactory.java...
  [javadoc] Loading source file /home/travis/build/google/guice/extensions/grapher/src/com/google/inject/grapher/TransitiveDependencyVisitor.java...
  [javadoc] Loading source file /home/travis/build/google/guice/extensions/grapher/src/com/google/inject/grapher/graphviz/ArrowType.java...
  [javadoc] Loading source file /home/travis/build/google/guice/extensions/grapher/src/com/google/inject/grapher/graphviz/CompassPoint.java...
  [javadoc] Loading source file /home/travis/build/google/guice/extensions/grapher/src/com/google/inject/grapher/graphviz/EdgeStyle.java...
  [javadoc] Loading source file /home/travis/build/google/guice/extensions/grapher/src/com/google/inject/grapher/graphviz/Graphviz.java...
  [javadoc] Loading source file /home/travis/build/google/guice/extensions/grapher/src/com/google/inject/grapher/graphviz/GraphvizEdge.java...
  [javadoc] Loading source file /home/travis/build/google/guice/extensions/grapher/src/com/google/inject/grapher/graphviz/GraphvizGrapher.java...
  [javadoc] Loading source file /home/travis/build/google/guice/extensions/grapher/src/com/google/inject/grapher/graphviz/GraphvizModule.java...
  [javadoc] Loading source file /home/travis/build/google/guice/extensions/grapher/src/com/google/inject/grapher/graphviz/GraphvizNode.java...
  [javadoc] Loading source file /home/travis/build/google/guice/extensions/grapher/src/com/google/inject/grapher/graphviz/NodeShape.java...
  [javadoc] Loading source file /home/travis/build/google/guice/extensions/grapher/src/com/google/inject/grapher/graphviz/NodeStyle.java...
  [javadoc] Loading source file /home/travis/build/google/guice/extensions/grapher/src/com/google/inject/grapher/graphviz/PortIdFactory.java...
  [javadoc] Loading source file /home/travis/build/google/guice/extensions/grapher/src/com/google/inject/grapher/graphviz/PortIdFactoryImpl.java...
  [javadoc] Loading source file /home/travis/build/google/guice/extensions/persist/src/com/google/inject/persist/PersistFilter.java...
  [javadoc] Loading source file /home/travis/build/google/guice/extensions/persist/src/com/google/inject/persist/PersistModule.java...
  [javadoc] Loading source file /home/travis/build/google/guice/extensions/persist/src/com/google/inject/persist/PersistService.java...
  [javadoc] Loading source file /home/travis/build/google/guice/extensions/persist/src/com/google/inject/persist/Transactional.java...
  [javadoc] Loading source file /home/travis/build/google/guice/extensions/persist/src/com/google/inject/persist/UnitOfWork.java...
  [javadoc] Loading source file /home/travis/build/google/guice/extensions/persist/src/com/google/inject/persist/finder/DynamicFinder.java...
  [javadoc] Loading source file /home/travis/build/google/guice/extensions/persist/src/com/google/inject/persist/finder/Finder.java...
  [javadoc] Loading source file /home/travis/build/google/guice/extensions/persist/src/com/google/inject/persist/finder/FirstResult.java...
  [javadoc] Loading source file /home/travis/build/google/guice/extensions/persist/src/com/google/inject/persist/finder/MaxResults.java...
  [javadoc] Loading source file /home/travis/build/google/guice/extensions/persist/src/com/google/inject/persist/finder/package-info.java...
  [javadoc] Loading source file /home/travis/build/google/guice/extensions/persist/src/com/google/inject/persist/jpa/Jpa.java...
  [javadoc] Loading source file /home/travis/build/google/guice/extensions/persist/src/com/google/inject/persist/jpa/JpaFinderProxy.java...
  [javadoc] Loading source file /home/travis/build/google/guice/extensions/persist/src/com/google/inject/persist/jpa/JpaLocalTxnInterceptor.java...
  [javadoc] Loading source file /home/travis/build/google/guice/extensions/persist/src/com/google/inject/persist/jpa/JpaPersistModule.java...
  [javadoc] Loading source file /home/travis/build/google/guice/extensions/persist/src/com/google/inject/persist/jpa/JpaPersistService.java...
  [javadoc] Loading source file /home/travis/build/google/guice/extensions/persist/src/com/google/inject/persist/jpa/package-info.java...
  [javadoc] Loading source file /home/travis/build/google/guice/extensions/persist/src/com/google/inject/persist/package-info.java...
  [javadoc] Loading source file /home/travis/build/google/guice/extensions/spring/src/com/google/inject/spring/SpringIntegration.java...
  [javadoc] Loading source file /home/travis/build/google/guice/extensions/spring/src/com/google/inject/spring/package-info.java...
  [javadoc] Loading source file /home/travis/build/google/guice/extensions/struts2/src/com/google/inject/struts2/GuiceObjectFactory.java...
  [javadoc] Loading source file /home/travis/build/google/guice/extensions/struts2/src/com/google/inject/struts2/Struts2Factory.java...
  [javadoc] Loading source file /home/travis/build/google/guice/extensions/struts2/src/com/google/inject/struts2/Struts2GuicePluginModule.java...
  [javadoc] Loading source file /home/travis/build/google/guice/extensions/jndi/src/com/google/inject/jndi/JndiIntegration.java...
  [javadoc] Loading source file /home/travis/build/google/guice/extensions/jndi/src/com/google/inject/jndi/package-info.java...
  [javadoc] Loading source file /home/travis/build/google/guice/extensions/jmx/src/com/google/inject/tools/jmx/ManagedBinding.java...
  [javadoc] Loading source file /home/travis/build/google/guice/extensions/jmx/src/com/google/inject/tools/jmx/ManagedBindingMBean.java...
  [javadoc] Loading source file /home/travis/build/google/guice/extensions/jmx/src/com/google/inject/tools/jmx/Manager.java...
  [javadoc] Loading source file /home/travis/build/google/guice/extensions/jmx/src/com/google/inject/tools/jmx/package-info.java...
  [javadoc] Constructing Javadoc information...
  [javadoc] Creating destination directory: "/home/travis/build/google/guice/build/docs/javadoc/"
  [javadoc] Standard Doclet version 1.8.0_31
  [javadoc] Building tree for all the packages and classes...
  [javadoc] /home/travis/build/google/guice/extensions/dagger-adapter/src/com/google/inject/daggeradapter/DaggerAdapter.java:53: warning - Tag @link:illegal character: "64" in "@dagger.Module"
  [javadoc] /home/travis/build/google/guice/extensions/dagger-adapter/src/com/google/inject/daggeradapter/DaggerAdapter.java:53: warning - Tag @link:illegal character: "64" in "@dagger.Provides"
  [javadoc] /home/travis/build/google/guice/extensions/dagger-adapter/src/com/google/inject/daggeradapter/DaggerAdapter.java:53: warning - Tag @link:illegal character: "64" in "@Singleton"
  [javadoc] /home/travis/build/google/guice/extensions/dagger-adapter/src/com/google/inject/daggeradapter/DaggerAdapter.java:53: warning - Tag @link: reference not found: @dagger.Module
  [javadoc] /home/travis/build/google/guice/extensions/dagger-adapter/src/com/google/inject/daggeradapter/DaggerAdapter.java:53: warning - Tag @link: reference not found: @dagger.Provides
  [javadoc] /home/travis/build/google/guice/extensions/dagger-adapter/src/com/google/inject/daggeradapter/DaggerAdapter.java:53: warning - Tag @link: reference not found: @Singleton
  [javadoc] /home/travis/build/google/guice/extensions/dagger-adapter/src/com/google/inject/daggeradapter/DaggerAdapter.java:53: warning - Tag @link: reference not found: @dagger.Module
  [javadoc] /home/travis/build/google/guice/extensions/dagger-adapter/src/com/google/inject/daggeradapter/DaggerAdapter.java:53: warning - Tag @link: reference not found: @dagger.Provides
  [javadoc] Building index for all the packages and classes...
  [javadoc] /home/travis/build/google/guice/extensions/dagger-adapter/src/com/google/inject/daggeradapter/DaggerAdapter.java:53: warning - Tag @link: reference not found: @dagger.Module
  [javadoc] /home/travis/build/google/guice/extensions/dagger-adapter/src/com/google/inject/daggeradapter/DaggerAdapter.java:53: warning - Tag @link: reference not found: @dagger.Provides
  [javadoc] Building index for all classes...
  [javadoc] Generating /home/travis/build/google/guice/build/docs/javadoc/help-doc.html...
  [javadoc] 10 warnings

dist:

source.jar:
    [mkdir] Created dir: /home/travis/build/google/guice/extensions/servlet/build
      [zip] Building zip: /home/travis/build/google/guice/extensions/servlet/build/guice-servlet-snapshot-src.jar

compile:
    [mkdir] Created dir: /home/travis/build/google/guice/extensions/servlet/build/classes
    [javac] Compiling 35 source files to /home/travis/build/google/guice/extensions/servlet/build/classes
    [javac] warning: [options] bootstrap class path not set in conjunction with -source 1.6
    [javac] /home/travis/build/google/guice/extensions/servlet/src/com/google/inject/servlet/FilterDefinition.java:125: warning: [rawtypes] found raw type: Enumeration
    [javac]       public Enumeration getInitParameterNames() {
    [javac]              ^
    [javac]   missing type arguments for generic class Enumeration<E>
    [javac]   where E is a type-variable:
    [javac]     E extends Object declared in interface Enumeration
    [javac] /home/travis/build/google/guice/extensions/servlet/src/com/google/inject/servlet/ServletDefinition.java:134: warning: [rawtypes] found raw type: Enumeration
    [javac]       public Enumeration getInitParameterNames() {
    [javac]              ^
    [javac]   missing type arguments for generic class Enumeration<E>
    [javac]   where E is a type-variable:
    [javac]     E extends Object declared in interface Enumeration
    [javac] /home/travis/build/google/guice/extensions/servlet/src/com/google/inject/servlet/ServletScopes.java:367: warning: [rawtypes] found raw type: Key
    [javac]     final Map<Key, Object> map = Maps.newHashMap();
    [javac]               ^
    [javac]   missing type arguments for generic class Key<T>
    [javac]   where T is a type-variable:
    [javac]     T extends Object declared in class Key
    [javac] 4 warnings
    [javac] Creating empty /home/travis/build/google/guice/extensions/servlet/build/classes/com/google/inject/servlet/package-info.class

manifest:
  [bndwrap] classes 67 0
    [unjar] Expanding: /home/travis/build/google/guice/extensions/servlet/build/classes.bar into /home/travis/build/google/guice/extensions/servlet/build

jar:
      [jar] Building jar: /home/travis/build/google/guice/extensions/servlet/build/guice-servlet-snapshot.jar

distjars:

source.jar:
    [mkdir] Created dir: /home/travis/build/google/guice/extensions/spring/build
      [zip] Building zip: /home/travis/build/google/guice/extensions/spring/build/guice-spring-snapshot-src.jar

compile:
    [mkdir] Created dir: /home/travis/build/google/guice/extensions/spring/build/classes
    [javac] Compiling 2 source files to /home/travis/build/google/guice/extensions/spring/build/classes
    [javac] warning: [options] bootstrap class path not set in conjunction with -source 1.6
    [javac] 1 warning
    [javac] Creating empty /home/travis/build/google/guice/extensions/spring/build/classes/com/google/inject/spring/package-info.class

manifest:
  [bndwrap] classes 4 0
    [unjar] Expanding: /home/travis/build/google/guice/extensions/spring/build/classes.bar into /home/travis/build/google/guice/extensions/spring/build

jar:
      [jar] Building jar: /home/travis/build/google/guice/extensions/spring/build/guice-spring-snapshot.jar

distjars:

source.jar:
    [mkdir] Created dir: /home/travis/build/google/guice/extensions/struts2/build
      [zip] Building zip: /home/travis/build/google/guice/extensions/struts2/build/guice-struts2-plugin-snapshot-src.jar

compile:
    [mkdir] Created dir: /home/travis/build/google/guice/extensions/struts2/build/classes
    [javac] Compiling 3 source files to /home/travis/build/google/guice/extensions/struts2/build/classes
    [javac] warning: [options] bootstrap class path not set in conjunction with -source 1.6
    [javac] /home/travis/build/google/guice/extensions/struts2/src/com/google/inject/struts2/GuiceObjectFactory.java:82: warning: [rawtypes] found raw type: Class
    [javac]   public Class getClassInstance(String name) throws ClassNotFoundException {
    [javac]          ^
    [javac]   missing type arguments for generic class Class<T>
    [javac]   where T is a type-variable:
    [javac]     T extends Object declared in class Class
    [javac] /home/travis/build/google/guice/extensions/struts2/src/com/google/inject/struts2/GuiceObjectFactory.java:110: warning: [rawtypes] found raw type: Class
    [javac]   public Object buildBean(Class clazz, Map extraContext) {
    [javac]                           ^
    [javac]   missing type arguments for generic class Class<T>
    [javac]   where T is a type-variable:
    [javac]     T extends Object declared in class Class
    [javac] /home/travis/build/google/guice/extensions/struts2/src/com/google/inject/struts2/GuiceObjectFactory.java:110: warning: [rawtypes] found raw type: Map
    [javac]   public Object buildBean(Class clazz, Map extraContext) {
    [javac]                                        ^
    [javac]   missing type arguments for generic class Map<K,V>
    [javac]   where K,V are type-variables:
    [javac]     K extends Object declared in interface Map
    [javac]     V extends Object declared in interface Map
    [javac] /home/travis/build/google/guice/extensions/struts2/src/com/google/inject/struts2/GuiceObjectFactory.java:168: warning: [rawtypes] found raw type: Map
    [javac]       Map interceptorRefParams) throws ConfigurationException {
    [javac]       ^
    [javac]   missing type arguments for generic class Map<K,V>
    [javac]   where K,V are type-variables:
    [javac]     K extends Object declared in interface Map
    [javac]     V extends Object declared in interface Map
    [javac] /home/travis/build/google/guice/extensions/struts2/src/com/google/inject/struts2/GuiceObjectFactory.java:184: warning: [rawtypes] found raw type: Map
    [javac]       Map interceptorRefParams) throws ConfigurationException {
    [javac]       ^
    [javac]   missing type arguments for generic class Map<K,V>
    [javac]   where K,V are type-variables:
    [javac]     K extends Object declared in interface Map
    [javac]     V extends Object declared in interface Map
    [javac] /home/travis/build/google/guice/extensions/struts2/src/com/google/inject/struts2/GuiceObjectFactory.java:185: warning: [unchecked] unchecked method invocation: method buildInterceptor in class ObjectFactory is applied to given types
    [javac]     return super.buildInterceptor(interceptorConfig, interceptorRefParams);
    [javac]                                  ^
    [javac]   required: InterceptorConfig,Map<String,String>
    [javac]   found: InterceptorConfig,Map
    [javac] /home/travis/build/google/guice/extensions/struts2/src/com/google/inject/struts2/GuiceObjectFactory.java:185: warning: [unchecked] unchecked conversion
    [javac]     return super.buildInterceptor(interceptorConfig, interceptorRefParams);
    [javac]                                                      ^
    [javac]   required: Map<String,String>
    [javac]   found:    Map
    [javac] /home/travis/build/google/guice/extensions/struts2/src/com/google/inject/struts2/GuiceObjectFactory.java:191: warning: [rawtypes] found raw type: Map
    [javac]     final Map params;
    [javac]           ^
    [javac]   missing type arguments for generic class Map<K,V>
    [javac]   where K,V are type-variables:
    [javac]     K extends Object declared in interface Map
    [javac]     V extends Object declared in interface Map
    [javac] /home/travis/build/google/guice/extensions/struts2/src/com/google/inject/struts2/GuiceObjectFactory.java:195: warning: [rawtypes] found raw type: Map
    [javac]     ProvidedInterceptor(InterceptorConfig config, Map params,
    [javac]                                                   ^
    [javac]   missing type arguments for generic class Map<K,V>
    [javac]   where K,V are type-variables:
    [javac]     K extends Object declared in interface Map
    [javac]     V extends Object declared in interface Map
    [javac] /home/travis/build/google/guice/extensions/struts2/src/com/google/inject/struts2/Struts2Factory.java:101: warning: [rawtypes] found raw type: Class
    [javac]   public Object buildBean(Class clazz, Map<String, Object> extraContext) {
    [javac]                           ^
    [javac]   missing type arguments for generic class Class<T>
    [javac]   where T is a type-variable:
    [javac]     T extends Object declared in class Class
    [javac] /home/travis/build/google/guice/extensions/struts2/src/com/google/inject/struts2/Struts2Factory.java:149: warning: [rawtypes] found raw type: Map
    [javac]       Map interceptorRefParams) throws ConfigurationException {
    [javac]       ^
    [javac]   missing type arguments for generic class Map<K,V>
    [javac]   where K,V are type-variables:
    [javac]     K extends Object declared in interface Map
    [javac]     V extends Object declared in interface Map
    [javac] 12 warnings
     [copy] Copying 1 file to /home/travis/build/google/guice/extensions/struts2/build/classes

manifest:
  [bndwrap] classes 8 0
    [unjar] Expanding: /home/travis/build/google/guice/extensions/struts2/build/classes.bar into /home/travis/build/google/guice/extensions/struts2/build

jar:
      [jar] Building jar: /home/travis/build/google/guice/extensions/struts2/build/guice-struts2-plugin-snapshot.jar

distjars:

source.jar:
    [mkdir] Created dir: /home/travis/build/google/guice/extensions/assistedinject/build
      [zip] Building zip: /home/travis/build/google/guice/extensions/assistedinject/build/guice-assistedinject-snapshot-src.jar

compile:
    [mkdir] Created dir: /home/travis/build/google/guice/extensions/assistedinject/build/classes
    [javac] Compiling 13 source files to /home/travis/build/google/guice/extensions/assistedinject/build/classes
    [javac] warning: [options] bootstrap class path not set in conjunction with -source 1.6
    [javac] /home/travis/build/google/guice/extensions/assistedinject/src/com/google/inject/assistedinject/FactoryProvider.java:379: warning: [rawtypes] found raw type: Class
    [javac]         new Class[] { factoryRawType }, invocationHandler));
    [javac]             ^
    [javac]   missing type arguments for generic class Class<T>
    [javac]   where T is a type-variable:
    [javac]     T extends Object declared in class Class
    [javac] 2 warnings
    [javac] Creating empty /home/travis/build/google/guice/extensions/assistedinject/build/classes/com/google/inject/assistedinject/package-info.class

manifest:
  [bndwrap] classes 20 0
    [unjar] Expanding: /home/travis/build/google/guice/extensions/assistedinject/build/classes.bar into /home/travis/build/google/guice/extensions/assistedinject/build

jar:
      [jar] Building jar: /home/travis/build/google/guice/extensions/assistedinject/build/guice-assistedinject-snapshot.jar

distjars:

source.jar:
    [mkdir] Created dir: /home/travis/build/google/guice/extensions/jmx/build
      [zip] Building zip: /home/travis/build/google/guice/extensions/jmx/build/guice-jmx-snapshot-src.jar

compile:
    [mkdir] Created dir: /home/travis/build/google/guice/extensions/jmx/build/classes
    [javac] Compiling 4 source files to /home/travis/build/google/guice/extensions/jmx/build/classes
    [javac] warning: [options] bootstrap class path not set in conjunction with -source 1.6
    [javac] /home/travis/build/google/guice/extensions/jmx/src/com/google/inject/tools/jmx/ManagedBinding.java:23: warning: [rawtypes] found raw type: Binding
    [javac]   final Binding binding;
    [javac]         ^
    [javac]   missing type arguments for generic class Binding<T>
    [javac]   where T is a type-variable:
    [javac]     T extends Object declared in interface Binding
    [javac] /home/travis/build/google/guice/extensions/jmx/src/com/google/inject/tools/jmx/ManagedBinding.java:25: warning: [rawtypes] found raw type: Binding
    [javac]   ManagedBinding(Binding binding) {
    [javac]                  ^
    [javac]   missing type arguments for generic class Binding<T>
    [javac]   where T is a type-variable:
    [javac]     T extends Object declared in interface Binding
    [javac] 3 warnings
    [javac] Creating empty /home/travis/build/google/guice/extensions/jmx/build/classes/com/google/inject/tools/jmx/package-info.class

manifest:
  [bndwrap] classes 4 0
    [unjar] Expanding: /home/travis/build/google/guice/extensions/jmx/build/classes.bar into /home/travis/build/google/guice/extensions/jmx/build

jar:
      [jar] Building jar: /home/travis/build/google/guice/extensions/jmx/build/guice-jmx-snapshot.jar

distjars:

source.jar:
    [mkdir] Created dir: /home/travis/build/google/guice/extensions/jndi/build
      [zip] Building zip: /home/travis/build/google/guice/extensions/jndi/build/guice-jndi-snapshot-src.jar

compile:
    [mkdir] Created dir: /home/travis/build/google/guice/extensions/jndi/build/classes
    [javac] Compiling 2 source files to /home/travis/build/google/guice/extensions/jndi/build/classes
    [javac] warning: [options] bootstrap class path not set in conjunction with -source 1.6
    [javac] 1 warning
    [javac] Creating empty /home/travis/build/google/guice/extensions/jndi/build/classes/com/google/inject/jndi/package-info.class

manifest:
  [bndwrap] classes 3 0
    [unjar] Expanding: /home/travis/build/google/guice/extensions/jndi/build/classes.bar into /home/travis/build/google/guice/extensions/jndi/build

jar:
      [jar] Building jar: /home/travis/build/google/guice/extensions/jndi/build/guice-jndi-snapshot.jar

distjars:

source.jar:
    [mkdir] Created dir: /home/travis/build/google/guice/extensions/throwingproviders/build
      [zip] Building zip: /home/travis/build/google/guice/extensions/throwingproviders/build/guice-throwingproviders-snapshot-src.jar

compile:
    [mkdir] Created dir: /home/travis/build/google/guice/extensions/throwingproviders/build/classes
    [javac] Compiling 10 source files to /home/travis/build/google/guice/extensions/throwingproviders/build/classes
    [javac] warning: [options] bootstrap class path not set in conjunction with -source 1.6
    [javac] /home/travis/build/google/guice/extensions/throwingproviders/src/com/google/inject/throwingproviders/CheckedProvideUtils.java:79: warning: [rawtypes] found raw type: CheckedProvider
    [javac]       Class<? extends CheckedProvider> checkedProvider) {
    [javac]                       ^
    [javac]   missing type arguments for generic class CheckedProvider<T>
    [javac]   where T is a type-variable:
    [javac]     T extends Object declared in interface CheckedProvider
    [javac] /home/travis/build/google/guice/extensions/throwingproviders/src/com/google/inject/throwingproviders/ThrowingProviderBinder.java:119: warning: [rawtypes] found raw type: CheckedProvider
    [javac]   public <P extends CheckedProvider> SecondaryBinder<P, ?> 
    [javac]                     ^
    [javac]   missing type arguments for generic class CheckedProvider<T>
    [javac]   where T is a type-variable:
    [javac]     T extends Object declared in interface CheckedProvider
    [javac] /home/travis/build/google/guice/extensions/throwingproviders/src/com/google/inject/throwingproviders/ThrowingProviderBinder.java:127: warning: [rawtypes] found raw type: CheckedProvider
    [javac]   public <P extends CheckedProvider, T> SecondaryBinder<P, T> 
    [javac]                     ^
    [javac]   missing type arguments for generic class CheckedProvider<T>
    [javac]   where T is a type-variable:
    [javac]     T extends Object declared in interface CheckedProvider
    [javac] /home/travis/build/google/guice/extensions/throwingproviders/src/com/google/inject/throwingproviders/ThrowingProviderBinder.java:135: warning: [rawtypes] found raw type: CheckedProvider
    [javac]   public <P extends CheckedProvider, T> SecondaryBinder<P, T> 
    [javac]                     ^
    [javac]   missing type arguments for generic class CheckedProvider<T>
    [javac]   where T is a type-variable:
    [javac]     T extends Object declared in interface CheckedProvider
    [javac] /home/travis/build/google/guice/extensions/throwingproviders/src/com/google/inject/throwingproviders/ThrowingProviderBinder.java:140: warning: [rawtypes] found raw type: CheckedProvider
    [javac]   public class SecondaryBinder<P extends CheckedProvider, T> {
    [javac]                                          ^
    [javac]   missing type arguments for generic class CheckedProvider<T>
    [javac]   where T is a type-variable:
    [javac]     T extends Object declared in interface CheckedProvider
    [javac] /home/travis/build/google/guice/extensions/throwingproviders/src/com/google/inject/throwingproviders/ThrowingProviderBinder.java:410: warning: [deprecation] ThrowingProvider in com.google.inject.throwingproviders has been deprecated
    [javac]       boolean tpMode = interfaceType.getInterfaces()[0] == ThrowingProvider.class;      
    [javac]                                                            ^
    [javac] /home/travis/build/google/guice/extensions/throwingproviders/src/com/google/inject/throwingproviders/CheckedProviderMethod.java:51: warning: [rawtypes] found raw type: CheckedProvider
    [javac]   private final Class<? extends CheckedProvider> checkedProvider;
    [javac]                                 ^
    [javac]   missing type arguments for generic class CheckedProvider<T>
    [javac]   where T is a type-variable:
    [javac]     T extends Object declared in interface CheckedProvider
    [javac] /home/travis/build/google/guice/extensions/throwingproviders/src/com/google/inject/throwingproviders/CheckedProviderMethod.java:62: warning: [rawtypes] found raw type: CheckedProvider
    [javac]       Class<? extends CheckedProvider> checkedProvider,
    [javac]                       ^
    [javac]   missing type arguments for generic class CheckedProvider<T>
    [javac]   where T is a type-variable:
    [javac]     T extends Object declared in interface CheckedProvider
    [javac] /home/travis/build/google/guice/extensions/throwingproviders/src/com/google/inject/throwingproviders/CheckedProvides.java:44: warning: [rawtypes] found raw type: CheckedProvider
    [javac]   Class<? extends CheckedProvider> value();
    [javac]                   ^
    [javac]   missing type arguments for generic class CheckedProvider<T>
    [javac]   where T is a type-variable:
    [javac]     T extends Object declared in interface CheckedProvider
    [javac] 10 warnings
    [javac] Creating empty /home/travis/build/google/guice/extensions/throwingproviders/build/classes/com/google/inject/throwingproviders/package-info.class

manifest:
  [bndwrap] Should not skip: ^
  [bndwrap] classes 21 0
    [unjar] Expanding: /home/travis/build/google/guice/extensions/throwingproviders/build/classes.bar into /home/travis/build/google/guice/extensions/throwingproviders/build

jar:
      [jar] Building jar: /home/travis/build/google/guice/extensions/throwingproviders/build/guice-throwingproviders-snapshot.jar

distjars:

source.jar:
    [mkdir] Created dir: /home/travis/build/google/guice/extensions/multibindings/build
      [zip] Building zip: /home/travis/build/google/guice/extensions/multibindings/build/guice-multibindings-snapshot-src.jar

compile:
    [mkdir] Created dir: /home/travis/build/google/guice/extensions/multibindings/build/classes
    [javac] Compiling 18 source files to /home/travis/build/google/guice/extensions/multibindings/build/classes
    [javac] warning: [options] bootstrap class path not set in conjunction with -source 1.6
    [javac] /home/travis/build/google/guice/extensions/multibindings/src/com/google/inject/multibindings/Multibinder.java:300: warning: [rawtypes] found raw type: Key
    [javac]       Key key = (Key) collectionOfProvidersKey;
    [javac]       ^
    [javac]   missing type arguments for generic class Key<T>
    [javac]   where T is a type-variable:
    [javac]     T extends Object declared in class Key
    [javac] /home/travis/build/google/guice/extensions/multibindings/src/com/google/inject/multibindings/Multibinder.java:301: warning: [unchecked] unchecked method invocation: method to in interface LinkedBindingBuilder is applied to given types
    [javac]       binder.bind(collectionOfJavaxProvidersKey).to(key);
    [javac]                                                    ^
    [javac]   required: Key<? extends T>
    [javac]   found: Key
    [javac]   where T is a type-variable:
    [javac]     T extends Object declared in interface LinkedBindingBuilder
    [javac] /home/travis/build/google/guice/extensions/multibindings/src/com/google/inject/multibindings/Multibinder.java:301: warning: [unchecked] unchecked conversion
    [javac]       binder.bind(collectionOfJavaxProvidersKey).to(key);
    [javac]                                                     ^
    [javac]   required: Key<? extends T>
    [javac]   found:    Key
    [javac]   where T is a type-variable:
    [javac]     T extends Object declared in interface LinkedBindingBuilder
    [javac] /home/travis/build/google/guice/extensions/multibindings/src/com/google/inject/multibindings/Multibinder.java:468: warning: [rawtypes] found raw type: Provider
    [javac]         Provider<T>[] providers = new Provider[size];
    [javac]                                       ^
    [javac]   missing type arguments for generic class Provider<T>
    [javac]   where T is a type-variable:
    [javac]     T extends Object declared in interface Provider
    [javac] /home/travis/build/google/guice/extensions/multibindings/src/com/google/inject/multibindings/Multibinder.java:481: warning: [rawtypes] found raw type: Key
    [javac]           Key key = dependency.getKey();
    [javac]           ^
    [javac]   missing type arguments for generic class Key<T>
    [javac]   where T is a type-variable:
    [javac]     T extends Object declared in class Key
    [javac] /home/travis/build/google/guice/extensions/multibindings/src/com/google/inject/multibindings/Multibinder.java:483: warning: [unchecked] unchecked method invocation: method get in class Dependency is applied to given types
    [javac]               Dependency.get(key.ofType(Types.providerOf(key.getTypeLiteral().getType()))));
    [javac]                             ^
    [javac]   required: Key<T>
    [javac]   found: Key
    [javac]   where T is a type-variable:
    [javac]     T extends Object declared in method <T>get(Key<T>)
    [javac] /home/travis/build/google/guice/extensions/multibindings/src/com/google/inject/multibindings/Multibinder.java:483: warning: [unchecked] unchecked conversion
    [javac]               Dependency.get(key.ofType(Types.providerOf(key.getTypeLiteral().getType()))));
    [javac]                                        ^
    [javac]   required: Key<T>
    [javac]   found:    Key
    [javac]   where T is a type-variable:
    [javac]     T extends Object declared in method <T>get(Key<T>)
    [javac] /home/travis/build/google/guice/extensions/multibindings/src/com/google/inject/multibindings/Multibinder.java:488: warning: [rawtypes] found raw type: Key
    [javac]       Key getCollectionKey() {
    [javac]       ^
    [javac]   missing type arguments for generic class Key<T>
    [javac]   where T is a type-variable:
    [javac]     T extends Object declared in class Key
    [javac] /home/travis/build/google/guice/extensions/multibindings/src/com/google/inject/multibindings/MapBinder.java:394: warning: [rawtypes] found raw type: Key
    [javac]       Key massagedProviderMapKey = (Key)providerMapKey;
    [javac]       ^
    [javac]   missing type arguments for generic class Key<T>
    [javac]   where T is a type-variable:
    [javac]     T extends Object declared in class Key
    [javac] /home/travis/build/google/guice/extensions/multibindings/src/com/google/inject/multibindings/MapBinder.java:395: warning: [unchecked] unchecked method invocation: method to in interface LinkedBindingBuilder is applied to given types
    [javac]       binder.bind(javaxProviderMapKey).to(massagedProviderMapKey);
    [javac]                                          ^
    [javac]   required: Key<? extends T>
    [javac]   found: Key
    [javac]   where T is a type-variable:
    [javac]     T extends Object declared in interface LinkedBindingBuilder
    [javac] /home/travis/build/google/guice/extensions/multibindings/src/com/google/inject/multibindings/MapBinder.java:395: warning: [unchecked] unchecked conversion
    [javac]       binder.bind(javaxProviderMapKey).to(massagedProviderMapKey);
    [javac]                                           ^
    [javac]   required: Key<? extends T>
    [javac]   found:    Key
    [javac]   where T is a type-variable:
    [javac]     T extends Object declared in interface LinkedBindingBuilder
    [javac] /home/travis/build/google/guice/extensions/multibindings/src/com/google/inject/multibindings/MapBinder.java:797: warning: [rawtypes] found raw type: Entry
    [javac]            Map.Entry o = (Map.Entry)obj;
    [javac]               ^
    [javac]   missing type arguments for generic class Entry<K,V>
    [javac]   where K,V are type-variables:
    [javac]     K extends Object declared in interface Entry
    [javac]     V extends Object declared in interface Entry
    [javac] /home/travis/build/google/guice/extensions/multibindings/src/com/google/inject/multibindings/OptionalBinder.java:305: warning: [rawtypes] found raw type: Key
    [javac]     private final Key javaOptionalKey;
    [javac]                   ^
    [javac]   missing type arguments for generic class Key<T>
    [javac]   where T is a type-variable:
    [javac]     T extends Object declared in class Key
    [javac] /home/travis/build/google/guice/extensions/multibindings/src/com/google/inject/multibindings/OptionalBinder.java:306: warning: [rawtypes] found raw type: Key
    [javac]     private final Key javaOptionalJavaxProviderKey;
    [javac]                   ^
    [javac]   missing type arguments for generic class Key<T>
    [javac]   where T is a type-variable:
    [javac]     T extends Object declared in class Key
    [javac] /home/travis/build/google/guice/extensions/multibindings/src/com/google/inject/multibindings/OptionalBinder.java:307: warning: [rawtypes] found raw type: Key
    [javac]     private final Key javaOptionalProviderKey;
    [javac]                   ^
    [javac]   missing type arguments for generic class Key<T>
    [javac]   where T is a type-variable:
    [javac]     T extends Object declared in class Key
    [javac] /home/travis/build/google/guice/extensions/multibindings/src/com/google/inject/multibindings/OptionalBinder.java:385: warning: [rawtypes] found raw type: Key
    [javac]       Key massagedOptionalProviderKey = (Key) optionalProviderKey;
    [javac]       ^
    [javac]   missing type arguments for generic class Key<T>
    [javac]   where T is a type-variable:
    [javac]     T extends Object declared in class Key
    [javac] /home/travis/build/google/guice/extensions/multibindings/src/com/google/inject/multibindings/OptionalBinder.java:386: warning: [unchecked] unchecked method invocation: method to in interface LinkedBindingBuilder is applied to given types
    [javac]       binder.bind(optionalJavaxProviderKey).to(massagedOptionalProviderKey);
    [javac]                                               ^
    [javac]   required: Key<? extends T>
    [javac]   found: Key
    [javac]   where T is a type-variable:
    [javac]     T extends Object declared in interface LinkedBindingBuilder
    [javac] /home/travis/build/google/guice/extensions/multibindings/src/com/google/inject/multibindings/OptionalBinder.java:386: warning: [unchecked] unchecked conversion
    [javac]       binder.bind(optionalJavaxProviderKey).to(massagedOptionalProviderKey);
    [javac]                                                ^
    [javac]   required: Key<? extends T>
    [javac]   found:    Key
    [javac]   where T is a type-variable:
    [javac]     T extends Object declared in interface LinkedBindingBuilder
    [javac] 19 warnings
    [javac] Creating empty /home/travis/build/google/guice/extensions/multibindings/build/classes/com/google/inject/multibindings/package-info.class

manifest:
  [bndwrap] classes 57 0
    [unjar] Expanding: /home/travis/build/google/guice/extensions/multibindings/build/classes.bar into /home/travis/build/google/guice/extensions/multibindings/build

jar:
      [jar] Building jar: /home/travis/build/google/guice/extensions/multibindings/build/guice-multibindings-snapshot.jar

distjars:

source.jar:
    [mkdir] Created dir: /home/travis/build/google/guice/extensions/dagger-adapter/build
      [zip] Building zip: /home/travis/build/google/guice/extensions/dagger-adapter/build/guice-dagger-adapter-snapshot-src.jar

compile:
    [mkdir] Created dir: /home/travis/build/google/guice/extensions/dagger-adapter/build/classes
    [javac] Compiling 2 source files to /home/travis/build/google/guice/extensions/dagger-adapter/build/classes
    [javac] warning: [options] bootstrap class path not set in conjunction with -source 1.6
    [javac] /home/travis/build/google/guice/extensions/dagger-adapter/src/com/google/inject/daggeradapter/DaggerMethodScanner.java:55: warning: [fallthrough] possible fall-through into case
    [javac]       case SET:
    [javac]       ^
    [javac] 2 warnings

manifest:
  [bndwrap] classes 5 0
    [unjar] Expanding: /home/travis/build/google/guice/extensions/dagger-adapter/build/classes.bar into /home/travis/build/google/guice/extensions/dagger-adapter/build

jar:
      [jar] Building jar: /home/travis/build/google/guice/extensions/dagger-adapter/build/guice-dagger-adapter-snapshot.jar

distjars:

source.jar:
    [mkdir] Created dir: /home/travis/build/google/guice/extensions/persist/build
      [zip] Building zip: /home/travis/build/google/guice/extensions/persist/build/guice-persist-snapshot-src.jar

compile:
    [mkdir] Created dir: /home/travis/build/google/guice/extensions/persist/build/classes
    [javac] Compiling 17 source files to /home/travis/build/google/guice/extensions/persist/build/classes
    [javac] warning: [options] bootstrap class path not set in conjunction with -source 1.6
    [javac] /home/travis/build/google/guice/extensions/persist/src/com/google/inject/persist/finder/Finder.java:50: warning: [rawtypes] found raw type: Collection
    [javac]   Class<? extends Collection> returnAs() default Collection.class;
    [javac]                   ^
    [javac]   missing type arguments for generic class Collection<E>
    [javac]   where E is a type-variable:
    [javac]     E extends Object declared in interface Collection
    [javac] /home/travis/build/google/guice/extensions/persist/src/com/google/inject/persist/jpa/JpaFinderProxy.java:86: warning: [rawtypes] found raw type: List
    [javac]       List results) {
    [javac]       ^
    [javac]   missing type arguments for generic class List<E>
    [javac]   where E is a type-variable:
    [javac]     E extends Object declared in interface List
    [javac] /home/travis/build/google/guice/extensions/persist/src/com/google/inject/persist/jpa/JpaFinderProxy.java:104: warning: [unchecked] unchecked method invocation: method addAll in interface Collection is applied to given types
    [javac]     collection.addAll(results);
    [javac]                      ^
    [javac]   required: Collection<? extends E>
    [javac]   found: List
    [javac]   where E is a type-variable:
    [javac]     E extends Object declared in interface Collection
    [javac] /home/travis/build/google/guice/extensions/persist/src/com/google/inject/persist/jpa/JpaFinderProxy.java:104: warning: [unchecked] unchecked conversion
    [javac]     collection.addAll(results);
    [javac]                       ^
    [javac]   required: Collection<? extends E>
    [javac]   found:    List
    [javac]   where E is a type-variable:
    [javac]     E extends Object declared in interface Collection
    [javac] /home/travis/build/google/guice/extensions/persist/src/com/google/inject/persist/jpa/JpaFinderProxy.java:250: warning: [rawtypes] found raw type: Collection
    [javac]     volatile Class<? extends Collection> returnCollectionType;
    [javac]                              ^
    [javac]   missing type arguments for generic class Collection<E>
    [javac]   where E is a type-variable:
    [javac]     E extends Object declared in interface Collection
    [javac] /home/travis/build/google/guice/extensions/persist/src/com/google/inject/persist/jpa/JpaFinderProxy.java:251: warning: [rawtypes] found raw type: Constructor
    [javac]     volatile Constructor returnCollectionTypeConstructor;
    [javac]              ^
    [javac]   missing type arguments for generic class Constructor<T>
    [javac]   where T is a type-variable:
    [javac]     T extends Object declared in class Constructor
    [javac] 7 warnings
    [javac] Creating empty /home/travis/build/google/guice/extensions/persist/build/classes/com/google/inject/persist/jpa/package-info.class
    [javac] Creating empty /home/travis/build/google/guice/extensions/persist/build/classes/com/google/inject/persist/package-info.class
    [javac] Creating empty /home/travis/build/google/guice/extensions/persist/build/classes/com/google/inject/persist/finder/package-info.class

manifest:
  [bndwrap] classes 25 0
    [unjar] Expanding: /home/travis/build/google/guice/extensions/persist/build/classes.bar into /home/travis/build/google/guice/extensions/persist/build

jar:
      [jar] Building jar: /home/travis/build/google/guice/extensions/persist/build/guice-persist-snapshot.jar

distjars:

source.jar:
    [mkdir] Created dir: /home/travis/build/google/guice/extensions/grapher/build
      [zip] Building zip: /home/travis/build/google/guice/extensions/grapher/build/guice-grapher-snapshot-src.jar

compile:
    [mkdir] Created dir: /home/travis/build/google/guice/extensions/grapher/build/classes
    [javac] Compiling 34 source files to /home/travis/build/google/guice/extensions/grapher/build/classes
    [javac] warning: [options] bootstrap class path not set in conjunction with -source 1.6
    [javac] 1 warning

manifest:
  [bndwrap] classes 42 0
    [unjar] Expanding: /home/travis/build/google/guice/extensions/grapher/build/classes.bar into /home/travis/build/google/guice/extensions/grapher/build

jar:
      [jar] Building jar: /home/travis/build/google/guice/extensions/grapher/build/guice-grapher-snapshot.jar

distjars:

source.jar:
    [mkdir] Created dir: /home/travis/build/google/guice/extensions/testlib/build
      [zip] Building zip: /home/travis/build/google/guice/extensions/testlib/build/guice-testlib-snapshot-src.jar

compile:
    [mkdir] Created dir: /home/travis/build/google/guice/extensions/testlib/build/classes
    [javac] Compiling 2 source files to /home/travis/build/google/guice/extensions/testlib/build/classes
    [javac] warning: [options] bootstrap class path not set in conjunction with -source 1.6
    [javac] 1 warning

manifest:
  [bndwrap] classes 5 0
    [unjar] Expanding: /home/travis/build/google/guice/extensions/testlib/build/classes.bar into /home/travis/build/google/guice/extensions/testlib/build

jar:
      [jar] Building jar: /home/travis/build/google/guice/extensions/testlib/build/guice-testlib-snapshot.jar

distjars:
     [copy] Copying 2 files to /home/travis/build/google/guice/build/dist
     [copy] Copying 2 files to /home/travis/build/google/guice/build/dist
     [copy] Copying 2 files to /home/travis/build/google/guice/build/dist
     [copy] Copying 2 files to /home/travis/build/google/guice/build/dist
     [copy] Copying 2 files to /home/travis/build/google/guice/build/dist
     [copy] Copying 2 files to /home/travis/build/google/guice/build/dist
     [copy] Copying 2 files to /home/travis/build/google/guice/build/dist
     [copy] Copying 2 files to /home/travis/build/google/guice/build/dist
     [copy] Copying 2 files to /home/travis/build/google/guice/build/dist
     [copy] Copying 2 files to /home/travis/build/google/guice/build/dist
     [copy] Copying 2 files to /home/travis/build/google/guice/build/dist
     [copy] Copying 2 files to /home/travis/build/google/guice/build/dist
     [copy] Copying 1 file to /home/travis/build/google/guice/build/dist
     [copy] Copying 3 files to /home/travis/build/google/guice/build/dist
      [zip] Building zip: /home/travis/build/google/guice/build/guice-snapshot.zip
      [zip] Building zip: /home/travis/build/google/guice/build/guice-snapshot-src.zip

test.dist:

compile:

jar.withdeps:
   [jarjar] Building jar: /home/travis/build/google/guice/build/guice-with-deps.jar

manifest:
  [bndwrap] classes 355 451587
    [unjar] Expanding: /home/travis/build/google/guice/build/classes.bar into /home/travis/build/google/guice/build

jar:
      [jar] Building jar: /home/travis/build/google/guice/build/dist/guice-snapshot.jar

test.compile:
    [mkdir] Created dir: /home/travis/build/google/guice/build/test
    [javac] Compiling 87 source files to /home/travis/build/google/guice/build/test
    [javac] warning: [options] bootstrap class path not set in conjunction with -source 1.6
    [javac] Note: Some input files use or override a deprecated API.
    [javac] Note: Recompile with -Xlint:deprecation for details.
    [javac] Note: Some input files use unchecked or unsafe operations.
    [javac] Note: Recompile with -Xlint:unchecked for details.
    [javac] 1 warning

test.withdeps:
   [jarjar] Building jar: /home/travis/build/google/guice/build/guice-snapshot-tests.jar

test.dist.run:
    [junit] Apr 28, 2015 6:36:59 PM com.google.inject.spi.InjectionPoint getInjectionPoints
    [junit] WARNING: Method: void org.atinject.tck.auto.accessories.SpareTire.injectPackagePrivateMethod3() is not annotated with @Inject but is overriding a method that is annotated with @javax.inject.Inject.  Because it is not annotated with @Inject, the method will not be injected. To fix this, annotate the method with @Inject.
    [junit] Apr 28, 2015 6:36:59 PM com.google.inject.spi.InjectionPoint getInjectionPoints
    [junit] WARNING: Method: protected void org.atinject.tck.auto.accessories.SpareTire.injectProtectedMethodForOverride() is not annotated with @Inject but is overriding a method that is annotated with @javax.inject.Inject.  Because it is not annotated with @Inject, the method will not be injected. To fix this, annotate the method with @Inject.
    [junit] Apr 28, 2015 6:36:59 PM com.google.inject.spi.InjectionPoint getInjectionPoints
    [junit] WARNING: Method: public void org.atinject.tck.auto.accessories.SpareTire.injectPublicMethodForOverride() is not annotated with @Inject but is overriding a method that is annotated with @javax.inject.Inject.  Because it is not annotated with @Inject, the method will not be injected. To fix this, annotate the method with @Inject.
    [junit] Apr 28, 2015 6:36:59 PM com.google.inject.spi.InjectionPoint getInjectionPoints
    [junit] WARNING: Method: public void org.atinject.tck.auto.GasEngine.injectTwiceOverriddenWithOmissionInMiddle() is not annotated with @Inject but is overriding a method that is annotated with @javax.inject.Inject.  Because it is not annotated with @Inject, the method will not be injected. To fix this, annotate the method with @Inject.
    [junit] Apr 28, 2015 6:36:59 PM com.google.inject.spi.InjectionPoint getInjectionPoints
    [junit] WARNING: Method: void org.atinject.tck.auto.V8Engine.injectPackagePrivateMethodForOverride() is not annotated with @Inject but is overriding a method that is annotated with @javax.inject.Inject.  Because it is not annotated with @Inject, the method will not be injected. To fix this, annotate the method with @Inject.
    [junit] Apr 28, 2015 6:36:59 PM com.google.inject.spi.InjectionPoint getInjectionPoints
    [junit] WARNING: Method: public void org.atinject.tck.auto.V8Engine.injectQualifiers(org.atinject.tck.auto.Seat,org.atinject.tck.auto.Seat,org.atinject.tck.auto.Tire,org.atinject.tck.auto.Tire) is not annotated with @Inject but is overriding a method that is annotated with @javax.inject.Inject.  Because it is not annotated with @Inject, the method will not be injected. To fix this, annotate the method with @Inject.
    [junit] Apr 28, 2015 6:36:59 PM com.google.inject.spi.InjectionPoint getInjectionPoints
    [junit] WARNING: Method: public void org.atinject.tck.auto.V8Engine.injectTwiceOverriddenWithOmissionInSubclass() is not annotated with @Inject but is overriding a method that is annotated with @javax.inject.Inject.  Because it is not annotated with @Inject, the method will not be injected. To fix this, annotate the method with @Inject.
    [junit] .........................................
    [junit] ........................................com.google.inject.CreationException: Unable to create injector, see the following errors:
    [junit] 
    [junit] 1) A binding to com.google.inject.BinderTest$HasImplementedBy1 was already configured at com.google.inject.BinderTest$19.configure(BinderTest.java:347).
    [junit]   at com.google.inject.BinderTest$19.configure(BinderTest.java:346)
    [junit] 
    [junit] 1 error
    [junit] 	at com.google.inject.internal.Errors.throwCreationExceptionIfErrorsExist(Errors.java:466)
    [junit] 	at com.google.inject.internal.InternalInjectorCreator.initializeStatically(InternalInjectorCreator.java:155)
    [junit] 	at com.google.inject.internal.InternalInjectorCreator.build(InternalInjectorCreator.java:107)
    [junit] 	at com.google.inject.Guice.createInjector(Guice.java:99)
    [junit] 	at com.google.inject.Guice.createInjector(Guice.java:73)
    [junit] 	at com.google.inject.Guice.createInjector(Guice.java:62)
    [junit] 	at com.google.inject.BinderTest.testSettingAtImplementedByTwice(BinderTest.java:343)
    [junit] 	at sun.reflect.NativeMethodAccessorImpl.invoke0(Native Method)
    [junit] 	at sun.reflect.NativeMethodAccessorImpl.invoke(NativeMethodAccessorImpl.java:62)
    [junit] 	at sun.reflect.DelegatingMethodAccessorImpl.invoke(DelegatingMethodAccessorImpl.java:43)
    [junit] 	at java.lang.reflect.Method.invoke(Method.java:483)
    [junit] 	at junit.framework.TestCase.runTest(TestCase.java:154)
    [junit] 	at junit.framework.TestCase.runBare(TestCase.java:127)
    [junit] 	at junit.framework.TestResult$1.protect(TestResult.java:106)
    [junit] 	at junit.framework.TestResult.runProtected(TestResult.java:124)
    [junit] 	at junit.framework.TestResult.run(TestResult.java:109)
    [junit] 	at junit.framework.TestCase.run(TestCase.java:118)
    [junit] 	at junit.framework.TestSuite.runTest(TestSuite.java:208)
    [junit] 	at junit.framework.TestSuite.run(TestSuite.java:203)
    [junit] 	at junit.framework.TestSuite.runTest(TestSuite.java:208)
    [junit] 	at junit.framework.TestSuite.run(TestSuite.java:203)
    [junit] 	at junit.textui.TestRunner.doRun(TestRunner.java:116)
    [junit] 	at junit.textui.TestRunner.start(TestRunner.java:172)
    [junit] 	at junit.textui.TestRunner.main(TestRunner.java:138)
    [junit] Apr 28, 2015 6:37:00 PM com.google.inject.internal.MessageProcessor visit
    [junit] INFO: An exception was caught and reported. Message: java.lang.IllegalArgumentException
    [junit] java.lang.IllegalArgumentException
    [junit] 	at com.google.inject.BinderTest$24.configure(BinderTest.java:450)
    [junit] 	at com.google.inject.AbstractModule.configure(AbstractModule.java:62)
    [junit] 	at com.google.inject.spi.Elements$RecordingBinder.install(Elements.java:340)
    [junit] 	at com.google.inject.spi.Elements.getElements(Elements.java:110)
    [junit] 	at com.google.inject.internal.InjectorShell$Builder.build(InjectorShell.java:138)
    [junit] 	at com.google.inject.internal.InternalInjectorCreator.build(InternalInjectorCreator.java:104)
    [junit] 	at com.google.inject.Guice.createInjector(Guice.java:99)
    [junit] 	at com.google.inject.Guice.createInjector(Guice.java:73)
    [junit] 	at com.google.inject.Guice.createInjector(Guice.java:62)
    [junit] 	at com.google.inject.BinderTest.testUserReportedErrorsAreAlsoLogged(BinderTest.java:447)
    [junit] 	at sun.reflect.NativeMethodAccessorImpl.invoke0(Native Method)
    [junit] 	at sun.reflect.NativeMethodAccessorImpl.invoke(NativeMethodAccessorImpl.java:62)
    [junit] 	at sun.reflect.DelegatingMethodAccessorImpl.invoke(DelegatingMethodAccessorImpl.java:43)
    [junit] 	at java.lang.reflect.Method.invoke(Method.java:483)
    [junit] 	at junit.framework.TestCase.runTest(TestCase.java:154)
    [junit] 	at junit.framework.TestCase.runBare(TestCase.java:127)
    [junit] 	at junit.framework.TestResult$1.protect(TestResult.java:106)
    [junit] 	at junit.framework.TestResult.runProtected(TestResult.java:124)
    [junit] 	at junit.framework.TestResult.run(TestResult.java:109)
    [junit] 	at junit.framework.TestCase.run(TestCase.java:118)
    [junit] 	at junit.framework.TestSuite.runTest(TestSuite.java:208)
    [junit] 	at junit.framework.TestSuite.run(TestSuite.java:203)
    [junit] 	at junit.framework.TestSuite.runTest(TestSuite.java:208)
    [junit] 	at junit.framework.TestSuite.run(TestSuite.java:203)
    [junit] 	at junit.textui.TestRunner.doRun(TestRunner.java:116)
    [junit] 	at junit.textui.TestRunner.start(TestRunner.java:172)
    [junit] 	at junit.textui.TestRunner.main(TestRunner.java:138)
    [junit] 
    [junit] .
    [junit] .........................................
    [junit] .........................................
    [junit] .........................................
    [junit] .........................................
    [junit] .........................................
    [junit] .........................................
    [junit] .........................................
    [junit] ...............Apr 28, 2015 6:37:03 PM com.google.inject.internal.MessageProcessor visit
    [junit] INFO: An exception was caught and reported. Message: java.lang.IllegalStateException: Failing in the scanner.
    [junit] java.lang.IllegalStateException: Failing in the scanner.
    [junit] 	at com.google.inject.spi.ModuleAnnotatedMethodScannerTest$FailingScanner.prepareMethod(ModuleAnnotatedMethodScannerTest.java:205)
    [junit] 	at com.google.inject.internal.ProviderMethodsModule.createProviderMethod(ProviderMethodsModule.java:266)
    [junit] 	at com.google.inject.internal.ProviderMethodsModule.getProviderMethods(ProviderMethodsModule.java:144)
    [junit] 	at com.google.inject.internal.ProviderMethodsModule.configure(ProviderMethodsModule.java:123)
    [junit] 	at com.google.inject.spi.Elements$RecordingBinder.install(Elements.java:340)
    [junit] 	at com.google.inject.spi.Elements$RecordingBinder.scanForAnnotatedMethods(Elements.java:295)
    [junit] 	at com.google.inject.spi.Elements.getElements(Elements.java:112)
    [junit] 	at com.google.inject.internal.InjectorShell$Builder.build(InjectorShell.java:138)
    [junit] 	at com.google.inject.internal.InternalInjectorCreator.build(InternalInjectorCreator.java:104)
    [junit] 	at com.google.inject.Guice.createInjector(Guice.java:99)
    [junit] 	at com.google.inject.Guice.createInjector(Guice.java:73)
    [junit] 	at com.google.inject.Guice.createInjector(Guice.java:62)
    [junit] 	at com.google.inject.spi.ModuleAnnotatedMethodScannerTest.testFailingScanner(ModuleAnnotatedMethodScannerTest.java:174)
    [junit] 	at sun.reflect.NativeMethodAccessorImpl.invoke0(Native Method)
    [junit] 	at sun.reflect.NativeMethodAccessorImpl.invoke(NativeMethodAccessorImpl.java:62)
    [junit] 	at sun.reflect.DelegatingMethodAccessorImpl.invoke(DelegatingMethodAccessorImpl.java:43)
    [junit] 	at java.lang.reflect.Method.invoke(Method.java:483)
    [junit] 	at junit.framework.TestCase.runTest(TestCase.java:154)
    [junit] 	at junit.framework.TestCase.runBare(TestCase.java:127)
    [junit] 	at junit.framework.TestResult$1.protect(TestResult.java:106)
    [junit] 	at junit.framework.TestResult.runProtected(TestResult.java:124)
    [junit] 	at junit.framework.TestResult.run(TestResult.java:109)
    [junit] 	at junit.framework.TestCase.run(TestCase.java:118)
    [junit] 	at junit.framework.TestSuite.runTest(TestSuite.java:208)
    [junit] 	at junit.framework.TestSuite.run(TestSuite.java:203)
    [junit] 	at junit.framework.TestSuite.runTest(TestSuite.java:208)
    [junit] 	at junit.framework.TestSuite.run(TestSuite.java:203)
    [junit] 	at junit.textui.TestRunner.doRun(TestRunner.java:116)
    [junit] 	at junit.textui.TestRunner.start(TestRunner.java:172)
    [junit] 	at junit.textui.TestRunner.main(TestRunner.java:138)
    [junit] 
    [junit] ..........................
    [junit] .........................................
    [junit] .........................................
    [junit] .........................................
    [junit] .........................................
    [junit] .........................................
    [junit] .........................................
    [junit] .........................................
    [junit] .........................................
    [junit] .............Apr 28, 2015 6:37:09 PM com.google.inject.spi.InjectionPoint getInjectionPoints
    [junit] WARNING: Method: public void com.google.inject.spi.InjectionPointTest$Sub.atInject() is not annotated with @Inject but is overriding a method that is annotated with @javax.inject.Inject.  Because it is not annotated with @Inject, the method will not be injected. To fix this, annotate the method with @Inject.
    [junit] Apr 28, 2015 6:37:09 PM com.google.inject.spi.InjectionPoint getInjectionPoints
    [junit] WARNING: Method: public void com.google.inject.spi.InjectionPointTest$Sub.atInject() is not annotated with @Inject but is overriding a method that is annotated with @javax.inject.Inject.  Because it is not annotated with @Inject, the method will not be injected. To fix this, annotate the method with @Inject.
    [junit] Apr 28, 2015 6:37:09 PM com.google.inject.spi.InjectionPoint getInjectionPoints
    [junit] WARNING: Method: public void com.google.inject.spi.InjectionPointTest$SubSub.privateGAndPublicAt() is not annotated with @Inject but is overriding a method that is annotated with @javax.inject.Inject.  Because it is not annotated with @Inject, the method will not be injected. To fix this, annotate the method with @Inject.
    [junit] ............................
    [junit] .........................................
    [junit] .........................................
    [junit] .............aopalliance.jar 9 4568
    [junit] javax.inject.jar 6 2838
    [junit] Should not skip: ^
    [junit] Should not skip: ^
    [junit] Should not skip: ^
    [junit] Should not skip: ^
    [junit] Should not skip: ^
    [junit] Should not skip: ^
    [junit] Should not skip: ^
    [junit] Should not skip: ^
    [junit] Should not skip: ^
    [junit] Should not skip: ^
    [junit] Should not skip: ^
    [junit] guava.jar 1675 2199476
    [junit] osgitests.jar 28 20586
    [junit] ..............
    [junit] Time: 14.365
    [junit] 
    [junit] OK (888 tests)
    [junit] 

compile:

jar.withdeps:
   [jarjar] Building jar: /home/travis/build/google/guice/build/guice-with-deps.jar

manifest:
  [bndwrap] classes 355 451587
    [unjar] Expanding: /home/travis/build/google/guice/build/classes.bar into /home/travis/build/google/guice/build

jar:
      [jar] Building jar: /home/travis/build/google/guice/build/dist/guice-snapshot.jar

test.compile:

test.withdeps:
   [jarjar] Building jar: /home/travis/build/google/guice/build/guice-snapshot-tests.jar

test.dist.run:
    [junit] Apr 28, 2015 6:37:29 PM com.google.inject.spi.InjectionPoint getInjectionPoints
    [junit] WARNING: Method: void org.atinject.tck.auto.accessories.SpareTire.injectPackagePrivateMethod3() is not annotated with @Inject but is overriding a method that is annotated with @javax.inject.Inject.  Because it is not annotated with @Inject, the method will not be injected. To fix this, annotate the method with @Inject.
    [junit] Apr 28, 2015 6:37:29 PM com.google.inject.spi.InjectionPoint getInjectionPoints
    [junit] WARNING: Method: protected void org.atinject.tck.auto.accessories.SpareTire.injectProtectedMethodForOverride() is not annotated with @Inject but is overriding a method that is annotated with @javax.inject.Inject.  Because it is not annotated with @Inject, the method will not be injected. To fix this, annotate the method with @Inject.
    [junit] Apr 28, 2015 6:37:29 PM com.google.inject.spi.InjectionPoint getInjectionPoints
    [junit] WARNING: Method: public void org.atinject.tck.auto.accessories.SpareTire.injectPublicMethodForOverride() is not annotated with @Inject but is overriding a method that is annotated with @javax.inject.Inject.  Because it is not annotated with @Inject, the method will not be injected. To fix this, annotate the method with @Inject.
    [junit] Apr 28, 2015 6:37:29 PM com.google.inject.spi.InjectionPoint getInjectionPoints
    [junit] WARNING: Method: public void org.atinject.tck.auto.GasEngine.injectTwiceOverriddenWithOmissionInMiddle() is not annotated with @Inject but is overriding a method that is annotated with @javax.inject.Inject.  Because it is not annotated with @Inject, the method will not be injected. To fix this, annotate the method with @Inject.
    [junit] Apr 28, 2015 6:37:29 PM com.google.inject.spi.InjectionPoint getInjectionPoints
    [junit] WARNING: Method: void org.atinject.tck.auto.V8Engine.injectPackagePrivateMethodForOverride() is not annotated with @Inject but is overriding a method that is annotated with @javax.inject.Inject.  Because it is not annotated with @Inject, the method will not be injected. To fix this, annotate the method with @Inject.
    [junit] Apr 28, 2015 6:37:29 PM com.google.inject.spi.InjectionPoint getInjectionPoints
    [junit] WARNING: Method: public void org.atinject.tck.auto.V8Engine.injectQualifiers(org.atinject.tck.auto.Seat,org.atinject.tck.auto.Seat,org.atinject.tck.auto.Tire,org.atinject.tck.auto.Tire) is not annotated with @Inject but is overriding a method that is annotated with @javax.inject.Inject.  Because it is not annotated with @Inject, the method will not be injected. To fix this, annotate the method with @Inject.
    [junit] Apr 28, 2015 6:37:29 PM com.google.inject.spi.InjectionPoint getInjectionPoints
    [junit] WARNING: Method: public void org.atinject.tck.auto.V8Engine.injectTwiceOverriddenWithOmissionInSubclass() is not annotated with @Inject but is overriding a method that is annotated with @javax.inject.Inject.  Because it is not annotated with @Inject, the method will not be injected. To fix this, annotate the method with @Inject.
    [junit] .........................................
    [junit] ..............................com.google.inject.CreationException: Unable to create injector, see the following errors:
    [junit] 
    [junit] 1) A binding to com.google.inject.BinderTest$HasImplementedBy1 was already configured at com.google.inject.BinderTest$19.configure(Unknown Source).
    [junit]   at com.google.inject.BinderTest$19.configure(Unknown Source)
    [junit] 
    [junit] 1 error
    [junit] 	at com.google.inject.internal.Errors.throwCreationExceptionIfErrorsExist(Errors.java:466)
    [junit] 	at com.google.inject.internal.InternalInjectorCreator.initializeStatically(InternalInjectorCreator.java:155)
    [junit] 	at com.google.inject.internal.InternalInjectorCreator.build(InternalInjectorCreator.java:107)
    [junit] 	at com.google.inject.Guice.createInjector(Guice.java:99)
    [junit] 	at com.google.inject.Guice.createInjector(Guice.java:73)
    [junit] 	at com.google.inject.Guice.createInjector(Guice.java:62)
    [junit] 	at com.google.inject.BinderTest.testSettingAtImplementedByTwice(BinderTest.java:343)
    [junit] 	at sun.reflect.NativeMethodAccessorImpl.invoke0(Native Method)
    [junit] 	at sun.reflect.NativeMethodAccessorImpl.invoke(NativeMethodAccessorImpl.java:62)
    [junit] 	at sun.reflect.DelegatingMethodAccessorImpl.invoke(DelegatingMethodAccessorImpl.java:43)
    [junit] 	at java.lang.reflect.Method.invoke(Method.java:483)
    [junit] 	at junit.framework.TestCase.runTest(TestCase.java:154)
    [junit] 	at junit.framework.TestCase.runBare(TestCase.java:127)
    [junit] 	at junit.framework.TestResult$1.protect(TestResult.java:106)
    [junit] 	at junit.framework.TestResult.runProtected(TestResult.java:124)
    [junit] 	at junit.framework.TestResult.run(TestResult.java:109)
    [junit] 	at junit.framework.TestCase.run(TestCase.java:118)
    [junit] 	at junit.framework.TestSuite.runTest(TestSuite.java:208)
    [junit] 	at junit.framework.TestSuite.run(TestSuite.java:203)
    [junit] 	at junit.framework.TestSuite.runTest(TestSuite.java:208)
    [junit] 	at junit.framework.TestSuite.run(TestSuite.java:203)
    [junit] 	at junit.textui.TestRunner.doRun(TestRunner.java:116)
    [junit] 	at junit.textui.TestRunner.start(TestRunner.java:172)
    [junit] 	at junit.textui.TestRunner.main(TestRunner.java:138)
    [junit] Apr 28, 2015 6:37:30 PM com.google.inject.internal.MessageProcessor visit
    [junit] INFO: An exception was caught and reported. Message: java.lang.IllegalArgumentException
    [junit] java.lang.IllegalArgumentException
    [junit] 	at com.google.inject.BinderTest$24.configure(BinderTest.java:450)
    [junit] 	at com.google.inject.AbstractModule.configure(AbstractModule.java:62)
    [junit] 	at com.google.inject.spi.Elements$RecordingBinder.install(Elements.java:340)
    [junit] 	at com.google.inject.spi.Elements.getElements(Elements.java:110)
    [junit] 	at com.google.inject.internal.InjectorShell$Builder.build(InjectorShell.java:138)
    [junit] 	at com.google.inject.internal.InternalInjectorCreator.build(InternalInjectorCreator.java:104)
    [junit] 	at com.google.inject.Guice.createInjector(Guice.java:99)
    [junit] 	at com.google.inject.Guice.createInjector(Guice.java:73)
    [junit] 	at com.google.inject.Guice.createInjector(Guice.java:62)
    [junit] 	at com.google.inject.BinderTest.testUserReportedErrorsAreAlsoLogged(BinderTest.java:447)
    [junit] 	at sun.reflect.NativeMethodAccessorImpl.invoke0(Native Method)
    [junit] 	at sun.reflect.NativeMethodAccessorImpl.invoke(NativeMethodAccessorImpl.java:62)
    [junit] 	at sun.reflect.DelegatingMethodAccessorImpl.invoke(DelegatingMethodAccessorImpl.java:43)
    [junit] 	at java.lang.reflect.Method.invoke(Method.java:483)
    [junit] 	at junit.framework.TestCase.runTest(TestCase.java:154)
    [junit] 	at junit.framework.TestCase.runBare(TestCa...........
    [junit] .se.java:127)
    [junit] 	at junit.framework.TestResult$1.protect(TestResult.java:106)
    [junit] 	at junit.framework.TestResult.runProtected(TestResult.java:124)
    [junit] 	at junit.framework.TestResult.run(TestResult.java:109)
    [junit] 	at junit.framework.TestCase.run(TestCase.java:118)
    [junit] 	at junit.framework.TestSuite.runTest(TestSuite.java:208)
    [junit] 	at junit.framework.TestSuite.run(TestSuite.java:203)
    [junit] 	at junit.framework.TestSuite.runTest(TestSuite.java:208)
    [junit] 	at junit.framework.TestSuite.run(TestSuite.java:203)
    [junit] 	at junit.textui.TestRunner.doRun(TestRunner.java:116)
    [junit] 	at junit.textui.TestRunner.start(TestRunner.java:172)
    [junit] 	at junit.textui.TestRunner.main(TestRunner.java:138)
    [junit] 
    [junit] ........................................
    [junit] .........................................
    [junit] .........................................
    [junit] .........................................
    [junit] .........................................
    [junit] .........................................
    [junit] .........................................
    [junit] .........Apr 28, 2015 6:37:33 PM com.google.inject.internal.MessageProcessor visit
    [junit] INFO: An exception was caught and reported. Message: java.lang.IllegalStateException: Failing in the scanner.
    [junit] java.lang.IllegalStateException: Failing in the scanner.
    [junit] 	at com.google.inject.spi.ModuleAnnotatedMethodScannerTest$FailingScanner.prepareMethod(ModuleAnnotatedMethodScannerTest.java:205)
    [junit] 	at com.google.inject.internal.ProviderMethodsModule.createProviderMethod(ProviderMethodsModule.java:266)
    [junit] 	at com.google.inject.internal.ProviderMethodsModule.getProviderMethods(ProviderMethodsModule.java:144)
    [junit] 	at com.google.inject.internal.ProviderMethodsModule.configure(ProviderMethodsModule.java:123)
    [junit] 	at com.google.inject.spi.Elements$RecordingBinder.install(Elements.java:340)
    [junit] 	at com.google.inject.spi.Elements$RecordingBinder.scanForAnnotatedMethods(Elements.java:295)
    [junit] 	at com.google.inject.spi.Elements.getElements(Elements.java:112)
    [junit] 	at com.google.inject.internal.InjectorShell$Builder.build(InjectorShell.java:138)
    [junit] 	at com.google.inject.internal.InternalInjectorCreator.build(InternalInjectorCreator.java:104)
    [junit] 	at com.google.inject.Guice.createInjector(Guice.java:99)
    [junit] 	at com.google.inject.Guice.createInjector(Guice.java:73)
    [junit] 	at com.google.inject.Guice.createInjector(Guice.java:62)
    [junit] 	at com.google.inject.spi.ModuleAnnotatedMethodScannerTest.testFailingScanner(ModuleAnnotatedMethodScannerTest.java:174)
    [junit] 	at sun.reflect.NativeMethodAccessorImpl.invoke0(Native Method)
    [junit] 	at sun.reflect.NativeMethodAccessorImpl.invoke(NativeMethodAccessorImpl.java:62)
    [junit] 	at sun.reflect.DelegatingMethodAccessorImpl.invoke(DelegatingMethodAccessorImpl.java:43)
    [junit] 	at java.lang.reflect.Method.invoke(Method.java:483)
    [junit] 	at junit.framework.TestCase.runTest(TestCase.java:154)
    [junit] 	at junit.framework.TestCase.runBare(TestCase.java:127)
    [junit] 	at junit.framework.TestResult$1.protect(TestResult.java:106)
    [junit] 	at junit.framework.TestResult.runProtected(TestResult.java:124)
    [junit] 	at junit.framework.TestResult.run(TestResult.java:109)
    [junit] 	at junit.framework.TestCase.run(TestCase.java:118)
    [junit] 	at junit.framework.TestSuite.runTest(TestSuite.java:208)
    [junit] 	at junit.framework.TestSuite.run(TestSuite.java:203)
    [junit] 	at junit.framework.TestSuite.runTest(TestSuite.java:208)
    [junit] 	at junit.framework.TestSuite.run(TestSuite.java:203)
    [junit] 	at junit.textui.TestRunner.doRun(TestRunner.java:116)
    [junit] 	at junit.textui.TestRunner.start(TestRunner.java:172)
    [junit] 	at junit.textui.TestRunner.main(TestRunner.java:138)
    [junit] 
    [junit] ................................
    [junit] .........................................
    [junit] .........................................
    [junit] .........................................
    [junit] .........................................
    [junit] .........................................
    [junit] .........................................
    [junit] .........................................
    [junit] .....................................Apr 28, 2015 6:37:40 PM com.google.inject.spi.InjectionPoint getInjectionPoints
    [junit] WARNING: Method: public void com.google.inject.spi.InjectionPointTest$Sub.atInject() is not annotated with @Inject but is overriding a method that is annotated with @javax.inject.Inject.  Because it is not annotated with @Inject, the method will not be injected. To fix this, annotate the method with @Inject.
    [junit] Apr 28, 2015 6:37:40 PM com.google.inject.spi.InjectionPoint getInjectionPoints
    [junit] WARNING: Method: public void com.google.inject.spi.InjectionPointTest$Sub.atInject() is not annotated with @Inject but is overriding a method that is annotated with @javax.inject.Inject.  Because it is not annotated with @Inject, the method will not be injected. To fix this, annotate the method with @Inject.
    [junit] Apr 28, 2015 6:37:40 PM com.google.inject.spi.InjectionPoint getInjectionPoints
    [junit] WARNING: Method: public void com.google.inject.spi.InjectionPointTest$SubSub.privateGAndPublicAt() is not annotated with @Inject but is overriding a method that is annotated with @javax.inject.Inject.  Because it is not annotated with @Inject, the method will not be injected. To fix this, annotate the method with @Inject.
    [junit] ....
    [junit] .........................................
    [junit] .........................................
    [junit] .........................................
    [junit] .............aopalliance.jar 9 4567
    [junit] javax.inject.jar 6 2839
    [junit] Should not skip: ^
    [junit] Should not skip: ^
    [junit] Should not skip: ^
    [junit] Should not skip: ^
    [junit] Should not skip: ^
    [junit] Should not skip: ^
    [junit] Should not skip: ^
    [junit] Should not skip: ^
    [junit] Should not skip: ^
    [junit] Should not skip: ^
    [junit] Should not skip: ^
    [junit] guava.jar 1675 2199476
    [junit] osgitests.jar 28 20586
    [junit] ..............
    [junit] Time: 16.419
    [junit] 
    [junit] OK (888 tests)
    [junit] 

compile:

jar.withdeps:
   [jarjar] Building jar: /home/travis/build/google/guice/build/guice-with-deps.jar

manifest:
  [bndwrap] classes 355 451587
    [unjar] Expanding: /home/travis/build/google/guice/build/classes.bar into /home/travis/build/google/guice/build

jar:
      [jar] Building jar: /home/travis/build/google/guice/build/dist/guice-snapshot.jar

test.compile:

test.withdeps:
   [jarjar] Building jar: /home/travis/build/google/guice/build/guice-snapshot-tests.jar

test.dist.run:
    [junit] Apr 28, 2015 6:38:02 PM com.google.inject.spi.InjectionPoint getInjectionPoints
    [junit] WARNING: Method: void org.atinject.tck.auto.accessories.SpareTire.injectPackagePrivateMethod3() is not annotated with @Inject but is overriding a method that is annotated with @javax.inject.Inject.  Because it is not annotated with @Inject, the method will not be injected. To fix this, annotate the method with @Inject.
    [junit] Apr 28, 2015 6:38:02 PM com.google.inject.spi.InjectionPoint getInjectionPoints
    [junit] WARNING: Method: protected void org.atinject.tck.auto.accessories.SpareTire.injectProtectedMethodForOverride() is not annotated with @Inject but is overriding a method that is annotated with @javax.inject.Inject.  Because it is not annotated with @Inject, the method will not be injected. To fix this, annotate the method with @Inject.
    [junit] Apr 28, 2015 6:38:02 PM com.google.inject.spi.InjectionPoint getInjectionPoints
    [junit] WARNING: Method: public void org.atinject.tck.auto.accessories.SpareTire.injectPublicMethodForOverride() is not annotated with @Inject but is overriding a method that is annotated with @javax.inject.Inject.  Because it is not annotated with @Inject, the method will not be injected. To fix this, annotate the method with @Inject.
    [junit] Apr 28, 2015 6:38:02 PM com.google.inject.spi.InjectionPoint getInjectionPoints
    [junit] WARNING: Method: public void org.atinject.tck.auto.GasEngine.injectTwiceOverriddenWithOmissionInMiddle() is not annotated with @Inject but is overriding a method that is annotated with @javax.inject.Inject.  Because it is not annotated with @Inject, the method will not be injected. To fix this, annotate the method with @Inject.
    [junit] Apr 28, 2015 6:38:02 PM com.google.inject.spi.InjectionPoint getInjectionPoints
    [junit] WARNING: Method: void org.atinject.tck.auto.V8Engine.injectPackagePrivateMethodForOverride() is not annotated with @Inject but is overriding a method that is annotated with @javax.inject.Inject.  Because it is not annotated with @Inject, the method will not be injected. To fix this, annotate the method with @Inject.
    [junit] Apr 28, 2015 6:38:02 PM com.google.inject.spi.InjectionPoint getInjectionPoints
    [junit] WARNING: Method: public void org.atinject.tck.auto.V8Engine.injectQualifiers(org.atinject.tck.auto.Seat,org.atinject.tck.auto.Seat,org.atinject.tck.auto.Tire,org.atinject.tck.auto.Tire) is not annotated with @Inject but is overriding a method that is annotated with @javax.inject.Inject.  Because it is not annotated with @Inject, the method will not be injected. To fix this, annotate the method with @Inject.
    [junit] Apr 28, 2015 6:38:02 PM com.google.inject.spi.InjectionPoint getInjectionPoints
    [junit] WARNING: Method: public void org.atinject.tck.auto.V8Engine.injectTwiceOverriddenWithOmissionInSubclass() is not annotated with @Inject but is overriding a method that is annotated with @javax.inject.Inject.  Because it is not annotated with @Inject, the method will not be injected. To fix this, annotate the method with @Inject.
    [junit] .........................................
    [junit] .........................................
    [junit] ..com.google.inject.CreationException: Unable to create injector, see the following errors:
    [junit] 
    [junit] 1) A binding to com.google.inject.BinderTest$HasImplementedBy1 was already configured at com.google.inject.BinderTest$19.configure(BinderTest.java:347).
    [junit]   at com.google.inject.BinderTest$19.configure(BinderTest.java:346)
    [junit] 
    [junit] 1 error
    [junit] 	at com.google.inject.internal.Errors.throwCreationExceptionIfErrorsExist(Errors.java:466)
    [junit] 	at com.google.inject.internal.InternalInjectorCreator.initializeStatically(InternalInjectorCreator.java:155)
    [junit] 	at com.google.inject.internal.InternalInjectorCreator.build(InternalInjectorCreator.java:107)
    [junit] 	at com.google.inject.Guice.createInjector(Guice.java:99)
    [junit] 	at com.google.inject.Guice.createInjector(Guice.java:73)
    [junit] 	at com.google.inject.Guice.createInjector(Guice.java:62)
    [junit] 	at com.google.inject.BinderTest.testSettingAtImplementedByTwice(BinderTest.java:343)
    [junit] 	at sun.reflect.NativeMethodAccessorImpl.invoke0(Native Method)
    [junit] 	at sun.reflect.NativeMethodAccessorImpl.invoke(NativeMethodAccessorImpl.java:62)
    [junit] 	at sun.reflect.DelegatingMethodAccessorImpl.invoke(DelegatingMethodAccessorImpl.java:43)
    [junit] 	at java.lang.reflect.Method.invoke(Method.java:483)
    [junit] 	at junit.framework.TestCase.runTest(TestCase.java:154)
    [junit] 	at junit.framework.TestCase.runBare(TestCase.java:127)
    [junit] 	at junit.framework.TestResult$1.protect(TestResult.java:106)
    [junit] 	at junit.framework.TestResult.runProtected(TestResult.java:124)
    [junit] 	at junit.framework.TestResult.run(TestResult.java:109)
    [junit] 	at junit.framework.TestCase.run(TestCase.java:118)
    [junit] 	at junit.framework.TestSuite.runTest(TestSuite.java:208)
    [junit] 	at junit.framework.TestSuite.run(TestSuite.java:203)
    [junit] 	at junit.framework.TestSuite.runTest(TestSuite.java:208)
    [junit] 	at junit.framework.TestSuite.run(TestSuite.java:203)
    [junit] 	at junit.textui.TestRunner.doRun(TestRunner.java:116)
    [junit] 	at junit.textui.TestRunner.start(TestRunner.java:172)
    [junit] 	at junit.textui.TestRunner.main(TestRunner.java:138)
    [junit] Apr 28, 2015 6:38:03 PM com.google.inject.internal.MessageProcessor visit
    [junit] INFO: An exception was caught and reported. Message: java.lang.IllegalArgumentException
    [junit] java.lang.IllegalArgumentException
    [junit] 	at com.google.inject.BinderTest$24.configure(BinderTest.java:450)
    [junit] 	at com.google.inject.AbstractModule.configure(AbstractModule.java:62)
    [junit] 	at com.google.inject.spi.Elements$RecordingBinder.install(Elements.java:340)
    [junit] 	at com.google.inject.spi.Elements.getElements(Elements.java:110)
    [junit] 	at com.google.inject.internal.InjectorShell$Builder.build(InjectorShell.java:138)
    [junit] 	at com.google.inject.internal.InternalInjectorCreator.build(InternalInjectorCreator.java:104)
    [junit] 	at com.google.inject.Guice.createInjector(Guice.java:99)
    [junit] 	at com.google.inject.Guice.createInjector(Guice.java:73)
    [junit] 	at com.google.inject.Guice.createInjector(Guice.java:62)
    [junit] 	at com.google.inject.BinderTest.testUserReportedErrorsAreAlsoLogged(BinderTest.java:447)
    [junit] 	at sun.reflect.NativeMethodAccessorImpl.invoke0(Native Method)
    [junit] 	at sun.reflect.NativeMethodAccessorImpl.invoke(NativeMethodAccessorImpl.java:62)
    [junit] 	at sun.reflect.DelegatingMethodAccessorImpl.invoke(DelegatingMethodAccessorImpl.java:43)
    [junit] 	at java.lang.reflect.Method.invoke(Method.java:483)
    [junit] 	at junit.framework.TestCase.runTest(TestCase.java:154)
    [junit] 	at junit.framework.TestCase.runBare(TestCase.java:127)
    [junit] 	at junit.framework.TestResult$1.protect(TestResult.java:106)
    [junit] 	at junit.framework.TestResult.runProtected(TestResult.java:124)
    [junit] 	at junit.framework.TestResult.run(TestResult.java:109)
    [junit] 	at junit.framework.TestCase.run(TestCase.java:118)
    [junit] 	at junit.framework.TestSuite.runTest(TestSuite.java:208)
    [junit] 	at junit.framework.TestSuite.run(TestSuite.java:203)
    [junit] 	at junit.framework.TestSuite.runTest(TestSuite.java:208)
    [junit] 	at junit.framework.TestSuite.run(TestSuite.java:203)
    [junit] 	at junit.textui.TestRunner.doRun(TestRunner.java:116)
    [junit] 	at junit.textui.TestRunner.start(TestRunner.java:172)
    [junit] 	at junit.textui.TestRunner.main(TestRunner.java:138)
    [junit] 
    [junit] .......................................
    [junit] .........................................
    [junit] .........................................
    [junit] .........................................
    [junit] .........................................
    [junit] .........................................
    [junit] .........................................
    [junit] ................Apr 28, 2015 6:38:06 PM com.google.inject.internal.MessageProcessor visit
    [junit] INFO: An exception was caught and reported. Message: java.lang.IllegalStateException: Failing in the scanner.
    [junit] java.lang.IllegalStateException: Failing in the scanner.
    [junit] 	at com.google.inject.spi.ModuleAnnotatedMethodScannerTest$FailingScanner.prepareMethod(ModuleAnnotatedMethodScannerTest.java:205)
    [junit] 	at com.google.inject.internal.ProviderMethodsModule.createProviderMethod(ProviderMethodsModule.java:266)
    [junit] 	at com.google.inject.internal.ProviderMethodsModule.getProviderMethods(ProviderMethodsModule.java:144)
    [junit] 	at com.google.inject.internal.ProviderMethodsModule.configure(ProviderMethodsModule.java:123)
    [junit] 	at com.google.inject.spi.Elements$RecordingBinder.install(Elements.java:340)
    [junit] 	at com.google.inject.spi.Elements$RecordingBinder.scanForAnnotatedMethods(Elements.java:295)
    [junit] 	at com.google.inject.spi.Elements.getElements(Elements.java:112)
    [junit] 	at com.google.inject.internal.InjectorShell$Builder.build(InjectorShell.java:138)
    [junit] 	at com.google.inject.internal.InternalInjectorCreator.build(InternalInjectorCreator.java:104)
    [junit] 	at com.google.inject.Guice.createInjector(Guice.java:99)
    [junit] 	at com.google.inject.Guice.createInjector(Guice.java:73)
    [junit] 	at com.google.inject.Guice.createInjector(Guice.java:62)
    [junit] 	at com.google.inject.spi.ModuleAnnotatedMethodScannerTest.testFailingScanner(ModuleAnnotatedMethodScannerTest.java:174)
    [junit] 	at sun.reflect.NativeMethodAccessorImpl.invoke0(Native Method)
    [junit] 	at sun.reflect.NativeMethodAccessorImpl.invoke(NativeMethodAccessorImpl.java:62)
    [junit] 	at sun.reflect.DelegatingMethodAccessorImpl.invoke(DelegatingMethodAccessorImpl.java:43)
    [junit] 	at java.lang.reflect.Method.invoke(Method.java:483)
    [junit] 	at junit.framework.TestCase.runTest(TestCase.java:154)
    [junit] 	at junit.framework.TestCase.runBare(TestCase.java:127)
    [junit] 	at junit.framework.TestResult$1.protect(TestResult.java:106)
    [junit] 	at junit.framework.TestResult.runProtected(TestResult.java:124)
    [junit] 	at junit.framework.TestResult.run(TestResult.java:109)
    [junit] 	at junit.framework.TestCase.run(TestCase.java:118)
    [junit] 	at junit.framework.TestSuite.runTest(TestSuite.java:208)
    [junit] 	at junit.framework.TestSuite.run(TestSuite.java:203)
    [junit] 	at junit.framework.TestSuite.runTest(TestSuite.java:208)
    [junit] 	at junit.framework.TestSuite.run(TestSuite.java:203)
    [junit] 	at junit.textui.TestRunner.doRun(TestRunner.java:116)
    [junit] 	at junit.textui.TestRunner.start(TestRunner.java:172)
    [junit] 	at junit.textui.TestRunner.main(TestRunner.java:138)
    [junit] 
    [junit] .........................
    [junit] .........................................
    [junit] .........................................
    [junit] .........................................
    [junit] .........................................
    [junit] .........................................
    [junit] .........................................
    [junit] .........................................
    [junit] .........................................
    [junit] ................Apr 28, 2015 6:38:13 PM com.google.inject.spi.InjectionPoint getInjectionPoints
    [junit] WARNING: Method: public void com.google.inject.spi.InjectionPointTest$Sub.atInject() is not annotated with @Inject but is overriding a method that is annotated with @javax.inject.Inject.  Because it is not annotated with @Inject, the method will not be injected. To fix this, annotate the method with @Inject.
    [junit] Apr 28, 2015 6:38:13 PM com.google.inject.spi.InjectionPoint getInjectionPoints
    [junit] WARNING: Method: public void com.google.inject.spi.InjectionPointTest$Sub.atInject() is not annotated with @Inject but is overriding a method that is annotated with @javax.inject.Inject.  Because it is not annotated with @Inject, the method will not be injected. To fix this, annotate the method with @Inject.
    [junit] Apr 28, 2015 6:38:13 PM com.google.inject.spi.InjectionPoint getInjectionPoints
    [junit] WARNING: Method: public void com.google.inject.spi.InjectionPointTest$SubSub.privateGAndPublicAt() is not annotated with @Inject but is overriding a method that is annotated with @javax.inject.Inject.  Because it is not annotated with @Inject, the method will not be injected. To fix this, annotate the method with @Inject.
    [junit] .........................
    [junit] .........................................
    [junit] .........................................
    [junit] .............aopalliance.jar 9 4569
    [junit] javax.inject.jar 6 2839
    [junit] Should not skip: ^
    [junit] Should not skip: ^
    [junit] Should not skip: ^
    [junit] Should not skip: ^
    [junit] Should not skip: ^
    [junit] Should not skip: ^
    [junit] Should not skip: ^
    [junit] Should not skip: ^
    [junit] Should not skip: ^
    [junit] Should not skip: ^
    [junit] Should not skip: ^
    [junit] guava.jar 1675 2199477
    [junit] osgitests.jar 28 20586
    [junit] ..............
    [junit] Time: 16.978
    [junit] 
    [junit] OK (888 tests)
    [junit] 

BUILD SUCCESSFUL
Total time: 2 minutes 4 seconds
travis_time:end:08ab9ac0:start=1430246186310390534,finish=1430246311169614721,duration=124859224187[0K
[32;1mThe command "${CMD}" exited with 0.[0m
travis_fold:start:after_success.1[0Ktravis_time:start:0422cb58[0K$ util/generate-latest-docs.sh
travis_time:end:0422cb58:start=1430246311176752975,finish=1430246311190872763,duration=14119788[0Ktravis_fold:end:after_success.1[0Ktravis_fold:start:after_success.2[0Ktravis_time:start:0e7741d8[0K$ util/compareBuilds.sh
travis_time:end:0e7741d8:start=1430246311198686234,finish=1430246311208432227,duration=9745993[0Ktravis_fold:end:after_success.2[0Ktravis_fold:start:after_success.3[0Ktravis_time:start:059bf824[0K$ util/publish-snapshot-on-commit.sh
travis_time:end:059bf824:start=1430246311215343612,finish=1430246311231504038,duration=16160426[0Ktravis_fold:end:after_success.3[0K
Done. Your build exited with 0.
