Using worker: worker-linux-08b40318-1.bb.travis-ci.org:travis-linux-6

travis_fold:start:system_info[0K[33;1mBuild system information[0m
Build language: java
[34m[1mBuild image provisioning date and time[0m
Wed Feb  4 18:22:50 UTC 2015
[34m[1mOperating System Details[0m
Distributor ID:	Ubuntu
Description:	Ubuntu 12.04 LTS
Release:	12.04
Codename:	precise
[34m[1mLinux Version[0m
2.6.32-042stab090.5
[34m[1mCookbooks Version[0m
23bb455 https://github.com/travis-ci/travis-cookbooks/tree/23bb455
[34m[1mGCC version[0m
gcc (Ubuntu/Linaro 4.6.3-1ubuntu5) 4.6.3
Copyright (C) 2011 Free Software Foundation, Inc.
This is free software; see the source for copying conditions.  There is NO
warranty; not even for MERCHANTABILITY or FITNESS FOR A PARTICULAR PURPOSE.

[34m[1mLLVM version[0m
clang version 3.4 (tags/RELEASE_34/final)
Target: x86_64-unknown-linux-gnu
Thread model: posix
[34m[1mPre-installed Ruby versions[0m
ruby-1.9.3-p551
[34m[1mPre-installed Node.js versions[0m
v0.10.36
[34m[1mPre-installed Go versions[0m
1.4.1
[34m[1mRedis version[0m
redis-server 2.8.19
[34m[1mriak version[0m
2.0.2
[34m[1mMongoDB version[0m
MongoDB 2.4.12
[34m[1mCouchDB version[0m
couchdb 1.6.1
[34m[1mNeo4j version[0m
1.9.4
[34m[1mCassandra version[0m
2.0.9
[34m[1mRabbitMQ Version[0m
3.4.3
[34m[1mElasticSearch version[0m
1.4.0
[34m[1mInstalled Sphinx versions[0m
2.0.10
2.1.9
2.2.6
[34m[1mDefault Sphinx version[0m
2.2.6
[34m[1mInstalled Firefox version[0m
firefox 31.0esr
[34m[1mPhantomJS version[0m
1.9.8
[34m[1mant -version[0m
Apache Ant(TM) version 1.8.2 compiled on December 3 2011
[34m[1mmvn -version[0m
Apache Maven 3.2.5 (12a6b3acb947671f09b81f49094c53f426d8cea1; 2014-12-14T17:29:23+00:00)
Maven home: /usr/local/maven
Java version: 1.7.0_76, vendor: Oracle Corporation
Java home: /usr/lib/jvm/java-7-oracle/jre
Default locale: en, platform encoding: UTF-8
OS name: "linux", version: "2.6.32-042stab090.5", arch: "amd64", family: "unix"
travis_fold:end:system_info[0K
travis_fold:start:git.checkout[0Ktravis_time:start:23f31efd[0K$ git clone --depth=50 git://github.com/google/guice.git google/guice
Cloning into 'google/guice'...
remote: Counting objects: 2417, done.[K
remote: Compressing objects:   0% (1/1220)   [Kremote: Compressing objects:   1% (13/1220)   [Kremote: Compressing objects:   2% (25/1220)   [Kremote: Compressing objects:   3% (37/1220)   [Kremote: Compressing objects:   4% (49/1220)   [Kremote: Compressing objects:   5% (61/1220)   [Kremote: Compressing objects:   6% (74/1220)   [Kremote: Compressing objects:   7% (86/1220)   [Kremote: Compressing objects:   8% (98/1220)   [Kremote: Compressing objects:   9% (110/1220)   [Kremote: Compressing objects:  10% (122/1220)   [Kremote: Compressing objects:  11% (135/1220)   [Kremote: Compressing objects:  12% (147/1220)   [Kremote: Compressing objects:  13% (159/1220)   [Kremote: Compressing objects:  14% (171/1220)   [Kremote: Compressing objects:  15% (183/1220)   [Kremote: Compressing objects:  16% (196/1220)   [Kremote: Compressing objects:  17% (208/1220)   [Kremote: Compressing objects:  18% (220/1220)   [Kremote: Compressing objects:  19% (232/1220)   [Kremote: Compressing objects:  20% (244/1220)   [Kremote: Compressing objects:  21% (257/1220)   [Kremote: Compressing objects:  22% (269/1220)   [Kremote: Compressing objects:  23% (281/1220)   [Kremote: Compressing objects:  24% (293/1220)   [Kremote: Compressing objects:  25% (305/1220)   [Kremote: Compressing objects:  26% (318/1220)   [Kremote: Compressing objects:  27% (330/1220)   [Kremote: Compressing objects:  28% (342/1220)   [Kremote: Compressing objects:  29% (354/1220)   [Kremote: Compressing objects:  30% (366/1220)   [Kremote: Compressing objects:  31% (379/1220)   [Kremote: Compressing objects:  32% (391/1220)   [Kremote: Compressing objects:  33% (403/1220)   [Kremote: Compressing objects:  34% (415/1220)   [Kremote: Compressing objects:  35% (427/1220)   [Kremote: Compressing objects:  36% (440/1220)   [Kremote: Compressing objects:  37% (452/1220)   [Kremote: Compressing objects:  38% (464/1220)   [Kremote: Compressing objects:  39% (476/1220)   [Kremote: Compressing objects:  40% (488/1220)   [Kremote: Compressing objects:  41% (501/1220)   [Kremote: Compressing objects:  42% (513/1220)   [Kremote: Compressing objects:  43% (525/1220)   [Kremote: Compressing objects:  44% (537/1220)   [Kremote: Compressing objects:  45% (549/1220)   [Kremote: Compressing objects:  46% (562/1220)   [Kremote: Compressing objects:  47% (574/1220)   [Kremote: Compressing objects:  48% (586/1220)   [Kremote: Compressing objects:  49% (598/1220)   [Kremote: Compressing objects:  50% (610/1220)   [Kremote: Compressing objects:  51% (623/1220)   [Kremote: Compressing objects:  52% (635/1220)   [Kremote: Compressing objects:  53% (647/1220)   [Kremote: Compressing objects:  54% (659/1220)   [Kremote: Compressing objects:  55% (671/1220)   [Kremote: Compressing objects:  56% (684/1220)   [Kremote: Compressing objects:  57% (696/1220)   [Kremote: Compressing objects:  58% (708/1220)   [Kremote: Compressing objects:  59% (720/1220)   [Kremote: Compressing objects:  60% (732/1220)   [Kremote: Compressing objects:  61% (745/1220)   [Kremote: Compressing objects:  62% (757/1220)   [Kremote: Compressing objects:  63% (769/1220)   [Kremote: Compressing objects:  64% (781/1220)   [Kremote: Compressing objects:  65% (793/1220)   [Kremote: Compressing objects:  66% (806/1220)   [Kremote: Compressing objects:  67% (818/1220)   [Kremote: Compressing objects:  68% (830/1220)   [Kremote: Compressing objects:  69% (842/1220)   [Kremote: Compressing objects:  70% (854/1220)   [Kremote: Compressing objects:  71% (867/1220)   [Kremote: Compressing objects:  72% (879/1220)   [Kremote: Compressing objects:  73% (891/1220)   [Kremote: Compressing objects:  74% (903/1220)   [Kremote: Compressing objects:  75% (915/1220)   [Kremote: Compressing objects:  76% (928/1220)   [Kremote: Compressing objects:  77% (940/1220)   [Kremote: Compressing objects:  78% (952/1220)   [Kremote: Compressing objects:  79% (964/1220)   [Kremote: Compressing objects:  80% (976/1220)   [Kremote: Compressing objects:  81% (989/1220)   [Kremote: Compressing objects:  82% (1001/1220)   [Kremote: Compressing objects:  83% (1013/1220)   [Kremote: Compressing objects:  84% (1025/1220)   [Kremote: Compressing objects:  85% (1037/1220)   [Kremote: Compressing objects:  86% (1050/1220)   [Kremote: Compressing objects:  87% (1062/1220)   [Kremote: Compressing objects:  88% (1074/1220)   [Kremote: Compressing objects:  89% (1086/1220)   [Kremote: Compressing objects:  90% (1098/1220)   [Kremote: Compressing objects:  91% (1111/1220)   [Kremote: Compressing objects:  92% (1123/1220)   [Kremote: Compressing objects:  93% (1135/1220)   [Kremote: Compressing objects:  94% (1147/1220)   [Kremote: Compressing objects:  95% (1159/1220)   [Kremote: Compressing objects:  96% (1172/1220)   [Kremote: Compressing objects:  97% (1184/1220)   [Kremote: Compressing objects:  98% (1196/1220)   [Kremote: Compressing objects:  99% (1208/1220)   [Kremote: Compressing objects: 100% (1220/1220)   [Kremote: Compressing objects: 100% (1220/1220), done.[K
Receiving objects:   0% (1/2417)   Receiving objects:   1% (25/2417)   Receiving objects:   2% (49/2417)   Receiving objects:   3% (73/2417)   Receiving objects:   4% (97/2417)   Receiving objects:   5% (121/2417)   Receiving objects:   6% (146/2417)   Receiving objects:   7% (170/2417)   Receiving objects:   8% (194/2417)   Receiving objects:   9% (218/2417)   Receiving objects:  10% (242/2417)   Receiving objects:  11% (266/2417)   Receiving objects:  12% (291/2417)   Receiving objects:  13% (315/2417)   Receiving objects:  14% (339/2417)   Receiving objects:  15% (363/2417)   Receiving objects:  16% (387/2417)   Receiving objects:  17% (411/2417)   Receiving objects:  18% (436/2417)   Receiving objects:  19% (460/2417)   Receiving objects:  20% (484/2417)   Receiving objects:  21% (508/2417)   Receiving objects:  22% (532/2417)   Receiving objects:  23% (556/2417)   Receiving objects:  24% (581/2417)   Receiving objects:  25% (605/2417)   Receiving objects:  26% (629/2417)   Receiving objects:  27% (653/2417)   Receiving objects:  28% (677/2417)   Receiving objects:  29% (701/2417)   Receiving objects:  30% (726/2417)   Receiving objects:  31% (750/2417)   Receiving objects:  32% (774/2417)   Receiving objects:  33% (798/2417)   Receiving objects:  34% (822/2417)   Receiving objects:  35% (846/2417)   Receiving objects:  36% (871/2417)   Receiving objects:  37% (895/2417)   Receiving objects:  38% (919/2417)   Receiving objects:  39% (943/2417)   Receiving objects:  40% (967/2417)   Receiving objects:  41% (991/2417)   Receiving objects:  42% (1016/2417)   Receiving objects:  43% (1040/2417)   Receiving objects:  44% (1064/2417)   Receiving objects:  45% (1088/2417)   Receiving objects:  46% (1112/2417)   Receiving objects:  47% (1136/2417)   Receiving objects:  48% (1161/2417), 19.65 MiB | 39.20 MiB/s   Receiving objects:  49% (1185/2417), 19.65 MiB | 39.20 MiB/s   Receiving objects:  50% (1209/2417), 19.65 MiB | 39.20 MiB/s   Receiving objects:  51% (1233/2417), 19.65 MiB | 39.20 MiB/s   Receiving objects:  52% (1257/2417), 19.65 MiB | 39.20 MiB/s   Receiving objects:  53% (1282/2417), 19.65 MiB | 39.20 MiB/s   Receiving objects:  54% (1306/2417), 19.65 MiB | 39.20 MiB/s   Receiving objects:  55% (1330/2417), 19.65 MiB | 39.20 MiB/s   Receiving objects:  56% (1354/2417), 19.65 MiB | 39.20 MiB/s   Receiving objects:  57% (1378/2417), 19.65 MiB | 39.20 MiB/s   Receiving objects:  58% (1402/2417), 19.65 MiB | 39.20 MiB/s   Receiving objects:  59% (1427/2417), 19.65 MiB | 39.20 MiB/s   Receiving objects:  60% (1451/2417), 19.65 MiB | 39.20 MiB/s   Receiving objects:  61% (1475/2417), 19.65 MiB | 39.20 MiB/s   Receiving objects:  62% (1499/2417), 19.65 MiB | 39.20 MiB/s   Receiving objects:  63% (1523/2417), 19.65 MiB | 39.20 MiB/s   Receiving objects:  64% (1547/2417), 19.65 MiB | 39.20 MiB/s   Receiving objects:  65% (1572/2417), 19.65 MiB | 39.20 MiB/s   Receiving objects:  66% (1596/2417), 19.65 MiB | 39.20 MiB/s   Receiving objects:  67% (1620/2417), 19.65 MiB | 39.20 MiB/s   Receiving objects:  68% (1644/2417), 19.65 MiB | 39.20 MiB/s   Receiving objects:  69% (1668/2417), 19.65 MiB | 39.20 MiB/s   Receiving objects:  70% (1692/2417), 19.65 MiB | 39.20 MiB/s   Receiving objects:  71% (1717/2417), 19.65 MiB | 39.20 MiB/s   Receiving objects:  72% (1741/2417), 19.65 MiB | 39.20 MiB/s   Receiving objects:  73% (1765/2417), 19.65 MiB | 39.20 MiB/s   Receiving objects:  74% (1789/2417), 19.65 MiB | 39.20 MiB/s   Receiving objects:  75% (1813/2417), 19.65 MiB | 39.20 MiB/s   Receiving objects:  76% (1837/2417), 19.65 MiB | 39.20 MiB/s   Receiving objects:  77% (1862/2417), 19.65 MiB | 39.20 MiB/s   Receiving objects:  78% (1886/2417), 19.65 MiB | 39.20 MiB/s   Receiving objects:  79% (1910/2417), 19.65 MiB | 39.20 MiB/s   Receiving objects:  80% (1934/2417), 19.65 MiB | 39.20 MiB/s   Receiving objects:  81% (1958/2417), 19.65 MiB | 39.20 MiB/s   Receiving objects:  82% (1982/2417), 19.65 MiB | 39.20 MiB/s   Receiving objects:  83% (2007/2417), 19.65 MiB | 39.20 MiB/s   Receiving objects:  84% (2031/2417), 19.65 MiB | 39.20 MiB/s   Receiving objects:  85% (2055/2417), 19.65 MiB | 39.20 MiB/s   Receiving objects:  86% (2079/2417), 19.65 MiB | 39.20 MiB/s   Receiving objects:  87% (2103/2417), 19.65 MiB | 39.20 MiB/s   Receiving objects:  88% (2127/2417), 19.65 MiB | 39.20 MiB/s   Receiving objects:  89% (2152/2417), 19.65 MiB | 39.20 MiB/s   Receiving objects:  90% (2176/2417), 19.65 MiB | 39.20 MiB/s   Receiving objects:  91% (2200/2417), 19.65 MiB | 39.20 MiB/s   Receiving objects:  92% (2224/2417), 19.65 MiB | 39.20 MiB/s   Receiving objects:  93% (2248/2417), 19.65 MiB | 39.20 MiB/s   remote: Total 2417 (delta 977), reused 1798 (delta 599), pack-reused 0[K
Receiving objects:  94% (2272/2417), 19.65 MiB | 39.20 MiB/s   Receiving objects:  95% (2297/2417), 19.65 MiB | 39.20 MiB/s   Receiving objects:  96% (2321/2417), 19.65 MiB | 39.20 MiB/s   Receiving objects:  97% (2345/2417), 19.65 MiB | 39.20 MiB/s   Receiving objects:  98% (2369/2417), 19.65 MiB | 39.20 MiB/s   Receiving objects:  99% (2393/2417), 19.65 MiB | 39.20 MiB/s   Receiving objects: 100% (2417/2417), 19.65 MiB | 39.20 MiB/s   Receiving objects: 100% (2417/2417), 23.82 MiB | 39.20 MiB/s, done.
Resolving deltas:   0% (0/977)   Resolving deltas:   1% (18/977)   Resolving deltas:   2% (21/977)   Resolving deltas:   3% (33/977)   Resolving deltas:   4% (43/977)   Resolving deltas:   5% (55/977)   Resolving deltas:   6% (59/977)   Resolving deltas:   7% (69/977)   Resolving deltas:   8% (82/977)   Resolving deltas:  10% (101/977)   Resolving deltas:  11% (108/977)   Resolving deltas:  12% (121/977)   Resolving deltas:  13% (130/977)   Resolving deltas:  14% (141/977)   Resolving deltas:  15% (148/977)   Resolving deltas:  17% (169/977)   Resolving deltas:  18% (177/977)   Resolving deltas:  19% (186/977)   Resolving deltas:  20% (198/977)   Resolving deltas:  21% (214/977)   Resolving deltas:  22% (217/977)   Resolving deltas:  23% (226/977)   Resolving deltas:  24% (240/977)   Resolving deltas:  25% (245/977)   Resolving deltas:  26% (255/977)   Resolving deltas:  27% (264/977)   Resolving deltas:  28% (275/977)   Resolving deltas:  29% (284/977)   Resolving deltas:  30% (294/977)   Resolving deltas:  31% (306/977)   Resolving deltas:  32% (313/977)   Resolving deltas:  33% (327/977)   Resolving deltas:  34% (333/977)   Resolving deltas:  35% (342/977)   Resolving deltas:  36% (353/977)   Resolving deltas:  37% (365/977)   Resolving deltas:  38% (373/977)   Resolving deltas:  39% (388/977)   Resolving deltas:  40% (398/977)   Resolving deltas:  41% (405/977)   Resolving deltas:  42% (411/977)   Resolving deltas:  43% (421/977)   Resolving deltas:  44% (432/977)   Resolving deltas:  45% (440/977)   Resolving deltas:  46% (456/977)   Resolving deltas:  47% (461/977)   Resolving deltas:  48% (469/977)   Resolving deltas:  49% (479/977)   Resolving deltas:  50% (489/977)   Resolving deltas:  51% (506/977)   Resolving deltas:  52% (511/977)   Resolving deltas:  53% (518/977)   Resolving deltas:  55% (540/977)   Resolving deltas:  56% (550/977)   Resolving deltas:  57% (557/977)   Resolving deltas:  58% (567/977)   Resolving deltas:  59% (577/977)   Resolving deltas:  60% (587/977)   Resolving deltas:  61% (599/977)   Resolving deltas:  62% (606/977)   Resolving deltas:  63% (616/977)   Resolving deltas:  64% (627/977)   Resolving deltas:  65% (637/977)   Resolving deltas:  66% (645/977)   Resolving deltas:  67% (660/977)   Resolving deltas:  68% (666/977)   Resolving deltas:  69% (675/977)   Resolving deltas:  70% (684/977)   Resolving deltas:  71% (700/977)   Resolving deltas:  74% (726/977)   Resolving deltas:  75% (740/977)   Resolving deltas:  76% (748/977)   Resolving deltas:  77% (762/977)   Resolving deltas:  78% (764/977)   Resolving deltas:  80% (783/977)   Resolving deltas:  81% (792/977)   Resolving deltas:  82% (803/977)   Resolving deltas:  84% (824/977)   Resolving deltas:  85% (831/977)   Resolving deltas:  86% (845/977)   Resolving deltas:  87% (852/977)   Resolving deltas:  88% (866/977)   Resolving deltas:  89% (876/977)   Resolving deltas:  90% (888/977)   Resolving deltas:  91% (896/977)   Resolving deltas:  92% (901/977)   Resolving deltas:  93% (912/977)   Resolving deltas:  94% (923/977)   Resolving deltas:  95% (937/977)   Resolving deltas:  96% (942/977)   Resolving deltas:  97% (948/977)   Resolving deltas:  98% (960/977)   Resolving deltas:  99% (976/977)   Resolving deltas: 100% (977/977)   Resolving deltas: 100% (977/977), done.
Checking connectivity... done.
travis_time:end:23f31efd:start=1430247905766842706,finish=1430247906994569943,duration=1227727237[0K$ cd google/guice
travis_time:start:01504e24[0K$ git fetch origin +refs/pull/920/merge:
remote: Counting objects: 94, done.[K
remote: Compressing objects:   2% (1/41)   [Kremote: Compressing objects:   4% (2/41)   [Kremote: Compressing objects:   7% (3/41)   [Kremote: Compressing objects:   9% (4/41)   [Kremote: Compressing objects:  12% (5/41)   [Kremote: Compressing objects:  14% (6/41)   [Kremote: Compressing objects:  17% (7/41)   [Kremote: Compressing objects:  19% (8/41)   [Kremote: Compressing objects:  21% (9/41)   [Kremote: Compressing objects:  24% (10/41)   [Kremote: Compressing objects:  26% (11/41)   [Kremote: Compressing objects:  29% (12/41)   [Kremote: Compressing objects:  31% (13/41)   [Kremote: Compressing objects:  34% (14/41)   [Kremote: Compressing objects:  36% (15/41)   [Kremote: Compressing objects:  39% (16/41)   [Kremote: Compressing objects:  41% (17/41)   [Kremote: Compressing objects:  43% (18/41)   [Kremote: Compressing objects:  46% (19/41)   [Kremote: Compressing objects:  48% (20/41)   [Kremote: Compressing objects:  51% (21/41)   [Kremote: Compressing objects:  53% (22/41)   [Kremote: Compressing objects:  56% (23/41)   [Kremote: Compressing objects:  58% (24/41)   [Kremote: Compressing objects:  60% (25/41)   [Kremote: Compressing objects:  63% (26/41)   [Kremote: Compressing objects:  65% (27/41)   [Kremote: Compressing objects:  68% (28/41)   [Kremote: Compressing objects:  70% (29/41)   [Kremote: Compressing objects:  73% (30/41)   [Kremote: Compressing objects:  75% (31/41)   [Kremote: Compressing objects:  78% (32/41)   [Kremote: Compressing objects:  80% (33/41)   [Kremote: Compressing objects:  82% (34/41)   [Kremote: Compressing objects:  85% (35/41)   [Kremote: Compressing objects:  87% (36/41)   [Kremote: Compressing objects:  90% (37/41)   [Kremote: Compressing objects:  92% (38/41)   [Kremote: Compressing objects:  95% (39/41)   [Kremote: Compressing objects:  97% (40/41)   [Kremote: Compressing objects: 100% (41/41)   [Kremote: Compressing objects: 100% (41/41), done.[K
remote: Total 94 (delta 47), reused 59 (delta 13), pack-reused 0[K
Unpacking objects:   1% (1/94)   Unpacking objects:   2% (2/94)   Unpacking objects:   3% (3/94)   Unpacking objects:   4% (4/94)   Unpacking objects:   5% (5/94)   Unpacking objects:   6% (6/94)   Unpacking objects:   7% (7/94)   Unpacking objects:   8% (8/94)   Unpacking objects:   9% (9/94)   Unpacking objects:  10% (10/94)   Unpacking objects:  11% (11/94)   Unpacking objects:  12% (12/94)   Unpacking objects:  13% (13/94)   Unpacking objects:  14% (14/94)   Unpacking objects:  15% (15/94)   Unpacking objects:  17% (16/94)   Unpacking objects:  18% (17/94)   Unpacking objects:  19% (18/94)   Unpacking objects:  20% (19/94)   Unpacking objects:  21% (20/94)   Unpacking objects:  22% (21/94)   Unpacking objects:  23% (22/94)   Unpacking objects:  24% (23/94)   Unpacking objects:  25% (24/94)   Unpacking objects:  26% (25/94)   Unpacking objects:  27% (26/94)   Unpacking objects:  28% (27/94)   Unpacking objects:  29% (28/94)   Unpacking objects:  30% (29/94)   Unpacking objects:  31% (30/94)   Unpacking objects:  32% (31/94)   Unpacking objects:  34% (32/94)   Unpacking objects:  35% (33/94)   Unpacking objects:  36% (34/94)   Unpacking objects:  37% (35/94)   Unpacking objects:  38% (36/94)   Unpacking objects:  39% (37/94)   Unpacking objects:  40% (38/94)   Unpacking objects:  41% (39/94)   Unpacking objects:  42% (40/94)   Unpacking objects:  43% (41/94)   Unpacking objects:  44% (42/94)   Unpacking objects:  45% (43/94)   Unpacking objects:  46% (44/94)   Unpacking objects:  47% (45/94)   Unpacking objects:  48% (46/94)   Unpacking objects:  50% (47/94)   Unpacking objects:  51% (48/94)   Unpacking objects:  52% (49/94)   Unpacking objects:  53% (50/94)   Unpacking objects:  54% (51/94)   Unpacking objects:  55% (52/94)   Unpacking objects:  56% (53/94)   Unpacking objects:  57% (54/94)   Unpacking objects:  58% (55/94)   Unpacking objects:  59% (56/94)   Unpacking objects:  60% (57/94)   Unpacking objects:  61% (58/94)   Unpacking objects:  62% (59/94)   Unpacking objects:  63% (60/94)   Unpacking objects:  64% (61/94)   Unpacking objects:  65% (62/94)   Unpacking objects:  67% (63/94)   Unpacking objects:  68% (64/94)   Unpacking objects:  69% (65/94)   Unpacking objects:  70% (66/94)   Unpacking objects:  71% (67/94)   Unpacking objects:  72% (68/94)   Unpacking objects:  73% (69/94)   Unpacking objects:  74% (70/94)   Unpacking objects:  75% (71/94)   Unpacking objects:  76% (72/94)   Unpacking objects:  77% (73/94)   Unpacking objects:  78% (74/94)   Unpacking objects:  79% (75/94)   Unpacking objects:  80% (76/94)   Unpacking objects:  81% (77/94)   Unpacking objects:  82% (78/94)   Unpacking objects:  84% (79/94)   Unpacking objects:  85% (80/94)   Unpacking objects:  86% (81/94)   Unpacking objects:  87% (82/94)   Unpacking objects:  88% (83/94)   Unpacking objects:  89% (84/94)   Unpacking objects:  90% (85/94)   Unpacking objects:  91% (86/94)   Unpacking objects:  92% (87/94)   Unpacking objects:  93% (88/94)   Unpacking objects:  94% (89/94)   Unpacking objects:  95% (90/94)   Unpacking objects:  96% (91/94)   Unpacking objects:  97% (92/94)   Unpacking objects:  98% (93/94)   Unpacking objects: 100% (94/94)   Unpacking objects: 100% (94/94), done.
From git://github.com/google/guice
 * branch            refs/pull/920/merge -> FETCH_HEAD
travis_time:end:01504e24:start=1430247907003494872,finish=1430247907156862254,duration=153367382[0K$ git checkout -qf FETCH_HEAD
travis_fold:end:git.checkout[0K
[33;1mSetting environment variables from .travis.yml[0m
$ export GH_TOKEN=[secure]
$ export CI_DEPLOY_USERNAME=[secure]
$ export CI_DEPLOY_PASSWORD=[secure]
$ export LABEL=ant
$ export CMD="ant dist test.dist"
$ export INSTALL="/bin/true"

$ jdk_switcher use openjdk6
Switching to OpenJDK6 (java-1.6.0-openjdk-amd64), JAVA_HOME will be set to /usr/lib/jvm/java-6-openjdk-amd64
$ java -version
java version "1.6.0_34"
OpenJDK Runtime Environment (IcedTea6 1.13.6) (6b34-1.13.6-1ubuntu0.12.04.1)
OpenJDK 64-Bit Server VM (build 23.25-b01, mixed mode)
$ javac -version
javac 1.6.0_34
travis_fold:start:install[0Ktravis_time:start:21085095[0K$ ${INSTALL}
travis_time:end:21085095:start=1430247907829203051,finish=1430247907836904451,duration=7701400[0Ktravis_fold:end:install[0Ktravis_time:start:05590b78[0K$ ${CMD}
Buildfile: /home/travis/build/google/guice/build.xml

source.jar:
    [mkdir] Created dir: /home/travis/build/google/guice/build
      [zip] Building zip: /home/travis/build/google/guice/build/guice-snapshot-src.jar

compile:
    [mkdir] Created dir: /home/travis/build/google/guice/build/classes
    [javac] Compiling 193 source files to /home/travis/build/google/guice/build/classes
    [javac] /home/travis/build/google/guice/core/src/com/google/inject/internal/Annotations.java:90: warning: [unchecked] unchecked cast
    [javac] found   : java.lang.annotation.Annotation
    [javac] required: T
    [javac]     return (T)cache.getUnchecked(annotationType);
    [javac]                                 ^
    [javac] /home/travis/build/google/guice/core/src/com/google/inject/internal/Annotations.java:253: warning: [unchecked] unchecked generic array creation of type java.lang.Class<? extends java.lang.annotation.Annotation>[] for varargs parameter
    [javac]       Arrays.asList(ScopeAnnotation.class, javax.inject.Scope.class));
    [javac]                    ^
    [javac] /home/travis/build/google/guice/core/src/com/google/inject/internal/Annotations.java:308: warning: [unchecked] unchecked generic array creation of type java.lang.Class<? extends java.lang.annotation.Annotation>[] for varargs parameter
    [javac]       Arrays.asList(BindingAnnotation.class, Qualifier.class));
    [javac]                    ^
    [javac] /home/travis/build/google/guice/core/src/com/google/inject/internal/ProvisionListenerStackCallback.java:39: warning: [unchecked] unchecked call to ProvisionListenerStackCallback(com.google.inject.Binding<T>,java.util.List<com.google.inject.spi.ProvisionListener>) as a member of the raw type com.google.inject.internal.ProvisionListenerStackCallback
    [javac]       new ProvisionListenerStackCallback(null /* unused, so ok */, ImmutableList.of());
    [javac]       ^
    [javac] /home/travis/build/google/guice/core/src/com/google/inject/internal/BindingBuilder.java:100: warning: [unchecked] unchecked cast
    [javac] found   : com.google.inject.Provider<capture#208 of ? extends T>
    [javac] required: javax.inject.Provider<T>
    [javac]     return toProvider((javax.inject.Provider<T>) provider);
    [javac]                                                  ^
    [javac] /home/travis/build/google/guice/core/src/com/google/inject/internal/ProviderInstanceBindingImpl.java:66: warning: [deprecation] getProviderInstance() in com.google.inject.spi.ProviderInstanceBinding has been deprecated
    [javac]   public Provider<? extends T> getProviderInstance() {
    [javac]                                ^
    [javac] 6 warnings
    [javac] Creating empty /home/travis/build/google/guice/build/classes/com/google/inject/spi/package-info.class
    [javac] Creating empty /home/travis/build/google/guice/build/classes/com/google/inject/name/package-info.class
    [javac] Creating empty /home/travis/build/google/guice/build/classes/com/google/inject/package-info.class
    [javac] Creating empty /home/travis/build/google/guice/build/classes/com/google/inject/binder/package-info.class
    [javac] Creating empty /home/travis/build/google/guice/build/classes/com/google/inject/matcher/package-info.class
    [javac] Creating empty /home/travis/build/google/guice/build/classes/com/google/inject/util/package-info.class
    [javac] Creating empty /home/travis/build/google/guice/build/classes/com/google/inject/internal/package-info.class

jar.withdeps:
    [mkdir] Created dir: /home/travis/build/google/guice/build/dist
   [jarjar] Building jar: /home/travis/build/google/guice/build/guice-with-deps.jar

manifest:
  [bndwrap] classes 355 0
    [unjar] Expanding: /home/travis/build/google/guice/build/classes.bar into /home/travis/build/google/guice/build

jar:
      [jar] Building jar: /home/travis/build/google/guice/build/dist/guice-snapshot.jar

distjars:

javadoc:
  [javadoc] Generating Javadoc
  [javadoc] Javadoc execution
  [javadoc] javadoc: error - invalid flag: -Xdoclint:none
  [javadoc] usage: javadoc [options] [packagenames] [sourcefiles] [@files]
  [javadoc] -overview <file>          Read overview documentation from HTML file
  [javadoc] -public                   Show only public classes and members
  [javadoc] -protected                Show protected/public classes and members (default)
  [javadoc] -package                  Show package/protected/public classes and members
  [javadoc] -private                  Show all classes and members
  [javadoc] -help                     Display command line options and exit
  [javadoc] -doclet <class>           Generate output via alternate doclet
  [javadoc] -docletpath <path>        Specify where to find doclet class files
  [javadoc] -sourcepath <pathlist>    Specify where to find source files
  [javadoc] -classpath <pathlist>     Specify where to find user class files
  [javadoc] -exclude <pkglist>        Specify a list of packages to exclude
  [javadoc] -subpackages <subpkglist> Specify subpackages to recursively load
  [javadoc] -breakiterator            Compute 1st sentence with BreakIterator
  [javadoc] -bootclasspath <pathlist> Override location of class files loaded
  [javadoc] 			  by the bootstrap class loader
  [javadoc] -source <release>         Provide source compatibility with specified release
  [javadoc] -extdirs <dirlist>        Override location of installed extensions
  [javadoc] -verbose                  Output messages about what Javadoc is doing
  [javadoc] -locale <name>            Locale to be used, e.g. en_US or en_US_WIN
  [javadoc] -encoding <name>          Source file encoding name
  [javadoc] -quiet                    Do not display status messages
  [javadoc] -J<flag>                  Pass <flag> directly to the runtime system
  [javadoc] 
  [javadoc] Provided by Standard doclet:
  [javadoc] -d <directory>                    Destination directory for output files
  [javadoc] -use                              Create class and package usage pages
  [javadoc] -version                          Include @version paragraphs
  [javadoc] -author                           Include @author paragraphs
  [javadoc] -docfilessubdirs                  Recursively copy doc-file subdirectories
  [javadoc] -splitindex                       Split index into one file per letter
  [javadoc] -windowtitle <text>               Browser window title for the documenation
  [javadoc] -doctitle <html-code>             Include title for the overview page
  [javadoc] -header <html-code>               Include header text for each page
  [javadoc] -footer <html-code>               Include footer text for each page
  [javadoc] -top    <html-code>               Include top text for each page
  [javadoc] -bottom <html-code>               Include bottom text for each page
  [javadoc] -link <url>                       Create links to javadoc output at <url>
  [javadoc] -linkoffline <url> <url2>         Link to docs at <url> using package list at <url2>
  [javadoc] -excludedocfilessubdir <name1>:.. Exclude any doc-files subdirectories with given name.
  [javadoc] -group <name> <p1>:<p2>..         Group specified packages together in overview page
  [javadoc] -nocomment                        Supress description and tags, generate only declarations.
  [javadoc] -nodeprecated                     Do not include @deprecated information
  [javadoc] -noqualifier <name1>:<name2>:...  Exclude the list of qualifiers from the output.
  [javadoc] -nosince                          Do not include @since information
  [javadoc] -notimestamp                      Do not include hidden time stamp
  [javadoc] -nodeprecatedlist                 Do not generate deprecated list
  [javadoc] -notree                           Do not generate class hierarchy
  [javadoc] -noindex                          Do not generate index
  [javadoc] -nohelp                           Do not generate help link
  [javadoc] -nonavbar                         Do not generate navigation bar
  [javadoc] -serialwarn                       Generate warning about @serial tag
  [javadoc] -tag <name>:<locations>:<header>  Specify single argument custom tags
  [javadoc] -taglet                           The fully qualified name of Taglet to register
  [javadoc] -tagletpath                       The path to Taglets
  [javadoc] -charset <charset>                Charset for cross-platform viewing of generated documentation.
  [javadoc] -helpfile <file>                  Include file that help link links to
  [javadoc] -linksource                       Generate source in HTML
  [javadoc] -sourcetab <tab length>           Specify the number of spaces each tab takes up in the source
  [javadoc] -keywords                         Include HTML meta tags with package, class and member info
  [javadoc] -stylesheetfile <path>            File to change style of the generated documentation
  [javadoc] -docencoding <name>               Output encoding name
  [javadoc] 1 error

dist:

source.jar:
    [mkdir] Created dir: /home/travis/build/google/guice/extensions/servlet/build
      [zip] Building zip: /home/travis/build/google/guice/extensions/servlet/build/guice-servlet-snapshot-src.jar

compile:
    [mkdir] Created dir: /home/travis/build/google/guice/extensions/servlet/build/classes
    [javac] Compiling 35 source files to /home/travis/build/google/guice/extensions/servlet/build/classes
    [javac] Creating empty /home/travis/build/google/guice/extensions/servlet/build/classes/com/google/inject/servlet/package-info.class

manifest:
  [bndwrap] classes 67 0
    [unjar] Expanding: /home/travis/build/google/guice/extensions/servlet/build/classes.bar into /home/travis/build/google/guice/extensions/servlet/build

jar:
      [jar] Building jar: /home/travis/build/google/guice/extensions/servlet/build/guice-servlet-snapshot.jar

distjars:

source.jar:
    [mkdir] Created dir: /home/travis/build/google/guice/extensions/spring/build
      [zip] Building zip: /home/travis/build/google/guice/extensions/spring/build/guice-spring-snapshot-src.jar

compile:
    [mkdir] Created dir: /home/travis/build/google/guice/extensions/spring/build/classes
    [javac] Compiling 2 source files to /home/travis/build/google/guice/extensions/spring/build/classes
    [javac] Creating empty /home/travis/build/google/guice/extensions/spring/build/classes/com/google/inject/spring/package-info.class

manifest:
  [bndwrap] classes 4 0
    [unjar] Expanding: /home/travis/build/google/guice/extensions/spring/build/classes.bar into /home/travis/build/google/guice/extensions/spring/build

jar:
      [jar] Building jar: /home/travis/build/google/guice/extensions/spring/build/guice-spring-snapshot.jar

distjars:

source.jar:
    [mkdir] Created dir: /home/travis/build/google/guice/extensions/struts2/build
      [zip] Building zip: /home/travis/build/google/guice/extensions/struts2/build/guice-struts2-plugin-snapshot-src.jar

compile:
    [mkdir] Created dir: /home/travis/build/google/guice/extensions/struts2/build/classes
    [javac] Compiling 3 source files to /home/travis/build/google/guice/extensions/struts2/build/classes
    [javac] /home/travis/build/google/guice/extensions/struts2/src/com/google/inject/struts2/GuiceObjectFactory.java:185: warning: [unchecked] unchecked conversion
    [javac] found   : java.util.Map
    [javac] required: java.util.Map<java.lang.String,java.lang.String>
    [javac]     return super.buildInterceptor(interceptorConfig, interceptorRefParams);
    [javac]                                                      ^
    [javac] 1 warning
     [copy] Copying 1 file to /home/travis/build/google/guice/extensions/struts2/build/classes

manifest:
  [bndwrap] classes 8 0
    [unjar] Expanding: /home/travis/build/google/guice/extensions/struts2/build/classes.bar into /home/travis/build/google/guice/extensions/struts2/build

jar:
      [jar] Building jar: /home/travis/build/google/guice/extensions/struts2/build/guice-struts2-plugin-snapshot.jar

distjars:

source.jar:
    [mkdir] Created dir: /home/travis/build/google/guice/extensions/assistedinject/build
      [zip] Building zip: /home/travis/build/google/guice/extensions/assistedinject/build/guice-assistedinject-snapshot-src.jar

compile:
    [mkdir] Created dir: /home/travis/build/google/guice/extensions/assistedinject/build/classes
    [javac] Compiling 13 source files to /home/travis/build/google/guice/extensions/assistedinject/build/classes
    [javac] Creating empty /home/travis/build/google/guice/extensions/assistedinject/build/classes/com/google/inject/assistedinject/package-info.class

manifest:
  [bndwrap] classes 20 0
    [unjar] Expanding: /home/travis/build/google/guice/extensions/assistedinject/build/classes.bar into /home/travis/build/google/guice/extensions/assistedinject/build

jar:
      [jar] Building jar: /home/travis/build/google/guice/extensions/assistedinject/build/guice-assistedinject-snapshot.jar

distjars:

source.jar:
    [mkdir] Created dir: /home/travis/build/google/guice/extensions/jmx/build
      [zip] Building zip: /home/travis/build/google/guice/extensions/jmx/build/guice-jmx-snapshot-src.jar

compile:
    [mkdir] Created dir: /home/travis/build/google/guice/extensions/jmx/build/classes
    [javac] Compiling 4 source files to /home/travis/build/google/guice/extensions/jmx/build/classes
    [javac] Creating empty /home/travis/build/google/guice/extensions/jmx/build/classes/com/google/inject/tools/jmx/package-info.class

manifest:
  [bndwrap] classes 4 0
    [unjar] Expanding: /home/travis/build/google/guice/extensions/jmx/build/classes.bar into /home/travis/build/google/guice/extensions/jmx/build

jar:
      [jar] Building jar: /home/travis/build/google/guice/extensions/jmx/build/guice-jmx-snapshot.jar

distjars:

source.jar:
    [mkdir] Created dir: /home/travis/build/google/guice/extensions/jndi/build
      [zip] Building zip: /home/travis/build/google/guice/extensions/jndi/build/guice-jndi-snapshot-src.jar

compile:
    [mkdir] Created dir: /home/travis/build/google/guice/extensions/jndi/build/classes
    [javac] Compiling 2 source files to /home/travis/build/google/guice/extensions/jndi/build/classes
    [javac] Creating empty /home/travis/build/google/guice/extensions/jndi/build/classes/com/google/inject/jndi/package-info.class

manifest:
  [bndwrap] classes 3 0
    [unjar] Expanding: /home/travis/build/google/guice/extensions/jndi/build/classes.bar into /home/travis/build/google/guice/extensions/jndi/build

jar:
      [jar] Building jar: /home/travis/build/google/guice/extensions/jndi/build/guice-jndi-snapshot.jar

distjars:

source.jar:
    [mkdir] Created dir: /home/travis/build/google/guice/extensions/throwingproviders/build
      [zip] Building zip: /home/travis/build/google/guice/extensions/throwingproviders/build/guice-throwingproviders-snapshot-src.jar

compile:
    [mkdir] Created dir: /home/travis/build/google/guice/extensions/throwingproviders/build/classes
    [javac] Compiling 10 source files to /home/travis/build/google/guice/extensions/throwingproviders/build/classes
    [javac] /home/travis/build/google/guice/extensions/throwingproviders/src/com/google/inject/throwingproviders/ThrowingProviderBinder.java:410: warning: [deprecation] com.google.inject.throwingproviders.ThrowingProvider in com.google.inject.throwingproviders has been deprecated
    [javac]       boolean tpMode = interfaceType.getInterfaces()[0] == ThrowingProvider.class;      
    [javac]                                                            ^
    [javac] 1 warning
    [javac] Creating empty /home/travis/build/google/guice/extensions/throwingproviders/build/classes/com/google/inject/throwingproviders/package-info.class

manifest:
  [bndwrap] Should not skip: ^
  [bndwrap] classes 21 0
    [unjar] Expanding: /home/travis/build/google/guice/extensions/throwingproviders/build/classes.bar into /home/travis/build/google/guice/extensions/throwingproviders/build

jar:
      [jar] Building jar: /home/travis/build/google/guice/extensions/throwingproviders/build/guice-throwingproviders-snapshot.jar

distjars:

source.jar:
    [mkdir] Created dir: /home/travis/build/google/guice/extensions/multibindings/build
      [zip] Building zip: /home/travis/build/google/guice/extensions/multibindings/build/guice-multibindings-snapshot-src.jar

compile:
    [mkdir] Created dir: /home/travis/build/google/guice/extensions/multibindings/build/classes
    [javac] Compiling 18 source files to /home/travis/build/google/guice/extensions/multibindings/build/classes
    [javac] /home/travis/build/google/guice/extensions/multibindings/src/com/google/inject/multibindings/Multibinder.java:301: warning: [unchecked] unchecked conversion
    [javac] found   : com.google.inject.Key
    [javac] required: com.google.inject.Key<? extends java.util.Collection<javax.inject.Provider<T>>>
    [javac]       binder.bind(collectionOfJavaxProvidersKey).to(key);
    [javac]                                                     ^
    [javac] /home/travis/build/google/guice/extensions/multibindings/src/com/google/inject/multibindings/Multibinder.java:483: warning: [unchecked] unchecked conversion
    [javac] found   : com.google.inject.Key
    [javac] required: com.google.inject.Key<T>
    [javac]               Dependency.get(key.ofType(Types.providerOf(key.getTypeLiteral().getType()))));
    [javac]                                        ^
    [javac] /home/travis/build/google/guice/extensions/multibindings/src/com/google/inject/multibindings/Multibinder.java:483: warning: [unchecked] unchecked method invocation: <T>get(com.google.inject.Key<T>) in com.google.inject.spi.Dependency is applied to (com.google.inject.Key)
    [javac]               Dependency.get(key.ofType(Types.providerOf(key.getTypeLiteral().getType()))));
    [javac]                             ^
    [javac] /home/travis/build/google/guice/extensions/multibindings/src/com/google/inject/multibindings/MapBinder.java:395: warning: [unchecked] unchecked conversion
    [javac] found   : com.google.inject.Key
    [javac] required: com.google.inject.Key<? extends java.util.Map<K,javax.inject.Provider<V>>>
    [javac]       binder.bind(javaxProviderMapKey).to(massagedProviderMapKey);
    [javac]                                           ^
    [javac] /home/travis/build/google/guice/extensions/multibindings/src/com/google/inject/multibindings/OptionalBinder.java:386: warning: [unchecked] unchecked conversion
    [javac] found   : com.google.inject.Key
    [javac] required: com.google.inject.Key<? extends com.google.common.base.Optional<javax.inject.Provider<T>>>
    [javac]       binder.bind(optionalJavaxProviderKey).to(massagedOptionalProviderKey);
    [javac]                                                ^
    [javac] 5 warnings
    [javac] Creating empty /home/travis/build/google/guice/extensions/multibindings/build/classes/com/google/inject/multibindings/package-info.class

manifest:
  [bndwrap] classes 57 0
    [unjar] Expanding: /home/travis/build/google/guice/extensions/multibindings/build/classes.bar into /home/travis/build/google/guice/extensions/multibindings/build

jar:
      [jar] Building jar: /home/travis/build/google/guice/extensions/multibindings/build/guice-multibindings-snapshot.jar

distjars:

source.jar:
    [mkdir] Created dir: /home/travis/build/google/guice/extensions/dagger-adapter/build
      [zip] Building zip: /home/travis/build/google/guice/extensions/dagger-adapter/build/guice-dagger-adapter-snapshot-src.jar

compile:
    [mkdir] Created dir: /home/travis/build/google/guice/extensions/dagger-adapter/build/classes
    [javac] Compiling 2 source files to /home/travis/build/google/guice/extensions/dagger-adapter/build/classes
    [javac] /home/travis/build/google/guice/extensions/dagger-adapter/src/com/google/inject/daggeradapter/DaggerMethodScanner.java:55: warning: [fallthrough] possible fall-through into case
    [javac]       case SET:
    [javac]       ^
    [javac] 1 warning

manifest:
  [bndwrap] classes 5 0
    [unjar] Expanding: /home/travis/build/google/guice/extensions/dagger-adapter/build/classes.bar into /home/travis/build/google/guice/extensions/dagger-adapter/build

jar:
      [jar] Building jar: /home/travis/build/google/guice/extensions/dagger-adapter/build/guice-dagger-adapter-snapshot.jar

distjars:

source.jar:
    [mkdir] Created dir: /home/travis/build/google/guice/extensions/persist/build
      [zip] Building zip: /home/travis/build/google/guice/extensions/persist/build/guice-persist-snapshot-src.jar

compile:
    [mkdir] Created dir: /home/travis/build/google/guice/extensions/persist/build/classes
    [javac] Compiling 17 source files to /home/travis/build/google/guice/extensions/persist/build/classes
    [javac] /home/travis/build/google/guice/extensions/persist/src/com/google/inject/persist/jpa/JpaFinderProxy.java:104: warning: [unchecked] unchecked conversion
    [javac] found   : java.util.List
    [javac] required: java.util.Collection<? extends capture#655 of ?>
    [javac]     collection.addAll(results);
    [javac]                       ^
    [javac] 1 warning
    [javac] Creating empty /home/travis/build/google/guice/extensions/persist/build/classes/com/google/inject/persist/jpa/package-info.class
    [javac] Creating empty /home/travis/build/google/guice/extensions/persist/build/classes/com/google/inject/persist/finder/package-info.class
    [javac] Creating empty /home/travis/build/google/guice/extensions/persist/build/classes/com/google/inject/persist/package-info.class

manifest:
  [bndwrap] classes 25 0
    [unjar] Expanding: /home/travis/build/google/guice/extensions/persist/build/classes.bar into /home/travis/build/google/guice/extensions/persist/build

jar:
      [jar] Building jar: /home/travis/build/google/guice/extensions/persist/build/guice-persist-snapshot.jar

distjars:

source.jar:
    [mkdir] Created dir: /home/travis/build/google/guice/extensions/grapher/build
      [zip] Building zip: /home/travis/build/google/guice/extensions/grapher/build/guice-grapher-snapshot-src.jar

compile:
    [mkdir] Created dir: /home/travis/build/google/guice/extensions/grapher/build/classes
    [javac] Compiling 34 source files to /home/travis/build/google/guice/extensions/grapher/build/classes

manifest:
  [bndwrap] classes 42 0
    [unjar] Expanding: /home/travis/build/google/guice/extensions/grapher/build/classes.bar into /home/travis/build/google/guice/extensions/grapher/build

jar:
      [jar] Building jar: /home/travis/build/google/guice/extensions/grapher/build/guice-grapher-snapshot.jar

distjars:

source.jar:
    [mkdir] Created dir: /home/travis/build/google/guice/extensions/testlib/build
      [zip] Building zip: /home/travis/build/google/guice/extensions/testlib/build/guice-testlib-snapshot-src.jar

compile:
    [mkdir] Created dir: /home/travis/build/google/guice/extensions/testlib/build/classes
    [javac] Compiling 2 source files to /home/travis/build/google/guice/extensions/testlib/build/classes

manifest:
  [bndwrap] classes 5 0
    [unjar] Expanding: /home/travis/build/google/guice/extensions/testlib/build/classes.bar into /home/travis/build/google/guice/extensions/testlib/build

jar:
      [jar] Building jar: /home/travis/build/google/guice/extensions/testlib/build/guice-testlib-snapshot.jar

distjars:
     [copy] Copying 2 files to /home/travis/build/google/guice/build/dist
     [copy] Copying 2 files to /home/travis/build/google/guice/build/dist
     [copy] Copying 2 files to /home/travis/build/google/guice/build/dist
     [copy] Copying 2 files to /home/travis/build/google/guice/build/dist
     [copy] Copying 2 files to /home/travis/build/google/guice/build/dist
     [copy] Copying 2 files to /home/travis/build/google/guice/build/dist
     [copy] Copying 2 files to /home/travis/build/google/guice/build/dist
     [copy] Copying 2 files to /home/travis/build/google/guice/build/dist
     [copy] Copying 2 files to /home/travis/build/google/guice/build/dist
     [copy] Copying 2 files to /home/travis/build/google/guice/build/dist
     [copy] Copying 2 files to /home/travis/build/google/guice/build/dist
     [copy] Copying 2 files to /home/travis/build/google/guice/build/dist
     [copy] Copying 1 file to /home/travis/build/google/guice/build/dist
     [copy] Copying 3 files to /home/travis/build/google/guice/build/dist
      [zip] Building zip: /home/travis/build/google/guice/build/guice-snapshot.zip
      [zip] Building zip: /home/travis/build/google/guice/build/guice-snapshot-src.zip

test.dist:

compile:

jar.withdeps:
   [jarjar] Building jar: /home/travis/build/google/guice/build/guice-with-deps.jar

manifest:
  [bndwrap] classes 355 452115
    [unjar] Expanding: /home/travis/build/google/guice/build/classes.bar into /home/travis/build/google/guice/build

jar:
      [jar] Building jar: /home/travis/build/google/guice/build/dist/guice-snapshot.jar

test.compile:
    [mkdir] Created dir: /home/travis/build/google/guice/build/test
    [javac] Compiling 87 source files to /home/travis/build/google/guice/build/test
    [javac] Note: Some input files use or override a deprecated API.
    [javac] Note: Recompile with -Xlint:deprecation for details.
    [javac] Note: Some input files use unchecked or unsafe operations.
    [javac] Note: Recompile with -Xlint:unchecked for details.

test.withdeps:
   [jarjar] Building jar: /home/travis/build/google/guice/build/guice-snapshot-tests.jar

test.dist.run:
    [junit] Apr 28, 2015 7:05:33 PM com.google.inject.spi.InjectionPoint getInjectionPoints
    [junit] WARNING: Method: protected void org.atinject.tck.auto.accessories.SpareTire.injectProtectedMethodForOverride() is not annotated with @Inject but is overriding a method that is annotated with @javax.inject.Inject.  Because it is not annotated with @Inject, the method will not be injected. To fix this, annotate the method with @Inject.
    [junit] Apr 28, 2015 7:05:33 PM com.google.inject.spi.InjectionPoint getInjectionPoints
    [junit] WARNING: Method: public void org.atinject.tck.auto.accessories.SpareTire.injectPublicMethodForOverride() is not annotated with @Inject but is overriding a method that is annotated with @javax.inject.Inject.  Because it is not annotated with @Inject, the method will not be injected. To fix this, annotate the method with @Inject.
    [junit] Apr 28, 2015 7:05:33 PM com.google.inject.spi.InjectionPoint getInjectionPoints
    [junit] WARNING: Method: void org.atinject.tck.auto.accessories.SpareTire.injectPackagePrivateMethod3() is not annotated with @Inject but is overriding a method that is annotated with @javax.inject.Inject.  Because it is not annotated with @Inject, the method will not be injected. To fix this, annotate the method with @Inject.
    [junit] Apr 28, 2015 7:05:33 PM com.google.inject.spi.InjectionPoint getInjectionPoints
    [junit] WARNING: Method: public void org.atinject.tck.auto.GasEngine.injectTwiceOverriddenWithOmissionInMiddle() is not annotated with @Inject but is overriding a method that is annotated with @javax.inject.Inject.  Because it is not annotated with @Inject, the method will not be injected. To fix this, annotate the method with @Inject.
    [junit] Apr 28, 2015 7:05:33 PM com.google.inject.spi.InjectionPoint getInjectionPoints
    [junit] WARNING: Method: void org.atinject.tck.auto.V8Engine.injectPackagePrivateMethodForOverride() is not annotated with @Inject but is overriding a method that is annotated with @javax.inject.Inject.  Because it is not annotated with @Inject, the method will not be injected. To fix this, annotate the method with @Inject.
    [junit] Apr 28, 2015 7:05:33 PM com.google.inject.spi.InjectionPoint getInjectionPoints
    [junit] WARNING: Method: public void org.atinject.tck.auto.V8Engine.injectQualifiers(org.atinject.tck.auto.Seat,org.atinject.tck.auto.Seat,org.atinject.tck.auto.Tire,org.atinject.tck.auto.Tire) is not annotated with @Inject but is overriding a method that is annotated with @javax.inject.Inject.  Because it is not annotated with @Inject, the method will not be injected. To fix this, annotate the method with @Inject.
    [junit] Apr 28, 2015 7:05:33 PM com.google.inject.spi.InjectionPoint getInjectionPoints
    [junit] WARNING: Method: public void org.atinject.tck.auto.V8Engine.injectTwiceOverriddenWithOmissionInSubclass() is not annotated with @Inject but is overriding a method that is annotated with @javax.inject.Inject.  Because it is not annotated with @Inject, the method will not be injected. To fix this, annotate the method with @Inject.
    [junit] .........................................
    [junit] ................................com.google.inject.CreationException: Unable to create injector, see the following errors:
    [junit] 
    [junit] 1) A binding to com.google.inject.BinderTest$HasImplementedBy1 was already configured at com.google.inject.BinderTest$19.configure(BinderTest.java:347).
    [junit]   at com.google.inject.BinderTest$19.configure(BinderTest.java:346)
    [junit] 
    [junit] 1 error
    [junit] 	at com.google.inject.internal.Errors.throwCreationExceptionIfErrorsExist(Errors.java:466)
    [junit] 	at com.google.inject.internal.InternalInjectorCreator.initializeStatically(InternalInjectorCreator.java:155)
    [junit] 	at com.google.inject.internal.InternalInjectorCreator.build(InternalInjectorCreator.java:107)
    [junit] 	at com.google.inject.Guice.createInjector(Guice.java:96)
    [junit] 	at com.google.inject.Guice.createInjector(Guice.java:73)
    [junit] 	at com.google.inject.Guice.createInjector(Guice.java:62)
    [junit] 	at com.google.inject.BinderTest.testSettingAtImplementedByTwice(BinderTest.java:343)
    [junit] 	at sun.reflect.NativeMethodAccessorImpl.invoke0(Native Method)
    [junit] 	at sun.reflect.NativeMethodAccessorImpl.invoke(NativeMethodAccessorImpl.java:57)
    [junit] 	at sun.reflect.DelegatingMethodAccessorImpl.invoke(DelegatingMethodAccessorImpl.java:43)
    [junit] 	at java.lang.reflect.Method.invoke(Method.java:622)
    [junit] 	at junit.framework.TestCase.runTest(TestCase.java:154)
    [junit] 	at junit.framework.TestCase.runBare(TestCase.java:127)
    [junit] 	at junit.framework.TestResult$1.protect(TestResult.java:106)
    [junit] 	at junit.framework.TestResult.runProtected(TestResult.java:124)
    [junit] 	at junit.framework.TestResult.run(TestResult.java:109)
    [junit] 	at junit.framework.TestCase.run(TestCase.java:118)
    [junit] 	at junit.framework.TestSuite.runTest(TestSuite.java:208)
    [junit] 	at junit.framework.TestSuite.run(TestSuite.java:203)
    [junit] 	at junit.framework.TestSuite.runTest(TestSuite.java:208)
    [junit] 	at junit.framework.TestSuite.run(TestSuite.java:203)
    [junit] 	at junit.textui.TestRunner.doRun(TestRunner.java:116)
    [junit] 	at junit.textui.TestRunner.start(TestRunner.java:172)
    [junit] 	at junit.textui.TestRunner.main(TestRunner.java:138)
    [junit] ......Apr 28, 2015 7:05:34 PM com.google.inject.internal.MessageProcessor visit
    [junit] INFO: An exception was caught and reported. Message: java.lang.IllegalArgumentException
    [junit] java.lang.IllegalArgumentException
    [junit] 	at com.google.inject.BinderTest$24.configure(BinderTest.java:450)
    [junit] 	at com.google.inject.AbstractModule.configure(AbstractModule.java:62)
    [junit] 	at com.google.inject.spi.Elements$RecordingBinder.install(Elements.java:340)
    [junit] 	at com.google.inject.spi.Elements.getElements(Elements.java:110)
    [junit] 	at com.google.inject.internal.InjectorShell$Builder.build(InjectorShell.java:138)
    [junit] 	at com.google.inject.internal.InternalInjectorCreator.build(InternalInjectorCreator.java:104)
    [junit] 	at com.google.inject.Guice.createInjector(Guice.java:96)
    [junit] 	at com.google.inject.Guice.createInjector(Guice.java:73)
    [junit] 	at com.google.inject.Guice.createInjector(Guice.java:62)
    [junit] 	at com.google.inject.BinderTest.testUserReportedErrorsAreAlsoLogged(BinderTest.java:447)
    [junit] 	at sun.reflect.NativeMethodAccessorImpl.invoke0(Native Method)
    [junit] 	at sun.reflect.NativeMethodAccessorImpl.invoke(NativeMethodAccessorImpl.java:57)
    [junit] 	at sun.reflect.DelegatingMethodAccessorImpl.invoke(DelegatingMethodAccessorImpl.java:43)
    [junit] 	at java.lang.reflect.Method.invoke(Method.java:622)
    [junit] 	at junit.framework.TestCase.runTest(TestCase.java:154)
    [junit] 	at junit.framework.TestCase.runBare(TestCase.java:127)
    [junit] 	at junit.framework.TestResult$1.protect(TestResult.java:106)
    [junit] 	at junit.framework.TestResult.runProtected(TestResult.java:124)
    [junit] 	at junit.framework.TestResult.run(TestResult.java:109)
    [junit] 	at junit.framework.TestCase.run(TestCase.java:118)
    [junit] 	at junit.framework.TestSuite.runTest(TestSuite.java:208)
    [junit] 	at junit.framework.TestSuite.run(TestSuite.java:203)
    [junit] 	at junit.framework.TestSuite.runTest(TestSuite.java:208)
    [junit] 	at junit.framework.TestSuite.run(TestSuite.java:203)
    [junit] 	at junit.textui.TestRunner.doRun(TestRunner.java:116)
    [junit] 	at junit.textui.TestRunner.start(TestRunner.java:172)
    [junit] 	at junit.textui.TestRunner.main(TestRunner.java:138)
    [junit] ...
    [junit] .........................................
    [junit] .........................................
    [junit] .........................................
    [junit] .........................................
    [junit] .........................................
    [junit] .........................................
    [junit] .........................................
    [junit] ..................Apr 28, 2015 7:05:39 PM com.google.inject.internal.MessageProcessor visit
    [junit] INFO: An exception was caught and reported. Message: java.lang.IllegalStateException: Failing in the scanner.
    [junit] java.lang.IllegalStateException: Failing in the scanner.
    [junit] 	at com.google.inject.spi.ModuleAnnotatedMethodScannerTest$FailingScanner.prepareMethod(ModuleAnnotatedMethodScannerTest.java:205)
    [junit] 	at com.google.inject.internal.ProviderMethodsModule.createProviderMethod(ProviderMethodsModule.java:266)
    [junit] 	at com.google.inject.internal.ProviderMethodsModule.getProviderMethods(ProviderMethodsModule.java:144)
    [junit] 	at com.google.inject.internal.ProviderMethodsModule.configure(ProviderMethodsModule.java:123)
    [junit] 	at com.google.inject.spi.Elements$RecordingBinder.install(Elements.java:340)
    [junit] 	at com.google.inject.spi.Elements$RecordingBinder.scanForAnnotatedMethods(Elements.java:295)
    [junit] 	at com.google.inject.spi.Elements.getElements(Elements.java:112)
    [junit] 	at com.google.inject.internal.InjectorShell$Builder.build(InjectorShell.java:138)
    [junit] 	at com.google.inject.internal.InternalInjectorCreator.build(InternalInjectorCreator.java:104)
    [junit] 	at com.google.inject.Guice.createInjector(Guice.java:96)
    [junit] 	at com.google.inject.Guice.createInjector(Guice.java:73)
    [junit] 	at com.google.inject.Guice.createInjector(Guice.java:62)
    [junit] 	at com.google.inject.spi.ModuleAnnotatedMethodScannerTest.testFailingScanner(ModuleAnnotatedMethodScannerTest.java:174)
    [junit] 	at sun.reflect.NativeMethodAccessorImpl.invoke0(Native Method)
    [junit] 	at sun.reflect.NativeMethodAccessorImpl.invoke(NativeMethodAccessorImpl.java:57)
    [junit] 	at sun.reflect.DelegatingMethodAccessorImpl.invoke(DelegatingMethodAccessorImpl.java:43)
    [junit] 	at java.lang.reflect.Method.invoke(Method.java:622)
    [junit] 	at junit.framework.TestCase.runTest(TestCase.java:154)
    [junit] 	at junit.framework.TestCase.runBare(TestCase.java:127)
    [junit] 	at junit.framework.TestResult$1.protect(TestResult.java:106)
    [junit] 	at junit.framework.TestResult.runProtected(TestResult.java:124)
    [junit] 	at junit.framework.TestResult.run(TestResult.java:109)
    [junit] 	at junit.framework.TestCase.run(TestCase.java:118)
    [junit] 	at junit.framework.TestSuite.runTest(TestSuite.java:208)
    [junit] 	at junit.framework.TestSuite.run(TestSuite.java:203)
    [junit] 	at junit.framework.TestSuite.runTest(TestSuite.java:208)
    [junit] 	at junit.framework.TestSuite.run(TestSuite.java:203)
    [junit] 	at junit.textui.TestRunner.doRun(TestRunner.java:116)
    [junit] 	at junit.textui.TestRunner.start(TestRunner.java:172)
    [junit] 	at junit.textui.TestRunner.main(TestRunner.java:138)
    [junit] .......................
    [junit] .........................................
    [junit] .........................................
    [junit] .........................................
    [junit] .........................................
    [junit] .........................................
    [junit] .........................................
    [junit] .........................................
    [junit] .........................................
    [junit] ...............Apr 28, 2015 7:05:42 PM com.google.inject.spi.InjectionPoint getInjectionPoints
    [junit] WARNING: Method: public void com.google.inject.spi.InjectionPointTest$Sub.atInject() is not annotated with @Inject but is overriding a method that is annotated with @javax.inject.Inject.  Because it is not annotated with @Inject, the method will not be injected. To fix this, annotate the method with @Inject.
    [junit] Apr 28, 2015 7:05:42 PM com.google.inject.spi.InjectionPoint getInjectionPoints
    [junit] WARNING: Method: public void com.google.inject.spi.InjectionPointTest$Sub.atInject() is not annotated with @Inject but is overriding a method that is annotated with @javax.inject.Inject.  Because it is not annotated with @Inject, the method will not be injected. To fix this, annotate the method with @Inject.
    [junit] Apr 28, 2015 7:05:42 PM com.google.inject.spi.InjectionPoint getInjectionPoints
    [junit] WARNING: Method: public void com.google.inject.spi.InjectionPointTest$SubSub.privateGAndPublicAt() is not annotated with @Inject but is overriding a method that is annotated with @javax.inject.Inject.  Because it is not annotated with @Inject, the method will not be injected. To fix this, annotate the method with @Inject.
    [junit] ..........................
    [junit] .........................................
    [junit] .........................................
    [junit] .............aopalliance.jar 9 4576
    [junit] javax.inject.jar 6 2844
    [junit] Should not skip: ^
    [junit] Should not skip: ^
    [junit] Should not skip: ^
    [junit] Should not skip: ^
    [junit] Should not skip: ^
    [junit] Should not skip: ^
    [junit] Should not skip: ^
    [junit] Should not skip: ^
    [junit] Should not skip: ^
    [junit] Should not skip: ^
    [junit] Should not skip: ^
    [junit] guava.jar 1675 2199489
    [junit] osgitests.jar 28 20715
    [junit] ..............
    [junit] Time: 12.593
    [junit] 
    [junit] OK (888 tests)
    [junit] 

compile:

jar.withdeps:
   [jarjar] Building jar: /home/travis/build/google/guice/build/guice-with-deps.jar

manifest:
  [bndwrap] classes 355 452115
    [unjar] Expanding: /home/travis/build/google/guice/build/classes.bar into /home/travis/build/google/guice/build

jar:
      [jar] Building jar: /home/travis/build/google/guice/build/dist/guice-snapshot.jar

test.compile:

test.withdeps:
   [jarjar] Building jar: /home/travis/build/google/guice/build/guice-snapshot-tests.jar

test.dist.run:
    [junit] Apr 28, 2015 7:05:53 PM com.google.inject.spi.InjectionPoint getInjectionPoints
    [junit] WARNING: Method: protected void org.atinject.tck.auto.accessories.SpareTire.injectProtectedMethodForOverride() is not annotated with @Inject but is overriding a method that is annotated with @javax.inject.Inject.  Because it is not annotated with @Inject, the method will not be injected. To fix this, annotate the method with @Inject.
    [junit] Apr 28, 2015 7:05:53 PM com.google.inject.spi.InjectionPoint getInjectionPoints
    [junit] WARNING: Method: public void org.atinject.tck.auto.accessories.SpareTire.injectPublicMethodForOverride() is not annotated with @Inject but is overriding a method that is annotated with @javax.inject.Inject.  Because it is not annotated with @Inject, the method will not be injected. To fix this, annotate the method with @Inject.
    [junit] Apr 28, 2015 7:05:53 PM com.google.inject.spi.InjectionPoint getInjectionPoints
    [junit] WARNING: Method: void org.atinject.tck.auto.accessories.SpareTire.injectPackagePrivateMethod3() is not annotated with @Inject but is overriding a method that is annotated with @javax.inject.Inject.  Because it is not annotated with @Inject, the method will not be injected. To fix this, annotate the method with @Inject.
    [junit] Apr 28, 2015 7:05:53 PM com.google.inject.spi.InjectionPoint getInjectionPoints
    [junit] WARNING: Method: public void org.atinject.tck.auto.GasEngine.injectTwiceOverriddenWithOmissionInMiddle() is not annotated with @Inject but is overriding a method that is annotated with @javax.inject.Inject.  Because it is not annotated with @Inject, the method will not be injected. To fix this, annotate the method with @Inject.
    [junit] Apr 28, 2015 7:05:53 PM com.google.inject.spi.InjectionPoint getInjectionPoints
    [junit] WARNING: Method: void org.atinject.tck.auto.V8Engine.injectPackagePrivateMethodForOverride() is not annotated with @Inject but is overriding a method that is annotated with @javax.inject.Inject.  Because it is not annotated with @Inject, the method will not be injected. To fix this, annotate the method with @Inject.
    [junit] Apr 28, 2015 7:05:53 PM com.google.inject.spi.InjectionPoint getInjectionPoints
    [junit] WARNING: Method: public void org.atinject.tck.auto.V8Engine.injectQualifiers(org.atinject.tck.auto.Seat,org.atinject.tck.auto.Seat,org.atinject.tck.auto.Tire,org.atinject.tck.auto.Tire) is not annotated with @Inject but is overriding a method that is annotated with @javax.inject.Inject.  Because it is not annotated with @Inject, the method will not be injected. To fix this, annotate the method with @Inject.
    [junit] Apr 28, 2015 7:05:53 PM com.google.inject.spi.InjectionPoint getInjectionPoints
    [junit] WARNING: Method: public void org.atinject.tck.auto.V8Engine.injectTwiceOverriddenWithOmissionInSubclass() is not annotated with @Inject but is overriding a method that is annotated with @javax.inject.Inject.  Because it is not annotated with @Inject, the method will not be injected. To fix this, annotate the method with @Inject.
    [junit] .........................................
    [junit] ....................................com.google.inject.CreationException: Unable to create injector, see the following errors:
    [junit] 
    [junit] 1) A binding to com.google.inject.BinderTest$HasImplementedBy1 was already configured at com.google.inject.BinderTest$19.configure(Unknown Source).
    [junit]   at com.google.inject.BinderTest$19.configure(Unknown Source)
    [junit] 
    [junit] 1 error
    [junit] 	at com.google.inject.internal.Errors.throwCreationExceptionIfErrorsExist(Errors.java:466)
    [junit] 	at com.google.inject.internal.InternalInjectorCreator.initializeStatically(InternalInjectorCreator.java:155)
    [junit] 	at com.google.inject.internal.InternalInjectorCreator.build(InternalInjectorCreator.java:107)
    [junit] 	at com.google.inject.Guice.createInjector(Guice.java:96)
    [junit] 	at com.google.inject.Guice.createInjector(Guice.java:73)
    [junit] 	at com.google.inject.Guice.createInjector(Guice.java:62)
    [junit] 	at com.google.inject.BinderTest.testSettingAtImplementedByTwice(BinderTest.java:343)
    [junit] 	at sun.reflect.NativeMethodAccessorImpl.invoke0(Native Method)
    [junit] 	at sun.reflect.NativeMethodAccessorImpl.invoke(NativeMethodAccessorImpl.java:57)
    [junit] 	at sun.reflect.DelegatingMethodAccessorImpl.invoke(DelegatingMethodAccessorImpl.java:43)
    [junit] 	at java.lang.reflect.Method.invoke(Method.java:622)
    [junit] 	at junit.framework.TestCase.runTest(TestCase.java:154)
    [junit] 	at junit.framework.TestCase.runBare(TestCase.java:127)
    [junit] 	at junit.framework.TestResult$1.protect(TestResult.java:106)
    [junit] 	at junit.framework.TestResult.runProtected(TestResult.java:124)
    [junit] 	at junit.framework.TestResult.run(TestResult.java:109)
    [junit] 	at junit.framework.TestCase.run(TestCase.java:118)
    [junit] 	at junit.framework.TestSuite.runTest(TestSuite.java:208)
    [junit] 	at junit.framework.TestSuite.run(TestSuite.java:203)
    [junit] 	at junit.framework.TestSuite.runTest(TestSuite.java:208)
    [junit] 	at junit.framework.TestSuite.run(TestSuite.java:203)
    [junit] 	at junit.textui.TestRunner.doRun(TestRunner.java:116)
    [junit] 	at junit.textui.TestRunner.start(TestRunner.java:172)
    [junit] 	at junit.textui.TestRunner.main(TestRunner.java:138)
    [junit] .....
    [junit] ..Apr 28, 2015 7:05:54 PM com.google.inject.internal.MessageProcessor visit
    [junit] INFO: An exception was caught and reported. Message: java.lang.IllegalArgumentException
    [junit] java.lang.IllegalArgumentException
    [junit] 	at com.google.inject.BinderTest$24.configure(BinderTest.java:450)
    [junit] 	at com.google.inject.AbstractModule.configure(AbstractModule.java:62)
    [junit] 	at com.google.inject.spi.Elements$RecordingBinder.install(Elements.java:340)
    [junit] 	at com.google.inject.spi.Elements.getElements(Elements.java:110)
    [junit] 	at com.google.inject.internal.InjectorShell$Builder.build(InjectorShell.java:138)
    [junit] 	at com.google.inject.internal.InternalInjectorCreator.build(InternalInjectorCreator.java:104)
    [junit] 	at com.google.inject.Guice.createInjector(Guice.java:96)
    [junit] 	at com.google.inject.Guice.createInjector(Guice.java:73)
    [junit] 	at com.google.inject.Guice.createInjector(Guice.java:62)
    [junit] 	at com.google.inject.BinderTest.testUserReportedErrorsAreAlsoLogged(BinderTest.java:447)
    [junit] 	at sun.reflect.NativeMethodAccessorImpl.invoke0(Native Method)
    [junit] 	at sun.reflect.NativeMethodAccessorImpl.invoke(NativeMethodAccessorImpl.java:57)
    [junit] 	at sun.reflect.DelegatingMethodAccessorImpl.invoke(DelegatingMethodAccessorImpl.java:43)
    [junit] 	at java.lang.reflect.Method.invoke(Method.java:622)
    [junit] 	at junit.framework.TestCase.runTest(TestCase.java:154)
    [junit] 	at junit.framework.TestCase.runBare(TestCase.java:127)
    [junit] 	at junit.framework.TestResult$1.protect(TestResult.java:106)
    [junit] 	at junit.framework.TestResult.runProtected(TestResult.java:124)
    [junit] 	at junit.framework.TestResult.run(TestResult.java:109)
    [junit] 	at junit.framework.TestCase.run(TestCase.java:118)
    [junit] 	at junit.framework.TestSuite.runTest(TestSuite.java:208)
    [junit] 	at junit.framework.TestSuite.run(TestSuite.java:203)
    [junit] 	at junit.framework.TestSuite.runTest(TestSuite.java:208)
    [junit] 	at junit.framework.TestSuite.run(TestSuite.java:203)
    [junit] 	at junit.textui.TestRunner.doRun(TestRunner.java:116)
    [junit] 	at junit.textui.TestRunner.start(TestRunner.java:172)
    [junit] 	at junit.textui.TestRunner.main(TestRunner.java:138)
    [junit] .......................................
    [junit] .........................................
    [junit] .........................................
    [junit] .........................................
    [junit] .........................................
    [junit] .........................................
    [junit] .........................................
    [junit] ................Apr 28, 2015 7:05:58 PM com.google.inject.internal.MessageProcessor visit
    [junit] INFO: An exception was caught and reported. Message: java.lang.IllegalStateException: Failing in the scanner.
    [junit] java.lang.IllegalStateException: Failing in the scanner.
    [junit] 	at com.google.inject.spi.ModuleAnnotatedMethodScannerTest$FailingScanner.prepareMethod(ModuleAnnotatedMethodScannerTest.java:205)
    [junit] 	at com.google.inject.internal.ProviderMethodsModule.createProviderMethod(ProviderMethodsModule.java:266)
    [junit] 	at com.google.inject.internal.ProviderMethodsModule.getProviderMethods(ProviderMethodsModule.java:144)
    [junit] 	at com.google.inject.internal.ProviderMethodsModule.configure(ProviderMethodsModule.java:123)
    [junit] 	at com.google.inject.spi.Elements$RecordingBinder.install(Elements.java:340)
    [junit] 	at com.google.inject.spi.Elements$RecordingBinder.scanForAnnotatedMethods(Elements.java:295)
    [junit] 	at com.google.inject.spi.Elements.getElements(Elements.java:112)
    [junit] 	at com.google.inject.internal.InjectorShell$Builder.build(InjectorShell.java:138)
    [junit] 	at com.google.inject.internal.InternalInjectorCreator.build(InternalInjectorCreator.java:104)
    [junit] 	at com.google.inject.Guice.createInjector(Guice.java:96)
    [junit] 	at com.google.inject.Guice.createInjector(Guice.java:73)
    [junit] 	at com.google.inject.Guice.createInjector(Guice.java:62)
    [junit] 	at com.google.inject.spi.ModuleAnnotatedMethodScannerTest.testFailingScanner(ModuleAnnotatedMethodScannerTest.java:174)
    [junit] 	at sun.reflect.NativeMethodAccessorImpl.invoke0(Native Method)
    [junit] 	at sun.reflect.NativeMethodAccessorImpl.invoke(NativeMethodAccessorImpl.java:57)
    [junit] 	at sun.reflect.DelegatingMethodAccessorImpl.invoke(DelegatingMethodAccessorImpl.java:43)
    [junit] 	at java.lang.reflect.Method.invoke(Method.java:622)
    [junit] 	at junit.framework.TestCase.runTest(TestCase.java:154)
    [junit] 	at junit.framework.TestCase.runBare(TestCase.java:127)
    [junit] 	at junit.framework.TestResult$1.protect(TestResult.java:106)
    [junit] 	at junit.framework.TestResult.runProtected(TestResult.java:124)
    [junit] 	at junit.framework.TestResult.run(TestResult.java:109)
    [junit] 	at junit.framework.TestCase.run(TestCase.java:118)
    [junit] 	at junit.framework.TestSuite.runTest(TestSuite.java:208)
    [junit] 	at junit.framework.TestSuite.run(TestSuite.java:203)
    [junit] 	at junit.framework.TestSuite.runTest(TestSuite.java:208)
    [junit] 	at junit.framework.TestSuite.run(TestSuite.java:203)
    [junit] 	at junit.textui.TestRunner.doRun(TestRunner.java:116)
    [junit] 	at junit.textui.TestRunner.start(TestRunner.java:172)
    [junit] 	at junit.textui.TestRunner.main(TestRunner.java:138)
    [junit] .........................
    [junit] .........................................
    [junit] .........................................
    [junit] .........................................
    [junit] .........................................
    [junit] .........................................
    [junit] .........................................
    [junit] .........................................
    [junit] .........................................
    [junit] ................Apr 28, 2015 7:06:00 PM com.google.inject.spi.InjectionPoint getInjectionPoints
    [junit] WARNING: Method: public void com.google.inject.spi.InjectionPointTest$Sub.atInject() is not annotated with @Inject but is overriding a method that is annotated with @javax.inject.Inject.  Because it is not annotated with @Inject, the method will not be injected. To fix this, annotate the method with @Inject.
    [junit] Apr 28, 2015 7:06:00 PM com.google.inject.spi.InjectionPoint getInjectionPoints
    [junit] WARNING: Method: public void com.google.inject.spi.InjectionPointTest$Sub.atInject() is not annotated with @Inject but is overriding a method that is annotated with @javax.inject.Inject.  Because it is not annotated with @Inject, the method will not be injected. To fix this, annotate the method with @Inject.
    [junit] Apr 28, 2015 7:06:00 PM com.google.inject.spi.InjectionPoint getInjectionPoints
    [junit] WARNING: Method: public void com.google.inject.spi.InjectionPointTest$SubSub.privateGAndPublicAt() is not annotated with @Inject but is overriding a method that is annotated with @javax.inject.Inject.  Because it is not annotated with @Inject, the method will not be injected. To fix this, annotate the method with @Inject.
    [junit] .........................
    [junit] .........................................
    [junit] .........................................
    [junit] .............aopalliance.jar 9 4576
    [junit] javax.inject.jar 6 2845
    [junit] Should not skip: ^
    [junit] Should not skip: ^
    [junit] Should not skip: ^
    [junit] Should not skip: ^
    [junit] Should not skip: ^
    [junit] Should not skip: ^
    [junit] Should not skip: ^
    [junit] Should not skip: ^
    [junit] Should not skip: ^
    [junit] Should not skip: ^
    [junit] Should not skip: ^
    [junit] guava.jar 1675 2199489
    [junit] osgitests.jar 28 20715
    [junit] ..............
    [junit] Time: 11.984
    [junit] 
    [junit] OK (888 tests)
    [junit] 

compile:

jar.withdeps:
   [jarjar] Building jar: /home/travis/build/google/guice/build/guice-with-deps.jar

manifest:
  [bndwrap] classes 355 452115
    [unjar] Expanding: /home/travis/build/google/guice/build/classes.bar into /home/travis/build/google/guice/build

jar:
      [jar] Building jar: /home/travis/build/google/guice/build/dist/guice-snapshot.jar

test.compile:

test.withdeps:
   [jarjar] Building jar: /home/travis/build/google/guice/build/guice-snapshot-tests.jar

test.dist.run:
    [junit] Apr 28, 2015 7:06:11 PM com.google.inject.spi.InjectionPoint getInjectionPoints
    [junit] WARNING: Method: protected void org.atinject.tck.auto.accessories.SpareTire.injectProtectedMethodForOverride() is not annotated with @Inject but is overriding a method that is annotated with @javax.inject.Inject.  Because it is not annotated with @Inject, the method will not be injected. To fix this, annotate the method with @Inject.
    [junit] Apr 28, 2015 7:06:12 PM com.google.inject.spi.InjectionPoint getInjectionPoints
    [junit] WARNING: Method: public void org.atinject.tck.auto.accessories.SpareTire.injectPublicMethodForOverride() is not annotated with @Inject but is overriding a method that is annotated with @javax.inject.Inject.  Because it is not annotated with @Inject, the method will not be injected. To fix this, annotate the method with @Inject.
    [junit] Apr 28, 2015 7:06:12 PM com.google.inject.spi.InjectionPoint getInjectionPoints
    [junit] WARNING: Method: void org.atinject.tck.auto.accessories.SpareTire.injectPackagePrivateMethod3() is not annotated with @Inject but is overriding a method that is annotated with @javax.inject.Inject.  Because it is not annotated with @Inject, the method will not be injected. To fix this, annotate the method with @Inject.
    [junit] Apr 28, 2015 7:06:12 PM com.google.inject.spi.InjectionPoint getInjectionPoints
    [junit] WARNING: Method: public void org.atinject.tck.auto.GasEngine.injectTwiceOverriddenWithOmissionInMiddle() is not annotated with @Inject but is overriding a method that is annotated with @javax.inject.Inject.  Because it is not annotated with @Inject, the method will not be injected. To fix this, annotate the method with @Inject.
    [junit] Apr 28, 2015 7:06:12 PM com.google.inject.spi.InjectionPoint getInjectionPoints
    [junit] WARNING: Method: void org.atinject.tck.auto.V8Engine.injectPackagePrivateMethodForOverride() is not annotated with @Inject but is overriding a method that is annotated with @javax.inject.Inject.  Because it is not annotated with @Inject, the method will not be injected. To fix this, annotate the method with @Inject.
    [junit] Apr 28, 2015 7:06:12 PM com.google.inject.spi.InjectionPoint getInjectionPoints
    [junit] WARNING: Method: public void org.atinject.tck.auto.V8Engine.injectQualifiers(org.atinject.tck.auto.Seat,org.atinject.tck.auto.Seat,org.atinject.tck.auto.Tire,org.atinject.tck.auto.Tire) is not annotated with @Inject but is overriding a method that is annotated with @javax.inject.Inject.  Because it is not annotated with @Inject, the method will not be injected. To fix this, annotate the method with @Inject.
    [junit] Apr 28, 2015 7:06:12 PM com.google.inject.spi.InjectionPoint getInjectionPoints
    [junit] WARNING: Method: public void org.atinject.tck.auto.V8Engine.injectTwiceOverriddenWithOmissionInSubclass() is not annotated with @Inject but is overriding a method that is annotated with @javax.inject.Inject.  Because it is not annotated with @Inject, the method will not be injected. To fix this, annotate the method with @Inject.
    [junit] .........................................
    [junit] .....................................com.google.inject.CreationException: Unable to create injector, see the following errors:
    [junit] 
    [junit] 1) A binding to com.google.inject.BinderTest$HasImplementedBy1 was already configured at com.google.inject.BinderTest$19.configure(BinderTest.java:347).
    [junit]   at com.google.inject.BinderTest$19.configure(BinderTest.java:346)
    [junit] 
    [junit] 1 error
    [junit] 	at com.google.inject.internal.Errors.throwCreationExceptionIfErrorsExist(Errors.java:466)
    [junit] 	at com.google.inject.internal.InternalInjectorCreator.initializeStatically(InternalInjectorCreator.java:155)
    [junit] 	at com.google.inject.internal.InternalInjectorCreator.build(InternalInjectorCreator.java:107)
    [junit] 	at com.google.inject.Guice.createInjector(Guice.java:96)
    [junit] 	at com.google.inject.Guice.createInjector(Guice.java:73)
    [junit] 	at com.google.inject.Guice.createInjector(Guice.java:62)
    [junit] 	at com.google.inject.BinderTest.testSettingAtImplementedByTwice(BinderTest.java:343)
    [junit] 	at sun.reflect.NativeMethodAccessorImpl.invoke0(Native Method)
    [junit] 	at sun.reflect.NativeMethodAccessorImpl.invoke(NativeMethodAccessorImpl.java:57)
    [junit] 	at sun.reflect.DelegatingMethodAccessorImpl.invoke(DelegatingMethodAccessorImpl.java:43)
    [junit] 	at java.lang.reflect.Method.invoke(Method.java:622)
    [junit] 	at junit.framework.TestCase.runTest(TestCase.java:154)
    [junit] 	at junit.framework.TestCase.runBare(TestCase.java:127)
    [junit] 	at junit.framework.TestResult$1.protect(TestResult.java:106)
    [junit] 	at junit.framework.TestResult.runProtected(TestResult.java:124)
    [junit] 	at junit.framework.TestResult.run(TestResult.java:109)
    [junit] 	at junit.framework.TestCase.run(TestCase.java:118)
    [junit] 	at junit.framework.TestSuite.runTest(TestSuite.java:208)
    [junit] 	at junit.framework.TestSuite.run(TestSuite.java:203)
    [junit] 	at junit.framework.TestSuite.runTest(TestSuite.java:208)
    [junit] 	at junit.framework.TestSuite.run(TestSuite.java:203)
    [junit] 	at junit.textui.TestRunner.doRun(TestRunner.java:116)
    [junit] 	at junit.textui.TestRunner.start(TestRunner.java:172)
    [junit] 	at junit.textui.TestRunner.main(TestRunner.java:138)
    [junit] ....
    [junit] ..Apr 28, 2015 7:06:12 PM com.google.inject.internal.MessageProcessor visit
    [junit] INFO: An exception was caught and reported. Message: java.lang.IllegalArgumentException
    [junit] java.lang.IllegalArgumentException
    [junit] 	at com.google.inject.BinderTest$24.configure(BinderTest.java:450)
    [junit] 	at com.google.inject.AbstractModule.configure(AbstractModule.java:62)
    [junit] 	at com.google.inject.spi.Elements$RecordingBinder.install(Elements.java:340)
    [junit] 	at com.google.inject.spi.Elements.getElements(Elements.java:110)
    [junit] 	at com.google.inject.internal.InjectorShell$Builder.build(InjectorShell.java:138)
    [junit] 	at com.google.inject.internal.InternalInjectorCreator.build(InternalInjectorCreator.java:104)
    [junit] 	at com.google.inject.Guice.createInjector(Guice.java:96)
    [junit] 	at com.google.inject.Guice.createInjector(Guice.java:73)
    [junit] 	at com.google.inject.Guice.createInjector(Guice.java:62)
    [junit] 	at com.google.inject.BinderTest.testUserReportedErrorsAreAlsoLogged(BinderTest.java:447)
    [junit] 	at sun.reflect.NativeMethodAccessorImpl.invoke0(Native Method)
    [junit] 	at sun.reflect.NativeMethodAccessorImpl.invoke(NativeMethodAccessorImpl.java:57)
    [junit] 	at sun.reflect.DelegatingMethodAccessorImpl.invoke(DelegatingMethodAccessorImpl.java:43)
    [junit] 	at java.lang.reflect.Method.invoke(Method.java:622)
    [junit] 	at junit.framework.TestCase.runTest(TestCase.java:154)
    [junit] 	at junit.framework.TestCase.runBare(TestCase.java:127)
    [junit] 	at junit.framework.TestResult$1.protect(TestResult.java:106)
    [junit] 	at junit.framework.TestResult.runProtected(TestResult.java:124)
    [junit] 	at junit.framework.TestResult.run(TestResult.java:109)
    [junit] 	at junit.framework.TestCase.run(TestCase.java:118)
    [junit] 	at junit.framework.TestSuite.runTest(TestSuite.java:208)
    [junit] 	at junit.framework.TestSuite.run(TestSuite.java:203)
    [junit] 	at junit.framework.TestSuite.runTest(TestSuite.java:208)
    [junit] 	at junit.framework.TestSuite.run(TestSuite.java:203)
    [junit] 	at junit.textui.TestRunner.doRun(TestRunner.java:116)
    [junit] 	at junit.textui.TestRunner.start(TestRunner.java:172)
    [junit] 	at junit.textui.TestRunner.main(TestRunner.java:138)
    [junit] .......................................
    [junit] .........................................
    [junit] .........................................
    [junit] .........................................
    [junit] .........................................
    [junit] .........................................
    [junit] .........................................
    [junit] ..............Apr 28, 2015 7:06:17 PM com.google.inject.internal.MessageProcessor visit
    [junit] INFO: An exception was caught and reported. Message: java.lang.IllegalStateException: Failing in the scanner.
    [junit] java.lang.IllegalStateException: Failing in the scanner.
    [junit] 	at com.google.inject.spi.ModuleAnnotatedMethodScannerTest$FailingScanner.prepareMethod(ModuleAnnotatedMethodScannerTest.java:205)
    [junit] 	at com.google.inject.internal.ProviderMethodsModule.createProviderMethod(ProviderMethodsModule.java:266)
    [junit] 	at com.google.inject.internal.ProviderMethodsModule.getProviderMethods(ProviderMethodsModule.java:144)
    [junit] 	at com.google.inject.internal.ProviderMethodsModule.configure(ProviderMethodsModule.java:123)
    [junit] 	at com.google.inject.spi.Elements$RecordingBinder.install(Elements.java:340)
    [junit] 	at com.google.inject.spi.Elements$RecordingBinder.scanForAnnotatedMethods(Elements.java:295)
    [junit] 	at com.google.inject.spi.Elements.getElements(Elements.java:112)
    [junit] 	at com.google.inject.internal.InjectorShell$Builder.build(InjectorShell.java:138)
    [junit] 	at com.google.inject.internal.InternalInjectorCreator.build(InternalInjectorCreator.java:104)
    [junit] 	at com.google.inject.Guice.createInjector(Guice.java:96)
    [junit] 	at com.google.inject.Guice.createInjector(Guice.java:73)
    [junit] 	at com.google.inject.Guice.createInjector(Guice.java:62)
    [junit] 	at com.google.inject.spi.ModuleAnnotatedMethodScannerTest.testFailingScanner(ModuleAnnotatedMethodScannerTest.java:174)
    [junit] 	at sun.reflect.NativeMethodAccessorImpl.invoke0(Native Method)
    [junit] 	at sun.reflect.NativeMethodAccessorImpl.invoke(NativeMethodAccessorImpl.java:57)
    [junit] 	at sun.reflect.DelegatingMethodAccessorImpl.invoke(DelegatingMethodAccessorImpl.java:43)
    [junit] 	at java.lang.reflect.Method.invoke(Method.java:622)
    [junit] 	at junit.framework.TestCase.runTest(TestCase.java:154)
    [junit] 	at junit.framework.TestCase.runBare(TestCase.java:127)
    [junit] 	at junit.framework.TestResult$1.protect(TestResult.java:106)
    [junit] 	at junit.framework.TestResult.runProtected(TestResult.java:124)
    [junit] 	at junit.framework.TestResult.run(TestResult.java:109)
    [junit] 	at junit.framework.TestCase.run(TestCase.java:118)
    [junit] 	at junit.framework.TestSuite.runTest(TestSuite.java:208)
    [junit] 	at junit.framework.TestSuite.run(TestSuite.java:203)
    [junit] 	at junit.framework.TestSuite.runTest(TestSuite.java:208)
    [junit] 	at junit.framework.TestSuite.run(TestSuite.java:203)
    [junit] 	at junit.textui.TestRunner.doRun(TestRunner.java:116)
    [junit] 	at junit.textui.TestRunner.start(TestRunner.java:172)
    [junit] 	at junit.textui.TestRunner.main(TestRunner.java:138)
    [junit] ...........................
    [junit] .........................................
    [junit] .........................................
    [junit] .........................................
    [junit] .........................................
    [junit] .........................................
    [junit] .........................................
    [junit] .........................................
    [junit] .........................................
    [junit] ..................Apr 28, 2015 7:06:20 PM com.google.inject.spi.InjectionPoint getInjectionPoints
    [junit] WARNING: Method: public void com.google.inject.spi.InjectionPointTest$Sub.atInject() is not annotated with @Inject but is overriding a method that is annotated with @javax.inject.Inject.  Because it is not annotated with @Inject, the method will not be injected. To fix this, annotate the method with @Inject.
    [junit] Apr 28, 2015 7:06:20 PM com.google.inject.spi.InjectionPoint getInjectionPoints
    [junit] WARNING: Method: public void com.google.inject.spi.InjectionPointTest$Sub.atInject() is not annotated with @Inject but is overriding a method that is annotated with @javax.inject.Inject.  Because it is not annotated with @Inject, the method will not be injected. To fix this, annotate the method with @Inject.
    [junit] Apr 28, 2015 7:06:20 PM com.google.inject.spi.InjectionPoint getInjectionPoints
    [junit] WARNING: Method: public void com.google.inject.spi.InjectionPointTest$SubSub.privateGAndPublicAt() is not annotated with @Inject but is overriding a method that is annotated with @javax.inject.Inject.  Because it is not annotated with @Inject, the method will not be injected. To fix this, annotate the method with @Inject.
    [junit] .......................
    [junit] .........................................
    [junit] .........................................
    [junit] .............aopalliance.jar 9 4577
    [junit] javax.inject.jar 6 2844
    [junit] Should not skip: ^
    [junit] Should not skip: ^
    [junit] Should not skip: ^
    [junit] Should not skip: ^
    [junit] Should not skip: ^
    [junit] Should not skip: ^
    [junit] Should not skip: ^
    [junit] Should not skip: ^
    [junit] Should not skip: ^
    [junit] Should not skip: ^
    [junit] Should not skip: ^
    [junit] guava.jar 1675 2199489
    [junit] osgitests.jar 28 20716
    [junit] ..............
    [junit] Time: 13.266
    [junit] 
    [junit] OK (888 tests)
    [junit] 

BUILD SUCCESSFUL
Total time: 1 minute 18 seconds
travis_time:end:05590b78:start=1430247907844566534,finish=1430247986389166215,duration=78544599681[0K
[32;1mThe command "${CMD}" exited with 0.[0m
travis_fold:start:after_success.1[0Ktravis_time:start:17540b2a[0K$ util/generate-latest-docs.sh
travis_time:end:17540b2a:start=1430247986398075688,finish=1430247986412394588,duration=14318900[0Ktravis_fold:end:after_success.1[0Ktravis_fold:start:after_success.2[0Ktravis_time:start:029cc8c0[0K$ util/compareBuilds.sh
travis_time:end:029cc8c0:start=1430247986420691111,finish=1430247986429703587,duration=9012476[0Ktravis_fold:end:after_success.2[0Ktravis_fold:start:after_success.3[0Ktravis_time:start:197d9730[0K$ util/publish-snapshot-on-commit.sh
travis_time:end:197d9730:start=1430247986437629041,finish=1430247986450717066,duration=13088025[0Ktravis_fold:end:after_success.3[0K
Done. Your build exited with 0.
