travis_fold:start:worker_info[0K[33;1mWorker information[0m
hostname: travis-worker-gce-org-prod-3:8cfb02cc-88f1-49e5-95d9-1d765647dfed
version: v2.0.0-24-g8f5b41a https://github.com/travis-ci/worker/tree/8f5b41a07b602643e7ee8cf307787f9ca8f4b00b
instance: testing-gce-fc294c08-25b7-40df-b1aa-a369b4c6fa40:travis-ci-jvm-precise-1450223434
startup: 22.574884026s
travis_fold:end:worker_info[0Ktravis_fold:start:system_info[0K[33;1mBuild system information[0m
Build language: java
Build group: stable
Build dist: precise
[34m[1mBuild image provisioning date and time[0m
Wed Dec 16 00:12:25 UTC 2015
[34m[1mOperating System Details[0m
Distributor ID:	Ubuntu
Description:	Ubuntu 12.04.5 LTS
Release:	12.04
Codename:	precise
[34m[1mLinux Version[0m
3.13.0-63-generic
[34m[1mCookbooks Version[0m
d1eb0ee https://github.com/travis-ci/travis-cookbooks/tree/d1eb0ee
[34m[1mGit version[0m
git version 1.8.5.6
[34m[1mbash version[0m
GNU bash, version 4.2.25(1)-release (x86_64-pc-linux-gnu)
Copyright (C) 2011 Free Software Foundation, Inc.
License GPLv3+: GNU GPL version 3 or later <http://gnu.org/licenses/gpl.html>

This is free software; you are free to change and redistribute it.
There is NO WARRANTY, to the extent permitted by law.
[34m[1mGCC version[0m
gcc (Ubuntu/Linaro 4.6.3-1ubuntu5) 4.6.3
Copyright (C) 2011 Free Software Foundation, Inc.
This is free software; see the source for copying conditions.  There is NO
warranty; not even for MERCHANTABILITY or FITNESS FOR A PARTICULAR PURPOSE.

[34m[1mLLVM version[0m
clang version 3.4 (tags/RELEASE_34/final)
Target: x86_64-unknown-linux-gnu
Thread model: posix
[34m[1mPre-installed Ruby versions[0m
ruby-1.9.3-p551
[34m[1mPre-installed Node.js versions[0m
v0.10.36
[34m[1mPre-installed Go versions[0m
1.4.2
[34m[1mmysql --version[0m
mysql  Ver 14.14 Distrib 5.5.46, for debian-linux-gnu (x86_64) using readline 6.2
[34m[1mPre-installed PostgreSQL versions[0m
9.1.19
9.2.14
9.3.10
9.4.5
[34m[1mRedis version[0m
redis-server 3.0.5
[34m[1mriak version[0m
2.1.3
[34m[1mMongoDB version[0m
MongoDB 2.4.14
[34m[1mCouchDB version[0m
couchdb 1.6.1
[34m[1mNeo4j version[0m
1.9.4
[34m[1mCassandra version[0m
2.0.9
[34m[1mElasticSearch version[0m
1.4.0
[34m[1mInstalled Sphinx versions[0m
2.0.10
2.1.9
2.2.6
[34m[1mDefault Sphinx version[0m
2.2.6
[34m[1mInstalled Firefox version[0m
firefox 38.4.0esr
[34m[1mPhantomJS version[0m
1.9.8
[34m[1mant -version[0m
Apache Ant(TM) version 1.8.2 compiled on December 3 2011
[34m[1mmvn -version[0m
Apache Maven 3.2.5 (12a6b3acb947671f09b81f49094c53f426d8cea1; 2014-12-14T17:29:23+00:00)
Maven home: /usr/local/maven
Java version: 1.7.0_80, vendor: Oracle Corporation
Java home: /usr/lib/jvm/java-7-oracle/jre
Default locale: en, platform encoding: UTF-8
OS name: "linux", version: "3.13.0-63-generic", arch: "amd64", family: "unix"
[34m[1mgradle -version[0m

------------------------------------------------------------
Gradle 2.2.1
------------------------------------------------------------

Build time:   2014-11-24 09:45:35 UTC
Build number: none
Revision:     6fcb59c06f43a4e6b1bcb401f7686a8601a1fb4a

Groovy:       2.3.6
Ant:          Apache Ant(TM) version 1.9.3 compiled on December 23 2013
JVM:          1.7.0_80 (Oracle Corporation 24.80-b11)
OS:           Linux 3.13.0-63-generic amd64

[34m[1mlein1 version[0m
WARNING: You're currently running as root; probably by accident.
Press control-C to abort or Enter to continue as root.
Set LEIN_ROOT to disable this warning.
WARNING: You're currently running as root; probably by accident.
Press control-C to abort or Enter to continue as root.
Set LEIN_ROOT to disable this warning.
Downloading Leiningen now...
Using JLine for console I/O; install rlwrap for optimum experience.
Leiningen 1.7.1 on Java 1.7.0_80 Java HotSpot(TM) 64-Bit Server VM
[34m[1mlein2 version[0m
WARNING: You're currently running as root; probably by accident.
Press control-C to abort or Enter to continue as root.
Set LEIN_ROOT to disable this warning.
Downloading Leiningen to /home/travis/.lein/self-installs/home/travis/.lein/leiningen-2.5.1-standalone.jar now...
Leiningen 2.5.1 on Java 1.7.0_80 Java HotSpot(TM) 64-Bit Server VM
[34m[1mlein version[0m
WARNING: You're currently running as root; probably by accident.
Press control-C to abort or Enter to continue as root.
Set LEIN_ROOT to disable this warning.
Downloading Leiningen to /home/travis/.lein/self-installs/home/travis/.lein/leiningen-2.5.1-standalone.jar now...
Leiningen 2.5.1 on Java 1.7.0_80 Java HotSpot(TM) 64-Bit Server VM
travis_fold:end:system_info[0K
travis_fold:start:git.checkout[0Ktravis_time:start:0fd6a010[0K$ git clone --depth=50 https://github.com/google/guice.git google/guice
Cloning into 'google/guice'...
remote: Counting objects: 2698, done.[K
remote: Compressing objects:   0% (1/1345)   [Kremote: Compressing objects:   1% (14/1345)   [Kremote: Compressing objects:   2% (27/1345)   [Kremote: Compressing objects:   3% (41/1345)   [Kremote: Compressing objects:   4% (54/1345)   [Kremote: Compressing objects:   5% (68/1345)   [Kremote: Compressing objects:   6% (81/1345)   [Kremote: Compressing objects:   7% (95/1345)   [Kremote: Compressing objects:   8% (108/1345)   [Kremote: Compressing objects:   9% (122/1345)   [Kremote: Compressing objects:  10% (135/1345)   [Kremote: Compressing objects:  11% (148/1345)   [Kremote: Compressing objects:  12% (162/1345)   [Kremote: Compressing objects:  13% (175/1345)   [Kremote: Compressing objects:  14% (189/1345)   [Kremote: Compressing objects:  15% (202/1345)   [Kremote: Compressing objects:  16% (216/1345)   [Kremote: Compressing objects:  17% (229/1345)   [Kremote: Compressing objects:  18% (243/1345)   [Kremote: Compressing objects:  19% (256/1345)   [Kremote: Compressing objects:  20% (269/1345)   [Kremote: Compressing objects:  21% (283/1345)   [Kremote: Compressing objects:  22% (296/1345)   [Kremote: Compressing objects:  23% (310/1345)   [Kremote: Compressing objects:  24% (323/1345)   [Kremote: Compressing objects:  25% (337/1345)   [Kremote: Compressing objects:  26% (350/1345)   [Kremote: Compressing objects:  27% (364/1345)   [Kremote: Compressing objects:  28% (377/1345)   [Kremote: Compressing objects:  29% (391/1345)   [Kremote: Compressing objects:  30% (404/1345)   [Kremote: Compressing objects:  31% (417/1345)   [Kremote: Compressing objects:  32% (431/1345)   [Kremote: Compressing objects:  33% (444/1345)   [Kremote: Compressing objects:  34% (458/1345)   [Kremote: Compressing objects:  35% (471/1345)   [Kremote: Compressing objects:  36% (485/1345)   [Kremote: Compressing objects:  37% (498/1345)   [Kremote: Compressing objects:  38% (512/1345)   [Kremote: Compressing objects:  39% (525/1345)   [Kremote: Compressing objects:  40% (538/1345)   [Kremote: Compressing objects:  41% (552/1345)   [Kremote: Compressing objects:  42% (565/1345)   [Kremote: Compressing objects:  43% (579/1345)   [Kremote: Compressing objects:  44% (592/1345)   [Kremote: Compressing objects:  45% (606/1345)   [Kremote: Compressing objects:  46% (619/1345)   [Kremote: Compressing objects:  47% (633/1345)   [Kremote: Compressing objects:  48% (646/1345)   [Kremote: Compressing objects:  49% (660/1345)   [Kremote: Compressing objects:  50% (673/1345)   [Kremote: Compressing objects:  51% (686/1345)   [Kremote: Compressing objects:  52% (700/1345)   [Kremote: Compressing objects:  53% (713/1345)   [Kremote: Compressing objects:  54% (727/1345)   [Kremote: Compressing objects:  55% (740/1345)   [Kremote: Compressing objects:  56% (754/1345)   [Kremote: Compressing objects:  57% (767/1345)   [Kremote: Compressing objects:  58% (781/1345)   [Kremote: Compressing objects:  59% (794/1345)   [Kremote: Compressing objects:  60% (807/1345)   [Kremote: Compressing objects:  61% (821/1345)   [Kremote: Compressing objects:  62% (834/1345)   [Kremote: Compressing objects:  63% (848/1345)   [Kremote: Compressing objects:  64% (861/1345)   [Kremote: Compressing objects:  65% (875/1345)   [Kremote: Compressing objects:  66% (888/1345)   [Kremote: Compressing objects:  67% (902/1345)   [Kremote: Compressing objects:  68% (915/1345)   [Kremote: Compressing objects:  69% (929/1345)   [Kremote: Compressing objects:  70% (942/1345)   [Kremote: Compressing objects:  71% (955/1345)   [Kremote: Compressing objects:  72% (969/1345)   [Kremote: Compressing objects:  73% (982/1345)   [Kremote: Compressing objects:  74% (996/1345)   [Kremote: Compressing objects:  75% (1009/1345)   [Kremote: Compressing objects:  76% (1023/1345)   [Kremote: Compressing objects:  77% (1036/1345)   [Kremote: Compressing objects:  78% (1050/1345)   [Kremote: Compressing objects:  79% (1063/1345)   [Kremote: Compressing objects:  80% (1076/1345)   [Kremote: Compressing objects:  81% (1090/1345)   [Kremote: Compressing objects:  82% (1103/1345)   [Kremote: Compressing objects:  83% (1117/1345)   [Kremote: Compressing objects:  84% (1130/1345)   [Kremote: Compressing objects:  85% (1144/1345)   [Kremote: Compressing objects:  86% (1157/1345)   [Kremote: Compressing objects:  87% (1171/1345)   [Kremote: Compressing objects:  88% (1184/1345)   [Kremote: Compressing objects:  89% (1198/1345)   [Kremote: Compressing objects:  90% (1211/1345)   [Kremote: Compressing objects:  91% (1224/1345)   [Kremote: Compressing objects:  92% (1238/1345)   [Kremote: Compressing objects:  93% (1251/1345)   [Kremote: Compressing objects:  94% (1265/1345)   [Kremote: Compressing objects:  95% (1278/1345)   [Kremote: Compressing objects:  96% (1292/1345)   [Kremote: Compressing objects:  97% (1305/1345)   [Kremote: Compressing objects:  98% (1319/1345)   [Kremote: Compressing objects:  99% (1332/1345)   [Kremote: Compressing objects: 100% (1345/1345)   [Kremote: Compressing objects: 100% (1345/1345), done.[K
Receiving objects:   0% (1/2698)   Receiving objects:   1% (27/2698)   Receiving objects:   2% (54/2698)   Receiving objects:   3% (81/2698)   Receiving objects:   4% (108/2698)   Receiving objects:   5% (135/2698)   Receiving objects:   6% (162/2698)   Receiving objects:   7% (189/2698)   Receiving objects:   8% (216/2698)   Receiving objects:   9% (243/2698)   Receiving objects:  10% (270/2698)   Receiving objects:  11% (297/2698)   Receiving objects:  12% (324/2698)   Receiving objects:  13% (351/2698)   Receiving objects:  14% (378/2698)   Receiving objects:  15% (405/2698)   Receiving objects:  16% (432/2698)   Receiving objects:  17% (459/2698)   Receiving objects:  18% (486/2698)   Receiving objects:  19% (513/2698)   Receiving objects:  20% (540/2698)   Receiving objects:  21% (567/2698)   Receiving objects:  22% (594/2698)   Receiving objects:  23% (621/2698)   Receiving objects:  24% (648/2698)   Receiving objects:  25% (675/2698)   Receiving objects:  26% (702/2698)   Receiving objects:  27% (729/2698)   Receiving objects:  28% (756/2698)   Receiving objects:  29% (783/2698)   Receiving objects:  30% (810/2698)   Receiving objects:  31% (837/2698)   Receiving objects:  32% (864/2698)   Receiving objects:  33% (891/2698)   Receiving objects:  34% (918/2698)   Receiving objects:  35% (945/2698)   Receiving objects:  36% (972/2698)   Receiving objects:  37% (999/2698)   Receiving objects:  38% (1026/2698)   Receiving objects:  39% (1053/2698)   Receiving objects:  40% (1080/2698)   Receiving objects:  41% (1107/2698)   Receiving objects:  42% (1134/2698)   Receiving objects:  43% (1161/2698)   Receiving objects:  44% (1188/2698)   Receiving objects:  45% (1215/2698)   Receiving objects:  46% (1242/2698)   Receiving objects:  47% (1269/2698)   Receiving objects:  48% (1296/2698)   Receiving objects:  49% (1323/2698)   Receiving objects:  50% (1349/2698)   Receiving objects:  51% (1376/2698)   Receiving objects:  52% (1403/2698)   Receiving objects:  53% (1430/2698)   Receiving objects:  54% (1457/2698)   Receiving objects:  55% (1484/2698)   Receiving objects:  56% (1511/2698)   Receiving objects:  57% (1538/2698)   Receiving objects:  58% (1565/2698)   Receiving objects:  59% (1592/2698)   Receiving objects:  60% (1619/2698)   Receiving objects:  61% (1646/2698)   Receiving objects:  62% (1673/2698)   Receiving objects:  63% (1700/2698)   Receiving objects:  64% (1727/2698)   Receiving objects:  65% (1754/2698)   Receiving objects:  66% (1781/2698)   Receiving objects:  67% (1808/2698)   Receiving objects:  68% (1835/2698)   Receiving objects:  69% (1862/2698)   Receiving objects:  70% (1889/2698)   Receiving objects:  71% (1916/2698)   Receiving objects:  72% (1943/2698)   Receiving objects:  73% (1970/2698)   Receiving objects:  74% (1997/2698)   Receiving objects:  75% (2024/2698)   Receiving objects:  76% (2051/2698)   Receiving objects:  77% (2078/2698)   Receiving objects:  78% (2105/2698)   Receiving objects:  79% (2132/2698)   Receiving objects:  80% (2159/2698)   Receiving objects:  81% (2186/2698)   Receiving objects:  82% (2213/2698)   Receiving objects:  83% (2240/2698)   Receiving objects:  84% (2267/2698)   Receiving objects:  85% (2294/2698)   Receiving objects:  86% (2321/2698)   Receiving objects:  87% (2348/2698)   Receiving objects:  88% (2375/2698)   Receiving objects:  89% (2402/2698)   Receiving objects:  90% (2429/2698)   Receiving objects:  91% (2456/2698)   Receiving objects:  92% (2483/2698)   Receiving objects:  93% (2510/2698)   Receiving objects:  94% (2537/2698)   Receiving objects:  95% (2564/2698)   Receiving objects:  96% (2591/2698)   Receiving objects:  97% (2618/2698)   Receiving objects:  98% (2645/2698)   remote: Total 2698 (delta 1139), reused 1924 (delta 654), pack-reused 0[K
Receiving objects:  99% (2672/2698)   Receiving objects: 100% (2698/2698)   Receiving objects: 100% (2698/2698), 25.00 MiB | 0 bytes/s, done.
Resolving deltas:   0% (0/1139)   Resolving deltas:   1% (17/1139)   Resolving deltas:   2% (25/1139)   Resolving deltas:   3% (36/1139)   Resolving deltas:   4% (56/1139)   Resolving deltas:   5% (60/1139)   Resolving deltas:   6% (75/1139)   Resolving deltas:   8% (100/1139)   Resolving deltas:   9% (104/1139)   Resolving deltas:  10% (118/1139)   Resolving deltas:  11% (126/1139)   Resolving deltas:  12% (138/1139)   Resolving deltas:  13% (152/1139)   Resolving deltas:  16% (193/1139)   Resolving deltas:  17% (195/1139)   Resolving deltas:  18% (207/1139)   Resolving deltas:  19% (220/1139)   Resolving deltas:  20% (231/1139)   Resolving deltas:  21% (242/1139)   Resolving deltas:  23% (267/1139)   Resolving deltas:  24% (277/1139)   Resolving deltas:  25% (289/1139)   Resolving deltas:  26% (299/1139)   Resolving deltas:  27% (308/1139)   Resolving deltas:  28% (319/1139)   Resolving deltas:  29% (332/1139)   Resolving deltas:  30% (342/1139)   Resolving deltas:  31% (356/1139)   Resolving deltas:  32% (368/1139)   Resolving deltas:  33% (380/1139)   Resolving deltas:  34% (392/1139)   Resolving deltas:  35% (400/1139)   Resolving deltas:  36% (414/1139)   Resolving deltas:  37% (424/1139)   Resolving deltas:  40% (458/1139)   Resolving deltas:  41% (469/1139)   Resolving deltas:  42% (479/1139)   Resolving deltas:  43% (493/1139)   Resolving deltas:  44% (502/1139)   Resolving deltas:  45% (515/1139)   Resolving deltas:  46% (525/1139)   Resolving deltas:  47% (537/1139)   Resolving deltas:  48% (558/1139)   Resolving deltas:  49% (563/1139)   Resolving deltas:  50% (571/1139)   Resolving deltas:  51% (581/1139)   Resolving deltas:  52% (594/1139)   Resolving deltas:  53% (612/1139)   Resolving deltas:  54% (617/1139)   Resolving deltas:  55% (630/1139)   Resolving deltas:  56% (641/1139)   Resolving deltas:  57% (653/1139)   Resolving deltas:  58% (661/1139)   Resolving deltas:  60% (685/1139)   Resolving deltas:  61% (696/1139)   Resolving deltas:  62% (707/1139)   Resolving deltas:  63% (723/1139)   Resolving deltas:  64% (731/1139)   Resolving deltas:  65% (741/1139)   Resolving deltas:  66% (754/1139)   Resolving deltas:  67% (766/1139)   Resolving deltas:  68% (775/1139)   Resolving deltas:  69% (786/1139)   Resolving deltas:  70% (798/1139)   Resolving deltas:  71% (809/1139)   Resolving deltas:  72% (824/1139)   Resolving deltas:  73% (832/1139)   Resolving deltas:  74% (848/1139)   Resolving deltas:  75% (857/1139)   Resolving deltas:  76% (867/1139)   Resolving deltas:  78% (890/1139)   Resolving deltas:  79% (907/1139)   Resolving deltas:  80% (915/1139)   Resolving deltas:  85% (976/1139)   Resolving deltas:  86% (980/1139)   Resolving deltas:  87% (994/1139)   Resolving deltas:  88% (1004/1139)   Resolving deltas:  89% (1015/1139)   Resolving deltas:  90% (1029/1139)   Resolving deltas:  91% (1041/1139)   Resolving deltas:  92% (1048/1139)   Resolving deltas:  93% (1064/1139)   Resolving deltas:  94% (1071/1139)   Resolving deltas:  95% (1086/1139)   Resolving deltas:  97% (1105/1139)   Resolving deltas:  98% (1122/1139)   Resolving deltas:  99% (1129/1139)   Resolving deltas: 100% (1139/1139)   Resolving deltas: 100% (1139/1139), done.
Checking connectivity... done.
travis_time:end:0fd6a010:start=1450825114895918028,finish=1450825116773827738,duration=1877909710[0K$ cd google/guice
travis_time:start:01c3ea50[0K$ git fetch origin +refs/pull/971/merge:
remote: Counting objects: 28, done.[K
remote: Compressing objects:   6% (1/15)   [Kremote: Compressing objects:  13% (2/15)   [Kremote: Compressing objects:  20% (3/15)   [Kremote: Compressing objects:  26% (4/15)   [Kremote: Compressing objects:  33% (5/15)   [Kremote: Compressing objects:  40% (6/15)   [Kremote: Compressing objects:  46% (7/15)   [Kremote: Compressing objects:  53% (8/15)   [Kremote: Compressing objects:  60% (9/15)   [Kremote: Compressing objects:  66% (10/15)   [Kremote: Compressing objects:  73% (11/15)   [Kremote: Compressing objects:  80% (12/15)   [Kremote: Compressing objects:  86% (13/15)   [Kremote: Compressing objects:  93% (14/15)   [Kremote: Compressing objects: 100% (15/15)   [Kremote: Compressing objects: 100% (15/15), done.[K
remote: Total 28 (delta 11), reused 11 (delta 3), pack-reused 0[K
Unpacking objects:   3% (1/28)   Unpacking objects:   7% (2/28)   Unpacking objects:  10% (3/28)   Unpacking objects:  14% (4/28)   Unpacking objects:  17% (5/28)   Unpacking objects:  21% (6/28)   Unpacking objects:  25% (7/28)   Unpacking objects:  28% (8/28)   Unpacking objects:  32% (9/28)   Unpacking objects:  35% (10/28)   Unpacking objects:  39% (11/28)   Unpacking objects:  42% (12/28)   Unpacking objects:  46% (13/28)   Unpacking objects:  50% (14/28)   Unpacking objects:  53% (15/28)   Unpacking objects:  57% (16/28)   Unpacking objects:  60% (17/28)   Unpacking objects:  64% (18/28)   Unpacking objects:  67% (19/28)   Unpacking objects:  71% (20/28)   Unpacking objects:  75% (21/28)   Unpacking objects:  78% (22/28)   Unpacking objects:  82% (23/28)   Unpacking objects:  85% (24/28)   Unpacking objects:  89% (25/28)   Unpacking objects:  92% (26/28)   Unpacking objects:  96% (27/28)   Unpacking objects: 100% (28/28)   Unpacking objects: 100% (28/28), done.
From https://github.com/google/guice
 * branch            refs/pull/971/merge -> FETCH_HEAD
travis_time:end:01c3ea50:start=1450825116777733552,finish=1450825117327544998,duration=549811446[0K$ git checkout -qf FETCH_HEAD
travis_fold:end:git.checkout[0K
[33;1mSetting environment variables from .travis.yml[0m
$ export LABEL=ant
$ export CMD="ant dist test.dist"
$ export INSTALL="/bin/true"

$ jdk_switcher use oraclejdk7
Switching to Oracle JDK7 (java-7-oracle), JAVA_HOME will be set to /usr/lib/jvm/java-7-oracle
$ java -Xmx32m -version
java version "1.7.0_80"
Java(TM) SE Runtime Environment (build 1.7.0_80-b15)
Java HotSpot(TM) 64-Bit Server VM (build 24.80-b11, mixed mode)
$ javac -J-Xmx32m -version
javac 1.7.0_80
travis_fold:start:install[0Ktravis_time:start:0e3a2e59[0K$ ${INSTALL}
travis_time:end:0e3a2e59:start=1450825118080975716,finish=1450825118084517815,duration=3542099[0Ktravis_fold:end:install[0Ktravis_time:start:022784f7[0K$ ${CMD}
Buildfile: /home/travis/build/google/guice/build.xml

source.jar:
    [mkdir] Created dir: /home/travis/build/google/guice/build
      [zip] Building zip: /home/travis/build/google/guice/build/guice-snapshot-src.jar

compile:
    [mkdir] Created dir: /home/travis/build/google/guice/build/classes
    [javac] Compiling 193 source files to /home/travis/build/google/guice/build/classes
    [javac] warning: [options] bootstrap class path not set in conjunction with -source 1.6
    [javac] /home/travis/build/google/guice/core/src/com/google/inject/internal/Annotations.java:90: warning: [unchecked] unchecked cast
    [javac]     return (T)cache.getUnchecked(annotationType);
    [javac]                                 ^
    [javac]   required: T
    [javac]   found:    Annotation
    [javac]   where T is a type-variable:
    [javac]     T extends Annotation declared in method <T>generateAnnotation(Class<T>)
    [javac] /home/travis/build/google/guice/core/src/com/google/inject/internal/Annotations.java:253: warning: [unchecked] unchecked generic array creation for varargs parameter of type Class<? extends Annotation>[]
    [javac]       Arrays.asList(ScopeAnnotation.class, javax.inject.Scope.class));
    [javac]                    ^
    [javac] /home/travis/build/google/guice/core/src/com/google/inject/internal/Annotations.java:308: warning: [unchecked] unchecked generic array creation for varargs parameter of type Class<? extends Annotation>[]
    [javac]       Arrays.asList(BindingAnnotation.class, Qualifier.class));
    [javac]                    ^
    [javac] /home/travis/build/google/guice/core/src/com/google/inject/internal/MoreTypes.java:318: warning: [rawtypes] found raw type: TypeVariable
    [javac]   public static Type resolveTypeVariable(Type type, Class<?> rawType, TypeVariable unknown) {
    [javac]                                                                       ^
    [javac]   missing type arguments for generic class TypeVariable<D>
    [javac]   where D is a type-variable:
    [javac]     D extends GenericDeclaration declared in interface TypeVariable
    [javac] /home/travis/build/google/guice/core/src/com/google/inject/internal/MoreTypes.java:348: warning: [rawtypes] found raw type: TypeVariable
    [javac]   private static Class<?> declaringClassOf(TypeVariable typeVariable) {
    [javac]                                            ^
    [javac]   missing type arguments for generic class TypeVariable<D>
    [javac]   where D is a type-variable:
    [javac]     D extends GenericDeclaration declared in interface TypeVariable
    [javac] /home/travis/build/google/guice/core/src/com/google/inject/internal/MoreTypes.java:433: warning: [rawtypes] found raw type: Class
    [javac]         Class rawTypeAsClass = (Class) rawType;
    [javac]         ^
    [javac]   missing type arguments for generic class Class<T>
    [javac]   where T is a type-variable:
    [javac]     T extends Object declared in class Class
    [javac] /home/travis/build/google/guice/core/src/com/google/inject/TypeLiteral.java:188: warning: [rawtypes] found raw type: TypeVariable
    [javac]         TypeVariable original = (TypeVariable) toResolve;
    [javac]         ^
    [javac]   missing type arguments for generic class TypeVariable<D>
    [javac]   where D is a type-variable:
    [javac]     D extends GenericDeclaration declared in interface TypeVariable
    [javac] /home/travis/build/google/guice/core/src/com/google/inject/spi/Dependency.java:109: warning: [rawtypes] found raw type: Dependency
    [javac]       Dependency dependency = (Dependency) o;
    [javac]       ^
    [javac]   missing type arguments for generic class Dependency<T>
    [javac]   where T is a type-variable:
    [javac]     T extends Object declared in class Dependency
    [javac] /home/travis/build/google/guice/core/src/com/google/inject/internal/Errors.java:150: warning: [rawtypes] found raw type: Key
    [javac]   public Errors missingImplementation(Key key) {
    [javac]                                       ^
    [javac]   missing type arguments for generic class Key<T>
    [javac]   where T is a type-variable:
    [javac]     T extends Object declared in class Key
    [javac] /home/travis/build/google/guice/core/src/com/google/inject/internal/Errors.java:154: warning: [rawtypes] found raw type: Key
    [javac]   public Errors jitDisabled(Key key) {
    [javac]                             ^
    [javac]   missing type arguments for generic class Key<T>
    [javac]   where T is a type-variable:
    [javac]     T extends Object declared in class Key
    [javac] /home/travis/build/google/guice/core/src/com/google/inject/internal/Errors.java:165: warning: [rawtypes] found raw type: Class
    [javac]   public Errors atInjectRequired(Class clazz) {
    [javac]                                  ^
    [javac]   missing type arguments for generic class Class<T>
    [javac]   where T is a type-variable:
    [javac]     T extends Object declared in class Class
    [javac] /home/travis/build/google/guice/core/src/com/google/inject/internal/Errors.java:233: warning: [rawtypes] found raw type: Constructor
    [javac]   public Errors optionalConstructor(Constructor constructor) {
    [javac]                                     ^
    [javac]   missing type arguments for generic class Constructor<T>
    [javac]   where T is a type-variable:
    [javac]     T extends Object declared in class Constructor
    [javac] /home/travis/build/google/guice/core/src/com/google/inject/internal/Errors.java:712: warning: [rawtypes] found raw type: Class
    [javac]       new Converter<Class>(Class.class) {
    [javac]                     ^
    [javac]   missing type arguments for generic class Class<T>
    [javac]   where T is a type-variable:
    [javac]     T extends Object declared in class Class
    [javac] /home/travis/build/google/guice/core/src/com/google/inject/internal/Errors.java:722: warning: [rawtypes] found raw type: Key
    [javac]       new Converter<Key>(Key.class) {
    [javac]                     ^
    [javac]   missing type arguments for generic class Key<T>
    [javac]   where T is a type-variable:
    [javac]     T extends Object declared in class Key
    [javac] /home/travis/build/google/guice/core/src/com/google/inject/spi/InjectionPoint.java:842: warning: [rawtypes] found raw type: Class
    [javac]       for (Class parameterType : parameterTypes) {
    [javac]            ^
    [javac]   missing type arguments for generic class Class<T>
    [javac]   where T is a type-variable:
    [javac]     T extends Object declared in class Class
    [javac] /home/travis/build/google/guice/core/src/com/google/inject/internal/util/StackTraceElements.java:63: warning: [rawtypes] found raw type: Class
    [javac]     Class declaringClass = member.getDeclaringClass();
    [javac]     ^
    [javac]   missing type arguments for generic class Class<T>
    [javac]   where T is a type-variable:
    [javac]     T extends Object declared in class Class
    [javac] /home/travis/build/google/guice/core/src/com/google/inject/internal/util/LineNumbers.java:47: warning: [rawtypes] found raw type: Class
    [javac]   private final Class type;
    [javac]                 ^
    [javac]   missing type arguments for generic class Class<T>
    [javac]   where T is a type-variable:
    [javac]     T extends Object declared in class Class
    [javac] /home/travis/build/google/guice/core/src/com/google/inject/internal/util/LineNumbers.java:59: warning: [rawtypes] found raw type: Class
    [javac]   public LineNumbers(Class type) throws IOException {
    [javac]                      ^
    [javac]   missing type arguments for generic class Class<T>
    [javac]   where T is a type-variable:
    [javac]     T extends Object declared in class Class
    [javac] /home/travis/build/google/guice/core/src/com/google/inject/internal/util/LineNumbers.java:110: warning: [rawtypes] found raw type: Class
    [javac]       for (Class param : ((Constructor) member).getParameterTypes()) {
    [javac]            ^
    [javac]   missing type arguments for generic class Class<T>
    [javac]   where T is a type-variable:
    [javac]     T extends Object declared in class Class
    [javac] /home/travis/build/google/guice/core/src/com/google/inject/internal/InjectorImpl.java:556: warning: [rawtypes] found raw type: Key
    [javac]           cleanup(binding, new HashSet<Key>());
    [javac]                                        ^
    [javac]   missing type arguments for generic class Key<T>
    [javac]   where T is a type-variable:
    [javac]     T extends Object declared in class Key
    [javac] /home/travis/build/google/guice/core/src/com/google/inject/internal/InjectorImpl.java:568: warning: [rawtypes] found raw type: Key
    [javac]   private boolean cleanup(BindingImpl<?> binding, Set<Key> encountered) {
    [javac]                                                       ^
    [javac]   missing type arguments for generic class Key<T>
    [javac]   where T is a type-variable:
    [javac]     T extends Object declared in class Key
    [javac] /home/travis/build/google/guice/core/src/com/google/inject/internal/InjectorImpl.java:571: warning: [rawtypes] found raw type: Dependency
    [javac]     for(Dependency dep : deps) {
    [javac]         ^
    [javac]   missing type arguments for generic class Dependency<T>
    [javac]   where T is a type-variable:
    [javac]     T extends Object declared in class Dependency
    [javac] /home/travis/build/google/guice/core/src/com/google/inject/internal/InjectorImpl.java:575: warning: [rawtypes] found raw type: BindingImpl
    [javac]         BindingImpl depBinding = jitBindings.get(depKey);
    [javac]         ^
    [javac]   missing type arguments for generic class BindingImpl<T>
    [javac]   where T is a type-variable:
    [javac]     T extends Object declared in class BindingImpl
    [javac] /home/travis/build/google/guice/core/src/com/google/inject/internal/InjectorImpl.java:579: warning: [rawtypes] found raw type: ConstructorBindingImpl
    [javac]             ConstructorBindingImpl ctorBinding = (ConstructorBindingImpl)depBinding;
    [javac]             ^
    [javac]   missing type arguments for generic class ConstructorBindingImpl<T>
    [javac]   where T is a type-variable:
    [javac]     T extends Object declared in class ConstructorBindingImpl
    [javac] /home/travis/build/google/guice/core/src/com/google/inject/internal/InjectorImpl.java:984: warning: [rawtypes] found raw type: MembersInjector
    [javac]     MembersInjector membersInjector = getMembersInjector(instance.getClass());
    [javac]     ^
    [javac]   missing type arguments for generic class MembersInjector<T>
    [javac]   where T is a type-variable:
    [javac]     T extends Object declared in interface MembersInjector
    [javac] /home/travis/build/google/guice/core/src/com/google/inject/internal/SingleParameterInjector.java:36: warning: [rawtypes] found raw type: Dependency
    [javac]     Dependency previous = context.pushDependency(dependency, binding.getSource());
    [javac]     ^
    [javac]   missing type arguments for generic class Dependency<T>
    [javac]   where T is a type-variable:
    [javac]     T extends Object declared in class Dependency
    [javac] /home/travis/build/google/guice/core/src/com/google/inject/internal/ProvisionListenerStackCallback.java:39: warning: [unchecked] unchecked call to ProvisionListenerStackCallback(Binding<T>,List<ProvisionListener>) as a member of the raw type ProvisionListenerStackCallback
    [javac]       new ProvisionListenerStackCallback(null /* unused, so ok */, ImmutableList.of());
    [javac]       ^
    [javac]   where T is a type-variable:
    [javac]     T extends Object declared in class ProvisionListenerStackCallback
    [javac] /home/travis/build/google/guice/core/src/com/google/inject/internal/ConstructionContext.java:83: warning: [rawtypes] found raw type: Class
    [javac]         new Class[] { expectedType, CircularDependencyProxy.class }, invocationHandler));
    [javac]             ^
    [javac]   missing type arguments for generic class Class<T>
    [javac]   where T is a type-variable:
    [javac]     T extends Object declared in class Class
    [javac] /home/travis/build/google/guice/core/src/com/google/inject/internal/AbstractBindingProcessor.java:114: warning: [rawtypes] found raw type: ExposedBindingImpl
    [javac]       ExposedBindingImpl exposed = (ExposedBindingImpl) original;
    [javac]       ^
    [javac]   missing type arguments for generic class ExposedBindingImpl<T>
    [javac]   where T is a type-variable:
    [javac]     T extends Object declared in class ExposedBindingImpl
    [javac] /home/travis/build/google/guice/core/src/com/google/inject/internal/CycleDetectingLock.java:254: warning: [rawtypes] found raw type: ReentrantCycleDetectingLock
    [javac]         ReentrantCycleDetectingLock lockOwnerWaitingOn = this;
    [javac]         ^
    [javac]   missing type arguments for generic class ReentrantCycleDetectingLock<ID>
    [javac]   where ID is a type-variable:
    [javac]     ID extends Object declared in class ReentrantCycleDetectingLock
    [javac] /home/travis/build/google/guice/core/src/com/google/inject/internal/CycleDetectingLock.java:274: warning: [rawtypes] found raw type: ReentrantCycleDetectingLock
    [javac]       private List<ID> getAllLockIdsAfter(long threadId, ReentrantCycleDetectingLock lock) {
    [javac]                                                          ^
    [javac]   missing type arguments for generic class ReentrantCycleDetectingLock<ID>
    [javac]   where ID is a type-variable:
    [javac]     ID extends Object declared in class ReentrantCycleDetectingLock
    [javac] /home/travis/build/google/guice/core/src/com/google/inject/internal/CycleDetectingLock.java:280: warning: [rawtypes] found raw type: ReentrantCycleDetectingLock
    [javac]         for (ReentrantCycleDetectingLock ownedLock : ownedLocks) {
    [javac]              ^
    [javac]   missing type arguments for generic class ReentrantCycleDetectingLock<ID>
    [javac]   where ID is a type-variable:
    [javac]     ID extends Object declared in class ReentrantCycleDetectingLock
    [javac] /home/travis/build/google/guice/core/src/com/google/inject/internal/BindingBuilder.java:100: warning: [unchecked] unchecked cast
    [javac]     return toProvider((javax.inject.Provider<T>) provider);
    [javac]                                                  ^
    [javac]   required: javax.inject.Provider<T>
    [javac]   found:    com.google.inject.Provider<CAP#1>
    [javac]   where T is a type-variable:
    [javac]     T extends Object declared in class BindingBuilder
    [javac]   where CAP#1 is a fresh type-variable:
    [javac]     CAP#1 extends T from capture of ? extends T
    [javac] /home/travis/build/google/guice/core/src/com/google/inject/internal/ConstantFactory.java:33: warning: [rawtypes] found raw type: Dependency
    [javac]   public T get(Errors errors, InternalContext context, Dependency dependency, boolean linked)
    [javac]                                                        ^
    [javac]   missing type arguments for generic class Dependency<T>
    [javac]   where T is a type-variable:
    [javac]     T extends Object declared in class Dependency
    [javac] /home/travis/build/google/guice/core/src/com/google/inject/internal/ConstructorBindingImpl.java:130: warning: [rawtypes] found raw type: Constructor
    [javac]   private static boolean hasAtInject(Constructor cxtor) {
    [javac]                                      ^
    [javac]   missing type arguments for generic class Constructor<T>
    [javac]   where T is a type-variable:
    [javac]     T extends Object declared in class Constructor
    [javac] /home/travis/build/google/guice/core/src/com/google/inject/internal/ProvidedByInternalFactory.java:62: warning: [rawtypes] found raw type: Dependency
    [javac]   public T get(Errors errors, InternalContext context, Dependency dependency, boolean linked)
    [javac]                                                        ^
    [javac]   missing type arguments for generic class Dependency<T>
    [javac]   where T is a type-variable:
    [javac]     T extends Object declared in class Dependency
    [javac] /home/travis/build/google/guice/core/src/com/google/inject/internal/ProviderInstanceBindingImpl.java:67: warning: [deprecation] getProviderInstance() in ProviderInstanceBinding has been deprecated
    [javac]   public Provider<? extends T> getProviderInstance() {
    [javac]                                ^
    [javac]   where T is a type-variable:
    [javac]     T extends Object declared in interface ProviderInstanceBinding
    [javac] /home/travis/build/google/guice/core/src/com/google/inject/internal/ProxyFactory.java:163: warning: [rawtypes] found raw type: Class
    [javac]     Class<? extends Callback>[] callbackTypes = new Class[callbacks.length];
    [javac]                                                     ^
    [javac]   missing type arguments for generic class Class<T>
    [javac]   where T is a type-variable:
    [javac]     T extends Object declared in class Class
    [javac] /home/travis/build/google/guice/core/src/com/google/inject/internal/SingleFieldInjector.java:52: warning: [rawtypes] found raw type: Dependency
    [javac]     Dependency previous = context.pushDependency(dependency, binding.getSource());
    [javac]     ^
    [javac]   missing type arguments for generic class Dependency<T>
    [javac]   where T is a type-variable:
    [javac]     T extends Object declared in class Dependency
    [javac] /home/travis/build/google/guice/core/src/com/google/inject/internal/util/SourceProvider.java:71: warning: [rawtypes] found raw type: Class
    [javac]     for (Class c : classes) {
    [javac]          ^
    [javac]   missing type arguments for generic class Class<T>
    [javac]   where T is a type-variable:
    [javac]     T extends Object declared in class Class
    [javac] /home/travis/build/google/guice/core/src/com/google/inject/matcher/Matchers.java:184: warning: [rawtypes] found raw type: Class
    [javac]   public static Matcher<Class> subclassesOf(final Class<?> superclass) {
    [javac]                         ^
    [javac]   missing type arguments for generic class Class<T>
    [javac]   where T is a type-variable:
    [javac]     T extends Object declared in class Class
    [javac] /home/travis/build/google/guice/core/src/com/google/inject/matcher/Matchers.java:188: warning: [rawtypes] found raw type: Class
    [javac]   private static class SubclassesOf extends AbstractMatcher<Class>
    [javac]                                                             ^
    [javac]   missing type arguments for generic class Class<T>
    [javac]   where T is a type-variable:
    [javac]     T extends Object declared in class Class
    [javac] /home/travis/build/google/guice/core/src/com/google/inject/matcher/Matchers.java:196: warning: [rawtypes] found raw type: Class
    [javac]     public boolean matches(Class subclass) {
    [javac]                            ^
    [javac]   missing type arguments for generic class Class<T>
    [javac]   where T is a type-variable:
    [javac]     T extends Object declared in class Class
    [javac] /home/travis/build/google/guice/core/src/com/google/inject/matcher/Matchers.java:290: warning: [rawtypes] found raw type: Class
    [javac]   public static Matcher<Class> inPackage(final Package targetPackage) {
    [javac]                         ^
    [javac]   missing type arguments for generic class Class<T>
    [javac]   where T is a type-variable:
    [javac]     T extends Object declared in class Class
    [javac] /home/travis/build/google/guice/core/src/com/google/inject/matcher/Matchers.java:294: warning: [rawtypes] found raw type: Class
    [javac]   private static class InPackage extends AbstractMatcher<Class> implements Serializable {
    [javac]                                                          ^
    [javac]   missing type arguments for generic class Class<T>
    [javac]   where T is a type-variable:
    [javac]     T extends Object declared in class Class
    [javac] /home/travis/build/google/guice/core/src/com/google/inject/matcher/Matchers.java:303: warning: [rawtypes] found raw type: Class
    [javac]     public boolean matches(Class c) {
    [javac]                            ^
    [javac]   missing type arguments for generic class Class<T>
    [javac]   where T is a type-variable:
    [javac]     T extends Object declared in class Class
    [javac] /home/travis/build/google/guice/core/src/com/google/inject/matcher/Matchers.java:333: warning: [rawtypes] found raw type: Class
    [javac]   public static Matcher<Class> inSubpackage(final String targetPackageName) {
    [javac]                         ^
    [javac]   missing type arguments for generic class Class<T>
    [javac]   where T is a type-variable:
    [javac]     T extends Object declared in class Class
    [javac] /home/travis/build/google/guice/core/src/com/google/inject/matcher/Matchers.java:337: warning: [rawtypes] found raw type: Class
    [javac]   private static class InSubpackage extends AbstractMatcher<Class> implements Serializable {
    [javac]                                                             ^
    [javac]   missing type arguments for generic class Class<T>
    [javac]   where T is a type-variable:
    [javac]     T extends Object declared in class Class
    [javac] /home/travis/build/google/guice/core/src/com/google/inject/matcher/Matchers.java:344: warning: [rawtypes] found raw type: Class
    [javac]     public boolean matches(Class c) {
    [javac]                            ^
    [javac]   missing type arguments for generic class Class<T>
    [javac]   where T is a type-variable:
    [javac]     T extends Object declared in class Class
    [javac] /home/travis/build/google/guice/core/src/com/google/inject/util/Modules.java:187: warning: [rawtypes] found raw type: Key
    [javac]           for(Key exposed : privateElements.getExposedKeys()) {
    [javac]               ^
    [javac]   missing type arguments for generic class Key<T>
    [javac]   where T is a type-variable:
    [javac]     T extends Object declared in class Key
    [javac] 51 warnings
    [javac] Creating empty /home/travis/build/google/guice/build/classes/com/google/inject/spi/package-info.class
    [javac] Creating empty /home/travis/build/google/guice/build/classes/com/google/inject/name/package-info.class
    [javac] Creating empty /home/travis/build/google/guice/build/classes/com/google/inject/package-info.class
    [javac] Creating empty /home/travis/build/google/guice/build/classes/com/google/inject/binder/package-info.class
    [javac] Creating empty /home/travis/build/google/guice/build/classes/com/google/inject/matcher/package-info.class
    [javac] Creating empty /home/travis/build/google/guice/build/classes/com/google/inject/util/package-info.class
    [javac] Creating empty /home/travis/build/google/guice/build/classes/com/google/inject/internal/package-info.class

jar.withdeps:
    [mkdir] Created dir: /home/travis/build/google/guice/build/dist
   [jarjar] Building jar: /home/travis/build/google/guice/build/guice-with-deps.jar

manifest:
  [bndwrap] classes 358 0
    [unjar] Expanding: /home/travis/build/google/guice/build/classes.bar into /home/travis/build/google/guice/build

jar:
      [jar] Building jar: /home/travis/build/google/guice/build/dist/guice-snapshot.jar

distjars:

javadoc:
  [javadoc] Generating Javadoc
  [javadoc] Javadoc execution
  [javadoc] javadoc: error - invalid flag: -Xdoclint:none
  [javadoc] usage: javadoc [options] [packagenames] [sourcefiles] [@files]
  [javadoc] -overview <file>          Read overview documentation from HTML file
  [javadoc] -public                   Show only public classes and members
  [javadoc] -protected                Show protected/public classes and members (default)
  [javadoc] -package                  Show package/protected/public classes and members
  [javadoc] -private                  Show all classes and members
  [javadoc] -help                     Display command line options and exit
  [javadoc] -doclet <class>           Generate output via alternate doclet
  [javadoc] -docletpath <path>        Specify where to find doclet class files
  [javadoc] -sourcepath <pathlist>    Specify where to find source files
  [javadoc] -classpath <pathlist>     Specify where to find user class files
  [javadoc] -exclude <pkglist>        Specify a list of packages to exclude
  [javadoc] -subpackages <subpkglist> Specify subpackages to recursively load
  [javadoc] -breakiterator            Compute 1st sentence with BreakIterator
  [javadoc] -bootclasspath <pathlist> Override location of class files loaded
  [javadoc] 			  by the bootstrap class loader
  [javadoc] -source <release>         Provide source compatibility with specified release
  [javadoc] -extdirs <dirlist>        Override location of installed extensions
  [javadoc] -verbose                  Output messages about what Javadoc is doing
  [javadoc] -locale <name>            Locale to be used, e.g. en_US or en_US_WIN
  [javadoc] -encoding <name>          Source file encoding name
  [javadoc] -quiet                    Do not display status messages
  [javadoc] -J<flag>                  Pass <flag> directly to the runtime system
  [javadoc] -X                        Print a synopsis of nonstandard options
  [javadoc] 
  [javadoc] Provided by Standard doclet:
  [javadoc] -d <directory>                    Destination directory for output files
  [javadoc] -use                              Create class and package usage pages
  [javadoc] -version                          Include @version paragraphs
  [javadoc] -author                           Include @author paragraphs
  [javadoc] -docfilessubdirs                  Recursively copy doc-file subdirectories
  [javadoc] -splitindex                       Split index into one file per letter
  [javadoc] -windowtitle <text>               Browser window title for the documenation
  [javadoc] -doctitle <html-code>             Include title for the overview page
  [javadoc] -header <html-code>               Include header text for each page
  [javadoc] -footer <html-code>               Include footer text for each page
  [javadoc] -top    <html-code>               Include top text for each page
  [javadoc] -bottom <html-code>               Include bottom text for each page
  [javadoc] -link <url>                       Create links to javadoc output at <url>
  [javadoc] -linkoffline <url> <url2>         Link to docs at <url> using package list at <url2>
  [javadoc] -excludedocfilessubdir <name1>:.. Exclude any doc-files subdirectories with given name.
  [javadoc] -group <name> <p1>:<p2>..         Group specified packages together in overview page
  [javadoc] -nocomment                        Supress description and tags, generate only declarations.
  [javadoc] -nodeprecated                     Do not include @deprecated information
  [javadoc] -noqualifier <name1>:<name2>:...  Exclude the list of qualifiers from the output.
  [javadoc] -nosince                          Do not include @since information
  [javadoc] -notimestamp                      Do not include hidden time stamp
  [javadoc] -nodeprecatedlist                 Do not generate deprecated list
  [javadoc] -notree                           Do not generate class hierarchy
  [javadoc] -noindex                          Do not generate index
  [javadoc] -nohelp                           Do not generate help link
  [javadoc] -nonavbar                         Do not generate navigation bar
  [javadoc] -serialwarn                       Generate warning about @serial tag
  [javadoc] -tag <name>:<locations>:<header>  Specify single argument custom tags
  [javadoc] -taglet                           The fully qualified name of Taglet to register
  [javadoc] -tagletpath                       The path to Taglets
  [javadoc] -Xdocrootparent <url>             Replaces all appearances of @docRoot followed by /.. in doc comments with <url>
  [javadoc] -charset <charset>                Charset for cross-platform viewing of generated documentation.
  [javadoc] -helpfile <file>                  Include file that help link links to
  [javadoc] -linksource                       Generate source in HTML
  [javadoc] -sourcetab <tab length>           Specify the number of spaces each tab takes up in the source
  [javadoc] -keywords                         Include HTML meta tags with package, class and member info
  [javadoc] -stylesheetfile <path>            File to change style of the generated documentation
  [javadoc] -docencoding <name>               Output encoding name
  [javadoc] 1 error

dist:

source.jar:
    [mkdir] Created dir: /home/travis/build/google/guice/extensions/servlet/build
      [zip] Building zip: /home/travis/build/google/guice/extensions/servlet/build/guice-servlet-snapshot-src.jar

compile:
    [mkdir] Created dir: /home/travis/build/google/guice/extensions/servlet/build/classes
    [javac] Compiling 35 source files to /home/travis/build/google/guice/extensions/servlet/build/classes
    [javac] warning: [options] bootstrap class path not set in conjunction with -source 1.6
    [javac] /home/travis/build/google/guice/extensions/servlet/src/com/google/inject/servlet/ServletScopes.java:86: warning: [unchecked] unchecked cast
    [javac]               T t = (T) context.map.get(key);
    [javac]                                        ^
    [javac]   required: T
    [javac]   found:    Object
    [javac]   where T is a type-variable:
    [javac]     T extends Object declared in method <T>scope(Key<T>,Provider<T>)
    [javac] /home/travis/build/google/guice/extensions/servlet/src/com/google/inject/servlet/ServletScopes.java:375: warning: [rawtypes] found raw type: Key
    [javac]     final Map<Key, Object> map = Maps.newHashMap();
    [javac]               ^
    [javac]   missing type arguments for generic class Key<T>
    [javac]   where T is a type-variable:
    [javac]     T extends Object declared in class Key
    [javac] 3 warnings
    [javac] Creating empty /home/travis/build/google/guice/extensions/servlet/build/classes/com/google/inject/servlet/package-info.class

manifest:
  [bndwrap] classes 67 0
    [unjar] Expanding: /home/travis/build/google/guice/extensions/servlet/build/classes.bar into /home/travis/build/google/guice/extensions/servlet/build

jar:
      [jar] Building jar: /home/travis/build/google/guice/extensions/servlet/build/guice-servlet-snapshot.jar

distjars:

source.jar:
    [mkdir] Created dir: /home/travis/build/google/guice/extensions/spring/build
      [zip] Building zip: /home/travis/build/google/guice/extensions/spring/build/guice-spring-snapshot-src.jar

compile:
    [mkdir] Created dir: /home/travis/build/google/guice/extensions/spring/build/classes
    [javac] Compiling 2 source files to /home/travis/build/google/guice/extensions/spring/build/classes
    [javac] warning: [options] bootstrap class path not set in conjunction with -source 1.6
    [javac] 1 warning
    [javac] Creating empty /home/travis/build/google/guice/extensions/spring/build/classes/com/google/inject/spring/package-info.class

manifest:
  [bndwrap] classes 4 0
    [unjar] Expanding: /home/travis/build/google/guice/extensions/spring/build/classes.bar into /home/travis/build/google/guice/extensions/spring/build

jar:
      [jar] Building jar: /home/travis/build/google/guice/extensions/spring/build/guice-spring-snapshot.jar

distjars:

source.jar:
    [mkdir] Created dir: /home/travis/build/google/guice/extensions/struts2/build
      [zip] Building zip: /home/travis/build/google/guice/extensions/struts2/build/guice-struts2-plugin-snapshot-src.jar

compile:
    [mkdir] Created dir: /home/travis/build/google/guice/extensions/struts2/build/classes
    [javac] Compiling 3 source files to /home/travis/build/google/guice/extensions/struts2/build/classes
    [javac] warning: [options] bootstrap class path not set in conjunction with -source 1.6
    [javac] /home/travis/build/google/guice/extensions/struts2/src/com/google/inject/struts2/GuiceObjectFactory.java:82: warning: [rawtypes] found raw type: Class
    [javac]   public Class getClassInstance(String name) throws ClassNotFoundException {
    [javac]          ^
    [javac]   missing type arguments for generic class Class<T>
    [javac]   where T is a type-variable:
    [javac]     T extends Object declared in class Class
    [javac] /home/travis/build/google/guice/extensions/struts2/src/com/google/inject/struts2/GuiceObjectFactory.java:110: warning: [rawtypes] found raw type: Class
    [javac]   public Object buildBean(Class clazz, Map extraContext) {
    [javac]                           ^
    [javac]   missing type arguments for generic class Class<T>
    [javac]   where T is a type-variable:
    [javac]     T extends Object declared in class Class
    [javac] /home/travis/build/google/guice/extensions/struts2/src/com/google/inject/struts2/GuiceObjectFactory.java:110: warning: [rawtypes] found raw type: Map
    [javac]   public Object buildBean(Class clazz, Map extraContext) {
    [javac]                                        ^
    [javac]   missing type arguments for generic class Map<K,V>
    [javac]   where K,V are type-variables:
    [javac]     K extends Object declared in interface Map
    [javac]     V extends Object declared in interface Map
    [javac] /home/travis/build/google/guice/extensions/struts2/src/com/google/inject/struts2/GuiceObjectFactory.java:168: warning: [rawtypes] found raw type: Map
    [javac]       Map interceptorRefParams) throws ConfigurationException {
    [javac]       ^
    [javac]   missing type arguments for generic class Map<K,V>
    [javac]   where K,V are type-variables:
    [javac]     K extends Object declared in interface Map
    [javac]     V extends Object declared in interface Map
    [javac] /home/travis/build/google/guice/extensions/struts2/src/com/google/inject/struts2/GuiceObjectFactory.java:184: warning: [rawtypes] found raw type: Map
    [javac]       Map interceptorRefParams) throws ConfigurationException {
    [javac]       ^
    [javac]   missing type arguments for generic class Map<K,V>
    [javac]   where K,V are type-variables:
    [javac]     K extends Object declared in interface Map
    [javac]     V extends Object declared in interface Map
    [javac] /home/travis/build/google/guice/extensions/struts2/src/com/google/inject/struts2/GuiceObjectFactory.java:185: warning: [unchecked] unchecked conversion
    [javac]     return super.buildInterceptor(interceptorConfig, interceptorRefParams);
    [javac]                                                      ^
    [javac]   required: Map<String,String>
    [javac]   found:    Map
    [javac] /home/travis/build/google/guice/extensions/struts2/src/com/google/inject/struts2/GuiceObjectFactory.java:191: warning: [rawtypes] found raw type: Map
    [javac]     final Map params;
    [javac]           ^
    [javac]   missing type arguments for generic class Map<K,V>
    [javac]   where K,V are type-variables:
    [javac]     K extends Object declared in interface Map
    [javac]     V extends Object declared in interface Map
    [javac] /home/travis/build/google/guice/extensions/struts2/src/com/google/inject/struts2/GuiceObjectFactory.java:195: warning: [rawtypes] found raw type: Map
    [javac]     ProvidedInterceptor(InterceptorConfig config, Map params,
    [javac]                                                   ^
    [javac]   missing type arguments for generic class Map<K,V>
    [javac]   where K,V are type-variables:
    [javac]     K extends Object declared in interface Map
    [javac]     V extends Object declared in interface Map
    [javac] /home/travis/build/google/guice/extensions/struts2/src/com/google/inject/struts2/Struts2Factory.java:101: warning: [rawtypes] found raw type: Class
    [javac]   public Object buildBean(Class clazz, Map<String, Object> extraContext) {
    [javac]                           ^
    [javac]   missing type arguments for generic class Class<T>
    [javac]   where T is a type-variable:
    [javac]     T extends Object declared in class Class
    [javac] /home/travis/build/google/guice/extensions/struts2/src/com/google/inject/struts2/Struts2Factory.java:149: warning: [rawtypes] found raw type: Map
    [javac]       Map interceptorRefParams) throws ConfigurationException {
    [javac]       ^
    [javac]   missing type arguments for generic class Map<K,V>
    [javac]   where K,V are type-variables:
    [javac]     K extends Object declared in interface Map
    [javac]     V extends Object declared in interface Map
    [javac] 11 warnings
     [copy] Copying 1 file to /home/travis/build/google/guice/extensions/struts2/build/classes

manifest:
  [bndwrap] classes 8 0
    [unjar] Expanding: /home/travis/build/google/guice/extensions/struts2/build/classes.bar into /home/travis/build/google/guice/extensions/struts2/build

jar:
      [jar] Building jar: /home/travis/build/google/guice/extensions/struts2/build/guice-struts2-plugin-snapshot.jar

distjars:

source.jar:
    [mkdir] Created dir: /home/travis/build/google/guice/extensions/assistedinject/build
      [zip] Building zip: /home/travis/build/google/guice/extensions/assistedinject/build/guice-assistedinject-snapshot-src.jar

compile:
    [mkdir] Created dir: /home/travis/build/google/guice/extensions/assistedinject/build/classes
    [javac] Compiling 13 source files to /home/travis/build/google/guice/extensions/assistedinject/build/classes
    [javac] warning: [options] bootstrap class path not set in conjunction with -source 1.6
    [javac] /home/travis/build/google/guice/extensions/assistedinject/src/com/google/inject/assistedinject/FactoryProvider.java:379: warning: [rawtypes] found raw type: Class
    [javac]         new Class[] { factoryRawType }, invocationHandler));
    [javac]             ^
    [javac]   missing type arguments for generic class Class<T>
    [javac]   where T is a type-variable:
    [javac]     T extends Object declared in class Class
    [javac] 2 warnings
    [javac] Creating empty /home/travis/build/google/guice/extensions/assistedinject/build/classes/com/google/inject/assistedinject/package-info.class

manifest:
  [bndwrap] classes 20 0
    [unjar] Expanding: /home/travis/build/google/guice/extensions/assistedinject/build/classes.bar into /home/travis/build/google/guice/extensions/assistedinject/build

jar:
      [jar] Building jar: /home/travis/build/google/guice/extensions/assistedinject/build/guice-assistedinject-snapshot.jar

distjars:

source.jar:
    [mkdir] Created dir: /home/travis/build/google/guice/extensions/jmx/build
      [zip] Building zip: /home/travis/build/google/guice/extensions/jmx/build/guice-jmx-snapshot-src.jar

compile:
    [mkdir] Created dir: /home/travis/build/google/guice/extensions/jmx/build/classes
    [javac] Compiling 4 source files to /home/travis/build/google/guice/extensions/jmx/build/classes
    [javac] warning: [options] bootstrap class path not set in conjunction with -source 1.6
    [javac] /home/travis/build/google/guice/extensions/jmx/src/com/google/inject/tools/jmx/ManagedBinding.java:23: warning: [rawtypes] found raw type: Binding
    [javac]   final Binding binding;
    [javac]         ^
    [javac]   missing type arguments for generic class Binding<T>
    [javac]   where T is a type-variable:
    [javac]     T extends Object declared in interface Binding
    [javac] /home/travis/build/google/guice/extensions/jmx/src/com/google/inject/tools/jmx/ManagedBinding.java:25: warning: [rawtypes] found raw type: Binding
    [javac]   ManagedBinding(Binding binding) {
    [javac]                  ^
    [javac]   missing type arguments for generic class Binding<T>
    [javac]   where T is a type-variable:
    [javac]     T extends Object declared in interface Binding
    [javac] 3 warnings
    [javac] Creating empty /home/travis/build/google/guice/extensions/jmx/build/classes/com/google/inject/tools/jmx/package-info.class

manifest:
  [bndwrap] classes 4 0
    [unjar] Expanding: /home/travis/build/google/guice/extensions/jmx/build/classes.bar into /home/travis/build/google/guice/extensions/jmx/build

jar:
      [jar] Building jar: /home/travis/build/google/guice/extensions/jmx/build/guice-jmx-snapshot.jar

distjars:

source.jar:
    [mkdir] Created dir: /home/travis/build/google/guice/extensions/jndi/build
      [zip] Building zip: /home/travis/build/google/guice/extensions/jndi/build/guice-jndi-snapshot-src.jar

compile:
    [mkdir] Created dir: /home/travis/build/google/guice/extensions/jndi/build/classes
    [javac] Compiling 2 source files to /home/travis/build/google/guice/extensions/jndi/build/classes
    [javac] warning: [options] bootstrap class path not set in conjunction with -source 1.6
    [javac] 1 warning
    [javac] Creating empty /home/travis/build/google/guice/extensions/jndi/build/classes/com/google/inject/jndi/package-info.class

manifest:
  [bndwrap] classes 3 0
    [unjar] Expanding: /home/travis/build/google/guice/extensions/jndi/build/classes.bar into /home/travis/build/google/guice/extensions/jndi/build

jar:
      [jar] Building jar: /home/travis/build/google/guice/extensions/jndi/build/guice-jndi-snapshot.jar

distjars:

source.jar:
    [mkdir] Created dir: /home/travis/build/google/guice/extensions/throwingproviders/build
      [zip] Building zip: /home/travis/build/google/guice/extensions/throwingproviders/build/guice-throwingproviders-snapshot-src.jar

compile:
    [mkdir] Created dir: /home/travis/build/google/guice/extensions/throwingproviders/build/classes
    [javac] Compiling 10 source files to /home/travis/build/google/guice/extensions/throwingproviders/build/classes
    [javac] warning: [options] bootstrap class path not set in conjunction with -source 1.6
    [javac] /home/travis/build/google/guice/extensions/throwingproviders/src/com/google/inject/throwingproviders/CheckedProvideUtils.java:79: warning: [rawtypes] found raw type: CheckedProvider
    [javac]       Class<? extends CheckedProvider> checkedProvider) {
    [javac]                       ^
    [javac]   missing type arguments for generic class CheckedProvider<T>
    [javac]   where T is a type-variable:
    [javac]     T extends Object declared in interface CheckedProvider
    [javac] /home/travis/build/google/guice/extensions/throwingproviders/src/com/google/inject/throwingproviders/ThrowingProviderBinder.java:119: warning: [rawtypes] found raw type: CheckedProvider
    [javac]   public <P extends CheckedProvider> SecondaryBinder<P, ?> 
    [javac]                     ^
    [javac]   missing type arguments for generic class CheckedProvider<T>
    [javac]   where T is a type-variable:
    [javac]     T extends Object declared in interface CheckedProvider
    [javac] /home/travis/build/google/guice/extensions/throwingproviders/src/com/google/inject/throwingproviders/ThrowingProviderBinder.java:127: warning: [rawtypes] found raw type: CheckedProvider
    [javac]   public <P extends CheckedProvider, T> SecondaryBinder<P, T> 
    [javac]                     ^
    [javac]   missing type arguments for generic class CheckedProvider<T>
    [javac]   where T is a type-variable:
    [javac]     T extends Object declared in interface CheckedProvider
    [javac] /home/travis/build/google/guice/extensions/throwingproviders/src/com/google/inject/throwingproviders/ThrowingProviderBinder.java:135: warning: [rawtypes] found raw type: CheckedProvider
    [javac]   public <P extends CheckedProvider, T> SecondaryBinder<P, T> 
    [javac]                     ^
    [javac]   missing type arguments for generic class CheckedProvider<T>
    [javac]   where T is a type-variable:
    [javac]     T extends Object declared in interface CheckedProvider
    [javac] /home/travis/build/google/guice/extensions/throwingproviders/src/com/google/inject/throwingproviders/ThrowingProviderBinder.java:140: warning: [rawtypes] found raw type: CheckedProvider
    [javac]   public class SecondaryBinder<P extends CheckedProvider, T> {
    [javac]                                          ^
    [javac]   missing type arguments for generic class CheckedProvider<T>
    [javac]   where T is a type-variable:
    [javac]     T extends Object declared in interface CheckedProvider
    [javac] /home/travis/build/google/guice/extensions/throwingproviders/src/com/google/inject/throwingproviders/ThrowingProviderBinder.java:410: warning: [deprecation] ThrowingProvider in com.google.inject.throwingproviders has been deprecated
    [javac]       boolean tpMode = interfaceType.getInterfaces()[0] == ThrowingProvider.class;      
    [javac]                                                            ^
    [javac] /home/travis/build/google/guice/extensions/throwingproviders/src/com/google/inject/throwingproviders/CheckedProviderMethod.java:51: warning: [rawtypes] found raw type: CheckedProvider
    [javac]   private final Class<? extends CheckedProvider> checkedProvider;
    [javac]                                 ^
    [javac]   missing type arguments for generic class CheckedProvider<T>
    [javac]   where T is a type-variable:
    [javac]     T extends Object declared in interface CheckedProvider
    [javac] /home/travis/build/google/guice/extensions/throwingproviders/src/com/google/inject/throwingproviders/CheckedProviderMethod.java:62: warning: [rawtypes] found raw type: CheckedProvider
    [javac]       Class<? extends CheckedProvider> checkedProvider,
    [javac]                       ^
    [javac]   missing type arguments for generic class CheckedProvider<T>
    [javac]   where T is a type-variable:
    [javac]     T extends Object declared in interface CheckedProvider
    [javac] /home/travis/build/google/guice/extensions/throwingproviders/src/com/google/inject/throwingproviders/CheckedProvides.java:44: warning: [rawtypes] found raw type: CheckedProvider
    [javac]   Class<? extends CheckedProvider> value();
    [javac]                   ^
    [javac]   missing type arguments for generic class CheckedProvider<T>
    [javac]   where T is a type-variable:
    [javac]     T extends Object declared in interface CheckedProvider
    [javac] 10 warnings
    [javac] Creating empty /home/travis/build/google/guice/extensions/throwingproviders/build/classes/com/google/inject/throwingproviders/package-info.class

manifest:
  [bndwrap] Should not skip: ^
  [bndwrap] classes 21 0
    [unjar] Expanding: /home/travis/build/google/guice/extensions/throwingproviders/build/classes.bar into /home/travis/build/google/guice/extensions/throwingproviders/build

jar:
      [jar] Building jar: /home/travis/build/google/guice/extensions/throwingproviders/build/guice-throwingproviders-snapshot.jar

distjars:

source.jar:
    [mkdir] Created dir: /home/travis/build/google/guice/extensions/multibindings/build
      [zip] Building zip: /home/travis/build/google/guice/extensions/multibindings/build/guice-multibindings-snapshot-src.jar

compile:
    [mkdir] Created dir: /home/travis/build/google/guice/extensions/multibindings/build/classes
    [javac] Compiling 18 source files to /home/travis/build/google/guice/extensions/multibindings/build/classes
    [javac] warning: [options] bootstrap class path not set in conjunction with -source 1.6
    [javac] /home/travis/build/google/guice/extensions/multibindings/src/com/google/inject/multibindings/Multibinder.java:300: warning: [rawtypes] found raw type: Key
    [javac]       Key key = (Key) collectionOfProvidersKey;
    [javac]       ^
    [javac]   missing type arguments for generic class Key<T>
    [javac]   where T is a type-variable:
    [javac]     T extends Object declared in class Key
    [javac] /home/travis/build/google/guice/extensions/multibindings/src/com/google/inject/multibindings/Multibinder.java:301: warning: [unchecked] unchecked conversion
    [javac]       binder.bind(collectionOfJavaxProvidersKey).to(key);
    [javac]                                                     ^
    [javac]   required: Key<? extends Collection<Provider<T>>>
    [javac]   found:    Key
    [javac]   where T is a type-variable:
    [javac]     T extends Object declared in class RealMultibinder
    [javac] /home/travis/build/google/guice/extensions/multibindings/src/com/google/inject/multibindings/Multibinder.java:468: warning: [rawtypes] found raw type: Provider
    [javac]         Provider<T>[] providers = new Provider[size];
    [javac]                                       ^
    [javac]   missing type arguments for generic class Provider<T>
    [javac]   where T is a type-variable:
    [javac]     T extends Object declared in interface Provider
    [javac] /home/travis/build/google/guice/extensions/multibindings/src/com/google/inject/multibindings/Multibinder.java:481: warning: [rawtypes] found raw type: Key
    [javac]           Key key = dependency.getKey();
    [javac]           ^
    [javac]   missing type arguments for generic class Key<T>
    [javac]   where T is a type-variable:
    [javac]     T extends Object declared in class Key
    [javac] /home/travis/build/google/guice/extensions/multibindings/src/com/google/inject/multibindings/Multibinder.java:483: warning: [unchecked] unchecked conversion
    [javac]               Dependency.get(key.ofType(Types.providerOf(key.getTypeLiteral().getType()))));
    [javac]                                        ^
    [javac]   required: Key<T>
    [javac]   found:    Key
    [javac]   where T is a type-variable:
    [javac]     T extends Object declared in method <T>get(Key<T>)
    [javac] /home/travis/build/google/guice/extensions/multibindings/src/com/google/inject/multibindings/Multibinder.java:483: warning: [unchecked] unchecked method invocation: method get in class Dependency is applied to given types
    [javac]               Dependency.get(key.ofType(Types.providerOf(key.getTypeLiteral().getType()))));
    [javac]                             ^
    [javac]   required: Key<T>
    [javac]   found: Key
    [javac]   where T is a type-variable:
    [javac]     T extends Object declared in method <T>get(Key<T>)
    [javac] /home/travis/build/google/guice/extensions/multibindings/src/com/google/inject/multibindings/Multibinder.java:488: warning: [rawtypes] found raw type: Key
    [javac]       Key getCollectionKey() {
    [javac]       ^
    [javac]   missing type arguments for generic class Key<T>
    [javac]   where T is a type-variable:
    [javac]     T extends Object declared in class Key
    [javac] /home/travis/build/google/guice/extensions/multibindings/src/com/google/inject/multibindings/MapBinder.java:394: warning: [rawtypes] found raw type: Key
    [javac]       Key massagedProviderMapKey = (Key)providerMapKey;
    [javac]       ^
    [javac]   missing type arguments for generic class Key<T>
    [javac]   where T is a type-variable:
    [javac]     T extends Object declared in class Key
    [javac] /home/travis/build/google/guice/extensions/multibindings/src/com/google/inject/multibindings/MapBinder.java:395: warning: [unchecked] unchecked conversion
    [javac]       binder.bind(javaxProviderMapKey).to(massagedProviderMapKey);
    [javac]                                           ^
    [javac]   required: Key<? extends Map<K,Provider<V>>>
    [javac]   found:    Key
    [javac]   where K,V are type-variables:
    [javac]     K extends Object declared in class RealMapBinder
    [javac]     V extends Object declared in class RealMapBinder
    [javac] /home/travis/build/google/guice/extensions/multibindings/src/com/google/inject/multibindings/MapBinder.java:797: warning: [rawtypes] found raw type: Entry
    [javac]            Map.Entry o = (Map.Entry)obj;
    [javac]               ^
    [javac]   missing type arguments for generic class Entry<K,V>
    [javac]   where K,V are type-variables:
    [javac]     K extends Object declared in interface Entry
    [javac]     V extends Object declared in interface Entry
    [javac] /home/travis/build/google/guice/extensions/multibindings/src/com/google/inject/multibindings/OptionalBinder.java:305: warning: [rawtypes] found raw type: Key
    [javac]     private final Key javaOptionalKey;
    [javac]                   ^
    [javac]   missing type arguments for generic class Key<T>
    [javac]   where T is a type-variable:
    [javac]     T extends Object declared in class Key
    [javac] /home/travis/build/google/guice/extensions/multibindings/src/com/google/inject/multibindings/OptionalBinder.java:306: warning: [rawtypes] found raw type: Key
    [javac]     private final Key javaOptionalJavaxProviderKey;
    [javac]                   ^
    [javac]   missing type arguments for generic class Key<T>
    [javac]   where T is a type-variable:
    [javac]     T extends Object declared in class Key
    [javac] /home/travis/build/google/guice/extensions/multibindings/src/com/google/inject/multibindings/OptionalBinder.java:307: warning: [rawtypes] found raw type: Key
    [javac]     private final Key javaOptionalProviderKey;
    [javac]                   ^
    [javac]   missing type arguments for generic class Key<T>
    [javac]   where T is a type-variable:
    [javac]     T extends Object declared in class Key
    [javac] /home/travis/build/google/guice/extensions/multibindings/src/com/google/inject/multibindings/OptionalBinder.java:385: warning: [rawtypes] found raw type: Key
    [javac]       Key massagedOptionalProviderKey = (Key) optionalProviderKey;
    [javac]       ^
    [javac]   missing type arguments for generic class Key<T>
    [javac]   where T is a type-variable:
    [javac]     T extends Object declared in class Key
    [javac] /home/travis/build/google/guice/extensions/multibindings/src/com/google/inject/multibindings/OptionalBinder.java:386: warning: [unchecked] unchecked conversion
    [javac]       binder.bind(optionalJavaxProviderKey).to(massagedOptionalProviderKey);
    [javac]                                                ^
    [javac]   required: Key<? extends Optional<Provider<T>>>
    [javac]   found:    Key
    [javac]   where T is a type-variable:
    [javac]     T extends Object declared in class RealOptionalBinder
    [javac] 16 warnings
    [javac] Creating empty /home/travis/build/google/guice/extensions/multibindings/build/classes/com/google/inject/multibindings/package-info.class

manifest:
  [bndwrap] classes 57 0
    [unjar] Expanding: /home/travis/build/google/guice/extensions/multibindings/build/classes.bar into /home/travis/build/google/guice/extensions/multibindings/build

jar:
      [jar] Building jar: /home/travis/build/google/guice/extensions/multibindings/build/guice-multibindings-snapshot.jar

distjars:

source.jar:
    [mkdir] Created dir: /home/travis/build/google/guice/extensions/dagger-adapter/build
      [zip] Building zip: /home/travis/build/google/guice/extensions/dagger-adapter/build/guice-dagger-adapter-snapshot-src.jar

compile:
    [mkdir] Created dir: /home/travis/build/google/guice/extensions/dagger-adapter/build/classes
    [javac] Compiling 2 source files to /home/travis/build/google/guice/extensions/dagger-adapter/build/classes
    [javac] warning: [options] bootstrap class path not set in conjunction with -source 1.6
    [javac] /home/travis/build/google/guice/extensions/dagger-adapter/src/com/google/inject/daggeradapter/DaggerMethodScanner.java:55: warning: [fallthrough] possible fall-through into case
    [javac]       case SET:
    [javac]       ^
    [javac] 2 warnings

manifest:
  [bndwrap] classes 5 0
    [unjar] Expanding: /home/travis/build/google/guice/extensions/dagger-adapter/build/classes.bar into /home/travis/build/google/guice/extensions/dagger-adapter/build

jar:
      [jar] Building jar: /home/travis/build/google/guice/extensions/dagger-adapter/build/guice-dagger-adapter-snapshot.jar

distjars:

source.jar:
    [mkdir] Created dir: /home/travis/build/google/guice/extensions/persist/build
      [zip] Building zip: /home/travis/build/google/guice/extensions/persist/build/guice-persist-snapshot-src.jar

compile:
    [mkdir] Created dir: /home/travis/build/google/guice/extensions/persist/build/classes
    [javac] Compiling 17 source files to /home/travis/build/google/guice/extensions/persist/build/classes
    [javac] warning: [options] bootstrap class path not set in conjunction with -source 1.6
    [javac] /home/travis/build/google/guice/extensions/persist/src/com/google/inject/persist/finder/Finder.java:50: warning: [rawtypes] found raw type: Collection
    [javac]   Class<? extends Collection> returnAs() default Collection.class;
    [javac]                   ^
    [javac]   missing type arguments for generic class Collection<E>
    [javac]   where E is a type-variable:
    [javac]     E extends Object declared in interface Collection
    [javac] /home/travis/build/google/guice/extensions/persist/src/com/google/inject/persist/jpa/JpaFinderProxy.java:86: warning: [rawtypes] found raw type: List
    [javac]       List results) {
    [javac]       ^
    [javac]   missing type arguments for generic class List<E>
    [javac]   where E is a type-variable:
    [javac]     E extends Object declared in interface List
    [javac] /home/travis/build/google/guice/extensions/persist/src/com/google/inject/persist/jpa/JpaFinderProxy.java:104: warning: [unchecked] unchecked conversion
    [javac]     collection.addAll(results);
    [javac]                       ^
    [javac]   required: Collection<? extends CAP#1>
    [javac]   found:    List
    [javac]   where CAP#1 is a fresh type-variable:
    [javac]     CAP#1 extends Object from capture of ?
    [javac] /home/travis/build/google/guice/extensions/persist/src/com/google/inject/persist/jpa/JpaFinderProxy.java:250: warning: [rawtypes] found raw type: Collection
    [javac]     volatile Class<? extends Collection> returnCollectionType;
    [javac]                              ^
    [javac]   missing type arguments for generic class Collection<E>
    [javac]   where E is a type-variable:
    [javac]     E extends Object declared in interface Collection
    [javac] /home/travis/build/google/guice/extensions/persist/src/com/google/inject/persist/jpa/JpaFinderProxy.java:251: warning: [rawtypes] found raw type: Constructor
    [javac]     volatile Constructor returnCollectionTypeConstructor;
    [javac]              ^
    [javac]   missing type arguments for generic class Constructor<T>
    [javac]   where T is a type-variable:
    [javac]     T extends Object declared in class Constructor
    [javac] 6 warnings
    [javac] Creating empty /home/travis/build/google/guice/extensions/persist/build/classes/com/google/inject/persist/jpa/package-info.class
    [javac] Creating empty /home/travis/build/google/guice/extensions/persist/build/classes/com/google/inject/persist/finder/package-info.class
    [javac] Creating empty /home/travis/build/google/guice/extensions/persist/build/classes/com/google/inject/persist/package-info.class

manifest:
  [bndwrap] classes 25 0
    [unjar] Expanding: /home/travis/build/google/guice/extensions/persist/build/classes.bar into /home/travis/build/google/guice/extensions/persist/build

jar:
      [jar] Building jar: /home/travis/build/google/guice/extensions/persist/build/guice-persist-snapshot.jar

distjars:

source.jar:
    [mkdir] Created dir: /home/travis/build/google/guice/extensions/grapher/build
      [zip] Building zip: /home/travis/build/google/guice/extensions/grapher/build/guice-grapher-snapshot-src.jar

compile:
    [mkdir] Created dir: /home/travis/build/google/guice/extensions/grapher/build/classes
    [javac] Compiling 34 source files to /home/travis/build/google/guice/extensions/grapher/build/classes
    [javac] warning: [options] bootstrap class path not set in conjunction with -source 1.6
    [javac] 1 warning

manifest:
  [bndwrap] classes 42 0
    [unjar] Expanding: /home/travis/build/google/guice/extensions/grapher/build/classes.bar into /home/travis/build/google/guice/extensions/grapher/build

jar:
      [jar] Building jar: /home/travis/build/google/guice/extensions/grapher/build/guice-grapher-snapshot.jar

distjars:

source.jar:
    [mkdir] Created dir: /home/travis/build/google/guice/extensions/testlib/build
      [zip] Building zip: /home/travis/build/google/guice/extensions/testlib/build/guice-testlib-snapshot-src.jar

compile:
    [mkdir] Created dir: /home/travis/build/google/guice/extensions/testlib/build/classes
    [javac] Compiling 2 source files to /home/travis/build/google/guice/extensions/testlib/build/classes
    [javac] warning: [options] bootstrap class path not set in conjunction with -source 1.6
    [javac] 1 warning

manifest:
  [bndwrap] classes 5 0
    [unjar] Expanding: /home/travis/build/google/guice/extensions/testlib/build/classes.bar into /home/travis/build/google/guice/extensions/testlib/build

jar:
      [jar] Building jar: /home/travis/build/google/guice/extensions/testlib/build/guice-testlib-snapshot.jar

distjars:
     [copy] Copying 2 files to /home/travis/build/google/guice/build/dist
     [copy] Copying 2 files to /home/travis/build/google/guice/build/dist
     [copy] Copying 2 files to /home/travis/build/google/guice/build/dist
     [copy] Copying 2 files to /home/travis/build/google/guice/build/dist
     [copy] Copying 2 files to /home/travis/build/google/guice/build/dist
     [copy] Copying 2 files to /home/travis/build/google/guice/build/dist
     [copy] Copying 2 files to /home/travis/build/google/guice/build/dist
     [copy] Copying 2 files to /home/travis/build/google/guice/build/dist
     [copy] Copying 2 files to /home/travis/build/google/guice/build/dist
     [copy] Copying 2 files to /home/travis/build/google/guice/build/dist
     [copy] Copying 2 files to /home/travis/build/google/guice/build/dist
     [copy] Copying 2 files to /home/travis/build/google/guice/build/dist
     [copy] Copying 1 file to /home/travis/build/google/guice/build/dist
     [copy] Copying 3 files to /home/travis/build/google/guice/build/dist
      [zip] Building zip: /home/travis/build/google/guice/build/guice-snapshot.zip
      [zip] Building zip: /home/travis/build/google/guice/build/guice-snapshot-src.zip

test.dist:

compile:

jar.withdeps:
   [jarjar] Building jar: /home/travis/build/google/guice/build/guice-with-deps.jar

manifest:
  [bndwrap] classes 358 455265
    [unjar] Expanding: /home/travis/build/google/guice/build/classes.bar into /home/travis/build/google/guice/build

jar:
      [jar] Building jar: /home/travis/build/google/guice/build/dist/guice-snapshot.jar

test.compile:
    [mkdir] Created dir: /home/travis/build/google/guice/build/test
    [javac] Compiling 88 source files to /home/travis/build/google/guice/build/test
    [javac] warning: [options] bootstrap class path not set in conjunction with -source 1.6
    [javac] Note: Some input files use or override a deprecated API.
    [javac] Note: Recompile with -Xlint:deprecation for details.
    [javac] Note: Some input files use unchecked or unsafe operations.
    [javac] Note: Recompile with -Xlint:unchecked for details.
    [javac] 1 warning

test.withdeps:
   [jarjar] Building jar: /home/travis/build/google/guice/build/guice-snapshot-tests.jar

test.dist.run:
    [junit] Dec 22, 2015 10:58:59 PM com.google.inject.spi.InjectionPoint getInjectionPoints
    [junit] WARNING: Method: protected void org.atinject.tck.auto.accessories.SpareTire.injectProtectedMethodForOverride() is not annotated with @Inject but is overriding a method that is annotated with @javax.inject.Inject.  Because it is not annotated with @Inject, the method will not be injected. To fix this, annotate the method with @Inject.
    [junit] Dec 22, 2015 10:58:59 PM com.google.inject.spi.InjectionPoint getInjectionPoints
    [junit] WARNING: Method: public void org.atinject.tck.auto.accessories.SpareTire.injectPublicMethodForOverride() is not annotated with @Inject but is overriding a method that is annotated with @javax.inject.Inject.  Because it is not annotated with @Inject, the method will not be injected. To fix this, annotate the method with @Inject.
    [junit] Dec 22, 2015 10:58:59 PM com.google.inject.spi.InjectionPoint getInjectionPoints
    [junit] WARNING: Method: void org.atinject.tck.auto.accessories.SpareTire.injectPackagePrivateMethod3() is not annotated with @Inject but is overriding a method that is annotated with @javax.inject.Inject.  Because it is not annotated with @Inject, the method will not be injected. To fix this, annotate the method with @Inject.
    [junit] Dec 22, 2015 10:58:59 PM com.google.inject.spi.InjectionPoint getInjectionPoints
    [junit] WARNING: Method: public void org.atinject.tck.auto.GasEngine.injectTwiceOverriddenWithOmissionInMiddle() is not annotated with @Inject but is overriding a method that is annotated with @javax.inject.Inject.  Because it is not annotated with @Inject, the method will not be injected. To fix this, annotate the method with @Inject.
    [junit] Dec 22, 2015 10:58:59 PM com.google.inject.spi.InjectionPoint getInjectionPoints
    [junit] WARNING: Method: void org.atinject.tck.auto.V8Engine.injectPackagePrivateMethodForOverride() is not annotated with @Inject but is overriding a method that is annotated with @javax.inject.Inject.  Because it is not annotated with @Inject, the method will not be injected. To fix this, annotate the method with @Inject.
    [junit] Dec 22, 2015 10:58:59 PM com.google.inject.spi.InjectionPoint getInjectionPoints
    [junit] WARNING: Method: public void org.atinject.tck.auto.V8Engine.injectQualifiers(org.atinject.tck.auto.Seat,org.atinject.tck.auto.Seat,org.atinject.tck.auto.Tire,org.atinject.tck.auto.Tire) is not annotated with @Inject but is overriding a method that is annotated with @javax.inject.Inject.  Because it is not annotated with @Inject, the method will not be injected. To fix this, annotate the method with @Inject.
    [junit] Dec 22, 2015 10:58:59 PM com.google.inject.spi.InjectionPoint getInjectionPoints
    [junit] WARNING: Method: public void org.atinject.tck.auto.V8Engine.injectTwiceOverriddenWithOmissionInSubclass() is not annotated with @Inject but is overriding a method that is annotated with @javax.inject.Inject.  Because it is not annotated with @Inject, the method will not be injected. To fix this, annotate the method with @Inject.
    [junit] .........................................
    [junit] .........................................
    [junit] ..com.google.inject.CreationException: Unable to create injector, see the following errors:
    [junit] 
    [junit] 1) A binding to com.google.inject.BinderTest$HasImplementedBy1 was already configured at com.google.inject.BinderTest$19.configure(BinderTest.java:347).
    [junit]   at com.google.inject.BinderTest$19.configure(BinderTest.java:346)
    [junit] 
    [junit] 1 error
    [junit] 	at com.google.inject.internal.Errors.throwCreationExceptionIfErrorsExist(Errors.java:470)
    [junit] 	at com.google.inject.internal.InternalInjectorCreator.initializeStatically(InternalInjectorCreator.java:155)
    [junit] 	at com.google.inject.internal.InternalInjectorCreator.build(InternalInjectorCreator.java:107)
    [junit] 	at com.google.inject.Guice.createInjector(Guice.java:96)
    [junit] 	at com.google.inject.Guice.createInjector(Guice.java:73)
    [junit] 	at com.google.inject.Guice.createInjector(Guice.java:62)
    [junit] 	at com.google.inject.BinderTest.testSettingAtImplementedByTwice(BinderTest.java:343)
    [junit] 	at sun.reflect.NativeMethodAccessorImpl.invoke0(Native Method)
    [junit] 	at sun.reflect.NativeMethodAccessorImpl.invoke(NativeMethodAccessorImpl.java:57)
    [junit] 	at sun.reflect.DelegatingMethodAccessorImpl.invoke(DelegatingMethodAccessorImpl.java:43)
    [junit] 	at java.lang.reflect.Method.invoke(Method.java:606)
    [junit] 	at junit.framework.TestCase.runTest(TestCase.java:154)
    [junit] 	at junit.framework.TestCase.runBare(TestCase.java:127)
    [junit] 	at junit.framework.TestResult$1.protect(TestResult.java:106)
    [junit] 	at junit.framework.TestResult.runProtected(TestResult.java:124)
    [junit] 	at junit.framework.TestResult.run(TestResult.java:109)
    [junit] 	at junit.framework.TestCase.run(TestCase.java:118)
    [junit] 	at junit.framework.TestSuite.runTest(TestSuite.java:208)
    [junit] 	at junit.framework.TestSuite.run(TestSuite.java:203)
    [junit] 	at junit.framework.TestSuite.runTest(TestSuite.java:208)
    [junit] 	at junit.framework.TestSuite.run(TestSuite.java:203)
    [junit] 	at junit.textui.TestRunner.doRun(TestRunner.java:116)
    [junit] 	at junit.textui.TestRunner.start(TestRunner.java:172)
    [junit] 	at junit.textui.TestRunner.main(TestRunner.java:138)
    [junit] Dec 22, 2015 10:59:00 PM com.google.inject.internal.MessageProcessor visit
    [junit] INFO: An exception was caught and reported. Message: java.lang.IllegalArgumentException
    [junit] java.lang.IllegalArgumentException
    [junit] 	at com.google.inject.BinderTest$24.configure(BinderTest.java:450)
    [junit] 	at com.google.inject.AbstractModule.configure(AbstractModule.java:62)
    [junit] 	at com.google.inject.spi.Elements$RecordingBinder.install(Elements.java:340)
    [junit] 	at com.google.inject.spi.Elements.getElements(Elements.java:110)
    [junit] 	at com.google.inject.internal.InjectorShell$Builder.build(InjectorShell.java:138)
    [junit] 	at com.google.inject.internal.InternalInjectorCreator.build(InternalInjectorCreator.java:104)
    [junit] 	at com.google.inject.Guice.createInjector(Guice.java:96)
    [junit] 	at com.google.inject.Guice.createInjector(Guice.java:73)
    [junit] 	at com.google.inject.Guice.createInjector(Guice.java:62)
    [junit] 	at com.google.inject.BinderTest.testUserReportedErrorsAreAlsoLogged(BinderTest.java:447)
    [junit] 	at sun.reflect.NativeMethodAccessorImpl.invoke0(Native Method)
    [junit] 	at sun.reflect.NativeMethodAccessorImpl.invoke(NativeMethodAccessorImpl.java:57)
    [junit] 	at sun.reflect.DelegatingMethodAccessorImpl.invoke(DelegatingMethodAccessorImpl.java:43)
    [junit] 	at java.lang.reflect.Method.invoke(Method.java:606)
    [junit] 	at junit.framework.TestCase.runTest(TestCase.java:154)
    [junit] 	at junit.framework.TestCase.runBare(TestCase.java:127)
    [junit] 	at junit.framework.TestResult$1.protect(TestResult.java:106)
    [junit] 	at junit.framework.TestResult.runProtected(TestResult.java:124)
    [junit] 	at junit.framework.TestResult.run(TestResult.java:109)
    [junit] 	at junit.framework.TestCase.run(TestCase.java:118)
    [junit] 	at junit.framework.TestSuite.runTest(TestSuite.java:208)
    [junit] 	at junit.framework.TestSuite.run(TestSuite.java:203)
    [junit] 	at junit.framework.TestSuite.runTest(TestSuite.java:208)
    [junit] 	at junit.framework.TestSuite.run(TestSuite.java:203)
    [junit] 	at junit.textui.TestRunner.doRun(TestRunner.java:116)
    [junit] 	at junit.textui.TestRunner.start(TestRunner.java:172)
    [junit] 	at junit.textui.TestRunner.main(TestRunner.java:138)
    [junit] 
    [junit] .......................................
    [junit] .........................................
    [junit] .........................................
    [junit] .........................................
    [junit] .........................................
    [junit] .........................................
    [junit] .........................................
    [junit] ...........................Dec 22, 2015 10:59:03 PM com.google.inject.internal.MessageProcessor visit
    [junit] INFO: An exception was caught and reported. Message: java.lang.IllegalStateException: Failing in the scanner.
    [junit] java.lang.IllegalStateException: Failing in the scanner.
    [junit] 	at com.google.inject.spi.ModuleAnnotatedMethodScannerTest$FailingScanner.prepareMethod(ModuleAnnotatedMethodScannerTest.java:205)
    [junit] 	at com.google.inject.internal.ProviderMethodsModule.createProviderMethod(ProviderMethodsModule.java:266)
    [junit] 	at com.google.inject.internal.ProviderMethodsModule.getProviderMethods(ProviderMethodsModule.java:144)
    [junit] 	at com.google.inject.internal.ProviderMethodsModule.configure(ProviderMethodsModule.java:123)
    [junit] 	at com.google.inject.spi.Elements$RecordingBinder.install(Elements.java:340)
    [junit] 	at com.google.inject.spi.Elements$RecordingBinder.scanForAnnotatedMethods(Elements.java:295)
    [junit] 	at com.google.inject.spi.Elements.getElements(Elements.java:112)
    [junit] 	at com.google.inject.internal.InjectorShell$Builder.build(InjectorShell.java:138)
    [junit] 	at com.google.inject.internal.InternalInjectorCreator.build(InternalInjectorCreator.java:104)
    [junit] 	at com.google.inject.Guice.createInjector(Guice.java:96)
    [junit] 	at com.google.inject.Guice.createInjector(Guice.java:73)
    [junit] 	at com.google.inject.Guice.createInjector(Guice.java:62)
    [junit] 	at com.google.inject.spi.ModuleAnnotatedMethodScannerTest.testFailingScanner(ModuleAnnotatedMethodScannerTest.java:174)
    [junit] 	at sun.reflect.NativeMethodAccessorImpl.invoke0(Native Method)
    [junit] 	at sun.reflect.NativeMethodAccessorImpl.invoke(NativeMethodAccessorImpl.java:57)
    [junit] 	at sun.reflect.DelegatingMethodAccessorImpl.invoke(DelegatingMethodAccessorImpl.java:43)
    [junit] 	at java.lang.reflect.Method.invoke(Method.java:606)
    [junit] 	at junit.framework.TestCase.runTest(TestCase.java:154)
    [junit] 	at junit.framework.TestCase.runBare(TestCase.java:127)
    [junit] 	at junit.framework.TestResult$1.protect(TestResult.java:106)
    [junit] 	at junit.framework.TestResult.runProtected(TestResult.java:124)
    [junit] 	at junit.framework.TestResult.run(TestResult.java:109)
    [junit] 	at junit.framework.TestCase.run(TestCase.java:118)
    [junit] 	at junit.framework.TestSuite.runTest(TestSuite.java:208)
    [junit] 	at junit.framework.TestSuite.run(TestSuite.java:203)
    [junit] 	at junit.framework.TestSuite.runTest(TestSuite.java:208)
    [junit] 	at junit.framework.TestSuite.run(TestSuite.java:203)
    [junit] 	at junit.textui.TestRunner.doRun(TestRunner.java:116)
    [junit] 	at junit.textui.TestRunner.start(TestRunner.java:172)
    [junit] 	at junit.textui.TestRunner.main(TestRunner.java:138)
    [junit] 
    [junit] ..............
    [junit] .........................................
    [junit] .........................................
    [junit] .........................................
    [junit] .........................................
    [junit] .........................................
    [junit] .........................................
    [junit] .........................................
    [junit] .........................................
    [junit] ........................Dec 22, 2015 10:59:05 PM com.google.inject.spi.InjectionPoint getInjectionPoints
    [junit] WARNING: Method: public void com.google.inject.spi.InjectionPointTest$Sub.atInject() is not annotated with @Inject but is overriding a method that is annotated with @javax.inject.Inject.  Because it is not annotated with @Inject, the method will not be injected. To fix this, annotate the method with @Inject.
    [junit] Dec 22, 2015 10:59:05 PM com.google.inject.spi.InjectionPoint getInjectionPoints
    [junit] WARNING: Method: public void com.google.inject.spi.InjectionPointTest$Sub.atInject() is not annotated with @Inject but is overriding a method that is annotated with @javax.inject.Inject.  Because it is not annotated with @Inject, the method will not be injected. To fix this, annotate the method with @Inject.
    [junit] Dec 22, 2015 10:59:05 PM com.google.inject.spi.InjectionPoint getInjectionPoints
    [junit] WARNING: Method: public void com.google.inject.spi.InjectionPointTest$SubSub.privateGAndPublicAt() is not annotated with @Inject but is overriding a method that is annotated with @javax.inject.Inject.  Because it is not annotated with @Inject, the method will not be injected. To fix this, annotate the method with @Inject.
    [junit] .................
    [junit] .........................................
    [junit] .........................................
    [junit] ......................aopalliance.jar 9 4573
    [junit] javax.inject.jar 6 2841
    [junit] Should not skip: ^
    [junit] Should not skip: ^
    [junit] Should not skip: ^
    [junit] Should not skip: ^
    [junit] Should not skip: ^
    [junit] Should not skip: ^
    [junit] Should not skip: ^
    [junit] Should not skip: ^
    [junit] Should not skip: ^
    [junit] Should not skip: ^
    [junit] Should not skip: ^
    [junit] guava.jar 1687 2226810
    [junit] osgitests.jar 28 20676
    [junit] ..............
    [junit] Time: 8.398
    [junit] 
    [junit] OK (897 tests)
    [junit] 

compile:

jar.withdeps:
   [jarjar] Building jar: /home/travis/build/google/guice/build/guice-with-deps.jar

manifest:
  [bndwrap] classes 358 455265
    [unjar] Expanding: /home/travis/build/google/guice/build/classes.bar into /home/travis/build/google/guice/build

jar:
      [jar] Building jar: /home/travis/build/google/guice/build/dist/guice-snapshot.jar

test.compile:

test.withdeps:
   [jarjar] Building jar: /home/travis/build/google/guice/build/guice-snapshot-tests.jar

test.dist.run:
    [junit] Dec 22, 2015 10:59:14 PM com.google.inject.spi.InjectionPoint getInjectionPoints
    [junit] WARNING: Method: protected void org.atinject.tck.auto.accessories.SpareTire.injectProtectedMethodForOverride() is not annotated with @Inject but is overriding a method that is annotated with @javax.inject.Inject.  Because it is not annotated with @Inject, the method will not be injected. To fix this, annotate the method with @Inject.
    [junit] Dec 22, 2015 10:59:14 PM com.google.inject.spi.InjectionPoint getInjectionPoints
    [junit] WARNING: Method: public void org.atinject.tck.auto.accessories.SpareTire.injectPublicMethodForOverride() is not annotated with @Inject but is overriding a method that is annotated with @javax.inject.Inject.  Because it is not annotated with @Inject, the method will not be injected. To fix this, annotate the method with @Inject.
    [junit] Dec 22, 2015 10:59:14 PM com.google.inject.spi.InjectionPoint getInjectionPoints
    [junit] WARNING: Method: void org.atinject.tck.auto.accessories.SpareTire.injectPackagePrivateMethod3() is not annotated with @Inject but is overriding a method that is annotated with @javax.inject.Inject.  Because it is not annotated with @Inject, the method will not be injected. To fix this, annotate the method with @Inject.
    [junit] Dec 22, 2015 10:59:14 PM com.google.inject.spi.InjectionPoint getInjectionPoints
    [junit] WARNING: Method: public void org.atinject.tck.auto.GasEngine.injectTwiceOverriddenWithOmissionInMiddle() is not annotated with @Inject but is overriding a method that is annotated with @javax.inject.Inject.  Because it is not annotated with @Inject, the method will not be injected. To fix this, annotate the method with @Inject.
    [junit] Dec 22, 2015 10:59:14 PM com.google.inject.spi.InjectionPoint getInjectionPoints
    [junit] WARNING: Method: void org.atinject.tck.auto.V8Engine.injectPackagePrivateMethodForOverride() is not annotated with @Inject but is overriding a method that is annotated with @javax.inject.Inject.  Because it is not annotated with @Inject, the method will not be injected. To fix this, annotate the method with @Inject.
    [junit] Dec 22, 2015 10:59:14 PM com.google.inject.spi.InjectionPoint getInjectionPoints
    [junit] WARNING: Method: public void org.atinject.tck.auto.V8Engine.injectQualifiers(org.atinject.tck.auto.Seat,org.atinject.tck.auto.Seat,org.atinject.tck.auto.Tire,org.atinject.tck.auto.Tire) is not annotated with @Inject but is overriding a method that is annotated with @javax.inject.Inject.  Because it is not annotated with @Inject, the method will not be injected. To fix this, annotate the method with @Inject.
    [junit] Dec 22, 2015 10:59:14 PM com.google.inject.spi.InjectionPoint getInjectionPoints
    [junit] WARNING: Method: public void org.atinject.tck.auto.V8Engine.injectTwiceOverriddenWithOmissionInSubclass() is not annotated with @Inject but is overriding a method that is annotated with @javax.inject.Inject.  Because it is not annotated with @Inject, the method will not be injected. To fix this, annotate the method with @Inject.
    [junit] .........................................
    [junit] ................................com.google.inject.CreationException: Unable to create injector, see the following errors:
    [junit] 
    [junit] 1) A binding to com.google.inject.BinderTest$HasImplementedBy1 was already configured at com.google.inject.BinderTest$19.configure(Unknown Source).
    [junit]   at com.google.inject.BinderTest$19.configure(Unknown Source)
    [junit] 
    [junit] 1 error
    [junit] 	at com.google.inject.internal.Errors.throwCreationExceptionIfErrorsExist(Errors.java:470)
    [junit] 	at com.google.inject.internal.InternalInjectorCreator.initializeStatically(InternalInjectorCreator.java:155)
    [junit] 	at com.google.inject.internal.InternalInjectorCreator.build(InternalInjectorCreator.java:107)
    [junit] 	at com.google.inject.Guice.createInjector(Guice.java:96)
    [junit] 	at com.google.inject.Guice.createInjector(Guice.java:73)
    [junit] 	at com.google.inject.Guice.createInjector(Guice.java:62)
    [junit] 	at com.google.inject.BinderTest.testSettingAtImplementedByTwice(BinderTest.java:343)
    [junit] 	at sun.reflect.NativeMethodAccessorImpl.invoke0(Native Method)
    [junit] 	at sun.reflect.NativeMethodAccessorImpl.invoke(NativeMethodAccessorImpl.java:57)
    [junit] 	at sun.reflect.DelegatingMethodAccessorImpl.invoke(DelegatingMethodAccessorImpl.java:43)
    [junit] 	at java.lang.reflect.Method.invoke(Method.java:606)
    [junit] 	at junit.framework.TestCase.runTest(TestCase.java:154)
    [junit] 	at junit.framework.TestCase.runBare(TestCase.java:127)
    [junit] 	at junit.framework.TestResult$1.protect(TestResult.java:106)
    [junit] 	at junit.framework.TestResult.runProtected(TestResult.java:124)
    [junit] 	at junit.framework.TestResult.run(TestResult.java:109)
    [junit] 	at junit.framework.TestCase.run(TestCase.java:118)
    [junit] 	at junit.framework.TestSuite.runTest(TestSuite.java:208)
    [junit] 	at junit.framework.TestSuite.run(TestSuite.java:203)
    [junit] 	at junit.framework.TestSuite.runTest(TestSuite.java:208)
    [junit] 	at junit.framework.TestSuite.run(TestSuite.java:203)
    [junit] 	at junit.textui.TestRunner.doRun(TestRunner.java:116)
    [junit] 	at junit.textui.TestRunner.start(TestRunner.java:172)
    [junit] 	at junit.textui.TestRunner.main(TestRunner.java:138)
    [junit] Dec 22, 2015 10:59:14 PM com.google.inject.internal.MessageProcessor visit
    [junit] INFO: An exception was caught and reported. Message: java.lang.IllegalArgumentException
    [junit] java.lang.IllegalArgumentException
    [junit] 	at com.google.inject.BinderTest$24.configure(BinderTest.java:450)
    [junit] 	at com.google.inject.AbstractModule.configure(AbstractModule.java:62)
    [junit] 	at com.google.inject.spi.Elements$RecordingBinder.install(Elements.java:340)
    [junit] 	at com.google.inject.spi.Elements.getElements(Elements.java:110)
    [junit] 	at com.google.inject.internal.InjectorShell$Builder.build(InjectorShell.java:138)
    [junit] 	at com.google.inject.internal.InternalInjectorCreator.build(InternalInjectorCreator.java:104)
    [junit] 	at com.google.inject.Guice.createInjector(Guice.java:96)
    [junit] 	at com.google.inject.Guice.createInjector(Guice.java:73)
    [junit] 	at com.google.inject.Guice.createInjector(Guice.java:62)
    [junit] 	at com.google.inject.BinderTest.testUserReportedErrorsAreAlsoLogged(BinderTest.java:447)
    [junit] 	at sun.reflect.NativeMethodAccessorImpl.invoke0(Native Method)
    [junit] 	at sun.reflect.NativeMethodAccessorImpl.invoke(NativeMethodAccessorImpl.java:57)
    [junit] 	at sun.reflect.DelegatingMethodAccessorImpl.invoke(DelegatingMethodAccessorImpl.java:43)
    [junit] 	at java.lang.reflect.Method.invoke(Method.java:606)
    [junit] 	at junit.framework.TestCase.runTest(TestCase.java:154)
    [junit] 	at junit.framework.TestCase.runBare(TestCase.java:127)
    [junit] 	at junit.framework.TestResult$1.protect(TestResult.java:106)
    [junit] 	at junit.framework.TestResult.runProtected(TestResult.java:124)
    [junit] 	at junit.framework.TestResult.run(TestResult.java:109)
    [junit] 	at junit.framework.TestCase.run(TestCase.java:118)
    [junit] 	at junit.framework.TestSuite.runTest(TestSuite.java:208)
    [junit] 	at junit.framework.TestSuite.run(TestSuite.java:203)
    [junit] 	at junit.framework.TestSuite.runTest(TestSuite.java:208)
    [junit] 	at junit.framework.TestSuite.run(TestSuite.java:203)
    [junit] 	at junit.textui.TestRunner.doRun(TestRunner.java:116)
    [junit] 	at junit.textui.TestRunner.start(TestRunner.java:172)
    [junit] 	at junit.textui.TestRunner.main(TestRunner.java:138)
    [junit] 
    [junit] .........
    [junit] .........................................
    [junit] .........................................
    [junit] .........................................
    [junit] .........................................
    [junit] .........................................
    [junit] .........................................
    [junit] .........................................
    [junit] ................Dec 22, 2015 10:59:17 PM com.google.inject.internal.MessageProcessor visit
    [junit] INFO: An exception was caught and reported. Message: java.lang.IllegalStateException: Failing in the scanner.
    [junit] java.lang.IllegalStateException: Failing in the scanner.
    [junit] 	at com.google.inject.spi.ModuleAnnotatedMethodScannerTest$FailingScanner.prepareMethod(ModuleAnnotatedMethodScannerTest.java:205)
    [junit] 	at com.google.inject.internal.ProviderMethodsModule.createProviderMethod(ProviderMethodsModule.java:266)
    [junit] 	at com.google.inject.internal.ProviderMethodsModule.getProviderMethods(ProviderMethodsModule.java:144)
    [junit] 	at com.google.inject.internal.ProviderMethodsModule.configure(ProviderMethodsModule.java:123)
    [junit] 	at com.google.inject.spi.Elements$RecordingBinder.install(Elements.java:340)
    [junit] 	at com.google.inject.spi.Elements$RecordingBinder.scanForAnnotatedMethods(Elements.java:295)
    [junit] 	at com.google.inject.spi.Elements.getElements(Elements.java:112)
    [junit] 	at com.google.inject.internal.InjectorShell$Builder.build(InjectorShell.java:138)
    [junit] 	at com.google.inject.internal.InternalInjectorCreator.build(InternalInjectorCreator.java:104)
    [junit] 	at com.google.inject.Guice.createInjector(Guice.java:96)
    [junit] 	at com.google.inject.Guice.createInjector(Guice.java:73)
    [junit] 	at com.google.inject.Guice.createInjector(Guice.java:62)
    [junit] 	at com.google.inject.spi.ModuleAnnotatedMethodScannerTest.testFailingScanner(ModuleAnnotatedMethodScannerTest.java:174)
    [junit] 	at sun.reflect.NativeMethodAccessorImpl.invoke0(Native Method)
    [junit] 	at sun.reflect.NativeMethodAccessorImpl.invoke(NativeMethodAccessorImpl.java:57)
    [junit] 	at sun.reflect.DelegatingMethodAccessorImpl.invoke(DelegatingMethodAccessorImpl.java:43)
    [junit] 	at java.lang.reflect.Method.invoke(Method.java:606)
    [junit] 	at junit.framework.TestCase.runTest(TestCase.java:154)
    [junit] 	at junit.framework.TestCase.runBare(TestCase.java:127)
    [junit] 	at junit.framework.TestResult$1.protect(TestResult.java:106)
    [junit] 	at junit.framework.TestResult.runProtected(TestResult.java:124)
    [junit] 	at junit.framework.TestResult.run(TestResult.java:109)
    [junit] 	at junit.framework.TestCase.run(TestCase.java:118)
    [junit] 	at junit.framework.TestSuite.runTest(TestSuite.java:208)
    [junit] 	at junit.framework.TestSuite.run(TestSuite.java:203)
    [junit] 	at junit.framework.TestSuite.runTest(TestSuite.java:208)
    [junit] 	at junit.framework.TestSuite.run(TestSuite.java:203)
    [junit] 	at junit.textui.TestRunner.doRun(TestRunner.java:116)
    [junit] 	at junit.textui.TestRunner.start(TestRunner.java:172)
    [junit] 	at junit.textui.TestRunner.main(TestRunner.java:138)
    [junit] 
    [junit] .........................
    [junit] .........................................
    [junit] .........................................
    [junit] .........................................
    [junit] .........................................
    [junit] .........................................
    [junit] .........................................
    [junit] .........................................
    [junit] .........................................
    [junit] ..............................Dec 22, 2015 10:59:19 PM com.google.inject.spi.InjectionPoint getInjectionPoints
    [junit] WARNING: Method: public void com.google.inject.spi.InjectionPointTest$Sub.atInject() is not annotated with @Inject but is overriding a method that is annotated with @javax.inject.Inject.  Because it is not annotated with @Inject, the method will not be injected. To fix this, annotate the method with @Inject.
    [junit] Dec 22, 2015 10:59:19 PM com.google.inject.spi.InjectionPoint getInjectionPoints
    [junit] WARNING: Method: public void com.google.inject.spi.InjectionPointTest$Sub.atInject() is not annotated with @Inject but is overriding a method that is annotated with @javax.inject.Inject.  Because it is not annotated with @Inject, the method will not be injected. To fix this, annotate the method with @Inject.
    [junit] Dec 22, 2015 10:59:19 PM com.google.inject.spi.InjectionPoint getInjectionPoints
    [junit] WARNING: Method: public void com.google.inject.spi.InjectionPointTest$SubSub.privateGAndPublicAt() is not annotated with @Inject but is overriding a method that is annotated with @javax.inject.Inject.  Because it is not annotated with @Inject, the method will not be injected. To fix this, annotate the method with @Inject.
    [junit] ...........
    [junit] .........................................
    [junit] .........................................
    [junit] ......................aopalliance.jar 9 4573
    [junit] javax.inject.jar 6 2841
    [junit] Should not skip: ^
    [junit] Should not skip: ^
    [junit] Should not skip: ^
    [junit] Should not skip: ^
    [junit] Should not skip: ^
    [junit] Should not skip: ^
    [junit] Should not skip: ^
    [junit] Should not skip: ^
    [junit] Should not skip: ^
    [junit] Should not skip: ^
    [junit] Should not skip: ^
    [junit] guava.jar 1687 2226808
    [junit] osgitests.jar 28 20676
    [junit] ..............
    [junit] Time: 8.166
    [junit] 
    [junit] OK (897 tests)
    [junit] 

compile:

jar.withdeps:
   [jarjar] Building jar: /home/travis/build/google/guice/build/guice-with-deps.jar

manifest:
  [bndwrap] classes 358 455265
    [unjar] Expanding: /home/travis/build/google/guice/build/classes.bar into /home/travis/build/google/guice/build

jar:
      [jar] Building jar: /home/travis/build/google/guice/build/dist/guice-snapshot.jar

test.compile:

test.withdeps:
   [jarjar] Building jar: /home/travis/build/google/guice/build/guice-snapshot-tests.jar

test.dist.run:
    [junit] Dec 22, 2015 10:59:27 PM com.google.inject.spi.InjectionPoint getInjectionPoints
    [junit] WARNING: Method: protected void org.atinject.tck.auto.accessories.SpareTire.injectProtectedMethodForOverride() is not annotated with @Inject but is overriding a method that is annotated with @javax.inject.Inject.  Because it is not annotated with @Inject, the method will not be injected. To fix this, annotate the method with @Inject.
    [junit] Dec 22, 2015 10:59:27 PM com.google.inject.spi.InjectionPoint getInjectionPoints
    [junit] WARNING: Method: public void org.atinject.tck.auto.accessories.SpareTire.injectPublicMethodForOverride() is not annotated with @Inject but is overriding a method that is annotated with @javax.inject.Inject.  Because it is not annotated with @Inject, the method will not be injected. To fix this, annotate the method with @Inject.
    [junit] Dec 22, 2015 10:59:27 PM com.google.inject.spi.InjectionPoint getInjectionPoints
    [junit] WARNING: Method: void org.atinject.tck.auto.accessories.SpareTire.injectPackagePrivateMethod3() is not annotated with @Inject but is overriding a method that is annotated with @javax.inject.Inject.  Because it is not annotated with @Inject, the method will not be injected. To fix this, annotate the method with @Inject.
    [junit] Dec 22, 2015 10:59:27 PM com.google.inject.spi.InjectionPoint getInjectionPoints
    [junit] WARNING: Method: public void org.atinject.tck.auto.GasEngine.injectTwiceOverriddenWithOmissionInMiddle() is not annotated with @Inject but is overriding a method that is annotated with @javax.inject.Inject.  Because it is not annotated with @Inject, the method will not be injected. To fix this, annotate the method with @Inject.
    [junit] Dec 22, 2015 10:59:27 PM com.google.inject.spi.InjectionPoint getInjectionPoints
    [junit] WARNING: Method: void org.atinject.tck.auto.V8Engine.injectPackagePrivateMethodForOverride() is not annotated with @Inject but is overriding a method that is annotated with @javax.inject.Inject.  Because it is not annotated with @Inject, the method will not be injected. To fix this, annotate the method with @Inject.
    [junit] Dec 22, 2015 10:59:27 PM com.google.inject.spi.InjectionPoint getInjectionPoints
    [junit] WARNING: Method: public void org.atinject.tck.auto.V8Engine.injectQualifiers(org.atinject.tck.auto.Seat,org.atinject.tck.auto.Seat,org.atinject.tck.auto.Tire,org.atinject.tck.auto.Tire) is not annotated with @Inject but is overriding a method that is annotated with @javax.inject.Inject.  Because it is not annotated with @Inject, the method will not be injected. To fix this, annotate the method with @Inject.
    [junit] Dec 22, 2015 10:59:27 PM com.google.inject.spi.InjectionPoint getInjectionPoints
    [junit] WARNING: Method: public void org.atinject.tck.auto.V8Engine.injectTwiceOverriddenWithOmissionInSubclass() is not annotated with @Inject but is overriding a method that is annotated with @javax.inject.Inject.  Because it is not annotated with @Inject, the method will not be injected. To fix this, annotate the method with @Inject.
    [junit] .........................................
    [junit] ..................................com.google.inject.CreationException: Unable to create injector, see the following errors:
    [junit] 
    [junit] 1) A binding to com.google.inject.BinderTest$HasImplementedBy1 was already configured at com.google.inject.BinderTest$19.configure(BinderTest.java:347).
    [junit]   at com.google.inject.BinderTest$19.configure(BinderTest.java:346)
    [junit] 
    [junit] 1 error
    [junit] 	at com.google.inject.internal.Errors.throwCreationExceptionIfErrorsExist(Errors.java:470)
    [junit] 	at com.google.inject.internal.InternalInjectorCreator.initializeStatically(InternalInjectorCreator.java:155)
    [junit] 	at com.google.inject.internal.InternalInjectorCreator.build(InternalInjectorCreator.java:107)
    [junit] 	at com.google.inject.Guice.createInjector(Guice.java:96)
    [junit] 	at com.google.inject.Guice.createInjector(Guice.java:73)
    [junit] 	at com.google.inject.Guice.createInjector(Guice.java:62)
    [junit] 	at com.google.inject.BinderTest.testSettingAtImplementedByTwice(BinderTest.java:343)
    [junit] 	at sun.reflect.NativeMethodAccessorImpl.invoke0(Native Method)
    [junit] 	at sun.reflect.NativeMethodAccessorImpl.invoke(NativeMethodAccessorImpl.java:57)
    [junit] 	at sun.reflect.DelegatingMethodAccessorImpl.invoke(DelegatingMethodAccessorImpl.java:43)
    [junit] 	at java.lang.reflect.Method.invoke(Method.java:606)
    [junit] 	at junit.framework.TestCase.runTest(TestCase.java:154)
    [junit] 	at junit.framework.TestCase.runBare(TestCase.java:127)
    [junit] 	at junit.framework.TestResult$1.protect(TestResult.java:106)
    [junit] 	at junit.framework.TestResult.runProtected(TestResult.java:124)
    [junit] 	at junit.framework.TestResult.run(TestResult.java:109)
    [junit] 	at junit.framework.TestCase.run(TestCase.java:118)
    [junit] 	at junit.framework.TestSuite.runTest(TestSuite.java:208)
    [junit] 	at junit.framework.TestSuite.run(TestSuite.java:203)
    [junit] 	at junit.framework.TestSuite.runTest(TestSuite.java:208)
    [junit] 	at junit.framework.TestSuite.run(TestSuite.java:203)
    [junit] 	at junit.textui.TestRunner.doRun(TestRunner.java:116)
    [junit] 	at junit.textui.TestRunner.start(TestRunner.java:172)
    [junit] 	at junit.textui.TestRunner.main(TestRunner.java:138)
    [junit] Dec 22, 2015 10:59:28 PM com.google.inject.internal.MessageProcessor visit
    [junit] INFO: An exception was caught and reported. Message: java.lang.IllegalArgumentException
    [junit] java.lang.IllegalArgumentException
    [junit] 	at com.google.inject.BinderTest$24.configure(BinderTest.java:450)
    [junit] 	at com.google.inject.AbstractModule.configure(AbstractModule.java:62)
    [junit] 	at com.google.inject.spi.Elements$RecordingBinder.install(Elements.java:340)
    [junit] 	at com.google.inject.spi.Elements.getElements(Elements.java:110)
    [junit] 	at com.google.inject.internal.InjectorShell$Builder.build(InjectorShell.java:138)
    [junit] 	at com.google.inject.internal.InternalInjectorCreator.build(InternalInjectorCreator.java:104)
    [junit] 	at com.google.inject.Guice.createInjector(Guice.java:96)
    [junit] 	at com.google.inject.Guice.createInjector(Guice.java:73)
    [junit] 	at com.google.inject.Guice.createInjector(Guice.java:62)
    [junit] 	at com.google.inject.BinderTest.testUserReportedErrorsAreAlsoLogged(BinderTest.java:447)
    [junit] 	at sun.reflect.NativeMethodAccessorImpl.invoke0(Native Method)
    [junit] 	at sun.reflect.NativeMethodAccessorImpl.invoke(NativeMethodAccessorImpl.java:57)
    [junit] 	at sun.reflect.DelegatingMethodAccessorImpl.invoke(DelegatingMethodAccessorImpl.java:43)
    [junit] 	at java.lang.reflect.Method.invoke(Method.java:606)
    [junit] 	at junit.framework.TestCase.runTest(TestCase.java:154)
    [junit] 	at junit.framework.TestCase.runBare(TestCase.java:127)
    [junit] 	at junit.framework.TestResult$1.protect(TestResult.java:106)
    [junit] 	at junit.framework.TestResult.runProtected(TestResult.java:124)
    [junit] 	at junit.framework.TestResult.run(TestResult.java:109)
    [junit] 	at junit.framework.TestCase.run(TestCase.java:118)
    [junit] 	at junit.framework.TestSuite.runTest(TestSuite.java:208)
    [junit] 	at junit.framework.TestSuite.run(TestSuite.java:203)
    [junit] 	at junit.framework.TestSuite.runTest(TestSuite.java:208)
    [junit] 	at junit.framework.TestSuite.run(TestSuite.java:203)
    [junit] 	at junit.textui.TestRunner.doRun(TestRunner.java:116)
    [junit] 	at junit.textui.TestRunner.start(TestRunner.java:172)
    [junit] 	at junit.textui.TestRunner.main(TestRunner.java:138)
    [junit] 
    [junit] .......
    [junit] .........................................
    [junit] .........................................
    [junit] .........................................
    [junit] .........................................
    [junit] .........................................
    [junit] .........................................
    [junit] .........................................
    [junit] .............................Dec 22, 2015 10:59:31 PM com.google.inject.internal.MessageProcessor visit
    [junit] INFO: An exception was caught and reported. Message: java.lang.IllegalStateException: Failing in the scanner.
    [junit] java.lang.IllegalStateException: Failing in the scanner.
    [junit] 	at com.google.inject.spi.ModuleAnnotatedMethodScannerTest$FailingScanner.prepareMethod(ModuleAnnotatedMethodScannerTest.java:205)
    [junit] 	at com.google.inject.internal.ProviderMethodsModule.createProviderMethod(ProviderMethodsModule.java:266)
    [junit] 	at com.google.inject.internal.ProviderMethodsModule.getProviderMethods(ProviderMethodsModule.java:144)
    [junit] 	at com.google.inject.internal.ProviderMethodsModule.configure(ProviderMethodsModule.java:123)
    [junit] 	at com.google.inject.spi.Elements$RecordingBinder.install(Elements.java:340)
    [junit] 	at com.google.inject.spi.Elements$RecordingBinder.scanForAnnotatedMethods(Elements.java:295)
    [junit] 	at com.google.inject.spi.Elements.getElements(Elements.java:112)
    [junit] 	at com.google.inject.internal.InjectorShell$Builder.build(InjectorShell.java:138)
    [junit] 	at com.google.inject.internal.InternalInjectorCreator.build(InternalInjectorCreator.java:104)
    [junit] 	at com.google.inject.Guice.createInjector(Guice.java:96)
    [junit] 	at com.google.inject.Guice.createInjector(Guice.java:73)
    [junit] 	at com.google.inject.Guice.createInjector(Guice.java:62)
    [junit] 	at com.google.inject.spi.ModuleAnnotatedMethodScannerTest.testFailingScanner(ModuleAnnotatedMethodScannerTest.java:174)
    [junit] 	at sun.reflect.NativeMethodAccessorImpl.invoke0(Native Method)
    [junit] 	at sun.reflect.NativeMethodAccessorImpl.invoke(NativeMethodAccessorImpl.java:57)
    [junit] 	at sun.reflect.DelegatingMethodAccessorImpl.invoke(DelegatingMethodAccessorImpl.java:43)
    [junit] 	at java.lang.reflect.Method.invoke(Method.java:606)
    [junit] 	at junit.framework.TestCase.runTest(TestCase.java:154)
    [junit] 	at junit.framework.TestCase.runBare(TestCase.java:127)
    [junit] 	at junit.framework.TestResult$1.protect(TestResult.java:106)
    [junit] 	at junit.framework.TestResult.runProtected(TestResult.java:124)
    [junit] 	at junit.framework.TestResult.run(TestResult.java:109)
    [junit] 	at junit.framework.TestCase.run(TestCase.java:118)
    [junit] 	at junit.framework.TestSuite.runTest(TestSuite.java:208)
    [junit] 	at junit.framework.TestSuite.run(TestSuite.java:203)
    [junit] 	at junit.framework.TestSuite.runTest(TestSuite.java:208)
    [junit] 	at junit.framework.TestSuite.run(TestSuite.java:203)
    [junit] 	at junit.textui.TestRunner.doRun(TestRunner.java:116)
    [junit] 	at junit.textui.TestRunner.start(TestRunner.java:172)
    [junit] 	at junit.textui.TestRunner.main(TestRunner.java:138)
    [junit] 
    [junit] ............
    [junit] .........................................
    [junit] .........................................
    [junit] .........................................
    [junit] .........................................
    [junit] .........................................
    [junit] .........................................
    [junit] .........................................
    [junit] .........................................
    [junit] ........................Dec 22, 2015 10:59:33 PM com.google.inject.spi.InjectionPoint getInjectionPoints
    [junit] WARNING: Method: public void com.google.inject.spi.InjectionPointTest$Sub.atInject() is not annotated with @Inject but is overriding a method that is annotated with @javax.inject.Inject.  Because it is not annotated with @Inject, the method will not be injected. To fix this, annotate the method with @Inject.
    [junit] Dec 22, 2015 10:59:33 PM com.google.inject.spi.InjectionPoint getInjectionPoints
    [junit] WARNING: Method: public void com.google.inject.spi.InjectionPointTest$Sub.atInject() is not annotated with @Inject but is overriding a method that is annotated with @javax.inject.Inject.  Because it is not annotated with @Inject, the method will not be injected. To fix this, annotate the method with @Inject.
    [junit] Dec 22, 2015 10:59:33 PM com.google.inject.spi.InjectionPoint getInjectionPoints
    [junit] WARNING: Method: public void com.google.inject.spi.InjectionPointTest$SubSub.privateGAndPublicAt() is not annotated with @Inject but is overriding a method that is annotated with @javax.inject.Inject.  Because it is not annotated with @Inject, the method will not be injected. To fix this, annotate the method with @Inject.
    [junit] .................
    [junit] .........................................
    [junit] .........................................
    [junit] ......................aopalliance.jar 9 4575
    [junit] javax.inject.jar 6 2841
    [junit] Should not skip: ^
    [junit] Should not skip: ^
    [junit] Should not skip: ^
    [junit] Should not skip: ^
    [junit] Should not skip: ^
    [junit] Should not skip: ^
    [junit] Should not skip: ^
    [junit] Should not skip: ^
    [junit] Should not skip: ^
    [junit] Should not skip: ^
    [junit] Should not skip: ^
    [junit] guava.jar 1687 2226809
    [junit] osgitests.jar 28 20677
    [junit] ..............
    [junit] Time: 8.668
    [junit] 
    [junit] OK (897 tests)
    [junit] 

BUILD SUCCESSFUL
Total time: 59 seconds
travis_time:end:022784f7:start=1450825118088387427,finish=1450825177403921695,duration=59315534268[0K
[32;1mThe command "${CMD}" exited with 0.[0m
travis_fold:start:after_success.1[0Ktravis_time:start:32127d3e[0K$ util/generate-latest-docs.sh
travis_time:end:32127d3e:start=1450825177408309891,finish=1450825177415915256,duration=7605365[0Ktravis_fold:end:after_success.1[0Ktravis_fold:start:after_success.2[0Ktravis_time:start:060e6400[0K$ util/compareBuilds.sh
travis_time:end:060e6400:start=1450825177419959433,finish=1450825177424113950,duration=4154517[0Ktravis_fold:end:after_success.2[0Ktravis_fold:start:after_success.3[0Ktravis_time:start:00342f06[0K$ util/publish-snapshot-on-commit.sh
travis_time:end:00342f06:start=1450825177428535009,finish=1450825177435923280,duration=7388271[0Ktravis_fold:end:after_success.3[0K
Done. Your build exited with 0.
