travis_fold:start:worker_info[0K[33;1mWorker information[0m
hostname: travis-worker-gce-org-prod-11:d774d5b7-2e7f-496b-b0d0-2bd535dd3f74
version: v2.0.0-24-g8f5b41a https://github.com/travis-ci/worker/tree/8f5b41a07b602643e7ee8cf307787f9ca8f4b00b
instance: testing-gce-3761b807-2510-4770-93d6-d37beb769adc:travis-ci-jvm-precise-1450223434
startup: 1m59.873952772s
travis_fold:end:worker_info[0Ktravis_fold:start:system_info[0K[33;1mBuild system information[0m
Build language: java
Build group: stable
Build dist: precise
[34m[1mBuild image provisioning date and time[0m
Wed Dec 16 00:12:25 UTC 2015
[34m[1mOperating System Details[0m
Distributor ID:	Ubuntu
Description:	Ubuntu 12.04.5 LTS
Release:	12.04
Codename:	precise
[34m[1mLinux Version[0m
3.13.0-63-generic
[34m[1mCookbooks Version[0m
d1eb0ee https://github.com/travis-ci/travis-cookbooks/tree/d1eb0ee
[34m[1mGit version[0m
git version 1.8.5.6
[34m[1mbash version[0m
GNU bash, version 4.2.25(1)-release (x86_64-pc-linux-gnu)
Copyright (C) 2011 Free Software Foundation, Inc.
License GPLv3+: GNU GPL version 3 or later <http://gnu.org/licenses/gpl.html>

This is free software; you are free to change and redistribute it.
There is NO WARRANTY, to the extent permitted by law.
[34m[1mGCC version[0m
gcc (Ubuntu/Linaro 4.6.3-1ubuntu5) 4.6.3
Copyright (C) 2011 Free Software Foundation, Inc.
This is free software; see the source for copying conditions.  There is NO
warranty; not even for MERCHANTABILITY or FITNESS FOR A PARTICULAR PURPOSE.

[34m[1mLLVM version[0m
clang version 3.4 (tags/RELEASE_34/final)
Target: x86_64-unknown-linux-gnu
Thread model: posix
[34m[1mPre-installed Ruby versions[0m
ruby-1.9.3-p551
[34m[1mPre-installed Node.js versions[0m
v0.10.36
[34m[1mPre-installed Go versions[0m
1.4.2
[34m[1mmysql --version[0m
mysql  Ver 14.14 Distrib 5.5.46, for debian-linux-gnu (x86_64) using readline 6.2
[34m[1mPre-installed PostgreSQL versions[0m
9.1.19
9.2.14
9.3.10
9.4.5
[34m[1mRedis version[0m
redis-server 3.0.5
[34m[1mriak version[0m
2.1.3
[34m[1mMongoDB version[0m
MongoDB 2.4.14
[34m[1mCouchDB version[0m
couchdb 1.6.1
[34m[1mNeo4j version[0m
1.9.4
[34m[1mCassandra version[0m
2.0.9
[34m[1mElasticSearch version[0m
1.4.0
[34m[1mInstalled Sphinx versions[0m
2.0.10
2.1.9
2.2.6
[34m[1mDefault Sphinx version[0m
2.2.6
[34m[1mInstalled Firefox version[0m
firefox 38.4.0esr
[34m[1mPhantomJS version[0m
1.9.8
[34m[1mant -version[0m
Apache Ant(TM) version 1.8.2 compiled on December 3 2011
[34m[1mmvn -version[0m
Apache Maven 3.2.5 (12a6b3acb947671f09b81f49094c53f426d8cea1; 2014-12-14T17:29:23+00:00)
Maven home: /usr/local/maven
Java version: 1.7.0_80, vendor: Oracle Corporation
Java home: /usr/lib/jvm/java-7-oracle/jre
Default locale: en, platform encoding: UTF-8
OS name: "linux", version: "3.13.0-63-generic", arch: "amd64", family: "unix"
[34m[1mgradle -version[0m

------------------------------------------------------------
Gradle 2.2.1
------------------------------------------------------------

Build time:   2014-11-24 09:45:35 UTC
Build number: none
Revision:     6fcb59c06f43a4e6b1bcb401f7686a8601a1fb4a

Groovy:       2.3.6
Ant:          Apache Ant(TM) version 1.9.3 compiled on December 23 2013
JVM:          1.7.0_80 (Oracle Corporation 24.80-b11)
OS:           Linux 3.13.0-63-generic amd64

[34m[1mlein1 version[0m
WARNING: You're currently running as root; probably by accident.
Press control-C to abort or Enter to continue as root.
Set LEIN_ROOT to disable this warning.
WARNING: You're currently running as root; probably by accident.
Press control-C to abort or Enter to continue as root.
Set LEIN_ROOT to disable this warning.
Downloading Leiningen now...
Using JLine for console I/O; install rlwrap for optimum experience.
Leiningen 1.7.1 on Java 1.7.0_80 Java HotSpot(TM) 64-Bit Server VM
[34m[1mlein2 version[0m
WARNING: You're currently running as root; probably by accident.
Press control-C to abort or Enter to continue as root.
Set LEIN_ROOT to disable this warning.
Downloading Leiningen to /home/travis/.lein/self-installs/home/travis/.lein/leiningen-2.5.1-standalone.jar now...
Leiningen 2.5.1 on Java 1.7.0_80 Java HotSpot(TM) 64-Bit Server VM
[34m[1mlein version[0m
WARNING: You're currently running as root; probably by accident.
Press control-C to abort or Enter to continue as root.
Set LEIN_ROOT to disable this warning.
Downloading Leiningen to /home/travis/.lein/self-installs/home/travis/.lein/leiningen-2.5.1-standalone.jar now...
Leiningen 2.5.1 on Java 1.7.0_80 Java HotSpot(TM) 64-Bit Server VM
travis_fold:end:system_info[0K
travis_fold:start:git.checkout[0Ktravis_time:start:09210952[0K$ git clone --depth=50 https://github.com/google/guice.git google/guice
Cloning into 'google/guice'...
remote: Counting objects: 2698, done.[K
remote: Compressing objects:   0% (1/1345)   [Kremote: Compressing objects:   1% (14/1345)   [Kremote: Compressing objects:   2% (27/1345)   [Kremote: Compressing objects:   3% (41/1345)   [Kremote: Compressing objects:   4% (54/1345)   [Kremote: Compressing objects:   5% (68/1345)   [Kremote: Compressing objects:   6% (81/1345)   [Kremote: Compressing objects:   7% (95/1345)   [Kremote: Compressing objects:   8% (108/1345)   [Kremote: Compressing objects:   9% (122/1345)   [Kremote: Compressing objects:  10% (135/1345)   [Kremote: Compressing objects:  11% (148/1345)   [Kremote: Compressing objects:  12% (162/1345)   [Kremote: Compressing objects:  13% (175/1345)   [Kremote: Compressing objects:  14% (189/1345)   [Kremote: Compressing objects:  15% (202/1345)   [Kremote: Compressing objects:  16% (216/1345)   [Kremote: Compressing objects:  17% (229/1345)   [Kremote: Compressing objects:  18% (243/1345)   [Kremote: Compressing objects:  19% (256/1345)   [Kremote: Compressing objects:  20% (269/1345)   [Kremote: Compressing objects:  21% (283/1345)   [Kremote: Compressing objects:  22% (296/1345)   [Kremote: Compressing objects:  23% (310/1345)   [Kremote: Compressing objects:  24% (323/1345)   [Kremote: Compressing objects:  25% (337/1345)   [Kremote: Compressing objects:  26% (350/1345)   [Kremote: Compressing objects:  27% (364/1345)   [Kremote: Compressing objects:  28% (377/1345)   [Kremote: Compressing objects:  29% (391/1345)   [Kremote: Compressing objects:  30% (404/1345)   [Kremote: Compressing objects:  31% (417/1345)   [Kremote: Compressing objects:  32% (431/1345)   [Kremote: Compressing objects:  33% (444/1345)   [Kremote: Compressing objects:  34% (458/1345)   [Kremote: Compressing objects:  35% (471/1345)   [Kremote: Compressing objects:  36% (485/1345)   [Kremote: Compressing objects:  37% (498/1345)   [Kremote: Compressing objects:  38% (512/1345)   [Kremote: Compressing objects:  39% (525/1345)   [Kremote: Compressing objects:  40% (538/1345)   [Kremote: Compressing objects:  41% (552/1345)   [Kremote: Compressing objects:  42% (565/1345)   [Kremote: Compressing objects:  43% (579/1345)   [Kremote: Compressing objects:  44% (592/1345)   [Kremote: Compressing objects:  45% (606/1345)   [Kremote: Compressing objects:  46% (619/1345)   [Kremote: Compressing objects:  47% (633/1345)   [Kremote: Compressing objects:  48% (646/1345)   [Kremote: Compressing objects:  49% (660/1345)   [Kremote: Compressing objects:  50% (673/1345)   [Kremote: Compressing objects:  51% (686/1345)   [Kremote: Compressing objects:  52% (700/1345)   [Kremote: Compressing objects:  53% (713/1345)   [Kremote: Compressing objects:  54% (727/1345)   [Kremote: Compressing objects:  55% (740/1345)   [Kremote: Compressing objects:  56% (754/1345)   [Kremote: Compressing objects:  57% (767/1345)   [Kremote: Compressing objects:  58% (781/1345)   [Kremote: Compressing objects:  59% (794/1345)   [Kremote: Compressing objects:  60% (807/1345)   [Kremote: Compressing objects:  61% (821/1345)   [Kremote: Compressing objects:  62% (834/1345)   [Kremote: Compressing objects:  63% (848/1345)   [Kremote: Compressing objects:  64% (861/1345)   [Kremote: Compressing objects:  65% (875/1345)   [Kremote: Compressing objects:  66% (888/1345)   [Kremote: Compressing objects:  67% (902/1345)   [Kremote: Compressing objects:  68% (915/1345)   [Kremote: Compressing objects:  69% (929/1345)   [Kremote: Compressing objects:  70% (942/1345)   [Kremote: Compressing objects:  71% (955/1345)   [Kremote: Compressing objects:  72% (969/1345)   [Kremote: Compressing objects:  73% (982/1345)   [Kremote: Compressing objects:  74% (996/1345)   [Kremote: Compressing objects:  75% (1009/1345)   [Kremote: Compressing objects:  76% (1023/1345)   [Kremote: Compressing objects:  77% (1036/1345)   [Kremote: Compressing objects:  78% (1050/1345)   [Kremote: Compressing objects:  79% (1063/1345)   [Kremote: Compressing objects:  80% (1076/1345)   [Kremote: Compressing objects:  81% (1090/1345)   [Kremote: Compressing objects:  82% (1103/1345)   [Kremote: Compressing objects:  83% (1117/1345)   [Kremote: Compressing objects:  84% (1130/1345)   [Kremote: Compressing objects:  85% (1144/1345)   [Kremote: Compressing objects:  86% (1157/1345)   [Kremote: Compressing objects:  87% (1171/1345)   [Kremote: Compressing objects:  88% (1184/1345)   [Kremote: Compressing objects:  89% (1198/1345)   [Kremote: Compressing objects:  90% (1211/1345)   [Kremote: Compressing objects:  91% (1224/1345)   [Kremote: Compressing objects:  92% (1238/1345)   [Kremote: Compressing objects:  93% (1251/1345)   [Kremote: Compressing objects:  94% (1265/1345)   [Kremote: Compressing objects:  95% (1278/1345)   [Kremote: Compressing objects:  96% (1292/1345)   [Kremote: Compressing objects:  97% (1305/1345)   [Kremote: Compressing objects:  98% (1319/1345)   [Kremote: Compressing objects:  99% (1332/1345)   [Kremote: Compressing objects: 100% (1345/1345)   [Kremote: Compressing objects: 100% (1345/1345), done.[K
Receiving objects:   0% (1/2698)   Receiving objects:   1% (27/2698)   Receiving objects:   2% (54/2698)   Receiving objects:   3% (81/2698)   Receiving objects:   4% (108/2698)   Receiving objects:   5% (135/2698)   Receiving objects:   6% (162/2698)   Receiving objects:   7% (189/2698)   Receiving objects:   8% (216/2698)   Receiving objects:   9% (243/2698)   Receiving objects:  10% (270/2698)   Receiving objects:  11% (297/2698)   Receiving objects:  12% (324/2698)   Receiving objects:  13% (351/2698)   Receiving objects:  14% (378/2698)   Receiving objects:  15% (405/2698)   Receiving objects:  16% (432/2698)   Receiving objects:  17% (459/2698)   Receiving objects:  18% (486/2698)   Receiving objects:  19% (513/2698)   Receiving objects:  20% (540/2698)   Receiving objects:  21% (567/2698)   Receiving objects:  22% (594/2698)   Receiving objects:  23% (621/2698)   Receiving objects:  24% (648/2698)   Receiving objects:  25% (675/2698)   Receiving objects:  26% (702/2698)   Receiving objects:  27% (729/2698)   Receiving objects:  28% (756/2698)   Receiving objects:  29% (783/2698)   Receiving objects:  30% (810/2698)   Receiving objects:  31% (837/2698)   Receiving objects:  32% (864/2698), 2.75 MiB | 5.47 MiB/s   Receiving objects:  33% (891/2698), 2.75 MiB | 5.47 MiB/s   Receiving objects:  34% (918/2698), 2.75 MiB | 5.47 MiB/s   Receiving objects:  35% (945/2698), 2.75 MiB | 5.47 MiB/s   Receiving objects:  36% (972/2698), 2.75 MiB | 5.47 MiB/s   Receiving objects:  37% (999/2698), 2.75 MiB | 5.47 MiB/s   Receiving objects:  38% (1026/2698), 2.75 MiB | 5.47 MiB/s   Receiving objects:  39% (1053/2698), 2.75 MiB | 5.47 MiB/s   Receiving objects:  39% (1079/2698), 8.74 MiB | 8.69 MiB/s   Receiving objects:  40% (1080/2698), 8.74 MiB | 8.69 MiB/s   Receiving objects:  41% (1107/2698), 8.74 MiB | 8.69 MiB/s   Receiving objects:  42% (1134/2698), 8.74 MiB | 8.69 MiB/s   Receiving objects:  43% (1161/2698), 8.74 MiB | 8.69 MiB/s   Receiving objects:  44% (1188/2698), 8.74 MiB | 8.69 MiB/s   Receiving objects:  45% (1215/2698), 19.06 MiB | 12.65 MiB/s   Receiving objects:  46% (1242/2698), 19.06 MiB | 12.65 MiB/s   Receiving objects:  47% (1269/2698), 19.06 MiB | 12.65 MiB/s   Receiving objects:  48% (1296/2698), 19.06 MiB | 12.65 MiB/s   Receiving objects:  49% (1323/2698), 19.06 MiB | 12.65 MiB/s   Receiving objects:  50% (1349/2698), 19.06 MiB | 12.65 MiB/s   Receiving objects:  51% (1376/2698), 19.06 MiB | 12.65 MiB/s   Receiving objects:  52% (1403/2698), 19.06 MiB | 12.65 MiB/s   Receiving objects:  53% (1430/2698), 19.06 MiB | 12.65 MiB/s   Receiving objects:  54% (1457/2698), 19.06 MiB | 12.65 MiB/s   Receiving objects:  55% (1484/2698), 19.06 MiB | 12.65 MiB/s   Receiving objects:  56% (1511/2698), 19.06 MiB | 12.65 MiB/s   Receiving objects:  57% (1538/2698), 19.06 MiB | 12.65 MiB/s   Receiving objects:  58% (1565/2698), 19.06 MiB | 12.65 MiB/s   Receiving objects:  59% (1592/2698), 19.06 MiB | 12.65 MiB/s   Receiving objects:  60% (1619/2698), 19.06 MiB | 12.65 MiB/s   Receiving objects:  61% (1646/2698), 19.06 MiB | 12.65 MiB/s   Receiving objects:  62% (1673/2698), 19.06 MiB | 12.65 MiB/s   Receiving objects:  63% (1700/2698), 19.06 MiB | 12.65 MiB/s   Receiving objects:  64% (1727/2698), 19.06 MiB | 12.65 MiB/s   Receiving objects:  65% (1754/2698), 19.06 MiB | 12.65 MiB/s   Receiving objects:  66% (1781/2698), 19.06 MiB | 12.65 MiB/s   Receiving objects:  67% (1808/2698), 19.06 MiB | 12.65 MiB/s   Receiving objects:  68% (1835/2698), 19.06 MiB | 12.65 MiB/s   Receiving objects:  69% (1862/2698), 19.06 MiB | 12.65 MiB/s   Receiving objects:  70% (1889/2698), 19.06 MiB | 12.65 MiB/s   Receiving objects:  71% (1916/2698), 19.06 MiB | 12.65 MiB/s   Receiving objects:  72% (1943/2698), 19.06 MiB | 12.65 MiB/s   Receiving objects:  73% (1970/2698), 19.06 MiB | 12.65 MiB/s   Receiving objects:  74% (1997/2698), 19.06 MiB | 12.65 MiB/s   Receiving objects:  75% (2024/2698), 19.06 MiB | 12.65 MiB/s   Receiving objects:  76% (2051/2698), 19.06 MiB | 12.65 MiB/s   Receiving objects:  77% (2078/2698), 19.06 MiB | 12.65 MiB/s   Receiving objects:  78% (2105/2698), 19.06 MiB | 12.65 MiB/s   Receiving objects:  79% (2132/2698), 19.06 MiB | 12.65 MiB/s   Receiving objects:  80% (2159/2698), 19.06 MiB | 12.65 MiB/s   Receiving objects:  81% (2186/2698), 19.06 MiB | 12.65 MiB/s   Receiving objects:  82% (2213/2698), 19.06 MiB | 12.65 MiB/s   Receiving objects:  83% (2240/2698), 19.06 MiB | 12.65 MiB/s   Receiving objects:  84% (2267/2698), 19.06 MiB | 12.65 MiB/s   Receiving objects:  85% (2294/2698), 19.06 MiB | 12.65 MiB/s   Receiving objects:  86% (2321/2698), 19.06 MiB | 12.65 MiB/s   Receiving objects:  87% (2348/2698), 19.06 MiB | 12.65 MiB/s   Receiving objects:  88% (2375/2698), 19.06 MiB | 12.65 MiB/s   Receiving objects:  89% (2402/2698), 19.06 MiB | 12.65 MiB/s   Receiving objects:  90% (2429/2698), 19.06 MiB | 12.65 MiB/s   Receiving objects:  91% (2456/2698), 19.06 MiB | 12.65 MiB/s   Receiving objects:  92% (2483/2698), 19.06 MiB | 12.65 MiB/s   Receiving objects:  93% (2510/2698), 19.06 MiB | 12.65 MiB/s   Receiving objects:  94% (2537/2698), 19.06 MiB | 12.65 MiB/s   Receiving objects:  95% (2564/2698), 19.06 MiB | 12.65 MiB/s   Receiving objects:  96% (2591/2698), 19.06 MiB | 12.65 MiB/s   Receiving objects:  97% (2618/2698), 19.06 MiB | 12.65 MiB/s   Receiving objects:  98% (2645/2698), 19.06 MiB | 12.65 MiB/s   remote: Total 2698 (delta 1139), reused 1925 (delta 654), pack-reused 0[K
Receiving objects:  99% (2672/2698), 19.06 MiB | 12.65 MiB/s   Receiving objects: 100% (2698/2698), 19.06 MiB | 12.65 MiB/s   Receiving objects: 100% (2698/2698), 25.00 MiB | 12.65 MiB/s, done.
Resolving deltas:   0% (0/1139)   Resolving deltas:   1% (16/1139)   Resolving deltas:   2% (23/1139)   Resolving deltas:   3% (44/1139)   Resolving deltas:   4% (54/1139)   Resolving deltas:   5% (57/1139)   Resolving deltas:   7% (87/1139)   Resolving deltas:   8% (93/1139)   Resolving deltas:   9% (104/1139)   Resolving deltas:  10% (116/1139)   Resolving deltas:  11% (127/1139)   Resolving deltas:  12% (138/1139)   Resolving deltas:  13% (150/1139)   Resolving deltas:  14% (160/1139)   Resolving deltas:  16% (185/1139)   Resolving deltas:  17% (198/1139)   Resolving deltas:  18% (214/1139)   Resolving deltas:  19% (219/1139)   Resolving deltas:  20% (228/1139)   Resolving deltas:  21% (244/1139)   Resolving deltas:  23% (271/1139)   Resolving deltas:  24% (276/1139)   Resolving deltas:  25% (285/1139)   Resolving deltas:  26% (299/1139)   Resolving deltas:  27% (309/1139)   Resolving deltas:  28% (321/1139)   Resolving deltas:  29% (334/1139)   Resolving deltas:  30% (344/1139)   Resolving deltas:  31% (354/1139)   Resolving deltas:  32% (369/1139)   Resolving deltas:  33% (376/1139)   Resolving deltas:  34% (391/1139)   Resolving deltas:  35% (400/1139)   Resolving deltas:  36% (416/1139)   Resolving deltas:  37% (424/1139)   Resolving deltas:  40% (463/1139)   Resolving deltas:  41% (467/1139)   Resolving deltas:  42% (482/1139)   Resolving deltas:  43% (493/1139)   Resolving deltas:  44% (503/1139)   Resolving deltas:  45% (513/1139)   Resolving deltas:  46% (531/1139)   Resolving deltas:  47% (538/1139)   Resolving deltas:  49% (560/1139)   Resolving deltas:  50% (570/1139)   Resolving deltas:  51% (581/1139)   Resolving deltas:  52% (597/1139)   Resolving deltas:  53% (610/1139)   Resolving deltas:  54% (616/1139)   Resolving deltas:  55% (630/1139)   Resolving deltas:  56% (638/1139)   Resolving deltas:  57% (653/1139)   Resolving deltas:  58% (661/1139)   Resolving deltas:  60% (685/1139)   Resolving deltas:  61% (695/1139)   Resolving deltas:  62% (707/1139)   Resolving deltas:  63% (724/1139)   Resolving deltas:  64% (731/1139)   Resolving deltas:  65% (741/1139)   Resolving deltas:  66% (753/1139)   Resolving deltas:  67% (764/1139)   Resolving deltas:  68% (775/1139)   Resolving deltas:  69% (787/1139)   Resolving deltas:  70% (798/1139)   Resolving deltas:  71% (809/1139)   Resolving deltas:  72% (823/1139)   Resolving deltas:  73% (833/1139)   Resolving deltas:  74% (849/1139)   Resolving deltas:  75% (857/1139)   Resolving deltas:  76% (867/1139)   Resolving deltas:  78% (890/1139)   Resolving deltas:  79% (907/1139)   Resolving deltas:  80% (915/1139)   Resolving deltas:  85% (976/1139)   Resolving deltas:  86% (980/1139)   Resolving deltas:  87% (994/1139)   Resolving deltas:  88% (1004/1139)   Resolving deltas:  89% (1015/1139)   Resolving deltas:  90% (1029/1139)   Resolving deltas:  91% (1041/1139)   Resolving deltas:  92% (1048/1139)   Resolving deltas:  93% (1064/1139)   Resolving deltas:  94% (1071/1139)   Resolving deltas:  95% (1086/1139)   Resolving deltas:  97% (1105/1139)   Resolving deltas:  98% (1122/1139)   Resolving deltas:  99% (1129/1139)   Resolving deltas: 100% (1139/1139)   Resolving deltas: 100% (1139/1139), done.
Checking connectivity... done.
travis_time:end:09210952:start=1450853321677363542,finish=1450853324796255102,duration=3118891560[0K$ cd google/guice
travis_time:start:24d94c1f[0K$ git fetch origin +refs/pull/952/merge:
remote: Counting objects: 11, done.[K
remote: Compressing objects:  12% (1/8)   [Kremote: Compressing objects:  25% (2/8)   [Kremote: Compressing objects:  37% (3/8)   [Kremote: Compressing objects:  50% (4/8)   [Kremote: Compressing objects:  62% (5/8)   [Kremote: Compressing objects:  75% (6/8)   [Kremote: Compressing objects:  87% (7/8)   [Kremote: Compressing objects: 100% (8/8)   [Kremote: Compressing objects: 100% (8/8), done.[K
remote: Total 11 (delta 5), reused 5 (delta 0), pack-reused 0[K
Unpacking objects:   9% (1/11)   Unpacking objects:  18% (2/11)   Unpacking objects:  27% (3/11)   Unpacking objects:  36% (4/11)   Unpacking objects:  45% (5/11)   Unpacking objects:  54% (6/11)   Unpacking objects:  63% (7/11)   Unpacking objects:  72% (8/11)   Unpacking objects:  81% (9/11)   Unpacking objects:  90% (10/11)   Unpacking objects: 100% (11/11)   Unpacking objects: 100% (11/11), done.
From https://github.com/google/guice
 * branch            refs/pull/952/merge -> FETCH_HEAD
travis_time:end:24d94c1f:start=1450853324800924267,finish=1450853325333511782,duration=532587515[0K$ git checkout -qf FETCH_HEAD
travis_fold:end:git.checkout[0K
[33;1mSetting environment variables from .travis.yml[0m
$ export LABEL=ant
$ export CMD="ant dist test.dist"
$ export INSTALL="/bin/true"

$ jdk_switcher use oraclejdk8
Switching to Oracle JDK8 (java-8-oracle), JAVA_HOME will be set to /usr/lib/jvm/java-8-oracle
$ java -Xmx32m -version
java version "1.8.0_66"
Java(TM) SE Runtime Environment (build 1.8.0_66-b17)
Java HotSpot(TM) 64-Bit Server VM (build 25.66-b17, mixed mode)
$ javac -J-Xmx32m -version
javac 1.8.0_66
travis_fold:start:install[0Ktravis_time:start:31a6d750[0K$ ${INSTALL}
travis_time:end:31a6d750:start=1450853326326141913,finish=1450853326329864591,duration=3722678[0Ktravis_fold:end:install[0Ktravis_time:start:0fa3fd10[0K$ ${CMD}
Buildfile: /home/travis/build/google/guice/build.xml

source.jar:
    [mkdir] Created dir: /home/travis/build/google/guice/build
      [zip] Building zip: /home/travis/build/google/guice/build/guice-snapshot-src.jar

compile:
    [mkdir] Created dir: /home/travis/build/google/guice/build/classes
    [javac] Compiling 193 source files to /home/travis/build/google/guice/build/classes
    [javac] warning: [options] bootstrap class path not set in conjunction with -source 1.6
    [javac] /home/travis/build/google/guice/core/src/com/google/inject/Binder.java:430: warning: [rawtypes] found raw type: Class
    [javac]   Binder skipSources(Class... classesToSkip);
    [javac]                      ^
    [javac]   missing type arguments for generic class Class<T>
    [javac]   where T is a type-variable:
    [javac]     T extends Object declared in class Class
    [javac] /home/travis/build/google/guice/core/src/com/google/inject/internal/Annotations.java:90: warning: [unchecked] unchecked cast
    [javac]     return (T)cache.getUnchecked(annotationType);
    [javac]                                 ^
    [javac]   required: T
    [javac]   found:    Annotation
    [javac]   where T is a type-variable:
    [javac]     T extends Annotation declared in method <T>generateAnnotation(Class<T>)
    [javac] /home/travis/build/google/guice/core/src/com/google/inject/internal/Annotations.java:253: warning: [unchecked] unchecked generic array creation for varargs parameter of type Class<? extends Annotation>[]
    [javac]       Arrays.asList(ScopeAnnotation.class, javax.inject.Scope.class));
    [javac]                    ^
    [javac] /home/travis/build/google/guice/core/src/com/google/inject/internal/Annotations.java:308: warning: [unchecked] unchecked generic array creation for varargs parameter of type Class<? extends Annotation>[]
    [javac]       Arrays.asList(BindingAnnotation.class, Qualifier.class));
    [javac]                    ^
    [javac] /home/travis/build/google/guice/core/src/com/google/inject/internal/MoreTypes.java:291: warning: [rawtypes] found raw type: Class
    [javac]       Class[] interfaces = rawType.getInterfaces();
    [javac]       ^
    [javac]   missing type arguments for generic class Class<T>
    [javac]   where T is a type-variable:
    [javac]     T extends Object declared in class Class
    [javac] /home/travis/build/google/guice/core/src/com/google/inject/internal/MoreTypes.java:318: warning: [rawtypes] found raw type: TypeVariable
    [javac]   public static Type resolveTypeVariable(Type type, Class<?> rawType, TypeVariable unknown) {
    [javac]                                                                       ^
    [javac]   missing type arguments for generic class TypeVariable<D>
    [javac]   where D is a type-variable:
    [javac]     D extends GenericDeclaration declared in interface TypeVariable
    [javac] /home/travis/build/google/guice/core/src/com/google/inject/internal/MoreTypes.java:348: warning: [rawtypes] found raw type: TypeVariable
    [javac]   private static Class<?> declaringClassOf(TypeVariable typeVariable) {
    [javac]                                            ^
    [javac]   missing type arguments for generic class TypeVariable<D>
    [javac]   where D is a type-variable:
    [javac]     D extends GenericDeclaration declared in interface TypeVariable
    [javac] /home/travis/build/google/guice/core/src/com/google/inject/internal/MoreTypes.java:433: warning: [rawtypes] found raw type: Class
    [javac]         Class rawTypeAsClass = (Class) rawType;
    [javac]         ^
    [javac]   missing type arguments for generic class Class<T>
    [javac]   where T is a type-variable:
    [javac]     T extends Object declared in class Class
    [javac] /home/travis/build/google/guice/core/src/com/google/inject/TypeLiteral.java:188: warning: [rawtypes] found raw type: TypeVariable
    [javac]         TypeVariable original = (TypeVariable) toResolve;
    [javac]         ^
    [javac]   missing type arguments for generic class TypeVariable<D>
    [javac]   where D is a type-variable:
    [javac]     D extends GenericDeclaration declared in interface TypeVariable
    [javac] /home/travis/build/google/guice/core/src/com/google/inject/spi/Dependency.java:109: warning: [rawtypes] found raw type: Dependency
    [javac]       Dependency dependency = (Dependency) o;
    [javac]       ^
    [javac]   missing type arguments for generic class Dependency<T>
    [javac]   where T is a type-variable:
    [javac]     T extends Object declared in class Dependency
    [javac] /home/travis/build/google/guice/core/src/com/google/inject/PrivateBinder.java:49: warning: [rawtypes] found raw type: Class
    [javac]   PrivateBinder skipSources(Class... classesToSkip);
    [javac]                             ^
    [javac]   missing type arguments for generic class Class<T>
    [javac]   where T is a type-variable:
    [javac]     T extends Object declared in class Class
    [javac] /home/travis/build/google/guice/core/src/com/google/inject/internal/Errors.java:150: warning: [rawtypes] found raw type: Key
    [javac]   public Errors missingImplementation(Key key) {
    [javac]                                       ^
    [javac]   missing type arguments for generic class Key<T>
    [javac]   where T is a type-variable:
    [javac]     T extends Object declared in class Key
    [javac] /home/travis/build/google/guice/core/src/com/google/inject/internal/Errors.java:154: warning: [rawtypes] found raw type: Key
    [javac]   public Errors jitDisabled(Key key) {
    [javac]                             ^
    [javac]   missing type arguments for generic class Key<T>
    [javac]   where T is a type-variable:
    [javac]     T extends Object declared in class Key
    [javac] /home/travis/build/google/guice/core/src/com/google/inject/internal/Errors.java:165: warning: [rawtypes] found raw type: Class
    [javac]   public Errors atInjectRequired(Class clazz) {
    [javac]                                  ^
    [javac]   missing type arguments for generic class Class<T>
    [javac]   where T is a type-variable:
    [javac]     T extends Object declared in class Class
    [javac] /home/travis/build/google/guice/core/src/com/google/inject/internal/Errors.java:233: warning: [rawtypes] found raw type: Constructor
    [javac]   public Errors optionalConstructor(Constructor constructor) {
    [javac]                                     ^
    [javac]   missing type arguments for generic class Constructor<T>
    [javac]   where T is a type-variable:
    [javac]     T extends Object declared in class Constructor
    [javac] /home/travis/build/google/guice/core/src/com/google/inject/internal/Errors.java:712: warning: [rawtypes] found raw type: Class
    [javac]       new Converter<Class>(Class.class) {
    [javac]                     ^
    [javac]   missing type arguments for generic class Class<T>
    [javac]   where T is a type-variable:
    [javac]     T extends Object declared in class Class
    [javac] /home/travis/build/google/guice/core/src/com/google/inject/internal/Errors.java:713: warning: [rawtypes] found raw type: Class
    [javac]         @Override public String toString(Class c) {
    [javac]                                          ^
    [javac]   missing type arguments for generic class Class<T>
    [javac]   where T is a type-variable:
    [javac]     T extends Object declared in class Class
    [javac] /home/travis/build/google/guice/core/src/com/google/inject/internal/Errors.java:722: warning: [rawtypes] found raw type: Key
    [javac]       new Converter<Key>(Key.class) {
    [javac]                     ^
    [javac]   missing type arguments for generic class Key<T>
    [javac]   where T is a type-variable:
    [javac]     T extends Object declared in class Key
    [javac] /home/travis/build/google/guice/core/src/com/google/inject/internal/Errors.java:723: warning: [rawtypes] found raw type: Key
    [javac]         @Override public String toString(Key key) {
    [javac]                                          ^
    [javac]   missing type arguments for generic class Key<T>
    [javac]   where T is a type-variable:
    [javac]     T extends Object declared in class Key
    [javac] /home/travis/build/google/guice/core/src/com/google/inject/spi/InjectionPoint.java:833: warning: [rawtypes] found raw type: Class
    [javac]     final Class[] parameterTypes;
    [javac]           ^
    [javac]   missing type arguments for generic class Class<T>
    [javac]   where T is a type-variable:
    [javac]     T extends Object declared in class Class
    [javac] /home/travis/build/google/guice/core/src/com/google/inject/spi/InjectionPoint.java:842: warning: [rawtypes] found raw type: Class
    [javac]       for (Class parameterType : parameterTypes) {
    [javac]            ^
    [javac]   missing type arguments for generic class Class<T>
    [javac]   where T is a type-variable:
    [javac]     T extends Object declared in class Class
    [javac] /home/travis/build/google/guice/core/src/com/google/inject/internal/util/StackTraceElements.java:63: warning: [rawtypes] found raw type: Class
    [javac]     Class declaringClass = member.getDeclaringClass();
    [javac]     ^
    [javac]   missing type arguments for generic class Class<T>
    [javac]   where T is a type-variable:
    [javac]     T extends Object declared in class Class
    [javac] /home/travis/build/google/guice/core/src/com/google/inject/internal/util/LineNumbers.java:48: warning: [rawtypes] found raw type: Class
    [javac]   private final Class type;
    [javac]                 ^
    [javac]   missing type arguments for generic class Class<T>
    [javac]   where T is a type-variable:
    [javac]     T extends Object declared in class Class
    [javac] /home/travis/build/google/guice/core/src/com/google/inject/internal/util/LineNumbers.java:60: warning: [rawtypes] found raw type: Class
    [javac]   public LineNumbers(Class type) throws IOException {
    [javac]                      ^
    [javac]   missing type arguments for generic class Class<T>
    [javac]   where T is a type-variable:
    [javac]     T extends Object declared in class Class
    [javac] /home/travis/build/google/guice/core/src/com/google/inject/internal/util/LineNumbers.java:115: warning: [rawtypes] found raw type: Class
    [javac]       for (Class param : ((Constructor) member).getParameterTypes()) {
    [javac]            ^
    [javac]   missing type arguments for generic class Class<T>
    [javac]   where T is a type-variable:
    [javac]     T extends Object declared in class Class
    [javac] /home/travis/build/google/guice/core/src/com/google/inject/internal/InjectorImpl.java:361: warning: [rawtypes] found raw type: Dependency
    [javac]         public Provider<T> get(Errors errors, InternalContext context, Dependency dependency, boolean linked) {
    [javac]                                                                        ^
    [javac]   missing type arguments for generic class Dependency<T>
    [javac]   where T is a type-variable:
    [javac]     T extends Object declared in class Dependency
    [javac] /home/travis/build/google/guice/core/src/com/google/inject/internal/InjectorImpl.java:556: warning: [rawtypes] found raw type: Key
    [javac]           cleanup(binding, new HashSet<Key>());
    [javac]                                        ^
    [javac]   missing type arguments for generic class Key<T>
    [javac]   where T is a type-variable:
    [javac]     T extends Object declared in class Key
    [javac] /home/travis/build/google/guice/core/src/com/google/inject/internal/InjectorImpl.java:568: warning: [rawtypes] found raw type: Key
    [javac]   private boolean cleanup(BindingImpl<?> binding, Set<Key> encountered) {
    [javac]                                                       ^
    [javac]   missing type arguments for generic class Key<T>
    [javac]   where T is a type-variable:
    [javac]     T extends Object declared in class Key
    [javac] /home/travis/build/google/guice/core/src/com/google/inject/internal/InjectorImpl.java:571: warning: [rawtypes] found raw type: Dependency
    [javac]     for(Dependency dep : deps) {
    [javac]         ^
    [javac]   missing type arguments for generic class Dependency<T>
    [javac]   where T is a type-variable:
    [javac]     T extends Object declared in class Dependency
    [javac] /home/travis/build/google/guice/core/src/com/google/inject/internal/InjectorImpl.java:575: warning: [rawtypes] found raw type: BindingImpl
    [javac]         BindingImpl depBinding = jitBindings.get(depKey);
    [javac]         ^
    [javac]   missing type arguments for generic class BindingImpl<T>
    [javac]   where T is a type-variable:
    [javac]     T extends Object declared in class BindingImpl
    [javac] /home/travis/build/google/guice/core/src/com/google/inject/internal/InjectorImpl.java:579: warning: [rawtypes] found raw type: ConstructorBindingImpl
    [javac]             ConstructorBindingImpl ctorBinding = (ConstructorBindingImpl)depBinding;
    [javac]             ^
    [javac]   missing type arguments for generic class ConstructorBindingImpl<T>
    [javac]   where T is a type-variable:
    [javac]     T extends Object declared in class ConstructorBindingImpl
    [javac] /home/travis/build/google/guice/core/src/com/google/inject/internal/InjectorImpl.java:984: warning: [rawtypes] found raw type: MembersInjector
    [javac]     MembersInjector membersInjector = getMembersInjector(instance.getClass());
    [javac]     ^
    [javac]   missing type arguments for generic class MembersInjector<T>
    [javac]   where T is a type-variable:
    [javac]     T extends Object declared in interface MembersInjector
    [javac] /home/travis/build/google/guice/core/src/com/google/inject/internal/InjectorImpl.java:1015: warning: [rawtypes] found raw type: Dependency
    [javac]               Dependency previous = context.pushDependency(dependency, binding.getSource());
    [javac]               ^
    [javac]   missing type arguments for generic class Dependency<T>
    [javac]   where T is a type-variable:
    [javac]     T extends Object declared in class Dependency
    [javac] /home/travis/build/google/guice/core/src/com/google/inject/internal/SingleParameterInjector.java:36: warning: [rawtypes] found raw type: Dependency
    [javac]     Dependency previous = context.pushDependency(dependency, binding.getSource());
    [javac]     ^
    [javac]   missing type arguments for generic class Dependency<T>
    [javac]   where T is a type-variable:
    [javac]     T extends Object declared in class Dependency
    [javac] /home/travis/build/google/guice/core/src/com/google/inject/internal/ProvisionListenerStackCallback.java:39: warning: [unchecked] unchecked call to ProvisionListenerStackCallback(Binding<T>,List<ProvisionListener>) as a member of the raw type ProvisionListenerStackCallback
    [javac]       new ProvisionListenerStackCallback(null /* unused, so ok */, ImmutableList.of());
    [javac]       ^
    [javac]   where T is a type-variable:
    [javac]     T extends Object declared in class ProvisionListenerStackCallback
    [javac] /home/travis/build/google/guice/core/src/com/google/inject/internal/ConstructionContext.java:83: warning: [rawtypes] found raw type: Class
    [javac]         new Class[] { expectedType, CircularDependencyProxy.class }, invocationHandler));
    [javac]             ^
    [javac]   missing type arguments for generic class Class<T>
    [javac]   where T is a type-variable:
    [javac]     T extends Object declared in class Class
    [javac] /home/travis/build/google/guice/core/src/com/google/inject/internal/AbstractBindingProcessor.java:114: warning: [rawtypes] found raw type: ExposedBindingImpl
    [javac]       ExposedBindingImpl exposed = (ExposedBindingImpl) original;
    [javac]       ^
    [javac]   missing type arguments for generic class ExposedBindingImpl<T>
    [javac]   where T is a type-variable:
    [javac]     T extends Object declared in class ExposedBindingImpl
    [javac] /home/travis/build/google/guice/core/src/com/google/inject/internal/CycleDetectingLock.java:254: warning: [rawtypes] found raw type: ReentrantCycleDetectingLock
    [javac]         ReentrantCycleDetectingLock lockOwnerWaitingOn = this;
    [javac]         ^
    [javac]   missing type arguments for generic class ReentrantCycleDetectingLock<ID>
    [javac]   where ID is a type-variable:
    [javac]     ID extends Object declared in class ReentrantCycleDetectingLock
    [javac] /home/travis/build/google/guice/core/src/com/google/inject/internal/CycleDetectingLock.java:274: warning: [rawtypes] found raw type: ReentrantCycleDetectingLock
    [javac]       private List<ID> getAllLockIdsAfter(long threadId, ReentrantCycleDetectingLock lock) {
    [javac]                                                          ^
    [javac]   missing type arguments for generic class ReentrantCycleDetectingLock<ID>
    [javac]   where ID is a type-variable:
    [javac]     ID extends Object declared in class ReentrantCycleDetectingLock
    [javac] /home/travis/build/google/guice/core/src/com/google/inject/internal/CycleDetectingLock.java:280: warning: [rawtypes] found raw type: ReentrantCycleDetectingLock
    [javac]         for (ReentrantCycleDetectingLock ownedLock : ownedLocks) {
    [javac]              ^
    [javac]   missing type arguments for generic class ReentrantCycleDetectingLock<ID>
    [javac]   where ID is a type-variable:
    [javac]     ID extends Object declared in class ReentrantCycleDetectingLock
    [javac] /home/travis/build/google/guice/core/src/com/google/inject/internal/BindingBuilder.java:100: warning: [unchecked] unchecked cast
    [javac]     return toProvider((javax.inject.Provider<T>) provider);
    [javac]                                                  ^
    [javac]   required: javax.inject.Provider<T>
    [javac]   found:    com.google.inject.Provider<CAP#1>
    [javac]   where T is a type-variable:
    [javac]     T extends Object declared in class BindingBuilder
    [javac]   where CAP#1 is a fresh type-variable:
    [javac]     CAP#1 extends T from capture of ? extends T
    [javac] /home/travis/build/google/guice/core/src/com/google/inject/internal/BytecodeGen.java:258: warning: [rawtypes] found raw type: Class
    [javac]       Class[] parameterTypes;
    [javac]       ^
    [javac]   missing type arguments for generic class Class<T>
    [javac]   where T is a type-variable:
    [javac]     T extends Object declared in class Class
    [javac] /home/travis/build/google/guice/core/src/com/google/inject/internal/ConstantFactory.java:33: warning: [rawtypes] found raw type: Dependency
    [javac]   public T get(Errors errors, InternalContext context, Dependency dependency, boolean linked)
    [javac]                                                        ^
    [javac]   missing type arguments for generic class Dependency<T>
    [javac]   where T is a type-variable:
    [javac]     T extends Object declared in class Dependency
    [javac] /home/travis/build/google/guice/core/src/com/google/inject/internal/ConstructorBindingImpl.java:130: warning: [rawtypes] found raw type: Constructor
    [javac]   private static boolean hasAtInject(Constructor cxtor) {
    [javac]                                      ^
    [javac]   missing type arguments for generic class Constructor<T>
    [javac]   where T is a type-variable:
    [javac]     T extends Object declared in class Constructor
    [javac] /home/travis/build/google/guice/core/src/com/google/inject/internal/InternalInjectorCreator.java:202: warning: [rawtypes] found raw type: Dependency
    [javac]               Dependency previous = context.pushDependency(dependency, binding.getSource());
    [javac]               ^
    [javac]   missing type arguments for generic class Dependency<T>
    [javac]   where T is a type-variable:
    [javac]     T extends Object declared in class Dependency
    [javac] /home/travis/build/google/guice/core/src/com/google/inject/internal/ProvidedByInternalFactory.java:62: warning: [rawtypes] found raw type: Dependency
    [javac]   public T get(Errors errors, InternalContext context, Dependency dependency, boolean linked)
    [javac]                                                        ^
    [javac]   missing type arguments for generic class Dependency<T>
    [javac]   where T is a type-variable:
    [javac]     T extends Object declared in class Dependency
    [javac] /home/travis/build/google/guice/core/src/com/google/inject/internal/ProviderInstanceBindingImpl.java:67: warning: [deprecation] getProviderInstance() in ProviderInstanceBinding has been deprecated
    [javac]   public Provider<? extends T> getProviderInstance() {
    [javac]                                ^
    [javac]   where T is a type-variable:
    [javac]     T extends Object declared in interface ProviderInstanceBinding
    [javac] /home/travis/build/google/guice/core/src/com/google/inject/internal/ProviderToInternalFactoryAdapter.java:42: warning: [rawtypes] found raw type: Dependency
    [javac]           Dependency dependency = context.getDependency();
    [javac]           ^
    [javac]   missing type arguments for generic class Dependency<T>
    [javac]   where T is a type-variable:
    [javac]     T extends Object declared in class Dependency
    [javac] /home/travis/build/google/guice/core/src/com/google/inject/internal/ProxyFactory.java:163: warning: [rawtypes] found raw type: Class
    [javac]     Class<? extends Callback>[] callbackTypes = new Class[callbacks.length];
    [javac]                                                     ^
    [javac]   missing type arguments for generic class Class<T>
    [javac]   where T is a type-variable:
    [javac]     T extends Object declared in class Class
    [javac] /home/travis/build/google/guice/core/src/com/google/inject/internal/SingleFieldInjector.java:52: warning: [rawtypes] found raw type: Dependency
    [javac]     Dependency previous = context.pushDependency(dependency, binding.getSource());
    [javac]     ^
    [javac]   missing type arguments for generic class Dependency<T>
    [javac]   where T is a type-variable:
    [javac]     T extends Object declared in class Dependency
    [javac] /home/travis/build/google/guice/core/src/com/google/inject/internal/util/SourceProvider.java:58: warning: [rawtypes] found raw type: Class
    [javac]   public SourceProvider plusSkippedClasses(Class... moreClassesToSkip) {
    [javac]                                            ^
    [javac]   missing type arguments for generic class Class<T>
    [javac]   where T is a type-variable:
    [javac]     T extends Object declared in class Class
    [javac] /home/travis/build/google/guice/core/src/com/google/inject/internal/util/SourceProvider.java:69: warning: [rawtypes] found raw type: Class
    [javac]   private static List<String> asStrings(Class... classes) {
    [javac]                                         ^
    [javac]   missing type arguments for generic class Class<T>
    [javac]   where T is a type-variable:
    [javac]     T extends Object declared in class Class
    [javac] /home/travis/build/google/guice/core/src/com/google/inject/internal/util/SourceProvider.java:71: warning: [rawtypes] found raw type: Class
    [javac]     for (Class c : classes) {
    [javac]          ^
    [javac]   missing type arguments for generic class Class<T>
    [javac]   where T is a type-variable:
    [javac]     T extends Object declared in class Class
    [javac] /home/travis/build/google/guice/core/src/com/google/inject/matcher/Matchers.java:184: warning: [rawtypes] found raw type: Class
    [javac]   public static Matcher<Class> subclassesOf(final Class<?> superclass) {
    [javac]                         ^
    [javac]   missing type arguments for generic class Class<T>
    [javac]   where T is a type-variable:
    [javac]     T extends Object declared in class Class
    [javac] /home/travis/build/google/guice/core/src/com/google/inject/matcher/Matchers.java:188: warning: [rawtypes] found raw type: Class
    [javac]   private static class SubclassesOf extends AbstractMatcher<Class>
    [javac]                                                             ^
    [javac]   missing type arguments for generic class Class<T>
    [javac]   where T is a type-variable:
    [javac]     T extends Object declared in class Class
    [javac] /home/travis/build/google/guice/core/src/com/google/inject/matcher/Matchers.java:196: warning: [rawtypes] found raw type: Class
    [javac]     public boolean matches(Class subclass) {
    [javac]                            ^
    [javac]   missing type arguments for generic class Class<T>
    [javac]   where T is a type-variable:
    [javac]     T extends Object declared in class Class
    [javac] /home/travis/build/google/guice/core/src/com/google/inject/matcher/Matchers.java:290: warning: [rawtypes] found raw type: Class
    [javac]   public static Matcher<Class> inPackage(final Package targetPackage) {
    [javac]                         ^
    [javac]   missing type arguments for generic class Class<T>
    [javac]   where T is a type-variable:
    [javac]     T extends Object declared in class Class
    [javac] /home/travis/build/google/guice/core/src/com/google/inject/matcher/Matchers.java:294: warning: [rawtypes] found raw type: Class
    [javac]   private static class InPackage extends AbstractMatcher<Class> implements Serializable {
    [javac]                                                          ^
    [javac]   missing type arguments for generic class Class<T>
    [javac]   where T is a type-variable:
    [javac]     T extends Object declared in class Class
    [javac] /home/travis/build/google/guice/core/src/com/google/inject/matcher/Matchers.java:303: warning: [rawtypes] found raw type: Class
    [javac]     public boolean matches(Class c) {
    [javac]                            ^
    [javac]   missing type arguments for generic class Class<T>
    [javac]   where T is a type-variable:
    [javac]     T extends Object declared in class Class
    [javac] /home/travis/build/google/guice/core/src/com/google/inject/matcher/Matchers.java:333: warning: [rawtypes] found raw type: Class
    [javac]   public static Matcher<Class> inSubpackage(final String targetPackageName) {
    [javac]                         ^
    [javac]   missing type arguments for generic class Class<T>
    [javac]   where T is a type-variable:
    [javac]     T extends Object declared in class Class
    [javac] /home/travis/build/google/guice/core/src/com/google/inject/matcher/Matchers.java:337: warning: [rawtypes] found raw type: Class
    [javac]   private static class InSubpackage extends AbstractMatcher<Class> implements Serializable {
    [javac]                                                             ^
    [javac]   missing type arguments for generic class Class<T>
    [javac]   where T is a type-variable:
    [javac]     T extends Object declared in class Class
    [javac] /home/travis/build/google/guice/core/src/com/google/inject/matcher/Matchers.java:344: warning: [rawtypes] found raw type: Class
    [javac]     public boolean matches(Class c) {
    [javac]                            ^
    [javac]   missing type arguments for generic class Class<T>
    [javac]   where T is a type-variable:
    [javac]     T extends Object declared in class Class
    [javac] /home/travis/build/google/guice/core/src/com/google/inject/spi/Elements.java:415: warning: [rawtypes] found raw type: Class
    [javac]     public RecordingBinder skipSources(Class... classesToSkip) {
    [javac]                                        ^
    [javac]   missing type arguments for generic class Class<T>
    [javac]   where T is a type-variable:
    [javac]     T extends Object declared in class Class
    [javac] /home/travis/build/google/guice/core/src/com/google/inject/util/Modules.java:187: warning: [rawtypes] found raw type: Key
    [javac]           for(Key exposed : privateElements.getExposedKeys()) {
    [javac]               ^
    [javac]   missing type arguments for generic class Key<T>
    [javac]   where T is a type-variable:
    [javac]     T extends Object declared in class Key
    [javac] 65 warnings
    [javac] Creating empty /home/travis/build/google/guice/build/classes/com/google/inject/util/package-info.class
    [javac] Creating empty /home/travis/build/google/guice/build/classes/com/google/inject/binder/package-info.class
    [javac] Creating empty /home/travis/build/google/guice/build/classes/com/google/inject/matcher/package-info.class
    [javac] Creating empty /home/travis/build/google/guice/build/classes/com/google/inject/name/package-info.class
    [javac] Creating empty /home/travis/build/google/guice/build/classes/com/google/inject/package-info.class
    [javac] Creating empty /home/travis/build/google/guice/build/classes/com/google/inject/spi/package-info.class
    [javac] Creating empty /home/travis/build/google/guice/build/classes/com/google/inject/internal/package-info.class

jar.withdeps:
    [mkdir] Created dir: /home/travis/build/google/guice/build/dist
   [jarjar] Building jar: /home/travis/build/google/guice/build/guice-with-deps.jar

manifest:
  [bndwrap] classes 358 0
    [unjar] Expanding: /home/travis/build/google/guice/build/classes.bar into /home/travis/build/google/guice/build

jar:
      [jar] Building jar: /home/travis/build/google/guice/build/dist/guice-snapshot.jar

distjars:

javadoc:
  [javadoc] Generating Javadoc
  [javadoc] Javadoc execution
  [javadoc] Loading source file /home/travis/build/google/guice/core/src/com/google/inject/AbstractModule.java...
  [javadoc] Loading source file /home/travis/build/google/guice/core/src/com/google/inject/Binder.java...
  [javadoc] Loading source file /home/travis/build/google/guice/core/src/com/google/inject/Binding.java...
  [javadoc] Loading source file /home/travis/build/google/guice/core/src/com/google/inject/BindingAnnotation.java...
  [javadoc] Loading source file /home/travis/build/google/guice/core/src/com/google/inject/ConfigurationException.java...
  [javadoc] Loading source file /home/travis/build/google/guice/core/src/com/google/inject/CreationException.java...
  [javadoc] Loading source file /home/travis/build/google/guice/core/src/com/google/inject/Exposed.java...
  [javadoc] Loading source file /home/travis/build/google/guice/core/src/com/google/inject/Guice.java...
  [javadoc] Loading source file /home/travis/build/google/guice/core/src/com/google/inject/ImplementedBy.java...
  [javadoc] Loading source file /home/travis/build/google/guice/core/src/com/google/inject/Inject.java...
  [javadoc] Loading source file /home/travis/build/google/guice/core/src/com/google/inject/Injector.java...
  [javadoc] Loading source file /home/travis/build/google/guice/core/src/com/google/inject/Key.java...
  [javadoc] Loading source file /home/travis/build/google/guice/core/src/com/google/inject/MembersInjector.java...
  [javadoc] Loading source file /home/travis/build/google/guice/core/src/com/google/inject/Module.java...
  [javadoc] Loading source file /home/travis/build/google/guice/core/src/com/google/inject/OutOfScopeException.java...
  [javadoc] Loading source file /home/travis/build/google/guice/core/src/com/google/inject/PrivateBinder.java...
  [javadoc] Loading source file /home/travis/build/google/guice/core/src/com/google/inject/PrivateModule.java...
  [javadoc] Loading source file /home/travis/build/google/guice/core/src/com/google/inject/ProvidedBy.java...
  [javadoc] Loading source file /home/travis/build/google/guice/core/src/com/google/inject/Provider.java...
  [javadoc] Loading source file /home/travis/build/google/guice/core/src/com/google/inject/Provides.java...
  [javadoc] Loading source file /home/travis/build/google/guice/core/src/com/google/inject/ProvisionException.java...
  [javadoc] Loading source file /home/travis/build/google/guice/core/src/com/google/inject/Scope.java...
  [javadoc] Loading source file /home/travis/build/google/guice/core/src/com/google/inject/ScopeAnnotation.java...
  [javadoc] Loading source file /home/travis/build/google/guice/core/src/com/google/inject/Scopes.java...
  [javadoc] Loading source file /home/travis/build/google/guice/core/src/com/google/inject/Singleton.java...
  [javadoc] Loading source file /home/travis/build/google/guice/core/src/com/google/inject/Stage.java...
  [javadoc] Loading source file /home/travis/build/google/guice/core/src/com/google/inject/TypeLiteral.java...
  [javadoc] Loading source file /home/travis/build/google/guice/core/src/com/google/inject/binder/AnnotatedBindingBuilder.java...
  [javadoc] Loading source file /home/travis/build/google/guice/core/src/com/google/inject/binder/AnnotatedConstantBindingBuilder.java...
  [javadoc] Loading source file /home/travis/build/google/guice/core/src/com/google/inject/binder/AnnotatedElementBuilder.java...
  [javadoc] Loading source file /home/travis/build/google/guice/core/src/com/google/inject/binder/ConstantBindingBuilder.java...
  [javadoc] Loading source file /home/travis/build/google/guice/core/src/com/google/inject/binder/LinkedBindingBuilder.java...
  [javadoc] Loading source file /home/travis/build/google/guice/core/src/com/google/inject/binder/ScopedBindingBuilder.java...
  [javadoc] Loading source file /home/travis/build/google/guice/core/src/com/google/inject/binder/package-info.java...
  [javadoc] Loading source file /home/travis/build/google/guice/core/src/com/google/inject/matcher/AbstractMatcher.java...
  [javadoc] Loading source file /home/travis/build/google/guice/core/src/com/google/inject/matcher/Matcher.java...
  [javadoc] Loading source file /home/travis/build/google/guice/core/src/com/google/inject/matcher/Matchers.java...
  [javadoc] Loading source file /home/travis/build/google/guice/core/src/com/google/inject/matcher/package-info.java...
  [javadoc] Loading source file /home/travis/build/google/guice/core/src/com/google/inject/name/Named.java...
  [javadoc] Loading source file /home/travis/build/google/guice/core/src/com/google/inject/name/NamedImpl.java...
  [javadoc] Loading source file /home/travis/build/google/guice/core/src/com/google/inject/name/Names.java...
  [javadoc] Loading source file /home/travis/build/google/guice/core/src/com/google/inject/name/package-info.java...
  [javadoc] Loading source file /home/travis/build/google/guice/core/src/com/google/inject/package-info.java...
  [javadoc] Loading source file /home/travis/build/google/guice/core/src/com/google/inject/spi/BindingScopingVisitor.java...
  [javadoc] Loading source file /home/travis/build/google/guice/core/src/com/google/inject/spi/BindingTargetVisitor.java...
  [javadoc] Loading source file /home/travis/build/google/guice/core/src/com/google/inject/spi/ConstructorBinding.java...
  [javadoc] Loading source file /home/travis/build/google/guice/core/src/com/google/inject/spi/ConvertedConstantBinding.java...
  [javadoc] Loading source file /home/travis/build/google/guice/core/src/com/google/inject/spi/DefaultBindingScopingVisitor.java...
  [javadoc] Loading source file /home/travis/build/google/guice/core/src/com/google/inject/spi/DefaultBindingTargetVisitor.java...
  [javadoc] Loading source file /home/travis/build/google/guice/core/src/com/google/inject/spi/DefaultElementVisitor.java...
  [javadoc] Loading source file /home/travis/build/google/guice/core/src/com/google/inject/spi/Dependency.java...
  [javadoc] Loading source file /home/travis/build/google/guice/core/src/com/google/inject/spi/DependencyAndSource.java...
  [javadoc] Loading source file /home/travis/build/google/guice/core/src/com/google/inject/spi/DisableCircularProxiesOption.java...
  [javadoc] Loading source file /home/travis/build/google/guice/core/src/com/google/inject/spi/Element.java...
  [javadoc] Loading source file /home/travis/build/google/guice/core/src/com/google/inject/spi/ElementSource.java...
  [javadoc] Loading source file /home/travis/build/google/guice/core/src/com/google/inject/spi/ElementVisitor.java...
  [javadoc] Loading source file /home/travis/build/google/guice/core/src/com/google/inject/spi/Elements.java...
  [javadoc] Loading source file /home/travis/build/google/guice/core/src/com/google/inject/spi/ExposedBinding.java...
  [javadoc] Loading source file /home/travis/build/google/guice/core/src/com/google/inject/spi/HasDependencies.java...
  [javadoc] Loading source file /home/travis/build/google/guice/core/src/com/google/inject/spi/InjectionListener.java...
  [javadoc] Loading source file /home/travis/build/google/guice/core/src/com/google/inject/spi/InjectionPoint.java...
  [javadoc] Loading source file /home/travis/build/google/guice/core/src/com/google/inject/spi/InjectionRequest.java...
  [javadoc] Loading source file /home/travis/build/google/guice/core/src/com/google/inject/spi/InstanceBinding.java...
  [javadoc] Loading source file /home/travis/build/google/guice/core/src/com/google/inject/spi/InterceptorBinding.java...
  [javadoc] Loading source file /home/travis/build/google/guice/core/src/com/google/inject/spi/LinkedKeyBinding.java...
  [javadoc] Loading source file /home/travis/build/google/guice/core/src/com/google/inject/spi/MembersInjectorLookup.java...
  [javadoc] Loading source file /home/travis/build/google/guice/core/src/com/google/inject/spi/Message.java...
  [javadoc] Loading source file /home/travis/build/google/guice/core/src/com/google/inject/spi/ModuleAnnotatedMethodScanner.java...
  [javadoc] Loading source file /home/travis/build/google/guice/core/src/com/google/inject/spi/ModuleAnnotatedMethodScannerBinding.java...
  [javadoc] Loading source file /home/travis/build/google/guice/core/src/com/google/inject/spi/ModuleSource.java...
  [javadoc] Loading source file /home/travis/build/google/guice/core/src/com/google/inject/spi/PrivateElements.java...
  [javadoc] Loading source file /home/travis/build/google/guice/core/src/com/google/inject/spi/ProviderBinding.java...
  [javadoc] Loading source file /home/travis/build/google/guice/core/src/com/google/inject/spi/ProviderInstanceBinding.java...
  [javadoc] Loading source file /home/travis/build/google/guice/core/src/com/google/inject/spi/ProviderKeyBinding.java...
  [javadoc] Loading source file /home/travis/build/google/guice/core/src/com/google/inject/spi/ProviderLookup.java...
  [javadoc] Loading source file /home/travis/build/google/guice/core/src/com/google/inject/spi/ProviderWithDependencies.java...
  [javadoc] Loading source file /home/travis/build/google/guice/core/src/com/google/inject/spi/ProviderWithExtensionVisitor.java...
  [javadoc] Loading source file /home/travis/build/google/guice/core/src/com/google/inject/spi/ProvidesMethodBinding.java...
  [javadoc] Loading source file /home/travis/build/google/guice/core/src/com/google/inject/spi/ProvidesMethodTargetVisitor.java...
  [javadoc] Loading source file /home/travis/build/google/guice/core/src/com/google/inject/spi/ProvisionListener.java...
  [javadoc] Loading source file /home/travis/build/google/guice/core/src/com/google/inject/spi/ProvisionListenerBinding.java...
  [javadoc] Loading source file /home/travis/build/google/guice/core/src/com/google/inject/spi/RequireAtInjectOnConstructorsOption.java...
  [javadoc] Loading source file /home/travis/build/google/guice/core/src/com/google/inject/spi/RequireExactBindingAnnotationsOption.java...
  [javadoc] Loading source file /home/travis/build/google/guice/core/src/com/google/inject/spi/RequireExplicitBindingsOption.java...
  [javadoc] Loading source file /home/travis/build/google/guice/core/src/com/google/inject/spi/ScopeBinding.java...
  [javadoc] Loading source file /home/travis/build/google/guice/core/src/com/google/inject/spi/StaticInjectionRequest.java...
  [javadoc] Loading source file /home/travis/build/google/guice/core/src/com/google/inject/spi/Toolable.java...
  [javadoc] Loading source file /home/travis/build/google/guice/core/src/com/google/inject/spi/TypeConverter.java...
  [javadoc] Loading source file /home/travis/build/google/guice/core/src/com/google/inject/spi/TypeConverterBinding.java...
  [javadoc] Loading source file /home/travis/build/google/guice/core/src/com/google/inject/spi/TypeEncounter.java...
  [javadoc] Loading source file /home/travis/build/google/guice/core/src/com/google/inject/spi/TypeListener.java...
  [javadoc] Loading source file /home/travis/build/google/guice/core/src/com/google/inject/spi/TypeListenerBinding.java...
  [javadoc] Loading source file /home/travis/build/google/guice/core/src/com/google/inject/spi/UntargettedBinding.java...
  [javadoc] Loading source file /home/travis/build/google/guice/core/src/com/google/inject/spi/package-info.java...
  [javadoc] Loading source file /home/travis/build/google/guice/core/src/com/google/inject/util/Modules.java...
  [javadoc] Loading source file /home/travis/build/google/guice/core/src/com/google/inject/util/Providers.java...
  [javadoc] Loading source file /home/travis/build/google/guice/core/src/com/google/inject/util/Types.java...
  [javadoc] Loading source file /home/travis/build/google/guice/core/src/com/google/inject/util/package-info.java...
  [javadoc] Loading source file /home/travis/build/google/guice/extensions/servlet/src/com/google/inject/servlet/AbstractServletModuleBinding.java...
  [javadoc] Loading source file /home/travis/build/google/guice/extensions/servlet/src/com/google/inject/servlet/ContinuingHttpServletRequest.java...
  [javadoc] Loading source file /home/travis/build/google/guice/extensions/servlet/src/com/google/inject/servlet/DefaultFilterPipeline.java...
  [javadoc] Loading source file /home/travis/build/google/guice/extensions/servlet/src/com/google/inject/servlet/FilterChainInvocation.java...
  [javadoc] Loading source file /home/travis/build/google/guice/extensions/servlet/src/com/google/inject/servlet/FilterDefinition.java...
  [javadoc] Loading source file /home/travis/build/google/guice/extensions/servlet/src/com/google/inject/servlet/FilterPipeline.java...
  [javadoc] Loading source file /home/travis/build/google/guice/extensions/servlet/src/com/google/inject/servlet/FiltersModuleBuilder.java...
  [javadoc] Loading source file /home/travis/build/google/guice/extensions/servlet/src/com/google/inject/servlet/GuiceFilter.java...
  [javadoc] Loading source file /home/travis/build/google/guice/extensions/servlet/src/com/google/inject/servlet/GuiceServletContextListener.java...
  [javadoc] Loading source file /home/travis/build/google/guice/extensions/servlet/src/com/google/inject/servlet/InstanceFilterBinding.java...
  [javadoc] Loading source file /home/travis/build/google/guice/extensions/servlet/src/com/google/inject/servlet/InstanceFilterBindingImpl.java...
  [javadoc] Loading source file /home/travis/build/google/guice/extensions/servlet/src/com/google/inject/servlet/InstanceServletBinding.java...
  [javadoc] Loading source file /home/travis/build/google/guice/extensions/servlet/src/com/google/inject/servlet/InstanceServletBindingImpl.java...
  [javadoc] Loading source file /home/travis/build/google/guice/extensions/servlet/src/com/google/inject/servlet/InternalServletModule.java...
  [javadoc] Loading source file /home/travis/build/google/guice/extensions/servlet/src/com/google/inject/servlet/LinkedFilterBinding.java...
  [javadoc] Loading source file /home/travis/build/google/guice/extensions/servlet/src/com/google/inject/servlet/LinkedFilterBindingImpl.java...
  [javadoc] Loading source file /home/travis/build/google/guice/extensions/servlet/src/com/google/inject/servlet/LinkedServletBinding.java...
  [javadoc] Loading source file /home/travis/build/google/guice/extensions/servlet/src/com/google/inject/servlet/LinkedServletBindingImpl.java...
  [javadoc] Loading source file /home/travis/build/google/guice/extensions/servlet/src/com/google/inject/servlet/ManagedFilterPipeline.java...
  [javadoc] Loading source file /home/travis/build/google/guice/extensions/servlet/src/com/google/inject/servlet/ManagedServletPipeline.java...
  [javadoc] Loading source file /home/travis/build/google/guice/extensions/servlet/src/com/google/inject/servlet/RequestParameters.java...
  [javadoc] Loading source file /home/travis/build/google/guice/extensions/servlet/src/com/google/inject/servlet/RequestScoped.java...
  [javadoc] Loading source file /home/travis/build/google/guice/extensions/servlet/src/com/google/inject/servlet/ScopingException.java...
  [javadoc] Loading source file /home/travis/build/google/guice/extensions/servlet/src/com/google/inject/servlet/ScopingOnly.java...
  [javadoc] Loading source file /home/travis/build/google/guice/extensions/servlet/src/com/google/inject/servlet/ServletDefinition.java...
  [javadoc] Loading source file /home/travis/build/google/guice/extensions/servlet/src/com/google/inject/servlet/ServletModule.java...
  [javadoc] Loading source file /home/travis/build/google/guice/extensions/servlet/src/com/google/inject/servlet/ServletModuleBinding.java...
  [javadoc] Loading source file /home/travis/build/google/guice/extensions/servlet/src/com/google/inject/servlet/ServletModuleTargetVisitor.java...
  [javadoc] Loading source file /home/travis/build/google/guice/extensions/servlet/src/com/google/inject/servlet/ServletScopes.java...
  [javadoc] Loading source file /home/travis/build/google/guice/extensions/servlet/src/com/google/inject/servlet/ServletUtils.java...
  [javadoc] Loading source file /home/travis/build/google/guice/extensions/servlet/src/com/google/inject/servlet/ServletsModuleBuilder.java...
  [javadoc] Loading source file /home/travis/build/google/guice/extensions/servlet/src/com/google/inject/servlet/SessionScoped.java...
  [javadoc] Loading source file /home/travis/build/google/guice/extensions/servlet/src/com/google/inject/servlet/UriPatternMatcher.java...
  [javadoc] Loading source file /home/travis/build/google/guice/extensions/servlet/src/com/google/inject/servlet/UriPatternType.java...
  [javadoc] Loading source file /home/travis/build/google/guice/extensions/servlet/src/com/google/inject/servlet/package-info.java...
  [javadoc] Loading source file /home/travis/build/google/guice/extensions/assistedinject/src/com/google/inject/assistedinject/Assisted.java...
  [javadoc] Loading source file /home/travis/build/google/guice/extensions/assistedinject/src/com/google/inject/assistedinject/AssistedConstructor.java...
  [javadoc] Loading source file /home/travis/build/google/guice/extensions/assistedinject/src/com/google/inject/assistedinject/AssistedInject.java...
  [javadoc] Loading source file /home/travis/build/google/guice/extensions/assistedinject/src/com/google/inject/assistedinject/AssistedInjectBinding.java...
  [javadoc] Loading source file /home/travis/build/google/guice/extensions/assistedinject/src/com/google/inject/assistedinject/AssistedInjectTargetVisitor.java...
  [javadoc] Loading source file /home/travis/build/google/guice/extensions/assistedinject/src/com/google/inject/assistedinject/AssistedMethod.java...
  [javadoc] Loading source file /home/travis/build/google/guice/extensions/assistedinject/src/com/google/inject/assistedinject/BindingCollector.java...
  [javadoc] Loading source file /home/travis/build/google/guice/extensions/assistedinject/src/com/google/inject/assistedinject/FactoryModuleBuilder.java...
  [javadoc] Loading source file /home/travis/build/google/guice/extensions/assistedinject/src/com/google/inject/assistedinject/FactoryProvider.java...
  [javadoc] Loading source file /home/travis/build/google/guice/extensions/assistedinject/src/com/google/inject/assistedinject/FactoryProvider2.java...
  [javadoc] Loading source file /home/travis/build/google/guice/extensions/assistedinject/src/com/google/inject/assistedinject/Parameter.java...
  [javadoc] Loading source file /home/travis/build/google/guice/extensions/assistedinject/src/com/google/inject/assistedinject/ParameterListKey.java...
  [javadoc] Loading source file /home/travis/build/google/guice/extensions/assistedinject/src/com/google/inject/assistedinject/package-info.java...
  [javadoc] Loading source file /home/travis/build/google/guice/extensions/multibindings/src/com/google/inject/multibindings/ClassMapKey.java...
  [javadoc] Loading source file /home/travis/build/google/guice/extensions/multibindings/src/com/google/inject/multibindings/Element.java...
  [javadoc] Loading source file /home/travis/build/google/guice/extensions/multibindings/src/com/google/inject/multibindings/Indexer.java...
  [javadoc] Loading source file /home/travis/build/google/guice/extensions/multibindings/src/com/google/inject/multibindings/MapBinder.java...
  [javadoc] Loading source file /home/travis/build/google/guice/extensions/multibindings/src/com/google/inject/multibindings/MapBinderBinding.java...
  [javadoc] Loading source file /home/travis/build/google/guice/extensions/multibindings/src/com/google/inject/multibindings/MapKey.java...
  [javadoc] Loading source file /home/travis/build/google/guice/extensions/multibindings/src/com/google/inject/multibindings/Multibinder.java...
  [javadoc] Loading source file /home/travis/build/google/guice/extensions/multibindings/src/com/google/inject/multibindings/MultibinderBinding.java...
  [javadoc] Loading source file /home/travis/build/google/guice/extensions/multibindings/src/com/google/inject/multibindings/MultibindingsScanner.java...
  [javadoc] Loading source file /home/travis/build/google/guice/extensions/multibindings/src/com/google/inject/multibindings/MultibindingsTargetVisitor.java...
  [javadoc] Loading source file /home/travis/build/google/guice/extensions/multibindings/src/com/google/inject/multibindings/OptionalBinder.java...
  [javadoc] Loading source file /home/travis/build/google/guice/extensions/multibindings/src/com/google/inject/multibindings/OptionalBinderBinding.java...
  [javadoc] Loading source file /home/travis/build/google/guice/extensions/multibindings/src/com/google/inject/multibindings/ProvidesIntoMap.java...
  [javadoc] Loading source file /home/travis/build/google/guice/extensions/multibindings/src/com/google/inject/multibindings/ProvidesIntoOptional.java...
  [javadoc] Loading source file /home/travis/build/google/guice/extensions/multibindings/src/com/google/inject/multibindings/ProvidesIntoSet.java...
  [javadoc] Loading source file /home/travis/build/google/guice/extensions/multibindings/src/com/google/inject/multibindings/RealElement.java...
  [javadoc] Loading source file /home/travis/build/google/guice/extensions/multibindings/src/com/google/inject/multibindings/StringMapKey.java...
  [javadoc] Loading source file /home/travis/build/google/guice/extensions/multibindings/src/com/google/inject/multibindings/package-info.java...
  [javadoc] Loading source file /home/travis/build/google/guice/extensions/dagger-adapter/src/com/google/inject/daggeradapter/DaggerAdapter.java...
  [javadoc] Loading source file /home/travis/build/google/guice/extensions/dagger-adapter/src/com/google/inject/daggeradapter/DaggerMethodScanner.java...
  [javadoc] Loading source file /home/travis/build/google/guice/extensions/throwingproviders/src/com/google/inject/throwingproviders/CheckedProvideUtils.java...
  [javadoc] Loading source file /home/travis/build/google/guice/extensions/throwingproviders/src/com/google/inject/throwingproviders/CheckedProvider.java...
  [javadoc] Loading source file /home/travis/build/google/guice/extensions/throwingproviders/src/com/google/inject/throwingproviders/CheckedProviderMethod.java...
  [javadoc] Loading source file /home/travis/build/google/guice/extensions/throwingproviders/src/com/google/inject/throwingproviders/CheckedProviderMethodsModule.java...
  [javadoc] Loading source file /home/travis/build/google/guice/extensions/throwingproviders/src/com/google/inject/throwingproviders/CheckedProviderWithDependencies.java...
  [javadoc] Loading source file /home/travis/build/google/guice/extensions/throwingproviders/src/com/google/inject/throwingproviders/CheckedProvides.java...
  [javadoc] Loading source file /home/travis/build/google/guice/extensions/throwingproviders/src/com/google/inject/throwingproviders/ThrowingInject.java...
  [javadoc] Loading source file /home/travis/build/google/guice/extensions/throwingproviders/src/com/google/inject/throwingproviders/ThrowingProvider.java...
  [javadoc] Loading source file /home/travis/build/google/guice/extensions/throwingproviders/src/com/google/inject/throwingproviders/ThrowingProviderBinder.java...
  [javadoc] Loading source file /home/travis/build/google/guice/extensions/throwingproviders/src/com/google/inject/throwingproviders/package-info.java...
  [javadoc] Loading source file /home/travis/build/google/guice/extensions/testlib/src/com/google/inject/testing/fieldbinder/Bind.java...
  [javadoc] Loading source file /home/travis/build/google/guice/extensions/testlib/src/com/google/inject/testing/fieldbinder/BoundFieldModule.java...
  [javadoc] Loading source file /home/travis/build/google/guice/extensions/grapher/src/com/google/inject/grapher/AbstractInjectorGrapher.java...
  [javadoc] Loading source file /home/travis/build/google/guice/extensions/grapher/src/com/google/inject/grapher/Alias.java...
  [javadoc] Loading source file /home/travis/build/google/guice/extensions/grapher/src/com/google/inject/grapher/AliasCreator.java...
  [javadoc] Loading source file /home/travis/build/google/guice/extensions/grapher/src/com/google/inject/grapher/BindingEdge.java...
  [javadoc] Loading source file /home/travis/build/google/guice/extensions/grapher/src/com/google/inject/grapher/DefaultEdgeCreator.java...
  [javadoc] Loading source file /home/travis/build/google/guice/extensions/grapher/src/com/google/inject/grapher/DefaultNodeCreator.java...
  [javadoc] Loading source file /home/travis/build/google/guice/extensions/grapher/src/com/google/inject/grapher/DefaultRootKeySetCreator.java...
  [javadoc] Loading source file /home/travis/build/google/guice/extensions/grapher/src/com/google/inject/grapher/DependencyEdge.java...
  [javadoc] Loading source file /home/travis/build/google/guice/extensions/grapher/src/com/google/inject/grapher/Edge.java...
  [javadoc] Loading source file /home/travis/build/google/guice/extensions/grapher/src/com/google/inject/grapher/EdgeCreator.java...
  [javadoc] Loading source file /home/travis/build/google/guice/extensions/grapher/src/com/google/inject/grapher/ImplementationNode.java...
  [javadoc] Loading source file /home/travis/build/google/guice/extensions/grapher/src/com/google/inject/grapher/InjectorGrapher.java...
  [javadoc] Loading source file /home/travis/build/google/guice/extensions/grapher/src/com/google/inject/grapher/InstanceNode.java...
  [javadoc] Loading source file /home/travis/build/google/guice/extensions/grapher/src/com/google/inject/grapher/InterfaceNode.java...
  [javadoc] Loading source file /home/travis/build/google/guice/extensions/grapher/src/com/google/inject/grapher/NameFactory.java...
  [javadoc] Loading source file /home/travis/build/google/guice/extensions/grapher/src/com/google/inject/grapher/Node.java...
  [javadoc] Loading source file /home/travis/build/google/guice/extensions/grapher/src/com/google/inject/grapher/NodeCreator.java...
  [javadoc] Loading source file /home/travis/build/google/guice/extensions/grapher/src/com/google/inject/grapher/NodeId.java...
  [javadoc] Loading source file /home/travis/build/google/guice/extensions/grapher/src/com/google/inject/grapher/ProviderAliasCreator.java...
  [javadoc] Loading source file /home/travis/build/google/guice/extensions/grapher/src/com/google/inject/grapher/RootKeySetCreator.java...
  [javadoc] Loading source file /home/travis/build/google/guice/extensions/grapher/src/com/google/inject/grapher/ShortNameFactory.java...
  [javadoc] Loading source file /home/travis/build/google/guice/extensions/grapher/src/com/google/inject/grapher/TransitiveDependencyVisitor.java...
  [javadoc] Loading source file /home/travis/build/google/guice/extensions/grapher/src/com/google/inject/grapher/graphviz/ArrowType.java...
  [javadoc] Loading source file /home/travis/build/google/guice/extensions/grapher/src/com/google/inject/grapher/graphviz/CompassPoint.java...
  [javadoc] Loading source file /home/travis/build/google/guice/extensions/grapher/src/com/google/inject/grapher/graphviz/EdgeStyle.java...
  [javadoc] Loading source file /home/travis/build/google/guice/extensions/grapher/src/com/google/inject/grapher/graphviz/Graphviz.java...
  [javadoc] Loading source file /home/travis/build/google/guice/extensions/grapher/src/com/google/inject/grapher/graphviz/GraphvizEdge.java...
  [javadoc] Loading source file /home/travis/build/google/guice/extensions/grapher/src/com/google/inject/grapher/graphviz/GraphvizGrapher.java...
  [javadoc] Loading source file /home/travis/build/google/guice/extensions/grapher/src/com/google/inject/grapher/graphviz/GraphvizModule.java...
  [javadoc] Loading source file /home/travis/build/google/guice/extensions/grapher/src/com/google/inject/grapher/graphviz/GraphvizNode.java...
  [javadoc] Loading source file /home/travis/build/google/guice/extensions/grapher/src/com/google/inject/grapher/graphviz/NodeShape.java...
  [javadoc] Loading source file /home/travis/build/google/guice/extensions/grapher/src/com/google/inject/grapher/graphviz/NodeStyle.java...
  [javadoc] Loading source file /home/travis/build/google/guice/extensions/grapher/src/com/google/inject/grapher/graphviz/PortIdFactory.java...
  [javadoc] Loading source file /home/travis/build/google/guice/extensions/grapher/src/com/google/inject/grapher/graphviz/PortIdFactoryImpl.java...
  [javadoc] Loading source file /home/travis/build/google/guice/extensions/persist/src/com/google/inject/persist/PersistFilter.java...
  [javadoc] Loading source file /home/travis/build/google/guice/extensions/persist/src/com/google/inject/persist/PersistModule.java...
  [javadoc] Loading source file /home/travis/build/google/guice/extensions/persist/src/com/google/inject/persist/PersistService.java...
  [javadoc] Loading source file /home/travis/build/google/guice/extensions/persist/src/com/google/inject/persist/Transactional.java...
  [javadoc] Loading source file /home/travis/build/google/guice/extensions/persist/src/com/google/inject/persist/UnitOfWork.java...
  [javadoc] Loading source file /home/travis/build/google/guice/extensions/persist/src/com/google/inject/persist/finder/DynamicFinder.java...
  [javadoc] Loading source file /home/travis/build/google/guice/extensions/persist/src/com/google/inject/persist/finder/Finder.java...
  [javadoc] Loading source file /home/travis/build/google/guice/extensions/persist/src/com/google/inject/persist/finder/FirstResult.java...
  [javadoc] Loading source file /home/travis/build/google/guice/extensions/persist/src/com/google/inject/persist/finder/MaxResults.java...
  [javadoc] Loading source file /home/travis/build/google/guice/extensions/persist/src/com/google/inject/persist/finder/package-info.java...
  [javadoc] Loading source file /home/travis/build/google/guice/extensions/persist/src/com/google/inject/persist/jpa/Jpa.java...
  [javadoc] Loading source file /home/travis/build/google/guice/extensions/persist/src/com/google/inject/persist/jpa/JpaFinderProxy.java...
  [javadoc] Loading source file /home/travis/build/google/guice/extensions/persist/src/com/google/inject/persist/jpa/JpaLocalTxnInterceptor.java...
  [javadoc] Loading source file /home/travis/build/google/guice/extensions/persist/src/com/google/inject/persist/jpa/JpaPersistModule.java...
  [javadoc] Loading source file /home/travis/build/google/guice/extensions/persist/src/com/google/inject/persist/jpa/JpaPersistService.java...
  [javadoc] Loading source file /home/travis/build/google/guice/extensions/persist/src/com/google/inject/persist/jpa/package-info.java...
  [javadoc] Loading source file /home/travis/build/google/guice/extensions/persist/src/com/google/inject/persist/package-info.java...
  [javadoc] Loading source file /home/travis/build/google/guice/extensions/spring/src/com/google/inject/spring/SpringIntegration.java...
  [javadoc] Loading source file /home/travis/build/google/guice/extensions/spring/src/com/google/inject/spring/package-info.java...
  [javadoc] Loading source file /home/travis/build/google/guice/extensions/struts2/src/com/google/inject/struts2/GuiceObjectFactory.java...
  [javadoc] Loading source file /home/travis/build/google/guice/extensions/struts2/src/com/google/inject/struts2/Struts2Factory.java...
  [javadoc] Loading source file /home/travis/build/google/guice/extensions/struts2/src/com/google/inject/struts2/Struts2GuicePluginModule.java...
  [javadoc] Loading source file /home/travis/build/google/guice/extensions/jndi/src/com/google/inject/jndi/JndiIntegration.java...
  [javadoc] Loading source file /home/travis/build/google/guice/extensions/jndi/src/com/google/inject/jndi/package-info.java...
  [javadoc] Loading source file /home/travis/build/google/guice/extensions/jmx/src/com/google/inject/tools/jmx/ManagedBinding.java...
  [javadoc] Loading source file /home/travis/build/google/guice/extensions/jmx/src/com/google/inject/tools/jmx/ManagedBindingMBean.java...
  [javadoc] Loading source file /home/travis/build/google/guice/extensions/jmx/src/com/google/inject/tools/jmx/Manager.java...
  [javadoc] Loading source file /home/travis/build/google/guice/extensions/jmx/src/com/google/inject/tools/jmx/package-info.java...
  [javadoc] Constructing Javadoc information...
  [javadoc] Creating destination directory: "/home/travis/build/google/guice/build/docs/javadoc/"
  [javadoc] Standard Doclet version 1.8.0_66
  [javadoc] Building tree for all the packages and classes...
  [javadoc] /home/travis/build/google/guice/extensions/dagger-adapter/src/com/google/inject/daggeradapter/DaggerAdapter.java:53: warning - Tag @link:illegal character: "64" in "@dagger.Module"
  [javadoc] /home/travis/build/google/guice/extensions/dagger-adapter/src/com/google/inject/daggeradapter/DaggerAdapter.java:53: warning - Tag @link:illegal character: "64" in "@dagger.Provides"
  [javadoc] /home/travis/build/google/guice/extensions/dagger-adapter/src/com/google/inject/daggeradapter/DaggerAdapter.java:53: warning - Tag @link:illegal character: "64" in "@Singleton"
  [javadoc] /home/travis/build/google/guice/extensions/dagger-adapter/src/com/google/inject/daggeradapter/DaggerAdapter.java:53: warning - Tag @link: reference not found: @dagger.Module
  [javadoc] /home/travis/build/google/guice/extensions/dagger-adapter/src/com/google/inject/daggeradapter/DaggerAdapter.java:53: warning - Tag @link: reference not found: @dagger.Provides
  [javadoc] /home/travis/build/google/guice/extensions/dagger-adapter/src/com/google/inject/daggeradapter/DaggerAdapter.java:53: warning - Tag @link: reference not found: @Singleton
  [javadoc] /home/travis/build/google/guice/extensions/dagger-adapter/src/com/google/inject/daggeradapter/DaggerAdapter.java:53: warning - Tag @link: reference not found: @dagger.Module
  [javadoc] /home/travis/build/google/guice/extensions/dagger-adapter/src/com/google/inject/daggeradapter/DaggerAdapter.java:53: warning - Tag @link: reference not found: @dagger.Provides
  [javadoc] /home/travis/build/google/guice/extensions/dagger-adapter/src/com/google/inject/daggeradapter/DaggerAdapter.java:53: warning - Tag @link: reference not found: @dagger.Module
  [javadoc] /home/travis/build/google/guice/extensions/dagger-adapter/src/com/google/inject/daggeradapter/DaggerAdapter.java:53: warning - Tag @link: reference not found: @dagger.Provides
  [javadoc] Building index for all the packages and classes...
  [javadoc] Building index for all classes...
  [javadoc] Generating /home/travis/build/google/guice/build/docs/javadoc/help-doc.html...
  [javadoc] 10 warnings

dist:

source.jar:
    [mkdir] Created dir: /home/travis/build/google/guice/extensions/servlet/build
      [zip] Building zip: /home/travis/build/google/guice/extensions/servlet/build/guice-servlet-snapshot-src.jar

compile:
    [mkdir] Created dir: /home/travis/build/google/guice/extensions/servlet/build/classes
    [javac] Compiling 35 source files to /home/travis/build/google/guice/extensions/servlet/build/classes
    [javac] warning: [options] bootstrap class path not set in conjunction with -source 1.6
    [javac] /home/travis/build/google/guice/extensions/servlet/src/com/google/inject/servlet/FilterDefinition.java:125: warning: [rawtypes] found raw type: Enumeration
    [javac]       public Enumeration getInitParameterNames() {
    [javac]              ^
    [javac]   missing type arguments for generic class Enumeration<E>
    [javac]   where E is a type-variable:
    [javac]     E extends Object declared in interface Enumeration
    [javac] /home/travis/build/google/guice/extensions/servlet/src/com/google/inject/servlet/ServletDefinition.java:134: warning: [rawtypes] found raw type: Enumeration
    [javac]       public Enumeration getInitParameterNames() {
    [javac]              ^
    [javac]   missing type arguments for generic class Enumeration<E>
    [javac]   where E is a type-variable:
    [javac]     E extends Object declared in interface Enumeration
    [javac] /home/travis/build/google/guice/extensions/servlet/src/com/google/inject/servlet/ServletScopes.java:375: warning: [rawtypes] found raw type: Key
    [javac]     final Map<Key, Object> map = Maps.newHashMap();
    [javac]               ^
    [javac]   missing type arguments for generic class Key<T>
    [javac]   where T is a type-variable:
    [javac]     T extends Object declared in class Key
    [javac] 4 warnings
    [javac] Creating empty /home/travis/build/google/guice/extensions/servlet/build/classes/com/google/inject/servlet/package-info.class

manifest:
  [bndwrap] classes 67 0
    [unjar] Expanding: /home/travis/build/google/guice/extensions/servlet/build/classes.bar into /home/travis/build/google/guice/extensions/servlet/build

jar:
      [jar] Building jar: /home/travis/build/google/guice/extensions/servlet/build/guice-servlet-snapshot.jar

distjars:

source.jar:
    [mkdir] Created dir: /home/travis/build/google/guice/extensions/spring/build
      [zip] Building zip: /home/travis/build/google/guice/extensions/spring/build/guice-spring-snapshot-src.jar

compile:
    [mkdir] Created dir: /home/travis/build/google/guice/extensions/spring/build/classes
    [javac] Compiling 2 source files to /home/travis/build/google/guice/extensions/spring/build/classes
    [javac] warning: [options] bootstrap class path not set in conjunction with -source 1.6
    [javac] 1 warning
    [javac] Creating empty /home/travis/build/google/guice/extensions/spring/build/classes/com/google/inject/spring/package-info.class

manifest:
  [bndwrap] classes 4 0
    [unjar] Expanding: /home/travis/build/google/guice/extensions/spring/build/classes.bar into /home/travis/build/google/guice/extensions/spring/build

jar:
      [jar] Building jar: /home/travis/build/google/guice/extensions/spring/build/guice-spring-snapshot.jar

distjars:

source.jar:
    [mkdir] Created dir: /home/travis/build/google/guice/extensions/struts2/build
      [zip] Building zip: /home/travis/build/google/guice/extensions/struts2/build/guice-struts2-plugin-snapshot-src.jar

compile:
    [mkdir] Created dir: /home/travis/build/google/guice/extensions/struts2/build/classes
    [javac] Compiling 3 source files to /home/travis/build/google/guice/extensions/struts2/build/classes
    [javac] warning: [options] bootstrap class path not set in conjunction with -source 1.6
    [javac] /home/travis/build/google/guice/extensions/struts2/src/com/google/inject/struts2/GuiceObjectFactory.java:82: warning: [rawtypes] found raw type: Class
    [javac]   public Class getClassInstance(String name) throws ClassNotFoundException {
    [javac]          ^
    [javac]   missing type arguments for generic class Class<T>
    [javac]   where T is a type-variable:
    [javac]     T extends Object declared in class Class
    [javac] /home/travis/build/google/guice/extensions/struts2/src/com/google/inject/struts2/GuiceObjectFactory.java:110: warning: [rawtypes] found raw type: Class
    [javac]   public Object buildBean(Class clazz, Map extraContext) {
    [javac]                           ^
    [javac]   missing type arguments for generic class Class<T>
    [javac]   where T is a type-variable:
    [javac]     T extends Object declared in class Class
    [javac] /home/travis/build/google/guice/extensions/struts2/src/com/google/inject/struts2/GuiceObjectFactory.java:110: warning: [rawtypes] found raw type: Map
    [javac]   public Object buildBean(Class clazz, Map extraContext) {
    [javac]                                        ^
    [javac]   missing type arguments for generic class Map<K,V>
    [javac]   where K,V are type-variables:
    [javac]     K extends Object declared in interface Map
    [javac]     V extends Object declared in interface Map
    [javac] /home/travis/build/google/guice/extensions/struts2/src/com/google/inject/struts2/GuiceObjectFactory.java:168: warning: [rawtypes] found raw type: Map
    [javac]       Map interceptorRefParams) throws ConfigurationException {
    [javac]       ^
    [javac]   missing type arguments for generic class Map<K,V>
    [javac]   where K,V are type-variables:
    [javac]     K extends Object declared in interface Map
    [javac]     V extends Object declared in interface Map
    [javac] /home/travis/build/google/guice/extensions/struts2/src/com/google/inject/struts2/GuiceObjectFactory.java:184: warning: [rawtypes] found raw type: Map
    [javac]       Map interceptorRefParams) throws ConfigurationException {
    [javac]       ^
    [javac]   missing type arguments for generic class Map<K,V>
    [javac]   where K,V are type-variables:
    [javac]     K extends Object declared in interface Map
    [javac]     V extends Object declared in interface Map
    [javac] /home/travis/build/google/guice/extensions/struts2/src/com/google/inject/struts2/GuiceObjectFactory.java:185: warning: [unchecked] unchecked method invocation: method buildInterceptor in class ObjectFactory is applied to given types
    [javac]     return super.buildInterceptor(interceptorConfig, interceptorRefParams);
    [javac]                                  ^
    [javac]   required: InterceptorConfig,Map<String,String>
    [javac]   found: InterceptorConfig,Map
    [javac] /home/travis/build/google/guice/extensions/struts2/src/com/google/inject/struts2/GuiceObjectFactory.java:185: warning: [unchecked] unchecked conversion
    [javac]     return super.buildInterceptor(interceptorConfig, interceptorRefParams);
    [javac]                                                      ^
    [javac]   required: Map<String,String>
    [javac]   found:    Map
    [javac] /home/travis/build/google/guice/extensions/struts2/src/com/google/inject/struts2/GuiceObjectFactory.java:191: warning: [rawtypes] found raw type: Map
    [javac]     final Map params;
    [javac]           ^
    [javac]   missing type arguments for generic class Map<K,V>
    [javac]   where K,V are type-variables:
    [javac]     K extends Object declared in interface Map
    [javac]     V extends Object declared in interface Map
    [javac] /home/travis/build/google/guice/extensions/struts2/src/com/google/inject/struts2/GuiceObjectFactory.java:195: warning: [rawtypes] found raw type: Map
    [javac]     ProvidedInterceptor(InterceptorConfig config, Map params,
    [javac]                                                   ^
    [javac]   missing type arguments for generic class Map<K,V>
    [javac]   where K,V are type-variables:
    [javac]     K extends Object declared in interface Map
    [javac]     V extends Object declared in interface Map
    [javac] /home/travis/build/google/guice/extensions/struts2/src/com/google/inject/struts2/Struts2Factory.java:101: warning: [rawtypes] found raw type: Class
    [javac]   public Object buildBean(Class clazz, Map<String, Object> extraContext) {
    [javac]                           ^
    [javac]   missing type arguments for generic class Class<T>
    [javac]   where T is a type-variable:
    [javac]     T extends Object declared in class Class
    [javac] /home/travis/build/google/guice/extensions/struts2/src/com/google/inject/struts2/Struts2Factory.java:149: warning: [rawtypes] found raw type: Map
    [javac]       Map interceptorRefParams) throws ConfigurationException {
    [javac]       ^
    [javac]   missing type arguments for generic class Map<K,V>
    [javac]   where K,V are type-variables:
    [javac]     K extends Object declared in interface Map
    [javac]     V extends Object declared in interface Map
    [javac] 12 warnings
     [copy] Copying 1 file to /home/travis/build/google/guice/extensions/struts2/build/classes

manifest:
  [bndwrap] classes 8 0
    [unjar] Expanding: /home/travis/build/google/guice/extensions/struts2/build/classes.bar into /home/travis/build/google/guice/extensions/struts2/build

jar:
      [jar] Building jar: /home/travis/build/google/guice/extensions/struts2/build/guice-struts2-plugin-snapshot.jar

distjars:

source.jar:
    [mkdir] Created dir: /home/travis/build/google/guice/extensions/assistedinject/build
      [zip] Building zip: /home/travis/build/google/guice/extensions/assistedinject/build/guice-assistedinject-snapshot-src.jar

compile:
    [mkdir] Created dir: /home/travis/build/google/guice/extensions/assistedinject/build/classes
    [javac] Compiling 13 source files to /home/travis/build/google/guice/extensions/assistedinject/build/classes
    [javac] warning: [options] bootstrap class path not set in conjunction with -source 1.6
    [javac] /home/travis/build/google/guice/extensions/assistedinject/src/com/google/inject/assistedinject/FactoryProvider.java:379: warning: [rawtypes] found raw type: Class
    [javac]         new Class[] { factoryRawType }, invocationHandler));
    [javac]             ^
    [javac]   missing type arguments for generic class Class<T>
    [javac]   where T is a type-variable:
    [javac]     T extends Object declared in class Class
    [javac] 2 warnings
    [javac] Creating empty /home/travis/build/google/guice/extensions/assistedinject/build/classes/com/google/inject/assistedinject/package-info.class

manifest:
  [bndwrap] classes 20 0
    [unjar] Expanding: /home/travis/build/google/guice/extensions/assistedinject/build/classes.bar into /home/travis/build/google/guice/extensions/assistedinject/build

jar:
      [jar] Building jar: /home/travis/build/google/guice/extensions/assistedinject/build/guice-assistedinject-snapshot.jar

distjars:

source.jar:
    [mkdir] Created dir: /home/travis/build/google/guice/extensions/jmx/build
      [zip] Building zip: /home/travis/build/google/guice/extensions/jmx/build/guice-jmx-snapshot-src.jar

compile:
    [mkdir] Created dir: /home/travis/build/google/guice/extensions/jmx/build/classes
    [javac] Compiling 4 source files to /home/travis/build/google/guice/extensions/jmx/build/classes
    [javac] warning: [options] bootstrap class path not set in conjunction with -source 1.6
    [javac] /home/travis/build/google/guice/extensions/jmx/src/com/google/inject/tools/jmx/ManagedBinding.java:23: warning: [rawtypes] found raw type: Binding
    [javac]   final Binding binding;
    [javac]         ^
    [javac]   missing type arguments for generic class Binding<T>
    [javac]   where T is a type-variable:
    [javac]     T extends Object declared in interface Binding
    [javac] /home/travis/build/google/guice/extensions/jmx/src/com/google/inject/tools/jmx/ManagedBinding.java:25: warning: [rawtypes] found raw type: Binding
    [javac]   ManagedBinding(Binding binding) {
    [javac]                  ^
    [javac]   missing type arguments for generic class Binding<T>
    [javac]   where T is a type-variable:
    [javac]     T extends Object declared in interface Binding
    [javac] 3 warnings
    [javac] Creating empty /home/travis/build/google/guice/extensions/jmx/build/classes/com/google/inject/tools/jmx/package-info.class

manifest:
  [bndwrap] classes 4 0
    [unjar] Expanding: /home/travis/build/google/guice/extensions/jmx/build/classes.bar into /home/travis/build/google/guice/extensions/jmx/build

jar:
      [jar] Building jar: /home/travis/build/google/guice/extensions/jmx/build/guice-jmx-snapshot.jar

distjars:

source.jar:
    [mkdir] Created dir: /home/travis/build/google/guice/extensions/jndi/build
      [zip] Building zip: /home/travis/build/google/guice/extensions/jndi/build/guice-jndi-snapshot-src.jar

compile:
    [mkdir] Created dir: /home/travis/build/google/guice/extensions/jndi/build/classes
    [javac] Compiling 2 source files to /home/travis/build/google/guice/extensions/jndi/build/classes
    [javac] warning: [options] bootstrap class path not set in conjunction with -source 1.6
    [javac] 1 warning
    [javac] Creating empty /home/travis/build/google/guice/extensions/jndi/build/classes/com/google/inject/jndi/package-info.class

manifest:
  [bndwrap] classes 3 0
    [unjar] Expanding: /home/travis/build/google/guice/extensions/jndi/build/classes.bar into /home/travis/build/google/guice/extensions/jndi/build

jar:
      [jar] Building jar: /home/travis/build/google/guice/extensions/jndi/build/guice-jndi-snapshot.jar

distjars:

source.jar:
    [mkdir] Created dir: /home/travis/build/google/guice/extensions/throwingproviders/build
      [zip] Building zip: /home/travis/build/google/guice/extensions/throwingproviders/build/guice-throwingproviders-snapshot-src.jar

compile:
    [mkdir] Created dir: /home/travis/build/google/guice/extensions/throwingproviders/build/classes
    [javac] Compiling 10 source files to /home/travis/build/google/guice/extensions/throwingproviders/build/classes
    [javac] warning: [options] bootstrap class path not set in conjunction with -source 1.6
    [javac] /home/travis/build/google/guice/extensions/throwingproviders/src/com/google/inject/throwingproviders/CheckedProvideUtils.java:79: warning: [rawtypes] found raw type: CheckedProvider
    [javac]       Class<? extends CheckedProvider> checkedProvider) {
    [javac]                       ^
    [javac]   missing type arguments for generic class CheckedProvider<T>
    [javac]   where T is a type-variable:
    [javac]     T extends Object declared in interface CheckedProvider
    [javac] /home/travis/build/google/guice/extensions/throwingproviders/src/com/google/inject/throwingproviders/ThrowingProviderBinder.java:119: warning: [rawtypes] found raw type: CheckedProvider
    [javac]   public <P extends CheckedProvider> SecondaryBinder<P, ?> 
    [javac]                     ^
    [javac]   missing type arguments for generic class CheckedProvider<T>
    [javac]   where T is a type-variable:
    [javac]     T extends Object declared in interface CheckedProvider
    [javac] /home/travis/build/google/guice/extensions/throwingproviders/src/com/google/inject/throwingproviders/ThrowingProviderBinder.java:127: warning: [rawtypes] found raw type: CheckedProvider
    [javac]   public <P extends CheckedProvider, T> SecondaryBinder<P, T> 
    [javac]                     ^
    [javac]   missing type arguments for generic class CheckedProvider<T>
    [javac]   where T is a type-variable:
    [javac]     T extends Object declared in interface CheckedProvider
    [javac] /home/travis/build/google/guice/extensions/throwingproviders/src/com/google/inject/throwingproviders/ThrowingProviderBinder.java:135: warning: [rawtypes] found raw type: CheckedProvider
    [javac]   public <P extends CheckedProvider, T> SecondaryBinder<P, T> 
    [javac]                     ^
    [javac]   missing type arguments for generic class CheckedProvider<T>
    [javac]   where T is a type-variable:
    [javac]     T extends Object declared in interface CheckedProvider
    [javac] /home/travis/build/google/guice/extensions/throwingproviders/src/com/google/inject/throwingproviders/ThrowingProviderBinder.java:140: warning: [rawtypes] found raw type: CheckedProvider
    [javac]   public class SecondaryBinder<P extends CheckedProvider, T> {
    [javac]                                          ^
    [javac]   missing type arguments for generic class CheckedProvider<T>
    [javac]   where T is a type-variable:
    [javac]     T extends Object declared in interface CheckedProvider
    [javac] /home/travis/build/google/guice/extensions/throwingproviders/src/com/google/inject/throwingproviders/ThrowingProviderBinder.java:410: warning: [deprecation] ThrowingProvider in com.google.inject.throwingproviders has been deprecated
    [javac]       boolean tpMode = interfaceType.getInterfaces()[0] == ThrowingProvider.class;      
    [javac]                                                            ^
    [javac] /home/travis/build/google/guice/extensions/throwingproviders/src/com/google/inject/throwingproviders/CheckedProviderMethod.java:51: warning: [rawtypes] found raw type: CheckedProvider
    [javac]   private final Class<? extends CheckedProvider> checkedProvider;
    [javac]                                 ^
    [javac]   missing type arguments for generic class CheckedProvider<T>
    [javac]   where T is a type-variable:
    [javac]     T extends Object declared in interface CheckedProvider
    [javac] /home/travis/build/google/guice/extensions/throwingproviders/src/com/google/inject/throwingproviders/CheckedProviderMethod.java:62: warning: [rawtypes] found raw type: CheckedProvider
    [javac]       Class<? extends CheckedProvider> checkedProvider,
    [javac]                       ^
    [javac]   missing type arguments for generic class CheckedProvider<T>
    [javac]   where T is a type-variable:
    [javac]     T extends Object declared in interface CheckedProvider
    [javac] /home/travis/build/google/guice/extensions/throwingproviders/src/com/google/inject/throwingproviders/CheckedProvides.java:44: warning: [rawtypes] found raw type: CheckedProvider
    [javac]   Class<? extends CheckedProvider> value();
    [javac]                   ^
    [javac]   missing type arguments for generic class CheckedProvider<T>
    [javac]   where T is a type-variable:
    [javac]     T extends Object declared in interface CheckedProvider
    [javac] 10 warnings
    [javac] Creating empty /home/travis/build/google/guice/extensions/throwingproviders/build/classes/com/google/inject/throwingproviders/package-info.class

manifest:
  [bndwrap] Should not skip: ^
  [bndwrap] classes 21 0
    [unjar] Expanding: /home/travis/build/google/guice/extensions/throwingproviders/build/classes.bar into /home/travis/build/google/guice/extensions/throwingproviders/build

jar:
      [jar] Building jar: /home/travis/build/google/guice/extensions/throwingproviders/build/guice-throwingproviders-snapshot.jar

distjars:

source.jar:
    [mkdir] Created dir: /home/travis/build/google/guice/extensions/multibindings/build
      [zip] Building zip: /home/travis/build/google/guice/extensions/multibindings/build/guice-multibindings-snapshot-src.jar

compile:
    [mkdir] Created dir: /home/travis/build/google/guice/extensions/multibindings/build/classes
    [javac] Compiling 18 source files to /home/travis/build/google/guice/extensions/multibindings/build/classes
    [javac] warning: [options] bootstrap class path not set in conjunction with -source 1.6
    [javac] /home/travis/build/google/guice/extensions/multibindings/src/com/google/inject/multibindings/Multibinder.java:300: warning: [rawtypes] found raw type: Key
    [javac]       Key key = (Key) collectionOfProvidersKey;
    [javac]       ^
    [javac]   missing type arguments for generic class Key<T>
    [javac]   where T is a type-variable:
    [javac]     T extends Object declared in class Key
    [javac] /home/travis/build/google/guice/extensions/multibindings/src/com/google/inject/multibindings/Multibinder.java:301: warning: [unchecked] unchecked method invocation: method to in interface LinkedBindingBuilder is applied to given types
    [javac]       binder.bind(collectionOfJavaxProvidersKey).to(key);
    [javac]                                                    ^
    [javac]   required: Key<? extends T>
    [javac]   found: Key
    [javac]   where T is a type-variable:
    [javac]     T extends Object declared in interface LinkedBindingBuilder
    [javac] /home/travis/build/google/guice/extensions/multibindings/src/com/google/inject/multibindings/Multibinder.java:301: warning: [unchecked] unchecked conversion
    [javac]       binder.bind(collectionOfJavaxProvidersKey).to(key);
    [javac]                                                     ^
    [javac]   required: Key<? extends T>
    [javac]   found:    Key
    [javac]   where T is a type-variable:
    [javac]     T extends Object declared in interface LinkedBindingBuilder
    [javac] /home/travis/build/google/guice/extensions/multibindings/src/com/google/inject/multibindings/Multibinder.java:468: warning: [rawtypes] found raw type: Provider
    [javac]         Provider<T>[] providers = new Provider[size];
    [javac]                                       ^
    [javac]   missing type arguments for generic class Provider<T>
    [javac]   where T is a type-variable:
    [javac]     T extends Object declared in interface Provider
    [javac] /home/travis/build/google/guice/extensions/multibindings/src/com/google/inject/multibindings/Multibinder.java:481: warning: [rawtypes] found raw type: Key
    [javac]           Key key = dependency.getKey();
    [javac]           ^
    [javac]   missing type arguments for generic class Key<T>
    [javac]   where T is a type-variable:
    [javac]     T extends Object declared in class Key
    [javac] /home/travis/build/google/guice/extensions/multibindings/src/com/google/inject/multibindings/Multibinder.java:483: warning: [unchecked] unchecked method invocation: method get in class Dependency is applied to given types
    [javac]               Dependency.get(key.ofType(Types.providerOf(key.getTypeLiteral().getType()))));
    [javac]                             ^
    [javac]   required: Key<T>
    [javac]   found: Key
    [javac]   where T is a type-variable:
    [javac]     T extends Object declared in method <T>get(Key<T>)
    [javac] /home/travis/build/google/guice/extensions/multibindings/src/com/google/inject/multibindings/Multibinder.java:483: warning: [unchecked] unchecked conversion
    [javac]               Dependency.get(key.ofType(Types.providerOf(key.getTypeLiteral().getType()))));
    [javac]                                        ^
    [javac]   required: Key<T>
    [javac]   found:    Key
    [javac]   where T is a type-variable:
    [javac]     T extends Object declared in method <T>get(Key<T>)
    [javac] /home/travis/build/google/guice/extensions/multibindings/src/com/google/inject/multibindings/Multibinder.java:488: warning: [rawtypes] found raw type: Key
    [javac]       Key getCollectionKey() {
    [javac]       ^
    [javac]   missing type arguments for generic class Key<T>
    [javac]   where T is a type-variable:
    [javac]     T extends Object declared in class Key
    [javac] /home/travis/build/google/guice/extensions/multibindings/src/com/google/inject/multibindings/MapBinder.java:394: warning: [rawtypes] found raw type: Key
    [javac]       Key massagedProviderMapKey = (Key)providerMapKey;
    [javac]       ^
    [javac]   missing type arguments for generic class Key<T>
    [javac]   where T is a type-variable:
    [javac]     T extends Object declared in class Key
    [javac] /home/travis/build/google/guice/extensions/multibindings/src/com/google/inject/multibindings/MapBinder.java:395: warning: [unchecked] unchecked method invocation: method to in interface LinkedBindingBuilder is applied to given types
    [javac]       binder.bind(javaxProviderMapKey).to(massagedProviderMapKey);
    [javac]                                          ^
    [javac]   required: Key<? extends T>
    [javac]   found: Key
    [javac]   where T is a type-variable:
    [javac]     T extends Object declared in interface LinkedBindingBuilder
    [javac] /home/travis/build/google/guice/extensions/multibindings/src/com/google/inject/multibindings/MapBinder.java:395: warning: [unchecked] unchecked conversion
    [javac]       binder.bind(javaxProviderMapKey).to(massagedProviderMapKey);
    [javac]                                           ^
    [javac]   required: Key<? extends T>
    [javac]   found:    Key
    [javac]   where T is a type-variable:
    [javac]     T extends Object declared in interface LinkedBindingBuilder
    [javac] /home/travis/build/google/guice/extensions/multibindings/src/com/google/inject/multibindings/MapBinder.java:797: warning: [rawtypes] found raw type: Entry
    [javac]            Map.Entry o = (Map.Entry)obj;
    [javac]               ^
    [javac]   missing type arguments for generic class Entry<K,V>
    [javac]   where K,V are type-variables:
    [javac]     K extends Object declared in interface Entry
    [javac]     V extends Object declared in interface Entry
    [javac] /home/travis/build/google/guice/extensions/multibindings/src/com/google/inject/multibindings/OptionalBinder.java:305: warning: [rawtypes] found raw type: Key
    [javac]     private final Key javaOptionalKey;
    [javac]                   ^
    [javac]   missing type arguments for generic class Key<T>
    [javac]   where T is a type-variable:
    [javac]     T extends Object declared in class Key
    [javac] /home/travis/build/google/guice/extensions/multibindings/src/com/google/inject/multibindings/OptionalBinder.java:306: warning: [rawtypes] found raw type: Key
    [javac]     private final Key javaOptionalJavaxProviderKey;
    [javac]                   ^
    [javac]   missing type arguments for generic class Key<T>
    [javac]   where T is a type-variable:
    [javac]     T extends Object declared in class Key
    [javac] /home/travis/build/google/guice/extensions/multibindings/src/com/google/inject/multibindings/OptionalBinder.java:307: warning: [rawtypes] found raw type: Key
    [javac]     private final Key javaOptionalProviderKey;
    [javac]                   ^
    [javac]   missing type arguments for generic class Key<T>
    [javac]   where T is a type-variable:
    [javac]     T extends Object declared in class Key
    [javac] /home/travis/build/google/guice/extensions/multibindings/src/com/google/inject/multibindings/OptionalBinder.java:385: warning: [rawtypes] found raw type: Key
    [javac]       Key massagedOptionalProviderKey = (Key) optionalProviderKey;
    [javac]       ^
    [javac]   missing type arguments for generic class Key<T>
    [javac]   where T is a type-variable:
    [javac]     T extends Object declared in class Key
    [javac] /home/travis/build/google/guice/extensions/multibindings/src/com/google/inject/multibindings/OptionalBinder.java:386: warning: [unchecked] unchecked method invocation: method to in interface LinkedBindingBuilder is applied to given types
    [javac]       binder.bind(optionalJavaxProviderKey).to(massagedOptionalProviderKey);
    [javac]                                               ^
    [javac]   required: Key<? extends T>
    [javac]   found: Key
    [javac]   where T is a type-variable:
    [javac]     T extends Object declared in interface LinkedBindingBuilder
    [javac] /home/travis/build/google/guice/extensions/multibindings/src/com/google/inject/multibindings/OptionalBinder.java:386: warning: [unchecked] unchecked conversion
    [javac]       binder.bind(optionalJavaxProviderKey).to(massagedOptionalProviderKey);
    [javac]                                                ^
    [javac]   required: Key<? extends T>
    [javac]   found:    Key
    [javac]   where T is a type-variable:
    [javac]     T extends Object declared in interface LinkedBindingBuilder
    [javac] 19 warnings
    [javac] Creating empty /home/travis/build/google/guice/extensions/multibindings/build/classes/com/google/inject/multibindings/package-info.class

manifest:
  [bndwrap] classes 57 0
    [unjar] Expanding: /home/travis/build/google/guice/extensions/multibindings/build/classes.bar into /home/travis/build/google/guice/extensions/multibindings/build

jar:
      [jar] Building jar: /home/travis/build/google/guice/extensions/multibindings/build/guice-multibindings-snapshot.jar

distjars:

source.jar:
    [mkdir] Created dir: /home/travis/build/google/guice/extensions/dagger-adapter/build
      [zip] Building zip: /home/travis/build/google/guice/extensions/dagger-adapter/build/guice-dagger-adapter-snapshot-src.jar

compile:
    [mkdir] Created dir: /home/travis/build/google/guice/extensions/dagger-adapter/build/classes
    [javac] Compiling 2 source files to /home/travis/build/google/guice/extensions/dagger-adapter/build/classes
    [javac] warning: [options] bootstrap class path not set in conjunction with -source 1.6
    [javac] /home/travis/build/google/guice/extensions/dagger-adapter/src/com/google/inject/daggeradapter/DaggerMethodScanner.java:55: warning: [fallthrough] possible fall-through into case
    [javac]       case SET:
    [javac]       ^
    [javac] 2 warnings

manifest:
  [bndwrap] classes 5 0
    [unjar] Expanding: /home/travis/build/google/guice/extensions/dagger-adapter/build/classes.bar into /home/travis/build/google/guice/extensions/dagger-adapter/build

jar:
      [jar] Building jar: /home/travis/build/google/guice/extensions/dagger-adapter/build/guice-dagger-adapter-snapshot.jar

distjars:

source.jar:
    [mkdir] Created dir: /home/travis/build/google/guice/extensions/persist/build
      [zip] Building zip: /home/travis/build/google/guice/extensions/persist/build/guice-persist-snapshot-src.jar

compile:
    [mkdir] Created dir: /home/travis/build/google/guice/extensions/persist/build/classes
    [javac] Compiling 17 source files to /home/travis/build/google/guice/extensions/persist/build/classes
    [javac] warning: [options] bootstrap class path not set in conjunction with -source 1.6
    [javac] /home/travis/build/google/guice/extensions/persist/src/com/google/inject/persist/finder/Finder.java:50: warning: [rawtypes] found raw type: Collection
    [javac]   Class<? extends Collection> returnAs() default Collection.class;
    [javac]                   ^
    [javac]   missing type arguments for generic class Collection<E>
    [javac]   where E is a type-variable:
    [javac]     E extends Object declared in interface Collection
    [javac] /home/travis/build/google/guice/extensions/persist/src/com/google/inject/persist/jpa/JpaFinderProxy.java:86: warning: [rawtypes] found raw type: List
    [javac]       List results) {
    [javac]       ^
    [javac]   missing type arguments for generic class List<E>
    [javac]   where E is a type-variable:
    [javac]     E extends Object declared in interface List
    [javac] /home/travis/build/google/guice/extensions/persist/src/com/google/inject/persist/jpa/JpaFinderProxy.java:104: warning: [unchecked] unchecked method invocation: method addAll in interface Collection is applied to given types
    [javac]     collection.addAll(results);
    [javac]                      ^
    [javac]   required: Collection<? extends E>
    [javac]   found: List
    [javac]   where E is a type-variable:
    [javac]     E extends Object declared in interface Collection
    [javac] /home/travis/build/google/guice/extensions/persist/src/com/google/inject/persist/jpa/JpaFinderProxy.java:104: warning: [unchecked] unchecked conversion
    [javac]     collection.addAll(results);
    [javac]                       ^
    [javac]   required: Collection<? extends E>
    [javac]   found:    List
    [javac]   where E is a type-variable:
    [javac]     E extends Object declared in interface Collection
    [javac] /home/travis/build/google/guice/extensions/persist/src/com/google/inject/persist/jpa/JpaFinderProxy.java:250: warning: [rawtypes] found raw type: Collection
    [javac]     volatile Class<? extends Collection> returnCollectionType;
    [javac]                              ^
    [javac]   missing type arguments for generic class Collection<E>
    [javac]   where E is a type-variable:
    [javac]     E extends Object declared in interface Collection
    [javac] /home/travis/build/google/guice/extensions/persist/src/com/google/inject/persist/jpa/JpaFinderProxy.java:251: warning: [rawtypes] found raw type: Constructor
    [javac]     volatile Constructor returnCollectionTypeConstructor;
    [javac]              ^
    [javac]   missing type arguments for generic class Constructor<T>
    [javac]   where T is a type-variable:
    [javac]     T extends Object declared in class Constructor
    [javac] 7 warnings
    [javac] Creating empty /home/travis/build/google/guice/extensions/persist/build/classes/com/google/inject/persist/jpa/package-info.class
    [javac] Creating empty /home/travis/build/google/guice/extensions/persist/build/classes/com/google/inject/persist/package-info.class
    [javac] Creating empty /home/travis/build/google/guice/extensions/persist/build/classes/com/google/inject/persist/finder/package-info.class

manifest:
  [bndwrap] classes 25 0
    [unjar] Expanding: /home/travis/build/google/guice/extensions/persist/build/classes.bar into /home/travis/build/google/guice/extensions/persist/build

jar:
      [jar] Building jar: /home/travis/build/google/guice/extensions/persist/build/guice-persist-snapshot.jar

distjars:

source.jar:
    [mkdir] Created dir: /home/travis/build/google/guice/extensions/grapher/build
      [zip] Building zip: /home/travis/build/google/guice/extensions/grapher/build/guice-grapher-snapshot-src.jar

compile:
    [mkdir] Created dir: /home/travis/build/google/guice/extensions/grapher/build/classes
    [javac] Compiling 34 source files to /home/travis/build/google/guice/extensions/grapher/build/classes
    [javac] warning: [options] bootstrap class path not set in conjunction with -source 1.6
    [javac] 1 warning

manifest:
  [bndwrap] classes 42 0
    [unjar] Expanding: /home/travis/build/google/guice/extensions/grapher/build/classes.bar into /home/travis/build/google/guice/extensions/grapher/build

jar:
      [jar] Building jar: /home/travis/build/google/guice/extensions/grapher/build/guice-grapher-snapshot.jar

distjars:

source.jar:
    [mkdir] Created dir: /home/travis/build/google/guice/extensions/testlib/build
      [zip] Building zip: /home/travis/build/google/guice/extensions/testlib/build/guice-testlib-snapshot-src.jar

compile:
    [mkdir] Created dir: /home/travis/build/google/guice/extensions/testlib/build/classes
    [javac] Compiling 2 source files to /home/travis/build/google/guice/extensions/testlib/build/classes
    [javac] warning: [options] bootstrap class path not set in conjunction with -source 1.6
    [javac] 1 warning

manifest:
  [bndwrap] classes 5 0
    [unjar] Expanding: /home/travis/build/google/guice/extensions/testlib/build/classes.bar into /home/travis/build/google/guice/extensions/testlib/build

jar:
      [jar] Building jar: /home/travis/build/google/guice/extensions/testlib/build/guice-testlib-snapshot.jar

distjars:
     [copy] Copying 2 files to /home/travis/build/google/guice/build/dist
     [copy] Copying 2 files to /home/travis/build/google/guice/build/dist
     [copy] Copying 2 files to /home/travis/build/google/guice/build/dist
     [copy] Copying 2 files to /home/travis/build/google/guice/build/dist
     [copy] Copying 2 files to /home/travis/build/google/guice/build/dist
     [copy] Copying 2 files to /home/travis/build/google/guice/build/dist
     [copy] Copying 2 files to /home/travis/build/google/guice/build/dist
     [copy] Copying 2 files to /home/travis/build/google/guice/build/dist
     [copy] Copying 2 files to /home/travis/build/google/guice/build/dist
     [copy] Copying 2 files to /home/travis/build/google/guice/build/dist
     [copy] Copying 2 files to /home/travis/build/google/guice/build/dist
     [copy] Copying 2 files to /home/travis/build/google/guice/build/dist
     [copy] Copying 1 file to /home/travis/build/google/guice/build/dist
     [copy] Copying 3 files to /home/travis/build/google/guice/build/dist
      [zip] Building zip: /home/travis/build/google/guice/build/guice-snapshot.zip
      [zip] Building zip: /home/travis/build/google/guice/build/guice-snapshot-src.zip

test.dist:

compile:

jar.withdeps:
   [jarjar] Building jar: /home/travis/build/google/guice/build/guice-with-deps.jar

manifest:
  [bndwrap] classes 358 455112
    [unjar] Expanding: /home/travis/build/google/guice/build/classes.bar into /home/travis/build/google/guice/build

jar:
      [jar] Building jar: /home/travis/build/google/guice/build/dist/guice-snapshot.jar

test.compile:
    [mkdir] Created dir: /home/travis/build/google/guice/build/test
    [javac] Compiling 88 source files to /home/travis/build/google/guice/build/test
    [javac] warning: [options] bootstrap class path not set in conjunction with -source 1.6
    [javac] Note: Some input files use or override a deprecated API.
    [javac] Note: Recompile with -Xlint:deprecation for details.
    [javac] Note: Some input files use unchecked or unsafe operations.
    [javac] Note: Recompile with -Xlint:unchecked for details.
    [javac] 1 warning

test.withdeps:
   [jarjar] Building jar: /home/travis/build/google/guice/build/guice-snapshot-tests.jar

test.dist.run:
    [junit] Dec 23, 2015 6:49:10 AM com.google.inject.spi.InjectionPoint getInjectionPoints
    [junit] WARNING: Method: protected void org.atinject.tck.auto.accessories.SpareTire.injectProtectedMethodForOverride() is not annotated with @Inject but is overriding a method that is annotated with @javax.inject.Inject.  Because it is not annotated with @Inject, the method will not be injected. To fix this, annotate the method with @Inject.
    [junit] Dec 23, 2015 6:49:10 AM com.google.inject.spi.InjectionPoint getInjectionPoints
    [junit] WARNING: Method: public void org.atinject.tck.auto.accessories.SpareTire.injectPublicMethodForOverride() is not annotated with @Inject but is overriding a method that is annotated with @javax.inject.Inject.  Because it is not annotated with @Inject, the method will not be injected. To fix this, annotate the method with @Inject.
    [junit] Dec 23, 2015 6:49:10 AM com.google.inject.spi.InjectionPoint getInjectionPoints
    [junit] WARNING: Method: void org.atinject.tck.auto.accessories.SpareTire.injectPackagePrivateMethod3() is not annotated with @Inject but is overriding a method that is annotated with @javax.inject.Inject.  Because it is not annotated with @Inject, the method will not be injected. To fix this, annotate the method with @Inject.
    [junit] Dec 23, 2015 6:49:10 AM com.google.inject.spi.InjectionPoint getInjectionPoints
    [junit] WARNING: Method: public void org.atinject.tck.auto.GasEngine.injectTwiceOverriddenWithOmissionInMiddle() is not annotated with @Inject but is overriding a method that is annotated with @javax.inject.Inject.  Because it is not annotated with @Inject, the method will not be injected. To fix this, annotate the method with @Inject.
    [junit] Dec 23, 2015 6:49:10 AM com.google.inject.spi.InjectionPoint getInjectionPoints
    [junit] WARNING: Method: void org.atinject.tck.auto.V8Engine.injectPackagePrivateMethodForOverride() is not annotated with @Inject but is overriding a method that is annotated with @javax.inject.Inject.  Because it is not annotated with @Inject, the method will not be injected. To fix this, annotate the method with @Inject.
    [junit] Dec 23, 2015 6:49:10 AM com.google.inject.spi.InjectionPoint getInjectionPoints
    [junit] WARNING: Method: public void org.atinject.tck.auto.V8Engine.injectQualifiers(org.atinject.tck.auto.Seat,org.atinject.tck.auto.Seat,org.atinject.tck.auto.Tire,org.atinject.tck.auto.Tire) is not annotated with @Inject but is overriding a method that is annotated with @javax.inject.Inject.  Because it is not annotated with @Inject, the method will not be injected. To fix this, annotate the method with @Inject.
    [junit] Dec 23, 2015 6:49:10 AM com.google.inject.spi.InjectionPoint getInjectionPoints
    [junit] WARNING: Method: public void org.atinject.tck.auto.V8Engine.injectTwiceOverriddenWithOmissionInSubclass() is not annotated with @Inject but is overriding a method that is annotated with @javax.inject.Inject.  Because it is not annotated with @Inject, the method will not be injected. To fix this, annotate the method with @Inject.
    [junit] .........................................
    [junit] .........................................
    [junit] ..com.google.inject.CreationException: Unable to create injector, see the following errors:
    [junit] 
    [junit] 1) A binding to com.google.inject.BinderTest$HasImplementedBy1 was already configured at com.google.inject.BinderTest$19.configure(BinderTest.java:347).
    [junit]   at com.google.inject.BinderTest$19.configure(BinderTest.java:346)
    [junit] 
    [junit] 1 error
    [junit] 	at com.google.inject.internal.Errors.throwCreationExceptionIfErrorsExist(Errors.java:470)
    [junit] 	at com.google.inject.internal.InternalInjectorCreator.initializeStatically(InternalInjectorCreator.java:155)
    [junit] 	at com.google.inject.internal.InternalInjectorCreator.build(InternalInjectorCreator.java:107)
    [junit] 	at com.google.inject.Guice.createInjector(Guice.java:99)
    [junit] 	at com.google.inject.Guice.createInjector(Guice.java:73)
    [junit] 	at com.google.inject.Guice.createInjector(Guice.java:62)
    [junit] 	at com.google.inject.BinderTest.testSettingAtImplementedByTwice(BinderTest.java:343)
    [junit] 	at sun.reflect.NativeMethodAccessorImpl.invoke0(Native Method)
    [junit] 	at sun.reflect.NativeMethodAccessorImpl.invoke(NativeMethodAccessorImpl.java:62)
    [junit] 	at sun.reflect.DelegatingMethodAccessorImpl.invoke(DelegatingMethodAccessorImpl.java:43)
    [junit] 	at java.lang.reflect.Method.invoke(Method.java:497)
    [junit] 	at junit.framework.TestCase.runTest(TestCase.java:154)
    [junit] 	at junit.framework.TestCase.runBare(TestCase.java:127)
    [junit] 	at junit.framework.TestResult$1.protect(TestResult.java:106)
    [junit] 	at junit.framework.TestResult.runProtected(TestResult.java:124)
    [junit] 	at junit.framework.TestResult.run(TestResult.java:109)
    [junit] 	at junit.framework.TestCase.run(TestCase.java:118)
    [junit] 	at junit.framework.TestSuite.runTest(TestSuite.java:208)
    [junit] 	at junit.framework.TestSuite.run(TestSuite.java:203)
    [junit] 	at junit.framework.TestSuite.runTest(TestSuite.java:208)
    [junit] 	at junit.framework.TestSuite.run(TestSuite.java:203)
    [junit] 	at junit.textui.TestRunner.doRun(TestRunner.java:116)
    [junit] 	at junit.textui.TestRunner.start(TestRunner.java:172)
    [junit] 	at junit.textui.TestRunner.main(TestRunner.java:138)
    [junit] Dec 23, 2015 6:49:11 AM com.google.inject.internal.MessageProcessor visit
    [junit] INFO: An exception was caught and reported. Message: java.lang.IllegalArgumentException
    [junit] java.lang.IllegalArgumentException
    [junit] 	at com.google.inject.BinderTest$24.configure(BinderTest.java:450)
    [junit] 	at com.google.inject.AbstractModule.configure(AbstractModule.java:62)
    [junit] 	at com.google.inject.spi.Elements$RecordingBinder.install(Elements.java:340)
    [junit] 	at com.google.inject.spi.Elements.getElements(Elements.java:110)
    [junit] 	at com.google.inject.internal.InjectorShell$Builder.build(InjectorShell.java:138)
    [junit] 	at com.google.inject.internal.InternalInjectorCreator.build(InternalInjectorCreator.java:104)
    [junit] 	at com.google.inject.Guice.createInjector(Guice.java:99)
    [junit] 	at com.google.inject.Guice.createInjector(Guice.java:73)
    [junit] 	at com.google.inject.Guice.createInjector(Guice.java:62)
    [junit] 	at com.google.inject.BinderTest.testUserReportedErrorsAreAlsoLogged(BinderTest.java:447)
    [junit] 	at sun.reflect.NativeMethodAccessorImpl.invoke0(Native Method)
    [junit] 	at sun.reflect.NativeMethodAccessorImpl.invoke(NativeMethodAccessorImpl.java:62)
    [junit] 	at sun.reflect.DelegatingMethodAccessorImpl.invoke(DelegatingMethodAccessorImpl.java:43)
    [junit] 	at java.lang.reflect.Method.invoke(Method.java:497)
    [junit] 	at junit.framework.TestCase.runTest(TestCase.java:154)
    [junit] 	at junit.framework.TestCase.runBare(TestCase.java:127)
    [junit] 	at junit.framework.TestResult$1.protect(TestResult.java:106)
    [junit] 	at junit.framework.TestResult.runProtected(TestResult.java:124)
    [junit] 	at junit.framework.TestResult.run(TestResult.java:109)
    [junit] 	at junit.framework.TestCase.run(TestCase.java:118)
    [junit] 	at junit.framework.TestSuite.runTest(TestSuite.java:208)
    [junit] 	at junit.framework.TestSuite.run(TestSuite.java:203)
    [junit] 	at junit.framework.TestSuite.runTest(TestSuite.java:208)
    [junit] 	at junit.framework.TestSuite.run(TestSuite.java:203)
    [junit] 	at junit.textui.TestRunner.doRun(TestRunner.java:116)
    [junit] 	at junit.textui.TestRunner.start(TestRunner.java:172)
    [junit] 	at junit.textui.TestRunner.main(TestRunner.java:138)
    [junit] 
    [junit] .......................................
    [junit] .........................................
    [junit] .........................................
    [junit] .........................................
    [junit] .........................................
    [junit] .........................................
    [junit] .........................................
    [junit] ................Dec 23, 2015 6:49:14 AM com.google.inject.internal.MessageProcessor visit
    [junit] INFO: An exception was caught and reported. Message: java.lang.IllegalStateException: Failing in the scanner.
    [junit] java.lang.IllegalStateException: Failing in the scanner.
    [junit] 	at com.google.inject.spi.ModuleAnnotatedMethodScannerTest$FailingScanner.prepareMethod(ModuleAnnotatedMethodScannerTest.java:205)
    [junit] 	at com.google.inject.internal.ProviderMethodsModule.createProviderMethod(ProviderMethodsModule.java:266)
    [junit] 	at com.google.inject.internal.ProviderMethodsModule.getProviderMethods(ProviderMethodsModule.java:144)
    [junit] 	at com.google.inject.internal.ProviderMethodsModule.configure(ProviderMethodsModule.java:123)
    [junit] 	at com.google.inject.spi.Elements$RecordingBinder.install(Elements.java:340)
    [junit] 	at com.google.inject.spi.Elements$RecordingBinder.scanForAnnotatedMethods(Elements.java:295)
    [junit] 	at com.google.inject.spi.Elements.getElements(Elements.java:112)
    [junit] 	at com.google.inject.internal.InjectorShell$Builder.build(InjectorShell.java:138)
    [junit] 	at com.google.inject.internal.InternalInjectorCreator.build(InternalInjectorCreator.java:104)
    [junit] 	at com.google.inject.Guice.createInjector(Guice.java:99)
    [junit] 	at com.google.inject.Guice.createInjector(Guice.java:73)
    [junit] 	at com.google.inject.Guice.createInjector(Guice.java:62)
    [junit] 	at com.google.inject.spi.ModuleAnnotatedMethodScannerTest.testFailingScanner(ModuleAnnotatedMethodScannerTest.java:174)
    [junit] 	at sun.reflect.NativeMethodAccessorImpl.invoke0(Native Method)
    [junit] 	at sun.reflect.NativeMethodAccessorImpl.invoke(NativeMethodAccessorImpl.java:62)
    [junit] 	at sun.reflect.DelegatingMethodAccessorImpl.invoke(DelegatingMethodAccessorImpl.java:43)
    [junit] 	at java.lang.reflect.Method.invoke(Method.java:497)
    [junit] 	at junit.framework.TestCase.runTest(TestCase.java:154)
    [junit] 	at junit.framework.TestCase.runBare(TestCase.java:127)
    [junit] 	at junit.framework.TestResult$1.protect(TestResult.java:106)
    [junit] 	at junit.framework.TestResult.runProtected(TestResult.java:124)
    [junit] 	at junit.framework.TestResult.run(TestResult.java:109)
    [junit] 	at junit.framework.TestCase.run(TestCase.java:118)
    [junit] 	at junit.framework.TestSuite.runTest(TestSuite.java:208)
    [junit] 	at junit.framework.TestSuite.run(TestSuite.java:203)
    [junit] 	at junit.framework.TestSuite.runTest(TestSuite.java:208)
    [junit] 	at junit.framework.TestSuite.run(TestSuite.java:203)
    [junit] 	at junit.textui.TestRunner.doRun(TestRunner.java:116)
    [junit] 	at junit.textui.TestRunner.start(TestRunner.java:172)
    [junit] 	at junit.textui.TestRunner.main(TestRunner.java:138)
    [junit] 
    [junit] .........................
    [junit] .........................................
    [junit] .........................................
    [junit] .........................................
    [junit] .........................................
    [junit] .........................................
    [junit] .........................................
    [junit] .........................................
    [junit] ................Dec 23, 2015 6:49:15 AM com.google.inject.spi.InjectionPoint getInjectionPoints
    [junit] WARNING: Method: public void com.google.inject.spi.InjectionPointTest$Sub.atInject() is not annotated with @Inject but is overriding a method that is annotated with @javax.inject.Inject.  Because it is not annotated with @Inject, the method will not be injected. To fix this, annotate the method with @Inject.
    [junit] Dec 23, 2015 6:49:15 AM com.google.inject.spi.InjectionPoint getInjectionPoints
    [junit] WARNING: Method: public void com.google.inject.spi.InjectionPointTest$Sub.atInject() is not annotated with @Inject but is overriding a method that is annotated with @javax.inject.Inject.  Because it is not annotated with @Inject, the method will not be injected. To fix this, annotate the method with @Inject.
    [junit] Dec 23, 2015 6:49:15 AM com.google.inject.spi.InjectionPoint getInjectionPoints
    [junit] WARNING: Method: public void com.google.inject.spi.InjectionPointTest$SubSub.privateGAndPublicAt() is not annotated with @Inject but is overriding a method that is annotated with @javax.inject.Inject.  Because it is not annotated with @Inject, the method will not be injected. To fix this, annotate the method with @Inject.
    [junit] .........................
    [junit] .........................................
    [junit] .........................................
    [junit] .........................................
    [junit] .....................aopalliance.jar 9 4569
    [junit] javax.inject.jar 6 2840
    [junit] Should not skip: ^
    [junit] Should not skip: ^
    [junit] Should not skip: ^
    [junit] Should not skip: ^
    [junit] Should not skip: ^
    [junit] Should not skip: ^
    [junit] Should not skip: ^
    [junit] Should not skip: ^
    [junit] Should not skip: ^
    [junit] Should not skip: ^
    [junit] Should not skip: ^
    [junit] guava.jar 1687 2226800
    [junit] osgitests.jar 28 20580
    [junit] ..............
    [junit] Time: 7.496
    [junit] 
    [junit] OK (896 tests)
    [junit] 

compile:

jar.withdeps:
   [jarjar] Building jar: /home/travis/build/google/guice/build/guice-with-deps.jar

manifest:
  [bndwrap] classes 358 455112
    [unjar] Expanding: /home/travis/build/google/guice/build/classes.bar into /home/travis/build/google/guice/build

jar:
      [jar] Building jar: /home/travis/build/google/guice/build/dist/guice-snapshot.jar

test.compile:

test.withdeps:
   [jarjar] Building jar: /home/travis/build/google/guice/build/guice-snapshot-tests.jar

test.dist.run:
    [junit] Dec 23, 2015 6:49:22 AM com.google.inject.spi.InjectionPoint getInjectionPoints
    [junit] WARNING: Method: void org.atinject.tck.auto.accessories.SpareTire.injectPackagePrivateMethod3() is not annotated with @Inject but is overriding a method that is annotated with @javax.inject.Inject.  Because it is not annotated with @Inject, the method will not be injected. To fix this, annotate the method with @Inject.
    [junit] Dec 23, 2015 6:49:22 AM com.google.inject.spi.InjectionPoint getInjectionPoints
    [junit] WARNING: Method: protected void org.atinject.tck.auto.accessories.SpareTire.injectProtectedMethodForOverride() is not annotated with @Inject but is overriding a method that is annotated with @javax.inject.Inject.  Because it is not annotated with @Inject, the method will not be injected. To fix this, annotate the method with @Inject.
    [junit] Dec 23, 2015 6:49:22 AM com.google.inject.spi.InjectionPoint getInjectionPoints
    [junit] WARNING: Method: public void org.atinject.tck.auto.accessories.SpareTire.injectPublicMethodForOverride() is not annotated with @Inject but is overriding a method that is annotated with @javax.inject.Inject.  Because it is not annotated with @Inject, the method will not be injected. To fix this, annotate the method with @Inject.
    [junit] Dec 23, 2015 6:49:22 AM com.google.inject.spi.InjectionPoint getInjectionPoints
    [junit] WARNING: Method: public void org.atinject.tck.auto.GasEngine.injectTwiceOverriddenWithOmissionInMiddle() is not annotated with @Inject but is overriding a method that is annotated with @javax.inject.Inject.  Because it is not annotated with @Inject, the method will not be injected. To fix this, annotate the method with @Inject.
    [junit] Dec 23, 2015 6:49:22 AM com.google.inject.spi.InjectionPoint getInjectionPoints
    [junit] WARNING: Method: void org.atinject.tck.auto.V8Engine.injectPackagePrivateMethodForOverride() is not annotated with @Inject but is overriding a method that is annotated with @javax.inject.Inject.  Because it is not annotated with @Inject, the method will not be injected. To fix this, annotate the method with @Inject.
    [junit] Dec 23, 2015 6:49:22 AM com.google.inject.spi.InjectionPoint getInjectionPoints
    [junit] WARNING: Method: public void org.atinject.tck.auto.V8Engine.injectQualifiers(org.atinject.tck.auto.Seat,org.atinject.tck.auto.Seat,org.atinject.tck.auto.Tire,org.atinject.tck.auto.Tire) is not annotated with @Inject but is overriding a method that is annotated with @javax.inject.Inject.  Because it is not annotated with @Inject, the method will not be injected. To fix this, annotate the method with @Inject.
    [junit] Dec 23, 2015 6:49:22 AM com.google.inject.spi.InjectionPoint getInjectionPoints
    [junit] WARNING: Method: public void org.atinject.tck.auto.V8Engine.injectTwiceOverriddenWithOmissionInSubclass() is not annotated with @Inject but is overriding a method that is annotated with @javax.inject.Inject.  Because it is not annotated with @Inject, the method will not be injected. To fix this, annotate the method with @Inject.
    [junit] .........................................
    [junit] ........................................com.google.inject.CreationException: Unable to create injector, see the following errors:
    [junit] 
    [junit] 1) A binding to com.google.inject.BinderTest$HasImplementedBy1 was already configured at com.google.inject.BinderTest$19.configure(Unknown Source).
    [junit]   at com.google.inject.BinderTest$19.configure(Unknown Source)
    [junit] 
    [junit] 1 error
    [junit] 	at com.google.inject.internal.Errors.throwCreationExceptionIfErrorsExist(Errors.java:470)
    [junit] 	at com.google.inject.internal.InternalInjectorCreator.initializeStatically(InternalInjectorCreator.java:155)
    [junit] 	at com.google.inject.internal.InternalInjectorCreator.build(InternalInjectorCreator.java:107)
    [junit] 	at com.google.inject.Guice.createInjector(Guice.java:99)
    [junit] 	at com.google.inject.Guice.createInjector(Guice.java:73)
    [junit] 	at com.google.inject.Guice.createInjector(Guice.java:62)
    [junit] 	at com.google.inject.BinderTest.testSettingAtImplementedByTwice(BinderTest.java:343)
    [junit] 	at sun.reflect.NativeMethodAccessorImpl.invoke0(Native Method)
    [junit] 	at sun.reflect.NativeMethodAccessorImpl.invoke(NativeMethodAccessorImpl.java:62)
    [junit] 	at sun.reflect.DelegatingMethodAccessorImpl.invoke(DelegatingMethodAccessorImpl.java:43)
    [junit] 	at java.lang.reflect.Method.invoke(Method.java:497)
    [junit] 	at junit.framework.TestCase.runTest(TestCase.java:154)
    [junit] 	at junit.framework.TestCase.runBare(TestCase.java:127)
    [junit] 	at junit.framework.TestResult$1.protect(TestResult.java:106)
    [junit] 	at junit.framework.TestResult.runProtected(TestResult.java:124)
    [junit] 	at junit.framework.TestResult.run(TestResult.java:109)
    [junit] 	at junit.framework.TestCase.run(TestCase.java:118)
    [junit] 	at junit.framework.TestSuite.runTest(TestSuite.java:208)
    [junit] 	at junit.framework.TestSuite.run(TestSuite.java:203)
    [junit] 	at junit.framework.TestSuite.runTest(TestSuite.java:208)
    [junit] 	at junit.framework.TestSuite.run(TestSuite.java:203)
    [junit] 	at junit.textui.TestRunner.doRun(TestRunner.java:116)
    [junit] 	at junit.textui.TestRunner.start(TestRunner.java:172)
    [junit] 	at junit.textui.TestRunner.main(TestRunner.java:138)
    [junit] Dec 23, 2015 6:49:23 AM com.google.inject.internal.MessageProcessor visit
    [junit] INFO: An exception was caught and reported. Message: java.lang.IllegalArgumentException
    [junit] java.lang.IllegalArgumentException
    [junit] 	at com.google.inject.BinderTest$24.configure(BinderTest.java:450)
    [junit] 	at com.google.inject.AbstractModule.configure(AbstractModule.java:62)
    [junit] 	at com.google.inject.spi.Elements$RecordingBinder.install(Elements.java:340)
    [junit] 	at com.google.inject.spi.Elements.getElements(Elements.java:110)
    [junit] 	at com.google.inject.internal.InjectorShell$Builder.build(InjectorShell.java:138)
    [junit] 	at com.google.inject.internal.InternalInjectorCreator.build(InternalInjectorCreator.java:104)
    [junit] 	at com.google.inject.Guice.createInjector(Guice.java:99)
    [junit] 	at com.google.inject.Guice.createInjector(Guice.java:73)
    [junit] 	at com.google.inject.Guice.createInjector(Guice.java:62)
    [junit] 	at com.google.inject.BinderTest.testUserReportedErrorsAreAlsoLogged(BinderTest.java:447)
    [junit] 	at sun.reflect.NativeMethodAccessorImpl.invoke0(Native Method)
    [junit] 	at sun.reflect.NativeMethodAccessorImpl.invoke(NativeMethodAccessorImpl.java:62)
    [junit] 	at sun.reflect.DelegatingMethodAccessorImpl.invoke(DelegatingMethodAccessorImpl.java:43)
    [junit] 	at java.lang.reflect.Method.invoke(Method.java:497)
    [junit] 	at junit.framework.TestCase.runTest(TestCase.java:154)
    [junit] 	at junit.framework.TestCase.runBare(TestCase.java:127)
    [junit] 	at junit.framework.TestResult$1.protect(TestResult.java:106)
    [junit] 	at junit.framework.TestResult.runProtected(TestResult.java:124)
    [junit] 	at junit.framework.TestResult.run(TestResult.java:109)
    [junit] 	at junit.framework.TestCase.run(TestCase.java:118)
    [junit] 	at junit.framework.TestSuite.runTest(TestSuite.java:208)
    [junit] 	at junit.framework.TestSuite.run(TestSuite.java:203)
    [junit] 	at junit.framework.TestSuite.runTest(TestSuite.java:208)
    [junit] 	at junit.framework.TestSuite.run(TestSuite.java:203)
    [junit] 	at junit.textui.TestRunner.doRun(TestRunner.java:116)
    [junit] 	at junit.textui.TestRunner.start(TestRunner.java:172)
    [junit] 	at junit.textui.TestRunner.main(TestRunner.java:138)
    [junit] 
    [junit] .
    [junit] .........................................
    [junit] .........................................
    [junit] .........................................
    [junit] .........................................
    [junit] .........................................
    [junit] .........................................
    [junit] .........................................
    [junit] .............Dec 23, 2015 6:49:25 AM com.google.inject.internal.MessageProcessor visit
    [junit] INFO: An exception was caught and reported. Message: java.lang.IllegalStateException: Failing in the scanner.
    [junit] java.lang.IllegalStateException: Failing in the scanner.
    [junit] 	at com.google.inject.spi.ModuleAnnotatedMethodScannerTest$FailingScanner.prepareMethod(ModuleAnnotatedMethodScannerTest.java:205)
    [junit] 	at com.google.inject.internal.ProviderMethodsModule.createProviderMethod(ProviderMethodsModule.java:266)
    [junit] 	at com.google.inject.internal.ProviderMethodsModule.getProviderMethods(ProviderMethodsModule.java:144)
    [junit] 	at com.google.inject.internal.ProviderMethodsModule.configure(ProviderMethodsModule.java:123)
    [junit] 	at com.google.inject.spi.Elements$RecordingBinder.install(Elements.java:340)
    [junit] 	at com.google.inject.spi.Elements$RecordingBinder.scanForAnnotatedMethods(Elements.java:295)
    [junit] 	at com.google.inject.spi.Elements.getElements(Elements.java:112)
    [junit] 	at com.google.inject.internal.InjectorShell$Builder.build(InjectorShell.java:138)
    [junit] 	at com.google.inject.internal.InternalInjectorCreator.build(InternalInjectorCreator.java:104)
    [junit] 	at com.google.inject.Guice.createInjector(Guice.java:99)
    [junit] 	at com.google.inject.Guice.createInjector(Guice.java:73)
    [junit] 	at com.google.inject.Guice.createInjector(Guice.java:62)
    [junit] 	at com.google.inject.spi.ModuleAnnotatedMethodScannerTest.testFailingScanner(ModuleAnnotatedMethodScannerTest.java:174)
    [junit] 	at sun.reflect.NativeMethodAccessorImpl.invoke0(Native Method)
    [junit] 	at sun.reflect.NativeMethodAccessorImpl.invoke(NativeMethodAccessorImpl.java:62)
    [junit] 	at sun.reflect.DelegatingMethodAccessorImpl.invoke(DelegatingMethodAccessorImpl.java:43)
    [junit] 	at java.lang.reflect.Method.invoke(Method.java:497)
    [junit] 	at junit.framework.TestCase.runTest(TestCase.java:154)
    [junit] 	at junit.framework.TestCase.runBare(TestCase.java:127)
    [junit] 	at junit.framework.TestResult$1.protect(TestResult.java:106)
    [junit] 	at junit.framework.TestResult.runProtected(TestResult.java:124)
    [junit] 	at junit.framework.TestResult.run(TestResult.java:109)
    [junit] 	at junit.framework.TestCase.run(TestCase.java:118)
    [junit] 	at junit.framework.TestSuite.runTest(TestSuite.java:208)
    [junit] 	at junit.framework.TestSuite.run(TestSuite.java:203)
    [junit] 	at junit.framework.TestSuite.runTest(TestSuite.java:208)
    [junit] 	at junit.framework.TestSuite.run(TestSuite.java:203)
    [junit] 	at junit.textui.TestRunner.doRun(TestRunner.java:116)
    [junit] 	at junit.textui.TestRunner.start(TestRunner.java:172)
    [junit] 	at junit.textui.TestRunner.main(TestRunner.java:138)
    [junit] 
    [junit] ............................
    [junit] .........................................
    [junit] .........................................
    [junit] .........................................
    [junit] .........................................
    [junit] .........................................
    [junit] .........................................
    [junit] .........................................
    [junit] .........................................
    [junit] .....Dec 23, 2015 6:49:27 AM com.google.inject.spi.InjectionPoint getInjectionPoints
    [junit] WARNING: Method: public void com.google.inject.spi.InjectionPointTest$Sub.atInject() is not annotated with @Inject but is overriding a method that is annotated with @javax.inject.Inject.  Because it is not annotated with @Inject, the method will not be injected. To fix this, annotate the method with @Inject.
    [junit] Dec 23, 2015 6:49:27 AM com.google.inject.spi.InjectionPoint getInjectionPoints
    [junit] WARNING: Method: public void com.google.inject.spi.InjectionPointTest$Sub.atInject() is not annotated with @Inject but is overriding a method that is annotated with @javax.inject.Inject.  Because it is not annotated with @Inject, the method will not be injected. To fix this, annotate the method with @Inject.
    [junit] Dec 23, 2015 6:49:27 AM com.google.inject.spi.InjectionPoint getInjectionPoints
    [junit] WARNING: Method: public void com.google.inject.spi.InjectionPointTest$SubSub.privateGAndPublicAt() is not annotated with @Inject but is overriding a method that is annotated with @javax.inject.Inject.  Because it is not annotated with @Inject, the method will not be injected. To fix this, annotate the method with @Inject.
    [junit] ....................................
    [junit] .........................................
    [junit] .........................................
    [junit] .....................aopalliance.jar 9 4569
    [junit] javax.inject.jar 6 2840
    [junit] Should not skip: ^
    [junit] Should not skip: ^
    [junit] Should not skip: ^
    [junit] Should not skip: ^
    [junit] Should not skip: ^
    [junit] Should not skip: ^
    [junit] Should not skip: ^
    [junit] Should not skip: ^
    [junit] Should not skip: ^
    [junit] Should not skip: ^
    [junit] Should not skip: ^
    [junit] guava.jar 1687 2226801
    [junit] osgitests.jar 28 20580
    [junit] ..............
    [junit] Time: 7.358
    [junit] 
    [junit] OK (896 tests)
    [junit] 

compile:

jar.withdeps:
   [jarjar] Building jar: /home/travis/build/google/guice/build/guice-with-deps.jar

manifest:
  [bndwrap] classes 358 455112
    [unjar] Expanding: /home/travis/build/google/guice/build/classes.bar into /home/travis/build/google/guice/build

jar:
      [jar] Building jar: /home/travis/build/google/guice/build/dist/guice-snapshot.jar

test.compile:

test.withdeps:
   [jarjar] Building jar: /home/travis/build/google/guice/build/guice-snapshot-tests.jar

test.dist.run:
    [junit] Dec 23, 2015 6:49:35 AM com.google.inject.spi.InjectionPoint getInjectionPoints
    [junit] WARNING: Method: protected void org.atinject.tck.auto.accessories.SpareTire.injectProtectedMethodForOverride() is not annotated with @Inject but is overriding a method that is annotated with @javax.inject.Inject.  Because it is not annotated with @Inject, the method will not be injected. To fix this, annotate the method with @Inject.
    [junit] Dec 23, 2015 6:49:35 AM com.google.inject.spi.InjectionPoint getInjectionPoints
    [junit] WARNING: Method: public void org.atinject.tck.auto.accessories.SpareTire.injectPublicMethodForOverride() is not annotated with @Inject but is overriding a method that is annotated with @javax.inject.Inject.  Because it is not annotated with @Inject, the method will not be injected. To fix this, annotate the method with @Inject.
    [junit] Dec 23, 2015 6:49:35 AM com.google.inject.spi.InjectionPoint getInjectionPoints
    [junit] WARNING: Method: void org.atinject.tck.auto.accessories.SpareTire.injectPackagePrivateMethod3() is not annotated with @Inject but is overriding a method that is annotated with @javax.inject.Inject.  Because it is not annotated with @Inject, the method will not be injected. To fix this, annotate the method with @Inject.
    [junit] Dec 23, 2015 6:49:35 AM com.google.inject.spi.InjectionPoint getInjectionPoints
    [junit] WARNING: Method: public void org.atinject.tck.auto.GasEngine.injectTwiceOverriddenWithOmissionInMiddle() is not annotated with @Inject but is overriding a method that is annotated with @javax.inject.Inject.  Because it is not annotated with @Inject, the method will not be injected. To fix this, annotate the method with @Inject.
    [junit] Dec 23, 2015 6:49:35 AM com.google.inject.spi.InjectionPoint getInjectionPoints
    [junit] WARNING: Method: void org.atinject.tck.auto.V8Engine.injectPackagePrivateMethodForOverride() is not annotated with @Inject but is overriding a method that is annotated with @javax.inject.Inject.  Because it is not annotated with @Inject, the method will not be injected. To fix this, annotate the method with @Inject.
    [junit] Dec 23, 2015 6:49:35 AM com.google.inject.spi.InjectionPoint getInjectionPoints
    [junit] WARNING: Method: public void org.atinject.tck.auto.V8Engine.injectQualifiers(org.atinject.tck.auto.Seat,org.atinject.tck.auto.Seat,org.atinject.tck.auto.Tire,org.atinject.tck.auto.Tire) is not annotated with @Inject but is overriding a method that is annotated with @javax.inject.Inject.  Because it is not annotated with @Inject, the method will not be injected. To fix this, annotate the method with @Inject.
    [junit] Dec 23, 2015 6:49:35 AM com.google.inject.spi.InjectionPoint getInjectionPoints
    [junit] WARNING: Method: public void org.atinject.tck.auto.V8Engine.injectTwiceOverriddenWithOmissionInSubclass() is not annotated with @Inject but is overriding a method that is annotated with @javax.inject.Inject.  Because it is not annotated with @Inject, the method will not be injected. To fix this, annotate the method with @Inject.
    [junit] .........................................
    [junit] .........................................
    [junit] ..com.google.inject.CreationException: Unable to create injector, see the following errors:
    [junit] 
    [junit] 1) A binding to com.google.inject.BinderTest$HasImplementedBy1 was already configured at com.google.inject.BinderTest$19.configure(BinderTest.java:347).
    [junit]   at com.google.inject.BinderTest$19.configure(BinderTest.java:346)
    [junit] 
    [junit] 1 error
    [junit] 	at com.google.inject.internal.Errors.throwCreationExceptionIfErrorsExist(Errors.java:470)
    [junit] 	at com.google.inject.internal.InternalInjectorCreator.initializeStatically(InternalInjectorCreator.java:155)
    [junit] 	at com.google.inject.internal.InternalInjectorCreator.build(InternalInjectorCreator.java:107)
    [junit] 	at com.google.inject.Guice.createInjector(Guice.java:99)
    [junit] 	at com.google.inject.Guice.createInjector(Guice.java:73)
    [junit] 	at com.google.inject.Guice.createInjector(Guice.java:62)
    [junit] 	at com.google.inject.BinderTest.testSettingAtImplementedByTwice(BinderTest.java:343)
    [junit] 	at sun.reflect.NativeMethodAccessorImpl.invoke0(Native Method)
    [junit] 	at sun.reflect.NativeMethodAccessorImpl.invoke(NativeMethodAccessorImpl.java:62)
    [junit] 	at sun.reflect.DelegatingMethodAccessorImpl.invoke(DelegatingMethodAccessorImpl.java:43)
    [junit] 	at java.lang.reflect.Method.invoke(Method.java:497)
    [junit] 	at junit.framework.TestCase.runTest(TestCase.java:154)
    [junit] 	at junit.framework.TestCase.runBare(TestCase.java:127)
    [junit] 	at junit.framework.TestResult$1.protect(TestResult.java:106)
    [junit] 	at junit.framework.TestResult.runProtected(TestResult.java:124)
    [junit] 	at junit.framework.TestResult.run(TestResult.java:109)
    [junit] 	at junit.framework.TestCase.run(TestCase.java:118)
    [junit] 	at junit.framework.TestSuite.runTest(TestSuite.java:208)
    [junit] 	at junit.framework.TestSuite.run(TestSuite.java:203)
    [junit] 	at junit.framework.TestSuite.runTest(TestSuite.java:208)
    [junit] 	at junit.framework.TestSuite.run(TestSuite.java:203)
    [junit] 	at junit.textui.TestRunner.doRun(TestRunner.java:116)
    [junit] 	at junit.textui.TestRunner.start(TestRunner.java:172)
    [junit] 	at junit.textui.TestRunner.main(TestRunner.java:138)
    [junit] Dec 23, 2015 6:49:35 AM com.google.inject.internal.MessageProcessor visit
    [junit] INFO: An exception was caught and reported. Message: java.lang.IllegalArgumentException
    [junit] java.lang.IllegalArgumentException
    [junit] 	at com.google.inject.BinderTest$24.configure(BinderTest.java:450)
    [junit] 	at com.google.inject.AbstractModule.configure(AbstractModule.java:62)
    [junit] 	at com.google.inject.spi.Elements$RecordingBinder.install(Elements.java:340)
    [junit] 	at com.google.inject.spi.Elements.getElements(Elements.java:110)
    [junit] 	at com.google.inject.internal.InjectorShell$Builder.build(InjectorShell.java:138)
    [junit] 	at com.google.inject.internal.InternalInjectorCreator.build(InternalInjectorCreator.java:104)
    [junit] 	at com.google.inject.Guice.createInjector(Guice.java:99)
    [junit] 	at com.google.inject.Guice.createInjector(Guice.java:73)
    [junit] 	at com.google.inject.Guice.createInjector(Guice.java:62)
    [junit] 	at com.google.inject.BinderTest.testUserReportedErrorsAreAlsoLogged(BinderTest.java:447)
    [junit] 	at sun.reflect.NativeMethodAccessorImpl.invoke0(Native Method)
    [junit] 	at sun.reflect.NativeMethodAccessorImpl.invoke(NativeMethodAccessorImpl.java:62)
    [junit] 	at sun.reflect.DelegatingMethodAccessorImpl.invoke(DelegatingMethodAccessorImpl.java:43)
    [junit] 	at java.lang.reflect.Method.invoke(Method.java:497)
    [junit] 	at junit.framework.TestCase.runTest(TestCase.java:154)
    [junit] 	at junit.framework.TestCase.runBare(TestCase.java:127)
    [junit] 	at junit.framework.TestResult$1.protect(TestResult.java:106)
    [junit] 	at junit.framework.TestResult.runProtected(TestResult.java:124)
    [junit] 	at junit.framework.TestResult.run(TestResult.java:109)
    [junit] 	at junit.framework.TestCase.run(TestCase.java:118)
    [junit] 	at junit.framework.TestSuite.runTest(TestSuite.java:208)
    [junit] 	at junit.framework.TestSuite.run(TestSuite.java:203)
    [junit] 	at junit.framework.TestSuite.runTest(TestSuite.java:208)
    [junit] 	at junit.framework.TestSuite.run(TestSuite.java:203)
    [junit] 	at junit.textui.TestRunner.doRun(TestRunner.java:116)
    [junit] 	at junit.textui.TestRunner.start(TestRunner.java:172)
    [junit] 	at junit.textui.TestRunner.main(TestRunner.java:138)
    [junit] 
    [junit] .......................................
    [junit] .........................................
    [junit] .........................................
    [junit] .........................................
    [junit] .........................................
    [junit] .........................................
    [junit] .........................................
    [junit] .......................Dec 23, 2015 6:49:38 AM com.google.inject.internal.MessageProcessor visit
    [junit] INFO: An exception was caught and reported. Message: java.lang.IllegalStateException: Failing in the scanner.
    [junit] java.lang.IllegalStateException: Failing in the scanner.
    [junit] 	at com.google.inject.spi.ModuleAnnotatedMethodScannerTest$FailingScanner.prepareMethod(ModuleAnnotatedMethodScannerTest.java:205)
    [junit] 	at com.google.inject.internal.ProviderMethodsModule.createProviderMethod(ProviderMethodsModule.java:266)
    [junit] 	at com.google.inject.internal.ProviderMethodsModule.getProviderMethods(ProviderMethodsModule.java:144)
    [junit] 	at com.google.inject.internal.ProviderMethodsModule.configure(ProviderMethodsModule.java:123)
    [junit] 	at com.google.inject.spi.Elements$RecordingBinder.install(Elements.java:340)
    [junit] 	at com.google.inject.spi.Elements$RecordingBinder.scanForAnnotatedMethods(Elements.java:295)
    [junit] 	at com.google.inject.spi.Elements.getElements(Elements.java:112)
    [junit] 	at com.google.inject.internal.InjectorShell$Builder.build(InjectorShell.java:138)
    [junit] 	at com.google.inject.internal.InternalInjectorCreator.build(InternalInjectorCreator.java:104)
    [junit] 	at com.google.inject.Guice.createInjector(Guice.java:99)
    [junit] 	at com.google.inject.Guice.createInjector(Guice.java:73)
    [junit] 	at com.google.inject.Guice.createInjector(Guice.java:62)
    [junit] 	at com.google.inject.spi.ModuleAnnotatedMethodScannerTest.testFailingScanner(ModuleAnnotatedMethodScannerTest.java:174)
    [junit] 	at sun.reflect.NativeMethodAccessorImpl.invoke0(Native Method)
    [junit] 	at sun.reflect.NativeMethodAccessorImpl.invoke(NativeMethodAccessorImpl.java:62)
    [junit] 	at sun.reflect.DelegatingMethodAccessorImpl.invoke(DelegatingMethodAccessorImpl.java:43)
    [junit] 	at java.lang.reflect.Method.invoke(Method.java:497)
    [junit] 	at junit.framework.TestCase.runTest(TestCase.java:154)
    [junit] 	at junit.framework.TestCase.runBare(TestCase.java:127)
    [junit] 	at junit.framework.TestResult$1.protect(TestResult.java:106)
    [junit] 	at junit.framework.TestResult.runProtected(TestResult.java:124)
    [junit] 	at junit.framework.TestResult.run(TestResult.java:109)
    [junit] 	at junit.framework.TestCase.run(TestCase.java:118)
    [junit] 	at junit.framework.TestSuite.runTest(TestSuite.java:208)
    [junit] 	at junit.framework.TestSuite.run(TestSuite.java:203)
    [junit] 	at junit.framework.TestSuite.runTest(TestSuite.java:208)
    [junit] 	at junit.framework.TestSuite.run(TestSuite.java:203)
    [junit] 	at junit.textui.TestRunner.doRun(TestRunner.java:116)
    [junit] 	at junit.textui.TestRunner.start(TestRunner.java:172)
    [junit] 	at junit.textui.TestRunner.main(TestRunner.java:138)
    [junit] 
    [junit] ..................
    [junit] .........................................
    [junit] .........................................
    [junit] .........................................
    [junit] .........................................
    [junit] .........................................
    [junit] .........................................
    [junit] .........................................
    [junit] .........................................
    [junit] .....................................Dec 23, 2015 6:49:40 AM com.google.inject.spi.InjectionPoint getInjectionPoints
    [junit] WARNING: Method: public void com.google.inject.spi.InjectionPointTest$Sub.atInject() is not annotated with @Inject but is overriding a method that is annotated with @javax.inject.Inject.  Because it is not annotated with @Inject, the method will not be injected. To fix this, annotate the method with @Inject.
    [junit] Dec 23, 2015 6:49:40 AM com.google.inject.spi.InjectionPoint getInjectionPoints
    [junit] WARNING: Method: public void com.google.inject.spi.InjectionPointTest$Sub.atInject() is not annotated with @Inject but is overriding a method that is annotated with @javax.inject.Inject.  Because it is not annotated with @Inject, the method will not be injected. To fix this, annotate the method with @Inject.
    [junit] Dec 23, 2015 6:49:40 AM com.google.inject.spi.InjectionPoint getInjectionPoints
    [junit] WARNING: Method: public void com.google.inject.spi.InjectionPointTest$SubSub.privateGAndPublicAt() is not annotated with @Inject but is overriding a method that is annotated with @javax.inject.Inject.  Because it is not annotated with @Inject, the method will not be injected. To fix this, annotate the method with @Inject.
    [junit] ....
    [junit] .........................................
    [junit] .........................................
    [junit] .....................aopalliance.jar 9 4569
    [junit] javax.inject.jar 6 2839
    [junit] Should not skip: ^
    [junit] Should not skip: ^
    [junit] Should not skip: ^
    [junit] Should not skip: ^
    [junit] Should not skip: ^
    [junit] Should not skip: ^
    [junit] Should not skip: ^
    [junit] Should not skip: ^
    [junit] Should not skip: ^
    [junit] Should not skip: ^
    [junit] Should not skip: ^
    [junit] guava.jar 1687 2226801
    [junit] osgitests.jar 28 20580
    [junit] ..............
    [junit] Time: 7.95
    [junit] 
    [junit] OK (896 tests)
    [junit] 

BUILD SUCCESSFUL
Total time: 57 seconds
travis_time:end:0fa3fd10:start=1450853326333799730,finish=1450853383838615573,duration=57504815843[0K
[32;1mThe command "${CMD}" exited with 0.[0m
travis_fold:start:after_success.1[0Ktravis_time:start:09b8e7e0[0K$ util/generate-latest-docs.sh
travis_time:end:09b8e7e0:start=1450853383843452523,finish=1450853383851703977,duration=8251454[0Ktravis_fold:end:after_success.1[0Ktravis_fold:start:after_success.2[0Ktravis_time:start:05b8e0f8[0K$ util/compareBuilds.sh
travis_time:end:05b8e0f8:start=1450853383855908814,finish=1450853383860883488,duration=4974674[0Ktravis_fold:end:after_success.2[0Ktravis_fold:start:after_success.3[0Ktravis_time:start:0e47dcf8[0K$ util/publish-snapshot-on-commit.sh
travis_time:end:0e47dcf8:start=1450853383865170800,finish=1450853383872823744,duration=7652944[0Ktravis_fold:end:after_success.3[0K
Done. Your build exited with 0.
