Using worker: worker-linux-docker-b81e6c41.prod.travis-ci.org:travis-linux-4

travis_fold:start:system_info[0K[33;1mBuild system information[0m
Build language: java
Build group: stable
Build dist: precise
[34m[1mBuild image provisioning date and time[0m
Thu Feb  5 15:09:33 UTC 2015
[34m[1mOperating System Details[0m
Distributor ID:	Ubuntu
Description:	Ubuntu 12.04.5 LTS
Release:	12.04
Codename:	precise
[34m[1mLinux Version[0m
3.13.0-29-generic
[34m[1mCookbooks Version[0m
a68419e https://github.com/travis-ci/travis-cookbooks/tree/a68419e
[34m[1mGCC version[0m
gcc (Ubuntu/Linaro 4.6.3-1ubuntu5) 4.6.3
Copyright (C) 2011 Free Software Foundation, Inc.
This is free software; see the source for copying conditions.  There is NO
warranty; not even for MERCHANTABILITY or FITNESS FOR A PARTICULAR PURPOSE.

[34m[1mLLVM version[0m
clang version 3.4 (tags/RELEASE_34/final)
Target: x86_64-unknown-linux-gnu
Thread model: posix
[34m[1mPre-installed Ruby versions[0m
ruby-1.9.3-p551
[34m[1mPre-installed Node.js versions[0m
v0.10.36
[34m[1mPre-installed Go versions[0m
1.4.1
[34m[1mRedis version[0m
redis-server 2.8.19
[34m[1mriak version[0m
2.0.2
[34m[1mMongoDB version[0m
MongoDB 2.4.12
[34m[1mCouchDB version[0m
couchdb 1.6.1
[34m[1mNeo4j version[0m
1.9.4
[34m[1mRabbitMQ Version[0m
3.4.3
[34m[1mElasticSearch version[0m
1.4.0
[34m[1mInstalled Sphinx versions[0m
2.0.10
2.1.9
2.2.6
[34m[1mDefault Sphinx version[0m
2.2.6
[34m[1mInstalled Firefox version[0m
firefox 31.0esr
[34m[1mPhantomJS version[0m
1.9.8
[34m[1mant -version[0m
Apache Ant(TM) version 1.8.2 compiled on December 3 2011
[34m[1mmvn -version[0m
Apache Maven 3.2.5 (12a6b3acb947671f09b81f49094c53f426d8cea1; 2014-12-14T17:29:23+00:00)
Maven home: /usr/local/maven
Java version: 1.7.0_76, vendor: Oracle Corporation
Java home: /usr/lib/jvm/java-7-oracle/jre
Default locale: en_US, platform encoding: ANSI_X3.4-1968
OS name: "linux", version: "3.13.0-29-generic", arch: "amd64", family: "unix"
travis_fold:end:system_info[0K
travis_fold:start:git.checkout[0Ktravis_time:start:22d15d54[0K$ git clone --depth=50 https://github.com/google/guice.git google/guice
Cloning into 'google/guice'...
remote: Counting objects: 2787, done.[K
remote: Compressing objects:   0% (1/1392)   [Kremote: Compressing objects:   1% (14/1392)   [Kremote: Compressing objects:   2% (28/1392)   [Kremote: Compressing objects:   3% (42/1392)   [Kremote: Compressing objects:   4% (56/1392)   [Kremote: Compressing objects:   5% (70/1392)   [Kremote: Compressing objects:   6% (84/1392)   [Kremote: Compressing objects:   7% (98/1392)   [Kremote: Compressing objects:   8% (112/1392)   [Kremote: Compressing objects:   9% (126/1392)   [Kremote: Compressing objects:  10% (140/1392)   [Kremote: Compressing objects:  11% (154/1392)   [Kremote: Compressing objects:  12% (168/1392)   [Kremote: Compressing objects:  13% (181/1392)   [Kremote: Compressing objects:  14% (195/1392)   [Kremote: Compressing objects:  15% (209/1392)   [Kremote: Compressing objects:  16% (223/1392)   [Kremote: Compressing objects:  17% (237/1392)   [Kremote: Compressing objects:  18% (251/1392)   [Kremote: Compressing objects:  19% (265/1392)   [Kremote: Compressing objects:  20% (279/1392)   [Kremote: Compressing objects:  21% (293/1392)   [Kremote: Compressing objects:  22% (307/1392)   [Kremote: Compressing objects:  23% (321/1392)   [Kremote: Compressing objects:  24% (335/1392)   [Kremote: Compressing objects:  25% (348/1392)   [Kremote: Compressing objects:  26% (362/1392)   [Kremote: Compressing objects:  27% (376/1392)   [Kremote: Compressing objects:  28% (390/1392)   [Kremote: Compressing objects:  29% (404/1392)   [Kremote: Compressing objects:  30% (418/1392)   [Kremote: Compressing objects:  31% (432/1392)   [Kremote: Compressing objects:  32% (446/1392)   [Kremote: Compressing objects:  33% (460/1392)   [Kremote: Compressing objects:  34% (474/1392)   [Kremote: Compressing objects:  35% (488/1392)   [Kremote: Compressing objects:  36% (502/1392)   [Kremote: Compressing objects:  37% (516/1392)   [Kremote: Compressing objects:  38% (529/1392)   [Kremote: Compressing objects:  39% (543/1392)   [Kremote: Compressing objects:  40% (557/1392)   [Kremote: Compressing objects:  41% (571/1392)   [Kremote: Compressing objects:  42% (585/1392)   [Kremote: Compressing objects:  43% (599/1392)   [Kremote: Compressing objects:  44% (613/1392)   [Kremote: Compressing objects:  45% (627/1392)   [Kremote: Compressing objects:  46% (641/1392)   [Kremote: Compressing objects:  47% (655/1392)   [Kremote: Compressing objects:  48% (669/1392)   [Kremote: Compressing objects:  49% (683/1392)   [Kremote: Compressing objects:  50% (696/1392)   [Kremote: Compressing objects:  51% (710/1392)   [Kremote: Compressing objects:  52% (724/1392)   [Kremote: Compressing objects:  53% (738/1392)   [Kremote: Compressing objects:  54% (752/1392)   [Kremote: Compressing objects:  55% (766/1392)   [Kremote: Compressing objects:  56% (780/1392)   [Kremote: Compressing objects:  57% (794/1392)   [Kremote: Compressing objects:  58% (808/1392)   [Kremote: Compressing objects:  59% (822/1392)   [Kremote: Compressing objects:  60% (836/1392)   [Kremote: Compressing objects:  61% (850/1392)   [Kremote: Compressing objects:  62% (864/1392)   [Kremote: Compressing objects:  63% (877/1392)   [Kremote: Compressing objects:  64% (891/1392)   [Kremote: Compressing objects:  65% (905/1392)   [Kremote: Compressing objects:  66% (919/1392)   [Kremote: Compressing objects:  67% (933/1392)   [Kremote: Compressing objects:  68% (947/1392)   [Kremote: Compressing objects:  69% (961/1392)   [Kremote: Compressing objects:  70% (975/1392)   [Kremote: Compressing objects:  71% (989/1392)   [Kremote: Compressing objects:  72% (1003/1392)   [Kremote: Compressing objects:  73% (1017/1392)   [Kremote: Compressing objects:  74% (1031/1392)   [Kremote: Compressing objects:  75% (1044/1392)   [Kremote: Compressing objects:  76% (1058/1392)   [Kremote: Compressing objects:  77% (1072/1392)   [Kremote: Compressing objects:  78% (1086/1392)   [Kremote: Compressing objects:  79% (1100/1392)   [Kremote: Compressing objects:  80% (1114/1392)   [Kremote: Compressing objects:  81% (1128/1392)   [Kremote: Compressing objects:  82% (1142/1392)   [Kremote: Compressing objects:  83% (1156/1392)   [Kremote: Compressing objects:  84% (1170/1392)   [Kremote: Compressing objects:  85% (1184/1392)   [Kremote: Compressing objects:  86% (1198/1392)   [Kremote: Compressing objects:  87% (1212/1392)   [Kremote: Compressing objects:  88% (1225/1392)   [Kremote: Compressing objects:  89% (1239/1392)   [Kremote: Compressing objects:  90% (1253/1392)   [Kremote: Compressing objects:  91% (1267/1392)   [Kremote: Compressing objects:  92% (1281/1392)   [Kremote: Compressing objects:  93% (1295/1392)   [Kremote: Compressing objects:  94% (1309/1392)   [Kremote: Compressing objects:  95% (1323/1392)   [Kremote: Compressing objects:  96% (1337/1392)   [Kremote: Compressing objects:  97% (1351/1392)   [Kremote: Compressing objects:  98% (1365/1392)   [Kremote: Compressing objects:  99% (1379/1392)   [Kremote: Compressing objects: 100% (1392/1392)   [Kremote: Compressing objects: 100% (1392/1392), done.[K
Receiving objects:   0% (1/2787)   Receiving objects:   1% (28/2787)   Receiving objects:   2% (56/2787)   Receiving objects:   3% (84/2787)   Receiving objects:   4% (112/2787)   Receiving objects:   5% (140/2787)   Receiving objects:   6% (168/2787)   Receiving objects:   7% (196/2787)   Receiving objects:   8% (223/2787)   Receiving objects:   9% (251/2787)   Receiving objects:  10% (279/2787)   Receiving objects:  11% (307/2787)   Receiving objects:  12% (335/2787)   Receiving objects:  13% (363/2787)   Receiving objects:  14% (391/2787)   Receiving objects:  15% (419/2787)   Receiving objects:  16% (446/2787)   Receiving objects:  17% (474/2787)   Receiving objects:  18% (502/2787)   Receiving objects:  19% (530/2787)   Receiving objects:  20% (558/2787)   Receiving objects:  21% (586/2787)   Receiving objects:  22% (614/2787)   Receiving objects:  23% (642/2787)   Receiving objects:  24% (669/2787)   Receiving objects:  25% (697/2787)   Receiving objects:  26% (725/2787)   Receiving objects:  27% (753/2787)   Receiving objects:  28% (781/2787)   Receiving objects:  29% (809/2787)   Receiving objects:  30% (837/2787)   Receiving objects:  31% (864/2787)   Receiving objects:  32% (892/2787)   Receiving objects:  33% (920/2787)   Receiving objects:  34% (948/2787)   Receiving objects:  35% (976/2787)   Receiving objects:  36% (1004/2787)   Receiving objects:  37% (1032/2787)   Receiving objects:  38% (1060/2787)   Receiving objects:  39% (1087/2787)   Receiving objects:  40% (1115/2787), 7.91 MiB | 15.78 MiB/s   Receiving objects:  41% (1143/2787), 7.91 MiB | 15.78 MiB/s   Receiving objects:  42% (1171/2787), 7.91 MiB | 15.78 MiB/s   Receiving objects:  43% (1199/2787), 7.91 MiB | 15.78 MiB/s   Receiving objects:  44% (1227/2787), 7.91 MiB | 15.78 MiB/s   Receiving objects:  44% (1230/2787), 22.76 MiB | 22.71 MiB/s   Receiving objects:  45% (1255/2787), 22.76 MiB | 22.71 MiB/s   Receiving objects:  46% (1283/2787), 22.76 MiB | 22.71 MiB/s   Receiving objects:  47% (1310/2787), 22.76 MiB | 22.71 MiB/s   Receiving objects:  48% (1338/2787), 22.76 MiB | 22.71 MiB/s   Receiving objects:  49% (1366/2787), 22.76 MiB | 22.71 MiB/s   Receiving objects:  50% (1394/2787), 22.76 MiB | 22.71 MiB/s   Receiving objects:  51% (1422/2787), 22.76 MiB | 22.71 MiB/s   Receiving objects:  52% (1450/2787), 22.76 MiB | 22.71 MiB/s   Receiving objects:  53% (1478/2787), 22.76 MiB | 22.71 MiB/s   Receiving objects:  54% (1505/2787), 22.76 MiB | 22.71 MiB/s   Receiving objects:  55% (1533/2787), 22.76 MiB | 22.71 MiB/s   Receiving objects:  56% (1561/2787), 22.76 MiB | 22.71 MiB/s   Receiving objects:  57% (1589/2787), 22.76 MiB | 22.71 MiB/s   Receiving objects:  58% (1617/2787), 22.76 MiB | 22.71 MiB/s   Receiving objects:  59% (1645/2787), 22.76 MiB | 22.71 MiB/s   Receiving objects:  60% (1673/2787), 22.76 MiB | 22.71 MiB/s   Receiving objects:  61% (1701/2787), 22.76 MiB | 22.71 MiB/s   Receiving objects:  62% (1728/2787), 22.76 MiB | 22.71 MiB/s   Receiving objects:  63% (1756/2787), 22.76 MiB | 22.71 MiB/s   Receiving objects:  64% (1784/2787), 22.76 MiB | 22.71 MiB/s   Receiving objects:  65% (1812/2787), 22.76 MiB | 22.71 MiB/s   Receiving objects:  66% (1840/2787), 22.76 MiB | 22.71 MiB/s   Receiving objects:  67% (1868/2787), 22.76 MiB | 22.71 MiB/s   Receiving objects:  68% (1896/2787), 22.76 MiB | 22.71 MiB/s   Receiving objects:  69% (1924/2787), 22.76 MiB | 22.71 MiB/s   Receiving objects:  70% (1951/2787), 22.76 MiB | 22.71 MiB/s   Receiving objects:  71% (1979/2787), 22.76 MiB | 22.71 MiB/s   Receiving objects:  72% (2007/2787), 22.76 MiB | 22.71 MiB/s   Receiving objects:  73% (2035/2787), 22.76 MiB | 22.71 MiB/s   Receiving objects:  74% (2063/2787), 22.76 MiB | 22.71 MiB/s   Receiving objects:  75% (2091/2787), 22.76 MiB | 22.71 MiB/s   Receiving objects:  76% (2119/2787), 22.76 MiB | 22.71 MiB/s   Receiving objects:  77% (2146/2787), 22.76 MiB | 22.71 MiB/s   Receiving objects:  78% (2174/2787), 22.76 MiB | 22.71 MiB/s   Receiving objects:  79% (2202/2787), 22.76 MiB | 22.71 MiB/s   Receiving objects:  80% (2230/2787), 22.76 MiB | 22.71 MiB/s   Receiving objects:  81% (2258/2787), 22.76 MiB | 22.71 MiB/s   Receiving objects:  82% (2286/2787), 22.76 MiB | 22.71 MiB/s   Receiving objects:  83% (2314/2787), 22.76 MiB | 22.71 MiB/s   Receiving objects:  84% (2342/2787), 22.76 MiB | 22.71 MiB/s   Receiving objects:  85% (2369/2787), 22.76 MiB | 22.71 MiB/s   Receiving objects:  86% (2397/2787), 22.76 MiB | 22.71 MiB/s   Receiving objects:  87% (2425/2787), 22.76 MiB | 22.71 MiB/s   Receiving objects:  88% (2453/2787), 22.76 MiB | 22.71 MiB/s   Receiving objects:  89% (2481/2787), 22.76 MiB | 22.71 MiB/s   Receiving objects:  90% (2509/2787), 22.76 MiB | 22.71 MiB/s   Receiving objects:  91% (2537/2787), 22.76 MiB | 22.71 MiB/s   Receiving objects:  92% (2565/2787), 22.76 MiB | 22.71 MiB/s   Receiving objects:  93% (2592/2787), 22.76 MiB | 22.71 MiB/s   Receiving objects:  94% (2620/2787), 22.76 MiB | 22.71 MiB/s   Receiving objects:  95% (2648/2787), 22.76 MiB | 22.71 MiB/s   Receiving objects:  96% (2676/2787), 22.76 MiB | 22.71 MiB/s   Receiving objects:  97% (2704/2787), 22.76 MiB | 22.71 MiB/s   Receiving objects:  98% (2732/2787), 22.76 MiB | 22.71 MiB/s   remote: Total 2787 (delta 1178), reused 1996 (delta 667), pack-reused 0[K
Receiving objects:  99% (2760/2787), 22.76 MiB | 22.71 MiB/s   Receiving objects: 100% (2787/2787), 22.76 MiB | 22.71 MiB/s   Receiving objects: 100% (2787/2787), 25.26 MiB | 22.71 MiB/s, done.
Resolving deltas:   0% (0/1178)   Resolving deltas:   1% (13/1178)   Resolving deltas:   2% (24/1178)   Resolving deltas:   4% (48/1178)   Resolving deltas:   8% (103/1178)   Resolving deltas:   9% (107/1178)   Resolving deltas:  10% (119/1178)   Resolving deltas:  11% (131/1178)   Resolving deltas:  12% (142/1178)   Resolving deltas:  13% (155/1178)   Resolving deltas:  17% (210/1178)   Resolving deltas:  18% (218/1178)   Resolving deltas:  19% (224/1178)   Resolving deltas:  20% (237/1178)   Resolving deltas:  22% (268/1178)   Resolving deltas:  23% (280/1178)   Resolving deltas:  24% (292/1178)   Resolving deltas:  25% (295/1178)   Resolving deltas:  26% (310/1178)   Resolving deltas:  27% (319/1178)   Resolving deltas:  28% (334/1178)   Resolving deltas:  29% (344/1178)   Resolving deltas:  30% (356/1178)   Resolving deltas:  32% (382/1178)   Resolving deltas:  33% (390/1178)   Resolving deltas:  34% (401/1178)   Resolving deltas:  35% (417/1178)   Resolving deltas:  36% (432/1178)   Resolving deltas:  37% (436/1178)   Resolving deltas:  40% (472/1178)   Resolving deltas:  41% (483/1178)   Resolving deltas:  42% (502/1178)   Resolving deltas:  43% (508/1178)   Resolving deltas:  44% (519/1178)   Resolving deltas:  45% (531/1178)   Resolving deltas:  46% (542/1178)   Resolving deltas:  47% (559/1178)   Resolving deltas:  48% (573/1178)   Resolving deltas:  49% (578/1178)   Resolving deltas:  50% (592/1178)   Resolving deltas:  52% (613/1178)   Resolving deltas:  53% (628/1178)   Resolving deltas:  54% (639/1178)   Resolving deltas:  55% (648/1178)   Resolving deltas:  56% (660/1178)   Resolving deltas:  57% (672/1178)   Resolving deltas:  58% (687/1178)   Resolving deltas:  59% (703/1178)   Resolving deltas:  60% (710/1178)   Resolving deltas:  61% (720/1178)   Resolving deltas:  62% (733/1178)   Resolving deltas:  63% (743/1178)   Resolving deltas:  64% (755/1178)   Resolving deltas:  65% (770/1178)   Resolving deltas:  66% (781/1178)   Resolving deltas:  67% (792/1178)   Resolving deltas:  68% (806/1178)   Resolving deltas:  69% (817/1178)   Resolving deltas:  70% (826/1178)   Resolving deltas:  71% (838/1178)   Resolving deltas:  72% (849/1178)   Resolving deltas:  73% (860/1178)   Resolving deltas:  74% (872/1178)   Resolving deltas:  75% (885/1178)   Resolving deltas:  76% (900/1178)   Resolving deltas:  77% (917/1178)   Resolving deltas:  78% (919/1178)   Resolving deltas:  79% (935/1178)   Resolving deltas:  80% (953/1178)   Resolving deltas:  81% (961/1178)   Resolving deltas:  86% (1023/1178)   Resolving deltas:  87% (1026/1178)   Resolving deltas:  88% (1044/1178)   Resolving deltas:  89% (1053/1178)   Resolving deltas:  90% (1061/1178)   Resolving deltas:  91% (1073/1178)   Resolving deltas:  92% (1085/1178)   Resolving deltas:  93% (1096/1178)   Resolving deltas:  94% (1108/1178)   Resolving deltas:  95% (1120/1178)   Resolving deltas:  97% (1148/1178)   Resolving deltas:  98% (1156/1178)   Resolving deltas:  99% (1167/1178)   Resolving deltas: 100% (1178/1178)   Resolving deltas: 100% (1178/1178), done.
Checking connectivity... done.
travis_time:end:22d15d54:start=1452246138412312108,finish=1452246140798626513,duration=2386314405[0K$ cd google/guice
travis_time:start:001aca68[0K$ git fetch origin +refs/pull/976/merge:
remote: Counting objects: 11, done.[K
remote: Compressing objects:  50% (1/2)   [Kremote: Compressing objects: 100% (2/2)   [Kremote: Compressing objects: 100% (2/2), done.[K
remote: Total 11 (delta 5), reused 10 (delta 5), pack-reused 0[K
Unpacking objects:   9% (1/11)   Unpacking objects:  18% (2/11)   Unpacking objects:  27% (3/11)   Unpacking objects:  36% (4/11)   Unpacking objects:  45% (5/11)   Unpacking objects:  54% (6/11)   Unpacking objects:  63% (7/11)   Unpacking objects:  72% (8/11)   Unpacking objects:  81% (9/11)   Unpacking objects:  90% (10/11)   Unpacking objects: 100% (11/11)   Unpacking objects: 100% (11/11), done.
From https://github.com/google/guice
 * branch            refs/pull/976/merge -> FETCH_HEAD
travis_time:end:001aca68:start=1452246140802674903,finish=1452246141087859038,duration=285184135[0K$ git checkout -qf FETCH_HEAD
travis_fold:end:git.checkout[0K
[33;1mThis job is running on container-based infrastructure, which does not allow use of 'sudo', setuid and setguid executables.[0m
[33;1mIf you require sudo, add 'sudo: required' to your .travis.yml[0m
[33;1mSee http://docs.travis-ci.com/user/workers/container-based-infrastructure/ for details.[0m

[33;1mSetting environment variables from .travis.yml[0m
$ export LABEL=ant
$ export CMD="ant dist test.dist"
$ export INSTALL="/bin/true"

travis_fold:start:cache.1[0KSetting up build cache
$ export CASHER_DIR=$HOME/.casher
travis_time:start:16e237ed[0K$ Installing caching utilities
travis_time:end:16e237ed:start=1452246143338590527,finish=1452246143369302928,duration=30712401[0Ktravis_time:start:20346f12[0Ktravis_time:end:20346f12:start=1452246143375862283,finish=1452246143380257338,duration=4395055[0Ktravis_time:start:0a1d6222[0K[32;1mattempting to download cache archive[0m
[32;1mfetching PR.976/cache--jdk-oraclejdk8.tgz[0m
[32;1mfetching PR.976/cache--jdk-oraclejdk8.tbz[0m
[32;1mfetching master/cache--jdk-oraclejdk8.tgz[0m
[32;1mfound cache[0m
travis_time:end:0a1d6222:start=1452246143385320487,finish=1452246144908614359,duration=1523293872[0Ktravis_time:start:09f39d89[0Ktravis_time:end:09f39d89:start=1452246144913941494,finish=1452246144918404392,duration=4462898[0Ktravis_time:start:2591eb83[0K[32;1madding /home/travis/.m2 to cache[0m
travis_time:end:2591eb83:start=1452246144923466802,finish=1452246146501715841,duration=1578249039[0Ktravis_fold:end:cache.1[0K$ jdk_switcher use oraclejdk8
Switching to Oracle JDK8 (java-8-oracle), JAVA_HOME will be set to /usr/lib/jvm/java-8-oracle
$ java -Xmx32m -version
java version "1.8.0_31"
Java(TM) SE Runtime Environment (build 1.8.0_31-b13)
Java HotSpot(TM) 64-Bit Server VM (build 25.31-b07, mixed mode)
$ javac -J-Xmx32m -version
javac 1.8.0_31
travis_fold:start:install[0Ktravis_time:start:107845ec[0K$ ${INSTALL}
travis_time:end:107845ec:start=1452246147124853254,finish=1452246147131429123,duration=6575869[0Ktravis_fold:end:install[0Ktravis_time:start:057b3d3b[0K$ ${CMD}
Buildfile: /home/travis/build/google/guice/build.xml

source.jar:
    [mkdir] Created dir: /home/travis/build/google/guice/build
      [zip] Building zip: /home/travis/build/google/guice/build/guice-snapshot-src.jar

compile:
    [mkdir] Created dir: /home/travis/build/google/guice/build/classes
    [javac] Compiling 193 source files to /home/travis/build/google/guice/build/classes
    [javac] warning: [options] bootstrap class path not set in conjunction with -source 1.6
    [javac] /home/travis/build/google/guice/core/src/com/google/inject/Binder.java:430: warning: [rawtypes] found raw type: Class
    [javac]   Binder skipSources(Class... classesToSkip);
    [javac]                      ^
    [javac]   missing type arguments for generic class Class<T>
    [javac]   where T is a type-variable:
    [javac]     T extends Object declared in class Class
    [javac] /home/travis/build/google/guice/core/src/com/google/inject/internal/Annotations.java:90: warning: [unchecked] unchecked cast
    [javac]     return (T)cache.getUnchecked(annotationType);
    [javac]                                 ^
    [javac]   required: T
    [javac]   found:    Annotation
    [javac]   where T is a type-variable:
    [javac]     T extends Annotation declared in method <T>generateAnnotation(Class<T>)
    [javac] /home/travis/build/google/guice/core/src/com/google/inject/internal/Annotations.java:253: warning: [unchecked] unchecked generic array creation for varargs parameter of type Class<? extends Annotation>[]
    [javac]       Arrays.asList(ScopeAnnotation.class, javax.inject.Scope.class));
    [javac]                    ^
    [javac] /home/travis/build/google/guice/core/src/com/google/inject/internal/Annotations.java:308: warning: [unchecked] unchecked generic array creation for varargs parameter of type Class<? extends Annotation>[]
    [javac]       Arrays.asList(BindingAnnotation.class, Qualifier.class));
    [javac]                    ^
    [javac] /home/travis/build/google/guice/core/src/com/google/inject/internal/MoreTypes.java:291: warning: [rawtypes] found raw type: Class
    [javac]       Class[] interfaces = rawType.getInterfaces();
    [javac]       ^
    [javac]   missing type arguments for generic class Class<T>
    [javac]   where T is a type-variable:
    [javac]     T extends Object declared in class Class
    [javac] /home/travis/build/google/guice/core/src/com/google/inject/internal/MoreTypes.java:318: warning: [rawtypes] found raw type: TypeVariable
    [javac]   public static Type resolveTypeVariable(Type type, Class<?> rawType, TypeVariable unknown) {
    [javac]                                                                       ^
    [javac]   missing type arguments for generic class TypeVariable<D>
    [javac]   where D is a type-variable:
    [javac]     D extends GenericDeclaration declared in interface TypeVariable
    [javac] /home/travis/build/google/guice/core/src/com/google/inject/internal/MoreTypes.java:348: warning: [rawtypes] found raw type: TypeVariable
    [javac]   private static Class<?> declaringClassOf(TypeVariable typeVariable) {
    [javac]                                            ^
    [javac]   missing type arguments for generic class TypeVariable<D>
    [javac]   where D is a type-variable:
    [javac]     D extends GenericDeclaration declared in interface TypeVariable
    [javac] /home/travis/build/google/guice/core/src/com/google/inject/internal/MoreTypes.java:433: warning: [rawtypes] found raw type: Class
    [javac]         Class rawTypeAsClass = (Class) rawType;
    [javac]         ^
    [javac]   missing type arguments for generic class Class<T>
    [javac]   where T is a type-variable:
    [javac]     T extends Object declared in class Class
    [javac] /home/travis/build/google/guice/core/src/com/google/inject/TypeLiteral.java:188: warning: [rawtypes] found raw type: TypeVariable
    [javac]         TypeVariable original = (TypeVariable) toResolve;
    [javac]         ^
    [javac]   missing type arguments for generic class TypeVariable<D>
    [javac]   where D is a type-variable:
    [javac]     D extends GenericDeclaration declared in interface TypeVariable
    [javac] /home/travis/build/google/guice/core/src/com/google/inject/spi/Dependency.java:109: warning: [rawtypes] found raw type: Dependency
    [javac]       Dependency dependency = (Dependency) o;
    [javac]       ^
    [javac]   missing type arguments for generic class Dependency<T>
    [javac]   where T is a type-variable:
    [javac]     T extends Object declared in class Dependency
    [javac] /home/travis/build/google/guice/core/src/com/google/inject/PrivateBinder.java:49: warning: [rawtypes] found raw type: Class
    [javac]   PrivateBinder skipSources(Class... classesToSkip);
    [javac]                             ^
    [javac]   missing type arguments for generic class Class<T>
    [javac]   where T is a type-variable:
    [javac]     T extends Object declared in class Class
    [javac] /home/travis/build/google/guice/core/src/com/google/inject/internal/Errors.java:150: warning: [rawtypes] found raw type: Key
    [javac]   public Errors missingImplementation(Key key) {
    [javac]                                       ^
    [javac]   missing type arguments for generic class Key<T>
    [javac]   where T is a type-variable:
    [javac]     T extends Object declared in class Key
    [javac] /home/travis/build/google/guice/core/src/com/google/inject/internal/Errors.java:154: warning: [rawtypes] found raw type: Key
    [javac]   public Errors jitDisabled(Key key) {
    [javac]                             ^
    [javac]   missing type arguments for generic class Key<T>
    [javac]   where T is a type-variable:
    [javac]     T extends Object declared in class Key
    [javac] /home/travis/build/google/guice/core/src/com/google/inject/internal/Errors.java:165: warning: [rawtypes] found raw type: Class
    [javac]   public Errors atInjectRequired(Class clazz) {
    [javac]                                  ^
    [javac]   missing type arguments for generic class Class<T>
    [javac]   where T is a type-variable:
    [javac]     T extends Object declared in class Class
    [javac] /home/travis/build/google/guice/core/src/com/google/inject/internal/Errors.java:233: warning: [rawtypes] found raw type: Constructor
    [javac]   public Errors optionalConstructor(Constructor constructor) {
    [javac]                                     ^
    [javac]   missing type arguments for generic class Constructor<T>
    [javac]   where T is a type-variable:
    [javac]     T extends Object declared in class Constructor
    [javac] /home/travis/build/google/guice/core/src/com/google/inject/internal/Errors.java:712: warning: [rawtypes] found raw type: Class
    [javac]       new Converter<Class>(Class.class) {
    [javac]                     ^
    [javac]   missing type arguments for generic class Class<T>
    [javac]   where T is a type-variable:
    [javac]     T extends Object declared in class Class
    [javac] /home/travis/build/google/guice/core/src/com/google/inject/internal/Errors.java:713: warning: [rawtypes] found raw type: Class
    [javac]         @Override public String toString(Class c) {
    [javac]                                          ^
    [javac]   missing type arguments for generic class Class<T>
    [javac]   where T is a type-variable:
    [javac]     T extends Object declared in class Class
    [javac] /home/travis/build/google/guice/core/src/com/google/inject/internal/Errors.java:722: warning: [rawtypes] found raw type: Key
    [javac]       new Converter<Key>(Key.class) {
    [javac]                     ^
    [javac]   missing type arguments for generic class Key<T>
    [javac]   where T is a type-variable:
    [javac]     T extends Object declared in class Key
    [javac] /home/travis/build/google/guice/core/src/com/google/inject/internal/Errors.java:723: warning: [rawtypes] found raw type: Key
    [javac]         @Override public String toString(Key key) {
    [javac]                                          ^
    [javac]   missing type arguments for generic class Key<T>
    [javac]   where T is a type-variable:
    [javac]     T extends Object declared in class Key
    [javac] /home/travis/build/google/guice/core/src/com/google/inject/spi/InjectionPoint.java:833: warning: [rawtypes] found raw type: Class
    [javac]     final Class[] parameterTypes;
    [javac]           ^
    [javac]   missing type arguments for generic class Class<T>
    [javac]   where T is a type-variable:
    [javac]     T extends Object declared in class Class
    [javac] /home/travis/build/google/guice/core/src/com/google/inject/spi/InjectionPoint.java:842: warning: [rawtypes] found raw type: Class
    [javac]       for (Class parameterType : parameterTypes) {
    [javac]            ^
    [javac]   missing type arguments for generic class Class<T>
    [javac]   where T is a type-variable:
    [javac]     T extends Object declared in class Class
    [javac] /home/travis/build/google/guice/core/src/com/google/inject/internal/util/StackTraceElements.java:63: warning: [rawtypes] found raw type: Class
    [javac]     Class declaringClass = member.getDeclaringClass();
    [javac]     ^
    [javac]   missing type arguments for generic class Class<T>
    [javac]   where T is a type-variable:
    [javac]     T extends Object declared in class Class
    [javac] /home/travis/build/google/guice/core/src/com/google/inject/internal/util/LineNumbers.java:47: warning: [rawtypes] found raw type: Class
    [javac]   private final Class type;
    [javac]                 ^
    [javac]   missing type arguments for generic class Class<T>
    [javac]   where T is a type-variable:
    [javac]     T extends Object declared in class Class
    [javac] /home/travis/build/google/guice/core/src/com/google/inject/internal/util/LineNumbers.java:59: warning: [rawtypes] found raw type: Class
    [javac]   public LineNumbers(Class type) throws IOException {
    [javac]                      ^
    [javac]   missing type arguments for generic class Class<T>
    [javac]   where T is a type-variable:
    [javac]     T extends Object declared in class Class
    [javac] /home/travis/build/google/guice/core/src/com/google/inject/internal/util/LineNumbers.java:110: warning: [rawtypes] found raw type: Class
    [javac]       for (Class param : ((Constructor) member).getParameterTypes()) {
    [javac]            ^
    [javac]   missing type arguments for generic class Class<T>
    [javac]   where T is a type-variable:
    [javac]     T extends Object declared in class Class
    [javac] /home/travis/build/google/guice/core/src/com/google/inject/internal/InjectorImpl.java:361: warning: [rawtypes] found raw type: Dependency
    [javac]         public Provider<T> get(Errors errors, InternalContext context, Dependency dependency, boolean linked) {
    [javac]                                                                        ^
    [javac]   missing type arguments for generic class Dependency<T>
    [javac]   where T is a type-variable:
    [javac]     T extends Object declared in class Dependency
    [javac] /home/travis/build/google/guice/core/src/com/google/inject/internal/InjectorImpl.java:556: warning: [rawtypes] found raw type: Key
    [javac]           cleanup(binding, new HashSet<Key>());
    [javac]                                        ^
    [javac]   missing type arguments for generic class Key<T>
    [javac]   where T is a type-variable:
    [javac]     T extends Object declared in class Key
    [javac] /home/travis/build/google/guice/core/src/com/google/inject/internal/InjectorImpl.java:568: warning: [rawtypes] found raw type: Key
    [javac]   private boolean cleanup(BindingImpl<?> binding, Set<Key> encountered) {
    [javac]                                                       ^
    [javac]   missing type arguments for generic class Key<T>
    [javac]   where T is a type-variable:
    [javac]     T extends Object declared in class Key
    [javac] /home/travis/build/google/guice/core/src/com/google/inject/internal/InjectorImpl.java:571: warning: [rawtypes] found raw type: Dependency
    [javac]     for(Dependency dep : deps) {
    [javac]         ^
    [javac]   missing type arguments for generic class Dependency<T>
    [javac]   where T is a type-variable:
    [javac]     T extends Object declared in class Dependency
    [javac] /home/travis/build/google/guice/core/src/com/google/inject/internal/InjectorImpl.java:575: warning: [rawtypes] found raw type: BindingImpl
    [javac]         BindingImpl depBinding = jitBindings.get(depKey);
    [javac]         ^
    [javac]   missing type arguments for generic class BindingImpl<T>
    [javac]   where T is a type-variable:
    [javac]     T extends Object declared in class BindingImpl
    [javac] /home/travis/build/google/guice/core/src/com/google/inject/internal/InjectorImpl.java:579: warning: [rawtypes] found raw type: ConstructorBindingImpl
    [javac]             ConstructorBindingImpl ctorBinding = (ConstructorBindingImpl)depBinding;
    [javac]             ^
    [javac]   missing type arguments for generic class ConstructorBindingImpl<T>
    [javac]   where T is a type-variable:
    [javac]     T extends Object declared in class ConstructorBindingImpl
    [javac] /home/travis/build/google/guice/core/src/com/google/inject/internal/InjectorImpl.java:984: warning: [rawtypes] found raw type: MembersInjector
    [javac]     MembersInjector membersInjector = getMembersInjector(instance.getClass());
    [javac]     ^
    [javac]   missing type arguments for generic class MembersInjector<T>
    [javac]   where T is a type-variable:
    [javac]     T extends Object declared in interface MembersInjector
    [javac] /home/travis/build/google/guice/core/src/com/google/inject/internal/InjectorImpl.java:1015: warning: [rawtypes] found raw type: Dependency
    [javac]               Dependency previous = context.pushDependency(dependency, binding.getSource());
    [javac]               ^
    [javac]   missing type arguments for generic class Dependency<T>
    [javac]   where T is a type-variable:
    [javac]     T extends Object declared in class Dependency
    [javac] /home/travis/build/google/guice/core/src/com/google/inject/internal/SingleParameterInjector.java:36: warning: [rawtypes] found raw type: Dependency
    [javac]     Dependency previous = context.pushDependency(dependency, binding.getSource());
    [javac]     ^
    [javac]   missing type arguments for generic class Dependency<T>
    [javac]   where T is a type-variable:
    [javac]     T extends Object declared in class Dependency
    [javac] /home/travis/build/google/guice/core/src/com/google/inject/internal/ProvisionListenerStackCallback.java:39: warning: [unchecked] unchecked call to ProvisionListenerStackCallback(Binding<T>,List<ProvisionListener>) as a member of the raw type ProvisionListenerStackCallback
    [javac]       new ProvisionListenerStackCallback(null /* unused, so ok */, ImmutableList.of());
    [javac]       ^
    [javac]   where T is a type-variable:
    [javac]     T extends Object declared in class ProvisionListenerStackCallback
    [javac] /home/travis/build/google/guice/core/src/com/google/inject/internal/ConstructionContext.java:83: warning: [rawtypes] found raw type: Class
    [javac]         new Class[] { expectedType, CircularDependencyProxy.class }, invocationHandler));
    [javac]             ^
    [javac]   missing type arguments for generic class Class<T>
    [javac]   where T is a type-variable:
    [javac]     T extends Object declared in class Class
    [javac] /home/travis/build/google/guice/core/src/com/google/inject/internal/AbstractBindingProcessor.java:114: warning: [rawtypes] found raw type: ExposedBindingImpl
    [javac]       ExposedBindingImpl exposed = (ExposedBindingImpl) original;
    [javac]       ^
    [javac]   missing type arguments for generic class ExposedBindingImpl<T>
    [javac]   where T is a type-variable:
    [javac]     T extends Object declared in class ExposedBindingImpl
    [javac] /home/travis/build/google/guice/core/src/com/google/inject/internal/CycleDetectingLock.java:254: warning: [rawtypes] found raw type: ReentrantCycleDetectingLock
    [javac]         ReentrantCycleDetectingLock lockOwnerWaitingOn = this;
    [javac]         ^
    [javac]   missing type arguments for generic class ReentrantCycleDetectingLock<ID>
    [javac]   where ID is a type-variable:
    [javac]     ID extends Object declared in class ReentrantCycleDetectingLock
    [javac] /home/travis/build/google/guice/core/src/com/google/inject/internal/CycleDetectingLock.java:274: warning: [rawtypes] found raw type: ReentrantCycleDetectingLock
    [javac]       private List<ID> getAllLockIdsAfter(long threadId, ReentrantCycleDetectingLock lock) {
    [javac]                                                          ^
    [javac]   missing type arguments for generic class ReentrantCycleDetectingLock<ID>
    [javac]   where ID is a type-variable:
    [javac]     ID extends Object declared in class ReentrantCycleDetectingLock
    [javac] /home/travis/build/google/guice/core/src/com/google/inject/internal/CycleDetectingLock.java:280: warning: [rawtypes] found raw type: ReentrantCycleDetectingLock
    [javac]         for (ReentrantCycleDetectingLock ownedLock : ownedLocks) {
    [javac]              ^
    [javac]   missing type arguments for generic class ReentrantCycleDetectingLock<ID>
    [javac]   where ID is a type-variable:
    [javac]     ID extends Object declared in class ReentrantCycleDetectingLock
    [javac] /home/travis/build/google/guice/core/src/com/google/inject/internal/BindingBuilder.java:100: warning: [unchecked] unchecked cast
    [javac]     return toProvider((javax.inject.Provider<T>) provider);
    [javac]                                                  ^
    [javac]   required: javax.inject.Provider<T>
    [javac]   found:    com.google.inject.Provider<CAP#1>
    [javac]   where T is a type-variable:
    [javac]     T extends Object declared in class BindingBuilder
    [javac]   where CAP#1 is a fresh type-variable:
    [javac]     CAP#1 extends T from capture of ? extends T
    [javac] /home/travis/build/google/guice/core/src/com/google/inject/internal/BytecodeGen.java:346: warning: [rawtypes] found raw type: Class
    [javac]       Class[] parameterTypes;
    [javac]       ^
    [javac]   missing type arguments for generic class Class<T>
    [javac]   where T is a type-variable:
    [javac]     T extends Object declared in class Class
    [javac] /home/travis/build/google/guice/core/src/com/google/inject/internal/ConstantFactory.java:33: warning: [rawtypes] found raw type: Dependency
    [javac]   public T get(Errors errors, InternalContext context, Dependency dependency, boolean linked)
    [javac]                                                        ^
    [javac]   missing type arguments for generic class Dependency<T>
    [javac]   where T is a type-variable:
    [javac]     T extends Object declared in class Dependency
    [javac] /home/travis/build/google/guice/core/src/com/google/inject/internal/ConstructorBindingImpl.java:130: warning: [rawtypes] found raw type: Constructor
    [javac]   private static boolean hasAtInject(Constructor cxtor) {
    [javac]                                      ^
    [javac]   missing type arguments for generic class Constructor<T>
    [javac]   where T is a type-variable:
    [javac]     T extends Object declared in class Constructor
    [javac] /home/travis/build/google/guice/core/src/com/google/inject/internal/InternalInjectorCreator.java:202: warning: [rawtypes] found raw type: Dependency
    [javac]               Dependency previous = context.pushDependency(dependency, binding.getSource());
    [javac]               ^
    [javac]   missing type arguments for generic class Dependency<T>
    [javac]   where T is a type-variable:
    [javac]     T extends Object declared in class Dependency
    [javac] /home/travis/build/google/guice/core/src/com/google/inject/internal/ProvidedByInternalFactory.java:62: warning: [rawtypes] found raw type: Dependency
    [javac]   public T get(Errors errors, InternalContext context, Dependency dependency, boolean linked)
    [javac]                                                        ^
    [javac]   missing type arguments for generic class Dependency<T>
    [javac]   where T is a type-variable:
    [javac]     T extends Object declared in class Dependency
    [javac] /home/travis/build/google/guice/core/src/com/google/inject/internal/ProviderInstanceBindingImpl.java:67: warning: [deprecation] getProviderInstance() in ProviderInstanceBinding has been deprecated
    [javac]   public Provider<? extends T> getProviderInstance() {
    [javac]                                ^
    [javac]   where T is a type-variable:
    [javac]     T extends Object declared in interface ProviderInstanceBinding
    [javac] /home/travis/build/google/guice/core/src/com/google/inject/internal/ProviderToInternalFactoryAdapter.java:42: warning: [rawtypes] found raw type: Dependency
    [javac]           Dependency dependency = context.getDependency();
    [javac]           ^
    [javac]   missing type arguments for generic class Dependency<T>
    [javac]   where T is a type-variable:
    [javac]     T extends Object declared in class Dependency
    [javac] /home/travis/build/google/guice/core/src/com/google/inject/internal/ProxyFactory.java:162: warning: [rawtypes] found raw type: Class
    [javac]     Class<? extends Callback>[] callbackTypes = new Class[callbacks.length];
    [javac]                                                     ^
    [javac]   missing type arguments for generic class Class<T>
    [javac]   where T is a type-variable:
    [javac]     T extends Object declared in class Class
    [javac] /home/travis/build/google/guice/core/src/com/google/inject/internal/SingleFieldInjector.java:52: warning: [rawtypes] found raw type: Dependency
    [javac]     Dependency previous = context.pushDependency(dependency, binding.getSource());
    [javac]     ^
    [javac]   missing type arguments for generic class Dependency<T>
    [javac]   where T is a type-variable:
    [javac]     T extends Object declared in class Dependency
    [javac] /home/travis/build/google/guice/core/src/com/google/inject/internal/util/SourceProvider.java:58: warning: [rawtypes] found raw type: Class
    [javac]   public SourceProvider plusSkippedClasses(Class... moreClassesToSkip) {
    [javac]                                            ^
    [javac]   missing type arguments for generic class Class<T>
    [javac]   where T is a type-variable:
    [javac]     T extends Object declared in class Class
    [javac] /home/travis/build/google/guice/core/src/com/google/inject/internal/util/SourceProvider.java:69: warning: [rawtypes] found raw type: Class
    [javac]   private static List<String> asStrings(Class... classes) {
    [javac]                                         ^
    [javac]   missing type arguments for generic class Class<T>
    [javac]   where T is a type-variable:
    [javac]     T extends Object declared in class Class
    [javac] /home/travis/build/google/guice/core/src/com/google/inject/internal/util/SourceProvider.java:71: warning: [rawtypes] found raw type: Class
    [javac]     for (Class c : classes) {
    [javac]          ^
    [javac]   missing type arguments for generic class Class<T>
    [javac]   where T is a type-variable:
    [javac]     T extends Object declared in class Class
    [javac] /home/travis/build/google/guice/core/src/com/google/inject/matcher/Matchers.java:184: warning: [rawtypes] found raw type: Class
    [javac]   public static Matcher<Class> subclassesOf(final Class<?> superclass) {
    [javac]                         ^
    [javac]   missing type arguments for generic class Class<T>
    [javac]   where T is a type-variable:
    [javac]     T extends Object declared in class Class
    [javac] /home/travis/build/google/guice/core/src/com/google/inject/matcher/Matchers.java:188: warning: [rawtypes] found raw type: Class
    [javac]   private static class SubclassesOf extends AbstractMatcher<Class>
    [javac]                                                             ^
    [javac]   missing type arguments for generic class Class<T>
    [javac]   where T is a type-variable:
    [javac]     T extends Object declared in class Class
    [javac] /home/travis/build/google/guice/core/src/com/google/inject/matcher/Matchers.java:196: warning: [rawtypes] found raw type: Class
    [javac]     public boolean matches(Class subclass) {
    [javac]                            ^
    [javac]   missing type arguments for generic class Class<T>
    [javac]   where T is a type-variable:
    [javac]     T extends Object declared in class Class
    [javac] /home/travis/build/google/guice/core/src/com/google/inject/matcher/Matchers.java:290: warning: [rawtypes] found raw type: Class
    [javac]   public static Matcher<Class> inPackage(final Package targetPackage) {
    [javac]                         ^
    [javac]   missing type arguments for generic class Class<T>
    [javac]   where T is a type-variable:
    [javac]     T extends Object declared in class Class
    [javac] /home/travis/build/google/guice/core/src/com/google/inject/matcher/Matchers.java:294: warning: [rawtypes] found raw type: Class
    [javac]   private static class InPackage extends AbstractMatcher<Class> implements Serializable {
    [javac]                                                          ^
    [javac]   missing type arguments for generic class Class<T>
    [javac]   where T is a type-variable:
    [javac]     T extends Object declared in class Class
    [javac] /home/travis/build/google/guice/core/src/com/google/inject/matcher/Matchers.java:303: warning: [rawtypes] found raw type: Class
    [javac]     public boolean matches(Class c) {
    [javac]                            ^
    [javac]   missing type arguments for generic class Class<T>
    [javac]   where T is a type-variable:
    [javac]     T extends Object declared in class Class
    [javac] /home/travis/build/google/guice/core/src/com/google/inject/matcher/Matchers.java:333: warning: [rawtypes] found raw type: Class
    [javac]   public static Matcher<Class> inSubpackage(final String targetPackageName) {
    [javac]                         ^
    [javac]   missing type arguments for generic class Class<T>
    [javac]   where T is a type-variable:
    [javac]     T extends Object declared in class Class
    [javac] /home/travis/build/google/guice/core/src/com/google/inject/matcher/Matchers.java:337: warning: [rawtypes] found raw type: Class
    [javac]   private static class InSubpackage extends AbstractMatcher<Class> implements Serializable {
    [javac]                                                             ^
    [javac]   missing type arguments for generic class Class<T>
    [javac]   where T is a type-variable:
    [javac]     T extends Object declared in class Class
    [javac] /home/travis/build/google/guice/core/src/com/google/inject/matcher/Matchers.java:344: warning: [rawtypes] found raw type: Class
    [javac]     public boolean matches(Class c) {
    [javac]                            ^
    [javac]   missing type arguments for generic class Class<T>
    [javac]   where T is a type-variable:
    [javac]     T extends Object declared in class Class
    [javac] /home/travis/build/google/guice/core/src/com/google/inject/spi/Elements.java:415: warning: [rawtypes] found raw type: Class
    [javac]     public RecordingBinder skipSources(Class... classesToSkip) {
    [javac]                                        ^
    [javac]   missing type arguments for generic class Class<T>
    [javac]   where T is a type-variable:
    [javac]     T extends Object declared in class Class
    [javac] /home/travis/build/google/guice/core/src/com/google/inject/util/Modules.java:187: warning: [rawtypes] found raw type: Key
    [javac]           for(Key exposed : privateElements.getExposedKeys()) {
    [javac]               ^
    [javac]   missing type arguments for generic class Key<T>
    [javac]   where T is a type-variable:
    [javac]     T extends Object declared in class Key
    [javac] 65 warnings
    [javac] Creating empty /home/travis/build/google/guice/build/classes/com/google/inject/util/package-info.class
    [javac] Creating empty /home/travis/build/google/guice/build/classes/com/google/inject/binder/package-info.class
    [javac] Creating empty /home/travis/build/google/guice/build/classes/com/google/inject/matcher/package-info.class
    [javac] Creating empty /home/travis/build/google/guice/build/classes/com/google/inject/name/package-info.class
    [javac] Creating empty /home/travis/build/google/guice/build/classes/com/google/inject/package-info.class
    [javac] Creating empty /home/travis/build/google/guice/build/classes/com/google/inject/spi/package-info.class
    [javac] Creating empty /home/travis/build/google/guice/build/classes/com/google/inject/internal/package-info.class

jar.withdeps:
    [mkdir] Created dir: /home/travis/build/google/guice/build/dist
   [jarjar] Building jar: /home/travis/build/google/guice/build/guice-with-deps.jar

manifest:
  [bndwrap] classes 359 0
    [unjar] Expanding: /home/travis/build/google/guice/build/classes.bar into /home/travis/build/google/guice/build

jar:
      [jar] Building jar: /home/travis/build/google/guice/build/dist/guice-snapshot.jar

distjars:

javadoc:
  [javadoc] Generating Javadoc
  [javadoc] Javadoc execution
  [javadoc] Loading source file /home/travis/build/google/guice/core/src/com/google/inject/AbstractModule.java...
  [javadoc] Loading source file /home/travis/build/google/guice/core/src/com/google/inject/Binder.java...
  [javadoc] Loading source file /home/travis/build/google/guice/core/src/com/google/inject/Binding.java...
  [javadoc] Loading source file /home/travis/build/google/guice/core/src/com/google/inject/BindingAnnotation.java...
  [javadoc] Loading source file /home/travis/build/google/guice/core/src/com/google/inject/ConfigurationException.java...
  [javadoc] Loading source file /home/travis/build/google/guice/core/src/com/google/inject/CreationException.java...
  [javadoc] Loading source file /home/travis/build/google/guice/core/src/com/google/inject/Exposed.java...
  [javadoc] Loading source file /home/travis/build/google/guice/core/src/com/google/inject/Guice.java...
  [javadoc] Loading source file /home/travis/build/google/guice/core/src/com/google/inject/ImplementedBy.java...
  [javadoc] Loading source file /home/travis/build/google/guice/core/src/com/google/inject/Inject.java...
  [javadoc] Loading source file /home/travis/build/google/guice/core/src/com/google/inject/Injector.java...
  [javadoc] Loading source file /home/travis/build/google/guice/core/src/com/google/inject/Key.java...
  [javadoc] Loading source file /home/travis/build/google/guice/core/src/com/google/inject/MembersInjector.java...
  [javadoc] Loading source file /home/travis/build/google/guice/core/src/com/google/inject/Module.java...
  [javadoc] Loading source file /home/travis/build/google/guice/core/src/com/google/inject/OutOfScopeException.java...
  [javadoc] Loading source file /home/travis/build/google/guice/core/src/com/google/inject/PrivateBinder.java...
  [javadoc] Loading source file /home/travis/build/google/guice/core/src/com/google/inject/PrivateModule.java...
  [javadoc] Loading source file /home/travis/build/google/guice/core/src/com/google/inject/ProvidedBy.java...
  [javadoc] Loading source file /home/travis/build/google/guice/core/src/com/google/inject/Provider.java...
  [javadoc] Loading source file /home/travis/build/google/guice/core/src/com/google/inject/Provides.java...
  [javadoc] Loading source file /home/travis/build/google/guice/core/src/com/google/inject/ProvisionException.java...
  [javadoc] Loading source file /home/travis/build/google/guice/core/src/com/google/inject/Scope.java...
  [javadoc] Loading source file /home/travis/build/google/guice/core/src/com/google/inject/ScopeAnnotation.java...
  [javadoc] Loading source file /home/travis/build/google/guice/core/src/com/google/inject/Scopes.java...
  [javadoc] Loading source file /home/travis/build/google/guice/core/src/com/google/inject/Singleton.java...
  [javadoc] Loading source file /home/travis/build/google/guice/core/src/com/google/inject/Stage.java...
  [javadoc] Loading source file /home/travis/build/google/guice/core/src/com/google/inject/TypeLiteral.java...
  [javadoc] Loading source file /home/travis/build/google/guice/core/src/com/google/inject/binder/AnnotatedBindingBuilder.java...
  [javadoc] Loading source file /home/travis/build/google/guice/core/src/com/google/inject/binder/AnnotatedConstantBindingBuilder.java...
  [javadoc] Loading source file /home/travis/build/google/guice/core/src/com/google/inject/binder/AnnotatedElementBuilder.java...
  [javadoc] Loading source file /home/travis/build/google/guice/core/src/com/google/inject/binder/ConstantBindingBuilder.java...
  [javadoc] Loading source file /home/travis/build/google/guice/core/src/com/google/inject/binder/LinkedBindingBuilder.java...
  [javadoc] Loading source file /home/travis/build/google/guice/core/src/com/google/inject/binder/ScopedBindingBuilder.java...
  [javadoc] Loading source file /home/travis/build/google/guice/core/src/com/google/inject/binder/package-info.java...
  [javadoc] Loading source file /home/travis/build/google/guice/core/src/com/google/inject/matcher/AbstractMatcher.java...
  [javadoc] Loading source file /home/travis/build/google/guice/core/src/com/google/inject/matcher/Matcher.java...
  [javadoc] Loading source file /home/travis/build/google/guice/core/src/com/google/inject/matcher/Matchers.java...
  [javadoc] Loading source file /home/travis/build/google/guice/core/src/com/google/inject/matcher/package-info.java...
  [javadoc] Loading source file /home/travis/build/google/guice/core/src/com/google/inject/name/Named.java...
  [javadoc] Loading source file /home/travis/build/google/guice/core/src/com/google/inject/name/NamedImpl.java...
  [javadoc] Loading source file /home/travis/build/google/guice/core/src/com/google/inject/name/Names.java...
  [javadoc] Loading source file /home/travis/build/google/guice/core/src/com/google/inject/name/package-info.java...
  [javadoc] Loading source file /home/travis/build/google/guice/core/src/com/google/inject/package-info.java...
  [javadoc] Loading source file /home/travis/build/google/guice/core/src/com/google/inject/spi/BindingScopingVisitor.java...
  [javadoc] Loading source file /home/travis/build/google/guice/core/src/com/google/inject/spi/BindingTargetVisitor.java...
  [javadoc] Loading source file /home/travis/build/google/guice/core/src/com/google/inject/spi/ConstructorBinding.java...
  [javadoc] Loading source file /home/travis/build/google/guice/core/src/com/google/inject/spi/ConvertedConstantBinding.java...
  [javadoc] Loading source file /home/travis/build/google/guice/core/src/com/google/inject/spi/DefaultBindingScopingVisitor.java...
  [javadoc] Loading source file /home/travis/build/google/guice/core/src/com/google/inject/spi/DefaultBindingTargetVisitor.java...
  [javadoc] Loading source file /home/travis/build/google/guice/core/src/com/google/inject/spi/DefaultElementVisitor.java...
  [javadoc] Loading source file /home/travis/build/google/guice/core/src/com/google/inject/spi/Dependency.java...
  [javadoc] Loading source file /home/travis/build/google/guice/core/src/com/google/inject/spi/DependencyAndSource.java...
  [javadoc] Loading source file /home/travis/build/google/guice/core/src/com/google/inject/spi/DisableCircularProxiesOption.java...
  [javadoc] Loading source file /home/travis/build/google/guice/core/src/com/google/inject/spi/Element.java...
  [javadoc] Loading source file /home/travis/build/google/guice/core/src/com/google/inject/spi/ElementSource.java...
  [javadoc] Loading source file /home/travis/build/google/guice/core/src/com/google/inject/spi/ElementVisitor.java...
  [javadoc] Loading source file /home/travis/build/google/guice/core/src/com/google/inject/spi/Elements.java...
  [javadoc] Loading source file /home/travis/build/google/guice/core/src/com/google/inject/spi/ExposedBinding.java...
  [javadoc] Loading source file /home/travis/build/google/guice/core/src/com/google/inject/spi/HasDependencies.java...
  [javadoc] Loading source file /home/travis/build/google/guice/core/src/com/google/inject/spi/InjectionListener.java...
  [javadoc] Loading source file /home/travis/build/google/guice/core/src/com/google/inject/spi/InjectionPoint.java...
  [javadoc] Loading source file /home/travis/build/google/guice/core/src/com/google/inject/spi/InjectionRequest.java...
  [javadoc] Loading source file /home/travis/build/google/guice/core/src/com/google/inject/spi/InstanceBinding.java...
  [javadoc] Loading source file /home/travis/build/google/guice/core/src/com/google/inject/spi/InterceptorBinding.java...
  [javadoc] Loading source file /home/travis/build/google/guice/core/src/com/google/inject/spi/LinkedKeyBinding.java...
  [javadoc] Loading source file /home/travis/build/google/guice/core/src/com/google/inject/spi/MembersInjectorLookup.java...
  [javadoc] Loading source file /home/travis/build/google/guice/core/src/com/google/inject/spi/Message.java...
  [javadoc] Loading source file /home/travis/build/google/guice/core/src/com/google/inject/spi/ModuleAnnotatedMethodScanner.java...
  [javadoc] Loading source file /home/travis/build/google/guice/core/src/com/google/inject/spi/ModuleAnnotatedMethodScannerBinding.java...
  [javadoc] Loading source file /home/travis/build/google/guice/core/src/com/google/inject/spi/ModuleSource.java...
  [javadoc] Loading source file /home/travis/build/google/guice/core/src/com/google/inject/spi/PrivateElements.java...
  [javadoc] Loading source file /home/travis/build/google/guice/core/src/com/google/inject/spi/ProviderBinding.java...
  [javadoc] Loading source file /home/travis/build/google/guice/core/src/com/google/inject/spi/ProviderInstanceBinding.java...
  [javadoc] Loading source file /home/travis/build/google/guice/core/src/com/google/inject/spi/ProviderKeyBinding.java...
  [javadoc] Loading source file /home/travis/build/google/guice/core/src/com/google/inject/spi/ProviderLookup.java...
  [javadoc] Loading source file /home/travis/build/google/guice/core/src/com/google/inject/spi/ProviderWithDependencies.java...
  [javadoc] Loading source file /home/travis/build/google/guice/core/src/com/google/inject/spi/ProviderWithExtensionVisitor.java...
  [javadoc] Loading source file /home/travis/build/google/guice/core/src/com/google/inject/spi/ProvidesMethodBinding.java...
  [javadoc] Loading source file /home/travis/build/google/guice/core/src/com/google/inject/spi/ProvidesMethodTargetVisitor.java...
  [javadoc] Loading source file /home/travis/build/google/guice/core/src/com/google/inject/spi/ProvisionListener.java...
  [javadoc] Loading source file /home/travis/build/google/guice/core/src/com/google/inject/spi/ProvisionListenerBinding.java...
  [javadoc] Loading source file /home/travis/build/google/guice/core/src/com/google/inject/spi/RequireAtInjectOnConstructorsOption.java...
  [javadoc] Loading source file /home/travis/build/google/guice/core/src/com/google/inject/spi/RequireExactBindingAnnotationsOption.java...
  [javadoc] Loading source file /home/travis/build/google/guice/core/src/com/google/inject/spi/RequireExplicitBindingsOption.java...
  [javadoc] Loading source file /home/travis/build/google/guice/core/src/com/google/inject/spi/ScopeBinding.java...
  [javadoc] Loading source file /home/travis/build/google/guice/core/src/com/google/inject/spi/StaticInjectionRequest.java...
  [javadoc] Loading source file /home/travis/build/google/guice/core/src/com/google/inject/spi/Toolable.java...
  [javadoc] Loading source file /home/travis/build/google/guice/core/src/com/google/inject/spi/TypeConverter.java...
  [javadoc] Loading source file /home/travis/build/google/guice/core/src/com/google/inject/spi/TypeConverterBinding.java...
  [javadoc] Loading source file /home/travis/build/google/guice/core/src/com/google/inject/spi/TypeEncounter.java...
  [javadoc] Loading source file /home/travis/build/google/guice/core/src/com/google/inject/spi/TypeListener.java...
  [javadoc] Loading source file /home/travis/build/google/guice/core/src/com/google/inject/spi/TypeListenerBinding.java...
  [javadoc] Loading source file /home/travis/build/google/guice/core/src/com/google/inject/spi/UntargettedBinding.java...
  [javadoc] Loading source file /home/travis/build/google/guice/core/src/com/google/inject/spi/package-info.java...
  [javadoc] Loading source file /home/travis/build/google/guice/core/src/com/google/inject/util/Modules.java...
  [javadoc] Loading source file /home/travis/build/google/guice/core/src/com/google/inject/util/Providers.java...
  [javadoc] Loading source file /home/travis/build/google/guice/core/src/com/google/inject/util/Types.java...
  [javadoc] Loading source file /home/travis/build/google/guice/core/src/com/google/inject/util/package-info.java...
  [javadoc] Loading source file /home/travis/build/google/guice/extensions/servlet/src/com/google/inject/servlet/AbstractServletModuleBinding.java...
  [javadoc] Loading source file /home/travis/build/google/guice/extensions/servlet/src/com/google/inject/servlet/ContinuingHttpServletRequest.java...
  [javadoc] Loading source file /home/travis/build/google/guice/extensions/servlet/src/com/google/inject/servlet/DefaultFilterPipeline.java...
  [javadoc] Loading source file /home/travis/build/google/guice/extensions/servlet/src/com/google/inject/servlet/FilterChainInvocation.java...
  [javadoc] Loading source file /home/travis/build/google/guice/extensions/servlet/src/com/google/inject/servlet/FilterDefinition.java...
  [javadoc] Loading source file /home/travis/build/google/guice/extensions/servlet/src/com/google/inject/servlet/FilterPipeline.java...
  [javadoc] Loading source file /home/travis/build/google/guice/extensions/servlet/src/com/google/inject/servlet/FiltersModuleBuilder.java...
  [javadoc] Loading source file /home/travis/build/google/guice/extensions/servlet/src/com/google/inject/servlet/GuiceFilter.java...
  [javadoc] Loading source file /home/travis/build/google/guice/extensions/servlet/src/com/google/inject/servlet/GuiceServletContextListener.java...
  [javadoc] Loading source file /home/travis/build/google/guice/extensions/servlet/src/com/google/inject/servlet/InstanceFilterBinding.java...
  [javadoc] Loading source file /home/travis/build/google/guice/extensions/servlet/src/com/google/inject/servlet/InstanceFilterBindingImpl.java...
  [javadoc] Loading source file /home/travis/build/google/guice/extensions/servlet/src/com/google/inject/servlet/InstanceServletBinding.java...
  [javadoc] Loading source file /home/travis/build/google/guice/extensions/servlet/src/com/google/inject/servlet/InstanceServletBindingImpl.java...
  [javadoc] Loading source file /home/travis/build/google/guice/extensions/servlet/src/com/google/inject/servlet/InternalServletModule.java...
  [javadoc] Loading source file /home/travis/build/google/guice/extensions/servlet/src/com/google/inject/servlet/LinkedFilterBinding.java...
  [javadoc] Loading source file /home/travis/build/google/guice/extensions/servlet/src/com/google/inject/servlet/LinkedFilterBindingImpl.java...
  [javadoc] Loading source file /home/travis/build/google/guice/extensions/servlet/src/com/google/inject/servlet/LinkedServletBinding.java...
  [javadoc] Loading source file /home/travis/build/google/guice/extensions/servlet/src/com/google/inject/servlet/LinkedServletBindingImpl.java...
  [javadoc] Loading source file /home/travis/build/google/guice/extensions/servlet/src/com/google/inject/servlet/ManagedFilterPipeline.java...
  [javadoc] Loading source file /home/travis/build/google/guice/extensions/servlet/src/com/google/inject/servlet/ManagedServletPipeline.java...
  [javadoc] Loading source file /home/travis/build/google/guice/extensions/servlet/src/com/google/inject/servlet/RequestParameters.java...
  [javadoc] Loading source file /home/travis/build/google/guice/extensions/servlet/src/com/google/inject/servlet/RequestScoped.java...
  [javadoc] Loading source file /home/travis/build/google/guice/extensions/servlet/src/com/google/inject/servlet/RequestScoper.java...
  [javadoc] Loading source file /home/travis/build/google/guice/extensions/servlet/src/com/google/inject/servlet/ScopingException.java...
  [javadoc] Loading source file /home/travis/build/google/guice/extensions/servlet/src/com/google/inject/servlet/ScopingOnly.java...
  [javadoc] Loading source file /home/travis/build/google/guice/extensions/servlet/src/com/google/inject/servlet/ServletDefinition.java...
  [javadoc] Loading source file /home/travis/build/google/guice/extensions/servlet/src/com/google/inject/servlet/ServletModule.java...
  [javadoc] Loading source file /home/travis/build/google/guice/extensions/servlet/src/com/google/inject/servlet/ServletModuleBinding.java...
  [javadoc] Loading source file /home/travis/build/google/guice/extensions/servlet/src/com/google/inject/servlet/ServletModuleTargetVisitor.java...
  [javadoc] Loading source file /home/travis/build/google/guice/extensions/servlet/src/com/google/inject/servlet/ServletScopes.java...
  [javadoc] Loading source file /home/travis/build/google/guice/extensions/servlet/src/com/google/inject/servlet/ServletUtils.java...
  [javadoc] Loading source file /home/travis/build/google/guice/extensions/servlet/src/com/google/inject/servlet/ServletsModuleBuilder.java...
  [javadoc] Loading source file /home/travis/build/google/guice/extensions/servlet/src/com/google/inject/servlet/SessionScoped.java...
  [javadoc] Loading source file /home/travis/build/google/guice/extensions/servlet/src/com/google/inject/servlet/UriPatternMatcher.java...
  [javadoc] Loading source file /home/travis/build/google/guice/extensions/servlet/src/com/google/inject/servlet/UriPatternType.java...
  [javadoc] Loading source file /home/travis/build/google/guice/extensions/servlet/src/com/google/inject/servlet/package-info.java...
  [javadoc] Loading source file /home/travis/build/google/guice/extensions/assistedinject/src/com/google/inject/assistedinject/Assisted.java...
  [javadoc] Loading source file /home/travis/build/google/guice/extensions/assistedinject/src/com/google/inject/assistedinject/AssistedConstructor.java...
  [javadoc] Loading source file /home/travis/build/google/guice/extensions/assistedinject/src/com/google/inject/assistedinject/AssistedInject.java...
  [javadoc] Loading source file /home/travis/build/google/guice/extensions/assistedinject/src/com/google/inject/assistedinject/AssistedInjectBinding.java...
  [javadoc] Loading source file /home/travis/build/google/guice/extensions/assistedinject/src/com/google/inject/assistedinject/AssistedInjectTargetVisitor.java...
  [javadoc] Loading source file /home/travis/build/google/guice/extensions/assistedinject/src/com/google/inject/assistedinject/AssistedMethod.java...
  [javadoc] Loading source file /home/travis/build/google/guice/extensions/assistedinject/src/com/google/inject/assistedinject/BindingCollector.java...
  [javadoc] Loading source file /home/travis/build/google/guice/extensions/assistedinject/src/com/google/inject/assistedinject/FactoryModuleBuilder.java...
  [javadoc] Loading source file /home/travis/build/google/guice/extensions/assistedinject/src/com/google/inject/assistedinject/FactoryProvider.java...
  [javadoc] Loading source file /home/travis/build/google/guice/extensions/assistedinject/src/com/google/inject/assistedinject/FactoryProvider2.java...
  [javadoc] Loading source file /home/travis/build/google/guice/extensions/assistedinject/src/com/google/inject/assistedinject/Parameter.java...
  [javadoc] Loading source file /home/travis/build/google/guice/extensions/assistedinject/src/com/google/inject/assistedinject/ParameterListKey.java...
  [javadoc] Loading source file /home/travis/build/google/guice/extensions/assistedinject/src/com/google/inject/assistedinject/package-info.java...
  [javadoc] Loading source file /home/travis/build/google/guice/extensions/multibindings/src/com/google/inject/multibindings/ClassMapKey.java...
  [javadoc] Loading source file /home/travis/build/google/guice/extensions/multibindings/src/com/google/inject/multibindings/Element.java...
  [javadoc] Loading source file /home/travis/build/google/guice/extensions/multibindings/src/com/google/inject/multibindings/Indexer.java...
  [javadoc] Loading source file /home/travis/build/google/guice/extensions/multibindings/src/com/google/inject/multibindings/MapBinder.java...
  [javadoc] Loading source file /home/travis/build/google/guice/extensions/multibindings/src/com/google/inject/multibindings/MapBinderBinding.java...
  [javadoc] Loading source file /home/travis/build/google/guice/extensions/multibindings/src/com/google/inject/multibindings/MapKey.java...
  [javadoc] Loading source file /home/travis/build/google/guice/extensions/multibindings/src/com/google/inject/multibindings/Multibinder.java...
  [javadoc] Loading source file /home/travis/build/google/guice/extensions/multibindings/src/com/google/inject/multibindings/MultibinderBinding.java...
  [javadoc] Loading source file /home/travis/build/google/guice/extensions/multibindings/src/com/google/inject/multibindings/MultibindingsScanner.java...
  [javadoc] Loading source file /home/travis/build/google/guice/extensions/multibindings/src/com/google/inject/multibindings/MultibindingsTargetVisitor.java...
  [javadoc] Loading source file /home/travis/build/google/guice/extensions/multibindings/src/com/google/inject/multibindings/OptionalBinder.java...
  [javadoc] Loading source file /home/travis/build/google/guice/extensions/multibindings/src/com/google/inject/multibindings/OptionalBinderBinding.java...
  [javadoc] Loading source file /home/travis/build/google/guice/extensions/multibindings/src/com/google/inject/multibindings/ProvidesIntoMap.java...
  [javadoc] Loading source file /home/travis/build/google/guice/extensions/multibindings/src/com/google/inject/multibindings/ProvidesIntoOptional.java...
  [javadoc] Loading source file /home/travis/build/google/guice/extensions/multibindings/src/com/google/inject/multibindings/ProvidesIntoSet.java...
  [javadoc] Loading source file /home/travis/build/google/guice/extensions/multibindings/src/com/google/inject/multibindings/RealElement.java...
  [javadoc] Loading source file /home/travis/build/google/guice/extensions/multibindings/src/com/google/inject/multibindings/StringMapKey.java...
  [javadoc] Loading source file /home/travis/build/google/guice/extensions/multibindings/src/com/google/inject/multibindings/package-info.java...
  [javadoc] Loading source file /home/travis/build/google/guice/extensions/dagger-adapter/src/com/google/inject/daggeradapter/DaggerAdapter.java...
  [javadoc] Loading source file /home/travis/build/google/guice/extensions/dagger-adapter/src/com/google/inject/daggeradapter/DaggerMethodScanner.java...
  [javadoc] Loading source file /home/travis/build/google/guice/extensions/throwingproviders/src/com/google/inject/throwingproviders/CheckedProvideUtils.java...
  [javadoc] Loading source file /home/travis/build/google/guice/extensions/throwingproviders/src/com/google/inject/throwingproviders/CheckedProvider.java...
  [javadoc] Loading source file /home/travis/build/google/guice/extensions/throwingproviders/src/com/google/inject/throwingproviders/CheckedProviderMethod.java...
  [javadoc] Loading source file /home/travis/build/google/guice/extensions/throwingproviders/src/com/google/inject/throwingproviders/CheckedProviderMethodsModule.java...
  [javadoc] Loading source file /home/travis/build/google/guice/extensions/throwingproviders/src/com/google/inject/throwingproviders/CheckedProviderWithDependencies.java...
  [javadoc] Loading source file /home/travis/build/google/guice/extensions/throwingproviders/src/com/google/inject/throwingproviders/CheckedProvides.java...
  [javadoc] Loading source file /home/travis/build/google/guice/extensions/throwingproviders/src/com/google/inject/throwingproviders/ThrowingInject.java...
  [javadoc] Loading source file /home/travis/build/google/guice/extensions/throwingproviders/src/com/google/inject/throwingproviders/ThrowingProvider.java...
  [javadoc] Loading source file /home/travis/build/google/guice/extensions/throwingproviders/src/com/google/inject/throwingproviders/ThrowingProviderBinder.java...
  [javadoc] Loading source file /home/travis/build/google/guice/extensions/throwingproviders/src/com/google/inject/throwingproviders/package-info.java...
  [javadoc] Loading source file /home/travis/build/google/guice/extensions/testlib/src/com/google/inject/testing/fieldbinder/Bind.java...
  [javadoc] Loading source file /home/travis/build/google/guice/extensions/testlib/src/com/google/inject/testing/fieldbinder/BoundFieldModule.java...
  [javadoc] Loading source file /home/travis/build/google/guice/extensions/grapher/src/com/google/inject/grapher/AbstractInjectorGrapher.java...
  [javadoc] Loading source file /home/travis/build/google/guice/extensions/grapher/src/com/google/inject/grapher/Alias.java...
  [javadoc] Loading source file /home/travis/build/google/guice/extensions/grapher/src/com/google/inject/grapher/AliasCreator.java...
  [javadoc] Loading source file /home/travis/build/google/guice/extensions/grapher/src/com/google/inject/grapher/BindingEdge.java...
  [javadoc] Loading source file /home/travis/build/google/guice/extensions/grapher/src/com/google/inject/grapher/DefaultEdgeCreator.java...
  [javadoc] Loading source file /home/travis/build/google/guice/extensions/grapher/src/com/google/inject/grapher/DefaultNodeCreator.java...
  [javadoc] Loading source file /home/travis/build/google/guice/extensions/grapher/src/com/google/inject/grapher/DefaultRootKeySetCreator.java...
  [javadoc] Loading source file /home/travis/build/google/guice/extensions/grapher/src/com/google/inject/grapher/DependencyEdge.java...
  [javadoc] Loading source file /home/travis/build/google/guice/extensions/grapher/src/com/google/inject/grapher/Edge.java...
  [javadoc] Loading source file /home/travis/build/google/guice/extensions/grapher/src/com/google/inject/grapher/EdgeCreator.java...
  [javadoc] Loading source file /home/travis/build/google/guice/extensions/grapher/src/com/google/inject/grapher/ImplementationNode.java...
  [javadoc] Loading source file /home/travis/build/google/guice/extensions/grapher/src/com/google/inject/grapher/InjectorGrapher.java...
  [javadoc] Loading source file /home/travis/build/google/guice/extensions/grapher/src/com/google/inject/grapher/InstanceNode.java...
  [javadoc] Loading source file /home/travis/build/google/guice/extensions/grapher/src/com/google/inject/grapher/InterfaceNode.java...
  [javadoc] Loading source file /home/travis/build/google/guice/extensions/grapher/src/com/google/inject/grapher/NameFactory.java...
  [javadoc] Loading source file /home/travis/build/google/guice/extensions/grapher/src/com/google/inject/grapher/Node.java...
  [javadoc] Loading source file /home/travis/build/google/guice/extensions/grapher/src/com/google/inject/grapher/NodeCreator.java...
  [javadoc] Loading source file /home/travis/build/google/guice/extensions/grapher/src/com/google/inject/grapher/NodeId.java...
  [javadoc] Loading source file /home/travis/build/google/guice/extensions/grapher/src/com/google/inject/grapher/ProviderAliasCreator.java...
  [javadoc] Loading source file /home/travis/build/google/guice/extensions/grapher/src/com/google/inject/grapher/RootKeySetCreator.java...
  [javadoc] Loading source file /home/travis/build/google/guice/extensions/grapher/src/com/google/inject/grapher/ShortNameFactory.java...
  [javadoc] Loading source file /home/travis/build/google/guice/extensions/grapher/src/com/google/inject/grapher/TransitiveDependencyVisitor.java...
  [javadoc] Loading source file /home/travis/build/google/guice/extensions/grapher/src/com/google/inject/grapher/graphviz/ArrowType.java...
  [javadoc] Loading source file /home/travis/build/google/guice/extensions/grapher/src/com/google/inject/grapher/graphviz/CompassPoint.java...
  [javadoc] Loading source file /home/travis/build/google/guice/extensions/grapher/src/com/google/inject/grapher/graphviz/EdgeStyle.java...
  [javadoc] Loading source file /home/travis/build/google/guice/extensions/grapher/src/com/google/inject/grapher/graphviz/Graphviz.java...
  [javadoc] Loading source file /home/travis/build/google/guice/extensions/grapher/src/com/google/inject/grapher/graphviz/GraphvizEdge.java...
  [javadoc] Loading source file /home/travis/build/google/guice/extensions/grapher/src/com/google/inject/grapher/graphviz/GraphvizGrapher.java...
  [javadoc] Loading source file /home/travis/build/google/guice/extensions/grapher/src/com/google/inject/grapher/graphviz/GraphvizModule.java...
  [javadoc] Loading source file /home/travis/build/google/guice/extensions/grapher/src/com/google/inject/grapher/graphviz/GraphvizNode.java...
  [javadoc] Loading source file /home/travis/build/google/guice/extensions/grapher/src/com/google/inject/grapher/graphviz/NodeShape.java...
  [javadoc] Loading source file /home/travis/build/google/guice/extensions/grapher/src/com/google/inject/grapher/graphviz/NodeStyle.java...
  [javadoc] Loading source file /home/travis/build/google/guice/extensions/grapher/src/com/google/inject/grapher/graphviz/PortIdFactory.java...
  [javadoc] Loading source file /home/travis/build/google/guice/extensions/grapher/src/com/google/inject/grapher/graphviz/PortIdFactoryImpl.java...
  [javadoc] Loading source file /home/travis/build/google/guice/extensions/persist/src/com/google/inject/persist/PersistFilter.java...
  [javadoc] Loading source file /home/travis/build/google/guice/extensions/persist/src/com/google/inject/persist/PersistModule.java...
  [javadoc] Loading source file /home/travis/build/google/guice/extensions/persist/src/com/google/inject/persist/PersistService.java...
  [javadoc] Loading source file /home/travis/build/google/guice/extensions/persist/src/com/google/inject/persist/Transactional.java...
  [javadoc] Loading source file /home/travis/build/google/guice/extensions/persist/src/com/google/inject/persist/UnitOfWork.java...
  [javadoc] Loading source file /home/travis/build/google/guice/extensions/persist/src/com/google/inject/persist/finder/DynamicFinder.java...
  [javadoc] Loading source file /home/travis/build/google/guice/extensions/persist/src/com/google/inject/persist/finder/Finder.java...
  [javadoc] Loading source file /home/travis/build/google/guice/extensions/persist/src/com/google/inject/persist/finder/FirstResult.java...
  [javadoc] Loading source file /home/travis/build/google/guice/extensions/persist/src/com/google/inject/persist/finder/MaxResults.java...
  [javadoc] Loading source file /home/travis/build/google/guice/extensions/persist/src/com/google/inject/persist/finder/package-info.java...
  [javadoc] Loading source file /home/travis/build/google/guice/extensions/persist/src/com/google/inject/persist/jpa/Jpa.java...
  [javadoc] Loading source file /home/travis/build/google/guice/extensions/persist/src/com/google/inject/persist/jpa/JpaFinderProxy.java...
  [javadoc] Loading source file /home/travis/build/google/guice/extensions/persist/src/com/google/inject/persist/jpa/JpaLocalTxnInterceptor.java...
  [javadoc] Loading source file /home/travis/build/google/guice/extensions/persist/src/com/google/inject/persist/jpa/JpaPersistModule.java...
  [javadoc] Loading source file /home/travis/build/google/guice/extensions/persist/src/com/google/inject/persist/jpa/JpaPersistService.java...
  [javadoc] Loading source file /home/travis/build/google/guice/extensions/persist/src/com/google/inject/persist/jpa/package-info.java...
  [javadoc] Loading source file /home/travis/build/google/guice/extensions/persist/src/com/google/inject/persist/package-info.java...
  [javadoc] Loading source file /home/travis/build/google/guice/extensions/spring/src/com/google/inject/spring/SpringIntegration.java...
  [javadoc] Loading source file /home/travis/build/google/guice/extensions/spring/src/com/google/inject/spring/package-info.java...
  [javadoc] Loading source file /home/travis/build/google/guice/extensions/struts2/src/com/google/inject/struts2/GuiceObjectFactory.java...
  [javadoc] Loading source file /home/travis/build/google/guice/extensions/struts2/src/com/google/inject/struts2/Struts2Factory.java...
  [javadoc] Loading source file /home/travis/build/google/guice/extensions/struts2/src/com/google/inject/struts2/Struts2GuicePluginModule.java...
  [javadoc] Loading source file /home/travis/build/google/guice/extensions/jndi/src/com/google/inject/jndi/JndiIntegration.java...
  [javadoc] Loading source file /home/travis/build/google/guice/extensions/jndi/src/com/google/inject/jndi/package-info.java...
  [javadoc] Loading source file /home/travis/build/google/guice/extensions/jmx/src/com/google/inject/tools/jmx/ManagedBinding.java...
  [javadoc] Loading source file /home/travis/build/google/guice/extensions/jmx/src/com/google/inject/tools/jmx/ManagedBindingMBean.java...
  [javadoc] Loading source file /home/travis/build/google/guice/extensions/jmx/src/com/google/inject/tools/jmx/Manager.java...
  [javadoc] Loading source file /home/travis/build/google/guice/extensions/jmx/src/com/google/inject/tools/jmx/package-info.java...
  [javadoc] Constructing Javadoc information...
  [javadoc] Creating destination directory: "/home/travis/build/google/guice/build/docs/javadoc/"
  [javadoc] Standard Doclet version 1.8.0_31
  [javadoc] Building tree for all the packages and classes...
  [javadoc] /home/travis/build/google/guice/extensions/dagger-adapter/src/com/google/inject/daggeradapter/DaggerAdapter.java:53: warning - Tag @link:illegal character: "64" in "@dagger.Module"
  [javadoc] /home/travis/build/google/guice/extensions/dagger-adapter/src/com/google/inject/daggeradapter/DaggerAdapter.java:53: warning - Tag @link:illegal character: "64" in "@dagger.Provides"
  [javadoc] /home/travis/build/google/guice/extensions/dagger-adapter/src/com/google/inject/daggeradapter/DaggerAdapter.java:53: warning - Tag @link:illegal character: "64" in "@Singleton"
  [javadoc] /home/travis/build/google/guice/extensions/dagger-adapter/src/com/google/inject/daggeradapter/DaggerAdapter.java:53: warning - Tag @link: reference not found: @dagger.Module
  [javadoc] /home/travis/build/google/guice/extensions/dagger-adapter/src/com/google/inject/daggeradapter/DaggerAdapter.java:53: warning - Tag @link: reference not found: @dagger.Provides
  [javadoc] /home/travis/build/google/guice/extensions/dagger-adapter/src/com/google/inject/daggeradapter/DaggerAdapter.java:53: warning - Tag @link: reference not found: @Singleton
  [javadoc] /home/travis/build/google/guice/extensions/dagger-adapter/src/com/google/inject/daggeradapter/DaggerAdapter.java:53: warning - Tag @link: reference not found: @dagger.Module
  [javadoc] /home/travis/build/google/guice/extensions/dagger-adapter/src/com/google/inject/daggeradapter/DaggerAdapter.java:53: warning - Tag @link: reference not found: @dagger.Provides
  [javadoc] Building index for all the packages and classes...
  [javadoc] /home/travis/build/google/guice/extensions/dagger-adapter/src/com/google/inject/daggeradapter/DaggerAdapter.java:53: warning - Tag @link: reference not found: @dagger.Module
  [javadoc] /home/travis/build/google/guice/extensions/dagger-adapter/src/com/google/inject/daggeradapter/DaggerAdapter.java:53: warning - Tag @link: reference not found: @dagger.Provides
  [javadoc] Building index for all classes...
  [javadoc] Generating /home/travis/build/google/guice/build/docs/javadoc/help-doc.html...
  [javadoc] 10 warnings

dist:

source.jar:
    [mkdir] Created dir: /home/travis/build/google/guice/extensions/servlet/build
      [zip] Building zip: /home/travis/build/google/guice/extensions/servlet/build/guice-servlet-snapshot-src.jar

compile:
    [mkdir] Created dir: /home/travis/build/google/guice/extensions/servlet/build/classes
    [javac] Compiling 36 source files to /home/travis/build/google/guice/extensions/servlet/build/classes
    [javac] warning: [options] bootstrap class path not set in conjunction with -source 1.6
    [javac] /home/travis/build/google/guice/extensions/servlet/src/com/google/inject/servlet/FilterDefinition.java:125: warning: [rawtypes] found raw type: Enumeration
    [javac]       public Enumeration getInitParameterNames() {
    [javac]              ^
    [javac]   missing type arguments for generic class Enumeration<E>
    [javac]   where E is a type-variable:
    [javac]     E extends Object declared in interface Enumeration
    [javac] /home/travis/build/google/guice/extensions/servlet/src/com/google/inject/servlet/ServletDefinition.java:134: warning: [rawtypes] found raw type: Enumeration
    [javac]       public Enumeration getInitParameterNames() {
    [javac]              ^
    [javac]   missing type arguments for generic class Enumeration<E>
    [javac]   where E is a type-variable:
    [javac]     E extends Object declared in interface Enumeration
    [javac] /home/travis/build/google/guice/extensions/servlet/src/com/google/inject/servlet/ServletScopes.java:419: warning: [rawtypes] found raw type: Key
    [javac]     final Map<Key, Object> map = Maps.newHashMap();
    [javac]               ^
    [javac]   missing type arguments for generic class Key<T>
    [javac]   where T is a type-variable:
    [javac]     T extends Object declared in class Key
    [javac] 4 warnings
    [javac] Creating empty /home/travis/build/google/guice/extensions/servlet/build/classes/com/google/inject/servlet/package-info.class

manifest:
  [bndwrap] classes 69 0
    [unjar] Expanding: /home/travis/build/google/guice/extensions/servlet/build/classes.bar into /home/travis/build/google/guice/extensions/servlet/build

jar:
      [jar] Building jar: /home/travis/build/google/guice/extensions/servlet/build/guice-servlet-snapshot.jar

distjars:

source.jar:
    [mkdir] Created dir: /home/travis/build/google/guice/extensions/spring/build
      [zip] Building zip: /home/travis/build/google/guice/extensions/spring/build/guice-spring-snapshot-src.jar

compile:
    [mkdir] Created dir: /home/travis/build/google/guice/extensions/spring/build/classes
    [javac] Compiling 2 source files to /home/travis/build/google/guice/extensions/spring/build/classes
    [javac] warning: [options] bootstrap class path not set in conjunction with -source 1.6
    [javac] 1 warning
    [javac] Creating empty /home/travis/build/google/guice/extensions/spring/build/classes/com/google/inject/spring/package-info.class

manifest:
  [bndwrap] classes 4 0
    [unjar] Expanding: /home/travis/build/google/guice/extensions/spring/build/classes.bar into /home/travis/build/google/guice/extensions/spring/build

jar:
      [jar] Building jar: /home/travis/build/google/guice/extensions/spring/build/guice-spring-snapshot.jar

distjars:

source.jar:
    [mkdir] Created dir: /home/travis/build/google/guice/extensions/struts2/build
      [zip] Building zip: /home/travis/build/google/guice/extensions/struts2/build/guice-struts2-plugin-snapshot-src.jar

compile:
    [mkdir] Created dir: /home/travis/build/google/guice/extensions/struts2/build/classes
    [javac] Compiling 3 source files to /home/travis/build/google/guice/extensions/struts2/build/classes
    [javac] warning: [options] bootstrap class path not set in conjunction with -source 1.6
    [javac] /home/travis/build/google/guice/extensions/struts2/src/com/google/inject/struts2/GuiceObjectFactory.java:82: warning: [rawtypes] found raw type: Class
    [javac]   public Class getClassInstance(String name) throws ClassNotFoundException {
    [javac]          ^
    [javac]   missing type arguments for generic class Class<T>
    [javac]   where T is a type-variable:
    [javac]     T extends Object declared in class Class
    [javac] /home/travis/build/google/guice/extensions/struts2/src/com/google/inject/struts2/GuiceObjectFactory.java:110: warning: [rawtypes] found raw type: Class
    [javac]   public Object buildBean(Class clazz, Map extraContext) {
    [javac]                           ^
    [javac]   missing type arguments for generic class Class<T>
    [javac]   where T is a type-variable:
    [javac]     T extends Object declared in class Class
    [javac] /home/travis/build/google/guice/extensions/struts2/src/com/google/inject/struts2/GuiceObjectFactory.java:110: warning: [rawtypes] found raw type: Map
    [javac]   public Object buildBean(Class clazz, Map extraContext) {
    [javac]                                        ^
    [javac]   missing type arguments for generic class Map<K,V>
    [javac]   where K,V are type-variables:
    [javac]     K extends Object declared in interface Map
    [javac]     V extends Object declared in interface Map
    [javac] /home/travis/build/google/guice/extensions/struts2/src/com/google/inject/struts2/GuiceObjectFactory.java:168: warning: [rawtypes] found raw type: Map
    [javac]       Map interceptorRefParams) throws ConfigurationException {
    [javac]       ^
    [javac]   missing type arguments for generic class Map<K,V>
    [javac]   where K,V are type-variables:
    [javac]     K extends Object declared in interface Map
    [javac]     V extends Object declared in interface Map
    [javac] /home/travis/build/google/guice/extensions/struts2/src/com/google/inject/struts2/GuiceObjectFactory.java:184: warning: [rawtypes] found raw type: Map
    [javac]       Map interceptorRefParams) throws ConfigurationException {
    [javac]       ^
    [javac]   missing type arguments for generic class Map<K,V>
    [javac]   where K,V are type-variables:
    [javac]     K extends Object declared in interface Map
    [javac]     V extends Object declared in interface Map
    [javac] /home/travis/build/google/guice/extensions/struts2/src/com/google/inject/struts2/GuiceObjectFactory.java:185: warning: [unchecked] unchecked method invocation: method buildInterceptor in class ObjectFactory is applied to given types
    [javac]     return super.buildInterceptor(interceptorConfig, interceptorRefParams);
    [javac]                                  ^
    [javac]   required: InterceptorConfig,Map<String,String>
    [javac]   found: InterceptorConfig,Map
    [javac] /home/travis/build/google/guice/extensions/struts2/src/com/google/inject/struts2/GuiceObjectFactory.java:185: warning: [unchecked] unchecked conversion
    [javac]     return super.buildInterceptor(interceptorConfig, interceptorRefParams);
    [javac]                                                      ^
    [javac]   required: Map<String,String>
    [javac]   found:    Map
    [javac] /home/travis/build/google/guice/extensions/struts2/src/com/google/inject/struts2/GuiceObjectFactory.java:191: warning: [rawtypes] found raw type: Map
    [javac]     final Map params;
    [javac]           ^
    [javac]   missing type arguments for generic class Map<K,V>
    [javac]   where K,V are type-variables:
    [javac]     K extends Object declared in interface Map
    [javac]     V extends Object declared in interface Map
    [javac] /home/travis/build/google/guice/extensions/struts2/src/com/google/inject/struts2/GuiceObjectFactory.java:195: warning: [rawtypes] found raw type: Map
    [javac]     ProvidedInterceptor(InterceptorConfig config, Map params,
    [javac]                                                   ^
    [javac]   missing type arguments for generic class Map<K,V>
    [javac]   where K,V are type-variables:
    [javac]     K extends Object declared in interface Map
    [javac]     V extends Object declared in interface Map
    [javac] /home/travis/build/google/guice/extensions/struts2/src/com/google/inject/struts2/Struts2Factory.java:101: warning: [rawtypes] found raw type: Class
    [javac]   public Object buildBean(Class clazz, Map<String, Object> extraContext) {
    [javac]                           ^
    [javac]   missing type arguments for generic class Class<T>
    [javac]   where T is a type-variable:
    [javac]     T extends Object declared in class Class
    [javac] /home/travis/build/google/guice/extensions/struts2/src/com/google/inject/struts2/Struts2Factory.java:149: warning: [rawtypes] found raw type: Map
    [javac]       Map interceptorRefParams) throws ConfigurationException {
    [javac]       ^
    [javac]   missing type arguments for generic class Map<K,V>
    [javac]   where K,V are type-variables:
    [javac]     K extends Object declared in interface Map
    [javac]     V extends Object declared in interface Map
    [javac] 12 warnings
     [copy] Copying 1 file to /home/travis/build/google/guice/extensions/struts2/build/classes

manifest:
  [bndwrap] classes 8 0
    [unjar] Expanding: /home/travis/build/google/guice/extensions/struts2/build/classes.bar into /home/travis/build/google/guice/extensions/struts2/build

jar:
      [jar] Building jar: /home/travis/build/google/guice/extensions/struts2/build/guice-struts2-plugin-snapshot.jar

distjars:

source.jar:
    [mkdir] Created dir: /home/travis/build/google/guice/extensions/assistedinject/build
      [zip] Building zip: /home/travis/build/google/guice/extensions/assistedinject/build/guice-assistedinject-snapshot-src.jar

compile:
    [mkdir] Created dir: /home/travis/build/google/guice/extensions/assistedinject/build/classes
    [javac] Compiling 13 source files to /home/travis/build/google/guice/extensions/assistedinject/build/classes
    [javac] warning: [options] bootstrap class path not set in conjunction with -source 1.6
    [javac] /home/travis/build/google/guice/extensions/assistedinject/src/com/google/inject/assistedinject/FactoryProvider.java:379: warning: [rawtypes] found raw type: Class
    [javac]         new Class[] { factoryRawType }, invocationHandler));
    [javac]             ^
    [javac]   missing type arguments for generic class Class<T>
    [javac]   where T is a type-variable:
    [javac]     T extends Object declared in class Class
    [javac] 2 warnings
    [javac] Creating empty /home/travis/build/google/guice/extensions/assistedinject/build/classes/com/google/inject/assistedinject/package-info.class

manifest:
  [bndwrap] classes 20 0
    [unjar] Expanding: /home/travis/build/google/guice/extensions/assistedinject/build/classes.bar into /home/travis/build/google/guice/extensions/assistedinject/build

jar:
      [jar] Building jar: /home/travis/build/google/guice/extensions/assistedinject/build/guice-assistedinject-snapshot.jar

distjars:

source.jar:
    [mkdir] Created dir: /home/travis/build/google/guice/extensions/jmx/build
      [zip] Building zip: /home/travis/build/google/guice/extensions/jmx/build/guice-jmx-snapshot-src.jar

compile:
    [mkdir] Created dir: /home/travis/build/google/guice/extensions/jmx/build/classes
    [javac] Compiling 4 source files to /home/travis/build/google/guice/extensions/jmx/build/classes
    [javac] warning: [options] bootstrap class path not set in conjunction with -source 1.6
    [javac] /home/travis/build/google/guice/extensions/jmx/src/com/google/inject/tools/jmx/ManagedBinding.java:23: warning: [rawtypes] found raw type: Binding
    [javac]   final Binding binding;
    [javac]         ^
    [javac]   missing type arguments for generic class Binding<T>
    [javac]   where T is a type-variable:
    [javac]     T extends Object declared in interface Binding
    [javac] /home/travis/build/google/guice/extensions/jmx/src/com/google/inject/tools/jmx/ManagedBinding.java:25: warning: [rawtypes] found raw type: Binding
    [javac]   ManagedBinding(Binding binding) {
    [javac]                  ^
    [javac]   missing type arguments for generic class Binding<T>
    [javac]   where T is a type-variable:
    [javac]     T extends Object declared in interface Binding
    [javac] 3 warnings
    [javac] Creating empty /home/travis/build/google/guice/extensions/jmx/build/classes/com/google/inject/tools/jmx/package-info.class

manifest:
  [bndwrap] classes 4 0
    [unjar] Expanding: /home/travis/build/google/guice/extensions/jmx/build/classes.bar into /home/travis/build/google/guice/extensions/jmx/build

jar:
      [jar] Building jar: /home/travis/build/google/guice/extensions/jmx/build/guice-jmx-snapshot.jar

distjars:

source.jar:
    [mkdir] Created dir: /home/travis/build/google/guice/extensions/jndi/build
      [zip] Building zip: /home/travis/build/google/guice/extensions/jndi/build/guice-jndi-snapshot-src.jar

compile:
    [mkdir] Created dir: /home/travis/build/google/guice/extensions/jndi/build/classes
    [javac] Compiling 2 source files to /home/travis/build/google/guice/extensions/jndi/build/classes
    [javac] warning: [options] bootstrap class path not set in conjunction with -source 1.6
    [javac] 1 warning
    [javac] Creating empty /home/travis/build/google/guice/extensions/jndi/build/classes/com/google/inject/jndi/package-info.class

manifest:
  [bndwrap] classes 3 0
    [unjar] Expanding: /home/travis/build/google/guice/extensions/jndi/build/classes.bar into /home/travis/build/google/guice/extensions/jndi/build

jar:
      [jar] Building jar: /home/travis/build/google/guice/extensions/jndi/build/guice-jndi-snapshot.jar

distjars:

source.jar:
    [mkdir] Created dir: /home/travis/build/google/guice/extensions/throwingproviders/build
      [zip] Building zip: /home/travis/build/google/guice/extensions/throwingproviders/build/guice-throwingproviders-snapshot-src.jar

compile:
    [mkdir] Created dir: /home/travis/build/google/guice/extensions/throwingproviders/build/classes
    [javac] Compiling 10 source files to /home/travis/build/google/guice/extensions/throwingproviders/build/classes
    [javac] warning: [options] bootstrap class path not set in conjunction with -source 1.6
    [javac] /home/travis/build/google/guice/extensions/throwingproviders/src/com/google/inject/throwingproviders/CheckedProvideUtils.java:79: warning: [rawtypes] found raw type: CheckedProvider
    [javac]       Class<? extends CheckedProvider> checkedProvider) {
    [javac]                       ^
    [javac]   missing type arguments for generic class CheckedProvider<T>
    [javac]   where T is a type-variable:
    [javac]     T extends Object declared in interface CheckedProvider
    [javac] /home/travis/build/google/guice/extensions/throwingproviders/src/com/google/inject/throwingproviders/ThrowingProviderBinder.java:119: warning: [rawtypes] found raw type: CheckedProvider
    [javac]   public <P extends CheckedProvider> SecondaryBinder<P, ?> 
    [javac]                     ^
    [javac]   missing type arguments for generic class CheckedProvider<T>
    [javac]   where T is a type-variable:
    [javac]     T extends Object declared in interface CheckedProvider
    [javac] /home/travis/build/google/guice/extensions/throwingproviders/src/com/google/inject/throwingproviders/ThrowingProviderBinder.java:127: warning: [rawtypes] found raw type: CheckedProvider
    [javac]   public <P extends CheckedProvider, T> SecondaryBinder<P, T> 
    [javac]                     ^
    [javac]   missing type arguments for generic class CheckedProvider<T>
    [javac]   where T is a type-variable:
    [javac]     T extends Object declared in interface CheckedProvider
    [javac] /home/travis/build/google/guice/extensions/throwingproviders/src/com/google/inject/throwingproviders/ThrowingProviderBinder.java:135: warning: [rawtypes] found raw type: CheckedProvider
    [javac]   public <P extends CheckedProvider, T> SecondaryBinder<P, T> 
    [javac]                     ^
    [javac]   missing type arguments for generic class CheckedProvider<T>
    [javac]   where T is a type-variable:
    [javac]     T extends Object declared in interface CheckedProvider
    [javac] /home/travis/build/google/guice/extensions/throwingproviders/src/com/google/inject/throwingproviders/ThrowingProviderBinder.java:140: warning: [rawtypes] found raw type: CheckedProvider
    [javac]   public class SecondaryBinder<P extends CheckedProvider, T> {
    [javac]                                          ^
    [javac]   missing type arguments for generic class CheckedProvider<T>
    [javac]   where T is a type-variable:
    [javac]     T extends Object declared in interface CheckedProvider
    [javac] /home/travis/build/google/guice/extensions/throwingproviders/src/com/google/inject/throwingproviders/ThrowingProviderBinder.java:410: warning: [deprecation] ThrowingProvider in com.google.inject.throwingproviders has been deprecated
    [javac]       boolean tpMode = interfaceType.getInterfaces()[0] == ThrowingProvider.class;      
    [javac]                                                            ^
    [javac] /home/travis/build/google/guice/extensions/throwingproviders/src/com/google/inject/throwingproviders/CheckedProviderMethod.java:51: warning: [rawtypes] found raw type: CheckedProvider
    [javac]   private final Class<? extends CheckedProvider> checkedProvider;
    [javac]                                 ^
    [javac]   missing type arguments for generic class CheckedProvider<T>
    [javac]   where T is a type-variable:
    [javac]     T extends Object declared in interface CheckedProvider
    [javac] /home/travis/build/google/guice/extensions/throwingproviders/src/com/google/inject/throwingproviders/CheckedProviderMethod.java:62: warning: [rawtypes] found raw type: CheckedProvider
    [javac]       Class<? extends CheckedProvider> checkedProvider,
    [javac]                       ^
    [javac]   missing type arguments for generic class CheckedProvider<T>
    [javac]   where T is a type-variable:
    [javac]     T extends Object declared in interface CheckedProvider
    [javac] /home/travis/build/google/guice/extensions/throwingproviders/src/com/google/inject/throwingproviders/CheckedProvides.java:44: warning: [rawtypes] found raw type: CheckedProvider
    [javac]   Class<? extends CheckedProvider> value();
    [javac]                   ^
    [javac]   missing type arguments for generic class CheckedProvider<T>
    [javac]   where T is a type-variable:
    [javac]     T extends Object declared in interface CheckedProvider
    [javac] 10 warnings
    [javac] Creating empty /home/travis/build/google/guice/extensions/throwingproviders/build/classes/com/google/inject/throwingproviders/package-info.class

manifest:
  [bndwrap] Should not skip: ^
  [bndwrap] classes 21 0
    [unjar] Expanding: /home/travis/build/google/guice/extensions/throwingproviders/build/classes.bar into /home/travis/build/google/guice/extensions/throwingproviders/build

jar:
      [jar] Building jar: /home/travis/build/google/guice/extensions/throwingproviders/build/guice-throwingproviders-snapshot.jar

distjars:

source.jar:
    [mkdir] Created dir: /home/travis/build/google/guice/extensions/multibindings/build
      [zip] Building zip: /home/travis/build/google/guice/extensions/multibindings/build/guice-multibindings-snapshot-src.jar

compile:
    [mkdir] Created dir: /home/travis/build/google/guice/extensions/multibindings/build/classes
    [javac] Compiling 18 source files to /home/travis/build/google/guice/extensions/multibindings/build/classes
    [javac] warning: [options] bootstrap class path not set in conjunction with -source 1.6
    [javac] /home/travis/build/google/guice/extensions/multibindings/src/com/google/inject/multibindings/Multibinder.java:300: warning: [rawtypes] found raw type: Key
    [javac]       Key key = (Key) collectionOfProvidersKey;
    [javac]       ^
    [javac]   missing type arguments for generic class Key<T>
    [javac]   where T is a type-variable:
    [javac]     T extends Object declared in class Key
    [javac] /home/travis/build/google/guice/extensions/multibindings/src/com/google/inject/multibindings/Multibinder.java:301: warning: [unchecked] unchecked method invocation: method to in interface LinkedBindingBuilder is applied to given types
    [javac]       binder.bind(collectionOfJavaxProvidersKey).to(key);
    [javac]                                                    ^
    [javac]   required: Key<? extends T>
    [javac]   found: Key
    [javac]   where T is a type-variable:
    [javac]     T extends Object declared in interface LinkedBindingBuilder
    [javac] /home/travis/build/google/guice/extensions/multibindings/src/com/google/inject/multibindings/Multibinder.java:301: warning: [unchecked] unchecked conversion
    [javac]       binder.bind(collectionOfJavaxProvidersKey).to(key);
    [javac]                                                     ^
    [javac]   required: Key<? extends T>
    [javac]   found:    Key
    [javac]   where T is a type-variable:
    [javac]     T extends Object declared in interface LinkedBindingBuilder
    [javac] /home/travis/build/google/guice/extensions/multibindings/src/com/google/inject/multibindings/Multibinder.java:468: warning: [rawtypes] found raw type: Provider
    [javac]         Provider<T>[] providers = new Provider[size];
    [javac]                                       ^
    [javac]   missing type arguments for generic class Provider<T>
    [javac]   where T is a type-variable:
    [javac]     T extends Object declared in interface Provider
    [javac] /home/travis/build/google/guice/extensions/multibindings/src/com/google/inject/multibindings/Multibinder.java:481: warning: [rawtypes] found raw type: Key
    [javac]           Key key = dependency.getKey();
    [javac]           ^
    [javac]   missing type arguments for generic class Key<T>
    [javac]   where T is a type-variable:
    [javac]     T extends Object declared in class Key
    [javac] /home/travis/build/google/guice/extensions/multibindings/src/com/google/inject/multibindings/Multibinder.java:483: warning: [unchecked] unchecked method invocation: method get in class Dependency is applied to given types
    [javac]               Dependency.get(key.ofType(Types.providerOf(key.getTypeLiteral().getType()))));
    [javac]                             ^
    [javac]   required: Key<T>
    [javac]   found: Key
    [javac]   where T is a type-variable:
    [javac]     T extends Object declared in method <T>get(Key<T>)
    [javac] /home/travis/build/google/guice/extensions/multibindings/src/com/google/inject/multibindings/Multibinder.java:483: warning: [unchecked] unchecked conversion
    [javac]               Dependency.get(key.ofType(Types.providerOf(key.getTypeLiteral().getType()))));
    [javac]                                        ^
    [javac]   required: Key<T>
    [javac]   found:    Key
    [javac]   where T is a type-variable:
    [javac]     T extends Object declared in method <T>get(Key<T>)
    [javac] /home/travis/build/google/guice/extensions/multibindings/src/com/google/inject/multibindings/Multibinder.java:488: warning: [rawtypes] found raw type: Key
    [javac]       Key getCollectionKey() {
    [javac]       ^
    [javac]   missing type arguments for generic class Key<T>
    [javac]   where T is a type-variable:
    [javac]     T extends Object declared in class Key
    [javac] /home/travis/build/google/guice/extensions/multibindings/src/com/google/inject/multibindings/MapBinder.java:394: warning: [rawtypes] found raw type: Key
    [javac]       Key massagedProviderMapKey = (Key)providerMapKey;
    [javac]       ^
    [javac]   missing type arguments for generic class Key<T>
    [javac]   where T is a type-variable:
    [javac]     T extends Object declared in class Key
    [javac] /home/travis/build/google/guice/extensions/multibindings/src/com/google/inject/multibindings/MapBinder.java:395: warning: [unchecked] unchecked method invocation: method to in interface LinkedBindingBuilder is applied to given types
    [javac]       binder.bind(javaxProviderMapKey).to(massagedProviderMapKey);
    [javac]                                          ^
    [javac]   required: Key<? extends T>
    [javac]   found: Key
    [javac]   where T is a type-variable:
    [javac]     T extends Object declared in interface LinkedBindingBuilder
    [javac] /home/travis/build/google/guice/extensions/multibindings/src/com/google/inject/multibindings/MapBinder.java:395: warning: [unchecked] unchecked conversion
    [javac]       binder.bind(javaxProviderMapKey).to(massagedProviderMapKey);
    [javac]                                           ^
    [javac]   required: Key<? extends T>
    [javac]   found:    Key
    [javac]   where T is a type-variable:
    [javac]     T extends Object declared in interface LinkedBindingBuilder
    [javac] /home/travis/build/google/guice/extensions/multibindings/src/com/google/inject/multibindings/MapBinder.java:797: warning: [rawtypes] found raw type: Entry
    [javac]            Map.Entry o = (Map.Entry)obj;
    [javac]               ^
    [javac]   missing type arguments for generic class Entry<K,V>
    [javac]   where K,V are type-variables:
    [javac]     K extends Object declared in interface Entry
    [javac]     V extends Object declared in interface Entry
    [javac] /home/travis/build/google/guice/extensions/multibindings/src/com/google/inject/multibindings/OptionalBinder.java:305: warning: [rawtypes] found raw type: Key
    [javac]     private final Key javaOptionalKey;
    [javac]                   ^
    [javac]   missing type arguments for generic class Key<T>
    [javac]   where T is a type-variable:
    [javac]     T extends Object declared in class Key
    [javac] /home/travis/build/google/guice/extensions/multibindings/src/com/google/inject/multibindings/OptionalBinder.java:306: warning: [rawtypes] found raw type: Key
    [javac]     private final Key javaOptionalJavaxProviderKey;
    [javac]                   ^
    [javac]   missing type arguments for generic class Key<T>
    [javac]   where T is a type-variable:
    [javac]     T extends Object declared in class Key
    [javac] /home/travis/build/google/guice/extensions/multibindings/src/com/google/inject/multibindings/OptionalBinder.java:307: warning: [rawtypes] found raw type: Key
    [javac]     private final Key javaOptionalProviderKey;
    [javac]                   ^
    [javac]   missing type arguments for generic class Key<T>
    [javac]   where T is a type-variable:
    [javac]     T extends Object declared in class Key
    [javac] /home/travis/build/google/guice/extensions/multibindings/src/com/google/inject/multibindings/OptionalBinder.java:385: warning: [rawtypes] found raw type: Key
    [javac]       Key massagedOptionalProviderKey = (Key) optionalProviderKey;
    [javac]       ^
    [javac]   missing type arguments for generic class Key<T>
    [javac]   where T is a type-variable:
    [javac]     T extends Object declared in class Key
    [javac] /home/travis/build/google/guice/extensions/multibindings/src/com/google/inject/multibindings/OptionalBinder.java:386: warning: [unchecked] unchecked method invocation: method to in interface LinkedBindingBuilder is applied to given types
    [javac]       binder.bind(optionalJavaxProviderKey).to(massagedOptionalProviderKey);
    [javac]                                               ^
    [javac]   required: Key<? extends T>
    [javac]   found: Key
    [javac]   where T is a type-variable:
    [javac]     T extends Object declared in interface LinkedBindingBuilder
    [javac] /home/travis/build/google/guice/extensions/multibindings/src/com/google/inject/multibindings/OptionalBinder.java:386: warning: [unchecked] unchecked conversion
    [javac]       binder.bind(optionalJavaxProviderKey).to(massagedOptionalProviderKey);
    [javac]                                                ^
    [javac]   required: Key<? extends T>
    [javac]   found:    Key
    [javac]   where T is a type-variable:
    [javac]     T extends Object declared in interface LinkedBindingBuilder
    [javac] 19 warnings
    [javac] Creating empty /home/travis/build/google/guice/extensions/multibindings/build/classes/com/google/inject/multibindings/package-info.class

manifest:
  [bndwrap] classes 57 0
    [unjar] Expanding: /home/travis/build/google/guice/extensions/multibindings/build/classes.bar into /home/travis/build/google/guice/extensions/multibindings/build

jar:
      [jar] Building jar: /home/travis/build/google/guice/extensions/multibindings/build/guice-multibindings-snapshot.jar

distjars:

source.jar:
    [mkdir] Created dir: /home/travis/build/google/guice/extensions/dagger-adapter/build
      [zip] Building zip: /home/travis/build/google/guice/extensions/dagger-adapter/build/guice-dagger-adapter-snapshot-src.jar

compile:
    [mkdir] Created dir: /home/travis/build/google/guice/extensions/dagger-adapter/build/classes
    [javac] Compiling 2 source files to /home/travis/build/google/guice/extensions/dagger-adapter/build/classes
    [javac] warning: [options] bootstrap class path not set in conjunction with -source 1.6
    [javac] /home/travis/build/google/guice/extensions/dagger-adapter/src/com/google/inject/daggeradapter/DaggerMethodScanner.java:55: warning: [fallthrough] possible fall-through into case
    [javac]       case SET:
    [javac]       ^
    [javac] 2 warnings

manifest:
  [bndwrap] classes 5 0
    [unjar] Expanding: /home/travis/build/google/guice/extensions/dagger-adapter/build/classes.bar into /home/travis/build/google/guice/extensions/dagger-adapter/build

jar:
      [jar] Building jar: /home/travis/build/google/guice/extensions/dagger-adapter/build/guice-dagger-adapter-snapshot.jar

distjars:

source.jar:
    [mkdir] Created dir: /home/travis/build/google/guice/extensions/persist/build
      [zip] Building zip: /home/travis/build/google/guice/extensions/persist/build/guice-persist-snapshot-src.jar

compile:
    [mkdir] Created dir: /home/travis/build/google/guice/extensions/persist/build/classes
    [javac] Compiling 17 source files to /home/travis/build/google/guice/extensions/persist/build/classes
    [javac] warning: [options] bootstrap class path not set in conjunction with -source 1.6
    [javac] /home/travis/build/google/guice/extensions/persist/src/com/google/inject/persist/finder/Finder.java:50: warning: [rawtypes] found raw type: Collection
    [javac]   Class<? extends Collection> returnAs() default Collection.class;
    [javac]                   ^
    [javac]   missing type arguments for generic class Collection<E>
    [javac]   where E is a type-variable:
    [javac]     E extends Object declared in interface Collection
    [javac] /home/travis/build/google/guice/extensions/persist/src/com/google/inject/persist/jpa/JpaFinderProxy.java:86: warning: [rawtypes] found raw type: List
    [javac]       List results) {
    [javac]       ^
    [javac]   missing type arguments for generic class List<E>
    [javac]   where E is a type-variable:
    [javac]     E extends Object declared in interface List
    [javac] /home/travis/build/google/guice/extensions/persist/src/com/google/inject/persist/jpa/JpaFinderProxy.java:104: warning: [unchecked] unchecked method invocation: method addAll in interface Collection is applied to given types
    [javac]     collection.addAll(results);
    [javac]                      ^
    [javac]   required: Collection<? extends E>
    [javac]   found: List
    [javac]   where E is a type-variable:
    [javac]     E extends Object declared in interface Collection
    [javac] /home/travis/build/google/guice/extensions/persist/src/com/google/inject/persist/jpa/JpaFinderProxy.java:104: warning: [unchecked] unchecked conversion
    [javac]     collection.addAll(results);
    [javac]                       ^
    [javac]   required: Collection<? extends E>
    [javac]   found:    List
    [javac]   where E is a type-variable:
    [javac]     E extends Object declared in interface Collection
    [javac] /home/travis/build/google/guice/extensions/persist/src/com/google/inject/persist/jpa/JpaFinderProxy.java:250: warning: [rawtypes] found raw type: Collection
    [javac]     volatile Class<? extends Collection> returnCollectionType;
    [javac]                              ^
    [javac]   missing type arguments for generic class Collection<E>
    [javac]   where E is a type-variable:
    [javac]     E extends Object declared in interface Collection
    [javac] /home/travis/build/google/guice/extensions/persist/src/com/google/inject/persist/jpa/JpaFinderProxy.java:251: warning: [rawtypes] found raw type: Constructor
    [javac]     volatile Constructor returnCollectionTypeConstructor;
    [javac]              ^
    [javac]   missing type arguments for generic class Constructor<T>
    [javac]   where T is a type-variable:
    [javac]     T extends Object declared in class Constructor
    [javac] 7 warnings
    [javac] Creating empty /home/travis/build/google/guice/extensions/persist/build/classes/com/google/inject/persist/jpa/package-info.class
    [javac] Creating empty /home/travis/build/google/guice/extensions/persist/build/classes/com/google/inject/persist/package-info.class
    [javac] Creating empty /home/travis/build/google/guice/extensions/persist/build/classes/com/google/inject/persist/finder/package-info.class

manifest:
  [bndwrap] classes 25 0
    [unjar] Expanding: /home/travis/build/google/guice/extensions/persist/build/classes.bar into /home/travis/build/google/guice/extensions/persist/build

jar:
      [jar] Building jar: /home/travis/build/google/guice/extensions/persist/build/guice-persist-snapshot.jar

distjars:

source.jar:
    [mkdir] Created dir: /home/travis/build/google/guice/extensions/grapher/build
      [zip] Building zip: /home/travis/build/google/guice/extensions/grapher/build/guice-grapher-snapshot-src.jar

compile:
    [mkdir] Created dir: /home/travis/build/google/guice/extensions/grapher/build/classes
    [javac] Compiling 34 source files to /home/travis/build/google/guice/extensions/grapher/build/classes
    [javac] warning: [options] bootstrap class path not set in conjunction with -source 1.6
    [javac] 1 warning

manifest:
  [bndwrap] classes 42 0
    [unjar] Expanding: /home/travis/build/google/guice/extensions/grapher/build/classes.bar into /home/travis/build/google/guice/extensions/grapher/build

jar:
      [jar] Building jar: /home/travis/build/google/guice/extensions/grapher/build/guice-grapher-snapshot.jar

distjars:

source.jar:
    [mkdir] Created dir: /home/travis/build/google/guice/extensions/testlib/build
      [zip] Building zip: /home/travis/build/google/guice/extensions/testlib/build/guice-testlib-snapshot-src.jar

compile:
    [mkdir] Created dir: /home/travis/build/google/guice/extensions/testlib/build/classes
    [javac] Compiling 2 source files to /home/travis/build/google/guice/extensions/testlib/build/classes
    [javac] warning: [options] bootstrap class path not set in conjunction with -source 1.6
    [javac] 1 warning

manifest:
  [bndwrap] classes 5 0
    [unjar] Expanding: /home/travis/build/google/guice/extensions/testlib/build/classes.bar into /home/travis/build/google/guice/extensions/testlib/build

jar:
      [jar] Building jar: /home/travis/build/google/guice/extensions/testlib/build/guice-testlib-snapshot.jar

distjars:
     [copy] Copying 2 files to /home/travis/build/google/guice/build/dist
     [copy] Copying 2 files to /home/travis/build/google/guice/build/dist
     [copy] Copying 2 files to /home/travis/build/google/guice/build/dist
     [copy] Copying 2 files to /home/travis/build/google/guice/build/dist
     [copy] Copying 2 files to /home/travis/build/google/guice/build/dist
     [copy] Copying 2 files to /home/travis/build/google/guice/build/dist
     [copy] Copying 2 files to /home/travis/build/google/guice/build/dist
     [copy] Copying 2 files to /home/travis/build/google/guice/build/dist
     [copy] Copying 2 files to /home/travis/build/google/guice/build/dist
     [copy] Copying 2 files to /home/travis/build/google/guice/build/dist
     [copy] Copying 2 files to /home/travis/build/google/guice/build/dist
     [copy] Copying 2 files to /home/travis/build/google/guice/build/dist
     [copy] Copying 1 file to /home/travis/build/google/guice/build/dist
     [copy] Copying 3 files to /home/travis/build/google/guice/build/dist
      [zip] Building zip: /home/travis/build/google/guice/build/guice-snapshot.zip
      [zip] Building zip: /home/travis/build/google/guice/build/guice-snapshot-src.zip

test.dist:

compile:

jar.withdeps:
   [jarjar] Building jar: /home/travis/build/google/guice/build/guice-with-deps.jar

manifest:
  [bndwrap] classes 359 456456
    [unjar] Expanding: /home/travis/build/google/guice/build/classes.bar into /home/travis/build/google/guice/build

jar:
      [jar] Building jar: /home/travis/build/google/guice/build/dist/guice-snapshot.jar

test.compile:
    [mkdir] Created dir: /home/travis/build/google/guice/build/test
    [javac] Compiling 88 source files to /home/travis/build/google/guice/build/test
    [javac] warning: [options] bootstrap class path not set in conjunction with -source 1.6
    [javac] Note: Some input files use or override a deprecated API.
    [javac] Note: Recompile with -Xlint:deprecation for details.
    [javac] Note: Some input files use unchecked or unsafe operations.
    [javac] Note: Recompile with -Xlint:unchecked for details.
    [javac] 1 warning

test.withdeps:
   [jarjar] Building jar: /home/travis/build/google/guice/build/guice-snapshot-tests.jar

test.dist.run:
    [junit] Jan 08, 2016 9:43:32 AM com.google.inject.spi.InjectionPoint getInjectionPoints
    [junit] WARNING: Method: protected void org.atinject.tck.auto.accessories.SpareTire.injectProtectedMethodForOverride() is not annotated with @Inject but is overriding a method that is annotated with @javax.inject.Inject.  Because it is not annotated with @Inject, the method will not be injected. To fix this, annotate the method with @Inject.
    [junit] Jan 08, 2016 9:43:32 AM com.google.inject.spi.InjectionPoint getInjectionPoints
    [junit] WARNING: Method: public void org.atinject.tck.auto.accessories.SpareTire.injectPublicMethodForOverride() is not annotated with @Inject but is overriding a method that is annotated with @javax.inject.Inject.  Because it is not annotated with @Inject, the method will not be injected. To fix this, annotate the method with @Inject.
    [junit] Jan 08, 2016 9:43:32 AM com.google.inject.spi.InjectionPoint getInjectionPoints
    [junit] WARNING: Method: void org.atinject.tck.auto.accessories.SpareTire.injectPackagePrivateMethod3() is not annotated with @Inject but is overriding a method that is annotated with @javax.inject.Inject.  Because it is not annotated with @Inject, the method will not be injected. To fix this, annotate the method with @Inject.
    [junit] Jan 08, 2016 9:43:32 AM com.google.inject.spi.InjectionPoint getInjectionPoints
    [junit] WARNING: Method: public void org.atinject.tck.auto.GasEngine.injectTwiceOverriddenWithOmissionInMiddle() is not annotated with @Inject but is overriding a method that is annotated with @javax.inject.Inject.  Because it is not annotated with @Inject, the method will not be injected. To fix this, annotate the method with @Inject.
    [junit] Jan 08, 2016 9:43:32 AM com.google.inject.spi.InjectionPoint getInjectionPoints
    [junit] WARNING: Method: void org.atinject.tck.auto.V8Engine.injectPackagePrivateMethodForOverride() is not annotated with @Inject but is overriding a method that is annotated with @javax.inject.Inject.  Because it is not annotated with @Inject, the method will not be injected. To fix this, annotate the method with @Inject.
    [junit] Jan 08, 2016 9:43:32 AM com.google.inject.spi.InjectionPoint getInjectionPoints
    [junit] WARNING: Method: public void org.atinject.tck.auto.V8Engine.injectQualifiers(org.atinject.tck.auto.Seat,org.atinject.tck.auto.Seat,org.atinject.tck.auto.Tire,org.atinject.tck.auto.Tire) is not annotated with @Inject but is overriding a method that is annotated with @javax.inject.Inject.  Because it is not annotated with @Inject, the method will not be injected. To fix this, annotate the method with @Inject.
    [junit] Jan 08, 2016 9:43:32 AM com.google.inject.spi.InjectionPoint getInjectionPoints
    [junit] WARNING: Method: public void org.atinject.tck.auto.V8Engine.injectTwiceOverriddenWithOmissionInSubclass() is not annotated with @Inject but is overriding a method that is annotated with @javax.inject.Inject.  Because it is not annotated with @Inject, the method will not be injected. To fix this, annotate the method with @Inject.
    [junit] .........................................
    [junit] ...............................com.google.inject.CreationException: Unable to create injector, see the following errors:
    [junit] 
    [junit] 1) A binding to com.google.inject.BinderTest$HasImplementedBy1 was already configured at com.google.inject.BinderTest$19.configure(BinderTest.java:347).
    [junit]   at com.google.inject.BinderTest$19.configure(BinderTest.java:346)
    [junit] 
    [junit] 1 error
    [junit] 	at com.google.inject.internal.Errors.throwCreationExceptionIfErrorsExist(Errors.java:470)
    [junit] 	at com.google.inject.internal.InternalInjectorCreator.initializeStatically(InternalInjectorCreator.java:155)
    [junit] 	at com.google.inject.internal.InternalInjectorCreator.build(InternalInjectorCreator.java:107)
    [junit] 	at com.google.inject.Guice.createInjector(Guice.java:99)
    [junit] 	at com.google.inject.Guice.createInjector(Guice.java:73)
    [junit] 	at com.google.inject.Guice.createInjector(Guice.java:62)
    [junit] 	at com.google.inject.BinderTest.testSettingAtImplementedByTwice(BinderTest.java:343)
    [junit] 	at sun.reflect.NativeMethodAccessorImpl.invoke0(Native Method)
    [junit] 	at sun.reflect.NativeMethodAccessorImpl.invoke(NativeMethodAccessorImpl.java:62)
    [junit] 	at sun.reflect.DelegatingMethodAccessorImpl.invoke(DelegatingMethodAccessorImpl.java:43)
    [junit] 	at java.lang.reflect.Method.invoke(Method.java:483)
    [junit] 	at junit.framework.TestCase.runTest(TestCase.java:154)
    [junit] 	at junit.framework.TestCase.runBare(TestCase.java:127)
    [junit] 	at junit.framework.TestResult$1.protect(TestResult.java:106)
    [junit] 	at junit.framework.TestResult.runProtected(TestResult.java:124)
    [junit] 	at junit.framework.TestResult.run(TestResult.java:109)
    [junit] 	at junit.framework.TestCase.run(TestCase.java:118)
    [junit] 	at junit.framework.TestSuite.runTest(TestSuite.java:208)
    [junit] 	at junit.framework.TestSuite.run(TestSuite.java:203)
    [junit] 	at junit.framework.TestSuite.runTest(TestSuite.java:208)
    [junit] 	at junit.framework.TestSuite.run(TestSuite.java:203)
    [junit] 	at junit.textui.TestRunner.doRun(TestRunner.java:116)
    [junit] 	at junit.textui.TestRunner.start(TestRunner.java:172)
    [junit] 	at junit.textui.TestRunner.main(TestRunner.java:138)
    [junit] ..........
    [junit] ..Jan 08, 2016 9:43:33 AM com.google.inject.internal.MessageProcessor visit
    [junit] INFO: An exception was caught and reported. Message: java.lang.IllegalArgumentException
    [junit] java.lang.IllegalArgumentException
    [junit] 	at com.google.inject.BinderTest$24.configure(BinderTest.java:450)
    [junit] 	at com.google.inject.AbstractModule.configure(AbstractModule.java:62)
    [junit] 	at com.google.inject.spi.Elements$RecordingBinder.install(Elements.java:340)
    [junit] 	at com.google.inject.spi.Elements.getElements(Elements.java:110)
    [junit] 	at com.google.inject.internal.InjectorShell$Builder.build(InjectorShell.java:138)
    [junit] 	at com.google.inject.internal.InternalInjectorCreator.build(InternalInjectorCreator.java:104)
    [junit] 	at com.google.inject.Guice.createInjector(Guice.java:99)
    [junit] 	at com.google.inject.Guice.createInjector(Guice.java:73)
    [junit] 	at com.google.inject.Guice.createInjector(Guice.java:62)
    [junit] 	at com.google.inject.BinderTest.testUserReportedErrorsAreAlsoLogged(BinderTest.java:447)
    [junit] 	at sun.reflect.NativeMethodAccessorImpl.invoke0(Native Method)
    [junit] 	at sun.reflect.NativeMethodAccessorImpl.invoke(NativeMethodAccessorImpl.java:62)
    [junit] 	at sun.reflect.DelegatingMethodAccessorImpl.invoke(DelegatingMethodAccessorImpl.java:43)
    [junit] 	at java.lang.reflect.Method.invoke(Method.java:483)
    [junit] 	at junit.framework.TestCase.runTest(TestCase.java:154)
    [junit] 	at junit.framework.TestCase.runBare(TestCase.java:127)
    [junit] 	at junit.framework.TestResult$1.protect(TestResult.java:106)
    [junit] 	at junit.framework.TestResult.runProtected(TestResult.java:124)
    [junit] 	at junit.framework.TestResult.run(TestResult.java:109)
    [junit] 	at junit.framework.TestCase.run(TestCase.java:118)
    [junit] 	at junit.framework.TestSuite.runTest(TestSuite.java:208)
    [junit] 	at junit.framework.TestSuite.run(TestSuite.java:203)
    [junit] 	at junit.framework.TestSuite.runTest(TestSuite.java:208)
    [junit] 	at junit.framework.TestSuite.run(TestSuite.java:203)
    [junit] 	at junit.textui.TestRunner.doRun(TestRunner.java:116)
    [junit] 	at junit.textui.TestRunner.start(TestRunner.java:172)
    [junit] 	at junit.textui.TestRunner.main(TestRunner.java:138)
    [junit] 
    [junit] .......................................
    [junit] .........................................
    [junit] .........................................
    [junit] .........................................
    [junit] .........................................
    [junit] .........................................
    [junit] .........................................
    [junit] ...................Jan 08, 2016 9:43:44 AM com.google.inject.internal.MessageProcessor visit
    [junit] INFO: An exception was caught and reported. Message: java.lang.IllegalStateException: Failing in the scanner.
    [junit] java.lang.IllegalStateException: Failing in the scanner.
    [junit] 	at com.google.inject.spi.ModuleAnnotatedMethodScannerTest$FailingScanner.prepareMethod(ModuleAnnotatedMethodScannerTest.java:205)
    [junit] 	at com.google.inject.internal.ProviderMethodsModule.createProviderMethod(ProviderMethodsModule.java:266)
    [junit] 	at com.google.inject.internal.ProviderMethodsModule.getProviderMethods(ProviderMethodsModule.java:144)
    [junit] 	at com.google.inject.internal.ProviderMethodsModule.configure(ProviderMethodsModule.java:123)
    [junit] 	at com.google.inject.spi.Elements$RecordingBinder.install(Elements.java:340)
    [junit] 	at com.google.inject.spi.Elements$RecordingBinder.scanForAnnotatedMethods(Elements.java:295)
    [junit] 	at com.google.inject.spi.Elements.getElements(Elements.java:112)
    [junit] 	at com.google.inject.internal.InjectorShell$Builder.build(InjectorShell.java:138)
    [junit] 	at com.google.inject.internal.InternalInjectorCreator.build(InternalInjectorCreator.java:104)
    [junit] 	at com.google.inject.Guice.createInjector(Guice.java:99)
    [junit] 	at com.google.inject.Guice.createInjector(Guice.java:73)
    [junit] 	at com.google.inject.Guice.createInjector(Guice.java:62)
    [junit] 	at com.google.inject.spi.ModuleAnnotatedMethodScannerTest.testFailingScanner(ModuleAnnotatedMethodScannerTest.java:174)
    [junit] 	at sun.reflect.NativeMethodAccessorImpl.invoke0(Native Method)
    [junit] 	at sun.reflect.NativeMethodAccessorImpl.invoke(NativeMethodAccessorImpl.java:62)
    [junit] 	at sun.reflect.DelegatingMethodAccessorImpl.invoke(DelegatingMethodAccessorImpl.java:43)
    [junit] 	at java.lang.reflect.Method.invoke(Method.java:483)
    [junit] 	at junit.framework.TestCase.runTest(TestCase.java:154)
    [junit] 	at junit.framework.TestCase.runBare(TestCase.java:127)
    [junit] 	at junit.framework.TestResult$1.protect(TestResult.java:106)
    [junit] 	at junit.framework.TestResult.runProtected(TestResult.java:124)
    [junit] 	at junit.framework.TestResult.run(TestResult.java:109)
    [junit] 	at junit.framework.TestCase.run(TestCase.java:118)
    [junit] 	at junit.framework.TestSuite.runTest(TestSuite.java:208)
    [junit] 	at junit.framework.TestSuite.run(TestSuite.java:203)
    [junit] 	at junit.framework.TestSuite.runTest(TestSuite.java:208)
    [junit] 	at junit.framework.TestSuite.run(TestSuite.java:203)
    [junit] 	at junit.textui.TestRunner.doRun(TestRunner.java:116)
    [junit] 	at junit.textui.TestRunner.start(TestRunner.java:172)
    [junit] 	at junit.textui.TestRunner.main(TestRunner.java:138)
    [junit] 
    [junit] ......................
    [junit] .........................................
    [junit] .........................................
    [junit] .........................................
    [junit] .........................................
    [junit] .........................................
    [junit] .........................................
    [junit] .........................................
    [junit] .........................................
    [junit] ......................Jan 08, 2016 9:43:57 AM com.google.inject.spi.InjectionPoint getInjectionPoints
    [junit] WARNING: Method: public void com.google.inject.spi.InjectionPointTest$Sub.atInject() is not annotated with @Inject but is overriding a method that is annotated with @javax.inject.Inject.  Because it is not annotated with @Inject, the method will not be injected. To fix this, annotate the method with @Inject.
    [junit] Jan 08, 2016 9:43:57 AM com.google.inject.spi.InjectionPoint getInjectionPoints
    [junit] WARNING: Method: public void com.google.inject.spi.InjectionPointTest$Sub.atInject() is not annotated with @Inject but is overriding a method that is annotated with @javax.inject.Inject.  Because it is not annotated with @Inject, the method will not be injected. To fix this, annotate the method with @Inject.
    [junit] Jan 08, 2016 9:43:57 AM com.google.inject.spi.InjectionPoint getInjectionPoints
    [junit] WARNING: Method: public void com.google.inject.spi.InjectionPointTest$SubSub.privateGAndPublicAt() is not annotated with @Inject but is overriding a method that is annotated with @javax.inject.Inject.  Because it is not annotated with @Inject, the method will not be injected. To fix this, annotate the method with @Inject.
    [junit] ...................
    [junit] .........................................
    [junit] .........................................
    [junit] ........................aopalliance.jar 9 4569
    [junit] javax.inject.jar 6 2839
    [junit] Should not skip: ^
    [junit] Should not skip: ^
    [junit] Should not skip: ^
    [junit] Should not skip: ^
    [junit] Should not skip: ^
    [junit] Should not skip: ^
    [junit] Should not skip: ^
    [junit] Should not skip: ^
    [junit] Should not skip: ^
    [junit] Should not skip: ^
    [junit] Should not skip: ^
    [junit] guava.jar 1687 2226800
    [junit] osgitests.jar 28 20587
    [junit] ..............
    [junit] Time: 37.98
    [junit] 
    [junit] OK (899 tests)
    [junit] 

compile:

jar.withdeps:
   [jarjar] Building jar: /home/travis/build/google/guice/build/guice-with-deps.jar

manifest:
  [bndwrap] classes 359 456456
    [unjar] Expanding: /home/travis/build/google/guice/build/classes.bar into /home/travis/build/google/guice/build

jar:
      [jar] Building jar: /home/travis/build/google/guice/build/dist/guice-snapshot.jar

test.compile:

test.withdeps:
   [jarjar] Building jar: /home/travis/build/google/guice/build/guice-snapshot-tests.jar

test.dist.run:
    [junit] Jan 08, 2016 9:44:28 AM com.google.inject.spi.InjectionPoint getInjectionPoints
    [junit] WARNING: Method: protected void org.atinject.tck.auto.accessories.SpareTire.injectProtectedMethodForOverride() is not annotated with @Inject but is overriding a method that is annotated with @javax.inject.Inject.  Because it is not annotated with @Inject, the method will not be injected. To fix this, annotate the method with @Inject.
    [junit] Jan 08, 2016 9:44:28 AM com.google.inject.spi.InjectionPoint getInjectionPoints
    [junit] WARNING: Method: public void org.atinject.tck.auto.accessories.SpareTire.injectPublicMethodForOverride() is not annotated with @Inject but is overriding a method that is annotated with @javax.inject.Inject.  Because it is not annotated with @Inject, the method will not be injected. To fix this, annotate the method with @Inject.
    [junit] Jan 08, 2016 9:44:28 AM com.google.inject.spi.InjectionPoint getInjectionPoints
    [junit] WARNING: Method: void org.atinject.tck.auto.accessories.SpareTire.injectPackagePrivateMethod3() is not annotated with @Inject but is overriding a method that is annotated with @javax.inject.Inject.  Because it is not annotated with @Inject, the method will not be injected. To fix this, annotate the method with @Inject.
    [junit] Jan 08, 2016 9:44:28 AM com.google.inject.spi.InjectionPoint getInjectionPoints
    [junit] WARNING: Method: public void org.atinject.tck.auto.GasEngine.injectTwiceOverriddenWithOmissionInMiddle() is not annotated with @Inject but is overriding a method that is annotated with @javax.inject.Inject.  Because it is not annotated with @Inject, the method will not be injected. To fix this, annotate the method with @Inject.
    [junit] Jan 08, 2016 9:44:28 AM com.google.inject.spi.InjectionPoint getInjectionPoints
    [junit] WARNING: Method: void org.atinject.tck.auto.V8Engine.injectPackagePrivateMethodForOverride() is not annotated with @Inject but is overriding a method that is annotated with @javax.inject.Inject.  Because it is not annotated with @Inject, the method will not be injected. To fix this, annotate the method with @Inject.
    [junit] Jan 08, 2016 9:44:28 AM com.google.inject.spi.InjectionPoint getInjectionPoints
    [junit] WARNING: Method: public void org.atinject.tck.auto.V8Engine.injectQualifiers(org.atinject.tck.auto.Seat,org.atinject.tck.auto.Seat,org.atinject.tck.auto.Tire,org.atinject.tck.auto.Tire) is not annotated with @Inject but is overriding a method that is annotated with @javax.inject.Inject.  Because it is not annotated with @Inject, the method will not be injected. To fix this, annotate the method with @Inject.
    [junit] Jan 08, 2016 9:44:28 AM com.google.inject.spi.InjectionPoint getInjectionPoints
    [junit] WARNING: Method: public void org.atinject.tck.auto.V8Engine.injectTwiceOverriddenWithOmissionInSubclass() is not annotated with @Inject but is overriding a method that is annotated with @javax.inject.Inject.  Because it is not annotated with @Inject, the method will not be injected. To fix this, annotate the method with @Inject.
    [junit] .........................................
    [junit] .............................com.google.inject.CreationException: Unable to create injector, see the following errors:
    [junit] 
    [junit] 1) A binding to com.google.inject.BinderTest$HasImplementedBy1 was already configured at com.google.inject.BinderTest$19.configure(Unknown Source).
    [junit]   at com.google.inject.BinderTest$19.configure(Unknown Source)
    [junit] 
    [junit] 1 error
    [junit] 	at com.google.inject.internal.Errors.throwCreationExceptionIfErrorsExist(Errors.java:470)
    [junit] 	at com.google.inject.internal.InternalInjectorCreator.initializeStatically(InternalInjectorCreator.java:155)
    [junit] 	at com.google.inject.internal.InternalInjectorCreator.build(InternalInjectorCreator.java:107)
    [junit] 	at com.google.inject.Guice.createInjector(Guice.java:99)
    [junit] 	at com.google.inject.Guice.createInjector(Guice.java:73)
    [junit] 	at com.google.inject.Guice.createInjector(Guice.java:62)
    [junit] 	at com.google.inject.BinderTest.testSettingAtImplementedByTwice(BinderTest.java:343)
    [junit] 	at sun.reflect.NativeMethodAccessorImpl.invoke0(Native Method)
    [junit] 	at sun.reflect.NativeMethodAccessorImpl.invoke(NativeMethodAccessorImpl.java:62)
    [junit] 	at sun.reflect.DelegatingMethodAccessorImpl.invoke(DelegatingMethodAccessorImpl.java:43)
    [junit] 	at java.lang.reflect.Method.invoke(Method.java:483)
    [junit] 	at junit.framework.TestCase.runTest(TestCase.java:154)
    [junit] 	at junit.framework.TestCase.runBare(TestCase.java:127)
    [junit] 	at junit.framework.TestResult$1.protect(TestResult.java:106)
    [junit] 	at junit.framework.TestResult.runProtected(TestResult.java:124)
    [junit] 	at junit.framework.TestResult.run(TestResult.java:109)
    [junit] 	at junit.framework.TestCase.run(TestCase.java:118)
    [junit] 	at junit.framework.TestSuite.runTest(TestSuite.java:208)
    [junit] 	at junit.framework.TestSuite.run(TestSuite.java:203)
    [junit] 	at junit.framework.TestSuite.runTest(TestSuite.java:208)
    [junit] ..	at junit.framework.TestSuite.run(TestSuite.java:203)
    [junit] 	at junit.textui.TestRunner.doRun(TestRunner.java:116)
    [junit] 	at junit.textui.TestRunner.start(TestRunner.java:172)
    [junit] 	at junit.textui.TestRunner.main(TestRunner.java:138)
    [junit] ...Jan 08, 2016 9:44:28 AM com.google.inject.internal.MessageProcessor visit
    [junit] INFO: An exception was caught and reported. Message: java.lang.IllegalArgumentException
    [junit] java.lang.IllegalArgumentException
    [junit] 	at com.google.inject.BinderTest$24.configure(BinderTest.java:450)
    [junit] 	at com.google.inject.AbstractModule.configure(AbstractModule.java:62)
    [junit] 	at com.google.inject.spi.Elements$RecordingBinder.install(Elements.java:340)
    [junit] 	at com.google.inject.spi.Elements.getElements(Elements.java:110)
    [junit] 	at com.google.inject.internal.InjectorShell$Builder.build(InjectorShell.java:138)
    [junit] 	at com.google.inject.internal.InternalInjectorCreator.build(InternalInjectorCreator.java:104)
    [junit] 	at com.google.inject.Guice.createInjector(Guice.java:99)
    [junit] 	at com.google.inject.Guice.createInjector(Guice.java:73)
    [junit] 	at com.google.inject.Guice.createInjector(Guice.java:62)
    [junit] 	at com.google.inject.BinderTest.testUserReportedErrorsAreAlsoLogged(BinderTest.java:447)
    [junit] 	at sun.reflect.NativeMethodAccessorImpl.invoke0(Native Method)
    [junit] 	at sun.reflect.NativeMethodAccessorImpl.invoke(NativeMethodAccessorImpl.java:62)
    [junit] 	at sun.reflect.DelegatingMethodAccessorImpl.invoke(DelegatingMethodAccessorImpl.java:43)
    [junit] 	at java.lang.reflect.Method.invoke(Method.java:483)
    [junit] 	at junit.framework.TestCase.runTest(TestCase.java:154)
    [junit] 	at junit.framework.TestCase.runBare(TestCase.java:127)
    [junit] 	at junit.framework.TestResult$1.protect(TestResult.java:106)
    [junit] 	at junit.framework.TestResult.runProtected(TestResult.java:124)
    [junit] 	at junit.framework.TestResult.run(TestResult.java:109)
    [junit] 	at junit.framework.TestCase.run(TestCase.java:118)
    [junit] 	at junit.framework.TestSuite.runTest(TestSuite.java:208)
    [junit] 	at junit.framework.TestSuite.run(TestSuite.java:203)
    [junit] 	at junit.framework.TestSuite.runTest(TestSuite.java:208)
    [junit] 	at junit.framework.TestSuite.run(TestSuite.java:203)
    [junit] 	at junit.textui.TestRunner.doRun(TestRunner.java:116)
    [junit] 	at junit.textui.TestRunner.start(TestRunner.java:172)
    [junit] 	at junit.textui.TestRunner.main(TestRunner.java:138)
    [junit] 
    [junit] .......
    [junit] .........................................
    [junit] .........................................
    [junit] .........................................
    [junit] .........................................
    [junit] .........................................
    [junit] .........................................
    [junit] .........................................
    [junit] ...............Jan 08, 2016 9:44:41 AM com.google.inject.internal.MessageProcessor visit
    [junit] INFO: An exception was caught and reported. Message: java.lang.IllegalStateException: Failing in the scanner.
    [junit] java.lang.IllegalStateException: Failing in the scanner.
    [junit] 	at com.google.inject.spi.ModuleAnnotatedMethodScannerTest$FailingScanner.prepareMethod(ModuleAnnotatedMethodScannerTest.java:205)
    [junit] 	at com.google.inject.internal.ProviderMethodsModule.createProviderMethod(ProviderMethodsModule.java:266)
    [junit] 	at com.google.inject.internal.ProviderMethodsModule.getProviderMethods(ProviderMethodsModule.java:144)
    [junit] 	at com.google.inject.internal.ProviderMethodsModule.configure(ProviderMethodsModule.java:123)
    [junit] 	at com.google.inject.spi.Elements$RecordingBinder.install(Elements.java:340)
    [junit] 	at com.google.inject.spi.Elements$RecordingBinder.scanForAnnotatedMethods(Elements.java:295)
    [junit] 	at com.google.inject.spi.Elements.getElements(Elements.java:112)
    [junit] 	at com.google.inject.internal.InjectorShell$Builder.build(InjectorShell.java:138)
    [junit] 	at com.google.inject.internal.InternalInjectorCreator.build(InternalInjectorCreator.java:104)
    [junit] 	at com.google.inject.Guice.createInjector(Guice.java:99)
    [junit] 	at com.google.inject.Guice.createInjector(Guice.java:73)
    [junit] 	at com.google.inject.Guice.createInjector(Guice.java:62)
    [junit] 	at com.google.inject.spi.ModuleAnnotatedMethodScannerTest.testFailingScanner(ModuleAnnotatedMethodScannerTest.java:174)
    [junit] 	at sun.reflect.NativeMethodAccessorImpl.invoke0(Native Method)
    [junit] 	at sun.reflect.NativeMethodAccessorImpl.invoke(NativeMethodAccessorImpl.java:62)
    [junit] 	at sun.reflect.DelegatingMethodAccessorImpl.invoke(DelegatingMethodAccessorImpl.java:43)
    [junit] 	at java.lang.reflect.Method.invoke(Method.java:483)
    [junit] 	at junit.framework.TestCase.runTest(TestCase.java:154)
    [junit] 	at junit.framework.TestCase.runBare(TestCase.java:127)
    [junit] 	at junit.framework.TestResult$1.protect(TestResult.java:106)
    [junit] 	at junit.framework.TestResult.runProtected(TestResult.java:124)
    [junit] 	at junit.framework.TestResult.run(TestResult.java:109)
    [junit] 	at junit.framework.TestCase.run(TestCase.java:118)
    [junit] 	at junit.framework.TestSuite.runTest(TestSuite.java:208)
    [junit] 	at junit.framework.TestSuite.run(TestSuite.java:203)
    [junit] 	at junit.framework.TestSuite.runTest(TestSuite.java:208)
    [junit] 	at junit.framework.TestSuite.run(TestSuite.java:203)
    [junit] 	at junit.textui.TestRunner.doRun(TestRunner.java:116)
    [junit] 	at junit.textui.TestRunner.start(TestRunner.java:172)
    [junit] 	at junit.textui.TestRunner.main(TestRunner.java:138)
    [junit] 
    [junit] ..........................
    [junit] .........................................
    [junit] .........................................
    [junit] .........................................
    [junit] .........................................
    [junit] .........................................
    [junit] .........................................
    [junit] .........................................
    [junit] .........................................
    [junit] .........Jan 08, 2016 9:44:53 AM com.google.inject.spi.InjectionPoint getInjectionPoints
    [junit] WARNING: Method: public void com.google.inject.spi.InjectionPointTest$Sub.atInject() is not annotated with @Inject but is overriding a method that is annotated with @javax.inject.Inject.  Because it is not annotated with @Inject, the method will not be injected. To fix this, annotate the method with @Inject.
    [junit] Jan 08, 2016 9:44:53 AM com.google.inject.spi.InjectionPoint getInjectionPoints
    [junit] WARNING: Method: public void com.google.inject.spi.InjectionPointTest$Sub.atInject() is not annotated with @Inject but is overriding a method that is annotated with @javax.inject.Inject.  Because it is not annotated with @Inject, the method will not be injected. To fix this, annotate the method with @Inject.
    [junit] Jan 08, 2016 9:44:53 AM com.google.inject.spi.InjectionPoint getInjectionPoints
    [junit] WARNING: Method: public void com.google.inject.spi.InjectionPointTest$SubSub.privateGAndPublicAt() is not annotated with @Inject but is overriding a method that is annotated with @javax.inject.Inject.  Because it is not annotated with @Inject, the method will not be injected. To fix this, annotate the method with @Inject.
    [junit] ................................
    [junit] .........................................
    [junit] .........................................
    [junit] ........................aopalliance.jar 9 4567
    [junit] javax.inject.jar 6 2840
    [junit] Should not skip: ^
    [junit] Should not skip: ^
    [junit] Should not skip: ^
    [junit] Should not skip: ^
    [junit] Should not skip: ^
    [junit] Should not skip: ^
    [junit] Should not skip: ^
    [junit] Should not skip: ^
    [junit] Should not skip: ^
    [junit] Should not skip: ^
    [junit] Should not skip: ^
    [junit] guava.jar 1687 2226802
    [junit] osgitests.jar 28 20587
    [junit] ..............
    [junit] Time: 38.97
    [junit] 
    [junit] OK (899 tests)
    [junit] 

compile:

jar.withdeps:
   [jarjar] Building jar: /home/travis/build/google/guice/build/guice-with-deps.jar

manifest:
  [bndwrap] classes 359 456456
    [unjar] Expanding: /home/travis/build/google/guice/build/classes.bar into /home/travis/build/google/guice/build

jar:
      [jar] Building jar: /home/travis/build/google/guice/build/dist/guice-snapshot.jar

test.compile:

test.withdeps:
   [jarjar] Building jar: /home/travis/build/google/guice/build/guice-snapshot-tests.jar

test.dist.run:
    [junit] Jan 08, 2016 9:45:27 AM com.google.inject.spi.InjectionPoint getInjectionPoints
    [junit] WARNING: Method: protected void org.atinject.tck.auto.accessories.SpareTire.injectProtectedMethodForOverride() is not annotated with @Inject but is overriding a method that is annotated with @javax.inject.Inject.  Because it is not annotated with @Inject, the method will not be injected. To fix this, annotate the method with @Inject.
    [junit] Jan 08, 2016 9:45:27 AM com.google.inject.spi.InjectionPoint getInjectionPoints
    [junit] WARNING: Method: public void org.atinject.tck.auto.accessories.SpareTire.injectPublicMethodForOverride() is not annotated with @Inject but is overriding a method that is annotated with @javax.inject.Inject.  Because it is not annotated with @Inject, the method will not be injected. To fix this, annotate the method with @Inject.
    [junit] Jan 08, 2016 9:45:27 AM com.google.inject.spi.InjectionPoint getInjectionPoints
    [junit] WARNING: Method: void org.atinject.tck.auto.accessories.SpareTire.injectPackagePrivateMethod3() is not annotated with @Inject but is overriding a method that is annotated with @javax.inject.Inject.  Because it is not annotated with @Inject, the method will not be injected. To fix this, annotate the method with @Inject.
    [junit] Jan 08, 2016 9:45:27 AM com.google.inject.spi.InjectionPoint getInjectionPoints
    [junit] WARNING: Method: public void org.atinject.tck.auto.GasEngine.injectTwiceOverriddenWithOmissionInMiddle() is not annotated with @Inject but is overriding a method that is annotated with @javax.inject.Inject.  Because it is not annotated with @Inject, the method will not be injected. To fix this, annotate the method with @Inject.
    [junit] Jan 08, 2016 9:45:27 AM com.google.inject.spi.InjectionPoint getInjectionPoints
    [junit] WARNING: Method: void org.atinject.tck.auto.V8Engine.injectPackagePrivateMethodForOverride() is not annotated with @Inject but is overriding a method that is annotated with @javax.inject.Inject.  Because it is not annotated with @Inject, the method will not be injected. To fix this, annotate the method with @Inject.
    [junit] Jan 08, 2016 9:45:27 AM com.google.inject.spi.InjectionPoint getInjectionPoints
    [junit] WARNING: Method: public void org.atinject.tck.auto.V8Engine.injectQualifiers(org.atinject.tck.auto.Seat,org.atinject.tck.auto.Seat,org.atinject.tck.auto.Tire,org.atinject.tck.auto.Tire) is not annotated with @Inject but is overriding a method that is annotated with @javax.inject.Inject.  Because it is not annotated with @Inject, the method will not be injected. To fix this, annotate the method with @Inject.
    [junit] Jan 08, 2016 9:45:27 AM com.google.inject.spi.InjectionPoint getInjectionPoints
    [junit] WARNING: Method: public void org.atinject.tck.auto.V8Engine.injectTwiceOverriddenWithOmissionInSubclass() is not annotated with @Inject but is overriding a method that is annotated with @javax.inject.Inject.  Because it is not annotated with @Inject, the method will not be injected. To fix this, annotate the method with @Inject.
    [junit] .........................................
    [junit] ...............................com.google.inject.CreationException: Unable to create injector, see the following errors:
    [junit] 
    [junit] 1) A binding to com.google.inject.BinderTest$HasImplementedBy1 was already configured at com.google.inject.BinderTest$19.configure(BinderTest.java:347).
    [junit]   at com.google.inject.BinderTest$19.configure(BinderTest.java:346)
    [junit] 
    [junit] 1 error
    [junit] 	at com.google.inject.internal.Errors.throwCreationExceptionIfErrorsExist(Errors.java:470)
    [junit] 	at com.google.inject.internal.InternalInjectorCreator.initializeStatically(InternalInjectorCreator.java:155)
    [junit] 	at com.google.inject.internal.InternalInjectorCreator.build(InternalInjectorCreator.java:107)
    [junit] 	at com.google.inject.Guice.createInjector(Guice.java:99)
    [junit] 	at com.google.inject.Guice.createInjector(Guice.java:73)
    [junit] 	at com.google.inject.Guice.createInjector(Guice.java:62)
    [junit] 	at com.google.inject.BinderTest.testSettingAtImplementedByTwice(BinderTest.java:343)
    [junit] 	at sun.reflect.NativeMethodAccessorImpl.invoke0(Native Method)
    [junit] 	at sun.reflect.NativeMethodAccessorImpl.invoke(NativeMethodAccessorImpl.java:62)
    [junit] 	at sun.reflect.DelegatingMethodAccessorImpl.invoke(DelegatingMethodAccessorImpl.java:43)
    [junit] 	at java.lang.reflect.Method.invoke(Method.java:483)
    [junit] 	at junit.framework.TestCase.runTest(TestCase.java:154)
    [junit] 	at junit.framework.TestCase.runBare(TestCase.java:127)
    [junit] 	at junit.framework.TestResult$1.protect(TestResult.java:106)
    [junit] 	at junit.framework.TestResult.runProtected(TestResult.java:124)
    [junit] 	at junit.framework.TestResult.run(TestResult.java:109)
    [junit] 	at junit.framework.TestCase.run(TestCase.java:118)
    [junit] 	at junit.framework.TestSuite.runTest(TestSuite.java:208)
    [junit] 	at junit.framework.TestSuite.run(TestSuite.java:203)
    [junit] 	at junit.framework.TestSuite.runTest(TestSuite.java:208)
    [junit] 	at junit.framework.TestSuite.run(TestSuite.java:203)
    [junit] 	at junit.textui.TestRunner.doRun(TestRunner.java:116)
    [junit] 	at junit.textui.TestRunner.start(TestRunner.java:172)
    [junit] 	at junit.textui.TestRunner.main(TestRunner.java:138)
    [junit] .....Jan 08, 2016 9:45:27 AM com.google.inject.internal.MessageProcessor visit
    [junit] INFO: An exception was caught and reported. Message: java.lang.IllegalArgumentException
    [junit] java.lang.IllegalArgumentException
    [junit] 	at com.google.inject.BinderTest$24.configure(BinderTest.java:450)
    [junit] 	at com.google.inject.AbstractModule.configure(AbstractModule.java:62)
    [junit] 	at com.google.inject.spi.Elements$RecordingBinder.install(Elements.java:340)
    [junit] 	at com.google.inject.spi.Elements.getElements(Elements.java:110)
    [junit] 	at com.google.inject.internal.InjectorShell$Builder.build(InjectorShell.java:138)
    [junit] 	at com.google.inject.internal.InternalInjectorCreator.build(InternalInjectorCreator.java:104)
    [junit] 	at com.google.inject.Guice.createInjector(Guice.java:99)
    [junit] 	at com.google.inject.Guice.createInjector(Guice.java:73)
    [junit] 	at com.google.inject.Guice.createInjector(Guice.java:62)
    [junit] 	at com.google.inject.BinderTest.testUserReportedErrorsAreAlsoLogged(BinderTest.java:447)
    [junit] 	at sun.reflect.NativeMethodAccessorImpl.invoke0(Native Method)
    [junit] 	at sun.reflect.NativeMethodAccessorImpl.invoke(NativeMethodAccessorImpl.java:62)
    [junit] 	at sun.reflect.DelegatingMethodAccessorImpl.invoke(DelegatingMethodAccessorImpl.java:43)
    [junit] 	at java.lang.reflect.Method.invoke(Method.java:483)
    [junit] 	at junit.framework.TestCase.runTest(TestCase.java:154)
    [junit] 	at junit.framework.TestCase.runBare(TestCase.java:127)
    [junit] 	at junit.framework.TestResult$1.protect(TestResult.java:106)
    [junit] 	at junit.framework.TestResult.runProtected(TestResult.java:124)
    [junit] 	at junit.framework.TestResult.run(TestResult.java:109)
    [junit] 	at junit.framework.TestCase.run(TestCase.java:118)
    [junit] 	at junit.framework.TestSuite.runTest(TestSuite.java:208)
    [junit] 	at junit.framework.TestSuite.run(TestSuite.java:203)
    [junit] 	at junit.framework.TestSuite.runTest(TestSuite.java:208)
    [junit] 	at junit.framework.TestSuite.run(TestSuite.java:203)
    [junit] 	at junit.textui.TestRunner.doRun(TestRunner.java:116)
    [junit] 	at junit.textui.TestRunner.start(TestRunner.java:172)
    [junit] 	at junit.textui.TestRunner.main(TestRunner.java:138)
    [junit] 
    [junit] .....
    [junit] .........................................
    [junit] .........................................
    [junit] .........................................
    [junit] .........................................
    [junit] .........................................
    [junit] .........................................
    [junit] .........................................
    [junit] ..................Jan 08, 2016 9:45:39 AM com.google.inject.internal.MessageProcessor visit
    [junit] INFO: An exception was caught and reported. Message: java.lang.IllegalStateException: Failing in the scanner.
    [junit] java.lang.IllegalStateException: Failing in the scanner.
    [junit] 	at com.google.inject.spi.ModuleAnnotatedMethodScannerTest$FailingScanner.prepareMethod(ModuleAnnotatedMethodScannerTest.java:205)
    [junit] 	at com.google.inject.internal.ProviderMethodsModule.createProviderMethod(ProviderMethodsModule.java:266)
    [junit] 	at com.google.inject.internal.ProviderMethodsModule.getProviderMethods(ProviderMethodsModule.java:144)
    [junit] 	at com.google.inject.internal.ProviderMethodsModule.configure(ProviderMethodsModule.java:123)
    [junit] 	at com.google.inject.spi.Elements$RecordingBinder.install(Elements.java:340)
    [junit] 	at com.google.inject.spi.Elements$RecordingBinder.scanForAnnotatedMethods(Elements.java:295)
    [junit] 	at com.google.inject.spi.Elements.getElements(Elements.java:112)
    [junit] 	at com.google.inject.internal.InjectorShell$Builder.build(InjectorShell.java:138)
    [junit] 	at com.google.inject.internal.InternalInjectorCreator.build(InternalInjectorCreator.java:104)
    [junit] 	at com.google.inject.Guice.createInjector(Guice.java:99)
    [junit] 	at com.google.inject.Guice.createInjector(Guice.java:73)
    [junit] 	at com.google.inject.Guice.createInjector(Guice.java:62)
    [junit] 	at com.google.inject.spi.ModuleAnnotatedMethodScannerTest.testFailingScanner(ModuleAnnotatedMethodScannerTest.java:174)
    [junit] 	at sun.reflect.NativeMethodAccessorImpl.invoke0(Native Method)
    [junit] 	at sun.reflect.NativeMethodAccessorImpl.invoke(NativeMethodAccessorImpl.java:62)
    [junit] 	at sun.reflect.DelegatingMethodAccessorImpl.invoke(DelegatingMethodAccessorImpl.java:43)
    [junit] 	at java.lang.reflect.Method.invoke(Method.java:483)
    [junit] 	at junit.framework.TestCase.runTest(TestCase.java:154)
    [junit] 	at junit.framework.TestCase.runBare(TestCase.java:127)
    [junit] 	at junit.framework.TestResult$1.protect(TestResult.java:106)
    [junit] 	at junit.framework.TestResult.runProtected(TestResult.java:124)
    [junit] 	at junit.framework.TestResult.run(TestResult.java:109)
    [junit] 	at junit.framework.TestCase.run(TestCase.java:118)
    [junit] 	at junit.framework.TestSuite.runTest(TestSuite.java:208)
    [junit] 	at junit.framework.TestSuite.run(TestSuite.java:203)
    [junit] 	at junit.framework.TestSuite.runTest(TestSuite.java:208)
    [junit] 	at junit.framework.TestSuite.run(TestSuite.java:203)
    [junit] 	at junit.textui.TestRunner.doRun(TestRunner.java:116)
    [junit] 	at junit.textui.TestRunner.start(TestRunner.java:172)
    [junit] 	at junit.textui.TestRunner.main(TestRunner.java:138)
    [junit] 
    [junit] .......................
    [junit] .........................................
    [junit] .........................................
    [junit] .........................................
    [junit] .........................................
    [junit] .........................................
    [junit] .........................................
    [junit] .........................................
    [junit] .........................................
    [junit] ...................Jan 08, 2016 9:45:51 AM com.google.inject.spi.InjectionPoint getInjectionPoints
    [junit] WARNING: Method: public void com.google.inject.spi.InjectionPointTest$Sub.atInject() is not annotated with @Inject but is overriding a method that is annotated with @javax.inject.Inject.  Because it is not annotated with @Inject, the method will not be injected. To fix this, annotate the method with @Inject.
    [junit] Jan 08, 2016 9:45:51 AM com.google.inject.spi.InjectionPoint getInjectionPoints
    [junit] WARNING: Method: public void com.google.inject.spi.InjectionPointTest$Sub.atInject() is not annotated with @Inject but is overriding a method that is annotated with @javax.inject.Inject.  Because it is not annotated with @Inject, the method will not be injected. To fix this, annotate the method with @Inject.
    [junit] Jan 08, 2016 9:45:51 AM com.google.inject.spi.InjectionPoint getInjectionPoints
    [junit] WARNING: Method: public void com.google.inject.spi.InjectionPointTest$SubSub.privateGAndPublicAt() is not annotated with @Inject but is overriding a method that is annotated with @javax.inject.Inject.  Because it is not annotated with @Inject, the method will not be injected. To fix this, annotate the method with @Inject.
    [junit] ......................
    [junit] .........................................
    [junit] .........................................
    [junit] ........................aopalliance.jar 9 4569
    [junit] javax.inject.jar 6 2840
    [junit] Should not skip: ^
    [junit] Should not skip: ^
    [junit] Should not skip: ^
    [junit] Should not skip: ^
    [junit] Should not skip: ^
    [junit] Should not skip: ^
    [junit] Should not skip: ^
    [junit] Should not skip: ^
    [junit] Should not skip: ^
    [junit] Should not skip: ^
    [junit] Should not skip: ^
    [junit] guava.jar 1687 2226801
    [junit] osgitests.jar 28 20587
    [junit] ..............
    [junit] Time: 39.91
    [junit] 
    [junit] OK (899 tests)
    [junit] 

BUILD SUCCESSFUL
Total time: 3 minutes 44 seconds
travis_time:end:057b3d3b:start=1452246147137550946,finish=1452246371651401230,duration=224513850284[0K
[32;1mThe command "${CMD}" exited with 0.[0m
travis_fold:start:cache.2[0Kstore build cache
travis_time:start:074cc237[0Ktravis_time:end:074cc237:start=1452246371657763986,finish=1452246371662498338,duration=4734352[0Ktravis_time:start:1ae0217a[0K[32;1mnothing changed, not updating cache[0m
travis_time:end:1ae0217a:start=1452246371667979056,finish=1452246372333588484,duration=665609428[0Ktravis_fold:end:cache.2[0Ktravis_fold:start:after_success.1[0Ktravis_time:start:13a943ec[0K$ util/generate-latest-docs.sh
travis_time:end:13a943ec:start=1452246372339349406,finish=1452246372350414868,duration=11065462[0Ktravis_fold:end:after_success.1[0Ktravis_fold:start:after_success.2[0Ktravis_time:start:019cc407[0K$ util/compareBuilds.sh
travis_time:end:019cc407:start=1452246372355952724,finish=1452246372362802459,duration=6849735[0Ktravis_fold:end:after_success.2[0Ktravis_fold:start:after_success.3[0Ktravis_time:start:06e16a56[0K$ util/publish-snapshot-on-commit.sh
travis_time:end:06e16a56:start=1452246372368493945,finish=1452246372380032852,duration=11538907[0Ktravis_fold:end:after_success.3[0K
Done. Your build exited with 0.
