Using worker: worker-linux-3da96de7-1.bb.travis-ci.org:travis-linux-12

travis_fold:start:system_info[0K[33;1mBuild system information[0m
Build language: android
[34m[1mBuild image provisioning date and time[0m
Wed Feb  4 18:22:50 UTC 2015
[34m[1mOperating System Details[0m
Distributor ID:	Ubuntu
Description:	Ubuntu 12.04 LTS
Release:	12.04
Codename:	precise
[34m[1mLinux Version[0m
2.6.32-042stab090.5
[34m[1mCookbooks Version[0m
23bb455 https://github.com/travis-ci/travis-cookbooks/tree/23bb455
[34m[1mGCC version[0m
gcc (Ubuntu/Linaro 4.6.3-1ubuntu5) 4.6.3
Copyright (C) 2011 Free Software Foundation, Inc.
This is free software; see the source for copying conditions.  There is NO
warranty; not even for MERCHANTABILITY or FITNESS FOR A PARTICULAR PURPOSE.

[34m[1mLLVM version[0m
clang version 3.4 (tags/RELEASE_34/final)
Target: x86_64-unknown-linux-gnu
Thread model: posix
[34m[1mPre-installed Ruby versions[0m
ruby-1.9.3-p551
[34m[1mPre-installed Node.js versions[0m
v0.10.36
[34m[1mPre-installed Go versions[0m
1.4.1
[34m[1mRedis version[0m
redis-server 2.8.19
[34m[1mriak version[0m
2.0.2
[34m[1mMongoDB version[0m
MongoDB 2.4.12
[34m[1mCouchDB version[0m
couchdb 1.6.1
[34m[1mNeo4j version[0m
1.9.4
[34m[1mCassandra version[0m
2.0.9
[34m[1mRabbitMQ Version[0m
3.4.3
[34m[1mElasticSearch version[0m
1.4.0
[34m[1mInstalled Sphinx versions[0m
2.0.10
2.1.9
2.2.6
[34m[1mDefault Sphinx version[0m
2.2.6
[34m[1mInstalled Firefox version[0m
firefox 31.0esr
[34m[1mPhantomJS version[0m
1.9.8
[34m[1mant -version[0m
Apache Ant(TM) version 1.8.2 compiled on December 3 2011
[34m[1mmvn -version[0m
Apache Maven 3.2.5 (12a6b3acb947671f09b81f49094c53f426d8cea1; 2014-12-14T17:29:23+00:00)
Maven home: /usr/local/maven
Java version: 1.7.0_76, vendor: Oracle Corporation
Java home: /usr/lib/jvm/java-7-oracle/jre
Default locale: en, platform encoding: UTF-8
OS name: "linux", version: "2.6.32-042stab090.5", arch: "amd64", family: "unix"
travis_fold:end:system_info[0K
travis_fold:start:git.checkout[0Ktravis_time:start:0245f434[0K$ git clone --depth=50 --branch=master git://github.com/facebook/facebook-android-sdk.git facebook/facebook-android-sdk
Cloning into 'facebook/facebook-android-sdk'...
remote: Counting objects: 4177, done.[K
remote: Compressing objects:   0% (1/1647)   [Kremote: Compressing objects:   1% (17/1647)   [Kremote: Compressing objects:   2% (33/1647)   [Kremote: Compressing objects:   3% (50/1647)   [Kremote: Compressing objects:   4% (66/1647)   [Kremote: Compressing objects:   5% (83/1647)   [Kremote: Compressing objects:   6% (99/1647)   [Kremote: Compressing objects:   7% (116/1647)   [Kremote: Compressing objects:   8% (132/1647)   [Kremote: Compressing objects:   9% (149/1647)   [Kremote: Compressing objects:  10% (165/1647)   [Kremote: Compressing objects:  11% (182/1647)   [Kremote: Compressing objects:  12% (198/1647)   [Kremote: Compressing objects:  13% (215/1647)   [Kremote: Compressing objects:  14% (231/1647)   [Kremote: Compressing objects:  15% (248/1647)   [Kremote: Compressing objects:  16% (264/1647)   [Kremote: Compressing objects:  17% (280/1647)   [Kremote: Compressing objects:  18% (297/1647)   [Kremote: Compressing objects:  19% (313/1647)   [Kremote: Compressing objects:  20% (330/1647)   [Kremote: Compressing objects:  21% (346/1647)   [Kremote: Compressing objects:  22% (363/1647)   [Kremote: Compressing objects:  23% (379/1647)   [Kremote: Compressing objects:  24% (396/1647)   [Kremote: Compressing objects:  25% (412/1647)   [Kremote: Compressing objects:  26% (429/1647)   [Kremote: Compressing objects:  27% (445/1647)   [Kremote: Compressing objects:  28% (462/1647)   [Kremote: Compressing objects:  29% (478/1647)   [Kremote: Compressing objects:  30% (495/1647)   [Kremote: Compressing objects:  31% (511/1647)   [Kremote: Compressing objects:  32% (528/1647)   [Kremote: Compressing objects:  33% (544/1647)   [Kremote: Compressing objects:  34% (560/1647)   [Kremote: Compressing objects:  35% (577/1647)   [Kremote: Compressing objects:  36% (593/1647)   [Kremote: Compressing objects:  37% (610/1647)   [Kremote: Compressing objects:  38% (626/1647)   [Kremote: Compressing objects:  39% (643/1647)   [Kremote: Compressing objects:  40% (659/1647)   [Kremote: Compressing objects:  41% (676/1647)   [Kremote: Compressing objects:  42% (692/1647)   [Kremote: Compressing objects:  43% (709/1647)   [Kremote: Compressing objects:  44% (725/1647)   [Kremote: Compressing objects:  45% (742/1647)   [Kremote: Compressing objects:  46% (758/1647)   [Kremote: Compressing objects:  47% (775/1647)   [Kremote: Compressing objects:  48% (791/1647)   [Kremote: Compressing objects:  49% (808/1647)   [Kremote: Compressing objects:  50% (824/1647)   [Kremote: Compressing objects:  51% (840/1647)   [Kremote: Compressing objects:  52% (857/1647)   [Kremote: Compressing objects:  53% (873/1647)   [Kremote: Compressing objects:  54% (890/1647)   [Kremote: Compressing objects:  55% (906/1647)   [Kremote: Compressing objects:  56% (923/1647)   [Kremote: Compressing objects:  57% (939/1647)   [Kremote: Compressing objects:  58% (956/1647)   [Kremote: Compressing objects:  59% (972/1647)   [Kremote: Compressing objects:  60% (989/1647)   [Kremote: Compressing objects:  61% (1005/1647)   [Kremote: Compressing objects:  62% (1022/1647)   [Kremote: Compressing objects:  63% (1038/1647)   [Kremote: Compressing objects:  64% (1055/1647)   [Kremote: Compressing objects:  65% (1071/1647)   [Kremote: Compressing objects:  66% (1088/1647)   [Kremote: Compressing objects:  67% (1104/1647)   [Kremote: Compressing objects:  68% (1120/1647)   [Kremote: Compressing objects:  69% (1137/1647)   [Kremote: Compressing objects:  70% (1153/1647)   [Kremote: Compressing objects:  71% (1170/1647)   [Kremote: Compressing objects:  72% (1186/1647)   [Kremote: Compressing objects:  73% (1203/1647)   [Kremote: Compressing objects:  74% (1219/1647)   [Kremote: Compressing objects:  75% (1236/1647)   [Kremote: Compressing objects:  76% (1252/1647)   [Kremote: Compressing objects:  77% (1269/1647)   [Kremote: Compressing objects:  78% (1285/1647)   [Kremote: Compressing objects:  79% (1302/1647)   [Kremote: Compressing objects:  80% (1318/1647)   [Kremote: Compressing objects:  81% (1335/1647)   [Kremote: Compressing objects:  82% (1351/1647)   [Kremote: Compressing objects:  83% (1368/1647)   [Kremote: Compressing objects:  84% (1384/1647)   [Kremote: Compressing objects:  85% (1400/1647)   [Kremote: Compressing objects:  86% (1417/1647)   [Kremote: Compressing objects:  87% (1433/1647)   [Kremote: Compressing objects:  88% (1450/1647)   [Kremote: Compressing objects:  89% (1466/1647)   [Kremote: Compressing objects:  90% (1483/1647)   [Kremote: Compressing objects:  91% (1499/1647)   [Kremote: Compressing objects:  92% (1516/1647)   [Kremote: Compressing objects:  93% (1532/1647)   [Kremote: Compressing objects:  94% (1549/1647)   [Kremote: Compressing objects:  95% (1565/1647)   [Kremote: Compressing objects:  96% (1582/1647)   [Kremote: Compressing objects:  97% (1598/1647)   [Kremote: Compressing objects:  98% (1615/1647)   [Kremote: Compressing objects:  99% (1631/1647)   [Kremote: Compressing objects: 100% (1647/1647)   [Kremote: Compressing objects: 100% (1647/1647), done.[K
Receiving objects:   0% (1/4177)   Receiving objects:   1% (42/4177)   Receiving objects:   2% (84/4177)   Receiving objects:   3% (126/4177)   Receiving objects:   4% (168/4177)   Receiving objects:   5% (209/4177)   Receiving objects:   6% (251/4177)   Receiving objects:   7% (293/4177)   Receiving objects:   8% (335/4177)   Receiving objects:   9% (376/4177)   Receiving objects:  10% (418/4177)   Receiving objects:  11% (460/4177)   Receiving objects:  12% (502/4177)   Receiving objects:  13% (544/4177)   Receiving objects:  14% (585/4177)   Receiving objects:  15% (627/4177)   Receiving objects:  16% (669/4177)   Receiving objects:  17% (711/4177)   Receiving objects:  18% (752/4177)   Receiving objects:  19% (794/4177)   Receiving objects:  20% (836/4177)   Receiving objects:  21% (878/4177)   Receiving objects:  22% (919/4177)   Receiving objects:  23% (961/4177)   Receiving objects:  24% (1003/4177)   Receiving objects:  25% (1045/4177)   Receiving objects:  26% (1087/4177)   Receiving objects:  27% (1128/4177)   Receiving objects:  28% (1170/4177)   Receiving objects:  29% (1212/4177)   Receiving objects:  30% (1254/4177)   Receiving objects:  31% (1295/4177)   Receiving objects:  32% (1337/4177)   Receiving objects:  33% (1379/4177)   Receiving objects:  34% (1421/4177)   Receiving objects:  35% (1462/4177)   Receiving objects:  36% (1504/4177)   Receiving objects:  37% (1546/4177)   Receiving objects:  38% (1588/4177)   Receiving objects:  39% (1630/4177)   Receiving objects:  40% (1671/4177)   Receiving objects:  41% (1713/4177)   Receiving objects:  42% (1755/4177)   Receiving objects:  43% (1797/4177)   Receiving objects:  44% (1838/4177)   Receiving objects:  45% (1880/4177)   Receiving objects:  46% (1922/4177)   Receiving objects:  47% (1964/4177)   Receiving objects:  48% (2005/4177)   Receiving objects:  49% (2047/4177)   Receiving objects:  50% (2089/4177)   Receiving objects:  51% (2131/4177)   Receiving objects:  52% (2173/4177)   Receiving objects:  53% (2214/4177)   Receiving objects:  54% (2256/4177)   Receiving objects:  55% (2298/4177)   Receiving objects:  56% (2340/4177)   Receiving objects:  57% (2381/4177)   Receiving objects:  58% (2423/4177)   Receiving objects:  59% (2465/4177)   Receiving objects:  60% (2507/4177)   Receiving objects:  61% (2548/4177)   Receiving objects:  62% (2590/4177)   Receiving objects:  63% (2632/4177)   Receiving objects:  64% (2674/4177)   Receiving objects:  65% (2716/4177)   Receiving objects:  66% (2757/4177)   Receiving objects:  67% (2799/4177)   Receiving objects:  68% (2841/4177)   Receiving objects:  69% (2883/4177)   Receiving objects:  70% (2924/4177)   Receiving objects:  71% (2966/4177)   Receiving objects:  72% (3008/4177)   Receiving objects:  73% (3050/4177)   Receiving objects:  74% (3091/4177)   Receiving objects:  75% (3133/4177)   Receiving objects:  76% (3175/4177)   Receiving objects:  77% (3217/4177)   Receiving objects:  78% (3259/4177)   Receiving objects:  79% (3300/4177)   Receiving objects:  80% (3342/4177)   Receiving objects:  81% (3384/4177)   Receiving objects:  82% (3426/4177)   Receiving objects:  83% (3467/4177)   Receiving objects:  84% (3509/4177)   Receiving objects:  85% (3551/4177)   Receiving objects:  86% (3593/4177)   remote: Total 4177 (delta 2254), reused 3644 (delta 1823), pack-reused 0[K
Receiving objects:  87% (3634/4177)   Receiving objects:  88% (3676/4177)   Receiving objects:  89% (3718/4177)   Receiving objects:  90% (3760/4177)   Receiving objects:  91% (3802/4177)   Receiving objects:  92% (3843/4177)   Receiving objects:  93% (3885/4177)   Receiving objects:  94% (3927/4177)   Receiving objects:  95% (3969/4177)   Receiving objects:  96% (4010/4177)   Receiving objects:  97% (4052/4177)   Receiving objects:  98% (4094/4177)   Receiving objects:  99% (4136/4177)   Receiving objects: 100% (4177/4177)   Receiving objects: 100% (4177/4177), 6.78 MiB | 0 bytes/s, done.
Resolving deltas:   0% (0/2254)   Resolving deltas:   1% (44/2254)   Resolving deltas:   2% (47/2254)   Resolving deltas:   3% (74/2254)   Resolving deltas:   4% (91/2254)   Resolving deltas:   8% (199/2254)   Resolving deltas:  10% (245/2254)   Resolving deltas:  11% (251/2254)   Resolving deltas:  12% (272/2254)   Resolving deltas:  13% (298/2254)   Resolving deltas:  14% (316/2254)   Resolving deltas:  15% (346/2254)   Resolving deltas:  16% (361/2254)   Resolving deltas:  17% (386/2254)   Resolving deltas:  18% (407/2254)   Resolving deltas:  19% (433/2254)   Resolving deltas:  20% (465/2254)   Resolving deltas:  21% (475/2254)   Resolving deltas:  22% (501/2254)   Resolving deltas:  23% (530/2254)   Resolving deltas:  24% (546/2254)   Resolving deltas:  25% (564/2254)   Resolving deltas:  26% (594/2254)   Resolving deltas:  27% (615/2254)   Resolving deltas:  28% (634/2254)   Resolving deltas:  29% (656/2254)   Resolving deltas:  30% (680/2254)   Resolving deltas:  31% (699/2254)   Resolving deltas:  32% (725/2254)   Resolving deltas:  33% (748/2254)   Resolving deltas:  34% (772/2254)   Resolving deltas:  35% (791/2254)   Resolving deltas:  36% (822/2254)   Resolving deltas:  37% (842/2254)   Resolving deltas:  38% (864/2254)   Resolving deltas:  39% (883/2254)   Resolving deltas:  40% (903/2254)   Resolving deltas:  41% (934/2254)   Resolving deltas:  42% (950/2254)   Resolving deltas:  43% (984/2254)   Resolving deltas:  44% (1005/2254)   Resolving deltas:  45% (1023/2254)   Resolving deltas:  46% (1037/2254)   Resolving deltas:  48% (1082/2254)   Resolving deltas:  49% (1126/2254)   Resolving deltas:  50% (1127/2254)   Resolving deltas:  51% (1153/2254)   Resolving deltas:  52% (1177/2254)   Resolving deltas:  53% (1196/2254)   Resolving deltas:  54% (1218/2254)   Resolving deltas:  55% (1245/2254)   Resolving deltas:  56% (1263/2254)   Resolving deltas:  57% (1288/2254)   Resolving deltas:  58% (1308/2254)   Resolving deltas:  59% (1331/2254)   Resolving deltas:  60% (1355/2254)   Resolving deltas:  61% (1380/2254)   Resolving deltas:  62% (1405/2254)   Resolving deltas:  63% (1422/2254)   Resolving deltas:  64% (1446/2254)   Resolving deltas:  65% (1469/2254)   Resolving deltas:  66% (1488/2254)   Resolving deltas:  67% (1513/2254)   Resolving deltas:  68% (1534/2254)   Resolving deltas:  69% (1572/2254)   Resolving deltas:  71% (1616/2254)   Resolving deltas:  72% (1633/2254)   Resolving deltas:  73% (1647/2254)   Resolving deltas:  74% (1670/2254)   Resolving deltas:  75% (1691/2254)   Resolving deltas:  78% (1762/2254)   Resolving deltas:  80% (1813/2254)   Resolving deltas:  81% (1828/2254)   Resolving deltas:  82% (1851/2254)   Resolving deltas:  83% (1886/2254)   Resolving deltas:  84% (1897/2254)   Resolving deltas:  85% (1918/2254)   Resolving deltas:  86% (1940/2254)   Resolving deltas:  87% (1961/2254)   Resolving deltas:  88% (1987/2254)   Resolving deltas:  89% (2008/2254)   Resolving deltas:  90% (2031/2254)   Resolving deltas:  91% (2052/2254)   Resolving deltas:  92% (2076/2254)   Resolving deltas:  93% (2099/2254)   Resolving deltas:  94% (2119/2254)   Resolving deltas:  95% (2158/2254)   Resolving deltas:  96% (2171/2254)   Resolving deltas:  97% (2187/2254)   Resolving deltas:  98% (2211/2254)   Resolving deltas:  99% (2236/2254)   Resolving deltas: 100% (2254/2254)   Resolving deltas: 100% (2254/2254), done.
Checking connectivity... done.
travis_time:end:0245f434:start=1430431075551751501,finish=1430431076782990030,duration=1231238529[0K$ cd facebook/facebook-android-sdk
$ git checkout -qf 8eef2dac074279eed6c814134917c3233d7e5a27
travis_fold:end:git.checkout[0K$ export TERM=dumb
$ java -version
java version "1.7.0_76"
Java(TM) SE Runtime Environment (build 1.7.0_76-b13)
Java HotSpot(TM) 64-Bit Server VM (build 24.76-b04, mixed mode)
$ javac -version
javac 1.7.0_76
travis_fold:start:install[0Ktravis_time:start:0037ec42[0K$ ./gradlew assemble
Downloading https://services.gradle.org/distributions/gradle-2.2.1-all.zip
..................................................................................................................................................................................................................................................................................................................................................................................................................................................................................................................................................................................................................................................................................................................................................................................................................................................................................................................................................................................................................................................................................................................................................................................................................................................................................................................................................................................................................................................................................................................................................................................................................................................................................................................................................................................................................................................................................................................................................................................................................................................................................................................................................................................................................................................................................................................................................................................................................................................................................................................................................................................................................................................................................................................................................................................................................................................................................................................................................................................................................................................
Unzipping /home/travis/.gradle/wrapper/dists/gradle-2.2.1-all/6dibv5rcnnqlfbq9klf8imrndn/gradle-2.2.1-all.zip to /home/travis/.gradle/wrapper/dists/gradle-2.2.1-all/6dibv5rcnnqlfbq9klf8imrndn
Set executable permissions for: /home/travis/.gradle/wrapper/dists/gradle-2.2.1-all/6dibv5rcnnqlfbq9klf8imrndn/gradle-2.2.1/bin/gradle
Download https://repo1.maven.org/maven2/com/android/tools/build/gradle/1.0.0/gradle-1.0.0.pom
Download https://repo1.maven.org/maven2/com/android/tools/build/builder/1.0.0/builder-1.0.0.pom
Download https://repo1.maven.org/maven2/com/android/tools/lint/lint/24.0.0/lint-24.0.0.pom
Download https://repo1.maven.org/maven2/net/sf/proguard/proguard-gradle/5.1/proguard-gradle-5.1.pom
Download https://repo1.maven.org/maven2/net/sf/proguard/proguard-parent/5.1/proguard-parent-5.1.pom
Download https://repo1.maven.org/maven2/com/android/tools/sdk-common/24.0.0/sdk-common-24.0.0.pom
Download https://repo1.maven.org/maven2/org/bouncycastle/bcprov-jdk15on/1.48/bcprov-jdk15on-1.48.pom
Download https://repo1.maven.org/maven2/com/squareup/javawriter/2.5.0/javawriter-2.5.0.pom
Download https://repo1.maven.org/maven2/org/sonatype/oss/oss-parent/7/oss-parent-7.pom
Download https://repo1.maven.org/maven2/com/android/tools/common/24.0.0/common-24.0.0.pom
Download https://repo1.maven.org/maven2/com/android/tools/build/builder-test-api/1.0.0/builder-test-api-1.0.0.pom
Download https://repo1.maven.org/maven2/com/android/tools/ddms/ddmlib/24.0.0/ddmlib-24.0.0.pom
Download https://repo1.maven.org/maven2/com/android/tools/build/manifest-merger/24.0.0/manifest-merger-24.0.0.pom
Download https://repo1.maven.org/maven2/com/android/tools/build/builder-model/1.0.0/builder-model-1.0.0.pom
Download https://repo1.maven.org/maven2/com/android/tools/sdklib/24.0.0/sdklib-24.0.0.pom
Download https://repo1.maven.org/maven2/org/bouncycastle/bcpkix-jdk15on/1.48/bcpkix-jdk15on-1.48.pom
Download https://repo1.maven.org/maven2/com/android/tools/lint/lint-checks/24.0.0/lint-checks-24.0.0.pom
Download https://repo1.maven.org/maven2/org/eclipse/jdt/core/compiler/ecj/4.2.2/ecj-4.2.2.pom
Download https://repo1.maven.org/maven2/net/sf/proguard/proguard-base/5.1/proguard-base-5.1.pom
Download https://repo1.maven.org/maven2/com/google/guava/guava/17.0/guava-17.0.pom
Download https://repo1.maven.org/maven2/com/google/guava/guava-parent/17.0/guava-parent-17.0.pom
Download https://repo1.maven.org/maven2/net/sf/kxml/kxml2/2.3.0/kxml2-2.3.0.pom
Download https://repo1.maven.org/maven2/com/android/tools/layoutlib/layoutlib-api/24.0.0/layoutlib-api-24.0.0.pom
Download https://repo1.maven.org/maven2/org/apache/httpcomponents/httpclient/4.1.1/httpclient-4.1.1.pom
Download https://repo1.maven.org/maven2/org/apache/httpcomponents/httpcomponents-client/4.1.1/httpcomponents-client-4.1.1.pom
Download https://repo1.maven.org/maven2/org/apache/httpcomponents/project/4.1.1/project-4.1.1.pom
Download https://repo1.maven.org/maven2/org/apache/httpcomponents/httpmime/4.1/httpmime-4.1.pom
Download https://repo1.maven.org/maven2/org/apache/httpcomponents/httpcomponents-client/4.1/httpcomponents-client-4.1.pom
Download https://repo1.maven.org/maven2/com/android/tools/dvlib/24.0.0/dvlib-24.0.0.pom
Download https://repo1.maven.org/maven2/org/apache/commons/commons-compress/1.8.1/commons-compress-1.8.1.pom
Download https://repo1.maven.org/maven2/org/apache/commons/commons-parent/33/commons-parent-33.pom
Download https://repo1.maven.org/maven2/org/apache/apache/13/apache-13.pom
Download https://repo1.maven.org/maven2/com/android/tools/lint/lint-api/24.0.0/lint-api-24.0.0.pom
Download https://repo1.maven.org/maven2/org/ow2/asm/asm-analysis/4.0/asm-analysis-4.0.pom
Download https://repo1.maven.org/maven2/org/ow2/asm/asm-parent/4.0/asm-parent-4.0.pom
Download https://repo1.maven.org/maven2/org/ow2/ow2/1.3/ow2-1.3.pom
Download https://repo1.maven.org/maven2/org/apache/httpcomponents/httpcore/4.1/httpcore-4.1.pom
Download https://repo1.maven.org/maven2/org/apache/httpcomponents/httpcomponents-core/4.1/httpcomponents-core-4.1.pom
Download https://repo1.maven.org/maven2/commons-logging/commons-logging/1.1.1/commons-logging-1.1.1.pom
Download https://repo1.maven.org/maven2/org/apache/commons/commons-parent/5/commons-parent-5.pom
Download https://repo1.maven.org/maven2/org/apache/apache/4/apache-4.pom
Download https://repo1.maven.org/maven2/commons-codec/commons-codec/1.4/commons-codec-1.4.pom
Download https://repo1.maven.org/maven2/org/apache/commons/commons-parent/11/commons-parent-11.pom
Download https://repo1.maven.org/maven2/org/ow2/asm/asm/4.0/asm-4.0.pom
Download https://repo1.maven.org/maven2/com/android/tools/external/lombok/lombok-ast/0.2.2/lombok-ast-0.2.2.pom
Download https://repo1.maven.org/maven2/org/ow2/asm/asm-tree/4.0/asm-tree-4.0.pom
Download https://repo1.maven.org/maven2/com/android/tools/build/gradle/1.0.0/gradle-1.0.0.jar
Download https://repo1.maven.org/maven2/com/android/tools/build/builder/1.0.0/builder-1.0.0.jar
Download https://repo1.maven.org/maven2/com/android/tools/lint/lint/24.0.0/lint-24.0.0.jar
Download https://repo1.maven.org/maven2/net/sf/proguard/proguard-gradle/5.1/proguard-gradle-5.1.jar
Download https://repo1.maven.org/maven2/com/android/tools/sdk-common/24.0.0/sdk-common-24.0.0.jar
Download https://repo1.maven.org/maven2/org/bouncycastle/bcprov-jdk15on/1.48/bcprov-jdk15on-1.48.jar
Download https://repo1.maven.org/maven2/com/squareup/javawriter/2.5.0/javawriter-2.5.0.jar
Download https://repo1.maven.org/maven2/com/android/tools/common/24.0.0/common-24.0.0.jar
Download https://repo1.maven.org/maven2/com/android/tools/build/builder-test-api/1.0.0/builder-test-api-1.0.0.jar
Download https://repo1.maven.org/maven2/com/android/tools/ddms/ddmlib/24.0.0/ddmlib-24.0.0.jar
Download https://repo1.maven.org/maven2/com/android/tools/build/manifest-merger/24.0.0/manifest-merger-24.0.0.jar
Download https://repo1.maven.org/maven2/com/android/tools/build/builder-model/1.0.0/builder-model-1.0.0.jar
Download https://repo1.maven.org/maven2/com/android/tools/sdklib/24.0.0/sdklib-24.0.0.jar
Download https://repo1.maven.org/maven2/org/bouncycastle/bcpkix-jdk15on/1.48/bcpkix-jdk15on-1.48.jar
Download https://repo1.maven.org/maven2/com/android/tools/lint/lint-checks/24.0.0/lint-checks-24.0.0.jar
Download https://repo1.maven.org/maven2/org/eclipse/jdt/core/compiler/ecj/4.2.2/ecj-4.2.2.jar
Download https://repo1.maven.org/maven2/net/sf/proguard/proguard-base/5.1/proguard-base-5.1.jar
Download https://repo1.maven.org/maven2/com/google/guava/guava/17.0/guava-17.0.jar
Download https://repo1.maven.org/maven2/net/sf/kxml/kxml2/2.3.0/kxml2-2.3.0.jar
Download https://repo1.maven.org/maven2/com/android/tools/layoutlib/layoutlib-api/24.0.0/layoutlib-api-24.0.0.jar
Download https://repo1.maven.org/maven2/org/apache/httpcomponents/httpclient/4.1.1/httpclient-4.1.1.jar
Download https://repo1.maven.org/maven2/org/apache/httpcomponents/httpmime/4.1/httpmime-4.1.jar
Download https://repo1.maven.org/maven2/com/android/tools/dvlib/24.0.0/dvlib-24.0.0.jar
Download https://repo1.maven.org/maven2/org/apache/commons/commons-compress/1.8.1/commons-compress-1.8.1.jar
Download https://repo1.maven.org/maven2/com/android/tools/lint/lint-api/24.0.0/lint-api-24.0.0.jar
Download https://repo1.maven.org/maven2/org/ow2/asm/asm-analysis/4.0/asm-analysis-4.0.jar
Download https://repo1.maven.org/maven2/org/apache/httpcomponents/httpcore/4.1/httpcore-4.1.jar
Download https://repo1.maven.org/maven2/commons-logging/commons-logging/1.1.1/commons-logging-1.1.1.jar
Download https://repo1.maven.org/maven2/commons-codec/commons-codec/1.4/commons-codec-1.4.jar
Download https://repo1.maven.org/maven2/org/ow2/asm/asm/4.0/asm-4.0.jar
Download https://repo1.maven.org/maven2/com/android/tools/external/lombok/lombok-ast/0.2.2/lombok-ast-0.2.2.jar
Download https://repo1.maven.org/maven2/org/ow2/asm/asm-tree/4.0/asm-tree-4.0.jar
Download https://repo1.maven.org/maven2/com/parse/bolts/bolts-android/1.2.0/bolts-android-1.2.0.pom
Download https://repo1.maven.org/maven2/com/parse/bolts/bolts-android/1.2.0/bolts-android-1.2.0.jar
Download https://repo1.maven.org/maven2/com/github/jcandksolutions/gradle/android-unit-test/2.1.1/android-unit-test-2.1.1.pom
Download https://repo1.maven.org/maven2/com/github/jcandksolutions/gradle/android-unit-test/2.1.1/android-unit-test-2.1.1.jar
Download https://repo1.maven.org/maven2/org/robolectric/robolectric/2.4/robolectric-2.4.pom
Download https://repo1.maven.org/maven2/org/robolectric/robolectric-parent/2.4/robolectric-parent-2.4.pom
Download https://repo1.maven.org/maven2/org/robolectric/robolectric-annotations/2.4/robolectric-annotations-2.4.pom
Download https://repo1.maven.org/maven2/org/objenesis/objenesis/1.3/objenesis-1.3.pom
Download https://repo1.maven.org/maven2/org/objenesis/objenesis-parent/1.3/objenesis-parent-1.3.pom
Download https://repo1.maven.org/maven2/com/almworks/sqlite4java/sqlite4java/0.282/sqlite4java-0.282.pom
Download https://repo1.maven.org/maven2/org/sonatype/oss/oss-parent/4/oss-parent-4.pom
Download https://repo1.maven.org/maven2/org/ow2/asm/asm/5.0.1/asm-5.0.1.pom
Download https://repo1.maven.org/maven2/org/ow2/asm/asm-parent/5.0.1/asm-parent-5.0.1.pom
Download https://repo1.maven.org/maven2/org/ow2/asm/asm-commons/5.0.1/asm-commons-5.0.1.pom
Download https://repo1.maven.org/maven2/org/ow2/asm/asm-util/5.0.1/asm-util-5.0.1.pom
Download https://repo1.maven.org/maven2/org/ow2/asm/asm-analysis/5.0.1/asm-analysis-5.0.1.pom
Download https://repo1.maven.org/maven2/commons-codec/commons-codec/1.3/commons-codec-1.3.pom
Download https://repo1.maven.org/maven2/org/apache/httpcomponents/httpclient/4.0.3/httpclient-4.0.3.pom
Download https://repo1.maven.org/maven2/org/apache/httpcomponents/httpcomponents-client/4.0.3/httpcomponents-client-4.0.3.pom
Download https://repo1.maven.org/maven2/org/apache/httpcomponents/project/4.1/project-4.1.pom
Download https://repo1.maven.org/maven2/com/ximpleware/vtd-xml/2.11/vtd-xml-2.11.pom
Download https://repo1.maven.org/maven2/org/apache/maven/maven-ant-tasks/2.1.3/maven-ant-tasks-2.1.3.pom
Download https://repo1.maven.org/maven2/org/apache/maven/maven-parent/19/maven-parent-19.pom
Download https://repo1.maven.org/maven2/org/apache/apache/9/apache-9.pom
Download https://repo1.maven.org/maven2/org/apache/ant/ant/1.8.0/ant-1.8.0.pom
Download https://repo1.maven.org/maven2/org/apache/ant/ant-parent/1.8.0/ant-parent-1.8.0.pom
Download https://repo1.maven.org/maven2/org/ow2/asm/asm-tree/5.0.1/asm-tree-5.0.1.pom
Download https://repo1.maven.org/maven2/org/apache/httpcomponents/httpcore/4.0.1/httpcore-4.0.1.pom
Download https://repo1.maven.org/maven2/org/apache/httpcomponents/httpcomponents-core/4.0.1/httpcomponents-core-4.0.1.pom
Download https://repo1.maven.org/maven2/org/apache/httpcomponents/project/4.0/project-4.0.pom
Download https://repo1.maven.org/maven2/org/apache/ant/ant-launcher/1.8.0/ant-launcher-1.8.0.pom
Download https://repo1.maven.org/maven2/org/robolectric/robolectric/2.4/robolectric-2.4-sources.jar
Download https://repo1.maven.org/maven2/org/robolectric/robolectric-annotations/2.4/robolectric-annotations-2.4.jar
Download https://repo1.maven.org/maven2/org/objenesis/objenesis/1.3/objenesis-1.3.jar
Download https://repo1.maven.org/maven2/com/almworks/sqlite4java/sqlite4java/0.282/sqlite4java-0.282.jar
Download https://repo1.maven.org/maven2/org/ow2/asm/asm/5.0.1/asm-5.0.1.jar
Download https://repo1.maven.org/maven2/org/ow2/asm/asm-commons/5.0.1/asm-commons-5.0.1.jar
Download https://repo1.maven.org/maven2/org/ow2/asm/asm-util/5.0.1/asm-util-5.0.1.jar
Download https://repo1.maven.org/maven2/org/ow2/asm/asm-analysis/5.0.1/asm-analysis-5.0.1.jar
Download https://repo1.maven.org/maven2/commons-codec/commons-codec/1.3/commons-codec-1.3.jar
Download https://repo1.maven.org/maven2/org/apache/httpcomponents/httpclient/4.0.3/httpclient-4.0.3.jar
Download https://repo1.maven.org/maven2/com/ximpleware/vtd-xml/2.11/vtd-xml-2.11.jar
Download https://repo1.maven.org/maven2/org/apache/maven/maven-ant-tasks/2.1.3/maven-ant-tasks-2.1.3.jar
Download https://repo1.maven.org/maven2/org/apache/ant/ant/1.8.0/ant-1.8.0.jar
Download https://repo1.maven.org/maven2/org/ow2/asm/asm-tree/5.0.1/asm-tree-5.0.1.jar
Download https://repo1.maven.org/maven2/org/apache/httpcomponents/httpcore/4.0.1/httpcore-4.0.1.jar
Download https://repo1.maven.org/maven2/org/apache/ant/ant-launcher/1.8.0/ant-launcher-1.8.0.jar
Download https://repo1.maven.org/maven2/org/powermock/powermock-module-junit4-rule/1.6.1/powermock-module-junit4-rule-1.6.1.pom
Download https://repo1.maven.org/maven2/org/powermock/powermock-modules/1.6.1/powermock-modules-1.6.1.pom
Download https://repo1.maven.org/maven2/org/powermock/powermock/1.6.1/powermock-1.6.1.pom
Download https://repo1.maven.org/maven2/org/sonatype/oss/oss-parent/5/oss-parent-5.pom
Download https://repo1.maven.org/maven2/org/powermock/powermock-classloading-base/1.6.1/powermock-classloading-base-1.6.1.pom
Download https://repo1.maven.org/maven2/org/powermock/powermock-core/1.6.1/powermock-core-1.6.1.pom
Download https://repo1.maven.org/maven2/org/powermock/powermock-api-support/1.6.1/powermock-api-support-1.6.1.pom
Download https://repo1.maven.org/maven2/org/powermock/powermock-api/1.6.1/powermock-api-1.6.1.pom
Download https://repo1.maven.org/maven2/org/powermock/powermock-reflect/1.6.1/powermock-reflect-1.6.1.pom
Download https://repo1.maven.org/maven2/org/javassist/javassist/3.18.2-GA/javassist-3.18.2-GA.pom
Download https://repo1.maven.org/maven2/org/objenesis/objenesis/2.1/objenesis-2.1.pom
Download https://repo1.maven.org/maven2/org/objenesis/objenesis-parent/2.1/objenesis-parent-2.1.pom
Download https://repo1.maven.org/maven2/org/powermock/powermock-module-junit4-rule/1.6.1/powermock-module-junit4-rule-1.6.1-sources.jar
Download https://repo1.maven.org/maven2/org/powermock/powermock-classloading-base/1.6.1/powermock-classloading-base-1.6.1.jar
Download https://repo1.maven.org/maven2/org/powermock/powermock-core/1.6.1/powermock-core-1.6.1.jar
Download https://repo1.maven.org/maven2/org/powermock/powermock-api-support/1.6.1/powermock-api-support-1.6.1.jar
Download https://repo1.maven.org/maven2/org/powermock/powermock-reflect/1.6.1/powermock-reflect-1.6.1.jar
Download https://repo1.maven.org/maven2/org/javassist/javassist/3.18.2-GA/javassist-3.18.2-GA.jar
Download https://repo1.maven.org/maven2/org/objenesis/objenesis/2.1/objenesis-2.1.jar
Download https://repo1.maven.org/maven2/org/powermock/powermock-module-junit4/1.6.1/powermock-module-junit4-1.6.1.pom
Download https://repo1.maven.org/maven2/junit/junit/4.12/junit-4.12.pom
Download https://repo1.maven.org/maven2/org/powermock/powermock-module-junit4-common/1.6.1/powermock-module-junit4-common-1.6.1.pom
Download https://repo1.maven.org/maven2/org/hamcrest/hamcrest-core/1.3/hamcrest-core-1.3.pom
Download https://repo1.maven.org/maven2/org/hamcrest/hamcrest-parent/1.3/hamcrest-parent-1.3.pom
Download https://repo1.maven.org/maven2/org/powermock/powermock-module-junit4/1.6.1/powermock-module-junit4-1.6.1-sources.jar
Download https://repo1.maven.org/maven2/junit/junit/4.12/junit-4.12.jar
Download https://repo1.maven.org/maven2/org/powermock/powermock-module-junit4-common/1.6.1/powermock-module-junit4-common-1.6.1.jar
Download https://repo1.maven.org/maven2/org/hamcrest/hamcrest-core/1.3/hamcrest-core-1.3.jar
Download https://repo1.maven.org/maven2/org/powermock/powermock-classloading-xstream/1.6.1/powermock-classloading-xstream-1.6.1.pom
Download https://repo1.maven.org/maven2/org/powermock/powermock-classloading-module/1.6.1/powermock-classloading-module-1.6.1.pom
Download https://repo1.maven.org/maven2/com/thoughtworks/xstream/xstream/1.4.2/xstream-1.4.2.pom
Download https://repo1.maven.org/maven2/com/thoughtworks/xstream/xstream-parent/1.4.2/xstream-parent-1.4.2.pom
Download https://repo1.maven.org/maven2/org/codehaus/codehaus-parent/3/codehaus-parent-3.pom
Download https://repo1.maven.org/maven2/xmlpull/xmlpull/1.1.3.1/xmlpull-1.1.3.1.pom
Download https://repo1.maven.org/maven2/xpp3/xpp3_min/1.1.4c/xpp3_min-1.1.4c.pom
Download https://repo1.maven.org/maven2/org/powermock/powermock-classloading-xstream/1.6.1/powermock-classloading-xstream-1.6.1-sources.jar
Download https://repo1.maven.org/maven2/com/thoughtworks/xstream/xstream/1.4.2/xstream-1.4.2.jar
Download https://repo1.maven.org/maven2/xmlpull/xmlpull/1.1.3.1/xmlpull-1.1.3.1.jar
Download https://repo1.maven.org/maven2/xpp3/xpp3_min/1.1.4c/xpp3_min-1.1.4c.jar
Download https://repo1.maven.org/maven2/junit/junit/4.12/junit-4.12-sources.jar
Download https://repo1.maven.org/maven2/org/powermock/powermock-api-mockito/1.6.1/powermock-api-mockito-1.6.1.pom
Download https://repo1.maven.org/maven2/org/mockito/mockito-all/1.10.8/mockito-all-1.10.8.pom
Download https://repo1.maven.org/maven2/org/powermock/powermock-api-mockito/1.6.1/powermock-api-mockito-1.6.1-sources.jar
Download https://repo1.maven.org/maven2/org/mockito/mockito-all/1.10.8/mockito-all-1.10.8.jar
Download https://repo1.maven.org/maven2/org/mockito/mockito-core/1.10.8/mockito-core-1.10.8.pom
Download https://repo1.maven.org/maven2/com/google/dexmaker/dexmaker/1.2/dexmaker-1.2.pom
Download https://repo1.maven.org/maven2/com/google/dexmaker/dexmaker-parent/1.2/dexmaker-parent-1.2.pom
Download https://repo1.maven.org/maven2/com/google/dexmaker/dexmaker-mockito/1.2/dexmaker-mockito-1.2.pom
Download https://repo1.maven.org/maven2/org/hamcrest/hamcrest-core/1.1/hamcrest-core-1.1.pom
Download https://repo1.maven.org/maven2/org/hamcrest/hamcrest-parent/1.1/hamcrest-parent-1.1.pom
Download https://repo1.maven.org/maven2/org/hamcrest/hamcrest-core/1.1/hamcrest-core-1.1.jar
Download https://repo1.maven.org/maven2/org/mockito/mockito-core/1.10.8/mockito-core-1.10.8.jar
Download https://repo1.maven.org/maven2/com/google/dexmaker/dexmaker/1.2/dexmaker-1.2.jar
Download https://repo1.maven.org/maven2/com/google/dexmaker/dexmaker-mockito/1.2/dexmaker-mockito-1.2.jar
Download https://repo1.maven.org/maven2/com/parse/bolts/bolts-android/1.1.4/bolts-android-1.1.4.pom
:facebook:androidJavadocs/home/travis/build/facebook/facebook-android-sdk/facebook/src/com/facebook/ProfileManager.java:25: error: package android.support.v4.content does not exist
import android.support.v4.content.LocalBroadcastManager;
                                 ^
/home/travis/build/facebook/facebook-android-sdk/facebook/src/com/facebook/ProfileManager.java:40: error: cannot find symbol
    private final LocalBroadcastManager localBroadcastManager;
                  ^
  symbol:   class LocalBroadcastManager
  location: class ProfileManager
/home/travis/build/facebook/facebook-android-sdk/facebook/src/com/facebook/ProfileManager.java:46: error: cannot find symbol
            LocalBroadcastManager localBroadcastManager,
            ^
  symbol:   class LocalBroadcastManager
  location: class ProfileManager
/home/travis/build/facebook/facebook-android-sdk/facebook/src/com/facebook/AccessTokenTracker.java:27: error: package android.support.v4.content does not exist
import android.support.v4.content.LocalBroadcastManager;
                                 ^
/home/travis/build/facebook/facebook-android-sdk/facebook/src/com/facebook/AccessTokenTracker.java:40: error: cannot find symbol
    private final LocalBroadcastManager broadcastManager;
                  ^
  symbol:   class LocalBroadcastManager
  location: class AccessTokenTracker
/home/travis/build/facebook/facebook-android-sdk/facebook/src/com/facebook/FacebookActivity.java:26: error: package android.support.v4.app does not exist
import android.support.v4.app.Fragment;
                             ^
/home/travis/build/facebook/facebook-android-sdk/facebook/src/com/facebook/FacebookActivity.java:27: error: package android.support.v4.app does not exist
import android.support.v4.app.FragmentActivity;
                             ^
/home/travis/build/facebook/facebook-android-sdk/facebook/src/com/facebook/FacebookActivity.java:28: error: package android.support.v4.app does not exist
import android.support.v4.app.FragmentManager;
                             ^
/home/travis/build/facebook/facebook-android-sdk/facebook/src/com/facebook/FacebookActivity.java:48: error: cannot find symbol
public class FacebookActivity extends FragmentActivity {
                                      ^
  symbol: class FragmentActivity
/home/travis/build/facebook/facebook-android-sdk/facebook/src/com/facebook/FacebookActivity.java:53: error: cannot find symbol
    private Fragment singleFragment;
            ^
  symbol:   class Fragment
  location: class FacebookActivity
/home/travis/build/facebook/facebook-android-sdk/facebook/src/com/facebook/ProfileTracker.java:27: error: package android.support.v4.content does not exist
import android.support.v4.content.LocalBroadcastManager;
                                 ^
/home/travis/build/facebook/facebook-android-sdk/facebook/src/com/facebook/ProfileTracker.java:39: error: cannot find symbol
    private final LocalBroadcastManager broadcastManager;
                  ^
  symbol:   class LocalBroadcastManager
  location: class ProfileTracker
/home/travis/build/facebook/facebook-android-sdk/facebook/src/com/facebook/FacebookButtonBase.java:31: error: package android.support.v4.app does not exist
import android.support.v4.app.Fragment;
                             ^
/home/travis/build/facebook/facebook-android-sdk/facebook/src/com/facebook/FacebookButtonBase.java:40: error: cannot find symbol
import com.facebook.R;
                   ^
  symbol:   class R
  location: package com.facebook
/home/travis/build/facebook/facebook-android-sdk/facebook/src/com/facebook/FacebookButtonBase.java:53: error: cannot find symbol
    private Fragment parentFragment;
            ^
  symbol:   class Fragment
  location: class FacebookButtonBase
/home/travis/build/facebook/facebook-android-sdk/facebook/src/com/facebook/FacebookButtonBase.java:79: error: cannot find symbol
    public void setFragment(final Fragment fragment) {
                                  ^
  symbol:   class Fragment
  location: class FacebookButtonBase
/home/travis/build/facebook/facebook-android-sdk/facebook/src/com/facebook/FacebookButtonBase.java:87: error: cannot find symbol
    public Fragment getFragment() {
           ^
  symbol:   class Fragment
  location: class FacebookButtonBase
/home/travis/build/facebook/facebook-android-sdk/facebook/src/com/facebook/AccessTokenManager.java:28: error: package android.support.v4.content does not exist
import android.support.v4.content.LocalBroadcastManager;
                                 ^
/home/travis/build/facebook/facebook-android-sdk/facebook/src/com/facebook/AccessTokenManager.java:64: error: cannot find symbol
    private final LocalBroadcastManager localBroadcastManager;
                  ^
  symbol:   class LocalBroadcastManager
  location: class AccessTokenManager
/home/travis/build/facebook/facebook-android-sdk/facebook/src/com/facebook/AccessTokenManager.java:70: error: cannot find symbol
    AccessTokenManager(LocalBroadcastManager localBroadcastManager,
                       ^
  symbol:   class LocalBroadcastManager
  location: class AccessTokenManager
/home/travis/build/facebook/facebook-android-sdk/facebook/src/com/facebook/share/widget/CreateAppGroupDialog.java:26: error: package android.support.v4.app does not exist
import android.support.v4.app.Fragment;
                             ^
/home/travis/build/facebook/facebook-android-sdk/facebook/src/com/facebook/internal/FacebookDialogBase.java:24: error: package android.support.v4.app does not exist
import android.support.v4.app.Fragment;
                             ^
/home/travis/build/facebook/facebook-android-sdk/facebook/src/com/facebook/share/widget/CreateAppGroupDialog.java:101: error: cannot find symbol
            final Fragment fragment,
                  ^
  symbol:   class Fragment
  location: class CreateAppGroupDialog
/home/travis/build/facebook/facebook-android-sdk/facebook/src/com/facebook/share/widget/CreateAppGroupDialog.java:118: error: cannot find symbol
    public CreateAppGroupDialog(final Fragment fragment) {
                                      ^
  symbol:   class Fragment
  location: class CreateAppGroupDialog
/home/travis/build/facebook/facebook-android-sdk/facebook/src/com/facebook/internal/FacebookDialogBase.java:48: error: cannot find symbol
    private final Fragment fragment;
                  ^
  symbol:   class Fragment
  location: class FacebookDialogBase<CONTENT,RESULT>
  where CONTENT,RESULT are type-variables:
    CONTENT extends Object declared in class FacebookDialogBase
    RESULT extends Object declared in class FacebookDialogBase
/home/travis/build/facebook/facebook-android-sdk/facebook/src/com/facebook/internal/FacebookDialogBase.java:59: error: cannot find symbol
    protected FacebookDialogBase(final Fragment fragment, int requestCode) {
                                       ^
  symbol:   class Fragment
  location: class FacebookDialogBase<CONTENT,RESULT>
  where CONTENT,RESULT are type-variables:
    CONTENT extends Object declared in class FacebookDialogBase
    RESULT extends Object declared in class FacebookDialogBase
/home/travis/build/facebook/facebook-android-sdk/facebook/src/com/facebook/share/widget/LikeView.java:32: error: package android.support.v4.app does not exist
import android.support.v4.app.Fragment;
                             ^
/home/travis/build/facebook/facebook-android-sdk/facebook/src/com/facebook/share/widget/LikeView.java:33: error: package android.support.v4.content does not exist
import android.support.v4.content.LocalBroadcastManager;
                                 ^
/home/travis/build/facebook/facebook-android-sdk/facebook/src/com/facebook/share/widget/LikeView.java:43: error: cannot find symbol
import com.facebook.R;
                   ^
  symbol:   class R
  location: package com.facebook
/home/travis/build/facebook/facebook-android-sdk/facebook/src/com/facebook/share/internal/LikeButton.java:26: error: cannot find symbol
import com.facebook.R;
                   ^
  symbol:   class R
  location: package com.facebook
/home/travis/build/facebook/facebook-android-sdk/facebook/src/com/facebook/share/internal/LikeBoxCountView.java:30: error: cannot find symbol
import com.facebook.R;
                   ^
  symbol:   class R
  location: package com.facebook
/home/travis/build/facebook/facebook-android-sdk/facebook/src/com/facebook/share/internal/LikeActionController.java:28: error: package android.support.v4.app does not exist
import android.support.v4.app.Fragment;
                             ^
/home/travis/build/facebook/facebook-android-sdk/facebook/src/com/facebook/share/internal/LikeActionController.java:29: error: package android.support.v4.content does not exist
import android.support.v4.content.LocalBroadcastManager;
                                 ^
/home/travis/build/facebook/facebook-android-sdk/facebook/src/com/facebook/share/widget/LikeView.java:290: error: cannot find symbol
    private Fragment parentFragment;
            ^
  symbol:   class Fragment
  location: class LikeView
/home/travis/build/facebook/facebook-android-sdk/facebook/src/com/facebook/share/widget/LikeView.java:416: error: cannot find symbol
    public void setFragment(Fragment fragment) {
                            ^
  symbol:   class Fragment
  location: class LikeView
/home/travis/build/facebook/facebook-android-sdk/facebook/src/com/facebook/appevents/AppEventsLogger.java:29: error: package android.support.v4.content does not exist
import android.support.v4.content.LocalBroadcastManager;
                                 ^
/home/travis/build/facebook/facebook-android-sdk/facebook/src/com/facebook/share/internal/LikeActionController.java:671: error: cannot find symbol
    public void toggleLike(Activity activity, Fragment fragment, Bundle analyticsParameters) {
                                              ^
  symbol:   class Fragment
  location: class LikeActionController
/home/travis/build/facebook/facebook-android-sdk/facebook/src/com/facebook/share/internal/LikeActionController.java:798: error: cannot find symbol
            final Fragment fragment,
                  ^
  symbol:   class Fragment
  location: class LikeActionController
/home/travis/build/facebook/facebook-android-sdk/facebook/src/com/facebook/share/widget/ShareButton.java:27: error: cannot find symbol
import com.facebook.R;
                   ^
  symbol:   class R
  location: package com.facebook
/home/travis/build/facebook/facebook-android-sdk/facebook/src/com/facebook/share/widget/SendButton.java:27: error: cannot find symbol
import com.facebook.R;
                   ^
  symbol:   class R
  location: package com.facebook
/home/travis/build/facebook/facebook-android-sdk/facebook/src/com/facebook/share/widget/JoinAppGroupDialog.java:26: error: package android.support.v4.app does not exist
import android.support.v4.app.Fragment;
                             ^
/home/travis/build/facebook/facebook-android-sdk/facebook/src/com/facebook/share/widget/JoinAppGroupDialog.java:100: error: cannot find symbol
            final Fragment fragment,
                  ^
  symbol:   class Fragment
  location: class JoinAppGroupDialog
/home/travis/build/facebook/facebook-android-sdk/facebook/src/com/facebook/share/widget/JoinAppGroupDialog.java:117: error: cannot find symbol
    public JoinAppGroupDialog(final Fragment fragment) {
                                    ^
  symbol:   class Fragment
  location: class JoinAppGroupDialog
/home/travis/build/facebook/facebook-android-sdk/facebook/src/com/facebook/share/widget/AppInviteDialog.java:27: error: package android.support.v4.app does not exist
import android.support.v4.app.Fragment;
                             ^
/home/travis/build/facebook/facebook-android-sdk/facebook/src/com/facebook/share/widget/AppInviteDialog.java:105: error: cannot find symbol
            final Fragment fragment,
                  ^
  symbol:   class Fragment
  location: class AppInviteDialog
/home/travis/build/facebook/facebook-android-sdk/facebook/src/com/facebook/share/widget/AppInviteDialog.java:135: error: cannot find symbol
    public AppInviteDialog(final Fragment fragment) {
                                 ^
  symbol:   class Fragment
  location: class AppInviteDialog
/home/travis/build/facebook/facebook-android-sdk/facebook/src/com/facebook/share/widget/ShareDialog.java:27: error: package android.support.v4.app does not exist
import android.support.v4.app.Fragment;
                             ^
/home/travis/build/facebook/facebook-android-sdk/facebook/src/com/facebook/share/widget/ShareDialog.java:113: error: cannot find symbol
            final Fragment fragment,
                  ^
  symbol:   class Fragment
  location: class ShareDialog
/home/travis/build/facebook/facebook-android-sdk/facebook/src/com/facebook/share/widget/ShareDialog.java:160: error: cannot find symbol
    public ShareDialog(Fragment fragment) {
                       ^
  symbol:   class Fragment
  location: class ShareDialog
/home/travis/build/facebook/facebook-android-sdk/facebook/src/com/facebook/share/widget/ShareDialog.java:174: error: cannot find symbol
    ShareDialog(Fragment fragment, int requestCode) {
                ^
  symbol:   class Fragment
  location: class ShareDialog
/home/travis/build/facebook/facebook-android-sdk/facebook/src/com/facebook/share/widget/GameRequestDialog.java:26: error: package android.support.v4.app does not exist
import android.support.v4.app.Fragment;
                             ^
/home/travis/build/facebook/facebook-android-sdk/facebook/src/com/facebook/share/widget/GameRequestDialog.java:118: error: cannot find symbol
    public static void show(final Fragment fragment, final GameRequestContent gameRequestContent) {
                                  ^
  symbol:   class Fragment
  location: class GameRequestDialog
/home/travis/build/facebook/facebook-android-sdk/facebook/src/com/facebook/share/widget/GameRequestDialog.java:134: error: cannot find symbol
    public GameRequestDialog(Fragment fragment) {
                             ^
  symbol:   class Fragment
  location: class GameRequestDialog
/home/travis/build/facebook/facebook-android-sdk/facebook/src/com/facebook/share/widget/MessageDialog.java:25: error: package android.support.v4.app does not exist
import android.support.v4.app.Fragment;
                             ^
/home/travis/build/facebook/facebook-android-sdk/facebook/src/com/facebook/share/widget/MessageDialog.java:78: error: cannot find symbol
            final Fragment fragment,
                  ^
  symbol:   class Fragment
  location: class MessageDialog
/home/travis/build/facebook/facebook-android-sdk/facebook/src/com/facebook/share/widget/MessageDialog.java:111: error: cannot find symbol
    public MessageDialog(Fragment fragment) {
                         ^
  symbol:   class Fragment
  location: class MessageDialog
/home/travis/build/facebook/facebook-android-sdk/facebook/src/com/facebook/share/widget/MessageDialog.java:125: error: cannot find symbol
    MessageDialog(Fragment fragment, int requestCode) {
                  ^
  symbol:   class Fragment
  location: class MessageDialog
/home/travis/build/facebook/facebook-android-sdk/facebook/src/com/facebook/share/internal/LikeDialog.java:26: error: package android.support.v4.app does not exist
import android.support.v4.app.Fragment;
                             ^
/home/travis/build/facebook/facebook-android-sdk/facebook/src/com/facebook/share/internal/LikeDialog.java:70: error: cannot find symbol
    LikeDialog(Fragment fragment) {
               ^
  symbol:   class Fragment
  location: class LikeDialog
/home/travis/build/facebook/facebook-android-sdk/facebook/src/com/facebook/login/LoginClient.java:30: error: package android.support.v4.app does not exist
import android.support.v4.app.Fragment;
                             ^
/home/travis/build/facebook/facebook-android-sdk/facebook/src/com/facebook/login/LoginClient.java:31: error: package android.support.v4.app does not exist
import android.support.v4.app.FragmentActivity;
                             ^
/home/travis/build/facebook/facebook-android-sdk/facebook/src/com/facebook/login/LoginClient.java:40: error: cannot find symbol
import com.facebook.R;
                   ^
  symbol:   class R
  location: package com.facebook
/home/travis/build/facebook/facebook-android-sdk/facebook/src/com/facebook/login/LoginClient.java:60: error: cannot find symbol
    Fragment fragment;
    ^
  symbol:   class Fragment
  location: class LoginClient
/home/travis/build/facebook/facebook-android-sdk/facebook/src/com/facebook/login/LoginClient.java:78: error: cannot find symbol
    public LoginClient(Fragment fragment) {
                       ^
  symbol:   class Fragment
  location: class LoginClient
/home/travis/build/facebook/facebook-android-sdk/facebook/src/com/facebook/login/LoginClient.java:82: error: cannot find symbol
    public Fragment getFragment() {
           ^
  symbol:   class Fragment
  location: class LoginClient
/home/travis/build/facebook/facebook-android-sdk/facebook/src/com/facebook/login/LoginClient.java:86: error: cannot find symbol
    void setFragment(Fragment fragment) {
                     ^
  symbol:   class Fragment
  location: class LoginClient
/home/travis/build/facebook/facebook-android-sdk/facebook/src/com/facebook/login/LoginClient.java:93: error: cannot find symbol
    FragmentActivity getActivity() {
    ^
  symbol:   class FragmentActivity
  location: class LoginClient
/home/travis/build/facebook/facebook-android-sdk/facebook/src/com/facebook/login/LoginFragment.java:28: error: package android.support.v4.app does not exist
import android.support.v4.app.Fragment;
                             ^
/home/travis/build/facebook/facebook-android-sdk/facebook/src/com/facebook/login/LoginFragment.java:34: error: cannot find symbol
import com.facebook.R;
                   ^
  symbol:   class R
  location: package com.facebook
/home/travis/build/facebook/facebook-android-sdk/facebook/src/com/facebook/login/LoginFragment.java:43: error: cannot find symbol
public class LoginFragment extends Fragment {
                                   ^
  symbol: class Fragment
/home/travis/build/facebook/facebook-android-sdk/facebook/src/com/facebook/login/WebViewLoginMethodHandler.java:28: error: package android.support.v4.app does not exist
import android.support.v4.app.FragmentActivity;
                             ^
/home/travis/build/facebook/facebook-android-sdk/facebook/src/com/facebook/internal/WebDialog.java:44: error: cannot find symbol
import com.facebook.R;
                   ^
  symbol:   class R
  location: package com.facebook
/home/travis/build/facebook/facebook-android-sdk/facebook/src/com/facebook/login/LoginManager.java:28: error: package android.support.v4.app does not exist
import android.support.v4.app.Fragment;
                             ^
/home/travis/build/facebook/facebook-android-sdk/facebook/src/com/facebook/login/LoginManager.java:110: error: cannot find symbol
    public void resolveError(final Fragment fragment, final GraphResponse response) {
                                   ^
  symbol:   class Fragment
  location: class LoginManager
/home/travis/build/facebook/facebook-android-sdk/facebook/src/com/facebook/login/LoginManager.java:246: error: cannot find symbol
    public void logInWithReadPermissions(Fragment fragment, Collection<String> permissions) {
                                         ^
  symbol:   class Fragment
  location: class LoginManager
/home/travis/build/facebook/facebook-android-sdk/facebook/src/com/facebook/login/LoginManager.java:270: error: cannot find symbol
    public void logInWithPublishPermissions(Fragment fragment, Collection<String> permissions) {
                                            ^
  symbol:   class Fragment
  location: class LoginManager
/home/travis/build/facebook/facebook-android-sdk/facebook/src/com/facebook/login/LoginManager.java:534: error: cannot find symbol
        private final Fragment fragment;
                      ^
  symbol:   class Fragment
  location: class FragmentStartActivityDelegate
/home/travis/build/facebook/facebook-android-sdk/facebook/src/com/facebook/login/LoginManager.java:536: error: cannot find symbol
        FragmentStartActivityDelegate(final Fragment fragment) {
                                            ^
  symbol:   class Fragment
  location: class FragmentStartActivityDelegate
/home/travis/build/facebook/facebook-android-sdk/facebook/src/com/facebook/login/widget/ToolTipPopup.java:33: error: cannot find symbol
import com.facebook.R;
                   ^
  symbol:   class R
  location: package com.facebook
/home/travis/build/facebook/facebook-android-sdk/facebook/src/com/facebook/login/widget/LoginButton.java:34: error: cannot find symbol
import com.facebook.R;
                   ^
  symbol:   class R
  location: package com.facebook
/home/travis/build/facebook/facebook-android-sdk/facebook/src/com/facebook/login/widget/ProfilePictureView.java:36: error: cannot find symbol
import com.facebook.R;
                   ^
  symbol:   class R
  location: package com.facebook
/home/travis/build/facebook/facebook-android-sdk/facebook/src/com/facebook/internal/DialogPresenter.java:28: error: package android.support.v4.app does not exist
import android.support.v4.app.Fragment;
                             ^
/home/travis/build/facebook/facebook-android-sdk/facebook/src/com/facebook/internal/DialogPresenter.java:65: error: cannot find symbol
    public static void present(AppCall appCall, Fragment fragment) {
                                                ^
  symbol:   class Fragment
  location: class DialogPresenter
/home/travis/build/facebook/facebook-android-sdk/facebook/src/com/facebook/internal/ImageDownloader.java:30: error: cannot find symbol
import com.facebook.R;
                   ^
  symbol:   class R
  location: package com.facebook
/home/travis/build/facebook/facebook-android-sdk/facebook/src/com/facebook/internal/FacebookDialogFragment.java:29: error: package android.support.v4.app does not exist
import android.support.v4.app.DialogFragment;
                             ^
/home/travis/build/facebook/facebook-android-sdk/facebook/src/com/facebook/internal/FacebookDialogFragment.java:30: error: package android.support.v4.app does not exist
import android.support.v4.app.FragmentActivity;
                             ^
/home/travis/build/facebook/facebook-android-sdk/facebook/src/com/facebook/internal/FacebookDialogFragment.java:40: error: cannot find symbol
public class FacebookDialogFragment extends DialogFragment {
                                            ^
  symbol: class DialogFragment
/home/travis/build/facebook/facebook-android-sdk/facebook/src/com/facebook/internal/BoltsMeasurementEventListener.java:28: error: package android.support.v4.content does not exist
import android.support.v4.content.LocalBroadcastManager;
                                 ^
/home/travis/build/facebook/facebook-android-sdk/facebook/src/com/facebook/appevents/AppEventsLogger.java:425: warning - Tag @link: reference not found: android.support.v4.content.LocalBroadcastManager
/home/travis/build/facebook/facebook-android-sdk/facebook/src/com/facebook/FacebookButtonBase.java:79: warning - Tag @link: reference not found: Fragment#onActivityResult(int, int, android.content.Intent) onActivityResult
/home/travis/build/facebook/facebook-android-sdk/facebook/src/com/facebook/FacebookCallback.java:59: warning - Tag @link: can't find onSuccess(RESULT) in com.facebook.FacebookCallback
/home/travis/build/facebook/facebook-android-sdk/facebook/src/com/facebook/FacebookDialog.java:51: warning - Tag @link: reference not found: android.support.v4.app.Fragment#onCreate(android.os.Bundle)
/home/travis/build/facebook/facebook-android-sdk/facebook/src/com/facebook/FacebookDialog.java:67: warning - Tag @link: reference not found: android.support.v4.app.Fragment#onCreate(android.os.Bundle)
/home/travis/build/facebook/facebook-android-sdk/facebook/src/com/facebook/FacebookRequestError.java:447: warning - Tag @link: can't find resolveError(android.support.v4.app.Fragment,
 GraphResponse) in com.facebook.login.LoginManager
/home/travis/build/facebook/facebook-android-sdk/facebook/src/com/facebook/login/widget/LoginButton.java:416: warning - ToolTipPopup#DEFAULT_POPUP_DISPLAY_TIME (referenced by @value tag) is an unknown reference.
/home/travis/build/facebook/facebook-android-sdk/facebook/src/com/facebook/share/widget/LikeView.java:416: warning - Tag @link: reference not found: Fragment#onActivityResult(int, int, android.content.Intent) onActivityResult
/home/travis/build/facebook/facebook-android-sdk/facebook/src/com/facebook/share/widget/ShareButtonBase.java:80: warning - Tag @link: reference not found: android.support.v4.app.Fragment#onCreate(android.os.Bundle)
/home/travis/build/facebook/facebook-android-sdk/facebook/src/com/facebook/share/widget/ShareButtonBase.java:99: warning - Tag @link: reference not found: android.support.v4.app.Fragment#onCreate(android.os.Bundle)
/home/travis/build/facebook/facebook-android-sdk/facebook/src/com/facebook/FacebookDialog.java:51: warning - Tag @link: reference not found: android.support.v4.app.Fragment#onCreate(android.os.Bundle)
/home/travis/build/facebook/facebook-android-sdk/facebook/src/com/facebook/FacebookDialog.java:67: warning - Tag @link: reference not found: android.support.v4.app.Fragment#onCreate(android.os.Bundle)

100 warnings
:facebook:androidJavadocsJar
:facebook:androidSourcesJar
:facebook:compileLint
:facebook:copyDebugLint UP-TO-DATE
:facebook:preBuild
:facebook:preDebugBuild
:facebook:checkDebugManifest
:facebook:preDebugTestBuild
:facebook:preReleaseBuild
:facebook:prepareComAndroidSupportSupportV42103Library
:facebook:prepareDebugDependencies
:facebook:compileDebugAidl
:facebook:compileDebugRenderscript
:facebook:generateDebugBuildConfig
:facebook:generateDebugAssets UP-TO-DATE
:facebook:mergeDebugAssets
:facebook:generateDebugResValues
:facebook:generateDebugResources
:facebook:mergeDebugResources
:facebook:processDebugManifest
:facebook:processDebugResources
:facebook:generateDebugSources
:facebook:compileDebugJavaNote: Some input files use or override a deprecated API.
Note: Recompile with -Xlint:deprecation for details.
Note: Some input files use unchecked or unsafe operations.
Note: Recompile with -Xlint:unchecked for details.

:facebook:extractDebugAnnotations
:facebook:mergeDebugProguardFiles
:facebook:processDebugJavaRes UP-TO-DATE
:facebook:packageDebugJar
:facebook:compileDebugNdk
:facebook:packageDebugJniLibs UP-TO-DATE
:facebook:packageDebugLocalJar UP-TO-DATE
:facebook:packageDebugRenderscript UP-TO-DATE
:facebook:packageDebugResources
:facebook:bundleDebug
:facebook:assembleDebug
:facebook:copyReleaseLint UP-TO-DATE
:facebook:checkReleaseManifest
:facebook:prepareReleaseDependencies
:facebook:compileReleaseAidl
:facebook:compileReleaseRenderscript
:facebook:generateReleaseBuildConfig
:facebook:generateReleaseAssets UP-TO-DATE
:facebook:mergeReleaseAssets
:facebook:generateReleaseResValues
:facebook:generateReleaseResources
:facebook:mergeReleaseResources
:facebook:processReleaseManifest
:facebook:processReleaseResources
:facebook:generateReleaseSources
:facebook:compileReleaseJavaNote: Some input files use or override a deprecated API.
Note: Recompile with -Xlint:deprecation for details.
Note: Some input files use unchecked or unsafe operations.
Note: Recompile with -Xlint:unchecked for details.

:facebook:extractReleaseAnnotations
:facebook:mergeReleaseProguardFiles
:facebook:processReleaseJavaRes UP-TO-DATE
:facebook:packageReleaseJar
:facebook:compileReleaseNdk
:facebook:packageReleaseJniLibs UP-TO-DATE
:facebook:packageReleaseLocalJar UP-TO-DATE
:facebook:packageReleaseRenderscript UP-TO-DATE
:facebook:packageReleaseResources
:facebook:bundleRelease
:facebook:assembleRelease
:facebook:signArchives SKIPPED
:facebook:assemble
:junitTests:preBuild
:junitTests:compileDebugNdk
:junitTests:preDebugBuild
:junitTests:checkDebugManifest
:junitTests:preReleaseBuild
:junitTests:prepareComAndroidSupportAppcompatV71800Library
:junitTests:prepareComAndroidSupportSupportV42103Library
:junitTests:prepareComFacebookAndroidFacebook410Library
:junitTests:prepareDebugDependencies
:junitTests:compileDebugAidl
:junitTests:compileDebugRenderscript
:junitTests:generateDebugBuildConfig
:junitTests:generateDebugAssets UP-TO-DATE
:junitTests:mergeDebugAssets
:junitTests:generateDebugResValues
:junitTests:generateDebugResources
:junitTests:mergeDebugResources/home/travis/build/facebook/facebook-android-sdk/facebook/junitTests/build/intermediates/exploded-aar/com.android.support/appcompat-v7/18.0.0/res/drawable-xhdpi/abc_ab_share_pack_holo_dark.9.png: libpng warning: iCCP: Not recognizing known sRGB profile that has been edited
/home/travis/build/facebook/facebook-android-sdk/facebook/junitTests/build/intermediates/exploded-aar/com.android.support/appcompat-v7/18.0.0/res/drawable-mdpi/abc_ic_voice_search.png: libpng warning: iCCP: Not recognizing known sRGB profile that has been edited
/home/travis/build/facebook/facebook-android-sdk/facebook/junitTests/build/intermediates/exploded-aar/com.android.support/appcompat-v7/18.0.0/res/drawable-hdpi/abc_ic_search.png: libpng warning: iCCP: Not recognizing known sRGB profile that has been edited
/home/travis/build/facebook/facebook-android-sdk/facebook/junitTests/build/intermediates/exploded-aar/com.android.support/appcompat-v7/18.0.0/res/drawable-xhdpi/abc_ab_share_pack_holo_light.9.png: libpng warning: iCCP: Not recognizing known sRGB profile that has been edited
/home/travis/build/facebook/facebook-android-sdk/facebook/junitTests/build/intermediates/exploded-aar/com.android.support/appcompat-v7/18.0.0/res/drawable-hdpi/abc_ic_voice_search.png: libpng warning: iCCP: Not recognizing known sRGB profile that has been edited
/home/travis/build/facebook/facebook-android-sdk/facebook/junitTests/build/intermediates/exploded-aar/com.android.support/appcompat-v7/18.0.0/res/drawable-mdpi/abc_ic_go.png: libpng warning: iCCP: Not recognizing known sRGB profile that has been edited
/home/travis/build/facebook/facebook-android-sdk/facebook/junitTests/build/intermediates/exploded-aar/com.android.support/appcompat-v7/18.0.0/res/drawable-hdpi/abc_ic_clear_disabled.png: libpng warning: iCCP: Not recognizing known sRGB profile that has been edited
/home/travis/build/facebook/facebook-android-sdk/facebook/junitTests/build/intermediates/exploded-aar/com.android.support/appcompat-v7/18.0.0/res/drawable-hdpi/abc_ab_share_pack_holo_dark.9.png: libpng warning: iCCP: Not recognizing known sRGB profile that has been edited
/home/travis/build/facebook/facebook-android-sdk/facebook/junitTests/build/intermediates/exploded-aar/com.android.support/appcompat-v7/18.0.0/res/drawable-xhdpi/abc_ic_go.png: libpng warning: iCCP: Not recognizing known sRGB profile that has been edited
/home/travis/build/facebook/facebook-android-sdk/facebook/junitTests/build/intermediates/exploded-aar/com.android.support/appcompat-v7/18.0.0/res/drawable-mdpi/abc_ab_share_pack_holo_dark.9.png: libpng warning: iCCP: Not recognizing known sRGB profile that has been edited
/home/travis/build/facebook/facebook-android-sdk/facebook/junitTests/build/intermediates/exploded-aar/com.android.support/appcompat-v7/18.0.0/res/drawable-xhdpi/abc_ic_clear_disabled.png: libpng warning: iCCP: Not recognizing known sRGB profile that has been edited
/home/travis/build/facebook/facebook-android-sdk/facebook/junitTests/build/intermediates/exploded-aar/com.android.support/appcompat-v7/18.0.0/res/drawable-hdpi/abc_ic_clear_normal.png: libpng warning: iCCP: Not recognizing known sRGB profile that has been edited
/home/travis/build/facebook/facebook-android-sdk/facebook/junitTests/build/intermediates/exploded-aar/com.android.support/appcompat-v7/18.0.0/res/drawable-xhdpi/abc_ic_search.png: libpng warning: iCCP: Not recognizing known sRGB profile that has been edited
/home/travis/build/facebook/facebook-android-sdk/facebook/junitTests/build/intermediates/exploded-aar/com.android.support/appcompat-v7/18.0.0/res/drawable-mdpi/abc_ic_clear_disabled.png: libpng warning: iCCP: Not recognizing known sRGB profile that has been edited
/home/travis/build/facebook/facebook-android-sdk/facebook/junitTests/build/intermediates/exploded-aar/com.android.support/appcompat-v7/18.0.0/res/drawable-hdpi/abc_ic_go.png: libpng warning: iCCP: Not recognizing known sRGB profile that has been edited
/home/travis/build/facebook/facebook-android-sdk/facebook/junitTests/build/intermediates/exploded-aar/com.android.support/appcompat-v7/18.0.0/res/drawable-hdpi/abc_ab_share_pack_holo_light.9.png: libpng warning: iCCP: Not recognizing known sRGB profile that has been edited
/home/travis/build/facebook/facebook-android-sdk/facebook/junitTests/build/intermediates/exploded-aar/com.android.support/appcompat-v7/18.0.0/res/drawable-xhdpi/abc_ic_voice_search.png: libpng warning: iCCP: Not recognizing known sRGB profile that has been edited
/home/travis/build/facebook/facebook-android-sdk/facebook/junitTests/build/intermediates/exploded-aar/com.android.support/appcompat-v7/18.0.0/res/drawable-mdpi/abc_ic_search.png: libpng warning: iCCP: Not recognizing known sRGB profile that has been edited

:junitTests:processDebugManifest
:junitTests:processDebugResources
:junitTests:generateDebugSources
:junitTests:compileDebugJava
:junitTests:preDexDebug
:junitTests:dexDebug
:junitTests:processDebugJavaRes UP-TO-DATE
:junitTests:validateDebugSigning
:junitTests:packageDebug
:junitTests:zipalignDebug
:junitTests:assembleDebug
:junitTests:checkReleaseManifest
:junitTests:prepareReleaseDependencies
:junitTests:compileReleaseAidl
:junitTests:compileReleaseRenderscript
:junitTests:generateReleaseBuildConfig
:junitTests:generateReleaseAssets UP-TO-DATE
:junitTests:mergeReleaseAssets
:junitTests:generateReleaseResValues
:junitTests:generateReleaseResources
:junitTests:mergeReleaseResources/home/travis/build/facebook/facebook-android-sdk/facebook/junitTests/build/intermediates/exploded-aar/com.android.support/appcompat-v7/18.0.0/res/drawable-mdpi/abc_ic_voice_search.png: libpng warning: iCCP: Not recognizing known sRGB profile that has been edited
/home/travis/build/facebook/facebook-android-sdk/facebook/junitTests/build/intermediates/exploded-aar/com.android.support/appcompat-v7/18.0.0/res/drawable-xhdpi/abc_ab_share_pack_holo_dark.9.png: libpng warning: iCCP: Not recognizing known sRGB profile that has been edited
/home/travis/build/facebook/facebook-android-sdk/facebook/junitTests/build/intermediates/exploded-aar/com.android.support/appcompat-v7/18.0.0/res/drawable-hdpi/abc_ic_search.png: libpng warning: iCCP: Not recognizing known sRGB profile that has been edited
/home/travis/build/facebook/facebook-android-sdk/facebook/junitTests/build/intermediates/exploded-aar/com.android.support/appcompat-v7/18.0.0/res/drawable-xhdpi/abc_ab_share_pack_holo_light.9.png: libpng warning: iCCP: Not recognizing known sRGB profile that has been edited
/home/travis/build/facebook/facebook-android-sdk/facebook/junitTests/build/intermediates/exploded-aar/com.android.support/appcompat-v7/18.0.0/res/drawable-hdpi/abc_ic_voice_search.png: libpng warning: iCCP: Not recognizing known sRGB profile that has been edited
/home/travis/build/facebook/facebook-android-sdk/facebook/junitTests/build/intermediates/exploded-aar/com.android.support/appcompat-v7/18.0.0/res/drawable-mdpi/abc_ic_go.png: libpng warning: iCCP: Not recognizing known sRGB profile that has been edited
/home/travis/build/facebook/facebook-android-sdk/facebook/junitTests/build/intermediates/exploded-aar/com.android.support/appcompat-v7/18.0.0/res/drawable-hdpi/abc_ab_share_pack_holo_dark.9.png: libpng warning: iCCP: Not recognizing known sRGB profile that has been edited
/home/travis/build/facebook/facebook-android-sdk/facebook/junitTests/build/intermediates/exploded-aar/com.android.support/appcompat-v7/18.0.0/res/drawable-hdpi/abc_ic_clear_disabled.png: libpng warning: iCCP: Not recognizing known sRGB profile that has been edited
/home/travis/build/facebook/facebook-android-sdk/facebook/junitTests/build/intermediates/exploded-aar/com.android.support/appcompat-v7/18.0.0/res/drawable-xhdpi/abc_ic_go.png: libpng warning: iCCP: Not recognizing known sRGB profile that has been edited
/home/travis/build/facebook/facebook-android-sdk/facebook/junitTests/build/intermediates/exploded-aar/com.android.support/appcompat-v7/18.0.0/res/drawable-mdpi/abc_ab_share_pack_holo_dark.9.png: libpng warning: iCCP: Not recognizing known sRGB profile that has been edited
/home/travis/build/facebook/facebook-android-sdk/facebook/junitTests/build/intermediates/exploded-aar/com.android.support/appcompat-v7/18.0.0/res/drawable-xhdpi/abc_ic_clear_disabled.png: libpng warning: iCCP: Not recognizing known sRGB profile that has been edited
/home/travis/build/facebook/facebook-android-sdk/facebook/junitTests/build/intermediates/exploded-aar/com.android.support/appcompat-v7/18.0.0/res/drawable-hdpi/abc_ic_clear_normal.png: libpng warning: iCCP: Not recognizing known sRGB profile that has been edited
/home/travis/build/facebook/facebook-android-sdk/facebook/junitTests/build/intermediates/exploded-aar/com.android.support/appcompat-v7/18.0.0/res/drawable-xhdpi/abc_ic_search.png: libpng warning: iCCP: Not recognizing known sRGB profile that has been edited
/home/travis/build/facebook/facebook-android-sdk/facebook/junitTests/build/intermediates/exploded-aar/com.android.support/appcompat-v7/18.0.0/res/drawable-mdpi/abc_ic_clear_disabled.png: libpng warning: iCCP: Not recognizing known sRGB profile that has been edited
/home/travis/build/facebook/facebook-android-sdk/facebook/junitTests/build/intermediates/exploded-aar/com.android.support/appcompat-v7/18.0.0/res/drawable-hdpi/abc_ic_go.png: libpng warning: iCCP: Not recognizing known sRGB profile that has been edited
/home/travis/build/facebook/facebook-android-sdk/facebook/junitTests/build/intermediates/exploded-aar/com.android.support/appcompat-v7/18.0.0/res/drawable-hdpi/abc_ab_share_pack_holo_light.9.png: libpng warning: iCCP: Not recognizing known sRGB profile that has been edited
/home/travis/build/facebook/facebook-android-sdk/facebook/junitTests/build/intermediates/exploded-aar/com.android.support/appcompat-v7/18.0.0/res/drawable-mdpi/abc_ic_search.png: libpng warning: iCCP: Not recognizing known sRGB profile that has been edited
/home/travis/build/facebook/facebook-android-sdk/facebook/junitTests/build/intermediates/exploded-aar/com.android.support/appcompat-v7/18.0.0/res/drawable-xhdpi/abc_ic_voice_search.png: libpng warning: iCCP: Not recognizing known sRGB profile that has been edited

:junitTests:processReleaseManifest
:junitTests:processReleaseResources
:junitTests:generateReleaseSources
:junitTests:compileReleaseJava
:junitTests:lintVitalRelease
Download https://repo1.maven.org/maven2/org/robolectric/robolectric/2.4/robolectric-2.4.jar
Download https://repo1.maven.org/maven2/org/powermock/powermock-module-junit4/1.6.1/powermock-module-junit4-1.6.1.jar
Download https://repo1.maven.org/maven2/org/powermock/powermock-module-junit4-rule/1.6.1/powermock-module-junit4-rule-1.6.1.jar
Download https://repo1.maven.org/maven2/org/powermock/powermock-classloading-xstream/1.6.1/powermock-classloading-xstream-1.6.1.jar
Download https://repo1.maven.org/maven2/org/powermock/powermock-api-mockito/1.6.1/powermock-api-mockito-1.6.1.jar
:junitTests:compileReleaseNdk
:junitTests:preDexRelease
:junitTests:dexRelease
:junitTests:processReleaseJavaRes UP-TO-DATE
:junitTests:packageRelease
:junitTests:assembleRelease
:junitTests:assemble
:tests:preBuild
:tests:compileDebugNdk
:tests:preDebugBuild
:tests:checkDebugManifest
:tests:preReleaseBuild
:tests:prepareComAndroidSupportSupportV42103Library
:tests:prepareComFacebookAndroidFacebook410Library
:tests:prepareDebugDependencies
:tests:compileDebugAidl
:tests:compileDebugRenderscript
:tests:generateDebugBuildConfig
:tests:generateDebugAssets UP-TO-DATE
:tests:mergeDebugAssets
:tests:generateDebugResValues
:tests:generateDebugResources
:tests:mergeDebugResources
:tests:processDebugManifest
:tests:processDebugResources
:tests:generateDebugSources
:tests:compileDebugJavaNote: Some input files use or override a deprecated API.
Note: Recompile with -Xlint:deprecation for details.
Note: /home/travis/build/facebook/facebook-android-sdk/facebook/tests/src/com/facebook/FacebookAppLinkResolverTests.java uses unchecked or unsafe operations.
Note: Recompile with -Xlint:unchecked for details.

:tests:preDexDebug
:tests:dexDebug
:tests:processDebugJavaRes UP-TO-DATE
:tests:validateDebugSigning
:tests:packageDebug
:tests:zipalignDebug
:tests:assembleDebug
:tests:checkReleaseManifest
:tests:prepareReleaseDependencies
:tests:compileReleaseAidl
:tests:compileReleaseRenderscript
:tests:generateReleaseBuildConfig
:tests:generateReleaseAssets UP-TO-DATE
:tests:mergeReleaseAssets
:tests:generateReleaseResValues
:tests:generateReleaseResources
:tests:mergeReleaseResources
:tests:processReleaseManifest
:tests:processReleaseResources
:tests:generateReleaseSources
:tests:compileReleaseJavaNote: Some input files use or override a deprecated API.
Note: Recompile with -Xlint:deprecation for details.
Note: /home/travis/build/facebook/facebook-android-sdk/facebook/tests/src/com/facebook/FacebookAppLinkResolverTests.java uses unchecked or unsafe operations.
Note: Recompile with -Xlint:unchecked for details.

:tests:lintVitalRelease
:tests:compileReleaseNdk
:tests:preDexRelease
:tests:dexRelease
:tests:processReleaseJavaRes UP-TO-DATE
:tests:packageRelease
:tests:assembleRelease
:tests:assemble
:samples:HelloFacebookSample:preBuild
:samples:HelloFacebookSample:compileDebugNdk
:samples:HelloFacebookSample:preDebugBuild
:samples:HelloFacebookSample:checkDebugManifest
:samples:HelloFacebookSample:preReleaseBuild
:samples:HelloFacebookSample:prepareComAndroidSupportSupportV42103Library
:samples:HelloFacebookSample:prepareComFacebookAndroidFacebook410Library
:samples:HelloFacebookSample:prepareDebugDependencies
:samples:HelloFacebookSample:compileDebugAidl
:samples:HelloFacebookSample:compileDebugRenderscript
:samples:HelloFacebookSample:generateDebugBuildConfig
:samples:HelloFacebookSample:generateDebugAssets UP-TO-DATE
:samples:HelloFacebookSample:mergeDebugAssets
:samples:HelloFacebookSample:generateDebugResValues
:samples:HelloFacebookSample:generateDebugResources
:samples:HelloFacebookSample:mergeDebugResources
:samples:HelloFacebookSample:processDebugManifest
:samples:HelloFacebookSample:processDebugResources
:samples:HelloFacebookSample:generateDebugSources
:samples:HelloFacebookSample:compileDebugJava
:samples:HelloFacebookSample:preDexDebug
:samples:HelloFacebookSample:dexDebug
:samples:HelloFacebookSample:processDebugJavaRes UP-TO-DATE
:samples:HelloFacebookSample:validateDebugSigning
:samples:HelloFacebookSample:packageDebug
:samples:HelloFacebookSample:zipalignDebug
:samples:HelloFacebookSample:assembleDebug
:samples:HelloFacebookSample:checkReleaseManifest
:samples:HelloFacebookSample:prepareReleaseDependencies
:samples:HelloFacebookSample:compileReleaseAidl
:samples:HelloFacebookSample:compileReleaseRenderscript
:samples:HelloFacebookSample:generateReleaseBuildConfig
:samples:HelloFacebookSample:generateReleaseAssets UP-TO-DATE
:samples:HelloFacebookSample:mergeReleaseAssets
:samples:HelloFacebookSample:generateReleaseResValues
:samples:HelloFacebookSample:generateReleaseResources
:samples:HelloFacebookSample:mergeReleaseResources
:samples:HelloFacebookSample:processReleaseManifest
:samples:HelloFacebookSample:processReleaseResources
:samples:HelloFacebookSample:generateReleaseSources
:samples:HelloFacebookSample:compileReleaseJava
:samples:HelloFacebookSample:lintVitalRelease
:samples:HelloFacebookSample:compileReleaseNdk
:samples:HelloFacebookSample:preDexRelease
:samples:HelloFacebookSample:dexRelease
:samples:HelloFacebookSample:processReleaseJavaRes UP-TO-DATE
:samples:HelloFacebookSample:packageRelease
:samples:HelloFacebookSample:assembleRelease
:samples:HelloFacebookSample:assemble
:samples:MessengerSendSample:preBuild
:samples:MessengerSendSample:compileDebugNdk
:samples:MessengerSendSample:preDebugBuild
:samples:MessengerSendSample:checkDebugManifest
:samples:MessengerSendSample:preReleaseBuild
:samples:MessengerSendSample:prepareComAndroidSupportAppcompatV72103Library
:samples:MessengerSendSample:prepareComAndroidSupportSupportV42103Library
:samples:MessengerSendSample:prepareComFacebookAndroidFacebook410Library
:samples:MessengerSendSample:prepareDebugDependencies
:samples:MessengerSendSample:compileDebugAidl
:samples:MessengerSendSample:compileDebugRenderscript
:samples:MessengerSendSample:generateDebugBuildConfig
:samples:MessengerSendSample:generateDebugAssets UP-TO-DATE
:samples:MessengerSendSample:mergeDebugAssets
:samples:MessengerSendSample:generateDebugResValues
:samples:MessengerSendSample:generateDebugResources
:samples:MessengerSendSample:mergeDebugResources/home/travis/build/facebook/facebook-android-sdk/samples/MessengerSendSample/build/intermediates/exploded-aar/com.android.support/appcompat-v7/21.0.3/res/drawable-xhdpi/abc_ab_share_pack_holo_light.9.png: libpng warning: iCCP: Not recognizing known sRGB profile that has been edited
/home/travis/build/facebook/facebook-android-sdk/samples/MessengerSendSample/build/intermediates/exploded-aar/com.android.support/appcompat-v7/21.0.3/res/drawable-hdpi/abc_spinner_mtrl_am_alpha.9.png: libpng warning: iCCP: Not recognizing known sRGB profile that has been edited
/home/travis/build/facebook/facebook-android-sdk/samples/MessengerSendSample/build/intermediates/exploded-aar/com.android.support/appcompat-v7/21.0.3/res/drawable-xhdpi/abc_ab_share_pack_holo_dark.9.png: libpng warning: iCCP: Not recognizing known sRGB profile that has been edited
/home/travis/build/facebook/facebook-android-sdk/samples/MessengerSendSample/build/intermediates/exploded-aar/com.android.support/appcompat-v7/21.0.3/res/drawable-hdpi/abc_ab_share_pack_holo_dark.9.png: libpng warning: iCCP: Not recognizing known sRGB profile that has been edited
/home/travis/build/facebook/facebook-android-sdk/samples/MessengerSendSample/build/intermediates/exploded-aar/com.android.support/appcompat-v7/21.0.3/res/drawable-mdpi/abc_ab_share_pack_holo_dark.9.png: libpng warning: iCCP: Not recognizing known sRGB profile that has been edited
/home/travis/build/facebook/facebook-android-sdk/samples/MessengerSendSample/build/intermediates/exploded-aar/com.android.support/appcompat-v7/21.0.3/res/drawable-hdpi/abc_ab_share_pack_holo_light.9.png: libpng warning: iCCP: Not recognizing known sRGB profile that has been edited

:samples:MessengerSendSample:processDebugManifest
:samples:MessengerSendSample:processDebugResources
:samples:MessengerSendSample:generateDebugSources
:samples:MessengerSendSample:compileDebugJava
:samples:MessengerSendSample:preDexDebug
:samples:MessengerSendSample:dexDebug
:samples:MessengerSendSample:processDebugJavaRes UP-TO-DATE
:samples:MessengerSendSample:validateDebugSigning
:samples:MessengerSendSample:packageDebug
:samples:MessengerSendSample:zipalignDebug
:samples:MessengerSendSample:assembleDebug
:samples:MessengerSendSample:checkReleaseManifest
:samples:MessengerSendSample:prepareReleaseDependencies
:samples:MessengerSendSample:compileReleaseAidl
:samples:MessengerSendSample:compileReleaseRenderscript
:samples:MessengerSendSample:generateReleaseBuildConfig
:samples:MessengerSendSample:generateReleaseAssets UP-TO-DATE
:samples:MessengerSendSample:mergeReleaseAssets
:samples:MessengerSendSample:generateReleaseResValues
:samples:MessengerSendSample:generateReleaseResources
:samples:MessengerSendSample:mergeReleaseResources/home/travis/build/facebook/facebook-android-sdk/samples/MessengerSendSample/build/intermediates/exploded-aar/com.android.support/appcompat-v7/21.0.3/res/drawable-xhdpi/abc_ab_share_pack_holo_light.9.png: libpng warning: iCCP: Not recognizing known sRGB profile that has been edited
/home/travis/build/facebook/facebook-android-sdk/samples/MessengerSendSample/build/intermediates/exploded-aar/com.android.support/appcompat-v7/21.0.3/res/drawable-hdpi/abc_spinner_mtrl_am_alpha.9.png: libpng warning: iCCP: Not recognizing known sRGB profile that has been edited
/home/travis/build/facebook/facebook-android-sdk/samples/MessengerSendSample/build/intermediates/exploded-aar/com.android.support/appcompat-v7/21.0.3/res/drawable-xhdpi/abc_ab_share_pack_holo_dark.9.png: libpng warning: iCCP: Not recognizing known sRGB profile that has been edited
/home/travis/build/facebook/facebook-android-sdk/samples/MessengerSendSample/build/intermediates/exploded-aar/com.android.support/appcompat-v7/21.0.3/res/drawable-hdpi/abc_ab_share_pack_holo_dark.9.png: libpng warning: iCCP: Not recognizing known sRGB profile that has been edited
/home/travis/build/facebook/facebook-android-sdk/samples/MessengerSendSample/build/intermediates/exploded-aar/com.android.support/appcompat-v7/21.0.3/res/drawable-mdpi/abc_ab_share_pack_holo_dark.9.png: libpng warning: iCCP: Not recognizing known sRGB profile that has been edited
/home/travis/build/facebook/facebook-android-sdk/samples/MessengerSendSample/build/intermediates/exploded-aar/com.android.support/appcompat-v7/21.0.3/res/drawable-hdpi/abc_ab_share_pack_holo_light.9.png: libpng warning: iCCP: Not recognizing known sRGB profile that has been edited

:samples:MessengerSendSample:processReleaseManifest
:samples:MessengerSendSample:processReleaseResources
:samples:MessengerSendSample:generateReleaseSources
:samples:MessengerSendSample:compileReleaseJava
:samples:MessengerSendSample:lintVitalRelease
:samples:MessengerSendSample:compileReleaseNdk
:samples:MessengerSendSample:preDexRelease
:samples:MessengerSendSample:dexRelease
:samples:MessengerSendSample:processReleaseJavaRes UP-TO-DATE
:samples:MessengerSendSample:packageRelease
:samples:MessengerSendSample:assembleRelease
:samples:MessengerSendSample:assemble
:samples:RPSSample:preBuild
:samples:RPSSample:compileDebugNdk
:samples:RPSSample:preDebugBuild
:samples:RPSSample:checkDebugManifest
:samples:RPSSample:preReleaseBuild
:samples:RPSSample:prepareComAndroidSupportSupportV42103Library
:samples:RPSSample:prepareComFacebookAndroidFacebook410Library
:samples:RPSSample:prepareDebugDependencies
:samples:RPSSample:compileDebugAidl
:samples:RPSSample:compileDebugRenderscript
:samples:RPSSample:generateDebugBuildConfig
:samples:RPSSample:generateDebugAssets UP-TO-DATE
:samples:RPSSample:mergeDebugAssets
:samples:RPSSample:generateDebugResValues
:samples:RPSSample:generateDebugResources
:samples:RPSSample:mergeDebugResources
:samples:RPSSample:processDebugManifest
:samples:RPSSample:processDebugResources
:samples:RPSSample:generateDebugSources
:samples:RPSSample:compileDebugJava
:samples:RPSSample:preDexDebug
:samples:RPSSample:dexDebug
:samples:RPSSample:processDebugJavaRes UP-TO-DATE
:samples:RPSSample:validateDebugSigning
:samples:RPSSample:packageDebug
:samples:RPSSample:zipalignDebug
:samples:RPSSample:assembleDebug
:samples:RPSSample:checkReleaseManifest
:samples:RPSSample:prepareReleaseDependencies
:samples:RPSSample:compileReleaseAidl
:samples:RPSSample:compileReleaseRenderscript
:samples:RPSSample:generateReleaseBuildConfig
:samples:RPSSample:generateReleaseAssets UP-TO-DATE
:samples:RPSSample:mergeReleaseAssets
:samples:RPSSample:generateReleaseResValues
:samples:RPSSample:generateReleaseResources
:samples:RPSSample:mergeReleaseResources
:samples:RPSSample:processReleaseManifest
:samples:RPSSample:processReleaseResources
:samples:RPSSample:generateReleaseSources
:samples:RPSSample:compileReleaseJava
:samples:RPSSample:lintVitalRelease
:samples:RPSSample:compileReleaseNdk
:samples:RPSSample:preDexRelease
:samples:RPSSample:dexRelease
:samples:RPSSample:processReleaseJavaRes UP-TO-DATE
:samples:RPSSample:packageRelease
:samples:RPSSample:assembleRelease
:samples:RPSSample:assemble
:samples:Scrumptious:preBuild
:samples:Scrumptious:compileDebugNdk
:samples:Scrumptious:preDebugBuild
:samples:Scrumptious:checkDebugManifest
:samples:Scrumptious:preReleaseBuild
:samples:Scrumptious:prepareComAndroidSupportSupportV42103Library
:samples:Scrumptious:prepareComFacebookAndroidFacebook410Library
:samples:Scrumptious:prepareDebugDependencies
:samples:Scrumptious:compileDebugAidl
:samples:Scrumptious:compileDebugRenderscript
:samples:Scrumptious:generateDebugBuildConfig
:samples:Scrumptious:generateDebugAssets UP-TO-DATE
:samples:Scrumptious:mergeDebugAssets
:samples:Scrumptious:generateDebugResValues
:samples:Scrumptious:generateDebugResources
:samples:Scrumptious:mergeDebugResources
:samples:Scrumptious:processDebugManifest
:samples:Scrumptious:processDebugResources
:samples:Scrumptious:generateDebugSources
:samples:Scrumptious:compileDebugJavaNote: /home/travis/build/facebook/facebook-android-sdk/samples/Scrumptious/src/com/facebook/scrumptious/picker/PickerFragment.java uses or overrides a deprecated API.
Note: Recompile with -Xlint:deprecation for details.

:samples:Scrumptious:preDexDebug
:samples:Scrumptious:dexDebug
:samples:Scrumptious:processDebugJavaRes UP-TO-DATE
:samples:Scrumptious:validateDebugSigning
:samples:Scrumptious:packageDebug
:samples:Scrumptious:zipalignDebug
:samples:Scrumptious:assembleDebug
:samples:Scrumptious:checkReleaseManifest
:samples:Scrumptious:prepareReleaseDependencies
:samples:Scrumptious:compileReleaseAidl
:samples:Scrumptious:compileReleaseRenderscript
:samples:Scrumptious:generateReleaseBuildConfig
:samples:Scrumptious:generateReleaseAssets UP-TO-DATE
:samples:Scrumptious:mergeReleaseAssets
:samples:Scrumptious:generateReleaseResValues
:samples:Scrumptious:generateReleaseResources
:samples:Scrumptious:mergeReleaseResources
:samples:Scrumptious:processReleaseManifest
:samples:Scrumptious:processReleaseResources
:samples:Scrumptious:generateReleaseSources
:samples:Scrumptious:compileReleaseJavaNote: /home/travis/build/facebook/facebook-android-sdk/samples/Scrumptious/src/com/facebook/scrumptious/picker/PickerFragment.java uses or overrides a deprecated API.
Note: Recompile with -Xlint:deprecation for details.

:samples:Scrumptious:lintVitalRelease
:samples:Scrumptious:compileReleaseNdk
:samples:Scrumptious:preDexRelease
:samples:Scrumptious:dexRelease
:samples:Scrumptious:processReleaseJavaRes UP-TO-DATE
:samples:Scrumptious:packageRelease
:samples:Scrumptious:assembleRelease
:samples:Scrumptious:assemble
:samples:SwitchUserSample:preBuild
:samples:SwitchUserSample:compileDebugNdk
:samples:SwitchUserSample:preDebugBuild
:samples:SwitchUserSample:checkDebugManifest
:samples:SwitchUserSample:preReleaseBuild
:samples:SwitchUserSample:prepareComAndroidSupportAppcompatV72103Library
:samples:SwitchUserSample:prepareComAndroidSupportSupportV42103Library
:samples:SwitchUserSample:prepareComFacebookAndroidFacebook410Library
:samples:SwitchUserSample:prepareDebugDependencies
:samples:SwitchUserSample:compileDebugAidl
:samples:SwitchUserSample:compileDebugRenderscript
:samples:SwitchUserSample:generateDebugBuildConfig
:samples:SwitchUserSample:generateDebugAssets UP-TO-DATE
:samples:SwitchUserSample:mergeDebugAssets
:samples:SwitchUserSample:generateDebugResValues
:samples:SwitchUserSample:generateDebugResources
:samples:SwitchUserSample:mergeDebugResources/home/travis/build/facebook/facebook-android-sdk/samples/SwitchUserSample/build/intermediates/exploded-aar/com.android.support/appcompat-v7/21.0.3/res/drawable-xhdpi/abc_ab_share_pack_holo_light.9.png: libpng warning: iCCP: Not recognizing known sRGB profile that has been edited
/home/travis/build/facebook/facebook-android-sdk/samples/SwitchUserSample/build/intermediates/exploded-aar/com.android.support/appcompat-v7/21.0.3/res/drawable-hdpi/abc_spinner_mtrl_am_alpha.9.png: libpng warning: iCCP: Not recognizing known sRGB profile that has been edited
/home/travis/build/facebook/facebook-android-sdk/samples/SwitchUserSample/build/intermediates/exploded-aar/com.android.support/appcompat-v7/21.0.3/res/drawable-xhdpi/abc_ab_share_pack_holo_dark.9.png: libpng warning: iCCP: Not recognizing known sRGB profile that has been edited
/home/travis/build/facebook/facebook-android-sdk/samples/SwitchUserSample/build/intermediates/exploded-aar/com.android.support/appcompat-v7/21.0.3/res/drawable-hdpi/abc_ab_share_pack_holo_dark.9.png: libpng warning: iCCP: Not recognizing known sRGB profile that has been edited
/home/travis/build/facebook/facebook-android-sdk/samples/SwitchUserSample/build/intermediates/exploded-aar/com.android.support/appcompat-v7/21.0.3/res/drawable-mdpi/abc_ab_share_pack_holo_dark.9.png: libpng warning: iCCP: Not recognizing known sRGB profile that has been edited
/home/travis/build/facebook/facebook-android-sdk/samples/SwitchUserSample/build/intermediates/exploded-aar/com.android.support/appcompat-v7/21.0.3/res/drawable-hdpi/abc_ab_share_pack_holo_light.9.png: libpng warning: iCCP: Not recognizing known sRGB profile that has been edited

:samples:SwitchUserSample:processDebugManifest
:samples:SwitchUserSample:processDebugResources
:samples:SwitchUserSample:generateDebugSources
:samples:SwitchUserSample:compileDebugJavaNote: /home/travis/build/facebook/facebook-android-sdk/samples/SwitchUserSample/src/com/facebook/samples/switchuser/UserInfo.java uses unchecked or unsafe operations.
Note: Recompile with -Xlint:unchecked for details.

:samples:SwitchUserSample:preDexDebug
:samples:SwitchUserSample:dexDebug
:samples:SwitchUserSample:processDebugJavaRes UP-TO-DATE
:samples:SwitchUserSample:validateDebugSigning
:samples:SwitchUserSample:packageDebug
:samples:SwitchUserSample:zipalignDebug
:samples:SwitchUserSample:assembleDebug
:samples:SwitchUserSample:checkReleaseManifest
:samples:SwitchUserSample:prepareReleaseDependencies
:samples:SwitchUserSample:compileReleaseAidl
:samples:SwitchUserSample:compileReleaseRenderscript
:samples:SwitchUserSample:generateReleaseBuildConfig
:samples:SwitchUserSample:generateReleaseAssets UP-TO-DATE
:samples:SwitchUserSample:mergeReleaseAssets
:samples:SwitchUserSample:generateReleaseResValues
:samples:SwitchUserSample:generateReleaseResources
:samples:SwitchUserSample:mergeReleaseResources/home/travis/build/facebook/facebook-android-sdk/samples/SwitchUserSample/build/intermediates/exploded-aar/com.android.support/appcompat-v7/21.0.3/res/drawable-xhdpi/abc_ab_share_pack_holo_light.9.png: libpng warning: iCCP: Not recognizing known sRGB profile that has been edited
/home/travis/build/facebook/facebook-android-sdk/samples/SwitchUserSample/build/intermediates/exploded-aar/com.android.support/appcompat-v7/21.0.3/res/drawable-hdpi/abc_spinner_mtrl_am_alpha.9.png: libpng warning: iCCP: Not recognizing known sRGB profile that has been edited
/home/travis/build/facebook/facebook-android-sdk/samples/SwitchUserSample/build/intermediates/exploded-aar/com.android.support/appcompat-v7/21.0.3/res/drawable-xhdpi/abc_ab_share_pack_holo_dark.9.png: libpng warning: iCCP: Not recognizing known sRGB profile that has been edited
/home/travis/build/facebook/facebook-android-sdk/samples/SwitchUserSample/build/intermediates/exploded-aar/com.android.support/appcompat-v7/21.0.3/res/drawable-hdpi/abc_ab_share_pack_holo_dark.9.png: libpng warning: iCCP: Not recognizing known sRGB profile that has been edited
/home/travis/build/facebook/facebook-android-sdk/samples/SwitchUserSample/build/intermediates/exploded-aar/com.android.support/appcompat-v7/21.0.3/res/drawable-mdpi/abc_ab_share_pack_holo_dark.9.png: libpng warning: iCCP: Not recognizing known sRGB profile that has been edited
/home/travis/build/facebook/facebook-android-sdk/samples/SwitchUserSample/build/intermediates/exploded-aar/com.android.support/appcompat-v7/21.0.3/res/drawable-hdpi/abc_ab_share_pack_holo_light.9.png: libpng warning: iCCP: Not recognizing known sRGB profile that has been edited

:samples:SwitchUserSample:processReleaseManifest
:samples:SwitchUserSample:processReleaseResources
:samples:SwitchUserSample:generateReleaseSources
:samples:SwitchUserSample:compileReleaseJavaNote: /home/travis/build/facebook/facebook-android-sdk/samples/SwitchUserSample/src/com/facebook/samples/switchuser/UserInfo.java uses unchecked or unsafe operations.
Note: Recompile with -Xlint:unchecked for details.

:samples:SwitchUserSample:lintVitalRelease
:samples:SwitchUserSample:compileReleaseNdk
:samples:SwitchUserSample:preDexRelease
:samples:SwitchUserSample:dexRelease
:samples:SwitchUserSample:processReleaseJavaRes UP-TO-DATE
:samples:SwitchUserSample:packageRelease
:samples:SwitchUserSample:assembleRelease
:samples:SwitchUserSample:assemble

BUILD SUCCESSFUL

Total time: 6 mins 1.174 secs
travis_time:end:0037ec42:start=1430431077658717433,finish=1430431439704083196,duration=362045365763[0Ktravis_fold:end:install[0Ktravis_time:start:0724e71f[0K$ ./gradlew :junitTests:test -i
Starting Build
Settings evaluated using settings file '/home/travis/build/facebook/facebook-android-sdk/settings.gradle'.
Projects loaded. Root project using build file '/home/travis/build/facebook/facebook-android-sdk/build.gradle'.
Included projects: [root project 'facebook-android-sdk', project ':facebook', project ':junitTests', project ':samples', project ':tests', project ':samples:HelloFacebookSample', project ':samples:MessengerSendSample', project ':samples:RPSSample', project ':samples:Scrumptious', project ':samples:SwitchUserSample']
Evaluating root project 'facebook-android-sdk' using build file '/home/travis/build/facebook/facebook-android-sdk/build.gradle'.
Evaluating project ':facebook' using build file '/home/travis/build/facebook/facebook-android-sdk/facebook/build.gradle'.
Evaluating project ':junitTests' using build file '/home/travis/build/facebook/facebook-android-sdk/facebook/junitTests/build.gradle'.
----------------------------------------
Found configurations:
debugCompile
releaseCompile
----------------------------------------
Creating new configurations:
testDebugCompile
testReleaseCompile
testCompile
----------------------------------------
Applied plugin
file or directory '/home/travis/build/facebook/facebook-android-sdk/facebook/junitTests/libs', not found
file or directory '/home/travis/build/facebook/facebook-android-sdk/facebook/junitTests/libs', not found
file or directory '/home/travis/build/facebook/facebook-android-sdk/facebook/junitTests/libs', not found
file or directory '/home/travis/build/facebook/facebook-android-sdk/facebook/junitTests/libs', not found
file or directory '/home/travis/build/facebook/facebook-android-sdk/facebook/junitTests/libs', not found
file or directory '/home/travis/build/facebook/facebook-android-sdk/facebook/junitTests/libs', not found
----------------------------------------
Reading configuration: testCompile
classTask: testDebugClasses
main package: com.facebook.junittests
Created test task
----------------------------------------
skipping non-debuggable variant: release
Evaluating project ':samples' using empty build file.
Evaluating project ':tests' using build file '/home/travis/build/facebook/facebook-android-sdk/facebook/tests/build.gradle'.
Evaluating project ':samples:HelloFacebookSample' using build file '/home/travis/build/facebook/facebook-android-sdk/samples/HelloFacebookSample/build.gradle'.
Evaluating project ':samples:MessengerSendSample' using build file '/home/travis/build/facebook/facebook-android-sdk/samples/MessengerSendSample/build.gradle'.
Evaluating project ':samples:RPSSample' using build file '/home/travis/build/facebook/facebook-android-sdk/samples/RPSSample/build.gradle'.
Evaluating project ':samples:Scrumptious' using build file '/home/travis/build/facebook/facebook-android-sdk/samples/Scrumptious/build.gradle'.
Evaluating project ':samples:SwitchUserSample' using build file '/home/travis/build/facebook/facebook-android-sdk/samples/SwitchUserSample/build.gradle'.
All projects evaluated.
Selected primary task ':junitTests:test' from project :junitTests
Tasks to be executed: [task ':facebook:compileLint', task ':facebook:copyReleaseLint', task ':facebook:preBuild', task ':facebook:preReleaseBuild', task ':facebook:checkReleaseManifest', task ':facebook:preDebugBuild', task ':facebook:preDebugTestBuild', task ':facebook:prepareComAndroidSupportSupportV42103Library', task ':facebook:prepareReleaseDependencies', task ':facebook:compileReleaseAidl', task ':facebook:compileReleaseRenderscript', task ':facebook:generateReleaseBuildConfig', task ':facebook:generateReleaseAssets', task ':facebook:mergeReleaseAssets', task ':facebook:generateReleaseResValues', task ':facebook:generateReleaseResources', task ':facebook:mergeReleaseResources', task ':facebook:processReleaseManifest', task ':facebook:processReleaseResources', task ':facebook:generateReleaseSources', task ':facebook:compileReleaseJava', task ':facebook:extractReleaseAnnotations', task ':facebook:mergeReleaseProguardFiles', task ':facebook:processReleaseJavaRes', task ':facebook:packageReleaseJar', task ':facebook:compileReleaseNdk', task ':facebook:packageReleaseJniLibs', task ':facebook:packageReleaseLocalJar', task ':facebook:packageReleaseRenderscript', task ':facebook:packageReleaseResources', task ':facebook:bundleRelease', task ':junitTests:preBuild', task ':junitTests:preDebugBuild', task ':junitTests:checkDebugManifest', task ':junitTests:preReleaseBuild', task ':junitTests:prepareComAndroidSupportAppcompatV71800Library', task ':junitTests:prepareComAndroidSupportSupportV42103Library', task ':junitTests:prepareComFacebookAndroidFacebook410Library', task ':junitTests:prepareDebugDependencies', task ':junitTests:compileDebugAidl', task ':junitTests:compileDebugRenderscript', task ':junitTests:generateDebugBuildConfig', task ':junitTests:generateDebugAssets', task ':junitTests:mergeDebugAssets', task ':junitTests:generateDebugResValues', task ':junitTests:generateDebugResources', task ':junitTests:mergeDebugResources', task ':junitTests:processDebugManifest', task ':junitTests:processDebugResources', task ':junitTests:generateDebugSources', task ':junitTests:compileDebugJava', task ':junitTests:compileTestDebugJava', task ':junitTests:processTestDebugResources', task ':junitTests:testDebugClasses', task ':junitTests:testDebug', task ':junitTests:test']
:facebook:compileLint (Thread[main,5,main]) started.
:facebook:compileLint
Executing task ':facebook:compileLint' (up-to-date check took 0.001 secs) due to:
  Task has not declared any outputs.
:facebook:compileLint (Thread[main,5,main]) completed. Took 0.042 secs.
:facebook:copyReleaseLint (Thread[main,5,main]) started.
:facebook:copyReleaseLint
Skipping task ':facebook:copyReleaseLint' as it has no source files.
:facebook:copyReleaseLint UP-TO-DATE
:facebook:copyReleaseLint (Thread[main,5,main]) completed. Took 0.004 secs.
:facebook:preBuild (Thread[main,5,main]) started.
:facebook:preBuild
Executing task ':facebook:preBuild' (up-to-date check took 0.0 secs) due to:
  Task has not declared any outputs.
:facebook:preBuild (Thread[main,5,main]) completed. Took 0.004 secs.
:facebook:preReleaseBuild (Thread[main,5,main]) started.
:facebook:preReleaseBuild
Skipping task ':facebook:preReleaseBuild' as it has no actions.
:facebook:preReleaseBuild (Thread[main,5,main]) completed. Took 0.003 secs.
:facebook:checkReleaseManifest (Thread[main,5,main]) started.
:facebook:checkReleaseManifest
Executing task ':facebook:checkReleaseManifest' (up-to-date check took 0.0 secs) due to:
  Task has not declared any outputs.
:facebook:checkReleaseManifest (Thread[main,5,main]) completed. Took 0.006 secs.
:facebook:preDebugBuild (Thread[main,5,main]) started.
:facebook:preDebugBuild
Skipping task ':facebook:preDebugBuild' as it has no actions.
:facebook:preDebugBuild (Thread[main,5,main]) completed. Took 0.002 secs.
:facebook:preDebugTestBuild (Thread[main,5,main]) started.
:facebook:preDebugTestBuild
Skipping task ':facebook:preDebugTestBuild' as it has no actions.
:facebook:preDebugTestBuild (Thread[main,5,main]) completed. Took 0.001 secs.
:facebook:prepareComAndroidSupportSupportV42103Library (Thread[main,5,main]) started.
:facebook:prepareComAndroidSupportSupportV42103Library
Skipping task ':facebook:prepareComAndroidSupportSupportV42103Library' as it is up-to-date (took 0.252 secs).
:facebook:prepareComAndroidSupportSupportV42103Library UP-TO-DATE
:facebook:prepareComAndroidSupportSupportV42103Library (Thread[main,5,main]) completed. Took 0.256 secs.
:facebook:prepareReleaseDependencies (Thread[main,5,main]) started.
:facebook:prepareReleaseDependencies
Executing task ':facebook:prepareReleaseDependencies' (up-to-date check took 0.0 secs) due to:
  Task has not declared any outputs.
:facebook:prepareReleaseDependencies (Thread[main,5,main]) completed. Took 0.009 secs.
:facebook:compileReleaseAidl (Thread[main,5,main]) started.
:facebook:compileReleaseAidl
Skipping task ':facebook:compileReleaseAidl' as it is up-to-date (took 0.054 secs).
:facebook:compileReleaseAidl UP-TO-DATE
:facebook:compileReleaseAidl (Thread[main,5,main]) completed. Took 0.061 secs.
:facebook:compileReleaseRenderscript (Thread[main,5,main]) started.
:facebook:compileReleaseRenderscript
Skipping task ':facebook:compileReleaseRenderscript' as it is up-to-date (took 0.04 secs).
:facebook:compileReleaseRenderscript UP-TO-DATE
:facebook:compileReleaseRenderscript (Thread[main,5,main]) completed. Took 0.057 secs.
:facebook:generateReleaseBuildConfig (Thread[main,5,main]) started.
:facebook:generateReleaseBuildConfig
Skipping task ':facebook:generateReleaseBuildConfig' as it is up-to-date (took 0.037 secs).
:facebook:generateReleaseBuildConfig UP-TO-DATE
:facebook:generateReleaseBuildConfig (Thread[main,5,main]) completed. Took 0.056 secs.
:facebook:generateReleaseAssets (Thread[main,5,main]) started.
:facebook:generateReleaseAssets
Skipping task ':facebook:generateReleaseAssets' as it has no actions.
:facebook:generateReleaseAssets UP-TO-DATE
:facebook:generateReleaseAssets (Thread[main,5,main]) completed. Took 0.002 secs.
:facebook:mergeReleaseAssets (Thread[main,5,main]) started.
:facebook:mergeReleaseAssets
Skipping task ':facebook:mergeReleaseAssets' as it is up-to-date (took 0.106 secs).
:facebook:mergeReleaseAssets UP-TO-DATE
:facebook:mergeReleaseAssets (Thread[main,5,main]) completed. Took 0.111 secs.
:facebook:generateReleaseResValues (Thread[main,5,main]) started.
:facebook:generateReleaseResValues
Skipping task ':facebook:generateReleaseResValues' as it is up-to-date (took 0.008 secs).
:facebook:generateReleaseResValues UP-TO-DATE
:facebook:generateReleaseResValues (Thread[main,5,main]) completed. Took 0.013 secs.
:facebook:generateReleaseResources (Thread[main,5,main]) started.
:facebook:generateReleaseResources
Skipping task ':facebook:generateReleaseResources' as it has no actions.
:facebook:generateReleaseResources UP-TO-DATE
:facebook:generateReleaseResources (Thread[main,5,main]) completed. Took 0.003 secs.
:facebook:mergeReleaseResources (Thread[main,5,main]) started.
:facebook:mergeReleaseResources
Skipping task ':facebook:mergeReleaseResources' as it is up-to-date (took 0.988 secs).
:facebook:mergeReleaseResources UP-TO-DATE
:facebook:mergeReleaseResources (Thread[main,5,main]) completed. Took 0.995 secs.
:facebook:processReleaseManifest (Thread[main,5,main]) started.
:facebook:processReleaseManifest
Skipping task ':facebook:processReleaseManifest' as it is up-to-date (took 0.009 secs).
:facebook:processReleaseManifest UP-TO-DATE
:facebook:processReleaseManifest (Thread[main,5,main]) completed. Took 0.059 secs.
:facebook:processReleaseResources (Thread[main,5,main]) started.
:facebook:processReleaseResources
Skipping task ':facebook:processReleaseResources' as it is up-to-date (took 0.452 secs).
:facebook:processReleaseResources UP-TO-DATE
:facebook:processReleaseResources (Thread[main,5,main]) completed. Took 0.462 secs.
:facebook:generateReleaseSources (Thread[main,5,main]) started.
:facebook:generateReleaseSources
Skipping task ':facebook:generateReleaseSources' as it has no actions.
:facebook:generateReleaseSources UP-TO-DATE
:facebook:generateReleaseSources (Thread[main,5,main]) completed. Took 0.002 secs.
:facebook:compileReleaseJava (Thread[main,5,main]) started.
:facebook:compileReleaseJava
Skipping task ':facebook:compileReleaseJava' as it is up-to-date (took 0.876 secs).
:facebook:compileReleaseJava UP-TO-DATE
:facebook:compileReleaseJava (Thread[main,5,main]) completed. Took 0.9 secs.
:facebook:extractReleaseAnnotations (Thread[main,5,main]) started.
:facebook:extractReleaseAnnotations
Skipping task ':facebook:extractReleaseAnnotations' as it is up-to-date (took 0.293 secs).
:facebook:extractReleaseAnnotations UP-TO-DATE
:facebook:extractReleaseAnnotations (Thread[main,5,main]) completed. Took 0.309 secs.
:facebook:mergeReleaseProguardFiles (Thread[main,5,main]) started.
:facebook:mergeReleaseProguardFiles
Skipping task ':facebook:mergeReleaseProguardFiles' as it is up-to-date (took 0.003 secs).
:facebook:mergeReleaseProguardFiles UP-TO-DATE
:facebook:mergeReleaseProguardFiles (Thread[main,5,main]) completed. Took 0.007 secs.
:facebook:processReleaseJavaRes (Thread[main,5,main]) started.
:facebook:processReleaseJavaRes
Skipping task ':facebook:processReleaseJavaRes' as it has no source files.
:facebook:processReleaseJavaRes UP-TO-DATE
:facebook:processReleaseJavaRes (Thread[main,5,main]) completed. Took 0.002 secs.
:facebook:packageReleaseJar (Thread[main,5,main]) started.
:facebook:packageReleaseJar
Skipping task ':facebook:packageReleaseJar' as it is up-to-date (took 0.269 secs).
:facebook:packageReleaseJar UP-TO-DATE
:facebook:packageReleaseJar (Thread[main,5,main]) completed. Took 0.277 secs.
:facebook:compileReleaseNdk (Thread[main,5,main]) started.
:facebook:compileReleaseNdk
Skipping task ':facebook:compileReleaseNdk' as it is up-to-date (took 0.01 secs).
:facebook:compileReleaseNdk UP-TO-DATE
:facebook:compileReleaseNdk (Thread[main,5,main]) completed. Took 0.015 secs.
:facebook:packageReleaseJniLibs (Thread[main,5,main]) started.
:facebook:packageReleaseJniLibs
Skipping task ':facebook:packageReleaseJniLibs' as it has no source files.
:facebook:packageReleaseJniLibs UP-TO-DATE
:facebook:packageReleaseJniLibs (Thread[main,5,main]) completed. Took 0.003 secs.
:facebook:packageReleaseLocalJar (Thread[main,5,main]) started.
:facebook:packageReleaseLocalJar
Skipping task ':facebook:packageReleaseLocalJar' as it has no source files.
:facebook:packageReleaseLocalJar UP-TO-DATE
:facebook:packageReleaseLocalJar (Thread[main,5,main]) completed. Took 0.002 secs.
:facebook:packageReleaseRenderscript (Thread[main,5,main]) started.
:facebook:packageReleaseRenderscript
Skipping task ':facebook:packageReleaseRenderscript' as it has no source files.
:facebook:packageReleaseRenderscript UP-TO-DATE
:facebook:packageReleaseRenderscript (Thread[main,5,main]) completed. Took 0.002 secs.
:facebook:packageReleaseResources (Thread[main,5,main]) started.
:facebook:packageReleaseResources
Skipping task ':facebook:packageReleaseResources' as it is up-to-date (took 0.087 secs).
:facebook:packageReleaseResources UP-TO-DATE
:facebook:packageReleaseResources (Thread[main,5,main]) completed. Took 0.09 secs.
:facebook:bundleRelease (Thread[main,5,main]) started.
:facebook:bundleRelease
Skipping task ':facebook:bundleRelease' as it is up-to-date (took 0.05 secs).
:facebook:bundleRelease UP-TO-DATE
:facebook:bundleRelease (Thread[main,5,main]) completed. Took 0.054 secs.
:junitTests:preBuild (Thread[main,5,main]) started.
:junitTests:preBuild
Executing task ':junitTests:preBuild' (up-to-date check took 0.0 secs) due to:
  Task has not declared any outputs.
:junitTests:preBuild (Thread[main,5,main]) completed. Took 0.002 secs.
:junitTests:preDebugBuild (Thread[main,5,main]) started.
:junitTests:preDebugBuild
Skipping task ':junitTests:preDebugBuild' as it has no actions.
:junitTests:preDebugBuild (Thread[main,5,main]) completed. Took 0.002 secs.
:junitTests:checkDebugManifest (Thread[main,5,main]) started.
:junitTests:checkDebugManifest
Executing task ':junitTests:checkDebugManifest' (up-to-date check took 0.0 secs) due to:
  Task has not declared any outputs.
:junitTests:checkDebugManifest (Thread[main,5,main]) completed. Took 0.002 secs.
:junitTests:preReleaseBuild (Thread[main,5,main]) started.
:junitTests:preReleaseBuild
Skipping task ':junitTests:preReleaseBuild' as it has no actions.
:junitTests:preReleaseBuild (Thread[main,5,main]) completed. Took 0.001 secs.
:junitTests:prepareComAndroidSupportAppcompatV71800Library (Thread[main,5,main]) started.
:junitTests:prepareComAndroidSupportAppcompatV71800Library
Skipping task ':junitTests:prepareComAndroidSupportAppcompatV71800Library' as it is up-to-date (took 0.106 secs).
:junitTests:prepareComAndroidSupportAppcompatV71800Library UP-TO-DATE
:junitTests:prepareComAndroidSupportAppcompatV71800Library (Thread[main,5,main]) completed. Took 0.108 secs.
:junitTests:prepareComAndroidSupportSupportV42103Library (Thread[main,5,main]) started.
:junitTests:prepareComAndroidSupportSupportV42103Library
Skipping task ':junitTests:prepareComAndroidSupportSupportV42103Library' as it is up-to-date (took 0.103 secs).
:junitTests:prepareComAndroidSupportSupportV42103Library UP-TO-DATE
:junitTests:prepareComAndroidSupportSupportV42103Library (Thread[main,5,main]) completed. Took 0.105 secs.
:junitTests:prepareComFacebookAndroidFacebook410Library (Thread[main,5,main]) started.
:junitTests:prepareComFacebookAndroidFacebook410Library
Skipping task ':junitTests:prepareComFacebookAndroidFacebook410Library' as it is up-to-date (took 0.128 secs).
:junitTests:prepareComFacebookAndroidFacebook410Library UP-TO-DATE
:junitTests:prepareComFacebookAndroidFacebook410Library (Thread[main,5,main]) completed. Took 0.13 secs.
:junitTests:prepareDebugDependencies (Thread[main,5,main]) started.
:junitTests:prepareDebugDependencies
Executing task ':junitTests:prepareDebugDependencies' (up-to-date check took 0.001 secs) due to:
  Task has not declared any outputs.
:junitTests:prepareDebugDependencies (Thread[main,5,main]) completed. Took 0.009 secs.
:junitTests:compileDebugAidl (Thread[main,5,main]) started.
:junitTests:compileDebugAidl
Skipping task ':junitTests:compileDebugAidl' as it is up-to-date (took 0.01 secs).
:junitTests:compileDebugAidl UP-TO-DATE
:junitTests:compileDebugAidl (Thread[main,5,main]) completed. Took 0.018 secs.
:junitTests:compileDebugRenderscript (Thread[main,5,main]) started.
:junitTests:compileDebugRenderscript
Skipping task ':junitTests:compileDebugRenderscript' as it is up-to-date (took 0.034 secs).
:junitTests:compileDebugRenderscript UP-TO-DATE
:junitTests:compileDebugRenderscript (Thread[main,5,main]) completed. Took 0.038 secs.
:junitTests:generateDebugBuildConfig (Thread[main,5,main]) started.
:junitTests:generateDebugBuildConfig
Skipping task ':junitTests:generateDebugBuildConfig' as it is up-to-date (took 0.006 secs).
:junitTests:generateDebugBuildConfig UP-TO-DATE
:junitTests:generateDebugBuildConfig (Thread[main,5,main]) completed. Took 0.016 secs.
:junitTests:generateDebugAssets (Thread[main,5,main]) started.
:junitTests:generateDebugAssets
Skipping task ':junitTests:generateDebugAssets' as it has no actions.
:junitTests:generateDebugAssets UP-TO-DATE
:junitTests:generateDebugAssets (Thread[main,5,main]) completed. Took 0.002 secs.
:junitTests:mergeDebugAssets (Thread[main,5,main]) started.
:junitTests:mergeDebugAssets
Skipping task ':junitTests:mergeDebugAssets' as it is up-to-date (took 0.019 secs).
:junitTests:mergeDebugAssets UP-TO-DATE
:junitTests:mergeDebugAssets (Thread[main,5,main]) completed. Took 0.027 secs.
:junitTests:generateDebugResValues (Thread[main,5,main]) started.
:junitTests:generateDebugResValues
Skipping task ':junitTests:generateDebugResValues' as it is up-to-date (took 0.003 secs).
:junitTests:generateDebugResValues UP-TO-DATE
:junitTests:generateDebugResValues (Thread[main,5,main]) completed. Took 0.005 secs.
:junitTests:generateDebugResources (Thread[main,5,main]) started.
:junitTests:generateDebugResources
Skipping task ':junitTests:generateDebugResources' as it has no actions.
:junitTests:generateDebugResources UP-TO-DATE
:junitTests:generateDebugResources (Thread[main,5,main]) completed. Took 0.001 secs.
:junitTests:mergeDebugResources (Thread[main,5,main]) started.
:junitTests:mergeDebugResources
Skipping task ':junitTests:mergeDebugResources' as it is up-to-date (took 0.647 secs).
:junitTests:mergeDebugResources UP-TO-DATE
:junitTests:mergeDebugResources (Thread[main,5,main]) completed. Took 0.651 secs.
:junitTests:processDebugManifest (Thread[main,5,main]) started.
:junitTests:processDebugManifest
Skipping task ':junitTests:processDebugManifest' as it is up-to-date (took 0.01 secs).
:junitTests:processDebugManifest UP-TO-DATE
:junitTests:processDebugManifest (Thread[main,5,main]) completed. Took 0.016 secs.
:junitTests:processDebugResources (Thread[main,5,main]) started.
:junitTests:processDebugResources
Skipping task ':junitTests:processDebugResources' as it is up-to-date (took 0.132 secs).
:junitTests:processDebugResources UP-TO-DATE
:junitTests:processDebugResources (Thread[main,5,main]) completed. Took 0.149 secs.
:junitTests:generateDebugSources (Thread[main,5,main]) started.
:junitTests:generateDebugSources
Skipping task ':junitTests:generateDebugSources' as it has no actions.
:junitTests:generateDebugSources UP-TO-DATE
:junitTests:generateDebugSources (Thread[main,5,main]) completed. Took 0.002 secs.
:junitTests:compileDebugJava (Thread[main,5,main]) started.
:junitTests:compileDebugJava
Skipping task ':junitTests:compileDebugJava' as it is up-to-date (took 0.044 secs).
:junitTests:compileDebugJava UP-TO-DATE
:junitTests:compileDebugJava (Thread[main,5,main]) completed. Took 0.055 secs.
:junitTests:compileTestDebugJava (Thread[main,5,main]) started.
:junitTests:compileTestDebugJava
file or directory '/home/travis/build/facebook/facebook-android-sdk/facebook/junitTests/libs', not found
Executing task ':junitTests:compileTestDebugJava' (up-to-date check took 0.447 secs) due to:
  No history is available.
All input files are considered out-of-date for incremental task ':junitTests:compileTestDebugJava'.
file or directory '/home/travis/build/facebook/facebook-android-sdk/facebook/junitTests/libs', not found
Compiling with JDK Java compiler API.
Note: Some input files use or override a deprecated API.
Note: Recompile with -Xlint:deprecation for details.
Note: Some input files use unchecked or unsafe operations.
Note: Recompile with -Xlint:unchecked for details.
:junitTests:compileTestDebugJava (Thread[main,5,main]) completed. Took 7.312 secs.
:junitTests:processTestDebugResources (Thread[main,5,main]) started.
:junitTests:processTestDebugResources
Skipping task ':junitTests:processTestDebugResources' as it has no source files.
:junitTests:processTestDebugResources UP-TO-DATE
:junitTests:processTestDebugResources (Thread[main,5,main]) completed. Took 0.002 secs.
:junitTests:testDebugClasses (Thread[main,5,main]) started.
:junitTests:testDebugClasses
Skipping task ':junitTests:testDebugClasses' as it has no actions.
:junitTests:testDebugClasses (Thread[main,5,main]) completed. Took 0.003 secs.
:junitTests:testDebug (Thread[main,5,main]) started.
:junitTests:testDebug
file or directory '/home/travis/build/facebook/facebook-android-sdk/facebook/junitTests/libs', not found
Executing task ':junitTests:testDebug' (up-to-date check took 0.255 secs) due to:
  No history is available.
file or directory '/home/travis/build/facebook/facebook-android-sdk/facebook/junitTests/libs', not found
[ant:null] Building jar: /home/travis/.gradle/caches/2.2.1/workerMain/gradle-worker.jar
Starting process 'Gradle Test Executor 1'. Working directory: /home/travis/build/facebook/facebook-android-sdk/facebook/junitTests Command: /usr/lib/jvm/java-7-oracle/bin/java -Dandroid.assets=/home/travis/build/facebook/facebook-android-sdk/facebook/junitTests/build/intermediates/assets/debug -Dandroid.manifest=/home/travis/build/facebook/facebook-android-sdk/facebook/junitTests/build/intermediates/manifests/full/debug/AndroidManifest.xml -Dandroid.package=com.facebook.junittests -Dandroid.resources=/home/travis/build/facebook/facebook-android-sdk/facebook/junitTests/build/intermediates/res/debug -Djava.security.manager=jarjar.org.gradle.process.internal.child.BootstrapSecurityManager -Dfile.encoding=UTF-8 -Duser.country=US -Duser.language=en -Duser.variant -ea -cp /home/travis/.gradle/caches/2.2.1/workerMain/gradle-worker.jar jarjar.org.gradle.process.internal.launcher.GradleWorkerMain 'Gradle Test Executor 1'
Successfully started process 'Gradle Test Executor 1'
Gradle Test Executor 1 started executing tests.

com.facebook.AccessTokenCacheTest > testLoadReturnsFalseIfNoCachedToken STANDARD_ERROR
    Downloading: org/robolectric/android-all/4.3_r2-robolectric-0/android-all-4.3_r2-robolectric-0.pom from repository sonatype at https://oss.sonatype.org/content/groups/public/
    Transferring 1K from sonatype
    Downloading: org/sonatype/oss/oss-parent/7/oss-parent-7.pom from repository sonatype at https://oss.sonatype.org/content/groups/public/
    Unable to locate resource in repository

com.facebook.AccessTokenCacheTest > testLoadReturnsFalseIfNoCachedToken STANDARD_OUT
    [INFO] Unable to find resource 'org.sonatype.oss:oss-parent:pom:7' in repository sonatype (https://oss.sonatype.org/content/groups/public/)

com.facebook.AccessTokenCacheTest > testLoadReturnsFalseIfNoCachedToken STANDARD_ERROR
    Downloading: org/sonatype/oss/oss-parent/7/oss-parent-7.pom from repository central at http://repo.maven.apache.org/maven2
    Transferring 5K from central
    Downloading: org/json/json/20080701/json-20080701.pom from repository sonatype at https://oss.sonatype.org/content/groups/public/
    Unable to locate resource in repository

com.facebook.AccessTokenCacheTest > testLoadReturnsFalseIfNoCachedToken STANDARD_OUT
    [INFO] Unable to find resource 'org.json:json:pom:20080701' in repository sonatype (https://oss.sonatype.org/content/groups/public/)

com.facebook.AccessTokenCacheTest > testLoadReturnsFalseIfNoCachedToken STANDARD_ERROR
    Downloading: org/json/json/20080701/json-20080701.pom from repository central at http://repo.maven.apache.org/maven2
    Transferring 2K from central
    Downloading: org/ccil/cowan/tagsoup/tagsoup/1.2/tagsoup-1.2.pom from repository sonatype at https://oss.sonatype.org/content/groups/public/
    Transferring 1K from sonatype
    Downloading: org/ccil/cowan/tagsoup/tagsoup/1.2/tagsoup-1.2.jar from repository sonatype at https://oss.sonatype.org/content/groups/public/
    Downloading: org/robolectric/android-all/4.3_r2-robolectric-0/android-all-4.3_r2-robolectric-0.jar from repository sonatype at https://oss.sonatype.org/content/groups/public/
    Downloading: org/json/json/20080701/json-20080701.jar from repository sonatype at https://oss.sonatype.org/content/groups/public/
    Transferring 88K from sonatype
    Unable to locate resource in repository

com.facebook.AccessTokenCacheTest > testLoadReturnsFalseIfNoCachedToken STANDARD_OUT
    [INFO] Unable to find resource 'org.json:json:jar:20080701' in repository sonatype (https://oss.sonatype.org/content/groups/public/)

com.facebook.AccessTokenCacheTest > testLoadReturnsFalseIfNoCachedToken STANDARD_ERROR
    Transferring 32856K from sonatype
    Downloading: org/json/json/20080701/json-20080701.jar from repository central at http://repo.maven.apache.org/maven2
    Transferring 37K from central
    WARNING: no system properties value for ro.build.date.utc

com.facebook.AccessTokenTest > testFromCacheWithMissingApplicationId STANDARD_OUT
    W/com.facebook.internal.Validate: No internet permissions granted for the app, please add <uses-permission android:name="android.permission.INTERNET" /> to your AndroidManifest.xml.

com.facebook.ProgressOutputStreamTest > testSetup STANDARD_OUT
    W/com.facebook.internal.Validate: No internet permissions granted for the app, please add <uses-permission android:name="android.permission.INTERNET" /> to your AndroidManifest.xml.

com.facebook.ProfileManagerTest > testLoadCurrentProfileEmptyCache STANDARD_OUT
    W/com.facebook.internal.Validate: No internet permissions granted for the app, please add <uses-permission android:name="android.permission.INTERNET" /> to your AndroidManifest.xml.

com.facebook.FacebookSdkPowerMockTest > testRequestCodeOffset STANDARD_OUT
    W/com.facebook.internal.Validate: No internet permissions granted for the app, please add <uses-permission android:name="android.permission.INTERNET" /> to your AndroidManifest.xml.

com.facebook.FacebookSdkPowerMockTest > testLoadDefaults STANDARD_ERROR
    Exception in thread "AsyncTask #2" java.lang.NullPointerException
    	at com.facebook.internal.NativeProtocol.fetchAllAvailableProtocolVersionsForAppInfo(NativeProtocol.java:786)
    	at com.facebook.internal.NativeProtocol.access$000(NativeProtocol.java:49)
    	at com.facebook.internal.NativeProtocol$NativeAppInfo.fetchAvailableVersions(NativeProtocol.java:281)
    	at com.facebook.internal.NativeProtocol$NativeAppInfo.access$600(NativeProtocol.java:226)
    	at com.facebook.internal.NativeProtocol$1.run(NativeProtocol.java:761)
    	at java.util.concurrent.ThreadPoolExecutor.runWorker(ThreadPoolExecutor.java:1145)
    	at java.util.concurrent.ThreadPoolExecutor$Worker.run(ThreadPoolExecutor.java:615)
    	at java.lang.Thread.run(Thread.java:745)

com.facebook.FacebookSdkPowerMockTest > testRequestCodeRange STANDARD_OUT
    W/com.facebook.internal.Validate: No internet permissions granted for the app, please add <uses-permission android:name="android.permission.INTERNET" /> to your AndroidManifest.xml.

com.facebook.FacebookSdkPowerMockTest > testLoadDefaultsDoesNotOverwrite STANDARD_ERROR
    Exception in thread "AsyncTask #5" java.lang.NullPointerException
    	at com.facebook.internal.NativeProtocol.fetchAllAvailableProtocolVersionsForAppInfo(NativeProtocol.java:786)
    	at com.facebook.internal.NativeProtocol.access$000(NativeProtocol.java:49)
    	at com.facebook.internal.NativeProtocol$NativeAppInfo.fetchAvailableVersions(NativeProtocol.java:281)
    	at com.facebook.internal.NativeProtocol$NativeAppInfo.access$600(NativeProtocol.java:226)
    	at com.facebook.internal.NativeProtocol$1.run(NativeProtocol.java:761)
    	at java.util.concurrent.ThreadPoolExecutor.runWorker(ThreadPoolExecutor.java:1145)
    	at java.util.concurrent.ThreadPoolExecutor$Worker.run(ThreadPoolExecutor.java:615)
    	at java.lang.Thread.run(Thread.java:745)

com.facebook.FacebookSdkPowerMockTest > testFacebookDomain STANDARD_OUT
    W/com.facebook.FacebookSdk: WARNING: Calling setFacebookDomain from non-DEBUG code.
    W/com.facebook.FacebookSdk: WARNING: Calling setFacebookDomain from non-DEBUG code.

com.facebook.FacebookSdkPowerMockTest > testRequestCodeOffsetAfterInit STANDARD_OUT
    W/com.facebook.internal.Validate: No internet permissions granted for the app, please add <uses-permission android:name="android.permission.INTERNET" /> to your AndroidManifest.xml.

com.facebook.FacebookContentProviderTest STANDARD_ERROR
    Exception in thread "AsyncTask #6" java.lang.NullPointerException
    	at com.facebook.internal.NativeProtocol.fetchAllAvailableProtocolVersionsForAppInfo(NativeProtocol.java:786)
    	at com.facebook.internal.NativeProtocol.access$000(NativeProtocol.java:49)
    	at com.facebook.internal.NativeProtocol$NativeAppInfo.fetchAvailableVersions(NativeProtocol.java:281)
    	at com.facebook.internal.NativeProtocol$NativeAppInfo.access$600(NativeProtocol.java:226)
    	at com.facebook.internal.NativeProtocol$1.run(NativeProtocol.java:761)
    	at java.util.concurrent.ThreadPoolExecutor.runWorker(ThreadPoolExecutor.java:1145)
    	at java.util.concurrent.ThreadPoolExecutor$Worker.run(ThreadPoolExecutor.java:615)
    	at java.lang.Thread.run(Thread.java:745)

com.facebook.LegacyTokenCacheTest > testAllTypes STANDARD_OUT
    W/com.facebook.internal.Validate: No internet permissions granted for the app, please add <uses-permission android:name="android.permission.INTERNET" /> to your AndroidManifest.xml.

com.facebook.ProfileTrackerTest > testStartStopTrackingAndBroadcast STANDARD_OUT
    W/com.facebook.internal.Validate: No internet permissions granted for the app, please add <uses-permission android:name="android.permission.INTERNET" /> to your AndroidManifest.xml.

com.facebook.ApplicationTest > testCreateActivity STANDARD_OUT
    DEBUG: Loading resources for com.facebook.junittests from /home/travis/build/facebook/facebook-android-sdk/facebook/junitTests/build/intermediates/res/debug...
    DEBUG: Loading resources for android from jar:/home/travis/.m2/repository/org/robolectric/android-all/4.3_r2-robolectric-0/android-all-4.3_r2-robolectric-0.jar!/res...

com.facebook.applinks.AppLinkDataTest > testCreateFromJsonWithNestedArray STANDARD_OUT
    D/com.facebook.applinks.AppLinkData: Unable to parse AppLink JSON
    Nested arrays are not supported.
    	at com.facebook.applinks.AppLinkData.toBundle(AppLinkData.java:365)
    	at com.facebook.applinks.AppLinkData.createFromJson(AppLinkData.java:317)
    	at com.facebook.applinks.AppLinkData.createFromActivity(AppLinkData.java:249)
    	at com.facebook.applinks.AppLinkDataTest.testCreateFromJsonWithNestedArray(AppLinkDataTest.java:149)
    	at sun.reflect.NativeMethodAccessorImpl.invoke0(Native Method)
    	at sun.reflect.NativeMethodAccessorImpl.invoke(NativeMethodAccessorImpl.java:57)
    	at sun.reflect.DelegatingMethodAccessorImpl.invoke(DelegatingMethodAccessorImpl.java:43)
    	at java.lang.reflect.Method.invoke(Method.java:606)
    	at org.junit.runners.model.FrameworkMethod$1.runReflectiveCall(FrameworkMethod.java:50)
    	at org.junit.internal.runners.model.ReflectiveCallable.run(ReflectiveCallable.java:12)
    	at org.junit.runners.model.FrameworkMethod.invokeExplosively(FrameworkMethod.java:47)
    	at org.junit.internal.runners.statements.InvokeMethod.evaluate(InvokeMethod.java:17)
    	at org.junit.internal.runners.statements.RunBefores.evaluate(RunBefores.java:26)
    	at org.robolectric.RobolectricTestRunner$2.evaluate(RobolectricTestRunner.java:236)
    	at org.junit.runners.ParentRunner.runLeaf(ParentRunner.java:325)
    	at org.junit.runners.BlockJUnit4ClassRunner.runChild(BlockJUnit4ClassRunner.java:78)
    	at org.junit.runners.BlockJUnit4ClassRunner.runChild(BlockJUnit4ClassRunner.java:57)
    	at org.junit.runners.ParentRunner$3.run(ParentRunner.java:290)
    	at org.junit.runners.ParentRunner$1.schedule(ParentRunner.java:71)
    	at org.junit.runners.ParentRunner.runChildren(ParentRunner.java:288)
    	at org.junit.runners.ParentRunner.access$000(ParentRunner.java:58)
    	at org.junit.runners.ParentRunner$2.evaluate(ParentRunner.java:268)
    	at org.robolectric.RobolectricTestRunner$1.evaluate(RobolectricTestRunner.java:158)
    	at org.junit.runners.ParentRunner.run(ParentRunner.java:363)
    	at org.gradle.api.internal.tasks.testing.junit.JUnitTestClassExecuter.runTestClass(JUnitTestClassExecuter.java:86)
    	at org.gradle.api.internal.tasks.testing.junit.JUnitTestClassExecuter.execute(JUnitTestClassExecuter.java:49)
    	at org.gradle.api.internal.tasks.testing.junit.JUnitTestClassProcessor.processTestClass(JUnitTestClassProcessor.java:69)
    	at org.gradle.api.internal.tasks.testing.SuiteTestClassProcessor.processTestClass(SuiteTestClassProcessor.java:48)
    	at sun.reflect.GeneratedMethodAccessor57.invoke(Unknown Source)
    	at sun.reflect.DelegatingMethodAccessorImpl.invoke(DelegatingMethodAccessorImpl.java:43)
    	at java.lang.reflect.Method.invoke(Method.java:606)
    	at org.gradle.messaging.dispatch.ReflectionDispatch.dispatch(ReflectionDispatch.java:35)
    	at org.gradle.messaging.dispatch.ReflectionDispatch.dispatch(ReflectionDispatch.java:24)
    	at org.gradle.messaging.dispatch.ContextClassLoaderDispatch.dispatch(ContextClassLoaderDispatch.java:32)
    	at org.gradle.messaging.dispatch.ProxyDispatchAdapter$DispatchingInvocationHandler.invoke(ProxyDispatchAdapter.java:93)
    	at com.sun.proxy.$Proxy2.processTestClass(Unknown Source)
    	at org.gradle.api.internal.tasks.testing.worker.TestWorker.processTestClass(TestWorker.java:105)
    	at sun.reflect.GeneratedMethodAccessor56.invoke(Unknown Source)
    	at sun.reflect.DelegatingMethodAccessorImpl.invoke(DelegatingMethodAccessorImpl.java:43)
    	at java.lang.reflect.Method.invoke(Method.java:606)
    	at org.gradle.messaging.dispatch.ReflectionDispatch.dispatch(ReflectionDispatch.java:35)
    	at org.gradle.messaging.dispatch.ReflectionDispatch.dispatch(ReflectionDispatch.java:24)
    	at org.gradle.messaging.remote.internal.hub.MessageHub$Handler.run(MessageHub.java:360)
    	at org.gradle.internal.concurrent.DefaultExecutorFactory$StoppableExecutorImpl$1.run(DefaultExecutorFactory.java:64)
    	at java.util.concurrent.ThreadPoolExecutor.runWorker(ThreadPoolExecutor.java:1145)
    	at java.util.concurrent.ThreadPoolExecutor$Worker.run(ThreadPoolExecutor.java:615)
    	at java.lang.Thread.run(Thread.java:745)

com.facebook.share.model.SharePhotoBuilderTest > testPhotoBuilder STANDARD_OUT
    W/Environment: EXTERNAL_STORAGE undefined; falling back to default

com.facebook.login.KatanaProxyLoginMethodHandlerTest > testProxyAuthHandlesSuccess STANDARD_OUT
    W/com.facebook.internal.Validate: No internet permissions granted for the app, please add <uses-permission android:name="android.permission.INTERNET" /> to your AndroidManifest.xml.

com.facebook.login.LoginManagerTest > testOnActivityResultDoesNotModifyCurrentAccessTokenOnCancelResultCode STANDARD_OUT
    D/com.facebook.appevents.AppEventsLogger: Got unexpected exception: java.lang.NullPointerException

com.facebook.login.LoginClientTest > testReauthorizationWithSameFbidSucceeds STANDARD_OUT
    W/com.facebook.internal.Validate: No internet permissions granted for the app, please add <uses-permission android:name="android.permission.INTERNET" /> to your AndroidManifest.xml.

com.facebook.login.widget.LoginButtonTest > testLoginButtonWithReadPermissions STANDARD_OUT
    D/com.facebook.internal.AttributionIdentifiers: Caught unexpected exception in getAttributionId(): java.lang.NullPointerException

com.facebook.login.widget.LoginButtonTest > testLoginButtonWithReadPermissions STANDARD_ERROR
    Exception in thread "AsyncTask #3" java.lang.NullPointerException
    	at org.robolectric.shadows.ShadowContextWrapper.getPackageName(ShadowContextWrapper.java:195)
    	at android.content.ContextWrapper.getPackageName(ContextWrapper.java)
    	at com.facebook.appevents.AppEventsLogger.getSessionEventsState(AppEventsLogger.java:802)
    	at com.facebook.appevents.AppEventsLogger.access$600(AppEventsLogger.java:147)

com.facebook.login.widget.LoginButtonTest STANDARD_ERROR
    	at com.facebook.appevents.AppEventsLogger$5.run(AppEventsLogger.java:749)
    	at java.util.concurrent.ThreadPoolExecutor.runWorker(ThreadPoolExecutor.java:1145)

com.facebook.login.widget.LoginButtonTest > testLoginButtonWithPublishPermissions STANDARD_ERROR
    	at java.util.concurrent.ThreadPoolExecutor$Worker.run(ThreadPoolExecutor.java:615)
    	at java.lang.Thread.run(Thread.java:745)

com.facebook.login.widget.LoginButtonTest > testLoginButtonWithPublishPermissions STANDARD_OUT
    D/com.facebook.internal.AttributionIdentifiers: Caught unexpected exception in getAttributionId(): java.lang.NullPointerException

com.facebook.login.widget.LoginButtonTest > testCantSetReadThenPublishPermissions STANDARD_ERROR
    Exception in thread "AsyncTask #8" java.lang.NullPointerException
    	at org.robolectric.shadows.ShadowContextWrapper.getPackageName(ShadowContextWrapper.java:195)
    	at android.content.ContextWrapper.getPackageName(ContextWrapper.java)
    	at com.facebook.appevents.AppEventsLogger.getSessionEventsState(AppEventsLogger.java:802)
    	at com.facebook.appevents.AppEventsLogger.access$600(AppEventsLogger.java:147)
    	at com.facebook.appevents.AppEventsLogger$5.run(AppEventsLogger.java:749)
    	at java.util.concurrent.ThreadPoolExecutor.runWorker(ThreadPoolExecutor.java:1145)
    	at java.util.concurrent.ThreadPoolExecutor$Worker.run(ThreadPoolExecutor.java:615)
    	at java.lang.Thread.run(Thread.java:745)

com.facebook.internal.FileLruCacheTest > testCacheLru STANDARD_OUT
    D/com.facebook.appevents.AppEventsLogger: Got unexpected exception: java.lang.NullPointerException

com.facebook.internal.CallbackManagerImplPowerMockTest > testStaticRegisterValidations STANDARD_OUT
    W/com.facebook.internal.Validate: No internet permissions granted for the app, please add <uses-permission android:name="android.permission.INTERNET" /> to your AndroidManifest.xml.
Gradle Test Executor 1 finished executing tests.
Finished generating test XML results (0.264 secs) into: /home/travis/build/facebook/facebook-android-sdk/facebook/junitTests/build/test-results
Generating HTML test report...
Finished generating test html results (0.317 secs) into: /home/travis/build/facebook/facebook-android-sdk/facebook/junitTests/build/test-report/debug
:junitTests:testDebug (Thread[main,5,main]) completed. Took 1 mins 6.061 secs.
:junitTests:test (Thread[main,5,main]) started.
:junitTests:test
Executing task ':junitTests:test' (up-to-date check took 0.018 secs) due to:
  No history is available.
Generating HTML test report...
Finished generating test html results (0.156 secs) into: /home/travis/build/facebook/facebook-android-sdk/facebook/junitTests/build/test-report
:junitTests:test (Thread[main,5,main]) completed. Took 0.244 secs.

BUILD SUCCESSFUL

Total time: 1 mins 45.79 secs
Stopped 0 compiler daemon(s).
travis_time:end:0724e71f:start=1430431439715330018,finish=1430431546091234691,duration=106375904673[0K
[32;1mThe command "./gradlew :junitTests:test -i" exited with 0.[0m

Done. Your build exited with 0.
