Using worker: worker-linux-docker-5cb29673.prod.travis-ci.org:travis-linux-14

travis_fold:start:system_info[0K[33;1mBuild system information[0m
Build language: android
[34m[1mBuild image provisioning date and time[0m
Thu Feb  5 15:09:33 UTC 2015
[34m[1mOperating System Details[0m
Distributor ID:	Ubuntu
Description:	Ubuntu 12.04.5 LTS
Release:	12.04
Codename:	precise
[34m[1mLinux Version[0m
3.13.0-29-generic
[34m[1mCookbooks Version[0m
a68419e https://github.com/travis-ci/travis-cookbooks/tree/a68419e
[34m[1mGCC version[0m
gcc (Ubuntu/Linaro 4.6.3-1ubuntu5) 4.6.3
Copyright (C) 2011 Free Software Foundation, Inc.
This is free software; see the source for copying conditions.  There is NO
warranty; not even for MERCHANTABILITY or FITNESS FOR A PARTICULAR PURPOSE.

[34m[1mLLVM version[0m
clang version 3.4 (tags/RELEASE_34/final)
Target: x86_64-unknown-linux-gnu
Thread model: posix
[34m[1mPre-installed Ruby versions[0m
ruby-1.9.3-p551
[34m[1mPre-installed Node.js versions[0m
v0.10.36
[34m[1mPre-installed Go versions[0m
1.4.1
[34m[1mRedis version[0m
redis-server 2.8.19
[34m[1mriak version[0m
2.0.2
[34m[1mMongoDB version[0m
MongoDB 2.4.12
[34m[1mCouchDB version[0m
couchdb 1.6.1
[34m[1mNeo4j version[0m
1.9.4
[34m[1mRabbitMQ Version[0m
3.4.3
[34m[1mElasticSearch version[0m
1.4.0
[34m[1mInstalled Sphinx versions[0m
2.0.10
2.1.9
2.2.6
[34m[1mDefault Sphinx version[0m
2.2.6
[34m[1mInstalled Firefox version[0m
firefox 31.0esr
[34m[1mPhantomJS version[0m
1.9.8
[34m[1mant -version[0m
Apache Ant(TM) version 1.8.2 compiled on December 3 2011
[34m[1mmvn -version[0m
Apache Maven 3.2.5 (12a6b3acb947671f09b81f49094c53f426d8cea1; 2014-12-14T17:29:23+00:00)
Maven home: /usr/local/maven
Java version: 1.7.0_76, vendor: Oracle Corporation
Java home: /usr/lib/jvm/java-7-oracle/jre
Default locale: en_US, platform encoding: ANSI_X3.4-1968
OS name: "linux", version: "3.13.0-29-generic", arch: "amd64", family: "unix"
travis_fold:end:system_info[0K
travis_fold:start:git.checkout[0Ktravis_time:start:323d0cf0[0K$ git clone --depth=50 git://github.com/facebook/stetho.git facebook/stetho
Cloning into 'facebook/stetho'...
remote: Counting objects: 1078, done.[K
remote: Compressing objects:   0% (1/216)   [Kremote: Compressing objects:   1% (3/216)   [Kremote: Compressing objects:   2% (5/216)   [Kremote: Compressing objects:   3% (7/216)   [Kremote: Compressing objects:   4% (9/216)   [Kremote: Compressing objects:   5% (11/216)   [Kremote: Compressing objects:   6% (13/216)   [Kremote: Compressing objects:   7% (16/216)   [Kremote: Compressing objects:   8% (18/216)   [Kremote: Compressing objects:   9% (20/216)   [Kremote: Compressing objects:  10% (22/216)   [Kremote: Compressing objects:  11% (24/216)   [Kremote: Compressing objects:  12% (26/216)   [Kremote: Compressing objects:  13% (29/216)   [Kremote: Compressing objects:  14% (31/216)   [Kremote: Compressing objects:  15% (33/216)   [Kremote: Compressing objects:  16% (35/216)   [Kremote: Compressing objects:  17% (37/216)   [Kremote: Compressing objects:  18% (39/216)   [Kremote: Compressing objects:  19% (42/216)   [Kremote: Compressing objects:  20% (44/216)   [Kremote: Compressing objects:  21% (46/216)   [Kremote: Compressing objects:  22% (48/216)   [Kremote: Compressing objects:  23% (50/216)   [Kremote: Compressing objects:  24% (52/216)   [Kremote: Compressing objects:  25% (54/216)   [Kremote: Compressing objects:  26% (57/216)   [Kremote: Compressing objects:  27% (59/216)   [Kremote: Compressing objects:  28% (61/216)   [Kremote: Compressing objects:  29% (63/216)   [Kremote: Compressing objects:  30% (65/216)   [Kremote: Compressing objects:  31% (67/216)   [Kremote: Compressing objects:  32% (70/216)   [Kremote: Compressing objects:  33% (72/216)   [Kremote: Compressing objects:  34% (74/216)   [Kremote: Compressing objects:  35% (76/216)   [Kremote: Compressing objects:  36% (78/216)   [Kremote: Compressing objects:  37% (80/216)   [Kremote: Compressing objects:  38% (83/216)   [Kremote: Compressing objects:  39% (85/216)   [Kremote: Compressing objects:  40% (87/216)   [Kremote: Compressing objects:  41% (89/216)   [Kremote: Compressing objects:  42% (91/216)   [Kremote: Compressing objects:  43% (93/216)   [Kremote: Compressing objects:  44% (96/216)   [Kremote: Compressing objects:  45% (98/216)   [Kremote: Compressing objects:  46% (100/216)   [Kremote: Compressing objects:  47% (102/216)   [Kremote: Compressing objects:  48% (104/216)   [Kremote: Compressing objects:  49% (106/216)   [Kremote: Compressing objects:  50% (108/216)   [Kremote: Compressing objects:  51% (111/216)   [Kremote: Compressing objects:  52% (113/216)   [Kremote: Compressing objects:  53% (115/216)   [Kremote: Compressing objects:  54% (117/216)   [Kremote: Compressing objects:  55% (119/216)   [Kremote: Compressing objects:  56% (121/216)   [Kremote: Compressing objects:  57% (124/216)   [Kremote: Compressing objects:  58% (126/216)   [Kremote: Compressing objects:  59% (128/216)   [Kremote: Compressing objects:  60% (130/216)   [Kremote: Compressing objects:  61% (132/216)   [Kremote: Compressing objects:  62% (134/216)   [Kremote: Compressing objects:  63% (137/216)   [Kremote: Compressing objects:  64% (139/216)   [Kremote: Compressing objects:  65% (141/216)   [Kremote: Compressing objects:  66% (143/216)   [Kremote: Compressing objects:  67% (145/216)   [Kremote: Compressing objects:  68% (147/216)   [Kremote: Compressing objects:  69% (150/216)   [Kremote: Compressing objects:  70% (152/216)   [Kremote: Compressing objects:  71% (154/216)   [Kremote: Compressing objects:  72% (156/216)   [Kremote: Compressing objects:  73% (158/216)   [Kremote: Compressing objects:  74% (160/216)   [Kremote: Compressing objects:  75% (162/216)   [Kremote: Compressing objects:  76% (165/216)   [Kremote: Compressing objects:  77% (167/216)   [Kremote: Compressing objects:  78% (169/216)   [Kremote: Compressing objects:  79% (171/216)   [Kremote: Compressing objects:  80% (173/216)   [Kremote: Compressing objects:  81% (175/216)   [Kremote: Compressing objects:  82% (178/216)   [Kremote: Compressing objects:  83% (180/216)   [Kremote: Compressing objects:  84% (182/216)   [Kremote: Compressing objects:  85% (184/216)   [Kremote: Compressing objects:  86% (186/216)   [Kremote: Compressing objects:  87% (188/216)   [Kremote: Compressing objects:  88% (191/216)   [Kremote: Compressing objects:  89% (193/216)   [Kremote: Compressing objects:  90% (195/216)   [Kremote: Compressing objects:  91% (197/216)   [Kremote: Compressing objects:  92% (199/216)   [Kremote: Compressing objects:  93% (201/216)   [Kremote: Compressing objects:  94% (204/216)   [Kremote: Compressing objects:  95% (206/216)   [Kremote: Compressing objects:  96% (208/216)   [Kremote: Compressing objects:  97% (210/216)   [Kremote: Compressing objects:  98% (212/216)   [Kremote: Compressing objects:  99% (214/216)   [Kremote: Compressing objects: 100% (216/216)   [Kremote: Compressing objects: 100% (216/216), done.[K
Receiving objects:   0% (1/1078)   Receiving objects:   1% (11/1078)   Receiving objects:   2% (22/1078)   Receiving objects:   3% (33/1078)   Receiving objects:   4% (44/1078)   Receiving objects:   5% (54/1078)   Receiving objects:   6% (65/1078)   Receiving objects:   7% (76/1078)   Receiving objects:   8% (87/1078)   Receiving objects:   9% (98/1078)   Receiving objects:  10% (108/1078)   Receiving objects:  11% (119/1078)   Receiving objects:  12% (130/1078)   Receiving objects:  13% (141/1078)   Receiving objects:  14% (151/1078)   Receiving objects:  15% (162/1078)   Receiving objects:  16% (173/1078)   Receiving objects:  17% (184/1078)   Receiving objects:  18% (195/1078)   Receiving objects:  19% (205/1078)   Receiving objects:  20% (216/1078)   Receiving objects:  21% (227/1078)   Receiving objects:  22% (238/1078)   Receiving objects:  23% (248/1078)   Receiving objects:  24% (259/1078)   Receiving objects:  25% (270/1078)   Receiving objects:  26% (281/1078)   Receiving objects:  27% (292/1078)   Receiving objects:  28% (302/1078)   Receiving objects:  29% (313/1078)   Receiving objects:  30% (324/1078)   Receiving objects:  31% (335/1078)   Receiving objects:  32% (345/1078)   Receiving objects:  33% (356/1078)   Receiving objects:  34% (367/1078)   Receiving objects:  35% (378/1078)   Receiving objects:  36% (389/1078)   Receiving objects:  37% (399/1078)   Receiving objects:  38% (410/1078)   Receiving objects:  39% (421/1078)   Receiving objects:  40% (432/1078)   Receiving objects:  41% (442/1078)   Receiving objects:  42% (453/1078)   Receiving objects:  43% (464/1078)   Receiving objects:  44% (475/1078)   Receiving objects:  45% (486/1078)   Receiving objects:  46% (496/1078)   Receiving objects:  47% (507/1078)   Receiving objects:  48% (518/1078)   Receiving objects:  49% (529/1078)   Receiving objects:  50% (539/1078)   Receiving objects:  51% (550/1078)   Receiving objects:  52% (561/1078)   Receiving objects:  53% (572/1078)   Receiving objects:  54% (583/1078)   Receiving objects:  55% (593/1078)   Receiving objects:  56% (604/1078)   Receiving objects:  57% (615/1078)   Receiving objects:  58% (626/1078)   Receiving objects:  59% (637/1078)   Receiving objects:  60% (647/1078)   Receiving objects:  61% (658/1078)   Receiving objects:  62% (669/1078)   Receiving objects:  63% (680/1078)   Receiving objects:  64% (690/1078)   Receiving objects:  65% (701/1078)   Receiving objects:  66% (712/1078)   Receiving objects:  67% (723/1078)   Receiving objects:  68% (734/1078)   Receiving objects:  69% (744/1078)   Receiving objects:  70% (755/1078)   Receiving objects:  71% (766/1078)   Receiving objects:  72% (777/1078)   Receiving objects:  73% (787/1078)   Receiving objects:  74% (798/1078)   Receiving objects:  75% (809/1078)   Receiving objects:  76% (820/1078)   Receiving objects:  77% (831/1078)   Receiving objects:  78% (841/1078)   Receiving objects:  79% (852/1078)   Receiving objects:  80% (863/1078)   Receiving objects:  81% (874/1078)   Receiving objects:  82% (884/1078)   Receiving objects:  83% (895/1078)   Receiving objects:  84% (906/1078)   Receiving objects:  85% (917/1078)   Receiving objects:  86% (928/1078)   remote: Total 1078 (delta 74), reused 1 (delta 0), pack-reused 819[K
Receiving objects:  87% (938/1078)   Receiving objects:  88% (949/1078)   Receiving objects:  89% (960/1078)   Receiving objects:  90% (971/1078)   Receiving objects:  91% (981/1078)   Receiving objects:  92% (992/1078)   Receiving objects:  93% (1003/1078)   Receiving objects:  94% (1014/1078)   Receiving objects:  95% (1025/1078)   Receiving objects:  96% (1035/1078)   Receiving objects:  97% (1046/1078)   Receiving objects:  98% (1057/1078)   Receiving objects:  99% (1068/1078)   Receiving objects: 100% (1078/1078)   Receiving objects: 100% (1078/1078), 669.56 KiB | 0 bytes/s, done.
Resolving deltas:   0% (0/374)   Resolving deltas:   4% (15/374)   Resolving deltas:   5% (19/374)   Resolving deltas:   6% (23/374)   Resolving deltas:   7% (27/374)   Resolving deltas:   8% (32/374)   Resolving deltas:  13% (51/374)   Resolving deltas:  14% (54/374)   Resolving deltas:  15% (57/374)   Resolving deltas:  16% (63/374)   Resolving deltas:  17% (64/374)   Resolving deltas:  18% (68/374)   Resolving deltas:  19% (72/374)   Resolving deltas:  20% (75/374)   Resolving deltas:  21% (79/374)   Resolving deltas:  22% (83/374)   Resolving deltas:  25% (96/374)   Resolving deltas:  26% (98/374)   Resolving deltas:  28% (107/374)   Resolving deltas:  29% (110/374)   Resolving deltas:  30% (115/374)   Resolving deltas:  31% (116/374)   Resolving deltas:  32% (120/374)   Resolving deltas:  33% (124/374)   Resolving deltas:  34% (129/374)   Resolving deltas:  35% (134/374)   Resolving deltas:  36% (135/374)   Resolving deltas:  37% (141/374)   Resolving deltas:  38% (145/374)   Resolving deltas:  55% (208/374)   Resolving deltas:  61% (230/374)   Resolving deltas:  66% (248/374)   Resolving deltas:  71% (266/374)   Resolving deltas:  73% (275/374)   Resolving deltas:  75% (284/374)   Resolving deltas:  77% (290/374)   Resolving deltas:  78% (292/374)   Resolving deltas:  80% (300/374)   Resolving deltas:  82% (307/374)   Resolving deltas:  83% (311/374)   Resolving deltas:  84% (317/374)   Resolving deltas:  86% (322/374)   Resolving deltas:  87% (327/374)   Resolving deltas:  88% (330/374)   Resolving deltas:  89% (336/374)   Resolving deltas:  90% (339/374)   Resolving deltas:  91% (343/374)   Resolving deltas:  92% (346/374)   Resolving deltas:  93% (348/374)   Resolving deltas:  94% (352/374)   Resolving deltas:  95% (359/374)   Resolving deltas:  96% (361/374)   Resolving deltas:  97% (364/374)   Resolving deltas:  98% (367/374)   Resolving deltas:  99% (371/374)   Resolving deltas: 100% (374/374)   Resolving deltas: 100% (374/374), done.
Checking connectivity... done.
travis_time:end:323d0cf0:start=1427761206591993094,finish=1427761206752169092,duration=160175998[0K$ cd facebook/stetho
travis_time:start:02cdacfb[0K$ git fetch origin +refs/pull/109/merge:
remote: Counting objects: 16, done.[K
remote: Compressing objects:   7% (1/13)   [Kremote: Compressing objects:  15% (2/13)   [Kremote: Compressing objects:  23% (3/13)   [Kremote: Compressing objects:  30% (4/13)   [Kremote: Compressing objects:  38% (5/13)   [Kremote: Compressing objects:  46% (6/13)   [Kremote: Compressing objects:  53% (7/13)   [Kremote: Compressing objects:  61% (8/13)   [Kremote: Compressing objects:  69% (9/13)   [Kremote: Compressing objects:  76% (10/13)   [Kremote: Compressing objects:  84% (11/13)   [Kremote: Compressing objects:  92% (12/13)   [Kremote: Compressing objects: 100% (13/13)   [Kremote: Compressing objects: 100% (13/13), done.[K
remote: Total 16 (delta 0), reused 0 (delta 0), pack-reused 0[K
Unpacking objects:   6% (1/16)   Unpacking objects:  12% (2/16)   Unpacking objects:  18% (3/16)   Unpacking objects:  25% (4/16)   Unpacking objects:  31% (5/16)   Unpacking objects:  37% (6/16)   Unpacking objects:  43% (7/16)   Unpacking objects:  50% (8/16)   Unpacking objects:  56% (9/16)   Unpacking objects:  62% (10/16)   Unpacking objects:  68% (11/16)   Unpacking objects:  75% (12/16)   Unpacking objects:  81% (13/16)   Unpacking objects:  87% (14/16)   Unpacking objects:  93% (15/16)   Unpacking objects: 100% (16/16)   Unpacking objects: 100% (16/16), done.
From git://github.com/facebook/stetho
 * branch            refs/pull/109/merge -> FETCH_HEAD
travis_time:end:02cdacfb:start=1427761206755870997,finish=1427761206852014197,duration=96143200[0K$ git checkout -qf FETCH_HEAD
travis_fold:end:git.checkout[0K
[33;1mThis job is running on container-based infrastructure, which does not allow use of 'sudo', setuid and setguid executables.[0m
[33;1mIf you require sudo, add 'sudo: required' to your .travis.yml[0m
[33;1mSee http://docs.travis-ci.com/user/workers/container-based-infrastructure/ for details.[0m
$ export TERM=dumb
travis_fold:start:android.install[0KInstalling Android dependencies
travis_time:start:08483748[0K$ android-update-sdk --components=build-tools 21.1.2
Installing build-tools
spawn android update sdk --no-ui --all --filter build-tools
Refresh Sources:
  Fetching https://dl-ssl.google.com/android/repository/addons_list-2.xml
  Validate XML
  Parse XML
  Fetched Add-ons List successfully
  Refresh Sources
  Fetching URL: https://dl-ssl.google.com/android/repository/repository-10.xml
  Validate XML: https://dl-ssl.google.com/android/repository/repository-10.xml
  Parse XML:    https://dl-ssl.google.com/android/repository/repository-10.xml
  Fetching URL: https://dl-ssl.google.com/android/repository/addon.xml
  Validate XML: https://dl-ssl.google.com/android/repository/addon.xml
  Parse XML:    https://dl-ssl.google.com/android/repository/addon.xml
  Fetching URL: https://dl-ssl.google.com/android/repository/addon-6.xml
  Validate XML: https://dl-ssl.google.com/android/repository/addon-6.xml
  Parse XML:    https://dl-ssl.google.com/android/repository/addon-6.xml
  Fetching URL: https://dl-ssl.google.com/glass/gdk/addon.xml
  Validate XML: https://dl-ssl.google.com/glass/gdk/addon.xml
  Parse XML:    https://dl-ssl.google.com/glass/gdk/addon.xml
  Fetching URL: https://dl-ssl.google.com/android/repository/extras/intel/addon.xml
  Validate XML: https://dl-ssl.google.com/android/repository/extras/intel/addon.xml
  Parse XML:    https://dl-ssl.google.com/android/repository/extras/intel/addon.xml
  Fetching URL: https://dl-ssl.google.com/android/repository/sys-img/android/sys-img.xml
  Validate XML: https://dl-ssl.google.com/android/repository/sys-img/android/sys-img.xml
  Parse XML:    https://dl-ssl.google.com/android/repository/sys-img/android/sys-img.xml
  Fetching URL: https://dl-ssl.google.com/android/repository/sys-img/android-wear/sys-img.xml
  Validate XML: https://dl-ssl.google.com/android/repository/sys-img/android-wear/sys-img.xml
  Parse XML:    https://dl-ssl.google.com/android/repository/sys-img/android-wear/sys-img.xml
  Fetching URL: https://dl-ssl.google.com/android/repository/sys-img/android-tv/sys-img.xml
  Validate XML: https://dl-ssl.google.com/android/repository/sys-img/android-tv/sys-img.xml
  Parse XML:    https://dl-ssl.google.com/android/repository/sys-img/android-tv/sys-img.xml
  Fetching URL: https://dl-ssl.google.com/android/repository/sys-img/google_apis/sys-img.xml
  Validate XML: https://dl-ssl.google.com/android/repository/sys-img/google_apis/sys-img.xml
  Parse XML:    https://dl-ssl.google.com/android/repository/sys-img/google_apis/sys-img.xml
  Fetching URL: https://dl-ssl.google.com/android/repository/sys-img/x86/addon-x86.xml
  Validate XML: https://dl-ssl.google.com/android/repository/sys-img/x86/addon-x86.xml
  Parse XML:    https://dl-ssl.google.com/android/repository/sys-img/x86/addon-x86.xml
Error: Ignoring unknown package filter 'build-tools'
Warning: The package filter removed all packages. There is nothing to install.
         Please consider trying to update again without a package filter.
travis_time:end:08483748:start=1427761209517403661,finish=1427761213311476417,duration=3794072756[0Ktravis_time:start:00602030[0K$ android-update-sdk --components=android-21
Installing android-21
spawn android update sdk --no-ui --all --filter android-21
Refresh Sources:
  Fetching https://dl-ssl.google.com/android/repository/addons_list-2.xml
  Validate XML
  Parse XML
  Fetched Add-ons List successfully
  Refresh Sources
  Fetching URL: https://dl-ssl.google.com/android/repository/repository-10.xml
  Validate XML: https://dl-ssl.google.com/android/repository/repository-10.xml
  Parse XML:    https://dl-ssl.google.com/android/repository/repository-10.xml
  Fetching URL: https://dl-ssl.google.com/android/repository/addon.xml
  Validate XML: https://dl-ssl.google.com/android/repository/addon.xml
  Parse XML:    https://dl-ssl.google.com/android/repository/addon.xml
  Fetching URL: https://dl-ssl.google.com/android/repository/addon-6.xml
  Validate XML: https://dl-ssl.google.com/android/repository/addon-6.xml
  Parse XML:    https://dl-ssl.google.com/android/repository/addon-6.xml
  Fetching URL: https://dl-ssl.google.com/glass/gdk/addon.xml
  Validate XML: https://dl-ssl.google.com/glass/gdk/addon.xml
  Parse XML:    https://dl-ssl.google.com/glass/gdk/addon.xml
  Fetching URL: https://dl-ssl.google.com/android/repository/extras/intel/addon.xml
  Validate XML: https://dl-ssl.google.com/android/repository/extras/intel/addon.xml
  Parse XML:    https://dl-ssl.google.com/android/repository/extras/intel/addon.xml
  Fetching URL: https://dl-ssl.google.com/android/repository/sys-img/android/sys-img.xml
  Validate XML: https://dl-ssl.google.com/android/repository/sys-img/android/sys-img.xml
  Parse XML:    https://dl-ssl.google.com/android/repository/sys-img/android/sys-img.xml
  Fetching URL: https://dl-ssl.google.com/android/repository/sys-img/android-wear/sys-img.xml
  Validate XML: https://dl-ssl.google.com/android/repository/sys-img/android-wear/sys-img.xml
  Parse XML:    https://dl-ssl.google.com/android/repository/sys-img/android-wear/sys-img.xml
  Fetching URL: https://dl-ssl.google.com/android/repository/sys-img/android-tv/sys-img.xml
  Validate XML: https://dl-ssl.google.com/android/repository/sys-img/android-tv/sys-img.xml
  Parse XML:    https://dl-ssl.google.com/android/repository/sys-img/android-tv/sys-img.xml
  Fetching URL: https://dl-ssl.google.com/android/repository/sys-img/google_apis/sys-img.xml
  Validate XML: https://dl-ssl.google.com/android/repository/sys-img/google_apis/sys-img.xml
  Parse XML:    https://dl-ssl.google.com/android/repository/sys-img/google_apis/sys-img.xml
  Fetching URL: https://dl-ssl.google.com/android/repository/sys-img/x86/addon-x86.xml
  Validate XML: https://dl-ssl.google.com/android/repository/sys-img/x86/addon-x86.xml
  Parse XML:    https://dl-ssl.google.com/android/repository/sys-img/x86/addon-x86.xml
-------------------------------
License id: android-sdk-license-5be876d5
Used by: 
 - SDK Platform Android 5.0.1, API 21, revision 2
-------------------------------

To get started with the Android SDK, you must agree to the following terms and conditions.

This is the Android SDK License Agreement (the "License Agreement").

1. Introduction

1.1 The Android SDK (referred to in the License Agreement as the "SDK" and specifically including the Android system files, packaged APIs, and SDK library files and tools , if and when they are made available) is licensed to you subject to the terms of the License Agreement. The License Agreement forms a legally binding contract between you and Google in relation to your use of the SDK.

1.2 "Android" means the Android software stack for devices, as made available under the Android Open Source Project, which is located at the following URL: http://source.android.com/, as updated from time to time.

1.3 "Google" means Google Inc., a Delaware corporation with principal place of business at 1600 Amphitheatre Parkway, Mountain View, CA 94043, United States.

2. Accepting the License Agreement

2.1 In order to use the SDK, you must first agree to the License Agreement. You may not use the SDK if you do not accept the License Agreement.

2.2 By clicking to accept and/or using the SDK, you hereby agree to the terms of the License Agreement.

2.3 You may not use the SDK and may not accept the License Agreement if you are a person barred from receiving the SDK under the laws of the United States or other countries including the country in which you are resident or from which you use the SDK.

2.4 If you will use the SDK internally within your company or organization you agree to be bound by the License Agreement on behalf of your employer or other entity, and you represent and warrant that you have full legal authority to bind your employer or such entity to the License Agreement. If you do not have the requisite authority, you may not accept the License Agreement or use the SDK on behalf of your employer or other entity.

3. SDK License from Google

3.1 Subject to the terms of the License Agreement, Google grants you a royalty-free, non-assignable, non-exclusive, non-sublicensable, limited, revocable license to use the SDK, personally or internally within your company or organization, solely to develop and distribute applications to run on the Android platform.

3.2 You agree that Google or third parties own all legal right, title and interest in and to the SDK, including any Intellectual Property Rights that subsist in the SDK. "Intellectual Property Rights" means any and all rights under patent law, copyright law, trade secret law, trademark law, and any and all other proprietary rights. Google reserves all rights not expressly granted to you.

3.3 You may not use the SDK for any purpose not expressly permitted by the License Agreement. Except to the extent required by applicable third party licenses, you may not: (a) copy (except for backup purposes), modify, adapt, redistribute, decompile, reverse engineer, disassemble, or create derivative works of the SDK or any part of the SDK; or (b) load any part of the SDK onto a mobile handset or any other hardware device except a personal computer, combine any part of the SDK with other software, or distribute any software or device incorporating a part of the SDK.

3.4 You agree that you will not take any actions that may cause or result in the fragmentation of Android, including but not limited to distributing, participating in the creation of, or promoting in any way a software development kit derived from the SDK.

3.5 Use, reproduction and distribution of components of the SDK licensed under an open source software license are governed solely by the terms of that open source software license and not the License Agreement. You agree to remain a licensee in good standing in regard to such open source software licenses under all the rights granted and to refrain from any actions that may terminate, suspend, or breach such rights.

3.6 You agree that the form and nature of the SDK that Google provides may change without prior notice to you and that future versions of the SDK may be incompatible with applications developed on previous versions of the SDK. You agree that Google may stop (permanently or temporarily) providing the SDK (or any features within the SDK) to you or to users generally at Google's sole discretion, without prior notice to you.

3.7 Nothing in the License Agreement gives you a right to use any of Google's trade names, trademarks, service marks, logos, domain names, or other distinctive brand features.

3.8 You agree that you will not remove, obscure, or alter any proprietary rights notices (including copyright and trademark notices) that may be affixed to or contained within the SDK.

4. Use of the SDK by You

4.1 Google agrees that nothing in the License Agreement gives Google any right, title or interest from you (or your licensors) under the License Agreement in or to any software applications that you develop using the SDK, including any intellectual property rights that subsist in those applications.

4.2 You agree to use the SDK and write applications only for purposes that are permitted by (a) the License Agreement, and (b) any applicable law, regulation or generally accepted practices or guidelines in the relevant jurisdictions (including any laws regarding the export of data or software to and from the United States or other relevant countries).

4.3 You agree that if you use the SDK to develop applications, you will protect the privacy and legal rights of users. If users provide you with user names, passwords, or other login information or personal information, you must make the users aware that the information will be available to your application, and you must provide legally adequate privacy notice and protection for those users. If your application stores personal or sensitive information provided by users, it must do so securely. If users provide you with Google Account information, your application may only use that information to access the user's Google Account when, and for the limited purposes for which, each user has given you permission to do so.

4.4 You agree that you will not engage in any activity with the SDK, including the development or distribution of an application, that interferes with, disrupts, damages, or accesses in an unauthorized manner the servers, networks, or other properties or services of Google or any third party.

4.5 You agree that you are solely responsible for (and that Google has no responsibility to you or to any third party for) any data, content, or resources that you create, transmit or display through Android and/or applications for Android, and for the consequences of your actions (including any loss or damage which Google may suffer) by doing so.

4.6 You agree that you are solely responsible for (and that Google has no responsibility to you or to any third party for) any breach of your obligations under the License Agreement, any applicable third party contract or Terms of Service, or any applicable law or regulation, and for the consequences (including any loss or damage which Google or any third party may suffer) of any such breach.

5. Your Developer Credentials

5.1 You agree that you are responsible for maintaining the confidentiality of any developer credentials that may be issued to you by Google or which you may choose yourself and that you will be solely responsible for all applications that are developed under your developer credentials.

6. Privacy and Information

6.1 In order to continually innovate and improve the SDK, Google may collect certain usage statistics from the software including but not limited to a unique identifier, associated IP address, version number of the software, and information on which tools and/or services in the SDK are being used and how they are being used. Before any of this information is collected, the SDK will notify you and seek your consent. If you withhold consent, the information will not be collected.

6.2 The data collected is examined in the aggregate to improve the SDK and is maintained in accordance with Google's Privacy Policy located at http://www.google.com/policies/privacy/.

7. Third Party Applications

7.1 If you use the SDK to run applications developed by a third party or that access data, content or resources provided by a third party, you agree that Google is not responsible for those applications, data, content, or resources. You understand that all data, content or resources which you may access through such third party applications are the sole responsibility of the person from which they originated and that Google is not liable for any loss or damage that you may experience as a result of the use or access of any of those third party applications, data, content, or resources.

7.2 You should be aware the data, content, and resources presented to you through such a third party application may be protected by intellectual property rights which are owned by the providers (or by other persons or companies on their behalf). You may not modify, rent, lease, loan, sell, distribute or create derivative works based on these data, content, or resources (either in whole or in part) unless you have been specifically given permission to do so by the relevant owners.

7.3 You acknowledge that your use of such third party applications, data, content, or resources may be subject to separate terms between you and the relevant third party.

8. Using Google APIs

8.1 Google APIs

8.1.1 If you use any API to retrieve data from Google, you acknowledge that the data may be protected by intellectual property rights which are owned by Google or those parties that provide the data (or by other persons or companies on their behalf). Your use of any such API may be subject to additional Terms of Service. You may not modify, rent, lease, loan, sell, distribute or create derivative works based on this data (either in whole or in part) unless allowed by the relevant Terms of Service.

8.1.2 If you use any API to retrieve a user's data from Google, you acknowledge and agree that you shall retrieve data only with the user's explicit consent and only when, and for the limited purposes for which, the user has given you permission to do so.

9. Terminating the License Agreement

9.1 The License Agreement will continue to apply until terminated by either you or Google as set out below.

9.2 If you want to terminate the License Agreement, you may do so by ceasing your use of the SDK and any relevant developer credentials.

9.3 Google may at any time, terminate the License Agreement, with or without cause, upon notice to you.

9.4 The License Agreement will automatically terminate without notice or other action when Google ceases to provide the SDK or certain parts of the SDK to users in the country in which you are resident or from which you use the service.

9.5 When the License Agreement is terminated, the license granted to you in the License Agreement will terminate, you will immediately cease all use of the SDK, and the provisions of paragraphs 10, 11, 12 and 14 shall survive indefinitely.

10. DISCLAIMERS

10.1 YOU EXPRESSLY UNDERSTAND AND AGREE THAT YOUR USE OF THE SDK IS AT YOUR SOLE RISK AND THAT THE SDK IS PROVIDED "AS IS" AND "AS AVAILABLE" WITHOUT WARRANTY OF ANY KIND FROM GOOGLE.

10.2 YOUR USE OF THE SDK AND ANY MATERIAL DOWNLOADED OR OTHERWISE OBTAINED THROUGH THE USE OF THE SDK IS AT YOUR OWN DISCRETION AND RISK AND YOU ARE SOLELY RESPONSIBLE FOR ANY DAMAGE TO YOUR COMPUTER SYSTEM OR OTHER DEVICE OR LOSS OF DATA THAT RESULTS FROM SUCH USE. WITHOUT LIMITING THE FOREGOING, YOU UNDERSTAND THAT THE SDK MAY CONTAIN ERRORS, DEFECTS AND SECURITY VULNERABILITIES THAT CAN RESULT IN SIGNIFICANT DAMAGE, INCLUDING THE COMPLETE, IRRECOVERABLE LOSS OF USE OF YOUR COMPUTER SYSTEM OR OTHER DEVICE.

10.3 GOOGLE FURTHER EXPRESSLY DISCLAIMS ALL WARRANTIES AND CONDITIONS OF ANY KIND, WHETHER EXPRESS OR IMPLIED, INCLUDING, BUT NOT LIMITED TO THE IMPLIED WARRANTIES AND CONDITIONS OF MERCHANTABILITY, FITNESS FOR A PARTICULAR PURPOSE AND NON-INFRINGEMENT.

11. LIMITATION OF LIABILITY

11.1 YOU EXPRESSLY UNDERSTAND AND AGREE THAT GOOGLE, ITS SUBSIDIARIES AND AFFILIATES, AND ITS LICENSORS SHALL NOT BE LIABLE TO YOU UNDER ANY THEORY OF LIABILITY FOR ANY DIRECT, INDIRECT, INCIDENTAL, SPECIAL, CONSEQUENTIAL OR EXEMPLARY DAMAGES THAT MAY BE INCURRED BY YOU, INCLUDING ANY LOSS OF DATA, WHETHER OR NOT GOOGLE OR ITS REPRESENTATIVES HAVE BEEN ADVISED OF OR SHOULD HAVE BEEN AWARE OF THE POSSIBILITY OF ANY SUCH LOSSES ARISING.

12. Indemnification

12.1 To the maximum extent permitted by law, you agree to defend, indemnify and hold harmless Google, its affiliates and their respective directors, officers, employees and agents from and against any and all claims, actions, suits or proceedings, as well as any and all losses, liabilities, damages, costs and expenses (including reasonable attorneysâ€™ fees) arising out of or accruing from (a) your use of the SDK, (b) any application you develop on the SDK that infringes any Intellectual Property Rights of any person or defames any person or violates their rights of publicity or privacy, and (c) any non-compliance by you of the License Agreement.

13. Changes to the License Agreement

13.1 Google may make changes to the License Agreement as it distributes new versions of the SDK. When these changes are made, Google will make a new version of the License Agreement available on the website where the SDK is made available.

14. General Legal Terms

14.1 The License Agreement constitutes the whole legal agreement between you and Google and governs your use of the SDK (excluding any services which Google may provide to you under a separate written agreement), and completely replaces any prior agreements between you and Google in relation to the SDK.

14.2 You agree that if Google does not exercise or enforce any legal right or remedy which is contained in the License Agreement (or which Google has the benefit of under any applicable law), this will not be taken to be a formal waiver of Google's rights and that those rights or remedies will still be available to Google.

14.3 If any court of law, having the jurisdiction to decide on this matter, rules that any provision of the License Agreement is invalid, then that provision will be removed from the License Agreement without affecting the rest of the License Agreement. The remaining provisions of the License Agreement will continue to be valid and enforceable.

14.4 You acknowledge and agree that each member of the group of companies of which Google is the parent shall be third party beneficiaries to the License Agreement and that such other companies shall be entitled to directly enforce, and rely upon, any provision of the License Agreement that confers a benefit on (or rights in favor of) them. Other than this, no other person or company shall be third party beneficiaries to the License Agreement.

14.5 EXPORT RESTRICTIONS. THE SDK IS SUBJECT TO UNITED STATES EXPORT LAWS AND REGULATIONS. YOU MUST COMPLY WITH ALL DOMESTIC AND INTERNATIONAL EXPORT LAWS AND REGULATIONS THAT APPLY TO THE SDK. THESE LAWS INCLUDE RESTRICTIONS ON DESTINATIONS, END USERS AND END USE.

14.6 The License Agreement may not be assigned or transferred by you without the prior written approval of Google, and any attempted assignment without such approval will be void. You shall not delegate your responsibilities or obligations under the License Agreement without the prior written approval of Google.

14.7 The License Agreement, and your relationship with Google under the License Agreement, shall be governed by the laws of the State of California without regard to its conflict of laws provisions. You and Google agree to submit to the exclusive jurisdiction of the courts located within the county of Santa Clara, California to resolve any legal matter arising from the License Agreement. Notwithstanding this, you agree that Google shall still be allowed to apply for injunctive remedies (or an equivalent type of urgent legal relief) in any jurisdiction.

June 2014.
    
Do you accept the license 'android-sdk-license-5be876d5' [y/n]: y

Installing Archives:
  Preparing to install archives
  Downloading SDK Platform Android 5.0.1, API 21, revision 2
  Installing SDK Platform Android 5.0.1, API 21, revision 2
  Unzipping SDK Platform Android 5.0.1, API 21, revision 2 (22%)  Unzipping SDK Platform Android 5.0.1, API 21, revision 2 (23%)  Unzipping SDK Platform Android 5.0.1, API 21, revision 2 (24%)  Unzipping SDK Platform Android 5.0.1, API 21, revision 2 (25%)  Unzipping SDK Platform Android 5.0.1, API 21, revision 2 (26%)  Unzipping SDK Platform Android 5.0.1, API 21, revision 2 (28%)  Unzipping SDK Platform Android 5.0.1, API 21, revision 2 (29%)  Unzipping SDK Platform Android 5.0.1, API 21, revision 2 (30%)  Unzipping SDK Platform Android 5.0.1, API 21, revision 2 (31%)  Unzipping SDK Platform Android 5.0.1, API 21, revision 2 (33%)  Unzipping SDK Platform Android 5.0.1, API 21, revision 2 (34%)  Unzipping SDK Platform Android 5.0.1, API 21, revision 2 (35%)  Unzipping SDK Platform Android 5.0.1, API 21, revision 2 (38%)  Unzipping SDK Platform Android 5.0.1, API 21, revision 2 (39%)  Unzipping SDK Platform Android 5.0.1, API 21, revision 2 (40%)  Unzipping SDK Platform Android 5.0.1, API 21, revision 2 (41%)  Unzipping SDK Platform Android 5.0.1, API 21, revision 2 (54%)  Unzipping SDK Platform Android 5.0.1, API 21, revision 2 (55%)  Unzipping SDK Platform Android 5.0.1, API 21, revision 2 (71%)  Unzipping SDK Platform Android 5.0.1, API 21, revision 2 (72%)  Unzipping SDK Platform Android 5.0.1, API 21, revision 2 (73%)  Unzipping SDK Platform Android 5.0.1, API 21, revision 2 (74%)  Unzipping SDK Platform Android 5.0.1, API 21, revision 2 (75%)  Unzipping SDK Platform Android 5.0.1, API 21, revision 2 (76%)  Unzipping SDK Platform Android 5.0.1, API 21, revision 2 (77%)  Unzipping SDK Platform Android 5.0.1, API 21, revision 2 (78%)  Unzipping SDK Platform Android 5.0.1, API 21, revision 2 (79%)  Unzipping SDK Platform Android 5.0.1, API 21, revision 2 (80%)  Unzipping SDK Platform Android 5.0.1, API 21, revision 2 (81%)  Unzipping SDK Platform Android 5.0.1, API 21, revision 2 (82%)  Unzipping SDK Platform Android 5.0.1, API 21, revision 2 (83%)  Unzipping SDK Platform Android 5.0.1, API 21, revision 2 (84%)  Unzipping SDK Platform Android 5.0.1, API 21, revision 2 (85%)  Unzipping SDK Platform Android 5.0.1, API 21, revision 2 (86%)  Unzipping SDK Platform Android 5.0.1, API 21, revision 2 (87%)  Unzipping SDK Platform Android 5.0.1, API 21, revision 2 (88%)  Unzipping SDK Platform Android 5.0.1, API 21, revision 2 (89%)  Unzipping SDK Platform Android 5.0.1, API 21, revision 2 (90%)  Unzipping SDK Platform Android 5.0.1, API 21, revision 2 (91%)  Unzipping SDK Platform Android 5.0.1, API 21, revision 2 (92%)  Unzipping SDK Platform Android 5.0.1, API 21, revision 2 (93%)  Unzipping SDK Platform Android 5.0.1, API 21, revision 2 (94%)  Unzipping SDK Platform Android 5.0.1, API 21, revision 2 (95%)  Unzipping SDK Platform Android 5.0.1, API 21, revision 2 (96%)    Installed SDK Platform Android 5.0.1, API 21, revision 2
  Done. 1 package installed.
travis_time:end:00602030:start=1427761213315067365,finish=1427761220006636501,duration=6691569136[0Ktravis_fold:end:android.install[0K$ java -version
java version "1.7.0_76"
Java(TM) SE Runtime Environment (build 1.7.0_76-b13)
Java HotSpot(TM) 64-Bit Server VM (build 24.76-b04, mixed mode)
$ javac -version
javac 1.7.0_76
travis_time:start:1e442348[0K$ ./gradlew build connectedCheck
Downloading https://services.gradle.org/distributions/gradle-2.2.1-bin.zip
..................................................................................................................................................................................................................................................................................................................................................................................................................................................................................................................................................................................................................................................................................................................................................................................................................................................................................................................................................................................................................................................................................................................................................................................................................................................................................................................................................................................................................................................................................................................................................................................................................................................................................................................................................................................................................................................................................................................................................................................................................................................................................................................................................................
Unzipping /home/travis/.gradle/wrapper/dists/gradle-2.2.1-bin/88n1whbyjvxg3s40jzz5ur27/gradle-2.2.1-bin.zip to /home/travis/.gradle/wrapper/dists/gradle-2.2.1-bin/88n1whbyjvxg3s40jzz5ur27
Set executable permissions for: /home/travis/.gradle/wrapper/dists/gradle-2.2.1-bin/88n1whbyjvxg3s40jzz5ur27/gradle-2.2.1/bin/gradle
Download https://jcenter.bintray.com/com/android/tools/build/gradle/1.0.0/gradle-1.0.0.pom
Download https://jcenter.bintray.com/com/github/jcandksolutions/gradle/android-unit-test/2.1.1/android-unit-test-2.1.1.pom
Download https://jcenter.bintray.com/com/android/tools/build/builder/1.0.0/builder-1.0.0.pom
Download https://jcenter.bintray.com/com/android/tools/lint/lint/24.0.0/lint-24.0.0.pom
Download https://jcenter.bintray.com/net/sf/proguard/proguard-gradle/5.1/proguard-gradle-5.1.pom
Download https://jcenter.bintray.com/net/sf/proguard/proguard-parent/5.1/proguard-parent-5.1.pom
Download https://jcenter.bintray.com/com/android/tools/sdk-common/24.0.0/sdk-common-24.0.0.pom
Download https://jcenter.bintray.com/org/bouncycastle/bcprov-jdk15on/1.48/bcprov-jdk15on-1.48.pom
Download https://jcenter.bintray.com/com/squareup/javawriter/2.5.0/javawriter-2.5.0.pom
Download https://jcenter.bintray.com/org/sonatype/oss/oss-parent/7/oss-parent-7.pom
Download https://jcenter.bintray.com/com/android/tools/common/24.0.0/common-24.0.0.pom
Download https://jcenter.bintray.com/com/android/tools/build/builder-test-api/1.0.0/builder-test-api-1.0.0.pom
Download https://jcenter.bintray.com/com/android/tools/ddms/ddmlib/24.0.0/ddmlib-24.0.0.pom
Download https://jcenter.bintray.com/com/android/tools/build/manifest-merger/24.0.0/manifest-merger-24.0.0.pom
Download https://jcenter.bintray.com/com/android/tools/build/builder-model/1.0.0/builder-model-1.0.0.pom
Download https://jcenter.bintray.com/com/android/tools/sdklib/24.0.0/sdklib-24.0.0.pom
Download https://jcenter.bintray.com/org/bouncycastle/bcpkix-jdk15on/1.48/bcpkix-jdk15on-1.48.pom
Download https://jcenter.bintray.com/com/android/tools/lint/lint-checks/24.0.0/lint-checks-24.0.0.pom
Download https://jcenter.bintray.com/org/eclipse/jdt/core/compiler/ecj/4.2.2/ecj-4.2.2.pom
Download https://jcenter.bintray.com/net/sf/proguard/proguard-base/5.1/proguard-base-5.1.pom
Download https://jcenter.bintray.com/com/google/guava/guava/17.0/guava-17.0.pom
Download https://jcenter.bintray.com/com/google/guava/guava-parent/17.0/guava-parent-17.0.pom
Download https://jcenter.bintray.com/net/sf/kxml/kxml2/2.3.0/kxml2-2.3.0.pom
Download https://jcenter.bintray.com/com/android/tools/layoutlib/layoutlib-api/24.0.0/layoutlib-api-24.0.0.pom
Download https://jcenter.bintray.com/org/apache/httpcomponents/httpclient/4.1.1/httpclient-4.1.1.pom
Download https://jcenter.bintray.com/org/apache/httpcomponents/httpcomponents-client/4.1.1/httpcomponents-client-4.1.1.pom
Download https://jcenter.bintray.com/org/apache/httpcomponents/project/4.1.1/project-4.1.1.pom
Download https://jcenter.bintray.com/org/apache/httpcomponents/httpmime/4.1/httpmime-4.1.pom
Download https://jcenter.bintray.com/org/apache/httpcomponents/httpcomponents-client/4.1/httpcomponents-client-4.1.pom
Download https://jcenter.bintray.com/com/android/tools/dvlib/24.0.0/dvlib-24.0.0.pom
Download https://jcenter.bintray.com/org/apache/commons/commons-compress/1.8.1/commons-compress-1.8.1.pom
Download https://jcenter.bintray.com/org/apache/commons/commons-parent/33/commons-parent-33.pom
Download https://jcenter.bintray.com/org/apache/apache/13/apache-13.pom
Download https://jcenter.bintray.com/com/android/tools/lint/lint-api/24.0.0/lint-api-24.0.0.pom
Download https://jcenter.bintray.com/org/ow2/asm/asm-analysis/4.0/asm-analysis-4.0.pom
Download https://jcenter.bintray.com/org/ow2/asm/asm-parent/4.0/asm-parent-4.0.pom
Download https://jcenter.bintray.com/org/ow2/ow2/1.3/ow2-1.3.pom
Download https://jcenter.bintray.com/org/apache/httpcomponents/httpcore/4.1/httpcore-4.1.pom
Download https://jcenter.bintray.com/org/apache/httpcomponents/httpcomponents-core/4.1/httpcomponents-core-4.1.pom
Download https://jcenter.bintray.com/commons-logging/commons-logging/1.1.1/commons-logging-1.1.1.pom
Download https://jcenter.bintray.com/org/apache/commons/commons-parent/5/commons-parent-5.pom
Download https://jcenter.bintray.com/org/apache/apache/4/apache-4.pom
Download https://jcenter.bintray.com/commons-codec/commons-codec/1.4/commons-codec-1.4.pom
Download https://jcenter.bintray.com/org/apache/commons/commons-parent/11/commons-parent-11.pom
Download https://jcenter.bintray.com/org/ow2/asm/asm/4.0/asm-4.0.pom
Download https://jcenter.bintray.com/com/android/tools/external/lombok/lombok-ast/0.2.2/lombok-ast-0.2.2.pom
Download https://jcenter.bintray.com/org/ow2/asm/asm-tree/4.0/asm-tree-4.0.pom
Download https://jcenter.bintray.com/com/android/tools/build/gradle/1.0.0/gradle-1.0.0.jar
Download https://jcenter.bintray.com/com/github/jcandksolutions/gradle/android-unit-test/2.1.1/android-unit-test-2.1.1.jar
Download https://jcenter.bintray.com/com/android/tools/build/builder/1.0.0/builder-1.0.0.jar
Download https://jcenter.bintray.com/com/android/tools/lint/lint/24.0.0/lint-24.0.0.jar
Download https://jcenter.bintray.com/net/sf/proguard/proguard-gradle/5.1/proguard-gradle-5.1.jar
Download https://jcenter.bintray.com/com/android/tools/sdk-common/24.0.0/sdk-common-24.0.0.jar
Download https://jcenter.bintray.com/org/bouncycastle/bcprov-jdk15on/1.48/bcprov-jdk15on-1.48.jar
Download https://jcenter.bintray.com/com/squareup/javawriter/2.5.0/javawriter-2.5.0.jar
Download https://jcenter.bintray.com/com/android/tools/common/24.0.0/common-24.0.0.jar
Download https://jcenter.bintray.com/com/android/tools/build/builder-test-api/1.0.0/builder-test-api-1.0.0.jar
Download https://jcenter.bintray.com/com/android/tools/ddms/ddmlib/24.0.0/ddmlib-24.0.0.jar
Download https://jcenter.bintray.com/com/android/tools/build/manifest-merger/24.0.0/manifest-merger-24.0.0.jar
Download https://jcenter.bintray.com/com/android/tools/build/builder-model/1.0.0/builder-model-1.0.0.jar
Download https://jcenter.bintray.com/com/android/tools/sdklib/24.0.0/sdklib-24.0.0.jar
Download https://jcenter.bintray.com/org/bouncycastle/bcpkix-jdk15on/1.48/bcpkix-jdk15on-1.48.jar
Download https://jcenter.bintray.com/com/android/tools/lint/lint-checks/24.0.0/lint-checks-24.0.0.jar
Download https://jcenter.bintray.com/org/eclipse/jdt/core/compiler/ecj/4.2.2/ecj-4.2.2.jar
Download https://jcenter.bintray.com/net/sf/proguard/proguard-base/5.1/proguard-base-5.1.jar
Download https://jcenter.bintray.com/com/google/guava/guava/17.0/guava-17.0.jar
Download https://jcenter.bintray.com/net/sf/kxml/kxml2/2.3.0/kxml2-2.3.0.jar
Download https://jcenter.bintray.com/com/android/tools/layoutlib/layoutlib-api/24.0.0/layoutlib-api-24.0.0.jar
Download https://jcenter.bintray.com/org/apache/httpcomponents/httpclient/4.1.1/httpclient-4.1.1.jar
Download https://jcenter.bintray.com/org/apache/httpcomponents/httpmime/4.1/httpmime-4.1.jar
Download https://jcenter.bintray.com/com/android/tools/dvlib/24.0.0/dvlib-24.0.0.jar
Download https://jcenter.bintray.com/org/apache/commons/commons-compress/1.8.1/commons-compress-1.8.1.jar
Download https://jcenter.bintray.com/com/android/tools/lint/lint-api/24.0.0/lint-api-24.0.0.jar
Download https://jcenter.bintray.com/org/ow2/asm/asm-analysis/4.0/asm-analysis-4.0.jar
Download https://jcenter.bintray.com/org/apache/httpcomponents/httpcore/4.1/httpcore-4.1.jar
Download https://jcenter.bintray.com/commons-logging/commons-logging/1.1.1/commons-logging-1.1.1.jar
Download https://jcenter.bintray.com/commons-codec/commons-codec/1.4/commons-codec-1.4.jar
Download https://jcenter.bintray.com/org/ow2/asm/asm/4.0/asm-4.0.jar
Download https://jcenter.bintray.com/com/android/tools/external/lombok/lombok-ast/0.2.2/lombok-ast-0.2.2.jar
Download https://jcenter.bintray.com/org/ow2/asm/asm-tree/4.0/asm-tree-4.0.jar
Download https://jcenter.bintray.com/commons-cli/commons-cli/1.2/commons-cli-1.2.pom
Download https://jcenter.bintray.com/com/google/code/findbugs/jsr305/2.0.1/jsr305-2.0.1.pom
Download https://jcenter.bintray.com/commons-cli/commons-cli/1.2/commons-cli-1.2.jar
Download https://jcenter.bintray.com/com/google/code/findbugs/jsr305/2.0.1/jsr305-2.0.1.jar
Download https://jcenter.bintray.com/org/robolectric/robolectric/2.4/robolectric-2.4.pom
Download https://jcenter.bintray.com/org/robolectric/robolectric-parent/2.4/robolectric-parent-2.4.pom
Download https://jcenter.bintray.com/org/robolectric/robolectric-annotations/2.4/robolectric-annotations-2.4.pom
Download https://jcenter.bintray.com/org/objenesis/objenesis/1.3/objenesis-1.3.pom
Download https://jcenter.bintray.com/org/objenesis/objenesis-parent/1.3/objenesis-parent-1.3.pom
Download https://jcenter.bintray.com/com/almworks/sqlite4java/sqlite4java/0.282/sqlite4java-0.282.pom
Download https://jcenter.bintray.com/org/sonatype/oss/oss-parent/4/oss-parent-4.pom
Download https://jcenter.bintray.com/org/ow2/asm/asm/5.0.1/asm-5.0.1.pom
Download https://jcenter.bintray.com/org/ow2/asm/asm-parent/5.0.1/asm-parent-5.0.1.pom
Download https://jcenter.bintray.com/org/ow2/asm/asm-commons/5.0.1/asm-commons-5.0.1.pom
Download https://jcenter.bintray.com/org/ow2/asm/asm-util/5.0.1/asm-util-5.0.1.pom
Download https://jcenter.bintray.com/org/ow2/asm/asm-analysis/5.0.1/asm-analysis-5.0.1.pom
Download https://jcenter.bintray.com/commons-codec/commons-codec/1.3/commons-codec-1.3.pom
Download https://jcenter.bintray.com/com/ximpleware/vtd-xml/2.11/vtd-xml-2.11.pom
Download https://jcenter.bintray.com/org/apache/maven/maven-ant-tasks/2.1.3/maven-ant-tasks-2.1.3.pom
Download https://jcenter.bintray.com/org/apache/maven/maven-parent/19/maven-parent-19.pom
Download https://jcenter.bintray.com/org/apache/apache/9/apache-9.pom
Download https://jcenter.bintray.com/org/apache/ant/ant/1.8.0/ant-1.8.0.pom
Download https://jcenter.bintray.com/org/apache/ant/ant-parent/1.8.0/ant-parent-1.8.0.pom
Download https://jcenter.bintray.com/org/ow2/asm/asm-tree/5.0.1/asm-tree-5.0.1.pom
Download https://jcenter.bintray.com/org/apache/ant/ant-launcher/1.8.0/ant-launcher-1.8.0.pom
Download https://jcenter.bintray.com/org/robolectric/robolectric/2.4/robolectric-2.4-sources.jar
Download https://jcenter.bintray.com/org/robolectric/robolectric-annotations/2.4/robolectric-annotations-2.4.jar
Download https://jcenter.bintray.com/org/objenesis/objenesis/1.3/objenesis-1.3.jar
Download https://jcenter.bintray.com/com/almworks/sqlite4java/sqlite4java/0.282/sqlite4java-0.282.jar
Download https://jcenter.bintray.com/org/ow2/asm/asm/5.0.1/asm-5.0.1.jar
Download https://jcenter.bintray.com/org/ow2/asm/asm-commons/5.0.1/asm-commons-5.0.1.jar
Download https://jcenter.bintray.com/org/ow2/asm/asm-util/5.0.1/asm-util-5.0.1.jar
Download https://jcenter.bintray.com/org/ow2/asm/asm-analysis/5.0.1/asm-analysis-5.0.1.jar
Download https://jcenter.bintray.com/commons-codec/commons-codec/1.3/commons-codec-1.3.jar
Download https://jcenter.bintray.com/com/ximpleware/vtd-xml/2.11/vtd-xml-2.11.jar
Download https://jcenter.bintray.com/org/apache/maven/maven-ant-tasks/2.1.3/maven-ant-tasks-2.1.3.jar
Download https://jcenter.bintray.com/org/apache/ant/ant/1.8.0/ant-1.8.0.jar
Download https://jcenter.bintray.com/org/ow2/asm/asm-tree/5.0.1/asm-tree-5.0.1.jar
Download https://jcenter.bintray.com/org/apache/ant/ant-launcher/1.8.0/ant-launcher-1.8.0.jar
Download https://jcenter.bintray.com/commons-cli/commons-cli/1.2/commons-cli-1.2-sources.jar
Download https://jcenter.bintray.com/org/powermock/powermock-module-junit4/1.6.1/powermock-module-junit4-1.6.1.pom
Download https://jcenter.bintray.com/org/powermock/powermock-modules/1.6.1/powermock-modules-1.6.1.pom
Download https://jcenter.bintray.com/org/powermock/powermock/1.6.1/powermock-1.6.1.pom
Download https://jcenter.bintray.com/org/sonatype/oss/oss-parent/5/oss-parent-5.pom
Download https://jcenter.bintray.com/junit/junit/4.12/junit-4.12.pom
Download https://jcenter.bintray.com/org/powermock/powermock-module-junit4-common/1.6.1/powermock-module-junit4-common-1.6.1.pom
Download https://jcenter.bintray.com/org/hamcrest/hamcrest-core/1.3/hamcrest-core-1.3.pom
Download https://jcenter.bintray.com/org/hamcrest/hamcrest-parent/1.3/hamcrest-parent-1.3.pom
Download https://jcenter.bintray.com/org/powermock/powermock-core/1.6.1/powermock-core-1.6.1.pom
Download https://jcenter.bintray.com/org/powermock/powermock-reflect/1.6.1/powermock-reflect-1.6.1.pom
Download https://jcenter.bintray.com/org/javassist/javassist/3.18.2-GA/javassist-3.18.2-GA.pom
Download https://jcenter.bintray.com/org/objenesis/objenesis/2.1/objenesis-2.1.pom
Download https://jcenter.bintray.com/org/objenesis/objenesis-parent/2.1/objenesis-parent-2.1.pom
Download https://jcenter.bintray.com/org/powermock/powermock-module-junit4/1.6.1/powermock-module-junit4-1.6.1-sources.jar
Download https://jcenter.bintray.com/junit/junit/4.12/junit-4.12.jar
Download https://jcenter.bintray.com/org/powermock/powermock-module-junit4-common/1.6.1/powermock-module-junit4-common-1.6.1.jar
Download https://jcenter.bintray.com/org/hamcrest/hamcrest-core/1.3/hamcrest-core-1.3.jar
Download https://jcenter.bintray.com/org/powermock/powermock-core/1.6.1/powermock-core-1.6.1.jar
Download https://jcenter.bintray.com/org/powermock/powermock-reflect/1.6.1/powermock-reflect-1.6.1.jar
Download https://jcenter.bintray.com/org/javassist/javassist/3.18.2-GA/javassist-3.18.2-GA.jar
Download https://jcenter.bintray.com/org/objenesis/objenesis/2.1/objenesis-2.1.jar
Download https://jcenter.bintray.com/junit/junit/4.12/junit-4.12-sources.jar
Download https://jcenter.bintray.com/org/powermock/powermock-api-mockito/1.6.1/powermock-api-mockito-1.6.1.pom
Download https://jcenter.bintray.com/org/powermock/powermock-api/1.6.1/powermock-api-1.6.1.pom
Download https://jcenter.bintray.com/org/mockito/mockito-all/1.10.8/mockito-all-1.10.8.pom
Download https://jcenter.bintray.com/org/powermock/powermock-api-support/1.6.1/powermock-api-support-1.6.1.pom
Download https://jcenter.bintray.com/org/powermock/powermock-api-mockito/1.6.1/powermock-api-mockito-1.6.1-sources.jar
Download https://jcenter.bintray.com/org/mockito/mockito-all/1.10.8/mockito-all-1.10.8.jar
Download https://jcenter.bintray.com/org/powermock/powermock-api-support/1.6.1/powermock-api-support-1.6.1.jar
Download https://jcenter.bintray.com/com/squareup/okhttp/okhttp/2.2.0/okhttp-2.2.0.pom
Download https://jcenter.bintray.com/com/squareup/okhttp/parent/2.2.0/parent-2.2.0.pom
Download https://jcenter.bintray.com/com/squareup/okio/okio/1.2.0/okio-1.2.0.pom
Download https://jcenter.bintray.com/com/squareup/okio/okio-parent/1.2.0/okio-parent-1.2.0.pom
Download https://jcenter.bintray.com/com/squareup/okio/okio/1.2.0/okio-1.2.0.jar
Download https://jcenter.bintray.com/com/squareup/okhttp/okhttp/2.2.0/okhttp-2.2.0.jar
Download https://jcenter.bintray.com/com/squareup/okhttp/okhttp/2.2.0/okhttp-2.2.0-sources.jar
Download https://jcenter.bintray.com/com/squareup/okhttp/mockwebserver/2.2.0/mockwebserver-2.2.0.pom
Download https://jcenter.bintray.com/org/bouncycastle/bcprov-jdk15on/1.50/bcprov-jdk15on-1.50.pom
Download https://jcenter.bintray.com/com/squareup/okhttp/mockwebserver/2.2.0/mockwebserver-2.2.0-sources.jar
Download https://jcenter.bintray.com/org/bouncycastle/bcprov-jdk15on/1.50/bcprov-jdk15on-1.50.jar
Download https://jcenter.bintray.com/org/powermock/powermock-module-junit4-rule/1.6.1/powermock-module-junit4-rule-1.6.1.pom
Download https://jcenter.bintray.com/org/powermock/powermock-classloading-base/1.6.1/powermock-classloading-base-1.6.1.pom
Download https://jcenter.bintray.com/org/powermock/powermock-module-junit4-rule/1.6.1/powermock-module-junit4-rule-1.6.1-sources.jar
Download https://jcenter.bintray.com/org/powermock/powermock-classloading-base/1.6.1/powermock-classloading-base-1.6.1.jar
Download https://jcenter.bintray.com/org/powermock/powermock-classloading-xstream/1.6.1/powermock-classloading-xstream-1.6.1.pom
Download https://jcenter.bintray.com/org/powermock/powermock-classloading-module/1.6.1/powermock-classloading-module-1.6.1.pom
Download https://jcenter.bintray.com/com/thoughtworks/xstream/xstream/1.4.2/xstream-1.4.2.pom
Download https://jcenter.bintray.com/com/thoughtworks/xstream/xstream-parent/1.4.2/xstream-parent-1.4.2.pom
Download https://jcenter.bintray.com/org/codehaus/codehaus-parent/3/codehaus-parent-3.pom
Download https://jcenter.bintray.com/xmlpull/xmlpull/1.1.3.1/xmlpull-1.1.3.1.pom
Download https://jcenter.bintray.com/xpp3/xpp3_min/1.1.4c/xpp3_min-1.1.4c.pom
Download https://jcenter.bintray.com/org/powermock/powermock-classloading-xstream/1.6.1/powermock-classloading-xstream-1.6.1-sources.jar
Download https://jcenter.bintray.com/com/thoughtworks/xstream/xstream/1.4.2/xstream-1.4.2.jar
Download https://jcenter.bintray.com/xmlpull/xmlpull/1.1.3.1/xmlpull-1.1.3.1.jar
Download https://jcenter.bintray.com/xpp3/xpp3_min/1.1.4c/xpp3_min-1.1.4c.jar
:stetho:androidJavadoc/home/travis/build/facebook/stetho/stetho/src/main/java/com/facebook/stetho/dumpapp/DumperContext.java:14: error: package javax.annotation.concurrent does not exist
import javax.annotation.concurrent.Immutable;
                                  ^
/home/travis/build/facebook/stetho/stetho/src/main/java/com/facebook/stetho/dumpapp/DumperContext.java:22: error: package org.apache.commons.cli does not exist
import org.apache.commons.cli.CommandLineParser;
                             ^
/home/travis/build/facebook/stetho/stetho/src/main/java/com/facebook/stetho/dumpapp/DumperContext.java:24: error: cannot find symbol
@Immutable
 ^
  symbol: class Immutable
/home/travis/build/facebook/stetho/stetho/src/main/java/com/facebook/stetho/dumpapp/DumpException.java:14: error: package org.apache.commons.cli does not exist
import org.apache.commons.cli.ParseException;
                             ^
/home/travis/build/facebook/stetho/stetho/src/main/java/com/facebook/stetho/dumpapp/DumperContext.java:29: error: cannot find symbol
  private final CommandLineParser mParser;
                ^
  symbol:   class CommandLineParser
  location: class DumperContext
/home/travis/build/facebook/stetho/stetho/src/main/java/com/facebook/stetho/dumpapp/DumperContext.java:51: error: cannot find symbol
      CommandLineParser parser,
      ^
  symbol:   class CommandLineParser
  location: class DumperContext
/home/travis/build/facebook/stetho/stetho/src/main/java/com/facebook/stetho/dumpapp/DumperContext.java:82: error: cannot find symbol
  public CommandLineParser getParser() {
         ^
  symbol:   class CommandLineParser
  location: class DumperContext
/home/travis/build/facebook/stetho/stetho/src/main/java/com/facebook/stetho/Stetho.java:17: error: cannot find symbol
import javax.annotation.Nullable;
                       ^
  symbol:   class Nullable
  location: package javax.annotation
/home/travis/build/facebook/stetho/stetho/src/main/java/com/facebook/stetho/common/ProcessUtil.java:12: error: cannot find symbol
import javax.annotation.Nullable;
                       ^
  symbol:   class Nullable
  location: package javax.annotation
/home/travis/build/facebook/stetho/stetho/src/main/java/com/facebook/stetho/dumpapp/Dumper.java:23: error: package org.apache.commons.cli does not exist
import org.apache.commons.cli.CommandLine;
                             ^
/home/travis/build/facebook/stetho/stetho/src/main/java/com/facebook/stetho/dumpapp/Dumper.java:24: error: package org.apache.commons.cli does not exist
import org.apache.commons.cli.CommandLineParser;
                             ^
/home/travis/build/facebook/stetho/stetho/src/main/java/com/facebook/stetho/dumpapp/Dumper.java:25: error: package org.apache.commons.cli does not exist
import org.apache.commons.cli.GnuParser;
                             ^
/home/travis/build/facebook/stetho/stetho/src/main/java/com/facebook/stetho/dumpapp/Dumper.java:26: error: package org.apache.commons.cli does not exist
import org.apache.commons.cli.HelpFormatter;
                             ^
/home/travis/build/facebook/stetho/stetho/src/main/java/com/facebook/stetho/dumpapp/Dumper.java:27: error: package org.apache.commons.cli does not exist
import org.apache.commons.cli.ParseException;
                             ^
/home/travis/build/facebook/stetho/stetho/src/main/java/com/facebook/stetho/dumpapp/Dumper.java:35: error: cannot find symbol
  private final CommandLineParser mParser;
                ^
  symbol:   class CommandLineParser
  location: class Dumper
/home/travis/build/facebook/stetho/stetho/src/main/java/com/facebook/stetho/dumpapp/GlobalOptions.java:14: error: package org.apache.commons.cli does not exist
import org.apache.commons.cli.Option;
                             ^
/home/travis/build/facebook/stetho/stetho/src/main/java/com/facebook/stetho/dumpapp/GlobalOptions.java:15: error: package org.apache.commons.cli does not exist
import org.apache.commons.cli.Options;
                             ^
/home/travis/build/facebook/stetho/stetho/src/main/java/com/facebook/stetho/dumpapp/Dumper.java:44: error: cannot find symbol
      CommandLineParser parser) {
      ^
  symbol:   class CommandLineParser
  location: class Dumper
/home/travis/build/facebook/stetho/stetho/src/main/java/com/facebook/stetho/dumpapp/Dumper.java:94: error: cannot find symbol
      throws ParseException, DumpException {
             ^
  symbol:   class ParseException
  location: class Dumper
/home/travis/build/facebook/stetho/stetho/src/main/java/com/facebook/stetho/dumpapp/Dumper.java:129: error: cannot find symbol
      CommandLine parsedArgs) throws DumpException {
      ^
  symbol:   class CommandLine
  location: class Dumper
/home/travis/build/facebook/stetho/stetho/src/main/java/com/facebook/stetho/dumpapp/GlobalOptions.java:18: error: cannot find symbol
  public final Option optionHelp = new Option("h", "help", false, "Print this help");
               ^
  symbol:   class Option
  location: class GlobalOptions
/home/travis/build/facebook/stetho/stetho/src/main/java/com/facebook/stetho/dumpapp/GlobalOptions.java:19: error: cannot find symbol
  public final Option optionListPlugins = new Option("l", "list", false, "List available plugins");
               ^
  symbol:   class Option
  location: class GlobalOptions
/home/travis/build/facebook/stetho/stetho/src/main/java/com/facebook/stetho/dumpapp/GlobalOptions.java:26: error: cannot find symbol
  public final Option optionProcess = new Option("p", "process", true, "Specify target process");
               ^
  symbol:   class Option
  location: class GlobalOptions
/home/travis/build/facebook/stetho/stetho/src/main/java/com/facebook/stetho/dumpapp/GlobalOptions.java:28: error: cannot find symbol
  public final Options options;
               ^
  symbol:   class Options
  location: class GlobalOptions
/home/travis/build/facebook/stetho/stetho/src/main/java/com/facebook/stetho/dumpapp/plugins/CrashDumperPlugin.java:28: error: cannot find symbol
import javax.annotation.Nullable;
                       ^
  symbol:   class Nullable
  location: package javax.annotation
/home/travis/build/facebook/stetho/stetho/src/main/java/com/facebook/stetho/dumpapp/plugins/SharedPreferencesDumperPlugin.java:23: error: cannot find symbol
import javax.annotation.Nonnull;
                       ^
  symbol:   class Nonnull
  location: package javax.annotation
/home/travis/build/facebook/stetho/stetho/src/main/java/com/facebook/stetho/dumpapp/plugins/SharedPreferencesDumperPlugin.java:24: error: cannot find symbol
import javax.annotation.Nullable;
                       ^
  symbol:   class Nullable
  location: package javax.annotation
/home/travis/build/facebook/stetho/stetho/src/main/java/com/facebook/stetho/json/ObjectMapper.java:12: error: cannot find symbol
import javax.annotation.Nullable;
                       ^
  symbol:   class Nullable
  location: package javax.annotation
/home/travis/build/facebook/stetho/stetho/src/main/java/com/facebook/stetho/inspector/MethodDispatcher.java:14: error: cannot find symbol
import javax.annotation.Nullable;
                       ^
  symbol:   class Nullable
  location: package javax.annotation
/home/travis/build/facebook/stetho/stetho/src/main/java/com/facebook/stetho/inspector/MethodDispatcher.java:15: error: package javax.annotation.concurrent does not exist
import javax.annotation.concurrent.GuardedBy;
                                  ^
/home/travis/build/facebook/stetho/stetho/src/main/java/com/facebook/stetho/inspector/MethodDispatcher.java:16: error: package javax.annotation.concurrent does not exist
import javax.annotation.concurrent.ThreadSafe;
                                  ^
/home/travis/build/facebook/stetho/stetho/src/main/java/com/facebook/stetho/inspector/MethodDispatcher.java:38: error: cannot find symbol
@ThreadSafe
 ^
  symbol: class ThreadSafe
/home/travis/build/facebook/stetho/stetho/src/main/java/com/facebook/stetho/inspector/jsonrpc/JsonRpcPeer.java:14: error: cannot find symbol
import javax.annotation.Nullable;
                       ^
  symbol:   class Nullable
  location: package javax.annotation
/home/travis/build/facebook/stetho/stetho/src/main/java/com/facebook/stetho/inspector/jsonrpc/JsonRpcPeer.java:15: error: package javax.annotation.concurrent does not exist
import javax.annotation.concurrent.GuardedBy;
                                  ^
/home/travis/build/facebook/stetho/stetho/src/main/java/com/facebook/stetho/inspector/jsonrpc/JsonRpcPeer.java:16: error: package javax.annotation.concurrent does not exist
import javax.annotation.concurrent.ThreadSafe;
                                  ^
/home/travis/build/facebook/stetho/stetho/src/main/java/com/facebook/stetho/inspector/jsonrpc/JsonRpcPeer.java:31: error: cannot find symbol
@ThreadSafe
 ^
  symbol: class ThreadSafe
/home/travis/build/facebook/stetho/stetho/src/main/java/com/facebook/stetho/inspector/jsonrpc/PendingRequest.java:14: error: cannot find symbol
import javax.annotation.Nullable;
                       ^
  symbol:   class Nullable
  location: package javax.annotation
/home/travis/build/facebook/stetho/stetho/src/main/java/com/facebook/stetho/inspector/jsonrpc/protocol/JsonRpcError.java:14: error: cannot find symbol
import javax.annotation.Nullable;
                       ^
  symbol:   class Nullable
  location: package javax.annotation
/home/travis/build/facebook/stetho/stetho/src/main/java/com/facebook/stetho/inspector/ChromeDiscoveryHandler.java:12: error: cannot find symbol
import javax.annotation.Nullable;
                       ^
  symbol:   class Nullable
  location: package javax.annotation
/home/travis/build/facebook/stetho/stetho/src/main/java/com/facebook/stetho/inspector/helper/ChromePeerManager.java:14: error: cannot find symbol
import javax.annotation.Nullable;
                       ^
  symbol:   class Nullable
  location: package javax.annotation
/home/travis/build/facebook/stetho/stetho/src/main/java/com/facebook/stetho/inspector/helper/ChromePeerManager.java:15: error: package javax.annotation.concurrent does not exist
import javax.annotation.concurrent.GuardedBy;
                                  ^
/home/travis/build/facebook/stetho/stetho/src/main/java/com/facebook/stetho/inspector/database/DatabasePeerManager.java:17: error: package javax.annotation.concurrent does not exist
import javax.annotation.concurrent.ThreadSafe;
                                  ^
/home/travis/build/facebook/stetho/stetho/src/main/java/com/facebook/stetho/inspector/database/DatabasePeerManager.java:37: error: cannot find symbol
@ThreadSafe
 ^
  symbol: class ThreadSafe
/home/travis/build/facebook/stetho/stetho/src/main/java/com/facebook/stetho/inspector/domstorage/SharedPreferencesHelper.java:16: error: cannot find symbol
import javax.annotation.Nullable;
                       ^
  symbol:   class Nullable
  location: package javax.annotation
/home/travis/build/facebook/stetho/stetho/src/main/java/com/facebook/stetho/inspector/jsonrpc/protocol/JsonRpcEvent.java:14: error: cannot find symbol
import javax.annotation.Nullable;
                       ^
  symbol:   class Nullable
  location: package javax.annotation
/home/travis/build/facebook/stetho/stetho/src/main/java/com/facebook/stetho/inspector/network/DecompressionHelper.java:15: error: cannot find symbol
import javax.annotation.Nullable;
                       ^
  symbol:   class Nullable
  location: package javax.annotation
/home/travis/build/facebook/stetho/stetho/src/main/java/com/facebook/stetho/inspector/network/NetworkPeerManager.java:14: error: cannot find symbol
import javax.annotation.Nullable;
                       ^
  symbol:   class Nullable
  location: package javax.annotation
/home/travis/build/facebook/stetho/stetho/src/main/java/com/facebook/stetho/inspector/network/NetworkEventReporter.java:14: error: cannot find symbol
import javax.annotation.Nullable;
                       ^
  symbol:   class Nullable
  location: package javax.annotation
/home/travis/build/facebook/stetho/stetho/src/main/java/com/facebook/stetho/inspector/network/MimeMatcher.java:14: error: cannot find symbol
import javax.annotation.Nullable;
                       ^
  symbol:   class Nullable
  location: package javax.annotation
/home/travis/build/facebook/stetho/stetho/src/main/java/com/facebook/stetho/inspector/network/NetworkEventReporterImpl.java:24: error: cannot find symbol
import javax.annotation.Nonnull;
                       ^
  symbol:   class Nonnull
  location: package javax.annotation
/home/travis/build/facebook/stetho/stetho/src/main/java/com/facebook/stetho/inspector/network/NetworkEventReporterImpl.java:25: error: cannot find symbol
import javax.annotation.Nullable;
                       ^
  symbol:   class Nullable
  location: package javax.annotation
/home/travis/build/facebook/stetho/stetho/src/main/java/com/facebook/stetho/inspector/network/ResponseHandlingInputStream.java:18: error: cannot find symbol
import javax.annotation.Nonnull;
                       ^
  symbol:   class Nonnull
  location: package javax.annotation
/home/travis/build/facebook/stetho/stetho/src/main/java/com/facebook/stetho/inspector/network/ResponseHandlingInputStream.java:19: error: cannot find symbol
import javax.annotation.Nullable;
                       ^
  symbol:   class Nullable
  location: package javax.annotation
/home/travis/build/facebook/stetho/stetho/src/main/java/com/facebook/stetho/inspector/network/ResponseHandlingInputStream.java:20: error: package javax.annotation.concurrent does not exist
import javax.annotation.concurrent.GuardedBy;
                                  ^
/home/travis/build/facebook/stetho/stetho/src/main/java/com/facebook/stetho/server/LocalSocketHttpServer.java:30: error: cannot find symbol
import javax.annotation.Nonnull;
                       ^
  symbol:   class Nonnull
  location: package javax.annotation
/home/travis/build/facebook/stetho/stetho/src/main/java/com/facebook/stetho/websocket/CompositeInputStream.java:14: error: package javax.annotation.concurrent does not exist
import javax.annotation.concurrent.NotThreadSafe;
                                  ^
/home/travis/build/facebook/stetho/stetho/src/main/java/com/facebook/stetho/websocket/CompositeInputStream.java:21: error: cannot find symbol
@NotThreadSafe
 ^
  symbol: class NotThreadSafe
/home/travis/build/facebook/stetho/stetho/src/main/java/com/facebook/stetho/websocket/ReadHandler.java:14: error: cannot find symbol
import javax.annotation.Nullable;
                       ^
  symbol:   class Nullable
  location: package javax.annotation
/home/travis/build/facebook/stetho/stetho/src/main/java/com/facebook/stetho/websocket/WebSocketHandler.java:14: error: cannot find symbol
import javax.annotation.Nullable;
                       ^
  symbol:   class Nullable
  location: package javax.annotation
/home/travis/build/facebook/stetho/stetho/src/main/java/com/facebook/stetho/websocket/WriteHandler.java:14: error: package javax.annotation.concurrent does not exist
import javax.annotation.concurrent.ThreadSafe;
                                  ^
/home/travis/build/facebook/stetho/stetho/src/main/java/com/facebook/stetho/websocket/WriteHandler.java:20: error: cannot find symbol
@ThreadSafe
 ^
  symbol: class ThreadSafe
/home/travis/build/facebook/stetho/stetho/src/main/java/com/facebook/stetho/Stetho.java:215: error: cannot find symbol
    @Nullable DumperPluginsProvider mDumperPlugins;
     ^
  symbol:   class Nullable
  location: class InitializerBuilder
/home/travis/build/facebook/stetho/stetho/src/main/java/com/facebook/stetho/Stetho.java:216: error: cannot find symbol
    @Nullable InspectorModulesProvider mInspectorModules;
     ^
  symbol:   class Nullable
  location: class InitializerBuilder
/home/travis/build/facebook/stetho/stetho/src/main/java/com/facebook/stetho/Stetho.java:184: error: cannot find symbol
    @Nullable
     ^
  symbol:   class Nullable
  location: class Initializer
/home/travis/build/facebook/stetho/stetho/src/main/java/com/facebook/stetho/Stetho.java:187: error: cannot find symbol
    @Nullable
     ^
  symbol:   class Nullable
  location: class Initializer
/home/travis/build/facebook/stetho/stetho/src/main/java/com/facebook/stetho/Stetho.java:251: error: cannot find symbol
    @Nullable private final DumperPluginsProvider mDumperPlugins;
     ^
  symbol:   class Nullable
  location: class BuilderBasedInitializer
/home/travis/build/facebook/stetho/stetho/src/main/java/com/facebook/stetho/Stetho.java:252: error: cannot find symbol
    @Nullable private final InspectorModulesProvider mInspectorModules;
     ^
  symbol:   class Nullable
  location: class BuilderBasedInitializer
/home/travis/build/facebook/stetho/stetho/src/main/java/com/facebook/stetho/Stetho.java:260: error: cannot find symbol
    @Nullable
     ^
  symbol:   class Nullable
  location: class BuilderBasedInitializer
/home/travis/build/facebook/stetho/stetho/src/main/java/com/facebook/stetho/Stetho.java:266: error: cannot find symbol
    @Nullable
     ^
  symbol:   class Nullable
  location: class BuilderBasedInitializer
/home/travis/build/facebook/stetho/stetho/src/main/java/com/facebook/stetho/common/ProcessUtil.java:33: error: cannot find symbol
  @Nullable
   ^
  symbol:   class Nullable
  location: class ProcessUtil
/home/travis/build/facebook/stetho/stetho/src/main/java/com/facebook/stetho/dumpapp/plugins/CrashDumperPlugin.java:149: error: cannot find symbol
  @Nullable
   ^
  symbol:   class Nullable
  location: class CrashDumperPlugin
/home/travis/build/facebook/stetho/stetho/src/main/java/com/facebook/stetho/dumpapp/plugins/SharedPreferencesDumperPlugin.java:107: error: cannot find symbol
  @Nonnull
   ^
  symbol:   class Nonnull
  location: class SharedPreferencesDumperPlugin
/home/travis/build/facebook/stetho/stetho/src/main/java/com/facebook/stetho/dumpapp/plugins/SharedPreferencesDumperPlugin.java:116: error: cannot find symbol
  @Nonnull
   ^
  symbol:   class Nonnull
  location: class SharedPreferencesDumperPlugin
/home/travis/build/facebook/stetho/stetho/src/main/java/com/facebook/stetho/dumpapp/plugins/SharedPreferencesDumperPlugin.java:219: error: cannot find symbol
    public static @Nullable Type of(String name) {
                   ^
  symbol:   class Nullable
  location: class Type
/home/travis/build/facebook/stetho/stetho/src/main/java/com/facebook/stetho/json/ObjectMapper.java:295: error: cannot find symbol
  @Nullable
   ^
  symbol:   class Nullable
  location: class ObjectMapper
/home/travis/build/facebook/stetho/stetho/src/main/java/com/facebook/stetho/inspector/MethodDispatcher.java:40: error: cannot find symbol
  @GuardedBy("this")
   ^
  symbol:   class GuardedBy
  location: class MethodDispatcher
/home/travis/build/facebook/stetho/stetho/src/main/java/com/facebook/stetho/inspector/MethodDispatcher.java:60: error: cannot find symbol
  public JSONObject dispatch(JsonRpcPeer peer, String methodName, @Nullable JSONObject params)
                                                                   ^
  symbol:   class Nullable
  location: class MethodDispatcher
/home/travis/build/facebook/stetho/stetho/src/main/java/com/facebook/stetho/inspector/jsonrpc/JsonRpcPeer.java:36: error: cannot find symbol
  @GuardedBy("this")
   ^
  symbol:   class GuardedBy
  location: class JsonRpcPeer
/home/travis/build/facebook/stetho/stetho/src/main/java/com/facebook/stetho/inspector/jsonrpc/JsonRpcPeer.java:39: error: cannot find symbol
  @GuardedBy("this")
   ^
  symbol:   class GuardedBy
  location: class JsonRpcPeer
/home/travis/build/facebook/stetho/stetho/src/main/java/com/facebook/stetho/inspector/jsonrpc/JsonRpcPeer.java:55: error: cannot find symbol
      @Nullable PendingRequestCallback callback)
       ^
  symbol:   class Nullable
  location: class JsonRpcPeer
/home/travis/build/facebook/stetho/stetho/src/main/java/com/facebook/stetho/inspector/MethodDispatcher.java:96: error: cannot find symbol
    public JSONObject invoke(JsonRpcPeer peer, @Nullable JSONObject params)
                                                ^
  symbol:   class Nullable
  location: class MethodDispatchHelper
/home/travis/build/facebook/stetho/stetho/src/main/java/com/facebook/stetho/inspector/jsonrpc/PendingRequest.java:24: error: cannot find symbol
  public final @Nullable PendingRequestCallback callback;
                ^
  symbol:   class Nullable
  location: class PendingRequest
/home/travis/build/facebook/stetho/stetho/src/main/java/com/facebook/stetho/inspector/jsonrpc/PendingRequest.java:26: error: cannot find symbol
  public PendingRequest(long requestId, @Nullable PendingRequestCallback callback) {
                                         ^
  symbol:   class Nullable
  location: class PendingRequest
/home/travis/build/facebook/stetho/stetho/src/main/java/com/facebook/stetho/inspector/jsonrpc/protocol/JsonRpcError.java:36: error: cannot find symbol
  public JsonRpcError(ErrorCode code, String message, @Nullable JSONObject data) {
                                                       ^
  symbol:   class Nullable
  location: class JsonRpcError
/home/travis/build/facebook/stetho/stetho/src/main/java/com/facebook/stetho/inspector/ChromeDiscoveryHandler.java:68: error: cannot find symbol
  @Nullable private StringEntity mVersionResponse;
   ^
  symbol:   class Nullable
  location: class ChromeDiscoveryHandler
/home/travis/build/facebook/stetho/stetho/src/main/java/com/facebook/stetho/inspector/ChromeDiscoveryHandler.java:69: error: cannot find symbol
  @Nullable private StringEntity mPageListResponse;
   ^
  symbol:   class Nullable
  location: class ChromeDiscoveryHandler
/home/travis/build/facebook/stetho/stetho/src/main/java/com/facebook/stetho/inspector/helper/ChromePeerManager.java:42: error: cannot find symbol
  @GuardedBy("this")
   ^
  symbol:   class GuardedBy
  location: class ChromePeerManager
/home/travis/build/facebook/stetho/stetho/src/main/java/com/facebook/stetho/inspector/helper/ChromePeerManager.java:46: error: cannot find symbol
  @GuardedBy("this")
   ^
  symbol:   class GuardedBy
  location: class ChromePeerManager
/home/travis/build/facebook/stetho/stetho/src/main/java/com/facebook/stetho/inspector/helper/ChromePeerManager.java:118: error: cannot find symbol
      @Nullable PendingRequestCallback callback) {
       ^
  symbol:   class Nullable
  location: class ChromePeerManager
/home/travis/build/facebook/stetho/stetho/src/main/java/com/facebook/stetho/inspector/domstorage/SharedPreferencesHelper.java:62: error: cannot find symbol
  @Nullable
   ^
  symbol:   class Nullable
  location: class SharedPreferencesHelper
/home/travis/build/facebook/stetho/stetho/src/main/java/com/facebook/stetho/inspector/jsonrpc/protocol/JsonRpcEvent.java:32: error: cannot find symbol
  public JsonRpcEvent(String method, @Nullable JSONObject params) {
                                      ^
  symbol:   class Nullable
  location: class JsonRpcEvent
/home/travis/build/facebook/stetho/stetho/src/main/java/com/facebook/stetho/inspector/network/DecompressionHelper.java:31: error: cannot find symbol
      @Nullable String contentEncoding,
       ^
  symbol:   class Nullable
  location: class DecompressionHelper
/home/travis/build/facebook/stetho/stetho/src/main/java/com/facebook/stetho/inspector/network/NetworkPeerManager.java:26: error: cannot find symbol
  @Nullable
   ^
  symbol:   class Nullable
  location: class NetworkPeerManager
/home/travis/build/facebook/stetho/stetho/src/main/java/com/facebook/stetho/inspector/network/NetworkEventReporter.java:104: error: cannot find symbol
      @Nullable String contentType,
       ^
  symbol:   class Nullable
  location: interface NetworkEventReporter
/home/travis/build/facebook/stetho/stetho/src/main/java/com/facebook/stetho/inspector/network/NetworkEventReporter.java:105: error: cannot find symbol
      @Nullable String contentEncoding,
       ^
  symbol:   class Nullable
  location: interface NetworkEventReporter
/home/travis/build/facebook/stetho/stetho/src/main/java/com/facebook/stetho/inspector/network/NetworkEventReporter.java:106: error: cannot find symbol
      @Nullable InputStream inputStream,
       ^
  symbol:   class Nullable
  location: interface NetworkEventReporter
/home/travis/build/facebook/stetho/stetho/src/main/java/com/facebook/stetho/inspector/network/NetworkEventReporter.java:101: error: cannot find symbol
  @Nullable
   ^
  symbol:   class Nullable
  location: interface NetworkEventReporter
/home/travis/build/facebook/stetho/stetho/src/main/java/com/facebook/stetho/inspector/network/NetworkEventReporter.java:174: error: cannot find symbol
    @Nullable
     ^
  symbol:   class Nullable
  location: interface InspectorRequest
/home/travis/build/facebook/stetho/stetho/src/main/java/com/facebook/stetho/inspector/network/NetworkEventReporter.java:188: error: cannot find symbol
    @Nullable
     ^
  symbol:   class Nullable
  location: interface InspectorRequest
/home/travis/build/facebook/stetho/stetho/src/main/java/com/facebook/stetho/inspector/network/NetworkEventReporter.java:222: error: cannot find symbol
    @Nullable
     ^
  symbol:   class Nullable
  location: interface InspectorHeaders
/home/travis/build/facebook/stetho/stetho/src/main/java/com/facebook/stetho/inspector/network/MimeMatcher.java:38: error: cannot find symbol
  @Nullable
   ^
  symbol:   class Nullable
  location: class MimeMatcher<T>
  where T is a type-variable:
    T extends Object declared in class MimeMatcher
/home/travis/build/facebook/stetho/stetho/src/main/java/com/facebook/stetho/inspector/network/NetworkEventReporterImpl.java:38: error: cannot find symbol
  @Nullable
   ^
  symbol:   class Nullable
  location: class NetworkEventReporterImpl
/home/travis/build/facebook/stetho/stetho/src/main/java/com/facebook/stetho/inspector/network/NetworkEventReporterImpl.java:63: error: cannot find symbol
  @Nullable
   ^
  symbol:   class Nullable
  location: class NetworkEventReporterImpl
/home/travis/build/facebook/stetho/stetho/src/main/java/com/facebook/stetho/inspector/network/NetworkEventReporterImpl.java:113: error: cannot find symbol
  @Nullable
   ^
  symbol:   class Nullable
  location: class NetworkEventReporterImpl
/home/travis/build/facebook/stetho/stetho/src/main/java/com/facebook/stetho/inspector/network/NetworkEventReporterImpl.java:164: error: cannot find symbol
      @Nullable String contentType,
       ^
  symbol:   class Nullable
  location: class NetworkEventReporterImpl
/home/travis/build/facebook/stetho/stetho/src/main/java/com/facebook/stetho/inspector/network/NetworkEventReporterImpl.java:165: error: cannot find symbol
      @Nullable String contentEncoding,
       ^
  symbol:   class Nullable
  location: class NetworkEventReporterImpl
/home/travis/build/facebook/stetho/stetho/src/main/java/com/facebook/stetho/inspector/network/NetworkEventReporterImpl.java:166: error: cannot find symbol
      @Nullable InputStream availableInputStream,
       ^
  symbol:   class Nullable
  location: class NetworkEventReporterImpl
/home/travis/build/facebook/stetho/stetho/src/main/java/com/facebook/stetho/inspector/network/NetworkEventReporterImpl.java:273: error: cannot find symbol
  @Nullable
   ^
  symbol:   class Nullable
  location: class NetworkEventReporterImpl
/home/travis/build/facebook/stetho/stetho/src/main/java/com/facebook/stetho/inspector/network/NetworkEventReporterImpl.java:292: error: cannot find symbol
  @Nonnull
   ^
  symbol:   class Nonnull
  location: class NetworkEventReporterImpl
/home/travis/build/facebook/stetho/stetho/src/main/java/com/facebook/stetho/inspector/network/ResponseHandlingInputStream.java:41: error: cannot find symbol
  @Nullable private final CountingOutputStream mDecompressedCounter;
   ^
  symbol:   class Nullable
  location: class ResponseHandlingInputStream
/home/travis/build/facebook/stetho/stetho/src/main/java/com/facebook/stetho/inspector/network/ResponseHandlingInputStream.java:48: error: cannot find symbol
  @GuardedBy("this")
   ^
  symbol:   class GuardedBy
  location: class ResponseHandlingInputStream
/home/travis/build/facebook/stetho/stetho/src/main/java/com/facebook/stetho/inspector/network/ResponseHandlingInputStream.java:51: error: cannot find symbol
  @GuardedBy("this")
   ^
  symbol:   class GuardedBy
  location: class ResponseHandlingInputStream
/home/travis/build/facebook/stetho/stetho/src/main/java/com/facebook/stetho/inspector/network/ResponseHandlingInputStream.java:54: error: cannot find symbol
  @Nullable
   ^
  symbol:   class Nullable
  location: class ResponseHandlingInputStream
/home/travis/build/facebook/stetho/stetho/src/main/java/com/facebook/stetho/inspector/network/ResponseHandlingInputStream.java:55: error: cannot find symbol
  @GuardedBy("this")
   ^
  symbol:   class GuardedBy
  location: class ResponseHandlingInputStream
/home/travis/build/facebook/stetho/stetho/src/main/java/com/facebook/stetho/inspector/network/ResponseHandlingInputStream.java:76: error: cannot find symbol
      @Nullable CountingOutputStream decompressedCounter,
       ^
  symbol:   class Nullable
  location: class ResponseHandlingInputStream
/home/travis/build/facebook/stetho/stetho/src/main/java/com/facebook/stetho/inspector/network/ResponseHandlingInputStream.java:146: error: cannot find symbol
  @Nonnull
   ^
  symbol:   class Nonnull
  location: class ResponseHandlingInputStream
/home/travis/build/facebook/stetho/stetho/src/main/java/com/facebook/stetho/server/LocalSocketHttpServer.java:192: error: cannot find symbol
  @Nonnull
   ^
  symbol:   class Nonnull
  location: class LocalSocketHttpServer
/home/travis/build/facebook/stetho/stetho/src/main/java/com/facebook/stetho/websocket/WebSocketHandler.java:170: error: cannot find symbol
  @Nullable
   ^
  symbol:   class Nullable
  location: class WebSocketHandler
javadoc: warning - Class Nullable not found.
javadoc: warning - Class Nullable not found.
javadoc: warning - Class Nullable not found.
javadoc: warning - Class Nullable not found.
javadoc: warning - Class Nullable not found.
javadoc: warning - Class ThreadSafe not found.
javadoc: warning - Class ThreadSafe not found.
javadoc: warning - Class ThreadSafe not found.
javadoc: warning - Class ThreadSafe not found.
javadoc: warning - Class ThreadSafe not found.
javadoc: warning - Class Nullable not found.
javadoc: warning - Class ThreadSafe not found.
javadoc: warning - Class ThreadSafe not found.
javadoc: warning - Class ThreadSafe not found.
javadoc: warning - Class ThreadSafe not found.
javadoc: warning - Class ThreadSafe not found.
javadoc: warning - Class ThreadSafe not found.
javadoc: warning - Class ThreadSafe not found.
javadoc: warning - Class ThreadSafe not found.
javadoc: warning - Class ThreadSafe not found.
javadoc: warning - Class ThreadSafe not found.
/home/travis/build/facebook/stetho/stetho/src/main/java/com/facebook/stetho/json/ObjectMapper.java:59: warning - @return tag has no arguments.
/home/travis/build/facebook/stetho/stetho/src/main/java/com/facebook/stetho/json/ObjectMapper.java:179: warning - @return tag has no arguments.
javadoc: warning - Class ThreadSafe not found.
javadoc: warning - Class ThreadSafe not found.
javadoc: warning - Class ThreadSafe not found.
javadoc: warning - Class ThreadSafe not found.
javadoc: warning - Class ThreadSafe not found.
javadoc: warning - Class ThreadSafe not found.
javadoc: warning - Class ThreadSafe not found.
javadoc: warning - Class ThreadSafe not found.
javadoc: warning - Class ThreadSafe not found.
javadoc: warning - Class ThreadSafe not found.
javadoc: warning - Class ThreadSafe not found.
javadoc: warning - Class Nullable not found.
javadoc: warning - Class ThreadSafe not found.
javadoc: warning - Class ThreadSafe not found.
javadoc: warning - Class ThreadSafe not found.
javadoc: warning - Class ThreadSafe not found.
javadoc: warning - Class ThreadSafe not found.
javadoc: warning - Class Nullable not found.
javadoc: warning - Class Nullable not found.
javadoc: warning - Class Nullable not found.
javadoc: warning - Class Nullable not found.
javadoc: warning - Class Nullable not found.
javadoc: warning - Class Nullable not found.
javadoc: warning - Class Nullable not found.
javadoc: warning - Class Nullable not found.
javadoc: warning - Class Nullable not found.
javadoc: warning - Class Nullable not found.
javadoc: warning - Class Nullable not found.
javadoc: warning - Class Nullable not found.
javadoc: warning - Class Nullable not found.
javadoc: warning - Class Nullable not found.
javadoc: warning - Class Nullable not found.
javadoc: warning - Class Nullable not found.
javadoc: warning - Class Nullable not found.
javadoc: warning - Class Nullable not found.
javadoc: warning - Class Nullable not found.
/home/travis/build/facebook/stetho/stetho/src/main/java/com/facebook/stetho/inspector/network/NetworkEventReporter.java:163: warning - Tag @link: can't find loadingFinished in com.facebook.stetho.inspector.network.NetworkEventReporter
javadoc: warning - Class Nullable not found.
javadoc: warning - Class Nullable not found.
javadoc: warning - Class Nullable not found.
javadoc: warning - Class Nullable not found.
javadoc: warning - Class Nullable not found.
javadoc: warning - Class Nullable not found.
javadoc: warning - Class Nullable not found.
javadoc: warning - Class Nullable not found.
javadoc: warning - Class Nullable not found.
javadoc: warning - Class Nullable not found.
/home/travis/build/facebook/stetho/stetho/src/main/java/com/facebook/stetho/inspector/network/ResponseBodyFileManager.java:31: warning - Tag @link: reference not found: ChromeHttpFlowObserver
/home/travis/build/facebook/stetho/stetho/src/main/java/com/facebook/stetho/inspector/network/ResponseHandlingInputStream.java:222: warning - @return tag has no arguments.
javadoc: warning - Class Nullable not found.
javadoc: warning - Class Nullable not found.
javadoc: warning - Class Nullable not found.
javadoc: warning - Class Nullable not found.
javadoc: warning - Class Nullable not found.
javadoc: warning - Class Nullable not found.
javadoc: warning - Class Nullable not found.
javadoc: warning - Class Nullable not found.
javadoc: warning - Class Nullable not found.
javadoc: warning - Class Nullable not found.
javadoc: warning - Class Immutable not found.
javadoc: warning - Class Immutable not found.
javadoc: warning - Class Immutable not found.
/home/travis/build/facebook/stetho/stetho/src/main/java/com/facebook/stetho/dumpapp/DumperContext.java:36: warning - Tag @link: reference not found: CommandLineParser#parse
javadoc: warning - Class Immutable not found.
javadoc: warning - Class Immutable not found.
javadoc: warning - Class Immutable not found.
javadoc: warning - Class Immutable not found.
javadoc: warning - Class Immutable not found.
javadoc: warning - Class Immutable not found.
javadoc: warning - Class Immutable not found.
/home/travis/build/facebook/stetho/stetho/src/main/java/com/facebook/stetho/dumpapp/DumperContext.java:36: warning - Tag @link: reference not found: CommandLineParser#parse
javadoc: warning - Class Immutable not found.
javadoc: warning - Class Immutable not found.
javadoc: warning - Class Immutable not found.
javadoc: warning - Class Immutable not found.
javadoc: warning - Class Immutable not found.
javadoc: warning - Class Immutable not found.
/home/travis/build/facebook/stetho/stetho/src/main/java/com/facebook/stetho/dumpapp/DumpException.java:23: warning - Tag @link: reference not found: ParseException
javadoc: warning - Class Immutable not found.
javadoc: warning - Class ThreadSafe not found.
javadoc: warning - Class ThreadSafe not found.
javadoc: warning - Class ThreadSafe not found.
/home/travis/build/facebook/stetho/stetho/src/main/java/com/facebook/stetho/inspector/network/ResponseBodyFileManager.java:31: warning - Tag @link: reference not found: ChromeHttpFlowObserver
javadoc: warning - Class Nullable not found.
javadoc: warning - Class Nullable not found.
javadoc: warning - Class ThreadSafe not found.
javadoc: warning - Class ThreadSafe not found.
javadoc: warning - Class ThreadSafe not found.
javadoc: warning - Class ThreadSafe not found.
javadoc: warning - Class Immutable not found.
javadoc: warning - Class Immutable not found.
/home/travis/build/facebook/stetho/stetho/src/main/java/com/facebook/stetho/dumpapp/DumperContext.java:36: warning - Tag @link: reference not found: CommandLineParser#parse
javadoc: warning - Class Immutable not found.
javadoc: warning - Class ThreadSafe not found.
javadoc: warning - Class Nullable not found.
javadoc: warning - Class Nullable not found.
javadoc: warning - Class ThreadSafe not found.
javadoc: warning - Class Immutable not found.
javadoc: warning - Class ThreadSafe not found.
javadoc: warning - Class Nullable not found.
javadoc: warning - Class Nullable not found.
javadoc: warning - Class Nullable not found.
javadoc: warning - Class Immutable not found.
javadoc: warning - Class Nullable not found.
javadoc: warning - Class Immutable not found.
javadoc: warning - Class Immutable not found.
javadoc: warning - Class Immutable not found.
javadoc: warning - Class ThreadSafe not found.
javadoc: warning - Class ThreadSafe not found.
javadoc: warning - Class ThreadSafe not found.
javadoc: warning - Class ThreadSafe not found.
javadoc: warning - Class ThreadSafe not found.
javadoc: warning - Class Nullable not found.
javadoc: warning - Class ThreadSafe not found.
javadoc: warning - Class ThreadSafe not found.
javadoc: warning - Class ThreadSafe not found.
javadoc: warning - Class ThreadSafe not found.
javadoc: warning - Class Nullable not found.
javadoc: warning - Class ThreadSafe not found.
javadoc: warning - Class ThreadSafe not found.
javadoc: warning - Class ThreadSafe not found.
/home/travis/build/facebook/stetho/stetho/src/main/java/com/facebook/stetho/inspector/network/ResponseBodyFileManager.java:31: warning - Tag @link: reference not found: ChromeHttpFlowObserver
javadoc: warning - Class ThreadSafe not found.
javadoc: warning - Class Nullable not found.
javadoc: warning - Class Nullable not found.
javadoc: warning - Class Nullable not found.
javadoc: warning - Class Nullable not found.
javadoc: warning - Class Immutable not found.
javadoc: warning - Class ThreadSafe not found.
javadoc: warning - Class ThreadSafe not found.
javadoc: warning - Class Nullable not found.
javadoc: warning - Class ThreadSafe not found.
javadoc: warning - Class Nullable not found.
javadoc: warning - Class Nullable not found.
javadoc: warning - Class Nullable not found.
javadoc: warning - Class Nullable not found.
javadoc: warning - Class Nullable not found.
javadoc: warning - Class Nullable not found.
javadoc: warning - Class Nullable not found.

280 warnings
:stetho:androidJavadocJar
:stetho:androidSourcesJar
:stetho:compileLint
:stetho:copyDebugLint UP-TO-DATE
:stetho:mergeDebugProguardFiles
:stetho:preBuild
:stetho:preDebugBuild
:stetho:checkDebugManifest
:stetho:prepareDebugDependencies
:stetho:compileDebugAidl
:stetho:compileDebugRenderscript
:stetho:generateDebugBuildConfig
:stetho:generateDebugAssets UP-TO-DATE
:stetho:mergeDebugAssets
:stetho:generateDebugResValues
:stetho:generateDebugResources
:stetho:packageDebugResources
:stetho:processDebugManifest
:stetho:processDebugResources
:stetho:generateDebugSources
:stetho:compileDebugJavaNote: Some input files use unchecked or unsafe operations.
Note: Recompile with -Xlint:unchecked for details.

:stetho:processDebugJavaRes UP-TO-DATE
:stetho:packageDebugJar
:stetho:compileDebugNdk
:stetho:packageDebugJniLibs UP-TO-DATE
:stetho:packageDebugLocalJar UP-TO-DATE
:stetho:packageDebugRenderscript UP-TO-DATE
:stetho:bundleDebug
:stetho:assembleDebug
:stetho:copyReleaseLint UP-TO-DATE
:stetho:mergeReleaseProguardFiles
:stetho:preReleaseBuild
:stetho:checkReleaseManifest
:stetho:prepareReleaseDependencies
:stetho:compileReleaseAidl
:stetho:compileReleaseRenderscript
:stetho:generateReleaseBuildConfig
:stetho:generateReleaseAssets UP-TO-DATE
:stetho:mergeReleaseAssets
:stetho:generateReleaseResValues
:stetho:generateReleaseResources
:stetho:packageReleaseResources
:stetho:processReleaseManifest
:stetho:processReleaseResources
:stetho:generateReleaseSources
:stetho:compileReleaseJavaNote: Some input files use unchecked or unsafe operations.
Note: Recompile with -Xlint:unchecked for details.

:stetho:processReleaseJavaRes UP-TO-DATE
:stetho:packageReleaseJar
:stetho:compileReleaseNdk
:stetho:packageReleaseJniLibs UP-TO-DATE
:stetho:packageReleaseLocalJar UP-TO-DATE
:stetho:packageReleaseRenderscript UP-TO-DATE
:stetho:bundleRelease
:stetho:assembleRelease
:stetho:jarRelease
:stetho:signArchives SKIPPED
:stetho:assemble
:stetho:lint
Download https://jcenter.bintray.com/org/robolectric/robolectric/2.4/robolectric-2.4.jar
Download https://jcenter.bintray.com/org/powermock/powermock-api-mockito/1.6.1/powermock-api-mockito-1.6.1.jar
Download https://jcenter.bintray.com/org/powermock/powermock-module-junit4/1.6.1/powermock-module-junit4-1.6.1.jar
Ran lint on variant debug: 2 issues found
Ran lint on variant release: 2 issues found
Wrote HTML report to file:/home/travis/build/facebook/stetho/stetho/build/outputs/lint-results.html
Wrote XML report to /home/travis/build/facebook/stetho/stetho/build/outputs/lint-results.xml
:stetho:preDebugTestBuild
:stetho:prepareDebugTestDependencies
:stetho:processDebugTestManifest
:stetho:compileDebugTestRenderscript
:stetho:generateDebugTestResValues
:stetho:generateDebugTestResources
:stetho:mergeDebugTestResources
:stetho:compileTestDebugJava
:stetho:processTestDebugResources UP-TO-DATE
:stetho:testDebugClasses
:stetho:testDebug
:stetho:test
:stetho:check
:stetho:build
:stetho-okhttp:androidJavadoc/home/travis/build/facebook/stetho/stetho-okhttp/src/main/java/com/facebook/stetho/okhttp/StethoInterceptor.java:12: error: package com.facebook.stetho.inspector.network does not exist
import com.facebook.stetho.inspector.network.DefaultResponseHandler;
                                            ^
/home/travis/build/facebook/stetho/stetho-okhttp/src/main/java/com/facebook/stetho/okhttp/StethoInterceptor.java:13: error: package com.facebook.stetho.inspector.network does not exist
import com.facebook.stetho.inspector.network.NetworkEventReporter;
                                            ^
/home/travis/build/facebook/stetho/stetho-okhttp/src/main/java/com/facebook/stetho/okhttp/StethoInterceptor.java:14: error: package com.facebook.stetho.inspector.network does not exist
import com.facebook.stetho.inspector.network.NetworkEventReporterImpl;
                                            ^
/home/travis/build/facebook/stetho/stetho-okhttp/src/main/java/com/facebook/stetho/okhttp/StethoInterceptor.java:15: error: package com.squareup.okhttp does not exist
import com.squareup.okhttp.*;
^
/home/travis/build/facebook/stetho/stetho-okhttp/src/main/java/com/facebook/stetho/okhttp/StethoInterceptor.java:16: error: package okio does not exist
import okio.Buffer;
           ^
/home/travis/build/facebook/stetho/stetho-okhttp/src/main/java/com/facebook/stetho/okhttp/StethoInterceptor.java:17: error: package okio does not exist
import okio.BufferedSource;
           ^
/home/travis/build/facebook/stetho/stetho-okhttp/src/main/java/com/facebook/stetho/okhttp/StethoInterceptor.java:18: error: package okio does not exist
import okio.Okio;
           ^
/home/travis/build/facebook/stetho/stetho-okhttp/src/main/java/com/facebook/stetho/okhttp/StethoInterceptor.java:20: error: cannot find symbol
import javax.annotation.Nullable;
                       ^
  symbol:   class Nullable
  location: package javax.annotation
/home/travis/build/facebook/stetho/stetho-okhttp/src/main/java/com/facebook/stetho/okhttp/StethoInterceptor.java:35: error: cannot find symbol
public class StethoInterceptor implements Interceptor {
                                          ^
  symbol: class Interceptor
/home/travis/build/facebook/stetho/stetho-okhttp/src/main/java/com/facebook/stetho/okhttp/StethoInterceptor.java:36: error: cannot find symbol
  private final NetworkEventReporter mEventReporter = NetworkEventReporterImpl.get();
                ^
  symbol:   class NetworkEventReporter
  location: class StethoInterceptor
/home/travis/build/facebook/stetho/stetho-okhttp/src/main/java/com/facebook/stetho/okhttp/StethoInterceptor.java:41: error: cannot find symbol
  public Response intercept(Chain chain) throws IOException {
                            ^
  symbol:   class Chain
  location: class StethoInterceptor
/home/travis/build/facebook/stetho/stetho-okhttp/src/main/java/com/facebook/stetho/okhttp/StethoInterceptor.java:41: error: cannot find symbol
  public Response intercept(Chain chain) throws IOException {
         ^
  symbol:   class Response
  location: class StethoInterceptor
/home/travis/build/facebook/stetho/stetho-okhttp/src/main/java/com/facebook/stetho/okhttp/StethoInterceptor.java:103: error: package NetworkEventReporter does not exist
  private static class OkHttpInspectorRequest implements NetworkEventReporter.InspectorRequest {
                                                                             ^
/home/travis/build/facebook/stetho/stetho-okhttp/src/main/java/com/facebook/stetho/okhttp/StethoInterceptor.java:105: error: cannot find symbol
    private final Request mRequest;
                  ^
  symbol:   class Request
  location: class OkHttpInspectorRequest
/home/travis/build/facebook/stetho/stetho-okhttp/src/main/java/com/facebook/stetho/okhttp/StethoInterceptor.java:109: error: cannot find symbol
    public OkHttpInspectorRequest(String requestId, Request request) {
                                                    ^
  symbol:   class Request
  location: class OkHttpInspectorRequest
/home/travis/build/facebook/stetho/stetho-okhttp/src/main/java/com/facebook/stetho/okhttp/StethoInterceptor.java:183: error: package NetworkEventReporter does not exist
  private static class OkHttpInspectorResponse implements NetworkEventReporter.InspectorResponse {
                                                                              ^
/home/travis/build/facebook/stetho/stetho-okhttp/src/main/java/com/facebook/stetho/okhttp/StethoInterceptor.java:185: error: cannot find symbol
    private final Request mRequest;
                  ^
  symbol:   class Request
  location: class OkHttpInspectorResponse
/home/travis/build/facebook/stetho/stetho-okhttp/src/main/java/com/facebook/stetho/okhttp/StethoInterceptor.java:186: error: cannot find symbol
    private final Response mResponse;
                  ^
  symbol:   class Response
  location: class OkHttpInspectorResponse
/home/travis/build/facebook/stetho/stetho-okhttp/src/main/java/com/facebook/stetho/okhttp/StethoInterceptor.java:187: error: cannot find symbol
    private final Connection mConnection;
                  ^
  symbol:   class Connection
  location: class OkHttpInspectorResponse
/home/travis/build/facebook/stetho/stetho-okhttp/src/main/java/com/facebook/stetho/okhttp/StethoInterceptor.java:191: error: cannot find symbol
        Request request,
        ^
  symbol:   class Request
  location: class OkHttpInspectorResponse
/home/travis/build/facebook/stetho/stetho-okhttp/src/main/java/com/facebook/stetho/okhttp/StethoInterceptor.java:192: error: cannot find symbol
        Response response,
        ^
  symbol:   class Response
  location: class OkHttpInspectorResponse
/home/travis/build/facebook/stetho/stetho-okhttp/src/main/java/com/facebook/stetho/okhttp/StethoInterceptor.java:193: error: cannot find symbol
        Connection connection) {
        ^
  symbol:   class Connection
  location: class OkHttpInspectorResponse
/home/travis/build/facebook/stetho/stetho-okhttp/src/main/java/com/facebook/stetho/okhttp/StethoInterceptor.java:258: error: cannot find symbol
  private static class ForwardingResponseBody extends ResponseBody {
                                                      ^
  symbol:   class ResponseBody
  location: class StethoInterceptor
/home/travis/build/facebook/stetho/stetho-okhttp/src/main/java/com/facebook/stetho/okhttp/StethoInterceptor.java:259: error: cannot find symbol
    private final ResponseBody mBody;
                  ^
  symbol:   class ResponseBody
  location: class ForwardingResponseBody
/home/travis/build/facebook/stetho/stetho-okhttp/src/main/java/com/facebook/stetho/okhttp/StethoInterceptor.java:260: error: cannot find symbol
    private final BufferedSource mInterceptedSource;
                  ^
  symbol:   class BufferedSource
  location: class ForwardingResponseBody
/home/travis/build/facebook/stetho/stetho-okhttp/src/main/java/com/facebook/stetho/okhttp/StethoInterceptor.java:262: error: cannot find symbol
    public ForwardingResponseBody(ResponseBody body, InputStream interceptedStream) {
                                  ^
  symbol:   class ResponseBody
  location: class ForwardingResponseBody
/home/travis/build/facebook/stetho/stetho-okhttp/src/main/java/com/facebook/stetho/okhttp/StethoInterceptor.java:268: error: cannot find symbol
    public MediaType contentType() {
           ^
  symbol:   class MediaType
  location: class ForwardingResponseBody
/home/travis/build/facebook/stetho/stetho-okhttp/src/main/java/com/facebook/stetho/okhttp/StethoInterceptor.java:278: error: cannot find symbol
    public BufferedSource source() {
           ^
  symbol:   class BufferedSource
  location: class ForwardingResponseBody
/home/travis/build/facebook/stetho/stetho-okhttp/src/main/java/com/facebook/stetho/okhttp/StethoInterceptor.java:125: error: cannot find symbol
    @Nullable
     ^
  symbol:   class Nullable
  location: class OkHttpInspectorRequest
/home/travis/build/facebook/stetho/stetho-okhttp/src/main/java/com/facebook/stetho/okhttp/StethoInterceptor.java:141: error: cannot find symbol
    @Nullable
     ^
  symbol:   class Nullable
  location: class OkHttpInspectorRequest
/home/travis/build/facebook/stetho/stetho-okhttp/src/main/java/com/facebook/stetho/okhttp/StethoInterceptor.java:176: error: cannot find symbol
    @Nullable
     ^
  symbol:   class Nullable
  location: class OkHttpInspectorRequest
/home/travis/build/facebook/stetho/stetho-okhttp/src/main/java/com/facebook/stetho/okhttp/StethoInterceptor.java:251: error: cannot find symbol
    @Nullable
     ^
  symbol:   class Nullable
  location: class OkHttpInspectorResponse

32 warnings
:stetho-okhttp:androidJavadocJar
:stetho-okhttp:androidSourcesJar
:stetho-okhttp:compileLint
:stetho-okhttp:copyDebugLint UP-TO-DATE
:stetho-okhttp:mergeDebugProguardFiles
:stetho-okhttp:preBuild
:stetho-okhttp:preDebugBuild
:stetho-okhttp:checkDebugManifest
:stetho-okhttp:preDebugTestBuild
:stetho-okhttp:preReleaseBuild
:stetho-okhttp:prepareComFacebookStethoStetho102SNAPSHOTLibrary
:stetho-okhttp:prepareDebugDependencies
:stetho-okhttp:compileDebugAidl
:stetho-okhttp:compileDebugRenderscript
:stetho-okhttp:generateDebugBuildConfig
:stetho-okhttp:generateDebugAssets UP-TO-DATE
:stetho-okhttp:mergeDebugAssets
:stetho-okhttp:generateDebugResValues
:stetho-okhttp:generateDebugResources
:stetho-okhttp:mergeDebugResources
:stetho-okhttp:processDebugManifest
:stetho-okhttp:processDebugResources
:stetho-okhttp:generateDebugSources
:stetho-okhttp:compileDebugJava
:stetho-okhttp:processDebugJavaRes UP-TO-DATE
:stetho-okhttp:packageDebugJar
:stetho-okhttp:compileDebugNdk
:stetho-okhttp:packageDebugJniLibs UP-TO-DATE
:stetho-okhttp:packageDebugLocalJar UP-TO-DATE
:stetho-okhttp:packageDebugRenderscript UP-TO-DATE
:stetho-okhttp:packageDebugResources
:stetho-okhttp:bundleDebug
:stetho-okhttp:assembleDebug
:stetho-okhttp:copyReleaseLint UP-TO-DATE
:stetho-okhttp:mergeReleaseProguardFiles
:stetho-okhttp:checkReleaseManifest
:stetho-okhttp:prepareReleaseDependencies
:stetho-okhttp:compileReleaseAidl
:stetho-okhttp:compileReleaseRenderscript
:stetho-okhttp:generateReleaseBuildConfig
:stetho-okhttp:generateReleaseAssets UP-TO-DATE
:stetho-okhttp:mergeReleaseAssets
:stetho-okhttp:generateReleaseResValues
:stetho-okhttp:generateReleaseResources
:stetho-okhttp:mergeReleaseResources
:stetho-okhttp:processReleaseManifest
:stetho-okhttp:processReleaseResources
:stetho-okhttp:generateReleaseSources
:stetho-okhttp:compileReleaseJava
:stetho-okhttp:processReleaseJavaRes UP-TO-DATE
:stetho-okhttp:packageReleaseJar
:stetho-okhttp:compileReleaseNdk
:stetho-okhttp:packageReleaseJniLibs UP-TO-DATE
:stetho-okhttp:packageReleaseLocalJar UP-TO-DATE
:stetho-okhttp:packageReleaseRenderscript UP-TO-DATE
:stetho-okhttp:packageReleaseResources
:stetho-okhttp:bundleRelease
:stetho-okhttp:assembleRelease
:stetho-okhttp:jarRelease
:stetho-okhttp:signArchives SKIPPED
:stetho-okhttp:assemble
:stetho-okhttp:lint
Download https://jcenter.bintray.com/org/powermock/powermock-module-junit4-rule/1.6.1/powermock-module-junit4-rule-1.6.1.jar
Download https://jcenter.bintray.com/org/powermock/powermock-classloading-xstream/1.6.1/powermock-classloading-xstream-1.6.1.jar
Download https://jcenter.bintray.com/com/squareup/okhttp/mockwebserver/2.2.0/mockwebserver-2.2.0.jar
Ran lint on variant release: 1 issues found
Ran lint on variant debug: 1 issues found
Wrote HTML report to file:/home/travis/build/facebook/stetho/stetho-okhttp/build/outputs/lint-results.html
Wrote XML report to /home/travis/build/facebook/stetho/stetho-okhttp/build/outputs/lint-results.xml
:stetho-okhttp:prepareDebugTestDependencies
:stetho-okhttp:processDebugTestManifest
:stetho-okhttp:compileDebugTestRenderscript
:stetho-okhttp:generateDebugTestResValues
:stetho-okhttp:generateDebugTestResources
:stetho-okhttp:mergeDebugTestResources
:stetho-okhttp:compileTestDebugJava
:stetho-okhttp:processTestDebugResources UP-TO-DATE
:stetho-okhttp:testDebugClasses
:stetho-okhttp:testDebug
:stetho-okhttp:test
:stetho-okhttp:check
:stetho-okhttp:build
:stetho-sample:preBuild
:stetho-sample:compileDebugNdk
:stetho-sample:preDebugBuild
:stetho-sample:checkDebugManifest
:stetho-sample:preReleaseBuild
:stetho-urlconnection:compileLint
:stetho-urlconnection:copyReleaseLint UP-TO-DATE
:stetho-urlconnection:mergeReleaseProguardFiles
:stetho-urlconnection:preBuild
:stetho-urlconnection:preReleaseBuild
:stetho-urlconnection:checkReleaseManifest
:stetho-urlconnection:preDebugBuild
:stetho-urlconnection:preDebugTestBuild
:stetho-urlconnection:prepareComFacebookStethoStetho102SNAPSHOTLibrary
:stetho-urlconnection:prepareReleaseDependencies
:stetho-urlconnection:compileReleaseAidl
:stetho-urlconnection:compileReleaseRenderscript
:stetho-urlconnection:generateReleaseBuildConfig
:stetho-urlconnection:generateReleaseAssets UP-TO-DATE
:stetho-urlconnection:mergeReleaseAssets
:stetho-urlconnection:generateReleaseResValues
:stetho-urlconnection:generateReleaseResources
:stetho-urlconnection:mergeReleaseResources
:stetho-urlconnection:processReleaseManifest
:stetho-urlconnection:processReleaseResources
:stetho-urlconnection:generateReleaseSources
:stetho-urlconnection:compileReleaseJava
:stetho-urlconnection:processReleaseJavaRes UP-TO-DATE
:stetho-urlconnection:packageReleaseJar
:stetho-urlconnection:compileReleaseNdk
:stetho-urlconnection:packageReleaseJniLibs UP-TO-DATE
:stetho-urlconnection:packageReleaseLocalJar UP-TO-DATE
:stetho-urlconnection:packageReleaseRenderscript UP-TO-DATE
:stetho-urlconnection:packageReleaseResources
:stetho-urlconnection:bundleRelease
:stetho-sample:prepareComFacebookStethoStetho102SNAPSHOTLibrary
:stetho-sample:prepareComFacebookStethoStethoUrlconnection102SNAPSHOTLibrary
:stetho-sample:prepareDebugDependencies
:stetho-sample:compileDebugAidl
:stetho-sample:compileDebugRenderscript
:stetho-sample:generateDebugBuildConfig
:stetho-sample:generateDebugAssets UP-TO-DATE
:stetho-sample:mergeDebugAssets
:stetho-sample:generateDebugResValues
:stetho-sample:generateDebugResources
:stetho-sample:mergeDebugResources
:stetho-sample:processDebugManifest
:stetho-sample:processDebugResources
:stetho-sample:generateDebugSources
:stetho-sample:compileDebugJavaNote: Some input files use or override a deprecated API.
Note: Recompile with -Xlint:deprecation for details.

:stetho-sample:preDexDebug
:stetho-sample:dexDebug
:stetho-sample:processDebugJavaRes UP-TO-DATE
:stetho-sample:validateDebugSigning
:stetho-sample:packageDebug
:stetho-sample:zipalignDebug
:stetho-sample:assembleDebug
:stetho-sample:checkReleaseManifest
:stetho-sample:prepareReleaseDependencies
:stetho-sample:compileReleaseAidl
:stetho-sample:compileReleaseRenderscript
:stetho-sample:generateReleaseBuildConfig
:stetho-sample:generateReleaseAssets UP-TO-DATE
:stetho-sample:mergeReleaseAssets
:stetho-sample:generateReleaseResValues
:stetho-sample:generateReleaseResources
:stetho-sample:mergeReleaseResources
:stetho-sample:processReleaseManifest
:stetho-sample:processReleaseResources
:stetho-sample:generateReleaseSources
:stetho-sample:compileReleaseJavaNote: Some input files use or override a deprecated API.
Note: Recompile with -Xlint:deprecation for details.

:stetho-sample:lintVitalRelease SKIPPED
:stetho-sample:compileReleaseNdk
:stetho-sample:preDexRelease
:stetho-sample:dexRelease
:stetho-sample:processReleaseJavaRes UP-TO-DATE
:stetho-sample:packageRelease
:stetho-sample:assembleRelease
:stetho-sample:assemble
:stetho-sample:compileLint
:stetho-sample:lint
Ran lint on variant debug: 4 issues found
Ran lint on variant release: 4 issues found
Wrote HTML report to file:/home/travis/build/facebook/stetho/stetho-sample/build/outputs/lint-results.html
Wrote XML report to /home/travis/build/facebook/stetho/stetho-sample/build/outputs/lint-results.xml
:stetho-sample:check
:stetho-sample:build
:stetho-urlconnection:androidJavadoc/home/travis/build/facebook/stetho/stetho-urlconnection/src/main/java/com/facebook/stetho/urlconnection/StethoURLConnectionManager.java:12: error: package com.facebook.stetho.inspector.network does not exist
import com.facebook.stetho.inspector.network.DefaultResponseHandler;
                                            ^
/home/travis/build/facebook/stetho/stetho-urlconnection/src/main/java/com/facebook/stetho/urlconnection/StethoURLConnectionManager.java:13: error: package com.facebook.stetho.inspector.network does not exist
import com.facebook.stetho.inspector.network.NetworkEventReporter;
                                            ^
/home/travis/build/facebook/stetho/stetho-urlconnection/src/main/java/com/facebook/stetho/urlconnection/StethoURLConnectionManager.java:14: error: package com.facebook.stetho.inspector.network does not exist
import com.facebook.stetho.inspector.network.NetworkEventReporterImpl;
                                            ^
/home/travis/build/facebook/stetho/stetho-urlconnection/src/main/java/com/facebook/stetho/urlconnection/StethoURLConnectionManager.java:16: error: cannot find symbol
import javax.annotation.Nonnull;
                       ^
  symbol:   class Nonnull
  location: package javax.annotation
/home/travis/build/facebook/stetho/stetho-urlconnection/src/main/java/com/facebook/stetho/urlconnection/StethoURLConnectionManager.java:17: error: cannot find symbol
import javax.annotation.Nullable;
                       ^
  symbol:   class Nullable
  location: package javax.annotation
/home/travis/build/facebook/stetho/stetho-urlconnection/src/main/java/com/facebook/stetho/urlconnection/StethoURLConnectionManager.java:18: error: package javax.annotation.concurrent does not exist
import javax.annotation.concurrent.NotThreadSafe;
                                  ^
/home/travis/build/facebook/stetho/stetho-urlconnection/src/main/java/com/facebook/stetho/urlconnection/StethoURLConnectionManager.java:38: error: cannot find symbol
@NotThreadSafe
 ^
  symbol: class NotThreadSafe
/home/travis/build/facebook/stetho/stetho-urlconnection/src/main/java/com/facebook/stetho/urlconnection/StethoURLConnectionManager.java:42: error: cannot find symbol
  private final NetworkEventReporter mStethoHook = NetworkEventReporterImpl.get();
                ^
  symbol:   class NetworkEventReporter
  location: class StethoURLConnectionManager
/home/travis/build/facebook/stetho/stetho-urlconnection/src/main/java/com/facebook/stetho/urlconnection/URLConnectionInspectorRequest.java:12: error: package com.facebook.stetho.inspector.network does not exist
import com.facebook.stetho.inspector.network.NetworkEventReporter;
                                            ^
/home/travis/build/facebook/stetho/stetho-urlconnection/src/main/java/com/facebook/stetho/urlconnection/URLConnectionInspectorRequest.java:14: error: cannot find symbol
import javax.annotation.Nullable;
                       ^
  symbol:   class Nullable
  location: package javax.annotation
/home/travis/build/facebook/stetho/stetho-urlconnection/src/main/java/com/facebook/stetho/urlconnection/URLConnectionInspectorHeaders.java:13: error: package com.facebook.stetho.inspector.network does not exist
import com.facebook.stetho.inspector.network.NetworkEventReporter;
                                            ^
/home/travis/build/facebook/stetho/stetho-urlconnection/src/main/java/com/facebook/stetho/urlconnection/URLConnectionInspectorHeaders.java:17: error: package NetworkEventReporter does not exist
class URLConnectionInspectorHeaders implements NetworkEventReporter.InspectorHeaders {
                                                                   ^
/home/travis/build/facebook/stetho/stetho-urlconnection/src/main/java/com/facebook/stetho/urlconnection/URLConnectionInspectorRequest.java:21: error: package NetworkEventReporter does not exist
    implements NetworkEventReporter.InspectorRequest {
                                   ^
/home/travis/build/facebook/stetho/stetho-urlconnection/src/main/java/com/facebook/stetho/urlconnection/StethoURLConnectionManager.java:170: error: cannot find symbol
  public NetworkEventReporter getStethoHook() {
         ^
  symbol:   class NetworkEventReporter
  location: class StethoURLConnectionManager
/home/travis/build/facebook/stetho/stetho-urlconnection/src/main/java/com/facebook/stetho/urlconnection/URLConnectionInspectorResponse.java:12: error: package com.facebook.stetho.inspector.network does not exist
import com.facebook.stetho.inspector.network.NetworkEventReporter;
                                            ^
/home/travis/build/facebook/stetho/stetho-urlconnection/src/main/java/com/facebook/stetho/urlconnection/URLConnectionInspectorResponse.java:19: error: package NetworkEventReporter does not exist
    implements NetworkEventReporter.InspectorResponse {
                                   ^
/home/travis/build/facebook/stetho/stetho-urlconnection/src/main/java/com/facebook/stetho/urlconnection/StethoURLConnectionManager.java:44: error: cannot find symbol
  @Nullable private final String mFriendlyName;
   ^
  symbol:   class Nullable
  location: class StethoURLConnectionManager
/home/travis/build/facebook/stetho/stetho-urlconnection/src/main/java/com/facebook/stetho/urlconnection/StethoURLConnectionManager.java:46: error: cannot find symbol
  @Nullable private String mRequestIdString;
   ^
  symbol:   class Nullable
  location: class StethoURLConnectionManager
/home/travis/build/facebook/stetho/stetho-urlconnection/src/main/java/com/facebook/stetho/urlconnection/StethoURLConnectionManager.java:49: error: cannot find symbol
  @Nullable private URLConnectionInspectorRequest mInspectorRequest;
   ^
  symbol:   class Nullable
  location: class StethoURLConnectionManager
/home/travis/build/facebook/stetho/stetho-urlconnection/src/main/java/com/facebook/stetho/urlconnection/StethoURLConnectionManager.java:51: error: cannot find symbol
  public StethoURLConnectionManager(@Nullable String friendlyName) {
                                     ^
  symbol:   class Nullable
  location: class StethoURLConnectionManager
/home/travis/build/facebook/stetho/stetho-urlconnection/src/main/java/com/facebook/stetho/urlconnection/StethoURLConnectionManager.java:71: error: cannot find symbol
      @Nullable SimpleRequestEntity requestEntity) {
       ^
  symbol:   class Nullable
  location: class StethoURLConnectionManager
/home/travis/build/facebook/stetho/stetho-urlconnection/src/main/java/com/facebook/stetho/urlconnection/StethoURLConnectionManager.java:137: error: cannot find symbol
  public InputStream interpretResponseStream(@Nullable InputStream responseStream) {
                                              ^
  symbol:   class Nullable
  location: class StethoURLConnectionManager
/home/travis/build/facebook/stetho/stetho-urlconnection/src/main/java/com/facebook/stetho/urlconnection/StethoURLConnectionManager.java:178: error: cannot find symbol
  @Nonnull
   ^
  symbol:   class Nonnull
  location: class StethoURLConnectionManager
/home/travis/build/facebook/stetho/stetho-urlconnection/src/main/java/com/facebook/stetho/urlconnection/URLConnectionInspectorRequest.java:24: error: cannot find symbol
  @Nullable private final SimpleRequestEntity mRequestEntity;
   ^
  symbol:   class Nullable
  location: class URLConnectionInspectorRequest
/home/travis/build/facebook/stetho/stetho-urlconnection/src/main/java/com/facebook/stetho/urlconnection/URLConnectionInspectorRequest.java:29: error: cannot find symbol
  @Nullable private byte[] mBody;
   ^
  symbol:   class Nullable
  location: class URLConnectionInspectorRequest
/home/travis/build/facebook/stetho/stetho-urlconnection/src/main/java/com/facebook/stetho/urlconnection/URLConnectionInspectorRequest.java:35: error: cannot find symbol
      @Nullable SimpleRequestEntity requestEntity) {
       ^
  symbol:   class Nullable
  location: class URLConnectionInspectorRequest
/home/travis/build/facebook/stetho/stetho-urlconnection/src/main/java/com/facebook/stetho/urlconnection/URLConnectionInspectorRequest.java:69: error: cannot find symbol
  @Nullable
   ^
  symbol:   class Nullable
  location: class URLConnectionInspectorRequest
javadoc: warning - Class NotThreadSafe not found.
javadoc: warning - Class NotThreadSafe not found.
/home/travis/build/facebook/stetho/stetho-urlconnection/src/main/java/com/facebook/stetho/urlconnection/StethoURLConnectionManager.java:39: warning - Tag @link: reference not found: NetworkEventReporter
javadoc: warning - Class NotThreadSafe not found.
javadoc: warning - Class NotThreadSafe not found.
/home/travis/build/facebook/stetho/stetho-urlconnection/src/main/java/com/facebook/stetho/urlconnection/StethoURLConnectionManager.java:170: warning - Tag @link: reference not found: NetworkEventReporter
javadoc: warning - Class Nonnull not found.
javadoc: warning - Class NotThreadSafe not found.
/home/travis/build/facebook/stetho/stetho-urlconnection/src/main/java/com/facebook/stetho/urlconnection/StethoURLConnectionManager.java:179: warning - Tag @link: reference not found: NetworkEventReporter
javadoc: warning - Class NotThreadSafe not found.
javadoc: warning - Class NotThreadSafe not found.
javadoc: warning - Class NotThreadSafe not found.
javadoc: warning - Class NotThreadSafe not found.
javadoc: warning - Class NotThreadSafe not found.
javadoc: warning - Class Nullable not found.
javadoc: warning - Class NotThreadSafe not found.
javadoc: warning - Class NotThreadSafe not found.
javadoc: warning - Class Nullable not found.
javadoc: warning - Class NotThreadSafe not found.
javadoc: warning - Class NotThreadSafe not found.
javadoc: warning - Class NotThreadSafe not found.
javadoc: warning - Class Nullable not found.
javadoc: warning - Class NotThreadSafe not found.
javadoc: warning - Class NotThreadSafe not found.
/home/travis/build/facebook/stetho/stetho-urlconnection/src/main/java/com/facebook/stetho/urlconnection/StethoURLConnectionManager.java:170: warning - Tag @link: reference not found: NetworkEventReporter
javadoc: warning - Class Nonnull not found.
javadoc: warning - Class Nonnull not found.
javadoc: warning - Class NotThreadSafe not found.
/home/travis/build/facebook/stetho/stetho-urlconnection/src/main/java/com/facebook/stetho/urlconnection/StethoURLConnectionManager.java:179: warning - Tag @link: reference not found: NetworkEventReporter
javadoc: warning - Class NotThreadSafe not found.
/home/travis/build/facebook/stetho/stetho-urlconnection/src/main/java/com/facebook/stetho/urlconnection/StethoURLConnectionManager.java:39: warning - Tag @link: reference not found: NetworkEventReporter
javadoc: warning - Class NotThreadSafe not found.
/home/travis/build/facebook/stetho/stetho-urlconnection/src/main/java/com/facebook/stetho/urlconnection/StethoURLConnectionManager.java:170: warning - Tag @link: reference not found: NetworkEventReporter
javadoc: warning - Class Nonnull not found.
javadoc: warning - Class NotThreadSafe not found.
/home/travis/build/facebook/stetho/stetho-urlconnection/src/main/java/com/facebook/stetho/urlconnection/StethoURLConnectionManager.java:179: warning - Tag @link: reference not found: NetworkEventReporter
javadoc: warning - Class NotThreadSafe not found.
javadoc: warning - Class NotThreadSafe not found.
javadoc: warning - Class NotThreadSafe not found.
javadoc: warning - Class NotThreadSafe not found.
javadoc: warning - Class NotThreadSafe not found.
javadoc: warning - Class NotThreadSafe not found.
/home/travis/build/facebook/stetho/stetho-urlconnection/src/main/java/com/facebook/stetho/urlconnection/StethoURLConnectionManager.java:39: warning - Tag @link: reference not found: NetworkEventReporter
javadoc: warning - Class NotThreadSafe not found.
javadoc: warning - Class NotThreadSafe not found.
javadoc: warning - Class Nonnull not found.

73 warnings
:stetho-urlconnection:androidJavadocJar
:stetho-urlconnection:androidSourcesJar
:stetho-urlconnection:copyDebugLint UP-TO-DATE
:stetho-urlconnection:mergeDebugProguardFiles
:stetho-urlconnection:checkDebugManifest
:stetho-urlconnection:prepareDebugDependencies
:stetho-urlconnection:compileDebugAidl
:stetho-urlconnection:compileDebugRenderscript
:stetho-urlconnection:generateDebugBuildConfig
:stetho-urlconnection:generateDebugAssets UP-TO-DATE
:stetho-urlconnection:mergeDebugAssets
:stetho-urlconnection:generateDebugResValues
:stetho-urlconnection:generateDebugResources
:stetho-urlconnection:mergeDebugResources
:stetho-urlconnection:processDebugManifest
:stetho-urlconnection:processDebugResources
:stetho-urlconnection:generateDebugSources
:stetho-urlconnection:compileDebugJava
:stetho-urlconnection:processDebugJavaRes UP-TO-DATE
:stetho-urlconnection:packageDebugJar
:stetho-urlconnection:compileDebugNdk
:stetho-urlconnection:packageDebugJniLibs UP-TO-DATE
:stetho-urlconnection:packageDebugLocalJar UP-TO-DATE
:stetho-urlconnection:packageDebugRenderscript UP-TO-DATE
:stetho-urlconnection:packageDebugResources
:stetho-urlconnection:bundleDebug
:stetho-urlconnection:assembleDebug
:stetho-urlconnection:assembleRelease
:stetho-urlconnection:jarRelease
:stetho-urlconnection:signArchives SKIPPED
:stetho-urlconnection:assemble
:stetho-urlconnection:lint
Ran lint on variant release: 0 issues found
Ran lint on variant debug: 0 issues found
Wrote HTML report to file:/home/travis/build/facebook/stetho/stetho-urlconnection/build/outputs/lint-results.html
Wrote XML report to /home/travis/build/facebook/stetho/stetho-urlconnection/build/outputs/lint-results.xml
:stetho-urlconnection:check
:stetho-urlconnection:build
:stetho:compileDebugTestNdk
:stetho:compileDebugTestAidl
:stetho:generateDebugTestBuildConfig
:stetho:generateDebugTestAssets UP-TO-DATE
:stetho:mergeDebugTestAssets
:stetho:processDebugTestResources
:stetho:generateDebugTestSources
:stetho:compileDebugTestJava
:stetho:preDexDebugTest
:stetho:dexDebugTest
:stetho:processDebugTestJavaRes UP-TO-DATE
:stetho:validateDebugSigning
:stetho:packageDebugTest
:stetho:assembleDebugTest
:stetho:connectedAndroidTest
:stetho:connectedCheck
:stetho-okhttp:compileDebugTestNdk
:stetho-okhttp:compileDebugTestAidl
:stetho-okhttp:generateDebugTestBuildConfig
:stetho-okhttp:generateDebugTestAssets UP-TO-DATE
:stetho-okhttp:mergeDebugTestAssets
:stetho-okhttp:processDebugTestResources
:stetho-okhttp:generateDebugTestSources
:stetho-okhttp:compileDebugTestJava
:stetho-okhttp:preDexDebugTest
:stetho-okhttp:dexDebugTest
:stetho-okhttp:processDebugTestJavaRes UP-TO-DATE
:stetho-okhttp:validateDebugSigning
:stetho-okhttp:packageDebugTest
:stetho-okhttp:assembleDebugTest
:stetho-okhttp:connectedAndroidTest
:stetho-okhttp:connectedCheck
:stetho-sample:compileDebugTestNdk
:stetho-sample:preDebugTestBuild
:stetho-sample:prepareDebugTestDependencies
:stetho-sample:compileDebugTestAidl
:stetho-sample:processDebugTestManifest
:stetho-sample:compileDebugTestRenderscript
:stetho-sample:generateDebugTestBuildConfig
:stetho-sample:generateDebugTestAssets UP-TO-DATE
:stetho-sample:mergeDebugTestAssets
:stetho-sample:generateDebugTestResValues
:stetho-sample:generateDebugTestResources
:stetho-sample:mergeDebugTestResources
:stetho-sample:processDebugTestResources
:stetho-sample:generateDebugTestSources
:stetho-sample:compileDebugTestJava
:stetho-sample:preDexDebugTest
:stetho-sample:dexDebugTest
:stetho-sample:processDebugTestJavaRes UP-TO-DATE
:stetho-sample:packageDebugTest
:stetho-sample:assembleDebugTest
:stetho-sample:connectedAndroidTest
:stetho-sample:connectedCheck
:stetho-urlconnection:compileDebugTestNdk
:stetho-urlconnection:prepareDebugTestDependencies
:stetho-urlconnection:compileDebugTestAidl
:stetho-urlconnection:processDebugTestManifest
:stetho-urlconnection:compileDebugTestRenderscript
:stetho-urlconnection:generateDebugTestBuildConfig
:stetho-urlconnection:generateDebugTestAssets UP-TO-DATE
:stetho-urlconnection:mergeDebugTestAssets
:stetho-urlconnection:generateDebugTestResValues
:stetho-urlconnection:generateDebugTestResources
:stetho-urlconnection:mergeDebugTestResources
:stetho-urlconnection:processDebugTestResources
:stetho-urlconnection:generateDebugTestSources
:stetho-urlconnection:compileDebugTestJava
:stetho-urlconnection:preDexDebugTest
:stetho-urlconnection:dexDebugTest
:stetho-urlconnection:processDebugTestJavaRes UP-TO-DATE
:stetho-urlconnection:validateDebugSigning
:stetho-urlconnection:packageDebugTest
:stetho-urlconnection:assembleDebugTest
:stetho-urlconnection:connectedAndroidTest
:stetho-urlconnection:connectedCheck

BUILD SUCCESSFUL

Total time: 2 mins 11.807 secs
travis_time:end:1e442348:start=1427761220191071685,finish=1427761352397031274,duration=132205959589[0K
[32;1mThe command "./gradlew build connectedCheck" exited with 0.[0m

Done. Your build exited with 0.
