Using worker: worker-linux-docker-1f676630.prod.travis-ci.org:travis-linux-2

travis_fold:start:system_info[0K[33;1mBuild system information[0m
Build language: java
[34m[1mBuild image provisioning date and time[0m
Thu Feb  5 15:09:33 UTC 2015
[34m[1mOperating System Details[0m
Distributor ID:	Ubuntu
Description:	Ubuntu 12.04.5 LTS
Release:	12.04
Codename:	precise
[34m[1mLinux Version[0m
3.13.0-29-generic
[34m[1mCookbooks Version[0m
a68419e https://github.com/travis-ci/travis-cookbooks/tree/a68419e
[34m[1mGCC version[0m
gcc (Ubuntu/Linaro 4.6.3-1ubuntu5) 4.6.3
Copyright (C) 2011 Free Software Foundation, Inc.
This is free software; see the source for copying conditions.  There is NO
warranty; not even for MERCHANTABILITY or FITNESS FOR A PARTICULAR PURPOSE.

[34m[1mLLVM version[0m
clang version 3.4 (tags/RELEASE_34/final)
Target: x86_64-unknown-linux-gnu
Thread model: posix
[34m[1mPre-installed Ruby versions[0m
ruby-1.9.3-p551
[34m[1mPre-installed Node.js versions[0m
v0.10.36
[34m[1mPre-installed Go versions[0m
1.4.1
[34m[1mRedis version[0m
redis-server 2.8.19
[34m[1mriak version[0m
2.0.2
[34m[1mMongoDB version[0m
MongoDB 2.4.12
[34m[1mCouchDB version[0m
couchdb 1.6.1
[34m[1mNeo4j version[0m
1.9.4
[34m[1mRabbitMQ Version[0m
3.4.3
[34m[1mElasticSearch version[0m
1.4.0
[34m[1mInstalled Sphinx versions[0m
2.0.10
2.1.9
2.2.6
[34m[1mDefault Sphinx version[0m
2.2.6
[34m[1mInstalled Firefox version[0m
firefox 31.0esr
[34m[1mPhantomJS version[0m
1.9.8
[34m[1mant -version[0m
Apache Ant(TM) version 1.8.2 compiled on December 3 2011
[34m[1mmvn -version[0m
Apache Maven 3.2.5 (12a6b3acb947671f09b81f49094c53f426d8cea1; 2014-12-14T17:29:23+00:00)
Maven home: /usr/local/maven
Java version: 1.7.0_76, vendor: Oracle Corporation
Java home: /usr/lib/jvm/java-7-oracle/jre
Default locale: en_US, platform encoding: ANSI_X3.4-1968
OS name: "linux", version: "3.13.0-29-generic", arch: "amd64", family: "unix"
travis_fold:end:system_info[0K
travis_fold:start:git.checkout[0Ktravis_time:start:0ee018ec[0K$ git clone --depth=50 --branch=jw/this-changes-everything git://github.com/square/retrofit.git square/retrofit
Cloning into 'square/retrofit'...
remote: Counting objects: 1428, done.[K
remote: Compressing objects:   0% (1/752)   [Kremote: Compressing objects:   1% (8/752)   [Kremote: Compressing objects:   2% (16/752)   [Kremote: Compressing objects:   3% (23/752)   [Kremote: Compressing objects:   4% (31/752)   [Kremote: Compressing objects:   5% (38/752)   [Kremote: Compressing objects:   6% (46/752)   [Kremote: Compressing objects:   7% (53/752)   [Kremote: Compressing objects:   8% (61/752)   [Kremote: Compressing objects:   9% (68/752)   [Kremote: Compressing objects:  10% (76/752)   [Kremote: Compressing objects:  11% (83/752)   [Kremote: Compressing objects:  12% (91/752)   [Kremote: Compressing objects:  13% (98/752)   [Kremote: Compressing objects:  14% (106/752)   [Kremote: Compressing objects:  15% (113/752)   [Kremote: Compressing objects:  16% (121/752)   [Kremote: Compressing objects:  17% (128/752)   [Kremote: Compressing objects:  18% (136/752)   [Kremote: Compressing objects:  19% (143/752)   [Kremote: Compressing objects:  20% (151/752)   [Kremote: Compressing objects:  21% (158/752)   [Kremote: Compressing objects:  22% (166/752)   [Kremote: Compressing objects:  23% (173/752)   [Kremote: Compressing objects:  24% (181/752)   [Kremote: Compressing objects:  25% (188/752)   [Kremote: Compressing objects:  26% (196/752)   [Kremote: Compressing objects:  27% (204/752)   [Kremote: Compressing objects:  28% (211/752)   [Kremote: Compressing objects:  29% (219/752)   [Kremote: Compressing objects:  30% (226/752)   [Kremote: Compressing objects:  31% (234/752)   [Kremote: Compressing objects:  32% (241/752)   [Kremote: Compressing objects:  33% (249/752)   [Kremote: Compressing objects:  34% (256/752)   [Kremote: Compressing objects:  35% (264/752)   [Kremote: Compressing objects:  36% (271/752)   [Kremote: Compressing objects:  37% (279/752)   [Kremote: Compressing objects:  38% (286/752)   [Kremote: Compressing objects:  39% (294/752)   [Kremote: Compressing objects:  40% (301/752)   [Kremote: Compressing objects:  41% (309/752)   [Kremote: Compressing objects:  42% (316/752)   [Kremote: Compressing objects:  43% (324/752)   [Kremote: Compressing objects:  44% (331/752)   [Kremote: Compressing objects:  45% (339/752)   [Kremote: Compressing objects:  46% (346/752)   [Kremote: Compressing objects:  47% (354/752)   [Kremote: Compressing objects:  48% (361/752)   [Kremote: Compressing objects:  49% (369/752)   [Kremote: Compressing objects:  50% (376/752)   [Kremote: Compressing objects:  51% (384/752)   [Kremote: Compressing objects:  52% (392/752)   [Kremote: Compressing objects:  53% (399/752)   [Kremote: Compressing objects:  54% (407/752)   [Kremote: Compressing objects:  55% (414/752)   [Kremote: Compressing objects:  56% (422/752)   [Kremote: Compressing objects:  57% (429/752)   [Kremote: Compressing objects:  58% (437/752)   [Kremote: Compressing objects:  59% (444/752)   [Kremote: Compressing objects:  60% (452/752)   [Kremote: Compressing objects:  61% (459/752)   [Kremote: Compressing objects:  62% (467/752)   [Kremote: Compressing objects:  63% (474/752)   [Kremote: Compressing objects:  64% (482/752)   [Kremote: Compressing objects:  65% (489/752)   [Kremote: Compressing objects:  66% (497/752)   [Kremote: Compressing objects:  67% (504/752)   [Kremote: Compressing objects:  68% (512/752)   [Kremote: Compressing objects:  69% (519/752)   [Kremote: Compressing objects:  70% (527/752)   [Kremote: Compressing objects:  71% (534/752)   [Kremote: Compressing objects:  72% (542/752)   [Kremote: Compressing objects:  73% (549/752)   [Kremote: Compressing objects:  74% (557/752)   [Kremote: Compressing objects:  75% (564/752)   [Kremote: Compressing objects:  76% (572/752)   [Kremote: Compressing objects:  77% (580/752)   [Kremote: Compressing objects:  78% (587/752)   [Kremote: Compressing objects:  79% (595/752)   [Kremote: Compressing objects:  80% (602/752)   [Kremote: Compressing objects:  81% (610/752)   [Kremote: Compressing objects:  82% (617/752)   [Kremote: Compressing objects:  83% (625/752)   [Kremote: Compressing objects:  84% (632/752)   [Kremote: Compressing objects:  85% (640/752)   [Kremote: Compressing objects:  86% (647/752)   [Kremote: Compressing objects:  87% (655/752)   [Kremote: Compressing objects:  88% (662/752)   [Kremote: Compressing objects:  89% (670/752)   [Kremote: Compressing objects:  90% (677/752)   [Kremote: Compressing objects:  91% (685/752)   [Kremote: Compressing objects:  92% (692/752)   [Kremote: Compressing objects:  93% (700/752)   [Kremote: Compressing objects:  94% (707/752)   [Kremote: Compressing objects:  95% (715/752)   [Kremote: Compressing objects:  96% (722/752)   [Kremote: Compressing objects:  97% (730/752)   [Kremote: Compressing objects:  98% (737/752)   [Kremote: Compressing objects:  99% (745/752)   [Kremote: Compressing objects: 100% (752/752)   [Kremote: Compressing objects: 100% (752/752), done.[K
Receiving objects:   0% (1/1428)   Receiving objects:   1% (15/1428)   Receiving objects:   2% (29/1428)   Receiving objects:   3% (43/1428)   Receiving objects:   4% (58/1428)   Receiving objects:   5% (72/1428)   Receiving objects:   6% (86/1428)   Receiving objects:   7% (100/1428)   Receiving objects:   8% (115/1428)   Receiving objects:   9% (129/1428)   Receiving objects:  10% (143/1428)   Receiving objects:  11% (158/1428)   Receiving objects:  12% (172/1428)   Receiving objects:  13% (186/1428)   Receiving objects:  14% (200/1428)   Receiving objects:  15% (215/1428)   Receiving objects:  16% (229/1428)   Receiving objects:  17% (243/1428)   Receiving objects:  18% (258/1428)   Receiving objects:  19% (272/1428)   Receiving objects:  20% (286/1428)   Receiving objects:  21% (300/1428)   Receiving objects:  22% (315/1428)   Receiving objects:  23% (329/1428)   Receiving objects:  24% (343/1428)   Receiving objects:  25% (357/1428)   Receiving objects:  26% (372/1428)   Receiving objects:  27% (386/1428)   Receiving objects:  28% (400/1428)   Receiving objects:  29% (415/1428)   Receiving objects:  30% (429/1428)   Receiving objects:  31% (443/1428)   Receiving objects:  32% (457/1428)   Receiving objects:  33% (472/1428)   Receiving objects:  34% (486/1428)   Receiving objects:  35% (500/1428)   Receiving objects:  36% (515/1428)   Receiving objects:  37% (529/1428)   Receiving objects:  38% (543/1428)   Receiving objects:  39% (557/1428)   Receiving objects:  40% (572/1428)   Receiving objects:  41% (586/1428)   Receiving objects:  42% (600/1428)   Receiving objects:  43% (615/1428)   Receiving objects:  44% (629/1428)   Receiving objects:  45% (643/1428)   Receiving objects:  46% (657/1428)   Receiving objects:  47% (672/1428)   Receiving objects:  48% (686/1428)   Receiving objects:  49% (700/1428)   Receiving objects:  50% (714/1428)   Receiving objects:  51% (729/1428)   Receiving objects:  52% (743/1428)   Receiving objects:  53% (757/1428)   Receiving objects:  54% (772/1428)   Receiving objects:  55% (786/1428)   Receiving objects:  56% (800/1428)   Receiving objects:  57% (814/1428)   Receiving objects:  58% (829/1428)   Receiving objects:  59% (843/1428)   Receiving objects:  60% (857/1428)   Receiving objects:  61% (872/1428)   Receiving objects:  62% (886/1428)   Receiving objects:  63% (900/1428)   Receiving objects:  64% (914/1428)   Receiving objects:  65% (929/1428)   Receiving objects:  66% (943/1428)   Receiving objects:  67% (957/1428)   Receiving objects:  68% (972/1428)   Receiving objects:  69% (986/1428)   Receiving objects:  70% (1000/1428)   Receiving objects:  71% (1014/1428)   Receiving objects:  72% (1029/1428)   Receiving objects:  73% (1043/1428)   Receiving objects:  74% (1057/1428)   Receiving objects:  75% (1071/1428)   Receiving objects:  76% (1086/1428)   Receiving objects:  77% (1100/1428)   remote: Total 1428 (delta 517), reused 1164 (delta 324), pack-reused 0[K
Receiving objects:  78% (1114/1428)   Receiving objects:  79% (1129/1428)   Receiving objects:  80% (1143/1428)   Receiving objects:  81% (1157/1428)   Receiving objects:  82% (1171/1428)   Receiving objects:  83% (1186/1428)   Receiving objects:  84% (1200/1428)   Receiving objects:  85% (1214/1428)   Receiving objects:  86% (1229/1428)   Receiving objects:  87% (1243/1428)   Receiving objects:  88% (1257/1428)   Receiving objects:  89% (1271/1428)   Receiving objects:  90% (1286/1428)   Receiving objects:  91% (1300/1428)   Receiving objects:  92% (1314/1428)   Receiving objects:  93% (1329/1428)   Receiving objects:  94% (1343/1428)   Receiving objects:  95% (1357/1428)   Receiving objects:  96% (1371/1428)   Receiving objects:  97% (1386/1428)   Receiving objects:  98% (1400/1428)   Receiving objects:  99% (1414/1428)   Receiving objects: 100% (1428/1428)   Receiving objects: 100% (1428/1428), 335.12 KiB | 0 bytes/s, done.
Resolving deltas:   0% (0/517)   Resolving deltas:   6% (34/517)   Resolving deltas:   8% (42/517)   Resolving deltas:   9% (48/517)   Resolving deltas:  12% (67/517)   Resolving deltas:  18% (95/517)   Resolving deltas:  28% (145/517)   Resolving deltas:  29% (152/517)   Resolving deltas:  30% (156/517)   Resolving deltas:  32% (166/517)   Resolving deltas:  33% (174/517)   Resolving deltas:  34% (179/517)   Resolving deltas:  35% (184/517)   Resolving deltas:  36% (187/517)   Resolving deltas:  37% (192/517)   Resolving deltas:  38% (199/517)   Resolving deltas:  39% (204/517)   Resolving deltas:  45% (236/517)   Resolving deltas:  48% (249/517)   Resolving deltas:  49% (258/517)   Resolving deltas:  50% (259/517)   Resolving deltas:  51% (265/517)   Resolving deltas:  52% (269/517)   Resolving deltas:  55% (285/517)   Resolving deltas:  57% (296/517)   Resolving deltas:  58% (300/517)   Resolving deltas:  59% (308/517)   Resolving deltas:  60% (311/517)   Resolving deltas:  62% (322/517)   Resolving deltas:  63% (328/517)   Resolving deltas:  64% (333/517)   Resolving deltas:  65% (337/517)   Resolving deltas:  66% (342/517)   Resolving deltas:  68% (355/517)   Resolving deltas:  69% (357/517)   Resolving deltas:  70% (362/517)   Resolving deltas:  71% (368/517)   Resolving deltas:  73% (382/517)   Resolving deltas:  74% (383/517)   Resolving deltas:  75% (388/517)   Resolving deltas:  77% (401/517)   Resolving deltas:  78% (405/517)   Resolving deltas:  79% (411/517)   Resolving deltas:  80% (418/517)   Resolving deltas:  82% (424/517)   Resolving deltas:  83% (430/517)   Resolving deltas:  84% (435/517)   Resolving deltas:  85% (441/517)   Resolving deltas:  86% (445/517)   Resolving deltas:  88% (459/517)   Resolving deltas:  91% (473/517)   Resolving deltas:  93% (485/517)   Resolving deltas:  94% (486/517)   Resolving deltas:  95% (494/517)   Resolving deltas:  97% (503/517)   Resolving deltas: 100% (517/517)   Resolving deltas: 100% (517/517), done.
Checking connectivity... done.
travis_time:end:0ee018ec:start=1431575508076077564,finish=1431575508285931955,duration=209854391[0K$ cd square/retrofit
$ git checkout -qf 44e435b62006438bff215ff92107d1436eda9392
travis_fold:end:git.checkout[0K
[33;1mThis job is running on container-based infrastructure, which does not allow use of 'sudo', setuid and setguid executables.[0m
[33;1mIf you require sudo, add 'sudo: required' to your .travis.yml[0m
[33;1mSee http://docs.travis-ci.com/user/workers/container-based-infrastructure/ for details.[0m

[33;1mSetting environment variables from .travis.yml[0m
$ export CI_DEPLOY_USERNAME=[secure]
$ export CI_DEPLOY_PASSWORD=[secure]

travis_fold:start:cache.1[0KSetting up build cache
$ export CASHER_DIR=$HOME/.casher
travis_time:start:06aa7b5a[0K$ Installing caching utilities
travis_time:end:06aa7b5a:start=1431575510051285649,finish=1431575510179672723,duration=128387074[0Ktravis_time:start:2f7ace0c[0Kattempting to download cache archive
fetching jwthis-changes-everything/cache--jdk-oraclejdk8.tbz
fetching master/cache--jdk-oraclejdk8.tbz
found cache
travis_time:end:2f7ace0c:start=1431575510184086285,finish=1431575511067279115,duration=883192830[0Ktravis_time:start:0755a729[0Kadding /home/travis/.m2 to cache
travis_time:end:0755a729:start=1431575511072767657,finish=1431575514614108377,duration=3541340720[0Ktravis_fold:end:cache.1[0K$ jdk_switcher use oraclejdk8
Switching to Oracle JDK8 (java-8-oracle), JAVA_HOME will be set to /usr/lib/jvm/java-8-oracle
$ java -Xmx32m -version
java version "1.8.0_31"
Java(TM) SE Runtime Environment (build 1.8.0_31-b13)
Java HotSpot(TM) 64-Bit Server VM (build 25.31-b07, mixed mode)
$ javac -J-Xmx32m -version
javac 1.8.0_31
travis_fold:start:install[0Ktravis_time:start:001ffbff[0K$ mvn install -DskipTests=true -Dmaven.javadoc.skip=true -B -V
Java HotSpot(TM) 64-Bit Server VM warning: ignoring option MaxPermSize=192m; support was removed in 8.0
Apache Maven 3.2.5 (12a6b3acb947671f09b81f49094c53f426d8cea1; 2014-12-14T17:29:23+00:00)
Maven home: /usr/local/maven
Java version: 1.8.0_31, vendor: Oracle Corporation
Java home: /usr/lib/jvm/java-8-oracle/jre
Default locale: en_US, platform encoding: UTF-8
OS name: "linux", version: "3.13.0-40-generic", arch: "amd64", family: "unix"
[INFO] Scanning for projects...
[INFO] Downloading: https://repository.apache.org/snapshots/com/squareup/retrofit/retrofit-converters/2.0.0-SNAPSHOT/maven-metadata.xml
[INFO] Downloading: https://repository.apache.org/snapshots/com/squareup/retrofit/parent/2.0.0-SNAPSHOT/maven-metadata.xml
[WARNING] 
[WARNING] Some problems were encountered while building the effective model for com.squareup.retrofit:adapter-rxjava:jar:2.0.0-SNAPSHOT
[WARNING] 'parent.relativePath' points at com.squareup.retrofit:retrofit-adapters instead of com.squareup.retrofit:retrofit-converters, please verify your project structure @ com.squareup.retrofit:adapter-rxjava:[unknown-version], /home/travis/build/square/retrofit/retrofit-adapters/rxjava/pom.xml, line 6, column 11
[WARNING] 
[WARNING] It is highly recommended to fix these problems because they threaten the stability of your build.
[WARNING] 
[WARNING] For this reason, future Maven versions might no longer support building such malformed projects.
[WARNING] 
[INFO] ------------------------------------------------------------------------
[INFO] Reactor Build Order:
[INFO] 
[INFO] Retrofit (Parent)
[INFO] Retrofit
[INFO] Converters
[INFO] Adapter: RxJava
[INFO] Adapters
[INFO] Converter: Protocol Buffers
[INFO] Converter: Jackson
[INFO] Converter: Wire Protocol Buffers
[INFO] Converter: SimpleXML
[INFO] Retrofit Mock Adapter
[INFO] Samples
[INFO] Sample: GitHub Client
[INFO] Sample: Mock GitHub Client
[INFO]                                                                         
[INFO] ------------------------------------------------------------------------
[INFO] Building Retrofit (Parent) 2.0.0-SNAPSHOT
[INFO] ------------------------------------------------------------------------
[INFO] Downloading: https://repo.maven.apache.org/maven2/org/apache/maven/plugins/maven-checkstyle-plugin/2.15/maven-checkstyle-plugin-2.15.pom
[INFO] Downloaded: https://repo.maven.apache.org/maven2/org/apache/maven/plugins/maven-checkstyle-plugin/2.15/maven-checkstyle-plugin-2.15.pom (14 KB at 134.4 KB/sec)
[INFO] Downloading: https://repo.maven.apache.org/maven2/org/apache/maven/plugins/maven-plugins/27/maven-plugins-27.pom
[INFO] Downloaded: https://repo.maven.apache.org/maven2/org/apache/maven/plugins/maven-plugins/27/maven-plugins-27.pom (12 KB at 264.3 KB/sec)
[INFO] Downloading: https://repo.maven.apache.org/maven2/org/apache/maven/maven-parent/26/maven-parent-26.pom
[INFO] Downloaded: https://repo.maven.apache.org/maven2/org/apache/maven/maven-parent/26/maven-parent-26.pom (39 KB at 1142.7 KB/sec)
[INFO] Downloading: https://repo.maven.apache.org/maven2/org/apache/apache/16/apache-16.pom
[INFO] Downloaded: https://repo.maven.apache.org/maven2/org/apache/apache/16/apache-16.pom (16 KB at 406.4 KB/sec)
[INFO] Downloading: https://repo.maven.apache.org/maven2/org/apache/maven/plugins/maven-checkstyle-plugin/2.15/maven-checkstyle-plugin-2.15.jar
[INFO] Downloaded: https://repo.maven.apache.org/maven2/org/apache/maven/plugins/maven-checkstyle-plugin/2.15/maven-checkstyle-plugin-2.15.jar (109 KB at 1777.8 KB/sec)
[INFO] 
[INFO] --- maven-enforcer-plugin:1.0:enforce (enforce-maven) @ parent ---
[INFO] 
[INFO] --- maven-checkstyle-plugin:2.15:checkstyle (default) @ parent ---
[INFO] Downloading: https://repo.maven.apache.org/maven2/org/apache/maven/reporting/maven-reporting-api/2.2.1/maven-reporting-api-2.2.1.pom
[INFO] Downloaded: https://repo.maven.apache.org/maven2/org/apache/maven/reporting/maven-reporting-api/2.2.1/maven-reporting-api-2.2.1.pom (2 KB at 82.2 KB/sec)
[INFO] Downloading: https://repo.maven.apache.org/maven2/org/apache/maven/reporting/maven-reporting/2.2.1/maven-reporting-2.2.1.pom
[INFO] Downloaded: https://repo.maven.apache.org/maven2/org/apache/maven/reporting/maven-reporting/2.2.1/maven-reporting-2.2.1.pom (2 KB at 52.2 KB/sec)
[INFO] Downloading: https://repo.maven.apache.org/maven2/org/apache/maven/doxia/doxia-sink-api/1.1/doxia-sink-api-1.1.pom
[INFO] Downloaded: https://repo.maven.apache.org/maven2/org/apache/maven/doxia/doxia-sink-api/1.1/doxia-sink-api-1.1.pom (2 KB at 62.2 KB/sec)
[INFO] Downloading: https://repo.maven.apache.org/maven2/org/apache/maven/doxia/doxia/1.1/doxia-1.1.pom
[INFO] Downloaded: https://repo.maven.apache.org/maven2/org/apache/maven/doxia/doxia/1.1/doxia-1.1.pom (15 KB at 511.1 KB/sec)
[INFO] Downloading: https://repo.maven.apache.org/maven2/org/apache/maven/doxia/doxia-logging-api/1.1/doxia-logging-api-1.1.pom
[INFO] Downloaded: https://repo.maven.apache.org/maven2/org/apache/maven/doxia/doxia-logging-api/1.1/doxia-logging-api-1.1.pom (2 KB at 59.2 KB/sec)
[INFO] Downloading: https://repo.maven.apache.org/maven2/org/apache/maven/reporting/maven-reporting-impl/2.3/maven-reporting-impl-2.3.pom
[INFO] Downloaded: https://repo.maven.apache.org/maven2/org/apache/maven/reporting/maven-reporting-impl/2.3/maven-reporting-impl-2.3.pom (5 KB at 128.5 KB/sec)
[INFO] Downloading: https://repo.maven.apache.org/maven2/org/apache/maven/shared/maven-shared-components/20/maven-shared-components-20.pom
[INFO] Downloaded: https://repo.maven.apache.org/maven2/org/apache/maven/shared/maven-shared-components/20/maven-shared-components-20.pom (5 KB at 14.1 KB/sec)
[INFO] Downloading: https://repo.maven.apache.org/maven2/org/apache/maven/maven-parent/24/maven-parent-24.pom
[INFO] Downloaded: https://repo.maven.apache.org/maven2/org/apache/maven/maven-parent/24/maven-parent-24.pom (37 KB at 257.4 KB/sec)
[INFO] Downloading: https://repo.maven.apache.org/maven2/org/apache/apache/14/apache-14.pom
[INFO] Downloaded: https://repo.maven.apache.org/maven2/org/apache/apache/14/apache-14.pom (15 KB at 531.1 KB/sec)
[INFO] Downloading: https://repo.maven.apache.org/maven2/org/apache/maven/shared/maven-shared-utils/0.6/maven-shared-utils-0.6.pom
[INFO] Downloaded: https://repo.maven.apache.org/maven2/org/apache/maven/shared/maven-shared-utils/0.6/maven-shared-utils-0.6.pom (5 KB at 140.1 KB/sec)
[INFO] Downloading: https://repo.maven.apache.org/maven2/org/apache/maven/shared/maven-shared-components/19/maven-shared-components-19.pom
[INFO] Downloaded: https://repo.maven.apache.org/maven2/org/apache/maven/shared/maven-shared-components/19/maven-shared-components-19.pom (7 KB at 282.3 KB/sec)
[INFO] Downloading: https://repo.maven.apache.org/maven2/org/apache/maven/maven-parent/23/maven-parent-23.pom
[INFO] Downloaded: https://repo.maven.apache.org/maven2/org/apache/maven/maven-parent/23/maven-parent-23.pom (32 KB at 1097.3 KB/sec)
[INFO] Downloading: https://repo.maven.apache.org/maven2/org/apache/apache/13/apache-13.pom
[INFO] Downloaded: https://repo.maven.apache.org/maven2/org/apache/apache/13/apache-13.pom (14 KB at 545.9 KB/sec)
[INFO] Downloading: https://repo.maven.apache.org/maven2/org/apache/maven/shared/maven-shared-resources/2/maven-shared-resources-2.pom
[INFO] Downloaded: https://repo.maven.apache.org/maven2/org/apache/maven/shared/maven-shared-resources/2/maven-shared-resources-2.pom (3 KB at 99.5 KB/sec)
[INFO] Downloading: https://repo.maven.apache.org/maven2/org/apache/maven/shared/maven-shared-components/21/maven-shared-components-21.pom
[INFO] Downloaded: https://repo.maven.apache.org/maven2/org/apache/maven/shared/maven-shared-components/21/maven-shared-components-21.pom (5 KB at 226.7 KB/sec)
[INFO] Downloading: https://repo.maven.apache.org/maven2/org/apache/maven/maven-parent/25/maven-parent-25.pom
[INFO] Downloaded: https://repo.maven.apache.org/maven2/org/apache/maven/maven-parent/25/maven-parent-25.pom (37 KB at 1075.4 KB/sec)
[INFO] Downloading: https://repo.maven.apache.org/maven2/org/apache/apache/15/apache-15.pom
[INFO] Downloaded: https://repo.maven.apache.org/maven2/org/apache/apache/15/apache-15.pom (15 KB at 595.2 KB/sec)
[INFO] Downloading: https://repo.maven.apache.org/maven2/org/apache/maven/doxia/doxia-sink-api/1.4/doxia-sink-api-1.4.pom
[INFO] Downloaded: https://repo.maven.apache.org/maven2/org/apache/maven/doxia/doxia-sink-api/1.4/doxia-sink-api-1.4.pom (2 KB at 68.0 KB/sec)
[INFO] Downloading: https://repo.maven.apache.org/maven2/org/apache/maven/doxia/doxia/1.4/doxia-1.4.pom
[INFO] Downloaded: https://repo.maven.apache.org/maven2/org/apache/maven/doxia/doxia/1.4/doxia-1.4.pom (18 KB at 701.3 KB/sec)
[INFO] Downloading: https://repo.maven.apache.org/maven2/org/apache/maven/doxia/doxia-logging-api/1.4/doxia-logging-api-1.4.pom
[INFO] Downloaded: https://repo.maven.apache.org/maven2/org/apache/maven/doxia/doxia-logging-api/1.4/doxia-logging-api-1.4.pom (2 KB at 41.7 KB/sec)
[INFO] Downloading: https://repo.maven.apache.org/maven2/org/apache/maven/doxia/doxia-decoration-model/1.4/doxia-decoration-model-1.4.pom
[INFO] Downloaded: https://repo.maven.apache.org/maven2/org/apache/maven/doxia/doxia-decoration-model/1.4/doxia-decoration-model-1.4.pom (3 KB at 100.4 KB/sec)
[INFO] Downloading: https://repo.maven.apache.org/maven2/org/apache/maven/doxia/doxia-sitetools/1.4/doxia-sitetools-1.4.pom
[INFO] Downloaded: https://repo.maven.apache.org/maven2/org/apache/maven/doxia/doxia-sitetools/1.4/doxia-sitetools-1.4.pom (17 KB at 478.9 KB/sec)
[INFO] Downloading: https://repo.maven.apache.org/maven2/org/codehaus/plexus/plexus-utils/3.0.10/plexus-utils-3.0.10.pom
[INFO] Downloaded: https://repo.maven.apache.org/maven2/org/codehaus/plexus/plexus-utils/3.0.10/plexus-utils-3.0.10.pom (4 KB at 118.1 KB/sec)
[INFO] Downloading: https://repo.maven.apache.org/maven2/org/apache/maven/doxia/doxia-site-renderer/1.4/doxia-site-renderer-1.4.pom
[INFO] Downloaded: https://repo.maven.apache.org/maven2/org/apache/maven/doxia/doxia-site-renderer/1.4/doxia-site-renderer-1.4.pom (6 KB at 248.7 KB/sec)
[INFO] Downloading: https://repo.maven.apache.org/maven2/org/apache/maven/doxia/doxia-core/1.4/doxia-core-1.4.pom
[INFO] Downloaded: https://repo.maven.apache.org/maven2/org/apache/maven/doxia/doxia-core/1.4/doxia-core-1.4.pom (4 KB at 180.5 KB/sec)
[INFO] Downloading: https://repo.maven.apache.org/maven2/org/apache/maven/doxia/doxia-module-xhtml/1.4/doxia-module-xhtml-1.4.pom
[INFO] Downloaded: https://repo.maven.apache.org/maven2/org/apache/maven/doxia/doxia-module-xhtml/1.4/doxia-module-xhtml-1.4.pom (2 KB at 69.3 KB/sec)
[INFO] Downloading: https://repo.maven.apache.org/maven2/org/apache/maven/doxia/doxia-modules/1.4/doxia-modules-1.4.pom
[INFO] Downloaded: https://repo.maven.apache.org/maven2/org/apache/maven/doxia/doxia-modules/1.4/doxia-modules-1.4.pom (3 KB at 116.4 KB/sec)
[INFO] Downloading: https://repo.maven.apache.org/maven2/org/apache/maven/doxia/doxia-module-fml/1.4/doxia-module-fml-1.4.pom
[INFO] Downloaded: https://repo.maven.apache.org/maven2/org/apache/maven/doxia/doxia-module-fml/1.4/doxia-module-fml-1.4.pom (5 KB at 204.0 KB/sec)
[INFO] Downloading: https://repo.maven.apache.org/maven2/org/apache/velocity/velocity-tools/2.0/velocity-tools-2.0.pom
[INFO] Downloaded: https://repo.maven.apache.org/maven2/org/apache/velocity/velocity-tools/2.0/velocity-tools-2.0.pom (18 KB at 658.3 KB/sec)
[INFO] Downloading: https://repo.maven.apache.org/maven2/commons-digester/commons-digester/1.8/commons-digester-1.8.pom
[INFO] Downloaded: https://repo.maven.apache.org/maven2/commons-digester/commons-digester/1.8/commons-digester-1.8.pom (7 KB at 297.4 KB/sec)
[INFO] Downloading: https://repo.maven.apache.org/maven2/commons-logging/commons-logging/1.1/commons-logging-1.1.pom
[INFO] Downloaded: https://repo.maven.apache.org/maven2/commons-logging/commons-logging/1.1/commons-logging-1.1.pom (7 KB at 262.5 KB/sec)
[INFO] Downloading: https://repo.maven.apache.org/maven2/logkit/logkit/1.0.1/logkit-1.0.1.pom
[INFO] Downloaded: https://repo.maven.apache.org/maven2/logkit/logkit/1.0.1/logkit-1.0.1.pom (147 B at 7.6 KB/sec)
[INFO] Downloading: https://repo.maven.apache.org/maven2/avalon-framework/avalon-framework/4.1.3/avalon-framework-4.1.3.pom
[INFO] Downloaded: https://repo.maven.apache.org/maven2/avalon-framework/avalon-framework/4.1.3/avalon-framework-4.1.3.pom (167 B at 8.2 KB/sec)
[INFO] Downloading: https://repo.maven.apache.org/maven2/javax/servlet/servlet-api/2.3/servlet-api-2.3.pom
[INFO] Downloaded: https://repo.maven.apache.org/maven2/javax/servlet/servlet-api/2.3/servlet-api-2.3.pom (156 B at 6.1 KB/sec)
[INFO] Downloading: https://repo.maven.apache.org/maven2/commons-chain/commons-chain/1.1/commons-chain-1.1.pom
[INFO] Downloaded: https://repo.maven.apache.org/maven2/commons-chain/commons-chain/1.1/commons-chain-1.1.pom (6 KB at 266.9 KB/sec)
[INFO] Downloading: https://repo.maven.apache.org/maven2/dom4j/dom4j/1.1/dom4j-1.1.pom
[INFO] Downloaded: https://repo.maven.apache.org/maven2/dom4j/dom4j/1.1/dom4j-1.1.pom (142 B at 6.0 KB/sec)
[INFO] Downloading: https://repo.maven.apache.org/maven2/sslext/sslext/1.2-0/sslext-1.2-0.pom
[INFO] Downloaded: https://repo.maven.apache.org/maven2/sslext/sslext/1.2-0/sslext-1.2-0.pom (653 B at 29.0 KB/sec)
[INFO] Downloading: https://repo.maven.apache.org/maven2/org/apache/struts/struts-core/1.3.8/struts-core-1.3.8.pom
[INFO] Downloaded: https://repo.maven.apache.org/maven2/org/apache/struts/struts-core/1.3.8/struts-core-1.3.8.pom (5 KB at 150.4 KB/sec)
[INFO] Downloading: https://repo.maven.apache.org/maven2/org/apache/struts/struts-parent/1.3.8/struts-parent-1.3.8.pom
[INFO] Downloaded: https://repo.maven.apache.org/maven2/org/apache/struts/struts-parent/1.3.8/struts-parent-1.3.8.pom (10 KB at 331.3 KB/sec)
[INFO] Downloading: https://repo.maven.apache.org/maven2/org/apache/struts/struts-master/4/struts-master-4.pom
[INFO] Downloaded: https://repo.maven.apache.org/maven2/org/apache/struts/struts-master/4/struts-master-4.pom (12 KB at 330.1 KB/sec)
[INFO] Downloading: https://repo.maven.apache.org/maven2/org/apache/apache/2/apache-2.pom
[INFO] Downloaded: https://repo.maven.apache.org/maven2/org/apache/apache/2/apache-2.pom (4 KB at 158.5 KB/sec)
[INFO] Downloading: https://repo.maven.apache.org/maven2/antlr/antlr/2.7.2/antlr-2.7.2.pom
[INFO] Downloaded: https://repo.maven.apache.org/maven2/antlr/antlr/2.7.2/antlr-2.7.2.pom (145 B at 5.9 KB/sec)
[INFO] Downloading: https://repo.maven.apache.org/maven2/org/apache/struts/struts-taglib/1.3.8/struts-taglib-1.3.8.pom
[INFO] Downloaded: https://repo.maven.apache.org/maven2/org/apache/struts/struts-taglib/1.3.8/struts-taglib-1.3.8.pom (4 KB at 120.2 KB/sec)
[INFO] Downloading: https://repo.maven.apache.org/maven2/org/apache/struts/struts-tiles/1.3.8/struts-tiles-1.3.8.pom
[INFO] Downloaded: https://repo.maven.apache.org/maven2/org/apache/struts/struts-tiles/1.3.8/struts-tiles-1.3.8.pom (3 KB at 113.5 KB/sec)
[INFO] Downloading: https://repo.maven.apache.org/maven2/org/apache/velocity/velocity/1.6.2/velocity-1.6.2.pom
[INFO] Downloaded: https://repo.maven.apache.org/maven2/org/apache/velocity/velocity/1.6.2/velocity-1.6.2.pom (11 KB at 370.4 KB/sec)
[INFO] Downloading: https://repo.maven.apache.org/maven2/org/apache/maven/doxia/doxia-integration-tools/1.6/doxia-integration-tools-1.6.pom
[INFO] Downloaded: https://repo.maven.apache.org/maven2/org/apache/maven/doxia/doxia-integration-tools/1.6/doxia-integration-tools-1.6.pom (7 KB at 295.4 KB/sec)
[INFO] Downloading: https://repo.maven.apache.org/maven2/org/apache/maven/doxia/doxia-tools/3/doxia-tools-3.pom
[INFO] Downloaded: https://repo.maven.apache.org/maven2/org/apache/maven/doxia/doxia-tools/3/doxia-tools-3.pom (10 KB at 372.9 KB/sec)
[INFO] Downloading: https://repo.maven.apache.org/maven2/org/apache/maven/doxia/doxia-logging-api/1.6/doxia-logging-api-1.6.pom
[INFO] Downloaded: https://repo.maven.apache.org/maven2/org/apache/maven/doxia/doxia-logging-api/1.6/doxia-logging-api-1.6.pom (2 KB at 68.2 KB/sec)
[INFO] Downloading: https://repo.maven.apache.org/maven2/org/apache/maven/doxia/doxia/1.6/doxia-1.6.pom
[INFO] Downloaded: https://repo.maven.apache.org/maven2/org/apache/maven/doxia/doxia/1.6/doxia-1.6.pom (19 KB at 741.6 KB/sec)
[INFO] Downloading: https://repo.maven.apache.org/maven2/org/apache/maven/doxia/doxia-decoration-model/1.6/doxia-decoration-model-1.6.pom
[INFO] Downloaded: https://repo.maven.apache.org/maven2/org/apache/maven/doxia/doxia-decoration-model/1.6/doxia-decoration-model-1.6.pom (3 KB at 127.1 KB/sec)
[INFO] Downloading: https://repo.maven.apache.org/maven2/org/apache/maven/doxia/doxia-sitetools/1.6/doxia-sitetools-1.6.pom
[INFO] Downloaded: https://repo.maven.apache.org/maven2/org/apache/maven/doxia/doxia-sitetools/1.6/doxia-sitetools-1.6.pom (18 KB at 623.8 KB/sec)
[INFO] Downloading: https://repo.maven.apache.org/maven2/org/codehaus/plexus/plexus-utils/3.0.15/plexus-utils-3.0.15.pom
[INFO] Downloaded: https://repo.maven.apache.org/maven2/org/codehaus/plexus/plexus-utils/3.0.15/plexus-utils-3.0.15.pom (4 KB at 128.0 KB/sec)
[INFO] Downloading: https://repo.maven.apache.org/maven2/org/codehaus/plexus/plexus/3.3.1/plexus-3.3.1.pom
[INFO] Downloaded: https://repo.maven.apache.org/maven2/org/codehaus/plexus/plexus/3.3.1/plexus-3.3.1.pom (20 KB at 570.5 KB/sec)
[INFO] Downloading: https://repo.maven.apache.org/maven2/org/codehaus/plexus/plexus-interpolation/1.14/plexus-interpolation-1.14.pom
[INFO] Downloaded: https://repo.maven.apache.org/maven2/org/codehaus/plexus/plexus-interpolation/1.14/plexus-interpolation-1.14.pom (910 B at 44.4 KB/sec)
[INFO] Downloading: https://repo.maven.apache.org/maven2/org/codehaus/plexus/plexus-components/1.1.18/plexus-components-1.1.18.pom
[INFO] Downloaded: https://repo.maven.apache.org/maven2/org/codehaus/plexus/plexus-components/1.1.18/plexus-components-1.1.18.pom (6 KB at 261.5 KB/sec)
[INFO] Downloading: https://repo.maven.apache.org/maven2/org/codehaus/plexus/plexus-resources/1.0.1/plexus-resources-1.0.1.pom
[INFO] Downloaded: https://repo.maven.apache.org/maven2/org/codehaus/plexus/plexus-resources/1.0.1/plexus-resources-1.0.1.pom (2 KB at 58.5 KB/sec)
[INFO] Downloading: https://repo.maven.apache.org/maven2/org/codehaus/plexus/plexus-components/1.3.1/plexus-components-1.3.1.pom
[INFO] Downloaded: https://repo.maven.apache.org/maven2/org/codehaus/plexus/plexus-components/1.3.1/plexus-components-1.3.1.pom (3 KB at 142.5 KB/sec)
[INFO] Downloading: https://repo.maven.apache.org/maven2/org/codehaus/plexus/plexus-utils/3.0.20/plexus-utils-3.0.20.pom
[INFO] Downloaded: https://repo.maven.apache.org/maven2/org/codehaus/plexus/plexus-utils/3.0.20/plexus-utils-3.0.20.pom (4 KB at 161.8 KB/sec)
[INFO] Downloading: https://repo.maven.apache.org/maven2/org/codehaus/plexus/plexus-interpolation/1.21/plexus-interpolation-1.21.pom
[INFO] Downloaded: https://repo.maven.apache.org/maven2/org/codehaus/plexus/plexus-interpolation/1.21/plexus-interpolation-1.21.pom (2 KB at 75.2 KB/sec)
[INFO] Downloading: https://repo.maven.apache.org/maven2/com/puppycrawl/tools/checkstyle/6.1.1/checkstyle-6.1.1.pom
[INFO] Downloaded: https://repo.maven.apache.org/maven2/com/puppycrawl/tools/checkstyle/6.1.1/checkstyle-6.1.1.pom (30 KB at 1024.1 KB/sec)
[INFO] Downloading: https://repo.maven.apache.org/maven2/org/antlr/antlr4-runtime/4.3/antlr4-runtime-4.3.pom
[INFO] Downloaded: https://repo.maven.apache.org/maven2/org/antlr/antlr4-runtime/4.3/antlr4-runtime-4.3.pom (5 KB at 179.9 KB/sec)
[INFO] Downloading: https://repo.maven.apache.org/maven2/org/antlr/antlr4-master/4.3/antlr4-master-4.3.pom
[INFO] Downloaded: https://repo.maven.apache.org/maven2/org/antlr/antlr4-master/4.3/antlr4-master-4.3.pom (8 KB at 336.5 KB/sec)
[INFO] Downloading: https://repo.maven.apache.org/maven2/org/abego/treelayout/org.abego.treelayout.core/1.0.1/org.abego.treelayout.core-1.0.1.pom
[INFO] Downloaded: https://repo.maven.apache.org/maven2/org/abego/treelayout/org.abego.treelayout.core/1.0.1/org.abego.treelayout.core-1.0.1.pom (4 KB at 137.7 KB/sec)
[INFO] Downloading: https://repo.maven.apache.org/maven2/org/antlr/antlr4-annotations/4.3/antlr4-annotations-4.3.pom
[INFO] Downloaded: https://repo.maven.apache.org/maven2/org/antlr/antlr4-annotations/4.3/antlr4-annotations-4.3.pom (2 KB at 56.5 KB/sec)
[INFO] Downloading: https://repo.maven.apache.org/maven2/org/slf4j/slf4j-jdk14/1.5.6/slf4j-jdk14-1.5.6.jar
[INFO] Downloading: https://repo.maven.apache.org/maven2/org/slf4j/slf4j-api/1.5.6/slf4j-api-1.5.6.jar
[INFO] Downloading: https://repo.maven.apache.org/maven2/org/slf4j/jcl-over-slf4j/1.5.6/jcl-over-slf4j-1.5.6.jar
[INFO] Downloading: https://repo.maven.apache.org/maven2/org/sonatype/plexus/plexus-sec-dispatcher/1.3/plexus-sec-dispatcher-1.3.jar
[INFO] Downloading: https://repo.maven.apache.org/maven2/org/sonatype/plexus/plexus-cipher/1.4/plexus-cipher-1.4.jar
[INFO] Downloaded: https://repo.maven.apache.org/maven2/org/slf4j/slf4j-jdk14/1.5.6/slf4j-jdk14-1.5.6.jar (9 KB at 70.6 KB/sec)
[INFO] Downloading: https://repo.maven.apache.org/maven2/org/apache/maven/reporting/maven-reporting-impl/2.3/maven-reporting-impl-2.3.jar
[INFO] Downloaded: https://repo.maven.apache.org/maven2/org/slf4j/jcl-over-slf4j/1.5.6/jcl-over-slf4j-1.5.6.jar (17 KB at 94.4 KB/sec)
[INFO] Downloading: https://repo.maven.apache.org/maven2/org/apache/maven/shared/maven-shared-utils/0.6/maven-shared-utils-0.6.jar
[INFO] Downloaded: https://repo.maven.apache.org/maven2/org/slf4j/slf4j-api/1.5.6/slf4j-api-1.5.6.jar (22 KB at 113.0 KB/sec)
[INFO] Downloading: https://repo.maven.apache.org/maven2/org/apache/maven/shared/maven-shared-resources/2/maven-shared-resources-2.jar
[INFO] Downloaded: https://repo.maven.apache.org/maven2/org/apache/maven/reporting/maven-reporting-impl/2.3/maven-reporting-impl-2.3.jar (18 KB at 105.1 KB/sec)
[INFO] Downloading: https://repo.maven.apache.org/maven2/org/apache/maven/doxia/doxia-sink-api/1.4/doxia-sink-api-1.4.jar
[INFO] Downloaded: https://repo.maven.apache.org/maven2/org/apache/maven/shared/maven-shared-resources/2/maven-shared-resources-2.jar (13 KB at 74.1 KB/sec)
[INFO] Downloading: https://repo.maven.apache.org/maven2/org/apache/maven/doxia/doxia-logging-api/1.4/doxia-logging-api-1.4.jar
[INFO] Downloaded: https://repo.maven.apache.org/maven2/org/sonatype/plexus/plexus-cipher/1.4/plexus-cipher-1.4.jar (14 KB at 67.6 KB/sec)
[INFO] Downloading: https://repo.maven.apache.org/maven2/org/apache/maven/doxia/doxia-decoration-model/1.4/doxia-decoration-model-1.4.jar
[INFO] Downloaded: https://repo.maven.apache.org/maven2/org/apache/maven/doxia/doxia-sink-api/1.4/doxia-sink-api-1.4.jar (11 KB at 47.8 KB/sec)
[INFO] Downloading: https://repo.maven.apache.org/maven2/org/apache/maven/doxia/doxia-site-renderer/1.4/doxia-site-renderer-1.4.jar
[INFO] Downloaded: https://repo.maven.apache.org/maven2/org/sonatype/plexus/plexus-sec-dispatcher/1.3/plexus-sec-dispatcher-1.3.jar (28 KB at 120.2 KB/sec)
[INFO] Downloading: https://repo.maven.apache.org/maven2/org/apache/maven/doxia/doxia-module-xhtml/1.4/doxia-module-xhtml-1.4.jar
[INFO] Downloaded: https://repo.maven.apache.org/maven2/org/apache/maven/doxia/doxia-logging-api/1.4/doxia-logging-api-1.4.jar (12 KB at 44.0 KB/sec)
[INFO] Downloading: https://repo.maven.apache.org/maven2/org/apache/maven/doxia/doxia-module-fml/1.4/doxia-module-fml-1.4.jar
[INFO] Downloaded: https://repo.maven.apache.org/maven2/org/apache/maven/doxia/doxia-decoration-model/1.4/doxia-decoration-model-1.4.jar (60 KB at 219.1 KB/sec)
[INFO] Downloading: https://repo.maven.apache.org/maven2/org/apache/velocity/velocity-tools/2.0/velocity-tools-2.0.jar
[INFO] Downloaded: https://repo.maven.apache.org/maven2/org/apache/maven/shared/maven-shared-utils/0.6/maven-shared-utils-0.6.jar (161 KB at 568.1 KB/sec)
[INFO] Downloading: https://repo.maven.apache.org/maven2/commons-chain/commons-chain/1.1/commons-chain-1.1.jar
[INFO] Downloaded: https://repo.maven.apache.org/maven2/org/apache/maven/doxia/doxia-module-xhtml/1.4/doxia-module-xhtml-1.4.jar (16 KB at 52.7 KB/sec)
[INFO] Downloading: https://repo.maven.apache.org/maven2/dom4j/dom4j/1.1/dom4j-1.1.jar
[INFO] Downloaded: https://repo.maven.apache.org/maven2/org/apache/maven/doxia/doxia-site-renderer/1.4/doxia-site-renderer-1.4.jar (52 KB at 160.5 KB/sec)
[INFO] Downloading: https://repo.maven.apache.org/maven2/sslext/sslext/1.2-0/sslext-1.2-0.jar
[INFO] Downloaded: https://repo.maven.apache.org/maven2/org/apache/maven/doxia/doxia-module-fml/1.4/doxia-module-fml-1.4.jar (37 KB at 108.3 KB/sec)
[INFO] Downloading: https://repo.maven.apache.org/maven2/org/apache/struts/struts-core/1.3.8/struts-core-1.3.8.jar
[INFO] Downloaded: https://repo.maven.apache.org/maven2/sslext/sslext/1.2-0/sslext-1.2-0.jar (26 KB at 64.5 KB/sec)
[INFO] Downloading: https://repo.maven.apache.org/maven2/org/apache/struts/struts-taglib/1.3.8/struts-taglib-1.3.8.jar
[INFO] Downloaded: https://repo.maven.apache.org/maven2/commons-chain/commons-chain/1.1/commons-chain-1.1.jar (88 KB at 186.2 KB/sec)
[INFO] Downloading: https://repo.maven.apache.org/maven2/org/apache/struts/struts-tiles/1.3.8/struts-tiles-1.3.8.jar
[INFO] Downloaded: https://repo.maven.apache.org/maven2/org/apache/velocity/velocity-tools/2.0/velocity-tools-2.0.jar (339 KB at 643.5 KB/sec)
[INFO] Downloading: https://repo.maven.apache.org/maven2/org/apache/maven/doxia/doxia-integration-tools/1.6/doxia-integration-tools-1.6.jar
[INFO] Downloaded: https://repo.maven.apache.org/maven2/org/apache/maven/doxia/doxia-integration-tools/1.6/doxia-integration-tools-1.6.jar (44 KB at 77.3 KB/sec)
[INFO] Downloading: https://repo.maven.apache.org/maven2/org/codehaus/plexus/plexus-resources/1.0.1/plexus-resources-1.0.1.jar
[INFO] Downloaded: https://repo.maven.apache.org/maven2/org/codehaus/plexus/plexus-resources/1.0.1/plexus-resources-1.0.1.jar (22 KB at 36.2 KB/sec)
[INFO] Downloading: https://repo.maven.apache.org/maven2/org/codehaus/plexus/plexus-utils/3.0.20/plexus-utils-3.0.20.jar
[INFO] Downloaded: https://repo.maven.apache.org/maven2/org/apache/struts/struts-tiles/1.3.8/struts-tiles-1.3.8.jar (117 KB at 191.9 KB/sec)
[INFO] Downloading: https://repo.maven.apache.org/maven2/org/codehaus/plexus/plexus-interpolation/1.21/plexus-interpolation-1.21.jar
[INFO] Downloaded: https://repo.maven.apache.org/maven2/org/codehaus/plexus/plexus-interpolation/1.21/plexus-interpolation-1.21.jar (61 KB at 94.1 KB/sec)
[INFO] Downloading: https://repo.maven.apache.org/maven2/com/puppycrawl/tools/checkstyle/6.1.1/checkstyle-6.1.1.jar
[INFO] Downloaded: https://repo.maven.apache.org/maven2/org/apache/struts/struts-taglib/1.3.8/struts-taglib-1.3.8.jar (246 KB at 348.9 KB/sec)
[INFO] Downloading: https://repo.maven.apache.org/maven2/org/antlr/antlr4-runtime/4.3/antlr4-runtime-4.3.jar
[INFO] Downloaded: https://repo.maven.apache.org/maven2/org/apache/struts/struts-core/1.3.8/struts-core-1.3.8.jar (322 KB at 449.2 KB/sec)
[INFO] Downloading: https://repo.maven.apache.org/maven2/org/abego/treelayout/org.abego.treelayout.core/1.0.1/org.abego.treelayout.core-1.0.1.jar
[INFO] Downloaded: https://repo.maven.apache.org/maven2/org/abego/treelayout/org.abego.treelayout.core/1.0.1/org.abego.treelayout.core-1.0.1.jar (25 KB at 32.8 KB/sec)
[INFO] Downloading: https://repo.maven.apache.org/maven2/org/antlr/antlr4-annotations/4.3/antlr4-annotations-4.3.jar
[INFO] Downloaded: https://repo.maven.apache.org/maven2/org/antlr/antlr4-annotations/4.3/antlr4-annotations-4.3.jar (10 KB at 12.6 KB/sec)
[INFO] Downloaded: https://repo.maven.apache.org/maven2/dom4j/dom4j/1.1/dom4j-1.1.jar (447 KB at 524.3 KB/sec)
[INFO] Downloaded: https://repo.maven.apache.org/maven2/org/codehaus/plexus/plexus-utils/3.0.20/plexus-utils-3.0.20.jar (238 KB at 271.3 KB/sec)
[INFO] Downloaded: https://repo.maven.apache.org/maven2/org/antlr/antlr4-runtime/4.3/antlr4-runtime-4.3.jar (337 KB at 369.9 KB/sec)
[INFO] Downloaded: https://repo.maven.apache.org/maven2/com/puppycrawl/tools/checkstyle/6.1.1/checkstyle-6.1.1.jar (991 KB at 914.0 KB/sec)
[INFO] 
[INFO] --- maven-install-plugin:2.4:install (default-install) @ parent ---
[INFO] Installing /home/travis/build/square/retrofit/pom.xml to /home/travis/.m2/repository/com/squareup/retrofit/parent/2.0.0-SNAPSHOT/parent-2.0.0-SNAPSHOT.pom
[INFO]                                                                         
[INFO] ------------------------------------------------------------------------
[INFO] Building Retrofit 2.0.0-SNAPSHOT
[INFO] ------------------------------------------------------------------------
[INFO] 
[INFO] --- maven-enforcer-plugin:1.0:enforce (enforce-maven) @ retrofit ---
[INFO] 
[INFO] --- maven-resources-plugin:2.6:resources (default-resources) @ retrofit ---
[INFO] Using 'UTF-8' encoding to copy filtered resources.
[INFO] skip non existing resourceDirectory /home/travis/build/square/retrofit/retrofit/src/main/resources
[INFO] 
[INFO] --- maven-compiler-plugin:3.0:compile (default-compile) @ retrofit ---
[INFO] Changes detected - recompiling the module!
[INFO] Compiling 42 source files to /home/travis/build/square/retrofit/retrofit/target/classes
[WARNING] /home/travis/build/square/retrofit/retrofit/src/main/java/retrofit/Execution.java: /home/travis/build/square/retrofit/retrofit/src/main/java/retrofit/Execution.java uses unchecked or unsafe operations.
[WARNING] /home/travis/build/square/retrofit/retrofit/src/main/java/retrofit/Execution.java: Recompile with -Xlint:unchecked for details.
[INFO] 
[INFO] --- maven-resources-plugin:2.6:testResources (default-testResources) @ retrofit ---
[INFO] Using 'UTF-8' encoding to copy filtered resources.
[INFO] skip non existing resourceDirectory /home/travis/build/square/retrofit/retrofit/src/test/resources
[INFO] 
[INFO] --- maven-compiler-plugin:3.0:testCompile (default-testCompile) @ retrofit ---
[INFO] Changes detected - recompiling the module!
[INFO] Compiling 8 source files to /home/travis/build/square/retrofit/retrofit/target/test-classes
[INFO] -------------------------------------------------------------
[ERROR] COMPILATION ERROR : 
[INFO] -------------------------------------------------------------
[ERROR] /home/travis/build/square/retrofit/retrofit/src/test/java/retrofit/MethodInfoTest.java:[16,10] package rx does not exist
[ERROR] /home/travis/build/square/retrofit/retrofit/src/test/java/retrofit/ErrorHandlerTest.java:[13,10] package rx does not exist
[ERROR] /home/travis/build/square/retrofit/retrofit/src/test/java/retrofit/ErrorHandlerTest.java:[14,10] package rx does not exist
[ERROR] /home/travis/build/square/retrofit/retrofit/src/test/java/retrofit/ErrorHandlerTest.java:[35,5] cannot find symbol
  symbol:   class Observable
  location: interface retrofit.ErrorHandlerTest.ExampleClient
[ERROR] /home/travis/build/square/retrofit/retrofit/src/test/java/retrofit/MethodInfoTest.java:[60,29] constructor MethodInfo in class retrofit.MethodInfo cannot be applied to given types;
  required: java.lang.reflect.Method,java.util.List<retrofit.ExecutionAdapter>
  found: java.lang.reflect.Method
  reason: actual and formal argument lists differ in length
[ERROR] /home/travis/build/square/retrofit/retrofit/src/test/java/retrofit/MethodInfoTest.java:[72,29] constructor MethodInfo in class retrofit.MethodInfo cannot be applied to given types;
  required: java.lang.reflect.Method,java.util.List<retrofit.ExecutionAdapter>
  found: java.lang.reflect.Method
  reason: actual and formal argument lists differ in length
[ERROR] /home/travis/build/square/retrofit/retrofit/src/test/java/retrofit/MethodInfoTest.java:[85,29] constructor MethodInfo in class retrofit.MethodInfo cannot be applied to given types;
  required: java.lang.reflect.Method,java.util.List<retrofit.ExecutionAdapter>
  found: java.lang.reflect.Method
  reason: actual and formal argument lists differ in length
[ERROR] /home/travis/build/square/retrofit/retrofit/src/test/java/retrofit/MethodInfoTest.java:[97,29] constructor MethodInfo in class retrofit.MethodInfo cannot be applied to given types;
  required: java.lang.reflect.Method,java.util.List<retrofit.ExecutionAdapter>
  found: java.lang.reflect.Method
  reason: actual and formal argument lists differ in length
[ERROR] /home/travis/build/square/retrofit/retrofit/src/test/java/retrofit/MethodInfoTest.java:[108,29] constructor MethodInfo in class retrofit.MethodInfo cannot be applied to given types;
  required: java.lang.reflect.Method,java.util.List<retrofit.ExecutionAdapter>
  found: java.lang.reflect.Method
  reason: actual and formal argument lists differ in length
[ERROR] /home/travis/build/square/retrofit/retrofit/src/test/java/retrofit/MethodInfoTest.java:[119,29] constructor MethodInfo in class retrofit.MethodInfo cannot be applied to given types;
  required: java.lang.reflect.Method,java.util.List<retrofit.ExecutionAdapter>
  found: java.lang.reflect.Method
  reason: actual and formal argument lists differ in length
[ERROR] /home/travis/build/square/retrofit/retrofit/src/test/java/retrofit/MethodInfoTest.java:[130,29] constructor MethodInfo in class retrofit.MethodInfo cannot be applied to given types;
  required: java.lang.reflect.Method,java.util.List<retrofit.ExecutionAdapter>
  found: java.lang.reflect.Method
  reason: actual and formal argument lists differ in length
[ERROR] /home/travis/build/square/retrofit/retrofit/src/test/java/retrofit/MethodInfoTest.java:[147,29] constructor MethodInfo in class retrofit.MethodInfo cannot be applied to given types;
  required: java.lang.reflect.Method,java.util.List<retrofit.ExecutionAdapter>
  found: java.lang.reflect.Method
  reason: actual and formal argument lists differ in length
[ERROR] /home/travis/build/square/retrofit/retrofit/src/test/java/retrofit/MethodInfoTest.java:[160,29] constructor MethodInfo in class retrofit.MethodInfo cannot be applied to given types;
  required: java.lang.reflect.Method,java.util.List<retrofit.ExecutionAdapter>
  found: java.lang.reflect.Method
  reason: actual and formal argument lists differ in length
[ERROR] /home/travis/build/square/retrofit/retrofit/src/test/java/retrofit/MethodInfoTest.java:[172,29] constructor MethodInfo in class retrofit.MethodInfo cannot be applied to given types;
  required: java.lang.reflect.Method,java.util.List<retrofit.ExecutionAdapter>
  found: java.lang.reflect.Method
  reason: actual and formal argument lists differ in length
[ERROR] /home/travis/build/square/retrofit/retrofit/src/test/java/retrofit/MethodInfoTest.java:[186,29] constructor MethodInfo in class retrofit.MethodInfo cannot be applied to given types;
  required: java.lang.reflect.Method,java.util.List<retrofit.ExecutionAdapter>
  found: java.lang.reflect.Method
  reason: actual and formal argument lists differ in length
[ERROR] /home/travis/build/square/retrofit/retrofit/src/test/java/retrofit/MethodInfoTest.java:[192,20] cannot find symbol
  symbol:   class Observable
  location: class Example
[ERROR] /home/travis/build/square/retrofit/retrofit/src/test/java/retrofit/MethodInfoTest.java:[198,29] constructor MethodInfo in class retrofit.MethodInfo cannot be applied to given types;
  required: java.lang.reflect.Method,java.util.List<retrofit.ExecutionAdapter>
  found: java.lang.reflect.Method
  reason: actual and formal argument lists differ in length
[ERROR] /home/travis/build/square/retrofit/retrofit/src/test/java/retrofit/MethodInfoTest.java:[204,20] cannot find symbol
  symbol:   class Observable
  location: class Example
[ERROR] /home/travis/build/square/retrofit/retrofit/src/test/java/retrofit/MethodInfoTest.java:[210,29] constructor MethodInfo in class retrofit.MethodInfo cannot be applied to given types;
  required: java.lang.reflect.Method,java.util.List<retrofit.ExecutionAdapter>
  found: java.lang.reflect.Method
  reason: actual and formal argument lists differ in length
[ERROR] /home/travis/build/square/retrofit/retrofit/src/test/java/retrofit/RestAdapterTest.java:[92,14] cannot find symbol
  symbol:   class RetrofitError
  location: class retrofit.RestAdapterTest
[ERROR] /home/travis/build/square/retrofit/retrofit/src/test/java/retrofit/RestAdapterTest.java:[117,14] cannot find symbol
  symbol:   class RetrofitError
  location: class retrofit.RestAdapterTest
[ERROR] /home/travis/build/square/retrofit/retrofit/src/test/java/retrofit/RestAdapterTest.java:[136,14] cannot find symbol
  symbol:   class RetrofitError
  location: class retrofit.RestAdapterTest
[ERROR] /home/travis/build/square/retrofit/retrofit/src/test/java/retrofit/RestAdapterTest.java:[137,54] package RetrofitError does not exist
[ERROR] /home/travis/build/square/retrofit/retrofit/src/test/java/retrofit/RestAdapterTest.java:[150,14] cannot find symbol
  symbol:   class RetrofitError
  location: class retrofit.RestAdapterTest
[ERROR] /home/travis/build/square/retrofit/retrofit/src/test/java/retrofit/RestAdapterTest.java:[151,54] package RetrofitError does not exist
[ERROR] /home/travis/build/square/retrofit/retrofit/src/test/java/retrofit/RestAdapterTest.java:[163,14] cannot find symbol
  symbol:   class RetrofitError
  location: class retrofit.RestAdapterTest
[ERROR] /home/travis/build/square/retrofit/retrofit/src/test/java/retrofit/RestAdapterTest.java:[164,54] package RetrofitError does not exist
[ERROR] /home/travis/build/square/retrofit/retrofit/src/test/java/retrofit/RestAdapterTest.java:[194,37] cannot find symbol
  symbol: class RetrofitError
[ERROR] /home/travis/build/square/retrofit/retrofit/src/test/java/retrofit/RestAdapterTest.java:[188,45] <anonymous retrofit.RestAdapterTest$1> is not abstract and does not override abstract method success(retrofit.Response<com.squareup.okhttp.Response>) in retrofit.Callback
[ERROR] /home/travis/build/square/retrofit/retrofit/src/test/java/retrofit/RestAdapterTest.java:[189,7] method does not override or implement a method from a supertype
[ERROR] /home/travis/build/square/retrofit/retrofit/src/test/java/retrofit/RestAdapterTest.java:[214,37] cannot find symbol
  symbol: class RetrofitError
[ERROR] /home/travis/build/square/retrofit/retrofit/src/test/java/retrofit/RestAdapterTest.java:[208,46] <anonymous retrofit.RestAdapterTest$2> is not abstract and does not override abstract method success(retrofit.Response<java.lang.String>) in retrofit.Callback
[ERROR] /home/travis/build/square/retrofit/retrofit/src/test/java/retrofit/RestAdapterTest.java:[209,7] method does not override or implement a method from a supertype
[ERROR] /home/travis/build/square/retrofit/retrofit/src/test/java/retrofit/RestAdapterTest.java:[226,27] cannot find symbol
  symbol:   class RetrofitError
  location: class retrofit.RestAdapterTest
[ERROR] /home/travis/build/square/retrofit/retrofit/src/test/java/retrofit/RestAdapterTest.java:[226,73] cannot find symbol
  symbol:   class RetrofitError
  location: class retrofit.RestAdapterTest
[ERROR] /home/travis/build/square/retrofit/retrofit/src/test/java/retrofit/RestAdapterTest.java:[233,37] cannot find symbol
  symbol: class RetrofitError
[ERROR] /home/travis/build/square/retrofit/retrofit/src/test/java/retrofit/RestAdapterTest.java:[228,46] <anonymous retrofit.RestAdapterTest$3> is not abstract and does not override abstract method success(retrofit.Response<java.lang.String>) in retrofit.Callback
[ERROR] /home/travis/build/square/retrofit/retrofit/src/test/java/retrofit/RestAdapterTest.java:[229,7] method does not override or implement a method from a supertype
[ERROR] /home/travis/build/square/retrofit/retrofit/src/test/java/retrofit/RestAdapterTest.java:[240,5] cannot find symbol
  symbol:   class RetrofitError
  location: class retrofit.RestAdapterTest
[ERROR] /home/travis/build/square/retrofit/retrofit/src/test/java/retrofit/ErrorHandlerTest.java:[63,9] cannot find symbol
  symbol:   method callbackExecutor(retrofit.Utils.SynchronousExecutor)
  location: class retrofit.RestAdapter.Builder
[ERROR] /home/travis/build/square/retrofit/retrofit/src/test/java/retrofit/ErrorHandlerTest.java:[70,60] cannot find symbol
  symbol:   class RetrofitError
  location: class retrofit.ErrorHandlerTest
[ERROR] /home/travis/build/square/retrofit/retrofit/src/test/java/retrofit/ErrorHandlerTest.java:[82,60] cannot find symbol
  symbol:   class RetrofitError
  location: class retrofit.ErrorHandlerTest
[ERROR] /home/travis/build/square/retrofit/retrofit/src/test/java/retrofit/ErrorHandlerTest.java:[90,37] cannot find symbol
  symbol: class RetrofitError
[ERROR] /home/travis/build/square/retrofit/retrofit/src/test/java/retrofit/ErrorHandlerTest.java:[84,68] <anonymous retrofit.ErrorHandlerTest$2> is not abstract and does not override abstract method success(retrofit.Response<com.squareup.okhttp.Response>) in retrofit.Callback
[ERROR] /home/travis/build/square/retrofit/retrofit/src/test/java/retrofit/ErrorHandlerTest.java:[86,7] method does not override or implement a method from a supertype
[ERROR] /home/travis/build/square/retrofit/retrofit/src/test/java/retrofit/ErrorHandlerTest.java:[98,60] cannot find symbol
  symbol:   class RetrofitError
  location: class retrofit.ErrorHandlerTest
[ERROR] /home/travis/build/square/retrofit/retrofit/src/test/java/retrofit/ErrorHandlerTest.java:[101,52] cannot find symbol
  symbol:   class Observer
  location: class retrofit.ErrorHandlerTest
[ERROR] /home/travis/build/square/retrofit/retrofit/src/test/java/retrofit/ErrorHandlerTest.java:[119,55] cannot find symbol
  symbol:   class RetrofitError
  location: class retrofit.ErrorHandlerTest
[INFO] 48 errors 
[INFO] -------------------------------------------------------------
[INFO] ------------------------------------------------------------------------
[INFO] Reactor Summary:
[INFO] 
[INFO] Retrofit (Parent) .................................. SUCCESS [  5.261 s]
[INFO] Retrofit ........................................... FAILURE [  5.200 s]
[INFO] Converters ......................................... SKIPPED
[INFO] Adapter: RxJava .................................... SKIPPED
[INFO] Adapters ........................................... SKIPPED
[INFO] Converter: Protocol Buffers ........................ SKIPPED
[INFO] Converter: Jackson ................................. SKIPPED
[INFO] Converter: Wire Protocol Buffers ................... SKIPPED
[INFO] Converter: SimpleXML ............................... SKIPPED
[INFO] Retrofit Mock Adapter .............................. SKIPPED
[INFO] Samples ............................................ SKIPPED
[INFO] Sample: GitHub Client .............................. SKIPPED
[INFO] Sample: Mock GitHub Client ......................... SKIPPED
[INFO] ------------------------------------------------------------------------
[INFO] BUILD FAILURE
[INFO] ------------------------------------------------------------------------
[INFO] Total time: 12.251 s
[INFO] Finished at: 2015-05-14T03:52:09+00:00
[INFO] Final Memory: 31M/340M
[INFO] ------------------------------------------------------------------------
[ERROR] Failed to execute goal org.apache.maven.plugins:maven-compiler-plugin:3.0:testCompile (default-testCompile) on project retrofit: Compilation failure: Compilation failure:
[ERROR] /home/travis/build/square/retrofit/retrofit/src/test/java/retrofit/MethodInfoTest.java:[16,10] package rx does not exist
[ERROR] /home/travis/build/square/retrofit/retrofit/src/test/java/retrofit/ErrorHandlerTest.java:[13,10] package rx does not exist
[ERROR] /home/travis/build/square/retrofit/retrofit/src/test/java/retrofit/ErrorHandlerTest.java:[14,10] package rx does not exist
[ERROR] /home/travis/build/square/retrofit/retrofit/src/test/java/retrofit/ErrorHandlerTest.java:[35,5] cannot find symbol
[ERROR] symbol:   class Observable
[ERROR] location: interface retrofit.ErrorHandlerTest.ExampleClient
[ERROR] /home/travis/build/square/retrofit/retrofit/src/test/java/retrofit/MethodInfoTest.java:[60,29] constructor MethodInfo in class retrofit.MethodInfo cannot be applied to given types;
[ERROR] required: java.lang.reflect.Method,java.util.List<retrofit.ExecutionAdapter>
[ERROR] found: java.lang.reflect.Method
[ERROR] reason: actual and formal argument lists differ in length
[ERROR] /home/travis/build/square/retrofit/retrofit/src/test/java/retrofit/MethodInfoTest.java:[72,29] constructor MethodInfo in class retrofit.MethodInfo cannot be applied to given types;
[ERROR] required: java.lang.reflect.Method,java.util.List<retrofit.ExecutionAdapter>
[ERROR] found: java.lang.reflect.Method
[ERROR] reason: actual and formal argument lists differ in length
[ERROR] /home/travis/build/square/retrofit/retrofit/src/test/java/retrofit/MethodInfoTest.java:[85,29] constructor MethodInfo in class retrofit.MethodInfo cannot be applied to given types;
[ERROR] required: java.lang.reflect.Method,java.util.List<retrofit.ExecutionAdapter>
[ERROR] found: java.lang.reflect.Method
[ERROR] reason: actual and formal argument lists differ in length
[ERROR] /home/travis/build/square/retrofit/retrofit/src/test/java/retrofit/MethodInfoTest.java:[97,29] constructor MethodInfo in class retrofit.MethodInfo cannot be applied to given types;
[ERROR] required: java.lang.reflect.Method,java.util.List<retrofit.ExecutionAdapter>
[ERROR] found: java.lang.reflect.Method
[ERROR] reason: actual and formal argument lists differ in length
[ERROR] /home/travis/build/square/retrofit/retrofit/src/test/java/retrofit/MethodInfoTest.java:[108,29] constructor MethodInfo in class retrofit.MethodInfo cannot be applied to given types;
[ERROR] required: java.lang.reflect.Method,java.util.List<retrofit.ExecutionAdapter>
[ERROR] found: java.lang.reflect.Method
[ERROR] reason: actual and formal argument lists differ in length
[ERROR] /home/travis/build/square/retrofit/retrofit/src/test/java/retrofit/MethodInfoTest.java:[119,29] constructor MethodInfo in class retrofit.MethodInfo cannot be applied to given types;
[ERROR] required: java.lang.reflect.Method,java.util.List<retrofit.ExecutionAdapter>
[ERROR] found: java.lang.reflect.Method
[ERROR] reason: actual and formal argument lists differ in length
[ERROR] /home/travis/build/square/retrofit/retrofit/src/test/java/retrofit/MethodInfoTest.java:[130,29] constructor MethodInfo in class retrofit.MethodInfo cannot be applied to given types;
[ERROR] required: java.lang.reflect.Method,java.util.List<retrofit.ExecutionAdapter>
[ERROR] found: java.lang.reflect.Method
[ERROR] reason: actual and formal argument lists differ in length
[ERROR] /home/travis/build/square/retrofit/retrofit/src/test/java/retrofit/MethodInfoTest.java:[147,29] constructor MethodInfo in class retrofit.MethodInfo cannot be applied to given types;
[ERROR] required: java.lang.reflect.Method,java.util.List<retrofit.ExecutionAdapter>
[ERROR] found: java.lang.reflect.Method
[ERROR] reason: actual and formal argument lists differ in length
[ERROR] /home/travis/build/square/retrofit/retrofit/src/test/java/retrofit/MethodInfoTest.java:[160,29] constructor MethodInfo in class retrofit.MethodInfo cannot be applied to given types;
[ERROR] required: java.lang.reflect.Method,java.util.List<retrofit.ExecutionAdapter>
[ERROR] found: java.lang.reflect.Method
[ERROR] reason: actual and formal argument lists differ in length
[ERROR] /home/travis/build/square/retrofit/retrofit/src/test/java/retrofit/MethodInfoTest.java:[172,29] constructor MethodInfo in class retrofit.MethodInfo cannot be applied to given types;
[ERROR] required: java.lang.reflect.Method,java.util.List<retrofit.ExecutionAdapter>
[ERROR] found: java.lang.reflect.Method
[ERROR] reason: actual and formal argument lists differ in length
[ERROR] /home/travis/build/square/retrofit/retrofit/src/test/java/retrofit/MethodInfoTest.java:[186,29] constructor MethodInfo in class retrofit.MethodInfo cannot be applied to given types;
[ERROR] required: java.lang.reflect.Method,java.util.List<retrofit.ExecutionAdapter>
[ERROR] found: java.lang.reflect.Method
[ERROR] reason: actual and formal argument lists differ in length
[ERROR] /home/travis/build/square/retrofit/retrofit/src/test/java/retrofit/MethodInfoTest.java:[192,20] cannot find symbol
[ERROR] symbol:   class Observable
[ERROR] location: class Example
[ERROR] /home/travis/build/square/retrofit/retrofit/src/test/java/retrofit/MethodInfoTest.java:[198,29] constructor MethodInfo in class retrofit.MethodInfo cannot be applied to given types;
[ERROR] required: java.lang.reflect.Method,java.util.List<retrofit.ExecutionAdapter>
[ERROR] found: java.lang.reflect.Method
[ERROR] reason: actual and formal argument lists differ in length
[ERROR] /home/travis/build/square/retrofit/retrofit/src/test/java/retrofit/MethodInfoTest.java:[204,20] cannot find symbol
[ERROR] symbol:   class Observable
[ERROR] location: class Example
[ERROR] /home/travis/build/square/retrofit/retrofit/src/test/java/retrofit/MethodInfoTest.java:[210,29] constructor MethodInfo in class retrofit.MethodInfo cannot be applied to given types;
[ERROR] required: java.lang.reflect.Method,java.util.List<retrofit.ExecutionAdapter>
[ERROR] found: java.lang.reflect.Method
[ERROR] reason: actual and formal argument lists differ in length
[ERROR] /home/travis/build/square/retrofit/retrofit/src/test/java/retrofit/RestAdapterTest.java:[92,14] cannot find symbol
[ERROR] symbol:   class RetrofitError
[ERROR] location: class retrofit.RestAdapterTest
[ERROR] /home/travis/build/square/retrofit/retrofit/src/test/java/retrofit/RestAdapterTest.java:[117,14] cannot find symbol
[ERROR] symbol:   class RetrofitError
[ERROR] location: class retrofit.RestAdapterTest
[ERROR] /home/travis/build/square/retrofit/retrofit/src/test/java/retrofit/RestAdapterTest.java:[136,14] cannot find symbol
[ERROR] symbol:   class RetrofitError
[ERROR] location: class retrofit.RestAdapterTest
[ERROR] /home/travis/build/square/retrofit/retrofit/src/test/java/retrofit/RestAdapterTest.java:[137,54] package RetrofitError does not exist
[ERROR] /home/travis/build/square/retrofit/retrofit/src/test/java/retrofit/RestAdapterTest.java:[150,14] cannot find symbol
[ERROR] symbol:   class RetrofitError
[ERROR] location: class retrofit.RestAdapterTest
[ERROR] /home/travis/build/square/retrofit/retrofit/src/test/java/retrofit/RestAdapterTest.java:[151,54] package RetrofitError does not exist
[ERROR] /home/travis/build/square/retrofit/retrofit/src/test/java/retrofit/RestAdapterTest.java:[163,14] cannot find symbol
[ERROR] symbol:   class RetrofitError
[ERROR] location: class retrofit.RestAdapterTest
[ERROR] /home/travis/build/square/retrofit/retrofit/src/test/java/retrofit/RestAdapterTest.java:[164,54] package RetrofitError does not exist
[ERROR] /home/travis/build/square/retrofit/retrofit/src/test/java/retrofit/RestAdapterTest.java:[194,37] cannot find symbol
[ERROR] symbol: class RetrofitError
[ERROR] /home/travis/build/square/retrofit/retrofit/src/test/java/retrofit/RestAdapterTest.java:[188,45] <anonymous retrofit.RestAdapterTest$1> is not abstract and does not override abstract method success(retrofit.Response<com.squareup.okhttp.Response>) in retrofit.Callback
[ERROR] /home/travis/build/square/retrofit/retrofit/src/test/java/retrofit/RestAdapterTest.java:[189,7] method does not override or implement a method from a supertype
[ERROR] /home/travis/build/square/retrofit/retrofit/src/test/java/retrofit/RestAdapterTest.java:[214,37] cannot find symbol
[ERROR] symbol: class RetrofitError
[ERROR] /home/travis/build/square/retrofit/retrofit/src/test/java/retrofit/RestAdapterTest.java:[208,46] <anonymous retrofit.RestAdapterTest$2> is not abstract and does not override abstract method success(retrofit.Response<java.lang.String>) in retrofit.Callback
[ERROR] /home/travis/build/square/retrofit/retrofit/src/test/java/retrofit/RestAdapterTest.java:[209,7] method does not override or implement a method from a supertype
[ERROR] /home/travis/build/square/retrofit/retrofit/src/test/java/retrofit/RestAdapterTest.java:[226,27] cannot find symbol
[ERROR] symbol:   class RetrofitError
[ERROR] location: class retrofit.RestAdapterTest
[ERROR] /home/travis/build/square/retrofit/retrofit/src/test/java/retrofit/RestAdapterTest.java:[226,73] cannot find symbol
[ERROR] symbol:   class RetrofitError
[ERROR] location: class retrofit.RestAdapterTest
[ERROR] /home/travis/build/square/retrofit/retrofit/src/test/java/retrofit/RestAdapterTest.java:[233,37] cannot find symbol
[ERROR] symbol: class RetrofitError
[ERROR] /home/travis/build/square/retrofit/retrofit/src/test/java/retrofit/RestAdapterTest.java:[228,46] <anonymous retrofit.RestAdapterTest$3> is not abstract and does not override abstract method success(retrofit.Response<java.lang.String>) in retrofit.Callback
[ERROR] /home/travis/build/square/retrofit/retrofit/src/test/java/retrofit/RestAdapterTest.java:[229,7] method does not override or implement a method from a supertype
[ERROR] /home/travis/build/square/retrofit/retrofit/src/test/java/retrofit/RestAdapterTest.java:[240,5] cannot find symbol
[ERROR] symbol:   class RetrofitError
[ERROR] location: class retrofit.RestAdapterTest
[ERROR] /home/travis/build/square/retrofit/retrofit/src/test/java/retrofit/ErrorHandlerTest.java:[63,9] cannot find symbol
[ERROR] symbol:   method callbackExecutor(retrofit.Utils.SynchronousExecutor)
[ERROR] location: class retrofit.RestAdapter.Builder
[ERROR] /home/travis/build/square/retrofit/retrofit/src/test/java/retrofit/ErrorHandlerTest.java:[70,60] cannot find symbol
[ERROR] symbol:   class RetrofitError
[ERROR] location: class retrofit.ErrorHandlerTest
[ERROR] /home/travis/build/square/retrofit/retrofit/src/test/java/retrofit/ErrorHandlerTest.java:[82,60] cannot find symbol
[ERROR] symbol:   class RetrofitError
[ERROR] location: class retrofit.ErrorHandlerTest
[ERROR] /home/travis/build/square/retrofit/retrofit/src/test/java/retrofit/ErrorHandlerTest.java:[90,37] cannot find symbol
[ERROR] symbol: class RetrofitError
[ERROR] /home/travis/build/square/retrofit/retrofit/src/test/java/retrofit/ErrorHandlerTest.java:[84,68] <anonymous retrofit.ErrorHandlerTest$2> is not abstract and does not override abstract method success(retrofit.Response<com.squareup.okhttp.Response>) in retrofit.Callback
[ERROR] /home/travis/build/square/retrofit/retrofit/src/test/java/retrofit/ErrorHandlerTest.java:[86,7] method does not override or implement a method from a supertype
[ERROR] /home/travis/build/square/retrofit/retrofit/src/test/java/retrofit/ErrorHandlerTest.java:[98,60] cannot find symbol
[ERROR] symbol:   class RetrofitError
[ERROR] location: class retrofit.ErrorHandlerTest
[ERROR] /home/travis/build/square/retrofit/retrofit/src/test/java/retrofit/ErrorHandlerTest.java:[101,52] cannot find symbol
[ERROR] symbol:   class Observer
[ERROR] location: class retrofit.ErrorHandlerTest
[ERROR] /home/travis/build/square/retrofit/retrofit/src/test/java/retrofit/ErrorHandlerTest.java:[119,55] cannot find symbol
[ERROR] symbol:   class RetrofitError
[ERROR] location: class retrofit.ErrorHandlerTest
[ERROR] -> [Help 1]
[ERROR] 
[ERROR] To see the full stack trace of the errors, re-run Maven with the -e switch.
[ERROR] Re-run Maven using the -X switch to enable full debug logging.
[ERROR] 
[ERROR] For more information about the errors and possible solutions, please read the following articles:
[ERROR] [Help 1] http://cwiki.apache.org/confluence/display/MAVEN/MojoFailureException
[ERROR] 
[ERROR] After correcting the problems, you can resume the build with the command
[ERROR]   mvn <goals> -rf :retrofit

[31;1mThe command "eval mvn install -DskipTests=true -Dmaven.javadoc.skip=true -B -V" failed. Retrying, 2 of 3.[0m

Java HotSpot(TM) 64-Bit Server VM warning: ignoring option MaxPermSize=192m; support was removed in 8.0
Apache Maven 3.2.5 (12a6b3acb947671f09b81f49094c53f426d8cea1; 2014-12-14T17:29:23+00:00)
Maven home: /usr/local/maven
Java version: 1.8.0_31, vendor: Oracle Corporation
Java home: /usr/lib/jvm/java-8-oracle/jre
Default locale: en_US, platform encoding: UTF-8
OS name: "linux", version: "3.13.0-40-generic", arch: "amd64", family: "unix"
[INFO] Scanning for projects...
[INFO] Downloading: https://repository.apache.org/snapshots/com/squareup/retrofit/retrofit-converters/2.0.0-SNAPSHOT/maven-metadata.xml
[INFO] Downloading: https://repository.apache.org/snapshots/com/squareup/retrofit/parent/2.0.0-SNAPSHOT/maven-metadata.xml
[WARNING] 
[WARNING] Some problems were encountered while building the effective model for com.squareup.retrofit:adapter-rxjava:jar:2.0.0-SNAPSHOT
[WARNING] 'parent.relativePath' points at com.squareup.retrofit:retrofit-adapters instead of com.squareup.retrofit:retrofit-converters, please verify your project structure @ com.squareup.retrofit:adapter-rxjava:[unknown-version], /home/travis/build/square/retrofit/retrofit-adapters/rxjava/pom.xml, line 6, column 11
[WARNING] 
[WARNING] It is highly recommended to fix these problems because they threaten the stability of your build.
[WARNING] 
[WARNING] For this reason, future Maven versions might no longer support building such malformed projects.
[WARNING] 
[INFO] ------------------------------------------------------------------------
[INFO] Reactor Build Order:
[INFO] 
[INFO] Retrofit (Parent)
[INFO] Retrofit
[INFO] Converters
[INFO] Adapter: RxJava
[INFO] Adapters
[INFO] Converter: Protocol Buffers
[INFO] Converter: Jackson
[INFO] Converter: Wire Protocol Buffers
[INFO] Converter: SimpleXML
[INFO] Retrofit Mock Adapter
[INFO] Samples
[INFO] Sample: GitHub Client
[INFO] Sample: Mock GitHub Client
[INFO]                                                                         
[INFO] ------------------------------------------------------------------------
[INFO] Building Retrofit (Parent) 2.0.0-SNAPSHOT
[INFO] ------------------------------------------------------------------------
[INFO] 
[INFO] --- maven-enforcer-plugin:1.0:enforce (enforce-maven) @ parent ---
[INFO] 
[INFO] --- maven-checkstyle-plugin:2.15:checkstyle (default) @ parent ---
[INFO] 
[INFO] --- maven-install-plugin:2.4:install (default-install) @ parent ---
[INFO] Installing /home/travis/build/square/retrofit/pom.xml to /home/travis/.m2/repository/com/squareup/retrofit/parent/2.0.0-SNAPSHOT/parent-2.0.0-SNAPSHOT.pom
[INFO]                                                                         
[INFO] ------------------------------------------------------------------------
[INFO] Building Retrofit 2.0.0-SNAPSHOT
[INFO] ------------------------------------------------------------------------
[INFO] 
[INFO] --- maven-enforcer-plugin:1.0:enforce (enforce-maven) @ retrofit ---
[INFO] 
[INFO] --- maven-resources-plugin:2.6:resources (default-resources) @ retrofit ---
[INFO] Using 'UTF-8' encoding to copy filtered resources.
[INFO] skip non existing resourceDirectory /home/travis/build/square/retrofit/retrofit/src/main/resources
[INFO] 
[INFO] --- maven-compiler-plugin:3.0:compile (default-compile) @ retrofit ---
[INFO] Changes detected - recompiling the module!
[INFO] Compiling 42 source files to /home/travis/build/square/retrofit/retrofit/target/classes
[WARNING] /home/travis/build/square/retrofit/retrofit/src/main/java/retrofit/Execution.java: /home/travis/build/square/retrofit/retrofit/src/main/java/retrofit/Execution.java uses unchecked or unsafe operations.
[WARNING] /home/travis/build/square/retrofit/retrofit/src/main/java/retrofit/Execution.java: Recompile with -Xlint:unchecked for details.
[INFO] 
[INFO] --- maven-resources-plugin:2.6:testResources (default-testResources) @ retrofit ---
[INFO] Using 'UTF-8' encoding to copy filtered resources.
[INFO] skip non existing resourceDirectory /home/travis/build/square/retrofit/retrofit/src/test/resources
[INFO] 
[INFO] --- maven-compiler-plugin:3.0:testCompile (default-testCompile) @ retrofit ---
[INFO] Changes detected - recompiling the module!
[INFO] Compiling 8 source files to /home/travis/build/square/retrofit/retrofit/target/test-classes
[INFO] -------------------------------------------------------------
[ERROR] COMPILATION ERROR : 
[INFO] -------------------------------------------------------------
[ERROR] /home/travis/build/square/retrofit/retrofit/src/test/java/retrofit/MethodInfoTest.java:[16,10] package rx does not exist
[ERROR] /home/travis/build/square/retrofit/retrofit/src/test/java/retrofit/ErrorHandlerTest.java:[13,10] package rx does not exist
[ERROR] /home/travis/build/square/retrofit/retrofit/src/test/java/retrofit/ErrorHandlerTest.java:[14,10] package rx does not exist
[ERROR] /home/travis/build/square/retrofit/retrofit/src/test/java/retrofit/ErrorHandlerTest.java:[35,5] cannot find symbol
  symbol:   class Observable
  location: interface retrofit.ErrorHandlerTest.ExampleClient
[ERROR] /home/travis/build/square/retrofit/retrofit/src/test/java/retrofit/MethodInfoTest.java:[60,29] constructor MethodInfo in class retrofit.MethodInfo cannot be applied to given types;
  required: java.lang.reflect.Method,java.util.List<retrofit.ExecutionAdapter>
  found: java.lang.reflect.Method
  reason: actual and formal argument lists differ in length
[ERROR] /home/travis/build/square/retrofit/retrofit/src/test/java/retrofit/MethodInfoTest.java:[72,29] constructor MethodInfo in class retrofit.MethodInfo cannot be applied to given types;
  required: java.lang.reflect.Method,java.util.List<retrofit.ExecutionAdapter>
  found: java.lang.reflect.Method
  reason: actual and formal argument lists differ in length
[ERROR] /home/travis/build/square/retrofit/retrofit/src/test/java/retrofit/MethodInfoTest.java:[85,29] constructor MethodInfo in class retrofit.MethodInfo cannot be applied to given types;
  required: java.lang.reflect.Method,java.util.List<retrofit.ExecutionAdapter>
  found: java.lang.reflect.Method
  reason: actual and formal argument lists differ in length
[ERROR] /home/travis/build/square/retrofit/retrofit/src/test/java/retrofit/MethodInfoTest.java:[97,29] constructor MethodInfo in class retrofit.MethodInfo cannot be applied to given types;
  required: java.lang.reflect.Method,java.util.List<retrofit.ExecutionAdapter>
  found: java.lang.reflect.Method
  reason: actual and formal argument lists differ in length
[ERROR] /home/travis/build/square/retrofit/retrofit/src/test/java/retrofit/MethodInfoTest.java:[108,29] constructor MethodInfo in class retrofit.MethodInfo cannot be applied to given types;
  required: java.lang.reflect.Method,java.util.List<retrofit.ExecutionAdapter>
  found: java.lang.reflect.Method
  reason: actual and formal argument lists differ in length
[ERROR] /home/travis/build/square/retrofit/retrofit/src/test/java/retrofit/MethodInfoTest.java:[119,29] constructor MethodInfo in class retrofit.MethodInfo cannot be applied to given types;
  required: java.lang.reflect.Method,java.util.List<retrofit.ExecutionAdapter>
  found: java.lang.reflect.Method
  reason: actual and formal argument lists differ in length
[ERROR] /home/travis/build/square/retrofit/retrofit/src/test/java/retrofit/MethodInfoTest.java:[130,29] constructor MethodInfo in class retrofit.MethodInfo cannot be applied to given types;
  required: java.lang.reflect.Method,java.util.List<retrofit.ExecutionAdapter>
  found: java.lang.reflect.Method
  reason: actual and formal argument lists differ in length
[ERROR] /home/travis/build/square/retrofit/retrofit/src/test/java/retrofit/MethodInfoTest.java:[147,29] constructor MethodInfo in class retrofit.MethodInfo cannot be applied to given types;
  required: java.lang.reflect.Method,java.util.List<retrofit.ExecutionAdapter>
  found: java.lang.reflect.Method
  reason: actual and formal argument lists differ in length
[ERROR] /home/travis/build/square/retrofit/retrofit/src/test/java/retrofit/MethodInfoTest.java:[160,29] constructor MethodInfo in class retrofit.MethodInfo cannot be applied to given types;
  required: java.lang.reflect.Method,java.util.List<retrofit.ExecutionAdapter>
  found: java.lang.reflect.Method
  reason: actual and formal argument lists differ in length
[ERROR] /home/travis/build/square/retrofit/retrofit/src/test/java/retrofit/MethodInfoTest.java:[172,29] constructor MethodInfo in class retrofit.MethodInfo cannot be applied to given types;
  required: java.lang.reflect.Method,java.util.List<retrofit.ExecutionAdapter>
  found: java.lang.reflect.Method
  reason: actual and formal argument lists differ in length
[ERROR] /home/travis/build/square/retrofit/retrofit/src/test/java/retrofit/MethodInfoTest.java:[186,29] constructor MethodInfo in class retrofit.MethodInfo cannot be applied to given types;
  required: java.lang.reflect.Method,java.util.List<retrofit.ExecutionAdapter>
  found: java.lang.reflect.Method
  reason: actual and formal argument lists differ in length
[ERROR] /home/travis/build/square/retrofit/retrofit/src/test/java/retrofit/MethodInfoTest.java:[192,20] cannot find symbol
  symbol:   class Observable
  location: class Example
[ERROR] /home/travis/build/square/retrofit/retrofit/src/test/java/retrofit/MethodInfoTest.java:[198,29] constructor MethodInfo in class retrofit.MethodInfo cannot be applied to given types;
  required: java.lang.reflect.Method,java.util.List<retrofit.ExecutionAdapter>
  found: java.lang.reflect.Method
  reason: actual and formal argument lists differ in length
[ERROR] /home/travis/build/square/retrofit/retrofit/src/test/java/retrofit/MethodInfoTest.java:[204,20] cannot find symbol
  symbol:   class Observable
  location: class Example
[ERROR] /home/travis/build/square/retrofit/retrofit/src/test/java/retrofit/MethodInfoTest.java:[210,29] constructor MethodInfo in class retrofit.MethodInfo cannot be applied to given types;
  required: java.lang.reflect.Method,java.util.List<retrofit.ExecutionAdapter>
  found: java.lang.reflect.Method
  reason: actual and formal argument lists differ in length
[ERROR] /home/travis/build/square/retrofit/retrofit/src/test/java/retrofit/RestAdapterTest.java:[92,14] cannot find symbol
  symbol:   class RetrofitError
  location: class retrofit.RestAdapterTest
[ERROR] /home/travis/build/square/retrofit/retrofit/src/test/java/retrofit/RestAdapterTest.java:[117,14] cannot find symbol
  symbol:   class RetrofitError
  location: class retrofit.RestAdapterTest
[ERROR] /home/travis/build/square/retrofit/retrofit/src/test/java/retrofit/RestAdapterTest.java:[136,14] cannot find symbol
  symbol:   class RetrofitError
  location: class retrofit.RestAdapterTest
[ERROR] /home/travis/build/square/retrofit/retrofit/src/test/java/retrofit/RestAdapterTest.java:[137,54] package RetrofitError does not exist
[ERROR] /home/travis/build/square/retrofit/retrofit/src/test/java/retrofit/RestAdapterTest.java:[150,14] cannot find symbol
  symbol:   class RetrofitError
  location: class retrofit.RestAdapterTest
[ERROR] /home/travis/build/square/retrofit/retrofit/src/test/java/retrofit/RestAdapterTest.java:[151,54] package RetrofitError does not exist
[ERROR] /home/travis/build/square/retrofit/retrofit/src/test/java/retrofit/RestAdapterTest.java:[163,14] cannot find symbol
  symbol:   class RetrofitError
  location: class retrofit.RestAdapterTest
[ERROR] /home/travis/build/square/retrofit/retrofit/src/test/java/retrofit/RestAdapterTest.java:[164,54] package RetrofitError does not exist
[ERROR] /home/travis/build/square/retrofit/retrofit/src/test/java/retrofit/RestAdapterTest.java:[194,37] cannot find symbol
  symbol: class RetrofitError
[ERROR] /home/travis/build/square/retrofit/retrofit/src/test/java/retrofit/RestAdapterTest.java:[188,45] <anonymous retrofit.RestAdapterTest$1> is not abstract and does not override abstract method success(retrofit.Response<com.squareup.okhttp.Response>) in retrofit.Callback
[ERROR] /home/travis/build/square/retrofit/retrofit/src/test/java/retrofit/RestAdapterTest.java:[189,7] method does not override or implement a method from a supertype
[ERROR] /home/travis/build/square/retrofit/retrofit/src/test/java/retrofit/RestAdapterTest.java:[214,37] cannot find symbol
  symbol: class RetrofitError
[ERROR] /home/travis/build/square/retrofit/retrofit/src/test/java/retrofit/RestAdapterTest.java:[208,46] <anonymous retrofit.RestAdapterTest$2> is not abstract and does not override abstract method success(retrofit.Response<java.lang.String>) in retrofit.Callback
[ERROR] /home/travis/build/square/retrofit/retrofit/src/test/java/retrofit/RestAdapterTest.java:[209,7] method does not override or implement a method from a supertype
[ERROR] /home/travis/build/square/retrofit/retrofit/src/test/java/retrofit/RestAdapterTest.java:[226,27] cannot find symbol
  symbol:   class RetrofitError
  location: class retrofit.RestAdapterTest
[ERROR] /home/travis/build/square/retrofit/retrofit/src/test/java/retrofit/RestAdapterTest.java:[226,73] cannot find symbol
  symbol:   class RetrofitError
  location: class retrofit.RestAdapterTest
[ERROR] /home/travis/build/square/retrofit/retrofit/src/test/java/retrofit/RestAdapterTest.java:[233,37] cannot find symbol
  symbol: class RetrofitError
[ERROR] /home/travis/build/square/retrofit/retrofit/src/test/java/retrofit/RestAdapterTest.java:[228,46] <anonymous retrofit.RestAdapterTest$3> is not abstract and does not override abstract method success(retrofit.Response<java.lang.String>) in retrofit.Callback
[ERROR] /home/travis/build/square/retrofit/retrofit/src/test/java/retrofit/RestAdapterTest.java:[229,7] method does not override or implement a method from a supertype
[ERROR] /home/travis/build/square/retrofit/retrofit/src/test/java/retrofit/RestAdapterTest.java:[240,5] cannot find symbol
  symbol:   class RetrofitError
  location: class retrofit.RestAdapterTest
[ERROR] /home/travis/build/square/retrofit/retrofit/src/test/java/retrofit/ErrorHandlerTest.java:[63,9] cannot find symbol
  symbol:   method callbackExecutor(retrofit.Utils.SynchronousExecutor)
  location: class retrofit.RestAdapter.Builder
[ERROR] /home/travis/build/square/retrofit/retrofit/src/test/java/retrofit/ErrorHandlerTest.java:[70,60] cannot find symbol
  symbol:   class RetrofitError
  location: class retrofit.ErrorHandlerTest
[ERROR] /home/travis/build/square/retrofit/retrofit/src/test/java/retrofit/ErrorHandlerTest.java:[82,60] cannot find symbol
  symbol:   class RetrofitError
  location: class retrofit.ErrorHandlerTest
[ERROR] /home/travis/build/square/retrofit/retrofit/src/test/java/retrofit/ErrorHandlerTest.java:[90,37] cannot find symbol
  symbol: class RetrofitError
[ERROR] /home/travis/build/square/retrofit/retrofit/src/test/java/retrofit/ErrorHandlerTest.java:[84,68] <anonymous retrofit.ErrorHandlerTest$2> is not abstract and does not override abstract method success(retrofit.Response<com.squareup.okhttp.Response>) in retrofit.Callback
[ERROR] /home/travis/build/square/retrofit/retrofit/src/test/java/retrofit/ErrorHandlerTest.java:[86,7] method does not override or implement a method from a supertype
[ERROR] /home/travis/build/square/retrofit/retrofit/src/test/java/retrofit/ErrorHandlerTest.java:[98,60] cannot find symbol
  symbol:   class RetrofitError
  location: class retrofit.ErrorHandlerTest
[ERROR] /home/travis/build/square/retrofit/retrofit/src/test/java/retrofit/ErrorHandlerTest.java:[101,52] cannot find symbol
  symbol:   class Observer
  location: class retrofit.ErrorHandlerTest
[ERROR] /home/travis/build/square/retrofit/retrofit/src/test/java/retrofit/ErrorHandlerTest.java:[119,55] cannot find symbol
  symbol:   class RetrofitError
  location: class retrofit.ErrorHandlerTest
[INFO] 48 errors 
[INFO] -------------------------------------------------------------
[INFO] ------------------------------------------------------------------------
[INFO] Reactor Summary:
[INFO] 
[INFO] Retrofit (Parent) .................................. SUCCESS [  2.657 s]
[INFO] Retrofit ........................................... FAILURE [  5.955 s]
[INFO] Converters ......................................... SKIPPED
[INFO] Adapter: RxJava .................................... SKIPPED
[INFO] Adapters ........................................... SKIPPED
[INFO] Converter: Protocol Buffers ........................ SKIPPED
[INFO] Converter: Jackson ................................. SKIPPED
[INFO] Converter: Wire Protocol Buffers ................... SKIPPED
[INFO] Converter: SimpleXML ............................... SKIPPED
[INFO] Retrofit Mock Adapter .............................. SKIPPED
[INFO] Samples ............................................ SKIPPED
[INFO] Sample: GitHub Client .............................. SKIPPED
[INFO] Sample: Mock GitHub Client ......................... SKIPPED
[INFO] ------------------------------------------------------------------------
[INFO] BUILD FAILURE
[INFO] ------------------------------------------------------------------------
[INFO] Total time: 10.214 s
[INFO] Finished at: 2015-05-14T03:52:25+00:00
[INFO] Final Memory: 29M/367M
[INFO] ------------------------------------------------------------------------
[ERROR] Failed to execute goal org.apache.maven.plugins:maven-compiler-plugin:3.0:testCompile (default-testCompile) on project retrofit: Compilation failure: Compilation failure:
[ERROR] /home/travis/build/square/retrofit/retrofit/src/test/java/retrofit/MethodInfoTest.java:[16,10] package rx does not exist
[ERROR] /home/travis/build/square/retrofit/retrofit/src/test/java/retrofit/ErrorHandlerTest.java:[13,10] package rx does not exist
[ERROR] /home/travis/build/square/retrofit/retrofit/src/test/java/retrofit/ErrorHandlerTest.java:[14,10] package rx does not exist
[ERROR] /home/travis/build/square/retrofit/retrofit/src/test/java/retrofit/ErrorHandlerTest.java:[35,5] cannot find symbol
[ERROR] symbol:   class Observable
[ERROR] location: interface retrofit.ErrorHandlerTest.ExampleClient
[ERROR] /home/travis/build/square/retrofit/retrofit/src/test/java/retrofit/MethodInfoTest.java:[60,29] constructor MethodInfo in class retrofit.MethodInfo cannot be applied to given types;
[ERROR] required: java.lang.reflect.Method,java.util.List<retrofit.ExecutionAdapter>
[ERROR] found: java.lang.reflect.Method
[ERROR] reason: actual and formal argument lists differ in length
[ERROR] /home/travis/build/square/retrofit/retrofit/src/test/java/retrofit/MethodInfoTest.java:[72,29] constructor MethodInfo in class retrofit.MethodInfo cannot be applied to given types;
[ERROR] required: java.lang.reflect.Method,java.util.List<retrofit.ExecutionAdapter>
[ERROR] found: java.lang.reflect.Method
[ERROR] reason: actual and formal argument lists differ in length
[ERROR] /home/travis/build/square/retrofit/retrofit/src/test/java/retrofit/MethodInfoTest.java:[85,29] constructor MethodInfo in class retrofit.MethodInfo cannot be applied to given types;
[ERROR] required: java.lang.reflect.Method,java.util.List<retrofit.ExecutionAdapter>
[ERROR] found: java.lang.reflect.Method
[ERROR] reason: actual and formal argument lists differ in length
[ERROR] /home/travis/build/square/retrofit/retrofit/src/test/java/retrofit/MethodInfoTest.java:[97,29] constructor MethodInfo in class retrofit.MethodInfo cannot be applied to given types;
[ERROR] required: java.lang.reflect.Method,java.util.List<retrofit.ExecutionAdapter>
[ERROR] found: java.lang.reflect.Method
[ERROR] reason: actual and formal argument lists differ in length
[ERROR] /home/travis/build/square/retrofit/retrofit/src/test/java/retrofit/MethodInfoTest.java:[108,29] constructor MethodInfo in class retrofit.MethodInfo cannot be applied to given types;
[ERROR] required: java.lang.reflect.Method,java.util.List<retrofit.ExecutionAdapter>
[ERROR] found: java.lang.reflect.Method
[ERROR] reason: actual and formal argument lists differ in length
[ERROR] /home/travis/build/square/retrofit/retrofit/src/test/java/retrofit/MethodInfoTest.java:[119,29] constructor MethodInfo in class retrofit.MethodInfo cannot be applied to given types;
[ERROR] required: java.lang.reflect.Method,java.util.List<retrofit.ExecutionAdapter>
[ERROR] found: java.lang.reflect.Method
[ERROR] reason: actual and formal argument lists differ in length
[ERROR] /home/travis/build/square/retrofit/retrofit/src/test/java/retrofit/MethodInfoTest.java:[130,29] constructor MethodInfo in class retrofit.MethodInfo cannot be applied to given types;
[ERROR] required: java.lang.reflect.Method,java.util.List<retrofit.ExecutionAdapter>
[ERROR] found: java.lang.reflect.Method
[ERROR] reason: actual and formal argument lists differ in length
[ERROR] /home/travis/build/square/retrofit/retrofit/src/test/java/retrofit/MethodInfoTest.java:[147,29] constructor MethodInfo in class retrofit.MethodInfo cannot be applied to given types;
[ERROR] required: java.lang.reflect.Method,java.util.List<retrofit.ExecutionAdapter>
[ERROR] found: java.lang.reflect.Method
[ERROR] reason: actual and formal argument lists differ in length
[ERROR] /home/travis/build/square/retrofit/retrofit/src/test/java/retrofit/MethodInfoTest.java:[160,29] constructor MethodInfo in class retrofit.MethodInfo cannot be applied to given types;
[ERROR] required: java.lang.reflect.Method,java.util.List<retrofit.ExecutionAdapter>
[ERROR] found: java.lang.reflect.Method
[ERROR] reason: actual and formal argument lists differ in length
[ERROR] /home/travis/build/square/retrofit/retrofit/src/test/java/retrofit/MethodInfoTest.java:[172,29] constructor MethodInfo in class retrofit.MethodInfo cannot be applied to given types;
[ERROR] required: java.lang.reflect.Method,java.util.List<retrofit.ExecutionAdapter>
[ERROR] found: java.lang.reflect.Method
[ERROR] reason: actual and formal argument lists differ in length
[ERROR] /home/travis/build/square/retrofit/retrofit/src/test/java/retrofit/MethodInfoTest.java:[186,29] constructor MethodInfo in class retrofit.MethodInfo cannot be applied to given types;
[ERROR] required: java.lang.reflect.Method,java.util.List<retrofit.ExecutionAdapter>
[ERROR] found: java.lang.reflect.Method
[ERROR] reason: actual and formal argument lists differ in length
[ERROR] /home/travis/build/square/retrofit/retrofit/src/test/java/retrofit/MethodInfoTest.java:[192,20] cannot find symbol
[ERROR] symbol:   class Observable
[ERROR] location: class Example
[ERROR] /home/travis/build/square/retrofit/retrofit/src/test/java/retrofit/MethodInfoTest.java:[198,29] constructor MethodInfo in class retrofit.MethodInfo cannot be applied to given types;
[ERROR] required: java.lang.reflect.Method,java.util.List<retrofit.ExecutionAdapter>
[ERROR] found: java.lang.reflect.Method
[ERROR] reason: actual and formal argument lists differ in length
[ERROR] /home/travis/build/square/retrofit/retrofit/src/test/java/retrofit/MethodInfoTest.java:[204,20] cannot find symbol
[ERROR] symbol:   class Observable
[ERROR] location: class Example
[ERROR] /home/travis/build/square/retrofit/retrofit/src/test/java/retrofit/MethodInfoTest.java:[210,29] constructor MethodInfo in class retrofit.MethodInfo cannot be applied to given types;
[ERROR] required: java.lang.reflect.Method,java.util.List<retrofit.ExecutionAdapter>
[ERROR] found: java.lang.reflect.Method
[ERROR] reason: actual and formal argument lists differ in length
[ERROR] /home/travis/build/square/retrofit/retrofit/src/test/java/retrofit/RestAdapterTest.java:[92,14] cannot find symbol
[ERROR] symbol:   class RetrofitError
[ERROR] location: class retrofit.RestAdapterTest
[ERROR] /home/travis/build/square/retrofit/retrofit/src/test/java/retrofit/RestAdapterTest.java:[117,14] cannot find symbol
[ERROR] symbol:   class RetrofitError
[ERROR] location: class retrofit.RestAdapterTest
[ERROR] /home/travis/build/square/retrofit/retrofit/src/test/java/retrofit/RestAdapterTest.java:[136,14] cannot find symbol
[ERROR] symbol:   class RetrofitError
[ERROR] location: class retrofit.RestAdapterTest
[ERROR] /home/travis/build/square/retrofit/retrofit/src/test/java/retrofit/RestAdapterTest.java:[137,54] package RetrofitError does not exist
[ERROR] /home/travis/build/square/retrofit/retrofit/src/test/java/retrofit/RestAdapterTest.java:[150,14] cannot find symbol
[ERROR] symbol:   class RetrofitError
[ERROR] location: class retrofit.RestAdapterTest
[ERROR] /home/travis/build/square/retrofit/retrofit/src/test/java/retrofit/RestAdapterTest.java:[151,54] package RetrofitError does not exist
[ERROR] /home/travis/build/square/retrofit/retrofit/src/test/java/retrofit/RestAdapterTest.java:[163,14] cannot find symbol
[ERROR] symbol:   class RetrofitError
[ERROR] location: class retrofit.RestAdapterTest
[ERROR] /home/travis/build/square/retrofit/retrofit/src/test/java/retrofit/RestAdapterTest.java:[164,54] package RetrofitError does not exist
[ERROR] /home/travis/build/square/retrofit/retrofit/src/test/java/retrofit/RestAdapterTest.java:[194,37] cannot find symbol
[ERROR] symbol: class RetrofitError
[ERROR] /home/travis/build/square/retrofit/retrofit/src/test/java/retrofit/RestAdapterTest.java:[188,45] <anonymous retrofit.RestAdapterTest$1> is not abstract and does not override abstract method success(retrofit.Response<com.squareup.okhttp.Response>) in retrofit.Callback
[ERROR] /home/travis/build/square/retrofit/retrofit/src/test/java/retrofit/RestAdapterTest.java:[189,7] method does not override or implement a method from a supertype
[ERROR] /home/travis/build/square/retrofit/retrofit/src/test/java/retrofit/RestAdapterTest.java:[214,37] cannot find symbol
[ERROR] symbol: class RetrofitError
[ERROR] /home/travis/build/square/retrofit/retrofit/src/test/java/retrofit/RestAdapterTest.java:[208,46] <anonymous retrofit.RestAdapterTest$2> is not abstract and does not override abstract method success(retrofit.Response<java.lang.String>) in retrofit.Callback
[ERROR] /home/travis/build/square/retrofit/retrofit/src/test/java/retrofit/RestAdapterTest.java:[209,7] method does not override or implement a method from a supertype
[ERROR] /home/travis/build/square/retrofit/retrofit/src/test/java/retrofit/RestAdapterTest.java:[226,27] cannot find symbol
[ERROR] symbol:   class RetrofitError
[ERROR] location: class retrofit.RestAdapterTest
[ERROR] /home/travis/build/square/retrofit/retrofit/src/test/java/retrofit/RestAdapterTest.java:[226,73] cannot find symbol
[ERROR] symbol:   class RetrofitError
[ERROR] location: class retrofit.RestAdapterTest
[ERROR] /home/travis/build/square/retrofit/retrofit/src/test/java/retrofit/RestAdapterTest.java:[233,37] cannot find symbol
[ERROR] symbol: class RetrofitError
[ERROR] /home/travis/build/square/retrofit/retrofit/src/test/java/retrofit/RestAdapterTest.java:[228,46] <anonymous retrofit.RestAdapterTest$3> is not abstract and does not override abstract method success(retrofit.Response<java.lang.String>) in retrofit.Callback
[ERROR] /home/travis/build/square/retrofit/retrofit/src/test/java/retrofit/RestAdapterTest.java:[229,7] method does not override or implement a method from a supertype
[ERROR] /home/travis/build/square/retrofit/retrofit/src/test/java/retrofit/RestAdapterTest.java:[240,5] cannot find symbol
[ERROR] symbol:   class RetrofitError
[ERROR] location: class retrofit.RestAdapterTest
[ERROR] /home/travis/build/square/retrofit/retrofit/src/test/java/retrofit/ErrorHandlerTest.java:[63,9] cannot find symbol
[ERROR] symbol:   method callbackExecutor(retrofit.Utils.SynchronousExecutor)
[ERROR] location: class retrofit.RestAdapter.Builder
[ERROR] /home/travis/build/square/retrofit/retrofit/src/test/java/retrofit/ErrorHandlerTest.java:[70,60] cannot find symbol
[ERROR] symbol:   class RetrofitError
[ERROR] location: class retrofit.ErrorHandlerTest
[ERROR] /home/travis/build/square/retrofit/retrofit/src/test/java/retrofit/ErrorHandlerTest.java:[82,60] cannot find symbol
[ERROR] symbol:   class RetrofitError
[ERROR] location: class retrofit.ErrorHandlerTest
[ERROR] /home/travis/build/square/retrofit/retrofit/src/test/java/retrofit/ErrorHandlerTest.java:[90,37] cannot find symbol
[ERROR] symbol: class RetrofitError
[ERROR] /home/travis/build/square/retrofit/retrofit/src/test/java/retrofit/ErrorHandlerTest.java:[84,68] <anonymous retrofit.ErrorHandlerTest$2> is not abstract and does not override abstract method success(retrofit.Response<com.squareup.okhttp.Response>) in retrofit.Callback
[ERROR] /home/travis/build/square/retrofit/retrofit/src/test/java/retrofit/ErrorHandlerTest.java:[86,7] method does not override or implement a method from a supertype
[ERROR] /home/travis/build/square/retrofit/retrofit/src/test/java/retrofit/ErrorHandlerTest.java:[98,60] cannot find symbol
[ERROR] symbol:   class RetrofitError
[ERROR] location: class retrofit.ErrorHandlerTest
[ERROR] /home/travis/build/square/retrofit/retrofit/src/test/java/retrofit/ErrorHandlerTest.java:[101,52] cannot find symbol
[ERROR] symbol:   class Observer
[ERROR] location: class retrofit.ErrorHandlerTest
[ERROR] /home/travis/build/square/retrofit/retrofit/src/test/java/retrofit/ErrorHandlerTest.java:[119,55] cannot find symbol
[ERROR] symbol:   class RetrofitError
[ERROR] location: class retrofit.ErrorHandlerTest
[ERROR] -> [Help 1]
[ERROR] 
[ERROR] To see the full stack trace of the errors, re-run Maven with the -e switch.
[ERROR] Re-run Maven using the -X switch to enable full debug logging.
[ERROR] 
[ERROR] For more information about the errors and possible solutions, please read the following articles:
[ERROR] [Help 1] http://cwiki.apache.org/confluence/display/MAVEN/MojoFailureException
[ERROR] 
[ERROR] After correcting the problems, you can resume the build with the command
[ERROR]   mvn <goals> -rf :retrofit

[31;1mThe command "eval mvn install -DskipTests=true -Dmaven.javadoc.skip=true -B -V" failed. Retrying, 3 of 3.[0m

Java HotSpot(TM) 64-Bit Server VM warning: ignoring option MaxPermSize=192m; support was removed in 8.0
Apache Maven 3.2.5 (12a6b3acb947671f09b81f49094c53f426d8cea1; 2014-12-14T17:29:23+00:00)
Maven home: /usr/local/maven
Java version: 1.8.0_31, vendor: Oracle Corporation
Java home: /usr/lib/jvm/java-8-oracle/jre
Default locale: en_US, platform encoding: UTF-8
OS name: "linux", version: "3.13.0-40-generic", arch: "amd64", family: "unix"
[INFO] Scanning for projects...
[INFO] Downloading: https://repository.apache.org/snapshots/com/squareup/retrofit/retrofit-converters/2.0.0-SNAPSHOT/maven-metadata.xml
[INFO] Downloading: https://repository.apache.org/snapshots/com/squareup/retrofit/parent/2.0.0-SNAPSHOT/maven-metadata.xml
[WARNING] 
[WARNING] Some problems were encountered while building the effective model for com.squareup.retrofit:adapter-rxjava:jar:2.0.0-SNAPSHOT
[WARNING] 'parent.relativePath' points at com.squareup.retrofit:retrofit-adapters instead of com.squareup.retrofit:retrofit-converters, please verify your project structure @ com.squareup.retrofit:adapter-rxjava:[unknown-version], /home/travis/build/square/retrofit/retrofit-adapters/rxjava/pom.xml, line 6, column 11
[WARNING] 
[WARNING] It is highly recommended to fix these problems because they threaten the stability of your build.
[WARNING] 
[WARNING] For this reason, future Maven versions might no longer support building such malformed projects.
[WARNING] 
[INFO] ------------------------------------------------------------------------
[INFO] Reactor Build Order:
[INFO] 
[INFO] Retrofit (Parent)
[INFO] Retrofit
[INFO] Converters
[INFO] Adapter: RxJava
[INFO] Adapters
[INFO] Converter: Protocol Buffers
[INFO] Converter: Jackson
[INFO] Converter: Wire Protocol Buffers
[INFO] Converter: SimpleXML
[INFO] Retrofit Mock Adapter
[INFO] Samples
[INFO] Sample: GitHub Client
[INFO] Sample: Mock GitHub Client
[INFO]                                                                         
[INFO] ------------------------------------------------------------------------
[INFO] Building Retrofit (Parent) 2.0.0-SNAPSHOT
[INFO] ------------------------------------------------------------------------
[INFO] 
[INFO] --- maven-enforcer-plugin:1.0:enforce (enforce-maven) @ parent ---
[INFO] 
[INFO] --- maven-checkstyle-plugin:2.15:checkstyle (default) @ parent ---
[INFO] 
[INFO] --- maven-install-plugin:2.4:install (default-install) @ parent ---
[INFO] Installing /home/travis/build/square/retrofit/pom.xml to /home/travis/.m2/repository/com/squareup/retrofit/parent/2.0.0-SNAPSHOT/parent-2.0.0-SNAPSHOT.pom
[INFO]                                                                         
[INFO] ------------------------------------------------------------------------
[INFO] Building Retrofit 2.0.0-SNAPSHOT
[INFO] ------------------------------------------------------------------------
[INFO] 
[INFO] --- maven-enforcer-plugin:1.0:enforce (enforce-maven) @ retrofit ---
[INFO] 
[INFO] --- maven-resources-plugin:2.6:resources (default-resources) @ retrofit ---
[INFO] Using 'UTF-8' encoding to copy filtered resources.
[INFO] skip non existing resourceDirectory /home/travis/build/square/retrofit/retrofit/src/main/resources
[INFO] 
[INFO] --- maven-compiler-plugin:3.0:compile (default-compile) @ retrofit ---
[INFO] Changes detected - recompiling the module!
[INFO] Compiling 42 source files to /home/travis/build/square/retrofit/retrofit/target/classes
[WARNING] /home/travis/build/square/retrofit/retrofit/src/main/java/retrofit/Execution.java: /home/travis/build/square/retrofit/retrofit/src/main/java/retrofit/Execution.java uses unchecked or unsafe operations.
[WARNING] /home/travis/build/square/retrofit/retrofit/src/main/java/retrofit/Execution.java: Recompile with -Xlint:unchecked for details.
[INFO] 
[INFO] --- maven-resources-plugin:2.6:testResources (default-testResources) @ retrofit ---
[INFO] Using 'UTF-8' encoding to copy filtered resources.
[INFO] skip non existing resourceDirectory /home/travis/build/square/retrofit/retrofit/src/test/resources
[INFO] 
[INFO] --- maven-compiler-plugin:3.0:testCompile (default-testCompile) @ retrofit ---
[INFO] Changes detected - recompiling the module!
[INFO] Compiling 8 source files to /home/travis/build/square/retrofit/retrofit/target/test-classes
[INFO] -------------------------------------------------------------
[ERROR] COMPILATION ERROR : 
[INFO] -------------------------------------------------------------
[ERROR] /home/travis/build/square/retrofit/retrofit/src/test/java/retrofit/MethodInfoTest.java:[16,10] package rx does not exist
[ERROR] /home/travis/build/square/retrofit/retrofit/src/test/java/retrofit/ErrorHandlerTest.java:[13,10] package rx does not exist
[ERROR] /home/travis/build/square/retrofit/retrofit/src/test/java/retrofit/ErrorHandlerTest.java:[14,10] package rx does not exist
[ERROR] /home/travis/build/square/retrofit/retrofit/src/test/java/retrofit/ErrorHandlerTest.java:[35,5] cannot find symbol
  symbol:   class Observable
  location: interface retrofit.ErrorHandlerTest.ExampleClient
[ERROR] /home/travis/build/square/retrofit/retrofit/src/test/java/retrofit/MethodInfoTest.java:[60,29] constructor MethodInfo in class retrofit.MethodInfo cannot be applied to given types;
  required: java.lang.reflect.Method,java.util.List<retrofit.ExecutionAdapter>
  found: java.lang.reflect.Method
  reason: actual and formal argument lists differ in length
[ERROR] /home/travis/build/square/retrofit/retrofit/src/test/java/retrofit/MethodInfoTest.java:[72,29] constructor MethodInfo in class retrofit.MethodInfo cannot be applied to given types;
  required: java.lang.reflect.Method,java.util.List<retrofit.ExecutionAdapter>
  found: java.lang.reflect.Method
  reason: actual and formal argument lists differ in length
[ERROR] /home/travis/build/square/retrofit/retrofit/src/test/java/retrofit/MethodInfoTest.java:[85,29] constructor MethodInfo in class retrofit.MethodInfo cannot be applied to given types;
  required: java.lang.reflect.Method,java.util.List<retrofit.ExecutionAdapter>
  found: java.lang.reflect.Method
  reason: actual and formal argument lists differ in length
[ERROR] /home/travis/build/square/retrofit/retrofit/src/test/java/retrofit/MethodInfoTest.java:[97,29] constructor MethodInfo in class retrofit.MethodInfo cannot be applied to given types;
  required: java.lang.reflect.Method,java.util.List<retrofit.ExecutionAdapter>
  found: java.lang.reflect.Method
  reason: actual and formal argument lists differ in length
[ERROR] /home/travis/build/square/retrofit/retrofit/src/test/java/retrofit/MethodInfoTest.java:[108,29] constructor MethodInfo in class retrofit.MethodInfo cannot be applied to given types;
  required: java.lang.reflect.Method,java.util.List<retrofit.ExecutionAdapter>
  found: java.lang.reflect.Method
  reason: actual and formal argument lists differ in length
[ERROR] /home/travis/build/square/retrofit/retrofit/src/test/java/retrofit/MethodInfoTest.java:[119,29] constructor MethodInfo in class retrofit.MethodInfo cannot be applied to given types;
  required: java.lang.reflect.Method,java.util.List<retrofit.ExecutionAdapter>
  found: java.lang.reflect.Method
  reason: actual and formal argument lists differ in length
[ERROR] /home/travis/build/square/retrofit/retrofit/src/test/java/retrofit/MethodInfoTest.java:[130,29] constructor MethodInfo in class retrofit.MethodInfo cannot be applied to given types;
  required: java.lang.reflect.Method,java.util.List<retrofit.ExecutionAdapter>
  found: java.lang.reflect.Method
  reason: actual and formal argument lists differ in length
[ERROR] /home/travis/build/square/retrofit/retrofit/src/test/java/retrofit/MethodInfoTest.java:[147,29] constructor MethodInfo in class retrofit.MethodInfo cannot be applied to given types;
  required: java.lang.reflect.Method,java.util.List<retrofit.ExecutionAdapter>
  found: java.lang.reflect.Method
  reason: actual and formal argument lists differ in length
[ERROR] /home/travis/build/square/retrofit/retrofit/src/test/java/retrofit/MethodInfoTest.java:[160,29] constructor MethodInfo in class retrofit.MethodInfo cannot be applied to given types;
  required: java.lang.reflect.Method,java.util.List<retrofit.ExecutionAdapter>
  found: java.lang.reflect.Method
  reason: actual and formal argument lists differ in length
[ERROR] /home/travis/build/square/retrofit/retrofit/src/test/java/retrofit/MethodInfoTest.java:[172,29] constructor MethodInfo in class retrofit.MethodInfo cannot be applied to given types;
  required: java.lang.reflect.Method,java.util.List<retrofit.ExecutionAdapter>
  found: java.lang.reflect.Method
  reason: actual and formal argument lists differ in length
[ERROR] /home/travis/build/square/retrofit/retrofit/src/test/java/retrofit/MethodInfoTest.java:[186,29] constructor MethodInfo in class retrofit.MethodInfo cannot be applied to given types;
  required: java.lang.reflect.Method,java.util.List<retrofit.ExecutionAdapter>
  found: java.lang.reflect.Method
  reason: actual and formal argument lists differ in length
[ERROR] /home/travis/build/square/retrofit/retrofit/src/test/java/retrofit/MethodInfoTest.java:[192,20] cannot find symbol
  symbol:   class Observable
  location: class Example
[ERROR] /home/travis/build/square/retrofit/retrofit/src/test/java/retrofit/MethodInfoTest.java:[198,29] constructor MethodInfo in class retrofit.MethodInfo cannot be applied to given types;
  required: java.lang.reflect.Method,java.util.List<retrofit.ExecutionAdapter>
  found: java.lang.reflect.Method
  reason: actual and formal argument lists differ in length
[ERROR] /home/travis/build/square/retrofit/retrofit/src/test/java/retrofit/MethodInfoTest.java:[204,20] cannot find symbol
  symbol:   class Observable
  location: class Example
[ERROR] /home/travis/build/square/retrofit/retrofit/src/test/java/retrofit/MethodInfoTest.java:[210,29] constructor MethodInfo in class retrofit.MethodInfo cannot be applied to given types;
  required: java.lang.reflect.Method,java.util.List<retrofit.ExecutionAdapter>
  found: java.lang.reflect.Method
  reason: actual and formal argument lists differ in length
[ERROR] /home/travis/build/square/retrofit/retrofit/src/test/java/retrofit/RestAdapterTest.java:[92,14] cannot find symbol
  symbol:   class RetrofitError
  location: class retrofit.RestAdapterTest
[ERROR] /home/travis/build/square/retrofit/retrofit/src/test/java/retrofit/RestAdapterTest.java:[117,14] cannot find symbol
  symbol:   class RetrofitError
  location: class retrofit.RestAdapterTest
[ERROR] /home/travis/build/square/retrofit/retrofit/src/test/java/retrofit/RestAdapterTest.java:[136,14] cannot find symbol
  symbol:   class RetrofitError
  location: class retrofit.RestAdapterTest
[ERROR] /home/travis/build/square/retrofit/retrofit/src/test/java/retrofit/RestAdapterTest.java:[137,54] package RetrofitError does not exist
[ERROR] /home/travis/build/square/retrofit/retrofit/src/test/java/retrofit/RestAdapterTest.java:[150,14] cannot find symbol
  symbol:   class RetrofitError
  location: class retrofit.RestAdapterTest
[ERROR] /home/travis/build/square/retrofit/retrofit/src/test/java/retrofit/RestAdapterTest.java:[151,54] package RetrofitError does not exist
[ERROR] /home/travis/build/square/retrofit/retrofit/src/test/java/retrofit/RestAdapterTest.java:[163,14] cannot find symbol
  symbol:   class RetrofitError
  location: class retrofit.RestAdapterTest
[ERROR] /home/travis/build/square/retrofit/retrofit/src/test/java/retrofit/RestAdapterTest.java:[164,54] package RetrofitError does not exist
[ERROR] /home/travis/build/square/retrofit/retrofit/src/test/java/retrofit/RestAdapterTest.java:[194,37] cannot find symbol
  symbol: class RetrofitError
[ERROR] /home/travis/build/square/retrofit/retrofit/src/test/java/retrofit/RestAdapterTest.java:[188,45] <anonymous retrofit.RestAdapterTest$1> is not abstract and does not override abstract method success(retrofit.Response<com.squareup.okhttp.Response>) in retrofit.Callback
[ERROR] /home/travis/build/square/retrofit/retrofit/src/test/java/retrofit/RestAdapterTest.java:[189,7] method does not override or implement a method from a supertype
[ERROR] /home/travis/build/square/retrofit/retrofit/src/test/java/retrofit/RestAdapterTest.java:[214,37] cannot find symbol
  symbol: class RetrofitError
[ERROR] /home/travis/build/square/retrofit/retrofit/src/test/java/retrofit/RestAdapterTest.java:[208,46] <anonymous retrofit.RestAdapterTest$2> is not abstract and does not override abstract method success(retrofit.Response<java.lang.String>) in retrofit.Callback
[ERROR] /home/travis/build/square/retrofit/retrofit/src/test/java/retrofit/RestAdapterTest.java:[209,7] method does not override or implement a method from a supertype
[ERROR] /home/travis/build/square/retrofit/retrofit/src/test/java/retrofit/RestAdapterTest.java:[226,27] cannot find symbol
  symbol:   class RetrofitError
  location: class retrofit.RestAdapterTest
[ERROR] /home/travis/build/square/retrofit/retrofit/src/test/java/retrofit/RestAdapterTest.java:[226,73] cannot find symbol
  symbol:   class RetrofitError
  location: class retrofit.RestAdapterTest
[ERROR] /home/travis/build/square/retrofit/retrofit/src/test/java/retrofit/RestAdapterTest.java:[233,37] cannot find symbol
  symbol: class RetrofitError
[ERROR] /home/travis/build/square/retrofit/retrofit/src/test/java/retrofit/RestAdapterTest.java:[228,46] <anonymous retrofit.RestAdapterTest$3> is not abstract and does not override abstract method success(retrofit.Response<java.lang.String>) in retrofit.Callback
[ERROR] /home/travis/build/square/retrofit/retrofit/src/test/java/retrofit/RestAdapterTest.java:[229,7] method does not override or implement a method from a supertype
[ERROR] /home/travis/build/square/retrofit/retrofit/src/test/java/retrofit/RestAdapterTest.java:[240,5] cannot find symbol
  symbol:   class RetrofitError
  location: class retrofit.RestAdapterTest
[ERROR] /home/travis/build/square/retrofit/retrofit/src/test/java/retrofit/ErrorHandlerTest.java:[63,9] cannot find symbol
  symbol:   method callbackExecutor(retrofit.Utils.SynchronousExecutor)
  location: class retrofit.RestAdapter.Builder
[ERROR] /home/travis/build/square/retrofit/retrofit/src/test/java/retrofit/ErrorHandlerTest.java:[70,60] cannot find symbol
  symbol:   class RetrofitError
  location: class retrofit.ErrorHandlerTest
[ERROR] /home/travis/build/square/retrofit/retrofit/src/test/java/retrofit/ErrorHandlerTest.java:[82,60] cannot find symbol
  symbol:   class RetrofitError
  location: class retrofit.ErrorHandlerTest
[ERROR] /home/travis/build/square/retrofit/retrofit/src/test/java/retrofit/ErrorHandlerTest.java:[90,37] cannot find symbol
  symbol: class RetrofitError
[ERROR] /home/travis/build/square/retrofit/retrofit/src/test/java/retrofit/ErrorHandlerTest.java:[84,68] <anonymous retrofit.ErrorHandlerTest$2> is not abstract and does not override abstract method success(retrofit.Response<com.squareup.okhttp.Response>) in retrofit.Callback
[ERROR] /home/travis/build/square/retrofit/retrofit/src/test/java/retrofit/ErrorHandlerTest.java:[86,7] method does not override or implement a method from a supertype
[ERROR] /home/travis/build/square/retrofit/retrofit/src/test/java/retrofit/ErrorHandlerTest.java:[98,60] cannot find symbol
  symbol:   class RetrofitError
  location: class retrofit.ErrorHandlerTest
[ERROR] /home/travis/build/square/retrofit/retrofit/src/test/java/retrofit/ErrorHandlerTest.java:[101,52] cannot find symbol
  symbol:   class Observer
  location: class retrofit.ErrorHandlerTest
[ERROR] /home/travis/build/square/retrofit/retrofit/src/test/java/retrofit/ErrorHandlerTest.java:[119,55] cannot find symbol
  symbol:   class RetrofitError
  location: class retrofit.ErrorHandlerTest
[INFO] 48 errors 
[INFO] -------------------------------------------------------------
[INFO] ------------------------------------------------------------------------
[INFO] Reactor Summary:
[INFO] 
[INFO] Retrofit (Parent) .................................. SUCCESS [  2.077 s]
[INFO] Retrofit ........................................... FAILURE [  5.192 s]
[INFO] Converters ......................................... SKIPPED
[INFO] Adapter: RxJava .................................... SKIPPED
[INFO] Adapters ........................................... SKIPPED
[INFO] Converter: Protocol Buffers ........................ SKIPPED
[INFO] Converter: Jackson ................................. SKIPPED
[INFO] Converter: Wire Protocol Buffers ................... SKIPPED
[INFO] Converter: SimpleXML ............................... SKIPPED
[INFO] Retrofit Mock Adapter .............................. SKIPPED
[INFO] Samples ............................................ SKIPPED
[INFO] Sample: GitHub Client .............................. SKIPPED
[INFO] Sample: Mock GitHub Client ......................... SKIPPED
[INFO] ------------------------------------------------------------------------
[INFO] BUILD FAILURE
[INFO] ------------------------------------------------------------------------
[INFO] Total time: 8.925 s
[INFO] Finished at: 2015-05-14T03:52:41+00:00
[INFO] Final Memory: 29M/345M
[INFO] ------------------------------------------------------------------------
[ERROR] Failed to execute goal org.apache.maven.plugins:maven-compiler-plugin:3.0:testCompile (default-testCompile) on project retrofit: Compilation failure: Compilation failure:
[ERROR] /home/travis/build/square/retrofit/retrofit/src/test/java/retrofit/MethodInfoTest.java:[16,10] package rx does not exist
[ERROR] /home/travis/build/square/retrofit/retrofit/src/test/java/retrofit/ErrorHandlerTest.java:[13,10] package rx does not exist
[ERROR] /home/travis/build/square/retrofit/retrofit/src/test/java/retrofit/ErrorHandlerTest.java:[14,10] package rx does not exist
[ERROR] /home/travis/build/square/retrofit/retrofit/src/test/java/retrofit/ErrorHandlerTest.java:[35,5] cannot find symbol
[ERROR] symbol:   class Observable
[ERROR] location: interface retrofit.ErrorHandlerTest.ExampleClient
[ERROR] /home/travis/build/square/retrofit/retrofit/src/test/java/retrofit/MethodInfoTest.java:[60,29] constructor MethodInfo in class retrofit.MethodInfo cannot be applied to given types;
[ERROR] required: java.lang.reflect.Method,java.util.List<retrofit.ExecutionAdapter>
[ERROR] found: java.lang.reflect.Method
[ERROR] reason: actual and formal argument lists differ in length
[ERROR] /home/travis/build/square/retrofit/retrofit/src/test/java/retrofit/MethodInfoTest.java:[72,29] constructor MethodInfo in class retrofit.MethodInfo cannot be applied to given types;
[ERROR] required: java.lang.reflect.Method,java.util.List<retrofit.ExecutionAdapter>
[ERROR] found: java.lang.reflect.Method
[ERROR] reason: actual and formal argument lists differ in length
[ERROR] /home/travis/build/square/retrofit/retrofit/src/test/java/retrofit/MethodInfoTest.java:[85,29] constructor MethodInfo in class retrofit.MethodInfo cannot be applied to given types;
[ERROR] required: java.lang.reflect.Method,java.util.List<retrofit.ExecutionAdapter>
[ERROR] found: java.lang.reflect.Method
[ERROR] reason: actual and formal argument lists differ in length
[ERROR] /home/travis/build/square/retrofit/retrofit/src/test/java/retrofit/MethodInfoTest.java:[97,29] constructor MethodInfo in class retrofit.MethodInfo cannot be applied to given types;
[ERROR] required: java.lang.reflect.Method,java.util.List<retrofit.ExecutionAdapter>
[ERROR] found: java.lang.reflect.Method
[ERROR] reason: actual and formal argument lists differ in length
[ERROR] /home/travis/build/square/retrofit/retrofit/src/test/java/retrofit/MethodInfoTest.java:[108,29] constructor MethodInfo in class retrofit.MethodInfo cannot be applied to given types;
[ERROR] required: java.lang.reflect.Method,java.util.List<retrofit.ExecutionAdapter>
[ERROR] found: java.lang.reflect.Method
[ERROR] reason: actual and formal argument lists differ in length
[ERROR] /home/travis/build/square/retrofit/retrofit/src/test/java/retrofit/MethodInfoTest.java:[119,29] constructor MethodInfo in class retrofit.MethodInfo cannot be applied to given types;
[ERROR] required: java.lang.reflect.Method,java.util.List<retrofit.ExecutionAdapter>
[ERROR] found: java.lang.reflect.Method
[ERROR] reason: actual and formal argument lists differ in length
[ERROR] /home/travis/build/square/retrofit/retrofit/src/test/java/retrofit/MethodInfoTest.java:[130,29] constructor MethodInfo in class retrofit.MethodInfo cannot be applied to given types;
[ERROR] required: java.lang.reflect.Method,java.util.List<retrofit.ExecutionAdapter>
[ERROR] found: java.lang.reflect.Method
[ERROR] reason: actual and formal argument lists differ in length
[ERROR] /home/travis/build/square/retrofit/retrofit/src/test/java/retrofit/MethodInfoTest.java:[147,29] constructor MethodInfo in class retrofit.MethodInfo cannot be applied to given types;
[ERROR] required: java.lang.reflect.Method,java.util.List<retrofit.ExecutionAdapter>
[ERROR] found: java.lang.reflect.Method
[ERROR] reason: actual and formal argument lists differ in length
[ERROR] /home/travis/build/square/retrofit/retrofit/src/test/java/retrofit/MethodInfoTest.java:[160,29] constructor MethodInfo in class retrofit.MethodInfo cannot be applied to given types;
[ERROR] required: java.lang.reflect.Method,java.util.List<retrofit.ExecutionAdapter>
[ERROR] found: java.lang.reflect.Method
[ERROR] reason: actual and formal argument lists differ in length
[ERROR] /home/travis/build/square/retrofit/retrofit/src/test/java/retrofit/MethodInfoTest.java:[172,29] constructor MethodInfo in class retrofit.MethodInfo cannot be applied to given types;
[ERROR] required: java.lang.reflect.Method,java.util.List<retrofit.ExecutionAdapter>
[ERROR] found: java.lang.reflect.Method
[ERROR] reason: actual and formal argument lists differ in length
[ERROR] /home/travis/build/square/retrofit/retrofit/src/test/java/retrofit/MethodInfoTest.java:[186,29] constructor MethodInfo in class retrofit.MethodInfo cannot be applied to given types;
[ERROR] required: java.lang.reflect.Method,java.util.List<retrofit.ExecutionAdapter>
[ERROR] found: java.lang.reflect.Method
[ERROR] reason: actual and formal argument lists differ in length
[ERROR] /home/travis/build/square/retrofit/retrofit/src/test/java/retrofit/MethodInfoTest.java:[192,20] cannot find symbol
[ERROR] symbol:   class Observable
[ERROR] location: class Example
[ERROR] /home/travis/build/square/retrofit/retrofit/src/test/java/retrofit/MethodInfoTest.java:[198,29] constructor MethodInfo in class retrofit.MethodInfo cannot be applied to given types;
[ERROR] required: java.lang.reflect.Method,java.util.List<retrofit.ExecutionAdapter>
[ERROR] found: java.lang.reflect.Method
[ERROR] reason: actual and formal argument lists differ in length
[ERROR] /home/travis/build/square/retrofit/retrofit/src/test/java/retrofit/MethodInfoTest.java:[204,20] cannot find symbol
[ERROR] symbol:   class Observable
[ERROR] location: class Example
[ERROR] /home/travis/build/square/retrofit/retrofit/src/test/java/retrofit/MethodInfoTest.java:[210,29] constructor MethodInfo in class retrofit.MethodInfo cannot be applied to given types;
[ERROR] required: java.lang.reflect.Method,java.util.List<retrofit.ExecutionAdapter>
[ERROR] found: java.lang.reflect.Method
[ERROR] reason: actual and formal argument lists differ in length
[ERROR] /home/travis/build/square/retrofit/retrofit/src/test/java/retrofit/RestAdapterTest.java:[92,14] cannot find symbol
[ERROR] symbol:   class RetrofitError
[ERROR] location: class retrofit.RestAdapterTest
[ERROR] /home/travis/build/square/retrofit/retrofit/src/test/java/retrofit/RestAdapterTest.java:[117,14] cannot find symbol
[ERROR] symbol:   class RetrofitError
[ERROR] location: class retrofit.RestAdapterTest
[ERROR] /home/travis/build/square/retrofit/retrofit/src/test/java/retrofit/RestAdapterTest.java:[136,14] cannot find symbol
[ERROR] symbol:   class RetrofitError
[ERROR] location: class retrofit.RestAdapterTest
[ERROR] /home/travis/build/square/retrofit/retrofit/src/test/java/retrofit/RestAdapterTest.java:[137,54] package RetrofitError does not exist
[ERROR] /home/travis/build/square/retrofit/retrofit/src/test/java/retrofit/RestAdapterTest.java:[150,14] cannot find symbol
[ERROR] symbol:   class RetrofitError
[ERROR] location: class retrofit.RestAdapterTest
[ERROR] /home/travis/build/square/retrofit/retrofit/src/test/java/retrofit/RestAdapterTest.java:[151,54] package RetrofitError does not exist
[ERROR] /home/travis/build/square/retrofit/retrofit/src/test/java/retrofit/RestAdapterTest.java:[163,14] cannot find symbol
[ERROR] symbol:   class RetrofitError
[ERROR] location: class retrofit.RestAdapterTest
[ERROR] /home/travis/build/square/retrofit/retrofit/src/test/java/retrofit/RestAdapterTest.java:[164,54] package RetrofitError does not exist
[ERROR] /home/travis/build/square/retrofit/retrofit/src/test/java/retrofit/RestAdapterTest.java:[194,37] cannot find symbol
[ERROR] symbol: class RetrofitError
[ERROR] /home/travis/build/square/retrofit/retrofit/src/test/java/retrofit/RestAdapterTest.java:[188,45] <anonymous retrofit.RestAdapterTest$1> is not abstract and does not override abstract method success(retrofit.Response<com.squareup.okhttp.Response>) in retrofit.Callback
[ERROR] /home/travis/build/square/retrofit/retrofit/src/test/java/retrofit/RestAdapterTest.java:[189,7] method does not override or implement a method from a supertype
[ERROR] /home/travis/build/square/retrofit/retrofit/src/test/java/retrofit/RestAdapterTest.java:[214,37] cannot find symbol
[ERROR] symbol: class RetrofitError
[ERROR] /home/travis/build/square/retrofit/retrofit/src/test/java/retrofit/RestAdapterTest.java:[208,46] <anonymous retrofit.RestAdapterTest$2> is not abstract and does not override abstract method success(retrofit.Response<java.lang.String>) in retrofit.Callback
[ERROR] /home/travis/build/square/retrofit/retrofit/src/test/java/retrofit/RestAdapterTest.java:[209,7] method does not override or implement a method from a supertype
[ERROR] /home/travis/build/square/retrofit/retrofit/src/test/java/retrofit/RestAdapterTest.java:[226,27] cannot find symbol
[ERROR] symbol:   class RetrofitError
[ERROR] location: class retrofit.RestAdapterTest
[ERROR] /home/travis/build/square/retrofit/retrofit/src/test/java/retrofit/RestAdapterTest.java:[226,73] cannot find symbol
[ERROR] symbol:   class RetrofitError
[ERROR] location: class retrofit.RestAdapterTest
[ERROR] /home/travis/build/square/retrofit/retrofit/src/test/java/retrofit/RestAdapterTest.java:[233,37] cannot find symbol
[ERROR] symbol: class RetrofitError
[ERROR] /home/travis/build/square/retrofit/retrofit/src/test/java/retrofit/RestAdapterTest.java:[228,46] <anonymous retrofit.RestAdapterTest$3> is not abstract and does not override abstract method success(retrofit.Response<java.lang.String>) in retrofit.Callback
[ERROR] /home/travis/build/square/retrofit/retrofit/src/test/java/retrofit/RestAdapterTest.java:[229,7] method does not override or implement a method from a supertype
[ERROR] /home/travis/build/square/retrofit/retrofit/src/test/java/retrofit/RestAdapterTest.java:[240,5] cannot find symbol
[ERROR] symbol:   class RetrofitError
[ERROR] location: class retrofit.RestAdapterTest
[ERROR] /home/travis/build/square/retrofit/retrofit/src/test/java/retrofit/ErrorHandlerTest.java:[63,9] cannot find symbol
[ERROR] symbol:   method callbackExecutor(retrofit.Utils.SynchronousExecutor)
[ERROR] location: class retrofit.RestAdapter.Builder
[ERROR] /home/travis/build/square/retrofit/retrofit/src/test/java/retrofit/ErrorHandlerTest.java:[70,60] cannot find symbol
[ERROR] symbol:   class RetrofitError
[ERROR] location: class retrofit.ErrorHandlerTest
[ERROR] /home/travis/build/square/retrofit/retrofit/src/test/java/retrofit/ErrorHandlerTest.java:[82,60] cannot find symbol
[ERROR] symbol:   class RetrofitError
[ERROR] location: class retrofit.ErrorHandlerTest
[ERROR] /home/travis/build/square/retrofit/retrofit/src/test/java/retrofit/ErrorHandlerTest.java:[90,37] cannot find symbol
[ERROR] symbol: class RetrofitError
[ERROR] /home/travis/build/square/retrofit/retrofit/src/test/java/retrofit/ErrorHandlerTest.java:[84,68] <anonymous retrofit.ErrorHandlerTest$2> is not abstract and does not override abstract method success(retrofit.Response<com.squareup.okhttp.Response>) in retrofit.Callback
[ERROR] /home/travis/build/square/retrofit/retrofit/src/test/java/retrofit/ErrorHandlerTest.java:[86,7] method does not override or implement a method from a supertype
[ERROR] /home/travis/build/square/retrofit/retrofit/src/test/java/retrofit/ErrorHandlerTest.java:[98,60] cannot find symbol
[ERROR] symbol:   class RetrofitError
[ERROR] location: class retrofit.ErrorHandlerTest
[ERROR] /home/travis/build/square/retrofit/retrofit/src/test/java/retrofit/ErrorHandlerTest.java:[101,52] cannot find symbol
[ERROR] symbol:   class Observer
[ERROR] location: class retrofit.ErrorHandlerTest
[ERROR] /home/travis/build/square/retrofit/retrofit/src/test/java/retrofit/ErrorHandlerTest.java:[119,55] cannot find symbol
[ERROR] symbol:   class RetrofitError
[ERROR] location: class retrofit.ErrorHandlerTest
[ERROR] -> [Help 1]
[ERROR] 
[ERROR] To see the full stack trace of the errors, re-run Maven with the -e switch.
[ERROR] Re-run Maven using the -X switch to enable full debug logging.
[ERROR] 
[ERROR] For more information about the errors and possible solutions, please read the following articles:
[ERROR] [Help 1] http://cwiki.apache.org/confluence/display/MAVEN/MojoFailureException
[ERROR] 
[ERROR] After correcting the problems, you can resume the build with the command
[ERROR]   mvn <goals> -rf :retrofit

[31;1mThe command "eval mvn install -DskipTests=true -Dmaven.javadoc.skip=true -B -V" failed 3 times.[0m

travis_time:end:001ffbff:start=1431575514997751330,finish=1431575565114911166,duration=50117159836[0K
[31;1mThe command "mvn install -DskipTests=true -Dmaven.javadoc.skip=true -B -V" failed and exited with 1 during .[0m

Your build has been stopped.
