Using worker: worker-linux-docker-0259552d.prod.travis-ci.org:travis-linux-8

travis_fold:start:system_info[0K[33;1mBuild system information[0m
Build language: java
[34m[1mBuild image provisioning date and time[0m
Thu Feb  5 15:09:33 UTC 2015
[34m[1mOperating System Details[0m
Distributor ID:	Ubuntu
Description:	Ubuntu 12.04.5 LTS
Release:	12.04
Codename:	precise
[34m[1mLinux Version[0m
3.13.0-29-generic
[34m[1mCookbooks Version[0m
a68419e https://github.com/travis-ci/travis-cookbooks/tree/a68419e
[34m[1mGCC version[0m
gcc (Ubuntu/Linaro 4.6.3-1ubuntu5) 4.6.3
Copyright (C) 2011 Free Software Foundation, Inc.
This is free software; see the source for copying conditions.  There is NO
warranty; not even for MERCHANTABILITY or FITNESS FOR A PARTICULAR PURPOSE.

[34m[1mLLVM version[0m
clang version 3.4 (tags/RELEASE_34/final)
Target: x86_64-unknown-linux-gnu
Thread model: posix
[34m[1mPre-installed Ruby versions[0m
ruby-1.9.3-p551
[34m[1mPre-installed Node.js versions[0m
v0.10.36
[34m[1mPre-installed Go versions[0m
1.4.1
[34m[1mRedis version[0m
redis-server 2.8.19
[34m[1mriak version[0m
2.0.2
[34m[1mMongoDB version[0m
MongoDB 2.4.12
[34m[1mCouchDB version[0m
couchdb 1.6.1
[34m[1mNeo4j version[0m
1.9.4
[34m[1mRabbitMQ Version[0m
3.4.3
[34m[1mElasticSearch version[0m
1.4.0
[34m[1mInstalled Sphinx versions[0m
2.0.10
2.1.9
2.2.6
[34m[1mDefault Sphinx version[0m
2.2.6
[34m[1mInstalled Firefox version[0m
firefox 31.0esr
[34m[1mPhantomJS version[0m
1.9.8
[34m[1mant -version[0m
Apache Ant(TM) version 1.8.2 compiled on December 3 2011
[34m[1mmvn -version[0m
Apache Maven 3.2.5 (12a6b3acb947671f09b81f49094c53f426d8cea1; 2014-12-14T17:29:23+00:00)
Maven home: /usr/local/maven
Java version: 1.7.0_76, vendor: Oracle Corporation
Java home: /usr/lib/jvm/java-7-oracle/jre
Default locale: en_US, platform encoding: ANSI_X3.4-1968
OS name: "linux", version: "3.13.0-29-generic", arch: "amd64", family: "unix"
travis_fold:end:system_info[0K
travis_fold:start:git.checkout[0Ktravis_time:start:0120d650[0K$ git clone --depth=50 --branch=jw/this-changes-everything-2 git://github.com/square/retrofit.git square/retrofit
Cloning into 'square/retrofit'...
remote: Counting objects: 1443, done.[K
remote: Compressing objects:   0% (1/764)   [Kremote: Compressing objects:   1% (8/764)   [Kremote: Compressing objects:   2% (16/764)   [Kremote: Compressing objects:   3% (23/764)   [Kremote: Compressing objects:   4% (31/764)   [Kremote: Compressing objects:   5% (39/764)   [Kremote: Compressing objects:   6% (46/764)   [Kremote: Compressing objects:   7% (54/764)   [Kremote: Compressing objects:   8% (62/764)   [Kremote: Compressing objects:   9% (69/764)   [Kremote: Compressing objects:  10% (77/764)   [Kremote: Compressing objects:  11% (85/764)   [Kremote: Compressing objects:  12% (92/764)   [Kremote: Compressing objects:  13% (100/764)   [Kremote: Compressing objects:  14% (107/764)   [Kremote: Compressing objects:  15% (115/764)   [Kremote: Compressing objects:  16% (123/764)   [Kremote: Compressing objects:  17% (130/764)   [Kremote: Compressing objects:  18% (138/764)   [Kremote: Compressing objects:  19% (146/764)   [Kremote: Compressing objects:  20% (153/764)   [Kremote: Compressing objects:  21% (161/764)   [Kremote: Compressing objects:  22% (169/764)   [Kremote: Compressing objects:  23% (176/764)   [Kremote: Compressing objects:  24% (184/764)   [Kremote: Compressing objects:  25% (191/764)   [Kremote: Compressing objects:  26% (199/764)   [Kremote: Compressing objects:  27% (207/764)   [Kremote: Compressing objects:  28% (214/764)   [Kremote: Compressing objects:  29% (222/764)   [Kremote: Compressing objects:  30% (230/764)   [Kremote: Compressing objects:  31% (237/764)   [Kremote: Compressing objects:  32% (245/764)   [Kremote: Compressing objects:  33% (253/764)   [Kremote: Compressing objects:  34% (260/764)   [Kremote: Compressing objects:  35% (268/764)   [Kremote: Compressing objects:  36% (276/764)   [Kremote: Compressing objects:  37% (283/764)   [Kremote: Compressing objects:  38% (291/764)   [Kremote: Compressing objects:  39% (298/764)   [Kremote: Compressing objects:  40% (306/764)   [Kremote: Compressing objects:  41% (314/764)   [Kremote: Compressing objects:  42% (321/764)   [Kremote: Compressing objects:  43% (329/764)   [Kremote: Compressing objects:  44% (337/764)   [Kremote: Compressing objects:  45% (344/764)   [Kremote: Compressing objects:  46% (352/764)   [Kremote: Compressing objects:  47% (360/764)   [Kremote: Compressing objects:  48% (367/764)   [Kremote: Compressing objects:  49% (375/764)   [Kremote: Compressing objects:  50% (382/764)   [Kremote: Compressing objects:  51% (390/764)   [Kremote: Compressing objects:  52% (398/764)   [Kremote: Compressing objects:  53% (405/764)   [Kremote: Compressing objects:  54% (413/764)   [Kremote: Compressing objects:  55% (421/764)   [Kremote: Compressing objects:  56% (428/764)   [Kremote: Compressing objects:  57% (436/764)   [Kremote: Compressing objects:  58% (444/764)   [Kremote: Compressing objects:  59% (451/764)   [Kremote: Compressing objects:  60% (459/764)   [Kremote: Compressing objects:  61% (467/764)   [Kremote: Compressing objects:  62% (474/764)   [Kremote: Compressing objects:  63% (482/764)   [Kremote: Compressing objects:  64% (489/764)   [Kremote: Compressing objects:  65% (497/764)   [Kremote: Compressing objects:  66% (505/764)   [Kremote: Compressing objects:  67% (512/764)   [Kremote: Compressing objects:  68% (520/764)   [Kremote: Compressing objects:  69% (528/764)   [Kremote: Compressing objects:  70% (535/764)   [Kremote: Compressing objects:  71% (543/764)   [Kremote: Compressing objects:  72% (551/764)   [Kremote: Compressing objects:  73% (558/764)   [Kremote: Compressing objects:  74% (566/764)   [Kremote: Compressing objects:  75% (573/764)   [Kremote: Compressing objects:  76% (581/764)   [Kremote: Compressing objects:  77% (589/764)   [Kremote: Compressing objects:  78% (596/764)   [Kremote: Compressing objects:  79% (604/764)   [Kremote: Compressing objects:  80% (612/764)   [Kremote: Compressing objects:  81% (619/764)   [Kremote: Compressing objects:  82% (627/764)   [Kremote: Compressing objects:  83% (635/764)   [Kremote: Compressing objects:  84% (642/764)   [Kremote: Compressing objects:  85% (650/764)   [Kremote: Compressing objects:  86% (658/764)   [Kremote: Compressing objects:  87% (665/764)   [Kremote: Compressing objects:  88% (673/764)   [Kremote: Compressing objects:  89% (680/764)   [Kremote: Compressing objects:  90% (688/764)   [Kremote: Compressing objects:  91% (696/764)   [Kremote: Compressing objects:  92% (703/764)   [Kremote: Compressing objects:  93% (711/764)   [Kremote: Compressing objects:  94% (719/764)   [Kremote: Compressing objects:  95% (726/764)   [Kremote: Compressing objects:  96% (734/764)   [Kremote: Compressing objects:  97% (742/764)   [Kremote: Compressing objects:  98% (749/764)   [Kremote: Compressing objects:  99% (757/764)   [Kremote: Compressing objects: 100% (764/764)   [Kremote: Compressing objects: 100% (764/764), done.[K
Receiving objects:   0% (1/1443)   Receiving objects:   1% (15/1443)   Receiving objects:   2% (29/1443)   Receiving objects:   3% (44/1443)   Receiving objects:   4% (58/1443)   Receiving objects:   5% (73/1443)   Receiving objects:   6% (87/1443)   Receiving objects:   7% (102/1443)   Receiving objects:   8% (116/1443)   Receiving objects:   9% (130/1443)   Receiving objects:  10% (145/1443)   Receiving objects:  11% (159/1443)   Receiving objects:  12% (174/1443)   Receiving objects:  13% (188/1443)   Receiving objects:  14% (203/1443)   Receiving objects:  15% (217/1443)   Receiving objects:  16% (231/1443)   Receiving objects:  17% (246/1443)   Receiving objects:  18% (260/1443)   Receiving objects:  19% (275/1443)   Receiving objects:  20% (289/1443)   Receiving objects:  21% (304/1443)   Receiving objects:  22% (318/1443)   Receiving objects:  23% (332/1443)   Receiving objects:  24% (347/1443)   Receiving objects:  25% (361/1443)   Receiving objects:  26% (376/1443)   Receiving objects:  27% (390/1443)   Receiving objects:  28% (405/1443)   Receiving objects:  29% (419/1443)   Receiving objects:  30% (433/1443)   Receiving objects:  31% (448/1443)   Receiving objects:  32% (462/1443)   Receiving objects:  33% (477/1443)   Receiving objects:  34% (491/1443)   Receiving objects:  35% (506/1443)   Receiving objects:  36% (520/1443)   Receiving objects:  37% (534/1443)   Receiving objects:  38% (549/1443)   Receiving objects:  39% (563/1443)   Receiving objects:  40% (578/1443)   Receiving objects:  41% (592/1443)   Receiving objects:  42% (607/1443)   Receiving objects:  43% (621/1443)   Receiving objects:  44% (635/1443)   Receiving objects:  45% (650/1443)   Receiving objects:  46% (664/1443)   Receiving objects:  47% (679/1443)   Receiving objects:  48% (693/1443)   Receiving objects:  49% (708/1443)   Receiving objects:  50% (722/1443)   Receiving objects:  51% (736/1443)   Receiving objects:  52% (751/1443)   Receiving objects:  53% (765/1443)   Receiving objects:  54% (780/1443)   Receiving objects:  55% (794/1443)   Receiving objects:  56% (809/1443)   Receiving objects:  57% (823/1443)   Receiving objects:  58% (837/1443)   Receiving objects:  59% (852/1443)   Receiving objects:  60% (866/1443)   Receiving objects:  61% (881/1443)   Receiving objects:  62% (895/1443)   Receiving objects:  63% (910/1443)   Receiving objects:  64% (924/1443)   Receiving objects:  65% (938/1443)   Receiving objects:  66% (953/1443)   Receiving objects:  67% (967/1443)   Receiving objects:  68% (982/1443)   Receiving objects:  69% (996/1443)   Receiving objects:  70% (1011/1443)   Receiving objects:  71% (1025/1443)   Receiving objects:  72% (1039/1443)   Receiving objects:  73% (1054/1443)   Receiving objects:  74% (1068/1443)   Receiving objects:  75% (1083/1443)   remote: Total 1443 (delta 521), reused 1172 (delta 320), pack-reused 0[K
Receiving objects:  76% (1097/1443)   Receiving objects:  77% (1112/1443)   Receiving objects:  78% (1126/1443)   Receiving objects:  79% (1140/1443)   Receiving objects:  80% (1155/1443)   Receiving objects:  81% (1169/1443)   Receiving objects:  82% (1184/1443)   Receiving objects:  83% (1198/1443)   Receiving objects:  84% (1213/1443)   Receiving objects:  85% (1227/1443)   Receiving objects:  86% (1241/1443)   Receiving objects:  87% (1256/1443)   Receiving objects:  88% (1270/1443)   Receiving objects:  89% (1285/1443)   Receiving objects:  90% (1299/1443)   Receiving objects:  91% (1314/1443)   Receiving objects:  92% (1328/1443)   Receiving objects:  93% (1342/1443)   Receiving objects:  94% (1357/1443)   Receiving objects:  95% (1371/1443)   Receiving objects:  96% (1386/1443)   Receiving objects:  97% (1400/1443)   Receiving objects:  98% (1415/1443)   Receiving objects:  99% (1429/1443)   Receiving objects: 100% (1443/1443)   Receiving objects: 100% (1443/1443), 337.21 KiB | 0 bytes/s, done.
Resolving deltas:   0% (0/521)   Resolving deltas:   6% (35/521)   Resolving deltas:   7% (41/521)   Resolving deltas:   8% (44/521)   Resolving deltas:   9% (47/521)   Resolving deltas:  12% (66/521)   Resolving deltas:  18% (95/521)   Resolving deltas:  27% (145/521)   Resolving deltas:  28% (146/521)   Resolving deltas:  29% (152/521)   Resolving deltas:  30% (159/521)   Resolving deltas:  31% (166/521)   Resolving deltas:  32% (167/521)   Resolving deltas:  33% (174/521)   Resolving deltas:  34% (179/521)   Resolving deltas:  35% (184/521)   Resolving deltas:  36% (189/521)   Resolving deltas:  38% (199/521)   Resolving deltas:  39% (205/521)   Resolving deltas:  40% (210/521)   Resolving deltas:  41% (214/521)   Resolving deltas:  43% (227/521)   Resolving deltas:  47% (245/521)   Resolving deltas:  48% (255/521)   Resolving deltas:  49% (256/521)   Resolving deltas:  50% (262/521)   Resolving deltas:  51% (268/521)   Resolving deltas:  52% (271/521)   Resolving deltas:  53% (277/521)   Resolving deltas:  55% (290/521)   Resolving deltas:  56% (292/521)   Resolving deltas:  57% (297/521)   Resolving deltas:  58% (306/521)   Resolving deltas:  59% (308/521)   Resolving deltas:  60% (316/521)   Resolving deltas:  62% (327/521)   Resolving deltas:  63% (329/521)   Resolving deltas:  65% (339/521)   Resolving deltas:  66% (344/521)   Resolving deltas:  67% (350/521)   Resolving deltas:  68% (355/521)   Resolving deltas:  69% (363/521)   Resolving deltas:  70% (365/521)   Resolving deltas:  71% (370/521)   Resolving deltas:  72% (377/521)   Resolving deltas:  73% (381/521)   Resolving deltas:  75% (394/521)   Resolving deltas:  76% (398/521)   Resolving deltas:  77% (403/521)   Resolving deltas:  78% (409/521)   Resolving deltas:  79% (414/521)   Resolving deltas:  80% (418/521)   Resolving deltas:  81% (423/521)   Resolving deltas:  82% (428/521)   Resolving deltas:  86% (451/521)   Resolving deltas:  87% (455/521)   Resolving deltas:  88% (462/521)   Resolving deltas:  90% (472/521)   Resolving deltas:  91% (476/521)   Resolving deltas:  95% (496/521)   Resolving deltas:  96% (503/521)   Resolving deltas:  97% (508/521)   Resolving deltas: 100% (521/521)   Resolving deltas: 100% (521/521), done.
Checking connectivity... done.
travis_time:end:0120d650:start=1431839406810986110,finish=1431839407040504713,duration=229518603[0K$ cd square/retrofit
$ git checkout -qf 84ac05ed8b1b295e064fae6e192d1829962ca33b
travis_fold:end:git.checkout[0K
[33;1mThis job is running on container-based infrastructure, which does not allow use of 'sudo', setuid and setguid executables.[0m
[33;1mIf you require sudo, add 'sudo: required' to your .travis.yml[0m
[33;1mSee http://docs.travis-ci.com/user/workers/container-based-infrastructure/ for details.[0m

[33;1mSetting environment variables from .travis.yml[0m
$ export CI_DEPLOY_USERNAME=[secure]
$ export CI_DEPLOY_PASSWORD=[secure]

travis_fold:start:cache.1[0KSetting up build cache
$ export CASHER_DIR=$HOME/.casher
travis_time:start:0cad8575[0K$ Installing caching utilities
travis_time:end:0cad8575:start=1431839410394876766,finish=1431839410536476961,duration=141600195[0Ktravis_time:start:10d067a8[0Kattempting to download cache archive
fetching jwthis-changes-everything-2/cache--jdk-oraclejdk8.tbz
fetching master/cache--jdk-oraclejdk8.tbz
found cache
travis_time:end:10d067a8:start=1431839410540807524,finish=1431839411598563530,duration=1057756006[0Ktravis_time:start:00309602[0Kadding /home/travis/.m2 to cache
travis_time:end:00309602:start=1431839411602109363,finish=1431839414873838772,duration=3271729409[0Ktravis_fold:end:cache.1[0K$ jdk_switcher use oraclejdk8
Switching to Oracle JDK8 (java-8-oracle), JAVA_HOME will be set to /usr/lib/jvm/java-8-oracle
$ java -Xmx32m -version
java version "1.8.0_31"
Java(TM) SE Runtime Environment (build 1.8.0_31-b13)
Java HotSpot(TM) 64-Bit Server VM (build 25.31-b07, mixed mode)
$ javac -J-Xmx32m -version
javac 1.8.0_31
travis_fold:start:install[0Ktravis_time:start:033c58b6[0K$ mvn install -DskipTests=true -Dmaven.javadoc.skip=true -B -V
Java HotSpot(TM) 64-Bit Server VM warning: ignoring option MaxPermSize=192m; support was removed in 8.0
Apache Maven 3.2.5 (12a6b3acb947671f09b81f49094c53f426d8cea1; 2014-12-14T17:29:23+00:00)
Maven home: /usr/local/maven
Java version: 1.8.0_31, vendor: Oracle Corporation
Java home: /usr/lib/jvm/java-8-oracle/jre
Default locale: en_US, platform encoding: UTF-8
OS name: "linux", version: "3.13.0-40-generic", arch: "amd64", family: "unix"
[INFO] Scanning for projects...
[INFO] Downloading: https://repository.apache.org/snapshots/com/squareup/retrofit/retrofit-converters/2.0.0-SNAPSHOT/maven-metadata.xml
[INFO] Downloading: https://repository.apache.org/snapshots/com/squareup/retrofit/parent/2.0.0-SNAPSHOT/maven-metadata.xml
[WARNING] 
[WARNING] Some problems were encountered while building the effective model for com.squareup.retrofit:adapter-rxjava:jar:2.0.0-SNAPSHOT
[WARNING] 'parent.relativePath' points at com.squareup.retrofit:retrofit-adapters instead of com.squareup.retrofit:retrofit-converters, please verify your project structure @ com.squareup.retrofit:adapter-rxjava:[unknown-version], /home/travis/build/square/retrofit/retrofit-adapters/rxjava/pom.xml, line 6, column 11
[WARNING] 
[WARNING] It is highly recommended to fix these problems because they threaten the stability of your build.
[WARNING] 
[WARNING] For this reason, future Maven versions might no longer support building such malformed projects.
[WARNING] 
[INFO] ------------------------------------------------------------------------
[INFO] Reactor Build Order:
[INFO] 
[INFO] Retrofit (Parent)
[INFO] Retrofit
[INFO] Converters
[INFO] Adapter: RxJava
[INFO] Adapters
[INFO] Converter: Protocol Buffers
[INFO] Converter: Jackson
[INFO] Converter: Wire Protocol Buffers
[INFO] Converter: SimpleXML
[INFO] Retrofit Mock Adapter
[INFO] Samples
[INFO] Sample: GitHub Client
[INFO] Sample: Mock GitHub Client
[INFO]                                                                         
[INFO] ------------------------------------------------------------------------
[INFO] Building Retrofit (Parent) 2.0.0-SNAPSHOT
[INFO] ------------------------------------------------------------------------
[INFO] Downloading: https://repo.maven.apache.org/maven2/org/apache/maven/plugins/maven-checkstyle-plugin/2.15/maven-checkstyle-plugin-2.15.pom
[INFO] Downloaded: https://repo.maven.apache.org/maven2/org/apache/maven/plugins/maven-checkstyle-plugin/2.15/maven-checkstyle-plugin-2.15.pom (14 KB at 156.5 KB/sec)
[INFO] Downloading: https://repo.maven.apache.org/maven2/org/apache/maven/plugins/maven-plugins/27/maven-plugins-27.pom
[INFO] Downloaded: https://repo.maven.apache.org/maven2/org/apache/maven/plugins/maven-plugins/27/maven-plugins-27.pom (12 KB at 792.8 KB/sec)
[INFO] Downloading: https://repo.maven.apache.org/maven2/org/apache/maven/maven-parent/26/maven-parent-26.pom
[INFO] Downloaded: https://repo.maven.apache.org/maven2/org/apache/maven/maven-parent/26/maven-parent-26.pom (39 KB at 1387.6 KB/sec)
[INFO] Downloading: https://repo.maven.apache.org/maven2/org/apache/apache/16/apache-16.pom
[INFO] Downloaded: https://repo.maven.apache.org/maven2/org/apache/apache/16/apache-16.pom (16 KB at 1074.0 KB/sec)
[INFO] Downloading: https://repo.maven.apache.org/maven2/org/apache/maven/plugins/maven-checkstyle-plugin/2.15/maven-checkstyle-plugin-2.15.jar
[INFO] Downloaded: https://repo.maven.apache.org/maven2/org/apache/maven/plugins/maven-checkstyle-plugin/2.15/maven-checkstyle-plugin-2.15.jar (109 KB at 2213.2 KB/sec)
[INFO] 
[INFO] --- maven-enforcer-plugin:1.0:enforce (enforce-maven) @ parent ---
[INFO] 
[INFO] --- maven-checkstyle-plugin:2.15:checkstyle (default) @ parent ---
[INFO] Downloading: https://repo.maven.apache.org/maven2/org/apache/maven/reporting/maven-reporting-api/2.2.1/maven-reporting-api-2.2.1.pom
[INFO] Downloaded: https://repo.maven.apache.org/maven2/org/apache/maven/reporting/maven-reporting-api/2.2.1/maven-reporting-api-2.2.1.pom (2 KB at 86.1 KB/sec)
[INFO] Downloading: https://repo.maven.apache.org/maven2/org/apache/maven/reporting/maven-reporting/2.2.1/maven-reporting-2.2.1.pom
[INFO] Downloaded: https://repo.maven.apache.org/maven2/org/apache/maven/reporting/maven-reporting/2.2.1/maven-reporting-2.2.1.pom (2 KB at 140.9 KB/sec)
[INFO] Downloading: https://repo.maven.apache.org/maven2/org/apache/maven/doxia/doxia-sink-api/1.1/doxia-sink-api-1.1.pom
[INFO] Downloaded: https://repo.maven.apache.org/maven2/org/apache/maven/doxia/doxia-sink-api/1.1/doxia-sink-api-1.1.pom (2 KB at 199.1 KB/sec)
[INFO] Downloading: https://repo.maven.apache.org/maven2/org/apache/maven/doxia/doxia/1.1/doxia-1.1.pom
[INFO] Downloaded: https://repo.maven.apache.org/maven2/org/apache/maven/doxia/doxia/1.1/doxia-1.1.pom (15 KB at 1140.2 KB/sec)
[INFO] Downloading: https://repo.maven.apache.org/maven2/org/apache/maven/doxia/doxia-logging-api/1.1/doxia-logging-api-1.1.pom
[INFO] Downloaded: https://repo.maven.apache.org/maven2/org/apache/maven/doxia/doxia-logging-api/1.1/doxia-logging-api-1.1.pom (2 KB at 46.6 KB/sec)
[INFO] Downloading: https://repo.maven.apache.org/maven2/org/apache/maven/reporting/maven-reporting-impl/2.3/maven-reporting-impl-2.3.pom
[INFO] Downloaded: https://repo.maven.apache.org/maven2/org/apache/maven/reporting/maven-reporting-impl/2.3/maven-reporting-impl-2.3.pom (5 KB at 143.6 KB/sec)
[INFO] Downloading: https://repo.maven.apache.org/maven2/org/apache/maven/shared/maven-shared-components/20/maven-shared-components-20.pom
[INFO] Downloaded: https://repo.maven.apache.org/maven2/org/apache/maven/shared/maven-shared-components/20/maven-shared-components-20.pom (5 KB at 383.6 KB/sec)
[INFO] Downloading: https://repo.maven.apache.org/maven2/org/apache/maven/maven-parent/24/maven-parent-24.pom
[INFO] Downloaded: https://repo.maven.apache.org/maven2/org/apache/maven/maven-parent/24/maven-parent-24.pom (37 KB at 1801.7 KB/sec)
[INFO] Downloading: https://repo.maven.apache.org/maven2/org/apache/apache/14/apache-14.pom
[INFO] Downloaded: https://repo.maven.apache.org/maven2/org/apache/apache/14/apache-14.pom (15 KB at 1024.3 KB/sec)
[INFO] Downloading: https://repo.maven.apache.org/maven2/org/apache/maven/shared/maven-shared-utils/0.6/maven-shared-utils-0.6.pom
[INFO] Downloaded: https://repo.maven.apache.org/maven2/org/apache/maven/shared/maven-shared-utils/0.6/maven-shared-utils-0.6.pom (5 KB at 198.5 KB/sec)
[INFO] Downloading: https://repo.maven.apache.org/maven2/org/apache/maven/shared/maven-shared-components/19/maven-shared-components-19.pom
[INFO] Downloaded: https://repo.maven.apache.org/maven2/org/apache/maven/shared/maven-shared-components/19/maven-shared-components-19.pom (7 KB at 621.0 KB/sec)
[INFO] Downloading: https://repo.maven.apache.org/maven2/org/apache/maven/maven-parent/23/maven-parent-23.pom
[INFO] Downloaded: https://repo.maven.apache.org/maven2/org/apache/maven/maven-parent/23/maven-parent-23.pom (32 KB at 1767.9 KB/sec)
[INFO] Downloading: https://repo.maven.apache.org/maven2/org/apache/apache/13/apache-13.pom
[INFO] Downloaded: https://repo.maven.apache.org/maven2/org/apache/apache/13/apache-13.pom (14 KB at 1049.7 KB/sec)
[INFO] Downloading: https://repo.maven.apache.org/maven2/org/apache/maven/shared/maven-shared-resources/2/maven-shared-resources-2.pom
[INFO] Downloaded: https://repo.maven.apache.org/maven2/org/apache/maven/shared/maven-shared-resources/2/maven-shared-resources-2.pom (3 KB at 78.0 KB/sec)
[INFO] Downloading: https://repo.maven.apache.org/maven2/org/apache/maven/shared/maven-shared-components/21/maven-shared-components-21.pom
[INFO] Downloaded: https://repo.maven.apache.org/maven2/org/apache/maven/shared/maven-shared-components/21/maven-shared-components-21.pom (5 KB at 453.4 KB/sec)
[INFO] Downloading: https://repo.maven.apache.org/maven2/org/apache/maven/maven-parent/25/maven-parent-25.pom
[INFO] Downloaded: https://repo.maven.apache.org/maven2/org/apache/maven/maven-parent/25/maven-parent-25.pom (37 KB at 914.1 KB/sec)
[INFO] Downloading: https://repo.maven.apache.org/maven2/org/apache/apache/15/apache-15.pom
[INFO] Downloaded: https://repo.maven.apache.org/maven2/org/apache/apache/15/apache-15.pom (15 KB at 991.9 KB/sec)
[INFO] Downloading: https://repo.maven.apache.org/maven2/org/apache/maven/doxia/doxia-sink-api/1.4/doxia-sink-api-1.4.pom
[INFO] Downloaded: https://repo.maven.apache.org/maven2/org/apache/maven/doxia/doxia-sink-api/1.4/doxia-sink-api-1.4.pom (2 KB at 135.9 KB/sec)
[INFO] Downloading: https://repo.maven.apache.org/maven2/org/apache/maven/doxia/doxia/1.4/doxia-1.4.pom
[INFO] Downloaded: https://repo.maven.apache.org/maven2/org/apache/maven/doxia/doxia/1.4/doxia-1.4.pom (18 KB at 1252.4 KB/sec)
[INFO] Downloading: https://repo.maven.apache.org/maven2/org/apache/maven/doxia/doxia-logging-api/1.4/doxia-logging-api-1.4.pom
[INFO] Downloaded: https://repo.maven.apache.org/maven2/org/apache/maven/doxia/doxia-logging-api/1.4/doxia-logging-api-1.4.pom (2 KB at 65.2 KB/sec)
[INFO] Downloading: https://repo.maven.apache.org/maven2/org/apache/maven/doxia/doxia-decoration-model/1.4/doxia-decoration-model-1.4.pom
[INFO] Downloaded: https://repo.maven.apache.org/maven2/org/apache/maven/doxia/doxia-decoration-model/1.4/doxia-decoration-model-1.4.pom (3 KB at 186.5 KB/sec)
[INFO] Downloading: https://repo.maven.apache.org/maven2/org/apache/maven/doxia/doxia-sitetools/1.4/doxia-sitetools-1.4.pom
[INFO] Downloaded: https://repo.maven.apache.org/maven2/org/apache/maven/doxia/doxia-sitetools/1.4/doxia-sitetools-1.4.pom (17 KB at 931.2 KB/sec)
[INFO] Downloading: https://repo.maven.apache.org/maven2/org/codehaus/plexus/plexus-utils/3.0.10/plexus-utils-3.0.10.pom
[INFO] Downloaded: https://repo.maven.apache.org/maven2/org/codehaus/plexus/plexus-utils/3.0.10/plexus-utils-3.0.10.pom (4 KB at 204.7 KB/sec)
[INFO] Downloading: https://repo.maven.apache.org/maven2/org/apache/maven/doxia/doxia-site-renderer/1.4/doxia-site-renderer-1.4.pom
[INFO] Downloaded: https://repo.maven.apache.org/maven2/org/apache/maven/doxia/doxia-site-renderer/1.4/doxia-site-renderer-1.4.pom (6 KB at 229.5 KB/sec)
[INFO] Downloading: https://repo.maven.apache.org/maven2/org/apache/maven/doxia/doxia-core/1.4/doxia-core-1.4.pom
[INFO] Downloaded: https://repo.maven.apache.org/maven2/org/apache/maven/doxia/doxia-core/1.4/doxia-core-1.4.pom (4 KB at 248.2 KB/sec)
[INFO] Downloading: https://repo.maven.apache.org/maven2/org/apache/maven/doxia/doxia-module-xhtml/1.4/doxia-module-xhtml-1.4.pom
[INFO] Downloaded: https://repo.maven.apache.org/maven2/org/apache/maven/doxia/doxia-module-xhtml/1.4/doxia-module-xhtml-1.4.pom (2 KB at 53.1 KB/sec)
[INFO] Downloading: https://repo.maven.apache.org/maven2/org/apache/maven/doxia/doxia-modules/1.4/doxia-modules-1.4.pom
[INFO] Downloaded: https://repo.maven.apache.org/maven2/org/apache/maven/doxia/doxia-modules/1.4/doxia-modules-1.4.pom (3 KB at 256.1 KB/sec)
[INFO] Downloading: https://repo.maven.apache.org/maven2/org/apache/maven/doxia/doxia-module-fml/1.4/doxia-module-fml-1.4.pom
[INFO] Downloaded: https://repo.maven.apache.org/maven2/org/apache/maven/doxia/doxia-module-fml/1.4/doxia-module-fml-1.4.pom (5 KB at 187.7 KB/sec)
[INFO] Downloading: https://repo.maven.apache.org/maven2/org/apache/velocity/velocity-tools/2.0/velocity-tools-2.0.pom
[INFO] Downloaded: https://repo.maven.apache.org/maven2/org/apache/velocity/velocity-tools/2.0/velocity-tools-2.0.pom (18 KB at 710.9 KB/sec)
[INFO] Downloading: https://repo.maven.apache.org/maven2/commons-digester/commons-digester/1.8/commons-digester-1.8.pom
[INFO] Downloaded: https://repo.maven.apache.org/maven2/commons-digester/commons-digester/1.8/commons-digester-1.8.pom (7 KB at 621.8 KB/sec)
[INFO] Downloading: https://repo.maven.apache.org/maven2/commons-logging/commons-logging/1.1/commons-logging-1.1.pom
[INFO] Downloaded: https://repo.maven.apache.org/maven2/commons-logging/commons-logging/1.1/commons-logging-1.1.pom (7 KB at 548.8 KB/sec)
[INFO] Downloading: https://repo.maven.apache.org/maven2/logkit/logkit/1.0.1/logkit-1.0.1.pom
[INFO] Downloaded: https://repo.maven.apache.org/maven2/logkit/logkit/1.0.1/logkit-1.0.1.pom (147 B at 13.1 KB/sec)
[INFO] Downloading: https://repo.maven.apache.org/maven2/avalon-framework/avalon-framework/4.1.3/avalon-framework-4.1.3.pom
[INFO] Downloaded: https://repo.maven.apache.org/maven2/avalon-framework/avalon-framework/4.1.3/avalon-framework-4.1.3.pom (167 B at 18.1 KB/sec)
[INFO] Downloading: https://repo.maven.apache.org/maven2/javax/servlet/servlet-api/2.3/servlet-api-2.3.pom
[INFO] Downloaded: https://repo.maven.apache.org/maven2/javax/servlet/servlet-api/2.3/servlet-api-2.3.pom (156 B at 10.9 KB/sec)
[INFO] Downloading: https://repo.maven.apache.org/maven2/commons-chain/commons-chain/1.1/commons-chain-1.1.pom
[INFO] Downloaded: https://repo.maven.apache.org/maven2/commons-chain/commons-chain/1.1/commons-chain-1.1.pom (6 KB at 533.8 KB/sec)
[INFO] Downloading: https://repo.maven.apache.org/maven2/dom4j/dom4j/1.1/dom4j-1.1.pom
[INFO] Downloaded: https://repo.maven.apache.org/maven2/dom4j/dom4j/1.1/dom4j-1.1.pom (142 B at 9.2 KB/sec)
[INFO] Downloading: https://repo.maven.apache.org/maven2/sslext/sslext/1.2-0/sslext-1.2-0.pom
[INFO] Downloaded: https://repo.maven.apache.org/maven2/sslext/sslext/1.2-0/sslext-1.2-0.pom (653 B at 58.0 KB/sec)
[INFO] Downloading: https://repo.maven.apache.org/maven2/org/apache/struts/struts-core/1.3.8/struts-core-1.3.8.pom
[INFO] Downloaded: https://repo.maven.apache.org/maven2/org/apache/struts/struts-core/1.3.8/struts-core-1.3.8.pom (5 KB at 300.8 KB/sec)
[INFO] Downloading: https://repo.maven.apache.org/maven2/org/apache/struts/struts-parent/1.3.8/struts-parent-1.3.8.pom
[INFO] Downloaded: https://repo.maven.apache.org/maven2/org/apache/struts/struts-parent/1.3.8/struts-parent-1.3.8.pom (10 KB at 800.7 KB/sec)
[INFO] Downloading: https://repo.maven.apache.org/maven2/org/apache/struts/struts-master/4/struts-master-4.pom
[INFO] Downloaded: https://repo.maven.apache.org/maven2/org/apache/struts/struts-master/4/struts-master-4.pom (12 KB at 962.8 KB/sec)
[INFO] Downloading: https://repo.maven.apache.org/maven2/org/apache/apache/2/apache-2.pom
[INFO] Downloaded: https://repo.maven.apache.org/maven2/org/apache/apache/2/apache-2.pom (4 KB at 369.9 KB/sec)
[INFO] Downloading: https://repo.maven.apache.org/maven2/antlr/antlr/2.7.2/antlr-2.7.2.pom
[INFO] Downloaded: https://repo.maven.apache.org/maven2/antlr/antlr/2.7.2/antlr-2.7.2.pom (145 B at 12.9 KB/sec)
[INFO] Downloading: https://repo.maven.apache.org/maven2/org/apache/struts/struts-taglib/1.3.8/struts-taglib-1.3.8.pom
[INFO] Downloaded: https://repo.maven.apache.org/maven2/org/apache/struts/struts-taglib/1.3.8/struts-taglib-1.3.8.pom (4 KB at 231.1 KB/sec)
[INFO] Downloading: https://repo.maven.apache.org/maven2/org/apache/struts/struts-tiles/1.3.8/struts-tiles-1.3.8.pom
[INFO] Downloaded: https://repo.maven.apache.org/maven2/org/apache/struts/struts-tiles/1.3.8/struts-tiles-1.3.8.pom (3 KB at 315.2 KB/sec)
[INFO] Downloading: https://repo.maven.apache.org/maven2/org/apache/velocity/velocity/1.6.2/velocity-1.6.2.pom
[INFO] Downloaded: https://repo.maven.apache.org/maven2/org/apache/velocity/velocity/1.6.2/velocity-1.6.2.pom (11 KB at 864.3 KB/sec)
[INFO] Downloading: https://repo.maven.apache.org/maven2/org/apache/maven/doxia/doxia-integration-tools/1.6/doxia-integration-tools-1.6.pom
[INFO] Downloaded: https://repo.maven.apache.org/maven2/org/apache/maven/doxia/doxia-integration-tools/1.6/doxia-integration-tools-1.6.pom (7 KB at 617.6 KB/sec)
[INFO] Downloading: https://repo.maven.apache.org/maven2/org/apache/maven/doxia/doxia-tools/3/doxia-tools-3.pom
[INFO] Downloaded: https://repo.maven.apache.org/maven2/org/apache/maven/doxia/doxia-tools/3/doxia-tools-3.pom (10 KB at 510.3 KB/sec)
[INFO] Downloading: https://repo.maven.apache.org/maven2/org/apache/maven/doxia/doxia-logging-api/1.6/doxia-logging-api-1.6.pom
[INFO] Downloaded: https://repo.maven.apache.org/maven2/org/apache/maven/doxia/doxia-logging-api/1.6/doxia-logging-api-1.6.pom (2 KB at 68.2 KB/sec)
[INFO] Downloading: https://repo.maven.apache.org/maven2/org/apache/maven/doxia/doxia/1.6/doxia-1.6.pom
[INFO] Downloaded: https://repo.maven.apache.org/maven2/org/apache/maven/doxia/doxia/1.6/doxia-1.6.pom (19 KB at 1324.2 KB/sec)
[INFO] Downloading: https://repo.maven.apache.org/maven2/org/apache/maven/doxia/doxia-decoration-model/1.6/doxia-decoration-model-1.6.pom
[INFO] Downloaded: https://repo.maven.apache.org/maven2/org/apache/maven/doxia/doxia-decoration-model/1.6/doxia-decoration-model-1.6.pom (3 KB at 292.4 KB/sec)
[INFO] Downloading: https://repo.maven.apache.org/maven2/org/apache/maven/doxia/doxia-sitetools/1.6/doxia-sitetools-1.6.pom
[INFO] Downloaded: https://repo.maven.apache.org/maven2/org/apache/maven/doxia/doxia-sitetools/1.6/doxia-sitetools-1.6.pom (18 KB at 1091.7 KB/sec)
[INFO] Downloading: https://repo.maven.apache.org/maven2/org/codehaus/plexus/plexus-utils/3.0.15/plexus-utils-3.0.15.pom
[INFO] Downloaded: https://repo.maven.apache.org/maven2/org/codehaus/plexus/plexus-utils/3.0.15/plexus-utils-3.0.15.pom (4 KB at 341.4 KB/sec)
[INFO] Downloading: https://repo.maven.apache.org/maven2/org/codehaus/plexus/plexus/3.3.1/plexus-3.3.1.pom
[INFO] Downloaded: https://repo.maven.apache.org/maven2/org/codehaus/plexus/plexus/3.3.1/plexus-3.3.1.pom (20 KB at 1426.2 KB/sec)
[INFO] Downloading: https://repo.maven.apache.org/maven2/org/codehaus/plexus/plexus-interpolation/1.14/plexus-interpolation-1.14.pom
[INFO] Downloaded: https://repo.maven.apache.org/maven2/org/codehaus/plexus/plexus-interpolation/1.14/plexus-interpolation-1.14.pom (910 B at 111.1 KB/sec)
[INFO] Downloading: https://repo.maven.apache.org/maven2/org/codehaus/plexus/plexus-components/1.1.18/plexus-components-1.1.18.pom
[INFO] Downloaded: https://repo.maven.apache.org/maven2/org/codehaus/plexus/plexus-components/1.1.18/plexus-components-1.1.18.pom (6 KB at 435.8 KB/sec)
[INFO] Downloading: https://repo.maven.apache.org/maven2/org/codehaus/plexus/plexus-resources/1.0.1/plexus-resources-1.0.1.pom
[INFO] Downloaded: https://repo.maven.apache.org/maven2/org/codehaus/plexus/plexus-resources/1.0.1/plexus-resources-1.0.1.pom (2 KB at 143.0 KB/sec)
[INFO] Downloading: https://repo.maven.apache.org/maven2/org/codehaus/plexus/plexus-components/1.3.1/plexus-components-1.3.1.pom
[INFO] Downloaded: https://repo.maven.apache.org/maven2/org/codehaus/plexus/plexus-components/1.3.1/plexus-components-1.3.1.pom (3 KB at 199.5 KB/sec)
[INFO] Downloading: https://repo.maven.apache.org/maven2/org/codehaus/plexus/plexus-utils/3.0.20/plexus-utils-3.0.20.pom
[INFO] Downloaded: https://repo.maven.apache.org/maven2/org/codehaus/plexus/plexus-utils/3.0.20/plexus-utils-3.0.20.pom (4 KB at 265.8 KB/sec)
[INFO] Downloading: https://repo.maven.apache.org/maven2/org/codehaus/plexus/plexus-interpolation/1.21/plexus-interpolation-1.21.pom
[INFO] Downloaded: https://repo.maven.apache.org/maven2/org/codehaus/plexus/plexus-interpolation/1.21/plexus-interpolation-1.21.pom (2 KB at 188.0 KB/sec)
[INFO] Downloading: https://repo.maven.apache.org/maven2/com/puppycrawl/tools/checkstyle/6.1.1/checkstyle-6.1.1.pom
[INFO] Downloaded: https://repo.maven.apache.org/maven2/com/puppycrawl/tools/checkstyle/6.1.1/checkstyle-6.1.1.pom (30 KB at 1747.0 KB/sec)
[INFO] Downloading: https://repo.maven.apache.org/maven2/org/antlr/antlr4-runtime/4.3/antlr4-runtime-4.3.pom
[INFO] Downloaded: https://repo.maven.apache.org/maven2/org/antlr/antlr4-runtime/4.3/antlr4-runtime-4.3.pom (5 KB at 334.1 KB/sec)
[INFO] Downloading: https://repo.maven.apache.org/maven2/org/antlr/antlr4-master/4.3/antlr4-master-4.3.pom
[INFO] Downloaded: https://repo.maven.apache.org/maven2/org/antlr/antlr4-master/4.3/antlr4-master-4.3.pom (8 KB at 645.0 KB/sec)
[INFO] Downloading: https://repo.maven.apache.org/maven2/org/abego/treelayout/org.abego.treelayout.core/1.0.1/org.abego.treelayout.core-1.0.1.pom
[INFO] Downloaded: https://repo.maven.apache.org/maven2/org/abego/treelayout/org.abego.treelayout.core/1.0.1/org.abego.treelayout.core-1.0.1.pom (4 KB at 336.7 KB/sec)
[INFO] Downloading: https://repo.maven.apache.org/maven2/org/antlr/antlr4-annotations/4.3/antlr4-annotations-4.3.pom
[INFO] Downloaded: https://repo.maven.apache.org/maven2/org/antlr/antlr4-annotations/4.3/antlr4-annotations-4.3.pom (2 KB at 138.0 KB/sec)
[INFO] Downloading: https://repo.maven.apache.org/maven2/org/slf4j/slf4j-jdk14/1.5.6/slf4j-jdk14-1.5.6.jar
[INFO] Downloading: https://repo.maven.apache.org/maven2/org/slf4j/slf4j-api/1.5.6/slf4j-api-1.5.6.jar
[INFO] Downloading: https://repo.maven.apache.org/maven2/org/sonatype/plexus/plexus-sec-dispatcher/1.3/plexus-sec-dispatcher-1.3.jar
[INFO] Downloading: https://repo.maven.apache.org/maven2/org/slf4j/jcl-over-slf4j/1.5.6/jcl-over-slf4j-1.5.6.jar
[INFO] Downloaded: https://repo.maven.apache.org/maven2/org/slf4j/slf4j-jdk14/1.5.6/slf4j-jdk14-1.5.6.jar (9 KB at 82.8 KB/sec)
[INFO] Downloading: https://repo.maven.apache.org/maven2/org/apache/maven/reporting/maven-reporting-impl/2.3/maven-reporting-impl-2.3.jar
[INFO] Downloading: https://repo.maven.apache.org/maven2/org/sonatype/plexus/plexus-cipher/1.4/plexus-cipher-1.4.jar
[INFO] Downloaded: https://repo.maven.apache.org/maven2/org/slf4j/slf4j-api/1.5.6/slf4j-api-1.5.6.jar (22 KB at 247.9 KB/sec)
[INFO] Downloading: https://repo.maven.apache.org/maven2/org/apache/maven/shared/maven-shared-utils/0.6/maven-shared-utils-0.6.jar
[INFO] Downloaded: https://repo.maven.apache.org/maven2/org/slf4j/jcl-over-slf4j/1.5.6/jcl-over-slf4j-1.5.6.jar (17 KB at 166.6 KB/sec)
[INFO] Downloading: https://repo.maven.apache.org/maven2/org/apache/maven/shared/maven-shared-resources/2/maven-shared-resources-2.jar
[INFO] Downloaded: https://repo.maven.apache.org/maven2/org/apache/maven/reporting/maven-reporting-impl/2.3/maven-reporting-impl-2.3.jar (18 KB at 211.5 KB/sec)
[INFO] Downloading: https://repo.maven.apache.org/maven2/org/apache/maven/doxia/doxia-sink-api/1.4/doxia-sink-api-1.4.jar
[INFO] Downloaded: https://repo.maven.apache.org/maven2/org/sonatype/plexus/plexus-cipher/1.4/plexus-cipher-1.4.jar (14 KB at 99.8 KB/sec)
[INFO] Downloading: https://repo.maven.apache.org/maven2/org/apache/maven/doxia/doxia-logging-api/1.4/doxia-logging-api-1.4.jar
[INFO] Downloaded: https://repo.maven.apache.org/maven2/org/sonatype/plexus/plexus-sec-dispatcher/1.3/plexus-sec-dispatcher-1.3.jar (28 KB at 177.6 KB/sec)
[INFO] Downloaded: https://repo.maven.apache.org/maven2/org/apache/maven/shared/maven-shared-resources/2/maven-shared-resources-2.jar (13 KB at 82.8 KB/sec)
[INFO] Downloading: https://repo.maven.apache.org/maven2/org/apache/maven/doxia/doxia-decoration-model/1.4/doxia-decoration-model-1.4.jar
[INFO] Downloading: https://repo.maven.apache.org/maven2/org/apache/maven/doxia/doxia-site-renderer/1.4/doxia-site-renderer-1.4.jar
[INFO] Downloaded: https://repo.maven.apache.org/maven2/org/apache/maven/doxia/doxia-sink-api/1.4/doxia-sink-api-1.4.jar (11 KB at 64.4 KB/sec)
[INFO] Downloading: https://repo.maven.apache.org/maven2/org/apache/maven/doxia/doxia-module-xhtml/1.4/doxia-module-xhtml-1.4.jar
[INFO] Downloaded: https://repo.maven.apache.org/maven2/org/apache/maven/doxia/doxia-logging-api/1.4/doxia-logging-api-1.4.jar (12 KB at 58.8 KB/sec)
[INFO] Downloading: https://repo.maven.apache.org/maven2/org/apache/maven/doxia/doxia-module-fml/1.4/doxia-module-fml-1.4.jar
[INFO] Downloaded: https://repo.maven.apache.org/maven2/org/apache/maven/doxia/doxia-module-xhtml/1.4/doxia-module-xhtml-1.4.jar (16 KB at 74.8 KB/sec)
[INFO] Downloading: https://repo.maven.apache.org/maven2/org/apache/velocity/velocity-tools/2.0/velocity-tools-2.0.jar
[INFO] Downloaded: https://repo.maven.apache.org/maven2/org/apache/maven/doxia/doxia-module-fml/1.4/doxia-module-fml-1.4.jar (37 KB at 156.5 KB/sec)
[INFO] Downloading: https://repo.maven.apache.org/maven2/commons-chain/commons-chain/1.1/commons-chain-1.1.jar
[INFO] Downloaded: https://repo.maven.apache.org/maven2/org/apache/maven/doxia/doxia-decoration-model/1.4/doxia-decoration-model-1.4.jar (60 KB at 253.5 KB/sec)
[INFO] Downloading: https://repo.maven.apache.org/maven2/dom4j/dom4j/1.1/dom4j-1.1.jar
[INFO] Downloaded: https://repo.maven.apache.org/maven2/org/apache/maven/doxia/doxia-site-renderer/1.4/doxia-site-renderer-1.4.jar (52 KB at 207.3 KB/sec)
[INFO] Downloading: https://repo.maven.apache.org/maven2/sslext/sslext/1.2-0/sslext-1.2-0.jar
[INFO] Downloaded: https://repo.maven.apache.org/maven2/sslext/sslext/1.2-0/sslext-1.2-0.jar (26 KB at 76.6 KB/sec)
[INFO] Downloading: https://repo.maven.apache.org/maven2/org/apache/struts/struts-core/1.3.8/struts-core-1.3.8.jar
[INFO] Downloaded: https://repo.maven.apache.org/maven2/org/apache/maven/shared/maven-shared-utils/0.6/maven-shared-utils-0.6.jar (161 KB at 413.3 KB/sec)
[INFO] Downloading: https://repo.maven.apache.org/maven2/org/apache/struts/struts-taglib/1.3.8/struts-taglib-1.3.8.jar
[INFO] Downloaded: https://repo.maven.apache.org/maven2/org/apache/velocity/velocity-tools/2.0/velocity-tools-2.0.jar (339 KB at 774.5 KB/sec)
[INFO] Downloading: https://repo.maven.apache.org/maven2/org/apache/struts/struts-tiles/1.3.8/struts-tiles-1.3.8.jar
[INFO] Downloaded: https://repo.maven.apache.org/maven2/commons-chain/commons-chain/1.1/commons-chain-1.1.jar (88 KB at 195.7 KB/sec)
[INFO] Downloading: https://repo.maven.apache.org/maven2/org/apache/maven/doxia/doxia-integration-tools/1.6/doxia-integration-tools-1.6.jar
[INFO] Downloaded: https://repo.maven.apache.org/maven2/org/apache/struts/struts-core/1.3.8/struts-core-1.3.8.jar (322 KB at 645.0 KB/sec)
[INFO] Downloading: https://repo.maven.apache.org/maven2/org/codehaus/plexus/plexus-resources/1.0.1/plexus-resources-1.0.1.jar
[INFO] Downloaded: https://repo.maven.apache.org/maven2/org/codehaus/plexus/plexus-resources/1.0.1/plexus-resources-1.0.1.jar (22 KB at 41.4 KB/sec)
[INFO] Downloading: https://repo.maven.apache.org/maven2/org/codehaus/plexus/plexus-utils/3.0.20/plexus-utils-3.0.20.jar
[INFO] Downloaded: https://repo.maven.apache.org/maven2/org/apache/maven/doxia/doxia-integration-tools/1.6/doxia-integration-tools-1.6.jar (44 KB at 84.3 KB/sec)
[INFO] Downloading: https://repo.maven.apache.org/maven2/org/codehaus/plexus/plexus-interpolation/1.21/plexus-interpolation-1.21.jar
[INFO] Downloaded: https://repo.maven.apache.org/maven2/org/apache/struts/struts-tiles/1.3.8/struts-tiles-1.3.8.jar (117 KB at 202.5 KB/sec)
[INFO] Downloading: https://repo.maven.apache.org/maven2/com/puppycrawl/tools/checkstyle/6.1.1/checkstyle-6.1.1.jar
[INFO] Downloaded: https://repo.maven.apache.org/maven2/org/codehaus/plexus/plexus-interpolation/1.21/plexus-interpolation-1.21.jar (61 KB at 103.9 KB/sec)
[INFO] Downloading: https://repo.maven.apache.org/maven2/org/antlr/antlr4-runtime/4.3/antlr4-runtime-4.3.jar
[INFO] Downloaded: https://repo.maven.apache.org/maven2/org/codehaus/plexus/plexus-utils/3.0.20/plexus-utils-3.0.20.jar (238 KB at 392.4 KB/sec)
[INFO] Downloading: https://repo.maven.apache.org/maven2/org/abego/treelayout/org.abego.treelayout.core/1.0.1/org.abego.treelayout.core-1.0.1.jar
[INFO] Downloaded: https://repo.maven.apache.org/maven2/org/abego/treelayout/org.abego.treelayout.core/1.0.1/org.abego.treelayout.core-1.0.1.jar (25 KB at 39.4 KB/sec)
[INFO] Downloading: https://repo.maven.apache.org/maven2/org/antlr/antlr4-annotations/4.3/antlr4-annotations-4.3.jar
[INFO] Downloaded: https://repo.maven.apache.org/maven2/org/antlr/antlr4-annotations/4.3/antlr4-annotations-4.3.jar (10 KB at 15.3 KB/sec)
[INFO] Downloaded: https://repo.maven.apache.org/maven2/dom4j/dom4j/1.1/dom4j-1.1.jar (447 KB at 685.4 KB/sec)
[INFO] Downloaded: https://repo.maven.apache.org/maven2/org/apache/struts/struts-taglib/1.3.8/struts-taglib-1.3.8.jar (246 KB at 369.9 KB/sec)
[INFO] Downloaded: https://repo.maven.apache.org/maven2/org/antlr/antlr4-runtime/4.3/antlr4-runtime-4.3.jar (337 KB at 414.9 KB/sec)
[INFO] Downloaded: https://repo.maven.apache.org/maven2/com/puppycrawl/tools/checkstyle/6.1.1/checkstyle-6.1.1.jar (991 KB at 990.8 KB/sec)
[INFO] 
[INFO] --- maven-install-plugin:2.4:install (default-install) @ parent ---
[INFO] Installing /home/travis/build/square/retrofit/pom.xml to /home/travis/.m2/repository/com/squareup/retrofit/parent/2.0.0-SNAPSHOT/parent-2.0.0-SNAPSHOT.pom
[INFO]                                                                         
[INFO] ------------------------------------------------------------------------
[INFO] Building Retrofit 2.0.0-SNAPSHOT
[INFO] ------------------------------------------------------------------------
[INFO] 
[INFO] --- maven-enforcer-plugin:1.0:enforce (enforce-maven) @ retrofit ---
[INFO] 
[INFO] --- maven-resources-plugin:2.6:resources (default-resources) @ retrofit ---
[INFO] Using 'UTF-8' encoding to copy filtered resources.
[INFO] skip non existing resourceDirectory /home/travis/build/square/retrofit/retrofit/src/main/resources
[INFO] 
[INFO] --- maven-compiler-plugin:3.0:compile (default-compile) @ retrofit ---
[INFO] Changes detected - recompiling the module!
[INFO] Compiling 40 source files to /home/travis/build/square/retrofit/retrofit/target/classes
[INFO] -------------------------------------------------------------
[WARNING] COMPILATION WARNING : 
[INFO] -------------------------------------------------------------
[WARNING] /home/travis/build/square/retrofit/retrofit/src/main/java/retrofit/Call.java: /home/travis/build/square/retrofit/retrofit/src/main/java/retrofit/Call.java uses unchecked or unsafe operations.
[WARNING] /home/travis/build/square/retrofit/retrofit/src/main/java/retrofit/Call.java: Recompile with -Xlint:unchecked for details.
[INFO] 2 warnings 
[INFO] -------------------------------------------------------------
[INFO] -------------------------------------------------------------
[ERROR] COMPILATION ERROR : 
[INFO] -------------------------------------------------------------
[ERROR] /home/travis/build/square/retrofit/retrofit/src/main/java/retrofit/RestAdapter.java:[105,14] cannot find symbol
  symbol:   class ExecutionAdapter
  location: class retrofit.RestAdapter
[ERROR] /home/travis/build/square/retrofit/retrofit/src/main/java/retrofit/RestAdapter.java:[108,39] cannot find symbol
  symbol:   class ExecutionAdapter
  location: class retrofit.RestAdapter
[ERROR] /home/travis/build/square/retrofit/retrofit/src/main/java/retrofit/RestAdapter.java:[167,15] cannot find symbol
  symbol:   class ExecutionAdapter
  location: class retrofit.RestAdapter
[ERROR] /home/travis/build/square/retrofit/retrofit/src/main/java/retrofit/MethodInfo.java:[66,14] cannot find symbol
  symbol:   class ExecutionAdapter
  location: class retrofit.MethodInfo
[ERROR] /home/travis/build/square/retrofit/retrofit/src/main/java/retrofit/MethodInfo.java:[69,3] cannot find symbol
  symbol:   class ExecutionAdapter
  location: class retrofit.MethodInfo
[ERROR] /home/travis/build/square/retrofit/retrofit/src/main/java/retrofit/MethodInfo.java:[70,12] package Execution does not exist
[ERROR] /home/travis/build/square/retrofit/retrofit/src/main/java/retrofit/MethodInfo.java:[87,34] cannot find symbol
  symbol:   class ExecutionAdapter
  location: class retrofit.MethodInfo
[ERROR] /home/travis/build/square/retrofit/retrofit/src/main/java/retrofit/RestAdapter.java:[183,24] cannot find symbol
  symbol:   class ExecutionAdapter
  location: class retrofit.RestAdapter.Builder
[ERROR] /home/travis/build/square/retrofit/retrofit/src/main/java/retrofit/RestAdapter.java:[230,40] cannot find symbol
  symbol:   class ExecutionAdapter
  location: class retrofit.RestAdapter.Builder
[ERROR] /home/travis/build/square/retrofit/retrofit/src/main/java/retrofit/CallExecutionAdapter.java:[9,52] cannot find symbol
  symbol: class ExecutionAdapter
[ERROR] /home/travis/build/square/retrofit/retrofit/src/main/java/retrofit/CallExecutionAdapter.java:[46,35] cannot find symbol
  symbol:   class Execution
  location: class retrofit.CallExecutionAdapter
[ERROR] /home/travis/build/square/retrofit/retrofit/src/main/java/retrofit/RestAdapter.java:[113,52] cannot find symbol
  symbol:   class ExecutionAdapter
  location: class retrofit.RestAdapter
[ERROR] /home/travis/build/square/retrofit/retrofit/src/main/java/retrofit/RestAdapter.java:[132,7] cannot find symbol
  symbol: class Execution
[ERROR] /home/travis/build/square/retrofit/retrofit/src/main/java/retrofit/RestAdapter.java:[132,33] cannot find symbol
  symbol: class Execution
[ERROR] /home/travis/build/square/retrofit/retrofit/src/main/java/retrofit/RestAdapter.java:[183,67] cannot find symbol
  symbol:   class ExecutionAdapter
  location: class retrofit.RestAdapter.Builder
[ERROR] /home/travis/build/square/retrofit/retrofit/src/main/java/retrofit/MethodInfo.java:[233,7] cannot find symbol
  symbol:   class ExecutionAdapter
  location: class retrofit.MethodInfo
[ERROR] /home/travis/build/square/retrofit/retrofit/src/main/java/retrofit/MethodInfo.java:[241,37] package Execution does not exist
[ERROR] /home/travis/build/square/retrofit/retrofit/src/main/java/retrofit/MethodInfo.java:[243,37] package Execution does not exist
[ERROR] /home/travis/build/square/retrofit/retrofit/src/main/java/retrofit/MethodInfo.java:[245,37] package Execution does not exist
[ERROR] /home/travis/build/square/retrofit/retrofit/src/main/java/retrofit/CallExecutionAdapter.java:[24,3] method does not override or implement a method from a supertype
[ERROR] /home/travis/build/square/retrofit/retrofit/src/main/java/retrofit/CallExecutionAdapter.java:[46,3] method does not override or implement a method from a supertype
[INFO] 21 errors 
[INFO] -------------------------------------------------------------
[INFO] ------------------------------------------------------------------------
[INFO] Reactor Summary:
[INFO] 
[INFO] Retrofit (Parent) .................................. SUCCESS [  4.257 s]
[INFO] Retrofit ........................................... FAILURE [  2.409 s]
[INFO] Converters ......................................... SKIPPED
[INFO] Adapter: RxJava .................................... SKIPPED
[INFO] Adapters ........................................... SKIPPED
[INFO] Converter: Protocol Buffers ........................ SKIPPED
[INFO] Converter: Jackson ................................. SKIPPED
[INFO] Converter: Wire Protocol Buffers ................... SKIPPED
[INFO] Converter: SimpleXML ............................... SKIPPED
[INFO] Retrofit Mock Adapter .............................. SKIPPED
[INFO] Samples ............................................ SKIPPED
[INFO] Sample: GitHub Client .............................. SKIPPED
[INFO] Sample: Mock GitHub Client ......................... SKIPPED
[INFO] ------------------------------------------------------------------------
[INFO] BUILD FAILURE
[INFO] ------------------------------------------------------------------------
[INFO] Total time: 9.217 s
[INFO] Finished at: 2015-05-17T05:10:26+00:00
[INFO] Final Memory: 28M/334M
[INFO] ------------------------------------------------------------------------
[ERROR] Failed to execute goal org.apache.maven.plugins:maven-compiler-plugin:3.0:compile (default-compile) on project retrofit: Compilation failure: Compilation failure:
[ERROR] /home/travis/build/square/retrofit/retrofit/src/main/java/retrofit/RestAdapter.java:[105,14] cannot find symbol
[ERROR] symbol:   class ExecutionAdapter
[ERROR] location: class retrofit.RestAdapter
[ERROR] /home/travis/build/square/retrofit/retrofit/src/main/java/retrofit/RestAdapter.java:[108,39] cannot find symbol
[ERROR] symbol:   class ExecutionAdapter
[ERROR] location: class retrofit.RestAdapter
[ERROR] /home/travis/build/square/retrofit/retrofit/src/main/java/retrofit/RestAdapter.java:[167,15] cannot find symbol
[ERROR] symbol:   class ExecutionAdapter
[ERROR] location: class retrofit.RestAdapter
[ERROR] /home/travis/build/square/retrofit/retrofit/src/main/java/retrofit/MethodInfo.java:[66,14] cannot find symbol
[ERROR] symbol:   class ExecutionAdapter
[ERROR] location: class retrofit.MethodInfo
[ERROR] /home/travis/build/square/retrofit/retrofit/src/main/java/retrofit/MethodInfo.java:[69,3] cannot find symbol
[ERROR] symbol:   class ExecutionAdapter
[ERROR] location: class retrofit.MethodInfo
[ERROR] /home/travis/build/square/retrofit/retrofit/src/main/java/retrofit/MethodInfo.java:[70,12] package Execution does not exist
[ERROR] /home/travis/build/square/retrofit/retrofit/src/main/java/retrofit/MethodInfo.java:[87,34] cannot find symbol
[ERROR] symbol:   class ExecutionAdapter
[ERROR] location: class retrofit.MethodInfo
[ERROR] /home/travis/build/square/retrofit/retrofit/src/main/java/retrofit/RestAdapter.java:[183,24] cannot find symbol
[ERROR] symbol:   class ExecutionAdapter
[ERROR] location: class retrofit.RestAdapter.Builder
[ERROR] /home/travis/build/square/retrofit/retrofit/src/main/java/retrofit/RestAdapter.java:[230,40] cannot find symbol
[ERROR] symbol:   class ExecutionAdapter
[ERROR] location: class retrofit.RestAdapter.Builder
[ERROR] /home/travis/build/square/retrofit/retrofit/src/main/java/retrofit/CallExecutionAdapter.java:[9,52] cannot find symbol
[ERROR] symbol: class ExecutionAdapter
[ERROR] /home/travis/build/square/retrofit/retrofit/src/main/java/retrofit/CallExecutionAdapter.java:[46,35] cannot find symbol
[ERROR] symbol:   class Execution
[ERROR] location: class retrofit.CallExecutionAdapter
[ERROR] /home/travis/build/square/retrofit/retrofit/src/main/java/retrofit/RestAdapter.java:[113,52] cannot find symbol
[ERROR] symbol:   class ExecutionAdapter
[ERROR] location: class retrofit.RestAdapter
[ERROR] /home/travis/build/square/retrofit/retrofit/src/main/java/retrofit/RestAdapter.java:[132,7] cannot find symbol
[ERROR] symbol: class Execution
[ERROR] /home/travis/build/square/retrofit/retrofit/src/main/java/retrofit/RestAdapter.java:[132,33] cannot find symbol
[ERROR] symbol: class Execution
[ERROR] /home/travis/build/square/retrofit/retrofit/src/main/java/retrofit/RestAdapter.java:[183,67] cannot find symbol
[ERROR] symbol:   class ExecutionAdapter
[ERROR] location: class retrofit.RestAdapter.Builder
[ERROR] /home/travis/build/square/retrofit/retrofit/src/main/java/retrofit/MethodInfo.java:[233,7] cannot find symbol
[ERROR] symbol:   class ExecutionAdapter
[ERROR] location: class retrofit.MethodInfo
[ERROR] /home/travis/build/square/retrofit/retrofit/src/main/java/retrofit/MethodInfo.java:[241,37] package Execution does not exist
[ERROR] /home/travis/build/square/retrofit/retrofit/src/main/java/retrofit/MethodInfo.java:[243,37] package Execution does not exist
[ERROR] /home/travis/build/square/retrofit/retrofit/src/main/java/retrofit/MethodInfo.java:[245,37] package Execution does not exist
[ERROR] /home/travis/build/square/retrofit/retrofit/src/main/java/retrofit/CallExecutionAdapter.java:[24,3] method does not override or implement a method from a supertype
[ERROR] /home/travis/build/square/retrofit/retrofit/src/main/java/retrofit/CallExecutionAdapter.java:[46,3] method does not override or implement a method from a supertype
[ERROR] -> [Help 1]
[ERROR] 
[ERROR] To see the full stack trace of the errors, re-run Maven with the -e switch.
[ERROR] Re-run Maven using the -X switch to enable full debug logging.
[ERROR] 
[ERROR] For more information about the errors and possible solutions, please read the following articles:
[ERROR] [Help 1] http://cwiki.apache.org/confluence/display/MAVEN/MojoFailureException
[ERROR] 
[ERROR] After correcting the problems, you can resume the build with the command
[ERROR]   mvn <goals> -rf :retrofit

[31;1mThe command "eval mvn install -DskipTests=true -Dmaven.javadoc.skip=true -B -V" failed. Retrying, 2 of 3.[0m

Java HotSpot(TM) 64-Bit Server VM warning: ignoring option MaxPermSize=192m; support was removed in 8.0
Apache Maven 3.2.5 (12a6b3acb947671f09b81f49094c53f426d8cea1; 2014-12-14T17:29:23+00:00)
Maven home: /usr/local/maven
Java version: 1.8.0_31, vendor: Oracle Corporation
Java home: /usr/lib/jvm/java-8-oracle/jre
Default locale: en_US, platform encoding: UTF-8
OS name: "linux", version: "3.13.0-40-generic", arch: "amd64", family: "unix"
[INFO] Scanning for projects...
[INFO] Downloading: https://repository.apache.org/snapshots/com/squareup/retrofit/retrofit-converters/2.0.0-SNAPSHOT/maven-metadata.xml
[INFO] Downloading: https://repository.apache.org/snapshots/com/squareup/retrofit/parent/2.0.0-SNAPSHOT/maven-metadata.xml
[WARNING] 
[WARNING] Some problems were encountered while building the effective model for com.squareup.retrofit:adapter-rxjava:jar:2.0.0-SNAPSHOT
[WARNING] 'parent.relativePath' points at com.squareup.retrofit:retrofit-adapters instead of com.squareup.retrofit:retrofit-converters, please verify your project structure @ com.squareup.retrofit:adapter-rxjava:[unknown-version], /home/travis/build/square/retrofit/retrofit-adapters/rxjava/pom.xml, line 6, column 11
[WARNING] 
[WARNING] It is highly recommended to fix these problems because they threaten the stability of your build.
[WARNING] 
[WARNING] For this reason, future Maven versions might no longer support building such malformed projects.
[WARNING] 
[INFO] ------------------------------------------------------------------------
[INFO] Reactor Build Order:
[INFO] 
[INFO] Retrofit (Parent)
[INFO] Retrofit
[INFO] Converters
[INFO] Adapter: RxJava
[INFO] Adapters
[INFO] Converter: Protocol Buffers
[INFO] Converter: Jackson
[INFO] Converter: Wire Protocol Buffers
[INFO] Converter: SimpleXML
[INFO] Retrofit Mock Adapter
[INFO] Samples
[INFO] Sample: GitHub Client
[INFO] Sample: Mock GitHub Client
[INFO]                                                                         
[INFO] ------------------------------------------------------------------------
[INFO] Building Retrofit (Parent) 2.0.0-SNAPSHOT
[INFO] ------------------------------------------------------------------------
[INFO] 
[INFO] --- maven-enforcer-plugin:1.0:enforce (enforce-maven) @ parent ---
[INFO] 
[INFO] --- maven-checkstyle-plugin:2.15:checkstyle (default) @ parent ---
[INFO] 
[INFO] --- maven-install-plugin:2.4:install (default-install) @ parent ---
[INFO] Installing /home/travis/build/square/retrofit/pom.xml to /home/travis/.m2/repository/com/squareup/retrofit/parent/2.0.0-SNAPSHOT/parent-2.0.0-SNAPSHOT.pom
[INFO]                                                                         
[INFO] ------------------------------------------------------------------------
[INFO] Building Retrofit 2.0.0-SNAPSHOT
[INFO] ------------------------------------------------------------------------
[INFO] 
[INFO] --- maven-enforcer-plugin:1.0:enforce (enforce-maven) @ retrofit ---
[INFO] 
[INFO] --- maven-resources-plugin:2.6:resources (default-resources) @ retrofit ---
[INFO] Using 'UTF-8' encoding to copy filtered resources.
[INFO] skip non existing resourceDirectory /home/travis/build/square/retrofit/retrofit/src/main/resources
[INFO] 
[INFO] --- maven-compiler-plugin:3.0:compile (default-compile) @ retrofit ---
[INFO] Changes detected - recompiling the module!
[INFO] Compiling 40 source files to /home/travis/build/square/retrofit/retrofit/target/classes
[INFO] -------------------------------------------------------------
[WARNING] COMPILATION WARNING : 
[INFO] -------------------------------------------------------------
[WARNING] /home/travis/build/square/retrofit/retrofit/src/main/java/retrofit/Call.java: /home/travis/build/square/retrofit/retrofit/src/main/java/retrofit/Call.java uses unchecked or unsafe operations.
[WARNING] /home/travis/build/square/retrofit/retrofit/src/main/java/retrofit/Call.java: Recompile with -Xlint:unchecked for details.
[INFO] 2 warnings 
[INFO] -------------------------------------------------------------
[INFO] -------------------------------------------------------------
[ERROR] COMPILATION ERROR : 
[INFO] -------------------------------------------------------------
[ERROR] /home/travis/build/square/retrofit/retrofit/src/main/java/retrofit/RestAdapter.java:[105,14] cannot find symbol
  symbol:   class ExecutionAdapter
  location: class retrofit.RestAdapter
[ERROR] /home/travis/build/square/retrofit/retrofit/src/main/java/retrofit/RestAdapter.java:[108,39] cannot find symbol
  symbol:   class ExecutionAdapter
  location: class retrofit.RestAdapter
[ERROR] /home/travis/build/square/retrofit/retrofit/src/main/java/retrofit/RestAdapter.java:[167,15] cannot find symbol
  symbol:   class ExecutionAdapter
  location: class retrofit.RestAdapter
[ERROR] /home/travis/build/square/retrofit/retrofit/src/main/java/retrofit/MethodInfo.java:[66,14] cannot find symbol
  symbol:   class ExecutionAdapter
  location: class retrofit.MethodInfo
[ERROR] /home/travis/build/square/retrofit/retrofit/src/main/java/retrofit/MethodInfo.java:[69,3] cannot find symbol
  symbol:   class ExecutionAdapter
  location: class retrofit.MethodInfo
[ERROR] /home/travis/build/square/retrofit/retrofit/src/main/java/retrofit/MethodInfo.java:[70,12] package Execution does not exist
[ERROR] /home/travis/build/square/retrofit/retrofit/src/main/java/retrofit/MethodInfo.java:[87,34] cannot find symbol
  symbol:   class ExecutionAdapter
  location: class retrofit.MethodInfo
[ERROR] /home/travis/build/square/retrofit/retrofit/src/main/java/retrofit/RestAdapter.java:[183,24] cannot find symbol
  symbol:   class ExecutionAdapter
  location: class retrofit.RestAdapter.Builder
[ERROR] /home/travis/build/square/retrofit/retrofit/src/main/java/retrofit/RestAdapter.java:[230,40] cannot find symbol
  symbol:   class ExecutionAdapter
  location: class retrofit.RestAdapter.Builder
[ERROR] /home/travis/build/square/retrofit/retrofit/src/main/java/retrofit/CallExecutionAdapter.java:[9,52] cannot find symbol
  symbol: class ExecutionAdapter
[ERROR] /home/travis/build/square/retrofit/retrofit/src/main/java/retrofit/CallExecutionAdapter.java:[46,35] cannot find symbol
  symbol:   class Execution
  location: class retrofit.CallExecutionAdapter
[ERROR] /home/travis/build/square/retrofit/retrofit/src/main/java/retrofit/RestAdapter.java:[113,52] cannot find symbol
  symbol:   class ExecutionAdapter
  location: class retrofit.RestAdapter
[ERROR] /home/travis/build/square/retrofit/retrofit/src/main/java/retrofit/RestAdapter.java:[132,7] cannot find symbol
  symbol: class Execution
[ERROR] /home/travis/build/square/retrofit/retrofit/src/main/java/retrofit/RestAdapter.java:[132,33] cannot find symbol
  symbol: class Execution
[ERROR] /home/travis/build/square/retrofit/retrofit/src/main/java/retrofit/RestAdapter.java:[183,67] cannot find symbol
  symbol:   class ExecutionAdapter
  location: class retrofit.RestAdapter.Builder
[ERROR] /home/travis/build/square/retrofit/retrofit/src/main/java/retrofit/MethodInfo.java:[233,7] cannot find symbol
  symbol:   class ExecutionAdapter
  location: class retrofit.MethodInfo
[ERROR] /home/travis/build/square/retrofit/retrofit/src/main/java/retrofit/MethodInfo.java:[241,37] package Execution does not exist
[ERROR] /home/travis/build/square/retrofit/retrofit/src/main/java/retrofit/MethodInfo.java:[243,37] package Execution does not exist
[ERROR] /home/travis/build/square/retrofit/retrofit/src/main/java/retrofit/MethodInfo.java:[245,37] package Execution does not exist
[ERROR] /home/travis/build/square/retrofit/retrofit/src/main/java/retrofit/CallExecutionAdapter.java:[24,3] method does not override or implement a method from a supertype
[ERROR] /home/travis/build/square/retrofit/retrofit/src/main/java/retrofit/CallExecutionAdapter.java:[46,3] method does not override or implement a method from a supertype
[INFO] 21 errors 
[INFO] -------------------------------------------------------------
[INFO] ------------------------------------------------------------------------
[INFO] Reactor Summary:
[INFO] 
[INFO] Retrofit (Parent) .................................. SUCCESS [  3.018 s]
[INFO] Retrofit ........................................... FAILURE [  2.576 s]
[INFO] Converters ......................................... SKIPPED
[INFO] Adapter: RxJava .................................... SKIPPED
[INFO] Adapters ........................................... SKIPPED
[INFO] Converter: Protocol Buffers ........................ SKIPPED
[INFO] Converter: Jackson ................................. SKIPPED
[INFO] Converter: Wire Protocol Buffers ................... SKIPPED
[INFO] Converter: SimpleXML ............................... SKIPPED
[INFO] Retrofit Mock Adapter .............................. SKIPPED
[INFO] Samples ............................................ SKIPPED
[INFO] Sample: GitHub Client .............................. SKIPPED
[INFO] Sample: Mock GitHub Client ......................... SKIPPED
[INFO] ------------------------------------------------------------------------
[INFO] BUILD FAILURE
[INFO] ------------------------------------------------------------------------
[INFO] Total time: 7.270 s
[INFO] Finished at: 2015-05-17T05:10:42+00:00
[INFO] Final Memory: 29M/353M
[INFO] ------------------------------------------------------------------------
[ERROR] Failed to execute goal org.apache.maven.plugins:maven-compiler-plugin:3.0:compile (default-compile) on project retrofit: Compilation failure: Compilation failure:
[ERROR] /home/travis/build/square/retrofit/retrofit/src/main/java/retrofit/RestAdapter.java:[105,14] cannot find symbol
[ERROR] symbol:   class ExecutionAdapter
[ERROR] location: class retrofit.RestAdapter
[ERROR] /home/travis/build/square/retrofit/retrofit/src/main/java/retrofit/RestAdapter.java:[108,39] cannot find symbol
[ERROR] symbol:   class ExecutionAdapter
[ERROR] location: class retrofit.RestAdapter
[ERROR] /home/travis/build/square/retrofit/retrofit/src/main/java/retrofit/RestAdapter.java:[167,15] cannot find symbol
[ERROR] symbol:   class ExecutionAdapter
[ERROR] location: class retrofit.RestAdapter
[ERROR] /home/travis/build/square/retrofit/retrofit/src/main/java/retrofit/MethodInfo.java:[66,14] cannot find symbol
[ERROR] symbol:   class ExecutionAdapter
[ERROR] location: class retrofit.MethodInfo
[ERROR] /home/travis/build/square/retrofit/retrofit/src/main/java/retrofit/MethodInfo.java:[69,3] cannot find symbol
[ERROR] symbol:   class ExecutionAdapter
[ERROR] location: class retrofit.MethodInfo
[ERROR] /home/travis/build/square/retrofit/retrofit/src/main/java/retrofit/MethodInfo.java:[70,12] package Execution does not exist
[ERROR] /home/travis/build/square/retrofit/retrofit/src/main/java/retrofit/MethodInfo.java:[87,34] cannot find symbol
[ERROR] symbol:   class ExecutionAdapter
[ERROR] location: class retrofit.MethodInfo
[ERROR] /home/travis/build/square/retrofit/retrofit/src/main/java/retrofit/RestAdapter.java:[183,24] cannot find symbol
[ERROR] symbol:   class ExecutionAdapter
[ERROR] location: class retrofit.RestAdapter.Builder
[ERROR] /home/travis/build/square/retrofit/retrofit/src/main/java/retrofit/RestAdapter.java:[230,40] cannot find symbol
[ERROR] symbol:   class ExecutionAdapter
[ERROR] location: class retrofit.RestAdapter.Builder
[ERROR] /home/travis/build/square/retrofit/retrofit/src/main/java/retrofit/CallExecutionAdapter.java:[9,52] cannot find symbol
[ERROR] symbol: class ExecutionAdapter
[ERROR] /home/travis/build/square/retrofit/retrofit/src/main/java/retrofit/CallExecutionAdapter.java:[46,35] cannot find symbol
[ERROR] symbol:   class Execution
[ERROR] location: class retrofit.CallExecutionAdapter
[ERROR] /home/travis/build/square/retrofit/retrofit/src/main/java/retrofit/RestAdapter.java:[113,52] cannot find symbol
[ERROR] symbol:   class ExecutionAdapter
[ERROR] location: class retrofit.RestAdapter
[ERROR] /home/travis/build/square/retrofit/retrofit/src/main/java/retrofit/RestAdapter.java:[132,7] cannot find symbol
[ERROR] symbol: class Execution
[ERROR] /home/travis/build/square/retrofit/retrofit/src/main/java/retrofit/RestAdapter.java:[132,33] cannot find symbol
[ERROR] symbol: class Execution
[ERROR] /home/travis/build/square/retrofit/retrofit/src/main/java/retrofit/RestAdapter.java:[183,67] cannot find symbol
[ERROR] symbol:   class ExecutionAdapter
[ERROR] location: class retrofit.RestAdapter.Builder
[ERROR] /home/travis/build/square/retrofit/retrofit/src/main/java/retrofit/MethodInfo.java:[233,7] cannot find symbol
[ERROR] symbol:   class ExecutionAdapter
[ERROR] location: class retrofit.MethodInfo
[ERROR] /home/travis/build/square/retrofit/retrofit/src/main/java/retrofit/MethodInfo.java:[241,37] package Execution does not exist
[ERROR] /home/travis/build/square/retrofit/retrofit/src/main/java/retrofit/MethodInfo.java:[243,37] package Execution does not exist
[ERROR] /home/travis/build/square/retrofit/retrofit/src/main/java/retrofit/MethodInfo.java:[245,37] package Execution does not exist
[ERROR] /home/travis/build/square/retrofit/retrofit/src/main/java/retrofit/CallExecutionAdapter.java:[24,3] method does not override or implement a method from a supertype
[ERROR] /home/travis/build/square/retrofit/retrofit/src/main/java/retrofit/CallExecutionAdapter.java:[46,3] method does not override or implement a method from a supertype
[ERROR] -> [Help 1]
[ERROR] 
[ERROR] To see the full stack trace of the errors, re-run Maven with the -e switch.
[ERROR] Re-run Maven using the -X switch to enable full debug logging.
[ERROR] 
[ERROR] For more information about the errors and possible solutions, please read the following articles:
[ERROR] [Help 1] http://cwiki.apache.org/confluence/display/MAVEN/MojoFailureException
[ERROR] 
[ERROR] After correcting the problems, you can resume the build with the command
[ERROR]   mvn <goals> -rf :retrofit

[31;1mThe command "eval mvn install -DskipTests=true -Dmaven.javadoc.skip=true -B -V" failed. Retrying, 3 of 3.[0m

Java HotSpot(TM) 64-Bit Server VM warning: ignoring option MaxPermSize=192m; support was removed in 8.0
Apache Maven 3.2.5 (12a6b3acb947671f09b81f49094c53f426d8cea1; 2014-12-14T17:29:23+00:00)
Maven home: /usr/local/maven
Java version: 1.8.0_31, vendor: Oracle Corporation
Java home: /usr/lib/jvm/java-8-oracle/jre
Default locale: en_US, platform encoding: UTF-8
OS name: "linux", version: "3.13.0-40-generic", arch: "amd64", family: "unix"
[INFO] Scanning for projects...
[INFO] Downloading: https://repository.apache.org/snapshots/com/squareup/retrofit/retrofit-converters/2.0.0-SNAPSHOT/maven-metadata.xml
[INFO] Downloading: https://repository.apache.org/snapshots/com/squareup/retrofit/parent/2.0.0-SNAPSHOT/maven-metadata.xml
[WARNING] 
[WARNING] Some problems were encountered while building the effective model for com.squareup.retrofit:adapter-rxjava:jar:2.0.0-SNAPSHOT
[WARNING] 'parent.relativePath' points at com.squareup.retrofit:retrofit-adapters instead of com.squareup.retrofit:retrofit-converters, please verify your project structure @ com.squareup.retrofit:adapter-rxjava:[unknown-version], /home/travis/build/square/retrofit/retrofit-adapters/rxjava/pom.xml, line 6, column 11
[WARNING] 
[WARNING] It is highly recommended to fix these problems because they threaten the stability of your build.
[WARNING] 
[WARNING] For this reason, future Maven versions might no longer support building such malformed projects.
[WARNING] 
[INFO] ------------------------------------------------------------------------
[INFO] Reactor Build Order:
[INFO] 
[INFO] Retrofit (Parent)
[INFO] Retrofit
[INFO] Converters
[INFO] Adapter: RxJava
[INFO] Adapters
[INFO] Converter: Protocol Buffers
[INFO] Converter: Jackson
[INFO] Converter: Wire Protocol Buffers
[INFO] Converter: SimpleXML
[INFO] Retrofit Mock Adapter
[INFO] Samples
[INFO] Sample: GitHub Client
[INFO] Sample: Mock GitHub Client
[INFO]                                                                         
[INFO] ------------------------------------------------------------------------
[INFO] Building Retrofit (Parent) 2.0.0-SNAPSHOT
[INFO] ------------------------------------------------------------------------
[INFO] 
[INFO] --- maven-enforcer-plugin:1.0:enforce (enforce-maven) @ parent ---
[INFO] 
[INFO] --- maven-checkstyle-plugin:2.15:checkstyle (default) @ parent ---
[INFO] 
[INFO] --- maven-install-plugin:2.4:install (default-install) @ parent ---
[INFO] Installing /home/travis/build/square/retrofit/pom.xml to /home/travis/.m2/repository/com/squareup/retrofit/parent/2.0.0-SNAPSHOT/parent-2.0.0-SNAPSHOT.pom
[INFO]                                                                         
[INFO] ------------------------------------------------------------------------
[INFO] Building Retrofit 2.0.0-SNAPSHOT
[INFO] ------------------------------------------------------------------------
[INFO] 
[INFO] --- maven-enforcer-plugin:1.0:enforce (enforce-maven) @ retrofit ---
[INFO] 
[INFO] --- maven-resources-plugin:2.6:resources (default-resources) @ retrofit ---
[INFO] Using 'UTF-8' encoding to copy filtered resources.
[INFO] skip non existing resourceDirectory /home/travis/build/square/retrofit/retrofit/src/main/resources
[INFO] 
[INFO] --- maven-compiler-plugin:3.0:compile (default-compile) @ retrofit ---
[INFO] Changes detected - recompiling the module!
[INFO] Compiling 40 source files to /home/travis/build/square/retrofit/retrofit/target/classes
[INFO] -------------------------------------------------------------
[WARNING] COMPILATION WARNING : 
[INFO] -------------------------------------------------------------
[WARNING] /home/travis/build/square/retrofit/retrofit/src/main/java/retrofit/Call.java: /home/travis/build/square/retrofit/retrofit/src/main/java/retrofit/Call.java uses unchecked or unsafe operations.
[WARNING] /home/travis/build/square/retrofit/retrofit/src/main/java/retrofit/Call.java: Recompile with -Xlint:unchecked for details.
[INFO] 2 warnings 
[INFO] -------------------------------------------------------------
[INFO] -------------------------------------------------------------
[ERROR] COMPILATION ERROR : 
[INFO] -------------------------------------------------------------
[ERROR] /home/travis/build/square/retrofit/retrofit/src/main/java/retrofit/RestAdapter.java:[105,14] cannot find symbol
  symbol:   class ExecutionAdapter
  location: class retrofit.RestAdapter
[ERROR] /home/travis/build/square/retrofit/retrofit/src/main/java/retrofit/RestAdapter.java:[108,39] cannot find symbol
  symbol:   class ExecutionAdapter
  location: class retrofit.RestAdapter
[ERROR] /home/travis/build/square/retrofit/retrofit/src/main/java/retrofit/RestAdapter.java:[167,15] cannot find symbol
  symbol:   class ExecutionAdapter
  location: class retrofit.RestAdapter
[ERROR] /home/travis/build/square/retrofit/retrofit/src/main/java/retrofit/MethodInfo.java:[66,14] cannot find symbol
  symbol:   class ExecutionAdapter
  location: class retrofit.MethodInfo
[ERROR] /home/travis/build/square/retrofit/retrofit/src/main/java/retrofit/MethodInfo.java:[69,3] cannot find symbol
  symbol:   class ExecutionAdapter
  location: class retrofit.MethodInfo
[ERROR] /home/travis/build/square/retrofit/retrofit/src/main/java/retrofit/MethodInfo.java:[70,12] package Execution does not exist
[ERROR] /home/travis/build/square/retrofit/retrofit/src/main/java/retrofit/MethodInfo.java:[87,34] cannot find symbol
  symbol:   class ExecutionAdapter
  location: class retrofit.MethodInfo
[ERROR] /home/travis/build/square/retrofit/retrofit/src/main/java/retrofit/RestAdapter.java:[183,24] cannot find symbol
  symbol:   class ExecutionAdapter
  location: class retrofit.RestAdapter.Builder
[ERROR] /home/travis/build/square/retrofit/retrofit/src/main/java/retrofit/RestAdapter.java:[230,40] cannot find symbol
  symbol:   class ExecutionAdapter
  location: class retrofit.RestAdapter.Builder
[ERROR] /home/travis/build/square/retrofit/retrofit/src/main/java/retrofit/CallExecutionAdapter.java:[9,52] cannot find symbol
  symbol: class ExecutionAdapter
[ERROR] /home/travis/build/square/retrofit/retrofit/src/main/java/retrofit/CallExecutionAdapter.java:[46,35] cannot find symbol
  symbol:   class Execution
  location: class retrofit.CallExecutionAdapter
[ERROR] /home/travis/build/square/retrofit/retrofit/src/main/java/retrofit/RestAdapter.java:[113,52] cannot find symbol
  symbol:   class ExecutionAdapter
  location: class retrofit.RestAdapter
[ERROR] /home/travis/build/square/retrofit/retrofit/src/main/java/retrofit/RestAdapter.java:[132,7] cannot find symbol
  symbol: class Execution
[ERROR] /home/travis/build/square/retrofit/retrofit/src/main/java/retrofit/RestAdapter.java:[132,33] cannot find symbol
  symbol: class Execution
[ERROR] /home/travis/build/square/retrofit/retrofit/src/main/java/retrofit/RestAdapter.java:[183,67] cannot find symbol
  symbol:   class ExecutionAdapter
  location: class retrofit.RestAdapter.Builder
[ERROR] /home/travis/build/square/retrofit/retrofit/src/main/java/retrofit/MethodInfo.java:[233,7] cannot find symbol
  symbol:   class ExecutionAdapter
  location: class retrofit.MethodInfo
[ERROR] /home/travis/build/square/retrofit/retrofit/src/main/java/retrofit/MethodInfo.java:[241,37] package Execution does not exist
[ERROR] /home/travis/build/square/retrofit/retrofit/src/main/java/retrofit/MethodInfo.java:[243,37] package Execution does not exist
[ERROR] /home/travis/build/square/retrofit/retrofit/src/main/java/retrofit/MethodInfo.java:[245,37] package Execution does not exist
[ERROR] /home/travis/build/square/retrofit/retrofit/src/main/java/retrofit/CallExecutionAdapter.java:[24,3] method does not override or implement a method from a supertype
[ERROR] /home/travis/build/square/retrofit/retrofit/src/main/java/retrofit/CallExecutionAdapter.java:[46,3] method does not override or implement a method from a supertype
[INFO] 21 errors 
[INFO] -------------------------------------------------------------
[INFO] ------------------------------------------------------------------------
[INFO] Reactor Summary:
[INFO] 
[INFO] Retrofit (Parent) .................................. SUCCESS [  2.307 s]
[INFO] Retrofit ........................................... FAILURE [  3.331 s]
[INFO] Converters ......................................... SKIPPED
[INFO] Adapter: RxJava .................................... SKIPPED
[INFO] Adapters ........................................... SKIPPED
[INFO] Converter: Protocol Buffers ........................ SKIPPED
[INFO] Converter: Jackson ................................. SKIPPED
[INFO] Converter: Wire Protocol Buffers ................... SKIPPED
[INFO] Converter: SimpleXML ............................... SKIPPED
[INFO] Retrofit Mock Adapter .............................. SKIPPED
[INFO] Samples ............................................ SKIPPED
[INFO] Sample: GitHub Client .............................. SKIPPED
[INFO] Sample: Mock GitHub Client ......................... SKIPPED
[INFO] ------------------------------------------------------------------------
[INFO] BUILD FAILURE
[INFO] ------------------------------------------------------------------------
[INFO] Total time: 7.657 s
[INFO] Finished at: 2015-05-17T05:10:54+00:00
[INFO] Final Memory: 29M/359M
[INFO] ------------------------------------------------------------------------
[ERROR] Failed to execute goal org.apache.maven.plugins:maven-compiler-plugin:3.0:compile (default-compile) on project retrofit: Compilation failure: Compilation failure:
[ERROR] /home/travis/build/square/retrofit/retrofit/src/main/java/retrofit/RestAdapter.java:[105,14] cannot find symbol
[ERROR] symbol:   class ExecutionAdapter
[ERROR] location: class retrofit.RestAdapter
[ERROR] /home/travis/build/square/retrofit/retrofit/src/main/java/retrofit/RestAdapter.java:[108,39] cannot find symbol
[ERROR] symbol:   class ExecutionAdapter
[ERROR] location: class retrofit.RestAdapter
[ERROR] /home/travis/build/square/retrofit/retrofit/src/main/java/retrofit/RestAdapter.java:[167,15] cannot find symbol
[ERROR] symbol:   class ExecutionAdapter
[ERROR] location: class retrofit.RestAdapter
[ERROR] /home/travis/build/square/retrofit/retrofit/src/main/java/retrofit/MethodInfo.java:[66,14] cannot find symbol
[ERROR] symbol:   class ExecutionAdapter
[ERROR] location: class retrofit.MethodInfo
[ERROR] /home/travis/build/square/retrofit/retrofit/src/main/java/retrofit/MethodInfo.java:[69,3] cannot find symbol
[ERROR] symbol:   class ExecutionAdapter
[ERROR] location: class retrofit.MethodInfo
[ERROR] /home/travis/build/square/retrofit/retrofit/src/main/java/retrofit/MethodInfo.java:[70,12] package Execution does not exist
[ERROR] /home/travis/build/square/retrofit/retrofit/src/main/java/retrofit/MethodInfo.java:[87,34] cannot find symbol
[ERROR] symbol:   class ExecutionAdapter
[ERROR] location: class retrofit.MethodInfo
[ERROR] /home/travis/build/square/retrofit/retrofit/src/main/java/retrofit/RestAdapter.java:[183,24] cannot find symbol
[ERROR] symbol:   class ExecutionAdapter
[ERROR] location: class retrofit.RestAdapter.Builder
[ERROR] /home/travis/build/square/retrofit/retrofit/src/main/java/retrofit/RestAdapter.java:[230,40] cannot find symbol
[ERROR] symbol:   class ExecutionAdapter
[ERROR] location: class retrofit.RestAdapter.Builder
[ERROR] /home/travis/build/square/retrofit/retrofit/src/main/java/retrofit/CallExecutionAdapter.java:[9,52] cannot find symbol
[ERROR] symbol: class ExecutionAdapter
[ERROR] /home/travis/build/square/retrofit/retrofit/src/main/java/retrofit/CallExecutionAdapter.java:[46,35] cannot find symbol
[ERROR] symbol:   class Execution
[ERROR] location: class retrofit.CallExecutionAdapter
[ERROR] /home/travis/build/square/retrofit/retrofit/src/main/java/retrofit/RestAdapter.java:[113,52] cannot find symbol
[ERROR] symbol:   class ExecutionAdapter
[ERROR] location: class retrofit.RestAdapter
[ERROR] /home/travis/build/square/retrofit/retrofit/src/main/java/retrofit/RestAdapter.java:[132,7] cannot find symbol
[ERROR] symbol: class Execution
[ERROR] /home/travis/build/square/retrofit/retrofit/src/main/java/retrofit/RestAdapter.java:[132,33] cannot find symbol
[ERROR] symbol: class Execution
[ERROR] /home/travis/build/square/retrofit/retrofit/src/main/java/retrofit/RestAdapter.java:[183,67] cannot find symbol
[ERROR] symbol:   class ExecutionAdapter
[ERROR] location: class retrofit.RestAdapter.Builder
[ERROR] /home/travis/build/square/retrofit/retrofit/src/main/java/retrofit/MethodInfo.java:[233,7] cannot find symbol
[ERROR] symbol:   class ExecutionAdapter
[ERROR] location: class retrofit.MethodInfo
[ERROR] /home/travis/build/square/retrofit/retrofit/src/main/java/retrofit/MethodInfo.java:[241,37] package Execution does not exist
[ERROR] /home/travis/build/square/retrofit/retrofit/src/main/java/retrofit/MethodInfo.java:[243,37] package Execution does not exist
[ERROR] /home/travis/build/square/retrofit/retrofit/src/main/java/retrofit/MethodInfo.java:[245,37] package Execution does not exist
[ERROR] /home/travis/build/square/retrofit/retrofit/src/main/java/retrofit/CallExecutionAdapter.java:[24,3] method does not override or implement a method from a supertype
[ERROR] /home/travis/build/square/retrofit/retrofit/src/main/java/retrofit/CallExecutionAdapter.java:[46,3] method does not override or implement a method from a supertype
[ERROR] -> [Help 1]
[ERROR] 
[ERROR] To see the full stack trace of the errors, re-run Maven with the -e switch.
[ERROR] Re-run Maven using the -X switch to enable full debug logging.
[ERROR] 
[ERROR] For more information about the errors and possible solutions, please read the following articles:
[ERROR] [Help 1] http://cwiki.apache.org/confluence/display/MAVEN/MojoFailureException
[ERROR] 
[ERROR] After correcting the problems, you can resume the build with the command
[ERROR]   mvn <goals> -rf :retrofit

[31;1mThe command "eval mvn install -DskipTests=true -Dmaven.javadoc.skip=true -B -V" failed 3 times.[0m

travis_time:end:033c58b6:start=1431839415266588537,finish=1431839459990843560,duration=44724255023[0K
[31;1mThe command "mvn install -DskipTests=true -Dmaven.javadoc.skip=true -B -V" failed and exited with 1 during .[0m

Your build has been stopped.
