Using worker: worker-linux-docker-4a1c1365.prod.travis-ci.org:travis-linux-8

travis_fold:start:system_info[0K[33;1mBuild system information[0m
Build language: java
[34m[1mBuild image provisioning date and time[0m
Thu Feb  5 15:09:33 UTC 2015
[34m[1mOperating System Details[0m
Distributor ID:	Ubuntu
Description:	Ubuntu 12.04.5 LTS
Release:	12.04
Codename:	precise
[34m[1mLinux Version[0m
3.13.0-29-generic
[34m[1mCookbooks Version[0m
a68419e https://github.com/travis-ci/travis-cookbooks/tree/a68419e
[34m[1mGCC version[0m
gcc (Ubuntu/Linaro 4.6.3-1ubuntu5) 4.6.3
Copyright (C) 2011 Free Software Foundation, Inc.
This is free software; see the source for copying conditions.  There is NO
warranty; not even for MERCHANTABILITY or FITNESS FOR A PARTICULAR PURPOSE.

[34m[1mLLVM version[0m
clang version 3.4 (tags/RELEASE_34/final)
Target: x86_64-unknown-linux-gnu
Thread model: posix
[34m[1mPre-installed Ruby versions[0m
ruby-1.9.3-p551
[34m[1mPre-installed Node.js versions[0m
v0.10.36
[34m[1mPre-installed Go versions[0m
1.4.1
[34m[1mRedis version[0m
redis-server 2.8.19
[34m[1mriak version[0m
2.0.2
[34m[1mMongoDB version[0m
MongoDB 2.4.12
[34m[1mCouchDB version[0m
couchdb 1.6.1
[34m[1mNeo4j version[0m
1.9.4
[34m[1mRabbitMQ Version[0m
3.4.3
[34m[1mElasticSearch version[0m
1.4.0
[34m[1mInstalled Sphinx versions[0m
2.0.10
2.1.9
2.2.6
[34m[1mDefault Sphinx version[0m
2.2.6
[34m[1mInstalled Firefox version[0m
firefox 31.0esr
[34m[1mPhantomJS version[0m
1.9.8
[34m[1mant -version[0m
Apache Ant(TM) version 1.8.2 compiled on December 3 2011
[34m[1mmvn -version[0m
Apache Maven 3.2.5 (12a6b3acb947671f09b81f49094c53f426d8cea1; 2014-12-14T17:29:23+00:00)
Maven home: /usr/local/maven
Java version: 1.7.0_76, vendor: Oracle Corporation
Java home: /usr/lib/jvm/java-7-oracle/jre
Default locale: en_US, platform encoding: ANSI_X3.4-1968
OS name: "linux", version: "3.13.0-29-generic", arch: "amd64", family: "unix"
travis_fold:end:system_info[0K
travis_fold:start:git.checkout[0Ktravis_time:start:01465465[0K$ git clone --depth=50 --branch=jw/this-changes-everything git://github.com/square/retrofit.git square/retrofit
Cloning into 'square/retrofit'...
remote: Counting objects: 1447, done.[K
remote: Compressing objects:   0% (1/767)   [Kremote: Compressing objects:   1% (8/767)   [Kremote: Compressing objects:   2% (16/767)   [Kremote: Compressing objects:   3% (24/767)   [Kremote: Compressing objects:   4% (31/767)   [Kremote: Compressing objects:   5% (39/767)   [Kremote: Compressing objects:   6% (47/767)   [Kremote: Compressing objects:   7% (54/767)   [Kremote: Compressing objects:   8% (62/767)   [Kremote: Compressing objects:   9% (70/767)   [Kremote: Compressing objects:  10% (77/767)   [Kremote: Compressing objects:  11% (85/767)   [Kremote: Compressing objects:  12% (93/767)   [Kremote: Compressing objects:  13% (100/767)   [Kremote: Compressing objects:  14% (108/767)   [Kremote: Compressing objects:  15% (116/767)   [Kremote: Compressing objects:  16% (123/767)   [Kremote: Compressing objects:  17% (131/767)   [Kremote: Compressing objects:  18% (139/767)   [Kremote: Compressing objects:  19% (146/767)   [Kremote: Compressing objects:  20% (154/767)   [Kremote: Compressing objects:  21% (162/767)   [Kremote: Compressing objects:  22% (169/767)   [Kremote: Compressing objects:  23% (177/767)   [Kremote: Compressing objects:  24% (185/767)   [Kremote: Compressing objects:  25% (192/767)   [Kremote: Compressing objects:  26% (200/767)   [Kremote: Compressing objects:  27% (208/767)   [Kremote: Compressing objects:  28% (215/767)   [Kremote: Compressing objects:  29% (223/767)   [Kremote: Compressing objects:  30% (231/767)   [Kremote: Compressing objects:  31% (238/767)   [Kremote: Compressing objects:  32% (246/767)   [Kremote: Compressing objects:  33% (254/767)   [Kremote: Compressing objects:  34% (261/767)   [Kremote: Compressing objects:  35% (269/767)   [Kremote: Compressing objects:  36% (277/767)   [Kremote: Compressing objects:  37% (284/767)   [Kremote: Compressing objects:  38% (292/767)   [Kremote: Compressing objects:  39% (300/767)   [Kremote: Compressing objects:  40% (307/767)   [Kremote: Compressing objects:  41% (315/767)   [Kremote: Compressing objects:  42% (323/767)   [Kremote: Compressing objects:  43% (330/767)   [Kremote: Compressing objects:  44% (338/767)   [Kremote: Compressing objects:  45% (346/767)   [Kremote: Compressing objects:  46% (353/767)   [Kremote: Compressing objects:  47% (361/767)   [Kremote: Compressing objects:  48% (369/767)   [Kremote: Compressing objects:  49% (376/767)   [Kremote: Compressing objects:  50% (384/767)   [Kremote: Compressing objects:  51% (392/767)   [Kremote: Compressing objects:  52% (399/767)   [Kremote: Compressing objects:  53% (407/767)   [Kremote: Compressing objects:  54% (415/767)   [Kremote: Compressing objects:  55% (422/767)   [Kremote: Compressing objects:  56% (430/767)   [Kremote: Compressing objects:  57% (438/767)   [Kremote: Compressing objects:  58% (445/767)   [Kremote: Compressing objects:  59% (453/767)   [Kremote: Compressing objects:  60% (461/767)   [Kremote: Compressing objects:  61% (468/767)   [Kremote: Compressing objects:  62% (476/767)   [Kremote: Compressing objects:  63% (484/767)   [Kremote: Compressing objects:  64% (491/767)   [Kremote: Compressing objects:  65% (499/767)   [Kremote: Compressing objects:  66% (507/767)   [Kremote: Compressing objects:  67% (514/767)   [Kremote: Compressing objects:  68% (522/767)   [Kremote: Compressing objects:  69% (530/767)   [Kremote: Compressing objects:  70% (537/767)   [Kremote: Compressing objects:  71% (545/767)   [Kremote: Compressing objects:  72% (553/767)   [Kremote: Compressing objects:  73% (560/767)   [Kremote: Compressing objects:  74% (568/767)   [Kremote: Compressing objects:  75% (576/767)   [Kremote: Compressing objects:  76% (583/767)   [Kremote: Compressing objects:  77% (591/767)   [Kremote: Compressing objects:  78% (599/767)   [Kremote: Compressing objects:  79% (606/767)   [Kremote: Compressing objects:  80% (614/767)   [Kremote: Compressing objects:  81% (622/767)   [Kremote: Compressing objects:  82% (629/767)   [Kremote: Compressing objects:  83% (637/767)   [Kremote: Compressing objects:  84% (645/767)   [Kremote: Compressing objects:  85% (652/767)   [Kremote: Compressing objects:  86% (660/767)   [Kremote: Compressing objects:  87% (668/767)   [Kremote: Compressing objects:  88% (675/767)   [Kremote: Compressing objects:  89% (683/767)   [Kremote: Compressing objects:  90% (691/767)   [Kremote: Compressing objects:  91% (698/767)   [Kremote: Compressing objects:  92% (706/767)   [Kremote: Compressing objects:  93% (714/767)   [Kremote: Compressing objects:  94% (721/767)   [Kremote: Compressing objects:  95% (729/767)   [Kremote: Compressing objects:  96% (737/767)   [Kremote: Compressing objects:  97% (744/767)   [Kremote: Compressing objects:  98% (752/767)   [Kremote: Compressing objects:  99% (760/767)   [Kremote: Compressing objects: 100% (767/767)   [Kremote: Compressing objects: 100% (767/767), done.[K
Receiving objects:   0% (1/1447)   Receiving objects:   1% (15/1447)   Receiving objects:   2% (29/1447)   Receiving objects:   3% (44/1447)   Receiving objects:   4% (58/1447)   Receiving objects:   5% (73/1447)   Receiving objects:   6% (87/1447)   Receiving objects:   7% (102/1447)   Receiving objects:   8% (116/1447)   Receiving objects:   9% (131/1447)   Receiving objects:  10% (145/1447)   Receiving objects:  11% (160/1447)   Receiving objects:  12% (174/1447)   Receiving objects:  13% (189/1447)   Receiving objects:  14% (203/1447)   Receiving objects:  15% (218/1447)   Receiving objects:  16% (232/1447)   Receiving objects:  17% (246/1447)   Receiving objects:  18% (261/1447)   Receiving objects:  19% (275/1447)   Receiving objects:  20% (290/1447)   Receiving objects:  21% (304/1447)   Receiving objects:  22% (319/1447)   Receiving objects:  23% (333/1447)   Receiving objects:  24% (348/1447)   Receiving objects:  25% (362/1447)   Receiving objects:  26% (377/1447)   Receiving objects:  27% (391/1447)   Receiving objects:  28% (406/1447)   Receiving objects:  29% (420/1447)   Receiving objects:  30% (435/1447)   Receiving objects:  31% (449/1447)   Receiving objects:  32% (464/1447)   Receiving objects:  33% (478/1447)   Receiving objects:  34% (492/1447)   Receiving objects:  35% (507/1447)   Receiving objects:  36% (521/1447)   Receiving objects:  37% (536/1447)   Receiving objects:  38% (550/1447)   Receiving objects:  39% (565/1447)   Receiving objects:  40% (579/1447)   Receiving objects:  41% (594/1447)   Receiving objects:  42% (608/1447)   Receiving objects:  43% (623/1447)   Receiving objects:  44% (637/1447)   Receiving objects:  45% (652/1447)   Receiving objects:  46% (666/1447)   Receiving objects:  47% (681/1447)   Receiving objects:  48% (695/1447)   Receiving objects:  49% (710/1447)   Receiving objects:  50% (724/1447)   Receiving objects:  51% (738/1447)   Receiving objects:  52% (753/1447)   Receiving objects:  53% (767/1447)   Receiving objects:  54% (782/1447)   Receiving objects:  55% (796/1447)   Receiving objects:  56% (811/1447)   Receiving objects:  57% (825/1447)   remote: Total 1447 (delta 527), reused 1170 (delta 320), pack-reused 0[K
Receiving objects:  58% (840/1447)   Receiving objects:  59% (854/1447)   Receiving objects:  60% (869/1447)   Receiving objects:  61% (883/1447)   Receiving objects:  62% (898/1447)   Receiving objects:  63% (912/1447)   Receiving objects:  64% (927/1447)   Receiving objects:  65% (941/1447)   Receiving objects:  66% (956/1447)   Receiving objects:  67% (970/1447)   Receiving objects:  68% (984/1447)   Receiving objects:  69% (999/1447)   Receiving objects:  70% (1013/1447)   Receiving objects:  71% (1028/1447)   Receiving objects:  72% (1042/1447)   Receiving objects:  73% (1057/1447)   Receiving objects:  74% (1071/1447)   Receiving objects:  75% (1086/1447)   Receiving objects:  76% (1100/1447)   Receiving objects:  77% (1115/1447)   Receiving objects:  78% (1129/1447)   Receiving objects:  79% (1144/1447)   Receiving objects:  80% (1158/1447)   Receiving objects:  81% (1173/1447)   Receiving objects:  82% (1187/1447)   Receiving objects:  83% (1202/1447)   Receiving objects:  84% (1216/1447)   Receiving objects:  85% (1230/1447)   Receiving objects:  86% (1245/1447)   Receiving objects:  87% (1259/1447)   Receiving objects:  88% (1274/1447)   Receiving objects:  89% (1288/1447)   Receiving objects:  90% (1303/1447)   Receiving objects:  91% (1317/1447)   Receiving objects:  92% (1332/1447)   Receiving objects:  93% (1346/1447)   Receiving objects:  94% (1361/1447)   Receiving objects:  95% (1375/1447)   Receiving objects:  96% (1390/1447)   Receiving objects:  97% (1404/1447)   Receiving objects:  98% (1419/1447)   Receiving objects:  99% (1433/1447)   Receiving objects: 100% (1447/1447)   Receiving objects: 100% (1447/1447), 336.35 KiB | 0 bytes/s, done.
Resolving deltas:   0% (0/527)   Resolving deltas:   6% (35/527)   Resolving deltas:   8% (43/527)   Resolving deltas:   9% (49/527)   Resolving deltas:  13% (69/527)   Resolving deltas:  18% (97/527)   Resolving deltas:  27% (147/527)   Resolving deltas:  28% (150/527)   Resolving deltas:  29% (153/527)   Resolving deltas:  30% (160/527)   Resolving deltas:  31% (167/527)   Resolving deltas:  33% (175/527)   Resolving deltas:  34% (180/527)   Resolving deltas:  35% (185/527)   Resolving deltas:  36% (190/527)   Resolving deltas:  37% (200/527)   Resolving deltas:  39% (207/527)   Resolving deltas:  40% (211/527)   Resolving deltas:  44% (232/527)   Resolving deltas:  45% (240/527)   Resolving deltas:  48% (254/527)   Resolving deltas:  49% (260/527)   Resolving deltas:  50% (266/527)   Resolving deltas:  51% (269/527)   Resolving deltas:  52% (277/527)   Resolving deltas:  55% (294/527)   Resolving deltas:  56% (296/527)   Resolving deltas:  57% (301/527)   Resolving deltas:  59% (311/527)   Resolving deltas:  60% (317/527)   Resolving deltas:  63% (333/527)   Resolving deltas:  64% (339/527)   Resolving deltas:  65% (345/527)   Resolving deltas:  66% (351/527)   Resolving deltas:  67% (354/527)   Resolving deltas:  70% (371/527)   Resolving deltas:  71% (375/527)   Resolving deltas:  72% (380/527)   Resolving deltas:  73% (387/527)   Resolving deltas:  74% (393/527)   Resolving deltas:  76% (401/527)   Resolving deltas:  77% (406/527)   Resolving deltas:  79% (418/527)   Resolving deltas:  80% (422/527)   Resolving deltas:  81% (427/527)   Resolving deltas:  82% (433/527)   Resolving deltas:  83% (438/527)   Resolving deltas:  84% (443/527)   Resolving deltas:  85% (449/527)   Resolving deltas:  90% (475/527)   Resolving deltas:  91% (480/527)   Resolving deltas:  92% (486/527)   Resolving deltas:  94% (496/527)   Resolving deltas:  98% (520/527)   Resolving deltas:  99% (522/527)   Resolving deltas: 100% (527/527)   Resolving deltas: 100% (527/527), done.
Checking connectivity... done.
travis_time:end:01465465:start=1432009631654718925,finish=1432009631964707134,duration=309988209[0K$ cd square/retrofit
$ git checkout -qf 769ef3829b76ca16d51d239ca2bfc08499a9b6a9
travis_fold:end:git.checkout[0K
[33;1mThis job is running on container-based infrastructure, which does not allow use of 'sudo', setuid and setguid executables.[0m
[33;1mIf you require sudo, add 'sudo: required' to your .travis.yml[0m
[33;1mSee http://docs.travis-ci.com/user/workers/container-based-infrastructure/ for details.[0m

[33;1mSetting environment variables from .travis.yml[0m
$ export CI_DEPLOY_USERNAME=[secure]
$ export CI_DEPLOY_PASSWORD=[secure]

travis_fold:start:cache.1[0KSetting up build cache
$ export CASHER_DIR=$HOME/.casher
travis_time:start:0a8f8780[0K$ Installing caching utilities
travis_time:end:0a8f8780:start=1432009633909290205,finish=1432009634038762693,duration=129472488[0Ktravis_time:start:15501ee0[0Kattempting to download cache archive
fetching jwthis-changes-everything/cache--jdk-oraclejdk7.tbz
fetching master/cache--jdk-oraclejdk7.tbz
found cache
travis_time:end:15501ee0:start=1432009634042969967,finish=1432009634909287298,duration=866317331[0Ktravis_time:start:2cfbb848[0Kadding /home/travis/.m2 to cache
travis_time:end:2cfbb848:start=1432009634912721733,finish=1432009638620852291,duration=3708130558[0Ktravis_fold:end:cache.1[0K$ jdk_switcher use oraclejdk7
Switching to Oracle JDK7 (java-7-oracle), JAVA_HOME will be set to /usr/lib/jvm/java-7-oracle
$ java -Xmx32m -version
java version "1.7.0_76"
Java(TM) SE Runtime Environment (build 1.7.0_76-b13)
Java HotSpot(TM) 64-Bit Server VM (build 24.76-b04, mixed mode)
$ javac -J-Xmx32m -version
javac 1.7.0_76
travis_fold:start:install[0Ktravis_time:start:08f1c3e4[0K$ mvn install -DskipTests=true -Dmaven.javadoc.skip=true -B -V
Apache Maven 3.2.5 (12a6b3acb947671f09b81f49094c53f426d8cea1; 2014-12-14T17:29:23+00:00)
Maven home: /usr/local/maven
Java version: 1.7.0_76, vendor: Oracle Corporation
Java home: /usr/lib/jvm/java-7-oracle/jre
Default locale: en_US, platform encoding: UTF-8
OS name: "linux", version: "3.13.0-40-generic", arch: "amd64", family: "unix"
[INFO] Scanning for projects...
[INFO] ------------------------------------------------------------------------
[INFO] Reactor Build Order:
[INFO] 
[INFO] Retrofit (Parent)
[INFO] Retrofit
[INFO] Adapters
[INFO] Adapter: RxJava
[INFO] Converters
[INFO] Converter: Protocol Buffers
[INFO] Converter: Jackson
[INFO] Converter: Wire Protocol Buffers
[INFO] Converter: SimpleXML
[INFO] Retrofit Mock Adapter
[INFO] Samples
[INFO] Sample: GitHub Client
[INFO] Sample: Mock GitHub Client
[INFO]                                                                         
[INFO] ------------------------------------------------------------------------
[INFO] Building Retrofit (Parent) 2.0.0-SNAPSHOT
[INFO] ------------------------------------------------------------------------
[INFO] Downloading: https://repo.maven.apache.org/maven2/org/apache/maven/plugins/maven-checkstyle-plugin/2.15/maven-checkstyle-plugin-2.15.pom
[INFO] Downloaded: https://repo.maven.apache.org/maven2/org/apache/maven/plugins/maven-checkstyle-plugin/2.15/maven-checkstyle-plugin-2.15.pom (14 KB at 26.1 KB/sec)
[INFO] Downloading: https://repo.maven.apache.org/maven2/org/apache/maven/plugins/maven-plugins/27/maven-plugins-27.pom
[INFO] Downloaded: https://repo.maven.apache.org/maven2/org/apache/maven/plugins/maven-plugins/27/maven-plugins-27.pom (12 KB at 241.3 KB/sec)
[INFO] Downloading: https://repo.maven.apache.org/maven2/org/apache/maven/maven-parent/26/maven-parent-26.pom
[INFO] Downloaded: https://repo.maven.apache.org/maven2/org/apache/maven/maven-parent/26/maven-parent-26.pom (39 KB at 681.6 KB/sec)
[INFO] Downloading: https://repo.maven.apache.org/maven2/org/apache/apache/16/apache-16.pom
[INFO] Downloaded: https://repo.maven.apache.org/maven2/org/apache/apache/16/apache-16.pom (16 KB at 366.7 KB/sec)
[INFO] Downloading: https://repo.maven.apache.org/maven2/org/apache/maven/plugins/maven-checkstyle-plugin/2.15/maven-checkstyle-plugin-2.15.jar
[INFO] Downloaded: https://repo.maven.apache.org/maven2/org/apache/maven/plugins/maven-checkstyle-plugin/2.15/maven-checkstyle-plugin-2.15.jar (109 KB at 1261.0 KB/sec)
[INFO] 
[INFO] --- maven-enforcer-plugin:1.0:enforce (enforce-maven) @ parent ---
[INFO] 
[INFO] --- maven-checkstyle-plugin:2.15:checkstyle (default) @ parent ---
[INFO] Downloading: https://repo.maven.apache.org/maven2/org/apache/maven/reporting/maven-reporting-api/2.2.1/maven-reporting-api-2.2.1.pom
[INFO] Downloaded: https://repo.maven.apache.org/maven2/org/apache/maven/reporting/maven-reporting-api/2.2.1/maven-reporting-api-2.2.1.pom (2 KB at 50.2 KB/sec)
[INFO] Downloading: https://repo.maven.apache.org/maven2/org/apache/maven/reporting/maven-reporting/2.2.1/maven-reporting-2.2.1.pom
[INFO] Downloaded: https://repo.maven.apache.org/maven2/org/apache/maven/reporting/maven-reporting/2.2.1/maven-reporting-2.2.1.pom (2 KB at 38.1 KB/sec)
[INFO] Downloading: https://repo.maven.apache.org/maven2/org/apache/maven/doxia/doxia-sink-api/1.1/doxia-sink-api-1.1.pom
[INFO] Downloaded: https://repo.maven.apache.org/maven2/org/apache/maven/doxia/doxia-sink-api/1.1/doxia-sink-api-1.1.pom (2 KB at 52.4 KB/sec)
[INFO] Downloading: https://repo.maven.apache.org/maven2/org/apache/maven/doxia/doxia/1.1/doxia-1.1.pom
[INFO] Downloaded: https://repo.maven.apache.org/maven2/org/apache/maven/doxia/doxia/1.1/doxia-1.1.pom (15 KB at 400.6 KB/sec)
[INFO] Downloading: https://repo.maven.apache.org/maven2/org/apache/maven/doxia/doxia-logging-api/1.1/doxia-logging-api-1.1.pom
[INFO] Downloaded: https://repo.maven.apache.org/maven2/org/apache/maven/doxia/doxia-logging-api/1.1/doxia-logging-api-1.1.pom (2 KB at 40.5 KB/sec)
[INFO] Downloading: https://repo.maven.apache.org/maven2/org/apache/maven/reporting/maven-reporting-impl/2.3/maven-reporting-impl-2.3.pom
[INFO] Downloaded: https://repo.maven.apache.org/maven2/org/apache/maven/reporting/maven-reporting-impl/2.3/maven-reporting-impl-2.3.pom (5 KB at 132.0 KB/sec)
[INFO] Downloading: https://repo.maven.apache.org/maven2/org/apache/maven/shared/maven-shared-components/20/maven-shared-components-20.pom
[INFO] Downloaded: https://repo.maven.apache.org/maven2/org/apache/maven/shared/maven-shared-components/20/maven-shared-components-20.pom (5 KB at 134.8 KB/sec)
[INFO] Downloading: https://repo.maven.apache.org/maven2/org/apache/maven/maven-parent/24/maven-parent-24.pom
[INFO] Downloaded: https://repo.maven.apache.org/maven2/org/apache/maven/maven-parent/24/maven-parent-24.pom (37 KB at 857.9 KB/sec)
[INFO] Downloading: https://repo.maven.apache.org/maven2/org/apache/apache/14/apache-14.pom
[INFO] Downloaded: https://repo.maven.apache.org/maven2/org/apache/apache/14/apache-14.pom (15 KB at 367.7 KB/sec)
[INFO] Downloading: https://repo.maven.apache.org/maven2/org/apache/maven/shared/maven-shared-utils/0.6/maven-shared-utils-0.6.pom
[INFO] Downloaded: https://repo.maven.apache.org/maven2/org/apache/maven/shared/maven-shared-utils/0.6/maven-shared-utils-0.6.pom (5 KB at 103.6 KB/sec)
[INFO] Downloading: https://repo.maven.apache.org/maven2/org/apache/maven/shared/maven-shared-components/19/maven-shared-components-19.pom
[INFO] Downloaded: https://repo.maven.apache.org/maven2/org/apache/maven/shared/maven-shared-components/19/maven-shared-components-19.pom (7 KB at 163.4 KB/sec)
[INFO] Downloading: https://repo.maven.apache.org/maven2/org/apache/maven/maven-parent/23/maven-parent-23.pom
[INFO] Downloaded: https://repo.maven.apache.org/maven2/org/apache/maven/maven-parent/23/maven-parent-23.pom (32 KB at 757.7 KB/sec)
[INFO] Downloading: https://repo.maven.apache.org/maven2/org/apache/apache/13/apache-13.pom
[INFO] Downloaded: https://repo.maven.apache.org/maven2/org/apache/apache/13/apache-13.pom (14 KB at 368.8 KB/sec)
[INFO] Downloading: https://repo.maven.apache.org/maven2/org/apache/maven/shared/maven-shared-resources/2/maven-shared-resources-2.pom
[INFO] Downloaded: https://repo.maven.apache.org/maven2/org/apache/maven/shared/maven-shared-resources/2/maven-shared-resources-2.pom (3 KB at 76.0 KB/sec)
[INFO] Downloading: https://repo.maven.apache.org/maven2/org/apache/maven/shared/maven-shared-components/21/maven-shared-components-21.pom
[INFO] Downloaded: https://repo.maven.apache.org/maven2/org/apache/maven/shared/maven-shared-components/21/maven-shared-components-21.pom (5 KB at 131.2 KB/sec)
[INFO] Downloading: https://repo.maven.apache.org/maven2/org/apache/maven/maven-parent/25/maven-parent-25.pom
[INFO] Downloaded: https://repo.maven.apache.org/maven2/org/apache/maven/maven-parent/25/maven-parent-25.pom (37 KB at 891.8 KB/sec)
[INFO] Downloading: https://repo.maven.apache.org/maven2/org/apache/apache/15/apache-15.pom
[INFO] Downloaded: https://repo.maven.apache.org/maven2/org/apache/apache/15/apache-15.pom (15 KB at 391.6 KB/sec)
[INFO] Downloading: https://repo.maven.apache.org/maven2/org/apache/maven/doxia/doxia-sink-api/1.4/doxia-sink-api-1.4.pom
[INFO] Downloaded: https://repo.maven.apache.org/maven2/org/apache/maven/doxia/doxia-sink-api/1.4/doxia-sink-api-1.4.pom (2 KB at 33.2 KB/sec)
[INFO] Downloading: https://repo.maven.apache.org/maven2/org/apache/maven/doxia/doxia/1.4/doxia-1.4.pom
[INFO] Downloaded: https://repo.maven.apache.org/maven2/org/apache/maven/doxia/doxia/1.4/doxia-1.4.pom (18 KB at 398.5 KB/sec)
[INFO] Downloading: https://repo.maven.apache.org/maven2/org/apache/maven/doxia/doxia-logging-api/1.4/doxia-logging-api-1.4.pom
[INFO] Downloaded: https://repo.maven.apache.org/maven2/org/apache/maven/doxia/doxia-logging-api/1.4/doxia-logging-api-1.4.pom (2 KB at 40.5 KB/sec)
[INFO] Downloading: https://repo.maven.apache.org/maven2/org/apache/maven/doxia/doxia-decoration-model/1.4/doxia-decoration-model-1.4.pom
[INFO] Downloaded: https://repo.maven.apache.org/maven2/org/apache/maven/doxia/doxia-decoration-model/1.4/doxia-decoration-model-1.4.pom (3 KB at 67.0 KB/sec)
[INFO] Downloading: https://repo.maven.apache.org/maven2/org/apache/maven/doxia/doxia-sitetools/1.4/doxia-sitetools-1.4.pom
[INFO] Downloaded: https://repo.maven.apache.org/maven2/org/apache/maven/doxia/doxia-sitetools/1.4/doxia-sitetools-1.4.pom (17 KB at 429.8 KB/sec)
[INFO] Downloading: https://repo.maven.apache.org/maven2/org/codehaus/plexus/plexus-utils/3.0.10/plexus-utils-3.0.10.pom
[INFO] Downloaded: https://repo.maven.apache.org/maven2/org/codehaus/plexus/plexus-utils/3.0.10/plexus-utils-3.0.10.pom (4 KB at 80.8 KB/sec)
[INFO] Downloading: https://repo.maven.apache.org/maven2/org/apache/maven/doxia/doxia-site-renderer/1.4/doxia-site-renderer-1.4.pom
[INFO] Downloaded: https://repo.maven.apache.org/maven2/org/apache/maven/doxia/doxia-site-renderer/1.4/doxia-site-renderer-1.4.pom (6 KB at 145.6 KB/sec)
[INFO] Downloading: https://repo.maven.apache.org/maven2/org/apache/maven/doxia/doxia-core/1.4/doxia-core-1.4.pom
[INFO] Downloaded: https://repo.maven.apache.org/maven2/org/apache/maven/doxia/doxia-core/1.4/doxia-core-1.4.pom (4 KB at 104.5 KB/sec)
[INFO] Downloading: https://repo.maven.apache.org/maven2/org/apache/maven/doxia/doxia-module-xhtml/1.4/doxia-module-xhtml-1.4.pom
[INFO] Downloaded: https://repo.maven.apache.org/maven2/org/apache/maven/doxia/doxia-module-xhtml/1.4/doxia-module-xhtml-1.4.pom (2 KB at 29.5 KB/sec)
[INFO] Downloading: https://repo.maven.apache.org/maven2/org/apache/maven/doxia/doxia-modules/1.4/doxia-modules-1.4.pom
[INFO] Downloaded: https://repo.maven.apache.org/maven2/org/apache/maven/doxia/doxia-modules/1.4/doxia-modules-1.4.pom (3 KB at 65.7 KB/sec)
[INFO] Downloading: https://repo.maven.apache.org/maven2/org/apache/maven/doxia/doxia-module-fml/1.4/doxia-module-fml-1.4.pom
[INFO] Downloaded: https://repo.maven.apache.org/maven2/org/apache/maven/doxia/doxia-module-fml/1.4/doxia-module-fml-1.4.pom (5 KB at 120.3 KB/sec)
[INFO] Downloading: https://repo.maven.apache.org/maven2/org/apache/velocity/velocity-tools/2.0/velocity-tools-2.0.pom
[INFO] Downloaded: https://repo.maven.apache.org/maven2/org/apache/velocity/velocity-tools/2.0/velocity-tools-2.0.pom (18 KB at 433.5 KB/sec)
[INFO] Downloading: https://repo.maven.apache.org/maven2/commons-digester/commons-digester/1.8/commons-digester-1.8.pom
[INFO] Downloaded: https://repo.maven.apache.org/maven2/commons-digester/commons-digester/1.8/commons-digester-1.8.pom (7 KB at 175.4 KB/sec)
[INFO] Downloading: https://repo.maven.apache.org/maven2/commons-logging/commons-logging/1.1/commons-logging-1.1.pom
[INFO] Downloaded: https://repo.maven.apache.org/maven2/commons-logging/commons-logging/1.1/commons-logging-1.1.pom (7 KB at 134.2 KB/sec)
[INFO] Downloading: https://repo.maven.apache.org/maven2/logkit/logkit/1.0.1/logkit-1.0.1.pom
[INFO] Downloaded: https://repo.maven.apache.org/maven2/logkit/logkit/1.0.1/logkit-1.0.1.pom (147 B at 3.8 KB/sec)
[INFO] Downloading: https://repo.maven.apache.org/maven2/avalon-framework/avalon-framework/4.1.3/avalon-framework-4.1.3.pom
[INFO] Downloaded: https://repo.maven.apache.org/maven2/avalon-framework/avalon-framework/4.1.3/avalon-framework-4.1.3.pom (167 B at 3.1 KB/sec)
[INFO] Downloading: https://repo.maven.apache.org/maven2/javax/servlet/servlet-api/2.3/servlet-api-2.3.pom
[INFO] Downloaded: https://repo.maven.apache.org/maven2/javax/servlet/servlet-api/2.3/servlet-api-2.3.pom (156 B at 2.6 KB/sec)
[INFO] Downloading: https://repo.maven.apache.org/maven2/commons-chain/commons-chain/1.1/commons-chain-1.1.pom
[INFO] Downloaded: https://repo.maven.apache.org/maven2/commons-chain/commons-chain/1.1/commons-chain-1.1.pom (6 KB at 139.8 KB/sec)
[INFO] Downloading: https://repo.maven.apache.org/maven2/dom4j/dom4j/1.1/dom4j-1.1.pom
[INFO] Downloaded: https://repo.maven.apache.org/maven2/dom4j/dom4j/1.1/dom4j-1.1.pom (142 B at 3.7 KB/sec)
[INFO] Downloading: https://repo.maven.apache.org/maven2/sslext/sslext/1.2-0/sslext-1.2-0.pom
[INFO] Downloaded: https://repo.maven.apache.org/maven2/sslext/sslext/1.2-0/sslext-1.2-0.pom (653 B at 17.2 KB/sec)
[INFO] Downloading: https://repo.maven.apache.org/maven2/org/apache/struts/struts-core/1.3.8/struts-core-1.3.8.pom
[INFO] Downloaded: https://repo.maven.apache.org/maven2/org/apache/struts/struts-core/1.3.8/struts-core-1.3.8.pom (5 KB at 100.3 KB/sec)
[INFO] Downloading: https://repo.maven.apache.org/maven2/org/apache/struts/struts-parent/1.3.8/struts-parent-1.3.8.pom
[INFO] Downloaded: https://repo.maven.apache.org/maven2/org/apache/struts/struts-parent/1.3.8/struts-parent-1.3.8.pom (10 KB at 252.9 KB/sec)
[INFO] Downloading: https://repo.maven.apache.org/maven2/org/apache/struts/struts-master/4/struts-master-4.pom
[INFO] Downloaded: https://repo.maven.apache.org/maven2/org/apache/struts/struts-master/4/struts-master-4.pom (12 KB at 251.2 KB/sec)
[INFO] Downloading: https://repo.maven.apache.org/maven2/org/apache/apache/2/apache-2.pom
[INFO] Downloaded: https://repo.maven.apache.org/maven2/org/apache/apache/2/apache-2.pom (4 KB at 87.6 KB/sec)
[INFO] Downloading: https://repo.maven.apache.org/maven2/antlr/antlr/2.7.2/antlr-2.7.2.pom
[INFO] Downloaded: https://repo.maven.apache.org/maven2/antlr/antlr/2.7.2/antlr-2.7.2.pom (145 B at 3.7 KB/sec)
[INFO] Downloading: https://repo.maven.apache.org/maven2/org/apache/struts/struts-taglib/1.3.8/struts-taglib-1.3.8.pom
[INFO] Downloaded: https://repo.maven.apache.org/maven2/org/apache/struts/struts-taglib/1.3.8/struts-taglib-1.3.8.pom (4 KB at 68.3 KB/sec)
[INFO] Downloading: https://repo.maven.apache.org/maven2/org/apache/struts/struts-tiles/1.3.8/struts-tiles-1.3.8.pom
[INFO] Downloaded: https://repo.maven.apache.org/maven2/org/apache/struts/struts-tiles/1.3.8/struts-tiles-1.3.8.pom (3 KB at 60.4 KB/sec)
[INFO] Downloading: https://repo.maven.apache.org/maven2/org/apache/velocity/velocity/1.6.2/velocity-1.6.2.pom
[INFO] Downloaded: https://repo.maven.apache.org/maven2/org/apache/velocity/velocity/1.6.2/velocity-1.6.2.pom (11 KB at 259.3 KB/sec)
[INFO] Downloading: https://repo.maven.apache.org/maven2/org/apache/maven/doxia/doxia-integration-tools/1.6/doxia-integration-tools-1.6.pom
[INFO] Downloaded: https://repo.maven.apache.org/maven2/org/apache/maven/doxia/doxia-integration-tools/1.6/doxia-integration-tools-1.6.pom (7 KB at 174.2 KB/sec)
[INFO] Downloading: https://repo.maven.apache.org/maven2/org/apache/maven/doxia/doxia-tools/3/doxia-tools-3.pom
[INFO] Downloaded: https://repo.maven.apache.org/maven2/org/apache/maven/doxia/doxia-tools/3/doxia-tools-3.pom (10 KB at 242.4 KB/sec)
[INFO] Downloading: https://repo.maven.apache.org/maven2/org/apache/maven/doxia/doxia-logging-api/1.6/doxia-logging-api-1.6.pom
[INFO] Downloaded: https://repo.maven.apache.org/maven2/org/apache/maven/doxia/doxia-logging-api/1.6/doxia-logging-api-1.6.pom (2 KB at 38.5 KB/sec)
[INFO] Downloading: https://repo.maven.apache.org/maven2/org/apache/maven/doxia/doxia/1.6/doxia-1.6.pom
[INFO] Downloaded: https://repo.maven.apache.org/maven2/org/apache/maven/doxia/doxia/1.6/doxia-1.6.pom (19 KB at 475.4 KB/sec)
[INFO] Downloading: https://repo.maven.apache.org/maven2/org/apache/maven/doxia/doxia-decoration-model/1.6/doxia-decoration-model-1.6.pom
[INFO] Downloaded: https://repo.maven.apache.org/maven2/org/apache/maven/doxia/doxia-decoration-model/1.6/doxia-decoration-model-1.6.pom (3 KB at 71.3 KB/sec)
[INFO] Downloading: https://repo.maven.apache.org/maven2/org/apache/maven/doxia/doxia-sitetools/1.6/doxia-sitetools-1.6.pom
[INFO] Downloaded: https://repo.maven.apache.org/maven2/org/apache/maven/doxia/doxia-sitetools/1.6/doxia-sitetools-1.6.pom (18 KB at 447.9 KB/sec)
[INFO] Downloading: https://repo.maven.apache.org/maven2/org/codehaus/plexus/plexus-utils/3.0.15/plexus-utils-3.0.15.pom
[INFO] Downloaded: https://repo.maven.apache.org/maven2/org/codehaus/plexus/plexus-utils/3.0.15/plexus-utils-3.0.15.pom (4 KB at 74.9 KB/sec)
[INFO] Downloading: https://repo.maven.apache.org/maven2/org/codehaus/plexus/plexus/3.3.1/plexus-3.3.1.pom
[INFO] Downloaded: https://repo.maven.apache.org/maven2/org/codehaus/plexus/plexus/3.3.1/plexus-3.3.1.pom (20 KB at 512.0 KB/sec)
[INFO] Downloading: https://repo.maven.apache.org/maven2/org/codehaus/plexus/plexus-interpolation/1.14/plexus-interpolation-1.14.pom
[INFO] Downloaded: https://repo.maven.apache.org/maven2/org/codehaus/plexus/plexus-interpolation/1.14/plexus-interpolation-1.14.pom (910 B at 24.7 KB/sec)
[INFO] Downloading: https://repo.maven.apache.org/maven2/org/codehaus/plexus/plexus-components/1.1.18/plexus-components-1.1.18.pom
[INFO] Downloaded: https://repo.maven.apache.org/maven2/org/codehaus/plexus/plexus-components/1.1.18/plexus-components-1.1.18.pom (6 KB at 145.3 KB/sec)
[INFO] Downloading: https://repo.maven.apache.org/maven2/org/codehaus/plexus/plexus-resources/1.0.1/plexus-resources-1.0.1.pom
[INFO] Downloaded: https://repo.maven.apache.org/maven2/org/codehaus/plexus/plexus-resources/1.0.1/plexus-resources-1.0.1.pom (2 KB at 32.2 KB/sec)
[INFO] Downloading: https://repo.maven.apache.org/maven2/org/codehaus/plexus/plexus-components/1.3.1/plexus-components-1.3.1.pom
[INFO] Downloaded: https://repo.maven.apache.org/maven2/org/codehaus/plexus/plexus-components/1.3.1/plexus-components-1.3.1.pom (3 KB at 66.5 KB/sec)
[INFO] Downloading: https://repo.maven.apache.org/maven2/org/codehaus/plexus/plexus-utils/3.0.20/plexus-utils-3.0.20.pom
[INFO] Downloaded: https://repo.maven.apache.org/maven2/org/codehaus/plexus/plexus-utils/3.0.20/plexus-utils-3.0.20.pom (4 KB at 100.6 KB/sec)
[INFO] Downloading: https://repo.maven.apache.org/maven2/org/codehaus/plexus/plexus-interpolation/1.21/plexus-interpolation-1.21.pom
[INFO] Downloaded: https://repo.maven.apache.org/maven2/org/codehaus/plexus/plexus-interpolation/1.21/plexus-interpolation-1.21.pom (2 KB at 41.8 KB/sec)
[INFO] Downloading: https://repo.maven.apache.org/maven2/com/puppycrawl/tools/checkstyle/6.1.1/checkstyle-6.1.1.pom
[INFO] Downloaded: https://repo.maven.apache.org/maven2/com/puppycrawl/tools/checkstyle/6.1.1/checkstyle-6.1.1.pom (30 KB at 761.5 KB/sec)
[INFO] Downloading: https://repo.maven.apache.org/maven2/org/antlr/antlr4-runtime/4.3/antlr4-runtime-4.3.pom
[INFO] Downloaded: https://repo.maven.apache.org/maven2/org/antlr/antlr4-runtime/4.3/antlr4-runtime-4.3.pom (5 KB at 101.7 KB/sec)
[INFO] Downloading: https://repo.maven.apache.org/maven2/org/antlr/antlr4-master/4.3/antlr4-master-4.3.pom
[INFO] Downloaded: https://repo.maven.apache.org/maven2/org/antlr/antlr4-master/4.3/antlr4-master-4.3.pom (8 KB at 203.7 KB/sec)
[INFO] Downloading: https://repo.maven.apache.org/maven2/org/abego/treelayout/org.abego.treelayout.core/1.0.1/org.abego.treelayout.core-1.0.1.pom
[INFO] Downloaded: https://repo.maven.apache.org/maven2/org/abego/treelayout/org.abego.treelayout.core/1.0.1/org.abego.treelayout.core-1.0.1.pom (4 KB at 75.8 KB/sec)
[INFO] Downloading: https://repo.maven.apache.org/maven2/org/antlr/antlr4-annotations/4.3/antlr4-annotations-4.3.pom
[INFO] Downloaded: https://repo.maven.apache.org/maven2/org/antlr/antlr4-annotations/4.3/antlr4-annotations-4.3.pom (2 KB at 32.7 KB/sec)
[INFO] Downloading: https://repo.maven.apache.org/maven2/org/slf4j/slf4j-jdk14/1.5.6/slf4j-jdk14-1.5.6.jar
[INFO] Downloading: https://repo.maven.apache.org/maven2/org/slf4j/slf4j-api/1.5.6/slf4j-api-1.5.6.jar
[INFO] Downloading: https://repo.maven.apache.org/maven2/org/slf4j/jcl-over-slf4j/1.5.6/jcl-over-slf4j-1.5.6.jar
[INFO] Downloading: https://repo.maven.apache.org/maven2/org/sonatype/plexus/plexus-sec-dispatcher/1.3/plexus-sec-dispatcher-1.3.jar
[INFO] Downloading: https://repo.maven.apache.org/maven2/org/sonatype/plexus/plexus-cipher/1.4/plexus-cipher-1.4.jar
[INFO] Downloaded: https://repo.maven.apache.org/maven2/org/slf4j/slf4j-jdk14/1.5.6/slf4j-jdk14-1.5.6.jar (9 KB at 191.3 KB/sec)
[INFO] Downloading: https://repo.maven.apache.org/maven2/org/apache/maven/reporting/maven-reporting-impl/2.3/maven-reporting-impl-2.3.jar
[INFO] Downloaded: https://repo.maven.apache.org/maven2/org/apache/maven/reporting/maven-reporting-impl/2.3/maven-reporting-impl-2.3.jar (18 KB at 237.3 KB/sec)
[INFO] Downloading: https://repo.maven.apache.org/maven2/org/apache/maven/shared/maven-shared-utils/0.6/maven-shared-utils-0.6.jar
[INFO] Downloaded: https://repo.maven.apache.org/maven2/org/sonatype/plexus/plexus-cipher/1.4/plexus-cipher-1.4.jar (14 KB at 155.0 KB/sec)
[INFO] Downloading: https://repo.maven.apache.org/maven2/org/apache/maven/shared/maven-shared-resources/2/maven-shared-resources-2.jar
[INFO] Downloaded: https://repo.maven.apache.org/maven2/org/sonatype/plexus/plexus-sec-dispatcher/1.3/plexus-sec-dispatcher-1.3.jar (28 KB at 293.5 KB/sec)
[INFO] Downloading: https://repo.maven.apache.org/maven2/org/apache/maven/doxia/doxia-sink-api/1.4/doxia-sink-api-1.4.jar
[INFO] Downloaded: https://repo.maven.apache.org/maven2/org/slf4j/slf4j-api/1.5.6/slf4j-api-1.5.6.jar (22 KB at 193.0 KB/sec)
[INFO] Downloading: https://repo.maven.apache.org/maven2/org/apache/maven/doxia/doxia-logging-api/1.4/doxia-logging-api-1.4.jar
[INFO] Downloaded: https://repo.maven.apache.org/maven2/org/slf4j/jcl-over-slf4j/1.5.6/jcl-over-slf4j-1.5.6.jar (17 KB at 122.8 KB/sec)
[INFO] Downloading: https://repo.maven.apache.org/maven2/org/apache/maven/doxia/doxia-decoration-model/1.4/doxia-decoration-model-1.4.jar
[INFO] Downloaded: https://repo.maven.apache.org/maven2/org/apache/maven/shared/maven-shared-resources/2/maven-shared-resources-2.jar (13 KB at 102.8 KB/sec)
[INFO] Downloading: https://repo.maven.apache.org/maven2/org/apache/maven/doxia/doxia-site-renderer/1.4/doxia-site-renderer-1.4.jar
[INFO] Downloaded: https://repo.maven.apache.org/maven2/org/apache/maven/doxia/doxia-sink-api/1.4/doxia-sink-api-1.4.jar (11 KB at 84.2 KB/sec)
[INFO] Downloading: https://repo.maven.apache.org/maven2/org/apache/maven/doxia/doxia-module-xhtml/1.4/doxia-module-xhtml-1.4.jar
[INFO] Downloaded: https://repo.maven.apache.org/maven2/org/apache/maven/doxia/doxia-logging-api/1.4/doxia-logging-api-1.4.jar (12 KB at 80.0 KB/sec)
[INFO] Downloading: https://repo.maven.apache.org/maven2/org/apache/maven/doxia/doxia-module-fml/1.4/doxia-module-fml-1.4.jar
[INFO] Downloaded: https://repo.maven.apache.org/maven2/org/apache/maven/shared/maven-shared-utils/0.6/maven-shared-utils-0.6.jar (161 KB at 1140.2 KB/sec)
[INFO] Downloading: https://repo.maven.apache.org/maven2/org/apache/velocity/velocity-tools/2.0/velocity-tools-2.0.jar
[INFO] Downloaded: https://repo.maven.apache.org/maven2/org/apache/maven/doxia/doxia-module-xhtml/1.4/doxia-module-xhtml-1.4.jar (16 KB at 88.9 KB/sec)
[INFO] Downloading: https://repo.maven.apache.org/maven2/commons-chain/commons-chain/1.1/commons-chain-1.1.jar
[INFO] Downloaded: https://repo.maven.apache.org/maven2/org/apache/maven/doxia/doxia-decoration-model/1.4/doxia-decoration-model-1.4.jar (60 KB at 306.8 KB/sec)
[INFO] Downloading: https://repo.maven.apache.org/maven2/dom4j/dom4j/1.1/dom4j-1.1.jar
[INFO] Downloaded: https://repo.maven.apache.org/maven2/org/apache/maven/doxia/doxia-site-renderer/1.4/doxia-site-renderer-1.4.jar (52 KB at 263.1 KB/sec)
[INFO] Downloading: https://repo.maven.apache.org/maven2/sslext/sslext/1.2-0/sslext-1.2-0.jar
[INFO] Downloaded: https://repo.maven.apache.org/maven2/org/apache/maven/doxia/doxia-module-fml/1.4/doxia-module-fml-1.4.jar (37 KB at 185.6 KB/sec)
[INFO] Downloading: https://repo.maven.apache.org/maven2/org/apache/struts/struts-core/1.3.8/struts-core-1.3.8.jar
[INFO] Downloaded: https://repo.maven.apache.org/maven2/org/apache/velocity/velocity-tools/2.0/velocity-tools-2.0.jar (339 KB at 1504.3 KB/sec)
[INFO] Downloading: https://repo.maven.apache.org/maven2/org/apache/struts/struts-taglib/1.3.8/struts-taglib-1.3.8.jar
[INFO] Downloaded: https://repo.maven.apache.org/maven2/sslext/sslext/1.2-0/sslext-1.2-0.jar (26 KB at 111.3 KB/sec)
[INFO] Downloading: https://repo.maven.apache.org/maven2/org/apache/struts/struts-tiles/1.3.8/struts-tiles-1.3.8.jar
[INFO] Downloaded: https://repo.maven.apache.org/maven2/commons-chain/commons-chain/1.1/commons-chain-1.1.jar (88 KB at 361.7 KB/sec)
[INFO] Downloading: https://repo.maven.apache.org/maven2/org/apache/maven/doxia/doxia-integration-tools/1.6/doxia-integration-tools-1.6.jar
[INFO] Downloaded: https://repo.maven.apache.org/maven2/org/apache/struts/struts-tiles/1.3.8/struts-tiles-1.3.8.jar (117 KB at 397.4 KB/sec)
[INFO] Downloading: https://repo.maven.apache.org/maven2/org/codehaus/plexus/plexus-resources/1.0.1/plexus-resources-1.0.1.jar
[INFO] Downloaded: https://repo.maven.apache.org/maven2/org/apache/struts/struts-taglib/1.3.8/struts-taglib-1.3.8.jar (246 KB at 832.6 KB/sec)
[INFO] Downloading: https://repo.maven.apache.org/maven2/org/codehaus/plexus/plexus-utils/3.0.20/plexus-utils-3.0.20.jar
[INFO] Downloaded: https://repo.maven.apache.org/maven2/org/apache/maven/doxia/doxia-integration-tools/1.6/doxia-integration-tools-1.6.jar (44 KB at 145.3 KB/sec)
[INFO] Downloading: https://repo.maven.apache.org/maven2/org/codehaus/plexus/plexus-interpolation/1.21/plexus-interpolation-1.21.jar
[INFO] Downloaded: https://repo.maven.apache.org/maven2/org/codehaus/plexus/plexus-resources/1.0.1/plexus-resources-1.0.1.jar (22 KB at 64.0 KB/sec)
[INFO] Downloading: https://repo.maven.apache.org/maven2/com/puppycrawl/tools/checkstyle/6.1.1/checkstyle-6.1.1.jar
[INFO] Downloaded: https://repo.maven.apache.org/maven2/dom4j/dom4j/1.1/dom4j-1.1.jar (447 KB at 1312.4 KB/sec)
[INFO] Downloading: https://repo.maven.apache.org/maven2/org/antlr/antlr4-runtime/4.3/antlr4-runtime-4.3.jar
[INFO] Downloaded: https://repo.maven.apache.org/maven2/org/apache/struts/struts-core/1.3.8/struts-core-1.3.8.jar (322 KB at 920.3 KB/sec)
[INFO] Downloading: https://repo.maven.apache.org/maven2/org/abego/treelayout/org.abego.treelayout.core/1.0.1/org.abego.treelayout.core-1.0.1.jar
[INFO] Downloaded: https://repo.maven.apache.org/maven2/org/codehaus/plexus/plexus-interpolation/1.21/plexus-interpolation-1.21.jar (61 KB at 171.3 KB/sec)
[INFO] Downloading: https://repo.maven.apache.org/maven2/org/antlr/antlr4-annotations/4.3/antlr4-annotations-4.3.jar
[INFO] Downloaded: https://repo.maven.apache.org/maven2/org/abego/treelayout/org.abego.treelayout.core/1.0.1/org.abego.treelayout.core-1.0.1.jar (25 KB at 64.9 KB/sec)
[INFO] Downloaded: https://repo.maven.apache.org/maven2/org/antlr/antlr4-annotations/4.3/antlr4-annotations-4.3.jar (10 KB at 25.2 KB/sec)
[INFO] Downloaded: https://repo.maven.apache.org/maven2/org/codehaus/plexus/plexus-utils/3.0.20/plexus-utils-3.0.20.jar (238 KB at 587.7 KB/sec)
[INFO] Downloaded: https://repo.maven.apache.org/maven2/org/antlr/antlr4-runtime/4.3/antlr4-runtime-4.3.jar (337 KB at 827.9 KB/sec)
[INFO] Downloaded: https://repo.maven.apache.org/maven2/com/puppycrawl/tools/checkstyle/6.1.1/checkstyle-6.1.1.jar (991 KB at 2126.2 KB/sec)
[INFO] 
[INFO] --- maven-install-plugin:2.4:install (default-install) @ parent ---
[INFO] Installing /home/travis/build/square/retrofit/pom.xml to /home/travis/.m2/repository/com/squareup/retrofit/parent/2.0.0-SNAPSHOT/parent-2.0.0-SNAPSHOT.pom
[INFO]                                                                         
[INFO] ------------------------------------------------------------------------
[INFO] Building Retrofit 2.0.0-SNAPSHOT
[INFO] ------------------------------------------------------------------------
[INFO] 
[INFO] --- maven-enforcer-plugin:1.0:enforce (enforce-maven) @ retrofit ---
[INFO] 
[INFO] --- maven-resources-plugin:2.6:resources (default-resources) @ retrofit ---
[INFO] Using 'UTF-8' encoding to copy filtered resources.
[INFO] skip non existing resourceDirectory /home/travis/build/square/retrofit/retrofit/src/main/resources
[INFO] 
[INFO] --- maven-compiler-plugin:3.0:compile (default-compile) @ retrofit ---
[INFO] Changes detected - recompiling the module!
[INFO] Compiling 39 source files to /home/travis/build/square/retrofit/retrofit/target/classes
[WARNING] /home/travis/build/square/retrofit/retrofit/src/main/java/retrofit/Call.java: Some input files use unchecked or unsafe operations.
[WARNING] /home/travis/build/square/retrofit/retrofit/src/main/java/retrofit/Call.java: Recompile with -Xlint:unchecked for details.
[INFO] 
[INFO] --- maven-resources-plugin:2.6:testResources (default-testResources) @ retrofit ---
[INFO] Using 'UTF-8' encoding to copy filtered resources.
[INFO] skip non existing resourceDirectory /home/travis/build/square/retrofit/retrofit/src/test/resources
[INFO] 
[INFO] --- maven-compiler-plugin:3.0:testCompile (default-testCompile) @ retrofit ---
[INFO] Changes detected - recompiling the module!
[INFO] Compiling 8 source files to /home/travis/build/square/retrofit/retrofit/target/test-classes
[INFO] -------------------------------------------------------------
[ERROR] COMPILATION ERROR : 
[INFO] -------------------------------------------------------------
[ERROR] /home/travis/build/square/retrofit/retrofit/src/test/java/retrofit/MethodInfoTest.java:[16,10] package rx does not exist
[ERROR] /home/travis/build/square/retrofit/retrofit/src/test/java/retrofit/ErrorHandlerTest.java:[13,10] package rx does not exist
[ERROR] /home/travis/build/square/retrofit/retrofit/src/test/java/retrofit/ErrorHandlerTest.java:[14,10] package rx does not exist
[ERROR] /home/travis/build/square/retrofit/retrofit/src/test/java/retrofit/ErrorHandlerTest.java:[35,5] cannot find symbol
  symbol:   class Observable
  location: interface retrofit.ErrorHandlerTest.ExampleClient
[ERROR] /home/travis/build/square/retrofit/retrofit/src/test/java/retrofit/MethodInfoTest.java:[60,29] constructor MethodInfo in class retrofit.MethodInfo cannot be applied to given types;
  required: java.lang.reflect.Method,java.util.List<retrofit.CallAdapter>
  found: java.lang.reflect.Method
  reason: actual and formal argument lists differ in length
[ERROR] /home/travis/build/square/retrofit/retrofit/src/test/java/retrofit/MethodInfoTest.java:[72,29] constructor MethodInfo in class retrofit.MethodInfo cannot be applied to given types;
  required: java.lang.reflect.Method,java.util.List<retrofit.CallAdapter>
  found: java.lang.reflect.Method
  reason: actual and formal argument lists differ in length
[ERROR] /home/travis/build/square/retrofit/retrofit/src/test/java/retrofit/MethodInfoTest.java:[85,29] constructor MethodInfo in class retrofit.MethodInfo cannot be applied to given types;
  required: java.lang.reflect.Method,java.util.List<retrofit.CallAdapter>
  found: java.lang.reflect.Method
  reason: actual and formal argument lists differ in length
[ERROR] /home/travis/build/square/retrofit/retrofit/src/test/java/retrofit/MethodInfoTest.java:[97,29] constructor MethodInfo in class retrofit.MethodInfo cannot be applied to given types;
  required: java.lang.reflect.Method,java.util.List<retrofit.CallAdapter>
  found: java.lang.reflect.Method
  reason: actual and formal argument lists differ in length
[ERROR] /home/travis/build/square/retrofit/retrofit/src/test/java/retrofit/MethodInfoTest.java:[108,29] constructor MethodInfo in class retrofit.MethodInfo cannot be applied to given types;
  required: java.lang.reflect.Method,java.util.List<retrofit.CallAdapter>
  found: java.lang.reflect.Method
  reason: actual and formal argument lists differ in length
[ERROR] /home/travis/build/square/retrofit/retrofit/src/test/java/retrofit/MethodInfoTest.java:[119,29] constructor MethodInfo in class retrofit.MethodInfo cannot be applied to given types;
  required: java.lang.reflect.Method,java.util.List<retrofit.CallAdapter>
  found: java.lang.reflect.Method
  reason: actual and formal argument lists differ in length
[ERROR] /home/travis/build/square/retrofit/retrofit/src/test/java/retrofit/MethodInfoTest.java:[130,29] constructor MethodInfo in class retrofit.MethodInfo cannot be applied to given types;
  required: java.lang.reflect.Method,java.util.List<retrofit.CallAdapter>
  found: java.lang.reflect.Method
  reason: actual and formal argument lists differ in length
[ERROR] /home/travis/build/square/retrofit/retrofit/src/test/java/retrofit/MethodInfoTest.java:[147,29] constructor MethodInfo in class retrofit.MethodInfo cannot be applied to given types;
  required: java.lang.reflect.Method,java.util.List<retrofit.CallAdapter>
  found: java.lang.reflect.Method
  reason: actual and formal argument lists differ in length
[ERROR] /home/travis/build/square/retrofit/retrofit/src/test/java/retrofit/MethodInfoTest.java:[160,29] constructor MethodInfo in class retrofit.MethodInfo cannot be applied to given types;
  required: java.lang.reflect.Method,java.util.List<retrofit.CallAdapter>
  found: java.lang.reflect.Method
  reason: actual and formal argument lists differ in length
[ERROR] /home/travis/build/square/retrofit/retrofit/src/test/java/retrofit/MethodInfoTest.java:[172,29] constructor MethodInfo in class retrofit.MethodInfo cannot be applied to given types;
  required: java.lang.reflect.Method,java.util.List<retrofit.CallAdapter>
  found: java.lang.reflect.Method
  reason: actual and formal argument lists differ in length
[ERROR] /home/travis/build/square/retrofit/retrofit/src/test/java/retrofit/MethodInfoTest.java:[186,29] constructor MethodInfo in class retrofit.MethodInfo cannot be applied to given types;
  required: java.lang.reflect.Method,java.util.List<retrofit.CallAdapter>
  found: java.lang.reflect.Method
  reason: actual and formal argument lists differ in length
[ERROR] /home/travis/build/square/retrofit/retrofit/src/test/java/retrofit/MethodInfoTest.java:[192,20] cannot find symbol
  symbol:   class Observable
  location: class Example
[ERROR] /home/travis/build/square/retrofit/retrofit/src/test/java/retrofit/MethodInfoTest.java:[198,29] constructor MethodInfo in class retrofit.MethodInfo cannot be applied to given types;
  required: java.lang.reflect.Method,java.util.List<retrofit.CallAdapter>
  found: java.lang.reflect.Method
  reason: actual and formal argument lists differ in length
[ERROR] /home/travis/build/square/retrofit/retrofit/src/test/java/retrofit/MethodInfoTest.java:[204,20] cannot find symbol
  symbol:   class Observable
  location: class Example
[ERROR] /home/travis/build/square/retrofit/retrofit/src/test/java/retrofit/MethodInfoTest.java:[210,29] constructor MethodInfo in class retrofit.MethodInfo cannot be applied to given types;
  required: java.lang.reflect.Method,java.util.List<retrofit.CallAdapter>
  found: java.lang.reflect.Method
  reason: actual and formal argument lists differ in length
[ERROR] /home/travis/build/square/retrofit/retrofit/src/test/java/retrofit/RequestBuilderTest.java:[1548,53] constructor CallCallAdapter in class retrofit.CallCallAdapter cannot be applied to given types;
  required: java.util.concurrent.Executor
  found: no arguments
  reason: actual and formal argument lists differ in length
[ERROR] /home/travis/build/square/retrofit/retrofit/src/test/java/retrofit/RequestBuilderTest.java:[1548,22] cannot find symbol
  symbol:   class ExecutionAdapter
  location: class retrofit.RequestBuilderTest
[ERROR] /home/travis/build/square/retrofit/retrofit/src/test/java/retrofit/ErrorHandlerTest.java:[70,60] cannot find symbol
  symbol:   class RetrofitError
  location: class retrofit.ErrorHandlerTest
[ERROR] /home/travis/build/square/retrofit/retrofit/src/test/java/retrofit/ErrorHandlerTest.java:[82,60] cannot find symbol
  symbol:   class RetrofitError
  location: class retrofit.ErrorHandlerTest
[ERROR] /home/travis/build/square/retrofit/retrofit/src/test/java/retrofit/ErrorHandlerTest.java:[90,37] cannot find symbol
  symbol: class RetrofitError
[ERROR] /home/travis/build/square/retrofit/retrofit/src/test/java/retrofit/ErrorHandlerTest.java:[84,68] <anonymous retrofit.ErrorHandlerTest$2> is not abstract and does not override abstract method success(retrofit.Response<com.squareup.okhttp.Response>) in retrofit.Callback
[ERROR] /home/travis/build/square/retrofit/retrofit/src/test/java/retrofit/ErrorHandlerTest.java:[86,7] method does not override or implement a method from a supertype
[ERROR] /home/travis/build/square/retrofit/retrofit/src/test/java/retrofit/ErrorHandlerTest.java:[98,60] cannot find symbol
  symbol:   class RetrofitError
  location: class retrofit.ErrorHandlerTest
[ERROR] /home/travis/build/square/retrofit/retrofit/src/test/java/retrofit/ErrorHandlerTest.java:[101,52] cannot find symbol
  symbol:   class Observer
  location: class retrofit.ErrorHandlerTest
[ERROR] /home/travis/build/square/retrofit/retrofit/src/test/java/retrofit/ErrorHandlerTest.java:[119,55] cannot find symbol
  symbol:   class RetrofitError
  location: class retrofit.ErrorHandlerTest
[ERROR] /home/travis/build/square/retrofit/retrofit/src/test/java/retrofit/RestAdapterTest.java:[92,14] cannot find symbol
  symbol:   class RetrofitError
  location: class retrofit.RestAdapterTest
[ERROR] /home/travis/build/square/retrofit/retrofit/src/test/java/retrofit/RestAdapterTest.java:[117,14] cannot find symbol
  symbol:   class RetrofitError
  location: class retrofit.RestAdapterTest
[ERROR] /home/travis/build/square/retrofit/retrofit/src/test/java/retrofit/RestAdapterTest.java:[136,14] cannot find symbol
  symbol:   class RetrofitError
  location: class retrofit.RestAdapterTest
[ERROR] /home/travis/build/square/retrofit/retrofit/src/test/java/retrofit/RestAdapterTest.java:[137,54] package RetrofitError does not exist
[ERROR] /home/travis/build/square/retrofit/retrofit/src/test/java/retrofit/RestAdapterTest.java:[150,14] cannot find symbol
  symbol:   class RetrofitError
  location: class retrofit.RestAdapterTest
[ERROR] /home/travis/build/square/retrofit/retrofit/src/test/java/retrofit/RestAdapterTest.java:[151,54] package RetrofitError does not exist
[ERROR] /home/travis/build/square/retrofit/retrofit/src/test/java/retrofit/RestAdapterTest.java:[163,14] cannot find symbol
  symbol:   class RetrofitError
  location: class retrofit.RestAdapterTest
[ERROR] /home/travis/build/square/retrofit/retrofit/src/test/java/retrofit/RestAdapterTest.java:[164,54] package RetrofitError does not exist
[ERROR] /home/travis/build/square/retrofit/retrofit/src/test/java/retrofit/RestAdapterTest.java:[194,37] cannot find symbol
  symbol: class RetrofitError
[ERROR] /home/travis/build/square/retrofit/retrofit/src/test/java/retrofit/RestAdapterTest.java:[188,45] <anonymous retrofit.RestAdapterTest$1> is not abstract and does not override abstract method success(retrofit.Response<com.squareup.okhttp.Response>) in retrofit.Callback
[ERROR] /home/travis/build/square/retrofit/retrofit/src/test/java/retrofit/RestAdapterTest.java:[189,7] method does not override or implement a method from a supertype
[ERROR] /home/travis/build/square/retrofit/retrofit/src/test/java/retrofit/RestAdapterTest.java:[214,37] cannot find symbol
  symbol: class RetrofitError
[ERROR] /home/travis/build/square/retrofit/retrofit/src/test/java/retrofit/RestAdapterTest.java:[208,46] <anonymous retrofit.RestAdapterTest$2> is not abstract and does not override abstract method success(retrofit.Response<java.lang.String>) in retrofit.Callback
[ERROR] /home/travis/build/square/retrofit/retrofit/src/test/java/retrofit/RestAdapterTest.java:[209,7] method does not override or implement a method from a supertype
[ERROR] /home/travis/build/square/retrofit/retrofit/src/test/java/retrofit/RestAdapterTest.java:[226,27] cannot find symbol
  symbol:   class RetrofitError
  location: class retrofit.RestAdapterTest
[ERROR] /home/travis/build/square/retrofit/retrofit/src/test/java/retrofit/RestAdapterTest.java:[226,73] cannot find symbol
  symbol:   class RetrofitError
  location: class retrofit.RestAdapterTest
[ERROR] /home/travis/build/square/retrofit/retrofit/src/test/java/retrofit/RestAdapterTest.java:[233,37] cannot find symbol
  symbol: class RetrofitError
[ERROR] /home/travis/build/square/retrofit/retrofit/src/test/java/retrofit/RestAdapterTest.java:[228,46] <anonymous retrofit.RestAdapterTest$3> is not abstract and does not override abstract method success(retrofit.Response<java.lang.String>) in retrofit.Callback
[ERROR] /home/travis/build/square/retrofit/retrofit/src/test/java/retrofit/RestAdapterTest.java:[229,7] method does not override or implement a method from a supertype
[ERROR] /home/travis/build/square/retrofit/retrofit/src/test/java/retrofit/RestAdapterTest.java:[240,5] cannot find symbol
  symbol:   class RetrofitError
  location: class retrofit.RestAdapterTest
[INFO] 49 errors 
[INFO] -------------------------------------------------------------
[INFO] ------------------------------------------------------------------------
[INFO] Reactor Summary:
[INFO] 
[INFO] Retrofit (Parent) .................................. SUCCESS [  6.006 s]
[INFO] Retrofit ........................................... FAILURE [  3.085 s]
[INFO] Adapters ........................................... SKIPPED
[INFO] Adapter: RxJava .................................... SKIPPED
[INFO] Converters ......................................... SKIPPED
[INFO] Converter: Protocol Buffers ........................ SKIPPED
[INFO] Converter: Jackson ................................. SKIPPED
[INFO] Converter: Wire Protocol Buffers ................... SKIPPED
[INFO] Converter: SimpleXML ............................... SKIPPED
[INFO] Retrofit Mock Adapter .............................. SKIPPED
[INFO] Samples ............................................ SKIPPED
[INFO] Sample: GitHub Client .............................. SKIPPED
[INFO] Sample: Mock GitHub Client ......................... SKIPPED
[INFO] ------------------------------------------------------------------------
[INFO] BUILD FAILURE
[INFO] ------------------------------------------------------------------------
[INFO] Total time: 9.529 s
[INFO] Finished at: 2015-05-19T04:27:30+00:00
[INFO] Final Memory: 26M/465M
[INFO] ------------------------------------------------------------------------
[ERROR] Failed to execute goal org.apache.maven.plugins:maven-compiler-plugin:3.0:testCompile (default-testCompile) on project retrofit: Compilation failure: Compilation failure:
[ERROR] /home/travis/build/square/retrofit/retrofit/src/test/java/retrofit/MethodInfoTest.java:[16,10] package rx does not exist
[ERROR] /home/travis/build/square/retrofit/retrofit/src/test/java/retrofit/ErrorHandlerTest.java:[13,10] package rx does not exist
[ERROR] /home/travis/build/square/retrofit/retrofit/src/test/java/retrofit/ErrorHandlerTest.java:[14,10] package rx does not exist
[ERROR] /home/travis/build/square/retrofit/retrofit/src/test/java/retrofit/ErrorHandlerTest.java:[35,5] cannot find symbol
[ERROR] symbol:   class Observable
[ERROR] location: interface retrofit.ErrorHandlerTest.ExampleClient
[ERROR] /home/travis/build/square/retrofit/retrofit/src/test/java/retrofit/MethodInfoTest.java:[60,29] constructor MethodInfo in class retrofit.MethodInfo cannot be applied to given types;
[ERROR] required: java.lang.reflect.Method,java.util.List<retrofit.CallAdapter>
[ERROR] found: java.lang.reflect.Method
[ERROR] reason: actual and formal argument lists differ in length
[ERROR] /home/travis/build/square/retrofit/retrofit/src/test/java/retrofit/MethodInfoTest.java:[72,29] constructor MethodInfo in class retrofit.MethodInfo cannot be applied to given types;
[ERROR] required: java.lang.reflect.Method,java.util.List<retrofit.CallAdapter>
[ERROR] found: java.lang.reflect.Method
[ERROR] reason: actual and formal argument lists differ in length
[ERROR] /home/travis/build/square/retrofit/retrofit/src/test/java/retrofit/MethodInfoTest.java:[85,29] constructor MethodInfo in class retrofit.MethodInfo cannot be applied to given types;
[ERROR] required: java.lang.reflect.Method,java.util.List<retrofit.CallAdapter>
[ERROR] found: java.lang.reflect.Method
[ERROR] reason: actual and formal argument lists differ in length
[ERROR] /home/travis/build/square/retrofit/retrofit/src/test/java/retrofit/MethodInfoTest.java:[97,29] constructor MethodInfo in class retrofit.MethodInfo cannot be applied to given types;
[ERROR] required: java.lang.reflect.Method,java.util.List<retrofit.CallAdapter>
[ERROR] found: java.lang.reflect.Method
[ERROR] reason: actual and formal argument lists differ in length
[ERROR] /home/travis/build/square/retrofit/retrofit/src/test/java/retrofit/MethodInfoTest.java:[108,29] constructor MethodInfo in class retrofit.MethodInfo cannot be applied to given types;
[ERROR] required: java.lang.reflect.Method,java.util.List<retrofit.CallAdapter>
[ERROR] found: java.lang.reflect.Method
[ERROR] reason: actual and formal argument lists differ in length
[ERROR] /home/travis/build/square/retrofit/retrofit/src/test/java/retrofit/MethodInfoTest.java:[119,29] constructor MethodInfo in class retrofit.MethodInfo cannot be applied to given types;
[ERROR] required: java.lang.reflect.Method,java.util.List<retrofit.CallAdapter>
[ERROR] found: java.lang.reflect.Method
[ERROR] reason: actual and formal argument lists differ in length
[ERROR] /home/travis/build/square/retrofit/retrofit/src/test/java/retrofit/MethodInfoTest.java:[130,29] constructor MethodInfo in class retrofit.MethodInfo cannot be applied to given types;
[ERROR] required: java.lang.reflect.Method,java.util.List<retrofit.CallAdapter>
[ERROR] found: java.lang.reflect.Method
[ERROR] reason: actual and formal argument lists differ in length
[ERROR] /home/travis/build/square/retrofit/retrofit/src/test/java/retrofit/MethodInfoTest.java:[147,29] constructor MethodInfo in class retrofit.MethodInfo cannot be applied to given types;
[ERROR] required: java.lang.reflect.Method,java.util.List<retrofit.CallAdapter>
[ERROR] found: java.lang.reflect.Method
[ERROR] reason: actual and formal argument lists differ in length
[ERROR] /home/travis/build/square/retrofit/retrofit/src/test/java/retrofit/MethodInfoTest.java:[160,29] constructor MethodInfo in class retrofit.MethodInfo cannot be applied to given types;
[ERROR] required: java.lang.reflect.Method,java.util.List<retrofit.CallAdapter>
[ERROR] found: java.lang.reflect.Method
[ERROR] reason: actual and formal argument lists differ in length
[ERROR] /home/travis/build/square/retrofit/retrofit/src/test/java/retrofit/MethodInfoTest.java:[172,29] constructor MethodInfo in class retrofit.MethodInfo cannot be applied to given types;
[ERROR] required: java.lang.reflect.Method,java.util.List<retrofit.CallAdapter>
[ERROR] found: java.lang.reflect.Method
[ERROR] reason: actual and formal argument lists differ in length
[ERROR] /home/travis/build/square/retrofit/retrofit/src/test/java/retrofit/MethodInfoTest.java:[186,29] constructor MethodInfo in class retrofit.MethodInfo cannot be applied to given types;
[ERROR] required: java.lang.reflect.Method,java.util.List<retrofit.CallAdapter>
[ERROR] found: java.lang.reflect.Method
[ERROR] reason: actual and formal argument lists differ in length
[ERROR] /home/travis/build/square/retrofit/retrofit/src/test/java/retrofit/MethodInfoTest.java:[192,20] cannot find symbol
[ERROR] symbol:   class Observable
[ERROR] location: class Example
[ERROR] /home/travis/build/square/retrofit/retrofit/src/test/java/retrofit/MethodInfoTest.java:[198,29] constructor MethodInfo in class retrofit.MethodInfo cannot be applied to given types;
[ERROR] required: java.lang.reflect.Method,java.util.List<retrofit.CallAdapter>
[ERROR] found: java.lang.reflect.Method
[ERROR] reason: actual and formal argument lists differ in length
[ERROR] /home/travis/build/square/retrofit/retrofit/src/test/java/retrofit/MethodInfoTest.java:[204,20] cannot find symbol
[ERROR] symbol:   class Observable
[ERROR] location: class Example
[ERROR] /home/travis/build/square/retrofit/retrofit/src/test/java/retrofit/MethodInfoTest.java:[210,29] constructor MethodInfo in class retrofit.MethodInfo cannot be applied to given types;
[ERROR] required: java.lang.reflect.Method,java.util.List<retrofit.CallAdapter>
[ERROR] found: java.lang.reflect.Method
[ERROR] reason: actual and formal argument lists differ in length
[ERROR] /home/travis/build/square/retrofit/retrofit/src/test/java/retrofit/RequestBuilderTest.java:[1548,53] constructor CallCallAdapter in class retrofit.CallCallAdapter cannot be applied to given types;
[ERROR] required: java.util.concurrent.Executor
[ERROR] found: no arguments
[ERROR] reason: actual and formal argument lists differ in length
[ERROR] /home/travis/build/square/retrofit/retrofit/src/test/java/retrofit/RequestBuilderTest.java:[1548,22] cannot find symbol
[ERROR] symbol:   class ExecutionAdapter
[ERROR] location: class retrofit.RequestBuilderTest
[ERROR] /home/travis/build/square/retrofit/retrofit/src/test/java/retrofit/ErrorHandlerTest.java:[70,60] cannot find symbol
[ERROR] symbol:   class RetrofitError
[ERROR] location: class retrofit.ErrorHandlerTest
[ERROR] /home/travis/build/square/retrofit/retrofit/src/test/java/retrofit/ErrorHandlerTest.java:[82,60] cannot find symbol
[ERROR] symbol:   class RetrofitError
[ERROR] location: class retrofit.ErrorHandlerTest
[ERROR] /home/travis/build/square/retrofit/retrofit/src/test/java/retrofit/ErrorHandlerTest.java:[90,37] cannot find symbol
[ERROR] symbol: class RetrofitError
[ERROR] /home/travis/build/square/retrofit/retrofit/src/test/java/retrofit/ErrorHandlerTest.java:[84,68] <anonymous retrofit.ErrorHandlerTest$2> is not abstract and does not override abstract method success(retrofit.Response<com.squareup.okhttp.Response>) in retrofit.Callback
[ERROR] /home/travis/build/square/retrofit/retrofit/src/test/java/retrofit/ErrorHandlerTest.java:[86,7] method does not override or implement a method from a supertype
[ERROR] /home/travis/build/square/retrofit/retrofit/src/test/java/retrofit/ErrorHandlerTest.java:[98,60] cannot find symbol
[ERROR] symbol:   class RetrofitError
[ERROR] location: class retrofit.ErrorHandlerTest
[ERROR] /home/travis/build/square/retrofit/retrofit/src/test/java/retrofit/ErrorHandlerTest.java:[101,52] cannot find symbol
[ERROR] symbol:   class Observer
[ERROR] location: class retrofit.ErrorHandlerTest
[ERROR] /home/travis/build/square/retrofit/retrofit/src/test/java/retrofit/ErrorHandlerTest.java:[119,55] cannot find symbol
[ERROR] symbol:   class RetrofitError
[ERROR] location: class retrofit.ErrorHandlerTest
[ERROR] /home/travis/build/square/retrofit/retrofit/src/test/java/retrofit/RestAdapterTest.java:[92,14] cannot find symbol
[ERROR] symbol:   class RetrofitError
[ERROR] location: class retrofit.RestAdapterTest
[ERROR] /home/travis/build/square/retrofit/retrofit/src/test/java/retrofit/RestAdapterTest.java:[117,14] cannot find symbol
[ERROR] symbol:   class RetrofitError
[ERROR] location: class retrofit.RestAdapterTest
[ERROR] /home/travis/build/square/retrofit/retrofit/src/test/java/retrofit/RestAdapterTest.java:[136,14] cannot find symbol
[ERROR] symbol:   class RetrofitError
[ERROR] location: class retrofit.RestAdapterTest
[ERROR] /home/travis/build/square/retrofit/retrofit/src/test/java/retrofit/RestAdapterTest.java:[137,54] package RetrofitError does not exist
[ERROR] /home/travis/build/square/retrofit/retrofit/src/test/java/retrofit/RestAdapterTest.java:[150,14] cannot find symbol
[ERROR] symbol:   class RetrofitError
[ERROR] location: class retrofit.RestAdapterTest
[ERROR] /home/travis/build/square/retrofit/retrofit/src/test/java/retrofit/RestAdapterTest.java:[151,54] package RetrofitError does not exist
[ERROR] /home/travis/build/square/retrofit/retrofit/src/test/java/retrofit/RestAdapterTest.java:[163,14] cannot find symbol
[ERROR] symbol:   class RetrofitError
[ERROR] location: class retrofit.RestAdapterTest
[ERROR] /home/travis/build/square/retrofit/retrofit/src/test/java/retrofit/RestAdapterTest.java:[164,54] package RetrofitError does not exist
[ERROR] /home/travis/build/square/retrofit/retrofit/src/test/java/retrofit/RestAdapterTest.java:[194,37] cannot find symbol
[ERROR] symbol: class RetrofitError
[ERROR] /home/travis/build/square/retrofit/retrofit/src/test/java/retrofit/RestAdapterTest.java:[188,45] <anonymous retrofit.RestAdapterTest$1> is not abstract and does not override abstract method success(retrofit.Response<com.squareup.okhttp.Response>) in retrofit.Callback
[ERROR] /home/travis/build/square/retrofit/retrofit/src/test/java/retrofit/RestAdapterTest.java:[189,7] method does not override or implement a method from a supertype
[ERROR] /home/travis/build/square/retrofit/retrofit/src/test/java/retrofit/RestAdapterTest.java:[214,37] cannot find symbol
[ERROR] symbol: class RetrofitError
[ERROR] /home/travis/build/square/retrofit/retrofit/src/test/java/retrofit/RestAdapterTest.java:[208,46] <anonymous retrofit.RestAdapterTest$2> is not abstract and does not override abstract method success(retrofit.Response<java.lang.String>) in retrofit.Callback
[ERROR] /home/travis/build/square/retrofit/retrofit/src/test/java/retrofit/RestAdapterTest.java:[209,7] method does not override or implement a method from a supertype
[ERROR] /home/travis/build/square/retrofit/retrofit/src/test/java/retrofit/RestAdapterTest.java:[226,27] cannot find symbol
[ERROR] symbol:   class RetrofitError
[ERROR] location: class retrofit.RestAdapterTest
[ERROR] /home/travis/build/square/retrofit/retrofit/src/test/java/retrofit/RestAdapterTest.java:[226,73] cannot find symbol
[ERROR] symbol:   class RetrofitError
[ERROR] location: class retrofit.RestAdapterTest
[ERROR] /home/travis/build/square/retrofit/retrofit/src/test/java/retrofit/RestAdapterTest.java:[233,37] cannot find symbol
[ERROR] symbol: class RetrofitError
[ERROR] /home/travis/build/square/retrofit/retrofit/src/test/java/retrofit/RestAdapterTest.java:[228,46] <anonymous retrofit.RestAdapterTest$3> is not abstract and does not override abstract method success(retrofit.Response<java.lang.String>) in retrofit.Callback
[ERROR] /home/travis/build/square/retrofit/retrofit/src/test/java/retrofit/RestAdapterTest.java:[229,7] method does not override or implement a method from a supertype
[ERROR] /home/travis/build/square/retrofit/retrofit/src/test/java/retrofit/RestAdapterTest.java:[240,5] cannot find symbol
[ERROR] symbol:   class RetrofitError
[ERROR] location: class retrofit.RestAdapterTest
[ERROR] -> [Help 1]
[ERROR] 
[ERROR] To see the full stack trace of the errors, re-run Maven with the -e switch.
[ERROR] Re-run Maven using the -X switch to enable full debug logging.
[ERROR] 
[ERROR] For more information about the errors and possible solutions, please read the following articles:
[ERROR] [Help 1] http://cwiki.apache.org/confluence/display/MAVEN/MojoFailureException
[ERROR] 
[ERROR] After correcting the problems, you can resume the build with the command
[ERROR]   mvn <goals> -rf :retrofit

[31;1mThe command "eval mvn install -DskipTests=true -Dmaven.javadoc.skip=true -B -V" failed. Retrying, 2 of 3.[0m

Apache Maven 3.2.5 (12a6b3acb947671f09b81f49094c53f426d8cea1; 2014-12-14T17:29:23+00:00)
Maven home: /usr/local/maven
Java version: 1.7.0_76, vendor: Oracle Corporation
Java home: /usr/lib/jvm/java-7-oracle/jre
Default locale: en_US, platform encoding: UTF-8
OS name: "linux", version: "3.13.0-40-generic", arch: "amd64", family: "unix"
[INFO] Scanning for projects...
[INFO] ------------------------------------------------------------------------
[INFO] Reactor Build Order:
[INFO] 
[INFO] Retrofit (Parent)
[INFO] Retrofit
[INFO] Adapters
[INFO] Adapter: RxJava
[INFO] Converters
[INFO] Converter: Protocol Buffers
[INFO] Converter: Jackson
[INFO] Converter: Wire Protocol Buffers
[INFO] Converter: SimpleXML
[INFO] Retrofit Mock Adapter
[INFO] Samples
[INFO] Sample: GitHub Client
[INFO] Sample: Mock GitHub Client
[INFO]                                                                         
[INFO] ------------------------------------------------------------------------
[INFO] Building Retrofit (Parent) 2.0.0-SNAPSHOT
[INFO] ------------------------------------------------------------------------
[INFO] 
[INFO] --- maven-enforcer-plugin:1.0:enforce (enforce-maven) @ parent ---
[INFO] 
[INFO] --- maven-checkstyle-plugin:2.15:checkstyle (default) @ parent ---
[INFO] 
[INFO] --- maven-install-plugin:2.4:install (default-install) @ parent ---
[INFO] Installing /home/travis/build/square/retrofit/pom.xml to /home/travis/.m2/repository/com/squareup/retrofit/parent/2.0.0-SNAPSHOT/parent-2.0.0-SNAPSHOT.pom
[INFO]                                                                         
[INFO] ------------------------------------------------------------------------
[INFO] Building Retrofit 2.0.0-SNAPSHOT
[INFO] ------------------------------------------------------------------------
[INFO] 
[INFO] --- maven-enforcer-plugin:1.0:enforce (enforce-maven) @ retrofit ---
[INFO] 
[INFO] --- maven-resources-plugin:2.6:resources (default-resources) @ retrofit ---
[INFO] Using 'UTF-8' encoding to copy filtered resources.
[INFO] skip non existing resourceDirectory /home/travis/build/square/retrofit/retrofit/src/main/resources
[INFO] 
[INFO] --- maven-compiler-plugin:3.0:compile (default-compile) @ retrofit ---
[INFO] Changes detected - recompiling the module!
[INFO] Compiling 39 source files to /home/travis/build/square/retrofit/retrofit/target/classes
[WARNING] /home/travis/build/square/retrofit/retrofit/src/main/java/retrofit/Call.java: Some input files use unchecked or unsafe operations.
[WARNING] /home/travis/build/square/retrofit/retrofit/src/main/java/retrofit/Call.java: Recompile with -Xlint:unchecked for details.
[INFO] 
[INFO] --- maven-resources-plugin:2.6:testResources (default-testResources) @ retrofit ---
[INFO] Using 'UTF-8' encoding to copy filtered resources.
[INFO] skip non existing resourceDirectory /home/travis/build/square/retrofit/retrofit/src/test/resources
[INFO] 
[INFO] --- maven-compiler-plugin:3.0:testCompile (default-testCompile) @ retrofit ---
[INFO] Changes detected - recompiling the module!
[INFO] Compiling 8 source files to /home/travis/build/square/retrofit/retrofit/target/test-classes
[INFO] -------------------------------------------------------------
[ERROR] COMPILATION ERROR : 
[INFO] -------------------------------------------------------------
[ERROR] /home/travis/build/square/retrofit/retrofit/src/test/java/retrofit/MethodInfoTest.java:[16,10] package rx does not exist
[ERROR] /home/travis/build/square/retrofit/retrofit/src/test/java/retrofit/ErrorHandlerTest.java:[13,10] package rx does not exist
[ERROR] /home/travis/build/square/retrofit/retrofit/src/test/java/retrofit/ErrorHandlerTest.java:[14,10] package rx does not exist
[ERROR] /home/travis/build/square/retrofit/retrofit/src/test/java/retrofit/ErrorHandlerTest.java:[35,5] cannot find symbol
  symbol:   class Observable
  location: interface retrofit.ErrorHandlerTest.ExampleClient
[ERROR] /home/travis/build/square/retrofit/retrofit/src/test/java/retrofit/MethodInfoTest.java:[60,29] constructor MethodInfo in class retrofit.MethodInfo cannot be applied to given types;
  required: java.lang.reflect.Method,java.util.List<retrofit.CallAdapter>
  found: java.lang.reflect.Method
  reason: actual and formal argument lists differ in length
[ERROR] /home/travis/build/square/retrofit/retrofit/src/test/java/retrofit/MethodInfoTest.java:[72,29] constructor MethodInfo in class retrofit.MethodInfo cannot be applied to given types;
  required: java.lang.reflect.Method,java.util.List<retrofit.CallAdapter>
  found: java.lang.reflect.Method
  reason: actual and formal argument lists differ in length
[ERROR] /home/travis/build/square/retrofit/retrofit/src/test/java/retrofit/MethodInfoTest.java:[85,29] constructor MethodInfo in class retrofit.MethodInfo cannot be applied to given types;
  required: java.lang.reflect.Method,java.util.List<retrofit.CallAdapter>
  found: java.lang.reflect.Method
  reason: actual and formal argument lists differ in length
[ERROR] /home/travis/build/square/retrofit/retrofit/src/test/java/retrofit/MethodInfoTest.java:[97,29] constructor MethodInfo in class retrofit.MethodInfo cannot be applied to given types;
  required: java.lang.reflect.Method,java.util.List<retrofit.CallAdapter>
  found: java.lang.reflect.Method
  reason: actual and formal argument lists differ in length
[ERROR] /home/travis/build/square/retrofit/retrofit/src/test/java/retrofit/MethodInfoTest.java:[108,29] constructor MethodInfo in class retrofit.MethodInfo cannot be applied to given types;
  required: java.lang.reflect.Method,java.util.List<retrofit.CallAdapter>
  found: java.lang.reflect.Method
  reason: actual and formal argument lists differ in length
[ERROR] /home/travis/build/square/retrofit/retrofit/src/test/java/retrofit/MethodInfoTest.java:[119,29] constructor MethodInfo in class retrofit.MethodInfo cannot be applied to given types;
  required: java.lang.reflect.Method,java.util.List<retrofit.CallAdapter>
  found: java.lang.reflect.Method
  reason: actual and formal argument lists differ in length
[ERROR] /home/travis/build/square/retrofit/retrofit/src/test/java/retrofit/MethodInfoTest.java:[130,29] constructor MethodInfo in class retrofit.MethodInfo cannot be applied to given types;
  required: java.lang.reflect.Method,java.util.List<retrofit.CallAdapter>
  found: java.lang.reflect.Method
  reason: actual and formal argument lists differ in length
[ERROR] /home/travis/build/square/retrofit/retrofit/src/test/java/retrofit/MethodInfoTest.java:[147,29] constructor MethodInfo in class retrofit.MethodInfo cannot be applied to given types;
  required: java.lang.reflect.Method,java.util.List<retrofit.CallAdapter>
  found: java.lang.reflect.Method
  reason: actual and formal argument lists differ in length
[ERROR] /home/travis/build/square/retrofit/retrofit/src/test/java/retrofit/MethodInfoTest.java:[160,29] constructor MethodInfo in class retrofit.MethodInfo cannot be applied to given types;
  required: java.lang.reflect.Method,java.util.List<retrofit.CallAdapter>
  found: java.lang.reflect.Method
  reason: actual and formal argument lists differ in length
[ERROR] /home/travis/build/square/retrofit/retrofit/src/test/java/retrofit/MethodInfoTest.java:[172,29] constructor MethodInfo in class retrofit.MethodInfo cannot be applied to given types;
  required: java.lang.reflect.Method,java.util.List<retrofit.CallAdapter>
  found: java.lang.reflect.Method
  reason: actual and formal argument lists differ in length
[ERROR] /home/travis/build/square/retrofit/retrofit/src/test/java/retrofit/MethodInfoTest.java:[186,29] constructor MethodInfo in class retrofit.MethodInfo cannot be applied to given types;
  required: java.lang.reflect.Method,java.util.List<retrofit.CallAdapter>
  found: java.lang.reflect.Method
  reason: actual and formal argument lists differ in length
[ERROR] /home/travis/build/square/retrofit/retrofit/src/test/java/retrofit/MethodInfoTest.java:[192,20] cannot find symbol
  symbol:   class Observable
  location: class Example
[ERROR] /home/travis/build/square/retrofit/retrofit/src/test/java/retrofit/MethodInfoTest.java:[198,29] constructor MethodInfo in class retrofit.MethodInfo cannot be applied to given types;
  required: java.lang.reflect.Method,java.util.List<retrofit.CallAdapter>
  found: java.lang.reflect.Method
  reason: actual and formal argument lists differ in length
[ERROR] /home/travis/build/square/retrofit/retrofit/src/test/java/retrofit/MethodInfoTest.java:[204,20] cannot find symbol
  symbol:   class Observable
  location: class Example
[ERROR] /home/travis/build/square/retrofit/retrofit/src/test/java/retrofit/MethodInfoTest.java:[210,29] constructor MethodInfo in class retrofit.MethodInfo cannot be applied to given types;
  required: java.lang.reflect.Method,java.util.List<retrofit.CallAdapter>
  found: java.lang.reflect.Method
  reason: actual and formal argument lists differ in length
[ERROR] /home/travis/build/square/retrofit/retrofit/src/test/java/retrofit/RequestBuilderTest.java:[1548,53] constructor CallCallAdapter in class retrofit.CallCallAdapter cannot be applied to given types;
  required: java.util.concurrent.Executor
  found: no arguments
  reason: actual and formal argument lists differ in length
[ERROR] /home/travis/build/square/retrofit/retrofit/src/test/java/retrofit/RequestBuilderTest.java:[1548,22] cannot find symbol
  symbol:   class ExecutionAdapter
  location: class retrofit.RequestBuilderTest
[ERROR] /home/travis/build/square/retrofit/retrofit/src/test/java/retrofit/ErrorHandlerTest.java:[70,60] cannot find symbol
  symbol:   class RetrofitError
  location: class retrofit.ErrorHandlerTest
[ERROR] /home/travis/build/square/retrofit/retrofit/src/test/java/retrofit/ErrorHandlerTest.java:[82,60] cannot find symbol
  symbol:   class RetrofitError
  location: class retrofit.ErrorHandlerTest
[ERROR] /home/travis/build/square/retrofit/retrofit/src/test/java/retrofit/ErrorHandlerTest.java:[90,37] cannot find symbol
  symbol: class RetrofitError
[ERROR] /home/travis/build/square/retrofit/retrofit/src/test/java/retrofit/ErrorHandlerTest.java:[84,68] <anonymous retrofit.ErrorHandlerTest$2> is not abstract and does not override abstract method success(retrofit.Response<com.squareup.okhttp.Response>) in retrofit.Callback
[ERROR] /home/travis/build/square/retrofit/retrofit/src/test/java/retrofit/ErrorHandlerTest.java:[86,7] method does not override or implement a method from a supertype
[ERROR] /home/travis/build/square/retrofit/retrofit/src/test/java/retrofit/ErrorHandlerTest.java:[98,60] cannot find symbol
  symbol:   class RetrofitError
  location: class retrofit.ErrorHandlerTest
[ERROR] /home/travis/build/square/retrofit/retrofit/src/test/java/retrofit/ErrorHandlerTest.java:[101,52] cannot find symbol
  symbol:   class Observer
  location: class retrofit.ErrorHandlerTest
[ERROR] /home/travis/build/square/retrofit/retrofit/src/test/java/retrofit/ErrorHandlerTest.java:[119,55] cannot find symbol
  symbol:   class RetrofitError
  location: class retrofit.ErrorHandlerTest
[ERROR] /home/travis/build/square/retrofit/retrofit/src/test/java/retrofit/RestAdapterTest.java:[92,14] cannot find symbol
  symbol:   class RetrofitError
  location: class retrofit.RestAdapterTest
[ERROR] /home/travis/build/square/retrofit/retrofit/src/test/java/retrofit/RestAdapterTest.java:[117,14] cannot find symbol
  symbol:   class RetrofitError
  location: class retrofit.RestAdapterTest
[ERROR] /home/travis/build/square/retrofit/retrofit/src/test/java/retrofit/RestAdapterTest.java:[136,14] cannot find symbol
  symbol:   class RetrofitError
  location: class retrofit.RestAdapterTest
[ERROR] /home/travis/build/square/retrofit/retrofit/src/test/java/retrofit/RestAdapterTest.java:[137,54] package RetrofitError does not exist
[ERROR] /home/travis/build/square/retrofit/retrofit/src/test/java/retrofit/RestAdapterTest.java:[150,14] cannot find symbol
  symbol:   class RetrofitError
  location: class retrofit.RestAdapterTest
[ERROR] /home/travis/build/square/retrofit/retrofit/src/test/java/retrofit/RestAdapterTest.java:[151,54] package RetrofitError does not exist
[ERROR] /home/travis/build/square/retrofit/retrofit/src/test/java/retrofit/RestAdapterTest.java:[163,14] cannot find symbol
  symbol:   class RetrofitError
  location: class retrofit.RestAdapterTest
[ERROR] /home/travis/build/square/retrofit/retrofit/src/test/java/retrofit/RestAdapterTest.java:[164,54] package RetrofitError does not exist
[ERROR] /home/travis/build/square/retrofit/retrofit/src/test/java/retrofit/RestAdapterTest.java:[194,37] cannot find symbol
  symbol: class RetrofitError
[ERROR] /home/travis/build/square/retrofit/retrofit/src/test/java/retrofit/RestAdapterTest.java:[188,45] <anonymous retrofit.RestAdapterTest$1> is not abstract and does not override abstract method success(retrofit.Response<com.squareup.okhttp.Response>) in retrofit.Callback
[ERROR] /home/travis/build/square/retrofit/retrofit/src/test/java/retrofit/RestAdapterTest.java:[189,7] method does not override or implement a method from a supertype
[ERROR] /home/travis/build/square/retrofit/retrofit/src/test/java/retrofit/RestAdapterTest.java:[214,37] cannot find symbol
  symbol: class RetrofitError
[ERROR] /home/travis/build/square/retrofit/retrofit/src/test/java/retrofit/RestAdapterTest.java:[208,46] <anonymous retrofit.RestAdapterTest$2> is not abstract and does not override abstract method success(retrofit.Response<java.lang.String>) in retrofit.Callback
[ERROR] /home/travis/build/square/retrofit/retrofit/src/test/java/retrofit/RestAdapterTest.java:[209,7] method does not override or implement a method from a supertype
[ERROR] /home/travis/build/square/retrofit/retrofit/src/test/java/retrofit/RestAdapterTest.java:[226,27] cannot find symbol
  symbol:   class RetrofitError
  location: class retrofit.RestAdapterTest
[ERROR] /home/travis/build/square/retrofit/retrofit/src/test/java/retrofit/RestAdapterTest.java:[226,73] cannot find symbol
  symbol:   class RetrofitError
  location: class retrofit.RestAdapterTest
[ERROR] /home/travis/build/square/retrofit/retrofit/src/test/java/retrofit/RestAdapterTest.java:[233,37] cannot find symbol
  symbol: class RetrofitError
[ERROR] /home/travis/build/square/retrofit/retrofit/src/test/java/retrofit/RestAdapterTest.java:[228,46] <anonymous retrofit.RestAdapterTest$3> is not abstract and does not override abstract method success(retrofit.Response<java.lang.String>) in retrofit.Callback
[ERROR] /home/travis/build/square/retrofit/retrofit/src/test/java/retrofit/RestAdapterTest.java:[229,7] method does not override or implement a method from a supertype
[ERROR] /home/travis/build/square/retrofit/retrofit/src/test/java/retrofit/RestAdapterTest.java:[240,5] cannot find symbol
  symbol:   class RetrofitError
  location: class retrofit.RestAdapterTest
[INFO] 49 errors 
[INFO] -------------------------------------------------------------
[INFO] ------------------------------------------------------------------------
[INFO] Reactor Summary:
[INFO] 
[INFO] Retrofit (Parent) .................................. SUCCESS [  1.777 s]
[INFO] Retrofit ........................................... FAILURE [  3.715 s]
[INFO] Adapters ........................................... SKIPPED
[INFO] Adapter: RxJava .................................... SKIPPED
[INFO] Converters ......................................... SKIPPED
[INFO] Converter: Protocol Buffers ........................ SKIPPED
[INFO] Converter: Jackson ................................. SKIPPED
[INFO] Converter: Wire Protocol Buffers ................... SKIPPED
[INFO] Converter: SimpleXML ............................... SKIPPED
[INFO] Retrofit Mock Adapter .............................. SKIPPED
[INFO] Samples ............................................ SKIPPED
[INFO] Sample: GitHub Client .............................. SKIPPED
[INFO] Sample: Mock GitHub Client ......................... SKIPPED
[INFO] ------------------------------------------------------------------------
[INFO] BUILD FAILURE
[INFO] ------------------------------------------------------------------------
[INFO] Total time: 5.873 s
[INFO] Finished at: 2015-05-19T04:27:39+00:00
[INFO] Final Memory: 23M/465M
[INFO] ------------------------------------------------------------------------
[ERROR] Failed to execute goal org.apache.maven.plugins:maven-compiler-plugin:3.0:testCompile (default-testCompile) on project retrofit: Compilation failure: Compilation failure:
[ERROR] /home/travis/build/square/retrofit/retrofit/src/test/java/retrofit/MethodInfoTest.java:[16,10] package rx does not exist
[ERROR] /home/travis/build/square/retrofit/retrofit/src/test/java/retrofit/ErrorHandlerTest.java:[13,10] package rx does not exist
[ERROR] /home/travis/build/square/retrofit/retrofit/src/test/java/retrofit/ErrorHandlerTest.java:[14,10] package rx does not exist
[ERROR] /home/travis/build/square/retrofit/retrofit/src/test/java/retrofit/ErrorHandlerTest.java:[35,5] cannot find symbol
[ERROR] symbol:   class Observable
[ERROR] location: interface retrofit.ErrorHandlerTest.ExampleClient
[ERROR] /home/travis/build/square/retrofit/retrofit/src/test/java/retrofit/MethodInfoTest.java:[60,29] constructor MethodInfo in class retrofit.MethodInfo cannot be applied to given types;
[ERROR] required: java.lang.reflect.Method,java.util.List<retrofit.CallAdapter>
[ERROR] found: java.lang.reflect.Method
[ERROR] reason: actual and formal argument lists differ in length
[ERROR] /home/travis/build/square/retrofit/retrofit/src/test/java/retrofit/MethodInfoTest.java:[72,29] constructor MethodInfo in class retrofit.MethodInfo cannot be applied to given types;
[ERROR] required: java.lang.reflect.Method,java.util.List<retrofit.CallAdapter>
[ERROR] found: java.lang.reflect.Method
[ERROR] reason: actual and formal argument lists differ in length
[ERROR] /home/travis/build/square/retrofit/retrofit/src/test/java/retrofit/MethodInfoTest.java:[85,29] constructor MethodInfo in class retrofit.MethodInfo cannot be applied to given types;
[ERROR] required: java.lang.reflect.Method,java.util.List<retrofit.CallAdapter>
[ERROR] found: java.lang.reflect.Method
[ERROR] reason: actual and formal argument lists differ in length
[ERROR] /home/travis/build/square/retrofit/retrofit/src/test/java/retrofit/MethodInfoTest.java:[97,29] constructor MethodInfo in class retrofit.MethodInfo cannot be applied to given types;
[ERROR] required: java.lang.reflect.Method,java.util.List<retrofit.CallAdapter>
[ERROR] found: java.lang.reflect.Method
[ERROR] reason: actual and formal argument lists differ in length
[ERROR] /home/travis/build/square/retrofit/retrofit/src/test/java/retrofit/MethodInfoTest.java:[108,29] constructor MethodInfo in class retrofit.MethodInfo cannot be applied to given types;
[ERROR] required: java.lang.reflect.Method,java.util.List<retrofit.CallAdapter>
[ERROR] found: java.lang.reflect.Method
[ERROR] reason: actual and formal argument lists differ in length
[ERROR] /home/travis/build/square/retrofit/retrofit/src/test/java/retrofit/MethodInfoTest.java:[119,29] constructor MethodInfo in class retrofit.MethodInfo cannot be applied to given types;
[ERROR] required: java.lang.reflect.Method,java.util.List<retrofit.CallAdapter>
[ERROR] found: java.lang.reflect.Method
[ERROR] reason: actual and formal argument lists differ in length
[ERROR] /home/travis/build/square/retrofit/retrofit/src/test/java/retrofit/MethodInfoTest.java:[130,29] constructor MethodInfo in class retrofit.MethodInfo cannot be applied to given types;
[ERROR] required: java.lang.reflect.Method,java.util.List<retrofit.CallAdapter>
[ERROR] found: java.lang.reflect.Method
[ERROR] reason: actual and formal argument lists differ in length
[ERROR] /home/travis/build/square/retrofit/retrofit/src/test/java/retrofit/MethodInfoTest.java:[147,29] constructor MethodInfo in class retrofit.MethodInfo cannot be applied to given types;
[ERROR] required: java.lang.reflect.Method,java.util.List<retrofit.CallAdapter>
[ERROR] found: java.lang.reflect.Method
[ERROR] reason: actual and formal argument lists differ in length
[ERROR] /home/travis/build/square/retrofit/retrofit/src/test/java/retrofit/MethodInfoTest.java:[160,29] constructor MethodInfo in class retrofit.MethodInfo cannot be applied to given types;
[ERROR] required: java.lang.reflect.Method,java.util.List<retrofit.CallAdapter>
[ERROR] found: java.lang.reflect.Method
[ERROR] reason: actual and formal argument lists differ in length
[ERROR] /home/travis/build/square/retrofit/retrofit/src/test/java/retrofit/MethodInfoTest.java:[172,29] constructor MethodInfo in class retrofit.MethodInfo cannot be applied to given types;
[ERROR] required: java.lang.reflect.Method,java.util.List<retrofit.CallAdapter>
[ERROR] found: java.lang.reflect.Method
[ERROR] reason: actual and formal argument lists differ in length
[ERROR] /home/travis/build/square/retrofit/retrofit/src/test/java/retrofit/MethodInfoTest.java:[186,29] constructor MethodInfo in class retrofit.MethodInfo cannot be applied to given types;
[ERROR] required: java.lang.reflect.Method,java.util.List<retrofit.CallAdapter>
[ERROR] found: java.lang.reflect.Method
[ERROR] reason: actual and formal argument lists differ in length
[ERROR] /home/travis/build/square/retrofit/retrofit/src/test/java/retrofit/MethodInfoTest.java:[192,20] cannot find symbol
[ERROR] symbol:   class Observable
[ERROR] location: class Example
[ERROR] /home/travis/build/square/retrofit/retrofit/src/test/java/retrofit/MethodInfoTest.java:[198,29] constructor MethodInfo in class retrofit.MethodInfo cannot be applied to given types;
[ERROR] required: java.lang.reflect.Method,java.util.List<retrofit.CallAdapter>
[ERROR] found: java.lang.reflect.Method
[ERROR] reason: actual and formal argument lists differ in length
[ERROR] /home/travis/build/square/retrofit/retrofit/src/test/java/retrofit/MethodInfoTest.java:[204,20] cannot find symbol
[ERROR] symbol:   class Observable
[ERROR] location: class Example
[ERROR] /home/travis/build/square/retrofit/retrofit/src/test/java/retrofit/MethodInfoTest.java:[210,29] constructor MethodInfo in class retrofit.MethodInfo cannot be applied to given types;
[ERROR] required: java.lang.reflect.Method,java.util.List<retrofit.CallAdapter>
[ERROR] found: java.lang.reflect.Method
[ERROR] reason: actual and formal argument lists differ in length
[ERROR] /home/travis/build/square/retrofit/retrofit/src/test/java/retrofit/RequestBuilderTest.java:[1548,53] constructor CallCallAdapter in class retrofit.CallCallAdapter cannot be applied to given types;
[ERROR] required: java.util.concurrent.Executor
[ERROR] found: no arguments
[ERROR] reason: actual and formal argument lists differ in length
[ERROR] /home/travis/build/square/retrofit/retrofit/src/test/java/retrofit/RequestBuilderTest.java:[1548,22] cannot find symbol
[ERROR] symbol:   class ExecutionAdapter
[ERROR] location: class retrofit.RequestBuilderTest
[ERROR] /home/travis/build/square/retrofit/retrofit/src/test/java/retrofit/ErrorHandlerTest.java:[70,60] cannot find symbol
[ERROR] symbol:   class RetrofitError
[ERROR] location: class retrofit.ErrorHandlerTest
[ERROR] /home/travis/build/square/retrofit/retrofit/src/test/java/retrofit/ErrorHandlerTest.java:[82,60] cannot find symbol
[ERROR] symbol:   class RetrofitError
[ERROR] location: class retrofit.ErrorHandlerTest
[ERROR] /home/travis/build/square/retrofit/retrofit/src/test/java/retrofit/ErrorHandlerTest.java:[90,37] cannot find symbol
[ERROR] symbol: class RetrofitError
[ERROR] /home/travis/build/square/retrofit/retrofit/src/test/java/retrofit/ErrorHandlerTest.java:[84,68] <anonymous retrofit.ErrorHandlerTest$2> is not abstract and does not override abstract method success(retrofit.Response<com.squareup.okhttp.Response>) in retrofit.Callback
[ERROR] /home/travis/build/square/retrofit/retrofit/src/test/java/retrofit/ErrorHandlerTest.java:[86,7] method does not override or implement a method from a supertype
[ERROR] /home/travis/build/square/retrofit/retrofit/src/test/java/retrofit/ErrorHandlerTest.java:[98,60] cannot find symbol
[ERROR] symbol:   class RetrofitError
[ERROR] location: class retrofit.ErrorHandlerTest
[ERROR] /home/travis/build/square/retrofit/retrofit/src/test/java/retrofit/ErrorHandlerTest.java:[101,52] cannot find symbol
[ERROR] symbol:   class Observer
[ERROR] location: class retrofit.ErrorHandlerTest
[ERROR] /home/travis/build/square/retrofit/retrofit/src/test/java/retrofit/ErrorHandlerTest.java:[119,55] cannot find symbol
[ERROR] symbol:   class RetrofitError
[ERROR] location: class retrofit.ErrorHandlerTest
[ERROR] /home/travis/build/square/retrofit/retrofit/src/test/java/retrofit/RestAdapterTest.java:[92,14] cannot find symbol
[ERROR] symbol:   class RetrofitError
[ERROR] location: class retrofit.RestAdapterTest
[ERROR] /home/travis/build/square/retrofit/retrofit/src/test/java/retrofit/RestAdapterTest.java:[117,14] cannot find symbol
[ERROR] symbol:   class RetrofitError
[ERROR] location: class retrofit.RestAdapterTest
[ERROR] /home/travis/build/square/retrofit/retrofit/src/test/java/retrofit/RestAdapterTest.java:[136,14] cannot find symbol
[ERROR] symbol:   class RetrofitError
[ERROR] location: class retrofit.RestAdapterTest
[ERROR] /home/travis/build/square/retrofit/retrofit/src/test/java/retrofit/RestAdapterTest.java:[137,54] package RetrofitError does not exist
[ERROR] /home/travis/build/square/retrofit/retrofit/src/test/java/retrofit/RestAdapterTest.java:[150,14] cannot find symbol
[ERROR] symbol:   class RetrofitError
[ERROR] location: class retrofit.RestAdapterTest
[ERROR] /home/travis/build/square/retrofit/retrofit/src/test/java/retrofit/RestAdapterTest.java:[151,54] package RetrofitError does not exist
[ERROR] /home/travis/build/square/retrofit/retrofit/src/test/java/retrofit/RestAdapterTest.java:[163,14] cannot find symbol
[ERROR] symbol:   class RetrofitError
[ERROR] location: class retrofit.RestAdapterTest
[ERROR] /home/travis/build/square/retrofit/retrofit/src/test/java/retrofit/RestAdapterTest.java:[164,54] package RetrofitError does not exist
[ERROR] /home/travis/build/square/retrofit/retrofit/src/test/java/retrofit/RestAdapterTest.java:[194,37] cannot find symbol
[ERROR] symbol: class RetrofitError
[ERROR] /home/travis/build/square/retrofit/retrofit/src/test/java/retrofit/RestAdapterTest.java:[188,45] <anonymous retrofit.RestAdapterTest$1> is not abstract and does not override abstract method success(retrofit.Response<com.squareup.okhttp.Response>) in retrofit.Callback
[ERROR] /home/travis/build/square/retrofit/retrofit/src/test/java/retrofit/RestAdapterTest.java:[189,7] method does not override or implement a method from a supertype
[ERROR] /home/travis/build/square/retrofit/retrofit/src/test/java/retrofit/RestAdapterTest.java:[214,37] cannot find symbol
[ERROR] symbol: class RetrofitError
[ERROR] /home/travis/build/square/retrofit/retrofit/src/test/java/retrofit/RestAdapterTest.java:[208,46] <anonymous retrofit.RestAdapterTest$2> is not abstract and does not override abstract method success(retrofit.Response<java.lang.String>) in retrofit.Callback
[ERROR] /home/travis/build/square/retrofit/retrofit/src/test/java/retrofit/RestAdapterTest.java:[209,7] method does not override or implement a method from a supertype
[ERROR] /home/travis/build/square/retrofit/retrofit/src/test/java/retrofit/RestAdapterTest.java:[226,27] cannot find symbol
[ERROR] symbol:   class RetrofitError
[ERROR] location: class retrofit.RestAdapterTest
[ERROR] /home/travis/build/square/retrofit/retrofit/src/test/java/retrofit/RestAdapterTest.java:[226,73] cannot find symbol
[ERROR] symbol:   class RetrofitError
[ERROR] location: class retrofit.RestAdapterTest
[ERROR] /home/travis/build/square/retrofit/retrofit/src/test/java/retrofit/RestAdapterTest.java:[233,37] cannot find symbol
[ERROR] symbol: class RetrofitError
[ERROR] /home/travis/build/square/retrofit/retrofit/src/test/java/retrofit/RestAdapterTest.java:[228,46] <anonymous retrofit.RestAdapterTest$3> is not abstract and does not override abstract method success(retrofit.Response<java.lang.String>) in retrofit.Callback
[ERROR] /home/travis/build/square/retrofit/retrofit/src/test/java/retrofit/RestAdapterTest.java:[229,7] method does not override or implement a method from a supertype
[ERROR] /home/travis/build/square/retrofit/retrofit/src/test/java/retrofit/RestAdapterTest.java:[240,5] cannot find symbol
[ERROR] symbol:   class RetrofitError
[ERROR] location: class retrofit.RestAdapterTest
[ERROR] -> [Help 1]
[ERROR] 
[ERROR] To see the full stack trace of the errors, re-run Maven with the -e switch.
[ERROR] Re-run Maven using the -X switch to enable full debug logging.
[ERROR] 
[ERROR] For more information about the errors and possible solutions, please read the following articles:
[ERROR] [Help 1] http://cwiki.apache.org/confluence/display/MAVEN/MojoFailureException
[ERROR] 
[ERROR] After correcting the problems, you can resume the build with the command
[ERROR]   mvn <goals> -rf :retrofit

[31;1mThe command "eval mvn install -DskipTests=true -Dmaven.javadoc.skip=true -B -V" failed. Retrying, 3 of 3.[0m

Apache Maven 3.2.5 (12a6b3acb947671f09b81f49094c53f426d8cea1; 2014-12-14T17:29:23+00:00)
Maven home: /usr/local/maven
Java version: 1.7.0_76, vendor: Oracle Corporation
Java home: /usr/lib/jvm/java-7-oracle/jre
Default locale: en_US, platform encoding: UTF-8
OS name: "linux", version: "3.13.0-40-generic", arch: "amd64", family: "unix"
[INFO] Scanning for projects...
[INFO] ------------------------------------------------------------------------
[INFO] Reactor Build Order:
[INFO] 
[INFO] Retrofit (Parent)
[INFO] Retrofit
[INFO] Adapters
[INFO] Adapter: RxJava
[INFO] Converters
[INFO] Converter: Protocol Buffers
[INFO] Converter: Jackson
[INFO] Converter: Wire Protocol Buffers
[INFO] Converter: SimpleXML
[INFO] Retrofit Mock Adapter
[INFO] Samples
[INFO] Sample: GitHub Client
[INFO] Sample: Mock GitHub Client
[INFO]                                                                         
[INFO] ------------------------------------------------------------------------
[INFO] Building Retrofit (Parent) 2.0.0-SNAPSHOT
[INFO] ------------------------------------------------------------------------
[INFO] 
[INFO] --- maven-enforcer-plugin:1.0:enforce (enforce-maven) @ parent ---
[INFO] 
[INFO] --- maven-checkstyle-plugin:2.15:checkstyle (default) @ parent ---
[INFO] 
[INFO] --- maven-install-plugin:2.4:install (default-install) @ parent ---
[INFO] Installing /home/travis/build/square/retrofit/pom.xml to /home/travis/.m2/repository/com/squareup/retrofit/parent/2.0.0-SNAPSHOT/parent-2.0.0-SNAPSHOT.pom
[INFO]                                                                         
[INFO] ------------------------------------------------------------------------
[INFO] Building Retrofit 2.0.0-SNAPSHOT
[INFO] ------------------------------------------------------------------------
[INFO] 
[INFO] --- maven-enforcer-plugin:1.0:enforce (enforce-maven) @ retrofit ---
[INFO] 
[INFO] --- maven-resources-plugin:2.6:resources (default-resources) @ retrofit ---
[INFO] Using 'UTF-8' encoding to copy filtered resources.
[INFO] skip non existing resourceDirectory /home/travis/build/square/retrofit/retrofit/src/main/resources
[INFO] 
[INFO] --- maven-compiler-plugin:3.0:compile (default-compile) @ retrofit ---
[INFO] Changes detected - recompiling the module!
[INFO] Compiling 39 source files to /home/travis/build/square/retrofit/retrofit/target/classes
[WARNING] /home/travis/build/square/retrofit/retrofit/src/main/java/retrofit/Call.java: Some input files use unchecked or unsafe operations.
[WARNING] /home/travis/build/square/retrofit/retrofit/src/main/java/retrofit/Call.java: Recompile with -Xlint:unchecked for details.
[INFO] 
[INFO] --- maven-resources-plugin:2.6:testResources (default-testResources) @ retrofit ---
[INFO] Using 'UTF-8' encoding to copy filtered resources.
[INFO] skip non existing resourceDirectory /home/travis/build/square/retrofit/retrofit/src/test/resources
[INFO] 
[INFO] --- maven-compiler-plugin:3.0:testCompile (default-testCompile) @ retrofit ---
[INFO] Changes detected - recompiling the module!
[INFO] Compiling 8 source files to /home/travis/build/square/retrofit/retrofit/target/test-classes
[INFO] -------------------------------------------------------------
[ERROR] COMPILATION ERROR : 
[INFO] -------------------------------------------------------------
[ERROR] /home/travis/build/square/retrofit/retrofit/src/test/java/retrofit/MethodInfoTest.java:[16,10] package rx does not exist
[ERROR] /home/travis/build/square/retrofit/retrofit/src/test/java/retrofit/ErrorHandlerTest.java:[13,10] package rx does not exist
[ERROR] /home/travis/build/square/retrofit/retrofit/src/test/java/retrofit/ErrorHandlerTest.java:[14,10] package rx does not exist
[ERROR] /home/travis/build/square/retrofit/retrofit/src/test/java/retrofit/ErrorHandlerTest.java:[35,5] cannot find symbol
  symbol:   class Observable
  location: interface retrofit.ErrorHandlerTest.ExampleClient
[ERROR] /home/travis/build/square/retrofit/retrofit/src/test/java/retrofit/MethodInfoTest.java:[60,29] constructor MethodInfo in class retrofit.MethodInfo cannot be applied to given types;
  required: java.lang.reflect.Method,java.util.List<retrofit.CallAdapter>
  found: java.lang.reflect.Method
  reason: actual and formal argument lists differ in length
[ERROR] /home/travis/build/square/retrofit/retrofit/src/test/java/retrofit/MethodInfoTest.java:[72,29] constructor MethodInfo in class retrofit.MethodInfo cannot be applied to given types;
  required: java.lang.reflect.Method,java.util.List<retrofit.CallAdapter>
  found: java.lang.reflect.Method
  reason: actual and formal argument lists differ in length
[ERROR] /home/travis/build/square/retrofit/retrofit/src/test/java/retrofit/MethodInfoTest.java:[85,29] constructor MethodInfo in class retrofit.MethodInfo cannot be applied to given types;
  required: java.lang.reflect.Method,java.util.List<retrofit.CallAdapter>
  found: java.lang.reflect.Method
  reason: actual and formal argument lists differ in length
[ERROR] /home/travis/build/square/retrofit/retrofit/src/test/java/retrofit/MethodInfoTest.java:[97,29] constructor MethodInfo in class retrofit.MethodInfo cannot be applied to given types;
  required: java.lang.reflect.Method,java.util.List<retrofit.CallAdapter>
  found: java.lang.reflect.Method
  reason: actual and formal argument lists differ in length
[ERROR] /home/travis/build/square/retrofit/retrofit/src/test/java/retrofit/MethodInfoTest.java:[108,29] constructor MethodInfo in class retrofit.MethodInfo cannot be applied to given types;
  required: java.lang.reflect.Method,java.util.List<retrofit.CallAdapter>
  found: java.lang.reflect.Method
  reason: actual and formal argument lists differ in length
[ERROR] /home/travis/build/square/retrofit/retrofit/src/test/java/retrofit/MethodInfoTest.java:[119,29] constructor MethodInfo in class retrofit.MethodInfo cannot be applied to given types;
  required: java.lang.reflect.Method,java.util.List<retrofit.CallAdapter>
  found: java.lang.reflect.Method
  reason: actual and formal argument lists differ in length
[ERROR] /home/travis/build/square/retrofit/retrofit/src/test/java/retrofit/MethodInfoTest.java:[130,29] constructor MethodInfo in class retrofit.MethodInfo cannot be applied to given types;
  required: java.lang.reflect.Method,java.util.List<retrofit.CallAdapter>
  found: java.lang.reflect.Method
  reason: actual and formal argument lists differ in length
[ERROR] /home/travis/build/square/retrofit/retrofit/src/test/java/retrofit/MethodInfoTest.java:[147,29] constructor MethodInfo in class retrofit.MethodInfo cannot be applied to given types;
  required: java.lang.reflect.Method,java.util.List<retrofit.CallAdapter>
  found: java.lang.reflect.Method
  reason: actual and formal argument lists differ in length
[ERROR] /home/travis/build/square/retrofit/retrofit/src/test/java/retrofit/MethodInfoTest.java:[160,29] constructor MethodInfo in class retrofit.MethodInfo cannot be applied to given types;
  required: java.lang.reflect.Method,java.util.List<retrofit.CallAdapter>
  found: java.lang.reflect.Method
  reason: actual and formal argument lists differ in length
[ERROR] /home/travis/build/square/retrofit/retrofit/src/test/java/retrofit/MethodInfoTest.java:[172,29] constructor MethodInfo in class retrofit.MethodInfo cannot be applied to given types;
  required: java.lang.reflect.Method,java.util.List<retrofit.CallAdapter>
  found: java.lang.reflect.Method
  reason: actual and formal argument lists differ in length
[ERROR] /home/travis/build/square/retrofit/retrofit/src/test/java/retrofit/MethodInfoTest.java:[186,29] constructor MethodInfo in class retrofit.MethodInfo cannot be applied to given types;
  required: java.lang.reflect.Method,java.util.List<retrofit.CallAdapter>
  found: java.lang.reflect.Method
  reason: actual and formal argument lists differ in length
[ERROR] /home/travis/build/square/retrofit/retrofit/src/test/java/retrofit/MethodInfoTest.java:[192,20] cannot find symbol
  symbol:   class Observable
  location: class Example
[ERROR] /home/travis/build/square/retrofit/retrofit/src/test/java/retrofit/MethodInfoTest.java:[198,29] constructor MethodInfo in class retrofit.MethodInfo cannot be applied to given types;
  required: java.lang.reflect.Method,java.util.List<retrofit.CallAdapter>
  found: java.lang.reflect.Method
  reason: actual and formal argument lists differ in length
[ERROR] /home/travis/build/square/retrofit/retrofit/src/test/java/retrofit/MethodInfoTest.java:[204,20] cannot find symbol
  symbol:   class Observable
  location: class Example
[ERROR] /home/travis/build/square/retrofit/retrofit/src/test/java/retrofit/MethodInfoTest.java:[210,29] constructor MethodInfo in class retrofit.MethodInfo cannot be applied to given types;
  required: java.lang.reflect.Method,java.util.List<retrofit.CallAdapter>
  found: java.lang.reflect.Method
  reason: actual and formal argument lists differ in length
[ERROR] /home/travis/build/square/retrofit/retrofit/src/test/java/retrofit/RequestBuilderTest.java:[1548,53] constructor CallCallAdapter in class retrofit.CallCallAdapter cannot be applied to given types;
  required: java.util.concurrent.Executor
  found: no arguments
  reason: actual and formal argument lists differ in length
[ERROR] /home/travis/build/square/retrofit/retrofit/src/test/java/retrofit/RequestBuilderTest.java:[1548,22] cannot find symbol
  symbol:   class ExecutionAdapter
  location: class retrofit.RequestBuilderTest
[ERROR] /home/travis/build/square/retrofit/retrofit/src/test/java/retrofit/ErrorHandlerTest.java:[70,60] cannot find symbol
  symbol:   class RetrofitError
  location: class retrofit.ErrorHandlerTest
[ERROR] /home/travis/build/square/retrofit/retrofit/src/test/java/retrofit/ErrorHandlerTest.java:[82,60] cannot find symbol
  symbol:   class RetrofitError
  location: class retrofit.ErrorHandlerTest
[ERROR] /home/travis/build/square/retrofit/retrofit/src/test/java/retrofit/ErrorHandlerTest.java:[90,37] cannot find symbol
  symbol: class RetrofitError
[ERROR] /home/travis/build/square/retrofit/retrofit/src/test/java/retrofit/ErrorHandlerTest.java:[84,68] <anonymous retrofit.ErrorHandlerTest$2> is not abstract and does not override abstract method success(retrofit.Response<com.squareup.okhttp.Response>) in retrofit.Callback
[ERROR] /home/travis/build/square/retrofit/retrofit/src/test/java/retrofit/ErrorHandlerTest.java:[86,7] method does not override or implement a method from a supertype
[ERROR] /home/travis/build/square/retrofit/retrofit/src/test/java/retrofit/ErrorHandlerTest.java:[98,60] cannot find symbol
  symbol:   class RetrofitError
  location: class retrofit.ErrorHandlerTest
[ERROR] /home/travis/build/square/retrofit/retrofit/src/test/java/retrofit/ErrorHandlerTest.java:[101,52] cannot find symbol
  symbol:   class Observer
  location: class retrofit.ErrorHandlerTest
[ERROR] /home/travis/build/square/retrofit/retrofit/src/test/java/retrofit/ErrorHandlerTest.java:[119,55] cannot find symbol
  symbol:   class RetrofitError
  location: class retrofit.ErrorHandlerTest
[ERROR] /home/travis/build/square/retrofit/retrofit/src/test/java/retrofit/RestAdapterTest.java:[92,14] cannot find symbol
  symbol:   class RetrofitError
  location: class retrofit.RestAdapterTest
[ERROR] /home/travis/build/square/retrofit/retrofit/src/test/java/retrofit/RestAdapterTest.java:[117,14] cannot find symbol
  symbol:   class RetrofitError
  location: class retrofit.RestAdapterTest
[ERROR] /home/travis/build/square/retrofit/retrofit/src/test/java/retrofit/RestAdapterTest.java:[136,14] cannot find symbol
  symbol:   class RetrofitError
  location: class retrofit.RestAdapterTest
[ERROR] /home/travis/build/square/retrofit/retrofit/src/test/java/retrofit/RestAdapterTest.java:[137,54] package RetrofitError does not exist
[ERROR] /home/travis/build/square/retrofit/retrofit/src/test/java/retrofit/RestAdapterTest.java:[150,14] cannot find symbol
  symbol:   class RetrofitError
  location: class retrofit.RestAdapterTest
[ERROR] /home/travis/build/square/retrofit/retrofit/src/test/java/retrofit/RestAdapterTest.java:[151,54] package RetrofitError does not exist
[ERROR] /home/travis/build/square/retrofit/retrofit/src/test/java/retrofit/RestAdapterTest.java:[163,14] cannot find symbol
  symbol:   class RetrofitError
  location: class retrofit.RestAdapterTest
[ERROR] /home/travis/build/square/retrofit/retrofit/src/test/java/retrofit/RestAdapterTest.java:[164,54] package RetrofitError does not exist
[ERROR] /home/travis/build/square/retrofit/retrofit/src/test/java/retrofit/RestAdapterTest.java:[194,37] cannot find symbol
  symbol: class RetrofitError
[ERROR] /home/travis/build/square/retrofit/retrofit/src/test/java/retrofit/RestAdapterTest.java:[188,45] <anonymous retrofit.RestAdapterTest$1> is not abstract and does not override abstract method success(retrofit.Response<com.squareup.okhttp.Response>) in retrofit.Callback
[ERROR] /home/travis/build/square/retrofit/retrofit/src/test/java/retrofit/RestAdapterTest.java:[189,7] method does not override or implement a method from a supertype
[ERROR] /home/travis/build/square/retrofit/retrofit/src/test/java/retrofit/RestAdapterTest.java:[214,37] cannot find symbol
  symbol: class RetrofitError
[ERROR] /home/travis/build/square/retrofit/retrofit/src/test/java/retrofit/RestAdapterTest.java:[208,46] <anonymous retrofit.RestAdapterTest$2> is not abstract and does not override abstract method success(retrofit.Response<java.lang.String>) in retrofit.Callback
[ERROR] /home/travis/build/square/retrofit/retrofit/src/test/java/retrofit/RestAdapterTest.java:[209,7] method does not override or implement a method from a supertype
[ERROR] /home/travis/build/square/retrofit/retrofit/src/test/java/retrofit/RestAdapterTest.java:[226,27] cannot find symbol
  symbol:   class RetrofitError
  location: class retrofit.RestAdapterTest
[ERROR] /home/travis/build/square/retrofit/retrofit/src/test/java/retrofit/RestAdapterTest.java:[226,73] cannot find symbol
  symbol:   class RetrofitError
  location: class retrofit.RestAdapterTest
[ERROR] /home/travis/build/square/retrofit/retrofit/src/test/java/retrofit/RestAdapterTest.java:[233,37] cannot find symbol
  symbol: class RetrofitError
[ERROR] /home/travis/build/square/retrofit/retrofit/src/test/java/retrofit/RestAdapterTest.java:[228,46] <anonymous retrofit.RestAdapterTest$3> is not abstract and does not override abstract method success(retrofit.Response<java.lang.String>) in retrofit.Callback
[ERROR] /home/travis/build/square/retrofit/retrofit/src/test/java/retrofit/RestAdapterTest.java:[229,7] method does not override or implement a method from a supertype
[ERROR] /home/travis/build/square/retrofit/retrofit/src/test/java/retrofit/RestAdapterTest.java:[240,5] cannot find symbol
  symbol:   class RetrofitError
  location: class retrofit.RestAdapterTest
[INFO] 49 errors 
[INFO] -------------------------------------------------------------
[INFO] ------------------------------------------------------------------------
[INFO] Reactor Summary:
[INFO] 
[INFO] Retrofit (Parent) .................................. SUCCESS [  1.864 s]
[INFO] Retrofit ........................................... FAILURE [  3.764 s]
[INFO] Adapters ........................................... SKIPPED
[INFO] Adapter: RxJava .................................... SKIPPED
[INFO] Converters ......................................... SKIPPED
[INFO] Converter: Protocol Buffers ........................ SKIPPED
[INFO] Converter: Jackson ................................. SKIPPED
[INFO] Converter: Wire Protocol Buffers ................... SKIPPED
[INFO] Converter: SimpleXML ............................... SKIPPED
[INFO] Retrofit Mock Adapter .............................. SKIPPED
[INFO] Samples ............................................ SKIPPED
[INFO] Sample: GitHub Client .............................. SKIPPED
[INFO] Sample: Mock GitHub Client ......................... SKIPPED
[INFO] ------------------------------------------------------------------------
[INFO] BUILD FAILURE
[INFO] ------------------------------------------------------------------------
[INFO] Total time: 5.987 s
[INFO] Finished at: 2015-05-19T04:27:48+00:00
[INFO] Final Memory: 23M/465M
[INFO] ------------------------------------------------------------------------
[ERROR] Failed to execute goal org.apache.maven.plugins:maven-compiler-plugin:3.0:testCompile (default-testCompile) on project retrofit: Compilation failure: Compilation failure:
[ERROR] /home/travis/build/square/retrofit/retrofit/src/test/java/retrofit/MethodInfoTest.java:[16,10] package rx does not exist
[ERROR] /home/travis/build/square/retrofit/retrofit/src/test/java/retrofit/ErrorHandlerTest.java:[13,10] package rx does not exist
[ERROR] /home/travis/build/square/retrofit/retrofit/src/test/java/retrofit/ErrorHandlerTest.java:[14,10] package rx does not exist
[ERROR] /home/travis/build/square/retrofit/retrofit/src/test/java/retrofit/ErrorHandlerTest.java:[35,5] cannot find symbol
[ERROR] symbol:   class Observable
[ERROR] location: interface retrofit.ErrorHandlerTest.ExampleClient
[ERROR] /home/travis/build/square/retrofit/retrofit/src/test/java/retrofit/MethodInfoTest.java:[60,29] constructor MethodInfo in class retrofit.MethodInfo cannot be applied to given types;
[ERROR] required: java.lang.reflect.Method,java.util.List<retrofit.CallAdapter>
[ERROR] found: java.lang.reflect.Method
[ERROR] reason: actual and formal argument lists differ in length
[ERROR] /home/travis/build/square/retrofit/retrofit/src/test/java/retrofit/MethodInfoTest.java:[72,29] constructor MethodInfo in class retrofit.MethodInfo cannot be applied to given types;
[ERROR] required: java.lang.reflect.Method,java.util.List<retrofit.CallAdapter>
[ERROR] found: java.lang.reflect.Method
[ERROR] reason: actual and formal argument lists differ in length
[ERROR] /home/travis/build/square/retrofit/retrofit/src/test/java/retrofit/MethodInfoTest.java:[85,29] constructor MethodInfo in class retrofit.MethodInfo cannot be applied to given types;
[ERROR] required: java.lang.reflect.Method,java.util.List<retrofit.CallAdapter>
[ERROR] found: java.lang.reflect.Method
[ERROR] reason: actual and formal argument lists differ in length
[ERROR] /home/travis/build/square/retrofit/retrofit/src/test/java/retrofit/MethodInfoTest.java:[97,29] constructor MethodInfo in class retrofit.MethodInfo cannot be applied to given types;
[ERROR] required: java.lang.reflect.Method,java.util.List<retrofit.CallAdapter>
[ERROR] found: java.lang.reflect.Method
[ERROR] reason: actual and formal argument lists differ in length
[ERROR] /home/travis/build/square/retrofit/retrofit/src/test/java/retrofit/MethodInfoTest.java:[108,29] constructor MethodInfo in class retrofit.MethodInfo cannot be applied to given types;
[ERROR] required: java.lang.reflect.Method,java.util.List<retrofit.CallAdapter>
[ERROR] found: java.lang.reflect.Method
[ERROR] reason: actual and formal argument lists differ in length
[ERROR] /home/travis/build/square/retrofit/retrofit/src/test/java/retrofit/MethodInfoTest.java:[119,29] constructor MethodInfo in class retrofit.MethodInfo cannot be applied to given types;
[ERROR] required: java.lang.reflect.Method,java.util.List<retrofit.CallAdapter>
[ERROR] found: java.lang.reflect.Method
[ERROR] reason: actual and formal argument lists differ in length
[ERROR] /home/travis/build/square/retrofit/retrofit/src/test/java/retrofit/MethodInfoTest.java:[130,29] constructor MethodInfo in class retrofit.MethodInfo cannot be applied to given types;
[ERROR] required: java.lang.reflect.Method,java.util.List<retrofit.CallAdapter>
[ERROR] found: java.lang.reflect.Method
[ERROR] reason: actual and formal argument lists differ in length
[ERROR] /home/travis/build/square/retrofit/retrofit/src/test/java/retrofit/MethodInfoTest.java:[147,29] constructor MethodInfo in class retrofit.MethodInfo cannot be applied to given types;
[ERROR] required: java.lang.reflect.Method,java.util.List<retrofit.CallAdapter>
[ERROR] found: java.lang.reflect.Method
[ERROR] reason: actual and formal argument lists differ in length
[ERROR] /home/travis/build/square/retrofit/retrofit/src/test/java/retrofit/MethodInfoTest.java:[160,29] constructor MethodInfo in class retrofit.MethodInfo cannot be applied to given types;
[ERROR] required: java.lang.reflect.Method,java.util.List<retrofit.CallAdapter>
[ERROR] found: java.lang.reflect.Method
[ERROR] reason: actual and formal argument lists differ in length
[ERROR] /home/travis/build/square/retrofit/retrofit/src/test/java/retrofit/MethodInfoTest.java:[172,29] constructor MethodInfo in class retrofit.MethodInfo cannot be applied to given types;
[ERROR] required: java.lang.reflect.Method,java.util.List<retrofit.CallAdapter>
[ERROR] found: java.lang.reflect.Method
[ERROR] reason: actual and formal argument lists differ in length
[ERROR] /home/travis/build/square/retrofit/retrofit/src/test/java/retrofit/MethodInfoTest.java:[186,29] constructor MethodInfo in class retrofit.MethodInfo cannot be applied to given types;
[ERROR] required: java.lang.reflect.Method,java.util.List<retrofit.CallAdapter>
[ERROR] found: java.lang.reflect.Method
[ERROR] reason: actual and formal argument lists differ in length
[ERROR] /home/travis/build/square/retrofit/retrofit/src/test/java/retrofit/MethodInfoTest.java:[192,20] cannot find symbol
[ERROR] symbol:   class Observable
[ERROR] location: class Example
[ERROR] /home/travis/build/square/retrofit/retrofit/src/test/java/retrofit/MethodInfoTest.java:[198,29] constructor MethodInfo in class retrofit.MethodInfo cannot be applied to given types;
[ERROR] required: java.lang.reflect.Method,java.util.List<retrofit.CallAdapter>
[ERROR] found: java.lang.reflect.Method
[ERROR] reason: actual and formal argument lists differ in length
[ERROR] /home/travis/build/square/retrofit/retrofit/src/test/java/retrofit/MethodInfoTest.java:[204,20] cannot find symbol
[ERROR] symbol:   class Observable
[ERROR] location: class Example
[ERROR] /home/travis/build/square/retrofit/retrofit/src/test/java/retrofit/MethodInfoTest.java:[210,29] constructor MethodInfo in class retrofit.MethodInfo cannot be applied to given types;
[ERROR] required: java.lang.reflect.Method,java.util.List<retrofit.CallAdapter>
[ERROR] found: java.lang.reflect.Method
[ERROR] reason: actual and formal argument lists differ in length
[ERROR] /home/travis/build/square/retrofit/retrofit/src/test/java/retrofit/RequestBuilderTest.java:[1548,53] constructor CallCallAdapter in class retrofit.CallCallAdapter cannot be applied to given types;
[ERROR] required: java.util.concurrent.Executor
[ERROR] found: no arguments
[ERROR] reason: actual and formal argument lists differ in length
[ERROR] /home/travis/build/square/retrofit/retrofit/src/test/java/retrofit/RequestBuilderTest.java:[1548,22] cannot find symbol
[ERROR] symbol:   class ExecutionAdapter
[ERROR] location: class retrofit.RequestBuilderTest
[ERROR] /home/travis/build/square/retrofit/retrofit/src/test/java/retrofit/ErrorHandlerTest.java:[70,60] cannot find symbol
[ERROR] symbol:   class RetrofitError
[ERROR] location: class retrofit.ErrorHandlerTest
[ERROR] /home/travis/build/square/retrofit/retrofit/src/test/java/retrofit/ErrorHandlerTest.java:[82,60] cannot find symbol
[ERROR] symbol:   class RetrofitError
[ERROR] location: class retrofit.ErrorHandlerTest
[ERROR] /home/travis/build/square/retrofit/retrofit/src/test/java/retrofit/ErrorHandlerTest.java:[90,37] cannot find symbol
[ERROR] symbol: class RetrofitError
[ERROR] /home/travis/build/square/retrofit/retrofit/src/test/java/retrofit/ErrorHandlerTest.java:[84,68] <anonymous retrofit.ErrorHandlerTest$2> is not abstract and does not override abstract method success(retrofit.Response<com.squareup.okhttp.Response>) in retrofit.Callback
[ERROR] /home/travis/build/square/retrofit/retrofit/src/test/java/retrofit/ErrorHandlerTest.java:[86,7] method does not override or implement a method from a supertype
[ERROR] /home/travis/build/square/retrofit/retrofit/src/test/java/retrofit/ErrorHandlerTest.java:[98,60] cannot find symbol
[ERROR] symbol:   class RetrofitError
[ERROR] location: class retrofit.ErrorHandlerTest
[ERROR] /home/travis/build/square/retrofit/retrofit/src/test/java/retrofit/ErrorHandlerTest.java:[101,52] cannot find symbol
[ERROR] symbol:   class Observer
[ERROR] location: class retrofit.ErrorHandlerTest
[ERROR] /home/travis/build/square/retrofit/retrofit/src/test/java/retrofit/ErrorHandlerTest.java:[119,55] cannot find symbol
[ERROR] symbol:   class RetrofitError
[ERROR] location: class retrofit.ErrorHandlerTest
[ERROR] /home/travis/build/square/retrofit/retrofit/src/test/java/retrofit/RestAdapterTest.java:[92,14] cannot find symbol
[ERROR] symbol:   class RetrofitError
[ERROR] location: class retrofit.RestAdapterTest
[ERROR] /home/travis/build/square/retrofit/retrofit/src/test/java/retrofit/RestAdapterTest.java:[117,14] cannot find symbol
[ERROR] symbol:   class RetrofitError
[ERROR] location: class retrofit.RestAdapterTest
[ERROR] /home/travis/build/square/retrofit/retrofit/src/test/java/retrofit/RestAdapterTest.java:[136,14] cannot find symbol
[ERROR] symbol:   class RetrofitError
[ERROR] location: class retrofit.RestAdapterTest
[ERROR] /home/travis/build/square/retrofit/retrofit/src/test/java/retrofit/RestAdapterTest.java:[137,54] package RetrofitError does not exist
[ERROR] /home/travis/build/square/retrofit/retrofit/src/test/java/retrofit/RestAdapterTest.java:[150,14] cannot find symbol
[ERROR] symbol:   class RetrofitError
[ERROR] location: class retrofit.RestAdapterTest
[ERROR] /home/travis/build/square/retrofit/retrofit/src/test/java/retrofit/RestAdapterTest.java:[151,54] package RetrofitError does not exist
[ERROR] /home/travis/build/square/retrofit/retrofit/src/test/java/retrofit/RestAdapterTest.java:[163,14] cannot find symbol
[ERROR] symbol:   class RetrofitError
[ERROR] location: class retrofit.RestAdapterTest
[ERROR] /home/travis/build/square/retrofit/retrofit/src/test/java/retrofit/RestAdapterTest.java:[164,54] package RetrofitError does not exist
[ERROR] /home/travis/build/square/retrofit/retrofit/src/test/java/retrofit/RestAdapterTest.java:[194,37] cannot find symbol
[ERROR] symbol: class RetrofitError
[ERROR] /home/travis/build/square/retrofit/retrofit/src/test/java/retrofit/RestAdapterTest.java:[188,45] <anonymous retrofit.RestAdapterTest$1> is not abstract and does not override abstract method success(retrofit.Response<com.squareup.okhttp.Response>) in retrofit.Callback
[ERROR] /home/travis/build/square/retrofit/retrofit/src/test/java/retrofit/RestAdapterTest.java:[189,7] method does not override or implement a method from a supertype
[ERROR] /home/travis/build/square/retrofit/retrofit/src/test/java/retrofit/RestAdapterTest.java:[214,37] cannot find symbol
[ERROR] symbol: class RetrofitError
[ERROR] /home/travis/build/square/retrofit/retrofit/src/test/java/retrofit/RestAdapterTest.java:[208,46] <anonymous retrofit.RestAdapterTest$2> is not abstract and does not override abstract method success(retrofit.Response<java.lang.String>) in retrofit.Callback
[ERROR] /home/travis/build/square/retrofit/retrofit/src/test/java/retrofit/RestAdapterTest.java:[209,7] method does not override or implement a method from a supertype
[ERROR] /home/travis/build/square/retrofit/retrofit/src/test/java/retrofit/RestAdapterTest.java:[226,27] cannot find symbol
[ERROR] symbol:   class RetrofitError
[ERROR] location: class retrofit.RestAdapterTest
[ERROR] /home/travis/build/square/retrofit/retrofit/src/test/java/retrofit/RestAdapterTest.java:[226,73] cannot find symbol
[ERROR] symbol:   class RetrofitError
[ERROR] location: class retrofit.RestAdapterTest
[ERROR] /home/travis/build/square/retrofit/retrofit/src/test/java/retrofit/RestAdapterTest.java:[233,37] cannot find symbol
[ERROR] symbol: class RetrofitError
[ERROR] /home/travis/build/square/retrofit/retrofit/src/test/java/retrofit/RestAdapterTest.java:[228,46] <anonymous retrofit.RestAdapterTest$3> is not abstract and does not override abstract method success(retrofit.Response<java.lang.String>) in retrofit.Callback
[ERROR] /home/travis/build/square/retrofit/retrofit/src/test/java/retrofit/RestAdapterTest.java:[229,7] method does not override or implement a method from a supertype
[ERROR] /home/travis/build/square/retrofit/retrofit/src/test/java/retrofit/RestAdapterTest.java:[240,5] cannot find symbol
[ERROR] symbol:   class RetrofitError
[ERROR] location: class retrofit.RestAdapterTest
[ERROR] -> [Help 1]
[ERROR] 
[ERROR] To see the full stack trace of the errors, re-run Maven with the -e switch.
[ERROR] Re-run Maven using the -X switch to enable full debug logging.
[ERROR] 
[ERROR] For more information about the errors and possible solutions, please read the following articles:
[ERROR] [Help 1] http://cwiki.apache.org/confluence/display/MAVEN/MojoFailureException
[ERROR] 
[ERROR] After correcting the problems, you can resume the build with the command
[ERROR]   mvn <goals> -rf :retrofit

[31;1mThe command "eval mvn install -DskipTests=true -Dmaven.javadoc.skip=true -B -V" failed 3 times.[0m

travis_time:end:08f1c3e4:start=1432009638989403654,finish=1432009669515381276,duration=30525977622[0K
[31;1mThe command "mvn install -DskipTests=true -Dmaven.javadoc.skip=true -B -V" failed and exited with 1 during .[0m

Your build has been stopped.
