Using worker: worker-linux-docker-a0724e8f.prod.travis-ci.org:travis-linux-1

travis_fold:start:system_info[0K[33;1mBuild system information[0m
Build language: java
[34m[1mBuild image provisioning date and time[0m
Thu Feb  5 15:09:33 UTC 2015
[34m[1mOperating System Details[0m
Distributor ID:	Ubuntu
Description:	Ubuntu 12.04.5 LTS
Release:	12.04
Codename:	precise
[34m[1mLinux Version[0m
3.13.0-29-generic
[34m[1mCookbooks Version[0m
a68419e https://github.com/travis-ci/travis-cookbooks/tree/a68419e
[34m[1mGCC version[0m
gcc (Ubuntu/Linaro 4.6.3-1ubuntu5) 4.6.3
Copyright (C) 2011 Free Software Foundation, Inc.
This is free software; see the source for copying conditions.  There is NO
warranty; not even for MERCHANTABILITY or FITNESS FOR A PARTICULAR PURPOSE.

[34m[1mLLVM version[0m
clang version 3.4 (tags/RELEASE_34/final)
Target: x86_64-unknown-linux-gnu
Thread model: posix
[34m[1mPre-installed Ruby versions[0m
ruby-1.9.3-p551
[34m[1mPre-installed Node.js versions[0m
v0.10.36
[34m[1mPre-installed Go versions[0m
1.4.1
[34m[1mRedis version[0m
redis-server 2.8.19
[34m[1mriak version[0m
2.0.2
[34m[1mMongoDB version[0m
MongoDB 2.4.12
[34m[1mCouchDB version[0m
couchdb 1.6.1
[34m[1mNeo4j version[0m
1.9.4
[34m[1mRabbitMQ Version[0m
3.4.3
[34m[1mElasticSearch version[0m
1.4.0
[34m[1mInstalled Sphinx versions[0m
2.0.10
2.1.9
2.2.6
[34m[1mDefault Sphinx version[0m
2.2.6
[34m[1mInstalled Firefox version[0m
firefox 31.0esr
[34m[1mPhantomJS version[0m
1.9.8
[34m[1mant -version[0m
Apache Ant(TM) version 1.8.2 compiled on December 3 2011
[34m[1mmvn -version[0m
Apache Maven 3.2.5 (12a6b3acb947671f09b81f49094c53f426d8cea1; 2014-12-14T17:29:23+00:00)
Maven home: /usr/local/maven
Java version: 1.7.0_76, vendor: Oracle Corporation
Java home: /usr/lib/jvm/java-7-oracle/jre
Default locale: en_US, platform encoding: ANSI_X3.4-1968
OS name: "linux", version: "3.13.0-29-generic", arch: "amd64", family: "unix"
travis_fold:end:system_info[0K
travis_fold:start:git.checkout[0Ktravis_time:start:1c5354f0[0K$ git clone --depth=50 git://github.com/square/retrofit.git square/retrofit
Cloning into 'square/retrofit'...
remote: Counting objects: 1405, done.[K
remote: Compressing objects:   0% (1/734)   [Kremote: Compressing objects:   1% (8/734)   [Kremote: Compressing objects:   2% (15/734)   [Kremote: Compressing objects:   3% (23/734)   [Kremote: Compressing objects:   4% (30/734)   [Kremote: Compressing objects:   5% (37/734)   [Kremote: Compressing objects:   6% (45/734)   [Kremote: Compressing objects:   7% (52/734)   [Kremote: Compressing objects:   8% (59/734)   [Kremote: Compressing objects:   9% (67/734)   [Kremote: Compressing objects:  10% (74/734)   [Kremote: Compressing objects:  11% (81/734)   [Kremote: Compressing objects:  12% (89/734)   [Kremote: Compressing objects:  13% (96/734)   [Kremote: Compressing objects:  14% (103/734)   [Kremote: Compressing objects:  15% (111/734)   [Kremote: Compressing objects:  16% (118/734)   [Kremote: Compressing objects:  17% (125/734)   [Kremote: Compressing objects:  18% (133/734)   [Kremote: Compressing objects:  19% (140/734)   [Kremote: Compressing objects:  20% (147/734)   [Kremote: Compressing objects:  21% (155/734)   [Kremote: Compressing objects:  22% (162/734)   [Kremote: Compressing objects:  23% (169/734)   [Kremote: Compressing objects:  24% (177/734)   [Kremote: Compressing objects:  25% (184/734)   [Kremote: Compressing objects:  26% (191/734)   [Kremote: Compressing objects:  27% (199/734)   [Kremote: Compressing objects:  28% (206/734)   [Kremote: Compressing objects:  29% (213/734)   [Kremote: Compressing objects:  30% (221/734)   [Kremote: Compressing objects:  31% (228/734)   [Kremote: Compressing objects:  32% (235/734)   [Kremote: Compressing objects:  33% (243/734)   [Kremote: Compressing objects:  34% (250/734)   [Kremote: Compressing objects:  35% (257/734)   [Kremote: Compressing objects:  36% (265/734)   [Kremote: Compressing objects:  37% (272/734)   [Kremote: Compressing objects:  38% (279/734)   [Kremote: Compressing objects:  39% (287/734)   [Kremote: Compressing objects:  40% (294/734)   [Kremote: Compressing objects:  41% (301/734)   [Kremote: Compressing objects:  42% (309/734)   [Kremote: Compressing objects:  43% (316/734)   [Kremote: Compressing objects:  44% (323/734)   [Kremote: Compressing objects:  45% (331/734)   [Kremote: Compressing objects:  46% (338/734)   [Kremote: Compressing objects:  47% (345/734)   [Kremote: Compressing objects:  48% (353/734)   [Kremote: Compressing objects:  49% (360/734)   [Kremote: Compressing objects:  50% (367/734)   [Kremote: Compressing objects:  51% (375/734)   [Kremote: Compressing objects:  52% (382/734)   [Kremote: Compressing objects:  53% (390/734)   [Kremote: Compressing objects:  54% (397/734)   [Kremote: Compressing objects:  55% (404/734)   [Kremote: Compressing objects:  56% (412/734)   [Kremote: Compressing objects:  57% (419/734)   [Kremote: Compressing objects:  58% (426/734)   [Kremote: Compressing objects:  59% (434/734)   [Kremote: Compressing objects:  60% (441/734)   [Kremote: Compressing objects:  61% (448/734)   [Kremote: Compressing objects:  62% (456/734)   [Kremote: Compressing objects:  63% (463/734)   [Kremote: Compressing objects:  64% (470/734)   [Kremote: Compressing objects:  65% (478/734)   [Kremote: Compressing objects:  66% (485/734)   [Kremote: Compressing objects:  67% (492/734)   [Kremote: Compressing objects:  68% (500/734)   [Kremote: Compressing objects:  69% (507/734)   [Kremote: Compressing objects:  70% (514/734)   [Kremote: Compressing objects:  71% (522/734)   [Kremote: Compressing objects:  72% (529/734)   [Kremote: Compressing objects:  73% (536/734)   [Kremote: Compressing objects:  74% (544/734)   [Kremote: Compressing objects:  75% (551/734)   [Kremote: Compressing objects:  76% (558/734)   [Kremote: Compressing objects:  77% (566/734)   [Kremote: Compressing objects:  78% (573/734)   [Kremote: Compressing objects:  79% (580/734)   [Kremote: Compressing objects:  80% (588/734)   [Kremote: Compressing objects:  81% (595/734)   [Kremote: Compressing objects:  82% (602/734)   [Kremote: Compressing objects:  83% (610/734)   [Kremote: Compressing objects:  84% (617/734)   [Kremote: Compressing objects:  85% (624/734)   [Kremote: Compressing objects:  86% (632/734)   [Kremote: Compressing objects:  87% (639/734)   [Kremote: Compressing objects:  88% (646/734)   [Kremote: Compressing objects:  89% (654/734)   [Kremote: Compressing objects:  90% (661/734)   [Kremote: Compressing objects:  91% (668/734)   [Kremote: Compressing objects:  92% (676/734)   [Kremote: Compressing objects:  93% (683/734)   [Kremote: Compressing objects:  94% (690/734)   [Kremote: Compressing objects:  95% (698/734)   [Kremote: Compressing objects:  96% (705/734)   [Kremote: Compressing objects:  97% (712/734)   [Kremote: Compressing objects:  98% (720/734)   [Kremote: Compressing objects:  99% (727/734)   [Kremote: Compressing objects: 100% (734/734)   [Kremote: Compressing objects: 100% (734/734), done.[K
Receiving objects:   0% (1/1405)   Receiving objects:   1% (15/1405)   Receiving objects:   2% (29/1405)   Receiving objects:   3% (43/1405)   Receiving objects:   4% (57/1405)   Receiving objects:   5% (71/1405)   Receiving objects:   6% (85/1405)   Receiving objects:   7% (99/1405)   Receiving objects:   8% (113/1405)   Receiving objects:   9% (127/1405)   Receiving objects:  10% (141/1405)   Receiving objects:  11% (155/1405)   Receiving objects:  12% (169/1405)   Receiving objects:  13% (183/1405)   Receiving objects:  14% (197/1405)   Receiving objects:  15% (211/1405)   Receiving objects:  16% (225/1405)   Receiving objects:  17% (239/1405)   Receiving objects:  18% (253/1405)   Receiving objects:  19% (267/1405)   Receiving objects:  20% (281/1405)   Receiving objects:  21% (296/1405)   Receiving objects:  22% (310/1405)   Receiving objects:  23% (324/1405)   Receiving objects:  24% (338/1405)   Receiving objects:  25% (352/1405)   Receiving objects:  26% (366/1405)   Receiving objects:  27% (380/1405)   Receiving objects:  28% (394/1405)   Receiving objects:  29% (408/1405)   Receiving objects:  30% (422/1405)   Receiving objects:  31% (436/1405)   Receiving objects:  32% (450/1405)   Receiving objects:  33% (464/1405)   Receiving objects:  34% (478/1405)   Receiving objects:  35% (492/1405)   Receiving objects:  36% (506/1405)   Receiving objects:  37% (520/1405)   Receiving objects:  38% (534/1405)   Receiving objects:  39% (548/1405)   Receiving objects:  40% (562/1405)   Receiving objects:  41% (577/1405)   Receiving objects:  42% (591/1405)   Receiving objects:  43% (605/1405)   Receiving objects:  44% (619/1405)   Receiving objects:  45% (633/1405)   Receiving objects:  46% (647/1405)   Receiving objects:  47% (661/1405)   Receiving objects:  48% (675/1405)   Receiving objects:  49% (689/1405)   Receiving objects:  50% (703/1405)   Receiving objects:  51% (717/1405)   Receiving objects:  52% (731/1405)   Receiving objects:  53% (745/1405)   Receiving objects:  54% (759/1405)   Receiving objects:  55% (773/1405)   Receiving objects:  56% (787/1405)   Receiving objects:  57% (801/1405)   Receiving objects:  58% (815/1405)   Receiving objects:  59% (829/1405)   Receiving objects:  60% (843/1405)   Receiving objects:  61% (858/1405)   Receiving objects:  62% (872/1405)   Receiving objects:  63% (886/1405)   Receiving objects:  64% (900/1405)   Receiving objects:  65% (914/1405)   Receiving objects:  66% (928/1405)   Receiving objects:  67% (942/1405)   Receiving objects:  68% (956/1405)   Receiving objects:  69% (970/1405)   Receiving objects:  70% (984/1405)   Receiving objects:  71% (998/1405)   Receiving objects:  72% (1012/1405)   remote: Total 1405 (delta 507), reused 1149 (delta 323), pack-reused 0[K
Receiving objects:  73% (1026/1405)   Receiving objects:  74% (1040/1405)   Receiving objects:  75% (1054/1405)   Receiving objects:  76% (1068/1405)   Receiving objects:  77% (1082/1405)   Receiving objects:  78% (1096/1405)   Receiving objects:  79% (1110/1405)   Receiving objects:  80% (1124/1405)   Receiving objects:  81% (1139/1405)   Receiving objects:  82% (1153/1405)   Receiving objects:  83% (1167/1405)   Receiving objects:  84% (1181/1405)   Receiving objects:  85% (1195/1405)   Receiving objects:  86% (1209/1405)   Receiving objects:  87% (1223/1405)   Receiving objects:  88% (1237/1405)   Receiving objects:  89% (1251/1405)   Receiving objects:  90% (1265/1405)   Receiving objects:  91% (1279/1405)   Receiving objects:  92% (1293/1405)   Receiving objects:  93% (1307/1405)   Receiving objects:  94% (1321/1405)   Receiving objects:  95% (1335/1405)   Receiving objects:  96% (1349/1405)   Receiving objects:  97% (1363/1405)   Receiving objects:  98% (1377/1405)   Receiving objects:  99% (1391/1405)   Receiving objects: 100% (1405/1405)   Receiving objects: 100% (1405/1405), 329.03 KiB | 0 bytes/s, done.
Resolving deltas:   0% (0/507)   Resolving deltas:   6% (34/507)   Resolving deltas:   8% (42/507)   Resolving deltas:   9% (47/507)   Resolving deltas:  13% (66/507)   Resolving deltas:  23% (117/507)   Resolving deltas:  24% (124/507)   Resolving deltas:  29% (151/507)   Resolving deltas:  30% (154/507)   Resolving deltas:  31% (161/507)   Resolving deltas:  33% (169/507)   Resolving deltas:  34% (174/507)   Resolving deltas:  35% (179/507)   Resolving deltas:  36% (183/507)   Resolving deltas:  39% (198/507)   Resolving deltas:  40% (203/507)   Resolving deltas:  42% (215/507)   Resolving deltas:  44% (227/507)   Resolving deltas:  46% (234/507)   Resolving deltas:  48% (246/507)   Resolving deltas:  49% (250/507)   Resolving deltas:  50% (256/507)   Resolving deltas:  51% (259/507)   Resolving deltas:  52% (266/507)   Resolving deltas:  53% (272/507)   Resolving deltas:  54% (277/507)   Resolving deltas:  58% (298/507)   Resolving deltas:  59% (304/507)   Resolving deltas:  60% (306/507)   Resolving deltas:  61% (312/507)   Resolving deltas:  62% (316/507)   Resolving deltas:  64% (328/507)   Resolving deltas:  65% (330/507)   Resolving deltas:  66% (335/507)   Resolving deltas:  67% (340/507)   Resolving deltas:  68% (348/507)   Resolving deltas:  70% (356/507)   Resolving deltas:  71% (363/507)   Resolving deltas:  72% (366/507)   Resolving deltas:  73% (375/507)   Resolving deltas:  74% (376/507)   Resolving deltas:  75% (381/507)   Resolving deltas:  76% (390/507)   Resolving deltas:  78% (400/507)   Resolving deltas:  80% (408/507)   Resolving deltas:  81% (415/507)   Resolving deltas:  82% (416/507)   Resolving deltas:  83% (423/507)   Resolving deltas:  84% (426/507)   Resolving deltas:  85% (433/507)   Resolving deltas:  86% (438/507)   Resolving deltas:  87% (445/507)   Resolving deltas:  88% (448/507)   Resolving deltas:  89% (452/507)   Resolving deltas:  96% (488/507)   Resolving deltas:  97% (492/507)   Resolving deltas:  98% (500/507)   Resolving deltas: 100% (507/507)   Resolving deltas: 100% (507/507), done.
Checking connectivity... done.
travis_time:end:1c5354f0:start=1432090661237652371,finish=1432090661441704091,duration=204051720[0K$ cd square/retrofit
travis_time:start:07d067af[0K$ git fetch origin +refs/pull/845/merge:
remote: Counting objects: 57, done.[K
remote: Compressing objects:   2% (1/41)   [Kremote: Compressing objects:   4% (2/41)   [Kremote: Compressing objects:   7% (3/41)   [Kremote: Compressing objects:   9% (4/41)   [Kremote: Compressing objects:  12% (5/41)   [Kremote: Compressing objects:  14% (6/41)   [Kremote: Compressing objects:  17% (7/41)   [Kremote: Compressing objects:  19% (8/41)   [Kremote: Compressing objects:  21% (9/41)   [Kremote: Compressing objects:  24% (10/41)   [Kremote: Compressing objects:  26% (11/41)   [Kremote: Compressing objects:  29% (12/41)   [Kremote: Compressing objects:  31% (13/41)   [Kremote: Compressing objects:  34% (14/41)   [Kremote: Compressing objects:  36% (15/41)   [Kremote: Compressing objects:  39% (16/41)   [Kremote: Compressing objects:  41% (17/41)   [Kremote: Compressing objects:  43% (18/41)   [Kremote: Compressing objects:  46% (19/41)   [Kremote: Compressing objects:  48% (20/41)   [Kremote: Compressing objects:  51% (21/41)   [Kremote: Compressing objects:  53% (22/41)   [Kremote: Compressing objects:  56% (23/41)   [Kremote: Compressing objects:  58% (24/41)   [Kremote: Compressing objects:  60% (25/41)   [Kremote: Compressing objects:  63% (26/41)   [Kremote: Compressing objects:  65% (27/41)   [Kremote: Compressing objects:  68% (28/41)   [Kremote: Compressing objects:  70% (29/41)   [Kremote: Compressing objects:  73% (30/41)   [Kremote: Compressing objects:  75% (31/41)   [Kremote: Compressing objects:  78% (32/41)   [Kremote: Compressing objects:  80% (33/41)   [Kremote: Compressing objects:  82% (34/41)   [Kremote: Compressing objects:  85% (35/41)   [Kremote: Compressing objects:  87% (36/41)   [Kremote: Compressing objects:  90% (37/41)   [Kremote: Compressing objects:  92% (38/41)   [Kremote: Compressing objects:  95% (39/41)   [Kremote: Compressing objects:  97% (40/41)   [Kremote: Compressing objects: 100% (41/41)   [Kremote: Compressing objects: 100% (41/41), done.[K
remote: Total 57 (delta 20), reused 37 (delta 0), pack-reused 0[K
Unpacking objects:   1% (1/57)   Unpacking objects:   3% (2/57)   Unpacking objects:   5% (3/57)   Unpacking objects:   7% (4/57)   Unpacking objects:   8% (5/57)   Unpacking objects:  10% (6/57)   Unpacking objects:  12% (7/57)   Unpacking objects:  14% (8/57)   Unpacking objects:  15% (9/57)   Unpacking objects:  17% (10/57)   Unpacking objects:  19% (11/57)   Unpacking objects:  21% (12/57)   Unpacking objects:  22% (13/57)   Unpacking objects:  24% (14/57)   Unpacking objects:  26% (15/57)   Unpacking objects:  28% (16/57)   Unpacking objects:  29% (17/57)   Unpacking objects:  31% (18/57)   Unpacking objects:  33% (19/57)   Unpacking objects:  35% (20/57)   Unpacking objects:  36% (21/57)   Unpacking objects:  38% (22/57)   Unpacking objects:  40% (23/57)   Unpacking objects:  42% (24/57)   Unpacking objects:  43% (25/57)   Unpacking objects:  45% (26/57)   Unpacking objects:  47% (27/57)   Unpacking objects:  49% (28/57)   Unpacking objects:  50% (29/57)   Unpacking objects:  52% (30/57)   Unpacking objects:  54% (31/57)   Unpacking objects:  56% (32/57)   Unpacking objects:  57% (33/57)   Unpacking objects:  59% (34/57)   Unpacking objects:  61% (35/57)   Unpacking objects:  63% (36/57)   Unpacking objects:  64% (37/57)   Unpacking objects:  66% (38/57)   Unpacking objects:  68% (39/57)   Unpacking objects:  70% (40/57)   Unpacking objects:  71% (41/57)   Unpacking objects:  73% (42/57)   Unpacking objects:  75% (43/57)   Unpacking objects:  77% (44/57)   Unpacking objects:  78% (45/57)   Unpacking objects:  80% (46/57)   Unpacking objects:  82% (47/57)   Unpacking objects:  84% (48/57)   Unpacking objects:  85% (49/57)   Unpacking objects:  87% (50/57)   Unpacking objects:  89% (51/57)   Unpacking objects:  91% (52/57)   Unpacking objects:  92% (53/57)   Unpacking objects:  94% (54/57)   Unpacking objects:  96% (55/57)   Unpacking objects:  98% (56/57)   Unpacking objects: 100% (57/57)   Unpacking objects: 100% (57/57), done.
From git://github.com/square/retrofit
 * branch            refs/pull/845/merge -> FETCH_HEAD
travis_time:end:07d067af:start=1432090661445360450,finish=1432090661547906504,duration=102546054[0K$ git checkout -qf FETCH_HEAD
travis_fold:end:git.checkout[0K
[33;1mThis job is running on container-based infrastructure, which does not allow use of 'sudo', setuid and setguid executables.[0m
[33;1mIf you require sudo, add 'sudo: required' to your .travis.yml[0m
[33;1mSee http://docs.travis-ci.com/user/workers/container-based-infrastructure/ for details.[0m

[33;1mSetting environment variables from .travis.yml[0m
$ export CI_DEPLOY_USERNAME=[secure]
$ export CI_DEPLOY_PASSWORD=[secure]

travis_fold:start:cache.1[0KSetting up build cache
$ export CASHER_DIR=$HOME/.casher
travis_time:start:204e6a39[0K$ Installing caching utilities
travis_time:end:204e6a39:start=1432090663246376819,finish=1432090663379641464,duration=133264645[0Ktravis_time:start:0eebc362[0Kattempting to download cache archive
fetching PR.845/cache--jdk-oraclejdk7.tbz
fetching master/cache--jdk-oraclejdk7.tbz
found cache
travis_time:end:0eebc362:start=1432090663383943724,finish=1432090664503726205,duration=1119782481[0Ktravis_time:start:1562a6f0[0Kadding /home/travis/.m2 to cache
travis_time:end:1562a6f0:start=1432090664507394100,finish=1432090667775737787,duration=3268343687[0Ktravis_fold:end:cache.1[0K$ jdk_switcher use oraclejdk7
Switching to Oracle JDK7 (java-7-oracle), JAVA_HOME will be set to /usr/lib/jvm/java-7-oracle
$ java -Xmx32m -version
java version "1.7.0_76"
Java(TM) SE Runtime Environment (build 1.7.0_76-b13)
Java HotSpot(TM) 64-Bit Server VM (build 24.76-b04, mixed mode)
$ javac -J-Xmx32m -version
javac 1.7.0_76
travis_fold:start:install[0Ktravis_time:start:0f09543c[0K$ mvn install -DskipTests=true -Dmaven.javadoc.skip=true -B -V
Apache Maven 3.2.5 (12a6b3acb947671f09b81f49094c53f426d8cea1; 2014-12-14T17:29:23+00:00)
Maven home: /usr/local/maven
Java version: 1.7.0_76, vendor: Oracle Corporation
Java home: /usr/lib/jvm/java-7-oracle/jre
Default locale: en_US, platform encoding: UTF-8
OS name: "linux", version: "3.13.0-40-generic", arch: "amd64", family: "unix"
[INFO] Scanning for projects...
[INFO] ------------------------------------------------------------------------
[INFO] Reactor Build Order:
[INFO] 
[INFO] Retrofit (Parent)
[INFO] Retrofit
[INFO] Adapters
[INFO] Adapter: RxJava
[INFO] Converters
[INFO] Converter: Protocol Buffers
[INFO] Converter: Jackson
[INFO] Converter: Wire Protocol Buffers
[INFO] Converter: SimpleXML
[INFO] Retrofit Mock Adapter
[INFO] Samples
[INFO] Sample: GitHub Client
[INFO] Sample: Mock GitHub Client
[INFO]                                                                         
[INFO] ------------------------------------------------------------------------
[INFO] Building Retrofit (Parent) 2.0.0-SNAPSHOT
[INFO] ------------------------------------------------------------------------
[INFO] Downloading: https://repo.maven.apache.org/maven2/org/apache/maven/plugins/maven-checkstyle-plugin/2.15/maven-checkstyle-plugin-2.15.pom
[INFO] Downloaded: https://repo.maven.apache.org/maven2/org/apache/maven/plugins/maven-checkstyle-plugin/2.15/maven-checkstyle-plugin-2.15.pom (14 KB at 26.6 KB/sec)
[INFO] Downloading: https://repo.maven.apache.org/maven2/org/apache/maven/plugins/maven-plugins/27/maven-plugins-27.pom
[INFO] Downloaded: https://repo.maven.apache.org/maven2/org/apache/maven/plugins/maven-plugins/27/maven-plugins-27.pom (12 KB at 270.7 KB/sec)
[INFO] Downloading: https://repo.maven.apache.org/maven2/org/apache/maven/maven-parent/26/maven-parent-26.pom
[INFO] Downloaded: https://repo.maven.apache.org/maven2/org/apache/maven/maven-parent/26/maven-parent-26.pom (39 KB at 669.9 KB/sec)
[INFO] Downloading: https://repo.maven.apache.org/maven2/org/apache/apache/16/apache-16.pom
[INFO] Downloaded: https://repo.maven.apache.org/maven2/org/apache/apache/16/apache-16.pom (16 KB at 358.0 KB/sec)
[INFO] Downloading: https://repo.maven.apache.org/maven2/org/apache/maven/plugins/maven-checkstyle-plugin/2.15/maven-checkstyle-plugin-2.15.jar
[INFO] Downloaded: https://repo.maven.apache.org/maven2/org/apache/maven/plugins/maven-checkstyle-plugin/2.15/maven-checkstyle-plugin-2.15.jar (109 KB at 1506.2 KB/sec)
[INFO] 
[INFO] --- maven-enforcer-plugin:1.0:enforce (enforce-maven) @ parent ---
[INFO] 
[INFO] --- maven-checkstyle-plugin:2.15:checkstyle (default) @ parent ---
[INFO] Downloading: https://repo.maven.apache.org/maven2/org/apache/maven/reporting/maven-reporting-api/2.2.1/maven-reporting-api-2.2.1.pom
[INFO] Downloaded: https://repo.maven.apache.org/maven2/org/apache/maven/reporting/maven-reporting-api/2.2.1/maven-reporting-api-2.2.1.pom (2 KB at 41.1 KB/sec)
[INFO] Downloading: https://repo.maven.apache.org/maven2/org/apache/maven/reporting/maven-reporting/2.2.1/maven-reporting-2.2.1.pom
[INFO] Downloaded: https://repo.maven.apache.org/maven2/org/apache/maven/reporting/maven-reporting/2.2.1/maven-reporting-2.2.1.pom (2 KB at 38.1 KB/sec)
[INFO] Downloading: https://repo.maven.apache.org/maven2/org/apache/maven/doxia/doxia-sink-api/1.1/doxia-sink-api-1.1.pom
[INFO] Downloaded: https://repo.maven.apache.org/maven2/org/apache/maven/doxia/doxia-sink-api/1.1/doxia-sink-api-1.1.pom (2 KB at 46.3 KB/sec)
[INFO] Downloading: https://repo.maven.apache.org/maven2/org/apache/maven/doxia/doxia/1.1/doxia-1.1.pom
[INFO] Downloaded: https://repo.maven.apache.org/maven2/org/apache/maven/doxia/doxia/1.1/doxia-1.1.pom (15 KB at 390.1 KB/sec)
[INFO] Downloading: https://repo.maven.apache.org/maven2/org/apache/maven/doxia/doxia-logging-api/1.1/doxia-logging-api-1.1.pom
[INFO] Downloaded: https://repo.maven.apache.org/maven2/org/apache/maven/doxia/doxia-logging-api/1.1/doxia-logging-api-1.1.pom (2 KB at 40.5 KB/sec)
[INFO] Downloading: https://repo.maven.apache.org/maven2/org/apache/maven/reporting/maven-reporting-impl/2.3/maven-reporting-impl-2.3.pom
[INFO] Downloaded: https://repo.maven.apache.org/maven2/org/apache/maven/reporting/maven-reporting-impl/2.3/maven-reporting-impl-2.3.pom (5 KB at 111.0 KB/sec)
[INFO] Downloading: https://repo.maven.apache.org/maven2/org/apache/maven/shared/maven-shared-components/20/maven-shared-components-20.pom
[INFO] Downloaded: https://repo.maven.apache.org/maven2/org/apache/maven/shared/maven-shared-components/20/maven-shared-components-20.pom (5 KB at 134.8 KB/sec)
[INFO] Downloading: https://repo.maven.apache.org/maven2/org/apache/maven/maven-parent/24/maven-parent-24.pom
[INFO] Downloaded: https://repo.maven.apache.org/maven2/org/apache/maven/maven-parent/24/maven-parent-24.pom (37 KB at 838.0 KB/sec)
[INFO] Downloading: https://repo.maven.apache.org/maven2/org/apache/apache/14/apache-14.pom
[INFO] Downloaded: https://repo.maven.apache.org/maven2/org/apache/apache/14/apache-14.pom (15 KB at 367.7 KB/sec)
[INFO] Downloading: https://repo.maven.apache.org/maven2/org/apache/maven/shared/maven-shared-utils/0.6/maven-shared-utils-0.6.pom
[INFO] Downloaded: https://repo.maven.apache.org/maven2/org/apache/maven/shared/maven-shared-utils/0.6/maven-shared-utils-0.6.pom (5 KB at 125.4 KB/sec)
[INFO] Downloading: https://repo.maven.apache.org/maven2/org/apache/maven/shared/maven-shared-components/19/maven-shared-components-19.pom
[INFO] Downloaded: https://repo.maven.apache.org/maven2/org/apache/maven/shared/maven-shared-components/19/maven-shared-components-19.pom (7 KB at 172.5 KB/sec)
[INFO] Downloading: https://repo.maven.apache.org/maven2/org/apache/maven/maven-parent/23/maven-parent-23.pom
[INFO] Downloaded: https://repo.maven.apache.org/maven2/org/apache/maven/maven-parent/23/maven-parent-23.pom (32 KB at 776.2 KB/sec)
[INFO] Downloading: https://repo.maven.apache.org/maven2/org/apache/apache/13/apache-13.pom
[INFO] Downloaded: https://repo.maven.apache.org/maven2/org/apache/apache/13/apache-13.pom (14 KB at 349.9 KB/sec)
[INFO] Downloading: https://repo.maven.apache.org/maven2/org/apache/maven/shared/maven-shared-resources/2/maven-shared-resources-2.pom
[INFO] Downloaded: https://repo.maven.apache.org/maven2/org/apache/maven/shared/maven-shared-resources/2/maven-shared-resources-2.pom (3 KB at 76.0 KB/sec)
[INFO] Downloading: https://repo.maven.apache.org/maven2/org/apache/maven/shared/maven-shared-components/21/maven-shared-components-21.pom
[INFO] Downloaded: https://repo.maven.apache.org/maven2/org/apache/maven/shared/maven-shared-components/21/maven-shared-components-21.pom (5 KB at 131.2 KB/sec)
[INFO] Downloading: https://repo.maven.apache.org/maven2/org/apache/maven/maven-parent/25/maven-parent-25.pom
[INFO] Downloaded: https://repo.maven.apache.org/maven2/org/apache/maven/maven-parent/25/maven-parent-25.pom (37 KB at 850.3 KB/sec)
[INFO] Downloading: https://repo.maven.apache.org/maven2/org/apache/apache/15/apache-15.pom
[INFO] Downloaded: https://repo.maven.apache.org/maven2/org/apache/apache/15/apache-15.pom (15 KB at 402.1 KB/sec)
[INFO] Downloading: https://repo.maven.apache.org/maven2/org/apache/maven/doxia/doxia-sink-api/1.4/doxia-sink-api-1.4.pom
[INFO] Downloaded: https://repo.maven.apache.org/maven2/org/apache/maven/doxia/doxia-sink-api/1.4/doxia-sink-api-1.4.pom (2 KB at 41.5 KB/sec)
[INFO] Downloading: https://repo.maven.apache.org/maven2/org/apache/maven/doxia/doxia/1.4/doxia-1.4.pom
[INFO] Downloaded: https://repo.maven.apache.org/maven2/org/apache/maven/doxia/doxia/1.4/doxia-1.4.pom (18 KB at 381.2 KB/sec)
[INFO] Downloading: https://repo.maven.apache.org/maven2/org/apache/maven/doxia/doxia-logging-api/1.4/doxia-logging-api-1.4.pom
[INFO] Downloaded: https://repo.maven.apache.org/maven2/org/apache/maven/doxia/doxia-logging-api/1.4/doxia-logging-api-1.4.pom (2 KB at 40.5 KB/sec)
[INFO] Downloading: https://repo.maven.apache.org/maven2/org/apache/maven/doxia/doxia-decoration-model/1.4/doxia-decoration-model-1.4.pom
[INFO] Downloaded: https://repo.maven.apache.org/maven2/org/apache/maven/doxia/doxia-decoration-model/1.4/doxia-decoration-model-1.4.pom (3 KB at 67.0 KB/sec)
[INFO] Downloading: https://repo.maven.apache.org/maven2/org/apache/maven/doxia/doxia-sitetools/1.4/doxia-sitetools-1.4.pom
[INFO] Downloaded: https://repo.maven.apache.org/maven2/org/apache/maven/doxia/doxia-sitetools/1.4/doxia-sitetools-1.4.pom (17 KB at 399.1 KB/sec)
[INFO] Downloading: https://repo.maven.apache.org/maven2/org/codehaus/plexus/plexus-utils/3.0.10/plexus-utils-3.0.10.pom
[INFO] Downloaded: https://repo.maven.apache.org/maven2/org/codehaus/plexus/plexus-utils/3.0.10/plexus-utils-3.0.10.pom (4 KB at 80.8 KB/sec)
[INFO] Downloading: https://repo.maven.apache.org/maven2/org/apache/maven/doxia/doxia-site-renderer/1.4/doxia-site-renderer-1.4.pom
[INFO] Downloaded: https://repo.maven.apache.org/maven2/org/apache/maven/doxia/doxia-site-renderer/1.4/doxia-site-renderer-1.4.pom (6 KB at 135.6 KB/sec)
[INFO] Downloading: https://repo.maven.apache.org/maven2/org/apache/maven/doxia/doxia-core/1.4/doxia-core-1.4.pom
[INFO] Downloaded: https://repo.maven.apache.org/maven2/org/apache/maven/doxia/doxia-core/1.4/doxia-core-1.4.pom (4 KB at 104.5 KB/sec)
[INFO] Downloading: https://repo.maven.apache.org/maven2/org/apache/maven/doxia/doxia-module-xhtml/1.4/doxia-module-xhtml-1.4.pom
[INFO] Downloaded: https://repo.maven.apache.org/maven2/org/apache/maven/doxia/doxia-module-xhtml/1.4/doxia-module-xhtml-1.4.pom (2 KB at 30.1 KB/sec)
[INFO] Downloading: https://repo.maven.apache.org/maven2/org/apache/maven/doxia/doxia-modules/1.4/doxia-modules-1.4.pom
[INFO] Downloaded: https://repo.maven.apache.org/maven2/org/apache/maven/doxia/doxia-modules/1.4/doxia-modules-1.4.pom (3 KB at 69.2 KB/sec)
[INFO] Downloading: https://repo.maven.apache.org/maven2/org/apache/maven/doxia/doxia-module-fml/1.4/doxia-module-fml-1.4.pom
[INFO] Downloaded: https://repo.maven.apache.org/maven2/org/apache/maven/doxia/doxia-module-fml/1.4/doxia-module-fml-1.4.pom (5 KB at 109.1 KB/sec)
[INFO] Downloading: https://repo.maven.apache.org/maven2/org/apache/velocity/velocity-tools/2.0/velocity-tools-2.0.pom
[INFO] Downloaded: https://repo.maven.apache.org/maven2/org/apache/velocity/velocity-tools/2.0/velocity-tools-2.0.pom (18 KB at 433.5 KB/sec)
[INFO] Downloading: https://repo.maven.apache.org/maven2/commons-digester/commons-digester/1.8/commons-digester-1.8.pom
[INFO] Downloaded: https://repo.maven.apache.org/maven2/commons-digester/commons-digester/1.8/commons-digester-1.8.pom (7 KB at 166.8 KB/sec)
[INFO] Downloading: https://repo.maven.apache.org/maven2/commons-logging/commons-logging/1.1/commons-logging-1.1.pom
[INFO] Downloaded: https://repo.maven.apache.org/maven2/commons-logging/commons-logging/1.1/commons-logging-1.1.pom (7 KB at 150.9 KB/sec)
[INFO] Downloading: https://repo.maven.apache.org/maven2/logkit/logkit/1.0.1/logkit-1.0.1.pom
[INFO] Downloaded: https://repo.maven.apache.org/maven2/logkit/logkit/1.0.1/logkit-1.0.1.pom (147 B at 3.4 KB/sec)
[INFO] Downloading: https://repo.maven.apache.org/maven2/avalon-framework/avalon-framework/4.1.3/avalon-framework-4.1.3.pom
[INFO] Downloaded: https://repo.maven.apache.org/maven2/avalon-framework/avalon-framework/4.1.3/avalon-framework-4.1.3.pom (167 B at 2.9 KB/sec)
[INFO] Downloading: https://repo.maven.apache.org/maven2/javax/servlet/servlet-api/2.3/servlet-api-2.3.pom
[INFO] Downloaded: https://repo.maven.apache.org/maven2/javax/servlet/servlet-api/2.3/servlet-api-2.3.pom (156 B at 3.2 KB/sec)
[INFO] Downloading: https://repo.maven.apache.org/maven2/commons-chain/commons-chain/1.1/commons-chain-1.1.pom
[INFO] Downloaded: https://repo.maven.apache.org/maven2/commons-chain/commons-chain/1.1/commons-chain-1.1.pom (6 KB at 106.8 KB/sec)
[INFO] Downloading: https://repo.maven.apache.org/maven2/dom4j/dom4j/1.1/dom4j-1.1.pom
[INFO] Downloaded: https://repo.maven.apache.org/maven2/dom4j/dom4j/1.1/dom4j-1.1.pom (142 B at 2.6 KB/sec)
[INFO] Downloading: https://repo.maven.apache.org/maven2/sslext/sslext/1.2-0/sslext-1.2-0.pom
[INFO] Downloaded: https://repo.maven.apache.org/maven2/sslext/sslext/1.2-0/sslext-1.2-0.pom (653 B at 12.0 KB/sec)
[INFO] Downloading: https://repo.maven.apache.org/maven2/org/apache/struts/struts-core/1.3.8/struts-core-1.3.8.pom
[INFO] Downloaded: https://repo.maven.apache.org/maven2/org/apache/struts/struts-core/1.3.8/struts-core-1.3.8.pom (5 KB at 85.9 KB/sec)
[INFO] Downloading: https://repo.maven.apache.org/maven2/org/apache/struts/struts-parent/1.3.8/struts-parent-1.3.8.pom
[INFO] Downloaded: https://repo.maven.apache.org/maven2/org/apache/struts/struts-parent/1.3.8/struts-parent-1.3.8.pom (10 KB at 162.9 KB/sec)
[INFO] Downloading: https://repo.maven.apache.org/maven2/org/apache/struts/struts-master/4/struts-master-4.pom
[INFO] Downloaded: https://repo.maven.apache.org/maven2/org/apache/struts/struts-master/4/struts-master-4.pom (12 KB at 206.3 KB/sec)
[INFO] Downloading: https://repo.maven.apache.org/maven2/org/apache/apache/2/apache-2.pom
[INFO] Downloaded: https://repo.maven.apache.org/maven2/org/apache/apache/2/apache-2.pom (4 KB at 66.6 KB/sec)
[INFO] Downloading: https://repo.maven.apache.org/maven2/antlr/antlr/2.7.2/antlr-2.7.2.pom
[INFO] Downloaded: https://repo.maven.apache.org/maven2/antlr/antlr/2.7.2/antlr-2.7.2.pom (145 B at 2.7 KB/sec)
[INFO] Downloading: https://repo.maven.apache.org/maven2/org/apache/struts/struts-taglib/1.3.8/struts-taglib-1.3.8.pom
[INFO] Downloaded: https://repo.maven.apache.org/maven2/org/apache/struts/struts-taglib/1.3.8/struts-taglib-1.3.8.pom (4 KB at 45.5 KB/sec)
[INFO] Downloading: https://repo.maven.apache.org/maven2/org/apache/struts/struts-tiles/1.3.8/struts-tiles-1.3.8.pom
[INFO] Downloaded: https://repo.maven.apache.org/maven2/org/apache/struts/struts-tiles/1.3.8/struts-tiles-1.3.8.pom (3 KB at 44.3 KB/sec)
[INFO] Downloading: https://repo.maven.apache.org/maven2/org/apache/velocity/velocity/1.6.2/velocity-1.6.2.pom
[INFO] Downloaded: https://repo.maven.apache.org/maven2/org/apache/velocity/velocity/1.6.2/velocity-1.6.2.pom (11 KB at 162.0 KB/sec)
[INFO] Downloading: https://repo.maven.apache.org/maven2/org/apache/maven/doxia/doxia-integration-tools/1.6/doxia-integration-tools-1.6.pom
[INFO] Downloaded: https://repo.maven.apache.org/maven2/org/apache/maven/doxia/doxia-integration-tools/1.6/doxia-integration-tools-1.6.pom (7 KB at 102.9 KB/sec)
[INFO] Downloading: https://repo.maven.apache.org/maven2/org/apache/maven/doxia/doxia-tools/3/doxia-tools-3.pom
[INFO] Downloaded: https://repo.maven.apache.org/maven2/org/apache/maven/doxia/doxia-tools/3/doxia-tools-3.pom (10 KB at 105.4 KB/sec)
[INFO] Downloading: https://repo.maven.apache.org/maven2/org/apache/maven/doxia/doxia-logging-api/1.6/doxia-logging-api-1.6.pom
[INFO] Downloaded: https://repo.maven.apache.org/maven2/org/apache/maven/doxia/doxia-logging-api/1.6/doxia-logging-api-1.6.pom (2 KB at 25.0 KB/sec)
[INFO] Downloading: https://repo.maven.apache.org/maven2/org/apache/maven/doxia/doxia/1.6/doxia-1.6.pom
[INFO] Downloaded: https://repo.maven.apache.org/maven2/org/apache/maven/doxia/doxia/1.6/doxia-1.6.pom (19 KB at 309.0 KB/sec)
[INFO] Downloading: https://repo.maven.apache.org/maven2/org/apache/maven/doxia/doxia-decoration-model/1.6/doxia-decoration-model-1.6.pom
[INFO] Downloaded: https://repo.maven.apache.org/maven2/org/apache/maven/doxia/doxia-decoration-model/1.6/doxia-decoration-model-1.6.pom (3 KB at 51.3 KB/sec)
[INFO] Downloading: https://repo.maven.apache.org/maven2/org/apache/maven/doxia/doxia-sitetools/1.6/doxia-sitetools-1.6.pom
[INFO] Downloaded: https://repo.maven.apache.org/maven2/org/apache/maven/doxia/doxia-sitetools/1.6/doxia-sitetools-1.6.pom (18 KB at 253.2 KB/sec)
[INFO] Downloading: https://repo.maven.apache.org/maven2/org/codehaus/plexus/plexus-utils/3.0.15/plexus-utils-3.0.15.pom
[INFO] Downloaded: https://repo.maven.apache.org/maven2/org/codehaus/plexus/plexus-utils/3.0.15/plexus-utils-3.0.15.pom (4 KB at 51.2 KB/sec)
[INFO] Downloading: https://repo.maven.apache.org/maven2/org/codehaus/plexus/plexus/3.3.1/plexus-3.3.1.pom
[INFO] Downloaded: https://repo.maven.apache.org/maven2/org/codehaus/plexus/plexus/3.3.1/plexus-3.3.1.pom (20 KB at 327.3 KB/sec)
[INFO] Downloading: https://repo.maven.apache.org/maven2/org/codehaus/plexus/plexus-interpolation/1.14/plexus-interpolation-1.14.pom
[INFO] Downloaded: https://repo.maven.apache.org/maven2/org/codehaus/plexus/plexus-interpolation/1.14/plexus-interpolation-1.14.pom (910 B at 15.1 KB/sec)
[INFO] Downloading: https://repo.maven.apache.org/maven2/org/codehaus/plexus/plexus-components/1.1.18/plexus-components-1.1.18.pom
[INFO] Downloaded: https://repo.maven.apache.org/maven2/org/codehaus/plexus/plexus-components/1.1.18/plexus-components-1.1.18.pom (6 KB at 74.7 KB/sec)
[INFO] Downloading: https://repo.maven.apache.org/maven2/org/codehaus/plexus/plexus-resources/1.0.1/plexus-resources-1.0.1.pom
[INFO] Downloaded: https://repo.maven.apache.org/maven2/org/codehaus/plexus/plexus-resources/1.0.1/plexus-resources-1.0.1.pom (2 KB at 33.0 KB/sec)
[INFO] Downloading: https://repo.maven.apache.org/maven2/org/codehaus/plexus/plexus-components/1.3.1/plexus-components-1.3.1.pom
[INFO] Downloaded: https://repo.maven.apache.org/maven2/org/codehaus/plexus/plexus-components/1.3.1/plexus-components-1.3.1.pom (3 KB at 76.7 KB/sec)
[INFO] Downloading: https://repo.maven.apache.org/maven2/org/codehaus/plexus/plexus-utils/3.0.20/plexus-utils-3.0.20.pom
[INFO] Downloaded: https://repo.maven.apache.org/maven2/org/codehaus/plexus/plexus-utils/3.0.20/plexus-utils-3.0.20.pom (4 KB at 90.7 KB/sec)
[INFO] Downloading: https://repo.maven.apache.org/maven2/org/codehaus/plexus/plexus-interpolation/1.21/plexus-interpolation-1.21.pom
[INFO] Downloaded: https://repo.maven.apache.org/maven2/org/codehaus/plexus/plexus-interpolation/1.21/plexus-interpolation-1.21.pom (2 KB at 38.6 KB/sec)
[INFO] Downloading: https://repo.maven.apache.org/maven2/com/puppycrawl/tools/checkstyle/6.1.1/checkstyle-6.1.1.pom
[INFO] Downloaded: https://repo.maven.apache.org/maven2/com/puppycrawl/tools/checkstyle/6.1.1/checkstyle-6.1.1.pom (30 KB at 660.0 KB/sec)
[INFO] Downloading: https://repo.maven.apache.org/maven2/org/antlr/antlr4-runtime/4.3/antlr4-runtime-4.3.pom
[INFO] Downloaded: https://repo.maven.apache.org/maven2/org/antlr/antlr4-runtime/4.3/antlr4-runtime-4.3.pom (5 KB at 119.9 KB/sec)
[INFO] Downloading: https://repo.maven.apache.org/maven2/org/antlr/antlr4-master/4.3/antlr4-master-4.3.pom
[INFO] Downloaded: https://repo.maven.apache.org/maven2/org/antlr/antlr4-master/4.3/antlr4-master-4.3.pom (8 KB at 193.5 KB/sec)
[INFO] Downloading: https://repo.maven.apache.org/maven2/org/abego/treelayout/org.abego.treelayout.core/1.0.1/org.abego.treelayout.core-1.0.1.pom
[INFO] Downloaded: https://repo.maven.apache.org/maven2/org/abego/treelayout/org.abego.treelayout.core/1.0.1/org.abego.treelayout.core-1.0.1.pom (4 KB at 75.8 KB/sec)
[INFO] Downloading: https://repo.maven.apache.org/maven2/org/antlr/antlr4-annotations/4.3/antlr4-annotations-4.3.pom
[INFO] Downloaded: https://repo.maven.apache.org/maven2/org/antlr/antlr4-annotations/4.3/antlr4-annotations-4.3.pom (2 KB at 31.1 KB/sec)
[INFO] Downloading: https://repo.maven.apache.org/maven2/org/slf4j/slf4j-jdk14/1.5.6/slf4j-jdk14-1.5.6.jar
[INFO] Downloading: https://repo.maven.apache.org/maven2/org/slf4j/slf4j-api/1.5.6/slf4j-api-1.5.6.jar
[INFO] Downloading: https://repo.maven.apache.org/maven2/org/sonatype/plexus/plexus-sec-dispatcher/1.3/plexus-sec-dispatcher-1.3.jar
[INFO] Downloading: https://repo.maven.apache.org/maven2/org/slf4j/jcl-over-slf4j/1.5.6/jcl-over-slf4j-1.5.6.jar
[INFO] Downloading: https://repo.maven.apache.org/maven2/org/sonatype/plexus/plexus-cipher/1.4/plexus-cipher-1.4.jar
[INFO] Downloaded: https://repo.maven.apache.org/maven2/org/slf4j/slf4j-api/1.5.6/slf4j-api-1.5.6.jar (22 KB at 411.6 KB/sec)
[INFO] Downloading: https://repo.maven.apache.org/maven2/org/apache/maven/reporting/maven-reporting-impl/2.3/maven-reporting-impl-2.3.jar
[INFO] Downloaded: https://repo.maven.apache.org/maven2/org/sonatype/plexus/plexus-cipher/1.4/plexus-cipher-1.4.jar (14 KB at 148.1 KB/sec)
[INFO] Downloading: https://repo.maven.apache.org/maven2/org/apache/maven/shared/maven-shared-utils/0.6/maven-shared-utils-0.6.jar
[INFO] Downloaded: https://repo.maven.apache.org/maven2/org/apache/maven/reporting/maven-reporting-impl/2.3/maven-reporting-impl-2.3.jar (18 KB at 170.5 KB/sec)
[INFO] Downloading: https://repo.maven.apache.org/maven2/org/apache/maven/shared/maven-shared-resources/2/maven-shared-resources-2.jar
[INFO] Downloaded: https://repo.maven.apache.org/maven2/org/sonatype/plexus/plexus-sec-dispatcher/1.3/plexus-sec-dispatcher-1.3.jar (28 KB at 265.6 KB/sec)
[INFO] Downloading: https://repo.maven.apache.org/maven2/org/apache/maven/doxia/doxia-sink-api/1.4/doxia-sink-api-1.4.jar
[INFO] Downloaded: https://repo.maven.apache.org/maven2/org/slf4j/jcl-over-slf4j/1.5.6/jcl-over-slf4j-1.5.6.jar (17 KB at 139.6 KB/sec)
[INFO] Downloading: https://repo.maven.apache.org/maven2/org/apache/maven/doxia/doxia-logging-api/1.4/doxia-logging-api-1.4.jar
[INFO] Downloaded: https://repo.maven.apache.org/maven2/org/slf4j/slf4j-jdk14/1.5.6/slf4j-jdk14-1.5.6.jar (9 KB at 71.1 KB/sec)
[INFO] Downloading: https://repo.maven.apache.org/maven2/org/apache/maven/doxia/doxia-decoration-model/1.4/doxia-decoration-model-1.4.jar
[INFO] Downloaded: https://repo.maven.apache.org/maven2/org/apache/maven/doxia/doxia-sink-api/1.4/doxia-sink-api-1.4.jar (11 KB at 76.5 KB/sec)
[INFO] Downloading: https://repo.maven.apache.org/maven2/org/apache/maven/doxia/doxia-site-renderer/1.4/doxia-site-renderer-1.4.jar
[INFO] Downloaded: https://repo.maven.apache.org/maven2/org/apache/maven/shared/maven-shared-resources/2/maven-shared-resources-2.jar (13 KB at 87.9 KB/sec)
[INFO] Downloading: https://repo.maven.apache.org/maven2/org/apache/maven/doxia/doxia-module-xhtml/1.4/doxia-module-xhtml-1.4.jar
[INFO] Downloaded: https://repo.maven.apache.org/maven2/org/apache/maven/doxia/doxia-logging-api/1.4/doxia-logging-api-1.4.jar (12 KB at 75.7 KB/sec)
[INFO] Downloading: https://repo.maven.apache.org/maven2/org/apache/maven/doxia/doxia-module-fml/1.4/doxia-module-fml-1.4.jar
[INFO] Downloaded: https://repo.maven.apache.org/maven2/org/apache/maven/doxia/doxia-decoration-model/1.4/doxia-decoration-model-1.4.jar (60 KB at 332.4 KB/sec)
[INFO] Downloading: https://repo.maven.apache.org/maven2/org/apache/velocity/velocity-tools/2.0/velocity-tools-2.0.jar
[INFO] Downloaded: https://repo.maven.apache.org/maven2/org/apache/maven/doxia/doxia-module-xhtml/1.4/doxia-module-xhtml-1.4.jar (16 KB at 81.7 KB/sec)
[INFO] Downloading: https://repo.maven.apache.org/maven2/commons-chain/commons-chain/1.1/commons-chain-1.1.jar
[INFO] Downloaded: https://repo.maven.apache.org/maven2/org/apache/maven/shared/maven-shared-utils/0.6/maven-shared-utils-0.6.jar (161 KB at 850.7 KB/sec)
[INFO] Downloading: https://repo.maven.apache.org/maven2/dom4j/dom4j/1.1/dom4j-1.1.jar
[INFO] Downloaded: https://repo.maven.apache.org/maven2/org/apache/maven/doxia/doxia-module-fml/1.4/doxia-module-fml-1.4.jar (37 KB at 182.0 KB/sec)
[INFO] Downloading: https://repo.maven.apache.org/maven2/sslext/sslext/1.2-0/sslext-1.2-0.jar
[INFO] Downloaded: https://repo.maven.apache.org/maven2/org/apache/maven/doxia/doxia-site-renderer/1.4/doxia-site-renderer-1.4.jar (52 KB at 250.4 KB/sec)
[INFO] Downloading: https://repo.maven.apache.org/maven2/org/apache/struts/struts-core/1.3.8/struts-core-1.3.8.jar
[INFO] Downloaded: https://repo.maven.apache.org/maven2/commons-chain/commons-chain/1.1/commons-chain-1.1.jar (88 KB at 370.9 KB/sec)
[INFO] Downloading: https://repo.maven.apache.org/maven2/org/apache/struts/struts-taglib/1.3.8/struts-taglib-1.3.8.jar
[INFO] Downloaded: https://repo.maven.apache.org/maven2/sslext/sslext/1.2-0/sslext-1.2-0.jar (26 KB at 104.9 KB/sec)
[INFO] Downloading: https://repo.maven.apache.org/maven2/org/apache/struts/struts-tiles/1.3.8/struts-tiles-1.3.8.jar
[INFO] Downloaded: https://repo.maven.apache.org/maven2/org/apache/velocity/velocity-tools/2.0/velocity-tools-2.0.jar (339 KB at 1248.9 KB/sec)
[INFO] Downloading: https://repo.maven.apache.org/maven2/org/apache/maven/doxia/doxia-integration-tools/1.6/doxia-integration-tools-1.6.jar
[INFO] Downloaded: https://repo.maven.apache.org/maven2/org/apache/struts/struts-tiles/1.3.8/struts-tiles-1.3.8.jar (117 KB at 393.4 KB/sec)
[INFO] Downloading: https://repo.maven.apache.org/maven2/org/codehaus/plexus/plexus-resources/1.0.1/plexus-resources-1.0.1.jar
[INFO] Downloaded: https://repo.maven.apache.org/maven2/dom4j/dom4j/1.1/dom4j-1.1.jar (447 KB at 1467.8 KB/sec)
[INFO] Downloading: https://repo.maven.apache.org/maven2/org/codehaus/plexus/plexus-utils/3.0.20/plexus-utils-3.0.20.jar
[INFO] Downloaded: https://repo.maven.apache.org/maven2/org/apache/maven/doxia/doxia-integration-tools/1.6/doxia-integration-tools-1.6.jar (44 KB at 140.1 KB/sec)
[INFO] Downloading: https://repo.maven.apache.org/maven2/org/codehaus/plexus/plexus-interpolation/1.21/plexus-interpolation-1.21.jar
[INFO] Downloaded: https://repo.maven.apache.org/maven2/org/apache/struts/struts-taglib/1.3.8/struts-taglib-1.3.8.jar (246 KB at 789.8 KB/sec)
[INFO] Downloading: https://repo.maven.apache.org/maven2/com/puppycrawl/tools/checkstyle/6.1.1/checkstyle-6.1.1.jar
[INFO] Downloaded: https://repo.maven.apache.org/maven2/org/apache/struts/struts-core/1.3.8/struts-core-1.3.8.jar (322 KB at 1003.7 KB/sec)
[INFO] Downloading: https://repo.maven.apache.org/maven2/org/antlr/antlr4-runtime/4.3/antlr4-runtime-4.3.jar
[INFO] Downloaded: https://repo.maven.apache.org/maven2/org/codehaus/plexus/plexus-resources/1.0.1/plexus-resources-1.0.1.jar (22 KB at 63.6 KB/sec)
[INFO] Downloading: https://repo.maven.apache.org/maven2/org/abego/treelayout/org.abego.treelayout.core/1.0.1/org.abego.treelayout.core-1.0.1.jar
[INFO] Downloaded: https://repo.maven.apache.org/maven2/org/codehaus/plexus/plexus-interpolation/1.21/plexus-interpolation-1.21.jar (61 KB at 173.3 KB/sec)
[INFO] Downloading: https://repo.maven.apache.org/maven2/org/antlr/antlr4-annotations/4.3/antlr4-annotations-4.3.jar
[INFO] Downloaded: https://repo.maven.apache.org/maven2/org/abego/treelayout/org.abego.treelayout.core/1.0.1/org.abego.treelayout.core-1.0.1.jar (25 KB at 65.9 KB/sec)
[INFO] Downloaded: https://repo.maven.apache.org/maven2/org/codehaus/plexus/plexus-utils/3.0.20/plexus-utils-3.0.20.jar (238 KB at 615.1 KB/sec)
[INFO] Downloaded: https://repo.maven.apache.org/maven2/org/antlr/antlr4-runtime/4.3/antlr4-runtime-4.3.jar (337 KB at 844.5 KB/sec)
[INFO] Downloaded: https://repo.maven.apache.org/maven2/org/antlr/antlr4-annotations/4.3/antlr4-annotations-4.3.jar (10 KB at 24.7 KB/sec)
[INFO] Downloaded: https://repo.maven.apache.org/maven2/com/puppycrawl/tools/checkstyle/6.1.1/checkstyle-6.1.1.jar (991 KB at 2370.4 KB/sec)
[INFO] 
[INFO] --- maven-install-plugin:2.4:install (default-install) @ parent ---
[INFO] Installing /home/travis/build/square/retrofit/pom.xml to /home/travis/.m2/repository/com/squareup/retrofit/parent/2.0.0-SNAPSHOT/parent-2.0.0-SNAPSHOT.pom
[INFO]                                                                         
[INFO] ------------------------------------------------------------------------
[INFO] Building Retrofit 2.0.0-SNAPSHOT
[INFO] ------------------------------------------------------------------------
[INFO] 
[INFO] --- maven-enforcer-plugin:1.0:enforce (enforce-maven) @ retrofit ---
[INFO] 
[INFO] --- maven-resources-plugin:2.6:resources (default-resources) @ retrofit ---
[INFO] Using 'UTF-8' encoding to copy filtered resources.
[INFO] skip non existing resourceDirectory /home/travis/build/square/retrofit/retrofit/src/main/resources
[INFO] 
[INFO] --- maven-compiler-plugin:3.0:compile (default-compile) @ retrofit ---
[INFO] Changes detected - recompiling the module!
[INFO] Compiling 39 source files to /home/travis/build/square/retrofit/retrofit/target/classes
[WARNING] /home/travis/build/square/retrofit/retrofit/src/main/java/retrofit/Call.java: Some input files use unchecked or unsafe operations.
[WARNING] /home/travis/build/square/retrofit/retrofit/src/main/java/retrofit/Call.java: Recompile with -Xlint:unchecked for details.
[INFO] 
[INFO] --- maven-resources-plugin:2.6:testResources (default-testResources) @ retrofit ---
[INFO] Using 'UTF-8' encoding to copy filtered resources.
[INFO] skip non existing resourceDirectory /home/travis/build/square/retrofit/retrofit/src/test/resources
[INFO] 
[INFO] --- maven-compiler-plugin:3.0:testCompile (default-testCompile) @ retrofit ---
[INFO] Changes detected - recompiling the module!
[INFO] Compiling 8 source files to /home/travis/build/square/retrofit/retrofit/target/test-classes
[INFO] -------------------------------------------------------------
[ERROR] COMPILATION ERROR : 
[INFO] -------------------------------------------------------------
[ERROR] /home/travis/build/square/retrofit/retrofit/src/test/java/retrofit/MethodInfoTest.java:[16,10] package rx does not exist
[ERROR] /home/travis/build/square/retrofit/retrofit/src/test/java/retrofit/ErrorHandlerTest.java:[13,10] package rx does not exist
[ERROR] /home/travis/build/square/retrofit/retrofit/src/test/java/retrofit/ErrorHandlerTest.java:[14,10] package rx does not exist
[ERROR] /home/travis/build/square/retrofit/retrofit/src/test/java/retrofit/ErrorHandlerTest.java:[35,5] cannot find symbol
  symbol:   class Observable
  location: interface retrofit.ErrorHandlerTest.ExampleClient
[ERROR] /home/travis/build/square/retrofit/retrofit/src/test/java/retrofit/MethodInfoTest.java:[60,29] constructor MethodInfo in class retrofit.MethodInfo cannot be applied to given types;
  required: java.lang.reflect.Method,java.util.List<retrofit.CallAdapter>
  found: java.lang.reflect.Method
  reason: actual and formal argument lists differ in length
[ERROR] /home/travis/build/square/retrofit/retrofit/src/test/java/retrofit/MethodInfoTest.java:[72,29] constructor MethodInfo in class retrofit.MethodInfo cannot be applied to given types;
  required: java.lang.reflect.Method,java.util.List<retrofit.CallAdapter>
  found: java.lang.reflect.Method
  reason: actual and formal argument lists differ in length
[ERROR] /home/travis/build/square/retrofit/retrofit/src/test/java/retrofit/MethodInfoTest.java:[85,29] constructor MethodInfo in class retrofit.MethodInfo cannot be applied to given types;
  required: java.lang.reflect.Method,java.util.List<retrofit.CallAdapter>
  found: java.lang.reflect.Method
  reason: actual and formal argument lists differ in length
[ERROR] /home/travis/build/square/retrofit/retrofit/src/test/java/retrofit/MethodInfoTest.java:[97,29] constructor MethodInfo in class retrofit.MethodInfo cannot be applied to given types;
  required: java.lang.reflect.Method,java.util.List<retrofit.CallAdapter>
  found: java.lang.reflect.Method
  reason: actual and formal argument lists differ in length
[ERROR] /home/travis/build/square/retrofit/retrofit/src/test/java/retrofit/MethodInfoTest.java:[108,29] constructor MethodInfo in class retrofit.MethodInfo cannot be applied to given types;
  required: java.lang.reflect.Method,java.util.List<retrofit.CallAdapter>
  found: java.lang.reflect.Method
  reason: actual and formal argument lists differ in length
[ERROR] /home/travis/build/square/retrofit/retrofit/src/test/java/retrofit/MethodInfoTest.java:[119,29] constructor MethodInfo in class retrofit.MethodInfo cannot be applied to given types;
  required: java.lang.reflect.Method,java.util.List<retrofit.CallAdapter>
  found: java.lang.reflect.Method
  reason: actual and formal argument lists differ in length
[ERROR] /home/travis/build/square/retrofit/retrofit/src/test/java/retrofit/MethodInfoTest.java:[130,29] constructor MethodInfo in class retrofit.MethodInfo cannot be applied to given types;
  required: java.lang.reflect.Method,java.util.List<retrofit.CallAdapter>
  found: java.lang.reflect.Method
  reason: actual and formal argument lists differ in length
[ERROR] /home/travis/build/square/retrofit/retrofit/src/test/java/retrofit/MethodInfoTest.java:[147,29] constructor MethodInfo in class retrofit.MethodInfo cannot be applied to given types;
  required: java.lang.reflect.Method,java.util.List<retrofit.CallAdapter>
  found: java.lang.reflect.Method
  reason: actual and formal argument lists differ in length
[ERROR] /home/travis/build/square/retrofit/retrofit/src/test/java/retrofit/MethodInfoTest.java:[160,29] constructor MethodInfo in class retrofit.MethodInfo cannot be applied to given types;
  required: java.lang.reflect.Method,java.util.List<retrofit.CallAdapter>
  found: java.lang.reflect.Method
  reason: actual and formal argument lists differ in length
[ERROR] /home/travis/build/square/retrofit/retrofit/src/test/java/retrofit/MethodInfoTest.java:[172,29] constructor MethodInfo in class retrofit.MethodInfo cannot be applied to given types;
  required: java.lang.reflect.Method,java.util.List<retrofit.CallAdapter>
  found: java.lang.reflect.Method
  reason: actual and formal argument lists differ in length
[ERROR] /home/travis/build/square/retrofit/retrofit/src/test/java/retrofit/MethodInfoTest.java:[186,29] constructor MethodInfo in class retrofit.MethodInfo cannot be applied to given types;
  required: java.lang.reflect.Method,java.util.List<retrofit.CallAdapter>
  found: java.lang.reflect.Method
  reason: actual and formal argument lists differ in length
[ERROR] /home/travis/build/square/retrofit/retrofit/src/test/java/retrofit/MethodInfoTest.java:[192,20] cannot find symbol
  symbol:   class Observable
  location: class Example
[ERROR] /home/travis/build/square/retrofit/retrofit/src/test/java/retrofit/MethodInfoTest.java:[198,29] constructor MethodInfo in class retrofit.MethodInfo cannot be applied to given types;
  required: java.lang.reflect.Method,java.util.List<retrofit.CallAdapter>
  found: java.lang.reflect.Method
  reason: actual and formal argument lists differ in length
[ERROR] /home/travis/build/square/retrofit/retrofit/src/test/java/retrofit/MethodInfoTest.java:[204,20] cannot find symbol
  symbol:   class Observable
  location: class Example
[ERROR] /home/travis/build/square/retrofit/retrofit/src/test/java/retrofit/MethodInfoTest.java:[210,29] constructor MethodInfo in class retrofit.MethodInfo cannot be applied to given types;
  required: java.lang.reflect.Method,java.util.List<retrofit.CallAdapter>
  found: java.lang.reflect.Method
  reason: actual and formal argument lists differ in length
[ERROR] /home/travis/build/square/retrofit/retrofit/src/test/java/retrofit/RequestBuilderTest.java:[1548,53] constructor CallCallAdapter in class retrofit.CallCallAdapter cannot be applied to given types;
  required: java.util.concurrent.Executor
  found: no arguments
  reason: actual and formal argument lists differ in length
[ERROR] /home/travis/build/square/retrofit/retrofit/src/test/java/retrofit/RequestBuilderTest.java:[1548,22] cannot find symbol
  symbol:   class ExecutionAdapter
  location: class retrofit.RequestBuilderTest
[ERROR] /home/travis/build/square/retrofit/retrofit/src/test/java/retrofit/ErrorHandlerTest.java:[70,60] cannot find symbol
  symbol:   class RetrofitError
  location: class retrofit.ErrorHandlerTest
[ERROR] /home/travis/build/square/retrofit/retrofit/src/test/java/retrofit/ErrorHandlerTest.java:[82,60] cannot find symbol
  symbol:   class RetrofitError
  location: class retrofit.ErrorHandlerTest
[ERROR] /home/travis/build/square/retrofit/retrofit/src/test/java/retrofit/ErrorHandlerTest.java:[90,37] cannot find symbol
  symbol: class RetrofitError
[ERROR] /home/travis/build/square/retrofit/retrofit/src/test/java/retrofit/ErrorHandlerTest.java:[84,68] <anonymous retrofit.ErrorHandlerTest$2> is not abstract and does not override abstract method success(retrofit.Response<com.squareup.okhttp.Response>) in retrofit.Callback
[ERROR] /home/travis/build/square/retrofit/retrofit/src/test/java/retrofit/ErrorHandlerTest.java:[86,7] method does not override or implement a method from a supertype
[ERROR] /home/travis/build/square/retrofit/retrofit/src/test/java/retrofit/ErrorHandlerTest.java:[98,60] cannot find symbol
  symbol:   class RetrofitError
  location: class retrofit.ErrorHandlerTest
[ERROR] /home/travis/build/square/retrofit/retrofit/src/test/java/retrofit/ErrorHandlerTest.java:[101,52] cannot find symbol
  symbol:   class Observer
  location: class retrofit.ErrorHandlerTest
[ERROR] /home/travis/build/square/retrofit/retrofit/src/test/java/retrofit/ErrorHandlerTest.java:[119,55] cannot find symbol
  symbol:   class RetrofitError
  location: class retrofit.ErrorHandlerTest
[ERROR] /home/travis/build/square/retrofit/retrofit/src/test/java/retrofit/RestAdapterTest.java:[92,14] cannot find symbol
  symbol:   class RetrofitError
  location: class retrofit.RestAdapterTest
[ERROR] /home/travis/build/square/retrofit/retrofit/src/test/java/retrofit/RestAdapterTest.java:[117,14] cannot find symbol
  symbol:   class RetrofitError
  location: class retrofit.RestAdapterTest
[ERROR] /home/travis/build/square/retrofit/retrofit/src/test/java/retrofit/RestAdapterTest.java:[136,14] cannot find symbol
  symbol:   class RetrofitError
  location: class retrofit.RestAdapterTest
[ERROR] /home/travis/build/square/retrofit/retrofit/src/test/java/retrofit/RestAdapterTest.java:[137,54] package RetrofitError does not exist
[ERROR] /home/travis/build/square/retrofit/retrofit/src/test/java/retrofit/RestAdapterTest.java:[150,14] cannot find symbol
  symbol:   class RetrofitError
  location: class retrofit.RestAdapterTest
[ERROR] /home/travis/build/square/retrofit/retrofit/src/test/java/retrofit/RestAdapterTest.java:[151,54] package RetrofitError does not exist
[ERROR] /home/travis/build/square/retrofit/retrofit/src/test/java/retrofit/RestAdapterTest.java:[163,14] cannot find symbol
  symbol:   class RetrofitError
  location: class retrofit.RestAdapterTest
[ERROR] /home/travis/build/square/retrofit/retrofit/src/test/java/retrofit/RestAdapterTest.java:[164,54] package RetrofitError does not exist
[ERROR] /home/travis/build/square/retrofit/retrofit/src/test/java/retrofit/RestAdapterTest.java:[194,37] cannot find symbol
  symbol: class RetrofitError
[ERROR] /home/travis/build/square/retrofit/retrofit/src/test/java/retrofit/RestAdapterTest.java:[188,45] <anonymous retrofit.RestAdapterTest$1> is not abstract and does not override abstract method success(retrofit.Response<com.squareup.okhttp.Response>) in retrofit.Callback
[ERROR] /home/travis/build/square/retrofit/retrofit/src/test/java/retrofit/RestAdapterTest.java:[189,7] method does not override or implement a method from a supertype
[ERROR] /home/travis/build/square/retrofit/retrofit/src/test/java/retrofit/RestAdapterTest.java:[214,37] cannot find symbol
  symbol: class RetrofitError
[ERROR] /home/travis/build/square/retrofit/retrofit/src/test/java/retrofit/RestAdapterTest.java:[208,46] <anonymous retrofit.RestAdapterTest$2> is not abstract and does not override abstract method success(retrofit.Response<java.lang.String>) in retrofit.Callback
[ERROR] /home/travis/build/square/retrofit/retrofit/src/test/java/retrofit/RestAdapterTest.java:[209,7] method does not override or implement a method from a supertype
[ERROR] /home/travis/build/square/retrofit/retrofit/src/test/java/retrofit/RestAdapterTest.java:[226,27] cannot find symbol
  symbol:   class RetrofitError
  location: class retrofit.RestAdapterTest
[ERROR] /home/travis/build/square/retrofit/retrofit/src/test/java/retrofit/RestAdapterTest.java:[226,73] cannot find symbol
  symbol:   class RetrofitError
  location: class retrofit.RestAdapterTest
[ERROR] /home/travis/build/square/retrofit/retrofit/src/test/java/retrofit/RestAdapterTest.java:[233,37] cannot find symbol
  symbol: class RetrofitError
[ERROR] /home/travis/build/square/retrofit/retrofit/src/test/java/retrofit/RestAdapterTest.java:[228,46] <anonymous retrofit.RestAdapterTest$3> is not abstract and does not override abstract method success(retrofit.Response<java.lang.String>) in retrofit.Callback
[ERROR] /home/travis/build/square/retrofit/retrofit/src/test/java/retrofit/RestAdapterTest.java:[229,7] method does not override or implement a method from a supertype
[ERROR] /home/travis/build/square/retrofit/retrofit/src/test/java/retrofit/RestAdapterTest.java:[240,5] cannot find symbol
  symbol:   class RetrofitError
  location: class retrofit.RestAdapterTest
[INFO] 49 errors 
[INFO] -------------------------------------------------------------
[INFO] ------------------------------------------------------------------------
[INFO] Reactor Summary:
[INFO] 
[INFO] Retrofit (Parent) .................................. SUCCESS [  6.006 s]
[INFO] Retrofit ........................................... FAILURE [  2.748 s]
[INFO] Adapters ........................................... SKIPPED
[INFO] Adapter: RxJava .................................... SKIPPED
[INFO] Converters ......................................... SKIPPED
[INFO] Converter: Protocol Buffers ........................ SKIPPED
[INFO] Converter: Jackson ................................. SKIPPED
[INFO] Converter: Wire Protocol Buffers ................... SKIPPED
[INFO] Converter: SimpleXML ............................... SKIPPED
[INFO] Retrofit Mock Adapter .............................. SKIPPED
[INFO] Samples ............................................ SKIPPED
[INFO] Sample: GitHub Client .............................. SKIPPED
[INFO] Sample: Mock GitHub Client ......................... SKIPPED
[INFO] ------------------------------------------------------------------------
[INFO] BUILD FAILURE
[INFO] ------------------------------------------------------------------------
[INFO] Total time: 9.068 s
[INFO] Finished at: 2015-05-20T02:57:58+00:00
[INFO] Final Memory: 26M/465M
[INFO] ------------------------------------------------------------------------
[ERROR] Failed to execute goal org.apache.maven.plugins:maven-compiler-plugin:3.0:testCompile (default-testCompile) on project retrofit: Compilation failure: Compilation failure:
[ERROR] /home/travis/build/square/retrofit/retrofit/src/test/java/retrofit/MethodInfoTest.java:[16,10] package rx does not exist
[ERROR] /home/travis/build/square/retrofit/retrofit/src/test/java/retrofit/ErrorHandlerTest.java:[13,10] package rx does not exist
[ERROR] /home/travis/build/square/retrofit/retrofit/src/test/java/retrofit/ErrorHandlerTest.java:[14,10] package rx does not exist
[ERROR] /home/travis/build/square/retrofit/retrofit/src/test/java/retrofit/ErrorHandlerTest.java:[35,5] cannot find symbol
[ERROR] symbol:   class Observable
[ERROR] location: interface retrofit.ErrorHandlerTest.ExampleClient
[ERROR] /home/travis/build/square/retrofit/retrofit/src/test/java/retrofit/MethodInfoTest.java:[60,29] constructor MethodInfo in class retrofit.MethodInfo cannot be applied to given types;
[ERROR] required: java.lang.reflect.Method,java.util.List<retrofit.CallAdapter>
[ERROR] found: java.lang.reflect.Method
[ERROR] reason: actual and formal argument lists differ in length
[ERROR] /home/travis/build/square/retrofit/retrofit/src/test/java/retrofit/MethodInfoTest.java:[72,29] constructor MethodInfo in class retrofit.MethodInfo cannot be applied to given types;
[ERROR] required: java.lang.reflect.Method,java.util.List<retrofit.CallAdapter>
[ERROR] found: java.lang.reflect.Method
[ERROR] reason: actual and formal argument lists differ in length
[ERROR] /home/travis/build/square/retrofit/retrofit/src/test/java/retrofit/MethodInfoTest.java:[85,29] constructor MethodInfo in class retrofit.MethodInfo cannot be applied to given types;
[ERROR] required: java.lang.reflect.Method,java.util.List<retrofit.CallAdapter>
[ERROR] found: java.lang.reflect.Method
[ERROR] reason: actual and formal argument lists differ in length
[ERROR] /home/travis/build/square/retrofit/retrofit/src/test/java/retrofit/MethodInfoTest.java:[97,29] constructor MethodInfo in class retrofit.MethodInfo cannot be applied to given types;
[ERROR] required: java.lang.reflect.Method,java.util.List<retrofit.CallAdapter>
[ERROR] found: java.lang.reflect.Method
[ERROR] reason: actual and formal argument lists differ in length
[ERROR] /home/travis/build/square/retrofit/retrofit/src/test/java/retrofit/MethodInfoTest.java:[108,29] constructor MethodInfo in class retrofit.MethodInfo cannot be applied to given types;
[ERROR] required: java.lang.reflect.Method,java.util.List<retrofit.CallAdapter>
[ERROR] found: java.lang.reflect.Method
[ERROR] reason: actual and formal argument lists differ in length
[ERROR] /home/travis/build/square/retrofit/retrofit/src/test/java/retrofit/MethodInfoTest.java:[119,29] constructor MethodInfo in class retrofit.MethodInfo cannot be applied to given types;
[ERROR] required: java.lang.reflect.Method,java.util.List<retrofit.CallAdapter>
[ERROR] found: java.lang.reflect.Method
[ERROR] reason: actual and formal argument lists differ in length
[ERROR] /home/travis/build/square/retrofit/retrofit/src/test/java/retrofit/MethodInfoTest.java:[130,29] constructor MethodInfo in class retrofit.MethodInfo cannot be applied to given types;
[ERROR] required: java.lang.reflect.Method,java.util.List<retrofit.CallAdapter>
[ERROR] found: java.lang.reflect.Method
[ERROR] reason: actual and formal argument lists differ in length
[ERROR] /home/travis/build/square/retrofit/retrofit/src/test/java/retrofit/MethodInfoTest.java:[147,29] constructor MethodInfo in class retrofit.MethodInfo cannot be applied to given types;
[ERROR] required: java.lang.reflect.Method,java.util.List<retrofit.CallAdapter>
[ERROR] found: java.lang.reflect.Method
[ERROR] reason: actual and formal argument lists differ in length
[ERROR] /home/travis/build/square/retrofit/retrofit/src/test/java/retrofit/MethodInfoTest.java:[160,29] constructor MethodInfo in class retrofit.MethodInfo cannot be applied to given types;
[ERROR] required: java.lang.reflect.Method,java.util.List<retrofit.CallAdapter>
[ERROR] found: java.lang.reflect.Method
[ERROR] reason: actual and formal argument lists differ in length
[ERROR] /home/travis/build/square/retrofit/retrofit/src/test/java/retrofit/MethodInfoTest.java:[172,29] constructor MethodInfo in class retrofit.MethodInfo cannot be applied to given types;
[ERROR] required: java.lang.reflect.Method,java.util.List<retrofit.CallAdapter>
[ERROR] found: java.lang.reflect.Method
[ERROR] reason: actual and formal argument lists differ in length
[ERROR] /home/travis/build/square/retrofit/retrofit/src/test/java/retrofit/MethodInfoTest.java:[186,29] constructor MethodInfo in class retrofit.MethodInfo cannot be applied to given types;
[ERROR] required: java.lang.reflect.Method,java.util.List<retrofit.CallAdapter>
[ERROR] found: java.lang.reflect.Method
[ERROR] reason: actual and formal argument lists differ in length
[ERROR] /home/travis/build/square/retrofit/retrofit/src/test/java/retrofit/MethodInfoTest.java:[192,20] cannot find symbol
[ERROR] symbol:   class Observable
[ERROR] location: class Example
[ERROR] /home/travis/build/square/retrofit/retrofit/src/test/java/retrofit/MethodInfoTest.java:[198,29] constructor MethodInfo in class retrofit.MethodInfo cannot be applied to given types;
[ERROR] required: java.lang.reflect.Method,java.util.List<retrofit.CallAdapter>
[ERROR] found: java.lang.reflect.Method
[ERROR] reason: actual and formal argument lists differ in length
[ERROR] /home/travis/build/square/retrofit/retrofit/src/test/java/retrofit/MethodInfoTest.java:[204,20] cannot find symbol
[ERROR] symbol:   class Observable
[ERROR] location: class Example
[ERROR] /home/travis/build/square/retrofit/retrofit/src/test/java/retrofit/MethodInfoTest.java:[210,29] constructor MethodInfo in class retrofit.MethodInfo cannot be applied to given types;
[ERROR] required: java.lang.reflect.Method,java.util.List<retrofit.CallAdapter>
[ERROR] found: java.lang.reflect.Method
[ERROR] reason: actual and formal argument lists differ in length
[ERROR] /home/travis/build/square/retrofit/retrofit/src/test/java/retrofit/RequestBuilderTest.java:[1548,53] constructor CallCallAdapter in class retrofit.CallCallAdapter cannot be applied to given types;
[ERROR] required: java.util.concurrent.Executor
[ERROR] found: no arguments
[ERROR] reason: actual and formal argument lists differ in length
[ERROR] /home/travis/build/square/retrofit/retrofit/src/test/java/retrofit/RequestBuilderTest.java:[1548,22] cannot find symbol
[ERROR] symbol:   class ExecutionAdapter
[ERROR] location: class retrofit.RequestBuilderTest
[ERROR] /home/travis/build/square/retrofit/retrofit/src/test/java/retrofit/ErrorHandlerTest.java:[70,60] cannot find symbol
[ERROR] symbol:   class RetrofitError
[ERROR] location: class retrofit.ErrorHandlerTest
[ERROR] /home/travis/build/square/retrofit/retrofit/src/test/java/retrofit/ErrorHandlerTest.java:[82,60] cannot find symbol
[ERROR] symbol:   class RetrofitError
[ERROR] location: class retrofit.ErrorHandlerTest
[ERROR] /home/travis/build/square/retrofit/retrofit/src/test/java/retrofit/ErrorHandlerTest.java:[90,37] cannot find symbol
[ERROR] symbol: class RetrofitError
[ERROR] /home/travis/build/square/retrofit/retrofit/src/test/java/retrofit/ErrorHandlerTest.java:[84,68] <anonymous retrofit.ErrorHandlerTest$2> is not abstract and does not override abstract method success(retrofit.Response<com.squareup.okhttp.Response>) in retrofit.Callback
[ERROR] /home/travis/build/square/retrofit/retrofit/src/test/java/retrofit/ErrorHandlerTest.java:[86,7] method does not override or implement a method from a supertype
[ERROR] /home/travis/build/square/retrofit/retrofit/src/test/java/retrofit/ErrorHandlerTest.java:[98,60] cannot find symbol
[ERROR] symbol:   class RetrofitError
[ERROR] location: class retrofit.ErrorHandlerTest
[ERROR] /home/travis/build/square/retrofit/retrofit/src/test/java/retrofit/ErrorHandlerTest.java:[101,52] cannot find symbol
[ERROR] symbol:   class Observer
[ERROR] location: class retrofit.ErrorHandlerTest
[ERROR] /home/travis/build/square/retrofit/retrofit/src/test/java/retrofit/ErrorHandlerTest.java:[119,55] cannot find symbol
[ERROR] symbol:   class RetrofitError
[ERROR] location: class retrofit.ErrorHandlerTest
[ERROR] /home/travis/build/square/retrofit/retrofit/src/test/java/retrofit/RestAdapterTest.java:[92,14] cannot find symbol
[ERROR] symbol:   class RetrofitError
[ERROR] location: class retrofit.RestAdapterTest
[ERROR] /home/travis/build/square/retrofit/retrofit/src/test/java/retrofit/RestAdapterTest.java:[117,14] cannot find symbol
[ERROR] symbol:   class RetrofitError
[ERROR] location: class retrofit.RestAdapterTest
[ERROR] /home/travis/build/square/retrofit/retrofit/src/test/java/retrofit/RestAdapterTest.java:[136,14] cannot find symbol
[ERROR] symbol:   class RetrofitError
[ERROR] location: class retrofit.RestAdapterTest
[ERROR] /home/travis/build/square/retrofit/retrofit/src/test/java/retrofit/RestAdapterTest.java:[137,54] package RetrofitError does not exist
[ERROR] /home/travis/build/square/retrofit/retrofit/src/test/java/retrofit/RestAdapterTest.java:[150,14] cannot find symbol
[ERROR] symbol:   class RetrofitError
[ERROR] location: class retrofit.RestAdapterTest
[ERROR] /home/travis/build/square/retrofit/retrofit/src/test/java/retrofit/RestAdapterTest.java:[151,54] package RetrofitError does not exist
[ERROR] /home/travis/build/square/retrofit/retrofit/src/test/java/retrofit/RestAdapterTest.java:[163,14] cannot find symbol
[ERROR] symbol:   class RetrofitError
[ERROR] location: class retrofit.RestAdapterTest
[ERROR] /home/travis/build/square/retrofit/retrofit/src/test/java/retrofit/RestAdapterTest.java:[164,54] package RetrofitError does not exist
[ERROR] /home/travis/build/square/retrofit/retrofit/src/test/java/retrofit/RestAdapterTest.java:[194,37] cannot find symbol
[ERROR] symbol: class RetrofitError
[ERROR] /home/travis/build/square/retrofit/retrofit/src/test/java/retrofit/RestAdapterTest.java:[188,45] <anonymous retrofit.RestAdapterTest$1> is not abstract and does not override abstract method success(retrofit.Response<com.squareup.okhttp.Response>) in retrofit.Callback
[ERROR] /home/travis/build/square/retrofit/retrofit/src/test/java/retrofit/RestAdapterTest.java:[189,7] method does not override or implement a method from a supertype
[ERROR] /home/travis/build/square/retrofit/retrofit/src/test/java/retrofit/RestAdapterTest.java:[214,37] cannot find symbol
[ERROR] symbol: class RetrofitError
[ERROR] /home/travis/build/square/retrofit/retrofit/src/test/java/retrofit/RestAdapterTest.java:[208,46] <anonymous retrofit.RestAdapterTest$2> is not abstract and does not override abstract method success(retrofit.Response<java.lang.String>) in retrofit.Callback
[ERROR] /home/travis/build/square/retrofit/retrofit/src/test/java/retrofit/RestAdapterTest.java:[209,7] method does not override or implement a method from a supertype
[ERROR] /home/travis/build/square/retrofit/retrofit/src/test/java/retrofit/RestAdapterTest.java:[226,27] cannot find symbol
[ERROR] symbol:   class RetrofitError
[ERROR] location: class retrofit.RestAdapterTest
[ERROR] /home/travis/build/square/retrofit/retrofit/src/test/java/retrofit/RestAdapterTest.java:[226,73] cannot find symbol
[ERROR] symbol:   class RetrofitError
[ERROR] location: class retrofit.RestAdapterTest
[ERROR] /home/travis/build/square/retrofit/retrofit/src/test/java/retrofit/RestAdapterTest.java:[233,37] cannot find symbol
[ERROR] symbol: class RetrofitError
[ERROR] /home/travis/build/square/retrofit/retrofit/src/test/java/retrofit/RestAdapterTest.java:[228,46] <anonymous retrofit.RestAdapterTest$3> is not abstract and does not override abstract method success(retrofit.Response<java.lang.String>) in retrofit.Callback
[ERROR] /home/travis/build/square/retrofit/retrofit/src/test/java/retrofit/RestAdapterTest.java:[229,7] method does not override or implement a method from a supertype
[ERROR] /home/travis/build/square/retrofit/retrofit/src/test/java/retrofit/RestAdapterTest.java:[240,5] cannot find symbol
[ERROR] symbol:   class RetrofitError
[ERROR] location: class retrofit.RestAdapterTest
[ERROR] -> [Help 1]
[ERROR] 
[ERROR] To see the full stack trace of the errors, re-run Maven with the -e switch.
[ERROR] Re-run Maven using the -X switch to enable full debug logging.
[ERROR] 
[ERROR] For more information about the errors and possible solutions, please read the following articles:
[ERROR] [Help 1] http://cwiki.apache.org/confluence/display/MAVEN/MojoFailureException
[ERROR] 
[ERROR] After correcting the problems, you can resume the build with the command
[ERROR]   mvn <goals> -rf :retrofit

[31;1mThe command "eval mvn install -DskipTests=true -Dmaven.javadoc.skip=true -B -V" failed. Retrying, 2 of 3.[0m

Apache Maven 3.2.5 (12a6b3acb947671f09b81f49094c53f426d8cea1; 2014-12-14T17:29:23+00:00)
Maven home: /usr/local/maven
Java version: 1.7.0_76, vendor: Oracle Corporation
Java home: /usr/lib/jvm/java-7-oracle/jre
Default locale: en_US, platform encoding: UTF-8
OS name: "linux", version: "3.13.0-40-generic", arch: "amd64", family: "unix"
[INFO] Scanning for projects...
[INFO] ------------------------------------------------------------------------
[INFO] Reactor Build Order:
[INFO] 
[INFO] Retrofit (Parent)
[INFO] Retrofit
[INFO] Adapters
[INFO] Adapter: RxJava
[INFO] Converters
[INFO] Converter: Protocol Buffers
[INFO] Converter: Jackson
[INFO] Converter: Wire Protocol Buffers
[INFO] Converter: SimpleXML
[INFO] Retrofit Mock Adapter
[INFO] Samples
[INFO] Sample: GitHub Client
[INFO] Sample: Mock GitHub Client
[INFO]                                                                         
[INFO] ------------------------------------------------------------------------
[INFO] Building Retrofit (Parent) 2.0.0-SNAPSHOT
[INFO] ------------------------------------------------------------------------
[INFO] 
[INFO] --- maven-enforcer-plugin:1.0:enforce (enforce-maven) @ parent ---
[INFO] 
[INFO] --- maven-checkstyle-plugin:2.15:checkstyle (default) @ parent ---
[INFO] 
[INFO] --- maven-install-plugin:2.4:install (default-install) @ parent ---
[INFO] Installing /home/travis/build/square/retrofit/pom.xml to /home/travis/.m2/repository/com/squareup/retrofit/parent/2.0.0-SNAPSHOT/parent-2.0.0-SNAPSHOT.pom
[INFO]                                                                         
[INFO] ------------------------------------------------------------------------
[INFO] Building Retrofit 2.0.0-SNAPSHOT
[INFO] ------------------------------------------------------------------------
[INFO] 
[INFO] --- maven-enforcer-plugin:1.0:enforce (enforce-maven) @ retrofit ---
[INFO] 
[INFO] --- maven-resources-plugin:2.6:resources (default-resources) @ retrofit ---
[INFO] Using 'UTF-8' encoding to copy filtered resources.
[INFO] skip non existing resourceDirectory /home/travis/build/square/retrofit/retrofit/src/main/resources
[INFO] 
[INFO] --- maven-compiler-plugin:3.0:compile (default-compile) @ retrofit ---
[INFO] Changes detected - recompiling the module!
[INFO] Compiling 39 source files to /home/travis/build/square/retrofit/retrofit/target/classes
[WARNING] /home/travis/build/square/retrofit/retrofit/src/main/java/retrofit/Call.java: Some input files use unchecked or unsafe operations.
[WARNING] /home/travis/build/square/retrofit/retrofit/src/main/java/retrofit/Call.java: Recompile with -Xlint:unchecked for details.
[INFO] 
[INFO] --- maven-resources-plugin:2.6:testResources (default-testResources) @ retrofit ---
[INFO] Using 'UTF-8' encoding to copy filtered resources.
[INFO] skip non existing resourceDirectory /home/travis/build/square/retrofit/retrofit/src/test/resources
[INFO] 
[INFO] --- maven-compiler-plugin:3.0:testCompile (default-testCompile) @ retrofit ---
[INFO] Changes detected - recompiling the module!
[INFO] Compiling 8 source files to /home/travis/build/square/retrofit/retrofit/target/test-classes
[INFO] -------------------------------------------------------------
[ERROR] COMPILATION ERROR : 
[INFO] -------------------------------------------------------------
[ERROR] /home/travis/build/square/retrofit/retrofit/src/test/java/retrofit/MethodInfoTest.java:[16,10] package rx does not exist
[ERROR] /home/travis/build/square/retrofit/retrofit/src/test/java/retrofit/ErrorHandlerTest.java:[13,10] package rx does not exist
[ERROR] /home/travis/build/square/retrofit/retrofit/src/test/java/retrofit/ErrorHandlerTest.java:[14,10] package rx does not exist
[ERROR] /home/travis/build/square/retrofit/retrofit/src/test/java/retrofit/ErrorHandlerTest.java:[35,5] cannot find symbol
  symbol:   class Observable
  location: interface retrofit.ErrorHandlerTest.ExampleClient
[ERROR] /home/travis/build/square/retrofit/retrofit/src/test/java/retrofit/MethodInfoTest.java:[60,29] constructor MethodInfo in class retrofit.MethodInfo cannot be applied to given types;
  required: java.lang.reflect.Method,java.util.List<retrofit.CallAdapter>
  found: java.lang.reflect.Method
  reason: actual and formal argument lists differ in length
[ERROR] /home/travis/build/square/retrofit/retrofit/src/test/java/retrofit/MethodInfoTest.java:[72,29] constructor MethodInfo in class retrofit.MethodInfo cannot be applied to given types;
  required: java.lang.reflect.Method,java.util.List<retrofit.CallAdapter>
  found: java.lang.reflect.Method
  reason: actual and formal argument lists differ in length
[ERROR] /home/travis/build/square/retrofit/retrofit/src/test/java/retrofit/MethodInfoTest.java:[85,29] constructor MethodInfo in class retrofit.MethodInfo cannot be applied to given types;
  required: java.lang.reflect.Method,java.util.List<retrofit.CallAdapter>
  found: java.lang.reflect.Method
  reason: actual and formal argument lists differ in length
[ERROR] /home/travis/build/square/retrofit/retrofit/src/test/java/retrofit/MethodInfoTest.java:[97,29] constructor MethodInfo in class retrofit.MethodInfo cannot be applied to given types;
  required: java.lang.reflect.Method,java.util.List<retrofit.CallAdapter>
  found: java.lang.reflect.Method
  reason: actual and formal argument lists differ in length
[ERROR] /home/travis/build/square/retrofit/retrofit/src/test/java/retrofit/MethodInfoTest.java:[108,29] constructor MethodInfo in class retrofit.MethodInfo cannot be applied to given types;
  required: java.lang.reflect.Method,java.util.List<retrofit.CallAdapter>
  found: java.lang.reflect.Method
  reason: actual and formal argument lists differ in length
[ERROR] /home/travis/build/square/retrofit/retrofit/src/test/java/retrofit/MethodInfoTest.java:[119,29] constructor MethodInfo in class retrofit.MethodInfo cannot be applied to given types;
  required: java.lang.reflect.Method,java.util.List<retrofit.CallAdapter>
  found: java.lang.reflect.Method
  reason: actual and formal argument lists differ in length
[ERROR] /home/travis/build/square/retrofit/retrofit/src/test/java/retrofit/MethodInfoTest.java:[130,29] constructor MethodInfo in class retrofit.MethodInfo cannot be applied to given types;
  required: java.lang.reflect.Method,java.util.List<retrofit.CallAdapter>
  found: java.lang.reflect.Method
  reason: actual and formal argument lists differ in length
[ERROR] /home/travis/build/square/retrofit/retrofit/src/test/java/retrofit/MethodInfoTest.java:[147,29] constructor MethodInfo in class retrofit.MethodInfo cannot be applied to given types;
  required: java.lang.reflect.Method,java.util.List<retrofit.CallAdapter>
  found: java.lang.reflect.Method
  reason: actual and formal argument lists differ in length
[ERROR] /home/travis/build/square/retrofit/retrofit/src/test/java/retrofit/MethodInfoTest.java:[160,29] constructor MethodInfo in class retrofit.MethodInfo cannot be applied to given types;
  required: java.lang.reflect.Method,java.util.List<retrofit.CallAdapter>
  found: java.lang.reflect.Method
  reason: actual and formal argument lists differ in length
[ERROR] /home/travis/build/square/retrofit/retrofit/src/test/java/retrofit/MethodInfoTest.java:[172,29] constructor MethodInfo in class retrofit.MethodInfo cannot be applied to given types;
  required: java.lang.reflect.Method,java.util.List<retrofit.CallAdapter>
  found: java.lang.reflect.Method
  reason: actual and formal argument lists differ in length
[ERROR] /home/travis/build/square/retrofit/retrofit/src/test/java/retrofit/MethodInfoTest.java:[186,29] constructor MethodInfo in class retrofit.MethodInfo cannot be applied to given types;
  required: java.lang.reflect.Method,java.util.List<retrofit.CallAdapter>
  found: java.lang.reflect.Method
  reason: actual and formal argument lists differ in length
[ERROR] /home/travis/build/square/retrofit/retrofit/src/test/java/retrofit/MethodInfoTest.java:[192,20] cannot find symbol
  symbol:   class Observable
  location: class Example
[ERROR] /home/travis/build/square/retrofit/retrofit/src/test/java/retrofit/MethodInfoTest.java:[198,29] constructor MethodInfo in class retrofit.MethodInfo cannot be applied to given types;
  required: java.lang.reflect.Method,java.util.List<retrofit.CallAdapter>
  found: java.lang.reflect.Method
  reason: actual and formal argument lists differ in length
[ERROR] /home/travis/build/square/retrofit/retrofit/src/test/java/retrofit/MethodInfoTest.java:[204,20] cannot find symbol
  symbol:   class Observable
  location: class Example
[ERROR] /home/travis/build/square/retrofit/retrofit/src/test/java/retrofit/MethodInfoTest.java:[210,29] constructor MethodInfo in class retrofit.MethodInfo cannot be applied to given types;
  required: java.lang.reflect.Method,java.util.List<retrofit.CallAdapter>
  found: java.lang.reflect.Method
  reason: actual and formal argument lists differ in length
[ERROR] /home/travis/build/square/retrofit/retrofit/src/test/java/retrofit/RequestBuilderTest.java:[1548,53] constructor CallCallAdapter in class retrofit.CallCallAdapter cannot be applied to given types;
  required: java.util.concurrent.Executor
  found: no arguments
  reason: actual and formal argument lists differ in length
[ERROR] /home/travis/build/square/retrofit/retrofit/src/test/java/retrofit/RequestBuilderTest.java:[1548,22] cannot find symbol
  symbol:   class ExecutionAdapter
  location: class retrofit.RequestBuilderTest
[ERROR] /home/travis/build/square/retrofit/retrofit/src/test/java/retrofit/ErrorHandlerTest.java:[70,60] cannot find symbol
  symbol:   class RetrofitError
  location: class retrofit.ErrorHandlerTest
[ERROR] /home/travis/build/square/retrofit/retrofit/src/test/java/retrofit/ErrorHandlerTest.java:[82,60] cannot find symbol
  symbol:   class RetrofitError
  location: class retrofit.ErrorHandlerTest
[ERROR] /home/travis/build/square/retrofit/retrofit/src/test/java/retrofit/ErrorHandlerTest.java:[90,37] cannot find symbol
  symbol: class RetrofitError
[ERROR] /home/travis/build/square/retrofit/retrofit/src/test/java/retrofit/ErrorHandlerTest.java:[84,68] <anonymous retrofit.ErrorHandlerTest$2> is not abstract and does not override abstract method success(retrofit.Response<com.squareup.okhttp.Response>) in retrofit.Callback
[ERROR] /home/travis/build/square/retrofit/retrofit/src/test/java/retrofit/ErrorHandlerTest.java:[86,7] method does not override or implement a method from a supertype
[ERROR] /home/travis/build/square/retrofit/retrofit/src/test/java/retrofit/ErrorHandlerTest.java:[98,60] cannot find symbol
  symbol:   class RetrofitError
  location: class retrofit.ErrorHandlerTest
[ERROR] /home/travis/build/square/retrofit/retrofit/src/test/java/retrofit/ErrorHandlerTest.java:[101,52] cannot find symbol
  symbol:   class Observer
  location: class retrofit.ErrorHandlerTest
[ERROR] /home/travis/build/square/retrofit/retrofit/src/test/java/retrofit/ErrorHandlerTest.java:[119,55] cannot find symbol
  symbol:   class RetrofitError
  location: class retrofit.ErrorHandlerTest
[ERROR] /home/travis/build/square/retrofit/retrofit/src/test/java/retrofit/RestAdapterTest.java:[92,14] cannot find symbol
  symbol:   class RetrofitError
  location: class retrofit.RestAdapterTest
[ERROR] /home/travis/build/square/retrofit/retrofit/src/test/java/retrofit/RestAdapterTest.java:[117,14] cannot find symbol
  symbol:   class RetrofitError
  location: class retrofit.RestAdapterTest
[ERROR] /home/travis/build/square/retrofit/retrofit/src/test/java/retrofit/RestAdapterTest.java:[136,14] cannot find symbol
  symbol:   class RetrofitError
  location: class retrofit.RestAdapterTest
[ERROR] /home/travis/build/square/retrofit/retrofit/src/test/java/retrofit/RestAdapterTest.java:[137,54] package RetrofitError does not exist
[ERROR] /home/travis/build/square/retrofit/retrofit/src/test/java/retrofit/RestAdapterTest.java:[150,14] cannot find symbol
  symbol:   class RetrofitError
  location: class retrofit.RestAdapterTest
[ERROR] /home/travis/build/square/retrofit/retrofit/src/test/java/retrofit/RestAdapterTest.java:[151,54] package RetrofitError does not exist
[ERROR] /home/travis/build/square/retrofit/retrofit/src/test/java/retrofit/RestAdapterTest.java:[163,14] cannot find symbol
  symbol:   class RetrofitError
  location: class retrofit.RestAdapterTest
[ERROR] /home/travis/build/square/retrofit/retrofit/src/test/java/retrofit/RestAdapterTest.java:[164,54] package RetrofitError does not exist
[ERROR] /home/travis/build/square/retrofit/retrofit/src/test/java/retrofit/RestAdapterTest.java:[194,37] cannot find symbol
  symbol: class RetrofitError
[ERROR] /home/travis/build/square/retrofit/retrofit/src/test/java/retrofit/RestAdapterTest.java:[188,45] <anonymous retrofit.RestAdapterTest$1> is not abstract and does not override abstract method success(retrofit.Response<com.squareup.okhttp.Response>) in retrofit.Callback
[ERROR] /home/travis/build/square/retrofit/retrofit/src/test/java/retrofit/RestAdapterTest.java:[189,7] method does not override or implement a method from a supertype
[ERROR] /home/travis/build/square/retrofit/retrofit/src/test/java/retrofit/RestAdapterTest.java:[214,37] cannot find symbol
  symbol: class RetrofitError
[ERROR] /home/travis/build/square/retrofit/retrofit/src/test/java/retrofit/RestAdapterTest.java:[208,46] <anonymous retrofit.RestAdapterTest$2> is not abstract and does not override abstract method success(retrofit.Response<java.lang.String>) in retrofit.Callback
[ERROR] /home/travis/build/square/retrofit/retrofit/src/test/java/retrofit/RestAdapterTest.java:[209,7] method does not override or implement a method from a supertype
[ERROR] /home/travis/build/square/retrofit/retrofit/src/test/java/retrofit/RestAdapterTest.java:[226,27] cannot find symbol
  symbol:   class RetrofitError
  location: class retrofit.RestAdapterTest
[ERROR] /home/travis/build/square/retrofit/retrofit/src/test/java/retrofit/RestAdapterTest.java:[226,73] cannot find symbol
  symbol:   class RetrofitError
  location: class retrofit.RestAdapterTest
[ERROR] /home/travis/build/square/retrofit/retrofit/src/test/java/retrofit/RestAdapterTest.java:[233,37] cannot find symbol
  symbol: class RetrofitError
[ERROR] /home/travis/build/square/retrofit/retrofit/src/test/java/retrofit/RestAdapterTest.java:[228,46] <anonymous retrofit.RestAdapterTest$3> is not abstract and does not override abstract method success(retrofit.Response<java.lang.String>) in retrofit.Callback
[ERROR] /home/travis/build/square/retrofit/retrofit/src/test/java/retrofit/RestAdapterTest.java:[229,7] method does not override or implement a method from a supertype
[ERROR] /home/travis/build/square/retrofit/retrofit/src/test/java/retrofit/RestAdapterTest.java:[240,5] cannot find symbol
  symbol:   class RetrofitError
  location: class retrofit.RestAdapterTest
[INFO] 49 errors 
[INFO] -------------------------------------------------------------
[INFO] ------------------------------------------------------------------------
[INFO] Reactor Summary:
[INFO] 
[INFO] Retrofit (Parent) .................................. SUCCESS [  1.678 s]
[INFO] Retrofit ........................................... FAILURE [  3.840 s]
[INFO] Adapters ........................................... SKIPPED
[INFO] Adapter: RxJava .................................... SKIPPED
[INFO] Converters ......................................... SKIPPED
[INFO] Converter: Protocol Buffers ........................ SKIPPED
[INFO] Converter: Jackson ................................. SKIPPED
[INFO] Converter: Wire Protocol Buffers ................... SKIPPED
[INFO] Converter: SimpleXML ............................... SKIPPED
[INFO] Retrofit Mock Adapter .............................. SKIPPED
[INFO] Samples ............................................ SKIPPED
[INFO] Sample: GitHub Client .............................. SKIPPED
[INFO] Sample: Mock GitHub Client ......................... SKIPPED
[INFO] ------------------------------------------------------------------------
[INFO] BUILD FAILURE
[INFO] ------------------------------------------------------------------------
[INFO] Total time: 5.825 s
[INFO] Finished at: 2015-05-20T02:58:07+00:00
[INFO] Final Memory: 23M/465M
[INFO] ------------------------------------------------------------------------
[ERROR] Failed to execute goal org.apache.maven.plugins:maven-compiler-plugin:3.0:testCompile (default-testCompile) on project retrofit: Compilation failure: Compilation failure:
[ERROR] /home/travis/build/square/retrofit/retrofit/src/test/java/retrofit/MethodInfoTest.java:[16,10] package rx does not exist
[ERROR] /home/travis/build/square/retrofit/retrofit/src/test/java/retrofit/ErrorHandlerTest.java:[13,10] package rx does not exist
[ERROR] /home/travis/build/square/retrofit/retrofit/src/test/java/retrofit/ErrorHandlerTest.java:[14,10] package rx does not exist
[ERROR] /home/travis/build/square/retrofit/retrofit/src/test/java/retrofit/ErrorHandlerTest.java:[35,5] cannot find symbol
[ERROR] symbol:   class Observable
[ERROR] location: interface retrofit.ErrorHandlerTest.ExampleClient
[ERROR] /home/travis/build/square/retrofit/retrofit/src/test/java/retrofit/MethodInfoTest.java:[60,29] constructor MethodInfo in class retrofit.MethodInfo cannot be applied to given types;
[ERROR] required: java.lang.reflect.Method,java.util.List<retrofit.CallAdapter>
[ERROR] found: java.lang.reflect.Method
[ERROR] reason: actual and formal argument lists differ in length
[ERROR] /home/travis/build/square/retrofit/retrofit/src/test/java/retrofit/MethodInfoTest.java:[72,29] constructor MethodInfo in class retrofit.MethodInfo cannot be applied to given types;
[ERROR] required: java.lang.reflect.Method,java.util.List<retrofit.CallAdapter>
[ERROR] found: java.lang.reflect.Method
[ERROR] reason: actual and formal argument lists differ in length
[ERROR] /home/travis/build/square/retrofit/retrofit/src/test/java/retrofit/MethodInfoTest.java:[85,29] constructor MethodInfo in class retrofit.MethodInfo cannot be applied to given types;
[ERROR] required: java.lang.reflect.Method,java.util.List<retrofit.CallAdapter>
[ERROR] found: java.lang.reflect.Method
[ERROR] reason: actual and formal argument lists differ in length
[ERROR] /home/travis/build/square/retrofit/retrofit/src/test/java/retrofit/MethodInfoTest.java:[97,29] constructor MethodInfo in class retrofit.MethodInfo cannot be applied to given types;
[ERROR] required: java.lang.reflect.Method,java.util.List<retrofit.CallAdapter>
[ERROR] found: java.lang.reflect.Method
[ERROR] reason: actual and formal argument lists differ in length
[ERROR] /home/travis/build/square/retrofit/retrofit/src/test/java/retrofit/MethodInfoTest.java:[108,29] constructor MethodInfo in class retrofit.MethodInfo cannot be applied to given types;
[ERROR] required: java.lang.reflect.Method,java.util.List<retrofit.CallAdapter>
[ERROR] found: java.lang.reflect.Method
[ERROR] reason: actual and formal argument lists differ in length
[ERROR] /home/travis/build/square/retrofit/retrofit/src/test/java/retrofit/MethodInfoTest.java:[119,29] constructor MethodInfo in class retrofit.MethodInfo cannot be applied to given types;
[ERROR] required: java.lang.reflect.Method,java.util.List<retrofit.CallAdapter>
[ERROR] found: java.lang.reflect.Method
[ERROR] reason: actual and formal argument lists differ in length
[ERROR] /home/travis/build/square/retrofit/retrofit/src/test/java/retrofit/MethodInfoTest.java:[130,29] constructor MethodInfo in class retrofit.MethodInfo cannot be applied to given types;
[ERROR] required: java.lang.reflect.Method,java.util.List<retrofit.CallAdapter>
[ERROR] found: java.lang.reflect.Method
[ERROR] reason: actual and formal argument lists differ in length
[ERROR] /home/travis/build/square/retrofit/retrofit/src/test/java/retrofit/MethodInfoTest.java:[147,29] constructor MethodInfo in class retrofit.MethodInfo cannot be applied to given types;
[ERROR] required: java.lang.reflect.Method,java.util.List<retrofit.CallAdapter>
[ERROR] found: java.lang.reflect.Method
[ERROR] reason: actual and formal argument lists differ in length
[ERROR] /home/travis/build/square/retrofit/retrofit/src/test/java/retrofit/MethodInfoTest.java:[160,29] constructor MethodInfo in class retrofit.MethodInfo cannot be applied to given types;
[ERROR] required: java.lang.reflect.Method,java.util.List<retrofit.CallAdapter>
[ERROR] found: java.lang.reflect.Method
[ERROR] reason: actual and formal argument lists differ in length
[ERROR] /home/travis/build/square/retrofit/retrofit/src/test/java/retrofit/MethodInfoTest.java:[172,29] constructor MethodInfo in class retrofit.MethodInfo cannot be applied to given types;
[ERROR] required: java.lang.reflect.Method,java.util.List<retrofit.CallAdapter>
[ERROR] found: java.lang.reflect.Method
[ERROR] reason: actual and formal argument lists differ in length
[ERROR] /home/travis/build/square/retrofit/retrofit/src/test/java/retrofit/MethodInfoTest.java:[186,29] constructor MethodInfo in class retrofit.MethodInfo cannot be applied to given types;
[ERROR] required: java.lang.reflect.Method,java.util.List<retrofit.CallAdapter>
[ERROR] found: java.lang.reflect.Method
[ERROR] reason: actual and formal argument lists differ in length
[ERROR] /home/travis/build/square/retrofit/retrofit/src/test/java/retrofit/MethodInfoTest.java:[192,20] cannot find symbol
[ERROR] symbol:   class Observable
[ERROR] location: class Example
[ERROR] /home/travis/build/square/retrofit/retrofit/src/test/java/retrofit/MethodInfoTest.java:[198,29] constructor MethodInfo in class retrofit.MethodInfo cannot be applied to given types;
[ERROR] required: java.lang.reflect.Method,java.util.List<retrofit.CallAdapter>
[ERROR] found: java.lang.reflect.Method
[ERROR] reason: actual and formal argument lists differ in length
[ERROR] /home/travis/build/square/retrofit/retrofit/src/test/java/retrofit/MethodInfoTest.java:[204,20] cannot find symbol
[ERROR] symbol:   class Observable
[ERROR] location: class Example
[ERROR] /home/travis/build/square/retrofit/retrofit/src/test/java/retrofit/MethodInfoTest.java:[210,29] constructor MethodInfo in class retrofit.MethodInfo cannot be applied to given types;
[ERROR] required: java.lang.reflect.Method,java.util.List<retrofit.CallAdapter>
[ERROR] found: java.lang.reflect.Method
[ERROR] reason: actual and formal argument lists differ in length
[ERROR] /home/travis/build/square/retrofit/retrofit/src/test/java/retrofit/RequestBuilderTest.java:[1548,53] constructor CallCallAdapter in class retrofit.CallCallAdapter cannot be applied to given types;
[ERROR] required: java.util.concurrent.Executor
[ERROR] found: no arguments
[ERROR] reason: actual and formal argument lists differ in length
[ERROR] /home/travis/build/square/retrofit/retrofit/src/test/java/retrofit/RequestBuilderTest.java:[1548,22] cannot find symbol
[ERROR] symbol:   class ExecutionAdapter
[ERROR] location: class retrofit.RequestBuilderTest
[ERROR] /home/travis/build/square/retrofit/retrofit/src/test/java/retrofit/ErrorHandlerTest.java:[70,60] cannot find symbol
[ERROR] symbol:   class RetrofitError
[ERROR] location: class retrofit.ErrorHandlerTest
[ERROR] /home/travis/build/square/retrofit/retrofit/src/test/java/retrofit/ErrorHandlerTest.java:[82,60] cannot find symbol
[ERROR] symbol:   class RetrofitError
[ERROR] location: class retrofit.ErrorHandlerTest
[ERROR] /home/travis/build/square/retrofit/retrofit/src/test/java/retrofit/ErrorHandlerTest.java:[90,37] cannot find symbol
[ERROR] symbol: class RetrofitError
[ERROR] /home/travis/build/square/retrofit/retrofit/src/test/java/retrofit/ErrorHandlerTest.java:[84,68] <anonymous retrofit.ErrorHandlerTest$2> is not abstract and does not override abstract method success(retrofit.Response<com.squareup.okhttp.Response>) in retrofit.Callback
[ERROR] /home/travis/build/square/retrofit/retrofit/src/test/java/retrofit/ErrorHandlerTest.java:[86,7] method does not override or implement a method from a supertype
[ERROR] /home/travis/build/square/retrofit/retrofit/src/test/java/retrofit/ErrorHandlerTest.java:[98,60] cannot find symbol
[ERROR] symbol:   class RetrofitError
[ERROR] location: class retrofit.ErrorHandlerTest
[ERROR] /home/travis/build/square/retrofit/retrofit/src/test/java/retrofit/ErrorHandlerTest.java:[101,52] cannot find symbol
[ERROR] symbol:   class Observer
[ERROR] location: class retrofit.ErrorHandlerTest
[ERROR] /home/travis/build/square/retrofit/retrofit/src/test/java/retrofit/ErrorHandlerTest.java:[119,55] cannot find symbol
[ERROR] symbol:   class RetrofitError
[ERROR] location: class retrofit.ErrorHandlerTest
[ERROR] /home/travis/build/square/retrofit/retrofit/src/test/java/retrofit/RestAdapterTest.java:[92,14] cannot find symbol
[ERROR] symbol:   class RetrofitError
[ERROR] location: class retrofit.RestAdapterTest
[ERROR] /home/travis/build/square/retrofit/retrofit/src/test/java/retrofit/RestAdapterTest.java:[117,14] cannot find symbol
[ERROR] symbol:   class RetrofitError
[ERROR] location: class retrofit.RestAdapterTest
[ERROR] /home/travis/build/square/retrofit/retrofit/src/test/java/retrofit/RestAdapterTest.java:[136,14] cannot find symbol
[ERROR] symbol:   class RetrofitError
[ERROR] location: class retrofit.RestAdapterTest
[ERROR] /home/travis/build/square/retrofit/retrofit/src/test/java/retrofit/RestAdapterTest.java:[137,54] package RetrofitError does not exist
[ERROR] /home/travis/build/square/retrofit/retrofit/src/test/java/retrofit/RestAdapterTest.java:[150,14] cannot find symbol
[ERROR] symbol:   class RetrofitError
[ERROR] location: class retrofit.RestAdapterTest
[ERROR] /home/travis/build/square/retrofit/retrofit/src/test/java/retrofit/RestAdapterTest.java:[151,54] package RetrofitError does not exist
[ERROR] /home/travis/build/square/retrofit/retrofit/src/test/java/retrofit/RestAdapterTest.java:[163,14] cannot find symbol
[ERROR] symbol:   class RetrofitError
[ERROR] location: class retrofit.RestAdapterTest
[ERROR] /home/travis/build/square/retrofit/retrofit/src/test/java/retrofit/RestAdapterTest.java:[164,54] package RetrofitError does not exist
[ERROR] /home/travis/build/square/retrofit/retrofit/src/test/java/retrofit/RestAdapterTest.java:[194,37] cannot find symbol
[ERROR] symbol: class RetrofitError
[ERROR] /home/travis/build/square/retrofit/retrofit/src/test/java/retrofit/RestAdapterTest.java:[188,45] <anonymous retrofit.RestAdapterTest$1> is not abstract and does not override abstract method success(retrofit.Response<com.squareup.okhttp.Response>) in retrofit.Callback
[ERROR] /home/travis/build/square/retrofit/retrofit/src/test/java/retrofit/RestAdapterTest.java:[189,7] method does not override or implement a method from a supertype
[ERROR] /home/travis/build/square/retrofit/retrofit/src/test/java/retrofit/RestAdapterTest.java:[214,37] cannot find symbol
[ERROR] symbol: class RetrofitError
[ERROR] /home/travis/build/square/retrofit/retrofit/src/test/java/retrofit/RestAdapterTest.java:[208,46] <anonymous retrofit.RestAdapterTest$2> is not abstract and does not override abstract method success(retrofit.Response<java.lang.String>) in retrofit.Callback
[ERROR] /home/travis/build/square/retrofit/retrofit/src/test/java/retrofit/RestAdapterTest.java:[209,7] method does not override or implement a method from a supertype
[ERROR] /home/travis/build/square/retrofit/retrofit/src/test/java/retrofit/RestAdapterTest.java:[226,27] cannot find symbol
[ERROR] symbol:   class RetrofitError
[ERROR] location: class retrofit.RestAdapterTest
[ERROR] /home/travis/build/square/retrofit/retrofit/src/test/java/retrofit/RestAdapterTest.java:[226,73] cannot find symbol
[ERROR] symbol:   class RetrofitError
[ERROR] location: class retrofit.RestAdapterTest
[ERROR] /home/travis/build/square/retrofit/retrofit/src/test/java/retrofit/RestAdapterTest.java:[233,37] cannot find symbol
[ERROR] symbol: class RetrofitError
[ERROR] /home/travis/build/square/retrofit/retrofit/src/test/java/retrofit/RestAdapterTest.java:[228,46] <anonymous retrofit.RestAdapterTest$3> is not abstract and does not override abstract method success(retrofit.Response<java.lang.String>) in retrofit.Callback
[ERROR] /home/travis/build/square/retrofit/retrofit/src/test/java/retrofit/RestAdapterTest.java:[229,7] method does not override or implement a method from a supertype
[ERROR] /home/travis/build/square/retrofit/retrofit/src/test/java/retrofit/RestAdapterTest.java:[240,5] cannot find symbol
[ERROR] symbol:   class RetrofitError
[ERROR] location: class retrofit.RestAdapterTest
[ERROR] -> [Help 1]
[ERROR] 
[ERROR] To see the full stack trace of the errors, re-run Maven with the -e switch.
[ERROR] Re-run Maven using the -X switch to enable full debug logging.
[ERROR] 
[ERROR] For more information about the errors and possible solutions, please read the following articles:
[ERROR] [Help 1] http://cwiki.apache.org/confluence/display/MAVEN/MojoFailureException
[ERROR] 
[ERROR] After correcting the problems, you can resume the build with the command
[ERROR]   mvn <goals> -rf :retrofit

[31;1mThe command "eval mvn install -DskipTests=true -Dmaven.javadoc.skip=true -B -V" failed. Retrying, 3 of 3.[0m

Apache Maven 3.2.5 (12a6b3acb947671f09b81f49094c53f426d8cea1; 2014-12-14T17:29:23+00:00)
Maven home: /usr/local/maven
Java version: 1.7.0_76, vendor: Oracle Corporation
Java home: /usr/lib/jvm/java-7-oracle/jre
Default locale: en_US, platform encoding: UTF-8
OS name: "linux", version: "3.13.0-40-generic", arch: "amd64", family: "unix"
[INFO] Scanning for projects...
[INFO] ------------------------------------------------------------------------
[INFO] Reactor Build Order:
[INFO] 
[INFO] Retrofit (Parent)
[INFO] Retrofit
[INFO] Adapters
[INFO] Adapter: RxJava
[INFO] Converters
[INFO] Converter: Protocol Buffers
[INFO] Converter: Jackson
[INFO] Converter: Wire Protocol Buffers
[INFO] Converter: SimpleXML
[INFO] Retrofit Mock Adapter
[INFO] Samples
[INFO] Sample: GitHub Client
[INFO] Sample: Mock GitHub Client
[INFO]                                                                         
[INFO] ------------------------------------------------------------------------
[INFO] Building Retrofit (Parent) 2.0.0-SNAPSHOT
[INFO] ------------------------------------------------------------------------
[INFO] 
[INFO] --- maven-enforcer-plugin:1.0:enforce (enforce-maven) @ parent ---
[INFO] 
[INFO] --- maven-checkstyle-plugin:2.15:checkstyle (default) @ parent ---
[INFO] 
[INFO] --- maven-install-plugin:2.4:install (default-install) @ parent ---
[INFO] Installing /home/travis/build/square/retrofit/pom.xml to /home/travis/.m2/repository/com/squareup/retrofit/parent/2.0.0-SNAPSHOT/parent-2.0.0-SNAPSHOT.pom
[INFO]                                                                         
[INFO] ------------------------------------------------------------------------
[INFO] Building Retrofit 2.0.0-SNAPSHOT
[INFO] ------------------------------------------------------------------------
[INFO] 
[INFO] --- maven-enforcer-plugin:1.0:enforce (enforce-maven) @ retrofit ---
[INFO] 
[INFO] --- maven-resources-plugin:2.6:resources (default-resources) @ retrofit ---
[INFO] Using 'UTF-8' encoding to copy filtered resources.
[INFO] skip non existing resourceDirectory /home/travis/build/square/retrofit/retrofit/src/main/resources
[INFO] 
[INFO] --- maven-compiler-plugin:3.0:compile (default-compile) @ retrofit ---
[INFO] Changes detected - recompiling the module!
[INFO] Compiling 39 source files to /home/travis/build/square/retrofit/retrofit/target/classes
[WARNING] /home/travis/build/square/retrofit/retrofit/src/main/java/retrofit/Call.java: Some input files use unchecked or unsafe operations.
[WARNING] /home/travis/build/square/retrofit/retrofit/src/main/java/retrofit/Call.java: Recompile with -Xlint:unchecked for details.
[INFO] 
[INFO] --- maven-resources-plugin:2.6:testResources (default-testResources) @ retrofit ---
[INFO] Using 'UTF-8' encoding to copy filtered resources.
[INFO] skip non existing resourceDirectory /home/travis/build/square/retrofit/retrofit/src/test/resources
[INFO] 
[INFO] --- maven-compiler-plugin:3.0:testCompile (default-testCompile) @ retrofit ---
[INFO] Changes detected - recompiling the module!
[INFO] Compiling 8 source files to /home/travis/build/square/retrofit/retrofit/target/test-classes
[INFO] -------------------------------------------------------------
[ERROR] COMPILATION ERROR : 
[INFO] -------------------------------------------------------------
[ERROR] /home/travis/build/square/retrofit/retrofit/src/test/java/retrofit/MethodInfoTest.java:[16,10] package rx does not exist
[ERROR] /home/travis/build/square/retrofit/retrofit/src/test/java/retrofit/ErrorHandlerTest.java:[13,10] package rx does not exist
[ERROR] /home/travis/build/square/retrofit/retrofit/src/test/java/retrofit/ErrorHandlerTest.java:[14,10] package rx does not exist
[ERROR] /home/travis/build/square/retrofit/retrofit/src/test/java/retrofit/ErrorHandlerTest.java:[35,5] cannot find symbol
  symbol:   class Observable
  location: interface retrofit.ErrorHandlerTest.ExampleClient
[ERROR] /home/travis/build/square/retrofit/retrofit/src/test/java/retrofit/MethodInfoTest.java:[60,29] constructor MethodInfo in class retrofit.MethodInfo cannot be applied to given types;
  required: java.lang.reflect.Method,java.util.List<retrofit.CallAdapter>
  found: java.lang.reflect.Method
  reason: actual and formal argument lists differ in length
[ERROR] /home/travis/build/square/retrofit/retrofit/src/test/java/retrofit/MethodInfoTest.java:[72,29] constructor MethodInfo in class retrofit.MethodInfo cannot be applied to given types;
  required: java.lang.reflect.Method,java.util.List<retrofit.CallAdapter>
  found: java.lang.reflect.Method
  reason: actual and formal argument lists differ in length
[ERROR] /home/travis/build/square/retrofit/retrofit/src/test/java/retrofit/MethodInfoTest.java:[85,29] constructor MethodInfo in class retrofit.MethodInfo cannot be applied to given types;
  required: java.lang.reflect.Method,java.util.List<retrofit.CallAdapter>
  found: java.lang.reflect.Method
  reason: actual and formal argument lists differ in length
[ERROR] /home/travis/build/square/retrofit/retrofit/src/test/java/retrofit/MethodInfoTest.java:[97,29] constructor MethodInfo in class retrofit.MethodInfo cannot be applied to given types;
  required: java.lang.reflect.Method,java.util.List<retrofit.CallAdapter>
  found: java.lang.reflect.Method
  reason: actual and formal argument lists differ in length
[ERROR] /home/travis/build/square/retrofit/retrofit/src/test/java/retrofit/MethodInfoTest.java:[108,29] constructor MethodInfo in class retrofit.MethodInfo cannot be applied to given types;
  required: java.lang.reflect.Method,java.util.List<retrofit.CallAdapter>
  found: java.lang.reflect.Method
  reason: actual and formal argument lists differ in length
[ERROR] /home/travis/build/square/retrofit/retrofit/src/test/java/retrofit/MethodInfoTest.java:[119,29] constructor MethodInfo in class retrofit.MethodInfo cannot be applied to given types;
  required: java.lang.reflect.Method,java.util.List<retrofit.CallAdapter>
  found: java.lang.reflect.Method
  reason: actual and formal argument lists differ in length
[ERROR] /home/travis/build/square/retrofit/retrofit/src/test/java/retrofit/MethodInfoTest.java:[130,29] constructor MethodInfo in class retrofit.MethodInfo cannot be applied to given types;
  required: java.lang.reflect.Method,java.util.List<retrofit.CallAdapter>
  found: java.lang.reflect.Method
  reason: actual and formal argument lists differ in length
[ERROR] /home/travis/build/square/retrofit/retrofit/src/test/java/retrofit/MethodInfoTest.java:[147,29] constructor MethodInfo in class retrofit.MethodInfo cannot be applied to given types;
  required: java.lang.reflect.Method,java.util.List<retrofit.CallAdapter>
  found: java.lang.reflect.Method
  reason: actual and formal argument lists differ in length
[ERROR] /home/travis/build/square/retrofit/retrofit/src/test/java/retrofit/MethodInfoTest.java:[160,29] constructor MethodInfo in class retrofit.MethodInfo cannot be applied to given types;
  required: java.lang.reflect.Method,java.util.List<retrofit.CallAdapter>
  found: java.lang.reflect.Method
  reason: actual and formal argument lists differ in length
[ERROR] /home/travis/build/square/retrofit/retrofit/src/test/java/retrofit/MethodInfoTest.java:[172,29] constructor MethodInfo in class retrofit.MethodInfo cannot be applied to given types;
  required: java.lang.reflect.Method,java.util.List<retrofit.CallAdapter>
  found: java.lang.reflect.Method
  reason: actual and formal argument lists differ in length
[ERROR] /home/travis/build/square/retrofit/retrofit/src/test/java/retrofit/MethodInfoTest.java:[186,29] constructor MethodInfo in class retrofit.MethodInfo cannot be applied to given types;
  required: java.lang.reflect.Method,java.util.List<retrofit.CallAdapter>
  found: java.lang.reflect.Method
  reason: actual and formal argument lists differ in length
[ERROR] /home/travis/build/square/retrofit/retrofit/src/test/java/retrofit/MethodInfoTest.java:[192,20] cannot find symbol
  symbol:   class Observable
  location: class Example
[ERROR] /home/travis/build/square/retrofit/retrofit/src/test/java/retrofit/MethodInfoTest.java:[198,29] constructor MethodInfo in class retrofit.MethodInfo cannot be applied to given types;
  required: java.lang.reflect.Method,java.util.List<retrofit.CallAdapter>
  found: java.lang.reflect.Method
  reason: actual and formal argument lists differ in length
[ERROR] /home/travis/build/square/retrofit/retrofit/src/test/java/retrofit/MethodInfoTest.java:[204,20] cannot find symbol
  symbol:   class Observable
  location: class Example
[ERROR] /home/travis/build/square/retrofit/retrofit/src/test/java/retrofit/MethodInfoTest.java:[210,29] constructor MethodInfo in class retrofit.MethodInfo cannot be applied to given types;
  required: java.lang.reflect.Method,java.util.List<retrofit.CallAdapter>
  found: java.lang.reflect.Method
  reason: actual and formal argument lists differ in length
[ERROR] /home/travis/build/square/retrofit/retrofit/src/test/java/retrofit/RequestBuilderTest.java:[1548,53] constructor CallCallAdapter in class retrofit.CallCallAdapter cannot be applied to given types;
  required: java.util.concurrent.Executor
  found: no arguments
  reason: actual and formal argument lists differ in length
[ERROR] /home/travis/build/square/retrofit/retrofit/src/test/java/retrofit/RequestBuilderTest.java:[1548,22] cannot find symbol
  symbol:   class ExecutionAdapter
  location: class retrofit.RequestBuilderTest
[ERROR] /home/travis/build/square/retrofit/retrofit/src/test/java/retrofit/ErrorHandlerTest.java:[70,60] cannot find symbol
  symbol:   class RetrofitError
  location: class retrofit.ErrorHandlerTest
[ERROR] /home/travis/build/square/retrofit/retrofit/src/test/java/retrofit/ErrorHandlerTest.java:[82,60] cannot find symbol
  symbol:   class RetrofitError
  location: class retrofit.ErrorHandlerTest
[ERROR] /home/travis/build/square/retrofit/retrofit/src/test/java/retrofit/ErrorHandlerTest.java:[90,37] cannot find symbol
  symbol: class RetrofitError
[ERROR] /home/travis/build/square/retrofit/retrofit/src/test/java/retrofit/ErrorHandlerTest.java:[84,68] <anonymous retrofit.ErrorHandlerTest$2> is not abstract and does not override abstract method success(retrofit.Response<com.squareup.okhttp.Response>) in retrofit.Callback
[ERROR] /home/travis/build/square/retrofit/retrofit/src/test/java/retrofit/ErrorHandlerTest.java:[86,7] method does not override or implement a method from a supertype
[ERROR] /home/travis/build/square/retrofit/retrofit/src/test/java/retrofit/ErrorHandlerTest.java:[98,60] cannot find symbol
  symbol:   class RetrofitError
  location: class retrofit.ErrorHandlerTest
[ERROR] /home/travis/build/square/retrofit/retrofit/src/test/java/retrofit/ErrorHandlerTest.java:[101,52] cannot find symbol
  symbol:   class Observer
  location: class retrofit.ErrorHandlerTest
[ERROR] /home/travis/build/square/retrofit/retrofit/src/test/java/retrofit/ErrorHandlerTest.java:[119,55] cannot find symbol
  symbol:   class RetrofitError
  location: class retrofit.ErrorHandlerTest
[ERROR] /home/travis/build/square/retrofit/retrofit/src/test/java/retrofit/RestAdapterTest.java:[92,14] cannot find symbol
  symbol:   class RetrofitError
  location: class retrofit.RestAdapterTest
[ERROR] /home/travis/build/square/retrofit/retrofit/src/test/java/retrofit/RestAdapterTest.java:[117,14] cannot find symbol
  symbol:   class RetrofitError
  location: class retrofit.RestAdapterTest
[ERROR] /home/travis/build/square/retrofit/retrofit/src/test/java/retrofit/RestAdapterTest.java:[136,14] cannot find symbol
  symbol:   class RetrofitError
  location: class retrofit.RestAdapterTest
[ERROR] /home/travis/build/square/retrofit/retrofit/src/test/java/retrofit/RestAdapterTest.java:[137,54] package RetrofitError does not exist
[ERROR] /home/travis/build/square/retrofit/retrofit/src/test/java/retrofit/RestAdapterTest.java:[150,14] cannot find symbol
  symbol:   class RetrofitError
  location: class retrofit.RestAdapterTest
[ERROR] /home/travis/build/square/retrofit/retrofit/src/test/java/retrofit/RestAdapterTest.java:[151,54] package RetrofitError does not exist
[ERROR] /home/travis/build/square/retrofit/retrofit/src/test/java/retrofit/RestAdapterTest.java:[163,14] cannot find symbol
  symbol:   class RetrofitError
  location: class retrofit.RestAdapterTest
[ERROR] /home/travis/build/square/retrofit/retrofit/src/test/java/retrofit/RestAdapterTest.java:[164,54] package RetrofitError does not exist
[ERROR] /home/travis/build/square/retrofit/retrofit/src/test/java/retrofit/RestAdapterTest.java:[194,37] cannot find symbol
  symbol: class RetrofitError
[ERROR] /home/travis/build/square/retrofit/retrofit/src/test/java/retrofit/RestAdapterTest.java:[188,45] <anonymous retrofit.RestAdapterTest$1> is not abstract and does not override abstract method success(retrofit.Response<com.squareup.okhttp.Response>) in retrofit.Callback
[ERROR] /home/travis/build/square/retrofit/retrofit/src/test/java/retrofit/RestAdapterTest.java:[189,7] method does not override or implement a method from a supertype
[ERROR] /home/travis/build/square/retrofit/retrofit/src/test/java/retrofit/RestAdapterTest.java:[214,37] cannot find symbol
  symbol: class RetrofitError
[ERROR] /home/travis/build/square/retrofit/retrofit/src/test/java/retrofit/RestAdapterTest.java:[208,46] <anonymous retrofit.RestAdapterTest$2> is not abstract and does not override abstract method success(retrofit.Response<java.lang.String>) in retrofit.Callback
[ERROR] /home/travis/build/square/retrofit/retrofit/src/test/java/retrofit/RestAdapterTest.java:[209,7] method does not override or implement a method from a supertype
[ERROR] /home/travis/build/square/retrofit/retrofit/src/test/java/retrofit/RestAdapterTest.java:[226,27] cannot find symbol
  symbol:   class RetrofitError
  location: class retrofit.RestAdapterTest
[ERROR] /home/travis/build/square/retrofit/retrofit/src/test/java/retrofit/RestAdapterTest.java:[226,73] cannot find symbol
  symbol:   class RetrofitError
  location: class retrofit.RestAdapterTest
[ERROR] /home/travis/build/square/retrofit/retrofit/src/test/java/retrofit/RestAdapterTest.java:[233,37] cannot find symbol
  symbol: class RetrofitError
[ERROR] /home/travis/build/square/retrofit/retrofit/src/test/java/retrofit/RestAdapterTest.java:[228,46] <anonymous retrofit.RestAdapterTest$3> is not abstract and does not override abstract method success(retrofit.Response<java.lang.String>) in retrofit.Callback
[ERROR] /home/travis/build/square/retrofit/retrofit/src/test/java/retrofit/RestAdapterTest.java:[229,7] method does not override or implement a method from a supertype
[ERROR] /home/travis/build/square/retrofit/retrofit/src/test/java/retrofit/RestAdapterTest.java:[240,5] cannot find symbol
  symbol:   class RetrofitError
  location: class retrofit.RestAdapterTest
[INFO] 49 errors 
[INFO] -------------------------------------------------------------
[INFO] ------------------------------------------------------------------------
[INFO] Reactor Summary:
[INFO] 
[INFO] Retrofit (Parent) .................................. SUCCESS [  1.285 s]
[INFO] Retrofit ........................................... FAILURE [  3.595 s]
[INFO] Adapters ........................................... SKIPPED
[INFO] Adapter: RxJava .................................... SKIPPED
[INFO] Converters ......................................... SKIPPED
[INFO] Converter: Protocol Buffers ........................ SKIPPED
[INFO] Converter: Jackson ................................. SKIPPED
[INFO] Converter: Wire Protocol Buffers ................... SKIPPED
[INFO] Converter: SimpleXML ............................... SKIPPED
[INFO] Retrofit Mock Adapter .............................. SKIPPED
[INFO] Samples ............................................ SKIPPED
[INFO] Sample: GitHub Client .............................. SKIPPED
[INFO] Sample: Mock GitHub Client ......................... SKIPPED
[INFO] ------------------------------------------------------------------------
[INFO] BUILD FAILURE
[INFO] ------------------------------------------------------------------------
[INFO] Total time: 5.186 s
[INFO] Finished at: 2015-05-20T02:58:14+00:00
[INFO] Final Memory: 23M/465M
[INFO] ------------------------------------------------------------------------
[ERROR] Failed to execute goal org.apache.maven.plugins:maven-compiler-plugin:3.0:testCompile (default-testCompile) on project retrofit: Compilation failure: Compilation failure:
[ERROR] /home/travis/build/square/retrofit/retrofit/src/test/java/retrofit/MethodInfoTest.java:[16,10] package rx does not exist
[ERROR] /home/travis/build/square/retrofit/retrofit/src/test/java/retrofit/ErrorHandlerTest.java:[13,10] package rx does not exist
[ERROR] /home/travis/build/square/retrofit/retrofit/src/test/java/retrofit/ErrorHandlerTest.java:[14,10] package rx does not exist
[ERROR] /home/travis/build/square/retrofit/retrofit/src/test/java/retrofit/ErrorHandlerTest.java:[35,5] cannot find symbol
[ERROR] symbol:   class Observable
[ERROR] location: interface retrofit.ErrorHandlerTest.ExampleClient
[ERROR] /home/travis/build/square/retrofit/retrofit/src/test/java/retrofit/MethodInfoTest.java:[60,29] constructor MethodInfo in class retrofit.MethodInfo cannot be applied to given types;
[ERROR] required: java.lang.reflect.Method,java.util.List<retrofit.CallAdapter>
[ERROR] found: java.lang.reflect.Method
[ERROR] reason: actual and formal argument lists differ in length
[ERROR] /home/travis/build/square/retrofit/retrofit/src/test/java/retrofit/MethodInfoTest.java:[72,29] constructor MethodInfo in class retrofit.MethodInfo cannot be applied to given types;
[ERROR] required: java.lang.reflect.Method,java.util.List<retrofit.CallAdapter>
[ERROR] found: java.lang.reflect.Method
[ERROR] reason: actual and formal argument lists differ in length
[ERROR] /home/travis/build/square/retrofit/retrofit/src/test/java/retrofit/MethodInfoTest.java:[85,29] constructor MethodInfo in class retrofit.MethodInfo cannot be applied to given types;
[ERROR] required: java.lang.reflect.Method,java.util.List<retrofit.CallAdapter>
[ERROR] found: java.lang.reflect.Method
[ERROR] reason: actual and formal argument lists differ in length
[ERROR] /home/travis/build/square/retrofit/retrofit/src/test/java/retrofit/MethodInfoTest.java:[97,29] constructor MethodInfo in class retrofit.MethodInfo cannot be applied to given types;
[ERROR] required: java.lang.reflect.Method,java.util.List<retrofit.CallAdapter>
[ERROR] found: java.lang.reflect.Method
[ERROR] reason: actual and formal argument lists differ in length
[ERROR] /home/travis/build/square/retrofit/retrofit/src/test/java/retrofit/MethodInfoTest.java:[108,29] constructor MethodInfo in class retrofit.MethodInfo cannot be applied to given types;
[ERROR] required: java.lang.reflect.Method,java.util.List<retrofit.CallAdapter>
[ERROR] found: java.lang.reflect.Method
[ERROR] reason: actual and formal argument lists differ in length
[ERROR] /home/travis/build/square/retrofit/retrofit/src/test/java/retrofit/MethodInfoTest.java:[119,29] constructor MethodInfo in class retrofit.MethodInfo cannot be applied to given types;
[ERROR] required: java.lang.reflect.Method,java.util.List<retrofit.CallAdapter>
[ERROR] found: java.lang.reflect.Method
[ERROR] reason: actual and formal argument lists differ in length
[ERROR] /home/travis/build/square/retrofit/retrofit/src/test/java/retrofit/MethodInfoTest.java:[130,29] constructor MethodInfo in class retrofit.MethodInfo cannot be applied to given types;
[ERROR] required: java.lang.reflect.Method,java.util.List<retrofit.CallAdapter>
[ERROR] found: java.lang.reflect.Method
[ERROR] reason: actual and formal argument lists differ in length
[ERROR] /home/travis/build/square/retrofit/retrofit/src/test/java/retrofit/MethodInfoTest.java:[147,29] constructor MethodInfo in class retrofit.MethodInfo cannot be applied to given types;
[ERROR] required: java.lang.reflect.Method,java.util.List<retrofit.CallAdapter>
[ERROR] found: java.lang.reflect.Method
[ERROR] reason: actual and formal argument lists differ in length
[ERROR] /home/travis/build/square/retrofit/retrofit/src/test/java/retrofit/MethodInfoTest.java:[160,29] constructor MethodInfo in class retrofit.MethodInfo cannot be applied to given types;
[ERROR] required: java.lang.reflect.Method,java.util.List<retrofit.CallAdapter>
[ERROR] found: java.lang.reflect.Method
[ERROR] reason: actual and formal argument lists differ in length
[ERROR] /home/travis/build/square/retrofit/retrofit/src/test/java/retrofit/MethodInfoTest.java:[172,29] constructor MethodInfo in class retrofit.MethodInfo cannot be applied to given types;
[ERROR] required: java.lang.reflect.Method,java.util.List<retrofit.CallAdapter>
[ERROR] found: java.lang.reflect.Method
[ERROR] reason: actual and formal argument lists differ in length
[ERROR] /home/travis/build/square/retrofit/retrofit/src/test/java/retrofit/MethodInfoTest.java:[186,29] constructor MethodInfo in class retrofit.MethodInfo cannot be applied to given types;
[ERROR] required: java.lang.reflect.Method,java.util.List<retrofit.CallAdapter>
[ERROR] found: java.lang.reflect.Method
[ERROR] reason: actual and formal argument lists differ in length
[ERROR] /home/travis/build/square/retrofit/retrofit/src/test/java/retrofit/MethodInfoTest.java:[192,20] cannot find symbol
[ERROR] symbol:   class Observable
[ERROR] location: class Example
[ERROR] /home/travis/build/square/retrofit/retrofit/src/test/java/retrofit/MethodInfoTest.java:[198,29] constructor MethodInfo in class retrofit.MethodInfo cannot be applied to given types;
[ERROR] required: java.lang.reflect.Method,java.util.List<retrofit.CallAdapter>
[ERROR] found: java.lang.reflect.Method
[ERROR] reason: actual and formal argument lists differ in length
[ERROR] /home/travis/build/square/retrofit/retrofit/src/test/java/retrofit/MethodInfoTest.java:[204,20] cannot find symbol
[ERROR] symbol:   class Observable
[ERROR] location: class Example
[ERROR] /home/travis/build/square/retrofit/retrofit/src/test/java/retrofit/MethodInfoTest.java:[210,29] constructor MethodInfo in class retrofit.MethodInfo cannot be applied to given types;
[ERROR] required: java.lang.reflect.Method,java.util.List<retrofit.CallAdapter>
[ERROR] found: java.lang.reflect.Method
[ERROR] reason: actual and formal argument lists differ in length
[ERROR] /home/travis/build/square/retrofit/retrofit/src/test/java/retrofit/RequestBuilderTest.java:[1548,53] constructor CallCallAdapter in class retrofit.CallCallAdapter cannot be applied to given types;
[ERROR] required: java.util.concurrent.Executor
[ERROR] found: no arguments
[ERROR] reason: actual and formal argument lists differ in length
[ERROR] /home/travis/build/square/retrofit/retrofit/src/test/java/retrofit/RequestBuilderTest.java:[1548,22] cannot find symbol
[ERROR] symbol:   class ExecutionAdapter
[ERROR] location: class retrofit.RequestBuilderTest
[ERROR] /home/travis/build/square/retrofit/retrofit/src/test/java/retrofit/ErrorHandlerTest.java:[70,60] cannot find symbol
[ERROR] symbol:   class RetrofitError
[ERROR] location: class retrofit.ErrorHandlerTest
[ERROR] /home/travis/build/square/retrofit/retrofit/src/test/java/retrofit/ErrorHandlerTest.java:[82,60] cannot find symbol
[ERROR] symbol:   class RetrofitError
[ERROR] location: class retrofit.ErrorHandlerTest
[ERROR] /home/travis/build/square/retrofit/retrofit/src/test/java/retrofit/ErrorHandlerTest.java:[90,37] cannot find symbol
[ERROR] symbol: class RetrofitError
[ERROR] /home/travis/build/square/retrofit/retrofit/src/test/java/retrofit/ErrorHandlerTest.java:[84,68] <anonymous retrofit.ErrorHandlerTest$2> is not abstract and does not override abstract method success(retrofit.Response<com.squareup.okhttp.Response>) in retrofit.Callback
[ERROR] /home/travis/build/square/retrofit/retrofit/src/test/java/retrofit/ErrorHandlerTest.java:[86,7] method does not override or implement a method from a supertype
[ERROR] /home/travis/build/square/retrofit/retrofit/src/test/java/retrofit/ErrorHandlerTest.java:[98,60] cannot find symbol
[ERROR] symbol:   class RetrofitError
[ERROR] location: class retrofit.ErrorHandlerTest
[ERROR] /home/travis/build/square/retrofit/retrofit/src/test/java/retrofit/ErrorHandlerTest.java:[101,52] cannot find symbol
[ERROR] symbol:   class Observer
[ERROR] location: class retrofit.ErrorHandlerTest
[ERROR] /home/travis/build/square/retrofit/retrofit/src/test/java/retrofit/ErrorHandlerTest.java:[119,55] cannot find symbol
[ERROR] symbol:   class RetrofitError
[ERROR] location: class retrofit.ErrorHandlerTest
[ERROR] /home/travis/build/square/retrofit/retrofit/src/test/java/retrofit/RestAdapterTest.java:[92,14] cannot find symbol
[ERROR] symbol:   class RetrofitError
[ERROR] location: class retrofit.RestAdapterTest
[ERROR] /home/travis/build/square/retrofit/retrofit/src/test/java/retrofit/RestAdapterTest.java:[117,14] cannot find symbol
[ERROR] symbol:   class RetrofitError
[ERROR] location: class retrofit.RestAdapterTest
[ERROR] /home/travis/build/square/retrofit/retrofit/src/test/java/retrofit/RestAdapterTest.java:[136,14] cannot find symbol
[ERROR] symbol:   class RetrofitError
[ERROR] location: class retrofit.RestAdapterTest
[ERROR] /home/travis/build/square/retrofit/retrofit/src/test/java/retrofit/RestAdapterTest.java:[137,54] package RetrofitError does not exist
[ERROR] /home/travis/build/square/retrofit/retrofit/src/test/java/retrofit/RestAdapterTest.java:[150,14] cannot find symbol
[ERROR] symbol:   class RetrofitError
[ERROR] location: class retrofit.RestAdapterTest
[ERROR] /home/travis/build/square/retrofit/retrofit/src/test/java/retrofit/RestAdapterTest.java:[151,54] package RetrofitError does not exist
[ERROR] /home/travis/build/square/retrofit/retrofit/src/test/java/retrofit/RestAdapterTest.java:[163,14] cannot find symbol
[ERROR] symbol:   class RetrofitError
[ERROR] location: class retrofit.RestAdapterTest
[ERROR] /home/travis/build/square/retrofit/retrofit/src/test/java/retrofit/RestAdapterTest.java:[164,54] package RetrofitError does not exist
[ERROR] /home/travis/build/square/retrofit/retrofit/src/test/java/retrofit/RestAdapterTest.java:[194,37] cannot find symbol
[ERROR] symbol: class RetrofitError
[ERROR] /home/travis/build/square/retrofit/retrofit/src/test/java/retrofit/RestAdapterTest.java:[188,45] <anonymous retrofit.RestAdapterTest$1> is not abstract and does not override abstract method success(retrofit.Response<com.squareup.okhttp.Response>) in retrofit.Callback
[ERROR] /home/travis/build/square/retrofit/retrofit/src/test/java/retrofit/RestAdapterTest.java:[189,7] method does not override or implement a method from a supertype
[ERROR] /home/travis/build/square/retrofit/retrofit/src/test/java/retrofit/RestAdapterTest.java:[214,37] cannot find symbol
[ERROR] symbol: class RetrofitError
[ERROR] /home/travis/build/square/retrofit/retrofit/src/test/java/retrofit/RestAdapterTest.java:[208,46] <anonymous retrofit.RestAdapterTest$2> is not abstract and does not override abstract method success(retrofit.Response<java.lang.String>) in retrofit.Callback
[ERROR] /home/travis/build/square/retrofit/retrofit/src/test/java/retrofit/RestAdapterTest.java:[209,7] method does not override or implement a method from a supertype
[ERROR] /home/travis/build/square/retrofit/retrofit/src/test/java/retrofit/RestAdapterTest.java:[226,27] cannot find symbol
[ERROR] symbol:   class RetrofitError
[ERROR] location: class retrofit.RestAdapterTest
[ERROR] /home/travis/build/square/retrofit/retrofit/src/test/java/retrofit/RestAdapterTest.java:[226,73] cannot find symbol
[ERROR] symbol:   class RetrofitError
[ERROR] location: class retrofit.RestAdapterTest
[ERROR] /home/travis/build/square/retrofit/retrofit/src/test/java/retrofit/RestAdapterTest.java:[233,37] cannot find symbol
[ERROR] symbol: class RetrofitError
[ERROR] /home/travis/build/square/retrofit/retrofit/src/test/java/retrofit/RestAdapterTest.java:[228,46] <anonymous retrofit.RestAdapterTest$3> is not abstract and does not override abstract method success(retrofit.Response<java.lang.String>) in retrofit.Callback
[ERROR] /home/travis/build/square/retrofit/retrofit/src/test/java/retrofit/RestAdapterTest.java:[229,7] method does not override or implement a method from a supertype
[ERROR] /home/travis/build/square/retrofit/retrofit/src/test/java/retrofit/RestAdapterTest.java:[240,5] cannot find symbol
[ERROR] symbol:   class RetrofitError
[ERROR] location: class retrofit.RestAdapterTest
[ERROR] -> [Help 1]
[ERROR] 
[ERROR] To see the full stack trace of the errors, re-run Maven with the -e switch.
[ERROR] Re-run Maven using the -X switch to enable full debug logging.
[ERROR] 
[ERROR] For more information about the errors and possible solutions, please read the following articles:
[ERROR] [Help 1] http://cwiki.apache.org/confluence/display/MAVEN/MojoFailureException
[ERROR] 
[ERROR] After correcting the problems, you can resume the build with the command
[ERROR]   mvn <goals> -rf :retrofit

[31;1mThe command "eval mvn install -DskipTests=true -Dmaven.javadoc.skip=true -B -V" failed 3 times.[0m

travis_time:end:0f09543c:start=1432090668072064306,finish=1432090696216316321,duration=28144252015[0K
[31;1mThe command "mvn install -DskipTests=true -Dmaven.javadoc.skip=true -B -V" failed and exited with 1 during .[0m

Your build has been stopped.
