Using worker: worker-linux-docker-65734f4a.prod.travis-ci.org:travis-linux-5

travis_fold:start:system_info[0K[33;1mBuild system information[0m
Build language: java
[34m[1mBuild image provisioning date and time[0m
Thu Feb  5 15:09:33 UTC 2015
[34m[1mOperating System Details[0m
Distributor ID:	Ubuntu
Description:	Ubuntu 12.04.5 LTS
Release:	12.04
Codename:	precise
[34m[1mLinux Version[0m
3.13.0-29-generic
[34m[1mCookbooks Version[0m
a68419e https://github.com/travis-ci/travis-cookbooks/tree/a68419e
[34m[1mGCC version[0m
gcc (Ubuntu/Linaro 4.6.3-1ubuntu5) 4.6.3
Copyright (C) 2011 Free Software Foundation, Inc.
This is free software; see the source for copying conditions.  There is NO
warranty; not even for MERCHANTABILITY or FITNESS FOR A PARTICULAR PURPOSE.

[34m[1mLLVM version[0m
clang version 3.4 (tags/RELEASE_34/final)
Target: x86_64-unknown-linux-gnu
Thread model: posix
[34m[1mPre-installed Ruby versions[0m
ruby-1.9.3-p551
[34m[1mPre-installed Node.js versions[0m
v0.10.36
[34m[1mPre-installed Go versions[0m
1.4.1
[34m[1mRedis version[0m
redis-server 2.8.19
[34m[1mriak version[0m
2.0.2
[34m[1mMongoDB version[0m
MongoDB 2.4.12
[34m[1mCouchDB version[0m
couchdb 1.6.1
[34m[1mNeo4j version[0m
1.9.4
[34m[1mRabbitMQ Version[0m
3.4.3
[34m[1mElasticSearch version[0m
1.4.0
[34m[1mInstalled Sphinx versions[0m
2.0.10
2.1.9
2.2.6
[34m[1mDefault Sphinx version[0m
2.2.6
[34m[1mInstalled Firefox version[0m
firefox 31.0esr
[34m[1mPhantomJS version[0m
1.9.8
[34m[1mant -version[0m
Apache Ant(TM) version 1.8.2 compiled on December 3 2011
[34m[1mmvn -version[0m
Apache Maven 3.2.5 (12a6b3acb947671f09b81f49094c53f426d8cea1; 2014-12-14T17:29:23+00:00)
Maven home: /usr/local/maven
Java version: 1.7.0_76, vendor: Oracle Corporation
Java home: /usr/lib/jvm/java-7-oracle/jre
Default locale: en_US, platform encoding: ANSI_X3.4-1968
OS name: "linux", version: "3.13.0-29-generic", arch: "amd64", family: "unix"
travis_fold:end:system_info[0K
travis_fold:start:git.checkout[0Ktravis_time:start:14e43988[0K$ git clone --depth=50 git://github.com/square/retrofit.git square/retrofit
Cloning into 'square/retrofit'...
remote: Counting objects: 1411, done.[K
remote: Compressing objects:   0% (1/739)   [Kremote: Compressing objects:   1% (8/739)   [Kremote: Compressing objects:   2% (15/739)   [Kremote: Compressing objects:   3% (23/739)   [Kremote: Compressing objects:   4% (30/739)   [Kremote: Compressing objects:   5% (37/739)   [Kremote: Compressing objects:   6% (45/739)   [Kremote: Compressing objects:   7% (52/739)   [Kremote: Compressing objects:   8% (60/739)   [Kremote: Compressing objects:   9% (67/739)   [Kremote: Compressing objects:  10% (74/739)   [Kremote: Compressing objects:  11% (82/739)   [Kremote: Compressing objects:  12% (89/739)   [Kremote: Compressing objects:  13% (97/739)   [Kremote: Compressing objects:  14% (104/739)   [Kremote: Compressing objects:  15% (111/739)   [Kremote: Compressing objects:  16% (119/739)   [Kremote: Compressing objects:  17% (126/739)   [Kremote: Compressing objects:  18% (134/739)   [Kremote: Compressing objects:  19% (141/739)   [Kremote: Compressing objects:  20% (148/739)   [Kremote: Compressing objects:  21% (156/739)   [Kremote: Compressing objects:  22% (163/739)   [Kremote: Compressing objects:  23% (170/739)   [Kremote: Compressing objects:  24% (178/739)   [Kremote: Compressing objects:  25% (185/739)   [Kremote: Compressing objects:  26% (193/739)   [Kremote: Compressing objects:  27% (200/739)   [Kremote: Compressing objects:  28% (207/739)   [Kremote: Compressing objects:  29% (215/739)   [Kremote: Compressing objects:  30% (222/739)   [Kremote: Compressing objects:  31% (230/739)   [Kremote: Compressing objects:  32% (237/739)   [Kremote: Compressing objects:  33% (244/739)   [Kremote: Compressing objects:  34% (252/739)   [Kremote: Compressing objects:  35% (259/739)   [Kremote: Compressing objects:  36% (267/739)   [Kremote: Compressing objects:  37% (274/739)   [Kremote: Compressing objects:  38% (281/739)   [Kremote: Compressing objects:  39% (289/739)   [Kremote: Compressing objects:  40% (296/739)   [Kremote: Compressing objects:  41% (303/739)   [Kremote: Compressing objects:  42% (311/739)   [Kremote: Compressing objects:  43% (318/739)   [Kremote: Compressing objects:  44% (326/739)   [Kremote: Compressing objects:  45% (333/739)   [Kremote: Compressing objects:  46% (340/739)   [Kremote: Compressing objects:  47% (348/739)   [Kremote: Compressing objects:  48% (355/739)   [Kremote: Compressing objects:  49% (363/739)   [Kremote: Compressing objects:  50% (370/739)   [Kremote: Compressing objects:  51% (377/739)   [Kremote: Compressing objects:  52% (385/739)   [Kremote: Compressing objects:  53% (392/739)   [Kremote: Compressing objects:  54% (400/739)   [Kremote: Compressing objects:  55% (407/739)   [Kremote: Compressing objects:  56% (414/739)   [Kremote: Compressing objects:  57% (422/739)   [Kremote: Compressing objects:  58% (429/739)   [Kremote: Compressing objects:  59% (437/739)   [Kremote: Compressing objects:  60% (444/739)   [Kremote: Compressing objects:  61% (451/739)   [Kremote: Compressing objects:  62% (459/739)   [Kremote: Compressing objects:  63% (466/739)   [Kremote: Compressing objects:  64% (473/739)   [Kremote: Compressing objects:  65% (481/739)   [Kremote: Compressing objects:  66% (488/739)   [Kremote: Compressing objects:  67% (496/739)   [Kremote: Compressing objects:  68% (503/739)   [Kremote: Compressing objects:  69% (510/739)   [Kremote: Compressing objects:  70% (518/739)   [Kremote: Compressing objects:  71% (525/739)   [Kremote: Compressing objects:  72% (533/739)   [Kremote: Compressing objects:  73% (540/739)   [Kremote: Compressing objects:  74% (547/739)   [Kremote: Compressing objects:  75% (555/739)   [Kremote: Compressing objects:  76% (562/739)   [Kremote: Compressing objects:  77% (570/739)   [Kremote: Compressing objects:  78% (577/739)   [Kremote: Compressing objects:  79% (584/739)   [Kremote: Compressing objects:  80% (592/739)   [Kremote: Compressing objects:  81% (599/739)   [Kremote: Compressing objects:  82% (606/739)   [Kremote: Compressing objects:  83% (614/739)   [Kremote: Compressing objects:  84% (621/739)   [Kremote: Compressing objects:  85% (629/739)   [Kremote: Compressing objects:  86% (636/739)   [Kremote: Compressing objects:  87% (643/739)   [Kremote: Compressing objects:  88% (651/739)   [Kremote: Compressing objects:  89% (658/739)   [Kremote: Compressing objects:  90% (666/739)   [Kremote: Compressing objects:  91% (673/739)   [Kremote: Compressing objects:  92% (680/739)   [Kremote: Compressing objects:  93% (688/739)   [Kremote: Compressing objects:  94% (695/739)   [Kremote: Compressing objects:  95% (703/739)   [Kremote: Compressing objects:  96% (710/739)   [Kremote: Compressing objects:  97% (717/739)   [Kremote: Compressing objects:  98% (725/739)   [Kremote: Compressing objects:  99% (732/739)   [Kremote: Compressing objects: 100% (739/739)   [Kremote: Compressing objects: 100% (739/739), done.[K
Receiving objects:   0% (1/1411)   Receiving objects:   1% (15/1411)   Receiving objects:   2% (29/1411)   Receiving objects:   3% (43/1411)   Receiving objects:   4% (57/1411)   Receiving objects:   5% (71/1411)   Receiving objects:   6% (85/1411)   Receiving objects:   7% (99/1411)   Receiving objects:   8% (113/1411)   Receiving objects:   9% (127/1411)   Receiving objects:  10% (142/1411)   Receiving objects:  11% (156/1411)   Receiving objects:  12% (170/1411)   Receiving objects:  13% (184/1411)   Receiving objects:  14% (198/1411)   Receiving objects:  15% (212/1411)   Receiving objects:  16% (226/1411)   Receiving objects:  17% (240/1411)   Receiving objects:  18% (254/1411)   Receiving objects:  19% (269/1411)   Receiving objects:  20% (283/1411)   Receiving objects:  21% (297/1411)   Receiving objects:  22% (311/1411)   Receiving objects:  23% (325/1411)   Receiving objects:  24% (339/1411)   Receiving objects:  25% (353/1411)   Receiving objects:  26% (367/1411)   Receiving objects:  27% (381/1411)   Receiving objects:  28% (396/1411)   Receiving objects:  29% (410/1411)   Receiving objects:  30% (424/1411)   Receiving objects:  31% (438/1411)   Receiving objects:  32% (452/1411)   Receiving objects:  33% (466/1411)   Receiving objects:  34% (480/1411)   Receiving objects:  35% (494/1411)   Receiving objects:  36% (508/1411)   Receiving objects:  37% (523/1411)   Receiving objects:  38% (537/1411)   Receiving objects:  39% (551/1411)   Receiving objects:  40% (565/1411)   Receiving objects:  41% (579/1411)   Receiving objects:  42% (593/1411)   Receiving objects:  43% (607/1411)   Receiving objects:  44% (621/1411)   Receiving objects:  45% (635/1411)   Receiving objects:  46% (650/1411)   Receiving objects:  47% (664/1411)   Receiving objects:  48% (678/1411)   Receiving objects:  49% (692/1411)   Receiving objects:  50% (706/1411)   Receiving objects:  51% (720/1411)   Receiving objects:  52% (734/1411)   Receiving objects:  53% (748/1411)   Receiving objects:  54% (762/1411)   Receiving objects:  55% (777/1411)   Receiving objects:  56% (791/1411)   Receiving objects:  57% (805/1411)   Receiving objects:  58% (819/1411)   remote: Total 1411 (delta 514), reused 1148 (delta 324), pack-reused 0[K
Receiving objects:  59% (833/1411)   Receiving objects:  60% (847/1411)   Receiving objects:  61% (861/1411)   Receiving objects:  62% (875/1411)   Receiving objects:  63% (889/1411)   Receiving objects:  64% (904/1411)   Receiving objects:  65% (918/1411)   Receiving objects:  66% (932/1411)   Receiving objects:  67% (946/1411)   Receiving objects:  68% (960/1411)   Receiving objects:  69% (974/1411)   Receiving objects:  70% (988/1411)   Receiving objects:  71% (1002/1411)   Receiving objects:  72% (1016/1411)   Receiving objects:  73% (1031/1411)   Receiving objects:  74% (1045/1411)   Receiving objects:  75% (1059/1411)   Receiving objects:  76% (1073/1411)   Receiving objects:  77% (1087/1411)   Receiving objects:  78% (1101/1411)   Receiving objects:  79% (1115/1411)   Receiving objects:  80% (1129/1411)   Receiving objects:  81% (1143/1411)   Receiving objects:  82% (1158/1411)   Receiving objects:  83% (1172/1411)   Receiving objects:  84% (1186/1411)   Receiving objects:  85% (1200/1411)   Receiving objects:  86% (1214/1411)   Receiving objects:  87% (1228/1411)   Receiving objects:  88% (1242/1411)   Receiving objects:  89% (1256/1411)   Receiving objects:  90% (1270/1411)   Receiving objects:  91% (1285/1411)   Receiving objects:  92% (1299/1411)   Receiving objects:  93% (1313/1411)   Receiving objects:  94% (1327/1411)   Receiving objects:  95% (1341/1411)   Receiving objects:  96% (1355/1411)   Receiving objects:  97% (1369/1411)   Receiving objects:  98% (1383/1411)   Receiving objects:  99% (1397/1411)   Receiving objects: 100% (1411/1411)   Receiving objects: 100% (1411/1411), 330.81 KiB | 0 bytes/s, done.
Resolving deltas:   0% (0/514)   Resolving deltas:   6% (35/514)   Resolving deltas:   7% (36/514)   Resolving deltas:   8% (43/514)   Resolving deltas:   9% (48/514)   Resolving deltas:  13% (67/514)   Resolving deltas:  22% (118/514)   Resolving deltas:  23% (121/514)   Resolving deltas:  24% (125/514)   Resolving deltas:  26% (135/514)   Resolving deltas:  27% (143/514)   Resolving deltas:  28% (148/514)   Resolving deltas:  29% (153/514)   Resolving deltas:  30% (156/514)   Resolving deltas:  31% (160/514)   Resolving deltas:  32% (166/514)   Resolving deltas:  33% (173/514)   Resolving deltas:  34% (176/514)   Resolving deltas:  35% (180/514)   Resolving deltas:  38% (196/514)   Resolving deltas:  39% (203/514)   Resolving deltas:  42% (217/514)   Resolving deltas:  43% (224/514)   Resolving deltas:  44% (230/514)   Resolving deltas:  45% (233/514)   Resolving deltas:  50% (260/514)   Resolving deltas:  51% (264/514)   Resolving deltas:  52% (269/514)   Resolving deltas:  54% (278/514)   Resolving deltas:  57% (294/514)   Resolving deltas:  61% (315/514)   Resolving deltas:  62% (320/514)   Resolving deltas:  63% (327/514)   Resolving deltas:  64% (329/514)   Resolving deltas:  65% (336/514)   Resolving deltas:  67% (348/514)   Resolving deltas:  68% (351/514)   Resolving deltas:  69% (357/514)   Resolving deltas:  70% (360/514)   Resolving deltas:  71% (365/514)   Resolving deltas:  72% (374/514)   Resolving deltas:  73% (376/514)   Resolving deltas:  74% (381/514)   Resolving deltas:  75% (388/514)   Resolving deltas:  76% (391/514)   Resolving deltas:  78% (405/514)   Resolving deltas:  79% (409/514)   Resolving deltas:  80% (414/514)   Resolving deltas:  81% (420/514)   Resolving deltas:  82% (425/514)   Resolving deltas:  83% (427/514)   Resolving deltas:  84% (434/514)   Resolving deltas:  85% (437/514)   Resolving deltas:  89% (462/514)   Resolving deltas:  90% (464/514)   Resolving deltas:  92% (473/514)   Resolving deltas:  93% (483/514)   Resolving deltas:  94% (487/514)   Resolving deltas:  98% (507/514)   Resolving deltas:  99% (509/514)   Resolving deltas: 100% (514/514)   Resolving deltas: 100% (514/514), done.
Checking connectivity... done.
travis_time:end:14e43988:start=1432098198156541872,finish=1432098198598226077,duration=441684205[0K$ cd square/retrofit
travis_time:start:187f4cc4[0K$ git fetch origin +refs/pull/845/merge:
remote: Counting objects: 67, done.[K
remote: Compressing objects:   2% (1/41)   [Kremote: Compressing objects:   4% (2/41)   [Kremote: Compressing objects:   7% (3/41)   [Kremote: Compressing objects:   9% (4/41)   [Kremote: Compressing objects:  12% (5/41)   [Kremote: Compressing objects:  14% (6/41)   [Kremote: Compressing objects:  17% (7/41)   [Kremote: Compressing objects:  19% (8/41)   [Kremote: Compressing objects:  21% (9/41)   [Kremote: Compressing objects:  24% (10/41)   [Kremote: Compressing objects:  26% (11/41)   [Kremote: Compressing objects:  29% (12/41)   [Kremote: Compressing objects:  31% (13/41)   [Kremote: Compressing objects:  34% (14/41)   [Kremote: Compressing objects:  36% (15/41)   [Kremote: Compressing objects:  39% (16/41)   [Kremote: Compressing objects:  41% (17/41)   [Kremote: Compressing objects:  43% (18/41)   [Kremote: Compressing objects:  46% (19/41)   [Kremote: Compressing objects:  48% (20/41)   [Kremote: Compressing objects:  51% (21/41)   [Kremote: Compressing objects:  53% (22/41)   [Kremote: Compressing objects:  56% (23/41)   [Kremote: Compressing objects:  58% (24/41)   [Kremote: Compressing objects:  60% (25/41)   [Kremote: Compressing objects:  63% (26/41)   [Kremote: Compressing objects:  65% (27/41)   [Kremote: Compressing objects:  68% (28/41)   [Kremote: Compressing objects:  70% (29/41)   [Kremote: Compressing objects:  73% (30/41)   [Kremote: Compressing objects:  75% (31/41)   [Kremote: Compressing objects:  78% (32/41)   [Kremote: Compressing objects:  80% (33/41)   [Kremote: Compressing objects:  82% (34/41)   [Kremote: Compressing objects:  85% (35/41)   [Kremote: Compressing objects:  87% (36/41)   [Kremote: Compressing objects:  90% (37/41)   [Kremote: Compressing objects:  92% (38/41)   [Kremote: Compressing objects:  95% (39/41)   [Kremote: Compressing objects:  97% (40/41)   [Kremote: Compressing objects: 100% (41/41)   [Kremote: Compressing objects: 100% (41/41), done.[K
Unpacking objects:   1% (1/67)   Unpacking objects:   2% (2/67)   Unpacking objects:   4% (3/67)   remote: Total 67 (delta 25), reused 48 (delta 6), pack-reused 0[K
Unpacking objects:   5% (4/67)   Unpacking objects:   7% (5/67)   Unpacking objects:   8% (6/67)   Unpacking objects:  10% (7/67)   Unpacking objects:  11% (8/67)   Unpacking objects:  13% (9/67)   Unpacking objects:  14% (10/67)   Unpacking objects:  16% (11/67)   Unpacking objects:  17% (12/67)   Unpacking objects:  19% (13/67)   Unpacking objects:  20% (14/67)   Unpacking objects:  22% (15/67)   Unpacking objects:  23% (16/67)   Unpacking objects:  25% (17/67)   Unpacking objects:  26% (18/67)   Unpacking objects:  28% (19/67)   Unpacking objects:  29% (20/67)   Unpacking objects:  31% (21/67)   Unpacking objects:  32% (22/67)   Unpacking objects:  34% (23/67)   Unpacking objects:  35% (24/67)   Unpacking objects:  37% (25/67)   Unpacking objects:  38% (26/67)   Unpacking objects:  40% (27/67)   Unpacking objects:  41% (28/67)   Unpacking objects:  43% (29/67)   Unpacking objects:  44% (30/67)   Unpacking objects:  46% (31/67)   Unpacking objects:  47% (32/67)   Unpacking objects:  49% (33/67)   Unpacking objects:  50% (34/67)   Unpacking objects:  52% (35/67)   Unpacking objects:  53% (36/67)   Unpacking objects:  55% (37/67)   Unpacking objects:  56% (38/67)   Unpacking objects:  58% (39/67)   Unpacking objects:  59% (40/67)   Unpacking objects:  61% (41/67)   Unpacking objects:  62% (42/67)   Unpacking objects:  64% (43/67)   Unpacking objects:  65% (44/67)   Unpacking objects:  67% (45/67)   Unpacking objects:  68% (46/67)   Unpacking objects:  70% (47/67)   Unpacking objects:  71% (48/67)   Unpacking objects:  73% (49/67)   Unpacking objects:  74% (50/67)   Unpacking objects:  76% (51/67)   Unpacking objects:  77% (52/67)   Unpacking objects:  79% (53/67)   Unpacking objects:  80% (54/67)   Unpacking objects:  82% (55/67)   Unpacking objects:  83% (56/67)   Unpacking objects:  85% (57/67)   Unpacking objects:  86% (58/67)   Unpacking objects:  88% (59/67)   Unpacking objects:  89% (60/67)   Unpacking objects:  91% (61/67)   Unpacking objects:  92% (62/67)   Unpacking objects:  94% (63/67)   Unpacking objects:  95% (64/67)   Unpacking objects:  97% (65/67)   Unpacking objects:  98% (66/67)   Unpacking objects: 100% (67/67)   Unpacking objects: 100% (67/67), done.
From git://github.com/square/retrofit
 * branch            refs/pull/845/merge -> FETCH_HEAD
travis_time:end:187f4cc4:start=1432098198602225964,finish=1432098198721034726,duration=118808762[0K$ git checkout -qf FETCH_HEAD
travis_fold:end:git.checkout[0K
[33;1mThis job is running on container-based infrastructure, which does not allow use of 'sudo', setuid and setguid executables.[0m
[33;1mIf you require sudo, add 'sudo: required' to your .travis.yml[0m
[33;1mSee http://docs.travis-ci.com/user/workers/container-based-infrastructure/ for details.[0m

[33;1mSetting environment variables from .travis.yml[0m
$ export CI_DEPLOY_USERNAME=[secure]
$ export CI_DEPLOY_PASSWORD=[secure]

travis_fold:start:cache.1[0KSetting up build cache
$ export CASHER_DIR=$HOME/.casher
travis_time:start:1730d47a[0K$ Installing caching utilities
travis_time:end:1730d47a:start=1432098201503416963,finish=1432098201632254268,duration=128837305[0Ktravis_time:start:011f5f4e[0Kattempting to download cache archive
fetching PR.845/cache--jdk-oraclejdk8.tbz
fetching master/cache--jdk-oraclejdk8.tbz
found cache
travis_time:end:011f5f4e:start=1432098201636475353,finish=1432098202575323425,duration=938848072[0Ktravis_time:start:0e052c75[0Kadding /home/travis/.m2 to cache
travis_time:end:0e052c75:start=1432098202579208388,finish=1432098206072636019,duration=3493427631[0Ktravis_fold:end:cache.1[0K$ jdk_switcher use oraclejdk8
Switching to Oracle JDK8 (java-8-oracle), JAVA_HOME will be set to /usr/lib/jvm/java-8-oracle
$ java -Xmx32m -version
java version "1.8.0_31"
Java(TM) SE Runtime Environment (build 1.8.0_31-b13)
Java HotSpot(TM) 64-Bit Server VM (build 25.31-b07, mixed mode)
$ javac -J-Xmx32m -version
javac 1.8.0_31
travis_fold:start:install[0Ktravis_time:start:1511adb4[0K$ mvn install -DskipTests=true -Dmaven.javadoc.skip=true -B -V
Java HotSpot(TM) 64-Bit Server VM warning: ignoring option MaxPermSize=192m; support was removed in 8.0
Apache Maven 3.2.5 (12a6b3acb947671f09b81f49094c53f426d8cea1; 2014-12-14T17:29:23+00:00)
Maven home: /usr/local/maven
Java version: 1.8.0_31, vendor: Oracle Corporation
Java home: /usr/lib/jvm/java-8-oracle/jre
Default locale: en_US, platform encoding: UTF-8
OS name: "linux", version: "3.13.0-40-generic", arch: "amd64", family: "unix"
[INFO] Scanning for projects...
[INFO] ------------------------------------------------------------------------
[INFO] Reactor Build Order:
[INFO] 
[INFO] Retrofit (Parent)
[INFO] Retrofit
[INFO] Adapters
[INFO] Adapter: RxJava
[INFO] Converters
[INFO] Converter: Protocol Buffers
[INFO] Converter: Jackson
[INFO] Converter: Wire Protocol Buffers
[INFO] Converter: SimpleXML
[INFO] Retrofit Mock Adapter
[INFO] Samples
[INFO] Sample: GitHub Client
[INFO] Sample: Mock GitHub Client
[INFO]                                                                         
[INFO] ------------------------------------------------------------------------
[INFO] Building Retrofit (Parent) 2.0.0-SNAPSHOT
[INFO] ------------------------------------------------------------------------
[INFO] Downloading: https://repo.maven.apache.org/maven2/org/apache/maven/plugins/maven-checkstyle-plugin/2.15/maven-checkstyle-plugin-2.15.pom
[INFO] Downloaded: https://repo.maven.apache.org/maven2/org/apache/maven/plugins/maven-checkstyle-plugin/2.15/maven-checkstyle-plugin-2.15.pom (14 KB at 21.4 KB/sec)
[INFO] Downloading: https://repo.maven.apache.org/maven2/org/apache/maven/plugins/maven-plugins/27/maven-plugins-27.pom
[INFO] Downloaded: https://repo.maven.apache.org/maven2/org/apache/maven/plugins/maven-plugins/27/maven-plugins-27.pom (12 KB at 308.3 KB/sec)
[INFO] Downloading: https://repo.maven.apache.org/maven2/org/apache/maven/maven-parent/26/maven-parent-26.pom
[INFO] Downloaded: https://repo.maven.apache.org/maven2/org/apache/maven/maven-parent/26/maven-parent-26.pom (39 KB at 809.4 KB/sec)
[INFO] Downloading: https://repo.maven.apache.org/maven2/org/apache/apache/16/apache-16.pom
[INFO] Downloaded: https://repo.maven.apache.org/maven2/org/apache/apache/16/apache-16.pom (16 KB at 455.6 KB/sec)
[INFO] Downloading: https://repo.maven.apache.org/maven2/org/apache/maven/plugins/maven-checkstyle-plugin/2.15/maven-checkstyle-plugin-2.15.jar
[INFO] Downloaded: https://repo.maven.apache.org/maven2/org/apache/maven/plugins/maven-checkstyle-plugin/2.15/maven-checkstyle-plugin-2.15.jar (109 KB at 1485.6 KB/sec)
[INFO] 
[INFO] --- maven-enforcer-plugin:1.0:enforce (enforce-maven) @ parent ---
[INFO] 
[INFO] --- maven-checkstyle-plugin:2.15:checkstyle (default) @ parent ---
[INFO] Downloading: https://repo.maven.apache.org/maven2/org/apache/maven/reporting/maven-reporting-api/2.2.1/maven-reporting-api-2.2.1.pom
[INFO] Downloaded: https://repo.maven.apache.org/maven2/org/apache/maven/reporting/maven-reporting-api/2.2.1/maven-reporting-api-2.2.1.pom (2 KB at 51.7 KB/sec)
[INFO] Downloading: https://repo.maven.apache.org/maven2/org/apache/maven/reporting/maven-reporting/2.2.1/maven-reporting-2.2.1.pom
[INFO] Downloaded: https://repo.maven.apache.org/maven2/org/apache/maven/reporting/maven-reporting/2.2.1/maven-reporting-2.2.1.pom (2 KB at 54.2 KB/sec)
[INFO] Downloading: https://repo.maven.apache.org/maven2/org/apache/maven/doxia/doxia-sink-api/1.1/doxia-sink-api-1.1.pom
[INFO] Downloaded: https://repo.maven.apache.org/maven2/org/apache/maven/doxia/doxia-sink-api/1.1/doxia-sink-api-1.1.pom (2 KB at 60.3 KB/sec)
[INFO] Downloading: https://repo.maven.apache.org/maven2/org/apache/maven/doxia/doxia/1.1/doxia-1.1.pom
[INFO] Downloaded: https://repo.maven.apache.org/maven2/org/apache/maven/doxia/doxia/1.1/doxia-1.1.pom (15 KB at 380.1 KB/sec)
[INFO] Downloading: https://repo.maven.apache.org/maven2/org/apache/maven/doxia/doxia-logging-api/1.1/doxia-logging-api-1.1.pom
[INFO] Downloaded: https://repo.maven.apache.org/maven2/org/apache/maven/doxia/doxia-logging-api/1.1/doxia-logging-api-1.1.pom (2 KB at 32.0 KB/sec)
[INFO] Downloading: https://repo.maven.apache.org/maven2/org/apache/maven/reporting/maven-reporting-impl/2.3/maven-reporting-impl-2.3.pom
[INFO] Downloaded: https://repo.maven.apache.org/maven2/org/apache/maven/reporting/maven-reporting-impl/2.3/maven-reporting-impl-2.3.pom (5 KB at 113.6 KB/sec)
[INFO] Downloading: https://repo.maven.apache.org/maven2/org/apache/maven/shared/maven-shared-components/20/maven-shared-components-20.pom
[INFO] Downloaded: https://repo.maven.apache.org/maven2/org/apache/maven/shared/maven-shared-components/20/maven-shared-components-20.pom (5 KB at 160.8 KB/sec)
[INFO] Downloading: https://repo.maven.apache.org/maven2/org/apache/maven/maven-parent/24/maven-parent-24.pom
[INFO] Downloaded: https://repo.maven.apache.org/maven2/org/apache/maven/maven-parent/24/maven-parent-24.pom (37 KB at 572.0 KB/sec)
[INFO] Downloading: https://repo.maven.apache.org/maven2/org/apache/apache/14/apache-14.pom
[INFO] Downloaded: https://repo.maven.apache.org/maven2/org/apache/apache/14/apache-14.pom (15 KB at 377.4 KB/sec)
[INFO] Downloading: https://repo.maven.apache.org/maven2/org/apache/maven/shared/maven-shared-utils/0.6/maven-shared-utils-0.6.pom
[INFO] Downloaded: https://repo.maven.apache.org/maven2/org/apache/maven/shared/maven-shared-utils/0.6/maven-shared-utils-0.6.pom (5 KB at 190.6 KB/sec)
[INFO] Downloading: https://repo.maven.apache.org/maven2/org/apache/maven/shared/maven-shared-components/19/maven-shared-components-19.pom
[INFO] Downloaded: https://repo.maven.apache.org/maven2/org/apache/maven/shared/maven-shared-components/19/maven-shared-components-19.pom (7 KB at 282.3 KB/sec)
[INFO] Downloading: https://repo.maven.apache.org/maven2/org/apache/maven/maven-parent/23/maven-parent-23.pom
[INFO] Downloaded: https://repo.maven.apache.org/maven2/org/apache/maven/maven-parent/23/maven-parent-23.pom (32 KB at 723.2 KB/sec)
[INFO] Downloading: https://repo.maven.apache.org/maven2/org/apache/apache/13/apache-13.pom
[INFO] Downloaded: https://repo.maven.apache.org/maven2/org/apache/apache/13/apache-13.pom (14 KB at 324.9 KB/sec)
[INFO] Downloading: https://repo.maven.apache.org/maven2/org/apache/maven/shared/maven-shared-resources/2/maven-shared-resources-2.pom
[INFO] Downloaded: https://repo.maven.apache.org/maven2/org/apache/maven/shared/maven-shared-resources/2/maven-shared-resources-2.pom (3 KB at 60.1 KB/sec)
[INFO] Downloading: https://repo.maven.apache.org/maven2/org/apache/maven/shared/maven-shared-components/21/maven-shared-components-21.pom
[INFO] Downloaded: https://repo.maven.apache.org/maven2/org/apache/maven/shared/maven-shared-components/21/maven-shared-components-21.pom (5 KB at 237.5 KB/sec)
[INFO] Downloading: https://repo.maven.apache.org/maven2/org/apache/maven/maven-parent/25/maven-parent-25.pom
[INFO] Downloaded: https://repo.maven.apache.org/maven2/org/apache/maven/maven-parent/25/maven-parent-25.pom (37 KB at 83.5 KB/sec)
[INFO] Downloading: https://repo.maven.apache.org/maven2/org/apache/apache/15/apache-15.pom
[INFO] Downloaded: https://repo.maven.apache.org/maven2/org/apache/apache/15/apache-15.pom (15 KB at 450.9 KB/sec)
[INFO] Downloading: https://repo.maven.apache.org/maven2/org/apache/maven/doxia/doxia-sink-api/1.4/doxia-sink-api-1.4.pom
[INFO] Downloaded: https://repo.maven.apache.org/maven2/org/apache/maven/doxia/doxia-sink-api/1.4/doxia-sink-api-1.4.pom (2 KB at 55.4 KB/sec)
[INFO] Downloading: https://repo.maven.apache.org/maven2/org/apache/maven/doxia/doxia/1.4/doxia-1.4.pom
[INFO] Downloaded: https://repo.maven.apache.org/maven2/org/apache/maven/doxia/doxia/1.4/doxia-1.4.pom (18 KB at 500.9 KB/sec)
[INFO] Downloading: https://repo.maven.apache.org/maven2/org/apache/maven/doxia/doxia-logging-api/1.4/doxia-logging-api-1.4.pom
[INFO] Downloaded: https://repo.maven.apache.org/maven2/org/apache/maven/doxia/doxia-logging-api/1.4/doxia-logging-api-1.4.pom (2 KB at 60.0 KB/sec)
[INFO] Downloading: https://repo.maven.apache.org/maven2/org/apache/maven/doxia/doxia-decoration-model/1.4/doxia-decoration-model-1.4.pom
[INFO] Downloaded: https://repo.maven.apache.org/maven2/org/apache/maven/doxia/doxia-decoration-model/1.4/doxia-decoration-model-1.4.pom (3 KB at 113.5 KB/sec)
[INFO] Downloading: https://repo.maven.apache.org/maven2/org/apache/maven/doxia/doxia-sitetools/1.4/doxia-sitetools-1.4.pom
[INFO] Downloaded: https://repo.maven.apache.org/maven2/org/apache/maven/doxia/doxia-sitetools/1.4/doxia-sitetools-1.4.pom (17 KB at 558.7 KB/sec)
[INFO] Downloading: https://repo.maven.apache.org/maven2/org/codehaus/plexus/plexus-utils/3.0.10/plexus-utils-3.0.10.pom
[INFO] Downloaded: https://repo.maven.apache.org/maven2/org/codehaus/plexus/plexus-utils/3.0.10/plexus-utils-3.0.10.pom (4 KB at 133.5 KB/sec)
[INFO] Downloading: https://repo.maven.apache.org/maven2/org/apache/maven/doxia/doxia-site-renderer/1.4/doxia-site-renderer-1.4.pom
[INFO] Downloaded: https://repo.maven.apache.org/maven2/org/apache/maven/doxia/doxia-site-renderer/1.4/doxia-site-renderer-1.4.pom (6 KB at 271.3 KB/sec)
[INFO] Downloading: https://repo.maven.apache.org/maven2/org/apache/maven/doxia/doxia-core/1.4/doxia-core-1.4.pom
[INFO] Downloaded: https://repo.maven.apache.org/maven2/org/apache/maven/doxia/doxia-core/1.4/doxia-core-1.4.pom (4 KB at 189.1 KB/sec)
[INFO] Downloading: https://repo.maven.apache.org/maven2/org/apache/maven/doxia/doxia-module-xhtml/1.4/doxia-module-xhtml-1.4.pom
[INFO] Downloaded: https://repo.maven.apache.org/maven2/org/apache/maven/doxia/doxia-module-xhtml/1.4/doxia-module-xhtml-1.4.pom (2 KB at 75.8 KB/sec)
[INFO] Downloading: https://repo.maven.apache.org/maven2/org/apache/maven/doxia/doxia-modules/1.4/doxia-modules-1.4.pom
[INFO] Downloaded: https://repo.maven.apache.org/maven2/org/apache/maven/doxia/doxia-modules/1.4/doxia-modules-1.4.pom (3 KB at 69.2 KB/sec)
[INFO] Downloading: https://repo.maven.apache.org/maven2/org/apache/maven/doxia/doxia-module-fml/1.4/doxia-module-fml-1.4.pom
[INFO] Downloaded: https://repo.maven.apache.org/maven2/org/apache/maven/doxia/doxia-module-fml/1.4/doxia-module-fml-1.4.pom (5 KB at 213.2 KB/sec)
[INFO] Downloading: https://repo.maven.apache.org/maven2/org/apache/velocity/velocity-tools/2.0/velocity-tools-2.0.pom
[INFO] Downloaded: https://repo.maven.apache.org/maven2/org/apache/velocity/velocity-tools/2.0/velocity-tools-2.0.pom (18 KB at 455.7 KB/sec)
[INFO] Downloading: https://repo.maven.apache.org/maven2/commons-digester/commons-digester/1.8/commons-digester-1.8.pom
[INFO] Downloaded: https://repo.maven.apache.org/maven2/commons-digester/commons-digester/1.8/commons-digester-1.8.pom (7 KB at 310.9 KB/sec)
[INFO] Downloading: https://repo.maven.apache.org/maven2/commons-logging/commons-logging/1.1/commons-logging-1.1.pom
[INFO] Downloaded: https://repo.maven.apache.org/maven2/commons-logging/commons-logging/1.1/commons-logging-1.1.pom (7 KB at 274.4 KB/sec)
[INFO] Downloading: https://repo.maven.apache.org/maven2/logkit/logkit/1.0.1/logkit-1.0.1.pom
[INFO] Downloaded: https://repo.maven.apache.org/maven2/logkit/logkit/1.0.1/logkit-1.0.1.pom (147 B at 6.8 KB/sec)
[INFO] Downloading: https://repo.maven.apache.org/maven2/avalon-framework/avalon-framework/4.1.3/avalon-framework-4.1.3.pom
[INFO] Downloaded: https://repo.maven.apache.org/maven2/avalon-framework/avalon-framework/4.1.3/avalon-framework-4.1.3.pom (167 B at 7.4 KB/sec)
[INFO] Downloading: https://repo.maven.apache.org/maven2/javax/servlet/servlet-api/2.3/servlet-api-2.3.pom
[INFO] Downloaded: https://repo.maven.apache.org/maven2/javax/servlet/servlet-api/2.3/servlet-api-2.3.pom (156 B at 6.6 KB/sec)
[INFO] Downloading: https://repo.maven.apache.org/maven2/commons-chain/commons-chain/1.1/commons-chain-1.1.pom
[INFO] Downloaded: https://repo.maven.apache.org/maven2/commons-chain/commons-chain/1.1/commons-chain-1.1.pom (6 KB at 234.9 KB/sec)
[INFO] Downloading: https://repo.maven.apache.org/maven2/dom4j/dom4j/1.1/dom4j-1.1.pom
[INFO] Downloaded: https://repo.maven.apache.org/maven2/dom4j/dom4j/1.1/dom4j-1.1.pom (142 B at 6.0 KB/sec)
[INFO] Downloading: https://repo.maven.apache.org/maven2/sslext/sslext/1.2-0/sslext-1.2-0.pom
[INFO] Downloaded: https://repo.maven.apache.org/maven2/sslext/sslext/1.2-0/sslext-1.2-0.pom (653 B at 26.6 KB/sec)
[INFO] Downloading: https://repo.maven.apache.org/maven2/org/apache/struts/struts-core/1.3.8/struts-core-1.3.8.pom
[INFO] Downloaded: https://repo.maven.apache.org/maven2/org/apache/struts/struts-core/1.3.8/struts-core-1.3.8.pom (5 KB at 131.6 KB/sec)
[INFO] Downloading: https://repo.maven.apache.org/maven2/org/apache/struts/struts-parent/1.3.8/struts-parent-1.3.8.pom
[INFO] Downloaded: https://repo.maven.apache.org/maven2/org/apache/struts/struts-parent/1.3.8/struts-parent-1.3.8.pom (10 KB at 417.8 KB/sec)
[INFO] Downloading: https://repo.maven.apache.org/maven2/org/apache/struts/struts-master/4/struts-master-4.pom
[INFO] Downloaded: https://repo.maven.apache.org/maven2/org/apache/struts/struts-master/4/struts-master-4.pom (12 KB at 385.1 KB/sec)
[INFO] Downloading: https://repo.maven.apache.org/maven2/org/apache/apache/2/apache-2.pom
[INFO] Downloaded: https://repo.maven.apache.org/maven2/org/apache/apache/2/apache-2.pom (4 KB at 123.3 KB/sec)
[INFO] Downloading: https://repo.maven.apache.org/maven2/antlr/antlr/2.7.2/antlr-2.7.2.pom
[INFO] Downloaded: https://repo.maven.apache.org/maven2/antlr/antlr/2.7.2/antlr-2.7.2.pom (145 B at 7.5 KB/sec)
[INFO] Downloading: https://repo.maven.apache.org/maven2/org/apache/struts/struts-taglib/1.3.8/struts-taglib-1.3.8.pom
[INFO] Downloaded: https://repo.maven.apache.org/maven2/org/apache/struts/struts-taglib/1.3.8/struts-taglib-1.3.8.pom (4 KB at 120.2 KB/sec)
[INFO] Downloading: https://repo.maven.apache.org/maven2/org/apache/struts/struts-tiles/1.3.8/struts-tiles-1.3.8.pom
[INFO] Downloaded: https://repo.maven.apache.org/maven2/org/apache/struts/struts-tiles/1.3.8/struts-tiles-1.3.8.pom (3 KB at 123.3 KB/sec)
[INFO] Downloading: https://repo.maven.apache.org/maven2/org/apache/velocity/velocity/1.6.2/velocity-1.6.2.pom
[INFO] Downloaded: https://repo.maven.apache.org/maven2/org/apache/velocity/velocity/1.6.2/velocity-1.6.2.pom (11 KB at 414.8 KB/sec)
[INFO] Downloading: https://repo.maven.apache.org/maven2/org/apache/maven/doxia/doxia-integration-tools/1.6/doxia-integration-tools-1.6.pom
[INFO] Downloaded: https://repo.maven.apache.org/maven2/org/apache/maven/doxia/doxia-integration-tools/1.6/doxia-integration-tools-1.6.pom (7 KB at 295.4 KB/sec)
[INFO] Downloading: https://repo.maven.apache.org/maven2/org/apache/maven/doxia/doxia-tools/3/doxia-tools-3.pom
[INFO] Downloaded: https://repo.maven.apache.org/maven2/org/apache/maven/doxia/doxia-tools/3/doxia-tools-3.pom (10 KB at 387.8 KB/sec)
[INFO] Downloading: https://repo.maven.apache.org/maven2/org/apache/maven/doxia/doxia-logging-api/1.6/doxia-logging-api-1.6.pom
[INFO] Downloaded: https://repo.maven.apache.org/maven2/org/apache/maven/doxia/doxia-logging-api/1.6/doxia-logging-api-1.6.pom (2 KB at 75.0 KB/sec)
[INFO] Downloading: https://repo.maven.apache.org/maven2/org/apache/maven/doxia/doxia/1.6/doxia-1.6.pom
[INFO] Downloaded: https://repo.maven.apache.org/maven2/org/apache/maven/doxia/doxia/1.6/doxia-1.6.pom (19 KB at 662.1 KB/sec)
[INFO] Downloading: https://repo.maven.apache.org/maven2/org/apache/maven/doxia/doxia-decoration-model/1.6/doxia-decoration-model-1.6.pom
[INFO] Downloaded: https://repo.maven.apache.org/maven2/org/apache/maven/doxia/doxia-decoration-model/1.6/doxia-decoration-model-1.6.pom (3 KB at 139.2 KB/sec)
[INFO] Downloading: https://repo.maven.apache.org/maven2/org/apache/maven/doxia/doxia-sitetools/1.6/doxia-sitetools-1.6.pom
[INFO] Downloaded: https://repo.maven.apache.org/maven2/org/apache/maven/doxia/doxia-sitetools/1.6/doxia-sitetools-1.6.pom (18 KB at 623.8 KB/sec)
[INFO] Downloading: https://repo.maven.apache.org/maven2/org/codehaus/plexus/plexus-utils/3.0.15/plexus-utils-3.0.15.pom
[INFO] Downloaded: https://repo.maven.apache.org/maven2/org/codehaus/plexus/plexus-utils/3.0.15/plexus-utils-3.0.15.pom (4 KB at 139.6 KB/sec)
[INFO] Downloading: https://repo.maven.apache.org/maven2/org/codehaus/plexus/plexus/3.3.1/plexus-3.3.1.pom
[INFO] Downloaded: https://repo.maven.apache.org/maven2/org/codehaus/plexus/plexus/3.3.1/plexus-3.3.1.pom (20 KB at 713.1 KB/sec)
[INFO] Downloading: https://repo.maven.apache.org/maven2/org/codehaus/plexus/plexus-interpolation/1.14/plexus-interpolation-1.14.pom
[INFO] Downloaded: https://repo.maven.apache.org/maven2/org/codehaus/plexus/plexus-interpolation/1.14/plexus-interpolation-1.14.pom (910 B at 38.6 KB/sec)
[INFO] Downloading: https://repo.maven.apache.org/maven2/org/codehaus/plexus/plexus-components/1.1.18/plexus-components-1.1.18.pom
[INFO] Downloaded: https://repo.maven.apache.org/maven2/org/codehaus/plexus/plexus-components/1.1.18/plexus-components-1.1.18.pom (6 KB at 249.0 KB/sec)
[INFO] Downloading: https://repo.maven.apache.org/maven2/org/codehaus/plexus/plexus-resources/1.0.1/plexus-resources-1.0.1.pom
[INFO] Downloaded: https://repo.maven.apache.org/maven2/org/codehaus/plexus/plexus-resources/1.0.1/plexus-resources-1.0.1.pom (2 KB at 61.3 KB/sec)
[INFO] Downloading: https://repo.maven.apache.org/maven2/org/codehaus/plexus/plexus-components/1.3.1/plexus-components-1.3.1.pom
[INFO] Downloaded: https://repo.maven.apache.org/maven2/org/codehaus/plexus/plexus-components/1.3.1/plexus-components-1.3.1.pom (3 KB at 136.0 KB/sec)
[INFO] Downloading: https://repo.maven.apache.org/maven2/org/codehaus/plexus/plexus-utils/3.0.20/plexus-utils-3.0.20.pom
[INFO] Downloaded: https://repo.maven.apache.org/maven2/org/codehaus/plexus/plexus-utils/3.0.20/plexus-utils-3.0.20.pom (4 KB at 161.8 KB/sec)
[INFO] Downloading: https://repo.maven.apache.org/maven2/org/codehaus/plexus/plexus-interpolation/1.21/plexus-interpolation-1.21.pom
[INFO] Downloaded: https://repo.maven.apache.org/maven2/org/codehaus/plexus/plexus-interpolation/1.21/plexus-interpolation-1.21.pom (2 KB at 51.9 KB/sec)
[INFO] Downloading: https://repo.maven.apache.org/maven2/com/puppycrawl/tools/checkstyle/6.1.1/checkstyle-6.1.1.pom
[INFO] Downloaded: https://repo.maven.apache.org/maven2/com/puppycrawl/tools/checkstyle/6.1.1/checkstyle-6.1.1.pom (30 KB at 990.0 KB/sec)
[INFO] Downloading: https://repo.maven.apache.org/maven2/org/antlr/antlr4-runtime/4.3/antlr4-runtime-4.3.pom
[INFO] Downloaded: https://repo.maven.apache.org/maven2/org/antlr/antlr4-runtime/4.3/antlr4-runtime-4.3.pom (5 KB at 222.7 KB/sec)
[INFO] Downloading: https://repo.maven.apache.org/maven2/org/antlr/antlr4-master/4.3/antlr4-master-4.3.pom
[INFO] Downloaded: https://repo.maven.apache.org/maven2/org/antlr/antlr4-master/4.3/antlr4-master-4.3.pom (8 KB at 322.5 KB/sec)
[INFO] Downloading: https://repo.maven.apache.org/maven2/org/abego/treelayout/org.abego.treelayout.core/1.0.1/org.abego.treelayout.core-1.0.1.pom
[INFO] Downloaded: https://repo.maven.apache.org/maven2/org/abego/treelayout/org.abego.treelayout.core/1.0.1/org.abego.treelayout.core-1.0.1.pom (4 KB at 144.3 KB/sec)
[INFO] Downloading: https://repo.maven.apache.org/maven2/org/antlr/antlr4-annotations/4.3/antlr4-annotations-4.3.pom
[INFO] Downloaded: https://repo.maven.apache.org/maven2/org/antlr/antlr4-annotations/4.3/antlr4-annotations-4.3.pom (2 KB at 59.2 KB/sec)
[INFO] Downloading: https://repo.maven.apache.org/maven2/org/slf4j/slf4j-jdk14/1.5.6/slf4j-jdk14-1.5.6.jar
[INFO] Downloading: https://repo.maven.apache.org/maven2/org/slf4j/slf4j-api/1.5.6/slf4j-api-1.5.6.jar
[INFO] Downloading: https://repo.maven.apache.org/maven2/org/slf4j/jcl-over-slf4j/1.5.6/jcl-over-slf4j-1.5.6.jar
[INFO] Downloading: https://repo.maven.apache.org/maven2/org/sonatype/plexus/plexus-sec-dispatcher/1.3/plexus-sec-dispatcher-1.3.jar
[INFO] Downloading: https://repo.maven.apache.org/maven2/org/sonatype/plexus/plexus-cipher/1.4/plexus-cipher-1.4.jar
[INFO] Downloaded: https://repo.maven.apache.org/maven2/org/slf4j/slf4j-jdk14/1.5.6/slf4j-jdk14-1.5.6.jar (9 KB at 200.2 KB/sec)
[INFO] Downloading: https://repo.maven.apache.org/maven2/org/apache/maven/reporting/maven-reporting-impl/2.3/maven-reporting-impl-2.3.jar
[INFO] Downloaded: https://repo.maven.apache.org/maven2/org/sonatype/plexus/plexus-cipher/1.4/plexus-cipher-1.4.jar (14 KB at 248.6 KB/sec)
[INFO] Downloading: https://repo.maven.apache.org/maven2/org/apache/maven/shared/maven-shared-utils/0.6/maven-shared-utils-0.6.jar
[INFO] Downloaded: https://repo.maven.apache.org/maven2/org/sonatype/plexus/plexus-sec-dispatcher/1.3/plexus-sec-dispatcher-1.3.jar (28 KB at 416.2 KB/sec)
[INFO] Downloading: https://repo.maven.apache.org/maven2/org/apache/maven/shared/maven-shared-resources/2/maven-shared-resources-2.jar
[INFO] Downloaded: https://repo.maven.apache.org/maven2/org/apache/maven/shared/maven-shared-resources/2/maven-shared-resources-2.jar (13 KB at 131.5 KB/sec)
[INFO] Downloading: https://repo.maven.apache.org/maven2/org/apache/maven/doxia/doxia-sink-api/1.4/doxia-sink-api-1.4.jar
[INFO] Downloaded: https://repo.maven.apache.org/maven2/org/apache/maven/doxia/doxia-sink-api/1.4/doxia-sink-api-1.4.jar (11 KB at 83.5 KB/sec)
[INFO] Downloading: https://repo.maven.apache.org/maven2/org/apache/maven/doxia/doxia-logging-api/1.4/doxia-logging-api-1.4.jar
[INFO] Downloaded: https://repo.maven.apache.org/maven2/org/slf4j/slf4j-api/1.5.6/slf4j-api-1.5.6.jar (22 KB at 145.4 KB/sec)
[INFO] Downloading: https://repo.maven.apache.org/maven2/org/apache/maven/doxia/doxia-decoration-model/1.4/doxia-decoration-model-1.4.jar
[INFO] Downloaded: https://repo.maven.apache.org/maven2/org/apache/maven/doxia/doxia-logging-api/1.4/doxia-logging-api-1.4.jar (12 KB at 65.0 KB/sec)
[INFO] Downloading: https://repo.maven.apache.org/maven2/org/apache/maven/doxia/doxia-site-renderer/1.4/doxia-site-renderer-1.4.jar
[INFO] Downloaded: https://repo.maven.apache.org/maven2/org/apache/maven/reporting/maven-reporting-impl/2.3/maven-reporting-impl-2.3.jar (18 KB at 102.1 KB/sec)
[INFO] Downloading: https://repo.maven.apache.org/maven2/org/apache/maven/doxia/doxia-module-xhtml/1.4/doxia-module-xhtml-1.4.jar
[INFO] Downloaded: https://repo.maven.apache.org/maven2/org/slf4j/jcl-over-slf4j/1.5.6/jcl-over-slf4j-1.5.6.jar (17 KB at 84.2 KB/sec)
[INFO] Downloading: https://repo.maven.apache.org/maven2/org/apache/maven/doxia/doxia-module-fml/1.4/doxia-module-fml-1.4.jar
[INFO] Downloaded: https://repo.maven.apache.org/maven2/org/apache/maven/shared/maven-shared-utils/0.6/maven-shared-utils-0.6.jar (161 KB at 859.8 KB/sec)
[INFO] Downloading: https://repo.maven.apache.org/maven2/org/apache/velocity/velocity-tools/2.0/velocity-tools-2.0.jar
[INFO] Downloaded: https://repo.maven.apache.org/maven2/org/apache/maven/doxia/doxia-module-xhtml/1.4/doxia-module-xhtml-1.4.jar (16 KB at 69.9 KB/sec)
[INFO] Downloading: https://repo.maven.apache.org/maven2/commons-chain/commons-chain/1.1/commons-chain-1.1.jar
[INFO] Downloaded: https://repo.maven.apache.org/maven2/org/apache/maven/doxia/doxia-decoration-model/1.4/doxia-decoration-model-1.4.jar (60 KB at 263.5 KB/sec)
[INFO] Downloading: https://repo.maven.apache.org/maven2/dom4j/dom4j/1.1/dom4j-1.1.jar
[INFO] Downloaded: https://repo.maven.apache.org/maven2/org/apache/maven/doxia/doxia-module-fml/1.4/doxia-module-fml-1.4.jar (37 KB at 162.7 KB/sec)
[INFO] Downloading: https://repo.maven.apache.org/maven2/sslext/sslext/1.2-0/sslext-1.2-0.jar
[INFO] Downloaded: https://repo.maven.apache.org/maven2/org/apache/maven/doxia/doxia-site-renderer/1.4/doxia-site-renderer-1.4.jar (52 KB at 197.9 KB/sec)
[INFO] Downloading: https://repo.maven.apache.org/maven2/org/apache/struts/struts-core/1.3.8/struts-core-1.3.8.jar
[INFO] Downloaded: https://repo.maven.apache.org/maven2/sslext/sslext/1.2-0/sslext-1.2-0.jar (26 KB at 92.1 KB/sec)
[INFO] Downloading: https://repo.maven.apache.org/maven2/org/apache/struts/struts-taglib/1.3.8/struts-taglib-1.3.8.jar
[INFO] Downloaded: https://repo.maven.apache.org/maven2/commons-chain/commons-chain/1.1/commons-chain-1.1.jar (88 KB at 238.2 KB/sec)
[INFO] Downloading: https://repo.maven.apache.org/maven2/org/apache/struts/struts-tiles/1.3.8/struts-tiles-1.3.8.jar
[INFO] Downloaded: https://repo.maven.apache.org/maven2/org/apache/struts/struts-taglib/1.3.8/struts-taglib-1.3.8.jar (246 KB at 524.8 KB/sec)
[INFO] Downloading: https://repo.maven.apache.org/maven2/org/apache/maven/doxia/doxia-integration-tools/1.6/doxia-integration-tools-1.6.jar
[INFO] Downloaded: https://repo.maven.apache.org/maven2/org/apache/struts/struts-tiles/1.3.8/struts-tiles-1.3.8.jar (117 KB at 206.8 KB/sec)
[INFO] Downloading: https://repo.maven.apache.org/maven2/org/codehaus/plexus/plexus-resources/1.0.1/plexus-resources-1.0.1.jar
[INFO] Downloaded: https://repo.maven.apache.org/maven2/org/apache/maven/doxia/doxia-integration-tools/1.6/doxia-integration-tools-1.6.jar (44 KB at 74.2 KB/sec)
[INFO] Downloading: https://repo.maven.apache.org/maven2/org/codehaus/plexus/plexus-utils/3.0.20/plexus-utils-3.0.20.jar
[INFO] Downloaded: https://repo.maven.apache.org/maven2/org/apache/velocity/velocity-tools/2.0/velocity-tools-2.0.jar (339 KB at 574.6 KB/sec)
[INFO] Downloading: https://repo.maven.apache.org/maven2/org/codehaus/plexus/plexus-interpolation/1.21/plexus-interpolation-1.21.jar
[INFO] Downloaded: https://repo.maven.apache.org/maven2/org/apache/struts/struts-core/1.3.8/struts-core-1.3.8.jar (322 KB at 544.4 KB/sec)
[INFO] Downloading: https://repo.maven.apache.org/maven2/com/puppycrawl/tools/checkstyle/6.1.1/checkstyle-6.1.1.jar
[INFO] Downloaded: https://repo.maven.apache.org/maven2/org/codehaus/plexus/plexus-resources/1.0.1/plexus-resources-1.0.1.jar (22 KB at 35.4 KB/sec)
[INFO] Downloading: https://repo.maven.apache.org/maven2/org/antlr/antlr4-runtime/4.3/antlr4-runtime-4.3.jar
[INFO] Downloaded: https://repo.maven.apache.org/maven2/dom4j/dom4j/1.1/dom4j-1.1.jar (447 KB at 712.8 KB/sec)
[INFO] Downloading: https://repo.maven.apache.org/maven2/org/abego/treelayout/org.abego.treelayout.core/1.0.1/org.abego.treelayout.core-1.0.1.jar
[INFO] Downloaded: https://repo.maven.apache.org/maven2/org/abego/treelayout/org.abego.treelayout.core/1.0.1/org.abego.treelayout.core-1.0.1.jar (25 KB at 35.8 KB/sec)
[INFO] Downloading: https://repo.maven.apache.org/maven2/org/antlr/antlr4-annotations/4.3/antlr4-annotations-4.3.jar
[INFO] Downloaded: https://repo.maven.apache.org/maven2/org/codehaus/plexus/plexus-interpolation/1.21/plexus-interpolation-1.21.jar (61 KB at 82.1 KB/sec)
[INFO] Downloaded: https://repo.maven.apache.org/maven2/org/antlr/antlr4-annotations/4.3/antlr4-annotations-4.3.jar (10 KB at 12.4 KB/sec)
[INFO] Downloaded: https://repo.maven.apache.org/maven2/org/codehaus/plexus/plexus-utils/3.0.20/plexus-utils-3.0.20.jar (238 KB at 286.1 KB/sec)
[INFO] Downloaded: https://repo.maven.apache.org/maven2/org/antlr/antlr4-runtime/4.3/antlr4-runtime-4.3.jar (337 KB at 390.4 KB/sec)
[INFO] Downloaded: https://repo.maven.apache.org/maven2/com/puppycrawl/tools/checkstyle/6.1.1/checkstyle-6.1.1.jar (991 KB at 936.5 KB/sec)
[INFO] 
[INFO] --- maven-install-plugin:2.4:install (default-install) @ parent ---
[INFO] Installing /home/travis/build/square/retrofit/pom.xml to /home/travis/.m2/repository/com/squareup/retrofit/parent/2.0.0-SNAPSHOT/parent-2.0.0-SNAPSHOT.pom
[INFO]                                                                         
[INFO] ------------------------------------------------------------------------
[INFO] Building Retrofit 2.0.0-SNAPSHOT
[INFO] ------------------------------------------------------------------------
[INFO] 
[INFO] --- maven-enforcer-plugin:1.0:enforce (enforce-maven) @ retrofit ---
[INFO] 
[INFO] --- maven-resources-plugin:2.6:resources (default-resources) @ retrofit ---
[INFO] Using 'UTF-8' encoding to copy filtered resources.
[INFO] skip non existing resourceDirectory /home/travis/build/square/retrofit/retrofit/src/main/resources
[INFO] 
[INFO] --- maven-compiler-plugin:3.0:compile (default-compile) @ retrofit ---
[INFO] Changes detected - recompiling the module!
[INFO] Compiling 38 source files to /home/travis/build/square/retrofit/retrofit/target/classes
[WARNING] /home/travis/build/square/retrofit/retrofit/src/main/java/retrofit/RestAdapter.java: Some input files use unchecked or unsafe operations.
[WARNING] /home/travis/build/square/retrofit/retrofit/src/main/java/retrofit/RestAdapter.java: Recompile with -Xlint:unchecked for details.
[INFO] 
[INFO] --- maven-resources-plugin:2.6:testResources (default-testResources) @ retrofit ---
[INFO] Using 'UTF-8' encoding to copy filtered resources.
[INFO] skip non existing resourceDirectory /home/travis/build/square/retrofit/retrofit/src/test/resources
[INFO] 
[INFO] --- maven-compiler-plugin:3.0:testCompile (default-testCompile) @ retrofit ---
[INFO] Changes detected - recompiling the module!
[INFO] Compiling 7 source files to /home/travis/build/square/retrofit/retrofit/target/test-classes
[INFO] -------------------------------------------------------------
[ERROR] COMPILATION ERROR : 
[INFO] -------------------------------------------------------------
[ERROR] /home/travis/build/square/retrofit/retrofit/src/test/java/retrofit/MethodInfoTest.java:[16,10] package rx does not exist
[ERROR] /home/travis/build/square/retrofit/retrofit/src/test/java/retrofit/MethodInfoTest.java:[60,29] constructor MethodInfo in class retrofit.MethodInfo cannot be applied to given types;
  required: java.lang.reflect.Method,java.util.List<retrofit.CallAdapter>
  found: java.lang.reflect.Method
  reason: actual and formal argument lists differ in length
[ERROR] /home/travis/build/square/retrofit/retrofit/src/test/java/retrofit/MethodInfoTest.java:[72,29] constructor MethodInfo in class retrofit.MethodInfo cannot be applied to given types;
  required: java.lang.reflect.Method,java.util.List<retrofit.CallAdapter>
  found: java.lang.reflect.Method
  reason: actual and formal argument lists differ in length
[ERROR] /home/travis/build/square/retrofit/retrofit/src/test/java/retrofit/MethodInfoTest.java:[85,29] constructor MethodInfo in class retrofit.MethodInfo cannot be applied to given types;
  required: java.lang.reflect.Method,java.util.List<retrofit.CallAdapter>
  found: java.lang.reflect.Method
  reason: actual and formal argument lists differ in length
[ERROR] /home/travis/build/square/retrofit/retrofit/src/test/java/retrofit/MethodInfoTest.java:[97,29] constructor MethodInfo in class retrofit.MethodInfo cannot be applied to given types;
  required: java.lang.reflect.Method,java.util.List<retrofit.CallAdapter>
  found: java.lang.reflect.Method
  reason: actual and formal argument lists differ in length
[ERROR] /home/travis/build/square/retrofit/retrofit/src/test/java/retrofit/MethodInfoTest.java:[108,29] constructor MethodInfo in class retrofit.MethodInfo cannot be applied to given types;
  required: java.lang.reflect.Method,java.util.List<retrofit.CallAdapter>
  found: java.lang.reflect.Method
  reason: actual and formal argument lists differ in length
[ERROR] /home/travis/build/square/retrofit/retrofit/src/test/java/retrofit/MethodInfoTest.java:[119,29] constructor MethodInfo in class retrofit.MethodInfo cannot be applied to given types;
  required: java.lang.reflect.Method,java.util.List<retrofit.CallAdapter>
  found: java.lang.reflect.Method
  reason: actual and formal argument lists differ in length
[ERROR] /home/travis/build/square/retrofit/retrofit/src/test/java/retrofit/MethodInfoTest.java:[130,29] constructor MethodInfo in class retrofit.MethodInfo cannot be applied to given types;
  required: java.lang.reflect.Method,java.util.List<retrofit.CallAdapter>
  found: java.lang.reflect.Method
  reason: actual and formal argument lists differ in length
[ERROR] /home/travis/build/square/retrofit/retrofit/src/test/java/retrofit/MethodInfoTest.java:[147,29] constructor MethodInfo in class retrofit.MethodInfo cannot be applied to given types;
  required: java.lang.reflect.Method,java.util.List<retrofit.CallAdapter>
  found: java.lang.reflect.Method
  reason: actual and formal argument lists differ in length
[ERROR] /home/travis/build/square/retrofit/retrofit/src/test/java/retrofit/MethodInfoTest.java:[160,29] constructor MethodInfo in class retrofit.MethodInfo cannot be applied to given types;
  required: java.lang.reflect.Method,java.util.List<retrofit.CallAdapter>
  found: java.lang.reflect.Method
  reason: actual and formal argument lists differ in length
[ERROR] /home/travis/build/square/retrofit/retrofit/src/test/java/retrofit/MethodInfoTest.java:[172,29] constructor MethodInfo in class retrofit.MethodInfo cannot be applied to given types;
  required: java.lang.reflect.Method,java.util.List<retrofit.CallAdapter>
  found: java.lang.reflect.Method
  reason: actual and formal argument lists differ in length
[ERROR] /home/travis/build/square/retrofit/retrofit/src/test/java/retrofit/MethodInfoTest.java:[186,29] constructor MethodInfo in class retrofit.MethodInfo cannot be applied to given types;
  required: java.lang.reflect.Method,java.util.List<retrofit.CallAdapter>
  found: java.lang.reflect.Method
  reason: actual and formal argument lists differ in length
[ERROR] /home/travis/build/square/retrofit/retrofit/src/test/java/retrofit/MethodInfoTest.java:[192,20] cannot find symbol
  symbol:   class Observable
  location: class Example
[ERROR] /home/travis/build/square/retrofit/retrofit/src/test/java/retrofit/MethodInfoTest.java:[198,29] constructor MethodInfo in class retrofit.MethodInfo cannot be applied to given types;
  required: java.lang.reflect.Method,java.util.List<retrofit.CallAdapter>
  found: java.lang.reflect.Method
  reason: actual and formal argument lists differ in length
[ERROR] /home/travis/build/square/retrofit/retrofit/src/test/java/retrofit/MethodInfoTest.java:[204,20] cannot find symbol
  symbol:   class Observable
  location: class Example
[ERROR] /home/travis/build/square/retrofit/retrofit/src/test/java/retrofit/MethodInfoTest.java:[210,29] constructor MethodInfo in class retrofit.MethodInfo cannot be applied to given types;
  required: java.lang.reflect.Method,java.util.List<retrofit.CallAdapter>
  found: java.lang.reflect.Method
  reason: actual and formal argument lists differ in length
[ERROR] /home/travis/build/square/retrofit/retrofit/src/test/java/retrofit/RequestBuilderTest.java:[1479,57] cannot find symbol
  symbol:   class CallCallAdapter
  location: class retrofit.RequestBuilderTest
[ERROR] /home/travis/build/square/retrofit/retrofit/src/test/java/retrofit/RequestBuilderTest.java:[1479,22] cannot find symbol
  symbol:   class ExecutionAdapter
  location: class retrofit.RequestBuilderTest
[ERROR] /home/travis/build/square/retrofit/retrofit/src/test/java/retrofit/RestAdapterTest.java:[92,14] cannot find symbol
  symbol:   class RetrofitError
  location: class retrofit.RestAdapterTest
[ERROR] /home/travis/build/square/retrofit/retrofit/src/test/java/retrofit/RestAdapterTest.java:[117,14] cannot find symbol
  symbol:   class RetrofitError
  location: class retrofit.RestAdapterTest
[ERROR] /home/travis/build/square/retrofit/retrofit/src/test/java/retrofit/RestAdapterTest.java:[136,14] cannot find symbol
  symbol:   class RetrofitError
  location: class retrofit.RestAdapterTest
[ERROR] /home/travis/build/square/retrofit/retrofit/src/test/java/retrofit/RestAdapterTest.java:[137,54] package RetrofitError does not exist
[ERROR] /home/travis/build/square/retrofit/retrofit/src/test/java/retrofit/RestAdapterTest.java:[150,14] cannot find symbol
  symbol:   class RetrofitError
  location: class retrofit.RestAdapterTest
[ERROR] /home/travis/build/square/retrofit/retrofit/src/test/java/retrofit/RestAdapterTest.java:[151,54] package RetrofitError does not exist
[ERROR] /home/travis/build/square/retrofit/retrofit/src/test/java/retrofit/RestAdapterTest.java:[163,14] cannot find symbol
  symbol:   class RetrofitError
  location: class retrofit.RestAdapterTest
[ERROR] /home/travis/build/square/retrofit/retrofit/src/test/java/retrofit/RestAdapterTest.java:[164,54] package RetrofitError does not exist
[ERROR] /home/travis/build/square/retrofit/retrofit/src/test/java/retrofit/RestAdapterTest.java:[194,37] cannot find symbol
  symbol: class RetrofitError
[ERROR] /home/travis/build/square/retrofit/retrofit/src/test/java/retrofit/RestAdapterTest.java:[188,45] <anonymous retrofit.RestAdapterTest$1> is not abstract and does not override abstract method success(retrofit.Response<com.squareup.okhttp.Response>) in retrofit.Callback
[ERROR] /home/travis/build/square/retrofit/retrofit/src/test/java/retrofit/RestAdapterTest.java:[189,7] method does not override or implement a method from a supertype
[ERROR] /home/travis/build/square/retrofit/retrofit/src/test/java/retrofit/RestAdapterTest.java:[214,37] cannot find symbol
  symbol: class RetrofitError
[ERROR] /home/travis/build/square/retrofit/retrofit/src/test/java/retrofit/RestAdapterTest.java:[208,46] <anonymous retrofit.RestAdapterTest$2> is not abstract and does not override abstract method success(retrofit.Response<java.lang.String>) in retrofit.Callback
[ERROR] /home/travis/build/square/retrofit/retrofit/src/test/java/retrofit/RestAdapterTest.java:[209,7] method does not override or implement a method from a supertype
[ERROR] /home/travis/build/square/retrofit/retrofit/src/test/java/retrofit/RestAdapterTest.java:[226,27] cannot find symbol
  symbol:   class RetrofitError
  location: class retrofit.RestAdapterTest
[ERROR] /home/travis/build/square/retrofit/retrofit/src/test/java/retrofit/RestAdapterTest.java:[226,73] cannot find symbol
  symbol:   class RetrofitError
  location: class retrofit.RestAdapterTest
[ERROR] /home/travis/build/square/retrofit/retrofit/src/test/java/retrofit/RestAdapterTest.java:[233,37] cannot find symbol
  symbol: class RetrofitError
[ERROR] /home/travis/build/square/retrofit/retrofit/src/test/java/retrofit/RestAdapterTest.java:[228,46] <anonymous retrofit.RestAdapterTest$3> is not abstract and does not override abstract method success(retrofit.Response<java.lang.String>) in retrofit.Callback
[ERROR] /home/travis/build/square/retrofit/retrofit/src/test/java/retrofit/RestAdapterTest.java:[229,7] method does not override or implement a method from a supertype
[ERROR] /home/travis/build/square/retrofit/retrofit/src/test/java/retrofit/RestAdapterTest.java:[240,5] cannot find symbol
  symbol:   class RetrofitError
  location: class retrofit.RestAdapterTest
[INFO] 38 errors 
[INFO] -------------------------------------------------------------
[INFO] ------------------------------------------------------------------------
[INFO] Reactor Summary:
[INFO] 
[INFO] Retrofit (Parent) .................................. SUCCESS [  6.752 s]
[INFO] Retrofit ........................................... FAILURE [  8.803 s]
[INFO] Adapters ........................................... SKIPPED
[INFO] Adapter: RxJava .................................... SKIPPED
[INFO] Converters ......................................... SKIPPED
[INFO] Converter: Protocol Buffers ........................ SKIPPED
[INFO] Converter: Jackson ................................. SKIPPED
[INFO] Converter: Wire Protocol Buffers ................... SKIPPED
[INFO] Converter: SimpleXML ............................... SKIPPED
[INFO] Retrofit Mock Adapter .............................. SKIPPED
[INFO] Samples ............................................ SKIPPED
[INFO] Sample: GitHub Client .............................. SKIPPED
[INFO] Sample: Mock GitHub Client ......................... SKIPPED
[INFO] ------------------------------------------------------------------------
[INFO] BUILD FAILURE
[INFO] ------------------------------------------------------------------------
[INFO] Total time: 16.000 s
[INFO] Finished at: 2015-05-20T05:03:44+00:00
[INFO] Final Memory: 30M/356M
[INFO] ------------------------------------------------------------------------
[ERROR] Failed to execute goal org.apache.maven.plugins:maven-compiler-plugin:3.0:testCompile (default-testCompile) on project retrofit: Compilation failure: Compilation failure:
[ERROR] /home/travis/build/square/retrofit/retrofit/src/test/java/retrofit/MethodInfoTest.java:[16,10] package rx does not exist
[ERROR] /home/travis/build/square/retrofit/retrofit/src/test/java/retrofit/MethodInfoTest.java:[60,29] constructor MethodInfo in class retrofit.MethodInfo cannot be applied to given types;
[ERROR] required: java.lang.reflect.Method,java.util.List<retrofit.CallAdapter>
[ERROR] found: java.lang.reflect.Method
[ERROR] reason: actual and formal argument lists differ in length
[ERROR] /home/travis/build/square/retrofit/retrofit/src/test/java/retrofit/MethodInfoTest.java:[72,29] constructor MethodInfo in class retrofit.MethodInfo cannot be applied to given types;
[ERROR] required: java.lang.reflect.Method,java.util.List<retrofit.CallAdapter>
[ERROR] found: java.lang.reflect.Method
[ERROR] reason: actual and formal argument lists differ in length
[ERROR] /home/travis/build/square/retrofit/retrofit/src/test/java/retrofit/MethodInfoTest.java:[85,29] constructor MethodInfo in class retrofit.MethodInfo cannot be applied to given types;
[ERROR] required: java.lang.reflect.Method,java.util.List<retrofit.CallAdapter>
[ERROR] found: java.lang.reflect.Method
[ERROR] reason: actual and formal argument lists differ in length
[ERROR] /home/travis/build/square/retrofit/retrofit/src/test/java/retrofit/MethodInfoTest.java:[97,29] constructor MethodInfo in class retrofit.MethodInfo cannot be applied to given types;
[ERROR] required: java.lang.reflect.Method,java.util.List<retrofit.CallAdapter>
[ERROR] found: java.lang.reflect.Method
[ERROR] reason: actual and formal argument lists differ in length
[ERROR] /home/travis/build/square/retrofit/retrofit/src/test/java/retrofit/MethodInfoTest.java:[108,29] constructor MethodInfo in class retrofit.MethodInfo cannot be applied to given types;
[ERROR] required: java.lang.reflect.Method,java.util.List<retrofit.CallAdapter>
[ERROR] found: java.lang.reflect.Method
[ERROR] reason: actual and formal argument lists differ in length
[ERROR] /home/travis/build/square/retrofit/retrofit/src/test/java/retrofit/MethodInfoTest.java:[119,29] constructor MethodInfo in class retrofit.MethodInfo cannot be applied to given types;
[ERROR] required: java.lang.reflect.Method,java.util.List<retrofit.CallAdapter>
[ERROR] found: java.lang.reflect.Method
[ERROR] reason: actual and formal argument lists differ in length
[ERROR] /home/travis/build/square/retrofit/retrofit/src/test/java/retrofit/MethodInfoTest.java:[130,29] constructor MethodInfo in class retrofit.MethodInfo cannot be applied to given types;
[ERROR] required: java.lang.reflect.Method,java.util.List<retrofit.CallAdapter>
[ERROR] found: java.lang.reflect.Method
[ERROR] reason: actual and formal argument lists differ in length
[ERROR] /home/travis/build/square/retrofit/retrofit/src/test/java/retrofit/MethodInfoTest.java:[147,29] constructor MethodInfo in class retrofit.MethodInfo cannot be applied to given types;
[ERROR] required: java.lang.reflect.Method,java.util.List<retrofit.CallAdapter>
[ERROR] found: java.lang.reflect.Method
[ERROR] reason: actual and formal argument lists differ in length
[ERROR] /home/travis/build/square/retrofit/retrofit/src/test/java/retrofit/MethodInfoTest.java:[160,29] constructor MethodInfo in class retrofit.MethodInfo cannot be applied to given types;
[ERROR] required: java.lang.reflect.Method,java.util.List<retrofit.CallAdapter>
[ERROR] found: java.lang.reflect.Method
[ERROR] reason: actual and formal argument lists differ in length
[ERROR] /home/travis/build/square/retrofit/retrofit/src/test/java/retrofit/MethodInfoTest.java:[172,29] constructor MethodInfo in class retrofit.MethodInfo cannot be applied to given types;
[ERROR] required: java.lang.reflect.Method,java.util.List<retrofit.CallAdapter>
[ERROR] found: java.lang.reflect.Method
[ERROR] reason: actual and formal argument lists differ in length
[ERROR] /home/travis/build/square/retrofit/retrofit/src/test/java/retrofit/MethodInfoTest.java:[186,29] constructor MethodInfo in class retrofit.MethodInfo cannot be applied to given types;
[ERROR] required: java.lang.reflect.Method,java.util.List<retrofit.CallAdapter>
[ERROR] found: java.lang.reflect.Method
[ERROR] reason: actual and formal argument lists differ in length
[ERROR] /home/travis/build/square/retrofit/retrofit/src/test/java/retrofit/MethodInfoTest.java:[192,20] cannot find symbol
[ERROR] symbol:   class Observable
[ERROR] location: class Example
[ERROR] /home/travis/build/square/retrofit/retrofit/src/test/java/retrofit/MethodInfoTest.java:[198,29] constructor MethodInfo in class retrofit.MethodInfo cannot be applied to given types;
[ERROR] required: java.lang.reflect.Method,java.util.List<retrofit.CallAdapter>
[ERROR] found: java.lang.reflect.Method
[ERROR] reason: actual and formal argument lists differ in length
[ERROR] /home/travis/build/square/retrofit/retrofit/src/test/java/retrofit/MethodInfoTest.java:[204,20] cannot find symbol
[ERROR] symbol:   class Observable
[ERROR] location: class Example
[ERROR] /home/travis/build/square/retrofit/retrofit/src/test/java/retrofit/MethodInfoTest.java:[210,29] constructor MethodInfo in class retrofit.MethodInfo cannot be applied to given types;
[ERROR] required: java.lang.reflect.Method,java.util.List<retrofit.CallAdapter>
[ERROR] found: java.lang.reflect.Method
[ERROR] reason: actual and formal argument lists differ in length
[ERROR] /home/travis/build/square/retrofit/retrofit/src/test/java/retrofit/RequestBuilderTest.java:[1479,57] cannot find symbol
[ERROR] symbol:   class CallCallAdapter
[ERROR] location: class retrofit.RequestBuilderTest
[ERROR] /home/travis/build/square/retrofit/retrofit/src/test/java/retrofit/RequestBuilderTest.java:[1479,22] cannot find symbol
[ERROR] symbol:   class ExecutionAdapter
[ERROR] location: class retrofit.RequestBuilderTest
[ERROR] /home/travis/build/square/retrofit/retrofit/src/test/java/retrofit/RestAdapterTest.java:[92,14] cannot find symbol
[ERROR] symbol:   class RetrofitError
[ERROR] location: class retrofit.RestAdapterTest
[ERROR] /home/travis/build/square/retrofit/retrofit/src/test/java/retrofit/RestAdapterTest.java:[117,14] cannot find symbol
[ERROR] symbol:   class RetrofitError
[ERROR] location: class retrofit.RestAdapterTest
[ERROR] /home/travis/build/square/retrofit/retrofit/src/test/java/retrofit/RestAdapterTest.java:[136,14] cannot find symbol
[ERROR] symbol:   class RetrofitError
[ERROR] location: class retrofit.RestAdapterTest
[ERROR] /home/travis/build/square/retrofit/retrofit/src/test/java/retrofit/RestAdapterTest.java:[137,54] package RetrofitError does not exist
[ERROR] /home/travis/build/square/retrofit/retrofit/src/test/java/retrofit/RestAdapterTest.java:[150,14] cannot find symbol
[ERROR] symbol:   class RetrofitError
[ERROR] location: class retrofit.RestAdapterTest
[ERROR] /home/travis/build/square/retrofit/retrofit/src/test/java/retrofit/RestAdapterTest.java:[151,54] package RetrofitError does not exist
[ERROR] /home/travis/build/square/retrofit/retrofit/src/test/java/retrofit/RestAdapterTest.java:[163,14] cannot find symbol
[ERROR] symbol:   class RetrofitError
[ERROR] location: class retrofit.RestAdapterTest
[ERROR] /home/travis/build/square/retrofit/retrofit/src/test/java/retrofit/RestAdapterTest.java:[164,54] package RetrofitError does not exist
[ERROR] /home/travis/build/square/retrofit/retrofit/src/test/java/retrofit/RestAdapterTest.java:[194,37] cannot find symbol
[ERROR] symbol: class RetrofitError
[ERROR] /home/travis/build/square/retrofit/retrofit/src/test/java/retrofit/RestAdapterTest.java:[188,45] <anonymous retrofit.RestAdapterTest$1> is not abstract and does not override abstract method success(retrofit.Response<com.squareup.okhttp.Response>) in retrofit.Callback
[ERROR] /home/travis/build/square/retrofit/retrofit/src/test/java/retrofit/RestAdapterTest.java:[189,7] method does not override or implement a method from a supertype
[ERROR] /home/travis/build/square/retrofit/retrofit/src/test/java/retrofit/RestAdapterTest.java:[214,37] cannot find symbol
[ERROR] symbol: class RetrofitError
[ERROR] /home/travis/build/square/retrofit/retrofit/src/test/java/retrofit/RestAdapterTest.java:[208,46] <anonymous retrofit.RestAdapterTest$2> is not abstract and does not override abstract method success(retrofit.Response<java.lang.String>) in retrofit.Callback
[ERROR] /home/travis/build/square/retrofit/retrofit/src/test/java/retrofit/RestAdapterTest.java:[209,7] method does not override or implement a method from a supertype
[ERROR] /home/travis/build/square/retrofit/retrofit/src/test/java/retrofit/RestAdapterTest.java:[226,27] cannot find symbol
[ERROR] symbol:   class RetrofitError
[ERROR] location: class retrofit.RestAdapterTest
[ERROR] /home/travis/build/square/retrofit/retrofit/src/test/java/retrofit/RestAdapterTest.java:[226,73] cannot find symbol
[ERROR] symbol:   class RetrofitError
[ERROR] location: class retrofit.RestAdapterTest
[ERROR] /home/travis/build/square/retrofit/retrofit/src/test/java/retrofit/RestAdapterTest.java:[233,37] cannot find symbol
[ERROR] symbol: class RetrofitError
[ERROR] /home/travis/build/square/retrofit/retrofit/src/test/java/retrofit/RestAdapterTest.java:[228,46] <anonymous retrofit.RestAdapterTest$3> is not abstract and does not override abstract method success(retrofit.Response<java.lang.String>) in retrofit.Callback
[ERROR] /home/travis/build/square/retrofit/retrofit/src/test/java/retrofit/RestAdapterTest.java:[229,7] method does not override or implement a method from a supertype
[ERROR] /home/travis/build/square/retrofit/retrofit/src/test/java/retrofit/RestAdapterTest.java:[240,5] cannot find symbol
[ERROR] symbol:   class RetrofitError
[ERROR] location: class retrofit.RestAdapterTest
[ERROR] -> [Help 1]
[ERROR] 
[ERROR] To see the full stack trace of the errors, re-run Maven with the -e switch.
[ERROR] Re-run Maven using the -X switch to enable full debug logging.
[ERROR] 
[ERROR] For more information about the errors and possible solutions, please read the following articles:
[ERROR] [Help 1] http://cwiki.apache.org/confluence/display/MAVEN/MojoFailureException
[ERROR] 
[ERROR] After correcting the problems, you can resume the build with the command
[ERROR]   mvn <goals> -rf :retrofit

[31;1mThe command "eval mvn install -DskipTests=true -Dmaven.javadoc.skip=true -B -V" failed. Retrying, 2 of 3.[0m

Java HotSpot(TM) 64-Bit Server VM warning: ignoring option MaxPermSize=192m; support was removed in 8.0
Apache Maven 3.2.5 (12a6b3acb947671f09b81f49094c53f426d8cea1; 2014-12-14T17:29:23+00:00)
Maven home: /usr/local/maven
Java version: 1.8.0_31, vendor: Oracle Corporation
Java home: /usr/lib/jvm/java-8-oracle/jre
Default locale: en_US, platform encoding: UTF-8
OS name: "linux", version: "3.13.0-40-generic", arch: "amd64", family: "unix"
[INFO] Scanning for projects...
[INFO] ------------------------------------------------------------------------
[INFO] Reactor Build Order:
[INFO] 
[INFO] Retrofit (Parent)
[INFO] Retrofit
[INFO] Adapters
[INFO] Adapter: RxJava
[INFO] Converters
[INFO] Converter: Protocol Buffers
[INFO] Converter: Jackson
[INFO] Converter: Wire Protocol Buffers
[INFO] Converter: SimpleXML
[INFO] Retrofit Mock Adapter
[INFO] Samples
[INFO] Sample: GitHub Client
[INFO] Sample: Mock GitHub Client
[INFO]                                                                         
[INFO] ------------------------------------------------------------------------
[INFO] Building Retrofit (Parent) 2.0.0-SNAPSHOT
[INFO] ------------------------------------------------------------------------
[INFO] 
[INFO] --- maven-enforcer-plugin:1.0:enforce (enforce-maven) @ parent ---
[INFO] 
[INFO] --- maven-checkstyle-plugin:2.15:checkstyle (default) @ parent ---
[INFO] 
[INFO] --- maven-install-plugin:2.4:install (default-install) @ parent ---
[INFO] Installing /home/travis/build/square/retrofit/pom.xml to /home/travis/.m2/repository/com/squareup/retrofit/parent/2.0.0-SNAPSHOT/parent-2.0.0-SNAPSHOT.pom
[INFO]                                                                         
[INFO] ------------------------------------------------------------------------
[INFO] Building Retrofit 2.0.0-SNAPSHOT
[INFO] ------------------------------------------------------------------------
[INFO] 
[INFO] --- maven-enforcer-plugin:1.0:enforce (enforce-maven) @ retrofit ---
[INFO] 
[INFO] --- maven-resources-plugin:2.6:resources (default-resources) @ retrofit ---
[INFO] Using 'UTF-8' encoding to copy filtered resources.
[INFO] skip non existing resourceDirectory /home/travis/build/square/retrofit/retrofit/src/main/resources
[INFO] 
[INFO] --- maven-compiler-plugin:3.0:compile (default-compile) @ retrofit ---
[INFO] Changes detected - recompiling the module!
[INFO] Compiling 38 source files to /home/travis/build/square/retrofit/retrofit/target/classes
[WARNING] /home/travis/build/square/retrofit/retrofit/src/main/java/retrofit/RestAdapter.java: Some input files use unchecked or unsafe operations.
[WARNING] /home/travis/build/square/retrofit/retrofit/src/main/java/retrofit/RestAdapter.java: Recompile with -Xlint:unchecked for details.
[INFO] 
[INFO] --- maven-resources-plugin:2.6:testResources (default-testResources) @ retrofit ---
[INFO] Using 'UTF-8' encoding to copy filtered resources.
[INFO] skip non existing resourceDirectory /home/travis/build/square/retrofit/retrofit/src/test/resources
[INFO] 
[INFO] --- maven-compiler-plugin:3.0:testCompile (default-testCompile) @ retrofit ---
[INFO] Changes detected - recompiling the module!
[INFO] Compiling 7 source files to /home/travis/build/square/retrofit/retrofit/target/test-classes
[INFO] -------------------------------------------------------------
[ERROR] COMPILATION ERROR : 
[INFO] -------------------------------------------------------------
[ERROR] /home/travis/build/square/retrofit/retrofit/src/test/java/retrofit/MethodInfoTest.java:[16,10] package rx does not exist
[ERROR] /home/travis/build/square/retrofit/retrofit/src/test/java/retrofit/MethodInfoTest.java:[60,29] constructor MethodInfo in class retrofit.MethodInfo cannot be applied to given types;
  required: java.lang.reflect.Method,java.util.List<retrofit.CallAdapter>
  found: java.lang.reflect.Method
  reason: actual and formal argument lists differ in length
[ERROR] /home/travis/build/square/retrofit/retrofit/src/test/java/retrofit/MethodInfoTest.java:[72,29] constructor MethodInfo in class retrofit.MethodInfo cannot be applied to given types;
  required: java.lang.reflect.Method,java.util.List<retrofit.CallAdapter>
  found: java.lang.reflect.Method
  reason: actual and formal argument lists differ in length
[ERROR] /home/travis/build/square/retrofit/retrofit/src/test/java/retrofit/MethodInfoTest.java:[85,29] constructor MethodInfo in class retrofit.MethodInfo cannot be applied to given types;
  required: java.lang.reflect.Method,java.util.List<retrofit.CallAdapter>
  found: java.lang.reflect.Method
  reason: actual and formal argument lists differ in length
[ERROR] /home/travis/build/square/retrofit/retrofit/src/test/java/retrofit/MethodInfoTest.java:[97,29] constructor MethodInfo in class retrofit.MethodInfo cannot be applied to given types;
  required: java.lang.reflect.Method,java.util.List<retrofit.CallAdapter>
  found: java.lang.reflect.Method
  reason: actual and formal argument lists differ in length
[ERROR] /home/travis/build/square/retrofit/retrofit/src/test/java/retrofit/MethodInfoTest.java:[108,29] constructor MethodInfo in class retrofit.MethodInfo cannot be applied to given types;
  required: java.lang.reflect.Method,java.util.List<retrofit.CallAdapter>
  found: java.lang.reflect.Method
  reason: actual and formal argument lists differ in length
[ERROR] /home/travis/build/square/retrofit/retrofit/src/test/java/retrofit/MethodInfoTest.java:[119,29] constructor MethodInfo in class retrofit.MethodInfo cannot be applied to given types;
  required: java.lang.reflect.Method,java.util.List<retrofit.CallAdapter>
  found: java.lang.reflect.Method
  reason: actual and formal argument lists differ in length
[ERROR] /home/travis/build/square/retrofit/retrofit/src/test/java/retrofit/MethodInfoTest.java:[130,29] constructor MethodInfo in class retrofit.MethodInfo cannot be applied to given types;
  required: java.lang.reflect.Method,java.util.List<retrofit.CallAdapter>
  found: java.lang.reflect.Method
  reason: actual and formal argument lists differ in length
[ERROR] /home/travis/build/square/retrofit/retrofit/src/test/java/retrofit/MethodInfoTest.java:[147,29] constructor MethodInfo in class retrofit.MethodInfo cannot be applied to given types;
  required: java.lang.reflect.Method,java.util.List<retrofit.CallAdapter>
  found: java.lang.reflect.Method
  reason: actual and formal argument lists differ in length
[ERROR] /home/travis/build/square/retrofit/retrofit/src/test/java/retrofit/MethodInfoTest.java:[160,29] constructor MethodInfo in class retrofit.MethodInfo cannot be applied to given types;
  required: java.lang.reflect.Method,java.util.List<retrofit.CallAdapter>
  found: java.lang.reflect.Method
  reason: actual and formal argument lists differ in length
[ERROR] /home/travis/build/square/retrofit/retrofit/src/test/java/retrofit/MethodInfoTest.java:[172,29] constructor MethodInfo in class retrofit.MethodInfo cannot be applied to given types;
  required: java.lang.reflect.Method,java.util.List<retrofit.CallAdapter>
  found: java.lang.reflect.Method
  reason: actual and formal argument lists differ in length
[ERROR] /home/travis/build/square/retrofit/retrofit/src/test/java/retrofit/MethodInfoTest.java:[186,29] constructor MethodInfo in class retrofit.MethodInfo cannot be applied to given types;
  required: java.lang.reflect.Method,java.util.List<retrofit.CallAdapter>
  found: java.lang.reflect.Method
  reason: actual and formal argument lists differ in length
[ERROR] /home/travis/build/square/retrofit/retrofit/src/test/java/retrofit/MethodInfoTest.java:[192,20] cannot find symbol
  symbol:   class Observable
  location: class Example
[ERROR] /home/travis/build/square/retrofit/retrofit/src/test/java/retrofit/MethodInfoTest.java:[198,29] constructor MethodInfo in class retrofit.MethodInfo cannot be applied to given types;
  required: java.lang.reflect.Method,java.util.List<retrofit.CallAdapter>
  found: java.lang.reflect.Method
  reason: actual and formal argument lists differ in length
[ERROR] /home/travis/build/square/retrofit/retrofit/src/test/java/retrofit/MethodInfoTest.java:[204,20] cannot find symbol
  symbol:   class Observable
  location: class Example
[ERROR] /home/travis/build/square/retrofit/retrofit/src/test/java/retrofit/MethodInfoTest.java:[210,29] constructor MethodInfo in class retrofit.MethodInfo cannot be applied to given types;
  required: java.lang.reflect.Method,java.util.List<retrofit.CallAdapter>
  found: java.lang.reflect.Method
  reason: actual and formal argument lists differ in length
[ERROR] /home/travis/build/square/retrofit/retrofit/src/test/java/retrofit/RequestBuilderTest.java:[1479,57] cannot find symbol
  symbol:   class CallCallAdapter
  location: class retrofit.RequestBuilderTest
[ERROR] /home/travis/build/square/retrofit/retrofit/src/test/java/retrofit/RequestBuilderTest.java:[1479,22] cannot find symbol
  symbol:   class ExecutionAdapter
  location: class retrofit.RequestBuilderTest
[ERROR] /home/travis/build/square/retrofit/retrofit/src/test/java/retrofit/RestAdapterTest.java:[92,14] cannot find symbol
  symbol:   class RetrofitError
  location: class retrofit.RestAdapterTest
[ERROR] /home/travis/build/square/retrofit/retrofit/src/test/java/retrofit/RestAdapterTest.java:[117,14] cannot find symbol
  symbol:   class RetrofitError
  location: class retrofit.RestAdapterTest
[ERROR] /home/travis/build/square/retrofit/retrofit/src/test/java/retrofit/RestAdapterTest.java:[136,14] cannot find symbol
  symbol:   class RetrofitError
  location: class retrofit.RestAdapterTest
[ERROR] /home/travis/build/square/retrofit/retrofit/src/test/java/retrofit/RestAdapterTest.java:[137,54] package RetrofitError does not exist
[ERROR] /home/travis/build/square/retrofit/retrofit/src/test/java/retrofit/RestAdapterTest.java:[150,14] cannot find symbol
  symbol:   class RetrofitError
  location: class retrofit.RestAdapterTest
[ERROR] /home/travis/build/square/retrofit/retrofit/src/test/java/retrofit/RestAdapterTest.java:[151,54] package RetrofitError does not exist
[ERROR] /home/travis/build/square/retrofit/retrofit/src/test/java/retrofit/RestAdapterTest.java:[163,14] cannot find symbol
  symbol:   class RetrofitError
  location: class retrofit.RestAdapterTest
[ERROR] /home/travis/build/square/retrofit/retrofit/src/test/java/retrofit/RestAdapterTest.java:[164,54] package RetrofitError does not exist
[ERROR] /home/travis/build/square/retrofit/retrofit/src/test/java/retrofit/RestAdapterTest.java:[194,37] cannot find symbol
  symbol: class RetrofitError
[ERROR] /home/travis/build/square/retrofit/retrofit/src/test/java/retrofit/RestAdapterTest.java:[188,45] <anonymous retrofit.RestAdapterTest$1> is not abstract and does not override abstract method success(retrofit.Response<com.squareup.okhttp.Response>) in retrofit.Callback
[ERROR] /home/travis/build/square/retrofit/retrofit/src/test/java/retrofit/RestAdapterTest.java:[189,7] method does not override or implement a method from a supertype
[ERROR] /home/travis/build/square/retrofit/retrofit/src/test/java/retrofit/RestAdapterTest.java:[214,37] cannot find symbol
  symbol: class RetrofitError
[ERROR] /home/travis/build/square/retrofit/retrofit/src/test/java/retrofit/RestAdapterTest.java:[208,46] <anonymous retrofit.RestAdapterTest$2> is not abstract and does not override abstract method success(retrofit.Response<java.lang.String>) in retrofit.Callback
[ERROR] /home/travis/build/square/retrofit/retrofit/src/test/java/retrofit/RestAdapterTest.java:[209,7] method does not override or implement a method from a supertype
[ERROR] /home/travis/build/square/retrofit/retrofit/src/test/java/retrofit/RestAdapterTest.java:[226,27] cannot find symbol
  symbol:   class RetrofitError
  location: class retrofit.RestAdapterTest
[ERROR] /home/travis/build/square/retrofit/retrofit/src/test/java/retrofit/RestAdapterTest.java:[226,73] cannot find symbol
  symbol:   class RetrofitError
  location: class retrofit.RestAdapterTest
[ERROR] /home/travis/build/square/retrofit/retrofit/src/test/java/retrofit/RestAdapterTest.java:[233,37] cannot find symbol
  symbol: class RetrofitError
[ERROR] /home/travis/build/square/retrofit/retrofit/src/test/java/retrofit/RestAdapterTest.java:[228,46] <anonymous retrofit.RestAdapterTest$3> is not abstract and does not override abstract method success(retrofit.Response<java.lang.String>) in retrofit.Callback
[ERROR] /home/travis/build/square/retrofit/retrofit/src/test/java/retrofit/RestAdapterTest.java:[229,7] method does not override or implement a method from a supertype
[ERROR] /home/travis/build/square/retrofit/retrofit/src/test/java/retrofit/RestAdapterTest.java:[240,5] cannot find symbol
  symbol:   class RetrofitError
  location: class retrofit.RestAdapterTest
[INFO] 38 errors 
[INFO] -------------------------------------------------------------
[INFO] ------------------------------------------------------------------------
[INFO] Reactor Summary:
[INFO] 
[INFO] Retrofit (Parent) .................................. SUCCESS [  3.443 s]
[INFO] Retrofit ........................................... FAILURE [  8.207 s]
[INFO] Adapters ........................................... SKIPPED
[INFO] Adapter: RxJava .................................... SKIPPED
[INFO] Converters ......................................... SKIPPED
[INFO] Converter: Protocol Buffers ........................ SKIPPED
[INFO] Converter: Jackson ................................. SKIPPED
[INFO] Converter: Wire Protocol Buffers ................... SKIPPED
[INFO] Converter: SimpleXML ............................... SKIPPED
[INFO] Retrofit Mock Adapter .............................. SKIPPED
[INFO] Samples ............................................ SKIPPED
[INFO] Sample: GitHub Client .............................. SKIPPED
[INFO] Sample: Mock GitHub Client ......................... SKIPPED
[INFO] ------------------------------------------------------------------------
[INFO] BUILD FAILURE
[INFO] ------------------------------------------------------------------------
[INFO] Total time: 12.166 s
[INFO] Finished at: 2015-05-20T05:04:03+00:00
[INFO] Final Memory: 27M/337M
[INFO] ------------------------------------------------------------------------
[ERROR] Failed to execute goal org.apache.maven.plugins:maven-compiler-plugin:3.0:testCompile (default-testCompile) on project retrofit: Compilation failure: Compilation failure:
[ERROR] /home/travis/build/square/retrofit/retrofit/src/test/java/retrofit/MethodInfoTest.java:[16,10] package rx does not exist
[ERROR] /home/travis/build/square/retrofit/retrofit/src/test/java/retrofit/MethodInfoTest.java:[60,29] constructor MethodInfo in class retrofit.MethodInfo cannot be applied to given types;
[ERROR] required: java.lang.reflect.Method,java.util.List<retrofit.CallAdapter>
[ERROR] found: java.lang.reflect.Method
[ERROR] reason: actual and formal argument lists differ in length
[ERROR] /home/travis/build/square/retrofit/retrofit/src/test/java/retrofit/MethodInfoTest.java:[72,29] constructor MethodInfo in class retrofit.MethodInfo cannot be applied to given types;
[ERROR] required: java.lang.reflect.Method,java.util.List<retrofit.CallAdapter>
[ERROR] found: java.lang.reflect.Method
[ERROR] reason: actual and formal argument lists differ in length
[ERROR] /home/travis/build/square/retrofit/retrofit/src/test/java/retrofit/MethodInfoTest.java:[85,29] constructor MethodInfo in class retrofit.MethodInfo cannot be applied to given types;
[ERROR] required: java.lang.reflect.Method,java.util.List<retrofit.CallAdapter>
[ERROR] found: java.lang.reflect.Method
[ERROR] reason: actual and formal argument lists differ in length
[ERROR] /home/travis/build/square/retrofit/retrofit/src/test/java/retrofit/MethodInfoTest.java:[97,29] constructor MethodInfo in class retrofit.MethodInfo cannot be applied to given types;
[ERROR] required: java.lang.reflect.Method,java.util.List<retrofit.CallAdapter>
[ERROR] found: java.lang.reflect.Method
[ERROR] reason: actual and formal argument lists differ in length
[ERROR] /home/travis/build/square/retrofit/retrofit/src/test/java/retrofit/MethodInfoTest.java:[108,29] constructor MethodInfo in class retrofit.MethodInfo cannot be applied to given types;
[ERROR] required: java.lang.reflect.Method,java.util.List<retrofit.CallAdapter>
[ERROR] found: java.lang.reflect.Method
[ERROR] reason: actual and formal argument lists differ in length
[ERROR] /home/travis/build/square/retrofit/retrofit/src/test/java/retrofit/MethodInfoTest.java:[119,29] constructor MethodInfo in class retrofit.MethodInfo cannot be applied to given types;
[ERROR] required: java.lang.reflect.Method,java.util.List<retrofit.CallAdapter>
[ERROR] found: java.lang.reflect.Method
[ERROR] reason: actual and formal argument lists differ in length
[ERROR] /home/travis/build/square/retrofit/retrofit/src/test/java/retrofit/MethodInfoTest.java:[130,29] constructor MethodInfo in class retrofit.MethodInfo cannot be applied to given types;
[ERROR] required: java.lang.reflect.Method,java.util.List<retrofit.CallAdapter>
[ERROR] found: java.lang.reflect.Method
[ERROR] reason: actual and formal argument lists differ in length
[ERROR] /home/travis/build/square/retrofit/retrofit/src/test/java/retrofit/MethodInfoTest.java:[147,29] constructor MethodInfo in class retrofit.MethodInfo cannot be applied to given types;
[ERROR] required: java.lang.reflect.Method,java.util.List<retrofit.CallAdapter>
[ERROR] found: java.lang.reflect.Method
[ERROR] reason: actual and formal argument lists differ in length
[ERROR] /home/travis/build/square/retrofit/retrofit/src/test/java/retrofit/MethodInfoTest.java:[160,29] constructor MethodInfo in class retrofit.MethodInfo cannot be applied to given types;
[ERROR] required: java.lang.reflect.Method,java.util.List<retrofit.CallAdapter>
[ERROR] found: java.lang.reflect.Method
[ERROR] reason: actual and formal argument lists differ in length
[ERROR] /home/travis/build/square/retrofit/retrofit/src/test/java/retrofit/MethodInfoTest.java:[172,29] constructor MethodInfo in class retrofit.MethodInfo cannot be applied to given types;
[ERROR] required: java.lang.reflect.Method,java.util.List<retrofit.CallAdapter>
[ERROR] found: java.lang.reflect.Method
[ERROR] reason: actual and formal argument lists differ in length
[ERROR] /home/travis/build/square/retrofit/retrofit/src/test/java/retrofit/MethodInfoTest.java:[186,29] constructor MethodInfo in class retrofit.MethodInfo cannot be applied to given types;
[ERROR] required: java.lang.reflect.Method,java.util.List<retrofit.CallAdapter>
[ERROR] found: java.lang.reflect.Method
[ERROR] reason: actual and formal argument lists differ in length
[ERROR] /home/travis/build/square/retrofit/retrofit/src/test/java/retrofit/MethodInfoTest.java:[192,20] cannot find symbol
[ERROR] symbol:   class Observable
[ERROR] location: class Example
[ERROR] /home/travis/build/square/retrofit/retrofit/src/test/java/retrofit/MethodInfoTest.java:[198,29] constructor MethodInfo in class retrofit.MethodInfo cannot be applied to given types;
[ERROR] required: java.lang.reflect.Method,java.util.List<retrofit.CallAdapter>
[ERROR] found: java.lang.reflect.Method
[ERROR] reason: actual and formal argument lists differ in length
[ERROR] /home/travis/build/square/retrofit/retrofit/src/test/java/retrofit/MethodInfoTest.java:[204,20] cannot find symbol
[ERROR] symbol:   class Observable
[ERROR] location: class Example
[ERROR] /home/travis/build/square/retrofit/retrofit/src/test/java/retrofit/MethodInfoTest.java:[210,29] constructor MethodInfo in class retrofit.MethodInfo cannot be applied to given types;
[ERROR] required: java.lang.reflect.Method,java.util.List<retrofit.CallAdapter>
[ERROR] found: java.lang.reflect.Method
[ERROR] reason: actual and formal argument lists differ in length
[ERROR] /home/travis/build/square/retrofit/retrofit/src/test/java/retrofit/RequestBuilderTest.java:[1479,57] cannot find symbol
[ERROR] symbol:   class CallCallAdapter
[ERROR] location: class retrofit.RequestBuilderTest
[ERROR] /home/travis/build/square/retrofit/retrofit/src/test/java/retrofit/RequestBuilderTest.java:[1479,22] cannot find symbol
[ERROR] symbol:   class ExecutionAdapter
[ERROR] location: class retrofit.RequestBuilderTest
[ERROR] /home/travis/build/square/retrofit/retrofit/src/test/java/retrofit/RestAdapterTest.java:[92,14] cannot find symbol
[ERROR] symbol:   class RetrofitError
[ERROR] location: class retrofit.RestAdapterTest
[ERROR] /home/travis/build/square/retrofit/retrofit/src/test/java/retrofit/RestAdapterTest.java:[117,14] cannot find symbol
[ERROR] symbol:   class RetrofitError
[ERROR] location: class retrofit.RestAdapterTest
[ERROR] /home/travis/build/square/retrofit/retrofit/src/test/java/retrofit/RestAdapterTest.java:[136,14] cannot find symbol
[ERROR] symbol:   class RetrofitError
[ERROR] location: class retrofit.RestAdapterTest
[ERROR] /home/travis/build/square/retrofit/retrofit/src/test/java/retrofit/RestAdapterTest.java:[137,54] package RetrofitError does not exist
[ERROR] /home/travis/build/square/retrofit/retrofit/src/test/java/retrofit/RestAdapterTest.java:[150,14] cannot find symbol
[ERROR] symbol:   class RetrofitError
[ERROR] location: class retrofit.RestAdapterTest
[ERROR] /home/travis/build/square/retrofit/retrofit/src/test/java/retrofit/RestAdapterTest.java:[151,54] package RetrofitError does not exist
[ERROR] /home/travis/build/square/retrofit/retrofit/src/test/java/retrofit/RestAdapterTest.java:[163,14] cannot find symbol
[ERROR] symbol:   class RetrofitError
[ERROR] location: class retrofit.RestAdapterTest
[ERROR] /home/travis/build/square/retrofit/retrofit/src/test/java/retrofit/RestAdapterTest.java:[164,54] package RetrofitError does not exist
[ERROR] /home/travis/build/square/retrofit/retrofit/src/test/java/retrofit/RestAdapterTest.java:[194,37] cannot find symbol
[ERROR] symbol: class RetrofitError
[ERROR] /home/travis/build/square/retrofit/retrofit/src/test/java/retrofit/RestAdapterTest.java:[188,45] <anonymous retrofit.RestAdapterTest$1> is not abstract and does not override abstract method success(retrofit.Response<com.squareup.okhttp.Response>) in retrofit.Callback
[ERROR] /home/travis/build/square/retrofit/retrofit/src/test/java/retrofit/RestAdapterTest.java:[189,7] method does not override or implement a method from a supertype
[ERROR] /home/travis/build/square/retrofit/retrofit/src/test/java/retrofit/RestAdapterTest.java:[214,37] cannot find symbol
[ERROR] symbol: class RetrofitError
[ERROR] /home/travis/build/square/retrofit/retrofit/src/test/java/retrofit/RestAdapterTest.java:[208,46] <anonymous retrofit.RestAdapterTest$2> is not abstract and does not override abstract method success(retrofit.Response<java.lang.String>) in retrofit.Callback
[ERROR] /home/travis/build/square/retrofit/retrofit/src/test/java/retrofit/RestAdapterTest.java:[209,7] method does not override or implement a method from a supertype
[ERROR] /home/travis/build/square/retrofit/retrofit/src/test/java/retrofit/RestAdapterTest.java:[226,27] cannot find symbol
[ERROR] symbol:   class RetrofitError
[ERROR] location: class retrofit.RestAdapterTest
[ERROR] /home/travis/build/square/retrofit/retrofit/src/test/java/retrofit/RestAdapterTest.java:[226,73] cannot find symbol
[ERROR] symbol:   class RetrofitError
[ERROR] location: class retrofit.RestAdapterTest
[ERROR] /home/travis/build/square/retrofit/retrofit/src/test/java/retrofit/RestAdapterTest.java:[233,37] cannot find symbol
[ERROR] symbol: class RetrofitError
[ERROR] /home/travis/build/square/retrofit/retrofit/src/test/java/retrofit/RestAdapterTest.java:[228,46] <anonymous retrofit.RestAdapterTest$3> is not abstract and does not override abstract method success(retrofit.Response<java.lang.String>) in retrofit.Callback
[ERROR] /home/travis/build/square/retrofit/retrofit/src/test/java/retrofit/RestAdapterTest.java:[229,7] method does not override or implement a method from a supertype
[ERROR] /home/travis/build/square/retrofit/retrofit/src/test/java/retrofit/RestAdapterTest.java:[240,5] cannot find symbol
[ERROR] symbol:   class RetrofitError
[ERROR] location: class retrofit.RestAdapterTest
[ERROR] -> [Help 1]
[ERROR] 
[ERROR] To see the full stack trace of the errors, re-run Maven with the -e switch.
[ERROR] Re-run Maven using the -X switch to enable full debug logging.
[ERROR] 
[ERROR] For more information about the errors and possible solutions, please read the following articles:
[ERROR] [Help 1] http://cwiki.apache.org/confluence/display/MAVEN/MojoFailureException
[ERROR] 
[ERROR] After correcting the problems, you can resume the build with the command
[ERROR]   mvn <goals> -rf :retrofit

[31;1mThe command "eval mvn install -DskipTests=true -Dmaven.javadoc.skip=true -B -V" failed. Retrying, 3 of 3.[0m

Java HotSpot(TM) 64-Bit Server VM warning: ignoring option MaxPermSize=192m; support was removed in 8.0
Apache Maven 3.2.5 (12a6b3acb947671f09b81f49094c53f426d8cea1; 2014-12-14T17:29:23+00:00)
Maven home: /usr/local/maven
Java version: 1.8.0_31, vendor: Oracle Corporation
Java home: /usr/lib/jvm/java-8-oracle/jre
Default locale: en_US, platform encoding: UTF-8
OS name: "linux", version: "3.13.0-40-generic", arch: "amd64", family: "unix"
[INFO] Scanning for projects...
[INFO] ------------------------------------------------------------------------
[INFO] Reactor Build Order:
[INFO] 
[INFO] Retrofit (Parent)
[INFO] Retrofit
[INFO] Adapters
[INFO] Adapter: RxJava
[INFO] Converters
[INFO] Converter: Protocol Buffers
[INFO] Converter: Jackson
[INFO] Converter: Wire Protocol Buffers
[INFO] Converter: SimpleXML
[INFO] Retrofit Mock Adapter
[INFO] Samples
[INFO] Sample: GitHub Client
[INFO] Sample: Mock GitHub Client
[INFO]                                                                         
[INFO] ------------------------------------------------------------------------
[INFO] Building Retrofit (Parent) 2.0.0-SNAPSHOT
[INFO] ------------------------------------------------------------------------
[INFO] 
[INFO] --- maven-enforcer-plugin:1.0:enforce (enforce-maven) @ parent ---
[INFO] 
[INFO] --- maven-checkstyle-plugin:2.15:checkstyle (default) @ parent ---
[INFO] 
[INFO] --- maven-install-plugin:2.4:install (default-install) @ parent ---
[INFO] Installing /home/travis/build/square/retrofit/pom.xml to /home/travis/.m2/repository/com/squareup/retrofit/parent/2.0.0-SNAPSHOT/parent-2.0.0-SNAPSHOT.pom
[INFO]                                                                         
[INFO] ------------------------------------------------------------------------
[INFO] Building Retrofit 2.0.0-SNAPSHOT
[INFO] ------------------------------------------------------------------------
[INFO] 
[INFO] --- maven-enforcer-plugin:1.0:enforce (enforce-maven) @ retrofit ---
[INFO] 
[INFO] --- maven-resources-plugin:2.6:resources (default-resources) @ retrofit ---
[INFO] Using 'UTF-8' encoding to copy filtered resources.
[INFO] skip non existing resourceDirectory /home/travis/build/square/retrofit/retrofit/src/main/resources
[INFO] 
[INFO] --- maven-compiler-plugin:3.0:compile (default-compile) @ retrofit ---
[INFO] Changes detected - recompiling the module!
[INFO] Compiling 38 source files to /home/travis/build/square/retrofit/retrofit/target/classes
[WARNING] /home/travis/build/square/retrofit/retrofit/src/main/java/retrofit/RestAdapter.java: Some input files use unchecked or unsafe operations.
[WARNING] /home/travis/build/square/retrofit/retrofit/src/main/java/retrofit/RestAdapter.java: Recompile with -Xlint:unchecked for details.
[INFO] 
[INFO] --- maven-resources-plugin:2.6:testResources (default-testResources) @ retrofit ---
[INFO] Using 'UTF-8' encoding to copy filtered resources.
[INFO] skip non existing resourceDirectory /home/travis/build/square/retrofit/retrofit/src/test/resources
[INFO] 
[INFO] --- maven-compiler-plugin:3.0:testCompile (default-testCompile) @ retrofit ---
[INFO] Changes detected - recompiling the module!
[INFO] Compiling 7 source files to /home/travis/build/square/retrofit/retrofit/target/test-classes
[INFO] -------------------------------------------------------------
[ERROR] COMPILATION ERROR : 
[INFO] -------------------------------------------------------------
[ERROR] /home/travis/build/square/retrofit/retrofit/src/test/java/retrofit/MethodInfoTest.java:[16,10] package rx does not exist
[ERROR] /home/travis/build/square/retrofit/retrofit/src/test/java/retrofit/MethodInfoTest.java:[60,29] constructor MethodInfo in class retrofit.MethodInfo cannot be applied to given types;
  required: java.lang.reflect.Method,java.util.List<retrofit.CallAdapter>
  found: java.lang.reflect.Method
  reason: actual and formal argument lists differ in length
[ERROR] /home/travis/build/square/retrofit/retrofit/src/test/java/retrofit/MethodInfoTest.java:[72,29] constructor MethodInfo in class retrofit.MethodInfo cannot be applied to given types;
  required: java.lang.reflect.Method,java.util.List<retrofit.CallAdapter>
  found: java.lang.reflect.Method
  reason: actual and formal argument lists differ in length
[ERROR] /home/travis/build/square/retrofit/retrofit/src/test/java/retrofit/MethodInfoTest.java:[85,29] constructor MethodInfo in class retrofit.MethodInfo cannot be applied to given types;
  required: java.lang.reflect.Method,java.util.List<retrofit.CallAdapter>
  found: java.lang.reflect.Method
  reason: actual and formal argument lists differ in length
[ERROR] /home/travis/build/square/retrofit/retrofit/src/test/java/retrofit/MethodInfoTest.java:[97,29] constructor MethodInfo in class retrofit.MethodInfo cannot be applied to given types;
  required: java.lang.reflect.Method,java.util.List<retrofit.CallAdapter>
  found: java.lang.reflect.Method
  reason: actual and formal argument lists differ in length
[ERROR] /home/travis/build/square/retrofit/retrofit/src/test/java/retrofit/MethodInfoTest.java:[108,29] constructor MethodInfo in class retrofit.MethodInfo cannot be applied to given types;
  required: java.lang.reflect.Method,java.util.List<retrofit.CallAdapter>
  found: java.lang.reflect.Method
  reason: actual and formal argument lists differ in length
[ERROR] /home/travis/build/square/retrofit/retrofit/src/test/java/retrofit/MethodInfoTest.java:[119,29] constructor MethodInfo in class retrofit.MethodInfo cannot be applied to given types;
  required: java.lang.reflect.Method,java.util.List<retrofit.CallAdapter>
  found: java.lang.reflect.Method
  reason: actual and formal argument lists differ in length
[ERROR] /home/travis/build/square/retrofit/retrofit/src/test/java/retrofit/MethodInfoTest.java:[130,29] constructor MethodInfo in class retrofit.MethodInfo cannot be applied to given types;
  required: java.lang.reflect.Method,java.util.List<retrofit.CallAdapter>
  found: java.lang.reflect.Method
  reason: actual and formal argument lists differ in length
[ERROR] /home/travis/build/square/retrofit/retrofit/src/test/java/retrofit/MethodInfoTest.java:[147,29] constructor MethodInfo in class retrofit.MethodInfo cannot be applied to given types;
  required: java.lang.reflect.Method,java.util.List<retrofit.CallAdapter>
  found: java.lang.reflect.Method
  reason: actual and formal argument lists differ in length
[ERROR] /home/travis/build/square/retrofit/retrofit/src/test/java/retrofit/MethodInfoTest.java:[160,29] constructor MethodInfo in class retrofit.MethodInfo cannot be applied to given types;
  required: java.lang.reflect.Method,java.util.List<retrofit.CallAdapter>
  found: java.lang.reflect.Method
  reason: actual and formal argument lists differ in length
[ERROR] /home/travis/build/square/retrofit/retrofit/src/test/java/retrofit/MethodInfoTest.java:[172,29] constructor MethodInfo in class retrofit.MethodInfo cannot be applied to given types;
  required: java.lang.reflect.Method,java.util.List<retrofit.CallAdapter>
  found: java.lang.reflect.Method
  reason: actual and formal argument lists differ in length
[ERROR] /home/travis/build/square/retrofit/retrofit/src/test/java/retrofit/MethodInfoTest.java:[186,29] constructor MethodInfo in class retrofit.MethodInfo cannot be applied to given types;
  required: java.lang.reflect.Method,java.util.List<retrofit.CallAdapter>
  found: java.lang.reflect.Method
  reason: actual and formal argument lists differ in length
[ERROR] /home/travis/build/square/retrofit/retrofit/src/test/java/retrofit/MethodInfoTest.java:[192,20] cannot find symbol
  symbol:   class Observable
  location: class Example
[ERROR] /home/travis/build/square/retrofit/retrofit/src/test/java/retrofit/MethodInfoTest.java:[198,29] constructor MethodInfo in class retrofit.MethodInfo cannot be applied to given types;
  required: java.lang.reflect.Method,java.util.List<retrofit.CallAdapter>
  found: java.lang.reflect.Method
  reason: actual and formal argument lists differ in length
[ERROR] /home/travis/build/square/retrofit/retrofit/src/test/java/retrofit/MethodInfoTest.java:[204,20] cannot find symbol
  symbol:   class Observable
  location: class Example
[ERROR] /home/travis/build/square/retrofit/retrofit/src/test/java/retrofit/MethodInfoTest.java:[210,29] constructor MethodInfo in class retrofit.MethodInfo cannot be applied to given types;
  required: java.lang.reflect.Method,java.util.List<retrofit.CallAdapter>
  found: java.lang.reflect.Method
  reason: actual and formal argument lists differ in length
[ERROR] /home/travis/build/square/retrofit/retrofit/src/test/java/retrofit/RequestBuilderTest.java:[1479,57] cannot find symbol
  symbol:   class CallCallAdapter
  location: class retrofit.RequestBuilderTest
[ERROR] /home/travis/build/square/retrofit/retrofit/src/test/java/retrofit/RequestBuilderTest.java:[1479,22] cannot find symbol
  symbol:   class ExecutionAdapter
  location: class retrofit.RequestBuilderTest
[ERROR] /home/travis/build/square/retrofit/retrofit/src/test/java/retrofit/RestAdapterTest.java:[92,14] cannot find symbol
  symbol:   class RetrofitError
  location: class retrofit.RestAdapterTest
[ERROR] /home/travis/build/square/retrofit/retrofit/src/test/java/retrofit/RestAdapterTest.java:[117,14] cannot find symbol
  symbol:   class RetrofitError
  location: class retrofit.RestAdapterTest
[ERROR] /home/travis/build/square/retrofit/retrofit/src/test/java/retrofit/RestAdapterTest.java:[136,14] cannot find symbol
  symbol:   class RetrofitError
  location: class retrofit.RestAdapterTest
[ERROR] /home/travis/build/square/retrofit/retrofit/src/test/java/retrofit/RestAdapterTest.java:[137,54] package RetrofitError does not exist
[ERROR] /home/travis/build/square/retrofit/retrofit/src/test/java/retrofit/RestAdapterTest.java:[150,14] cannot find symbol
  symbol:   class RetrofitError
  location: class retrofit.RestAdapterTest
[ERROR] /home/travis/build/square/retrofit/retrofit/src/test/java/retrofit/RestAdapterTest.java:[151,54] package RetrofitError does not exist
[ERROR] /home/travis/build/square/retrofit/retrofit/src/test/java/retrofit/RestAdapterTest.java:[163,14] cannot find symbol
  symbol:   class RetrofitError
  location: class retrofit.RestAdapterTest
[ERROR] /home/travis/build/square/retrofit/retrofit/src/test/java/retrofit/RestAdapterTest.java:[164,54] package RetrofitError does not exist
[ERROR] /home/travis/build/square/retrofit/retrofit/src/test/java/retrofit/RestAdapterTest.java:[194,37] cannot find symbol
  symbol: class RetrofitError
[ERROR] /home/travis/build/square/retrofit/retrofit/src/test/java/retrofit/RestAdapterTest.java:[188,45] <anonymous retrofit.RestAdapterTest$1> is not abstract and does not override abstract method success(retrofit.Response<com.squareup.okhttp.Response>) in retrofit.Callback
[ERROR] /home/travis/build/square/retrofit/retrofit/src/test/java/retrofit/RestAdapterTest.java:[189,7] method does not override or implement a method from a supertype
[ERROR] /home/travis/build/square/retrofit/retrofit/src/test/java/retrofit/RestAdapterTest.java:[214,37] cannot find symbol
  symbol: class RetrofitError
[ERROR] /home/travis/build/square/retrofit/retrofit/src/test/java/retrofit/RestAdapterTest.java:[208,46] <anonymous retrofit.RestAdapterTest$2> is not abstract and does not override abstract method success(retrofit.Response<java.lang.String>) in retrofit.Callback
[ERROR] /home/travis/build/square/retrofit/retrofit/src/test/java/retrofit/RestAdapterTest.java:[209,7] method does not override or implement a method from a supertype
[ERROR] /home/travis/build/square/retrofit/retrofit/src/test/java/retrofit/RestAdapterTest.java:[226,27] cannot find symbol
  symbol:   class RetrofitError
  location: class retrofit.RestAdapterTest
[ERROR] /home/travis/build/square/retrofit/retrofit/src/test/java/retrofit/RestAdapterTest.java:[226,73] cannot find symbol
  symbol:   class RetrofitError
  location: class retrofit.RestAdapterTest
[ERROR] /home/travis/build/square/retrofit/retrofit/src/test/java/retrofit/RestAdapterTest.java:[233,37] cannot find symbol
  symbol: class RetrofitError
[ERROR] /home/travis/build/square/retrofit/retrofit/src/test/java/retrofit/RestAdapterTest.java:[228,46] <anonymous retrofit.RestAdapterTest$3> is not abstract and does not override abstract method success(retrofit.Response<java.lang.String>) in retrofit.Callback
[ERROR] /home/travis/build/square/retrofit/retrofit/src/test/java/retrofit/RestAdapterTest.java:[229,7] method does not override or implement a method from a supertype
[ERROR] /home/travis/build/square/retrofit/retrofit/src/test/java/retrofit/RestAdapterTest.java:[240,5] cannot find symbol
  symbol:   class RetrofitError
  location: class retrofit.RestAdapterTest
[INFO] 38 errors 
[INFO] -------------------------------------------------------------
[INFO] ------------------------------------------------------------------------
[INFO] Reactor Summary:
[INFO] 
[INFO] Retrofit (Parent) .................................. SUCCESS [  2.338 s]
[INFO] Retrofit ........................................... FAILURE [  7.506 s]
[INFO] Adapters ........................................... SKIPPED
[INFO] Adapter: RxJava .................................... SKIPPED
[INFO] Converters ......................................... SKIPPED
[INFO] Converter: Protocol Buffers ........................ SKIPPED
[INFO] Converter: Jackson ................................. SKIPPED
[INFO] Converter: Wire Protocol Buffers ................... SKIPPED
[INFO] Converter: SimpleXML ............................... SKIPPED
[INFO] Retrofit Mock Adapter .............................. SKIPPED
[INFO] Samples ............................................ SKIPPED
[INFO] Sample: GitHub Client .............................. SKIPPED
[INFO] Sample: Mock GitHub Client ......................... SKIPPED
[INFO] ------------------------------------------------------------------------
[INFO] BUILD FAILURE
[INFO] ------------------------------------------------------------------------
[INFO] Total time: 10.237 s
[INFO] Finished at: 2015-05-20T05:04:18+00:00
[INFO] Final Memory: 27M/339M
[INFO] ------------------------------------------------------------------------
[ERROR] Failed to execute goal org.apache.maven.plugins:maven-compiler-plugin:3.0:testCompile (default-testCompile) on project retrofit: Compilation failure: Compilation failure:
[ERROR] /home/travis/build/square/retrofit/retrofit/src/test/java/retrofit/MethodInfoTest.java:[16,10] package rx does not exist
[ERROR] /home/travis/build/square/retrofit/retrofit/src/test/java/retrofit/MethodInfoTest.java:[60,29] constructor MethodInfo in class retrofit.MethodInfo cannot be applied to given types;
[ERROR] required: java.lang.reflect.Method,java.util.List<retrofit.CallAdapter>
[ERROR] found: java.lang.reflect.Method
[ERROR] reason: actual and formal argument lists differ in length
[ERROR] /home/travis/build/square/retrofit/retrofit/src/test/java/retrofit/MethodInfoTest.java:[72,29] constructor MethodInfo in class retrofit.MethodInfo cannot be applied to given types;
[ERROR] required: java.lang.reflect.Method,java.util.List<retrofit.CallAdapter>
[ERROR] found: java.lang.reflect.Method
[ERROR] reason: actual and formal argument lists differ in length
[ERROR] /home/travis/build/square/retrofit/retrofit/src/test/java/retrofit/MethodInfoTest.java:[85,29] constructor MethodInfo in class retrofit.MethodInfo cannot be applied to given types;
[ERROR] required: java.lang.reflect.Method,java.util.List<retrofit.CallAdapter>
[ERROR] found: java.lang.reflect.Method
[ERROR] reason: actual and formal argument lists differ in length
[ERROR] /home/travis/build/square/retrofit/retrofit/src/test/java/retrofit/MethodInfoTest.java:[97,29] constructor MethodInfo in class retrofit.MethodInfo cannot be applied to given types;
[ERROR] required: java.lang.reflect.Method,java.util.List<retrofit.CallAdapter>
[ERROR] found: java.lang.reflect.Method
[ERROR] reason: actual and formal argument lists differ in length
[ERROR] /home/travis/build/square/retrofit/retrofit/src/test/java/retrofit/MethodInfoTest.java:[108,29] constructor MethodInfo in class retrofit.MethodInfo cannot be applied to given types;
[ERROR] required: java.lang.reflect.Method,java.util.List<retrofit.CallAdapter>
[ERROR] found: java.lang.reflect.Method
[ERROR] reason: actual and formal argument lists differ in length
[ERROR] /home/travis/build/square/retrofit/retrofit/src/test/java/retrofit/MethodInfoTest.java:[119,29] constructor MethodInfo in class retrofit.MethodInfo cannot be applied to given types;
[ERROR] required: java.lang.reflect.Method,java.util.List<retrofit.CallAdapter>
[ERROR] found: java.lang.reflect.Method
[ERROR] reason: actual and formal argument lists differ in length
[ERROR] /home/travis/build/square/retrofit/retrofit/src/test/java/retrofit/MethodInfoTest.java:[130,29] constructor MethodInfo in class retrofit.MethodInfo cannot be applied to given types;
[ERROR] required: java.lang.reflect.Method,java.util.List<retrofit.CallAdapter>
[ERROR] found: java.lang.reflect.Method
[ERROR] reason: actual and formal argument lists differ in length
[ERROR] /home/travis/build/square/retrofit/retrofit/src/test/java/retrofit/MethodInfoTest.java:[147,29] constructor MethodInfo in class retrofit.MethodInfo cannot be applied to given types;
[ERROR] required: java.lang.reflect.Method,java.util.List<retrofit.CallAdapter>
[ERROR] found: java.lang.reflect.Method
[ERROR] reason: actual and formal argument lists differ in length
[ERROR] /home/travis/build/square/retrofit/retrofit/src/test/java/retrofit/MethodInfoTest.java:[160,29] constructor MethodInfo in class retrofit.MethodInfo cannot be applied to given types;
[ERROR] required: java.lang.reflect.Method,java.util.List<retrofit.CallAdapter>
[ERROR] found: java.lang.reflect.Method
[ERROR] reason: actual and formal argument lists differ in length
[ERROR] /home/travis/build/square/retrofit/retrofit/src/test/java/retrofit/MethodInfoTest.java:[172,29] constructor MethodInfo in class retrofit.MethodInfo cannot be applied to given types;
[ERROR] required: java.lang.reflect.Method,java.util.List<retrofit.CallAdapter>
[ERROR] found: java.lang.reflect.Method
[ERROR] reason: actual and formal argument lists differ in length
[ERROR] /home/travis/build/square/retrofit/retrofit/src/test/java/retrofit/MethodInfoTest.java:[186,29] constructor MethodInfo in class retrofit.MethodInfo cannot be applied to given types;
[ERROR] required: java.lang.reflect.Method,java.util.List<retrofit.CallAdapter>
[ERROR] found: java.lang.reflect.Method
[ERROR] reason: actual and formal argument lists differ in length
[ERROR] /home/travis/build/square/retrofit/retrofit/src/test/java/retrofit/MethodInfoTest.java:[192,20] cannot find symbol
[ERROR] symbol:   class Observable
[ERROR] location: class Example
[ERROR] /home/travis/build/square/retrofit/retrofit/src/test/java/retrofit/MethodInfoTest.java:[198,29] constructor MethodInfo in class retrofit.MethodInfo cannot be applied to given types;
[ERROR] required: java.lang.reflect.Method,java.util.List<retrofit.CallAdapter>
[ERROR] found: java.lang.reflect.Method
[ERROR] reason: actual and formal argument lists differ in length
[ERROR] /home/travis/build/square/retrofit/retrofit/src/test/java/retrofit/MethodInfoTest.java:[204,20] cannot find symbol
[ERROR] symbol:   class Observable
[ERROR] location: class Example
[ERROR] /home/travis/build/square/retrofit/retrofit/src/test/java/retrofit/MethodInfoTest.java:[210,29] constructor MethodInfo in class retrofit.MethodInfo cannot be applied to given types;
[ERROR] required: java.lang.reflect.Method,java.util.List<retrofit.CallAdapter>
[ERROR] found: java.lang.reflect.Method
[ERROR] reason: actual and formal argument lists differ in length
[ERROR] /home/travis/build/square/retrofit/retrofit/src/test/java/retrofit/RequestBuilderTest.java:[1479,57] cannot find symbol
[ERROR] symbol:   class CallCallAdapter
[ERROR] location: class retrofit.RequestBuilderTest
[ERROR] /home/travis/build/square/retrofit/retrofit/src/test/java/retrofit/RequestBuilderTest.java:[1479,22] cannot find symbol
[ERROR] symbol:   class ExecutionAdapter
[ERROR] location: class retrofit.RequestBuilderTest
[ERROR] /home/travis/build/square/retrofit/retrofit/src/test/java/retrofit/RestAdapterTest.java:[92,14] cannot find symbol
[ERROR] symbol:   class RetrofitError
[ERROR] location: class retrofit.RestAdapterTest
[ERROR] /home/travis/build/square/retrofit/retrofit/src/test/java/retrofit/RestAdapterTest.java:[117,14] cannot find symbol
[ERROR] symbol:   class RetrofitError
[ERROR] location: class retrofit.RestAdapterTest
[ERROR] /home/travis/build/square/retrofit/retrofit/src/test/java/retrofit/RestAdapterTest.java:[136,14] cannot find symbol
[ERROR] symbol:   class RetrofitError
[ERROR] location: class retrofit.RestAdapterTest
[ERROR] /home/travis/build/square/retrofit/retrofit/src/test/java/retrofit/RestAdapterTest.java:[137,54] package RetrofitError does not exist
[ERROR] /home/travis/build/square/retrofit/retrofit/src/test/java/retrofit/RestAdapterTest.java:[150,14] cannot find symbol
[ERROR] symbol:   class RetrofitError
[ERROR] location: class retrofit.RestAdapterTest
[ERROR] /home/travis/build/square/retrofit/retrofit/src/test/java/retrofit/RestAdapterTest.java:[151,54] package RetrofitError does not exist
[ERROR] /home/travis/build/square/retrofit/retrofit/src/test/java/retrofit/RestAdapterTest.java:[163,14] cannot find symbol
[ERROR] symbol:   class RetrofitError
[ERROR] location: class retrofit.RestAdapterTest
[ERROR] /home/travis/build/square/retrofit/retrofit/src/test/java/retrofit/RestAdapterTest.java:[164,54] package RetrofitError does not exist
[ERROR] /home/travis/build/square/retrofit/retrofit/src/test/java/retrofit/RestAdapterTest.java:[194,37] cannot find symbol
[ERROR] symbol: class RetrofitError
[ERROR] /home/travis/build/square/retrofit/retrofit/src/test/java/retrofit/RestAdapterTest.java:[188,45] <anonymous retrofit.RestAdapterTest$1> is not abstract and does not override abstract method success(retrofit.Response<com.squareup.okhttp.Response>) in retrofit.Callback
[ERROR] /home/travis/build/square/retrofit/retrofit/src/test/java/retrofit/RestAdapterTest.java:[189,7] method does not override or implement a method from a supertype
[ERROR] /home/travis/build/square/retrofit/retrofit/src/test/java/retrofit/RestAdapterTest.java:[214,37] cannot find symbol
[ERROR] symbol: class RetrofitError
[ERROR] /home/travis/build/square/retrofit/retrofit/src/test/java/retrofit/RestAdapterTest.java:[208,46] <anonymous retrofit.RestAdapterTest$2> is not abstract and does not override abstract method success(retrofit.Response<java.lang.String>) in retrofit.Callback
[ERROR] /home/travis/build/square/retrofit/retrofit/src/test/java/retrofit/RestAdapterTest.java:[209,7] method does not override or implement a method from a supertype
[ERROR] /home/travis/build/square/retrofit/retrofit/src/test/java/retrofit/RestAdapterTest.java:[226,27] cannot find symbol
[ERROR] symbol:   class RetrofitError
[ERROR] location: class retrofit.RestAdapterTest
[ERROR] /home/travis/build/square/retrofit/retrofit/src/test/java/retrofit/RestAdapterTest.java:[226,73] cannot find symbol
[ERROR] symbol:   class RetrofitError
[ERROR] location: class retrofit.RestAdapterTest
[ERROR] /home/travis/build/square/retrofit/retrofit/src/test/java/retrofit/RestAdapterTest.java:[233,37] cannot find symbol
[ERROR] symbol: class RetrofitError
[ERROR] /home/travis/build/square/retrofit/retrofit/src/test/java/retrofit/RestAdapterTest.java:[228,46] <anonymous retrofit.RestAdapterTest$3> is not abstract and does not override abstract method success(retrofit.Response<java.lang.String>) in retrofit.Callback
[ERROR] /home/travis/build/square/retrofit/retrofit/src/test/java/retrofit/RestAdapterTest.java:[229,7] method does not override or implement a method from a supertype
[ERROR] /home/travis/build/square/retrofit/retrofit/src/test/java/retrofit/RestAdapterTest.java:[240,5] cannot find symbol
[ERROR] symbol:   class RetrofitError
[ERROR] location: class retrofit.RestAdapterTest
[ERROR] -> [Help 1]
[ERROR] 
[ERROR] To see the full stack trace of the errors, re-run Maven with the -e switch.
[ERROR] Re-run Maven using the -X switch to enable full debug logging.
[ERROR] 
[ERROR] For more information about the errors and possible solutions, please read the following articles:
[ERROR] [Help 1] http://cwiki.apache.org/confluence/display/MAVEN/MojoFailureException
[ERROR] 
[ERROR] After correcting the problems, you can resume the build with the command
[ERROR]   mvn <goals> -rf :retrofit

[31;1mThe command "eval mvn install -DskipTests=true -Dmaven.javadoc.skip=true -B -V" failed 3 times.[0m

travis_time:end:1511adb4:start=1432098206462111840,finish=1432098261721851359,duration=55259739519[0K
[31;1mThe command "mvn install -DskipTests=true -Dmaven.javadoc.skip=true -B -V" failed and exited with 1 during .[0m

Your build has been stopped.
