Using worker: worker-linux-docker-dd5a8834.prod.travis-ci.org:travis-linux-4

travis_fold:start:system_info[0K[33;1mBuild system information[0m
Build language: java
[34m[1mBuild image provisioning date and time[0m
Thu Feb  5 15:09:33 UTC 2015
[34m[1mOperating System Details[0m
Distributor ID:	Ubuntu
Description:	Ubuntu 12.04.5 LTS
Release:	12.04
Codename:	precise
[34m[1mLinux Version[0m
3.13.0-29-generic
[34m[1mCookbooks Version[0m
a68419e https://github.com/travis-ci/travis-cookbooks/tree/a68419e
[34m[1mGCC version[0m
gcc (Ubuntu/Linaro 4.6.3-1ubuntu5) 4.6.3
Copyright (C) 2011 Free Software Foundation, Inc.
This is free software; see the source for copying conditions.  There is NO
warranty; not even for MERCHANTABILITY or FITNESS FOR A PARTICULAR PURPOSE.

[34m[1mLLVM version[0m
clang version 3.4 (tags/RELEASE_34/final)
Target: x86_64-unknown-linux-gnu
Thread model: posix
[34m[1mPre-installed Ruby versions[0m
ruby-1.9.3-p551
[34m[1mPre-installed Node.js versions[0m
v0.10.36
[34m[1mPre-installed Go versions[0m
1.4.1
[34m[1mRedis version[0m
redis-server 2.8.19
[34m[1mriak version[0m
2.0.2
[34m[1mMongoDB version[0m
MongoDB 2.4.12
[34m[1mCouchDB version[0m
couchdb 1.6.1
[34m[1mNeo4j version[0m
1.9.4
[34m[1mRabbitMQ Version[0m
3.4.3
[34m[1mElasticSearch version[0m
1.4.0
[34m[1mInstalled Sphinx versions[0m
2.0.10
2.1.9
2.2.6
[34m[1mDefault Sphinx version[0m
2.2.6
[34m[1mInstalled Firefox version[0m
firefox 31.0esr
[34m[1mPhantomJS version[0m
1.9.8
[34m[1mant -version[0m
Apache Ant(TM) version 1.8.2 compiled on December 3 2011
[34m[1mmvn -version[0m
Apache Maven 3.2.5 (12a6b3acb947671f09b81f49094c53f426d8cea1; 2014-12-14T17:29:23+00:00)
Maven home: /usr/local/maven
Java version: 1.7.0_76, vendor: Oracle Corporation
Java home: /usr/lib/jvm/java-7-oracle/jre
Default locale: en_US, platform encoding: ANSI_X3.4-1968
OS name: "linux", version: "3.13.0-29-generic", arch: "amd64", family: "unix"
travis_fold:end:system_info[0K
travis_fold:start:git.checkout[0Ktravis_time:start:039af130[0K$ git clone --depth=50 --branch=jw/converters git://github.com/square/retrofit.git square/retrofit
Cloning into 'square/retrofit'...
remote: Counting objects: 1537, done.[K
remote: Compressing objects:   0% (1/818)   [Kremote: Compressing objects:   1% (9/818)   [Kremote: Compressing objects:   2% (17/818)   [Kremote: Compressing objects:   3% (25/818)   [Kremote: Compressing objects:   4% (33/818)   [Kremote: Compressing objects:   5% (41/818)   [Kremote: Compressing objects:   6% (50/818)   [Kremote: Compressing objects:   7% (58/818)   [Kremote: Compressing objects:   8% (66/818)   [Kremote: Compressing objects:   9% (74/818)   [Kremote: Compressing objects:  10% (82/818)   [Kremote: Compressing objects:  11% (90/818)   [Kremote: Compressing objects:  12% (99/818)   [Kremote: Compressing objects:  13% (107/818)   [Kremote: Compressing objects:  14% (115/818)   [Kremote: Compressing objects:  15% (123/818)   [Kremote: Compressing objects:  16% (131/818)   [Kremote: Compressing objects:  17% (140/818)   [Kremote: Compressing objects:  18% (148/818)   [Kremote: Compressing objects:  19% (156/818)   [Kremote: Compressing objects:  20% (164/818)   [Kremote: Compressing objects:  21% (172/818)   [Kremote: Compressing objects:  22% (180/818)   [Kremote: Compressing objects:  23% (189/818)   [Kremote: Compressing objects:  24% (197/818)   [Kremote: Compressing objects:  25% (205/818)   [Kremote: Compressing objects:  26% (213/818)   [Kremote: Compressing objects:  27% (221/818)   [Kremote: Compressing objects:  28% (230/818)   [Kremote: Compressing objects:  29% (238/818)   [Kremote: Compressing objects:  30% (246/818)   [Kremote: Compressing objects:  31% (254/818)   [Kremote: Compressing objects:  32% (262/818)   [Kremote: Compressing objects:  33% (270/818)   [Kremote: Compressing objects:  34% (279/818)   [Kremote: Compressing objects:  35% (287/818)   [Kremote: Compressing objects:  36% (295/818)   [Kremote: Compressing objects:  37% (303/818)   [Kremote: Compressing objects:  38% (311/818)   [Kremote: Compressing objects:  39% (320/818)   [Kremote: Compressing objects:  40% (328/818)   [Kremote: Compressing objects:  41% (336/818)   [Kremote: Compressing objects:  42% (344/818)   [Kremote: Compressing objects:  43% (352/818)   [Kremote: Compressing objects:  44% (360/818)   [Kremote: Compressing objects:  45% (369/818)   [Kremote: Compressing objects:  46% (377/818)   [Kremote: Compressing objects:  47% (385/818)   [Kremote: Compressing objects:  48% (393/818)   [Kremote: Compressing objects:  49% (401/818)   [Kremote: Compressing objects:  50% (409/818)   [Kremote: Compressing objects:  51% (418/818)   [Kremote: Compressing objects:  52% (426/818)   [Kremote: Compressing objects:  53% (434/818)   [Kremote: Compressing objects:  54% (442/818)   [Kremote: Compressing objects:  55% (450/818)   [Kremote: Compressing objects:  56% (459/818)   [Kremote: Compressing objects:  57% (467/818)   [Kremote: Compressing objects:  58% (475/818)   [Kremote: Compressing objects:  59% (483/818)   [Kremote: Compressing objects:  60% (491/818)   [Kremote: Compressing objects:  61% (499/818)   [Kremote: Compressing objects:  62% (508/818)   [Kremote: Compressing objects:  63% (516/818)   [Kremote: Compressing objects:  64% (524/818)   [Kremote: Compressing objects:  65% (532/818)   [Kremote: Compressing objects:  66% (540/818)   [Kremote: Compressing objects:  67% (549/818)   [Kremote: Compressing objects:  68% (557/818)   [Kremote: Compressing objects:  69% (565/818)   [Kremote: Compressing objects:  70% (573/818)   [Kremote: Compressing objects:  71% (581/818)   [Kremote: Compressing objects:  72% (589/818)   [Kremote: Compressing objects:  73% (598/818)   [Kremote: Compressing objects:  74% (606/818)   [Kremote: Compressing objects:  75% (614/818)   [Kremote: Compressing objects:  76% (622/818)   [Kremote: Compressing objects:  77% (630/818)   [Kremote: Compressing objects:  78% (639/818)   [Kremote: Compressing objects:  79% (647/818)   [Kremote: Compressing objects:  80% (655/818)   [Kremote: Compressing objects:  81% (663/818)   [Kremote: Compressing objects:  82% (671/818)   [Kremote: Compressing objects:  83% (679/818)   [Kremote: Compressing objects:  84% (688/818)   [Kremote: Compressing objects:  85% (696/818)   [Kremote: Compressing objects:  86% (704/818)   [Kremote: Compressing objects:  87% (712/818)   [Kremote: Compressing objects:  88% (720/818)   [Kremote: Compressing objects:  89% (729/818)   [Kremote: Compressing objects:  90% (737/818)   [Kremote: Compressing objects:  91% (745/818)   [Kremote: Compressing objects:  92% (753/818)   [Kremote: Compressing objects:  93% (761/818)   [Kremote: Compressing objects:  94% (769/818)   [Kremote: Compressing objects:  95% (778/818)   [Kremote: Compressing objects:  96% (786/818)   [Kremote: Compressing objects:  97% (794/818)   [Kremote: Compressing objects:  98% (802/818)   [Kremote: Compressing objects:  99% (810/818)   [Kremote: Compressing objects: 100% (818/818)   [Kremote: Compressing objects: 100% (818/818), done.[K
Receiving objects:   0% (1/1537)   Receiving objects:   1% (16/1537)   Receiving objects:   2% (31/1537)   Receiving objects:   3% (47/1537)   Receiving objects:   4% (62/1537)   Receiving objects:   5% (77/1537)   Receiving objects:   6% (93/1537)   Receiving objects:   7% (108/1537)   Receiving objects:   8% (123/1537)   Receiving objects:   9% (139/1537)   Receiving objects:  10% (154/1537)   Receiving objects:  11% (170/1537)   Receiving objects:  12% (185/1537)   Receiving objects:  13% (200/1537)   Receiving objects:  14% (216/1537)   Receiving objects:  15% (231/1537)   Receiving objects:  16% (246/1537)   Receiving objects:  17% (262/1537)   Receiving objects:  18% (277/1537)   Receiving objects:  19% (293/1537)   Receiving objects:  20% (308/1537)   Receiving objects:  21% (323/1537)   Receiving objects:  22% (339/1537)   Receiving objects:  23% (354/1537)   Receiving objects:  24% (369/1537)   Receiving objects:  25% (385/1537)   Receiving objects:  26% (400/1537)   Receiving objects:  27% (415/1537)   Receiving objects:  28% (431/1537)   Receiving objects:  29% (446/1537)   Receiving objects:  30% (462/1537)   Receiving objects:  31% (477/1537)   Receiving objects:  32% (492/1537)   Receiving objects:  33% (508/1537)   Receiving objects:  34% (523/1537)   Receiving objects:  35% (538/1537)   Receiving objects:  36% (554/1537)   Receiving objects:  37% (569/1537)   Receiving objects:  38% (585/1537)   Receiving objects:  39% (600/1537)   Receiving objects:  40% (615/1537)   Receiving objects:  41% (631/1537)   Receiving objects:  42% (646/1537)   Receiving objects:  43% (661/1537)   Receiving objects:  44% (677/1537)   Receiving objects:  45% (692/1537)   Receiving objects:  46% (708/1537)   Receiving objects:  47% (723/1537)   Receiving objects:  48% (738/1537)   Receiving objects:  49% (754/1537)   Receiving objects:  50% (769/1537)   Receiving objects:  51% (784/1537)   Receiving objects:  52% (800/1537)   Receiving objects:  53% (815/1537)   Receiving objects:  54% (830/1537)   Receiving objects:  55% (846/1537)   Receiving objects:  56% (861/1537)   Receiving objects:  57% (877/1537)   Receiving objects:  58% (892/1537)   Receiving objects:  59% (907/1537)   Receiving objects:  60% (923/1537)   Receiving objects:  61% (938/1537)   Receiving objects:  62% (953/1537)   Receiving objects:  63% (969/1537)   Receiving objects:  64% (984/1537)   Receiving objects:  65% (1000/1537)   Receiving objects:  66% (1015/1537)   Receiving objects:  67% (1030/1537)   Receiving objects:  68% (1046/1537)   Receiving objects:  69% (1061/1537)   Receiving objects:  70% (1076/1537)   Receiving objects:  71% (1092/1537)   Receiving objects:  72% (1107/1537)   Receiving objects:  73% (1123/1537)   Receiving objects:  74% (1138/1537)   Receiving objects:  75% (1153/1537)   remote: Total 1537 (delta 557), reused 1236 (delta 324), pack-reused 0[K
Receiving objects:  76% (1169/1537)   Receiving objects:  77% (1184/1537)   Receiving objects:  78% (1199/1537)   Receiving objects:  79% (1215/1537)   Receiving objects:  80% (1230/1537)   Receiving objects:  81% (1245/1537)   Receiving objects:  82% (1261/1537)   Receiving objects:  83% (1276/1537)   Receiving objects:  84% (1292/1537)   Receiving objects:  85% (1307/1537)   Receiving objects:  86% (1322/1537)   Receiving objects:  87% (1338/1537)   Receiving objects:  88% (1353/1537)   Receiving objects:  89% (1368/1537)   Receiving objects:  90% (1384/1537)   Receiving objects:  91% (1399/1537)   Receiving objects:  92% (1415/1537)   Receiving objects:  93% (1430/1537)   Receiving objects:  94% (1445/1537)   Receiving objects:  95% (1461/1537)   Receiving objects:  96% (1476/1537)   Receiving objects:  97% (1491/1537)   Receiving objects:  98% (1507/1537)   Receiving objects:  99% (1522/1537)   Receiving objects: 100% (1537/1537)   Receiving objects: 100% (1537/1537), 369.73 KiB | 0 bytes/s, done.
Resolving deltas:   0% (0/557)   Resolving deltas:   6% (38/557)   Resolving deltas:   7% (39/557)   Resolving deltas:   8% (46/557)   Resolving deltas:   9% (52/557)   Resolving deltas:  12% (71/557)   Resolving deltas:  17% (97/557)   Resolving deltas:  26% (146/557)   Resolving deltas:  27% (152/557)   Resolving deltas:  28% (157/557)   Resolving deltas:  29% (164/557)   Resolving deltas:  30% (168/557)   Resolving deltas:  31% (173/557)   Resolving deltas:  33% (186/557)   Resolving deltas:  34% (194/557)   Resolving deltas:  35% (200/557)   Resolving deltas:  36% (204/557)   Resolving deltas:  37% (208/557)   Resolving deltas:  38% (215/557)   Resolving deltas:  40% (224/557)   Resolving deltas:  41% (231/557)   Resolving deltas:  42% (235/557)   Resolving deltas:  45% (254/557)   Resolving deltas:  47% (263/557)   Resolving deltas:  48% (268/557)   Resolving deltas:  49% (275/557)   Resolving deltas:  50% (283/557)   Resolving deltas:  51% (285/557)   Resolving deltas:  52% (293/557)   Resolving deltas:  55% (309/557)   Resolving deltas:  56% (312/557)   Resolving deltas:  58% (328/557)   Resolving deltas:  59% (329/557)   Resolving deltas:  61% (340/557)   Resolving deltas:  62% (346/557)   Resolving deltas:  63% (351/557)   Resolving deltas:  64% (359/557)   Resolving deltas:  65% (363/557)   Resolving deltas:  67% (376/557)   Resolving deltas:  68% (380/557)   Resolving deltas:  69% (387/557)   Resolving deltas:  70% (390/557)   Resolving deltas:  71% (398/557)   Resolving deltas:  72% (403/557)   Resolving deltas:  73% (412/557)   Resolving deltas:  74% (413/557)   Resolving deltas:  75% (419/557)   Resolving deltas:  76% (425/557)   Resolving deltas:  78% (438/557)   Resolving deltas:  79% (444/557)   Resolving deltas:  80% (449/557)   Resolving deltas:  81% (455/557)   Resolving deltas:  82% (460/557)   Resolving deltas:  83% (464/557)   Resolving deltas:  84% (469/557)   Resolving deltas:  85% (474/557)   Resolving deltas:  86% (482/557)   Resolving deltas:  88% (495/557)   Resolving deltas:  91% (508/557)   Resolving deltas:  92% (515/557)   Resolving deltas:  94% (524/557)   Resolving deltas:  95% (533/557)   Resolving deltas:  96% (537/557)   Resolving deltas:  97% (541/557)   Resolving deltas: 100% (557/557)   Resolving deltas: 100% (557/557), done.
Checking connectivity... done.
travis_time:end:039af130:start=1433218330358311900,finish=1433218330598573387,duration=240261487[0K$ cd square/retrofit
$ git checkout -qf a4dceed81e02a56bb0831c9824e394f7dc5c83ba
travis_fold:end:git.checkout[0K
[33;1mThis job is running on container-based infrastructure, which does not allow use of 'sudo', setuid and setguid executables.[0m
[33;1mIf you require sudo, add 'sudo: required' to your .travis.yml[0m
[33;1mSee http://docs.travis-ci.com/user/workers/container-based-infrastructure/ for details.[0m

[33;1mSetting environment variables from .travis.yml[0m
$ export CI_DEPLOY_USERNAME=[secure]
$ export CI_DEPLOY_PASSWORD=[secure]

travis_fold:start:cache.1[0KSetting up build cache
$ export CASHER_DIR=$HOME/.casher
travis_time:start:0be427c5[0K$ Installing caching utilities
travis_time:end:0be427c5:start=1433218333812787296,finish=1433218333898387609,duration=85600313[0Ktravis_time:start:0ebfce65[0Kattempting to download cache archive
fetching jwconverters/cache--jdk-oraclejdk8.tbz
fetching master/cache--jdk-oraclejdk8.tbz
found cache
travis_time:end:0ebfce65:start=1433218333902662561,finish=1433218335425834315,duration=1523171754[0Ktravis_time:start:173b2fa0[0Kadding /home/travis/.m2 to cache
travis_time:end:173b2fa0:start=1433218335429444355,finish=1433218339065790499,duration=3636346144[0Ktravis_fold:end:cache.1[0K$ jdk_switcher use oraclejdk8
Switching to Oracle JDK8 (java-8-oracle), JAVA_HOME will be set to /usr/lib/jvm/java-8-oracle
$ java -Xmx32m -version
java version "1.8.0_31"
Java(TM) SE Runtime Environment (build 1.8.0_31-b13)
Java HotSpot(TM) 64-Bit Server VM (build 25.31-b07, mixed mode)
$ javac -J-Xmx32m -version
javac 1.8.0_31
travis_fold:start:install[0Ktravis_time:start:06f5bd7d[0K$ mvn install -DskipTests=true -Dmaven.javadoc.skip=true -B -V
Java HotSpot(TM) 64-Bit Server VM warning: ignoring option MaxPermSize=192m; support was removed in 8.0
Apache Maven 3.2.5 (12a6b3acb947671f09b81f49094c53f426d8cea1; 2014-12-14T17:29:23+00:00)
Maven home: /usr/local/maven
Java version: 1.8.0_31, vendor: Oracle Corporation
Java home: /usr/lib/jvm/java-8-oracle/jre
Default locale: en_US, platform encoding: UTF-8
OS name: "linux", version: "3.13.0-40-generic", arch: "amd64", family: "unix"
[INFO] Scanning for projects...
[WARNING] 
[WARNING] Some problems were encountered while building the effective model for com.squareup.retrofit:samples:jar:2.0.0-SNAPSHOT
[WARNING] 'build.plugins.plugin.version' for org.apache.maven.plugins:maven-deploy-plugin is missing. @ com.squareup.retrofit:samples:[unknown-version], /home/travis/build/square/retrofit/samples/pom.xml, line 36, column 15
[WARNING] 
[WARNING] It is highly recommended to fix these problems because they threaten the stability of your build.
[WARNING] 
[WARNING] For this reason, future Maven versions might no longer support building such malformed projects.
[WARNING] 
[INFO] ------------------------------------------------------------------------
[INFO] Reactor Build Order:
[INFO] 
[INFO] Retrofit (Parent)
[INFO] Retrofit
[INFO] Adapters
[INFO] Adapter: RxJava
[INFO] Converters
[INFO] Converter: Gson
[INFO] Converter: Protocol Buffers
[INFO] Converter: Jackson
[INFO] Converter: Wire Protocol Buffers
[INFO] Converter: SimpleXML
[INFO] Samples
[INFO]                                                                         
[INFO] ------------------------------------------------------------------------
[INFO] Building Retrofit (Parent) 2.0.0-SNAPSHOT
[INFO] ------------------------------------------------------------------------
[INFO] 
[INFO] --- maven-enforcer-plugin:1.0:enforce (enforce-maven) @ parent ---
[INFO] 
[INFO] --- maven-checkstyle-plugin:2.15:checkstyle (default) @ parent ---
[INFO] 
[INFO] --- maven-install-plugin:2.4:install (default-install) @ parent ---
[INFO] Installing /home/travis/build/square/retrofit/pom.xml to /home/travis/.m2/repository/com/squareup/retrofit/parent/2.0.0-SNAPSHOT/parent-2.0.0-SNAPSHOT.pom
[INFO]                                                                         
[INFO] ------------------------------------------------------------------------
[INFO] Building Retrofit 2.0.0-SNAPSHOT
[INFO] ------------------------------------------------------------------------
[INFO] 
[INFO] --- maven-enforcer-plugin:1.0:enforce (enforce-maven) @ retrofit ---
[INFO] 
[INFO] --- maven-resources-plugin:2.6:resources (default-resources) @ retrofit ---
[INFO] Using 'UTF-8' encoding to copy filtered resources.
[INFO] skip non existing resourceDirectory /home/travis/build/square/retrofit/retrofit/src/main/resources
[INFO] 
[INFO] --- maven-compiler-plugin:3.0:compile (default-compile) @ retrofit ---
[INFO] Changes detected - recompiling the module!
[INFO] Compiling 37 source files to /home/travis/build/square/retrofit/retrofit/target/classes
[WARNING] /home/travis/build/square/retrofit/retrofit/src/main/java/retrofit/RestAdapter.java: Some input files use unchecked or unsafe operations.
[WARNING] /home/travis/build/square/retrofit/retrofit/src/main/java/retrofit/RestAdapter.java: Recompile with -Xlint:unchecked for details.
[INFO] 
[INFO] --- maven-resources-plugin:2.6:testResources (default-testResources) @ retrofit ---
[INFO] Using 'UTF-8' encoding to copy filtered resources.
[INFO] skip non existing resourceDirectory /home/travis/build/square/retrofit/retrofit/src/test/resources
[INFO] 
[INFO] --- maven-compiler-plugin:3.0:testCompile (default-testCompile) @ retrofit ---
[INFO] Changes detected - recompiling the module!
[INFO] Compiling 7 source files to /home/travis/build/square/retrofit/retrofit/target/test-classes
[WARNING] /home/travis/build/square/retrofit/retrofit/src/test/java/retrofit/DefaultCallAdapterFactoryTest.java: /home/travis/build/square/retrofit/retrofit/src/test/java/retrofit/DefaultCallAdapterFactoryTest.java uses unchecked or unsafe operations.
[WARNING] /home/travis/build/square/retrofit/retrofit/src/test/java/retrofit/DefaultCallAdapterFactoryTest.java: Recompile with -Xlint:unchecked for details.
[INFO] 
[INFO] --- maven-surefire-plugin:2.12.4:test (default-test) @ retrofit ---
[INFO] Tests are skipped.
[INFO] 
[INFO] --- maven-jar-plugin:2.4:jar (default-jar) @ retrofit ---
[INFO] Building jar: /home/travis/build/square/retrofit/retrofit/target/retrofit-2.0.0-SNAPSHOT.jar
[INFO] 
[INFO] --- maven-checkstyle-plugin:2.15:checkstyle (default) @ retrofit ---
[INFO] Starting audit...
/home/travis/build/square/retrofit/retrofit/src/main/java/retrofit/http/Part.java:21:8: Unused import - retrofit.Converter.
/home/travis/build/square/retrofit/retrofit/src/main/java/retrofit/http/PartMap.java:21:8: Unused import - retrofit.Converter.
Audit done.
[INFO] ------------------------------------------------------------------------
[INFO] Reactor Summary:
[INFO] 
[INFO] Retrofit (Parent) .................................. SUCCESS [  2.074 s]
[INFO] Retrofit ........................................... FAILURE [  9.885 s]
[INFO] Adapters ........................................... SKIPPED
[INFO] Adapter: RxJava .................................... SKIPPED
[INFO] Converters ......................................... SKIPPED
[INFO] Converter: Gson .................................... SKIPPED
[INFO] Converter: Protocol Buffers ........................ SKIPPED
[INFO] Converter: Jackson ................................. SKIPPED
[INFO] Converter: Wire Protocol Buffers ................... SKIPPED
[INFO] Converter: SimpleXML ............................... SKIPPED
[INFO] Samples ............................................ SKIPPED
[INFO] ------------------------------------------------------------------------
[INFO] BUILD FAILURE
[INFO] ------------------------------------------------------------------------
[INFO] Total time: 12.248 s
[INFO] Finished at: 2015-06-02T04:12:33+00:00
[INFO] Final Memory: 29M/331M
[INFO] ------------------------------------------------------------------------
[ERROR] Failed to execute goal org.apache.maven.plugins:maven-checkstyle-plugin:2.15:checkstyle (default) on project retrofit: An error has occurred in Checkstyle report generation. Failed during checkstyle execution: There are 2 errors reported by Checkstyle 6.1.1 with checkstyle.xml ruleset. -> [Help 1]
[ERROR] 
[ERROR] To see the full stack trace of the errors, re-run Maven with the -e switch.
[ERROR] Re-run Maven using the -X switch to enable full debug logging.
[ERROR] 
[ERROR] For more information about the errors and possible solutions, please read the following articles:
[ERROR] [Help 1] http://cwiki.apache.org/confluence/display/MAVEN/MojoExecutionException
[ERROR] 
[ERROR] After correcting the problems, you can resume the build with the command
[ERROR]   mvn <goals> -rf :retrofit

[31;1mThe command "eval mvn install -DskipTests=true -Dmaven.javadoc.skip=true -B -V" failed. Retrying, 2 of 3.[0m

Java HotSpot(TM) 64-Bit Server VM warning: ignoring option MaxPermSize=192m; support was removed in 8.0
Apache Maven 3.2.5 (12a6b3acb947671f09b81f49094c53f426d8cea1; 2014-12-14T17:29:23+00:00)
Maven home: /usr/local/maven
Java version: 1.8.0_31, vendor: Oracle Corporation
Java home: /usr/lib/jvm/java-8-oracle/jre
Default locale: en_US, platform encoding: UTF-8
OS name: "linux", version: "3.13.0-40-generic", arch: "amd64", family: "unix"
[INFO] Scanning for projects...
[WARNING] 
[WARNING] Some problems were encountered while building the effective model for com.squareup.retrofit:samples:jar:2.0.0-SNAPSHOT
[WARNING] 'build.plugins.plugin.version' for org.apache.maven.plugins:maven-deploy-plugin is missing. @ com.squareup.retrofit:samples:[unknown-version], /home/travis/build/square/retrofit/samples/pom.xml, line 36, column 15
[WARNING] 
[WARNING] It is highly recommended to fix these problems because they threaten the stability of your build.
[WARNING] 
[WARNING] For this reason, future Maven versions might no longer support building such malformed projects.
[WARNING] 
[INFO] ------------------------------------------------------------------------
[INFO] Reactor Build Order:
[INFO] 
[INFO] Retrofit (Parent)
[INFO] Retrofit
[INFO] Adapters
[INFO] Adapter: RxJava
[INFO] Converters
[INFO] Converter: Gson
[INFO] Converter: Protocol Buffers
[INFO] Converter: Jackson
[INFO] Converter: Wire Protocol Buffers
[INFO] Converter: SimpleXML
[INFO] Samples
[INFO]                                                                         
[INFO] ------------------------------------------------------------------------
[INFO] Building Retrofit (Parent) 2.0.0-SNAPSHOT
[INFO] ------------------------------------------------------------------------
[INFO] 
[INFO] --- maven-enforcer-plugin:1.0:enforce (enforce-maven) @ parent ---
[INFO] 
[INFO] --- maven-checkstyle-plugin:2.15:checkstyle (default) @ parent ---
[INFO] 
[INFO] --- maven-install-plugin:2.4:install (default-install) @ parent ---
[INFO] Installing /home/travis/build/square/retrofit/pom.xml to /home/travis/.m2/repository/com/squareup/retrofit/parent/2.0.0-SNAPSHOT/parent-2.0.0-SNAPSHOT.pom
[INFO]                                                                         
[INFO] ------------------------------------------------------------------------
[INFO] Building Retrofit 2.0.0-SNAPSHOT
[INFO] ------------------------------------------------------------------------
[INFO] 
[INFO] --- maven-enforcer-plugin:1.0:enforce (enforce-maven) @ retrofit ---
[INFO] 
[INFO] --- maven-resources-plugin:2.6:resources (default-resources) @ retrofit ---
[INFO] Using 'UTF-8' encoding to copy filtered resources.
[INFO] skip non existing resourceDirectory /home/travis/build/square/retrofit/retrofit/src/main/resources
[INFO] 
[INFO] --- maven-compiler-plugin:3.0:compile (default-compile) @ retrofit ---
[INFO] Changes detected - recompiling the module!
[INFO] Compiling 37 source files to /home/travis/build/square/retrofit/retrofit/target/classes
[WARNING] /home/travis/build/square/retrofit/retrofit/src/main/java/retrofit/RestAdapter.java: Some input files use unchecked or unsafe operations.
[WARNING] /home/travis/build/square/retrofit/retrofit/src/main/java/retrofit/RestAdapter.java: Recompile with -Xlint:unchecked for details.
[INFO] 
[INFO] --- maven-resources-plugin:2.6:testResources (default-testResources) @ retrofit ---
[INFO] Using 'UTF-8' encoding to copy filtered resources.
[INFO] skip non existing resourceDirectory /home/travis/build/square/retrofit/retrofit/src/test/resources
[INFO] 
[INFO] --- maven-compiler-plugin:3.0:testCompile (default-testCompile) @ retrofit ---
[INFO] Changes detected - recompiling the module!
[INFO] Compiling 7 source files to /home/travis/build/square/retrofit/retrofit/target/test-classes
[WARNING] /home/travis/build/square/retrofit/retrofit/src/test/java/retrofit/DefaultCallAdapterFactoryTest.java: /home/travis/build/square/retrofit/retrofit/src/test/java/retrofit/DefaultCallAdapterFactoryTest.java uses unchecked or unsafe operations.
[WARNING] /home/travis/build/square/retrofit/retrofit/src/test/java/retrofit/DefaultCallAdapterFactoryTest.java: Recompile with -Xlint:unchecked for details.
[INFO] 
[INFO] --- maven-surefire-plugin:2.12.4:test (default-test) @ retrofit ---
[INFO] Tests are skipped.
[INFO] 
[INFO] --- maven-jar-plugin:2.4:jar (default-jar) @ retrofit ---
[INFO] Building jar: /home/travis/build/square/retrofit/retrofit/target/retrofit-2.0.0-SNAPSHOT.jar
[INFO] 
[INFO] --- maven-checkstyle-plugin:2.15:checkstyle (default) @ retrofit ---
[INFO] Starting audit...
/home/travis/build/square/retrofit/retrofit/src/main/java/retrofit/http/Part.java:21:8: Unused import - retrofit.Converter.
/home/travis/build/square/retrofit/retrofit/src/main/java/retrofit/http/PartMap.java:21:8: Unused import - retrofit.Converter.
Audit done.
[INFO] ------------------------------------------------------------------------
[INFO] Reactor Summary:
[INFO] 
[INFO] Retrofit (Parent) .................................. SUCCESS [  2.715 s]
[INFO] Retrofit ........................................... FAILURE [ 10.084 s]
[INFO] Adapters ........................................... SKIPPED
[INFO] Adapter: RxJava .................................... SKIPPED
[INFO] Converters ......................................... SKIPPED
[INFO] Converter: Gson .................................... SKIPPED
[INFO] Converter: Protocol Buffers ........................ SKIPPED
[INFO] Converter: Jackson ................................. SKIPPED
[INFO] Converter: Wire Protocol Buffers ................... SKIPPED
[INFO] Converter: SimpleXML ............................... SKIPPED
[INFO] Samples ............................................ SKIPPED
[INFO] ------------------------------------------------------------------------
[INFO] BUILD FAILURE
[INFO] ------------------------------------------------------------------------
[INFO] Total time: 13.154 s
[INFO] Finished at: 2015-06-02T04:12:56+00:00
[INFO] Final Memory: 29M/343M
[INFO] ------------------------------------------------------------------------
[ERROR] Failed to execute goal org.apache.maven.plugins:maven-checkstyle-plugin:2.15:checkstyle (default) on project retrofit: An error has occurred in Checkstyle report generation. Failed during checkstyle execution: There are 2 errors reported by Checkstyle 6.1.1 with checkstyle.xml ruleset. -> [Help 1]
[ERROR] 
[ERROR] To see the full stack trace of the errors, re-run Maven with the -e switch.
[ERROR] Re-run Maven using the -X switch to enable full debug logging.
[ERROR] 
[ERROR] For more information about the errors and possible solutions, please read the following articles:
[ERROR] [Help 1] http://cwiki.apache.org/confluence/display/MAVEN/MojoExecutionException
[ERROR] 
[ERROR] After correcting the problems, you can resume the build with the command
[ERROR]   mvn <goals> -rf :retrofit

[31;1mThe command "eval mvn install -DskipTests=true -Dmaven.javadoc.skip=true -B -V" failed. Retrying, 3 of 3.[0m

Java HotSpot(TM) 64-Bit Server VM warning: ignoring option MaxPermSize=192m; support was removed in 8.0
Apache Maven 3.2.5 (12a6b3acb947671f09b81f49094c53f426d8cea1; 2014-12-14T17:29:23+00:00)
Maven home: /usr/local/maven
Java version: 1.8.0_31, vendor: Oracle Corporation
Java home: /usr/lib/jvm/java-8-oracle/jre
Default locale: en_US, platform encoding: UTF-8
OS name: "linux", version: "3.13.0-40-generic", arch: "amd64", family: "unix"
[INFO] Scanning for projects...
[WARNING] 
[WARNING] Some problems were encountered while building the effective model for com.squareup.retrofit:samples:jar:2.0.0-SNAPSHOT
[WARNING] 'build.plugins.plugin.version' for org.apache.maven.plugins:maven-deploy-plugin is missing. @ com.squareup.retrofit:samples:[unknown-version], /home/travis/build/square/retrofit/samples/pom.xml, line 36, column 15
[WARNING] 
[WARNING] It is highly recommended to fix these problems because they threaten the stability of your build.
[WARNING] 
[WARNING] For this reason, future Maven versions might no longer support building such malformed projects.
[WARNING] 
[INFO] ------------------------------------------------------------------------
[INFO] Reactor Build Order:
[INFO] 
[INFO] Retrofit (Parent)
[INFO] Retrofit
[INFO] Adapters
[INFO] Adapter: RxJava
[INFO] Converters
[INFO] Converter: Gson
[INFO] Converter: Protocol Buffers
[INFO] Converter: Jackson
[INFO] Converter: Wire Protocol Buffers
[INFO] Converter: SimpleXML
[INFO] Samples
[INFO]                                                                         
[INFO] ------------------------------------------------------------------------
[INFO] Building Retrofit (Parent) 2.0.0-SNAPSHOT
[INFO] ------------------------------------------------------------------------
[INFO] 
[INFO] --- maven-enforcer-plugin:1.0:enforce (enforce-maven) @ parent ---
[INFO] 
[INFO] --- maven-checkstyle-plugin:2.15:checkstyle (default) @ parent ---
[INFO] 
[INFO] --- maven-install-plugin:2.4:install (default-install) @ parent ---
[INFO] Installing /home/travis/build/square/retrofit/pom.xml to /home/travis/.m2/repository/com/squareup/retrofit/parent/2.0.0-SNAPSHOT/parent-2.0.0-SNAPSHOT.pom
[INFO]                                                                         
[INFO] ------------------------------------------------------------------------
[INFO] Building Retrofit 2.0.0-SNAPSHOT
[INFO] ------------------------------------------------------------------------
[INFO] 
[INFO] --- maven-enforcer-plugin:1.0:enforce (enforce-maven) @ retrofit ---
[INFO] 
[INFO] --- maven-resources-plugin:2.6:resources (default-resources) @ retrofit ---
[INFO] Using 'UTF-8' encoding to copy filtered resources.
[INFO] skip non existing resourceDirectory /home/travis/build/square/retrofit/retrofit/src/main/resources
[INFO] 
[INFO] --- maven-compiler-plugin:3.0:compile (default-compile) @ retrofit ---
[INFO] Changes detected - recompiling the module!
[INFO] Compiling 37 source files to /home/travis/build/square/retrofit/retrofit/target/classes
[WARNING] /home/travis/build/square/retrofit/retrofit/src/main/java/retrofit/RestAdapter.java: Some input files use unchecked or unsafe operations.
[WARNING] /home/travis/build/square/retrofit/retrofit/src/main/java/retrofit/RestAdapter.java: Recompile with -Xlint:unchecked for details.
[INFO] 
[INFO] --- maven-resources-plugin:2.6:testResources (default-testResources) @ retrofit ---
[INFO] Using 'UTF-8' encoding to copy filtered resources.
[INFO] skip non existing resourceDirectory /home/travis/build/square/retrofit/retrofit/src/test/resources
[INFO] 
[INFO] --- maven-compiler-plugin:3.0:testCompile (default-testCompile) @ retrofit ---
[INFO] Changes detected - recompiling the module!
[INFO] Compiling 7 source files to /home/travis/build/square/retrofit/retrofit/target/test-classes
[WARNING] /home/travis/build/square/retrofit/retrofit/src/test/java/retrofit/DefaultCallAdapterFactoryTest.java: /home/travis/build/square/retrofit/retrofit/src/test/java/retrofit/DefaultCallAdapterFactoryTest.java uses unchecked or unsafe operations.
[WARNING] /home/travis/build/square/retrofit/retrofit/src/test/java/retrofit/DefaultCallAdapterFactoryTest.java: Recompile with -Xlint:unchecked for details.
[INFO] 
[INFO] --- maven-surefire-plugin:2.12.4:test (default-test) @ retrofit ---
[INFO] Tests are skipped.
[INFO] 
[INFO] --- maven-jar-plugin:2.4:jar (default-jar) @ retrofit ---
[INFO] Building jar: /home/travis/build/square/retrofit/retrofit/target/retrofit-2.0.0-SNAPSHOT.jar
[INFO] 
[INFO] --- maven-checkstyle-plugin:2.15:checkstyle (default) @ retrofit ---
[INFO] Starting audit...
/home/travis/build/square/retrofit/retrofit/src/main/java/retrofit/http/Part.java:21:8: Unused import - retrofit.Converter.
/home/travis/build/square/retrofit/retrofit/src/main/java/retrofit/http/PartMap.java:21:8: Unused import - retrofit.Converter.
Audit done.
[INFO] ------------------------------------------------------------------------
[INFO] Reactor Summary:
[INFO] 
[INFO] Retrofit (Parent) .................................. SUCCESS [  2.539 s]
[INFO] Retrofit ........................................... FAILURE [ 13.049 s]
[INFO] Adapters ........................................... SKIPPED
[INFO] Adapter: RxJava .................................... SKIPPED
[INFO] Converters ......................................... SKIPPED
[INFO] Converter: Gson .................................... SKIPPED
[INFO] Converter: Protocol Buffers ........................ SKIPPED
[INFO] Converter: Jackson ................................. SKIPPED
[INFO] Converter: Wire Protocol Buffers ................... SKIPPED
[INFO] Converter: SimpleXML ............................... SKIPPED
[INFO] Samples ............................................ SKIPPED
[INFO] ------------------------------------------------------------------------
[INFO] BUILD FAILURE
[INFO] ------------------------------------------------------------------------
[INFO] Total time: 15.895 s
[INFO] Finished at: 2015-06-02T04:13:23+00:00
[INFO] Final Memory: 29M/327M
[INFO] ------------------------------------------------------------------------
[ERROR] Failed to execute goal org.apache.maven.plugins:maven-checkstyle-plugin:2.15:checkstyle (default) on project retrofit: An error has occurred in Checkstyle report generation. Failed during checkstyle execution: There are 2 errors reported by Checkstyle 6.1.1 with checkstyle.xml ruleset. -> [Help 1]
[ERROR] 
[ERROR] To see the full stack trace of the errors, re-run Maven with the -e switch.
[ERROR] Re-run Maven using the -X switch to enable full debug logging.
[ERROR] 
[ERROR] For more information about the errors and possible solutions, please read the following articles:
[ERROR] [Help 1] http://cwiki.apache.org/confluence/display/MAVEN/MojoExecutionException
[ERROR] 
[ERROR] After correcting the problems, you can resume the build with the command
[ERROR]   mvn <goals> -rf :retrofit

[31;1mThe command "eval mvn install -DskipTests=true -Dmaven.javadoc.skip=true -B -V" failed 3 times.[0m

travis_time:end:06f5bd7d:start=1433218339465270958,finish=1433218411306540774,duration=71841269816[0K
[31;1mThe command "mvn install -DskipTests=true -Dmaven.javadoc.skip=true -B -V" failed and exited with 1 during .[0m

Your build has been stopped.
