Using worker: worker-linux-docker-990ba670.prod.travis-ci.org:travis-linux-4

travis_fold:start:system_info[0K[33;1mBuild system information[0m
Build language: java
[34m[1mBuild image provisioning date and time[0m
Thu Feb  5 15:09:33 UTC 2015
[34m[1mOperating System Details[0m
Distributor ID:	Ubuntu
Description:	Ubuntu 12.04.5 LTS
Release:	12.04
Codename:	precise
[34m[1mLinux Version[0m
3.13.0-29-generic
[34m[1mCookbooks Version[0m
a68419e https://github.com/travis-ci/travis-cookbooks/tree/a68419e
[34m[1mGCC version[0m
gcc (Ubuntu/Linaro 4.6.3-1ubuntu5) 4.6.3
Copyright (C) 2011 Free Software Foundation, Inc.
This is free software; see the source for copying conditions.  There is NO
warranty; not even for MERCHANTABILITY or FITNESS FOR A PARTICULAR PURPOSE.

[34m[1mLLVM version[0m
clang version 3.4 (tags/RELEASE_34/final)
Target: x86_64-unknown-linux-gnu
Thread model: posix
[34m[1mPre-installed Ruby versions[0m
ruby-1.9.3-p551
[34m[1mPre-installed Node.js versions[0m
v0.10.36
[34m[1mPre-installed Go versions[0m
1.4.1
[34m[1mRedis version[0m
redis-server 2.8.19
[34m[1mriak version[0m
2.0.2
[34m[1mMongoDB version[0m
MongoDB 2.4.12
[34m[1mCouchDB version[0m
couchdb 1.6.1
[34m[1mNeo4j version[0m
1.9.4
[34m[1mRabbitMQ Version[0m
3.4.3
[34m[1mElasticSearch version[0m
1.4.0
[34m[1mInstalled Sphinx versions[0m
2.0.10
2.1.9
2.2.6
[34m[1mDefault Sphinx version[0m
2.2.6
[34m[1mInstalled Firefox version[0m
firefox 31.0esr
[34m[1mPhantomJS version[0m
1.9.8
[34m[1mant -version[0m
Apache Ant(TM) version 1.8.2 compiled on December 3 2011
[34m[1mmvn -version[0m
Apache Maven 3.2.5 (12a6b3acb947671f09b81f49094c53f426d8cea1; 2014-12-14T17:29:23+00:00)
Maven home: /usr/local/maven
Java version: 1.7.0_76, vendor: Oracle Corporation
Java home: /usr/lib/jvm/java-7-oracle/jre
Default locale: en_US, platform encoding: ANSI_X3.4-1968
OS name: "linux", version: "3.13.0-29-generic", arch: "amd64", family: "unix"
travis_fold:end:system_info[0K
travis_fold:start:git.checkout[0Ktravis_time:start:02b101aa[0K$ git clone --depth=50 --branch=jw/rearchitect-parsing git://github.com/square/retrofit.git square/retrofit
Cloning into 'square/retrofit'...
remote: Counting objects: 1693, done.[K
remote: Compressing objects:   0% (1/813)   [Kremote: Compressing objects:   1% (9/813)   [Kremote: Compressing objects:   2% (17/813)   [Kremote: Compressing objects:   3% (25/813)   [Kremote: Compressing objects:   4% (33/813)   [Kremote: Compressing objects:   5% (41/813)   [Kremote: Compressing objects:   6% (49/813)   [Kremote: Compressing objects:   7% (57/813)   [Kremote: Compressing objects:   8% (66/813)   [Kremote: Compressing objects:   9% (74/813)   [Kremote: Compressing objects:  10% (82/813)   [Kremote: Compressing objects:  11% (90/813)   [Kremote: Compressing objects:  12% (98/813)   [Kremote: Compressing objects:  13% (106/813)   [Kremote: Compressing objects:  14% (114/813)   [Kremote: Compressing objects:  15% (122/813)   [Kremote: Compressing objects:  16% (131/813)   [Kremote: Compressing objects:  17% (139/813)   [Kremote: Compressing objects:  18% (147/813)   [Kremote: Compressing objects:  19% (155/813)   [Kremote: Compressing objects:  20% (163/813)   [Kremote: Compressing objects:  21% (171/813)   [Kremote: Compressing objects:  22% (179/813)   [Kremote: Compressing objects:  23% (187/813)   [Kremote: Compressing objects:  24% (196/813)   [Kremote: Compressing objects:  25% (204/813)   [Kremote: Compressing objects:  26% (212/813)   [Kremote: Compressing objects:  27% (220/813)   [Kremote: Compressing objects:  28% (228/813)   [Kremote: Compressing objects:  29% (236/813)   [Kremote: Compressing objects:  30% (244/813)   [Kremote: Compressing objects:  31% (253/813)   [Kremote: Compressing objects:  32% (261/813)   [Kremote: Compressing objects:  33% (269/813)   [Kremote: Compressing objects:  34% (277/813)   [Kremote: Compressing objects:  35% (285/813)   [Kremote: Compressing objects:  36% (293/813)   [Kremote: Compressing objects:  37% (301/813)   [Kremote: Compressing objects:  38% (309/813)   [Kremote: Compressing objects:  39% (318/813)   [Kremote: Compressing objects:  40% (326/813)   [Kremote: Compressing objects:  41% (334/813)   [Kremote: Compressing objects:  42% (342/813)   [Kremote: Compressing objects:  43% (350/813)   [Kremote: Compressing objects:  44% (358/813)   [Kremote: Compressing objects:  45% (366/813)   [Kremote: Compressing objects:  46% (374/813)   [Kremote: Compressing objects:  47% (383/813)   [Kremote: Compressing objects:  48% (391/813)   [Kremote: Compressing objects:  49% (399/813)   [Kremote: Compressing objects:  50% (407/813)   [Kremote: Compressing objects:  51% (415/813)   [Kremote: Compressing objects:  52% (423/813)   [Kremote: Compressing objects:  53% (431/813)   [Kremote: Compressing objects:  54% (440/813)   [Kremote: Compressing objects:  55% (448/813)   [Kremote: Compressing objects:  56% (456/813)   [Kremote: Compressing objects:  57% (464/813)   [Kremote: Compressing objects:  58% (472/813)   [Kremote: Compressing objects:  59% (480/813)   [Kremote: Compressing objects:  60% (488/813)   [Kremote: Compressing objects:  61% (496/813)   [Kremote: Compressing objects:  62% (505/813)   [Kremote: Compressing objects:  63% (513/813)   [Kremote: Compressing objects:  64% (521/813)   [Kremote: Compressing objects:  65% (529/813)   [Kremote: Compressing objects:  66% (537/813)   [Kremote: Compressing objects:  67% (545/813)   [Kremote: Compressing objects:  68% (553/813)   [Kremote: Compressing objects:  69% (561/813)   [Kremote: Compressing objects:  70% (570/813)   [Kremote: Compressing objects:  71% (578/813)   [Kremote: Compressing objects:  72% (586/813)   [Kremote: Compressing objects:  73% (594/813)   [Kremote: Compressing objects:  74% (602/813)   [Kremote: Compressing objects:  75% (610/813)   [Kremote: Compressing objects:  76% (618/813)   [Kremote: Compressing objects:  77% (627/813)   [Kremote: Compressing objects:  78% (635/813)   [Kremote: Compressing objects:  79% (643/813)   [Kremote: Compressing objects:  80% (651/813)   [Kremote: Compressing objects:  81% (659/813)   [Kremote: Compressing objects:  82% (667/813)   [Kremote: Compressing objects:  83% (675/813)   [Kremote: Compressing objects:  84% (683/813)   [Kremote: Compressing objects:  85% (692/813)   [Kremote: Compressing objects:  86% (700/813)   [Kremote: Compressing objects:  87% (708/813)   [Kremote: Compressing objects:  88% (716/813)   [Kremote: Compressing objects:  89% (724/813)   [Kremote: Compressing objects:  90% (732/813)   [Kremote: Compressing objects:  91% (740/813)   [Kremote: Compressing objects:  92% (748/813)   [Kremote: Compressing objects:  93% (757/813)   [Kremote: Compressing objects:  94% (765/813)   [Kremote: Compressing objects:  95% (773/813)   [Kremote: Compressing objects:  96% (781/813)   [Kremote: Compressing objects:  97% (789/813)   [Kremote: Compressing objects:  98% (797/813)   [Kremote: Compressing objects:  99% (805/813)   [Kremote: Compressing objects: 100% (813/813)   [Kremote: Compressing objects: 100% (813/813), done.[K
Receiving objects:   0% (1/1693)   Receiving objects:   1% (17/1693)   Receiving objects:   2% (34/1693)   Receiving objects:   3% (51/1693)   Receiving objects:   4% (68/1693)   Receiving objects:   5% (85/1693)   Receiving objects:   6% (102/1693)   Receiving objects:   7% (119/1693)   Receiving objects:   8% (136/1693)   Receiving objects:   9% (153/1693)   Receiving objects:  10% (170/1693)   Receiving objects:  11% (187/1693)   Receiving objects:  12% (204/1693)   Receiving objects:  13% (221/1693)   Receiving objects:  14% (238/1693)   Receiving objects:  15% (254/1693)   Receiving objects:  16% (271/1693)   Receiving objects:  17% (288/1693)   Receiving objects:  18% (305/1693)   Receiving objects:  19% (322/1693)   Receiving objects:  20% (339/1693)   Receiving objects:  21% (356/1693)   Receiving objects:  22% (373/1693)   Receiving objects:  23% (390/1693)   Receiving objects:  24% (407/1693)   Receiving objects:  25% (424/1693)   Receiving objects:  26% (441/1693)   Receiving objects:  27% (458/1693)   Receiving objects:  28% (475/1693)   Receiving objects:  29% (491/1693)   Receiving objects:  30% (508/1693)   Receiving objects:  31% (525/1693)   Receiving objects:  32% (542/1693)   Receiving objects:  33% (559/1693)   Receiving objects:  34% (576/1693)   Receiving objects:  35% (593/1693)   Receiving objects:  36% (610/1693)   Receiving objects:  37% (627/1693)   Receiving objects:  38% (644/1693)   Receiving objects:  39% (661/1693)   Receiving objects:  40% (678/1693)   Receiving objects:  41% (695/1693)   Receiving objects:  42% (712/1693)   Receiving objects:  43% (728/1693)   Receiving objects:  44% (745/1693)   Receiving objects:  45% (762/1693)   Receiving objects:  46% (779/1693)   Receiving objects:  47% (796/1693)   Receiving objects:  48% (813/1693)   Receiving objects:  49% (830/1693)   Receiving objects:  50% (847/1693)   Receiving objects:  51% (864/1693)   Receiving objects:  52% (881/1693)   Receiving objects:  53% (898/1693)   Receiving objects:  54% (915/1693)   Receiving objects:  55% (932/1693)   Receiving objects:  56% (949/1693)   Receiving objects:  57% (966/1693)   Receiving objects:  58% (982/1693)   Receiving objects:  59% (999/1693)   Receiving objects:  60% (1016/1693)   Receiving objects:  61% (1033/1693)   Receiving objects:  62% (1050/1693)   Receiving objects:  63% (1067/1693)   Receiving objects:  64% (1084/1693)   Receiving objects:  65% (1101/1693)   Receiving objects:  66% (1118/1693)   Receiving objects:  67% (1135/1693)   Receiving objects:  68% (1152/1693)   Receiving objects:  69% (1169/1693)   Receiving objects:  70% (1186/1693)   Receiving objects:  71% (1203/1693)   Receiving objects:  72% (1219/1693)   Receiving objects:  73% (1236/1693)   Receiving objects:  74% (1253/1693)   Receiving objects:  75% (1270/1693)   Receiving objects:  76% (1287/1693)   Receiving objects:  77% (1304/1693)   Receiving objects:  78% (1321/1693)   remote: Total 1693 (delta 578), reused 1440 (delta 397), pack-reused 0[K
Receiving objects:  79% (1338/1693)   Receiving objects:  80% (1355/1693)   Receiving objects:  81% (1372/1693)   Receiving objects:  82% (1389/1693)   Receiving objects:  83% (1406/1693)   Receiving objects:  84% (1423/1693)   Receiving objects:  85% (1440/1693)   Receiving objects:  86% (1456/1693)   Receiving objects:  87% (1473/1693)   Receiving objects:  88% (1490/1693)   Receiving objects:  89% (1507/1693)   Receiving objects:  90% (1524/1693)   Receiving objects:  91% (1541/1693)   Receiving objects:  92% (1558/1693)   Receiving objects:  93% (1575/1693)   Receiving objects:  94% (1592/1693)   Receiving objects:  95% (1609/1693)   Receiving objects:  96% (1626/1693)   Receiving objects:  97% (1643/1693)   Receiving objects:  98% (1660/1693)   Receiving objects:  99% (1677/1693)   Receiving objects: 100% (1693/1693)   Receiving objects: 100% (1693/1693), 426.50 KiB | 0 bytes/s, done.
Resolving deltas:   0% (0/578)   Resolving deltas:  11% (68/578)   Resolving deltas:  12% (72/578)   Resolving deltas:  13% (78/578)   Resolving deltas:  14% (86/578)   Resolving deltas:  15% (92/578)   Resolving deltas:  19% (114/578)   Resolving deltas:  23% (135/578)   Resolving deltas:  24% (140/578)   Resolving deltas:  26% (155/578)   Resolving deltas:  27% (161/578)   Resolving deltas:  28% (162/578)   Resolving deltas:  29% (169/578)   Resolving deltas:  30% (174/578)   Resolving deltas:  31% (180/578)   Resolving deltas:  33% (194/578)   Resolving deltas:  35% (203/578)   Resolving deltas:  37% (218/578)   Resolving deltas:  38% (224/578)   Resolving deltas:  39% (229/578)   Resolving deltas:  40% (232/578)   Resolving deltas:  41% (241/578)   Resolving deltas:  42% (248/578)   Resolving deltas:  44% (260/578)   Resolving deltas:  45% (263/578)   Resolving deltas:  46% (267/578)   Resolving deltas:  47% (272/578)   Resolving deltas:  51% (299/578)   Resolving deltas:  53% (307/578)   Resolving deltas:  55% (320/578)   Resolving deltas:  57% (330/578)   Resolving deltas:  58% (337/578)   Resolving deltas:  62% (359/578)   Resolving deltas:  63% (366/578)   Resolving deltas:  64% (374/578)   Resolving deltas:  65% (381/578)   Resolving deltas:  66% (383/578)   Resolving deltas:  67% (393/578)   Resolving deltas:  69% (399/578)   Resolving deltas:  70% (407/578)   Resolving deltas:  71% (414/578)   Resolving deltas:  73% (423/578)   Resolving deltas:  74% (433/578)   Resolving deltas:  75% (436/578)   Resolving deltas:  76% (440/578)   Resolving deltas:  77% (450/578)   Resolving deltas:  78% (456/578)   Resolving deltas:  79% (457/578)   Resolving deltas:  80% (463/578)   Resolving deltas:  81% (469/578)   Resolving deltas:  82% (475/578)   Resolving deltas:  83% (482/578)   Resolving deltas:  84% (486/578)   Resolving deltas:  85% (492/578)   Resolving deltas:  87% (507/578)   Resolving deltas:  88% (509/578)   Resolving deltas:  89% (515/578)   Resolving deltas:  90% (523/578)   Resolving deltas:  91% (526/578)   Resolving deltas:  92% (532/578)   Resolving deltas:  93% (538/578)   Resolving deltas:  95% (553/578)   Resolving deltas:  96% (559/578)   Resolving deltas:  97% (561/578)   Resolving deltas:  98% (567/578)   Resolving deltas:  99% (573/578)   Resolving deltas: 100% (578/578)   Resolving deltas: 100% (578/578), done.
Checking connectivity... done.
travis_time:end:02b101aa:start=1434865078312682589,finish=1434865078545952009,duration=233269420[0K$ cd square/retrofit
$ git checkout -qf c5ba6d498ac0864c9283d7c2c0a7f2a6dc3b700e
travis_fold:end:git.checkout[0K
[33;1mThis job is running on container-based infrastructure, which does not allow use of 'sudo', setuid and setguid executables.[0m
[33;1mIf you require sudo, add 'sudo: required' to your .travis.yml[0m
[33;1mSee http://docs.travis-ci.com/user/workers/container-based-infrastructure/ for details.[0m

[33;1mSetting environment variables from .travis.yml[0m
$ export CI_DEPLOY_USERNAME=[secure]
$ export CI_DEPLOY_PASSWORD=[secure]

travis_fold:start:cache.1[0KSetting up build cache
$ export CASHER_DIR=$HOME/.casher
travis_time:start:186b6fbc[0K$ Installing caching utilities
travis_time:end:186b6fbc:start=1434865079966847450,finish=1434865080058419578,duration=91572128[0Ktravis_time:start:2a5acb95[0Kattempting to download cache archive
fetching jwrearchitect-parsing/cache--jdk-oraclejdk7.tbz
fetching master/cache--jdk-oraclejdk7.tbz
found cache
travis_time:end:2a5acb95:start=1434865080062840059,finish=1434865081124497335,duration=1061657276[0Ktravis_time:start:0211cfc8[0Kadding /home/travis/.m2 to cache
travis_time:end:0211cfc8:start=1434865081128127179,finish=1434865085053647654,duration=3925520475[0Ktravis_fold:end:cache.1[0K$ jdk_switcher use oraclejdk7
Switching to Oracle JDK7 (java-7-oracle), JAVA_HOME will be set to /usr/lib/jvm/java-7-oracle
$ java -Xmx32m -version
java version "1.7.0_76"
Java(TM) SE Runtime Environment (build 1.7.0_76-b13)
Java HotSpot(TM) 64-Bit Server VM (build 24.76-b04, mixed mode)
$ javac -J-Xmx32m -version
javac 1.7.0_76
travis_fold:start:install[0Ktravis_time:start:1244c2a0[0K$ mvn install -DskipTests=true -Dmaven.javadoc.skip=true -B -V
Apache Maven 3.2.5 (12a6b3acb947671f09b81f49094c53f426d8cea1; 2014-12-14T17:29:23+00:00)
Maven home: /usr/local/maven
Java version: 1.7.0_76, vendor: Oracle Corporation
Java home: /usr/lib/jvm/java-7-oracle/jre
Default locale: en_US, platform encoding: UTF-8
OS name: "linux", version: "3.13.0-40-generic", arch: "amd64", family: "unix"
[INFO] Scanning for projects...
[WARNING] 
[WARNING] Some problems were encountered while building the effective model for com.squareup.retrofit:samples:jar:2.0.0-SNAPSHOT
[WARNING] 'build.plugins.plugin.version' for org.apache.maven.plugins:maven-deploy-plugin is missing. @ com.squareup.retrofit:samples:[unknown-version], /home/travis/build/square/retrofit/samples/pom.xml, line 36, column 15
[WARNING] 
[WARNING] It is highly recommended to fix these problems because they threaten the stability of your build.
[WARNING] 
[WARNING] For this reason, future Maven versions might no longer support building such malformed projects.
[WARNING] 
[INFO] ------------------------------------------------------------------------
[INFO] Reactor Build Order:
[INFO] 
[INFO] Retrofit (Parent)
[INFO] Retrofit
[INFO] Adapters
[INFO] Adapter: RxJava
[INFO] Converters
[INFO] Converter: Gson
[INFO] Converter: Protocol Buffers
[INFO] Converter: Jackson
[INFO] Converter: Wire Protocol Buffers
[INFO] Converter: SimpleXML
[INFO] Converter: Moshi
[INFO] Samples
[INFO]                                                                         
[INFO] ------------------------------------------------------------------------
[INFO] Building Retrofit (Parent) 2.0.0-SNAPSHOT
[INFO] ------------------------------------------------------------------------
[INFO] 
[INFO] --- maven-enforcer-plugin:1.0:enforce (enforce-maven) @ parent ---
[INFO] 
[INFO] --- maven-checkstyle-plugin:2.15:checkstyle (default) @ parent ---
[INFO] 
[INFO] --- maven-install-plugin:2.4:install (default-install) @ parent ---
[INFO] Installing /home/travis/build/square/retrofit/pom.xml to /home/travis/.m2/repository/com/squareup/retrofit/parent/2.0.0-SNAPSHOT/parent-2.0.0-SNAPSHOT.pom
[INFO]                                                                         
[INFO] ------------------------------------------------------------------------
[INFO] Building Retrofit 2.0.0-SNAPSHOT
[INFO] ------------------------------------------------------------------------
[INFO] 
[INFO] --- maven-enforcer-plugin:1.0:enforce (enforce-maven) @ retrofit ---
[INFO] 
[INFO] --- maven-resources-plugin:2.6:resources (default-resources) @ retrofit ---
[INFO] Using 'UTF-8' encoding to copy filtered resources.
[INFO] skip non existing resourceDirectory /home/travis/build/square/retrofit/retrofit/src/main/resources
[INFO] 
[INFO] --- maven-compiler-plugin:3.0:compile (default-compile) @ retrofit ---
[INFO] Changes detected - recompiling the module!
[INFO] Compiling 42 source files to /home/travis/build/square/retrofit/retrofit/target/classes
[WARNING] /home/travis/build/square/retrofit/retrofit/src/main/java/retrofit/RequestBuilderAction.java: /home/travis/build/square/retrofit/retrofit/src/main/java/retrofit/RequestBuilderAction.java uses unchecked or unsafe operations.
[WARNING] /home/travis/build/square/retrofit/retrofit/src/main/java/retrofit/RequestBuilderAction.java: Recompile with -Xlint:unchecked for details.
[INFO] 
[INFO] --- maven-resources-plugin:2.6:testResources (default-testResources) @ retrofit ---
[INFO] Using 'UTF-8' encoding to copy filtered resources.
[INFO] skip non existing resourceDirectory /home/travis/build/square/retrofit/retrofit/src/test/resources
[INFO] 
[INFO] --- maven-compiler-plugin:3.0:testCompile (default-testCompile) @ retrofit ---
[INFO] Changes detected - recompiling the module!
[INFO] Compiling 7 source files to /home/travis/build/square/retrofit/retrofit/target/test-classes
[INFO] 
[INFO] --- maven-surefire-plugin:2.12.4:test (default-test) @ retrofit ---
[INFO] Tests are skipped.
[INFO] 
[INFO] --- maven-jar-plugin:2.4:jar (default-jar) @ retrofit ---
[INFO] Building jar: /home/travis/build/square/retrofit/retrofit/target/retrofit-2.0.0-SNAPSHOT.jar
[INFO] 
[INFO] --- maven-checkstyle-plugin:2.15:checkstyle (default) @ retrofit ---
[INFO] Starting audit...
/home/travis/build/square/retrofit/retrofit/src/main/java/retrofit/RequestFactoryParser.java:58: Line is longer than 100 characters (found 101).
Audit done.
[INFO] ------------------------------------------------------------------------
[INFO] Reactor Summary:
[INFO] 
[INFO] Retrofit (Parent) .................................. SUCCESS [  1.707 s]
[INFO] Retrofit ........................................... FAILURE [  3.997 s]
[INFO] Adapters ........................................... SKIPPED
[INFO] Adapter: RxJava .................................... SKIPPED
[INFO] Converters ......................................... SKIPPED
[INFO] Converter: Gson .................................... SKIPPED
[INFO] Converter: Protocol Buffers ........................ SKIPPED
[INFO] Converter: Jackson ................................. SKIPPED
[INFO] Converter: Wire Protocol Buffers ................... SKIPPED
[INFO] Converter: SimpleXML ............................... SKIPPED
[INFO] Converter: Moshi ................................... SKIPPED
[INFO] Samples ............................................ SKIPPED
[INFO] ------------------------------------------------------------------------
[INFO] BUILD FAILURE
[INFO] ------------------------------------------------------------------------
[INFO] Total time: 6.018 s
[INFO] Finished at: 2015-06-21T05:38:12+00:00
[INFO] Final Memory: 27M/465M
[INFO] ------------------------------------------------------------------------
[ERROR] Failed to execute goal org.apache.maven.plugins:maven-checkstyle-plugin:2.15:checkstyle (default) on project retrofit: An error has occurred in Checkstyle report generation. Failed during checkstyle execution: There is 1 error reported by Checkstyle 6.1.1 with checkstyle.xml ruleset. -> [Help 1]
[ERROR] 
[ERROR] To see the full stack trace of the errors, re-run Maven with the -e switch.
[ERROR] Re-run Maven using the -X switch to enable full debug logging.
[ERROR] 
[ERROR] For more information about the errors and possible solutions, please read the following articles:
[ERROR] [Help 1] http://cwiki.apache.org/confluence/display/MAVEN/MojoExecutionException
[ERROR] 
[ERROR] After correcting the problems, you can resume the build with the command
[ERROR]   mvn <goals> -rf :retrofit

[31;1mThe command "eval mvn install -DskipTests=true -Dmaven.javadoc.skip=true -B -V" failed. Retrying, 2 of 3.[0m

Apache Maven 3.2.5 (12a6b3acb947671f09b81f49094c53f426d8cea1; 2014-12-14T17:29:23+00:00)
Maven home: /usr/local/maven
Java version: 1.7.0_76, vendor: Oracle Corporation
Java home: /usr/lib/jvm/java-7-oracle/jre
Default locale: en_US, platform encoding: UTF-8
OS name: "linux", version: "3.13.0-40-generic", arch: "amd64", family: "unix"
[INFO] Scanning for projects...
[WARNING] 
[WARNING] Some problems were encountered while building the effective model for com.squareup.retrofit:samples:jar:2.0.0-SNAPSHOT
[WARNING] 'build.plugins.plugin.version' for org.apache.maven.plugins:maven-deploy-plugin is missing. @ com.squareup.retrofit:samples:[unknown-version], /home/travis/build/square/retrofit/samples/pom.xml, line 36, column 15
[WARNING] 
[WARNING] It is highly recommended to fix these problems because they threaten the stability of your build.
[WARNING] 
[WARNING] For this reason, future Maven versions might no longer support building such malformed projects.
[WARNING] 
[INFO] ------------------------------------------------------------------------
[INFO] Reactor Build Order:
[INFO] 
[INFO] Retrofit (Parent)
[INFO] Retrofit
[INFO] Adapters
[INFO] Adapter: RxJava
[INFO] Converters
[INFO] Converter: Gson
[INFO] Converter: Protocol Buffers
[INFO] Converter: Jackson
[INFO] Converter: Wire Protocol Buffers
[INFO] Converter: SimpleXML
[INFO] Converter: Moshi
[INFO] Samples
[INFO]                                                                         
[INFO] ------------------------------------------------------------------------
[INFO] Building Retrofit (Parent) 2.0.0-SNAPSHOT
[INFO] ------------------------------------------------------------------------
[INFO] 
[INFO] --- maven-enforcer-plugin:1.0:enforce (enforce-maven) @ parent ---
[INFO] 
[INFO] --- maven-checkstyle-plugin:2.15:checkstyle (default) @ parent ---
[INFO] 
[INFO] --- maven-install-plugin:2.4:install (default-install) @ parent ---
[INFO] Installing /home/travis/build/square/retrofit/pom.xml to /home/travis/.m2/repository/com/squareup/retrofit/parent/2.0.0-SNAPSHOT/parent-2.0.0-SNAPSHOT.pom
[INFO]                                                                         
[INFO] ------------------------------------------------------------------------
[INFO] Building Retrofit 2.0.0-SNAPSHOT
[INFO] ------------------------------------------------------------------------
[INFO] 
[INFO] --- maven-enforcer-plugin:1.0:enforce (enforce-maven) @ retrofit ---
[INFO] 
[INFO] --- maven-resources-plugin:2.6:resources (default-resources) @ retrofit ---
[INFO] Using 'UTF-8' encoding to copy filtered resources.
[INFO] skip non existing resourceDirectory /home/travis/build/square/retrofit/retrofit/src/main/resources
[INFO] 
[INFO] --- maven-compiler-plugin:3.0:compile (default-compile) @ retrofit ---
[INFO] Changes detected - recompiling the module!
[INFO] Compiling 42 source files to /home/travis/build/square/retrofit/retrofit/target/classes
[WARNING] /home/travis/build/square/retrofit/retrofit/src/main/java/retrofit/RequestBuilderAction.java: /home/travis/build/square/retrofit/retrofit/src/main/java/retrofit/RequestBuilderAction.java uses unchecked or unsafe operations.
[WARNING] /home/travis/build/square/retrofit/retrofit/src/main/java/retrofit/RequestBuilderAction.java: Recompile with -Xlint:unchecked for details.
[INFO] 
[INFO] --- maven-resources-plugin:2.6:testResources (default-testResources) @ retrofit ---
[INFO] Using 'UTF-8' encoding to copy filtered resources.
[INFO] skip non existing resourceDirectory /home/travis/build/square/retrofit/retrofit/src/test/resources
[INFO] 
[INFO] --- maven-compiler-plugin:3.0:testCompile (default-testCompile) @ retrofit ---
[INFO] Changes detected - recompiling the module!
[INFO] Compiling 7 source files to /home/travis/build/square/retrofit/retrofit/target/test-classes
[INFO] 
[INFO] --- maven-surefire-plugin:2.12.4:test (default-test) @ retrofit ---
[INFO] Tests are skipped.
[INFO] 
[INFO] --- maven-jar-plugin:2.4:jar (default-jar) @ retrofit ---
[INFO] Building jar: /home/travis/build/square/retrofit/retrofit/target/retrofit-2.0.0-SNAPSHOT.jar
[INFO] 
[INFO] --- maven-checkstyle-plugin:2.15:checkstyle (default) @ retrofit ---
[INFO] Starting audit...
/home/travis/build/square/retrofit/retrofit/src/main/java/retrofit/RequestFactoryParser.java:58: Line is longer than 100 characters (found 101).
Audit done.
[INFO] ------------------------------------------------------------------------
[INFO] Reactor Summary:
[INFO] 
[INFO] Retrofit (Parent) .................................. SUCCESS [  1.521 s]
[INFO] Retrofit ........................................... FAILURE [  4.188 s]
[INFO] Adapters ........................................... SKIPPED
[INFO] Adapter: RxJava .................................... SKIPPED
[INFO] Converters ......................................... SKIPPED
[INFO] Converter: Gson .................................... SKIPPED
[INFO] Converter: Protocol Buffers ........................ SKIPPED
[INFO] Converter: Jackson ................................. SKIPPED
[INFO] Converter: Wire Protocol Buffers ................... SKIPPED
[INFO] Converter: SimpleXML ............................... SKIPPED
[INFO] Converter: Moshi ................................... SKIPPED
[INFO] Samples ............................................ SKIPPED
[INFO] ------------------------------------------------------------------------
[INFO] BUILD FAILURE
[INFO] ------------------------------------------------------------------------
[INFO] Total time: 6.015 s
[INFO] Finished at: 2015-06-21T05:38:21+00:00
[INFO] Final Memory: 26M/465M
[INFO] ------------------------------------------------------------------------
[ERROR] Failed to execute goal org.apache.maven.plugins:maven-checkstyle-plugin:2.15:checkstyle (default) on project retrofit: An error has occurred in Checkstyle report generation. Failed during checkstyle execution: There is 1 error reported by Checkstyle 6.1.1 with checkstyle.xml ruleset. -> [Help 1]
[ERROR] 
[ERROR] To see the full stack trace of the errors, re-run Maven with the -e switch.
[ERROR] Re-run Maven using the -X switch to enable full debug logging.
[ERROR] 
[ERROR] For more information about the errors and possible solutions, please read the following articles:
[ERROR] [Help 1] http://cwiki.apache.org/confluence/display/MAVEN/MojoExecutionException
[ERROR] 
[ERROR] After correcting the problems, you can resume the build with the command
[ERROR]   mvn <goals> -rf :retrofit

[31;1mThe command "eval mvn install -DskipTests=true -Dmaven.javadoc.skip=true -B -V" failed. Retrying, 3 of 3.[0m

Apache Maven 3.2.5 (12a6b3acb947671f09b81f49094c53f426d8cea1; 2014-12-14T17:29:23+00:00)
Maven home: /usr/local/maven
Java version: 1.7.0_76, vendor: Oracle Corporation
Java home: /usr/lib/jvm/java-7-oracle/jre
Default locale: en_US, platform encoding: UTF-8
OS name: "linux", version: "3.13.0-40-generic", arch: "amd64", family: "unix"
[INFO] Scanning for projects...
[WARNING] 
[WARNING] Some problems were encountered while building the effective model for com.squareup.retrofit:samples:jar:2.0.0-SNAPSHOT
[WARNING] 'build.plugins.plugin.version' for org.apache.maven.plugins:maven-deploy-plugin is missing. @ com.squareup.retrofit:samples:[unknown-version], /home/travis/build/square/retrofit/samples/pom.xml, line 36, column 15
[WARNING] 
[WARNING] It is highly recommended to fix these problems because they threaten the stability of your build.
[WARNING] 
[WARNING] For this reason, future Maven versions might no longer support building such malformed projects.
[WARNING] 
[INFO] ------------------------------------------------------------------------
[INFO] Reactor Build Order:
[INFO] 
[INFO] Retrofit (Parent)
[INFO] Retrofit
[INFO] Adapters
[INFO] Adapter: RxJava
[INFO] Converters
[INFO] Converter: Gson
[INFO] Converter: Protocol Buffers
[INFO] Converter: Jackson
[INFO] Converter: Wire Protocol Buffers
[INFO] Converter: SimpleXML
[INFO] Converter: Moshi
[INFO] Samples
[INFO]                                                                         
[INFO] ------------------------------------------------------------------------
[INFO] Building Retrofit (Parent) 2.0.0-SNAPSHOT
[INFO] ------------------------------------------------------------------------
[INFO] 
[INFO] --- maven-enforcer-plugin:1.0:enforce (enforce-maven) @ parent ---
[INFO] 
[INFO] --- maven-checkstyle-plugin:2.15:checkstyle (default) @ parent ---
[INFO] 
[INFO] --- maven-install-plugin:2.4:install (default-install) @ parent ---
[INFO] Installing /home/travis/build/square/retrofit/pom.xml to /home/travis/.m2/repository/com/squareup/retrofit/parent/2.0.0-SNAPSHOT/parent-2.0.0-SNAPSHOT.pom
[INFO]                                                                         
[INFO] ------------------------------------------------------------------------
[INFO] Building Retrofit 2.0.0-SNAPSHOT
[INFO] ------------------------------------------------------------------------
[INFO] 
[INFO] --- maven-enforcer-plugin:1.0:enforce (enforce-maven) @ retrofit ---
[INFO] 
[INFO] --- maven-resources-plugin:2.6:resources (default-resources) @ retrofit ---
[INFO] Using 'UTF-8' encoding to copy filtered resources.
[INFO] skip non existing resourceDirectory /home/travis/build/square/retrofit/retrofit/src/main/resources
[INFO] 
[INFO] --- maven-compiler-plugin:3.0:compile (default-compile) @ retrofit ---
[INFO] Changes detected - recompiling the module!
[INFO] Compiling 42 source files to /home/travis/build/square/retrofit/retrofit/target/classes
[WARNING] /home/travis/build/square/retrofit/retrofit/src/main/java/retrofit/RequestBuilderAction.java: /home/travis/build/square/retrofit/retrofit/src/main/java/retrofit/RequestBuilderAction.java uses unchecked or unsafe operations.
[WARNING] /home/travis/build/square/retrofit/retrofit/src/main/java/retrofit/RequestBuilderAction.java: Recompile with -Xlint:unchecked for details.
[INFO] 
[INFO] --- maven-resources-plugin:2.6:testResources (default-testResources) @ retrofit ---
[INFO] Using 'UTF-8' encoding to copy filtered resources.
[INFO] skip non existing resourceDirectory /home/travis/build/square/retrofit/retrofit/src/test/resources
[INFO] 
[INFO] --- maven-compiler-plugin:3.0:testCompile (default-testCompile) @ retrofit ---
[INFO] Changes detected - recompiling the module!
[INFO] Compiling 7 source files to /home/travis/build/square/retrofit/retrofit/target/test-classes
[INFO] 
[INFO] --- maven-surefire-plugin:2.12.4:test (default-test) @ retrofit ---
[INFO] Tests are skipped.
[INFO] 
[INFO] --- maven-jar-plugin:2.4:jar (default-jar) @ retrofit ---
[INFO] Building jar: /home/travis/build/square/retrofit/retrofit/target/retrofit-2.0.0-SNAPSHOT.jar
[INFO] 
[INFO] --- maven-checkstyle-plugin:2.15:checkstyle (default) @ retrofit ---
[INFO] Starting audit...
/home/travis/build/square/retrofit/retrofit/src/main/java/retrofit/RequestFactoryParser.java:58: Line is longer than 100 characters (found 101).
Audit done.
[INFO] ------------------------------------------------------------------------
[INFO] Reactor Summary:
[INFO] 
[INFO] Retrofit (Parent) .................................. SUCCESS [  1.616 s]
[INFO] Retrofit ........................................... FAILURE [  5.348 s]
[INFO] Adapters ........................................... SKIPPED
[INFO] Adapter: RxJava .................................... SKIPPED
[INFO] Converters ......................................... SKIPPED
[INFO] Converter: Gson .................................... SKIPPED
[INFO] Converter: Protocol Buffers ........................ SKIPPED
[INFO] Converter: Jackson ................................. SKIPPED
[INFO] Converter: Wire Protocol Buffers ................... SKIPPED
[INFO] Converter: SimpleXML ............................... SKIPPED
[INFO] Converter: Moshi ................................... SKIPPED
[INFO] Samples ............................................ SKIPPED
[INFO] ------------------------------------------------------------------------
[INFO] BUILD FAILURE
[INFO] ------------------------------------------------------------------------
[INFO] Total time: 7.272 s
[INFO] Finished at: 2015-06-21T05:38:31+00:00
[INFO] Final Memory: 26M/465M
[INFO] ------------------------------------------------------------------------
[ERROR] Failed to execute goal org.apache.maven.plugins:maven-checkstyle-plugin:2.15:checkstyle (default) on project retrofit: An error has occurred in Checkstyle report generation. Failed during checkstyle execution: There is 1 error reported by Checkstyle 6.1.1 with checkstyle.xml ruleset. -> [Help 1]
[ERROR] 
[ERROR] To see the full stack trace of the errors, re-run Maven with the -e switch.
[ERROR] Re-run Maven using the -X switch to enable full debug logging.
[ERROR] 
[ERROR] For more information about the errors and possible solutions, please read the following articles:
[ERROR] [Help 1] http://cwiki.apache.org/confluence/display/MAVEN/MojoExecutionException
[ERROR] 
[ERROR] After correcting the problems, you can resume the build with the command
[ERROR]   mvn <goals> -rf :retrofit

[31;1mThe command "eval mvn install -DskipTests=true -Dmaven.javadoc.skip=true -B -V" failed 3 times.[0m

travis_time:end:1244c2a0:start=1434865085349995771,finish=1434865112967359531,duration=27617363760[0K
[31;1mThe command "mvn install -DskipTests=true -Dmaven.javadoc.skip=true -B -V" failed and exited with 1 during .[0m

Your build has been stopped.
