Using worker: worker-linux-docker-a3218d4a.prod.travis-ci.org:travis-linux-1

travis_fold:start:system_info[0K[33;1mBuild system information[0m
Build language: java
[34m[1mBuild image provisioning date and time[0m
Thu Feb  5 15:09:33 UTC 2015
[34m[1mOperating System Details[0m
Distributor ID:	Ubuntu
Description:	Ubuntu 12.04.5 LTS
Release:	12.04
Codename:	precise
[34m[1mLinux Version[0m
3.13.0-29-generic
[34m[1mCookbooks Version[0m
a68419e https://github.com/travis-ci/travis-cookbooks/tree/a68419e
[34m[1mGCC version[0m
gcc (Ubuntu/Linaro 4.6.3-1ubuntu5) 4.6.3
Copyright (C) 2011 Free Software Foundation, Inc.
This is free software; see the source for copying conditions.  There is NO
warranty; not even for MERCHANTABILITY or FITNESS FOR A PARTICULAR PURPOSE.

[34m[1mLLVM version[0m
clang version 3.4 (tags/RELEASE_34/final)
Target: x86_64-unknown-linux-gnu
Thread model: posix
[34m[1mPre-installed Ruby versions[0m
ruby-1.9.3-p551
[34m[1mPre-installed Node.js versions[0m
v0.10.36
[34m[1mPre-installed Go versions[0m
1.4.1
[34m[1mRedis version[0m
redis-server 2.8.19
[34m[1mriak version[0m
2.0.2
[34m[1mMongoDB version[0m
MongoDB 2.4.12
[34m[1mCouchDB version[0m
couchdb 1.6.1
[34m[1mNeo4j version[0m
1.9.4
[34m[1mRabbitMQ Version[0m
3.4.3
[34m[1mElasticSearch version[0m
1.4.0
[34m[1mInstalled Sphinx versions[0m
2.0.10
2.1.9
2.2.6
[34m[1mDefault Sphinx version[0m
2.2.6
[34m[1mInstalled Firefox version[0m
firefox 31.0esr
[34m[1mPhantomJS version[0m
1.9.8
[34m[1mant -version[0m
Apache Ant(TM) version 1.8.2 compiled on December 3 2011
[34m[1mmvn -version[0m
Apache Maven 3.2.5 (12a6b3acb947671f09b81f49094c53f426d8cea1; 2014-12-14T17:29:23+00:00)
Maven home: /usr/local/maven
Java version: 1.7.0_76, vendor: Oracle Corporation
Java home: /usr/lib/jvm/java-7-oracle/jre
Default locale: en_US, platform encoding: ANSI_X3.4-1968
OS name: "linux", version: "3.13.0-29-generic", arch: "amd64", family: "unix"
travis_fold:end:system_info[0K
travis_fold:start:git.checkout[0Ktravis_time:start:10cd39f0[0K$ git clone --depth=50 git://github.com/square/retrofit.git square/retrofit
Cloning into 'square/retrofit'...
remote: Counting objects: 1630, done.[K
remote: Compressing objects:   0% (1/764)   [Kremote: Compressing objects:   1% (8/764)   [Kremote: Compressing objects:   2% (16/764)   [Kremote: Compressing objects:   3% (23/764)   [Kremote: Compressing objects:   4% (31/764)   [Kremote: Compressing objects:   5% (39/764)   [Kremote: Compressing objects:   6% (46/764)   [Kremote: Compressing objects:   7% (54/764)   [Kremote: Compressing objects:   8% (62/764)   [Kremote: Compressing objects:   9% (69/764)   [Kremote: Compressing objects:  10% (77/764)   [Kremote: Compressing objects:  11% (85/764)   [Kremote: Compressing objects:  12% (92/764)   [Kremote: Compressing objects:  13% (100/764)   [Kremote: Compressing objects:  14% (107/764)   [Kremote: Compressing objects:  15% (115/764)   [Kremote: Compressing objects:  16% (123/764)   [Kremote: Compressing objects:  17% (130/764)   [Kremote: Compressing objects:  18% (138/764)   [Kremote: Compressing objects:  19% (146/764)   [Kremote: Compressing objects:  20% (153/764)   [Kremote: Compressing objects:  21% (161/764)   [Kremote: Compressing objects:  22% (169/764)   [Kremote: Compressing objects:  23% (176/764)   [Kremote: Compressing objects:  24% (184/764)   [Kremote: Compressing objects:  25% (191/764)   [Kremote: Compressing objects:  26% (199/764)   [Kremote: Compressing objects:  27% (207/764)   [Kremote: Compressing objects:  28% (214/764)   [Kremote: Compressing objects:  29% (222/764)   [Kremote: Compressing objects:  30% (230/764)   [Kremote: Compressing objects:  31% (237/764)   [Kremote: Compressing objects:  32% (245/764)   [Kremote: Compressing objects:  33% (253/764)   [Kremote: Compressing objects:  34% (260/764)   [Kremote: Compressing objects:  35% (268/764)   [Kremote: Compressing objects:  36% (276/764)   [Kremote: Compressing objects:  37% (283/764)   [Kremote: Compressing objects:  38% (291/764)   [Kremote: Compressing objects:  39% (298/764)   [Kremote: Compressing objects:  40% (306/764)   [Kremote: Compressing objects:  41% (314/764)   [Kremote: Compressing objects:  42% (321/764)   [Kremote: Compressing objects:  43% (329/764)   [Kremote: Compressing objects:  44% (337/764)   [Kremote: Compressing objects:  45% (344/764)   [Kremote: Compressing objects:  46% (352/764)   [Kremote: Compressing objects:  47% (360/764)   [Kremote: Compressing objects:  48% (367/764)   [Kremote: Compressing objects:  49% (375/764)   [Kremote: Compressing objects:  50% (382/764)   [Kremote: Compressing objects:  51% (390/764)   [Kremote: Compressing objects:  52% (398/764)   [Kremote: Compressing objects:  53% (405/764)   [Kremote: Compressing objects:  54% (413/764)   [Kremote: Compressing objects:  55% (421/764)   [Kremote: Compressing objects:  56% (428/764)   [Kremote: Compressing objects:  57% (436/764)   [Kremote: Compressing objects:  58% (444/764)   [Kremote: Compressing objects:  59% (451/764)   [Kremote: Compressing objects:  60% (459/764)   [Kremote: Compressing objects:  61% (467/764)   [Kremote: Compressing objects:  62% (474/764)   [Kremote: Compressing objects:  63% (482/764)   [Kremote: Compressing objects:  64% (489/764)   [Kremote: Compressing objects:  65% (497/764)   [Kremote: Compressing objects:  66% (505/764)   [Kremote: Compressing objects:  67% (512/764)   [Kremote: Compressing objects:  68% (520/764)   [Kremote: Compressing objects:  69% (528/764)   [Kremote: Compressing objects:  70% (535/764)   [Kremote: Compressing objects:  71% (543/764)   [Kremote: Compressing objects:  72% (551/764)   [Kremote: Compressing objects:  73% (558/764)   [Kremote: Compressing objects:  74% (566/764)   [Kremote: Compressing objects:  75% (573/764)   [Kremote: Compressing objects:  76% (581/764)   [Kremote: Compressing objects:  77% (589/764)   [Kremote: Compressing objects:  78% (596/764)   [Kremote: Compressing objects:  79% (604/764)   [Kremote: Compressing objects:  80% (612/764)   [Kremote: Compressing objects:  81% (619/764)   [Kremote: Compressing objects:  82% (627/764)   [Kremote: Compressing objects:  83% (635/764)   [Kremote: Compressing objects:  84% (642/764)   [Kremote: Compressing objects:  85% (650/764)   [Kremote: Compressing objects:  86% (658/764)   [Kremote: Compressing objects:  87% (665/764)   [Kremote: Compressing objects:  88% (673/764)   [Kremote: Compressing objects:  89% (680/764)   [Kremote: Compressing objects:  90% (688/764)   [Kremote: Compressing objects:  91% (696/764)   [Kremote: Compressing objects:  92% (703/764)   [Kremote: Compressing objects:  93% (711/764)   [Kremote: Compressing objects:  94% (719/764)   [Kremote: Compressing objects:  95% (726/764)   [Kremote: Compressing objects:  96% (734/764)   [Kremote: Compressing objects:  97% (742/764)   [Kremote: Compressing objects:  98% (749/764)   [Kremote: Compressing objects:  99% (757/764)   [Kremote: Compressing objects: 100% (764/764)   [Kremote: Compressing objects: 100% (764/764), done.[K
Receiving objects:   0% (1/1630)   Receiving objects:   1% (17/1630)   Receiving objects:   2% (33/1630)   Receiving objects:   3% (49/1630)   Receiving objects:   4% (66/1630)   Receiving objects:   5% (82/1630)   Receiving objects:   6% (98/1630)   Receiving objects:   7% (115/1630)   Receiving objects:   8% (131/1630)   Receiving objects:   9% (147/1630)   Receiving objects:  10% (163/1630)   Receiving objects:  11% (180/1630)   Receiving objects:  12% (196/1630)   Receiving objects:  13% (212/1630)   Receiving objects:  14% (229/1630)   Receiving objects:  15% (245/1630)   Receiving objects:  16% (261/1630)   Receiving objects:  17% (278/1630)   Receiving objects:  18% (294/1630)   Receiving objects:  19% (310/1630)   Receiving objects:  20% (326/1630)   Receiving objects:  21% (343/1630)   Receiving objects:  22% (359/1630)   Receiving objects:  23% (375/1630)   Receiving objects:  24% (392/1630)   Receiving objects:  25% (408/1630)   Receiving objects:  26% (424/1630)   Receiving objects:  27% (441/1630)   Receiving objects:  28% (457/1630)   Receiving objects:  29% (473/1630)   Receiving objects:  30% (489/1630)   Receiving objects:  31% (506/1630)   Receiving objects:  32% (522/1630)   Receiving objects:  33% (538/1630)   Receiving objects:  34% (555/1630)   Receiving objects:  35% (571/1630)   Receiving objects:  36% (587/1630)   Receiving objects:  37% (604/1630)   Receiving objects:  38% (620/1630)   Receiving objects:  39% (636/1630)   Receiving objects:  40% (652/1630)   Receiving objects:  41% (669/1630)   Receiving objects:  42% (685/1630)   Receiving objects:  43% (701/1630)   Receiving objects:  44% (718/1630)   Receiving objects:  45% (734/1630)   Receiving objects:  46% (750/1630)   Receiving objects:  47% (767/1630)   Receiving objects:  48% (783/1630)   Receiving objects:  49% (799/1630)   Receiving objects:  50% (815/1630)   Receiving objects:  51% (832/1630)   Receiving objects:  52% (848/1630)   Receiving objects:  53% (864/1630)   Receiving objects:  54% (881/1630)   Receiving objects:  55% (897/1630)   Receiving objects:  56% (913/1630)   Receiving objects:  57% (930/1630)   Receiving objects:  58% (946/1630)   Receiving objects:  59% (962/1630)   Receiving objects:  60% (978/1630)   Receiving objects:  61% (995/1630)   Receiving objects:  62% (1011/1630)   Receiving objects:  63% (1027/1630)   Receiving objects:  64% (1044/1630)   Receiving objects:  65% (1060/1630)   Receiving objects:  66% (1076/1630)   Receiving objects:  67% (1093/1630)   Receiving objects:  68% (1109/1630)   Receiving objects:  69% (1125/1630)   Receiving objects:  70% (1141/1630)   Receiving objects:  71% (1158/1630)   Receiving objects:  72% (1174/1630)   Receiving objects:  73% (1190/1630)   Receiving objects:  74% (1207/1630)   Receiving objects:  75% (1223/1630)   Receiving objects:  76% (1239/1630)   Receiving objects:  77% (1256/1630)   Receiving objects:  78% (1272/1630)   Receiving objects:  79% (1288/1630)   Receiving objects:  80% (1304/1630)   Receiving objects:  81% (1321/1630)   remote: Total 1630 (delta 568), reused 1433 (delta 422), pack-reused 0[K
Receiving objects:  82% (1337/1630)   Receiving objects:  83% (1353/1630)   Receiving objects:  84% (1370/1630)   Receiving objects:  85% (1386/1630)   Receiving objects:  86% (1402/1630)   Receiving objects:  87% (1419/1630)   Receiving objects:  88% (1435/1630)   Receiving objects:  89% (1451/1630)   Receiving objects:  90% (1467/1630)   Receiving objects:  91% (1484/1630)   Receiving objects:  92% (1500/1630)   Receiving objects:  93% (1516/1630)   Receiving objects:  94% (1533/1630)   Receiving objects:  95% (1549/1630)   Receiving objects:  96% (1565/1630)   Receiving objects:  97% (1582/1630)   Receiving objects:  98% (1598/1630)   Receiving objects:  99% (1614/1630)   Receiving objects: 100% (1630/1630)   Receiving objects: 100% (1630/1630), 417.20 KiB | 0 bytes/s, done.
Resolving deltas:   0% (0/568)   Resolving deltas:   2% (17/568)   Resolving deltas:   3% (19/568)   Resolving deltas:   4% (25/568)   Resolving deltas:   6% (36/568)   Resolving deltas:   7% (42/568)   Resolving deltas:  10% (62/568)   Resolving deltas:  11% (63/568)   Resolving deltas:  15% (88/568)   Resolving deltas:  16% (93/568)   Resolving deltas:  20% (116/568)   Resolving deltas:  21% (122/568)   Resolving deltas:  22% (130/568)   Resolving deltas:  23% (133/568)   Resolving deltas:  24% (141/568)   Resolving deltas:  25% (144/568)   Resolving deltas:  26% (148/568)   Resolving deltas:  27% (154/568)   Resolving deltas:  28% (164/568)   Resolving deltas:  30% (172/568)   Resolving deltas:  33% (188/568)   Resolving deltas:  34% (197/568)   Resolving deltas:  35% (201/568)   Resolving deltas:  36% (209/568)   Resolving deltas:  37% (212/568)   Resolving deltas:  38% (221/568)   Resolving deltas:  39% (223/568)   Resolving deltas:  40% (230/568)   Resolving deltas:  41% (237/568)   Resolving deltas:  43% (246/568)   Resolving deltas:  44% (253/568)   Resolving deltas:  45% (256/568)   Resolving deltas:  49% (283/568)   Resolving deltas:  51% (291/568)   Resolving deltas:  53% (304/568)   Resolving deltas:  55% (315/568)   Resolving deltas:  56% (323/568)   Resolving deltas:  60% (345/568)   Resolving deltas:  61% (347/568)   Resolving deltas:  62% (353/568)   Resolving deltas:  63% (363/568)   Resolving deltas:  68% (387/568)   Resolving deltas:  69% (393/568)   Resolving deltas:  70% (400/568)   Resolving deltas:  71% (408/568)   Resolving deltas:  72% (411/568)   Resolving deltas:  73% (415/568)   Resolving deltas:  75% (426/568)   Resolving deltas:  76% (435/568)   Resolving deltas:  77% (439/568)   Resolving deltas:  78% (448/568)   Resolving deltas:  79% (451/568)   Resolving deltas:  80% (458/568)   Resolving deltas:  81% (462/568)   Resolving deltas:  82% (466/568)   Resolving deltas:  83% (473/568)   Resolving deltas:  84% (479/568)   Resolving deltas:  85% (486/568)   Resolving deltas:  86% (490/568)   Resolving deltas:  88% (500/568)   Resolving deltas:  89% (506/568)   Resolving deltas:  90% (512/568)   Resolving deltas:  91% (520/568)   Resolving deltas:  92% (523/568)   Resolving deltas:  93% (529/568)   Resolving deltas:  94% (534/568)   Resolving deltas:  95% (540/568)   Resolving deltas:  96% (546/568)   Resolving deltas:  97% (551/568)   Resolving deltas:  98% (557/568)   Resolving deltas:  99% (563/568)   Resolving deltas: 100% (568/568)   Resolving deltas: 100% (568/568), done.
Checking connectivity... done.
travis_time:end:10cd39f0:start=1436446763426872556,finish=1436446764393080172,duration=966207616[0K$ cd square/retrofit
travis_time:start:0a0255a4[0K$ git fetch origin +refs/pull/950/merge:
remote: Counting objects: 46, done.[K
remote: Compressing objects:   3% (1/27)   [Kremote: Compressing objects:   7% (2/27)   [Kremote: Compressing objects:  11% (3/27)   [Kremote: Compressing objects:  14% (4/27)   [Kremote: Compressing objects:  18% (5/27)   [Kremote: Compressing objects:  22% (6/27)   [Kremote: Compressing objects:  25% (7/27)   [Kremote: Compressing objects:  29% (8/27)   [Kremote: Compressing objects:  33% (9/27)   [Kremote: Compressing objects:  37% (10/27)   [Kremote: Compressing objects:  40% (11/27)   [Kremote: Compressing objects:  44% (12/27)   [Kremote: Compressing objects:  48% (13/27)   [Kremote: Compressing objects:  51% (14/27)   [Kremote: Compressing objects:  55% (15/27)   [Kremote: Compressing objects:  59% (16/27)   [Kremote: Compressing objects:  62% (17/27)   [Kremote: Compressing objects:  66% (18/27)   [Kremote: Compressing objects:  70% (19/27)   [Kremote: Compressing objects:  74% (20/27)   [Kremote: Compressing objects:  77% (21/27)   [Kremote: Compressing objects:  81% (22/27)   [Kremote: Compressing objects:  85% (23/27)   [Kremote: Compressing objects:  88% (24/27)   [Kremote: Compressing objects:  92% (25/27)   [Kremote: Compressing objects:  96% (26/27)   [Kremote: Compressing objects: 100% (27/27)   [Kremote: Compressing objects: 100% (27/27), done.[K
remote: Total 46 (delta 16), reused 26 (delta 5), pack-reused 0[K
Unpacking objects:   2% (1/46)   Unpacking objects:   4% (2/46)   Unpacking objects:   6% (3/46)   Unpacking objects:   8% (4/46)   Unpacking objects:  10% (5/46)   Unpacking objects:  13% (6/46)   Unpacking objects:  15% (7/46)   Unpacking objects:  17% (8/46)   Unpacking objects:  19% (9/46)   Unpacking objects:  21% (10/46)   Unpacking objects:  23% (11/46)   Unpacking objects:  26% (12/46)   Unpacking objects:  28% (13/46)   Unpacking objects:  30% (14/46)   Unpacking objects:  32% (15/46)   Unpacking objects:  34% (16/46)   Unpacking objects:  36% (17/46)   Unpacking objects:  39% (18/46)   Unpacking objects:  41% (19/46)   Unpacking objects:  43% (20/46)   Unpacking objects:  45% (21/46)   Unpacking objects:  47% (22/46)   Unpacking objects:  50% (23/46)   Unpacking objects:  52% (24/46)   Unpacking objects:  54% (25/46)   Unpacking objects:  56% (26/46)   Unpacking objects:  58% (27/46)   Unpacking objects:  60% (28/46)   Unpacking objects:  63% (29/46)   Unpacking objects:  65% (30/46)   Unpacking objects:  67% (31/46)   Unpacking objects:  69% (32/46)   Unpacking objects:  71% (33/46)   Unpacking objects:  73% (34/46)   Unpacking objects:  76% (35/46)   Unpacking objects:  78% (36/46)   Unpacking objects:  80% (37/46)   Unpacking objects:  82% (38/46)   Unpacking objects:  84% (39/46)   Unpacking objects:  86% (40/46)   Unpacking objects:  89% (41/46)   Unpacking objects:  91% (42/46)   Unpacking objects:  93% (43/46)   Unpacking objects:  95% (44/46)   Unpacking objects:  97% (45/46)   Unpacking objects: 100% (46/46)   Unpacking objects: 100% (46/46), done.
From git://github.com/square/retrofit
 * branch            refs/pull/950/merge -> FETCH_HEAD
travis_time:end:0a0255a4:start=1436446764397092619,finish=1436446764499351445,duration=102258826[0K$ git checkout -qf FETCH_HEAD
travis_fold:end:git.checkout[0K
[33;1mThis job is running on container-based infrastructure, which does not allow use of 'sudo', setuid and setguid executables.[0m
[33;1mIf you require sudo, add 'sudo: required' to your .travis.yml[0m
[33;1mSee http://docs.travis-ci.com/user/workers/container-based-infrastructure/ for details.[0m

[33;1mSetting environment variables from .travis.yml[0m
$ export CI_DEPLOY_USERNAME=[secure]
$ export CI_DEPLOY_PASSWORD=[secure]

travis_fold:start:cache.1[0KSetting up build cache
$ export CASHER_DIR=$HOME/.casher
travis_time:start:06f37b14[0K$ Installing caching utilities
travis_time:end:06f37b14:start=1436446769153898171,finish=1436446769268825248,duration=114927077[0Ktravis_time:start:0a5f18bd[0Kattempting to download cache archive
fetching PR.950/cache--jdk-oraclejdk7.tgz
fetching PR.950/cache--jdk-oraclejdk7.tbz
fetching master/cache--jdk-oraclejdk7.tgz
found cache
travis_time:end:0a5f18bd:start=1436446769273591991,finish=1436446770442652359,duration=1169060368[0Ktravis_time:start:00a0b4b0[0Kadding /home/travis/.m2 to cache
travis_time:end:00a0b4b0:start=1436446770446503697,finish=1436446771218317191,duration=771813494[0Ktravis_fold:end:cache.1[0K$ jdk_switcher use oraclejdk7
Switching to Oracle JDK7 (java-7-oracle), JAVA_HOME will be set to /usr/lib/jvm/java-7-oracle
$ java -Xmx32m -version
java version "1.7.0_76"
Java(TM) SE Runtime Environment (build 1.7.0_76-b13)
Java HotSpot(TM) 64-Bit Server VM (build 24.76-b04, mixed mode)
$ javac -J-Xmx32m -version
javac 1.7.0_76
travis_fold:start:install[0Ktravis_time:start:19b97a22[0K$ mvn install -DskipTests=true -Dmaven.javadoc.skip=true -B -V
Apache Maven 3.2.5 (12a6b3acb947671f09b81f49094c53f426d8cea1; 2014-12-14T17:29:23+00:00)
Maven home: /usr/local/maven
Java version: 1.7.0_76, vendor: Oracle Corporation
Java home: /usr/lib/jvm/java-7-oracle/jre
Default locale: en_US, platform encoding: UTF-8
OS name: "linux", version: "3.13.0-40-generic", arch: "amd64", family: "unix"
[INFO] Scanning for projects...
[WARNING] 
[WARNING] Some problems were encountered while building the effective model for com.squareup.retrofit:samples:jar:2.0.0-SNAPSHOT
[WARNING] 'build.plugins.plugin.version' for org.apache.maven.plugins:maven-deploy-plugin is missing. @ com.squareup.retrofit:samples:[unknown-version], /home/travis/build/square/retrofit/samples/pom.xml, line 36, column 15
[WARNING] 
[WARNING] It is highly recommended to fix these problems because they threaten the stability of your build.
[WARNING] 
[WARNING] For this reason, future Maven versions might no longer support building such malformed projects.
[WARNING] 
[INFO] ------------------------------------------------------------------------
[INFO] Reactor Build Order:
[INFO] 
[INFO] Retrofit (Parent)
[INFO] Retrofit
[INFO] Adapters
[INFO] Adapter: RxJava
[INFO] Converters
[INFO] Converter: Gson
[INFO] Converter: Protocol Buffers
[INFO] Converter: Jackson
[INFO] Converter: Wire Protocol Buffers
[INFO] Converter: SimpleXML
[INFO] Converter: Moshi
[INFO] Samples
[INFO]                                                                         
[INFO] ------------------------------------------------------------------------
[INFO] Building Retrofit (Parent) 2.0.0-SNAPSHOT
[INFO] ------------------------------------------------------------------------
[INFO] 
[INFO] --- maven-enforcer-plugin:1.0:enforce (enforce-maven) @ parent ---
[INFO] 
[INFO] --- maven-checkstyle-plugin:2.15:checkstyle (default) @ parent ---
[INFO] 
[INFO] --- maven-install-plugin:2.4:install (default-install) @ parent ---
[INFO] Installing /home/travis/build/square/retrofit/pom.xml to /home/travis/.m2/repository/com/squareup/retrofit/parent/2.0.0-SNAPSHOT/parent-2.0.0-SNAPSHOT.pom
[INFO]                                                                         
[INFO] ------------------------------------------------------------------------
[INFO] Building Retrofit 2.0.0-SNAPSHOT
[INFO] ------------------------------------------------------------------------
[INFO] Downloading: https://repository.apache.org/snapshots/com/squareup/okhttp/okhttp/2.5.0-SNAPSHOT/maven-metadata.xml
[INFO] Downloading: https://repository.apache.org/snapshots/com/squareup/okhttp/parent/2.5.0-SNAPSHOT/maven-metadata.xml
[INFO] Downloading: https://repository.apache.org/snapshots/com/squareup/okhttp/mockwebserver/2.5.0-SNAPSHOT/maven-metadata.xml
[INFO] Downloading: https://repository.apache.org/snapshots/com/squareup/okhttp/okhttp-ws/2.5.0-SNAPSHOT/maven-metadata.xml
[INFO] 
[INFO] --- maven-enforcer-plugin:1.0:enforce (enforce-maven) @ retrofit ---
[INFO] 
[INFO] --- maven-resources-plugin:2.6:resources (default-resources) @ retrofit ---
[INFO] Using 'UTF-8' encoding to copy filtered resources.
[INFO] skip non existing resourceDirectory /home/travis/build/square/retrofit/retrofit/src/main/resources
[INFO] 
[INFO] --- maven-compiler-plugin:3.0:compile (default-compile) @ retrofit ---
[INFO] Changes detected - recompiling the module!
[INFO] Compiling 44 source files to /home/travis/build/square/retrofit/retrofit/target/classes
[WARNING] /home/travis/build/square/retrofit/retrofit/src/main/java/retrofit/RequestBuilderAction.java: /home/travis/build/square/retrofit/retrofit/src/main/java/retrofit/RequestBuilderAction.java uses unchecked or unsafe operations.
[WARNING] /home/travis/build/square/retrofit/retrofit/src/main/java/retrofit/RequestBuilderAction.java: Recompile with -Xlint:unchecked for details.
[INFO] 
[INFO] --- maven-resources-plugin:2.6:testResources (default-testResources) @ retrofit ---
[INFO] Using 'UTF-8' encoding to copy filtered resources.
[INFO] skip non existing resourceDirectory /home/travis/build/square/retrofit/retrofit/src/test/resources
[INFO] 
[INFO] --- maven-compiler-plugin:3.0:testCompile (default-testCompile) @ retrofit ---
[INFO] Changes detected - recompiling the module!
[INFO] Compiling 7 source files to /home/travis/build/square/retrofit/retrofit/target/test-classes
[INFO] -------------------------------------------------------------
[ERROR] COMPILATION ERROR : 
[INFO] -------------------------------------------------------------
[ERROR] /home/travis/build/square/retrofit/retrofit/src/test/java/retrofit/CallTest.java:[532,41] <anonymous retrofit.CallTest$14> is not abstract and does not override abstract method onFailure(java.lang.Throwable) in retrofit.Callback
[ERROR] /home/travis/build/square/retrofit/retrofit/src/test/java/retrofit/CallTest.java:[533,7] method does not override or implement a method from a supertype
[ERROR] /home/travis/build/square/retrofit/retrofit/src/test/java/retrofit/CallTest.java:[537,7] method does not override or implement a method from a supertype
[INFO] 3 errors 
[INFO] -------------------------------------------------------------
[INFO] ------------------------------------------------------------------------
[INFO] Reactor Summary:
[INFO] 
[INFO] Retrofit (Parent) .................................. SUCCESS [  1.463 s]
[INFO] Retrofit ........................................... FAILURE [  5.504 s]
[INFO] Adapters ........................................... SKIPPED
[INFO] Adapter: RxJava .................................... SKIPPED
[INFO] Converters ......................................... SKIPPED
[INFO] Converter: Gson .................................... SKIPPED
[INFO] Converter: Protocol Buffers ........................ SKIPPED
[INFO] Converter: Jackson ................................. SKIPPED
[INFO] Converter: Wire Protocol Buffers ................... SKIPPED
[INFO] Converter: SimpleXML ............................... SKIPPED
[INFO] Converter: Moshi ................................... SKIPPED
[INFO] Samples ............................................ SKIPPED
[INFO] ------------------------------------------------------------------------
[INFO] BUILD FAILURE
[INFO] ------------------------------------------------------------------------
[INFO] Total time: 7.365 s
[INFO] Finished at: 2015-07-09T12:59:41+00:00
[INFO] Final Memory: 29M/465M
[INFO] ------------------------------------------------------------------------
[ERROR] Failed to execute goal org.apache.maven.plugins:maven-compiler-plugin:3.0:testCompile (default-testCompile) on project retrofit: Compilation failure: Compilation failure:
[ERROR] /home/travis/build/square/retrofit/retrofit/src/test/java/retrofit/CallTest.java:[532,41] <anonymous retrofit.CallTest$14> is not abstract and does not override abstract method onFailure(java.lang.Throwable) in retrofit.Callback
[ERROR] /home/travis/build/square/retrofit/retrofit/src/test/java/retrofit/CallTest.java:[533,7] method does not override or implement a method from a supertype
[ERROR] /home/travis/build/square/retrofit/retrofit/src/test/java/retrofit/CallTest.java:[537,7] method does not override or implement a method from a supertype
[ERROR] -> [Help 1]
[ERROR] 
[ERROR] To see the full stack trace of the errors, re-run Maven with the -e switch.
[ERROR] Re-run Maven using the -X switch to enable full debug logging.
[ERROR] 
[ERROR] For more information about the errors and possible solutions, please read the following articles:
[ERROR] [Help 1] http://cwiki.apache.org/confluence/display/MAVEN/MojoFailureException
[ERROR] 
[ERROR] After correcting the problems, you can resume the build with the command
[ERROR]   mvn <goals> -rf :retrofit

[31;1mThe command "eval mvn install -DskipTests=true -Dmaven.javadoc.skip=true -B -V" failed. Retrying, 2 of 3.[0m

Apache Maven 3.2.5 (12a6b3acb947671f09b81f49094c53f426d8cea1; 2014-12-14T17:29:23+00:00)
Maven home: /usr/local/maven
Java version: 1.7.0_76, vendor: Oracle Corporation
Java home: /usr/lib/jvm/java-7-oracle/jre
Default locale: en_US, platform encoding: UTF-8
OS name: "linux", version: "3.13.0-40-generic", arch: "amd64", family: "unix"
[INFO] Scanning for projects...
[WARNING] 
[WARNING] Some problems were encountered while building the effective model for com.squareup.retrofit:samples:jar:2.0.0-SNAPSHOT
[WARNING] 'build.plugins.plugin.version' for org.apache.maven.plugins:maven-deploy-plugin is missing. @ com.squareup.retrofit:samples:[unknown-version], /home/travis/build/square/retrofit/samples/pom.xml, line 36, column 15
[WARNING] 
[WARNING] It is highly recommended to fix these problems because they threaten the stability of your build.
[WARNING] 
[WARNING] For this reason, future Maven versions might no longer support building such malformed projects.
[WARNING] 
[INFO] ------------------------------------------------------------------------
[INFO] Reactor Build Order:
[INFO] 
[INFO] Retrofit (Parent)
[INFO] Retrofit
[INFO] Adapters
[INFO] Adapter: RxJava
[INFO] Converters
[INFO] Converter: Gson
[INFO] Converter: Protocol Buffers
[INFO] Converter: Jackson
[INFO] Converter: Wire Protocol Buffers
[INFO] Converter: SimpleXML
[INFO] Converter: Moshi
[INFO] Samples
[INFO]                                                                         
[INFO] ------------------------------------------------------------------------
[INFO] Building Retrofit (Parent) 2.0.0-SNAPSHOT
[INFO] ------------------------------------------------------------------------
[INFO] 
[INFO] --- maven-enforcer-plugin:1.0:enforce (enforce-maven) @ parent ---
[INFO] 
[INFO] --- maven-checkstyle-plugin:2.15:checkstyle (default) @ parent ---
[INFO] 
[INFO] --- maven-install-plugin:2.4:install (default-install) @ parent ---
[INFO] Installing /home/travis/build/square/retrofit/pom.xml to /home/travis/.m2/repository/com/squareup/retrofit/parent/2.0.0-SNAPSHOT/parent-2.0.0-SNAPSHOT.pom
[INFO]                                                                         
[INFO] ------------------------------------------------------------------------
[INFO] Building Retrofit 2.0.0-SNAPSHOT
[INFO] ------------------------------------------------------------------------
[INFO] Downloading: https://repository.apache.org/snapshots/com/squareup/okhttp/okhttp/2.5.0-SNAPSHOT/maven-metadata.xml
[INFO] Downloading: https://repository.apache.org/snapshots/com/squareup/okhttp/parent/2.5.0-SNAPSHOT/maven-metadata.xml
[INFO] Downloading: https://repository.apache.org/snapshots/com/squareup/okhttp/mockwebserver/2.5.0-SNAPSHOT/maven-metadata.xml
[INFO] Downloading: https://repository.apache.org/snapshots/com/squareup/okhttp/okhttp-ws/2.5.0-SNAPSHOT/maven-metadata.xml
[INFO] 
[INFO] --- maven-enforcer-plugin:1.0:enforce (enforce-maven) @ retrofit ---
[INFO] 
[INFO] --- maven-resources-plugin:2.6:resources (default-resources) @ retrofit ---
[INFO] Using 'UTF-8' encoding to copy filtered resources.
[INFO] skip non existing resourceDirectory /home/travis/build/square/retrofit/retrofit/src/main/resources
[INFO] 
[INFO] --- maven-compiler-plugin:3.0:compile (default-compile) @ retrofit ---
[INFO] Changes detected - recompiling the module!
[INFO] Compiling 44 source files to /home/travis/build/square/retrofit/retrofit/target/classes
[WARNING] /home/travis/build/square/retrofit/retrofit/src/main/java/retrofit/RequestBuilderAction.java: /home/travis/build/square/retrofit/retrofit/src/main/java/retrofit/RequestBuilderAction.java uses unchecked or unsafe operations.
[WARNING] /home/travis/build/square/retrofit/retrofit/src/main/java/retrofit/RequestBuilderAction.java: Recompile with -Xlint:unchecked for details.
[INFO] 
[INFO] --- maven-resources-plugin:2.6:testResources (default-testResources) @ retrofit ---
[INFO] Using 'UTF-8' encoding to copy filtered resources.
[INFO] skip non existing resourceDirectory /home/travis/build/square/retrofit/retrofit/src/test/resources
[INFO] 
[INFO] --- maven-compiler-plugin:3.0:testCompile (default-testCompile) @ retrofit ---
[INFO] Changes detected - recompiling the module!
[INFO] Compiling 7 source files to /home/travis/build/square/retrofit/retrofit/target/test-classes
[INFO] -------------------------------------------------------------
[ERROR] COMPILATION ERROR : 
[INFO] -------------------------------------------------------------
[ERROR] /home/travis/build/square/retrofit/retrofit/src/test/java/retrofit/CallTest.java:[532,41] <anonymous retrofit.CallTest$14> is not abstract and does not override abstract method onFailure(java.lang.Throwable) in retrofit.Callback
[ERROR] /home/travis/build/square/retrofit/retrofit/src/test/java/retrofit/CallTest.java:[533,7] method does not override or implement a method from a supertype
[ERROR] /home/travis/build/square/retrofit/retrofit/src/test/java/retrofit/CallTest.java:[537,7] method does not override or implement a method from a supertype
[INFO] 3 errors 
[INFO] -------------------------------------------------------------
[INFO] ------------------------------------------------------------------------
[INFO] Reactor Summary:
[INFO] 
[INFO] Retrofit (Parent) .................................. SUCCESS [  1.802 s]
[INFO] Retrofit ........................................... FAILURE [  4.829 s]
[INFO] Adapters ........................................... SKIPPED
[INFO] Adapter: RxJava .................................... SKIPPED
[INFO] Converters ......................................... SKIPPED
[INFO] Converter: Gson .................................... SKIPPED
[INFO] Converter: Protocol Buffers ........................ SKIPPED
[INFO] Converter: Jackson ................................. SKIPPED
[INFO] Converter: Wire Protocol Buffers ................... SKIPPED
[INFO] Converter: SimpleXML ............................... SKIPPED
[INFO] Converter: Moshi ................................... SKIPPED
[INFO] Samples ............................................ SKIPPED
[INFO] ------------------------------------------------------------------------
[INFO] BUILD FAILURE
[INFO] ------------------------------------------------------------------------
[INFO] Total time: 6.987 s
[INFO] Finished at: 2015-07-09T12:59:51+00:00
[INFO] Final Memory: 29M/465M
[INFO] ------------------------------------------------------------------------
[ERROR] Failed to execute goal org.apache.maven.plugins:maven-compiler-plugin:3.0:testCompile (default-testCompile) on project retrofit: Compilation failure: Compilation failure:
[ERROR] /home/travis/build/square/retrofit/retrofit/src/test/java/retrofit/CallTest.java:[532,41] <anonymous retrofit.CallTest$14> is not abstract and does not override abstract method onFailure(java.lang.Throwable) in retrofit.Callback
[ERROR] /home/travis/build/square/retrofit/retrofit/src/test/java/retrofit/CallTest.java:[533,7] method does not override or implement a method from a supertype
[ERROR] /home/travis/build/square/retrofit/retrofit/src/test/java/retrofit/CallTest.java:[537,7] method does not override or implement a method from a supertype
[ERROR] -> [Help 1]
[ERROR] 
[ERROR] To see the full stack trace of the errors, re-run Maven with the -e switch.
[ERROR] Re-run Maven using the -X switch to enable full debug logging.
[ERROR] 
[ERROR] For more information about the errors and possible solutions, please read the following articles:
[ERROR] [Help 1] http://cwiki.apache.org/confluence/display/MAVEN/MojoFailureException
[ERROR] 
[ERROR] After correcting the problems, you can resume the build with the command
[ERROR]   mvn <goals> -rf :retrofit

[31;1mThe command "eval mvn install -DskipTests=true -Dmaven.javadoc.skip=true -B -V" failed. Retrying, 3 of 3.[0m

Apache Maven 3.2.5 (12a6b3acb947671f09b81f49094c53f426d8cea1; 2014-12-14T17:29:23+00:00)
Maven home: /usr/local/maven
Java version: 1.7.0_76, vendor: Oracle Corporation
Java home: /usr/lib/jvm/java-7-oracle/jre
Default locale: en_US, platform encoding: UTF-8
OS name: "linux", version: "3.13.0-40-generic", arch: "amd64", family: "unix"
[INFO] Scanning for projects...
[WARNING] 
[WARNING] Some problems were encountered while building the effective model for com.squareup.retrofit:samples:jar:2.0.0-SNAPSHOT
[WARNING] 'build.plugins.plugin.version' for org.apache.maven.plugins:maven-deploy-plugin is missing. @ com.squareup.retrofit:samples:[unknown-version], /home/travis/build/square/retrofit/samples/pom.xml, line 36, column 15
[WARNING] 
[WARNING] It is highly recommended to fix these problems because they threaten the stability of your build.
[WARNING] 
[WARNING] For this reason, future Maven versions might no longer support building such malformed projects.
[WARNING] 
[INFO] ------------------------------------------------------------------------
[INFO] Reactor Build Order:
[INFO] 
[INFO] Retrofit (Parent)
[INFO] Retrofit
[INFO] Adapters
[INFO] Adapter: RxJava
[INFO] Converters
[INFO] Converter: Gson
[INFO] Converter: Protocol Buffers
[INFO] Converter: Jackson
[INFO] Converter: Wire Protocol Buffers
[INFO] Converter: SimpleXML
[INFO] Converter: Moshi
[INFO] Samples
[INFO]                                                                         
[INFO] ------------------------------------------------------------------------
[INFO] Building Retrofit (Parent) 2.0.0-SNAPSHOT
[INFO] ------------------------------------------------------------------------
[INFO] 
[INFO] --- maven-enforcer-plugin:1.0:enforce (enforce-maven) @ parent ---
[INFO] 
[INFO] --- maven-checkstyle-plugin:2.15:checkstyle (default) @ parent ---
[INFO] 
[INFO] --- maven-install-plugin:2.4:install (default-install) @ parent ---
[INFO] Installing /home/travis/build/square/retrofit/pom.xml to /home/travis/.m2/repository/com/squareup/retrofit/parent/2.0.0-SNAPSHOT/parent-2.0.0-SNAPSHOT.pom
[INFO]                                                                         
[INFO] ------------------------------------------------------------------------
[INFO] Building Retrofit 2.0.0-SNAPSHOT
[INFO] ------------------------------------------------------------------------
[INFO] Downloading: https://repository.apache.org/snapshots/com/squareup/okhttp/okhttp/2.5.0-SNAPSHOT/maven-metadata.xml
[INFO] Downloading: https://repository.apache.org/snapshots/com/squareup/okhttp/parent/2.5.0-SNAPSHOT/maven-metadata.xml
[INFO] Downloading: https://repository.apache.org/snapshots/com/squareup/okhttp/mockwebserver/2.5.0-SNAPSHOT/maven-metadata.xml
[INFO] Downloading: https://repository.apache.org/snapshots/com/squareup/okhttp/okhttp-ws/2.5.0-SNAPSHOT/maven-metadata.xml
[INFO] 
[INFO] --- maven-enforcer-plugin:1.0:enforce (enforce-maven) @ retrofit ---
[INFO] 
[INFO] --- maven-resources-plugin:2.6:resources (default-resources) @ retrofit ---
[INFO] Using 'UTF-8' encoding to copy filtered resources.
[INFO] skip non existing resourceDirectory /home/travis/build/square/retrofit/retrofit/src/main/resources
[INFO] 
[INFO] --- maven-compiler-plugin:3.0:compile (default-compile) @ retrofit ---
[INFO] Changes detected - recompiling the module!
[INFO] Compiling 44 source files to /home/travis/build/square/retrofit/retrofit/target/classes
[WARNING] /home/travis/build/square/retrofit/retrofit/src/main/java/retrofit/RequestBuilderAction.java: /home/travis/build/square/retrofit/retrofit/src/main/java/retrofit/RequestBuilderAction.java uses unchecked or unsafe operations.
[WARNING] /home/travis/build/square/retrofit/retrofit/src/main/java/retrofit/RequestBuilderAction.java: Recompile with -Xlint:unchecked for details.
[INFO] 
[INFO] --- maven-resources-plugin:2.6:testResources (default-testResources) @ retrofit ---
[INFO] Using 'UTF-8' encoding to copy filtered resources.
[INFO] skip non existing resourceDirectory /home/travis/build/square/retrofit/retrofit/src/test/resources
[INFO] 
[INFO] --- maven-compiler-plugin:3.0:testCompile (default-testCompile) @ retrofit ---
[INFO] Changes detected - recompiling the module!
[INFO] Compiling 7 source files to /home/travis/build/square/retrofit/retrofit/target/test-classes
[INFO] -------------------------------------------------------------
[ERROR] COMPILATION ERROR : 
[INFO] -------------------------------------------------------------
[ERROR] /home/travis/build/square/retrofit/retrofit/src/test/java/retrofit/CallTest.java:[532,41] <anonymous retrofit.CallTest$14> is not abstract and does not override abstract method onFailure(java.lang.Throwable) in retrofit.Callback
[ERROR] /home/travis/build/square/retrofit/retrofit/src/test/java/retrofit/CallTest.java:[533,7] method does not override or implement a method from a supertype
[ERROR] /home/travis/build/square/retrofit/retrofit/src/test/java/retrofit/CallTest.java:[537,7] method does not override or implement a method from a supertype
[INFO] 3 errors 
[INFO] -------------------------------------------------------------
[INFO] ------------------------------------------------------------------------
[INFO] Reactor Summary:
[INFO] 
[INFO] Retrofit (Parent) .................................. SUCCESS [  1.616 s]
[INFO] Retrofit ........................................... FAILURE [  4.900 s]
[INFO] Adapters ........................................... SKIPPED
[INFO] Adapter: RxJava .................................... SKIPPED
[INFO] Converters ......................................... SKIPPED
[INFO] Converter: Gson .................................... SKIPPED
[INFO] Converter: Protocol Buffers ........................ SKIPPED
[INFO] Converter: Jackson ................................. SKIPPED
[INFO] Converter: Wire Protocol Buffers ................... SKIPPED
[INFO] Converter: SimpleXML ............................... SKIPPED
[INFO] Converter: Moshi ................................... SKIPPED
[INFO] Samples ............................................ SKIPPED
[INFO] ------------------------------------------------------------------------
[INFO] BUILD FAILURE
[INFO] ------------------------------------------------------------------------
[INFO] Total time: 6.855 s
[INFO] Finished at: 2015-07-09T13:00:00+00:00
[INFO] Final Memory: 29M/465M
[INFO] ------------------------------------------------------------------------
[ERROR] Failed to execute goal org.apache.maven.plugins:maven-compiler-plugin:3.0:testCompile (default-testCompile) on project retrofit: Compilation failure: Compilation failure:
[ERROR] /home/travis/build/square/retrofit/retrofit/src/test/java/retrofit/CallTest.java:[532,41] <anonymous retrofit.CallTest$14> is not abstract and does not override abstract method onFailure(java.lang.Throwable) in retrofit.Callback
[ERROR] /home/travis/build/square/retrofit/retrofit/src/test/java/retrofit/CallTest.java:[533,7] method does not override or implement a method from a supertype
[ERROR] /home/travis/build/square/retrofit/retrofit/src/test/java/retrofit/CallTest.java:[537,7] method does not override or implement a method from a supertype
[ERROR] -> [Help 1]
[ERROR] 
[ERROR] To see the full stack trace of the errors, re-run Maven with the -e switch.
[ERROR] Re-run Maven using the -X switch to enable full debug logging.
[ERROR] 
[ERROR] For more information about the errors and possible solutions, please read the following articles:
[ERROR] [Help 1] http://cwiki.apache.org/confluence/display/MAVEN/MojoFailureException
[ERROR] 
[ERROR] After correcting the problems, you can resume the build with the command
[ERROR]   mvn <goals> -rf :retrofit

[31;1mThe command "eval mvn install -DskipTests=true -Dmaven.javadoc.skip=true -B -V" failed 3 times.[0m

travis_time:end:19b97a22:start=1436446771829175007,finish=1436446802097895220,duration=30268720213[0K
[31;1mThe command "mvn install -DskipTests=true -Dmaven.javadoc.skip=true -B -V" failed and exited with 1 during .[0m

Your build has been stopped.
