Using worker: worker-linux-docker-8924bb60.prod.travis-ci.org:travis-linux-3

travis_fold:start:system_info[0K[33;1mBuild system information[0m
Build language: java
[34m[1mBuild image provisioning date and time[0m
Thu Feb  5 15:09:33 UTC 2015
[34m[1mOperating System Details[0m
Distributor ID:	Ubuntu
Description:	Ubuntu 12.04.5 LTS
Release:	12.04
Codename:	precise
[34m[1mLinux Version[0m
3.13.0-29-generic
[34m[1mCookbooks Version[0m
a68419e https://github.com/travis-ci/travis-cookbooks/tree/a68419e
[34m[1mGCC version[0m
gcc (Ubuntu/Linaro 4.6.3-1ubuntu5) 4.6.3
Copyright (C) 2011 Free Software Foundation, Inc.
This is free software; see the source for copying conditions.  There is NO
warranty; not even for MERCHANTABILITY or FITNESS FOR A PARTICULAR PURPOSE.

[34m[1mLLVM version[0m
clang version 3.4 (tags/RELEASE_34/final)
Target: x86_64-unknown-linux-gnu
Thread model: posix
[34m[1mPre-installed Ruby versions[0m
ruby-1.9.3-p551
[34m[1mPre-installed Node.js versions[0m
v0.10.36
[34m[1mPre-installed Go versions[0m
1.4.1
[34m[1mRedis version[0m
redis-server 2.8.19
[34m[1mriak version[0m
2.0.2
[34m[1mMongoDB version[0m
MongoDB 2.4.12
[34m[1mCouchDB version[0m
couchdb 1.6.1
[34m[1mNeo4j version[0m
1.9.4
[34m[1mRabbitMQ Version[0m
3.4.3
[34m[1mElasticSearch version[0m
1.4.0
[34m[1mInstalled Sphinx versions[0m
2.0.10
2.1.9
2.2.6
[34m[1mDefault Sphinx version[0m
2.2.6
[34m[1mInstalled Firefox version[0m
firefox 31.0esr
[34m[1mPhantomJS version[0m
1.9.8
[34m[1mant -version[0m
Apache Ant(TM) version 1.8.2 compiled on December 3 2011
[34m[1mmvn -version[0m
Apache Maven 3.2.5 (12a6b3acb947671f09b81f49094c53f426d8cea1; 2014-12-14T17:29:23+00:00)
Maven home: /usr/local/maven
Java version: 1.7.0_76, vendor: Oracle Corporation
Java home: /usr/lib/jvm/java-7-oracle/jre
Default locale: en_US, platform encoding: ANSI_X3.4-1968
OS name: "linux", version: "3.13.0-29-generic", arch: "amd64", family: "unix"
travis_fold:end:system_info[0K
travis_fold:start:git.checkout[0Ktravis_time:start:042373d0[0K$ git clone --depth=50 git://github.com/square/retrofit.git square/retrofit
Cloning into 'square/retrofit'...
remote: Counting objects: 1490, done.[K
remote: Compressing objects:   0% (1/667)   [Kremote: Compressing objects:   1% (7/667)   [Kremote: Compressing objects:   2% (14/667)   [Kremote: Compressing objects:   3% (21/667)   [Kremote: Compressing objects:   4% (27/667)   [Kremote: Compressing objects:   5% (34/667)   [Kremote: Compressing objects:   6% (41/667)   [Kremote: Compressing objects:   7% (47/667)   [Kremote: Compressing objects:   8% (54/667)   [Kremote: Compressing objects:   9% (61/667)   [Kremote: Compressing objects:  10% (67/667)   [Kremote: Compressing objects:  11% (74/667)   [Kremote: Compressing objects:  12% (81/667)   [Kremote: Compressing objects:  13% (87/667)   [Kremote: Compressing objects:  14% (94/667)   [Kremote: Compressing objects:  15% (101/667)   [Kremote: Compressing objects:  16% (107/667)   [Kremote: Compressing objects:  17% (114/667)   [Kremote: Compressing objects:  18% (121/667)   [Kremote: Compressing objects:  19% (127/667)   [Kremote: Compressing objects:  20% (134/667)   [Kremote: Compressing objects:  21% (141/667)   [Kremote: Compressing objects:  22% (147/667)   [Kremote: Compressing objects:  23% (154/667)   [Kremote: Compressing objects:  24% (161/667)   [Kremote: Compressing objects:  25% (167/667)   [Kremote: Compressing objects:  26% (174/667)   [Kremote: Compressing objects:  27% (181/667)   [Kremote: Compressing objects:  28% (187/667)   [Kremote: Compressing objects:  29% (194/667)   [Kremote: Compressing objects:  30% (201/667)   [Kremote: Compressing objects:  31% (207/667)   [Kremote: Compressing objects:  32% (214/667)   [Kremote: Compressing objects:  33% (221/667)   [Kremote: Compressing objects:  34% (227/667)   [Kremote: Compressing objects:  35% (234/667)   [Kremote: Compressing objects:  36% (241/667)   [Kremote: Compressing objects:  37% (247/667)   [Kremote: Compressing objects:  38% (254/667)   [Kremote: Compressing objects:  39% (261/667)   [Kremote: Compressing objects:  40% (267/667)   [Kremote: Compressing objects:  41% (274/667)   [Kremote: Compressing objects:  42% (281/667)   [Kremote: Compressing objects:  43% (287/667)   [Kremote: Compressing objects:  44% (294/667)   [Kremote: Compressing objects:  45% (301/667)   [Kremote: Compressing objects:  46% (307/667)   [Kremote: Compressing objects:  47% (314/667)   [Kremote: Compressing objects:  48% (321/667)   [Kremote: Compressing objects:  49% (327/667)   [Kremote: Compressing objects:  50% (334/667)   [Kremote: Compressing objects:  51% (341/667)   [Kremote: Compressing objects:  52% (347/667)   [Kremote: Compressing objects:  53% (354/667)   [Kremote: Compressing objects:  54% (361/667)   [Kremote: Compressing objects:  55% (367/667)   [Kremote: Compressing objects:  56% (374/667)   [Kremote: Compressing objects:  57% (381/667)   [Kremote: Compressing objects:  58% (387/667)   [Kremote: Compressing objects:  59% (394/667)   [Kremote: Compressing objects:  60% (401/667)   [Kremote: Compressing objects:  61% (407/667)   [Kremote: Compressing objects:  62% (414/667)   [Kremote: Compressing objects:  63% (421/667)   [Kremote: Compressing objects:  64% (427/667)   [Kremote: Compressing objects:  65% (434/667)   [Kremote: Compressing objects:  66% (441/667)   [Kremote: Compressing objects:  67% (447/667)   [Kremote: Compressing objects:  68% (454/667)   [Kremote: Compressing objects:  69% (461/667)   [Kremote: Compressing objects:  70% (467/667)   [Kremote: Compressing objects:  71% (474/667)   [Kremote: Compressing objects:  72% (481/667)   [Kremote: Compressing objects:  73% (487/667)   [Kremote: Compressing objects:  74% (494/667)   [Kremote: Compressing objects:  75% (501/667)   [Kremote: Compressing objects:  76% (507/667)   [Kremote: Compressing objects:  77% (514/667)   [Kremote: Compressing objects:  78% (521/667)   [Kremote: Compressing objects:  79% (527/667)   [Kremote: Compressing objects:  80% (534/667)   [Kremote: Compressing objects:  81% (541/667)   [Kremote: Compressing objects:  82% (547/667)   [Kremote: Compressing objects:  83% (554/667)   [Kremote: Compressing objects:  84% (561/667)   [Kremote: Compressing objects:  85% (567/667)   [Kremote: Compressing objects:  86% (574/667)   [Kremote: Compressing objects:  87% (581/667)   [Kremote: Compressing objects:  88% (587/667)   [Kremote: Compressing objects:  89% (594/667)   [Kremote: Compressing objects:  90% (601/667)   [Kremote: Compressing objects:  91% (607/667)   [Kremote: Compressing objects:  92% (614/667)   [Kremote: Compressing objects:  93% (621/667)   [Kremote: Compressing objects:  94% (627/667)   [Kremote: Compressing objects:  95% (634/667)   [Kremote: Compressing objects:  96% (641/667)   [Kremote: Compressing objects:  97% (647/667)   [Kremote: Compressing objects:  98% (654/667)   [Kremote: Compressing objects:  99% (661/667)   [Kremote: Compressing objects: 100% (667/667)   [Kremote: Compressing objects: 100% (667/667), done.[K
Receiving objects:   0% (1/1490)   Receiving objects:   1% (15/1490)   Receiving objects:   2% (30/1490)   Receiving objects:   3% (45/1490)   Receiving objects:   4% (60/1490)   Receiving objects:   5% (75/1490)   Receiving objects:   6% (90/1490)   Receiving objects:   7% (105/1490)   Receiving objects:   8% (120/1490)   Receiving objects:   9% (135/1490)   Receiving objects:  10% (149/1490)   Receiving objects:  11% (164/1490)   Receiving objects:  12% (179/1490)   Receiving objects:  13% (194/1490)   Receiving objects:  14% (209/1490)   Receiving objects:  15% (224/1490)   Receiving objects:  16% (239/1490)   Receiving objects:  17% (254/1490)   Receiving objects:  18% (269/1490)   Receiving objects:  19% (284/1490)   Receiving objects:  20% (298/1490)   Receiving objects:  21% (313/1490)   Receiving objects:  22% (328/1490)   Receiving objects:  23% (343/1490)   Receiving objects:  24% (358/1490)   Receiving objects:  25% (373/1490)   Receiving objects:  26% (388/1490)   Receiving objects:  27% (403/1490)   Receiving objects:  28% (418/1490)   Receiving objects:  29% (433/1490)   Receiving objects:  30% (447/1490)   Receiving objects:  31% (462/1490)   Receiving objects:  32% (477/1490)   Receiving objects:  33% (492/1490)   Receiving objects:  34% (507/1490)   Receiving objects:  35% (522/1490)   Receiving objects:  36% (537/1490)   Receiving objects:  37% (552/1490)   Receiving objects:  38% (567/1490)   Receiving objects:  39% (582/1490)   Receiving objects:  40% (596/1490)   Receiving objects:  41% (611/1490)   Receiving objects:  42% (626/1490)   Receiving objects:  43% (641/1490)   Receiving objects:  44% (656/1490)   Receiving objects:  45% (671/1490)   Receiving objects:  46% (686/1490)   Receiving objects:  47% (701/1490)   Receiving objects:  48% (716/1490)   Receiving objects:  49% (731/1490)   Receiving objects:  50% (745/1490)   Receiving objects:  51% (760/1490)   Receiving objects:  52% (775/1490)   Receiving objects:  53% (790/1490)   Receiving objects:  54% (805/1490)   Receiving objects:  55% (820/1490)   Receiving objects:  56% (835/1490)   Receiving objects:  57% (850/1490)   Receiving objects:  58% (865/1490)   Receiving objects:  59% (880/1490)   Receiving objects:  60% (894/1490)   Receiving objects:  61% (909/1490)   Receiving objects:  62% (924/1490)   Receiving objects:  63% (939/1490)   Receiving objects:  64% (954/1490)   Receiving objects:  65% (969/1490)   Receiving objects:  66% (984/1490)   Receiving objects:  67% (999/1490)   Receiving objects:  68% (1014/1490)   Receiving objects:  69% (1029/1490)   Receiving objects:  70% (1043/1490)   Receiving objects:  71% (1058/1490)   Receiving objects:  72% (1073/1490)   Receiving objects:  73% (1088/1490)   remote: Total 1490 (delta 515), reused 1359 (delta 420), pack-reused 0[K
Receiving objects:  74% (1103/1490)   Receiving objects:  75% (1118/1490)   Receiving objects:  76% (1133/1490)   Receiving objects:  77% (1148/1490)   Receiving objects:  78% (1163/1490)   Receiving objects:  79% (1178/1490)   Receiving objects:  80% (1192/1490)   Receiving objects:  81% (1207/1490)   Receiving objects:  82% (1222/1490)   Receiving objects:  83% (1237/1490)   Receiving objects:  84% (1252/1490)   Receiving objects:  85% (1267/1490)   Receiving objects:  86% (1282/1490)   Receiving objects:  87% (1297/1490)   Receiving objects:  88% (1312/1490)   Receiving objects:  89% (1327/1490)   Receiving objects:  90% (1341/1490)   Receiving objects:  91% (1356/1490)   Receiving objects:  92% (1371/1490)   Receiving objects:  93% (1386/1490)   Receiving objects:  94% (1401/1490)   Receiving objects:  95% (1416/1490)   Receiving objects:  96% (1431/1490)   Receiving objects:  97% (1446/1490)   Receiving objects:  98% (1461/1490)   Receiving objects:  99% (1476/1490)   Receiving objects: 100% (1490/1490)   Receiving objects: 100% (1490/1490), 378.58 KiB | 0 bytes/s, done.
Resolving deltas:   0% (0/515)   Resolving deltas:   3% (18/515)   Resolving deltas:   4% (22/515)   Resolving deltas:   6% (33/515)   Resolving deltas:   8% (46/515)   Resolving deltas:   9% (49/515)   Resolving deltas:  10% (55/515)   Resolving deltas:  13% (69/515)   Resolving deltas:  15% (79/515)   Resolving deltas:  16% (85/515)   Resolving deltas:  17% (90/515)   Resolving deltas:  18% (94/515)   Resolving deltas:  24% (128/515)   Resolving deltas:  26% (136/515)   Resolving deltas:  29% (153/515)   Resolving deltas:  30% (158/515)   Resolving deltas:  31% (162/515)   Resolving deltas:  32% (169/515)   Resolving deltas:  33% (170/515)   Resolving deltas:  34% (179/515)   Resolving deltas:  35% (181/515)   Resolving deltas:  36% (186/515)   Resolving deltas:  39% (201/515)   Resolving deltas:  40% (206/515)   Resolving deltas:  42% (217/515)   Resolving deltas:  43% (223/515)   Resolving deltas:  44% (229/515)   Resolving deltas:  45% (232/515)   Resolving deltas:  46% (237/515)   Resolving deltas:  47% (246/515)   Resolving deltas:  48% (250/515)   Resolving deltas:  49% (254/515)   Resolving deltas:  51% (264/515)   Resolving deltas:  52% (269/515)   Resolving deltas:  54% (283/515)   Resolving deltas:  55% (284/515)   Resolving deltas:  56% (293/515)   Resolving deltas:  57% (294/515)   Resolving deltas:  60% (312/515)   Resolving deltas:  61% (318/515)   Resolving deltas:  62% (323/515)   Resolving deltas:  63% (329/515)   Resolving deltas:  64% (333/515)   Resolving deltas:  66% (340/515)   Resolving deltas:  70% (364/515)   Resolving deltas:  71% (370/515)   Resolving deltas:  73% (377/515)   Resolving deltas:  74% (384/515)   Resolving deltas:  75% (387/515)   Resolving deltas:  76% (392/515)   Resolving deltas:  77% (400/515)   Resolving deltas:  78% (404/515)   Resolving deltas:  80% (412/515)   Resolving deltas:  81% (418/515)   Resolving deltas:  82% (425/515)   Resolving deltas:  84% (435/515)   Resolving deltas:  85% (442/515)   Resolving deltas:  86% (445/515)   Resolving deltas:  87% (451/515)   Resolving deltas:  88% (454/515)   Resolving deltas:  89% (460/515)   Resolving deltas:  90% (465/515)   Resolving deltas:  91% (469/515)   Resolving deltas:  92% (474/515)   Resolving deltas:  93% (480/515)   Resolving deltas:  94% (485/515)   Resolving deltas:  95% (493/515)   Resolving deltas:  96% (497/515)   Resolving deltas:  97% (503/515)   Resolving deltas:  98% (509/515)   Resolving deltas:  99% (510/515)   Resolving deltas: 100% (515/515)   Resolving deltas: 100% (515/515), done.
Checking connectivity... done.
travis_time:end:042373d0:start=1439401600776760002,finish=1439401601712359695,duration=935599693[0K$ cd square/retrofit
travis_time:start:0826edb2[0K$ git fetch origin +refs/pull/1006/merge:
remote: Counting objects: 10, done.[K
remote: Compressing objects:  25% (1/4)   [Kremote: Compressing objects:  50% (2/4)   [Kremote: Compressing objects:  75% (3/4)   [Kremote: Compressing objects: 100% (4/4)   [Kremote: Compressing objects: 100% (4/4), done.[K
remote: Total 10 (delta 4), reused 9 (delta 4), pack-reused 0[K
Unpacking objects:  10% (1/10)   Unpacking objects:  20% (2/10)   Unpacking objects:  30% (3/10)   Unpacking objects:  40% (4/10)   Unpacking objects:  50% (5/10)   Unpacking objects:  60% (6/10)   Unpacking objects:  70% (7/10)   Unpacking objects:  80% (8/10)   Unpacking objects:  90% (9/10)   Unpacking objects: 100% (10/10)   Unpacking objects: 100% (10/10), done.
From git://github.com/square/retrofit
 * branch            refs/pull/1006/merge -> FETCH_HEAD
travis_time:end:0826edb2:start=1439401601716210102,finish=1439401601802656245,duration=86446143[0K$ git checkout -qf FETCH_HEAD
travis_fold:end:git.checkout[0K
[33;1mThis job is running on container-based infrastructure, which does not allow use of 'sudo', setuid and setguid executables.[0m
[33;1mIf you require sudo, add 'sudo: required' to your .travis.yml[0m
[33;1mSee http://docs.travis-ci.com/user/workers/container-based-infrastructure/ for details.[0m

[33;1mSetting environment variables from .travis.yml[0m
$ export CI_DEPLOY_USERNAME=[secure]
$ export CI_DEPLOY_PASSWORD=[secure]

travis_fold:start:cache.1[0KSetting up build cache
$ export CASHER_DIR=$HOME/.casher
travis_time:start:0a7268a8[0K$ Installing caching utilities
travis_time:end:0a7268a8:start=1439401603439029555,finish=1439401603563946986,duration=124917431[0Ktravis_time:start:03b6d408[0Kattempting to download cache archive
fetching PR.1006/cache--jdk-oraclejdk7.tgz
fetching PR.1006/cache--jdk-oraclejdk7.tbz
fetching master/cache--jdk-oraclejdk7.tgz
found cache
travis_time:end:03b6d408:start=1439401603568569816,finish=1439401605044194908,duration=1475625092[0Ktravis_time:start:09d9927e[0Kadding /home/travis/.m2 to cache
travis_time:end:09d9927e:start=1439401605048006190,finish=1439401607129552291,duration=2081546101[0Ktravis_fold:end:cache.1[0K$ jdk_switcher use oraclejdk7
Switching to Oracle JDK7 (java-7-oracle), JAVA_HOME will be set to /usr/lib/jvm/java-7-oracle
$ java -Xmx32m -version
java version "1.7.0_76"
Java(TM) SE Runtime Environment (build 1.7.0_76-b13)
Java HotSpot(TM) 64-Bit Server VM (build 24.76-b04, mixed mode)
$ javac -J-Xmx32m -version
javac 1.7.0_76
travis_fold:start:install[0Ktravis_time:start:0de20956[0K$ mvn install -DskipTests=true -Dmaven.javadoc.skip=true -B -V
Apache Maven 3.2.5 (12a6b3acb947671f09b81f49094c53f426d8cea1; 2014-12-14T17:29:23+00:00)
Maven home: /usr/local/maven
Java version: 1.7.0_76, vendor: Oracle Corporation
Java home: /usr/lib/jvm/java-7-oracle/jre
Default locale: en_US, platform encoding: UTF-8
OS name: "linux", version: "3.13.0-40-generic", arch: "amd64", family: "unix"
[INFO] Scanning for projects...
[WARNING] 
[WARNING] Some problems were encountered while building the effective model for com.squareup.retrofit:samples:jar:2.0.0-SNAPSHOT
[WARNING] 'build.plugins.plugin.version' for org.apache.maven.plugins:maven-deploy-plugin is missing. @ com.squareup.retrofit:samples:[unknown-version], /home/travis/build/square/retrofit/samples/pom.xml, line 36, column 15
[WARNING] 
[WARNING] It is highly recommended to fix these problems because they threaten the stability of your build.
[WARNING] 
[WARNING] For this reason, future Maven versions might no longer support building such malformed projects.
[WARNING] 
[INFO] ------------------------------------------------------------------------
[INFO] Reactor Build Order:
[INFO] 
[INFO] Retrofit (Parent)
[INFO] Retrofit
[INFO] Adapters
[INFO] Adapter: RxJava
[INFO] Retrofit Mock Adapter
[INFO] Adapter: RxJava Mock
[INFO] Converters
[INFO] Converter: Gson
[INFO] Converter: Protocol Buffers
[INFO] Converter: Jackson
[INFO] Converter: Wire Protocol Buffers
[INFO] Converter: SimpleXML
[INFO] Converter: Moshi
[INFO] Samples
[INFO]                                                                         
[INFO] ------------------------------------------------------------------------
[INFO] Building Retrofit (Parent) 2.0.0-SNAPSHOT
[INFO] ------------------------------------------------------------------------
[INFO] 
[INFO] --- maven-enforcer-plugin:1.0:enforce (enforce-maven) @ parent ---
[INFO] 
[INFO] --- maven-checkstyle-plugin:2.15:checkstyle (default) @ parent ---
[INFO] 
[INFO] --- maven-install-plugin:2.4:install (default-install) @ parent ---
[INFO] Installing /home/travis/build/square/retrofit/pom.xml to /home/travis/.m2/repository/com/squareup/retrofit/parent/2.0.0-SNAPSHOT/parent-2.0.0-SNAPSHOT.pom
[INFO]                                                                         
[INFO] ------------------------------------------------------------------------
[INFO] Building Retrofit 2.0.0-SNAPSHOT
[INFO] ------------------------------------------------------------------------
[INFO] Downloading: https://repository.apache.org/snapshots/com/squareup/okhttp/okhttp/2.5.0-SNAPSHOT/maven-metadata.xml
[INFO] Downloading: https://oss.sonatype.org/content/repositories/snapshots/com/squareup/okhttp/okhttp/2.5.0-SNAPSHOT/maven-metadata.xml
[INFO] Downloaded: https://oss.sonatype.org/content/repositories/snapshots/com/squareup/okhttp/okhttp/2.5.0-SNAPSHOT/maven-metadata.xml (2 KB at 1.7 KB/sec)
[INFO] Downloading: https://repository.apache.org/snapshots/com/squareup/okhttp/parent/2.5.0-SNAPSHOT/maven-metadata.xml
[INFO] Downloading: https://oss.sonatype.org/content/repositories/snapshots/com/squareup/okhttp/parent/2.5.0-SNAPSHOT/maven-metadata.xml
[INFO] Downloaded: https://oss.sonatype.org/content/repositories/snapshots/com/squareup/okhttp/parent/2.5.0-SNAPSHOT/maven-metadata.xml (604 B at 22.7 KB/sec)
[INFO] Downloading: https://repository.apache.org/snapshots/com/squareup/okhttp/mockwebserver/2.5.0-SNAPSHOT/maven-metadata.xml
[INFO] Downloading: https://oss.sonatype.org/content/repositories/snapshots/com/squareup/okhttp/mockwebserver/2.5.0-SNAPSHOT/maven-metadata.xml
[INFO] Downloaded: https://oss.sonatype.org/content/repositories/snapshots/com/squareup/okhttp/mockwebserver/2.5.0-SNAPSHOT/maven-metadata.xml (2 KB at 42.7 KB/sec)
[INFO] Downloading: https://repository.apache.org/snapshots/com/squareup/okhttp/okhttp-ws/2.5.0-SNAPSHOT/maven-metadata.xml
[INFO] Downloading: https://oss.sonatype.org/content/repositories/snapshots/com/squareup/okhttp/okhttp-ws/2.5.0-SNAPSHOT/maven-metadata.xml
[INFO] Downloaded: https://oss.sonatype.org/content/repositories/snapshots/com/squareup/okhttp/okhttp-ws/2.5.0-SNAPSHOT/maven-metadata.xml (2 KB at 42.2 KB/sec)
[INFO] 
[INFO] --- maven-enforcer-plugin:1.0:enforce (enforce-maven) @ retrofit ---
[INFO] 
[INFO] --- maven-resources-plugin:2.6:resources (default-resources) @ retrofit ---
[INFO] Using 'UTF-8' encoding to copy filtered resources.
[INFO] skip non existing resourceDirectory /home/travis/build/square/retrofit/retrofit/src/main/resources
[INFO] 
[INFO] --- maven-compiler-plugin:3.0:compile (default-compile) @ retrofit ---
[INFO] Changes detected - recompiling the module!
[INFO] Compiling 44 source files to /home/travis/build/square/retrofit/retrofit/target/classes
[INFO] -------------------------------------------------------------
[WARNING] COMPILATION WARNING : 
[INFO] -------------------------------------------------------------
[WARNING] /home/travis/build/square/retrofit/retrofit/src/main/java/retrofit/RequestBuilderAction.java: /home/travis/build/square/retrofit/retrofit/src/main/java/retrofit/RequestBuilderAction.java uses unchecked or unsafe operations.
[WARNING] /home/travis/build/square/retrofit/retrofit/src/main/java/retrofit/RequestBuilderAction.java: Recompile with -Xlint:unchecked for details.
[INFO] 2 warnings 
[INFO] -------------------------------------------------------------
[INFO] -------------------------------------------------------------
[ERROR] COMPILATION ERROR : 
[INFO] -------------------------------------------------------------
[ERROR] /home/travis/build/square/retrofit/retrofit/src/main/java/retrofit/Platform.java:[76,20] cannot find symbol
  symbol:   method isDefault()
  location: variable method of type java.lang.reflect.Method
[INFO] 1 error
[INFO] -------------------------------------------------------------
[INFO] ------------------------------------------------------------------------
[INFO] Reactor Summary:
[INFO] 
[INFO] Retrofit (Parent) .................................. SUCCESS [  1.482 s]
[INFO] Retrofit ........................................... FAILURE [  3.929 s]
[INFO] Adapters ........................................... SKIPPED
[INFO] Adapter: RxJava .................................... SKIPPED
[INFO] Retrofit Mock Adapter .............................. SKIPPED
[INFO] Adapter: RxJava Mock ............................... SKIPPED
[INFO] Converters ......................................... SKIPPED
[INFO] Converter: Gson .................................... SKIPPED
[INFO] Converter: Protocol Buffers ........................ SKIPPED
[INFO] Converter: Jackson ................................. SKIPPED
[INFO] Converter: Wire Protocol Buffers ................... SKIPPED
[INFO] Converter: SimpleXML ............................... SKIPPED
[INFO] Converter: Moshi ................................... SKIPPED
[INFO] Samples ............................................ SKIPPED
[INFO] ------------------------------------------------------------------------
[INFO] BUILD FAILURE
[INFO] ------------------------------------------------------------------------
[INFO] Total time: 5.770 s
[INFO] Finished at: 2015-08-12T17:46:55+00:00
[INFO] Final Memory: 25M/465M
[INFO] ------------------------------------------------------------------------
[ERROR] Failed to execute goal org.apache.maven.plugins:maven-compiler-plugin:3.0:compile (default-compile) on project retrofit: Compilation failure
[ERROR] /home/travis/build/square/retrofit/retrofit/src/main/java/retrofit/Platform.java:[76,20] cannot find symbol
[ERROR] symbol:   method isDefault()
[ERROR] location: variable method of type java.lang.reflect.Method
[ERROR] -> [Help 1]
[ERROR] 
[ERROR] To see the full stack trace of the errors, re-run Maven with the -e switch.
[ERROR] Re-run Maven using the -X switch to enable full debug logging.
[ERROR] 
[ERROR] For more information about the errors and possible solutions, please read the following articles:
[ERROR] [Help 1] http://cwiki.apache.org/confluence/display/MAVEN/MojoFailureException
[ERROR] 
[ERROR] After correcting the problems, you can resume the build with the command
[ERROR]   mvn <goals> -rf :retrofit

[31;1mThe command "eval mvn install -DskipTests=true -Dmaven.javadoc.skip=true -B -V" failed. Retrying, 2 of 3.[0m

Apache Maven 3.2.5 (12a6b3acb947671f09b81f49094c53f426d8cea1; 2014-12-14T17:29:23+00:00)
Maven home: /usr/local/maven
Java version: 1.7.0_76, vendor: Oracle Corporation
Java home: /usr/lib/jvm/java-7-oracle/jre
Default locale: en_US, platform encoding: UTF-8
OS name: "linux", version: "3.13.0-40-generic", arch: "amd64", family: "unix"
[INFO] Scanning for projects...
[WARNING] 
[WARNING] Some problems were encountered while building the effective model for com.squareup.retrofit:samples:jar:2.0.0-SNAPSHOT
[WARNING] 'build.plugins.plugin.version' for org.apache.maven.plugins:maven-deploy-plugin is missing. @ com.squareup.retrofit:samples:[unknown-version], /home/travis/build/square/retrofit/samples/pom.xml, line 36, column 15
[WARNING] 
[WARNING] It is highly recommended to fix these problems because they threaten the stability of your build.
[WARNING] 
[WARNING] For this reason, future Maven versions might no longer support building such malformed projects.
[WARNING] 
[INFO] ------------------------------------------------------------------------
[INFO] Reactor Build Order:
[INFO] 
[INFO] Retrofit (Parent)
[INFO] Retrofit
[INFO] Adapters
[INFO] Adapter: RxJava
[INFO] Retrofit Mock Adapter
[INFO] Adapter: RxJava Mock
[INFO] Converters
[INFO] Converter: Gson
[INFO] Converter: Protocol Buffers
[INFO] Converter: Jackson
[INFO] Converter: Wire Protocol Buffers
[INFO] Converter: SimpleXML
[INFO] Converter: Moshi
[INFO] Samples
[INFO]                                                                         
[INFO] ------------------------------------------------------------------------
[INFO] Building Retrofit (Parent) 2.0.0-SNAPSHOT
[INFO] ------------------------------------------------------------------------
[INFO] 
[INFO] --- maven-enforcer-plugin:1.0:enforce (enforce-maven) @ parent ---
[INFO] 
[INFO] --- maven-checkstyle-plugin:2.15:checkstyle (default) @ parent ---
[INFO] 
[INFO] --- maven-install-plugin:2.4:install (default-install) @ parent ---
[INFO] Installing /home/travis/build/square/retrofit/pom.xml to /home/travis/.m2/repository/com/squareup/retrofit/parent/2.0.0-SNAPSHOT/parent-2.0.0-SNAPSHOT.pom
[INFO]                                                                         
[INFO] ------------------------------------------------------------------------
[INFO] Building Retrofit 2.0.0-SNAPSHOT
[INFO] ------------------------------------------------------------------------
[INFO] Downloading: https://repository.apache.org/snapshots/com/squareup/okhttp/okhttp/2.5.0-SNAPSHOT/maven-metadata.xml
[INFO] Downloading: https://repository.apache.org/snapshots/com/squareup/okhttp/parent/2.5.0-SNAPSHOT/maven-metadata.xml
[INFO] Downloading: https://repository.apache.org/snapshots/com/squareup/okhttp/mockwebserver/2.5.0-SNAPSHOT/maven-metadata.xml
[INFO] Downloading: https://repository.apache.org/snapshots/com/squareup/okhttp/okhttp-ws/2.5.0-SNAPSHOT/maven-metadata.xml
[INFO] 
[INFO] --- maven-enforcer-plugin:1.0:enforce (enforce-maven) @ retrofit ---
[INFO] 
[INFO] --- maven-resources-plugin:2.6:resources (default-resources) @ retrofit ---
[INFO] Using 'UTF-8' encoding to copy filtered resources.
[INFO] skip non existing resourceDirectory /home/travis/build/square/retrofit/retrofit/src/main/resources
[INFO] 
[INFO] --- maven-compiler-plugin:3.0:compile (default-compile) @ retrofit ---
[INFO] Changes detected - recompiling the module!
[INFO] Compiling 44 source files to /home/travis/build/square/retrofit/retrofit/target/classes
[INFO] -------------------------------------------------------------
[WARNING] COMPILATION WARNING : 
[INFO] -------------------------------------------------------------
[WARNING] /home/travis/build/square/retrofit/retrofit/src/main/java/retrofit/RequestBuilderAction.java: /home/travis/build/square/retrofit/retrofit/src/main/java/retrofit/RequestBuilderAction.java uses unchecked or unsafe operations.
[WARNING] /home/travis/build/square/retrofit/retrofit/src/main/java/retrofit/RequestBuilderAction.java: Recompile with -Xlint:unchecked for details.
[INFO] 2 warnings 
[INFO] -------------------------------------------------------------
[INFO] -------------------------------------------------------------
[ERROR] COMPILATION ERROR : 
[INFO] -------------------------------------------------------------
[ERROR] /home/travis/build/square/retrofit/retrofit/src/main/java/retrofit/Platform.java:[76,20] cannot find symbol
  symbol:   method isDefault()
  location: variable method of type java.lang.reflect.Method
[INFO] 1 error
[INFO] -------------------------------------------------------------
[INFO] ------------------------------------------------------------------------
[INFO] Reactor Summary:
[INFO] 
[INFO] Retrofit (Parent) .................................. SUCCESS [  1.935 s]
[INFO] Retrofit ........................................... FAILURE [  3.923 s]
[INFO] Adapters ........................................... SKIPPED
[INFO] Adapter: RxJava .................................... SKIPPED
[INFO] Retrofit Mock Adapter .............................. SKIPPED
[INFO] Adapter: RxJava Mock ............................... SKIPPED
[INFO] Converters ......................................... SKIPPED
[INFO] Converter: Gson .................................... SKIPPED
[INFO] Converter: Protocol Buffers ........................ SKIPPED
[INFO] Converter: Jackson ................................. SKIPPED
[INFO] Converter: Wire Protocol Buffers ................... SKIPPED
[INFO] Converter: SimpleXML ............................... SKIPPED
[INFO] Converter: Moshi ................................... SKIPPED
[INFO] Samples ............................................ SKIPPED
[INFO] ------------------------------------------------------------------------
[INFO] BUILD FAILURE
[INFO] ------------------------------------------------------------------------
[INFO] Total time: 6.206 s
[INFO] Finished at: 2015-08-12T17:47:04+00:00
[INFO] Final Memory: 25M/465M
[INFO] ------------------------------------------------------------------------
[ERROR] Failed to execute goal org.apache.maven.plugins:maven-compiler-plugin:3.0:compile (default-compile) on project retrofit: Compilation failure
[ERROR] /home/travis/build/square/retrofit/retrofit/src/main/java/retrofit/Platform.java:[76,20] cannot find symbol
[ERROR] symbol:   method isDefault()
[ERROR] location: variable method of type java.lang.reflect.Method
[ERROR] -> [Help 1]
[ERROR] 
[ERROR] To see the full stack trace of the errors, re-run Maven with the -e switch.
[ERROR] Re-run Maven using the -X switch to enable full debug logging.
[ERROR] 
[ERROR] For more information about the errors and possible solutions, please read the following articles:
[ERROR] [Help 1] http://cwiki.apache.org/confluence/display/MAVEN/MojoFailureException
[ERROR] 
[ERROR] After correcting the problems, you can resume the build with the command
[ERROR]   mvn <goals> -rf :retrofit

[31;1mThe command "eval mvn install -DskipTests=true -Dmaven.javadoc.skip=true -B -V" failed. Retrying, 3 of 3.[0m

Apache Maven 3.2.5 (12a6b3acb947671f09b81f49094c53f426d8cea1; 2014-12-14T17:29:23+00:00)
Maven home: /usr/local/maven
Java version: 1.7.0_76, vendor: Oracle Corporation
Java home: /usr/lib/jvm/java-7-oracle/jre
Default locale: en_US, platform encoding: UTF-8
OS name: "linux", version: "3.13.0-40-generic", arch: "amd64", family: "unix"
[INFO] Scanning for projects...
[WARNING] 
[WARNING] Some problems were encountered while building the effective model for com.squareup.retrofit:samples:jar:2.0.0-SNAPSHOT
[WARNING] 'build.plugins.plugin.version' for org.apache.maven.plugins:maven-deploy-plugin is missing. @ com.squareup.retrofit:samples:[unknown-version], /home/travis/build/square/retrofit/samples/pom.xml, line 36, column 15
[WARNING] 
[WARNING] It is highly recommended to fix these problems because they threaten the stability of your build.
[WARNING] 
[WARNING] For this reason, future Maven versions might no longer support building such malformed projects.
[WARNING] 
[INFO] ------------------------------------------------------------------------
[INFO] Reactor Build Order:
[INFO] 
[INFO] Retrofit (Parent)
[INFO] Retrofit
[INFO] Adapters
[INFO] Adapter: RxJava
[INFO] Retrofit Mock Adapter
[INFO] Adapter: RxJava Mock
[INFO] Converters
[INFO] Converter: Gson
[INFO] Converter: Protocol Buffers
[INFO] Converter: Jackson
[INFO] Converter: Wire Protocol Buffers
[INFO] Converter: SimpleXML
[INFO] Converter: Moshi
[INFO] Samples
[INFO]                                                                         
[INFO] ------------------------------------------------------------------------
[INFO] Building Retrofit (Parent) 2.0.0-SNAPSHOT
[INFO] ------------------------------------------------------------------------
[INFO] 
[INFO] --- maven-enforcer-plugin:1.0:enforce (enforce-maven) @ parent ---
[INFO] 
[INFO] --- maven-checkstyle-plugin:2.15:checkstyle (default) @ parent ---
[INFO] 
[INFO] --- maven-install-plugin:2.4:install (default-install) @ parent ---
[INFO] Installing /home/travis/build/square/retrofit/pom.xml to /home/travis/.m2/repository/com/squareup/retrofit/parent/2.0.0-SNAPSHOT/parent-2.0.0-SNAPSHOT.pom
[INFO]                                                                         
[INFO] ------------------------------------------------------------------------
[INFO] Building Retrofit 2.0.0-SNAPSHOT
[INFO] ------------------------------------------------------------------------
[INFO] Downloading: https://repository.apache.org/snapshots/com/squareup/okhttp/okhttp/2.5.0-SNAPSHOT/maven-metadata.xml
[INFO] Downloading: https://repository.apache.org/snapshots/com/squareup/okhttp/parent/2.5.0-SNAPSHOT/maven-metadata.xml
[INFO] Downloading: https://repository.apache.org/snapshots/com/squareup/okhttp/mockwebserver/2.5.0-SNAPSHOT/maven-metadata.xml
[INFO] Downloading: https://repository.apache.org/snapshots/com/squareup/okhttp/okhttp-ws/2.5.0-SNAPSHOT/maven-metadata.xml
[INFO] 
[INFO] --- maven-enforcer-plugin:1.0:enforce (enforce-maven) @ retrofit ---
[INFO] 
[INFO] --- maven-resources-plugin:2.6:resources (default-resources) @ retrofit ---
[INFO] Using 'UTF-8' encoding to copy filtered resources.
[INFO] skip non existing resourceDirectory /home/travis/build/square/retrofit/retrofit/src/main/resources
[INFO] 
[INFO] --- maven-compiler-plugin:3.0:compile (default-compile) @ retrofit ---
[INFO] Changes detected - recompiling the module!
[INFO] Compiling 44 source files to /home/travis/build/square/retrofit/retrofit/target/classes
[INFO] -------------------------------------------------------------
[WARNING] COMPILATION WARNING : 
[INFO] -------------------------------------------------------------
[WARNING] /home/travis/build/square/retrofit/retrofit/src/main/java/retrofit/RequestBuilderAction.java: /home/travis/build/square/retrofit/retrofit/src/main/java/retrofit/RequestBuilderAction.java uses unchecked or unsafe operations.
[WARNING] /home/travis/build/square/retrofit/retrofit/src/main/java/retrofit/RequestBuilderAction.java: Recompile with -Xlint:unchecked for details.
[INFO] 2 warnings 
[INFO] -------------------------------------------------------------
[INFO] -------------------------------------------------------------
[ERROR] COMPILATION ERROR : 
[INFO] -------------------------------------------------------------
[ERROR] /home/travis/build/square/retrofit/retrofit/src/main/java/retrofit/Platform.java:[76,20] cannot find symbol
  symbol:   method isDefault()
  location: variable method of type java.lang.reflect.Method
[INFO] 1 error
[INFO] -------------------------------------------------------------
[INFO] ------------------------------------------------------------------------
[INFO] Reactor Summary:
[INFO] 
[INFO] Retrofit (Parent) .................................. SUCCESS [  1.792 s]
[INFO] Retrofit ........................................... FAILURE [  3.394 s]
[INFO] Adapters ........................................... SKIPPED
[INFO] Adapter: RxJava .................................... SKIPPED
[INFO] Retrofit Mock Adapter .............................. SKIPPED
[INFO] Adapter: RxJava Mock ............................... SKIPPED
[INFO] Converters ......................................... SKIPPED
[INFO] Converter: Gson .................................... SKIPPED
[INFO] Converter: Protocol Buffers ........................ SKIPPED
[INFO] Converter: Jackson ................................. SKIPPED
[INFO] Converter: Wire Protocol Buffers ................... SKIPPED
[INFO] Converter: SimpleXML ............................... SKIPPED
[INFO] Converter: Moshi ................................... SKIPPED
[INFO] Samples ............................................ SKIPPED
[INFO] ------------------------------------------------------------------------
[INFO] BUILD FAILURE
[INFO] ------------------------------------------------------------------------
[INFO] Total time: 5.547 s
[INFO] Finished at: 2015-08-12T17:47:12+00:00
[INFO] Final Memory: 25M/465M
[INFO] ------------------------------------------------------------------------
[ERROR] Failed to execute goal org.apache.maven.plugins:maven-compiler-plugin:3.0:compile (default-compile) on project retrofit: Compilation failure
[ERROR] /home/travis/build/square/retrofit/retrofit/src/main/java/retrofit/Platform.java:[76,20] cannot find symbol
[ERROR] symbol:   method isDefault()
[ERROR] location: variable method of type java.lang.reflect.Method
[ERROR] -> [Help 1]
[ERROR] 
[ERROR] To see the full stack trace of the errors, re-run Maven with the -e switch.
[ERROR] Re-run Maven using the -X switch to enable full debug logging.
[ERROR] 
[ERROR] For more information about the errors and possible solutions, please read the following articles:
[ERROR] [Help 1] http://cwiki.apache.org/confluence/display/MAVEN/MojoFailureException
[ERROR] 
[ERROR] After correcting the problems, you can resume the build with the command
[ERROR]   mvn <goals> -rf :retrofit

[31;1mThe command "eval mvn install -DskipTests=true -Dmaven.javadoc.skip=true -B -V" failed 3 times.[0m

travis_time:end:0de20956:start=1439401607814086612,finish=1439401634172581558,duration=26358494946[0K
[31;1mThe command "mvn install -DskipTests=true -Dmaven.javadoc.skip=true -B -V" failed and exited with 1 during .[0m

Your build has been stopped.
