Using worker: worker-linux-docker-c9523720.prod.travis-ci.org:travis-linux-6

travis_fold:start:system_info[0K[33;1mBuild system information[0m
Build language: java
[34m[1mBuild image provisioning date and time[0m
Thu Feb  5 15:09:33 UTC 2015
[34m[1mOperating System Details[0m
Distributor ID:	Ubuntu
Description:	Ubuntu 12.04.5 LTS
Release:	12.04
Codename:	precise
[34m[1mLinux Version[0m
3.13.0-29-generic
[34m[1mCookbooks Version[0m
a68419e https://github.com/travis-ci/travis-cookbooks/tree/a68419e
[34m[1mGCC version[0m
gcc (Ubuntu/Linaro 4.6.3-1ubuntu5) 4.6.3
Copyright (C) 2011 Free Software Foundation, Inc.
This is free software; see the source for copying conditions.  There is NO
warranty; not even for MERCHANTABILITY or FITNESS FOR A PARTICULAR PURPOSE.

[34m[1mLLVM version[0m
clang version 3.4 (tags/RELEASE_34/final)
Target: x86_64-unknown-linux-gnu
Thread model: posix
[34m[1mPre-installed Ruby versions[0m
ruby-1.9.3-p551
[34m[1mPre-installed Node.js versions[0m
v0.10.36
[34m[1mPre-installed Go versions[0m
1.4.1
[34m[1mRedis version[0m
redis-server 2.8.19
[34m[1mriak version[0m
2.0.2
[34m[1mMongoDB version[0m
MongoDB 2.4.12
[34m[1mCouchDB version[0m
couchdb 1.6.1
[34m[1mNeo4j version[0m
1.9.4
[34m[1mRabbitMQ Version[0m
3.4.3
[34m[1mElasticSearch version[0m
1.4.0
[34m[1mInstalled Sphinx versions[0m
2.0.10
2.1.9
2.2.6
[34m[1mDefault Sphinx version[0m
2.2.6
[34m[1mInstalled Firefox version[0m
firefox 31.0esr
[34m[1mPhantomJS version[0m
1.9.8
[34m[1mant -version[0m
Apache Ant(TM) version 1.8.2 compiled on December 3 2011
[34m[1mmvn -version[0m
Apache Maven 3.2.5 (12a6b3acb947671f09b81f49094c53f426d8cea1; 2014-12-14T17:29:23+00:00)
Maven home: /usr/local/maven
Java version: 1.7.0_76, vendor: Oracle Corporation
Java home: /usr/lib/jvm/java-7-oracle/jre
Default locale: en_US, platform encoding: ANSI_X3.4-1968
OS name: "linux", version: "3.13.0-29-generic", arch: "amd64", family: "unix"
travis_fold:end:system_info[0K
travis_fold:start:git.checkout[0Ktravis_time:start:0021229e[0K$ git clone --depth=50 --branch=master git://github.com/square/retrofit.git square/retrofit
Cloning into 'square/retrofit'...
remote: Counting objects: 1570, done.[K
remote: Compressing objects:   0% (1/694)   [Kremote: Compressing objects:   1% (7/694)   [Kremote: Compressing objects:   2% (14/694)   [Kremote: Compressing objects:   3% (21/694)   [Kremote: Compressing objects:   4% (28/694)   [Kremote: Compressing objects:   5% (35/694)   [Kremote: Compressing objects:   6% (42/694)   [Kremote: Compressing objects:   7% (49/694)   [Kremote: Compressing objects:   8% (56/694)   [Kremote: Compressing objects:   9% (63/694)   [Kremote: Compressing objects:  10% (70/694)   [Kremote: Compressing objects:  11% (77/694)   [Kremote: Compressing objects:  12% (84/694)   [Kremote: Compressing objects:  13% (91/694)   [Kremote: Compressing objects:  14% (98/694)   [Kremote: Compressing objects:  15% (105/694)   [Kremote: Compressing objects:  16% (112/694)   [Kremote: Compressing objects:  17% (118/694)   [Kremote: Compressing objects:  18% (125/694)   [Kremote: Compressing objects:  19% (132/694)   [Kremote: Compressing objects:  20% (139/694)   [Kremote: Compressing objects:  21% (146/694)   [Kremote: Compressing objects:  22% (153/694)   [Kremote: Compressing objects:  23% (160/694)   [Kremote: Compressing objects:  24% (167/694)   [Kremote: Compressing objects:  25% (174/694)   [Kremote: Compressing objects:  26% (181/694)   [Kremote: Compressing objects:  27% (188/694)   [Kremote: Compressing objects:  28% (195/694)   [Kremote: Compressing objects:  29% (202/694)   [Kremote: Compressing objects:  30% (209/694)   [Kremote: Compressing objects:  31% (216/694)   [Kremote: Compressing objects:  32% (223/694)   [Kremote: Compressing objects:  33% (230/694)   [Kremote: Compressing objects:  34% (236/694)   [Kremote: Compressing objects:  35% (243/694)   [Kremote: Compressing objects:  36% (250/694)   [Kremote: Compressing objects:  37% (257/694)   [Kremote: Compressing objects:  38% (264/694)   [Kremote: Compressing objects:  39% (271/694)   [Kremote: Compressing objects:  40% (278/694)   [Kremote: Compressing objects:  41% (285/694)   [Kremote: Compressing objects:  42% (292/694)   [Kremote: Compressing objects:  43% (299/694)   [Kremote: Compressing objects:  44% (306/694)   [Kremote: Compressing objects:  45% (313/694)   [Kremote: Compressing objects:  46% (320/694)   [Kremote: Compressing objects:  47% (327/694)   [Kremote: Compressing objects:  48% (334/694)   [Kremote: Compressing objects:  49% (341/694)   [Kremote: Compressing objects:  50% (347/694)   [Kremote: Compressing objects:  51% (354/694)   [Kremote: Compressing objects:  52% (361/694)   [Kremote: Compressing objects:  53% (368/694)   [Kremote: Compressing objects:  54% (375/694)   [Kremote: Compressing objects:  55% (382/694)   [Kremote: Compressing objects:  56% (389/694)   [Kremote: Compressing objects:  57% (396/694)   [Kremote: Compressing objects:  58% (403/694)   [Kremote: Compressing objects:  59% (410/694)   [Kremote: Compressing objects:  60% (417/694)   [Kremote: Compressing objects:  61% (424/694)   [Kremote: Compressing objects:  62% (431/694)   [Kremote: Compressing objects:  63% (438/694)   [Kremote: Compressing objects:  64% (445/694)   [Kremote: Compressing objects:  65% (452/694)   [Kremote: Compressing objects:  66% (459/694)   [Kremote: Compressing objects:  67% (465/694)   [Kremote: Compressing objects:  68% (472/694)   [Kremote: Compressing objects:  69% (479/694)   [Kremote: Compressing objects:  70% (486/694)   [Kremote: Compressing objects:  71% (493/694)   [Kremote: Compressing objects:  72% (500/694)   [Kremote: Compressing objects:  73% (507/694)   [Kremote: Compressing objects:  74% (514/694)   [Kremote: Compressing objects:  75% (521/694)   [Kremote: Compressing objects:  76% (528/694)   [Kremote: Compressing objects:  77% (535/694)   [Kremote: Compressing objects:  78% (542/694)   [Kremote: Compressing objects:  79% (549/694)   [Kremote: Compressing objects:  80% (556/694)   [Kremote: Compressing objects:  81% (563/694)   [Kremote: Compressing objects:  82% (570/694)   [Kremote: Compressing objects:  83% (577/694)   [Kremote: Compressing objects:  84% (583/694)   [Kremote: Compressing objects:  85% (590/694)   [Kremote: Compressing objects:  86% (597/694)   [Kremote: Compressing objects:  87% (604/694)   [Kremote: Compressing objects:  88% (611/694)   [Kremote: Compressing objects:  89% (618/694)   [Kremote: Compressing objects:  90% (625/694)   [Kremote: Compressing objects:  91% (632/694)   [Kremote: Compressing objects:  92% (639/694)   [Kremote: Compressing objects:  93% (646/694)   [Kremote: Compressing objects:  94% (653/694)   [Kremote: Compressing objects:  95% (660/694)   [Kremote: Compressing objects:  96% (667/694)   [Kremote: Compressing objects:  97% (674/694)   [Kremote: Compressing objects:  98% (681/694)   [Kremote: Compressing objects:  99% (688/694)   [Kremote: Compressing objects: 100% (694/694)   [Kremote: Compressing objects: 100% (694/694), done.[K
Receiving objects:   0% (1/1570)   Receiving objects:   1% (16/1570)   Receiving objects:   2% (32/1570)   Receiving objects:   3% (48/1570)   Receiving objects:   4% (63/1570)   Receiving objects:   5% (79/1570)   Receiving objects:   6% (95/1570)   Receiving objects:   7% (110/1570)   Receiving objects:   8% (126/1570)   Receiving objects:   9% (142/1570)   Receiving objects:  10% (157/1570)   Receiving objects:  11% (173/1570)   Receiving objects:  12% (189/1570)   Receiving objects:  13% (205/1570)   Receiving objects:  14% (220/1570)   Receiving objects:  15% (236/1570)   Receiving objects:  16% (252/1570)   Receiving objects:  17% (267/1570)   Receiving objects:  18% (283/1570)   Receiving objects:  19% (299/1570)   Receiving objects:  20% (314/1570)   Receiving objects:  21% (330/1570)   Receiving objects:  22% (346/1570)   Receiving objects:  23% (362/1570)   Receiving objects:  24% (377/1570)   Receiving objects:  25% (393/1570)   Receiving objects:  26% (409/1570)   Receiving objects:  27% (424/1570)   Receiving objects:  28% (440/1570)   Receiving objects:  29% (456/1570)   Receiving objects:  30% (471/1570)   Receiving objects:  31% (487/1570)   Receiving objects:  32% (503/1570)   Receiving objects:  33% (519/1570)   Receiving objects:  34% (534/1570)   Receiving objects:  35% (550/1570)   Receiving objects:  36% (566/1570)   Receiving objects:  37% (581/1570)   Receiving objects:  38% (597/1570)   Receiving objects:  39% (613/1570)   Receiving objects:  40% (628/1570)   Receiving objects:  41% (644/1570)   Receiving objects:  42% (660/1570)   Receiving objects:  43% (676/1570)   Receiving objects:  44% (691/1570)   Receiving objects:  45% (707/1570)   Receiving objects:  46% (723/1570)   Receiving objects:  47% (738/1570)   Receiving objects:  48% (754/1570)   Receiving objects:  49% (770/1570)   Receiving objects:  50% (785/1570)   Receiving objects:  51% (801/1570)   Receiving objects:  52% (817/1570)   Receiving objects:  53% (833/1570)   Receiving objects:  54% (848/1570)   Receiving objects:  55% (864/1570)   Receiving objects:  56% (880/1570)   Receiving objects:  57% (895/1570)   Receiving objects:  58% (911/1570)   Receiving objects:  59% (927/1570)   Receiving objects:  60% (942/1570)   Receiving objects:  61% (958/1570)   Receiving objects:  62% (974/1570)   Receiving objects:  63% (990/1570)   Receiving objects:  64% (1005/1570)   Receiving objects:  65% (1021/1570)   Receiving objects:  66% (1037/1570)   Receiving objects:  67% (1052/1570)   Receiving objects:  68% (1068/1570)   Receiving objects:  69% (1084/1570)   Receiving objects:  70% (1099/1570)   Receiving objects:  71% (1115/1570)   Receiving objects:  72% (1131/1570)   Receiving objects:  73% (1147/1570)   Receiving objects:  74% (1162/1570)   remote: Total 1570 (delta 550), reused 1425 (delta 443), pack-reused 0[K
Receiving objects:  75% (1178/1570)   Receiving objects:  76% (1194/1570)   Receiving objects:  77% (1209/1570)   Receiving objects:  78% (1225/1570)   Receiving objects:  79% (1241/1570)   Receiving objects:  80% (1256/1570)   Receiving objects:  81% (1272/1570)   Receiving objects:  82% (1288/1570)   Receiving objects:  83% (1304/1570)   Receiving objects:  84% (1319/1570)   Receiving objects:  85% (1335/1570)   Receiving objects:  86% (1351/1570)   Receiving objects:  87% (1366/1570)   Receiving objects:  88% (1382/1570)   Receiving objects:  89% (1398/1570)   Receiving objects:  90% (1413/1570)   Receiving objects:  91% (1429/1570)   Receiving objects:  92% (1445/1570)   Receiving objects:  93% (1461/1570)   Receiving objects:  94% (1476/1570)   Receiving objects:  95% (1492/1570)   Receiving objects:  96% (1508/1570)   Receiving objects:  97% (1523/1570)   Receiving objects:  98% (1539/1570)   Receiving objects:  99% (1555/1570)   Receiving objects: 100% (1570/1570)   Receiving objects: 100% (1570/1570), 386.03 KiB | 0 bytes/s, done.
Resolving deltas:   0% (0/550)   Resolving deltas:  11% (61/550)   Resolving deltas:  12% (68/550)   Resolving deltas:  13% (72/550)   Resolving deltas:  14% (79/550)   Resolving deltas:  18% (102/550)   Resolving deltas:  19% (105/550)   Resolving deltas:  20% (111/550)   Resolving deltas:  25% (139/550)   Resolving deltas:  26% (144/550)   Resolving deltas:  27% (151/550)   Resolving deltas:  28% (154/550)   Resolving deltas:  32% (178/550)   Resolving deltas:  34% (192/550)   Resolving deltas:  39% (218/550)   Resolving deltas:  40% (220/550)   Resolving deltas:  41% (226/550)   Resolving deltas:  42% (231/550)   Resolving deltas:  43% (238/550)   Resolving deltas:  44% (242/550)   Resolving deltas:  46% (255/550)   Resolving deltas:  47% (259/550)   Resolving deltas:  48% (264/550)   Resolving deltas:  49% (271/550)   Resolving deltas:  50% (278/550)   Resolving deltas:  52% (286/550)   Resolving deltas:  53% (295/550)   Resolving deltas:  54% (301/550)   Resolving deltas:  56% (310/550)   Resolving deltas:  57% (318/550)   Resolving deltas:  58% (322/550)   Resolving deltas:  59% (329/550)   Resolving deltas:  64% (355/550)   Resolving deltas:  65% (361/550)   Resolving deltas:  68% (374/550)   Resolving deltas:  71% (392/550)   Resolving deltas:  72% (397/550)   Resolving deltas:  73% (402/550)   Resolving deltas:  74% (407/550)   Resolving deltas:  75% (414/550)   Resolving deltas:  78% (430/550)   Resolving deltas:  79% (436/550)   Resolving deltas:  80% (443/550)   Resolving deltas:  81% (446/550)   Resolving deltas:  82% (452/550)   Resolving deltas:  83% (458/550)   Resolving deltas:  84% (462/550)   Resolving deltas:  85% (468/550)   Resolving deltas:  86% (475/550)   Resolving deltas:  87% (482/550)   Resolving deltas:  88% (485/550)   Resolving deltas:  89% (491/550)   Resolving deltas:  90% (498/550)   Resolving deltas:  91% (501/550)   Resolving deltas:  92% (506/550)   Resolving deltas:  93% (512/550)   Resolving deltas:  94% (520/550)   Resolving deltas:  95% (523/550)   Resolving deltas:  96% (529/550)   Resolving deltas:  97% (536/550)   Resolving deltas:  98% (542/550)   Resolving deltas:  99% (548/550)   Resolving deltas: 100% (550/550)   Resolving deltas: 100% (550/550), done.
Checking connectivity... done.
travis_time:end:0021229e:start=1439745370683231022,finish=1439745370907411030,duration=224180008[0K$ cd square/retrofit
$ git checkout -qf 71b0a9e56a41aec91a8a3990a41bd9b4e60ef66a
travis_fold:end:git.checkout[0K
[33;1mThis job is running on container-based infrastructure, which does not allow use of 'sudo', setuid and setguid executables.[0m
[33;1mIf you require sudo, add 'sudo: required' to your .travis.yml[0m
[33;1mSee http://docs.travis-ci.com/user/workers/container-based-infrastructure/ for details.[0m

[33;1mSetting environment variables from .travis.yml[0m
$ export CI_DEPLOY_USERNAME=[secure]
$ export CI_DEPLOY_PASSWORD=[secure]

travis_fold:start:cache.1[0KSetting up build cache
$ export CASHER_DIR=$HOME/.casher
travis_time:start:027e6840[0K$ Installing caching utilities
travis_time:end:027e6840:start=1439745373644927746,finish=1439745373734819381,duration=89891635[0Ktravis_time:start:028dfcc9[0Kattempting to download cache archive
fetching master/cache--jdk-oraclejdk8.tgz
found cache
travis_time:end:028dfcc9:start=1439745373740249754,finish=1439745375090136438,duration=1349886684[0Ktravis_time:start:03a5fb07[0Kadding /home/travis/.m2 to cache
travis_time:end:03a5fb07:start=1439745375094218799,finish=1439745377700834390,duration=2606615591[0Ktravis_fold:end:cache.1[0K$ jdk_switcher use oraclejdk8
Switching to Oracle JDK8 (java-8-oracle), JAVA_HOME will be set to /usr/lib/jvm/java-8-oracle
$ java -Xmx32m -version
java version "1.8.0_31"
Java(TM) SE Runtime Environment (build 1.8.0_31-b13)
Java HotSpot(TM) 64-Bit Server VM (build 25.31-b07, mixed mode)
$ javac -J-Xmx32m -version
javac 1.8.0_31
travis_fold:start:install[0Ktravis_time:start:03b6b100[0K$ mvn install -DskipTests=true -Dmaven.javadoc.skip=true -B -V
Java HotSpot(TM) 64-Bit Server VM warning: ignoring option MaxPermSize=192m; support was removed in 8.0
Apache Maven 3.2.5 (12a6b3acb947671f09b81f49094c53f426d8cea1; 2014-12-14T17:29:23+00:00)
Maven home: /usr/local/maven
Java version: 1.8.0_31, vendor: Oracle Corporation
Java home: /usr/lib/jvm/java-8-oracle/jre
Default locale: en_US, platform encoding: UTF-8
OS name: "linux", version: "3.13.0-40-generic", arch: "amd64", family: "unix"
[INFO] Scanning for projects...
[WARNING] 
[WARNING] Some problems were encountered while building the effective model for com.squareup.retrofit:samples:jar:2.0.0-SNAPSHOT
[WARNING] 'build.plugins.plugin.version' for org.apache.maven.plugins:maven-deploy-plugin is missing. @ com.squareup.retrofit:samples:[unknown-version], /home/travis/build/square/retrofit/samples/pom.xml, line 36, column 15
[WARNING] 
[WARNING] It is highly recommended to fix these problems because they threaten the stability of your build.
[WARNING] 
[WARNING] For this reason, future Maven versions might no longer support building such malformed projects.
[WARNING] 
[INFO] ------------------------------------------------------------------------
[INFO] Reactor Build Order:
[INFO] 
[INFO] Retrofit (Parent)
[INFO] Retrofit
[INFO] Adapters
[INFO] Adapter: RxJava
[INFO] Retrofit Mock Adapter
[INFO] Adapter: RxJava Mock
[INFO] Converters
[INFO] Converter: Gson
[INFO] Converter: Protocol Buffers
[INFO] Converter: Jackson
[INFO] Converter: Wire Protocol Buffers
[INFO] Converter: SimpleXML
[INFO] Converter: Moshi
[INFO] Samples
[INFO]                                                                         
[INFO] ------------------------------------------------------------------------
[INFO] Building Retrofit (Parent) 2.0.0-SNAPSHOT
[INFO] ------------------------------------------------------------------------
[INFO] 
[INFO] --- maven-enforcer-plugin:1.0:enforce (enforce-maven) @ parent ---
[INFO] 
[INFO] --- maven-checkstyle-plugin:2.15:checkstyle (default) @ parent ---
[INFO] 
[INFO] --- maven-install-plugin:2.4:install (default-install) @ parent ---
[INFO] Installing /home/travis/build/square/retrofit/pom.xml to /home/travis/.m2/repository/com/squareup/retrofit/parent/2.0.0-SNAPSHOT/parent-2.0.0-SNAPSHOT.pom
[INFO]                                                                         
[INFO] ------------------------------------------------------------------------
[INFO] Building Retrofit 2.0.0-SNAPSHOT
[INFO] ------------------------------------------------------------------------
[INFO] Downloading: https://oss.sonatype.org/content/repositories/snapshots/com/squareup/okhttp/okhttp/2.5.0-SNAPSHOT/maven-metadata.xml
[INFO] Downloading: https://repository.apache.org/snapshots/com/squareup/okhttp/okhttp/2.5.0-SNAPSHOT/maven-metadata.xml
[INFO] Downloaded: https://oss.sonatype.org/content/repositories/snapshots/com/squareup/okhttp/okhttp/2.5.0-SNAPSHOT/maven-metadata.xml (2 KB at 0.8 KB/sec)
[INFO] Downloading: https://repository.apache.org/snapshots/com/squareup/okhttp/parent/2.5.0-SNAPSHOT/maven-metadata.xml
[INFO] Downloading: https://oss.sonatype.org/content/repositories/snapshots/com/squareup/okhttp/parent/2.5.0-SNAPSHOT/maven-metadata.xml
[INFO] Downloaded: https://oss.sonatype.org/content/repositories/snapshots/com/squareup/okhttp/parent/2.5.0-SNAPSHOT/maven-metadata.xml (604 B at 12.5 KB/sec)
[INFO] Downloading: https://repository.apache.org/snapshots/com/squareup/okhttp/mockwebserver/2.5.0-SNAPSHOT/maven-metadata.xml
[INFO] Downloading: https://oss.sonatype.org/content/repositories/snapshots/com/squareup/okhttp/mockwebserver/2.5.0-SNAPSHOT/maven-metadata.xml
[INFO] Downloaded: https://oss.sonatype.org/content/repositories/snapshots/com/squareup/okhttp/mockwebserver/2.5.0-SNAPSHOT/maven-metadata.xml (2 KB at 36.2 KB/sec)
[INFO] Downloading: https://repository.apache.org/snapshots/com/squareup/okhttp/okhttp-ws/2.5.0-SNAPSHOT/maven-metadata.xml
[INFO] Downloading: https://oss.sonatype.org/content/repositories/snapshots/com/squareup/okhttp/okhttp-ws/2.5.0-SNAPSHOT/maven-metadata.xml
[INFO] Downloaded: https://oss.sonatype.org/content/repositories/snapshots/com/squareup/okhttp/okhttp-ws/2.5.0-SNAPSHOT/maven-metadata.xml (2 KB at 26.9 KB/sec)
[INFO] 
[INFO] --- maven-enforcer-plugin:1.0:enforce (enforce-maven) @ retrofit ---
[INFO] 
[INFO] --- maven-resources-plugin:2.6:resources (default-resources) @ retrofit ---
[INFO] Using 'UTF-8' encoding to copy filtered resources.
[INFO] skip non existing resourceDirectory /home/travis/build/square/retrofit/retrofit/src/main/resources
[INFO] 
[INFO] --- maven-compiler-plugin:3.0:compile (default-compile) @ retrofit ---
[INFO] Changes detected - recompiling the module!
[INFO] Compiling 45 source files to /home/travis/build/square/retrofit/retrofit/target/classes
[WARNING] /home/travis/build/square/retrofit/retrofit/src/main/java/retrofit/RequestBuilderAction.java: /home/travis/build/square/retrofit/retrofit/src/main/java/retrofit/RequestBuilderAction.java uses unchecked or unsafe operations.
[WARNING] /home/travis/build/square/retrofit/retrofit/src/main/java/retrofit/RequestBuilderAction.java: Recompile with -Xlint:unchecked for details.
[INFO] 
[INFO] --- maven-resources-plugin:2.6:testResources (default-testResources) @ retrofit ---
[INFO] Using 'UTF-8' encoding to copy filtered resources.
[INFO] skip non existing resourceDirectory /home/travis/build/square/retrofit/retrofit/src/test/resources
[INFO] 
[INFO] --- maven-compiler-plugin:3.0:testCompile (default-testCompile) @ retrofit ---
[INFO] Changes detected - recompiling the module!
[INFO] Compiling 7 source files to /home/travis/build/square/retrofit/retrofit/target/test-classes
[INFO] 
[INFO] --- maven-surefire-plugin:2.12.4:test (default-test) @ retrofit ---
[INFO] Tests are skipped.
[INFO] 
[INFO] --- maven-jar-plugin:2.4:jar (default-jar) @ retrofit ---
[INFO] Building jar: /home/travis/build/square/retrofit/retrofit/target/retrofit-2.0.0-SNAPSHOT.jar
[INFO] 
[INFO] --- maven-checkstyle-plugin:2.15:checkstyle (default) @ retrofit ---
[INFO] Starting audit...
Audit done.
[WARNING] Unable to locate Source XRef to link to - DISABLED
[INFO] 
[INFO] --- maven-install-plugin:2.4:install (default-install) @ retrofit ---
[INFO] Installing /home/travis/build/square/retrofit/retrofit/target/retrofit-2.0.0-SNAPSHOT.jar to /home/travis/.m2/repository/com/squareup/retrofit/retrofit/2.0.0-SNAPSHOT/retrofit-2.0.0-SNAPSHOT.jar
[INFO] Installing /home/travis/build/square/retrofit/retrofit/pom.xml to /home/travis/.m2/repository/com/squareup/retrofit/retrofit/2.0.0-SNAPSHOT/retrofit-2.0.0-SNAPSHOT.pom
[INFO]                                                                         
[INFO] ------------------------------------------------------------------------
[INFO] Building Adapters 2.0.0-SNAPSHOT
[INFO] ------------------------------------------------------------------------
[INFO] 
[INFO] --- maven-enforcer-plugin:1.0:enforce (enforce-maven) @ retrofit-adapters ---
[INFO] 
[INFO] --- maven-checkstyle-plugin:2.15:checkstyle (default) @ retrofit-adapters ---
[INFO] 
[INFO] --- maven-install-plugin:2.4:install (default-install) @ retrofit-adapters ---
[INFO] Installing /home/travis/build/square/retrofit/retrofit-adapters/pom.xml to /home/travis/.m2/repository/com/squareup/retrofit/retrofit-adapters/2.0.0-SNAPSHOT/retrofit-adapters-2.0.0-SNAPSHOT.pom
[INFO]                                                                         
[INFO] ------------------------------------------------------------------------
[INFO] Building Adapter: RxJava 2.0.0-SNAPSHOT
[INFO] ------------------------------------------------------------------------
[INFO] 
[INFO] --- maven-enforcer-plugin:1.0:enforce (enforce-maven) @ adapter-rxjava ---
[INFO] 
[INFO] --- maven-resources-plugin:2.6:resources (default-resources) @ adapter-rxjava ---
[INFO] Using 'UTF-8' encoding to copy filtered resources.
[INFO] skip non existing resourceDirectory /home/travis/build/square/retrofit/retrofit-adapters/rxjava/src/main/resources
[INFO] 
[INFO] --- maven-compiler-plugin:3.0:compile (default-compile) @ adapter-rxjava ---
[INFO] Changes detected - recompiling the module!
[INFO] Compiling 3 source files to /home/travis/build/square/retrofit/retrofit-adapters/rxjava/target/classes
[INFO] 
[INFO] --- maven-resources-plugin:2.6:testResources (default-testResources) @ adapter-rxjava ---
[INFO] Using 'UTF-8' encoding to copy filtered resources.
[INFO] skip non existing resourceDirectory /home/travis/build/square/retrofit/retrofit-adapters/rxjava/src/test/resources
[INFO] 
[INFO] --- maven-compiler-plugin:3.0:testCompile (default-testCompile) @ adapter-rxjava ---
[INFO] Changes detected - recompiling the module!
[INFO] Compiling 2 source files to /home/travis/build/square/retrofit/retrofit-adapters/rxjava/target/test-classes
[INFO] 
[INFO] --- maven-surefire-plugin:2.12.4:test (default-test) @ adapter-rxjava ---
[INFO] Tests are skipped.
[INFO] 
[INFO] --- maven-jar-plugin:2.4:jar (default-jar) @ adapter-rxjava ---
[INFO] Building jar: /home/travis/build/square/retrofit/retrofit-adapters/rxjava/target/adapter-rxjava-2.0.0-SNAPSHOT.jar
[INFO] 
[INFO] --- maven-checkstyle-plugin:2.15:checkstyle (default) @ adapter-rxjava ---
[INFO] Starting audit...
Audit done.
[WARNING] Unable to locate Source XRef to link to - DISABLED
[INFO] 
[INFO] --- maven-install-plugin:2.4:install (default-install) @ adapter-rxjava ---
[INFO] Installing /home/travis/build/square/retrofit/retrofit-adapters/rxjava/target/adapter-rxjava-2.0.0-SNAPSHOT.jar to /home/travis/.m2/repository/com/squareup/retrofit/adapter-rxjava/2.0.0-SNAPSHOT/adapter-rxjava-2.0.0-SNAPSHOT.jar
[INFO] Installing /home/travis/build/square/retrofit/retrofit-adapters/rxjava/pom.xml to /home/travis/.m2/repository/com/squareup/retrofit/adapter-rxjava/2.0.0-SNAPSHOT/adapter-rxjava-2.0.0-SNAPSHOT.pom
[INFO]                                                                         
[INFO] ------------------------------------------------------------------------
[INFO] Building Retrofit Mock Adapter 2.0.0-SNAPSHOT
[INFO] ------------------------------------------------------------------------
[INFO] 
[INFO] --- maven-enforcer-plugin:1.0:enforce (enforce-maven) @ retrofit-mock ---
[INFO] 
[INFO] --- maven-resources-plugin:2.6:resources (default-resources) @ retrofit-mock ---
[INFO] Using 'UTF-8' encoding to copy filtered resources.
[INFO] skip non existing resourceDirectory /home/travis/build/square/retrofit/retrofit-mock/src/main/resources
[INFO] 
[INFO] --- maven-compiler-plugin:3.0:compile (default-compile) @ retrofit-mock ---
[INFO] Changes detected - recompiling the module!
[INFO] Compiling 6 source files to /home/travis/build/square/retrofit/retrofit-mock/target/classes
[INFO] 
[INFO] --- maven-resources-plugin:2.6:testResources (default-testResources) @ retrofit-mock ---
[INFO] Using 'UTF-8' encoding to copy filtered resources.
[INFO] skip non existing resourceDirectory /home/travis/build/square/retrofit/retrofit-mock/src/test/resources
[INFO] 
[INFO] --- maven-compiler-plugin:3.0:testCompile (default-testCompile) @ retrofit-mock ---
[INFO] Changes detected - recompiling the module!
[INFO] Compiling 2 source files to /home/travis/build/square/retrofit/retrofit-mock/target/test-classes
[INFO] 
[INFO] --- maven-surefire-plugin:2.12.4:test (default-test) @ retrofit-mock ---
[INFO] Tests are skipped.
[INFO] 
[INFO] --- maven-jar-plugin:2.4:jar (default-jar) @ retrofit-mock ---
[INFO] Building jar: /home/travis/build/square/retrofit/retrofit-mock/target/retrofit-mock-2.0.0-SNAPSHOT.jar
[INFO] 
[INFO] --- maven-checkstyle-plugin:2.15:checkstyle (default) @ retrofit-mock ---
[INFO] Starting audit...
Audit done.
[WARNING] Unable to locate Source XRef to link to - DISABLED
[INFO] 
[INFO] --- maven-install-plugin:2.4:install (default-install) @ retrofit-mock ---
[INFO] Installing /home/travis/build/square/retrofit/retrofit-mock/target/retrofit-mock-2.0.0-SNAPSHOT.jar to /home/travis/.m2/repository/com/squareup/retrofit/retrofit-mock/2.0.0-SNAPSHOT/retrofit-mock-2.0.0-SNAPSHOT.jar
[INFO] Installing /home/travis/build/square/retrofit/retrofit-mock/pom.xml to /home/travis/.m2/repository/com/squareup/retrofit/retrofit-mock/2.0.0-SNAPSHOT/retrofit-mock-2.0.0-SNAPSHOT.pom
[INFO]                                                                         
[INFO] ------------------------------------------------------------------------
[INFO] Building Adapter: RxJava Mock 2.0.0-SNAPSHOT
[INFO] ------------------------------------------------------------------------
[INFO] 
[INFO] --- maven-enforcer-plugin:1.0:enforce (enforce-maven) @ adapter-rxjava-mock ---
[INFO] 
[INFO] --- maven-resources-plugin:2.6:resources (default-resources) @ adapter-rxjava-mock ---
[INFO] Using 'UTF-8' encoding to copy filtered resources.
[INFO] skip non existing resourceDirectory /home/travis/build/square/retrofit/retrofit-adapters/rxjava-mock/src/main/resources
[INFO] 
[INFO] --- maven-compiler-plugin:3.0:compile (default-compile) @ adapter-rxjava-mock ---
[INFO] Changes detected - recompiling the module!
[INFO] Compiling 1 source file to /home/travis/build/square/retrofit/retrofit-adapters/rxjava-mock/target/classes
[INFO] 
[INFO] --- maven-resources-plugin:2.6:testResources (default-testResources) @ adapter-rxjava-mock ---
[INFO] Using 'UTF-8' encoding to copy filtered resources.
[INFO] skip non existing resourceDirectory /home/travis/build/square/retrofit/retrofit-adapters/rxjava-mock/src/test/resources
[INFO] 
[INFO] --- maven-compiler-plugin:3.0:testCompile (default-testCompile) @ adapter-rxjava-mock ---
[INFO] Changes detected - recompiling the module!
[INFO] Compiling 1 source file to /home/travis/build/square/retrofit/retrofit-adapters/rxjava-mock/target/test-classes
[INFO] 
[INFO] --- maven-surefire-plugin:2.12.4:test (default-test) @ adapter-rxjava-mock ---
[INFO] Tests are skipped.
[INFO] 
[INFO] --- maven-jar-plugin:2.4:jar (default-jar) @ adapter-rxjava-mock ---
[INFO] Building jar: /home/travis/build/square/retrofit/retrofit-adapters/rxjava-mock/target/adapter-rxjava-mock-2.0.0-SNAPSHOT.jar
[INFO] 
[INFO] --- maven-checkstyle-plugin:2.15:checkstyle (default) @ adapter-rxjava-mock ---
[INFO] Starting audit...
Audit done.
[WARNING] Unable to locate Source XRef to link to - DISABLED
[INFO] 
[INFO] --- maven-install-plugin:2.4:install (default-install) @ adapter-rxjava-mock ---
[INFO] Installing /home/travis/build/square/retrofit/retrofit-adapters/rxjava-mock/target/adapter-rxjava-mock-2.0.0-SNAPSHOT.jar to /home/travis/.m2/repository/com/squareup/retrofit/adapter-rxjava-mock/2.0.0-SNAPSHOT/adapter-rxjava-mock-2.0.0-SNAPSHOT.jar
[INFO] Installing /home/travis/build/square/retrofit/retrofit-adapters/rxjava-mock/pom.xml to /home/travis/.m2/repository/com/squareup/retrofit/adapter-rxjava-mock/2.0.0-SNAPSHOT/adapter-rxjava-mock-2.0.0-SNAPSHOT.pom
[INFO]                                                                         
[INFO] ------------------------------------------------------------------------
[INFO] Building Converters 2.0.0-SNAPSHOT
[INFO] ------------------------------------------------------------------------
[INFO] 
[INFO] --- maven-enforcer-plugin:1.0:enforce (enforce-maven) @ retrofit-converters ---
[INFO] 
[INFO] --- maven-checkstyle-plugin:2.15:checkstyle (default) @ retrofit-converters ---
[INFO] 
[INFO] --- maven-install-plugin:2.4:install (default-install) @ retrofit-converters ---
[INFO] Installing /home/travis/build/square/retrofit/retrofit-converters/pom.xml to /home/travis/.m2/repository/com/squareup/retrofit/retrofit-converters/2.0.0-SNAPSHOT/retrofit-converters-2.0.0-SNAPSHOT.pom
[INFO]                                                                         
[INFO] ------------------------------------------------------------------------
[INFO] Building Converter: Gson 2.0.0-SNAPSHOT
[INFO] ------------------------------------------------------------------------
[INFO] 
[INFO] --- maven-enforcer-plugin:1.0:enforce (enforce-maven) @ converter-gson ---
[INFO] 
[INFO] --- maven-resources-plugin:2.6:resources (default-resources) @ converter-gson ---
[INFO] Using 'UTF-8' encoding to copy filtered resources.
[INFO] skip non existing resourceDirectory /home/travis/build/square/retrofit/retrofit-converters/gson/src/main/resources
[INFO] 
[INFO] --- maven-compiler-plugin:3.0:compile (default-compile) @ converter-gson ---
[INFO] Changes detected - recompiling the module!
[INFO] Compiling 2 source files to /home/travis/build/square/retrofit/retrofit-converters/gson/target/classes
[INFO] 
[INFO] --- maven-resources-plugin:2.6:testResources (default-testResources) @ converter-gson ---
[INFO] Using 'UTF-8' encoding to copy filtered resources.
[INFO] skip non existing resourceDirectory /home/travis/build/square/retrofit/retrofit-converters/gson/src/test/resources
[INFO] 
[INFO] --- maven-compiler-plugin:3.0:testCompile (default-testCompile) @ converter-gson ---
[INFO] Changes detected - recompiling the module!
[INFO] Compiling 1 source file to /home/travis/build/square/retrofit/retrofit-converters/gson/target/test-classes
[INFO] 
[INFO] --- maven-surefire-plugin:2.12.4:test (default-test) @ converter-gson ---
[INFO] Tests are skipped.
[INFO] 
[INFO] --- maven-jar-plugin:2.4:jar (default-jar) @ converter-gson ---
[INFO] Building jar: /home/travis/build/square/retrofit/retrofit-converters/gson/target/converter-gson-2.0.0-SNAPSHOT.jar
[INFO] 
[INFO] --- maven-checkstyle-plugin:2.15:checkstyle (default) @ converter-gson ---
[INFO] Starting audit...
Audit done.
[WARNING] Unable to locate Source XRef to link to - DISABLED
[INFO] 
[INFO] --- maven-install-plugin:2.4:install (default-install) @ converter-gson ---
[INFO] Installing /home/travis/build/square/retrofit/retrofit-converters/gson/target/converter-gson-2.0.0-SNAPSHOT.jar to /home/travis/.m2/repository/com/squareup/retrofit/converter-gson/2.0.0-SNAPSHOT/converter-gson-2.0.0-SNAPSHOT.jar
[INFO] Installing /home/travis/build/square/retrofit/retrofit-converters/gson/pom.xml to /home/travis/.m2/repository/com/squareup/retrofit/converter-gson/2.0.0-SNAPSHOT/converter-gson-2.0.0-SNAPSHOT.pom
[INFO]                                                                         
[INFO] ------------------------------------------------------------------------
[INFO] Building Converter: Protocol Buffers 2.0.0-SNAPSHOT
[INFO] ------------------------------------------------------------------------
[INFO] 
[INFO] --- maven-enforcer-plugin:1.0:enforce (enforce-maven) @ converter-protobuf ---
[INFO] 
[INFO] --- maven-resources-plugin:2.6:resources (default-resources) @ converter-protobuf ---
[INFO] Using 'UTF-8' encoding to copy filtered resources.
[INFO] skip non existing resourceDirectory /home/travis/build/square/retrofit/retrofit-converters/protobuf/src/main/resources
[INFO] 
[INFO] --- maven-compiler-plugin:3.0:compile (default-compile) @ converter-protobuf ---
[INFO] Changes detected - recompiling the module!
[INFO] Compiling 2 source files to /home/travis/build/square/retrofit/retrofit-converters/protobuf/target/classes
[WARNING] /home/travis/build/square/retrofit/retrofit-converters/protobuf/src/main/java/retrofit/ProtoConverterFactory.java: /home/travis/build/square/retrofit/retrofit-converters/protobuf/src/main/java/retrofit/ProtoConverterFactory.java uses unchecked or unsafe operations.
[WARNING] /home/travis/build/square/retrofit/retrofit-converters/protobuf/src/main/java/retrofit/ProtoConverterFactory.java: Recompile with -Xlint:unchecked for details.
[INFO] 
[INFO] --- maven-resources-plugin:2.6:testResources (default-testResources) @ converter-protobuf ---
[INFO] Using 'UTF-8' encoding to copy filtered resources.
[INFO] skip non existing resourceDirectory /home/travis/build/square/retrofit/retrofit-converters/protobuf/src/test/resources
[INFO] 
[INFO] --- maven-compiler-plugin:3.0:testCompile (default-testCompile) @ converter-protobuf ---
[INFO] Changes detected - recompiling the module!
[INFO] Compiling 2 source files to /home/travis/build/square/retrofit/retrofit-converters/protobuf/target/test-classes
[INFO] 
[INFO] --- maven-surefire-plugin:2.12.4:test (default-test) @ converter-protobuf ---
[INFO] Tests are skipped.
[INFO] 
[INFO] --- maven-jar-plugin:2.4:jar (default-jar) @ converter-protobuf ---
[INFO] Building jar: /home/travis/build/square/retrofit/retrofit-converters/protobuf/target/converter-protobuf-2.0.0-SNAPSHOT.jar
[INFO] 
[INFO] --- maven-checkstyle-plugin:2.15:checkstyle (default) @ converter-protobuf ---
[INFO] Starting audit...
Audit done.
[WARNING] Unable to locate Source XRef to link to - DISABLED
[INFO] 
[INFO] --- maven-install-plugin:2.4:install (default-install) @ converter-protobuf ---
[INFO] Installing /home/travis/build/square/retrofit/retrofit-converters/protobuf/target/converter-protobuf-2.0.0-SNAPSHOT.jar to /home/travis/.m2/repository/com/squareup/retrofit/converter-protobuf/2.0.0-SNAPSHOT/converter-protobuf-2.0.0-SNAPSHOT.jar
[INFO] Installing /home/travis/build/square/retrofit/retrofit-converters/protobuf/pom.xml to /home/travis/.m2/repository/com/squareup/retrofit/converter-protobuf/2.0.0-SNAPSHOT/converter-protobuf-2.0.0-SNAPSHOT.pom
[INFO]                                                                         
[INFO] ------------------------------------------------------------------------
[INFO] Building Converter: Jackson 2.0.0-SNAPSHOT
[INFO] ------------------------------------------------------------------------
[INFO] 
[INFO] --- maven-enforcer-plugin:1.0:enforce (enforce-maven) @ converter-jackson ---
[INFO] 
[INFO] --- maven-resources-plugin:2.6:resources (default-resources) @ converter-jackson ---
[INFO] Using 'UTF-8' encoding to copy filtered resources.
[INFO] skip non existing resourceDirectory /home/travis/build/square/retrofit/retrofit-converters/jackson/src/main/resources
[INFO] 
[INFO] --- maven-compiler-plugin:3.0:compile (default-compile) @ converter-jackson ---
[INFO] Changes detected - recompiling the module!
[INFO] Compiling 2 source files to /home/travis/build/square/retrofit/retrofit-converters/jackson/target/classes
[INFO] 
[INFO] --- maven-resources-plugin:2.6:testResources (default-testResources) @ converter-jackson ---
[INFO] Using 'UTF-8' encoding to copy filtered resources.
[INFO] skip non existing resourceDirectory /home/travis/build/square/retrofit/retrofit-converters/jackson/src/test/resources
[INFO] 
[INFO] --- maven-compiler-plugin:3.0:testCompile (default-testCompile) @ converter-jackson ---
[INFO] Changes detected - recompiling the module!
[INFO] Compiling 1 source file to /home/travis/build/square/retrofit/retrofit-converters/jackson/target/test-classes
[INFO] 
[INFO] --- maven-surefire-plugin:2.12.4:test (default-test) @ converter-jackson ---
[INFO] Tests are skipped.
[INFO] 
[INFO] --- maven-jar-plugin:2.4:jar (default-jar) @ converter-jackson ---
[INFO] Building jar: /home/travis/build/square/retrofit/retrofit-converters/jackson/target/converter-jackson-2.0.0-SNAPSHOT.jar
[INFO] 
[INFO] --- maven-checkstyle-plugin:2.15:checkstyle (default) @ converter-jackson ---
[INFO] Starting audit...
Audit done.
[WARNING] Unable to locate Source XRef to link to - DISABLED
[INFO] 
[INFO] --- maven-install-plugin:2.4:install (default-install) @ converter-jackson ---
[INFO] Installing /home/travis/build/square/retrofit/retrofit-converters/jackson/target/converter-jackson-2.0.0-SNAPSHOT.jar to /home/travis/.m2/repository/com/squareup/retrofit/converter-jackson/2.0.0-SNAPSHOT/converter-jackson-2.0.0-SNAPSHOT.jar
[INFO] Installing /home/travis/build/square/retrofit/retrofit-converters/jackson/pom.xml to /home/travis/.m2/repository/com/squareup/retrofit/converter-jackson/2.0.0-SNAPSHOT/converter-jackson-2.0.0-SNAPSHOT.pom
[INFO]                                                                         
[INFO] ------------------------------------------------------------------------
[INFO] Building Converter: Wire Protocol Buffers 2.0.0-SNAPSHOT
[INFO] ------------------------------------------------------------------------
[INFO] 
[INFO] --- maven-enforcer-plugin:1.0:enforce (enforce-maven) @ converter-wire ---
[INFO] 
[INFO] --- maven-resources-plugin:2.6:resources (default-resources) @ converter-wire ---
[INFO] Using 'UTF-8' encoding to copy filtered resources.
[INFO] skip non existing resourceDirectory /home/travis/build/square/retrofit/retrofit-converters/wire/src/main/resources
[INFO] 
[INFO] --- maven-compiler-plugin:3.0:compile (default-compile) @ converter-wire ---
[INFO] Changes detected - recompiling the module!
[INFO] Compiling 2 source files to /home/travis/build/square/retrofit/retrofit-converters/wire/target/classes
[WARNING] /home/travis/build/square/retrofit/retrofit-converters/wire/src/main/java/retrofit/WireConverterFactory.java: /home/travis/build/square/retrofit/retrofit-converters/wire/src/main/java/retrofit/WireConverterFactory.java uses unchecked or unsafe operations.
[WARNING] /home/travis/build/square/retrofit/retrofit-converters/wire/src/main/java/retrofit/WireConverterFactory.java: Recompile with -Xlint:unchecked for details.
[INFO] 
[INFO] --- maven-resources-plugin:2.6:testResources (default-testResources) @ converter-wire ---
[INFO] Using 'UTF-8' encoding to copy filtered resources.
[INFO] skip non existing resourceDirectory /home/travis/build/square/retrofit/retrofit-converters/wire/src/test/resources
[INFO] 
[INFO] --- maven-compiler-plugin:3.0:testCompile (default-testCompile) @ converter-wire ---
[INFO] Changes detected - recompiling the module!
[INFO] Compiling 2 source files to /home/travis/build/square/retrofit/retrofit-converters/wire/target/test-classes
[INFO] 
[INFO] --- maven-surefire-plugin:2.12.4:test (default-test) @ converter-wire ---
[INFO] Tests are skipped.
[INFO] 
[INFO] --- maven-jar-plugin:2.4:jar (default-jar) @ converter-wire ---
[INFO] Building jar: /home/travis/build/square/retrofit/retrofit-converters/wire/target/converter-wire-2.0.0-SNAPSHOT.jar
[INFO] 
[INFO] --- maven-checkstyle-plugin:2.15:checkstyle (default) @ converter-wire ---
[INFO] Starting audit...
Audit done.
[WARNING] Unable to locate Source XRef to link to - DISABLED
[INFO] 
[INFO] --- maven-install-plugin:2.4:install (default-install) @ converter-wire ---
[INFO] Installing /home/travis/build/square/retrofit/retrofit-converters/wire/target/converter-wire-2.0.0-SNAPSHOT.jar to /home/travis/.m2/repository/com/squareup/retrofit/converter-wire/2.0.0-SNAPSHOT/converter-wire-2.0.0-SNAPSHOT.jar
[INFO] Installing /home/travis/build/square/retrofit/retrofit-converters/wire/pom.xml to /home/travis/.m2/repository/com/squareup/retrofit/converter-wire/2.0.0-SNAPSHOT/converter-wire-2.0.0-SNAPSHOT.pom
[INFO]                                                                         
[INFO] ------------------------------------------------------------------------
[INFO] Building Converter: SimpleXML 2.0.0-SNAPSHOT
[INFO] ------------------------------------------------------------------------
[INFO] 
[INFO] --- maven-enforcer-plugin:1.0:enforce (enforce-maven) @ converter-simplexml ---
[INFO] 
[INFO] --- maven-resources-plugin:2.6:resources (default-resources) @ converter-simplexml ---
[INFO] Using 'UTF-8' encoding to copy filtered resources.
[INFO] skip non existing resourceDirectory /home/travis/build/square/retrofit/retrofit-converters/simplexml/src/main/resources
[INFO] 
[INFO] --- maven-compiler-plugin:3.0:compile (default-compile) @ converter-simplexml ---
[INFO] Changes detected - recompiling the module!
[INFO] Compiling 2 source files to /home/travis/build/square/retrofit/retrofit-converters/simplexml/target/classes
[INFO] 
[INFO] --- maven-resources-plugin:2.6:testResources (default-testResources) @ converter-simplexml ---
[INFO] Using 'UTF-8' encoding to copy filtered resources.
[INFO] skip non existing resourceDirectory /home/travis/build/square/retrofit/retrofit-converters/simplexml/src/test/resources
[INFO] 
[INFO] --- maven-compiler-plugin:3.0:testCompile (default-testCompile) @ converter-simplexml ---
[INFO] Changes detected - recompiling the module!
[INFO] Compiling 2 source files to /home/travis/build/square/retrofit/retrofit-converters/simplexml/target/test-classes
[INFO] 
[INFO] --- maven-surefire-plugin:2.12.4:test (default-test) @ converter-simplexml ---
[INFO] Tests are skipped.
[INFO] 
[INFO] --- maven-jar-plugin:2.4:jar (default-jar) @ converter-simplexml ---
[INFO] Building jar: /home/travis/build/square/retrofit/retrofit-converters/simplexml/target/converter-simplexml-2.0.0-SNAPSHOT.jar
[INFO] 
[INFO] --- maven-checkstyle-plugin:2.15:checkstyle (default) @ converter-simplexml ---
[INFO] Starting audit...
Audit done.
[WARNING] Unable to locate Source XRef to link to - DISABLED
[INFO] 
[INFO] --- maven-install-plugin:2.4:install (default-install) @ converter-simplexml ---
[INFO] Installing /home/travis/build/square/retrofit/retrofit-converters/simplexml/target/converter-simplexml-2.0.0-SNAPSHOT.jar to /home/travis/.m2/repository/com/squareup/retrofit/converter-simplexml/2.0.0-SNAPSHOT/converter-simplexml-2.0.0-SNAPSHOT.jar
[INFO] Installing /home/travis/build/square/retrofit/retrofit-converters/simplexml/pom.xml to /home/travis/.m2/repository/com/squareup/retrofit/converter-simplexml/2.0.0-SNAPSHOT/converter-simplexml-2.0.0-SNAPSHOT.pom
[INFO]                                                                         
[INFO] ------------------------------------------------------------------------
[INFO] Building Converter: Moshi 2.0.0-SNAPSHOT
[INFO] ------------------------------------------------------------------------
[INFO] 
[INFO] --- maven-enforcer-plugin:1.0:enforce (enforce-maven) @ converter-moshi ---
[INFO] 
[INFO] --- maven-resources-plugin:2.6:resources (default-resources) @ converter-moshi ---
[INFO] Using 'UTF-8' encoding to copy filtered resources.
[INFO] skip non existing resourceDirectory /home/travis/build/square/retrofit/retrofit-converters/moshi/src/main/resources
[INFO] 
[INFO] --- maven-compiler-plugin:3.0:compile (default-compile) @ converter-moshi ---
[INFO] Changes detected - recompiling the module!
[INFO] Compiling 2 source files to /home/travis/build/square/retrofit/retrofit-converters/moshi/target/classes
[INFO] 
[INFO] --- maven-resources-plugin:2.6:testResources (default-testResources) @ converter-moshi ---
[INFO] Using 'UTF-8' encoding to copy filtered resources.
[INFO] skip non existing resourceDirectory /home/travis/build/square/retrofit/retrofit-converters/moshi/src/test/resources
[INFO] 
[INFO] --- maven-compiler-plugin:3.0:testCompile (default-testCompile) @ converter-moshi ---
[INFO] Changes detected - recompiling the module!
[INFO] Compiling 1 source file to /home/travis/build/square/retrofit/retrofit-converters/moshi/target/test-classes
[INFO] 
[INFO] --- maven-surefire-plugin:2.12.4:test (default-test) @ converter-moshi ---
[INFO] Tests are skipped.
[INFO] 
[INFO] --- maven-jar-plugin:2.4:jar (default-jar) @ converter-moshi ---
[INFO] Building jar: /home/travis/build/square/retrofit/retrofit-converters/moshi/target/converter-moshi-2.0.0-SNAPSHOT.jar
[INFO] 
[INFO] --- maven-checkstyle-plugin:2.15:checkstyle (default) @ converter-moshi ---
[INFO] Starting audit...
Audit done.
[WARNING] Unable to locate Source XRef to link to - DISABLED
[INFO] 
[INFO] --- maven-install-plugin:2.4:install (default-install) @ converter-moshi ---
[INFO] Installing /home/travis/build/square/retrofit/retrofit-converters/moshi/target/converter-moshi-2.0.0-SNAPSHOT.jar to /home/travis/.m2/repository/com/squareup/retrofit/converter-moshi/2.0.0-SNAPSHOT/converter-moshi-2.0.0-SNAPSHOT.jar
[INFO] Installing /home/travis/build/square/retrofit/retrofit-converters/moshi/pom.xml to /home/travis/.m2/repository/com/squareup/retrofit/converter-moshi/2.0.0-SNAPSHOT/converter-moshi-2.0.0-SNAPSHOT.pom
[INFO]                                                                         
[INFO] ------------------------------------------------------------------------
[INFO] Building Samples 2.0.0-SNAPSHOT
[INFO] ------------------------------------------------------------------------
[INFO] 
[INFO] --- maven-enforcer-plugin:1.0:enforce (enforce-maven) @ samples ---
[INFO] 
[INFO] --- maven-resources-plugin:2.6:resources (default-resources) @ samples ---
[INFO] Using 'UTF-8' encoding to copy filtered resources.
[INFO] skip non existing resourceDirectory /home/travis/build/square/retrofit/samples/src/main/resources
[INFO] 
[INFO] --- maven-compiler-plugin:3.0:compile (default-compile) @ samples ---
[INFO] Changes detected - recompiling the module!
[INFO] Compiling 3 source files to /home/travis/build/square/retrofit/samples/target/classes
[INFO] 
[INFO] --- maven-resources-plugin:2.6:testResources (default-testResources) @ samples ---
[INFO] Using 'UTF-8' encoding to copy filtered resources.
[INFO] skip non existing resourceDirectory /home/travis/build/square/retrofit/samples/src/test/resources
[INFO] 
[INFO] --- maven-compiler-plugin:3.0:testCompile (default-testCompile) @ samples ---
[INFO] No sources to compile
[INFO] 
[INFO] --- maven-surefire-plugin:2.12.4:test (default-test) @ samples ---
[INFO] Tests are skipped.
[INFO] 
[INFO] --- maven-jar-plugin:2.4:jar (default-jar) @ samples ---
[INFO] Building jar: /home/travis/build/square/retrofit/samples/target/samples-2.0.0-SNAPSHOT.jar
[INFO] 
[INFO] --- maven-checkstyle-plugin:2.15:checkstyle (default) @ samples ---
[INFO] Starting audit...
Audit done.
[WARNING] Unable to locate Source XRef to link to - DISABLED
[INFO] 
[INFO] --- maven-install-plugin:2.4:install (default-install) @ samples ---
[INFO] Installing /home/travis/build/square/retrofit/samples/target/samples-2.0.0-SNAPSHOT.jar to /home/travis/.m2/repository/com/squareup/retrofit/samples/2.0.0-SNAPSHOT/samples-2.0.0-SNAPSHOT.jar
[INFO] Installing /home/travis/build/square/retrofit/samples/pom.xml to /home/travis/.m2/repository/com/squareup/retrofit/samples/2.0.0-SNAPSHOT/samples-2.0.0-SNAPSHOT.pom
[INFO] ------------------------------------------------------------------------
[INFO] Reactor Summary:
[INFO] 
[INFO] Retrofit (Parent) .................................. SUCCESS [  2.843 s]
[INFO] Retrofit ........................................... SUCCESS [ 18.019 s]
[INFO] Adapters ........................................... SUCCESS [  0.077 s]
[INFO] Adapter: RxJava .................................... SUCCESS [  1.678 s]
[INFO] Retrofit Mock Adapter .............................. SUCCESS [  2.126 s]
[INFO] Adapter: RxJava Mock ............................... SUCCESS [  1.011 s]
[INFO] Converters ......................................... SUCCESS [  0.006 s]
[INFO] Converter: Gson .................................... SUCCESS [  1.185 s]
[INFO] Converter: Protocol Buffers ........................ SUCCESS [  1.700 s]
[INFO] Converter: Jackson ................................. SUCCESS [  1.062 s]
[INFO] Converter: Wire Protocol Buffers ................... SUCCESS [  0.878 s]
[INFO] Converter: SimpleXML ............................... SUCCESS [  0.701 s]
[INFO] Converter: Moshi ................................... SUCCESS [  0.903 s]
[INFO] Samples ............................................ SUCCESS [  1.041 s]
[INFO] ------------------------------------------------------------------------
[INFO] BUILD SUCCESS
[INFO] ------------------------------------------------------------------------
[INFO] Total time: 34.957 s
[INFO] Finished at: 2015-08-16T17:16:55+00:00
[INFO] Final Memory: 40M/361M
[INFO] ------------------------------------------------------------------------
travis_time:end:03b6b100:start=1439745378166137985,finish=1439745417137716780,duration=38971578795[0Ktravis_fold:end:install[0Ktravis_time:start:02e77a37[0K$ mvn test -B
Java HotSpot(TM) 64-Bit Server VM warning: ignoring option MaxPermSize=192m; support was removed in 8.0
[INFO] Scanning for projects...
[WARNING] 
[WARNING] Some problems were encountered while building the effective model for com.squareup.retrofit:samples:jar:2.0.0-SNAPSHOT
[WARNING] 'build.plugins.plugin.version' for org.apache.maven.plugins:maven-deploy-plugin is missing. @ com.squareup.retrofit:samples:[unknown-version], /home/travis/build/square/retrofit/samples/pom.xml, line 36, column 15
[WARNING] 
[WARNING] It is highly recommended to fix these problems because they threaten the stability of your build.
[WARNING] 
[WARNING] For this reason, future Maven versions might no longer support building such malformed projects.
[WARNING] 
[INFO] ------------------------------------------------------------------------
[INFO] Reactor Build Order:
[INFO] 
[INFO] Retrofit (Parent)
[INFO] Retrofit
[INFO] Adapters
[INFO] Adapter: RxJava
[INFO] Retrofit Mock Adapter
[INFO] Adapter: RxJava Mock
[INFO] Converters
[INFO] Converter: Gson
[INFO] Converter: Protocol Buffers
[INFO] Converter: Jackson
[INFO] Converter: Wire Protocol Buffers
[INFO] Converter: SimpleXML
[INFO] Converter: Moshi
[INFO] Samples
[INFO]                                                                         
[INFO] ------------------------------------------------------------------------
[INFO] Building Retrofit (Parent) 2.0.0-SNAPSHOT
[INFO] ------------------------------------------------------------------------
[INFO] 
[INFO] --- maven-enforcer-plugin:1.0:enforce (enforce-maven) @ parent ---
[INFO]                                                                         
[INFO] ------------------------------------------------------------------------
[INFO] Building Retrofit 2.0.0-SNAPSHOT
[INFO] ------------------------------------------------------------------------
[INFO] Downloading: https://repository.apache.org/snapshots/com/squareup/okhttp/okhttp/2.5.0-SNAPSHOT/maven-metadata.xml
[INFO] Downloading: https://repository.apache.org/snapshots/com/squareup/okhttp/parent/2.5.0-SNAPSHOT/maven-metadata.xml
[INFO] Downloading: https://repository.apache.org/snapshots/com/squareup/okhttp/mockwebserver/2.5.0-SNAPSHOT/maven-metadata.xml
[INFO] Downloading: https://repository.apache.org/snapshots/com/squareup/okhttp/okhttp-ws/2.5.0-SNAPSHOT/maven-metadata.xml
[INFO] 
[INFO] --- maven-enforcer-plugin:1.0:enforce (enforce-maven) @ retrofit ---
[INFO] 
[INFO] --- maven-resources-plugin:2.6:resources (default-resources) @ retrofit ---
[INFO] Using 'UTF-8' encoding to copy filtered resources.
[INFO] skip non existing resourceDirectory /home/travis/build/square/retrofit/retrofit/src/main/resources
[INFO] 
[INFO] --- maven-compiler-plugin:3.0:compile (default-compile) @ retrofit ---
[INFO] Changes detected - recompiling the module!
[INFO] Compiling 45 source files to /home/travis/build/square/retrofit/retrofit/target/classes
[WARNING] /home/travis/build/square/retrofit/retrofit/src/main/java/retrofit/RequestBuilderAction.java: /home/travis/build/square/retrofit/retrofit/src/main/java/retrofit/RequestBuilderAction.java uses unchecked or unsafe operations.
[WARNING] /home/travis/build/square/retrofit/retrofit/src/main/java/retrofit/RequestBuilderAction.java: Recompile with -Xlint:unchecked for details.
[INFO] 
[INFO] --- maven-resources-plugin:2.6:testResources (default-testResources) @ retrofit ---
[INFO] Using 'UTF-8' encoding to copy filtered resources.
[INFO] skip non existing resourceDirectory /home/travis/build/square/retrofit/retrofit/src/test/resources
[INFO] 
[INFO] --- maven-compiler-plugin:3.0:testCompile (default-testCompile) @ retrofit ---
[INFO] Changes detected - recompiling the module!
[INFO] Compiling 7 source files to /home/travis/build/square/retrofit/retrofit/target/test-classes
[INFO] 
[INFO] --- maven-surefire-plugin:2.12.4:test (default-test) @ retrofit ---
[INFO] Surefire report directory: /home/travis/build/square/retrofit/retrofit/target/surefire-reports

-------------------------------------------------------
 T E S T S
-------------------------------------------------------
Running retrofit.RequestBuilderTest
Tests run: 97, Failures: 0, Errors: 0, Skipped: 2, Time elapsed: 0.732 sec
Running retrofit.ExecutorCallAdapterFactoryTest
Tests run: 8, Failures: 0, Errors: 0, Skipped: 0, Time elapsed: 0.376 sec
Running retrofit.CallTest
Aug 16, 2015 5:17:12 PM com.squareup.okhttp.mockwebserver.MockWebServer$3 execute
INFO: MockWebServer[48297] starting to accept connections
Aug 16, 2015 5:17:12 PM com.squareup.okhttp.mockwebserver.MockWebServer$3 acceptConnections
INFO: MockWebServer[48297] done accepting connections: Socket closed
Aug 16, 2015 5:17:12 PM com.squareup.okhttp.mockwebserver.MockWebServer$3 execute
INFO: MockWebServer[51347] starting to accept connections
Aug 16, 2015 5:17:12 PM com.squareup.okhttp.mockwebserver.MockWebServer$3 acceptConnections
INFO: MockWebServer[51347] done accepting connections: Socket closed
Aug 16, 2015 5:17:12 PM com.squareup.okhttp.mockwebserver.MockWebServer$4 processOneRequest
INFO: MockWebServer[51347] received request: GET / HTTP/1.1 and responded: HTTP/1.1 200 OK
Aug 16, 2015 5:17:12 PM com.squareup.okhttp.mockwebserver.MockWebServer$3 execute
INFO: MockWebServer[56901] starting to accept connections
Aug 16, 2015 5:17:12 PM com.squareup.okhttp.mockwebserver.MockWebServer$4 processOneRequest
INFO: MockWebServer[56901] received request: GET / HTTP/1.1 and responded: HTTP/1.1 404 OK
Aug 16, 2015 5:17:12 PM com.squareup.okhttp.mockwebserver.MockWebServer$3 acceptConnections
INFO: MockWebServer[56901] done accepting connections: Socket closed
Aug 16, 2015 5:17:12 PM com.squareup.okhttp.mockwebserver.MockWebServer$3 execute
INFO: MockWebServer[38611] starting to accept connections
Aug 16, 2015 5:17:12 PM com.squareup.okhttp.mockwebserver.MockWebServer$3 acceptConnections
INFO: MockWebServer[38611] done accepting connections: Socket closed
Aug 16, 2015 5:17:12 PM com.squareup.okhttp.mockwebserver.MockWebServer$3 execute
INFO: MockWebServer[33445] starting to accept connections
Aug 16, 2015 5:17:12 PM com.squareup.okhttp.mockwebserver.MockWebServer$3 acceptConnections
INFO: MockWebServer[33445] done accepting connections: Socket closed
Aug 16, 2015 5:17:12 PM com.squareup.okhttp.mockwebserver.MockWebServer$3 execute
INFO: MockWebServer[36783] starting to accept connections
Aug 16, 2015 5:17:12 PM com.squareup.okhttp.mockwebserver.MockWebServer$3 acceptConnections
INFO: MockWebServer[36783] done accepting connections: Socket closed
Aug 16, 2015 5:17:12 PM com.squareup.okhttp.mockwebserver.MockWebServer$4 processOneRequest
INFO: MockWebServer[36783] received request: GET / HTTP/1.1 and responded: HTTP/1.1 200 OK
Aug 16, 2015 5:17:12 PM com.squareup.okhttp.mockwebserver.MockWebServer$3 execute
INFO: MockWebServer[59518] starting to accept connections
Aug 16, 2015 5:17:12 PM com.squareup.okhttp.mockwebserver.MockWebServer$3 acceptConnections
INFO: MockWebServer[59518] done accepting connections: Socket is closed
Aug 16, 2015 5:17:12 PM com.squareup.okhttp.mockwebserver.MockWebServer$3 execute
INFO: MockWebServer[42556] starting to accept connections
Aug 16, 2015 5:17:12 PM com.squareup.okhttp.mockwebserver.MockWebServer$3 acceptConnections
INFO: MockWebServer[42556] done accepting connections: Socket closed
Aug 16, 2015 5:17:12 PM com.squareup.okhttp.mockwebserver.MockWebServer$4 processOneRequest
INFO: MockWebServer[42556] received request: GET / HTTP/1.1 and responded: HTTP/1.1 404 OK
Aug 16, 2015 5:17:12 PM com.squareup.okhttp.mockwebserver.MockWebServer$3 execute
INFO: MockWebServer[49108] starting to accept connections
Aug 16, 2015 5:17:12 PM com.squareup.okhttp.mockwebserver.MockWebServer$3 acceptConnections
INFO: MockWebServer[49108] done accepting connections: Socket closed
Aug 16, 2015 5:17:12 PM com.squareup.okhttp.mockwebserver.MockWebServer$4 processOneRequest
INFO: MockWebServer[49108] received request: POST / HTTP/1.1 and responded: HTTP/1.1 200 OK
Aug 16, 2015 5:17:12 PM com.squareup.okhttp.mockwebserver.MockWebServer$3 execute
INFO: MockWebServer[42166] starting to accept connections
Aug 16, 2015 5:17:12 PM com.squareup.okhttp.mockwebserver.MockWebServer$3 acceptConnections
INFO: MockWebServer[42166] done accepting connections: Socket closed
Aug 16, 2015 5:17:12 PM com.squareup.okhttp.mockwebserver.MockWebServer$4 processOneRequest
INFO: MockWebServer[42166] received request: GET / HTTP/1.1 and responded: HTTP/1.1 204 Nothin
Aug 16, 2015 5:17:12 PM com.squareup.okhttp.mockwebserver.MockWebServer$3 execute
INFO: MockWebServer[35188] starting to accept connections
Aug 16, 2015 5:17:12 PM com.squareup.okhttp.mockwebserver.MockWebServer$3 acceptConnections
INFO: MockWebServer[35188] done accepting connections: Socket closed
Aug 16, 2015 5:17:12 PM com.squareup.okhttp.mockwebserver.MockWebServer$4 processOneRequest
INFO: MockWebServer[35188] received request: GET / HTTP/1.1 and responded: HTTP/1.1 200 OK
Aug 16, 2015 5:17:12 PM com.squareup.okhttp.mockwebserver.MockWebServer$3 execute
INFO: MockWebServer[52350] starting to accept connections
Aug 16, 2015 5:17:12 PM com.squareup.okhttp.mockwebserver.MockWebServer$3 acceptConnections
INFO: MockWebServer[52350] done accepting connections: Socket closed
Aug 16, 2015 5:17:12 PM com.squareup.okhttp.mockwebserver.MockWebServer$4 processOneRequest
INFO: MockWebServer[52350] received request: GET / HTTP/1.1 and responded: HTTP/1.1 200 OK
Aug 16, 2015 5:17:12 PM com.squareup.okhttp.mockwebserver.MockWebServer$3 execute
INFO: MockWebServer[54309] starting to accept connections
Aug 16, 2015 5:17:12 PM com.squareup.okhttp.mockwebserver.MockWebServer$3 acceptConnections
INFO: MockWebServer[54309] done accepting connections: Socket closed
Aug 16, 2015 5:17:12 PM com.squareup.okhttp.mockwebserver.MockWebServer$4 processOneRequest
INFO: MockWebServer[54309] received request: POST / HTTP/1.1 and responded: HTTP/1.1 200 OK
Aug 16, 2015 5:17:12 PM com.squareup.okhttp.mockwebserver.MockWebServer$3 execute
INFO: MockWebServer[37701] starting to accept connections
Aug 16, 2015 5:17:12 PM com.squareup.okhttp.mockwebserver.MockWebServer$3 acceptConnections
INFO: MockWebServer[37701] done accepting connections: Socket is closed
Aug 16, 2015 5:17:12 PM com.squareup.okhttp.mockwebserver.MockWebServer$3 execute
INFO: MockWebServer[53578] starting to accept connections
Aug 16, 2015 5:17:12 PM com.squareup.okhttp.mockwebserver.MockWebServer$4 processOneRequest
INFO: MockWebServer[53578] received request: GET / HTTP/1.1 and responded: HTTP/1.1 200 OK
Aug 16, 2015 5:17:12 PM com.squareup.okhttp.mockwebserver.MockWebServer$3 acceptConnections
INFO: MockWebServer[53578] done accepting connections: Socket closed
Aug 16, 2015 5:17:12 PM com.squareup.okhttp.mockwebserver.MockWebServer$3 execute
INFO: MockWebServer[39742] starting to accept connections
Aug 16, 2015 5:17:12 PM com.squareup.okhttp.mockwebserver.MockWebServer$4 processOneRequest
INFO: MockWebServer[39742] received request: GET / HTTP/1.1 and responded: HTTP/1.1 200 OK
Aug 16, 2015 5:17:12 PM com.squareup.okhttp.mockwebserver.MockWebServer$3 acceptConnections
INFO: MockWebServer[39742] done accepting connections: Socket closed
Aug 16, 2015 5:17:12 PM com.squareup.okhttp.mockwebserver.MockWebServer$3 execute
INFO: MockWebServer[48122] starting to accept connections
Aug 16, 2015 5:17:12 PM com.squareup.okhttp.mockwebserver.MockWebServer$4 processOneRequest
INFO: MockWebServer[48122] received request: GET / HTTP/1.1 and responded: HTTP/1.1 205 Nothin
Aug 16, 2015 5:17:12 PM com.squareup.okhttp.mockwebserver.MockWebServer$3 acceptConnections
INFO: MockWebServer[48122] done accepting connections: Socket closed
Aug 16, 2015 5:17:12 PM com.squareup.okhttp.mockwebserver.MockWebServer$3 execute
INFO: MockWebServer[54482] starting to accept connections
Aug 16, 2015 5:17:12 PM com.squareup.okhttp.mockwebserver.MockWebServer$4 processOneRequest
INFO: MockWebServer[54482] received request: GET / HTTP/1.1 and responded: HTTP/1.1 200 OK
Aug 16, 2015 5:17:12 PM com.squareup.okhttp.mockwebserver.MockWebServer$4 processOneRequest
INFO: MockWebServer[54482] received request: GET / HTTP/1.1 and responded: HTTP/1.1 200 OK
Aug 16, 2015 5:17:12 PM com.squareup.okhttp.mockwebserver.MockWebServer$3 acceptConnections
INFO: MockWebServer[54482] done accepting connections: Socket closed
Aug 16, 2015 5:17:12 PM com.squareup.okhttp.mockwebserver.MockWebServer$3 execute
INFO: MockWebServer[38575] starting to accept connections
Aug 16, 2015 5:17:12 PM com.squareup.okhttp.mockwebserver.MockWebServer$4 processOneRequest
INFO: MockWebServer[38575] received request: GET / HTTP/1.1 and responded: HTTP/1.1 200 OK
Aug 16, 2015 5:17:12 PM com.squareup.okhttp.mockwebserver.MockWebServer$3 acceptConnections
INFO: MockWebServer[38575] done accepting connections: Socket closed
Aug 16, 2015 5:17:12 PM com.squareup.okhttp.mockwebserver.MockWebServer$3 execute
INFO: MockWebServer[40044] starting to accept connections
Aug 16, 2015 5:17:12 PM com.squareup.okhttp.mockwebserver.MockWebServer$3 acceptConnections
INFO: MockWebServer[40044] done accepting connections: Socket closed
Aug 16, 2015 5:17:12 PM com.squareup.okhttp.mockwebserver.MockWebServer$3 execute
INFO: MockWebServer[44202] starting to accept connections
Aug 16, 2015 5:17:12 PM com.squareup.okhttp.mockwebserver.MockWebServer$3 acceptConnections
INFO: MockWebServer[44202] done accepting connections: Socket closed
Aug 16, 2015 5:17:12 PM com.squareup.okhttp.mockwebserver.MockWebServer$3 execute
INFO: MockWebServer[47758] starting to accept connections
Aug 16, 2015 5:17:12 PM com.squareup.okhttp.mockwebserver.MockWebServer$3 acceptConnections
INFO: MockWebServer[47758] done accepting connections: Socket closed
Aug 16, 2015 5:17:12 PM com.squareup.okhttp.mockwebserver.MockWebServer$4 processOneRequest
INFO: MockWebServer[47758] received request: GET / HTTP/1.1 and responded: HTTP/1.1 200 OK
Aug 16, 2015 5:17:12 PM com.squareup.okhttp.mockwebserver.MockWebServer$3 execute
INFO: MockWebServer[45862] starting to accept connections
Aug 16, 2015 5:17:12 PM com.squareup.okhttp.mockwebserver.MockWebServer$3 acceptConnections
INFO: MockWebServer[45862] done accepting connections: Socket closed
Aug 16, 2015 5:17:12 PM com.squareup.okhttp.mockwebserver.MockWebServer$4 processOneRequest
INFO: MockWebServer[45862] received request: GET / HTTP/1.1 and responded: HTTP/1.1 200 OK
Tests run: 23, Failures: 0, Errors: 0, Skipped: 0, Time elapsed: 0.818 sec
Running retrofit.RequestFactoryParserTest
Tests run: 1, Failures: 0, Errors: 0, Skipped: 0, Time elapsed: 0 sec
Running retrofit.RetrofitTest
Aug 16, 2015 5:17:12 PM com.squareup.okhttp.mockwebserver.MockWebServer$3 execute
INFO: MockWebServer[50226] starting to accept connections
Aug 16, 2015 5:17:12 PM com.squareup.okhttp.mockwebserver.MockWebServer$3 acceptConnections
INFO: MockWebServer[50226] done accepting connections: Socket closed
Aug 16, 2015 5:17:12 PM com.squareup.okhttp.mockwebserver.MockWebServer$3 execute
INFO: MockWebServer[35128] starting to accept connections
Aug 16, 2015 5:17:12 PM com.squareup.okhttp.mockwebserver.MockWebServer$3 acceptConnections
INFO: MockWebServer[35128] done accepting connections: Socket is closed
Aug 16, 2015 5:17:12 PM com.squareup.okhttp.mockwebserver.MockWebServer$3 execute
INFO: MockWebServer[44279] starting to accept connections
Aug 16, 2015 5:17:12 PM com.squareup.okhttp.mockwebserver.MockWebServer$3 acceptConnections
INFO: MockWebServer[44279] done accepting connections: Socket is closed
Aug 16, 2015 5:17:12 PM com.squareup.okhttp.mockwebserver.MockWebServer$3 execute
INFO: MockWebServer[35893] starting to accept connections
Aug 16, 2015 5:17:12 PM com.squareup.okhttp.mockwebserver.MockWebServer$3 acceptConnections
INFO: MockWebServer[35893] done accepting connections: Socket is closed
Aug 16, 2015 5:17:12 PM com.squareup.okhttp.mockwebserver.MockWebServer$3 execute
INFO: MockWebServer[58694] starting to accept connections
Aug 16, 2015 5:17:12 PM com.squareup.okhttp.mockwebserver.MockWebServer$3 acceptConnections
INFO: MockWebServer[58694] done accepting connections: Socket is closed
Aug 16, 2015 5:17:12 PM com.squareup.okhttp.mockwebserver.MockWebServer$3 execute
INFO: MockWebServer[57962] starting to accept connections
Aug 16, 2015 5:17:12 PM com.squareup.okhttp.mockwebserver.MockWebServer$3 acceptConnections
INFO: MockWebServer[57962] done accepting connections: Socket closed
Aug 16, 2015 5:17:12 PM com.squareup.okhttp.mockwebserver.MockWebServer$4 processOneRequest
INFO: MockWebServer[57962] received request: GET / HTTP/1.1 and responded: HTTP/1.1 200 OK
Aug 16, 2015 5:17:12 PM com.squareup.okhttp.mockwebserver.MockWebServer$3 execute
INFO: MockWebServer[45842] starting to accept connections
Aug 16, 2015 5:17:12 PM com.squareup.okhttp.mockwebserver.MockWebServer$3 acceptConnections
INFO: MockWebServer[45842] done accepting connections: Socket is closed
Aug 16, 2015 5:17:12 PM com.squareup.okhttp.mockwebserver.MockWebServer$3 execute
INFO: MockWebServer[52176] starting to accept connections
Aug 16, 2015 5:17:12 PM com.squareup.okhttp.mockwebserver.MockWebServer$3 acceptConnections
INFO: MockWebServer[52176] done accepting connections: Socket is closed
Aug 16, 2015 5:17:12 PM com.squareup.okhttp.mockwebserver.MockWebServer$3 execute
INFO: MockWebServer[39777] starting to accept connections
Aug 16, 2015 5:17:12 PM com.squareup.okhttp.mockwebserver.MockWebServer$3 acceptConnections
INFO: MockWebServer[39777] done accepting connections: Socket closed
Aug 16, 2015 5:17:12 PM com.squareup.okhttp.mockwebserver.MockWebServer$4 processOneRequest
INFO: MockWebServer[39777] received request: POST / HTTP/1.1 and responded: HTTP/1.1 200 OK
Aug 16, 2015 5:17:12 PM com.squareup.okhttp.mockwebserver.MockWebServer$3 execute
INFO: MockWebServer[47889] starting to accept connections
Aug 16, 2015 5:17:12 PM com.squareup.okhttp.mockwebserver.MockWebServer$3 acceptConnections
INFO: MockWebServer[47889] done accepting connections: Socket is closed
Aug 16, 2015 5:17:12 PM com.squareup.okhttp.mockwebserver.MockWebServer$3 execute
INFO: MockWebServer[58938] starting to accept connections
Aug 16, 2015 5:17:12 PM com.squareup.okhttp.mockwebserver.MockWebServer$3 acceptConnections
INFO: MockWebServer[58938] done accepting connections: Socket is closed
Aug 16, 2015 5:17:12 PM com.squareup.okhttp.mockwebserver.MockWebServer$3 execute
INFO: MockWebServer[36075] starting to accept connections
Aug 16, 2015 5:17:12 PM com.squareup.okhttp.mockwebserver.MockWebServer$3 acceptConnections
INFO: MockWebServer[36075] done accepting connections: Socket is closed
Aug 16, 2015 5:17:12 PM com.squareup.okhttp.mockwebserver.MockWebServer$3 execute
INFO: MockWebServer[52387] starting to accept connections
Aug 16, 2015 5:17:12 PM com.squareup.okhttp.mockwebserver.MockWebServer$3 acceptConnections
INFO: MockWebServer[52387] done accepting connections: Socket is closed
Aug 16, 2015 5:17:12 PM com.squareup.okhttp.mockwebserver.MockWebServer$3 execute
INFO: MockWebServer[52424] starting to accept connections
Aug 16, 2015 5:17:12 PM com.squareup.okhttp.mockwebserver.MockWebServer$3 acceptConnections
INFO: MockWebServer[52424] done accepting connections: Socket closed
Aug 16, 2015 5:17:12 PM com.squareup.okhttp.mockwebserver.MockWebServer$4 processOneRequest
INFO: MockWebServer[52424] received request: GET / HTTP/1.1 and responded: HTTP/1.1 200 OK
Aug 16, 2015 5:17:13 PM com.squareup.okhttp.mockwebserver.MockWebServer$3 execute
INFO: MockWebServer[57457] starting to accept connections
Aug 16, 2015 5:17:13 PM com.squareup.okhttp.mockwebserver.MockWebServer$3 acceptConnections
INFO: MockWebServer[57457] done accepting connections: Socket is closed
Aug 16, 2015 5:17:13 PM com.squareup.okhttp.mockwebserver.MockWebServer$3 execute
INFO: MockWebServer[39261] starting to accept connections
Aug 16, 2015 5:17:13 PM com.squareup.okhttp.mockwebserver.MockWebServer$3 acceptConnections
INFO: MockWebServer[39261] done accepting connections: Socket is closed
Aug 16, 2015 5:17:13 PM com.squareup.okhttp.mockwebserver.MockWebServer$3 execute
INFO: MockWebServer[58248] starting to accept connections
Aug 16, 2015 5:17:13 PM com.squareup.okhttp.mockwebserver.MockWebServer$3 acceptConnections
INFO: MockWebServer[58248] done accepting connections: Socket is closed
Aug 16, 2015 5:17:13 PM com.squareup.okhttp.mockwebserver.MockWebServer$3 execute
INFO: MockWebServer[35309] starting to accept connections
Aug 16, 2015 5:17:13 PM com.squareup.okhttp.mockwebserver.MockWebServer$3 acceptConnections
INFO: MockWebServer[35309] done accepting connections: Socket is closed
Aug 16, 2015 5:17:13 PM com.squareup.okhttp.mockwebserver.MockWebServer$3 execute
INFO: MockWebServer[53684] starting to accept connections
Aug 16, 2015 5:17:13 PM com.squareup.okhttp.mockwebserver.MockWebServer$3 acceptConnections
INFO: MockWebServer[53684] done accepting connections: Socket is closed
Aug 16, 2015 5:17:13 PM com.squareup.okhttp.mockwebserver.MockWebServer$3 execute
INFO: MockWebServer[39107] starting to accept connections
Aug 16, 2015 5:17:13 PM com.squareup.okhttp.mockwebserver.MockWebServer$3 acceptConnections
INFO: MockWebServer[39107] done accepting connections: Socket closed
Aug 16, 2015 5:17:13 PM com.squareup.okhttp.mockwebserver.MockWebServer$3 execute
INFO: MockWebServer[39015] starting to accept connections
Aug 16, 2015 5:17:13 PM com.squareup.okhttp.mockwebserver.MockWebServer$3 acceptConnections
INFO: MockWebServer[39015] done accepting connections: Socket is closed
Aug 16, 2015 5:17:13 PM com.squareup.okhttp.mockwebserver.MockWebServer$3 execute
INFO: MockWebServer[43794] starting to accept connections
Aug 16, 2015 5:17:13 PM com.squareup.okhttp.mockwebserver.MockWebServer$3 acceptConnections
INFO: MockWebServer[43794] done accepting connections: Socket is closed
Aug 16, 2015 5:17:13 PM com.squareup.okhttp.mockwebserver.MockWebServer$3 execute
INFO: MockWebServer[54798] starting to accept connections
Aug 16, 2015 5:17:13 PM com.squareup.okhttp.mockwebserver.MockWebServer$3 acceptConnections
INFO: MockWebServer[54798] done accepting connections: Socket is closed
Aug 16, 2015 5:17:13 PM com.squareup.okhttp.mockwebserver.MockWebServer$3 execute
INFO: MockWebServer[42307] starting to accept connections
Aug 16, 2015 5:17:13 PM com.squareup.okhttp.mockwebserver.MockWebServer$3 acceptConnections
INFO: MockWebServer[42307] done accepting connections: Socket is closed
Aug 16, 2015 5:17:13 PM com.squareup.okhttp.mockwebserver.MockWebServer$3 execute
INFO: MockWebServer[49299] starting to accept connections
Aug 16, 2015 5:17:13 PM com.squareup.okhttp.mockwebserver.MockWebServer$3 acceptConnections
INFO: MockWebServer[49299] done accepting connections: Socket is closed
Aug 16, 2015 5:17:13 PM com.squareup.okhttp.mockwebserver.MockWebServer$3 execute
INFO: MockWebServer[47383] starting to accept connections
Aug 16, 2015 5:17:13 PM com.squareup.okhttp.mockwebserver.MockWebServer$3 acceptConnections
INFO: MockWebServer[47383] done accepting connections: Socket is closed
Aug 16, 2015 5:17:13 PM com.squareup.okhttp.mockwebserver.MockWebServer$3 execute
INFO: MockWebServer[49335] starting to accept connections
Aug 16, 2015 5:17:13 PM com.squareup.okhttp.mockwebserver.MockWebServer$3 acceptConnections
INFO: MockWebServer[49335] done accepting connections: Socket is closed
Aug 16, 2015 5:17:13 PM com.squareup.okhttp.mockwebserver.MockWebServer$3 execute
INFO: MockWebServer[52611] starting to accept connections
Aug 16, 2015 5:17:13 PM com.squareup.okhttp.mockwebserver.MockWebServer$3 acceptConnections
INFO: MockWebServer[52611] done accepting connections: Socket is closed
Aug 16, 2015 5:17:13 PM com.squareup.okhttp.mockwebserver.MockWebServer$3 execute
INFO: MockWebServer[47217] starting to accept connections
Aug 16, 2015 5:17:13 PM com.squareup.okhttp.mockwebserver.MockWebServer$3 acceptConnections
INFO: MockWebServer[47217] done accepting connections: Socket is closed
Aug 16, 2015 5:17:13 PM com.squareup.okhttp.mockwebserver.MockWebServer$3 execute
INFO: MockWebServer[38005] starting to accept connections
Aug 16, 2015 5:17:13 PM com.squareup.okhttp.mockwebserver.MockWebServer$3 acceptConnections
INFO: MockWebServer[38005] done accepting connections: Socket is closed
Aug 16, 2015 5:17:13 PM com.squareup.okhttp.mockwebserver.MockWebServer$3 execute
INFO: MockWebServer[49884] starting to accept connections
Aug 16, 2015 5:17:13 PM com.squareup.okhttp.mockwebserver.MockWebServer$3 acceptConnections
INFO: MockWebServer[49884] done accepting connections: Socket is closed
Aug 16, 2015 5:17:13 PM com.squareup.okhttp.mockwebserver.MockWebServer$3 execute
INFO: MockWebServer[38761] starting to accept connections
Aug 16, 2015 5:17:13 PM com.squareup.okhttp.mockwebserver.MockWebServer$3 acceptConnections
INFO: MockWebServer[38761] done accepting connections: Socket is closed
Aug 16, 2015 5:17:13 PM com.squareup.okhttp.mockwebserver.MockWebServer$3 execute
INFO: MockWebServer[57971] starting to accept connections
Aug 16, 2015 5:17:13 PM com.squareup.okhttp.mockwebserver.MockWebServer$3 acceptConnections
INFO: MockWebServer[57971] done accepting connections: Socket is closed
Tests run: 33, Failures: 0, Errors: 0, Skipped: 0, Time elapsed: 0.289 sec

Results :

Tests run: 162, Failures: 0, Errors: 0, Skipped: 2

[INFO]                                                                         
[INFO] ------------------------------------------------------------------------
[INFO] Building Adapters 2.0.0-SNAPSHOT
[INFO] ------------------------------------------------------------------------
[INFO] 
[INFO] --- maven-enforcer-plugin:1.0:enforce (enforce-maven) @ retrofit-adapters ---
[INFO]                                                                         
[INFO] ------------------------------------------------------------------------
[INFO] Building Adapter: RxJava 2.0.0-SNAPSHOT
[INFO] ------------------------------------------------------------------------
[INFO] 
[INFO] --- maven-enforcer-plugin:1.0:enforce (enforce-maven) @ adapter-rxjava ---
[INFO] 
[INFO] --- maven-resources-plugin:2.6:resources (default-resources) @ adapter-rxjava ---
[INFO] Using 'UTF-8' encoding to copy filtered resources.
[INFO] skip non existing resourceDirectory /home/travis/build/square/retrofit/retrofit-adapters/rxjava/src/main/resources
[INFO] 
[INFO] --- maven-compiler-plugin:3.0:compile (default-compile) @ adapter-rxjava ---
[INFO] Changes detected - recompiling the module!
[INFO] Compiling 3 source files to /home/travis/build/square/retrofit/retrofit-adapters/rxjava/target/classes
[INFO] 
[INFO] --- maven-resources-plugin:2.6:testResources (default-testResources) @ adapter-rxjava ---
[INFO] Using 'UTF-8' encoding to copy filtered resources.
[INFO] skip non existing resourceDirectory /home/travis/build/square/retrofit/retrofit-adapters/rxjava/src/test/resources
[INFO] 
[INFO] --- maven-compiler-plugin:3.0:testCompile (default-testCompile) @ adapter-rxjava ---
[INFO] Changes detected - recompiling the module!
[INFO] Compiling 2 source files to /home/travis/build/square/retrofit/retrofit-adapters/rxjava/target/test-classes
[INFO] 
[INFO] --- maven-surefire-plugin:2.12.4:test (default-test) @ adapter-rxjava ---
[INFO] Surefire report directory: /home/travis/build/square/retrofit/retrofit-adapters/rxjava/target/surefire-reports

-------------------------------------------------------
 T E S T S
-------------------------------------------------------
Running retrofit.ResultTest
Tests run: 4, Failures: 0, Errors: 0, Skipped: 0, Time elapsed: 0.192 sec
Running retrofit.ObservableCallAdapterFactoryTest
Aug 16, 2015 5:17:14 PM com.squareup.okhttp.mockwebserver.MockWebServer$3 execute
INFO: MockWebServer[35151] starting to accept connections
Aug 16, 2015 5:17:14 PM com.squareup.okhttp.mockwebserver.MockWebServer$4 processConnection
WARNING: MockWebServer[35151] connection from /127.0.0.1 didn't make a request
Aug 16, 2015 5:17:14 PM com.squareup.okhttp.mockwebserver.MockWebServer$3 acceptConnections
INFO: MockWebServer[35151] done accepting connections: Socket closed
Aug 16, 2015 5:17:14 PM com.squareup.okhttp.mockwebserver.MockWebServer$3 execute
INFO: MockWebServer[54629] starting to accept connections
Aug 16, 2015 5:17:14 PM com.squareup.okhttp.mockwebserver.MockWebServer$4 processOneRequest
INFO: MockWebServer[54629] received request: GET / HTTP/1.1 and responded: HTTP/1.1 200 OK
Aug 16, 2015 5:17:14 PM com.squareup.okhttp.mockwebserver.MockWebServer$3 acceptConnections
INFO: MockWebServer[54629] done accepting connections: Socket closed
Aug 16, 2015 5:17:14 PM com.squareup.okhttp.mockwebserver.MockWebServer$3 execute
INFO: MockWebServer[40329] starting to accept connections
Aug 16, 2015 5:17:14 PM com.squareup.okhttp.mockwebserver.MockWebServer$4 processOneRequest
INFO: MockWebServer[40329] received request: GET / HTTP/1.1 and responded: HTTP/1.1 404 OK
Aug 16, 2015 5:17:14 PM com.squareup.okhttp.mockwebserver.MockWebServer$3 acceptConnections
INFO: MockWebServer[40329] done accepting connections: Socket closed
Aug 16, 2015 5:17:14 PM com.squareup.okhttp.mockwebserver.MockWebServer$3 execute
INFO: MockWebServer[54905] starting to accept connections
Aug 16, 2015 5:17:14 PM com.squareup.okhttp.mockwebserver.MockWebServer$3 acceptConnections
INFO: MockWebServer[54905] done accepting connections: Socket is closed
Aug 16, 2015 5:17:14 PM com.squareup.okhttp.mockwebserver.MockWebServer$3 execute
INFO: MockWebServer[34959] starting to accept connections
Aug 16, 2015 5:17:14 PM com.squareup.okhttp.mockwebserver.MockWebServer$4 processConnection
WARNING: MockWebServer[34959] connection from /127.0.0.1 didn't make a request
Aug 16, 2015 5:17:14 PM com.squareup.okhttp.mockwebserver.MockWebServer$3 acceptConnections
INFO: MockWebServer[34959] done accepting connections: Socket closed
Aug 16, 2015 5:17:14 PM com.squareup.okhttp.mockwebserver.MockWebServer$3 execute
INFO: MockWebServer[33380] starting to accept connections
Aug 16, 2015 5:17:14 PM com.squareup.okhttp.mockwebserver.MockWebServer$4 processOneRequest
INFO: MockWebServer[33380] received request: GET / HTTP/1.1 and responded: HTTP/1.1 200 OK
Aug 16, 2015 5:17:14 PM com.squareup.okhttp.mockwebserver.MockWebServer$3 acceptConnections
INFO: MockWebServer[33380] done accepting connections: Socket closed
Aug 16, 2015 5:17:14 PM com.squareup.okhttp.mockwebserver.MockWebServer$3 execute
INFO: MockWebServer[60138] starting to accept connections
Aug 16, 2015 5:17:14 PM com.squareup.okhttp.mockwebserver.MockWebServer$4 processOneRequest
INFO: MockWebServer[60138] received request: GET / HTTP/1.1 and responded: HTTP/1.1 404 OK
Aug 16, 2015 5:17:14 PM com.squareup.okhttp.mockwebserver.MockWebServer$3 acceptConnections
INFO: MockWebServer[60138] done accepting connections: Socket closed
Aug 16, 2015 5:17:14 PM com.squareup.okhttp.mockwebserver.MockWebServer$3 execute
INFO: MockWebServer[53692] starting to accept connections
Aug 16, 2015 5:17:14 PM com.squareup.okhttp.mockwebserver.MockWebServer$3 acceptConnections
INFO: MockWebServer[53692] done accepting connections: Socket is closed
Aug 16, 2015 5:17:14 PM com.squareup.okhttp.mockwebserver.MockWebServer$3 execute
INFO: MockWebServer[39797] starting to accept connections
Aug 16, 2015 5:17:14 PM com.squareup.okhttp.mockwebserver.MockWebServer$3 acceptConnections
INFO: MockWebServer[39797] done accepting connections: Socket closed
Aug 16, 2015 5:17:14 PM com.squareup.okhttp.mockwebserver.MockWebServer$4 processConnection
WARNING: MockWebServer[39797] connection from /127.0.0.1 didn't make a request
Aug 16, 2015 5:17:14 PM com.squareup.okhttp.mockwebserver.MockWebServer$3 execute
INFO: MockWebServer[40018] starting to accept connections
Aug 16, 2015 5:17:14 PM com.squareup.okhttp.mockwebserver.MockWebServer$3 acceptConnections
INFO: MockWebServer[40018] done accepting connections: Socket is closed
Aug 16, 2015 5:17:14 PM com.squareup.okhttp.mockwebserver.MockWebServer$3 execute
INFO: MockWebServer[33625] starting to accept connections
Aug 16, 2015 5:17:14 PM com.squareup.okhttp.mockwebserver.MockWebServer$3 acceptConnections
INFO: MockWebServer[33625] done accepting connections: Socket closed
Aug 16, 2015 5:17:14 PM com.squareup.okhttp.mockwebserver.MockWebServer$3 execute
INFO: MockWebServer[53597] starting to accept connections
Aug 16, 2015 5:17:14 PM com.squareup.okhttp.mockwebserver.MockWebServer$3 acceptConnections
INFO: MockWebServer[53597] done accepting connections: Socket closed
Aug 16, 2015 5:17:14 PM com.squareup.okhttp.mockwebserver.MockWebServer$4 processOneRequest
INFO: MockWebServer[53597] received request: GET / HTTP/1.1 and responded: HTTP/1.1 200 OK
Aug 16, 2015 5:17:14 PM com.squareup.okhttp.mockwebserver.MockWebServer$3 execute
INFO: MockWebServer[41389] starting to accept connections
Aug 16, 2015 5:17:14 PM com.squareup.okhttp.mockwebserver.MockWebServer$4 processOneRequest
INFO: MockWebServer[41389] received request: GET / HTTP/1.1 and responded: HTTP/1.1 404 OK
Aug 16, 2015 5:17:14 PM com.squareup.okhttp.mockwebserver.MockWebServer$3 acceptConnections
INFO: MockWebServer[41389] done accepting connections: Socket closed
Aug 16, 2015 5:17:14 PM com.squareup.okhttp.mockwebserver.MockWebServer$3 execute
INFO: MockWebServer[39707] starting to accept connections
Aug 16, 2015 5:17:14 PM com.squareup.okhttp.mockwebserver.MockWebServer$3 acceptConnections
INFO: MockWebServer[39707] done accepting connections: Socket is closed
Tests run: 14, Failures: 0, Errors: 0, Skipped: 0, Time elapsed: 0.619 sec

Results :

Tests run: 18, Failures: 0, Errors: 0, Skipped: 0

[INFO]                                                                         
[INFO] ------------------------------------------------------------------------
[INFO] Building Retrofit Mock Adapter 2.0.0-SNAPSHOT
[INFO] ------------------------------------------------------------------------
[INFO] 
[INFO] --- maven-enforcer-plugin:1.0:enforce (enforce-maven) @ retrofit-mock ---
[INFO] 
[INFO] --- maven-resources-plugin:2.6:resources (default-resources) @ retrofit-mock ---
[INFO] Using 'UTF-8' encoding to copy filtered resources.
[INFO] skip non existing resourceDirectory /home/travis/build/square/retrofit/retrofit-mock/src/main/resources
[INFO] 
[INFO] --- maven-compiler-plugin:3.0:compile (default-compile) @ retrofit-mock ---
[INFO] Changes detected - recompiling the module!
[INFO] Compiling 6 source files to /home/travis/build/square/retrofit/retrofit-mock/target/classes
[INFO] 
[INFO] --- maven-resources-plugin:2.6:testResources (default-testResources) @ retrofit-mock ---
[INFO] Using 'UTF-8' encoding to copy filtered resources.
[INFO] skip non existing resourceDirectory /home/travis/build/square/retrofit/retrofit-mock/src/test/resources
[INFO] 
[INFO] --- maven-compiler-plugin:3.0:testCompile (default-testCompile) @ retrofit-mock ---
[INFO] Changes detected - recompiling the module!
[INFO] Compiling 2 source files to /home/travis/build/square/retrofit/retrofit-mock/target/test-classes
[INFO] 
[INFO] --- maven-surefire-plugin:2.12.4:test (default-test) @ retrofit-mock ---
[INFO] Surefire report directory: /home/travis/build/square/retrofit/retrofit-mock/target/surefire-reports

-------------------------------------------------------
 T E S T S
-------------------------------------------------------
Running retrofit.BehaviorTest
Tests run: 5, Failures: 0, Errors: 0, Skipped: 0, Time elapsed: 0.362 sec
Running retrofit.MockRetrofitTest
Tests run: 10, Failures: 0, Errors: 0, Skipped: 0, Time elapsed: 0.95 sec

Results :

Tests run: 15, Failures: 0, Errors: 0, Skipped: 0

[INFO]                                                                         
[INFO] ------------------------------------------------------------------------
[INFO] Building Adapter: RxJava Mock 2.0.0-SNAPSHOT
[INFO] ------------------------------------------------------------------------
[INFO] 
[INFO] --- maven-enforcer-plugin:1.0:enforce (enforce-maven) @ adapter-rxjava-mock ---
[INFO] 
[INFO] --- maven-resources-plugin:2.6:resources (default-resources) @ adapter-rxjava-mock ---
[INFO] Using 'UTF-8' encoding to copy filtered resources.
[INFO] skip non existing resourceDirectory /home/travis/build/square/retrofit/retrofit-adapters/rxjava-mock/src/main/resources
[INFO] 
[INFO] --- maven-compiler-plugin:3.0:compile (default-compile) @ adapter-rxjava-mock ---
[INFO] Changes detected - recompiling the module!
[INFO] Compiling 1 source file to /home/travis/build/square/retrofit/retrofit-adapters/rxjava-mock/target/classes
[INFO] 
[INFO] --- maven-resources-plugin:2.6:testResources (default-testResources) @ adapter-rxjava-mock ---
[INFO] Using 'UTF-8' encoding to copy filtered resources.
[INFO] skip non existing resourceDirectory /home/travis/build/square/retrofit/retrofit-adapters/rxjava-mock/src/test/resources
[INFO] 
[INFO] --- maven-compiler-plugin:3.0:testCompile (default-testCompile) @ adapter-rxjava-mock ---
[INFO] Changes detected - recompiling the module!
[INFO] Compiling 1 source file to /home/travis/build/square/retrofit/retrofit-adapters/rxjava-mock/target/test-classes
[INFO] 
[INFO] --- maven-surefire-plugin:2.12.4:test (default-test) @ adapter-rxjava-mock ---
[INFO] Surefire report directory: /home/travis/build/square/retrofit/retrofit-adapters/rxjava-mock/target/surefire-reports

-------------------------------------------------------
 T E S T S
-------------------------------------------------------
Running retrofit.mock.ObservableBehaviorAdapterTest
Tests run: 2, Failures: 0, Errors: 0, Skipped: 0, Time elapsed: 0.462 sec

Results :

Tests run: 2, Failures: 0, Errors: 0, Skipped: 0

[INFO]                                                                         
[INFO] ------------------------------------------------------------------------
[INFO] Building Converters 2.0.0-SNAPSHOT
[INFO] ------------------------------------------------------------------------
[INFO] 
[INFO] --- maven-enforcer-plugin:1.0:enforce (enforce-maven) @ retrofit-converters ---
[INFO]                                                                         
[INFO] ------------------------------------------------------------------------
[INFO] Building Converter: Gson 2.0.0-SNAPSHOT
[INFO] ------------------------------------------------------------------------
[INFO] 
[INFO] --- maven-enforcer-plugin:1.0:enforce (enforce-maven) @ converter-gson ---
[INFO] 
[INFO] --- maven-resources-plugin:2.6:resources (default-resources) @ converter-gson ---
[INFO] Using 'UTF-8' encoding to copy filtered resources.
[INFO] skip non existing resourceDirectory /home/travis/build/square/retrofit/retrofit-converters/gson/src/main/resources
[INFO] 
[INFO] --- maven-compiler-plugin:3.0:compile (default-compile) @ converter-gson ---
[INFO] Changes detected - recompiling the module!
[INFO] Compiling 2 source files to /home/travis/build/square/retrofit/retrofit-converters/gson/target/classes
[INFO] 
[INFO] --- maven-resources-plugin:2.6:testResources (default-testResources) @ converter-gson ---
[INFO] Using 'UTF-8' encoding to copy filtered resources.
[INFO] skip non existing resourceDirectory /home/travis/build/square/retrofit/retrofit-converters/gson/src/test/resources
[INFO] 
[INFO] --- maven-compiler-plugin:3.0:testCompile (default-testCompile) @ converter-gson ---
[INFO] Changes detected - recompiling the module!
[INFO] Compiling 1 source file to /home/travis/build/square/retrofit/retrofit-converters/gson/target/test-classes
[INFO] 
[INFO] --- maven-surefire-plugin:2.12.4:test (default-test) @ converter-gson ---
[INFO] Surefire report directory: /home/travis/build/square/retrofit/retrofit-converters/gson/target/surefire-reports

-------------------------------------------------------
 T E S T S
-------------------------------------------------------
Running retrofit.GsonConverterFactoryTest
Aug 16, 2015 5:17:18 PM com.squareup.okhttp.mockwebserver.MockWebServer$3 execute
INFO: MockWebServer[45710] starting to accept connections
Aug 16, 2015 5:17:19 PM com.squareup.okhttp.mockwebserver.MockWebServer$4 processOneRequest
INFO: MockWebServer[45710] received request: POST / HTTP/1.1 and responded: HTTP/1.1 200 OK
Aug 16, 2015 5:17:19 PM com.squareup.okhttp.mockwebserver.MockWebServer$3 acceptConnections
INFO: MockWebServer[45710] done accepting connections: Socket closed
Aug 16, 2015 5:17:19 PM com.squareup.okhttp.mockwebserver.MockWebServer$3 execute
INFO: MockWebServer[57488] starting to accept connections
Aug 16, 2015 5:17:19 PM com.squareup.okhttp.mockwebserver.MockWebServer$3 acceptConnections
INFO: MockWebServer[57488] done accepting connections: Socket closed
Aug 16, 2015 5:17:19 PM com.squareup.okhttp.mockwebserver.MockWebServer$4 processOneRequest
INFO: MockWebServer[57488] received request: POST / HTTP/1.1 and responded: HTTP/1.1 200 OK
Tests run: 2, Failures: 0, Errors: 0, Skipped: 0, Time elapsed: 0.724 sec

Results :

Tests run: 2, Failures: 0, Errors: 0, Skipped: 0

[INFO]                                                                         
[INFO] ------------------------------------------------------------------------
[INFO] Building Converter: Protocol Buffers 2.0.0-SNAPSHOT
[INFO] ------------------------------------------------------------------------
[INFO] 
[INFO] --- maven-enforcer-plugin:1.0:enforce (enforce-maven) @ converter-protobuf ---
[INFO] 
[INFO] --- maven-resources-plugin:2.6:resources (default-resources) @ converter-protobuf ---
[INFO] Using 'UTF-8' encoding to copy filtered resources.
[INFO] skip non existing resourceDirectory /home/travis/build/square/retrofit/retrofit-converters/protobuf/src/main/resources
[INFO] 
[INFO] --- maven-compiler-plugin:3.0:compile (default-compile) @ converter-protobuf ---
[INFO] Changes detected - recompiling the module!
[INFO] Compiling 2 source files to /home/travis/build/square/retrofit/retrofit-converters/protobuf/target/classes
[WARNING] /home/travis/build/square/retrofit/retrofit-converters/protobuf/src/main/java/retrofit/ProtoConverterFactory.java: /home/travis/build/square/retrofit/retrofit-converters/protobuf/src/main/java/retrofit/ProtoConverterFactory.java uses unchecked or unsafe operations.
[WARNING] /home/travis/build/square/retrofit/retrofit-converters/protobuf/src/main/java/retrofit/ProtoConverterFactory.java: Recompile with -Xlint:unchecked for details.
[INFO] 
[INFO] --- maven-resources-plugin:2.6:testResources (default-testResources) @ converter-protobuf ---
[INFO] Using 'UTF-8' encoding to copy filtered resources.
[INFO] skip non existing resourceDirectory /home/travis/build/square/retrofit/retrofit-converters/protobuf/src/test/resources
[INFO] 
[INFO] --- maven-compiler-plugin:3.0:testCompile (default-testCompile) @ converter-protobuf ---
[INFO] Changes detected - recompiling the module!
[INFO] Compiling 2 source files to /home/travis/build/square/retrofit/retrofit-converters/protobuf/target/test-classes
[INFO] 
[INFO] --- maven-surefire-plugin:2.12.4:test (default-test) @ converter-protobuf ---
[INFO] Surefire report directory: /home/travis/build/square/retrofit/retrofit-converters/protobuf/target/surefire-reports

-------------------------------------------------------
 T E S T S
-------------------------------------------------------
Running retrofit.ProtoConverterFactoryTest
Aug 16, 2015 5:17:20 PM com.squareup.okhttp.mockwebserver.MockWebServer$3 execute
INFO: MockWebServer[45726] starting to accept connections
Aug 16, 2015 5:17:21 PM com.squareup.okhttp.mockwebserver.MockWebServer$4 processOneRequest
INFO: MockWebServer[45726] received request: POST / HTTP/1.1 and responded: HTTP/1.1 200 OK
Aug 16, 2015 5:17:21 PM com.squareup.okhttp.mockwebserver.MockWebServer$3 acceptConnections
INFO: MockWebServer[45726] done accepting connections: Socket closed
Aug 16, 2015 5:17:21 PM com.squareup.okhttp.mockwebserver.MockWebServer$3 execute
INFO: MockWebServer[58976] starting to accept connections
Aug 16, 2015 5:17:21 PM com.squareup.okhttp.mockwebserver.MockWebServer$3 acceptConnections
INFO: MockWebServer[58976] done accepting connections: Socket is closed
Aug 16, 2015 5:17:21 PM com.squareup.okhttp.mockwebserver.MockWebServer$3 execute
INFO: MockWebServer[47783] starting to accept connections
Aug 16, 2015 5:17:21 PM com.squareup.okhttp.mockwebserver.MockWebServer$3 acceptConnections
INFO: MockWebServer[47783] done accepting connections: Socket closed
Aug 16, 2015 5:17:21 PM com.squareup.okhttp.mockwebserver.MockWebServer$4 processOneRequest
INFO: MockWebServer[47783] received request: GET / HTTP/1.1 and responded: HTTP/1.1 200 OK
Aug 16, 2015 5:17:21 PM com.squareup.okhttp.mockwebserver.MockWebServer$3 execute
INFO: MockWebServer[39189] starting to accept connections
Aug 16, 2015 5:17:21 PM com.squareup.okhttp.mockwebserver.MockWebServer$3 acceptConnections
INFO: MockWebServer[39189] done accepting connections: Socket is closed
Aug 16, 2015 5:17:21 PM com.squareup.okhttp.mockwebserver.MockWebServer$3 execute
INFO: MockWebServer[49752] starting to accept connections
Aug 16, 2015 5:17:21 PM com.squareup.okhttp.mockwebserver.MockWebServer$4 processOneRequest
INFO: MockWebServer[49752] received request: GET / HTTP/1.1 and responded: HTTP/1.1 200 OK
Aug 16, 2015 5:17:21 PM com.squareup.okhttp.mockwebserver.MockWebServer$3 acceptConnections
INFO: MockWebServer[49752] done accepting connections: Socket closed
Tests run: 5, Failures: 0, Errors: 0, Skipped: 0, Time elapsed: 1.029 sec

Results :

Tests run: 5, Failures: 0, Errors: 0, Skipped: 0

[INFO]                                                                         
[INFO] ------------------------------------------------------------------------
[INFO] Building Converter: Jackson 2.0.0-SNAPSHOT
[INFO] ------------------------------------------------------------------------
[INFO] 
[INFO] --- maven-enforcer-plugin:1.0:enforce (enforce-maven) @ converter-jackson ---
[INFO] 
[INFO] --- maven-resources-plugin:2.6:resources (default-resources) @ converter-jackson ---
[INFO] Using 'UTF-8' encoding to copy filtered resources.
[INFO] skip non existing resourceDirectory /home/travis/build/square/retrofit/retrofit-converters/jackson/src/main/resources
[INFO] 
[INFO] --- maven-compiler-plugin:3.0:compile (default-compile) @ converter-jackson ---
[INFO] Changes detected - recompiling the module!
[INFO] Compiling 2 source files to /home/travis/build/square/retrofit/retrofit-converters/jackson/target/classes
[INFO] 
[INFO] --- maven-resources-plugin:2.6:testResources (default-testResources) @ converter-jackson ---
[INFO] Using 'UTF-8' encoding to copy filtered resources.
[INFO] skip non existing resourceDirectory /home/travis/build/square/retrofit/retrofit-converters/jackson/src/test/resources
[INFO] 
[INFO] --- maven-compiler-plugin:3.0:testCompile (default-testCompile) @ converter-jackson ---
[INFO] Changes detected - recompiling the module!
[INFO] Compiling 1 source file to /home/travis/build/square/retrofit/retrofit-converters/jackson/target/test-classes
[INFO] 
[INFO] --- maven-surefire-plugin:2.12.4:test (default-test) @ converter-jackson ---
[INFO] Surefire report directory: /home/travis/build/square/retrofit/retrofit-converters/jackson/target/surefire-reports

-------------------------------------------------------
 T E S T S
-------------------------------------------------------
Running retrofit.JacksonConverterFactoryTest
Aug 16, 2015 5:17:21 PM com.squareup.okhttp.mockwebserver.MockWebServer$3 execute
INFO: MockWebServer[35849] starting to accept connections
Aug 16, 2015 5:17:22 PM com.squareup.okhttp.mockwebserver.MockWebServer$4 processOneRequest
INFO: MockWebServer[35849] received request: POST / HTTP/1.1 and responded: HTTP/1.1 200 OK
Aug 16, 2015 5:17:22 PM com.squareup.okhttp.mockwebserver.MockWebServer$3 acceptConnections
INFO: MockWebServer[35849] done accepting connections: Socket closed
Aug 16, 2015 5:17:22 PM com.squareup.okhttp.mockwebserver.MockWebServer$3 execute
INFO: MockWebServer[38667] starting to accept connections
Aug 16, 2015 5:17:22 PM com.squareup.okhttp.mockwebserver.MockWebServer$4 processOneRequest
INFO: MockWebServer[38667] received request: POST / HTTP/1.1 and responded: HTTP/1.1 200 OK
Aug 16, 2015 5:17:22 PM com.squareup.okhttp.mockwebserver.MockWebServer$3 acceptConnections
INFO: MockWebServer[38667] done accepting connections: Socket closed
Tests run: 2, Failures: 0, Errors: 0, Skipped: 0, Time elapsed: 0.884 sec

Results :

Tests run: 2, Failures: 0, Errors: 0, Skipped: 0

[INFO]                                                                         
[INFO] ------------------------------------------------------------------------
[INFO] Building Converter: Wire Protocol Buffers 2.0.0-SNAPSHOT
[INFO] ------------------------------------------------------------------------
[INFO] 
[INFO] --- maven-enforcer-plugin:1.0:enforce (enforce-maven) @ converter-wire ---
[INFO] 
[INFO] --- maven-resources-plugin:2.6:resources (default-resources) @ converter-wire ---
[INFO] Using 'UTF-8' encoding to copy filtered resources.
[INFO] skip non existing resourceDirectory /home/travis/build/square/retrofit/retrofit-converters/wire/src/main/resources
[INFO] 
[INFO] --- maven-compiler-plugin:3.0:compile (default-compile) @ converter-wire ---
[INFO] Changes detected - recompiling the module!
[INFO] Compiling 2 source files to /home/travis/build/square/retrofit/retrofit-converters/wire/target/classes
[WARNING] /home/travis/build/square/retrofit/retrofit-converters/wire/src/main/java/retrofit/WireConverterFactory.java: /home/travis/build/square/retrofit/retrofit-converters/wire/src/main/java/retrofit/WireConverterFactory.java uses unchecked or unsafe operations.
[WARNING] /home/travis/build/square/retrofit/retrofit-converters/wire/src/main/java/retrofit/WireConverterFactory.java: Recompile with -Xlint:unchecked for details.
[INFO] 
[INFO] --- maven-resources-plugin:2.6:testResources (default-testResources) @ converter-wire ---
[INFO] Using 'UTF-8' encoding to copy filtered resources.
[INFO] skip non existing resourceDirectory /home/travis/build/square/retrofit/retrofit-converters/wire/src/test/resources
[INFO] 
[INFO] --- maven-compiler-plugin:3.0:testCompile (default-testCompile) @ converter-wire ---
[INFO] Changes detected - recompiling the module!
[INFO] Compiling 2 source files to /home/travis/build/square/retrofit/retrofit-converters/wire/target/test-classes
[INFO] 
[INFO] --- maven-surefire-plugin:2.12.4:test (default-test) @ converter-wire ---
[INFO] Surefire report directory: /home/travis/build/square/retrofit/retrofit-converters/wire/target/surefire-reports

-------------------------------------------------------
 T E S T S
-------------------------------------------------------
Running retrofit.WireConverterFactoryTest
Aug 16, 2015 5:17:23 PM com.squareup.okhttp.mockwebserver.MockWebServer$3 execute
INFO: MockWebServer[42475] starting to accept connections
Aug 16, 2015 5:17:23 PM com.squareup.okhttp.mockwebserver.MockWebServer$4 processOneRequest
INFO: MockWebServer[42475] received request: POST / HTTP/1.1 and responded: HTTP/1.1 200 OK
Aug 16, 2015 5:17:23 PM com.squareup.okhttp.mockwebserver.MockWebServer$3 acceptConnections
INFO: MockWebServer[42475] done accepting connections: Socket closed
Aug 16, 2015 5:17:23 PM com.squareup.okhttp.mockwebserver.MockWebServer$3 execute
INFO: MockWebServer[41161] starting to accept connections
Aug 16, 2015 5:17:23 PM com.squareup.okhttp.mockwebserver.MockWebServer$3 acceptConnections
INFO: MockWebServer[41161] done accepting connections: Socket is closed
Aug 16, 2015 5:17:23 PM com.squareup.okhttp.mockwebserver.MockWebServer$3 execute
INFO: MockWebServer[57388] starting to accept connections
Aug 16, 2015 5:17:23 PM com.squareup.okhttp.mockwebserver.MockWebServer$3 acceptConnections
INFO: MockWebServer[57388] done accepting connections: Socket closed
Aug 16, 2015 5:17:23 PM com.squareup.okhttp.mockwebserver.MockWebServer$4 processOneRequest
INFO: MockWebServer[57388] received request: GET / HTTP/1.1 and responded: HTTP/1.1 200 OK
Aug 16, 2015 5:17:23 PM com.squareup.okhttp.mockwebserver.MockWebServer$3 execute
INFO: MockWebServer[60923] starting to accept connections
Aug 16, 2015 5:17:23 PM com.squareup.okhttp.mockwebserver.MockWebServer$3 acceptConnections
INFO: MockWebServer[60923] done accepting connections: Socket is closed
Aug 16, 2015 5:17:23 PM com.squareup.okhttp.mockwebserver.MockWebServer$3 execute
INFO: MockWebServer[51388] starting to accept connections
Aug 16, 2015 5:17:23 PM com.squareup.okhttp.mockwebserver.MockWebServer$3 acceptConnections
INFO: MockWebServer[51388] done accepting connections: Socket closed
Aug 16, 2015 5:17:23 PM com.squareup.okhttp.mockwebserver.MockWebServer$4 processOneRequest
INFO: MockWebServer[51388] received request: GET / HTTP/1.1 and responded: HTTP/1.1 200 OK
Tests run: 5, Failures: 0, Errors: 0, Skipped: 0, Time elapsed: 0.713 sec

Results :

Tests run: 5, Failures: 0, Errors: 0, Skipped: 0

[INFO]                                                                         
[INFO] ------------------------------------------------------------------------
[INFO] Building Converter: SimpleXML 2.0.0-SNAPSHOT
[INFO] ------------------------------------------------------------------------
[INFO] 
[INFO] --- maven-enforcer-plugin:1.0:enforce (enforce-maven) @ converter-simplexml ---
[INFO] 
[INFO] --- maven-resources-plugin:2.6:resources (default-resources) @ converter-simplexml ---
[INFO] Using 'UTF-8' encoding to copy filtered resources.
[INFO] skip non existing resourceDirectory /home/travis/build/square/retrofit/retrofit-converters/simplexml/src/main/resources
[INFO] 
[INFO] --- maven-compiler-plugin:3.0:compile (default-compile) @ converter-simplexml ---
[INFO] Changes detected - recompiling the module!
[INFO] Compiling 2 source files to /home/travis/build/square/retrofit/retrofit-converters/simplexml/target/classes
[INFO] 
[INFO] --- maven-resources-plugin:2.6:testResources (default-testResources) @ converter-simplexml ---
[INFO] Using 'UTF-8' encoding to copy filtered resources.
[INFO] skip non existing resourceDirectory /home/travis/build/square/retrofit/retrofit-converters/simplexml/src/test/resources
[INFO] 
[INFO] --- maven-compiler-plugin:3.0:testCompile (default-testCompile) @ converter-simplexml ---
[INFO] Changes detected - recompiling the module!
[INFO] Compiling 2 source files to /home/travis/build/square/retrofit/retrofit-converters/simplexml/target/test-classes
[INFO] 
[INFO] --- maven-surefire-plugin:2.12.4:test (default-test) @ converter-simplexml ---
[INFO] Surefire report directory: /home/travis/build/square/retrofit/retrofit-converters/simplexml/target/surefire-reports

-------------------------------------------------------
 T E S T S
-------------------------------------------------------
Running retrofit.SimpleXmlConverterFactoryTest
Aug 16, 2015 5:17:24 PM com.squareup.okhttp.mockwebserver.MockWebServer$3 execute
INFO: MockWebServer[35467] starting to accept connections
Aug 16, 2015 5:17:24 PM com.squareup.okhttp.mockwebserver.MockWebServer$4 processOneRequest
INFO: MockWebServer[35467] received request: GET / HTTP/1.1 and responded: HTTP/1.1 200 OK
Aug 16, 2015 5:17:25 PM com.squareup.okhttp.mockwebserver.MockWebServer$3 acceptConnections
INFO: MockWebServer[35467] done accepting connections: Socket closed
Aug 16, 2015 5:17:25 PM com.squareup.okhttp.mockwebserver.MockWebServer$3 execute
INFO: MockWebServer[51173] starting to accept connections
Aug 16, 2015 5:17:25 PM com.squareup.okhttp.mockwebserver.MockWebServer$4 processOneRequest
INFO: MockWebServer[51173] received request: GET / HTTP/1.1 and responded: HTTP/1.1 200 OK
Aug 16, 2015 5:17:25 PM com.squareup.okhttp.mockwebserver.MockWebServer$3 acceptConnections
INFO: MockWebServer[51173] done accepting connections: Socket closed
Aug 16, 2015 5:17:25 PM com.squareup.okhttp.mockwebserver.MockWebServer$3 execute
INFO: MockWebServer[59373] starting to accept connections
Aug 16, 2015 5:17:25 PM com.squareup.okhttp.mockwebserver.MockWebServer$4 processOneRequest
INFO: MockWebServer[59373] received request: POST / HTTP/1.1 and responded: HTTP/1.1 200 OK
Aug 16, 2015 5:17:25 PM com.squareup.okhttp.mockwebserver.MockWebServer$3 acceptConnections
INFO: MockWebServer[59373] done accepting connections: Socket closed
Tests run: 3, Failures: 0, Errors: 0, Skipped: 0, Time elapsed: 1.573 sec

Results :

Tests run: 3, Failures: 0, Errors: 0, Skipped: 0

[INFO]                                                                         
[INFO] ------------------------------------------------------------------------
[INFO] Building Converter: Moshi 2.0.0-SNAPSHOT
[INFO] ------------------------------------------------------------------------
[INFO] 
[INFO] --- maven-enforcer-plugin:1.0:enforce (enforce-maven) @ converter-moshi ---
[INFO] 
[INFO] --- maven-resources-plugin:2.6:resources (default-resources) @ converter-moshi ---
[INFO] Using 'UTF-8' encoding to copy filtered resources.
[INFO] skip non existing resourceDirectory /home/travis/build/square/retrofit/retrofit-converters/moshi/src/main/resources
[INFO] 
[INFO] --- maven-compiler-plugin:3.0:compile (default-compile) @ converter-moshi ---
[INFO] Changes detected - recompiling the module!
[INFO] Compiling 2 source files to /home/travis/build/square/retrofit/retrofit-converters/moshi/target/classes
[INFO] 
[INFO] --- maven-resources-plugin:2.6:testResources (default-testResources) @ converter-moshi ---
[INFO] Using 'UTF-8' encoding to copy filtered resources.
[INFO] skip non existing resourceDirectory /home/travis/build/square/retrofit/retrofit-converters/moshi/src/test/resources
[INFO] 
[INFO] --- maven-compiler-plugin:3.0:testCompile (default-testCompile) @ converter-moshi ---
[INFO] Changes detected - recompiling the module!
[INFO] Compiling 1 source file to /home/travis/build/square/retrofit/retrofit-converters/moshi/target/test-classes
[INFO] 
[INFO] --- maven-surefire-plugin:2.12.4:test (default-test) @ converter-moshi ---
[INFO] Surefire report directory: /home/travis/build/square/retrofit/retrofit-converters/moshi/target/surefire-reports

-------------------------------------------------------
 T E S T S
-------------------------------------------------------
Running retrofit.MoshiConverterFactoryTest
Aug 16, 2015 5:17:26 PM com.squareup.okhttp.mockwebserver.MockWebServer$3 execute
INFO: MockWebServer[49100] starting to accept connections
Aug 16, 2015 5:17:26 PM com.squareup.okhttp.mockwebserver.MockWebServer$4 processOneRequest
INFO: MockWebServer[49100] received request: POST / HTTP/1.1 and responded: HTTP/1.1 200 OK
Aug 16, 2015 5:17:26 PM com.squareup.okhttp.mockwebserver.MockWebServer$3 acceptConnections
INFO: MockWebServer[49100] done accepting connections: Socket closed
Aug 16, 2015 5:17:26 PM com.squareup.okhttp.mockwebserver.MockWebServer$3 execute
INFO: MockWebServer[44213] starting to accept connections
Aug 16, 2015 5:17:26 PM com.squareup.okhttp.mockwebserver.MockWebServer$4 processOneRequest
INFO: MockWebServer[44213] received request: POST / HTTP/1.1 and responded: HTTP/1.1 200 OK
Aug 16, 2015 5:17:26 PM com.squareup.okhttp.mockwebserver.MockWebServer$3 acceptConnections
INFO: MockWebServer[44213] done accepting connections: Socket closed
Tests run: 2, Failures: 0, Errors: 0, Skipped: 0, Time elapsed: 0.707 sec

Results :

Tests run: 2, Failures: 0, Errors: 0, Skipped: 0

[INFO]                                                                         
[INFO] ------------------------------------------------------------------------
[INFO] Building Samples 2.0.0-SNAPSHOT
[INFO] ------------------------------------------------------------------------
[INFO] 
[INFO] --- maven-enforcer-plugin:1.0:enforce (enforce-maven) @ samples ---
[INFO] 
[INFO] --- maven-resources-plugin:2.6:resources (default-resources) @ samples ---
[INFO] Using 'UTF-8' encoding to copy filtered resources.
[INFO] skip non existing resourceDirectory /home/travis/build/square/retrofit/samples/src/main/resources
[INFO] 
[INFO] --- maven-compiler-plugin:3.0:compile (default-compile) @ samples ---
[INFO] Changes detected - recompiling the module!
[INFO] Compiling 3 source files to /home/travis/build/square/retrofit/samples/target/classes
[INFO] 
[INFO] --- maven-resources-plugin:2.6:testResources (default-testResources) @ samples ---
[INFO] Using 'UTF-8' encoding to copy filtered resources.
[INFO] skip non existing resourceDirectory /home/travis/build/square/retrofit/samples/src/test/resources
[INFO] 
[INFO] --- maven-compiler-plugin:3.0:testCompile (default-testCompile) @ samples ---
[INFO] No sources to compile
[INFO] 
[INFO] --- maven-surefire-plugin:2.12.4:test (default-test) @ samples ---
[INFO] No tests to run.
[INFO] ------------------------------------------------------------------------
[INFO] Reactor Summary:
[INFO] 
[INFO] Retrofit (Parent) .................................. SUCCESS [  0.721 s]
[INFO] Retrofit ........................................... SUCCESS [ 12.594 s]
[INFO] Adapters ........................................... SUCCESS [  0.002 s]
[INFO] Adapter: RxJava .................................... SUCCESS [  1.762 s]
[INFO] Retrofit Mock Adapter .............................. SUCCESS [  2.493 s]
[INFO] Adapter: RxJava Mock ............................... SUCCESS [  0.804 s]
[INFO] Converters ......................................... SUCCESS [  0.002 s]
[INFO] Converter: Gson .................................... SUCCESS [  1.252 s]
[INFO] Converter: Protocol Buffers ........................ SUCCESS [  1.725 s]
[INFO] Converter: Jackson ................................. SUCCESS [  1.314 s]
[INFO] Converter: Wire Protocol Buffers ................... SUCCESS [  1.115 s]
[INFO] Converter: SimpleXML ............................... SUCCESS [  2.073 s]
[INFO] Converter: Moshi ................................... SUCCESS [  1.166 s]
[INFO] Samples ............................................ SUCCESS [  0.073 s]
[INFO] ------------------------------------------------------------------------
[INFO] BUILD SUCCESS
[INFO] ------------------------------------------------------------------------
[INFO] Total time: 27.631 s
[INFO] Finished at: 2015-08-16T17:17:26+00:00
[INFO] Final Memory: 39M/368M
[INFO] ------------------------------------------------------------------------
travis_time:end:02e77a37:start=1439745417142378015,finish=1439745447982414925,duration=30840036910[0K
[32;1mThe command "mvn test -B" exited with 0.[0m
travis_fold:start:cache.2[0Kstore build cache
travis_time:start:0e4fb682[0Kchange detected:
/home/travis/.m2/repository/com/squareup/okhttp/mockwebserver/2.5.0-SNAPSHOT/resolver-status.properties
/home/travis/.m2/repository/com/squareup/okhttp/mockwebserver/2.5.0-SNAPSHOT/resolver-status.properties
/home/travis/.m2/repository/com/squareup/okhttp/okhttp/2.5.0-SNAPSHOT/resolver-status.properties
/home/travis/.m2/repository/com/squareup/okhttp/okhttp/2.5.0-SNAPSHOT/resolver-status.properties
/home/travis/.m2/repository/com/squareup/okhttp/okhttp-ws/2.5.0-SNAPSHOT/resolver-status.properties
/home/travis/.m2/repository/com/squareup/okhttp/okhttp-ws/2.5.0-SNAPSHOT/resolver-status.properties
/home/travis/.m2/repository/com/squareup/okhttp/parent/2.5.0-SNAPSHOT/resolver-status.properties
/home/travis/.m2/repository/com/squareup/okhttp/parent/2.5.0-SNAPSHOT/resolver-status.properties
/home/travis/.m2/repository/com/squareup/retrofit/adapter-rxjava/2.0.0-SNAPSHOT/adapter-rxjava-2.0.0-SNAPSHOT.jar
/home/travis/.m2/repository/com/squareup/retrofit/adapter-rxjava/2.0.0-SNAPSHOT/adapter-rxj
...
changes detected, packing new archive
uploading archive
travis_time:end:0e4fb682:start=1439745447986959624,finish=1439745451756480895,duration=3769521271[0Ktravis_fold:end:cache.2[0Ktravis_fold:start:after_success[0Ktravis_time:start:14ee16a0[0K$ .buildscript/deploy_snapshot.sh
Deploying snapshot...
Java HotSpot(TM) 64-Bit Server VM warning: ignoring option MaxPermSize=192m; support was removed in 8.0
[INFO] Scanning for projects...
[WARNING] 
[WARNING] Some problems were encountered while building the effective model for com.squareup.retrofit:samples:jar:2.0.0-SNAPSHOT
[WARNING] 'build.plugins.plugin.version' for org.apache.maven.plugins:maven-deploy-plugin is missing. @ com.squareup.retrofit:samples:[unknown-version], /home/travis/build/square/retrofit/samples/pom.xml, line 36, column 15
[WARNING] 
[WARNING] It is highly recommended to fix these problems because they threaten the stability of your build.
[WARNING] 
[WARNING] For this reason, future Maven versions might no longer support building such malformed projects.
[WARNING] 
[INFO] ------------------------------------------------------------------------
[INFO] Reactor Build Order:
[INFO] 
[INFO] Retrofit (Parent)
[INFO] Retrofit
[INFO] Adapters
[INFO] Adapter: RxJava
[INFO] Retrofit Mock Adapter
[INFO] Adapter: RxJava Mock
[INFO] Converters
[INFO] Converter: Gson
[INFO] Converter: Protocol Buffers
[INFO] Converter: Jackson
[INFO] Converter: Wire Protocol Buffers
[INFO] Converter: SimpleXML
[INFO] Converter: Moshi
[INFO] Samples
Downloading: https://repo.maven.apache.org/maven2/org/apache/maven/plugins/maven-release-plugin/2.5/maven-release-plugin-2.5.pom
4/11 KB   8/11 KB   11/11 KB              Downloaded: https://repo.maven.apache.org/maven2/org/apache/maven/plugins/maven-release-plugin/2.5/maven-release-plugin-2.5.pom (11 KB at 18.8 KB/sec)
Downloading: https://repo.maven.apache.org/maven2/org/apache/maven/release/maven-release/2.5/maven-release-2.5.pom
4/5 KB     5/5 KB            Downloaded: https://repo.maven.apache.org/maven2/org/apache/maven/release/maven-release/2.5/maven-release-2.5.pom (5 KB at 66.7 KB/sec)
Downloading: https://repo.maven.apache.org/maven2/org/apache/maven/plugins/maven-release-plugin/2.5/maven-release-plugin-2.5.jar
4/50 KB   8/50 KB   12/50 KB   16/50 KB   20/50 KB   24/50 KB   28/50 KB   32/50 KB   36/50 KB   40/50 KB   44/50 KB   48/50 KB   50/50 KB              Downloaded: https://repo.maven.apache.org/maven2/org/apache/maven/plugins/maven-release-plugin/2.5/maven-release-plugin-2.5.jar (50 KB at 615.6 KB/sec)
Downloading: https://repo.maven.apache.org/maven2/org/apache/maven/plugins/maven-clean-plugin/2.5/maven-clean-plugin-2.5.pom
4/4 KB              Downloaded: https://repo.maven.apache.org/maven2/org/apache/maven/plugins/maven-clean-plugin/2.5/maven-clean-plugin-2.5.pom (4 KB at 106.3 KB/sec)
Downloading: https://repo.maven.apache.org/maven2/org/apache/maven/plugins/maven-clean-plugin/2.5/maven-clean-plugin-2.5.jar
4/25 KB   8/25 KB   12/25 KB   16/25 KB   20/25 KB   24/25 KB   25/25 KB              Downloaded: https://repo.maven.apache.org/maven2/org/apache/maven/plugins/maven-clean-plugin/2.5/maven-clean-plugin-2.5.jar (25 KB at 316.5 KB/sec)
Downloading: https://repo.maven.apache.org/maven2/org/apache/maven/plugins/maven-deploy-plugin/2.7/maven-deploy-plugin-2.7.pom
4/6 KB     6/6 KB            Downloaded: https://repo.maven.apache.org/maven2/org/apache/maven/plugins/maven-deploy-plugin/2.7/maven-deploy-plugin-2.7.pom (6 KB at 77.2 KB/sec)
Downloading: https://repo.maven.apache.org/maven2/org/apache/maven/plugins/maven-deploy-plugin/2.7/maven-deploy-plugin-2.7.jar
4/27 KB   8/27 KB   12/27 KB   16/27 KB   20/27 KB   24/27 KB   27/27 KB              Downloaded: https://repo.maven.apache.org/maven2/org/apache/maven/plugins/maven-deploy-plugin/2.7/maven-deploy-plugin-2.7.jar (27 KB at 818.8 KB/sec)
Downloading: https://repo.maven.apache.org/maven2/org/apache/maven/plugins/maven-site-plugin/3.3/maven-site-plugin-3.3.pom
4/21 KB    8/21 KB   12/21 KB   16/21 KB   20/21 KB   21/21 KB              Downloaded: https://repo.maven.apache.org/maven2/org/apache/maven/plugins/maven-site-plugin/3.3/maven-site-plugin-3.3.pom (21 KB at 508.1 KB/sec)
Downloading: https://repo.maven.apache.org/maven2/org/apache/maven/plugins/maven-plugins/24/maven-plugins-24.pom
4/11 KB    8/11 KB   11/11 KB              Downloaded: https://repo.maven.apache.org/maven2/org/apache/maven/plugins/maven-plugins/24/maven-plugins-24.pom (11 KB at 215.4 KB/sec)
Downloading: https://repo.maven.apache.org/maven2/org/apache/maven/plugins/maven-site-plugin/3.3/maven-site-plugin-3.3.jar
4/122 KB   8/122 KB   12/122 KB   16/122 KB   20/122 KB   24/122 KB   28/122 KB   32/122 KB   36/122 KB   40/122 KB   44/122 KB   48/122 KB   52/122 KB   56/122 KB   60/122 KB   64/122 KB   68/122 KB   72/122 KB   76/122 KB   80/122 KB   84/122 KB   88/122 KB   92/122 KB   96/122 KB   100/122 KB   104/122 KB   108/122 KB   112/122 KB   116/122 KB   120/122 KB   122/122 KB                Downloaded: https://repo.maven.apache.org/maven2/org/apache/maven/plugins/maven-site-plugin/3.3/maven-site-plugin-3.3.jar (122 KB at 1597.9 KB/sec)
Downloading: https://repo.maven.apache.org/maven2/org/apache/maven/plugins/maven-antrun-plugin/1.3/maven-antrun-plugin-1.3.pom
4/5 KB       5/5 KB            Downloaded: https://repo.maven.apache.org/maven2/org/apache/maven/plugins/maven-antrun-plugin/1.3/maven-antrun-plugin-1.3.pom (5 KB at 177.7 KB/sec)
Downloading: https://repo.maven.apache.org/maven2/org/apache/maven/plugins/maven-plugins/12/maven-plugins-12.pom
4/12 KB   8/12 KB   12/12 KB              Downloaded: https://repo.maven.apache.org/maven2/org/apache/maven/plugins/maven-plugins/12/maven-plugins-12.pom (12 KB at 409.7 KB/sec)
Downloading: https://repo.maven.apache.org/maven2/org/apache/maven/maven-parent/9/maven-parent-9.pom
4/33 KB    8/33 KB   12/33 KB   16/33 KB   20/33 KB   24/33 KB   28/33 KB   32/33 KB   33/33 KB              Downloaded: https://repo.maven.apache.org/maven2/org/apache/maven/maven-parent/9/maven-parent-9.pom (33 KB at 712.6 KB/sec)
Downloading: https://repo.maven.apache.org/maven2/org/apache/maven/plugins/maven-antrun-plugin/1.3/maven-antrun-plugin-1.3.jar
4/24 KB    8/24 KB   12/24 KB   16/24 KB   20/24 KB   24/24 KB              Downloaded: https://repo.maven.apache.org/maven2/org/apache/maven/plugins/maven-antrun-plugin/1.3/maven-antrun-plugin-1.3.jar (24 KB at 426.3 KB/sec)
Downloading: https://repo.maven.apache.org/maven2/org/apache/maven/plugins/maven-assembly-plugin/2.2-beta-5/maven-assembly-plugin-2.2-beta-5.pom
4/15 KB    8/15 KB   12/15 KB   15/15 KB              Downloaded: https://repo.maven.apache.org/maven2/org/apache/maven/plugins/maven-assembly-plugin/2.2-beta-5/maven-assembly-plugin-2.2-beta-5.pom (15 KB at 435.4 KB/sec)
Downloading: https://repo.maven.apache.org/maven2/org/apache/maven/plugins/maven-plugins/16/maven-plugins-16.pom
4/13 KB    8/13 KB   12/13 KB   13/13 KB              Downloaded: https://repo.maven.apache.org/maven2/org/apache/maven/plugins/maven-plugins/16/maven-plugins-16.pom (13 KB at 351.3 KB/sec)
Downloading: https://repo.maven.apache.org/maven2/org/apache/maven/maven-parent/15/maven-parent-15.pom
4/24 KB    8/24 KB   12/24 KB   16/24 KB   20/24 KB   24/24 KB              Downloaded: https://repo.maven.apache.org/maven2/org/apache/maven/maven-parent/15/maven-parent-15.pom (24 KB at 781.3 KB/sec)
Downloading: https://repo.maven.apache.org/maven2/org/apache/maven/plugins/maven-assembly-plugin/2.2-beta-5/maven-assembly-plugin-2.2-beta-5.jar
4/204 KB   8/204 KB   12/204 KB   16/204 KB   20/204 KB   24/204 KB   28/204 KB   32/204 KB   36/204 KB   40/204 KB   44/204 KB   48/204 KB   52/204 KB   56/204 KB   60/204 KB   64/204 KB   68/204 KB   72/204 KB   76/204 KB   80/204 KB   84/204 KB   88/204 KB   92/204 KB   96/204 KB   100/204 KB   104/204 KB   108/204 KB   112/204 KB   116/204 KB   120/204 KB   124/204 KB   128/204 KB   132/204 KB   136/204 KB   140/204 KB   144/204 KB   148/204 KB   152/204 KB   156/204 KB   160/204 KB   164/204 KB   168/204 KB   172/204 KB   176/204 KB   180/204 KB   184/204 KB   188/204 KB   192/204 KB   196/204 KB   200/204 KB   204/204 KB   204/204 KB                Downloaded: https://repo.maven.apache.org/maven2/org/apache/maven/plugins/maven-assembly-plugin/2.2-beta-5/maven-assembly-plugin-2.2-beta-5.jar (204 KB at 1152.4 KB/sec)
Downloading: https://repo.maven.apache.org/maven2/org/apache/maven/plugins/maven-dependency-plugin/2.8/maven-dependency-plugin-2.8.pom
4/12 KB      8/12 KB   12/12 KB              Downloaded: https://repo.maven.apache.org/maven2/org/apache/maven/plugins/maven-dependency-plugin/2.8/maven-dependency-plugin-2.8.pom (12 KB at 399.5 KB/sec)
Downloading: https://repo.maven.apache.org/maven2/org/apache/maven/plugins/maven-dependency-plugin/2.8/maven-dependency-plugin-2.8.jar
4/150 KB   8/150 KB   12/150 KB   16/150 KB   20/150 KB   24/150 KB   28/150 KB   32/150 KB   36/150 KB   40/150 KB   44/150 KB   48/150 KB   52/150 KB   56/150 KB   60/150 KB   64/150 KB   68/150 KB   72/150 KB   76/150 KB   80/150 KB   84/150 KB   88/150 KB   92/150 KB   96/150 KB   100/150 KB   104/150 KB   108/150 KB   112/150 KB   116/150 KB   120/150 KB   124/150 KB   128/150 KB   132/150 KB   136/150 KB   140/150 KB   144/150 KB   148/150 KB   150/150 KB                Downloaded: https://repo.maven.apache.org/maven2/org/apache/maven/plugins/maven-dependency-plugin/2.8/maven-dependency-plugin-2.8.jar (150 KB at 1206.4 KB/sec)
Downloading: https://repo.maven.apache.org/maven2/org/apache/maven/plugins/maven-release-plugin/2.1/maven-release-plugin-2.1.pom
4/9 KB       8/9 KB   9/9 KB            Downloaded: https://repo.maven.apache.org/maven2/org/apache/maven/plugins/maven-release-plugin/2.1/maven-release-plugin-2.1.pom (9 KB at 140.9 KB/sec)
Downloading: https://repo.maven.apache.org/maven2/org/apache/maven/release/maven-release/2.1/maven-release-2.1.pom
4/7 KB   7/7 KB            Downloaded: https://repo.maven.apache.org/maven2/org/apache/maven/release/maven-release/2.1/maven-release-2.1.pom (7 KB at 230.2 KB/sec)
Downloading: https://repo.maven.apache.org/maven2/org/apache/maven/plugins/maven-release-plugin/2.1/maven-release-plugin-2.1.jar
4/40 KB   8/40 KB   12/40 KB   16/40 KB   20/40 KB   24/40 KB   28/40 KB   32/40 KB   36/40 KB   40/40 KB              Downloaded: https://repo.maven.apache.org/maven2/org/apache/maven/plugins/maven-release-plugin/2.1/maven-release-plugin-2.1.jar (40 KB at 956.6 KB/sec)
Downloading: https://repo.maven.apache.org/maven2/org/apache/maven/plugins/maven-metadata.xml
4/13 KB    8/13 KB   12/13 KB   13/13 KB              Downloaded: https://repo.maven.apache.org/maven2/org/apache/maven/plugins/maven-metadata.xml (13 KB at 487.7 KB/sec)
Downloading: https://repo.maven.apache.org/maven2/org/codehaus/mojo/maven-metadata.xml
4/20 KB    8/20 KB   12/20 KB   16/20 KB   20/20 KB   20/20 KB              Downloaded: https://repo.maven.apache.org/maven2/org/codehaus/mojo/maven-metadata.xml (20 KB at 618.9 KB/sec)
Downloading: https://repo.maven.apache.org/maven2/org/apache/maven/plugins/maven-source-plugin/maven-metadata.xml
746/746 B               Downloaded: https://repo.maven.apache.org/maven2/org/apache/maven/plugins/maven-source-plugin/maven-metadata.xml (746 B at 18.2 KB/sec)
Downloading: https://repo.maven.apache.org/maven2/org/apache/maven/plugins/maven-source-plugin/2.4/maven-source-plugin-2.4.pom
4/7 KB      7/7 KB            Downloaded: https://repo.maven.apache.org/maven2/org/apache/maven/plugins/maven-source-plugin/2.4/maven-source-plugin-2.4.pom (7 KB at 249.5 KB/sec)
Downloading: https://repo.maven.apache.org/maven2/org/apache/maven/plugins/maven-plugins/25/maven-plugins-25.pom
4/10 KB   8/10 KB   10/10 KB              Downloaded: https://repo.maven.apache.org/maven2/org/apache/maven/plugins/maven-plugins/25/maven-plugins-25.pom (10 KB at 310.9 KB/sec)
Downloading: https://repo.maven.apache.org/maven2/org/apache/maven/plugins/maven-source-plugin/2.4/maven-source-plugin-2.4.jar
4/31 KB    8/31 KB   12/31 KB   16/31 KB   20/31 KB   24/31 KB   28/31 KB   31/31 KB              Downloaded: https://repo.maven.apache.org/maven2/org/apache/maven/plugins/maven-source-plugin/2.4/maven-source-plugin-2.4.jar (31 KB at 852.5 KB/sec)
Downloading: https://repo.maven.apache.org/maven2/org/apache/maven/plugins/maven-javadoc-plugin/maven-metadata.xml
910/910 B               Downloaded: https://repo.maven.apache.org/maven2/org/apache/maven/plugins/maven-javadoc-plugin/maven-metadata.xml (910 B at 24.7 KB/sec)
Downloading: https://repo.maven.apache.org/maven2/org/apache/maven/plugins/maven-javadoc-plugin/2.10.3/maven-javadoc-plugin-2.10.3.pom
4/16 KB     8/16 KB   12/16 KB   16/16 KB   16/16 KB              Downloaded: https://repo.maven.apache.org/maven2/org/apache/maven/plugins/maven-javadoc-plugin/2.10.3/maven-javadoc-plugin-2.10.3.pom (16 KB at 568.0 KB/sec)
Downloading: https://repo.maven.apache.org/maven2/org/apache/maven/plugins/maven-javadoc-plugin/2.10.3/maven-javadoc-plugin-2.10.3.jar
4/396 KB   8/396 KB   12/396 KB   16/396 KB   20/396 KB   24/396 KB   28/396 KB   32/396 KB   36/396 KB   40/396 KB   44/396 KB   48/396 KB   52/396 KB   56/396 KB   60/396 KB   64/396 KB   68/396 KB   72/396 KB   76/396 KB   80/396 KB   84/396 KB   88/396 KB   92/396 KB   96/396 KB   100/396 KB   104/396 KB   108/396 KB   112/396 KB   116/396 KB   120/396 KB   124/396 KB   128/396 KB   132/396 KB   136/396 KB   140/396 KB   144/396 KB   148/396 KB   152/396 KB   156/396 KB   160/396 KB   164/396 KB   168/396 KB   172/396 KB   176/396 KB   180/396 KB   184/396 KB   188/396 KB   192/396 KB   196/396 KB   200/396 KB   204/396 KB   208/396 KB   212/396 KB   216/396 KB   220/396 KB   224/396 KB   228/396 KB   232/396 KB   236/396 KB   240/396 KB   244/396 KB   248/396 KB   252/396 KB   256/396 KB   260/396 KB   264/396 KB   268/396 KB   272/396 KB   276/396 KB   280/396 KB   284/396 KB   288/396 KB   292/396 KB   296/396 KB   300/396 KB   304/396 KB   308/396 KB   312/396 KB   316/396 KB   320/396 KB   324/396 KB   328/396 KB   332/396 KB   336/396 KB   340/396 KB   344/396 KB   348/396 KB   352/396 KB   356/396 KB   360/396 KB   364/396 KB   368/396 KB   372/396 KB   376/396 KB   380/396 KB   384/396 KB   388/396 KB   392/396 KB   396/396 KB   396/396 KB                Downloaded: https://repo.maven.apache.org/maven2/org/apache/maven/plugins/maven-javadoc-plugin/2.10.3/maven-javadoc-plugin-2.10.3.jar (396 KB at 1720.7 KB/sec)
[INFO]                                                                         
[INFO] ------------------------------------------------------------------------
[INFO] Building Retrofit (Parent) 2.0.0-SNAPSHOT
[INFO] ------------------------------------------------------------------------
[INFO] 
[INFO] --- maven-clean-plugin:2.5:clean (default-clean) @ parent ---
[INFO] 
[INFO] >>> maven-source-plugin:2.4:jar (default-cli) > generate-sources @ parent >>>
[INFO] 
[INFO] --- maven-enforcer-plugin:1.0:enforce (enforce-maven) @ parent ---
[INFO] 
[INFO] <<< maven-source-plugin:2.4:jar (default-cli) < generate-sources @ parent <<<
[INFO] 
[INFO] --- maven-source-plugin:2.4:jar (default-cli) @ parent ---
Downloading: https://repo.maven.apache.org/maven2/org/codehaus/plexus/plexus-archiver/2.6.3/plexus-archiver-2.6.3.pom
4/4 KB                Downloaded: https://repo.maven.apache.org/maven2/org/codehaus/plexus/plexus-archiver/2.6.3/plexus-archiver-2.6.3.pom (4 KB at 66.9 KB/sec)
Downloading: https://repo.maven.apache.org/maven2/org/codehaus/plexus/plexus-utils/3.0.18/plexus-utils-3.0.18.pom
4/4 KB            Downloaded: https://repo.maven.apache.org/maven2/org/codehaus/plexus/plexus-utils/3.0.18/plexus-utils-3.0.18.pom (4 KB at 100.5 KB/sec)
Downloading: https://repo.maven.apache.org/maven2/org/codehaus/plexus/plexus-io/2.1.3/plexus-io-2.1.3.pom
3/3 KB            Downloaded: https://repo.maven.apache.org/maven2/org/codehaus/plexus/plexus-io/2.1.3/plexus-io-2.1.3.pom (3 KB at 51.0 KB/sec)
Downloading: https://repo.maven.apache.org/maven2/org/codehaus/plexus/plexus-components/1.2/plexus-components-1.2.pom
3/3 KB            Downloaded: https://repo.maven.apache.org/maven2/org/codehaus/plexus/plexus-components/1.2/plexus-components-1.2.pom (3 KB at 103.0 KB/sec)
Downloading: https://repo.maven.apache.org/maven2/org/apache/commons/commons-compress/1.8.1/commons-compress-1.8.1.pom
4/12 KB   8/12 KB   12/12 KB              Downloaded: https://repo.maven.apache.org/maven2/org/apache/commons/commons-compress/1.8.1/commons-compress-1.8.1.pom (12 KB at 319.0 KB/sec)
Downloading: https://repo.maven.apache.org/maven2/org/apache/commons/commons-parent/33/commons-parent-33.pom
4/52 KB    8/52 KB   12/52 KB   16/52 KB   20/52 KB   24/52 KB   28/52 KB   32/52 KB   36/52 KB   40/52 KB   44/52 KB   48/52 KB   52/52 KB   52/52 KB              Downloaded: https://repo.maven.apache.org/maven2/org/apache/commons/commons-parent/33/commons-parent-33.pom (52 KB at 467.1 KB/sec)
Downloading: https://repo.maven.apache.org/maven2/org/codehaus/plexus/plexus-interpolation/1.11/plexus-interpolation-1.11.jar
Downloading: https://repo.maven.apache.org/maven2/org/codehaus/plexus/plexus-io/2.1.3/plexus-io-2.1.3.jar
4/50 KB    8/50 KB   12/50 KB   16/50 KB   Downloading: https://repo.maven.apache.org/maven2/org/apache/commons/commons-compress/1.8.1/commons-compress-1.8.1.jar
20/50 KB   24/50 KB   28/50 KB   32/50 KB   36/50 KB   Downloading: https://repo.maven.apache.org/maven2/org/codehaus/plexus/plexus-utils/3.0.18/plexus-utils-3.0.18.jar
Downloading: https://repo.maven.apache.org/maven2/org/codehaus/plexus/plexus-archiver/2.6.3/plexus-archiver-2.6.3.jar
40/50 KB   44/50 KB   48/50 KB   50/50 KB   50/50 KB   4/65 KB   50/50 KB   8/65 KB   50/50 KB   12/65 KB   50/50 KB   16/65 KB   4/129 KB   50/50 KB   16/65 KB   8/129 KB   50/50 KB   16/65 KB   4/357 KB   12/129 KB   50/50 KB   16/65 KB   4/357 KB   16/129 KB   50/50 KB   16/65 KB   4/357 KB   20/129 KB   50/50 KB   16/65 KB   4/357 KB   4/129 KB   50/50 KB   16/65 KB   4/357 KB   20/129 KB   4/238 KB   50/50 KB   20/65 KB   8/357 KB   20/129 KB   4/238 KB   50/50 KB   20/65 KB   12/357 KB   20/129 KB   4/238 KB   50/50 KB   20/65 KB   16/357 KB   20/129 KB   4/238 KB   50/50 KB   20/65 KB   20/357 KB   20/129 KB   4/238 KB   50/50 KB   20/65 KB   24/357 KB   20/129 KB   4/238 KB   50/50 KB   20/65 KB   28/357 KB   20/129 KB   4/238 KB   50/50 KB   20/65 KB   32/357 KB   20/129 KB   4/238 KB   50/50 KB   20/65 KB   36/357 KB   20/129 KB   4/238 KB   50/50 KB   20/65 KB   4/357 KB   20/129 KB   50/50 KB   20/65 KB   4/357 KB   24/129 KB   4/238 KB   24/65 KB   36/357 KB   24/129 KB   8/238 KB   24/65 KB   36/357 KB   24/129 KB   4/238 KB   20/65 KB   36/357 KB              24/129 KB   12/238 KB   28/65 KB   36/357 KB                                                            28/129 KB   16/238 KB   28/65 KB   36/357 KB   Downloaded: https://repo.maven.apache.org/maven2/org/codehaus/plexus/plexus-interpolation/1.11/plexus-interpolation-1.11.jar (50 KB at 204.7 KB/sec)
28/129 KB   12/238 KB   28/65 KB   36/357 KB   32/129 KB   16/238 KB   28/65 KB   36/357 KB   36/129 KB   16/238 KB   28/65 KB   36/357 KB   40/129 KB   16/238 KB   28/65 KB   36/357 KB   24/129 KB   8/238 KB   28/65 KB   36/357 KB   40/129 KB   16/238 KB   31/65 KB   36/357 KB   40/129 KB   20/238 KB   31/65 KB   36/357 KB   40/129 KB   24/238 KB   31/65 KB   36/357 KB   40/129 KB   28/238 KB   31/65 KB   36/357 KB   40/129 KB   32/238 KB   31/65 KB   36/357 KB   40/129 KB   32/238 KB   35/65 KB   36/357 KB   40/129 KB   32/238 KB   39/65 KB   36/357 KB   40/129 KB   32/238 KB   43/65 KB   36/357 KB   40/129 KB   32/238 KB   47/65 KB   36/357 KB   40/129 KB   32/238 KB   47/65 KB   36/357 KB   40/129 KB   36/238 KB   47/65 KB   36/357 KB   40/129 KB   36/238 KB   47/65 KB   40/357 KB   44/129 KB   36/238 KB   47/65 KB   40/357 KB   44/129 KB   36/238 KB   47/65 KB   44/357 KB   48/129 KB   36/238 KB   47/65 KB   44/357 KB   48/129 KB   40/238 KB   47/65 KB   48/357 KB   48/129 KB   36/238 KB   47/65 KB   48/357 KB   52/129 KB   44/238 KB   47/65 KB   48/357 KB   52/129 KB   48/238 KB   47/65 KB   48/357 KB   52/129 KB   40/238 KB   47/65 KB   48/357 KB   52/129 KB   52/238 KB   47/65 KB   48/357 KB   52/129 KB   56/238 KB   47/65 KB   48/357 KB   52/129 KB   60/238 KB   47/65 KB   48/357 KB   52/129 KB   64/238 KB   47/65 KB   48/357 KB   52/129 KB   64/238 KB   51/65 KB   48/357 KB   52/129 KB   64/238 KB   55/65 KB   48/357 KB   52/129 KB   64/238 KB   59/65 KB   48/357 KB   52/129 KB   64/238 KB   63/65 KB   48/357 KB   52/129 KB   64/238 KB   65/65 KB   48/357 KB   56/129 KB   64/238 KB   65/65 KB   48/357 KB   56/129 KB   64/238 KB   65/65 KB   52/357 KB   56/129 KB   64/238 KB   65/65 KB   56/357 KB   60/129 KB   64/238 KB   65/65 KB   60/357 KB   60/129 KB   64/238 KB   65/65 KB   64/357 KB   60/129 KB   64/238 KB   65/65 KB   56/357 KB   64/129 KB   68/238 KB   65/65 KB   64/357 KB   68/129 KB   68/238 KB   65/65 KB   64/357 KB   71/129 KB   68/238 KB   65/65 KB   64/357 KB   60/129 KB   68/238 KB   65/65 KB   64/357 KB   71/129 KB   72/238 KB   65/65 KB   64/357 KB   71/129 KB   76/238 KB   65/65 KB   64/357 KB   71/129 KB   80/238 KB   65/65 KB   64/357 KB   71/129 KB   84/238 KB   65/65 KB   64/357 KB                                                  Downloaded: https://repo.maven.apache.org/maven2/org/codehaus/plexus/plexus-io/2.1.3/plexus-io-2.1.3.jar (65 KB at 208.0 KB/sec)
75/129 KB   88/238 KB   68/357 KB              75/129 KB   92/238 KB   68/357 KB   75/129 KB   96/238 KB   68/357 KB   75/129 KB   100/238 KB   68/357 KB   75/129 KB   84/238 KB   65/65 KB   68/357 KB   75/129 KB   84/238 KB   65/65 KB   64/357 KB   75/129 KB   104/238 KB   72/357 KB   75/129 KB   108/238 KB   72/357 KB   75/129 KB   100/238 KB   72/357 KB   75/129 KB   112/238 KB   76/357 KB   75/129 KB   112/238 KB   80/357 KB   79/129 KB   112/238 KB   80/357 KB   83/129 KB   112/238 KB   80/357 KB   87/129 KB   112/238 KB   80/357 KB   91/129 KB   112/238 KB   80/357 KB   95/129 KB   112/238 KB   84/357 KB   99/129 KB   112/238 KB   84/357 KB   103/129 KB   112/238 KB   84/357 KB   107/129 KB   112/238 KB   84/357 KB   75/129 KB   112/238 KB   72/357 KB   91/129 KB   112/238 KB   84/357 KB   107/129 KB   112/238 KB   88/357 KB   107/129 KB   112/238 KB   92/357 KB   107/129 KB   112/238 KB   96/357 KB   107/129 KB   116/238 KB   96/357 KB   107/129 KB   120/238 KB   96/357 KB   107/129 KB   124/238 KB   96/357 KB   107/129 KB   128/238 KB   96/357 KB   107/129 KB   128/238 KB   100/357 KB   107/129 KB   128/238 KB   104/357 KB   107/129 KB   128/238 KB   108/357 KB   107/129 KB   128/238 KB   112/357 KB   107/129 KB   132/238 KB   112/357 KB   111/129 KB   132/238 KB   116/357 KB   111/129 KB   136/238 KB   120/357 KB   111/129 KB   136/238 KB   124/357 KB   111/129 KB   136/238 KB   128/357 KB   111/129 KB   136/238 KB   132/357 KB   111/129 KB   132/238 KB   112/357 KB   111/129 KB   136/238 KB   116/357 KB   111/129 KB   140/238 KB   132/357 KB   115/129 KB   140/238 KB   132/357 KB   119/129 KB   144/238 KB   132/357 KB   123/129 KB   144/238 KB   132/357 KB   127/129 KB   144/238 KB   132/357 KB   129/129 KB   144/238 KB   132/357 KB   115/129 KB   144/238 KB   132/357 KB   129/129 KB   148/238 KB   132/357 KB   129/129 KB   152/238 KB   136/357 KB   129/129 KB   156/238 KB   136/357 KB   129/129 KB   160/238 KB   136/357 KB   129/129 KB   148/238 KB   136/357 KB   129/129 KB   160/238 KB   140/357 KB   129/129 KB   160/238 KB   144/357 KB   129/129 KB   160/238 KB   148/357 KB   164/238 KB   152/357 KB   164/238 KB   156/357 KB   164/238 KB   160/357 KB                                          Downloaded: https://repo.maven.apache.org/maven2/org/codehaus/plexus/plexus-archiver/2.6.3/plexus-archiver-2.6.3.jar (129 KB at 280.1 KB/sec)
164/238 KB   148/357 KB                168/238 KB   160/357 KB   172/238 KB   160/357 KB   176/238 KB   160/357 KB   180/238 KB   160/357 KB   184/238 KB   164/357 KB   188/238 KB   164/357 KB   192/238 KB   164/357 KB   196/238 KB   164/357 KB   180/238 KB   164/357 KB   196/238 KB   168/357 KB   196/238 KB   172/357 KB   196/238 KB   176/357 KB   196/238 KB   180/357 KB   196/238 KB   184/357 KB   196/238 KB   188/357 KB   196/238 KB   192/357 KB   196/238 KB   196/357 KB   200/238 KB   196/357 KB   204/238 KB   196/357 KB   208/238 KB   196/357 KB   212/238 KB   196/357 KB   216/238 KB   200/357 KB   220/238 KB   200/357 KB   224/238 KB   200/357 KB   228/238 KB   200/357 KB   212/238 KB   200/357 KB   228/238 KB   204/357 KB   228/238 KB   208/357 KB   228/238 KB   212/357 KB   228/238 KB   216/357 KB   228/238 KB   220/357 KB   228/238 KB   224/357 KB   228/238 KB   228/357 KB   232/238 KB   228/357 KB   236/238 KB   228/357 KB   238/238 KB   228/357 KB   238/238 KB   232/357 KB   238/238 KB   236/357 KB   238/238 KB   240/357 KB                             Downloaded: https://repo.maven.apache.org/maven2/org/codehaus/plexus/plexus-utils/3.0.18/plexus-utils-3.0.18.jar (238 KB at 468.1 KB/sec)
238/238 KB   244/357 KB   248/357 KB                252/357 KB   256/357 KB   260/357 KB   264/357 KB   268/357 KB   272/357 KB   276/357 KB   280/357 KB   284/357 KB   288/357 KB   292/357 KB   296/357 KB   300/357 KB   304/357 KB   308/357 KB   312/357 KB   316/357 KB   320/357 KB   324/357 KB   328/357 KB   332/357 KB   336/357 KB   340/357 KB   344/357 KB   348/357 KB   352/357 KB   356/357 KB   357/357 KB                Downloaded: https://repo.maven.apache.org/maven2/org/apache/commons/commons-compress/1.8.1/commons-compress-1.8.1.jar (357 KB at 603.0 KB/sec)
[INFO] 
[INFO] --- maven-javadoc-plugin:2.10.3:jar (default-cli) @ parent ---
Downloading: https://repo.maven.apache.org/maven2/org/apache/maven/maven-toolchain/2.2.1/maven-toolchain-2.2.1.pom
4/4 KB                Downloaded: https://repo.maven.apache.org/maven2/org/apache/maven/maven-toolchain/2.2.1/maven-toolchain-2.2.1.pom (4 KB at 90.7 KB/sec)
Downloading: https://repo.maven.apache.org/maven2/org/apache/maven/shared/maven-invoker/2.0.9/maven-invoker-2.0.9.pom
4/6 KB   6/6 KB            Downloaded: https://repo.maven.apache.org/maven2/org/apache/maven/shared/maven-invoker/2.0.9/maven-invoker-2.0.9.pom (6 KB at 152.5 KB/sec)
Downloading: https://repo.maven.apache.org/maven2/org/codehaus/plexus/plexus-utils/1.5.6/plexus-utils-1.5.6.pom
4/6 KB   6/6 KB            Downloaded: https://repo.maven.apache.org/maven2/org/codehaus/plexus/plexus-utils/1.5.6/plexus-utils-1.5.6.pom (6 KB at 207.1 KB/sec)
Downloading: https://repo.maven.apache.org/maven2/org/codehaus/plexus/plexus/1.0.12/plexus-1.0.12.pom
4/10 KB   8/10 KB   10/10 KB              Downloaded: https://repo.maven.apache.org/maven2/org/codehaus/plexus/plexus/1.0.12/plexus-1.0.12.pom (10 KB at 265.8 KB/sec)
Downloading: https://repo.maven.apache.org/maven2/org/apache/maven/maven-artifact/2.0.8/maven-artifact-2.0.8.pom
2/2 KB              Downloaded: https://repo.maven.apache.org/maven2/org/apache/maven/maven-artifact/2.0.8/maven-artifact-2.0.8.pom (2 KB at 60.8 KB/sec)
Downloading: https://repo.maven.apache.org/maven2/org/codehaus/plexus/plexus-utils/1.4.6/plexus-utils-1.4.6.pom
3/3 KB            Downloaded: https://repo.maven.apache.org/maven2/org/codehaus/plexus/plexus-utils/1.4.6/plexus-utils-1.4.6.pom (3 KB at 69.1 KB/sec)
Downloading: https://repo.maven.apache.org/maven2/org/apache/maven/maven-project/2.0.8/maven-project-2.0.8.pom
3/3 KB            Downloaded: https://repo.maven.apache.org/maven2/org/apache/maven/maven-project/2.0.8/maven-project-2.0.8.pom (3 KB at 64.5 KB/sec)
Downloading: https://repo.maven.apache.org/maven2/org/apache/maven/maven-settings/2.0.8/maven-settings-2.0.8.pom
3/3 KB            Downloaded: https://repo.maven.apache.org/maven2/org/apache/maven/maven-settings/2.0.8/maven-settings-2.0.8.pom (3 KB at 64.8 KB/sec)
Downloading: https://repo.maven.apache.org/maven2/org/apache/maven/maven-profile/2.0.8/maven-profile-2.0.8.pom
2/2 KB            Downloaded: https://repo.maven.apache.org/maven2/org/apache/maven/maven-profile/2.0.8/maven-profile-2.0.8.pom (2 KB at 56.8 KB/sec)
Downloading: https://repo.maven.apache.org/maven2/org/apache/maven/maven-artifact-manager/2.0.8/maven-artifact-manager-2.0.8.pom
3/3 KB            Downloaded: https://repo.maven.apache.org/maven2/org/apache/maven/maven-artifact-manager/2.0.8/maven-artifact-manager-2.0.8.pom (3 KB at 97.7 KB/sec)
Downloading: https://repo.maven.apache.org/maven2/org/apache/maven/maven-repository-metadata/2.0.8/maven-repository-metadata-2.0.8.pom
2/2 KB            Downloaded: https://repo.maven.apache.org/maven2/org/apache/maven/maven-repository-metadata/2.0.8/maven-repository-metadata-2.0.8.pom (2 KB at 77.4 KB/sec)
Downloading: https://repo.maven.apache.org/maven2/org/apache/maven/maven-plugin-registry/2.0.8/maven-plugin-registry-2.0.8.pom
2/2 KB            Downloaded: https://repo.maven.apache.org/maven2/org/apache/maven/maven-plugin-registry/2.0.8/maven-plugin-registry-2.0.8.pom (2 KB at 72.3 KB/sec)
Downloading: https://repo.maven.apache.org/maven2/org/apache/maven/maven-plugin-api/2.0.8/maven-plugin-api-2.0.8.pom
2/2 KB            Downloaded: https://repo.maven.apache.org/maven2/org/apache/maven/maven-plugin-api/2.0.8/maven-plugin-api-2.0.8.pom (2 KB at 50.3 KB/sec)
Downloading: https://repo.maven.apache.org/maven2/org/codehaus/plexus/plexus-utils/1.4.9/plexus-utils-1.4.9.pom
3/3 KB            Downloaded: https://repo.maven.apache.org/maven2/org/codehaus/plexus/plexus-utils/1.4.9/plexus-utils-1.4.9.pom (3 KB at 65.9 KB/sec)
Downloading: https://repo.maven.apache.org/maven2/org/apache/maven/wagon/wagon-provider-api/1.0-beta-6/wagon-provider-api-1.0-beta-6.pom
2/2 KB            Downloaded: https://repo.maven.apache.org/maven2/org/apache/maven/wagon/wagon-provider-api/1.0-beta-6/wagon-provider-api-1.0-beta-6.pom (2 KB at 45.2 KB/sec)
Downloading: https://repo.maven.apache.org/maven2/org/apache/maven/wagon/wagon/1.0-beta-6/wagon-1.0-beta-6.pom
4/13 KB   8/13 KB   12/13 KB   13/13 KB              Downloaded: https://repo.maven.apache.org/maven2/org/apache/maven/wagon/wagon/1.0-beta-6/wagon-1.0-beta-6.pom (13 KB at 295.0 KB/sec)
Downloading: https://repo.maven.apache.org/maven2/org/codehaus/plexus/plexus-utils/1.4.2/plexus-utils-1.4.2.pom
2/2 KB              Downloaded: https://repo.maven.apache.org/maven2/org/codehaus/plexus/plexus-utils/1.4.2/plexus-utils-1.4.2.pom (2 KB at 68.3 KB/sec)
Downloading: https://repo.maven.apache.org/maven2/commons-io/commons-io/2.2/commons-io-2.2.pom
4/11 KB   8/11 KB   11/11 KB              Downloaded: https://repo.maven.apache.org/maven2/commons-io/commons-io/2.2/commons-io-2.2.pom (11 KB at 299.3 KB/sec)
Downloading: https://repo.maven.apache.org/maven2/org/apache/commons/commons-parent/24/commons-parent-24.pom
4/47 KB    8/47 KB   12/47 KB   16/47 KB   20/47 KB   24/47 KB   28/47 KB   32/47 KB   36/47 KB   40/47 KB   44/47 KB   47/47 KB              Downloaded: https://repo.maven.apache.org/maven2/org/apache/commons/commons-parent/24/commons-parent-24.pom (47 KB at 394.5 KB/sec)
Downloading: https://repo.maven.apache.org/maven2/org/apache/httpcomponents/httpclient/4.2.3/httpclient-4.2.3.pom
4/6 KB     6/6 KB            Downloaded: https://repo.maven.apache.org/maven2/org/apache/httpcomponents/httpclient/4.2.3/httpclient-4.2.3.pom (6 KB at 99.5 KB/sec)
Downloading: https://repo.maven.apache.org/maven2/org/apache/httpcomponents/httpcomponents-client/4.2.3/httpcomponents-client-4.2.3.pom
4/15 KB   8/15 KB   12/15 KB   15/15 KB              Downloaded: https://repo.maven.apache.org/maven2/org/apache/httpcomponents/httpcomponents-client/4.2.3/httpcomponents-client-4.2.3.pom (15 KB at 216.1 KB/sec)
Downloading: https://repo.maven.apache.org/maven2/org/apache/httpcomponents/project/6/project-6.pom
4/24 KB    8/24 KB   12/24 KB   16/24 KB   20/24 KB   24/24 KB              Downloaded: https://repo.maven.apache.org/maven2/org/apache/httpcomponents/project/6/project-6.pom (24 KB at 488.0 KB/sec)
Downloading: https://repo.maven.apache.org/maven2/org/apache/httpcomponents/httpcore/4.2.2/httpcore-4.2.2.pom
4/6 KB     6/6 KB            Downloaded: https://repo.maven.apache.org/maven2/org/apache/httpcomponents/httpcore/4.2.2/httpcore-4.2.2.pom (6 KB at 179.1 KB/sec)
Downloading: https://repo.maven.apache.org/maven2/org/apache/httpcomponents/httpcomponents-core/4.2.2/httpcomponents-core-4.2.2.pom
4/12 KB   8/12 KB   12/12 KB              Downloaded: https://repo.maven.apache.org/maven2/org/apache/httpcomponents/httpcomponents-core/4.2.2/httpcomponents-core-4.2.2.pom (12 KB at 448.2 KB/sec)
Downloading: https://repo.maven.apache.org/maven2/commons-codec/commons-codec/1.6/commons-codec-1.6.pom
4/11 KB    8/11 KB   11/11 KB              Downloaded: https://repo.maven.apache.org/maven2/commons-codec/commons-codec/1.6/commons-codec-1.6.pom (11 KB at 340.5 KB/sec)
Downloading: https://repo.maven.apache.org/maven2/log4j/log4j/1.2.14/log4j-1.2.14.pom
3/3 KB              Downloaded: https://repo.maven.apache.org/maven2/log4j/log4j/1.2.14/log4j-1.2.14.pom (3 KB at 79.9 KB/sec)
Downloading: https://repo.maven.apache.org/maven2/com/thoughtworks/qdox/qdox/1.12.1/qdox-1.12.1.pom
4/18 KB   8/18 KB   12/18 KB   16/18 KB   18/18 KB              Downloaded: https://repo.maven.apache.org/maven2/com/thoughtworks/qdox/qdox/1.12.1/qdox-1.12.1.pom (18 KB at 491.0 KB/sec)
Downloading: https://repo.maven.apache.org/maven2/org/codehaus/codehaus-parent/4/codehaus-parent-4.pom
4/5 KB     5/5 KB            Downloaded: https://repo.maven.apache.org/maven2/org/codehaus/codehaus-parent/4/codehaus-parent-4.pom (5 KB at 130.8 KB/sec)
Downloading: https://repo.maven.apache.org/maven2/org/codehaus/plexus/plexus-archiver/2.9/plexus-archiver-2.9.pom
4/5 KB   5/5 KB            Downloaded: https://repo.maven.apache.org/maven2/org/codehaus/plexus/plexus-archiver/2.9/plexus-archiver-2.9.pom (5 KB at 133.3 KB/sec)
Downloading: https://repo.maven.apache.org/maven2/org/codehaus/plexus/plexus-io/2.4/plexus-io-2.4.pom
4/4 KB            Downloaded: https://repo.maven.apache.org/maven2/org/codehaus/plexus/plexus-io/2.4/plexus-io-2.4.pom (4 KB at 113.8 KB/sec)
Downloading: https://repo.maven.apache.org/maven2/org/apache/commons/commons-compress/1.9/commons-compress-1.9.pom
4/12 KB   8/12 KB   12/12 KB              Downloaded: https://repo.maven.apache.org/maven2/org/apache/commons/commons-compress/1.9/commons-compress-1.9.pom (12 KB at 319.0 KB/sec)
Downloading: https://repo.maven.apache.org/maven2/org/apache/commons/commons-parent/34/commons-parent-34.pom
4/55 KB    8/55 KB   12/55 KB   16/55 KB   20/55 KB   24/55 KB   28/55 KB   32/55 KB   36/55 KB   40/55 KB   44/55 KB   48/55 KB   52/55 KB   55/55 KB              Downloaded: https://repo.maven.apache.org/maven2/org/apache/commons/commons-parent/34/commons-parent-34.pom (55 KB at 926.0 KB/sec)
Downloading: https://repo.maven.apache.org/maven2/org/apache/maven/shared/maven-invoker/2.0.9/maven-invoker-2.0.9.jar
4/28 KB    8/28 KB   12/28 KB   16/28 KB   20/28 KB   Downloading: https://repo.maven.apache.org/maven2/org/codehaus/plexus/plexus-velocity/1.1.7/plexus-velocity-1.1.7.jar
24/28 KB   28/28 KB   28/28 KB   Downloading: https://repo.maven.apache.org/maven2/commons-digester/commons-digester/1.8/commons-digester-1.8.jar
Downloading: https://repo.maven.apache.org/maven2/org/apache/maven/doxia/doxia-core/1.4/doxia-core-1.4.jar
Downloading: https://repo.maven.apache.org/maven2/antlr/antlr/2.7.2/antlr-2.7.2.jar
           Downloaded: https://repo.maven.apache.org/maven2/org/apache/maven/shared/maven-invoker/2.0.9/maven-invoker-2.0.9.jar (28 KB at 209.2 KB/sec)
Downloading: https://repo.maven.apache.org/maven2/commons-lang/commons-lang/2.4/commons-lang-2.4.jar
4/162 KB   8/162 KB   8/162 KB   4/8 KB   8/162 KB   8/8 KB   12/162 KB   8/8 KB   16/162 KB   8/8 KB   20/162 KB   8/8 KB   20/162 KB   8/8 KB   4/141 KB   24/162 KB   8/8 KB   8/141 KB   24/162 KB   8/8 KB   4/141 KB   28/162 KB   8/8 KB   12/141 KB   32/162 KB   8/8 KB   12/141 KB   24/162 KB   8/8 KB   12/141 KB                                    Downloaded: https://repo.maven.apache.org/maven2/org/codehaus/plexus/plexus-velocity/1.1.7/plexus-velocity-1.1.7.jar (8 KB at 64.6 KB/sec)
Downloading: https://repo.maven.apache.org/maven2/commons-io/commons-io/2.2/commons-io-2.2.jar
32/162 KB   16/141 KB            4/350 KB   32/162 KB   16/141 KB   8/350 KB   32/162 KB   16/141 KB   12/350 KB   32/162 KB   16/141 KB   16/350 KB   32/162 KB   16/141 KB   20/350 KB   32/162 KB   16/141 KB   24/350 KB   32/162 KB   16/141 KB   28/350 KB   32/162 KB   16/141 KB   32/350 KB   32/162 KB   16/141 KB   36/350 KB   32/162 KB   16/141 KB   36/350 KB   36/162 KB   4/256 KB   4/170 KB   20/141 KB   40/350 KB   40/162 KB   4/256 KB   4/170 KB   20/141 KB   40/350 KB   44/162 KB   4/256 KB   4/170 KB   20/141 KB   40/350 KB   48/162 KB   4/256 KB   4/170 KB   20/141 KB   36/350 KB   32/162 KB   4/170 KB   16/141 KB   40/350 KB   48/162 KB   4/256 KB   8/170 KB   20/141 KB   40/350 KB   48/162 KB   4/256 KB   12/170 KB   20/141 KB   40/350 KB   48/162 KB   4/256 KB   16/170 KB   20/141 KB   40/350 KB   48/162 KB   4/256 KB   20/170 KB   20/141 KB   40/350 KB   48/162 KB   4/256 KB   24/170 KB   20/141 KB   40/350 KB   48/162 KB   4/256 KB   28/170 KB   20/141 KB   40/350 KB   48/162 KB   4/256 KB   32/170 KB   20/141 KB   36/350 KB   32/162 KB   4/256 KB   4/170 KB   20/141 KB   40/350 KB   48/162 KB   4/256 KB   32/170 KB   24/141 KB   36/350 KB   32/162 KB   4/256 KB   4/170 KB   16/141 KB   40/350 KB   48/162 KB   8/256 KB   32/170 KB   28/141 KB   40/350 KB   48/162 KB   12/256 KB   32/170 KB   28/141 KB   40/350 KB   48/162 KB   16/256 KB   32/170 KB   28/141 KB   40/350 KB   52/162 KB   16/256 KB   32/170 KB   28/141 KB   40/350 KB   56/162 KB   20/256 KB   36/170 KB   28/141 KB   40/350 KB   60/162 KB   20/256 KB   36/170 KB   28/141 KB   40/350 KB   64/162 KB   20/256 KB   36/170 KB   28/141 KB   40/350 KB   48/162 KB   4/256 KB   32/170 KB   28/141 KB   40/350 KB   36/162 KB   4/256 KB   4/170 KB   20/141 KB   40/350 KB   52/162 KB   20/256 KB   36/170 KB   28/141 KB   44/350 KB   64/162 KB   20/256 KB   36/170 KB   32/141 KB   40/350 KB   52/162 KB   20/256 KB   32/170 KB   28/141 KB   44/350 KB   64/162 KB   24/256 KB   36/170 KB   32/141 KB   44/350 KB   64/162 KB   28/256 KB   36/170 KB   32/141 KB   44/350 KB   64/162 KB   31/256 KB   36/170 KB   32/141 KB   44/350 KB   64/162 KB   31/256 KB   36/170 KB   36/141 KB   44/350 KB   64/162 KB   20/256 KB   36/170 KB   28/141 KB   48/350 KB   68/162 KB   35/256 KB   40/170 KB   40/141 KB   52/350 KB   68/162 KB   35/256 KB   40/170 KB   40/141 KB   56/350 KB   68/162 KB   35/256 KB   40/170 KB   40/141 KB   60/350 KB   68/162 KB   35/256 KB   40/170 KB   40/141 KB   64/350 KB   68/162 KB   35/256 KB   40/170 KB   40/141 KB   68/350 KB   68/162 KB   35/256 KB   40/170 KB   40/141 KB   72/350 KB   68/162 KB   35/256 KB   40/170 KB   40/141 KB   76/350 KB   68/162 KB   35/256 KB   40/170 KB   40/141 KB   80/350 KB   68/162 KB   35/256 KB   40/170 KB   40/141 KB   84/350 KB   68/162 KB   35/256 KB   40/170 KB   40/141 KB   88/350 KB   68/162 KB   35/256 KB   40/170 KB   40/141 KB   92/350 KB   68/162 KB   35/256 KB   40/170 KB   40/141 KB   96/350 KB   68/162 KB   35/256 KB   40/170 KB   40/141 KB   44/350 KB   68/162 KB   35/256 KB   40/170 KB   40/141 KB   44/350 KB   68/162 KB   35/256 KB   40/170 KB   36/141 KB   96/350 KB   68/162 KB   35/256 KB   44/170 KB   44/141 KB   96/350 KB   68/162 KB   35/256 KB   48/170 KB   44/141 KB   44/350 KB   68/162 KB   35/256 KB   36/170 KB   36/141 KB   96/350 KB   68/162 KB   39/256 KB   48/170 KB   44/141 KB   96/350 KB   68/162 KB   43/256 KB   48/170 KB   44/141 KB   96/350 KB   68/162 KB   47/256 KB   48/170 KB   44/141 KB   96/350 KB   68/162 KB   47/256 KB   48/170 KB   44/141 KB   96/350 KB   68/162 KB   47/256 KB   52/170 KB   44/141 KB   96/350 KB   68/162 KB   47/256 KB   56/170 KB   44/141 KB   96/350 KB   68/162 KB   47/256 KB   60/170 KB   44/141 KB   96/350 KB   68/162 KB   47/256 KB   64/170 KB   44/141 KB   96/350 KB   68/162 KB   51/256 KB   64/170 KB   44/141 KB   44/350 KB   68/162 KB   31/256 KB   36/170 KB   36/141 KB   96/350 KB   72/162 KB   51/256 KB   64/170 KB   44/141 KB   96/350 KB   76/162 KB   51/256 KB   64/170 KB   44/141 KB   96/350 KB   80/162 KB   51/256 KB   64/170 KB   44/141 KB   96/350 KB   84/162 KB   51/256 KB   64/170 KB   44/141 KB   96/350 KB   88/162 KB   51/256 KB   64/170 KB   44/141 KB   96/350 KB   92/162 KB   51/256 KB   64/170 KB   44/141 KB   96/350 KB   96/162 KB   51/256 KB   64/170 KB   44/141 KB   96/350 KB   96/162 KB   55/256 KB   68/170 KB   44/141 KB   96/350 KB   96/162 KB   55/256 KB   72/170 KB   44/141 KB   96/350 KB   96/162 KB   55/256 KB   76/170 KB   44/141 KB   96/350 KB   96/162 KB   55/256 KB   80/170 KB   44/141 KB   96/350 KB   100/162 KB   55/256 KB   80/170 KB   44/141 KB   96/350 KB   68/162 KB   35/256 KB   40/170 KB   44/141 KB   96/350 KB   100/162 KB   55/256 KB   80/170 KB   48/141 KB   96/350 KB   100/162 KB   55/256 KB   84/170 KB   48/141 KB   96/350 KB   100/162 KB   55/256 KB   88/170 KB   48/141 KB   96/350 KB   100/162 KB   55/256 KB   92/170 KB   48/141 KB   96/350 KB   100/162 KB   55/256 KB   96/170 KB   48/141 KB   96/350 KB   100/162 KB   55/256 KB   96/170 KB   52/141 KB   96/350 KB   100/162 KB   55/256 KB   96/170 KB   56/141 KB   96/350 KB   100/162 KB   55/256 KB   96/170 KB   60/141 KB   96/350 KB   100/162 KB   55/256 KB   96/170 KB   64/141 KB   96/350 KB   100/162 KB   55/256 KB   96/170 KB   68/141 KB   96/350 KB   96/162 KB   55/256 KB   64/170 KB   44/141 KB   100/350 KB   104/162 KB   59/256 KB   100/170 KB   68/141 KB   100/350 KB   104/162 KB   63/256 KB   100/170 KB   68/141 KB   100/350 KB   104/162 KB   55/256 KB   100/170 KB   68/141 KB   100/350 KB   104/162 KB   63/256 KB   104/170 KB   68/141 KB   100/350 KB   104/162 KB   63/256 KB   108/170 KB   68/141 KB   100/350 KB   104/162 KB   63/256 KB   112/170 KB   68/141 KB   100/350 KB   104/162 KB   67/256 KB   112/170 KB   68/141 KB   100/350 KB   104/162 KB   71/256 KB   112/170 KB   68/141 KB   100/350 KB   104/162 KB   55/256 KB   96/170 KB   68/141 KB   100/350 KB   104/162 KB   75/256 KB   112/170 KB   72/141 KB   96/350 KB   104/162 KB   55/256 KB   96/170 KB   68/141 KB   100/350 KB   108/162 KB   75/256 KB   112/170 KB   76/141 KB   100/350 KB   112/162 KB   75/256 KB   112/170 KB   76/141 KB   100/350 KB   104/162 KB   75/256 KB   112/170 KB   76/141 KB   100/350 KB   104/162 KB   75/256 KB   112/170 KB   68/141 KB   100/350 KB   112/162 KB   79/256 KB   112/170 KB   76/141 KB   100/350 KB   116/162 KB   79/256 KB   112/170 KB   76/141 KB   100/350 KB   120/162 KB   79/256 KB   112/170 KB   76/141 KB   104/350 KB   124/162 KB   83/256 KB   112/170 KB   80/141 KB   104/350 KB   128/162 KB   83/256 KB   116/170 KB   80/141 KB   104/350 KB   132/162 KB   83/256 KB   116/170 KB   80/141 KB   104/350 KB   120/162 KB   83/256 KB   112/170 KB   80/141 KB   108/350 KB   132/162 KB   83/256 KB   116/170 KB   80/141 KB   112/350 KB   132/162 KB   83/256 KB   116/170 KB   80/141 KB   116/350 KB   132/162 KB   83/256 KB   116/170 KB   80/141 KB   100/350 KB   120/162 KB   83/256 KB   112/170 KB   80/141 KB   100/350 KB   120/162 KB   83/256 KB   112/170 KB   76/141 KB   116/350 KB   136/162 KB   87/256 KB   116/170 KB   80/141 KB   116/350 KB   136/162 KB   91/256 KB   116/170 KB   80/141 KB   116/350 KB   136/162 KB   95/256 KB   116/170 KB   80/141 KB   116/350 KB   136/162 KB   99/256 KB   116/170 KB   80/141 KB   116/350 KB   136/162 KB   103/256 KB   116/170 KB   80/141 KB   116/350 KB   136/162 KB   107/256 KB   116/170 KB   80/141 KB   116/350 KB   136/162 KB   111/256 KB   116/170 KB   80/141 KB   116/350 KB   136/162 KB   111/256 KB   116/170 KB   84/141 KB   116/350 KB   136/162 KB   111/256 KB   116/170 KB   88/141 KB   116/350 KB   136/162 KB   111/256 KB   116/170 KB   92/141 KB   116/350 KB   136/162 KB   111/256 KB   116/170 KB   96/141 KB   116/350 KB   136/162 KB   111/256 KB   116/170 KB   100/141 KB   116/350 KB   136/162 KB   83/256 KB   116/170 KB   80/141 KB   120/350 KB   140/162 KB   115/256 KB   116/170 KB   100/141 KB   120/350 KB   144/162 KB   115/256 KB   116/170 KB   100/141 KB   104/350 KB   124/162 KB   83/256 KB   116/170 KB   80/141 KB   120/350 KB   144/162 KB   115/256 KB   120/170 KB   100/141 KB   120/350 KB   144/162 KB   115/256 KB   124/170 KB   100/141 KB   120/350 KB   144/162 KB   115/256 KB   128/170 KB   100/141 KB   120/350 KB   148/162 KB   115/256 KB   128/170 KB   100/141 KB   120/350 KB   136/162 KB   115/256 KB   116/170 KB   100/141 KB   120/350 KB   152/162 KB   119/256 KB   128/170 KB   104/141 KB   120/350 KB   152/162 KB   123/256 KB   128/170 KB   104/141 KB   120/350 KB   152/162 KB   127/256 KB   128/170 KB   104/141 KB   120/350 KB   136/162 KB   111/256 KB   116/170 KB   100/141 KB   124/350 KB   152/162 KB   127/256 KB   128/170 KB   104/141 KB   120/350 KB   152/162 KB   115/256 KB   128/170 KB   104/141 KB   128/350 KB   156/162 KB   127/256 KB   128/170 KB   104/141 KB   128/350 KB   160/162 KB   127/256 KB   128/170 KB   104/141 KB   128/350 KB   162/162 KB   127/256 KB   128/170 KB   104/141 KB   120/350 KB   148/162 KB   115/256 KB   128/170 KB   104/141 KB   128/350 KB   162/162 KB   127/256 KB   128/170 KB   108/141 KB   128/350 KB   162/162 KB   127/256 KB   128/170 KB   112/141 KB   128/350 KB   162/162 KB   131/256 KB   128/170 KB   112/141 KB   128/350 KB   162/162 KB   135/256 KB   128/170 KB   112/141 KB   128/350 KB   162/162 KB   139/256 KB   128/170 KB   112/141 KB   128/350 KB   162/162 KB   143/256 KB   128/170 KB   112/141 KB   128/350 KB   162/162 KB   143/256 KB   128/170 KB   116/141 KB   128/350 KB   162/162 KB   143/256 KB   128/170 KB   120/141 KB   128/350 KB   162/162 KB   143/256 KB   128/170 KB   124/141 KB   128/350 KB   162/162 KB   143/256 KB   128/170 KB   128/141 KB   128/350 KB   162/162 KB   143/256 KB   128/170 KB   132/141 KB   128/350 KB   152/162 KB   127/256 KB   128/170 KB   104/141 KB                                                                    128/350 KB   162/162 KB   147/256 KB   128/170 KB   132/141 KB   Downloaded: https://repo.maven.apache.org/maven2/org/apache/maven/doxia/doxia-core/1.4/doxia-core-1.4.jar (162 KB at 407.7 KB/sec)
Downloading: https://repo.maven.apache.org/maven2/org/apache/httpcomponents/httpclient/4.2.3/httpclient-4.2.3.jar
128/350 KB   151/256 KB   128/170 KB   132/141 KB                128/350 KB   155/256 KB   128/170 KB   132/141 KB   128/350 KB   159/256 KB   128/170 KB   132/141 KB   132/350 KB   159/256 KB   128/170 KB   136/141 KB   132/350 KB   159/256 KB   128/170 KB   132/141 KB   136/350 KB   159/256 KB   128/170 KB   140/141 KB   140/350 KB   159/256 KB   128/170 KB   140/141 KB   144/350 KB   159/256 KB   128/170 KB   140/141 KB   144/350 KB   159/256 KB   132/170 KB   140/141 KB   144/350 KB   159/256 KB   136/170 KB   140/141 KB   144/350 KB   159/256 KB   140/170 KB   140/141 KB   144/350 KB   159/256 KB   144/170 KB   140/141 KB   132/350 KB   159/256 KB   128/170 KB   140/141 KB   144/350 KB   159/256 KB   144/170 KB   141/141 KB   148/350 KB   159/256 KB   144/170 KB   141/141 KB   152/350 KB   4/423 KB   163/256 KB   148/170 KB   156/350 KB   4/423 KB   163/256 KB   148/170 KB   160/350 KB   4/423 KB   163/256 KB   148/170 KB   148/350 KB   4/423 KB   159/256 KB   144/170 KB   141/141 KB   160/350 KB   8/423 KB   163/256 KB   148/170 KB   160/350 KB   12/423 KB   163/256 KB   148/170 KB   160/350 KB   16/423 KB   163/256 KB   148/170 KB   160/350 KB   20/423 KB   163/256 KB   148/170 KB   160/350 KB   24/423 KB   163/256 KB   148/170 KB   160/350 KB   28/423 KB   163/256 KB   148/170 KB   160/350 KB   32/423 KB   163/256 KB   148/170 KB   160/350 KB   36/423 KB   163/256 KB   148/170 KB   160/350 KB   40/423 KB   163/256 KB   148/170 KB   148/350 KB   4/423 KB   163/256 KB   148/170 KB                                                                               Downloaded: https://repo.maven.apache.org/maven2/commons-digester/commons-digester/1.8/commons-digester-1.8.jar (141 KB at 343.7 KB/sec)
Downloading: https://repo.maven.apache.org/maven2/org/apache/httpcomponents/httpcore/4.2.2/httpcore-4.2.2.jar
148/350 KB   4/423 KB   163/256 KB   144/170 KB   141/141 KB   164/350 KB   40/423 KB   167/256 KB   148/170 KB   164/350 KB   40/423 KB   171/256 KB   148/170 KB   164/350 KB   40/423 KB   175/256 KB   148/170 KB   164/350 KB   40/423 KB   179/256 KB   148/170 KB   164/350 KB   40/423 KB   183/256 KB   152/170 KB   164/350 KB   40/423 KB   187/256 KB   152/170 KB   164/350 KB   40/423 KB   191/256 KB   152/170 KB   164/350 KB   4/219 KB   40/423 KB   191/256 KB   152/170 KB   164/350 KB   8/219 KB   40/423 KB   191/256 KB   152/170 KB   164/350 KB   12/219 KB   40/423 KB   191/256 KB   152/170 KB   164/350 KB   16/219 KB   40/423 KB   191/256 KB   152/170 KB   164/350 KB   20/219 KB   40/423 KB   191/256 KB   152/170 KB   164/350 KB   40/423 KB   163/256 KB   148/170 KB   168/350 KB   20/219 KB   44/423 KB   195/256 KB   152/170 KB   172/350 KB   20/219 KB   44/423 KB   195/256 KB   152/170 KB   176/350 KB   20/219 KB   44/423 KB   195/256 KB   152/170 KB   180/350 KB   20/219 KB   44/423 KB   195/256 KB   152/170 KB   184/350 KB   24/219 KB   44/423 KB   195/256 KB   152/170 KB   188/350 KB   24/219 KB   44/423 KB   195/256 KB   152/170 KB   192/350 KB   24/219 KB   44/423 KB   195/256 KB   152/170 KB   196/350 KB   24/219 KB   44/423 KB   195/256 KB   152/170 KB   200/350 KB   24/219 KB   44/423 KB   195/256 KB   152/170 KB   204/350 KB   24/219 KB   44/423 KB   195/256 KB   152/170 KB   208/350 KB   24/219 KB   44/423 KB   195/256 KB   152/170 KB   164/350 KB   20/219 KB   44/423 KB   195/256 KB   152/170 KB   208/350 KB   24/219 KB   44/423 KB   199/256 KB   152/170 KB   208/350 KB   24/219 KB   44/423 KB   203/256 KB   152/170 KB   208/350 KB   24/219 KB   44/423 KB   207/256 KB   152/170 KB   164/350 KB   20/219 KB   44/423 KB   191/256 KB   152/170 KB   164/350 KB   40/423 KB   179/256 KB   152/170 KB   208/350 KB   24/219 KB   44/423 KB   207/256 KB   156/170 KB   208/350 KB   24/219 KB   44/423 KB   207/256 KB   160/170 KB   208/350 KB   24/219 KB   44/423 KB   207/256 KB   164/170 KB   208/350 KB   24/219 KB   44/423 KB   207/256 KB   168/170 KB   208/350 KB   24/219 KB   44/423 KB   207/256 KB   170/170 KB   208/350 KB   24/219 KB   48/423 KB   207/256 KB   170/170 KB   208/350 KB   24/219 KB   52/423 KB   207/256 KB   170/170 KB   180/350 KB   24/219 KB   44/423 KB   195/256 KB   152/170 KB   208/350 KB   28/219 KB   52/423 KB   207/256 KB   170/170 KB   208/350 KB   32/219 KB   52/423 KB   207/256 KB   170/170 KB   208/350 KB   36/219 KB   52/423 KB   207/256 KB   170/170 KB                                                                  208/350 KB   36/219 KB   56/423 KB   211/256 KB   170/170 KB   Downloaded: https://repo.maven.apache.org/maven2/commons-io/commons-io/2.2/commons-io-2.2.jar (170 KB at 392.4 KB/sec)
208/350 KB   36/219 KB   56/423 KB   207/256 KB   170/170 KB   Downloading: https://repo.maven.apache.org/maven2/commons-codec/commons-codec/1.6/commons-codec-1.6.jar
208/350 KB   40/219 KB   56/423 KB   211/256 KB                208/350 KB   44/219 KB   56/423 KB   211/256 KB   208/350 KB   48/219 KB   56/423 KB   211/256 KB   208/350 KB   48/219 KB   60/423 KB   211/256 KB   208/350 KB   48/219 KB   64/423 KB   211/256 KB   208/350 KB   48/219 KB   68/423 KB   211/256 KB   208/350 KB   48/219 KB   71/423 KB   211/256 KB   208/350 KB   52/219 KB   71/423 KB   211/256 KB   208/350 KB   56/219 KB   71/423 KB   211/256 KB   208/350 KB   60/219 KB   71/423 KB   211/256 KB   208/350 KB   64/219 KB   71/423 KB   211/256 KB   208/350 KB   64/219 KB   75/423 KB   211/256 KB   212/350 KB   68/219 KB   75/423 KB   215/256 KB   212/350 KB   72/219 KB   79/423 KB   215/256 KB   212/350 KB   76/219 KB   79/423 KB   215/256 KB   212/350 KB   80/219 KB   79/423 KB   215/256 KB   212/350 KB   80/219 KB   79/423 KB   215/256 KB   4/228 KB   212/350 KB   80/219 KB   79/423 KB   215/256 KB   8/228 KB   212/350 KB   64/219 KB   75/423 KB   215/256 KB   208/350 KB   64/219 KB   75/423 KB   215/256 KB   212/350 KB   80/219 KB   79/423 KB   219/256 KB   12/228 KB   212/350 KB   80/219 KB   79/423 KB   223/256 KB   12/228 KB   216/350 KB   80/219 KB   79/423 KB   223/256 KB   12/228 KB   220/350 KB   80/219 KB   79/423 KB   223/256 KB   12/228 KB   224/350 KB   80/219 KB   79/423 KB   223/256 KB   12/228 KB   224/350 KB   80/219 KB   79/423 KB   227/256 KB   12/228 KB   224/350 KB   80/219 KB   79/423 KB   231/256 KB   12/228 KB   224/350 KB   80/219 KB   79/423 KB   235/256 KB   12/228 KB   224/350 KB   80/219 KB   79/423 KB   239/256 KB   12/228 KB   228/350 KB   80/219 KB   79/423 KB   239/256 KB   12/228 KB   232/350 KB   80/219 KB   79/423 KB   239/256 KB   12/228 KB   236/350 KB   80/219 KB   79/423 KB   239/256 KB   12/228 KB   240/350 KB   80/219 KB   79/423 KB   239/256 KB   12/228 KB   240/350 KB   80/219 KB   79/423 KB   243/256 KB   12/228 KB   212/350 KB   80/219 KB   79/423 KB   215/256 KB   12/228 KB   240/350 KB   80/219 KB   79/423 KB   243/256 KB   16/228 KB   244/350 KB   80/219 KB   79/423 KB   243/256 KB   16/228 KB   248/350 KB   80/219 KB   79/423 KB   243/256 KB   16/228 KB   252/350 KB   80/219 KB   79/423 KB   243/256 KB   16/228 KB   256/350 KB   80/219 KB   79/423 KB   243/256 KB   16/228 KB   256/350 KB   80/219 KB   79/423 KB   243/256 KB   20/228 KB   212/350 KB   68/219 KB   79/423 KB   215/256 KB   256/350 KB   80/219 KB   83/423 KB   247/256 KB   20/228 KB   256/350 KB   80/219 KB   87/423 KB   247/256 KB   20/228 KB   256/350 KB   80/219 KB   91/423 KB   247/256 KB   20/228 KB   256/350 KB   80/219 KB   95/423 KB   247/256 KB   20/228 KB   256/350 KB   80/219 KB   99/423 KB   247/256 KB   20/228 KB   256/350 KB   80/219 KB   103/423 KB   247/256 KB   20/228 KB   260/350 KB   80/219 KB   103/423 KB   247/256 KB   20/228 KB   264/350 KB   80/219 KB   103/423 KB   247/256 KB   20/228 KB   268/350 KB   80/219 KB   103/423 KB   247/256 KB   20/228 KB   272/350 KB   80/219 KB   103/423 KB   247/256 KB   20/228 KB   272/350 KB   80/219 KB   107/423 KB   247/256 KB   20/228 KB   256/350 KB   80/219 KB   79/423 KB   247/256 KB   20/228 KB   276/350 KB   84/219 KB   107/423 KB   251/256 KB   24/228 KB   276/350 KB   84/219 KB   107/423 KB   255/256 KB   24/228 KB   276/350 KB   84/219 KB   107/423 KB   256/256 KB   24/228 KB   276/350 KB   84/219 KB   107/423 KB   247/256 KB   24/228 KB   276/350 KB   88/219 KB   107/423 KB   256/256 KB   24/228 KB   276/350 KB   80/219 KB   107/423 KB   247/256 KB   24/228 KB   276/350 KB   92/219 KB   111/423 KB   256/256 KB   24/228 KB   272/350 KB   80/219 KB   107/423 KB   247/256 KB   24/228 KB   276/350 KB   92/219 KB   111/423 KB   256/256 KB   28/228 KB   276/350 KB   92/219 KB   111/423 KB   256/256 KB   32/228 KB   280/350 KB   92/219 KB   111/423 KB   256/256 KB   32/228 KB   284/350 KB   92/219 KB   111/423 KB   256/256 KB   32/228 KB   288/350 KB   92/219 KB   111/423 KB   256/256 KB   32/228 KB   288/350 KB   92/219 KB   111/423 KB   256/256 KB   36/228 KB   288/350 KB   92/219 KB   115/423 KB   256/256 KB   40/228 KB   288/350 KB   92/219 KB   115/423 KB   256/256 KB   44/228 KB   288/350 KB   92/219 KB   115/423 KB   256/256 KB   48/228 KB   292/350 KB   92/219 KB   115/423 KB   256/256 KB   48/228 KB   296/350 KB   92/219 KB   115/423 KB   256/256 KB   48/228 KB   300/350 KB   92/219 KB   115/423 KB   256/256 KB   48/228 KB   304/350 KB   92/219 KB   115/423 KB   256/256 KB   48/228 KB   304/350 KB   92/219 KB   115/423 KB   256/256 KB   52/228 KB   276/350 KB   92/219 KB   107/423 KB   256/256 KB   24/228 KB   304/350 KB   96/219 KB   115/423 KB   256/256 KB   52/228 KB                                                                  Downloaded: https://repo.maven.apache.org/maven2/commons-lang/commons-lang/2.4/commons-lang-2.4.jar (256 KB at 503.3 KB/sec)
Downloading: https://repo.maven.apache.org/maven2/log4j/log4j/1.2.14/log4j-1.2.14.jar
288/350 KB   92/219 KB   115/423 KB   256/256 KB   36/228 KB   304/350 KB   96/219 KB   119/423 KB   52/228 KB                308/350 KB   96/219 KB   119/423 KB   52/228 KB   312/350 KB   96/219 KB   119/423 KB   52/228 KB   316/350 KB   96/219 KB   119/423 KB   52/228 KB   320/350 KB   96/219 KB   119/423 KB   52/228 KB   320/350 KB   100/219 KB   119/423 KB   52/228 KB   320/350 KB   104/219 KB   123/423 KB   52/228 KB   320/350 KB   108/219 KB   123/423 KB   52/228 KB   320/350 KB   112/219 KB   123/423 KB   52/228 KB   324/350 KB   112/219 KB   123/423 KB   52/228 KB   328/350 KB   112/219 KB   123/423 KB   52/228 KB   332/350 KB   112/219 KB   123/423 KB   52/228 KB   336/350 KB   112/219 KB   123/423 KB   52/228 KB   320/350 KB   100/219 KB   123/423 KB   52/228 KB   340/350 KB   112/219 KB   123/423 KB   52/228 KB   344/350 KB   112/219 KB   123/423 KB   52/228 KB   348/350 KB   112/219 KB   123/423 KB   52/228 KB   350/350 KB   112/219 KB   123/423 KB   52/228 KB   350/350 KB   112/219 KB   127/423 KB   52/228 KB   4/359 KB   350/350 KB   112/219 KB   123/423 KB   52/228 KB   4/359 KB   350/350 KB   112/219 KB   131/423 KB   56/228 KB   4/359 KB   350/350 KB   112/219 KB   131/423 KB   60/228 KB   4/359 KB   350/350 KB   112/219 KB   131/423 KB   64/228 KB   4/359 KB   350/350 KB   112/219 KB   131/423 KB   64/228 KB   8/359 KB   350/350 KB   112/219 KB   131/423 KB   64/228 KB   12/359 KB   350/350 KB   112/219 KB   131/423 KB   64/228 KB   16/359 KB   350/350 KB   112/219 KB   131/423 KB   68/228 KB   16/359 KB   350/350 KB   112/219 KB   131/423 KB   52/228 KB   4/359 KB   350/350 KB   116/219 KB   135/423 KB   68/228 KB   20/359 KB   350/350 KB   116/219 KB   139/423 KB   68/228 KB   20/359 KB   350/350 KB   116/219 KB   143/423 KB   68/228 KB   20/359 KB   350/350 KB   116/219 KB   147/423 KB   68/228 KB   20/359 KB   350/350 KB   116/219 KB   151/423 KB   72/228 KB   20/359 KB   350/350 KB   116/219 KB   155/423 KB   72/228 KB   20/359 KB   350/350 KB   116/219 KB   159/423 KB   72/228 KB   20/359 KB   350/350 KB   116/219 KB   163/423 KB   72/228 KB   20/359 KB   350/350 KB   116/219 KB   167/423 KB   72/228 KB   20/359 KB   350/350 KB   116/219 KB   171/423 KB   72/228 KB   20/359 KB   350/350 KB   116/219 KB   131/423 KB   68/228 KB   20/359 KB   350/350 KB   116/219 KB   171/423 KB   72/228 KB   24/359 KB   350/350 KB   116/219 KB   171/423 KB   72/228 KB   28/359 KB   350/350 KB   116/219 KB   171/423 KB   72/228 KB   31/359 KB   350/350 KB   116/219 KB   171/423 KB   72/228 KB   35/359 KB   350/350 KB   116/219 KB   131/423 KB   68/228 KB   16/359 KB   350/350 KB   120/219 KB   171/423 KB   72/228 KB   35/359 KB   350/350 KB   124/219 KB   171/423 KB   72/228 KB   35/359 KB   350/350 KB   128/219 KB   171/423 KB   72/228 KB   35/359 KB   350/350 KB   132/219 KB   171/423 KB   72/228 KB   35/359 KB   350/350 KB   136/219 KB   171/423 KB   72/228 KB   35/359 KB   350/350 KB   140/219 KB   171/423 KB   72/228 KB   35/359 KB   350/350 KB   144/219 KB   171/423 KB   72/228 KB   35/359 KB   350/350 KB   116/219 KB   147/423 KB   72/228 KB   20/359 KB   350/350 KB   144/219 KB   171/423 KB   76/228 KB   35/359 KB   350/350 KB   144/219 KB   171/423 KB   80/228 KB   35/359 KB   350/350 KB   144/219 KB   171/423 KB   84/228 KB   35/359 KB   350/350 KB   144/219 KB   171/423 KB   88/228 KB   35/359 KB   350/350 KB   144/219 KB   171/423 KB   92/228 KB   35/359 KB   350/350 KB   144/219 KB   171/423 KB   96/228 KB   35/359 KB   350/350 KB   144/219 KB   171/423 KB   100/228 KB   35/359 KB   148/219 KB   175/423 KB   104/228 KB   39/359 KB                148/219 KB   175/423 KB   108/228 KB   39/359 KB   148/219 KB   175/423 KB   112/228 KB   39/359 KB                                                                   Downloaded: https://repo.maven.apache.org/maven2/antlr/antlr/2.7.2/antlr-2.7.2.jar (350 KB at 583.1 KB/sec)
350/350 KB   148/219 KB   175/423 KB   100/228 KB   39/359 KB   148/219 KB   179/423 KB   112/228 KB   39/359 KB   148/219 KB   183/423 KB   112/228 KB   39/359 KB   148/219 KB   183/423 KB   116/228 KB   39/359 KB   350/350 KB   148/219 KB   171/423 KB   100/228 KB   39/359 KB   350/350 KB   144/219 KB   171/423 KB   100/228 KB   39/359 KB   152/219 KB   183/423 KB   120/228 KB   39/359 KB   148/219 KB   183/423 KB   120/228 KB   39/359 KB   152/219 KB   183/423 KB   120/228 KB   43/359 KB   156/219 KB   183/423 KB   120/228 KB   43/359 KB   156/219 KB   183/423 KB   120/228 KB   47/359 KB   156/219 KB   183/423 KB   124/228 KB   47/359 KB   156/219 KB   183/423 KB   128/228 KB   47/359 KB   156/219 KB   183/423 KB   128/228 KB   51/359 KB   160/219 KB   183/423 KB   128/228 KB   55/359 KB   160/219 KB   183/423 KB   128/228 KB   59/359 KB   160/219 KB   183/423 KB   128/228 KB   63/359 KB   160/219 KB   183/423 KB   132/228 KB   63/359 KB   160/219 KB   183/423 KB   136/228 KB   63/359 KB   160/219 KB   183/423 KB   140/228 KB   63/359 KB   160/219 KB   183/423 KB   144/228 KB   63/359 KB   160/219 KB   183/423 KB   128/228 KB   51/359 KB   160/219 KB   183/423 KB   148/228 KB   63/359 KB   160/219 KB   183/423 KB   152/228 KB   63/359 KB   160/219 KB   183/423 KB   156/228 KB   63/359 KB   160/219 KB   183/423 KB   160/228 KB   63/359 KB   160/219 KB   187/423 KB   160/228 KB   63/359 KB   164/219 KB   191/423 KB   160/228 KB   67/359 KB   164/219 KB   195/423 KB   160/228 KB   67/359 KB   164/219 KB   187/423 KB   160/228 KB   67/359 KB   164/219 KB   195/423 KB   160/228 KB   71/359 KB   164/219 KB   195/423 KB   160/228 KB   75/359 KB   164/219 KB   195/423 KB   160/228 KB   79/359 KB   Downloading: https://repo.maven.apache.org/maven2/com/thoughtworks/qdox/qdox/1.12.1/qdox-1.12.1.jar
164/219 KB   187/423 KB   160/228 KB   63/359 KB   168/219 KB   195/423 KB   160/228 KB   79/359 KB   172/219 KB   195/423 KB   160/228 KB   79/359 KB   176/219 KB   195/423 KB   160/228 KB   79/359 KB   176/219 KB   195/423 KB   164/228 KB   79/359 KB   176/219 KB   195/423 KB   168/228 KB   79/359 KB   176/219 KB   195/423 KB   172/228 KB   79/359 KB   176/219 KB   195/423 KB   176/228 KB   79/359 KB   180/219 KB   195/423 KB   176/228 KB   79/359 KB   184/219 KB   199/423 KB   180/228 KB   83/359 KB   188/219 KB   199/423 KB   180/228 KB   83/359 KB   192/219 KB   199/423 KB   180/228 KB   83/359 KB   180/219 KB   199/423 KB   180/228 KB   83/359 KB   192/219 KB   199/423 KB   180/228 KB   87/359 KB   180/219 KB   199/423 KB   180/228 KB   79/359 KB   192/219 KB   199/423 KB   184/228 KB   87/359 KB   180/219 KB   199/423 KB   176/228 KB   79/359 KB   4/176 KB   192/219 KB   199/423 KB   184/228 KB   87/359 KB   8/176 KB   192/219 KB   199/423 KB   188/228 KB   91/359 KB   12/176 KB   192/219 KB   199/423 KB   188/228 KB   91/359 KB   16/176 KB   192/219 KB   199/423 KB   188/228 KB   91/359 KB   4/176 KB   192/219 KB   199/423 KB   188/228 KB   91/359 KB   16/176 KB   192/219 KB   199/423 KB   192/228 KB   91/359 KB   4/176 KB   192/219 KB   199/423 KB   184/228 KB   91/359 KB   16/176 KB   192/219 KB   199/423 KB   192/228 KB   94/359 KB   16/176 KB   192/219 KB   203/423 KB   192/228 KB   94/359 KB   20/176 KB   196/219 KB   207/423 KB   192/228 KB   94/359 KB   20/176 KB   196/219 KB   211/423 KB   192/228 KB   94/359 KB   20/176 KB   196/219 KB   215/423 KB   192/228 KB   94/359 KB   20/176 KB   196/219 KB   219/423 KB   192/228 KB   94/359 KB   20/176 KB   196/219 KB   223/423 KB   196/228 KB   98/359 KB   20/176 KB   196/219 KB   227/423 KB   196/228 KB   98/359 KB   20/176 KB   196/219 KB   231/423 KB   196/228 KB   98/359 KB   20/176 KB   196/219 KB   235/423 KB   196/228 KB   98/359 KB   20/176 KB   196/219 KB   203/423 KB   192/228 KB   94/359 KB   20/176 KB   200/219 KB   235/423 KB   196/228 KB   98/359 KB   20/176 KB   204/219 KB   235/423 KB   196/228 KB   98/359 KB   20/176 KB   208/219 KB   235/423 KB   196/228 KB   98/359 KB   20/176 KB   212/219 KB   235/423 KB   196/228 KB   98/359 KB   20/176 KB   216/219 KB   235/423 KB   196/228 KB   98/359 KB   20/176 KB   219/219 KB   235/423 KB   196/228 KB   98/359 KB   20/176 KB   192/219 KB   203/423 KB   192/228 KB   94/359 KB   24/176 KB   219/219 KB   235/423 KB   196/228 KB   98/359 KB   28/176 KB   219/219 KB   235/423 KB   196/228 KB   98/359 KB   32/176 KB   219/219 KB   235/423 KB   196/228 KB   98/359 KB   36/176 KB   219/219 KB   235/423 KB   196/228 KB   98/359 KB   20/176 KB   196/219 KB   219/423 KB   196/228 KB   98/359 KB   36/176 KB   219/219 KB   235/423 KB   200/228 KB   98/359 KB   36/176 KB   219/219 KB   235/423 KB   204/228 KB   98/359 KB   36/176 KB   219/219 KB   235/423 KB   208/228 KB   98/359 KB   36/176 KB   219/219 KB   235/423 KB   212/228 KB   98/359 KB   20/176 KB   196/219 KB   219/423 KB   192/228 KB   98/359 KB   36/176 KB   219/219 KB   235/423 KB   212/228 KB   102/359 KB   36/176 KB   219/219 KB   235/423 KB   212/228 KB   106/359 KB   36/176 KB   219/219 KB   235/423 KB   212/228 KB   110/359 KB   36/176 KB   219/219 KB   235/423 KB   212/228 KB   114/359 KB                                                                   36/176 KB   235/423 KB   216/228 KB   118/359 KB   36/176 KB   235/423 KB   212/228 KB   118/359 KB                40/176 KB   235/423 KB   220/228 KB   118/359 KB   44/176 KB   235/423 KB   220/228 KB   118/359 KB   48/176 KB   235/423 KB   220/228 KB   118/359 KB   48/176 KB   235/423 KB   220/228 KB   122/359 KB   48/176 KB   235/423 KB   220/228 KB   126/359 KB   36/176 KB   235/423 KB   220/228 KB   118/359 KB   48/176 KB   235/423 KB   224/228 KB   126/359 KB   48/176 KB   235/423 KB   228/228 KB   126/359 KB   Downloaded: https://repo.maven.apache.org/maven2/org/apache/httpcomponents/httpcore/4.2.2/httpcore-4.2.2.jar (219 KB at 314.6 KB/sec)
Downloading: https://repo.maven.apache.org/maven2/org/codehaus/plexus/plexus-archiver/2.9/plexus-archiver-2.9.jar
48/176 KB   239/423 KB   228/228 KB   126/359 KB   48/176 KB   243/423 KB   228/228 KB   126/359 KB   48/176 KB   247/423 KB   228/228 KB   130/359 KB   52/176 KB   251/423 KB   228/228 KB   130/359 KB   48/176 KB   243/423 KB   228/228 KB   130/359 KB   52/176 KB   251/423 KB   228/228 KB   134/359 KB   52/176 KB   251/423 KB   228/228 KB   138/359 KB   52/176 KB   251/423 KB   228/228 KB   141/359 KB   52/176 KB   247/423 KB   228/228 KB   130/359 KB   52/176 KB   255/423 KB   228/228 KB   145/359 KB   52/176 KB   259/423 KB   228/228 KB   145/359 KB   56/176 KB   263/423 KB   228/228 KB   145/359 KB   52/176 KB   251/423 KB   228/228 KB   145/359 KB   56/176 KB   259/423 KB   228/228 KB   145/359 KB   56/176 KB   263/423 KB   228/228 KB   149/359 KB   56/176 KB   263/423 KB   228/228 KB   153/359 KB   56/176 KB   263/423 KB   228/228 KB   157/359 KB   56/176 KB   263/423 KB   4/142 KB   228/228 KB   157/359 KB   60/176 KB   263/423 KB   8/142 KB   228/228 KB   157/359 KB   60/176 KB   263/423 KB   12/142 KB   228/228 KB   157/359 KB   60/176 KB   263/423 KB   16/142 KB   228/228 KB   157/359 KB                                                                  Downloaded: https://repo.maven.apache.org/maven2/commons-codec/commons-codec/1.6/commons-codec-1.6.jar (228 KB at 305.9 KB/sec)
Downloading: https://repo.maven.apache.org/maven2/org/codehaus/plexus/plexus-io/2.4/plexus-io-2.4.jar
56/176 KB   263/423 KB   4/142 KB   228/228 KB   157/359 KB   60/176 KB   263/423 KB   20/142 KB   157/359 KB                60/176 KB   263/423 KB   4/142 KB   228/228 KB   157/359 KB   64/176 KB   263/423 KB   20/142 KB   157/359 KB   64/176 KB   263/423 KB   20/142 KB   161/359 KB   64/176 KB   267/423 KB   20/142 KB   165/359 KB   64/176 KB   267/423 KB   20/142 KB   169/359 KB   64/176 KB   267/423 KB   20/142 KB   173/359 KB   64/176 KB   267/423 KB   20/142 KB   161/359 KB   68/176 KB   267/423 KB   20/142 KB   173/359 KB   72/176 KB   267/423 KB   20/142 KB   173/359 KB   76/176 KB   267/423 KB   20/142 KB   173/359 KB   80/176 KB   267/423 KB   20/142 KB   173/359 KB   84/176 KB   267/423 KB   24/142 KB   173/359 KB   80/176 KB   267/423 KB   24/142 KB   173/359 KB   84/176 KB   267/423 KB   28/142 KB   173/359 KB   84/176 KB   267/423 KB   32/142 KB   173/359 KB   84/176 KB   271/423 KB   32/142 KB   4/80 KB   173/359 KB   84/176 KB   275/423 KB   32/142 KB   4/80 KB   173/359 KB   84/176 KB   279/423 KB   32/142 KB   4/80 KB   173/359 KB   84/176 KB   267/423 KB   32/142 KB   4/80 KB   173/359 KB   84/176 KB   279/423 KB   32/142 KB   8/80 KB   173/359 KB   84/176 KB   279/423 KB   32/142 KB   12/80 KB   173/359 KB   84/176 KB   279/423 KB   32/142 KB   16/80 KB   173/359 KB   84/176 KB   279/423 KB   36/142 KB   16/80 KB   173/359 KB   84/176 KB   279/423 KB   40/142 KB   16/80 KB   173/359 KB   88/176 KB   279/423 KB   44/142 KB   16/80 KB   173/359 KB   88/176 KB   279/423 KB   48/142 KB   16/80 KB   173/359 KB   88/176 KB   279/423 KB   48/142 KB   20/80 KB   173/359 KB   88/176 KB   279/423 KB   40/142 KB   16/80 KB   173/359 KB   88/176 KB   283/423 KB   48/142 KB   24/80 KB   177/359 KB   88/176 KB   283/423 KB   48/142 KB   28/80 KB   177/359 KB   88/176 KB   283/423 KB   48/142 KB   32/80 KB   177/359 KB   92/176 KB   283/423 KB   52/142 KB   32/80 KB   177/359 KB   92/176 KB   283/423 KB   56/142 KB   32/80 KB   177/359 KB   92/176 KB   283/423 KB   60/142 KB   32/80 KB   177/359 KB   92/176 KB   283/423 KB   64/142 KB   32/80 KB   177/359 KB   92/176 KB   283/423 KB   68/142 KB   32/80 KB   177/359 KB   88/176 KB   283/423 KB   48/142 KB   20/80 KB   177/359 KB   92/176 KB   283/423 KB   68/142 KB   36/80 KB   181/359 KB   92/176 KB   283/423 KB   72/142 KB   36/80 KB   185/359 KB   92/176 KB   283/423 KB   72/142 KB   36/80 KB   189/359 KB   92/176 KB   283/423 KB   72/142 KB   36/80 KB   193/359 KB   88/176 KB   283/423 KB   48/142 KB   20/80 KB   173/359 KB   92/176 KB   283/423 KB   72/142 KB   36/80 KB   181/359 KB   92/176 KB   287/423 KB   72/142 KB   36/80 KB   193/359 KB   92/176 KB   287/423 KB   76/142 KB   36/80 KB   193/359 KB   92/176 KB   291/423 KB   76/142 KB   36/80 KB   193/359 KB   92/176 KB   291/423 KB   80/142 KB   36/80 KB   193/359 KB   92/176 KB   295/423 KB   80/142 KB   36/80 KB   193/359 KB   92/176 KB   295/423 KB   84/142 KB   36/80 KB   193/359 KB   92/176 KB   295/423 KB   88/142 KB   36/80 KB   193/359 KB   92/176 KB   295/423 KB   92/142 KB   36/80 KB   193/359 KB   92/176 KB   295/423 KB   96/142 KB   36/80 KB   193/359 KB   92/176 KB   283/423 KB   68/142 KB   36/80 KB   177/359 KB   92/176 KB   299/423 KB   96/142 KB   40/80 KB   197/359 KB   92/176 KB   299/423 KB   96/142 KB   44/80 KB   197/359 KB   92/176 KB   299/423 KB   96/142 KB   48/80 KB   197/359 KB   92/176 KB   299/423 KB   100/142 KB   48/80 KB   197/359 KB   92/176 KB   283/423 KB   48/142 KB   32/80 KB   177/359 KB   96/176 KB   299/423 KB   100/142 KB   48/80 KB   197/359 KB   96/176 KB   299/423 KB   100/142 KB   52/80 KB   197/359 KB   96/176 KB   299/423 KB   100/142 KB   56/80 KB   197/359 KB   100/176 KB   299/423 KB   104/142 KB   56/80 KB   197/359 KB   100/176 KB   299/423 KB   108/142 KB   56/80 KB   197/359 KB   100/176 KB   299/423 KB   112/142 KB   56/80 KB   197/359 KB   100/176 KB   299/423 KB   112/142 KB   60/80 KB   197/359 KB   100/176 KB   299/423 KB   112/142 KB   64/80 KB   197/359 KB   100/176 KB   299/423 KB   116/142 KB   64/80 KB   197/359 KB   100/176 KB   299/423 KB   120/142 KB   64/80 KB   197/359 KB   100/176 KB   299/423 KB   124/142 KB   64/80 KB   197/359 KB   100/176 KB   299/423 KB   128/142 KB   64/80 KB   197/359 KB   100/176 KB   299/423 KB   128/142 KB   68/80 KB   197/359 KB   100/176 KB   299/423 KB   128/142 KB   72/80 KB   197/359 KB   100/176 KB   299/423 KB   128/142 KB   76/80 KB   197/359 KB   100/176 KB   299/423 KB   128/142 KB   80/80 KB   197/359 KB   100/176 KB   299/423 KB   132/142 KB   80/80 KB   197/359 KB   100/176 KB   299/423 KB   136/142 KB   80/80 KB   197/359 KB   100/176 KB   299/423 KB   140/142 KB   80/80 KB   197/359 KB   100/176 KB   299/423 KB   142/142 KB   80/80 KB   197/359 KB   92/176 KB   299/423 KB   96/142 KB   36/80 KB   197/359 KB   100/176 KB   299/423 KB   142/142 KB   80/80 KB   201/359 KB   100/176 KB   299/423 KB   142/142 KB   80/80 KB   205/359 KB   92/176 KB   299/423 KB   96/142 KB   36/80 KB   193/359 KB   100/176 KB   299/423 KB   100/142 KB   56/80 KB   197/359 KB   104/176 KB   303/423 KB   142/142 KB   80/80 KB   205/359 KB   104/176 KB   303/423 KB   142/142 KB   80/80 KB   205/359 KB   108/176 KB   307/423 KB   142/142 KB   80/80 KB   205/359 KB   108/176 KB   311/423 KB   142/142 KB   80/80 KB   205/359 KB   108/176 KB   311/423 KB   142/142 KB   80/80 KB   209/359 KB   108/176 KB   311/423 KB   142/142 KB   80/80 KB   213/359 KB   108/176 KB   311/423 KB   142/142 KB   80/80 KB   217/359 KB   108/176 KB   311/423 KB   142/142 KB   80/80 KB   221/359 KB   108/176 KB   315/423 KB   142/142 KB   80/80 KB   221/359 KB   108/176 KB   319/423 KB   142/142 KB   80/80 KB   221/359 KB   108/176 KB   323/423 KB   142/142 KB   80/80 KB   221/359 KB   108/176 KB   303/423 KB   142/142 KB   80/80 KB   205/359 KB   112/176 KB   323/423 KB   142/142 KB   80/80 KB   221/359 KB   116/176 KB   323/423 KB   142/142 KB   80/80 KB   221/359 KB   120/176 KB   327/423 KB   142/142 KB   80/80 KB   221/359 KB   124/176 KB   327/423 KB   142/142 KB   80/80 KB   221/359 KB   128/176 KB   327/423 KB   142/142 KB   80/80 KB   221/359 KB   128/176 KB   327/423 KB   142/142 KB   80/80 KB   225/359 KB   128/176 KB   327/423 KB   142/142 KB   80/80 KB   229/359 KB   128/176 KB   327/423 KB   142/142 KB   80/80 KB   233/359 KB   128/176 KB   327/423 KB   142/142 KB   80/80 KB   237/359 KB                                                                  116/176 KB   327/423 KB   142/142 KB   80/80 KB   221/359 KB   Downloaded: https://repo.maven.apache.org/maven2/org/codehaus/plexus/plexus-archiver/2.9/plexus-archiver-2.9.jar (142 KB at 155.0 KB/sec)
Downloading: https://repo.maven.apache.org/maven2/org/apache/commons/commons-compress/1.9/commons-compress-1.9.jar
128/176 KB   327/423 KB   80/80 KB   241/359 KB                132/176 KB   331/423 KB   241/359 KB              136/176 KB   331/423 KB   241/359 KB   140/176 KB   331/423 KB   241/359 KB   144/176 KB   331/423 KB   241/359 KB                                                     144/176 KB   331/423 KB   245/359 KB   Downloaded: https://repo.maven.apache.org/maven2/org/codehaus/plexus/plexus-io/2.4/plexus-io-2.4.jar (80 KB at 85.0 KB/sec)
128/176 KB   331/423 KB   80/80 KB   241/359 KB   144/176 KB   331/423 KB   249/359 KB   144/176 KB   335/423 KB   249/359 KB   144/176 KB   335/423 KB   253/359 KB   144/176 KB   339/423 KB   253/359 KB   144/176 KB   343/423 KB   253/359 KB   144/176 KB   343/423 KB   257/359 KB   144/176 KB   343/423 KB   261/359 KB   144/176 KB   343/423 KB   265/359 KB   144/176 KB   343/423 KB   269/359 KB   144/176 KB   347/423 KB   269/359 KB   144/176 KB   351/423 KB   269/359 KB   144/176 KB   355/423 KB   269/359 KB   144/176 KB   359/423 KB   269/359 KB   144/176 KB   359/423 KB   4/370 KB   269/359 KB   144/176 KB   359/423 KB   8/370 KB   269/359 KB   144/176 KB   359/423 KB   12/370 KB   269/359 KB   144/176 KB   359/423 KB   16/370 KB   269/359 KB   144/176 KB   363/423 KB   16/370 KB   269/359 KB   148/176 KB   363/423 KB   16/370 KB   269/359 KB   152/176 KB   363/423 KB   16/370 KB   269/359 KB   156/176 KB   363/423 KB   16/370 KB   269/359 KB   160/176 KB   363/423 KB   16/370 KB   269/359 KB   160/176 KB   363/423 KB   20/370 KB   269/359 KB   160/176 KB   363/423 KB   24/370 KB   269/359 KB   160/176 KB   363/423 KB   28/370 KB   269/359 KB   160/176 KB   363/423 KB   32/370 KB   269/359 KB   160/176 KB   363/423 KB   36/370 KB   269/359 KB   164/176 KB   363/423 KB   36/370 KB   269/359 KB   168/176 KB   363/423 KB   36/370 KB   269/359 KB   168/176 KB   367/423 KB   36/370 KB   269/359 KB   172/176 KB   367/423 KB   36/370 KB   269/359 KB   172/176 KB   371/423 KB   36/370 KB   269/359 KB   176/176 KB   371/423 KB   36/370 KB   269/359 KB   176/176 KB   375/423 KB   36/370 KB   269/359 KB   176/176 KB   375/423 KB   36/370 KB   269/359 KB                                                      Downloaded: https://repo.maven.apache.org/maven2/com/thoughtworks/qdox/qdox/1.12.1/qdox-1.12.1.jar (176 KB at 182.0 KB/sec)
375/423 KB   36/370 KB   273/359 KB                379/423 KB   40/370 KB   277/359 KB   379/423 KB   40/370 KB   281/359 KB   379/423 KB   40/370 KB   285/359 KB   379/423 KB   40/370 KB   289/359 KB   379/423 KB   40/370 KB   293/359 KB   379/423 KB   40/370 KB   297/359 KB   379/423 KB   40/370 KB   301/359 KB   379/423 KB   40/370 KB   305/359 KB   379/423 KB   40/370 KB   273/359 KB   383/423 KB   40/370 KB   305/359 KB   387/423 KB   40/370 KB   305/359 KB   391/423 KB   40/370 KB   305/359 KB   395/423 KB   40/370 KB   305/359 KB   375/423 KB   40/370 KB   273/359 KB   395/423 KB   44/370 KB   305/359 KB   395/423 KB   48/370 KB   305/359 KB   395/423 KB   52/370 KB   305/359 KB   395/423 KB   56/370 KB   305/359 KB   395/423 KB   60/370 KB   305/359 KB   395/423 KB   64/370 KB   305/359 KB   395/423 KB   68/370 KB   305/359 KB   395/423 KB   71/370 KB   305/359 KB   399/423 KB   75/370 KB   305/359 KB   399/423 KB   71/370 KB   305/359 KB   403/423 KB   75/370 KB   309/359 KB   407/423 KB   75/370 KB   309/359 KB   399/423 KB   75/370 KB   309/359 KB   407/423 KB   75/370 KB   313/359 KB   407/423 KB   75/370 KB   317/359 KB   407/423 KB   75/370 KB   321/359 KB   411/423 KB   79/370 KB   325/359 KB   411/423 KB   79/370 KB   329/359 KB   411/423 KB   79/370 KB   333/359 KB   411/423 KB   75/370 KB   321/359 KB   415/423 KB   79/370 KB   333/359 KB   419/423 KB   79/370 KB   333/359 KB   423/423 KB   79/370 KB   333/359 KB   411/423 KB   79/370 KB   321/359 KB   423/423 KB   83/370 KB   333/359 KB   423/423 KB   87/370 KB   333/359 KB   423/423 KB   91/370 KB   333/359 KB   423/423 KB   95/370 KB   333/359 KB   423/423 KB   99/370 KB   333/359 KB   423/423 KB   103/370 KB   333/359 KB   423/423 KB   107/370 KB   333/359 KB                                          Downloaded: https://repo.maven.apache.org/maven2/org/apache/httpcomponents/httpclient/4.2.3/httpclient-4.2.3.jar (423 KB at 403.9 KB/sec)
423/423 KB   107/370 KB   337/359 KB   107/370 KB   341/359 KB                107/370 KB   345/359 KB   107/370 KB   349/359 KB   107/370 KB   353/359 KB   111/370 KB   357/359 KB   111/370 KB   359/359 KB   111/370 KB   353/359 KB   115/370 KB   359/359 KB   119/370 KB   359/359 KB   123/370 KB   359/359 KB   127/370 KB   359/359 KB   131/370 KB   359/359 KB   135/370 KB   359/359 KB   139/370 KB   359/359 KB   143/370 KB   359/359 KB   147/370 KB   359/359 KB                             Downloaded: https://repo.maven.apache.org/maven2/log4j/log4j/1.2.14/log4j-1.2.14.jar (359 KB at 331.0 KB/sec)
151/370 KB                155/370 KB   159/370 KB   163/370 KB   167/370 KB   171/370 KB   175/370 KB   179/370 KB   183/370 KB   187/370 KB   191/370 KB   195/370 KB   199/370 KB   203/370 KB   207/370 KB   211/370 KB   214/370 KB   218/370 KB   222/370 KB   226/370 KB   230/370 KB   234/370 KB   238/370 KB   242/370 KB   246/370 KB   250/370 KB   254/370 KB   258/370 KB   262/370 KB   266/370 KB   270/370 KB   274/370 KB   278/370 KB   282/370 KB   286/370 KB   290/370 KB   294/370 KB   298/370 KB   302/370 KB   306/370 KB   310/370 KB   314/370 KB   318/370 KB   322/370 KB   326/370 KB   330/370 KB   334/370 KB   338/370 KB   342/370 KB   346/370 KB   350/370 KB   354/370 KB   358/370 KB   362/370 KB   366/370 KB   370/370 KB                Downloaded: https://repo.maven.apache.org/maven2/org/apache/commons/commons-compress/1.9/commons-compress-1.9.jar (370 KB at 301.3 KB/sec)
[INFO] Not executing Javadoc as the project is not a Java classpath-capable package
[INFO] 
[INFO] --- maven-enforcer-plugin:1.0:enforce (enforce-maven) @ parent ---
[INFO] 
[INFO] --- maven-checkstyle-plugin:2.15:checkstyle (default) @ parent ---
[INFO] 
[INFO] --- maven-install-plugin:2.4:install (default-install) @ parent ---
[INFO] Installing /home/travis/build/square/retrofit/pom.xml to /home/travis/.m2/repository/com/squareup/retrofit/parent/2.0.0-SNAPSHOT/parent-2.0.0-SNAPSHOT.pom
[INFO] 
[INFO] --- maven-deploy-plugin:2.7:deploy (default-deploy) @ parent ---
Downloading: https://repo.maven.apache.org/maven2/org/codehaus/plexus/plexus-utils/1.5.6/plexus-utils-1.5.6.jar
4/245 KB     8/245 KB   12/245 KB   16/245 KB   20/245 KB   24/245 KB   28/245 KB   32/245 KB   36/245 KB   40/245 KB   44/245 KB   48/245 KB   52/245 KB   56/245 KB   60/245 KB   64/245 KB   68/245 KB   72/245 KB   76/245 KB   80/245 KB   84/245 KB   88/245 KB   92/245 KB   96/245 KB   100/245 KB   104/245 KB   108/245 KB   112/245 KB   116/245 KB   120/245 KB   124/245 KB   128/245 KB   132/245 KB   136/245 KB   140/245 KB   144/245 KB   148/245 KB   152/245 KB   156/245 KB   160/245 KB   164/245 KB   168/245 KB   172/245 KB   176/245 KB   180/245 KB   184/245 KB   188/245 KB   192/245 KB   196/245 KB   200/245 KB   204/245 KB   208/245 KB   212/245 KB   216/245 KB   220/245 KB   224/245 KB   228/245 KB   232/245 KB   236/245 KB   240/245 KB   244/245 KB   245/245 KB                Downloaded: https://repo.maven.apache.org/maven2/org/codehaus/plexus/plexus-utils/1.5.6/plexus-utils-1.5.6.jar (245 KB at 1041.2 KB/sec)
Downloading: https://oss.sonatype.org/content/repositories/snapshots/com/squareup/retrofit/parent/2.0.0-SNAPSHOT/maven-metadata.xml
606/606 B                Downloaded: https://oss.sonatype.org/content/repositories/snapshots/com/squareup/retrofit/parent/2.0.0-SNAPSHOT/maven-metadata.xml (606 B at 5.0 KB/sec)
Uploading: https://oss.sonatype.org/content/repositories/snapshots/com/squareup/retrofit/parent/2.0.0-SNAPSHOT/parent-2.0.0-20150816.171746-87.pom
2/7 KB      4/7 KB   6/7 KB   7/7 KB            Uploaded: https://oss.sonatype.org/content/repositories/snapshots/com/squareup/retrofit/parent/2.0.0-SNAPSHOT/parent-2.0.0-20150816.171746-87.pom (7 KB at 39.5 KB/sec)
Downloading: https://oss.sonatype.org/content/repositories/snapshots/com/squareup/retrofit/parent/maven-metadata.xml
427/427 B               Downloaded: https://oss.sonatype.org/content/repositories/snapshots/com/squareup/retrofit/parent/maven-metadata.xml (427 B at 11.3 KB/sec)
Uploading: https://oss.sonatype.org/content/repositories/snapshots/com/squareup/retrofit/parent/2.0.0-SNAPSHOT/maven-metadata.xml
606/606 B               Uploaded: https://oss.sonatype.org/content/repositories/snapshots/com/squareup/retrofit/parent/2.0.0-SNAPSHOT/maven-metadata.xml (606 B at 6.0 KB/sec)
Uploading: https://oss.sonatype.org/content/repositories/snapshots/com/squareup/retrofit/parent/maven-metadata.xml
427/427 B               Uploaded: https://oss.sonatype.org/content/repositories/snapshots/com/squareup/retrofit/parent/maven-metadata.xml (427 B at 4.8 KB/sec)
[INFO]                                                                         
[INFO] ------------------------------------------------------------------------
[INFO] Building Retrofit 2.0.0-SNAPSHOT
[INFO] ------------------------------------------------------------------------
Downloading: https://oss.sonatype.org/content/repositories/snapshots/com/squareup/okhttp/okhttp/2.5.0-SNAPSHOT/okhttp-2.5.0-20150810.043119-29.pom
            Downloaded: https://oss.sonatype.org/content/repositories/snapshots/com/squareup/okhttp/okhttp/2.5.0-SNAPSHOT/okhttp-2.5.0-20150810.043119-29.pom (0 B at 0.0 KB/sec)
Downloading: https://oss.sonatype.org/content/repositories/snapshots/com/squareup/okhttp/mockwebserver/2.5.0-SNAPSHOT/mockwebserver-2.5.0-20150810.043140-29.pom
            Downloaded: https://oss.sonatype.org/content/repositories/snapshots/com/squareup/okhttp/mockwebserver/2.5.0-SNAPSHOT/mockwebserver-2.5.0-20150810.043140-29.pom (0 B at 0.0 KB/sec)
Downloading: https://oss.sonatype.org/content/repositories/snapshots/com/squareup/okhttp/okhttp-ws/2.5.0-SNAPSHOT/okhttp-ws-2.5.0-20150810.043129-29.pom
            Downloaded: https://oss.sonatype.org/content/repositories/snapshots/com/squareup/okhttp/okhttp-ws/2.5.0-SNAPSHOT/okhttp-ws-2.5.0-20150810.043129-29.pom (0 B at 0.0 KB/sec)
[INFO] 
[INFO] --- maven-clean-plugin:2.5:clean (default-clean) @ retrofit ---
[INFO] Deleting /home/travis/build/square/retrofit/retrofit/target
[INFO] 
[INFO] >>> maven-source-plugin:2.4:jar (default-cli) > generate-sources @ retrofit >>>
[INFO] 
[INFO] --- maven-enforcer-plugin:1.0:enforce (enforce-maven) @ retrofit ---
[INFO] 
[INFO] <<< maven-source-plugin:2.4:jar (default-cli) < generate-sources @ retrofit <<<
[INFO] 
[INFO] --- maven-source-plugin:2.4:jar (default-cli) @ retrofit ---
[INFO] Building jar: /home/travis/build/square/retrofit/retrofit/target/retrofit-2.0.0-SNAPSHOT-sources.jar
[INFO] 
[INFO] --- maven-javadoc-plugin:2.10.3:jar (default-cli) @ retrofit ---
[INFO] 
Loading source files for package retrofit...
Loading source files for package retrofit.http...
Constructing Javadoc information...
Standard Doclet version 1.8.0_31
Building tree for all the packages and classes...
Generating /home/travis/build/square/retrofit/retrofit/target/apidocs/retrofit/BaseUrl.html...
Generating /home/travis/build/square/retrofit/retrofit/target/apidocs/retrofit/Call.html...
Generating /home/travis/build/square/retrofit/retrofit/target/apidocs/retrofit/CallAdapter.html...
Generating /home/travis/build/square/retrofit/retrofit/target/apidocs/retrofit/CallAdapter.Factory.html...
Generating /home/travis/build/square/retrofit/retrofit/target/apidocs/retrofit/Callback.html...
Generating /home/travis/build/square/retrofit/retrofit/target/apidocs/retrofit/Converter.html...
Generating /home/travis/build/square/retrofit/retrofit/target/apidocs/retrofit/Converter.Factory.html...
Generating /home/travis/build/square/retrofit/retrofit/target/apidocs/retrofit/Response.html...
Generating /home/travis/build/square/retrofit/retrofit/target/apidocs/retrofit/Retrofit.html...
Generating /home/travis/build/square/retrofit/retrofit/target/apidocs/retrofit/Retrofit.Builder.html...
Generating /home/travis/build/square/retrofit/retrofit/target/apidocs/retrofit/http/Body.html...
Generating /home/travis/build/square/retrofit/retrofit/target/apidocs/retrofit/http/DELETE.html...
Generating /home/travis/build/square/retrofit/retrofit/target/apidocs/retrofit/http/Field.html...
Generating /home/travis/build/square/retrofit/retrofit/target/apidocs/retrofit/http/FieldMap.html...
Generating /home/travis/build/square/retrofit/retrofit/target/apidocs/retrofit/http/FormUrlEncoded.html...
Generating /home/travis/build/square/retrofit/retrofit/target/apidocs/retrofit/http/GET.html...
Generating /home/travis/build/square/retrofit/retrofit/target/apidocs/retrofit/http/HEAD.html...
Generating /home/travis/build/square/retrofit/retrofit/target/apidocs/retrofit/http/Header.html...
Generating /home/travis/build/square/retrofit/retrofit/target/apidocs/retrofit/http/Headers.html...
Generating /home/travis/build/square/retrofit/retrofit/target/apidocs/retrofit/http/HTTP.html...
Generating /home/travis/build/square/retrofit/retrofit/target/apidocs/retrofit/http/Multipart.html...
Generating /home/travis/build/square/retrofit/retrofit/target/apidocs/retrofit/http/Part.html...
Generating /home/travis/build/square/retrofit/retrofit/target/apidocs/retrofit/http/PartMap.html...
Generating /home/travis/build/square/retrofit/retrofit/target/apidocs/retrofit/http/PATCH.html...
Generating /home/travis/build/square/retrofit/retrofit/target/apidocs/retrofit/http/Path.html...
Generating /home/travis/build/square/retrofit/retrofit/target/apidocs/retrofit/http/POST.html...
Generating /home/travis/build/square/retrofit/retrofit/target/apidocs/retrofit/http/PUT.html...
Generating /home/travis/build/square/retrofit/retrofit/target/apidocs/retrofit/http/Query.html...
Generating /home/travis/build/square/retrofit/retrofit/target/apidocs/retrofit/http/QueryMap.html...
Generating /home/travis/build/square/retrofit/retrofit/target/apidocs/retrofit/http/Streaming.html...
Generating /home/travis/build/square/retrofit/retrofit/target/apidocs/retrofit/http/Url.html...
Generating /home/travis/build/square/retrofit/retrofit/target/apidocs/overview-frame.html...
Generating /home/travis/build/square/retrofit/retrofit/target/apidocs/retrofit/package-frame.html...
Generating /home/travis/build/square/retrofit/retrofit/target/apidocs/retrofit/package-summary.html...
Generating /home/travis/build/square/retrofit/retrofit/target/apidocs/retrofit/package-tree.html...
Generating /home/travis/build/square/retrofit/retrofit/target/apidocs/retrofit/http/package-frame.html...
Generating /home/travis/build/square/retrofit/retrofit/target/apidocs/retrofit/http/package-summary.html...
Generating /home/travis/build/square/retrofit/retrofit/target/apidocs/retrofit/http/package-tree.html...
Generating /home/travis/build/square/retrofit/retrofit/target/apidocs/constant-values.html...
Generating /home/travis/build/square/retrofit/retrofit/target/apidocs/retrofit/class-use/Retrofit.html...
Generating /home/travis/build/square/retrofit/retrofit/target/apidocs/retrofit/class-use/Retrofit.Builder.html...
Generating /home/travis/build/square/retrofit/retrofit/target/apidocs/retrofit/class-use/Response.html...
Generating /home/travis/build/square/retrofit/retrofit/target/apidocs/retrofit/class-use/Converter.html...
Generating /home/travis/build/square/retrofit/retrofit/target/apidocs/retrofit/class-use/Converter.Factory.html...
Generating /home/travis/build/square/retrofit/retrofit/target/apidocs/retrofit/class-use/Callback.html...
Generating /home/travis/build/square/retrofit/retrofit/target/apidocs/retrofit/class-use/CallAdapter.html...
Generating /home/travis/build/square/retrofit/retrofit/target/apidocs/retrofit/class-use/CallAdapter.Factory.html...
Generating /home/travis/build/square/retrofit/retrofit/target/apidocs/retrofit/class-use/Call.html...
Generating /home/travis/build/square/retrofit/retrofit/target/apidocs/retrofit/class-use/BaseUrl.html...
Generating /home/travis/build/square/retrofit/retrofit/target/apidocs/retrofit/http/class-use/Url.html...
Generating /home/travis/build/square/retrofit/retrofit/target/apidocs/retrofit/http/class-use/Streaming.html...
Generating /home/travis/build/square/retrofit/retrofit/target/apidocs/retrofit/http/class-use/QueryMap.html...
Generating /home/travis/build/square/retrofit/retrofit/target/apidocs/retrofit/http/class-use/Query.html...
Generating /home/travis/build/square/retrofit/retrofit/target/apidocs/retrofit/http/class-use/Path.html...
Generating /home/travis/build/square/retrofit/retrofit/target/apidocs/retrofit/http/class-use/PartMap.html...
Generating /home/travis/build/square/retrofit/retrofit/target/apidocs/retrofit/http/class-use/Part.html...
Generating /home/travis/build/square/retrofit/retrofit/target/apidocs/retrofit/http/class-use/PUT.html...
Generating /home/travis/build/square/retrofit/retrofit/target/apidocs/retrofit/http/class-use/POST.html...
Generating /home/travis/build/square/retrofit/retrofit/target/apidocs/retrofit/http/class-use/PATCH.html...
Generating /home/travis/build/square/retrofit/retrofit/target/apidocs/retrofit/http/class-use/Multipart.html...
Generating /home/travis/build/square/retrofit/retrofit/target/apidocs/retrofit/http/class-use/Headers.html...
Generating /home/travis/build/square/retrofit/retrofit/target/apidocs/retrofit/http/class-use/Header.html...
Generating /home/travis/build/square/retrofit/retrofit/target/apidocs/retrofit/http/class-use/HTTP.html...
Generating /home/travis/build/square/retrofit/retrofit/target/apidocs/retrofit/http/class-use/HEAD.html...
Generating /home/travis/build/square/retrofit/retrofit/target/apidocs/retrofit/http/class-use/GET.html...
Generating /home/travis/build/square/retrofit/retrofit/target/apidocs/retrofit/http/class-use/FormUrlEncoded.html...
Generating /home/travis/build/square/retrofit/retrofit/target/apidocs/retrofit/http/class-use/FieldMap.html...
Generating /home/travis/build/square/retrofit/retrofit/target/apidocs/retrofit/http/class-use/Field.html...
Generating /home/travis/build/square/retrofit/retrofit/target/apidocs/retrofit/http/class-use/DELETE.html...
Generating /home/travis/build/square/retrofit/retrofit/target/apidocs/retrofit/http/class-use/Body.html...
Generating /home/travis/build/square/retrofit/retrofit/target/apidocs/retrofit/package-use.html...
Generating /home/travis/build/square/retrofit/retrofit/target/apidocs/retrofit/http/package-use.html...
Building index for all the packages and classes...
Generating /home/travis/build/square/retrofit/retrofit/target/apidocs/overview-tree.html...
Generating /home/travis/build/square/retrofit/retrofit/target/apidocs/index-all.html...
Generating /home/travis/build/square/retrofit/retrofit/target/apidocs/deprecated-list.html...
Building index for all classes...
Generating /home/travis/build/square/retrofit/retrofit/target/apidocs/allclasses-frame.html...
Generating /home/travis/build/square/retrofit/retrofit/target/apidocs/allclasses-noframe.html...
Generating /home/travis/build/square/retrofit/retrofit/target/apidocs/index.html...
Generating /home/travis/build/square/retrofit/retrofit/target/apidocs/overview-summary.html...
Generating /home/travis/build/square/retrofit/retrofit/target/apidocs/help-doc.html...
2 errors
69 warnings
[INFO] ------------------------------------------------------------------------
[INFO] Reactor Summary:
[INFO] 
[INFO] Retrofit (Parent) .................................. SUCCESS [  9.669 s]
[INFO] Retrofit ........................................... FAILURE [  4.441 s]
[INFO] Adapters ........................................... SKIPPED
[INFO] Adapter: RxJava .................................... SKIPPED
[INFO] Retrofit Mock Adapter .............................. SKIPPED
[INFO] Adapter: RxJava Mock ............................... SKIPPED
[INFO] Converters ......................................... SKIPPED
[INFO] Converter: Gson .................................... SKIPPED
[INFO] Converter: Protocol Buffers ........................ SKIPPED
[INFO] Converter: Jackson ................................. SKIPPED
[INFO] Converter: Wire Protocol Buffers ................... SKIPPED
[INFO] Converter: SimpleXML ............................... SKIPPED
[INFO] Converter: Moshi ................................... SKIPPED
[INFO] Samples ............................................ SKIPPED
[INFO] ------------------------------------------------------------------------
[INFO] BUILD FAILURE
[INFO] ------------------------------------------------------------------------
[INFO] Total time: 17.839 s
[INFO] Finished at: 2015-08-16T17:17:51+00:00
[INFO] Final Memory: 31M/346M
[INFO] ------------------------------------------------------------------------
[ERROR] Failed to execute goal org.apache.maven.plugins:maven-javadoc-plugin:2.10.3:jar (default-cli) on project retrofit: MavenReportException: Error while generating Javadoc:
[ERROR] Exit code: 1 - /home/travis/build/square/retrofit/retrofit/src/main/java/retrofit/BaseUrl.java:13: warning: no @return
[ERROR] HttpUrl url();
[ERROR] ^
[ERROR] /home/travis/build/square/retrofit/retrofit/src/main/java/retrofit/CallAdapter.java:29: warning: no @return
[ERROR] Type responseType();
[ERROR] ^
[ERROR] /home/travis/build/square/retrofit/retrofit/src/main/java/retrofit/CallAdapter.java:35: warning: no @param for call
[ERROR] Object adapt(Call<T> call);
[ERROR] ^
[ERROR] /home/travis/build/square/retrofit/retrofit/src/main/java/retrofit/CallAdapter.java:35: warning: no @return
[ERROR] Object adapt(Call<T> call);
[ERROR] ^
[ERROR] /home/travis/build/square/retrofit/retrofit/src/main/java/retrofit/CallAdapter.java:43: warning: no @param for returnType
[ERROR] CallAdapter<?> get(Type returnType);
[ERROR] ^
[ERROR] /home/travis/build/square/retrofit/retrofit/src/main/java/retrofit/CallAdapter.java:43: warning: no @return
[ERROR] CallAdapter<?> get(Type returnType);
[ERROR] ^
[ERROR] /home/travis/build/square/retrofit/retrofit/src/main/java/retrofit/Callback.java:33: warning: no @param for response
[ERROR] void onResponse(Response<T> response);
[ERROR] ^
[ERROR] /home/travis/build/square/retrofit/retrofit/src/main/java/retrofit/Callback.java:36: warning: no @param for t
[ERROR] void onFailure(Throwable t);
[ERROR] ^
[ERROR] /home/travis/build/square/retrofit/retrofit/src/main/java/retrofit/Converter.java:26: warning: no @param for body
[ERROR] T fromBody(ResponseBody body) throws IOException;
[ERROR] ^
[ERROR] /home/travis/build/square/retrofit/retrofit/src/main/java/retrofit/Converter.java:26: warning: no @return
[ERROR] T fromBody(ResponseBody body) throws IOException;
[ERROR] ^
[ERROR] /home/travis/build/square/retrofit/retrofit/src/main/java/retrofit/Converter.java:26: warning: no @throws for java.io.IOException
[ERROR] T fromBody(ResponseBody body) throws IOException;
[ERROR] ^
[ERROR] /home/travis/build/square/retrofit/retrofit/src/main/java/retrofit/Converter.java:29: warning: no @param for value
[ERROR] RequestBody toBody(T value);
[ERROR] ^
[ERROR] /home/travis/build/square/retrofit/retrofit/src/main/java/retrofit/Converter.java:29: warning: no @return
[ERROR] RequestBody toBody(T value);
[ERROR] ^
[ERROR] /home/travis/build/square/retrofit/retrofit/src/main/java/retrofit/Converter.java:33: warning: no @param for type
[ERROR] Converter<?> get(Type type);
[ERROR] ^
[ERROR] /home/travis/build/square/retrofit/retrofit/src/main/java/retrofit/Converter.java:33: warning: no @return
[ERROR] Converter<?> get(Type type);
[ERROR] ^
[ERROR] /home/travis/build/square/retrofit/retrofit/src/main/java/retrofit/Response.java:32: warning: no @param for <T>
[ERROR] public static <T> Response<T> success(T body) {
[ERROR] ^
[ERROR] /home/travis/build/square/retrofit/retrofit/src/main/java/retrofit/Response.java:32: warning: no @param for body
[ERROR] public static <T> Response<T> success(T body) {
[ERROR] ^
[ERROR] /home/travis/build/square/retrofit/retrofit/src/main/java/retrofit/Response.java:32: warning: no @return
[ERROR] public static <T> Response<T> success(T body) {
[ERROR] ^
[ERROR] /home/travis/build/square/retrofit/retrofit/src/main/java/retrofit/Response.java:44: warning: no @param for <T>
[ERROR] public static <T> Response<T> success(T body, com.squareup.okhttp.Response rawResponse) {
[ERROR] ^
[ERROR] /home/travis/build/square/retrofit/retrofit/src/main/java/retrofit/Response.java:44: warning: no @param for body
[ERROR] public static <T> Response<T> success(T body, com.squareup.okhttp.Response rawResponse) {
[ERROR] ^
[ERROR] /home/travis/build/square/retrofit/retrofit/src/main/java/retrofit/Response.java:44: warning: no @param for rawResponse
[ERROR] public static <T> Response<T> success(T body, com.squareup.okhttp.Response rawResponse) {
[ERROR] ^
[ERROR] /home/travis/build/square/retrofit/retrofit/src/main/java/retrofit/Response.java:44: warning: no @return
[ERROR] public static <T> Response<T> success(T body, com.squareup.okhttp.Response rawResponse) {
[ERROR] ^
[ERROR] /home/travis/build/square/retrofit/retrofit/src/main/java/retrofit/Response.java:51: warning: no @param for <T>
[ERROR] public static <T> Response<T> error(int code, ResponseBody body) {
[ERROR] ^
[ERROR] /home/travis/build/square/retrofit/retrofit/src/main/java/retrofit/Response.java:51: warning: no @param for code
[ERROR] public static <T> Response<T> error(int code, ResponseBody body) {
[ERROR] ^
[ERROR] /home/travis/build/square/retrofit/retrofit/src/main/java/retrofit/Response.java:51: warning: no @param for body
[ERROR] public static <T> Response<T> error(int code, ResponseBody body) {
[ERROR] ^
[ERROR] /home/travis/build/square/retrofit/retrofit/src/main/java/retrofit/Response.java:51: warning: no @return
[ERROR] public static <T> Response<T> error(int code, ResponseBody body) {
[ERROR] ^
[ERROR] /home/travis/build/square/retrofit/retrofit/src/main/java/retrofit/Response.java:63: warning: no @param for <T>
[ERROR] public static <T> Response<T> error(ResponseBody body, com.squareup.okhttp.Response rawResponse) {
[ERROR] ^
[ERROR] /home/travis/build/square/retrofit/retrofit/src/main/java/retrofit/Response.java:63: warning: no @param for body
[ERROR] public static <T> Response<T> error(ResponseBody body, com.squareup.okhttp.Response rawResponse) {
[ERROR] ^
[ERROR] /home/travis/build/square/retrofit/retrofit/src/main/java/retrofit/Response.java:63: warning: no @param for rawResponse
[ERROR] public static <T> Response<T> error(ResponseBody body, com.squareup.okhttp.Response rawResponse) {
[ERROR] ^
[ERROR] /home/travis/build/square/retrofit/retrofit/src/main/java/retrofit/Response.java:63: warning: no @return
[ERROR] public static <T> Response<T> error(ResponseBody body, com.squareup.okhttp.Response rawResponse) {
[ERROR] ^
[ERROR] /home/travis/build/square/retrofit/retrofit/src/main/java/retrofit/Response.java:78: warning: no @return
[ERROR] public com.squareup.okhttp.Response raw() {
[ERROR] ^
[ERROR] /home/travis/build/square/retrofit/retrofit/src/main/java/retrofit/Response.java:83: warning: no @return
[ERROR] public int code() {
[ERROR] ^
[ERROR] /home/travis/build/square/retrofit/retrofit/src/main/java/retrofit/Response.java:88: warning: no @return
[ERROR] public String message() {
[ERROR] ^
[ERROR] /home/travis/build/square/retrofit/retrofit/src/main/java/retrofit/Response.java:97: warning: no @return
[ERROR] public boolean isSuccess() {
[ERROR] ^
[ERROR] /home/travis/build/square/retrofit/retrofit/src/main/java/retrofit/Response.java:102: warning: no @return
[ERROR] public T body() {
[ERROR] ^
[ERROR] /home/travis/build/square/retrofit/retrofit/src/main/java/retrofit/Response.java:107: warning: no @return
[ERROR] public ResponseBody errorBody() {
[ERROR] ^
[ERROR] /home/travis/build/square/retrofit/retrofit/src/main/java/retrofit/Retrofit.java:111: warning: no @param for <T>
[ERROR] public <T> T create(Class<T> service) {
[ERROR] ^
[ERROR] /home/travis/build/square/retrofit/retrofit/src/main/java/retrofit/Retrofit.java:111: warning: no @param for service
[ERROR] public <T> T create(Class<T> service) {
[ERROR] ^
[ERROR] /home/travis/build/square/retrofit/retrofit/src/main/java/retrofit/Retrofit.java:111: warning: no @return
[ERROR] public <T> T create(Class<T> service) {
[ERROR] ^
[ERROR] /home/travis/build/square/retrofit/retrofit/src/main/java/retrofit/Retrofit.java:151: warning: no @return
[ERROR] public List<Converter.Factory> converterFactories() {
[ERROR] ^
[ERROR] /home/travis/build/square/retrofit/retrofit/src/main/java/retrofit/Retrofit.java:177: warning: no @param for client
[ERROR] public Builder client(OkHttpClient client) {
[ERROR] ^
[ERROR] /home/travis/build/square/retrofit/retrofit/src/main/java/retrofit/Retrofit.java:177: warning: no @return
[ERROR] public Builder client(OkHttpClient client) {
[ERROR] ^
[ERROR] /home/travis/build/square/retrofit/retrofit/src/main/java/retrofit/Retrofit.java:183: warning: no @param for baseUrl
[ERROR] public Builder baseUrl(String baseUrl) {
[ERROR] ^
[ERROR] /home/travis/build/square/retrofit/retrofit/src/main/java/retrofit/Retrofit.java:183: warning: no @return
[ERROR] public Builder baseUrl(String baseUrl) {
[ERROR] ^
[ERROR] /home/travis/build/square/retrofit/retrofit/src/main/java/retrofit/Retrofit.java:193: warning: no @param for baseUrl
[ERROR] public Builder baseUrl(final HttpUrl baseUrl) {
[ERROR] ^
[ERROR] /home/travis/build/square/retrofit/retrofit/src/main/java/retrofit/Retrofit.java:193: warning: no @return
[ERROR] public Builder baseUrl(final HttpUrl baseUrl) {
[ERROR] ^
[ERROR] /home/travis/build/square/retrofit/retrofit/src/main/java/retrofit/Retrofit.java:203: warning: no @param for baseUrl
[ERROR] public Builder baseUrl(BaseUrl baseUrl) {
[ERROR] ^
[ERROR] /home/travis/build/square/retrofit/retrofit/src/main/java/retrofit/Retrofit.java:203: warning: no @return
[ERROR] public Builder baseUrl(BaseUrl baseUrl) {
[ERROR] ^
[ERROR] /home/travis/build/square/retrofit/retrofit/src/main/java/retrofit/Retrofit.java:209: warning: no @param for converterFactory
[ERROR] public Builder addConverterFactory(Converter.Factory converterFactory) {
[ERROR] ^
[ERROR] /home/travis/build/square/retrofit/retrofit/src/main/java/retrofit/Retrofit.java:209: warning: no @return
[ERROR] public Builder addConverterFactory(Converter.Factory converterFactory) {
[ERROR] ^
[ERROR] /home/travis/build/square/retrofit/retrofit/src/main/java/retrofit/Retrofit.java:217: warning: no @param for factory
[ERROR] public Builder addCallAdapterFactory(CallAdapter.Factory factory) {
[ERROR] ^
[ERROR] /home/travis/build/square/retrofit/retrofit/src/main/java/retrofit/Retrofit.java:217: warning: no @return
[ERROR] public Builder addCallAdapterFactory(CallAdapter.Factory factory) {
[ERROR] ^
[ERROR] /home/travis/build/square/retrofit/retrofit/src/main/java/retrofit/Retrofit.java:226: warning: no @param for callbackExecutor
[ERROR] public Builder callbackExecutor(Executor callbackExecutor) {
[ERROR] ^
[ERROR] /home/travis/build/square/retrofit/retrofit/src/main/java/retrofit/Retrofit.java:226: warning: no @return
[ERROR] public Builder callbackExecutor(Executor callbackExecutor) {
[ERROR] ^
[ERROR] /home/travis/build/square/retrofit/retrofit/src/main/java/retrofit/Retrofit.java:232: warning: no @return
[ERROR] public Retrofit build() {
[ERROR] ^
[ERROR] /home/travis/build/square/retrofit/retrofit/src/main/java/retrofit/http/Field.java:61: warning: no @return
[ERROR] boolean encoded() default false;
[ERROR] ^
[ERROR] /home/travis/build/square/retrofit/retrofit/src/main/java/retrofit/http/FieldMap.java:48: warning: no @return
[ERROR] boolean encoded() default false;
[ERROR] ^
[ERROR] /home/travis/build/square/retrofit/retrofit/src/main/java/retrofit/http/Header.java:27: warning: empty <p> tag
[ERROR] * <p>
[ERROR] ^
[ERROR] /home/travis/build/square/retrofit/retrofit/src/main/java/retrofit/http/Headers.java:27: warning: empty <p> tag
[ERROR] * <p>
[ERROR] ^
[ERROR] /home/travis/build/square/retrofit/retrofit/src/main/java/retrofit/http/Part.java:34: error: reference not found
[ERROR] * {@linkplain Retrofit#converterFactory() a converter}.</li>
[ERROR] ^
[ERROR] /home/travis/build/square/retrofit/retrofit/src/main/java/retrofit/http/Part.java:38: warning: empty <p> tag
[ERROR] * <p>
[ERROR] ^
[ERROR] /home/travis/build/square/retrofit/retrofit/src/main/java/retrofit/http/Part.java:53: warning - Tag @linkplain: can't find converterFactory() in retrofit.Retrofit
[ERROR] /home/travis/build/square/retrofit/retrofit/src/main/java/retrofit/http/Part.java:56: warning: no @return
[ERROR] String encoding() default "binary";
[ERROR] ^
[ERROR] /home/travis/build/square/retrofit/retrofit/src/main/java/retrofit/http/PartMap.java:34: error: reference not found
[ERROR] * {@linkplain Retrofit#converterFactory() a converter}.</li>
[ERROR] ^
[ERROR] /home/travis/build/square/retrofit/retrofit/src/main/java/retrofit/http/PartMap.java:36: warning: empty <p> tag
[ERROR] * <p>
[ERROR] ^
[ERROR] /home/travis/build/square/retrofit/retrofit/src/main/java/retrofit/http/PartMap.java:49: warning - Tag @linkplain: can't find converterFactory() in retrofit.Retrofit
[ERROR] /home/travis/build/square/retrofit/retrofit/src/main/java/retrofit/http/PartMap.java:51: warning: no @return
[ERROR] String encoding() default "binary";
[ERROR] ^
[ERROR] /home/travis/build/square/retrofit/retrofit/src/main/java/retrofit/http/Path.java:58: warning: no @return
[ERROR] boolean encoded() default false;
[ERROR] ^
[ERROR] /home/travis/build/square/retrofit/retrofit/src/main/java/retrofit/http/Query.java:69: warning: no @return
[ERROR] String value();
[ERROR] ^
[ERROR] /home/travis/build/square/retrofit/retrofit/src/main/java/retrofit/http/Query.java:74: warning: no @return
[ERROR] boolean encoded() default false;
[ERROR] ^
[ERROR] /home/travis/build/square/retrofit/retrofit/src/main/java/retrofit/http/QueryMap.java:56: warning: no @return
[ERROR] boolean encoded() default false;
[ERROR] ^
[ERROR] 
[ERROR] Command line was: /usr/lib/jvm/java-8-oracle/jre/../bin/javadoc @options @packages
[ERROR] 
[ERROR] Refer to the generated Javadoc files in '/home/travis/build/square/retrofit/retrofit/target/apidocs' dir.
[ERROR] -> [Help 1]
[ERROR] 
[ERROR] To see the full stack trace of the errors, re-run Maven with the -e switch.
[ERROR] Re-run Maven using the -X switch to enable full debug logging.
[ERROR] 
[ERROR] For more information about the errors and possible solutions, please read the following articles:
[ERROR] [Help 1] http://cwiki.apache.org/confluence/display/MAVEN/MojoExecutionException
[ERROR] 
[ERROR] After correcting the problems, you can resume the build with the command
[ERROR]   mvn <goals> -rf :retrofit
travis_time:end:14ee16a0:start=1439745451760863366,finish=1439745472357288978,duration=20596425612[0Ktravis_fold:end:after_success[0K
Done. Your build exited with 0.
