Using worker: worker-linux-docker-a7b9d94e.prod.travis-ci.org:travis-linux-6

travis_fold:start:system_info[0K[33;1mBuild system information[0m
Build language: java
[34m[1mBuild image provisioning date and time[0m
Thu Feb  5 15:09:33 UTC 2015
[34m[1mOperating System Details[0m
Distributor ID:	Ubuntu
Description:	Ubuntu 12.04.5 LTS
Release:	12.04
Codename:	precise
[34m[1mLinux Version[0m
3.13.0-29-generic
[34m[1mCookbooks Version[0m
a68419e https://github.com/travis-ci/travis-cookbooks/tree/a68419e
[34m[1mGCC version[0m
gcc (Ubuntu/Linaro 4.6.3-1ubuntu5) 4.6.3
Copyright (C) 2011 Free Software Foundation, Inc.
This is free software; see the source for copying conditions.  There is NO
warranty; not even for MERCHANTABILITY or FITNESS FOR A PARTICULAR PURPOSE.

[34m[1mLLVM version[0m
clang version 3.4 (tags/RELEASE_34/final)
Target: x86_64-unknown-linux-gnu
Thread model: posix
[34m[1mPre-installed Ruby versions[0m
ruby-1.9.3-p551
[34m[1mPre-installed Node.js versions[0m
v0.10.36
[34m[1mPre-installed Go versions[0m
1.4.1
[34m[1mRedis version[0m
redis-server 2.8.19
[34m[1mriak version[0m
2.0.2
[34m[1mMongoDB version[0m
MongoDB 2.4.12
[34m[1mCouchDB version[0m
couchdb 1.6.1
[34m[1mNeo4j version[0m
1.9.4
[34m[1mRabbitMQ Version[0m
3.4.3
[34m[1mElasticSearch version[0m
1.4.0
[34m[1mInstalled Sphinx versions[0m
2.0.10
2.1.9
2.2.6
[34m[1mDefault Sphinx version[0m
2.2.6
[34m[1mInstalled Firefox version[0m
firefox 31.0esr
[34m[1mPhantomJS version[0m
1.9.8
[34m[1mant -version[0m
Apache Ant(TM) version 1.8.2 compiled on December 3 2011
[34m[1mmvn -version[0m
Apache Maven 3.2.5 (12a6b3acb947671f09b81f49094c53f426d8cea1; 2014-12-14T17:29:23+00:00)
Maven home: /usr/local/maven
Java version: 1.7.0_76, vendor: Oracle Corporation
Java home: /usr/lib/jvm/java-7-oracle/jre
Default locale: en_US, platform encoding: ANSI_X3.4-1968
OS name: "linux", version: "3.13.0-29-generic", arch: "amd64", family: "unix"
travis_fold:end:system_info[0K
travis_fold:start:git.checkout[0Ktravis_time:start:017025f0[0K$ git clone --depth=50 --branch=jwilson_0822_converter git://github.com/square/retrofit.git square/retrofit
Cloning into 'square/retrofit'...
remote: Counting objects: 1531, done.[K
remote: Compressing objects:   0% (1/670)   [Kremote: Compressing objects:   1% (7/670)   [Kremote: Compressing objects:   2% (14/670)   [Kremote: Compressing objects:   3% (21/670)   [Kremote: Compressing objects:   4% (27/670)   [Kremote: Compressing objects:   5% (34/670)   [Kremote: Compressing objects:   6% (41/670)   [Kremote: Compressing objects:   7% (47/670)   [Kremote: Compressing objects:   8% (54/670)   [Kremote: Compressing objects:   9% (61/670)   [Kremote: Compressing objects:  10% (67/670)   [Kremote: Compressing objects:  11% (74/670)   [Kremote: Compressing objects:  12% (81/670)   [Kremote: Compressing objects:  13% (88/670)   [Kremote: Compressing objects:  14% (94/670)   [Kremote: Compressing objects:  15% (101/670)   [Kremote: Compressing objects:  16% (108/670)   [Kremote: Compressing objects:  17% (114/670)   [Kremote: Compressing objects:  18% (121/670)   [Kremote: Compressing objects:  19% (128/670)   [Kremote: Compressing objects:  20% (134/670)   [Kremote: Compressing objects:  21% (141/670)   [Kremote: Compressing objects:  22% (148/670)   [Kremote: Compressing objects:  23% (155/670)   [Kremote: Compressing objects:  24% (161/670)   [Kremote: Compressing objects:  25% (168/670)   [Kremote: Compressing objects:  26% (175/670)   [Kremote: Compressing objects:  27% (181/670)   [Kremote: Compressing objects:  28% (188/670)   [Kremote: Compressing objects:  29% (195/670)   [Kremote: Compressing objects:  30% (201/670)   [Kremote: Compressing objects:  31% (208/670)   [Kremote: Compressing objects:  32% (215/670)   [Kremote: Compressing objects:  33% (222/670)   [Kremote: Compressing objects:  34% (228/670)   [Kremote: Compressing objects:  35% (235/670)   [Kremote: Compressing objects:  36% (242/670)   [Kremote: Compressing objects:  37% (248/670)   [Kremote: Compressing objects:  38% (255/670)   [Kremote: Compressing objects:  39% (262/670)   [Kremote: Compressing objects:  40% (268/670)   [Kremote: Compressing objects:  41% (275/670)   [Kremote: Compressing objects:  42% (282/670)   [Kremote: Compressing objects:  43% (289/670)   [Kremote: Compressing objects:  44% (295/670)   [Kremote: Compressing objects:  45% (302/670)   [Kremote: Compressing objects:  46% (309/670)   [Kremote: Compressing objects:  47% (315/670)   [Kremote: Compressing objects:  48% (322/670)   [Kremote: Compressing objects:  49% (329/670)   [Kremote: Compressing objects:  50% (335/670)   [Kremote: Compressing objects:  51% (342/670)   [Kremote: Compressing objects:  52% (349/670)   [Kremote: Compressing objects:  53% (356/670)   [Kremote: Compressing objects:  54% (362/670)   [Kremote: Compressing objects:  55% (369/670)   [Kremote: Compressing objects:  56% (376/670)   [Kremote: Compressing objects:  57% (382/670)   [Kremote: Compressing objects:  58% (389/670)   [Kremote: Compressing objects:  59% (396/670)   [Kremote: Compressing objects:  60% (402/670)   [Kremote: Compressing objects:  61% (409/670)   [Kremote: Compressing objects:  62% (416/670)   [Kremote: Compressing objects:  63% (423/670)   [Kremote: Compressing objects:  64% (429/670)   [Kremote: Compressing objects:  65% (436/670)   [Kremote: Compressing objects:  66% (443/670)   [Kremote: Compressing objects:  67% (449/670)   [Kremote: Compressing objects:  68% (456/670)   [Kremote: Compressing objects:  69% (463/670)   [Kremote: Compressing objects:  70% (469/670)   [Kremote: Compressing objects:  71% (476/670)   [Kremote: Compressing objects:  72% (483/670)   [Kremote: Compressing objects:  73% (490/670)   [Kremote: Compressing objects:  74% (496/670)   [Kremote: Compressing objects:  75% (503/670)   [Kremote: Compressing objects:  76% (510/670)   [Kremote: Compressing objects:  77% (516/670)   [Kremote: Compressing objects:  78% (523/670)   [Kremote: Compressing objects:  79% (530/670)   [Kremote: Compressing objects:  80% (536/670)   [Kremote: Compressing objects:  81% (543/670)   [Kremote: Compressing objects:  82% (550/670)   [Kremote: Compressing objects:  83% (557/670)   [Kremote: Compressing objects:  84% (563/670)   [Kremote: Compressing objects:  85% (570/670)   [Kremote: Compressing objects:  86% (577/670)   [Kremote: Compressing objects:  87% (583/670)   [Kremote: Compressing objects:  88% (590/670)   [Kremote: Compressing objects:  89% (597/670)   [Kremote: Compressing objects:  90% (603/670)   [Kremote: Compressing objects:  91% (610/670)   [Kremote: Compressing objects:  92% (617/670)   [Kremote: Compressing objects:  93% (624/670)   [Kremote: Compressing objects:  94% (630/670)   [Kremote: Compressing objects:  95% (637/670)   [Kremote: Compressing objects:  96% (644/670)   [Kremote: Compressing objects:  97% (650/670)   [Kremote: Compressing objects:  98% (657/670)   [Kremote: Compressing objects:  99% (664/670)   [Kremote: Compressing objects: 100% (670/670)   [Kremote: Compressing objects: 100% (670/670), done.[K
Receiving objects:   0% (1/1531)   Receiving objects:   1% (16/1531)   Receiving objects:   2% (31/1531)   Receiving objects:   3% (46/1531)   Receiving objects:   4% (62/1531)   Receiving objects:   5% (77/1531)   Receiving objects:   6% (92/1531)   Receiving objects:   7% (108/1531)   Receiving objects:   8% (123/1531)   Receiving objects:   9% (138/1531)   Receiving objects:  10% (154/1531)   Receiving objects:  11% (169/1531)   Receiving objects:  12% (184/1531)   Receiving objects:  13% (200/1531)   Receiving objects:  14% (215/1531)   Receiving objects:  15% (230/1531)   Receiving objects:  16% (245/1531)   Receiving objects:  17% (261/1531)   Receiving objects:  18% (276/1531)   Receiving objects:  19% (291/1531)   Receiving objects:  20% (307/1531)   Receiving objects:  21% (322/1531)   Receiving objects:  22% (337/1531)   Receiving objects:  23% (353/1531)   Receiving objects:  24% (368/1531)   Receiving objects:  25% (383/1531)   Receiving objects:  26% (399/1531)   Receiving objects:  27% (414/1531)   Receiving objects:  28% (429/1531)   Receiving objects:  29% (444/1531)   Receiving objects:  30% (460/1531)   Receiving objects:  31% (475/1531)   Receiving objects:  32% (490/1531)   Receiving objects:  33% (506/1531)   Receiving objects:  34% (521/1531)   Receiving objects:  35% (536/1531)   Receiving objects:  36% (552/1531)   Receiving objects:  37% (567/1531)   Receiving objects:  38% (582/1531)   Receiving objects:  39% (598/1531)   Receiving objects:  40% (613/1531)   Receiving objects:  41% (628/1531)   Receiving objects:  42% (644/1531)   Receiving objects:  43% (659/1531)   Receiving objects:  44% (674/1531)   Receiving objects:  45% (689/1531)   Receiving objects:  46% (705/1531)   Receiving objects:  47% (720/1531)   Receiving objects:  48% (735/1531)   Receiving objects:  49% (751/1531)   Receiving objects:  50% (766/1531)   Receiving objects:  51% (781/1531)   Receiving objects:  52% (797/1531)   Receiving objects:  53% (812/1531)   Receiving objects:  54% (827/1531)   Receiving objects:  55% (843/1531)   Receiving objects:  56% (858/1531)   Receiving objects:  57% (873/1531)   Receiving objects:  58% (888/1531)   Receiving objects:  59% (904/1531)   Receiving objects:  60% (919/1531)   Receiving objects:  61% (934/1531)   Receiving objects:  62% (950/1531)   Receiving objects:  63% (965/1531)   Receiving objects:  64% (980/1531)   Receiving objects:  65% (996/1531)   Receiving objects:  66% (1011/1531)   Receiving objects:  67% (1026/1531)   Receiving objects:  68% (1042/1531)   remote: Total 1531 (delta 542), reused 1405 (delta 445), pack-reused 0[K
Receiving objects:  69% (1057/1531)   Receiving objects:  70% (1072/1531)   Receiving objects:  71% (1088/1531)   Receiving objects:  72% (1103/1531)   Receiving objects:  73% (1118/1531)   Receiving objects:  74% (1133/1531)   Receiving objects:  75% (1149/1531)   Receiving objects:  76% (1164/1531)   Receiving objects:  77% (1179/1531)   Receiving objects:  78% (1195/1531)   Receiving objects:  79% (1210/1531)   Receiving objects:  80% (1225/1531)   Receiving objects:  81% (1241/1531)   Receiving objects:  82% (1256/1531)   Receiving objects:  83% (1271/1531)   Receiving objects:  84% (1287/1531)   Receiving objects:  85% (1302/1531)   Receiving objects:  86% (1317/1531)   Receiving objects:  87% (1332/1531)   Receiving objects:  88% (1348/1531)   Receiving objects:  89% (1363/1531)   Receiving objects:  90% (1378/1531)   Receiving objects:  91% (1394/1531)   Receiving objects:  92% (1409/1531)   Receiving objects:  93% (1424/1531)   Receiving objects:  94% (1440/1531)   Receiving objects:  95% (1455/1531)   Receiving objects:  96% (1470/1531)   Receiving objects:  97% (1486/1531)   Receiving objects:  98% (1501/1531)   Receiving objects:  99% (1516/1531)   Receiving objects: 100% (1531/1531)   Receiving objects: 100% (1531/1531), 363.98 KiB | 0 bytes/s, done.
Resolving deltas:   0% (0/542)   Resolving deltas:  11% (63/542)   Resolving deltas:  12% (68/542)   Resolving deltas:  13% (73/542)   Resolving deltas:  14% (77/542)   Resolving deltas:  17% (97/542)   Resolving deltas:  18% (98/542)   Resolving deltas:  19% (108/542)   Resolving deltas:  20% (109/542)   Resolving deltas:  25% (136/542)   Resolving deltas:  26% (145/542)   Resolving deltas:  27% (147/542)   Resolving deltas:  31% (172/542)   Resolving deltas:  34% (186/542)   Resolving deltas:  37% (202/542)   Resolving deltas:  38% (208/542)   Resolving deltas:  39% (212/542)   Resolving deltas:  40% (219/542)   Resolving deltas:  41% (225/542)   Resolving deltas:  43% (238/542)   Resolving deltas:  44% (241/542)   Resolving deltas:  45% (247/542)   Resolving deltas:  46% (253/542)   Resolving deltas:  47% (255/542)   Resolving deltas:  49% (268/542)   Resolving deltas:  50% (273/542)   Resolving deltas:  51% (281/542)   Resolving deltas:  52% (284/542)   Resolving deltas:  53% (289/542)   Resolving deltas:  54% (295/542)   Resolving deltas:  55% (302/542)   Resolving deltas:  56% (307/542)   Resolving deltas:  57% (314/542)   Resolving deltas:  61% (331/542)   Resolving deltas:  62% (337/542)   Resolving deltas:  64% (351/542)   Resolving deltas:  67% (368/542)   Resolving deltas:  71% (386/542)   Resolving deltas:  72% (391/542)   Resolving deltas:  73% (397/542)   Resolving deltas:  74% (403/542)   Resolving deltas:  76% (412/542)   Resolving deltas:  78% (428/542)   Resolving deltas:  80% (434/542)   Resolving deltas:  81% (441/542)   Resolving deltas:  82% (448/542)   Resolving deltas:  83% (450/542)   Resolving deltas:  84% (458/542)   Resolving deltas:  85% (461/542)   Resolving deltas:  86% (467/542)   Resolving deltas:  87% (476/542)   Resolving deltas:  88% (477/542)   Resolving deltas:  89% (485/542)   Resolving deltas:  90% (488/542)   Resolving deltas:  91% (494/542)   Resolving deltas:  92% (500/542)   Resolving deltas:  93% (505/542)   Resolving deltas:  94% (511/542)   Resolving deltas:  95% (520/542)   Resolving deltas:  96% (521/542)   Resolving deltas:  97% (526/542)   Resolving deltas:  98% (534/542)   Resolving deltas:  99% (540/542)   Resolving deltas: 100% (542/542)   Resolving deltas: 100% (542/542), done.
Checking connectivity... done.
travis_time:end:017025f0:start=1440250588947053861,finish=1440250589360865720,duration=413811859[0K$ cd square/retrofit
$ git checkout -qf 4f862649dc95b11312634d8e56968faa11276889
travis_fold:end:git.checkout[0K
[33;1mThis job is running on container-based infrastructure, which does not allow use of 'sudo', setuid and setguid executables.[0m
[33;1mIf you require sudo, add 'sudo: required' to your .travis.yml[0m
[33;1mSee http://docs.travis-ci.com/user/workers/container-based-infrastructure/ for details.[0m

[33;1mSetting environment variables from .travis.yml[0m
$ export CI_DEPLOY_USERNAME=[secure]
$ export CI_DEPLOY_PASSWORD=[secure]

travis_fold:start:cache.1[0KSetting up build cache
$ export CASHER_DIR=$HOME/.casher
travis_time:start:097e6810[0K$ Installing caching utilities
travis_time:end:097e6810:start=1440250591629255564,finish=1440250591659366851,duration=30111287[0Ktravis_time:start:048e9ba1[0Kattempting to download cache archive
fetching jwilson_0822_converter/cache--jdk-oraclejdk7.tgz
found cache
travis_time:end:048e9ba1:start=1440250591665547610,finish=1440250592918395352,duration=1252847742[0Ktravis_time:start:00e3fdb8[0Kadding /home/travis/.m2 to cache
travis_time:end:00e3fdb8:start=1440250592922582723,finish=1440250594567958927,duration=1645376204[0Ktravis_fold:end:cache.1[0K$ jdk_switcher use oraclejdk7
Switching to Oracle JDK7 (java-7-oracle), JAVA_HOME will be set to /usr/lib/jvm/java-7-oracle
$ java -Xmx32m -version
java version "1.7.0_76"
Java(TM) SE Runtime Environment (build 1.7.0_76-b13)
Java HotSpot(TM) 64-Bit Server VM (build 24.76-b04, mixed mode)
$ javac -J-Xmx32m -version
javac 1.7.0_76
travis_fold:start:install[0Ktravis_time:start:050e18d4[0K$ mvn install -DskipTests=true -Dmaven.javadoc.skip=true -B -V
Apache Maven 3.2.5 (12a6b3acb947671f09b81f49094c53f426d8cea1; 2014-12-14T17:29:23+00:00)
Maven home: /usr/local/maven
Java version: 1.7.0_76, vendor: Oracle Corporation
Java home: /usr/lib/jvm/java-7-oracle/jre
Default locale: en_US, platform encoding: UTF-8
OS name: "linux", version: "3.13.0-40-generic", arch: "amd64", family: "unix"
[INFO] Scanning for projects...
[WARNING] 
[WARNING] Some problems were encountered while building the effective model for com.squareup.retrofit:samples:jar:2.0.0-SNAPSHOT
[WARNING] 'build.plugins.plugin.version' for org.apache.maven.plugins:maven-deploy-plugin is missing. @ com.squareup.retrofit:samples:[unknown-version], /home/travis/build/square/retrofit/samples/pom.xml, line 36, column 15
[WARNING] 
[WARNING] It is highly recommended to fix these problems because they threaten the stability of your build.
[WARNING] 
[WARNING] For this reason, future Maven versions might no longer support building such malformed projects.
[WARNING] 
[INFO] ------------------------------------------------------------------------
[INFO] Reactor Build Order:
[INFO] 
[INFO] Retrofit (Parent)
[INFO] Retrofit
[INFO] Adapters
[INFO] Adapter: RxJava
[INFO] Retrofit Mock Adapter
[INFO] Adapter: RxJava Mock
[INFO] Converters
[INFO] Converter: Gson
[INFO] Converter: Protocol Buffers
[INFO] Converter: Jackson
[INFO] Converter: Wire Protocol Buffers
[INFO] Converter: SimpleXML
[INFO] Converter: Moshi
[INFO] Samples
[INFO]                                                                         
[INFO] ------------------------------------------------------------------------
[INFO] Building Retrofit (Parent) 2.0.0-SNAPSHOT
[INFO] ------------------------------------------------------------------------
[INFO] 
[INFO] --- maven-enforcer-plugin:1.0:enforce (enforce-maven) @ parent ---
[INFO] 
[INFO] --- maven-checkstyle-plugin:2.15:checkstyle (default) @ parent ---
[INFO] 
[INFO] --- maven-install-plugin:2.4:install (default-install) @ parent ---
[INFO] Installing /home/travis/build/square/retrofit/pom.xml to /home/travis/.m2/repository/com/squareup/retrofit/parent/2.0.0-SNAPSHOT/parent-2.0.0-SNAPSHOT.pom
[INFO]                                                                         
[INFO] ------------------------------------------------------------------------
[INFO] Building Retrofit 2.0.0-SNAPSHOT
[INFO] ------------------------------------------------------------------------
[INFO] Downloading: https://repository.apache.org/snapshots/com/squareup/okhttp/okhttp/2.5.0-SNAPSHOT/maven-metadata.xml
[INFO] Downloading: https://repository.apache.org/snapshots/com/squareup/okhttp/parent/2.5.0-SNAPSHOT/maven-metadata.xml
[INFO] Downloading: https://repository.apache.org/snapshots/com/squareup/okhttp/mockwebserver/2.5.0-SNAPSHOT/maven-metadata.xml
[INFO] Downloading: https://repository.apache.org/snapshots/com/squareup/okhttp/okhttp-ws/2.5.0-SNAPSHOT/maven-metadata.xml
[INFO] 
[INFO] --- maven-enforcer-plugin:1.0:enforce (enforce-maven) @ retrofit ---
[INFO] 
[INFO] --- maven-resources-plugin:2.6:resources (default-resources) @ retrofit ---
[INFO] Using 'UTF-8' encoding to copy filtered resources.
[INFO] skip non existing resourceDirectory /home/travis/build/square/retrofit/retrofit/src/main/resources
[INFO] 
[INFO] --- maven-compiler-plugin:3.0:compile (default-compile) @ retrofit ---
[INFO] Changes detected - recompiling the module!
[INFO] Compiling 45 source files to /home/travis/build/square/retrofit/retrofit/target/classes
[WARNING] /home/travis/build/square/retrofit/retrofit/src/main/java/retrofit/RequestBuilderAction.java: /home/travis/build/square/retrofit/retrofit/src/main/java/retrofit/RequestBuilderAction.java uses unchecked or unsafe operations.
[WARNING] /home/travis/build/square/retrofit/retrofit/src/main/java/retrofit/RequestBuilderAction.java: Recompile with -Xlint:unchecked for details.
[INFO] 
[INFO] --- maven-resources-plugin:2.6:testResources (default-testResources) @ retrofit ---
[INFO] Using 'UTF-8' encoding to copy filtered resources.
[INFO] skip non existing resourceDirectory /home/travis/build/square/retrofit/retrofit/src/test/resources
[INFO] 
[INFO] --- maven-compiler-plugin:3.0:testCompile (default-testCompile) @ retrofit ---
[INFO] Changes detected - recompiling the module!
[INFO] Compiling 7 source files to /home/travis/build/square/retrofit/retrofit/target/test-classes
[INFO] 
[INFO] --- maven-surefire-plugin:2.12.4:test (default-test) @ retrofit ---
[INFO] Tests are skipped.
[INFO] 
[INFO] --- maven-jar-plugin:2.4:jar (default-jar) @ retrofit ---
[INFO] Building jar: /home/travis/build/square/retrofit/retrofit/target/retrofit-2.0.0-SNAPSHOT.jar
[INFO] 
[INFO] --- maven-checkstyle-plugin:2.15:checkstyle (default) @ retrofit ---
[INFO] Starting audit...
/home/travis/build/square/retrofit/retrofit/src/main/java/retrofit/http/Part.java:22:8: Unused import - retrofit.Retrofit.
/home/travis/build/square/retrofit/retrofit/src/main/java/retrofit/http/PartMap.java:22:8: Unused import - retrofit.Retrofit.
Audit done.
[INFO] ------------------------------------------------------------------------
[INFO] Reactor Summary:
[INFO] 
[INFO] Retrofit (Parent) .................................. SUCCESS [  2.346 s]
[INFO] Retrofit ........................................... FAILURE [  9.448 s]
[INFO] Adapters ........................................... SKIPPED
[INFO] Adapter: RxJava .................................... SKIPPED
[INFO] Retrofit Mock Adapter .............................. SKIPPED
[INFO] Adapter: RxJava Mock ............................... SKIPPED
[INFO] Converters ......................................... SKIPPED
[INFO] Converter: Gson .................................... SKIPPED
[INFO] Converter: Protocol Buffers ........................ SKIPPED
[INFO] Converter: Jackson ................................. SKIPPED
[INFO] Converter: Wire Protocol Buffers ................... SKIPPED
[INFO] Converter: SimpleXML ............................... SKIPPED
[INFO] Converter: Moshi ................................... SKIPPED
[INFO] Samples ............................................ SKIPPED
[INFO] ------------------------------------------------------------------------
[INFO] BUILD FAILURE
[INFO] ------------------------------------------------------------------------
[INFO] Total time: 12.352 s
[INFO] Finished at: 2015-08-22T13:36:50+00:00
[INFO] Final Memory: 30M/465M
[INFO] ------------------------------------------------------------------------
[ERROR] Failed to execute goal org.apache.maven.plugins:maven-checkstyle-plugin:2.15:checkstyle (default) on project retrofit: An error has occurred in Checkstyle report generation. Failed during checkstyle execution: There are 2 errors reported by Checkstyle 6.1.1 with checkstyle.xml ruleset. -> [Help 1]
[ERROR] 
[ERROR] To see the full stack trace of the errors, re-run Maven with the -e switch.
[ERROR] Re-run Maven using the -X switch to enable full debug logging.
[ERROR] 
[ERROR] For more information about the errors and possible solutions, please read the following articles:
[ERROR] [Help 1] http://cwiki.apache.org/confluence/display/MAVEN/MojoExecutionException
[ERROR] 
[ERROR] After correcting the problems, you can resume the build with the command
[ERROR]   mvn <goals> -rf :retrofit

[31;1mThe command "eval mvn install -DskipTests=true -Dmaven.javadoc.skip=true -B -V" failed. Retrying, 2 of 3.[0m

Apache Maven 3.2.5 (12a6b3acb947671f09b81f49094c53f426d8cea1; 2014-12-14T17:29:23+00:00)
Maven home: /usr/local/maven
Java version: 1.7.0_76, vendor: Oracle Corporation
Java home: /usr/lib/jvm/java-7-oracle/jre
Default locale: en_US, platform encoding: UTF-8
OS name: "linux", version: "3.13.0-40-generic", arch: "amd64", family: "unix"
[INFO] Scanning for projects...
[WARNING] 
[WARNING] Some problems were encountered while building the effective model for com.squareup.retrofit:samples:jar:2.0.0-SNAPSHOT
[WARNING] 'build.plugins.plugin.version' for org.apache.maven.plugins:maven-deploy-plugin is missing. @ com.squareup.retrofit:samples:[unknown-version], /home/travis/build/square/retrofit/samples/pom.xml, line 36, column 15
[WARNING] 
[WARNING] It is highly recommended to fix these problems because they threaten the stability of your build.
[WARNING] 
[WARNING] For this reason, future Maven versions might no longer support building such malformed projects.
[WARNING] 
[INFO] ------------------------------------------------------------------------
[INFO] Reactor Build Order:
[INFO] 
[INFO] Retrofit (Parent)
[INFO] Retrofit
[INFO] Adapters
[INFO] Adapter: RxJava
[INFO] Retrofit Mock Adapter
[INFO] Adapter: RxJava Mock
[INFO] Converters
[INFO] Converter: Gson
[INFO] Converter: Protocol Buffers
[INFO] Converter: Jackson
[INFO] Converter: Wire Protocol Buffers
[INFO] Converter: SimpleXML
[INFO] Converter: Moshi
[INFO] Samples
[INFO]                                                                         
[INFO] ------------------------------------------------------------------------
[INFO] Building Retrofit (Parent) 2.0.0-SNAPSHOT
[INFO] ------------------------------------------------------------------------
[INFO] 
[INFO] --- maven-enforcer-plugin:1.0:enforce (enforce-maven) @ parent ---
[INFO] 
[INFO] --- maven-checkstyle-plugin:2.15:checkstyle (default) @ parent ---
[INFO] 
[INFO] --- maven-install-plugin:2.4:install (default-install) @ parent ---
[INFO] Installing /home/travis/build/square/retrofit/pom.xml to /home/travis/.m2/repository/com/squareup/retrofit/parent/2.0.0-SNAPSHOT/parent-2.0.0-SNAPSHOT.pom
[INFO]                                                                         
[INFO] ------------------------------------------------------------------------
[INFO] Building Retrofit 2.0.0-SNAPSHOT
[INFO] ------------------------------------------------------------------------
[INFO] Downloading: https://repository.apache.org/snapshots/com/squareup/okhttp/okhttp/2.5.0-SNAPSHOT/maven-metadata.xml
[INFO] Downloading: https://repository.apache.org/snapshots/com/squareup/okhttp/parent/2.5.0-SNAPSHOT/maven-metadata.xml
[INFO] Downloading: https://repository.apache.org/snapshots/com/squareup/okhttp/mockwebserver/2.5.0-SNAPSHOT/maven-metadata.xml
[INFO] Downloading: https://repository.apache.org/snapshots/com/squareup/okhttp/okhttp-ws/2.5.0-SNAPSHOT/maven-metadata.xml
[INFO] 
[INFO] --- maven-enforcer-plugin:1.0:enforce (enforce-maven) @ retrofit ---
[INFO] 
[INFO] --- maven-resources-plugin:2.6:resources (default-resources) @ retrofit ---
[INFO] Using 'UTF-8' encoding to copy filtered resources.
[INFO] skip non existing resourceDirectory /home/travis/build/square/retrofit/retrofit/src/main/resources
[INFO] 
[INFO] --- maven-compiler-plugin:3.0:compile (default-compile) @ retrofit ---
[INFO] Changes detected - recompiling the module!
[INFO] Compiling 45 source files to /home/travis/build/square/retrofit/retrofit/target/classes
[WARNING] /home/travis/build/square/retrofit/retrofit/src/main/java/retrofit/RequestBuilderAction.java: /home/travis/build/square/retrofit/retrofit/src/main/java/retrofit/RequestBuilderAction.java uses unchecked or unsafe operations.
[WARNING] /home/travis/build/square/retrofit/retrofit/src/main/java/retrofit/RequestBuilderAction.java: Recompile with -Xlint:unchecked for details.
[INFO] 
[INFO] --- maven-resources-plugin:2.6:testResources (default-testResources) @ retrofit ---
[INFO] Using 'UTF-8' encoding to copy filtered resources.
[INFO] skip non existing resourceDirectory /home/travis/build/square/retrofit/retrofit/src/test/resources
[INFO] 
[INFO] --- maven-compiler-plugin:3.0:testCompile (default-testCompile) @ retrofit ---
[INFO] Changes detected - recompiling the module!
[INFO] Compiling 7 source files to /home/travis/build/square/retrofit/retrofit/target/test-classes
[INFO] 
[INFO] --- maven-surefire-plugin:2.12.4:test (default-test) @ retrofit ---
[INFO] Tests are skipped.
[INFO] 
[INFO] --- maven-jar-plugin:2.4:jar (default-jar) @ retrofit ---
[INFO] Building jar: /home/travis/build/square/retrofit/retrofit/target/retrofit-2.0.0-SNAPSHOT.jar
[INFO] 
[INFO] --- maven-checkstyle-plugin:2.15:checkstyle (default) @ retrofit ---
[INFO] Starting audit...
/home/travis/build/square/retrofit/retrofit/src/main/java/retrofit/http/Part.java:22:8: Unused import - retrofit.Retrofit.
/home/travis/build/square/retrofit/retrofit/src/main/java/retrofit/http/PartMap.java:22:8: Unused import - retrofit.Retrofit.
Audit done.
[INFO] ------------------------------------------------------------------------
[INFO] Reactor Summary:
[INFO] 
[INFO] Retrofit (Parent) .................................. SUCCESS [  2.559 s]
[INFO] Retrofit ........................................... FAILURE [  8.491 s]
[INFO] Adapters ........................................... SKIPPED
[INFO] Adapter: RxJava .................................... SKIPPED
[INFO] Retrofit Mock Adapter .............................. SKIPPED
[INFO] Adapter: RxJava Mock ............................... SKIPPED
[INFO] Converters ......................................... SKIPPED
[INFO] Converter: Gson .................................... SKIPPED
[INFO] Converter: Protocol Buffers ........................ SKIPPED
[INFO] Converter: Jackson ................................. SKIPPED
[INFO] Converter: Wire Protocol Buffers ................... SKIPPED
[INFO] Converter: SimpleXML ............................... SKIPPED
[INFO] Converter: Moshi ................................... SKIPPED
[INFO] Samples ............................................ SKIPPED
[INFO] ------------------------------------------------------------------------
[INFO] BUILD FAILURE
[INFO] ------------------------------------------------------------------------
[INFO] Total time: 11.597 s
[INFO] Finished at: 2015-08-22T13:37:05+00:00
[INFO] Final Memory: 30M/465M
[INFO] ------------------------------------------------------------------------
[ERROR] Failed to execute goal org.apache.maven.plugins:maven-checkstyle-plugin:2.15:checkstyle (default) on project retrofit: An error has occurred in Checkstyle report generation. Failed during checkstyle execution: There are 2 errors reported by Checkstyle 6.1.1 with checkstyle.xml ruleset. -> [Help 1]
[ERROR] 
[ERROR] To see the full stack trace of the errors, re-run Maven with the -e switch.
[ERROR] Re-run Maven using the -X switch to enable full debug logging.
[ERROR] 
[ERROR] For more information about the errors and possible solutions, please read the following articles:
[ERROR] [Help 1] http://cwiki.apache.org/confluence/display/MAVEN/MojoExecutionException
[ERROR] 
[ERROR] After correcting the problems, you can resume the build with the command
[ERROR]   mvn <goals> -rf :retrofit

[31;1mThe command "eval mvn install -DskipTests=true -Dmaven.javadoc.skip=true -B -V" failed. Retrying, 3 of 3.[0m

Apache Maven 3.2.5 (12a6b3acb947671f09b81f49094c53f426d8cea1; 2014-12-14T17:29:23+00:00)
Maven home: /usr/local/maven
Java version: 1.7.0_76, vendor: Oracle Corporation
Java home: /usr/lib/jvm/java-7-oracle/jre
Default locale: en_US, platform encoding: UTF-8
OS name: "linux", version: "3.13.0-40-generic", arch: "amd64", family: "unix"
[INFO] Scanning for projects...
[WARNING] 
[WARNING] Some problems were encountered while building the effective model for com.squareup.retrofit:samples:jar:2.0.0-SNAPSHOT
[WARNING] 'build.plugins.plugin.version' for org.apache.maven.plugins:maven-deploy-plugin is missing. @ com.squareup.retrofit:samples:[unknown-version], /home/travis/build/square/retrofit/samples/pom.xml, line 36, column 15
[WARNING] 
[WARNING] It is highly recommended to fix these problems because they threaten the stability of your build.
[WARNING] 
[WARNING] For this reason, future Maven versions might no longer support building such malformed projects.
[WARNING] 
[INFO] ------------------------------------------------------------------------
[INFO] Reactor Build Order:
[INFO] 
[INFO] Retrofit (Parent)
[INFO] Retrofit
[INFO] Adapters
[INFO] Adapter: RxJava
[INFO] Retrofit Mock Adapter
[INFO] Adapter: RxJava Mock
[INFO] Converters
[INFO] Converter: Gson
[INFO] Converter: Protocol Buffers
[INFO] Converter: Jackson
[INFO] Converter: Wire Protocol Buffers
[INFO] Converter: SimpleXML
[INFO] Converter: Moshi
[INFO] Samples
[INFO]                                                                         
[INFO] ------------------------------------------------------------------------
[INFO] Building Retrofit (Parent) 2.0.0-SNAPSHOT
[INFO] ------------------------------------------------------------------------
[INFO] 
[INFO] --- maven-enforcer-plugin:1.0:enforce (enforce-maven) @ parent ---
[INFO] 
[INFO] --- maven-checkstyle-plugin:2.15:checkstyle (default) @ parent ---
[INFO] 
[INFO] --- maven-install-plugin:2.4:install (default-install) @ parent ---
[INFO] Installing /home/travis/build/square/retrofit/pom.xml to /home/travis/.m2/repository/com/squareup/retrofit/parent/2.0.0-SNAPSHOT/parent-2.0.0-SNAPSHOT.pom
[INFO]                                                                         
[INFO] ------------------------------------------------------------------------
[INFO] Building Retrofit 2.0.0-SNAPSHOT
[INFO] ------------------------------------------------------------------------
[INFO] Downloading: https://repository.apache.org/snapshots/com/squareup/okhttp/okhttp/2.5.0-SNAPSHOT/maven-metadata.xml
[INFO] Downloading: https://repository.apache.org/snapshots/com/squareup/okhttp/parent/2.5.0-SNAPSHOT/maven-metadata.xml
[INFO] Downloading: https://repository.apache.org/snapshots/com/squareup/okhttp/mockwebserver/2.5.0-SNAPSHOT/maven-metadata.xml
[INFO] Downloading: https://repository.apache.org/snapshots/com/squareup/okhttp/okhttp-ws/2.5.0-SNAPSHOT/maven-metadata.xml
[INFO] 
[INFO] --- maven-enforcer-plugin:1.0:enforce (enforce-maven) @ retrofit ---
[INFO] 
[INFO] --- maven-resources-plugin:2.6:resources (default-resources) @ retrofit ---
[INFO] Using 'UTF-8' encoding to copy filtered resources.
[INFO] skip non existing resourceDirectory /home/travis/build/square/retrofit/retrofit/src/main/resources
[INFO] 
[INFO] --- maven-compiler-plugin:3.0:compile (default-compile) @ retrofit ---
[INFO] Changes detected - recompiling the module!
[INFO] Compiling 45 source files to /home/travis/build/square/retrofit/retrofit/target/classes
[WARNING] /home/travis/build/square/retrofit/retrofit/src/main/java/retrofit/RequestBuilderAction.java: /home/travis/build/square/retrofit/retrofit/src/main/java/retrofit/RequestBuilderAction.java uses unchecked or unsafe operations.
[WARNING] /home/travis/build/square/retrofit/retrofit/src/main/java/retrofit/RequestBuilderAction.java: Recompile with -Xlint:unchecked for details.
[INFO] 
[INFO] --- maven-resources-plugin:2.6:testResources (default-testResources) @ retrofit ---
[INFO] Using 'UTF-8' encoding to copy filtered resources.
[INFO] skip non existing resourceDirectory /home/travis/build/square/retrofit/retrofit/src/test/resources
[INFO] 
[INFO] --- maven-compiler-plugin:3.0:testCompile (default-testCompile) @ retrofit ---
[INFO] Changes detected - recompiling the module!
[INFO] Compiling 7 source files to /home/travis/build/square/retrofit/retrofit/target/test-classes
[INFO] 
[INFO] --- maven-surefire-plugin:2.12.4:test (default-test) @ retrofit ---
[INFO] Tests are skipped.
[INFO] 
[INFO] --- maven-jar-plugin:2.4:jar (default-jar) @ retrofit ---
[INFO] Building jar: /home/travis/build/square/retrofit/retrofit/target/retrofit-2.0.0-SNAPSHOT.jar
[INFO] 
[INFO] --- maven-checkstyle-plugin:2.15:checkstyle (default) @ retrofit ---
[INFO] Starting audit...
/home/travis/build/square/retrofit/retrofit/src/main/java/retrofit/http/Part.java:22:8: Unused import - retrofit.Retrofit.
/home/travis/build/square/retrofit/retrofit/src/main/java/retrofit/http/PartMap.java:22:8: Unused import - retrofit.Retrofit.
Audit done.
[INFO] ------------------------------------------------------------------------
[INFO] Reactor Summary:
[INFO] 
[INFO] Retrofit (Parent) .................................. SUCCESS [  2.723 s]
[INFO] Retrofit ........................................... FAILURE [  7.944 s]
[INFO] Adapters ........................................... SKIPPED
[INFO] Adapter: RxJava .................................... SKIPPED
[INFO] Retrofit Mock Adapter .............................. SKIPPED
[INFO] Adapter: RxJava Mock ............................... SKIPPED
[INFO] Converters ......................................... SKIPPED
[INFO] Converter: Gson .................................... SKIPPED
[INFO] Converter: Protocol Buffers ........................ SKIPPED
[INFO] Converter: Jackson ................................. SKIPPED
[INFO] Converter: Wire Protocol Buffers ................... SKIPPED
[INFO] Converter: SimpleXML ............................... SKIPPED
[INFO] Converter: Moshi ................................... SKIPPED
[INFO] Samples ............................................ SKIPPED
[INFO] ------------------------------------------------------------------------
[INFO] BUILD FAILURE
[INFO] ------------------------------------------------------------------------
[INFO] Total time: 11.214 s
[INFO] Finished at: 2015-08-22T13:37:20+00:00
[INFO] Final Memory: 30M/465M
[INFO] ------------------------------------------------------------------------
[ERROR] Failed to execute goal org.apache.maven.plugins:maven-checkstyle-plugin:2.15:checkstyle (default) on project retrofit: An error has occurred in Checkstyle report generation. Failed during checkstyle execution: There are 2 errors reported by Checkstyle 6.1.1 with checkstyle.xml ruleset. -> [Help 1]
[ERROR] 
[ERROR] To see the full stack trace of the errors, re-run Maven with the -e switch.
[ERROR] Re-run Maven using the -X switch to enable full debug logging.
[ERROR] 
[ERROR] For more information about the errors and possible solutions, please read the following articles:
[ERROR] [Help 1] http://cwiki.apache.org/confluence/display/MAVEN/MojoExecutionException
[ERROR] 
[ERROR] After correcting the problems, you can resume the build with the command
[ERROR]   mvn <goals> -rf :retrofit

[31;1mThe command "eval mvn install -DskipTests=true -Dmaven.javadoc.skip=true -B -V" failed 3 times.[0m

travis_time:end:050e18d4:start=1440250595965147904,finish=1440250642197531870,duration=46232383966[0K
[31;1mThe command "mvn install -DskipTests=true -Dmaven.javadoc.skip=true -B -V" failed and exited with 1 during .[0m

Your build has been stopped.
