Using worker: worker-linux-docker-ba2a7653.prod.travis-ci.org:travis-linux-2

travis_fold:start:system_info[0K[33;1mBuild system information[0m
Build language: java
[34m[1mBuild image provisioning date and time[0m
Thu Feb  5 15:09:33 UTC 2015
[34m[1mOperating System Details[0m
Distributor ID:	Ubuntu
Description:	Ubuntu 12.04.5 LTS
Release:	12.04
Codename:	precise
[34m[1mLinux Version[0m
3.13.0-29-generic
[34m[1mCookbooks Version[0m
a68419e https://github.com/travis-ci/travis-cookbooks/tree/a68419e
[34m[1mGCC version[0m
gcc (Ubuntu/Linaro 4.6.3-1ubuntu5) 4.6.3
Copyright (C) 2011 Free Software Foundation, Inc.
This is free software; see the source for copying conditions.  There is NO
warranty; not even for MERCHANTABILITY or FITNESS FOR A PARTICULAR PURPOSE.

[34m[1mLLVM version[0m
clang version 3.4 (tags/RELEASE_34/final)
Target: x86_64-unknown-linux-gnu
Thread model: posix
[34m[1mPre-installed Ruby versions[0m
ruby-1.9.3-p551
[34m[1mPre-installed Node.js versions[0m
v0.10.36
[34m[1mPre-installed Go versions[0m
1.4.1
[34m[1mRedis version[0m
redis-server 2.8.19
[34m[1mriak version[0m
2.0.2
[34m[1mMongoDB version[0m
MongoDB 2.4.12
[34m[1mCouchDB version[0m
couchdb 1.6.1
[34m[1mNeo4j version[0m
1.9.4
[34m[1mRabbitMQ Version[0m
3.4.3
[34m[1mElasticSearch version[0m
1.4.0
[34m[1mInstalled Sphinx versions[0m
2.0.10
2.1.9
2.2.6
[34m[1mDefault Sphinx version[0m
2.2.6
[34m[1mInstalled Firefox version[0m
firefox 31.0esr
[34m[1mPhantomJS version[0m
1.9.8
[34m[1mant -version[0m
Apache Ant(TM) version 1.8.2 compiled on December 3 2011
[34m[1mmvn -version[0m
Apache Maven 3.2.5 (12a6b3acb947671f09b81f49094c53f426d8cea1; 2014-12-14T17:29:23+00:00)
Maven home: /usr/local/maven
Java version: 1.7.0_76, vendor: Oracle Corporation
Java home: /usr/lib/jvm/java-7-oracle/jre
Default locale: en_US, platform encoding: ANSI_X3.4-1968
OS name: "linux", version: "3.13.0-29-generic", arch: "amd64", family: "unix"
travis_fold:end:system_info[0K
travis_fold:start:git.checkout[0Ktravis_time:start:224907db[0K$ git clone --depth=50 --branch=master https://github.com/square/retrofit.git square/retrofit
Cloning into 'square/retrofit'...
remote: Counting objects: 1346, done.[K
remote: Compressing objects:   0% (1/615)   [Kremote: Compressing objects:   1% (7/615)   [Kremote: Compressing objects:   2% (13/615)   [Kremote: Compressing objects:   3% (19/615)   [Kremote: Compressing objects:   4% (25/615)   [Kremote: Compressing objects:   5% (31/615)   [Kremote: Compressing objects:   6% (37/615)   [Kremote: Compressing objects:   7% (44/615)   [Kremote: Compressing objects:   8% (50/615)   [Kremote: Compressing objects:   9% (56/615)   [Kremote: Compressing objects:  10% (62/615)   [Kremote: Compressing objects:  11% (68/615)   [Kremote: Compressing objects:  12% (74/615)   [Kremote: Compressing objects:  13% (80/615)   [Kremote: Compressing objects:  14% (87/615)   [Kremote: Compressing objects:  15% (93/615)   [Kremote: Compressing objects:  16% (99/615)   [Kremote: Compressing objects:  17% (105/615)   [Kremote: Compressing objects:  18% (111/615)   [Kremote: Compressing objects:  19% (117/615)   [Kremote: Compressing objects:  20% (123/615)   [Kremote: Compressing objects:  21% (130/615)   [Kremote: Compressing objects:  22% (136/615)   [Kremote: Compressing objects:  23% (142/615)   [Kremote: Compressing objects:  24% (148/615)   [Kremote: Compressing objects:  25% (154/615)   [Kremote: Compressing objects:  26% (160/615)   [Kremote: Compressing objects:  27% (167/615)   [Kremote: Compressing objects:  28% (173/615)   [Kremote: Compressing objects:  29% (179/615)   [Kremote: Compressing objects:  30% (185/615)   [Kremote: Compressing objects:  31% (191/615)   [Kremote: Compressing objects:  32% (197/615)   [Kremote: Compressing objects:  33% (203/615)   [Kremote: Compressing objects:  34% (210/615)   [Kremote: Compressing objects:  35% (216/615)   [Kremote: Compressing objects:  36% (222/615)   [Kremote: Compressing objects:  37% (228/615)   [Kremote: Compressing objects:  38% (234/615)   [Kremote: Compressing objects:  39% (240/615)   [Kremote: Compressing objects:  40% (246/615)   [Kremote: Compressing objects:  41% (253/615)   [Kremote: Compressing objects:  42% (259/615)   [Kremote: Compressing objects:  43% (265/615)   [Kremote: Compressing objects:  44% (271/615)   [Kremote: Compressing objects:  45% (277/615)   [Kremote: Compressing objects:  46% (283/615)   [Kremote: Compressing objects:  47% (290/615)   [Kremote: Compressing objects:  48% (296/615)   [Kremote: Compressing objects:  49% (302/615)   [Kremote: Compressing objects:  50% (308/615)   [Kremote: Compressing objects:  51% (314/615)   [Kremote: Compressing objects:  52% (320/615)   [Kremote: Compressing objects:  53% (326/615)   [Kremote: Compressing objects:  54% (333/615)   [Kremote: Compressing objects:  55% (339/615)   [Kremote: Compressing objects:  56% (345/615)   [Kremote: Compressing objects:  57% (351/615)   [Kremote: Compressing objects:  58% (357/615)   [Kremote: Compressing objects:  59% (363/615)   [Kremote: Compressing objects:  60% (369/615)   [Kremote: Compressing objects:  61% (376/615)   [Kremote: Compressing objects:  62% (382/615)   [Kremote: Compressing objects:  63% (388/615)   [Kremote: Compressing objects:  64% (394/615)   [Kremote: Compressing objects:  65% (400/615)   [Kremote: Compressing objects:  66% (406/615)   [Kremote: Compressing objects:  67% (413/615)   [Kremote: Compressing objects:  68% (419/615)   [Kremote: Compressing objects:  69% (425/615)   [Kremote: Compressing objects:  70% (431/615)   [Kremote: Compressing objects:  71% (437/615)   [Kremote: Compressing objects:  72% (443/615)   [Kremote: Compressing objects:  73% (449/615)   [Kremote: Compressing objects:  74% (456/615)   [Kremote: Compressing objects:  75% (462/615)   [Kremote: Compressing objects:  76% (468/615)   [Kremote: Compressing objects:  77% (474/615)   [Kremote: Compressing objects:  78% (480/615)   [Kremote: Compressing objects:  79% (486/615)   [Kremote: Compressing objects:  80% (492/615)   [Kremote: Compressing objects:  81% (499/615)   [Kremote: Compressing objects:  82% (505/615)   [Kremote: Compressing objects:  83% (511/615)   [Kremote: Compressing objects:  84% (517/615)   [Kremote: Compressing objects:  85% (523/615)   [Kremote: Compressing objects:  86% (529/615)   [Kremote: Compressing objects:  87% (536/615)   [Kremote: Compressing objects:  88% (542/615)   [Kremote: Compressing objects:  89% (548/615)   [Kremote: Compressing objects:  90% (554/615)   [Kremote: Compressing objects:  91% (560/615)   [Kremote: Compressing objects:  92% (566/615)   [Kremote: Compressing objects:  93% (572/615)   [Kremote: Compressing objects:  94% (579/615)   [Kremote: Compressing objects:  95% (585/615)   [Kremote: Compressing objects:  96% (591/615)   [Kremote: Compressing objects:  97% (597/615)   [Kremote: Compressing objects:  98% (603/615)   [Kremote: Compressing objects:  99% (609/615)   [Kremote: Compressing objects: 100% (615/615)   [Kremote: Compressing objects: 100% (615/615), done.[K
Receiving objects:   0% (1/1346)   Receiving objects:   1% (14/1346)   Receiving objects:   2% (27/1346)   Receiving objects:   3% (41/1346)   Receiving objects:   4% (54/1346)   Receiving objects:   5% (68/1346)   Receiving objects:   6% (81/1346)   Receiving objects:   7% (95/1346)   Receiving objects:   8% (108/1346)   Receiving objects:   9% (122/1346)   Receiving objects:  10% (135/1346)   Receiving objects:  11% (149/1346)   Receiving objects:  12% (162/1346)   Receiving objects:  13% (175/1346)   Receiving objects:  14% (189/1346)   Receiving objects:  15% (202/1346)   Receiving objects:  16% (216/1346)   Receiving objects:  17% (229/1346)   Receiving objects:  18% (243/1346)   Receiving objects:  19% (256/1346)   Receiving objects:  20% (270/1346)   Receiving objects:  21% (283/1346)   Receiving objects:  22% (297/1346)   Receiving objects:  23% (310/1346)   Receiving objects:  24% (324/1346)   Receiving objects:  25% (337/1346)   Receiving objects:  26% (350/1346)   Receiving objects:  27% (364/1346)   Receiving objects:  28% (377/1346)   Receiving objects:  29% (391/1346)   Receiving objects:  30% (404/1346)   Receiving objects:  31% (418/1346)   Receiving objects:  32% (431/1346)   Receiving objects:  33% (445/1346)   Receiving objects:  34% (458/1346)   Receiving objects:  35% (472/1346)   Receiving objects:  36% (485/1346)   Receiving objects:  37% (499/1346)   Receiving objects:  38% (512/1346)   Receiving objects:  39% (525/1346)   Receiving objects:  40% (539/1346)   Receiving objects:  41% (552/1346)   Receiving objects:  42% (566/1346)   Receiving objects:  43% (579/1346)   Receiving objects:  44% (593/1346)   Receiving objects:  45% (606/1346)   Receiving objects:  46% (620/1346)   Receiving objects:  47% (633/1346)   Receiving objects:  48% (647/1346)   Receiving objects:  49% (660/1346)   Receiving objects:  50% (673/1346)   Receiving objects:  51% (687/1346)   Receiving objects:  52% (700/1346)   Receiving objects:  53% (714/1346)   Receiving objects:  54% (727/1346)   Receiving objects:  55% (741/1346)   remote: Total 1346 (delta 514), reused 1187 (delta 397), pack-reused 0[K
Receiving objects:  56% (754/1346)   Receiving objects:  57% (768/1346)   Receiving objects:  58% (781/1346)   Receiving objects:  59% (795/1346)   Receiving objects:  60% (808/1346)   Receiving objects:  61% (822/1346)   Receiving objects:  62% (835/1346)   Receiving objects:  63% (848/1346)   Receiving objects:  64% (862/1346)   Receiving objects:  65% (875/1346)   Receiving objects:  66% (889/1346)   Receiving objects:  67% (902/1346)   Receiving objects:  68% (916/1346)   Receiving objects:  69% (929/1346)   Receiving objects:  70% (943/1346)   Receiving objects:  71% (956/1346)   Receiving objects:  72% (970/1346)   Receiving objects:  73% (983/1346)   Receiving objects:  74% (997/1346)   Receiving objects:  75% (1010/1346)   Receiving objects:  76% (1023/1346)   Receiving objects:  77% (1037/1346)   Receiving objects:  78% (1050/1346)   Receiving objects:  79% (1064/1346)   Receiving objects:  80% (1077/1346)   Receiving objects:  81% (1091/1346)   Receiving objects:  82% (1104/1346)   Receiving objects:  83% (1118/1346)   Receiving objects:  84% (1131/1346)   Receiving objects:  85% (1145/1346)   Receiving objects:  86% (1158/1346)   Receiving objects:  87% (1172/1346)   Receiving objects:  88% (1185/1346)   Receiving objects:  89% (1198/1346)   Receiving objects:  90% (1212/1346)   Receiving objects:  91% (1225/1346)   Receiving objects:  92% (1239/1346)   Receiving objects:  93% (1252/1346)   Receiving objects:  94% (1266/1346)   Receiving objects:  95% (1279/1346)   Receiving objects:  96% (1293/1346)   Receiving objects:  97% (1306/1346)   Receiving objects:  98% (1320/1346)   Receiving objects:  99% (1333/1346)   Receiving objects: 100% (1346/1346)   Receiving objects: 100% (1346/1346), 302.38 KiB | 0 bytes/s, done.
Resolving deltas:   0% (0/514)   Resolving deltas:   7% (41/514)   Resolving deltas:   8% (42/514)   Resolving deltas:   9% (48/514)   Resolving deltas:  11% (58/514)   Resolving deltas:  12% (65/514)   Resolving deltas:  13% (71/514)   Resolving deltas:  20% (106/514)   Resolving deltas:  21% (110/514)   Resolving deltas:  22% (114/514)   Resolving deltas:  25% (129/514)   Resolving deltas:  26% (134/514)   Resolving deltas:  27% (141/514)   Resolving deltas:  28% (145/514)   Resolving deltas:  29% (151/514)   Resolving deltas:  35% (185/514)   Resolving deltas:  37% (194/514)   Resolving deltas:  39% (204/514)   Resolving deltas:  42% (217/514)   Resolving deltas:  44% (227/514)   Resolving deltas:  45% (236/514)   Resolving deltas:  46% (240/514)   Resolving deltas:  47% (246/514)   Resolving deltas:  48% (248/514)   Resolving deltas:  49% (252/514)   Resolving deltas:  50% (258/514)   Resolving deltas:  51% (263/514)   Resolving deltas:  52% (269/514)   Resolving deltas:  53% (275/514)   Resolving deltas:  54% (282/514)   Resolving deltas:  56% (289/514)   Resolving deltas:  57% (293/514)   Resolving deltas:  58% (299/514)   Resolving deltas:  59% (304/514)   Resolving deltas:  60% (312/514)   Resolving deltas:  61% (314/514)   Resolving deltas:  64% (330/514)   Resolving deltas:  65% (336/514)   Resolving deltas:  66% (341/514)   Resolving deltas:  67% (346/514)   Resolving deltas:  70% (361/514)   Resolving deltas:  71% (370/514)   Resolving deltas:  75% (389/514)   Resolving deltas:  76% (394/514)   Resolving deltas:  78% (401/514)   Resolving deltas:  80% (415/514)   Resolving deltas:  81% (417/514)   Resolving deltas:  83% (430/514)   Resolving deltas:  84% (434/514)   Resolving deltas:  85% (437/514)   Resolving deltas:  86% (446/514)   Resolving deltas:  87% (448/514)   Resolving deltas:  88% (453/514)   Resolving deltas:  89% (461/514)   Resolving deltas:  93% (483/514)   Resolving deltas:  94% (485/514)   Resolving deltas:  96% (496/514)   Resolving deltas:  97% (502/514)   Resolving deltas:  98% (504/514)   Resolving deltas:  99% (510/514)   Resolving deltas: 100% (514/514)   Resolving deltas: 100% (514/514), done.
Checking connectivity... done.
travis_time:end:224907db:start=1444429769392799486,finish=1444429770646555174,duration=1253755688[0K$ cd square/retrofit
$ git checkout -qf 9f52aeb5ccaee92651fb3fcdce5c495d804aec88
travis_fold:end:git.checkout[0K
[33;1mThis job is running on container-based infrastructure, which does not allow use of 'sudo', setuid and setguid executables.[0m
[33;1mIf you require sudo, add 'sudo: required' to your .travis.yml[0m
[33;1mSee http://docs.travis-ci.com/user/workers/container-based-infrastructure/ for details.[0m

[33;1mSetting environment variables from .travis.yml[0m
$ export CI_DEPLOY_USERNAME=[secure]
$ export CI_DEPLOY_PASSWORD=[secure]

travis_fold:start:cache.1[0KSetting up build cache
$ export CASHER_DIR=$HOME/.casher
travis_time:start:023e8610[0K$ Installing caching utilities
travis_time:end:023e8610:start=1444429772587186296,finish=1444429772626340637,duration=39154341[0Ktravis_time:start:11221d94[0Kattempting to download cache archive
fetching master/cache--jdk-oraclejdk8.tgz
found cache
travis_time:end:11221d94:start=1444429772632142487,finish=1444429773935417409,duration=1303274922[0Ktravis_time:start:143f588f[0Kadding /home/travis/.m2 to cache
travis_time:end:143f588f:start=1444429773940049337,finish=1444429777173813085,duration=3233763748[0Ktravis_fold:end:cache.1[0K$ jdk_switcher use oraclejdk8
Switching to Oracle JDK8 (java-8-oracle), JAVA_HOME will be set to /usr/lib/jvm/java-8-oracle
$ java -Xmx32m -version
java version "1.8.0_31"
Java(TM) SE Runtime Environment (build 1.8.0_31-b13)
Java HotSpot(TM) 64-Bit Server VM (build 25.31-b07, mixed mode)
$ javac -J-Xmx32m -version
javac 1.8.0_31
travis_fold:start:install[0Ktravis_time:start:070b6f20[0K$ mvn install -DskipTests=true -Dmaven.javadoc.skip=true -B -V
Java HotSpot(TM) 64-Bit Server VM warning: ignoring option MaxPermSize=192m; support was removed in 8.0
Apache Maven 3.2.5 (12a6b3acb947671f09b81f49094c53f426d8cea1; 2014-12-14T17:29:23+00:00)
Maven home: /usr/local/maven
Java version: 1.8.0_31, vendor: Oracle Corporation
Java home: /usr/lib/jvm/java-8-oracle/jre
Default locale: en_US, platform encoding: UTF-8
OS name: "linux", version: "3.13.0-40-generic", arch: "amd64", family: "unix"
[INFO] Scanning for projects...
[WARNING] 
[WARNING] Some problems were encountered while building the effective model for com.squareup.retrofit:samples:jar:2.0.0-SNAPSHOT
[WARNING] 'build.plugins.plugin.version' for org.apache.maven.plugins:maven-deploy-plugin is missing. @ com.squareup.retrofit:samples:[unknown-version], /home/travis/build/square/retrofit/samples/pom.xml, line 45, column 15
[WARNING] 
[WARNING] It is highly recommended to fix these problems because they threaten the stability of your build.
[WARNING] 
[WARNING] For this reason, future Maven versions might no longer support building such malformed projects.
[WARNING] 
[INFO] ------------------------------------------------------------------------
[INFO] Reactor Build Order:
[INFO] 
[INFO] Retrofit (Parent)
[INFO] Retrofit
[INFO] Adapters
[INFO] Adapter: RxJava
[INFO] Retrofit Mock Adapter
[INFO] Adapter: RxJava Mock
[INFO] Converters
[INFO] Converter: Gson
[INFO] Converter: Protocol Buffers
[INFO] Converter: Jackson
[INFO] Converter: Wire Protocol Buffers
[INFO] Converter: SimpleXML
[INFO] Converter: Moshi
[INFO] Samples
[INFO]                                                                         
[INFO] ------------------------------------------------------------------------
[INFO] Building Retrofit (Parent) 2.0.0-SNAPSHOT
[INFO] ------------------------------------------------------------------------
[INFO] 
[INFO] --- maven-enforcer-plugin:1.0:enforce (enforce-maven) @ parent ---
[INFO] 
[INFO] --- animal-sniffer-maven-plugin:1.14:check (default) @ parent ---
[INFO] Checking unresolved references to org.codehaus.mojo.signature:java16:1.1
[INFO] 
[INFO] --- maven-checkstyle-plugin:2.15:checkstyle (default) @ parent ---
[INFO] 
[INFO] --- maven-install-plugin:2.4:install (default-install) @ parent ---
[INFO] Installing /home/travis/build/square/retrofit/pom.xml to /home/travis/.m2/repository/com/squareup/retrofit/parent/2.0.0-SNAPSHOT/parent-2.0.0-SNAPSHOT.pom
[INFO]                                                                         
[INFO] ------------------------------------------------------------------------
[INFO] Building Retrofit 2.0.0-SNAPSHOT
[INFO] ------------------------------------------------------------------------
[INFO] 
[INFO] --- maven-enforcer-plugin:1.0:enforce (enforce-maven) @ retrofit ---
[INFO] 
[INFO] --- maven-resources-plugin:2.6:resources (default-resources) @ retrofit ---
[INFO] Using 'UTF-8' encoding to copy filtered resources.
[INFO] skip non existing resourceDirectory /home/travis/build/square/retrofit/retrofit/src/main/resources
[INFO] 
[INFO] --- maven-compiler-plugin:3.0:compile (default-compile) @ retrofit ---
[INFO] Changes detected - recompiling the module!
[INFO] Compiling 41 source files to /home/travis/build/square/retrofit/retrofit/target/classes
[WARNING] /home/travis/build/square/retrofit/retrofit/src/main/java/retrofit/Retrofit.java: Some input files use unchecked or unsafe operations.
[WARNING] /home/travis/build/square/retrofit/retrofit/src/main/java/retrofit/Retrofit.java: Recompile with -Xlint:unchecked for details.
[INFO] 
[INFO] --- maven-resources-plugin:2.6:testResources (default-testResources) @ retrofit ---
[INFO] Using 'UTF-8' encoding to copy filtered resources.
[INFO] skip non existing resourceDirectory /home/travis/build/square/retrofit/retrofit/src/test/resources
[INFO] 
[INFO] --- maven-compiler-plugin:3.0:testCompile (default-testCompile) @ retrofit ---
[INFO] Changes detected - recompiling the module!
[INFO] Compiling 7 source files to /home/travis/build/square/retrofit/retrofit/target/test-classes
[WARNING] /home/travis/build/square/retrofit/retrofit/src/test/java/retrofit/RetrofitTest.java: /home/travis/build/square/retrofit/retrofit/src/test/java/retrofit/RetrofitTest.java uses unchecked or unsafe operations.
[WARNING] /home/travis/build/square/retrofit/retrofit/src/test/java/retrofit/RetrofitTest.java: Recompile with -Xlint:unchecked for details.
[INFO] 
[INFO] --- maven-surefire-plugin:2.12.4:test (default-test) @ retrofit ---
[INFO] Tests are skipped.
[INFO] 
[INFO] --- animal-sniffer-maven-plugin:1.14:check (default) @ retrofit ---
[INFO] Checking unresolved references to org.codehaus.mojo.signature:java16:1.1
[INFO] 
[INFO] --- maven-jar-plugin:2.4:jar (default-jar) @ retrofit ---
[INFO] Building jar: /home/travis/build/square/retrofit/retrofit/target/retrofit-2.0.0-SNAPSHOT.jar
[INFO] 
[INFO] --- maven-checkstyle-plugin:2.15:checkstyle (default) @ retrofit ---
[INFO] Starting audit...
Audit done.
[WARNING] Unable to locate Source XRef to link to - DISABLED
[INFO] 
[INFO] --- maven-install-plugin:2.4:install (default-install) @ retrofit ---
[INFO] Installing /home/travis/build/square/retrofit/retrofit/target/retrofit-2.0.0-SNAPSHOT.jar to /home/travis/.m2/repository/com/squareup/retrofit/retrofit/2.0.0-SNAPSHOT/retrofit-2.0.0-SNAPSHOT.jar
[INFO] Installing /home/travis/build/square/retrofit/retrofit/pom.xml to /home/travis/.m2/repository/com/squareup/retrofit/retrofit/2.0.0-SNAPSHOT/retrofit-2.0.0-SNAPSHOT.pom
[INFO]                                                                         
[INFO] ------------------------------------------------------------------------
[INFO] Building Adapters 2.0.0-SNAPSHOT
[INFO] ------------------------------------------------------------------------
[INFO] 
[INFO] --- maven-enforcer-plugin:1.0:enforce (enforce-maven) @ retrofit-adapters ---
[INFO] 
[INFO] --- animal-sniffer-maven-plugin:1.14:check (default) @ retrofit-adapters ---
[INFO] Checking unresolved references to org.codehaus.mojo.signature:java16:1.1
[INFO] 
[INFO] --- maven-checkstyle-plugin:2.15:checkstyle (default) @ retrofit-adapters ---
[INFO] 
[INFO] --- maven-install-plugin:2.4:install (default-install) @ retrofit-adapters ---
[INFO] Installing /home/travis/build/square/retrofit/retrofit-adapters/pom.xml to /home/travis/.m2/repository/com/squareup/retrofit/retrofit-adapters/2.0.0-SNAPSHOT/retrofit-adapters-2.0.0-SNAPSHOT.pom
[INFO]                                                                         
[INFO] ------------------------------------------------------------------------
[INFO] Building Adapter: RxJava 2.0.0-SNAPSHOT
[INFO] ------------------------------------------------------------------------
[INFO] 
[INFO] --- maven-enforcer-plugin:1.0:enforce (enforce-maven) @ adapter-rxjava ---
[INFO] 
[INFO] --- maven-resources-plugin:2.6:resources (default-resources) @ adapter-rxjava ---
[INFO] Using 'UTF-8' encoding to copy filtered resources.
[INFO] skip non existing resourceDirectory /home/travis/build/square/retrofit/retrofit-adapters/rxjava/src/main/resources
[INFO] 
[INFO] --- maven-compiler-plugin:3.0:compile (default-compile) @ adapter-rxjava ---
[INFO] Changes detected - recompiling the module!
[INFO] Compiling 4 source files to /home/travis/build/square/retrofit/retrofit-adapters/rxjava/target/classes
[INFO] 
[INFO] --- maven-resources-plugin:2.6:testResources (default-testResources) @ adapter-rxjava ---
[INFO] Using 'UTF-8' encoding to copy filtered resources.
[INFO] skip non existing resourceDirectory /home/travis/build/square/retrofit/retrofit-adapters/rxjava/src/test/resources
[INFO] 
[INFO] --- maven-compiler-plugin:3.0:testCompile (default-testCompile) @ adapter-rxjava ---
[INFO] Changes detected - recompiling the module!
[INFO] Compiling 2 source files to /home/travis/build/square/retrofit/retrofit-adapters/rxjava/target/test-classes
[INFO] 
[INFO] --- maven-surefire-plugin:2.12.4:test (default-test) @ adapter-rxjava ---
[INFO] Tests are skipped.
[INFO] 
[INFO] --- animal-sniffer-maven-plugin:1.14:check (default) @ adapter-rxjava ---
[INFO] Checking unresolved references to org.codehaus.mojo.signature:java16:1.1
[INFO] 
[INFO] --- maven-jar-plugin:2.4:jar (default-jar) @ adapter-rxjava ---
[INFO] Building jar: /home/travis/build/square/retrofit/retrofit-adapters/rxjava/target/adapter-rxjava-2.0.0-SNAPSHOT.jar
[INFO] 
[INFO] --- maven-checkstyle-plugin:2.15:checkstyle (default) @ adapter-rxjava ---
[INFO] Starting audit...
Audit done.
[WARNING] Unable to locate Source XRef to link to - DISABLED
[INFO] 
[INFO] --- maven-install-plugin:2.4:install (default-install) @ adapter-rxjava ---
[INFO] Installing /home/travis/build/square/retrofit/retrofit-adapters/rxjava/target/adapter-rxjava-2.0.0-SNAPSHOT.jar to /home/travis/.m2/repository/com/squareup/retrofit/adapter-rxjava/2.0.0-SNAPSHOT/adapter-rxjava-2.0.0-SNAPSHOT.jar
[INFO] Installing /home/travis/build/square/retrofit/retrofit-adapters/rxjava/pom.xml to /home/travis/.m2/repository/com/squareup/retrofit/adapter-rxjava/2.0.0-SNAPSHOT/adapter-rxjava-2.0.0-SNAPSHOT.pom
[INFO]                                                                         
[INFO] ------------------------------------------------------------------------
[INFO] Building Retrofit Mock Adapter 2.0.0-SNAPSHOT
[INFO] ------------------------------------------------------------------------
[INFO] 
[INFO] --- maven-enforcer-plugin:1.0:enforce (enforce-maven) @ retrofit-mock ---
[INFO] 
[INFO] --- maven-resources-plugin:2.6:resources (default-resources) @ retrofit-mock ---
[INFO] Using 'UTF-8' encoding to copy filtered resources.
[INFO] skip non existing resourceDirectory /home/travis/build/square/retrofit/retrofit-mock/src/main/resources
[INFO] 
[INFO] --- maven-compiler-plugin:3.0:compile (default-compile) @ retrofit-mock ---
[INFO] Changes detected - recompiling the module!
[INFO] Compiling 5 source files to /home/travis/build/square/retrofit/retrofit-mock/target/classes
[INFO] 
[INFO] --- maven-resources-plugin:2.6:testResources (default-testResources) @ retrofit-mock ---
[INFO] Using 'UTF-8' encoding to copy filtered resources.
[INFO] skip non existing resourceDirectory /home/travis/build/square/retrofit/retrofit-mock/src/test/resources
[INFO] 
[INFO] --- maven-compiler-plugin:3.0:testCompile (default-testCompile) @ retrofit-mock ---
[INFO] Changes detected - recompiling the module!
[INFO] Compiling 2 source files to /home/travis/build/square/retrofit/retrofit-mock/target/test-classes
[INFO] 
[INFO] --- maven-surefire-plugin:2.12.4:test (default-test) @ retrofit-mock ---
[INFO] Tests are skipped.
[INFO] 
[INFO] --- animal-sniffer-maven-plugin:1.14:check (default) @ retrofit-mock ---
[INFO] Checking unresolved references to org.codehaus.mojo.signature:java16:1.1
[INFO] 
[INFO] --- maven-jar-plugin:2.4:jar (default-jar) @ retrofit-mock ---
[INFO] Building jar: /home/travis/build/square/retrofit/retrofit-mock/target/retrofit-mock-2.0.0-SNAPSHOT.jar
[INFO] 
[INFO] --- maven-checkstyle-plugin:2.15:checkstyle (default) @ retrofit-mock ---
[INFO] Starting audit...
Audit done.
[WARNING] Unable to locate Source XRef to link to - DISABLED
[INFO] 
[INFO] --- maven-install-plugin:2.4:install (default-install) @ retrofit-mock ---
[INFO] Installing /home/travis/build/square/retrofit/retrofit-mock/target/retrofit-mock-2.0.0-SNAPSHOT.jar to /home/travis/.m2/repository/com/squareup/retrofit/retrofit-mock/2.0.0-SNAPSHOT/retrofit-mock-2.0.0-SNAPSHOT.jar
[INFO] Installing /home/travis/build/square/retrofit/retrofit-mock/pom.xml to /home/travis/.m2/repository/com/squareup/retrofit/retrofit-mock/2.0.0-SNAPSHOT/retrofit-mock-2.0.0-SNAPSHOT.pom
[INFO]                                                                         
[INFO] ------------------------------------------------------------------------
[INFO] Building Adapter: RxJava Mock 2.0.0-SNAPSHOT
[INFO] ------------------------------------------------------------------------
[INFO] 
[INFO] --- maven-enforcer-plugin:1.0:enforce (enforce-maven) @ adapter-rxjava-mock ---
[INFO] 
[INFO] --- maven-resources-plugin:2.6:resources (default-resources) @ adapter-rxjava-mock ---
[INFO] Using 'UTF-8' encoding to copy filtered resources.
[INFO] skip non existing resourceDirectory /home/travis/build/square/retrofit/retrofit-adapters/rxjava-mock/src/main/resources
[INFO] 
[INFO] --- maven-compiler-plugin:3.0:compile (default-compile) @ adapter-rxjava-mock ---
[INFO] Changes detected - recompiling the module!
[INFO] Compiling 2 source files to /home/travis/build/square/retrofit/retrofit-adapters/rxjava-mock/target/classes
[INFO] 
[INFO] --- maven-resources-plugin:2.6:testResources (default-testResources) @ adapter-rxjava-mock ---
[INFO] Using 'UTF-8' encoding to copy filtered resources.
[INFO] skip non existing resourceDirectory /home/travis/build/square/retrofit/retrofit-adapters/rxjava-mock/src/test/resources
[INFO] 
[INFO] --- maven-compiler-plugin:3.0:testCompile (default-testCompile) @ adapter-rxjava-mock ---
[INFO] Changes detected - recompiling the module!
[INFO] Compiling 1 source file to /home/travis/build/square/retrofit/retrofit-adapters/rxjava-mock/target/test-classes
[INFO] 
[INFO] --- maven-surefire-plugin:2.12.4:test (default-test) @ adapter-rxjava-mock ---
[INFO] Tests are skipped.
[INFO] 
[INFO] --- animal-sniffer-maven-plugin:1.14:check (default) @ adapter-rxjava-mock ---
[INFO] Checking unresolved references to org.codehaus.mojo.signature:java16:1.1
[INFO] 
[INFO] --- maven-jar-plugin:2.4:jar (default-jar) @ adapter-rxjava-mock ---
[INFO] Building jar: /home/travis/build/square/retrofit/retrofit-adapters/rxjava-mock/target/adapter-rxjava-mock-2.0.0-SNAPSHOT.jar
[INFO] 
[INFO] --- maven-checkstyle-plugin:2.15:checkstyle (default) @ adapter-rxjava-mock ---
[INFO] Starting audit...
Audit done.
[WARNING] Unable to locate Source XRef to link to - DISABLED
[INFO] 
[INFO] --- maven-install-plugin:2.4:install (default-install) @ adapter-rxjava-mock ---
[INFO] Installing /home/travis/build/square/retrofit/retrofit-adapters/rxjava-mock/target/adapter-rxjava-mock-2.0.0-SNAPSHOT.jar to /home/travis/.m2/repository/com/squareup/retrofit/adapter-rxjava-mock/2.0.0-SNAPSHOT/adapter-rxjava-mock-2.0.0-SNAPSHOT.jar
[INFO] Installing /home/travis/build/square/retrofit/retrofit-adapters/rxjava-mock/pom.xml to /home/travis/.m2/repository/com/squareup/retrofit/adapter-rxjava-mock/2.0.0-SNAPSHOT/adapter-rxjava-mock-2.0.0-SNAPSHOT.pom
[INFO]                                                                         
[INFO] ------------------------------------------------------------------------
[INFO] Building Converters 2.0.0-SNAPSHOT
[INFO] ------------------------------------------------------------------------
[INFO] 
[INFO] --- maven-enforcer-plugin:1.0:enforce (enforce-maven) @ retrofit-converters ---
[INFO] 
[INFO] --- animal-sniffer-maven-plugin:1.14:check (default) @ retrofit-converters ---
[INFO] Checking unresolved references to org.codehaus.mojo.signature:java16:1.1
[INFO] 
[INFO] --- maven-checkstyle-plugin:2.15:checkstyle (default) @ retrofit-converters ---
[INFO] 
[INFO] --- maven-install-plugin:2.4:install (default-install) @ retrofit-converters ---
[INFO] Installing /home/travis/build/square/retrofit/retrofit-converters/pom.xml to /home/travis/.m2/repository/com/squareup/retrofit/retrofit-converters/2.0.0-SNAPSHOT/retrofit-converters-2.0.0-SNAPSHOT.pom
[INFO]                                                                         
[INFO] ------------------------------------------------------------------------
[INFO] Building Converter: Gson 2.0.0-SNAPSHOT
[INFO] ------------------------------------------------------------------------
[INFO] 
[INFO] --- maven-enforcer-plugin:1.0:enforce (enforce-maven) @ converter-gson ---
[INFO] 
[INFO] --- maven-resources-plugin:2.6:resources (default-resources) @ converter-gson ---
[INFO] Using 'UTF-8' encoding to copy filtered resources.
[INFO] skip non existing resourceDirectory /home/travis/build/square/retrofit/retrofit-converters/gson/src/main/resources
[INFO] 
[INFO] --- maven-compiler-plugin:3.0:compile (default-compile) @ converter-gson ---
[INFO] Changes detected - recompiling the module!
[INFO] Compiling 3 source files to /home/travis/build/square/retrofit/retrofit-converters/gson/target/classes
[INFO] 
[INFO] --- maven-resources-plugin:2.6:testResources (default-testResources) @ converter-gson ---
[INFO] Using 'UTF-8' encoding to copy filtered resources.
[INFO] skip non existing resourceDirectory /home/travis/build/square/retrofit/retrofit-converters/gson/src/test/resources
[INFO] 
[INFO] --- maven-compiler-plugin:3.0:testCompile (default-testCompile) @ converter-gson ---
[INFO] Changes detected - recompiling the module!
[INFO] Compiling 1 source file to /home/travis/build/square/retrofit/retrofit-converters/gson/target/test-classes
[INFO] 
[INFO] --- maven-surefire-plugin:2.12.4:test (default-test) @ converter-gson ---
[INFO] Tests are skipped.
[INFO] 
[INFO] --- animal-sniffer-maven-plugin:1.14:check (default) @ converter-gson ---
[INFO] Checking unresolved references to org.codehaus.mojo.signature:java16:1.1
[INFO] 
[INFO] --- maven-jar-plugin:2.4:jar (default-jar) @ converter-gson ---
[INFO] Building jar: /home/travis/build/square/retrofit/retrofit-converters/gson/target/converter-gson-2.0.0-SNAPSHOT.jar
[INFO] 
[INFO] --- maven-checkstyle-plugin:2.15:checkstyle (default) @ converter-gson ---
[INFO] Starting audit...
Audit done.
[WARNING] Unable to locate Source XRef to link to - DISABLED
[INFO] 
[INFO] --- maven-install-plugin:2.4:install (default-install) @ converter-gson ---
[INFO] Installing /home/travis/build/square/retrofit/retrofit-converters/gson/target/converter-gson-2.0.0-SNAPSHOT.jar to /home/travis/.m2/repository/com/squareup/retrofit/converter-gson/2.0.0-SNAPSHOT/converter-gson-2.0.0-SNAPSHOT.jar
[INFO] Installing /home/travis/build/square/retrofit/retrofit-converters/gson/pom.xml to /home/travis/.m2/repository/com/squareup/retrofit/converter-gson/2.0.0-SNAPSHOT/converter-gson-2.0.0-SNAPSHOT.pom
[INFO]                                                                         
[INFO] ------------------------------------------------------------------------
[INFO] Building Converter: Protocol Buffers 2.0.0-SNAPSHOT
[INFO] ------------------------------------------------------------------------
[INFO] 
[INFO] --- maven-enforcer-plugin:1.0:enforce (enforce-maven) @ converter-protobuf ---
[INFO] 
[INFO] --- maven-resources-plugin:2.6:resources (default-resources) @ converter-protobuf ---
[INFO] Using 'UTF-8' encoding to copy filtered resources.
[INFO] skip non existing resourceDirectory /home/travis/build/square/retrofit/retrofit-converters/protobuf/src/main/resources
[INFO] 
[INFO] --- maven-compiler-plugin:3.0:compile (default-compile) @ converter-protobuf ---
[INFO] Changes detected - recompiling the module!
[INFO] Compiling 3 source files to /home/travis/build/square/retrofit/retrofit-converters/protobuf/target/classes
[WARNING] /home/travis/build/square/retrofit/retrofit-converters/protobuf/src/main/java/retrofit/ProtoConverterFactory.java: /home/travis/build/square/retrofit/retrofit-converters/protobuf/src/main/java/retrofit/ProtoConverterFactory.java uses unchecked or unsafe operations.
[WARNING] /home/travis/build/square/retrofit/retrofit-converters/protobuf/src/main/java/retrofit/ProtoConverterFactory.java: Recompile with -Xlint:unchecked for details.
[INFO] 
[INFO] --- maven-resources-plugin:2.6:testResources (default-testResources) @ converter-protobuf ---
[INFO] Using 'UTF-8' encoding to copy filtered resources.
[INFO] skip non existing resourceDirectory /home/travis/build/square/retrofit/retrofit-converters/protobuf/src/test/resources
[INFO] 
[INFO] --- maven-compiler-plugin:3.0:testCompile (default-testCompile) @ converter-protobuf ---
[INFO] Changes detected - recompiling the module!
[INFO] Compiling 2 source files to /home/travis/build/square/retrofit/retrofit-converters/protobuf/target/test-classes
[INFO] 
[INFO] --- maven-surefire-plugin:2.12.4:test (default-test) @ converter-protobuf ---
[INFO] Tests are skipped.
[INFO] 
[INFO] --- animal-sniffer-maven-plugin:1.14:check (default) @ converter-protobuf ---
[INFO] Checking unresolved references to org.codehaus.mojo.signature:java16:1.1
[INFO] 
[INFO] --- maven-jar-plugin:2.4:jar (default-jar) @ converter-protobuf ---
[INFO] Building jar: /home/travis/build/square/retrofit/retrofit-converters/protobuf/target/converter-protobuf-2.0.0-SNAPSHOT.jar
[INFO] 
[INFO] --- maven-checkstyle-plugin:2.15:checkstyle (default) @ converter-protobuf ---
[INFO] Starting audit...
Audit done.
[WARNING] Unable to locate Source XRef to link to - DISABLED
[INFO] 
[INFO] --- maven-install-plugin:2.4:install (default-install) @ converter-protobuf ---
[INFO] Installing /home/travis/build/square/retrofit/retrofit-converters/protobuf/target/converter-protobuf-2.0.0-SNAPSHOT.jar to /home/travis/.m2/repository/com/squareup/retrofit/converter-protobuf/2.0.0-SNAPSHOT/converter-protobuf-2.0.0-SNAPSHOT.jar
[INFO] Installing /home/travis/build/square/retrofit/retrofit-converters/protobuf/pom.xml to /home/travis/.m2/repository/com/squareup/retrofit/converter-protobuf/2.0.0-SNAPSHOT/converter-protobuf-2.0.0-SNAPSHOT.pom
[INFO]                                                                         
[INFO] ------------------------------------------------------------------------
[INFO] Building Converter: Jackson 2.0.0-SNAPSHOT
[INFO] ------------------------------------------------------------------------
[INFO] 
[INFO] --- maven-enforcer-plugin:1.0:enforce (enforce-maven) @ converter-jackson ---
[INFO] 
[INFO] --- maven-resources-plugin:2.6:resources (default-resources) @ converter-jackson ---
[INFO] Using 'UTF-8' encoding to copy filtered resources.
[INFO] skip non existing resourceDirectory /home/travis/build/square/retrofit/retrofit-converters/jackson/src/main/resources
[INFO] 
[INFO] --- maven-compiler-plugin:3.0:compile (default-compile) @ converter-jackson ---
[INFO] Changes detected - recompiling the module!
[INFO] Compiling 3 source files to /home/travis/build/square/retrofit/retrofit-converters/jackson/target/classes
[INFO] 
[INFO] --- maven-resources-plugin:2.6:testResources (default-testResources) @ converter-jackson ---
[INFO] Using 'UTF-8' encoding to copy filtered resources.
[INFO] skip non existing resourceDirectory /home/travis/build/square/retrofit/retrofit-converters/jackson/src/test/resources
[INFO] 
[INFO] --- maven-compiler-plugin:3.0:testCompile (default-testCompile) @ converter-jackson ---
[INFO] Changes detected - recompiling the module!
[INFO] Compiling 1 source file to /home/travis/build/square/retrofit/retrofit-converters/jackson/target/test-classes
[INFO] 
[INFO] --- maven-surefire-plugin:2.12.4:test (default-test) @ converter-jackson ---
[INFO] Tests are skipped.
[INFO] 
[INFO] --- animal-sniffer-maven-plugin:1.14:check (default) @ converter-jackson ---
[INFO] Checking unresolved references to org.codehaus.mojo.signature:java16:1.1
[INFO] 
[INFO] --- maven-jar-plugin:2.4:jar (default-jar) @ converter-jackson ---
[INFO] Building jar: /home/travis/build/square/retrofit/retrofit-converters/jackson/target/converter-jackson-2.0.0-SNAPSHOT.jar
[INFO] 
[INFO] --- maven-checkstyle-plugin:2.15:checkstyle (default) @ converter-jackson ---
[INFO] Starting audit...
Audit done.
[WARNING] Unable to locate Source XRef to link to - DISABLED
[INFO] 
[INFO] --- maven-install-plugin:2.4:install (default-install) @ converter-jackson ---
[INFO] Installing /home/travis/build/square/retrofit/retrofit-converters/jackson/target/converter-jackson-2.0.0-SNAPSHOT.jar to /home/travis/.m2/repository/com/squareup/retrofit/converter-jackson/2.0.0-SNAPSHOT/converter-jackson-2.0.0-SNAPSHOT.jar
[INFO] Installing /home/travis/build/square/retrofit/retrofit-converters/jackson/pom.xml to /home/travis/.m2/repository/com/squareup/retrofit/converter-jackson/2.0.0-SNAPSHOT/converter-jackson-2.0.0-SNAPSHOT.pom
[INFO]                                                                         
[INFO] ------------------------------------------------------------------------
[INFO] Building Converter: Wire Protocol Buffers 2.0.0-SNAPSHOT
[INFO] ------------------------------------------------------------------------
[INFO] 
[INFO] --- maven-enforcer-plugin:1.0:enforce (enforce-maven) @ converter-wire ---
[INFO] 
[INFO] --- maven-resources-plugin:2.6:resources (default-resources) @ converter-wire ---
[INFO] Using 'UTF-8' encoding to copy filtered resources.
[INFO] skip non existing resourceDirectory /home/travis/build/square/retrofit/retrofit-converters/wire/src/main/resources
[INFO] 
[INFO] --- maven-compiler-plugin:3.0:compile (default-compile) @ converter-wire ---
[INFO] Changes detected - recompiling the module!
[INFO] Compiling 3 source files to /home/travis/build/square/retrofit/retrofit-converters/wire/target/classes
[WARNING] /home/travis/build/square/retrofit/retrofit-converters/wire/src/main/java/retrofit/WireConverterFactory.java: /home/travis/build/square/retrofit/retrofit-converters/wire/src/main/java/retrofit/WireConverterFactory.java uses unchecked or unsafe operations.
[WARNING] /home/travis/build/square/retrofit/retrofit-converters/wire/src/main/java/retrofit/WireConverterFactory.java: Recompile with -Xlint:unchecked for details.
[INFO] 
[INFO] --- maven-resources-plugin:2.6:testResources (default-testResources) @ converter-wire ---
[INFO] Using 'UTF-8' encoding to copy filtered resources.
[INFO] skip non existing resourceDirectory /home/travis/build/square/retrofit/retrofit-converters/wire/src/test/resources
[INFO] 
[INFO] --- maven-compiler-plugin:3.0:testCompile (default-testCompile) @ converter-wire ---
[INFO] Changes detected - recompiling the module!
[INFO] Compiling 2 source files to /home/travis/build/square/retrofit/retrofit-converters/wire/target/test-classes
[INFO] 
[INFO] --- maven-surefire-plugin:2.12.4:test (default-test) @ converter-wire ---
[INFO] Tests are skipped.
[INFO] 
[INFO] --- animal-sniffer-maven-plugin:1.14:check (default) @ converter-wire ---
[INFO] Checking unresolved references to org.codehaus.mojo.signature:java16:1.1
[INFO] 
[INFO] --- maven-jar-plugin:2.4:jar (default-jar) @ converter-wire ---
[INFO] Building jar: /home/travis/build/square/retrofit/retrofit-converters/wire/target/converter-wire-2.0.0-SNAPSHOT.jar
[INFO] 
[INFO] --- maven-checkstyle-plugin:2.15:checkstyle (default) @ converter-wire ---
[INFO] Starting audit...
Audit done.
[WARNING] Unable to locate Source XRef to link to - DISABLED
[INFO] 
[INFO] --- maven-install-plugin:2.4:install (default-install) @ converter-wire ---
[INFO] Installing /home/travis/build/square/retrofit/retrofit-converters/wire/target/converter-wire-2.0.0-SNAPSHOT.jar to /home/travis/.m2/repository/com/squareup/retrofit/converter-wire/2.0.0-SNAPSHOT/converter-wire-2.0.0-SNAPSHOT.jar
[INFO] Installing /home/travis/build/square/retrofit/retrofit-converters/wire/pom.xml to /home/travis/.m2/repository/com/squareup/retrofit/converter-wire/2.0.0-SNAPSHOT/converter-wire-2.0.0-SNAPSHOT.pom
[INFO]                                                                         
[INFO] ------------------------------------------------------------------------
[INFO] Building Converter: SimpleXML 2.0.0-SNAPSHOT
[INFO] ------------------------------------------------------------------------
[INFO] 
[INFO] --- maven-enforcer-plugin:1.0:enforce (enforce-maven) @ converter-simplexml ---
[INFO] 
[INFO] --- maven-resources-plugin:2.6:resources (default-resources) @ converter-simplexml ---
[INFO] Using 'UTF-8' encoding to copy filtered resources.
[INFO] skip non existing resourceDirectory /home/travis/build/square/retrofit/retrofit-converters/simplexml/src/main/resources
[INFO] 
[INFO] --- maven-compiler-plugin:3.0:compile (default-compile) @ converter-simplexml ---
[INFO] Changes detected - recompiling the module!
[INFO] Compiling 3 source files to /home/travis/build/square/retrofit/retrofit-converters/simplexml/target/classes
[INFO] 
[INFO] --- maven-resources-plugin:2.6:testResources (default-testResources) @ converter-simplexml ---
[INFO] Using 'UTF-8' encoding to copy filtered resources.
[INFO] skip non existing resourceDirectory /home/travis/build/square/retrofit/retrofit-converters/simplexml/src/test/resources
[INFO] 
[INFO] --- maven-compiler-plugin:3.0:testCompile (default-testCompile) @ converter-simplexml ---
[INFO] Changes detected - recompiling the module!
[INFO] Compiling 2 source files to /home/travis/build/square/retrofit/retrofit-converters/simplexml/target/test-classes
[INFO] 
[INFO] --- maven-surefire-plugin:2.12.4:test (default-test) @ converter-simplexml ---
[INFO] Tests are skipped.
[INFO] 
[INFO] --- animal-sniffer-maven-plugin:1.14:check (default) @ converter-simplexml ---
[INFO] Checking unresolved references to org.codehaus.mojo.signature:java16:1.1
[INFO] 
[INFO] --- maven-jar-plugin:2.4:jar (default-jar) @ converter-simplexml ---
[INFO] Building jar: /home/travis/build/square/retrofit/retrofit-converters/simplexml/target/converter-simplexml-2.0.0-SNAPSHOT.jar
[INFO] 
[INFO] --- maven-checkstyle-plugin:2.15:checkstyle (default) @ converter-simplexml ---
[INFO] Starting audit...
Audit done.
[WARNING] Unable to locate Source XRef to link to - DISABLED
[INFO] 
[INFO] --- maven-install-plugin:2.4:install (default-install) @ converter-simplexml ---
[INFO] Installing /home/travis/build/square/retrofit/retrofit-converters/simplexml/target/converter-simplexml-2.0.0-SNAPSHOT.jar to /home/travis/.m2/repository/com/squareup/retrofit/converter-simplexml/2.0.0-SNAPSHOT/converter-simplexml-2.0.0-SNAPSHOT.jar
[INFO] Installing /home/travis/build/square/retrofit/retrofit-converters/simplexml/pom.xml to /home/travis/.m2/repository/com/squareup/retrofit/converter-simplexml/2.0.0-SNAPSHOT/converter-simplexml-2.0.0-SNAPSHOT.pom
[INFO]                                                                         
[INFO] ------------------------------------------------------------------------
[INFO] Building Converter: Moshi 2.0.0-SNAPSHOT
[INFO] ------------------------------------------------------------------------
[INFO] 
[INFO] --- maven-enforcer-plugin:1.0:enforce (enforce-maven) @ converter-moshi ---
[INFO] 
[INFO] --- maven-resources-plugin:2.6:resources (default-resources) @ converter-moshi ---
[INFO] Using 'UTF-8' encoding to copy filtered resources.
[INFO] skip non existing resourceDirectory /home/travis/build/square/retrofit/retrofit-converters/moshi/src/main/resources
[INFO] 
[INFO] --- maven-compiler-plugin:3.0:compile (default-compile) @ converter-moshi ---
[INFO] Changes detected - recompiling the module!
[INFO] Compiling 3 source files to /home/travis/build/square/retrofit/retrofit-converters/moshi/target/classes
[INFO] 
[INFO] --- maven-resources-plugin:2.6:testResources (default-testResources) @ converter-moshi ---
[INFO] Using 'UTF-8' encoding to copy filtered resources.
[INFO] skip non existing resourceDirectory /home/travis/build/square/retrofit/retrofit-converters/moshi/src/test/resources
[INFO] 
[INFO] --- maven-compiler-plugin:3.0:testCompile (default-testCompile) @ converter-moshi ---
[INFO] Changes detected - recompiling the module!
[INFO] Compiling 1 source file to /home/travis/build/square/retrofit/retrofit-converters/moshi/target/test-classes
[INFO] 
[INFO] --- maven-surefire-plugin:2.12.4:test (default-test) @ converter-moshi ---
[INFO] Tests are skipped.
[INFO] 
[INFO] --- animal-sniffer-maven-plugin:1.14:check (default) @ converter-moshi ---
[INFO] Checking unresolved references to org.codehaus.mojo.signature:java16:1.1
[INFO] 
[INFO] --- maven-jar-plugin:2.4:jar (default-jar) @ converter-moshi ---
[INFO] Building jar: /home/travis/build/square/retrofit/retrofit-converters/moshi/target/converter-moshi-2.0.0-SNAPSHOT.jar
[INFO] 
[INFO] --- maven-checkstyle-plugin:2.15:checkstyle (default) @ converter-moshi ---
[INFO] Starting audit...
Audit done.
[WARNING] Unable to locate Source XRef to link to - DISABLED
[INFO] 
[INFO] --- maven-install-plugin:2.4:install (default-install) @ converter-moshi ---
[INFO] Installing /home/travis/build/square/retrofit/retrofit-converters/moshi/target/converter-moshi-2.0.0-SNAPSHOT.jar to /home/travis/.m2/repository/com/squareup/retrofit/converter-moshi/2.0.0-SNAPSHOT/converter-moshi-2.0.0-SNAPSHOT.jar
[INFO] Installing /home/travis/build/square/retrofit/retrofit-converters/moshi/pom.xml to /home/travis/.m2/repository/com/squareup/retrofit/converter-moshi/2.0.0-SNAPSHOT/converter-moshi-2.0.0-SNAPSHOT.pom
[INFO]                                                                         
[INFO] ------------------------------------------------------------------------
[INFO] Building Samples 2.0.0-SNAPSHOT
[INFO] ------------------------------------------------------------------------
[INFO] 
[INFO] --- maven-enforcer-plugin:1.0:enforce (enforce-maven) @ samples ---
[INFO] 
[INFO] --- maven-resources-plugin:2.6:resources (default-resources) @ samples ---
[INFO] Using 'UTF-8' encoding to copy filtered resources.
[INFO] skip non existing resourceDirectory /home/travis/build/square/retrofit/samples/src/main/resources
[INFO] 
[INFO] --- maven-compiler-plugin:3.0:compile (default-compile) @ samples ---
[INFO] Changes detected - recompiling the module!
[INFO] Compiling 4 source files to /home/travis/build/square/retrofit/samples/target/classes
[INFO] 
[INFO] --- maven-resources-plugin:2.6:testResources (default-testResources) @ samples ---
[INFO] Using 'UTF-8' encoding to copy filtered resources.
[INFO] skip non existing resourceDirectory /home/travis/build/square/retrofit/samples/src/test/resources
[INFO] 
[INFO] --- maven-compiler-plugin:3.0:testCompile (default-testCompile) @ samples ---
[INFO] No sources to compile
[INFO] 
[INFO] --- maven-surefire-plugin:2.12.4:test (default-test) @ samples ---
[INFO] Tests are skipped.
[INFO] 
[INFO] --- animal-sniffer-maven-plugin:1.14:check (default) @ samples ---
[INFO] Checking unresolved references to org.codehaus.mojo.signature:java16:1.1
[INFO] 
[INFO] --- maven-jar-plugin:2.4:jar (default-jar) @ samples ---
[INFO] Building jar: /home/travis/build/square/retrofit/samples/target/samples-2.0.0-SNAPSHOT.jar
[INFO] 
[INFO] --- maven-checkstyle-plugin:2.15:checkstyle (default) @ samples ---
[INFO] Starting audit...
Audit done.
[WARNING] Unable to locate Source XRef to link to - DISABLED
[INFO] 
[INFO] --- maven-install-plugin:2.4:install (default-install) @ samples ---
[INFO] Installing /home/travis/build/square/retrofit/samples/target/samples-2.0.0-SNAPSHOT.jar to /home/travis/.m2/repository/com/squareup/retrofit/samples/2.0.0-SNAPSHOT/samples-2.0.0-SNAPSHOT.jar
[INFO] Installing /home/travis/build/square/retrofit/samples/pom.xml to /home/travis/.m2/repository/com/squareup/retrofit/samples/2.0.0-SNAPSHOT/samples-2.0.0-SNAPSHOT.pom
[INFO] ------------------------------------------------------------------------
[INFO] Reactor Summary:
[INFO] 
[INFO] Retrofit (Parent) .................................. SUCCESS [  5.117 s]
[INFO] Retrofit ........................................... SUCCESS [ 22.391 s]
[INFO] Adapters ........................................... SUCCESS [  1.159 s]
[INFO] Adapter: RxJava .................................... SUCCESS [  3.634 s]
[INFO] Retrofit Mock Adapter .............................. SUCCESS [  2.802 s]
[INFO] Adapter: RxJava Mock ............................... SUCCESS [  1.667 s]
[INFO] Converters ......................................... SUCCESS [  0.303 s]
[INFO] Converter: Gson .................................... SUCCESS [  1.195 s]
[INFO] Converter: Protocol Buffers ........................ SUCCESS [  1.785 s]
[INFO] Converter: Jackson ................................. SUCCESS [  1.361 s]
[INFO] Converter: Wire Protocol Buffers ................... SUCCESS [  1.162 s]
[INFO] Converter: SimpleXML ............................... SUCCESS [  1.280 s]
[INFO] Converter: Moshi ................................... SUCCESS [  0.670 s]
[INFO] Samples ............................................ SUCCESS [  1.087 s]
[INFO] ------------------------------------------------------------------------
[INFO] BUILD SUCCESS
[INFO] ------------------------------------------------------------------------
[INFO] Total time: 46.188 s
[INFO] Finished at: 2015-10-09T22:30:28+00:00
[INFO] Final Memory: 38M/324M
[INFO] ------------------------------------------------------------------------
travis_time:end:070b6f20:start=1444429777740550793,finish=1444429829130632263,duration=51390081470[0Ktravis_fold:end:install[0Ktravis_time:start:0146fa18[0K$ mvn test -B
Java HotSpot(TM) 64-Bit Server VM warning: ignoring option MaxPermSize=192m; support was removed in 8.0
[INFO] Scanning for projects...
[WARNING] 
[WARNING] Some problems were encountered while building the effective model for com.squareup.retrofit:samples:jar:2.0.0-SNAPSHOT
[WARNING] 'build.plugins.plugin.version' for org.apache.maven.plugins:maven-deploy-plugin is missing. @ com.squareup.retrofit:samples:[unknown-version], /home/travis/build/square/retrofit/samples/pom.xml, line 45, column 15
[WARNING] 
[WARNING] It is highly recommended to fix these problems because they threaten the stability of your build.
[WARNING] 
[WARNING] For this reason, future Maven versions might no longer support building such malformed projects.
[WARNING] 
[INFO] ------------------------------------------------------------------------
[INFO] Reactor Build Order:
[INFO] 
[INFO] Retrofit (Parent)
[INFO] Retrofit
[INFO] Adapters
[INFO] Adapter: RxJava
[INFO] Retrofit Mock Adapter
[INFO] Adapter: RxJava Mock
[INFO] Converters
[INFO] Converter: Gson
[INFO] Converter: Protocol Buffers
[INFO] Converter: Jackson
[INFO] Converter: Wire Protocol Buffers
[INFO] Converter: SimpleXML
[INFO] Converter: Moshi
[INFO] Samples
[INFO]                                                                         
[INFO] ------------------------------------------------------------------------
[INFO] Building Retrofit (Parent) 2.0.0-SNAPSHOT
[INFO] ------------------------------------------------------------------------
[INFO] 
[INFO] --- maven-enforcer-plugin:1.0:enforce (enforce-maven) @ parent ---
[INFO] 
[INFO] --- animal-sniffer-maven-plugin:1.14:check (default) @ parent ---
[INFO] Checking unresolved references to org.codehaus.mojo.signature:java16:1.1
[INFO]                                                                         
[INFO] ------------------------------------------------------------------------
[INFO] Building Retrofit 2.0.0-SNAPSHOT
[INFO] ------------------------------------------------------------------------
[INFO] 
[INFO] --- maven-enforcer-plugin:1.0:enforce (enforce-maven) @ retrofit ---
[INFO] 
[INFO] --- maven-resources-plugin:2.6:resources (default-resources) @ retrofit ---
[INFO] Using 'UTF-8' encoding to copy filtered resources.
[INFO] skip non existing resourceDirectory /home/travis/build/square/retrofit/retrofit/src/main/resources
[INFO] 
[INFO] --- maven-compiler-plugin:3.0:compile (default-compile) @ retrofit ---
[INFO] Changes detected - recompiling the module!
[INFO] Compiling 41 source files to /home/travis/build/square/retrofit/retrofit/target/classes
[WARNING] /home/travis/build/square/retrofit/retrofit/src/main/java/retrofit/Retrofit.java: Some input files use unchecked or unsafe operations.
[WARNING] /home/travis/build/square/retrofit/retrofit/src/main/java/retrofit/Retrofit.java: Recompile with -Xlint:unchecked for details.
[INFO] 
[INFO] --- maven-resources-plugin:2.6:testResources (default-testResources) @ retrofit ---
[INFO] Using 'UTF-8' encoding to copy filtered resources.
[INFO] skip non existing resourceDirectory /home/travis/build/square/retrofit/retrofit/src/test/resources
[INFO] 
[INFO] --- maven-compiler-plugin:3.0:testCompile (default-testCompile) @ retrofit ---
[INFO] Changes detected - recompiling the module!
[INFO] Compiling 7 source files to /home/travis/build/square/retrofit/retrofit/target/test-classes
[WARNING] /home/travis/build/square/retrofit/retrofit/src/test/java/retrofit/RetrofitTest.java: /home/travis/build/square/retrofit/retrofit/src/test/java/retrofit/RetrofitTest.java uses unchecked or unsafe operations.
[WARNING] /home/travis/build/square/retrofit/retrofit/src/test/java/retrofit/RetrofitTest.java: Recompile with -Xlint:unchecked for details.
[INFO] 
[INFO] --- maven-surefire-plugin:2.12.4:test (default-test) @ retrofit ---
[INFO] Surefire report directory: /home/travis/build/square/retrofit/retrofit/target/surefire-reports

-------------------------------------------------------
 T E S T S
-------------------------------------------------------
Running retrofit.RequestBuilderTest
Tests run: 98, Failures: 0, Errors: 0, Skipped: 2, Time elapsed: 1.226 sec
Running retrofit.ExecutorCallAdapterFactoryTest
Tests run: 8, Failures: 0, Errors: 0, Skipped: 0, Time elapsed: 0.248 sec
Running retrofit.CallTest
Oct 09, 2015 10:30:43 PM com.squareup.okhttp.mockwebserver.MockWebServer$3 execute
INFO: MockWebServer[56334] starting to accept connections
Oct 09, 2015 10:30:43 PM com.squareup.okhttp.mockwebserver.MockWebServer$3 acceptConnections
INFO: MockWebServer[56334] done accepting connections: Socket is closed
Oct 09, 2015 10:30:43 PM com.squareup.okhttp.mockwebserver.MockWebServer$3 execute
INFO: MockWebServer[48878] starting to accept connections
Oct 09, 2015 10:30:43 PM com.squareup.okhttp.mockwebserver.MockWebServer$4 processOneRequest
INFO: MockWebServer[48878] received request: GET / HTTP/1.1 and responded: HTTP/1.1 200 OK
Oct 09, 2015 10:30:43 PM com.squareup.okhttp.mockwebserver.MockWebServer$3 acceptConnections
INFO: MockWebServer[48878] done accepting connections: Socket closed
Oct 09, 2015 10:30:43 PM com.squareup.okhttp.mockwebserver.MockWebServer$3 execute
INFO: MockWebServer[58960] starting to accept connections
Oct 09, 2015 10:30:43 PM com.squareup.okhttp.mockwebserver.MockWebServer$4 processOneRequest
INFO: MockWebServer[58960] received request: GET / HTTP/1.1 and responded: HTTP/1.1 404 OK
Oct 09, 2015 10:30:43 PM com.squareup.okhttp.mockwebserver.MockWebServer$3 acceptConnections
INFO: MockWebServer[58960] done accepting connections: Socket closed
Oct 09, 2015 10:30:43 PM com.squareup.okhttp.mockwebserver.MockWebServer$3 execute
INFO: MockWebServer[38148] starting to accept connections
Oct 09, 2015 10:30:43 PM com.squareup.okhttp.mockwebserver.MockWebServer$3 acceptConnections
INFO: MockWebServer[38148] done accepting connections: Socket closed
Oct 09, 2015 10:30:43 PM com.squareup.okhttp.mockwebserver.MockWebServer$3 execute
INFO: MockWebServer[50037] starting to accept connections
Oct 09, 2015 10:30:43 PM com.squareup.okhttp.mockwebserver.MockWebServer$3 acceptConnections
INFO: MockWebServer[50037] done accepting connections: Socket closed
Oct 09, 2015 10:30:43 PM com.squareup.okhttp.mockwebserver.MockWebServer$3 execute
INFO: MockWebServer[49885] starting to accept connections
Oct 09, 2015 10:30:43 PM com.squareup.okhttp.mockwebserver.MockWebServer$3 acceptConnections
INFO: MockWebServer[49885] done accepting connections: Socket closed
Oct 09, 2015 10:30:43 PM com.squareup.okhttp.mockwebserver.MockWebServer$4 processOneRequest
INFO: MockWebServer[49885] received request: GET / HTTP/1.1 and responded: HTTP/1.1 200 OK
Oct 09, 2015 10:30:43 PM com.squareup.okhttp.mockwebserver.MockWebServer$3 execute
INFO: MockWebServer[47208] starting to accept connections
Oct 09, 2015 10:30:43 PM com.squareup.okhttp.mockwebserver.MockWebServer$3 acceptConnections
INFO: MockWebServer[47208] done accepting connections: Socket is closed
Oct 09, 2015 10:30:43 PM com.squareup.okhttp.mockwebserver.MockWebServer$3 execute
INFO: MockWebServer[58839] starting to accept connections
Oct 09, 2015 10:30:43 PM com.squareup.okhttp.mockwebserver.MockWebServer$3 acceptConnections
INFO: MockWebServer[58839] done accepting connections: Socket closed
Oct 09, 2015 10:30:43 PM com.squareup.okhttp.mockwebserver.MockWebServer$4 processOneRequest
INFO: MockWebServer[58839] received request: GET / HTTP/1.1 and responded: HTTP/1.1 404 OK
Oct 09, 2015 10:30:43 PM com.squareup.okhttp.mockwebserver.MockWebServer$3 execute
INFO: MockWebServer[37654] starting to accept connections
Oct 09, 2015 10:30:43 PM com.squareup.okhttp.mockwebserver.MockWebServer$4 processOneRequest
INFO: MockWebServer[37654] received request: POST / HTTP/1.1 and responded: HTTP/1.1 200 OK
Oct 09, 2015 10:30:43 PM com.squareup.okhttp.mockwebserver.MockWebServer$3 acceptConnections
INFO: MockWebServer[37654] done accepting connections: Socket closed
Oct 09, 2015 10:30:43 PM com.squareup.okhttp.mockwebserver.MockWebServer$3 execute
INFO: MockWebServer[57836] starting to accept connections
Oct 09, 2015 10:30:43 PM com.squareup.okhttp.mockwebserver.MockWebServer$3 acceptConnections
INFO: MockWebServer[57836] done accepting connections: Socket closed
Oct 09, 2015 10:30:43 PM com.squareup.okhttp.mockwebserver.MockWebServer$4 processOneRequest
INFO: MockWebServer[57836] received request: GET / HTTP/1.1 and responded: HTTP/1.1 204 Nothin
Oct 09, 2015 10:30:43 PM com.squareup.okhttp.mockwebserver.MockWebServer$3 execute
INFO: MockWebServer[47662] starting to accept connections
Oct 09, 2015 10:30:43 PM com.squareup.okhttp.mockwebserver.MockWebServer$4 processOneRequest
INFO: MockWebServer[47662] received request: GET / HTTP/1.1 and responded: HTTP/1.1 200 OK
Oct 09, 2015 10:30:43 PM com.squareup.okhttp.mockwebserver.MockWebServer$3 acceptConnections
INFO: MockWebServer[47662] done accepting connections: Socket closed
Oct 09, 2015 10:30:43 PM com.squareup.okhttp.mockwebserver.MockWebServer$3 execute
INFO: MockWebServer[36938] starting to accept connections
Oct 09, 2015 10:30:43 PM com.squareup.okhttp.mockwebserver.MockWebServer$3 acceptConnections
INFO: MockWebServer[36938] done accepting connections: Socket closed
Oct 09, 2015 10:30:43 PM com.squareup.okhttp.mockwebserver.MockWebServer$4 processOneRequest
INFO: MockWebServer[36938] received request: GET / HTTP/1.1 and responded: HTTP/1.1 200 OK
Oct 09, 2015 10:30:43 PM com.squareup.okhttp.mockwebserver.MockWebServer$3 execute
INFO: MockWebServer[56323] starting to accept connections
Oct 09, 2015 10:30:44 PM com.squareup.okhttp.mockwebserver.MockWebServer$4 processOneRequest
INFO: MockWebServer[56323] received request: POST / HTTP/1.1 and responded: HTTP/1.1 200 OK
Oct 09, 2015 10:30:44 PM com.squareup.okhttp.mockwebserver.MockWebServer$3 acceptConnections
INFO: MockWebServer[56323] done accepting connections: Socket closed
Oct 09, 2015 10:30:44 PM com.squareup.okhttp.mockwebserver.MockWebServer$3 execute
INFO: MockWebServer[52430] starting to accept connections
Oct 09, 2015 10:30:44 PM com.squareup.okhttp.mockwebserver.MockWebServer$3 acceptConnections
INFO: MockWebServer[52430] done accepting connections: Socket is closed
Oct 09, 2015 10:30:44 PM com.squareup.okhttp.mockwebserver.MockWebServer$3 execute
INFO: MockWebServer[54132] starting to accept connections
Oct 09, 2015 10:30:44 PM com.squareup.okhttp.mockwebserver.MockWebServer$4 processOneRequest
INFO: MockWebServer[54132] received request: GET / HTTP/1.1 and responded: HTTP/1.1 200 OK
Oct 09, 2015 10:30:44 PM com.squareup.okhttp.mockwebserver.MockWebServer$3 acceptConnections
INFO: MockWebServer[54132] done accepting connections: Socket closed
Oct 09, 2015 10:30:44 PM com.squareup.okhttp.mockwebserver.MockWebServer$3 execute
INFO: MockWebServer[44083] starting to accept connections
Oct 09, 2015 10:30:44 PM com.squareup.okhttp.mockwebserver.MockWebServer$3 acceptConnections
INFO: MockWebServer[44083] done accepting connections: Socket closed
Oct 09, 2015 10:30:44 PM com.squareup.okhttp.mockwebserver.MockWebServer$4 processOneRequest
INFO: MockWebServer[44083] received request: GET / HTTP/1.1 and responded: HTTP/1.1 200 OK
Oct 09, 2015 10:30:44 PM com.squareup.okhttp.mockwebserver.MockWebServer$3 execute
INFO: MockWebServer[58336] starting to accept connections
Oct 09, 2015 10:30:44 PM com.squareup.okhttp.mockwebserver.MockWebServer$4 processOneRequest
INFO: MockWebServer[58336] received request: GET / HTTP/1.1 and responded: HTTP/1.1 205 Nothin
Oct 09, 2015 10:30:44 PM com.squareup.okhttp.mockwebserver.MockWebServer$3 acceptConnections
INFO: MockWebServer[58336] done accepting connections: Socket closed
Oct 09, 2015 10:30:44 PM com.squareup.okhttp.mockwebserver.MockWebServer$3 execute
INFO: MockWebServer[50397] starting to accept connections
Oct 09, 2015 10:30:44 PM com.squareup.okhttp.mockwebserver.MockWebServer$4 processOneRequest
INFO: MockWebServer[50397] received request: GET / HTTP/1.1 and responded: HTTP/1.1 200 OK
Oct 09, 2015 10:30:44 PM com.squareup.okhttp.mockwebserver.MockWebServer$4 processOneRequest
INFO: MockWebServer[50397] received request: GET / HTTP/1.1 and responded: HTTP/1.1 200 OK
Oct 09, 2015 10:30:44 PM com.squareup.okhttp.mockwebserver.MockWebServer$3 acceptConnections
INFO: MockWebServer[50397] done accepting connections: Socket closed
Oct 09, 2015 10:30:44 PM com.squareup.okhttp.mockwebserver.MockWebServer$3 execute
INFO: MockWebServer[36178] starting to accept connections
Oct 09, 2015 10:30:44 PM com.squareup.okhttp.mockwebserver.MockWebServer$3 acceptConnections
INFO: MockWebServer[36178] done accepting connections: Socket closed
Oct 09, 2015 10:30:44 PM com.squareup.okhttp.mockwebserver.MockWebServer$4 processOneRequest
INFO: MockWebServer[36178] received request: GET / HTTP/1.1 and responded: HTTP/1.1 200 OK
Oct 09, 2015 10:30:44 PM com.squareup.okhttp.mockwebserver.MockWebServer$3 execute
INFO: MockWebServer[55849] starting to accept connections
Oct 09, 2015 10:30:44 PM com.squareup.okhttp.mockwebserver.MockWebServer$3 acceptConnections
INFO: MockWebServer[55849] done accepting connections: Socket is closed
Oct 09, 2015 10:30:44 PM com.squareup.okhttp.mockwebserver.MockWebServer$3 execute
INFO: MockWebServer[36299] starting to accept connections
Oct 09, 2015 10:30:44 PM com.squareup.okhttp.mockwebserver.MockWebServer$3 acceptConnections
INFO: MockWebServer[36299] done accepting connections: Socket closed
Oct 09, 2015 10:30:44 PM com.squareup.okhttp.mockwebserver.MockWebServer$3 execute
INFO: MockWebServer[41125] starting to accept connections
Oct 09, 2015 10:30:44 PM com.squareup.okhttp.mockwebserver.MockWebServer$3 acceptConnections
INFO: MockWebServer[41125] done accepting connections: Socket closed
Oct 09, 2015 10:30:44 PM com.squareup.okhttp.mockwebserver.MockWebServer$4 processOneRequest
INFO: MockWebServer[41125] received request: GET / HTTP/1.1 and responded: HTTP/1.1 200 OK
Oct 09, 2015 10:30:44 PM com.squareup.okhttp.mockwebserver.MockWebServer$3 execute
INFO: MockWebServer[40834] starting to accept connections
Oct 09, 2015 10:30:44 PM com.squareup.okhttp.mockwebserver.MockWebServer$4 processOneRequest
INFO: MockWebServer[40834] received request: GET / HTTP/1.1 and responded: HTTP/1.1 200 OK
Oct 09, 2015 10:30:44 PM com.squareup.okhttp.mockwebserver.MockWebServer$3 acceptConnections
INFO: MockWebServer[40834] done accepting connections: Socket closed
Tests run: 23, Failures: 0, Errors: 0, Skipped: 0, Time elapsed: 0.773 sec
Running retrofit.RequestFactoryParserTest
Tests run: 1, Failures: 0, Errors: 0, Skipped: 0, Time elapsed: 0.005 sec
Running retrofit.RetrofitTest
Oct 09, 2015 10:30:44 PM com.squareup.okhttp.mockwebserver.MockWebServer$3 execute
INFO: MockWebServer[46911] starting to accept connections
Oct 09, 2015 10:30:44 PM com.squareup.okhttp.mockwebserver.MockWebServer$3 acceptConnections
INFO: MockWebServer[46911] done accepting connections: Socket is closed
Oct 09, 2015 10:30:44 PM com.squareup.okhttp.mockwebserver.MockWebServer$3 execute
INFO: MockWebServer[52074] starting to accept connections
Oct 09, 2015 10:30:44 PM com.squareup.okhttp.mockwebserver.MockWebServer$3 acceptConnections
INFO: MockWebServer[52074] done accepting connections: Socket is closed
Oct 09, 2015 10:30:44 PM com.squareup.okhttp.mockwebserver.MockWebServer$3 execute
INFO: MockWebServer[43977] starting to accept connections
Oct 09, 2015 10:30:44 PM com.squareup.okhttp.mockwebserver.MockWebServer$3 acceptConnections
INFO: MockWebServer[43977] done accepting connections: Socket is closed
Oct 09, 2015 10:30:44 PM com.squareup.okhttp.mockwebserver.MockWebServer$3 execute
INFO: MockWebServer[36250] starting to accept connections
Oct 09, 2015 10:30:44 PM com.squareup.okhttp.mockwebserver.MockWebServer$3 acceptConnections
INFO: MockWebServer[36250] done accepting connections: Socket is closed
Oct 09, 2015 10:30:44 PM com.squareup.okhttp.mockwebserver.MockWebServer$3 execute
INFO: MockWebServer[38542] starting to accept connections
Oct 09, 2015 10:30:44 PM com.squareup.okhttp.mockwebserver.MockWebServer$3 acceptConnections
INFO: MockWebServer[38542] done accepting connections: Socket is closed
Oct 09, 2015 10:30:44 PM com.squareup.okhttp.mockwebserver.MockWebServer$3 execute
INFO: MockWebServer[45021] starting to accept connections
Oct 09, 2015 10:30:44 PM com.squareup.okhttp.mockwebserver.MockWebServer$3 acceptConnections
INFO: MockWebServer[45021] done accepting connections: Socket is closed
Oct 09, 2015 10:30:44 PM com.squareup.okhttp.mockwebserver.MockWebServer$3 execute
INFO: MockWebServer[38566] starting to accept connections
Oct 09, 2015 10:30:44 PM com.squareup.okhttp.mockwebserver.MockWebServer$3 acceptConnections
INFO: MockWebServer[38566] done accepting connections: Socket is closed
Oct 09, 2015 10:30:44 PM com.squareup.okhttp.mockwebserver.MockWebServer$3 execute
INFO: MockWebServer[47855] starting to accept connections
Oct 09, 2015 10:30:44 PM com.squareup.okhttp.mockwebserver.MockWebServer$3 acceptConnections
INFO: MockWebServer[47855] done accepting connections: Socket is closed
Oct 09, 2015 10:30:44 PM com.squareup.okhttp.mockwebserver.MockWebServer$3 execute
INFO: MockWebServer[50637] starting to accept connections
Oct 09, 2015 10:30:44 PM com.squareup.okhttp.mockwebserver.MockWebServer$3 acceptConnections
INFO: MockWebServer[50637] done accepting connections: Socket is closed
Oct 09, 2015 10:30:44 PM com.squareup.okhttp.mockwebserver.MockWebServer$3 execute
INFO: MockWebServer[51400] starting to accept connections
Oct 09, 2015 10:30:44 PM com.squareup.okhttp.mockwebserver.MockWebServer$3 acceptConnections
INFO: MockWebServer[51400] done accepting connections: Socket closed
Oct 09, 2015 10:30:44 PM com.squareup.okhttp.mockwebserver.MockWebServer$3 execute
INFO: MockWebServer[57346] starting to accept connections
Oct 09, 2015 10:30:44 PM com.squareup.okhttp.mockwebserver.MockWebServer$3 acceptConnections
INFO: MockWebServer[57346] done accepting connections: Socket is closed
Oct 09, 2015 10:30:44 PM com.squareup.okhttp.mockwebserver.MockWebServer$3 execute
INFO: MockWebServer[44603] starting to accept connections
Oct 09, 2015 10:30:44 PM com.squareup.okhttp.mockwebserver.MockWebServer$3 acceptConnections
INFO: MockWebServer[44603] done accepting connections: Socket closed
Oct 09, 2015 10:30:44 PM com.squareup.okhttp.mockwebserver.MockWebServer$4 processOneRequest
INFO: MockWebServer[44603] received request: GET / HTTP/1.1 and responded: HTTP/1.1 200 OK
Oct 09, 2015 10:30:44 PM com.squareup.okhttp.mockwebserver.MockWebServer$3 execute
INFO: MockWebServer[33599] starting to accept connections
Oct 09, 2015 10:30:44 PM com.squareup.okhttp.mockwebserver.MockWebServer$3 acceptConnections
INFO: MockWebServer[33599] done accepting connections: Socket is closed
Oct 09, 2015 10:30:44 PM com.squareup.okhttp.mockwebserver.MockWebServer$3 execute
INFO: MockWebServer[36419] starting to accept connections
Oct 09, 2015 10:30:44 PM com.squareup.okhttp.mockwebserver.MockWebServer$3 acceptConnections
INFO: MockWebServer[36419] done accepting connections: Socket is closed
Oct 09, 2015 10:30:44 PM com.squareup.okhttp.mockwebserver.MockWebServer$3 execute
INFO: MockWebServer[35258] starting to accept connections
Oct 09, 2015 10:30:44 PM com.squareup.okhttp.mockwebserver.MockWebServer$3 acceptConnections
INFO: MockWebServer[35258] done accepting connections: Socket closed
Oct 09, 2015 10:30:44 PM com.squareup.okhttp.mockwebserver.MockWebServer$4 processOneRequest
INFO: MockWebServer[35258] received request: GET / HTTP/1.1 and responded: HTTP/1.1 200 OK
Oct 09, 2015 10:30:44 PM com.squareup.okhttp.mockwebserver.MockWebServer$3 execute
INFO: MockWebServer[56402] starting to accept connections
Oct 09, 2015 10:30:44 PM com.squareup.okhttp.mockwebserver.MockWebServer$3 acceptConnections
INFO: MockWebServer[56402] done accepting connections: Socket is closed
Oct 09, 2015 10:30:44 PM com.squareup.okhttp.mockwebserver.MockWebServer$3 execute
INFO: MockWebServer[48056] starting to accept connections
Oct 09, 2015 10:30:44 PM com.squareup.okhttp.mockwebserver.MockWebServer$3 acceptConnections
INFO: MockWebServer[48056] done accepting connections: Socket closed
Oct 09, 2015 10:30:44 PM com.squareup.okhttp.mockwebserver.MockWebServer$4 processOneRequest
INFO: MockWebServer[48056] received request: POST / HTTP/1.1 and responded: HTTP/1.1 200 OK
Oct 09, 2015 10:30:44 PM com.squareup.okhttp.mockwebserver.MockWebServer$3 execute
INFO: MockWebServer[54718] starting to accept connections
Oct 09, 2015 10:30:44 PM com.squareup.okhttp.mockwebserver.MockWebServer$3 acceptConnections
INFO: MockWebServer[54718] done accepting connections: Socket is closed
Oct 09, 2015 10:30:44 PM com.squareup.okhttp.mockwebserver.MockWebServer$3 execute
INFO: MockWebServer[41741] starting to accept connections
Oct 09, 2015 10:30:44 PM com.squareup.okhttp.mockwebserver.MockWebServer$3 acceptConnections
INFO: MockWebServer[41741] done accepting connections: Socket is closed
Oct 09, 2015 10:30:44 PM com.squareup.okhttp.mockwebserver.MockWebServer$3 execute
INFO: MockWebServer[57672] starting to accept connections
Oct 09, 2015 10:30:44 PM com.squareup.okhttp.mockwebserver.MockWebServer$3 acceptConnections
INFO: MockWebServer[57672] done accepting connections: Socket is closed
Oct 09, 2015 10:30:44 PM com.squareup.okhttp.mockwebserver.MockWebServer$3 execute
INFO: MockWebServer[55729] starting to accept connections
Oct 09, 2015 10:30:44 PM com.squareup.okhttp.mockwebserver.MockWebServer$3 acceptConnections
INFO: MockWebServer[55729] done accepting connections: Socket is closed
Oct 09, 2015 10:30:44 PM com.squareup.okhttp.mockwebserver.MockWebServer$3 execute
INFO: MockWebServer[39425] starting to accept connections
Oct 09, 2015 10:30:44 PM com.squareup.okhttp.mockwebserver.MockWebServer$3 acceptConnections
INFO: MockWebServer[39425] done accepting connections: Socket is closed
Oct 09, 2015 10:30:44 PM com.squareup.okhttp.mockwebserver.MockWebServer$3 execute
INFO: MockWebServer[35534] starting to accept connections
Oct 09, 2015 10:30:44 PM com.squareup.okhttp.mockwebserver.MockWebServer$3 acceptConnections
INFO: MockWebServer[35534] done accepting connections: Socket closed
Oct 09, 2015 10:30:44 PM com.squareup.okhttp.mockwebserver.MockWebServer$4 processOneRequest
INFO: MockWebServer[35534] received request: GET / HTTP/1.1 and responded: HTTP/1.1 200 OK
Oct 09, 2015 10:30:44 PM com.squareup.okhttp.mockwebserver.MockWebServer$3 execute
INFO: MockWebServer[38399] starting to accept connections
Oct 09, 2015 10:30:44 PM com.squareup.okhttp.mockwebserver.MockWebServer$3 acceptConnections
INFO: MockWebServer[38399] done accepting connections: Socket is closed
Oct 09, 2015 10:30:44 PM com.squareup.okhttp.mockwebserver.MockWebServer$3 execute
INFO: MockWebServer[39535] starting to accept connections
Oct 09, 2015 10:30:44 PM com.squareup.okhttp.mockwebserver.MockWebServer$3 acceptConnections
INFO: MockWebServer[39535] done accepting connections: Socket is closed
Oct 09, 2015 10:30:44 PM com.squareup.okhttp.mockwebserver.MockWebServer$3 execute
INFO: MockWebServer[60164] starting to accept connections
Oct 09, 2015 10:30:44 PM com.squareup.okhttp.mockwebserver.MockWebServer$3 acceptConnections
INFO: MockWebServer[60164] done accepting connections: Socket is closed
Oct 09, 2015 10:30:44 PM com.squareup.okhttp.mockwebserver.MockWebServer$3 execute
INFO: MockWebServer[42793] starting to accept connections
Oct 09, 2015 10:30:44 PM com.squareup.okhttp.mockwebserver.MockWebServer$3 acceptConnections
INFO: MockWebServer[42793] done accepting connections: Socket is closed
Oct 09, 2015 10:30:44 PM com.squareup.okhttp.mockwebserver.MockWebServer$3 execute
INFO: MockWebServer[45191] starting to accept connections
Oct 09, 2015 10:30:44 PM com.squareup.okhttp.mockwebserver.MockWebServer$3 acceptConnections
INFO: MockWebServer[45191] done accepting connections: Socket is closed
Oct 09, 2015 10:30:44 PM com.squareup.okhttp.mockwebserver.MockWebServer$3 execute
INFO: MockWebServer[48297] starting to accept connections
Oct 09, 2015 10:30:45 PM com.squareup.okhttp.mockwebserver.MockWebServer$3 acceptConnections
INFO: MockWebServer[48297] done accepting connections: Socket closed
Oct 09, 2015 10:30:45 PM com.squareup.okhttp.mockwebserver.MockWebServer$3 execute
INFO: MockWebServer[33667] starting to accept connections
Oct 09, 2015 10:30:45 PM com.squareup.okhttp.mockwebserver.MockWebServer$3 acceptConnections
INFO: MockWebServer[33667] done accepting connections: Socket is closed
Oct 09, 2015 10:30:45 PM com.squareup.okhttp.mockwebserver.MockWebServer$3 execute
INFO: MockWebServer[39654] starting to accept connections
Oct 09, 2015 10:30:45 PM com.squareup.okhttp.mockwebserver.MockWebServer$3 acceptConnections
INFO: MockWebServer[39654] done accepting connections: Socket is closed
Oct 09, 2015 10:30:45 PM com.squareup.okhttp.mockwebserver.MockWebServer$3 execute
INFO: MockWebServer[53478] starting to accept connections
Oct 09, 2015 10:30:45 PM com.squareup.okhttp.mockwebserver.MockWebServer$3 acceptConnections
INFO: MockWebServer[53478] done accepting connections: Socket closed
Oct 09, 2015 10:30:45 PM com.squareup.okhttp.mockwebserver.MockWebServer$3 execute
INFO: MockWebServer[44175] starting to accept connections
Oct 09, 2015 10:30:45 PM com.squareup.okhttp.mockwebserver.MockWebServer$3 acceptConnections
INFO: MockWebServer[44175] done accepting connections: Socket is closed
Oct 09, 2015 10:30:45 PM com.squareup.okhttp.mockwebserver.MockWebServer$3 execute
INFO: MockWebServer[40013] starting to accept connections
Oct 09, 2015 10:30:45 PM com.squareup.okhttp.mockwebserver.MockWebServer$3 acceptConnections
INFO: MockWebServer[40013] done accepting connections: Socket is closed
Oct 09, 2015 10:30:45 PM com.squareup.okhttp.mockwebserver.MockWebServer$3 execute
INFO: MockWebServer[35924] starting to accept connections
Oct 09, 2015 10:30:45 PM com.squareup.okhttp.mockwebserver.MockWebServer$3 acceptConnections
INFO: MockWebServer[35924] done accepting connections: Socket is closed
Oct 09, 2015 10:30:45 PM com.squareup.okhttp.mockwebserver.MockWebServer$3 execute
INFO: MockWebServer[60988] starting to accept connections
Oct 09, 2015 10:30:45 PM com.squareup.okhttp.mockwebserver.MockWebServer$3 acceptConnections
INFO: MockWebServer[60988] done accepting connections: Socket is closed
Oct 09, 2015 10:30:45 PM com.squareup.okhttp.mockwebserver.MockWebServer$3 execute
INFO: MockWebServer[37392] starting to accept connections
Oct 09, 2015 10:30:45 PM com.squareup.okhttp.mockwebserver.MockWebServer$3 acceptConnections
INFO: MockWebServer[37392] done accepting connections: Socket closed
Oct 09, 2015 10:30:45 PM com.squareup.okhttp.mockwebserver.MockWebServer$3 execute
INFO: MockWebServer[55527] starting to accept connections
Oct 09, 2015 10:30:45 PM com.squareup.okhttp.mockwebserver.MockWebServer$3 acceptConnections
INFO: MockWebServer[55527] done accepting connections: Socket is closed
Oct 09, 2015 10:30:45 PM com.squareup.okhttp.mockwebserver.MockWebServer$3 execute
INFO: MockWebServer[53967] starting to accept connections
Oct 09, 2015 10:30:45 PM com.squareup.okhttp.mockwebserver.MockWebServer$3 acceptConnections
INFO: MockWebServer[53967] done accepting connections: Socket closed
Oct 09, 2015 10:30:45 PM com.squareup.okhttp.mockwebserver.MockWebServer$3 execute
INFO: MockWebServer[51794] starting to accept connections
Oct 09, 2015 10:30:45 PM com.squareup.okhttp.mockwebserver.MockWebServer$3 acceptConnections
INFO: MockWebServer[51794] done accepting connections: Socket closed
Oct 09, 2015 10:30:45 PM com.squareup.okhttp.mockwebserver.MockWebServer$3 execute
INFO: MockWebServer[42606] starting to accept connections
Oct 09, 2015 10:30:45 PM com.squareup.okhttp.mockwebserver.MockWebServer$3 acceptConnections
INFO: MockWebServer[42606] done accepting connections: Socket is closed
Oct 09, 2015 10:30:45 PM com.squareup.okhttp.mockwebserver.MockWebServer$3 execute
INFO: MockWebServer[51128] starting to accept connections
Oct 09, 2015 10:30:45 PM com.squareup.okhttp.mockwebserver.MockWebServer$3 acceptConnections
INFO: MockWebServer[51128] done accepting connections: Socket is closed
Oct 09, 2015 10:30:45 PM com.squareup.okhttp.mockwebserver.MockWebServer$3 execute
INFO: MockWebServer[38136] starting to accept connections
Oct 09, 2015 10:30:45 PM com.squareup.okhttp.mockwebserver.MockWebServer$3 acceptConnections
INFO: MockWebServer[38136] done accepting connections: Socket is closed
Oct 09, 2015 10:30:45 PM com.squareup.okhttp.mockwebserver.MockWebServer$3 execute
INFO: MockWebServer[49933] starting to accept connections
Oct 09, 2015 10:30:45 PM com.squareup.okhttp.mockwebserver.MockWebServer$3 acceptConnections
INFO: MockWebServer[49933] done accepting connections: Socket is closed
Oct 09, 2015 10:30:45 PM com.squareup.okhttp.mockwebserver.MockWebServer$3 execute
INFO: MockWebServer[45027] starting to accept connections
Oct 09, 2015 10:30:45 PM com.squareup.okhttp.mockwebserver.MockWebServer$3 acceptConnections
INFO: MockWebServer[45027] done accepting connections: Socket is closed
Oct 09, 2015 10:30:45 PM com.squareup.okhttp.mockwebserver.MockWebServer$3 execute
INFO: MockWebServer[50313] starting to accept connections
Oct 09, 2015 10:30:45 PM com.squareup.okhttp.mockwebserver.MockWebServer$3 acceptConnections
INFO: MockWebServer[50313] done accepting connections: Socket is closed
Oct 09, 2015 10:30:45 PM com.squareup.okhttp.mockwebserver.MockWebServer$3 execute
INFO: MockWebServer[34636] starting to accept connections
Oct 09, 2015 10:30:45 PM com.squareup.okhttp.mockwebserver.MockWebServer$3 acceptConnections
INFO: MockWebServer[34636] done accepting connections: Socket is closed
Tests run: 47, Failures: 0, Errors: 0, Skipped: 0, Time elapsed: 0.838 sec

Results :

Tests run: 177, Failures: 0, Errors: 0, Skipped: 2

[INFO] 
[INFO] --- animal-sniffer-maven-plugin:1.14:check (default) @ retrofit ---
[INFO] Checking unresolved references to org.codehaus.mojo.signature:java16:1.1
[INFO]                                                                         
[INFO] ------------------------------------------------------------------------
[INFO] Building Adapters 2.0.0-SNAPSHOT
[INFO] ------------------------------------------------------------------------
[INFO] 
[INFO] --- maven-enforcer-plugin:1.0:enforce (enforce-maven) @ retrofit-adapters ---
[INFO] 
[INFO] --- animal-sniffer-maven-plugin:1.14:check (default) @ retrofit-adapters ---
[INFO] Checking unresolved references to org.codehaus.mojo.signature:java16:1.1
[INFO]                                                                         
[INFO] ------------------------------------------------------------------------
[INFO] Building Adapter: RxJava 2.0.0-SNAPSHOT
[INFO] ------------------------------------------------------------------------
[INFO] 
[INFO] --- maven-enforcer-plugin:1.0:enforce (enforce-maven) @ adapter-rxjava ---
[INFO] 
[INFO] --- maven-resources-plugin:2.6:resources (default-resources) @ adapter-rxjava ---
[INFO] Using 'UTF-8' encoding to copy filtered resources.
[INFO] skip non existing resourceDirectory /home/travis/build/square/retrofit/retrofit-adapters/rxjava/src/main/resources
[INFO] 
[INFO] --- maven-compiler-plugin:3.0:compile (default-compile) @ adapter-rxjava ---
[INFO] Changes detected - recompiling the module!
[INFO] Compiling 4 source files to /home/travis/build/square/retrofit/retrofit-adapters/rxjava/target/classes
[INFO] 
[INFO] --- maven-resources-plugin:2.6:testResources (default-testResources) @ adapter-rxjava ---
[INFO] Using 'UTF-8' encoding to copy filtered resources.
[INFO] skip non existing resourceDirectory /home/travis/build/square/retrofit/retrofit-adapters/rxjava/src/test/resources
[INFO] 
[INFO] --- maven-compiler-plugin:3.0:testCompile (default-testCompile) @ adapter-rxjava ---
[INFO] Changes detected - recompiling the module!
[INFO] Compiling 2 source files to /home/travis/build/square/retrofit/retrofit-adapters/rxjava/target/test-classes
[INFO] 
[INFO] --- maven-surefire-plugin:2.12.4:test (default-test) @ adapter-rxjava ---
[INFO] Surefire report directory: /home/travis/build/square/retrofit/retrofit-adapters/rxjava/target/surefire-reports

-------------------------------------------------------
 T E S T S
-------------------------------------------------------
Running retrofit.ResultTest
Tests run: 4, Failures: 0, Errors: 0, Skipped: 0, Time elapsed: 0.266 sec
Running retrofit.RxJavaCallAdapterFactoryTest
Oct 09, 2015 10:30:48 PM com.squareup.okhttp.mockwebserver.MockWebServer$3 execute
INFO: MockWebServer[39485] starting to accept connections
Oct 09, 2015 10:30:48 PM com.squareup.okhttp.mockwebserver.MockWebServer$4 processConnection
WARNING: MockWebServer[39485] connection from /127.0.0.1 didn't make a request
Oct 09, 2015 10:30:48 PM com.squareup.okhttp.mockwebserver.MockWebServer$3 acceptConnections
INFO: MockWebServer[39485] done accepting connections: Socket closed
Oct 09, 2015 10:30:48 PM com.squareup.okhttp.mockwebserver.MockWebServer$3 execute
INFO: MockWebServer[43559] starting to accept connections
Oct 09, 2015 10:30:48 PM com.squareup.okhttp.mockwebserver.MockWebServer$4 processOneRequest
INFO: MockWebServer[43559] received request: GET / HTTP/1.1 and responded: HTTP/1.1 200 OK
Oct 09, 2015 10:30:48 PM com.squareup.okhttp.mockwebserver.MockWebServer$3 acceptConnections
INFO: MockWebServer[43559] done accepting connections: Socket closed
Oct 09, 2015 10:30:48 PM com.squareup.okhttp.mockwebserver.MockWebServer$3 execute
INFO: MockWebServer[48406] starting to accept connections
Oct 09, 2015 10:30:48 PM com.squareup.okhttp.mockwebserver.MockWebServer$3 acceptConnections
INFO: MockWebServer[48406] done accepting connections: Socket closed
Oct 09, 2015 10:30:48 PM com.squareup.okhttp.mockwebserver.MockWebServer$4 processOneRequest
INFO: MockWebServer[48406] received request: GET / HTTP/1.1 and responded: HTTP/1.1 404 OK
Oct 09, 2015 10:30:48 PM com.squareup.okhttp.mockwebserver.MockWebServer$3 execute
INFO: MockWebServer[48944] starting to accept connections
Oct 09, 2015 10:30:48 PM com.squareup.okhttp.mockwebserver.MockWebServer$3 acceptConnections
INFO: MockWebServer[48944] done accepting connections: Socket closed
Oct 09, 2015 10:30:48 PM com.squareup.okhttp.mockwebserver.MockWebServer$3 execute
INFO: MockWebServer[55336] starting to accept connections
Oct 09, 2015 10:30:48 PM com.squareup.okhttp.mockwebserver.MockWebServer$3 acceptConnections
INFO: MockWebServer[55336] done accepting connections: Socket is closed
Oct 09, 2015 10:30:48 PM com.squareup.okhttp.mockwebserver.MockWebServer$3 execute
INFO: MockWebServer[51914] starting to accept connections
Oct 09, 2015 10:30:48 PM com.squareup.okhttp.mockwebserver.MockWebServer$3 acceptConnections
INFO: MockWebServer[51914] done accepting connections: Socket closed
Oct 09, 2015 10:30:48 PM com.squareup.okhttp.mockwebserver.MockWebServer$4 processConnection
WARNING: MockWebServer[51914] connection from /127.0.0.1 didn't make a request
Oct 09, 2015 10:30:48 PM com.squareup.okhttp.mockwebserver.MockWebServer$3 execute
INFO: MockWebServer[35841] starting to accept connections
Oct 09, 2015 10:30:49 PM com.squareup.okhttp.mockwebserver.MockWebServer$3 acceptConnections
INFO: MockWebServer[35841] done accepting connections: Socket closed
Oct 09, 2015 10:30:49 PM com.squareup.okhttp.mockwebserver.MockWebServer$4 processOneRequest
INFO: MockWebServer[35841] received request: GET / HTTP/1.1 and responded: HTTP/1.1 200 OK
Oct 09, 2015 10:30:49 PM com.squareup.okhttp.mockwebserver.MockWebServer$3 execute
INFO: MockWebServer[35703] starting to accept connections
Oct 09, 2015 10:30:49 PM com.squareup.okhttp.mockwebserver.MockWebServer$4 processOneRequest
INFO: MockWebServer[35703] received request: GET / HTTP/1.1 and responded: HTTP/1.1 404 OK
Oct 09, 2015 10:30:49 PM com.squareup.okhttp.mockwebserver.MockWebServer$3 acceptConnections
INFO: MockWebServer[35703] done accepting connections: Socket closed
Oct 09, 2015 10:30:49 PM com.squareup.okhttp.mockwebserver.MockWebServer$3 execute
INFO: MockWebServer[41868] starting to accept connections
Oct 09, 2015 10:30:49 PM com.squareup.okhttp.mockwebserver.MockWebServer$3 acceptConnections
INFO: MockWebServer[41868] done accepting connections: Socket is closed
Oct 09, 2015 10:30:49 PM com.squareup.okhttp.mockwebserver.MockWebServer$3 execute
INFO: MockWebServer[51450] starting to accept connections
Oct 09, 2015 10:30:49 PM com.squareup.okhttp.mockwebserver.MockWebServer$3 acceptConnections
INFO: MockWebServer[51450] done accepting connections: Socket closed
Oct 09, 2015 10:30:49 PM com.squareup.okhttp.mockwebserver.MockWebServer$4 processConnection
WARNING: MockWebServer[51450] connection from /127.0.0.1 didn't make a request
Oct 09, 2015 10:30:49 PM com.squareup.okhttp.mockwebserver.MockWebServer$3 execute
INFO: MockWebServer[41143] starting to accept connections
Oct 09, 2015 10:30:49 PM com.squareup.okhttp.mockwebserver.MockWebServer$3 acceptConnections
INFO: MockWebServer[41143] done accepting connections: Socket is closed
Oct 09, 2015 10:30:49 PM com.squareup.okhttp.mockwebserver.MockWebServer$3 execute
INFO: MockWebServer[38461] starting to accept connections
Oct 09, 2015 10:30:49 PM com.squareup.okhttp.mockwebserver.MockWebServer$3 acceptConnections
INFO: MockWebServer[38461] done accepting connections: Socket is closed
Oct 09, 2015 10:30:49 PM com.squareup.okhttp.mockwebserver.MockWebServer$3 execute
INFO: MockWebServer[34830] starting to accept connections
Oct 09, 2015 10:30:49 PM com.squareup.okhttp.mockwebserver.MockWebServer$4 processOneRequest
INFO: MockWebServer[34830] received request: GET / HTTP/1.1 and responded: HTTP/1.1 200 OK
Oct 09, 2015 10:30:49 PM com.squareup.okhttp.mockwebserver.MockWebServer$3 acceptConnections
INFO: MockWebServer[34830] done accepting connections: Socket closed
Oct 09, 2015 10:30:49 PM com.squareup.okhttp.mockwebserver.MockWebServer$3 execute
INFO: MockWebServer[52769] starting to accept connections
Oct 09, 2015 10:30:49 PM com.squareup.okhttp.mockwebserver.MockWebServer$3 acceptConnections
INFO: MockWebServer[52769] done accepting connections: Socket closed
Oct 09, 2015 10:30:49 PM com.squareup.okhttp.mockwebserver.MockWebServer$4 processOneRequest
INFO: MockWebServer[52769] received request: GET / HTTP/1.1 and responded: HTTP/1.1 404 OK
Oct 09, 2015 10:30:49 PM com.squareup.okhttp.mockwebserver.MockWebServer$3 execute
INFO: MockWebServer[50905] starting to accept connections
Oct 09, 2015 10:30:49 PM com.squareup.okhttp.mockwebserver.MockWebServer$3 acceptConnections
INFO: MockWebServer[50905] done accepting connections: Socket closed
Tests run: 15, Failures: 0, Errors: 0, Skipped: 0, Time elapsed: 1.083 sec

Results :

Tests run: 19, Failures: 0, Errors: 0, Skipped: 0

[INFO] 
[INFO] --- animal-sniffer-maven-plugin:1.14:check (default) @ adapter-rxjava ---
[INFO] Checking unresolved references to org.codehaus.mojo.signature:java16:1.1
[INFO]                                                                         
[INFO] ------------------------------------------------------------------------
[INFO] Building Retrofit Mock Adapter 2.0.0-SNAPSHOT
[INFO] ------------------------------------------------------------------------
[INFO] 
[INFO] --- maven-enforcer-plugin:1.0:enforce (enforce-maven) @ retrofit-mock ---
[INFO] 
[INFO] --- maven-resources-plugin:2.6:resources (default-resources) @ retrofit-mock ---
[INFO] Using 'UTF-8' encoding to copy filtered resources.
[INFO] skip non existing resourceDirectory /home/travis/build/square/retrofit/retrofit-mock/src/main/resources
[INFO] 
[INFO] --- maven-compiler-plugin:3.0:compile (default-compile) @ retrofit-mock ---
[INFO] Changes detected - recompiling the module!
[INFO] Compiling 5 source files to /home/travis/build/square/retrofit/retrofit-mock/target/classes
[INFO] 
[INFO] --- maven-resources-plugin:2.6:testResources (default-testResources) @ retrofit-mock ---
[INFO] Using 'UTF-8' encoding to copy filtered resources.
[INFO] skip non existing resourceDirectory /home/travis/build/square/retrofit/retrofit-mock/src/test/resources
[INFO] 
[INFO] --- maven-compiler-plugin:3.0:testCompile (default-testCompile) @ retrofit-mock ---
[INFO] Changes detected - recompiling the module!
[INFO] Compiling 2 source files to /home/travis/build/square/retrofit/retrofit-mock/target/test-classes
[INFO] 
[INFO] --- maven-surefire-plugin:2.12.4:test (default-test) @ retrofit-mock ---
[INFO] Surefire report directory: /home/travis/build/square/retrofit/retrofit-mock/target/surefire-reports

-------------------------------------------------------
 T E S T S
-------------------------------------------------------
Running retrofit.MockRetrofitTest
Tests run: 10, Failures: 0, Errors: 0, Skipped: 0, Time elapsed: 0.988 sec
Running retrofit.NetworkBehaviorTest
Tests run: 5, Failures: 0, Errors: 0, Skipped: 0, Time elapsed: 0.03 sec

Results :

Tests run: 15, Failures: 0, Errors: 0, Skipped: 0

[INFO] 
[INFO] --- animal-sniffer-maven-plugin:1.14:check (default) @ retrofit-mock ---
[INFO] Checking unresolved references to org.codehaus.mojo.signature:java16:1.1
[INFO]                                                                         
[INFO] ------------------------------------------------------------------------
[INFO] Building Adapter: RxJava Mock 2.0.0-SNAPSHOT
[INFO] ------------------------------------------------------------------------
[INFO] 
[INFO] --- maven-enforcer-plugin:1.0:enforce (enforce-maven) @ adapter-rxjava-mock ---
[INFO] 
[INFO] --- maven-resources-plugin:2.6:resources (default-resources) @ adapter-rxjava-mock ---
[INFO] Using 'UTF-8' encoding to copy filtered resources.
[INFO] skip non existing resourceDirectory /home/travis/build/square/retrofit/retrofit-adapters/rxjava-mock/src/main/resources
[INFO] 
[INFO] --- maven-compiler-plugin:3.0:compile (default-compile) @ adapter-rxjava-mock ---
[INFO] Changes detected - recompiling the module!
[INFO] Compiling 2 source files to /home/travis/build/square/retrofit/retrofit-adapters/rxjava-mock/target/classes
[INFO] 
[INFO] --- maven-resources-plugin:2.6:testResources (default-testResources) @ adapter-rxjava-mock ---
[INFO] Using 'UTF-8' encoding to copy filtered resources.
[INFO] skip non existing resourceDirectory /home/travis/build/square/retrofit/retrofit-adapters/rxjava-mock/src/test/resources
[INFO] 
[INFO] --- maven-compiler-plugin:3.0:testCompile (default-testCompile) @ adapter-rxjava-mock ---
[INFO] Changes detected - recompiling the module!
[INFO] Compiling 1 source file to /home/travis/build/square/retrofit/retrofit-adapters/rxjava-mock/target/test-classes
[INFO] 
[INFO] --- maven-surefire-plugin:2.12.4:test (default-test) @ adapter-rxjava-mock ---
[INFO] Surefire report directory: /home/travis/build/square/retrofit/retrofit-adapters/rxjava-mock/target/surefire-reports

-------------------------------------------------------
 T E S T S
-------------------------------------------------------
Running retrofit.mock.RxJavaBehaviorAdapterTest
Tests run: 4, Failures: 0, Errors: 0, Skipped: 0, Time elapsed: 0.652 sec

Results :

Tests run: 4, Failures: 0, Errors: 0, Skipped: 0

[INFO] 
[INFO] --- animal-sniffer-maven-plugin:1.14:check (default) @ adapter-rxjava-mock ---
[INFO] Checking unresolved references to org.codehaus.mojo.signature:java16:1.1
[INFO]                                                                         
[INFO] ------------------------------------------------------------------------
[INFO] Building Converters 2.0.0-SNAPSHOT
[INFO] ------------------------------------------------------------------------
[INFO] 
[INFO] --- maven-enforcer-plugin:1.0:enforce (enforce-maven) @ retrofit-converters ---
[INFO] 
[INFO] --- animal-sniffer-maven-plugin:1.14:check (default) @ retrofit-converters ---
[INFO] Checking unresolved references to org.codehaus.mojo.signature:java16:1.1
[INFO]                                                                         
[INFO] ------------------------------------------------------------------------
[INFO] Building Converter: Gson 2.0.0-SNAPSHOT
[INFO] ------------------------------------------------------------------------
[INFO] 
[INFO] --- maven-enforcer-plugin:1.0:enforce (enforce-maven) @ converter-gson ---
[INFO] 
[INFO] --- maven-resources-plugin:2.6:resources (default-resources) @ converter-gson ---
[INFO] Using 'UTF-8' encoding to copy filtered resources.
[INFO] skip non existing resourceDirectory /home/travis/build/square/retrofit/retrofit-converters/gson/src/main/resources
[INFO] 
[INFO] --- maven-compiler-plugin:3.0:compile (default-compile) @ converter-gson ---
[INFO] Changes detected - recompiling the module!
[INFO] Compiling 3 source files to /home/travis/build/square/retrofit/retrofit-converters/gson/target/classes
[INFO] 
[INFO] --- maven-resources-plugin:2.6:testResources (default-testResources) @ converter-gson ---
[INFO] Using 'UTF-8' encoding to copy filtered resources.
[INFO] skip non existing resourceDirectory /home/travis/build/square/retrofit/retrofit-converters/gson/src/test/resources
[INFO] 
[INFO] --- maven-compiler-plugin:3.0:testCompile (default-testCompile) @ converter-gson ---
[INFO] Changes detected - recompiling the module!
[INFO] Compiling 1 source file to /home/travis/build/square/retrofit/retrofit-converters/gson/target/test-classes
[INFO] 
[INFO] --- maven-surefire-plugin:2.12.4:test (default-test) @ converter-gson ---
[INFO] Surefire report directory: /home/travis/build/square/retrofit/retrofit-converters/gson/target/surefire-reports

-------------------------------------------------------
 T E S T S
-------------------------------------------------------
Running retrofit.GsonConverterFactoryTest
Oct 09, 2015 10:30:53 PM com.squareup.okhttp.mockwebserver.MockWebServer$3 execute
INFO: MockWebServer[50842] starting to accept connections
Oct 09, 2015 10:30:54 PM com.squareup.okhttp.mockwebserver.MockWebServer$4 processOneRequest
INFO: MockWebServer[50842] received request: POST / HTTP/1.1 and responded: HTTP/1.1 200 OK
Oct 09, 2015 10:30:54 PM com.squareup.okhttp.mockwebserver.MockWebServer$3 acceptConnections
INFO: MockWebServer[50842] done accepting connections: Socket closed
Oct 09, 2015 10:30:54 PM com.squareup.okhttp.mockwebserver.MockWebServer$3 execute
INFO: MockWebServer[43607] starting to accept connections
Oct 09, 2015 10:30:54 PM com.squareup.okhttp.mockwebserver.MockWebServer$4 processOneRequest
INFO: MockWebServer[43607] received request: POST / HTTP/1.1 and responded: HTTP/1.1 200 OK
Oct 09, 2015 10:30:54 PM com.squareup.okhttp.mockwebserver.MockWebServer$3 acceptConnections
INFO: MockWebServer[43607] done accepting connections: Socket closed
Oct 09, 2015 10:30:54 PM com.squareup.okhttp.mockwebserver.MockWebServer$3 execute
INFO: MockWebServer[46775] starting to accept connections
Oct 09, 2015 10:30:54 PM com.squareup.okhttp.mockwebserver.MockWebServer$3 acceptConnections
INFO: MockWebServer[46775] done accepting connections: Socket closed
Oct 09, 2015 10:30:54 PM com.squareup.okhttp.mockwebserver.MockWebServer$4 processOneRequest
INFO: MockWebServer[46775] received request: POST / HTTP/1.1 and responded: HTTP/1.1 200 OK
Tests run: 3, Failures: 0, Errors: 0, Skipped: 0, Time elapsed: 0.568 sec

Results :

Tests run: 3, Failures: 0, Errors: 0, Skipped: 0

[INFO] 
[INFO] --- animal-sniffer-maven-plugin:1.14:check (default) @ converter-gson ---
[INFO] Checking unresolved references to org.codehaus.mojo.signature:java16:1.1
[INFO]                                                                         
[INFO] ------------------------------------------------------------------------
[INFO] Building Converter: Protocol Buffers 2.0.0-SNAPSHOT
[INFO] ------------------------------------------------------------------------
[INFO] 
[INFO] --- maven-enforcer-plugin:1.0:enforce (enforce-maven) @ converter-protobuf ---
[INFO] 
[INFO] --- maven-resources-plugin:2.6:resources (default-resources) @ converter-protobuf ---
[INFO] Using 'UTF-8' encoding to copy filtered resources.
[INFO] skip non existing resourceDirectory /home/travis/build/square/retrofit/retrofit-converters/protobuf/src/main/resources
[INFO] 
[INFO] --- maven-compiler-plugin:3.0:compile (default-compile) @ converter-protobuf ---
[INFO] Changes detected - recompiling the module!
[INFO] Compiling 3 source files to /home/travis/build/square/retrofit/retrofit-converters/protobuf/target/classes
[WARNING] /home/travis/build/square/retrofit/retrofit-converters/protobuf/src/main/java/retrofit/ProtoConverterFactory.java: /home/travis/build/square/retrofit/retrofit-converters/protobuf/src/main/java/retrofit/ProtoConverterFactory.java uses unchecked or unsafe operations.
[WARNING] /home/travis/build/square/retrofit/retrofit-converters/protobuf/src/main/java/retrofit/ProtoConverterFactory.java: Recompile with -Xlint:unchecked for details.
[INFO] 
[INFO] --- maven-resources-plugin:2.6:testResources (default-testResources) @ converter-protobuf ---
[INFO] Using 'UTF-8' encoding to copy filtered resources.
[INFO] skip non existing resourceDirectory /home/travis/build/square/retrofit/retrofit-converters/protobuf/src/test/resources
[INFO] 
[INFO] --- maven-compiler-plugin:3.0:testCompile (default-testCompile) @ converter-protobuf ---
[INFO] Changes detected - recompiling the module!
[INFO] Compiling 2 source files to /home/travis/build/square/retrofit/retrofit-converters/protobuf/target/test-classes
[INFO] 
[INFO] --- maven-surefire-plugin:2.12.4:test (default-test) @ converter-protobuf ---
[INFO] Surefire report directory: /home/travis/build/square/retrofit/retrofit-converters/protobuf/target/surefire-reports

-------------------------------------------------------
 T E S T S
-------------------------------------------------------
Running retrofit.ProtoConverterFactoryTest
Oct 09, 2015 10:30:55 PM com.squareup.okhttp.mockwebserver.MockWebServer$3 execute
INFO: MockWebServer[45953] starting to accept connections
Oct 09, 2015 10:30:55 PM com.squareup.okhttp.mockwebserver.MockWebServer$4 processOneRequest
INFO: MockWebServer[45953] received request: POST / HTTP/1.1 and responded: HTTP/1.1 200 OK
Oct 09, 2015 10:30:55 PM com.squareup.okhttp.mockwebserver.MockWebServer$3 acceptConnections
INFO: MockWebServer[45953] done accepting connections: Socket closed
Oct 09, 2015 10:30:55 PM com.squareup.okhttp.mockwebserver.MockWebServer$3 execute
INFO: MockWebServer[48435] starting to accept connections
Oct 09, 2015 10:30:55 PM com.squareup.okhttp.mockwebserver.MockWebServer$3 acceptConnections
INFO: MockWebServer[48435] done accepting connections: Socket is closed
Oct 09, 2015 10:30:55 PM com.squareup.okhttp.mockwebserver.MockWebServer$3 execute
INFO: MockWebServer[40507] starting to accept connections
Oct 09, 2015 10:30:55 PM com.squareup.okhttp.mockwebserver.MockWebServer$3 acceptConnections
INFO: MockWebServer[40507] done accepting connections: Socket closed
Oct 09, 2015 10:30:55 PM com.squareup.okhttp.mockwebserver.MockWebServer$4 processOneRequest
INFO: MockWebServer[40507] received request: GET / HTTP/1.1 and responded: HTTP/1.1 200 OK
Oct 09, 2015 10:30:55 PM com.squareup.okhttp.mockwebserver.MockWebServer$3 execute
INFO: MockWebServer[53131] starting to accept connections
Oct 09, 2015 10:30:55 PM com.squareup.okhttp.mockwebserver.MockWebServer$3 acceptConnections
INFO: MockWebServer[53131] done accepting connections: Socket is closed
Oct 09, 2015 10:30:55 PM com.squareup.okhttp.mockwebserver.MockWebServer$3 execute
INFO: MockWebServer[33053] starting to accept connections
Oct 09, 2015 10:30:55 PM com.squareup.okhttp.mockwebserver.MockWebServer$3 acceptConnections
INFO: MockWebServer[33053] done accepting connections: Socket closed
Oct 09, 2015 10:30:55 PM com.squareup.okhttp.mockwebserver.MockWebServer$4 processOneRequest
INFO: MockWebServer[33053] received request: GET / HTTP/1.1 and responded: HTTP/1.1 200 OK
Tests run: 5, Failures: 0, Errors: 0, Skipped: 0, Time elapsed: 0.564 sec

Results :

Tests run: 5, Failures: 0, Errors: 0, Skipped: 0

[INFO] 
[INFO] --- animal-sniffer-maven-plugin:1.14:check (default) @ converter-protobuf ---
[INFO] Checking unresolved references to org.codehaus.mojo.signature:java16:1.1
[INFO]                                                                         
[INFO] ------------------------------------------------------------------------
[INFO] Building Converter: Jackson 2.0.0-SNAPSHOT
[INFO] ------------------------------------------------------------------------
[INFO] 
[INFO] --- maven-enforcer-plugin:1.0:enforce (enforce-maven) @ converter-jackson ---
[INFO] 
[INFO] --- maven-resources-plugin:2.6:resources (default-resources) @ converter-jackson ---
[INFO] Using 'UTF-8' encoding to copy filtered resources.
[INFO] skip non existing resourceDirectory /home/travis/build/square/retrofit/retrofit-converters/jackson/src/main/resources
[INFO] 
[INFO] --- maven-compiler-plugin:3.0:compile (default-compile) @ converter-jackson ---
[INFO] Changes detected - recompiling the module!
[INFO] Compiling 3 source files to /home/travis/build/square/retrofit/retrofit-converters/jackson/target/classes
[INFO] 
[INFO] --- maven-resources-plugin:2.6:testResources (default-testResources) @ converter-jackson ---
[INFO] Using 'UTF-8' encoding to copy filtered resources.
[INFO] skip non existing resourceDirectory /home/travis/build/square/retrofit/retrofit-converters/jackson/src/test/resources
[INFO] 
[INFO] --- maven-compiler-plugin:3.0:testCompile (default-testCompile) @ converter-jackson ---
[INFO] Changes detected - recompiling the module!
[INFO] Compiling 1 source file to /home/travis/build/square/retrofit/retrofit-converters/jackson/target/test-classes
[INFO] 
[INFO] --- maven-surefire-plugin:2.12.4:test (default-test) @ converter-jackson ---
[INFO] Surefire report directory: /home/travis/build/square/retrofit/retrofit-converters/jackson/target/surefire-reports

-------------------------------------------------------
 T E S T S
-------------------------------------------------------
Running retrofit.JacksonConverterFactoryTest
Oct 09, 2015 10:30:57 PM com.squareup.okhttp.mockwebserver.MockWebServer$3 execute
INFO: MockWebServer[60056] starting to accept connections
Oct 09, 2015 10:30:57 PM com.squareup.okhttp.mockwebserver.MockWebServer$4 processOneRequest
INFO: MockWebServer[60056] received request: POST / HTTP/1.1 and responded: HTTP/1.1 200 OK
Oct 09, 2015 10:30:57 PM com.squareup.okhttp.mockwebserver.MockWebServer$3 acceptConnections
INFO: MockWebServer[60056] done accepting connections: Socket closed
Oct 09, 2015 10:30:57 PM com.squareup.okhttp.mockwebserver.MockWebServer$3 execute
INFO: MockWebServer[36164] starting to accept connections
Oct 09, 2015 10:30:57 PM com.squareup.okhttp.mockwebserver.MockWebServer$4 processOneRequest
INFO: MockWebServer[36164] received request: POST / HTTP/1.1 and responded: HTTP/1.1 200 OK
Oct 09, 2015 10:30:57 PM com.squareup.okhttp.mockwebserver.MockWebServer$3 acceptConnections
INFO: MockWebServer[36164] done accepting connections: Socket closed
Tests run: 2, Failures: 0, Errors: 0, Skipped: 0, Time elapsed: 0.895 sec

Results :

Tests run: 2, Failures: 0, Errors: 0, Skipped: 0

[INFO] 
[INFO] --- animal-sniffer-maven-plugin:1.14:check (default) @ converter-jackson ---
[INFO] Checking unresolved references to org.codehaus.mojo.signature:java16:1.1
[INFO]                                                                         
[INFO] ------------------------------------------------------------------------
[INFO] Building Converter: Wire Protocol Buffers 2.0.0-SNAPSHOT
[INFO] ------------------------------------------------------------------------
[INFO] 
[INFO] --- maven-enforcer-plugin:1.0:enforce (enforce-maven) @ converter-wire ---
[INFO] 
[INFO] --- maven-resources-plugin:2.6:resources (default-resources) @ converter-wire ---
[INFO] Using 'UTF-8' encoding to copy filtered resources.
[INFO] skip non existing resourceDirectory /home/travis/build/square/retrofit/retrofit-converters/wire/src/main/resources
[INFO] 
[INFO] --- maven-compiler-plugin:3.0:compile (default-compile) @ converter-wire ---
[INFO] Changes detected - recompiling the module!
[INFO] Compiling 3 source files to /home/travis/build/square/retrofit/retrofit-converters/wire/target/classes
[WARNING] /home/travis/build/square/retrofit/retrofit-converters/wire/src/main/java/retrofit/WireConverterFactory.java: /home/travis/build/square/retrofit/retrofit-converters/wire/src/main/java/retrofit/WireConverterFactory.java uses unchecked or unsafe operations.
[WARNING] /home/travis/build/square/retrofit/retrofit-converters/wire/src/main/java/retrofit/WireConverterFactory.java: Recompile with -Xlint:unchecked for details.
[INFO] 
[INFO] --- maven-resources-plugin:2.6:testResources (default-testResources) @ converter-wire ---
[INFO] Using 'UTF-8' encoding to copy filtered resources.
[INFO] skip non existing resourceDirectory /home/travis/build/square/retrofit/retrofit-converters/wire/src/test/resources
[INFO] 
[INFO] --- maven-compiler-plugin:3.0:testCompile (default-testCompile) @ converter-wire ---
[INFO] Changes detected - recompiling the module!
[INFO] Compiling 2 source files to /home/travis/build/square/retrofit/retrofit-converters/wire/target/test-classes
[INFO] 
[INFO] --- maven-surefire-plugin:2.12.4:test (default-test) @ converter-wire ---
[INFO] Surefire report directory: /home/travis/build/square/retrofit/retrofit-converters/wire/target/surefire-reports

-------------------------------------------------------
 T E S T S
-------------------------------------------------------
Running retrofit.WireConverterFactoryTest
Oct 09, 2015 10:30:58 PM com.squareup.okhttp.mockwebserver.MockWebServer$3 execute
INFO: MockWebServer[40924] starting to accept connections
Oct 09, 2015 10:30:59 PM com.squareup.okhttp.mockwebserver.MockWebServer$4 processOneRequest
INFO: MockWebServer[40924] received request: POST / HTTP/1.1 and responded: HTTP/1.1 200 OK
Oct 09, 2015 10:30:59 PM com.squareup.okhttp.mockwebserver.MockWebServer$3 acceptConnections
INFO: MockWebServer[40924] done accepting connections: Socket closed
Oct 09, 2015 10:30:59 PM com.squareup.okhttp.mockwebserver.MockWebServer$3 execute
INFO: MockWebServer[51620] starting to accept connections
Oct 09, 2015 10:30:59 PM com.squareup.okhttp.mockwebserver.MockWebServer$3 acceptConnections
INFO: MockWebServer[51620] done accepting connections: Socket closed
Oct 09, 2015 10:30:59 PM com.squareup.okhttp.mockwebserver.MockWebServer$3 execute
INFO: MockWebServer[59086] starting to accept connections
Oct 09, 2015 10:30:59 PM com.squareup.okhttp.mockwebserver.MockWebServer$3 acceptConnections
INFO: MockWebServer[59086] done accepting connections: Socket closed
Oct 09, 2015 10:30:59 PM com.squareup.okhttp.mockwebserver.MockWebServer$4 processOneRequest
INFO: MockWebServer[59086] received request: GET / HTTP/1.1 and responded: HTTP/1.1 200 OK
Oct 09, 2015 10:30:59 PM com.squareup.okhttp.mockwebserver.MockWebServer$3 execute
INFO: MockWebServer[58355] starting to accept connections
Oct 09, 2015 10:30:59 PM com.squareup.okhttp.mockwebserver.MockWebServer$3 acceptConnections
INFO: MockWebServer[58355] done accepting connections: Socket is closed
Oct 09, 2015 10:30:59 PM com.squareup.okhttp.mockwebserver.MockWebServer$3 execute
INFO: MockWebServer[59238] starting to accept connections
Oct 09, 2015 10:30:59 PM com.squareup.okhttp.mockwebserver.MockWebServer$3 acceptConnections
INFO: MockWebServer[59238] done accepting connections: Socket closed
Oct 09, 2015 10:30:59 PM com.squareup.okhttp.mockwebserver.MockWebServer$4 processOneRequest
INFO: MockWebServer[59238] received request: GET / HTTP/1.1 and responded: HTTP/1.1 200 OK
Tests run: 5, Failures: 0, Errors: 0, Skipped: 0, Time elapsed: 0.719 sec

Results :

Tests run: 5, Failures: 0, Errors: 0, Skipped: 0

[INFO] 
[INFO] --- animal-sniffer-maven-plugin:1.14:check (default) @ converter-wire ---
[INFO] Checking unresolved references to org.codehaus.mojo.signature:java16:1.1
[INFO]                                                                         
[INFO] ------------------------------------------------------------------------
[INFO] Building Converter: SimpleXML 2.0.0-SNAPSHOT
[INFO] ------------------------------------------------------------------------
[INFO] 
[INFO] --- maven-enforcer-plugin:1.0:enforce (enforce-maven) @ converter-simplexml ---
[INFO] 
[INFO] --- maven-resources-plugin:2.6:resources (default-resources) @ converter-simplexml ---
[INFO] Using 'UTF-8' encoding to copy filtered resources.
[INFO] skip non existing resourceDirectory /home/travis/build/square/retrofit/retrofit-converters/simplexml/src/main/resources
[INFO] 
[INFO] --- maven-compiler-plugin:3.0:compile (default-compile) @ converter-simplexml ---
[INFO] Changes detected - recompiling the module!
[INFO] Compiling 3 source files to /home/travis/build/square/retrofit/retrofit-converters/simplexml/target/classes
[INFO] 
[INFO] --- maven-resources-plugin:2.6:testResources (default-testResources) @ converter-simplexml ---
[INFO] Using 'UTF-8' encoding to copy filtered resources.
[INFO] skip non existing resourceDirectory /home/travis/build/square/retrofit/retrofit-converters/simplexml/src/test/resources
[INFO] 
[INFO] --- maven-compiler-plugin:3.0:testCompile (default-testCompile) @ converter-simplexml ---
[INFO] Changes detected - recompiling the module!
[INFO] Compiling 2 source files to /home/travis/build/square/retrofit/retrofit-converters/simplexml/target/test-classes
[INFO] 
[INFO] --- maven-surefire-plugin:2.12.4:test (default-test) @ converter-simplexml ---
[INFO] Surefire report directory: /home/travis/build/square/retrofit/retrofit-converters/simplexml/target/surefire-reports

-------------------------------------------------------
 T E S T S
-------------------------------------------------------
Running retrofit.SimpleXmlConverterFactoryTest
Oct 09, 2015 10:31:01 PM com.squareup.okhttp.mockwebserver.MockWebServer$3 execute
INFO: MockWebServer[45684] starting to accept connections
Oct 09, 2015 10:31:01 PM com.squareup.okhttp.mockwebserver.MockWebServer$4 processOneRequest
INFO: MockWebServer[45684] received request: GET / HTTP/1.1 and responded: HTTP/1.1 200 OK
Oct 09, 2015 10:31:02 PM com.squareup.okhttp.mockwebserver.MockWebServer$3 acceptConnections
INFO: MockWebServer[45684] done accepting connections: Socket closed
Oct 09, 2015 10:31:02 PM com.squareup.okhttp.mockwebserver.MockWebServer$3 execute
INFO: MockWebServer[41625] starting to accept connections
Oct 09, 2015 10:31:02 PM com.squareup.okhttp.mockwebserver.MockWebServer$4 processOneRequest
INFO: MockWebServer[41625] received request: GET / HTTP/1.1 and responded: HTTP/1.1 200 OK
Oct 09, 2015 10:31:02 PM com.squareup.okhttp.mockwebserver.MockWebServer$3 acceptConnections
INFO: MockWebServer[41625] done accepting connections: Socket closed
Oct 09, 2015 10:31:02 PM com.squareup.okhttp.mockwebserver.MockWebServer$3 execute
INFO: MockWebServer[57613] starting to accept connections
Oct 09, 2015 10:31:02 PM com.squareup.okhttp.mockwebserver.MockWebServer$4 processOneRequest
INFO: MockWebServer[57613] received request: POST / HTTP/1.1 and responded: HTTP/1.1 200 OK
Oct 09, 2015 10:31:02 PM com.squareup.okhttp.mockwebserver.MockWebServer$3 acceptConnections
INFO: MockWebServer[57613] done accepting connections: Socket closed
Tests run: 3, Failures: 0, Errors: 0, Skipped: 0, Time elapsed: 1.285 sec

Results :

Tests run: 3, Failures: 0, Errors: 0, Skipped: 0

[INFO] 
[INFO] --- animal-sniffer-maven-plugin:1.14:check (default) @ converter-simplexml ---
[INFO] Checking unresolved references to org.codehaus.mojo.signature:java16:1.1
[INFO]                                                                         
[INFO] ------------------------------------------------------------------------
[INFO] Building Converter: Moshi 2.0.0-SNAPSHOT
[INFO] ------------------------------------------------------------------------
[INFO] 
[INFO] --- maven-enforcer-plugin:1.0:enforce (enforce-maven) @ converter-moshi ---
[INFO] 
[INFO] --- maven-resources-plugin:2.6:resources (default-resources) @ converter-moshi ---
[INFO] Using 'UTF-8' encoding to copy filtered resources.
[INFO] skip non existing resourceDirectory /home/travis/build/square/retrofit/retrofit-converters/moshi/src/main/resources
[INFO] 
[INFO] --- maven-compiler-plugin:3.0:compile (default-compile) @ converter-moshi ---
[INFO] Changes detected - recompiling the module!
[INFO] Compiling 3 source files to /home/travis/build/square/retrofit/retrofit-converters/moshi/target/classes
[INFO] 
[INFO] --- maven-resources-plugin:2.6:testResources (default-testResources) @ converter-moshi ---
[INFO] Using 'UTF-8' encoding to copy filtered resources.
[INFO] skip non existing resourceDirectory /home/travis/build/square/retrofit/retrofit-converters/moshi/src/test/resources
[INFO] 
[INFO] --- maven-compiler-plugin:3.0:testCompile (default-testCompile) @ converter-moshi ---
[INFO] Changes detected - recompiling the module!
[INFO] Compiling 1 source file to /home/travis/build/square/retrofit/retrofit-converters/moshi/target/test-classes
[INFO] 
[INFO] --- maven-surefire-plugin:2.12.4:test (default-test) @ converter-moshi ---
[INFO] Surefire report directory: /home/travis/build/square/retrofit/retrofit-converters/moshi/target/surefire-reports

-------------------------------------------------------
 T E S T S
-------------------------------------------------------
Running retrofit.MoshiConverterFactoryTest
Oct 09, 2015 10:31:03 PM com.squareup.okhttp.mockwebserver.MockWebServer$3 execute
INFO: MockWebServer[48110] starting to accept connections
Oct 09, 2015 10:31:04 PM com.squareup.okhttp.mockwebserver.MockWebServer$4 processOneRequest
INFO: MockWebServer[48110] received request: POST / HTTP/1.1 and responded: HTTP/1.1 200 OK
Oct 09, 2015 10:31:04 PM com.squareup.okhttp.mockwebserver.MockWebServer$3 acceptConnections
INFO: MockWebServer[48110] done accepting connections: Socket closed
Oct 09, 2015 10:31:04 PM com.squareup.okhttp.mockwebserver.MockWebServer$3 execute
INFO: MockWebServer[44508] starting to accept connections
Oct 09, 2015 10:31:04 PM com.squareup.okhttp.mockwebserver.MockWebServer$3 acceptConnections
INFO: MockWebServer[44508] done accepting connections: Socket closed
Oct 09, 2015 10:31:04 PM com.squareup.okhttp.mockwebserver.MockWebServer$4 processOneRequest
INFO: MockWebServer[44508] received request: POST / HTTP/1.1 and responded: HTTP/1.1 200 OK
Tests run: 2, Failures: 0, Errors: 0, Skipped: 0, Time elapsed: 0.867 sec

Results :

Tests run: 2, Failures: 0, Errors: 0, Skipped: 0

[INFO] 
[INFO] --- animal-sniffer-maven-plugin:1.14:check (default) @ converter-moshi ---
[INFO] Checking unresolved references to org.codehaus.mojo.signature:java16:1.1
[INFO]                                                                         
[INFO] ------------------------------------------------------------------------
[INFO] Building Samples 2.0.0-SNAPSHOT
[INFO] ------------------------------------------------------------------------
[INFO] 
[INFO] --- maven-enforcer-plugin:1.0:enforce (enforce-maven) @ samples ---
[INFO] 
[INFO] --- maven-resources-plugin:2.6:resources (default-resources) @ samples ---
[INFO] Using 'UTF-8' encoding to copy filtered resources.
[INFO] skip non existing resourceDirectory /home/travis/build/square/retrofit/samples/src/main/resources
[INFO] 
[INFO] --- maven-compiler-plugin:3.0:compile (default-compile) @ samples ---
[INFO] Changes detected - recompiling the module!
[INFO] Compiling 4 source files to /home/travis/build/square/retrofit/samples/target/classes
[INFO] 
[INFO] --- maven-resources-plugin:2.6:testResources (default-testResources) @ samples ---
[INFO] Using 'UTF-8' encoding to copy filtered resources.
[INFO] skip non existing resourceDirectory /home/travis/build/square/retrofit/samples/src/test/resources
[INFO] 
[INFO] --- maven-compiler-plugin:3.0:testCompile (default-testCompile) @ samples ---
[INFO] No sources to compile
[INFO] 
[INFO] --- maven-surefire-plugin:2.12.4:test (default-test) @ samples ---
[INFO] No tests to run.
[INFO] 
[INFO] --- animal-sniffer-maven-plugin:1.14:check (default) @ samples ---
[INFO] Checking unresolved references to org.codehaus.mojo.signature:java16:1.1
[INFO] ------------------------------------------------------------------------
[INFO] Reactor Summary:
[INFO] 
[INFO] Retrofit (Parent) .................................. SUCCESS [  2.215 s]
[INFO] Retrofit ........................................... SUCCESS [ 12.934 s]
[INFO] Adapters ........................................... SUCCESS [  0.384 s]
[INFO] Adapter: RxJava .................................... SUCCESS [  2.761 s]
[INFO] Retrofit Mock Adapter .............................. SUCCESS [  1.864 s]
[INFO] Adapter: RxJava Mock ............................... SUCCESS [  1.555 s]
[INFO] Converters ......................................... SUCCESS [  0.151 s]
[INFO] Converter: Gson .................................... SUCCESS [  1.355 s]
[INFO] Converter: Protocol Buffers ........................ SUCCESS [  1.316 s]
[INFO] Converter: Jackson ................................. SUCCESS [  2.243 s]
[INFO] Converter: Wire Protocol Buffers ................... SUCCESS [  1.409 s]
[INFO] Converter: SimpleXML ............................... SUCCESS [  3.055 s]
[INFO] Converter: Moshi ................................... SUCCESS [  1.960 s]
[INFO] Samples ............................................ SUCCESS [  1.210 s]
[INFO] ------------------------------------------------------------------------
[INFO] BUILD SUCCESS
[INFO] ------------------------------------------------------------------------
[INFO] Total time: 34.926 s
[INFO] Finished at: 2015-10-09T22:31:05+00:00
[INFO] Final Memory: 27M/301M
[INFO] ------------------------------------------------------------------------
travis_time:end:0146fa18:start=1444429829134830683,finish=1444429876218677052,duration=47083846369[0K
[32;1mThe command "mvn test -B" exited with 0.[0m
travis_fold:start:cache.2[0Kstore build cache
travis_time:start:158b70bd[0Kchange detected:
/home/travis/.m2/repository/com/squareup/retrofit/adapter-rxjava/2.0.0-SNAPSHOT/adapter-rxjava-2.0.0-SNAPSHOT.jar
/home/travis/.m2/repository/com/squareup/retrofit/adapter-rxjava/2.0.0-SNAPSHOT/adapter-rxjava-2.0.0-SNAPSHOT.jar
/home/travis/.m2/repository/com/squareup/retrofit/adapter-rxjava/2.0.0-SNAPSHOT/maven-metadata-local.xml
/home/travis/.m2/repository/com/squareup/retrofit/adapter-rxjava/2.0.0-SNAPSHOT/maven-metadata-local.xml
/home/travis/.m2/repository/com/squareup/retrofit/adapter-rxjava/2.0.0-SNAPSHOT/_remote.repositories
/home/travis/.m2/repository/com/squareup/retrofit/adapter-rxjava/2.0.0-SNAPSHOT/_remote.repositories
/home/travis/.m2/repository/com/squareup/retrofit/adapter-rxjava/maven-metadata-local.xml
/home/travis/.m2/repository/com/squareup/retrofit/adapter-rxjava/maven-metadata-local.xml
/home/travis/.m2/repository/com/squareup/retrofit/adapter-rxjava-mock/2.0.0-SNAPSHOT/adapter-rxjava-mock-2.0.0-SNAPSHOT.jar
/home/travis/.m2/repository/com/squareup/retrofit/adapter
...
changes detected, packing new archive
uploading archive
travis_time:end:158b70bd:start=1444429876223092868,finish=1444429880562551267,duration=4339458399[0Ktravis_fold:end:cache.2[0Ktravis_fold:start:after_success[0Ktravis_time:start:029bffe0[0K$ .buildscript/deploy_snapshot.sh
Deploying snapshot...
Java HotSpot(TM) 64-Bit Server VM warning: ignoring option MaxPermSize=192m; support was removed in 8.0
[INFO] Scanning for projects...
[WARNING] 
[WARNING] Some problems were encountered while building the effective model for com.squareup.retrofit:samples:jar:2.0.0-SNAPSHOT
[WARNING] 'build.plugins.plugin.version' for org.apache.maven.plugins:maven-deploy-plugin is missing. @ com.squareup.retrofit:samples:[unknown-version], /home/travis/build/square/retrofit/samples/pom.xml, line 45, column 15
[WARNING] 
[WARNING] It is highly recommended to fix these problems because they threaten the stability of your build.
[WARNING] 
[WARNING] For this reason, future Maven versions might no longer support building such malformed projects.
[WARNING] 
[INFO] ------------------------------------------------------------------------
[INFO] Reactor Build Order:
[INFO] 
[INFO] Retrofit (Parent)
[INFO] Retrofit
[INFO] Adapters
[INFO] Adapter: RxJava
[INFO] Retrofit Mock Adapter
[INFO] Adapter: RxJava Mock
[INFO] Converters
[INFO] Converter: Gson
[INFO] Converter: Protocol Buffers
[INFO] Converter: Jackson
[INFO] Converter: Wire Protocol Buffers
[INFO] Converter: SimpleXML
[INFO] Converter: Moshi
[INFO] Samples
Downloading: https://repo.maven.apache.org/maven2/org/apache/maven/plugins/maven-release-plugin/2.5/maven-release-plugin-2.5.pom
4/11 KB   8/11 KB   11/11 KB              Downloaded: https://repo.maven.apache.org/maven2/org/apache/maven/plugins/maven-release-plugin/2.5/maven-release-plugin-2.5.pom (11 KB at 24.2 KB/sec)
Downloading: https://repo.maven.apache.org/maven2/org/apache/maven/release/maven-release/2.5/maven-release-2.5.pom
4/5 KB     5/5 KB            Downloaded: https://repo.maven.apache.org/maven2/org/apache/maven/release/maven-release/2.5/maven-release-2.5.pom (5 KB at 135.2 KB/sec)
Downloading: https://repo.maven.apache.org/maven2/org/apache/maven/plugins/maven-release-plugin/2.5/maven-release-plugin-2.5.jar
4/50 KB   8/50 KB   12/50 KB   16/50 KB   20/50 KB   24/50 KB   28/50 KB   32/50 KB   36/50 KB   40/50 KB   44/50 KB   48/50 KB   50/50 KB              Downloaded: https://repo.maven.apache.org/maven2/org/apache/maven/plugins/maven-release-plugin/2.5/maven-release-plugin-2.5.jar (50 KB at 529.6 KB/sec)
Downloading: https://repo.maven.apache.org/maven2/org/apache/maven/plugins/maven-clean-plugin/2.5/maven-clean-plugin-2.5.pom
4/4 KB              Downloaded: https://repo.maven.apache.org/maven2/org/apache/maven/plugins/maven-clean-plugin/2.5/maven-clean-plugin-2.5.pom (4 KB at 55.5 KB/sec)
Downloading: https://repo.maven.apache.org/maven2/org/apache/maven/plugins/maven-clean-plugin/2.5/maven-clean-plugin-2.5.jar
4/25 KB   8/25 KB   12/25 KB   16/25 KB   20/25 KB   24/25 KB   25/25 KB              Downloaded: https://repo.maven.apache.org/maven2/org/apache/maven/plugins/maven-clean-plugin/2.5/maven-clean-plugin-2.5.jar (25 KB at 375.9 KB/sec)
Downloading: https://repo.maven.apache.org/maven2/org/apache/maven/plugins/maven-deploy-plugin/2.7/maven-deploy-plugin-2.7.pom
4/6 KB     6/6 KB            Downloaded: https://repo.maven.apache.org/maven2/org/apache/maven/plugins/maven-deploy-plugin/2.7/maven-deploy-plugin-2.7.pom (6 KB at 144.2 KB/sec)
Downloading: https://repo.maven.apache.org/maven2/org/apache/maven/plugins/maven-deploy-plugin/2.7/maven-deploy-plugin-2.7.jar
4/27 KB   8/27 KB   12/27 KB   16/27 KB   20/27 KB   24/27 KB   27/27 KB              Downloaded: https://repo.maven.apache.org/maven2/org/apache/maven/plugins/maven-deploy-plugin/2.7/maven-deploy-plugin-2.7.jar (27 KB at 513.8 KB/sec)
Downloading: https://repo.maven.apache.org/maven2/org/apache/maven/plugins/maven-site-plugin/3.3/maven-site-plugin-3.3.pom
4/21 KB    8/21 KB   12/21 KB   16/21 KB   20/21 KB   21/21 KB              Downloaded: https://repo.maven.apache.org/maven2/org/apache/maven/plugins/maven-site-plugin/3.3/maven-site-plugin-3.3.pom (21 KB at 495.7 KB/sec)
Downloading: https://repo.maven.apache.org/maven2/org/apache/maven/plugins/maven-plugins/24/maven-plugins-24.pom
4/11 KB    8/11 KB   11/11 KB              Downloaded: https://repo.maven.apache.org/maven2/org/apache/maven/plugins/maven-plugins/24/maven-plugins-24.pom (11 KB at 310.4 KB/sec)
Downloading: https://repo.maven.apache.org/maven2/org/apache/maven/plugins/maven-site-plugin/3.3/maven-site-plugin-3.3.jar
4/122 KB   8/122 KB   12/122 KB   16/122 KB   20/122 KB   24/122 KB   28/122 KB   32/122 KB   36/122 KB   40/122 KB   44/122 KB   48/122 KB   52/122 KB   56/122 KB   60/122 KB   64/122 KB   68/122 KB   72/122 KB   76/122 KB   80/122 KB   84/122 KB   88/122 KB   92/122 KB   96/122 KB   100/122 KB   104/122 KB   108/122 KB   112/122 KB   116/122 KB   120/122 KB   122/122 KB                Downloaded: https://repo.maven.apache.org/maven2/org/apache/maven/plugins/maven-site-plugin/3.3/maven-site-plugin-3.3.jar (122 KB at 1641.1 KB/sec)
Downloading: https://repo.maven.apache.org/maven2/org/apache/maven/plugins/maven-antrun-plugin/1.3/maven-antrun-plugin-1.3.pom
4/5 KB       5/5 KB            Downloaded: https://repo.maven.apache.org/maven2/org/apache/maven/plugins/maven-antrun-plugin/1.3/maven-antrun-plugin-1.3.pom (5 KB at 177.7 KB/sec)
Downloading: https://repo.maven.apache.org/maven2/org/apache/maven/plugins/maven-plugins/12/maven-plugins-12.pom
4/12 KB   8/12 KB   12/12 KB   12/12 KB              Downloaded: https://repo.maven.apache.org/maven2/org/apache/maven/plugins/maven-plugins/12/maven-plugins-12.pom (12 KB at 370.1 KB/sec)
Downloading: https://repo.maven.apache.org/maven2/org/apache/maven/maven-parent/9/maven-parent-9.pom
4/33 KB    8/33 KB   12/33 KB   16/33 KB   20/33 KB   24/33 KB   28/33 KB   32/33 KB   33/33 KB              Downloaded: https://repo.maven.apache.org/maven2/org/apache/maven/maven-parent/9/maven-parent-9.pom (33 KB at 801.7 KB/sec)
Downloading: https://repo.maven.apache.org/maven2/org/apache/maven/plugins/maven-antrun-plugin/1.3/maven-antrun-plugin-1.3.jar
4/24 KB    8/24 KB   12/24 KB   16/24 KB   20/24 KB   24/24 KB              Downloaded: https://repo.maven.apache.org/maven2/org/apache/maven/plugins/maven-antrun-plugin/1.3/maven-antrun-plugin-1.3.jar (24 KB at 469.8 KB/sec)
Downloading: https://repo.maven.apache.org/maven2/org/apache/maven/plugins/maven-assembly-plugin/2.2-beta-5/maven-assembly-plugin-2.2-beta-5.pom
4/15 KB    8/15 KB   12/15 KB   15/15 KB              Downloaded: https://repo.maven.apache.org/maven2/org/apache/maven/plugins/maven-assembly-plugin/2.2-beta-5/maven-assembly-plugin-2.2-beta-5.pom (15 KB at 379.6 KB/sec)
Downloading: https://repo.maven.apache.org/maven2/org/apache/maven/plugins/maven-plugins/16/maven-plugins-16.pom
4/13 KB    8/13 KB   12/13 KB   13/13 KB              Downloaded: https://repo.maven.apache.org/maven2/org/apache/maven/plugins/maven-plugins/16/maven-plugins-16.pom (13 KB at 341.8 KB/sec)
Downloading: https://repo.maven.apache.org/maven2/org/apache/maven/maven-parent/15/maven-parent-15.pom
4/24 KB    8/24 KB   12/24 KB   16/24 KB   20/24 KB   24/24 KB              Downloaded: https://repo.maven.apache.org/maven2/org/apache/maven/maven-parent/15/maven-parent-15.pom (24 KB at 781.3 KB/sec)
Downloading: https://repo.maven.apache.org/maven2/org/apache/maven/plugins/maven-assembly-plugin/2.2-beta-5/maven-assembly-plugin-2.2-beta-5.jar
4/204 KB   8/204 KB   12/204 KB   16/204 KB   20/204 KB   24/204 KB   28/204 KB   32/204 KB   36/204 KB   40/204 KB   44/204 KB   48/204 KB   52/204 KB   56/204 KB   60/204 KB   64/204 KB   64/204 KB   68/204 KB   72/204 KB   76/204 KB   80/204 KB   84/204 KB   88/204 KB   92/204 KB   96/204 KB   100/204 KB   104/204 KB   108/204 KB   112/204 KB   116/204 KB   120/204 KB   124/204 KB   128/204 KB   132/204 KB   136/204 KB   140/204 KB   144/204 KB   148/204 KB   152/204 KB   156/204 KB   160/204 KB   164/204 KB   168/204 KB   172/204 KB   176/204 KB   180/204 KB   184/204 KB   188/204 KB   192/204 KB   196/204 KB   200/204 KB   204/204 KB                Downloaded: https://repo.maven.apache.org/maven2/org/apache/maven/plugins/maven-assembly-plugin/2.2-beta-5/maven-assembly-plugin-2.2-beta-5.jar (204 KB at 1569.0 KB/sec)
Downloading: https://repo.maven.apache.org/maven2/org/apache/maven/plugins/maven-dependency-plugin/2.8/maven-dependency-plugin-2.8.pom
4/12 KB      8/12 KB   12/12 KB              Downloaded: https://repo.maven.apache.org/maven2/org/apache/maven/plugins/maven-dependency-plugin/2.8/maven-dependency-plugin-2.8.pom (12 KB at 339.0 KB/sec)
Downloading: https://repo.maven.apache.org/maven2/org/apache/maven/plugins/maven-dependency-plugin/2.8/maven-dependency-plugin-2.8.jar
4/150 KB   8/150 KB   12/150 KB   16/150 KB   20/150 KB   24/150 KB   28/150 KB   32/150 KB   36/150 KB   40/150 KB   44/150 KB   48/150 KB   52/150 KB   56/150 KB   60/150 KB   64/150 KB   68/150 KB   72/150 KB   76/150 KB   80/150 KB   84/150 KB   88/150 KB   92/150 KB   96/150 KB   100/150 KB   104/150 KB   108/150 KB   112/150 KB   116/150 KB   120/150 KB   124/150 KB   128/150 KB   132/150 KB   136/150 KB   140/150 KB   144/150 KB   148/150 KB   150/150 KB                Downloaded: https://repo.maven.apache.org/maven2/org/apache/maven/plugins/maven-dependency-plugin/2.8/maven-dependency-plugin-2.8.jar (150 KB at 1626.0 KB/sec)
Downloading: https://repo.maven.apache.org/maven2/org/apache/maven/plugins/maven-release-plugin/2.1/maven-release-plugin-2.1.pom
4/9 KB       8/9 KB   9/9 KB            Downloaded: https://repo.maven.apache.org/maven2/org/apache/maven/plugins/maven-release-plugin/2.1/maven-release-plugin-2.1.pom (9 KB at 243.3 KB/sec)
Downloading: https://repo.maven.apache.org/maven2/org/apache/maven/release/maven-release/2.1/maven-release-2.1.pom
3/7 KB   7/7 KB   7/7 KB            Downloaded: https://repo.maven.apache.org/maven2/org/apache/maven/release/maven-release/2.1/maven-release-2.1.pom (7 KB at 246.6 KB/sec)
Downloading: https://repo.maven.apache.org/maven2/org/apache/maven/plugins/maven-release-plugin/2.1/maven-release-plugin-2.1.jar
4/40 KB   8/40 KB   12/40 KB   16/40 KB   20/40 KB   24/40 KB   28/40 KB   32/40 KB   36/40 KB   40/40 KB              Downloaded: https://repo.maven.apache.org/maven2/org/apache/maven/plugins/maven-release-plugin/2.1/maven-release-plugin-2.1.jar (40 KB at 688.1 KB/sec)
Downloading: https://repo.maven.apache.org/maven2/org/apache/maven/plugins/maven-metadata.xml
4/13 KB    8/13 KB   Downloading: https://repo.maven.apache.org/maven2/org/codehaus/mojo/maven-metadata.xml
12/13 KB   13/13 KB   13/13 KB   4/20 KB   13/13 KB   8/20 KB   13/13 KB   12/20 KB   13/13 KB   16/20 KB                         Downloaded: https://repo.maven.apache.org/maven2/org/apache/maven/plugins/maven-metadata.xml (13 KB at 234.8 KB/sec)
20/20 KB              20/20 KB              Downloaded: https://repo.maven.apache.org/maven2/org/codehaus/mojo/maven-metadata.xml (20 KB at 304.6 KB/sec)
Downloading: https://repo.maven.apache.org/maven2/org/apache/maven/plugins/maven-source-plugin/maven-metadata.xml
746/746 B               Downloaded: https://repo.maven.apache.org/maven2/org/apache/maven/plugins/maven-source-plugin/maven-metadata.xml (746 B at 24.3 KB/sec)
Downloading: https://repo.maven.apache.org/maven2/org/apache/maven/plugins/maven-source-plugin/2.4/maven-source-plugin-2.4.pom
4/7 KB      7/7 KB            Downloaded: https://repo.maven.apache.org/maven2/org/apache/maven/plugins/maven-source-plugin/2.4/maven-source-plugin-2.4.pom (7 KB at 259.5 KB/sec)
Downloading: https://repo.maven.apache.org/maven2/org/apache/maven/plugins/maven-plugins/25/maven-plugins-25.pom
4/10 KB   8/10 KB   10/10 KB              Downloaded: https://repo.maven.apache.org/maven2/org/apache/maven/plugins/maven-plugins/25/maven-plugins-25.pom (10 KB at 291.5 KB/sec)
Downloading: https://repo.maven.apache.org/maven2/org/apache/maven/plugins/maven-source-plugin/2.4/maven-source-plugin-2.4.jar
4/31 KB    8/31 KB   12/31 KB   16/31 KB   20/31 KB   24/31 KB   28/31 KB   31/31 KB              Downloaded: https://repo.maven.apache.org/maven2/org/apache/maven/plugins/maven-source-plugin/2.4/maven-source-plugin-2.4.jar (31 KB at 852.5 KB/sec)
Downloading: https://repo.maven.apache.org/maven2/org/apache/maven/plugins/maven-javadoc-plugin/maven-metadata.xml
910/910 B               Downloaded: https://repo.maven.apache.org/maven2/org/apache/maven/plugins/maven-javadoc-plugin/maven-metadata.xml (910 B at 30.6 KB/sec)
Downloading: https://repo.maven.apache.org/maven2/org/apache/maven/plugins/maven-javadoc-plugin/2.10.3/maven-javadoc-plugin-2.10.3.pom
4/16 KB     8/16 KB   12/16 KB   16/16 KB   16/16 KB              Downloaded: https://repo.maven.apache.org/maven2/org/apache/maven/plugins/maven-javadoc-plugin/2.10.3/maven-javadoc-plugin-2.10.3.pom (16 KB at 497.0 KB/sec)
Downloading: https://repo.maven.apache.org/maven2/org/apache/maven/plugins/maven-javadoc-plugin/2.10.3/maven-javadoc-plugin-2.10.3.jar
4/396 KB   8/396 KB   12/396 KB   16/396 KB   20/396 KB   24/396 KB   28/396 KB   32/396 KB   36/396 KB   40/396 KB   44/396 KB   48/396 KB   52/396 KB   56/396 KB   60/396 KB   64/396 KB   68/396 KB   72/396 KB   76/396 KB   80/396 KB   84/396 KB   88/396 KB   92/396 KB   96/396 KB   100/396 KB   104/396 KB   108/396 KB   112/396 KB   116/396 KB   120/396 KB   124/396 KB   128/396 KB   132/396 KB   136/396 KB   140/396 KB   144/396 KB   148/396 KB   152/396 KB   156/396 KB   160/396 KB   164/396 KB   168/396 KB   172/396 KB   176/396 KB   180/396 KB   184/396 KB   188/396 KB   192/396 KB   196/396 KB   200/396 KB   204/396 KB   208/396 KB   212/396 KB   216/396 KB   220/396 KB   224/396 KB   228/396 KB   232/396 KB   236/396 KB   240/396 KB   244/396 KB   248/396 KB   252/396 KB   256/396 KB   260/396 KB   264/396 KB   268/396 KB   272/396 KB   276/396 KB   280/396 KB   284/396 KB   288/396 KB   292/396 KB   296/396 KB   300/396 KB   304/396 KB   308/396 KB   312/396 KB   316/396 KB   320/396 KB   324/396 KB   328/396 KB   332/396 KB   336/396 KB   340/396 KB   344/396 KB   348/396 KB   352/396 KB   356/396 KB   360/396 KB   364/396 KB   368/396 KB   372/396 KB   376/396 KB   380/396 KB   384/396 KB   388/396 KB   392/396 KB   396/396 KB   396/396 KB                Downloaded: https://repo.maven.apache.org/maven2/org/apache/maven/plugins/maven-javadoc-plugin/2.10.3/maven-javadoc-plugin-2.10.3.jar (396 KB at 1014.8 KB/sec)
[INFO]                                                                         
[INFO] ------------------------------------------------------------------------
[INFO] Building Retrofit (Parent) 2.0.0-SNAPSHOT
[INFO] ------------------------------------------------------------------------
[INFO] 
[INFO] --- maven-clean-plugin:2.5:clean (default-clean) @ parent ---
[INFO] 
[INFO] >>> maven-source-plugin:2.4:jar (default-cli) > generate-sources @ parent >>>
[INFO] 
[INFO] --- maven-enforcer-plugin:1.0:enforce (enforce-maven) @ parent ---
[INFO] 
[INFO] <<< maven-source-plugin:2.4:jar (default-cli) < generate-sources @ parent <<<
[INFO] 
[INFO] --- maven-source-plugin:2.4:jar (default-cli) @ parent ---
Downloading: https://repo.maven.apache.org/maven2/org/codehaus/plexus/plexus-archiver/2.6.3/plexus-archiver-2.6.3.pom
4/4 KB                Downloaded: https://repo.maven.apache.org/maven2/org/codehaus/plexus/plexus-archiver/2.6.3/plexus-archiver-2.6.3.pom (4 KB at 80.9 KB/sec)
Downloading: https://repo.maven.apache.org/maven2/org/codehaus/plexus/plexus-utils/3.0.18/plexus-utils-3.0.18.pom
4/4 KB            Downloaded: https://repo.maven.apache.org/maven2/org/codehaus/plexus/plexus-utils/3.0.18/plexus-utils-3.0.18.pom (4 KB at 72.1 KB/sec)
Downloading: https://repo.maven.apache.org/maven2/org/codehaus/plexus/plexus-io/2.1.3/plexus-io-2.1.3.pom
3/3 KB            Downloaded: https://repo.maven.apache.org/maven2/org/codehaus/plexus/plexus-io/2.1.3/plexus-io-2.1.3.pom (3 KB at 39.9 KB/sec)
Downloading: https://repo.maven.apache.org/maven2/org/codehaus/plexus/plexus-components/1.2/plexus-components-1.2.pom
3/3 KB            Downloaded: https://repo.maven.apache.org/maven2/org/codehaus/plexus/plexus-components/1.2/plexus-components-1.2.pom (3 KB at 114.9 KB/sec)
Downloading: https://repo.maven.apache.org/maven2/org/apache/commons/commons-compress/1.8.1/commons-compress-1.8.1.pom
4/12 KB   8/12 KB   12/12 KB              Downloaded: https://repo.maven.apache.org/maven2/org/apache/commons/commons-compress/1.8.1/commons-compress-1.8.1.pom (12 KB at 319.0 KB/sec)
Downloading: https://repo.maven.apache.org/maven2/org/apache/commons/commons-parent/33/commons-parent-33.pom
4/52 KB    8/52 KB   12/52 KB   16/52 KB   20/52 KB   24/52 KB   28/52 KB   32/52 KB   36/52 KB   40/52 KB   44/52 KB   48/52 KB   52/52 KB   52/52 KB              Downloaded: https://repo.maven.apache.org/maven2/org/apache/commons/commons-parent/33/commons-parent-33.pom (52 KB at 960.1 KB/sec)
Downloading: https://repo.maven.apache.org/maven2/org/codehaus/plexus/plexus-interpolation/1.11/plexus-interpolation-1.11.jar
Downloading: https://repo.maven.apache.org/maven2/org/codehaus/plexus/plexus-archiver/2.6.3/plexus-archiver-2.6.3.jar
Downloading: https://repo.maven.apache.org/maven2/org/codehaus/plexus/plexus-io/2.1.3/plexus-io-2.1.3.jar
Downloading: https://repo.maven.apache.org/maven2/org/apache/commons/commons-compress/1.8.1/commons-compress-1.8.1.jar
Downloading: https://repo.maven.apache.org/maven2/org/codehaus/plexus/plexus-utils/3.0.18/plexus-utils-3.0.18.jar
4/129 KB   8/129 KB   4/50 KB   12/129 KB   4/50 KB   16/129 KB   4/50 KB   20/129 KB   4/50 KB   4/129 KB   4/50 KB   20/129 KB   8/50 KB   20/129 KB   12/50 KB   20/129 KB   16/50 KB   20/129 KB   20/50 KB   20/129 KB   24/50 KB   20/129 KB   28/50 KB   20/129 KB   32/50 KB   20/129 KB   36/50 KB   24/129 KB   4/238 KB   40/50 KB   4/357 KB   24/129 KB   4/238 KB   44/50 KB   4/357 KB   24/129 KB   4/238 KB   48/50 KB   4/357 KB   24/129 KB   4/238 KB   50/50 KB   4/357 KB   24/129 KB   4/238 KB   36/50 KB   4/357 KB   24/129 KB   4/238 KB   36/50 KB   4/65 KB   24/129 KB   8/238 KB   50/50 KB   4/357 KB   4/65 KB   24/129 KB   12/238 KB   50/50 KB   4/357 KB   4/65 KB   24/129 KB   16/238 KB   50/50 KB   4/357 KB   24/129 KB   36/50 KB   4/65 KB   28/129 KB   16/238 KB   50/50 KB   4/357 KB   4/65 KB   32/129 KB   16/238 KB   50/50 KB   4/357 KB   4/65 KB   36/129 KB   16/238 KB   50/50 KB   4/357 KB   4/65 KB   40/129 KB   16/238 KB   50/50 KB   4/357 KB   4/65 KB   44/129 KB   16/238 KB   50/50 KB   4/357 KB   4/65 KB   48/129 KB   16/238 KB   50/50 KB   4/357 KB   4/65 KB   52/129 KB   16/238 KB   50/50 KB   4/357 KB   4/65 KB   24/129 KB   4/238 KB   50/50 KB   4/357 KB   8/65 KB   52/129 KB   20/238 KB   50/50 KB   8/357 KB   12/65 KB   52/129 KB   20/238 KB   50/50 KB   8/357 KB   16/65 KB   52/129 KB   20/238 KB   50/50 KB   8/357 KB   20/65 KB   52/129 KB   20/238 KB   50/50 KB   8/357 KB   24/65 KB   56/129 KB   20/238 KB   8/357 KB   28/65 KB   56/129 KB   20/238 KB   8/357 KB   32/65 KB   56/129 KB   20/238 KB   8/357 KB   36/65 KB   56/129 KB   20/238 KB   8/357 KB   4/65 KB   52/129 KB   20/238 KB   50/50 KB   8/357 KB   36/65 KB   56/129 KB   24/238 KB   8/357 KB   36/65 KB   56/129 KB   28/238 KB   8/357 KB   36/65 KB   56/129 KB   32/238 KB   8/357 KB   36/65 KB   56/129 KB   36/238 KB   8/357 KB   4/65 KB   52/129 KB   16/238 KB   50/50 KB   8/357 KB   36/65 KB   56/129 KB   36/238 KB   12/357 KB   36/65 KB   56/129 KB   36/238 KB   16/357 KB   36/65 KB   56/129 KB   36/238 KB   20/357 KB   36/65 KB   56/129 KB   36/238 KB   24/357 KB   36/65 KB   56/129 KB   36/238 KB   28/357 KB   36/65 KB   56/129 KB   36/238 KB   32/357 KB   36/65 KB   56/129 KB   36/238 KB   36/357 KB   20/65 KB   56/129 KB   20/238 KB   8/357 KB              36/65 KB   60/129 KB   40/238 KB   36/357 KB   36/65 KB   64/129 KB   40/238 KB   36/357 KB                                                            Downloaded: https://repo.maven.apache.org/maven2/org/codehaus/plexus/plexus-interpolation/1.11/plexus-interpolation-1.11.jar (50 KB at 198.2 KB/sec)
36/65 KB   56/129 KB   40/238 KB   36/357 KB   36/65 KB   64/129 KB   44/238 KB   36/357 KB   36/65 KB   64/129 KB   48/238 KB   36/357 KB   36/65 KB   64/129 KB   52/238 KB   36/357 KB   40/65 KB   68/129 KB   56/238 KB   40/357 KB   40/65 KB   68/129 KB   60/238 KB   40/357 KB   40/65 KB   68/129 KB   64/238 KB   40/357 KB   40/65 KB   68/129 KB   52/238 KB   40/357 KB   44/65 KB   68/129 KB   64/238 KB   40/357 KB   48/65 KB   68/129 KB   64/238 KB   40/357 KB   52/65 KB   68/129 KB   64/238 KB   40/357 KB   36/65 KB   68/129 KB   52/238 KB   40/357 KB   52/65 KB   68/129 KB   68/238 KB   44/357 KB   52/65 KB   68/129 KB   68/238 KB   48/357 KB   52/65 KB   68/129 KB   68/238 KB   52/357 KB   36/65 KB   68/129 KB   52/238 KB   36/357 KB   52/65 KB   72/129 KB   68/238 KB   52/357 KB   52/65 KB   76/129 KB   68/238 KB   52/357 KB   52/65 KB   80/129 KB   68/238 KB   52/357 KB   52/65 KB   84/129 KB   68/238 KB   52/357 KB   52/65 KB   88/129 KB   68/238 KB   52/357 KB   52/65 KB   92/129 KB   68/238 KB   56/357 KB   52/65 KB   96/129 KB   68/238 KB   56/357 KB   52/65 KB   100/129 KB   68/238 KB   56/357 KB   56/65 KB   104/129 KB   68/238 KB   56/357 KB   56/65 KB   108/129 KB   68/238 KB   56/357 KB   56/65 KB   112/129 KB   68/238 KB   56/357 KB   56/65 KB   116/129 KB   68/238 KB   56/357 KB   52/65 KB   68/129 KB   68/238 KB   40/357 KB   56/65 KB   116/129 KB   72/238 KB   56/357 KB   56/65 KB   116/129 KB   76/238 KB   56/357 KB   56/65 KB   116/129 KB   80/238 KB   56/357 KB   56/65 KB   116/129 KB   84/238 KB   56/357 KB   56/65 KB   100/129 KB   68/238 KB   56/357 KB   60/65 KB   116/129 KB   84/238 KB   56/357 KB   64/65 KB   116/129 KB   84/238 KB   56/357 KB   65/65 KB   116/129 KB   84/238 KB   56/357 KB   52/65 KB   88/129 KB   68/238 KB   56/357 KB   65/65 KB   116/129 KB   88/238 KB   56/357 KB   65/65 KB   116/129 KB   88/238 KB   60/357 KB   65/65 KB   116/129 KB   88/238 KB   64/357 KB   65/65 KB   116/129 KB   88/238 KB   68/357 KB   65/65 KB   116/129 KB   92/238 KB   72/357 KB   65/65 KB   116/129 KB   92/238 KB   76/357 KB   65/65 KB   116/129 KB   92/238 KB   80/357 KB   65/65 KB   116/129 KB   92/238 KB   84/357 KB   65/65 KB   116/129 KB   92/238 KB   68/357 KB   65/65 KB   120/129 KB   96/238 KB   84/357 KB   65/65 KB   120/129 KB   92/238 KB   84/357 KB   124/129 KB   100/238 KB   88/357 KB   128/129 KB   100/238 KB   88/357 KB   129/129 KB   100/238 KB   88/357 KB   120/129 KB   100/238 KB   88/357 KB   129/129 KB   100/238 KB   92/357 KB   129/129 KB   100/238 KB   96/357 KB                                                   Downloaded: https://repo.maven.apache.org/maven2/org/codehaus/plexus/plexus-io/2.1.3/plexus-io-2.1.3.jar (65 KB at 207.3 KB/sec)
120/129 KB   100/238 KB   84/357 KB             129/129 KB   104/238 KB   96/357 KB   129/129 KB   108/238 KB   96/357 KB   129/129 KB   112/238 KB   96/357 KB   129/129 KB   116/238 KB   96/357 KB                                         Downloaded: https://repo.maven.apache.org/maven2/org/codehaus/plexus/plexus-archiver/2.6.3/plexus-archiver-2.6.3.jar (129 KB at 381.8 KB/sec)
120/238 KB   96/357 KB                124/238 KB   96/357 KB   128/238 KB   96/357 KB   132/238 KB   96/357 KB   136/238 KB   100/357 KB   132/238 KB   100/357 KB   136/238 KB   104/357 KB   136/238 KB   108/357 KB   136/238 KB   112/357 KB   136/238 KB   116/357 KB   140/238 KB   120/357 KB   140/238 KB   124/357 KB   140/238 KB   128/357 KB   140/238 KB   132/357 KB   140/238 KB   116/357 KB   144/238 KB   132/357 KB   148/238 KB   132/357 KB   152/238 KB   132/357 KB   156/238 KB   132/357 KB   160/238 KB   132/357 KB   164/238 KB   132/357 KB   168/238 KB   136/357 KB   172/238 KB   136/357 KB   176/238 KB   136/357 KB   180/238 KB   136/357 KB   164/238 KB   136/357 KB   180/238 KB   140/357 KB   180/238 KB   144/357 KB   180/238 KB   148/357 KB   180/238 KB   152/357 KB   180/238 KB   156/357 KB   180/238 KB   160/357 KB   180/238 KB   164/357 KB   184/238 KB   168/357 KB   184/238 KB   172/357 KB   184/238 KB   176/357 KB   184/238 KB   180/357 KB   184/238 KB   164/357 KB   188/238 KB   180/357 KB   192/238 KB   180/357 KB   196/238 KB   180/357 KB   200/238 KB   180/357 KB   204/238 KB   180/357 KB   208/238 KB   180/357 KB   212/238 KB   180/357 KB   212/238 KB   184/357 KB   216/238 KB   184/357 KB   220/238 KB   184/357 KB   220/238 KB   188/357 KB   224/238 KB   188/357 KB   224/238 KB   192/357 KB   228/238 KB   192/357 KB   232/238 KB   192/357 KB   236/238 KB   192/357 KB   238/238 KB   192/357 KB   238/238 KB   196/357 KB   238/238 KB   200/357 KB   238/238 KB   204/357 KB   238/238 KB   208/357 KB   238/238 KB   212/357 KB   238/238 KB   216/357 KB   238/238 KB   220/357 KB   238/238 KB   224/357 KB   238/238 KB   228/357 KB   238/238 KB   232/357 KB   238/238 KB   236/357 KB   238/238 KB   240/357 KB   238/238 KB   244/357 KB   238/238 KB   248/357 KB   238/238 KB   252/357 KB   238/238 KB   256/357 KB   238/238 KB   260/357 KB                             Downloaded: https://repo.maven.apache.org/maven2/org/codehaus/plexus/plexus-utils/3.0.18/plexus-utils-3.0.18.jar (238 KB at 626.1 KB/sec)
264/357 KB                268/357 KB   272/357 KB   276/357 KB   280/357 KB   284/357 KB   288/357 KB   292/357 KB   296/357 KB   300/357 KB   304/357 KB   308/357 KB   312/357 KB   316/357 KB   320/357 KB   324/357 KB   328/357 KB   332/357 KB   336/357 KB   340/357 KB   344/357 KB   348/357 KB   352/357 KB   356/357 KB   357/357 KB                Downloaded: https://repo.maven.apache.org/maven2/org/apache/commons/commons-compress/1.8.1/commons-compress-1.8.1.jar (357 KB at 832.1 KB/sec)
[INFO] 
[INFO] --- maven-javadoc-plugin:2.10.3:jar (default-cli) @ parent ---
Downloading: https://repo.maven.apache.org/maven2/org/apache/maven/shared/maven-invoker/2.0.9/maven-invoker-2.0.9.pom
4/6 KB       6/6 KB            Downloaded: https://repo.maven.apache.org/maven2/org/apache/maven/shared/maven-invoker/2.0.9/maven-invoker-2.0.9.pom (6 KB at 141.0 KB/sec)
Downloading: https://repo.maven.apache.org/maven2/org/apache/maven/maven-plugin-api/2.0.8/maven-plugin-api-2.0.8.pom
2/2 KB            Downloaded: https://repo.maven.apache.org/maven2/org/apache/maven/maven-plugin-api/2.0.8/maven-plugin-api-2.0.8.pom (2 KB at 31.0 KB/sec)
Downloading: https://repo.maven.apache.org/maven2/org/codehaus/plexus/plexus-utils/1.4.9/plexus-utils-1.4.9.pom
3/3 KB            Downloaded: https://repo.maven.apache.org/maven2/org/codehaus/plexus/plexus-utils/1.4.9/plexus-utils-1.4.9.pom (3 KB at 59.0 KB/sec)
Downloading: https://repo.maven.apache.org/maven2/org/apache/maven/wagon/wagon-provider-api/1.0-beta-6/wagon-provider-api-1.0-beta-6.pom
2/2 KB            Downloaded: https://repo.maven.apache.org/maven2/org/apache/maven/wagon/wagon-provider-api/1.0-beta-6/wagon-provider-api-1.0-beta-6.pom (2 KB at 74.7 KB/sec)
Downloading: https://repo.maven.apache.org/maven2/org/apache/maven/wagon/wagon/1.0-beta-6/wagon-1.0-beta-6.pom
4/13 KB   8/13 KB   12/13 KB   13/13 KB              Downloaded: https://repo.maven.apache.org/maven2/org/apache/maven/wagon/wagon/1.0-beta-6/wagon-1.0-beta-6.pom (13 KB at 281.3 KB/sec)
Downloading: https://repo.maven.apache.org/maven2/org/codehaus/plexus/plexus-utils/1.4.2/plexus-utils-1.4.2.pom
2/2 KB              Downloaded: https://repo.maven.apache.org/maven2/org/codehaus/plexus/plexus-utils/1.4.2/plexus-utils-1.4.2.pom (2 KB at 32.4 KB/sec)
Downloading: https://repo.maven.apache.org/maven2/commons-io/commons-io/2.2/commons-io-2.2.pom
4/11 KB   8/11 KB   11/11 KB              Downloaded: https://repo.maven.apache.org/maven2/commons-io/commons-io/2.2/commons-io-2.2.pom (11 KB at 203.3 KB/sec)
Downloading: https://repo.maven.apache.org/maven2/org/apache/commons/commons-parent/24/commons-parent-24.pom
4/47 KB    8/47 KB   12/47 KB   16/47 KB   20/47 KB   24/47 KB   28/47 KB   32/47 KB   36/47 KB   40/47 KB   44/47 KB   47/47 KB              Downloaded: https://repo.maven.apache.org/maven2/org/apache/commons/commons-parent/24/commons-parent-24.pom (47 KB at 721.2 KB/sec)
Downloading: https://repo.maven.apache.org/maven2/org/apache/httpcomponents/httpclient/4.2.3/httpclient-4.2.3.pom
4/6 KB     6/6 KB            Downloaded: https://repo.maven.apache.org/maven2/org/apache/httpcomponents/httpclient/4.2.3/httpclient-4.2.3.pom (6 KB at 120.3 KB/sec)
Downloading: https://repo.maven.apache.org/maven2/org/apache/httpcomponents/httpcomponents-client/4.2.3/httpcomponents-client-4.2.3.pom
4/15 KB   8/15 KB   12/15 KB   15/15 KB              Downloaded: https://repo.maven.apache.org/maven2/org/apache/httpcomponents/httpcomponents-client/4.2.3/httpcomponents-client-4.2.3.pom (15 KB at 528.2 KB/sec)
Downloading: https://repo.maven.apache.org/maven2/org/apache/httpcomponents/project/6/project-6.pom
4/24 KB    8/24 KB   12/24 KB   16/24 KB   20/24 KB   24/24 KB              Downloaded: https://repo.maven.apache.org/maven2/org/apache/httpcomponents/project/6/project-6.pom (24 KB at 836.6 KB/sec)
Downloading: https://repo.maven.apache.org/maven2/org/apache/httpcomponents/httpcore/4.2.2/httpcore-4.2.2.pom
4/6 KB     6/6 KB            Downloaded: https://repo.maven.apache.org/maven2/org/apache/httpcomponents/httpcore/4.2.2/httpcore-4.2.2.pom (6 KB at 213.5 KB/sec)
Downloading: https://repo.maven.apache.org/maven2/org/apache/httpcomponents/httpcomponents-core/4.2.2/httpcomponents-core-4.2.2.pom
4/12 KB   8/12 KB   12/12 KB              Downloaded: https://repo.maven.apache.org/maven2/org/apache/httpcomponents/httpcomponents-core/4.2.2/httpcomponents-core-4.2.2.pom (12 KB at 228.7 KB/sec)
Downloading: https://repo.maven.apache.org/maven2/commons-codec/commons-codec/1.6/commons-codec-1.6.pom
1/11 KB    5/11 KB   9/11 KB   11/11 KB              Downloaded: https://repo.maven.apache.org/maven2/commons-codec/commons-codec/1.6/commons-codec-1.6.pom (11 KB at 247.6 KB/sec)
Downloading: https://repo.maven.apache.org/maven2/log4j/log4j/1.2.14/log4j-1.2.14.pom
3/3 KB              Downloaded: https://repo.maven.apache.org/maven2/log4j/log4j/1.2.14/log4j-1.2.14.pom (3 KB at 52.7 KB/sec)
Downloading: https://repo.maven.apache.org/maven2/com/thoughtworks/qdox/qdox/1.12.1/qdox-1.12.1.pom
4/18 KB   8/18 KB   12/18 KB   16/18 KB   18/18 KB              Downloaded: https://repo.maven.apache.org/maven2/com/thoughtworks/qdox/qdox/1.12.1/qdox-1.12.1.pom (18 KB at 429.6 KB/sec)
Downloading: https://repo.maven.apache.org/maven2/org/codehaus/plexus/plexus-archiver/2.9/plexus-archiver-2.9.pom
4/5 KB     5/5 KB            Downloaded: https://repo.maven.apache.org/maven2/org/codehaus/plexus/plexus-archiver/2.9/plexus-archiver-2.9.pom (5 KB at 157.9 KB/sec)
Downloading: https://repo.maven.apache.org/maven2/org/codehaus/plexus/plexus-io/2.4/plexus-io-2.4.pom
4/4 KB            Downloaded: https://repo.maven.apache.org/maven2/org/codehaus/plexus/plexus-io/2.4/plexus-io-2.4.pom (4 KB at 134.8 KB/sec)
Downloading: https://repo.maven.apache.org/maven2/org/apache/commons/commons-compress/1.9/commons-compress-1.9.pom
4/12 KB   8/12 KB   12/12 KB              Downloaded: https://repo.maven.apache.org/maven2/org/apache/commons/commons-compress/1.9/commons-compress-1.9.pom (12 KB at 338.3 KB/sec)
Downloading: https://repo.maven.apache.org/maven2/org/apache/commons/commons-parent/34/commons-parent-34.pom
4/55 KB    8/55 KB   12/55 KB   16/55 KB   20/55 KB   24/55 KB   28/55 KB   32/55 KB   36/55 KB   40/55 KB   44/55 KB   48/55 KB   52/55 KB   55/55 KB              Downloaded: https://repo.maven.apache.org/maven2/org/apache/commons/commons-parent/34/commons-parent-34.pom (55 KB at 135.9 KB/sec)
Downloading: https://repo.maven.apache.org/maven2/org/apache/maven/shared/maven-invoker/2.0.9/maven-invoker-2.0.9.jar
Downloading: https://repo.maven.apache.org/maven2/org/apache/maven/doxia/doxia-core/1.4/doxia-core-1.4.jar
Downloading: https://repo.maven.apache.org/maven2/org/codehaus/plexus/plexus-velocity/1.1.7/plexus-velocity-1.1.7.jar
Downloading: https://repo.maven.apache.org/maven2/commons-digester/commons-digester/1.8/commons-digester-1.8.jar
Downloading: https://repo.maven.apache.org/maven2/antlr/antlr/2.7.2/antlr-2.7.2.jar
4/28 KB    8/28 KB   12/28 KB   16/28 KB   20/28 KB   24/28 KB   28/28 KB   28/28 KB   28/28 KB   4/8 KB   28/28 KB   8/8 KB   28/28 KB   8/8 KB   28/28 KB   8/8 KB   4/162 KB   28/28 KB   8/8 KB   8/162 KB   28/28 KB   8/8 KB   12/162 KB   28/28 KB   8/8 KB   16/162 KB   28/28 KB   8/8 KB   16/162 KB   4/350 KB   28/28 KB   8/8 KB   16/162 KB   8/350 KB   28/28 KB   8/8 KB   16/162 KB   12/350 KB   28/28 KB   8/8 KB   16/162 KB   16/350 KB   28/28 KB   8/8 KB   20/162 KB   16/350 KB   28/28 KB   8/8 KB   24/162 KB   16/350 KB   28/28 KB   8/8 KB   28/162 KB   16/350 KB   28/28 KB   8/8 KB   32/162 KB   16/350 KB   28/28 KB   8/8 KB   32/162 KB   16/350 KB   4/141 KB   28/28 KB   8/8 KB   32/162 KB   16/350 KB   8/141 KB   28/28 KB   8/8 KB   32/162 KB   16/350 KB   12/141 KB   28/28 KB   8/8 KB   32/162 KB   16/350 KB   16/141 KB   28/28 KB   8/8 KB   32/162 KB   16/350 KB   20/141 KB                                                           Downloaded: https://repo.maven.apache.org/maven2/org/codehaus/plexus/plexus-velocity/1.1.7/plexus-velocity-1.1.7.jar (8 KB at 48.3 KB/sec)
Downloading: https://repo.maven.apache.org/maven2/commons-lang/commons-lang/2.4/commons-lang-2.4.jar
28/28 KB   8/8 KB   32/162 KB   20/350 KB   20/141 KB   28/28 KB   36/162 KB   20/350 KB   20/141 KB            28/28 KB   36/162 KB   24/350 KB   20/141 KB   28/28 KB   40/162 KB   24/350 KB   20/141 KB   28/28 KB   40/162 KB   28/350 KB   20/141 KB   28/28 KB   44/162 KB   28/350 KB   20/141 KB   28/28 KB   44/162 KB   32/350 KB   20/141 KB                                                  Downloaded: https://repo.maven.apache.org/maven2/org/apache/maven/shared/maven-invoker/2.0.9/maven-invoker-2.0.9.jar (28 KB at 163.4 KB/sec)
Downloading: https://repo.maven.apache.org/maven2/commons-io/commons-io/2.2/commons-io-2.2.jar
48/162 KB   32/350 KB   20/141 KB              48/162 KB   36/350 KB   20/141 KB   48/162 KB   36/350 KB   24/141 KB   52/162 KB   36/350 KB   28/141 KB   52/162 KB   36/350 KB   32/141 KB   52/162 KB   36/350 KB   24/141 KB   56/162 KB   36/350 KB   32/141 KB   60/162 KB   36/350 KB   32/141 KB   64/162 KB   36/350 KB   32/141 KB   64/162 KB   36/350 KB   36/141 KB   64/162 KB   40/350 KB   40/141 KB   64/162 KB   40/350 KB   44/141 KB   64/162 KB   40/350 KB   48/141 KB   64/162 KB   40/350 KB   52/141 KB   64/162 KB   40/350 KB   36/141 KB   4/170 KB   68/162 KB   40/350 KB   52/141 KB   4/256 KB   4/170 KB   64/162 KB   40/350 KB   52/141 KB   4/256 KB   4/170 KB   68/162 KB   44/350 KB   52/141 KB   4/256 KB   4/170 KB   68/162 KB   48/350 KB   52/141 KB   8/256 KB   4/170 KB   68/162 KB   48/350 KB   52/141 KB   12/256 KB   4/170 KB   68/162 KB   48/350 KB   56/141 KB   16/256 KB   4/170 KB   68/162 KB   48/350 KB   56/141 KB   20/256 KB   4/170 KB   64/162 KB   40/350 KB   52/141 KB   4/170 KB   68/162 KB   48/350 KB   56/141 KB   12/256 KB   8/170 KB   68/162 KB   48/350 KB   56/141 KB   20/256 KB   12/170 KB   68/162 KB   48/350 KB   56/141 KB   20/256 KB   12/170 KB   68/162 KB   48/350 KB   60/141 KB   20/256 KB   16/170 KB   68/162 KB   48/350 KB   60/141 KB   24/256 KB   16/170 KB   68/162 KB   48/350 KB   64/141 KB   24/256 KB   16/170 KB   72/162 KB   48/350 KB   64/141 KB   28/256 KB   16/170 KB   76/162 KB   48/350 KB   64/141 KB   28/256 KB   16/170 KB   80/162 KB   48/350 KB   64/141 KB   28/256 KB   16/170 KB   84/162 KB   48/350 KB   64/141 KB   28/256 KB   16/170 KB   88/162 KB   48/350 KB   64/141 KB   28/256 KB   16/170 KB   92/162 KB   48/350 KB   64/141 KB   28/256 KB   16/170 KB   96/162 KB   48/350 KB   64/141 KB   28/256 KB   4/170 KB   68/162 KB   48/350 KB   52/141 KB   8/256 KB   16/170 KB   68/162 KB   48/350 KB   64/141 KB   28/256 KB   16/170 KB   96/162 KB   48/350 KB   64/141 KB   32/256 KB   16/170 KB   96/162 KB   48/350 KB   64/141 KB   36/256 KB   16/170 KB   68/162 KB   48/350 KB   60/141 KB   20/256 KB   16/170 KB   96/162 KB   52/350 KB   64/141 KB   36/256 KB   16/170 KB   96/162 KB   56/350 KB   64/141 KB   36/256 KB   16/170 KB   96/162 KB   60/350 KB   64/141 KB   36/256 KB   16/170 KB   96/162 KB   64/350 KB   64/141 KB   36/256 KB   20/170 KB   96/162 KB   64/350 KB   64/141 KB   36/256 KB   24/170 KB   96/162 KB   64/350 KB   64/141 KB   36/256 KB   28/170 KB   96/162 KB   64/350 KB   64/141 KB   36/256 KB   32/170 KB   96/162 KB   64/350 KB   64/141 KB   36/256 KB   32/170 KB   96/162 KB   64/350 KB   68/141 KB   36/256 KB   32/170 KB   96/162 KB   64/350 KB   72/141 KB   36/256 KB   32/170 KB   96/162 KB   64/350 KB   76/141 KB   36/256 KB   32/170 KB   96/162 KB   64/350 KB   80/141 KB   36/256 KB   36/170 KB   96/162 KB   64/350 KB   80/141 KB   36/256 KB   40/170 KB   96/162 KB   64/350 KB   80/141 KB   40/256 KB   44/170 KB   96/162 KB   64/350 KB   80/141 KB   40/256 KB   48/170 KB   96/162 KB   64/350 KB   80/141 KB   40/256 KB   48/170 KB   96/162 KB   64/350 KB   84/141 KB   40/256 KB   48/170 KB   96/162 KB   68/350 KB   88/141 KB   40/256 KB   48/170 KB   96/162 KB   68/350 KB   92/141 KB   40/256 KB   52/170 KB   96/162 KB   68/350 KB   96/141 KB   40/256 KB   36/170 KB   96/162 KB   64/350 KB   80/141 KB   40/256 KB   52/170 KB   100/162 KB   68/350 KB   96/141 KB   44/256 KB   52/170 KB   100/162 KB   68/350 KB   96/141 KB   48/256 KB   52/170 KB   100/162 KB   68/350 KB   96/141 KB   52/256 KB   52/170 KB   100/162 KB   68/350 KB   96/141 KB   56/256 KB   52/170 KB   100/162 KB   68/350 KB   96/141 KB   60/256 KB   52/170 KB   100/162 KB   68/350 KB   96/141 KB   64/256 KB   52/170 KB   100/162 KB   68/350 KB   96/141 KB   68/256 KB   56/170 KB   100/162 KB   68/350 KB   96/141 KB   72/256 KB   56/170 KB   100/162 KB   68/350 KB   96/141 KB   76/256 KB   56/170 KB   100/162 KB   68/350 KB   96/141 KB   80/256 KB   56/170 KB   100/162 KB   68/350 KB   96/141 KB   84/256 KB   52/170 KB   100/162 KB   68/350 KB   96/141 KB   40/256 KB   52/170 KB   96/162 KB   68/350 KB   96/141 KB   40/256 KB   56/170 KB   104/162 KB   68/350 KB   96/141 KB   88/256 KB   56/170 KB   104/162 KB   68/350 KB   96/141 KB   92/256 KB   56/170 KB   104/162 KB   68/350 KB   96/141 KB   96/256 KB   56/170 KB   104/162 KB   68/350 KB   100/141 KB   96/256 KB   48/170 KB   96/162 KB   68/350 KB   84/141 KB   40/256 KB   56/170 KB   104/162 KB   68/350 KB   96/141 KB   84/256 KB   56/170 KB   104/162 KB   72/350 KB   100/141 KB   96/256 KB   56/170 KB   108/162 KB   72/350 KB   100/141 KB   96/256 KB   56/170 KB   108/162 KB   76/350 KB   100/141 KB   96/256 KB   56/170 KB   100/162 KB   68/350 KB   96/141 KB   68/256 KB   56/170 KB   112/162 KB   80/350 KB   100/141 KB   96/256 KB   56/170 KB   112/162 KB   76/350 KB   100/141 KB   96/256 KB   60/170 KB   116/162 KB   80/350 KB   100/141 KB   100/256 KB   60/170 KB   120/162 KB   80/350 KB   100/141 KB   100/256 KB   60/170 KB   124/162 KB   80/350 KB   100/141 KB   100/256 KB   60/170 KB   128/162 KB   80/350 KB   100/141 KB   100/256 KB   60/170 KB   128/162 KB   84/350 KB   100/141 KB   100/256 KB   60/170 KB   128/162 KB   88/350 KB   104/141 KB   100/256 KB   60/170 KB   128/162 KB   92/350 KB   104/141 KB   100/256 KB   60/170 KB   128/162 KB   96/350 KB   104/141 KB   100/256 KB   60/170 KB   132/162 KB   96/350 KB   104/141 KB   100/256 KB   60/170 KB   136/162 KB   96/350 KB   104/141 KB   100/256 KB   60/170 KB   140/162 KB   96/350 KB   104/141 KB   100/256 KB   60/170 KB   144/162 KB   96/350 KB   104/141 KB   100/256 KB   60/170 KB   144/162 KB   100/350 KB   104/141 KB   100/256 KB   60/170 KB   144/162 KB   104/350 KB   104/141 KB   100/256 KB   60/170 KB   144/162 KB   108/350 KB   104/141 KB   100/256 KB   60/170 KB   144/162 KB   112/350 KB   104/141 KB   100/256 KB   60/170 KB   112/162 KB   80/350 KB   100/141 KB   100/256 KB   60/170 KB   112/162 KB   80/350 KB   100/141 KB   96/256 KB   64/170 KB   144/162 KB   112/350 KB   104/141 KB   100/256 KB   60/170 KB   128/162 KB   84/350 KB   104/141 KB   100/256 KB   64/170 KB   144/162 KB   112/350 KB   108/141 KB   100/256 KB   64/170 KB   144/162 KB   112/350 KB   112/141 KB   100/256 KB   68/170 KB   144/162 KB   112/350 KB   112/141 KB   100/256 KB   72/170 KB   144/162 KB   112/350 KB   112/141 KB   100/256 KB   76/170 KB   144/162 KB   112/350 KB   112/141 KB   100/256 KB   80/170 KB   144/162 KB   112/350 KB   112/141 KB   100/256 KB   80/170 KB   144/162 KB   112/350 KB   116/141 KB   100/256 KB   84/170 KB   148/162 KB   116/350 KB   120/141 KB   104/256 KB   84/170 KB   148/162 KB   116/350 KB   124/141 KB   104/256 KB   84/170 KB   148/162 KB   116/350 KB   128/141 KB   104/256 KB   84/170 KB   144/162 KB   112/350 KB   116/141 KB   100/256 KB   88/170 KB   148/162 KB   116/350 KB   128/141 KB   104/256 KB   92/170 KB   148/162 KB   116/350 KB   128/141 KB   104/256 KB   96/170 KB   148/162 KB   116/350 KB   128/141 KB   104/256 KB   96/170 KB   148/162 KB   116/350 KB   132/141 KB   104/256 KB   96/170 KB   148/162 KB   116/350 KB   136/141 KB   104/256 KB   96/170 KB   148/162 KB   116/350 KB   140/141 KB   104/256 KB   96/170 KB   148/162 KB   116/350 KB   141/141 KB   104/256 KB   84/170 KB   148/162 KB   116/350 KB   116/141 KB   104/256 KB   84/170 KB   148/162 KB   112/350 KB   116/141 KB   104/256 KB   96/170 KB   152/162 KB   116/350 KB   141/141 KB   104/256 KB   96/170 KB   156/162 KB   116/350 KB   141/141 KB   104/256 KB   96/170 KB   160/162 KB   116/350 KB   141/141 KB   104/256 KB   96/170 KB   162/162 KB   116/350 KB   141/141 KB   104/256 KB   100/170 KB   162/162 KB   116/350 KB   141/141 KB   104/256 KB   84/170 KB   144/162 KB   112/350 KB   116/141 KB   104/256 KB   104/170 KB   162/162 KB   116/350 KB   141/141 KB   108/256 KB   104/170 KB   162/162 KB   116/350 KB   141/141 KB   112/256 KB   104/170 KB   162/162 KB   116/350 KB   141/141 KB   116/256 KB   104/170 KB   162/162 KB   116/350 KB   141/141 KB   104/256 KB   108/170 KB   162/162 KB   116/350 KB   141/141 KB   116/256 KB   112/170 KB   162/162 KB   116/350 KB   141/141 KB   116/256 KB   112/170 KB   162/162 KB   116/350 KB   141/141 KB   120/256 KB   112/170 KB   162/162 KB   116/350 KB   141/141 KB   124/256 KB   112/170 KB   162/162 KB   116/350 KB   141/141 KB   128/256 KB   112/170 KB   162/162 KB   116/350 KB   141/141 KB   132/256 KB                                                                    116/170 KB   120/350 KB   141/141 KB   136/256 KB                116/170 KB   120/350 KB   141/141 KB   140/256 KB   Downloaded: https://repo.maven.apache.org/maven2/org/apache/maven/doxia/doxia-core/1.4/doxia-core-1.4.jar (162 KB at 516.1 KB/sec)
Downloading: https://repo.maven.apache.org/maven2/org/apache/httpcomponents/httpclient/4.2.3/httpclient-4.2.3.jar
116/170 KB   162/162 KB   120/350 KB   141/141 KB   132/256 KB   116/170 KB   162/162 KB   116/350 KB   141/141 KB   132/256 KB   116/170 KB   124/350 KB   141/141 KB   144/256 KB   116/170 KB   120/350 KB   141/141 KB   144/256 KB   120/170 KB   124/350 KB   141/141 KB   144/256 KB   120/170 KB   128/350 KB   141/141 KB   144/256 KB   124/170 KB   128/350 KB   141/141 KB   144/256 KB   128/170 KB   128/350 KB   141/141 KB   144/256 KB   132/170 KB   128/350 KB   141/141 KB   144/256 KB   136/170 KB   128/350 KB   141/141 KB   144/256 KB   140/170 KB   128/350 KB   141/141 KB   144/256 KB   144/170 KB   128/350 KB   141/141 KB   144/256 KB   144/170 KB   128/350 KB   141/141 KB   148/256 KB   144/170 KB   128/350 KB   141/141 KB   152/256 KB   144/170 KB   128/350 KB   141/141 KB   156/256 KB   144/170 KB   128/350 KB   141/141 KB   160/256 KB   148/170 KB   128/350 KB   141/141 KB   160/256 KB   152/170 KB   132/350 KB   4/423 KB   164/256 KB   156/170 KB   132/350 KB   4/423 KB   164/256 KB   160/170 KB   132/350 KB   4/423 KB   164/256 KB   164/170 KB   132/350 KB   4/423 KB   164/256 KB   168/170 KB   132/350 KB   4/423 KB   164/256 KB   170/170 KB   132/350 KB   4/423 KB   164/256 KB   148/170 KB   132/350 KB   4/423 KB   164/256 KB   148/170 KB   128/350 KB   4/423 KB   164/256 KB   148/170 KB   128/350 KB   164/256 KB                                                                    170/170 KB   136/350 KB   8/423 KB   164/256 KB   170/170 KB   140/350 KB   8/423 KB   164/256 KB   170/170 KB   144/350 KB   8/423 KB   164/256 KB   Downloaded: https://repo.maven.apache.org/maven2/commons-digester/commons-digester/1.8/commons-digester-1.8.jar (141 KB at 477.0 KB/sec)
Downloading: https://repo.maven.apache.org/maven2/org/apache/httpcomponents/httpcore/4.2.2/httpcore-4.2.2.jar
170/170 KB   132/350 KB   8/423 KB   164/256 KB   170/170 KB   144/350 KB   12/423 KB   164/256 KB   170/170 KB   144/350 KB   16/423 KB   164/256 KB   170/170 KB   148/350 KB   16/423 KB   164/256 KB   170/170 KB   152/350 KB   16/423 KB   164/256 KB   170/170 KB   156/350 KB   16/423 KB   164/256 KB   170/170 KB   160/350 KB   16/423 KB   164/256 KB   170/170 KB   160/350 KB   20/423 KB   164/256 KB   170/170 KB   160/350 KB   24/423 KB   164/256 KB   170/170 KB   160/350 KB   28/423 KB   164/256 KB   170/170 KB   160/350 KB   32/423 KB   164/256 KB   170/170 KB   164/350 KB   32/423 KB   164/256 KB   170/170 KB   168/350 KB   32/423 KB   164/256 KB   170/170 KB   172/350 KB   32/423 KB   164/256 KB   170/170 KB   176/350 KB   32/423 KB   164/256 KB   170/170 KB   180/350 KB   32/423 KB   164/256 KB   170/170 KB   184/350 KB   32/423 KB   164/256 KB   170/170 KB   188/350 KB   32/423 KB   164/256 KB   170/170 KB   188/350 KB   36/423 KB   164/256 KB   170/170 KB   192/350 KB   40/423 KB   168/256 KB   170/170 KB   192/350 KB   44/423 KB   168/256 KB   170/170 KB   192/350 KB   36/423 KB   164/256 KB   170/170 KB   192/350 KB   36/423 KB   168/256 KB   170/170 KB   192/350 KB   48/423 KB   172/256 KB   170/170 KB   192/350 KB   48/423 KB   176/256 KB   170/170 KB   192/350 KB   48/423 KB   168/256 KB   170/170 KB   196/350 KB   48/423 KB   4/219 KB   176/256 KB   170/170 KB   196/350 KB   48/423 KB   8/219 KB   176/256 KB   170/170 KB   196/350 KB   48/423 KB   12/219 KB   176/256 KB   170/170 KB   196/350 KB   48/423 KB   16/219 KB   176/256 KB   170/170 KB   196/350 KB   52/423 KB   16/219 KB   176/256 KB   170/170 KB   196/350 KB   56/423 KB   16/219 KB   180/256 KB   170/170 KB   196/350 KB   60/423 KB   16/219 KB   180/256 KB   170/170 KB   196/350 KB   64/423 KB   16/219 KB   180/256 KB   170/170 KB   196/350 KB   64/423 KB   20/219 KB   180/256 KB   170/170 KB   196/350 KB   64/423 KB   24/219 KB   180/256 KB   170/170 KB   196/350 KB   64/423 KB   28/219 KB   180/256 KB   170/170 KB   196/350 KB   64/423 KB   32/219 KB   180/256 KB   170/170 KB   196/350 KB   48/423 KB   176/256 KB   200/350 KB   68/423 KB   36/219 KB   180/256 KB   204/350 KB   68/423 KB   36/219 KB   180/256 KB   208/350 KB   68/423 KB   36/219 KB   180/256 KB   212/350 KB   68/423 KB   36/219 KB   180/256 KB   216/350 KB   68/423 KB   36/219 KB   180/256 KB   220/350 KB   68/423 KB   36/219 KB   180/256 KB   224/350 KB   68/423 KB   36/219 KB   180/256 KB   196/350 KB   68/423 KB   36/219 KB   180/256 KB   196/350 KB   68/423 KB   32/219 KB   180/256 KB                                                                               170/170 KB   196/350 KB   52/423 KB   16/219 KB   180/256 KB   Downloaded: https://repo.maven.apache.org/maven2/commons-io/commons-io/2.2/commons-io-2.2.jar (170 KB at 518.4 KB/sec)
224/350 KB   68/423 KB   36/219 KB   184/256 KB   224/350 KB   72/423 KB   40/219 KB   184/256 KB   224/350 KB   72/423 KB   40/219 KB   188/256 KB   224/350 KB   72/423 KB   44/219 KB   192/256 KB   Downloading: https://repo.maven.apache.org/maven2/commons-codec/commons-codec/1.6/commons-codec-1.6.jar
224/350 KB   72/423 KB   48/219 KB   192/256 KB   224/350 KB   72/423 KB   44/219 KB   192/256 KB   224/350 KB   72/423 KB   44/219 KB   192/256 KB   224/350 KB   72/423 KB   52/219 KB   192/256 KB   224/350 KB   72/423 KB   56/219 KB   192/256 KB   228/350 KB   4/228 KB   76/423 KB   60/219 KB   196/256 KB   228/350 KB   4/228 KB   76/423 KB   64/219 KB   196/256 KB   228/350 KB   4/228 KB   76/423 KB   68/219 KB   196/256 KB   228/350 KB   4/228 KB   76/423 KB   72/219 KB   196/256 KB   228/350 KB   4/228 KB   76/423 KB   76/219 KB   196/256 KB   228/350 KB   4/228 KB   76/423 KB   80/219 KB   196/256 KB   228/350 KB   4/228 KB   76/423 KB   84/219 KB   196/256 KB   228/350 KB   4/228 KB   76/423 KB   56/219 KB   196/256 KB   224/350 KB   4/228 KB   76/423 KB   56/219 KB   196/256 KB   224/350 KB   76/423 KB   56/219 KB   196/256 KB   224/350 KB   72/423 KB   56/219 KB   196/256 KB   228/350 KB   8/228 KB   76/423 KB   84/219 KB   196/256 KB   228/350 KB   8/228 KB   76/423 KB   84/219 KB   200/256 KB   232/350 KB   12/228 KB   76/423 KB   84/219 KB   200/256 KB   236/350 KB   12/228 KB   76/423 KB   84/219 KB   200/256 KB   228/350 KB   12/228 KB   76/423 KB   84/219 KB   200/256 KB   240/350 KB   12/228 KB   76/423 KB   88/219 KB   200/256 KB   240/350 KB   12/228 KB   76/423 KB   92/219 KB   200/256 KB   240/350 KB   16/228 KB   76/423 KB   92/219 KB   200/256 KB   240/350 KB   12/228 KB   76/423 KB   84/219 KB   200/256 KB   240/350 KB   20/228 KB   76/423 KB   96/219 KB   200/256 KB   240/350 KB   24/228 KB   76/423 KB   96/219 KB   200/256 KB   240/350 KB   28/228 KB   76/423 KB   96/219 KB   200/256 KB   240/350 KB   32/228 KB   76/423 KB   96/219 KB   200/256 KB   244/350 KB   32/228 KB   76/423 KB   96/219 KB   200/256 KB   248/350 KB   32/228 KB   76/423 KB   96/219 KB   204/256 KB   252/350 KB   32/228 KB   76/423 KB   96/219 KB   204/256 KB   256/350 KB   32/228 KB   76/423 KB   96/219 KB   204/256 KB   260/350 KB   32/228 KB   76/423 KB   96/219 KB   204/256 KB   264/350 KB   32/228 KB   80/423 KB   96/219 KB   204/256 KB   268/350 KB   32/228 KB   80/423 KB   96/219 KB   204/256 KB   272/350 KB   32/228 KB   80/423 KB   96/219 KB   204/256 KB   240/350 KB   16/228 KB   76/423 KB   96/219 KB   200/256 KB   272/350 KB   36/228 KB   80/423 KB   96/219 KB   204/256 KB   272/350 KB   40/228 KB   80/423 KB   96/219 KB   204/256 KB   272/350 KB   44/228 KB   80/423 KB   96/219 KB   204/256 KB   272/350 KB   48/228 KB   80/423 KB   96/219 KB   204/256 KB   272/350 KB   48/228 KB   80/423 KB   100/219 KB   204/256 KB   260/350 KB   32/228 KB   80/423 KB   96/219 KB   204/256 KB   244/350 KB   32/228 KB   76/423 KB   96/219 KB   204/256 KB   276/350 KB   52/228 KB   80/423 KB   100/219 KB   208/256 KB   276/350 KB   52/228 KB   80/423 KB   100/219 KB   212/256 KB   276/350 KB   52/228 KB   80/423 KB   100/219 KB   216/256 KB   276/350 KB   52/228 KB   80/423 KB   100/219 KB   220/256 KB   276/350 KB   52/228 KB   80/423 KB   100/219 KB   224/256 KB   276/350 KB   52/228 KB   80/423 KB   100/219 KB   228/256 KB   276/350 KB   52/228 KB   84/423 KB   100/219 KB   232/256 KB   276/350 KB   52/228 KB   84/423 KB   100/219 KB   236/256 KB   276/350 KB   52/228 KB   84/423 KB   100/219 KB   240/256 KB   276/350 KB   52/228 KB   84/423 KB   100/219 KB   244/256 KB   276/350 KB   52/228 KB   84/423 KB   104/219 KB   248/256 KB   276/350 KB   52/228 KB   84/423 KB   104/219 KB   252/256 KB   276/350 KB   52/228 KB   84/423 KB   104/219 KB   256/256 KB   276/350 KB   52/228 KB   80/423 KB   100/219 KB   204/256 KB   280/350 KB   52/228 KB   84/423 KB   104/219 KB   256/256 KB   272/350 KB   52/228 KB   80/423 KB   100/219 KB   204/256 KB   284/350 KB   56/228 KB   84/423 KB   104/219 KB   256/256 KB   284/350 KB   60/228 KB   84/423 KB   104/219 KB   256/256 KB   284/350 KB   64/228 KB   84/423 KB   104/219 KB   256/256 KB   284/350 KB   52/228 KB   84/423 KB   104/219 KB   256/256 KB   288/350 KB   64/228 KB   84/423 KB   104/219 KB   256/256 KB   292/350 KB   64/228 KB   84/423 KB   104/219 KB   256/256 KB   276/350 KB   52/228 KB   84/423 KB   104/219 KB   244/256 KB   292/350 KB   64/228 KB   84/423 KB   108/219 KB   256/256 KB   292/350 KB   64/228 KB   84/423 KB   112/219 KB   256/256 KB   292/350 KB   68/228 KB   84/423 KB   112/219 KB   256/256 KB   292/350 KB   72/228 KB   84/423 KB   112/219 KB   256/256 KB   292/350 KB   76/228 KB   84/423 KB   112/219 KB   256/256 KB   292/350 KB   80/228 KB   84/423 KB   112/219 KB   256/256 KB   292/350 KB   80/228 KB   84/423 KB   116/219 KB   256/256 KB   276/350 KB   52/228 KB   84/423 KB   100/219 KB   228/256 KB   292/350 KB   80/228 KB   88/423 KB   116/219 KB   256/256 KB   292/350 KB   80/228 KB   92/423 KB   116/219 KB   256/256 KB   292/350 KB   80/228 KB   96/423 KB   116/219 KB   256/256 KB   292/350 KB   84/228 KB   96/423 KB   116/219 KB   256/256 KB   292/350 KB   88/228 KB   96/423 KB   116/219 KB   256/256 KB   292/350 KB   92/228 KB   96/423 KB   116/219 KB   256/256 KB   292/350 KB   96/228 KB   96/423 KB   116/219 KB   256/256 KB   292/350 KB   96/228 KB   100/423 KB   116/219 KB   256/256 KB   292/350 KB   96/228 KB   104/423 KB   120/219 KB   256/256 KB   292/350 KB   96/228 KB   108/423 KB   120/219 KB   256/256 KB   292/350 KB   96/228 KB   112/423 KB   120/219 KB   256/256 KB   292/350 KB   96/228 KB   116/423 KB   120/219 KB   256/256 KB   292/350 KB   96/228 KB   100/423 KB   120/219 KB   256/256 KB   296/350 KB   100/228 KB   116/423 KB   124/219 KB   296/350 KB   100/228 KB   116/423 KB   128/219 KB   296/350 KB   100/228 KB   116/423 KB   132/219 KB   296/350 KB   100/228 KB   116/423 KB   136/219 KB   296/350 KB   100/228 KB   116/423 KB   140/219 KB   296/350 KB   100/228 KB   116/423 KB   144/219 KB   296/350 KB   100/228 KB   120/423 KB   148/219 KB   296/350 KB   100/228 KB   116/423 KB   120/219 KB                300/350 KB   100/228 KB   120/423 KB   148/219 KB   304/350 KB   100/228 KB   120/423 KB   148/219 KB   308/350 KB   100/228 KB   120/423 KB   148/219 KB                                                                    292/350 KB   100/228 KB   116/423 KB   120/219 KB   256/256 KB   Downloaded: https://repo.maven.apache.org/maven2/commons-lang/commons-lang/2.4/commons-lang-2.4.jar (256 KB at 542.8 KB/sec)
296/350 KB   100/228 KB   120/423 KB   144/219 KB   312/350 KB   100/228 KB   124/423 KB   152/219 KB   312/350 KB   100/228 KB   128/423 KB   152/219 KB   312/350 KB   104/228 KB   128/423 KB   152/219 KB   312/350 KB   108/228 KB   128/423 KB   152/219 KB   312/350 KB   112/228 KB   128/423 KB   152/219 KB   312/350 KB   112/228 KB   132/423 KB   152/219 KB   312/350 KB   112/228 KB   136/423 KB   152/219 KB   312/350 KB   112/228 KB   140/423 KB   152/219 KB   312/350 KB   112/228 KB   144/423 KB   152/219 KB   312/350 KB   116/228 KB   144/423 KB   152/219 KB   312/350 KB   120/228 KB   144/423 KB   152/219 KB   312/350 KB   124/228 KB   144/423 KB   152/219 KB   312/350 KB   128/228 KB   144/423 KB   152/219 KB   312/350 KB   128/228 KB   148/423 KB   152/219 KB   312/350 KB   100/228 KB   120/423 KB   152/219 KB   312/350 KB   128/228 KB   148/423 KB   156/219 KB   312/350 KB   128/228 KB   148/423 KB   160/219 KB   312/350 KB   128/228 KB   148/423 KB   164/219 KB   312/350 KB   100/228 KB   120/423 KB   148/219 KB   Downloading: https://repo.maven.apache.org/maven2/log4j/log4j/1.2.14/log4j-1.2.14.jar
316/350 KB   128/228 KB   148/423 KB   164/219 KB   320/350 KB   128/228 KB   148/423 KB   164/219 KB   320/350 KB   132/228 KB   148/423 KB   164/219 KB   320/350 KB   136/228 KB   148/423 KB   164/219 KB   320/350 KB   140/228 KB   148/423 KB   164/219 KB   320/350 KB   144/228 KB   148/423 KB   164/219 KB   324/350 KB   144/228 KB   148/423 KB   164/219 KB   328/350 KB   144/228 KB   148/423 KB   164/219 KB   332/350 KB   144/228 KB   148/423 KB   164/219 KB   336/350 KB   144/228 KB   148/423 KB   164/219 KB   340/350 KB   144/228 KB   148/423 KB   164/219 KB   344/350 KB   144/228 KB   152/423 KB   168/219 KB   348/350 KB   144/228 KB   152/423 KB   168/219 KB   350/350 KB   144/228 KB   152/423 KB   168/219 KB   340/350 KB   144/228 KB   152/423 KB   168/219 KB   350/350 KB   144/228 KB   156/423 KB   168/219 KB   350/350 KB   144/228 KB   160/423 KB   168/219 KB   350/350 KB   148/228 KB   160/423 KB   168/219 KB   350/350 KB   152/228 KB   160/423 KB   168/219 KB   350/350 KB   156/228 KB   160/423 KB   168/219 KB   350/350 KB   160/228 KB   160/423 KB   168/219 KB   340/350 KB   144/228 KB   148/423 KB   168/219 KB   350/350 KB   160/228 KB   160/423 KB   172/219 KB   350/350 KB   160/228 KB   160/423 KB   176/219 KB   350/350 KB   160/228 KB   160/423 KB   180/219 KB   350/350 KB   164/228 KB   160/423 KB   184/219 KB   350/350 KB   164/228 KB   160/423 KB   188/219 KB   350/350 KB   164/228 KB   160/423 KB   192/219 KB   350/350 KB   164/228 KB   160/423 KB   180/219 KB   350/350 KB   164/228 KB   164/423 KB   4/359 KB   196/219 KB   350/350 KB   164/228 KB   160/423 KB   4/359 KB   196/219 KB   350/350 KB   164/228 KB   160/423 KB   196/219 KB   350/350 KB   164/228 KB   168/423 KB   4/359 KB   196/219 KB   350/350 KB   164/228 KB   172/423 KB   4/359 KB   196/219 KB   350/350 KB   164/228 KB   176/423 KB   4/359 KB   196/219 KB   350/350 KB   164/228 KB   176/423 KB   8/359 KB   196/219 KB   350/350 KB   164/228 KB   176/423 KB   12/359 KB   196/219 KB   350/350 KB   164/228 KB   176/423 KB   16/359 KB   196/219 KB                                                                   Downloaded: https://repo.maven.apache.org/maven2/antlr/antlr/2.7.2/antlr-2.7.2.jar (350 KB at 649.1 KB/sec)
Downloading: https://repo.maven.apache.org/maven2/com/thoughtworks/qdox/qdox/1.12.1/qdox-1.12.1.jar
164/228 KB   180/423 KB   16/359 KB   196/219 KB                168/228 KB   184/423 KB   20/359 KB   200/219 KB   168/228 KB   188/423 KB   20/359 KB   200/219 KB   168/228 KB   192/423 KB   20/359 KB   200/219 KB   168/228 KB   196/423 KB   20/359 KB   200/219 KB   168/228 KB   200/423 KB   20/359 KB   200/219 KB   168/228 KB   204/423 KB   20/359 KB   200/219 KB   168/228 KB   208/423 KB   20/359 KB   200/219 KB   168/228 KB   180/423 KB   20/359 KB   200/219 KB   168/228 KB   208/423 KB   24/359 KB   200/219 KB   168/228 KB   208/423 KB   28/359 KB   200/219 KB   168/228 KB   208/423 KB   32/359 KB   200/219 KB   168/228 KB   180/423 KB   16/359 KB   200/219 KB   172/228 KB   208/423 KB   32/359 KB   200/219 KB   176/228 KB   208/423 KB   32/359 KB   200/219 KB   180/228 KB   208/423 KB   32/359 KB   200/219 KB   164/228 KB   180/423 KB   16/359 KB   200/219 KB   180/228 KB   4/176 KB   212/423 KB   36/359 KB   204/219 KB   180/228 KB   4/176 KB   212/423 KB   36/359 KB   208/219 KB   180/228 KB   4/176 KB   212/423 KB   36/359 KB   212/219 KB   180/228 KB   4/176 KB   212/423 KB   36/359 KB   216/219 KB   180/228 KB   4/176 KB   212/423 KB   36/359 KB   219/219 KB   184/228 KB   4/176 KB   212/423 KB   36/359 KB   219/219 KB   188/228 KB   4/176 KB   212/423 KB   36/359 KB   219/219 KB   192/228 KB   4/176 KB   212/423 KB   36/359 KB   219/219 KB   196/228 KB   4/176 KB   212/423 KB   36/359 KB   219/219 KB   200/228 KB   4/176 KB   212/423 KB   36/359 KB   219/219 KB   204/228 KB   4/176 KB   212/423 KB   36/359 KB   219/219 KB   208/228 KB   4/176 KB   212/423 KB   36/359 KB   219/219 KB   212/228 KB   4/176 KB   212/423 KB   36/359 KB   219/219 KB   180/228 KB   4/176 KB   212/423 KB   36/359 KB   200/219 KB   212/228 KB   4/176 KB   216/423 KB   36/359 KB   219/219 KB   212/228 KB   4/176 KB   220/423 KB   36/359 KB   219/219 KB   212/228 KB   4/176 KB   224/423 KB   36/359 KB   219/219 KB                                                                 Downloaded: https://repo.maven.apache.org/maven2/org/apache/httpcomponents/httpcore/4.2.2/httpcore-4.2.2.jar (219 KB at 388.5 KB/sec)
Downloading: https://repo.maven.apache.org/maven2/org/codehaus/plexus/plexus-archiver/2.9/plexus-archiver-2.9.jar
180/228 KB   4/176 KB   208/423 KB   36/359 KB   200/219 KB   180/228 KB   4/176 KB   208/423 KB   32/359 KB   200/219 KB   212/228 KB   4/176 KB   224/423 KB   40/359 KB                212/228 KB   4/176 KB   224/423 KB   44/359 KB   212/228 KB   4/176 KB   224/423 KB   48/359 KB   212/228 KB   4/176 KB   228/423 KB   48/359 KB   212/228 KB   4/176 KB   232/423 KB   48/359 KB   212/228 KB   4/176 KB   236/423 KB   48/359 KB   212/228 KB   4/176 KB   240/423 KB   48/359 KB   216/228 KB   4/176 KB   240/423 KB   48/359 KB   220/228 KB   8/176 KB   240/423 KB   48/359 KB   224/228 KB   8/176 KB   240/423 KB   48/359 KB   228/228 KB   8/176 KB   240/423 KB   48/359 KB   216/228 KB   8/176 KB   240/423 KB   48/359 KB   228/228 KB   12/176 KB   244/423 KB   52/359 KB   228/228 KB   16/176 KB   244/423 KB   52/359 KB   4/142 KB   228/228 KB   16/176 KB   244/423 KB   52/359 KB   8/142 KB   228/228 KB   16/176 KB   244/423 KB   52/359 KB   12/142 KB   228/228 KB   16/176 KB   244/423 KB   52/359 KB   16/142 KB   228/228 KB   16/176 KB   244/423 KB   52/359 KB   20/142 KB   228/228 KB   16/176 KB   244/423 KB   52/359 KB   24/142 KB   228/228 KB   16/176 KB   244/423 KB   52/359 KB   28/142 KB   228/228 KB   16/176 KB   244/423 KB   52/359 KB   32/142 KB   228/228 KB   16/176 KB   244/423 KB   52/359 KB   36/142 KB   228/228 KB   16/176 KB   244/423 KB   52/359 KB   40/142 KB   228/228 KB   20/176 KB   244/423 KB   52/359 KB   44/142 KB   228/228 KB   20/176 KB   244/423 KB   52/359 KB   48/142 KB   228/228 KB   20/176 KB   244/423 KB   52/359 KB   228/228 KB   8/176 KB   244/423 KB   52/359 KB   228/228 KB   8/176 KB   240/423 KB   52/359 KB   52/142 KB   228/228 KB   20/176 KB   248/423 KB   52/359 KB   56/142 KB   228/228 KB   20/176 KB   248/423 KB   56/359 KB   52/142 KB   228/228 KB   20/176 KB   248/423 KB   56/359 KB   60/142 KB   228/228 KB   20/176 KB   248/423 KB   60/359 KB   60/142 KB   228/228 KB   20/176 KB   248/423 KB   64/359 KB                                                                 Downloaded: https://repo.maven.apache.org/maven2/commons-codec/commons-codec/1.6/commons-codec-1.6.jar (228 KB at 378.9 KB/sec)
48/142 KB   228/228 KB   20/176 KB   248/423 KB   52/359 KB   36/142 KB   228/228 KB   20/176 KB   244/423 KB   52/359 KB   60/142 KB   20/176 KB   252/423 KB   64/359 KB                60/142 KB   24/176 KB   252/423 KB   64/359 KB   60/142 KB   28/176 KB   252/423 KB   64/359 KB   60/142 KB   32/176 KB   252/423 KB   64/359 KB   60/142 KB   32/176 KB   256/423 KB   64/359 KB   Downloading: https://repo.maven.apache.org/maven2/org/codehaus/plexus/plexus-io/2.4/plexus-io-2.4.jar
60/142 KB   36/176 KB   256/423 KB   64/359 KB   60/142 KB   40/176 KB   256/423 KB   64/359 KB   60/142 KB   44/176 KB   256/423 KB   64/359 KB   60/142 KB   48/176 KB   256/423 KB   64/359 KB   60/142 KB   48/176 KB   260/423 KB   64/359 KB   60/142 KB   48/176 KB   264/423 KB   64/359 KB   60/142 KB   48/176 KB   268/423 KB   64/359 KB   60/142 KB   48/176 KB   272/423 KB   64/359 KB   60/142 KB   52/176 KB   272/423 KB   64/359 KB   60/142 KB   228/228 KB   20/176 KB   248/423 KB   56/359 KB   64/142 KB   52/176 KB   272/423 KB   68/359 KB   64/142 KB   52/176 KB   276/423 KB   68/359 KB   64/142 KB   52/176 KB   280/423 KB   68/359 KB   64/142 KB   52/176 KB   284/423 KB   68/359 KB   64/142 KB   52/176 KB   288/423 KB   68/359 KB   64/142 KB   4/80 KB   52/176 KB   288/423 KB   68/359 KB   64/142 KB   8/80 KB   52/176 KB   288/423 KB   68/359 KB   64/142 KB   12/80 KB   52/176 KB   288/423 KB   68/359 KB   64/142 KB   16/80 KB   52/176 KB   288/423 KB   68/359 KB   64/142 KB   16/80 KB   52/176 KB   292/423 KB   68/359 KB   64/142 KB   16/80 KB   52/176 KB   296/423 KB   68/359 KB   64/142 KB   16/80 KB   52/176 KB   300/423 KB   68/359 KB   64/142 KB   16/80 KB   52/176 KB   304/423 KB   68/359 KB   64/142 KB   20/80 KB   52/176 KB   304/423 KB   68/359 KB   68/142 KB   24/80 KB   52/176 KB   304/423 KB   68/359 KB   68/142 KB   28/80 KB   52/176 KB   304/423 KB   68/359 KB   68/142 KB   32/80 KB   52/176 KB   304/423 KB   68/359 KB   68/142 KB   32/80 KB   52/176 KB   308/423 KB   68/359 KB   68/142 KB   32/80 KB   52/176 KB   312/423 KB   68/359 KB   68/142 KB   32/80 KB   52/176 KB   316/423 KB   68/359 KB   68/142 KB   32/80 KB   52/176 KB   320/423 KB   68/359 KB   68/142 KB   36/80 KB   52/176 KB   320/423 KB   68/359 KB   60/142 KB   52/176 KB   272/423 KB   68/359 KB   68/142 KB   36/80 KB   56/176 KB   320/423 KB   72/359 KB   68/142 KB   36/80 KB   56/176 KB   320/423 KB   76/359 KB   68/142 KB   36/80 KB   56/176 KB   320/423 KB   80/359 KB   68/142 KB   36/80 KB   56/176 KB   320/423 KB   84/359 KB   68/142 KB   36/80 KB   56/176 KB   320/423 KB   88/359 KB   68/142 KB   36/80 KB   56/176 KB   320/423 KB   92/359 KB   68/142 KB   36/80 KB   56/176 KB   320/423 KB   96/359 KB   68/142 KB   36/80 KB   56/176 KB   324/423 KB   96/359 KB   68/142 KB   36/80 KB   56/176 KB   328/423 KB   96/359 KB   68/142 KB   36/80 KB   56/176 KB   332/423 KB   96/359 KB   68/142 KB   36/80 KB   56/176 KB   336/423 KB   96/359 KB   68/142 KB   36/80 KB   56/176 KB   336/423 KB   100/359 KB   68/142 KB   36/80 KB   56/176 KB   320/423 KB   68/359 KB   68/142 KB   40/80 KB   60/176 KB   336/423 KB   100/359 KB   68/142 KB   40/80 KB   64/176 KB   336/423 KB   100/359 KB   68/142 KB   40/80 KB   68/176 KB   336/423 KB   100/359 KB   68/142 KB   20/80 KB   52/176 KB   304/423 KB   68/359 KB   72/142 KB   40/80 KB   68/176 KB   336/423 KB   100/359 KB   76/142 KB   40/80 KB   68/176 KB   336/423 KB   100/359 KB   80/142 KB   40/80 KB   68/176 KB   336/423 KB   100/359 KB   80/142 KB   40/80 KB   68/176 KB   340/423 KB   100/359 KB   80/142 KB   40/80 KB   68/176 KB   344/423 KB   100/359 KB   80/142 KB   40/80 KB   68/176 KB   348/423 KB   100/359 KB   80/142 KB   40/80 KB   68/176 KB   352/423 KB   100/359 KB   84/142 KB   40/80 KB   68/176 KB   352/423 KB   100/359 KB   88/142 KB   40/80 KB   68/176 KB   352/423 KB   100/359 KB   92/142 KB   40/80 KB   68/176 KB   352/423 KB   100/359 KB   96/142 KB   40/80 KB   68/176 KB   352/423 KB   100/359 KB   100/142 KB   40/80 KB   68/176 KB   352/423 KB   100/359 KB   68/142 KB   40/80 KB   56/176 KB   336/423 KB   100/359 KB   100/142 KB   44/80 KB   72/176 KB   352/423 KB   104/359 KB   100/142 KB   48/80 KB   72/176 KB   352/423 KB   104/359 KB   100/142 KB   48/80 KB   72/176 KB   356/423 KB   104/359 KB   100/142 KB   48/80 KB   72/176 KB   360/423 KB   104/359 KB   100/142 KB   48/80 KB   72/176 KB   364/423 KB   104/359 KB   100/142 KB   48/80 KB   72/176 KB   368/423 KB   104/359 KB   100/142 KB   52/80 KB   72/176 KB   368/423 KB   104/359 KB   100/142 KB   56/80 KB   72/176 KB   368/423 KB   104/359 KB   100/142 KB   60/80 KB   72/176 KB   368/423 KB   104/359 KB   100/142 KB   64/80 KB   72/176 KB   368/423 KB   104/359 KB   100/142 KB   68/80 KB   72/176 KB   368/423 KB   104/359 KB   100/142 KB   40/80 KB   72/176 KB   352/423 KB   104/359 KB   104/142 KB   68/80 KB   72/176 KB   368/423 KB   108/359 KB   104/142 KB   68/80 KB   72/176 KB   368/423 KB   112/359 KB   104/142 KB   68/80 KB   72/176 KB   372/423 KB   112/359 KB   104/142 KB   68/80 KB   72/176 KB   376/423 KB   112/359 KB   104/142 KB   68/80 KB   72/176 KB   380/423 KB   112/359 KB   104/142 KB   68/80 KB   72/176 KB   384/423 KB   112/359 KB   104/142 KB   68/80 KB   72/176 KB   384/423 KB   116/359 KB   100/142 KB   40/80 KB   72/176 KB   352/423 KB   100/359 KB   104/142 KB   68/80 KB   76/176 KB   384/423 KB   116/359 KB   104/142 KB   68/80 KB   80/176 KB   384/423 KB   116/359 KB   104/142 KB   68/80 KB   80/176 KB   388/423 KB   116/359 KB   104/142 KB   68/80 KB   80/176 KB   392/423 KB   116/359 KB   104/142 KB   68/80 KB   80/176 KB   396/423 KB   116/359 KB   104/142 KB   68/80 KB   80/176 KB   400/423 KB   116/359 KB   104/142 KB   68/80 KB   84/176 KB   400/423 KB   116/359 KB   104/142 KB   68/80 KB   88/176 KB   400/423 KB   116/359 KB   104/142 KB   68/80 KB   92/176 KB   400/423 KB   116/359 KB   104/142 KB   68/80 KB   96/176 KB   400/423 KB   116/359 KB   104/142 KB   68/80 KB   100/176 KB   400/423 KB   116/359 KB   104/142 KB   68/80 KB   72/176 KB   368/423 KB   104/359 KB   108/142 KB   72/80 KB   100/176 KB   400/423 KB   120/359 KB   112/142 KB   72/80 KB   100/176 KB   400/423 KB   120/359 KB   112/142 KB   72/80 KB   100/176 KB   404/423 KB   120/359 KB   112/142 KB   72/80 KB   100/176 KB   408/423 KB   120/359 KB   112/142 KB   72/80 KB   100/176 KB   412/423 KB   120/359 KB   112/142 KB   72/80 KB   100/176 KB   416/423 KB   120/359 KB   116/142 KB   72/80 KB   100/176 KB   416/423 KB   120/359 KB   120/142 KB   72/80 KB   100/176 KB   416/423 KB   120/359 KB   124/142 KB   72/80 KB   100/176 KB   416/423 KB   120/359 KB   128/142 KB   72/80 KB   100/176 KB   416/423 KB   120/359 KB   128/142 KB   72/80 KB   100/176 KB   420/423 KB   120/359 KB   128/142 KB   72/80 KB   100/176 KB   423/423 KB   120/359 KB   132/142 KB   72/80 KB   100/176 KB   423/423 KB   120/359 KB   104/142 KB   72/80 KB   100/176 KB   400/423 KB   120/359 KB   132/142 KB   76/80 KB   104/176 KB   423/423 KB   120/359 KB   132/142 KB   80/80 KB   104/176 KB   423/423 KB   120/359 KB   104/142 KB   68/80 KB   100/176 KB   400/423 KB   120/359 KB   132/142 KB   80/80 KB   104/176 KB   423/423 KB   124/359 KB   132/142 KB   80/80 KB   104/176 KB   423/423 KB   128/359 KB   132/142 KB   80/80 KB   104/176 KB   423/423 KB   132/359 KB   132/142 KB   80/80 KB   104/176 KB   423/423 KB   136/359 KB   132/142 KB   80/80 KB   104/176 KB   423/423 KB   140/359 KB   132/142 KB   80/80 KB   104/176 KB   423/423 KB   144/359 KB   132/142 KB   72/80 KB   104/176 KB   423/423 KB   120/359 KB   132/142 KB   80/80 KB   108/176 KB   423/423 KB   144/359 KB   132/142 KB   80/80 KB   112/176 KB   423/423 KB   144/359 KB                                                                  Downloaded: https://repo.maven.apache.org/maven2/org/apache/httpcomponents/httpclient/4.2.3/httpclient-4.2.3.jar (423 KB at 604.2 KB/sec)
Downloading: https://repo.maven.apache.org/maven2/org/apache/commons/commons-compress/1.9/commons-compress-1.9.jar
                                                               Downloaded: https://repo.maven.apache.org/maven2/org/codehaus/plexus/plexus-io/2.4/plexus-io-2.4.jar (80 KB at 112.9 KB/sec)
136/142 KB   112/176 KB   144/359 KB                           140/142 KB   112/176 KB   144/359 KB   142/142 KB   112/176 KB   144/359 KB   142/142 KB   116/176 KB   144/359 KB   142/142 KB   120/176 KB   144/359 KB   142/142 KB   124/176 KB   144/359 KB   142/142 KB   128/176 KB   144/359 KB   142/142 KB   128/176 KB   148/359 KB   142/142 KB   128/176 KB   152/359 KB   142/142 KB   128/176 KB   156/359 KB   142/142 KB   128/176 KB   160/359 KB   142/142 KB   132/176 KB   160/359 KB   142/142 KB   136/176 KB   160/359 KB   142/142 KB   140/176 KB   160/359 KB   142/142 KB   144/176 KB   160/359 KB   142/142 KB   148/176 KB   160/359 KB   142/142 KB   152/176 KB   160/359 KB   142/142 KB   156/176 KB   160/359 KB   142/142 KB   160/176 KB   160/359 KB   142/142 KB   160/176 KB   164/359 KB   142/142 KB   160/176 KB   168/359 KB   142/142 KB   160/176 KB   172/359 KB   142/142 KB   160/176 KB   176/359 KB                                          Downloaded: https://repo.maven.apache.org/maven2/org/codehaus/plexus/plexus-archiver/2.9/plexus-archiver-2.9.jar (142 KB at 198.6 KB/sec)
164/176 KB   176/359 KB                168/176 KB   176/359 KB   172/176 KB   176/359 KB   176/176 KB   176/359 KB   176/176 KB   180/359 KB   176/176 KB   184/359 KB   176/176 KB   188/359 KB   176/176 KB   192/359 KB   176/176 KB   196/359 KB   176/176 KB   200/359 KB   176/176 KB   204/359 KB   176/176 KB   208/359 KB   176/176 KB   208/359 KB   4/370 KB   176/176 KB   208/359 KB   8/370 KB   176/176 KB   208/359 KB   12/370 KB   176/176 KB   208/359 KB   16/370 KB   176/176 KB   212/359 KB   16/370 KB   176/176 KB   212/359 KB   20/370 KB   176/176 KB   212/359 KB   24/370 KB   176/176 KB   212/359 KB   28/370 KB   176/176 KB   212/359 KB   32/370 KB   176/176 KB   216/359 KB   32/370 KB   176/176 KB   220/359 KB   32/370 KB   176/176 KB   224/359 KB   32/370 KB   176/176 KB   224/359 KB   36/370 KB   228/359 KB   40/370 KB                228/359 KB   44/370 KB   228/359 KB   48/370 KB                                         Downloaded: https://repo.maven.apache.org/maven2/com/thoughtworks/qdox/qdox/1.12.1/qdox-1.12.1.jar (176 KB at 235.7 KB/sec)
176/176 KB   228/359 KB   36/370 KB   232/359 KB   48/370 KB   236/359 KB   48/370 KB   240/359 KB   48/370 KB   244/359 KB   48/370 KB   248/359 KB   48/370 KB   252/359 KB   48/370 KB   256/359 KB   48/370 KB   260/359 KB   48/370 KB   264/359 KB   52/370 KB   268/359 KB   52/370 KB   272/359 KB   52/370 KB   276/359 KB   52/370 KB   260/359 KB   52/370 KB   276/359 KB   56/370 KB   276/359 KB   60/370 KB   276/359 KB   64/370 KB   276/359 KB   68/370 KB   276/359 KB   72/370 KB   276/359 KB   76/370 KB   276/359 KB   80/370 KB   276/359 KB   84/370 KB   280/359 KB   88/370 KB   280/359 KB   92/370 KB   280/359 KB   96/370 KB   280/359 KB   100/370 KB   280/359 KB   84/370 KB   284/359 KB   100/370 KB   288/359 KB   100/370 KB   292/359 KB   100/370 KB   296/359 KB   100/370 KB   300/359 KB   100/370 KB   304/359 KB   100/370 KB   308/359 KB   100/370 KB   312/359 KB   104/370 KB   316/359 KB   104/370 KB   320/359 KB   104/370 KB   324/359 KB   104/370 KB   308/359 KB   104/370 KB   324/359 KB   108/370 KB   324/359 KB   112/370 KB   324/359 KB   116/370 KB   324/359 KB   120/370 KB   324/359 KB   124/370 KB   324/359 KB   128/370 KB   324/359 KB   132/370 KB   328/359 KB   136/370 KB   328/359 KB   140/370 KB   328/359 KB   144/370 KB   328/359 KB   148/370 KB   328/359 KB   132/370 KB   332/359 KB   148/370 KB   336/359 KB   148/370 KB   340/359 KB   148/370 KB   344/359 KB   148/370 KB   348/359 KB   148/370 KB   352/359 KB   148/370 KB   356/359 KB   148/370 KB   359/359 KB   152/370 KB   356/359 KB   152/370 KB   359/359 KB   156/370 KB   359/359 KB   160/370 KB   359/359 KB   164/370 KB   359/359 KB   168/370 KB   359/359 KB   172/370 KB   359/359 KB   176/370 KB   359/359 KB   180/370 KB   359/359 KB   184/370 KB   359/359 KB   188/370 KB   359/359 KB   192/370 KB                             Downloaded: https://repo.maven.apache.org/maven2/log4j/log4j/1.2.14/log4j-1.2.14.jar (359 KB at 436.0 KB/sec)
196/370 KB                200/370 KB   204/370 KB   208/370 KB   212/370 KB   216/370 KB   220/370 KB   224/370 KB   228/370 KB   232/370 KB   236/370 KB   240/370 KB   244/370 KB   248/370 KB   252/370 KB   255/370 KB   259/370 KB   263/370 KB   267/370 KB   271/370 KB   275/370 KB   279/370 KB   283/370 KB   287/370 KB   291/370 KB   295/370 KB   299/370 KB   303/370 KB   307/370 KB   311/370 KB   315/370 KB   319/370 KB   323/370 KB   327/370 KB   331/370 KB   335/370 KB   339/370 KB   343/370 KB   347/370 KB   351/370 KB   355/370 KB   359/370 KB   363/370 KB   367/370 KB   370/370 KB                Downloaded: https://repo.maven.apache.org/maven2/org/apache/commons/commons-compress/1.9/commons-compress-1.9.jar (370 KB at 416.9 KB/sec)
[INFO] Not executing Javadoc as the project is not a Java classpath-capable package
[INFO] 
[INFO] --- maven-enforcer-plugin:1.0:enforce (enforce-maven) @ parent ---
[INFO] 
[INFO] --- animal-sniffer-maven-plugin:1.14:check (default) @ parent ---
[INFO] Checking unresolved references to org.codehaus.mojo.signature:java16:1.1
[INFO] 
[INFO] --- maven-checkstyle-plugin:2.15:checkstyle (default) @ parent ---
[INFO] 
[INFO] --- maven-install-plugin:2.4:install (default-install) @ parent ---
[INFO] Installing /home/travis/build/square/retrofit/pom.xml to /home/travis/.m2/repository/com/squareup/retrofit/parent/2.0.0-SNAPSHOT/parent-2.0.0-SNAPSHOT.pom
[INFO] 
[INFO] --- maven-deploy-plugin:2.7:deploy (default-deploy) @ parent ---
Downloading: https://oss.sonatype.org/content/repositories/snapshots/com/squareup/retrofit/parent/2.0.0-SNAPSHOT/maven-metadata.xml
608/608 B                Downloaded: https://oss.sonatype.org/content/repositories/snapshots/com/squareup/retrofit/parent/2.0.0-SNAPSHOT/maven-metadata.xml (608 B at 0.8 KB/sec)
Uploading: https://oss.sonatype.org/content/repositories/snapshots/com/squareup/retrofit/parent/2.0.0-SNAPSHOT/parent-2.0.0-20151009.223134-130.pom
2/8 KB      4/8 KB   6/8 KB   8/8 KB            Uploaded: https://oss.sonatype.org/content/repositories/snapshots/com/squareup/retrofit/parent/2.0.0-SNAPSHOT/parent-2.0.0-20151009.223134-130.pom (8 KB at 24.8 KB/sec)
Downloading: https://oss.sonatype.org/content/repositories/snapshots/com/squareup/retrofit/parent/maven-metadata.xml
427/427 B               Downloaded: https://oss.sonatype.org/content/repositories/snapshots/com/squareup/retrofit/parent/maven-metadata.xml (427 B at 8.3 KB/sec)
Uploading: https://oss.sonatype.org/content/repositories/snapshots/com/squareup/retrofit/parent/2.0.0-SNAPSHOT/maven-metadata.xml
608/608 B               Uploaded: https://oss.sonatype.org/content/repositories/snapshots/com/squareup/retrofit/parent/2.0.0-SNAPSHOT/maven-metadata.xml (608 B at 3.9 KB/sec)
Uploading: https://oss.sonatype.org/content/repositories/snapshots/com/squareup/retrofit/parent/maven-metadata.xml
427/427 B               Uploaded: https://oss.sonatype.org/content/repositories/snapshots/com/squareup/retrofit/parent/maven-metadata.xml (427 B at 2.9 KB/sec)
[INFO]                                                                         
[INFO] ------------------------------------------------------------------------
[INFO] Building Retrofit 2.0.0-SNAPSHOT
[INFO] ------------------------------------------------------------------------
[INFO] 
[INFO] --- maven-clean-plugin:2.5:clean (default-clean) @ retrofit ---
[INFO] Deleting /home/travis/build/square/retrofit/retrofit/target
[INFO] 
[INFO] >>> maven-source-plugin:2.4:jar (default-cli) > generate-sources @ retrofit >>>
[INFO] 
[INFO] --- maven-enforcer-plugin:1.0:enforce (enforce-maven) @ retrofit ---
[INFO] 
[INFO] <<< maven-source-plugin:2.4:jar (default-cli) < generate-sources @ retrofit <<<
[INFO] 
[INFO] --- maven-source-plugin:2.4:jar (default-cli) @ retrofit ---
[INFO] Building jar: /home/travis/build/square/retrofit/retrofit/target/retrofit-2.0.0-SNAPSHOT-sources.jar
[INFO] 
[INFO] --- maven-javadoc-plugin:2.10.3:jar (default-cli) @ retrofit ---
[INFO] 
Loading source files for package retrofit...
Loading source files for package retrofit.http...
Constructing Javadoc information...
Standard Doclet version 1.8.0_31
Building tree for all the packages and classes...
Generating /home/travis/build/square/retrofit/retrofit/target/apidocs/retrofit/BaseUrl.html...
Generating /home/travis/build/square/retrofit/retrofit/target/apidocs/retrofit/Call.html...
Generating /home/travis/build/square/retrofit/retrofit/target/apidocs/retrofit/CallAdapter.html...
Generating /home/travis/build/square/retrofit/retrofit/target/apidocs/retrofit/CallAdapter.Factory.html...
Generating /home/travis/build/square/retrofit/retrofit/target/apidocs/retrofit/Callback.html...
Generating /home/travis/build/square/retrofit/retrofit/target/apidocs/retrofit/Converter.html...
Generating /home/travis/build/square/retrofit/retrofit/target/apidocs/retrofit/Converter.Factory.html...
Generating /home/travis/build/square/retrofit/retrofit/target/apidocs/retrofit/Response.html...
Generating /home/travis/build/square/retrofit/retrofit/target/apidocs/retrofit/Retrofit.html...
Generating /home/travis/build/square/retrofit/retrofit/target/apidocs/retrofit/Retrofit.Builder.html...
Generating /home/travis/build/square/retrofit/retrofit/target/apidocs/retrofit/http/Body.html...
Generating /home/travis/build/square/retrofit/retrofit/target/apidocs/retrofit/http/DELETE.html...
Generating /home/travis/build/square/retrofit/retrofit/target/apidocs/retrofit/http/Field.html...
Generating /home/travis/build/square/retrofit/retrofit/target/apidocs/retrofit/http/FieldMap.html...
Generating /home/travis/build/square/retrofit/retrofit/target/apidocs/retrofit/http/FormUrlEncoded.html...
Generating /home/travis/build/square/retrofit/retrofit/target/apidocs/retrofit/http/GET.html...
Generating /home/travis/build/square/retrofit/retrofit/target/apidocs/retrofit/http/HEAD.html...
Generating /home/travis/build/square/retrofit/retrofit/target/apidocs/retrofit/http/Header.html...
Generating /home/travis/build/square/retrofit/retrofit/target/apidocs/retrofit/http/Headers.html...
Generating /home/travis/build/square/retrofit/retrofit/target/apidocs/retrofit/http/HTTP.html...
Generating /home/travis/build/square/retrofit/retrofit/target/apidocs/retrofit/http/Multipart.html...
Generating /home/travis/build/square/retrofit/retrofit/target/apidocs/retrofit/http/Part.html...
Generating /home/travis/build/square/retrofit/retrofit/target/apidocs/retrofit/http/PartMap.html...
Generating /home/travis/build/square/retrofit/retrofit/target/apidocs/retrofit/http/PATCH.html...
Generating /home/travis/build/square/retrofit/retrofit/target/apidocs/retrofit/http/Path.html...
Generating /home/travis/build/square/retrofit/retrofit/target/apidocs/retrofit/http/POST.html...
Generating /home/travis/build/square/retrofit/retrofit/target/apidocs/retrofit/http/PUT.html...
Generating /home/travis/build/square/retrofit/retrofit/target/apidocs/retrofit/http/Query.html...
Generating /home/travis/build/square/retrofit/retrofit/target/apidocs/retrofit/http/QueryMap.html...
Generating /home/travis/build/square/retrofit/retrofit/target/apidocs/retrofit/http/Streaming.html...
Generating /home/travis/build/square/retrofit/retrofit/target/apidocs/retrofit/http/Url.html...
Generating /home/travis/build/square/retrofit/retrofit/target/apidocs/overview-frame.html...
Generating /home/travis/build/square/retrofit/retrofit/target/apidocs/retrofit/package-frame.html...
Generating /home/travis/build/square/retrofit/retrofit/target/apidocs/retrofit/package-summary.html...
Generating /home/travis/build/square/retrofit/retrofit/target/apidocs/retrofit/package-tree.html...
Generating /home/travis/build/square/retrofit/retrofit/target/apidocs/retrofit/http/package-frame.html...
Generating /home/travis/build/square/retrofit/retrofit/target/apidocs/retrofit/http/package-summary.html...
Generating /home/travis/build/square/retrofit/retrofit/target/apidocs/retrofit/http/package-tree.html...
Generating /home/travis/build/square/retrofit/retrofit/target/apidocs/constant-values.html...
Generating /home/travis/build/square/retrofit/retrofit/target/apidocs/retrofit/class-use/Retrofit.html...
Generating /home/travis/build/square/retrofit/retrofit/target/apidocs/retrofit/class-use/Retrofit.Builder.html...
Generating /home/travis/build/square/retrofit/retrofit/target/apidocs/retrofit/class-use/Response.html...
Generating /home/travis/build/square/retrofit/retrofit/target/apidocs/retrofit/class-use/Converter.html...
Generating /home/travis/build/square/retrofit/retrofit/target/apidocs/retrofit/class-use/Converter.Factory.html...
Generating /home/travis/build/square/retrofit/retrofit/target/apidocs/retrofit/class-use/Callback.html...
Generating /home/travis/build/square/retrofit/retrofit/target/apidocs/retrofit/class-use/CallAdapter.html...
Generating /home/travis/build/square/retrofit/retrofit/target/apidocs/retrofit/class-use/CallAdapter.Factory.html...
Generating /home/travis/build/square/retrofit/retrofit/target/apidocs/retrofit/class-use/Call.html...
Generating /home/travis/build/square/retrofit/retrofit/target/apidocs/retrofit/class-use/BaseUrl.html...
Generating /home/travis/build/square/retrofit/retrofit/target/apidocs/retrofit/http/class-use/Url.html...
Generating /home/travis/build/square/retrofit/retrofit/target/apidocs/retrofit/http/class-use/Streaming.html...
Generating /home/travis/build/square/retrofit/retrofit/target/apidocs/retrofit/http/class-use/QueryMap.html...
Generating /home/travis/build/square/retrofit/retrofit/target/apidocs/retrofit/http/class-use/Query.html...
Generating /home/travis/build/square/retrofit/retrofit/target/apidocs/retrofit/http/class-use/Path.html...
Generating /home/travis/build/square/retrofit/retrofit/target/apidocs/retrofit/http/class-use/PartMap.html...
Generating /home/travis/build/square/retrofit/retrofit/target/apidocs/retrofit/http/class-use/Part.html...
Generating /home/travis/build/square/retrofit/retrofit/target/apidocs/retrofit/http/class-use/PUT.html...
Generating /home/travis/build/square/retrofit/retrofit/target/apidocs/retrofit/http/class-use/POST.html...
Generating /home/travis/build/square/retrofit/retrofit/target/apidocs/retrofit/http/class-use/PATCH.html...
Generating /home/travis/build/square/retrofit/retrofit/target/apidocs/retrofit/http/class-use/Multipart.html...
Generating /home/travis/build/square/retrofit/retrofit/target/apidocs/retrofit/http/class-use/Headers.html...
Generating /home/travis/build/square/retrofit/retrofit/target/apidocs/retrofit/http/class-use/Header.html...
Generating /home/travis/build/square/retrofit/retrofit/target/apidocs/retrofit/http/class-use/HTTP.html...
Generating /home/travis/build/square/retrofit/retrofit/target/apidocs/retrofit/http/class-use/HEAD.html...
Generating /home/travis/build/square/retrofit/retrofit/target/apidocs/retrofit/http/class-use/GET.html...
Generating /home/travis/build/square/retrofit/retrofit/target/apidocs/retrofit/http/class-use/FormUrlEncoded.html...
Generating /home/travis/build/square/retrofit/retrofit/target/apidocs/retrofit/http/class-use/FieldMap.html...
Generating /home/travis/build/square/retrofit/retrofit/target/apidocs/retrofit/http/class-use/Field.html...
Generating /home/travis/build/square/retrofit/retrofit/target/apidocs/retrofit/http/class-use/DELETE.html...
Generating /home/travis/build/square/retrofit/retrofit/target/apidocs/retrofit/http/class-use/Body.html...
Generating /home/travis/build/square/retrofit/retrofit/target/apidocs/retrofit/package-use.html...
Generating /home/travis/build/square/retrofit/retrofit/target/apidocs/retrofit/http/package-use.html...
Building index for all the packages and classes...
Generating /home/travis/build/square/retrofit/retrofit/target/apidocs/overview-tree.html...
Generating /home/travis/build/square/retrofit/retrofit/target/apidocs/index-all.html...
Generating /home/travis/build/square/retrofit/retrofit/target/apidocs/deprecated-list.html...
Building index for all classes...
Generating /home/travis/build/square/retrofit/retrofit/target/apidocs/allclasses-frame.html...
Generating /home/travis/build/square/retrofit/retrofit/target/apidocs/allclasses-noframe.html...
Generating /home/travis/build/square/retrofit/retrofit/target/apidocs/index.html...
Generating /home/travis/build/square/retrofit/retrofit/target/apidocs/overview-summary.html...
Generating /home/travis/build/square/retrofit/retrofit/target/apidocs/help-doc.html...
2 errors
87 warnings
[INFO] ------------------------------------------------------------------------
[INFO] Reactor Summary:
[INFO] 
[INFO] Retrofit (Parent) .................................. SUCCESS [  8.997 s]
[INFO] Retrofit ........................................... FAILURE [  2.914 s]
[INFO] Adapters ........................................... SKIPPED
[INFO] Adapter: RxJava .................................... SKIPPED
[INFO] Retrofit Mock Adapter .............................. SKIPPED
[INFO] Adapter: RxJava Mock ............................... SKIPPED
[INFO] Converters ......................................... SKIPPED
[INFO] Converter: Gson .................................... SKIPPED
[INFO] Converter: Protocol Buffers ........................ SKIPPED
[INFO] Converter: Jackson ................................. SKIPPED
[INFO] Converter: Wire Protocol Buffers ................... SKIPPED
[INFO] Converter: SimpleXML ............................... SKIPPED
[INFO] Converter: Moshi ................................... SKIPPED
[INFO] Samples ............................................ SKIPPED
[INFO] ------------------------------------------------------------------------
[INFO] BUILD FAILURE
[INFO] ------------------------------------------------------------------------
[INFO] Total time: 15.859 s
[INFO] Finished at: 2015-10-09T22:31:38+00:00
[INFO] Final Memory: 29M/372M
[INFO] ------------------------------------------------------------------------
[ERROR] Failed to execute goal org.apache.maven.plugins:maven-javadoc-plugin:2.10.3:jar (default-cli) on project retrofit: MavenReportException: Error while generating Javadoc:
[ERROR] Exit code: 1 - /home/travis/build/square/retrofit/retrofit/src/main/java/retrofit/BaseUrl.java:13: warning: no @return
[ERROR] HttpUrl url();
[ERROR] ^
[ERROR] /home/travis/build/square/retrofit/retrofit/src/main/java/retrofit/CallAdapter.java:31: warning: no @return
[ERROR] Type responseType();
[ERROR] ^
[ERROR] /home/travis/build/square/retrofit/retrofit/src/main/java/retrofit/CallAdapter.java:34: warning: no @param for <R>
[ERROR] <R> T adapt(Call<R> call);
[ERROR] ^
[ERROR] /home/travis/build/square/retrofit/retrofit/src/main/java/retrofit/CallAdapter.java:34: warning: no @param for call
[ERROR] <R> T adapt(Call<R> call);
[ERROR] ^
[ERROR] /home/travis/build/square/retrofit/retrofit/src/main/java/retrofit/CallAdapter.java:34: warning: no @return
[ERROR] <R> T adapt(Call<R> call);
[ERROR] ^
[ERROR] /home/travis/build/square/retrofit/retrofit/src/main/java/retrofit/CallAdapter.java:41: warning: no @param for returnType
[ERROR] CallAdapter<?> get(Type returnType, Annotation[] annotations, Retrofit retrofit);
[ERROR] ^
[ERROR] /home/travis/build/square/retrofit/retrofit/src/main/java/retrofit/CallAdapter.java:41: warning: no @param for annotations
[ERROR] CallAdapter<?> get(Type returnType, Annotation[] annotations, Retrofit retrofit);
[ERROR] ^
[ERROR] /home/travis/build/square/retrofit/retrofit/src/main/java/retrofit/CallAdapter.java:41: warning: no @param for retrofit
[ERROR] CallAdapter<?> get(Type returnType, Annotation[] annotations, Retrofit retrofit);
[ERROR] ^
[ERROR] /home/travis/build/square/retrofit/retrofit/src/main/java/retrofit/CallAdapter.java:41: warning: no @return
[ERROR] CallAdapter<?> get(Type returnType, Annotation[] annotations, Retrofit retrofit);
[ERROR] ^
[ERROR] /home/travis/build/square/retrofit/retrofit/src/main/java/retrofit/Callback.java:33: warning: no @param for response
[ERROR] void onResponse(Response<T> response, Retrofit retrofit);
[ERROR] ^
[ERROR] /home/travis/build/square/retrofit/retrofit/src/main/java/retrofit/Callback.java:33: warning: no @param for retrofit
[ERROR] void onResponse(Response<T> response, Retrofit retrofit);
[ERROR] ^
[ERROR] /home/travis/build/square/retrofit/retrofit/src/main/java/retrofit/Callback.java:36: warning: no @param for t
[ERROR] void onFailure(Throwable t);
[ERROR] ^
[ERROR] /home/travis/build/square/retrofit/retrofit/src/main/java/retrofit/Converter.java:28: warning - Tag @link: can't find addConverterFactory(Factory) in retrofit.Retrofit.Builder
[ERROR] /home/travis/build/square/retrofit/retrofit/src/main/java/retrofit/Converter.java:36: warning: no @param for type
[ERROR] public Converter<ResponseBody, ?> fromResponseBody(Type type, Annotation[] annotations) {
[ERROR] ^
[ERROR] /home/travis/build/square/retrofit/retrofit/src/main/java/retrofit/Converter.java:36: warning: no @param for annotations
[ERROR] public Converter<ResponseBody, ?> fromResponseBody(Type type, Annotation[] annotations) {
[ERROR] ^
[ERROR] /home/travis/build/square/retrofit/retrofit/src/main/java/retrofit/Converter.java:36: warning: no @return
[ERROR] public Converter<ResponseBody, ?> fromResponseBody(Type type, Annotation[] annotations) {
[ERROR] ^
[ERROR] /home/travis/build/square/retrofit/retrofit/src/main/java/retrofit/Converter.java:44: warning: no @param for type
[ERROR] public Converter<?, RequestBody> toRequestBody(Type type, Annotation[] annotations) {
[ERROR] ^
[ERROR] /home/travis/build/square/retrofit/retrofit/src/main/java/retrofit/Converter.java:44: warning: no @param for annotations
[ERROR] public Converter<?, RequestBody> toRequestBody(Type type, Annotation[] annotations) {
[ERROR] ^
[ERROR] /home/travis/build/square/retrofit/retrofit/src/main/java/retrofit/Converter.java:44: warning: no @return
[ERROR] public Converter<?, RequestBody> toRequestBody(Type type, Annotation[] annotations) {
[ERROR] ^
[ERROR] /home/travis/build/square/retrofit/retrofit/src/main/java/retrofit/Response.java:32: warning: no @param for <T>
[ERROR] public static <T> Response<T> success(T body) {
[ERROR] ^
[ERROR] /home/travis/build/square/retrofit/retrofit/src/main/java/retrofit/Response.java:32: warning: no @param for body
[ERROR] public static <T> Response<T> success(T body) {
[ERROR] ^
[ERROR] /home/travis/build/square/retrofit/retrofit/src/main/java/retrofit/Response.java:32: warning: no @return
[ERROR] public static <T> Response<T> success(T body) {
[ERROR] ^
[ERROR] /home/travis/build/square/retrofit/retrofit/src/main/java/retrofit/Response.java:44: warning: no @param for <T>
[ERROR] public static <T> Response<T> success(T body, com.squareup.okhttp.Response rawResponse) {
[ERROR] ^
[ERROR] /home/travis/build/square/retrofit/retrofit/src/main/java/retrofit/Response.java:44: warning: no @param for body
[ERROR] public static <T> Response<T> success(T body, com.squareup.okhttp.Response rawResponse) {
[ERROR] ^
[ERROR] /home/travis/build/square/retrofit/retrofit/src/main/java/retrofit/Response.java:44: warning: no @param for rawResponse
[ERROR] public static <T> Response<T> success(T body, com.squareup.okhttp.Response rawResponse) {
[ERROR] ^
[ERROR] /home/travis/build/square/retrofit/retrofit/src/main/java/retrofit/Response.java:44: warning: no @return
[ERROR] public static <T> Response<T> success(T body, com.squareup.okhttp.Response rawResponse) {
[ERROR] ^
[ERROR] /home/travis/build/square/retrofit/retrofit/src/main/java/retrofit/Response.java:51: warning: no @param for <T>
[ERROR] public static <T> Response<T> error(int code, ResponseBody body) {
[ERROR] ^
[ERROR] /home/travis/build/square/retrofit/retrofit/src/main/java/retrofit/Response.java:51: warning: no @param for code
[ERROR] public static <T> Response<T> error(int code, ResponseBody body) {
[ERROR] ^
[ERROR] /home/travis/build/square/retrofit/retrofit/src/main/java/retrofit/Response.java:51: warning: no @param for body
[ERROR] public static <T> Response<T> error(int code, ResponseBody body) {
[ERROR] ^
[ERROR] /home/travis/build/square/retrofit/retrofit/src/main/java/retrofit/Response.java:51: warning: no @return
[ERROR] public static <T> Response<T> error(int code, ResponseBody body) {
[ERROR] ^
[ERROR] /home/travis/build/square/retrofit/retrofit/src/main/java/retrofit/Response.java:63: warning: no @param for <T>
[ERROR] public static <T> Response<T> error(ResponseBody body, com.squareup.okhttp.Response rawResponse) {
[ERROR] ^
[ERROR] /home/travis/build/square/retrofit/retrofit/src/main/java/retrofit/Response.java:63: warning: no @param for body
[ERROR] public static <T> Response<T> error(ResponseBody body, com.squareup.okhttp.Response rawResponse) {
[ERROR] ^
[ERROR] /home/travis/build/square/retrofit/retrofit/src/main/java/retrofit/Response.java:63: warning: no @param for rawResponse
[ERROR] public static <T> Response<T> error(ResponseBody body, com.squareup.okhttp.Response rawResponse) {
[ERROR] ^
[ERROR] /home/travis/build/square/retrofit/retrofit/src/main/java/retrofit/Response.java:63: warning: no @return
[ERROR] public static <T> Response<T> error(ResponseBody body, com.squareup.okhttp.Response rawResponse) {
[ERROR] ^
[ERROR] /home/travis/build/square/retrofit/retrofit/src/main/java/retrofit/Response.java:78: warning: no @return
[ERROR] public com.squareup.okhttp.Response raw() {
[ERROR] ^
[ERROR] /home/travis/build/square/retrofit/retrofit/src/main/java/retrofit/Response.java:83: warning: no @return
[ERROR] public int code() {
[ERROR] ^
[ERROR] /home/travis/build/square/retrofit/retrofit/src/main/java/retrofit/Response.java:88: warning: no @return
[ERROR] public String message() {
[ERROR] ^
[ERROR] /home/travis/build/square/retrofit/retrofit/src/main/java/retrofit/Response.java:97: warning: no @return
[ERROR] public boolean isSuccess() {
[ERROR] ^
[ERROR] /home/travis/build/square/retrofit/retrofit/src/main/java/retrofit/Response.java:102: warning: no @return
[ERROR] public T body() {
[ERROR] ^
[ERROR] /home/travis/build/square/retrofit/retrofit/src/main/java/retrofit/Response.java:107: warning: no @return
[ERROR] public ResponseBody errorBody() {
[ERROR] ^
[ERROR] /home/travis/build/square/retrofit/retrofit/src/main/java/retrofit/Retrofit.java:114: warning: no @param for <T>
[ERROR] public <T> T create(final Class<T> service) {
[ERROR] ^
[ERROR] /home/travis/build/square/retrofit/retrofit/src/main/java/retrofit/Retrofit.java:114: warning: no @param for service
[ERROR] public <T> T create(final Class<T> service) {
[ERROR] ^
[ERROR] /home/travis/build/square/retrofit/retrofit/src/main/java/retrofit/Retrofit.java:114: warning: no @return
[ERROR] public <T> T create(final Class<T> service) {
[ERROR] ^
[ERROR] /home/travis/build/square/retrofit/retrofit/src/main/java/retrofit/Retrofit.java:174: warning: no @param for returnType
[ERROR] public CallAdapter<?> callAdapter(Type returnType, Annotation[] annotations) {
[ERROR] ^
[ERROR] /home/travis/build/square/retrofit/retrofit/src/main/java/retrofit/Retrofit.java:174: warning: no @param for annotations
[ERROR] public CallAdapter<?> callAdapter(Type returnType, Annotation[] annotations) {
[ERROR] ^
[ERROR] /home/travis/build/square/retrofit/retrofit/src/main/java/retrofit/Retrofit.java:174: warning: no @return
[ERROR] public CallAdapter<?> callAdapter(Type returnType, Annotation[] annotations) {
[ERROR] ^
[ERROR] /home/travis/build/square/retrofit/retrofit/src/main/java/retrofit/Retrofit.java:182: warning: no @param for skipPast
[ERROR] public CallAdapter<?> nextCallAdapter(CallAdapter.Factory skipPast, Type returnType,
[ERROR] ^
[ERROR] /home/travis/build/square/retrofit/retrofit/src/main/java/retrofit/Retrofit.java:182: warning: no @param for returnType
[ERROR] public CallAdapter<?> nextCallAdapter(CallAdapter.Factory skipPast, Type returnType,
[ERROR] ^
[ERROR] /home/travis/build/square/retrofit/retrofit/src/main/java/retrofit/Retrofit.java:182: warning: no @param for annotations
[ERROR] public CallAdapter<?> nextCallAdapter(CallAdapter.Factory skipPast, Type returnType,
[ERROR] ^
[ERROR] /home/travis/build/square/retrofit/retrofit/src/main/java/retrofit/Retrofit.java:182: warning: no @return
[ERROR] public CallAdapter<?> nextCallAdapter(CallAdapter.Factory skipPast, Type returnType,
[ERROR] ^
[ERROR] /home/travis/build/square/retrofit/retrofit/src/main/java/retrofit/Retrofit.java:213: warning: no @return
[ERROR] public List<Converter.Factory> converterFactories() {
[ERROR] ^
[ERROR] /home/travis/build/square/retrofit/retrofit/src/main/java/retrofit/Retrofit.java:221: warning: no @param for <T>
[ERROR] public <T> Converter<T, RequestBody> requestConverter(Type type, Annotation[] annotations) {
[ERROR] ^
[ERROR] /home/travis/build/square/retrofit/retrofit/src/main/java/retrofit/Retrofit.java:221: warning: no @param for type
[ERROR] public <T> Converter<T, RequestBody> requestConverter(Type type, Annotation[] annotations) {
[ERROR] ^
[ERROR] /home/travis/build/square/retrofit/retrofit/src/main/java/retrofit/Retrofit.java:221: warning: no @param for annotations
[ERROR] public <T> Converter<T, RequestBody> requestConverter(Type type, Annotation[] annotations) {
[ERROR] ^
[ERROR] /home/travis/build/square/retrofit/retrofit/src/main/java/retrofit/Retrofit.java:221: warning: no @return
[ERROR] public <T> Converter<T, RequestBody> requestConverter(Type type, Annotation[] annotations) {
[ERROR] ^
[ERROR] /home/travis/build/square/retrofit/retrofit/src/main/java/retrofit/Retrofit.java:247: warning: no @param for <T>
[ERROR] public <T> Converter<ResponseBody, T> responseConverter(Type type, Annotation[] annotations) {
[ERROR] ^
[ERROR] /home/travis/build/square/retrofit/retrofit/src/main/java/retrofit/Retrofit.java:247: warning: no @param for type
[ERROR] public <T> Converter<ResponseBody, T> responseConverter(Type type, Annotation[] annotations) {
[ERROR] ^
[ERROR] /home/travis/build/square/retrofit/retrofit/src/main/java/retrofit/Retrofit.java:247: warning: no @param for annotations
[ERROR] public <T> Converter<ResponseBody, T> responseConverter(Type type, Annotation[] annotations) {
[ERROR] ^
[ERROR] /home/travis/build/square/retrofit/retrofit/src/main/java/retrofit/Retrofit.java:247: warning: no @return
[ERROR] public <T> Converter<ResponseBody, T> responseConverter(Type type, Annotation[] annotations) {
[ERROR] ^
[ERROR] /home/travis/build/square/retrofit/retrofit/src/main/java/retrofit/Retrofit.java:294: warning: no @param for client
[ERROR] public Builder client(OkHttpClient client) {
[ERROR] ^
[ERROR] /home/travis/build/square/retrofit/retrofit/src/main/java/retrofit/Retrofit.java:294: warning: no @return
[ERROR] public Builder client(OkHttpClient client) {
[ERROR] ^
[ERROR] /home/travis/build/square/retrofit/retrofit/src/main/java/retrofit/Retrofit.java:300: warning: no @param for baseUrl
[ERROR] public Builder baseUrl(String baseUrl) {
[ERROR] ^
[ERROR] /home/travis/build/square/retrofit/retrofit/src/main/java/retrofit/Retrofit.java:300: warning: no @return
[ERROR] public Builder baseUrl(String baseUrl) {
[ERROR] ^
[ERROR] /home/travis/build/square/retrofit/retrofit/src/main/java/retrofit/Retrofit.java:310: warning: no @param for baseUrl
[ERROR] public Builder baseUrl(final HttpUrl baseUrl) {
[ERROR] ^
[ERROR] /home/travis/build/square/retrofit/retrofit/src/main/java/retrofit/Retrofit.java:310: warning: no @return
[ERROR] public Builder baseUrl(final HttpUrl baseUrl) {
[ERROR] ^
[ERROR] /home/travis/build/square/retrofit/retrofit/src/main/java/retrofit/Retrofit.java:320: warning: no @param for baseUrl
[ERROR] public Builder baseUrl(BaseUrl baseUrl) {
[ERROR] ^
[ERROR] /home/travis/build/square/retrofit/retrofit/src/main/java/retrofit/Retrofit.java:320: warning: no @return
[ERROR] public Builder baseUrl(BaseUrl baseUrl) {
[ERROR] ^
[ERROR] /home/travis/build/square/retrofit/retrofit/src/main/java/retrofit/Retrofit.java:326: warning: no @param for converterFactory
[ERROR] public Builder addConverterFactory(Converter.Factory converterFactory) {
[ERROR] ^
[ERROR] /home/travis/build/square/retrofit/retrofit/src/main/java/retrofit/Retrofit.java:326: warning: no @return
[ERROR] public Builder addConverterFactory(Converter.Factory converterFactory) {
[ERROR] ^
[ERROR] /home/travis/build/square/retrofit/retrofit/src/main/java/retrofit/Retrofit.java:334: warning: no @param for factory
[ERROR] public Builder addCallAdapterFactory(CallAdapter.Factory factory) {
[ERROR] ^
[ERROR] /home/travis/build/square/retrofit/retrofit/src/main/java/retrofit/Retrofit.java:334: warning: no @return
[ERROR] public Builder addCallAdapterFactory(CallAdapter.Factory factory) {
[ERROR] ^
[ERROR] /home/travis/build/square/retrofit/retrofit/src/main/java/retrofit/Retrofit.java:343: warning: no @param for callbackExecutor
[ERROR] public Builder callbackExecutor(Executor callbackExecutor) {
[ERROR] ^
[ERROR] /home/travis/build/square/retrofit/retrofit/src/main/java/retrofit/Retrofit.java:343: warning: no @return
[ERROR] public Builder callbackExecutor(Executor callbackExecutor) {
[ERROR] ^
[ERROR] /home/travis/build/square/retrofit/retrofit/src/main/java/retrofit/Retrofit.java:352: warning: no @return
[ERROR] public Builder validateEagerly() {
[ERROR] ^
[ERROR] /home/travis/build/square/retrofit/retrofit/src/main/java/retrofit/Retrofit.java:358: warning: no @return
[ERROR] public Retrofit build() {
[ERROR] ^
[ERROR] /home/travis/build/square/retrofit/retrofit/src/main/java/retrofit/http/Field.java:61: warning: no @return
[ERROR] boolean encoded() default false;
[ERROR] ^
[ERROR] /home/travis/build/square/retrofit/retrofit/src/main/java/retrofit/http/FieldMap.java:48: warning: no @return
[ERROR] boolean encoded() default false;
[ERROR] ^
[ERROR] /home/travis/build/square/retrofit/retrofit/src/main/java/retrofit/http/Header.java:27: warning: empty <p> tag
[ERROR] * <p>
[ERROR] ^
[ERROR] /home/travis/build/square/retrofit/retrofit/src/main/java/retrofit/http/Headers.java:27: warning: empty <p> tag
[ERROR] * <p>
[ERROR] ^
[ERROR] /home/travis/build/square/retrofit/retrofit/src/main/java/retrofit/http/Part.java:38: warning: empty <p> tag
[ERROR] * <p>
[ERROR] ^
[ERROR] /home/travis/build/square/retrofit/retrofit/src/main/java/retrofit/http/Part.java:42: error: unknown tag: ResponseBody
[ERROR] * Call&lt;<ResponseBody> example(
[ERROR] ^
[ERROR] /home/travis/build/square/retrofit/retrofit/src/main/java/retrofit/http/Part.java:55: warning: no @return
[ERROR] String encoding() default "binary";
[ERROR] ^
[ERROR] /home/travis/build/square/retrofit/retrofit/src/main/java/retrofit/http/PartMap.java:36: warning: empty <p> tag
[ERROR] * <p>
[ERROR] ^
[ERROR] /home/travis/build/square/retrofit/retrofit/src/main/java/retrofit/http/PartMap.java:40: error: bad use of '>'
[ERROR] * Call&lt;ResponseBody> upload(
[ERROR] ^
[ERROR] /home/travis/build/square/retrofit/retrofit/src/main/java/retrofit/http/PartMap.java:53: warning: no @return
[ERROR] String encoding() default "binary";
[ERROR] ^
[ERROR] /home/travis/build/square/retrofit/retrofit/src/main/java/retrofit/http/Path.java:58: warning: no @return
[ERROR] boolean encoded() default false;
[ERROR] ^
[ERROR] /home/travis/build/square/retrofit/retrofit/src/main/java/retrofit/http/Query.java:69: warning: no @return
[ERROR] String value();
[ERROR] ^
[ERROR] /home/travis/build/square/retrofit/retrofit/src/main/java/retrofit/http/Query.java:74: warning: no @return
[ERROR] boolean encoded() default false;
[ERROR] ^
[ERROR] /home/travis/build/square/retrofit/retrofit/src/main/java/retrofit/http/QueryMap.java:56: warning: no @return
[ERROR] boolean encoded() default false;
[ERROR] ^
[ERROR] 
[ERROR] Command line was: /usr/lib/jvm/java-8-oracle/jre/../bin/javadoc @options @packages
[ERROR] 
[ERROR] Refer to the generated Javadoc files in '/home/travis/build/square/retrofit/retrofit/target/apidocs' dir.
[ERROR] -> [Help 1]
[ERROR] 
[ERROR] To see the full stack trace of the errors, re-run Maven with the -e switch.
[ERROR] Re-run Maven using the -X switch to enable full debug logging.
[ERROR] 
[ERROR] For more information about the errors and possible solutions, please read the following articles:
[ERROR] [Help 1] http://cwiki.apache.org/confluence/display/MAVEN/MojoExecutionException
[ERROR] 
[ERROR] After correcting the problems, you can resume the build with the command
[ERROR]   mvn <goals> -rf :retrofit
travis_time:end:029bffe0:start=1444429880566671854,finish=1444429898772885923,duration=18206214069[0Ktravis_fold:end:after_success[0K
Done. Your build exited with 0.
