Using worker: worker-linux-docker-adc36e54.prod.travis-ci.org:travis-linux-4

travis_fold:start:system_info[0K[33;1mBuild system information[0m
Build language: java
[34m[1mBuild image provisioning date and time[0m
Thu Feb  5 15:09:33 UTC 2015
[34m[1mOperating System Details[0m
Distributor ID:	Ubuntu
Description:	Ubuntu 12.04.5 LTS
Release:	12.04
Codename:	precise
[34m[1mLinux Version[0m
3.13.0-29-generic
[34m[1mCookbooks Version[0m
a68419e https://github.com/travis-ci/travis-cookbooks/tree/a68419e
[34m[1mGCC version[0m
gcc (Ubuntu/Linaro 4.6.3-1ubuntu5) 4.6.3
Copyright (C) 2011 Free Software Foundation, Inc.
This is free software; see the source for copying conditions.  There is NO
warranty; not even for MERCHANTABILITY or FITNESS FOR A PARTICULAR PURPOSE.

[34m[1mLLVM version[0m
clang version 3.4 (tags/RELEASE_34/final)
Target: x86_64-unknown-linux-gnu
Thread model: posix
[34m[1mPre-installed Ruby versions[0m
ruby-1.9.3-p551
[34m[1mPre-installed Node.js versions[0m
v0.10.36
[34m[1mPre-installed Go versions[0m
1.4.1
[34m[1mRedis version[0m
redis-server 2.8.19
[34m[1mriak version[0m
2.0.2
[34m[1mMongoDB version[0m
MongoDB 2.4.12
[34m[1mCouchDB version[0m
couchdb 1.6.1
[34m[1mNeo4j version[0m
1.9.4
[34m[1mRabbitMQ Version[0m
3.4.3
[34m[1mElasticSearch version[0m
1.4.0
[34m[1mInstalled Sphinx versions[0m
2.0.10
2.1.9
2.2.6
[34m[1mDefault Sphinx version[0m
2.2.6
[34m[1mInstalled Firefox version[0m
firefox 31.0esr
[34m[1mPhantomJS version[0m
1.9.8
[34m[1mant -version[0m
Apache Ant(TM) version 1.8.2 compiled on December 3 2011
[34m[1mmvn -version[0m
Apache Maven 3.2.5 (12a6b3acb947671f09b81f49094c53f426d8cea1; 2014-12-14T17:29:23+00:00)
Maven home: /usr/local/maven
Java version: 1.7.0_76, vendor: Oracle Corporation
Java home: /usr/lib/jvm/java-7-oracle/jre
Default locale: en_US, platform encoding: ANSI_X3.4-1968
OS name: "linux", version: "3.13.0-29-generic", arch: "amd64", family: "unix"
travis_fold:end:system_info[0K
travis_fold:start:git.checkout[0Ktravis_time:start:322f5fc1[0K$ git clone --depth=50 --branch=master https://github.com/square/retrofit.git square/retrofit
Cloning into 'square/retrofit'...
remote: Counting objects: 1310, done.[K
remote: Compressing objects:   0% (1/593)   [Kremote: Compressing objects:   1% (6/593)   [Kremote: Compressing objects:   2% (12/593)   [Kremote: Compressing objects:   3% (18/593)   [Kremote: Compressing objects:   4% (24/593)   [Kremote: Compressing objects:   5% (30/593)   [Kremote: Compressing objects:   6% (36/593)   [Kremote: Compressing objects:   7% (42/593)   [Kremote: Compressing objects:   8% (48/593)   [Kremote: Compressing objects:   9% (54/593)   [Kremote: Compressing objects:  10% (60/593)   [Kremote: Compressing objects:  11% (66/593)   [Kremote: Compressing objects:  12% (72/593)   [Kremote: Compressing objects:  13% (78/593)   [Kremote: Compressing objects:  14% (84/593)   [Kremote: Compressing objects:  15% (89/593)   [Kremote: Compressing objects:  16% (95/593)   [Kremote: Compressing objects:  17% (101/593)   [Kremote: Compressing objects:  18% (107/593)   [Kremote: Compressing objects:  19% (113/593)   [Kremote: Compressing objects:  20% (119/593)   [Kremote: Compressing objects:  21% (125/593)   [Kremote: Compressing objects:  22% (131/593)   [Kremote: Compressing objects:  23% (137/593)   [Kremote: Compressing objects:  24% (143/593)   [Kremote: Compressing objects:  25% (149/593)   [Kremote: Compressing objects:  26% (155/593)   [Kremote: Compressing objects:  27% (161/593)   [Kremote: Compressing objects:  28% (167/593)   [Kremote: Compressing objects:  29% (172/593)   [Kremote: Compressing objects:  30% (178/593)   [Kremote: Compressing objects:  31% (184/593)   [Kremote: Compressing objects:  32% (190/593)   [Kremote: Compressing objects:  33% (196/593)   [Kremote: Compressing objects:  34% (202/593)   [Kremote: Compressing objects:  35% (208/593)   [Kremote: Compressing objects:  36% (214/593)   [Kremote: Compressing objects:  37% (220/593)   [Kremote: Compressing objects:  38% (226/593)   [Kremote: Compressing objects:  39% (232/593)   [Kremote: Compressing objects:  40% (238/593)   [Kremote: Compressing objects:  41% (244/593)   [Kremote: Compressing objects:  42% (250/593)   [Kremote: Compressing objects:  43% (255/593)   [Kremote: Compressing objects:  44% (261/593)   [Kremote: Compressing objects:  45% (267/593)   [Kremote: Compressing objects:  46% (273/593)   [Kremote: Compressing objects:  47% (279/593)   [Kremote: Compressing objects:  48% (285/593)   [Kremote: Compressing objects:  49% (291/593)   [Kremote: Compressing objects:  50% (297/593)   [Kremote: Compressing objects:  51% (303/593)   [Kremote: Compressing objects:  52% (309/593)   [Kremote: Compressing objects:  53% (315/593)   [Kremote: Compressing objects:  54% (321/593)   [Kremote: Compressing objects:  55% (327/593)   [Kremote: Compressing objects:  56% (333/593)   [Kremote: Compressing objects:  57% (339/593)   [Kremote: Compressing objects:  58% (344/593)   [Kremote: Compressing objects:  59% (350/593)   [Kremote: Compressing objects:  60% (356/593)   [Kremote: Compressing objects:  61% (362/593)   [Kremote: Compressing objects:  62% (368/593)   [Kremote: Compressing objects:  63% (374/593)   [Kremote: Compressing objects:  64% (380/593)   [Kremote: Compressing objects:  65% (386/593)   [Kremote: Compressing objects:  66% (392/593)   [Kremote: Compressing objects:  67% (398/593)   [Kremote: Compressing objects:  68% (404/593)   [Kremote: Compressing objects:  69% (410/593)   [Kremote: Compressing objects:  70% (416/593)   [Kremote: Compressing objects:  71% (422/593)   [Kremote: Compressing objects:  72% (427/593)   [Kremote: Compressing objects:  73% (433/593)   [Kremote: Compressing objects:  74% (439/593)   [Kremote: Compressing objects:  75% (445/593)   [Kremote: Compressing objects:  76% (451/593)   [Kremote: Compressing objects:  77% (457/593)   [Kremote: Compressing objects:  78% (463/593)   [Kremote: Compressing objects:  79% (469/593)   [Kremote: Compressing objects:  80% (475/593)   [Kremote: Compressing objects:  81% (481/593)   [Kremote: Compressing objects:  82% (487/593)   [Kremote: Compressing objects:  83% (493/593)   [Kremote: Compressing objects:  84% (499/593)   [Kremote: Compressing objects:  85% (505/593)   [Kremote: Compressing objects:  86% (510/593)   [Kremote: Compressing objects:  87% (516/593)   [Kremote: Compressing objects:  88% (522/593)   [Kremote: Compressing objects:  89% (528/593)   [Kremote: Compressing objects:  90% (534/593)   [Kremote: Compressing objects:  91% (540/593)   [Kremote: Compressing objects:  92% (546/593)   [Kremote: Compressing objects:  93% (552/593)   [Kremote: Compressing objects:  94% (558/593)   [Kremote: Compressing objects:  95% (564/593)   [Kremote: Compressing objects:  96% (570/593)   [Kremote: Compressing objects:  97% (576/593)   [Kremote: Compressing objects:  98% (582/593)   [Kremote: Compressing objects:  99% (588/593)   [Kremote: Compressing objects: 100% (593/593)   [Kremote: Compressing objects: 100% (593/593), done.[K
Receiving objects:   0% (1/1310)   Receiving objects:   1% (14/1310)   Receiving objects:   2% (27/1310)   Receiving objects:   3% (40/1310)   Receiving objects:   4% (53/1310)   Receiving objects:   5% (66/1310)   Receiving objects:   6% (79/1310)   Receiving objects:   7% (92/1310)   Receiving objects:   8% (105/1310)   Receiving objects:   9% (118/1310)   Receiving objects:  10% (131/1310)   Receiving objects:  11% (145/1310)   Receiving objects:  12% (158/1310)   Receiving objects:  13% (171/1310)   Receiving objects:  14% (184/1310)   Receiving objects:  15% (197/1310)   Receiving objects:  16% (210/1310)   Receiving objects:  17% (223/1310)   Receiving objects:  18% (236/1310)   Receiving objects:  19% (249/1310)   Receiving objects:  20% (262/1310)   Receiving objects:  21% (276/1310)   Receiving objects:  22% (289/1310)   Receiving objects:  23% (302/1310)   Receiving objects:  24% (315/1310)   Receiving objects:  25% (328/1310)   Receiving objects:  26% (341/1310)   Receiving objects:  27% (354/1310)   Receiving objects:  28% (367/1310)   Receiving objects:  29% (380/1310)   Receiving objects:  30% (393/1310)   Receiving objects:  31% (407/1310)   Receiving objects:  32% (420/1310)   Receiving objects:  33% (433/1310)   Receiving objects:  34% (446/1310)   Receiving objects:  35% (459/1310)   Receiving objects:  36% (472/1310)   Receiving objects:  37% (485/1310)   Receiving objects:  38% (498/1310)   Receiving objects:  39% (511/1310)   Receiving objects:  40% (524/1310)   Receiving objects:  41% (538/1310)   Receiving objects:  42% (551/1310)   Receiving objects:  43% (564/1310)   Receiving objects:  44% (577/1310)   Receiving objects:  45% (590/1310)   Receiving objects:  46% (603/1310)   Receiving objects:  47% (616/1310)   Receiving objects:  48% (629/1310)   Receiving objects:  49% (642/1310)   Receiving objects:  50% (655/1310)   Receiving objects:  51% (669/1310)   Receiving objects:  52% (682/1310)   Receiving objects:  53% (695/1310)   Receiving objects:  54% (708/1310)   Receiving objects:  55% (721/1310)   Receiving objects:  56% (734/1310)   Receiving objects:  57% (747/1310)   Receiving objects:  58% (760/1310)   Receiving objects:  59% (773/1310)   Receiving objects:  60% (786/1310)   Receiving objects:  61% (800/1310)   Receiving objects:  62% (813/1310)   Receiving objects:  63% (826/1310)   Receiving objects:  64% (839/1310)   Receiving objects:  65% (852/1310)   Receiving objects:  66% (865/1310)   Receiving objects:  67% (878/1310)   Receiving objects:  68% (891/1310)   Receiving objects:  69% (904/1310)   Receiving objects:  70% (917/1310)   Receiving objects:  71% (931/1310)   Receiving objects:  72% (944/1310)   Receiving objects:  73% (957/1310)   Receiving objects:  74% (970/1310)   Receiving objects:  75% (983/1310)   Receiving objects:  76% (996/1310)   Receiving objects:  77% (1009/1310)   Receiving objects:  78% (1022/1310)   Receiving objects:  79% (1035/1310)   remote: Total 1310 (delta 503), reused 1157 (delta 394), pack-reused 0[K
Receiving objects:  80% (1048/1310)   Receiving objects:  81% (1062/1310)   Receiving objects:  82% (1075/1310)   Receiving objects:  83% (1088/1310)   Receiving objects:  84% (1101/1310)   Receiving objects:  85% (1114/1310)   Receiving objects:  86% (1127/1310)   Receiving objects:  87% (1140/1310)   Receiving objects:  88% (1153/1310)   Receiving objects:  89% (1166/1310)   Receiving objects:  90% (1179/1310)   Receiving objects:  91% (1193/1310)   Receiving objects:  92% (1206/1310)   Receiving objects:  93% (1219/1310)   Receiving objects:  94% (1232/1310)   Receiving objects:  95% (1245/1310)   Receiving objects:  96% (1258/1310)   Receiving objects:  97% (1271/1310)   Receiving objects:  98% (1284/1310)   Receiving objects:  99% (1297/1310)   Receiving objects: 100% (1310/1310)   Receiving objects: 100% (1310/1310), 299.54 KiB | 0 bytes/s, done.
Resolving deltas:   0% (0/503)   Resolving deltas:   1% (6/503)   Resolving deltas:   2% (11/503)   Resolving deltas:   3% (19/503)   Resolving deltas:   4% (24/503)   Resolving deltas:   5% (26/503)   Resolving deltas:   6% (33/503)   Resolving deltas:   7% (36/503)   Resolving deltas:   8% (41/503)   Resolving deltas:  10% (52/503)   Resolving deltas:  11% (60/503)   Resolving deltas:  13% (69/503)   Resolving deltas:  14% (75/503)   Resolving deltas:  15% (80/503)   Resolving deltas:  16% (85/503)   Resolving deltas:  17% (88/503)   Resolving deltas:  24% (121/503)   Resolving deltas:  29% (149/503)   Resolving deltas:  31% (159/503)   Resolving deltas:  32% (162/503)   Resolving deltas:  33% (167/503)   Resolving deltas:  34% (176/503)   Resolving deltas:  35% (179/503)   Resolving deltas:  36% (183/503)   Resolving deltas:  37% (187/503)   Resolving deltas:  38% (194/503)   Resolving deltas:  39% (199/503)   Resolving deltas:  40% (205/503)   Resolving deltas:  42% (212/503)   Resolving deltas:  43% (218/503)   Resolving deltas:  44% (225/503)   Resolving deltas:  45% (229/503)   Resolving deltas:  46% (232/503)   Resolving deltas:  47% (240/503)   Resolving deltas:  49% (248/503)   Resolving deltas:  52% (266/503)   Resolving deltas:  54% (272/503)   Resolving deltas:  55% (278/503)   Resolving deltas:  58% (293/503)   Resolving deltas:  62% (315/503)   Resolving deltas:  64% (325/503)   Resolving deltas:  66% (332/503)   Resolving deltas:  67% (338/503)   Resolving deltas:  68% (347/503)   Resolving deltas:  69% (352/503)   Resolving deltas:  70% (355/503)   Resolving deltas:  77% (390/503)   Resolving deltas:  79% (400/503)   Resolving deltas:  80% (403/503)   Resolving deltas:  82% (415/503)   Resolving deltas:  83% (420/503)   Resolving deltas:  84% (423/503)   Resolving deltas:  88% (446/503)   Resolving deltas:  89% (448/503)   Resolving deltas:  91% (459/503)   Resolving deltas:  92% (463/503)   Resolving deltas:  93% (469/503)   Resolving deltas:  94% (475/503)   Resolving deltas: 100% (503/503)   Resolving deltas: 100% (503/503), done.
Checking connectivity... done.
travis_time:end:322f5fc1:start=1445661647837009904,finish=1445661648267631560,duration=430621656[0K$ cd square/retrofit
$ git checkout -qf 588adc3557c4a701fa21f7e2dc22b064a57b0b5f
travis_fold:end:git.checkout[0K
[33;1mThis job is running on container-based infrastructure, which does not allow use of 'sudo', setuid and setguid executables.[0m
[33;1mIf you require sudo, add 'sudo: required' to your .travis.yml[0m
[33;1mSee http://docs.travis-ci.com/user/workers/container-based-infrastructure/ for details.[0m

[33;1mSetting environment variables from .travis.yml[0m
$ export CI_DEPLOY_USERNAME=[secure]
$ export CI_DEPLOY_PASSWORD=[secure]

travis_fold:start:cache.1[0KSetting up build cache
$ export CASHER_DIR=$HOME/.casher
travis_time:start:09218352[0K$ Installing caching utilities
travis_time:end:09218352:start=1445661649692874292,finish=1445661649742937609,duration=50063317[0Ktravis_time:start:0288d660[0Kattempting to download cache archive
fetching master/cache--jdk-oraclejdk8.tgz
found cache
travis_time:end:0288d660:start=1445661649747279505,finish=1445661651286644704,duration=1539365199[0Ktravis_time:start:0ba85770[0Kadding /home/travis/.m2 to cache
travis_time:end:0ba85770:start=1445661651290249978,finish=1445661652701016666,duration=1410766688[0Ktravis_fold:end:cache.1[0K$ jdk_switcher use oraclejdk8
Switching to Oracle JDK8 (java-8-oracle), JAVA_HOME will be set to /usr/lib/jvm/java-8-oracle
$ java -Xmx32m -version
java version "1.8.0_31"
Java(TM) SE Runtime Environment (build 1.8.0_31-b13)
Java HotSpot(TM) 64-Bit Server VM (build 25.31-b07, mixed mode)
$ javac -J-Xmx32m -version
javac 1.8.0_31
travis_fold:start:install[0Ktravis_time:start:094b6438[0K$ mvn install -DskipTests=true -Dmaven.javadoc.skip=true -B -V
Java HotSpot(TM) 64-Bit Server VM warning: ignoring option MaxPermSize=192m; support was removed in 8.0
Apache Maven 3.2.5 (12a6b3acb947671f09b81f49094c53f426d8cea1; 2014-12-14T17:29:23+00:00)
Maven home: /usr/local/maven
Java version: 1.8.0_31, vendor: Oracle Corporation
Java home: /usr/lib/jvm/java-8-oracle/jre
Default locale: en_US, platform encoding: UTF-8
OS name: "linux", version: "3.13.0-40-generic", arch: "amd64", family: "unix"
[INFO] Scanning for projects...
[WARNING] 
[WARNING] Some problems were encountered while building the effective model for com.squareup.retrofit:samples:jar:2.0.0-SNAPSHOT
[WARNING] 'build.plugins.plugin.version' for org.apache.maven.plugins:maven-deploy-plugin is missing. @ com.squareup.retrofit:samples:[unknown-version], /home/travis/build/square/retrofit/samples/pom.xml, line 45, column 15
[WARNING] 
[WARNING] It is highly recommended to fix these problems because they threaten the stability of your build.
[WARNING] 
[WARNING] For this reason, future Maven versions might no longer support building such malformed projects.
[WARNING] 
[INFO] ------------------------------------------------------------------------
[INFO] Reactor Build Order:
[INFO] 
[INFO] Retrofit (Parent)
[INFO] Retrofit
[INFO] Adapters
[INFO] Adapter: RxJava
[INFO] Retrofit Mock Adapter
[INFO] Adapter: RxJava Mock
[INFO] Converters
[INFO] Converter: Gson
[INFO] Converter: Protocol Buffers
[INFO] Converter: Jackson
[INFO] Converter: Wire Protocol Buffers
[INFO] Converter: SimpleXML
[INFO] Converter: Moshi
[INFO] Samples
[INFO]                                                                         
[INFO] ------------------------------------------------------------------------
[INFO] Building Retrofit (Parent) 2.0.0-SNAPSHOT
[INFO] ------------------------------------------------------------------------
[INFO] 
[INFO] --- maven-enforcer-plugin:1.0:enforce (enforce-maven) @ parent ---
[INFO] 
[INFO] --- animal-sniffer-maven-plugin:1.14:check (default) @ parent ---
[INFO] Checking unresolved references to org.codehaus.mojo.signature:java16:1.1
[INFO] 
[INFO] --- maven-checkstyle-plugin:2.15:checkstyle (default) @ parent ---
[INFO] 
[INFO] --- maven-install-plugin:2.4:install (default-install) @ parent ---
[INFO] Installing /home/travis/build/square/retrofit/pom.xml to /home/travis/.m2/repository/com/squareup/retrofit/parent/2.0.0-SNAPSHOT/parent-2.0.0-SNAPSHOT.pom
[INFO]                                                                         
[INFO] ------------------------------------------------------------------------
[INFO] Building Retrofit 2.0.0-SNAPSHOT
[INFO] ------------------------------------------------------------------------
[INFO] 
[INFO] --- maven-enforcer-plugin:1.0:enforce (enforce-maven) @ retrofit ---
[INFO] 
[INFO] --- maven-resources-plugin:2.6:resources (default-resources) @ retrofit ---
[INFO] Using 'UTF-8' encoding to copy filtered resources.
[INFO] skip non existing resourceDirectory /home/travis/build/square/retrofit/retrofit/src/main/resources
[INFO] 
[INFO] --- maven-compiler-plugin:3.0:compile (default-compile) @ retrofit ---
[INFO] Changes detected - recompiling the module!
[INFO] Compiling 41 source files to /home/travis/build/square/retrofit/retrofit/target/classes
[WARNING] /home/travis/build/square/retrofit/retrofit/src/main/java/retrofit/Retrofit.java: Some input files use unchecked or unsafe operations.
[WARNING] /home/travis/build/square/retrofit/retrofit/src/main/java/retrofit/Retrofit.java: Recompile with -Xlint:unchecked for details.
[INFO] 
[INFO] --- maven-resources-plugin:2.6:testResources (default-testResources) @ retrofit ---
[INFO] Using 'UTF-8' encoding to copy filtered resources.
[INFO] skip non existing resourceDirectory /home/travis/build/square/retrofit/retrofit/src/test/resources
[INFO] 
[INFO] --- maven-compiler-plugin:3.0:testCompile (default-testCompile) @ retrofit ---
[INFO] Changes detected - recompiling the module!
[INFO] Compiling 7 source files to /home/travis/build/square/retrofit/retrofit/target/test-classes
[WARNING] /home/travis/build/square/retrofit/retrofit/src/test/java/retrofit/RetrofitTest.java: /home/travis/build/square/retrofit/retrofit/src/test/java/retrofit/RetrofitTest.java uses unchecked or unsafe operations.
[WARNING] /home/travis/build/square/retrofit/retrofit/src/test/java/retrofit/RetrofitTest.java: Recompile with -Xlint:unchecked for details.
[INFO] 
[INFO] --- maven-surefire-plugin:2.12.4:test (default-test) @ retrofit ---
[INFO] Tests are skipped.
[INFO] 
[INFO] --- animal-sniffer-maven-plugin:1.14:check (default) @ retrofit ---
[INFO] Checking unresolved references to org.codehaus.mojo.signature:java16:1.1
[INFO] 
[INFO] --- maven-jar-plugin:2.4:jar (default-jar) @ retrofit ---
[INFO] Building jar: /home/travis/build/square/retrofit/retrofit/target/retrofit-2.0.0-SNAPSHOT.jar
[INFO] 
[INFO] --- maven-checkstyle-plugin:2.15:checkstyle (default) @ retrofit ---
[INFO] Starting audit...
Audit done.
[WARNING] Unable to locate Source XRef to link to - DISABLED
[INFO] 
[INFO] --- maven-install-plugin:2.4:install (default-install) @ retrofit ---
[INFO] Installing /home/travis/build/square/retrofit/retrofit/target/retrofit-2.0.0-SNAPSHOT.jar to /home/travis/.m2/repository/com/squareup/retrofit/retrofit/2.0.0-SNAPSHOT/retrofit-2.0.0-SNAPSHOT.jar
[INFO] Installing /home/travis/build/square/retrofit/retrofit/pom.xml to /home/travis/.m2/repository/com/squareup/retrofit/retrofit/2.0.0-SNAPSHOT/retrofit-2.0.0-SNAPSHOT.pom
[INFO]                                                                         
[INFO] ------------------------------------------------------------------------
[INFO] Building Adapters 2.0.0-SNAPSHOT
[INFO] ------------------------------------------------------------------------
[INFO] 
[INFO] --- maven-enforcer-plugin:1.0:enforce (enforce-maven) @ retrofit-adapters ---
[INFO] 
[INFO] --- animal-sniffer-maven-plugin:1.14:check (default) @ retrofit-adapters ---
[INFO] Checking unresolved references to org.codehaus.mojo.signature:java16:1.1
[INFO] 
[INFO] --- maven-checkstyle-plugin:2.15:checkstyle (default) @ retrofit-adapters ---
[INFO] 
[INFO] --- maven-install-plugin:2.4:install (default-install) @ retrofit-adapters ---
[INFO] Installing /home/travis/build/square/retrofit/retrofit-adapters/pom.xml to /home/travis/.m2/repository/com/squareup/retrofit/retrofit-adapters/2.0.0-SNAPSHOT/retrofit-adapters-2.0.0-SNAPSHOT.pom
[INFO]                                                                         
[INFO] ------------------------------------------------------------------------
[INFO] Building Adapter: RxJava 2.0.0-SNAPSHOT
[INFO] ------------------------------------------------------------------------
[INFO] 
[INFO] --- maven-enforcer-plugin:1.0:enforce (enforce-maven) @ adapter-rxjava ---
[INFO] 
[INFO] --- maven-resources-plugin:2.6:resources (default-resources) @ adapter-rxjava ---
[INFO] Using 'UTF-8' encoding to copy filtered resources.
[INFO] skip non existing resourceDirectory /home/travis/build/square/retrofit/retrofit-adapters/rxjava/src/main/resources
[INFO] 
[INFO] --- maven-compiler-plugin:3.0:compile (default-compile) @ adapter-rxjava ---
[INFO] Changes detected - recompiling the module!
[INFO] Compiling 4 source files to /home/travis/build/square/retrofit/retrofit-adapters/rxjava/target/classes
[INFO] 
[INFO] --- maven-resources-plugin:2.6:testResources (default-testResources) @ adapter-rxjava ---
[INFO] Using 'UTF-8' encoding to copy filtered resources.
[INFO] skip non existing resourceDirectory /home/travis/build/square/retrofit/retrofit-adapters/rxjava/src/test/resources
[INFO] 
[INFO] --- maven-compiler-plugin:3.0:testCompile (default-testCompile) @ adapter-rxjava ---
[INFO] Changes detected - recompiling the module!
[INFO] Compiling 2 source files to /home/travis/build/square/retrofit/retrofit-adapters/rxjava/target/test-classes
[INFO] 
[INFO] --- maven-surefire-plugin:2.12.4:test (default-test) @ adapter-rxjava ---
[INFO] Tests are skipped.
[INFO] 
[INFO] --- animal-sniffer-maven-plugin:1.14:check (default) @ adapter-rxjava ---
[INFO] Checking unresolved references to org.codehaus.mojo.signature:java16:1.1
[INFO] 
[INFO] --- maven-jar-plugin:2.4:jar (default-jar) @ adapter-rxjava ---
[INFO] Building jar: /home/travis/build/square/retrofit/retrofit-adapters/rxjava/target/adapter-rxjava-2.0.0-SNAPSHOT.jar
[INFO] 
[INFO] --- maven-checkstyle-plugin:2.15:checkstyle (default) @ adapter-rxjava ---
[INFO] Starting audit...
Audit done.
[WARNING] Unable to locate Source XRef to link to - DISABLED
[INFO] 
[INFO] --- maven-install-plugin:2.4:install (default-install) @ adapter-rxjava ---
[INFO] Installing /home/travis/build/square/retrofit/retrofit-adapters/rxjava/target/adapter-rxjava-2.0.0-SNAPSHOT.jar to /home/travis/.m2/repository/com/squareup/retrofit/adapter-rxjava/2.0.0-SNAPSHOT/adapter-rxjava-2.0.0-SNAPSHOT.jar
[INFO] Installing /home/travis/build/square/retrofit/retrofit-adapters/rxjava/pom.xml to /home/travis/.m2/repository/com/squareup/retrofit/adapter-rxjava/2.0.0-SNAPSHOT/adapter-rxjava-2.0.0-SNAPSHOT.pom
[INFO]                                                                         
[INFO] ------------------------------------------------------------------------
[INFO] Building Retrofit Mock Adapter 2.0.0-SNAPSHOT
[INFO] ------------------------------------------------------------------------
[INFO] 
[INFO] --- maven-enforcer-plugin:1.0:enforce (enforce-maven) @ retrofit-mock ---
[INFO] 
[INFO] --- maven-resources-plugin:2.6:resources (default-resources) @ retrofit-mock ---
[INFO] Using 'UTF-8' encoding to copy filtered resources.
[INFO] skip non existing resourceDirectory /home/travis/build/square/retrofit/retrofit-mock/src/main/resources
[INFO] 
[INFO] --- maven-compiler-plugin:3.0:compile (default-compile) @ retrofit-mock ---
[INFO] Changes detected - recompiling the module!
[INFO] Compiling 5 source files to /home/travis/build/square/retrofit/retrofit-mock/target/classes
[INFO] 
[INFO] --- maven-resources-plugin:2.6:testResources (default-testResources) @ retrofit-mock ---
[INFO] Using 'UTF-8' encoding to copy filtered resources.
[INFO] skip non existing resourceDirectory /home/travis/build/square/retrofit/retrofit-mock/src/test/resources
[INFO] 
[INFO] --- maven-compiler-plugin:3.0:testCompile (default-testCompile) @ retrofit-mock ---
[INFO] Changes detected - recompiling the module!
[INFO] Compiling 2 source files to /home/travis/build/square/retrofit/retrofit-mock/target/test-classes
[INFO] 
[INFO] --- maven-surefire-plugin:2.12.4:test (default-test) @ retrofit-mock ---
[INFO] Tests are skipped.
[INFO] 
[INFO] --- animal-sniffer-maven-plugin:1.14:check (default) @ retrofit-mock ---
[INFO] Checking unresolved references to org.codehaus.mojo.signature:java16:1.1
[INFO] 
[INFO] --- maven-jar-plugin:2.4:jar (default-jar) @ retrofit-mock ---
[INFO] Building jar: /home/travis/build/square/retrofit/retrofit-mock/target/retrofit-mock-2.0.0-SNAPSHOT.jar
[INFO] 
[INFO] --- maven-checkstyle-plugin:2.15:checkstyle (default) @ retrofit-mock ---
[INFO] Starting audit...
Audit done.
[WARNING] Unable to locate Source XRef to link to - DISABLED
[INFO] 
[INFO] --- maven-install-plugin:2.4:install (default-install) @ retrofit-mock ---
[INFO] Installing /home/travis/build/square/retrofit/retrofit-mock/target/retrofit-mock-2.0.0-SNAPSHOT.jar to /home/travis/.m2/repository/com/squareup/retrofit/retrofit-mock/2.0.0-SNAPSHOT/retrofit-mock-2.0.0-SNAPSHOT.jar
[INFO] Installing /home/travis/build/square/retrofit/retrofit-mock/pom.xml to /home/travis/.m2/repository/com/squareup/retrofit/retrofit-mock/2.0.0-SNAPSHOT/retrofit-mock-2.0.0-SNAPSHOT.pom
[INFO]                                                                         
[INFO] ------------------------------------------------------------------------
[INFO] Building Adapter: RxJava Mock 2.0.0-SNAPSHOT
[INFO] ------------------------------------------------------------------------
[INFO] 
[INFO] --- maven-enforcer-plugin:1.0:enforce (enforce-maven) @ adapter-rxjava-mock ---
[INFO] 
[INFO] --- maven-resources-plugin:2.6:resources (default-resources) @ adapter-rxjava-mock ---
[INFO] Using 'UTF-8' encoding to copy filtered resources.
[INFO] skip non existing resourceDirectory /home/travis/build/square/retrofit/retrofit-adapters/rxjava-mock/src/main/resources
[INFO] 
[INFO] --- maven-compiler-plugin:3.0:compile (default-compile) @ adapter-rxjava-mock ---
[INFO] Changes detected - recompiling the module!
[INFO] Compiling 2 source files to /home/travis/build/square/retrofit/retrofit-adapters/rxjava-mock/target/classes
[INFO] 
[INFO] --- maven-resources-plugin:2.6:testResources (default-testResources) @ adapter-rxjava-mock ---
[INFO] Using 'UTF-8' encoding to copy filtered resources.
[INFO] skip non existing resourceDirectory /home/travis/build/square/retrofit/retrofit-adapters/rxjava-mock/src/test/resources
[INFO] 
[INFO] --- maven-compiler-plugin:3.0:testCompile (default-testCompile) @ adapter-rxjava-mock ---
[INFO] Changes detected - recompiling the module!
[INFO] Compiling 1 source file to /home/travis/build/square/retrofit/retrofit-adapters/rxjava-mock/target/test-classes
[INFO] 
[INFO] --- maven-surefire-plugin:2.12.4:test (default-test) @ adapter-rxjava-mock ---
[INFO] Tests are skipped.
[INFO] 
[INFO] --- animal-sniffer-maven-plugin:1.14:check (default) @ adapter-rxjava-mock ---
[INFO] Checking unresolved references to org.codehaus.mojo.signature:java16:1.1
[INFO] 
[INFO] --- maven-jar-plugin:2.4:jar (default-jar) @ adapter-rxjava-mock ---
[INFO] Building jar: /home/travis/build/square/retrofit/retrofit-adapters/rxjava-mock/target/adapter-rxjava-mock-2.0.0-SNAPSHOT.jar
[INFO] 
[INFO] --- maven-checkstyle-plugin:2.15:checkstyle (default) @ adapter-rxjava-mock ---
[INFO] Starting audit...
Audit done.
[WARNING] Unable to locate Source XRef to link to - DISABLED
[INFO] 
[INFO] --- maven-install-plugin:2.4:install (default-install) @ adapter-rxjava-mock ---
[INFO] Installing /home/travis/build/square/retrofit/retrofit-adapters/rxjava-mock/target/adapter-rxjava-mock-2.0.0-SNAPSHOT.jar to /home/travis/.m2/repository/com/squareup/retrofit/adapter-rxjava-mock/2.0.0-SNAPSHOT/adapter-rxjava-mock-2.0.0-SNAPSHOT.jar
[INFO] Installing /home/travis/build/square/retrofit/retrofit-adapters/rxjava-mock/pom.xml to /home/travis/.m2/repository/com/squareup/retrofit/adapter-rxjava-mock/2.0.0-SNAPSHOT/adapter-rxjava-mock-2.0.0-SNAPSHOT.pom
[INFO]                                                                         
[INFO] ------------------------------------------------------------------------
[INFO] Building Converters 2.0.0-SNAPSHOT
[INFO] ------------------------------------------------------------------------
[INFO] 
[INFO] --- maven-enforcer-plugin:1.0:enforce (enforce-maven) @ retrofit-converters ---
[INFO] 
[INFO] --- animal-sniffer-maven-plugin:1.14:check (default) @ retrofit-converters ---
[INFO] Checking unresolved references to org.codehaus.mojo.signature:java16:1.1
[INFO] 
[INFO] --- maven-checkstyle-plugin:2.15:checkstyle (default) @ retrofit-converters ---
[INFO] 
[INFO] --- maven-install-plugin:2.4:install (default-install) @ retrofit-converters ---
[INFO] Installing /home/travis/build/square/retrofit/retrofit-converters/pom.xml to /home/travis/.m2/repository/com/squareup/retrofit/retrofit-converters/2.0.0-SNAPSHOT/retrofit-converters-2.0.0-SNAPSHOT.pom
[INFO]                                                                         
[INFO] ------------------------------------------------------------------------
[INFO] Building Converter: Gson 2.0.0-SNAPSHOT
[INFO] ------------------------------------------------------------------------
[INFO] 
[INFO] --- maven-enforcer-plugin:1.0:enforce (enforce-maven) @ converter-gson ---
[INFO] 
[INFO] --- maven-resources-plugin:2.6:resources (default-resources) @ converter-gson ---
[INFO] Using 'UTF-8' encoding to copy filtered resources.
[INFO] skip non existing resourceDirectory /home/travis/build/square/retrofit/retrofit-converters/gson/src/main/resources
[INFO] 
[INFO] --- maven-compiler-plugin:3.0:compile (default-compile) @ converter-gson ---
[INFO] Changes detected - recompiling the module!
[INFO] Compiling 3 source files to /home/travis/build/square/retrofit/retrofit-converters/gson/target/classes
[INFO] 
[INFO] --- maven-resources-plugin:2.6:testResources (default-testResources) @ converter-gson ---
[INFO] Using 'UTF-8' encoding to copy filtered resources.
[INFO] skip non existing resourceDirectory /home/travis/build/square/retrofit/retrofit-converters/gson/src/test/resources
[INFO] 
[INFO] --- maven-compiler-plugin:3.0:testCompile (default-testCompile) @ converter-gson ---
[INFO] Changes detected - recompiling the module!
[INFO] Compiling 1 source file to /home/travis/build/square/retrofit/retrofit-converters/gson/target/test-classes
[INFO] 
[INFO] --- maven-surefire-plugin:2.12.4:test (default-test) @ converter-gson ---
[INFO] Tests are skipped.
[INFO] 
[INFO] --- animal-sniffer-maven-plugin:1.14:check (default) @ converter-gson ---
[INFO] Checking unresolved references to org.codehaus.mojo.signature:java16:1.1
[INFO] 
[INFO] --- maven-jar-plugin:2.4:jar (default-jar) @ converter-gson ---
[INFO] Building jar: /home/travis/build/square/retrofit/retrofit-converters/gson/target/converter-gson-2.0.0-SNAPSHOT.jar
[INFO] 
[INFO] --- maven-checkstyle-plugin:2.15:checkstyle (default) @ converter-gson ---
[INFO] Starting audit...
Audit done.
[WARNING] Unable to locate Source XRef to link to - DISABLED
[INFO] 
[INFO] --- maven-install-plugin:2.4:install (default-install) @ converter-gson ---
[INFO] Installing /home/travis/build/square/retrofit/retrofit-converters/gson/target/converter-gson-2.0.0-SNAPSHOT.jar to /home/travis/.m2/repository/com/squareup/retrofit/converter-gson/2.0.0-SNAPSHOT/converter-gson-2.0.0-SNAPSHOT.jar
[INFO] Installing /home/travis/build/square/retrofit/retrofit-converters/gson/pom.xml to /home/travis/.m2/repository/com/squareup/retrofit/converter-gson/2.0.0-SNAPSHOT/converter-gson-2.0.0-SNAPSHOT.pom
[INFO]                                                                         
[INFO] ------------------------------------------------------------------------
[INFO] Building Converter: Protocol Buffers 2.0.0-SNAPSHOT
[INFO] ------------------------------------------------------------------------
[INFO] 
[INFO] --- maven-enforcer-plugin:1.0:enforce (enforce-maven) @ converter-protobuf ---
[INFO] 
[INFO] --- maven-resources-plugin:2.6:resources (default-resources) @ converter-protobuf ---
[INFO] Using 'UTF-8' encoding to copy filtered resources.
[INFO] skip non existing resourceDirectory /home/travis/build/square/retrofit/retrofit-converters/protobuf/src/main/resources
[INFO] 
[INFO] --- maven-compiler-plugin:3.0:compile (default-compile) @ converter-protobuf ---
[INFO] Changes detected - recompiling the module!
[INFO] Compiling 3 source files to /home/travis/build/square/retrofit/retrofit-converters/protobuf/target/classes
[WARNING] /home/travis/build/square/retrofit/retrofit-converters/protobuf/src/main/java/retrofit/ProtoConverterFactory.java: /home/travis/build/square/retrofit/retrofit-converters/protobuf/src/main/java/retrofit/ProtoConverterFactory.java uses unchecked or unsafe operations.
[WARNING] /home/travis/build/square/retrofit/retrofit-converters/protobuf/src/main/java/retrofit/ProtoConverterFactory.java: Recompile with -Xlint:unchecked for details.
[INFO] 
[INFO] --- maven-resources-plugin:2.6:testResources (default-testResources) @ converter-protobuf ---
[INFO] Using 'UTF-8' encoding to copy filtered resources.
[INFO] skip non existing resourceDirectory /home/travis/build/square/retrofit/retrofit-converters/protobuf/src/test/resources
[INFO] 
[INFO] --- maven-compiler-plugin:3.0:testCompile (default-testCompile) @ converter-protobuf ---
[INFO] Changes detected - recompiling the module!
[INFO] Compiling 2 source files to /home/travis/build/square/retrofit/retrofit-converters/protobuf/target/test-classes
[INFO] 
[INFO] --- maven-surefire-plugin:2.12.4:test (default-test) @ converter-protobuf ---
[INFO] Tests are skipped.
[INFO] 
[INFO] --- animal-sniffer-maven-plugin:1.14:check (default) @ converter-protobuf ---
[INFO] Checking unresolved references to org.codehaus.mojo.signature:java16:1.1
[INFO] 
[INFO] --- maven-jar-plugin:2.4:jar (default-jar) @ converter-protobuf ---
[INFO] Building jar: /home/travis/build/square/retrofit/retrofit-converters/protobuf/target/converter-protobuf-2.0.0-SNAPSHOT.jar
[INFO] 
[INFO] --- maven-checkstyle-plugin:2.15:checkstyle (default) @ converter-protobuf ---
[INFO] Starting audit...
Audit done.
[WARNING] Unable to locate Source XRef to link to - DISABLED
[INFO] 
[INFO] --- maven-install-plugin:2.4:install (default-install) @ converter-protobuf ---
[INFO] Installing /home/travis/build/square/retrofit/retrofit-converters/protobuf/target/converter-protobuf-2.0.0-SNAPSHOT.jar to /home/travis/.m2/repository/com/squareup/retrofit/converter-protobuf/2.0.0-SNAPSHOT/converter-protobuf-2.0.0-SNAPSHOT.jar
[INFO] Installing /home/travis/build/square/retrofit/retrofit-converters/protobuf/pom.xml to /home/travis/.m2/repository/com/squareup/retrofit/converter-protobuf/2.0.0-SNAPSHOT/converter-protobuf-2.0.0-SNAPSHOT.pom
[INFO]                                                                         
[INFO] ------------------------------------------------------------------------
[INFO] Building Converter: Jackson 2.0.0-SNAPSHOT
[INFO] ------------------------------------------------------------------------
[INFO] 
[INFO] --- maven-enforcer-plugin:1.0:enforce (enforce-maven) @ converter-jackson ---
[INFO] 
[INFO] --- maven-resources-plugin:2.6:resources (default-resources) @ converter-jackson ---
[INFO] Using 'UTF-8' encoding to copy filtered resources.
[INFO] skip non existing resourceDirectory /home/travis/build/square/retrofit/retrofit-converters/jackson/src/main/resources
[INFO] 
[INFO] --- maven-compiler-plugin:3.0:compile (default-compile) @ converter-jackson ---
[INFO] Changes detected - recompiling the module!
[INFO] Compiling 3 source files to /home/travis/build/square/retrofit/retrofit-converters/jackson/target/classes
[INFO] 
[INFO] --- maven-resources-plugin:2.6:testResources (default-testResources) @ converter-jackson ---
[INFO] Using 'UTF-8' encoding to copy filtered resources.
[INFO] skip non existing resourceDirectory /home/travis/build/square/retrofit/retrofit-converters/jackson/src/test/resources
[INFO] 
[INFO] --- maven-compiler-plugin:3.0:testCompile (default-testCompile) @ converter-jackson ---
[INFO] Changes detected - recompiling the module!
[INFO] Compiling 1 source file to /home/travis/build/square/retrofit/retrofit-converters/jackson/target/test-classes
[INFO] 
[INFO] --- maven-surefire-plugin:2.12.4:test (default-test) @ converter-jackson ---
[INFO] Tests are skipped.
[INFO] 
[INFO] --- animal-sniffer-maven-plugin:1.14:check (default) @ converter-jackson ---
[INFO] Checking unresolved references to org.codehaus.mojo.signature:java16:1.1
[INFO] 
[INFO] --- maven-jar-plugin:2.4:jar (default-jar) @ converter-jackson ---
[INFO] Building jar: /home/travis/build/square/retrofit/retrofit-converters/jackson/target/converter-jackson-2.0.0-SNAPSHOT.jar
[INFO] 
[INFO] --- maven-checkstyle-plugin:2.15:checkstyle (default) @ converter-jackson ---
[INFO] Starting audit...
Audit done.
[WARNING] Unable to locate Source XRef to link to - DISABLED
[INFO] 
[INFO] --- maven-install-plugin:2.4:install (default-install) @ converter-jackson ---
[INFO] Installing /home/travis/build/square/retrofit/retrofit-converters/jackson/target/converter-jackson-2.0.0-SNAPSHOT.jar to /home/travis/.m2/repository/com/squareup/retrofit/converter-jackson/2.0.0-SNAPSHOT/converter-jackson-2.0.0-SNAPSHOT.jar
[INFO] Installing /home/travis/build/square/retrofit/retrofit-converters/jackson/pom.xml to /home/travis/.m2/repository/com/squareup/retrofit/converter-jackson/2.0.0-SNAPSHOT/converter-jackson-2.0.0-SNAPSHOT.pom
[INFO]                                                                         
[INFO] ------------------------------------------------------------------------
[INFO] Building Converter: Wire Protocol Buffers 2.0.0-SNAPSHOT
[INFO] ------------------------------------------------------------------------
[INFO] Downloading: http://repo.maven.apache.org/maven2/com/squareup/wire/wire-runtime/2.0.0/wire-runtime-2.0.0.pom
[INFO] Downloaded: http://repo.maven.apache.org/maven2/com/squareup/wire/wire-runtime/2.0.0/wire-runtime-2.0.0.pom (3 KB at 19.3 KB/sec)
[INFO] Downloading: http://repo.maven.apache.org/maven2/com/squareup/wire/wire/2.0.0/wire-2.0.0.pom
[INFO] Downloaded: http://repo.maven.apache.org/maven2/com/squareup/wire/wire/2.0.0/wire-2.0.0.pom (6 KB at 245.2 KB/sec)
[INFO] Downloading: http://repo.maven.apache.org/maven2/com/squareup/wire/wire-runtime/2.0.0/wire-runtime-2.0.0.jar
[INFO] Downloaded: http://repo.maven.apache.org/maven2/com/squareup/wire/wire-runtime/2.0.0/wire-runtime-2.0.0.jar (48 KB at 1451.8 KB/sec)
[INFO] 
[INFO] --- maven-enforcer-plugin:1.0:enforce (enforce-maven) @ converter-wire ---
[INFO] 
[INFO] --- maven-resources-plugin:2.6:resources (default-resources) @ converter-wire ---
[INFO] Using 'UTF-8' encoding to copy filtered resources.
[INFO] skip non existing resourceDirectory /home/travis/build/square/retrofit/retrofit-converters/wire/src/main/resources
[INFO] 
[INFO] --- maven-compiler-plugin:3.0:compile (default-compile) @ converter-wire ---
[INFO] Changes detected - recompiling the module!
[INFO] Compiling 3 source files to /home/travis/build/square/retrofit/retrofit-converters/wire/target/classes
[WARNING] /home/travis/build/square/retrofit/retrofit-converters/wire/src/main/java/retrofit/WireConverterFactory.java: /home/travis/build/square/retrofit/retrofit-converters/wire/src/main/java/retrofit/WireConverterFactory.java uses unchecked or unsafe operations.
[WARNING] /home/travis/build/square/retrofit/retrofit-converters/wire/src/main/java/retrofit/WireConverterFactory.java: Recompile with -Xlint:unchecked for details.
[INFO] 
[INFO] --- maven-resources-plugin:2.6:testResources (default-testResources) @ converter-wire ---
[INFO] Using 'UTF-8' encoding to copy filtered resources.
[INFO] skip non existing resourceDirectory /home/travis/build/square/retrofit/retrofit-converters/wire/src/test/resources
[INFO] 
[INFO] --- maven-compiler-plugin:3.0:testCompile (default-testCompile) @ converter-wire ---
[INFO] Changes detected - recompiling the module!
[INFO] Compiling 2 source files to /home/travis/build/square/retrofit/retrofit-converters/wire/target/test-classes
[INFO] 
[INFO] --- maven-surefire-plugin:2.12.4:test (default-test) @ converter-wire ---
[INFO] Tests are skipped.
[INFO] 
[INFO] --- animal-sniffer-maven-plugin:1.14:check (default) @ converter-wire ---
[INFO] Checking unresolved references to org.codehaus.mojo.signature:java16:1.1
[INFO] 
[INFO] --- maven-jar-plugin:2.4:jar (default-jar) @ converter-wire ---
[INFO] Building jar: /home/travis/build/square/retrofit/retrofit-converters/wire/target/converter-wire-2.0.0-SNAPSHOT.jar
[INFO] 
[INFO] --- maven-checkstyle-plugin:2.15:checkstyle (default) @ converter-wire ---
[INFO] Starting audit...
Audit done.
[WARNING] Unable to locate Source XRef to link to - DISABLED
[INFO] 
[INFO] --- maven-install-plugin:2.4:install (default-install) @ converter-wire ---
[INFO] Installing /home/travis/build/square/retrofit/retrofit-converters/wire/target/converter-wire-2.0.0-SNAPSHOT.jar to /home/travis/.m2/repository/com/squareup/retrofit/converter-wire/2.0.0-SNAPSHOT/converter-wire-2.0.0-SNAPSHOT.jar
[INFO] Installing /home/travis/build/square/retrofit/retrofit-converters/wire/pom.xml to /home/travis/.m2/repository/com/squareup/retrofit/converter-wire/2.0.0-SNAPSHOT/converter-wire-2.0.0-SNAPSHOT.pom
[INFO]                                                                         
[INFO] ------------------------------------------------------------------------
[INFO] Building Converter: SimpleXML 2.0.0-SNAPSHOT
[INFO] ------------------------------------------------------------------------
[INFO] 
[INFO] --- maven-enforcer-plugin:1.0:enforce (enforce-maven) @ converter-simplexml ---
[INFO] 
[INFO] --- maven-resources-plugin:2.6:resources (default-resources) @ converter-simplexml ---
[INFO] Using 'UTF-8' encoding to copy filtered resources.
[INFO] skip non existing resourceDirectory /home/travis/build/square/retrofit/retrofit-converters/simplexml/src/main/resources
[INFO] 
[INFO] --- maven-compiler-plugin:3.0:compile (default-compile) @ converter-simplexml ---
[INFO] Changes detected - recompiling the module!
[INFO] Compiling 3 source files to /home/travis/build/square/retrofit/retrofit-converters/simplexml/target/classes
[INFO] 
[INFO] --- maven-resources-plugin:2.6:testResources (default-testResources) @ converter-simplexml ---
[INFO] Using 'UTF-8' encoding to copy filtered resources.
[INFO] skip non existing resourceDirectory /home/travis/build/square/retrofit/retrofit-converters/simplexml/src/test/resources
[INFO] 
[INFO] --- maven-compiler-plugin:3.0:testCompile (default-testCompile) @ converter-simplexml ---
[INFO] Changes detected - recompiling the module!
[INFO] Compiling 2 source files to /home/travis/build/square/retrofit/retrofit-converters/simplexml/target/test-classes
[INFO] 
[INFO] --- maven-surefire-plugin:2.12.4:test (default-test) @ converter-simplexml ---
[INFO] Tests are skipped.
[INFO] 
[INFO] --- animal-sniffer-maven-plugin:1.14:check (default) @ converter-simplexml ---
[INFO] Checking unresolved references to org.codehaus.mojo.signature:java16:1.1
[INFO] 
[INFO] --- maven-jar-plugin:2.4:jar (default-jar) @ converter-simplexml ---
[INFO] Building jar: /home/travis/build/square/retrofit/retrofit-converters/simplexml/target/converter-simplexml-2.0.0-SNAPSHOT.jar
[INFO] 
[INFO] --- maven-checkstyle-plugin:2.15:checkstyle (default) @ converter-simplexml ---
[INFO] Starting audit...
Audit done.
[WARNING] Unable to locate Source XRef to link to - DISABLED
[INFO] 
[INFO] --- maven-install-plugin:2.4:install (default-install) @ converter-simplexml ---
[INFO] Installing /home/travis/build/square/retrofit/retrofit-converters/simplexml/target/converter-simplexml-2.0.0-SNAPSHOT.jar to /home/travis/.m2/repository/com/squareup/retrofit/converter-simplexml/2.0.0-SNAPSHOT/converter-simplexml-2.0.0-SNAPSHOT.jar
[INFO] Installing /home/travis/build/square/retrofit/retrofit-converters/simplexml/pom.xml to /home/travis/.m2/repository/com/squareup/retrofit/converter-simplexml/2.0.0-SNAPSHOT/converter-simplexml-2.0.0-SNAPSHOT.pom
[INFO]                                                                         
[INFO] ------------------------------------------------------------------------
[INFO] Building Converter: Moshi 2.0.0-SNAPSHOT
[INFO] ------------------------------------------------------------------------
[INFO] 
[INFO] --- maven-enforcer-plugin:1.0:enforce (enforce-maven) @ converter-moshi ---
[INFO] 
[INFO] --- maven-resources-plugin:2.6:resources (default-resources) @ converter-moshi ---
[INFO] Using 'UTF-8' encoding to copy filtered resources.
[INFO] skip non existing resourceDirectory /home/travis/build/square/retrofit/retrofit-converters/moshi/src/main/resources
[INFO] 
[INFO] --- maven-compiler-plugin:3.0:compile (default-compile) @ converter-moshi ---
[INFO] Changes detected - recompiling the module!
[INFO] Compiling 3 source files to /home/travis/build/square/retrofit/retrofit-converters/moshi/target/classes
[INFO] 
[INFO] --- maven-resources-plugin:2.6:testResources (default-testResources) @ converter-moshi ---
[INFO] Using 'UTF-8' encoding to copy filtered resources.
[INFO] skip non existing resourceDirectory /home/travis/build/square/retrofit/retrofit-converters/moshi/src/test/resources
[INFO] 
[INFO] --- maven-compiler-plugin:3.0:testCompile (default-testCompile) @ converter-moshi ---
[INFO] Changes detected - recompiling the module!
[INFO] Compiling 1 source file to /home/travis/build/square/retrofit/retrofit-converters/moshi/target/test-classes
[INFO] 
[INFO] --- maven-surefire-plugin:2.12.4:test (default-test) @ converter-moshi ---
[INFO] Tests are skipped.
[INFO] 
[INFO] --- animal-sniffer-maven-plugin:1.14:check (default) @ converter-moshi ---
[INFO] Checking unresolved references to org.codehaus.mojo.signature:java16:1.1
[INFO] 
[INFO] --- maven-jar-plugin:2.4:jar (default-jar) @ converter-moshi ---
[INFO] Building jar: /home/travis/build/square/retrofit/retrofit-converters/moshi/target/converter-moshi-2.0.0-SNAPSHOT.jar
[INFO] 
[INFO] --- maven-checkstyle-plugin:2.15:checkstyle (default) @ converter-moshi ---
[INFO] Starting audit...
Audit done.
[WARNING] Unable to locate Source XRef to link to - DISABLED
[INFO] 
[INFO] --- maven-install-plugin:2.4:install (default-install) @ converter-moshi ---
[INFO] Installing /home/travis/build/square/retrofit/retrofit-converters/moshi/target/converter-moshi-2.0.0-SNAPSHOT.jar to /home/travis/.m2/repository/com/squareup/retrofit/converter-moshi/2.0.0-SNAPSHOT/converter-moshi-2.0.0-SNAPSHOT.jar
[INFO] Installing /home/travis/build/square/retrofit/retrofit-converters/moshi/pom.xml to /home/travis/.m2/repository/com/squareup/retrofit/converter-moshi/2.0.0-SNAPSHOT/converter-moshi-2.0.0-SNAPSHOT.pom
[INFO]                                                                         
[INFO] ------------------------------------------------------------------------
[INFO] Building Samples 2.0.0-SNAPSHOT
[INFO] ------------------------------------------------------------------------
[INFO] 
[INFO] --- maven-enforcer-plugin:1.0:enforce (enforce-maven) @ samples ---
[INFO] 
[INFO] --- maven-resources-plugin:2.6:resources (default-resources) @ samples ---
[INFO] Using 'UTF-8' encoding to copy filtered resources.
[INFO] skip non existing resourceDirectory /home/travis/build/square/retrofit/samples/src/main/resources
[INFO] 
[INFO] --- maven-compiler-plugin:3.0:compile (default-compile) @ samples ---
[INFO] Changes detected - recompiling the module!
[INFO] Compiling 4 source files to /home/travis/build/square/retrofit/samples/target/classes
[INFO] 
[INFO] --- maven-resources-plugin:2.6:testResources (default-testResources) @ samples ---
[INFO] Using 'UTF-8' encoding to copy filtered resources.
[INFO] skip non existing resourceDirectory /home/travis/build/square/retrofit/samples/src/test/resources
[INFO] 
[INFO] --- maven-compiler-plugin:3.0:testCompile (default-testCompile) @ samples ---
[INFO] No sources to compile
[INFO] 
[INFO] --- maven-surefire-plugin:2.12.4:test (default-test) @ samples ---
[INFO] Tests are skipped.
[INFO] 
[INFO] --- animal-sniffer-maven-plugin:1.14:check (default) @ samples ---
[INFO] Checking unresolved references to org.codehaus.mojo.signature:java16:1.1
[INFO] 
[INFO] --- maven-jar-plugin:2.4:jar (default-jar) @ samples ---
[INFO] Building jar: /home/travis/build/square/retrofit/samples/target/samples-2.0.0-SNAPSHOT.jar
[INFO] 
[INFO] --- maven-checkstyle-plugin:2.15:checkstyle (default) @ samples ---
[INFO] Starting audit...
Audit done.
[WARNING] Unable to locate Source XRef to link to - DISABLED
[INFO] 
[INFO] --- maven-install-plugin:2.4:install (default-install) @ samples ---
[INFO] Installing /home/travis/build/square/retrofit/samples/target/samples-2.0.0-SNAPSHOT.jar to /home/travis/.m2/repository/com/squareup/retrofit/samples/2.0.0-SNAPSHOT/samples-2.0.0-SNAPSHOT.jar
[INFO] Installing /home/travis/build/square/retrofit/samples/pom.xml to /home/travis/.m2/repository/com/squareup/retrofit/samples/2.0.0-SNAPSHOT/samples-2.0.0-SNAPSHOT.pom
[INFO] ------------------------------------------------------------------------
[INFO] Reactor Summary:
[INFO] 
[INFO] Retrofit (Parent) .................................. SUCCESS [  2.832 s]
[INFO] Retrofit ........................................... SUCCESS [ 14.041 s]
[INFO] Adapters ........................................... SUCCESS [  0.551 s]
[INFO] Adapter: RxJava .................................... SUCCESS [  2.235 s]
[INFO] Retrofit Mock Adapter .............................. SUCCESS [  1.665 s]
[INFO] Adapter: RxJava Mock ............................... SUCCESS [  1.479 s]
[INFO] Converters ......................................... SUCCESS [  0.312 s]
[INFO] Converter: Gson .................................... SUCCESS [  1.331 s]
[INFO] Converter: Protocol Buffers ........................ SUCCESS [  0.954 s]
[INFO] Converter: Jackson ................................. SUCCESS [  0.712 s]
[INFO] Converter: Wire Protocol Buffers ................... SUCCESS [  1.819 s]
[INFO] Converter: SimpleXML ............................... SUCCESS [  0.635 s]
[INFO] Converter: Moshi ................................... SUCCESS [  0.732 s]
[INFO] Samples ............................................ SUCCESS [  0.848 s]
[INFO] ------------------------------------------------------------------------
[INFO] BUILD SUCCESS
[INFO] ------------------------------------------------------------------------
[INFO] Total time: 30.521 s
[INFO] Finished at: 2015-10-24T04:41:25+00:00
[INFO] Final Memory: 41M/433M
[INFO] ------------------------------------------------------------------------
travis_time:end:094b6438:start=1445661653085800458,finish=1445661686180729455,duration=33094928997[0Ktravis_fold:end:install[0Ktravis_time:start:0f580233[0K$ mvn test -B
Java HotSpot(TM) 64-Bit Server VM warning: ignoring option MaxPermSize=192m; support was removed in 8.0
[INFO] Scanning for projects...
[WARNING] 
[WARNING] Some problems were encountered while building the effective model for com.squareup.retrofit:samples:jar:2.0.0-SNAPSHOT
[WARNING] 'build.plugins.plugin.version' for org.apache.maven.plugins:maven-deploy-plugin is missing. @ com.squareup.retrofit:samples:[unknown-version], /home/travis/build/square/retrofit/samples/pom.xml, line 45, column 15
[WARNING] 
[WARNING] It is highly recommended to fix these problems because they threaten the stability of your build.
[WARNING] 
[WARNING] For this reason, future Maven versions might no longer support building such malformed projects.
[WARNING] 
[INFO] ------------------------------------------------------------------------
[INFO] Reactor Build Order:
[INFO] 
[INFO] Retrofit (Parent)
[INFO] Retrofit
[INFO] Adapters
[INFO] Adapter: RxJava
[INFO] Retrofit Mock Adapter
[INFO] Adapter: RxJava Mock
[INFO] Converters
[INFO] Converter: Gson
[INFO] Converter: Protocol Buffers
[INFO] Converter: Jackson
[INFO] Converter: Wire Protocol Buffers
[INFO] Converter: SimpleXML
[INFO] Converter: Moshi
[INFO] Samples
[INFO]                                                                         
[INFO] ------------------------------------------------------------------------
[INFO] Building Retrofit (Parent) 2.0.0-SNAPSHOT
[INFO] ------------------------------------------------------------------------
[INFO] 
[INFO] --- maven-enforcer-plugin:1.0:enforce (enforce-maven) @ parent ---
[INFO] 
[INFO] --- animal-sniffer-maven-plugin:1.14:check (default) @ parent ---
[INFO] Checking unresolved references to org.codehaus.mojo.signature:java16:1.1
[INFO]                                                                         
[INFO] ------------------------------------------------------------------------
[INFO] Building Retrofit 2.0.0-SNAPSHOT
[INFO] ------------------------------------------------------------------------
[INFO] 
[INFO] --- maven-enforcer-plugin:1.0:enforce (enforce-maven) @ retrofit ---
[INFO] 
[INFO] --- maven-resources-plugin:2.6:resources (default-resources) @ retrofit ---
[INFO] Using 'UTF-8' encoding to copy filtered resources.
[INFO] skip non existing resourceDirectory /home/travis/build/square/retrofit/retrofit/src/main/resources
[INFO] 
[INFO] --- maven-compiler-plugin:3.0:compile (default-compile) @ retrofit ---
[INFO] Changes detected - recompiling the module!
[INFO] Compiling 41 source files to /home/travis/build/square/retrofit/retrofit/target/classes
[WARNING] /home/travis/build/square/retrofit/retrofit/src/main/java/retrofit/Retrofit.java: Some input files use unchecked or unsafe operations.
[WARNING] /home/travis/build/square/retrofit/retrofit/src/main/java/retrofit/Retrofit.java: Recompile with -Xlint:unchecked for details.
[INFO] 
[INFO] --- maven-resources-plugin:2.6:testResources (default-testResources) @ retrofit ---
[INFO] Using 'UTF-8' encoding to copy filtered resources.
[INFO] skip non existing resourceDirectory /home/travis/build/square/retrofit/retrofit/src/test/resources
[INFO] 
[INFO] --- maven-compiler-plugin:3.0:testCompile (default-testCompile) @ retrofit ---
[INFO] Changes detected - recompiling the module!
[INFO] Compiling 7 source files to /home/travis/build/square/retrofit/retrofit/target/test-classes
[WARNING] /home/travis/build/square/retrofit/retrofit/src/test/java/retrofit/RetrofitTest.java: /home/travis/build/square/retrofit/retrofit/src/test/java/retrofit/RetrofitTest.java uses unchecked or unsafe operations.
[WARNING] /home/travis/build/square/retrofit/retrofit/src/test/java/retrofit/RetrofitTest.java: Recompile with -Xlint:unchecked for details.
[INFO] 
[INFO] --- maven-surefire-plugin:2.12.4:test (default-test) @ retrofit ---
[INFO] Surefire report directory: /home/travis/build/square/retrofit/retrofit/target/surefire-reports

-------------------------------------------------------
 T E S T S
-------------------------------------------------------
Running retrofit.RequestBuilderTest
Tests run: 98, Failures: 0, Errors: 0, Skipped: 2, Time elapsed: 0.638 sec
Running retrofit.ExecutorCallAdapterFactoryTest
Tests run: 8, Failures: 0, Errors: 0, Skipped: 0, Time elapsed: 0.131 sec
Running retrofit.CallTest
Oct 24, 2015 4:41:36 AM com.squareup.okhttp.mockwebserver.MockWebServer$3 execute
INFO: MockWebServer[42259] starting to accept connections
Oct 24, 2015 4:41:36 AM com.squareup.okhttp.mockwebserver.MockWebServer$3 acceptConnections
INFO: MockWebServer[42259] done accepting connections: Socket is closed
Oct 24, 2015 4:41:36 AM com.squareup.okhttp.mockwebserver.MockWebServer$3 execute
INFO: MockWebServer[40465] starting to accept connections
Oct 24, 2015 4:41:36 AM com.squareup.okhttp.mockwebserver.MockWebServer$4 processOneRequest
INFO: MockWebServer[40465] received request: GET / HTTP/1.1 and responded: HTTP/1.1 200 OK
Oct 24, 2015 4:41:36 AM com.squareup.okhttp.mockwebserver.MockWebServer$3 acceptConnections
INFO: MockWebServer[40465] done accepting connections: Socket closed
Oct 24, 2015 4:41:36 AM com.squareup.okhttp.mockwebserver.MockWebServer$3 execute
INFO: MockWebServer[44140] starting to accept connections
Oct 24, 2015 4:41:36 AM com.squareup.okhttp.mockwebserver.MockWebServer$4 processOneRequest
INFO: MockWebServer[44140] received request: GET / HTTP/1.1 and responded: HTTP/1.1 404 OK
Oct 24, 2015 4:41:36 AM com.squareup.okhttp.mockwebserver.MockWebServer$3 acceptConnections
INFO: MockWebServer[44140] done accepting connections: Socket closed
Oct 24, 2015 4:41:36 AM com.squareup.okhttp.mockwebserver.MockWebServer$3 execute
INFO: MockWebServer[34303] starting to accept connections
Oct 24, 2015 4:41:36 AM com.squareup.okhttp.mockwebserver.MockWebServer$3 acceptConnections
INFO: MockWebServer[34303] done accepting connections: Socket closed
Oct 24, 2015 4:41:36 AM com.squareup.okhttp.mockwebserver.MockWebServer$3 execute
INFO: MockWebServer[47763] starting to accept connections
Oct 24, 2015 4:41:36 AM com.squareup.okhttp.mockwebserver.MockWebServer$3 acceptConnections
INFO: MockWebServer[47763] done accepting connections: Socket closed
Oct 24, 2015 4:41:36 AM com.squareup.okhttp.mockwebserver.MockWebServer$3 execute
INFO: MockWebServer[33146] starting to accept connections
Oct 24, 2015 4:41:36 AM com.squareup.okhttp.mockwebserver.MockWebServer$3 acceptConnections
INFO: MockWebServer[33146] done accepting connections: Socket closed
Oct 24, 2015 4:41:36 AM com.squareup.okhttp.mockwebserver.MockWebServer$4 processOneRequest
INFO: MockWebServer[33146] received request: GET / HTTP/1.1 and responded: HTTP/1.1 200 OK
Oct 24, 2015 4:41:36 AM com.squareup.okhttp.mockwebserver.MockWebServer$3 execute
INFO: MockWebServer[55591] starting to accept connections
Oct 24, 2015 4:41:36 AM com.squareup.okhttp.mockwebserver.MockWebServer$3 acceptConnections
INFO: MockWebServer[55591] done accepting connections: Socket is closed
Oct 24, 2015 4:41:36 AM com.squareup.okhttp.mockwebserver.MockWebServer$3 execute
INFO: MockWebServer[35844] starting to accept connections
Oct 24, 2015 4:41:36 AM com.squareup.okhttp.mockwebserver.MockWebServer$4 processOneRequest
INFO: MockWebServer[35844] received request: GET / HTTP/1.1 and responded: HTTP/1.1 404 OK
Oct 24, 2015 4:41:36 AM com.squareup.okhttp.mockwebserver.MockWebServer$3 acceptConnections
INFO: MockWebServer[35844] done accepting connections: Socket closed
Oct 24, 2015 4:41:36 AM com.squareup.okhttp.mockwebserver.MockWebServer$3 execute
INFO: MockWebServer[50865] starting to accept connections
Oct 24, 2015 4:41:36 AM com.squareup.okhttp.mockwebserver.MockWebServer$4 processOneRequest
INFO: MockWebServer[50865] received request: POST / HTTP/1.1 and responded: HTTP/1.1 200 OK
Oct 24, 2015 4:41:36 AM com.squareup.okhttp.mockwebserver.MockWebServer$3 acceptConnections
INFO: MockWebServer[50865] done accepting connections: Socket closed
Oct 24, 2015 4:41:36 AM com.squareup.okhttp.mockwebserver.MockWebServer$3 execute
INFO: MockWebServer[40216] starting to accept connections
Oct 24, 2015 4:41:36 AM com.squareup.okhttp.mockwebserver.MockWebServer$4 processOneRequest
INFO: MockWebServer[40216] received request: GET / HTTP/1.1 and responded: HTTP/1.1 204 Nothin
Oct 24, 2015 4:41:36 AM com.squareup.okhttp.mockwebserver.MockWebServer$3 acceptConnections
INFO: MockWebServer[40216] done accepting connections: Socket closed
Oct 24, 2015 4:41:36 AM com.squareup.okhttp.mockwebserver.MockWebServer$3 execute
INFO: MockWebServer[33708] starting to accept connections
Oct 24, 2015 4:41:36 AM com.squareup.okhttp.mockwebserver.MockWebServer$4 processOneRequest
INFO: MockWebServer[33708] received request: GET / HTTP/1.1 and responded: HTTP/1.1 200 OK
Oct 24, 2015 4:41:36 AM com.squareup.okhttp.mockwebserver.MockWebServer$3 acceptConnections
INFO: MockWebServer[33708] done accepting connections: Socket closed
Oct 24, 2015 4:41:36 AM com.squareup.okhttp.mockwebserver.MockWebServer$3 execute
INFO: MockWebServer[58606] starting to accept connections
Oct 24, 2015 4:41:36 AM com.squareup.okhttp.mockwebserver.MockWebServer$3 acceptConnections
INFO: MockWebServer[58606] done accepting connections: Socket closed
Oct 24, 2015 4:41:36 AM com.squareup.okhttp.mockwebserver.MockWebServer$4 processOneRequest
INFO: MockWebServer[58606] received request: GET / HTTP/1.1 and responded: HTTP/1.1 200 OK
Oct 24, 2015 4:41:36 AM com.squareup.okhttp.mockwebserver.MockWebServer$3 execute
INFO: MockWebServer[52751] starting to accept connections
Oct 24, 2015 4:41:36 AM com.squareup.okhttp.mockwebserver.MockWebServer$3 acceptConnections
INFO: MockWebServer[52751] done accepting connections: Socket closed
Oct 24, 2015 4:41:36 AM com.squareup.okhttp.mockwebserver.MockWebServer$4 processOneRequest
INFO: MockWebServer[52751] received request: POST / HTTP/1.1 and responded: HTTP/1.1 200 OK
Oct 24, 2015 4:41:37 AM com.squareup.okhttp.mockwebserver.MockWebServer$3 execute
INFO: MockWebServer[36373] starting to accept connections
Oct 24, 2015 4:41:37 AM com.squareup.okhttp.mockwebserver.MockWebServer$3 acceptConnections
INFO: MockWebServer[36373] done accepting connections: Socket is closed
Oct 24, 2015 4:41:37 AM com.squareup.okhttp.mockwebserver.MockWebServer$3 execute
INFO: MockWebServer[57683] starting to accept connections
Oct 24, 2015 4:41:37 AM com.squareup.okhttp.mockwebserver.MockWebServer$4 processOneRequest
INFO: MockWebServer[57683] received request: GET / HTTP/1.1 and responded: HTTP/1.1 200 OK
Oct 24, 2015 4:41:37 AM com.squareup.okhttp.mockwebserver.MockWebServer$3 acceptConnections
INFO: MockWebServer[57683] done accepting connections: Socket closed
Oct 24, 2015 4:41:37 AM com.squareup.okhttp.mockwebserver.MockWebServer$3 execute
INFO: MockWebServer[43154] starting to accept connections
Oct 24, 2015 4:41:37 AM com.squareup.okhttp.mockwebserver.MockWebServer$3 acceptConnections
INFO: MockWebServer[43154] done accepting connections: Socket closed
Oct 24, 2015 4:41:37 AM com.squareup.okhttp.mockwebserver.MockWebServer$4 processOneRequest
INFO: MockWebServer[43154] received request: GET / HTTP/1.1 and responded: HTTP/1.1 200 OK
Oct 24, 2015 4:41:37 AM com.squareup.okhttp.mockwebserver.MockWebServer$3 execute
INFO: MockWebServer[49055] starting to accept connections
Oct 24, 2015 4:41:37 AM com.squareup.okhttp.mockwebserver.MockWebServer$3 acceptConnections
INFO: MockWebServer[49055] done accepting connections: Socket closed
Oct 24, 2015 4:41:37 AM com.squareup.okhttp.mockwebserver.MockWebServer$4 processOneRequest
INFO: MockWebServer[49055] received request: GET / HTTP/1.1 and responded: HTTP/1.1 205 Nothin
Oct 24, 2015 4:41:37 AM com.squareup.okhttp.mockwebserver.MockWebServer$3 execute
INFO: MockWebServer[50799] starting to accept connections
Oct 24, 2015 4:41:37 AM com.squareup.okhttp.mockwebserver.MockWebServer$4 processOneRequest
INFO: MockWebServer[50799] received request: GET / HTTP/1.1 and responded: HTTP/1.1 200 OK
Oct 24, 2015 4:41:37 AM com.squareup.okhttp.mockwebserver.MockWebServer$4 processOneRequest
INFO: MockWebServer[50799] received request: GET / HTTP/1.1 and responded: HTTP/1.1 200 OK
Oct 24, 2015 4:41:37 AM com.squareup.okhttp.mockwebserver.MockWebServer$3 acceptConnections
INFO: MockWebServer[50799] done accepting connections: Socket closed
Oct 24, 2015 4:41:37 AM com.squareup.okhttp.mockwebserver.MockWebServer$3 execute
INFO: MockWebServer[38557] starting to accept connections
Oct 24, 2015 4:41:37 AM com.squareup.okhttp.mockwebserver.MockWebServer$4 processOneRequest
INFO: MockWebServer[38557] received request: GET / HTTP/1.1 and responded: HTTP/1.1 200 OK
Oct 24, 2015 4:41:37 AM com.squareup.okhttp.mockwebserver.MockWebServer$3 acceptConnections
INFO: MockWebServer[38557] done accepting connections: Socket closed
Oct 24, 2015 4:41:37 AM com.squareup.okhttp.mockwebserver.MockWebServer$3 execute
INFO: MockWebServer[50967] starting to accept connections
Oct 24, 2015 4:41:37 AM com.squareup.okhttp.mockwebserver.MockWebServer$3 acceptConnections
INFO: MockWebServer[50967] done accepting connections: Socket closed
Oct 24, 2015 4:41:37 AM com.squareup.okhttp.mockwebserver.MockWebServer$3 execute
INFO: MockWebServer[37639] starting to accept connections
Oct 24, 2015 4:41:37 AM com.squareup.okhttp.mockwebserver.MockWebServer$3 acceptConnections
INFO: MockWebServer[37639] done accepting connections: Socket closed
Oct 24, 2015 4:41:37 AM com.squareup.okhttp.mockwebserver.MockWebServer$3 execute
INFO: MockWebServer[41708] starting to accept connections
Oct 24, 2015 4:41:37 AM com.squareup.okhttp.mockwebserver.MockWebServer$3 acceptConnections
INFO: MockWebServer[41708] done accepting connections: Socket closed
Oct 24, 2015 4:41:37 AM com.squareup.okhttp.mockwebserver.MockWebServer$4 processOneRequest
INFO: MockWebServer[41708] received request: GET / HTTP/1.1 and responded: HTTP/1.1 200 OK
Oct 24, 2015 4:41:37 AM com.squareup.okhttp.mockwebserver.MockWebServer$3 execute
INFO: MockWebServer[52026] starting to accept connections
Oct 24, 2015 4:41:37 AM com.squareup.okhttp.mockwebserver.MockWebServer$4 processOneRequest
INFO: MockWebServer[52026] received request: GET / HTTP/1.1 and responded: HTTP/1.1 200 OK
Oct 24, 2015 4:41:37 AM com.squareup.okhttp.mockwebserver.MockWebServer$3 acceptConnections
INFO: MockWebServer[52026] done accepting connections: Socket closed
Tests run: 23, Failures: 0, Errors: 0, Skipped: 0, Time elapsed: 0.358 sec
Running retrofit.RequestFactoryParserTest
Tests run: 1, Failures: 0, Errors: 0, Skipped: 0, Time elapsed: 0 sec
Running retrofit.RetrofitTest
Oct 24, 2015 4:41:37 AM com.squareup.okhttp.mockwebserver.MockWebServer$3 execute
INFO: MockWebServer[52379] starting to accept connections
Oct 24, 2015 4:41:37 AM com.squareup.okhttp.mockwebserver.MockWebServer$3 acceptConnections
INFO: MockWebServer[52379] done accepting connections: Socket is closed
Oct 24, 2015 4:41:37 AM com.squareup.okhttp.mockwebserver.MockWebServer$3 execute
INFO: MockWebServer[48646] starting to accept connections
Oct 24, 2015 4:41:37 AM com.squareup.okhttp.mockwebserver.MockWebServer$3 acceptConnections
INFO: MockWebServer[48646] done accepting connections: Socket is closed
Oct 24, 2015 4:41:37 AM com.squareup.okhttp.mockwebserver.MockWebServer$3 execute
INFO: MockWebServer[55909] starting to accept connections
Oct 24, 2015 4:41:37 AM com.squareup.okhttp.mockwebserver.MockWebServer$3 acceptConnections
INFO: MockWebServer[55909] done accepting connections: Socket closed
Oct 24, 2015 4:41:37 AM com.squareup.okhttp.mockwebserver.MockWebServer$3 execute
INFO: MockWebServer[51022] starting to accept connections
Oct 24, 2015 4:41:37 AM com.squareup.okhttp.mockwebserver.MockWebServer$3 acceptConnections
INFO: MockWebServer[51022] done accepting connections: Socket is closed
Oct 24, 2015 4:41:37 AM com.squareup.okhttp.mockwebserver.MockWebServer$3 execute
INFO: MockWebServer[60269] starting to accept connections
Oct 24, 2015 4:41:37 AM com.squareup.okhttp.mockwebserver.MockWebServer$3 acceptConnections
INFO: MockWebServer[60269] done accepting connections: Socket is closed
Oct 24, 2015 4:41:37 AM com.squareup.okhttp.mockwebserver.MockWebServer$3 execute
INFO: MockWebServer[56309] starting to accept connections
Oct 24, 2015 4:41:37 AM com.squareup.okhttp.mockwebserver.MockWebServer$3 acceptConnections
INFO: MockWebServer[56309] done accepting connections: Socket is closed
Oct 24, 2015 4:41:37 AM com.squareup.okhttp.mockwebserver.MockWebServer$3 execute
INFO: MockWebServer[48941] starting to accept connections
Oct 24, 2015 4:41:37 AM com.squareup.okhttp.mockwebserver.MockWebServer$3 acceptConnections
INFO: MockWebServer[48941] done accepting connections: Socket is closed
Oct 24, 2015 4:41:37 AM com.squareup.okhttp.mockwebserver.MockWebServer$3 execute
INFO: MockWebServer[45602] starting to accept connections
Oct 24, 2015 4:41:37 AM com.squareup.okhttp.mockwebserver.MockWebServer$3 acceptConnections
INFO: MockWebServer[45602] done accepting connections: Socket is closed
Oct 24, 2015 4:41:37 AM com.squareup.okhttp.mockwebserver.MockWebServer$3 execute
INFO: MockWebServer[42506] starting to accept connections
Oct 24, 2015 4:41:37 AM com.squareup.okhttp.mockwebserver.MockWebServer$3 acceptConnections
INFO: MockWebServer[42506] done accepting connections: Socket is closed
Oct 24, 2015 4:41:37 AM com.squareup.okhttp.mockwebserver.MockWebServer$3 execute
INFO: MockWebServer[40367] starting to accept connections
Oct 24, 2015 4:41:37 AM com.squareup.okhttp.mockwebserver.MockWebServer$3 acceptConnections
INFO: MockWebServer[40367] done accepting connections: Socket closed
Oct 24, 2015 4:41:37 AM com.squareup.okhttp.mockwebserver.MockWebServer$3 execute
INFO: MockWebServer[59533] starting to accept connections
Oct 24, 2015 4:41:37 AM com.squareup.okhttp.mockwebserver.MockWebServer$3 acceptConnections
INFO: MockWebServer[59533] done accepting connections: Socket is closed
Oct 24, 2015 4:41:37 AM com.squareup.okhttp.mockwebserver.MockWebServer$3 execute
INFO: MockWebServer[44684] starting to accept connections
Oct 24, 2015 4:41:37 AM com.squareup.okhttp.mockwebserver.MockWebServer$4 processOneRequest
INFO: MockWebServer[44684] received request: GET / HTTP/1.1 and responded: HTTP/1.1 200 OK
Oct 24, 2015 4:41:37 AM com.squareup.okhttp.mockwebserver.MockWebServer$3 acceptConnections
INFO: MockWebServer[44684] done accepting connections: Socket closed
Oct 24, 2015 4:41:37 AM com.squareup.okhttp.mockwebserver.MockWebServer$3 execute
INFO: MockWebServer[53305] starting to accept connections
Oct 24, 2015 4:41:37 AM com.squareup.okhttp.mockwebserver.MockWebServer$3 acceptConnections
INFO: MockWebServer[53305] done accepting connections: Socket is closed
Oct 24, 2015 4:41:37 AM com.squareup.okhttp.mockwebserver.MockWebServer$3 execute
INFO: MockWebServer[35521] starting to accept connections
Oct 24, 2015 4:41:37 AM com.squareup.okhttp.mockwebserver.MockWebServer$3 acceptConnections
INFO: MockWebServer[35521] done accepting connections: Socket is closed
Oct 24, 2015 4:41:37 AM com.squareup.okhttp.mockwebserver.MockWebServer$3 execute
INFO: MockWebServer[32994] starting to accept connections
Oct 24, 2015 4:41:37 AM com.squareup.okhttp.mockwebserver.MockWebServer$4 processOneRequest
INFO: MockWebServer[32994] received request: GET / HTTP/1.1 and responded: HTTP/1.1 200 OK
Oct 24, 2015 4:41:37 AM com.squareup.okhttp.mockwebserver.MockWebServer$3 acceptConnections
INFO: MockWebServer[32994] done accepting connections: Socket closed
Oct 24, 2015 4:41:37 AM com.squareup.okhttp.mockwebserver.MockWebServer$3 execute
INFO: MockWebServer[42726] starting to accept connections
Oct 24, 2015 4:41:37 AM com.squareup.okhttp.mockwebserver.MockWebServer$3 acceptConnections
INFO: MockWebServer[42726] done accepting connections: Socket closed
Oct 24, 2015 4:41:37 AM com.squareup.okhttp.mockwebserver.MockWebServer$3 execute
INFO: MockWebServer[43625] starting to accept connections
Oct 24, 2015 4:41:37 AM com.squareup.okhttp.mockwebserver.MockWebServer$4 processOneRequest
INFO: MockWebServer[43625] received request: POST / HTTP/1.1 and responded: HTTP/1.1 200 OK
Oct 24, 2015 4:41:37 AM com.squareup.okhttp.mockwebserver.MockWebServer$3 acceptConnections
INFO: MockWebServer[43625] done accepting connections: Socket closed
Oct 24, 2015 4:41:37 AM com.squareup.okhttp.mockwebserver.MockWebServer$3 execute
INFO: MockWebServer[43501] starting to accept connections
Oct 24, 2015 4:41:37 AM com.squareup.okhttp.mockwebserver.MockWebServer$3 acceptConnections
INFO: MockWebServer[43501] done accepting connections: Socket is closed
Oct 24, 2015 4:41:37 AM com.squareup.okhttp.mockwebserver.MockWebServer$3 execute
INFO: MockWebServer[59550] starting to accept connections
Oct 24, 2015 4:41:37 AM com.squareup.okhttp.mockwebserver.MockWebServer$3 acceptConnections
INFO: MockWebServer[59550] done accepting connections: Socket is closed
Oct 24, 2015 4:41:37 AM com.squareup.okhttp.mockwebserver.MockWebServer$3 execute
INFO: MockWebServer[53148] starting to accept connections
Oct 24, 2015 4:41:37 AM com.squareup.okhttp.mockwebserver.MockWebServer$3 acceptConnections
INFO: MockWebServer[53148] done accepting connections: Socket is closed
Oct 24, 2015 4:41:37 AM com.squareup.okhttp.mockwebserver.MockWebServer$3 execute
INFO: MockWebServer[37996] starting to accept connections
Oct 24, 2015 4:41:37 AM com.squareup.okhttp.mockwebserver.MockWebServer$3 acceptConnections
INFO: MockWebServer[37996] done accepting connections: Socket is closed
Oct 24, 2015 4:41:37 AM com.squareup.okhttp.mockwebserver.MockWebServer$3 execute
INFO: MockWebServer[56135] starting to accept connections
Oct 24, 2015 4:41:37 AM com.squareup.okhttp.mockwebserver.MockWebServer$3 acceptConnections
INFO: MockWebServer[56135] done accepting connections: Socket is closed
Oct 24, 2015 4:41:37 AM com.squareup.okhttp.mockwebserver.MockWebServer$3 execute
INFO: MockWebServer[46953] starting to accept connections
Oct 24, 2015 4:41:37 AM com.squareup.okhttp.mockwebserver.MockWebServer$4 processOneRequest
INFO: MockWebServer[46953] received request: GET / HTTP/1.1 and responded: HTTP/1.1 200 OK
Oct 24, 2015 4:41:37 AM com.squareup.okhttp.mockwebserver.MockWebServer$3 acceptConnections
INFO: MockWebServer[46953] done accepting connections: Socket closed
Oct 24, 2015 4:41:37 AM com.squareup.okhttp.mockwebserver.MockWebServer$3 execute
INFO: MockWebServer[51424] starting to accept connections
Oct 24, 2015 4:41:37 AM com.squareup.okhttp.mockwebserver.MockWebServer$3 acceptConnections
INFO: MockWebServer[51424] done accepting connections: Socket closed
Oct 24, 2015 4:41:37 AM com.squareup.okhttp.mockwebserver.MockWebServer$3 execute
INFO: MockWebServer[53587] starting to accept connections
Oct 24, 2015 4:41:37 AM com.squareup.okhttp.mockwebserver.MockWebServer$3 acceptConnections
INFO: MockWebServer[53587] done accepting connections: Socket is closed
Oct 24, 2015 4:41:37 AM com.squareup.okhttp.mockwebserver.MockWebServer$3 execute
INFO: MockWebServer[59089] starting to accept connections
Oct 24, 2015 4:41:37 AM com.squareup.okhttp.mockwebserver.MockWebServer$3 acceptConnections
INFO: MockWebServer[59089] done accepting connections: Socket closed
Oct 24, 2015 4:41:37 AM com.squareup.okhttp.mockwebserver.MockWebServer$3 execute
INFO: MockWebServer[41648] starting to accept connections
Oct 24, 2015 4:41:37 AM com.squareup.okhttp.mockwebserver.MockWebServer$3 acceptConnections
INFO: MockWebServer[41648] done accepting connections: Socket is closed
Oct 24, 2015 4:41:37 AM com.squareup.okhttp.mockwebserver.MockWebServer$3 execute
INFO: MockWebServer[40601] starting to accept connections
Oct 24, 2015 4:41:37 AM com.squareup.okhttp.mockwebserver.MockWebServer$3 acceptConnections
INFO: MockWebServer[40601] done accepting connections: Socket is closed
Oct 24, 2015 4:41:37 AM com.squareup.okhttp.mockwebserver.MockWebServer$3 execute
INFO: MockWebServer[45606] starting to accept connections
Oct 24, 2015 4:41:37 AM com.squareup.okhttp.mockwebserver.MockWebServer$3 acceptConnections
INFO: MockWebServer[45606] done accepting connections: Socket closed
Oct 24, 2015 4:41:37 AM com.squareup.okhttp.mockwebserver.MockWebServer$3 execute
INFO: MockWebServer[48628] starting to accept connections
Oct 24, 2015 4:41:37 AM com.squareup.okhttp.mockwebserver.MockWebServer$3 acceptConnections
INFO: MockWebServer[48628] done accepting connections: Socket is closed
Oct 24, 2015 4:41:37 AM com.squareup.okhttp.mockwebserver.MockWebServer$3 execute
INFO: MockWebServer[48006] starting to accept connections
Oct 24, 2015 4:41:37 AM com.squareup.okhttp.mockwebserver.MockWebServer$3 acceptConnections
INFO: MockWebServer[48006] done accepting connections: Socket closed
Oct 24, 2015 4:41:37 AM com.squareup.okhttp.mockwebserver.MockWebServer$3 execute
INFO: MockWebServer[56347] starting to accept connections
Oct 24, 2015 4:41:37 AM com.squareup.okhttp.mockwebserver.MockWebServer$3 acceptConnections
INFO: MockWebServer[56347] done accepting connections: Socket closed
Oct 24, 2015 4:41:37 AM com.squareup.okhttp.mockwebserver.MockWebServer$3 execute
INFO: MockWebServer[60354] starting to accept connections
Oct 24, 2015 4:41:37 AM com.squareup.okhttp.mockwebserver.MockWebServer$3 acceptConnections
INFO: MockWebServer[60354] done accepting connections: Socket is closed
Oct 24, 2015 4:41:37 AM com.squareup.okhttp.mockwebserver.MockWebServer$3 execute
INFO: MockWebServer[44507] starting to accept connections
Oct 24, 2015 4:41:37 AM com.squareup.okhttp.mockwebserver.MockWebServer$3 acceptConnections
INFO: MockWebServer[44507] done accepting connections: Socket is closed
Oct 24, 2015 4:41:37 AM com.squareup.okhttp.mockwebserver.MockWebServer$3 execute
INFO: MockWebServer[34250] starting to accept connections
Oct 24, 2015 4:41:37 AM com.squareup.okhttp.mockwebserver.MockWebServer$3 acceptConnections
INFO: MockWebServer[34250] done accepting connections: Socket is closed
Oct 24, 2015 4:41:37 AM com.squareup.okhttp.mockwebserver.MockWebServer$3 execute
INFO: MockWebServer[43867] starting to accept connections
Oct 24, 2015 4:41:37 AM com.squareup.okhttp.mockwebserver.MockWebServer$3 acceptConnections
INFO: MockWebServer[43867] done accepting connections: Socket is closed
Oct 24, 2015 4:41:37 AM com.squareup.okhttp.mockwebserver.MockWebServer$3 execute
INFO: MockWebServer[36693] starting to accept connections
Oct 24, 2015 4:41:37 AM com.squareup.okhttp.mockwebserver.MockWebServer$3 acceptConnections
INFO: MockWebServer[36693] done accepting connections: Socket closed
Oct 24, 2015 4:41:37 AM com.squareup.okhttp.mockwebserver.MockWebServer$3 execute
INFO: MockWebServer[58602] starting to accept connections
Oct 24, 2015 4:41:37 AM com.squareup.okhttp.mockwebserver.MockWebServer$3 acceptConnections
INFO: MockWebServer[58602] done accepting connections: Socket is closed
Oct 24, 2015 4:41:37 AM com.squareup.okhttp.mockwebserver.MockWebServer$3 execute
INFO: MockWebServer[41424] starting to accept connections
Oct 24, 2015 4:41:37 AM com.squareup.okhttp.mockwebserver.MockWebServer$3 acceptConnections
INFO: MockWebServer[41424] done accepting connections: Socket closed
Oct 24, 2015 4:41:37 AM com.squareup.okhttp.mockwebserver.MockWebServer$3 execute
INFO: MockWebServer[56559] starting to accept connections
Oct 24, 2015 4:41:37 AM com.squareup.okhttp.mockwebserver.MockWebServer$3 acceptConnections
INFO: MockWebServer[56559] done accepting connections: Socket closed
Oct 24, 2015 4:41:37 AM com.squareup.okhttp.mockwebserver.MockWebServer$3 execute
INFO: MockWebServer[34567] starting to accept connections
Oct 24, 2015 4:41:37 AM com.squareup.okhttp.mockwebserver.MockWebServer$3 acceptConnections
INFO: MockWebServer[34567] done accepting connections: Socket is closed
Oct 24, 2015 4:41:37 AM com.squareup.okhttp.mockwebserver.MockWebServer$3 execute
INFO: MockWebServer[57182] starting to accept connections
Oct 24, 2015 4:41:37 AM com.squareup.okhttp.mockwebserver.MockWebServer$3 acceptConnections
INFO: MockWebServer[57182] done accepting connections: Socket is closed
Oct 24, 2015 4:41:37 AM com.squareup.okhttp.mockwebserver.MockWebServer$3 execute
INFO: MockWebServer[41778] starting to accept connections
Oct 24, 2015 4:41:37 AM com.squareup.okhttp.mockwebserver.MockWebServer$3 acceptConnections
INFO: MockWebServer[41778] done accepting connections: Socket is closed
Oct 24, 2015 4:41:37 AM com.squareup.okhttp.mockwebserver.MockWebServer$3 execute
INFO: MockWebServer[41210] starting to accept connections
Oct 24, 2015 4:41:37 AM com.squareup.okhttp.mockwebserver.MockWebServer$3 acceptConnections
INFO: MockWebServer[41210] done accepting connections: Socket is closed
Oct 24, 2015 4:41:37 AM com.squareup.okhttp.mockwebserver.MockWebServer$3 execute
INFO: MockWebServer[52868] starting to accept connections
Oct 24, 2015 4:41:37 AM com.squareup.okhttp.mockwebserver.MockWebServer$3 acceptConnections
INFO: MockWebServer[52868] done accepting connections: Socket is closed
Oct 24, 2015 4:41:37 AM com.squareup.okhttp.mockwebserver.MockWebServer$3 execute
INFO: MockWebServer[40204] starting to accept connections
Oct 24, 2015 4:41:37 AM com.squareup.okhttp.mockwebserver.MockWebServer$3 acceptConnections
INFO: MockWebServer[40204] done accepting connections: Socket closed
Oct 24, 2015 4:41:37 AM com.squareup.okhttp.mockwebserver.MockWebServer$3 execute
INFO: MockWebServer[53485] starting to accept connections
Oct 24, 2015 4:41:37 AM com.squareup.okhttp.mockwebserver.MockWebServer$3 acceptConnections
INFO: MockWebServer[53485] done accepting connections: Socket closed
Tests run: 47, Failures: 0, Errors: 0, Skipped: 0, Time elapsed: 0.344 sec

Results :

Tests run: 177, Failures: 0, Errors: 0, Skipped: 2

[INFO] 
[INFO] --- animal-sniffer-maven-plugin:1.14:check (default) @ retrofit ---
[INFO] Checking unresolved references to org.codehaus.mojo.signature:java16:1.1
[INFO]                                                                         
[INFO] ------------------------------------------------------------------------
[INFO] Building Adapters 2.0.0-SNAPSHOT
[INFO] ------------------------------------------------------------------------
[INFO] 
[INFO] --- maven-enforcer-plugin:1.0:enforce (enforce-maven) @ retrofit-adapters ---
[INFO] 
[INFO] --- animal-sniffer-maven-plugin:1.14:check (default) @ retrofit-adapters ---
[INFO] Checking unresolved references to org.codehaus.mojo.signature:java16:1.1
[INFO]                                                                         
[INFO] ------------------------------------------------------------------------
[INFO] Building Adapter: RxJava 2.0.0-SNAPSHOT
[INFO] ------------------------------------------------------------------------
[INFO] 
[INFO] --- maven-enforcer-plugin:1.0:enforce (enforce-maven) @ adapter-rxjava ---
[INFO] 
[INFO] --- maven-resources-plugin:2.6:resources (default-resources) @ adapter-rxjava ---
[INFO] Using 'UTF-8' encoding to copy filtered resources.
[INFO] skip non existing resourceDirectory /home/travis/build/square/retrofit/retrofit-adapters/rxjava/src/main/resources
[INFO] 
[INFO] --- maven-compiler-plugin:3.0:compile (default-compile) @ adapter-rxjava ---
[INFO] Changes detected - recompiling the module!
[INFO] Compiling 4 source files to /home/travis/build/square/retrofit/retrofit-adapters/rxjava/target/classes
[INFO] 
[INFO] --- maven-resources-plugin:2.6:testResources (default-testResources) @ adapter-rxjava ---
[INFO] Using 'UTF-8' encoding to copy filtered resources.
[INFO] skip non existing resourceDirectory /home/travis/build/square/retrofit/retrofit-adapters/rxjava/src/test/resources
[INFO] 
[INFO] --- maven-compiler-plugin:3.0:testCompile (default-testCompile) @ adapter-rxjava ---
[INFO] Changes detected - recompiling the module!
[INFO] Compiling 2 source files to /home/travis/build/square/retrofit/retrofit-adapters/rxjava/target/test-classes
[INFO] 
[INFO] --- maven-surefire-plugin:2.12.4:test (default-test) @ adapter-rxjava ---
[INFO] Surefire report directory: /home/travis/build/square/retrofit/retrofit-adapters/rxjava/target/surefire-reports

-------------------------------------------------------
 T E S T S
-------------------------------------------------------
Running retrofit.ResultTest
Tests run: 4, Failures: 0, Errors: 0, Skipped: 0, Time elapsed: 0.129 sec
Running retrofit.RxJavaCallAdapterFactoryTest
Oct 24, 2015 4:41:39 AM com.squareup.okhttp.mockwebserver.MockWebServer$3 execute
INFO: MockWebServer[47406] starting to accept connections
Oct 24, 2015 4:41:39 AM com.squareup.okhttp.mockwebserver.MockWebServer$4 processConnection
WARNING: MockWebServer[47406] connection from /127.0.0.1 didn't make a request
Oct 24, 2015 4:41:39 AM com.squareup.okhttp.mockwebserver.MockWebServer$3 acceptConnections
INFO: MockWebServer[47406] done accepting connections: Socket closed
Oct 24, 2015 4:41:39 AM com.squareup.okhttp.mockwebserver.MockWebServer$3 execute
INFO: MockWebServer[36705] starting to accept connections
Oct 24, 2015 4:41:39 AM com.squareup.okhttp.mockwebserver.MockWebServer$4 processOneRequest
INFO: MockWebServer[36705] received request: GET / HTTP/1.1 and responded: HTTP/1.1 200 OK
Oct 24, 2015 4:41:39 AM com.squareup.okhttp.mockwebserver.MockWebServer$3 acceptConnections
INFO: MockWebServer[36705] done accepting connections: Socket closed
Oct 24, 2015 4:41:39 AM com.squareup.okhttp.mockwebserver.MockWebServer$3 execute
INFO: MockWebServer[60213] starting to accept connections
Oct 24, 2015 4:41:39 AM com.squareup.okhttp.mockwebserver.MockWebServer$4 processOneRequest
INFO: MockWebServer[60213] received request: GET / HTTP/1.1 and responded: HTTP/1.1 404 OK
Oct 24, 2015 4:41:39 AM com.squareup.okhttp.mockwebserver.MockWebServer$3 acceptConnections
INFO: MockWebServer[60213] done accepting connections: Socket closed
Oct 24, 2015 4:41:39 AM com.squareup.okhttp.mockwebserver.MockWebServer$3 execute
INFO: MockWebServer[43519] starting to accept connections
Oct 24, 2015 4:41:39 AM com.squareup.okhttp.mockwebserver.MockWebServer$3 acceptConnections
INFO: MockWebServer[43519] done accepting connections: Socket closed
Oct 24, 2015 4:41:39 AM com.squareup.okhttp.mockwebserver.MockWebServer$3 execute
INFO: MockWebServer[47807] starting to accept connections
Oct 24, 2015 4:41:39 AM com.squareup.okhttp.mockwebserver.MockWebServer$3 acceptConnections
INFO: MockWebServer[47807] done accepting connections: Socket closed
Oct 24, 2015 4:41:39 AM com.squareup.okhttp.mockwebserver.MockWebServer$3 execute
INFO: MockWebServer[56502] starting to accept connections
Oct 24, 2015 4:41:39 AM com.squareup.okhttp.mockwebserver.MockWebServer$4 processConnection
WARNING: MockWebServer[56502] connection from /127.0.0.1 didn't make a request
Oct 24, 2015 4:41:39 AM com.squareup.okhttp.mockwebserver.MockWebServer$3 acceptConnections
INFO: MockWebServer[56502] done accepting connections: Socket closed
Oct 24, 2015 4:41:39 AM com.squareup.okhttp.mockwebserver.MockWebServer$3 execute
INFO: MockWebServer[34377] starting to accept connections
Oct 24, 2015 4:41:39 AM com.squareup.okhttp.mockwebserver.MockWebServer$4 processOneRequest
INFO: MockWebServer[34377] received request: GET / HTTP/1.1 and responded: HTTP/1.1 200 OK
Oct 24, 2015 4:41:39 AM com.squareup.okhttp.mockwebserver.MockWebServer$3 acceptConnections
INFO: MockWebServer[34377] done accepting connections: Socket closed
Oct 24, 2015 4:41:39 AM com.squareup.okhttp.mockwebserver.MockWebServer$3 execute
INFO: MockWebServer[33538] starting to accept connections
Oct 24, 2015 4:41:39 AM com.squareup.okhttp.mockwebserver.MockWebServer$4 processOneRequest
INFO: MockWebServer[33538] received request: GET / HTTP/1.1 and responded: HTTP/1.1 404 OK
Oct 24, 2015 4:41:39 AM com.squareup.okhttp.mockwebserver.MockWebServer$3 acceptConnections
INFO: MockWebServer[33538] done accepting connections: Socket closed
Oct 24, 2015 4:41:39 AM com.squareup.okhttp.mockwebserver.MockWebServer$3 execute
INFO: MockWebServer[39402] starting to accept connections
Oct 24, 2015 4:41:39 AM com.squareup.okhttp.mockwebserver.MockWebServer$3 acceptConnections
INFO: MockWebServer[39402] done accepting connections: Socket is closed
Oct 24, 2015 4:41:39 AM com.squareup.okhttp.mockwebserver.MockWebServer$3 execute
INFO: MockWebServer[53236] starting to accept connections
Oct 24, 2015 4:41:39 AM com.squareup.okhttp.mockwebserver.MockWebServer$4 processConnection
WARNING: MockWebServer[53236] connection from /127.0.0.1 didn't make a request
Oct 24, 2015 4:41:39 AM com.squareup.okhttp.mockwebserver.MockWebServer$3 acceptConnections
INFO: MockWebServer[53236] done accepting connections: Socket closed
Oct 24, 2015 4:41:39 AM com.squareup.okhttp.mockwebserver.MockWebServer$3 execute
INFO: MockWebServer[34716] starting to accept connections
Oct 24, 2015 4:41:39 AM com.squareup.okhttp.mockwebserver.MockWebServer$3 acceptConnections
INFO: MockWebServer[34716] done accepting connections: Socket is closed
Oct 24, 2015 4:41:39 AM com.squareup.okhttp.mockwebserver.MockWebServer$3 execute
INFO: MockWebServer[57953] starting to accept connections
Oct 24, 2015 4:41:39 AM com.squareup.okhttp.mockwebserver.MockWebServer$3 acceptConnections
INFO: MockWebServer[57953] done accepting connections: Socket is closed
Oct 24, 2015 4:41:39 AM com.squareup.okhttp.mockwebserver.MockWebServer$3 execute
INFO: MockWebServer[36017] starting to accept connections
Oct 24, 2015 4:41:39 AM com.squareup.okhttp.mockwebserver.MockWebServer$4 processOneRequest
INFO: MockWebServer[36017] received request: GET / HTTP/1.1 and responded: HTTP/1.1 200 OK
Oct 24, 2015 4:41:39 AM com.squareup.okhttp.mockwebserver.MockWebServer$3 acceptConnections
INFO: MockWebServer[36017] done accepting connections: Socket closed
Oct 24, 2015 4:41:39 AM com.squareup.okhttp.mockwebserver.MockWebServer$3 execute
INFO: MockWebServer[42098] starting to accept connections
Oct 24, 2015 4:41:39 AM com.squareup.okhttp.mockwebserver.MockWebServer$4 processOneRequest
INFO: MockWebServer[42098] received request: GET / HTTP/1.1 and responded: HTTP/1.1 404 OK
Oct 24, 2015 4:41:39 AM com.squareup.okhttp.mockwebserver.MockWebServer$3 acceptConnections
INFO: MockWebServer[42098] done accepting connections: Socket closed
Oct 24, 2015 4:41:39 AM com.squareup.okhttp.mockwebserver.MockWebServer$3 execute
INFO: MockWebServer[37378] starting to accept connections
Oct 24, 2015 4:41:39 AM com.squareup.okhttp.mockwebserver.MockWebServer$3 acceptConnections
INFO: MockWebServer[37378] done accepting connections: Socket is closed
Tests run: 15, Failures: 0, Errors: 0, Skipped: 0, Time elapsed: 0.507 sec

Results :

Tests run: 19, Failures: 0, Errors: 0, Skipped: 0

[INFO] 
[INFO] --- animal-sniffer-maven-plugin:1.14:check (default) @ adapter-rxjava ---
[INFO] Checking unresolved references to org.codehaus.mojo.signature:java16:1.1
[INFO]                                                                         
[INFO] ------------------------------------------------------------------------
[INFO] Building Retrofit Mock Adapter 2.0.0-SNAPSHOT
[INFO] ------------------------------------------------------------------------
[INFO] 
[INFO] --- maven-enforcer-plugin:1.0:enforce (enforce-maven) @ retrofit-mock ---
[INFO] 
[INFO] --- maven-resources-plugin:2.6:resources (default-resources) @ retrofit-mock ---
[INFO] Using 'UTF-8' encoding to copy filtered resources.
[INFO] skip non existing resourceDirectory /home/travis/build/square/retrofit/retrofit-mock/src/main/resources
[INFO] 
[INFO] --- maven-compiler-plugin:3.0:compile (default-compile) @ retrofit-mock ---
[INFO] Changes detected - recompiling the module!
[INFO] Compiling 5 source files to /home/travis/build/square/retrofit/retrofit-mock/target/classes
[INFO] 
[INFO] --- maven-resources-plugin:2.6:testResources (default-testResources) @ retrofit-mock ---
[INFO] Using 'UTF-8' encoding to copy filtered resources.
[INFO] skip non existing resourceDirectory /home/travis/build/square/retrofit/retrofit-mock/src/test/resources
[INFO] 
[INFO] --- maven-compiler-plugin:3.0:testCompile (default-testCompile) @ retrofit-mock ---
[INFO] Changes detected - recompiling the module!
[INFO] Compiling 2 source files to /home/travis/build/square/retrofit/retrofit-mock/target/test-classes
[INFO] 
[INFO] --- maven-surefire-plugin:2.12.4:test (default-test) @ retrofit-mock ---
[INFO] Surefire report directory: /home/travis/build/square/retrofit/retrofit-mock/target/surefire-reports

-------------------------------------------------------
 T E S T S
-------------------------------------------------------
Running retrofit.MockRetrofitTest
Tests run: 10, Failures: 0, Errors: 0, Skipped: 0, Time elapsed: 1.263 sec
Running retrofit.NetworkBehaviorTest
Tests run: 5, Failures: 0, Errors: 0, Skipped: 0, Time elapsed: 0.065 sec

Results :

Tests run: 15, Failures: 0, Errors: 0, Skipped: 0

[INFO] 
[INFO] --- animal-sniffer-maven-plugin:1.14:check (default) @ retrofit-mock ---
[INFO] Checking unresolved references to org.codehaus.mojo.signature:java16:1.1
[INFO]                                                                         
[INFO] ------------------------------------------------------------------------
[INFO] Building Adapter: RxJava Mock 2.0.0-SNAPSHOT
[INFO] ------------------------------------------------------------------------
[INFO] 
[INFO] --- maven-enforcer-plugin:1.0:enforce (enforce-maven) @ adapter-rxjava-mock ---
[INFO] 
[INFO] --- maven-resources-plugin:2.6:resources (default-resources) @ adapter-rxjava-mock ---
[INFO] Using 'UTF-8' encoding to copy filtered resources.
[INFO] skip non existing resourceDirectory /home/travis/build/square/retrofit/retrofit-adapters/rxjava-mock/src/main/resources
[INFO] 
[INFO] --- maven-compiler-plugin:3.0:compile (default-compile) @ adapter-rxjava-mock ---
[INFO] Changes detected - recompiling the module!
[INFO] Compiling 2 source files to /home/travis/build/square/retrofit/retrofit-adapters/rxjava-mock/target/classes
[INFO] 
[INFO] --- maven-resources-plugin:2.6:testResources (default-testResources) @ adapter-rxjava-mock ---
[INFO] Using 'UTF-8' encoding to copy filtered resources.
[INFO] skip non existing resourceDirectory /home/travis/build/square/retrofit/retrofit-adapters/rxjava-mock/src/test/resources
[INFO] 
[INFO] --- maven-compiler-plugin:3.0:testCompile (default-testCompile) @ adapter-rxjava-mock ---
[INFO] Changes detected - recompiling the module!
[INFO] Compiling 1 source file to /home/travis/build/square/retrofit/retrofit-adapters/rxjava-mock/target/test-classes
[INFO] 
[INFO] --- maven-surefire-plugin:2.12.4:test (default-test) @ adapter-rxjava-mock ---
[INFO] Surefire report directory: /home/travis/build/square/retrofit/retrofit-adapters/rxjava-mock/target/surefire-reports

-------------------------------------------------------
 T E S T S
-------------------------------------------------------
Running retrofit.mock.RxJavaBehaviorAdapterTest
Tests run: 4, Failures: 0, Errors: 0, Skipped: 0, Time elapsed: 0.759 sec

Results :

Tests run: 4, Failures: 0, Errors: 0, Skipped: 0

[INFO] 
[INFO] --- animal-sniffer-maven-plugin:1.14:check (default) @ adapter-rxjava-mock ---
[INFO] Checking unresolved references to org.codehaus.mojo.signature:java16:1.1
[INFO]                                                                         
[INFO] ------------------------------------------------------------------------
[INFO] Building Converters 2.0.0-SNAPSHOT
[INFO] ------------------------------------------------------------------------
[INFO] 
[INFO] --- maven-enforcer-plugin:1.0:enforce (enforce-maven) @ retrofit-converters ---
[INFO] 
[INFO] --- animal-sniffer-maven-plugin:1.14:check (default) @ retrofit-converters ---
[INFO] Checking unresolved references to org.codehaus.mojo.signature:java16:1.1
[INFO]                                                                         
[INFO] ------------------------------------------------------------------------
[INFO] Building Converter: Gson 2.0.0-SNAPSHOT
[INFO] ------------------------------------------------------------------------
[INFO] 
[INFO] --- maven-enforcer-plugin:1.0:enforce (enforce-maven) @ converter-gson ---
[INFO] 
[INFO] --- maven-resources-plugin:2.6:resources (default-resources) @ converter-gson ---
[INFO] Using 'UTF-8' encoding to copy filtered resources.
[INFO] skip non existing resourceDirectory /home/travis/build/square/retrofit/retrofit-converters/gson/src/main/resources
[INFO] 
[INFO] --- maven-compiler-plugin:3.0:compile (default-compile) @ converter-gson ---
[INFO] Changes detected - recompiling the module!
[INFO] Compiling 3 source files to /home/travis/build/square/retrofit/retrofit-converters/gson/target/classes
[INFO] 
[INFO] --- maven-resources-plugin:2.6:testResources (default-testResources) @ converter-gson ---
[INFO] Using 'UTF-8' encoding to copy filtered resources.
[INFO] skip non existing resourceDirectory /home/travis/build/square/retrofit/retrofit-converters/gson/src/test/resources
[INFO] 
[INFO] --- maven-compiler-plugin:3.0:testCompile (default-testCompile) @ converter-gson ---
[INFO] Changes detected - recompiling the module!
[INFO] Compiling 1 source file to /home/travis/build/square/retrofit/retrofit-converters/gson/target/test-classes
[INFO] 
[INFO] --- maven-surefire-plugin:2.12.4:test (default-test) @ converter-gson ---
[INFO] Surefire report directory: /home/travis/build/square/retrofit/retrofit-converters/gson/target/surefire-reports

-------------------------------------------------------
 T E S T S
-------------------------------------------------------
Running retrofit.GsonConverterFactoryTest
Oct 24, 2015 4:41:45 AM com.squareup.okhttp.mockwebserver.MockWebServer$3 execute
INFO: MockWebServer[56935] starting to accept connections
Oct 24, 2015 4:41:45 AM com.squareup.okhttp.mockwebserver.MockWebServer$4 processOneRequest
INFO: MockWebServer[56935] received request: POST / HTTP/1.1 and responded: HTTP/1.1 200 OK
Oct 24, 2015 4:41:45 AM com.squareup.okhttp.mockwebserver.MockWebServer$3 acceptConnections
INFO: MockWebServer[56935] done accepting connections: Socket closed
Oct 24, 2015 4:41:45 AM com.squareup.okhttp.mockwebserver.MockWebServer$3 execute
INFO: MockWebServer[42229] starting to accept connections
Oct 24, 2015 4:41:45 AM com.squareup.okhttp.mockwebserver.MockWebServer$4 processOneRequest
INFO: MockWebServer[42229] received request: POST / HTTP/1.1 and responded: HTTP/1.1 200 OK
Oct 24, 2015 4:41:45 AM com.squareup.okhttp.mockwebserver.MockWebServer$3 acceptConnections
INFO: MockWebServer[42229] done accepting connections: Socket closed
Oct 24, 2015 4:41:45 AM com.squareup.okhttp.mockwebserver.MockWebServer$3 execute
INFO: MockWebServer[44708] starting to accept connections
Oct 24, 2015 4:41:45 AM com.squareup.okhttp.mockwebserver.MockWebServer$4 processOneRequest
INFO: MockWebServer[44708] received request: POST / HTTP/1.1 and responded: HTTP/1.1 200 OK
Oct 24, 2015 4:41:45 AM com.squareup.okhttp.mockwebserver.MockWebServer$3 acceptConnections
INFO: MockWebServer[44708] done accepting connections: Socket closed
Tests run: 3, Failures: 0, Errors: 0, Skipped: 0, Time elapsed: 0.522 sec

Results :

Tests run: 3, Failures: 0, Errors: 0, Skipped: 0

[INFO] 
[INFO] --- animal-sniffer-maven-plugin:1.14:check (default) @ converter-gson ---
[INFO] Checking unresolved references to org.codehaus.mojo.signature:java16:1.1
[INFO]                                                                         
[INFO] ------------------------------------------------------------------------
[INFO] Building Converter: Protocol Buffers 2.0.0-SNAPSHOT
[INFO] ------------------------------------------------------------------------
[INFO] 
[INFO] --- maven-enforcer-plugin:1.0:enforce (enforce-maven) @ converter-protobuf ---
[INFO] 
[INFO] --- maven-resources-plugin:2.6:resources (default-resources) @ converter-protobuf ---
[INFO] Using 'UTF-8' encoding to copy filtered resources.
[INFO] skip non existing resourceDirectory /home/travis/build/square/retrofit/retrofit-converters/protobuf/src/main/resources
[INFO] 
[INFO] --- maven-compiler-plugin:3.0:compile (default-compile) @ converter-protobuf ---
[INFO] Changes detected - recompiling the module!
[INFO] Compiling 3 source files to /home/travis/build/square/retrofit/retrofit-converters/protobuf/target/classes
[WARNING] /home/travis/build/square/retrofit/retrofit-converters/protobuf/src/main/java/retrofit/ProtoConverterFactory.java: /home/travis/build/square/retrofit/retrofit-converters/protobuf/src/main/java/retrofit/ProtoConverterFactory.java uses unchecked or unsafe operations.
[WARNING] /home/travis/build/square/retrofit/retrofit-converters/protobuf/src/main/java/retrofit/ProtoConverterFactory.java: Recompile with -Xlint:unchecked for details.
[INFO] 
[INFO] --- maven-resources-plugin:2.6:testResources (default-testResources) @ converter-protobuf ---
[INFO] Using 'UTF-8' encoding to copy filtered resources.
[INFO] skip non existing resourceDirectory /home/travis/build/square/retrofit/retrofit-converters/protobuf/src/test/resources
[INFO] 
[INFO] --- maven-compiler-plugin:3.0:testCompile (default-testCompile) @ converter-protobuf ---
[INFO] Changes detected - recompiling the module!
[INFO] Compiling 2 source files to /home/travis/build/square/retrofit/retrofit-converters/protobuf/target/test-classes
[INFO] 
[INFO] --- maven-surefire-plugin:2.12.4:test (default-test) @ converter-protobuf ---
[INFO] Surefire report directory: /home/travis/build/square/retrofit/retrofit-converters/protobuf/target/surefire-reports

-------------------------------------------------------
 T E S T S
-------------------------------------------------------
Running retrofit.ProtoConverterFactoryTest
Oct 24, 2015 4:41:46 AM com.squareup.okhttp.mockwebserver.MockWebServer$3 execute
INFO: MockWebServer[53109] starting to accept connections
Oct 24, 2015 4:41:46 AM com.squareup.okhttp.mockwebserver.MockWebServer$4 processOneRequest
INFO: MockWebServer[53109] received request: POST / HTTP/1.1 and responded: HTTP/1.1 200 OK
Oct 24, 2015 4:41:47 AM com.squareup.okhttp.mockwebserver.MockWebServer$3 acceptConnections
INFO: MockWebServer[53109] done accepting connections: Socket closed
Oct 24, 2015 4:41:47 AM com.squareup.okhttp.mockwebserver.MockWebServer$3 execute
INFO: MockWebServer[49887] starting to accept connections
Oct 24, 2015 4:41:47 AM com.squareup.okhttp.mockwebserver.MockWebServer$3 acceptConnections
INFO: MockWebServer[49887] done accepting connections: Socket is closed
Oct 24, 2015 4:41:47 AM com.squareup.okhttp.mockwebserver.MockWebServer$3 execute
INFO: MockWebServer[46850] starting to accept connections
Oct 24, 2015 4:41:47 AM com.squareup.okhttp.mockwebserver.MockWebServer$4 processOneRequest
INFO: MockWebServer[46850] received request: GET / HTTP/1.1 and responded: HTTP/1.1 200 OK
Oct 24, 2015 4:41:47 AM com.squareup.okhttp.mockwebserver.MockWebServer$3 acceptConnections
INFO: MockWebServer[46850] done accepting connections: Socket closed
Oct 24, 2015 4:41:47 AM com.squareup.okhttp.mockwebserver.MockWebServer$3 execute
INFO: MockWebServer[46693] starting to accept connections
Oct 24, 2015 4:41:47 AM com.squareup.okhttp.mockwebserver.MockWebServer$3 acceptConnections
INFO: MockWebServer[46693] done accepting connections: Socket is closed
Oct 24, 2015 4:41:47 AM com.squareup.okhttp.mockwebserver.MockWebServer$3 execute
INFO: MockWebServer[39592] starting to accept connections
Oct 24, 2015 4:41:47 AM com.squareup.okhttp.mockwebserver.MockWebServer$3 acceptConnections
INFO: MockWebServer[39592] done accepting connections: Socket closed
Oct 24, 2015 4:41:47 AM com.squareup.okhttp.mockwebserver.MockWebServer$4 processOneRequest
INFO: MockWebServer[39592] received request: GET / HTTP/1.1 and responded: HTTP/1.1 200 OK
Tests run: 5, Failures: 0, Errors: 0, Skipped: 0, Time elapsed: 0.51 sec

Results :

Tests run: 5, Failures: 0, Errors: 0, Skipped: 0

[INFO] 
[INFO] --- animal-sniffer-maven-plugin:1.14:check (default) @ converter-protobuf ---
[INFO] Checking unresolved references to org.codehaus.mojo.signature:java16:1.1
[INFO]                                                                         
[INFO] ------------------------------------------------------------------------
[INFO] Building Converter: Jackson 2.0.0-SNAPSHOT
[INFO] ------------------------------------------------------------------------
[INFO] 
[INFO] --- maven-enforcer-plugin:1.0:enforce (enforce-maven) @ converter-jackson ---
[INFO] 
[INFO] --- maven-resources-plugin:2.6:resources (default-resources) @ converter-jackson ---
[INFO] Using 'UTF-8' encoding to copy filtered resources.
[INFO] skip non existing resourceDirectory /home/travis/build/square/retrofit/retrofit-converters/jackson/src/main/resources
[INFO] 
[INFO] --- maven-compiler-plugin:3.0:compile (default-compile) @ converter-jackson ---
[INFO] Changes detected - recompiling the module!
[INFO] Compiling 3 source files to /home/travis/build/square/retrofit/retrofit-converters/jackson/target/classes
[INFO] 
[INFO] --- maven-resources-plugin:2.6:testResources (default-testResources) @ converter-jackson ---
[INFO] Using 'UTF-8' encoding to copy filtered resources.
[INFO] skip non existing resourceDirectory /home/travis/build/square/retrofit/retrofit-converters/jackson/src/test/resources
[INFO] 
[INFO] --- maven-compiler-plugin:3.0:testCompile (default-testCompile) @ converter-jackson ---
[INFO] Changes detected - recompiling the module!
[INFO] Compiling 1 source file to /home/travis/build/square/retrofit/retrofit-converters/jackson/target/test-classes
[INFO] 
[INFO] --- maven-surefire-plugin:2.12.4:test (default-test) @ converter-jackson ---
[INFO] Surefire report directory: /home/travis/build/square/retrofit/retrofit-converters/jackson/target/surefire-reports

-------------------------------------------------------
 T E S T S
-------------------------------------------------------
Running retrofit.JacksonConverterFactoryTest
Oct 24, 2015 4:41:47 AM com.squareup.okhttp.mockwebserver.MockWebServer$3 execute
INFO: MockWebServer[34150] starting to accept connections
Oct 24, 2015 4:41:48 AM com.squareup.okhttp.mockwebserver.MockWebServer$4 processOneRequest
INFO: MockWebServer[34150] received request: POST / HTTP/1.1 and responded: HTTP/1.1 200 OK
Oct 24, 2015 4:41:48 AM com.squareup.okhttp.mockwebserver.MockWebServer$3 acceptConnections
INFO: MockWebServer[34150] done accepting connections: Socket closed
Oct 24, 2015 4:41:48 AM com.squareup.okhttp.mockwebserver.MockWebServer$3 execute
INFO: MockWebServer[41721] starting to accept connections
Oct 24, 2015 4:41:48 AM com.squareup.okhttp.mockwebserver.MockWebServer$4 processOneRequest
INFO: MockWebServer[41721] received request: POST / HTTP/1.1 and responded: HTTP/1.1 200 OK
Oct 24, 2015 4:41:48 AM com.squareup.okhttp.mockwebserver.MockWebServer$3 acceptConnections
INFO: MockWebServer[41721] done accepting connections: Socket closed
Tests run: 2, Failures: 0, Errors: 0, Skipped: 0, Time elapsed: 0.686 sec

Results :

Tests run: 2, Failures: 0, Errors: 0, Skipped: 0

[INFO] 
[INFO] --- animal-sniffer-maven-plugin:1.14:check (default) @ converter-jackson ---
[INFO] Checking unresolved references to org.codehaus.mojo.signature:java16:1.1
[INFO]                                                                         
[INFO] ------------------------------------------------------------------------
[INFO] Building Converter: Wire Protocol Buffers 2.0.0-SNAPSHOT
[INFO] ------------------------------------------------------------------------
[INFO] 
[INFO] --- maven-enforcer-plugin:1.0:enforce (enforce-maven) @ converter-wire ---
[INFO] 
[INFO] --- maven-resources-plugin:2.6:resources (default-resources) @ converter-wire ---
[INFO] Using 'UTF-8' encoding to copy filtered resources.
[INFO] skip non existing resourceDirectory /home/travis/build/square/retrofit/retrofit-converters/wire/src/main/resources
[INFO] 
[INFO] --- maven-compiler-plugin:3.0:compile (default-compile) @ converter-wire ---
[INFO] Changes detected - recompiling the module!
[INFO] Compiling 3 source files to /home/travis/build/square/retrofit/retrofit-converters/wire/target/classes
[WARNING] /home/travis/build/square/retrofit/retrofit-converters/wire/src/main/java/retrofit/WireConverterFactory.java: /home/travis/build/square/retrofit/retrofit-converters/wire/src/main/java/retrofit/WireConverterFactory.java uses unchecked or unsafe operations.
[WARNING] /home/travis/build/square/retrofit/retrofit-converters/wire/src/main/java/retrofit/WireConverterFactory.java: Recompile with -Xlint:unchecked for details.
[INFO] 
[INFO] --- maven-resources-plugin:2.6:testResources (default-testResources) @ converter-wire ---
[INFO] Using 'UTF-8' encoding to copy filtered resources.
[INFO] skip non existing resourceDirectory /home/travis/build/square/retrofit/retrofit-converters/wire/src/test/resources
[INFO] 
[INFO] --- maven-compiler-plugin:3.0:testCompile (default-testCompile) @ converter-wire ---
[INFO] Changes detected - recompiling the module!
[INFO] Compiling 2 source files to /home/travis/build/square/retrofit/retrofit-converters/wire/target/test-classes
[INFO] 
[INFO] --- maven-surefire-plugin:2.12.4:test (default-test) @ converter-wire ---
[INFO] Surefire report directory: /home/travis/build/square/retrofit/retrofit-converters/wire/target/surefire-reports

-------------------------------------------------------
 T E S T S
-------------------------------------------------------
Running retrofit.WireConverterFactoryTest
Oct 24, 2015 4:41:49 AM com.squareup.okhttp.mockwebserver.MockWebServer$3 execute
INFO: MockWebServer[51306] starting to accept connections
Oct 24, 2015 4:41:49 AM com.squareup.okhttp.mockwebserver.MockWebServer$4 processOneRequest
INFO: MockWebServer[51306] received request: POST / HTTP/1.1 and responded: HTTP/1.1 200 OK
Oct 24, 2015 4:41:49 AM com.squareup.okhttp.mockwebserver.MockWebServer$3 acceptConnections
INFO: MockWebServer[51306] done accepting connections: Socket closed
Oct 24, 2015 4:41:49 AM com.squareup.okhttp.mockwebserver.MockWebServer$3 execute
INFO: MockWebServer[53978] starting to accept connections
Oct 24, 2015 4:41:49 AM com.squareup.okhttp.mockwebserver.MockWebServer$3 acceptConnections
INFO: MockWebServer[53978] done accepting connections: Socket closed
Oct 24, 2015 4:41:49 AM com.squareup.okhttp.mockwebserver.MockWebServer$3 execute
INFO: MockWebServer[52375] starting to accept connections
Oct 24, 2015 4:41:49 AM com.squareup.okhttp.mockwebserver.MockWebServer$4 processOneRequest
INFO: MockWebServer[52375] received request: GET / HTTP/1.1 and responded: HTTP/1.1 200 OK
Oct 24, 2015 4:41:49 AM com.squareup.okhttp.mockwebserver.MockWebServer$3 acceptConnections
INFO: MockWebServer[52375] done accepting connections: Socket closed
Oct 24, 2015 4:41:49 AM com.squareup.okhttp.mockwebserver.MockWebServer$3 execute
INFO: MockWebServer[47791] starting to accept connections
Oct 24, 2015 4:41:49 AM com.squareup.okhttp.mockwebserver.MockWebServer$3 acceptConnections
INFO: MockWebServer[47791] done accepting connections: Socket is closed
Oct 24, 2015 4:41:49 AM com.squareup.okhttp.mockwebserver.MockWebServer$3 execute
INFO: MockWebServer[41690] starting to accept connections
Oct 24, 2015 4:41:49 AM com.squareup.okhttp.mockwebserver.MockWebServer$4 processOneRequest
INFO: MockWebServer[41690] received request: GET / HTTP/1.1 and responded: HTTP/1.1 200 OK
Oct 24, 2015 4:41:49 AM com.squareup.okhttp.mockwebserver.MockWebServer$3 acceptConnections
INFO: MockWebServer[41690] done accepting connections: Socket closed
Tests run: 5, Failures: 0, Errors: 0, Skipped: 0, Time elapsed: 0.484 sec

Results :

Tests run: 5, Failures: 0, Errors: 0, Skipped: 0

[INFO] 
[INFO] --- animal-sniffer-maven-plugin:1.14:check (default) @ converter-wire ---
[INFO] Checking unresolved references to org.codehaus.mojo.signature:java16:1.1
[INFO]                                                                         
[INFO] ------------------------------------------------------------------------
[INFO] Building Converter: SimpleXML 2.0.0-SNAPSHOT
[INFO] ------------------------------------------------------------------------
[INFO] 
[INFO] --- maven-enforcer-plugin:1.0:enforce (enforce-maven) @ converter-simplexml ---
[INFO] 
[INFO] --- maven-resources-plugin:2.6:resources (default-resources) @ converter-simplexml ---
[INFO] Using 'UTF-8' encoding to copy filtered resources.
[INFO] skip non existing resourceDirectory /home/travis/build/square/retrofit/retrofit-converters/simplexml/src/main/resources
[INFO] 
[INFO] --- maven-compiler-plugin:3.0:compile (default-compile) @ converter-simplexml ---
[INFO] Changes detected - recompiling the module!
[INFO] Compiling 3 source files to /home/travis/build/square/retrofit/retrofit-converters/simplexml/target/classes
[INFO] 
[INFO] --- maven-resources-plugin:2.6:testResources (default-testResources) @ converter-simplexml ---
[INFO] Using 'UTF-8' encoding to copy filtered resources.
[INFO] skip non existing resourceDirectory /home/travis/build/square/retrofit/retrofit-converters/simplexml/src/test/resources
[INFO] 
[INFO] --- maven-compiler-plugin:3.0:testCompile (default-testCompile) @ converter-simplexml ---
[INFO] Changes detected - recompiling the module!
[INFO] Compiling 2 source files to /home/travis/build/square/retrofit/retrofit-converters/simplexml/target/test-classes
[INFO] 
[INFO] --- maven-surefire-plugin:2.12.4:test (default-test) @ converter-simplexml ---
[INFO] Surefire report directory: /home/travis/build/square/retrofit/retrofit-converters/simplexml/target/surefire-reports

-------------------------------------------------------
 T E S T S
-------------------------------------------------------
Running retrofit.SimpleXmlConverterFactoryTest
Oct 24, 2015 4:41:51 AM com.squareup.okhttp.mockwebserver.MockWebServer$3 execute
INFO: MockWebServer[47504] starting to accept connections
Oct 24, 2015 4:41:51 AM com.squareup.okhttp.mockwebserver.MockWebServer$4 processOneRequest
INFO: MockWebServer[47504] received request: GET / HTTP/1.1 and responded: HTTP/1.1 200 OK
Oct 24, 2015 4:41:51 AM com.squareup.okhttp.mockwebserver.MockWebServer$3 acceptConnections
INFO: MockWebServer[47504] done accepting connections: Socket closed
Oct 24, 2015 4:41:51 AM com.squareup.okhttp.mockwebserver.MockWebServer$3 execute
INFO: MockWebServer[52936] starting to accept connections
Oct 24, 2015 4:41:51 AM com.squareup.okhttp.mockwebserver.MockWebServer$4 processOneRequest
INFO: MockWebServer[52936] received request: GET / HTTP/1.1 and responded: HTTP/1.1 200 OK
Oct 24, 2015 4:41:52 AM com.squareup.okhttp.mockwebserver.MockWebServer$3 acceptConnections
INFO: MockWebServer[52936] done accepting connections: Socket closed
Oct 24, 2015 4:41:52 AM com.squareup.okhttp.mockwebserver.MockWebServer$3 execute
INFO: MockWebServer[49292] starting to accept connections
Oct 24, 2015 4:41:52 AM com.squareup.okhttp.mockwebserver.MockWebServer$4 processOneRequest
INFO: MockWebServer[49292] received request: POST / HTTP/1.1 and responded: HTTP/1.1 200 OK
Oct 24, 2015 4:41:52 AM com.squareup.okhttp.mockwebserver.MockWebServer$3 acceptConnections
INFO: MockWebServer[49292] done accepting connections: Socket closed
Tests run: 3, Failures: 0, Errors: 0, Skipped: 0, Time elapsed: 1.071 sec

Results :

Tests run: 3, Failures: 0, Errors: 0, Skipped: 0

[INFO] 
[INFO] --- animal-sniffer-maven-plugin:1.14:check (default) @ converter-simplexml ---
[INFO] Checking unresolved references to org.codehaus.mojo.signature:java16:1.1
[INFO]                                                                         
[INFO] ------------------------------------------------------------------------
[INFO] Building Converter: Moshi 2.0.0-SNAPSHOT
[INFO] ------------------------------------------------------------------------
[INFO] 
[INFO] --- maven-enforcer-plugin:1.0:enforce (enforce-maven) @ converter-moshi ---
[INFO] 
[INFO] --- maven-resources-plugin:2.6:resources (default-resources) @ converter-moshi ---
[INFO] Using 'UTF-8' encoding to copy filtered resources.
[INFO] skip non existing resourceDirectory /home/travis/build/square/retrofit/retrofit-converters/moshi/src/main/resources
[INFO] 
[INFO] --- maven-compiler-plugin:3.0:compile (default-compile) @ converter-moshi ---
[INFO] Changes detected - recompiling the module!
[INFO] Compiling 3 source files to /home/travis/build/square/retrofit/retrofit-converters/moshi/target/classes
[INFO] 
[INFO] --- maven-resources-plugin:2.6:testResources (default-testResources) @ converter-moshi ---
[INFO] Using 'UTF-8' encoding to copy filtered resources.
[INFO] skip non existing resourceDirectory /home/travis/build/square/retrofit/retrofit-converters/moshi/src/test/resources
[INFO] 
[INFO] --- maven-compiler-plugin:3.0:testCompile (default-testCompile) @ converter-moshi ---
[INFO] Changes detected - recompiling the module!
[INFO] Compiling 1 source file to /home/travis/build/square/retrofit/retrofit-converters/moshi/target/test-classes
[INFO] 
[INFO] --- maven-surefire-plugin:2.12.4:test (default-test) @ converter-moshi ---
[INFO] Surefire report directory: /home/travis/build/square/retrofit/retrofit-converters/moshi/target/surefire-reports

-------------------------------------------------------
 T E S T S
-------------------------------------------------------
Running retrofit.MoshiConverterFactoryTest
Oct 24, 2015 4:41:53 AM com.squareup.okhttp.mockwebserver.MockWebServer$3 execute
INFO: MockWebServer[53394] starting to accept connections
Oct 24, 2015 4:41:53 AM com.squareup.okhttp.mockwebserver.MockWebServer$4 processOneRequest
INFO: MockWebServer[53394] received request: POST / HTTP/1.1 and responded: HTTP/1.1 200 OK
Oct 24, 2015 4:41:53 AM com.squareup.okhttp.mockwebserver.MockWebServer$3 acceptConnections
INFO: MockWebServer[53394] done accepting connections: Socket closed
Oct 24, 2015 4:41:53 AM com.squareup.okhttp.mockwebserver.MockWebServer$3 execute
INFO: MockWebServer[58426] starting to accept connections
Oct 24, 2015 4:41:53 AM com.squareup.okhttp.mockwebserver.MockWebServer$4 processOneRequest
INFO: MockWebServer[58426] received request: POST / HTTP/1.1 and responded: HTTP/1.1 200 OK
Oct 24, 2015 4:41:53 AM com.squareup.okhttp.mockwebserver.MockWebServer$3 acceptConnections
INFO: MockWebServer[58426] done accepting connections: Socket closed
Tests run: 2, Failures: 0, Errors: 0, Skipped: 0, Time elapsed: 0.867 sec

Results :

Tests run: 2, Failures: 0, Errors: 0, Skipped: 0

[INFO] 
[INFO] --- animal-sniffer-maven-plugin:1.14:check (default) @ converter-moshi ---
[INFO] Checking unresolved references to org.codehaus.mojo.signature:java16:1.1
[INFO]                                                                         
[INFO] ------------------------------------------------------------------------
[INFO] Building Samples 2.0.0-SNAPSHOT
[INFO] ------------------------------------------------------------------------
[INFO] 
[INFO] --- maven-enforcer-plugin:1.0:enforce (enforce-maven) @ samples ---
[INFO] 
[INFO] --- maven-resources-plugin:2.6:resources (default-resources) @ samples ---
[INFO] Using 'UTF-8' encoding to copy filtered resources.
[INFO] skip non existing resourceDirectory /home/travis/build/square/retrofit/samples/src/main/resources
[INFO] 
[INFO] --- maven-compiler-plugin:3.0:compile (default-compile) @ samples ---
[INFO] Changes detected - recompiling the module!
[INFO] Compiling 4 source files to /home/travis/build/square/retrofit/samples/target/classes
[INFO] 
[INFO] --- maven-resources-plugin:2.6:testResources (default-testResources) @ samples ---
[INFO] Using 'UTF-8' encoding to copy filtered resources.
[INFO] skip non existing resourceDirectory /home/travis/build/square/retrofit/samples/src/test/resources
[INFO] 
[INFO] --- maven-compiler-plugin:3.0:testCompile (default-testCompile) @ samples ---
[INFO] No sources to compile
[INFO] 
[INFO] --- maven-surefire-plugin:2.12.4:test (default-test) @ samples ---
[INFO] No tests to run.
[INFO] 
[INFO] --- animal-sniffer-maven-plugin:1.14:check (default) @ samples ---
[INFO] Checking unresolved references to org.codehaus.mojo.signature:java16:1.1
[INFO] ------------------------------------------------------------------------
[INFO] Reactor Summary:
[INFO] 
[INFO] Retrofit (Parent) .................................. SUCCESS [  1.394 s]
[INFO] Retrofit ........................................... SUCCESS [  8.928 s]
[INFO] Adapters ........................................... SUCCESS [  0.261 s]
[INFO] Adapter: RxJava .................................... SUCCESS [  1.420 s]
[INFO] Retrofit Mock Adapter .............................. SUCCESS [  2.635 s]
[INFO] Adapter: RxJava Mock ............................... SUCCESS [  1.683 s]
[INFO] Converters ......................................... SUCCESS [  0.152 s]
[INFO] Converter: Gson .................................... SUCCESS [  1.266 s]
[INFO] Converter: Protocol Buffers ........................ SUCCESS [  1.426 s]
[INFO] Converter: Jackson ................................. SUCCESS [  1.443 s]
[INFO] Converter: Wire Protocol Buffers ................... SUCCESS [  1.485 s]
[INFO] Converter: SimpleXML ............................... SUCCESS [  2.365 s]
[INFO] Converter: Moshi ................................... SUCCESS [  1.686 s]
[INFO] Samples ............................................ SUCCESS [  0.800 s]
[INFO] ------------------------------------------------------------------------
[INFO] BUILD SUCCESS
[INFO] ------------------------------------------------------------------------
[INFO] Total time: 27.314 s
[INFO] Finished at: 2015-10-24T04:41:54+00:00
[INFO] Final Memory: 42M/365M
[INFO] ------------------------------------------------------------------------
travis_time:end:0f580233:start=1445661686184489373,finish=1445661723330477244,duration=37145987871[0K
[32;1mThe command "mvn test -B" exited with 0.[0m
travis_fold:start:cache.2[0Kstore build cache
travis_time:start:004fd4dd[0Kchange detected:
/home/travis/.m2/repository/com/squareup/retrofit/adapter-rxjava/2.0.0-SNAPSHOT/adapter-rxjava-2.0.0-SNAPSHOT.jar
/home/travis/.m2/repository/com/squareup/retrofit/adapter-rxjava/2.0.0-SNAPSHOT/adapter-rxjava-2.0.0-SNAPSHOT.jar
/home/travis/.m2/repository/com/squareup/retrofit/adapter-rxjava/2.0.0-SNAPSHOT/maven-metadata-local.xml
/home/travis/.m2/repository/com/squareup/retrofit/adapter-rxjava/2.0.0-SNAPSHOT/maven-metadata-local.xml
/home/travis/.m2/repository/com/squareup/retrofit/adapter-rxjava/2.0.0-SNAPSHOT/_remote.repositories
/home/travis/.m2/repository/com/squareup/retrofit/adapter-rxjava/2.0.0-SNAPSHOT/_remote.repositories
/home/travis/.m2/repository/com/squareup/retrofit/adapter-rxjava/maven-metadata-local.xml
/home/travis/.m2/repository/com/squareup/retrofit/adapter-rxjava/maven-metadata-local.xml
/home/travis/.m2/repository/com/squareup/retrofit/adapter-rxjava-mock/2.0.0-SNAPSHOT/adapter-rxjava-mock-2.0.0-SNAPSHOT.jar
/home/travis/.m2/repository/com/squareup/retrofit/adapter
...
changes detected, packing new archive
uploading archive
travis_time:end:004fd4dd:start=1445661723334503328,finish=1445661728523308406,duration=5188805078[0Ktravis_fold:end:cache.2[0Ktravis_fold:start:after_success[0Ktravis_time:start:128a34f6[0K$ .buildscript/deploy_snapshot.sh
Deploying snapshot...
Java HotSpot(TM) 64-Bit Server VM warning: ignoring option MaxPermSize=192m; support was removed in 8.0
[INFO] Scanning for projects...
[WARNING] 
[WARNING] Some problems were encountered while building the effective model for com.squareup.retrofit:samples:jar:2.0.0-SNAPSHOT
[WARNING] 'build.plugins.plugin.version' for org.apache.maven.plugins:maven-deploy-plugin is missing. @ com.squareup.retrofit:samples:[unknown-version], /home/travis/build/square/retrofit/samples/pom.xml, line 45, column 15
[WARNING] 
[WARNING] It is highly recommended to fix these problems because they threaten the stability of your build.
[WARNING] 
[WARNING] For this reason, future Maven versions might no longer support building such malformed projects.
[WARNING] 
[INFO] ------------------------------------------------------------------------
[INFO] Reactor Build Order:
[INFO] 
[INFO] Retrofit (Parent)
[INFO] Retrofit
[INFO] Adapters
[INFO] Adapter: RxJava
[INFO] Retrofit Mock Adapter
[INFO] Adapter: RxJava Mock
[INFO] Converters
[INFO] Converter: Gson
[INFO] Converter: Protocol Buffers
[INFO] Converter: Jackson
[INFO] Converter: Wire Protocol Buffers
[INFO] Converter: SimpleXML
[INFO] Converter: Moshi
[INFO] Samples
Downloading: https://repo.maven.apache.org/maven2/org/apache/maven/plugins/maven-release-plugin/2.5/maven-release-plugin-2.5.pom
4/11 KB   8/11 KB   11/11 KB              Downloaded: https://repo.maven.apache.org/maven2/org/apache/maven/plugins/maven-release-plugin/2.5/maven-release-plugin-2.5.pom (11 KB at 22.1 KB/sec)
Downloading: https://repo.maven.apache.org/maven2/org/apache/maven/release/maven-release/2.5/maven-release-2.5.pom
4/5 KB     5/5 KB            Downloaded: https://repo.maven.apache.org/maven2/org/apache/maven/release/maven-release/2.5/maven-release-2.5.pom (5 KB at 278.4 KB/sec)
Downloading: https://repo.maven.apache.org/maven2/org/apache/maven/plugins/maven-release-plugin/2.5/maven-release-plugin-2.5.jar
4/50 KB   8/50 KB   12/50 KB   16/50 KB   20/50 KB   24/50 KB   28/50 KB   32/50 KB   36/50 KB   40/50 KB   44/50 KB   48/50 KB   50/50 KB              Downloaded: https://repo.maven.apache.org/maven2/org/apache/maven/plugins/maven-release-plugin/2.5/maven-release-plugin-2.5.jar (50 KB at 1698.2 KB/sec)
Downloading: https://repo.maven.apache.org/maven2/org/apache/maven/plugins/maven-clean-plugin/2.5/maven-clean-plugin-2.5.pom
4/4 KB              Downloaded: https://repo.maven.apache.org/maven2/org/apache/maven/plugins/maven-clean-plugin/2.5/maven-clean-plugin-2.5.pom (4 KB at 89.0 KB/sec)
Downloading: https://repo.maven.apache.org/maven2/org/apache/maven/plugins/maven-clean-plugin/2.5/maven-clean-plugin-2.5.jar
4/25 KB   8/25 KB   12/25 KB   16/25 KB   20/25 KB   24/25 KB   25/25 KB              Downloaded: https://repo.maven.apache.org/maven2/org/apache/maven/plugins/maven-clean-plugin/2.5/maven-clean-plugin-2.5.jar (25 KB at 320.7 KB/sec)
Downloading: https://repo.maven.apache.org/maven2/org/apache/maven/plugins/maven-deploy-plugin/2.7/maven-deploy-plugin-2.7.pom
4/6 KB     6/6 KB            Downloaded: https://repo.maven.apache.org/maven2/org/apache/maven/plugins/maven-deploy-plugin/2.7/maven-deploy-plugin-2.7.pom (6 KB at 161.2 KB/sec)
Downloading: https://repo.maven.apache.org/maven2/org/apache/maven/plugins/maven-deploy-plugin/2.7/maven-deploy-plugin-2.7.jar
4/27 KB   8/27 KB   12/27 KB   16/27 KB   20/27 KB   24/27 KB   27/27 KB              Downloaded: https://repo.maven.apache.org/maven2/org/apache/maven/plugins/maven-deploy-plugin/2.7/maven-deploy-plugin-2.7.jar (27 KB at 485.2 KB/sec)
Downloading: https://repo.maven.apache.org/maven2/org/apache/maven/plugins/maven-site-plugin/3.3/maven-site-plugin-3.3.pom
4/21 KB    8/21 KB   12/21 KB   16/21 KB   20/21 KB   21/21 KB              Downloaded: https://repo.maven.apache.org/maven2/org/apache/maven/plugins/maven-site-plugin/3.3/maven-site-plugin-3.3.pom (21 KB at 564.6 KB/sec)
Downloading: https://repo.maven.apache.org/maven2/org/apache/maven/plugins/maven-plugins/24/maven-plugins-24.pom
1/11 KB    5/11 KB   9/11 KB   11/11 KB              Downloaded: https://repo.maven.apache.org/maven2/org/apache/maven/plugins/maven-plugins/24/maven-plugins-24.pom (11 KB at 502.5 KB/sec)
Downloading: https://repo.maven.apache.org/maven2/org/apache/maven/plugins/maven-site-plugin/3.3/maven-site-plugin-3.3.jar
4/122 KB   8/122 KB   12/122 KB   16/122 KB   20/122 KB   24/122 KB   28/122 KB   32/122 KB   36/122 KB   40/122 KB   44/122 KB   48/122 KB   52/122 KB   56/122 KB   60/122 KB   64/122 KB   68/122 KB   72/122 KB   76/122 KB   80/122 KB   84/122 KB   88/122 KB   92/122 KB   96/122 KB   100/122 KB   104/122 KB   108/122 KB   112/122 KB   116/122 KB   120/122 KB   122/122 KB                Downloaded: https://repo.maven.apache.org/maven2/org/apache/maven/plugins/maven-site-plugin/3.3/maven-site-plugin-3.3.jar (122 KB at 1897.5 KB/sec)
Downloading: https://repo.maven.apache.org/maven2/org/apache/maven/plugins/maven-antrun-plugin/1.3/maven-antrun-plugin-1.3.pom
4/5 KB       5/5 KB            Downloaded: https://repo.maven.apache.org/maven2/org/apache/maven/plugins/maven-antrun-plugin/1.3/maven-antrun-plugin-1.3.pom (5 KB at 355.4 KB/sec)
Downloading: https://repo.maven.apache.org/maven2/org/apache/maven/plugins/maven-plugins/12/maven-plugins-12.pom
4/12 KB   8/12 KB   12/12 KB              Downloaded: https://repo.maven.apache.org/maven2/org/apache/maven/plugins/maven-plugins/12/maven-plugins-12.pom (12 KB at 819.5 KB/sec)
Downloading: https://repo.maven.apache.org/maven2/org/apache/maven/maven-parent/9/maven-parent-9.pom
4/33 KB    8/33 KB   12/33 KB   16/33 KB   20/33 KB   24/33 KB   28/33 KB   32/33 KB   33/33 KB              Downloaded: https://repo.maven.apache.org/maven2/org/apache/maven/maven-parent/9/maven-parent-9.pom (33 KB at 1105.8 KB/sec)
Downloading: https://repo.maven.apache.org/maven2/org/apache/maven/plugins/maven-antrun-plugin/1.3/maven-antrun-plugin-1.3.jar
4/24 KB    8/24 KB   12/24 KB   16/24 KB   20/24 KB   24/24 KB              Downloaded: https://repo.maven.apache.org/maven2/org/apache/maven/plugins/maven-antrun-plugin/1.3/maven-antrun-plugin-1.3.jar (24 KB at 1046.4 KB/sec)
Downloading: https://repo.maven.apache.org/maven2/org/apache/maven/plugins/maven-assembly-plugin/2.2-beta-5/maven-assembly-plugin-2.2-beta-5.pom
4/15 KB    8/15 KB   12/15 KB   15/15 KB              Downloaded: https://repo.maven.apache.org/maven2/org/apache/maven/plugins/maven-assembly-plugin/2.2-beta-5/maven-assembly-plugin-2.2-beta-5.pom (15 KB at 1057.4 KB/sec)
Downloading: https://repo.maven.apache.org/maven2/org/apache/maven/plugins/maven-plugins/16/maven-plugins-16.pom
4/13 KB    8/13 KB   12/13 KB   13/13 KB              Downloaded: https://repo.maven.apache.org/maven2/org/apache/maven/plugins/maven-plugins/16/maven-plugins-16.pom (13 KB at 903.3 KB/sec)
Downloading: https://repo.maven.apache.org/maven2/org/apache/maven/maven-parent/15/maven-parent-15.pom
4/24 KB    8/24 KB   12/24 KB   16/24 KB   20/24 KB   24/24 KB              Downloaded: https://repo.maven.apache.org/maven2/org/apache/maven/maven-parent/15/maven-parent-15.pom (24 KB at 1378.8 KB/sec)
Downloading: https://repo.maven.apache.org/maven2/org/apache/maven/plugins/maven-assembly-plugin/2.2-beta-5/maven-assembly-plugin-2.2-beta-5.jar
4/204 KB   8/204 KB   12/204 KB   16/204 KB   20/204 KB   24/204 KB   28/204 KB   32/204 KB   36/204 KB   40/204 KB   44/204 KB   48/204 KB   52/204 KB   56/204 KB   60/204 KB   64/204 KB   68/204 KB   72/204 KB   76/204 KB   80/204 KB   84/204 KB   88/204 KB   92/204 KB   96/204 KB   100/204 KB   104/204 KB   108/204 KB   112/204 KB   116/204 KB   120/204 KB   124/204 KB   128/204 KB   132/204 KB   136/204 KB   140/204 KB   144/204 KB   148/204 KB   152/204 KB   156/204 KB   160/204 KB   164/204 KB   168/204 KB   172/204 KB   176/204 KB   180/204 KB   184/204 KB   188/204 KB   192/204 KB   196/204 KB   200/204 KB   204/204 KB   204/204 KB                Downloaded: https://repo.maven.apache.org/maven2/org/apache/maven/plugins/maven-assembly-plugin/2.2-beta-5/maven-assembly-plugin-2.2-beta-5.jar (204 KB at 2615.0 KB/sec)
Downloading: https://repo.maven.apache.org/maven2/org/apache/maven/plugins/maven-dependency-plugin/2.8/maven-dependency-plugin-2.8.pom
4/12 KB      8/12 KB   12/12 KB              Downloaded: https://repo.maven.apache.org/maven2/org/apache/maven/plugins/maven-dependency-plugin/2.8/maven-dependency-plugin-2.8.pom (12 KB at 932.1 KB/sec)
Downloading: https://repo.maven.apache.org/maven2/org/apache/maven/plugins/maven-dependency-plugin/2.8/maven-dependency-plugin-2.8.jar
4/150 KB   8/150 KB   12/150 KB   16/150 KB   20/150 KB   24/150 KB   28/150 KB   32/150 KB   36/150 KB   40/150 KB   44/150 KB   48/150 KB   52/150 KB   56/150 KB   60/150 KB   64/150 KB   68/150 KB   72/150 KB   76/150 KB   80/150 KB   84/150 KB   88/150 KB   92/150 KB   96/150 KB   100/150 KB   104/150 KB   108/150 KB   112/150 KB   116/150 KB   120/150 KB   124/150 KB   128/150 KB   132/150 KB   136/150 KB   140/150 KB   144/150 KB   148/150 KB   150/150 KB                Downloaded: https://repo.maven.apache.org/maven2/org/apache/maven/plugins/maven-dependency-plugin/2.8/maven-dependency-plugin-2.8.jar (150 KB at 2770.3 KB/sec)
Downloading: https://repo.maven.apache.org/maven2/org/apache/maven/plugins/maven-release-plugin/2.1/maven-release-plugin-2.1.pom
4/9 KB       8/9 KB   9/9 KB            Downloaded: https://repo.maven.apache.org/maven2/org/apache/maven/plugins/maven-release-plugin/2.1/maven-release-plugin-2.1.pom (9 KB at 501.8 KB/sec)
Downloading: https://repo.maven.apache.org/maven2/org/apache/maven/release/maven-release/2.1/maven-release-2.1.pom
4/7 KB   7/7 KB            Downloaded: https://repo.maven.apache.org/maven2/org/apache/maven/release/maven-release/2.1/maven-release-2.1.pom (7 KB at 627.8 KB/sec)
Downloading: https://repo.maven.apache.org/maven2/org/apache/maven/plugins/maven-release-plugin/2.1/maven-release-plugin-2.1.jar
4/40 KB   8/40 KB   12/40 KB   16/40 KB   20/40 KB   24/40 KB   28/40 KB   32/40 KB   36/40 KB   40/40 KB              Downloaded: https://repo.maven.apache.org/maven2/org/apache/maven/plugins/maven-release-plugin/2.1/maven-release-plugin-2.1.jar (40 KB at 1188.5 KB/sec)
Downloading: https://repo.maven.apache.org/maven2/org/apache/maven/plugins/maven-metadata.xml
4/13 KB    8/13 KB   12/13 KB   13/13 KB   Downloading: https://repo.maven.apache.org/maven2/org/codehaus/mojo/maven-metadata.xml
           Downloaded: https://repo.maven.apache.org/maven2/org/apache/maven/plugins/maven-metadata.xml (13 KB at 603.8 KB/sec)
4/20 KB    8/20 KB   12/20 KB   16/20 KB   20/20 KB   20/20 KB              Downloaded: https://repo.maven.apache.org/maven2/org/codehaus/mojo/maven-metadata.xml (20 KB at 440.0 KB/sec)
Downloading: https://repo.maven.apache.org/maven2/org/apache/maven/plugins/maven-source-plugin/maven-metadata.xml
746/746 B               Downloaded: https://repo.maven.apache.org/maven2/org/apache/maven/plugins/maven-source-plugin/maven-metadata.xml (746 B at 45.5 KB/sec)
Downloading: https://repo.maven.apache.org/maven2/org/apache/maven/plugins/maven-source-plugin/2.4/maven-source-plugin-2.4.pom
1/7 KB      5/7 KB   7/7 KB            Downloaded: https://repo.maven.apache.org/maven2/org/apache/maven/plugins/maven-source-plugin/2.4/maven-source-plugin-2.4.pom (7 KB at 405.5 KB/sec)
Downloading: https://repo.maven.apache.org/maven2/org/apache/maven/plugins/maven-plugins/25/maven-plugins-25.pom
1/10 KB   5/10 KB   9/10 KB   10/10 KB              Downloaded: https://repo.maven.apache.org/maven2/org/apache/maven/plugins/maven-plugins/25/maven-plugins-25.pom (10 KB at 621.8 KB/sec)
Downloading: https://repo.maven.apache.org/maven2/org/apache/maven/plugins/maven-source-plugin/2.4/maven-source-plugin-2.4.jar
4/31 KB    8/31 KB   12/31 KB   16/31 KB   20/31 KB   24/31 KB   28/31 KB   31/31 KB              Downloaded: https://repo.maven.apache.org/maven2/org/apache/maven/plugins/maven-source-plugin/2.4/maven-source-plugin-2.4.jar (31 KB at 1227.5 KB/sec)
Downloading: https://repo.maven.apache.org/maven2/org/apache/maven/plugins/maven-javadoc-plugin/maven-metadata.xml
910/910 B               Downloaded: https://repo.maven.apache.org/maven2/org/apache/maven/plugins/maven-javadoc-plugin/maven-metadata.xml (910 B at 98.7 KB/sec)
Downloading: https://repo.maven.apache.org/maven2/org/apache/maven/plugins/maven-javadoc-plugin/2.10.3/maven-javadoc-plugin-2.10.3.pom
1/16 KB     5/16 KB   9/16 KB   13/16 KB   16/16 KB              Downloaded: https://repo.maven.apache.org/maven2/org/apache/maven/plugins/maven-javadoc-plugin/2.10.3/maven-javadoc-plugin-2.10.3.pom (16 KB at 994.1 KB/sec)
Downloading: https://repo.maven.apache.org/maven2/org/apache/maven/plugins/maven-javadoc-plugin/2.10.3/maven-javadoc-plugin-2.10.3.jar
4/396 KB   8/396 KB   12/396 KB   16/396 KB   20/396 KB   24/396 KB   28/396 KB   32/396 KB   36/396 KB   40/396 KB   44/396 KB   48/396 KB   52/396 KB   56/396 KB   60/396 KB   64/396 KB   68/396 KB   72/396 KB   76/396 KB   80/396 KB   84/396 KB   88/396 KB   92/396 KB   96/396 KB   100/396 KB   104/396 KB   108/396 KB   112/396 KB   116/396 KB   120/396 KB   124/396 KB   128/396 KB   132/396 KB   136/396 KB   140/396 KB   144/396 KB   148/396 KB   152/396 KB   156/396 KB   160/396 KB   164/396 KB   168/396 KB   172/396 KB   176/396 KB   180/396 KB   184/396 KB   188/396 KB   192/396 KB   196/396 KB   200/396 KB   204/396 KB   208/396 KB   212/396 KB   216/396 KB   220/396 KB   224/396 KB   228/396 KB   232/396 KB   236/396 KB   240/396 KB   244/396 KB   248/396 KB   252/396 KB   256/396 KB   260/396 KB   264/396 KB   268/396 KB   272/396 KB   276/396 KB   280/396 KB   284/396 KB   288/396 KB   292/396 KB   296/396 KB   300/396 KB   304/396 KB   308/396 KB   312/396 KB   316/396 KB   320/396 KB   324/396 KB   328/396 KB   332/396 KB   336/396 KB   340/396 KB   344/396 KB   348/396 KB   352/396 KB   356/396 KB   360/396 KB   364/396 KB   368/396 KB   372/396 KB   376/396 KB   380/396 KB   384/396 KB   388/396 KB   392/396 KB   396/396 KB   396/396 KB                Downloaded: https://repo.maven.apache.org/maven2/org/apache/maven/plugins/maven-javadoc-plugin/2.10.3/maven-javadoc-plugin-2.10.3.jar (396 KB at 2847.2 KB/sec)
[INFO]                                                                         
[INFO] ------------------------------------------------------------------------
[INFO] Building Retrofit (Parent) 2.0.0-SNAPSHOT
[INFO] ------------------------------------------------------------------------
[INFO] 
[INFO] --- maven-clean-plugin:2.5:clean (default-clean) @ parent ---
[INFO] 
[INFO] >>> maven-source-plugin:2.4:jar (default-cli) > generate-sources @ parent >>>
[INFO] 
[INFO] --- maven-enforcer-plugin:1.0:enforce (enforce-maven) @ parent ---
[INFO] 
[INFO] <<< maven-source-plugin:2.4:jar (default-cli) < generate-sources @ parent <<<
[INFO] 
[INFO] --- maven-source-plugin:2.4:jar (default-cli) @ parent ---
Downloading: https://repo.maven.apache.org/maven2/org/codehaus/plexus/plexus-archiver/2.6.3/plexus-archiver-2.6.3.pom
4/4 KB                Downloaded: https://repo.maven.apache.org/maven2/org/codehaus/plexus/plexus-archiver/2.6.3/plexus-archiver-2.6.3.pom (4 KB at 139.2 KB/sec)
Downloading: https://repo.maven.apache.org/maven2/org/codehaus/plexus/plexus-utils/3.0.18/plexus-utils-3.0.18.pom
4/4 KB            Downloaded: https://repo.maven.apache.org/maven2/org/codehaus/plexus/plexus-utils/3.0.18/plexus-utils-3.0.18.pom (4 KB at 221.0 KB/sec)
Downloading: https://repo.maven.apache.org/maven2/org/codehaus/plexus/plexus-io/2.1.3/plexus-io-2.1.3.pom
3/3 KB            Downloaded: https://repo.maven.apache.org/maven2/org/codehaus/plexus/plexus-io/2.1.3/plexus-io-2.1.3.pom (3 KB at 199.3 KB/sec)
Downloading: https://repo.maven.apache.org/maven2/org/codehaus/plexus/plexus-components/1.2/plexus-components-1.2.pom
3/3 KB            Downloaded: https://repo.maven.apache.org/maven2/org/codehaus/plexus/plexus-components/1.2/plexus-components-1.2.pom (3 KB at 213.3 KB/sec)
Downloading: https://repo.maven.apache.org/maven2/org/apache/commons/commons-compress/1.8.1/commons-compress-1.8.1.pom
4/12 KB   8/12 KB   12/12 KB              Downloaded: https://repo.maven.apache.org/maven2/org/apache/commons/commons-compress/1.8.1/commons-compress-1.8.1.pom (12 KB at 656.7 KB/sec)
Downloading: https://repo.maven.apache.org/maven2/org/apache/commons/commons-parent/33/commons-parent-33.pom
4/52 KB    8/52 KB   12/52 KB   16/52 KB   20/52 KB   24/52 KB   28/52 KB   32/52 KB   36/52 KB   40/52 KB   44/52 KB   48/52 KB   52/52 KB              Downloaded: https://repo.maven.apache.org/maven2/org/apache/commons/commons-parent/33/commons-parent-33.pom (52 KB at 1920.1 KB/sec)
Downloading: https://repo.maven.apache.org/maven2/org/codehaus/plexus/plexus-interpolation/1.11/plexus-interpolation-1.11.jar
4/50 KB    8/50 KB   12/50 KB   16/50 KB   Downloading: https://repo.maven.apache.org/maven2/org/codehaus/plexus/plexus-io/2.1.3/plexus-io-2.1.3.jar
Downloading: https://repo.maven.apache.org/maven2/org/apache/commons/commons-compress/1.8.1/commons-compress-1.8.1.jar
20/50 KB   24/50 KB   28/50 KB   32/50 KB   36/50 KB   40/50 KB   44/50 KB   48/50 KB   50/50 KB   Downloading: https://repo.maven.apache.org/maven2/org/codehaus/plexus/plexus-archiver/2.6.3/plexus-archiver-2.6.3.jar
Downloading: https://repo.maven.apache.org/maven2/org/codehaus/plexus/plexus-utils/3.0.18/plexus-utils-3.0.18.jar
           Downloaded: https://repo.maven.apache.org/maven2/org/codehaus/plexus/plexus-interpolation/1.11/plexus-interpolation-1.11.jar (50 KB at 411.1 KB/sec)
4/357 KB   8/357 KB   12/357 KB   16/357 KB   20/357 KB   24/357 KB   4/129 KB   4/65 KB   28/357 KB   4/129 KB   4/65 KB   32/357 KB   4/129 KB   4/65 KB   20/357 KB   4/129 KB   4/65 KB   20/357 KB   4/129 KB   32/357 KB   8/129 KB   5/65 KB   32/357 KB   12/129 KB   5/65 KB   32/357 KB   16/129 KB   5/65 KB   32/357 KB   4/129 KB   5/65 KB   32/357 KB   16/129 KB   9/65 KB   32/357 KB   20/129 KB   13/65 KB   32/357 KB   20/129 KB   17/65 KB   32/357 KB   20/129 KB   21/65 KB   32/357 KB   20/129 KB   4/238 KB   21/65 KB   36/357 KB   20/129 KB   8/238 KB   25/65 KB   36/357 KB   20/129 KB   12/238 KB   25/65 KB   36/357 KB   20/129 KB   16/238 KB   25/65 KB   32/357 KB   20/129 KB   9/65 KB   36/357 KB   24/129 KB   16/238 KB   25/65 KB   36/357 KB   28/129 KB   16/238 KB   25/65 KB   36/357 KB   32/129 KB   16/238 KB   25/65 KB   36/357 KB   36/129 KB   16/238 KB   25/65 KB   36/357 KB   20/129 KB   4/238 KB   25/65 KB   32/357 KB   20/129 KB   4/238 KB   25/65 KB   40/357 KB   36/129 KB   16/238 KB   25/65 KB   40/357 KB   36/129 KB   16/238 KB   29/65 KB   44/357 KB   40/129 KB   16/238 KB   29/65 KB   44/357 KB   40/129 KB   16/238 KB   33/65 KB   44/357 KB   44/129 KB   16/238 KB   33/65 KB   44/357 KB   44/129 KB   16/238 KB   37/65 KB   44/357 KB   48/129 KB   20/238 KB   37/65 KB   44/357 KB   48/129 KB   24/238 KB   37/65 KB   44/357 KB   48/129 KB   28/238 KB   37/65 KB   44/357 KB   48/129 KB   32/238 KB   37/65 KB   44/357 KB   48/129 KB   32/238 KB   41/65 KB   44/357 KB   48/129 KB   32/238 KB   45/65 KB   44/357 KB   48/129 KB   32/238 KB   49/65 KB   44/357 KB   48/129 KB   32/238 KB   53/65 KB   44/357 KB   48/129 KB   36/238 KB   53/65 KB   44/357 KB   48/129 KB   40/238 KB   53/65 KB   44/357 KB   36/129 KB   16/238 KB   29/65 KB   48/357 KB   48/129 KB   40/238 KB   57/65 KB   52/357 KB   48/129 KB   40/238 KB   57/65 KB   44/357 KB   48/129 KB   40/238 KB   57/65 KB   52/357 KB   48/129 KB   40/238 KB   61/65 KB   52/357 KB   48/129 KB   40/238 KB   65/65 KB   56/357 KB   48/129 KB   40/238 KB   65/65 KB   60/357 KB   48/129 KB   40/238 KB   65/65 KB   64/357 KB   48/129 KB   40/238 KB   65/65 KB   68/357 KB   48/129 KB   40/238 KB   65/65 KB   44/357 KB   48/129 KB   16/238 KB   37/65 KB                                                  Downloaded: https://repo.maven.apache.org/maven2/org/codehaus/plexus/plexus-io/2.1.3/plexus-io-2.1.3.jar (65 KB at 350.8 KB/sec)
68/357 KB   52/129 KB   40/238 KB              72/357 KB   56/129 KB   40/238 KB   72/357 KB   60/129 KB   40/238 KB   72/357 KB   64/129 KB   40/238 KB   72/357 KB   68/129 KB   40/238 KB   72/357 KB   52/129 KB   40/238 KB   76/357 KB   68/129 KB   44/238 KB   80/357 KB   68/129 KB   44/238 KB   84/357 KB   68/129 KB   44/238 KB   88/357 KB   68/129 KB   44/238 KB   92/357 KB   68/129 KB   44/238 KB   96/357 KB   72/129 KB   44/238 KB   100/357 KB   72/129 KB   44/238 KB   72/357 KB   68/129 KB   44/238 KB   100/357 KB   72/129 KB   48/238 KB   100/357 KB   72/129 KB   52/238 KB   100/357 KB   72/129 KB   56/238 KB   100/357 KB   72/129 KB   60/238 KB   100/357 KB   72/129 KB   64/238 KB   100/357 KB   72/129 KB   68/238 KB   92/357 KB   72/129 KB   44/238 KB   104/357 KB   76/129 KB   68/238 KB   104/357 KB   80/129 KB   68/238 KB   104/357 KB   84/129 KB   68/238 KB   104/357 KB   88/129 KB   68/238 KB   104/357 KB   92/129 KB   68/238 KB   104/357 KB   96/129 KB   68/238 KB   104/357 KB   100/129 KB   68/238 KB   104/357 KB   72/129 KB   68/238 KB   108/357 KB   100/129 KB   72/238 KB   112/357 KB   100/129 KB   72/238 KB   116/357 KB   100/129 KB   72/238 KB   120/357 KB   104/129 KB   72/238 KB   124/357 KB   104/129 KB   72/238 KB   128/357 KB   104/129 KB   72/238 KB   132/357 KB   104/129 KB   72/238 KB   104/357 KB   100/129 KB   72/238 KB   132/357 KB   104/129 KB   76/238 KB   132/357 KB   104/129 KB   80/238 KB   132/357 KB   104/129 KB   84/238 KB   132/357 KB   104/129 KB   88/238 KB   132/357 KB   104/129 KB   92/238 KB   132/357 KB   104/129 KB   96/238 KB   116/357 KB   104/129 KB   72/238 KB   132/357 KB   108/129 KB   96/238 KB   132/357 KB   112/129 KB   96/238 KB   132/357 KB   116/129 KB   96/238 KB   132/357 KB   120/129 KB   96/238 KB   132/357 KB   124/129 KB   96/238 KB   136/357 KB   128/129 KB   96/238 KB   136/357 KB   129/129 KB   96/238 KB   136/357 KB   124/129 KB   96/238 KB   140/357 KB   129/129 KB   96/238 KB   144/357 KB   129/129 KB   96/238 KB   148/357 KB   129/129 KB   96/238 KB   152/357 KB   129/129 KB   100/238 KB   156/357 KB   129/129 KB   100/238 KB   160/357 KB   129/129 KB   100/238 KB   164/357 KB   129/129 KB   100/238 KB   148/357 KB   129/129 KB   100/238 KB                                          164/357 KB   104/238 KB                Downloaded: https://repo.maven.apache.org/maven2/org/codehaus/plexus/plexus-archiver/2.6.3/plexus-archiver-2.6.3.jar (129 KB at 400.8 KB/sec)
164/357 KB   108/238 KB   168/357 KB   108/238 KB   168/357 KB   112/238 KB   168/357 KB   116/238 KB   168/357 KB   120/238 KB   168/357 KB   124/238 KB   168/357 KB   128/238 KB   168/357 KB   132/238 KB   168/357 KB   136/238 KB   168/357 KB   140/238 KB   168/357 KB   144/238 KB   168/357 KB   148/238 KB   172/357 KB   152/238 KB   172/357 KB   156/238 KB   172/357 KB   160/238 KB   172/357 KB   164/238 KB   172/357 KB   148/238 KB   176/357 KB   164/238 KB   180/357 KB   164/238 KB   184/357 KB   164/238 KB   188/357 KB   164/238 KB   192/357 KB   164/238 KB   196/357 KB   164/238 KB   200/357 KB   168/238 KB   204/357 KB   168/238 KB   208/357 KB   168/238 KB   212/357 KB   168/238 KB   196/357 KB   168/238 KB   212/357 KB   172/238 KB   212/357 KB   176/238 KB   212/357 KB   180/238 KB   212/357 KB   184/238 KB   212/357 KB   188/238 KB   212/357 KB   192/238 KB   216/357 KB   192/238 KB   220/357 KB   192/238 KB   224/357 KB   192/238 KB   224/357 KB   196/238 KB   224/357 KB   200/238 KB   224/357 KB   204/238 KB   224/357 KB   208/238 KB   224/357 KB   212/238 KB   228/357 KB   216/238 KB   228/357 KB   220/238 KB   228/357 KB   224/238 KB   228/357 KB   228/238 KB   228/357 KB   212/238 KB   232/357 KB   228/238 KB   236/357 KB   228/238 KB   240/357 KB   228/238 KB   244/357 KB   228/238 KB   248/357 KB   228/238 KB   252/357 KB   228/238 KB   256/357 KB   228/238 KB   260/357 KB   228/238 KB   264/357 KB   232/238 KB   268/357 KB   232/238 KB   272/357 KB   232/238 KB   260/357 KB   232/238 KB   272/357 KB   236/238 KB   272/357 KB   238/238 KB                             Downloaded: https://repo.maven.apache.org/maven2/org/codehaus/plexus/plexus-utils/3.0.18/plexus-utils-3.0.18.jar (238 KB at 588.8 KB/sec)
276/357 KB                280/357 KB   284/357 KB   288/357 KB   292/357 KB   296/357 KB   300/357 KB   304/357 KB   308/357 KB   312/357 KB   316/357 KB   320/357 KB   324/357 KB   328/357 KB   332/357 KB   336/357 KB   340/357 KB   344/357 KB   348/357 KB   352/357 KB   356/357 KB   357/357 KB                Downloaded: https://repo.maven.apache.org/maven2/org/apache/commons/commons-compress/1.8.1/commons-compress-1.8.1.jar (357 KB at 782.9 KB/sec)
[INFO] 
[INFO] --- maven-javadoc-plugin:2.10.3:jar (default-cli) @ parent ---
Downloading: https://repo.maven.apache.org/maven2/org/apache/maven/shared/maven-invoker/2.0.9/maven-invoker-2.0.9.pom
4/6 KB       6/6 KB            Downloaded: https://repo.maven.apache.org/maven2/org/apache/maven/shared/maven-invoker/2.0.9/maven-invoker-2.0.9.pom (6 KB at 97.3 KB/sec)
Downloading: https://repo.maven.apache.org/maven2/org/apache/maven/maven-plugin-api/2.0.8/maven-plugin-api-2.0.8.pom
2/2 KB            Downloaded: https://repo.maven.apache.org/maven2/org/apache/maven/maven-plugin-api/2.0.8/maven-plugin-api-2.0.8.pom (2 KB at 76.8 KB/sec)
Downloading: https://repo.maven.apache.org/maven2/org/codehaus/plexus/plexus-utils/1.4.9/plexus-utils-1.4.9.pom
3/3 KB            Downloaded: https://repo.maven.apache.org/maven2/org/codehaus/plexus/plexus-utils/1.4.9/plexus-utils-1.4.9.pom (3 KB at 160.2 KB/sec)
Downloading: https://repo.maven.apache.org/maven2/org/apache/maven/wagon/wagon-provider-api/1.0-beta-6/wagon-provider-api-1.0-beta-6.pom
2/2 KB            Downloaded: https://repo.maven.apache.org/maven2/org/apache/maven/wagon/wagon-provider-api/1.0-beta-6/wagon-provider-api-1.0-beta-6.pom (2 KB at 191.0 KB/sec)
Downloading: https://repo.maven.apache.org/maven2/org/apache/maven/wagon/wagon/1.0-beta-6/wagon-1.0-beta-6.pom
2/13 KB   6/13 KB   10/13 KB   13/13 KB              Downloaded: https://repo.maven.apache.org/maven2/org/apache/maven/wagon/wagon/1.0-beta-6/wagon-1.0-beta-6.pom (13 KB at 864.0 KB/sec)
Downloading: https://repo.maven.apache.org/maven2/org/codehaus/plexus/plexus-utils/1.4.2/plexus-utils-1.4.2.pom
2/2 KB              Downloaded: https://repo.maven.apache.org/maven2/org/codehaus/plexus/plexus-utils/1.4.2/plexus-utils-1.4.2.pom (2 KB at 79.7 KB/sec)
Downloading: https://repo.maven.apache.org/maven2/commons-io/commons-io/2.2/commons-io-2.2.pom
4/11 KB   8/11 KB   11/11 KB              Downloaded: https://repo.maven.apache.org/maven2/commons-io/commons-io/2.2/commons-io-2.2.pom (11 KB at 769.7 KB/sec)
Downloading: https://repo.maven.apache.org/maven2/org/apache/commons/commons-parent/24/commons-parent-24.pom
4/47 KB    8/47 KB   12/47 KB   16/47 KB   20/47 KB   24/47 KB   28/47 KB   32/47 KB   36/47 KB   40/47 KB   44/47 KB   47/47 KB              Downloaded: https://repo.maven.apache.org/maven2/org/apache/commons/commons-parent/24/commons-parent-24.pom (47 KB at 961.6 KB/sec)
Downloading: https://repo.maven.apache.org/maven2/org/apache/httpcomponents/httpclient/4.2.3/httpclient-4.2.3.pom
4/6 KB     6/6 KB            Downloaded: https://repo.maven.apache.org/maven2/org/apache/httpcomponents/httpclient/4.2.3/httpclient-4.2.3.pom (6 KB at 156.0 KB/sec)
Downloading: https://repo.maven.apache.org/maven2/org/apache/httpcomponents/httpcomponents-client/4.2.3/httpcomponents-client-4.2.3.pom
4/15 KB   8/15 KB   12/15 KB   15/15 KB              Downloaded: https://repo.maven.apache.org/maven2/org/apache/httpcomponents/httpcomponents-client/4.2.3/httpcomponents-client-4.2.3.pom (15 KB at 419.5 KB/sec)
Downloading: https://repo.maven.apache.org/maven2/org/apache/httpcomponents/project/6/project-6.pom
1/24 KB    5/24 KB   9/24 KB   13/24 KB   17/24 KB   21/24 KB   24/24 KB              Downloaded: https://repo.maven.apache.org/maven2/org/apache/httpcomponents/project/6/project-6.pom (24 KB at 478.0 KB/sec)
Downloading: https://repo.maven.apache.org/maven2/org/apache/httpcomponents/httpcore/4.2.2/httpcore-4.2.2.pom
3/6 KB     6/6 KB            Downloaded: https://repo.maven.apache.org/maven2/org/apache/httpcomponents/httpcore/4.2.2/httpcore-4.2.2.pom (6 KB at 231.3 KB/sec)
Downloading: https://repo.maven.apache.org/maven2/org/apache/httpcomponents/httpcomponents-core/4.2.2/httpcomponents-core-4.2.2.pom
1/12 KB   5/12 KB   9/12 KB   12/12 KB              Downloaded: https://repo.maven.apache.org/maven2/org/apache/httpcomponents/httpcomponents-core/4.2.2/httpcomponents-core-4.2.2.pom (12 KB at 361.4 KB/sec)
Downloading: https://repo.maven.apache.org/maven2/commons-codec/commons-codec/1.6/commons-codec-1.6.pom
4/11 KB    8/11 KB   11/11 KB              Downloaded: https://repo.maven.apache.org/maven2/commons-codec/commons-codec/1.6/commons-codec-1.6.pom (11 KB at 259.4 KB/sec)
Downloading: https://repo.maven.apache.org/maven2/log4j/log4j/1.2.14/log4j-1.2.14.pom
3/3 KB              Downloaded: https://repo.maven.apache.org/maven2/log4j/log4j/1.2.14/log4j-1.2.14.pom (3 KB at 96.6 KB/sec)
Downloading: https://repo.maven.apache.org/maven2/com/thoughtworks/qdox/qdox/1.12.1/qdox-1.12.1.pom
3/18 KB   7/18 KB   11/18 KB   15/18 KB   18/18 KB              Downloaded: https://repo.maven.apache.org/maven2/com/thoughtworks/qdox/qdox/1.12.1/qdox-1.12.1.pom (18 KB at 1145.7 KB/sec)
Downloading: https://repo.maven.apache.org/maven2/org/codehaus/plexus/plexus-archiver/2.9/plexus-archiver-2.9.pom
4/5 KB     5/5 KB            Downloaded: https://repo.maven.apache.org/maven2/org/codehaus/plexus/plexus-archiver/2.9/plexus-archiver-2.9.pom (5 KB at 203.1 KB/sec)
Downloading: https://repo.maven.apache.org/maven2/org/codehaus/plexus/plexus-io/2.4/plexus-io-2.4.pom
4/4 KB            Downloaded: https://repo.maven.apache.org/maven2/org/codehaus/plexus/plexus-io/2.4/plexus-io-2.4.pom (4 KB at 88.8 KB/sec)
Downloading: https://repo.maven.apache.org/maven2/org/apache/commons/commons-compress/1.9/commons-compress-1.9.pom
4/12 KB   8/12 KB   12/12 KB   12/12 KB              Downloaded: https://repo.maven.apache.org/maven2/org/apache/commons/commons-compress/1.9/commons-compress-1.9.pom (12 KB at 398.8 KB/sec)
Downloading: https://repo.maven.apache.org/maven2/org/apache/commons/commons-parent/34/commons-parent-34.pom
4/55 KB    8/55 KB   12/55 KB   16/55 KB   20/55 KB   24/55 KB   28/55 KB   32/55 KB   36/55 KB   40/55 KB   44/55 KB   48/55 KB   52/55 KB   55/55 KB              Downloaded: https://repo.maven.apache.org/maven2/org/apache/commons/commons-parent/34/commons-parent-34.pom (55 KB at 1241.6 KB/sec)
Downloading: https://repo.maven.apache.org/maven2/org/apache/maven/shared/maven-invoker/2.0.9/maven-invoker-2.0.9.jar
Downloading: https://repo.maven.apache.org/maven2/org/apache/maven/doxia/doxia-core/1.4/doxia-core-1.4.jar
Downloading: https://repo.maven.apache.org/maven2/org/codehaus/plexus/plexus-velocity/1.1.7/plexus-velocity-1.1.7.jar
Downloading: https://repo.maven.apache.org/maven2/commons-digester/commons-digester/1.8/commons-digester-1.8.jar
Downloading: https://repo.maven.apache.org/maven2/antlr/antlr/2.7.2/antlr-2.7.2.jar
4/28 KB    8/28 KB   12/28 KB   16/28 KB   20/28 KB   4/8 KB   20/28 KB   8/8 KB   20/28 KB   8/8 KB   20/28 KB   8/8 KB   24/28 KB   8/8 KB   28/28 KB                       4/162 KB   28/28 KB   8/162 KB   28/28 KB   12/162 KB   28/28 KB   16/162 KB   28/28 KB   20/162 KB   28/28 KB   24/162 KB              28/162 KB   32/162 KB   36/162 KB                          Downloaded: https://repo.maven.apache.org/maven2/org/apache/maven/shared/maven-invoker/2.0.9/maven-invoker-2.0.9.jar (28 KB at 224.5 KB/sec)
Downloading: https://repo.maven.apache.org/maven2/commons-lang/commons-lang/2.4/commons-lang-2.4.jar
40/162 KB   44/162 KB   48/162 KB   48/162 KB   4/256 KB   48/162 KB   4/141 KB   8/256 KB   48/162 KB   4/141 KB   12/256 KB   48/162 KB   4/141 KB   16/256 KB   48/162 KB   4/141 KB   20/256 KB   4/350 KB   52/162 KB   4/141 KB   24/256 KB   4/350 KB   52/162 KB   4/141 KB   28/256 KB   4/350 KB   52/162 KB   4/141 KB   32/256 KB   4/350 KB   52/162 KB   4/141 KB   36/256 KB   48/162 KB   4/141 KB   4/256 KB   4/350 KB   52/162 KB   8/141 KB   36/256 KB   4/350 KB   52/162 KB   12/141 KB   36/256 KB   4/350 KB   52/162 KB   16/141 KB   36/256 KB   4/350 KB   52/162 KB   20/141 KB   36/256 KB   4/350 KB   52/162 KB   24/141 KB   36/256 KB   4/350 KB   52/162 KB   28/141 KB   36/256 KB   4/350 KB   52/162 KB   32/141 KB   36/256 KB   4/350 KB   52/162 KB   4/141 KB   20/256 KB   Downloaded: https://repo.maven.apache.org/maven2/org/codehaus/plexus/plexus-velocity/1.1.7/plexus-velocity-1.1.7.jar (8 KB at 88.1 KB/sec)
4/350 KB   48/162 KB   4/141 KB   20/256 KB   Downloading: https://repo.maven.apache.org/maven2/commons-io/commons-io/2.2/commons-io-2.2.jar
8/350 KB   52/162 KB   32/141 KB   36/256 KB   12/350 KB   52/162 KB   32/141 KB   36/256 KB   16/350 KB   52/162 KB   32/141 KB   36/256 KB   16/350 KB   56/162 KB   32/141 KB   36/256 KB   16/350 KB   60/162 KB   32/141 KB   36/256 KB   16/350 KB   64/162 KB   32/141 KB   36/256 KB   16/350 KB   68/162 KB   32/141 KB   36/256 KB   16/350 KB   72/162 KB   32/141 KB   36/256 KB   16/350 KB   76/162 KB   32/141 KB   36/256 KB   16/350 KB   80/162 KB   32/141 KB   36/256 KB   16/350 KB   80/162 KB   32/141 KB   4/170 KB   36/256 KB   16/350 KB   80/162 KB   32/141 KB   8/170 KB   36/256 KB   16/350 KB   80/162 KB   32/141 KB   12/170 KB   36/256 KB   16/350 KB   80/162 KB   32/141 KB   16/170 KB   36/256 KB   16/350 KB   80/162 KB   32/141 KB   20/170 KB   36/256 KB   16/350 KB   80/162 KB   32/141 KB   24/170 KB   36/256 KB   16/350 KB   80/162 KB   32/141 KB   28/170 KB   36/256 KB   16/350 KB   80/162 KB   32/141 KB   32/170 KB   36/256 KB   16/350 KB   80/162 KB   32/141 KB   36/170 KB   36/256 KB   16/350 KB   80/162 KB   32/141 KB   40/170 KB   40/256 KB   16/350 KB   80/162 KB   32/141 KB   44/170 KB   40/256 KB   16/350 KB   80/162 KB   32/141 KB   48/170 KB   40/256 KB   20/350 KB   80/162 KB   32/141 KB   48/170 KB   40/256 KB   16/350 KB   80/162 KB   32/141 KB   36/170 KB   40/256 KB   24/350 KB   80/162 KB   32/141 KB   48/170 KB   40/256 KB   28/350 KB   80/162 KB   32/141 KB   48/170 KB   40/256 KB   32/350 KB   80/162 KB   32/141 KB   48/170 KB   40/256 KB   32/350 KB   80/162 KB   36/141 KB   48/170 KB   40/256 KB   36/350 KB   84/162 KB   36/141 KB   52/170 KB   44/256 KB   36/350 KB   84/162 KB   40/141 KB   56/170 KB   44/256 KB   36/350 KB   84/162 KB   36/141 KB   48/170 KB   44/256 KB   36/350 KB   88/162 KB   40/141 KB   56/170 KB   44/256 KB   36/350 KB   92/162 KB   40/141 KB   56/170 KB   44/256 KB   36/350 KB   96/162 KB   40/141 KB   56/170 KB   44/256 KB   36/350 KB   100/162 KB   40/141 KB   56/170 KB   44/256 KB   36/350 KB   80/162 KB   36/141 KB   48/170 KB   44/256 KB   36/350 KB   100/162 KB   40/141 KB   60/170 KB   48/256 KB   36/350 KB   100/162 KB   40/141 KB   60/170 KB   52/256 KB   36/350 KB   80/162 KB   36/141 KB   48/170 KB   40/256 KB   40/350 KB   100/162 KB   40/141 KB   60/170 KB   52/256 KB   44/350 KB   100/162 KB   40/141 KB   60/170 KB   52/256 KB   48/350 KB   100/162 KB   40/141 KB   60/170 KB   52/256 KB   52/350 KB   100/162 KB   40/141 KB   60/170 KB   52/256 KB   56/350 KB   100/162 KB   40/141 KB   60/170 KB   56/256 KB   60/350 KB   100/162 KB   40/141 KB   60/170 KB   56/256 KB   64/350 KB   100/162 KB   40/141 KB   60/170 KB   56/256 KB   68/350 KB   100/162 KB   40/141 KB   60/170 KB   56/256 KB   72/350 KB   104/162 KB   40/141 KB   60/170 KB   56/256 KB   76/350 KB   104/162 KB   40/141 KB   60/170 KB   56/256 KB   80/350 KB   104/162 KB   40/141 KB   60/170 KB   56/256 KB   84/350 KB   104/162 KB   40/141 KB   60/170 KB   56/256 KB   36/350 KB   100/162 KB   40/141 KB   60/170 KB   44/256 KB   36/350 KB   84/162 KB   40/141 KB   52/170 KB   44/256 KB   84/350 KB   104/162 KB   40/141 KB   64/170 KB   56/256 KB   84/350 KB   104/162 KB   44/141 KB   68/170 KB   56/256 KB   84/350 KB   104/162 KB   44/141 KB   72/170 KB   56/256 KB   68/350 KB   104/162 KB   40/141 KB   60/170 KB   56/256 KB   84/350 KB   108/162 KB   44/141 KB   72/170 KB   56/256 KB   84/350 KB   112/162 KB   44/141 KB   72/170 KB   56/256 KB   84/350 KB   116/162 KB   44/141 KB   72/170 KB   56/256 KB   52/350 KB   100/162 KB   40/141 KB   60/170 KB   56/256 KB   84/350 KB   116/162 KB   44/141 KB   76/170 KB   60/256 KB   84/350 KB   116/162 KB   44/141 KB   76/170 KB   64/256 KB   84/350 KB   116/162 KB   44/141 KB   76/170 KB   68/256 KB   84/350 KB   116/162 KB   44/141 KB   76/170 KB   72/256 KB   84/350 KB   116/162 KB   44/141 KB   76/170 KB   76/256 KB   84/350 KB   116/162 KB   44/141 KB   76/170 KB   80/256 KB   84/350 KB   116/162 KB   44/141 KB   76/170 KB   84/256 KB   84/350 KB   120/162 KB   44/141 KB   76/170 KB   88/256 KB   84/350 KB   120/162 KB   44/141 KB   76/170 KB   92/256 KB   84/350 KB   120/162 KB   44/141 KB   76/170 KB   96/256 KB   84/350 KB   120/162 KB   44/141 KB   76/170 KB   100/256 KB   84/350 KB   116/162 KB   44/141 KB   76/170 KB   56/256 KB   84/350 KB   104/162 KB   44/141 KB   64/170 KB   56/256 KB   88/350 KB   120/162 KB   44/141 KB   80/170 KB   100/256 KB   88/350 KB   120/162 KB   48/141 KB   84/170 KB   100/256 KB   88/350 KB   120/162 KB   48/141 KB   88/170 KB   100/256 KB   88/350 KB   120/162 KB   48/141 KB   92/170 KB   100/256 KB   88/350 KB   120/162 KB   48/141 KB   96/170 KB   100/256 KB   88/350 KB   120/162 KB   48/141 KB   100/170 KB   100/256 KB   88/350 KB   120/162 KB   44/141 KB   76/170 KB   100/256 KB   92/350 KB   120/162 KB   48/141 KB   100/170 KB   104/256 KB   96/350 KB   120/162 KB   48/141 KB   100/170 KB   104/256 KB   100/350 KB   120/162 KB   48/141 KB   100/170 KB   104/256 KB   84/350 KB   120/162 KB   44/141 KB   76/170 KB   84/256 KB   100/350 KB   124/162 KB   48/141 KB   100/170 KB   104/256 KB   100/350 KB   128/162 KB   48/141 KB   100/170 KB   104/256 KB   100/350 KB   132/162 KB   48/141 KB   100/170 KB   104/256 KB   100/350 KB   136/162 KB   48/141 KB   100/170 KB   104/256 KB   100/350 KB   140/162 KB   48/141 KB   100/170 KB   104/256 KB   100/350 KB   144/162 KB   48/141 KB   100/170 KB   104/256 KB   100/350 KB   148/162 KB   48/141 KB   100/170 KB   104/256 KB   104/350 KB   152/162 KB   48/141 KB   104/170 KB   104/256 KB   104/350 KB   156/162 KB   48/141 KB   104/170 KB   104/256 KB   104/350 KB   160/162 KB   48/141 KB   104/170 KB   104/256 KB   104/350 KB   162/162 KB   48/141 KB   104/170 KB   104/256 KB   88/350 KB   120/162 KB   48/141 KB   100/170 KB   104/256 KB   88/350 KB   120/162 KB   48/141 KB   80/170 KB   100/256 KB   104/350 KB   162/162 KB   52/141 KB   104/170 KB   108/256 KB   104/350 KB   162/162 KB   56/141 KB   104/170 KB   108/256 KB   104/350 KB   162/162 KB   60/141 KB   104/170 KB   108/256 KB   104/350 KB   162/162 KB   64/141 KB   104/170 KB   108/256 KB                                                                   Downloaded: https://repo.maven.apache.org/maven2/org/apache/maven/doxia/doxia-core/1.4/doxia-core-1.4.jar (162 KB at 577.2 KB/sec)
Downloading: https://repo.maven.apache.org/maven2/org/apache/httpcomponents/httpclient/4.2.3/httpclient-4.2.3.jar
104/350 KB   68/141 KB   104/170 KB   108/256 KB                104/350 KB   72/141 KB   104/170 KB   108/256 KB   104/350 KB   76/141 KB   104/170 KB   108/256 KB   104/350 KB   80/141 KB   104/170 KB   108/256 KB   104/350 KB   84/141 KB   104/170 KB   108/256 KB   104/350 KB   162/162 KB   48/141 KB   104/170 KB   108/256 KB   104/350 KB   4/423 KB   88/141 KB   104/170 KB   112/256 KB   104/350 KB   4/423 KB   88/141 KB   104/170 KB   116/256 KB   104/350 KB   148/162 KB   48/141 KB   104/170 KB   104/256 KB   104/350 KB   4/423 KB   88/141 KB   108/170 KB   116/256 KB   104/350 KB   4/423 KB   88/141 KB   112/170 KB   116/256 KB   104/350 KB   4/423 KB   88/141 KB   116/170 KB   116/256 KB   104/350 KB   148/162 KB   48/141 KB   100/170 KB   104/256 KB   104/350 KB   4/423 KB   88/141 KB   104/170 KB   108/256 KB   108/350 KB   4/423 KB   88/141 KB   116/170 KB   116/256 KB   108/350 KB   4/423 KB   92/141 KB   116/170 KB   116/256 KB   112/350 KB   4/423 KB   92/141 KB   116/170 KB   116/256 KB   112/350 KB   4/423 KB   96/141 KB   116/170 KB   116/256 KB   116/350 KB   4/423 KB   96/141 KB   116/170 KB   116/256 KB   120/350 KB   4/423 KB   100/141 KB   116/170 KB   116/256 KB   120/350 KB   4/423 KB   100/141 KB   120/170 KB   120/256 KB   120/350 KB   4/423 KB   104/141 KB   120/170 KB   124/256 KB   104/350 KB   4/423 KB   84/141 KB   104/170 KB   108/256 KB   120/350 KB   4/423 KB   104/141 KB   120/170 KB   128/256 KB   120/350 KB   4/423 KB   104/141 KB   120/170 KB   120/256 KB   120/350 KB   4/423 KB   108/141 KB   120/170 KB   128/256 KB   120/350 KB   4/423 KB   112/141 KB   120/170 KB   128/256 KB   120/350 KB   4/423 KB   116/141 KB   120/170 KB   128/256 KB   120/350 KB   4/423 KB   120/141 KB   120/170 KB   128/256 KB   120/350 KB   4/423 KB   124/141 KB   120/170 KB   128/256 KB   120/350 KB   4/423 KB   128/141 KB   120/170 KB   128/256 KB   120/350 KB   4/423 KB   128/141 KB   120/170 KB   132/256 KB   120/350 KB   4/423 KB   100/141 KB   120/170 KB   116/256 KB   120/350 KB   4/423 KB   100/141 KB   116/170 KB   116/256 KB   124/350 KB   4/423 KB   128/141 KB   120/170 KB   136/256 KB   124/350 KB   4/423 KB   128/141 KB   124/170 KB   136/256 KB   120/350 KB   4/423 KB   128/141 KB   120/170 KB   136/256 KB   128/350 KB   4/423 KB   128/141 KB   124/170 KB   136/256 KB   128/350 KB   4/423 KB   128/141 KB   128/170 KB   136/256 KB   132/350 KB   4/423 KB   128/141 KB   128/170 KB   136/256 KB   136/350 KB   4/423 KB   128/141 KB   128/170 KB   136/256 KB   140/350 KB   4/423 KB   128/141 KB   128/170 KB   136/256 KB   144/350 KB   4/423 KB   128/141 KB   128/170 KB   136/256 KB   144/350 KB   4/423 KB   132/141 KB   128/170 KB   136/256 KB   148/350 KB   8/423 KB   136/141 KB   132/170 KB   140/256 KB   148/350 KB   8/423 KB   140/141 KB   132/170 KB   140/256 KB   148/350 KB   8/423 KB   141/141 KB   132/170 KB   140/256 KB   148/350 KB   8/423 KB   132/141 KB   132/170 KB   140/256 KB   148/350 KB   8/423 KB   141/141 KB   136/170 KB   140/256 KB   148/350 KB   8/423 KB   141/141 KB   140/170 KB   140/256 KB   148/350 KB   8/423 KB   141/141 KB   144/170 KB   140/256 KB   148/350 KB   8/423 KB   141/141 KB   148/170 KB   140/256 KB   148/350 KB   4/423 KB   132/141 KB   128/170 KB   140/256 KB   148/350 KB   8/423 KB   141/141 KB   148/170 KB   144/256 KB   148/350 KB   4/423 KB   132/141 KB   128/170 KB   136/256 KB   152/350 KB   8/423 KB   141/141 KB   148/170 KB   144/256 KB   156/350 KB   8/423 KB   141/141 KB   148/170 KB   144/256 KB   160/350 KB   8/423 KB   141/141 KB   148/170 KB   144/256 KB   160/350 KB   8/423 KB   141/141 KB   148/170 KB   148/256 KB   160/350 KB   8/423 KB   152/170 KB   152/256 KB   160/350 KB   8/423 KB   152/170 KB   156/256 KB   160/350 KB   8/423 KB   152/170 KB   160/256 KB                164/350 KB   8/423 KB   152/170 KB   160/256 KB   168/350 KB   8/423 KB   152/170 KB   160/256 KB   172/350 KB   8/423 KB   152/170 KB   160/256 KB   176/350 KB   8/423 KB   152/170 KB   160/256 KB                                                                  Downloaded: https://repo.maven.apache.org/maven2/commons-digester/commons-digester/1.8/commons-digester-1.8.jar (141 KB at 418.6 KB/sec)
Downloading: https://repo.maven.apache.org/maven2/org/apache/httpcomponents/httpcore/4.2.2/httpcore-4.2.2.jar
160/350 KB   8/423 KB   152/170 KB   148/256 KB                148/350 KB   8/423 KB   132/141 KB   152/170 KB   156/256 KB   176/350 KB   12/423 KB   156/170 KB   160/256 KB   176/350 KB   16/423 KB   156/170 KB   160/256 KB   176/350 KB   8/423 KB   156/170 KB   160/256 KB   176/350 KB   16/423 KB   160/170 KB   160/256 KB   176/350 KB   16/423 KB   164/170 KB   160/256 KB   180/350 KB   20/423 KB   164/170 KB   164/256 KB   4/219 KB   180/350 KB   20/423 KB   168/170 KB   168/256 KB   4/219 KB   180/350 KB   20/423 KB   168/170 KB   172/256 KB   4/219 KB   180/350 KB   20/423 KB   168/170 KB   176/256 KB   4/219 KB   180/350 KB   20/423 KB   168/170 KB   180/256 KB   4/219 KB   180/350 KB   20/423 KB   164/170 KB   160/256 KB   4/219 KB   180/350 KB   20/423 KB   168/170 KB   180/256 KB   8/219 KB   180/350 KB   20/423 KB   168/170 KB   180/256 KB   12/219 KB   180/350 KB   20/423 KB   168/170 KB   180/256 KB   16/219 KB   180/350 KB   20/423 KB   168/170 KB   180/256 KB   20/219 KB   180/350 KB   20/423 KB   164/170 KB   160/256 KB   180/350 KB   24/423 KB   168/170 KB   180/256 KB   20/219 KB   180/350 KB   28/423 KB   168/170 KB   180/256 KB   20/219 KB   180/350 KB   32/423 KB   168/170 KB   180/256 KB   20/219 KB   180/350 KB   36/423 KB   168/170 KB   180/256 KB   20/219 KB   180/350 KB   40/423 KB   168/170 KB   180/256 KB   20/219 KB   180/350 KB   44/423 KB   168/170 KB   180/256 KB   20/219 KB   180/350 KB   48/423 KB   168/170 KB   180/256 KB   20/219 KB   180/350 KB   52/423 KB   168/170 KB   180/256 KB   20/219 KB   180/350 KB   16/423 KB   164/170 KB   160/256 KB   184/350 KB   52/423 KB   168/170 KB   180/256 KB   24/219 KB   188/350 KB   52/423 KB   168/170 KB   180/256 KB   24/219 KB   192/350 KB   52/423 KB   168/170 KB   180/256 KB   24/219 KB   196/350 KB   52/423 KB   168/170 KB   180/256 KB   24/219 KB   200/350 KB   52/423 KB   168/170 KB   180/256 KB   24/219 KB   204/350 KB   52/423 KB   168/170 KB   180/256 KB   24/219 KB   208/350 KB   52/423 KB   168/170 KB   180/256 KB   24/219 KB   212/350 KB   52/423 KB   168/170 KB   180/256 KB   24/219 KB   180/350 KB   52/423 KB   168/170 KB   180/256 KB   24/219 KB   180/350 KB   20/423 KB   168/170 KB   164/256 KB   4/219 KB   212/350 KB   56/423 KB   168/170 KB   184/256 KB   28/219 KB   212/350 KB   56/423 KB   170/170 KB   184/256 KB   28/219 KB   216/350 KB   56/423 KB   170/170 KB   184/256 KB   32/219 KB   220/350 KB   56/423 KB   170/170 KB   184/256 KB   32/219 KB   224/350 KB   56/423 KB   170/170 KB   184/256 KB   32/219 KB   212/350 KB   56/423 KB   168/170 KB   184/256 KB   24/219 KB   224/350 KB   56/423 KB   170/170 KB   188/256 KB   32/219 KB   224/350 KB   56/423 KB   170/170 KB   192/256 KB   32/219 KB   212/350 KB   56/423 KB   168/170 KB   180/256 KB   24/219 KB   224/350 KB   60/423 KB   170/170 KB   192/256 KB   32/219 KB   224/350 KB   61/423 KB   170/170 KB   192/256 KB   32/219 KB   212/350 KB   56/423 KB   170/170 KB   184/256 KB   32/219 KB   228/350 KB   61/423 KB   170/170 KB   192/256 KB   32/219 KB   232/350 KB   61/423 KB   170/170 KB   192/256 KB   32/219 KB                                                                  Downloaded: https://repo.maven.apache.org/maven2/commons-io/commons-io/2.2/commons-io-2.2.jar (170 KB at 473.5 KB/sec)
Downloading: https://repo.maven.apache.org/maven2/commons-codec/commons-codec/1.6/commons-codec-1.6.jar
236/350 KB   61/423 KB   192/256 KB   32/219 KB                240/350 KB   61/423 KB   192/256 KB   32/219 KB   240/350 KB   65/423 KB   192/256 KB   32/219 KB   244/350 KB   65/423 KB   4/228 KB   196/256 KB   36/219 KB   244/350 KB   69/423 KB   4/228 KB   200/256 KB   36/219 KB   244/350 KB   65/423 KB   4/228 KB   192/256 KB   36/219 KB   240/350 KB   65/423 KB   4/228 KB   192/256 KB   36/219 KB   244/350 KB   69/423 KB   8/228 KB   204/256 KB   36/219 KB   244/350 KB   69/423 KB   12/228 KB   204/256 KB   36/219 KB   244/350 KB   69/423 KB   16/228 KB   204/256 KB   36/219 KB   244/350 KB   69/423 KB   20/228 KB   204/256 KB   36/219 KB   244/350 KB   69/423 KB   24/228 KB   204/256 KB   36/219 KB   244/350 KB   69/423 KB   28/228 KB   204/256 KB   36/219 KB   244/350 KB   69/423 KB   32/228 KB   204/256 KB   36/219 KB   244/350 KB   69/423 KB   36/228 KB   204/256 KB   36/219 KB   248/350 KB   69/423 KB   40/228 KB   204/256 KB   36/219 KB   248/350 KB   69/423 KB   44/228 KB   204/256 KB   36/219 KB   248/350 KB   69/423 KB   48/228 KB   204/256 KB   36/219 KB   248/350 KB   69/423 KB   52/228 KB   204/256 KB   36/219 KB   240/350 KB   65/423 KB   192/256 KB   36/219 KB   248/350 KB   69/423 KB   52/228 KB   204/256 KB   40/219 KB   248/350 KB   69/423 KB   52/228 KB   204/256 KB   44/219 KB   248/350 KB   69/423 KB   52/228 KB   204/256 KB   48/219 KB   248/350 KB   69/423 KB   52/228 KB   204/256 KB   52/219 KB   248/350 KB   69/423 KB   52/228 KB   204/256 KB   56/219 KB   248/350 KB   69/423 KB   52/228 KB   204/256 KB   60/219 KB   248/350 KB   69/423 KB   52/228 KB   204/256 KB   63/219 KB   248/350 KB   69/423 KB   52/228 KB   204/256 KB   64/219 KB   248/350 KB   69/423 KB   52/228 KB   204/256 KB   68/219 KB   244/350 KB   69/423 KB   52/228 KB   204/256 KB   36/219 KB   248/350 KB   69/423 KB   56/228 KB   208/256 KB   68/219 KB   248/350 KB   69/423 KB   56/228 KB   212/256 KB   68/219 KB   248/350 KB   69/423 KB   36/228 KB   204/256 KB   36/219 KB   244/350 KB   69/423 KB   4/228 KB   196/256 KB   36/219 KB   252/350 KB   69/423 KB   56/228 KB   212/256 KB   68/219 KB   252/350 KB   73/423 KB   56/228 KB   212/256 KB   68/219 KB   256/350 KB   73/423 KB   56/228 KB   212/256 KB   68/219 KB   256/350 KB   77/423 KB   56/228 KB   212/256 KB   68/219 KB   260/350 KB   77/423 KB   56/228 KB   212/256 KB   68/219 KB   264/350 KB   77/423 KB   56/228 KB   212/256 KB   68/219 KB   268/350 KB   77/423 KB   56/228 KB   212/256 KB   68/219 KB   272/350 KB   77/423 KB   56/228 KB   212/256 KB   68/219 KB   272/350 KB   81/423 KB   56/228 KB   212/256 KB   68/219 KB   272/350 KB   85/423 KB   56/228 KB   212/256 KB   68/219 KB   272/350 KB   89/423 KB   56/228 KB   212/256 KB   68/219 KB   272/350 KB   93/423 KB   56/228 KB   212/256 KB   68/219 KB   276/350 KB   93/423 KB   56/228 KB   212/256 KB   68/219 KB   280/350 KB   93/423 KB   56/228 KB   216/256 KB   72/219 KB   248/350 KB   69/423 KB   56/228 KB   204/256 KB   68/219 KB   284/350 KB   93/423 KB   56/228 KB   216/256 KB   72/219 KB   288/350 KB   93/423 KB   56/228 KB   216/256 KB   72/219 KB   288/350 KB   93/423 KB   60/228 KB   216/256 KB   72/219 KB   288/350 KB   93/423 KB   64/228 KB   216/256 KB   72/219 KB   292/350 KB   93/423 KB   64/228 KB   216/256 KB   72/219 KB   276/350 KB   93/423 KB   56/228 KB   216/256 KB   72/219 KB   292/350 KB   93/423 KB   64/228 KB   216/256 KB   76/219 KB   292/350 KB   93/423 KB   64/228 KB   216/256 KB   80/219 KB   292/350 KB   97/423 KB   64/228 KB   216/256 KB   80/219 KB   292/350 KB   101/423 KB   64/228 KB   216/256 KB   80/219 KB   292/350 KB   105/423 KB   64/228 KB   216/256 KB   80/219 KB   292/350 KB   109/423 KB   64/228 KB   216/256 KB   80/219 KB   292/350 KB   109/423 KB   64/228 KB   216/256 KB   84/219 KB   276/350 KB   93/423 KB   56/228 KB   216/256 KB   68/219 KB   292/350 KB   109/423 KB   64/228 KB   220/256 KB   84/219 KB   292/350 KB   109/423 KB   64/228 KB   224/256 KB   84/219 KB   292/350 KB   109/423 KB   64/228 KB   228/256 KB   84/219 KB   292/350 KB   109/423 KB   64/228 KB   232/256 KB   84/219 KB   292/350 KB   109/423 KB   64/228 KB   236/256 KB   84/219 KB   292/350 KB   109/423 KB   64/228 KB   240/256 KB   84/219 KB   292/350 KB   109/423 KB   68/228 KB   240/256 KB   84/219 KB   292/350 KB   109/423 KB   72/228 KB   240/256 KB   84/219 KB   292/350 KB   109/423 KB   76/228 KB   240/256 KB   84/219 KB   292/350 KB   109/423 KB   80/228 KB   240/256 KB   84/219 KB   292/350 KB   109/423 KB   80/228 KB   244/256 KB   84/219 KB   296/350 KB   109/423 KB   80/228 KB   248/256 KB   88/219 KB   296/350 KB   109/423 KB   80/228 KB   252/256 KB   88/219 KB   296/350 KB   109/423 KB   80/228 KB   256/256 KB   88/219 KB   296/350 KB   113/423 KB   80/228 KB   256/256 KB   88/219 KB   296/350 KB   117/423 KB   80/228 KB   256/256 KB   88/219 KB   296/350 KB   109/423 KB   80/228 KB   244/256 KB   88/219 KB   296/350 KB   121/423 KB   80/228 KB   256/256 KB   88/219 KB   292/350 KB   109/423 KB   80/228 KB   244/256 KB   88/219 KB   300/350 KB   121/423 KB   80/228 KB   256/256 KB   92/219 KB   300/350 KB   125/423 KB   80/228 KB   256/256 KB   92/219 KB   300/350 KB   121/423 KB   80/228 KB   256/256 KB   88/219 KB   304/350 KB   125/423 KB   80/228 KB   256/256 KB   96/219 KB   308/350 KB   125/423 KB   80/228 KB   256/256 KB   96/219 KB   300/350 KB   125/423 KB   80/228 KB   256/256 KB   96/219 KB   308/350 KB   125/423 KB   84/228 KB   256/256 KB   96/219 KB   308/350 KB   125/423 KB   88/228 KB   256/256 KB   96/219 KB   308/350 KB   125/423 KB   92/228 KB   256/256 KB   96/219 KB   308/350 KB   125/423 KB   96/228 KB   256/256 KB   96/219 KB   308/350 KB   125/423 KB   96/228 KB   256/256 KB   100/219 KB   312/350 KB   125/423 KB   96/228 KB   104/219 KB   312/350 KB   125/423 KB   96/228 KB   108/219 KB   312/350 KB   125/423 KB   96/228 KB   112/219 KB   312/350 KB   125/423 KB   100/228 KB   112/219 KB   312/350 KB   125/423 KB   96/228 KB   100/219 KB                316/350 KB   129/423 KB   104/228 KB   116/219 KB   320/350 KB   129/423 KB   104/228 KB   116/219 KB   324/350 KB   129/423 KB   104/228 KB   116/219 KB                                                                   312/350 KB   129/423 KB   104/228 KB   116/219 KB   324/350 KB   129/423 KB   108/228 KB   116/219 KB   324/350 KB   129/423 KB   112/228 KB   116/219 KB   Downloaded: https://repo.maven.apache.org/maven2/commons-lang/commons-lang/2.4/commons-lang-2.4.jar (256 KB at 532.7 KB/sec)
Downloading: https://repo.maven.apache.org/maven2/log4j/log4j/1.2.14/log4j-1.2.14.jar
312/350 KB   129/423 KB   100/228 KB   116/219 KB   324/350 KB   129/423 KB   112/228 KB   120/219 KB   324/350 KB   129/423 KB   112/228 KB   124/219 KB   324/350 KB   129/423 KB   112/228 KB   128/219 KB   328/350 KB   129/423 KB   116/228 KB   128/219 KB   312/350 KB   129/423 KB   100/228 KB   112/219 KB   328/350 KB   129/423 KB   112/228 KB   128/219 KB   328/350 KB   133/423 KB   116/228 KB   128/219 KB   328/350 KB   137/423 KB   116/228 KB   128/219 KB   328/350 KB   141/423 KB   116/228 KB   128/219 KB   328/350 KB   141/423 KB   116/228 KB   4/359 KB   128/219 KB   332/350 KB   145/423 KB   120/228 KB   4/359 KB   128/219 KB   332/350 KB   145/423 KB   116/228 KB   4/359 KB   128/219 KB   328/350 KB   145/423 KB   116/228 KB   4/359 KB   128/219 KB   332/350 KB   149/423 KB   124/228 KB   4/359 KB   128/219 KB   336/350 KB   149/423 KB   124/228 KB   4/359 KB   128/219 KB   332/350 KB   145/423 KB   124/228 KB   4/359 KB   128/219 KB   336/350 KB   153/423 KB   128/228 KB   4/359 KB   128/219 KB   340/350 KB   153/423 KB   128/228 KB   4/359 KB   128/219 KB   336/350 KB   153/423 KB   124/228 KB   4/359 KB   128/219 KB   340/350 KB   157/423 KB   132/228 KB   8/359 KB   132/219 KB   340/350 KB   153/423 KB   132/228 KB   8/359 KB   132/219 KB   344/350 KB   157/423 KB   132/228 KB   8/359 KB   136/219 KB   344/350 KB   157/423 KB   132/228 KB   8/359 KB   140/219 KB   344/350 KB   157/423 KB   132/228 KB   8/359 KB   144/219 KB   344/350 KB   161/423 KB   132/228 KB   8/359 KB   144/219 KB   344/350 KB   165/423 KB   132/228 KB   8/359 KB   144/219 KB   344/350 KB   169/423 KB   132/228 KB   8/359 KB   144/219 KB   344/350 KB   173/423 KB   132/228 KB   8/359 KB   144/219 KB   344/350 KB   173/423 KB   132/228 KB   8/359 KB   148/219 KB   344/350 KB   173/423 KB   132/228 KB   8/359 KB   152/219 KB   344/350 KB   173/423 KB   132/228 KB   8/359 KB   156/219 KB   344/350 KB   173/423 KB   132/228 KB   8/359 KB   160/219 KB   340/350 KB   153/423 KB   132/228 KB   8/359 KB   128/219 KB   340/350 KB   153/423 KB   128/228 KB   8/359 KB   128/219 KB   344/350 KB   173/423 KB   136/228 KB   12/359 KB   160/219 KB   344/350 KB   173/423 KB   136/228 KB   16/359 KB   160/219 KB   344/350 KB   177/423 KB   136/228 KB   16/359 KB   160/219 KB   344/350 KB   173/423 KB   136/228 KB   8/359 KB   160/219 KB   344/350 KB   157/423 KB   132/228 KB   8/359 KB   132/219 KB   348/350 KB   181/423 KB   136/228 KB   20/359 KB   164/219 KB   350/350 KB   181/423 KB   136/228 KB   20/359 KB   164/219 KB   350/350 KB   181/423 KB   140/228 KB   20/359 KB   164/219 KB   350/350 KB   181/423 KB   144/228 KB   20/359 KB   164/219 KB                                                                   Downloaded: https://repo.maven.apache.org/maven2/antlr/antlr/2.7.2/antlr-2.7.2.jar (350 KB at 654.0 KB/sec)
Downloading: https://repo.maven.apache.org/maven2/com/thoughtworks/qdox/qdox/1.12.1/qdox-1.12.1.jar
181/423 KB   148/228 KB   20/359 KB   164/219 KB                181/423 KB   152/228 KB   20/359 KB   164/219 KB   181/423 KB   156/228 KB   20/359 KB   164/219 KB   181/423 KB   160/228 KB   20/359 KB   164/219 KB   344/350 KB   181/423 KB   136/228 KB   20/359 KB   164/219 KB   185/423 KB   160/228 KB   20/359 KB   164/219 KB   189/423 KB   160/228 KB   20/359 KB   164/219 KB   344/350 KB   177/423 KB   136/228 KB   20/359 KB   164/219 KB   344/350 KB   177/423 KB   136/228 KB   20/359 KB   160/219 KB   189/423 KB   160/228 KB   24/359 KB   164/219 KB   189/423 KB   160/228 KB   28/359 KB   164/219 KB   189/423 KB   160/228 KB   32/359 KB   164/219 KB   189/423 KB   160/228 KB   36/359 KB   164/219 KB   189/423 KB   160/228 KB   40/359 KB   164/219 KB   189/423 KB   160/228 KB   44/359 KB   164/219 KB   189/423 KB   160/228 KB   48/359 KB   164/219 KB   189/423 KB   160/228 KB   52/359 KB   164/219 KB   189/423 KB   4/176 KB   164/228 KB   56/359 KB   168/219 KB   189/423 KB   4/176 KB   164/228 KB   60/359 KB   168/219 KB   189/423 KB   4/176 KB   164/228 KB   64/359 KB   168/219 KB   193/423 KB   4/176 KB   164/228 KB   64/359 KB   168/219 KB   197/423 KB   4/176 KB   164/228 KB   64/359 KB   168/219 KB   201/423 KB   4/176 KB   164/228 KB   64/359 KB   168/219 KB   205/423 KB   4/176 KB   164/228 KB   64/359 KB   168/219 KB   205/423 KB   4/176 KB   164/228 KB   68/359 KB   168/219 KB   205/423 KB   4/176 KB   164/228 KB   72/359 KB   168/219 KB   205/423 KB   4/176 KB   164/228 KB   76/359 KB   168/219 KB   205/423 KB   4/176 KB   164/228 KB   80/359 KB   168/219 KB   209/423 KB   4/176 KB   164/228 KB   80/359 KB   168/219 KB   213/423 KB   4/176 KB   164/228 KB   80/359 KB   168/219 KB   217/423 KB   4/176 KB   164/228 KB   80/359 KB   168/219 KB   221/423 KB   4/176 KB   164/228 KB   80/359 KB   168/219 KB   221/423 KB   4/176 KB   164/228 KB   84/359 KB   168/219 KB   221/423 KB   4/176 KB   164/228 KB   88/359 KB   168/219 KB   189/423 KB   4/176 KB   164/228 KB   52/359 KB   168/219 KB   189/423 KB   4/176 KB   160/228 KB   52/359 KB   168/219 KB   221/423 KB   8/176 KB   164/228 KB   88/359 KB   168/219 KB   221/423 KB   11/176 KB   164/228 KB   88/359 KB   168/219 KB   225/423 KB   11/176 KB   164/228 KB   88/359 KB   168/219 KB   229/423 KB   11/176 KB   164/228 KB   88/359 KB   168/219 KB   233/423 KB   11/176 KB   164/228 KB   88/359 KB   168/219 KB   237/423 KB   11/176 KB   164/228 KB   88/359 KB   168/219 KB   237/423 KB   15/176 KB   164/228 KB   88/359 KB   168/219 KB   237/423 KB   19/176 KB   164/228 KB   88/359 KB   168/219 KB   237/423 KB   23/176 KB   164/228 KB   88/359 KB   168/219 KB   237/423 KB   27/176 KB   164/228 KB   88/359 KB   168/219 KB   241/423 KB   27/176 KB   164/228 KB   88/359 KB   168/219 KB   245/423 KB   27/176 KB   164/228 KB   88/359 KB   168/219 KB   249/423 KB   27/176 KB   164/228 KB   88/359 KB   168/219 KB   253/423 KB   27/176 KB   164/228 KB   88/359 KB   168/219 KB   253/423 KB   31/176 KB   164/228 KB   88/359 KB   168/219 KB   189/423 KB   160/228 KB   52/359 KB   168/219 KB   253/423 KB   31/176 KB   168/228 KB   88/359 KB   172/219 KB   253/423 KB   31/176 KB   168/228 KB   88/359 KB   176/219 KB   257/423 KB   31/176 KB   168/228 KB   88/359 KB   176/219 KB   261/423 KB   31/176 KB   168/228 KB   88/359 KB   176/219 KB   265/423 KB   31/176 KB   168/228 KB   88/359 KB   176/219 KB   269/423 KB   31/176 KB   168/228 KB   88/359 KB   176/219 KB   269/423 KB   31/176 KB   168/228 KB   88/359 KB   180/219 KB   269/423 KB   31/176 KB   168/228 KB   88/359 KB   184/219 KB   269/423 KB   31/176 KB   168/228 KB   88/359 KB   188/219 KB   269/423 KB   31/176 KB   168/228 KB   88/359 KB   192/219 KB   273/423 KB   31/176 KB   168/228 KB   88/359 KB   192/219 KB   277/423 KB   31/176 KB   168/228 KB   88/359 KB   192/219 KB   281/423 KB   31/176 KB   168/228 KB   88/359 KB   192/219 KB   285/423 KB   31/176 KB   168/228 KB   88/359 KB   192/219 KB   253/423 KB   31/176 KB   168/228 KB   88/359 KB   168/219 KB   285/423 KB   31/176 KB   172/228 KB   88/359 KB   192/219 KB   285/423 KB   31/176 KB   176/228 KB   88/359 KB   192/219 KB   289/423 KB   31/176 KB   176/228 KB   88/359 KB   192/219 KB   293/423 KB   31/176 KB   176/228 KB   88/359 KB   192/219 KB   297/423 KB   31/176 KB   176/228 KB   88/359 KB   192/219 KB   297/423 KB   35/176 KB   180/228 KB   88/359 KB   192/219 KB   301/423 KB   35/176 KB   180/228 KB   88/359 KB   192/219 KB   301/423 KB   39/176 KB   180/228 KB   88/359 KB   196/219 KB   301/423 KB   39/176 KB   180/228 KB   92/359 KB   200/219 KB   297/423 KB   31/176 KB   180/228 KB   88/359 KB   192/219 KB   301/423 KB   39/176 KB   180/228 KB   92/359 KB   204/219 KB   301/423 KB   39/176 KB   180/228 KB   92/359 KB   208/219 KB   301/423 KB   39/176 KB   184/228 KB   92/359 KB   208/219 KB   301/423 KB   39/176 KB   188/228 KB   92/359 KB   208/219 KB   301/423 KB   39/176 KB   192/228 KB   92/359 KB   208/219 KB   301/423 KB   39/176 KB   192/228 KB   92/359 KB   212/219 KB   301/423 KB   39/176 KB   192/228 KB   92/359 KB   216/219 KB   301/423 KB   39/176 KB   180/228 KB   92/359 KB   196/219 KB   301/423 KB   39/176 KB   192/228 KB   96/359 KB   216/219 KB   305/423 KB   39/176 KB   192/228 KB   96/359 KB   216/219 KB   301/423 KB   39/176 KB   180/228 KB   88/359 KB   192/219 KB   305/423 KB   43/176 KB   196/228 KB   100/359 KB   219/219 KB   309/423 KB   43/176 KB   196/228 KB   100/359 KB   219/219 KB   313/423 KB   43/176 KB   196/228 KB   100/359 KB   219/219 KB   317/423 KB   43/176 KB   196/228 KB   100/359 KB   219/219 KB   317/423 KB   47/176 KB   196/228 KB   100/359 KB   219/219 KB   305/423 KB   39/176 KB   196/228 KB   100/359 KB   219/219 KB   305/423 KB   39/176 KB   192/228 KB   100/359 KB   219/219 KB   317/423 KB   51/176 KB   200/228 KB   100/359 KB   219/219 KB   317/423 KB   51/176 KB   204/228 KB   100/359 KB   219/219 KB   317/423 KB   51/176 KB   208/228 KB   100/359 KB   219/219 KB   305/423 KB   39/176 KB   192/228 KB   100/359 KB   216/219 KB   317/423 KB   51/176 KB   208/228 KB   104/359 KB   219/219 KB   317/423 KB   51/176 KB   208/228 KB   108/359 KB   219/219 KB   317/423 KB   51/176 KB   208/228 KB   112/359 KB   219/219 KB   317/423 KB   51/176 KB   196/228 KB   100/359 KB   219/219 KB   317/423 KB   55/176 KB   208/228 KB   112/359 KB   219/219 KB   317/423 KB   59/176 KB   208/228 KB   112/359 KB   219/219 KB   317/423 KB   63/176 KB   208/228 KB   112/359 KB   219/219 KB   317/423 KB   63/176 KB   212/228 KB   112/359 KB   219/219 KB   321/423 KB   63/176 KB   216/228 KB   112/359 KB   219/219 KB   321/423 KB   63/176 KB   220/228 KB   112/359 KB   219/219 KB   321/423 KB   63/176 KB   224/228 KB   112/359 KB   219/219 KB   321/423 KB   67/176 KB   224/228 KB   112/359 KB   219/219 KB   321/423 KB   63/176 KB   212/228 KB   112/359 KB   219/219 KB   321/423 KB   71/176 KB   228/228 KB   116/359 KB                321/423 KB   75/176 KB   228/228 KB   116/359 KB   325/423 KB   75/176 KB   228/228 KB   116/359 KB                                                                   329/423 KB   79/176 KB   228/228 KB   116/359 KB   321/423 KB   67/176 KB   228/228 KB   116/359 KB   219/219 KB   329/423 KB   79/176 KB   228/228 KB   120/359 KB   321/423 KB   67/176 KB   228/228 KB   112/359 KB   219/219 KB   333/423 KB   79/176 KB   228/228 KB   124/359 KB   333/423 KB   79/176 KB   228/228 KB   120/359 KB   Downloaded: https://repo.maven.apache.org/maven2/org/apache/httpcomponents/httpcore/4.2.2/httpcore-4.2.2.jar (219 KB at 355.6 KB/sec)
Downloading: https://repo.maven.apache.org/maven2/org/codehaus/plexus/plexus-archiver/2.9/plexus-archiver-2.9.jar
325/423 KB   79/176 KB   228/228 KB   116/359 KB   337/423 KB   79/176 KB   228/228 KB   128/359 KB   341/423 KB   83/176 KB   228/228 KB   128/359 KB   345/423 KB   83/176 KB   228/228 KB   128/359 KB   333/423 KB   79/176 KB   228/228 KB   128/359 KB   349/423 KB   83/176 KB   228/228 KB   128/359 KB   337/423 KB   83/176 KB   228/228 KB   128/359 KB   349/423 KB   87/176 KB   228/228 KB   128/359 KB   353/423 KB   87/176 KB   128/359 KB   4/142 KB                                                        Downloaded: https://repo.maven.apache.org/maven2/commons-codec/commons-codec/1.6/commons-codec-1.6.jar (228 KB at 362.5 KB/sec)
Downloading: https://repo.maven.apache.org/maven2/org/codehaus/plexus/plexus-io/2.4/plexus-io-2.4.jar
353/423 KB   91/176 KB   128/359 KB   8/142 KB   353/423 KB   91/176 KB   128/359 KB   12/142 KB   353/423 KB   91/176 KB   128/359 KB   16/142 KB   353/423 KB   91/176 KB   132/359 KB   16/142 KB   353/423 KB   91/176 KB   136/359 KB   16/142 KB   353/423 KB   91/176 KB   140/359 KB   16/142 KB   353/423 KB   91/176 KB   144/359 KB   16/142 KB   353/423 KB   91/176 KB   148/359 KB   16/142 KB   353/423 KB   91/176 KB   152/359 KB   16/142 KB   353/423 KB   91/176 KB   156/359 KB   16/142 KB   353/423 KB   91/176 KB   160/359 KB   16/142 KB   353/423 KB   87/176 KB   228/228 KB   128/359 KB   357/423 KB   91/176 KB   164/359 KB   16/142 KB   4/80 KB   361/423 KB   91/176 KB   164/359 KB   16/142 KB   4/80 KB   365/423 KB   91/176 KB   164/359 KB   16/142 KB   4/80 KB   365/423 KB   91/176 KB   164/359 KB   20/142 KB   4/80 KB   365/423 KB   91/176 KB   164/359 KB   24/142 KB   4/80 KB   365/423 KB   91/176 KB   164/359 KB   28/142 KB   4/80 KB   365/423 KB   91/176 KB   164/359 KB   32/142 KB   4/80 KB   369/423 KB   91/176 KB   164/359 KB   32/142 KB   4/80 KB   353/423 KB   91/176 KB   164/359 KB   16/142 KB   4/80 KB   353/423 KB   91/176 KB   160/359 KB   16/142 KB   4/80 KB   353/423 KB   91/176 KB   128/359 KB   4/142 KB   373/423 KB   91/176 KB   164/359 KB   32/142 KB   8/80 KB   373/423 KB   95/176 KB   164/359 KB   32/142 KB   8/80 KB   373/423 KB   95/176 KB   164/359 KB   32/142 KB   12/80 KB   373/423 KB   95/176 KB   164/359 KB   32/142 KB   16/80 KB   373/423 KB   99/176 KB   164/359 KB   32/142 KB   16/80 KB   373/423 KB   91/176 KB   164/359 KB   32/142 KB   4/80 KB   377/423 KB   99/176 KB   164/359 KB   32/142 KB   20/80 KB   381/423 KB   103/176 KB   164/359 KB   32/142 KB   20/80 KB   381/423 KB   103/176 KB   168/359 KB   32/142 KB   20/80 KB   381/423 KB   103/176 KB   172/359 KB   32/142 KB   20/80 KB   381/423 KB   103/176 KB   176/359 KB   32/142 KB   20/80 KB   385/423 KB   103/176 KB   176/359 KB   32/142 KB   20/80 KB   373/423 KB   99/176 KB   164/359 KB   32/142 KB   20/80 KB   377/423 KB   103/176 KB   164/359 KB   32/142 KB   20/80 KB   385/423 KB   103/176 KB   176/359 KB   32/142 KB   24/80 KB   385/423 KB   107/176 KB   176/359 KB   32/142 KB   24/80 KB   389/423 KB   107/176 KB   176/359 KB   32/142 KB   28/80 KB   385/423 KB   107/176 KB   176/359 KB   32/142 KB   28/80 KB   389/423 KB   111/176 KB   176/359 KB   32/142 KB   28/80 KB   389/423 KB   111/176 KB   176/359 KB   32/142 KB   32/80 KB   389/423 KB   111/176 KB   176/359 KB   32/142 KB   36/80 KB   389/423 KB   115/176 KB   176/359 KB   32/142 KB   36/80 KB   393/423 KB   115/176 KB   176/359 KB   32/142 KB   40/80 KB   393/423 KB   119/176 KB   176/359 KB   32/142 KB   40/80 KB   389/423 KB   115/176 KB   176/359 KB   32/142 KB   40/80 KB   397/423 KB   123/176 KB   176/359 KB   32/142 KB   44/80 KB   397/423 KB   123/176 KB   176/359 KB   32/142 KB   48/80 KB   397/423 KB   123/176 KB   180/359 KB   32/142 KB   48/80 KB   397/423 KB   123/176 KB   176/359 KB   32/142 KB   40/80 KB   397/423 KB   127/176 KB   180/359 KB   32/142 KB   48/80 KB   397/423 KB   127/176 KB   180/359 KB   32/142 KB   52/80 KB   397/423 KB   119/176 KB   176/359 KB   32/142 KB   40/80 KB   397/423 KB   131/176 KB   180/359 KB   32/142 KB   56/80 KB   397/423 KB   135/176 KB   184/359 KB   32/142 KB   56/80 KB   397/423 KB   139/176 KB   184/359 KB   32/142 KB   56/80 KB   397/423 KB   143/176 KB   184/359 KB   32/142 KB   56/80 KB   401/423 KB   143/176 KB   184/359 KB   32/142 KB   56/80 KB   405/423 KB   143/176 KB   184/359 KB   32/142 KB   56/80 KB   409/423 KB   143/176 KB   184/359 KB   32/142 KB   56/80 KB   413/423 KB   143/176 KB   184/359 KB   32/142 KB   56/80 KB   413/423 KB   143/176 KB   184/359 KB   36/142 KB   56/80 KB   413/423 KB   143/176 KB   184/359 KB   40/142 KB   56/80 KB   413/423 KB   143/176 KB   184/359 KB   44/142 KB   56/80 KB   413/423 KB   143/176 KB   184/359 KB   48/142 KB   56/80 KB   417/423 KB   143/176 KB   184/359 KB   48/142 KB   56/80 KB   421/423 KB   143/176 KB   184/359 KB   48/142 KB   56/80 KB   423/423 KB   143/176 KB   184/359 KB   48/142 KB   56/80 KB   423/423 KB   143/176 KB   184/359 KB   52/142 KB   56/80 KB   397/423 KB   131/176 KB   184/359 KB   32/142 KB   56/80 KB   423/423 KB   147/176 KB   188/359 KB   52/142 KB   56/80 KB   423/423 KB   147/176 KB   192/359 KB   52/142 KB   56/80 KB                                                                 Downloaded: https://repo.maven.apache.org/maven2/org/apache/httpcomponents/httpclient/4.2.3/httpclient-4.2.3.jar (423 KB at 618.3 KB/sec)
Downloading: https://repo.maven.apache.org/maven2/org/apache/commons/commons-compress/1.9/commons-compress-1.9.jar
147/176 KB   196/359 KB   52/142 KB   56/80 KB                147/176 KB   200/359 KB   52/142 KB   56/80 KB   147/176 KB   204/359 KB   52/142 KB   56/80 KB   147/176 KB   208/359 KB   52/142 KB   56/80 KB   147/176 KB   212/359 KB   52/142 KB   56/80 KB   423/423 KB   147/176 KB   184/359 KB   52/142 KB   56/80 KB   401/423 KB   143/176 KB   184/359 KB   32/142 KB   56/80 KB   151/176 KB   212/359 KB   56/142 KB   56/80 KB   151/176 KB   212/359 KB   56/142 KB   60/80 KB   155/176 KB   216/359 KB   56/142 KB   60/80 KB   155/176 KB   216/359 KB   56/142 KB   61/80 KB   155/176 KB   220/359 KB   56/142 KB   61/80 KB   155/176 KB   224/359 KB   56/142 KB   61/80 KB   155/176 KB   224/359 KB   56/142 KB   64/80 KB   155/176 KB   228/359 KB   56/142 KB   64/80 KB   147/176 KB   212/359 KB   56/142 KB   56/80 KB   155/176 KB   228/359 KB   60/142 KB   64/80 KB   155/176 KB   228/359 KB   64/142 KB   64/80 KB   155/176 KB   228/359 KB   64/142 KB   68/80 KB   155/176 KB   228/359 KB   64/142 KB   72/80 KB   155/176 KB   228/359 KB   64/142 KB   76/80 KB   155/176 KB   228/359 KB   64/142 KB   80/80 KB   155/176 KB   228/359 KB   68/142 KB   80/80 KB   155/176 KB   212/359 KB   56/142 KB   60/80 KB   159/176 KB   228/359 KB   68/142 KB   80/80 KB   159/176 KB   228/359 KB   68/142 KB   80/80 KB   4/370 KB   159/176 KB   228/359 KB   68/142 KB   80/80 KB   8/370 KB   159/176 KB   228/359 KB   68/142 KB   80/80 KB   12/370 KB   159/176 KB   228/359 KB   68/142 KB   80/80 KB   16/370 KB   163/176 KB   228/359 KB   68/142 KB   80/80 KB   16/370 KB   167/176 KB   228/359 KB   68/142 KB   80/80 KB   16/370 KB   171/176 KB   228/359 KB   68/142 KB   80/80 KB   16/370 KB   175/176 KB   228/359 KB   68/142 KB   80/80 KB   16/370 KB   176/176 KB   228/359 KB   68/142 KB   80/80 KB   16/370 KB   176/176 KB   228/359 KB   68/142 KB   80/80 KB   20/370 KB   176/176 KB   228/359 KB   68/142 KB   80/80 KB   24/370 KB   176/176 KB   228/359 KB   68/142 KB   80/80 KB   28/370 KB   176/176 KB   228/359 KB   68/142 KB   80/80 KB   32/370 KB   176/176 KB   228/359 KB   72/142 KB   80/80 KB   32/370 KB   176/176 KB   228/359 KB   76/142 KB   80/80 KB   32/370 KB   176/176 KB   228/359 KB   80/142 KB   80/80 KB   32/370 KB   176/176 KB   228/359 KB   80/142 KB   80/80 KB   36/370 KB   176/176 KB   228/359 KB   80/142 KB   80/80 KB   40/370 KB   176/176 KB   228/359 KB   80/142 KB   80/80 KB   44/370 KB   176/176 KB   228/359 KB   80/142 KB   80/80 KB   48/370 KB   176/176 KB   232/359 KB   80/142 KB   80/80 KB   48/370 KB   176/176 KB   236/359 KB   80/142 KB   80/80 KB   48/370 KB   176/176 KB   240/359 KB   80/142 KB   80/80 KB   48/370 KB                                                                Downloaded: https://repo.maven.apache.org/maven2/com/thoughtworks/qdox/qdox/1.12.1/qdox-1.12.1.jar (176 KB at 245.6 KB/sec)
                                                             Downloaded: https://repo.maven.apache.org/maven2/org/codehaus/plexus/plexus-io/2.4/plexus-io-2.4.jar (80 KB at 110.5 KB/sec)
240/359 KB   80/142 KB   52/370 KB                           240/359 KB   80/142 KB   56/370 KB   240/359 KB   80/142 KB   60/370 KB   240/359 KB   80/142 KB   63/370 KB   240/359 KB   84/142 KB   63/370 KB   240/359 KB   84/142 KB   64/370 KB   240/359 KB   88/142 KB   64/370 KB   240/359 KB   92/142 KB   64/370 KB   240/359 KB   96/142 KB   64/370 KB   240/359 KB   96/142 KB   68/370 KB   240/359 KB   96/142 KB   72/370 KB   240/359 KB   96/142 KB   76/370 KB   240/359 KB   96/142 KB   80/370 KB   244/359 KB   96/142 KB   80/370 KB   248/359 KB   96/142 KB   80/370 KB   252/359 KB   96/142 KB   80/370 KB   256/359 KB   96/142 KB   80/370 KB   256/359 KB   96/142 KB   84/370 KB   260/359 KB   100/142 KB   88/370 KB   260/359 KB   100/142 KB   92/370 KB   260/359 KB   100/142 KB   96/370 KB   260/359 KB   100/142 KB   100/370 KB   260/359 KB   100/142 KB   84/370 KB   264/359 KB   100/142 KB   100/370 KB   268/359 KB   100/142 KB   100/370 KB   272/359 KB   100/142 KB   100/370 KB   276/359 KB   100/142 KB   100/370 KB   256/359 KB   100/142 KB   84/370 KB   276/359 KB   104/142 KB   100/370 KB   276/359 KB   108/142 KB   100/370 KB   276/359 KB   112/142 KB   100/370 KB   276/359 KB   116/142 KB   100/370 KB   276/359 KB   120/142 KB   100/370 KB   276/359 KB   124/142 KB   100/370 KB   276/359 KB   128/142 KB   100/370 KB   280/359 KB   128/142 KB   100/370 KB   284/359 KB   128/142 KB   100/370 KB   288/359 KB   128/142 KB   100/370 KB   288/359 KB   132/142 KB   100/370 KB   288/359 KB   136/142 KB   104/370 KB   288/359 KB   140/142 KB   104/370 KB   288/359 KB   142/142 KB   104/370 KB   288/359 KB   132/142 KB   104/370 KB   288/359 KB   142/142 KB   108/370 KB   288/359 KB   142/142 KB   112/370 KB   292/359 KB   142/142 KB   112/370 KB   296/359 KB   142/142 KB   112/370 KB   300/359 KB   142/142 KB   112/370 KB   300/359 KB   142/142 KB   116/370 KB   300/359 KB   142/142 KB   120/370 KB   304/359 KB   142/142 KB   120/370 KB   304/359 KB   142/142 KB   124/370 KB   304/359 KB   142/142 KB   128/370 KB   308/359 KB   142/142 KB   128/370 KB   312/359 KB   142/142 KB   132/370 KB   316/359 KB   142/142 KB   132/370 KB   320/359 KB   142/142 KB   132/370 KB   308/359 KB   142/142 KB   132/370 KB   324/359 KB   132/370 KB                328/359 KB   132/370 KB   332/359 KB   136/370 KB   336/359 KB   136/370 KB   340/359 KB   136/370 KB                                          328/359 KB   136/370 KB   Downloaded: https://repo.maven.apache.org/maven2/org/codehaus/plexus/plexus-archiver/2.9/plexus-archiver-2.9.jar (142 KB at 180.4 KB/sec)
340/359 KB   140/370 KB   344/359 KB   140/370 KB   348/359 KB   140/370 KB   348/359 KB   144/370 KB   352/359 KB   144/370 KB   356/359 KB   144/370 KB   359/359 KB   144/370 KB   359/359 KB   148/370 KB   359/359 KB   152/370 KB   359/359 KB   156/370 KB   359/359 KB   160/370 KB                             Downloaded: https://repo.maven.apache.org/maven2/log4j/log4j/1.2.14/log4j-1.2.14.jar (359 KB at 449.7 KB/sec)
164/370 KB                168/370 KB   172/370 KB   176/370 KB   180/370 KB   184/370 KB   188/370 KB   192/370 KB   196/370 KB   200/370 KB   204/370 KB   208/370 KB   212/370 KB   216/370 KB   220/370 KB   224/370 KB   228/370 KB   232/370 KB   236/370 KB   240/370 KB   244/370 KB   248/370 KB   252/370 KB   256/370 KB   260/370 KB   264/370 KB   268/370 KB   272/370 KB   276/370 KB   280/370 KB   284/370 KB   288/370 KB   292/370 KB   296/370 KB   300/370 KB   304/370 KB   308/370 KB   312/370 KB   316/370 KB   320/370 KB   324/370 KB   328/370 KB   332/370 KB   336/370 KB   340/370 KB   344/370 KB   348/370 KB   352/370 KB   356/370 KB   360/370 KB   364/370 KB   368/370 KB   370/370 KB                Downloaded: https://repo.maven.apache.org/maven2/org/apache/commons/commons-compress/1.9/commons-compress-1.9.jar (370 KB at 429.0 KB/sec)
[INFO] Not executing Javadoc as the project is not a Java classpath-capable package
[INFO] 
[INFO] --- maven-enforcer-plugin:1.0:enforce (enforce-maven) @ parent ---
[INFO] 
[INFO] --- animal-sniffer-maven-plugin:1.14:check (default) @ parent ---
[INFO] Checking unresolved references to org.codehaus.mojo.signature:java16:1.1
[INFO] 
[INFO] --- maven-checkstyle-plugin:2.15:checkstyle (default) @ parent ---
[INFO] 
[INFO] --- maven-install-plugin:2.4:install (default-install) @ parent ---
[INFO] Installing /home/travis/build/square/retrofit/pom.xml to /home/travis/.m2/repository/com/squareup/retrofit/parent/2.0.0-SNAPSHOT/parent-2.0.0-SNAPSHOT.pom
[INFO] 
[INFO] --- maven-deploy-plugin:2.7:deploy (default-deploy) @ parent ---
Downloading: https://oss.sonatype.org/content/repositories/snapshots/com/squareup/retrofit/parent/2.0.0-SNAPSHOT/maven-metadata.xml
608/608 B                Downloaded: https://oss.sonatype.org/content/repositories/snapshots/com/squareup/retrofit/parent/2.0.0-SNAPSHOT/maven-metadata.xml (608 B at 5.7 KB/sec)
Uploading: https://oss.sonatype.org/content/repositories/snapshots/com/squareup/retrofit/parent/2.0.0-SNAPSHOT/parent-2.0.0-20151024.044218-131.pom
2/8 KB      4/8 KB   6/8 KB   8/8 KB            Uploaded: https://oss.sonatype.org/content/repositories/snapshots/com/squareup/retrofit/parent/2.0.0-SNAPSHOT/parent-2.0.0-20151024.044218-131.pom (8 KB at 52.2 KB/sec)
Downloading: https://oss.sonatype.org/content/repositories/snapshots/com/squareup/retrofit/parent/maven-metadata.xml
427/427 B               Downloaded: https://oss.sonatype.org/content/repositories/snapshots/com/squareup/retrofit/parent/maven-metadata.xml (427 B at 8.5 KB/sec)
Uploading: https://oss.sonatype.org/content/repositories/snapshots/com/squareup/retrofit/parent/2.0.0-SNAPSHOT/maven-metadata.xml
608/608 B               Uploaded: https://oss.sonatype.org/content/repositories/snapshots/com/squareup/retrofit/parent/2.0.0-SNAPSHOT/maven-metadata.xml (608 B at 3.9 KB/sec)
Uploading: https://oss.sonatype.org/content/repositories/snapshots/com/squareup/retrofit/parent/maven-metadata.xml
427/427 B               Uploaded: https://oss.sonatype.org/content/repositories/snapshots/com/squareup/retrofit/parent/maven-metadata.xml (427 B at 3.3 KB/sec)
[INFO]                                                                         
[INFO] ------------------------------------------------------------------------
[INFO] Building Retrofit 2.0.0-SNAPSHOT
[INFO] ------------------------------------------------------------------------
[INFO] 
[INFO] --- maven-clean-plugin:2.5:clean (default-clean) @ retrofit ---
[INFO] Deleting /home/travis/build/square/retrofit/retrofit/target
[INFO] 
[INFO] >>> maven-source-plugin:2.4:jar (default-cli) > generate-sources @ retrofit >>>
[INFO] 
[INFO] --- maven-enforcer-plugin:1.0:enforce (enforce-maven) @ retrofit ---
[INFO] 
[INFO] <<< maven-source-plugin:2.4:jar (default-cli) < generate-sources @ retrofit <<<
[INFO] 
[INFO] --- maven-source-plugin:2.4:jar (default-cli) @ retrofit ---
[INFO] Building jar: /home/travis/build/square/retrofit/retrofit/target/retrofit-2.0.0-SNAPSHOT-sources.jar
[INFO] 
[INFO] --- maven-javadoc-plugin:2.10.3:jar (default-cli) @ retrofit ---
[INFO] 
Loading source files for package retrofit...
Loading source files for package retrofit.http...
Constructing Javadoc information...
Standard Doclet version 1.8.0_31
Building tree for all the packages and classes...
Generating /home/travis/build/square/retrofit/retrofit/target/apidocs/retrofit/BaseUrl.html...
Generating /home/travis/build/square/retrofit/retrofit/target/apidocs/retrofit/Call.html...
Generating /home/travis/build/square/retrofit/retrofit/target/apidocs/retrofit/CallAdapter.html...
Generating /home/travis/build/square/retrofit/retrofit/target/apidocs/retrofit/CallAdapter.Factory.html...
Generating /home/travis/build/square/retrofit/retrofit/target/apidocs/retrofit/Callback.html...
Generating /home/travis/build/square/retrofit/retrofit/target/apidocs/retrofit/Converter.html...
Generating /home/travis/build/square/retrofit/retrofit/target/apidocs/retrofit/Converter.Factory.html...
Generating /home/travis/build/square/retrofit/retrofit/target/apidocs/retrofit/Response.html...
Generating /home/travis/build/square/retrofit/retrofit/target/apidocs/retrofit/Retrofit.html...
Generating /home/travis/build/square/retrofit/retrofit/target/apidocs/retrofit/Retrofit.Builder.html...
Generating /home/travis/build/square/retrofit/retrofit/target/apidocs/retrofit/http/Body.html...
Generating /home/travis/build/square/retrofit/retrofit/target/apidocs/retrofit/http/DELETE.html...
Generating /home/travis/build/square/retrofit/retrofit/target/apidocs/retrofit/http/Field.html...
Generating /home/travis/build/square/retrofit/retrofit/target/apidocs/retrofit/http/FieldMap.html...
Generating /home/travis/build/square/retrofit/retrofit/target/apidocs/retrofit/http/FormUrlEncoded.html...
Generating /home/travis/build/square/retrofit/retrofit/target/apidocs/retrofit/http/GET.html...
Generating /home/travis/build/square/retrofit/retrofit/target/apidocs/retrofit/http/HEAD.html...
Generating /home/travis/build/square/retrofit/retrofit/target/apidocs/retrofit/http/Header.html...
Generating /home/travis/build/square/retrofit/retrofit/target/apidocs/retrofit/http/Headers.html...
Generating /home/travis/build/square/retrofit/retrofit/target/apidocs/retrofit/http/HTTP.html...
Generating /home/travis/build/square/retrofit/retrofit/target/apidocs/retrofit/http/Multipart.html...
Generating /home/travis/build/square/retrofit/retrofit/target/apidocs/retrofit/http/Part.html...
Generating /home/travis/build/square/retrofit/retrofit/target/apidocs/retrofit/http/PartMap.html...
Generating /home/travis/build/square/retrofit/retrofit/target/apidocs/retrofit/http/PATCH.html...
Generating /home/travis/build/square/retrofit/retrofit/target/apidocs/retrofit/http/Path.html...
Generating /home/travis/build/square/retrofit/retrofit/target/apidocs/retrofit/http/POST.html...
Generating /home/travis/build/square/retrofit/retrofit/target/apidocs/retrofit/http/PUT.html...
Generating /home/travis/build/square/retrofit/retrofit/target/apidocs/retrofit/http/Query.html...
Generating /home/travis/build/square/retrofit/retrofit/target/apidocs/retrofit/http/QueryMap.html...
Generating /home/travis/build/square/retrofit/retrofit/target/apidocs/retrofit/http/Streaming.html...
Generating /home/travis/build/square/retrofit/retrofit/target/apidocs/retrofit/http/Url.html...
Generating /home/travis/build/square/retrofit/retrofit/target/apidocs/overview-frame.html...
Generating /home/travis/build/square/retrofit/retrofit/target/apidocs/retrofit/package-frame.html...
Generating /home/travis/build/square/retrofit/retrofit/target/apidocs/retrofit/package-summary.html...
Generating /home/travis/build/square/retrofit/retrofit/target/apidocs/retrofit/package-tree.html...
Generating /home/travis/build/square/retrofit/retrofit/target/apidocs/retrofit/http/package-frame.html...
Generating /home/travis/build/square/retrofit/retrofit/target/apidocs/retrofit/http/package-summary.html...
Generating /home/travis/build/square/retrofit/retrofit/target/apidocs/retrofit/http/package-tree.html...
Generating /home/travis/build/square/retrofit/retrofit/target/apidocs/constant-values.html...
Generating /home/travis/build/square/retrofit/retrofit/target/apidocs/retrofit/class-use/Retrofit.html...
Generating /home/travis/build/square/retrofit/retrofit/target/apidocs/retrofit/class-use/Retrofit.Builder.html...
Generating /home/travis/build/square/retrofit/retrofit/target/apidocs/retrofit/class-use/Response.html...
Generating /home/travis/build/square/retrofit/retrofit/target/apidocs/retrofit/class-use/Converter.html...
Generating /home/travis/build/square/retrofit/retrofit/target/apidocs/retrofit/class-use/Converter.Factory.html...
Generating /home/travis/build/square/retrofit/retrofit/target/apidocs/retrofit/class-use/Callback.html...
Generating /home/travis/build/square/retrofit/retrofit/target/apidocs/retrofit/class-use/CallAdapter.html...
Generating /home/travis/build/square/retrofit/retrofit/target/apidocs/retrofit/class-use/CallAdapter.Factory.html...
Generating /home/travis/build/square/retrofit/retrofit/target/apidocs/retrofit/class-use/Call.html...
Generating /home/travis/build/square/retrofit/retrofit/target/apidocs/retrofit/class-use/BaseUrl.html...
Generating /home/travis/build/square/retrofit/retrofit/target/apidocs/retrofit/http/class-use/Url.html...
Generating /home/travis/build/square/retrofit/retrofit/target/apidocs/retrofit/http/class-use/Streaming.html...
Generating /home/travis/build/square/retrofit/retrofit/target/apidocs/retrofit/http/class-use/QueryMap.html...
Generating /home/travis/build/square/retrofit/retrofit/target/apidocs/retrofit/http/class-use/Query.html...
Generating /home/travis/build/square/retrofit/retrofit/target/apidocs/retrofit/http/class-use/Path.html...
Generating /home/travis/build/square/retrofit/retrofit/target/apidocs/retrofit/http/class-use/PartMap.html...
Generating /home/travis/build/square/retrofit/retrofit/target/apidocs/retrofit/http/class-use/Part.html...
Generating /home/travis/build/square/retrofit/retrofit/target/apidocs/retrofit/http/class-use/PUT.html...
Generating /home/travis/build/square/retrofit/retrofit/target/apidocs/retrofit/http/class-use/POST.html...
Generating /home/travis/build/square/retrofit/retrofit/target/apidocs/retrofit/http/class-use/PATCH.html...
Generating /home/travis/build/square/retrofit/retrofit/target/apidocs/retrofit/http/class-use/Multipart.html...
Generating /home/travis/build/square/retrofit/retrofit/target/apidocs/retrofit/http/class-use/Headers.html...
Generating /home/travis/build/square/retrofit/retrofit/target/apidocs/retrofit/http/class-use/Header.html...
Generating /home/travis/build/square/retrofit/retrofit/target/apidocs/retrofit/http/class-use/HTTP.html...
Generating /home/travis/build/square/retrofit/retrofit/target/apidocs/retrofit/http/class-use/HEAD.html...
Generating /home/travis/build/square/retrofit/retrofit/target/apidocs/retrofit/http/class-use/GET.html...
Generating /home/travis/build/square/retrofit/retrofit/target/apidocs/retrofit/http/class-use/FormUrlEncoded.html...
Generating /home/travis/build/square/retrofit/retrofit/target/apidocs/retrofit/http/class-use/FieldMap.html...
Generating /home/travis/build/square/retrofit/retrofit/target/apidocs/retrofit/http/class-use/Field.html...
Generating /home/travis/build/square/retrofit/retrofit/target/apidocs/retrofit/http/class-use/DELETE.html...
Generating /home/travis/build/square/retrofit/retrofit/target/apidocs/retrofit/http/class-use/Body.html...
Generating /home/travis/build/square/retrofit/retrofit/target/apidocs/retrofit/package-use.html...
Generating /home/travis/build/square/retrofit/retrofit/target/apidocs/retrofit/http/package-use.html...
Building index for all the packages and classes...
Generating /home/travis/build/square/retrofit/retrofit/target/apidocs/overview-tree.html...
Generating /home/travis/build/square/retrofit/retrofit/target/apidocs/index-all.html...
Generating /home/travis/build/square/retrofit/retrofit/target/apidocs/deprecated-list.html...
Building index for all classes...
Generating /home/travis/build/square/retrofit/retrofit/target/apidocs/allclasses-frame.html...
Generating /home/travis/build/square/retrofit/retrofit/target/apidocs/allclasses-noframe.html...
Generating /home/travis/build/square/retrofit/retrofit/target/apidocs/index.html...
Generating /home/travis/build/square/retrofit/retrofit/target/apidocs/overview-summary.html...
Generating /home/travis/build/square/retrofit/retrofit/target/apidocs/help-doc.html...
2 errors
87 warnings
[INFO] ------------------------------------------------------------------------
[INFO] Reactor Summary:
[INFO] 
[INFO] Retrofit (Parent) .................................. SUCCESS [  6.539 s]
[INFO] Retrofit ........................................... FAILURE [  2.775 s]
[INFO] Adapters ........................................... SKIPPED
[INFO] Adapter: RxJava .................................... SKIPPED
[INFO] Retrofit Mock Adapter .............................. SKIPPED
[INFO] Adapter: RxJava Mock ............................... SKIPPED
[INFO] Converters ......................................... SKIPPED
[INFO] Converter: Gson .................................... SKIPPED
[INFO] Converter: Protocol Buffers ........................ SKIPPED
[INFO] Converter: Jackson ................................. SKIPPED
[INFO] Converter: Wire Protocol Buffers ................... SKIPPED
[INFO] Converter: SimpleXML ............................... SKIPPED
[INFO] Converter: Moshi ................................... SKIPPED
[INFO] Samples ............................................ SKIPPED
[INFO] ------------------------------------------------------------------------
[INFO] BUILD FAILURE
[INFO] ------------------------------------------------------------------------
[INFO] Total time: 11.865 s
[INFO] Finished at: 2015-10-24T04:42:21+00:00
[INFO] Final Memory: 27M/338M
[INFO] ------------------------------------------------------------------------
[ERROR] Failed to execute goal org.apache.maven.plugins:maven-javadoc-plugin:2.10.3:jar (default-cli) on project retrofit: MavenReportException: Error while generating Javadoc:
[ERROR] Exit code: 1 - /home/travis/build/square/retrofit/retrofit/src/main/java/retrofit/BaseUrl.java:13: warning: no @return
[ERROR] HttpUrl url();
[ERROR] ^
[ERROR] /home/travis/build/square/retrofit/retrofit/src/main/java/retrofit/CallAdapter.java:31: warning: no @return
[ERROR] Type responseType();
[ERROR] ^
[ERROR] /home/travis/build/square/retrofit/retrofit/src/main/java/retrofit/CallAdapter.java:34: warning: no @param for <R>
[ERROR] <R> T adapt(Call<R> call);
[ERROR] ^
[ERROR] /home/travis/build/square/retrofit/retrofit/src/main/java/retrofit/CallAdapter.java:34: warning: no @param for call
[ERROR] <R> T adapt(Call<R> call);
[ERROR] ^
[ERROR] /home/travis/build/square/retrofit/retrofit/src/main/java/retrofit/CallAdapter.java:34: warning: no @return
[ERROR] <R> T adapt(Call<R> call);
[ERROR] ^
[ERROR] /home/travis/build/square/retrofit/retrofit/src/main/java/retrofit/CallAdapter.java:41: warning: no @param for returnType
[ERROR] CallAdapter<?> get(Type returnType, Annotation[] annotations, Retrofit retrofit);
[ERROR] ^
[ERROR] /home/travis/build/square/retrofit/retrofit/src/main/java/retrofit/CallAdapter.java:41: warning: no @param for annotations
[ERROR] CallAdapter<?> get(Type returnType, Annotation[] annotations, Retrofit retrofit);
[ERROR] ^
[ERROR] /home/travis/build/square/retrofit/retrofit/src/main/java/retrofit/CallAdapter.java:41: warning: no @param for retrofit
[ERROR] CallAdapter<?> get(Type returnType, Annotation[] annotations, Retrofit retrofit);
[ERROR] ^
[ERROR] /home/travis/build/square/retrofit/retrofit/src/main/java/retrofit/CallAdapter.java:41: warning: no @return
[ERROR] CallAdapter<?> get(Type returnType, Annotation[] annotations, Retrofit retrofit);
[ERROR] ^
[ERROR] /home/travis/build/square/retrofit/retrofit/src/main/java/retrofit/Callback.java:33: warning: no @param for response
[ERROR] void onResponse(Response<T> response, Retrofit retrofit);
[ERROR] ^
[ERROR] /home/travis/build/square/retrofit/retrofit/src/main/java/retrofit/Callback.java:33: warning: no @param for retrofit
[ERROR] void onResponse(Response<T> response, Retrofit retrofit);
[ERROR] ^
[ERROR] /home/travis/build/square/retrofit/retrofit/src/main/java/retrofit/Callback.java:36: warning: no @param for t
[ERROR] void onFailure(Throwable t);
[ERROR] ^
[ERROR] /home/travis/build/square/retrofit/retrofit/src/main/java/retrofit/Converter.java:28: warning - Tag @link: can't find addConverterFactory(Factory) in retrofit.Retrofit.Builder
[ERROR] /home/travis/build/square/retrofit/retrofit/src/main/java/retrofit/Converter.java:36: warning: no @param for type
[ERROR] public Converter<ResponseBody, ?> fromResponseBody(Type type, Annotation[] annotations) {
[ERROR] ^
[ERROR] /home/travis/build/square/retrofit/retrofit/src/main/java/retrofit/Converter.java:36: warning: no @param for annotations
[ERROR] public Converter<ResponseBody, ?> fromResponseBody(Type type, Annotation[] annotations) {
[ERROR] ^
[ERROR] /home/travis/build/square/retrofit/retrofit/src/main/java/retrofit/Converter.java:36: warning: no @return
[ERROR] public Converter<ResponseBody, ?> fromResponseBody(Type type, Annotation[] annotations) {
[ERROR] ^
[ERROR] /home/travis/build/square/retrofit/retrofit/src/main/java/retrofit/Converter.java:44: warning: no @param for type
[ERROR] public Converter<?, RequestBody> toRequestBody(Type type, Annotation[] annotations) {
[ERROR] ^
[ERROR] /home/travis/build/square/retrofit/retrofit/src/main/java/retrofit/Converter.java:44: warning: no @param for annotations
[ERROR] public Converter<?, RequestBody> toRequestBody(Type type, Annotation[] annotations) {
[ERROR] ^
[ERROR] /home/travis/build/square/retrofit/retrofit/src/main/java/retrofit/Converter.java:44: warning: no @return
[ERROR] public Converter<?, RequestBody> toRequestBody(Type type, Annotation[] annotations) {
[ERROR] ^
[ERROR] /home/travis/build/square/retrofit/retrofit/src/main/java/retrofit/Response.java:32: warning: no @param for <T>
[ERROR] public static <T> Response<T> success(T body) {
[ERROR] ^
[ERROR] /home/travis/build/square/retrofit/retrofit/src/main/java/retrofit/Response.java:32: warning: no @param for body
[ERROR] public static <T> Response<T> success(T body) {
[ERROR] ^
[ERROR] /home/travis/build/square/retrofit/retrofit/src/main/java/retrofit/Response.java:32: warning: no @return
[ERROR] public static <T> Response<T> success(T body) {
[ERROR] ^
[ERROR] /home/travis/build/square/retrofit/retrofit/src/main/java/retrofit/Response.java:44: warning: no @param for <T>
[ERROR] public static <T> Response<T> success(T body, com.squareup.okhttp.Response rawResponse) {
[ERROR] ^
[ERROR] /home/travis/build/square/retrofit/retrofit/src/main/java/retrofit/Response.java:44: warning: no @param for body
[ERROR] public static <T> Response<T> success(T body, com.squareup.okhttp.Response rawResponse) {
[ERROR] ^
[ERROR] /home/travis/build/square/retrofit/retrofit/src/main/java/retrofit/Response.java:44: warning: no @param for rawResponse
[ERROR] public static <T> Response<T> success(T body, com.squareup.okhttp.Response rawResponse) {
[ERROR] ^
[ERROR] /home/travis/build/square/retrofit/retrofit/src/main/java/retrofit/Response.java:44: warning: no @return
[ERROR] public static <T> Response<T> success(T body, com.squareup.okhttp.Response rawResponse) {
[ERROR] ^
[ERROR] /home/travis/build/square/retrofit/retrofit/src/main/java/retrofit/Response.java:51: warning: no @param for <T>
[ERROR] public static <T> Response<T> error(int code, ResponseBody body) {
[ERROR] ^
[ERROR] /home/travis/build/square/retrofit/retrofit/src/main/java/retrofit/Response.java:51: warning: no @param for code
[ERROR] public static <T> Response<T> error(int code, ResponseBody body) {
[ERROR] ^
[ERROR] /home/travis/build/square/retrofit/retrofit/src/main/java/retrofit/Response.java:51: warning: no @param for body
[ERROR] public static <T> Response<T> error(int code, ResponseBody body) {
[ERROR] ^
[ERROR] /home/travis/build/square/retrofit/retrofit/src/main/java/retrofit/Response.java:51: warning: no @return
[ERROR] public static <T> Response<T> error(int code, ResponseBody body) {
[ERROR] ^
[ERROR] /home/travis/build/square/retrofit/retrofit/src/main/java/retrofit/Response.java:63: warning: no @param for <T>
[ERROR] public static <T> Response<T> error(ResponseBody body, com.squareup.okhttp.Response rawResponse) {
[ERROR] ^
[ERROR] /home/travis/build/square/retrofit/retrofit/src/main/java/retrofit/Response.java:63: warning: no @param for body
[ERROR] public static <T> Response<T> error(ResponseBody body, com.squareup.okhttp.Response rawResponse) {
[ERROR] ^
[ERROR] /home/travis/build/square/retrofit/retrofit/src/main/java/retrofit/Response.java:63: warning: no @param for rawResponse
[ERROR] public static <T> Response<T> error(ResponseBody body, com.squareup.okhttp.Response rawResponse) {
[ERROR] ^
[ERROR] /home/travis/build/square/retrofit/retrofit/src/main/java/retrofit/Response.java:63: warning: no @return
[ERROR] public static <T> Response<T> error(ResponseBody body, com.squareup.okhttp.Response rawResponse) {
[ERROR] ^
[ERROR] /home/travis/build/square/retrofit/retrofit/src/main/java/retrofit/Response.java:78: warning: no @return
[ERROR] public com.squareup.okhttp.Response raw() {
[ERROR] ^
[ERROR] /home/travis/build/square/retrofit/retrofit/src/main/java/retrofit/Response.java:83: warning: no @return
[ERROR] public int code() {
[ERROR] ^
[ERROR] /home/travis/build/square/retrofit/retrofit/src/main/java/retrofit/Response.java:88: warning: no @return
[ERROR] public String message() {
[ERROR] ^
[ERROR] /home/travis/build/square/retrofit/retrofit/src/main/java/retrofit/Response.java:97: warning: no @return
[ERROR] public boolean isSuccess() {
[ERROR] ^
[ERROR] /home/travis/build/square/retrofit/retrofit/src/main/java/retrofit/Response.java:102: warning: no @return
[ERROR] public T body() {
[ERROR] ^
[ERROR] /home/travis/build/square/retrofit/retrofit/src/main/java/retrofit/Response.java:107: warning: no @return
[ERROR] public ResponseBody errorBody() {
[ERROR] ^
[ERROR] /home/travis/build/square/retrofit/retrofit/src/main/java/retrofit/Retrofit.java:114: warning: no @param for <T>
[ERROR] public <T> T create(final Class<T> service) {
[ERROR] ^
[ERROR] /home/travis/build/square/retrofit/retrofit/src/main/java/retrofit/Retrofit.java:114: warning: no @param for service
[ERROR] public <T> T create(final Class<T> service) {
[ERROR] ^
[ERROR] /home/travis/build/square/retrofit/retrofit/src/main/java/retrofit/Retrofit.java:114: warning: no @return
[ERROR] public <T> T create(final Class<T> service) {
[ERROR] ^
[ERROR] /home/travis/build/square/retrofit/retrofit/src/main/java/retrofit/Retrofit.java:174: warning: no @param for returnType
[ERROR] public CallAdapter<?> callAdapter(Type returnType, Annotation[] annotations) {
[ERROR] ^
[ERROR] /home/travis/build/square/retrofit/retrofit/src/main/java/retrofit/Retrofit.java:174: warning: no @param for annotations
[ERROR] public CallAdapter<?> callAdapter(Type returnType, Annotation[] annotations) {
[ERROR] ^
[ERROR] /home/travis/build/square/retrofit/retrofit/src/main/java/retrofit/Retrofit.java:174: warning: no @return
[ERROR] public CallAdapter<?> callAdapter(Type returnType, Annotation[] annotations) {
[ERROR] ^
[ERROR] /home/travis/build/square/retrofit/retrofit/src/main/java/retrofit/Retrofit.java:182: warning: no @param for skipPast
[ERROR] public CallAdapter<?> nextCallAdapter(CallAdapter.Factory skipPast, Type returnType,
[ERROR] ^
[ERROR] /home/travis/build/square/retrofit/retrofit/src/main/java/retrofit/Retrofit.java:182: warning: no @param for returnType
[ERROR] public CallAdapter<?> nextCallAdapter(CallAdapter.Factory skipPast, Type returnType,
[ERROR] ^
[ERROR] /home/travis/build/square/retrofit/retrofit/src/main/java/retrofit/Retrofit.java:182: warning: no @param for annotations
[ERROR] public CallAdapter<?> nextCallAdapter(CallAdapter.Factory skipPast, Type returnType,
[ERROR] ^
[ERROR] /home/travis/build/square/retrofit/retrofit/src/main/java/retrofit/Retrofit.java:182: warning: no @return
[ERROR] public CallAdapter<?> nextCallAdapter(CallAdapter.Factory skipPast, Type returnType,
[ERROR] ^
[ERROR] /home/travis/build/square/retrofit/retrofit/src/main/java/retrofit/Retrofit.java:213: warning: no @return
[ERROR] public List<Converter.Factory> converterFactories() {
[ERROR] ^
[ERROR] /home/travis/build/square/retrofit/retrofit/src/main/java/retrofit/Retrofit.java:221: warning: no @param for <T>
[ERROR] public <T> Converter<T, RequestBody> requestConverter(Type type, Annotation[] annotations) {
[ERROR] ^
[ERROR] /home/travis/build/square/retrofit/retrofit/src/main/java/retrofit/Retrofit.java:221: warning: no @param for type
[ERROR] public <T> Converter<T, RequestBody> requestConverter(Type type, Annotation[] annotations) {
[ERROR] ^
[ERROR] /home/travis/build/square/retrofit/retrofit/src/main/java/retrofit/Retrofit.java:221: warning: no @param for annotations
[ERROR] public <T> Converter<T, RequestBody> requestConverter(Type type, Annotation[] annotations) {
[ERROR] ^
[ERROR] /home/travis/build/square/retrofit/retrofit/src/main/java/retrofit/Retrofit.java:221: warning: no @return
[ERROR] public <T> Converter<T, RequestBody> requestConverter(Type type, Annotation[] annotations) {
[ERROR] ^
[ERROR] /home/travis/build/square/retrofit/retrofit/src/main/java/retrofit/Retrofit.java:247: warning: no @param for <T>
[ERROR] public <T> Converter<ResponseBody, T> responseConverter(Type type, Annotation[] annotations) {
[ERROR] ^
[ERROR] /home/travis/build/square/retrofit/retrofit/src/main/java/retrofit/Retrofit.java:247: warning: no @param for type
[ERROR] public <T> Converter<ResponseBody, T> responseConverter(Type type, Annotation[] annotations) {
[ERROR] ^
[ERROR] /home/travis/build/square/retrofit/retrofit/src/main/java/retrofit/Retrofit.java:247: warning: no @param for annotations
[ERROR] public <T> Converter<ResponseBody, T> responseConverter(Type type, Annotation[] annotations) {
[ERROR] ^
[ERROR] /home/travis/build/square/retrofit/retrofit/src/main/java/retrofit/Retrofit.java:247: warning: no @return
[ERROR] public <T> Converter<ResponseBody, T> responseConverter(Type type, Annotation[] annotations) {
[ERROR] ^
[ERROR] /home/travis/build/square/retrofit/retrofit/src/main/java/retrofit/Retrofit.java:294: warning: no @param for client
[ERROR] public Builder client(OkHttpClient client) {
[ERROR] ^
[ERROR] /home/travis/build/square/retrofit/retrofit/src/main/java/retrofit/Retrofit.java:294: warning: no @return
[ERROR] public Builder client(OkHttpClient client) {
[ERROR] ^
[ERROR] /home/travis/build/square/retrofit/retrofit/src/main/java/retrofit/Retrofit.java:300: warning: no @param for baseUrl
[ERROR] public Builder baseUrl(String baseUrl) {
[ERROR] ^
[ERROR] /home/travis/build/square/retrofit/retrofit/src/main/java/retrofit/Retrofit.java:300: warning: no @return
[ERROR] public Builder baseUrl(String baseUrl) {
[ERROR] ^
[ERROR] /home/travis/build/square/retrofit/retrofit/src/main/java/retrofit/Retrofit.java:310: warning: no @param for baseUrl
[ERROR] public Builder baseUrl(final HttpUrl baseUrl) {
[ERROR] ^
[ERROR] /home/travis/build/square/retrofit/retrofit/src/main/java/retrofit/Retrofit.java:310: warning: no @return
[ERROR] public Builder baseUrl(final HttpUrl baseUrl) {
[ERROR] ^
[ERROR] /home/travis/build/square/retrofit/retrofit/src/main/java/retrofit/Retrofit.java:320: warning: no @param for baseUrl
[ERROR] public Builder baseUrl(BaseUrl baseUrl) {
[ERROR] ^
[ERROR] /home/travis/build/square/retrofit/retrofit/src/main/java/retrofit/Retrofit.java:320: warning: no @return
[ERROR] public Builder baseUrl(BaseUrl baseUrl) {
[ERROR] ^
[ERROR] /home/travis/build/square/retrofit/retrofit/src/main/java/retrofit/Retrofit.java:326: warning: no @param for converterFactory
[ERROR] public Builder addConverterFactory(Converter.Factory converterFactory) {
[ERROR] ^
[ERROR] /home/travis/build/square/retrofit/retrofit/src/main/java/retrofit/Retrofit.java:326: warning: no @return
[ERROR] public Builder addConverterFactory(Converter.Factory converterFactory) {
[ERROR] ^
[ERROR] /home/travis/build/square/retrofit/retrofit/src/main/java/retrofit/Retrofit.java:334: warning: no @param for factory
[ERROR] public Builder addCallAdapterFactory(CallAdapter.Factory factory) {
[ERROR] ^
[ERROR] /home/travis/build/square/retrofit/retrofit/src/main/java/retrofit/Retrofit.java:334: warning: no @return
[ERROR] public Builder addCallAdapterFactory(CallAdapter.Factory factory) {
[ERROR] ^
[ERROR] /home/travis/build/square/retrofit/retrofit/src/main/java/retrofit/Retrofit.java:343: warning: no @param for callbackExecutor
[ERROR] public Builder callbackExecutor(Executor callbackExecutor) {
[ERROR] ^
[ERROR] /home/travis/build/square/retrofit/retrofit/src/main/java/retrofit/Retrofit.java:343: warning: no @return
[ERROR] public Builder callbackExecutor(Executor callbackExecutor) {
[ERROR] ^
[ERROR] /home/travis/build/square/retrofit/retrofit/src/main/java/retrofit/Retrofit.java:352: warning: no @return
[ERROR] public Builder validateEagerly() {
[ERROR] ^
[ERROR] /home/travis/build/square/retrofit/retrofit/src/main/java/retrofit/Retrofit.java:358: warning: no @return
[ERROR] public Retrofit build() {
[ERROR] ^
[ERROR] /home/travis/build/square/retrofit/retrofit/src/main/java/retrofit/http/Field.java:61: warning: no @return
[ERROR] boolean encoded() default false;
[ERROR] ^
[ERROR] /home/travis/build/square/retrofit/retrofit/src/main/java/retrofit/http/FieldMap.java:48: warning: no @return
[ERROR] boolean encoded() default false;
[ERROR] ^
[ERROR] /home/travis/build/square/retrofit/retrofit/src/main/java/retrofit/http/Header.java:27: warning: empty <p> tag
[ERROR] * <p>
[ERROR] ^
[ERROR] /home/travis/build/square/retrofit/retrofit/src/main/java/retrofit/http/Headers.java:27: warning: empty <p> tag
[ERROR] * <p>
[ERROR] ^
[ERROR] /home/travis/build/square/retrofit/retrofit/src/main/java/retrofit/http/Part.java:38: warning: empty <p> tag
[ERROR] * <p>
[ERROR] ^
[ERROR] /home/travis/build/square/retrofit/retrofit/src/main/java/retrofit/http/Part.java:42: error: unknown tag: ResponseBody
[ERROR] * Call&lt;<ResponseBody> example(
[ERROR] ^
[ERROR] /home/travis/build/square/retrofit/retrofit/src/main/java/retrofit/http/Part.java:55: warning: no @return
[ERROR] String encoding() default "binary";
[ERROR] ^
[ERROR] /home/travis/build/square/retrofit/retrofit/src/main/java/retrofit/http/PartMap.java:36: warning: empty <p> tag
[ERROR] * <p>
[ERROR] ^
[ERROR] /home/travis/build/square/retrofit/retrofit/src/main/java/retrofit/http/PartMap.java:40: error: bad use of '>'
[ERROR] * Call&lt;ResponseBody> upload(
[ERROR] ^
[ERROR] /home/travis/build/square/retrofit/retrofit/src/main/java/retrofit/http/PartMap.java:53: warning: no @return
[ERROR] String encoding() default "binary";
[ERROR] ^
[ERROR] /home/travis/build/square/retrofit/retrofit/src/main/java/retrofit/http/Path.java:58: warning: no @return
[ERROR] boolean encoded() default false;
[ERROR] ^
[ERROR] /home/travis/build/square/retrofit/retrofit/src/main/java/retrofit/http/Query.java:69: warning: no @return
[ERROR] String value();
[ERROR] ^
[ERROR] /home/travis/build/square/retrofit/retrofit/src/main/java/retrofit/http/Query.java:74: warning: no @return
[ERROR] boolean encoded() default false;
[ERROR] ^
[ERROR] /home/travis/build/square/retrofit/retrofit/src/main/java/retrofit/http/QueryMap.java:56: warning: no @return
[ERROR] boolean encoded() default false;
[ERROR] ^
[ERROR] 
[ERROR] Command line was: /usr/lib/jvm/java-8-oracle/jre/../bin/javadoc @options @packages
[ERROR] 
[ERROR] Refer to the generated Javadoc files in '/home/travis/build/square/retrofit/retrofit/target/apidocs' dir.
[ERROR] -> [Help 1]
[ERROR] 
[ERROR] To see the full stack trace of the errors, re-run Maven with the -e switch.
[ERROR] Re-run Maven using the -X switch to enable full debug logging.
[ERROR] 
[ERROR] For more information about the errors and possible solutions, please read the following articles:
[ERROR] [Help 1] http://cwiki.apache.org/confluence/display/MAVEN/MojoExecutionException
[ERROR] 
[ERROR] After correcting the problems, you can resume the build with the command
[ERROR]   mvn <goals> -rf :retrofit
travis_time:end:128a34f6:start=1445661728527155690,finish=1445661742881682374,duration=14354526684[0Ktravis_fold:end:after_success[0K
Done. Your build exited with 0.
