Using worker: worker-linux-docker-a6ae015f.prod.travis-ci.org:travis-linux-7

travis_fold:start:system_info[0K[33;1mBuild system information[0m
Build language: java
[34m[1mBuild image provisioning date and time[0m
Thu Feb  5 15:09:33 UTC 2015
[34m[1mOperating System Details[0m
Distributor ID:	Ubuntu
Description:	Ubuntu 12.04.5 LTS
Release:	12.04
Codename:	precise
[34m[1mLinux Version[0m
3.13.0-29-generic
[34m[1mCookbooks Version[0m
a68419e https://github.com/travis-ci/travis-cookbooks/tree/a68419e
[34m[1mGCC version[0m
gcc (Ubuntu/Linaro 4.6.3-1ubuntu5) 4.6.3
Copyright (C) 2011 Free Software Foundation, Inc.
This is free software; see the source for copying conditions.  There is NO
warranty; not even for MERCHANTABILITY or FITNESS FOR A PARTICULAR PURPOSE.

[34m[1mLLVM version[0m
clang version 3.4 (tags/RELEASE_34/final)
Target: x86_64-unknown-linux-gnu
Thread model: posix
[34m[1mPre-installed Ruby versions[0m
ruby-1.9.3-p551
[34m[1mPre-installed Node.js versions[0m
v0.10.36
[34m[1mPre-installed Go versions[0m
1.4.1
[34m[1mRedis version[0m
redis-server 2.8.19
[34m[1mriak version[0m
2.0.2
[34m[1mMongoDB version[0m
MongoDB 2.4.12
[34m[1mCouchDB version[0m
couchdb 1.6.1
[34m[1mNeo4j version[0m
1.9.4
[34m[1mRabbitMQ Version[0m
3.4.3
[34m[1mElasticSearch version[0m
1.4.0
[34m[1mInstalled Sphinx versions[0m
2.0.10
2.1.9
2.2.6
[34m[1mDefault Sphinx version[0m
2.2.6
[34m[1mInstalled Firefox version[0m
firefox 31.0esr
[34m[1mPhantomJS version[0m
1.9.8
[34m[1mant -version[0m
Apache Ant(TM) version 1.8.2 compiled on December 3 2011
[34m[1mmvn -version[0m
Apache Maven 3.2.5 (12a6b3acb947671f09b81f49094c53f426d8cea1; 2014-12-14T17:29:23+00:00)
Maven home: /usr/local/maven
Java version: 1.7.0_76, vendor: Oracle Corporation
Java home: /usr/lib/jvm/java-7-oracle/jre
Default locale: en_US, platform encoding: ANSI_X3.4-1968
OS name: "linux", version: "3.13.0-29-generic", arch: "amd64", family: "unix"
travis_fold:end:system_info[0K
travis_fold:start:git.checkout[0Ktravis_time:start:08e4e620[0K$ git clone --depth=50 --branch=master https://github.com/square/retrofit.git square/retrofit
Cloning into 'square/retrofit'...
remote: Counting objects: 1589, done.[K
remote: Compressing objects:   0% (1/748)   [Kremote: Compressing objects:   1% (8/748)   [Kremote: Compressing objects:   2% (15/748)   [Kremote: Compressing objects:   3% (23/748)   [Kremote: Compressing objects:   4% (30/748)   [Kremote: Compressing objects:   5% (38/748)   [Kremote: Compressing objects:   6% (45/748)   [Kremote: Compressing objects:   7% (53/748)   [Kremote: Compressing objects:   8% (60/748)   [Kremote: Compressing objects:   9% (68/748)   [Kremote: Compressing objects:  10% (75/748)   [Kremote: Compressing objects:  11% (83/748)   [Kremote: Compressing objects:  12% (90/748)   [Kremote: Compressing objects:  13% (98/748)   [Kremote: Compressing objects:  14% (105/748)   [Kremote: Compressing objects:  15% (113/748)   [Kremote: Compressing objects:  16% (120/748)   [Kremote: Compressing objects:  17% (128/748)   [Kremote: Compressing objects:  18% (135/748)   [Kremote: Compressing objects:  19% (143/748)   [Kremote: Compressing objects:  20% (150/748)   [Kremote: Compressing objects:  21% (158/748)   [Kremote: Compressing objects:  22% (165/748)   [Kremote: Compressing objects:  23% (173/748)   [Kremote: Compressing objects:  24% (180/748)   [Kremote: Compressing objects:  25% (187/748)   [Kremote: Compressing objects:  26% (195/748)   [Kremote: Compressing objects:  27% (202/748)   [Kremote: Compressing objects:  28% (210/748)   [Kremote: Compressing objects:  29% (217/748)   [Kremote: Compressing objects:  30% (225/748)   [Kremote: Compressing objects:  31% (232/748)   [Kremote: Compressing objects:  32% (240/748)   [Kremote: Compressing objects:  33% (247/748)   [Kremote: Compressing objects:  34% (255/748)   [Kremote: Compressing objects:  35% (262/748)   [Kremote: Compressing objects:  36% (270/748)   [Kremote: Compressing objects:  37% (277/748)   [Kremote: Compressing objects:  38% (285/748)   [Kremote: Compressing objects:  39% (292/748)   [Kremote: Compressing objects:  40% (300/748)   [Kremote: Compressing objects:  41% (307/748)   [Kremote: Compressing objects:  42% (315/748)   [Kremote: Compressing objects:  43% (322/748)   [Kremote: Compressing objects:  44% (330/748)   [Kremote: Compressing objects:  45% (337/748)   [Kremote: Compressing objects:  46% (345/748)   [Kremote: Compressing objects:  47% (352/748)   [Kremote: Compressing objects:  48% (360/748)   [Kremote: Compressing objects:  49% (367/748)   [Kremote: Compressing objects:  50% (374/748)   [Kremote: Compressing objects:  51% (382/748)   [Kremote: Compressing objects:  52% (389/748)   [Kremote: Compressing objects:  53% (397/748)   [Kremote: Compressing objects:  54% (404/748)   [Kremote: Compressing objects:  55% (412/748)   [Kremote: Compressing objects:  56% (419/748)   [Kremote: Compressing objects:  57% (427/748)   [Kremote: Compressing objects:  58% (434/748)   [Kremote: Compressing objects:  59% (442/748)   [Kremote: Compressing objects:  60% (449/748)   [Kremote: Compressing objects:  61% (457/748)   [Kremote: Compressing objects:  62% (464/748)   [Kremote: Compressing objects:  63% (472/748)   [Kremote: Compressing objects:  64% (479/748)   [Kremote: Compressing objects:  65% (487/748)   [Kremote: Compressing objects:  66% (494/748)   [Kremote: Compressing objects:  67% (502/748)   [Kremote: Compressing objects:  68% (509/748)   [Kremote: Compressing objects:  69% (517/748)   [Kremote: Compressing objects:  70% (524/748)   [Kremote: Compressing objects:  71% (532/748)   [Kremote: Compressing objects:  72% (539/748)   [Kremote: Compressing objects:  73% (547/748)   [Kremote: Compressing objects:  74% (554/748)   [Kremote: Compressing objects:  75% (561/748)   [Kremote: Compressing objects:  76% (569/748)   [Kremote: Compressing objects:  77% (576/748)   [Kremote: Compressing objects:  78% (584/748)   [Kremote: Compressing objects:  79% (591/748)   [Kremote: Compressing objects:  80% (599/748)   [Kremote: Compressing objects:  81% (606/748)   [Kremote: Compressing objects:  82% (614/748)   [Kremote: Compressing objects:  83% (621/748)   [Kremote: Compressing objects:  84% (629/748)   [Kremote: Compressing objects:  85% (636/748)   [Kremote: Compressing objects:  86% (644/748)   [Kremote: Compressing objects:  87% (651/748)   [Kremote: Compressing objects:  88% (659/748)   [Kremote: Compressing objects:  89% (666/748)   [Kremote: Compressing objects:  90% (674/748)   [Kremote: Compressing objects:  91% (681/748)   [Kremote: Compressing objects:  92% (689/748)   [Kremote: Compressing objects:  93% (696/748)   [Kremote: Compressing objects:  94% (704/748)   [Kremote: Compressing objects:  95% (711/748)   [Kremote: Compressing objects:  96% (719/748)   [Kremote: Compressing objects:  97% (726/748)   [Kremote: Compressing objects:  98% (734/748)   [Kremote: Compressing objects:  99% (741/748)   [Kremote: Compressing objects: 100% (748/748)   [Kremote: Compressing objects: 100% (748/748), done.[K
Receiving objects:   0% (1/1589)   Receiving objects:   1% (16/1589)   Receiving objects:   2% (32/1589)   Receiving objects:   3% (48/1589)   Receiving objects:   4% (64/1589)   Receiving objects:   5% (80/1589)   Receiving objects:   6% (96/1589)   Receiving objects:   7% (112/1589)   Receiving objects:   8% (128/1589)   Receiving objects:   9% (144/1589)   Receiving objects:  10% (159/1589)   Receiving objects:  11% (175/1589)   Receiving objects:  12% (191/1589)   Receiving objects:  13% (207/1589)   Receiving objects:  14% (223/1589)   Receiving objects:  15% (239/1589)   Receiving objects:  16% (255/1589)   Receiving objects:  17% (271/1589)   Receiving objects:  18% (287/1589)   Receiving objects:  19% (302/1589)   Receiving objects:  20% (318/1589)   Receiving objects:  21% (334/1589)   Receiving objects:  22% (350/1589)   Receiving objects:  23% (366/1589)   Receiving objects:  24% (382/1589)   Receiving objects:  25% (398/1589)   Receiving objects:  26% (414/1589)   Receiving objects:  27% (430/1589)   Receiving objects:  28% (445/1589)   Receiving objects:  29% (461/1589)   Receiving objects:  30% (477/1589)   Receiving objects:  31% (493/1589)   Receiving objects:  32% (509/1589)   Receiving objects:  33% (525/1589)   Receiving objects:  34% (541/1589)   Receiving objects:  35% (557/1589)   Receiving objects:  36% (573/1589)   Receiving objects:  37% (588/1589)   Receiving objects:  38% (604/1589)   Receiving objects:  39% (620/1589)   Receiving objects:  40% (636/1589)   Receiving objects:  41% (652/1589)   Receiving objects:  42% (668/1589)   Receiving objects:  43% (684/1589)   Receiving objects:  44% (700/1589)   Receiving objects:  45% (716/1589)   Receiving objects:  46% (731/1589)   Receiving objects:  47% (747/1589)   Receiving objects:  48% (763/1589)   Receiving objects:  49% (779/1589)   Receiving objects:  50% (795/1589)   Receiving objects:  51% (811/1589)   Receiving objects:  52% (827/1589)   Receiving objects:  53% (843/1589)   Receiving objects:  54% (859/1589)   Receiving objects:  55% (874/1589)   Receiving objects:  56% (890/1589)   Receiving objects:  57% (906/1589)   Receiving objects:  58% (922/1589)   Receiving objects:  59% (938/1589)   Receiving objects:  60% (954/1589)   Receiving objects:  61% (970/1589)   Receiving objects:  62% (986/1589)   Receiving objects:  63% (1002/1589)   Receiving objects:  64% (1017/1589)   Receiving objects:  65% (1033/1589)   Receiving objects:  66% (1049/1589)   Receiving objects:  67% (1065/1589)   Receiving objects:  68% (1081/1589)   Receiving objects:  69% (1097/1589)   Receiving objects:  70% (1113/1589)   remote: Total 1589 (delta 593), reused 1402 (delta 450), pack-reused 0[K
Receiving objects:  71% (1129/1589)   Receiving objects:  72% (1145/1589)   Receiving objects:  73% (1160/1589)   Receiving objects:  74% (1176/1589)   Receiving objects:  75% (1192/1589)   Receiving objects:  76% (1208/1589)   Receiving objects:  77% (1224/1589)   Receiving objects:  78% (1240/1589)   Receiving objects:  79% (1256/1589)   Receiving objects:  80% (1272/1589)   Receiving objects:  81% (1288/1589)   Receiving objects:  82% (1303/1589)   Receiving objects:  83% (1319/1589)   Receiving objects:  84% (1335/1589)   Receiving objects:  85% (1351/1589)   Receiving objects:  86% (1367/1589)   Receiving objects:  87% (1383/1589)   Receiving objects:  88% (1399/1589)   Receiving objects:  89% (1415/1589)   Receiving objects:  90% (1431/1589)   Receiving objects:  91% (1446/1589)   Receiving objects:  92% (1462/1589)   Receiving objects:  93% (1478/1589)   Receiving objects:  94% (1494/1589)   Receiving objects:  95% (1510/1589)   Receiving objects:  96% (1526/1589)   Receiving objects:  97% (1542/1589)   Receiving objects:  98% (1558/1589)   Receiving objects:  99% (1574/1589)   Receiving objects: 100% (1589/1589)   Receiving objects: 100% (1589/1589), 349.30 KiB | 0 bytes/s, done.
Resolving deltas:   0% (0/593)   Resolving deltas:   7% (44/593)   Resolving deltas:   8% (51/593)   Resolving deltas:  10% (60/593)   Resolving deltas:  17% (102/593)   Resolving deltas:  18% (107/593)   Resolving deltas:  19% (113/593)   Resolving deltas:  21% (129/593)   Resolving deltas:  22% (132/593)   Resolving deltas:  24% (145/593)   Resolving deltas:  25% (153/593)   Resolving deltas:  26% (156/593)   Resolving deltas:  28% (168/593)   Resolving deltas:  31% (187/593)   Resolving deltas:  34% (206/593)   Resolving deltas:  35% (211/593)   Resolving deltas:  39% (233/593)   Resolving deltas:  40% (240/593)   Resolving deltas:  41% (249/593)   Resolving deltas:  42% (254/593)   Resolving deltas:  43% (255/593)   Resolving deltas:  44% (263/593)   Resolving deltas:  45% (267/593)   Resolving deltas:  46% (273/593)   Resolving deltas:  48% (285/593)   Resolving deltas:  49% (292/593)   Resolving deltas:  50% (299/593)   Resolving deltas:  51% (305/593)   Resolving deltas:  52% (309/593)   Resolving deltas:  53% (319/593)   Resolving deltas:  54% (322/593)   Resolving deltas:  55% (332/593)   Resolving deltas:  56% (334/593)   Resolving deltas:  59% (351/593)   Resolving deltas:  60% (357/593)   Resolving deltas:  61% (364/593)   Resolving deltas:  64% (380/593)   Resolving deltas:  65% (391/593)   Resolving deltas:  66% (393/593)   Resolving deltas:  67% (400/593)   Resolving deltas:  69% (412/593)   Resolving deltas:  73% (438/593)   Resolving deltas:  74% (440/593)   Resolving deltas:  75% (446/593)   Resolving deltas:  77% (460/593)   Resolving deltas:  78% (463/593)   Resolving deltas:  79% (469/593)   Resolving deltas:  80% (476/593)   Resolving deltas:  81% (482/593)   Resolving deltas:  82% (490/593)   Resolving deltas:  83% (494/593)   Resolving deltas:  84% (499/593)   Resolving deltas:  88% (526/593)   Resolving deltas:  89% (528/593)   Resolving deltas:  90% (539/593)   Resolving deltas:  91% (543/593)   Resolving deltas:  92% (547/593)   Resolving deltas:  93% (552/593)   Resolving deltas:  94% (560/593)   Resolving deltas:  96% (570/593)   Resolving deltas:  97% (578/593)   Resolving deltas:  98% (585/593)   Resolving deltas:  99% (588/593)   Resolving deltas: 100% (593/593)   Resolving deltas: 100% (593/593), done.
Checking connectivity... done.
travis_time:end:08e4e620:start=1445896225910230099,finish=1445896226365892430,duration=455662331[0K$ cd square/retrofit
$ git checkout -qf 9fb8b1fbe0af19a92b63107601e03eeff8accd7d
travis_fold:end:git.checkout[0K
[33;1mThis job is running on container-based infrastructure, which does not allow use of 'sudo', setuid and setguid executables.[0m
[33;1mIf you require sudo, add 'sudo: required' to your .travis.yml[0m
[33;1mSee http://docs.travis-ci.com/user/workers/container-based-infrastructure/ for details.[0m

[33;1mSetting environment variables from .travis.yml[0m
$ export CI_DEPLOY_USERNAME=[secure]
$ export CI_DEPLOY_PASSWORD=[secure]

travis_fold:start:cache.1[0KSetting up build cache
$ export CASHER_DIR=$HOME/.casher
travis_time:start:016937ac[0K$ Installing caching utilities
travis_time:end:016937ac:start=1445896228163198645,finish=1445896228241729227,duration=78530582[0Ktravis_time:start:008a594a[0Kattempting to download cache archive
fetching master/cache--jdk-oraclejdk8.tgz
found cache
travis_time:end:008a594a:start=1445896228246390827,finish=1445896229510557571,duration=1264166744[0Ktravis_time:start:03d4038b[0Kadding /home/travis/.m2 to cache
travis_time:end:03d4038b:start=1445896229514512483,finish=1445896230941721333,duration=1427208850[0Ktravis_fold:end:cache.1[0K$ jdk_switcher use oraclejdk8
Switching to Oracle JDK8 (java-8-oracle), JAVA_HOME will be set to /usr/lib/jvm/java-8-oracle
$ java -Xmx32m -version
java version "1.8.0_31"
Java(TM) SE Runtime Environment (build 1.8.0_31-b13)
Java HotSpot(TM) 64-Bit Server VM (build 25.31-b07, mixed mode)
$ javac -J-Xmx32m -version
javac 1.8.0_31
travis_fold:start:install[0Ktravis_time:start:026012af[0K$ mvn install -DskipTests=true -Dmaven.javadoc.skip=true -B -V
Java HotSpot(TM) 64-Bit Server VM warning: ignoring option MaxPermSize=192m; support was removed in 8.0
Apache Maven 3.2.5 (12a6b3acb947671f09b81f49094c53f426d8cea1; 2014-12-14T17:29:23+00:00)
Maven home: /usr/local/maven
Java version: 1.8.0_31, vendor: Oracle Corporation
Java home: /usr/lib/jvm/java-8-oracle/jre
Default locale: en_US, platform encoding: UTF-8
OS name: "linux", version: "3.13.0-40-generic", arch: "amd64", family: "unix"
[INFO] Scanning for projects...
[WARNING] 
[WARNING] Some problems were encountered while building the effective model for com.squareup.retrofit:samples:jar:2.0.0-SNAPSHOT
[WARNING] 'build.plugins.plugin.version' for org.apache.maven.plugins:maven-deploy-plugin is missing. @ com.squareup.retrofit:samples:[unknown-version], /home/travis/build/square/retrofit/samples/pom.xml, line 45, column 15
[WARNING] 
[WARNING] It is highly recommended to fix these problems because they threaten the stability of your build.
[WARNING] 
[WARNING] For this reason, future Maven versions might no longer support building such malformed projects.
[WARNING] 
[INFO] ------------------------------------------------------------------------
[INFO] Reactor Build Order:
[INFO] 
[INFO] Retrofit (Parent)
[INFO] Retrofit
[INFO] Adapters
[INFO] Adapter: RxJava
[INFO] Retrofit Mock Adapter
[INFO] Adapter: RxJava Mock
[INFO] Converters
[INFO] Converter: Gson
[INFO] Converter: Protocol Buffers
[INFO] Converter: Jackson
[INFO] Converter: Wire Protocol Buffers
[INFO] Converter: SimpleXML
[INFO] Converter: Moshi
[INFO] Samples
[INFO]                                                                         
[INFO] ------------------------------------------------------------------------
[INFO] Building Retrofit (Parent) 2.0.0-SNAPSHOT
[INFO] ------------------------------------------------------------------------
[INFO] 
[INFO] --- maven-enforcer-plugin:1.0:enforce (enforce-maven) @ parent ---
[INFO] 
[INFO] --- animal-sniffer-maven-plugin:1.14:check (default) @ parent ---
[INFO] Checking unresolved references to org.codehaus.mojo.signature:java16:1.1
[INFO] 
[INFO] --- maven-checkstyle-plugin:2.15:checkstyle (default) @ parent ---
[INFO] 
[INFO] --- maven-install-plugin:2.4:install (default-install) @ parent ---
[INFO] Installing /home/travis/build/square/retrofit/pom.xml to /home/travis/.m2/repository/com/squareup/retrofit/parent/2.0.0-SNAPSHOT/parent-2.0.0-SNAPSHOT.pom
[INFO]                                                                         
[INFO] ------------------------------------------------------------------------
[INFO] Building Retrofit 2.0.0-SNAPSHOT
[INFO] ------------------------------------------------------------------------
[INFO] 
[INFO] --- maven-enforcer-plugin:1.0:enforce (enforce-maven) @ retrofit ---
[INFO] 
[INFO] --- maven-resources-plugin:2.6:resources (default-resources) @ retrofit ---
[INFO] Using 'UTF-8' encoding to copy filtered resources.
[INFO] skip non existing resourceDirectory /home/travis/build/square/retrofit/retrofit/src/main/resources
[INFO] 
[INFO] --- maven-compiler-plugin:3.0:compile (default-compile) @ retrofit ---
[INFO] Changes detected - recompiling the module!
[INFO] Compiling 41 source files to /home/travis/build/square/retrofit/retrofit/target/classes
[WARNING] /home/travis/build/square/retrofit/retrofit/src/main/java/retrofit/Retrofit.java: Some input files use unchecked or unsafe operations.
[WARNING] /home/travis/build/square/retrofit/retrofit/src/main/java/retrofit/Retrofit.java: Recompile with -Xlint:unchecked for details.
[INFO] 
[INFO] --- maven-resources-plugin:2.6:testResources (default-testResources) @ retrofit ---
[INFO] Using 'UTF-8' encoding to copy filtered resources.
[INFO] skip non existing resourceDirectory /home/travis/build/square/retrofit/retrofit/src/test/resources
[INFO] 
[INFO] --- maven-compiler-plugin:3.0:testCompile (default-testCompile) @ retrofit ---
[INFO] Changes detected - recompiling the module!
[INFO] Compiling 7 source files to /home/travis/build/square/retrofit/retrofit/target/test-classes
[WARNING] /home/travis/build/square/retrofit/retrofit/src/test/java/retrofit/RetrofitTest.java: /home/travis/build/square/retrofit/retrofit/src/test/java/retrofit/RetrofitTest.java uses unchecked or unsafe operations.
[WARNING] /home/travis/build/square/retrofit/retrofit/src/test/java/retrofit/RetrofitTest.java: Recompile with -Xlint:unchecked for details.
[INFO] 
[INFO] --- maven-surefire-plugin:2.12.4:test (default-test) @ retrofit ---
[INFO] Tests are skipped.
[INFO] 
[INFO] --- animal-sniffer-maven-plugin:1.14:check (default) @ retrofit ---
[INFO] Checking unresolved references to org.codehaus.mojo.signature:java16:1.1
[INFO] 
[INFO] --- maven-jar-plugin:2.4:jar (default-jar) @ retrofit ---
[INFO] Building jar: /home/travis/build/square/retrofit/retrofit/target/retrofit-2.0.0-SNAPSHOT.jar
[INFO] 
[INFO] --- maven-checkstyle-plugin:2.15:checkstyle (default) @ retrofit ---
[INFO] Starting audit...
Audit done.
[WARNING] Unable to locate Source XRef to link to - DISABLED
[INFO] 
[INFO] --- maven-install-plugin:2.4:install (default-install) @ retrofit ---
[INFO] Installing /home/travis/build/square/retrofit/retrofit/target/retrofit-2.0.0-SNAPSHOT.jar to /home/travis/.m2/repository/com/squareup/retrofit/retrofit/2.0.0-SNAPSHOT/retrofit-2.0.0-SNAPSHOT.jar
[INFO] Installing /home/travis/build/square/retrofit/retrofit/pom.xml to /home/travis/.m2/repository/com/squareup/retrofit/retrofit/2.0.0-SNAPSHOT/retrofit-2.0.0-SNAPSHOT.pom
[INFO]                                                                         
[INFO] ------------------------------------------------------------------------
[INFO] Building Adapters 2.0.0-SNAPSHOT
[INFO] ------------------------------------------------------------------------
[INFO] 
[INFO] --- maven-enforcer-plugin:1.0:enforce (enforce-maven) @ retrofit-adapters ---
[INFO] 
[INFO] --- animal-sniffer-maven-plugin:1.14:check (default) @ retrofit-adapters ---
[INFO] Checking unresolved references to org.codehaus.mojo.signature:java16:1.1
[INFO] 
[INFO] --- maven-checkstyle-plugin:2.15:checkstyle (default) @ retrofit-adapters ---
[INFO] 
[INFO] --- maven-install-plugin:2.4:install (default-install) @ retrofit-adapters ---
[INFO] Installing /home/travis/build/square/retrofit/retrofit-adapters/pom.xml to /home/travis/.m2/repository/com/squareup/retrofit/retrofit-adapters/2.0.0-SNAPSHOT/retrofit-adapters-2.0.0-SNAPSHOT.pom
[INFO]                                                                         
[INFO] ------------------------------------------------------------------------
[INFO] Building Adapter: RxJava 2.0.0-SNAPSHOT
[INFO] ------------------------------------------------------------------------
[INFO] 
[INFO] --- maven-enforcer-plugin:1.0:enforce (enforce-maven) @ adapter-rxjava ---
[INFO] 
[INFO] --- maven-resources-plugin:2.6:resources (default-resources) @ adapter-rxjava ---
[INFO] Using 'UTF-8' encoding to copy filtered resources.
[INFO] skip non existing resourceDirectory /home/travis/build/square/retrofit/retrofit-adapters/rxjava/src/main/resources
[INFO] 
[INFO] --- maven-compiler-plugin:3.0:compile (default-compile) @ adapter-rxjava ---
[INFO] Changes detected - recompiling the module!
[INFO] Compiling 4 source files to /home/travis/build/square/retrofit/retrofit-adapters/rxjava/target/classes
[INFO] 
[INFO] --- maven-resources-plugin:2.6:testResources (default-testResources) @ adapter-rxjava ---
[INFO] Using 'UTF-8' encoding to copy filtered resources.
[INFO] skip non existing resourceDirectory /home/travis/build/square/retrofit/retrofit-adapters/rxjava/src/test/resources
[INFO] 
[INFO] --- maven-compiler-plugin:3.0:testCompile (default-testCompile) @ adapter-rxjava ---
[INFO] Changes detected - recompiling the module!
[INFO] Compiling 2 source files to /home/travis/build/square/retrofit/retrofit-adapters/rxjava/target/test-classes
[INFO] 
[INFO] --- maven-surefire-plugin:2.12.4:test (default-test) @ adapter-rxjava ---
[INFO] Tests are skipped.
[INFO] 
[INFO] --- animal-sniffer-maven-plugin:1.14:check (default) @ adapter-rxjava ---
[INFO] Checking unresolved references to org.codehaus.mojo.signature:java16:1.1
[INFO] 
[INFO] --- maven-jar-plugin:2.4:jar (default-jar) @ adapter-rxjava ---
[INFO] Building jar: /home/travis/build/square/retrofit/retrofit-adapters/rxjava/target/adapter-rxjava-2.0.0-SNAPSHOT.jar
[INFO] 
[INFO] --- maven-checkstyle-plugin:2.15:checkstyle (default) @ adapter-rxjava ---
[INFO] Starting audit...
Audit done.
[WARNING] Unable to locate Source XRef to link to - DISABLED
[INFO] 
[INFO] --- maven-install-plugin:2.4:install (default-install) @ adapter-rxjava ---
[INFO] Installing /home/travis/build/square/retrofit/retrofit-adapters/rxjava/target/adapter-rxjava-2.0.0-SNAPSHOT.jar to /home/travis/.m2/repository/com/squareup/retrofit/adapter-rxjava/2.0.0-SNAPSHOT/adapter-rxjava-2.0.0-SNAPSHOT.jar
[INFO] Installing /home/travis/build/square/retrofit/retrofit-adapters/rxjava/pom.xml to /home/travis/.m2/repository/com/squareup/retrofit/adapter-rxjava/2.0.0-SNAPSHOT/adapter-rxjava-2.0.0-SNAPSHOT.pom
[INFO]                                                                         
[INFO] ------------------------------------------------------------------------
[INFO] Building Retrofit Mock Adapter 2.0.0-SNAPSHOT
[INFO] ------------------------------------------------------------------------
[INFO] 
[INFO] --- maven-enforcer-plugin:1.0:enforce (enforce-maven) @ retrofit-mock ---
[INFO] 
[INFO] --- maven-resources-plugin:2.6:resources (default-resources) @ retrofit-mock ---
[INFO] Using 'UTF-8' encoding to copy filtered resources.
[INFO] skip non existing resourceDirectory /home/travis/build/square/retrofit/retrofit-mock/src/main/resources
[INFO] 
[INFO] --- maven-compiler-plugin:3.0:compile (default-compile) @ retrofit-mock ---
[INFO] Changes detected - recompiling the module!
[INFO] Compiling 5 source files to /home/travis/build/square/retrofit/retrofit-mock/target/classes
[INFO] 
[INFO] --- maven-resources-plugin:2.6:testResources (default-testResources) @ retrofit-mock ---
[INFO] Using 'UTF-8' encoding to copy filtered resources.
[INFO] skip non existing resourceDirectory /home/travis/build/square/retrofit/retrofit-mock/src/test/resources
[INFO] 
[INFO] --- maven-compiler-plugin:3.0:testCompile (default-testCompile) @ retrofit-mock ---
[INFO] Changes detected - recompiling the module!
[INFO] Compiling 2 source files to /home/travis/build/square/retrofit/retrofit-mock/target/test-classes
[INFO] 
[INFO] --- maven-surefire-plugin:2.12.4:test (default-test) @ retrofit-mock ---
[INFO] Tests are skipped.
[INFO] 
[INFO] --- animal-sniffer-maven-plugin:1.14:check (default) @ retrofit-mock ---
[INFO] Checking unresolved references to org.codehaus.mojo.signature:java16:1.1
[INFO] 
[INFO] --- maven-jar-plugin:2.4:jar (default-jar) @ retrofit-mock ---
[INFO] Building jar: /home/travis/build/square/retrofit/retrofit-mock/target/retrofit-mock-2.0.0-SNAPSHOT.jar
[INFO] 
[INFO] --- maven-checkstyle-plugin:2.15:checkstyle (default) @ retrofit-mock ---
[INFO] Starting audit...
Audit done.
[WARNING] Unable to locate Source XRef to link to - DISABLED
[INFO] 
[INFO] --- maven-install-plugin:2.4:install (default-install) @ retrofit-mock ---
[INFO] Installing /home/travis/build/square/retrofit/retrofit-mock/target/retrofit-mock-2.0.0-SNAPSHOT.jar to /home/travis/.m2/repository/com/squareup/retrofit/retrofit-mock/2.0.0-SNAPSHOT/retrofit-mock-2.0.0-SNAPSHOT.jar
[INFO] Installing /home/travis/build/square/retrofit/retrofit-mock/pom.xml to /home/travis/.m2/repository/com/squareup/retrofit/retrofit-mock/2.0.0-SNAPSHOT/retrofit-mock-2.0.0-SNAPSHOT.pom
[INFO]                                                                         
[INFO] ------------------------------------------------------------------------
[INFO] Building Adapter: RxJava Mock 2.0.0-SNAPSHOT
[INFO] ------------------------------------------------------------------------
[INFO] 
[INFO] --- maven-enforcer-plugin:1.0:enforce (enforce-maven) @ adapter-rxjava-mock ---
[INFO] 
[INFO] --- maven-resources-plugin:2.6:resources (default-resources) @ adapter-rxjava-mock ---
[INFO] Using 'UTF-8' encoding to copy filtered resources.
[INFO] skip non existing resourceDirectory /home/travis/build/square/retrofit/retrofit-adapters/rxjava-mock/src/main/resources
[INFO] 
[INFO] --- maven-compiler-plugin:3.0:compile (default-compile) @ adapter-rxjava-mock ---
[INFO] Changes detected - recompiling the module!
[INFO] Compiling 2 source files to /home/travis/build/square/retrofit/retrofit-adapters/rxjava-mock/target/classes
[INFO] 
[INFO] --- maven-resources-plugin:2.6:testResources (default-testResources) @ adapter-rxjava-mock ---
[INFO] Using 'UTF-8' encoding to copy filtered resources.
[INFO] skip non existing resourceDirectory /home/travis/build/square/retrofit/retrofit-adapters/rxjava-mock/src/test/resources
[INFO] 
[INFO] --- maven-compiler-plugin:3.0:testCompile (default-testCompile) @ adapter-rxjava-mock ---
[INFO] Changes detected - recompiling the module!
[INFO] Compiling 1 source file to /home/travis/build/square/retrofit/retrofit-adapters/rxjava-mock/target/test-classes
[INFO] 
[INFO] --- maven-surefire-plugin:2.12.4:test (default-test) @ adapter-rxjava-mock ---
[INFO] Tests are skipped.
[INFO] 
[INFO] --- animal-sniffer-maven-plugin:1.14:check (default) @ adapter-rxjava-mock ---
[INFO] Checking unresolved references to org.codehaus.mojo.signature:java16:1.1
[INFO] 
[INFO] --- maven-jar-plugin:2.4:jar (default-jar) @ adapter-rxjava-mock ---
[INFO] Building jar: /home/travis/build/square/retrofit/retrofit-adapters/rxjava-mock/target/adapter-rxjava-mock-2.0.0-SNAPSHOT.jar
[INFO] 
[INFO] --- maven-checkstyle-plugin:2.15:checkstyle (default) @ adapter-rxjava-mock ---
[INFO] Starting audit...
Audit done.
[WARNING] Unable to locate Source XRef to link to - DISABLED
[INFO] 
[INFO] --- maven-install-plugin:2.4:install (default-install) @ adapter-rxjava-mock ---
[INFO] Installing /home/travis/build/square/retrofit/retrofit-adapters/rxjava-mock/target/adapter-rxjava-mock-2.0.0-SNAPSHOT.jar to /home/travis/.m2/repository/com/squareup/retrofit/adapter-rxjava-mock/2.0.0-SNAPSHOT/adapter-rxjava-mock-2.0.0-SNAPSHOT.jar
[INFO] Installing /home/travis/build/square/retrofit/retrofit-adapters/rxjava-mock/pom.xml to /home/travis/.m2/repository/com/squareup/retrofit/adapter-rxjava-mock/2.0.0-SNAPSHOT/adapter-rxjava-mock-2.0.0-SNAPSHOT.pom
[INFO]                                                                         
[INFO] ------------------------------------------------------------------------
[INFO] Building Converters 2.0.0-SNAPSHOT
[INFO] ------------------------------------------------------------------------
[INFO] 
[INFO] --- maven-enforcer-plugin:1.0:enforce (enforce-maven) @ retrofit-converters ---
[INFO] 
[INFO] --- animal-sniffer-maven-plugin:1.14:check (default) @ retrofit-converters ---
[INFO] Checking unresolved references to org.codehaus.mojo.signature:java16:1.1
[INFO] 
[INFO] --- maven-checkstyle-plugin:2.15:checkstyle (default) @ retrofit-converters ---
[INFO] 
[INFO] --- maven-install-plugin:2.4:install (default-install) @ retrofit-converters ---
[INFO] Installing /home/travis/build/square/retrofit/retrofit-converters/pom.xml to /home/travis/.m2/repository/com/squareup/retrofit/retrofit-converters/2.0.0-SNAPSHOT/retrofit-converters-2.0.0-SNAPSHOT.pom
[INFO]                                                                         
[INFO] ------------------------------------------------------------------------
[INFO] Building Converter: Gson 2.0.0-SNAPSHOT
[INFO] ------------------------------------------------------------------------
[INFO] 
[INFO] --- maven-enforcer-plugin:1.0:enforce (enforce-maven) @ converter-gson ---
[INFO] 
[INFO] --- maven-resources-plugin:2.6:resources (default-resources) @ converter-gson ---
[INFO] Using 'UTF-8' encoding to copy filtered resources.
[INFO] skip non existing resourceDirectory /home/travis/build/square/retrofit/retrofit-converters/gson/src/main/resources
[INFO] 
[INFO] --- maven-compiler-plugin:3.0:compile (default-compile) @ converter-gson ---
[INFO] Changes detected - recompiling the module!
[INFO] Compiling 3 source files to /home/travis/build/square/retrofit/retrofit-converters/gson/target/classes
[INFO] 
[INFO] --- maven-resources-plugin:2.6:testResources (default-testResources) @ converter-gson ---
[INFO] Using 'UTF-8' encoding to copy filtered resources.
[INFO] skip non existing resourceDirectory /home/travis/build/square/retrofit/retrofit-converters/gson/src/test/resources
[INFO] 
[INFO] --- maven-compiler-plugin:3.0:testCompile (default-testCompile) @ converter-gson ---
[INFO] Changes detected - recompiling the module!
[INFO] Compiling 1 source file to /home/travis/build/square/retrofit/retrofit-converters/gson/target/test-classes
[INFO] 
[INFO] --- maven-surefire-plugin:2.12.4:test (default-test) @ converter-gson ---
[INFO] Tests are skipped.
[INFO] 
[INFO] --- animal-sniffer-maven-plugin:1.14:check (default) @ converter-gson ---
[INFO] Checking unresolved references to org.codehaus.mojo.signature:java16:1.1
[INFO] 
[INFO] --- maven-jar-plugin:2.4:jar (default-jar) @ converter-gson ---
[INFO] Building jar: /home/travis/build/square/retrofit/retrofit-converters/gson/target/converter-gson-2.0.0-SNAPSHOT.jar
[INFO] 
[INFO] --- maven-checkstyle-plugin:2.15:checkstyle (default) @ converter-gson ---
[INFO] Starting audit...
Audit done.
[WARNING] Unable to locate Source XRef to link to - DISABLED
[INFO] 
[INFO] --- maven-install-plugin:2.4:install (default-install) @ converter-gson ---
[INFO] Installing /home/travis/build/square/retrofit/retrofit-converters/gson/target/converter-gson-2.0.0-SNAPSHOT.jar to /home/travis/.m2/repository/com/squareup/retrofit/converter-gson/2.0.0-SNAPSHOT/converter-gson-2.0.0-SNAPSHOT.jar
[INFO] Installing /home/travis/build/square/retrofit/retrofit-converters/gson/pom.xml to /home/travis/.m2/repository/com/squareup/retrofit/converter-gson/2.0.0-SNAPSHOT/converter-gson-2.0.0-SNAPSHOT.pom
[INFO]                                                                         
[INFO] ------------------------------------------------------------------------
[INFO] Building Converter: Protocol Buffers 2.0.0-SNAPSHOT
[INFO] ------------------------------------------------------------------------
[INFO] 
[INFO] --- maven-enforcer-plugin:1.0:enforce (enforce-maven) @ converter-protobuf ---
[INFO] 
[INFO] --- maven-resources-plugin:2.6:resources (default-resources) @ converter-protobuf ---
[INFO] Using 'UTF-8' encoding to copy filtered resources.
[INFO] skip non existing resourceDirectory /home/travis/build/square/retrofit/retrofit-converters/protobuf/src/main/resources
[INFO] 
[INFO] --- maven-compiler-plugin:3.0:compile (default-compile) @ converter-protobuf ---
[INFO] Changes detected - recompiling the module!
[INFO] Compiling 3 source files to /home/travis/build/square/retrofit/retrofit-converters/protobuf/target/classes
[WARNING] /home/travis/build/square/retrofit/retrofit-converters/protobuf/src/main/java/retrofit/ProtoConverterFactory.java: /home/travis/build/square/retrofit/retrofit-converters/protobuf/src/main/java/retrofit/ProtoConverterFactory.java uses unchecked or unsafe operations.
[WARNING] /home/travis/build/square/retrofit/retrofit-converters/protobuf/src/main/java/retrofit/ProtoConverterFactory.java: Recompile with -Xlint:unchecked for details.
[INFO] 
[INFO] --- maven-resources-plugin:2.6:testResources (default-testResources) @ converter-protobuf ---
[INFO] Using 'UTF-8' encoding to copy filtered resources.
[INFO] skip non existing resourceDirectory /home/travis/build/square/retrofit/retrofit-converters/protobuf/src/test/resources
[INFO] 
[INFO] --- maven-compiler-plugin:3.0:testCompile (default-testCompile) @ converter-protobuf ---
[INFO] Changes detected - recompiling the module!
[INFO] Compiling 2 source files to /home/travis/build/square/retrofit/retrofit-converters/protobuf/target/test-classes
[INFO] 
[INFO] --- maven-surefire-plugin:2.12.4:test (default-test) @ converter-protobuf ---
[INFO] Tests are skipped.
[INFO] 
[INFO] --- animal-sniffer-maven-plugin:1.14:check (default) @ converter-protobuf ---
[INFO] Checking unresolved references to org.codehaus.mojo.signature:java16:1.1
[INFO] 
[INFO] --- maven-jar-plugin:2.4:jar (default-jar) @ converter-protobuf ---
[INFO] Building jar: /home/travis/build/square/retrofit/retrofit-converters/protobuf/target/converter-protobuf-2.0.0-SNAPSHOT.jar
[INFO] 
[INFO] --- maven-checkstyle-plugin:2.15:checkstyle (default) @ converter-protobuf ---
[INFO] Starting audit...
Audit done.
[WARNING] Unable to locate Source XRef to link to - DISABLED
[INFO] 
[INFO] --- maven-install-plugin:2.4:install (default-install) @ converter-protobuf ---
[INFO] Installing /home/travis/build/square/retrofit/retrofit-converters/protobuf/target/converter-protobuf-2.0.0-SNAPSHOT.jar to /home/travis/.m2/repository/com/squareup/retrofit/converter-protobuf/2.0.0-SNAPSHOT/converter-protobuf-2.0.0-SNAPSHOT.jar
[INFO] Installing /home/travis/build/square/retrofit/retrofit-converters/protobuf/pom.xml to /home/travis/.m2/repository/com/squareup/retrofit/converter-protobuf/2.0.0-SNAPSHOT/converter-protobuf-2.0.0-SNAPSHOT.pom
[INFO]                                                                         
[INFO] ------------------------------------------------------------------------
[INFO] Building Converter: Jackson 2.0.0-SNAPSHOT
[INFO] ------------------------------------------------------------------------
[INFO] 
[INFO] --- maven-enforcer-plugin:1.0:enforce (enforce-maven) @ converter-jackson ---
[INFO] 
[INFO] --- maven-resources-plugin:2.6:resources (default-resources) @ converter-jackson ---
[INFO] Using 'UTF-8' encoding to copy filtered resources.
[INFO] skip non existing resourceDirectory /home/travis/build/square/retrofit/retrofit-converters/jackson/src/main/resources
[INFO] 
[INFO] --- maven-compiler-plugin:3.0:compile (default-compile) @ converter-jackson ---
[INFO] Changes detected - recompiling the module!
[INFO] Compiling 3 source files to /home/travis/build/square/retrofit/retrofit-converters/jackson/target/classes
[INFO] 
[INFO] --- maven-resources-plugin:2.6:testResources (default-testResources) @ converter-jackson ---
[INFO] Using 'UTF-8' encoding to copy filtered resources.
[INFO] skip non existing resourceDirectory /home/travis/build/square/retrofit/retrofit-converters/jackson/src/test/resources
[INFO] 
[INFO] --- maven-compiler-plugin:3.0:testCompile (default-testCompile) @ converter-jackson ---
[INFO] Changes detected - recompiling the module!
[INFO] Compiling 1 source file to /home/travis/build/square/retrofit/retrofit-converters/jackson/target/test-classes
[INFO] 
[INFO] --- maven-surefire-plugin:2.12.4:test (default-test) @ converter-jackson ---
[INFO] Tests are skipped.
[INFO] 
[INFO] --- animal-sniffer-maven-plugin:1.14:check (default) @ converter-jackson ---
[INFO] Checking unresolved references to org.codehaus.mojo.signature:java16:1.1
[INFO] 
[INFO] --- maven-jar-plugin:2.4:jar (default-jar) @ converter-jackson ---
[INFO] Building jar: /home/travis/build/square/retrofit/retrofit-converters/jackson/target/converter-jackson-2.0.0-SNAPSHOT.jar
[INFO] 
[INFO] --- maven-checkstyle-plugin:2.15:checkstyle (default) @ converter-jackson ---
[INFO] Starting audit...
Audit done.
[WARNING] Unable to locate Source XRef to link to - DISABLED
[INFO] 
[INFO] --- maven-install-plugin:2.4:install (default-install) @ converter-jackson ---
[INFO] Installing /home/travis/build/square/retrofit/retrofit-converters/jackson/target/converter-jackson-2.0.0-SNAPSHOT.jar to /home/travis/.m2/repository/com/squareup/retrofit/converter-jackson/2.0.0-SNAPSHOT/converter-jackson-2.0.0-SNAPSHOT.jar
[INFO] Installing /home/travis/build/square/retrofit/retrofit-converters/jackson/pom.xml to /home/travis/.m2/repository/com/squareup/retrofit/converter-jackson/2.0.0-SNAPSHOT/converter-jackson-2.0.0-SNAPSHOT.pom
[INFO]                                                                         
[INFO] ------------------------------------------------------------------------
[INFO] Building Converter: Wire Protocol Buffers 2.0.0-SNAPSHOT
[INFO] ------------------------------------------------------------------------
[INFO] 
[INFO] --- maven-enforcer-plugin:1.0:enforce (enforce-maven) @ converter-wire ---
[INFO] 
[INFO] --- maven-resources-plugin:2.6:resources (default-resources) @ converter-wire ---
[INFO] Using 'UTF-8' encoding to copy filtered resources.
[INFO] skip non existing resourceDirectory /home/travis/build/square/retrofit/retrofit-converters/wire/src/main/resources
[INFO] 
[INFO] --- maven-compiler-plugin:3.0:compile (default-compile) @ converter-wire ---
[INFO] Changes detected - recompiling the module!
[INFO] Compiling 3 source files to /home/travis/build/square/retrofit/retrofit-converters/wire/target/classes
[WARNING] /home/travis/build/square/retrofit/retrofit-converters/wire/src/main/java/retrofit/WireConverterFactory.java: /home/travis/build/square/retrofit/retrofit-converters/wire/src/main/java/retrofit/WireConverterFactory.java uses unchecked or unsafe operations.
[WARNING] /home/travis/build/square/retrofit/retrofit-converters/wire/src/main/java/retrofit/WireConverterFactory.java: Recompile with -Xlint:unchecked for details.
[INFO] 
[INFO] --- maven-resources-plugin:2.6:testResources (default-testResources) @ converter-wire ---
[INFO] Using 'UTF-8' encoding to copy filtered resources.
[INFO] skip non existing resourceDirectory /home/travis/build/square/retrofit/retrofit-converters/wire/src/test/resources
[INFO] 
[INFO] --- maven-compiler-plugin:3.0:testCompile (default-testCompile) @ converter-wire ---
[INFO] Changes detected - recompiling the module!
[INFO] Compiling 2 source files to /home/travis/build/square/retrofit/retrofit-converters/wire/target/test-classes
[INFO] 
[INFO] --- maven-surefire-plugin:2.12.4:test (default-test) @ converter-wire ---
[INFO] Tests are skipped.
[INFO] 
[INFO] --- animal-sniffer-maven-plugin:1.14:check (default) @ converter-wire ---
[INFO] Checking unresolved references to org.codehaus.mojo.signature:java16:1.1
[INFO] 
[INFO] --- maven-jar-plugin:2.4:jar (default-jar) @ converter-wire ---
[INFO] Building jar: /home/travis/build/square/retrofit/retrofit-converters/wire/target/converter-wire-2.0.0-SNAPSHOT.jar
[INFO] 
[INFO] --- maven-checkstyle-plugin:2.15:checkstyle (default) @ converter-wire ---
[INFO] Starting audit...
Audit done.
[WARNING] Unable to locate Source XRef to link to - DISABLED
[INFO] 
[INFO] --- maven-install-plugin:2.4:install (default-install) @ converter-wire ---
[INFO] Installing /home/travis/build/square/retrofit/retrofit-converters/wire/target/converter-wire-2.0.0-SNAPSHOT.jar to /home/travis/.m2/repository/com/squareup/retrofit/converter-wire/2.0.0-SNAPSHOT/converter-wire-2.0.0-SNAPSHOT.jar
[INFO] Installing /home/travis/build/square/retrofit/retrofit-converters/wire/pom.xml to /home/travis/.m2/repository/com/squareup/retrofit/converter-wire/2.0.0-SNAPSHOT/converter-wire-2.0.0-SNAPSHOT.pom
[INFO]                                                                         
[INFO] ------------------------------------------------------------------------
[INFO] Building Converter: SimpleXML 2.0.0-SNAPSHOT
[INFO] ------------------------------------------------------------------------
[INFO] 
[INFO] --- maven-enforcer-plugin:1.0:enforce (enforce-maven) @ converter-simplexml ---
[INFO] 
[INFO] --- maven-resources-plugin:2.6:resources (default-resources) @ converter-simplexml ---
[INFO] Using 'UTF-8' encoding to copy filtered resources.
[INFO] skip non existing resourceDirectory /home/travis/build/square/retrofit/retrofit-converters/simplexml/src/main/resources
[INFO] 
[INFO] --- maven-compiler-plugin:3.0:compile (default-compile) @ converter-simplexml ---
[INFO] Changes detected - recompiling the module!
[INFO] Compiling 3 source files to /home/travis/build/square/retrofit/retrofit-converters/simplexml/target/classes
[INFO] 
[INFO] --- maven-resources-plugin:2.6:testResources (default-testResources) @ converter-simplexml ---
[INFO] Using 'UTF-8' encoding to copy filtered resources.
[INFO] skip non existing resourceDirectory /home/travis/build/square/retrofit/retrofit-converters/simplexml/src/test/resources
[INFO] 
[INFO] --- maven-compiler-plugin:3.0:testCompile (default-testCompile) @ converter-simplexml ---
[INFO] Changes detected - recompiling the module!
[INFO] Compiling 2 source files to /home/travis/build/square/retrofit/retrofit-converters/simplexml/target/test-classes
[INFO] 
[INFO] --- maven-surefire-plugin:2.12.4:test (default-test) @ converter-simplexml ---
[INFO] Tests are skipped.
[INFO] 
[INFO] --- animal-sniffer-maven-plugin:1.14:check (default) @ converter-simplexml ---
[INFO] Checking unresolved references to org.codehaus.mojo.signature:java16:1.1
[INFO] 
[INFO] --- maven-jar-plugin:2.4:jar (default-jar) @ converter-simplexml ---
[INFO] Building jar: /home/travis/build/square/retrofit/retrofit-converters/simplexml/target/converter-simplexml-2.0.0-SNAPSHOT.jar
[INFO] 
[INFO] --- maven-checkstyle-plugin:2.15:checkstyle (default) @ converter-simplexml ---
[INFO] Starting audit...
Audit done.
[WARNING] Unable to locate Source XRef to link to - DISABLED
[INFO] 
[INFO] --- maven-install-plugin:2.4:install (default-install) @ converter-simplexml ---
[INFO] Installing /home/travis/build/square/retrofit/retrofit-converters/simplexml/target/converter-simplexml-2.0.0-SNAPSHOT.jar to /home/travis/.m2/repository/com/squareup/retrofit/converter-simplexml/2.0.0-SNAPSHOT/converter-simplexml-2.0.0-SNAPSHOT.jar
[INFO] Installing /home/travis/build/square/retrofit/retrofit-converters/simplexml/pom.xml to /home/travis/.m2/repository/com/squareup/retrofit/converter-simplexml/2.0.0-SNAPSHOT/converter-simplexml-2.0.0-SNAPSHOT.pom
[INFO]                                                                         
[INFO] ------------------------------------------------------------------------
[INFO] Building Converter: Moshi 2.0.0-SNAPSHOT
[INFO] ------------------------------------------------------------------------
[INFO] 
[INFO] --- maven-enforcer-plugin:1.0:enforce (enforce-maven) @ converter-moshi ---
[INFO] 
[INFO] --- maven-resources-plugin:2.6:resources (default-resources) @ converter-moshi ---
[INFO] Using 'UTF-8' encoding to copy filtered resources.
[INFO] skip non existing resourceDirectory /home/travis/build/square/retrofit/retrofit-converters/moshi/src/main/resources
[INFO] 
[INFO] --- maven-compiler-plugin:3.0:compile (default-compile) @ converter-moshi ---
[INFO] Changes detected - recompiling the module!
[INFO] Compiling 3 source files to /home/travis/build/square/retrofit/retrofit-converters/moshi/target/classes
[INFO] 
[INFO] --- maven-resources-plugin:2.6:testResources (default-testResources) @ converter-moshi ---
[INFO] Using 'UTF-8' encoding to copy filtered resources.
[INFO] skip non existing resourceDirectory /home/travis/build/square/retrofit/retrofit-converters/moshi/src/test/resources
[INFO] 
[INFO] --- maven-compiler-plugin:3.0:testCompile (default-testCompile) @ converter-moshi ---
[INFO] Changes detected - recompiling the module!
[INFO] Compiling 1 source file to /home/travis/build/square/retrofit/retrofit-converters/moshi/target/test-classes
[INFO] 
[INFO] --- maven-surefire-plugin:2.12.4:test (default-test) @ converter-moshi ---
[INFO] Tests are skipped.
[INFO] 
[INFO] --- animal-sniffer-maven-plugin:1.14:check (default) @ converter-moshi ---
[INFO] Checking unresolved references to org.codehaus.mojo.signature:java16:1.1
[INFO] 
[INFO] --- maven-jar-plugin:2.4:jar (default-jar) @ converter-moshi ---
[INFO] Building jar: /home/travis/build/square/retrofit/retrofit-converters/moshi/target/converter-moshi-2.0.0-SNAPSHOT.jar
[INFO] 
[INFO] --- maven-checkstyle-plugin:2.15:checkstyle (default) @ converter-moshi ---
[INFO] Starting audit...
Audit done.
[WARNING] Unable to locate Source XRef to link to - DISABLED
[INFO] 
[INFO] --- maven-install-plugin:2.4:install (default-install) @ converter-moshi ---
[INFO] Installing /home/travis/build/square/retrofit/retrofit-converters/moshi/target/converter-moshi-2.0.0-SNAPSHOT.jar to /home/travis/.m2/repository/com/squareup/retrofit/converter-moshi/2.0.0-SNAPSHOT/converter-moshi-2.0.0-SNAPSHOT.jar
[INFO] Installing /home/travis/build/square/retrofit/retrofit-converters/moshi/pom.xml to /home/travis/.m2/repository/com/squareup/retrofit/converter-moshi/2.0.0-SNAPSHOT/converter-moshi-2.0.0-SNAPSHOT.pom
[INFO]                                                                         
[INFO] ------------------------------------------------------------------------
[INFO] Building Samples 2.0.0-SNAPSHOT
[INFO] ------------------------------------------------------------------------
[INFO] 
[INFO] --- maven-enforcer-plugin:1.0:enforce (enforce-maven) @ samples ---
[INFO] 
[INFO] --- maven-resources-plugin:2.6:resources (default-resources) @ samples ---
[INFO] Using 'UTF-8' encoding to copy filtered resources.
[INFO] skip non existing resourceDirectory /home/travis/build/square/retrofit/samples/src/main/resources
[INFO] 
[INFO] --- maven-compiler-plugin:3.0:compile (default-compile) @ samples ---
[INFO] Changes detected - recompiling the module!
[INFO] Compiling 4 source files to /home/travis/build/square/retrofit/samples/target/classes
[INFO] 
[INFO] --- maven-resources-plugin:2.6:testResources (default-testResources) @ samples ---
[INFO] Using 'UTF-8' encoding to copy filtered resources.
[INFO] skip non existing resourceDirectory /home/travis/build/square/retrofit/samples/src/test/resources
[INFO] 
[INFO] --- maven-compiler-plugin:3.0:testCompile (default-testCompile) @ samples ---
[INFO] No sources to compile
[INFO] 
[INFO] --- maven-surefire-plugin:2.12.4:test (default-test) @ samples ---
[INFO] Tests are skipped.
[INFO] 
[INFO] --- animal-sniffer-maven-plugin:1.14:check (default) @ samples ---
[INFO] Checking unresolved references to org.codehaus.mojo.signature:java16:1.1
[INFO] 
[INFO] --- maven-jar-plugin:2.4:jar (default-jar) @ samples ---
[INFO] Building jar: /home/travis/build/square/retrofit/samples/target/samples-2.0.0-SNAPSHOT.jar
[INFO] 
[INFO] --- maven-checkstyle-plugin:2.15:checkstyle (default) @ samples ---
[INFO] Starting audit...
Audit done.
[WARNING] Unable to locate Source XRef to link to - DISABLED
[INFO] 
[INFO] --- maven-install-plugin:2.4:install (default-install) @ samples ---
[INFO] Installing /home/travis/build/square/retrofit/samples/target/samples-2.0.0-SNAPSHOT.jar to /home/travis/.m2/repository/com/squareup/retrofit/samples/2.0.0-SNAPSHOT/samples-2.0.0-SNAPSHOT.jar
[INFO] Installing /home/travis/build/square/retrofit/samples/pom.xml to /home/travis/.m2/repository/com/squareup/retrofit/samples/2.0.0-SNAPSHOT/samples-2.0.0-SNAPSHOT.pom
[INFO] ------------------------------------------------------------------------
[INFO] Reactor Summary:
[INFO] 
[INFO] Retrofit (Parent) .................................. SUCCESS [  2.841 s]
[INFO] Retrofit ........................................... SUCCESS [ 19.069 s]
[INFO] Adapters ........................................... SUCCESS [  0.525 s]
[INFO] Adapter: RxJava .................................... SUCCESS [  2.869 s]
[INFO] Retrofit Mock Adapter .............................. SUCCESS [  2.272 s]
[INFO] Adapter: RxJava Mock ............................... SUCCESS [  1.549 s]
[INFO] Converters ......................................... SUCCESS [  0.156 s]
[INFO] Converter: Gson .................................... SUCCESS [  0.939 s]
[INFO] Converter: Protocol Buffers ........................ SUCCESS [  1.901 s]
[INFO] Converter: Jackson ................................. SUCCESS [  1.240 s]
[INFO] Converter: Wire Protocol Buffers ................... SUCCESS [  0.918 s]
[INFO] Converter: SimpleXML ............................... SUCCESS [  1.142 s]
[INFO] Converter: Moshi ................................... SUCCESS [  0.671 s]
[INFO] Samples ............................................ SUCCESS [  1.131 s]
[INFO] ------------------------------------------------------------------------
[INFO] BUILD SUCCESS
[INFO] ------------------------------------------------------------------------
[INFO] Total time: 37.634 s
[INFO] Finished at: 2015-10-26T21:51:11+00:00
[INFO] Final Memory: 38M/335M
[INFO] ------------------------------------------------------------------------
travis_time:end:026012af:start=1445896231346337132,finish=1445896271869790368,duration=40523453236[0Ktravis_fold:end:install[0Ktravis_time:start:10b6d7f2[0K$ mvn test -B
Java HotSpot(TM) 64-Bit Server VM warning: ignoring option MaxPermSize=192m; support was removed in 8.0
[INFO] Scanning for projects...
[WARNING] 
[WARNING] Some problems were encountered while building the effective model for com.squareup.retrofit:samples:jar:2.0.0-SNAPSHOT
[WARNING] 'build.plugins.plugin.version' for org.apache.maven.plugins:maven-deploy-plugin is missing. @ com.squareup.retrofit:samples:[unknown-version], /home/travis/build/square/retrofit/samples/pom.xml, line 45, column 15
[WARNING] 
[WARNING] It is highly recommended to fix these problems because they threaten the stability of your build.
[WARNING] 
[WARNING] For this reason, future Maven versions might no longer support building such malformed projects.
[WARNING] 
[INFO] ------------------------------------------------------------------------
[INFO] Reactor Build Order:
[INFO] 
[INFO] Retrofit (Parent)
[INFO] Retrofit
[INFO] Adapters
[INFO] Adapter: RxJava
[INFO] Retrofit Mock Adapter
[INFO] Adapter: RxJava Mock
[INFO] Converters
[INFO] Converter: Gson
[INFO] Converter: Protocol Buffers
[INFO] Converter: Jackson
[INFO] Converter: Wire Protocol Buffers
[INFO] Converter: SimpleXML
[INFO] Converter: Moshi
[INFO] Samples
[INFO]                                                                         
[INFO] ------------------------------------------------------------------------
[INFO] Building Retrofit (Parent) 2.0.0-SNAPSHOT
[INFO] ------------------------------------------------------------------------
[INFO] 
[INFO] --- maven-enforcer-plugin:1.0:enforce (enforce-maven) @ parent ---
[INFO] 
[INFO] --- animal-sniffer-maven-plugin:1.14:check (default) @ parent ---
[INFO] Checking unresolved references to org.codehaus.mojo.signature:java16:1.1
[INFO]                                                                         
[INFO] ------------------------------------------------------------------------
[INFO] Building Retrofit 2.0.0-SNAPSHOT
[INFO] ------------------------------------------------------------------------
[INFO] 
[INFO] --- maven-enforcer-plugin:1.0:enforce (enforce-maven) @ retrofit ---
[INFO] 
[INFO] --- maven-resources-plugin:2.6:resources (default-resources) @ retrofit ---
[INFO] Using 'UTF-8' encoding to copy filtered resources.
[INFO] skip non existing resourceDirectory /home/travis/build/square/retrofit/retrofit/src/main/resources
[INFO] 
[INFO] --- maven-compiler-plugin:3.0:compile (default-compile) @ retrofit ---
[INFO] Changes detected - recompiling the module!
[INFO] Compiling 41 source files to /home/travis/build/square/retrofit/retrofit/target/classes
[WARNING] /home/travis/build/square/retrofit/retrofit/src/main/java/retrofit/Retrofit.java: Some input files use unchecked or unsafe operations.
[WARNING] /home/travis/build/square/retrofit/retrofit/src/main/java/retrofit/Retrofit.java: Recompile with -Xlint:unchecked for details.
[INFO] 
[INFO] --- maven-resources-plugin:2.6:testResources (default-testResources) @ retrofit ---
[INFO] Using 'UTF-8' encoding to copy filtered resources.
[INFO] skip non existing resourceDirectory /home/travis/build/square/retrofit/retrofit/src/test/resources
[INFO] 
[INFO] --- maven-compiler-plugin:3.0:testCompile (default-testCompile) @ retrofit ---
[INFO] Changes detected - recompiling the module!
[INFO] Compiling 7 source files to /home/travis/build/square/retrofit/retrofit/target/test-classes
[WARNING] /home/travis/build/square/retrofit/retrofit/src/test/java/retrofit/RetrofitTest.java: /home/travis/build/square/retrofit/retrofit/src/test/java/retrofit/RetrofitTest.java uses unchecked or unsafe operations.
[WARNING] /home/travis/build/square/retrofit/retrofit/src/test/java/retrofit/RetrofitTest.java: Recompile with -Xlint:unchecked for details.
[INFO] 
[INFO] --- maven-surefire-plugin:2.12.4:test (default-test) @ retrofit ---
[INFO] Surefire report directory: /home/travis/build/square/retrofit/retrofit/target/surefire-reports

-------------------------------------------------------
 T E S T S
-------------------------------------------------------
Running retrofit.RequestBuilderTest
Tests run: 98, Failures: 0, Errors: 0, Skipped: 2, Time elapsed: 1.195 sec
Running retrofit.ExecutorCallAdapterFactoryTest
Tests run: 8, Failures: 0, Errors: 0, Skipped: 0, Time elapsed: 0.186 sec
Running retrofit.CallTest
Oct 26, 2015 9:51:26 PM com.squareup.okhttp.mockwebserver.MockWebServer$3 execute
INFO: MockWebServer[58266] starting to accept connections
Oct 26, 2015 9:51:26 PM com.squareup.okhttp.mockwebserver.MockWebServer$3 acceptConnections
INFO: MockWebServer[58266] done accepting connections: Socket is closed
Oct 26, 2015 9:51:26 PM com.squareup.okhttp.mockwebserver.MockWebServer$3 execute
INFO: MockWebServer[34181] starting to accept connections
Oct 26, 2015 9:51:26 PM com.squareup.okhttp.mockwebserver.MockWebServer$3 acceptConnections
INFO: MockWebServer[34181] done accepting connections: Socket closed
Oct 26, 2015 9:51:26 PM com.squareup.okhttp.mockwebserver.MockWebServer$4 processOneRequest
INFO: MockWebServer[34181] received request: GET / HTTP/1.1 and responded: HTTP/1.1 200 OK
Oct 26, 2015 9:51:26 PM com.squareup.okhttp.mockwebserver.MockWebServer$3 execute
INFO: MockWebServer[39365] starting to accept connections
Oct 26, 2015 9:51:26 PM com.squareup.okhttp.mockwebserver.MockWebServer$4 processOneRequest
INFO: MockWebServer[39365] received request: GET / HTTP/1.1 and responded: HTTP/1.1 404 OK
Oct 26, 2015 9:51:26 PM com.squareup.okhttp.mockwebserver.MockWebServer$3 acceptConnections
INFO: MockWebServer[39365] done accepting connections: Socket closed
Oct 26, 2015 9:51:26 PM com.squareup.okhttp.mockwebserver.MockWebServer$3 execute
INFO: MockWebServer[35980] starting to accept connections
Oct 26, 2015 9:51:26 PM com.squareup.okhttp.mockwebserver.MockWebServer$3 acceptConnections
INFO: MockWebServer[35980] done accepting connections: Socket closed
Oct 26, 2015 9:51:26 PM com.squareup.okhttp.mockwebserver.MockWebServer$3 execute
INFO: MockWebServer[54302] starting to accept connections
Oct 26, 2015 9:51:26 PM com.squareup.okhttp.mockwebserver.MockWebServer$3 acceptConnections
INFO: MockWebServer[54302] done accepting connections: Socket closed
Oct 26, 2015 9:51:26 PM com.squareup.okhttp.mockwebserver.MockWebServer$3 execute
INFO: MockWebServer[43508] starting to accept connections
Oct 26, 2015 9:51:26 PM com.squareup.okhttp.mockwebserver.MockWebServer$4 processOneRequest
INFO: MockWebServer[43508] received request: GET / HTTP/1.1 and responded: HTTP/1.1 200 OK
Oct 26, 2015 9:51:26 PM com.squareup.okhttp.mockwebserver.MockWebServer$3 acceptConnections
INFO: MockWebServer[43508] done accepting connections: Socket closed
Oct 26, 2015 9:51:26 PM com.squareup.okhttp.mockwebserver.MockWebServer$3 execute
INFO: MockWebServer[59543] starting to accept connections
Oct 26, 2015 9:51:26 PM com.squareup.okhttp.mockwebserver.MockWebServer$3 acceptConnections
INFO: MockWebServer[59543] done accepting connections: Socket is closed
Oct 26, 2015 9:51:26 PM com.squareup.okhttp.mockwebserver.MockWebServer$3 execute
INFO: MockWebServer[34689] starting to accept connections
Oct 26, 2015 9:51:26 PM com.squareup.okhttp.mockwebserver.MockWebServer$3 acceptConnections
INFO: MockWebServer[34689] done accepting connections: Socket closed
Oct 26, 2015 9:51:26 PM com.squareup.okhttp.mockwebserver.MockWebServer$4 processOneRequest
INFO: MockWebServer[34689] received request: GET / HTTP/1.1 and responded: HTTP/1.1 404 OK
Oct 26, 2015 9:51:26 PM com.squareup.okhttp.mockwebserver.MockWebServer$3 execute
INFO: MockWebServer[57125] starting to accept connections
Oct 26, 2015 9:51:27 PM com.squareup.okhttp.mockwebserver.MockWebServer$3 acceptConnections
INFO: MockWebServer[57125] done accepting connections: Socket closed
Oct 26, 2015 9:51:27 PM com.squareup.okhttp.mockwebserver.MockWebServer$4 processOneRequest
INFO: MockWebServer[57125] received request: POST / HTTP/1.1 and responded: HTTP/1.1 200 OK
Oct 26, 2015 9:51:27 PM com.squareup.okhttp.mockwebserver.MockWebServer$3 execute
INFO: MockWebServer[39501] starting to accept connections
Oct 26, 2015 9:51:27 PM com.squareup.okhttp.mockwebserver.MockWebServer$3 acceptConnections
INFO: MockWebServer[39501] done accepting connections: Socket closed
Oct 26, 2015 9:51:27 PM com.squareup.okhttp.mockwebserver.MockWebServer$4 processOneRequest
INFO: MockWebServer[39501] received request: GET / HTTP/1.1 and responded: HTTP/1.1 204 Nothin
Oct 26, 2015 9:51:27 PM com.squareup.okhttp.mockwebserver.MockWebServer$3 execute
INFO: MockWebServer[50906] starting to accept connections
Oct 26, 2015 9:51:27 PM com.squareup.okhttp.mockwebserver.MockWebServer$3 acceptConnections
INFO: MockWebServer[50906] done accepting connections: Socket closed
Oct 26, 2015 9:51:27 PM com.squareup.okhttp.mockwebserver.MockWebServer$4 processOneRequest
INFO: MockWebServer[50906] received request: GET / HTTP/1.1 and responded: HTTP/1.1 200 OK
Oct 26, 2015 9:51:27 PM com.squareup.okhttp.mockwebserver.MockWebServer$3 execute
INFO: MockWebServer[43377] starting to accept connections
Oct 26, 2015 9:51:27 PM com.squareup.okhttp.mockwebserver.MockWebServer$3 acceptConnections
INFO: MockWebServer[43377] done accepting connections: Socket closed
Oct 26, 2015 9:51:27 PM com.squareup.okhttp.mockwebserver.MockWebServer$4 processOneRequest
INFO: MockWebServer[43377] received request: GET / HTTP/1.1 and responded: HTTP/1.1 200 OK
Oct 26, 2015 9:51:27 PM com.squareup.okhttp.mockwebserver.MockWebServer$3 execute
INFO: MockWebServer[41729] starting to accept connections
Oct 26, 2015 9:51:27 PM com.squareup.okhttp.mockwebserver.MockWebServer$3 acceptConnections
INFO: MockWebServer[41729] done accepting connections: Socket closed
Oct 26, 2015 9:51:27 PM com.squareup.okhttp.mockwebserver.MockWebServer$4 processOneRequest
INFO: MockWebServer[41729] received request: POST / HTTP/1.1 and responded: HTTP/1.1 200 OK
Oct 26, 2015 9:51:27 PM com.squareup.okhttp.mockwebserver.MockWebServer$3 execute
INFO: MockWebServer[59222] starting to accept connections
Oct 26, 2015 9:51:27 PM com.squareup.okhttp.mockwebserver.MockWebServer$3 acceptConnections
INFO: MockWebServer[59222] done accepting connections: Socket is closed
Oct 26, 2015 9:51:27 PM com.squareup.okhttp.mockwebserver.MockWebServer$3 execute
INFO: MockWebServer[57246] starting to accept connections
Oct 26, 2015 9:51:27 PM com.squareup.okhttp.mockwebserver.MockWebServer$3 acceptConnections
INFO: MockWebServer[57246] done accepting connections: Socket closed
Oct 26, 2015 9:51:27 PM com.squareup.okhttp.mockwebserver.MockWebServer$4 processOneRequest
INFO: MockWebServer[57246] received request: GET / HTTP/1.1 and responded: HTTP/1.1 200 OK
Oct 26, 2015 9:51:27 PM com.squareup.okhttp.mockwebserver.MockWebServer$3 execute
INFO: MockWebServer[53196] starting to accept connections
Oct 26, 2015 9:51:27 PM com.squareup.okhttp.mockwebserver.MockWebServer$3 acceptConnections
INFO: MockWebServer[53196] done accepting connections: Socket closed
Oct 26, 2015 9:51:27 PM com.squareup.okhttp.mockwebserver.MockWebServer$4 processOneRequest
INFO: MockWebServer[53196] received request: GET / HTTP/1.1 and responded: HTTP/1.1 200 OK
Oct 26, 2015 9:51:27 PM com.squareup.okhttp.mockwebserver.MockWebServer$3 execute
INFO: MockWebServer[40078] starting to accept connections
Oct 26, 2015 9:51:27 PM com.squareup.okhttp.mockwebserver.MockWebServer$3 acceptConnections
INFO: MockWebServer[40078] done accepting connections: Socket closed
Oct 26, 2015 9:51:27 PM com.squareup.okhttp.mockwebserver.MockWebServer$4 processOneRequest
INFO: MockWebServer[40078] received request: GET / HTTP/1.1 and responded: HTTP/1.1 205 Nothin
Oct 26, 2015 9:51:27 PM com.squareup.okhttp.mockwebserver.MockWebServer$3 execute
INFO: MockWebServer[39849] starting to accept connections
Oct 26, 2015 9:51:27 PM com.squareup.okhttp.mockwebserver.MockWebServer$4 processOneRequest
INFO: MockWebServer[39849] received request: GET / HTTP/1.1 and responded: HTTP/1.1 200 OK
Oct 26, 2015 9:51:27 PM com.squareup.okhttp.mockwebserver.MockWebServer$4 processOneRequest
INFO: MockWebServer[39849] received request: GET / HTTP/1.1 and responded: HTTP/1.1 200 OK
Oct 26, 2015 9:51:27 PM com.squareup.okhttp.mockwebserver.MockWebServer$3 acceptConnections
INFO: MockWebServer[39849] done accepting connections: Socket closed
Oct 26, 2015 9:51:27 PM com.squareup.okhttp.mockwebserver.MockWebServer$3 execute
INFO: MockWebServer[48004] starting to accept connections
Oct 26, 2015 9:51:27 PM com.squareup.okhttp.mockwebserver.MockWebServer$3 acceptConnections
INFO: MockWebServer[48004] done accepting connections: Socket closed
Oct 26, 2015 9:51:27 PM com.squareup.okhttp.mockwebserver.MockWebServer$4 processOneRequest
INFO: MockWebServer[48004] received request: GET / HTTP/1.1 and responded: HTTP/1.1 200 OK
Oct 26, 2015 9:51:27 PM com.squareup.okhttp.mockwebserver.MockWebServer$3 execute
INFO: MockWebServer[53368] starting to accept connections
Oct 26, 2015 9:51:27 PM com.squareup.okhttp.mockwebserver.MockWebServer$3 acceptConnections
INFO: MockWebServer[53368] done accepting connections: Socket is closed
Oct 26, 2015 9:51:27 PM com.squareup.okhttp.mockwebserver.MockWebServer$3 execute
INFO: MockWebServer[49203] starting to accept connections
Oct 26, 2015 9:51:27 PM com.squareup.okhttp.mockwebserver.MockWebServer$3 acceptConnections
INFO: MockWebServer[49203] done accepting connections: Socket closed
Oct 26, 2015 9:51:27 PM com.squareup.okhttp.mockwebserver.MockWebServer$3 execute
INFO: MockWebServer[41066] starting to accept connections
Oct 26, 2015 9:51:27 PM com.squareup.okhttp.mockwebserver.MockWebServer$3 acceptConnections
INFO: MockWebServer[41066] done accepting connections: Socket closed
Oct 26, 2015 9:51:27 PM com.squareup.okhttp.mockwebserver.MockWebServer$4 processOneRequest
INFO: MockWebServer[41066] received request: GET / HTTP/1.1 and responded: HTTP/1.1 200 OK
Oct 26, 2015 9:51:27 PM com.squareup.okhttp.mockwebserver.MockWebServer$3 execute
INFO: MockWebServer[42429] starting to accept connections
Oct 26, 2015 9:51:27 PM com.squareup.okhttp.mockwebserver.MockWebServer$3 acceptConnections
INFO: MockWebServer[42429] done accepting connections: Socket closed
Oct 26, 2015 9:51:27 PM com.squareup.okhttp.mockwebserver.MockWebServer$4 processOneRequest
INFO: MockWebServer[42429] received request: GET / HTTP/1.1 and responded: HTTP/1.1 200 OK
Tests run: 23, Failures: 0, Errors: 0, Skipped: 0, Time elapsed: 0.338 sec
Running retrofit.RequestFactoryParserTest
Tests run: 1, Failures: 0, Errors: 0, Skipped: 0, Time elapsed: 0.005 sec
Running retrofit.RetrofitTest
Oct 26, 2015 9:51:27 PM com.squareup.okhttp.mockwebserver.MockWebServer$3 execute
INFO: MockWebServer[33113] starting to accept connections
Oct 26, 2015 9:51:27 PM com.squareup.okhttp.mockwebserver.MockWebServer$3 acceptConnections
INFO: MockWebServer[33113] done accepting connections: Socket is closed
Oct 26, 2015 9:51:27 PM com.squareup.okhttp.mockwebserver.MockWebServer$3 execute
INFO: MockWebServer[49974] starting to accept connections
Oct 26, 2015 9:51:27 PM com.squareup.okhttp.mockwebserver.MockWebServer$3 acceptConnections
INFO: MockWebServer[49974] done accepting connections: Socket is closed
Oct 26, 2015 9:51:27 PM com.squareup.okhttp.mockwebserver.MockWebServer$3 execute
INFO: MockWebServer[40953] starting to accept connections
Oct 26, 2015 9:51:27 PM com.squareup.okhttp.mockwebserver.MockWebServer$3 acceptConnections
INFO: MockWebServer[40953] done accepting connections: Socket is closed
Oct 26, 2015 9:51:27 PM com.squareup.okhttp.mockwebserver.MockWebServer$3 execute
INFO: MockWebServer[42607] starting to accept connections
Oct 26, 2015 9:51:27 PM com.squareup.okhttp.mockwebserver.MockWebServer$3 acceptConnections
INFO: MockWebServer[42607] done accepting connections: Socket is closed
Oct 26, 2015 9:51:27 PM com.squareup.okhttp.mockwebserver.MockWebServer$3 execute
INFO: MockWebServer[47826] starting to accept connections
Oct 26, 2015 9:51:27 PM com.squareup.okhttp.mockwebserver.MockWebServer$3 acceptConnections
INFO: MockWebServer[47826] done accepting connections: Socket is closed
Oct 26, 2015 9:51:27 PM com.squareup.okhttp.mockwebserver.MockWebServer$3 execute
INFO: MockWebServer[37534] starting to accept connections
Oct 26, 2015 9:51:27 PM com.squareup.okhttp.mockwebserver.MockWebServer$3 acceptConnections
INFO: MockWebServer[37534] done accepting connections: Socket is closed
Oct 26, 2015 9:51:27 PM com.squareup.okhttp.mockwebserver.MockWebServer$3 execute
INFO: MockWebServer[48213] starting to accept connections
Oct 26, 2015 9:51:27 PM com.squareup.okhttp.mockwebserver.MockWebServer$3 acceptConnections
INFO: MockWebServer[48213] done accepting connections: Socket is closed
Oct 26, 2015 9:51:27 PM com.squareup.okhttp.mockwebserver.MockWebServer$3 execute
INFO: MockWebServer[46279] starting to accept connections
Oct 26, 2015 9:51:27 PM com.squareup.okhttp.mockwebserver.MockWebServer$3 acceptConnections
INFO: MockWebServer[46279] done accepting connections: Socket is closed
Oct 26, 2015 9:51:27 PM com.squareup.okhttp.mockwebserver.MockWebServer$3 execute
INFO: MockWebServer[48340] starting to accept connections
Oct 26, 2015 9:51:27 PM com.squareup.okhttp.mockwebserver.MockWebServer$3 acceptConnections
INFO: MockWebServer[48340] done accepting connections: Socket is closed
Oct 26, 2015 9:51:27 PM com.squareup.okhttp.mockwebserver.MockWebServer$3 execute
INFO: MockWebServer[46228] starting to accept connections
Oct 26, 2015 9:51:27 PM com.squareup.okhttp.mockwebserver.MockWebServer$3 acceptConnections
INFO: MockWebServer[46228] done accepting connections: Socket is closed
Oct 26, 2015 9:51:27 PM com.squareup.okhttp.mockwebserver.MockWebServer$3 execute
INFO: MockWebServer[50685] starting to accept connections
Oct 26, 2015 9:51:27 PM com.squareup.okhttp.mockwebserver.MockWebServer$3 acceptConnections
INFO: MockWebServer[50685] done accepting connections: Socket closed
Oct 26, 2015 9:51:27 PM com.squareup.okhttp.mockwebserver.MockWebServer$3 execute
INFO: MockWebServer[33541] starting to accept connections
Oct 26, 2015 9:51:27 PM com.squareup.okhttp.mockwebserver.MockWebServer$3 acceptConnections
INFO: MockWebServer[33541] done accepting connections: Socket closed
Oct 26, 2015 9:51:27 PM com.squareup.okhttp.mockwebserver.MockWebServer$4 processOneRequest
INFO: MockWebServer[33541] received request: GET / HTTP/1.1 and responded: HTTP/1.1 200 OK
Oct 26, 2015 9:51:27 PM com.squareup.okhttp.mockwebserver.MockWebServer$3 execute
INFO: MockWebServer[32793] starting to accept connections
Oct 26, 2015 9:51:27 PM com.squareup.okhttp.mockwebserver.MockWebServer$3 acceptConnections
INFO: MockWebServer[32793] done accepting connections: Socket is closed
Oct 26, 2015 9:51:27 PM com.squareup.okhttp.mockwebserver.MockWebServer$3 execute
INFO: MockWebServer[35059] starting to accept connections
Oct 26, 2015 9:51:27 PM com.squareup.okhttp.mockwebserver.MockWebServer$3 acceptConnections
INFO: MockWebServer[35059] done accepting connections: Socket is closed
Oct 26, 2015 9:51:27 PM com.squareup.okhttp.mockwebserver.MockWebServer$3 execute
INFO: MockWebServer[38643] starting to accept connections
Oct 26, 2015 9:51:27 PM com.squareup.okhttp.mockwebserver.MockWebServer$3 acceptConnections
INFO: MockWebServer[38643] done accepting connections: Socket closed
Oct 26, 2015 9:51:27 PM com.squareup.okhttp.mockwebserver.MockWebServer$4 processOneRequest
INFO: MockWebServer[38643] received request: GET / HTTP/1.1 and responded: HTTP/1.1 200 OK
Oct 26, 2015 9:51:27 PM com.squareup.okhttp.mockwebserver.MockWebServer$3 execute
INFO: MockWebServer[51952] starting to accept connections
Oct 26, 2015 9:51:27 PM com.squareup.okhttp.mockwebserver.MockWebServer$3 acceptConnections
INFO: MockWebServer[51952] done accepting connections: Socket is closed
Oct 26, 2015 9:51:27 PM com.squareup.okhttp.mockwebserver.MockWebServer$3 execute
INFO: MockWebServer[56983] starting to accept connections
Oct 26, 2015 9:51:27 PM com.squareup.okhttp.mockwebserver.MockWebServer$3 acceptConnections
INFO: MockWebServer[56983] done accepting connections: Socket closed
Oct 26, 2015 9:51:27 PM com.squareup.okhttp.mockwebserver.MockWebServer$4 processOneRequest
INFO: MockWebServer[56983] received request: POST / HTTP/1.1 and responded: HTTP/1.1 200 OK
Oct 26, 2015 9:51:27 PM com.squareup.okhttp.mockwebserver.MockWebServer$3 execute
INFO: MockWebServer[58071] starting to accept connections
Oct 26, 2015 9:51:27 PM com.squareup.okhttp.mockwebserver.MockWebServer$3 acceptConnections
INFO: MockWebServer[58071] done accepting connections: Socket is closed
Oct 26, 2015 9:51:27 PM com.squareup.okhttp.mockwebserver.MockWebServer$3 execute
INFO: MockWebServer[47399] starting to accept connections
Oct 26, 2015 9:51:27 PM com.squareup.okhttp.mockwebserver.MockWebServer$3 acceptConnections
INFO: MockWebServer[47399] done accepting connections: Socket is closed
Oct 26, 2015 9:51:27 PM com.squareup.okhttp.mockwebserver.MockWebServer$3 execute
INFO: MockWebServer[35843] starting to accept connections
Oct 26, 2015 9:51:27 PM com.squareup.okhttp.mockwebserver.MockWebServer$3 acceptConnections
INFO: MockWebServer[35843] done accepting connections: Socket closed
Oct 26, 2015 9:51:27 PM com.squareup.okhttp.mockwebserver.MockWebServer$3 execute
INFO: MockWebServer[55035] starting to accept connections
Oct 26, 2015 9:51:27 PM com.squareup.okhttp.mockwebserver.MockWebServer$3 acceptConnections
INFO: MockWebServer[55035] done accepting connections: Socket is closed
Oct 26, 2015 9:51:27 PM com.squareup.okhttp.mockwebserver.MockWebServer$3 execute
INFO: MockWebServer[33281] starting to accept connections
Oct 26, 2015 9:51:27 PM com.squareup.okhttp.mockwebserver.MockWebServer$3 acceptConnections
INFO: MockWebServer[33281] done accepting connections: Socket is closed
Oct 26, 2015 9:51:27 PM com.squareup.okhttp.mockwebserver.MockWebServer$3 execute
INFO: MockWebServer[56701] starting to accept connections
Oct 26, 2015 9:51:27 PM com.squareup.okhttp.mockwebserver.MockWebServer$3 acceptConnections
INFO: MockWebServer[56701] done accepting connections: Socket closed
Oct 26, 2015 9:51:27 PM com.squareup.okhttp.mockwebserver.MockWebServer$4 processOneRequest
INFO: MockWebServer[56701] received request: GET / HTTP/1.1 and responded: HTTP/1.1 200 OK
Oct 26, 2015 9:51:27 PM com.squareup.okhttp.mockwebserver.MockWebServer$3 execute
INFO: MockWebServer[51592] starting to accept connections
Oct 26, 2015 9:51:27 PM com.squareup.okhttp.mockwebserver.MockWebServer$3 acceptConnections
INFO: MockWebServer[51592] done accepting connections: Socket is closed
Oct 26, 2015 9:51:27 PM com.squareup.okhttp.mockwebserver.MockWebServer$3 execute
INFO: MockWebServer[52182] starting to accept connections
Oct 26, 2015 9:51:27 PM com.squareup.okhttp.mockwebserver.MockWebServer$3 acceptConnections
INFO: MockWebServer[52182] done accepting connections: Socket is closed
Oct 26, 2015 9:51:27 PM com.squareup.okhttp.mockwebserver.MockWebServer$3 execute
INFO: MockWebServer[58137] starting to accept connections
Oct 26, 2015 9:51:27 PM com.squareup.okhttp.mockwebserver.MockWebServer$3 acceptConnections
INFO: MockWebServer[58137] done accepting connections: Socket is closed
Oct 26, 2015 9:51:27 PM com.squareup.okhttp.mockwebserver.MockWebServer$3 execute
INFO: MockWebServer[50689] starting to accept connections
Oct 26, 2015 9:51:27 PM com.squareup.okhttp.mockwebserver.MockWebServer$3 acceptConnections
INFO: MockWebServer[50689] done accepting connections: Socket is closed
Oct 26, 2015 9:51:27 PM com.squareup.okhttp.mockwebserver.MockWebServer$3 execute
INFO: MockWebServer[39980] starting to accept connections
Oct 26, 2015 9:51:27 PM com.squareup.okhttp.mockwebserver.MockWebServer$3 acceptConnections
INFO: MockWebServer[39980] done accepting connections: Socket is closed
Oct 26, 2015 9:51:27 PM com.squareup.okhttp.mockwebserver.MockWebServer$3 execute
INFO: MockWebServer[37538] starting to accept connections
Oct 26, 2015 9:51:27 PM com.squareup.okhttp.mockwebserver.MockWebServer$3 acceptConnections
INFO: MockWebServer[37538] done accepting connections: Socket is closed
Oct 26, 2015 9:51:27 PM com.squareup.okhttp.mockwebserver.MockWebServer$3 execute
INFO: MockWebServer[56040] starting to accept connections
Oct 26, 2015 9:51:27 PM com.squareup.okhttp.mockwebserver.MockWebServer$3 acceptConnections
INFO: MockWebServer[56040] done accepting connections: Socket is closed
Oct 26, 2015 9:51:27 PM com.squareup.okhttp.mockwebserver.MockWebServer$3 execute
INFO: MockWebServer[35092] starting to accept connections
Oct 26, 2015 9:51:27 PM com.squareup.okhttp.mockwebserver.MockWebServer$3 acceptConnections
INFO: MockWebServer[35092] done accepting connections: Socket is closed
Oct 26, 2015 9:51:27 PM com.squareup.okhttp.mockwebserver.MockWebServer$3 execute
INFO: MockWebServer[56724] starting to accept connections
Oct 26, 2015 9:51:27 PM com.squareup.okhttp.mockwebserver.MockWebServer$3 acceptConnections
INFO: MockWebServer[56724] done accepting connections: Socket closed
Oct 26, 2015 9:51:27 PM com.squareup.okhttp.mockwebserver.MockWebServer$3 execute
INFO: MockWebServer[34240] starting to accept connections
Oct 26, 2015 9:51:27 PM com.squareup.okhttp.mockwebserver.MockWebServer$3 acceptConnections
INFO: MockWebServer[34240] done accepting connections: Socket is closed
Oct 26, 2015 9:51:27 PM com.squareup.okhttp.mockwebserver.MockWebServer$3 execute
INFO: MockWebServer[51324] starting to accept connections
Oct 26, 2015 9:51:27 PM com.squareup.okhttp.mockwebserver.MockWebServer$3 acceptConnections
INFO: MockWebServer[51324] done accepting connections: Socket is closed
Oct 26, 2015 9:51:27 PM com.squareup.okhttp.mockwebserver.MockWebServer$3 execute
INFO: MockWebServer[51625] starting to accept connections
Oct 26, 2015 9:51:27 PM com.squareup.okhttp.mockwebserver.MockWebServer$3 acceptConnections
INFO: MockWebServer[51625] done accepting connections: Socket is closed
Oct 26, 2015 9:51:27 PM com.squareup.okhttp.mockwebserver.MockWebServer$3 execute
INFO: MockWebServer[43762] starting to accept connections
Oct 26, 2015 9:51:27 PM com.squareup.okhttp.mockwebserver.MockWebServer$3 acceptConnections
INFO: MockWebServer[43762] done accepting connections: Socket is closed
Oct 26, 2015 9:51:27 PM com.squareup.okhttp.mockwebserver.MockWebServer$3 execute
INFO: MockWebServer[60295] starting to accept connections
Oct 26, 2015 9:51:27 PM com.squareup.okhttp.mockwebserver.MockWebServer$3 acceptConnections
INFO: MockWebServer[60295] done accepting connections: Socket is closed
Oct 26, 2015 9:51:27 PM com.squareup.okhttp.mockwebserver.MockWebServer$3 execute
INFO: MockWebServer[47951] starting to accept connections
Oct 26, 2015 9:51:27 PM com.squareup.okhttp.mockwebserver.MockWebServer$3 acceptConnections
INFO: MockWebServer[47951] done accepting connections: Socket is closed
Oct 26, 2015 9:51:27 PM com.squareup.okhttp.mockwebserver.MockWebServer$3 execute
INFO: MockWebServer[37720] starting to accept connections
Oct 26, 2015 9:51:27 PM com.squareup.okhttp.mockwebserver.MockWebServer$3 acceptConnections
INFO: MockWebServer[37720] done accepting connections: Socket is closed
Oct 26, 2015 9:51:27 PM com.squareup.okhttp.mockwebserver.MockWebServer$3 execute
INFO: MockWebServer[41183] starting to accept connections
Oct 26, 2015 9:51:27 PM com.squareup.okhttp.mockwebserver.MockWebServer$3 acceptConnections
INFO: MockWebServer[41183] done accepting connections: Socket is closed
Oct 26, 2015 9:51:27 PM com.squareup.okhttp.mockwebserver.MockWebServer$3 execute
INFO: MockWebServer[42209] starting to accept connections
Oct 26, 2015 9:51:27 PM com.squareup.okhttp.mockwebserver.MockWebServer$3 acceptConnections
INFO: MockWebServer[42209] done accepting connections: Socket is closed
Oct 26, 2015 9:51:27 PM com.squareup.okhttp.mockwebserver.MockWebServer$3 execute
INFO: MockWebServer[47467] starting to accept connections
Oct 26, 2015 9:51:27 PM com.squareup.okhttp.mockwebserver.MockWebServer$3 acceptConnections
INFO: MockWebServer[47467] done accepting connections: Socket is closed
Oct 26, 2015 9:51:27 PM com.squareup.okhttp.mockwebserver.MockWebServer$3 execute
INFO: MockWebServer[41310] starting to accept connections
Oct 26, 2015 9:51:27 PM com.squareup.okhttp.mockwebserver.MockWebServer$3 acceptConnections
INFO: MockWebServer[41310] done accepting connections: Socket is closed
Oct 26, 2015 9:51:27 PM com.squareup.okhttp.mockwebserver.MockWebServer$3 execute
INFO: MockWebServer[51252] starting to accept connections
Oct 26, 2015 9:51:27 PM com.squareup.okhttp.mockwebserver.MockWebServer$3 acceptConnections
INFO: MockWebServer[51252] done accepting connections: Socket is closed
Oct 26, 2015 9:51:27 PM com.squareup.okhttp.mockwebserver.MockWebServer$3 execute
INFO: MockWebServer[48066] starting to accept connections
Oct 26, 2015 9:51:27 PM com.squareup.okhttp.mockwebserver.MockWebServer$3 acceptConnections
INFO: MockWebServer[48066] done accepting connections: Socket is closed
Oct 26, 2015 9:51:27 PM com.squareup.okhttp.mockwebserver.MockWebServer$3 execute
INFO: MockWebServer[33378] starting to accept connections
Oct 26, 2015 9:51:27 PM com.squareup.okhttp.mockwebserver.MockWebServer$3 acceptConnections
INFO: MockWebServer[33378] done accepting connections: Socket is closed
Oct 26, 2015 9:51:27 PM com.squareup.okhttp.mockwebserver.MockWebServer$3 execute
INFO: MockWebServer[42132] starting to accept connections
Oct 26, 2015 9:51:27 PM com.squareup.okhttp.mockwebserver.MockWebServer$3 acceptConnections
INFO: MockWebServer[42132] done accepting connections: Socket is closed
Tests run: 47, Failures: 0, Errors: 0, Skipped: 0, Time elapsed: 0.444 sec

Results :

Tests run: 177, Failures: 0, Errors: 0, Skipped: 2

[INFO] 
[INFO] --- animal-sniffer-maven-plugin:1.14:check (default) @ retrofit ---
[INFO] Checking unresolved references to org.codehaus.mojo.signature:java16:1.1
[INFO]                                                                         
[INFO] ------------------------------------------------------------------------
[INFO] Building Adapters 2.0.0-SNAPSHOT
[INFO] ------------------------------------------------------------------------
[INFO] 
[INFO] --- maven-enforcer-plugin:1.0:enforce (enforce-maven) @ retrofit-adapters ---
[INFO] 
[INFO] --- animal-sniffer-maven-plugin:1.14:check (default) @ retrofit-adapters ---
[INFO] Checking unresolved references to org.codehaus.mojo.signature:java16:1.1
[INFO]                                                                         
[INFO] ------------------------------------------------------------------------
[INFO] Building Adapter: RxJava 2.0.0-SNAPSHOT
[INFO] ------------------------------------------------------------------------
[INFO] 
[INFO] --- maven-enforcer-plugin:1.0:enforce (enforce-maven) @ adapter-rxjava ---
[INFO] 
[INFO] --- maven-resources-plugin:2.6:resources (default-resources) @ adapter-rxjava ---
[INFO] Using 'UTF-8' encoding to copy filtered resources.
[INFO] skip non existing resourceDirectory /home/travis/build/square/retrofit/retrofit-adapters/rxjava/src/main/resources
[INFO] 
[INFO] --- maven-compiler-plugin:3.0:compile (default-compile) @ adapter-rxjava ---
[INFO] Changes detected - recompiling the module!
[INFO] Compiling 4 source files to /home/travis/build/square/retrofit/retrofit-adapters/rxjava/target/classes
[INFO] 
[INFO] --- maven-resources-plugin:2.6:testResources (default-testResources) @ adapter-rxjava ---
[INFO] Using 'UTF-8' encoding to copy filtered resources.
[INFO] skip non existing resourceDirectory /home/travis/build/square/retrofit/retrofit-adapters/rxjava/src/test/resources
[INFO] 
[INFO] --- maven-compiler-plugin:3.0:testCompile (default-testCompile) @ adapter-rxjava ---
[INFO] Changes detected - recompiling the module!
[INFO] Compiling 2 source files to /home/travis/build/square/retrofit/retrofit-adapters/rxjava/target/test-classes
[INFO] 
[INFO] --- maven-surefire-plugin:2.12.4:test (default-test) @ adapter-rxjava ---
[INFO] Surefire report directory: /home/travis/build/square/retrofit/retrofit-adapters/rxjava/target/surefire-reports

-------------------------------------------------------
 T E S T S
-------------------------------------------------------
Running retrofit.ResultTest
Tests run: 4, Failures: 0, Errors: 0, Skipped: 0, Time elapsed: 0.181 sec
Running retrofit.RxJavaCallAdapterFactoryTest
Oct 26, 2015 9:51:29 PM com.squareup.okhttp.mockwebserver.MockWebServer$3 execute
INFO: MockWebServer[53338] starting to accept connections
Oct 26, 2015 9:51:30 PM com.squareup.okhttp.mockwebserver.MockWebServer$4 processConnection
WARNING: MockWebServer[53338] connection from /127.0.0.1 didn't make a request
Oct 26, 2015 9:51:30 PM com.squareup.okhttp.mockwebserver.MockWebServer$3 acceptConnections
INFO: MockWebServer[53338] done accepting connections: Socket closed
Oct 26, 2015 9:51:30 PM com.squareup.okhttp.mockwebserver.MockWebServer$3 execute
INFO: MockWebServer[35876] starting to accept connections
Oct 26, 2015 9:51:30 PM com.squareup.okhttp.mockwebserver.MockWebServer$4 processOneRequest
INFO: MockWebServer[35876] received request: GET / HTTP/1.1 and responded: HTTP/1.1 200 OK
Oct 26, 2015 9:51:30 PM com.squareup.okhttp.mockwebserver.MockWebServer$3 acceptConnections
INFO: MockWebServer[35876] done accepting connections: Socket closed
Oct 26, 2015 9:51:30 PM com.squareup.okhttp.mockwebserver.MockWebServer$3 execute
INFO: MockWebServer[39626] starting to accept connections
Oct 26, 2015 9:51:30 PM com.squareup.okhttp.mockwebserver.MockWebServer$4 processOneRequest
INFO: MockWebServer[39626] received request: GET / HTTP/1.1 and responded: HTTP/1.1 404 OK
Oct 26, 2015 9:51:30 PM com.squareup.okhttp.mockwebserver.MockWebServer$3 acceptConnections
INFO: MockWebServer[39626] done accepting connections: Socket closed
Oct 26, 2015 9:51:30 PM com.squareup.okhttp.mockwebserver.MockWebServer$3 execute
INFO: MockWebServer[34592] starting to accept connections
Oct 26, 2015 9:51:30 PM com.squareup.okhttp.mockwebserver.MockWebServer$3 acceptConnections
INFO: MockWebServer[34592] done accepting connections: Socket is closed
Oct 26, 2015 9:51:30 PM com.squareup.okhttp.mockwebserver.MockWebServer$3 execute
INFO: MockWebServer[32976] starting to accept connections
Oct 26, 2015 9:51:30 PM com.squareup.okhttp.mockwebserver.MockWebServer$3 acceptConnections
INFO: MockWebServer[32976] done accepting connections: Socket is closed
Oct 26, 2015 9:51:30 PM com.squareup.okhttp.mockwebserver.MockWebServer$3 execute
INFO: MockWebServer[39349] starting to accept connections
Oct 26, 2015 9:51:30 PM com.squareup.okhttp.mockwebserver.MockWebServer$3 acceptConnections
INFO: MockWebServer[39349] done accepting connections: Socket closed
Oct 26, 2015 9:51:30 PM com.squareup.okhttp.mockwebserver.MockWebServer$4 processConnection
WARNING: MockWebServer[39349] connection from /127.0.0.1 didn't make a request
Oct 26, 2015 9:51:30 PM com.squareup.okhttp.mockwebserver.MockWebServer$3 execute
INFO: MockWebServer[40667] starting to accept connections
Oct 26, 2015 9:51:30 PM com.squareup.okhttp.mockwebserver.MockWebServer$3 acceptConnections
INFO: MockWebServer[40667] done accepting connections: Socket closed
Oct 26, 2015 9:51:30 PM com.squareup.okhttp.mockwebserver.MockWebServer$4 processOneRequest
INFO: MockWebServer[40667] received request: GET / HTTP/1.1 and responded: HTTP/1.1 200 OK
Oct 26, 2015 9:51:30 PM com.squareup.okhttp.mockwebserver.MockWebServer$3 execute
INFO: MockWebServer[40088] starting to accept connections
Oct 26, 2015 9:51:30 PM com.squareup.okhttp.mockwebserver.MockWebServer$3 acceptConnections
INFO: MockWebServer[40088] done accepting connections: Socket closed
Oct 26, 2015 9:51:30 PM com.squareup.okhttp.mockwebserver.MockWebServer$4 processOneRequest
INFO: MockWebServer[40088] received request: GET / HTTP/1.1 and responded: HTTP/1.1 404 OK
Oct 26, 2015 9:51:30 PM com.squareup.okhttp.mockwebserver.MockWebServer$3 execute
INFO: MockWebServer[57406] starting to accept connections
Oct 26, 2015 9:51:30 PM com.squareup.okhttp.mockwebserver.MockWebServer$3 acceptConnections
INFO: MockWebServer[57406] done accepting connections: Socket is closed
Oct 26, 2015 9:51:30 PM com.squareup.okhttp.mockwebserver.MockWebServer$3 execute
INFO: MockWebServer[34467] starting to accept connections
Oct 26, 2015 9:51:30 PM com.squareup.okhttp.mockwebserver.MockWebServer$3 acceptConnections
INFO: MockWebServer[34467] done accepting connections: Socket closed
Oct 26, 2015 9:51:30 PM com.squareup.okhttp.mockwebserver.MockWebServer$4 processConnection
WARNING: MockWebServer[34467] connection from /127.0.0.1 didn't make a request
Oct 26, 2015 9:51:30 PM com.squareup.okhttp.mockwebserver.MockWebServer$3 execute
INFO: MockWebServer[51554] starting to accept connections
Oct 26, 2015 9:51:30 PM com.squareup.okhttp.mockwebserver.MockWebServer$3 acceptConnections
INFO: MockWebServer[51554] done accepting connections: Socket is closed
Oct 26, 2015 9:51:30 PM com.squareup.okhttp.mockwebserver.MockWebServer$3 execute
INFO: MockWebServer[48988] starting to accept connections
Oct 26, 2015 9:51:30 PM com.squareup.okhttp.mockwebserver.MockWebServer$3 acceptConnections
INFO: MockWebServer[48988] done accepting connections: Socket is closed
Oct 26, 2015 9:51:30 PM com.squareup.okhttp.mockwebserver.MockWebServer$3 execute
INFO: MockWebServer[35309] starting to accept connections
Oct 26, 2015 9:51:30 PM com.squareup.okhttp.mockwebserver.MockWebServer$3 acceptConnections
INFO: MockWebServer[35309] done accepting connections: Socket closed
Oct 26, 2015 9:51:30 PM com.squareup.okhttp.mockwebserver.MockWebServer$4 processOneRequest
INFO: MockWebServer[35309] received request: GET / HTTP/1.1 and responded: HTTP/1.1 200 OK
Oct 26, 2015 9:51:30 PM com.squareup.okhttp.mockwebserver.MockWebServer$3 execute
INFO: MockWebServer[38058] starting to accept connections
Oct 26, 2015 9:51:30 PM com.squareup.okhttp.mockwebserver.MockWebServer$4 processOneRequest
INFO: MockWebServer[38058] received request: GET / HTTP/1.1 and responded: HTTP/1.1 404 OK
Oct 26, 2015 9:51:30 PM com.squareup.okhttp.mockwebserver.MockWebServer$3 acceptConnections
INFO: MockWebServer[38058] done accepting connections: Socket closed
Oct 26, 2015 9:51:30 PM com.squareup.okhttp.mockwebserver.MockWebServer$3 execute
INFO: MockWebServer[37715] starting to accept connections
Oct 26, 2015 9:51:30 PM com.squareup.okhttp.mockwebserver.MockWebServer$3 acceptConnections
INFO: MockWebServer[37715] done accepting connections: Socket closed
Tests run: 15, Failures: 0, Errors: 0, Skipped: 0, Time elapsed: 0.57 sec

Results :

Tests run: 19, Failures: 0, Errors: 0, Skipped: 0

[INFO] 
[INFO] --- animal-sniffer-maven-plugin:1.14:check (default) @ adapter-rxjava ---
[INFO] Checking unresolved references to org.codehaus.mojo.signature:java16:1.1
[INFO]                                                                         
[INFO] ------------------------------------------------------------------------
[INFO] Building Retrofit Mock Adapter 2.0.0-SNAPSHOT
[INFO] ------------------------------------------------------------------------
[INFO] 
[INFO] --- maven-enforcer-plugin:1.0:enforce (enforce-maven) @ retrofit-mock ---
[INFO] 
[INFO] --- maven-resources-plugin:2.6:resources (default-resources) @ retrofit-mock ---
[INFO] Using 'UTF-8' encoding to copy filtered resources.
[INFO] skip non existing resourceDirectory /home/travis/build/square/retrofit/retrofit-mock/src/main/resources
[INFO] 
[INFO] --- maven-compiler-plugin:3.0:compile (default-compile) @ retrofit-mock ---
[INFO] Changes detected - recompiling the module!
[INFO] Compiling 5 source files to /home/travis/build/square/retrofit/retrofit-mock/target/classes
[INFO] 
[INFO] --- maven-resources-plugin:2.6:testResources (default-testResources) @ retrofit-mock ---
[INFO] Using 'UTF-8' encoding to copy filtered resources.
[INFO] skip non existing resourceDirectory /home/travis/build/square/retrofit/retrofit-mock/src/test/resources
[INFO] 
[INFO] --- maven-compiler-plugin:3.0:testCompile (default-testCompile) @ retrofit-mock ---
[INFO] Changes detected - recompiling the module!
[INFO] Compiling 2 source files to /home/travis/build/square/retrofit/retrofit-mock/target/test-classes
[INFO] 
[INFO] --- maven-surefire-plugin:2.12.4:test (default-test) @ retrofit-mock ---
[INFO] Surefire report directory: /home/travis/build/square/retrofit/retrofit-mock/target/surefire-reports

-------------------------------------------------------
 T E S T S
-------------------------------------------------------
Running retrofit.MockRetrofitTest
Tests run: 10, Failures: 0, Errors: 0, Skipped: 0, Time elapsed: 1.082 sec
Running retrofit.NetworkBehaviorTest
Tests run: 5, Failures: 0, Errors: 0, Skipped: 0, Time elapsed: 0.046 sec

Results :

Tests run: 15, Failures: 0, Errors: 0, Skipped: 0

[INFO] 
[INFO] --- animal-sniffer-maven-plugin:1.14:check (default) @ retrofit-mock ---
[INFO] Checking unresolved references to org.codehaus.mojo.signature:java16:1.1
[INFO]                                                                         
[INFO] ------------------------------------------------------------------------
[INFO] Building Adapter: RxJava Mock 2.0.0-SNAPSHOT
[INFO] ------------------------------------------------------------------------
[INFO] 
[INFO] --- maven-enforcer-plugin:1.0:enforce (enforce-maven) @ adapter-rxjava-mock ---
[INFO] 
[INFO] --- maven-resources-plugin:2.6:resources (default-resources) @ adapter-rxjava-mock ---
[INFO] Using 'UTF-8' encoding to copy filtered resources.
[INFO] skip non existing resourceDirectory /home/travis/build/square/retrofit/retrofit-adapters/rxjava-mock/src/main/resources
[INFO] 
[INFO] --- maven-compiler-plugin:3.0:compile (default-compile) @ adapter-rxjava-mock ---
[INFO] Changes detected - recompiling the module!
[INFO] Compiling 2 source files to /home/travis/build/square/retrofit/retrofit-adapters/rxjava-mock/target/classes
[INFO] 
[INFO] --- maven-resources-plugin:2.6:testResources (default-testResources) @ adapter-rxjava-mock ---
[INFO] Using 'UTF-8' encoding to copy filtered resources.
[INFO] skip non existing resourceDirectory /home/travis/build/square/retrofit/retrofit-adapters/rxjava-mock/src/test/resources
[INFO] 
[INFO] --- maven-compiler-plugin:3.0:testCompile (default-testCompile) @ adapter-rxjava-mock ---
[INFO] Changes detected - recompiling the module!
[INFO] Compiling 1 source file to /home/travis/build/square/retrofit/retrofit-adapters/rxjava-mock/target/test-classes
[INFO] 
[INFO] --- maven-surefire-plugin:2.12.4:test (default-test) @ adapter-rxjava-mock ---
[INFO] Surefire report directory: /home/travis/build/square/retrofit/retrofit-adapters/rxjava-mock/target/surefire-reports

-------------------------------------------------------
 T E S T S
-------------------------------------------------------
Running retrofit.mock.RxJavaBehaviorAdapterTest
Tests run: 4, Failures: 0, Errors: 0, Skipped: 0, Time elapsed: 0.628 sec

Results :

Tests run: 4, Failures: 0, Errors: 0, Skipped: 0

[INFO] 
[INFO] --- animal-sniffer-maven-plugin:1.14:check (default) @ adapter-rxjava-mock ---
[INFO] Checking unresolved references to org.codehaus.mojo.signature:java16:1.1
[INFO]                                                                         
[INFO] ------------------------------------------------------------------------
[INFO] Building Converters 2.0.0-SNAPSHOT
[INFO] ------------------------------------------------------------------------
[INFO] 
[INFO] --- maven-enforcer-plugin:1.0:enforce (enforce-maven) @ retrofit-converters ---
[INFO] 
[INFO] --- animal-sniffer-maven-plugin:1.14:check (default) @ retrofit-converters ---
[INFO] Checking unresolved references to org.codehaus.mojo.signature:java16:1.1
[INFO]                                                                         
[INFO] ------------------------------------------------------------------------
[INFO] Building Converter: Gson 2.0.0-SNAPSHOT
[INFO] ------------------------------------------------------------------------
[INFO] 
[INFO] --- maven-enforcer-plugin:1.0:enforce (enforce-maven) @ converter-gson ---
[INFO] 
[INFO] --- maven-resources-plugin:2.6:resources (default-resources) @ converter-gson ---
[INFO] Using 'UTF-8' encoding to copy filtered resources.
[INFO] skip non existing resourceDirectory /home/travis/build/square/retrofit/retrofit-converters/gson/src/main/resources
[INFO] 
[INFO] --- maven-compiler-plugin:3.0:compile (default-compile) @ converter-gson ---
[INFO] Changes detected - recompiling the module!
[INFO] Compiling 3 source files to /home/travis/build/square/retrofit/retrofit-converters/gson/target/classes
[INFO] 
[INFO] --- maven-resources-plugin:2.6:testResources (default-testResources) @ converter-gson ---
[INFO] Using 'UTF-8' encoding to copy filtered resources.
[INFO] skip non existing resourceDirectory /home/travis/build/square/retrofit/retrofit-converters/gson/src/test/resources
[INFO] 
[INFO] --- maven-compiler-plugin:3.0:testCompile (default-testCompile) @ converter-gson ---
[INFO] Changes detected - recompiling the module!
[INFO] Compiling 1 source file to /home/travis/build/square/retrofit/retrofit-converters/gson/target/test-classes
[INFO] 
[INFO] --- maven-surefire-plugin:2.12.4:test (default-test) @ converter-gson ---
[INFO] Surefire report directory: /home/travis/build/square/retrofit/retrofit-converters/gson/target/surefire-reports

-------------------------------------------------------
 T E S T S
-------------------------------------------------------
Running retrofit.GsonConverterFactoryTest
Oct 26, 2015 9:51:35 PM com.squareup.okhttp.mockwebserver.MockWebServer$3 execute
INFO: MockWebServer[60103] starting to accept connections
Oct 26, 2015 9:51:35 PM com.squareup.okhttp.mockwebserver.MockWebServer$4 processOneRequest
INFO: MockWebServer[60103] received request: POST / HTTP/1.1 and responded: HTTP/1.1 200 OK
Oct 26, 2015 9:51:35 PM com.squareup.okhttp.mockwebserver.MockWebServer$3 acceptConnections
INFO: MockWebServer[60103] done accepting connections: Socket closed
Oct 26, 2015 9:51:35 PM com.squareup.okhttp.mockwebserver.MockWebServer$3 execute
INFO: MockWebServer[56544] starting to accept connections
Oct 26, 2015 9:51:35 PM com.squareup.okhttp.mockwebserver.MockWebServer$3 acceptConnections
INFO: MockWebServer[56544] done accepting connections: Socket closed
Oct 26, 2015 9:51:35 PM com.squareup.okhttp.mockwebserver.MockWebServer$4 processOneRequest
INFO: MockWebServer[56544] received request: POST / HTTP/1.1 and responded: HTTP/1.1 200 OK
Oct 26, 2015 9:51:35 PM com.squareup.okhttp.mockwebserver.MockWebServer$3 execute
INFO: MockWebServer[50827] starting to accept connections
Oct 26, 2015 9:51:35 PM com.squareup.okhttp.mockwebserver.MockWebServer$3 acceptConnections
INFO: MockWebServer[50827] done accepting connections: Socket closed
Oct 26, 2015 9:51:35 PM com.squareup.okhttp.mockwebserver.MockWebServer$4 processOneRequest
INFO: MockWebServer[50827] received request: POST / HTTP/1.1 and responded: HTTP/1.1 200 OK
Tests run: 3, Failures: 0, Errors: 0, Skipped: 0, Time elapsed: 0.668 sec

Results :

Tests run: 3, Failures: 0, Errors: 0, Skipped: 0

[INFO] 
[INFO] --- animal-sniffer-maven-plugin:1.14:check (default) @ converter-gson ---
[INFO] Checking unresolved references to org.codehaus.mojo.signature:java16:1.1
[INFO]                                                                         
[INFO] ------------------------------------------------------------------------
[INFO] Building Converter: Protocol Buffers 2.0.0-SNAPSHOT
[INFO] ------------------------------------------------------------------------
[INFO] 
[INFO] --- maven-enforcer-plugin:1.0:enforce (enforce-maven) @ converter-protobuf ---
[INFO] 
[INFO] --- maven-resources-plugin:2.6:resources (default-resources) @ converter-protobuf ---
[INFO] Using 'UTF-8' encoding to copy filtered resources.
[INFO] skip non existing resourceDirectory /home/travis/build/square/retrofit/retrofit-converters/protobuf/src/main/resources
[INFO] 
[INFO] --- maven-compiler-plugin:3.0:compile (default-compile) @ converter-protobuf ---
[INFO] Changes detected - recompiling the module!
[INFO] Compiling 3 source files to /home/travis/build/square/retrofit/retrofit-converters/protobuf/target/classes
[WARNING] /home/travis/build/square/retrofit/retrofit-converters/protobuf/src/main/java/retrofit/ProtoConverterFactory.java: /home/travis/build/square/retrofit/retrofit-converters/protobuf/src/main/java/retrofit/ProtoConverterFactory.java uses unchecked or unsafe operations.
[WARNING] /home/travis/build/square/retrofit/retrofit-converters/protobuf/src/main/java/retrofit/ProtoConverterFactory.java: Recompile with -Xlint:unchecked for details.
[INFO] 
[INFO] --- maven-resources-plugin:2.6:testResources (default-testResources) @ converter-protobuf ---
[INFO] Using 'UTF-8' encoding to copy filtered resources.
[INFO] skip non existing resourceDirectory /home/travis/build/square/retrofit/retrofit-converters/protobuf/src/test/resources
[INFO] 
[INFO] --- maven-compiler-plugin:3.0:testCompile (default-testCompile) @ converter-protobuf ---
[INFO] Changes detected - recompiling the module!
[INFO] Compiling 2 source files to /home/travis/build/square/retrofit/retrofit-converters/protobuf/target/test-classes
[INFO] 
[INFO] --- maven-surefire-plugin:2.12.4:test (default-test) @ converter-protobuf ---
[INFO] Surefire report directory: /home/travis/build/square/retrofit/retrofit-converters/protobuf/target/surefire-reports

-------------------------------------------------------
 T E S T S
-------------------------------------------------------
Running retrofit.ProtoConverterFactoryTest
Oct 26, 2015 9:51:37 PM com.squareup.okhttp.mockwebserver.MockWebServer$3 execute
INFO: MockWebServer[47145] starting to accept connections
Oct 26, 2015 9:51:37 PM com.squareup.okhttp.mockwebserver.MockWebServer$4 processOneRequest
INFO: MockWebServer[47145] received request: POST / HTTP/1.1 and responded: HTTP/1.1 200 OK
Oct 26, 2015 9:51:37 PM com.squareup.okhttp.mockwebserver.MockWebServer$3 acceptConnections
INFO: MockWebServer[47145] done accepting connections: Socket closed
Oct 26, 2015 9:51:37 PM com.squareup.okhttp.mockwebserver.MockWebServer$3 execute
INFO: MockWebServer[59960] starting to accept connections
Oct 26, 2015 9:51:37 PM com.squareup.okhttp.mockwebserver.MockWebServer$3 acceptConnections
INFO: MockWebServer[59960] done accepting connections: Socket closed
Oct 26, 2015 9:51:37 PM com.squareup.okhttp.mockwebserver.MockWebServer$3 execute
INFO: MockWebServer[57168] starting to accept connections
Oct 26, 2015 9:51:37 PM com.squareup.okhttp.mockwebserver.MockWebServer$3 acceptConnections
INFO: MockWebServer[57168] done accepting connections: Socket closed
Oct 26, 2015 9:51:37 PM com.squareup.okhttp.mockwebserver.MockWebServer$4 processOneRequest
INFO: MockWebServer[57168] received request: GET / HTTP/1.1 and responded: HTTP/1.1 200 OK
Oct 26, 2015 9:51:37 PM com.squareup.okhttp.mockwebserver.MockWebServer$3 execute
INFO: MockWebServer[42363] starting to accept connections
Oct 26, 2015 9:51:37 PM com.squareup.okhttp.mockwebserver.MockWebServer$3 acceptConnections
INFO: MockWebServer[42363] done accepting connections: Socket is closed
Oct 26, 2015 9:51:37 PM com.squareup.okhttp.mockwebserver.MockWebServer$3 execute
INFO: MockWebServer[53959] starting to accept connections
Oct 26, 2015 9:51:37 PM com.squareup.okhttp.mockwebserver.MockWebServer$3 acceptConnections
INFO: MockWebServer[53959] done accepting connections: Socket closed
Oct 26, 2015 9:51:37 PM com.squareup.okhttp.mockwebserver.MockWebServer$4 processOneRequest
INFO: MockWebServer[53959] received request: GET / HTTP/1.1 and responded: HTTP/1.1 200 OK
Tests run: 5, Failures: 0, Errors: 0, Skipped: 0, Time elapsed: 0.776 sec

Results :

Tests run: 5, Failures: 0, Errors: 0, Skipped: 0

[INFO] 
[INFO] --- animal-sniffer-maven-plugin:1.14:check (default) @ converter-protobuf ---
[INFO] Checking unresolved references to org.codehaus.mojo.signature:java16:1.1
[INFO]                                                                         
[INFO] ------------------------------------------------------------------------
[INFO] Building Converter: Jackson 2.0.0-SNAPSHOT
[INFO] ------------------------------------------------------------------------
[INFO] 
[INFO] --- maven-enforcer-plugin:1.0:enforce (enforce-maven) @ converter-jackson ---
[INFO] 
[INFO] --- maven-resources-plugin:2.6:resources (default-resources) @ converter-jackson ---
[INFO] Using 'UTF-8' encoding to copy filtered resources.
[INFO] skip non existing resourceDirectory /home/travis/build/square/retrofit/retrofit-converters/jackson/src/main/resources
[INFO] 
[INFO] --- maven-compiler-plugin:3.0:compile (default-compile) @ converter-jackson ---
[INFO] Changes detected - recompiling the module!
[INFO] Compiling 3 source files to /home/travis/build/square/retrofit/retrofit-converters/jackson/target/classes
[INFO] 
[INFO] --- maven-resources-plugin:2.6:testResources (default-testResources) @ converter-jackson ---
[INFO] Using 'UTF-8' encoding to copy filtered resources.
[INFO] skip non existing resourceDirectory /home/travis/build/square/retrofit/retrofit-converters/jackson/src/test/resources
[INFO] 
[INFO] --- maven-compiler-plugin:3.0:testCompile (default-testCompile) @ converter-jackson ---
[INFO] Changes detected - recompiling the module!
[INFO] Compiling 1 source file to /home/travis/build/square/retrofit/retrofit-converters/jackson/target/test-classes
[INFO] 
[INFO] --- maven-surefire-plugin:2.12.4:test (default-test) @ converter-jackson ---
[INFO] Surefire report directory: /home/travis/build/square/retrofit/retrofit-converters/jackson/target/surefire-reports

-------------------------------------------------------
 T E S T S
-------------------------------------------------------
Running retrofit.JacksonConverterFactoryTest
Oct 26, 2015 9:51:38 PM com.squareup.okhttp.mockwebserver.MockWebServer$3 execute
INFO: MockWebServer[38384] starting to accept connections
Oct 26, 2015 9:51:39 PM com.squareup.okhttp.mockwebserver.MockWebServer$4 processOneRequest
INFO: MockWebServer[38384] received request: POST / HTTP/1.1 and responded: HTTP/1.1 200 OK
Oct 26, 2015 9:51:39 PM com.squareup.okhttp.mockwebserver.MockWebServer$3 acceptConnections
INFO: MockWebServer[38384] done accepting connections: Socket closed
Oct 26, 2015 9:51:39 PM com.squareup.okhttp.mockwebserver.MockWebServer$3 execute
INFO: MockWebServer[38584] starting to accept connections
Oct 26, 2015 9:51:39 PM com.squareup.okhttp.mockwebserver.MockWebServer$4 processOneRequest
INFO: MockWebServer[38584] received request: POST / HTTP/1.1 and responded: HTTP/1.1 200 OK
Oct 26, 2015 9:51:39 PM com.squareup.okhttp.mockwebserver.MockWebServer$3 acceptConnections
INFO: MockWebServer[38584] done accepting connections: Socket closed
Tests run: 2, Failures: 0, Errors: 0, Skipped: 0, Time elapsed: 0.762 sec

Results :

Tests run: 2, Failures: 0, Errors: 0, Skipped: 0

[INFO] 
[INFO] --- animal-sniffer-maven-plugin:1.14:check (default) @ converter-jackson ---
[INFO] Checking unresolved references to org.codehaus.mojo.signature:java16:1.1
[INFO]                                                                         
[INFO] ------------------------------------------------------------------------
[INFO] Building Converter: Wire Protocol Buffers 2.0.0-SNAPSHOT
[INFO] ------------------------------------------------------------------------
[INFO] 
[INFO] --- maven-enforcer-plugin:1.0:enforce (enforce-maven) @ converter-wire ---
[INFO] 
[INFO] --- maven-resources-plugin:2.6:resources (default-resources) @ converter-wire ---
[INFO] Using 'UTF-8' encoding to copy filtered resources.
[INFO] skip non existing resourceDirectory /home/travis/build/square/retrofit/retrofit-converters/wire/src/main/resources
[INFO] 
[INFO] --- maven-compiler-plugin:3.0:compile (default-compile) @ converter-wire ---
[INFO] Changes detected - recompiling the module!
[INFO] Compiling 3 source files to /home/travis/build/square/retrofit/retrofit-converters/wire/target/classes
[WARNING] /home/travis/build/square/retrofit/retrofit-converters/wire/src/main/java/retrofit/WireConverterFactory.java: /home/travis/build/square/retrofit/retrofit-converters/wire/src/main/java/retrofit/WireConverterFactory.java uses unchecked or unsafe operations.
[WARNING] /home/travis/build/square/retrofit/retrofit-converters/wire/src/main/java/retrofit/WireConverterFactory.java: Recompile with -Xlint:unchecked for details.
[INFO] 
[INFO] --- maven-resources-plugin:2.6:testResources (default-testResources) @ converter-wire ---
[INFO] Using 'UTF-8' encoding to copy filtered resources.
[INFO] skip non existing resourceDirectory /home/travis/build/square/retrofit/retrofit-converters/wire/src/test/resources
[INFO] 
[INFO] --- maven-compiler-plugin:3.0:testCompile (default-testCompile) @ converter-wire ---
[INFO] Changes detected - recompiling the module!
[INFO] Compiling 2 source files to /home/travis/build/square/retrofit/retrofit-converters/wire/target/test-classes
[INFO] 
[INFO] --- maven-surefire-plugin:2.12.4:test (default-test) @ converter-wire ---
[INFO] Surefire report directory: /home/travis/build/square/retrofit/retrofit-converters/wire/target/surefire-reports

-------------------------------------------------------
 T E S T S
-------------------------------------------------------
Running retrofit.WireConverterFactoryTest
Oct 26, 2015 9:51:40 PM com.squareup.okhttp.mockwebserver.MockWebServer$3 execute
INFO: MockWebServer[46861] starting to accept connections
Oct 26, 2015 9:51:41 PM com.squareup.okhttp.mockwebserver.MockWebServer$4 processOneRequest
INFO: MockWebServer[46861] received request: POST / HTTP/1.1 and responded: HTTP/1.1 200 OK
Oct 26, 2015 9:51:41 PM com.squareup.okhttp.mockwebserver.MockWebServer$3 acceptConnections
INFO: MockWebServer[46861] done accepting connections: Socket closed
Oct 26, 2015 9:51:41 PM com.squareup.okhttp.mockwebserver.MockWebServer$3 execute
INFO: MockWebServer[44969] starting to accept connections
Oct 26, 2015 9:51:41 PM com.squareup.okhttp.mockwebserver.MockWebServer$3 acceptConnections
INFO: MockWebServer[44969] done accepting connections: Socket is closed
Oct 26, 2015 9:51:41 PM com.squareup.okhttp.mockwebserver.MockWebServer$3 execute
INFO: MockWebServer[59118] starting to accept connections
Oct 26, 2015 9:51:41 PM com.squareup.okhttp.mockwebserver.MockWebServer$3 acceptConnections
INFO: MockWebServer[59118] done accepting connections: Socket closed
Oct 26, 2015 9:51:41 PM com.squareup.okhttp.mockwebserver.MockWebServer$4 processOneRequest
INFO: MockWebServer[59118] received request: GET / HTTP/1.1 and responded: HTTP/1.1 200 OK
Oct 26, 2015 9:51:41 PM com.squareup.okhttp.mockwebserver.MockWebServer$3 execute
INFO: MockWebServer[35373] starting to accept connections
Oct 26, 2015 9:51:41 PM com.squareup.okhttp.mockwebserver.MockWebServer$3 acceptConnections
INFO: MockWebServer[35373] done accepting connections: Socket is closed
Oct 26, 2015 9:51:41 PM com.squareup.okhttp.mockwebserver.MockWebServer$3 execute
INFO: MockWebServer[45953] starting to accept connections
Oct 26, 2015 9:51:41 PM com.squareup.okhttp.mockwebserver.MockWebServer$3 acceptConnections
INFO: MockWebServer[45953] done accepting connections: Socket closed
Oct 26, 2015 9:51:41 PM com.squareup.okhttp.mockwebserver.MockWebServer$4 processOneRequest
INFO: MockWebServer[45953] received request: GET / HTTP/1.1 and responded: HTTP/1.1 200 OK
Tests run: 5, Failures: 0, Errors: 0, Skipped: 0, Time elapsed: 0.894 sec

Results :

Tests run: 5, Failures: 0, Errors: 0, Skipped: 0

[INFO] 
[INFO] --- animal-sniffer-maven-plugin:1.14:check (default) @ converter-wire ---
[INFO] Checking unresolved references to org.codehaus.mojo.signature:java16:1.1
[INFO]                                                                         
[INFO] ------------------------------------------------------------------------
[INFO] Building Converter: SimpleXML 2.0.0-SNAPSHOT
[INFO] ------------------------------------------------------------------------
[INFO] 
[INFO] --- maven-enforcer-plugin:1.0:enforce (enforce-maven) @ converter-simplexml ---
[INFO] 
[INFO] --- maven-resources-plugin:2.6:resources (default-resources) @ converter-simplexml ---
[INFO] Using 'UTF-8' encoding to copy filtered resources.
[INFO] skip non existing resourceDirectory /home/travis/build/square/retrofit/retrofit-converters/simplexml/src/main/resources
[INFO] 
[INFO] --- maven-compiler-plugin:3.0:compile (default-compile) @ converter-simplexml ---
[INFO] Changes detected - recompiling the module!
[INFO] Compiling 3 source files to /home/travis/build/square/retrofit/retrofit-converters/simplexml/target/classes
[INFO] 
[INFO] --- maven-resources-plugin:2.6:testResources (default-testResources) @ converter-simplexml ---
[INFO] Using 'UTF-8' encoding to copy filtered resources.
[INFO] skip non existing resourceDirectory /home/travis/build/square/retrofit/retrofit-converters/simplexml/src/test/resources
[INFO] 
[INFO] --- maven-compiler-plugin:3.0:testCompile (default-testCompile) @ converter-simplexml ---
[INFO] Changes detected - recompiling the module!
[INFO] Compiling 2 source files to /home/travis/build/square/retrofit/retrofit-converters/simplexml/target/test-classes
[INFO] 
[INFO] --- maven-surefire-plugin:2.12.4:test (default-test) @ converter-simplexml ---
[INFO] Surefire report directory: /home/travis/build/square/retrofit/retrofit-converters/simplexml/target/surefire-reports

-------------------------------------------------------
 T E S T S
-------------------------------------------------------
Running retrofit.SimpleXmlConverterFactoryTest
Oct 26, 2015 9:51:42 PM com.squareup.okhttp.mockwebserver.MockWebServer$3 execute
INFO: MockWebServer[49395] starting to accept connections
Oct 26, 2015 9:51:43 PM com.squareup.okhttp.mockwebserver.MockWebServer$4 processOneRequest
INFO: MockWebServer[49395] received request: GET / HTTP/1.1 and responded: HTTP/1.1 200 OK
Oct 26, 2015 9:51:43 PM com.squareup.okhttp.mockwebserver.MockWebServer$3 acceptConnections
INFO: MockWebServer[49395] done accepting connections: Socket closed
Oct 26, 2015 9:51:43 PM com.squareup.okhttp.mockwebserver.MockWebServer$3 execute
INFO: MockWebServer[51603] starting to accept connections
Oct 26, 2015 9:51:43 PM com.squareup.okhttp.mockwebserver.MockWebServer$4 processOneRequest
INFO: MockWebServer[51603] received request: GET / HTTP/1.1 and responded: HTTP/1.1 200 OK
Oct 26, 2015 9:51:43 PM com.squareup.okhttp.mockwebserver.MockWebServer$3 acceptConnections
INFO: MockWebServer[51603] done accepting connections: Socket closed
Oct 26, 2015 9:51:43 PM com.squareup.okhttp.mockwebserver.MockWebServer$3 execute
INFO: MockWebServer[53041] starting to accept connections
Oct 26, 2015 9:51:44 PM com.squareup.okhttp.mockwebserver.MockWebServer$4 processOneRequest
INFO: MockWebServer[53041] received request: POST / HTTP/1.1 and responded: HTTP/1.1 200 OK
Oct 26, 2015 9:51:44 PM com.squareup.okhttp.mockwebserver.MockWebServer$3 acceptConnections
INFO: MockWebServer[53041] done accepting connections: Socket closed
Tests run: 3, Failures: 0, Errors: 0, Skipped: 0, Time elapsed: 1.428 sec

Results :

Tests run: 3, Failures: 0, Errors: 0, Skipped: 0

[INFO] 
[INFO] --- animal-sniffer-maven-plugin:1.14:check (default) @ converter-simplexml ---
[INFO] Checking unresolved references to org.codehaus.mojo.signature:java16:1.1
[INFO]                                                                         
[INFO] ------------------------------------------------------------------------
[INFO] Building Converter: Moshi 2.0.0-SNAPSHOT
[INFO] ------------------------------------------------------------------------
[INFO] 
[INFO] --- maven-enforcer-plugin:1.0:enforce (enforce-maven) @ converter-moshi ---
[INFO] 
[INFO] --- maven-resources-plugin:2.6:resources (default-resources) @ converter-moshi ---
[INFO] Using 'UTF-8' encoding to copy filtered resources.
[INFO] skip non existing resourceDirectory /home/travis/build/square/retrofit/retrofit-converters/moshi/src/main/resources
[INFO] 
[INFO] --- maven-compiler-plugin:3.0:compile (default-compile) @ converter-moshi ---
[INFO] Changes detected - recompiling the module!
[INFO] Compiling 3 source files to /home/travis/build/square/retrofit/retrofit-converters/moshi/target/classes
[INFO] 
[INFO] --- maven-resources-plugin:2.6:testResources (default-testResources) @ converter-moshi ---
[INFO] Using 'UTF-8' encoding to copy filtered resources.
[INFO] skip non existing resourceDirectory /home/travis/build/square/retrofit/retrofit-converters/moshi/src/test/resources
[INFO] 
[INFO] --- maven-compiler-plugin:3.0:testCompile (default-testCompile) @ converter-moshi ---
[INFO] Changes detected - recompiling the module!
[INFO] Compiling 1 source file to /home/travis/build/square/retrofit/retrofit-converters/moshi/target/test-classes
[INFO] 
[INFO] --- maven-surefire-plugin:2.12.4:test (default-test) @ converter-moshi ---
[INFO] Surefire report directory: /home/travis/build/square/retrofit/retrofit-converters/moshi/target/surefire-reports

-------------------------------------------------------
 T E S T S
-------------------------------------------------------
Running retrofit.MoshiConverterFactoryTest
Oct 26, 2015 9:51:45 PM com.squareup.okhttp.mockwebserver.MockWebServer$3 execute
INFO: MockWebServer[55456] starting to accept connections
Oct 26, 2015 9:51:45 PM com.squareup.okhttp.mockwebserver.MockWebServer$4 processOneRequest
INFO: MockWebServer[55456] received request: POST / HTTP/1.1 and responded: HTTP/1.1 200 OK
Oct 26, 2015 9:51:46 PM com.squareup.okhttp.mockwebserver.MockWebServer$3 acceptConnections
INFO: MockWebServer[55456] done accepting connections: Socket closed
Oct 26, 2015 9:51:46 PM com.squareup.okhttp.mockwebserver.MockWebServer$3 execute
INFO: MockWebServer[42578] starting to accept connections
Oct 26, 2015 9:51:46 PM com.squareup.okhttp.mockwebserver.MockWebServer$3 acceptConnections
INFO: MockWebServer[42578] done accepting connections: Socket closed
Oct 26, 2015 9:51:46 PM com.squareup.okhttp.mockwebserver.MockWebServer$4 processOneRequest
INFO: MockWebServer[42578] received request: POST / HTTP/1.1 and responded: HTTP/1.1 200 OK
Tests run: 2, Failures: 0, Errors: 0, Skipped: 0, Time elapsed: 0.936 sec

Results :

Tests run: 2, Failures: 0, Errors: 0, Skipped: 0

[INFO] 
[INFO] --- animal-sniffer-maven-plugin:1.14:check (default) @ converter-moshi ---
[INFO] Checking unresolved references to org.codehaus.mojo.signature:java16:1.1
[INFO]                                                                         
[INFO] ------------------------------------------------------------------------
[INFO] Building Samples 2.0.0-SNAPSHOT
[INFO] ------------------------------------------------------------------------
[INFO] 
[INFO] --- maven-enforcer-plugin:1.0:enforce (enforce-maven) @ samples ---
[INFO] 
[INFO] --- maven-resources-plugin:2.6:resources (default-resources) @ samples ---
[INFO] Using 'UTF-8' encoding to copy filtered resources.
[INFO] skip non existing resourceDirectory /home/travis/build/square/retrofit/samples/src/main/resources
[INFO] 
[INFO] --- maven-compiler-plugin:3.0:compile (default-compile) @ samples ---
[INFO] Changes detected - recompiling the module!
[INFO] Compiling 4 source files to /home/travis/build/square/retrofit/samples/target/classes
[INFO] 
[INFO] --- maven-resources-plugin:2.6:testResources (default-testResources) @ samples ---
[INFO] Using 'UTF-8' encoding to copy filtered resources.
[INFO] skip non existing resourceDirectory /home/travis/build/square/retrofit/samples/src/test/resources
[INFO] 
[INFO] --- maven-compiler-plugin:3.0:testCompile (default-testCompile) @ samples ---
[INFO] No sources to compile
[INFO] 
[INFO] --- maven-surefire-plugin:2.12.4:test (default-test) @ samples ---
[INFO] No tests to run.
[INFO] 
[INFO] --- animal-sniffer-maven-plugin:1.14:check (default) @ samples ---
[INFO] Checking unresolved references to org.codehaus.mojo.signature:java16:1.1
[INFO] ------------------------------------------------------------------------
[INFO] Reactor Summary:
[INFO] 
[INFO] Retrofit (Parent) .................................. SUCCESS [  2.212 s]
[INFO] Retrofit ........................................... SUCCESS [ 12.228 s]
[INFO] Adapters ........................................... SUCCESS [  0.230 s]
[INFO] Adapter: RxJava .................................... SUCCESS [  1.868 s]
[INFO] Retrofit Mock Adapter .............................. SUCCESS [  2.252 s]
[INFO] Adapter: RxJava Mock ............................... SUCCESS [  1.457 s]
[INFO] Converters ......................................... SUCCESS [  0.149 s]
[INFO] Converter: Gson .................................... SUCCESS [  1.393 s]
[INFO] Converter: Protocol Buffers ........................ SUCCESS [  1.861 s]
[INFO] Converter: Jackson ................................. SUCCESS [  2.059 s]
[INFO] Converter: Wire Protocol Buffers ................... SUCCESS [  1.505 s]
[INFO] Converter: SimpleXML ............................... SUCCESS [  3.068 s]
[INFO] Converter: Moshi ................................... SUCCESS [  1.630 s]
[INFO] Samples ............................................ SUCCESS [  1.219 s]
[INFO] ------------------------------------------------------------------------
[INFO] BUILD SUCCESS
[INFO] ------------------------------------------------------------------------
[INFO] Total time: 33.553 s
[INFO] Finished at: 2015-10-26T21:51:47+00:00
[INFO] Final Memory: 42M/349M
[INFO] ------------------------------------------------------------------------
travis_time:end:10b6d7f2:start=1445896271874450140,finish=1445896316491746802,duration=44617296662[0K
[32;1mThe command "mvn test -B" exited with 0.[0m
travis_fold:start:cache.2[0Kstore build cache
travis_time:start:0aa4b931[0Kchange detected:
/home/travis/.m2/repository/com/squareup/retrofit/adapter-rxjava/2.0.0-SNAPSHOT/adapter-rxjava-2.0.0-SNAPSHOT.jar
/home/travis/.m2/repository/com/squareup/retrofit/adapter-rxjava/2.0.0-SNAPSHOT/adapter-rxjava-2.0.0-SNAPSHOT.jar
/home/travis/.m2/repository/com/squareup/retrofit/adapter-rxjava/2.0.0-SNAPSHOT/maven-metadata-local.xml
/home/travis/.m2/repository/com/squareup/retrofit/adapter-rxjava/2.0.0-SNAPSHOT/maven-metadata-local.xml
/home/travis/.m2/repository/com/squareup/retrofit/adapter-rxjava/2.0.0-SNAPSHOT/_remote.repositories
/home/travis/.m2/repository/com/squareup/retrofit/adapter-rxjava/2.0.0-SNAPSHOT/_remote.repositories
/home/travis/.m2/repository/com/squareup/retrofit/adapter-rxjava/maven-metadata-local.xml
/home/travis/.m2/repository/com/squareup/retrofit/adapter-rxjava/maven-metadata-local.xml
/home/travis/.m2/repository/com/squareup/retrofit/adapter-rxjava-mock/2.0.0-SNAPSHOT/adapter-rxjava-mock-2.0.0-SNAPSHOT.jar
/home/travis/.m2/repository/com/squareup/retrofit/adapter
...
changes detected, packing new archive
uploading archive
travis_time:end:0aa4b931:start=1445896316496496138,finish=1445896323631871558,duration=7135375420[0Ktravis_fold:end:cache.2[0Ktravis_fold:start:after_success[0Ktravis_time:start:056e560c[0K$ .buildscript/deploy_snapshot.sh
Deploying snapshot...
Java HotSpot(TM) 64-Bit Server VM warning: ignoring option MaxPermSize=192m; support was removed in 8.0
[INFO] Scanning for projects...
[WARNING] 
[WARNING] Some problems were encountered while building the effective model for com.squareup.retrofit:samples:jar:2.0.0-SNAPSHOT
[WARNING] 'build.plugins.plugin.version' for org.apache.maven.plugins:maven-deploy-plugin is missing. @ com.squareup.retrofit:samples:[unknown-version], /home/travis/build/square/retrofit/samples/pom.xml, line 45, column 15
[WARNING] 
[WARNING] It is highly recommended to fix these problems because they threaten the stability of your build.
[WARNING] 
[WARNING] For this reason, future Maven versions might no longer support building such malformed projects.
[WARNING] 
[INFO] ------------------------------------------------------------------------
[INFO] Reactor Build Order:
[INFO] 
[INFO] Retrofit (Parent)
[INFO] Retrofit
[INFO] Adapters
[INFO] Adapter: RxJava
[INFO] Retrofit Mock Adapter
[INFO] Adapter: RxJava Mock
[INFO] Converters
[INFO] Converter: Gson
[INFO] Converter: Protocol Buffers
[INFO] Converter: Jackson
[INFO] Converter: Wire Protocol Buffers
[INFO] Converter: SimpleXML
[INFO] Converter: Moshi
[INFO] Samples
Downloading: https://repo.maven.apache.org/maven2/org/apache/maven/plugins/maven-release-plugin/2.5/maven-release-plugin-2.5.pom
4/11 KB   8/11 KB   11/11 KB              Downloaded: https://repo.maven.apache.org/maven2/org/apache/maven/plugins/maven-release-plugin/2.5/maven-release-plugin-2.5.pom (11 KB at 13.0 KB/sec)
Downloading: https://repo.maven.apache.org/maven2/org/apache/maven/release/maven-release/2.5/maven-release-2.5.pom
4/5 KB     5/5 KB            Downloaded: https://repo.maven.apache.org/maven2/org/apache/maven/release/maven-release/2.5/maven-release-2.5.pom (5 KB at 295.8 KB/sec)
Downloading: https://repo.maven.apache.org/maven2/org/apache/maven/plugins/maven-release-plugin/2.5/maven-release-plugin-2.5.jar
4/50 KB   8/50 KB   12/50 KB   16/50 KB   20/50 KB   24/50 KB   28/50 KB   32/50 KB   36/50 KB   40/50 KB   44/50 KB   48/50 KB   50/50 KB              Downloaded: https://repo.maven.apache.org/maven2/org/apache/maven/plugins/maven-release-plugin/2.5/maven-release-plugin-2.5.jar (50 KB at 1145.3 KB/sec)
Downloading: https://repo.maven.apache.org/maven2/org/apache/maven/plugins/maven-clean-plugin/2.5/maven-clean-plugin-2.5.pom
4/4 KB              Downloaded: https://repo.maven.apache.org/maven2/org/apache/maven/plugins/maven-clean-plugin/2.5/maven-clean-plugin-2.5.pom (4 KB at 79.7 KB/sec)
Downloading: https://repo.maven.apache.org/maven2/org/apache/maven/plugins/maven-clean-plugin/2.5/maven-clean-plugin-2.5.jar
4/25 KB   8/25 KB   12/25 KB   16/25 KB   20/25 KB   24/25 KB   25/25 KB              Downloaded: https://repo.maven.apache.org/maven2/org/apache/maven/plugins/maven-clean-plugin/2.5/maven-clean-plugin-2.5.jar (25 KB at 289.8 KB/sec)
Downloading: https://repo.maven.apache.org/maven2/org/apache/maven/plugins/maven-deploy-plugin/2.7/maven-deploy-plugin-2.7.pom
4/6 KB     6/6 KB            Downloaded: https://repo.maven.apache.org/maven2/org/apache/maven/plugins/maven-deploy-plugin/2.7/maven-deploy-plugin-2.7.pom (6 KB at 156.6 KB/sec)
Downloading: https://repo.maven.apache.org/maven2/org/apache/maven/plugins/maven-deploy-plugin/2.7/maven-deploy-plugin-2.7.jar
4/27 KB   8/27 KB   12/27 KB   16/27 KB   20/27 KB   24/27 KB   27/27 KB              Downloaded: https://repo.maven.apache.org/maven2/org/apache/maven/plugins/maven-deploy-plugin/2.7/maven-deploy-plugin-2.7.jar (27 KB at 748.6 KB/sec)
Downloading: https://repo.maven.apache.org/maven2/org/apache/maven/plugins/maven-site-plugin/3.3/maven-site-plugin-3.3.pom
4/21 KB    8/21 KB   12/21 KB   16/21 KB   20/21 KB   21/21 KB              Downloaded: https://repo.maven.apache.org/maven2/org/apache/maven/plugins/maven-site-plugin/3.3/maven-site-plugin-3.3.pom (21 KB at 700.9 KB/sec)
Downloading: https://repo.maven.apache.org/maven2/org/apache/maven/plugins/maven-plugins/24/maven-plugins-24.pom
4/11 KB    8/11 KB   11/11 KB              Downloaded: https://repo.maven.apache.org/maven2/org/apache/maven/plugins/maven-plugins/24/maven-plugins-24.pom (11 KB at 659.5 KB/sec)
Downloading: https://repo.maven.apache.org/maven2/org/apache/maven/plugins/maven-site-plugin/3.3/maven-site-plugin-3.3.jar
4/122 KB   8/122 KB   12/122 KB   16/122 KB   20/122 KB   24/122 KB   28/122 KB   32/122 KB   36/122 KB   40/122 KB   44/122 KB   48/122 KB   52/122 KB   56/122 KB   60/122 KB   64/122 KB   68/122 KB   72/122 KB   76/122 KB   80/122 KB   84/122 KB   88/122 KB   92/122 KB   96/122 KB   100/122 KB   104/122 KB   108/122 KB   112/122 KB   116/122 KB   120/122 KB   122/122 KB                Downloaded: https://repo.maven.apache.org/maven2/org/apache/maven/plugins/maven-site-plugin/3.3/maven-site-plugin-3.3.jar (122 KB at 1734.9 KB/sec)
Downloading: https://repo.maven.apache.org/maven2/org/apache/maven/plugins/maven-antrun-plugin/1.3/maven-antrun-plugin-1.3.pom
4/5 KB       5/5 KB            Downloaded: https://repo.maven.apache.org/maven2/org/apache/maven/plugins/maven-antrun-plugin/1.3/maven-antrun-plugin-1.3.pom (5 KB at 128.3 KB/sec)
Downloading: https://repo.maven.apache.org/maven2/org/apache/maven/plugins/maven-plugins/12/maven-plugins-12.pom
4/12 KB   8/12 KB   12/12 KB              Downloaded: https://repo.maven.apache.org/maven2/org/apache/maven/plugins/maven-plugins/12/maven-plugins-12.pom (12 KB at 674.9 KB/sec)
Downloading: https://repo.maven.apache.org/maven2/org/apache/maven/maven-parent/9/maven-parent-9.pom
4/33 KB    8/33 KB   12/33 KB   16/33 KB   20/33 KB   24/33 KB   28/33 KB   32/33 KB   33/33 KB              Downloaded: https://repo.maven.apache.org/maven2/org/apache/maven/maven-parent/9/maven-parent-9.pom (33 KB at 1187.7 KB/sec)
Downloading: https://repo.maven.apache.org/maven2/org/apache/maven/plugins/maven-antrun-plugin/1.3/maven-antrun-plugin-1.3.jar
4/24 KB    8/24 KB   12/24 KB   16/24 KB   20/24 KB   24/24 KB              Downloaded: https://repo.maven.apache.org/maven2/org/apache/maven/plugins/maven-antrun-plugin/1.3/maven-antrun-plugin-1.3.jar (24 KB at 793.8 KB/sec)
Downloading: https://repo.maven.apache.org/maven2/org/apache/maven/plugins/maven-assembly-plugin/2.2-beta-5/maven-assembly-plugin-2.2-beta-5.pom
4/15 KB    8/15 KB   12/15 KB   15/15 KB              Downloaded: https://repo.maven.apache.org/maven2/org/apache/maven/plugins/maven-assembly-plugin/2.2-beta-5/maven-assembly-plugin-2.2-beta-5.pom (15 KB at 704.9 KB/sec)
Downloading: https://repo.maven.apache.org/maven2/org/apache/maven/plugins/maven-plugins/16/maven-plugins-16.pom
4/13 KB    8/13 KB   12/13 KB   13/13 KB              Downloaded: https://repo.maven.apache.org/maven2/org/apache/maven/plugins/maven-plugins/16/maven-plugins-16.pom (13 KB at 549.8 KB/sec)
Downloading: https://repo.maven.apache.org/maven2/org/apache/maven/maven-parent/15/maven-parent-15.pom
4/24 KB    8/24 KB   12/24 KB   16/24 KB   20/24 KB   24/24 KB              Downloaded: https://repo.maven.apache.org/maven2/org/apache/maven/maven-parent/15/maven-parent-15.pom (24 KB at 1019.1 KB/sec)
Downloading: https://repo.maven.apache.org/maven2/org/apache/maven/plugins/maven-assembly-plugin/2.2-beta-5/maven-assembly-plugin-2.2-beta-5.jar
4/204 KB   8/204 KB   12/204 KB   16/204 KB   20/204 KB   24/204 KB   28/204 KB   32/204 KB   36/204 KB   40/204 KB   44/204 KB   48/204 KB   52/204 KB   56/204 KB   60/204 KB   64/204 KB   68/204 KB   72/204 KB   76/204 KB   80/204 KB   84/204 KB   88/204 KB   92/204 KB   96/204 KB   100/204 KB   104/204 KB   108/204 KB   112/204 KB   116/204 KB   120/204 KB   124/204 KB   128/204 KB   132/204 KB   136/204 KB   140/204 KB   144/204 KB   148/204 KB   152/204 KB   156/204 KB   160/204 KB   164/204 KB   168/204 KB   172/204 KB   176/204 KB   180/204 KB   184/204 KB   188/204 KB   192/204 KB   196/204 KB   200/204 KB   204/204 KB   204/204 KB                Downloaded: https://repo.maven.apache.org/maven2/org/apache/maven/plugins/maven-assembly-plugin/2.2-beta-5/maven-assembly-plugin-2.2-beta-5.jar (204 KB at 1789.2 KB/sec)
Downloading: https://repo.maven.apache.org/maven2/org/apache/maven/plugins/maven-dependency-plugin/2.8/maven-dependency-plugin-2.8.pom
4/12 KB      8/12 KB   12/12 KB              Downloaded: https://repo.maven.apache.org/maven2/org/apache/maven/plugins/maven-dependency-plugin/2.8/maven-dependency-plugin-2.8.pom (12 KB at 310.7 KB/sec)
Downloading: https://repo.maven.apache.org/maven2/org/apache/maven/plugins/maven-dependency-plugin/2.8/maven-dependency-plugin-2.8.jar
4/150 KB   8/150 KB   12/150 KB   16/150 KB   20/150 KB   24/150 KB   28/150 KB   32/150 KB   36/150 KB   40/150 KB   44/150 KB   48/150 KB   52/150 KB   56/150 KB   60/150 KB   64/150 KB   68/150 KB   72/150 KB   76/150 KB   80/150 KB   84/150 KB   88/150 KB   92/150 KB   96/150 KB   100/150 KB   104/150 KB   108/150 KB   112/150 KB   116/150 KB   120/150 KB   124/150 KB   128/150 KB   132/150 KB   136/150 KB   140/150 KB   144/150 KB   148/150 KB   150/150 KB                Downloaded: https://repo.maven.apache.org/maven2/org/apache/maven/plugins/maven-dependency-plugin/2.8/maven-dependency-plugin-2.8.jar (150 KB at 1558.3 KB/sec)
Downloading: https://repo.maven.apache.org/maven2/org/apache/maven/plugins/maven-release-plugin/2.1/maven-release-plugin-2.1.pom
4/9 KB       8/9 KB   9/9 KB            Downloaded: https://repo.maven.apache.org/maven2/org/apache/maven/plugins/maven-release-plugin/2.1/maven-release-plugin-2.1.pom (9 KB at 422.6 KB/sec)
Downloading: https://repo.maven.apache.org/maven2/org/apache/maven/release/maven-release/2.1/maven-release-2.1.pom
4/7 KB   7/7 KB            Downloaded: https://repo.maven.apache.org/maven2/org/apache/maven/release/maven-release/2.1/maven-release-2.1.pom (7 KB at 287.7 KB/sec)
Downloading: https://repo.maven.apache.org/maven2/org/apache/maven/plugins/maven-release-plugin/2.1/maven-release-plugin-2.1.jar
4/40 KB   8/40 KB   12/40 KB   16/40 KB   20/40 KB   24/40 KB   28/40 KB   32/40 KB   36/40 KB   40/40 KB              Downloaded: https://repo.maven.apache.org/maven2/org/apache/maven/plugins/maven-release-plugin/2.1/maven-release-plugin-2.1.jar (40 KB at 933.8 KB/sec)
Downloading: https://repo.maven.apache.org/maven2/org/apache/maven/plugins/maven-metadata.xml
Downloading: https://repo.maven.apache.org/maven2/org/codehaus/mojo/maven-metadata.xml
4/13 KB    8/13 KB   12/13 KB   13/13 KB              Downloaded: https://repo.maven.apache.org/maven2/org/apache/maven/plugins/maven-metadata.xml (13 KB at 422.7 KB/sec)
4/20 KB    8/20 KB   12/20 KB   16/20 KB   20/20 KB   20/20 KB              Downloaded: https://repo.maven.apache.org/maven2/org/codehaus/mojo/maven-metadata.xml (20 KB at 241.5 KB/sec)
Downloading: https://repo.maven.apache.org/maven2/org/apache/maven/plugins/maven-source-plugin/maven-metadata.xml
746/746 B               Downloaded: https://repo.maven.apache.org/maven2/org/apache/maven/plugins/maven-source-plugin/maven-metadata.xml (746 B at 30.4 KB/sec)
Downloading: https://repo.maven.apache.org/maven2/org/apache/maven/plugins/maven-source-plugin/2.4/maven-source-plugin-2.4.pom
4/7 KB      7/7 KB            Downloaded: https://repo.maven.apache.org/maven2/org/apache/maven/plugins/maven-source-plugin/2.4/maven-source-plugin-2.4.pom (7 KB at 341.5 KB/sec)
Downloading: https://repo.maven.apache.org/maven2/org/apache/maven/plugins/maven-plugins/25/maven-plugins-25.pom
2/10 KB   6/10 KB   10/10 KB   10/10 KB              Downloaded: https://repo.maven.apache.org/maven2/org/apache/maven/plugins/maven-plugins/25/maven-plugins-25.pom (10 KB at 490.9 KB/sec)
Downloading: https://repo.maven.apache.org/maven2/org/apache/maven/plugins/maven-source-plugin/2.4/maven-source-plugin-2.4.jar
4/31 KB    8/31 KB   12/31 KB   14/31 KB   18/31 KB   22/31 KB   26/31 KB   30/31 KB   31/31 KB              Downloaded: https://repo.maven.apache.org/maven2/org/apache/maven/plugins/maven-source-plugin/2.4/maven-source-plugin-2.4.jar (31 KB at 1096.0 KB/sec)
Downloading: https://repo.maven.apache.org/maven2/org/apache/maven/plugins/maven-javadoc-plugin/maven-metadata.xml
910/910 B               Downloaded: https://repo.maven.apache.org/maven2/org/apache/maven/plugins/maven-javadoc-plugin/maven-metadata.xml (910 B at 68.4 KB/sec)
Downloading: https://repo.maven.apache.org/maven2/org/apache/maven/plugins/maven-javadoc-plugin/2.10.3/maven-javadoc-plugin-2.10.3.pom
4/16 KB     8/16 KB   12/16 KB   16/16 KB   16/16 KB              Downloaded: https://repo.maven.apache.org/maven2/org/apache/maven/plugins/maven-javadoc-plugin/2.10.3/maven-javadoc-plugin-2.10.3.pom (16 KB at 757.4 KB/sec)
Downloading: https://repo.maven.apache.org/maven2/org/apache/maven/plugins/maven-javadoc-plugin/2.10.3/maven-javadoc-plugin-2.10.3.jar
4/396 KB   8/396 KB   12/396 KB   16/396 KB   20/396 KB   24/396 KB   28/396 KB   32/396 KB   36/396 KB   40/396 KB   44/396 KB   48/396 KB   52/396 KB   56/396 KB   60/396 KB   64/396 KB   68/396 KB   72/396 KB   76/396 KB   80/396 KB   84/396 KB   88/396 KB   92/396 KB   96/396 KB   100/396 KB   104/396 KB   108/396 KB   112/396 KB   116/396 KB   120/396 KB   124/396 KB   128/396 KB   132/396 KB   136/396 KB   140/396 KB   144/396 KB   148/396 KB   152/396 KB   156/396 KB   160/396 KB   164/396 KB   168/396 KB   172/396 KB   176/396 KB   180/396 KB   184/396 KB   188/396 KB   192/396 KB   196/396 KB   200/396 KB   204/396 KB   208/396 KB   212/396 KB   216/396 KB   220/396 KB   224/396 KB   228/396 KB   232/396 KB   236/396 KB   240/396 KB   244/396 KB   248/396 KB   252/396 KB   256/396 KB   260/396 KB   264/396 KB   268/396 KB   272/396 KB   276/396 KB   280/396 KB   284/396 KB   288/396 KB   292/396 KB   296/396 KB   300/396 KB   304/396 KB   308/396 KB   312/396 KB   316/396 KB   320/396 KB   324/396 KB   328/396 KB   332/396 KB   336/396 KB   340/396 KB   344/396 KB   348/396 KB   352/396 KB   356/396 KB   360/396 KB   364/396 KB   368/396 KB   372/396 KB   376/396 KB   380/396 KB   384/396 KB   388/396 KB   392/396 KB   396/396 KB   396/396 KB                Downloaded: https://repo.maven.apache.org/maven2/org/apache/maven/plugins/maven-javadoc-plugin/2.10.3/maven-javadoc-plugin-2.10.3.jar (396 KB at 2621.0 KB/sec)
[INFO]                                                                         
[INFO] ------------------------------------------------------------------------
[INFO] Building Retrofit (Parent) 2.0.0-SNAPSHOT
[INFO] ------------------------------------------------------------------------
[INFO] 
[INFO] --- maven-clean-plugin:2.5:clean (default-clean) @ parent ---
[INFO] 
[INFO] >>> maven-source-plugin:2.4:jar (default-cli) > generate-sources @ parent >>>
[INFO] 
[INFO] --- maven-enforcer-plugin:1.0:enforce (enforce-maven) @ parent ---
[INFO] 
[INFO] <<< maven-source-plugin:2.4:jar (default-cli) < generate-sources @ parent <<<
[INFO] 
[INFO] --- maven-source-plugin:2.4:jar (default-cli) @ parent ---
Downloading: https://repo.maven.apache.org/maven2/org/codehaus/plexus/plexus-archiver/2.6.3/plexus-archiver-2.6.3.pom
4/4 KB                Downloaded: https://repo.maven.apache.org/maven2/org/codehaus/plexus/plexus-archiver/2.6.3/plexus-archiver-2.6.3.pom (4 KB at 165.7 KB/sec)
Downloading: https://repo.maven.apache.org/maven2/org/codehaus/plexus/plexus-utils/3.0.18/plexus-utils-3.0.18.pom
4/4 KB            Downloaded: https://repo.maven.apache.org/maven2/org/codehaus/plexus/plexus-utils/3.0.18/plexus-utils-3.0.18.pom (4 KB at 195.0 KB/sec)
Downloading: https://repo.maven.apache.org/maven2/org/codehaus/plexus/plexus-io/2.1.3/plexus-io-2.1.3.pom
3/3 KB            Downloaded: https://repo.maven.apache.org/maven2/org/codehaus/plexus/plexus-io/2.1.3/plexus-io-2.1.3.pom (3 KB at 99.7 KB/sec)
Downloading: https://repo.maven.apache.org/maven2/org/codehaus/plexus/plexus-components/1.2/plexus-components-1.2.pom
3/3 KB            Downloaded: https://repo.maven.apache.org/maven2/org/codehaus/plexus/plexus-components/1.2/plexus-components-1.2.pom (3 KB at 248.9 KB/sec)
Downloading: https://repo.maven.apache.org/maven2/org/apache/commons/commons-compress/1.8.1/commons-compress-1.8.1.pom
4/12 KB   8/12 KB   12/12 KB              Downloaded: https://repo.maven.apache.org/maven2/org/apache/commons/commons-compress/1.8.1/commons-compress-1.8.1.pom (12 KB at 286.3 KB/sec)
Downloading: https://repo.maven.apache.org/maven2/org/apache/commons/commons-parent/33/commons-parent-33.pom
4/52 KB    8/52 KB   12/52 KB   16/52 KB   20/52 KB   24/52 KB   28/52 KB   32/52 KB   36/52 KB   40/52 KB   44/52 KB   48/52 KB   52/52 KB   52/52 KB              Downloaded: https://repo.maven.apache.org/maven2/org/apache/commons/commons-parent/33/commons-parent-33.pom (52 KB at 960.1 KB/sec)
Downloading: https://repo.maven.apache.org/maven2/org/codehaus/plexus/plexus-interpolation/1.11/plexus-interpolation-1.11.jar
Downloading: https://repo.maven.apache.org/maven2/org/codehaus/plexus/plexus-archiver/2.6.3/plexus-archiver-2.6.3.jar
4/50 KB    8/50 KB   12/50 KB   16/50 KB   20/50 KB   24/50 KB   28/50 KB   32/50 KB   36/50 KB   40/50 KB   44/50 KB   48/50 KB   50/50 KB   Downloading: https://repo.maven.apache.org/maven2/org/apache/commons/commons-compress/1.8.1/commons-compress-1.8.1.jar
Downloading: https://repo.maven.apache.org/maven2/org/codehaus/plexus/plexus-io/2.1.3/plexus-io-2.1.3.jar
50/50 KB   4/129 KB   50/50 KB   8/129 KB   50/50 KB   12/129 KB   50/50 KB   16/129 KB   50/50 KB   20/129 KB   50/50 KB   24/129 KB   50/50 KB   28/129 KB   50/50 KB   32/129 KB   50/50 KB   36/129 KB   50/50 KB   40/129 KB   50/50 KB   44/129 KB   50/50 KB   48/129 KB   50/50 KB   52/129 KB   50/50 KB   56/129 KB   50/50 KB   60/129 KB   50/50 KB   64/129 KB   Downloading: https://repo.maven.apache.org/maven2/org/codehaus/plexus/plexus-utils/3.0.18/plexus-utils-3.0.18.jar
50/50 KB   68/129 KB   4/65 KB   50/50 KB   68/129 KB   50/50 KB   68/129 KB   8/65 KB   50/50 KB   72/129 KB   8/65 KB   50/50 KB   72/129 KB   12/65 KB   50/50 KB   76/129 KB   12/65 KB   50/50 KB   76/129 KB   16/65 KB   50/50 KB   80/129 KB   16/65 KB   50/50 KB   84/129 KB   16/65 KB   50/50 KB   88/129 KB   16/65 KB   50/50 KB   92/129 KB   16/65 KB   50/50 KB   96/129 KB   16/65 KB   50/50 KB   100/129 KB   16/65 KB   50/50 KB   104/129 KB   16/65 KB   50/50 KB   108/129 KB   16/65 KB   50/50 KB   112/129 KB   16/65 KB                                      Downloaded: https://repo.maven.apache.org/maven2/org/codehaus/plexus/plexus-interpolation/1.11/plexus-interpolation-1.11.jar (50 KB at 255.1 KB/sec)
116/129 KB   20/65 KB   120/129 KB   20/65 KB   124/129 KB   20/65 KB   128/129 KB   20/65 KB   129/129 KB   20/65 KB   112/129 KB   20/65 KB              129/129 KB   24/65 KB   129/129 KB   28/65 KB   129/129 KB   32/65 KB   129/129 KB   36/65 KB   129/129 KB   40/65 KB   129/129 KB   44/65 KB   129/129 KB   48/65 KB                           Downloaded: https://repo.maven.apache.org/maven2/org/codehaus/plexus/plexus-archiver/2.6.3/plexus-archiver-2.6.3.jar (129 KB at 557.7 KB/sec)
4/238 KB   48/65 KB     8/238 KB   48/65 KB   12/238 KB   48/65 KB   16/238 KB   52/65 KB   20/238 KB   52/65 KB   24/238 KB   52/65 KB   4/357 KB   28/238 KB   52/65 KB   4/357 KB   32/238 KB   52/65 KB   4/357 KB   36/238 KB   52/65 KB   4/357 KB   12/238 KB   52/65 KB   20/238 KB   52/65 KB   4/357 KB   36/238 KB   52/65 KB   8/357 KB   36/238 KB   52/65 KB   12/357 KB   36/238 KB   52/65 KB   16/357 KB   36/238 KB   52/65 KB   20/357 KB   36/238 KB   56/65 KB   24/357 KB   36/238 KB   56/65 KB   28/357 KB   36/238 KB   56/65 KB   32/357 KB   36/238 KB   56/65 KB   36/357 KB   36/238 KB   56/65 KB   20/357 KB   40/238 KB   60/65 KB   36/357 KB   40/238 KB   64/65 KB   36/357 KB   40/238 KB   65/65 KB   36/357 KB   40/238 KB   56/65 KB   36/357 KB   44/238 KB   65/65 KB   40/357 KB   48/238 KB   65/65 KB   40/357 KB   52/238 KB   65/65 KB   40/357 KB   40/238 KB   65/65 KB   40/357 KB   52/238 KB   65/65 KB   44/357 KB   52/238 KB   65/65 KB   48/357 KB   56/238 KB   65/65 KB   48/357 KB   60/238 KB   52/357 KB   64/238 KB   52/357 KB                                      Downloaded: https://repo.maven.apache.org/maven2/org/codehaus/plexus/plexus-io/2.1.3/plexus-io-2.1.3.jar (65 KB at 183.8 KB/sec)
56/238 KB   52/357 KB              64/238 KB   56/357 KB   64/238 KB   60/357 KB   64/238 KB   64/357 KB   64/238 KB   68/357 KB   68/238 KB   72/357 KB   68/238 KB   76/357 KB   68/238 KB   68/357 KB   72/238 KB   76/357 KB   76/238 KB   76/357 KB   80/238 KB   76/357 KB   80/238 KB   80/357 KB   84/238 KB   80/357 KB   88/238 KB   80/357 KB   92/238 KB   80/357 KB   96/238 KB   80/357 KB   96/238 KB   84/357 KB   96/238 KB   88/357 KB   96/238 KB   92/357 KB   96/238 KB   96/357 KB   100/238 KB   96/357 KB   104/238 KB   96/357 KB   108/238 KB   96/357 KB   112/238 KB   96/357 KB   112/238 KB   100/357 KB   112/238 KB   104/357 KB   112/238 KB   108/357 KB   112/238 KB   112/357 KB   112/238 KB   116/357 KB   112/238 KB   120/357 KB   112/238 KB   124/357 KB   112/238 KB   128/357 KB   116/238 KB   128/357 KB   120/238 KB   128/357 KB   124/238 KB   128/357 KB   128/238 KB   128/357 KB   128/238 KB   132/357 KB   128/238 KB   136/357 KB   128/238 KB   140/357 KB   128/238 KB   144/357 KB   132/238 KB   144/357 KB   136/238 KB   144/357 KB   140/238 KB   144/357 KB   144/238 KB   144/357 KB   144/238 KB   148/357 KB   144/238 KB   152/357 KB   144/238 KB   156/357 KB   144/238 KB   160/357 KB   144/238 KB   164/357 KB   144/238 KB   168/357 KB   144/238 KB   172/357 KB   144/238 KB   176/357 KB   148/238 KB   176/357 KB   152/238 KB   176/357 KB   156/238 KB   176/357 KB   160/238 KB   176/357 KB   160/238 KB   180/357 KB   160/238 KB   184/357 KB   160/238 KB   188/357 KB   160/238 KB   192/357 KB   164/238 KB   192/357 KB   168/238 KB   192/357 KB   172/238 KB   192/357 KB   176/238 KB   192/357 KB   176/238 KB   196/357 KB   176/238 KB   200/357 KB   176/238 KB   204/357 KB   176/238 KB   208/357 KB   176/238 KB   212/357 KB   176/238 KB   216/357 KB   176/238 KB   220/357 KB   176/238 KB   224/357 KB   180/238 KB   224/357 KB   184/238 KB   224/357 KB   188/238 KB   224/357 KB   192/238 KB   224/357 KB   192/238 KB   228/357 KB   192/238 KB   232/357 KB   192/238 KB   236/357 KB   192/238 KB   240/357 KB   196/238 KB   240/357 KB   200/238 KB   240/357 KB   204/238 KB   240/357 KB   208/238 KB   240/357 KB   208/238 KB   244/357 KB   208/238 KB   248/357 KB   208/238 KB   252/357 KB   208/238 KB   256/357 KB   208/238 KB   260/357 KB   208/238 KB   264/357 KB   208/238 KB   268/357 KB   212/238 KB   268/357 KB   212/238 KB   272/357 KB   216/238 KB   272/357 KB   220/238 KB   272/357 KB   224/238 KB   272/357 KB   224/238 KB   276/357 KB   224/238 KB   280/357 KB   224/238 KB   284/357 KB   224/238 KB   288/357 KB   228/238 KB   288/357 KB   232/238 KB   288/357 KB   236/238 KB   288/357 KB   238/238 KB   288/357 KB   238/238 KB   292/357 KB   238/238 KB   296/357 KB   238/238 KB   300/357 KB   238/238 KB   304/357 KB   238/238 KB   308/357 KB   238/238 KB   312/357 KB   238/238 KB   316/357 KB   238/238 KB   320/357 KB   238/238 KB   324/357 KB   238/238 KB   328/357 KB   238/238 KB   332/357 KB   238/238 KB   336/357 KB                             Downloaded: https://repo.maven.apache.org/maven2/org/codehaus/plexus/plexus-utils/3.0.18/plexus-utils-3.0.18.jar (238 KB at 585.9 KB/sec)
340/357 KB                344/357 KB   348/357 KB   352/357 KB   356/357 KB   357/357 KB                Downloaded: https://repo.maven.apache.org/maven2/org/apache/commons/commons-compress/1.8.1/commons-compress-1.8.1.jar (357 KB at 828.3 KB/sec)
[INFO] 
[INFO] --- maven-javadoc-plugin:2.10.3:jar (default-cli) @ parent ---
Downloading: https://repo.maven.apache.org/maven2/org/apache/maven/shared/maven-invoker/2.0.9/maven-invoker-2.0.9.pom
4/6 KB       6/6 KB            Downloaded: https://repo.maven.apache.org/maven2/org/apache/maven/shared/maven-invoker/2.0.9/maven-invoker-2.0.9.pom (6 KB at 201.5 KB/sec)
Downloading: https://repo.maven.apache.org/maven2/org/apache/maven/maven-plugin-api/2.0.8/maven-plugin-api-2.0.8.pom
2/2 KB            Downloaded: https://repo.maven.apache.org/maven2/org/apache/maven/maven-plugin-api/2.0.8/maven-plugin-api-2.0.8.pom (2 KB at 121.6 KB/sec)
Downloading: https://repo.maven.apache.org/maven2/org/codehaus/plexus/plexus-utils/1.4.9/plexus-utils-1.4.9.pom
3/3 KB            Downloaded: https://repo.maven.apache.org/maven2/org/codehaus/plexus/plexus-utils/1.4.9/plexus-utils-1.4.9.pom (3 KB at 224.2 KB/sec)
Downloading: https://repo.maven.apache.org/maven2/org/apache/maven/wagon/wagon-provider-api/1.0-beta-6/wagon-provider-api-1.0-beta-6.pom
2/2 KB            Downloaded: https://repo.maven.apache.org/maven2/org/apache/maven/wagon/wagon-provider-api/1.0-beta-6/wagon-provider-api-1.0-beta-6.pom (2 KB at 143.2 KB/sec)
Downloading: https://repo.maven.apache.org/maven2/org/apache/maven/wagon/wagon/1.0-beta-6/wagon-1.0-beta-6.pom
1/13 KB   5/13 KB   9/13 KB   13/13 KB              Downloaded: https://repo.maven.apache.org/maven2/org/apache/maven/wagon/wagon/1.0-beta-6/wagon-1.0-beta-6.pom (13 KB at 525.9 KB/sec)
Downloading: https://repo.maven.apache.org/maven2/org/codehaus/plexus/plexus-utils/1.4.2/plexus-utils-1.4.2.pom
2/2 KB              Downloaded: https://repo.maven.apache.org/maven2/org/codehaus/plexus/plexus-utils/1.4.2/plexus-utils-1.4.2.pom (2 KB at 159.4 KB/sec)
Downloading: https://repo.maven.apache.org/maven2/commons-io/commons-io/2.2/commons-io-2.2.pom
3/11 KB   7/11 KB   11/11 KB   11/11 KB              Downloaded: https://repo.maven.apache.org/maven2/commons-io/commons-io/2.2/commons-io-2.2.pom (11 KB at 718.4 KB/sec)
Downloading: https://repo.maven.apache.org/maven2/org/apache/commons/commons-parent/24/commons-parent-24.pom
4/47 KB    8/47 KB   12/47 KB   16/47 KB   20/47 KB   24/47 KB   28/47 KB   32/47 KB   36/47 KB   40/47 KB   43/47 KB   47/47 KB              Downloaded: https://repo.maven.apache.org/maven2/org/apache/commons/commons-parent/24/commons-parent-24.pom (47 KB at 1318.8 KB/sec)
Downloading: https://repo.maven.apache.org/maven2/org/apache/httpcomponents/httpclient/4.2.3/httpclient-4.2.3.pom
4/6 KB     6/6 KB            Downloaded: https://repo.maven.apache.org/maven2/org/apache/httpcomponents/httpclient/4.2.3/httpclient-4.2.3.pom (6 KB at 339.6 KB/sec)
Downloading: https://repo.maven.apache.org/maven2/org/apache/httpcomponents/httpcomponents-client/4.2.3/httpcomponents-client-4.2.3.pom
2/15 KB   6/15 KB   10/15 KB   14/15 KB   15/15 KB              Downloaded: https://repo.maven.apache.org/maven2/org/apache/httpcomponents/httpcomponents-client/4.2.3/httpcomponents-client-4.2.3.pom (15 KB at 679.1 KB/sec)
Downloading: https://repo.maven.apache.org/maven2/org/apache/httpcomponents/project/6/project-6.pom
4/24 KB    8/24 KB   12/24 KB   16/24 KB   20/24 KB   24/24 KB              Downloaded: https://repo.maven.apache.org/maven2/org/apache/httpcomponents/project/6/project-6.pom (24 KB at 732.0 KB/sec)
Downloading: https://repo.maven.apache.org/maven2/org/apache/httpcomponents/httpcore/4.2.2/httpcore-4.2.2.pom
4/6 KB     6/6 KB            Downloaded: https://repo.maven.apache.org/maven2/org/apache/httpcomponents/httpcore/4.2.2/httpcore-4.2.2.pom (6 KB at 213.5 KB/sec)
Downloading: https://repo.maven.apache.org/maven2/org/apache/httpcomponents/httpcomponents-core/4.2.2/httpcomponents-core-4.2.2.pom
2/12 KB   6/12 KB   10/12 KB   12/12 KB              Downloaded: https://repo.maven.apache.org/maven2/org/apache/httpcomponents/httpcomponents-core/4.2.2/httpcomponents-core-4.2.2.pom (12 KB at 800.3 KB/sec)
Downloading: https://repo.maven.apache.org/maven2/commons-codec/commons-codec/1.6/commons-codec-1.6.pom
4/11 KB    8/11 KB   11/11 KB              Downloaded: https://repo.maven.apache.org/maven2/commons-codec/commons-codec/1.6/commons-codec-1.6.pom (11 KB at 389.1 KB/sec)
Downloading: https://repo.maven.apache.org/maven2/log4j/log4j/1.2.14/log4j-1.2.14.pom
3/3 KB              Downloaded: https://repo.maven.apache.org/maven2/log4j/log4j/1.2.14/log4j-1.2.14.pom (3 KB at 68.2 KB/sec)
Downloading: https://repo.maven.apache.org/maven2/com/thoughtworks/qdox/qdox/1.12.1/qdox-1.12.1.pom
1/18 KB   5/18 KB   9/18 KB   13/18 KB   17/18 KB   18/18 KB              Downloaded: https://repo.maven.apache.org/maven2/com/thoughtworks/qdox/qdox/1.12.1/qdox-1.12.1.pom (18 KB at 554.4 KB/sec)
Downloading: https://repo.maven.apache.org/maven2/org/codehaus/plexus/plexus-archiver/2.9/plexus-archiver-2.9.pom
4/5 KB     5/5 KB            Downloaded: https://repo.maven.apache.org/maven2/org/codehaus/plexus/plexus-archiver/2.9/plexus-archiver-2.9.pom (5 KB at 129.2 KB/sec)
Downloading: https://repo.maven.apache.org/maven2/org/codehaus/plexus/plexus-io/2.4/plexus-io-2.4.pom
4/4 KB            Downloaded: https://repo.maven.apache.org/maven2/org/codehaus/plexus/plexus-io/2.4/plexus-io-2.4.pom (4 KB at 145.6 KB/sec)
Downloading: https://repo.maven.apache.org/maven2/org/apache/commons/commons-compress/1.9/commons-compress-1.9.pom
1/12 KB   5/12 KB   9/12 KB   12/12 KB              Downloaded: https://repo.maven.apache.org/maven2/org/apache/commons/commons-compress/1.9/commons-compress-1.9.pom (12 KB at 189.2 KB/sec)
Downloading: https://repo.maven.apache.org/maven2/org/apache/commons/commons-parent/34/commons-parent-34.pom
4/55 KB    8/55 KB   12/55 KB   16/55 KB   20/55 KB   24/55 KB   28/55 KB   32/55 KB   36/55 KB   40/55 KB   44/55 KB   48/55 KB   52/55 KB   55/55 KB              Downloaded: https://repo.maven.apache.org/maven2/org/apache/commons/commons-parent/34/commons-parent-34.pom (55 KB at 815.4 KB/sec)
Downloading: https://repo.maven.apache.org/maven2/org/apache/maven/shared/maven-invoker/2.0.9/maven-invoker-2.0.9.jar
Downloading: https://repo.maven.apache.org/maven2/org/apache/maven/doxia/doxia-core/1.4/doxia-core-1.4.jar
Downloading: https://repo.maven.apache.org/maven2/org/codehaus/plexus/plexus-velocity/1.1.7/plexus-velocity-1.1.7.jar
Downloading: https://repo.maven.apache.org/maven2/commons-digester/commons-digester/1.8/commons-digester-1.8.jar
4/8 KB     8/8 KB   Downloading: https://repo.maven.apache.org/maven2/antlr/antlr/2.7.2/antlr-2.7.2.jar
8/8 KB   4/141 KB   4/141 KB   4/162 KB   4/141 KB   8/162 KB   4/350 KB   8/141 KB   12/162 KB   4/28 KB   4/350 KB   8/141 KB   16/162 KB   4/28 KB   4/350 KB   8/141 KB   20/162 KB   4/28 KB                       Downloaded: https://repo.maven.apache.org/maven2/org/codehaus/plexus/plexus-velocity/1.1.7/plexus-velocity-1.1.7.jar (8 KB at 53.1 KB/sec)
Downloading: https://repo.maven.apache.org/maven2/commons-lang/commons-lang/2.4/commons-lang-2.4.jar
4/350 KB   8/141 KB   24/162 KB   4/28 KB   4/350 KB   8/141 KB   28/162 KB   4/28 KB   4/350 KB   8/141 KB   32/162 KB   4/28 KB   4/350 KB   8/141 KB   8/162 KB   4/28 KB   8/141 KB   8/162 KB   4/28 KB   8/350 KB   8/141 KB   32/162 KB   8/28 KB   8/350 KB   8/141 KB   32/162 KB   12/28 KB   8/350 KB   8/141 KB   32/162 KB   16/28 KB   8/350 KB   8/141 KB   32/162 KB   20/28 KB   8/350 KB   8/141 KB   32/162 KB   24/28 KB   8/350 KB   8/141 KB   32/162 KB   27/28 KB   8/350 KB   8/141 KB   32/162 KB   28/28 KB   4/256 KB   8/350 KB   8/141 KB   32/162 KB   28/28 KB   8/141 KB   8/162 KB   4/256 KB   8/350 KB   12/141 KB   32/162 KB   28/28 KB   4/256 KB   8/350 KB   16/141 KB   32/162 KB   28/28 KB                                                            Downloaded: https://repo.maven.apache.org/maven2/org/apache/maven/shared/maven-invoker/2.0.9/maven-invoker-2.0.9.jar (28 KB at 130.3 KB/sec)
Downloading: https://repo.maven.apache.org/maven2/commons-io/commons-io/2.2/commons-io-2.2.jar
4/256 KB   8/350 KB   20/141 KB   32/162 KB              4/256 KB   8/350 KB   24/141 KB   32/162 KB   4/256 KB   8/350 KB   28/141 KB   32/162 KB   4/256 KB   8/350 KB   32/141 KB   32/162 KB   8/350 KB   8/141 KB   32/162 KB   4/28 KB   4/256 KB   12/350 KB   32/141 KB   32/162 KB   4/256 KB   16/350 KB   32/141 KB   32/162 KB   4/256 KB   20/350 KB   32/141 KB   32/162 KB   8/256 KB   24/350 KB   36/141 KB   32/162 KB   8/256 KB   28/350 KB   36/141 KB   32/162 KB   8/256 KB   32/350 KB   36/141 KB   32/162 KB   8/256 KB   32/350 KB   36/141 KB   36/162 KB   8/256 KB   32/350 KB   36/141 KB   40/162 KB   8/256 KB   32/350 KB   36/141 KB   44/162 KB   8/256 KB   32/350 KB   36/141 KB   48/162 KB   8/256 KB   20/350 KB   36/141 KB   32/162 KB   8/256 KB   32/350 KB   40/141 KB   48/162 KB   8/256 KB   32/350 KB   44/141 KB   48/162 KB   8/256 KB   32/350 KB   48/141 KB   48/162 KB   8/256 KB   20/350 KB   32/141 KB   32/162 KB   12/256 KB   32/350 KB   48/141 KB   48/162 KB   16/256 KB   32/350 KB   48/141 KB   48/162 KB   16/256 KB   32/350 KB   48/141 KB   52/162 KB   16/256 KB   32/350 KB   48/141 KB   56/162 KB   16/256 KB   32/350 KB   48/141 KB   60/162 KB   16/256 KB   32/350 KB   48/141 KB   64/162 KB   20/256 KB   32/350 KB   48/141 KB   64/162 KB   24/256 KB   32/350 KB   48/141 KB   64/162 KB   28/256 KB   32/350 KB   48/141 KB   64/162 KB   32/256 KB   32/350 KB   48/141 KB   64/162 KB   32/256 KB   32/350 KB   48/141 KB   68/162 KB   32/256 KB   32/350 KB   48/141 KB   72/162 KB   32/256 KB   32/350 KB   48/141 KB   76/162 KB   32/256 KB   32/350 KB   48/141 KB   80/162 KB   32/256 KB   32/350 KB   48/141 KB   84/162 KB   32/256 KB   32/350 KB   4/170 KB   48/141 KB   88/162 KB   32/256 KB   32/350 KB   4/170 KB   48/141 KB   92/162 KB   32/256 KB   32/350 KB   4/170 KB   48/141 KB   96/162 KB   32/256 KB   36/350 KB   4/170 KB   48/141 KB   96/162 KB   32/256 KB   32/350 KB   4/170 KB   48/141 KB   84/162 KB   36/256 KB   40/350 KB   8/170 KB   52/141 KB   100/162 KB   36/256 KB   40/350 KB   12/170 KB   52/141 KB   100/162 KB   36/256 KB   40/350 KB   16/170 KB   52/141 KB   100/162 KB   36/256 KB   40/350 KB   20/170 KB   52/141 KB   100/162 KB   36/256 KB   40/350 KB   24/170 KB   52/141 KB   100/162 KB   36/256 KB   40/350 KB   28/170 KB   52/141 KB   100/162 KB   36/256 KB   40/350 KB   32/170 KB   52/141 KB   100/162 KB   36/256 KB   40/350 KB   4/170 KB   52/141 KB   100/162 KB   36/256 KB   36/350 KB   4/170 KB   52/141 KB   100/162 KB   36/256 KB   44/350 KB   32/170 KB   52/141 KB   104/162 KB   36/256 KB   44/350 KB   32/170 KB   52/141 KB   108/162 KB   36/256 KB   44/350 KB   32/170 KB   52/141 KB   112/162 KB   36/256 KB   36/350 KB   4/170 KB   52/141 KB   96/162 KB   32/256 KB   36/350 KB   4/170 KB   52/141 KB   96/162 KB   36/256 KB   44/350 KB   32/170 KB   56/141 KB   112/162 KB   36/256 KB   44/350 KB   32/170 KB   60/141 KB   112/162 KB   36/256 KB   44/350 KB   32/170 KB   64/141 KB   112/162 KB   36/256 KB   44/350 KB   32/170 KB   52/141 KB   100/162 KB   36/256 KB   48/350 KB   32/170 KB   64/141 KB   112/162 KB   36/256 KB   48/350 KB   32/170 KB   64/141 KB   116/162 KB   36/256 KB   48/350 KB   32/170 KB   64/141 KB   120/162 KB   36/256 KB   48/350 KB   32/170 KB   64/141 KB   124/162 KB   36/256 KB   48/350 KB   32/170 KB   64/141 KB   128/162 KB   36/256 KB   48/350 KB   32/170 KB   68/141 KB   128/162 KB   36/256 KB   48/350 KB   32/170 KB   72/141 KB   128/162 KB   36/256 KB   48/350 KB   32/170 KB   76/141 KB   128/162 KB   36/256 KB   48/350 KB   32/170 KB   80/141 KB   128/162 KB   36/256 KB   48/350 KB   32/170 KB   80/141 KB   132/162 KB   36/256 KB   48/350 KB   32/170 KB   80/141 KB   136/162 KB   36/256 KB   48/350 KB   32/170 KB   80/141 KB   140/162 KB   36/256 KB   48/350 KB   32/170 KB   80/141 KB   144/162 KB   36/256 KB   48/350 KB   32/170 KB   84/141 KB   144/162 KB   40/256 KB   52/350 KB   36/170 KB   88/141 KB   148/162 KB   40/256 KB   52/350 KB   36/170 KB   92/141 KB   148/162 KB   40/256 KB   52/350 KB   36/170 KB   96/141 KB   148/162 KB   40/256 KB   52/350 KB   36/170 KB   100/141 KB   148/162 KB   40/256 KB   52/350 KB   36/170 KB   84/141 KB   148/162 KB   40/256 KB   52/350 KB   40/170 KB   100/141 KB   148/162 KB   40/256 KB   52/350 KB   44/170 KB   100/141 KB   148/162 KB   40/256 KB   52/350 KB   48/170 KB   100/141 KB   148/162 KB   40/256 KB   52/350 KB   32/170 KB   84/141 KB   148/162 KB   40/256 KB   52/350 KB   48/170 KB   100/141 KB   152/162 KB   40/256 KB   52/350 KB   48/170 KB   100/141 KB   156/162 KB   40/256 KB   52/350 KB   48/170 KB   100/141 KB   160/162 KB   40/256 KB   52/350 KB   48/170 KB   100/141 KB   162/162 KB   40/256 KB   52/350 KB   32/170 KB   84/141 KB   144/162 KB   44/256 KB   52/350 KB   48/170 KB   100/141 KB   162/162 KB   48/256 KB   52/350 KB   48/170 KB   100/141 KB   162/162 KB   48/256 KB   52/350 KB   52/170 KB   100/141 KB   162/162 KB   48/256 KB   52/350 KB   56/170 KB   100/141 KB   162/162 KB   48/256 KB   52/350 KB   60/170 KB   100/141 KB   162/162 KB   48/256 KB   52/350 KB   64/170 KB   100/141 KB   162/162 KB   52/256 KB   52/350 KB   64/170 KB   100/141 KB   162/162 KB   56/256 KB   52/350 KB   64/170 KB   100/141 KB   162/162 KB   60/256 KB   52/350 KB   64/170 KB   100/141 KB   162/162 KB   36/256 KB   52/350 KB   32/170 KB   84/141 KB   144/162 KB   60/256 KB   56/350 KB   64/170 KB   100/141 KB   162/162 KB   60/256 KB   60/350 KB   64/170 KB   100/141 KB   162/162 KB   60/256 KB   64/350 KB   64/170 KB   100/141 KB   162/162 KB   60/256 KB   68/350 KB   64/170 KB   100/141 KB   162/162 KB   63/256 KB   72/350 KB   64/170 KB   100/141 KB   63/256 KB   68/350 KB   64/170 KB   100/141 KB                64/256 KB   72/350 KB   64/170 KB   100/141 KB                                                                 Downloaded: https://repo.maven.apache.org/maven2/org/apache/maven/doxia/doxia-core/1.4/doxia-core-1.4.jar (162 KB at 542.2 KB/sec)
Downloading: https://repo.maven.apache.org/maven2/org/apache/httpcomponents/httpclient/4.2.3/httpclient-4.2.3.jar
64/256 KB   72/350 KB   68/170 KB   100/141 KB   64/256 KB   72/350 KB   72/170 KB   100/141 KB   64/256 KB   72/350 KB   76/170 KB   100/141 KB   64/256 KB   72/350 KB   80/170 KB   100/141 KB   64/256 KB   76/350 KB   80/170 KB   100/141 KB   64/256 KB   80/350 KB   80/170 KB   100/141 KB   64/256 KB   80/350 KB   84/170 KB   100/141 KB   64/256 KB   80/350 KB   88/170 KB   100/141 KB   64/256 KB   80/350 KB   92/170 KB   100/141 KB   64/256 KB   80/350 KB   96/170 KB   100/141 KB   64/256 KB   80/350 KB   96/170 KB   100/141 KB   4/423 KB   68/256 KB   80/350 KB   100/170 KB   100/141 KB   8/423 KB   68/256 KB   80/350 KB   100/170 KB   100/141 KB   12/423 KB   68/256 KB   80/350 KB   100/170 KB   100/141 KB   16/423 KB   68/256 KB   80/350 KB   100/170 KB   100/141 KB   4/423 KB   68/256 KB   80/350 KB   96/170 KB   100/141 KB   4/423 KB   68/256 KB   80/350 KB   104/170 KB   104/141 KB   16/423 KB   68/256 KB   80/350 KB   104/170 KB   108/141 KB   16/423 KB   68/256 KB   80/350 KB   104/170 KB   112/141 KB   16/423 KB   72/256 KB   84/350 KB   104/170 KB   112/141 KB   20/423 KB   72/256 KB   88/350 KB   104/170 KB   112/141 KB   20/423 KB   72/256 KB   92/350 KB   104/170 KB   112/141 KB   20/423 KB   72/256 KB   96/350 KB   104/170 KB   112/141 KB   20/423 KB   68/256 KB   80/350 KB   104/170 KB   100/141 KB   16/423 KB   72/256 KB   80/350 KB   104/170 KB   112/141 KB   20/423 KB   72/256 KB   80/350 KB   104/170 KB   112/141 KB   16/423 KB   76/256 KB   96/350 KB   108/170 KB   112/141 KB   20/423 KB   80/256 KB   96/350 KB   108/170 KB   112/141 KB   20/423 KB   72/256 KB   96/350 KB   108/170 KB   112/141 KB   20/423 KB   80/256 KB   96/350 KB   112/170 KB   112/141 KB   24/423 KB   84/256 KB   96/350 KB   112/170 KB   112/141 KB   24/423 KB   88/256 KB   96/350 KB   112/170 KB   112/141 KB   24/423 KB   92/256 KB   96/350 KB   112/170 KB   112/141 KB   24/423 KB   96/256 KB   96/350 KB   112/170 KB   112/141 KB   24/423 KB   80/256 KB   96/350 KB   108/170 KB   112/141 KB   24/423 KB   96/256 KB   96/350 KB   112/170 KB   112/141 KB   28/423 KB   96/256 KB   96/350 KB   112/170 KB   112/141 KB   32/423 KB   96/256 KB   96/350 KB   112/170 KB   112/141 KB   36/423 KB   96/256 KB   96/350 KB   112/170 KB   112/141 KB   40/423 KB   96/256 KB   96/350 KB   112/170 KB   112/141 KB   44/423 KB   96/256 KB   96/350 KB   112/170 KB   112/141 KB   48/423 KB   100/256 KB   96/350 KB   112/170 KB   112/141 KB   48/423 KB   104/256 KB   96/350 KB   112/170 KB   112/141 KB   48/423 KB   108/256 KB   96/350 KB   112/170 KB   112/141 KB   48/423 KB   112/256 KB   96/350 KB   112/170 KB   112/141 KB   48/423 KB   112/256 KB   96/350 KB   112/170 KB   112/141 KB   52/423 KB   112/256 KB   100/350 KB   116/170 KB   116/141 KB   56/423 KB   112/256 KB   100/350 KB   116/170 KB   116/141 KB   60/423 KB   112/256 KB   100/350 KB   116/170 KB   116/141 KB   61/423 KB   116/256 KB   100/350 KB   116/170 KB   116/141 KB   61/423 KB   120/256 KB   100/350 KB   116/170 KB   116/141 KB   61/423 KB   124/256 KB   100/350 KB   116/170 KB   116/141 KB   61/423 KB   128/256 KB   100/350 KB   116/170 KB   116/141 KB   61/423 KB   128/256 KB   100/350 KB   116/170 KB   116/141 KB   65/423 KB   112/256 KB   100/350 KB   116/170 KB   116/141 KB   52/423 KB   132/256 KB   100/350 KB   120/170 KB   116/141 KB   65/423 KB   132/256 KB   100/350 KB   124/170 KB   116/141 KB   65/423 KB   132/256 KB   100/350 KB   128/170 KB   116/141 KB   65/423 KB   132/256 KB   100/350 KB   128/170 KB   116/141 KB   69/423 KB   132/256 KB   100/350 KB   128/170 KB   116/141 KB   73/423 KB   132/256 KB   100/350 KB   128/170 KB   116/141 KB   77/423 KB   132/256 KB   100/350 KB   128/170 KB   116/141 KB   81/423 KB   132/256 KB   100/350 KB   128/170 KB   116/141 KB   85/423 KB   132/256 KB   100/350 KB   128/170 KB   116/141 KB   89/423 KB   132/256 KB   100/350 KB   128/170 KB   116/141 KB   93/423 KB   132/256 KB   100/350 KB   132/170 KB   116/141 KB   93/423 KB   132/256 KB   100/350 KB   136/170 KB   116/141 KB   97/423 KB   112/256 KB   100/350 KB   112/170 KB   116/141 KB   52/423 KB   132/256 KB   104/350 KB   136/170 KB   116/141 KB   97/423 KB   112/256 KB   96/350 KB   112/170 KB   116/141 KB   52/423 KB   132/256 KB   100/350 KB   132/170 KB   116/141 KB   97/423 KB   132/256 KB   108/350 KB   136/170 KB   120/141 KB   97/423 KB   132/256 KB   108/350 KB   136/170 KB   120/141 KB   101/423 KB   132/256 KB   108/350 KB   136/170 KB   124/141 KB   101/423 KB   132/256 KB   108/350 KB   136/170 KB   124/141 KB   105/423 KB   132/256 KB   108/350 KB   136/170 KB   116/141 KB   105/423 KB   132/256 KB   108/350 KB   136/170 KB   128/141 KB   109/423 KB   132/256 KB   100/350 KB   116/170 KB   116/141 KB   65/423 KB   136/256 KB   112/350 KB   140/170 KB   128/141 KB   109/423 KB   140/256 KB   112/350 KB   140/170 KB   128/141 KB   109/423 KB   144/256 KB   112/350 KB   140/170 KB   128/141 KB   109/423 KB   132/256 KB   112/350 KB   140/170 KB   128/141 KB   109/423 KB   132/256 KB   112/350 KB   136/170 KB   128/141 KB   109/423 KB   144/256 KB   112/350 KB   144/170 KB   128/141 KB   109/423 KB   144/256 KB   112/350 KB   148/170 KB   128/141 KB   109/423 KB   148/256 KB   112/350 KB   152/170 KB   128/141 KB   109/423 KB   148/256 KB   112/350 KB   156/170 KB   128/141 KB   109/423 KB   148/256 KB   112/350 KB   160/170 KB   128/141 KB   109/423 KB   148/256 KB   116/350 KB   160/170 KB   128/141 KB   109/423 KB   132/256 KB   108/350 KB   136/170 KB   128/141 KB   105/423 KB   148/256 KB   116/350 KB   164/170 KB   128/141 KB   109/423 KB   148/256 KB   112/350 KB   148/170 KB   128/141 KB   109/423 KB   148/256 KB   120/350 KB   168/170 KB   132/141 KB   113/423 KB   148/256 KB   120/350 KB   170/170 KB   132/141 KB   113/423 KB   152/256 KB   120/350 KB   170/170 KB   132/141 KB   113/423 KB   156/256 KB   120/350 KB   170/170 KB   132/141 KB   113/423 KB   160/256 KB   120/350 KB   170/170 KB   132/141 KB   113/423 KB                                                                    148/256 KB   120/350 KB   164/170 KB   132/141 KB   113/423 KB   160/256 KB   124/350 KB   132/141 KB   113/423 KB                160/256 KB   128/350 KB   132/141 KB   113/423 KB   148/256 KB   116/350 KB   164/170 KB   132/141 KB   113/423 KB   148/256 KB   116/350 KB   164/170 KB   128/141 KB   113/423 KB   160/256 KB   128/350 KB   136/141 KB   117/423 KB   Downloaded: https://repo.maven.apache.org/maven2/commons-io/commons-io/2.2/commons-io-2.2.jar (170 KB at 464.4 KB/sec)
Downloading: https://repo.maven.apache.org/maven2/org/apache/httpcomponents/httpcore/4.2.2/httpcore-4.2.2.jar
160/256 KB   128/350 KB   136/141 KB   117/423 KB   160/256 KB   128/350 KB   140/141 KB   121/423 KB   160/256 KB   128/350 KB   140/141 KB   125/423 KB   164/256 KB   128/350 KB   140/141 KB   125/423 KB   168/256 KB   132/350 KB   140/141 KB   129/423 KB   172/256 KB   132/350 KB   140/141 KB   129/423 KB   176/256 KB   132/350 KB   140/141 KB   129/423 KB   160/256 KB   128/350 KB   140/141 KB   117/423 KB   176/256 KB   132/350 KB   141/141 KB   129/423 KB                                                       Downloaded: https://repo.maven.apache.org/maven2/commons-digester/commons-digester/1.8/commons-digester-1.8.jar (141 KB at 352.4 KB/sec)
Downloading: https://repo.maven.apache.org/maven2/commons-codec/commons-codec/1.6/commons-codec-1.6.jar
164/256 KB   132/350 KB   140/141 KB   129/423 KB   164/256 KB   128/350 KB   140/141 KB   129/423 KB   180/256 KB   4/219 KB   132/350 KB   133/423 KB   180/256 KB   4/219 KB   132/350 KB   137/423 KB   180/256 KB   4/219 KB   132/350 KB   141/423 KB   180/256 KB   4/219 KB   132/350 KB   145/423 KB   180/256 KB   4/219 KB   132/350 KB   149/423 KB   180/256 KB   4/219 KB   132/350 KB   153/423 KB   180/256 KB   4/219 KB   132/350 KB   129/423 KB   180/256 KB   8/219 KB   132/350 KB   153/423 KB   4/228 KB   180/256 KB   12/219 KB   132/350 KB   153/423 KB   4/228 KB   180/256 KB   16/219 KB   132/350 KB   153/423 KB   4/228 KB   180/256 KB   16/219 KB   132/350 KB   157/423 KB   4/228 KB   180/256 KB   16/219 KB   132/350 KB   161/423 KB   4/228 KB   180/256 KB   20/219 KB   136/350 KB   165/423 KB   4/228 KB   180/256 KB   20/219 KB   136/350 KB   169/423 KB   4/228 KB   180/256 KB   20/219 KB   136/350 KB   173/423 KB   4/228 KB   180/256 KB   20/219 KB   136/350 KB   177/423 KB   4/228 KB   180/256 KB   132/350 KB   129/423 KB                180/256 KB   20/219 KB   136/350 KB   161/423 KB   4/228 KB   180/256 KB   20/219 KB   140/350 KB   177/423 KB   4/228 KB   180/256 KB   20/219 KB   144/350 KB   177/423 KB   4/228 KB   180/256 KB   20/219 KB   132/350 KB   161/423 KB   4/228 KB   180/256 KB   8/219 KB   132/350 KB   153/423 KB   4/228 KB   180/256 KB   24/219 KB   144/350 KB   177/423 KB   4/228 KB   180/256 KB   24/219 KB   144/350 KB   177/423 KB   8/228 KB   180/256 KB   28/219 KB   144/350 KB   177/423 KB   8/228 KB   180/256 KB   28/219 KB   144/350 KB   177/423 KB   12/228 KB   180/256 KB   28/219 KB   144/350 KB   177/423 KB   16/228 KB   180/256 KB   32/219 KB   144/350 KB   177/423 KB   16/228 KB   180/256 KB   32/219 KB   144/350 KB   177/423 KB   20/228 KB   180/256 KB   32/219 KB   144/350 KB   177/423 KB   24/228 KB   180/256 KB   32/219 KB   144/350 KB   177/423 KB   28/228 KB   180/256 KB   32/219 KB   144/350 KB   177/423 KB   32/228 KB   180/256 KB   36/219 KB   144/350 KB   177/423 KB   32/228 KB   184/256 KB   40/219 KB   148/350 KB   177/423 KB   36/228 KB   180/256 KB   36/219 KB   144/350 KB   177/423 KB   36/228 KB   184/256 KB   36/219 KB   148/350 KB   177/423 KB   36/228 KB   184/256 KB   44/219 KB   148/350 KB   177/423 KB   40/228 KB   188/256 KB   44/219 KB   148/350 KB   177/423 KB   40/228 KB   192/256 KB   44/219 KB   148/350 KB   177/423 KB   40/228 KB   192/256 KB   44/219 KB   148/350 KB   177/423 KB   44/228 KB   192/256 KB   44/219 KB   148/350 KB   177/423 KB   48/228 KB   196/256 KB   44/219 KB   148/350 KB   177/423 KB   48/228 KB   180/256 KB   36/219 KB   148/350 KB   177/423 KB   36/228 KB   196/256 KB   44/219 KB   152/350 KB   181/423 KB   48/228 KB   196/256 KB   44/219 KB   156/350 KB   181/423 KB   48/228 KB   196/256 KB   44/219 KB   160/350 KB   181/423 KB   48/228 KB   196/256 KB   44/219 KB   160/350 KB   181/423 KB   52/228 KB   196/256 KB   44/219 KB   148/350 KB   181/423 KB   48/228 KB   200/256 KB   44/219 KB   164/350 KB   185/423 KB   52/228 KB   200/256 KB   44/219 KB   164/350 KB   189/423 KB   52/228 KB   200/256 KB   44/219 KB   164/350 KB   193/423 KB   52/228 KB   184/256 KB   44/219 KB   148/350 KB   177/423 KB   36/228 KB   200/256 KB   44/219 KB   164/350 KB   181/423 KB   52/228 KB   200/256 KB   48/219 KB   164/350 KB   193/423 KB   52/228 KB   200/256 KB   48/219 KB   168/350 KB   193/423 KB   52/228 KB   200/256 KB   48/219 KB   172/350 KB   193/423 KB   52/228 KB   200/256 KB   48/219 KB   176/350 KB   193/423 KB   52/228 KB   200/256 KB   52/219 KB   176/350 KB   193/423 KB   52/228 KB   200/256 KB   56/219 KB   176/350 KB   193/423 KB   52/228 KB   200/256 KB   60/219 KB   176/350 KB   193/423 KB   52/228 KB   200/256 KB   64/219 KB   176/350 KB   193/423 KB   52/228 KB   200/256 KB   44/219 KB   160/350 KB   181/423 KB   52/228 KB   204/256 KB   64/219 KB   176/350 KB   193/423 KB   52/228 KB   208/256 KB   64/219 KB   176/350 KB   193/423 KB   52/228 KB   208/256 KB   64/219 KB   176/350 KB   197/423 KB   52/228 KB   208/256 KB   64/219 KB   176/350 KB   201/423 KB   52/228 KB   208/256 KB   64/219 KB   176/350 KB   205/423 KB   52/228 KB   208/256 KB   64/219 KB   176/350 KB   209/423 KB   52/228 KB   208/256 KB   68/219 KB   176/350 KB   213/423 KB   52/228 KB   208/256 KB   68/219 KB   176/350 KB   217/423 KB   52/228 KB   208/256 KB   68/219 KB   176/350 KB   221/423 KB   52/228 KB   212/256 KB   68/219 KB   176/350 KB   221/423 KB   52/228 KB   208/256 KB   68/219 KB   176/350 KB   209/423 KB   52/228 KB   216/256 KB   68/219 KB   176/350 KB   221/423 KB   52/228 KB   220/256 KB   68/219 KB   176/350 KB   221/423 KB   52/228 KB   220/256 KB   72/219 KB   176/350 KB   221/423 KB   52/228 KB   224/256 KB   72/219 KB   176/350 KB   221/423 KB   52/228 KB   224/256 KB   76/219 KB   176/350 KB   221/423 KB   52/228 KB   224/256 KB   80/219 KB   176/350 KB   221/423 KB   52/228 KB   224/256 KB   84/219 KB   176/350 KB   221/423 KB   52/228 KB   228/256 KB   88/219 KB   176/350 KB   225/423 KB   56/228 KB   228/256 KB   92/219 KB   176/350 KB   225/423 KB   56/228 KB   228/256 KB   96/219 KB   176/350 KB   225/423 KB   56/228 KB   228/256 KB   100/219 KB   176/350 KB   225/423 KB   56/228 KB   228/256 KB   104/219 KB   176/350 KB   225/423 KB   56/228 KB   228/256 KB   108/219 KB   176/350 KB   225/423 KB   56/228 KB   228/256 KB   112/219 KB   176/350 KB   225/423 KB   56/228 KB   224/256 KB   84/219 KB   176/350 KB   221/423 KB   56/228 KB   228/256 KB   112/219 KB   176/350 KB   225/423 KB   60/228 KB   228/256 KB   112/219 KB   176/350 KB   225/423 KB   64/228 KB   228/256 KB   112/219 KB   180/350 KB   225/423 KB   64/228 KB   228/256 KB   112/219 KB   184/350 KB   225/423 KB   64/228 KB   228/256 KB   112/219 KB   188/350 KB   225/423 KB   64/228 KB   228/256 KB   112/219 KB   192/350 KB   225/423 KB   64/228 KB   228/256 KB   112/219 KB   192/350 KB   225/423 KB   68/228 KB   228/256 KB   112/219 KB   192/350 KB   225/423 KB   72/228 KB   228/256 KB   112/219 KB   192/350 KB   225/423 KB   76/228 KB   228/256 KB   112/219 KB   192/350 KB   225/423 KB   80/228 KB   228/256 KB   112/219 KB   196/350 KB   225/423 KB   80/228 KB   228/256 KB   84/219 KB   176/350 KB   225/423 KB   56/228 KB   228/256 KB   116/219 KB   200/350 KB   229/423 KB   84/228 KB   228/256 KB   116/219 KB   200/350 KB   233/423 KB   84/228 KB   228/256 KB   116/219 KB   200/350 KB   237/423 KB   84/228 KB   228/256 KB   84/219 KB   176/350 KB   221/423 KB   56/228 KB   232/256 KB   116/219 KB   200/350 KB   237/423 KB   84/228 KB   236/256 KB   116/219 KB   200/350 KB   237/423 KB   84/228 KB   240/256 KB   116/219 KB   200/350 KB   237/423 KB   84/228 KB   240/256 KB   116/219 KB   200/350 KB   241/423 KB   84/228 KB   240/256 KB   116/219 KB   200/350 KB   245/423 KB   84/228 KB   240/256 KB   116/219 KB   200/350 KB   249/423 KB   84/228 KB   240/256 KB   116/219 KB   200/350 KB   253/423 KB   84/228 KB   244/256 KB   116/219 KB   200/350 KB   253/423 KB   84/228 KB   248/256 KB   116/219 KB   200/350 KB   253/423 KB   84/228 KB   252/256 KB   116/219 KB   200/350 KB   253/423 KB   84/228 KB   256/256 KB   116/219 KB   200/350 KB   253/423 KB   84/228 KB   228/256 KB   116/219 KB   200/350 KB   225/423 KB   84/228 KB   228/256 KB   116/219 KB   196/350 KB   225/423 KB   84/228 KB   256/256 KB   120/219 KB   204/350 KB   253/423 KB   84/228 KB   256/256 KB   124/219 KB   204/350 KB   253/423 KB   84/228 KB   256/256 KB   128/219 KB   204/350 KB   253/423 KB   84/228 KB   228/256 KB   112/219 KB   196/350 KB   225/423 KB   84/228 KB   256/256 KB   128/219 KB   204/350 KB   253/423 KB   88/228 KB   256/256 KB   128/219 KB   204/350 KB   253/423 KB   92/228 KB   256/256 KB   128/219 KB   204/350 KB   253/423 KB   96/228 KB   256/256 KB   116/219 KB   204/350 KB   253/423 KB   84/228 KB   256/256 KB   128/219 KB   208/350 KB   253/423 KB   96/228 KB   256/256 KB   128/219 KB   212/350 KB   253/423 KB   96/228 KB   256/256 KB   128/219 KB   216/350 KB   253/423 KB   96/228 KB   256/256 KB   128/219 KB   220/350 KB   253/423 KB   96/228 KB   256/256 KB   128/219 KB   224/350 KB   253/423 KB   96/228 KB   256/256 KB   128/219 KB   228/350 KB   253/423 KB   96/228 KB   132/219 KB   232/350 KB   257/423 KB   100/228 KB   132/219 KB   236/350 KB   257/423 KB   100/228 KB   132/219 KB   240/350 KB   257/423 KB   100/228 KB   132/219 KB   244/350 KB   257/423 KB   100/228 KB   132/219 KB   248/350 KB   257/423 KB   100/228 KB   132/219 KB   252/350 KB   257/423 KB   100/228 KB   132/219 KB   256/350 KB   257/423 KB   100/228 KB   132/219 KB   228/350 KB   257/423 KB   100/228 KB   132/219 KB   256/350 KB   261/423 KB   100/228 KB   132/219 KB   256/350 KB   265/423 KB   100/228 KB   132/219 KB   256/350 KB   269/423 KB   100/228 KB   132/219 KB   260/350 KB   269/423 KB   100/228 KB   132/219 KB   228/350 KB   253/423 KB   100/228 KB   128/219 KB   228/350 KB   253/423 KB   100/228 KB               136/219 KB   264/350 KB   269/423 KB   100/228 KB                                                                   140/219 KB   264/350 KB   269/423 KB   104/228 KB   144/219 KB   264/350 KB   269/423 KB   104/228 KB   Downloaded: https://repo.maven.apache.org/maven2/commons-lang/commons-lang/2.4/commons-lang-2.4.jar (256 KB at 436.3 KB/sec)
Downloading: https://repo.maven.apache.org/maven2/log4j/log4j/1.2.14/log4j-1.2.14.jar
136/219 KB   264/350 KB   269/423 KB   104/228 KB   144/219 KB   264/350 KB   269/423 KB   108/228 KB   144/219 KB   264/350 KB   269/423 KB   112/228 KB   132/219 KB   264/350 KB   269/423 KB   100/228 KB   144/219 KB   268/350 KB   269/423 KB   116/228 KB   144/219 KB   272/350 KB   269/423 KB   116/228 KB   144/219 KB   272/350 KB   269/423 KB   116/228 KB   4/359 KB   144/219 KB   264/350 KB   269/423 KB   116/228 KB   144/219 KB   272/350 KB   269/423 KB   120/228 KB   8/359 KB   144/219 KB   272/350 KB   269/423 KB   124/228 KB   8/359 KB   144/219 KB   272/350 KB   269/423 KB   128/228 KB   8/359 KB   148/219 KB   272/350 KB   269/423 KB   128/228 KB   8/359 KB   144/219 KB   272/350 KB   269/423 KB   116/228 KB   8/359 KB   152/219 KB   272/350 KB   269/423 KB   128/228 KB   12/359 KB   152/219 KB   272/350 KB   269/423 KB   128/228 KB   16/359 KB   152/219 KB   272/350 KB   269/423 KB   128/228 KB   20/359 KB   152/219 KB   272/350 KB   273/423 KB   128/228 KB   24/359 KB   152/219 KB   272/350 KB   273/423 KB   128/228 KB   28/359 KB   152/219 KB   272/350 KB   273/423 KB   128/228 KB   32/359 KB   152/219 KB   276/350 KB   273/423 KB   128/228 KB   32/359 KB   152/219 KB   280/350 KB   273/423 KB   128/228 KB   32/359 KB   152/219 KB   284/350 KB   273/423 KB   128/228 KB   32/359 KB   152/219 KB   288/350 KB   273/423 KB   128/228 KB   32/359 KB   152/219 KB   288/350 KB   273/423 KB   128/228 KB   36/359 KB   152/219 KB   272/350 KB   269/423 KB   128/228 KB   8/359 KB   156/219 KB   292/350 KB   273/423 KB   132/228 KB   36/359 KB   160/219 KB   292/350 KB   273/423 KB   132/228 KB   36/359 KB   152/219 KB   292/350 KB   273/423 KB   132/228 KB   36/359 KB   152/219 KB   288/350 KB   273/423 KB   132/228 KB   36/359 KB   160/219 KB   292/350 KB   273/423 KB   136/228 KB   40/359 KB   160/219 KB   292/350 KB   273/423 KB   140/228 KB   40/359 KB   160/219 KB   292/350 KB   273/423 KB   144/228 KB   40/359 KB   160/219 KB   292/350 KB   273/423 KB   148/228 KB   40/359 KB   152/219 KB   272/350 KB   273/423 KB   128/228 KB   20/359 KB   160/219 KB   292/350 KB   277/423 KB   148/228 KB   40/359 KB   160/219 KB   292/350 KB   281/423 KB   148/228 KB   40/359 KB   160/219 KB   292/350 KB   285/423 KB   148/228 KB   40/359 KB   164/219 KB   292/350 KB   285/423 KB   148/228 KB   40/359 KB   168/219 KB   292/350 KB   285/423 KB   148/228 KB   40/359 KB   172/219 KB   292/350 KB   285/423 KB   148/228 KB   40/359 KB   176/219 KB   292/350 KB   285/423 KB   148/228 KB   40/359 KB   176/219 KB   292/350 KB   289/423 KB   148/228 KB   40/359 KB   176/219 KB   292/350 KB   293/423 KB   148/228 KB   40/359 KB   176/219 KB   292/350 KB   297/423 KB   148/228 KB   40/359 KB   176/219 KB   292/350 KB   301/423 KB   148/228 KB   40/359 KB   180/219 KB   292/350 KB   301/423 KB   148/228 KB   40/359 KB   180/219 KB   292/350 KB   305/423 KB   152/228 KB   40/359 KB   180/219 KB   292/350 KB   305/423 KB   156/228 KB   40/359 KB   180/219 KB   292/350 KB   305/423 KB   160/228 KB   40/359 KB   184/219 KB   292/350 KB   305/423 KB   160/228 KB   40/359 KB   188/219 KB   292/350 KB   305/423 KB   160/228 KB   40/359 KB   192/219 KB   292/350 KB   305/423 KB   160/228 KB   40/359 KB   192/219 KB   292/350 KB   305/423 KB   164/228 KB   40/359 KB   196/219 KB   296/350 KB   305/423 KB   168/228 KB   40/359 KB   196/219 KB   296/350 KB   305/423 KB   172/228 KB   40/359 KB   196/219 KB   296/350 KB   305/423 KB   176/228 KB   40/359 KB   196/219 KB   296/350 KB   305/423 KB   180/228 KB   40/359 KB   160/219 KB   292/350 KB   273/423 KB   132/228 KB   40/359 KB   196/219 KB   296/350 KB   305/423 KB   180/228 KB   44/359 KB   196/219 KB   296/350 KB   305/423 KB   180/228 KB   48/359 KB   196/219 KB   296/350 KB   305/423 KB   164/228 KB   40/359 KB   192/219 KB   296/350 KB   305/423 KB   164/228 KB   40/359 KB   196/219 KB   300/350 KB   305/423 KB   180/228 KB   48/359 KB   196/219 KB   304/350 KB   305/423 KB   180/228 KB   48/359 KB   196/219 KB   304/350 KB   305/423 KB   180/228 KB   52/359 KB   196/219 KB   304/350 KB   305/423 KB   180/228 KB   56/359 KB   196/219 KB   304/350 KB   305/423 KB   180/228 KB   60/359 KB   196/219 KB   304/350 KB   305/423 KB   180/228 KB   62/359 KB   196/219 KB   304/350 KB   305/423 KB   180/228 KB   64/359 KB   196/219 KB   308/350 KB   305/423 KB   180/228 KB   64/359 KB   196/219 KB   312/350 KB   305/423 KB   180/228 KB   64/359 KB   196/219 KB   316/350 KB   305/423 KB   180/228 KB   64/359 KB   196/219 KB   320/350 KB   305/423 KB   180/228 KB   64/359 KB   180/219 KB   292/350 KB   305/423 KB   148/228 KB   40/359 KB   196/219 KB   320/350 KB   309/423 KB   180/228 KB   64/359 KB   196/219 KB   320/350 KB   313/423 KB   180/228 KB   64/359 KB   196/219 KB   320/350 KB   317/423 KB   180/228 KB   64/359 KB   196/219 KB   320/350 KB   317/423 KB   180/228 KB   68/359 KB   196/219 KB   320/350 KB   317/423 KB   180/228 KB   72/359 KB   196/219 KB   320/350 KB   317/423 KB   180/228 KB   76/359 KB   196/219 KB   320/350 KB   317/423 KB   180/228 KB   80/359 KB   196/219 KB   320/350 KB   321/423 KB   180/228 KB   80/359 KB   196/219 KB   320/350 KB   325/423 KB   180/228 KB   80/359 KB   196/219 KB   320/350 KB   329/423 KB   180/228 KB   80/359 KB   196/219 KB   320/350 KB   333/423 KB   180/228 KB   80/359 KB   196/219 KB   320/350 KB   337/423 KB   180/228 KB   80/359 KB   196/219 KB   324/350 KB   341/423 KB   180/228 KB   80/359 KB   196/219 KB   324/350 KB   345/423 KB   180/228 KB   80/359 KB   196/219 KB   324/350 KB   349/423 KB   180/228 KB   80/359 KB   196/219 KB   324/350 KB   349/423 KB   180/228 KB   84/359 KB   196/219 KB   324/350 KB   349/423 KB   180/228 KB   88/359 KB   196/219 KB   324/350 KB   349/423 KB   180/228 KB   92/359 KB   196/219 KB   324/350 KB   349/423 KB   180/228 KB   96/359 KB   196/219 KB   324/350 KB   353/423 KB   180/228 KB   96/359 KB   196/219 KB   324/350 KB   337/423 KB   180/228 KB   80/359 KB   200/219 KB   328/350 KB   353/423 KB   184/228 KB   100/359 KB   200/219 KB   332/350 KB   353/423 KB   184/228 KB   100/359 KB   200/219 KB   336/350 KB   353/423 KB   184/228 KB   100/359 KB   200/219 KB   324/350 KB   353/423 KB   184/228 KB   100/359 KB   200/219 KB   324/350 KB   353/423 KB   184/228 KB   96/359 KB   200/219 KB   336/350 KB   357/423 KB   188/228 KB   100/359 KB   200/219 KB   336/350 KB   357/423 KB   192/228 KB   100/359 KB   200/219 KB   336/350 KB   357/423 KB   196/228 KB   100/359 KB   200/219 KB   324/350 KB   353/423 KB   180/228 KB   96/359 KB   204/219 KB   340/350 KB   357/423 KB   196/228 KB   104/359 KB   208/219 KB   340/350 KB   357/423 KB   196/228 KB   104/359 KB   200/219 KB   340/350 KB   357/423 KB   196/228 KB   104/359 KB   200/219 KB   336/350 KB   357/423 KB   196/228 KB   104/359 KB   208/219 KB   340/350 KB   357/423 KB   196/228 KB   108/359 KB   208/219 KB   340/350 KB   357/423 KB   196/228 KB   112/359 KB   212/219 KB   340/350 KB   357/423 KB   196/228 KB   112/359 KB   200/219 KB   336/350 KB   357/423 KB   184/228 KB   100/359 KB   216/219 KB   340/350 KB   357/423 KB   196/228 KB   112/359 KB   219/219 KB   340/350 KB   357/423 KB   196/228 KB   112/359 KB   219/219 KB   340/350 KB   361/423 KB   196/228 KB   112/359 KB   219/219 KB   340/350 KB   365/423 KB   196/228 KB   112/359 KB   219/219 KB   340/350 KB   369/423 KB   196/228 KB   112/359 KB   219/219 KB   340/350 KB   373/423 KB   196/228 KB   112/359 KB   219/219 KB   340/350 KB   377/423 KB   196/228 KB   112/359 KB   219/219 KB   340/350 KB   381/423 KB   196/228 KB   112/359 KB                                                                    Downloaded: https://repo.maven.apache.org/maven2/org/apache/httpcomponents/httpcore/4.2.2/httpcore-4.2.2.jar (219 KB at 309.7 KB/sec)
Downloading: https://repo.maven.apache.org/maven2/com/thoughtworks/qdox/qdox/1.12.1/qdox-1.12.1.jar
344/350 KB   385/423 KB   200/228 KB   116/359 KB   344/350 KB   385/423 KB   204/228 KB   116/359 KB   344/350 KB   385/423 KB   208/228 KB   116/359 KB   344/350 KB   385/423 KB   212/228 KB   116/359 KB   344/350 KB   385/423 KB   216/228 KB   116/359 KB   344/350 KB   385/423 KB   220/228 KB   116/359 KB   344/350 KB   385/423 KB   224/228 KB   116/359 KB   344/350 KB   385/423 KB   228/228 KB   116/359 KB   344/350 KB   385/423 KB   196/228 KB   116/359 KB   344/350 KB   381/423 KB   196/228 KB   116/359 KB   344/350 KB   389/423 KB   228/228 KB   116/359 KB   340/350 KB   381/423 KB   196/228 KB   116/359 KB                348/350 KB   393/423 KB   228/228 KB   116/359 KB   348/350 KB   389/423 KB   228/228 KB   116/359 KB   348/350 KB   397/423 KB   228/228 KB   120/359 KB   348/350 KB   393/423 KB   228/228 KB   120/359 KB   350/350 KB   397/423 KB   228/228 KB   124/359 KB   350/350 KB   397/423 KB   228/228 KB   128/359 KB   350/350 KB   397/423 KB   228/228 KB   120/359 KB   350/350 KB   397/423 KB   228/228 KB   132/359 KB   350/350 KB   397/423 KB   228/228 KB   136/359 KB   350/350 KB   397/423 KB   228/228 KB   140/359 KB   350/350 KB   397/423 KB   228/228 KB   144/359 KB   4/176 KB   350/350 KB   397/423 KB   228/228 KB   144/359 KB   8/176 KB   350/350 KB   397/423 KB   228/228 KB   144/359 KB   12/176 KB   350/350 KB   397/423 KB   228/228 KB   144/359 KB   16/176 KB   350/350 KB   397/423 KB   228/228 KB   144/359 KB   16/176 KB   350/350 KB   401/423 KB   228/228 KB   144/359 KB   20/176 KB   350/350 KB   405/423 KB   228/228 KB   148/359 KB   20/176 KB   350/350 KB   409/423 KB   228/228 KB   148/359 KB   20/176 KB   350/350 KB   413/423 KB   228/228 KB   148/359 KB                                                                   Downloaded: https://repo.maven.apache.org/maven2/antlr/antlr/2.7.2/antlr-2.7.2.jar (350 KB at 474.1 KB/sec)
Downloading: https://repo.maven.apache.org/maven2/org/codehaus/plexus/plexus-archiver/2.9/plexus-archiver-2.9.jar
                                                                Downloaded: https://repo.maven.apache.org/maven2/commons-codec/commons-codec/1.6/commons-codec-1.6.jar (228 KB at 310.5 KB/sec)
Downloading: https://repo.maven.apache.org/maven2/org/codehaus/plexus/plexus-io/2.4/plexus-io-2.4.jar
20/176 KB   350/350 KB   401/423 KB   228/228 KB   148/359 KB   20/176 KB   413/423 KB   152/359 KB                             20/176 KB   413/423 KB   156/359 KB   20/176 KB   413/423 KB   160/359 KB   20/176 KB   4/142 KB   413/423 KB   160/359 KB   20/176 KB   8/142 KB   413/423 KB   160/359 KB   20/176 KB   12/142 KB   413/423 KB   160/359 KB   20/176 KB   16/142 KB   413/423 KB   160/359 KB   20/176 KB   20/142 KB   413/423 KB   160/359 KB   20/176 KB   24/142 KB   413/423 KB   164/359 KB   20/176 KB   28/142 KB   413/423 KB   164/359 KB   20/176 KB   32/142 KB   413/423 KB   164/359 KB   20/176 KB   36/142 KB   413/423 KB   164/359 KB   20/176 KB   350/350 KB   401/423 KB   228/228 KB   144/359 KB   4/80 KB   20/176 KB   36/142 KB   417/423 KB   164/359 KB   4/80 KB   24/176 KB   36/142 KB   421/423 KB   164/359 KB   4/80 KB   24/176 KB   40/142 KB   423/423 KB   164/359 KB   4/80 KB   20/176 KB   36/142 KB   413/423 KB   164/359 KB   20/176 KB   20/142 KB   413/423 KB   164/359 KB   4/80 KB   24/176 KB   40/142 KB   423/423 KB   168/359 KB   4/80 KB   24/176 KB   40/142 KB   423/423 KB   172/359 KB   4/80 KB   24/176 KB   40/142 KB   423/423 KB   176/359 KB   8/80 KB   24/176 KB   40/142 KB   423/423 KB   176/359 KB   12/80 KB   24/176 KB   40/142 KB   423/423 KB   176/359 KB   16/80 KB   24/176 KB   40/142 KB   423/423 KB   176/359 KB   16/80 KB   24/176 KB   40/142 KB   423/423 KB   180/359 KB   4/80 KB   24/176 KB   40/142 KB   421/423 KB   164/359 KB   4/80 KB   24/176 KB   36/142 KB   417/423 KB   164/359 KB   20/80 KB   24/176 KB   44/142 KB   180/359 KB                20/80 KB   28/176 KB   44/142 KB   180/359 KB                                                                20/80 KB   32/176 KB   48/142 KB   180/359 KB   Downloaded: https://repo.maven.apache.org/maven2/org/apache/httpcomponents/httpclient/4.2.3/httpclient-4.2.3.jar (423 KB at 541.5 KB/sec)
Downloading: https://repo.maven.apache.org/maven2/org/apache/commons/commons-compress/1.9/commons-compress-1.9.jar
20/80 KB   24/176 KB   40/142 KB   423/423 KB   180/359 KB   24/80 KB   32/176 KB   48/142 KB   180/359 KB   28/80 KB   32/176 KB   48/142 KB   180/359 KB   32/80 KB   32/176 KB   48/142 KB   180/359 KB   32/80 KB   36/176 KB   48/142 KB   180/359 KB   32/80 KB   40/176 KB   48/142 KB   180/359 KB   32/80 KB   44/176 KB   48/142 KB   180/359 KB   32/80 KB   48/176 KB   48/142 KB   180/359 KB   32/80 KB   52/176 KB   48/142 KB   180/359 KB   32/80 KB   56/176 KB   48/142 KB   184/359 KB   32/80 KB   60/176 KB   48/142 KB   184/359 KB   32/80 KB   64/176 KB   48/142 KB   184/359 KB   20/80 KB   28/176 KB   48/142 KB   180/359 KB   32/80 KB   52/176 KB   48/142 KB   184/359 KB   32/80 KB   64/176 KB   48/142 KB   188/359 KB   32/80 KB   64/176 KB   48/142 KB   192/359 KB   32/80 KB   64/176 KB   52/142 KB   192/359 KB   32/80 KB   64/176 KB   56/142 KB   192/359 KB   32/80 KB   64/176 KB   60/142 KB   192/359 KB   32/80 KB   64/176 KB   64/142 KB   192/359 KB   32/80 KB   64/176 KB   64/142 KB   196/359 KB   32/80 KB   64/176 KB   64/142 KB   200/359 KB   32/80 KB   64/176 KB   64/142 KB   204/359 KB   32/80 KB   64/176 KB   64/142 KB   208/359 KB   32/80 KB   64/176 KB   68/142 KB   208/359 KB   32/80 KB   64/176 KB   72/142 KB   208/359 KB   32/80 KB   64/176 KB   76/142 KB   208/359 KB   32/80 KB   64/176 KB   80/142 KB   208/359 KB   32/80 KB   64/176 KB   4/370 KB   80/142 KB   208/359 KB   32/80 KB   68/176 KB   8/370 KB   80/142 KB   208/359 KB   32/80 KB   68/176 KB   9/370 KB   80/142 KB   208/359 KB   32/80 KB   68/176 KB   13/370 KB   80/142 KB   208/359 KB   32/80 KB   68/176 KB   4/370 KB   80/142 KB   208/359 KB   36/80 KB   72/176 KB   13/370 KB   80/142 KB   212/359 KB   36/80 KB   76/176 KB   13/370 KB   80/142 KB   212/359 KB   36/80 KB   80/176 KB   13/370 KB   80/142 KB   212/359 KB   36/80 KB   80/176 KB   13/370 KB   84/142 KB   212/359 KB   36/80 KB   80/176 KB   13/370 KB   88/142 KB   212/359 KB   36/80 KB   80/176 KB   13/370 KB   92/142 KB   212/359 KB   36/80 KB   80/176 KB   13/370 KB   96/142 KB   212/359 KB   36/80 KB   84/176 KB   13/370 KB   96/142 KB   212/359 KB   36/80 KB   88/176 KB   17/370 KB   96/142 KB   212/359 KB   36/80 KB   92/176 KB   17/370 KB   96/142 KB   212/359 KB   36/80 KB   96/176 KB   17/370 KB   96/142 KB   212/359 KB   36/80 KB   100/176 KB   17/370 KB   96/142 KB   212/359 KB   36/80 KB   68/176 KB   13/370 KB   80/142 KB   212/359 KB   40/80 KB   100/176 KB   17/370 KB   100/142 KB   212/359 KB   44/80 KB   100/176 KB   17/370 KB   100/142 KB   212/359 KB   48/80 KB   100/176 KB   17/370 KB   100/142 KB   212/359 KB   52/80 KB   100/176 KB   17/370 KB   100/142 KB   212/359 KB   32/80 KB   68/176 KB   13/370 KB   80/142 KB   212/359 KB   52/80 KB   100/176 KB   17/370 KB   100/142 KB   216/359 KB   52/80 KB   100/176 KB   17/370 KB   100/142 KB   220/359 KB   52/80 KB   100/176 KB   17/370 KB   100/142 KB   224/359 KB   52/80 KB   100/176 KB   17/370 KB   100/142 KB   228/359 KB   52/80 KB   100/176 KB   17/370 KB   100/142 KB   232/359 KB   52/80 KB   100/176 KB   17/370 KB   100/142 KB   236/359 KB   52/80 KB   100/176 KB   17/370 KB   100/142 KB   240/359 KB   52/80 KB   100/176 KB   17/370 KB   100/142 KB   244/359 KB   36/80 KB   100/176 KB   17/370 KB   100/142 KB   212/359 KB   36/80 KB   84/176 KB   17/370 KB   96/142 KB   212/359 KB   56/80 KB   104/176 KB   17/370 KB   104/142 KB   248/359 KB   56/80 KB   104/176 KB   17/370 KB   104/142 KB   252/359 KB   56/80 KB   104/176 KB   21/370 KB   104/142 KB   252/359 KB   56/80 KB   104/176 KB   25/370 KB   104/142 KB   256/359 KB   56/80 KB   104/176 KB   17/370 KB   104/142 KB   244/359 KB   56/80 KB   104/176 KB   25/370 KB   108/142 KB   256/359 KB   56/80 KB   104/176 KB   25/370 KB   112/142 KB   256/359 KB   56/80 KB   104/176 KB   29/370 KB   112/142 KB   256/359 KB   56/80 KB   104/176 KB   17/370 KB   100/142 KB   244/359 KB   56/80 KB   108/176 KB   33/370 KB   112/142 KB   256/359 KB   56/80 KB   112/176 KB   33/370 KB   112/142 KB   256/359 KB   56/80 KB   100/176 KB   17/370 KB   100/142 KB   244/359 KB   56/80 KB   104/176 KB   33/370 KB   112/142 KB   256/359 KB   56/80 KB   112/176 KB   37/370 KB   112/142 KB   256/359 KB   56/80 KB   112/176 KB   41/370 KB   112/142 KB   256/359 KB   56/80 KB   116/176 KB   41/370 KB   112/142 KB   256/359 KB   56/80 KB   120/176 KB   41/370 KB   112/142 KB   256/359 KB   56/80 KB   124/176 KB   41/370 KB   112/142 KB   256/359 KB   56/80 KB   128/176 KB   41/370 KB   112/142 KB   256/359 KB   56/80 KB   132/176 KB   41/370 KB   112/142 KB   256/359 KB   56/80 KB   132/176 KB   45/370 KB   112/142 KB   256/359 KB   60/80 KB   136/176 KB   49/370 KB   112/142 KB   256/359 KB   60/80 KB   136/176 KB   53/370 KB   112/142 KB   256/359 KB   60/80 KB   136/176 KB   57/370 KB   112/142 KB   256/359 KB   60/80 KB   136/176 KB   61/370 KB   112/142 KB   256/359 KB   56/80 KB   104/176 KB   21/370 KB   104/142 KB   256/359 KB   60/80 KB   136/176 KB   45/370 KB   112/142 KB   256/359 KB   64/80 KB   136/176 KB   61/370 KB   112/142 KB   256/359 KB   68/80 KB   136/176 KB   61/370 KB   112/142 KB   256/359 KB   72/80 KB   136/176 KB   61/370 KB   112/142 KB   256/359 KB   76/80 KB   136/176 KB   61/370 KB   112/142 KB   256/359 KB   80/80 KB   136/176 KB   61/370 KB   112/142 KB   256/359 KB   56/80 KB   136/176 KB   45/370 KB   112/142 KB   256/359 KB   80/80 KB   140/176 KB   61/370 KB   112/142 KB   256/359 KB   80/80 KB   144/176 KB   65/370 KB   112/142 KB   260/359 KB   80/80 KB   140/176 KB   65/370 KB   112/142 KB   256/359 KB   80/80 KB   144/176 KB   69/370 KB   116/142 KB   260/359 KB   80/80 KB   144/176 KB   73/370 KB   116/142 KB   260/359 KB   80/80 KB   144/176 KB   77/370 KB   116/142 KB   260/359 KB   80/80 KB   148/176 KB   77/370 KB   116/142 KB   260/359 KB   80/80 KB   152/176 KB   77/370 KB   116/142 KB   260/359 KB   80/80 KB   156/176 KB   77/370 KB   116/142 KB   260/359 KB   80/80 KB   160/176 KB   77/370 KB   116/142 KB   260/359 KB   80/80 KB   160/176 KB   81/370 KB   116/142 KB   260/359 KB   164/176 KB   85/370 KB   116/142 KB   260/359 KB   164/176 KB   89/370 KB   116/142 KB   260/359 KB   164/176 KB   93/370 KB   116/142 KB   260/359 KB   80/80 KB   140/176 KB   65/370 KB   112/142 KB   260/359 KB   164/176 KB   93/370 KB   116/142 KB   264/359 KB   164/176 KB   93/370 KB   116/142 KB   268/359 KB   164/176 KB   93/370 KB   116/142 KB   272/359 KB   164/176 KB   93/370 KB   116/142 KB   276/359 KB   164/176 KB   81/370 KB   116/142 KB   260/359 KB              168/176 KB   97/370 KB   116/142 KB   276/359 KB   172/176 KB   97/370 KB   116/142 KB   276/359 KB   176/176 KB   97/370 KB   116/142 KB   276/359 KB                                                                 Downloaded: https://repo.maven.apache.org/maven2/org/codehaus/plexus/plexus-io/2.4/plexus-io-2.4.jar (80 KB at 85.6 KB/sec)
80/80 KB   144/176 KB   65/370 KB   116/142 KB   260/359 KB   176/176 KB   97/370 KB   116/142 KB   280/359 KB   176/176 KB   97/370 KB   120/142 KB   284/359 KB   176/176 KB   97/370 KB   120/142 KB   288/359 KB                                                      Downloaded: https://repo.maven.apache.org/maven2/com/thoughtworks/qdox/qdox/1.12.1/qdox-1.12.1.jar (176 KB at 190.0 KB/sec)
164/176 KB   97/370 KB   116/142 KB   276/359 KB   176/176 KB   97/370 KB   120/142 KB   284/359 KB   97/370 KB   124/142 KB   288/359 KB                97/370 KB   128/142 KB   288/359 KB   97/370 KB   128/142 KB   292/359 KB   97/370 KB   128/142 KB   296/359 KB   97/370 KB   128/142 KB   300/359 KB   97/370 KB   128/142 KB   304/359 KB   101/370 KB   128/142 KB   304/359 KB   101/370 KB   132/142 KB   304/359 KB   101/370 KB   136/142 KB   304/359 KB   101/370 KB   140/142 KB   304/359 KB   101/370 KB   142/142 KB   304/359 KB   105/370 KB   142/142 KB   304/359 KB   109/370 KB   142/142 KB   304/359 KB   109/370 KB   142/142 KB   308/359 KB   109/370 KB   142/142 KB   312/359 KB   109/370 KB   142/142 KB   316/359 KB   109/370 KB   142/142 KB   320/359 KB   113/370 KB   142/142 KB   320/359 KB   117/370 KB   142/142 KB   320/359 KB   121/370 KB   142/142 KB   320/359 KB   125/370 KB   142/142 KB   320/359 KB   125/370 KB   142/142 KB   324/359 KB   125/370 KB   142/142 KB   328/359 KB   125/370 KB   142/142 KB   332/359 KB   125/370 KB   142/142 KB   336/359 KB   125/370 KB   142/142 KB   340/359 KB   129/370 KB   142/142 KB   344/359 KB   129/370 KB   142/142 KB   340/359 KB   133/370 KB   142/142 KB   344/359 KB   133/370 KB   142/142 KB   348/359 KB   137/370 KB   142/142 KB   352/359 KB   137/370 KB   142/142 KB   348/359 KB   141/370 KB   142/142 KB   352/359 KB                                          Downloaded: https://repo.maven.apache.org/maven2/org/codehaus/plexus/plexus-archiver/2.9/plexus-archiver-2.9.jar (142 KB at 147.0 KB/sec)
141/370 KB   356/359 KB                141/370 KB   359/359 KB   145/370 KB   359/359 KB   149/370 KB   359/359 KB   153/370 KB   359/359 KB   157/370 KB   359/359 KB                             Downloaded: https://repo.maven.apache.org/maven2/log4j/log4j/1.2.14/log4j-1.2.14.jar (359 KB at 363.6 KB/sec)
161/370 KB                165/370 KB   169/370 KB   173/370 KB   177/370 KB   181/370 KB   185/370 KB   189/370 KB   193/370 KB   197/370 KB   201/370 KB   205/370 KB   209/370 KB   213/370 KB   217/370 KB   221/370 KB   225/370 KB   229/370 KB   233/370 KB   237/370 KB   241/370 KB   245/370 KB   249/370 KB   253/370 KB   257/370 KB   261/370 KB   265/370 KB   269/370 KB   273/370 KB   277/370 KB   281/370 KB   285/370 KB   289/370 KB   293/370 KB   297/370 KB   301/370 KB   305/370 KB   309/370 KB   313/370 KB   317/370 KB   321/370 KB   325/370 KB   329/370 KB   333/370 KB   337/370 KB   341/370 KB   345/370 KB   349/370 KB   353/370 KB   357/370 KB   361/370 KB   365/370 KB   369/370 KB   370/370 KB                Downloaded: https://repo.maven.apache.org/maven2/org/apache/commons/commons-compress/1.9/commons-compress-1.9.jar (370 KB at 338.2 KB/sec)
[INFO] Not executing Javadoc as the project is not a Java classpath-capable package
[INFO] 
[INFO] --- maven-enforcer-plugin:1.0:enforce (enforce-maven) @ parent ---
[INFO] 
[INFO] --- animal-sniffer-maven-plugin:1.14:check (default) @ parent ---
[INFO] Checking unresolved references to org.codehaus.mojo.signature:java16:1.1
[INFO] 
[INFO] --- maven-checkstyle-plugin:2.15:checkstyle (default) @ parent ---
[INFO] 
[INFO] --- maven-install-plugin:2.4:install (default-install) @ parent ---
[INFO] Installing /home/travis/build/square/retrofit/pom.xml to /home/travis/.m2/repository/com/squareup/retrofit/parent/2.0.0-SNAPSHOT/parent-2.0.0-SNAPSHOT.pom
[INFO] 
[INFO] --- maven-deploy-plugin:2.7:deploy (default-deploy) @ parent ---
Downloading: https://oss.sonatype.org/content/repositories/snapshots/com/squareup/retrofit/parent/2.0.0-SNAPSHOT/maven-metadata.xml
608/608 B                Downloaded: https://oss.sonatype.org/content/repositories/snapshots/com/squareup/retrofit/parent/2.0.0-SNAPSHOT/maven-metadata.xml (608 B at 6.0 KB/sec)
Uploading: https://oss.sonatype.org/content/repositories/snapshots/com/squareup/retrofit/parent/2.0.0-SNAPSHOT/parent-2.0.0-20151026.215215-132.pom
2/8 KB      4/8 KB   6/8 KB   8/8 KB            Uploaded: https://oss.sonatype.org/content/repositories/snapshots/com/squareup/retrofit/parent/2.0.0-SNAPSHOT/parent-2.0.0-20151026.215215-132.pom (8 KB at 39.3 KB/sec)
Downloading: https://oss.sonatype.org/content/repositories/snapshots/com/squareup/retrofit/parent/maven-metadata.xml
427/427 B               Downloaded: https://oss.sonatype.org/content/repositories/snapshots/com/squareup/retrofit/parent/maven-metadata.xml (427 B at 9.3 KB/sec)
Uploading: https://oss.sonatype.org/content/repositories/snapshots/com/squareup/retrofit/parent/2.0.0-SNAPSHOT/maven-metadata.xml
608/608 B               Uploaded: https://oss.sonatype.org/content/repositories/snapshots/com/squareup/retrofit/parent/2.0.0-SNAPSHOT/maven-metadata.xml (608 B at 5.1 KB/sec)
Uploading: https://oss.sonatype.org/content/repositories/snapshots/com/squareup/retrofit/parent/maven-metadata.xml
427/427 B               Uploaded: https://oss.sonatype.org/content/repositories/snapshots/com/squareup/retrofit/parent/maven-metadata.xml (427 B at 3.0 KB/sec)
[INFO]                                                                         
[INFO] ------------------------------------------------------------------------
[INFO] Building Retrofit 2.0.0-SNAPSHOT
[INFO] ------------------------------------------------------------------------
[INFO] 
[INFO] --- maven-clean-plugin:2.5:clean (default-clean) @ retrofit ---
[INFO] Deleting /home/travis/build/square/retrofit/retrofit/target
[INFO] 
[INFO] >>> maven-source-plugin:2.4:jar (default-cli) > generate-sources @ retrofit >>>
[INFO] 
[INFO] --- maven-enforcer-plugin:1.0:enforce (enforce-maven) @ retrofit ---
[INFO] 
[INFO] <<< maven-source-plugin:2.4:jar (default-cli) < generate-sources @ retrofit <<<
[INFO] 
[INFO] --- maven-source-plugin:2.4:jar (default-cli) @ retrofit ---
[INFO] Building jar: /home/travis/build/square/retrofit/retrofit/target/retrofit-2.0.0-SNAPSHOT-sources.jar
[INFO] 
[INFO] --- maven-javadoc-plugin:2.10.3:jar (default-cli) @ retrofit ---
[INFO] 
Loading source files for package retrofit...
Loading source files for package retrofit.http...
Constructing Javadoc information...
Standard Doclet version 1.8.0_31
Building tree for all the packages and classes...
Generating /home/travis/build/square/retrofit/retrofit/target/apidocs/retrofit/BaseUrl.html...
Generating /home/travis/build/square/retrofit/retrofit/target/apidocs/retrofit/Call.html...
Generating /home/travis/build/square/retrofit/retrofit/target/apidocs/retrofit/CallAdapter.html...
Generating /home/travis/build/square/retrofit/retrofit/target/apidocs/retrofit/CallAdapter.Factory.html...
Generating /home/travis/build/square/retrofit/retrofit/target/apidocs/retrofit/Callback.html...
Generating /home/travis/build/square/retrofit/retrofit/target/apidocs/retrofit/Converter.html...
Generating /home/travis/build/square/retrofit/retrofit/target/apidocs/retrofit/Converter.Factory.html...
Generating /home/travis/build/square/retrofit/retrofit/target/apidocs/retrofit/Response.html...
Generating /home/travis/build/square/retrofit/retrofit/target/apidocs/retrofit/Retrofit.html...
Generating /home/travis/build/square/retrofit/retrofit/target/apidocs/retrofit/Retrofit.Builder.html...
Generating /home/travis/build/square/retrofit/retrofit/target/apidocs/retrofit/http/Body.html...
Generating /home/travis/build/square/retrofit/retrofit/target/apidocs/retrofit/http/DELETE.html...
Generating /home/travis/build/square/retrofit/retrofit/target/apidocs/retrofit/http/Field.html...
Generating /home/travis/build/square/retrofit/retrofit/target/apidocs/retrofit/http/FieldMap.html...
Generating /home/travis/build/square/retrofit/retrofit/target/apidocs/retrofit/http/FormUrlEncoded.html...
Generating /home/travis/build/square/retrofit/retrofit/target/apidocs/retrofit/http/GET.html...
Generating /home/travis/build/square/retrofit/retrofit/target/apidocs/retrofit/http/HEAD.html...
Generating /home/travis/build/square/retrofit/retrofit/target/apidocs/retrofit/http/Header.html...
Generating /home/travis/build/square/retrofit/retrofit/target/apidocs/retrofit/http/Headers.html...
Generating /home/travis/build/square/retrofit/retrofit/target/apidocs/retrofit/http/HTTP.html...
Generating /home/travis/build/square/retrofit/retrofit/target/apidocs/retrofit/http/Multipart.html...
Generating /home/travis/build/square/retrofit/retrofit/target/apidocs/retrofit/http/Part.html...
Generating /home/travis/build/square/retrofit/retrofit/target/apidocs/retrofit/http/PartMap.html...
Generating /home/travis/build/square/retrofit/retrofit/target/apidocs/retrofit/http/PATCH.html...
Generating /home/travis/build/square/retrofit/retrofit/target/apidocs/retrofit/http/Path.html...
Generating /home/travis/build/square/retrofit/retrofit/target/apidocs/retrofit/http/POST.html...
Generating /home/travis/build/square/retrofit/retrofit/target/apidocs/retrofit/http/PUT.html...
Generating /home/travis/build/square/retrofit/retrofit/target/apidocs/retrofit/http/Query.html...
Generating /home/travis/build/square/retrofit/retrofit/target/apidocs/retrofit/http/QueryMap.html...
Generating /home/travis/build/square/retrofit/retrofit/target/apidocs/retrofit/http/Streaming.html...
Generating /home/travis/build/square/retrofit/retrofit/target/apidocs/retrofit/http/Url.html...
Generating /home/travis/build/square/retrofit/retrofit/target/apidocs/overview-frame.html...
Generating /home/travis/build/square/retrofit/retrofit/target/apidocs/retrofit/package-frame.html...
Generating /home/travis/build/square/retrofit/retrofit/target/apidocs/retrofit/package-summary.html...
Generating /home/travis/build/square/retrofit/retrofit/target/apidocs/retrofit/package-tree.html...
Generating /home/travis/build/square/retrofit/retrofit/target/apidocs/retrofit/http/package-frame.html...
Generating /home/travis/build/square/retrofit/retrofit/target/apidocs/retrofit/http/package-summary.html...
Generating /home/travis/build/square/retrofit/retrofit/target/apidocs/retrofit/http/package-tree.html...
Generating /home/travis/build/square/retrofit/retrofit/target/apidocs/constant-values.html...
Generating /home/travis/build/square/retrofit/retrofit/target/apidocs/retrofit/class-use/Retrofit.html...
Generating /home/travis/build/square/retrofit/retrofit/target/apidocs/retrofit/class-use/Retrofit.Builder.html...
Generating /home/travis/build/square/retrofit/retrofit/target/apidocs/retrofit/class-use/Response.html...
Generating /home/travis/build/square/retrofit/retrofit/target/apidocs/retrofit/class-use/Converter.html...
Generating /home/travis/build/square/retrofit/retrofit/target/apidocs/retrofit/class-use/Converter.Factory.html...
Generating /home/travis/build/square/retrofit/retrofit/target/apidocs/retrofit/class-use/Callback.html...
Generating /home/travis/build/square/retrofit/retrofit/target/apidocs/retrofit/class-use/CallAdapter.html...
Generating /home/travis/build/square/retrofit/retrofit/target/apidocs/retrofit/class-use/CallAdapter.Factory.html...
Generating /home/travis/build/square/retrofit/retrofit/target/apidocs/retrofit/class-use/Call.html...
Generating /home/travis/build/square/retrofit/retrofit/target/apidocs/retrofit/class-use/BaseUrl.html...
Generating /home/travis/build/square/retrofit/retrofit/target/apidocs/retrofit/http/class-use/Url.html...
Generating /home/travis/build/square/retrofit/retrofit/target/apidocs/retrofit/http/class-use/Streaming.html...
Generating /home/travis/build/square/retrofit/retrofit/target/apidocs/retrofit/http/class-use/QueryMap.html...
Generating /home/travis/build/square/retrofit/retrofit/target/apidocs/retrofit/http/class-use/Query.html...
Generating /home/travis/build/square/retrofit/retrofit/target/apidocs/retrofit/http/class-use/Path.html...
Generating /home/travis/build/square/retrofit/retrofit/target/apidocs/retrofit/http/class-use/PartMap.html...
Generating /home/travis/build/square/retrofit/retrofit/target/apidocs/retrofit/http/class-use/Part.html...
Generating /home/travis/build/square/retrofit/retrofit/target/apidocs/retrofit/http/class-use/PUT.html...
Generating /home/travis/build/square/retrofit/retrofit/target/apidocs/retrofit/http/class-use/POST.html...
Generating /home/travis/build/square/retrofit/retrofit/target/apidocs/retrofit/http/class-use/PATCH.html...
Generating /home/travis/build/square/retrofit/retrofit/target/apidocs/retrofit/http/class-use/Multipart.html...
Generating /home/travis/build/square/retrofit/retrofit/target/apidocs/retrofit/http/class-use/Headers.html...
Generating /home/travis/build/square/retrofit/retrofit/target/apidocs/retrofit/http/class-use/Header.html...
Generating /home/travis/build/square/retrofit/retrofit/target/apidocs/retrofit/http/class-use/HTTP.html...
Generating /home/travis/build/square/retrofit/retrofit/target/apidocs/retrofit/http/class-use/HEAD.html...
Generating /home/travis/build/square/retrofit/retrofit/target/apidocs/retrofit/http/class-use/GET.html...
Generating /home/travis/build/square/retrofit/retrofit/target/apidocs/retrofit/http/class-use/FormUrlEncoded.html...
Generating /home/travis/build/square/retrofit/retrofit/target/apidocs/retrofit/http/class-use/FieldMap.html...
Generating /home/travis/build/square/retrofit/retrofit/target/apidocs/retrofit/http/class-use/Field.html...
Generating /home/travis/build/square/retrofit/retrofit/target/apidocs/retrofit/http/class-use/DELETE.html...
Generating /home/travis/build/square/retrofit/retrofit/target/apidocs/retrofit/http/class-use/Body.html...
Generating /home/travis/build/square/retrofit/retrofit/target/apidocs/retrofit/package-use.html...
Generating /home/travis/build/square/retrofit/retrofit/target/apidocs/retrofit/http/package-use.html...
Building index for all the packages and classes...
Generating /home/travis/build/square/retrofit/retrofit/target/apidocs/overview-tree.html...
Generating /home/travis/build/square/retrofit/retrofit/target/apidocs/index-all.html...
Generating /home/travis/build/square/retrofit/retrofit/target/apidocs/deprecated-list.html...
Building index for all classes...
Generating /home/travis/build/square/retrofit/retrofit/target/apidocs/allclasses-frame.html...
Generating /home/travis/build/square/retrofit/retrofit/target/apidocs/allclasses-noframe.html...
Generating /home/travis/build/square/retrofit/retrofit/target/apidocs/index.html...
Generating /home/travis/build/square/retrofit/retrofit/target/apidocs/overview-summary.html...
Generating /home/travis/build/square/retrofit/retrofit/target/apidocs/help-doc.html...
2 errors
87 warnings
[INFO] ------------------------------------------------------------------------
[INFO] Reactor Summary:
[INFO] 
[INFO] Retrofit (Parent) .................................. SUCCESS [  6.910 s]
[INFO] Retrofit ........................................... FAILURE [  5.755 s]
[INFO] Adapters ........................................... SKIPPED
[INFO] Adapter: RxJava .................................... SKIPPED
[INFO] Retrofit Mock Adapter .............................. SKIPPED
[INFO] Adapter: RxJava Mock ............................... SKIPPED
[INFO] Converters ......................................... SKIPPED
[INFO] Converter: Gson .................................... SKIPPED
[INFO] Converter: Protocol Buffers ........................ SKIPPED
[INFO] Converter: Jackson ................................. SKIPPED
[INFO] Converter: Wire Protocol Buffers ................... SKIPPED
[INFO] Converter: SimpleXML ............................... SKIPPED
[INFO] Converter: Moshi ................................... SKIPPED
[INFO] Samples ............................................ SKIPPED
[INFO] ------------------------------------------------------------------------
[INFO] BUILD FAILURE
[INFO] ------------------------------------------------------------------------
[INFO] Total time: 16.233 s
[INFO] Finished at: 2015-10-26T21:52:21+00:00
[INFO] Final Memory: 27M/348M
[INFO] ------------------------------------------------------------------------
[ERROR] Failed to execute goal org.apache.maven.plugins:maven-javadoc-plugin:2.10.3:jar (default-cli) on project retrofit: MavenReportException: Error while generating Javadoc:
[ERROR] Exit code: 1 - /home/travis/build/square/retrofit/retrofit/src/main/java/retrofit/BaseUrl.java:13: warning: no @return
[ERROR] HttpUrl url();
[ERROR] ^
[ERROR] /home/travis/build/square/retrofit/retrofit/src/main/java/retrofit/CallAdapter.java:31: warning: no @return
[ERROR] Type responseType();
[ERROR] ^
[ERROR] /home/travis/build/square/retrofit/retrofit/src/main/java/retrofit/CallAdapter.java:34: warning: no @param for <R>
[ERROR] <R> T adapt(Call<R> call);
[ERROR] ^
[ERROR] /home/travis/build/square/retrofit/retrofit/src/main/java/retrofit/CallAdapter.java:34: warning: no @param for call
[ERROR] <R> T adapt(Call<R> call);
[ERROR] ^
[ERROR] /home/travis/build/square/retrofit/retrofit/src/main/java/retrofit/CallAdapter.java:34: warning: no @return
[ERROR] <R> T adapt(Call<R> call);
[ERROR] ^
[ERROR] /home/travis/build/square/retrofit/retrofit/src/main/java/retrofit/CallAdapter.java:41: warning: no @param for returnType
[ERROR] CallAdapter<?> get(Type returnType, Annotation[] annotations, Retrofit retrofit);
[ERROR] ^
[ERROR] /home/travis/build/square/retrofit/retrofit/src/main/java/retrofit/CallAdapter.java:41: warning: no @param for annotations
[ERROR] CallAdapter<?> get(Type returnType, Annotation[] annotations, Retrofit retrofit);
[ERROR] ^
[ERROR] /home/travis/build/square/retrofit/retrofit/src/main/java/retrofit/CallAdapter.java:41: warning: no @param for retrofit
[ERROR] CallAdapter<?> get(Type returnType, Annotation[] annotations, Retrofit retrofit);
[ERROR] ^
[ERROR] /home/travis/build/square/retrofit/retrofit/src/main/java/retrofit/CallAdapter.java:41: warning: no @return
[ERROR] CallAdapter<?> get(Type returnType, Annotation[] annotations, Retrofit retrofit);
[ERROR] ^
[ERROR] /home/travis/build/square/retrofit/retrofit/src/main/java/retrofit/Callback.java:33: warning: no @param for response
[ERROR] void onResponse(Response<T> response, Retrofit retrofit);
[ERROR] ^
[ERROR] /home/travis/build/square/retrofit/retrofit/src/main/java/retrofit/Callback.java:33: warning: no @param for retrofit
[ERROR] void onResponse(Response<T> response, Retrofit retrofit);
[ERROR] ^
[ERROR] /home/travis/build/square/retrofit/retrofit/src/main/java/retrofit/Callback.java:36: warning: no @param for t
[ERROR] void onFailure(Throwable t);
[ERROR] ^
[ERROR] /home/travis/build/square/retrofit/retrofit/src/main/java/retrofit/Converter.java:28: warning - Tag @link: can't find addConverterFactory(Factory) in retrofit.Retrofit.Builder
[ERROR] /home/travis/build/square/retrofit/retrofit/src/main/java/retrofit/Converter.java:36: warning: no @param for type
[ERROR] public Converter<ResponseBody, ?> fromResponseBody(Type type, Annotation[] annotations) {
[ERROR] ^
[ERROR] /home/travis/build/square/retrofit/retrofit/src/main/java/retrofit/Converter.java:36: warning: no @param for annotations
[ERROR] public Converter<ResponseBody, ?> fromResponseBody(Type type, Annotation[] annotations) {
[ERROR] ^
[ERROR] /home/travis/build/square/retrofit/retrofit/src/main/java/retrofit/Converter.java:36: warning: no @return
[ERROR] public Converter<ResponseBody, ?> fromResponseBody(Type type, Annotation[] annotations) {
[ERROR] ^
[ERROR] /home/travis/build/square/retrofit/retrofit/src/main/java/retrofit/Converter.java:44: warning: no @param for type
[ERROR] public Converter<?, RequestBody> toRequestBody(Type type, Annotation[] annotations) {
[ERROR] ^
[ERROR] /home/travis/build/square/retrofit/retrofit/src/main/java/retrofit/Converter.java:44: warning: no @param for annotations
[ERROR] public Converter<?, RequestBody> toRequestBody(Type type, Annotation[] annotations) {
[ERROR] ^
[ERROR] /home/travis/build/square/retrofit/retrofit/src/main/java/retrofit/Converter.java:44: warning: no @return
[ERROR] public Converter<?, RequestBody> toRequestBody(Type type, Annotation[] annotations) {
[ERROR] ^
[ERROR] /home/travis/build/square/retrofit/retrofit/src/main/java/retrofit/Response.java:32: warning: no @param for <T>
[ERROR] public static <T> Response<T> success(T body) {
[ERROR] ^
[ERROR] /home/travis/build/square/retrofit/retrofit/src/main/java/retrofit/Response.java:32: warning: no @param for body
[ERROR] public static <T> Response<T> success(T body) {
[ERROR] ^
[ERROR] /home/travis/build/square/retrofit/retrofit/src/main/java/retrofit/Response.java:32: warning: no @return
[ERROR] public static <T> Response<T> success(T body) {
[ERROR] ^
[ERROR] /home/travis/build/square/retrofit/retrofit/src/main/java/retrofit/Response.java:44: warning: no @param for <T>
[ERROR] public static <T> Response<T> success(T body, com.squareup.okhttp.Response rawResponse) {
[ERROR] ^
[ERROR] /home/travis/build/square/retrofit/retrofit/src/main/java/retrofit/Response.java:44: warning: no @param for body
[ERROR] public static <T> Response<T> success(T body, com.squareup.okhttp.Response rawResponse) {
[ERROR] ^
[ERROR] /home/travis/build/square/retrofit/retrofit/src/main/java/retrofit/Response.java:44: warning: no @param for rawResponse
[ERROR] public static <T> Response<T> success(T body, com.squareup.okhttp.Response rawResponse) {
[ERROR] ^
[ERROR] /home/travis/build/square/retrofit/retrofit/src/main/java/retrofit/Response.java:44: warning: no @return
[ERROR] public static <T> Response<T> success(T body, com.squareup.okhttp.Response rawResponse) {
[ERROR] ^
[ERROR] /home/travis/build/square/retrofit/retrofit/src/main/java/retrofit/Response.java:51: warning: no @param for <T>
[ERROR] public static <T> Response<T> error(int code, ResponseBody body) {
[ERROR] ^
[ERROR] /home/travis/build/square/retrofit/retrofit/src/main/java/retrofit/Response.java:51: warning: no @param for code
[ERROR] public static <T> Response<T> error(int code, ResponseBody body) {
[ERROR] ^
[ERROR] /home/travis/build/square/retrofit/retrofit/src/main/java/retrofit/Response.java:51: warning: no @param for body
[ERROR] public static <T> Response<T> error(int code, ResponseBody body) {
[ERROR] ^
[ERROR] /home/travis/build/square/retrofit/retrofit/src/main/java/retrofit/Response.java:51: warning: no @return
[ERROR] public static <T> Response<T> error(int code, ResponseBody body) {
[ERROR] ^
[ERROR] /home/travis/build/square/retrofit/retrofit/src/main/java/retrofit/Response.java:63: warning: no @param for <T>
[ERROR] public static <T> Response<T> error(ResponseBody body, com.squareup.okhttp.Response rawResponse) {
[ERROR] ^
[ERROR] /home/travis/build/square/retrofit/retrofit/src/main/java/retrofit/Response.java:63: warning: no @param for body
[ERROR] public static <T> Response<T> error(ResponseBody body, com.squareup.okhttp.Response rawResponse) {
[ERROR] ^
[ERROR] /home/travis/build/square/retrofit/retrofit/src/main/java/retrofit/Response.java:63: warning: no @param for rawResponse
[ERROR] public static <T> Response<T> error(ResponseBody body, com.squareup.okhttp.Response rawResponse) {
[ERROR] ^
[ERROR] /home/travis/build/square/retrofit/retrofit/src/main/java/retrofit/Response.java:63: warning: no @return
[ERROR] public static <T> Response<T> error(ResponseBody body, com.squareup.okhttp.Response rawResponse) {
[ERROR] ^
[ERROR] /home/travis/build/square/retrofit/retrofit/src/main/java/retrofit/Response.java:78: warning: no @return
[ERROR] public com.squareup.okhttp.Response raw() {
[ERROR] ^
[ERROR] /home/travis/build/square/retrofit/retrofit/src/main/java/retrofit/Response.java:83: warning: no @return
[ERROR] public int code() {
[ERROR] ^
[ERROR] /home/travis/build/square/retrofit/retrofit/src/main/java/retrofit/Response.java:88: warning: no @return
[ERROR] public String message() {
[ERROR] ^
[ERROR] /home/travis/build/square/retrofit/retrofit/src/main/java/retrofit/Response.java:97: warning: no @return
[ERROR] public boolean isSuccess() {
[ERROR] ^
[ERROR] /home/travis/build/square/retrofit/retrofit/src/main/java/retrofit/Response.java:102: warning: no @return
[ERROR] public T body() {
[ERROR] ^
[ERROR] /home/travis/build/square/retrofit/retrofit/src/main/java/retrofit/Response.java:107: warning: no @return
[ERROR] public ResponseBody errorBody() {
[ERROR] ^
[ERROR] /home/travis/build/square/retrofit/retrofit/src/main/java/retrofit/Retrofit.java:114: warning: no @param for <T>
[ERROR] public <T> T create(final Class<T> service) {
[ERROR] ^
[ERROR] /home/travis/build/square/retrofit/retrofit/src/main/java/retrofit/Retrofit.java:114: warning: no @param for service
[ERROR] public <T> T create(final Class<T> service) {
[ERROR] ^
[ERROR] /home/travis/build/square/retrofit/retrofit/src/main/java/retrofit/Retrofit.java:114: warning: no @return
[ERROR] public <T> T create(final Class<T> service) {
[ERROR] ^
[ERROR] /home/travis/build/square/retrofit/retrofit/src/main/java/retrofit/Retrofit.java:174: warning: no @param for returnType
[ERROR] public CallAdapter<?> callAdapter(Type returnType, Annotation[] annotations) {
[ERROR] ^
[ERROR] /home/travis/build/square/retrofit/retrofit/src/main/java/retrofit/Retrofit.java:174: warning: no @param for annotations
[ERROR] public CallAdapter<?> callAdapter(Type returnType, Annotation[] annotations) {
[ERROR] ^
[ERROR] /home/travis/build/square/retrofit/retrofit/src/main/java/retrofit/Retrofit.java:174: warning: no @return
[ERROR] public CallAdapter<?> callAdapter(Type returnType, Annotation[] annotations) {
[ERROR] ^
[ERROR] /home/travis/build/square/retrofit/retrofit/src/main/java/retrofit/Retrofit.java:182: warning: no @param for skipPast
[ERROR] public CallAdapter<?> nextCallAdapter(CallAdapter.Factory skipPast, Type returnType,
[ERROR] ^
[ERROR] /home/travis/build/square/retrofit/retrofit/src/main/java/retrofit/Retrofit.java:182: warning: no @param for returnType
[ERROR] public CallAdapter<?> nextCallAdapter(CallAdapter.Factory skipPast, Type returnType,
[ERROR] ^
[ERROR] /home/travis/build/square/retrofit/retrofit/src/main/java/retrofit/Retrofit.java:182: warning: no @param for annotations
[ERROR] public CallAdapter<?> nextCallAdapter(CallAdapter.Factory skipPast, Type returnType,
[ERROR] ^
[ERROR] /home/travis/build/square/retrofit/retrofit/src/main/java/retrofit/Retrofit.java:182: warning: no @return
[ERROR] public CallAdapter<?> nextCallAdapter(CallAdapter.Factory skipPast, Type returnType,
[ERROR] ^
[ERROR] /home/travis/build/square/retrofit/retrofit/src/main/java/retrofit/Retrofit.java:213: warning: no @return
[ERROR] public List<Converter.Factory> converterFactories() {
[ERROR] ^
[ERROR] /home/travis/build/square/retrofit/retrofit/src/main/java/retrofit/Retrofit.java:221: warning: no @param for <T>
[ERROR] public <T> Converter<T, RequestBody> requestConverter(Type type, Annotation[] annotations) {
[ERROR] ^
[ERROR] /home/travis/build/square/retrofit/retrofit/src/main/java/retrofit/Retrofit.java:221: warning: no @param for type
[ERROR] public <T> Converter<T, RequestBody> requestConverter(Type type, Annotation[] annotations) {
[ERROR] ^
[ERROR] /home/travis/build/square/retrofit/retrofit/src/main/java/retrofit/Retrofit.java:221: warning: no @param for annotations
[ERROR] public <T> Converter<T, RequestBody> requestConverter(Type type, Annotation[] annotations) {
[ERROR] ^
[ERROR] /home/travis/build/square/retrofit/retrofit/src/main/java/retrofit/Retrofit.java:221: warning: no @return
[ERROR] public <T> Converter<T, RequestBody> requestConverter(Type type, Annotation[] annotations) {
[ERROR] ^
[ERROR] /home/travis/build/square/retrofit/retrofit/src/main/java/retrofit/Retrofit.java:247: warning: no @param for <T>
[ERROR] public <T> Converter<ResponseBody, T> responseConverter(Type type, Annotation[] annotations) {
[ERROR] ^
[ERROR] /home/travis/build/square/retrofit/retrofit/src/main/java/retrofit/Retrofit.java:247: warning: no @param for type
[ERROR] public <T> Converter<ResponseBody, T> responseConverter(Type type, Annotation[] annotations) {
[ERROR] ^
[ERROR] /home/travis/build/square/retrofit/retrofit/src/main/java/retrofit/Retrofit.java:247: warning: no @param for annotations
[ERROR] public <T> Converter<ResponseBody, T> responseConverter(Type type, Annotation[] annotations) {
[ERROR] ^
[ERROR] /home/travis/build/square/retrofit/retrofit/src/main/java/retrofit/Retrofit.java:247: warning: no @return
[ERROR] public <T> Converter<ResponseBody, T> responseConverter(Type type, Annotation[] annotations) {
[ERROR] ^
[ERROR] /home/travis/build/square/retrofit/retrofit/src/main/java/retrofit/Retrofit.java:294: warning: no @param for client
[ERROR] public Builder client(OkHttpClient client) {
[ERROR] ^
[ERROR] /home/travis/build/square/retrofit/retrofit/src/main/java/retrofit/Retrofit.java:294: warning: no @return
[ERROR] public Builder client(OkHttpClient client) {
[ERROR] ^
[ERROR] /home/travis/build/square/retrofit/retrofit/src/main/java/retrofit/Retrofit.java:300: warning: no @param for baseUrl
[ERROR] public Builder baseUrl(String baseUrl) {
[ERROR] ^
[ERROR] /home/travis/build/square/retrofit/retrofit/src/main/java/retrofit/Retrofit.java:300: warning: no @return
[ERROR] public Builder baseUrl(String baseUrl) {
[ERROR] ^
[ERROR] /home/travis/build/square/retrofit/retrofit/src/main/java/retrofit/Retrofit.java:310: warning: no @param for baseUrl
[ERROR] public Builder baseUrl(final HttpUrl baseUrl) {
[ERROR] ^
[ERROR] /home/travis/build/square/retrofit/retrofit/src/main/java/retrofit/Retrofit.java:310: warning: no @return
[ERROR] public Builder baseUrl(final HttpUrl baseUrl) {
[ERROR] ^
[ERROR] /home/travis/build/square/retrofit/retrofit/src/main/java/retrofit/Retrofit.java:320: warning: no @param for baseUrl
[ERROR] public Builder baseUrl(BaseUrl baseUrl) {
[ERROR] ^
[ERROR] /home/travis/build/square/retrofit/retrofit/src/main/java/retrofit/Retrofit.java:320: warning: no @return
[ERROR] public Builder baseUrl(BaseUrl baseUrl) {
[ERROR] ^
[ERROR] /home/travis/build/square/retrofit/retrofit/src/main/java/retrofit/Retrofit.java:326: warning: no @param for converterFactory
[ERROR] public Builder addConverterFactory(Converter.Factory converterFactory) {
[ERROR] ^
[ERROR] /home/travis/build/square/retrofit/retrofit/src/main/java/retrofit/Retrofit.java:326: warning: no @return
[ERROR] public Builder addConverterFactory(Converter.Factory converterFactory) {
[ERROR] ^
[ERROR] /home/travis/build/square/retrofit/retrofit/src/main/java/retrofit/Retrofit.java:334: warning: no @param for factory
[ERROR] public Builder addCallAdapterFactory(CallAdapter.Factory factory) {
[ERROR] ^
[ERROR] /home/travis/build/square/retrofit/retrofit/src/main/java/retrofit/Retrofit.java:334: warning: no @return
[ERROR] public Builder addCallAdapterFactory(CallAdapter.Factory factory) {
[ERROR] ^
[ERROR] /home/travis/build/square/retrofit/retrofit/src/main/java/retrofit/Retrofit.java:343: warning: no @param for callbackExecutor
[ERROR] public Builder callbackExecutor(Executor callbackExecutor) {
[ERROR] ^
[ERROR] /home/travis/build/square/retrofit/retrofit/src/main/java/retrofit/Retrofit.java:343: warning: no @return
[ERROR] public Builder callbackExecutor(Executor callbackExecutor) {
[ERROR] ^
[ERROR] /home/travis/build/square/retrofit/retrofit/src/main/java/retrofit/Retrofit.java:352: warning: no @return
[ERROR] public Builder validateEagerly() {
[ERROR] ^
[ERROR] /home/travis/build/square/retrofit/retrofit/src/main/java/retrofit/Retrofit.java:358: warning: no @return
[ERROR] public Retrofit build() {
[ERROR] ^
[ERROR] /home/travis/build/square/retrofit/retrofit/src/main/java/retrofit/http/Field.java:61: warning: no @return
[ERROR] boolean encoded() default false;
[ERROR] ^
[ERROR] /home/travis/build/square/retrofit/retrofit/src/main/java/retrofit/http/FieldMap.java:48: warning: no @return
[ERROR] boolean encoded() default false;
[ERROR] ^
[ERROR] /home/travis/build/square/retrofit/retrofit/src/main/java/retrofit/http/Header.java:27: warning: empty <p> tag
[ERROR] * <p>
[ERROR] ^
[ERROR] /home/travis/build/square/retrofit/retrofit/src/main/java/retrofit/http/Headers.java:27: warning: empty <p> tag
[ERROR] * <p>
[ERROR] ^
[ERROR] /home/travis/build/square/retrofit/retrofit/src/main/java/retrofit/http/Part.java:38: warning: empty <p> tag
[ERROR] * <p>
[ERROR] ^
[ERROR] /home/travis/build/square/retrofit/retrofit/src/main/java/retrofit/http/Part.java:42: error: unknown tag: ResponseBody
[ERROR] * Call&lt;<ResponseBody> example(
[ERROR] ^
[ERROR] /home/travis/build/square/retrofit/retrofit/src/main/java/retrofit/http/Part.java:55: warning: no @return
[ERROR] String encoding() default "binary";
[ERROR] ^
[ERROR] /home/travis/build/square/retrofit/retrofit/src/main/java/retrofit/http/PartMap.java:36: warning: empty <p> tag
[ERROR] * <p>
[ERROR] ^
[ERROR] /home/travis/build/square/retrofit/retrofit/src/main/java/retrofit/http/PartMap.java:40: error: bad use of '>'
[ERROR] * Call&lt;ResponseBody> upload(
[ERROR] ^
[ERROR] /home/travis/build/square/retrofit/retrofit/src/main/java/retrofit/http/PartMap.java:53: warning: no @return
[ERROR] String encoding() default "binary";
[ERROR] ^
[ERROR] /home/travis/build/square/retrofit/retrofit/src/main/java/retrofit/http/Path.java:58: warning: no @return
[ERROR] boolean encoded() default false;
[ERROR] ^
[ERROR] /home/travis/build/square/retrofit/retrofit/src/main/java/retrofit/http/Query.java:69: warning: no @return
[ERROR] String value();
[ERROR] ^
[ERROR] /home/travis/build/square/retrofit/retrofit/src/main/java/retrofit/http/Query.java:74: warning: no @return
[ERROR] boolean encoded() default false;
[ERROR] ^
[ERROR] /home/travis/build/square/retrofit/retrofit/src/main/java/retrofit/http/QueryMap.java:56: warning: no @return
[ERROR] boolean encoded() default false;
[ERROR] ^
[ERROR] 
[ERROR] Command line was: /usr/lib/jvm/java-8-oracle/jre/../bin/javadoc @options @packages
[ERROR] 
[ERROR] Refer to the generated Javadoc files in '/home/travis/build/square/retrofit/retrofit/target/apidocs' dir.
[ERROR] -> [Help 1]
[ERROR] 
[ERROR] To see the full stack trace of the errors, re-run Maven with the -e switch.
[ERROR] Re-run Maven using the -X switch to enable full debug logging.
[ERROR] 
[ERROR] For more information about the errors and possible solutions, please read the following articles:
[ERROR] [Help 1] http://cwiki.apache.org/confluence/display/MAVEN/MojoExecutionException
[ERROR] 
[ERROR] After correcting the problems, you can resume the build with the command
[ERROR]   mvn <goals> -rf :retrofit
travis_time:end:056e560c:start=1445896323635793347,finish=1445896352944321613,duration=29308528266[0Ktravis_fold:end:after_success[0K
Done. Your build exited with 0.
