Using worker: worker-linux-docker-0c962ff5.prod.travis-ci.org:travis-linux-2

travis_fold:start:system_info[0K[33;1mBuild system information[0m
Build language: java
[34m[1mBuild image provisioning date and time[0m
Thu Feb  5 15:09:33 UTC 2015
[34m[1mOperating System Details[0m
Distributor ID:	Ubuntu
Description:	Ubuntu 12.04.5 LTS
Release:	12.04
Codename:	precise
[34m[1mLinux Version[0m
3.13.0-29-generic
[34m[1mCookbooks Version[0m
a68419e https://github.com/travis-ci/travis-cookbooks/tree/a68419e
[34m[1mGCC version[0m
gcc (Ubuntu/Linaro 4.6.3-1ubuntu5) 4.6.3
Copyright (C) 2011 Free Software Foundation, Inc.
This is free software; see the source for copying conditions.  There is NO
warranty; not even for MERCHANTABILITY or FITNESS FOR A PARTICULAR PURPOSE.

[34m[1mLLVM version[0m
clang version 3.4 (tags/RELEASE_34/final)
Target: x86_64-unknown-linux-gnu
Thread model: posix
[34m[1mPre-installed Ruby versions[0m
ruby-1.9.3-p551
[34m[1mPre-installed Node.js versions[0m
v0.10.36
[34m[1mPre-installed Go versions[0m
1.4.1
[34m[1mRedis version[0m
redis-server 2.8.19
[34m[1mriak version[0m
2.0.2
[34m[1mMongoDB version[0m
MongoDB 2.4.12
[34m[1mCouchDB version[0m
couchdb 1.6.1
[34m[1mNeo4j version[0m
1.9.4
[34m[1mRabbitMQ Version[0m
3.4.3
[34m[1mElasticSearch version[0m
1.4.0
[34m[1mInstalled Sphinx versions[0m
2.0.10
2.1.9
2.2.6
[34m[1mDefault Sphinx version[0m
2.2.6
[34m[1mInstalled Firefox version[0m
firefox 31.0esr
[34m[1mPhantomJS version[0m
1.9.8
[34m[1mant -version[0m
Apache Ant(TM) version 1.8.2 compiled on December 3 2011
[34m[1mmvn -version[0m
Apache Maven 3.2.5 (12a6b3acb947671f09b81f49094c53f426d8cea1; 2014-12-14T17:29:23+00:00)
Maven home: /usr/local/maven
Java version: 1.7.0_76, vendor: Oracle Corporation
Java home: /usr/lib/jvm/java-7-oracle/jre
Default locale: en_US, platform encoding: ANSI_X3.4-1968
OS name: "linux", version: "3.13.0-29-generic", arch: "amd64", family: "unix"
travis_fold:end:system_info[0K
travis_fold:start:git.checkout[0Ktravis_time:start:04f1b665[0K$ git clone --depth=50 --branch=master https://github.com/square/retrofit.git square/retrofit
Cloning into 'square/retrofit'...
remote: Counting objects: 1609, done.[K
remote: Compressing objects:   0% (1/774)   [Kremote: Compressing objects:   1% (8/774)   [Kremote: Compressing objects:   2% (16/774)   [Kremote: Compressing objects:   3% (24/774)   [Kremote: Compressing objects:   4% (31/774)   [Kremote: Compressing objects:   5% (39/774)   [Kremote: Compressing objects:   6% (47/774)   [Kremote: Compressing objects:   7% (55/774)   [Kremote: Compressing objects:   8% (62/774)   [Kremote: Compressing objects:   9% (70/774)   [Kremote: Compressing objects:  10% (78/774)   [Kremote: Compressing objects:  11% (86/774)   [Kremote: Compressing objects:  12% (93/774)   [Kremote: Compressing objects:  13% (101/774)   [Kremote: Compressing objects:  14% (109/774)   [Kremote: Compressing objects:  15% (117/774)   [Kremote: Compressing objects:  16% (124/774)   [Kremote: Compressing objects:  17% (132/774)   [Kremote: Compressing objects:  18% (140/774)   [Kremote: Compressing objects:  19% (148/774)   [Kremote: Compressing objects:  20% (155/774)   [Kremote: Compressing objects:  21% (163/774)   [Kremote: Compressing objects:  22% (171/774)   [Kremote: Compressing objects:  23% (179/774)   [Kremote: Compressing objects:  24% (186/774)   [Kremote: Compressing objects:  25% (194/774)   [Kremote: Compressing objects:  26% (202/774)   [Kremote: Compressing objects:  27% (209/774)   [Kremote: Compressing objects:  28% (217/774)   [Kremote: Compressing objects:  29% (225/774)   [Kremote: Compressing objects:  30% (233/774)   [Kremote: Compressing objects:  31% (240/774)   [Kremote: Compressing objects:  32% (248/774)   [Kremote: Compressing objects:  33% (256/774)   [Kremote: Compressing objects:  34% (264/774)   [Kremote: Compressing objects:  35% (271/774)   [Kremote: Compressing objects:  36% (279/774)   [Kremote: Compressing objects:  37% (287/774)   [Kremote: Compressing objects:  38% (295/774)   [Kremote: Compressing objects:  39% (302/774)   [Kremote: Compressing objects:  40% (310/774)   [Kremote: Compressing objects:  41% (318/774)   [Kremote: Compressing objects:  42% (326/774)   [Kremote: Compressing objects:  43% (333/774)   [Kremote: Compressing objects:  44% (341/774)   [Kremote: Compressing objects:  45% (349/774)   [Kremote: Compressing objects:  46% (357/774)   [Kremote: Compressing objects:  47% (364/774)   [Kremote: Compressing objects:  48% (372/774)   [Kremote: Compressing objects:  49% (380/774)   [Kremote: Compressing objects:  50% (387/774)   [Kremote: Compressing objects:  51% (395/774)   [Kremote: Compressing objects:  52% (403/774)   [Kremote: Compressing objects:  53% (411/774)   [Kremote: Compressing objects:  54% (418/774)   [Kremote: Compressing objects:  55% (426/774)   [Kremote: Compressing objects:  56% (434/774)   [Kremote: Compressing objects:  57% (442/774)   [Kremote: Compressing objects:  58% (449/774)   [Kremote: Compressing objects:  59% (457/774)   [Kremote: Compressing objects:  60% (465/774)   [Kremote: Compressing objects:  61% (473/774)   [Kremote: Compressing objects:  62% (480/774)   [Kremote: Compressing objects:  63% (488/774)   [Kremote: Compressing objects:  64% (496/774)   [Kremote: Compressing objects:  65% (504/774)   [Kremote: Compressing objects:  66% (511/774)   [Kremote: Compressing objects:  67% (519/774)   [Kremote: Compressing objects:  68% (527/774)   [Kremote: Compressing objects:  69% (535/774)   [Kremote: Compressing objects:  70% (542/774)   [Kremote: Compressing objects:  71% (550/774)   [Kremote: Compressing objects:  72% (558/774)   [Kremote: Compressing objects:  73% (566/774)   [Kremote: Compressing objects:  74% (573/774)   [Kremote: Compressing objects:  75% (581/774)   [Kremote: Compressing objects:  76% (589/774)   [Kremote: Compressing objects:  77% (596/774)   [Kremote: Compressing objects:  78% (604/774)   [Kremote: Compressing objects:  79% (612/774)   [Kremote: Compressing objects:  80% (620/774)   [Kremote: Compressing objects:  81% (627/774)   [Kremote: Compressing objects:  82% (635/774)   [Kremote: Compressing objects:  83% (643/774)   [Kremote: Compressing objects:  84% (651/774)   [Kremote: Compressing objects:  85% (658/774)   [Kremote: Compressing objects:  86% (666/774)   [Kremote: Compressing objects:  87% (674/774)   [Kremote: Compressing objects:  88% (682/774)   [Kremote: Compressing objects:  89% (689/774)   [Kremote: Compressing objects:  90% (697/774)   [Kremote: Compressing objects:  91% (705/774)   [Kremote: Compressing objects:  92% (713/774)   [Kremote: Compressing objects:  93% (720/774)   [Kremote: Compressing objects:  94% (728/774)   [Kremote: Compressing objects:  95% (736/774)   [Kremote: Compressing objects:  96% (744/774)   [Kremote: Compressing objects:  97% (751/774)   [Kremote: Compressing objects:  98% (759/774)   [Kremote: Compressing objects:  99% (767/774)   [Kremote: Compressing objects: 100% (774/774)   [Kremote: Compressing objects: 100% (774/774), done.[K
Receiving objects:   0% (1/1609)   Receiving objects:   1% (17/1609)   Receiving objects:   2% (33/1609)   Receiving objects:   3% (49/1609)   Receiving objects:   4% (65/1609)   Receiving objects:   5% (81/1609)   Receiving objects:   6% (97/1609)   Receiving objects:   7% (113/1609)   Receiving objects:   8% (129/1609)   Receiving objects:   9% (145/1609)   Receiving objects:  10% (161/1609)   Receiving objects:  11% (177/1609)   Receiving objects:  12% (194/1609)   Receiving objects:  13% (210/1609)   Receiving objects:  14% (226/1609)   Receiving objects:  15% (242/1609)   Receiving objects:  16% (258/1609)   Receiving objects:  17% (274/1609)   Receiving objects:  18% (290/1609)   Receiving objects:  19% (306/1609)   Receiving objects:  20% (322/1609)   Receiving objects:  21% (338/1609)   Receiving objects:  22% (354/1609)   Receiving objects:  23% (371/1609)   Receiving objects:  24% (387/1609)   Receiving objects:  25% (403/1609)   Receiving objects:  26% (419/1609)   Receiving objects:  27% (435/1609)   Receiving objects:  28% (451/1609)   Receiving objects:  29% (467/1609)   Receiving objects:  30% (483/1609)   Receiving objects:  31% (499/1609)   Receiving objects:  32% (515/1609)   Receiving objects:  33% (531/1609)   Receiving objects:  34% (548/1609)   Receiving objects:  35% (564/1609)   Receiving objects:  36% (580/1609)   Receiving objects:  37% (596/1609)   Receiving objects:  38% (612/1609)   Receiving objects:  39% (628/1609)   Receiving objects:  40% (644/1609)   Receiving objects:  41% (660/1609)   Receiving objects:  42% (676/1609)   Receiving objects:  43% (692/1609)   Receiving objects:  44% (708/1609)   Receiving objects:  45% (725/1609)   Receiving objects:  46% (741/1609)   Receiving objects:  47% (757/1609)   Receiving objects:  48% (773/1609)   Receiving objects:  49% (789/1609)   Receiving objects:  50% (805/1609)   Receiving objects:  51% (821/1609)   Receiving objects:  52% (837/1609)   Receiving objects:  53% (853/1609)   Receiving objects:  54% (869/1609)   Receiving objects:  55% (885/1609)   Receiving objects:  56% (902/1609)   Receiving objects:  57% (918/1609)   Receiving objects:  58% (934/1609)   Receiving objects:  59% (950/1609)   Receiving objects:  60% (966/1609)   Receiving objects:  61% (982/1609)   Receiving objects:  62% (998/1609)   Receiving objects:  63% (1014/1609)   Receiving objects:  64% (1030/1609)   Receiving objects:  65% (1046/1609)   Receiving objects:  66% (1062/1609)   Receiving objects:  67% (1079/1609)   Receiving objects:  68% (1095/1609)   Receiving objects:  69% (1111/1609)   Receiving objects:  70% (1127/1609)   Receiving objects:  71% (1143/1609)   Receiving objects:  72% (1159/1609)   Receiving objects:  73% (1175/1609)   Receiving objects:  74% (1191/1609)   Receiving objects:  75% (1207/1609)   Receiving objects:  76% (1223/1609)   Receiving objects:  77% (1239/1609)   Receiving objects:  78% (1256/1609)   Receiving objects:  79% (1272/1609)   Receiving objects:  80% (1288/1609)   Receiving objects:  81% (1304/1609)   Receiving objects:  82% (1320/1609)   Receiving objects:  83% (1336/1609)   Receiving objects:  84% (1352/1609)   Receiving objects:  85% (1368/1609)   Receiving objects:  86% (1384/1609)   Receiving objects:  87% (1400/1609)   Receiving objects:  88% (1416/1609)   Receiving objects:  89% (1433/1609)   Receiving objects:  90% (1449/1609)   Receiving objects:  91% (1465/1609)   Receiving objects:  92% (1481/1609)   Receiving objects:  93% (1497/1609)   Receiving objects:  94% (1513/1609)   Receiving objects:  95% (1529/1609)   Receiving objects:  96% (1545/1609)   remote: Total 1609 (delta 595), reused 1407 (delta 434), pack-reused 0[K
Receiving objects:  97% (1561/1609)   Receiving objects:  98% (1577/1609)   Receiving objects:  99% (1593/1609)   Receiving objects: 100% (1609/1609)   Receiving objects: 100% (1609/1609), 353.41 KiB | 0 bytes/s, done.
Resolving deltas:   0% (0/595)   Resolving deltas:   1% (6/595)   Resolving deltas:   2% (12/595)   Resolving deltas:   3% (20/595)   Resolving deltas:   4% (24/595)   Resolving deltas:   5% (33/595)   Resolving deltas:   6% (38/595)   Resolving deltas:   7% (44/595)   Resolving deltas:   8% (50/595)   Resolving deltas:   9% (55/595)   Resolving deltas:  12% (77/595)   Resolving deltas:  13% (78/595)   Resolving deltas:  14% (86/595)   Resolving deltas:  15% (91/595)   Resolving deltas:  16% (99/595)   Resolving deltas:  17% (105/595)   Resolving deltas:  18% (112/595)   Resolving deltas:  24% (145/595)   Resolving deltas:  25% (151/595)   Resolving deltas:  33% (198/595)   Resolving deltas:  34% (208/595)   Resolving deltas:  35% (210/595)   Resolving deltas:  36% (215/595)   Resolving deltas:  37% (221/595)   Resolving deltas:  38% (228/595)   Resolving deltas:  39% (235/595)   Resolving deltas:  40% (239/595)   Resolving deltas:  41% (248/595)   Resolving deltas:  42% (252/595)   Resolving deltas:  43% (261/595)   Resolving deltas:  45% (272/595)   Resolving deltas:  46% (274/595)   Resolving deltas:  47% (282/595)   Resolving deltas:  48% (289/595)   Resolving deltas:  49% (293/595)   Resolving deltas:  50% (301/595)   Resolving deltas:  51% (305/595)   Resolving deltas:  52% (312/595)   Resolving deltas:  53% (317/595)   Resolving deltas:  54% (325/595)   Resolving deltas:  56% (338/595)   Resolving deltas:  57% (342/595)   Resolving deltas:  60% (362/595)   Resolving deltas:  61% (368/595)   Resolving deltas:  62% (370/595)   Resolving deltas:  63% (378/595)   Resolving deltas:  66% (395/595)   Resolving deltas:  67% (402/595)   Resolving deltas:  68% (408/595)   Resolving deltas:  69% (416/595)   Resolving deltas:  70% (418/595)   Resolving deltas:  71% (426/595)   Resolving deltas:  72% (429/595)   Resolving deltas:  73% (439/595)   Resolving deltas:  75% (449/595)   Resolving deltas:  78% (465/595)   Resolving deltas:  82% (490/595)   Resolving deltas:  84% (501/595)   Resolving deltas:  85% (506/595)   Resolving deltas:  86% (513/595)   Resolving deltas:  87% (519/595)   Resolving deltas:  88% (524/595)   Resolving deltas:  89% (532/595)   Resolving deltas:  90% (536/595)   Resolving deltas:  92% (552/595)   Resolving deltas:  93% (557/595)   Resolving deltas:  94% (560/595)   Resolving deltas:  95% (569/595)   Resolving deltas:  96% (573/595)   Resolving deltas:  97% (579/595)   Resolving deltas:  98% (589/595)   Resolving deltas:  99% (590/595)   Resolving deltas: 100% (595/595)   Resolving deltas: 100% (595/595), done.
Checking connectivity... done.
travis_time:end:04f1b665:start=1447186174359589839,finish=1447186175166826302,duration=807236463[0K$ cd square/retrofit
$ git checkout -qf 62b2290fea162850942477638bd500b1db670e12
travis_fold:end:git.checkout[0K
[33;1mThis job is running on container-based infrastructure, which does not allow use of 'sudo', setuid and setguid executables.[0m
[33;1mIf you require sudo, add 'sudo: required' to your .travis.yml[0m
[33;1mSee http://docs.travis-ci.com/user/workers/container-based-infrastructure/ for details.[0m

[33;1mSetting environment variables from .travis.yml[0m
$ export CI_DEPLOY_USERNAME=[secure]
$ export CI_DEPLOY_PASSWORD=[secure]

travis_fold:start:cache.1[0KSetting up build cache
$ export CASHER_DIR=$HOME/.casher
travis_time:start:0c453270[0K$ Installing caching utilities
travis_time:end:0c453270:start=1447186177515703329,finish=1447186177568410179,duration=52706850[0Ktravis_time:start:06b46ac0[0Kattempting to download cache archive
fetching master/cache--jdk-oraclejdk8.tgz
found cache
travis_time:end:06b46ac0:start=1447186177573596504,finish=1447186180407625453,duration=2834028949[0Ktravis_time:start:101524e8[0Kadding /home/travis/.m2 to cache
travis_time:end:101524e8:start=1447186180412164753,finish=1447186181852857753,duration=1440693000[0Ktravis_fold:end:cache.1[0K$ jdk_switcher use oraclejdk8
Switching to Oracle JDK8 (java-8-oracle), JAVA_HOME will be set to /usr/lib/jvm/java-8-oracle
$ java -Xmx32m -version
java version "1.8.0_31"
Java(TM) SE Runtime Environment (build 1.8.0_31-b13)
Java HotSpot(TM) 64-Bit Server VM (build 25.31-b07, mixed mode)
$ javac -J-Xmx32m -version
javac 1.8.0_31
travis_fold:start:install[0Ktravis_time:start:186cd5e5[0K$ mvn install -DskipTests=true -Dmaven.javadoc.skip=true -B -V
Java HotSpot(TM) 64-Bit Server VM warning: ignoring option MaxPermSize=192m; support was removed in 8.0
Apache Maven 3.2.5 (12a6b3acb947671f09b81f49094c53f426d8cea1; 2014-12-14T17:29:23+00:00)
Maven home: /usr/local/maven
Java version: 1.8.0_31, vendor: Oracle Corporation
Java home: /usr/lib/jvm/java-8-oracle/jre
Default locale: en_US, platform encoding: UTF-8
OS name: "linux", version: "3.13.0-40-generic", arch: "amd64", family: "unix"
[INFO] Scanning for projects...
[WARNING] 
[WARNING] Some problems were encountered while building the effective model for com.squareup.retrofit:samples:jar:2.0.0-SNAPSHOT
[WARNING] 'build.plugins.plugin.version' for org.apache.maven.plugins:maven-deploy-plugin is missing. @ com.squareup.retrofit:samples:[unknown-version], /home/travis/build/square/retrofit/samples/pom.xml, line 45, column 15
[WARNING] 
[WARNING] It is highly recommended to fix these problems because they threaten the stability of your build.
[WARNING] 
[WARNING] For this reason, future Maven versions might no longer support building such malformed projects.
[WARNING] 
[INFO] ------------------------------------------------------------------------
[INFO] Reactor Build Order:
[INFO] 
[INFO] Retrofit (Parent)
[INFO] Retrofit
[INFO] Adapters
[INFO] Adapter: RxJava
[INFO] Retrofit Mock Adapter
[INFO] Adapter: RxJava Mock
[INFO] Converters
[INFO] Converter: Gson
[INFO] Converter: Protocol Buffers
[INFO] Converter: Jackson
[INFO] Converter: Wire Protocol Buffers
[INFO] Converter: SimpleXML
[INFO] Converter: Moshi
[INFO] Samples
[INFO]                                                                         
[INFO] ------------------------------------------------------------------------
[INFO] Building Retrofit (Parent) 2.0.0-SNAPSHOT
[INFO] ------------------------------------------------------------------------
[INFO] 
[INFO] --- maven-enforcer-plugin:1.0:enforce (enforce-maven) @ parent ---
[INFO] 
[INFO] --- animal-sniffer-maven-plugin:1.14:check (default) @ parent ---
[INFO] Checking unresolved references to org.codehaus.mojo.signature:java16:1.1
[INFO] 
[INFO] --- maven-checkstyle-plugin:2.15:checkstyle (default) @ parent ---
[INFO] 
[INFO] --- maven-install-plugin:2.4:install (default-install) @ parent ---
[INFO] Installing /home/travis/build/square/retrofit/pom.xml to /home/travis/.m2/repository/com/squareup/retrofit/parent/2.0.0-SNAPSHOT/parent-2.0.0-SNAPSHOT.pom
[INFO]                                                                         
[INFO] ------------------------------------------------------------------------
[INFO] Building Retrofit 2.0.0-SNAPSHOT
[INFO] ------------------------------------------------------------------------
[INFO] 
[INFO] --- maven-enforcer-plugin:1.0:enforce (enforce-maven) @ retrofit ---
[INFO] 
[INFO] --- maven-resources-plugin:2.6:resources (default-resources) @ retrofit ---
[INFO] Using 'UTF-8' encoding to copy filtered resources.
[INFO] skip non existing resourceDirectory /home/travis/build/square/retrofit/retrofit/src/main/resources
[INFO] 
[INFO] --- maven-compiler-plugin:3.0:compile (default-compile) @ retrofit ---
[INFO] Changes detected - recompiling the module!
[INFO] Compiling 41 source files to /home/travis/build/square/retrofit/retrofit/target/classes
[WARNING] /home/travis/build/square/retrofit/retrofit/src/main/java/retrofit/Retrofit.java: Some input files use unchecked or unsafe operations.
[WARNING] /home/travis/build/square/retrofit/retrofit/src/main/java/retrofit/Retrofit.java: Recompile with -Xlint:unchecked for details.
[INFO] 
[INFO] --- maven-resources-plugin:2.6:testResources (default-testResources) @ retrofit ---
[INFO] Using 'UTF-8' encoding to copy filtered resources.
[INFO] skip non existing resourceDirectory /home/travis/build/square/retrofit/retrofit/src/test/resources
[INFO] 
[INFO] --- maven-compiler-plugin:3.0:testCompile (default-testCompile) @ retrofit ---
[INFO] Changes detected - recompiling the module!
[INFO] Compiling 7 source files to /home/travis/build/square/retrofit/retrofit/target/test-classes
[WARNING] /home/travis/build/square/retrofit/retrofit/src/test/java/retrofit/RetrofitTest.java: /home/travis/build/square/retrofit/retrofit/src/test/java/retrofit/RetrofitTest.java uses unchecked or unsafe operations.
[WARNING] /home/travis/build/square/retrofit/retrofit/src/test/java/retrofit/RetrofitTest.java: Recompile with -Xlint:unchecked for details.
[INFO] 
[INFO] --- maven-surefire-plugin:2.12.4:test (default-test) @ retrofit ---
[INFO] Tests are skipped.
[INFO] 
[INFO] --- animal-sniffer-maven-plugin:1.14:check (default) @ retrofit ---
[INFO] Checking unresolved references to org.codehaus.mojo.signature:java16:1.1
[INFO] 
[INFO] --- maven-jar-plugin:2.4:jar (default-jar) @ retrofit ---
[INFO] Building jar: /home/travis/build/square/retrofit/retrofit/target/retrofit-2.0.0-SNAPSHOT.jar
[INFO] 
[INFO] --- maven-checkstyle-plugin:2.15:checkstyle (default) @ retrofit ---
[INFO] Starting audit...
Audit done.
[WARNING] Unable to locate Source XRef to link to - DISABLED
[INFO] 
[INFO] --- maven-install-plugin:2.4:install (default-install) @ retrofit ---
[INFO] Installing /home/travis/build/square/retrofit/retrofit/target/retrofit-2.0.0-SNAPSHOT.jar to /home/travis/.m2/repository/com/squareup/retrofit/retrofit/2.0.0-SNAPSHOT/retrofit-2.0.0-SNAPSHOT.jar
[INFO] Installing /home/travis/build/square/retrofit/retrofit/pom.xml to /home/travis/.m2/repository/com/squareup/retrofit/retrofit/2.0.0-SNAPSHOT/retrofit-2.0.0-SNAPSHOT.pom
[INFO]                                                                         
[INFO] ------------------------------------------------------------------------
[INFO] Building Adapters 2.0.0-SNAPSHOT
[INFO] ------------------------------------------------------------------------
[INFO] 
[INFO] --- maven-enforcer-plugin:1.0:enforce (enforce-maven) @ retrofit-adapters ---
[INFO] 
[INFO] --- animal-sniffer-maven-plugin:1.14:check (default) @ retrofit-adapters ---
[INFO] Checking unresolved references to org.codehaus.mojo.signature:java16:1.1
[INFO] 
[INFO] --- maven-checkstyle-plugin:2.15:checkstyle (default) @ retrofit-adapters ---
[INFO] 
[INFO] --- maven-install-plugin:2.4:install (default-install) @ retrofit-adapters ---
[INFO] Installing /home/travis/build/square/retrofit/retrofit-adapters/pom.xml to /home/travis/.m2/repository/com/squareup/retrofit/retrofit-adapters/2.0.0-SNAPSHOT/retrofit-adapters-2.0.0-SNAPSHOT.pom
[INFO]                                                                         
[INFO] ------------------------------------------------------------------------
[INFO] Building Adapter: RxJava 2.0.0-SNAPSHOT
[INFO] ------------------------------------------------------------------------
[INFO] 
[INFO] --- maven-enforcer-plugin:1.0:enforce (enforce-maven) @ adapter-rxjava ---
[INFO] 
[INFO] --- maven-resources-plugin:2.6:resources (default-resources) @ adapter-rxjava ---
[INFO] Using 'UTF-8' encoding to copy filtered resources.
[INFO] skip non existing resourceDirectory /home/travis/build/square/retrofit/retrofit-adapters/rxjava/src/main/resources
[INFO] 
[INFO] --- maven-compiler-plugin:3.0:compile (default-compile) @ adapter-rxjava ---
[INFO] Changes detected - recompiling the module!
[INFO] Compiling 4 source files to /home/travis/build/square/retrofit/retrofit-adapters/rxjava/target/classes
[INFO] 
[INFO] --- maven-resources-plugin:2.6:testResources (default-testResources) @ adapter-rxjava ---
[INFO] Using 'UTF-8' encoding to copy filtered resources.
[INFO] skip non existing resourceDirectory /home/travis/build/square/retrofit/retrofit-adapters/rxjava/src/test/resources
[INFO] 
[INFO] --- maven-compiler-plugin:3.0:testCompile (default-testCompile) @ adapter-rxjava ---
[INFO] Changes detected - recompiling the module!
[INFO] Compiling 2 source files to /home/travis/build/square/retrofit/retrofit-adapters/rxjava/target/test-classes
[INFO] 
[INFO] --- maven-surefire-plugin:2.12.4:test (default-test) @ adapter-rxjava ---
[INFO] Tests are skipped.
[INFO] 
[INFO] --- animal-sniffer-maven-plugin:1.14:check (default) @ adapter-rxjava ---
[INFO] Checking unresolved references to org.codehaus.mojo.signature:java16:1.1
[INFO] 
[INFO] --- maven-jar-plugin:2.4:jar (default-jar) @ adapter-rxjava ---
[INFO] Building jar: /home/travis/build/square/retrofit/retrofit-adapters/rxjava/target/adapter-rxjava-2.0.0-SNAPSHOT.jar
[INFO] 
[INFO] --- maven-checkstyle-plugin:2.15:checkstyle (default) @ adapter-rxjava ---
[INFO] Starting audit...
Audit done.
[WARNING] Unable to locate Source XRef to link to - DISABLED
[INFO] 
[INFO] --- maven-install-plugin:2.4:install (default-install) @ adapter-rxjava ---
[INFO] Installing /home/travis/build/square/retrofit/retrofit-adapters/rxjava/target/adapter-rxjava-2.0.0-SNAPSHOT.jar to /home/travis/.m2/repository/com/squareup/retrofit/adapter-rxjava/2.0.0-SNAPSHOT/adapter-rxjava-2.0.0-SNAPSHOT.jar
[INFO] Installing /home/travis/build/square/retrofit/retrofit-adapters/rxjava/pom.xml to /home/travis/.m2/repository/com/squareup/retrofit/adapter-rxjava/2.0.0-SNAPSHOT/adapter-rxjava-2.0.0-SNAPSHOT.pom
[INFO]                                                                         
[INFO] ------------------------------------------------------------------------
[INFO] Building Retrofit Mock Adapter 2.0.0-SNAPSHOT
[INFO] ------------------------------------------------------------------------
[INFO] 
[INFO] --- maven-enforcer-plugin:1.0:enforce (enforce-maven) @ retrofit-mock ---
[INFO] 
[INFO] --- maven-resources-plugin:2.6:resources (default-resources) @ retrofit-mock ---
[INFO] Using 'UTF-8' encoding to copy filtered resources.
[INFO] skip non existing resourceDirectory /home/travis/build/square/retrofit/retrofit-mock/src/main/resources
[INFO] 
[INFO] --- maven-compiler-plugin:3.0:compile (default-compile) @ retrofit-mock ---
[INFO] Changes detected - recompiling the module!
[INFO] Compiling 5 source files to /home/travis/build/square/retrofit/retrofit-mock/target/classes
[INFO] 
[INFO] --- maven-resources-plugin:2.6:testResources (default-testResources) @ retrofit-mock ---
[INFO] Using 'UTF-8' encoding to copy filtered resources.
[INFO] skip non existing resourceDirectory /home/travis/build/square/retrofit/retrofit-mock/src/test/resources
[INFO] 
[INFO] --- maven-compiler-plugin:3.0:testCompile (default-testCompile) @ retrofit-mock ---
[INFO] Changes detected - recompiling the module!
[INFO] Compiling 2 source files to /home/travis/build/square/retrofit/retrofit-mock/target/test-classes
[INFO] 
[INFO] --- maven-surefire-plugin:2.12.4:test (default-test) @ retrofit-mock ---
[INFO] Tests are skipped.
[INFO] 
[INFO] --- animal-sniffer-maven-plugin:1.14:check (default) @ retrofit-mock ---
[INFO] Checking unresolved references to org.codehaus.mojo.signature:java16:1.1
[INFO] 
[INFO] --- maven-jar-plugin:2.4:jar (default-jar) @ retrofit-mock ---
[INFO] Building jar: /home/travis/build/square/retrofit/retrofit-mock/target/retrofit-mock-2.0.0-SNAPSHOT.jar
[INFO] 
[INFO] --- maven-checkstyle-plugin:2.15:checkstyle (default) @ retrofit-mock ---
[INFO] Starting audit...
Audit done.
[WARNING] Unable to locate Source XRef to link to - DISABLED
[INFO] 
[INFO] --- maven-install-plugin:2.4:install (default-install) @ retrofit-mock ---
[INFO] Installing /home/travis/build/square/retrofit/retrofit-mock/target/retrofit-mock-2.0.0-SNAPSHOT.jar to /home/travis/.m2/repository/com/squareup/retrofit/retrofit-mock/2.0.0-SNAPSHOT/retrofit-mock-2.0.0-SNAPSHOT.jar
[INFO] Installing /home/travis/build/square/retrofit/retrofit-mock/pom.xml to /home/travis/.m2/repository/com/squareup/retrofit/retrofit-mock/2.0.0-SNAPSHOT/retrofit-mock-2.0.0-SNAPSHOT.pom
[INFO]                                                                         
[INFO] ------------------------------------------------------------------------
[INFO] Building Adapter: RxJava Mock 2.0.0-SNAPSHOT
[INFO] ------------------------------------------------------------------------
[INFO] 
[INFO] --- maven-enforcer-plugin:1.0:enforce (enforce-maven) @ adapter-rxjava-mock ---
[INFO] 
[INFO] --- maven-resources-plugin:2.6:resources (default-resources) @ adapter-rxjava-mock ---
[INFO] Using 'UTF-8' encoding to copy filtered resources.
[INFO] skip non existing resourceDirectory /home/travis/build/square/retrofit/retrofit-adapters/rxjava-mock/src/main/resources
[INFO] 
[INFO] --- maven-compiler-plugin:3.0:compile (default-compile) @ adapter-rxjava-mock ---
[INFO] Changes detected - recompiling the module!
[INFO] Compiling 2 source files to /home/travis/build/square/retrofit/retrofit-adapters/rxjava-mock/target/classes
[INFO] 
[INFO] --- maven-resources-plugin:2.6:testResources (default-testResources) @ adapter-rxjava-mock ---
[INFO] Using 'UTF-8' encoding to copy filtered resources.
[INFO] skip non existing resourceDirectory /home/travis/build/square/retrofit/retrofit-adapters/rxjava-mock/src/test/resources
[INFO] 
[INFO] --- maven-compiler-plugin:3.0:testCompile (default-testCompile) @ adapter-rxjava-mock ---
[INFO] Changes detected - recompiling the module!
[INFO] Compiling 1 source file to /home/travis/build/square/retrofit/retrofit-adapters/rxjava-mock/target/test-classes
[INFO] 
[INFO] --- maven-surefire-plugin:2.12.4:test (default-test) @ adapter-rxjava-mock ---
[INFO] Tests are skipped.
[INFO] 
[INFO] --- animal-sniffer-maven-plugin:1.14:check (default) @ adapter-rxjava-mock ---
[INFO] Checking unresolved references to org.codehaus.mojo.signature:java16:1.1
[INFO] 
[INFO] --- maven-jar-plugin:2.4:jar (default-jar) @ adapter-rxjava-mock ---
[INFO] Building jar: /home/travis/build/square/retrofit/retrofit-adapters/rxjava-mock/target/adapter-rxjava-mock-2.0.0-SNAPSHOT.jar
[INFO] 
[INFO] --- maven-checkstyle-plugin:2.15:checkstyle (default) @ adapter-rxjava-mock ---
[INFO] Starting audit...
Audit done.
[WARNING] Unable to locate Source XRef to link to - DISABLED
[INFO] 
[INFO] --- maven-install-plugin:2.4:install (default-install) @ adapter-rxjava-mock ---
[INFO] Installing /home/travis/build/square/retrofit/retrofit-adapters/rxjava-mock/target/adapter-rxjava-mock-2.0.0-SNAPSHOT.jar to /home/travis/.m2/repository/com/squareup/retrofit/adapter-rxjava-mock/2.0.0-SNAPSHOT/adapter-rxjava-mock-2.0.0-SNAPSHOT.jar
[INFO] Installing /home/travis/build/square/retrofit/retrofit-adapters/rxjava-mock/pom.xml to /home/travis/.m2/repository/com/squareup/retrofit/adapter-rxjava-mock/2.0.0-SNAPSHOT/adapter-rxjava-mock-2.0.0-SNAPSHOT.pom
[INFO]                                                                         
[INFO] ------------------------------------------------------------------------
[INFO] Building Converters 2.0.0-SNAPSHOT
[INFO] ------------------------------------------------------------------------
[INFO] 
[INFO] --- maven-enforcer-plugin:1.0:enforce (enforce-maven) @ retrofit-converters ---
[INFO] 
[INFO] --- animal-sniffer-maven-plugin:1.14:check (default) @ retrofit-converters ---
[INFO] Checking unresolved references to org.codehaus.mojo.signature:java16:1.1
[INFO] 
[INFO] --- maven-checkstyle-plugin:2.15:checkstyle (default) @ retrofit-converters ---
[INFO] 
[INFO] --- maven-install-plugin:2.4:install (default-install) @ retrofit-converters ---
[INFO] Installing /home/travis/build/square/retrofit/retrofit-converters/pom.xml to /home/travis/.m2/repository/com/squareup/retrofit/retrofit-converters/2.0.0-SNAPSHOT/retrofit-converters-2.0.0-SNAPSHOT.pom
[INFO]                                                                         
[INFO] ------------------------------------------------------------------------
[INFO] Building Converter: Gson 2.0.0-SNAPSHOT
[INFO] ------------------------------------------------------------------------
[INFO] 
[INFO] --- maven-enforcer-plugin:1.0:enforce (enforce-maven) @ converter-gson ---
[INFO] 
[INFO] --- maven-resources-plugin:2.6:resources (default-resources) @ converter-gson ---
[INFO] Using 'UTF-8' encoding to copy filtered resources.
[INFO] skip non existing resourceDirectory /home/travis/build/square/retrofit/retrofit-converters/gson/src/main/resources
[INFO] 
[INFO] --- maven-compiler-plugin:3.0:compile (default-compile) @ converter-gson ---
[INFO] Changes detected - recompiling the module!
[INFO] Compiling 3 source files to /home/travis/build/square/retrofit/retrofit-converters/gson/target/classes
[INFO] 
[INFO] --- maven-resources-plugin:2.6:testResources (default-testResources) @ converter-gson ---
[INFO] Using 'UTF-8' encoding to copy filtered resources.
[INFO] skip non existing resourceDirectory /home/travis/build/square/retrofit/retrofit-converters/gson/src/test/resources
[INFO] 
[INFO] --- maven-compiler-plugin:3.0:testCompile (default-testCompile) @ converter-gson ---
[INFO] Changes detected - recompiling the module!
[INFO] Compiling 1 source file to /home/travis/build/square/retrofit/retrofit-converters/gson/target/test-classes
[INFO] 
[INFO] --- maven-surefire-plugin:2.12.4:test (default-test) @ converter-gson ---
[INFO] Tests are skipped.
[INFO] 
[INFO] --- animal-sniffer-maven-plugin:1.14:check (default) @ converter-gson ---
[INFO] Checking unresolved references to org.codehaus.mojo.signature:java16:1.1
[INFO] 
[INFO] --- maven-jar-plugin:2.4:jar (default-jar) @ converter-gson ---
[INFO] Building jar: /home/travis/build/square/retrofit/retrofit-converters/gson/target/converter-gson-2.0.0-SNAPSHOT.jar
[INFO] 
[INFO] --- maven-checkstyle-plugin:2.15:checkstyle (default) @ converter-gson ---
[INFO] Starting audit...
Audit done.
[WARNING] Unable to locate Source XRef to link to - DISABLED
[INFO] 
[INFO] --- maven-install-plugin:2.4:install (default-install) @ converter-gson ---
[INFO] Installing /home/travis/build/square/retrofit/retrofit-converters/gson/target/converter-gson-2.0.0-SNAPSHOT.jar to /home/travis/.m2/repository/com/squareup/retrofit/converter-gson/2.0.0-SNAPSHOT/converter-gson-2.0.0-SNAPSHOT.jar
[INFO] Installing /home/travis/build/square/retrofit/retrofit-converters/gson/pom.xml to /home/travis/.m2/repository/com/squareup/retrofit/converter-gson/2.0.0-SNAPSHOT/converter-gson-2.0.0-SNAPSHOT.pom
[INFO]                                                                         
[INFO] ------------------------------------------------------------------------
[INFO] Building Converter: Protocol Buffers 2.0.0-SNAPSHOT
[INFO] ------------------------------------------------------------------------
[INFO] 
[INFO] --- maven-enforcer-plugin:1.0:enforce (enforce-maven) @ converter-protobuf ---
[INFO] 
[INFO] --- maven-resources-plugin:2.6:resources (default-resources) @ converter-protobuf ---
[INFO] Using 'UTF-8' encoding to copy filtered resources.
[INFO] skip non existing resourceDirectory /home/travis/build/square/retrofit/retrofit-converters/protobuf/src/main/resources
[INFO] 
[INFO] --- maven-compiler-plugin:3.0:compile (default-compile) @ converter-protobuf ---
[INFO] Changes detected - recompiling the module!
[INFO] Compiling 3 source files to /home/travis/build/square/retrofit/retrofit-converters/protobuf/target/classes
[WARNING] /home/travis/build/square/retrofit/retrofit-converters/protobuf/src/main/java/retrofit/ProtoConverterFactory.java: /home/travis/build/square/retrofit/retrofit-converters/protobuf/src/main/java/retrofit/ProtoConverterFactory.java uses unchecked or unsafe operations.
[WARNING] /home/travis/build/square/retrofit/retrofit-converters/protobuf/src/main/java/retrofit/ProtoConverterFactory.java: Recompile with -Xlint:unchecked for details.
[INFO] 
[INFO] --- maven-resources-plugin:2.6:testResources (default-testResources) @ converter-protobuf ---
[INFO] Using 'UTF-8' encoding to copy filtered resources.
[INFO] skip non existing resourceDirectory /home/travis/build/square/retrofit/retrofit-converters/protobuf/src/test/resources
[INFO] 
[INFO] --- maven-compiler-plugin:3.0:testCompile (default-testCompile) @ converter-protobuf ---
[INFO] Changes detected - recompiling the module!
[INFO] Compiling 2 source files to /home/travis/build/square/retrofit/retrofit-converters/protobuf/target/test-classes
[INFO] 
[INFO] --- maven-surefire-plugin:2.12.4:test (default-test) @ converter-protobuf ---
[INFO] Tests are skipped.
[INFO] 
[INFO] --- animal-sniffer-maven-plugin:1.14:check (default) @ converter-protobuf ---
[INFO] Checking unresolved references to org.codehaus.mojo.signature:java16:1.1
[INFO] 
[INFO] --- maven-jar-plugin:2.4:jar (default-jar) @ converter-protobuf ---
[INFO] Building jar: /home/travis/build/square/retrofit/retrofit-converters/protobuf/target/converter-protobuf-2.0.0-SNAPSHOT.jar
[INFO] 
[INFO] --- maven-checkstyle-plugin:2.15:checkstyle (default) @ converter-protobuf ---
[INFO] Starting audit...
Audit done.
[WARNING] Unable to locate Source XRef to link to - DISABLED
[INFO] 
[INFO] --- maven-install-plugin:2.4:install (default-install) @ converter-protobuf ---
[INFO] Installing /home/travis/build/square/retrofit/retrofit-converters/protobuf/target/converter-protobuf-2.0.0-SNAPSHOT.jar to /home/travis/.m2/repository/com/squareup/retrofit/converter-protobuf/2.0.0-SNAPSHOT/converter-protobuf-2.0.0-SNAPSHOT.jar
[INFO] Installing /home/travis/build/square/retrofit/retrofit-converters/protobuf/pom.xml to /home/travis/.m2/repository/com/squareup/retrofit/converter-protobuf/2.0.0-SNAPSHOT/converter-protobuf-2.0.0-SNAPSHOT.pom
[INFO]                                                                         
[INFO] ------------------------------------------------------------------------
[INFO] Building Converter: Jackson 2.0.0-SNAPSHOT
[INFO] ------------------------------------------------------------------------
[INFO] 
[INFO] --- maven-enforcer-plugin:1.0:enforce (enforce-maven) @ converter-jackson ---
[INFO] 
[INFO] --- maven-resources-plugin:2.6:resources (default-resources) @ converter-jackson ---
[INFO] Using 'UTF-8' encoding to copy filtered resources.
[INFO] skip non existing resourceDirectory /home/travis/build/square/retrofit/retrofit-converters/jackson/src/main/resources
[INFO] 
[INFO] --- maven-compiler-plugin:3.0:compile (default-compile) @ converter-jackson ---
[INFO] Changes detected - recompiling the module!
[INFO] Compiling 3 source files to /home/travis/build/square/retrofit/retrofit-converters/jackson/target/classes
[INFO] 
[INFO] --- maven-resources-plugin:2.6:testResources (default-testResources) @ converter-jackson ---
[INFO] Using 'UTF-8' encoding to copy filtered resources.
[INFO] skip non existing resourceDirectory /home/travis/build/square/retrofit/retrofit-converters/jackson/src/test/resources
[INFO] 
[INFO] --- maven-compiler-plugin:3.0:testCompile (default-testCompile) @ converter-jackson ---
[INFO] Changes detected - recompiling the module!
[INFO] Compiling 1 source file to /home/travis/build/square/retrofit/retrofit-converters/jackson/target/test-classes
[INFO] 
[INFO] --- maven-surefire-plugin:2.12.4:test (default-test) @ converter-jackson ---
[INFO] Tests are skipped.
[INFO] 
[INFO] --- animal-sniffer-maven-plugin:1.14:check (default) @ converter-jackson ---
[INFO] Checking unresolved references to org.codehaus.mojo.signature:java16:1.1
[INFO] 
[INFO] --- maven-jar-plugin:2.4:jar (default-jar) @ converter-jackson ---
[INFO] Building jar: /home/travis/build/square/retrofit/retrofit-converters/jackson/target/converter-jackson-2.0.0-SNAPSHOT.jar
[INFO] 
[INFO] --- maven-checkstyle-plugin:2.15:checkstyle (default) @ converter-jackson ---
[INFO] Starting audit...
Audit done.
[WARNING] Unable to locate Source XRef to link to - DISABLED
[INFO] 
[INFO] --- maven-install-plugin:2.4:install (default-install) @ converter-jackson ---
[INFO] Installing /home/travis/build/square/retrofit/retrofit-converters/jackson/target/converter-jackson-2.0.0-SNAPSHOT.jar to /home/travis/.m2/repository/com/squareup/retrofit/converter-jackson/2.0.0-SNAPSHOT/converter-jackson-2.0.0-SNAPSHOT.jar
[INFO] Installing /home/travis/build/square/retrofit/retrofit-converters/jackson/pom.xml to /home/travis/.m2/repository/com/squareup/retrofit/converter-jackson/2.0.0-SNAPSHOT/converter-jackson-2.0.0-SNAPSHOT.pom
[INFO]                                                                         
[INFO] ------------------------------------------------------------------------
[INFO] Building Converter: Wire Protocol Buffers 2.0.0-SNAPSHOT
[INFO] ------------------------------------------------------------------------
[INFO] 
[INFO] --- maven-enforcer-plugin:1.0:enforce (enforce-maven) @ converter-wire ---
[INFO] 
[INFO] --- maven-resources-plugin:2.6:resources (default-resources) @ converter-wire ---
[INFO] Using 'UTF-8' encoding to copy filtered resources.
[INFO] skip non existing resourceDirectory /home/travis/build/square/retrofit/retrofit-converters/wire/src/main/resources
[INFO] 
[INFO] --- maven-compiler-plugin:3.0:compile (default-compile) @ converter-wire ---
[INFO] Changes detected - recompiling the module!
[INFO] Compiling 3 source files to /home/travis/build/square/retrofit/retrofit-converters/wire/target/classes
[WARNING] /home/travis/build/square/retrofit/retrofit-converters/wire/src/main/java/retrofit/WireConverterFactory.java: /home/travis/build/square/retrofit/retrofit-converters/wire/src/main/java/retrofit/WireConverterFactory.java uses unchecked or unsafe operations.
[WARNING] /home/travis/build/square/retrofit/retrofit-converters/wire/src/main/java/retrofit/WireConverterFactory.java: Recompile with -Xlint:unchecked for details.
[INFO] 
[INFO] --- maven-resources-plugin:2.6:testResources (default-testResources) @ converter-wire ---
[INFO] Using 'UTF-8' encoding to copy filtered resources.
[INFO] skip non existing resourceDirectory /home/travis/build/square/retrofit/retrofit-converters/wire/src/test/resources
[INFO] 
[INFO] --- maven-compiler-plugin:3.0:testCompile (default-testCompile) @ converter-wire ---
[INFO] Changes detected - recompiling the module!
[INFO] Compiling 2 source files to /home/travis/build/square/retrofit/retrofit-converters/wire/target/test-classes
[INFO] 
[INFO] --- maven-surefire-plugin:2.12.4:test (default-test) @ converter-wire ---
[INFO] Tests are skipped.
[INFO] 
[INFO] --- animal-sniffer-maven-plugin:1.14:check (default) @ converter-wire ---
[INFO] Checking unresolved references to org.codehaus.mojo.signature:java16:1.1
[INFO] 
[INFO] --- maven-jar-plugin:2.4:jar (default-jar) @ converter-wire ---
[INFO] Building jar: /home/travis/build/square/retrofit/retrofit-converters/wire/target/converter-wire-2.0.0-SNAPSHOT.jar
[INFO] 
[INFO] --- maven-checkstyle-plugin:2.15:checkstyle (default) @ converter-wire ---
[INFO] Starting audit...
Audit done.
[WARNING] Unable to locate Source XRef to link to - DISABLED
[INFO] 
[INFO] --- maven-install-plugin:2.4:install (default-install) @ converter-wire ---
[INFO] Installing /home/travis/build/square/retrofit/retrofit-converters/wire/target/converter-wire-2.0.0-SNAPSHOT.jar to /home/travis/.m2/repository/com/squareup/retrofit/converter-wire/2.0.0-SNAPSHOT/converter-wire-2.0.0-SNAPSHOT.jar
[INFO] Installing /home/travis/build/square/retrofit/retrofit-converters/wire/pom.xml to /home/travis/.m2/repository/com/squareup/retrofit/converter-wire/2.0.0-SNAPSHOT/converter-wire-2.0.0-SNAPSHOT.pom
[INFO]                                                                         
[INFO] ------------------------------------------------------------------------
[INFO] Building Converter: SimpleXML 2.0.0-SNAPSHOT
[INFO] ------------------------------------------------------------------------
[INFO] 
[INFO] --- maven-enforcer-plugin:1.0:enforce (enforce-maven) @ converter-simplexml ---
[INFO] 
[INFO] --- maven-resources-plugin:2.6:resources (default-resources) @ converter-simplexml ---
[INFO] Using 'UTF-8' encoding to copy filtered resources.
[INFO] skip non existing resourceDirectory /home/travis/build/square/retrofit/retrofit-converters/simplexml/src/main/resources
[INFO] 
[INFO] --- maven-compiler-plugin:3.0:compile (default-compile) @ converter-simplexml ---
[INFO] Changes detected - recompiling the module!
[INFO] Compiling 3 source files to /home/travis/build/square/retrofit/retrofit-converters/simplexml/target/classes
[INFO] 
[INFO] --- maven-resources-plugin:2.6:testResources (default-testResources) @ converter-simplexml ---
[INFO] Using 'UTF-8' encoding to copy filtered resources.
[INFO] skip non existing resourceDirectory /home/travis/build/square/retrofit/retrofit-converters/simplexml/src/test/resources
[INFO] 
[INFO] --- maven-compiler-plugin:3.0:testCompile (default-testCompile) @ converter-simplexml ---
[INFO] Changes detected - recompiling the module!
[INFO] Compiling 2 source files to /home/travis/build/square/retrofit/retrofit-converters/simplexml/target/test-classes
[INFO] 
[INFO] --- maven-surefire-plugin:2.12.4:test (default-test) @ converter-simplexml ---
[INFO] Tests are skipped.
[INFO] 
[INFO] --- animal-sniffer-maven-plugin:1.14:check (default) @ converter-simplexml ---
[INFO] Checking unresolved references to org.codehaus.mojo.signature:java16:1.1
[INFO] 
[INFO] --- maven-jar-plugin:2.4:jar (default-jar) @ converter-simplexml ---
[INFO] Building jar: /home/travis/build/square/retrofit/retrofit-converters/simplexml/target/converter-simplexml-2.0.0-SNAPSHOT.jar
[INFO] 
[INFO] --- maven-checkstyle-plugin:2.15:checkstyle (default) @ converter-simplexml ---
[INFO] Starting audit...
Audit done.
[WARNING] Unable to locate Source XRef to link to - DISABLED
[INFO] 
[INFO] --- maven-install-plugin:2.4:install (default-install) @ converter-simplexml ---
[INFO] Installing /home/travis/build/square/retrofit/retrofit-converters/simplexml/target/converter-simplexml-2.0.0-SNAPSHOT.jar to /home/travis/.m2/repository/com/squareup/retrofit/converter-simplexml/2.0.0-SNAPSHOT/converter-simplexml-2.0.0-SNAPSHOT.jar
[INFO] Installing /home/travis/build/square/retrofit/retrofit-converters/simplexml/pom.xml to /home/travis/.m2/repository/com/squareup/retrofit/converter-simplexml/2.0.0-SNAPSHOT/converter-simplexml-2.0.0-SNAPSHOT.pom
[INFO]                                                                         
[INFO] ------------------------------------------------------------------------
[INFO] Building Converter: Moshi 2.0.0-SNAPSHOT
[INFO] ------------------------------------------------------------------------
[INFO] 
[INFO] --- maven-enforcer-plugin:1.0:enforce (enforce-maven) @ converter-moshi ---
[INFO] 
[INFO] --- maven-resources-plugin:2.6:resources (default-resources) @ converter-moshi ---
[INFO] Using 'UTF-8' encoding to copy filtered resources.
[INFO] skip non existing resourceDirectory /home/travis/build/square/retrofit/retrofit-converters/moshi/src/main/resources
[INFO] 
[INFO] --- maven-compiler-plugin:3.0:compile (default-compile) @ converter-moshi ---
[INFO] Changes detected - recompiling the module!
[INFO] Compiling 3 source files to /home/travis/build/square/retrofit/retrofit-converters/moshi/target/classes
[INFO] 
[INFO] --- maven-resources-plugin:2.6:testResources (default-testResources) @ converter-moshi ---
[INFO] Using 'UTF-8' encoding to copy filtered resources.
[INFO] skip non existing resourceDirectory /home/travis/build/square/retrofit/retrofit-converters/moshi/src/test/resources
[INFO] 
[INFO] --- maven-compiler-plugin:3.0:testCompile (default-testCompile) @ converter-moshi ---
[INFO] Changes detected - recompiling the module!
[INFO] Compiling 1 source file to /home/travis/build/square/retrofit/retrofit-converters/moshi/target/test-classes
[INFO] 
[INFO] --- maven-surefire-plugin:2.12.4:test (default-test) @ converter-moshi ---
[INFO] Tests are skipped.
[INFO] 
[INFO] --- animal-sniffer-maven-plugin:1.14:check (default) @ converter-moshi ---
[INFO] Checking unresolved references to org.codehaus.mojo.signature:java16:1.1
[INFO] 
[INFO] --- maven-jar-plugin:2.4:jar (default-jar) @ converter-moshi ---
[INFO] Building jar: /home/travis/build/square/retrofit/retrofit-converters/moshi/target/converter-moshi-2.0.0-SNAPSHOT.jar
[INFO] 
[INFO] --- maven-checkstyle-plugin:2.15:checkstyle (default) @ converter-moshi ---
[INFO] Starting audit...
Audit done.
[WARNING] Unable to locate Source XRef to link to - DISABLED
[INFO] 
[INFO] --- maven-install-plugin:2.4:install (default-install) @ converter-moshi ---
[INFO] Installing /home/travis/build/square/retrofit/retrofit-converters/moshi/target/converter-moshi-2.0.0-SNAPSHOT.jar to /home/travis/.m2/repository/com/squareup/retrofit/converter-moshi/2.0.0-SNAPSHOT/converter-moshi-2.0.0-SNAPSHOT.jar
[INFO] Installing /home/travis/build/square/retrofit/retrofit-converters/moshi/pom.xml to /home/travis/.m2/repository/com/squareup/retrofit/converter-moshi/2.0.0-SNAPSHOT/converter-moshi-2.0.0-SNAPSHOT.pom
[INFO]                                                                         
[INFO] ------------------------------------------------------------------------
[INFO] Building Samples 2.0.0-SNAPSHOT
[INFO] ------------------------------------------------------------------------
[INFO] 
[INFO] --- maven-enforcer-plugin:1.0:enforce (enforce-maven) @ samples ---
[INFO] 
[INFO] --- maven-resources-plugin:2.6:resources (default-resources) @ samples ---
[INFO] Using 'UTF-8' encoding to copy filtered resources.
[INFO] skip non existing resourceDirectory /home/travis/build/square/retrofit/samples/src/main/resources
[INFO] 
[INFO] --- maven-compiler-plugin:3.0:compile (default-compile) @ samples ---
[INFO] Changes detected - recompiling the module!
[INFO] Compiling 4 source files to /home/travis/build/square/retrofit/samples/target/classes
[INFO] 
[INFO] --- maven-resources-plugin:2.6:testResources (default-testResources) @ samples ---
[INFO] Using 'UTF-8' encoding to copy filtered resources.
[INFO] skip non existing resourceDirectory /home/travis/build/square/retrofit/samples/src/test/resources
[INFO] 
[INFO] --- maven-compiler-plugin:3.0:testCompile (default-testCompile) @ samples ---
[INFO] No sources to compile
[INFO] 
[INFO] --- maven-surefire-plugin:2.12.4:test (default-test) @ samples ---
[INFO] Tests are skipped.
[INFO] 
[INFO] --- animal-sniffer-maven-plugin:1.14:check (default) @ samples ---
[INFO] Checking unresolved references to org.codehaus.mojo.signature:java16:1.1
[INFO] 
[INFO] --- maven-jar-plugin:2.4:jar (default-jar) @ samples ---
[INFO] Building jar: /home/travis/build/square/retrofit/samples/target/samples-2.0.0-SNAPSHOT.jar
[INFO] 
[INFO] --- maven-checkstyle-plugin:2.15:checkstyle (default) @ samples ---
[INFO] Starting audit...
Audit done.
[WARNING] Unable to locate Source XRef to link to - DISABLED
[INFO] 
[INFO] --- maven-install-plugin:2.4:install (default-install) @ samples ---
[INFO] Installing /home/travis/build/square/retrofit/samples/target/samples-2.0.0-SNAPSHOT.jar to /home/travis/.m2/repository/com/squareup/retrofit/samples/2.0.0-SNAPSHOT/samples-2.0.0-SNAPSHOT.jar
[INFO] Installing /home/travis/build/square/retrofit/samples/pom.xml to /home/travis/.m2/repository/com/squareup/retrofit/samples/2.0.0-SNAPSHOT/samples-2.0.0-SNAPSHOT.pom
[INFO] ------------------------------------------------------------------------
[INFO] Reactor Summary:
[INFO] 
[INFO] Retrofit (Parent) .................................. SUCCESS [  4.348 s]
[INFO] Retrofit ........................................... SUCCESS [ 22.789 s]
[INFO] Adapters ........................................... SUCCESS [  0.909 s]
[INFO] Adapter: RxJava .................................... SUCCESS [  3.210 s]
[INFO] Retrofit Mock Adapter .............................. SUCCESS [  2.606 s]
[INFO] Adapter: RxJava Mock ............................... SUCCESS [  1.377 s]
[INFO] Converters ......................................... SUCCESS [  0.262 s]
[INFO] Converter: Gson .................................... SUCCESS [  1.257 s]
[INFO] Converter: Protocol Buffers ........................ SUCCESS [  1.806 s]
[INFO] Converter: Jackson ................................. SUCCESS [  1.394 s]
[INFO] Converter: Wire Protocol Buffers ................... SUCCESS [  1.595 s]
[INFO] Converter: SimpleXML ............................... SUCCESS [  1.366 s]
[INFO] Converter: Moshi ................................... SUCCESS [  0.945 s]
[INFO] Samples ............................................ SUCCESS [  2.114 s]
[INFO] ------------------------------------------------------------------------
[INFO] BUILD SUCCESS
[INFO] ------------------------------------------------------------------------
[INFO] Total time: 46.458 s
[INFO] Finished at: 2015-11-10T20:10:31+00:00
[INFO] Final Memory: 39M/417M
[INFO] ------------------------------------------------------------------------
travis_time:end:186cd5e5:start=1447186182369031999,finish=1447186232105793792,duration=49736761793[0Ktravis_fold:end:install[0Ktravis_time:start:08208eac[0K$ mvn test -B
Java HotSpot(TM) 64-Bit Server VM warning: ignoring option MaxPermSize=192m; support was removed in 8.0
[INFO] Scanning for projects...
[WARNING] 
[WARNING] Some problems were encountered while building the effective model for com.squareup.retrofit:samples:jar:2.0.0-SNAPSHOT
[WARNING] 'build.plugins.plugin.version' for org.apache.maven.plugins:maven-deploy-plugin is missing. @ com.squareup.retrofit:samples:[unknown-version], /home/travis/build/square/retrofit/samples/pom.xml, line 45, column 15
[WARNING] 
[WARNING] It is highly recommended to fix these problems because they threaten the stability of your build.
[WARNING] 
[WARNING] For this reason, future Maven versions might no longer support building such malformed projects.
[WARNING] 
[INFO] ------------------------------------------------------------------------
[INFO] Reactor Build Order:
[INFO] 
[INFO] Retrofit (Parent)
[INFO] Retrofit
[INFO] Adapters
[INFO] Adapter: RxJava
[INFO] Retrofit Mock Adapter
[INFO] Adapter: RxJava Mock
[INFO] Converters
[INFO] Converter: Gson
[INFO] Converter: Protocol Buffers
[INFO] Converter: Jackson
[INFO] Converter: Wire Protocol Buffers
[INFO] Converter: SimpleXML
[INFO] Converter: Moshi
[INFO] Samples
[INFO]                                                                         
[INFO] ------------------------------------------------------------------------
[INFO] Building Retrofit (Parent) 2.0.0-SNAPSHOT
[INFO] ------------------------------------------------------------------------
[INFO] 
[INFO] --- maven-enforcer-plugin:1.0:enforce (enforce-maven) @ parent ---
[INFO] 
[INFO] --- animal-sniffer-maven-plugin:1.14:check (default) @ parent ---
[INFO] Checking unresolved references to org.codehaus.mojo.signature:java16:1.1
[INFO]                                                                         
[INFO] ------------------------------------------------------------------------
[INFO] Building Retrofit 2.0.0-SNAPSHOT
[INFO] ------------------------------------------------------------------------
[INFO] 
[INFO] --- maven-enforcer-plugin:1.0:enforce (enforce-maven) @ retrofit ---
[INFO] 
[INFO] --- maven-resources-plugin:2.6:resources (default-resources) @ retrofit ---
[INFO] Using 'UTF-8' encoding to copy filtered resources.
[INFO] skip non existing resourceDirectory /home/travis/build/square/retrofit/retrofit/src/main/resources
[INFO] 
[INFO] --- maven-compiler-plugin:3.0:compile (default-compile) @ retrofit ---
[INFO] Changes detected - recompiling the module!
[INFO] Compiling 41 source files to /home/travis/build/square/retrofit/retrofit/target/classes
[WARNING] /home/travis/build/square/retrofit/retrofit/src/main/java/retrofit/Retrofit.java: Some input files use unchecked or unsafe operations.
[WARNING] /home/travis/build/square/retrofit/retrofit/src/main/java/retrofit/Retrofit.java: Recompile with -Xlint:unchecked for details.
[INFO] 
[INFO] --- maven-resources-plugin:2.6:testResources (default-testResources) @ retrofit ---
[INFO] Using 'UTF-8' encoding to copy filtered resources.
[INFO] skip non existing resourceDirectory /home/travis/build/square/retrofit/retrofit/src/test/resources
[INFO] 
[INFO] --- maven-compiler-plugin:3.0:testCompile (default-testCompile) @ retrofit ---
[INFO] Changes detected - recompiling the module!
[INFO] Compiling 7 source files to /home/travis/build/square/retrofit/retrofit/target/test-classes
[WARNING] /home/travis/build/square/retrofit/retrofit/src/test/java/retrofit/RetrofitTest.java: /home/travis/build/square/retrofit/retrofit/src/test/java/retrofit/RetrofitTest.java uses unchecked or unsafe operations.
[WARNING] /home/travis/build/square/retrofit/retrofit/src/test/java/retrofit/RetrofitTest.java: Recompile with -Xlint:unchecked for details.
[INFO] 
[INFO] --- maven-surefire-plugin:2.12.4:test (default-test) @ retrofit ---
[INFO] Surefire report directory: /home/travis/build/square/retrofit/retrofit/target/surefire-reports

-------------------------------------------------------
 T E S T S
-------------------------------------------------------
Running retrofit.RequestBuilderTest
Tests run: 98, Failures: 0, Errors: 0, Skipped: 2, Time elapsed: 1.069 sec
Running retrofit.ExecutorCallAdapterFactoryTest
Tests run: 8, Failures: 0, Errors: 0, Skipped: 0, Time elapsed: 0.27 sec
Running retrofit.CallTest
Nov 10, 2015 8:10:51 PM com.squareup.okhttp.mockwebserver.MockWebServer$3 execute
INFO: MockWebServer[32796] starting to accept connections
Nov 10, 2015 8:10:51 PM com.squareup.okhttp.mockwebserver.MockWebServer$3 acceptConnections
INFO: MockWebServer[32796] done accepting connections: Socket is closed
Nov 10, 2015 8:10:51 PM com.squareup.okhttp.mockwebserver.MockWebServer$3 execute
INFO: MockWebServer[37784] starting to accept connections
Nov 10, 2015 8:10:51 PM com.squareup.okhttp.mockwebserver.MockWebServer$4 processOneRequest
INFO: MockWebServer[37784] received request: GET / HTTP/1.1 and responded: HTTP/1.1 200 OK
Nov 10, 2015 8:10:51 PM com.squareup.okhttp.mockwebserver.MockWebServer$3 acceptConnections
INFO: MockWebServer[37784] done accepting connections: Socket closed
Nov 10, 2015 8:10:51 PM com.squareup.okhttp.mockwebserver.MockWebServer$3 execute
INFO: MockWebServer[39072] starting to accept connections
Nov 10, 2015 8:10:51 PM com.squareup.okhttp.mockwebserver.MockWebServer$4 processOneRequest
INFO: MockWebServer[39072] received request: GET / HTTP/1.1 and responded: HTTP/1.1 404 OK
Nov 10, 2015 8:10:51 PM com.squareup.okhttp.mockwebserver.MockWebServer$3 acceptConnections
INFO: MockWebServer[39072] done accepting connections: Socket closed
Nov 10, 2015 8:10:51 PM com.squareup.okhttp.mockwebserver.MockWebServer$3 execute
INFO: MockWebServer[37802] starting to accept connections
Nov 10, 2015 8:10:51 PM com.squareup.okhttp.mockwebserver.MockWebServer$3 acceptConnections
INFO: MockWebServer[37802] done accepting connections: Socket is closed
Nov 10, 2015 8:10:51 PM com.squareup.okhttp.mockwebserver.MockWebServer$3 execute
INFO: MockWebServer[42439] starting to accept connections
Nov 10, 2015 8:10:51 PM com.squareup.okhttp.mockwebserver.MockWebServer$3 acceptConnections
INFO: MockWebServer[42439] done accepting connections: Socket closed
Nov 10, 2015 8:10:51 PM com.squareup.okhttp.mockwebserver.MockWebServer$3 execute
INFO: MockWebServer[51886] starting to accept connections
Nov 10, 2015 8:10:51 PM com.squareup.okhttp.mockwebserver.MockWebServer$4 processOneRequest
INFO: MockWebServer[51886] received request: GET / HTTP/1.1 and responded: HTTP/1.1 200 OK
Nov 10, 2015 8:10:51 PM com.squareup.okhttp.mockwebserver.MockWebServer$3 acceptConnections
INFO: MockWebServer[51886] done accepting connections: Socket closed
Nov 10, 2015 8:10:51 PM com.squareup.okhttp.mockwebserver.MockWebServer$3 execute
INFO: MockWebServer[41229] starting to accept connections
Nov 10, 2015 8:10:51 PM com.squareup.okhttp.mockwebserver.MockWebServer$3 acceptConnections
INFO: MockWebServer[41229] done accepting connections: Socket is closed
Nov 10, 2015 8:10:51 PM com.squareup.okhttp.mockwebserver.MockWebServer$3 execute
INFO: MockWebServer[57917] starting to accept connections
Nov 10, 2015 8:10:51 PM com.squareup.okhttp.mockwebserver.MockWebServer$4 processOneRequest
INFO: MockWebServer[57917] received request: GET / HTTP/1.1 and responded: HTTP/1.1 404 OK
Nov 10, 2015 8:10:51 PM com.squareup.okhttp.mockwebserver.MockWebServer$3 acceptConnections
INFO: MockWebServer[57917] done accepting connections: Socket closed
Nov 10, 2015 8:10:51 PM com.squareup.okhttp.mockwebserver.MockWebServer$3 execute
INFO: MockWebServer[33620] starting to accept connections
Nov 10, 2015 8:10:51 PM com.squareup.okhttp.mockwebserver.MockWebServer$4 processOneRequest
INFO: MockWebServer[33620] received request: POST / HTTP/1.1 and responded: HTTP/1.1 200 OK
Nov 10, 2015 8:10:51 PM com.squareup.okhttp.mockwebserver.MockWebServer$3 acceptConnections
INFO: MockWebServer[33620] done accepting connections: Socket closed
Nov 10, 2015 8:10:51 PM com.squareup.okhttp.mockwebserver.MockWebServer$3 execute
INFO: MockWebServer[41494] starting to accept connections
Nov 10, 2015 8:10:51 PM com.squareup.okhttp.mockwebserver.MockWebServer$4 processOneRequest
INFO: MockWebServer[41494] received request: GET / HTTP/1.1 and responded: HTTP/1.1 204 Nothin
Nov 10, 2015 8:10:51 PM com.squareup.okhttp.mockwebserver.MockWebServer$3 acceptConnections
INFO: MockWebServer[41494] done accepting connections: Socket closed
Nov 10, 2015 8:10:51 PM com.squareup.okhttp.mockwebserver.MockWebServer$3 execute
INFO: MockWebServer[54411] starting to accept connections
Nov 10, 2015 8:10:51 PM com.squareup.okhttp.mockwebserver.MockWebServer$3 acceptConnections
INFO: MockWebServer[54411] done accepting connections: Socket closed
Nov 10, 2015 8:10:51 PM com.squareup.okhttp.mockwebserver.MockWebServer$4 processOneRequest
INFO: MockWebServer[54411] received request: GET / HTTP/1.1 and responded: HTTP/1.1 200 OK
Nov 10, 2015 8:10:51 PM com.squareup.okhttp.mockwebserver.MockWebServer$3 execute
INFO: MockWebServer[50732] starting to accept connections
Nov 10, 2015 8:10:51 PM com.squareup.okhttp.mockwebserver.MockWebServer$4 processOneRequest
INFO: MockWebServer[50732] received request: GET / HTTP/1.1 and responded: HTTP/1.1 200 OK
Nov 10, 2015 8:10:51 PM com.squareup.okhttp.mockwebserver.MockWebServer$3 acceptConnections
INFO: MockWebServer[50732] done accepting connections: Socket closed
Nov 10, 2015 8:10:51 PM com.squareup.okhttp.mockwebserver.MockWebServer$3 execute
INFO: MockWebServer[43312] starting to accept connections
Nov 10, 2015 8:10:51 PM com.squareup.okhttp.mockwebserver.MockWebServer$4 processOneRequest
INFO: MockWebServer[43312] received request: POST / HTTP/1.1 and responded: HTTP/1.1 200 OK
Nov 10, 2015 8:10:51 PM com.squareup.okhttp.mockwebserver.MockWebServer$3 acceptConnections
INFO: MockWebServer[43312] done accepting connections: Socket closed
Nov 10, 2015 8:10:51 PM com.squareup.okhttp.mockwebserver.MockWebServer$3 execute
INFO: MockWebServer[49942] starting to accept connections
Nov 10, 2015 8:10:51 PM com.squareup.okhttp.mockwebserver.MockWebServer$3 acceptConnections
INFO: MockWebServer[49942] done accepting connections: Socket closed
Nov 10, 2015 8:10:51 PM com.squareup.okhttp.mockwebserver.MockWebServer$3 execute
INFO: MockWebServer[50281] starting to accept connections
Nov 10, 2015 8:10:51 PM com.squareup.okhttp.mockwebserver.MockWebServer$3 acceptConnections
INFO: MockWebServer[50281] done accepting connections: Socket closed
Nov 10, 2015 8:10:51 PM com.squareup.okhttp.mockwebserver.MockWebServer$4 processOneRequest
INFO: MockWebServer[50281] received request: GET / HTTP/1.1 and responded: HTTP/1.1 200 OK
Nov 10, 2015 8:10:51 PM com.squareup.okhttp.mockwebserver.MockWebServer$3 execute
INFO: MockWebServer[32860] starting to accept connections
Nov 10, 2015 8:10:51 PM com.squareup.okhttp.mockwebserver.MockWebServer$3 acceptConnections
INFO: MockWebServer[32860] done accepting connections: Socket closed
Nov 10, 2015 8:10:51 PM com.squareup.okhttp.mockwebserver.MockWebServer$4 processOneRequest
INFO: MockWebServer[32860] received request: GET / HTTP/1.1 and responded: HTTP/1.1 200 OK
Nov 10, 2015 8:10:51 PM com.squareup.okhttp.mockwebserver.MockWebServer$3 execute
INFO: MockWebServer[40621] starting to accept connections
Nov 10, 2015 8:10:51 PM com.squareup.okhttp.mockwebserver.MockWebServer$4 processOneRequest
INFO: MockWebServer[40621] received request: GET / HTTP/1.1 and responded: HTTP/1.1 205 Nothin
Nov 10, 2015 8:10:51 PM com.squareup.okhttp.mockwebserver.MockWebServer$3 acceptConnections
INFO: MockWebServer[40621] done accepting connections: Socket closed
Nov 10, 2015 8:10:51 PM com.squareup.okhttp.mockwebserver.MockWebServer$3 execute
INFO: MockWebServer[43563] starting to accept connections
Nov 10, 2015 8:10:51 PM com.squareup.okhttp.mockwebserver.MockWebServer$4 processOneRequest
INFO: MockWebServer[43563] received request: GET / HTTP/1.1 and responded: HTTP/1.1 200 OK
Nov 10, 2015 8:10:51 PM com.squareup.okhttp.mockwebserver.MockWebServer$4 processOneRequest
INFO: MockWebServer[43563] received request: GET / HTTP/1.1 and responded: HTTP/1.1 200 OK
Nov 10, 2015 8:10:51 PM com.squareup.okhttp.mockwebserver.MockWebServer$3 acceptConnections
INFO: MockWebServer[43563] done accepting connections: Socket closed
Nov 10, 2015 8:10:51 PM com.squareup.okhttp.mockwebserver.MockWebServer$3 execute
INFO: MockWebServer[42211] starting to accept connections
Nov 10, 2015 8:10:51 PM com.squareup.okhttp.mockwebserver.MockWebServer$3 acceptConnections
INFO: MockWebServer[42211] done accepting connections: Socket closed
Nov 10, 2015 8:10:51 PM com.squareup.okhttp.mockwebserver.MockWebServer$4 processOneRequest
INFO: MockWebServer[42211] received request: GET / HTTP/1.1 and responded: HTTP/1.1 200 OK
Nov 10, 2015 8:10:51 PM com.squareup.okhttp.mockwebserver.MockWebServer$3 execute
INFO: MockWebServer[44684] starting to accept connections
Nov 10, 2015 8:10:51 PM com.squareup.okhttp.mockwebserver.MockWebServer$3 acceptConnections
INFO: MockWebServer[44684] done accepting connections: Socket is closed
Nov 10, 2015 8:10:51 PM com.squareup.okhttp.mockwebserver.MockWebServer$3 execute
INFO: MockWebServer[53645] starting to accept connections
Nov 10, 2015 8:10:51 PM com.squareup.okhttp.mockwebserver.MockWebServer$3 acceptConnections
INFO: MockWebServer[53645] done accepting connections: Socket closed
Nov 10, 2015 8:10:51 PM com.squareup.okhttp.mockwebserver.MockWebServer$3 execute
INFO: MockWebServer[40163] starting to accept connections
Nov 10, 2015 8:10:51 PM com.squareup.okhttp.mockwebserver.MockWebServer$3 acceptConnections
INFO: MockWebServer[40163] done accepting connections: Socket closed
Nov 10, 2015 8:10:51 PM com.squareup.okhttp.mockwebserver.MockWebServer$4 processOneRequest
INFO: MockWebServer[40163] received request: GET / HTTP/1.1 and responded: HTTP/1.1 200 OK
Nov 10, 2015 8:10:51 PM com.squareup.okhttp.mockwebserver.MockWebServer$3 execute
INFO: MockWebServer[36215] starting to accept connections
Nov 10, 2015 8:10:51 PM com.squareup.okhttp.mockwebserver.MockWebServer$3 acceptConnections
INFO: MockWebServer[36215] done accepting connections: Socket closed
Nov 10, 2015 8:10:51 PM com.squareup.okhttp.mockwebserver.MockWebServer$4 processOneRequest
INFO: MockWebServer[36215] received request: GET / HTTP/1.1 and responded: HTTP/1.1 200 OK
Tests run: 23, Failures: 0, Errors: 0, Skipped: 0, Time elapsed: 0.572 sec
Running retrofit.RequestFactoryParserTest
Tests run: 1, Failures: 0, Errors: 0, Skipped: 0, Time elapsed: 0.003 sec
Running retrofit.RetrofitTest
Nov 10, 2015 8:10:51 PM com.squareup.okhttp.mockwebserver.MockWebServer$3 execute
INFO: MockWebServer[43551] starting to accept connections
Nov 10, 2015 8:10:51 PM com.squareup.okhttp.mockwebserver.MockWebServer$3 acceptConnections
INFO: MockWebServer[43551] done accepting connections: Socket is closed
Nov 10, 2015 8:10:51 PM com.squareup.okhttp.mockwebserver.MockWebServer$3 execute
INFO: MockWebServer[44349] starting to accept connections
Nov 10, 2015 8:10:51 PM com.squareup.okhttp.mockwebserver.MockWebServer$3 acceptConnections
INFO: MockWebServer[44349] done accepting connections: Socket closed
Nov 10, 2015 8:10:51 PM com.squareup.okhttp.mockwebserver.MockWebServer$3 execute
INFO: MockWebServer[34988] starting to accept connections
Nov 10, 2015 8:10:51 PM com.squareup.okhttp.mockwebserver.MockWebServer$3 acceptConnections
INFO: MockWebServer[34988] done accepting connections: Socket is closed
Nov 10, 2015 8:10:51 PM com.squareup.okhttp.mockwebserver.MockWebServer$3 execute
INFO: MockWebServer[54173] starting to accept connections
Nov 10, 2015 8:10:51 PM com.squareup.okhttp.mockwebserver.MockWebServer$3 acceptConnections
INFO: MockWebServer[54173] done accepting connections: Socket is closed
Nov 10, 2015 8:10:51 PM com.squareup.okhttp.mockwebserver.MockWebServer$3 execute
INFO: MockWebServer[48733] starting to accept connections
Nov 10, 2015 8:10:51 PM com.squareup.okhttp.mockwebserver.MockWebServer$3 acceptConnections
INFO: MockWebServer[48733] done accepting connections: Socket is closed
Nov 10, 2015 8:10:51 PM com.squareup.okhttp.mockwebserver.MockWebServer$3 execute
INFO: MockWebServer[52740] starting to accept connections
Nov 10, 2015 8:10:51 PM com.squareup.okhttp.mockwebserver.MockWebServer$3 acceptConnections
INFO: MockWebServer[52740] done accepting connections: Socket is closed
Nov 10, 2015 8:10:51 PM com.squareup.okhttp.mockwebserver.MockWebServer$3 execute
INFO: MockWebServer[33433] starting to accept connections
Nov 10, 2015 8:10:51 PM com.squareup.okhttp.mockwebserver.MockWebServer$3 acceptConnections
INFO: MockWebServer[33433] done accepting connections: Socket is closed
Nov 10, 2015 8:10:51 PM com.squareup.okhttp.mockwebserver.MockWebServer$3 execute
INFO: MockWebServer[58685] starting to accept connections
Nov 10, 2015 8:10:51 PM com.squareup.okhttp.mockwebserver.MockWebServer$3 acceptConnections
INFO: MockWebServer[58685] done accepting connections: Socket is closed
Nov 10, 2015 8:10:51 PM com.squareup.okhttp.mockwebserver.MockWebServer$3 execute
INFO: MockWebServer[32892] starting to accept connections
Nov 10, 2015 8:10:51 PM com.squareup.okhttp.mockwebserver.MockWebServer$3 acceptConnections
INFO: MockWebServer[32892] done accepting connections: Socket is closed
Nov 10, 2015 8:10:51 PM com.squareup.okhttp.mockwebserver.MockWebServer$3 execute
INFO: MockWebServer[33277] starting to accept connections
Nov 10, 2015 8:10:51 PM com.squareup.okhttp.mockwebserver.MockWebServer$3 acceptConnections
INFO: MockWebServer[33277] done accepting connections: Socket closed
Nov 10, 2015 8:10:51 PM com.squareup.okhttp.mockwebserver.MockWebServer$3 execute
INFO: MockWebServer[34611] starting to accept connections
Nov 10, 2015 8:10:51 PM com.squareup.okhttp.mockwebserver.MockWebServer$3 acceptConnections
INFO: MockWebServer[34611] done accepting connections: Socket closed
Nov 10, 2015 8:10:51 PM com.squareup.okhttp.mockwebserver.MockWebServer$3 execute
INFO: MockWebServer[54876] starting to accept connections
Nov 10, 2015 8:10:51 PM com.squareup.okhttp.mockwebserver.MockWebServer$3 acceptConnections
INFO: MockWebServer[54876] done accepting connections: Socket closed
Nov 10, 2015 8:10:51 PM com.squareup.okhttp.mockwebserver.MockWebServer$4 processOneRequest
INFO: MockWebServer[54876] received request: GET / HTTP/1.1 and responded: HTTP/1.1 200 OK
Nov 10, 2015 8:10:51 PM com.squareup.okhttp.mockwebserver.MockWebServer$3 execute
INFO: MockWebServer[45807] starting to accept connections
Nov 10, 2015 8:10:51 PM com.squareup.okhttp.mockwebserver.MockWebServer$3 acceptConnections
INFO: MockWebServer[45807] done accepting connections: Socket is closed
Nov 10, 2015 8:10:51 PM com.squareup.okhttp.mockwebserver.MockWebServer$3 execute
INFO: MockWebServer[55287] starting to accept connections
Nov 10, 2015 8:10:51 PM com.squareup.okhttp.mockwebserver.MockWebServer$3 acceptConnections
INFO: MockWebServer[55287] done accepting connections: Socket is closed
Nov 10, 2015 8:10:51 PM com.squareup.okhttp.mockwebserver.MockWebServer$3 execute
INFO: MockWebServer[52617] starting to accept connections
Nov 10, 2015 8:10:51 PM com.squareup.okhttp.mockwebserver.MockWebServer$4 processOneRequest
INFO: MockWebServer[52617] received request: GET / HTTP/1.1 and responded: HTTP/1.1 200 OK
Nov 10, 2015 8:10:51 PM com.squareup.okhttp.mockwebserver.MockWebServer$3 acceptConnections
INFO: MockWebServer[52617] done accepting connections: Socket closed
Nov 10, 2015 8:10:51 PM com.squareup.okhttp.mockwebserver.MockWebServer$3 execute
INFO: MockWebServer[48334] starting to accept connections
Nov 10, 2015 8:10:51 PM com.squareup.okhttp.mockwebserver.MockWebServer$3 acceptConnections
INFO: MockWebServer[48334] done accepting connections: Socket closed
Nov 10, 2015 8:10:51 PM com.squareup.okhttp.mockwebserver.MockWebServer$3 execute
INFO: MockWebServer[42919] starting to accept connections
Nov 10, 2015 8:10:51 PM com.squareup.okhttp.mockwebserver.MockWebServer$4 processOneRequest
INFO: MockWebServer[42919] received request: POST / HTTP/1.1 and responded: HTTP/1.1 200 OK
Nov 10, 2015 8:10:51 PM com.squareup.okhttp.mockwebserver.MockWebServer$3 acceptConnections
INFO: MockWebServer[42919] done accepting connections: Socket closed
Nov 10, 2015 8:10:51 PM com.squareup.okhttp.mockwebserver.MockWebServer$3 execute
INFO: MockWebServer[54677] starting to accept connections
Nov 10, 2015 8:10:51 PM com.squareup.okhttp.mockwebserver.MockWebServer$3 acceptConnections
INFO: MockWebServer[54677] done accepting connections: Socket closed
Nov 10, 2015 8:10:51 PM com.squareup.okhttp.mockwebserver.MockWebServer$3 execute
INFO: MockWebServer[60666] starting to accept connections
Nov 10, 2015 8:10:51 PM com.squareup.okhttp.mockwebserver.MockWebServer$3 acceptConnections
INFO: MockWebServer[60666] done accepting connections: Socket is closed
Nov 10, 2015 8:10:51 PM com.squareup.okhttp.mockwebserver.MockWebServer$3 execute
INFO: MockWebServer[51143] starting to accept connections
Nov 10, 2015 8:10:51 PM com.squareup.okhttp.mockwebserver.MockWebServer$3 acceptConnections
INFO: MockWebServer[51143] done accepting connections: Socket is closed
Nov 10, 2015 8:10:51 PM com.squareup.okhttp.mockwebserver.MockWebServer$3 execute
INFO: MockWebServer[52083] starting to accept connections
Nov 10, 2015 8:10:51 PM com.squareup.okhttp.mockwebserver.MockWebServer$3 acceptConnections
INFO: MockWebServer[52083] done accepting connections: Socket is closed
Nov 10, 2015 8:10:51 PM com.squareup.okhttp.mockwebserver.MockWebServer$3 execute
INFO: MockWebServer[52344] starting to accept connections
Nov 10, 2015 8:10:51 PM com.squareup.okhttp.mockwebserver.MockWebServer$3 acceptConnections
INFO: MockWebServer[52344] done accepting connections: Socket is closed
Nov 10, 2015 8:10:51 PM com.squareup.okhttp.mockwebserver.MockWebServer$3 execute
INFO: MockWebServer[41447] starting to accept connections
Nov 10, 2015 8:10:52 PM com.squareup.okhttp.mockwebserver.MockWebServer$4 processOneRequest
INFO: MockWebServer[41447] received request: GET / HTTP/1.1 and responded: HTTP/1.1 200 OK
Nov 10, 2015 8:10:52 PM com.squareup.okhttp.mockwebserver.MockWebServer$3 acceptConnections
INFO: MockWebServer[41447] done accepting connections: Socket closed
Nov 10, 2015 8:10:52 PM com.squareup.okhttp.mockwebserver.MockWebServer$3 execute
INFO: MockWebServer[50815] starting to accept connections
Nov 10, 2015 8:10:52 PM com.squareup.okhttp.mockwebserver.MockWebServer$3 acceptConnections
INFO: MockWebServer[50815] done accepting connections: Socket closed
Nov 10, 2015 8:10:52 PM com.squareup.okhttp.mockwebserver.MockWebServer$3 execute
INFO: MockWebServer[54346] starting to accept connections
Nov 10, 2015 8:10:52 PM com.squareup.okhttp.mockwebserver.MockWebServer$3 acceptConnections
INFO: MockWebServer[54346] done accepting connections: Socket is closed
Nov 10, 2015 8:10:52 PM com.squareup.okhttp.mockwebserver.MockWebServer$3 execute
INFO: MockWebServer[48630] starting to accept connections
Nov 10, 2015 8:10:52 PM com.squareup.okhttp.mockwebserver.MockWebServer$3 acceptConnections
INFO: MockWebServer[48630] done accepting connections: Socket is closed
Nov 10, 2015 8:10:52 PM com.squareup.okhttp.mockwebserver.MockWebServer$3 execute
INFO: MockWebServer[54037] starting to accept connections
Nov 10, 2015 8:10:52 PM com.squareup.okhttp.mockwebserver.MockWebServer$3 acceptConnections
INFO: MockWebServer[54037] done accepting connections: Socket is closed
Nov 10, 2015 8:10:52 PM com.squareup.okhttp.mockwebserver.MockWebServer$3 execute
INFO: MockWebServer[53252] starting to accept connections
Nov 10, 2015 8:10:52 PM com.squareup.okhttp.mockwebserver.MockWebServer$3 acceptConnections
INFO: MockWebServer[53252] done accepting connections: Socket is closed
Nov 10, 2015 8:10:52 PM com.squareup.okhttp.mockwebserver.MockWebServer$3 execute
INFO: MockWebServer[37057] starting to accept connections
Nov 10, 2015 8:10:52 PM com.squareup.okhttp.mockwebserver.MockWebServer$3 acceptConnections
INFO: MockWebServer[37057] done accepting connections: Socket is closed
Nov 10, 2015 8:10:52 PM com.squareup.okhttp.mockwebserver.MockWebServer$3 execute
INFO: MockWebServer[41009] starting to accept connections
Nov 10, 2015 8:10:52 PM com.squareup.okhttp.mockwebserver.MockWebServer$3 acceptConnections
INFO: MockWebServer[41009] done accepting connections: Socket is closed
Nov 10, 2015 8:10:52 PM com.squareup.okhttp.mockwebserver.MockWebServer$3 execute
INFO: MockWebServer[49227] starting to accept connections
Nov 10, 2015 8:10:52 PM com.squareup.okhttp.mockwebserver.MockWebServer$3 acceptConnections
INFO: MockWebServer[49227] done accepting connections: Socket is closed
Nov 10, 2015 8:10:52 PM com.squareup.okhttp.mockwebserver.MockWebServer$3 execute
INFO: MockWebServer[51111] starting to accept connections
Nov 10, 2015 8:10:52 PM com.squareup.okhttp.mockwebserver.MockWebServer$3 acceptConnections
INFO: MockWebServer[51111] done accepting connections: Socket is closed
Nov 10, 2015 8:10:52 PM com.squareup.okhttp.mockwebserver.MockWebServer$3 execute
INFO: MockWebServer[45136] starting to accept connections
Nov 10, 2015 8:10:52 PM com.squareup.okhttp.mockwebserver.MockWebServer$3 acceptConnections
INFO: MockWebServer[45136] done accepting connections: Socket closed
Nov 10, 2015 8:10:52 PM com.squareup.okhttp.mockwebserver.MockWebServer$3 execute
INFO: MockWebServer[42503] starting to accept connections
Nov 10, 2015 8:10:52 PM com.squareup.okhttp.mockwebserver.MockWebServer$3 acceptConnections
INFO: MockWebServer[42503] done accepting connections: Socket is closed
Nov 10, 2015 8:10:52 PM com.squareup.okhttp.mockwebserver.MockWebServer$3 execute
INFO: MockWebServer[46436] starting to accept connections
Nov 10, 2015 8:10:52 PM com.squareup.okhttp.mockwebserver.MockWebServer$3 acceptConnections
INFO: MockWebServer[46436] done accepting connections: Socket is closed
Nov 10, 2015 8:10:52 PM com.squareup.okhttp.mockwebserver.MockWebServer$3 execute
INFO: MockWebServer[39960] starting to accept connections
Nov 10, 2015 8:10:52 PM com.squareup.okhttp.mockwebserver.MockWebServer$3 acceptConnections
INFO: MockWebServer[39960] done accepting connections: Socket is closed
Nov 10, 2015 8:10:52 PM com.squareup.okhttp.mockwebserver.MockWebServer$3 execute
INFO: MockWebServer[38129] starting to accept connections
Nov 10, 2015 8:10:52 PM com.squareup.okhttp.mockwebserver.MockWebServer$3 acceptConnections
INFO: MockWebServer[38129] done accepting connections: Socket is closed
Nov 10, 2015 8:10:52 PM com.squareup.okhttp.mockwebserver.MockWebServer$3 execute
INFO: MockWebServer[35538] starting to accept connections
Nov 10, 2015 8:10:52 PM com.squareup.okhttp.mockwebserver.MockWebServer$3 acceptConnections
INFO: MockWebServer[35538] done accepting connections: Socket closed
Nov 10, 2015 8:10:52 PM com.squareup.okhttp.mockwebserver.MockWebServer$3 execute
INFO: MockWebServer[32822] starting to accept connections
Nov 10, 2015 8:10:52 PM com.squareup.okhttp.mockwebserver.MockWebServer$3 acceptConnections
INFO: MockWebServer[32822] done accepting connections: Socket is closed
Nov 10, 2015 8:10:52 PM com.squareup.okhttp.mockwebserver.MockWebServer$3 execute
INFO: MockWebServer[38869] starting to accept connections
Nov 10, 2015 8:10:52 PM com.squareup.okhttp.mockwebserver.MockWebServer$3 acceptConnections
INFO: MockWebServer[38869] done accepting connections: Socket closed
Nov 10, 2015 8:10:52 PM com.squareup.okhttp.mockwebserver.MockWebServer$3 execute
INFO: MockWebServer[38587] starting to accept connections
Nov 10, 2015 8:10:52 PM com.squareup.okhttp.mockwebserver.MockWebServer$3 acceptConnections
INFO: MockWebServer[38587] done accepting connections: Socket is closed
Nov 10, 2015 8:10:52 PM com.squareup.okhttp.mockwebserver.MockWebServer$3 execute
INFO: MockWebServer[53124] starting to accept connections
Nov 10, 2015 8:10:52 PM com.squareup.okhttp.mockwebserver.MockWebServer$3 acceptConnections
INFO: MockWebServer[53124] done accepting connections: Socket is closed
Nov 10, 2015 8:10:52 PM com.squareup.okhttp.mockwebserver.MockWebServer$3 execute
INFO: MockWebServer[53182] starting to accept connections
Nov 10, 2015 8:10:52 PM com.squareup.okhttp.mockwebserver.MockWebServer$3 acceptConnections
INFO: MockWebServer[53182] done accepting connections: Socket closed
Nov 10, 2015 8:10:52 PM com.squareup.okhttp.mockwebserver.MockWebServer$3 execute
INFO: MockWebServer[58406] starting to accept connections
Nov 10, 2015 8:10:52 PM com.squareup.okhttp.mockwebserver.MockWebServer$3 acceptConnections
INFO: MockWebServer[58406] done accepting connections: Socket is closed
Nov 10, 2015 8:10:52 PM com.squareup.okhttp.mockwebserver.MockWebServer$3 execute
INFO: MockWebServer[34959] starting to accept connections
Nov 10, 2015 8:10:52 PM com.squareup.okhttp.mockwebserver.MockWebServer$3 acceptConnections
INFO: MockWebServer[34959] done accepting connections: Socket is closed
Nov 10, 2015 8:10:52 PM com.squareup.okhttp.mockwebserver.MockWebServer$3 execute
INFO: MockWebServer[39201] starting to accept connections
Nov 10, 2015 8:10:52 PM com.squareup.okhttp.mockwebserver.MockWebServer$3 acceptConnections
INFO: MockWebServer[39201] done accepting connections: Socket is closed
Nov 10, 2015 8:10:52 PM com.squareup.okhttp.mockwebserver.MockWebServer$3 execute
INFO: MockWebServer[45772] starting to accept connections
Nov 10, 2015 8:10:52 PM com.squareup.okhttp.mockwebserver.MockWebServer$3 acceptConnections
INFO: MockWebServer[45772] done accepting connections: Socket is closed
Nov 10, 2015 8:10:52 PM com.squareup.okhttp.mockwebserver.MockWebServer$3 execute
INFO: MockWebServer[44999] starting to accept connections
Nov 10, 2015 8:10:52 PM com.squareup.okhttp.mockwebserver.MockWebServer$3 acceptConnections
INFO: MockWebServer[44999] done accepting connections: Socket is closed
Nov 10, 2015 8:10:52 PM com.squareup.okhttp.mockwebserver.MockWebServer$3 execute
INFO: MockWebServer[56227] starting to accept connections
Nov 10, 2015 8:10:52 PM com.squareup.okhttp.mockwebserver.MockWebServer$3 acceptConnections
INFO: MockWebServer[56227] done accepting connections: Socket closed
Tests run: 49, Failures: 0, Errors: 0, Skipped: 0, Time elapsed: 0.638 sec

Results :

Tests run: 179, Failures: 0, Errors: 0, Skipped: 2

[INFO] 
[INFO] --- animal-sniffer-maven-plugin:1.14:check (default) @ retrofit ---
[INFO] Checking unresolved references to org.codehaus.mojo.signature:java16:1.1
[INFO]                                                                         
[INFO] ------------------------------------------------------------------------
[INFO] Building Adapters 2.0.0-SNAPSHOT
[INFO] ------------------------------------------------------------------------
[INFO] 
[INFO] --- maven-enforcer-plugin:1.0:enforce (enforce-maven) @ retrofit-adapters ---
[INFO] 
[INFO] --- animal-sniffer-maven-plugin:1.14:check (default) @ retrofit-adapters ---
[INFO] Checking unresolved references to org.codehaus.mojo.signature:java16:1.1
[INFO]                                                                         
[INFO] ------------------------------------------------------------------------
[INFO] Building Adapter: RxJava 2.0.0-SNAPSHOT
[INFO] ------------------------------------------------------------------------
[INFO] 
[INFO] --- maven-enforcer-plugin:1.0:enforce (enforce-maven) @ adapter-rxjava ---
[INFO] 
[INFO] --- maven-resources-plugin:2.6:resources (default-resources) @ adapter-rxjava ---
[INFO] Using 'UTF-8' encoding to copy filtered resources.
[INFO] skip non existing resourceDirectory /home/travis/build/square/retrofit/retrofit-adapters/rxjava/src/main/resources
[INFO] 
[INFO] --- maven-compiler-plugin:3.0:compile (default-compile) @ adapter-rxjava ---
[INFO] Changes detected - recompiling the module!
[INFO] Compiling 4 source files to /home/travis/build/square/retrofit/retrofit-adapters/rxjava/target/classes
[INFO] 
[INFO] --- maven-resources-plugin:2.6:testResources (default-testResources) @ adapter-rxjava ---
[INFO] Using 'UTF-8' encoding to copy filtered resources.
[INFO] skip non existing resourceDirectory /home/travis/build/square/retrofit/retrofit-adapters/rxjava/src/test/resources
[INFO] 
[INFO] --- maven-compiler-plugin:3.0:testCompile (default-testCompile) @ adapter-rxjava ---
[INFO] Changes detected - recompiling the module!
[INFO] Compiling 2 source files to /home/travis/build/square/retrofit/retrofit-adapters/rxjava/target/test-classes
[INFO] 
[INFO] --- maven-surefire-plugin:2.12.4:test (default-test) @ adapter-rxjava ---
[INFO] Surefire report directory: /home/travis/build/square/retrofit/retrofit-adapters/rxjava/target/surefire-reports

-------------------------------------------------------
 T E S T S
-------------------------------------------------------
Running retrofit.ResultTest
Tests run: 4, Failures: 0, Errors: 0, Skipped: 0, Time elapsed: 0.243 sec
Running retrofit.RxJavaCallAdapterFactoryTest
Nov 10, 2015 8:10:55 PM com.squareup.okhttp.mockwebserver.MockWebServer$3 execute
INFO: MockWebServer[33589] starting to accept connections
Nov 10, 2015 8:10:56 PM com.squareup.okhttp.mockwebserver.MockWebServer$4 processConnection
WARNING: MockWebServer[33589] connection from /127.0.0.1 didn't make a request
Nov 10, 2015 8:10:56 PM com.squareup.okhttp.mockwebserver.MockWebServer$3 acceptConnections
INFO: MockWebServer[33589] done accepting connections: Socket closed
Nov 10, 2015 8:10:56 PM com.squareup.okhttp.mockwebserver.MockWebServer$3 execute
INFO: MockWebServer[48315] starting to accept connections
Nov 10, 2015 8:10:56 PM com.squareup.okhttp.mockwebserver.MockWebServer$3 acceptConnections
INFO: MockWebServer[48315] done accepting connections: Socket closed
Nov 10, 2015 8:10:56 PM com.squareup.okhttp.mockwebserver.MockWebServer$4 processOneRequest
INFO: MockWebServer[48315] received request: GET / HTTP/1.1 and responded: HTTP/1.1 200 OK
Nov 10, 2015 8:10:56 PM com.squareup.okhttp.mockwebserver.MockWebServer$3 execute
INFO: MockWebServer[59251] starting to accept connections
Nov 10, 2015 8:10:56 PM com.squareup.okhttp.mockwebserver.MockWebServer$4 processOneRequest
INFO: MockWebServer[59251] received request: GET / HTTP/1.1 and responded: HTTP/1.1 404 OK
Nov 10, 2015 8:10:56 PM com.squareup.okhttp.mockwebserver.MockWebServer$3 acceptConnections
INFO: MockWebServer[59251] done accepting connections: Socket closed
Nov 10, 2015 8:10:56 PM com.squareup.okhttp.mockwebserver.MockWebServer$3 execute
INFO: MockWebServer[46630] starting to accept connections
Nov 10, 2015 8:10:56 PM com.squareup.okhttp.mockwebserver.MockWebServer$3 acceptConnections
INFO: MockWebServer[46630] done accepting connections: Socket is closed
Nov 10, 2015 8:10:56 PM com.squareup.okhttp.mockwebserver.MockWebServer$3 execute
INFO: MockWebServer[33761] starting to accept connections
Nov 10, 2015 8:10:56 PM com.squareup.okhttp.mockwebserver.MockWebServer$3 acceptConnections
INFO: MockWebServer[33761] done accepting connections: Socket is closed
Nov 10, 2015 8:10:56 PM com.squareup.okhttp.mockwebserver.MockWebServer$3 execute
INFO: MockWebServer[58945] starting to accept connections
Nov 10, 2015 8:10:56 PM com.squareup.okhttp.mockwebserver.MockWebServer$3 acceptConnections
INFO: MockWebServer[58945] done accepting connections: Socket closed
Nov 10, 2015 8:10:56 PM com.squareup.okhttp.mockwebserver.MockWebServer$4 processConnection
WARNING: MockWebServer[58945] connection from /127.0.0.1 didn't make a request
Nov 10, 2015 8:10:56 PM com.squareup.okhttp.mockwebserver.MockWebServer$3 execute
INFO: MockWebServer[47053] starting to accept connections
Nov 10, 2015 8:10:56 PM com.squareup.okhttp.mockwebserver.MockWebServer$3 acceptConnections
INFO: MockWebServer[47053] done accepting connections: Socket closed
Nov 10, 2015 8:10:56 PM com.squareup.okhttp.mockwebserver.MockWebServer$4 processOneRequest
INFO: MockWebServer[47053] received request: GET / HTTP/1.1 and responded: HTTP/1.1 200 OK
Nov 10, 2015 8:10:56 PM com.squareup.okhttp.mockwebserver.MockWebServer$3 execute
INFO: MockWebServer[55086] starting to accept connections
Nov 10, 2015 8:10:56 PM com.squareup.okhttp.mockwebserver.MockWebServer$3 acceptConnections
INFO: MockWebServer[55086] done accepting connections: Socket closed
Nov 10, 2015 8:10:56 PM com.squareup.okhttp.mockwebserver.MockWebServer$4 processOneRequest
INFO: MockWebServer[55086] received request: GET / HTTP/1.1 and responded: HTTP/1.1 404 OK
Nov 10, 2015 8:10:56 PM com.squareup.okhttp.mockwebserver.MockWebServer$3 execute
INFO: MockWebServer[37539] starting to accept connections
Nov 10, 2015 8:10:56 PM com.squareup.okhttp.mockwebserver.MockWebServer$3 acceptConnections
INFO: MockWebServer[37539] done accepting connections: Socket is closed
Nov 10, 2015 8:10:56 PM com.squareup.okhttp.mockwebserver.MockWebServer$3 execute
INFO: MockWebServer[49381] starting to accept connections
Nov 10, 2015 8:10:56 PM com.squareup.okhttp.mockwebserver.MockWebServer$3 acceptConnections
INFO: MockWebServer[49381] done accepting connections: Socket closed
Nov 10, 2015 8:10:56 PM com.squareup.okhttp.mockwebserver.MockWebServer$4 processConnection
WARNING: MockWebServer[49381] connection from /127.0.0.1 didn't make a request
Nov 10, 2015 8:10:56 PM com.squareup.okhttp.mockwebserver.MockWebServer$3 execute
INFO: MockWebServer[48881] starting to accept connections
Nov 10, 2015 8:10:56 PM com.squareup.okhttp.mockwebserver.MockWebServer$3 acceptConnections
INFO: MockWebServer[48881] done accepting connections: Socket is closed
Nov 10, 2015 8:10:56 PM com.squareup.okhttp.mockwebserver.MockWebServer$3 execute
INFO: MockWebServer[33729] starting to accept connections
Nov 10, 2015 8:10:56 PM com.squareup.okhttp.mockwebserver.MockWebServer$3 acceptConnections
INFO: MockWebServer[33729] done accepting connections: Socket closed
Nov 10, 2015 8:10:56 PM com.squareup.okhttp.mockwebserver.MockWebServer$3 execute
INFO: MockWebServer[44583] starting to accept connections
Nov 10, 2015 8:10:56 PM com.squareup.okhttp.mockwebserver.MockWebServer$3 acceptConnections
INFO: MockWebServer[44583] done accepting connections: Socket closed
Nov 10, 2015 8:10:56 PM com.squareup.okhttp.mockwebserver.MockWebServer$4 processOneRequest
INFO: MockWebServer[44583] received request: GET / HTTP/1.1 and responded: HTTP/1.1 200 OK
Nov 10, 2015 8:10:56 PM com.squareup.okhttp.mockwebserver.MockWebServer$3 execute
INFO: MockWebServer[44283] starting to accept connections
Nov 10, 2015 8:10:56 PM com.squareup.okhttp.mockwebserver.MockWebServer$3 acceptConnections
INFO: MockWebServer[44283] done accepting connections: Socket closed
Nov 10, 2015 8:10:56 PM com.squareup.okhttp.mockwebserver.MockWebServer$4 processOneRequest
INFO: MockWebServer[44283] received request: GET / HTTP/1.1 and responded: HTTP/1.1 404 OK
Nov 10, 2015 8:10:56 PM com.squareup.okhttp.mockwebserver.MockWebServer$3 execute
INFO: MockWebServer[48053] starting to accept connections
Nov 10, 2015 8:10:56 PM com.squareup.okhttp.mockwebserver.MockWebServer$3 acceptConnections
INFO: MockWebServer[48053] done accepting connections: Socket is closed
Tests run: 15, Failures: 0, Errors: 0, Skipped: 0, Time elapsed: 0.754 sec

Results :

Tests run: 19, Failures: 0, Errors: 0, Skipped: 0

[INFO] 
[INFO] --- animal-sniffer-maven-plugin:1.14:check (default) @ adapter-rxjava ---
[INFO] Checking unresolved references to org.codehaus.mojo.signature:java16:1.1
[INFO]                                                                         
[INFO] ------------------------------------------------------------------------
[INFO] Building Retrofit Mock Adapter 2.0.0-SNAPSHOT
[INFO] ------------------------------------------------------------------------
[INFO] 
[INFO] --- maven-enforcer-plugin:1.0:enforce (enforce-maven) @ retrofit-mock ---
[INFO] 
[INFO] --- maven-resources-plugin:2.6:resources (default-resources) @ retrofit-mock ---
[INFO] Using 'UTF-8' encoding to copy filtered resources.
[INFO] skip non existing resourceDirectory /home/travis/build/square/retrofit/retrofit-mock/src/main/resources
[INFO] 
[INFO] --- maven-compiler-plugin:3.0:compile (default-compile) @ retrofit-mock ---
[INFO] Changes detected - recompiling the module!
[INFO] Compiling 5 source files to /home/travis/build/square/retrofit/retrofit-mock/target/classes
[INFO] 
[INFO] --- maven-resources-plugin:2.6:testResources (default-testResources) @ retrofit-mock ---
[INFO] Using 'UTF-8' encoding to copy filtered resources.
[INFO] skip non existing resourceDirectory /home/travis/build/square/retrofit/retrofit-mock/src/test/resources
[INFO] 
[INFO] --- maven-compiler-plugin:3.0:testCompile (default-testCompile) @ retrofit-mock ---
[INFO] Changes detected - recompiling the module!
[INFO] Compiling 2 source files to /home/travis/build/square/retrofit/retrofit-mock/target/test-classes
[INFO] 
[INFO] --- maven-surefire-plugin:2.12.4:test (default-test) @ retrofit-mock ---
[INFO] Surefire report directory: /home/travis/build/square/retrofit/retrofit-mock/target/surefire-reports

-------------------------------------------------------
 T E S T S
-------------------------------------------------------
Running retrofit.MockRetrofitTest
Tests run: 10, Failures: 0, Errors: 0, Skipped: 0, Time elapsed: 1.352 sec
Running retrofit.NetworkBehaviorTest
Tests run: 5, Failures: 0, Errors: 0, Skipped: 0, Time elapsed: 0.089 sec

Results :

Tests run: 15, Failures: 0, Errors: 0, Skipped: 0

[INFO] 
[INFO] --- animal-sniffer-maven-plugin:1.14:check (default) @ retrofit-mock ---
[INFO] Checking unresolved references to org.codehaus.mojo.signature:java16:1.1
[INFO]                                                                         
[INFO] ------------------------------------------------------------------------
[INFO] Building Adapter: RxJava Mock 2.0.0-SNAPSHOT
[INFO] ------------------------------------------------------------------------
[INFO] 
[INFO] --- maven-enforcer-plugin:1.0:enforce (enforce-maven) @ adapter-rxjava-mock ---
[INFO] 
[INFO] --- maven-resources-plugin:2.6:resources (default-resources) @ adapter-rxjava-mock ---
[INFO] Using 'UTF-8' encoding to copy filtered resources.
[INFO] skip non existing resourceDirectory /home/travis/build/square/retrofit/retrofit-adapters/rxjava-mock/src/main/resources
[INFO] 
[INFO] --- maven-compiler-plugin:3.0:compile (default-compile) @ adapter-rxjava-mock ---
[INFO] Changes detected - recompiling the module!
[INFO] Compiling 2 source files to /home/travis/build/square/retrofit/retrofit-adapters/rxjava-mock/target/classes
[INFO] 
[INFO] --- maven-resources-plugin:2.6:testResources (default-testResources) @ adapter-rxjava-mock ---
[INFO] Using 'UTF-8' encoding to copy filtered resources.
[INFO] skip non existing resourceDirectory /home/travis/build/square/retrofit/retrofit-adapters/rxjava-mock/src/test/resources
[INFO] 
[INFO] --- maven-compiler-plugin:3.0:testCompile (default-testCompile) @ adapter-rxjava-mock ---
[INFO] Changes detected - recompiling the module!
[INFO] Compiling 1 source file to /home/travis/build/square/retrofit/retrofit-adapters/rxjava-mock/target/test-classes
[INFO] 
[INFO] --- maven-surefire-plugin:2.12.4:test (default-test) @ adapter-rxjava-mock ---
[INFO] Surefire report directory: /home/travis/build/square/retrofit/retrofit-adapters/rxjava-mock/target/surefire-reports

-------------------------------------------------------
 T E S T S
-------------------------------------------------------
Running retrofit.mock.RxJavaBehaviorAdapterTest
Tests run: 4, Failures: 0, Errors: 0, Skipped: 0, Time elapsed: 0.918 sec

Results :

Tests run: 4, Failures: 0, Errors: 0, Skipped: 0

[INFO] 
[INFO] --- animal-sniffer-maven-plugin:1.14:check (default) @ adapter-rxjava-mock ---
[INFO] Checking unresolved references to org.codehaus.mojo.signature:java16:1.1
[INFO]                                                                         
[INFO] ------------------------------------------------------------------------
[INFO] Building Converters 2.0.0-SNAPSHOT
[INFO] ------------------------------------------------------------------------
[INFO] 
[INFO] --- maven-enforcer-plugin:1.0:enforce (enforce-maven) @ retrofit-converters ---
[INFO] 
[INFO] --- animal-sniffer-maven-plugin:1.14:check (default) @ retrofit-converters ---
[INFO] Checking unresolved references to org.codehaus.mojo.signature:java16:1.1
[INFO]                                                                         
[INFO] ------------------------------------------------------------------------
[INFO] Building Converter: Gson 2.0.0-SNAPSHOT
[INFO] ------------------------------------------------------------------------
[INFO] 
[INFO] --- maven-enforcer-plugin:1.0:enforce (enforce-maven) @ converter-gson ---
[INFO] 
[INFO] --- maven-resources-plugin:2.6:resources (default-resources) @ converter-gson ---
[INFO] Using 'UTF-8' encoding to copy filtered resources.
[INFO] skip non existing resourceDirectory /home/travis/build/square/retrofit/retrofit-converters/gson/src/main/resources
[INFO] 
[INFO] --- maven-compiler-plugin:3.0:compile (default-compile) @ converter-gson ---
[INFO] Changes detected - recompiling the module!
[INFO] Compiling 3 source files to /home/travis/build/square/retrofit/retrofit-converters/gson/target/classes
[INFO] 
[INFO] --- maven-resources-plugin:2.6:testResources (default-testResources) @ converter-gson ---
[INFO] Using 'UTF-8' encoding to copy filtered resources.
[INFO] skip non existing resourceDirectory /home/travis/build/square/retrofit/retrofit-converters/gson/src/test/resources
[INFO] 
[INFO] --- maven-compiler-plugin:3.0:testCompile (default-testCompile) @ converter-gson ---
[INFO] Changes detected - recompiling the module!
[INFO] Compiling 1 source file to /home/travis/build/square/retrofit/retrofit-converters/gson/target/test-classes
[INFO] 
[INFO] --- maven-surefire-plugin:2.12.4:test (default-test) @ converter-gson ---
[INFO] Surefire report directory: /home/travis/build/square/retrofit/retrofit-converters/gson/target/surefire-reports

-------------------------------------------------------
 T E S T S
-------------------------------------------------------
Running retrofit.GsonConverterFactoryTest
Nov 10, 2015 8:11:03 PM com.squareup.okhttp.mockwebserver.MockWebServer$3 execute
INFO: MockWebServer[45320] starting to accept connections
Nov 10, 2015 8:11:04 PM com.squareup.okhttp.mockwebserver.MockWebServer$4 processOneRequest
INFO: MockWebServer[45320] received request: POST / HTTP/1.1 and responded: HTTP/1.1 200 OK
Nov 10, 2015 8:11:04 PM com.squareup.okhttp.mockwebserver.MockWebServer$3 acceptConnections
INFO: MockWebServer[45320] done accepting connections: Socket closed
Nov 10, 2015 8:11:04 PM com.squareup.okhttp.mockwebserver.MockWebServer$3 execute
INFO: MockWebServer[54065] starting to accept connections
Nov 10, 2015 8:11:04 PM com.squareup.okhttp.mockwebserver.MockWebServer$3 acceptConnections
INFO: MockWebServer[54065] done accepting connections: Socket closed
Nov 10, 2015 8:11:04 PM com.squareup.okhttp.mockwebserver.MockWebServer$4 processOneRequest
INFO: MockWebServer[54065] received request: POST / HTTP/1.1 and responded: HTTP/1.1 200 OK
Nov 10, 2015 8:11:04 PM com.squareup.okhttp.mockwebserver.MockWebServer$3 execute
INFO: MockWebServer[50203] starting to accept connections
Nov 10, 2015 8:11:04 PM com.squareup.okhttp.mockwebserver.MockWebServer$4 processOneRequest
INFO: MockWebServer[50203] received request: POST / HTTP/1.1 and responded: HTTP/1.1 200 OK
Nov 10, 2015 8:11:04 PM com.squareup.okhttp.mockwebserver.MockWebServer$3 acceptConnections
INFO: MockWebServer[50203] done accepting connections: Socket closed
Tests run: 3, Failures: 0, Errors: 0, Skipped: 0, Time elapsed: 1.27 sec

Results :

Tests run: 3, Failures: 0, Errors: 0, Skipped: 0

[INFO] 
[INFO] --- animal-sniffer-maven-plugin:1.14:check (default) @ converter-gson ---
[INFO] Checking unresolved references to org.codehaus.mojo.signature:java16:1.1
[INFO]                                                                         
[INFO] ------------------------------------------------------------------------
[INFO] Building Converter: Protocol Buffers 2.0.0-SNAPSHOT
[INFO] ------------------------------------------------------------------------
[INFO] 
[INFO] --- maven-enforcer-plugin:1.0:enforce (enforce-maven) @ converter-protobuf ---
[INFO] 
[INFO] --- maven-resources-plugin:2.6:resources (default-resources) @ converter-protobuf ---
[INFO] Using 'UTF-8' encoding to copy filtered resources.
[INFO] skip non existing resourceDirectory /home/travis/build/square/retrofit/retrofit-converters/protobuf/src/main/resources
[INFO] 
[INFO] --- maven-compiler-plugin:3.0:compile (default-compile) @ converter-protobuf ---
[INFO] Changes detected - recompiling the module!
[INFO] Compiling 3 source files to /home/travis/build/square/retrofit/retrofit-converters/protobuf/target/classes
[WARNING] /home/travis/build/square/retrofit/retrofit-converters/protobuf/src/main/java/retrofit/ProtoConverterFactory.java: /home/travis/build/square/retrofit/retrofit-converters/protobuf/src/main/java/retrofit/ProtoConverterFactory.java uses unchecked or unsafe operations.
[WARNING] /home/travis/build/square/retrofit/retrofit-converters/protobuf/src/main/java/retrofit/ProtoConverterFactory.java: Recompile with -Xlint:unchecked for details.
[INFO] 
[INFO] --- maven-resources-plugin:2.6:testResources (default-testResources) @ converter-protobuf ---
[INFO] Using 'UTF-8' encoding to copy filtered resources.
[INFO] skip non existing resourceDirectory /home/travis/build/square/retrofit/retrofit-converters/protobuf/src/test/resources
[INFO] 
[INFO] --- maven-compiler-plugin:3.0:testCompile (default-testCompile) @ converter-protobuf ---
[INFO] Changes detected - recompiling the module!
[INFO] Compiling 2 source files to /home/travis/build/square/retrofit/retrofit-converters/protobuf/target/test-classes
[INFO] 
[INFO] --- maven-surefire-plugin:2.12.4:test (default-test) @ converter-protobuf ---
[INFO] Surefire report directory: /home/travis/build/square/retrofit/retrofit-converters/protobuf/target/surefire-reports

-------------------------------------------------------
 T E S T S
-------------------------------------------------------
Running retrofit.ProtoConverterFactoryTest
Nov 10, 2015 8:11:06 PM com.squareup.okhttp.mockwebserver.MockWebServer$3 execute
INFO: MockWebServer[59785] starting to accept connections
Nov 10, 2015 8:11:07 PM com.squareup.okhttp.mockwebserver.MockWebServer$4 processOneRequest
INFO: MockWebServer[59785] received request: POST / HTTP/1.1 and responded: HTTP/1.1 200 OK
Nov 10, 2015 8:11:07 PM com.squareup.okhttp.mockwebserver.MockWebServer$3 acceptConnections
INFO: MockWebServer[59785] done accepting connections: Socket closed
Nov 10, 2015 8:11:07 PM com.squareup.okhttp.mockwebserver.MockWebServer$3 execute
INFO: MockWebServer[57314] starting to accept connections
Nov 10, 2015 8:11:07 PM com.squareup.okhttp.mockwebserver.MockWebServer$3 acceptConnections
INFO: MockWebServer[57314] done accepting connections: Socket closed
Nov 10, 2015 8:11:07 PM com.squareup.okhttp.mockwebserver.MockWebServer$3 execute
INFO: MockWebServer[34069] starting to accept connections
Nov 10, 2015 8:11:07 PM com.squareup.okhttp.mockwebserver.MockWebServer$3 acceptConnections
INFO: MockWebServer[34069] done accepting connections: Socket closed
Nov 10, 2015 8:11:07 PM com.squareup.okhttp.mockwebserver.MockWebServer$4 processOneRequest
INFO: MockWebServer[34069] received request: GET / HTTP/1.1 and responded: HTTP/1.1 200 OK
Nov 10, 2015 8:11:07 PM com.squareup.okhttp.mockwebserver.MockWebServer$3 execute
INFO: MockWebServer[36508] starting to accept connections
Nov 10, 2015 8:11:07 PM com.squareup.okhttp.mockwebserver.MockWebServer$3 acceptConnections
INFO: MockWebServer[36508] done accepting connections: Socket is closed
Nov 10, 2015 8:11:07 PM com.squareup.okhttp.mockwebserver.MockWebServer$3 execute
INFO: MockWebServer[51348] starting to accept connections
Nov 10, 2015 8:11:07 PM com.squareup.okhttp.mockwebserver.MockWebServer$4 processOneRequest
INFO: MockWebServer[51348] received request: GET / HTTP/1.1 and responded: HTTP/1.1 200 OK
Nov 10, 2015 8:11:07 PM com.squareup.okhttp.mockwebserver.MockWebServer$3 acceptConnections
INFO: MockWebServer[51348] done accepting connections: Socket closed
Tests run: 5, Failures: 0, Errors: 0, Skipped: 0, Time elapsed: 0.915 sec

Results :

Tests run: 5, Failures: 0, Errors: 0, Skipped: 0

[INFO] 
[INFO] --- animal-sniffer-maven-plugin:1.14:check (default) @ converter-protobuf ---
[INFO] Checking unresolved references to org.codehaus.mojo.signature:java16:1.1
[INFO]                                                                         
[INFO] ------------------------------------------------------------------------
[INFO] Building Converter: Jackson 2.0.0-SNAPSHOT
[INFO] ------------------------------------------------------------------------
[INFO] 
[INFO] --- maven-enforcer-plugin:1.0:enforce (enforce-maven) @ converter-jackson ---
[INFO] 
[INFO] --- maven-resources-plugin:2.6:resources (default-resources) @ converter-jackson ---
[INFO] Using 'UTF-8' encoding to copy filtered resources.
[INFO] skip non existing resourceDirectory /home/travis/build/square/retrofit/retrofit-converters/jackson/src/main/resources
[INFO] 
[INFO] --- maven-compiler-plugin:3.0:compile (default-compile) @ converter-jackson ---
[INFO] Changes detected - recompiling the module!
[INFO] Compiling 3 source files to /home/travis/build/square/retrofit/retrofit-converters/jackson/target/classes
[INFO] 
[INFO] --- maven-resources-plugin:2.6:testResources (default-testResources) @ converter-jackson ---
[INFO] Using 'UTF-8' encoding to copy filtered resources.
[INFO] skip non existing resourceDirectory /home/travis/build/square/retrofit/retrofit-converters/jackson/src/test/resources
[INFO] 
[INFO] --- maven-compiler-plugin:3.0:testCompile (default-testCompile) @ converter-jackson ---
[INFO] Changes detected - recompiling the module!
[INFO] Compiling 1 source file to /home/travis/build/square/retrofit/retrofit-converters/jackson/target/test-classes
[INFO] 
[INFO] --- maven-surefire-plugin:2.12.4:test (default-test) @ converter-jackson ---
[INFO] Surefire report directory: /home/travis/build/square/retrofit/retrofit-converters/jackson/target/surefire-reports

-------------------------------------------------------
 T E S T S
-------------------------------------------------------
Running retrofit.JacksonConverterFactoryTest
Nov 10, 2015 8:11:08 PM com.squareup.okhttp.mockwebserver.MockWebServer$3 execute
INFO: MockWebServer[55675] starting to accept connections
Nov 10, 2015 8:11:09 PM com.squareup.okhttp.mockwebserver.MockWebServer$4 processOneRequest
INFO: MockWebServer[55675] received request: POST / HTTP/1.1 and responded: HTTP/1.1 200 OK
Nov 10, 2015 8:11:09 PM com.squareup.okhttp.mockwebserver.MockWebServer$3 acceptConnections
INFO: MockWebServer[55675] done accepting connections: Socket closed
Nov 10, 2015 8:11:09 PM com.squareup.okhttp.mockwebserver.MockWebServer$3 execute
INFO: MockWebServer[33333] starting to accept connections
Nov 10, 2015 8:11:09 PM com.squareup.okhttp.mockwebserver.MockWebServer$3 acceptConnections
INFO: MockWebServer[33333] done accepting connections: Socket closed
Nov 10, 2015 8:11:09 PM com.squareup.okhttp.mockwebserver.MockWebServer$4 processOneRequest
INFO: MockWebServer[33333] received request: POST / HTTP/1.1 and responded: HTTP/1.1 200 OK
Tests run: 2, Failures: 0, Errors: 0, Skipped: 0, Time elapsed: 1.101 sec

Results :

Tests run: 2, Failures: 0, Errors: 0, Skipped: 0

[INFO] 
[INFO] --- animal-sniffer-maven-plugin:1.14:check (default) @ converter-jackson ---
[INFO] Checking unresolved references to org.codehaus.mojo.signature:java16:1.1
[INFO]                                                                         
[INFO] ------------------------------------------------------------------------
[INFO] Building Converter: Wire Protocol Buffers 2.0.0-SNAPSHOT
[INFO] ------------------------------------------------------------------------
[INFO] 
[INFO] --- maven-enforcer-plugin:1.0:enforce (enforce-maven) @ converter-wire ---
[INFO] 
[INFO] --- maven-resources-plugin:2.6:resources (default-resources) @ converter-wire ---
[INFO] Using 'UTF-8' encoding to copy filtered resources.
[INFO] skip non existing resourceDirectory /home/travis/build/square/retrofit/retrofit-converters/wire/src/main/resources
[INFO] 
[INFO] --- maven-compiler-plugin:3.0:compile (default-compile) @ converter-wire ---
[INFO] Changes detected - recompiling the module!
[INFO] Compiling 3 source files to /home/travis/build/square/retrofit/retrofit-converters/wire/target/classes
[WARNING] /home/travis/build/square/retrofit/retrofit-converters/wire/src/main/java/retrofit/WireConverterFactory.java: /home/travis/build/square/retrofit/retrofit-converters/wire/src/main/java/retrofit/WireConverterFactory.java uses unchecked or unsafe operations.
[WARNING] /home/travis/build/square/retrofit/retrofit-converters/wire/src/main/java/retrofit/WireConverterFactory.java: Recompile with -Xlint:unchecked for details.
[INFO] 
[INFO] --- maven-resources-plugin:2.6:testResources (default-testResources) @ converter-wire ---
[INFO] Using 'UTF-8' encoding to copy filtered resources.
[INFO] skip non existing resourceDirectory /home/travis/build/square/retrofit/retrofit-converters/wire/src/test/resources
[INFO] 
[INFO] --- maven-compiler-plugin:3.0:testCompile (default-testCompile) @ converter-wire ---
[INFO] Changes detected - recompiling the module!
[INFO] Compiling 2 source files to /home/travis/build/square/retrofit/retrofit-converters/wire/target/test-classes
[INFO] 
[INFO] --- maven-surefire-plugin:2.12.4:test (default-test) @ converter-wire ---
[INFO] Surefire report directory: /home/travis/build/square/retrofit/retrofit-converters/wire/target/surefire-reports

-------------------------------------------------------
 T E S T S
-------------------------------------------------------
Running retrofit.WireConverterFactoryTest
Nov 10, 2015 8:11:10 PM com.squareup.okhttp.mockwebserver.MockWebServer$3 execute
INFO: MockWebServer[42308] starting to accept connections
Nov 10, 2015 8:11:11 PM com.squareup.okhttp.mockwebserver.MockWebServer$4 processOneRequest
INFO: MockWebServer[42308] received request: POST / HTTP/1.1 and responded: HTTP/1.1 200 OK
Nov 10, 2015 8:11:11 PM com.squareup.okhttp.mockwebserver.MockWebServer$3 acceptConnections
INFO: MockWebServer[42308] done accepting connections: Socket closed
Nov 10, 2015 8:11:11 PM com.squareup.okhttp.mockwebserver.MockWebServer$3 execute
INFO: MockWebServer[39288] starting to accept connections
Nov 10, 2015 8:11:11 PM com.squareup.okhttp.mockwebserver.MockWebServer$3 acceptConnections
INFO: MockWebServer[39288] done accepting connections: Socket is closed
Nov 10, 2015 8:11:11 PM com.squareup.okhttp.mockwebserver.MockWebServer$3 execute
INFO: MockWebServer[36315] starting to accept connections
Nov 10, 2015 8:11:11 PM com.squareup.okhttp.mockwebserver.MockWebServer$3 acceptConnections
INFO: MockWebServer[36315] done accepting connections: Socket closed
Nov 10, 2015 8:11:11 PM com.squareup.okhttp.mockwebserver.MockWebServer$4 processOneRequest
INFO: MockWebServer[36315] received request: GET / HTTP/1.1 and responded: HTTP/1.1 200 OK
Nov 10, 2015 8:11:11 PM com.squareup.okhttp.mockwebserver.MockWebServer$3 execute
INFO: MockWebServer[59192] starting to accept connections
Nov 10, 2015 8:11:11 PM com.squareup.okhttp.mockwebserver.MockWebServer$3 acceptConnections
INFO: MockWebServer[59192] done accepting connections: Socket is closed
Nov 10, 2015 8:11:11 PM com.squareup.okhttp.mockwebserver.MockWebServer$3 execute
INFO: MockWebServer[43676] starting to accept connections
Nov 10, 2015 8:11:11 PM com.squareup.okhttp.mockwebserver.MockWebServer$3 acceptConnections
INFO: MockWebServer[43676] done accepting connections: Socket closed
Nov 10, 2015 8:11:11 PM com.squareup.okhttp.mockwebserver.MockWebServer$4 processOneRequest
INFO: MockWebServer[43676] received request: GET / HTTP/1.1 and responded: HTTP/1.1 200 OK
Tests run: 5, Failures: 0, Errors: 0, Skipped: 0, Time elapsed: 0.833 sec

Results :

Tests run: 5, Failures: 0, Errors: 0, Skipped: 0

[INFO] 
[INFO] --- animal-sniffer-maven-plugin:1.14:check (default) @ converter-wire ---
[INFO] Checking unresolved references to org.codehaus.mojo.signature:java16:1.1
[INFO]                                                                         
[INFO] ------------------------------------------------------------------------
[INFO] Building Converter: SimpleXML 2.0.0-SNAPSHOT
[INFO] ------------------------------------------------------------------------
[INFO] 
[INFO] --- maven-enforcer-plugin:1.0:enforce (enforce-maven) @ converter-simplexml ---
[INFO] 
[INFO] --- maven-resources-plugin:2.6:resources (default-resources) @ converter-simplexml ---
[INFO] Using 'UTF-8' encoding to copy filtered resources.
[INFO] skip non existing resourceDirectory /home/travis/build/square/retrofit/retrofit-converters/simplexml/src/main/resources
[INFO] 
[INFO] --- maven-compiler-plugin:3.0:compile (default-compile) @ converter-simplexml ---
[INFO] Changes detected - recompiling the module!
[INFO] Compiling 3 source files to /home/travis/build/square/retrofit/retrofit-converters/simplexml/target/classes
[INFO] 
[INFO] --- maven-resources-plugin:2.6:testResources (default-testResources) @ converter-simplexml ---
[INFO] Using 'UTF-8' encoding to copy filtered resources.
[INFO] skip non existing resourceDirectory /home/travis/build/square/retrofit/retrofit-converters/simplexml/src/test/resources
[INFO] 
[INFO] --- maven-compiler-plugin:3.0:testCompile (default-testCompile) @ converter-simplexml ---
[INFO] Changes detected - recompiling the module!
[INFO] Compiling 2 source files to /home/travis/build/square/retrofit/retrofit-converters/simplexml/target/test-classes
[INFO] 
[INFO] --- maven-surefire-plugin:2.12.4:test (default-test) @ converter-simplexml ---
[INFO] Surefire report directory: /home/travis/build/square/retrofit/retrofit-converters/simplexml/target/surefire-reports

-------------------------------------------------------
 T E S T S
-------------------------------------------------------
Running retrofit.SimpleXmlConverterFactoryTest
Nov 10, 2015 8:11:13 PM com.squareup.okhttp.mockwebserver.MockWebServer$3 execute
INFO: MockWebServer[35325] starting to accept connections
Nov 10, 2015 8:11:13 PM com.squareup.okhttp.mockwebserver.MockWebServer$4 processOneRequest
INFO: MockWebServer[35325] received request: GET / HTTP/1.1 and responded: HTTP/1.1 200 OK
Nov 10, 2015 8:11:14 PM com.squareup.okhttp.mockwebserver.MockWebServer$3 acceptConnections
INFO: MockWebServer[35325] done accepting connections: Socket closed
Nov 10, 2015 8:11:14 PM com.squareup.okhttp.mockwebserver.MockWebServer$3 execute
INFO: MockWebServer[54286] starting to accept connections
Nov 10, 2015 8:11:14 PM com.squareup.okhttp.mockwebserver.MockWebServer$4 processOneRequest
INFO: MockWebServer[54286] received request: GET / HTTP/1.1 and responded: HTTP/1.1 200 OK
Nov 10, 2015 8:11:14 PM com.squareup.okhttp.mockwebserver.MockWebServer$3 acceptConnections
INFO: MockWebServer[54286] done accepting connections: Socket closed
Nov 10, 2015 8:11:14 PM com.squareup.okhttp.mockwebserver.MockWebServer$3 execute
INFO: MockWebServer[46807] starting to accept connections
Nov 10, 2015 8:11:14 PM com.squareup.okhttp.mockwebserver.MockWebServer$4 processOneRequest
INFO: MockWebServer[46807] received request: POST / HTTP/1.1 and responded: HTTP/1.1 200 OK
Nov 10, 2015 8:11:14 PM com.squareup.okhttp.mockwebserver.MockWebServer$3 acceptConnections
INFO: MockWebServer[46807] done accepting connections: Socket closed
Tests run: 3, Failures: 0, Errors: 0, Skipped: 0, Time elapsed: 1.812 sec

Results :

Tests run: 3, Failures: 0, Errors: 0, Skipped: 0

[INFO] 
[INFO] --- animal-sniffer-maven-plugin:1.14:check (default) @ converter-simplexml ---
[INFO] Checking unresolved references to org.codehaus.mojo.signature:java16:1.1
[INFO]                                                                         
[INFO] ------------------------------------------------------------------------
[INFO] Building Converter: Moshi 2.0.0-SNAPSHOT
[INFO] ------------------------------------------------------------------------
[INFO] 
[INFO] --- maven-enforcer-plugin:1.0:enforce (enforce-maven) @ converter-moshi ---
[INFO] 
[INFO] --- maven-resources-plugin:2.6:resources (default-resources) @ converter-moshi ---
[INFO] Using 'UTF-8' encoding to copy filtered resources.
[INFO] skip non existing resourceDirectory /home/travis/build/square/retrofit/retrofit-converters/moshi/src/main/resources
[INFO] 
[INFO] --- maven-compiler-plugin:3.0:compile (default-compile) @ converter-moshi ---
[INFO] Changes detected - recompiling the module!
[INFO] Compiling 3 source files to /home/travis/build/square/retrofit/retrofit-converters/moshi/target/classes
[INFO] 
[INFO] --- maven-resources-plugin:2.6:testResources (default-testResources) @ converter-moshi ---
[INFO] Using 'UTF-8' encoding to copy filtered resources.
[INFO] skip non existing resourceDirectory /home/travis/build/square/retrofit/retrofit-converters/moshi/src/test/resources
[INFO] 
[INFO] --- maven-compiler-plugin:3.0:testCompile (default-testCompile) @ converter-moshi ---
[INFO] Changes detected - recompiling the module!
[INFO] Compiling 1 source file to /home/travis/build/square/retrofit/retrofit-converters/moshi/target/test-classes
[INFO] 
[INFO] --- maven-surefire-plugin:2.12.4:test (default-test) @ converter-moshi ---
[INFO] Surefire report directory: /home/travis/build/square/retrofit/retrofit-converters/moshi/target/surefire-reports

-------------------------------------------------------
 T E S T S
-------------------------------------------------------
Running retrofit.MoshiConverterFactoryTest
Nov 10, 2015 8:11:16 PM com.squareup.okhttp.mockwebserver.MockWebServer$3 execute
INFO: MockWebServer[34808] starting to accept connections
Nov 10, 2015 8:11:16 PM com.squareup.okhttp.mockwebserver.MockWebServer$4 processOneRequest
INFO: MockWebServer[34808] received request: POST / HTTP/1.1 and responded: HTTP/1.1 200 OK
Nov 10, 2015 8:11:17 PM com.squareup.okhttp.mockwebserver.MockWebServer$3 acceptConnections
INFO: MockWebServer[34808] done accepting connections: Socket closed
Nov 10, 2015 8:11:17 PM com.squareup.okhttp.mockwebserver.MockWebServer$3 execute
INFO: MockWebServer[35645] starting to accept connections
Nov 10, 2015 8:11:17 PM com.squareup.okhttp.mockwebserver.MockWebServer$3 acceptConnections
INFO: MockWebServer[35645] done accepting connections: Socket closed
Nov 10, 2015 8:11:17 PM com.squareup.okhttp.mockwebserver.MockWebServer$4 processOneRequest
INFO: MockWebServer[35645] received request: POST / HTTP/1.1 and responded: HTTP/1.1 200 OK
Tests run: 2, Failures: 0, Errors: 0, Skipped: 0, Time elapsed: 1.016 sec

Results :

Tests run: 2, Failures: 0, Errors: 0, Skipped: 0

[INFO] 
[INFO] --- animal-sniffer-maven-plugin:1.14:check (default) @ converter-moshi ---
[INFO] Checking unresolved references to org.codehaus.mojo.signature:java16:1.1
[INFO]                                                                         
[INFO] ------------------------------------------------------------------------
[INFO] Building Samples 2.0.0-SNAPSHOT
[INFO] ------------------------------------------------------------------------
[INFO] 
[INFO] --- maven-enforcer-plugin:1.0:enforce (enforce-maven) @ samples ---
[INFO] 
[INFO] --- maven-resources-plugin:2.6:resources (default-resources) @ samples ---
[INFO] Using 'UTF-8' encoding to copy filtered resources.
[INFO] skip non existing resourceDirectory /home/travis/build/square/retrofit/samples/src/main/resources
[INFO] 
[INFO] --- maven-compiler-plugin:3.0:compile (default-compile) @ samples ---
[INFO] Changes detected - recompiling the module!
[INFO] Compiling 4 source files to /home/travis/build/square/retrofit/samples/target/classes
[INFO] 
[INFO] --- maven-resources-plugin:2.6:testResources (default-testResources) @ samples ---
[INFO] Using 'UTF-8' encoding to copy filtered resources.
[INFO] skip non existing resourceDirectory /home/travis/build/square/retrofit/samples/src/test/resources
[INFO] 
[INFO] --- maven-compiler-plugin:3.0:testCompile (default-testCompile) @ samples ---
[INFO] No sources to compile
[INFO] 
[INFO] --- maven-surefire-plugin:2.12.4:test (default-test) @ samples ---
[INFO] No tests to run.
[INFO] 
[INFO] --- animal-sniffer-maven-plugin:1.14:check (default) @ samples ---
[INFO] Checking unresolved references to org.codehaus.mojo.signature:java16:1.1
[INFO] ------------------------------------------------------------------------
[INFO] Reactor Summary:
[INFO] 
[INFO] Retrofit (Parent) .................................. SUCCESS [  2.960 s]
[INFO] Retrofit ........................................... SUCCESS [ 15.573 s]
[INFO] Adapters ........................................... SUCCESS [  0.550 s]
[INFO] Adapter: RxJava .................................... SUCCESS [  2.562 s]
[INFO] Retrofit Mock Adapter .............................. SUCCESS [  2.895 s]
[INFO] Adapter: RxJava Mock ............................... SUCCESS [  2.190 s]
[INFO] Converters ......................................... SUCCESS [  0.269 s]
[INFO] Converter: Gson .................................... SUCCESS [  2.895 s]
[INFO] Converter: Protocol Buffers ........................ SUCCESS [  2.621 s]
[INFO] Converter: Jackson ................................. SUCCESS [  2.532 s]
[INFO] Converter: Wire Protocol Buffers ................... SUCCESS [  1.634 s]
[INFO] Converter: SimpleXML ............................... SUCCESS [  3.253 s]
[INFO] Converter: Moshi ................................... SUCCESS [  2.386 s]
[INFO] Samples ............................................ SUCCESS [  1.573 s]
[INFO] ------------------------------------------------------------------------
[INFO] BUILD SUCCESS
[INFO] ------------------------------------------------------------------------
[INFO] Total time: 44.420 s
[INFO] Finished at: 2015-11-10T20:11:18+00:00
[INFO] Final Memory: 27M/295M
[INFO] ------------------------------------------------------------------------
travis_time:end:08208eac:start=1447186232111517160,finish=1447186288486411728,duration=56374894568[0K
[32;1mThe command "mvn test -B" exited with 0.[0m
travis_fold:start:cache.2[0Kstore build cache
travis_time:start:06378b3e[0Kchange detected:
/home/travis/.m2/repository/com/squareup/retrofit/adapter-rxjava/2.0.0-SNAPSHOT/adapter-rxjava-2.0.0-SNAPSHOT.jar
/home/travis/.m2/repository/com/squareup/retrofit/adapter-rxjava/2.0.0-SNAPSHOT/adapter-rxjava-2.0.0-SNAPSHOT.jar
/home/travis/.m2/repository/com/squareup/retrofit/adapter-rxjava/2.0.0-SNAPSHOT/maven-metadata-local.xml
/home/travis/.m2/repository/com/squareup/retrofit/adapter-rxjava/2.0.0-SNAPSHOT/maven-metadata-local.xml
/home/travis/.m2/repository/com/squareup/retrofit/adapter-rxjava/2.0.0-SNAPSHOT/_remote.repositories
/home/travis/.m2/repository/com/squareup/retrofit/adapter-rxjava/2.0.0-SNAPSHOT/_remote.repositories
/home/travis/.m2/repository/com/squareup/retrofit/adapter-rxjava/maven-metadata-local.xml
/home/travis/.m2/repository/com/squareup/retrofit/adapter-rxjava/maven-metadata-local.xml
/home/travis/.m2/repository/com/squareup/retrofit/adapter-rxjava-mock/2.0.0-SNAPSHOT/adapter-rxjava-mock-2.0.0-SNAPSHOT.jar
/home/travis/.m2/repository/com/squareup/retrofit/adapter
...
changes detected, packing new archive
uploading archive
travis_time:end:06378b3e:start=1447186288492612240,finish=1447186293453164295,duration=4960552055[0Ktravis_fold:end:cache.2[0Ktravis_fold:start:after_success[0Ktravis_time:start:2f63e641[0K$ .buildscript/deploy_snapshot.sh
Deploying snapshot...
Java HotSpot(TM) 64-Bit Server VM warning: ignoring option MaxPermSize=192m; support was removed in 8.0
[INFO] Scanning for projects...
[WARNING] 
[WARNING] Some problems were encountered while building the effective model for com.squareup.retrofit:samples:jar:2.0.0-SNAPSHOT
[WARNING] 'build.plugins.plugin.version' for org.apache.maven.plugins:maven-deploy-plugin is missing. @ com.squareup.retrofit:samples:[unknown-version], /home/travis/build/square/retrofit/samples/pom.xml, line 45, column 15
[WARNING] 
[WARNING] It is highly recommended to fix these problems because they threaten the stability of your build.
[WARNING] 
[WARNING] For this reason, future Maven versions might no longer support building such malformed projects.
[WARNING] 
[INFO] ------------------------------------------------------------------------
[INFO] Reactor Build Order:
[INFO] 
[INFO] Retrofit (Parent)
[INFO] Retrofit
[INFO] Adapters
[INFO] Adapter: RxJava
[INFO] Retrofit Mock Adapter
[INFO] Adapter: RxJava Mock
[INFO] Converters
[INFO] Converter: Gson
[INFO] Converter: Protocol Buffers
[INFO] Converter: Jackson
[INFO] Converter: Wire Protocol Buffers
[INFO] Converter: SimpleXML
[INFO] Converter: Moshi
[INFO] Samples
Downloading: https://repo.maven.apache.org/maven2/org/apache/maven/plugins/maven-release-plugin/2.5/maven-release-plugin-2.5.pom
4/11 KB   8/11 KB   11/11 KB              Downloaded: https://repo.maven.apache.org/maven2/org/apache/maven/plugins/maven-release-plugin/2.5/maven-release-plugin-2.5.pom (11 KB at 13.8 KB/sec)
Downloading: https://repo.maven.apache.org/maven2/org/apache/maven/release/maven-release/2.5/maven-release-2.5.pom
4/5 KB     5/5 KB            Downloaded: https://repo.maven.apache.org/maven2/org/apache/maven/release/maven-release/2.5/maven-release-2.5.pom (5 KB at 92.8 KB/sec)
Downloading: https://repo.maven.apache.org/maven2/org/apache/maven/plugins/maven-release-plugin/2.5/maven-release-plugin-2.5.jar
4/50 KB   8/50 KB   12/50 KB   16/50 KB   20/50 KB   24/50 KB   28/50 KB   32/50 KB   36/50 KB   40/50 KB   44/50 KB   48/50 KB   50/50 KB              Downloaded: https://repo.maven.apache.org/maven2/org/apache/maven/plugins/maven-release-plugin/2.5/maven-release-plugin-2.5.jar (50 KB at 615.6 KB/sec)
Downloading: https://repo.maven.apache.org/maven2/org/apache/maven/plugins/maven-clean-plugin/2.5/maven-clean-plugin-2.5.pom
4/4 KB              Downloaded: https://repo.maven.apache.org/maven2/org/apache/maven/plugins/maven-clean-plugin/2.5/maven-clean-plugin-2.5.pom (4 KB at 75.0 KB/sec)
Downloading: https://repo.maven.apache.org/maven2/org/apache/maven/plugins/maven-clean-plugin/2.5/maven-clean-plugin-2.5.jar
4/25 KB   8/25 KB   12/25 KB   16/25 KB   20/25 KB   24/25 KB   25/25 KB              Downloaded: https://repo.maven.apache.org/maven2/org/apache/maven/plugins/maven-clean-plugin/2.5/maven-clean-plugin-2.5.jar (25 KB at 253.2 KB/sec)
Downloading: https://repo.maven.apache.org/maven2/org/apache/maven/plugins/maven-deploy-plugin/2.7/maven-deploy-plugin-2.7.pom
4/6 KB     6/6 KB            Downloaded: https://repo.maven.apache.org/maven2/org/apache/maven/plugins/maven-deploy-plugin/2.7/maven-deploy-plugin-2.7.pom (6 KB at 58.3 KB/sec)
Downloading: https://repo.maven.apache.org/maven2/org/apache/maven/plugins/maven-deploy-plugin/2.7/maven-deploy-plugin-2.7.jar
4/27 KB   8/27 KB   12/27 KB   16/27 KB   20/27 KB   24/27 KB   27/27 KB              Downloaded: https://repo.maven.apache.org/maven2/org/apache/maven/plugins/maven-deploy-plugin/2.7/maven-deploy-plugin-2.7.jar (27 KB at 294.4 KB/sec)
Downloading: https://repo.maven.apache.org/maven2/org/apache/maven/plugins/maven-site-plugin/3.3/maven-site-plugin-3.3.pom
4/21 KB    8/21 KB   12/21 KB   16/21 KB   20/21 KB   21/21 KB              Downloaded: https://repo.maven.apache.org/maven2/org/apache/maven/plugins/maven-site-plugin/3.3/maven-site-plugin-3.3.pom (21 KB at 244.9 KB/sec)
Downloading: https://repo.maven.apache.org/maven2/org/apache/maven/plugins/maven-plugins/24/maven-plugins-24.pom
4/11 KB    8/11 KB   11/11 KB              Downloaded: https://repo.maven.apache.org/maven2/org/apache/maven/plugins/maven-plugins/24/maven-plugins-24.pom (11 KB at 188.4 KB/sec)
Downloading: https://repo.maven.apache.org/maven2/org/apache/maven/plugins/maven-site-plugin/3.3/maven-site-plugin-3.3.jar
4/122 KB   8/122 KB   12/122 KB   16/122 KB   20/122 KB   24/122 KB   28/122 KB   32/122 KB   36/122 KB   40/122 KB   44/122 KB   48/122 KB   52/122 KB   56/122 KB   60/122 KB   62/122 KB   64/122 KB   68/122 KB   72/122 KB   76/122 KB   80/122 KB   84/122 KB   88/122 KB   92/122 KB   96/122 KB   100/122 KB   104/122 KB   108/122 KB   112/122 KB   116/122 KB   120/122 KB   122/122 KB                Downloaded: https://repo.maven.apache.org/maven2/org/apache/maven/plugins/maven-site-plugin/3.3/maven-site-plugin-3.3.jar (122 KB at 690.0 KB/sec)
Downloading: https://repo.maven.apache.org/maven2/org/apache/maven/plugins/maven-antrun-plugin/1.3/maven-antrun-plugin-1.3.pom
2/5 KB       5/5 KB            Downloaded: https://repo.maven.apache.org/maven2/org/apache/maven/plugins/maven-antrun-plugin/1.3/maven-antrun-plugin-1.3.pom (5 KB at 110.0 KB/sec)
Downloading: https://repo.maven.apache.org/maven2/org/apache/maven/plugins/maven-plugins/12/maven-plugins-12.pom
4/12 KB   8/12 KB   12/12 KB   12/12 KB              Downloaded: https://repo.maven.apache.org/maven2/org/apache/maven/plugins/maven-plugins/12/maven-plugins-12.pom (12 KB at 201.3 KB/sec)
Downloading: https://repo.maven.apache.org/maven2/org/apache/maven/maven-parent/9/maven-parent-9.pom
4/33 KB    8/33 KB   12/33 KB   16/33 KB   20/33 KB   24/33 KB   28/33 KB   32/33 KB   33/33 KB              Downloaded: https://repo.maven.apache.org/maven2/org/apache/maven/maven-parent/9/maven-parent-9.pom (33 KB at 485.9 KB/sec)
Downloading: https://repo.maven.apache.org/maven2/org/apache/maven/plugins/maven-antrun-plugin/1.3/maven-antrun-plugin-1.3.jar
1/24 KB    5/24 KB   9/24 KB   13/24 KB   17/24 KB   21/24 KB   24/24 KB              Downloaded: https://repo.maven.apache.org/maven2/org/apache/maven/plugins/maven-antrun-plugin/1.3/maven-antrun-plugin-1.3.jar (24 KB at 234.9 KB/sec)
Downloading: https://repo.maven.apache.org/maven2/org/apache/maven/plugins/maven-assembly-plugin/2.2-beta-5/maven-assembly-plugin-2.2-beta-5.pom
3/15 KB    7/15 KB   11/15 KB   15/15 KB              Downloaded: https://repo.maven.apache.org/maven2/org/apache/maven/plugins/maven-assembly-plugin/2.2-beta-5/maven-assembly-plugin-2.2-beta-5.pom (15 KB at 224.3 KB/sec)
Downloading: https://repo.maven.apache.org/maven2/org/apache/maven/plugins/maven-plugins/16/maven-plugins-16.pom
4/13 KB    8/13 KB   12/13 KB   13/13 KB              Downloaded: https://repo.maven.apache.org/maven2/org/apache/maven/plugins/maven-plugins/16/maven-plugins-16.pom (13 KB at 148.8 KB/sec)
Downloading: https://repo.maven.apache.org/maven2/org/apache/maven/maven-parent/15/maven-parent-15.pom
4/24 KB    8/24 KB   12/24 KB   16/24 KB   20/24 KB   24/24 KB              Downloaded: https://repo.maven.apache.org/maven2/org/apache/maven/maven-parent/15/maven-parent-15.pom (24 KB at 296.7 KB/sec)
Downloading: https://repo.maven.apache.org/maven2/org/apache/maven/plugins/maven-assembly-plugin/2.2-beta-5/maven-assembly-plugin-2.2-beta-5.jar
4/204 KB   8/204 KB   12/204 KB   16/204 KB   20/204 KB   24/204 KB   28/204 KB   32/204 KB   36/204 KB   40/204 KB   44/204 KB   48/204 KB   52/204 KB   56/204 KB   60/204 KB   64/204 KB   68/204 KB   72/204 KB   76/204 KB   80/204 KB   84/204 KB   88/204 KB   92/204 KB   96/204 KB   100/204 KB   104/204 KB   108/204 KB   112/204 KB   116/204 KB   120/204 KB   124/204 KB   128/204 KB   132/204 KB   136/204 KB   140/204 KB   144/204 KB   148/204 KB   152/204 KB   156/204 KB   160/204 KB   164/204 KB   168/204 KB   172/204 KB   176/204 KB   180/204 KB   184/204 KB   188/204 KB   192/204 KB   196/204 KB   200/204 KB   204/204 KB                Downloaded: https://repo.maven.apache.org/maven2/org/apache/maven/plugins/maven-assembly-plugin/2.2-beta-5/maven-assembly-plugin-2.2-beta-5.jar (204 KB at 633.4 KB/sec)
Downloading: https://repo.maven.apache.org/maven2/org/apache/maven/plugins/maven-dependency-plugin/2.8/maven-dependency-plugin-2.8.pom
4/12 KB      8/12 KB   12/12 KB              Downloaded: https://repo.maven.apache.org/maven2/org/apache/maven/plugins/maven-dependency-plugin/2.8/maven-dependency-plugin-2.8.pom (12 KB at 192.9 KB/sec)
Downloading: https://repo.maven.apache.org/maven2/org/apache/maven/plugins/maven-dependency-plugin/2.8/maven-dependency-plugin-2.8.jar
4/150 KB   8/150 KB   12/150 KB   16/150 KB   20/150 KB   24/150 KB   28/150 KB   32/150 KB   36/150 KB   40/150 KB   44/150 KB   48/150 KB   52/150 KB   56/150 KB   60/150 KB   63/150 KB   67/150 KB   71/150 KB   75/150 KB   79/150 KB   83/150 KB   87/150 KB   91/150 KB   95/150 KB   99/150 KB   103/150 KB   107/150 KB   111/150 KB   115/150 KB   119/150 KB   123/150 KB   127/150 KB   131/150 KB   135/150 KB   139/150 KB   143/150 KB   147/150 KB   150/150 KB                Downloaded: https://repo.maven.apache.org/maven2/org/apache/maven/plugins/maven-dependency-plugin/2.8/maven-dependency-plugin-2.8.jar (150 KB at 800.0 KB/sec)
Downloading: https://repo.maven.apache.org/maven2/org/apache/maven/plugins/maven-release-plugin/2.1/maven-release-plugin-2.1.pom
4/9 KB       8/9 KB   9/9 KB            Downloaded: https://repo.maven.apache.org/maven2/org/apache/maven/plugins/maven-release-plugin/2.1/maven-release-plugin-2.1.pom (9 KB at 178.4 KB/sec)
Downloading: https://repo.maven.apache.org/maven2/org/apache/maven/release/maven-release/2.1/maven-release-2.1.pom
4/7 KB   7/7 KB            Downloaded: https://repo.maven.apache.org/maven2/org/apache/maven/release/maven-release/2.1/maven-release-2.1.pom (7 KB at 164.4 KB/sec)
Downloading: https://repo.maven.apache.org/maven2/org/apache/maven/plugins/maven-release-plugin/2.1/maven-release-plugin-2.1.jar
4/40 KB   8/40 KB   12/40 KB   16/40 KB   20/40 KB   24/40 KB   28/40 KB   32/40 KB   36/40 KB   40/40 KB              Downloaded: https://repo.maven.apache.org/maven2/org/apache/maven/plugins/maven-release-plugin/2.1/maven-release-plugin-2.1.jar (40 KB at 603.4 KB/sec)
Downloading: https://repo.maven.apache.org/maven2/org/apache/maven/plugins/maven-metadata.xml
Downloading: https://repo.maven.apache.org/maven2/org/codehaus/mojo/maven-metadata.xml
1/13 KB    5/13 KB   9/13 KB   13/13 KB   13/13 KB              Downloaded: https://repo.maven.apache.org/maven2/org/apache/maven/plugins/maven-metadata.xml (13 KB at 129.6 KB/sec)
4/20 KB    8/20 KB   12/20 KB   16/20 KB   20/20 KB   20/20 KB              Downloaded: https://repo.maven.apache.org/maven2/org/codehaus/mojo/maven-metadata.xml (20 KB at 135.6 KB/sec)
Downloading: https://repo.maven.apache.org/maven2/org/apache/maven/plugins/maven-source-plugin/maven-metadata.xml
746/746 B               Downloaded: https://repo.maven.apache.org/maven2/org/apache/maven/plugins/maven-source-plugin/maven-metadata.xml (746 B at 13.2 KB/sec)
Downloading: https://repo.maven.apache.org/maven2/org/apache/maven/plugins/maven-source-plugin/2.4/maven-source-plugin-2.4.pom
2/7 KB      6/7 KB   7/7 KB            Downloaded: https://repo.maven.apache.org/maven2/org/apache/maven/plugins/maven-source-plugin/2.4/maven-source-plugin-2.4.pom (7 KB at 158.3 KB/sec)
Downloading: https://repo.maven.apache.org/maven2/org/apache/maven/plugins/maven-plugins/25/maven-plugins-25.pom
4/10 KB   8/10 KB   10/10 KB              Downloaded: https://repo.maven.apache.org/maven2/org/apache/maven/plugins/maven-plugins/25/maven-plugins-25.pom (10 KB at 172.7 KB/sec)
Downloading: https://repo.maven.apache.org/maven2/org/apache/maven/plugins/maven-source-plugin/2.4/maven-source-plugin-2.4.jar
4/31 KB    8/31 KB   12/31 KB   16/31 KB   20/31 KB   24/31 KB   28/31 KB   31/31 KB              Downloaded: https://repo.maven.apache.org/maven2/org/apache/maven/plugins/maven-source-plugin/2.4/maven-source-plugin-2.4.jar (31 KB at 313.1 KB/sec)
Downloading: https://repo.maven.apache.org/maven2/org/apache/maven/plugins/maven-javadoc-plugin/maven-metadata.xml
910/910 B               Downloaded: https://repo.maven.apache.org/maven2/org/apache/maven/plugins/maven-javadoc-plugin/maven-metadata.xml (910 B at 11.5 KB/sec)
Downloading: https://repo.maven.apache.org/maven2/org/apache/maven/plugins/maven-javadoc-plugin/2.10.3/maven-javadoc-plugin-2.10.3.pom
3/16 KB     7/16 KB   11/16 KB   15/16 KB   16/16 KB              Downloaded: https://repo.maven.apache.org/maven2/org/apache/maven/plugins/maven-javadoc-plugin/2.10.3/maven-javadoc-plugin-2.10.3.pom (16 KB at 318.1 KB/sec)
Downloading: https://repo.maven.apache.org/maven2/org/apache/maven/plugins/maven-javadoc-plugin/2.10.3/maven-javadoc-plugin-2.10.3.jar
4/396 KB   8/396 KB   12/396 KB   16/396 KB   20/396 KB   24/396 KB   28/396 KB   32/396 KB   36/396 KB   40/396 KB   44/396 KB   48/396 KB   52/396 KB   56/396 KB   60/396 KB   64/396 KB   68/396 KB   72/396 KB   76/396 KB   80/396 KB   84/396 KB   88/396 KB   92/396 KB   96/396 KB   100/396 KB   104/396 KB   108/396 KB   112/396 KB   116/396 KB   120/396 KB   124/396 KB   128/396 KB   132/396 KB   136/396 KB   140/396 KB   144/396 KB   148/396 KB   152/396 KB   156/396 KB   160/396 KB   164/396 KB   168/396 KB   172/396 KB   176/396 KB   180/396 KB   184/396 KB   188/396 KB   192/396 KB   196/396 KB   200/396 KB   204/396 KB   208/396 KB   212/396 KB   216/396 KB   220/396 KB   224/396 KB   228/396 KB   232/396 KB   236/396 KB   240/396 KB   244/396 KB   248/396 KB   252/396 KB   256/396 KB   260/396 KB   264/396 KB   268/396 KB   272/396 KB   276/396 KB   280/396 KB   284/396 KB   288/396 KB   292/396 KB   296/396 KB   300/396 KB   304/396 KB   308/396 KB   312/396 KB   316/396 KB   320/396 KB   324/396 KB   328/396 KB   332/396 KB   336/396 KB   340/396 KB   344/396 KB   348/396 KB   352/396 KB   356/396 KB   360/396 KB   364/396 KB   368/396 KB   372/396 KB   376/396 KB   380/396 KB   384/396 KB   388/396 KB   392/396 KB   396/396 KB   396/396 KB                Downloaded: https://repo.maven.apache.org/maven2/org/apache/maven/plugins/maven-javadoc-plugin/2.10.3/maven-javadoc-plugin-2.10.3.jar (396 KB at 1705.9 KB/sec)
[INFO]                                                                         
[INFO] ------------------------------------------------------------------------
[INFO] Building Retrofit (Parent) 2.0.0-SNAPSHOT
[INFO] ------------------------------------------------------------------------
[INFO] 
[INFO] --- maven-clean-plugin:2.5:clean (default-clean) @ parent ---
[INFO] 
[INFO] >>> maven-source-plugin:2.4:jar (default-cli) > generate-sources @ parent >>>
[INFO] 
[INFO] --- maven-enforcer-plugin:1.0:enforce (enforce-maven) @ parent ---
[INFO] 
[INFO] <<< maven-source-plugin:2.4:jar (default-cli) < generate-sources @ parent <<<
[INFO] 
[INFO] --- maven-source-plugin:2.4:jar (default-cli) @ parent ---
Downloading: https://repo.maven.apache.org/maven2/org/codehaus/plexus/plexus-archiver/2.6.3/plexus-archiver-2.6.3.pom
4/4 KB                Downloaded: https://repo.maven.apache.org/maven2/org/codehaus/plexus/plexus-archiver/2.6.3/plexus-archiver-2.6.3.pom (4 KB at 51.9 KB/sec)
Downloading: https://repo.maven.apache.org/maven2/org/codehaus/plexus/plexus-utils/3.0.18/plexus-utils-3.0.18.pom
4/4 KB            Downloaded: https://repo.maven.apache.org/maven2/org/codehaus/plexus/plexus-utils/3.0.18/plexus-utils-3.0.18.pom (4 KB at 72.1 KB/sec)
Downloading: https://repo.maven.apache.org/maven2/org/codehaus/plexus/plexus-io/2.1.3/plexus-io-2.1.3.pom
3/3 KB            Downloaded: https://repo.maven.apache.org/maven2/org/codehaus/plexus/plexus-io/2.1.3/plexus-io-2.1.3.pom (3 KB at 52.2 KB/sec)
Downloading: https://repo.maven.apache.org/maven2/org/codehaus/plexus/plexus-components/1.2/plexus-components-1.2.pom
3/3 KB            Downloaded: https://repo.maven.apache.org/maven2/org/codehaus/plexus/plexus-components/1.2/plexus-components-1.2.pom (3 KB at 72.8 KB/sec)
Downloading: https://repo.maven.apache.org/maven2/org/apache/commons/commons-compress/1.8.1/commons-compress-1.8.1.pom
4/12 KB   8/12 KB   12/12 KB              Downloaded: https://repo.maven.apache.org/maven2/org/apache/commons/commons-compress/1.8.1/commons-compress-1.8.1.pom (12 KB at 203.0 KB/sec)
Downloading: https://repo.maven.apache.org/maven2/org/apache/commons/commons-parent/33/commons-parent-33.pom
4/52 KB    8/52 KB   12/52 KB   16/52 KB   20/52 KB   24/52 KB   28/52 KB   32/52 KB   36/52 KB   40/52 KB   44/52 KB   48/52 KB   52/52 KB   52/52 KB              Downloaded: https://repo.maven.apache.org/maven2/org/apache/commons/commons-parent/33/commons-parent-33.pom (52 KB at 720.1 KB/sec)
Downloading: https://repo.maven.apache.org/maven2/org/codehaus/plexus/plexus-interpolation/1.11/plexus-interpolation-1.11.jar
Downloading: https://repo.maven.apache.org/maven2/org/codehaus/plexus/plexus-archiver/2.6.3/plexus-archiver-2.6.3.jar
Downloading: https://repo.maven.apache.org/maven2/org/codehaus/plexus/plexus-io/2.1.3/plexus-io-2.1.3.jar
Downloading: https://repo.maven.apache.org/maven2/org/apache/commons/commons-compress/1.8.1/commons-compress-1.8.1.jar
Downloading: https://repo.maven.apache.org/maven2/org/codehaus/plexus/plexus-utils/3.0.18/plexus-utils-3.0.18.jar
4/50 KB    8/50 KB   12/50 KB   16/50 KB   4/357 KB   16/50 KB   8/357 KB   16/50 KB   12/357 KB   16/50 KB   16/357 KB   16/50 KB   4/65 KB   16/357 KB   16/50 KB   8/65 KB   20/357 KB   16/50 KB   4/129 KB   12/65 KB   20/357 KB   16/50 KB   4/129 KB   16/65 KB   20/357 KB   16/50 KB   4/129 KB   4/65 KB   20/357 KB   16/50 KB   4/129 KB   4/65 KB   16/357 KB   16/50 KB   4/129 KB   16/65 KB   24/357 KB   16/50 KB   4/129 KB   16/65 KB   28/357 KB   16/50 KB   4/129 KB   16/65 KB   28/357 KB   16/50 KB   8/129 KB   16/65 KB   32/357 KB   16/50 KB   12/129 KB   16/65 KB   32/357 KB   16/50 KB   16/129 KB   16/65 KB   32/357 KB   16/50 KB   20/129 KB   16/65 KB   32/357 KB   16/50 KB   12/129 KB   20/65 KB   36/357 KB   20/50 KB   20/129 KB   20/65 KB   40/357 KB   20/50 KB   24/129 KB   20/65 KB   44/357 KB   20/50 KB   24/129 KB   20/65 KB   48/357 KB   20/50 KB   24/129 KB   20/65 KB   48/357 KB   4/238 KB   20/50 KB   24/129 KB   20/65 KB   48/357 KB   8/238 KB   20/50 KB   24/129 KB   20/65 KB   48/357 KB   12/238 KB   20/50 KB   24/129 KB   20/65 KB   48/357 KB   16/238 KB   20/50 KB   24/129 KB   20/65 KB   52/357 KB   16/238 KB   20/50 KB   24/129 KB   20/65 KB   32/357 KB   20/50 KB   20/129 KB   20/65 KB   52/357 KB   20/238 KB   24/50 KB   24/129 KB   20/65 KB   56/357 KB   20/238 KB   24/50 KB   24/129 KB   20/65 KB   56/357 KB   20/238 KB   28/50 KB   24/129 KB   20/65 KB   56/357 KB   20/238 KB   32/50 KB   24/129 KB   20/65 KB   32/357 KB   16/50 KB   20/129 KB   20/65 KB   60/357 KB   20/238 KB   32/50 KB   24/129 KB   24/65 KB   60/357 KB   20/238 KB   32/50 KB   24/129 KB   24/65 KB   64/357 KB   20/238 KB   32/50 KB   24/129 KB   28/65 KB   64/357 KB   20/238 KB   36/50 KB   24/129 KB   20/65 KB   52/357 KB   20/238 KB   20/50 KB   24/129 KB   20/65 KB   36/357 KB   20/50 KB   24/129 KB   28/65 KB   64/357 KB   24/238 KB   36/50 KB   28/129 KB   28/65 KB   64/357 KB   20/238 KB   32/50 KB   24/129 KB   28/65 KB   64/357 KB   28/238 KB   36/50 KB   28/129 KB   32/65 KB   64/357 KB   28/238 KB   36/50 KB   28/129 KB   32/65 KB   64/357 KB   32/238 KB   36/50 KB   28/129 KB   28/65 KB   64/357 KB   24/238 KB   36/50 KB   28/129 KB   32/65 KB   64/357 KB   32/238 KB   36/50 KB   32/129 KB   32/65 KB   64/357 KB   36/238 KB   36/50 KB   32/129 KB   32/65 KB   64/357 KB   40/238 KB   36/50 KB   32/129 KB   32/65 KB   64/357 KB   44/238 KB   36/50 KB   32/129 KB   32/65 KB   64/357 KB   48/238 KB   36/50 KB   32/129 KB   32/65 KB   64/357 KB   52/238 KB   36/50 KB   32/129 KB   32/65 KB   64/357 KB   56/238 KB   36/50 KB   32/129 KB   32/65 KB   64/357 KB   60/238 KB   36/50 KB   32/129 KB   32/65 KB   64/357 KB   62/238 KB   36/50 KB   32/129 KB   32/65 KB   64/357 KB   62/238 KB   36/50 KB   36/129 KB   32/65 KB   64/357 KB   62/238 KB   36/50 KB   40/129 KB   32/65 KB   64/357 KB   62/238 KB   36/50 KB   44/129 KB   32/65 KB   64/357 KB   62/238 KB   36/50 KB   48/129 KB   32/65 KB   64/357 KB   66/238 KB   36/50 KB   48/129 KB   32/65 KB   64/357 KB   70/238 KB   36/50 KB   48/129 KB   32/65 KB   64/357 KB   74/238 KB   36/50 KB   48/129 KB   32/65 KB   64/357 KB   78/238 KB   36/50 KB   52/129 KB   36/65 KB   64/357 KB   78/238 KB   36/50 KB   52/129 KB   40/65 KB   64/357 KB   78/238 KB   36/50 KB   52/129 KB   44/65 KB   64/357 KB   78/238 KB   36/50 KB   52/129 KB   48/65 KB   64/357 KB   78/238 KB   36/50 KB   52/129 KB   48/65 KB   64/357 KB   82/238 KB   36/50 KB   52/129 KB   48/65 KB   64/357 KB   86/238 KB   36/50 KB   52/129 KB   48/65 KB   64/357 KB   90/238 KB   36/50 KB   52/129 KB   48/65 KB   64/357 KB   94/238 KB   36/50 KB   52/129 KB   52/65 KB   64/357 KB   94/238 KB   36/50 KB   52/129 KB   32/65 KB   64/357 KB   74/238 KB   36/50 KB   52/129 KB   56/65 KB   68/357 KB   98/238 KB   40/50 KB   52/129 KB   56/65 KB   68/357 KB   98/238 KB   40/50 KB   56/129 KB   60/65 KB   68/357 KB   98/238 KB   40/50 KB   60/129 KB   64/65 KB   68/357 KB   98/238 KB   40/50 KB   60/129 KB   65/65 KB   68/357 KB   98/238 KB   40/50 KB   60/129 KB   52/65 KB   68/357 KB   98/238 KB   40/50 KB   52/129 KB   52/65 KB   64/357 KB   98/238 KB   40/50 KB   52/129 KB   52/65 KB   64/357 KB   94/238 KB   40/50 KB   52/129 KB   65/65 KB   72/357 KB   98/238 KB   44/50 KB   60/129 KB   65/65 KB   72/357 KB   98/238 KB   48/50 KB   60/129 KB   65/65 KB   72/357 KB   98/238 KB   40/50 KB   60/129 KB   60/65 KB   68/357 KB   98/238 KB   40/50 KB   60/129 KB   65/65 KB   72/357 KB   98/238 KB   48/50 KB   64/129 KB   65/65 KB   72/357 KB   98/238 KB   50/50 KB   64/129 KB   65/65 KB   72/357 KB   98/238 KB   50/50 KB   68/129 KB   65/65 KB   72/357 KB   98/238 KB   50/50 KB   72/129 KB   65/65 KB   72/357 KB   98/238 KB   50/50 KB   76/129 KB   65/65 KB   72/357 KB   98/238 KB   50/50 KB   80/129 KB                                                             Downloaded: https://repo.maven.apache.org/maven2/org/codehaus/plexus/plexus-interpolation/1.11/plexus-interpolation-1.11.jar (50 KB at 188.4 KB/sec)
65/65 KB   76/357 KB   98/238 KB   80/129 KB              65/65 KB   80/357 KB   98/238 KB   80/129 KB   65/65 KB   80/357 KB   98/238 KB   84/129 KB   65/65 KB   80/357 KB   98/238 KB   88/129 KB   65/65 KB   80/357 KB   98/238 KB   92/129 KB   65/65 KB   80/357 KB   98/238 KB   96/129 KB   65/65 KB   80/357 KB   102/238 KB   96/129 KB   65/65 KB   80/357 KB   106/238 KB   96/129 KB   65/65 KB   80/357 KB   110/238 KB   96/129 KB   65/65 KB   80/357 KB   110/238 KB   100/129 KB   65/65 KB   80/357 KB   110/238 KB   104/129 KB   65/65 KB   80/357 KB   110/238 KB   108/129 KB   65/65 KB   80/357 KB   110/238 KB   112/129 KB   65/65 KB   80/357 KB   114/238 KB   112/129 KB   65/65 KB   84/357 KB   118/238 KB   112/129 KB   65/65 KB   84/357 KB   122/238 KB   112/129 KB   65/65 KB   84/357 KB   126/238 KB   112/129 KB   65/65 KB   84/357 KB   126/238 KB   116/129 KB   65/65 KB   84/357 KB   114/238 KB   112/129 KB   65/65 KB   84/357 KB   126/238 KB   120/129 KB   65/65 KB   84/357 KB   126/238 KB   124/129 KB   65/65 KB   84/357 KB   126/238 KB   128/129 KB   65/65 KB   88/357 KB   126/238 KB   128/129 KB   65/65 KB   92/357 KB   126/238 KB   128/129 KB   65/65 KB   96/357 KB   126/238 KB   128/129 KB                                                    65/65 KB   96/357 KB   126/238 KB   129/129 KB   Downloaded: https://repo.maven.apache.org/maven2/org/codehaus/plexus/plexus-io/2.1.3/plexus-io-2.1.3.jar (65 KB at 252.5 KB/sec)
100/357 KB   126/238 KB   129/129 KB             104/357 KB   126/238 KB   129/129 KB   108/357 KB   126/238 KB   129/129 KB   112/357 KB   126/238 KB   129/129 KB   116/357 KB   126/238 KB   129/129 KB   116/357 KB   130/238 KB   129/129 KB   116/357 KB   134/238 KB   129/129 KB   116/357 KB   138/238 KB   129/129 KB   116/357 KB   142/238 KB   129/129 KB                                          Downloaded: https://repo.maven.apache.org/maven2/org/codehaus/plexus/plexus-archiver/2.6.3/plexus-archiver-2.6.3.jar (129 KB at 430.4 KB/sec)
120/357 KB   142/238 KB                124/357 KB   142/238 KB   128/357 KB   142/238 KB   128/357 KB   146/238 KB   128/357 KB   150/238 KB   128/357 KB   154/238 KB   128/357 KB   158/238 KB   132/357 KB   158/238 KB   136/357 KB   158/238 KB   140/357 KB   158/238 KB   144/357 KB   158/238 KB   144/357 KB   162/238 KB   144/357 KB   166/238 KB   144/357 KB   170/238 KB   144/357 KB   174/238 KB   148/357 KB   174/238 KB   152/357 KB   174/238 KB   156/357 KB   174/238 KB   160/357 KB   174/238 KB   160/357 KB   178/238 KB   160/357 KB   182/238 KB   160/357 KB   186/238 KB   160/357 KB   190/238 KB   164/357 KB   190/238 KB   168/357 KB   190/238 KB   172/357 KB   190/238 KB   176/357 KB   190/238 KB   176/357 KB   194/238 KB   176/357 KB   198/238 KB   176/357 KB   202/238 KB   176/357 KB   206/238 KB   180/357 KB   206/238 KB   184/357 KB   206/238 KB   188/357 KB   206/238 KB   192/357 KB   206/238 KB   192/357 KB   210/238 KB   192/357 KB   214/238 KB   192/357 KB   218/238 KB   192/357 KB   222/238 KB   196/357 KB   222/238 KB   200/357 KB   222/238 KB   204/357 KB   222/238 KB   208/357 KB   222/238 KB   208/357 KB   226/238 KB   208/357 KB   230/238 KB   208/357 KB   234/238 KB   212/357 KB   234/238 KB   216/357 KB   234/238 KB   220/357 KB   234/238 KB   224/357 KB   234/238 KB   224/357 KB   238/238 KB   228/357 KB   238/238 KB   232/357 KB   238/238 KB   236/357 KB   238/238 KB   240/357 KB   238/238 KB   244/357 KB   238/238 KB   248/357 KB   238/238 KB   252/357 KB   238/238 KB   256/357 KB   238/238 KB   260/357 KB   238/238 KB   264/357 KB   238/238 KB   268/357 KB   238/238 KB   272/357 KB   238/238 KB   276/357 KB   238/238 KB   280/357 KB   238/238 KB   284/357 KB   238/238 KB   288/357 KB   238/238 KB   292/357 KB   238/238 KB   296/357 KB   238/238 KB   300/357 KB   238/238 KB   304/357 KB   238/238 KB                             Downloaded: https://repo.maven.apache.org/maven2/org/codehaus/plexus/plexus-utils/3.0.18/plexus-utils-3.0.18.jar (238 KB at 621.2 KB/sec)
308/357 KB                312/357 KB   316/357 KB   320/357 KB   324/357 KB   328/357 KB   332/357 KB   336/357 KB   340/357 KB   344/357 KB   348/357 KB   352/357 KB   356/357 KB   357/357 KB                Downloaded: https://repo.maven.apache.org/maven2/org/apache/commons/commons-compress/1.8.1/commons-compress-1.8.1.jar (357 KB at 834.1 KB/sec)
[INFO] 
[INFO] --- maven-javadoc-plugin:2.10.3:jar (default-cli) @ parent ---
Downloading: https://repo.maven.apache.org/maven2/org/apache/maven/shared/maven-invoker/2.0.9/maven-invoker-2.0.9.pom
4/6 KB       6/6 KB            Downloaded: https://repo.maven.apache.org/maven2/org/apache/maven/shared/maven-invoker/2.0.9/maven-invoker-2.0.9.pom (6 KB at 137.6 KB/sec)
Downloading: https://repo.maven.apache.org/maven2/org/apache/maven/maven-plugin-api/2.0.8/maven-plugin-api-2.0.8.pom
2/2 KB            Downloaded: https://repo.maven.apache.org/maven2/org/apache/maven/maven-plugin-api/2.0.8/maven-plugin-api-2.0.8.pom (2 KB at 36.5 KB/sec)
Downloading: https://repo.maven.apache.org/maven2/org/codehaus/plexus/plexus-utils/1.4.9/plexus-utils-1.4.9.pom
3/3 KB            Downloaded: https://repo.maven.apache.org/maven2/org/codehaus/plexus/plexus-utils/1.4.9/plexus-utils-1.4.9.pom (3 KB at 60.6 KB/sec)
Downloading: https://repo.maven.apache.org/maven2/org/apache/maven/wagon/wagon-provider-api/1.0-beta-6/wagon-provider-api-1.0-beta-6.pom
2/2 KB            Downloaded: https://repo.maven.apache.org/maven2/org/apache/maven/wagon/wagon-provider-api/1.0-beta-6/wagon-provider-api-1.0-beta-6.pom (2 KB at 45.2 KB/sec)
Downloading: https://repo.maven.apache.org/maven2/org/apache/maven/wagon/wagon/1.0-beta-6/wagon-1.0-beta-6.pom
4/13 KB   8/13 KB   12/13 KB   13/13 KB              Downloaded: https://repo.maven.apache.org/maven2/org/apache/maven/wagon/wagon/1.0-beta-6/wagon-1.0-beta-6.pom (13 KB at 195.1 KB/sec)
Downloading: https://repo.maven.apache.org/maven2/org/codehaus/plexus/plexus-utils/1.4.2/plexus-utils-1.4.2.pom
2/2 KB              Downloaded: https://repo.maven.apache.org/maven2/org/codehaus/plexus/plexus-utils/1.4.2/plexus-utils-1.4.2.pom (2 KB at 39.9 KB/sec)
Downloading: https://repo.maven.apache.org/maven2/commons-io/commons-io/2.2/commons-io-2.2.pom
4/11 KB   8/11 KB   11/11 KB              Downloaded: https://repo.maven.apache.org/maven2/commons-io/commons-io/2.2/commons-io-2.2.pom (11 KB at 256.6 KB/sec)
Downloading: https://repo.maven.apache.org/maven2/org/apache/commons/commons-parent/24/commons-parent-24.pom
4/47 KB    8/47 KB   12/47 KB   16/47 KB   20/47 KB   24/47 KB   28/47 KB   32/47 KB   36/47 KB   40/47 KB   44/47 KB   47/47 KB              Downloaded: https://repo.maven.apache.org/maven2/org/apache/commons/commons-parent/24/commons-parent-24.pom (47 KB at 496.3 KB/sec)
Downloading: https://repo.maven.apache.org/maven2/org/apache/httpcomponents/httpclient/4.2.3/httpclient-4.2.3.pom
2/6 KB     6/6 KB   6/6 KB            Downloaded: https://repo.maven.apache.org/maven2/org/apache/httpcomponents/httpclient/4.2.3/httpclient-4.2.3.pom (6 KB at 88.8 KB/sec)
Downloading: https://repo.maven.apache.org/maven2/org/apache/httpcomponents/httpcomponents-client/4.2.3/httpcomponents-client-4.2.3.pom
4/15 KB   8/15 KB   12/15 KB   15/15 KB              Downloaded: https://repo.maven.apache.org/maven2/org/apache/httpcomponents/httpcomponents-client/4.2.3/httpcomponents-client-4.2.3.pom (15 KB at 324.1 KB/sec)
Downloading: https://repo.maven.apache.org/maven2/org/apache/httpcomponents/project/6/project-6.pom
4/24 KB    8/24 KB   12/24 KB   16/24 KB   20/24 KB   24/24 KB              Downloaded: https://repo.maven.apache.org/maven2/org/apache/httpcomponents/project/6/project-6.pom (24 KB at 498.4 KB/sec)
Downloading: https://repo.maven.apache.org/maven2/org/apache/httpcomponents/httpcore/4.2.2/httpcore-4.2.2.pom
3/6 KB     6/6 KB            Downloaded: https://repo.maven.apache.org/maven2/org/apache/httpcomponents/httpcore/4.2.2/httpcore-4.2.2.pom (6 KB at 142.3 KB/sec)
Downloading: https://repo.maven.apache.org/maven2/org/apache/httpcomponents/httpcomponents-core/4.2.2/httpcomponents-core-4.2.2.pom
4/12 KB   8/12 KB   12/12 KB              Downloaded: https://repo.maven.apache.org/maven2/org/apache/httpcomponents/httpcomponents-core/4.2.2/httpcomponents-core-4.2.2.pom (12 KB at 203.7 KB/sec)
Downloading: https://repo.maven.apache.org/maven2/commons-codec/commons-codec/1.6/commons-codec-1.6.pom
4/11 KB    8/11 KB   11/11 KB              Downloaded: https://repo.maven.apache.org/maven2/commons-codec/commons-codec/1.6/commons-codec-1.6.pom (11 KB at 265.7 KB/sec)
Downloading: https://repo.maven.apache.org/maven2/log4j/log4j/1.2.14/log4j-1.2.14.pom
3/3 KB              Downloaded: https://repo.maven.apache.org/maven2/log4j/log4j/1.2.14/log4j-1.2.14.pom (3 KB at 38.6 KB/sec)
Downloading: https://repo.maven.apache.org/maven2/com/thoughtworks/qdox/qdox/1.12.1/qdox-1.12.1.pom
2/18 KB   6/18 KB   10/18 KB   14/18 KB   18/18 KB              Downloaded: https://repo.maven.apache.org/maven2/com/thoughtworks/qdox/qdox/1.12.1/qdox-1.12.1.pom (18 KB at 272.8 KB/sec)
Downloading: https://repo.maven.apache.org/maven2/org/codehaus/plexus/plexus-archiver/2.9/plexus-archiver-2.9.pom
4/5 KB     5/5 KB            Downloaded: https://repo.maven.apache.org/maven2/org/codehaus/plexus/plexus-archiver/2.9/plexus-archiver-2.9.pom (5 KB at 87.0 KB/sec)
Downloading: https://repo.maven.apache.org/maven2/org/codehaus/plexus/plexus-io/2.4/plexus-io-2.4.pom
4/4 KB            Downloaded: https://repo.maven.apache.org/maven2/org/codehaus/plexus/plexus-io/2.4/plexus-io-2.4.pom (4 KB at 68.7 KB/sec)
Downloading: https://repo.maven.apache.org/maven2/org/apache/commons/commons-compress/1.9/commons-compress-1.9.pom
4/12 KB   8/12 KB   12/12 KB              Downloaded: https://repo.maven.apache.org/maven2/org/apache/commons/commons-compress/1.9/commons-compress-1.9.pom (12 KB at 223.3 KB/sec)
Downloading: https://repo.maven.apache.org/maven2/org/apache/commons/commons-parent/34/commons-parent-34.pom
4/55 KB    8/55 KB   12/55 KB   16/55 KB   20/55 KB   24/55 KB   28/55 KB   32/55 KB   36/55 KB   40/55 KB   44/55 KB   48/55 KB   52/55 KB   55/55 KB              Downloaded: https://repo.maven.apache.org/maven2/org/apache/commons/commons-parent/34/commons-parent-34.pom (55 KB at 600.3 KB/sec)
Downloading: https://repo.maven.apache.org/maven2/org/apache/maven/shared/maven-invoker/2.0.9/maven-invoker-2.0.9.jar
Downloading: https://repo.maven.apache.org/maven2/org/apache/maven/doxia/doxia-core/1.4/doxia-core-1.4.jar
Downloading: https://repo.maven.apache.org/maven2/org/codehaus/plexus/plexus-velocity/1.1.7/plexus-velocity-1.1.7.jar
Downloading: https://repo.maven.apache.org/maven2/commons-digester/commons-digester/1.8/commons-digester-1.8.jar
Downloading: https://repo.maven.apache.org/maven2/antlr/antlr/2.7.2/antlr-2.7.2.jar
4/350 KB   4/141 KB   4/8 KB   8/350 KB   4/162 KB   4/28 KB   4/141 KB   4/8 KB   12/350 KB   4/162 KB   4/28 KB   4/141 KB   4/8 KB   16/350 KB   4/162 KB   4/28 KB   4/350 KB   4/162 KB   4/141 KB   4/8 KB   16/350 KB   8/162 KB   4/28 KB   4/141 KB   4/8 KB   16/350 KB   12/162 KB   4/28 KB   4/141 KB   4/8 KB   16/350 KB   16/162 KB   4/28 KB   4/141 KB   4/8 KB   16/350 KB   20/162 KB   4/28 KB   4/141 KB   4/8 KB   4/350 KB   4/162 KB   4/28 KB   8/141 KB   4/8 KB   16/350 KB   20/162 KB   4/28 KB   12/141 KB   4/8 KB   16/350 KB   20/162 KB   4/28 KB   16/141 KB   4/8 KB   16/350 KB   20/162 KB   4/28 KB   20/141 KB   4/8 KB   16/350 KB   20/162 KB   4/28 KB   4/8 KB   4/350 KB   4/162 KB   4/28 KB   20/141 KB   8/8 KB   16/350 KB   24/162 KB   4/28 KB   4/350 KB   4/162 KB   4/28 KB   20/141 KB   8/8 KB   16/350 KB   24/162 KB   8/28 KB   20/141 KB   8/8 KB   16/350 KB   24/162 KB   12/28 KB   20/141 KB   8/8 KB   16/350 KB   24/162 KB   16/28 KB   20/141 KB   8/8 KB   16/350 KB   24/162 KB   20/28 KB   20/141 KB   8/8 KB   16/350 KB   24/162 KB   24/28 KB   20/141 KB   8/8 KB   16/350 KB   24/162 KB   28/28 KB   20/141 KB   4/8 KB   16/350 KB   24/162 KB   4/28 KB   20/141 KB   8/8 KB   16/350 KB   28/162 KB   28/28 KB   24/141 KB   8/8 KB   16/350 KB   32/162 KB   28/28 KB   24/141 KB   8/8 KB   16/350 KB   28/162 KB   28/28 KB   28/141 KB   8/8 KB   16/350 KB   32/162 KB   28/28 KB   32/141 KB   8/8 KB   16/350 KB   32/162 KB   28/28 KB   32/141 KB   8/8 KB   20/350 KB   32/162 KB   28/28 KB   32/141 KB   8/8 KB   24/350 KB   32/162 KB   28/28 KB   32/141 KB   8/8 KB   28/350 KB   32/162 KB   28/28 KB   32/141 KB   8/8 KB   32/350 KB   32/162 KB   28/28 KB                                                           Downloaded: https://repo.maven.apache.org/maven2/org/codehaus/plexus/plexus-velocity/1.1.7/plexus-velocity-1.1.7.jar (8 KB at 45.4 KB/sec)
Downloading: https://repo.maven.apache.org/maven2/commons-lang/commons-lang/2.4/commons-lang-2.4.jar
36/141 KB   32/350 KB   32/162 KB   28/28 KB            40/141 KB   32/350 KB   32/162 KB   28/28 KB   44/141 KB   32/350 KB   32/162 KB   28/28 KB   48/141 KB   32/350 KB   32/162 KB   28/28 KB   48/141 KB   36/350 KB   32/162 KB   28/28 KB   48/141 KB   40/350 KB   36/162 KB   28/28 KB   48/141 KB   44/350 KB   36/162 KB   28/28 KB   48/141 KB   48/350 KB   36/162 KB   28/28 KB   52/141 KB   48/350 KB   36/162 KB   28/28 KB   56/141 KB   48/350 KB   36/162 KB   28/28 KB   60/141 KB   48/350 KB   36/162 KB   28/28 KB   64/141 KB   48/350 KB   36/162 KB   28/28 KB   48/141 KB   36/350 KB   36/162 KB   28/28 KB   64/141 KB   48/350 KB   40/162 KB   28/28 KB   64/141 KB   48/350 KB   44/162 KB   28/28 KB   64/141 KB   48/350 KB   48/162 KB   28/28 KB   64/141 KB   48/350 KB   52/162 KB   28/28 KB   64/141 KB   52/350 KB   56/162 KB   64/141 KB   52/350 KB   59/162 KB   64/141 KB   52/350 KB   63/162 KB   64/141 KB   4/256 KB   52/350 KB   63/162 KB   64/141 KB   8/256 KB   52/350 KB   63/162 KB   64/141 KB   12/256 KB   52/350 KB   63/162 KB   64/141 KB   16/256 KB   52/350 KB   63/162 KB   64/141 KB   16/256 KB   52/350 KB   67/162 KB   64/141 KB   52/350 KB   52/162 KB                                                             Downloaded: https://repo.maven.apache.org/maven2/org/apache/maven/shared/maven-invoker/2.0.9/maven-invoker-2.0.9.jar (28 KB at 102.7 KB/sec)
Downloading: https://repo.maven.apache.org/maven2/commons-io/commons-io/2.2/commons-io-2.2.jar
68/141 KB   16/256 KB   52/350 KB   67/162 KB   72/141 KB   16/256 KB   52/350 KB   67/162 KB   76/141 KB   16/256 KB   52/350 KB   67/162 KB   80/141 KB   16/256 KB   52/350 KB   67/162 KB   84/141 KB   16/256 KB   52/350 KB   67/162 KB   88/141 KB   16/256 KB   56/350 KB   71/162 KB   92/141 KB   16/256 KB   56/350 KB   71/162 KB   96/141 KB   16/256 KB   56/350 KB   71/162 KB   84/141 KB   16/256 KB   56/350 KB   67/162 KB   96/141 KB   16/256 KB   60/350 KB   71/162 KB   96/141 KB   16/256 KB   64/350 KB   71/162 KB   96/141 KB   20/256 KB   64/350 KB   71/162 KB   96/141 KB   24/256 KB   64/350 KB   71/162 KB   96/141 KB   28/256 KB   64/350 KB   71/162 KB   96/141 KB   32/256 KB   64/350 KB   71/162 KB   84/141 KB   16/256 KB   56/350 KB   71/162 KB   96/141 KB   32/256 KB   64/350 KB   75/162 KB   96/141 KB   32/256 KB   64/350 KB   79/162 KB   1/170 KB   96/141 KB   32/256 KB   64/350 KB   79/162 KB   5/170 KB   96/141 KB   36/256 KB   64/350 KB   79/162 KB   1/170 KB   96/141 KB   36/256 KB   64/350 KB   79/162 KB   9/170 KB   96/141 KB   36/256 KB   64/350 KB   79/162 KB   9/170 KB   96/141 KB   40/256 KB   64/350 KB   79/162 KB   13/170 KB   96/141 KB   40/256 KB   64/350 KB   79/162 KB   17/170 KB   96/141 KB   40/256 KB   64/350 KB   79/162 KB   17/170 KB   96/141 KB   44/256 KB   64/350 KB   79/162 KB   17/170 KB   96/141 KB   48/256 KB   64/350 KB   79/162 KB   17/170 KB   96/141 KB   52/256 KB   64/350 KB   79/162 KB   17/170 KB   96/141 KB   56/256 KB   64/350 KB   79/162 KB   17/170 KB   96/141 KB   60/256 KB   64/350 KB   79/162 KB   21/170 KB   100/141 KB   60/256 KB   68/350 KB   83/162 KB   17/170 KB   100/141 KB   60/256 KB   68/350 KB   83/162 KB   21/170 KB   100/141 KB   60/256 KB   72/350 KB   83/162 KB   21/170 KB   100/141 KB   64/256 KB   76/350 KB   83/162 KB   25/170 KB   100/141 KB   64/256 KB   76/350 KB   83/162 KB   29/170 KB   100/141 KB   64/256 KB   76/350 KB   83/162 KB   33/170 KB   100/141 KB   64/256 KB   76/350 KB   83/162 KB   37/170 KB   100/141 KB   68/256 KB   76/350 KB   83/162 KB   37/170 KB   100/141 KB   72/256 KB   76/350 KB   83/162 KB   37/170 KB   100/141 KB   76/256 KB   76/350 KB   83/162 KB   17/170 KB   100/141 KB   60/256 KB   64/350 KB   83/162 KB   37/170 KB   100/141 KB   80/256 KB   76/350 KB   83/162 KB   17/170 KB   96/141 KB   60/256 KB   64/350 KB   83/162 KB   37/170 KB   104/141 KB   80/256 KB   76/350 KB   87/162 KB   37/170 KB   104/141 KB   80/256 KB   76/350 KB   91/162 KB   37/170 KB   104/141 KB   80/256 KB   76/350 KB   95/162 KB   37/170 KB   104/141 KB   84/256 KB   76/350 KB   95/162 KB   37/170 KB   104/141 KB   80/256 KB   76/350 KB   83/162 KB   37/170 KB   108/141 KB   84/256 KB   76/350 KB   99/162 KB   37/170 KB   112/141 KB   88/256 KB   76/350 KB   99/162 KB   37/170 KB   116/141 KB   88/256 KB   76/350 KB   99/162 KB   37/170 KB   100/141 KB   68/256 KB   76/350 KB   83/162 KB   21/170 KB   100/141 KB   64/256 KB   76/350 KB   83/162 KB   37/170 KB   108/141 KB   88/256 KB   76/350 KB   99/162 KB   37/170 KB   116/141 KB   88/256 KB   80/350 KB   99/162 KB   37/170 KB   116/141 KB   92/256 KB   80/350 KB   99/162 KB   37/170 KB   116/141 KB   96/256 KB   80/350 KB   99/162 KB   37/170 KB   116/141 KB   100/256 KB   80/350 KB   99/162 KB   37/170 KB   116/141 KB   104/256 KB   80/350 KB   99/162 KB   37/170 KB   116/141 KB   104/256 KB   84/350 KB   99/162 KB   37/170 KB   116/141 KB   108/256 KB   88/350 KB   99/162 KB   41/170 KB   116/141 KB   108/256 KB   88/350 KB   99/162 KB   41/170 KB   116/141 KB   112/256 KB   88/350 KB   99/162 KB   45/170 KB   120/141 KB   112/256 KB   88/350 KB   99/162 KB   45/170 KB   124/141 KB   112/256 KB   88/350 KB   99/162 KB   37/170 KB   104/141 KB   84/256 KB   76/350 KB   99/162 KB   45/170 KB   128/141 KB   112/256 KB   88/350 KB   99/162 KB   45/170 KB   116/141 KB   112/256 KB   88/350 KB   99/162 KB   49/170 KB   128/141 KB   112/256 KB   88/350 KB   99/162 KB   49/170 KB   128/141 KB   112/256 KB   88/350 KB   103/162 KB   49/170 KB   128/141 KB   116/256 KB   88/350 KB   107/162 KB   49/170 KB   128/141 KB   116/256 KB   88/350 KB   111/162 KB   53/170 KB   128/141 KB   116/256 KB   88/350 KB   111/162 KB   37/170 KB   116/141 KB   108/256 KB   88/350 KB   99/162 KB   53/170 KB   132/141 KB   116/256 KB   92/350 KB   115/162 KB   53/170 KB   132/141 KB   116/256 KB   96/350 KB   115/162 KB   53/170 KB   132/141 KB   116/256 KB   100/350 KB   115/162 KB   53/170 KB   132/141 KB   116/256 KB   104/350 KB   115/162 KB   53/170 KB   132/141 KB   116/256 KB   108/350 KB   115/162 KB   53/170 KB   132/141 KB   116/256 KB   112/350 KB   115/162 KB   57/170 KB   132/141 KB   116/256 KB   112/350 KB   115/162 KB   61/170 KB   132/141 KB   116/256 KB   112/350 KB   115/162 KB   65/170 KB   132/141 KB   116/256 KB   112/350 KB   115/162 KB   69/170 KB   132/141 KB   116/256 KB   112/350 KB   115/162 KB   53/170 KB   132/141 KB   116/256 KB   88/350 KB   115/162 KB   53/170 KB   128/141 KB   116/256 KB   88/350 KB   115/162 KB   69/170 KB   132/141 KB   116/256 KB   116/350 KB   119/162 KB   49/170 KB   128/141 KB   116/256 KB   88/350 KB   103/162 KB   69/170 KB   132/141 KB   120/256 KB   116/350 KB   119/162 KB   69/170 KB   132/141 KB   124/256 KB   116/350 KB   119/162 KB   69/170 KB   132/141 KB   128/256 KB   116/350 KB   119/162 KB   69/170 KB   132/141 KB   128/256 KB   116/350 KB   123/162 KB   69/170 KB   132/141 KB   128/256 KB   116/350 KB   127/162 KB   69/170 KB   136/141 KB   128/256 KB   116/350 KB   127/162 KB   69/170 KB   140/141 KB   128/256 KB   116/350 KB   127/162 KB   69/170 KB   141/141 KB   128/256 KB   116/350 KB   127/162 KB   69/170 KB   141/141 KB   132/256 KB   116/350 KB   127/162 KB   69/170 KB   141/141 KB   136/256 KB   116/350 KB   127/162 KB   69/170 KB   141/141 KB   140/256 KB   116/350 KB   127/162 KB   69/170 KB   141/141 KB   144/256 KB   116/350 KB   127/162 KB   69/170 KB   132/141 KB   116/256 KB   116/350 KB   115/162 KB   69/170 KB   141/141 KB   144/256 KB   120/350 KB   127/162 KB   69/170 KB   141/141 KB   144/256 KB   124/350 KB   127/162 KB   69/170 KB   141/141 KB   144/256 KB   128/350 KB   127/162 KB   73/170 KB   141/141 KB   144/256 KB   128/350 KB   127/162 KB   77/170 KB   141/141 KB   144/256 KB   128/350 KB   127/162 KB   81/170 KB   141/141 KB   144/256 KB   128/350 KB   127/162 KB                                                                   Downloaded: https://repo.maven.apache.org/maven2/commons-digester/commons-digester/1.8/commons-digester-1.8.jar (141 KB at 345.4 KB/sec)
Downloading: https://repo.maven.apache.org/maven2/org/apache/httpcomponents/httpclient/4.2.3/httpclient-4.2.3.jar
81/170 KB   144/256 KB   128/350 KB   131/162 KB                81/170 KB   148/256 KB   128/350 KB   135/162 KB   81/170 KB   148/256 KB   128/350 KB   139/162 KB   81/170 KB   148/256 KB   128/350 KB   143/162 KB   81/170 KB   148/256 KB   128/350 KB   147/162 KB   81/170 KB   148/256 KB   128/350 KB   131/162 KB   85/170 KB   152/256 KB   132/350 KB   147/162 KB   85/170 KB   156/256 KB   132/350 KB   147/162 KB   85/170 KB   160/256 KB   132/350 KB   147/162 KB   85/170 KB   4/423 KB   160/256 KB   132/350 KB   147/162 KB   85/170 KB   8/423 KB   160/256 KB   132/350 KB   147/162 KB   85/170 KB   12/423 KB   160/256 KB   132/350 KB   147/162 KB   85/170 KB   16/423 KB   164/256 KB   132/350 KB   147/162 KB   85/170 KB   148/256 KB   132/350 KB   147/162 KB   89/170 KB   16/423 KB   164/256 KB   132/350 KB   147/162 KB   93/170 KB   16/423 KB   164/256 KB   132/350 KB   147/162 KB   97/170 KB   16/423 KB   164/256 KB   132/350 KB   147/162 KB   101/170 KB   16/423 KB   164/256 KB   132/350 KB   147/162 KB   81/170 KB   148/256 KB   132/350 KB   147/162 KB   101/170 KB   20/423 KB   164/256 KB   136/350 KB   151/162 KB   101/170 KB   20/423 KB   164/256 KB   140/350 KB   151/162 KB   101/170 KB   20/423 KB   164/256 KB   144/350 KB   151/162 KB   101/170 KB   20/423 KB   164/256 KB   132/350 KB   151/162 KB   101/170 KB   20/423 KB   164/256 KB   144/350 KB   155/162 KB   101/170 KB   20/423 KB   164/256 KB   144/350 KB   159/162 KB   101/170 KB   20/423 KB   164/256 KB   144/350 KB   162/162 KB   101/170 KB   20/423 KB   164/256 KB   148/350 KB   162/162 KB   105/170 KB   20/423 KB   164/256 KB   152/350 KB   162/162 KB   105/170 KB   20/423 KB   164/256 KB   156/350 KB   162/162 KB   105/170 KB   20/423 KB   164/256 KB   160/350 KB   162/162 KB   101/170 KB   20/423 KB   164/256 KB   132/350 KB   147/162 KB   105/170 KB   24/423 KB   164/256 KB   160/350 KB   162/162 KB   105/170 KB   28/423 KB   164/256 KB   160/350 KB   162/162 KB   105/170 KB   32/423 KB   164/256 KB   160/350 KB   162/162 KB   85/170 KB   12/423 KB   164/256 KB   132/350 KB   147/162 KB   105/170 KB   32/423 KB   168/256 KB   160/350 KB   162/162 KB   105/170 KB   32/423 KB   172/256 KB   160/350 KB   162/162 KB   105/170 KB   32/423 KB   176/256 KB   160/350 KB   162/162 KB   105/170 KB   32/423 KB   180/256 KB   160/350 KB   162/162 KB   105/170 KB   20/423 KB   164/256 KB   148/350 KB   162/162 KB   109/170 KB   32/423 KB   180/256 KB   164/350 KB   162/162 KB   113/170 KB   32/423 KB   180/256 KB   164/350 KB   162/162 KB   117/170 KB   32/423 KB   180/256 KB   164/350 KB   162/162 KB   121/170 KB   36/423 KB   184/256 KB   164/350 KB   125/170 KB   36/423 KB   184/256 KB   164/350 KB   129/170 KB   36/423 KB   184/256 KB   164/350 KB   133/170 KB   36/423 KB   184/256 KB   164/350 KB   105/170 KB   32/423 KB   180/256 KB   164/350 KB   162/162 KB   133/170 KB   36/423 KB   184/256 KB   168/350 KB   133/170 KB   36/423 KB   184/256 KB   172/350 KB   133/170 KB   36/423 KB   184/256 KB   176/350 KB   133/170 KB   36/423 KB   184/256 KB   180/350 KB   117/170 KB   36/423 KB   184/256 KB   164/350 KB                137/170 KB   40/423 KB   184/256 KB   180/350 KB   137/170 KB   44/423 KB   184/256 KB   180/350 KB   137/170 KB   48/423 KB   184/256 KB   180/350 KB                                                                   Downloaded: https://repo.maven.apache.org/maven2/org/apache/maven/doxia/doxia-core/1.4/doxia-core-1.4.jar (162 KB at 296.0 KB/sec)
Downloading: https://repo.maven.apache.org/maven2/org/apache/httpcomponents/httpcore/4.2.2/httpcore-4.2.2.jar
117/170 KB   32/423 KB   184/256 KB   164/350 KB   162/162 KB   137/170 KB   48/423 KB   188/256 KB   180/350 KB   137/170 KB   48/423 KB   192/256 KB   180/350 KB   137/170 KB   52/423 KB   192/256 KB   180/350 KB   137/170 KB   56/423 KB   196/256 KB   180/350 KB   137/170 KB   60/423 KB   196/256 KB   184/350 KB   137/170 KB   64/423 KB   196/256 KB   184/350 KB   137/170 KB   68/423 KB   196/256 KB   184/350 KB   137/170 KB   36/423 KB   184/256 KB   180/350 KB   141/170 KB   68/423 KB   196/256 KB   184/350 KB   145/170 KB   68/423 KB   196/256 KB   184/350 KB   149/170 KB   68/423 KB   196/256 KB   184/350 KB   137/170 KB   56/423 KB   196/256 KB   184/350 KB   137/170 KB   52/423 KB   196/256 KB   180/350 KB   149/170 KB   68/423 KB   200/256 KB   184/350 KB   4/219 KB   149/170 KB   68/423 KB   204/256 KB   184/350 KB   4/219 KB   149/170 KB   68/423 KB   208/256 KB   184/350 KB   4/219 KB   149/170 KB   68/423 KB   208/256 KB   188/350 KB   4/219 KB   149/170 KB   68/423 KB   208/256 KB   192/350 KB   4/219 KB   149/170 KB   68/423 KB   212/256 KB   192/350 KB   4/219 KB   149/170 KB   68/423 KB   216/256 KB   196/350 KB   4/219 KB   149/170 KB   68/423 KB   220/256 KB   196/350 KB   4/219 KB   149/170 KB   68/423 KB   224/256 KB   196/350 KB   4/219 KB   149/170 KB   68/423 KB   228/256 KB   196/350 KB   4/219 KB   149/170 KB   68/423 KB   196/256 KB   184/350 KB   4/219 KB   153/170 KB   72/423 KB   228/256 KB   196/350 KB   8/219 KB   153/170 KB   72/423 KB   228/256 KB   196/350 KB   12/219 KB   153/170 KB   72/423 KB   228/256 KB   196/350 KB   16/219 KB   153/170 KB   72/423 KB   228/256 KB   196/350 KB   20/219 KB   153/170 KB   72/423 KB   232/256 KB   196/350 KB   24/219 KB   153/170 KB   72/423 KB   232/256 KB   196/350 KB   28/219 KB   153/170 KB   72/423 KB   232/256 KB   196/350 KB   32/219 KB   153/170 KB   72/423 KB   232/256 KB   196/350 KB   36/219 KB   153/170 KB   72/423 KB   228/256 KB   196/350 KB   4/219 KB   153/170 KB   76/423 KB   232/256 KB   196/350 KB   36/219 KB   153/170 KB   80/423 KB   232/256 KB   196/350 KB   36/219 KB   153/170 KB   68/423 KB   228/256 KB   196/350 KB   4/219 KB   157/170 KB   80/423 KB   232/256 KB   196/350 KB   36/219 KB   161/170 KB   80/423 KB   232/256 KB   196/350 KB   36/219 KB   165/170 KB   80/423 KB   232/256 KB   196/350 KB   36/219 KB   169/170 KB   80/423 KB   232/256 KB   196/350 KB   36/219 KB   170/170 KB   80/423 KB   232/256 KB   196/350 KB   36/219 KB   149/170 KB   68/423 KB   212/256 KB   196/350 KB   4/219 KB   170/170 KB   80/423 KB   232/256 KB   200/350 KB   36/219 KB   170/170 KB   80/423 KB   232/256 KB   204/350 KB   36/219 KB   170/170 KB   80/423 KB   232/256 KB   208/350 KB   36/219 KB   153/170 KB   72/423 KB   232/256 KB   196/350 KB   20/219 KB   170/170 KB   80/423 KB   236/256 KB   208/350 KB   36/219 KB   170/170 KB   80/423 KB   240/256 KB   208/350 KB   36/219 KB   170/170 KB   80/423 KB   244/256 KB   208/350 KB   36/219 KB   170/170 KB   84/423 KB   248/256 KB   212/350 KB   36/219 KB   170/170 KB   84/423 KB   252/256 KB   212/350 KB   36/219 KB   170/170 KB   84/423 KB   256/256 KB   212/350 KB   36/219 KB   170/170 KB   84/423 KB   256/256 KB   212/350 KB   40/219 KB   170/170 KB   84/423 KB   244/256 KB   212/350 KB   36/219 KB   170/170 KB   84/423 KB   256/256 KB   216/350 KB   40/219 KB   170/170 KB   84/423 KB   256/256 KB   220/350 KB   44/219 KB   170/170 KB   84/423 KB   256/256 KB   224/350 KB   44/219 KB   170/170 KB   84/423 KB   256/256 KB   228/350 KB   44/219 KB   170/170 KB   84/423 KB   244/256 KB   208/350 KB   36/219 KB   170/170 KB   84/423 KB   256/256 KB   216/350 KB   44/219 KB   170/170 KB   88/423 KB   256/256 KB   228/350 KB   44/219 KB   170/170 KB   92/423 KB   256/256 KB   228/350 KB   44/219 KB   170/170 KB   92/423 KB   256/256 KB   228/350 KB   48/219 KB   170/170 KB   84/423 KB   256/256 KB   212/350 KB   40/219 KB   170/170 KB   96/423 KB   256/256 KB   232/350 KB   48/219 KB   170/170 KB   96/423 KB   256/256 KB   228/350 KB   48/219 KB                                                                  Downloaded: https://repo.maven.apache.org/maven2/commons-io/commons-io/2.2/commons-io-2.2.jar (170 KB at 270.8 KB/sec)
Downloading: https://repo.maven.apache.org/maven2/commons-codec/commons-codec/1.6/commons-codec-1.6.jar
96/423 KB   256/256 KB   232/350 KB   52/219 KB                96/423 KB   256/256 KB   232/350 KB   56/219 KB   96/423 KB   256/256 KB   232/350 KB   60/219 KB   96/423 KB   256/256 KB   232/350 KB   63/219 KB                                                     Downloaded: https://repo.maven.apache.org/maven2/commons-lang/commons-lang/2.4/commons-lang-2.4.jar (256 KB at 400.7 KB/sec)
Downloading: https://repo.maven.apache.org/maven2/log4j/log4j/1.2.14/log4j-1.2.14.jar
100/423 KB   232/350 KB   63/219 KB               104/423 KB   232/350 KB   63/219 KB   108/423 KB   232/350 KB   63/219 KB   112/423 KB   232/350 KB   63/219 KB   112/423 KB   236/350 KB   63/219 KB   112/423 KB   240/350 KB   63/219 KB   112/423 KB   240/350 KB   67/219 KB   112/423 KB   240/350 KB   71/219 KB   112/423 KB   240/350 KB   75/219 KB   112/423 KB   240/350 KB   79/219 KB   112/423 KB   244/350 KB   79/219 KB   112/423 KB   244/350 KB   83/219 KB   112/423 KB   244/350 KB   87/219 KB   112/423 KB   244/350 KB   91/219 KB   112/423 KB   244/350 KB   95/219 KB   112/423 KB   244/350 KB   99/219 KB   112/423 KB   248/350 KB   103/219 KB   112/423 KB   248/350 KB   107/219 KB   112/423 KB   248/350 KB   111/219 KB   112/423 KB   248/350 KB   115/219 KB   112/423 KB   248/350 KB   99/219 KB   112/423 KB   252/350 KB   115/219 KB   112/423 KB   256/350 KB   115/219 KB   112/423 KB   4/359 KB   256/350 KB   115/219 KB   112/423 KB   8/359 KB   256/350 KB   115/219 KB   112/423 KB   12/359 KB   256/350 KB   115/219 KB   112/423 KB   16/359 KB   256/350 KB   115/219 KB   112/423 KB   16/359 KB   260/350 KB   115/219 KB   112/423 KB   16/359 KB   264/350 KB   115/219 KB   112/423 KB   16/359 KB   268/350 KB   115/219 KB   112/423 KB   16/359 KB   272/350 KB   115/219 KB   112/423 KB   20/359 KB   272/350 KB   115/219 KB   112/423 KB   24/359 KB   272/350 KB   115/219 KB   112/423 KB   28/359 KB   272/350 KB   115/219 KB   112/423 KB   32/359 KB   272/350 KB   115/219 KB   112/423 KB   32/359 KB   276/350 KB   115/219 KB   112/423 KB   36/359 KB   4/228 KB   280/350 KB   119/219 KB   112/423 KB   36/359 KB   4/228 KB   284/350 KB   119/219 KB   112/423 KB   36/359 KB   4/228 KB   288/350 KB   119/219 KB   116/423 KB   36/359 KB   4/228 KB   288/350 KB   119/219 KB   112/423 KB   36/359 KB   4/228 KB   276/350 KB   119/219 KB   112/423 KB   32/359 KB   4/228 KB   276/350 KB   119/219 KB   120/423 KB   36/359 KB   8/228 KB   288/350 KB   119/219 KB   120/423 KB   36/359 KB   12/228 KB   288/350 KB   119/219 KB   120/423 KB   36/359 KB   16/228 KB   288/350 KB   119/219 KB   120/423 KB   36/359 KB   20/228 KB   288/350 KB   119/219 KB   120/423 KB   36/359 KB   24/228 KB   288/350 KB   119/219 KB   120/423 KB   36/359 KB   28/228 KB   288/350 KB   119/219 KB   120/423 KB   36/359 KB   32/228 KB   288/350 KB   119/219 KB   120/423 KB   36/359 KB   36/228 KB   288/350 KB   119/219 KB   112/423 KB   32/359 KB   276/350 KB   119/219 KB   120/423 KB   40/359 KB   36/228 KB   292/350 KB   123/219 KB   120/423 KB   40/359 KB   36/228 KB   292/350 KB   127/219 KB   120/423 KB   40/359 KB   36/228 KB   292/350 KB   131/219 KB   120/423 KB   40/359 KB   40/228 KB   292/350 KB   135/219 KB   120/423 KB   40/359 KB   40/228 KB   292/350 KB   139/219 KB   120/423 KB   40/359 KB   40/228 KB   292/350 KB   143/219 KB   120/423 KB   40/359 KB   40/228 KB   292/350 KB   147/219 KB   120/423 KB   40/359 KB   36/228 KB   292/350 KB   119/219 KB   120/423 KB   40/359 KB   36/228 KB   288/350 KB   119/219 KB   120/423 KB   36/359 KB   4/228 KB   288/350 KB   119/219 KB   120/423 KB   40/359 KB   40/228 KB   292/350 KB   131/219 KB   120/423 KB   44/359 KB   40/228 KB   292/350 KB   147/219 KB   120/423 KB   44/359 KB   44/228 KB   292/350 KB   147/219 KB   120/423 KB   48/359 KB   44/228 KB   292/350 KB   147/219 KB   120/423 KB   48/359 KB   48/228 KB   292/350 KB   147/219 KB   120/423 KB   52/359 KB   48/228 KB   292/350 KB   147/219 KB   120/423 KB   52/359 KB   52/228 KB   296/350 KB   147/219 KB   120/423 KB   56/359 KB   52/228 KB   296/350 KB   151/219 KB   120/423 KB   52/359 KB   48/228 KB   296/350 KB   147/219 KB   120/423 KB   56/359 KB   52/228 KB   296/350 KB   155/219 KB   120/423 KB   56/359 KB   52/228 KB   296/350 KB   147/219 KB   120/423 KB   60/359 KB   52/228 KB   296/350 KB   155/219 KB   120/423 KB   60/359 KB   52/228 KB   300/350 KB   155/219 KB   120/423 KB   64/359 KB   52/228 KB   300/350 KB   159/219 KB   120/423 KB   64/359 KB   52/228 KB   300/350 KB   155/219 KB   120/423 KB   64/359 KB   52/228 KB   304/350 KB   159/219 KB   120/423 KB   64/359 KB   52/228 KB   304/350 KB   163/219 KB   120/423 KB   64/359 KB   52/228 KB   304/350 KB   167/219 KB   120/423 KB   64/359 KB   52/228 KB   304/350 KB   171/219 KB   120/423 KB   64/359 KB   52/228 KB   304/350 KB   175/219 KB   120/423 KB   64/359 KB   52/228 KB   304/350 KB   179/219 KB   120/423 KB   64/359 KB   52/228 KB   304/350 KB   183/219 KB   120/423 KB   64/359 KB   52/228 KB   304/350 KB   187/219 KB   120/423 KB   64/359 KB   52/228 KB   308/350 KB   187/219 KB   124/423 KB   68/359 KB   56/228 KB   312/350 KB   187/219 KB   124/423 KB   68/359 KB   56/228 KB   316/350 KB   187/219 KB   124/423 KB   68/359 KB   56/228 KB   320/350 KB   187/219 KB   120/423 KB   64/359 KB   56/228 KB   308/350 KB   187/219 KB   124/423 KB   68/359 KB   60/228 KB   320/350 KB   187/219 KB   124/423 KB   68/359 KB   64/228 KB   320/350 KB   187/219 KB   124/423 KB   68/359 KB   64/228 KB   320/350 KB   191/219 KB   124/423 KB   68/359 KB   68/228 KB   320/350 KB   191/219 KB   124/423 KB   68/359 KB   56/228 KB   308/350 KB   187/219 KB   124/423 KB   64/359 KB   56/228 KB   308/350 KB   187/219 KB   128/423 KB   68/359 KB   72/228 KB   320/350 KB   195/219 KB   128/423 KB   72/359 KB   72/228 KB   324/350 KB   195/219 KB   128/423 KB   72/359 KB   72/228 KB   328/350 KB   195/219 KB   128/423 KB   72/359 KB   72/228 KB   332/350 KB   195/219 KB   132/423 KB   72/359 KB   72/228 KB   332/350 KB   195/219 KB   136/423 KB   72/359 KB   72/228 KB   336/350 KB   195/219 KB   140/423 KB   72/359 KB   72/228 KB   336/350 KB   195/219 KB   144/423 KB   72/359 KB   72/228 KB   336/350 KB   195/219 KB   148/423 KB   72/359 KB   72/228 KB   336/350 KB   195/219 KB   124/423 KB   68/359 KB   72/228 KB   320/350 KB   195/219 KB   124/423 KB   68/359 KB   68/228 KB   320/350 KB   195/219 KB   148/423 KB   72/359 KB   76/228 KB   336/350 KB   195/219 KB   148/423 KB   72/359 KB   76/228 KB   336/350 KB   199/219 KB   148/423 KB   72/359 KB   80/228 KB   336/350 KB   199/219 KB   132/423 KB   72/359 KB   72/228 KB   336/350 KB   195/219 KB   128/423 KB   72/359 KB   72/228 KB   320/350 KB   195/219 KB   148/423 KB   76/359 KB   80/228 KB   336/350 KB   203/219 KB   148/423 KB   80/359 KB   80/228 KB   336/350 KB   203/219 KB   148/423 KB   80/359 KB   84/228 KB   336/350 KB   203/219 KB   148/423 KB   84/359 KB   84/228 KB   336/350 KB   203/219 KB   148/423 KB   72/359 KB   80/228 KB   336/350 KB   203/219 KB   148/423 KB   84/359 KB   88/228 KB   336/350 KB   203/219 KB   148/423 KB   84/359 KB   88/228 KB   336/350 KB   207/219 KB   148/423 KB   88/359 KB   88/228 KB   336/350 KB   207/219 KB   152/423 KB   92/359 KB   92/228 KB   340/350 KB   211/219 KB   152/423 KB   96/359 KB   92/228 KB   340/350 KB   211/219 KB   148/423 KB   88/359 KB   88/228 KB   336/350 KB   211/219 KB   152/423 KB   96/359 KB   92/228 KB   340/350 KB   215/219 KB   152/423 KB   96/359 KB   92/228 KB   340/350 KB   219/219 KB   152/423 KB   100/359 KB   92/228 KB   340/350 KB   219/219 KB   152/423 KB   104/359 KB   92/228 KB   340/350 KB   219/219 KB   152/423 KB   108/359 KB   92/228 KB   340/350 KB   219/219 KB   152/423 KB   112/359 KB   92/228 KB   340/350 KB   219/219 KB   152/423 KB   88/359 KB   92/228 KB   340/350 KB   211/219 KB   152/423 KB   112/359 KB   92/228 KB   344/350 KB   219/219 KB   152/423 KB   112/359 KB   92/228 KB   348/350 KB   219/219 KB   152/423 KB   112/359 KB   92/228 KB   350/350 KB   219/219 KB   152/423 KB   88/359 KB   92/228 KB   336/350 KB   211/219 KB   148/423 KB   88/359 KB   92/228 KB   336/350 KB   211/219 KB   156/423 KB   112/359 KB   92/228 KB   350/350 KB   219/219 KB   160/423 KB   112/359 KB   92/228 KB   350/350 KB   219/219 KB   160/423 KB   112/359 KB   96/228 KB   350/350 KB   219/219 KB   160/423 KB   112/359 KB   100/228 KB   350/350 KB   219/219 KB   164/423 KB   116/359 KB   104/228 KB   350/350 KB                164/423 KB   116/359 KB   108/228 KB   350/350 KB                                                                    164/423 KB   116/359 KB   100/228 KB   350/350 KB   219/219 KB   164/423 KB   120/359 KB   108/228 KB   350/350 KB   164/423 KB   124/359 KB   108/228 KB   350/350 KB   164/423 KB   128/359 KB   112/228 KB   350/350 KB   164/423 KB   112/359 KB   100/228 KB   350/350 KB   219/219 KB   168/423 KB   128/359 KB   112/228 KB   350/350 KB   172/423 KB   128/359 KB   112/228 KB   350/350 KB   176/423 KB   128/359 KB   112/228 KB   350/350 KB   176/423 KB   128/359 KB   116/228 KB   350/350 KB   176/423 KB   128/359 KB   120/228 KB   350/350 KB   176/423 KB   128/359 KB   124/228 KB   350/350 KB   176/423 KB   128/359 KB   128/228 KB   350/350 KB   180/423 KB   128/359 KB   128/228 KB   350/350 KB   164/423 KB   128/359 KB   112/228 KB   350/350 KB   Downloaded: https://repo.maven.apache.org/maven2/org/apache/httpcomponents/httpcore/4.2.2/httpcore-4.2.2.jar (219 KB at 271.6 KB/sec)
Downloading: https://repo.maven.apache.org/maven2/com/thoughtworks/qdox/qdox/1.12.1/qdox-1.12.1.jar
                                                    Downloaded: https://repo.maven.apache.org/maven2/antlr/antlr/2.7.2/antlr-2.7.2.jar (350 KB at 423.6 KB/sec)
Downloading: https://repo.maven.apache.org/maven2/org/codehaus/plexus/plexus-archiver/2.9/plexus-archiver-2.9.jar
180/423 KB   128/359 KB   132/228 KB                180/423 KB   128/359 KB   136/228 KB   180/423 KB   128/359 KB   140/228 KB   180/423 KB   128/359 KB   144/228 KB   180/423 KB   132/359 KB   144/228 KB   180/423 KB   136/359 KB   144/228 KB   180/423 KB   140/359 KB   144/228 KB   180/423 KB   144/359 KB   144/228 KB   180/423 KB   144/359 KB   148/228 KB   180/423 KB   144/359 KB   152/228 KB   180/423 KB   144/359 KB   156/228 KB   180/423 KB   144/359 KB   160/228 KB   180/423 KB   148/359 KB   160/228 KB   184/423 KB   148/359 KB   160/228 KB   188/423 KB   148/359 KB   160/228 KB   192/423 KB   148/359 KB   160/228 KB   192/423 KB   148/359 KB   164/228 KB   192/423 KB   148/359 KB   168/228 KB   192/423 KB   148/359 KB   172/228 KB   192/423 KB   148/359 KB   176/228 KB   192/423 KB   148/359 KB   180/228 KB   192/423 KB   148/359 KB   184/228 KB   192/423 KB   148/359 KB   188/228 KB   192/423 KB   148/359 KB   192/228 KB   192/423 KB   148/359 KB   196/228 KB   192/423 KB   148/359 KB   200/228 KB   192/423 KB   148/359 KB   204/228 KB   192/423 KB   148/359 KB   208/228 KB   196/423 KB   148/359 KB   208/228 KB   200/423 KB   152/359 KB   4/142 KB   4/176 KB   208/228 KB   196/423 KB   152/359 KB   4/142 KB   4/176 KB   208/228 KB   200/423 KB   156/359 KB   4/142 KB   4/176 KB   208/228 KB   200/423 KB   160/359 KB   4/142 KB   4/176 KB   208/228 KB   200/423 KB   160/359 KB   4/142 KB   4/176 KB   212/228 KB   200/423 KB   160/359 KB   4/142 KB   4/176 KB   216/228 KB   200/423 KB   160/359 KB   4/142 KB   4/176 KB   220/228 KB   200/423 KB   160/359 KB   4/142 KB   4/176 KB   224/228 KB   200/423 KB   160/359 KB   4/142 KB   4/176 KB   228/228 KB   196/423 KB   148/359 KB   4/142 KB   4/176 KB   208/228 KB   200/423 KB   160/359 KB   4/142 KB   8/176 KB   228/228 KB   200/423 KB   160/359 KB   4/142 KB   12/176 KB   228/228 KB   200/423 KB   160/359 KB   4/142 KB   16/176 KB   228/228 KB   200/423 KB   164/359 KB   4/142 KB   16/176 KB   228/228 KB   204/423 KB   168/359 KB   4/142 KB   16/176 KB   228/228 KB   204/423 KB   172/359 KB   4/142 KB   16/176 KB   228/228 KB   204/423 KB   176/359 KB   4/142 KB   16/176 KB   228/228 KB   204/423 KB   176/359 KB   4/142 KB   20/176 KB   228/228 KB   196/423 KB   148/359 KB   4/142 KB   208/228 KB   204/423 KB   164/359 KB   4/142 KB   16/176 KB   228/228 KB   204/423 KB   176/359 KB   8/142 KB   20/176 KB   228/228 KB   204/423 KB   176/359 KB   12/142 KB   20/176 KB   228/228 KB   208/423 KB   176/359 KB   12/142 KB   20/176 KB   228/228 KB   208/423 KB   176/359 KB   16/142 KB   20/176 KB   228/228 KB   208/423 KB   176/359 KB   20/142 KB   20/176 KB   228/228 KB   212/423 KB   176/359 KB   24/142 KB   24/176 KB   228/228 KB   212/423 KB   176/359 KB   28/142 KB   24/176 KB   228/228 KB   212/423 KB   176/359 KB   32/142 KB   24/176 KB   228/228 KB   212/423 KB   180/359 KB   32/142 KB   24/176 KB   228/228 KB   212/423 KB   184/359 KB   32/142 KB   24/176 KB   228/228 KB   212/423 KB   188/359 KB   32/142 KB   24/176 KB   228/228 KB   212/423 KB   192/359 KB   32/142 KB   24/176 KB   228/228 KB   212/423 KB   192/359 KB   36/142 KB   24/176 KB   228/228 KB   212/423 KB   176/359 KB   20/142 KB   24/176 KB   228/228 KB   212/423 KB   176/359 KB   20/142 KB   20/176 KB   228/228 KB   212/423 KB   192/359 KB   40/142 KB   28/176 KB   228/228 KB   216/423 KB   192/359 KB   40/142 KB   28/176 KB   228/228 KB   220/423 KB   192/359 KB   44/142 KB   28/176 KB   228/228 KB   224/423 KB   192/359 KB   44/142 KB   28/176 KB   228/228 KB   212/423 KB   192/359 KB   36/142 KB   28/176 KB   228/228 KB   228/423 KB   192/359 KB   44/142 KB   28/176 KB   228/228 KB   232/423 KB   192/359 KB   44/142 KB   28/176 KB   228/228 KB   236/423 KB   192/359 KB   44/142 KB   28/176 KB   228/228 KB   240/423 KB   192/359 KB   44/142 KB   28/176 KB   228/228 KB                                                                  216/423 KB   192/359 KB   44/142 KB   28/176 KB   228/228 KB   Downloaded: https://repo.maven.apache.org/maven2/commons-codec/commons-codec/1.6/commons-codec-1.6.jar (228 KB at 256.3 KB/sec)
Downloading: https://repo.maven.apache.org/maven2/org/codehaus/plexus/plexus-io/2.4/plexus-io-2.4.jar
240/423 KB   192/359 KB   44/142 KB   32/176 KB                240/423 KB   192/359 KB   48/142 KB   36/176 KB   240/423 KB   192/359 KB   48/142 KB   40/176 KB   240/423 KB   192/359 KB   48/142 KB   44/176 KB   244/423 KB   192/359 KB   48/142 KB   44/176 KB   248/423 KB   196/359 KB   48/142 KB   44/176 KB   252/423 KB   196/359 KB   48/142 KB   44/176 KB   256/423 KB   196/359 KB   48/142 KB   44/176 KB   240/423 KB   192/359 KB   48/142 KB   32/176 KB   244/423 KB   196/359 KB   48/142 KB   44/176 KB   256/423 KB   200/359 KB   48/142 KB   44/176 KB   256/423 KB   204/359 KB   48/142 KB   44/176 KB   256/423 KB   208/359 KB   48/142 KB   44/176 KB   256/423 KB   208/359 KB   48/142 KB   48/176 KB   256/423 KB   208/359 KB   48/142 KB   52/176 KB   256/423 KB   208/359 KB   48/142 KB   56/176 KB   256/423 KB   208/359 KB   48/142 KB   60/176 KB   256/423 KB   208/359 KB   48/142 KB   64/176 KB   256/423 KB   208/359 KB   48/142 KB   64/176 KB   4/80 KB   256/423 KB   208/359 KB   48/142 KB   64/176 KB   8/80 KB   256/423 KB   208/359 KB   48/142 KB   64/176 KB   12/80 KB   256/423 KB   208/359 KB   48/142 KB   64/176 KB   16/80 KB   256/423 KB   208/359 KB   48/142 KB   68/176 KB   16/80 KB   256/423 KB   212/359 KB   52/142 KB   68/176 KB   20/80 KB   256/423 KB   212/359 KB   56/142 KB   72/176 KB   20/80 KB   256/423 KB   212/359 KB   48/142 KB   68/176 KB   20/80 KB   256/423 KB   212/359 KB   48/142 KB   68/176 KB   16/80 KB   256/423 KB   216/359 KB   60/142 KB   72/176 KB   24/80 KB   256/423 KB   220/359 KB   60/142 KB   72/176 KB   24/80 KB   256/423 KB   224/359 KB   60/142 KB   72/176 KB   24/80 KB   260/423 KB   224/359 KB   60/142 KB   72/176 KB   24/80 KB   256/423 KB   212/359 KB   60/142 KB   72/176 KB   24/80 KB   256/423 KB   212/359 KB   60/142 KB   72/176 KB   20/80 KB   256/423 KB   212/359 KB   52/142 KB   72/176 KB   20/80 KB   264/423 KB   224/359 KB   62/142 KB   72/176 KB   24/80 KB   264/423 KB   224/359 KB   62/142 KB   76/176 KB   24/80 KB   264/423 KB   224/359 KB   62/142 KB   80/176 KB   24/80 KB   264/423 KB   224/359 KB   66/142 KB   80/176 KB   24/80 KB   264/423 KB   224/359 KB   70/142 KB   80/176 KB   24/80 KB   264/423 KB   224/359 KB   70/142 KB   80/176 KB   28/80 KB   264/423 KB   224/359 KB   60/142 KB   72/176 KB   24/80 KB   264/423 KB   224/359 KB   74/142 KB   80/176 KB   28/80 KB   264/423 KB   224/359 KB   78/142 KB   80/176 KB   28/80 KB   264/423 KB   224/359 KB   78/142 KB   80/176 KB   32/80 KB   264/423 KB   224/359 KB   78/142 KB   80/176 KB   36/80 KB   268/423 KB   224/359 KB   82/142 KB   84/176 KB   40/80 KB   268/423 KB   224/359 KB   82/142 KB   84/176 KB   44/80 KB   268/423 KB   224/359 KB   82/142 KB   84/176 KB   48/80 KB   268/423 KB   228/359 KB   82/142 KB   84/176 KB   48/80 KB   268/423 KB   232/359 KB   82/142 KB   84/176 KB   48/80 KB   268/423 KB   236/359 KB   82/142 KB   84/176 KB   48/80 KB   268/423 KB   240/359 KB   82/142 KB   84/176 KB   48/80 KB   268/423 KB   240/359 KB   82/142 KB   84/176 KB   52/80 KB   268/423 KB   224/359 KB   82/142 KB   84/176 KB   36/80 KB   268/423 KB   240/359 KB   82/142 KB   88/176 KB   52/80 KB   268/423 KB   240/359 KB   82/142 KB   92/176 KB   52/80 KB   268/423 KB   240/359 KB   82/142 KB   96/176 KB   52/80 KB   268/423 KB   224/359 KB   82/142 KB   80/176 KB   36/80 KB   272/423 KB   240/359 KB   82/142 KB   96/176 KB   52/80 KB   272/423 KB   244/359 KB   82/142 KB   96/176 KB   52/80 KB   272/423 KB   248/359 KB   82/142 KB   96/176 KB   52/80 KB   272/423 KB   252/359 KB   82/142 KB   96/176 KB   52/80 KB   272/423 KB   256/359 KB   82/142 KB   96/176 KB   52/80 KB   276/423 KB   256/359 KB   82/142 KB   96/176 KB   52/80 KB   264/423 KB   224/359 KB   82/142 KB   80/176 KB   36/80 KB   276/423 KB   256/359 KB   86/142 KB   96/176 KB   52/80 KB   276/423 KB   256/359 KB   90/142 KB   96/176 KB   52/80 KB   276/423 KB   256/359 KB   94/142 KB   96/176 KB   52/80 KB   276/423 KB   260/359 KB   94/142 KB   96/176 KB   52/80 KB   276/423 KB   264/359 KB   94/142 KB   96/176 KB   52/80 KB   276/423 KB   268/359 KB   94/142 KB   96/176 KB   52/80 KB   276/423 KB   272/359 KB   94/142 KB   96/176 KB   52/80 KB   276/423 KB   272/359 KB   98/142 KB   96/176 KB   52/80 KB   280/423 KB   276/359 KB   102/142 KB   100/176 KB   52/80 KB   280/423 KB   276/359 KB   106/142 KB   100/176 KB   52/80 KB   280/423 KB   276/359 KB   110/142 KB   100/176 KB   52/80 KB   280/423 KB   276/359 KB   114/142 KB   100/176 KB   52/80 KB   280/423 KB   276/359 KB   98/142 KB   100/176 KB   52/80 KB   280/423 KB   276/359 KB   98/142 KB   96/176 KB   52/80 KB   280/423 KB   272/359 KB   98/142 KB   96/176 KB   52/80 KB   280/423 KB   276/359 KB   118/142 KB   104/176 KB   56/80 KB   280/423 KB   276/359 KB   114/142 KB   104/176 KB   56/80 KB   284/423 KB   276/359 KB   118/142 KB   104/176 KB   56/80 KB   284/423 KB   276/359 KB   122/142 KB   108/176 KB   56/80 KB   288/423 KB   276/359 KB   122/142 KB   108/176 KB   56/80 KB   280/423 KB   276/359 KB   114/142 KB   100/176 KB   56/80 KB   288/423 KB   276/359 KB   126/142 KB   108/176 KB   60/80 KB   288/423 KB   276/359 KB   126/142 KB   108/176 KB   64/80 KB   288/423 KB   276/359 KB   126/142 KB   108/176 KB   68/80 KB   292/423 KB   276/359 KB   126/142 KB   108/176 KB   68/80 KB   296/423 KB   276/359 KB   126/142 KB   108/176 KB   68/80 KB   300/423 KB   276/359 KB   126/142 KB   108/176 KB   68/80 KB   300/423 KB   280/359 KB   126/142 KB   108/176 KB   72/80 KB   304/423 KB   284/359 KB   126/142 KB   108/176 KB   72/80 KB   304/423 KB   288/359 KB   126/142 KB   108/176 KB   72/80 KB   304/423 KB   292/359 KB   126/142 KB   108/176 KB   72/80 KB   288/423 KB   276/359 KB   126/142 KB   108/176 KB   56/80 KB   284/423 KB   276/359 KB   118/142 KB   108/176 KB   56/80 KB   304/423 KB   280/359 KB   126/142 KB   108/176 KB   72/80 KB   300/423 KB   276/359 KB   126/142 KB   108/176 KB   72/80 KB   304/423 KB   292/359 KB   126/142 KB   112/176 KB   72/80 KB   304/423 KB   292/359 KB   130/142 KB   116/176 KB   72/80 KB   304/423 KB   296/359 KB   130/142 KB   120/176 KB   76/80 KB   304/423 KB   296/359 KB   130/142 KB   124/176 KB   76/80 KB   304/423 KB   296/359 KB   130/142 KB   128/176 KB   76/80 KB   308/423 KB   296/359 KB   130/142 KB   128/176 KB   76/80 KB   304/423 KB   296/359 KB   130/142 KB   116/176 KB   76/80 KB   304/423 KB   296/359 KB   130/142 KB   116/176 KB   72/80 KB   312/423 KB   296/359 KB   130/142 KB   128/176 KB   80/80 KB   304/423 KB   292/359 KB   130/142 KB   116/176 KB   72/80 KB   312/423 KB   300/359 KB   134/142 KB   128/176 KB   80/80 KB   312/423 KB   300/359 KB   138/142 KB   128/176 KB   80/80 KB   312/423 KB   300/359 KB   142/142 KB   128/176 KB   80/80 KB   312/423 KB   300/359 KB   142/142 KB   128/176 KB   80/80 KB   312/423 KB   300/359 KB   130/142 KB   128/176 KB   80/80 KB   312/423 KB   304/359 KB   142/142 KB   128/176 KB   80/80 KB   312/423 KB   304/359 KB   142/142 KB   132/176 KB   80/80 KB   312/423 KB   304/359 KB   142/142 KB   136/176 KB   80/80 KB   312/423 KB   304/359 KB   142/142 KB   140/176 KB   80/80 KB   312/423 KB   304/359 KB   142/142 KB   144/176 KB   80/80 KB   312/423 KB   308/359 KB   142/142 KB   144/176 KB   80/80 KB   312/423 KB   312/359 KB   142/142 KB   144/176 KB   80/80 KB   312/423 KB   316/359 KB   142/142 KB   144/176 KB   80/80 KB   312/423 KB   320/359 KB   142/142 KB   144/176 KB   80/80 KB   312/423 KB   320/359 KB   142/142 KB   148/176 KB   80/80 KB   312/423 KB   320/359 KB   142/142 KB   152/176 KB   80/80 KB   312/423 KB   320/359 KB   142/142 KB   156/176 KB   80/80 KB   312/423 KB   320/359 KB   142/142 KB   160/176 KB   80/80 KB   312/423 KB   320/359 KB   142/142 KB   164/176 KB   80/80 KB   312/423 KB   324/359 KB   142/142 KB   164/176 KB   80/80 KB   312/423 KB   296/359 KB   130/142 KB   128/176 KB   76/80 KB   316/423 KB   324/359 KB   142/142 KB   164/176 KB   80/80 KB   320/423 KB   324/359 KB   142/142 KB   164/176 KB   80/80 KB   320/423 KB   324/359 KB   142/142 KB   168/176 KB   80/80 KB                                                                  Downloaded: https://repo.maven.apache.org/maven2/org/codehaus/plexus/plexus-io/2.4/plexus-io-2.4.jar (80 KB at 74.6 KB/sec)
Downloading: https://repo.maven.apache.org/maven2/org/apache/commons/commons-compress/1.9/commons-compress-1.9.jar
324/423 KB   328/359 KB   142/142 KB   168/176 KB   324/423 KB   332/359 KB   142/142 KB   168/176 KB   324/423 KB   336/359 KB   142/142 KB   168/176 KB                                                       Downloaded: https://repo.maven.apache.org/maven2/org/codehaus/plexus/plexus-archiver/2.9/plexus-archiver-2.9.jar (142 KB at 133.8 KB/sec)
324/423 KB   324/359 KB   142/142 KB   168/176 KB              328/423 KB   336/359 KB   168/176 KB                332/423 KB   336/359 KB   168/176 KB   336/423 KB   336/359 KB   168/176 KB   336/423 KB   336/359 KB   172/176 KB   336/423 KB   336/359 KB   176/176 KB   340/423 KB   336/359 KB   176/176 KB   344/423 KB   340/359 KB   176/176 KB   348/423 KB   340/359 KB   176/176 KB   352/423 KB   340/359 KB   176/176 KB   340/423 KB   340/359 KB   176/176 KB   352/423 KB   344/359 KB   176/176 KB   352/423 KB   348/359 KB   176/176 KB   352/423 KB   352/359 KB   176/176 KB   356/423 KB   352/359 KB   176/176 KB   360/423 KB   352/359 KB   176/176 KB   364/423 KB   352/359 KB   176/176 KB   368/423 KB   352/359 KB   176/176 KB   368/423 KB   352/359 KB   176/176 KB   4/370 KB   368/423 KB   352/359 KB   176/176 KB   8/370 KB   368/423 KB   352/359 KB   176/176 KB   12/370 KB   368/423 KB   352/359 KB   176/176 KB   16/370 KB                                                      Downloaded: https://repo.maven.apache.org/maven2/com/thoughtworks/qdox/qdox/1.12.1/qdox-1.12.1.jar (176 KB at 160.2 KB/sec)
368/423 KB   356/359 KB   16/370 KB                372/423 KB   359/359 KB   20/370 KB   372/423 KB   356/359 KB   20/370 KB   372/423 KB   359/359 KB   24/370 KB   372/423 KB   359/359 KB   28/370 KB   372/423 KB   359/359 KB   32/370 KB   372/423 KB   356/359 KB   16/370 KB   376/423 KB   359/359 KB   32/370 KB   380/423 KB   359/359 KB   32/370 KB   384/423 KB   359/359 KB   32/370 KB   388/423 KB   359/359 KB   32/370 KB   388/423 KB   359/359 KB   36/370 KB   392/423 KB   359/359 KB   36/370 KB   396/423 KB   359/359 KB   36/370 KB   400/423 KB   359/359 KB   40/370 KB   396/423 KB   359/359 KB   40/370 KB   400/423 KB   359/359 KB   44/370 KB   400/423 KB   359/359 KB   48/370 KB   404/423 KB   359/359 KB   48/370 KB   408/423 KB   359/359 KB   48/370 KB   412/423 KB   359/359 KB   48/370 KB   416/423 KB   359/359 KB   48/370 KB   420/423 KB   359/359 KB   48/370 KB   423/423 KB   359/359 KB   48/370 KB   423/423 KB   359/359 KB   52/370 KB   423/423 KB   359/359 KB   56/370 KB   423/423 KB   359/359 KB   60/370 KB   423/423 KB   359/359 KB   64/370 KB                                         Downloaded: https://repo.maven.apache.org/maven2/log4j/log4j/1.2.14/log4j-1.2.14.jar (359 KB at 316.4 KB/sec)
423/423 KB   68/370 KB                423/423 KB   72/370 KB   423/423 KB   76/370 KB   423/423 KB   80/370 KB   423/423 KB   84/370 KB   423/423 KB   88/370 KB   423/423 KB   92/370 KB   423/423 KB   96/370 KB                            Downloaded: https://repo.maven.apache.org/maven2/org/apache/httpcomponents/httpclient/4.2.3/httpclient-4.2.3.jar (423 KB at 368.7 KB/sec)
100/370 KB               104/370 KB   108/370 KB   112/370 KB   116/370 KB   120/370 KB   124/370 KB   128/370 KB   132/370 KB   136/370 KB   140/370 KB   144/370 KB   148/370 KB   152/370 KB   156/370 KB   160/370 KB   164/370 KB   168/370 KB   172/370 KB   176/370 KB   180/370 KB   184/370 KB   188/370 KB   192/370 KB   196/370 KB   200/370 KB   204/370 KB   208/370 KB   212/370 KB   216/370 KB   220/370 KB   224/370 KB   228/370 KB   232/370 KB   236/370 KB   240/370 KB   244/370 KB   248/370 KB   252/370 KB   256/370 KB   260/370 KB   264/370 KB   268/370 KB   272/370 KB   276/370 KB   280/370 KB   284/370 KB   288/370 KB   292/370 KB   296/370 KB   300/370 KB   304/370 KB   308/370 KB   312/370 KB   316/370 KB   320/370 KB   324/370 KB   328/370 KB   332/370 KB   336/370 KB   340/370 KB   344/370 KB   348/370 KB   352/370 KB   356/370 KB   360/370 KB   364/370 KB   368/370 KB   370/370 KB                Downloaded: https://repo.maven.apache.org/maven2/org/apache/commons/commons-compress/1.9/commons-compress-1.9.jar (370 KB at 290.1 KB/sec)
[INFO] Not executing Javadoc as the project is not a Java classpath-capable package
[INFO] 
[INFO] --- maven-enforcer-plugin:1.0:enforce (enforce-maven) @ parent ---
[INFO] 
[INFO] --- animal-sniffer-maven-plugin:1.14:check (default) @ parent ---
[INFO] Checking unresolved references to org.codehaus.mojo.signature:java16:1.1
[INFO] 
[INFO] --- maven-checkstyle-plugin:2.15:checkstyle (default) @ parent ---
[INFO] 
[INFO] --- maven-install-plugin:2.4:install (default-install) @ parent ---
[INFO] Installing /home/travis/build/square/retrofit/pom.xml to /home/travis/.m2/repository/com/squareup/retrofit/parent/2.0.0-SNAPSHOT/parent-2.0.0-SNAPSHOT.pom
[INFO] 
[INFO] --- maven-deploy-plugin:2.7:deploy (default-deploy) @ parent ---
Downloading: https://oss.sonatype.org/content/repositories/snapshots/com/squareup/retrofit/parent/2.0.0-SNAPSHOT/maven-metadata.xml
608/608 B                Downloaded: https://oss.sonatype.org/content/repositories/snapshots/com/squareup/retrofit/parent/2.0.0-SNAPSHOT/maven-metadata.xml (608 B at 5.1 KB/sec)
Uploading: https://oss.sonatype.org/content/repositories/snapshots/com/squareup/retrofit/parent/2.0.0-SNAPSHOT/parent-2.0.0-20151110.201151-136.pom
2/8 KB      4/8 KB   6/8 KB   8/8 KB            Uploaded: https://oss.sonatype.org/content/repositories/snapshots/com/squareup/retrofit/parent/2.0.0-SNAPSHOT/parent-2.0.0-20151110.201151-136.pom (8 KB at 24.4 KB/sec)
Downloading: https://oss.sonatype.org/content/repositories/snapshots/com/squareup/retrofit/parent/maven-metadata.xml
427/427 B               Downloaded: https://oss.sonatype.org/content/repositories/snapshots/com/squareup/retrofit/parent/maven-metadata.xml (427 B at 6.8 KB/sec)
Uploading: https://oss.sonatype.org/content/repositories/snapshots/com/squareup/retrofit/parent/2.0.0-SNAPSHOT/maven-metadata.xml
608/608 B               Uploaded: https://oss.sonatype.org/content/repositories/snapshots/com/squareup/retrofit/parent/2.0.0-SNAPSHOT/maven-metadata.xml (608 B at 1.8 KB/sec)
Uploading: https://oss.sonatype.org/content/repositories/snapshots/com/squareup/retrofit/parent/maven-metadata.xml
427/427 B               Uploaded: https://oss.sonatype.org/content/repositories/snapshots/com/squareup/retrofit/parent/maven-metadata.xml (427 B at 1.1 KB/sec)
[INFO]                                                                         
[INFO] ------------------------------------------------------------------------
[INFO] Building Retrofit 2.0.0-SNAPSHOT
[INFO] ------------------------------------------------------------------------
[INFO] 
[INFO] --- maven-clean-plugin:2.5:clean (default-clean) @ retrofit ---
[INFO] Deleting /home/travis/build/square/retrofit/retrofit/target
[INFO] 
[INFO] >>> maven-source-plugin:2.4:jar (default-cli) > generate-sources @ retrofit >>>
[INFO] 
[INFO] --- maven-enforcer-plugin:1.0:enforce (enforce-maven) @ retrofit ---
[INFO] 
[INFO] <<< maven-source-plugin:2.4:jar (default-cli) < generate-sources @ retrofit <<<
[INFO] 
[INFO] --- maven-source-plugin:2.4:jar (default-cli) @ retrofit ---
[INFO] Building jar: /home/travis/build/square/retrofit/retrofit/target/retrofit-2.0.0-SNAPSHOT-sources.jar
[INFO] 
[INFO] --- maven-javadoc-plugin:2.10.3:jar (default-cli) @ retrofit ---
[INFO] 
Loading source files for package retrofit...
Loading source files for package retrofit.http...
Constructing Javadoc information...
Standard Doclet version 1.8.0_31
Building tree for all the packages and classes...
Generating /home/travis/build/square/retrofit/retrofit/target/apidocs/retrofit/BaseUrl.html...
Generating /home/travis/build/square/retrofit/retrofit/target/apidocs/retrofit/Call.html...
Generating /home/travis/build/square/retrofit/retrofit/target/apidocs/retrofit/CallAdapter.html...
Generating /home/travis/build/square/retrofit/retrofit/target/apidocs/retrofit/CallAdapter.Factory.html...
Generating /home/travis/build/square/retrofit/retrofit/target/apidocs/retrofit/Callback.html...
Generating /home/travis/build/square/retrofit/retrofit/target/apidocs/retrofit/Converter.html...
Generating /home/travis/build/square/retrofit/retrofit/target/apidocs/retrofit/Converter.Factory.html...
Generating /home/travis/build/square/retrofit/retrofit/target/apidocs/retrofit/Response.html...
Generating /home/travis/build/square/retrofit/retrofit/target/apidocs/retrofit/Retrofit.html...
Generating /home/travis/build/square/retrofit/retrofit/target/apidocs/retrofit/Retrofit.Builder.html...
Generating /home/travis/build/square/retrofit/retrofit/target/apidocs/retrofit/http/Body.html...
Generating /home/travis/build/square/retrofit/retrofit/target/apidocs/retrofit/http/DELETE.html...
Generating /home/travis/build/square/retrofit/retrofit/target/apidocs/retrofit/http/Field.html...
Generating /home/travis/build/square/retrofit/retrofit/target/apidocs/retrofit/http/FieldMap.html...
Generating /home/travis/build/square/retrofit/retrofit/target/apidocs/retrofit/http/FormUrlEncoded.html...
Generating /home/travis/build/square/retrofit/retrofit/target/apidocs/retrofit/http/GET.html...
Generating /home/travis/build/square/retrofit/retrofit/target/apidocs/retrofit/http/HEAD.html...
Generating /home/travis/build/square/retrofit/retrofit/target/apidocs/retrofit/http/Header.html...
Generating /home/travis/build/square/retrofit/retrofit/target/apidocs/retrofit/http/Headers.html...
Generating /home/travis/build/square/retrofit/retrofit/target/apidocs/retrofit/http/HTTP.html...
Generating /home/travis/build/square/retrofit/retrofit/target/apidocs/retrofit/http/Multipart.html...
Generating /home/travis/build/square/retrofit/retrofit/target/apidocs/retrofit/http/Part.html...
Generating /home/travis/build/square/retrofit/retrofit/target/apidocs/retrofit/http/PartMap.html...
Generating /home/travis/build/square/retrofit/retrofit/target/apidocs/retrofit/http/PATCH.html...
Generating /home/travis/build/square/retrofit/retrofit/target/apidocs/retrofit/http/Path.html...
Generating /home/travis/build/square/retrofit/retrofit/target/apidocs/retrofit/http/POST.html...
Generating /home/travis/build/square/retrofit/retrofit/target/apidocs/retrofit/http/PUT.html...
Generating /home/travis/build/square/retrofit/retrofit/target/apidocs/retrofit/http/Query.html...
Generating /home/travis/build/square/retrofit/retrofit/target/apidocs/retrofit/http/QueryMap.html...
Generating /home/travis/build/square/retrofit/retrofit/target/apidocs/retrofit/http/Streaming.html...
Generating /home/travis/build/square/retrofit/retrofit/target/apidocs/retrofit/http/Url.html...
Generating /home/travis/build/square/retrofit/retrofit/target/apidocs/overview-frame.html...
Generating /home/travis/build/square/retrofit/retrofit/target/apidocs/retrofit/package-frame.html...
Generating /home/travis/build/square/retrofit/retrofit/target/apidocs/retrofit/package-summary.html...
Generating /home/travis/build/square/retrofit/retrofit/target/apidocs/retrofit/package-tree.html...
Generating /home/travis/build/square/retrofit/retrofit/target/apidocs/retrofit/http/package-frame.html...
Generating /home/travis/build/square/retrofit/retrofit/target/apidocs/retrofit/http/package-summary.html...
Generating /home/travis/build/square/retrofit/retrofit/target/apidocs/retrofit/http/package-tree.html...
Generating /home/travis/build/square/retrofit/retrofit/target/apidocs/constant-values.html...
Generating /home/travis/build/square/retrofit/retrofit/target/apidocs/retrofit/class-use/Retrofit.html...
Generating /home/travis/build/square/retrofit/retrofit/target/apidocs/retrofit/class-use/Retrofit.Builder.html...
Generating /home/travis/build/square/retrofit/retrofit/target/apidocs/retrofit/class-use/Response.html...
Generating /home/travis/build/square/retrofit/retrofit/target/apidocs/retrofit/class-use/Converter.html...
Generating /home/travis/build/square/retrofit/retrofit/target/apidocs/retrofit/class-use/Converter.Factory.html...
Generating /home/travis/build/square/retrofit/retrofit/target/apidocs/retrofit/class-use/Callback.html...
Generating /home/travis/build/square/retrofit/retrofit/target/apidocs/retrofit/class-use/CallAdapter.html...
Generating /home/travis/build/square/retrofit/retrofit/target/apidocs/retrofit/class-use/CallAdapter.Factory.html...
Generating /home/travis/build/square/retrofit/retrofit/target/apidocs/retrofit/class-use/Call.html...
Generating /home/travis/build/square/retrofit/retrofit/target/apidocs/retrofit/class-use/BaseUrl.html...
Generating /home/travis/build/square/retrofit/retrofit/target/apidocs/retrofit/http/class-use/Url.html...
Generating /home/travis/build/square/retrofit/retrofit/target/apidocs/retrofit/http/class-use/Streaming.html...
Generating /home/travis/build/square/retrofit/retrofit/target/apidocs/retrofit/http/class-use/QueryMap.html...
Generating /home/travis/build/square/retrofit/retrofit/target/apidocs/retrofit/http/class-use/Query.html...
Generating /home/travis/build/square/retrofit/retrofit/target/apidocs/retrofit/http/class-use/Path.html...
Generating /home/travis/build/square/retrofit/retrofit/target/apidocs/retrofit/http/class-use/PartMap.html...
Generating /home/travis/build/square/retrofit/retrofit/target/apidocs/retrofit/http/class-use/Part.html...
Generating /home/travis/build/square/retrofit/retrofit/target/apidocs/retrofit/http/class-use/PUT.html...
Generating /home/travis/build/square/retrofit/retrofit/target/apidocs/retrofit/http/class-use/POST.html...
Generating /home/travis/build/square/retrofit/retrofit/target/apidocs/retrofit/http/class-use/PATCH.html...
Generating /home/travis/build/square/retrofit/retrofit/target/apidocs/retrofit/http/class-use/Multipart.html...
Generating /home/travis/build/square/retrofit/retrofit/target/apidocs/retrofit/http/class-use/Headers.html...
Generating /home/travis/build/square/retrofit/retrofit/target/apidocs/retrofit/http/class-use/Header.html...
Generating /home/travis/build/square/retrofit/retrofit/target/apidocs/retrofit/http/class-use/HTTP.html...
Generating /home/travis/build/square/retrofit/retrofit/target/apidocs/retrofit/http/class-use/HEAD.html...
Generating /home/travis/build/square/retrofit/retrofit/target/apidocs/retrofit/http/class-use/GET.html...
Generating /home/travis/build/square/retrofit/retrofit/target/apidocs/retrofit/http/class-use/FormUrlEncoded.html...
Generating /home/travis/build/square/retrofit/retrofit/target/apidocs/retrofit/http/class-use/FieldMap.html...
Generating /home/travis/build/square/retrofit/retrofit/target/apidocs/retrofit/http/class-use/Field.html...
Generating /home/travis/build/square/retrofit/retrofit/target/apidocs/retrofit/http/class-use/DELETE.html...
Generating /home/travis/build/square/retrofit/retrofit/target/apidocs/retrofit/http/class-use/Body.html...
Generating /home/travis/build/square/retrofit/retrofit/target/apidocs/retrofit/package-use.html...
Generating /home/travis/build/square/retrofit/retrofit/target/apidocs/retrofit/http/package-use.html...
Building index for all the packages and classes...
Generating /home/travis/build/square/retrofit/retrofit/target/apidocs/overview-tree.html...
Generating /home/travis/build/square/retrofit/retrofit/target/apidocs/index-all.html...
Generating /home/travis/build/square/retrofit/retrofit/target/apidocs/deprecated-list.html...
Building index for all classes...
Generating /home/travis/build/square/retrofit/retrofit/target/apidocs/allclasses-frame.html...
Generating /home/travis/build/square/retrofit/retrofit/target/apidocs/allclasses-noframe.html...
Generating /home/travis/build/square/retrofit/retrofit/target/apidocs/index.html...
Generating /home/travis/build/square/retrofit/retrofit/target/apidocs/overview-summary.html...
Generating /home/travis/build/square/retrofit/retrofit/target/apidocs/help-doc.html...
2 errors
88 warnings
[INFO] ------------------------------------------------------------------------
[INFO] Reactor Summary:
[INFO] 
[INFO] Retrofit (Parent) .................................. SUCCESS [ 10.111 s]
[INFO] Retrofit ........................................... FAILURE [  3.961 s]
[INFO] Adapters ........................................... SKIPPED
[INFO] Adapter: RxJava .................................... SKIPPED
[INFO] Retrofit Mock Adapter .............................. SKIPPED
[INFO] Adapter: RxJava Mock ............................... SKIPPED
[INFO] Converters ......................................... SKIPPED
[INFO] Converter: Gson .................................... SKIPPED
[INFO] Converter: Protocol Buffers ........................ SKIPPED
[INFO] Converter: Jackson ................................. SKIPPED
[INFO] Converter: Wire Protocol Buffers ................... SKIPPED
[INFO] Converter: SimpleXML ............................... SKIPPED
[INFO] Converter: Moshi ................................... SKIPPED
[INFO] Samples ............................................ SKIPPED
[INFO] ------------------------------------------------------------------------
[INFO] BUILD FAILURE
[INFO] ------------------------------------------------------------------------
[INFO] Total time: 21.087 s
[INFO] Finished at: 2015-11-10T20:11:57+00:00
[INFO] Final Memory: 28M/367M
[INFO] ------------------------------------------------------------------------
[ERROR] Failed to execute goal org.apache.maven.plugins:maven-javadoc-plugin:2.10.3:jar (default-cli) on project retrofit: MavenReportException: Error while generating Javadoc:
[ERROR] Exit code: 1 - /home/travis/build/square/retrofit/retrofit/src/main/java/retrofit/BaseUrl.java:13: warning: no @return
[ERROR] HttpUrl url();
[ERROR] ^
[ERROR] /home/travis/build/square/retrofit/retrofit/src/main/java/retrofit/CallAdapter.java:31: warning: no @return
[ERROR] Type responseType();
[ERROR] ^
[ERROR] /home/travis/build/square/retrofit/retrofit/src/main/java/retrofit/CallAdapter.java:34: warning: no @param for <R>
[ERROR] <R> T adapt(Call<R> call);
[ERROR] ^
[ERROR] /home/travis/build/square/retrofit/retrofit/src/main/java/retrofit/CallAdapter.java:34: warning: no @param for call
[ERROR] <R> T adapt(Call<R> call);
[ERROR] ^
[ERROR] /home/travis/build/square/retrofit/retrofit/src/main/java/retrofit/CallAdapter.java:34: warning: no @return
[ERROR] <R> T adapt(Call<R> call);
[ERROR] ^
[ERROR] /home/travis/build/square/retrofit/retrofit/src/main/java/retrofit/CallAdapter.java:41: warning: no @param for returnType
[ERROR] CallAdapter<?> get(Type returnType, Annotation[] annotations, Retrofit retrofit);
[ERROR] ^
[ERROR] /home/travis/build/square/retrofit/retrofit/src/main/java/retrofit/CallAdapter.java:41: warning: no @param for annotations
[ERROR] CallAdapter<?> get(Type returnType, Annotation[] annotations, Retrofit retrofit);
[ERROR] ^
[ERROR] /home/travis/build/square/retrofit/retrofit/src/main/java/retrofit/CallAdapter.java:41: warning: no @param for retrofit
[ERROR] CallAdapter<?> get(Type returnType, Annotation[] annotations, Retrofit retrofit);
[ERROR] ^
[ERROR] /home/travis/build/square/retrofit/retrofit/src/main/java/retrofit/CallAdapter.java:41: warning: no @return
[ERROR] CallAdapter<?> get(Type returnType, Annotation[] annotations, Retrofit retrofit);
[ERROR] ^
[ERROR] /home/travis/build/square/retrofit/retrofit/src/main/java/retrofit/Callback.java:33: warning: no @param for response
[ERROR] void onResponse(Response<T> response, Retrofit retrofit);
[ERROR] ^
[ERROR] /home/travis/build/square/retrofit/retrofit/src/main/java/retrofit/Callback.java:33: warning: no @param for retrofit
[ERROR] void onResponse(Response<T> response, Retrofit retrofit);
[ERROR] ^
[ERROR] /home/travis/build/square/retrofit/retrofit/src/main/java/retrofit/Callback.java:36: warning: no @param for t
[ERROR] void onFailure(Throwable t);
[ERROR] ^
[ERROR] /home/travis/build/square/retrofit/retrofit/src/main/java/retrofit/Converter.java:28: warning - Tag @link: can't find addConverterFactory(Factory) in retrofit.Retrofit.Builder
[ERROR] /home/travis/build/square/retrofit/retrofit/src/main/java/retrofit/Converter.java:36: warning: no @param for type
[ERROR] public Converter<ResponseBody, ?> fromResponseBody(Type type, Annotation[] annotations) {
[ERROR] ^
[ERROR] /home/travis/build/square/retrofit/retrofit/src/main/java/retrofit/Converter.java:36: warning: no @param for annotations
[ERROR] public Converter<ResponseBody, ?> fromResponseBody(Type type, Annotation[] annotations) {
[ERROR] ^
[ERROR] /home/travis/build/square/retrofit/retrofit/src/main/java/retrofit/Converter.java:36: warning: no @return
[ERROR] public Converter<ResponseBody, ?> fromResponseBody(Type type, Annotation[] annotations) {
[ERROR] ^
[ERROR] /home/travis/build/square/retrofit/retrofit/src/main/java/retrofit/Converter.java:44: warning: no @param for type
[ERROR] public Converter<?, RequestBody> toRequestBody(Type type, Annotation[] annotations) {
[ERROR] ^
[ERROR] /home/travis/build/square/retrofit/retrofit/src/main/java/retrofit/Converter.java:44: warning: no @param for annotations
[ERROR] public Converter<?, RequestBody> toRequestBody(Type type, Annotation[] annotations) {
[ERROR] ^
[ERROR] /home/travis/build/square/retrofit/retrofit/src/main/java/retrofit/Converter.java:44: warning: no @return
[ERROR] public Converter<?, RequestBody> toRequestBody(Type type, Annotation[] annotations) {
[ERROR] ^
[ERROR] /home/travis/build/square/retrofit/retrofit/src/main/java/retrofit/Response.java:32: warning: no @param for <T>
[ERROR] public static <T> Response<T> success(T body) {
[ERROR] ^
[ERROR] /home/travis/build/square/retrofit/retrofit/src/main/java/retrofit/Response.java:32: warning: no @param for body
[ERROR] public static <T> Response<T> success(T body) {
[ERROR] ^
[ERROR] /home/travis/build/square/retrofit/retrofit/src/main/java/retrofit/Response.java:32: warning: no @return
[ERROR] public static <T> Response<T> success(T body) {
[ERROR] ^
[ERROR] /home/travis/build/square/retrofit/retrofit/src/main/java/retrofit/Response.java:44: warning: no @param for <T>
[ERROR] public static <T> Response<T> success(T body, com.squareup.okhttp.Response rawResponse) {
[ERROR] ^
[ERROR] /home/travis/build/square/retrofit/retrofit/src/main/java/retrofit/Response.java:44: warning: no @param for body
[ERROR] public static <T> Response<T> success(T body, com.squareup.okhttp.Response rawResponse) {
[ERROR] ^
[ERROR] /home/travis/build/square/retrofit/retrofit/src/main/java/retrofit/Response.java:44: warning: no @param for rawResponse
[ERROR] public static <T> Response<T> success(T body, com.squareup.okhttp.Response rawResponse) {
[ERROR] ^
[ERROR] /home/travis/build/square/retrofit/retrofit/src/main/java/retrofit/Response.java:44: warning: no @return
[ERROR] public static <T> Response<T> success(T body, com.squareup.okhttp.Response rawResponse) {
[ERROR] ^
[ERROR] /home/travis/build/square/retrofit/retrofit/src/main/java/retrofit/Response.java:51: warning: no @param for <T>
[ERROR] public static <T> Response<T> error(int code, ResponseBody body) {
[ERROR] ^
[ERROR] /home/travis/build/square/retrofit/retrofit/src/main/java/retrofit/Response.java:51: warning: no @param for code
[ERROR] public static <T> Response<T> error(int code, ResponseBody body) {
[ERROR] ^
[ERROR] /home/travis/build/square/retrofit/retrofit/src/main/java/retrofit/Response.java:51: warning: no @param for body
[ERROR] public static <T> Response<T> error(int code, ResponseBody body) {
[ERROR] ^
[ERROR] /home/travis/build/square/retrofit/retrofit/src/main/java/retrofit/Response.java:51: warning: no @return
[ERROR] public static <T> Response<T> error(int code, ResponseBody body) {
[ERROR] ^
[ERROR] /home/travis/build/square/retrofit/retrofit/src/main/java/retrofit/Response.java:63: warning: no @param for <T>
[ERROR] public static <T> Response<T> error(ResponseBody body, com.squareup.okhttp.Response rawResponse) {
[ERROR] ^
[ERROR] /home/travis/build/square/retrofit/retrofit/src/main/java/retrofit/Response.java:63: warning: no @param for body
[ERROR] public static <T> Response<T> error(ResponseBody body, com.squareup.okhttp.Response rawResponse) {
[ERROR] ^
[ERROR] /home/travis/build/square/retrofit/retrofit/src/main/java/retrofit/Response.java:63: warning: no @param for rawResponse
[ERROR] public static <T> Response<T> error(ResponseBody body, com.squareup.okhttp.Response rawResponse) {
[ERROR] ^
[ERROR] /home/travis/build/square/retrofit/retrofit/src/main/java/retrofit/Response.java:63: warning: no @return
[ERROR] public static <T> Response<T> error(ResponseBody body, com.squareup.okhttp.Response rawResponse) {
[ERROR] ^
[ERROR] /home/travis/build/square/retrofit/retrofit/src/main/java/retrofit/Response.java:78: warning: no @return
[ERROR] public com.squareup.okhttp.Response raw() {
[ERROR] ^
[ERROR] /home/travis/build/square/retrofit/retrofit/src/main/java/retrofit/Response.java:83: warning: no @return
[ERROR] public int code() {
[ERROR] ^
[ERROR] /home/travis/build/square/retrofit/retrofit/src/main/java/retrofit/Response.java:88: warning: no @return
[ERROR] public String message() {
[ERROR] ^
[ERROR] /home/travis/build/square/retrofit/retrofit/src/main/java/retrofit/Response.java:97: warning: no @return
[ERROR] public boolean isSuccess() {
[ERROR] ^
[ERROR] /home/travis/build/square/retrofit/retrofit/src/main/java/retrofit/Response.java:102: warning: no @return
[ERROR] public T body() {
[ERROR] ^
[ERROR] /home/travis/build/square/retrofit/retrofit/src/main/java/retrofit/Response.java:107: warning: no @return
[ERROR] public ResponseBody errorBody() {
[ERROR] ^
[ERROR] /home/travis/build/square/retrofit/retrofit/src/main/java/retrofit/Retrofit.java:114: warning: no @param for <T>
[ERROR] public <T> T create(final Class<T> service) {
[ERROR] ^
[ERROR] /home/travis/build/square/retrofit/retrofit/src/main/java/retrofit/Retrofit.java:114: warning: no @param for service
[ERROR] public <T> T create(final Class<T> service) {
[ERROR] ^
[ERROR] /home/travis/build/square/retrofit/retrofit/src/main/java/retrofit/Retrofit.java:114: warning: no @return
[ERROR] public <T> T create(final Class<T> service) {
[ERROR] ^
[ERROR] /home/travis/build/square/retrofit/retrofit/src/main/java/retrofit/Retrofit.java:174: warning: no @param for returnType
[ERROR] public CallAdapter<?> callAdapter(Type returnType, Annotation[] annotations) {
[ERROR] ^
[ERROR] /home/travis/build/square/retrofit/retrofit/src/main/java/retrofit/Retrofit.java:174: warning: no @param for annotations
[ERROR] public CallAdapter<?> callAdapter(Type returnType, Annotation[] annotations) {
[ERROR] ^
[ERROR] /home/travis/build/square/retrofit/retrofit/src/main/java/retrofit/Retrofit.java:174: warning: no @return
[ERROR] public CallAdapter<?> callAdapter(Type returnType, Annotation[] annotations) {
[ERROR] ^
[ERROR] /home/travis/build/square/retrofit/retrofit/src/main/java/retrofit/Retrofit.java:182: warning: no @param for skipPast
[ERROR] public CallAdapter<?> nextCallAdapter(CallAdapter.Factory skipPast, Type returnType,
[ERROR] ^
[ERROR] /home/travis/build/square/retrofit/retrofit/src/main/java/retrofit/Retrofit.java:182: warning: no @param for returnType
[ERROR] public CallAdapter<?> nextCallAdapter(CallAdapter.Factory skipPast, Type returnType,
[ERROR] ^
[ERROR] /home/travis/build/square/retrofit/retrofit/src/main/java/retrofit/Retrofit.java:182: warning: no @param for annotations
[ERROR] public CallAdapter<?> nextCallAdapter(CallAdapter.Factory skipPast, Type returnType,
[ERROR] ^
[ERROR] /home/travis/build/square/retrofit/retrofit/src/main/java/retrofit/Retrofit.java:182: warning: no @return
[ERROR] public CallAdapter<?> nextCallAdapter(CallAdapter.Factory skipPast, Type returnType,
[ERROR] ^
[ERROR] /home/travis/build/square/retrofit/retrofit/src/main/java/retrofit/Retrofit.java:213: warning: no @return
[ERROR] public List<Converter.Factory> converterFactories() {
[ERROR] ^
[ERROR] /home/travis/build/square/retrofit/retrofit/src/main/java/retrofit/Retrofit.java:221: warning: no @param for <T>
[ERROR] public <T> Converter<T, RequestBody> requestConverter(Type type, Annotation[] annotations) {
[ERROR] ^
[ERROR] /home/travis/build/square/retrofit/retrofit/src/main/java/retrofit/Retrofit.java:221: warning: no @param for type
[ERROR] public <T> Converter<T, RequestBody> requestConverter(Type type, Annotation[] annotations) {
[ERROR] ^
[ERROR] /home/travis/build/square/retrofit/retrofit/src/main/java/retrofit/Retrofit.java:221: warning: no @param for annotations
[ERROR] public <T> Converter<T, RequestBody> requestConverter(Type type, Annotation[] annotations) {
[ERROR] ^
[ERROR] /home/travis/build/square/retrofit/retrofit/src/main/java/retrofit/Retrofit.java:221: warning: no @return
[ERROR] public <T> Converter<T, RequestBody> requestConverter(Type type, Annotation[] annotations) {
[ERROR] ^
[ERROR] /home/travis/build/square/retrofit/retrofit/src/main/java/retrofit/Retrofit.java:247: warning: no @param for <T>
[ERROR] public <T> Converter<ResponseBody, T> responseConverter(Type type, Annotation[] annotations) {
[ERROR] ^
[ERROR] /home/travis/build/square/retrofit/retrofit/src/main/java/retrofit/Retrofit.java:247: warning: no @param for type
[ERROR] public <T> Converter<ResponseBody, T> responseConverter(Type type, Annotation[] annotations) {
[ERROR] ^
[ERROR] /home/travis/build/square/retrofit/retrofit/src/main/java/retrofit/Retrofit.java:247: warning: no @param for annotations
[ERROR] public <T> Converter<ResponseBody, T> responseConverter(Type type, Annotation[] annotations) {
[ERROR] ^
[ERROR] /home/travis/build/square/retrofit/retrofit/src/main/java/retrofit/Retrofit.java:247: warning: no @return
[ERROR] public <T> Converter<ResponseBody, T> responseConverter(Type type, Annotation[] annotations) {
[ERROR] ^
[ERROR] /home/travis/build/square/retrofit/retrofit/src/main/java/retrofit/Retrofit.java:294: warning: no @param for client
[ERROR] public Builder client(OkHttpClient client) {
[ERROR] ^
[ERROR] /home/travis/build/square/retrofit/retrofit/src/main/java/retrofit/Retrofit.java:294: warning: no @return
[ERROR] public Builder client(OkHttpClient client) {
[ERROR] ^
[ERROR] /home/travis/build/square/retrofit/retrofit/src/main/java/retrofit/Retrofit.java:300: warning: no @param for baseUrl
[ERROR] public Builder baseUrl(String baseUrl) {
[ERROR] ^
[ERROR] /home/travis/build/square/retrofit/retrofit/src/main/java/retrofit/Retrofit.java:300: warning: no @return
[ERROR] public Builder baseUrl(String baseUrl) {
[ERROR] ^
[ERROR] /home/travis/build/square/retrofit/retrofit/src/main/java/retrofit/Retrofit.java:310: warning: no @param for baseUrl
[ERROR] public Builder baseUrl(final HttpUrl baseUrl) {
[ERROR] ^
[ERROR] /home/travis/build/square/retrofit/retrofit/src/main/java/retrofit/Retrofit.java:310: warning: no @return
[ERROR] public Builder baseUrl(final HttpUrl baseUrl) {
[ERROR] ^
[ERROR] /home/travis/build/square/retrofit/retrofit/src/main/java/retrofit/Retrofit.java:320: warning: no @param for baseUrl
[ERROR] public Builder baseUrl(BaseUrl baseUrl) {
[ERROR] ^
[ERROR] /home/travis/build/square/retrofit/retrofit/src/main/java/retrofit/Retrofit.java:320: warning: no @return
[ERROR] public Builder baseUrl(BaseUrl baseUrl) {
[ERROR] ^
[ERROR] /home/travis/build/square/retrofit/retrofit/src/main/java/retrofit/Retrofit.java:326: warning: no @param for converterFactory
[ERROR] public Builder addConverterFactory(Converter.Factory converterFactory) {
[ERROR] ^
[ERROR] /home/travis/build/square/retrofit/retrofit/src/main/java/retrofit/Retrofit.java:326: warning: no @return
[ERROR] public Builder addConverterFactory(Converter.Factory converterFactory) {
[ERROR] ^
[ERROR] /home/travis/build/square/retrofit/retrofit/src/main/java/retrofit/Retrofit.java:334: warning: no @param for factory
[ERROR] public Builder addCallAdapterFactory(CallAdapter.Factory factory) {
[ERROR] ^
[ERROR] /home/travis/build/square/retrofit/retrofit/src/main/java/retrofit/Retrofit.java:334: warning: no @return
[ERROR] public Builder addCallAdapterFactory(CallAdapter.Factory factory) {
[ERROR] ^
[ERROR] /home/travis/build/square/retrofit/retrofit/src/main/java/retrofit/Retrofit.java:343: warning: no @param for callbackExecutor
[ERROR] public Builder callbackExecutor(Executor callbackExecutor) {
[ERROR] ^
[ERROR] /home/travis/build/square/retrofit/retrofit/src/main/java/retrofit/Retrofit.java:343: warning: no @return
[ERROR] public Builder callbackExecutor(Executor callbackExecutor) {
[ERROR] ^
[ERROR] /home/travis/build/square/retrofit/retrofit/src/main/java/retrofit/Retrofit.java:352: warning: no @param for validateEagerly
[ERROR] public Builder validateEagerly(boolean validateEagerly) {
[ERROR] ^
[ERROR] /home/travis/build/square/retrofit/retrofit/src/main/java/retrofit/Retrofit.java:352: warning: no @return
[ERROR] public Builder validateEagerly(boolean validateEagerly) {
[ERROR] ^
[ERROR] /home/travis/build/square/retrofit/retrofit/src/main/java/retrofit/Retrofit.java:358: warning: no @return
[ERROR] public Retrofit build() {
[ERROR] ^
[ERROR] /home/travis/build/square/retrofit/retrofit/src/main/java/retrofit/http/Field.java:61: warning: no @return
[ERROR] boolean encoded() default false;
[ERROR] ^
[ERROR] /home/travis/build/square/retrofit/retrofit/src/main/java/retrofit/http/FieldMap.java:48: warning: no @return
[ERROR] boolean encoded() default false;
[ERROR] ^
[ERROR] /home/travis/build/square/retrofit/retrofit/src/main/java/retrofit/http/Header.java:27: warning: empty <p> tag
[ERROR] * <p>
[ERROR] ^
[ERROR] /home/travis/build/square/retrofit/retrofit/src/main/java/retrofit/http/Headers.java:27: warning: empty <p> tag
[ERROR] * <p>
[ERROR] ^
[ERROR] /home/travis/build/square/retrofit/retrofit/src/main/java/retrofit/http/Part.java:38: warning: empty <p> tag
[ERROR] * <p>
[ERROR] ^
[ERROR] /home/travis/build/square/retrofit/retrofit/src/main/java/retrofit/http/Part.java:42: error: unknown tag: ResponseBody
[ERROR] * Call&lt;<ResponseBody> example(
[ERROR] ^
[ERROR] /home/travis/build/square/retrofit/retrofit/src/main/java/retrofit/http/Part.java:55: warning: no @return
[ERROR] String encoding() default "binary";
[ERROR] ^
[ERROR] /home/travis/build/square/retrofit/retrofit/src/main/java/retrofit/http/PartMap.java:36: warning: empty <p> tag
[ERROR] * <p>
[ERROR] ^
[ERROR] /home/travis/build/square/retrofit/retrofit/src/main/java/retrofit/http/PartMap.java:40: error: bad use of '>'
[ERROR] * Call&lt;ResponseBody> upload(
[ERROR] ^
[ERROR] /home/travis/build/square/retrofit/retrofit/src/main/java/retrofit/http/PartMap.java:53: warning: no @return
[ERROR] String encoding() default "binary";
[ERROR] ^
[ERROR] /home/travis/build/square/retrofit/retrofit/src/main/java/retrofit/http/Path.java:58: warning: no @return
[ERROR] boolean encoded() default false;
[ERROR] ^
[ERROR] /home/travis/build/square/retrofit/retrofit/src/main/java/retrofit/http/Query.java:69: warning: no @return
[ERROR] String value();
[ERROR] ^
[ERROR] /home/travis/build/square/retrofit/retrofit/src/main/java/retrofit/http/Query.java:74: warning: no @return
[ERROR] boolean encoded() default false;
[ERROR] ^
[ERROR] /home/travis/build/square/retrofit/retrofit/src/main/java/retrofit/http/QueryMap.java:56: warning: no @return
[ERROR] boolean encoded() default false;
[ERROR] ^
[ERROR] 
[ERROR] Command line was: /usr/lib/jvm/java-8-oracle/jre/../bin/javadoc @options @packages
[ERROR] 
[ERROR] Refer to the generated Javadoc files in '/home/travis/build/square/retrofit/retrofit/target/apidocs' dir.
[ERROR] -> [Help 1]
[ERROR] 
[ERROR] To see the full stack trace of the errors, re-run Maven with the -e switch.
[ERROR] Re-run Maven using the -X switch to enable full debug logging.
[ERROR] 
[ERROR] For more information about the errors and possible solutions, please read the following articles:
[ERROR] [Help 1] http://cwiki.apache.org/confluence/display/MAVEN/MojoExecutionException
[ERROR] 
[ERROR] After correcting the problems, you can resume the build with the command
[ERROR]   mvn <goals> -rf :retrofit
travis_time:end:2f63e641:start=1447186293457495010,finish=1447186317738570145,duration=24281075135[0Ktravis_fold:end:after_success[0K
Done. Your build exited with 0.
