Using worker: worker-linux-docker-0f269ff6.prod.travis-ci.org:travis-linux-2

travis_fold:start:system_info[0K[33;1mBuild system information[0m
Build language: java
[34m[1mBuild image provisioning date and time[0m
Thu Feb  5 15:09:33 UTC 2015
[34m[1mOperating System Details[0m
Distributor ID:	Ubuntu
Description:	Ubuntu 12.04.5 LTS
Release:	12.04
Codename:	precise
[34m[1mLinux Version[0m
3.13.0-29-generic
[34m[1mCookbooks Version[0m
a68419e https://github.com/travis-ci/travis-cookbooks/tree/a68419e
[34m[1mGCC version[0m
gcc (Ubuntu/Linaro 4.6.3-1ubuntu5) 4.6.3
Copyright (C) 2011 Free Software Foundation, Inc.
This is free software; see the source for copying conditions.  There is NO
warranty; not even for MERCHANTABILITY or FITNESS FOR A PARTICULAR PURPOSE.

[34m[1mLLVM version[0m
clang version 3.4 (tags/RELEASE_34/final)
Target: x86_64-unknown-linux-gnu
Thread model: posix
[34m[1mPre-installed Ruby versions[0m
ruby-1.9.3-p551
[34m[1mPre-installed Node.js versions[0m
v0.10.36
[34m[1mPre-installed Go versions[0m
1.4.1
[34m[1mRedis version[0m
redis-server 2.8.19
[34m[1mriak version[0m
2.0.2
[34m[1mMongoDB version[0m
MongoDB 2.4.12
[34m[1mCouchDB version[0m
couchdb 1.6.1
[34m[1mNeo4j version[0m
1.9.4
[34m[1mRabbitMQ Version[0m
3.4.3
[34m[1mElasticSearch version[0m
1.4.0
[34m[1mInstalled Sphinx versions[0m
2.0.10
2.1.9
2.2.6
[34m[1mDefault Sphinx version[0m
2.2.6
[34m[1mInstalled Firefox version[0m
firefox 31.0esr
[34m[1mPhantomJS version[0m
1.9.8
[34m[1mant -version[0m
Apache Ant(TM) version 1.8.2 compiled on December 3 2011
[34m[1mmvn -version[0m
Apache Maven 3.2.5 (12a6b3acb947671f09b81f49094c53f426d8cea1; 2014-12-14T17:29:23+00:00)
Maven home: /usr/local/maven
Java version: 1.7.0_76, vendor: Oracle Corporation
Java home: /usr/lib/jvm/java-7-oracle/jre
Default locale: en_US, platform encoding: ANSI_X3.4-1968
OS name: "linux", version: "3.13.0-29-generic", arch: "amd64", family: "unix"
travis_fold:end:system_info[0K
travis_fold:start:git.checkout[0Ktravis_time:start:01f3ce31[0K$ git clone --depth=50 --branch=master https://github.com/square/retrofit.git square/retrofit
Cloning into 'square/retrofit'...
remote: Counting objects: 1619, done.[K
remote: Compressing objects:   0% (1/790)   [Kremote: Compressing objects:   1% (8/790)   [Kremote: Compressing objects:   2% (16/790)   [Kremote: Compressing objects:   3% (24/790)   [Kremote: Compressing objects:   4% (32/790)   [Kremote: Compressing objects:   5% (40/790)   [Kremote: Compressing objects:   6% (48/790)   [Kremote: Compressing objects:   7% (56/790)   [Kremote: Compressing objects:   8% (64/790)   [Kremote: Compressing objects:   9% (72/790)   [Kremote: Compressing objects:  10% (79/790)   [Kremote: Compressing objects:  11% (87/790)   [Kremote: Compressing objects:  12% (95/790)   [Kremote: Compressing objects:  13% (103/790)   [Kremote: Compressing objects:  14% (111/790)   [Kremote: Compressing objects:  15% (119/790)   [Kremote: Compressing objects:  16% (127/790)   [Kremote: Compressing objects:  17% (135/790)   [Kremote: Compressing objects:  18% (143/790)   [Kremote: Compressing objects:  19% (151/790)   [Kremote: Compressing objects:  20% (158/790)   [Kremote: Compressing objects:  21% (166/790)   [Kremote: Compressing objects:  22% (174/790)   [Kremote: Compressing objects:  23% (182/790)   [Kremote: Compressing objects:  24% (190/790)   [Kremote: Compressing objects:  25% (198/790)   [Kremote: Compressing objects:  26% (206/790)   [Kremote: Compressing objects:  27% (214/790)   [Kremote: Compressing objects:  28% (222/790)   [Kremote: Compressing objects:  29% (230/790)   [Kremote: Compressing objects:  30% (237/790)   [Kremote: Compressing objects:  31% (245/790)   [Kremote: Compressing objects:  32% (253/790)   [Kremote: Compressing objects:  33% (261/790)   [Kremote: Compressing objects:  34% (269/790)   [Kremote: Compressing objects:  35% (277/790)   [Kremote: Compressing objects:  36% (285/790)   [Kremote: Compressing objects:  37% (293/790)   [Kremote: Compressing objects:  38% (301/790)   [Kremote: Compressing objects:  39% (309/790)   [Kremote: Compressing objects:  40% (316/790)   [Kremote: Compressing objects:  41% (324/790)   [Kremote: Compressing objects:  42% (332/790)   [Kremote: Compressing objects:  43% (340/790)   [Kremote: Compressing objects:  44% (348/790)   [Kremote: Compressing objects:  45% (356/790)   [Kremote: Compressing objects:  46% (364/790)   [Kremote: Compressing objects:  47% (372/790)   [Kremote: Compressing objects:  48% (380/790)   [Kremote: Compressing objects:  49% (388/790)   [Kremote: Compressing objects:  50% (395/790)   [Kremote: Compressing objects:  51% (403/790)   [Kremote: Compressing objects:  52% (411/790)   [Kremote: Compressing objects:  53% (419/790)   [Kremote: Compressing objects:  54% (427/790)   [Kremote: Compressing objects:  55% (435/790)   [Kremote: Compressing objects:  56% (443/790)   [Kremote: Compressing objects:  57% (451/790)   [Kremote: Compressing objects:  58% (459/790)   [Kremote: Compressing objects:  59% (467/790)   [Kremote: Compressing objects:  60% (474/790)   [Kremote: Compressing objects:  61% (482/790)   [Kremote: Compressing objects:  62% (490/790)   [Kremote: Compressing objects:  63% (498/790)   [Kremote: Compressing objects:  64% (506/790)   [Kremote: Compressing objects:  65% (514/790)   [Kremote: Compressing objects:  66% (522/790)   [Kremote: Compressing objects:  67% (530/790)   [Kremote: Compressing objects:  68% (538/790)   [Kremote: Compressing objects:  69% (546/790)   [Kremote: Compressing objects:  70% (553/790)   [Kremote: Compressing objects:  71% (561/790)   [Kremote: Compressing objects:  72% (569/790)   [Kremote: Compressing objects:  73% (577/790)   [Kremote: Compressing objects:  74% (585/790)   [Kremote: Compressing objects:  75% (593/790)   [Kremote: Compressing objects:  76% (601/790)   [Kremote: Compressing objects:  77% (609/790)   [Kremote: Compressing objects:  78% (617/790)   [Kremote: Compressing objects:  79% (625/790)   [Kremote: Compressing objects:  80% (632/790)   [Kremote: Compressing objects:  81% (640/790)   [Kremote: Compressing objects:  82% (648/790)   [Kremote: Compressing objects:  83% (656/790)   [Kremote: Compressing objects:  84% (664/790)   [Kremote: Compressing objects:  85% (672/790)   [Kremote: Compressing objects:  86% (680/790)   [Kremote: Compressing objects:  87% (688/790)   [Kremote: Compressing objects:  88% (696/790)   [Kremote: Compressing objects:  89% (704/790)   [Kremote: Compressing objects:  90% (711/790)   [Kremote: Compressing objects:  91% (719/790)   [Kremote: Compressing objects:  92% (727/790)   [Kremote: Compressing objects:  93% (735/790)   [Kremote: Compressing objects:  94% (743/790)   [Kremote: Compressing objects:  95% (751/790)   [Kremote: Compressing objects:  96% (759/790)   [Kremote: Compressing objects:  97% (767/790)   [Kremote: Compressing objects:  98% (775/790)   [Kremote: Compressing objects:  99% (783/790)   [Kremote: Compressing objects: 100% (790/790)   [Kremote: Compressing objects: 100% (790/790), done.[K
Receiving objects:   0% (1/1619)   Receiving objects:   1% (17/1619)   Receiving objects:   2% (33/1619)   Receiving objects:   3% (49/1619)   Receiving objects:   4% (65/1619)   Receiving objects:   5% (81/1619)   Receiving objects:   6% (98/1619)   Receiving objects:   7% (114/1619)   Receiving objects:   8% (130/1619)   Receiving objects:   9% (146/1619)   Receiving objects:  10% (162/1619)   Receiving objects:  11% (179/1619)   Receiving objects:  12% (195/1619)   Receiving objects:  13% (211/1619)   Receiving objects:  14% (227/1619)   Receiving objects:  15% (243/1619)   Receiving objects:  16% (260/1619)   Receiving objects:  17% (276/1619)   Receiving objects:  18% (292/1619)   Receiving objects:  19% (308/1619)   Receiving objects:  20% (324/1619)   Receiving objects:  21% (340/1619)   Receiving objects:  22% (357/1619)   Receiving objects:  23% (373/1619)   Receiving objects:  24% (389/1619)   Receiving objects:  25% (405/1619)   Receiving objects:  26% (421/1619)   Receiving objects:  27% (438/1619)   Receiving objects:  28% (454/1619)   Receiving objects:  29% (470/1619)   Receiving objects:  30% (486/1619)   Receiving objects:  31% (502/1619)   Receiving objects:  32% (519/1619)   Receiving objects:  33% (535/1619)   Receiving objects:  34% (551/1619)   Receiving objects:  35% (567/1619)   Receiving objects:  36% (583/1619)   Receiving objects:  37% (600/1619)   Receiving objects:  38% (616/1619)   Receiving objects:  39% (632/1619)   Receiving objects:  40% (648/1619)   Receiving objects:  41% (664/1619)   Receiving objects:  42% (680/1619)   Receiving objects:  43% (697/1619)   Receiving objects:  44% (713/1619)   Receiving objects:  45% (729/1619)   Receiving objects:  46% (745/1619)   Receiving objects:  47% (761/1619)   Receiving objects:  48% (778/1619)   Receiving objects:  49% (794/1619)   Receiving objects:  50% (810/1619)   Receiving objects:  51% (826/1619)   Receiving objects:  52% (842/1619)   Receiving objects:  53% (859/1619)   Receiving objects:  54% (875/1619)   Receiving objects:  55% (891/1619)   Receiving objects:  56% (907/1619)   Receiving objects:  57% (923/1619)   Receiving objects:  58% (940/1619)   Receiving objects:  59% (956/1619)   Receiving objects:  60% (972/1619)   Receiving objects:  61% (988/1619)   Receiving objects:  62% (1004/1619)   Receiving objects:  63% (1020/1619)   Receiving objects:  64% (1037/1619)   Receiving objects:  65% (1053/1619)   Receiving objects:  66% (1069/1619)   Receiving objects:  67% (1085/1619)   Receiving objects:  68% (1101/1619)   Receiving objects:  69% (1118/1619)   Receiving objects:  70% (1134/1619)   Receiving objects:  71% (1150/1619)   Receiving objects:  72% (1166/1619)   Receiving objects:  73% (1182/1619)   Receiving objects:  74% (1199/1619)   Receiving objects:  75% (1215/1619)   remote: Total 1619 (delta 609), reused 1391 (delta 418), pack-reused 0[K
Receiving objects:  76% (1231/1619)   Receiving objects:  77% (1247/1619)   Receiving objects:  78% (1263/1619)   Receiving objects:  79% (1280/1619)   Receiving objects:  80% (1296/1619)   Receiving objects:  81% (1312/1619)   Receiving objects:  82% (1328/1619)   Receiving objects:  83% (1344/1619)   Receiving objects:  84% (1360/1619)   Receiving objects:  85% (1377/1619)   Receiving objects:  86% (1393/1619)   Receiving objects:  87% (1409/1619)   Receiving objects:  88% (1425/1619)   Receiving objects:  89% (1441/1619)   Receiving objects:  90% (1458/1619)   Receiving objects:  91% (1474/1619)   Receiving objects:  92% (1490/1619)   Receiving objects:  93% (1506/1619)   Receiving objects:  94% (1522/1619)   Receiving objects:  95% (1539/1619)   Receiving objects:  96% (1555/1619)   Receiving objects:  97% (1571/1619)   Receiving objects:  98% (1587/1619)   Receiving objects:  99% (1603/1619)   Receiving objects: 100% (1619/1619)   Receiving objects: 100% (1619/1619), 354.99 KiB | 0 bytes/s, done.
Resolving deltas:   0% (0/609)   Resolving deltas:   2% (16/609)   Resolving deltas:   3% (19/609)   Resolving deltas:   4% (25/609)   Resolving deltas:   5% (33/609)   Resolving deltas:   6% (38/609)   Resolving deltas:  12% (75/609)   Resolving deltas:  13% (80/609)   Resolving deltas:  14% (86/609)   Resolving deltas:  16% (102/609)   Resolving deltas:  17% (105/609)   Resolving deltas:  18% (114/609)   Resolving deltas:  20% (125/609)   Resolving deltas:  21% (133/609)   Resolving deltas:  22% (136/609)   Resolving deltas:  23% (141/609)   Resolving deltas:  24% (149/609)   Resolving deltas:  28% (173/609)   Resolving deltas:  31% (189/609)   Resolving deltas:  32% (195/609)   Resolving deltas:  35% (216/609)   Resolving deltas:  37% (227/609)   Resolving deltas:  38% (236/609)   Resolving deltas:  39% (241/609)   Resolving deltas:  40% (244/609)   Resolving deltas:  41% (250/609)   Resolving deltas:  43% (266/609)   Resolving deltas:  44% (269/609)   Resolving deltas:  45% (275/609)   Resolving deltas:  47% (290/609)   Resolving deltas:  48% (297/609)   Resolving deltas:  50% (305/609)   Resolving deltas:  51% (313/609)   Resolving deltas:  52% (317/609)   Resolving deltas:  53% (326/609)   Resolving deltas:  54% (332/609)   Resolving deltas:  56% (344/609)   Resolving deltas:  59% (361/609)   Resolving deltas:  61% (375/609)   Resolving deltas:  62% (379/609)   Resolving deltas:  63% (387/609)   Resolving deltas:  65% (401/609)   Resolving deltas:  66% (404/609)   Resolving deltas:  70% (427/609)   Resolving deltas:  73% (449/609)   Resolving deltas:  75% (458/609)   Resolving deltas:  76% (466/609)   Resolving deltas:  78% (476/609)   Resolving deltas:  79% (485/609)   Resolving deltas:  80% (489/609)   Resolving deltas:  87% (531/609)   Resolving deltas:  88% (536/609)   Resolving deltas:  92% (563/609)   Resolving deltas:  93% (571/609)   Resolving deltas:  94% (576/609)   Resolving deltas:  95% (579/609)   Resolving deltas:  96% (585/609)   Resolving deltas:  98% (599/609)   Resolving deltas:  99% (604/609)   Resolving deltas: 100% (609/609)   Resolving deltas: 100% (609/609), done.
Checking connectivity... done.
travis_time:end:01f3ce31:start=1447311820636281415,finish=1447311821238416529,duration=602135114[0K$ cd square/retrofit
$ git checkout -qf 1887e011a119190759e3eb8aa6af359362765b51
travis_fold:end:git.checkout[0K
[33;1mThis job is running on container-based infrastructure, which does not allow use of 'sudo', setuid and setguid executables.[0m
[33;1mIf you require sudo, add 'sudo: required' to your .travis.yml[0m
[33;1mSee http://docs.travis-ci.com/user/workers/container-based-infrastructure/ for details.[0m

[33;1mSetting environment variables from .travis.yml[0m
$ export CI_DEPLOY_USERNAME=[secure]
$ export CI_DEPLOY_PASSWORD=[secure]

travis_fold:start:cache.1[0KSetting up build cache
$ export CASHER_DIR=$HOME/.casher
travis_time:start:15ba5190[0K$ Installing caching utilities
travis_time:end:15ba5190:start=1447311822923992537,finish=1447311822968096059,duration=44103522[0Ktravis_time:start:012c66d2[0Ktravis_time:end:012c66d2:start=1447311822972624832,finish=1447311822975719130,duration=3094298[0Ktravis_time:start:0094badf[0Kattempting to download cache archive
fetching master/cache--jdk-oraclejdk8.tgz
found cache
travis_time:end:0094badf:start=1447311822979297272,finish=1447311823829431118,duration=850133846[0Ktravis_time:start:0db7a530[0Ktravis_time:end:0db7a530:start=1447311823833135389,finish=1447311823836347028,duration=3211639[0Ktravis_time:start:329ce0a0[0Kadding /home/travis/.m2 to cache
travis_time:end:329ce0a0:start=1447311823840036358,finish=1447311825267325219,duration=1427288861[0Ktravis_fold:end:cache.1[0K$ jdk_switcher use oraclejdk8
Switching to Oracle JDK8 (java-8-oracle), JAVA_HOME will be set to /usr/lib/jvm/java-8-oracle
$ java -Xmx32m -version
java version "1.8.0_31"
Java(TM) SE Runtime Environment (build 1.8.0_31-b13)
Java HotSpot(TM) 64-Bit Server VM (build 25.31-b07, mixed mode)
$ javac -J-Xmx32m -version
javac 1.8.0_31
travis_fold:start:install[0Ktravis_time:start:061bc60c[0K$ mvn install -DskipTests=true -Dmaven.javadoc.skip=true -B -V
Java HotSpot(TM) 64-Bit Server VM warning: ignoring option MaxPermSize=192m; support was removed in 8.0
Apache Maven 3.2.5 (12a6b3acb947671f09b81f49094c53f426d8cea1; 2014-12-14T17:29:23+00:00)
Maven home: /usr/local/maven
Java version: 1.8.0_31, vendor: Oracle Corporation
Java home: /usr/lib/jvm/java-8-oracle/jre
Default locale: en_US, platform encoding: UTF-8
OS name: "linux", version: "3.13.0-40-generic", arch: "amd64", family: "unix"
[INFO] Scanning for projects...
[WARNING] 
[WARNING] Some problems were encountered while building the effective model for com.squareup.retrofit:samples:jar:2.0.0-SNAPSHOT
[WARNING] 'build.plugins.plugin.version' for org.apache.maven.plugins:maven-deploy-plugin is missing. @ com.squareup.retrofit:samples:[unknown-version], /home/travis/build/square/retrofit/samples/pom.xml, line 45, column 15
[WARNING] 
[WARNING] It is highly recommended to fix these problems because they threaten the stability of your build.
[WARNING] 
[WARNING] For this reason, future Maven versions might no longer support building such malformed projects.
[WARNING] 
[INFO] ------------------------------------------------------------------------
[INFO] Reactor Build Order:
[INFO] 
[INFO] Retrofit (Parent)
[INFO] Retrofit
[INFO] Adapters
[INFO] Adapter: RxJava
[INFO] Retrofit Mock Adapter
[INFO] Adapter: RxJava Mock
[INFO] Converters
[INFO] Converter: Gson
[INFO] Converter: Protocol Buffers
[INFO] Converter: Jackson
[INFO] Converter: Wire Protocol Buffers
[INFO] Converter: SimpleXML
[INFO] Converter: Moshi
[INFO] Samples
[INFO]                                                                         
[INFO] ------------------------------------------------------------------------
[INFO] Building Retrofit (Parent) 2.0.0-SNAPSHOT
[INFO] ------------------------------------------------------------------------
[INFO] 
[INFO] --- maven-enforcer-plugin:1.0:enforce (enforce-maven) @ parent ---
[INFO] 
[INFO] --- animal-sniffer-maven-plugin:1.14:check (default) @ parent ---
[INFO] Checking unresolved references to org.codehaus.mojo.signature:java16:1.1
[INFO] 
[INFO] --- maven-checkstyle-plugin:2.15:checkstyle (default) @ parent ---
[INFO] 
[INFO] --- maven-install-plugin:2.4:install (default-install) @ parent ---
[INFO] Installing /home/travis/build/square/retrofit/pom.xml to /home/travis/.m2/repository/com/squareup/retrofit/parent/2.0.0-SNAPSHOT/parent-2.0.0-SNAPSHOT.pom
[INFO]                                                                         
[INFO] ------------------------------------------------------------------------
[INFO] Building Retrofit 2.0.0-SNAPSHOT
[INFO] ------------------------------------------------------------------------
[INFO] 
[INFO] --- maven-enforcer-plugin:1.0:enforce (enforce-maven) @ retrofit ---
[INFO] 
[INFO] --- maven-resources-plugin:2.6:resources (default-resources) @ retrofit ---
[INFO] Using 'UTF-8' encoding to copy filtered resources.
[INFO] skip non existing resourceDirectory /home/travis/build/square/retrofit/retrofit/src/main/resources
[INFO] 
[INFO] --- maven-compiler-plugin:3.0:compile (default-compile) @ retrofit ---
[INFO] Changes detected - recompiling the module!
[INFO] Compiling 41 source files to /home/travis/build/square/retrofit/retrofit/target/classes
[WARNING] /home/travis/build/square/retrofit/retrofit/src/main/java/retrofit/Retrofit.java: Some input files use unchecked or unsafe operations.
[WARNING] /home/travis/build/square/retrofit/retrofit/src/main/java/retrofit/Retrofit.java: Recompile with -Xlint:unchecked for details.
[INFO] 
[INFO] --- maven-resources-plugin:2.6:testResources (default-testResources) @ retrofit ---
[INFO] Using 'UTF-8' encoding to copy filtered resources.
[INFO] skip non existing resourceDirectory /home/travis/build/square/retrofit/retrofit/src/test/resources
[INFO] 
[INFO] --- maven-compiler-plugin:3.0:testCompile (default-testCompile) @ retrofit ---
[INFO] Changes detected - recompiling the module!
[INFO] Compiling 7 source files to /home/travis/build/square/retrofit/retrofit/target/test-classes
[WARNING] /home/travis/build/square/retrofit/retrofit/src/test/java/retrofit/RetrofitTest.java: /home/travis/build/square/retrofit/retrofit/src/test/java/retrofit/RetrofitTest.java uses unchecked or unsafe operations.
[WARNING] /home/travis/build/square/retrofit/retrofit/src/test/java/retrofit/RetrofitTest.java: Recompile with -Xlint:unchecked for details.
[INFO] 
[INFO] --- maven-surefire-plugin:2.12.4:test (default-test) @ retrofit ---
[INFO] Tests are skipped.
[INFO] 
[INFO] --- animal-sniffer-maven-plugin:1.14:check (default) @ retrofit ---
[INFO] Checking unresolved references to org.codehaus.mojo.signature:java16:1.1
[INFO] 
[INFO] --- maven-jar-plugin:2.4:jar (default-jar) @ retrofit ---
[INFO] Building jar: /home/travis/build/square/retrofit/retrofit/target/retrofit-2.0.0-SNAPSHOT.jar
[INFO] 
[INFO] --- maven-checkstyle-plugin:2.15:checkstyle (default) @ retrofit ---
[INFO] Starting audit...
Audit done.
[WARNING] Unable to locate Source XRef to link to - DISABLED
[INFO] 
[INFO] --- maven-install-plugin:2.4:install (default-install) @ retrofit ---
[INFO] Installing /home/travis/build/square/retrofit/retrofit/target/retrofit-2.0.0-SNAPSHOT.jar to /home/travis/.m2/repository/com/squareup/retrofit/retrofit/2.0.0-SNAPSHOT/retrofit-2.0.0-SNAPSHOT.jar
[INFO] Installing /home/travis/build/square/retrofit/retrofit/pom.xml to /home/travis/.m2/repository/com/squareup/retrofit/retrofit/2.0.0-SNAPSHOT/retrofit-2.0.0-SNAPSHOT.pom
[INFO]                                                                         
[INFO] ------------------------------------------------------------------------
[INFO] Building Adapters 2.0.0-SNAPSHOT
[INFO] ------------------------------------------------------------------------
[INFO] 
[INFO] --- maven-enforcer-plugin:1.0:enforce (enforce-maven) @ retrofit-adapters ---
[INFO] 
[INFO] --- animal-sniffer-maven-plugin:1.14:check (default) @ retrofit-adapters ---
[INFO] Checking unresolved references to org.codehaus.mojo.signature:java16:1.1
[INFO] 
[INFO] --- maven-checkstyle-plugin:2.15:checkstyle (default) @ retrofit-adapters ---
[INFO] 
[INFO] --- maven-install-plugin:2.4:install (default-install) @ retrofit-adapters ---
[INFO] Installing /home/travis/build/square/retrofit/retrofit-adapters/pom.xml to /home/travis/.m2/repository/com/squareup/retrofit/retrofit-adapters/2.0.0-SNAPSHOT/retrofit-adapters-2.0.0-SNAPSHOT.pom
[INFO]                                                                         
[INFO] ------------------------------------------------------------------------
[INFO] Building Adapter: RxJava 2.0.0-SNAPSHOT
[INFO] ------------------------------------------------------------------------
[INFO] 
[INFO] --- maven-enforcer-plugin:1.0:enforce (enforce-maven) @ adapter-rxjava ---
[INFO] 
[INFO] --- maven-resources-plugin:2.6:resources (default-resources) @ adapter-rxjava ---
[INFO] Using 'UTF-8' encoding to copy filtered resources.
[INFO] skip non existing resourceDirectory /home/travis/build/square/retrofit/retrofit-adapters/rxjava/src/main/resources
[INFO] 
[INFO] --- maven-compiler-plugin:3.0:compile (default-compile) @ adapter-rxjava ---
[INFO] Changes detected - recompiling the module!
[INFO] Compiling 4 source files to /home/travis/build/square/retrofit/retrofit-adapters/rxjava/target/classes
[INFO] 
[INFO] --- maven-resources-plugin:2.6:testResources (default-testResources) @ adapter-rxjava ---
[INFO] Using 'UTF-8' encoding to copy filtered resources.
[INFO] skip non existing resourceDirectory /home/travis/build/square/retrofit/retrofit-adapters/rxjava/src/test/resources
[INFO] 
[INFO] --- maven-compiler-plugin:3.0:testCompile (default-testCompile) @ adapter-rxjava ---
[INFO] Changes detected - recompiling the module!
[INFO] Compiling 2 source files to /home/travis/build/square/retrofit/retrofit-adapters/rxjava/target/test-classes
[INFO] 
[INFO] --- maven-surefire-plugin:2.12.4:test (default-test) @ adapter-rxjava ---
[INFO] Tests are skipped.
[INFO] 
[INFO] --- animal-sniffer-maven-plugin:1.14:check (default) @ adapter-rxjava ---
[INFO] Checking unresolved references to org.codehaus.mojo.signature:java16:1.1
[INFO] 
[INFO] --- maven-jar-plugin:2.4:jar (default-jar) @ adapter-rxjava ---
[INFO] Building jar: /home/travis/build/square/retrofit/retrofit-adapters/rxjava/target/adapter-rxjava-2.0.0-SNAPSHOT.jar
[INFO] 
[INFO] --- maven-checkstyle-plugin:2.15:checkstyle (default) @ adapter-rxjava ---
[INFO] Starting audit...
Audit done.
[WARNING] Unable to locate Source XRef to link to - DISABLED
[INFO] 
[INFO] --- maven-install-plugin:2.4:install (default-install) @ adapter-rxjava ---
[INFO] Installing /home/travis/build/square/retrofit/retrofit-adapters/rxjava/target/adapter-rxjava-2.0.0-SNAPSHOT.jar to /home/travis/.m2/repository/com/squareup/retrofit/adapter-rxjava/2.0.0-SNAPSHOT/adapter-rxjava-2.0.0-SNAPSHOT.jar
[INFO] Installing /home/travis/build/square/retrofit/retrofit-adapters/rxjava/pom.xml to /home/travis/.m2/repository/com/squareup/retrofit/adapter-rxjava/2.0.0-SNAPSHOT/adapter-rxjava-2.0.0-SNAPSHOT.pom
[INFO]                                                                         
[INFO] ------------------------------------------------------------------------
[INFO] Building Retrofit Mock Adapter 2.0.0-SNAPSHOT
[INFO] ------------------------------------------------------------------------
[INFO] 
[INFO] --- maven-enforcer-plugin:1.0:enforce (enforce-maven) @ retrofit-mock ---
[INFO] 
[INFO] --- maven-resources-plugin:2.6:resources (default-resources) @ retrofit-mock ---
[INFO] Using 'UTF-8' encoding to copy filtered resources.
[INFO] skip non existing resourceDirectory /home/travis/build/square/retrofit/retrofit-mock/src/main/resources
[INFO] 
[INFO] --- maven-compiler-plugin:3.0:compile (default-compile) @ retrofit-mock ---
[INFO] Changes detected - recompiling the module!
[INFO] Compiling 5 source files to /home/travis/build/square/retrofit/retrofit-mock/target/classes
[INFO] 
[INFO] --- maven-resources-plugin:2.6:testResources (default-testResources) @ retrofit-mock ---
[INFO] Using 'UTF-8' encoding to copy filtered resources.
[INFO] skip non existing resourceDirectory /home/travis/build/square/retrofit/retrofit-mock/src/test/resources
[INFO] 
[INFO] --- maven-compiler-plugin:3.0:testCompile (default-testCompile) @ retrofit-mock ---
[INFO] Changes detected - recompiling the module!
[INFO] Compiling 2 source files to /home/travis/build/square/retrofit/retrofit-mock/target/test-classes
[INFO] 
[INFO] --- maven-surefire-plugin:2.12.4:test (default-test) @ retrofit-mock ---
[INFO] Tests are skipped.
[INFO] 
[INFO] --- animal-sniffer-maven-plugin:1.14:check (default) @ retrofit-mock ---
[INFO] Checking unresolved references to org.codehaus.mojo.signature:java16:1.1
[INFO] 
[INFO] --- maven-jar-plugin:2.4:jar (default-jar) @ retrofit-mock ---
[INFO] Building jar: /home/travis/build/square/retrofit/retrofit-mock/target/retrofit-mock-2.0.0-SNAPSHOT.jar
[INFO] 
[INFO] --- maven-checkstyle-plugin:2.15:checkstyle (default) @ retrofit-mock ---
[INFO] Starting audit...
Audit done.
[WARNING] Unable to locate Source XRef to link to - DISABLED
[INFO] 
[INFO] --- maven-install-plugin:2.4:install (default-install) @ retrofit-mock ---
[INFO] Installing /home/travis/build/square/retrofit/retrofit-mock/target/retrofit-mock-2.0.0-SNAPSHOT.jar to /home/travis/.m2/repository/com/squareup/retrofit/retrofit-mock/2.0.0-SNAPSHOT/retrofit-mock-2.0.0-SNAPSHOT.jar
[INFO] Installing /home/travis/build/square/retrofit/retrofit-mock/pom.xml to /home/travis/.m2/repository/com/squareup/retrofit/retrofit-mock/2.0.0-SNAPSHOT/retrofit-mock-2.0.0-SNAPSHOT.pom
[INFO]                                                                         
[INFO] ------------------------------------------------------------------------
[INFO] Building Adapter: RxJava Mock 2.0.0-SNAPSHOT
[INFO] ------------------------------------------------------------------------
[INFO] 
[INFO] --- maven-enforcer-plugin:1.0:enforce (enforce-maven) @ adapter-rxjava-mock ---
[INFO] 
[INFO] --- maven-resources-plugin:2.6:resources (default-resources) @ adapter-rxjava-mock ---
[INFO] Using 'UTF-8' encoding to copy filtered resources.
[INFO] skip non existing resourceDirectory /home/travis/build/square/retrofit/retrofit-adapters/rxjava-mock/src/main/resources
[INFO] 
[INFO] --- maven-compiler-plugin:3.0:compile (default-compile) @ adapter-rxjava-mock ---
[INFO] Changes detected - recompiling the module!
[INFO] Compiling 2 source files to /home/travis/build/square/retrofit/retrofit-adapters/rxjava-mock/target/classes
[INFO] 
[INFO] --- maven-resources-plugin:2.6:testResources (default-testResources) @ adapter-rxjava-mock ---
[INFO] Using 'UTF-8' encoding to copy filtered resources.
[INFO] skip non existing resourceDirectory /home/travis/build/square/retrofit/retrofit-adapters/rxjava-mock/src/test/resources
[INFO] 
[INFO] --- maven-compiler-plugin:3.0:testCompile (default-testCompile) @ adapter-rxjava-mock ---
[INFO] Changes detected - recompiling the module!
[INFO] Compiling 1 source file to /home/travis/build/square/retrofit/retrofit-adapters/rxjava-mock/target/test-classes
[INFO] 
[INFO] --- maven-surefire-plugin:2.12.4:test (default-test) @ adapter-rxjava-mock ---
[INFO] Tests are skipped.
[INFO] 
[INFO] --- animal-sniffer-maven-plugin:1.14:check (default) @ adapter-rxjava-mock ---
[INFO] Checking unresolved references to org.codehaus.mojo.signature:java16:1.1
[INFO] 
[INFO] --- maven-jar-plugin:2.4:jar (default-jar) @ adapter-rxjava-mock ---
[INFO] Building jar: /home/travis/build/square/retrofit/retrofit-adapters/rxjava-mock/target/adapter-rxjava-mock-2.0.0-SNAPSHOT.jar
[INFO] 
[INFO] --- maven-checkstyle-plugin:2.15:checkstyle (default) @ adapter-rxjava-mock ---
[INFO] Starting audit...
Audit done.
[WARNING] Unable to locate Source XRef to link to - DISABLED
[INFO] 
[INFO] --- maven-install-plugin:2.4:install (default-install) @ adapter-rxjava-mock ---
[INFO] Installing /home/travis/build/square/retrofit/retrofit-adapters/rxjava-mock/target/adapter-rxjava-mock-2.0.0-SNAPSHOT.jar to /home/travis/.m2/repository/com/squareup/retrofit/adapter-rxjava-mock/2.0.0-SNAPSHOT/adapter-rxjava-mock-2.0.0-SNAPSHOT.jar
[INFO] Installing /home/travis/build/square/retrofit/retrofit-adapters/rxjava-mock/pom.xml to /home/travis/.m2/repository/com/squareup/retrofit/adapter-rxjava-mock/2.0.0-SNAPSHOT/adapter-rxjava-mock-2.0.0-SNAPSHOT.pom
[INFO]                                                                         
[INFO] ------------------------------------------------------------------------
[INFO] Building Converters 2.0.0-SNAPSHOT
[INFO] ------------------------------------------------------------------------
[INFO] 
[INFO] --- maven-enforcer-plugin:1.0:enforce (enforce-maven) @ retrofit-converters ---
[INFO] 
[INFO] --- animal-sniffer-maven-plugin:1.14:check (default) @ retrofit-converters ---
[INFO] Checking unresolved references to org.codehaus.mojo.signature:java16:1.1
[INFO] 
[INFO] --- maven-checkstyle-plugin:2.15:checkstyle (default) @ retrofit-converters ---
[INFO] 
[INFO] --- maven-install-plugin:2.4:install (default-install) @ retrofit-converters ---
[INFO] Installing /home/travis/build/square/retrofit/retrofit-converters/pom.xml to /home/travis/.m2/repository/com/squareup/retrofit/retrofit-converters/2.0.0-SNAPSHOT/retrofit-converters-2.0.0-SNAPSHOT.pom
[INFO]                                                                         
[INFO] ------------------------------------------------------------------------
[INFO] Building Converter: Gson 2.0.0-SNAPSHOT
[INFO] ------------------------------------------------------------------------
[INFO] 
[INFO] --- maven-enforcer-plugin:1.0:enforce (enforce-maven) @ converter-gson ---
[INFO] 
[INFO] --- maven-resources-plugin:2.6:resources (default-resources) @ converter-gson ---
[INFO] Using 'UTF-8' encoding to copy filtered resources.
[INFO] skip non existing resourceDirectory /home/travis/build/square/retrofit/retrofit-converters/gson/src/main/resources
[INFO] 
[INFO] --- maven-compiler-plugin:3.0:compile (default-compile) @ converter-gson ---
[INFO] Changes detected - recompiling the module!
[INFO] Compiling 3 source files to /home/travis/build/square/retrofit/retrofit-converters/gson/target/classes
[INFO] 
[INFO] --- maven-resources-plugin:2.6:testResources (default-testResources) @ converter-gson ---
[INFO] Using 'UTF-8' encoding to copy filtered resources.
[INFO] skip non existing resourceDirectory /home/travis/build/square/retrofit/retrofit-converters/gson/src/test/resources
[INFO] 
[INFO] --- maven-compiler-plugin:3.0:testCompile (default-testCompile) @ converter-gson ---
[INFO] Changes detected - recompiling the module!
[INFO] Compiling 1 source file to /home/travis/build/square/retrofit/retrofit-converters/gson/target/test-classes
[INFO] 
[INFO] --- maven-surefire-plugin:2.12.4:test (default-test) @ converter-gson ---
[INFO] Tests are skipped.
[INFO] 
[INFO] --- animal-sniffer-maven-plugin:1.14:check (default) @ converter-gson ---
[INFO] Checking unresolved references to org.codehaus.mojo.signature:java16:1.1
[INFO] 
[INFO] --- maven-jar-plugin:2.4:jar (default-jar) @ converter-gson ---
[INFO] Building jar: /home/travis/build/square/retrofit/retrofit-converters/gson/target/converter-gson-2.0.0-SNAPSHOT.jar
[INFO] 
[INFO] --- maven-checkstyle-plugin:2.15:checkstyle (default) @ converter-gson ---
[INFO] Starting audit...
Audit done.
[WARNING] Unable to locate Source XRef to link to - DISABLED
[INFO] 
[INFO] --- maven-install-plugin:2.4:install (default-install) @ converter-gson ---
[INFO] Installing /home/travis/build/square/retrofit/retrofit-converters/gson/target/converter-gson-2.0.0-SNAPSHOT.jar to /home/travis/.m2/repository/com/squareup/retrofit/converter-gson/2.0.0-SNAPSHOT/converter-gson-2.0.0-SNAPSHOT.jar
[INFO] Installing /home/travis/build/square/retrofit/retrofit-converters/gson/pom.xml to /home/travis/.m2/repository/com/squareup/retrofit/converter-gson/2.0.0-SNAPSHOT/converter-gson-2.0.0-SNAPSHOT.pom
[INFO]                                                                         
[INFO] ------------------------------------------------------------------------
[INFO] Building Converter: Protocol Buffers 2.0.0-SNAPSHOT
[INFO] ------------------------------------------------------------------------
[INFO] 
[INFO] --- maven-enforcer-plugin:1.0:enforce (enforce-maven) @ converter-protobuf ---
[INFO] 
[INFO] --- maven-resources-plugin:2.6:resources (default-resources) @ converter-protobuf ---
[INFO] Using 'UTF-8' encoding to copy filtered resources.
[INFO] skip non existing resourceDirectory /home/travis/build/square/retrofit/retrofit-converters/protobuf/src/main/resources
[INFO] 
[INFO] --- maven-compiler-plugin:3.0:compile (default-compile) @ converter-protobuf ---
[INFO] Changes detected - recompiling the module!
[INFO] Compiling 3 source files to /home/travis/build/square/retrofit/retrofit-converters/protobuf/target/classes
[WARNING] /home/travis/build/square/retrofit/retrofit-converters/protobuf/src/main/java/retrofit/ProtoConverterFactory.java: /home/travis/build/square/retrofit/retrofit-converters/protobuf/src/main/java/retrofit/ProtoConverterFactory.java uses unchecked or unsafe operations.
[WARNING] /home/travis/build/square/retrofit/retrofit-converters/protobuf/src/main/java/retrofit/ProtoConverterFactory.java: Recompile with -Xlint:unchecked for details.
[INFO] 
[INFO] --- maven-resources-plugin:2.6:testResources (default-testResources) @ converter-protobuf ---
[INFO] Using 'UTF-8' encoding to copy filtered resources.
[INFO] skip non existing resourceDirectory /home/travis/build/square/retrofit/retrofit-converters/protobuf/src/test/resources
[INFO] 
[INFO] --- maven-compiler-plugin:3.0:testCompile (default-testCompile) @ converter-protobuf ---
[INFO] Changes detected - recompiling the module!
[INFO] Compiling 2 source files to /home/travis/build/square/retrofit/retrofit-converters/protobuf/target/test-classes
[INFO] 
[INFO] --- maven-surefire-plugin:2.12.4:test (default-test) @ converter-protobuf ---
[INFO] Tests are skipped.
[INFO] 
[INFO] --- animal-sniffer-maven-plugin:1.14:check (default) @ converter-protobuf ---
[INFO] Checking unresolved references to org.codehaus.mojo.signature:java16:1.1
[INFO] 
[INFO] --- maven-jar-plugin:2.4:jar (default-jar) @ converter-protobuf ---
[INFO] Building jar: /home/travis/build/square/retrofit/retrofit-converters/protobuf/target/converter-protobuf-2.0.0-SNAPSHOT.jar
[INFO] 
[INFO] --- maven-checkstyle-plugin:2.15:checkstyle (default) @ converter-protobuf ---
[INFO] Starting audit...
Audit done.
[WARNING] Unable to locate Source XRef to link to - DISABLED
[INFO] 
[INFO] --- maven-install-plugin:2.4:install (default-install) @ converter-protobuf ---
[INFO] Installing /home/travis/build/square/retrofit/retrofit-converters/protobuf/target/converter-protobuf-2.0.0-SNAPSHOT.jar to /home/travis/.m2/repository/com/squareup/retrofit/converter-protobuf/2.0.0-SNAPSHOT/converter-protobuf-2.0.0-SNAPSHOT.jar
[INFO] Installing /home/travis/build/square/retrofit/retrofit-converters/protobuf/pom.xml to /home/travis/.m2/repository/com/squareup/retrofit/converter-protobuf/2.0.0-SNAPSHOT/converter-protobuf-2.0.0-SNAPSHOT.pom
[INFO]                                                                         
[INFO] ------------------------------------------------------------------------
[INFO] Building Converter: Jackson 2.0.0-SNAPSHOT
[INFO] ------------------------------------------------------------------------
[INFO] 
[INFO] --- maven-enforcer-plugin:1.0:enforce (enforce-maven) @ converter-jackson ---
[INFO] 
[INFO] --- maven-resources-plugin:2.6:resources (default-resources) @ converter-jackson ---
[INFO] Using 'UTF-8' encoding to copy filtered resources.
[INFO] skip non existing resourceDirectory /home/travis/build/square/retrofit/retrofit-converters/jackson/src/main/resources
[INFO] 
[INFO] --- maven-compiler-plugin:3.0:compile (default-compile) @ converter-jackson ---
[INFO] Changes detected - recompiling the module!
[INFO] Compiling 3 source files to /home/travis/build/square/retrofit/retrofit-converters/jackson/target/classes
[INFO] 
[INFO] --- maven-resources-plugin:2.6:testResources (default-testResources) @ converter-jackson ---
[INFO] Using 'UTF-8' encoding to copy filtered resources.
[INFO] skip non existing resourceDirectory /home/travis/build/square/retrofit/retrofit-converters/jackson/src/test/resources
[INFO] 
[INFO] --- maven-compiler-plugin:3.0:testCompile (default-testCompile) @ converter-jackson ---
[INFO] Changes detected - recompiling the module!
[INFO] Compiling 1 source file to /home/travis/build/square/retrofit/retrofit-converters/jackson/target/test-classes
[INFO] 
[INFO] --- maven-surefire-plugin:2.12.4:test (default-test) @ converter-jackson ---
[INFO] Tests are skipped.
[INFO] 
[INFO] --- animal-sniffer-maven-plugin:1.14:check (default) @ converter-jackson ---
[INFO] Checking unresolved references to org.codehaus.mojo.signature:java16:1.1
[INFO] 
[INFO] --- maven-jar-plugin:2.4:jar (default-jar) @ converter-jackson ---
[INFO] Building jar: /home/travis/build/square/retrofit/retrofit-converters/jackson/target/converter-jackson-2.0.0-SNAPSHOT.jar
[INFO] 
[INFO] --- maven-checkstyle-plugin:2.15:checkstyle (default) @ converter-jackson ---
[INFO] Starting audit...
Audit done.
[WARNING] Unable to locate Source XRef to link to - DISABLED
[INFO] 
[INFO] --- maven-install-plugin:2.4:install (default-install) @ converter-jackson ---
[INFO] Installing /home/travis/build/square/retrofit/retrofit-converters/jackson/target/converter-jackson-2.0.0-SNAPSHOT.jar to /home/travis/.m2/repository/com/squareup/retrofit/converter-jackson/2.0.0-SNAPSHOT/converter-jackson-2.0.0-SNAPSHOT.jar
[INFO] Installing /home/travis/build/square/retrofit/retrofit-converters/jackson/pom.xml to /home/travis/.m2/repository/com/squareup/retrofit/converter-jackson/2.0.0-SNAPSHOT/converter-jackson-2.0.0-SNAPSHOT.pom
[INFO]                                                                         
[INFO] ------------------------------------------------------------------------
[INFO] Building Converter: Wire Protocol Buffers 2.0.0-SNAPSHOT
[INFO] ------------------------------------------------------------------------
[INFO] 
[INFO] --- maven-enforcer-plugin:1.0:enforce (enforce-maven) @ converter-wire ---
[INFO] 
[INFO] --- maven-resources-plugin:2.6:resources (default-resources) @ converter-wire ---
[INFO] Using 'UTF-8' encoding to copy filtered resources.
[INFO] skip non existing resourceDirectory /home/travis/build/square/retrofit/retrofit-converters/wire/src/main/resources
[INFO] 
[INFO] --- maven-compiler-plugin:3.0:compile (default-compile) @ converter-wire ---
[INFO] Changes detected - recompiling the module!
[INFO] Compiling 3 source files to /home/travis/build/square/retrofit/retrofit-converters/wire/target/classes
[WARNING] /home/travis/build/square/retrofit/retrofit-converters/wire/src/main/java/retrofit/WireConverterFactory.java: /home/travis/build/square/retrofit/retrofit-converters/wire/src/main/java/retrofit/WireConverterFactory.java uses unchecked or unsafe operations.
[WARNING] /home/travis/build/square/retrofit/retrofit-converters/wire/src/main/java/retrofit/WireConverterFactory.java: Recompile with -Xlint:unchecked for details.
[INFO] 
[INFO] --- maven-resources-plugin:2.6:testResources (default-testResources) @ converter-wire ---
[INFO] Using 'UTF-8' encoding to copy filtered resources.
[INFO] skip non existing resourceDirectory /home/travis/build/square/retrofit/retrofit-converters/wire/src/test/resources
[INFO] 
[INFO] --- maven-compiler-plugin:3.0:testCompile (default-testCompile) @ converter-wire ---
[INFO] Changes detected - recompiling the module!
[INFO] Compiling 2 source files to /home/travis/build/square/retrofit/retrofit-converters/wire/target/test-classes
[INFO] 
[INFO] --- maven-surefire-plugin:2.12.4:test (default-test) @ converter-wire ---
[INFO] Tests are skipped.
[INFO] 
[INFO] --- animal-sniffer-maven-plugin:1.14:check (default) @ converter-wire ---
[INFO] Checking unresolved references to org.codehaus.mojo.signature:java16:1.1
[INFO] 
[INFO] --- maven-jar-plugin:2.4:jar (default-jar) @ converter-wire ---
[INFO] Building jar: /home/travis/build/square/retrofit/retrofit-converters/wire/target/converter-wire-2.0.0-SNAPSHOT.jar
[INFO] 
[INFO] --- maven-checkstyle-plugin:2.15:checkstyle (default) @ converter-wire ---
[INFO] Starting audit...
Audit done.
[WARNING] Unable to locate Source XRef to link to - DISABLED
[INFO] 
[INFO] --- maven-install-plugin:2.4:install (default-install) @ converter-wire ---
[INFO] Installing /home/travis/build/square/retrofit/retrofit-converters/wire/target/converter-wire-2.0.0-SNAPSHOT.jar to /home/travis/.m2/repository/com/squareup/retrofit/converter-wire/2.0.0-SNAPSHOT/converter-wire-2.0.0-SNAPSHOT.jar
[INFO] Installing /home/travis/build/square/retrofit/retrofit-converters/wire/pom.xml to /home/travis/.m2/repository/com/squareup/retrofit/converter-wire/2.0.0-SNAPSHOT/converter-wire-2.0.0-SNAPSHOT.pom
[INFO]                                                                         
[INFO] ------------------------------------------------------------------------
[INFO] Building Converter: SimpleXML 2.0.0-SNAPSHOT
[INFO] ------------------------------------------------------------------------
[INFO] 
[INFO] --- maven-enforcer-plugin:1.0:enforce (enforce-maven) @ converter-simplexml ---
[INFO] 
[INFO] --- maven-resources-plugin:2.6:resources (default-resources) @ converter-simplexml ---
[INFO] Using 'UTF-8' encoding to copy filtered resources.
[INFO] skip non existing resourceDirectory /home/travis/build/square/retrofit/retrofit-converters/simplexml/src/main/resources
[INFO] 
[INFO] --- maven-compiler-plugin:3.0:compile (default-compile) @ converter-simplexml ---
[INFO] Changes detected - recompiling the module!
[INFO] Compiling 3 source files to /home/travis/build/square/retrofit/retrofit-converters/simplexml/target/classes
[INFO] 
[INFO] --- maven-resources-plugin:2.6:testResources (default-testResources) @ converter-simplexml ---
[INFO] Using 'UTF-8' encoding to copy filtered resources.
[INFO] skip non existing resourceDirectory /home/travis/build/square/retrofit/retrofit-converters/simplexml/src/test/resources
[INFO] 
[INFO] --- maven-compiler-plugin:3.0:testCompile (default-testCompile) @ converter-simplexml ---
[INFO] Changes detected - recompiling the module!
[INFO] Compiling 2 source files to /home/travis/build/square/retrofit/retrofit-converters/simplexml/target/test-classes
[INFO] 
[INFO] --- maven-surefire-plugin:2.12.4:test (default-test) @ converter-simplexml ---
[INFO] Tests are skipped.
[INFO] 
[INFO] --- animal-sniffer-maven-plugin:1.14:check (default) @ converter-simplexml ---
[INFO] Checking unresolved references to org.codehaus.mojo.signature:java16:1.1
[INFO] 
[INFO] --- maven-jar-plugin:2.4:jar (default-jar) @ converter-simplexml ---
[INFO] Building jar: /home/travis/build/square/retrofit/retrofit-converters/simplexml/target/converter-simplexml-2.0.0-SNAPSHOT.jar
[INFO] 
[INFO] --- maven-checkstyle-plugin:2.15:checkstyle (default) @ converter-simplexml ---
[INFO] Starting audit...
Audit done.
[WARNING] Unable to locate Source XRef to link to - DISABLED
[INFO] 
[INFO] --- maven-install-plugin:2.4:install (default-install) @ converter-simplexml ---
[INFO] Installing /home/travis/build/square/retrofit/retrofit-converters/simplexml/target/converter-simplexml-2.0.0-SNAPSHOT.jar to /home/travis/.m2/repository/com/squareup/retrofit/converter-simplexml/2.0.0-SNAPSHOT/converter-simplexml-2.0.0-SNAPSHOT.jar
[INFO] Installing /home/travis/build/square/retrofit/retrofit-converters/simplexml/pom.xml to /home/travis/.m2/repository/com/squareup/retrofit/converter-simplexml/2.0.0-SNAPSHOT/converter-simplexml-2.0.0-SNAPSHOT.pom
[INFO]                                                                         
[INFO] ------------------------------------------------------------------------
[INFO] Building Converter: Moshi 2.0.0-SNAPSHOT
[INFO] ------------------------------------------------------------------------
[INFO] 
[INFO] --- maven-enforcer-plugin:1.0:enforce (enforce-maven) @ converter-moshi ---
[INFO] 
[INFO] --- maven-resources-plugin:2.6:resources (default-resources) @ converter-moshi ---
[INFO] Using 'UTF-8' encoding to copy filtered resources.
[INFO] skip non existing resourceDirectory /home/travis/build/square/retrofit/retrofit-converters/moshi/src/main/resources
[INFO] 
[INFO] --- maven-compiler-plugin:3.0:compile (default-compile) @ converter-moshi ---
[INFO] Changes detected - recompiling the module!
[INFO] Compiling 3 source files to /home/travis/build/square/retrofit/retrofit-converters/moshi/target/classes
[INFO] 
[INFO] --- maven-resources-plugin:2.6:testResources (default-testResources) @ converter-moshi ---
[INFO] Using 'UTF-8' encoding to copy filtered resources.
[INFO] skip non existing resourceDirectory /home/travis/build/square/retrofit/retrofit-converters/moshi/src/test/resources
[INFO] 
[INFO] --- maven-compiler-plugin:3.0:testCompile (default-testCompile) @ converter-moshi ---
[INFO] Changes detected - recompiling the module!
[INFO] Compiling 1 source file to /home/travis/build/square/retrofit/retrofit-converters/moshi/target/test-classes
[INFO] 
[INFO] --- maven-surefire-plugin:2.12.4:test (default-test) @ converter-moshi ---
[INFO] Tests are skipped.
[INFO] 
[INFO] --- animal-sniffer-maven-plugin:1.14:check (default) @ converter-moshi ---
[INFO] Checking unresolved references to org.codehaus.mojo.signature:java16:1.1
[INFO] 
[INFO] --- maven-jar-plugin:2.4:jar (default-jar) @ converter-moshi ---
[INFO] Building jar: /home/travis/build/square/retrofit/retrofit-converters/moshi/target/converter-moshi-2.0.0-SNAPSHOT.jar
[INFO] 
[INFO] --- maven-checkstyle-plugin:2.15:checkstyle (default) @ converter-moshi ---
[INFO] Starting audit...
Audit done.
[WARNING] Unable to locate Source XRef to link to - DISABLED
[INFO] 
[INFO] --- maven-install-plugin:2.4:install (default-install) @ converter-moshi ---
[INFO] Installing /home/travis/build/square/retrofit/retrofit-converters/moshi/target/converter-moshi-2.0.0-SNAPSHOT.jar to /home/travis/.m2/repository/com/squareup/retrofit/converter-moshi/2.0.0-SNAPSHOT/converter-moshi-2.0.0-SNAPSHOT.jar
[INFO] Installing /home/travis/build/square/retrofit/retrofit-converters/moshi/pom.xml to /home/travis/.m2/repository/com/squareup/retrofit/converter-moshi/2.0.0-SNAPSHOT/converter-moshi-2.0.0-SNAPSHOT.pom
[INFO]                                                                         
[INFO] ------------------------------------------------------------------------
[INFO] Building Samples 2.0.0-SNAPSHOT
[INFO] ------------------------------------------------------------------------
[INFO] 
[INFO] --- maven-enforcer-plugin:1.0:enforce (enforce-maven) @ samples ---
[INFO] 
[INFO] --- maven-resources-plugin:2.6:resources (default-resources) @ samples ---
[INFO] Using 'UTF-8' encoding to copy filtered resources.
[INFO] skip non existing resourceDirectory /home/travis/build/square/retrofit/samples/src/main/resources
[INFO] 
[INFO] --- maven-compiler-plugin:3.0:compile (default-compile) @ samples ---
[INFO] Changes detected - recompiling the module!
[INFO] Compiling 5 source files to /home/travis/build/square/retrofit/samples/target/classes
[INFO] 
[INFO] --- maven-resources-plugin:2.6:testResources (default-testResources) @ samples ---
[INFO] Using 'UTF-8' encoding to copy filtered resources.
[INFO] skip non existing resourceDirectory /home/travis/build/square/retrofit/samples/src/test/resources
[INFO] 
[INFO] --- maven-compiler-plugin:3.0:testCompile (default-testCompile) @ samples ---
[INFO] No sources to compile
[INFO] 
[INFO] --- maven-surefire-plugin:2.12.4:test (default-test) @ samples ---
[INFO] Tests are skipped.
[INFO] 
[INFO] --- animal-sniffer-maven-plugin:1.14:check (default) @ samples ---
[INFO] Checking unresolved references to org.codehaus.mojo.signature:java16:1.1
[INFO] 
[INFO] --- maven-jar-plugin:2.4:jar (default-jar) @ samples ---
[INFO] Building jar: /home/travis/build/square/retrofit/samples/target/samples-2.0.0-SNAPSHOT.jar
[INFO] 
[INFO] --- maven-checkstyle-plugin:2.15:checkstyle (default) @ samples ---
[INFO] Starting audit...
Audit done.
[WARNING] Unable to locate Source XRef to link to - DISABLED
[INFO] 
[INFO] --- maven-install-plugin:2.4:install (default-install) @ samples ---
[INFO] Installing /home/travis/build/square/retrofit/samples/target/samples-2.0.0-SNAPSHOT.jar to /home/travis/.m2/repository/com/squareup/retrofit/samples/2.0.0-SNAPSHOT/samples-2.0.0-SNAPSHOT.jar
[INFO] Installing /home/travis/build/square/retrofit/samples/pom.xml to /home/travis/.m2/repository/com/squareup/retrofit/samples/2.0.0-SNAPSHOT/samples-2.0.0-SNAPSHOT.pom
[INFO] ------------------------------------------------------------------------
[INFO] Reactor Summary:
[INFO] 
[INFO] Retrofit (Parent) .................................. SUCCESS [  3.422 s]
[INFO] Retrofit ........................................... SUCCESS [ 14.074 s]
[INFO] Adapters ........................................... SUCCESS [  0.535 s]
[INFO] Adapter: RxJava .................................... SUCCESS [  2.110 s]
[INFO] Retrofit Mock Adapter .............................. SUCCESS [  1.682 s]
[INFO] Adapter: RxJava Mock ............................... SUCCESS [  1.218 s]
[INFO] Converters ......................................... SUCCESS [  0.160 s]
[INFO] Converter: Gson .................................... SUCCESS [  0.901 s]
[INFO] Converter: Protocol Buffers ........................ SUCCESS [  1.290 s]
[INFO] Converter: Jackson ................................. SUCCESS [  1.073 s]
[INFO] Converter: Wire Protocol Buffers ................... SUCCESS [  0.801 s]
[INFO] Converter: SimpleXML ............................... SUCCESS [  0.791 s]
[INFO] Converter: Moshi ................................... SUCCESS [  0.588 s]
[INFO] Samples ............................................ SUCCESS [  1.275 s]
[INFO] ------------------------------------------------------------------------
[INFO] BUILD SUCCESS
[INFO] ------------------------------------------------------------------------
[INFO] Total time: 30.302 s
[INFO] Finished at: 2015-11-12T07:04:18+00:00
[INFO] Final Memory: 39M/410M
[INFO] ------------------------------------------------------------------------
travis_time:end:061bc60c:start=1447311825687116029,finish=1447311859465103009,duration=33777986980[0Ktravis_fold:end:install[0Ktravis_time:start:0152ebf4[0K$ mvn test -B
Java HotSpot(TM) 64-Bit Server VM warning: ignoring option MaxPermSize=192m; support was removed in 8.0
[INFO] Scanning for projects...
[WARNING] 
[WARNING] Some problems were encountered while building the effective model for com.squareup.retrofit:samples:jar:2.0.0-SNAPSHOT
[WARNING] 'build.plugins.plugin.version' for org.apache.maven.plugins:maven-deploy-plugin is missing. @ com.squareup.retrofit:samples:[unknown-version], /home/travis/build/square/retrofit/samples/pom.xml, line 45, column 15
[WARNING] 
[WARNING] It is highly recommended to fix these problems because they threaten the stability of your build.
[WARNING] 
[WARNING] For this reason, future Maven versions might no longer support building such malformed projects.
[WARNING] 
[INFO] ------------------------------------------------------------------------
[INFO] Reactor Build Order:
[INFO] 
[INFO] Retrofit (Parent)
[INFO] Retrofit
[INFO] Adapters
[INFO] Adapter: RxJava
[INFO] Retrofit Mock Adapter
[INFO] Adapter: RxJava Mock
[INFO] Converters
[INFO] Converter: Gson
[INFO] Converter: Protocol Buffers
[INFO] Converter: Jackson
[INFO] Converter: Wire Protocol Buffers
[INFO] Converter: SimpleXML
[INFO] Converter: Moshi
[INFO] Samples
[INFO]                                                                         
[INFO] ------------------------------------------------------------------------
[INFO] Building Retrofit (Parent) 2.0.0-SNAPSHOT
[INFO] ------------------------------------------------------------------------
[INFO] 
[INFO] --- maven-enforcer-plugin:1.0:enforce (enforce-maven) @ parent ---
[INFO] 
[INFO] --- animal-sniffer-maven-plugin:1.14:check (default) @ parent ---
[INFO] Checking unresolved references to org.codehaus.mojo.signature:java16:1.1
[INFO]                                                                         
[INFO] ------------------------------------------------------------------------
[INFO] Building Retrofit 2.0.0-SNAPSHOT
[INFO] ------------------------------------------------------------------------
[INFO] 
[INFO] --- maven-enforcer-plugin:1.0:enforce (enforce-maven) @ retrofit ---
[INFO] 
[INFO] --- maven-resources-plugin:2.6:resources (default-resources) @ retrofit ---
[INFO] Using 'UTF-8' encoding to copy filtered resources.
[INFO] skip non existing resourceDirectory /home/travis/build/square/retrofit/retrofit/src/main/resources
[INFO] 
[INFO] --- maven-compiler-plugin:3.0:compile (default-compile) @ retrofit ---
[INFO] Changes detected - recompiling the module!
[INFO] Compiling 41 source files to /home/travis/build/square/retrofit/retrofit/target/classes
[WARNING] /home/travis/build/square/retrofit/retrofit/src/main/java/retrofit/Retrofit.java: Some input files use unchecked or unsafe operations.
[WARNING] /home/travis/build/square/retrofit/retrofit/src/main/java/retrofit/Retrofit.java: Recompile with -Xlint:unchecked for details.
[INFO] 
[INFO] --- maven-resources-plugin:2.6:testResources (default-testResources) @ retrofit ---
[INFO] Using 'UTF-8' encoding to copy filtered resources.
[INFO] skip non existing resourceDirectory /home/travis/build/square/retrofit/retrofit/src/test/resources
[INFO] 
[INFO] --- maven-compiler-plugin:3.0:testCompile (default-testCompile) @ retrofit ---
[INFO] Changes detected - recompiling the module!
[INFO] Compiling 7 source files to /home/travis/build/square/retrofit/retrofit/target/test-classes
[WARNING] /home/travis/build/square/retrofit/retrofit/src/test/java/retrofit/RetrofitTest.java: /home/travis/build/square/retrofit/retrofit/src/test/java/retrofit/RetrofitTest.java uses unchecked or unsafe operations.
[WARNING] /home/travis/build/square/retrofit/retrofit/src/test/java/retrofit/RetrofitTest.java: Recompile with -Xlint:unchecked for details.
[INFO] 
[INFO] --- maven-surefire-plugin:2.12.4:test (default-test) @ retrofit ---
[INFO] Surefire report directory: /home/travis/build/square/retrofit/retrofit/target/surefire-reports

-------------------------------------------------------
 T E S T S
-------------------------------------------------------
Running retrofit.RequestBuilderTest
Tests run: 98, Failures: 0, Errors: 0, Skipped: 2, Time elapsed: 0.842 sec
Running retrofit.ExecutorCallAdapterFactoryTest
Tests run: 8, Failures: 0, Errors: 0, Skipped: 0, Time elapsed: 0.156 sec
Running retrofit.CallTest
Nov 12, 2015 7:04:31 AM com.squareup.okhttp.mockwebserver.MockWebServer$3 execute
INFO: MockWebServer[53142] starting to accept connections
Nov 12, 2015 7:04:31 AM com.squareup.okhttp.mockwebserver.MockWebServer$3 acceptConnections
INFO: MockWebServer[53142] done accepting connections: Socket is closed
Nov 12, 2015 7:04:31 AM com.squareup.okhttp.mockwebserver.MockWebServer$3 execute
INFO: MockWebServer[37311] starting to accept connections
Nov 12, 2015 7:04:31 AM com.squareup.okhttp.mockwebserver.MockWebServer$4 processOneRequest
INFO: MockWebServer[37311] received request: GET / HTTP/1.1 and responded: HTTP/1.1 200 OK
Nov 12, 2015 7:04:31 AM com.squareup.okhttp.mockwebserver.MockWebServer$3 acceptConnections
INFO: MockWebServer[37311] done accepting connections: Socket closed
Nov 12, 2015 7:04:31 AM com.squareup.okhttp.mockwebserver.MockWebServer$3 execute
INFO: MockWebServer[57081] starting to accept connections
Nov 12, 2015 7:04:31 AM com.squareup.okhttp.mockwebserver.MockWebServer$4 processOneRequest
INFO: MockWebServer[57081] received request: GET / HTTP/1.1 and responded: HTTP/1.1 404 OK
Nov 12, 2015 7:04:31 AM com.squareup.okhttp.mockwebserver.MockWebServer$3 acceptConnections
INFO: MockWebServer[57081] done accepting connections: Socket closed
Nov 12, 2015 7:04:31 AM com.squareup.okhttp.mockwebserver.MockWebServer$3 execute
INFO: MockWebServer[41471] starting to accept connections
Nov 12, 2015 7:04:31 AM com.squareup.okhttp.mockwebserver.MockWebServer$3 acceptConnections
INFO: MockWebServer[41471] done accepting connections: Socket is closed
Nov 12, 2015 7:04:31 AM com.squareup.okhttp.mockwebserver.MockWebServer$3 execute
INFO: MockWebServer[42601] starting to accept connections
Nov 12, 2015 7:04:31 AM com.squareup.okhttp.mockwebserver.MockWebServer$3 acceptConnections
INFO: MockWebServer[42601] done accepting connections: Socket closed
Nov 12, 2015 7:04:31 AM com.squareup.okhttp.mockwebserver.MockWebServer$3 execute
INFO: MockWebServer[48409] starting to accept connections
Nov 12, 2015 7:04:31 AM com.squareup.okhttp.mockwebserver.MockWebServer$4 processOneRequest
INFO: MockWebServer[48409] received request: GET / HTTP/1.1 and responded: HTTP/1.1 200 OK
Nov 12, 2015 7:04:31 AM com.squareup.okhttp.mockwebserver.MockWebServer$3 acceptConnections
INFO: MockWebServer[48409] done accepting connections: Socket closed
Nov 12, 2015 7:04:31 AM com.squareup.okhttp.mockwebserver.MockWebServer$3 execute
INFO: MockWebServer[51378] starting to accept connections
Nov 12, 2015 7:04:31 AM com.squareup.okhttp.mockwebserver.MockWebServer$3 acceptConnections
INFO: MockWebServer[51378] done accepting connections: Socket is closed
Nov 12, 2015 7:04:31 AM com.squareup.okhttp.mockwebserver.MockWebServer$3 execute
INFO: MockWebServer[57451] starting to accept connections
Nov 12, 2015 7:04:31 AM com.squareup.okhttp.mockwebserver.MockWebServer$4 processOneRequest
INFO: MockWebServer[57451] received request: GET / HTTP/1.1 and responded: HTTP/1.1 404 OK
Nov 12, 2015 7:04:31 AM com.squareup.okhttp.mockwebserver.MockWebServer$3 acceptConnections
INFO: MockWebServer[57451] done accepting connections: Socket closed
Nov 12, 2015 7:04:31 AM com.squareup.okhttp.mockwebserver.MockWebServer$3 execute
INFO: MockWebServer[50575] starting to accept connections
Nov 12, 2015 7:04:31 AM com.squareup.okhttp.mockwebserver.MockWebServer$4 processOneRequest
INFO: MockWebServer[50575] received request: POST / HTTP/1.1 and responded: HTTP/1.1 200 OK
Nov 12, 2015 7:04:31 AM com.squareup.okhttp.mockwebserver.MockWebServer$3 acceptConnections
INFO: MockWebServer[50575] done accepting connections: Socket closed
Nov 12, 2015 7:04:31 AM com.squareup.okhttp.mockwebserver.MockWebServer$3 execute
INFO: MockWebServer[54942] starting to accept connections
Nov 12, 2015 7:04:31 AM com.squareup.okhttp.mockwebserver.MockWebServer$4 processOneRequest
INFO: MockWebServer[54942] received request: GET / HTTP/1.1 and responded: HTTP/1.1 204 Nothin
Nov 12, 2015 7:04:31 AM com.squareup.okhttp.mockwebserver.MockWebServer$3 acceptConnections
INFO: MockWebServer[54942] done accepting connections: Socket closed
Nov 12, 2015 7:04:31 AM com.squareup.okhttp.mockwebserver.MockWebServer$3 execute
INFO: MockWebServer[35777] starting to accept connections
Nov 12, 2015 7:04:31 AM com.squareup.okhttp.mockwebserver.MockWebServer$3 acceptConnections
INFO: MockWebServer[35777] done accepting connections: Socket closed
Nov 12, 2015 7:04:31 AM com.squareup.okhttp.mockwebserver.MockWebServer$4 processOneRequest
INFO: MockWebServer[35777] received request: GET / HTTP/1.1 and responded: HTTP/1.1 200 OK
Nov 12, 2015 7:04:31 AM com.squareup.okhttp.mockwebserver.MockWebServer$3 execute
INFO: MockWebServer[55322] starting to accept connections
Nov 12, 2015 7:04:31 AM com.squareup.okhttp.mockwebserver.MockWebServer$3 acceptConnections
INFO: MockWebServer[55322] done accepting connections: Socket closed
Nov 12, 2015 7:04:31 AM com.squareup.okhttp.mockwebserver.MockWebServer$4 processOneRequest
INFO: MockWebServer[55322] received request: GET / HTTP/1.1 and responded: HTTP/1.1 200 OK
Nov 12, 2015 7:04:31 AM com.squareup.okhttp.mockwebserver.MockWebServer$3 execute
INFO: MockWebServer[40752] starting to accept connections
Nov 12, 2015 7:04:31 AM com.squareup.okhttp.mockwebserver.MockWebServer$3 acceptConnections
INFO: MockWebServer[40752] done accepting connections: Socket closed
Nov 12, 2015 7:04:31 AM com.squareup.okhttp.mockwebserver.MockWebServer$4 processOneRequest
INFO: MockWebServer[40752] received request: POST / HTTP/1.1 and responded: HTTP/1.1 200 OK
Nov 12, 2015 7:04:31 AM com.squareup.okhttp.mockwebserver.MockWebServer$3 execute
INFO: MockWebServer[57007] starting to accept connections
Nov 12, 2015 7:04:31 AM com.squareup.okhttp.mockwebserver.MockWebServer$3 acceptConnections
INFO: MockWebServer[57007] done accepting connections: Socket is closed
Nov 12, 2015 7:04:31 AM com.squareup.okhttp.mockwebserver.MockWebServer$3 execute
INFO: MockWebServer[60102] starting to accept connections
Nov 12, 2015 7:04:31 AM com.squareup.okhttp.mockwebserver.MockWebServer$3 acceptConnections
INFO: MockWebServer[60102] done accepting connections: Socket closed
Nov 12, 2015 7:04:31 AM com.squareup.okhttp.mockwebserver.MockWebServer$4 processOneRequest
INFO: MockWebServer[60102] received request: GET / HTTP/1.1 and responded: HTTP/1.1 200 OK
Nov 12, 2015 7:04:31 AM com.squareup.okhttp.mockwebserver.MockWebServer$3 execute
INFO: MockWebServer[51478] starting to accept connections
Nov 12, 2015 7:04:31 AM com.squareup.okhttp.mockwebserver.MockWebServer$3 acceptConnections
INFO: MockWebServer[51478] done accepting connections: Socket closed
Nov 12, 2015 7:04:31 AM com.squareup.okhttp.mockwebserver.MockWebServer$4 processOneRequest
INFO: MockWebServer[51478] received request: GET / HTTP/1.1 and responded: HTTP/1.1 200 OK
Nov 12, 2015 7:04:31 AM com.squareup.okhttp.mockwebserver.MockWebServer$3 execute
INFO: MockWebServer[55596] starting to accept connections
Nov 12, 2015 7:04:31 AM com.squareup.okhttp.mockwebserver.MockWebServer$3 acceptConnections
INFO: MockWebServer[55596] done accepting connections: Socket closed
Nov 12, 2015 7:04:31 AM com.squareup.okhttp.mockwebserver.MockWebServer$4 processOneRequest
INFO: MockWebServer[55596] received request: GET / HTTP/1.1 and responded: HTTP/1.1 205 Nothin
Nov 12, 2015 7:04:31 AM com.squareup.okhttp.mockwebserver.MockWebServer$3 execute
INFO: MockWebServer[56420] starting to accept connections
Nov 12, 2015 7:04:31 AM com.squareup.okhttp.mockwebserver.MockWebServer$4 processOneRequest
INFO: MockWebServer[56420] received request: GET / HTTP/1.1 and responded: HTTP/1.1 200 OK
Nov 12, 2015 7:04:31 AM com.squareup.okhttp.mockwebserver.MockWebServer$4 processOneRequest
INFO: MockWebServer[56420] received request: GET / HTTP/1.1 and responded: HTTP/1.1 200 OK
Nov 12, 2015 7:04:31 AM com.squareup.okhttp.mockwebserver.MockWebServer$3 acceptConnections
INFO: MockWebServer[56420] done accepting connections: Socket closed
Nov 12, 2015 7:04:31 AM com.squareup.okhttp.mockwebserver.MockWebServer$3 execute
INFO: MockWebServer[45026] starting to accept connections
Nov 12, 2015 7:04:31 AM com.squareup.okhttp.mockwebserver.MockWebServer$4 processOneRequest
INFO: MockWebServer[45026] received request: GET / HTTP/1.1 and responded: HTTP/1.1 200 OK
Nov 12, 2015 7:04:31 AM com.squareup.okhttp.mockwebserver.MockWebServer$3 acceptConnections
INFO: MockWebServer[45026] done accepting connections: Socket closed
Nov 12, 2015 7:04:31 AM com.squareup.okhttp.mockwebserver.MockWebServer$3 execute
INFO: MockWebServer[45590] starting to accept connections
Nov 12, 2015 7:04:31 AM com.squareup.okhttp.mockwebserver.MockWebServer$3 acceptConnections
INFO: MockWebServer[45590] done accepting connections: Socket is closed
Nov 12, 2015 7:04:31 AM com.squareup.okhttp.mockwebserver.MockWebServer$3 execute
INFO: MockWebServer[50405] starting to accept connections
Nov 12, 2015 7:04:31 AM com.squareup.okhttp.mockwebserver.MockWebServer$3 acceptConnections
INFO: MockWebServer[50405] done accepting connections: Socket closed
Nov 12, 2015 7:04:31 AM com.squareup.okhttp.mockwebserver.MockWebServer$3 execute
INFO: MockWebServer[57245] starting to accept connections
Nov 12, 2015 7:04:31 AM com.squareup.okhttp.mockwebserver.MockWebServer$4 processOneRequest
INFO: MockWebServer[57245] received request: GET / HTTP/1.1 and responded: HTTP/1.1 200 OK
Nov 12, 2015 7:04:31 AM com.squareup.okhttp.mockwebserver.MockWebServer$3 acceptConnections
INFO: MockWebServer[57245] done accepting connections: Socket closed
Nov 12, 2015 7:04:31 AM com.squareup.okhttp.mockwebserver.MockWebServer$3 execute
INFO: MockWebServer[40895] starting to accept connections
Nov 12, 2015 7:04:31 AM com.squareup.okhttp.mockwebserver.MockWebServer$3 acceptConnections
INFO: MockWebServer[40895] done accepting connections: Socket closed
Nov 12, 2015 7:04:31 AM com.squareup.okhttp.mockwebserver.MockWebServer$4 processOneRequest
INFO: MockWebServer[40895] received request: GET / HTTP/1.1 and responded: HTTP/1.1 200 OK
Tests run: 23, Failures: 0, Errors: 0, Skipped: 0, Time elapsed: 0.301 sec
Running retrofit.RequestFactoryParserTest
Tests run: 1, Failures: 0, Errors: 0, Skipped: 0, Time elapsed: 0 sec
Running retrofit.RetrofitTest
Nov 12, 2015 7:04:31 AM com.squareup.okhttp.mockwebserver.MockWebServer$3 execute
INFO: MockWebServer[39995] starting to accept connections
Nov 12, 2015 7:04:31 AM com.squareup.okhttp.mockwebserver.MockWebServer$3 acceptConnections
INFO: MockWebServer[39995] done accepting connections: Socket is closed
Nov 12, 2015 7:04:31 AM com.squareup.okhttp.mockwebserver.MockWebServer$3 execute
INFO: MockWebServer[60544] starting to accept connections
Nov 12, 2015 7:04:31 AM com.squareup.okhttp.mockwebserver.MockWebServer$3 acceptConnections
INFO: MockWebServer[60544] done accepting connections: Socket is closed
Nov 12, 2015 7:04:31 AM com.squareup.okhttp.mockwebserver.MockWebServer$3 execute
INFO: MockWebServer[50036] starting to accept connections
Nov 12, 2015 7:04:31 AM com.squareup.okhttp.mockwebserver.MockWebServer$3 acceptConnections
INFO: MockWebServer[50036] done accepting connections: Socket is closed
Nov 12, 2015 7:04:31 AM com.squareup.okhttp.mockwebserver.MockWebServer$3 execute
INFO: MockWebServer[55490] starting to accept connections
Nov 12, 2015 7:04:31 AM com.squareup.okhttp.mockwebserver.MockWebServer$3 acceptConnections
INFO: MockWebServer[55490] done accepting connections: Socket is closed
Nov 12, 2015 7:04:31 AM com.squareup.okhttp.mockwebserver.MockWebServer$3 execute
INFO: MockWebServer[36775] starting to accept connections
Nov 12, 2015 7:04:31 AM com.squareup.okhttp.mockwebserver.MockWebServer$3 acceptConnections
INFO: MockWebServer[36775] done accepting connections: Socket is closed
Nov 12, 2015 7:04:31 AM com.squareup.okhttp.mockwebserver.MockWebServer$3 execute
INFO: MockWebServer[59616] starting to accept connections
Nov 12, 2015 7:04:31 AM com.squareup.okhttp.mockwebserver.MockWebServer$3 acceptConnections
INFO: MockWebServer[59616] done accepting connections: Socket is closed
Nov 12, 2015 7:04:31 AM com.squareup.okhttp.mockwebserver.MockWebServer$3 execute
INFO: MockWebServer[40463] starting to accept connections
Nov 12, 2015 7:04:31 AM com.squareup.okhttp.mockwebserver.MockWebServer$3 acceptConnections
INFO: MockWebServer[40463] done accepting connections: Socket is closed
Nov 12, 2015 7:04:31 AM com.squareup.okhttp.mockwebserver.MockWebServer$3 execute
INFO: MockWebServer[37379] starting to accept connections
Nov 12, 2015 7:04:31 AM com.squareup.okhttp.mockwebserver.MockWebServer$3 acceptConnections
INFO: MockWebServer[37379] done accepting connections: Socket is closed
Nov 12, 2015 7:04:31 AM com.squareup.okhttp.mockwebserver.MockWebServer$3 execute
INFO: MockWebServer[50120] starting to accept connections
Nov 12, 2015 7:04:31 AM com.squareup.okhttp.mockwebserver.MockWebServer$3 acceptConnections
INFO: MockWebServer[50120] done accepting connections: Socket is closed
Nov 12, 2015 7:04:31 AM com.squareup.okhttp.mockwebserver.MockWebServer$3 execute
INFO: MockWebServer[59071] starting to accept connections
Nov 12, 2015 7:04:31 AM com.squareup.okhttp.mockwebserver.MockWebServer$3 acceptConnections
INFO: MockWebServer[59071] done accepting connections: Socket is closed
Nov 12, 2015 7:04:31 AM com.squareup.okhttp.mockwebserver.MockWebServer$3 execute
INFO: MockWebServer[56942] starting to accept connections
Nov 12, 2015 7:04:31 AM com.squareup.okhttp.mockwebserver.MockWebServer$3 acceptConnections
INFO: MockWebServer[56942] done accepting connections: Socket closed
Nov 12, 2015 7:04:31 AM com.squareup.okhttp.mockwebserver.MockWebServer$3 execute
INFO: MockWebServer[53252] starting to accept connections
Nov 12, 2015 7:04:31 AM com.squareup.okhttp.mockwebserver.MockWebServer$4 processOneRequest
INFO: MockWebServer[53252] received request: GET / HTTP/1.1 and responded: HTTP/1.1 200 OK
Nov 12, 2015 7:04:31 AM com.squareup.okhttp.mockwebserver.MockWebServer$3 acceptConnections
INFO: MockWebServer[53252] done accepting connections: Socket closed
Nov 12, 2015 7:04:31 AM com.squareup.okhttp.mockwebserver.MockWebServer$3 execute
INFO: MockWebServer[43339] starting to accept connections
Nov 12, 2015 7:04:31 AM com.squareup.okhttp.mockwebserver.MockWebServer$3 acceptConnections
INFO: MockWebServer[43339] done accepting connections: Socket is closed
Nov 12, 2015 7:04:31 AM com.squareup.okhttp.mockwebserver.MockWebServer$3 execute
INFO: MockWebServer[39128] starting to accept connections
Nov 12, 2015 7:04:31 AM com.squareup.okhttp.mockwebserver.MockWebServer$3 acceptConnections
INFO: MockWebServer[39128] done accepting connections: Socket is closed
Nov 12, 2015 7:04:31 AM com.squareup.okhttp.mockwebserver.MockWebServer$3 execute
INFO: MockWebServer[45731] starting to accept connections
Nov 12, 2015 7:04:31 AM com.squareup.okhttp.mockwebserver.MockWebServer$4 processOneRequest
INFO: MockWebServer[45731] received request: GET / HTTP/1.1 and responded: HTTP/1.1 200 OK
Nov 12, 2015 7:04:31 AM com.squareup.okhttp.mockwebserver.MockWebServer$3 acceptConnections
INFO: MockWebServer[45731] done accepting connections: Socket closed
Nov 12, 2015 7:04:31 AM com.squareup.okhttp.mockwebserver.MockWebServer$3 execute
INFO: MockWebServer[49344] starting to accept connections
Nov 12, 2015 7:04:31 AM com.squareup.okhttp.mockwebserver.MockWebServer$3 acceptConnections
INFO: MockWebServer[49344] done accepting connections: Socket closed
Nov 12, 2015 7:04:31 AM com.squareup.okhttp.mockwebserver.MockWebServer$3 execute
INFO: MockWebServer[56342] starting to accept connections
Nov 12, 2015 7:04:31 AM com.squareup.okhttp.mockwebserver.MockWebServer$4 processOneRequest
INFO: MockWebServer[56342] received request: POST / HTTP/1.1 and responded: HTTP/1.1 200 OK
Nov 12, 2015 7:04:31 AM com.squareup.okhttp.mockwebserver.MockWebServer$3 acceptConnections
INFO: MockWebServer[56342] done accepting connections: Socket closed
Nov 12, 2015 7:04:31 AM com.squareup.okhttp.mockwebserver.MockWebServer$3 execute
INFO: MockWebServer[53421] starting to accept connections
Nov 12, 2015 7:04:31 AM com.squareup.okhttp.mockwebserver.MockWebServer$3 acceptConnections
INFO: MockWebServer[53421] done accepting connections: Socket is closed
Nov 12, 2015 7:04:31 AM com.squareup.okhttp.mockwebserver.MockWebServer$3 execute
INFO: MockWebServer[57491] starting to accept connections
Nov 12, 2015 7:04:31 AM com.squareup.okhttp.mockwebserver.MockWebServer$3 acceptConnections
INFO: MockWebServer[57491] done accepting connections: Socket is closed
Nov 12, 2015 7:04:31 AM com.squareup.okhttp.mockwebserver.MockWebServer$3 execute
INFO: MockWebServer[54733] starting to accept connections
Nov 12, 2015 7:04:31 AM com.squareup.okhttp.mockwebserver.MockWebServer$3 acceptConnections
INFO: MockWebServer[54733] done accepting connections: Socket is closed
Nov 12, 2015 7:04:31 AM com.squareup.okhttp.mockwebserver.MockWebServer$3 execute
INFO: MockWebServer[47628] starting to accept connections
Nov 12, 2015 7:04:31 AM com.squareup.okhttp.mockwebserver.MockWebServer$3 acceptConnections
INFO: MockWebServer[47628] done accepting connections: Socket is closed
Nov 12, 2015 7:04:31 AM com.squareup.okhttp.mockwebserver.MockWebServer$3 execute
INFO: MockWebServer[37033] starting to accept connections
Nov 12, 2015 7:04:31 AM com.squareup.okhttp.mockwebserver.MockWebServer$3 acceptConnections
INFO: MockWebServer[37033] done accepting connections: Socket is closed
Nov 12, 2015 7:04:31 AM com.squareup.okhttp.mockwebserver.MockWebServer$3 execute
INFO: MockWebServer[44560] starting to accept connections
Nov 12, 2015 7:04:31 AM com.squareup.okhttp.mockwebserver.MockWebServer$4 processOneRequest
INFO: MockWebServer[44560] received request: GET / HTTP/1.1 and responded: HTTP/1.1 200 OK
Nov 12, 2015 7:04:31 AM com.squareup.okhttp.mockwebserver.MockWebServer$3 acceptConnections
INFO: MockWebServer[44560] done accepting connections: Socket closed
Nov 12, 2015 7:04:31 AM com.squareup.okhttp.mockwebserver.MockWebServer$3 execute
INFO: MockWebServer[46467] starting to accept connections
Nov 12, 2015 7:04:31 AM com.squareup.okhttp.mockwebserver.MockWebServer$3 acceptConnections
INFO: MockWebServer[46467] done accepting connections: Socket is closed
Nov 12, 2015 7:04:31 AM com.squareup.okhttp.mockwebserver.MockWebServer$3 execute
INFO: MockWebServer[56666] starting to accept connections
Nov 12, 2015 7:04:31 AM com.squareup.okhttp.mockwebserver.MockWebServer$3 acceptConnections
INFO: MockWebServer[56666] done accepting connections: Socket is closed
Nov 12, 2015 7:04:31 AM com.squareup.okhttp.mockwebserver.MockWebServer$3 execute
INFO: MockWebServer[36023] starting to accept connections
Nov 12, 2015 7:04:31 AM com.squareup.okhttp.mockwebserver.MockWebServer$3 acceptConnections
INFO: MockWebServer[36023] done accepting connections: Socket is closed
Nov 12, 2015 7:04:31 AM com.squareup.okhttp.mockwebserver.MockWebServer$3 execute
INFO: MockWebServer[33793] starting to accept connections
Nov 12, 2015 7:04:31 AM com.squareup.okhttp.mockwebserver.MockWebServer$3 acceptConnections
INFO: MockWebServer[33793] done accepting connections: Socket is closed
Nov 12, 2015 7:04:31 AM com.squareup.okhttp.mockwebserver.MockWebServer$3 execute
INFO: MockWebServer[51043] starting to accept connections
Nov 12, 2015 7:04:31 AM com.squareup.okhttp.mockwebserver.MockWebServer$3 acceptConnections
INFO: MockWebServer[51043] done accepting connections: Socket is closed
Nov 12, 2015 7:04:31 AM com.squareup.okhttp.mockwebserver.MockWebServer$3 execute
INFO: MockWebServer[33585] starting to accept connections
Nov 12, 2015 7:04:31 AM com.squareup.okhttp.mockwebserver.MockWebServer$3 acceptConnections
INFO: MockWebServer[33585] done accepting connections: Socket is closed
Nov 12, 2015 7:04:31 AM com.squareup.okhttp.mockwebserver.MockWebServer$3 execute
INFO: MockWebServer[35390] starting to accept connections
Nov 12, 2015 7:04:31 AM com.squareup.okhttp.mockwebserver.MockWebServer$3 acceptConnections
INFO: MockWebServer[35390] done accepting connections: Socket closed
Nov 12, 2015 7:04:31 AM com.squareup.okhttp.mockwebserver.MockWebServer$3 execute
INFO: MockWebServer[53893] starting to accept connections
Nov 12, 2015 7:04:31 AM com.squareup.okhttp.mockwebserver.MockWebServer$3 acceptConnections
INFO: MockWebServer[53893] done accepting connections: Socket is closed
Nov 12, 2015 7:04:31 AM com.squareup.okhttp.mockwebserver.MockWebServer$3 execute
INFO: MockWebServer[53949] starting to accept connections
Nov 12, 2015 7:04:31 AM com.squareup.okhttp.mockwebserver.MockWebServer$3 acceptConnections
INFO: MockWebServer[53949] done accepting connections: Socket is closed
Nov 12, 2015 7:04:31 AM com.squareup.okhttp.mockwebserver.MockWebServer$3 execute
INFO: MockWebServer[56731] starting to accept connections
Nov 12, 2015 7:04:31 AM com.squareup.okhttp.mockwebserver.MockWebServer$3 acceptConnections
INFO: MockWebServer[56731] done accepting connections: Socket closed
Nov 12, 2015 7:04:31 AM com.squareup.okhttp.mockwebserver.MockWebServer$3 execute
INFO: MockWebServer[55347] starting to accept connections
Nov 12, 2015 7:04:31 AM com.squareup.okhttp.mockwebserver.MockWebServer$3 acceptConnections
INFO: MockWebServer[55347] done accepting connections: Socket is closed
Nov 12, 2015 7:04:31 AM com.squareup.okhttp.mockwebserver.MockWebServer$3 execute
INFO: MockWebServer[52777] starting to accept connections
Nov 12, 2015 7:04:31 AM com.squareup.okhttp.mockwebserver.MockWebServer$3 acceptConnections
INFO: MockWebServer[52777] done accepting connections: Socket is closed
Nov 12, 2015 7:04:31 AM com.squareup.okhttp.mockwebserver.MockWebServer$3 execute
INFO: MockWebServer[54062] starting to accept connections
Nov 12, 2015 7:04:31 AM com.squareup.okhttp.mockwebserver.MockWebServer$3 acceptConnections
INFO: MockWebServer[54062] done accepting connections: Socket is closed
Nov 12, 2015 7:04:31 AM com.squareup.okhttp.mockwebserver.MockWebServer$3 execute
INFO: MockWebServer[60807] starting to accept connections
Nov 12, 2015 7:04:31 AM com.squareup.okhttp.mockwebserver.MockWebServer$3 acceptConnections
INFO: MockWebServer[60807] done accepting connections: Socket is closed
Nov 12, 2015 7:04:31 AM com.squareup.okhttp.mockwebserver.MockWebServer$3 execute
INFO: MockWebServer[36046] starting to accept connections
Nov 12, 2015 7:04:31 AM com.squareup.okhttp.mockwebserver.MockWebServer$3 acceptConnections
INFO: MockWebServer[36046] done accepting connections: Socket is closed
Nov 12, 2015 7:04:31 AM com.squareup.okhttp.mockwebserver.MockWebServer$3 execute
INFO: MockWebServer[45421] starting to accept connections
Nov 12, 2015 7:04:31 AM com.squareup.okhttp.mockwebserver.MockWebServer$3 acceptConnections
INFO: MockWebServer[45421] done accepting connections: Socket is closed
Nov 12, 2015 7:04:31 AM com.squareup.okhttp.mockwebserver.MockWebServer$3 execute
INFO: MockWebServer[54789] starting to accept connections
Nov 12, 2015 7:04:31 AM com.squareup.okhttp.mockwebserver.MockWebServer$3 acceptConnections
INFO: MockWebServer[54789] done accepting connections: Socket is closed
Nov 12, 2015 7:04:31 AM com.squareup.okhttp.mockwebserver.MockWebServer$3 execute
INFO: MockWebServer[38096] starting to accept connections
Nov 12, 2015 7:04:31 AM com.squareup.okhttp.mockwebserver.MockWebServer$3 acceptConnections
INFO: MockWebServer[38096] done accepting connections: Socket closed
Nov 12, 2015 7:04:31 AM com.squareup.okhttp.mockwebserver.MockWebServer$3 execute
INFO: MockWebServer[38121] starting to accept connections
Nov 12, 2015 7:04:31 AM com.squareup.okhttp.mockwebserver.MockWebServer$3 acceptConnections
INFO: MockWebServer[38121] done accepting connections: Socket is closed
Nov 12, 2015 7:04:31 AM com.squareup.okhttp.mockwebserver.MockWebServer$3 execute
INFO: MockWebServer[56376] starting to accept connections
Nov 12, 2015 7:04:31 AM com.squareup.okhttp.mockwebserver.MockWebServer$3 acceptConnections
INFO: MockWebServer[56376] done accepting connections: Socket closed
Nov 12, 2015 7:04:31 AM com.squareup.okhttp.mockwebserver.MockWebServer$3 execute
INFO: MockWebServer[52061] starting to accept connections
Nov 12, 2015 7:04:31 AM com.squareup.okhttp.mockwebserver.MockWebServer$3 acceptConnections
INFO: MockWebServer[52061] done accepting connections: Socket is closed
Nov 12, 2015 7:04:31 AM com.squareup.okhttp.mockwebserver.MockWebServer$3 execute
INFO: MockWebServer[55740] starting to accept connections
Nov 12, 2015 7:04:31 AM com.squareup.okhttp.mockwebserver.MockWebServer$3 acceptConnections
INFO: MockWebServer[55740] done accepting connections: Socket is closed
Nov 12, 2015 7:04:31 AM com.squareup.okhttp.mockwebserver.MockWebServer$3 execute
INFO: MockWebServer[41400] starting to accept connections
Nov 12, 2015 7:04:31 AM com.squareup.okhttp.mockwebserver.MockWebServer$3 acceptConnections
INFO: MockWebServer[41400] done accepting connections: Socket is closed
Nov 12, 2015 7:04:31 AM com.squareup.okhttp.mockwebserver.MockWebServer$3 execute
INFO: MockWebServer[54973] starting to accept connections
Nov 12, 2015 7:04:31 AM com.squareup.okhttp.mockwebserver.MockWebServer$3 acceptConnections
INFO: MockWebServer[54973] done accepting connections: Socket is closed
Nov 12, 2015 7:04:31 AM com.squareup.okhttp.mockwebserver.MockWebServer$3 execute
INFO: MockWebServer[40709] starting to accept connections
Nov 12, 2015 7:04:31 AM com.squareup.okhttp.mockwebserver.MockWebServer$3 acceptConnections
INFO: MockWebServer[40709] done accepting connections: Socket is closed
Nov 12, 2015 7:04:31 AM com.squareup.okhttp.mockwebserver.MockWebServer$3 execute
INFO: MockWebServer[55093] starting to accept connections
Nov 12, 2015 7:04:31 AM com.squareup.okhttp.mockwebserver.MockWebServer$3 acceptConnections
INFO: MockWebServer[55093] done accepting connections: Socket closed
Tests run: 49, Failures: 0, Errors: 0, Skipped: 0, Time elapsed: 0.354 sec

Results :

Tests run: 179, Failures: 0, Errors: 0, Skipped: 2

[INFO] 
[INFO] --- animal-sniffer-maven-plugin:1.14:check (default) @ retrofit ---
[INFO] Checking unresolved references to org.codehaus.mojo.signature:java16:1.1
[INFO]                                                                         
[INFO] ------------------------------------------------------------------------
[INFO] Building Adapters 2.0.0-SNAPSHOT
[INFO] ------------------------------------------------------------------------
[INFO] 
[INFO] --- maven-enforcer-plugin:1.0:enforce (enforce-maven) @ retrofit-adapters ---
[INFO] 
[INFO] --- animal-sniffer-maven-plugin:1.14:check (default) @ retrofit-adapters ---
[INFO] Checking unresolved references to org.codehaus.mojo.signature:java16:1.1
[INFO]                                                                         
[INFO] ------------------------------------------------------------------------
[INFO] Building Adapter: RxJava 2.0.0-SNAPSHOT
[INFO] ------------------------------------------------------------------------
[INFO] 
[INFO] --- maven-enforcer-plugin:1.0:enforce (enforce-maven) @ adapter-rxjava ---
[INFO] 
[INFO] --- maven-resources-plugin:2.6:resources (default-resources) @ adapter-rxjava ---
[INFO] Using 'UTF-8' encoding to copy filtered resources.
[INFO] skip non existing resourceDirectory /home/travis/build/square/retrofit/retrofit-adapters/rxjava/src/main/resources
[INFO] 
[INFO] --- maven-compiler-plugin:3.0:compile (default-compile) @ adapter-rxjava ---
[INFO] Changes detected - recompiling the module!
[INFO] Compiling 4 source files to /home/travis/build/square/retrofit/retrofit-adapters/rxjava/target/classes
[INFO] 
[INFO] --- maven-resources-plugin:2.6:testResources (default-testResources) @ adapter-rxjava ---
[INFO] Using 'UTF-8' encoding to copy filtered resources.
[INFO] skip non existing resourceDirectory /home/travis/build/square/retrofit/retrofit-adapters/rxjava/src/test/resources
[INFO] 
[INFO] --- maven-compiler-plugin:3.0:testCompile (default-testCompile) @ adapter-rxjava ---
[INFO] Changes detected - recompiling the module!
[INFO] Compiling 2 source files to /home/travis/build/square/retrofit/retrofit-adapters/rxjava/target/test-classes
[INFO] 
[INFO] --- maven-surefire-plugin:2.12.4:test (default-test) @ adapter-rxjava ---
[INFO] Surefire report directory: /home/travis/build/square/retrofit/retrofit-adapters/rxjava/target/surefire-reports

-------------------------------------------------------
 T E S T S
-------------------------------------------------------
Running retrofit.ResultTest
Tests run: 4, Failures: 0, Errors: 0, Skipped: 0, Time elapsed: 0.141 sec
Running retrofit.RxJavaCallAdapterFactoryTest
Nov 12, 2015 7:04:33 AM com.squareup.okhttp.mockwebserver.MockWebServer$3 execute
INFO: MockWebServer[36671] starting to accept connections
Nov 12, 2015 7:04:34 AM com.squareup.okhttp.mockwebserver.MockWebServer$4 processConnection
WARNING: MockWebServer[36671] connection from /127.0.0.1 didn't make a request
Nov 12, 2015 7:04:34 AM com.squareup.okhttp.mockwebserver.MockWebServer$3 acceptConnections
INFO: MockWebServer[36671] done accepting connections: Socket closed
Nov 12, 2015 7:04:34 AM com.squareup.okhttp.mockwebserver.MockWebServer$3 execute
INFO: MockWebServer[37554] starting to accept connections
Nov 12, 2015 7:04:34 AM com.squareup.okhttp.mockwebserver.MockWebServer$4 processOneRequest
INFO: MockWebServer[37554] received request: GET / HTTP/1.1 and responded: HTTP/1.1 200 OK
Nov 12, 2015 7:04:34 AM com.squareup.okhttp.mockwebserver.MockWebServer$3 acceptConnections
INFO: MockWebServer[37554] done accepting connections: Socket closed
Nov 12, 2015 7:04:34 AM com.squareup.okhttp.mockwebserver.MockWebServer$3 execute
INFO: MockWebServer[55420] starting to accept connections
Nov 12, 2015 7:04:34 AM com.squareup.okhttp.mockwebserver.MockWebServer$3 acceptConnections
INFO: MockWebServer[55420] done accepting connections: Socket closed
Nov 12, 2015 7:04:34 AM com.squareup.okhttp.mockwebserver.MockWebServer$4 processOneRequest
INFO: MockWebServer[55420] received request: GET / HTTP/1.1 and responded: HTTP/1.1 404 OK
Nov 12, 2015 7:04:34 AM com.squareup.okhttp.mockwebserver.MockWebServer$3 execute
INFO: MockWebServer[58866] starting to accept connections
Nov 12, 2015 7:04:34 AM com.squareup.okhttp.mockwebserver.MockWebServer$3 acceptConnections
INFO: MockWebServer[58866] done accepting connections: Socket closed
Nov 12, 2015 7:04:34 AM com.squareup.okhttp.mockwebserver.MockWebServer$3 execute
INFO: MockWebServer[53370] starting to accept connections
Nov 12, 2015 7:04:34 AM com.squareup.okhttp.mockwebserver.MockWebServer$3 acceptConnections
INFO: MockWebServer[53370] done accepting connections: Socket closed
Nov 12, 2015 7:04:34 AM com.squareup.okhttp.mockwebserver.MockWebServer$3 execute
INFO: MockWebServer[38104] starting to accept connections
Nov 12, 2015 7:04:34 AM com.squareup.okhttp.mockwebserver.MockWebServer$4 processConnection
WARNING: MockWebServer[38104] connection from /127.0.0.1 didn't make a request
Nov 12, 2015 7:04:34 AM com.squareup.okhttp.mockwebserver.MockWebServer$3 acceptConnections
INFO: MockWebServer[38104] done accepting connections: Socket closed
Nov 12, 2015 7:04:34 AM com.squareup.okhttp.mockwebserver.MockWebServer$3 execute
INFO: MockWebServer[52121] starting to accept connections
Nov 12, 2015 7:04:34 AM com.squareup.okhttp.mockwebserver.MockWebServer$4 processOneRequest
INFO: MockWebServer[52121] received request: GET / HTTP/1.1 and responded: HTTP/1.1 200 OK
Nov 12, 2015 7:04:34 AM com.squareup.okhttp.mockwebserver.MockWebServer$3 acceptConnections
INFO: MockWebServer[52121] done accepting connections: Socket closed
Nov 12, 2015 7:04:34 AM com.squareup.okhttp.mockwebserver.MockWebServer$3 execute
INFO: MockWebServer[46781] starting to accept connections
Nov 12, 2015 7:04:34 AM com.squareup.okhttp.mockwebserver.MockWebServer$4 processOneRequest
INFO: MockWebServer[46781] received request: GET / HTTP/1.1 and responded: HTTP/1.1 404 OK
Nov 12, 2015 7:04:34 AM com.squareup.okhttp.mockwebserver.MockWebServer$3 acceptConnections
INFO: MockWebServer[46781] done accepting connections: Socket closed
Nov 12, 2015 7:04:34 AM com.squareup.okhttp.mockwebserver.MockWebServer$3 execute
INFO: MockWebServer[45846] starting to accept connections
Nov 12, 2015 7:04:34 AM com.squareup.okhttp.mockwebserver.MockWebServer$3 acceptConnections
INFO: MockWebServer[45846] done accepting connections: Socket is closed
Nov 12, 2015 7:04:34 AM com.squareup.okhttp.mockwebserver.MockWebServer$3 execute
INFO: MockWebServer[37388] starting to accept connections
Nov 12, 2015 7:04:34 AM com.squareup.okhttp.mockwebserver.MockWebServer$4 processConnection
WARNING: MockWebServer[37388] connection from /127.0.0.1 didn't make a request
Nov 12, 2015 7:04:34 AM com.squareup.okhttp.mockwebserver.MockWebServer$3 acceptConnections
INFO: MockWebServer[37388] done accepting connections: Socket closed
Nov 12, 2015 7:04:34 AM com.squareup.okhttp.mockwebserver.MockWebServer$3 execute
INFO: MockWebServer[34890] starting to accept connections
Nov 12, 2015 7:04:34 AM com.squareup.okhttp.mockwebserver.MockWebServer$3 acceptConnections
INFO: MockWebServer[34890] done accepting connections: Socket is closed
Nov 12, 2015 7:04:34 AM com.squareup.okhttp.mockwebserver.MockWebServer$3 execute
INFO: MockWebServer[58911] starting to accept connections
Nov 12, 2015 7:04:34 AM com.squareup.okhttp.mockwebserver.MockWebServer$3 acceptConnections
INFO: MockWebServer[58911] done accepting connections: Socket is closed
Nov 12, 2015 7:04:34 AM com.squareup.okhttp.mockwebserver.MockWebServer$3 execute
INFO: MockWebServer[47056] starting to accept connections
Nov 12, 2015 7:04:34 AM com.squareup.okhttp.mockwebserver.MockWebServer$4 processOneRequest
INFO: MockWebServer[47056] received request: GET / HTTP/1.1 and responded: HTTP/1.1 200 OK
Nov 12, 2015 7:04:34 AM com.squareup.okhttp.mockwebserver.MockWebServer$3 acceptConnections
INFO: MockWebServer[47056] done accepting connections: Socket closed
Nov 12, 2015 7:04:34 AM com.squareup.okhttp.mockwebserver.MockWebServer$3 execute
INFO: MockWebServer[35394] starting to accept connections
Nov 12, 2015 7:04:34 AM com.squareup.okhttp.mockwebserver.MockWebServer$4 processOneRequest
INFO: MockWebServer[35394] received request: GET / HTTP/1.1 and responded: HTTP/1.1 404 OK
Nov 12, 2015 7:04:34 AM com.squareup.okhttp.mockwebserver.MockWebServer$3 acceptConnections
INFO: MockWebServer[35394] done accepting connections: Socket closed
Nov 12, 2015 7:04:34 AM com.squareup.okhttp.mockwebserver.MockWebServer$3 execute
INFO: MockWebServer[45415] starting to accept connections
Nov 12, 2015 7:04:34 AM com.squareup.okhttp.mockwebserver.MockWebServer$3 acceptConnections
INFO: MockWebServer[45415] done accepting connections: Socket is closed
Tests run: 15, Failures: 0, Errors: 0, Skipped: 0, Time elapsed: 0.451 sec

Results :

Tests run: 19, Failures: 0, Errors: 0, Skipped: 0

[INFO] 
[INFO] --- animal-sniffer-maven-plugin:1.14:check (default) @ adapter-rxjava ---
[INFO] Checking unresolved references to org.codehaus.mojo.signature:java16:1.1
[INFO]                                                                         
[INFO] ------------------------------------------------------------------------
[INFO] Building Retrofit Mock Adapter 2.0.0-SNAPSHOT
[INFO] ------------------------------------------------------------------------
[INFO] 
[INFO] --- maven-enforcer-plugin:1.0:enforce (enforce-maven) @ retrofit-mock ---
[INFO] 
[INFO] --- maven-resources-plugin:2.6:resources (default-resources) @ retrofit-mock ---
[INFO] Using 'UTF-8' encoding to copy filtered resources.
[INFO] skip non existing resourceDirectory /home/travis/build/square/retrofit/retrofit-mock/src/main/resources
[INFO] 
[INFO] --- maven-compiler-plugin:3.0:compile (default-compile) @ retrofit-mock ---
[INFO] Changes detected - recompiling the module!
[INFO] Compiling 5 source files to /home/travis/build/square/retrofit/retrofit-mock/target/classes
[INFO] 
[INFO] --- maven-resources-plugin:2.6:testResources (default-testResources) @ retrofit-mock ---
[INFO] Using 'UTF-8' encoding to copy filtered resources.
[INFO] skip non existing resourceDirectory /home/travis/build/square/retrofit/retrofit-mock/src/test/resources
[INFO] 
[INFO] --- maven-compiler-plugin:3.0:testCompile (default-testCompile) @ retrofit-mock ---
[INFO] Changes detected - recompiling the module!
[INFO] Compiling 2 source files to /home/travis/build/square/retrofit/retrofit-mock/target/test-classes
[INFO] 
[INFO] --- maven-surefire-plugin:2.12.4:test (default-test) @ retrofit-mock ---
[INFO] Surefire report directory: /home/travis/build/square/retrofit/retrofit-mock/target/surefire-reports

-------------------------------------------------------
 T E S T S
-------------------------------------------------------
Running retrofit.MockRetrofitTest
Tests run: 10, Failures: 0, Errors: 0, Skipped: 0, Time elapsed: 1.025 sec
Running retrofit.NetworkBehaviorTest
Tests run: 5, Failures: 0, Errors: 0, Skipped: 0, Time elapsed: 0.041 sec

Results :

Tests run: 15, Failures: 0, Errors: 0, Skipped: 0

[INFO] 
[INFO] --- animal-sniffer-maven-plugin:1.14:check (default) @ retrofit-mock ---
[INFO] Checking unresolved references to org.codehaus.mojo.signature:java16:1.1
[INFO]                                                                         
[INFO] ------------------------------------------------------------------------
[INFO] Building Adapter: RxJava Mock 2.0.0-SNAPSHOT
[INFO] ------------------------------------------------------------------------
[INFO] 
[INFO] --- maven-enforcer-plugin:1.0:enforce (enforce-maven) @ adapter-rxjava-mock ---
[INFO] 
[INFO] --- maven-resources-plugin:2.6:resources (default-resources) @ adapter-rxjava-mock ---
[INFO] Using 'UTF-8' encoding to copy filtered resources.
[INFO] skip non existing resourceDirectory /home/travis/build/square/retrofit/retrofit-adapters/rxjava-mock/src/main/resources
[INFO] 
[INFO] --- maven-compiler-plugin:3.0:compile (default-compile) @ adapter-rxjava-mock ---
[INFO] Changes detected - recompiling the module!
[INFO] Compiling 2 source files to /home/travis/build/square/retrofit/retrofit-adapters/rxjava-mock/target/classes
[INFO] 
[INFO] --- maven-resources-plugin:2.6:testResources (default-testResources) @ adapter-rxjava-mock ---
[INFO] Using 'UTF-8' encoding to copy filtered resources.
[INFO] skip non existing resourceDirectory /home/travis/build/square/retrofit/retrofit-adapters/rxjava-mock/src/test/resources
[INFO] 
[INFO] --- maven-compiler-plugin:3.0:testCompile (default-testCompile) @ adapter-rxjava-mock ---
[INFO] Changes detected - recompiling the module!
[INFO] Compiling 1 source file to /home/travis/build/square/retrofit/retrofit-adapters/rxjava-mock/target/test-classes
[INFO] 
[INFO] --- maven-surefire-plugin:2.12.4:test (default-test) @ adapter-rxjava-mock ---
[INFO] Surefire report directory: /home/travis/build/square/retrofit/retrofit-adapters/rxjava-mock/target/surefire-reports

-------------------------------------------------------
 T E S T S
-------------------------------------------------------
Running retrofit.mock.RxJavaBehaviorAdapterTest
Tests run: 4, Failures: 0, Errors: 0, Skipped: 0, Time elapsed: 0.61 sec

Results :

Tests run: 4, Failures: 0, Errors: 0, Skipped: 0

[INFO] 
[INFO] --- animal-sniffer-maven-plugin:1.14:check (default) @ adapter-rxjava-mock ---
[INFO] Checking unresolved references to org.codehaus.mojo.signature:java16:1.1
[INFO]                                                                         
[INFO] ------------------------------------------------------------------------
[INFO] Building Converters 2.0.0-SNAPSHOT
[INFO] ------------------------------------------------------------------------
[INFO] 
[INFO] --- maven-enforcer-plugin:1.0:enforce (enforce-maven) @ retrofit-converters ---
[INFO] 
[INFO] --- animal-sniffer-maven-plugin:1.14:check (default) @ retrofit-converters ---
[INFO] Checking unresolved references to org.codehaus.mojo.signature:java16:1.1
[INFO]                                                                         
[INFO] ------------------------------------------------------------------------
[INFO] Building Converter: Gson 2.0.0-SNAPSHOT
[INFO] ------------------------------------------------------------------------
[INFO] 
[INFO] --- maven-enforcer-plugin:1.0:enforce (enforce-maven) @ converter-gson ---
[INFO] 
[INFO] --- maven-resources-plugin:2.6:resources (default-resources) @ converter-gson ---
[INFO] Using 'UTF-8' encoding to copy filtered resources.
[INFO] skip non existing resourceDirectory /home/travis/build/square/retrofit/retrofit-converters/gson/src/main/resources
[INFO] 
[INFO] --- maven-compiler-plugin:3.0:compile (default-compile) @ converter-gson ---
[INFO] Changes detected - recompiling the module!
[INFO] Compiling 3 source files to /home/travis/build/square/retrofit/retrofit-converters/gson/target/classes
[INFO] 
[INFO] --- maven-resources-plugin:2.6:testResources (default-testResources) @ converter-gson ---
[INFO] Using 'UTF-8' encoding to copy filtered resources.
[INFO] skip non existing resourceDirectory /home/travis/build/square/retrofit/retrofit-converters/gson/src/test/resources
[INFO] 
[INFO] --- maven-compiler-plugin:3.0:testCompile (default-testCompile) @ converter-gson ---
[INFO] Changes detected - recompiling the module!
[INFO] Compiling 1 source file to /home/travis/build/square/retrofit/retrofit-converters/gson/target/test-classes
[INFO] 
[INFO] --- maven-surefire-plugin:2.12.4:test (default-test) @ converter-gson ---
[INFO] Surefire report directory: /home/travis/build/square/retrofit/retrofit-converters/gson/target/surefire-reports

-------------------------------------------------------
 T E S T S
-------------------------------------------------------
Running retrofit.GsonConverterFactoryTest
Nov 12, 2015 7:04:38 AM com.squareup.okhttp.mockwebserver.MockWebServer$3 execute
INFO: MockWebServer[56406] starting to accept connections
Nov 12, 2015 7:04:38 AM com.squareup.okhttp.mockwebserver.MockWebServer$4 processOneRequest
INFO: MockWebServer[56406] received request: POST / HTTP/1.1 and responded: HTTP/1.1 200 OK
Nov 12, 2015 7:04:38 AM com.squareup.okhttp.mockwebserver.MockWebServer$3 acceptConnections
INFO: MockWebServer[56406] done accepting connections: Socket closed
Nov 12, 2015 7:04:38 AM com.squareup.okhttp.mockwebserver.MockWebServer$3 execute
INFO: MockWebServer[35370] starting to accept connections
Nov 12, 2015 7:04:38 AM com.squareup.okhttp.mockwebserver.MockWebServer$4 processOneRequest
INFO: MockWebServer[35370] received request: POST / HTTP/1.1 and responded: HTTP/1.1 200 OK
Nov 12, 2015 7:04:38 AM com.squareup.okhttp.mockwebserver.MockWebServer$3 acceptConnections
INFO: MockWebServer[35370] done accepting connections: Socket closed
Nov 12, 2015 7:04:38 AM com.squareup.okhttp.mockwebserver.MockWebServer$3 execute
INFO: MockWebServer[52802] starting to accept connections
Nov 12, 2015 7:04:38 AM com.squareup.okhttp.mockwebserver.MockWebServer$4 processOneRequest
INFO: MockWebServer[52802] received request: POST / HTTP/1.1 and responded: HTTP/1.1 200 OK
Nov 12, 2015 7:04:38 AM com.squareup.okhttp.mockwebserver.MockWebServer$3 acceptConnections
INFO: MockWebServer[52802] done accepting connections: Socket closed
Tests run: 3, Failures: 0, Errors: 0, Skipped: 0, Time elapsed: 0.543 sec

Results :

Tests run: 3, Failures: 0, Errors: 0, Skipped: 0

[INFO] 
[INFO] --- animal-sniffer-maven-plugin:1.14:check (default) @ converter-gson ---
[INFO] Checking unresolved references to org.codehaus.mojo.signature:java16:1.1
[INFO]                                                                         
[INFO] ------------------------------------------------------------------------
[INFO] Building Converter: Protocol Buffers 2.0.0-SNAPSHOT
[INFO] ------------------------------------------------------------------------
[INFO] 
[INFO] --- maven-enforcer-plugin:1.0:enforce (enforce-maven) @ converter-protobuf ---
[INFO] 
[INFO] --- maven-resources-plugin:2.6:resources (default-resources) @ converter-protobuf ---
[INFO] Using 'UTF-8' encoding to copy filtered resources.
[INFO] skip non existing resourceDirectory /home/travis/build/square/retrofit/retrofit-converters/protobuf/src/main/resources
[INFO] 
[INFO] --- maven-compiler-plugin:3.0:compile (default-compile) @ converter-protobuf ---
[INFO] Changes detected - recompiling the module!
[INFO] Compiling 3 source files to /home/travis/build/square/retrofit/retrofit-converters/protobuf/target/classes
[WARNING] /home/travis/build/square/retrofit/retrofit-converters/protobuf/src/main/java/retrofit/ProtoConverterFactory.java: /home/travis/build/square/retrofit/retrofit-converters/protobuf/src/main/java/retrofit/ProtoConverterFactory.java uses unchecked or unsafe operations.
[WARNING] /home/travis/build/square/retrofit/retrofit-converters/protobuf/src/main/java/retrofit/ProtoConverterFactory.java: Recompile with -Xlint:unchecked for details.
[INFO] 
[INFO] --- maven-resources-plugin:2.6:testResources (default-testResources) @ converter-protobuf ---
[INFO] Using 'UTF-8' encoding to copy filtered resources.
[INFO] skip non existing resourceDirectory /home/travis/build/square/retrofit/retrofit-converters/protobuf/src/test/resources
[INFO] 
[INFO] --- maven-compiler-plugin:3.0:testCompile (default-testCompile) @ converter-protobuf ---
[INFO] Changes detected - recompiling the module!
[INFO] Compiling 2 source files to /home/travis/build/square/retrofit/retrofit-converters/protobuf/target/test-classes
[INFO] 
[INFO] --- maven-surefire-plugin:2.12.4:test (default-test) @ converter-protobuf ---
[INFO] Surefire report directory: /home/travis/build/square/retrofit/retrofit-converters/protobuf/target/surefire-reports

-------------------------------------------------------
 T E S T S
-------------------------------------------------------
Running retrofit.ProtoConverterFactoryTest
Nov 12, 2015 7:04:39 AM com.squareup.okhttp.mockwebserver.MockWebServer$3 execute
INFO: MockWebServer[55142] starting to accept connections
Nov 12, 2015 7:04:40 AM com.squareup.okhttp.mockwebserver.MockWebServer$4 processOneRequest
INFO: MockWebServer[55142] received request: POST / HTTP/1.1 and responded: HTTP/1.1 200 OK
Nov 12, 2015 7:04:40 AM com.squareup.okhttp.mockwebserver.MockWebServer$3 acceptConnections
INFO: MockWebServer[55142] done accepting connections: Socket closed
Nov 12, 2015 7:04:40 AM com.squareup.okhttp.mockwebserver.MockWebServer$3 execute
INFO: MockWebServer[33491] starting to accept connections
Nov 12, 2015 7:04:40 AM com.squareup.okhttp.mockwebserver.MockWebServer$3 acceptConnections
INFO: MockWebServer[33491] done accepting connections: Socket closed
Nov 12, 2015 7:04:40 AM com.squareup.okhttp.mockwebserver.MockWebServer$3 execute
INFO: MockWebServer[57156] starting to accept connections
Nov 12, 2015 7:04:40 AM com.squareup.okhttp.mockwebserver.MockWebServer$4 processOneRequest
INFO: MockWebServer[57156] received request: GET / HTTP/1.1 and responded: HTTP/1.1 200 OK
Nov 12, 2015 7:04:40 AM com.squareup.okhttp.mockwebserver.MockWebServer$3 acceptConnections
INFO: MockWebServer[57156] done accepting connections: Socket closed
Nov 12, 2015 7:04:40 AM com.squareup.okhttp.mockwebserver.MockWebServer$3 execute
INFO: MockWebServer[55083] starting to accept connections
Nov 12, 2015 7:04:40 AM com.squareup.okhttp.mockwebserver.MockWebServer$3 acceptConnections
INFO: MockWebServer[55083] done accepting connections: Socket is closed
Nov 12, 2015 7:04:40 AM com.squareup.okhttp.mockwebserver.MockWebServer$3 execute
INFO: MockWebServer[59015] starting to accept connections
Nov 12, 2015 7:04:40 AM com.squareup.okhttp.mockwebserver.MockWebServer$4 processOneRequest
INFO: MockWebServer[59015] received request: GET / HTTP/1.1 and responded: HTTP/1.1 200 OK
Nov 12, 2015 7:04:40 AM com.squareup.okhttp.mockwebserver.MockWebServer$3 acceptConnections
INFO: MockWebServer[59015] done accepting connections: Socket closed
Tests run: 5, Failures: 0, Errors: 0, Skipped: 0, Time elapsed: 0.558 sec

Results :

Tests run: 5, Failures: 0, Errors: 0, Skipped: 0

[INFO] 
[INFO] --- animal-sniffer-maven-plugin:1.14:check (default) @ converter-protobuf ---
[INFO] Checking unresolved references to org.codehaus.mojo.signature:java16:1.1
[INFO]                                                                         
[INFO] ------------------------------------------------------------------------
[INFO] Building Converter: Jackson 2.0.0-SNAPSHOT
[INFO] ------------------------------------------------------------------------
[INFO] 
[INFO] --- maven-enforcer-plugin:1.0:enforce (enforce-maven) @ converter-jackson ---
[INFO] 
[INFO] --- maven-resources-plugin:2.6:resources (default-resources) @ converter-jackson ---
[INFO] Using 'UTF-8' encoding to copy filtered resources.
[INFO] skip non existing resourceDirectory /home/travis/build/square/retrofit/retrofit-converters/jackson/src/main/resources
[INFO] 
[INFO] --- maven-compiler-plugin:3.0:compile (default-compile) @ converter-jackson ---
[INFO] Changes detected - recompiling the module!
[INFO] Compiling 3 source files to /home/travis/build/square/retrofit/retrofit-converters/jackson/target/classes
[INFO] 
[INFO] --- maven-resources-plugin:2.6:testResources (default-testResources) @ converter-jackson ---
[INFO] Using 'UTF-8' encoding to copy filtered resources.
[INFO] skip non existing resourceDirectory /home/travis/build/square/retrofit/retrofit-converters/jackson/src/test/resources
[INFO] 
[INFO] --- maven-compiler-plugin:3.0:testCompile (default-testCompile) @ converter-jackson ---
[INFO] Changes detected - recompiling the module!
[INFO] Compiling 1 source file to /home/travis/build/square/retrofit/retrofit-converters/jackson/target/test-classes
[INFO] 
[INFO] --- maven-surefire-plugin:2.12.4:test (default-test) @ converter-jackson ---
[INFO] Surefire report directory: /home/travis/build/square/retrofit/retrofit-converters/jackson/target/surefire-reports

-------------------------------------------------------
 T E S T S
-------------------------------------------------------
Running retrofit.JacksonConverterFactoryTest
Nov 12, 2015 7:04:41 AM com.squareup.okhttp.mockwebserver.MockWebServer$3 execute
INFO: MockWebServer[43267] starting to accept connections
Nov 12, 2015 7:04:41 AM com.squareup.okhttp.mockwebserver.MockWebServer$4 processOneRequest
INFO: MockWebServer[43267] received request: POST / HTTP/1.1 and responded: HTTP/1.1 200 OK
Nov 12, 2015 7:04:41 AM com.squareup.okhttp.mockwebserver.MockWebServer$3 acceptConnections
INFO: MockWebServer[43267] done accepting connections: Socket closed
Nov 12, 2015 7:04:41 AM com.squareup.okhttp.mockwebserver.MockWebServer$3 execute
INFO: MockWebServer[33167] starting to accept connections
Nov 12, 2015 7:04:41 AM com.squareup.okhttp.mockwebserver.MockWebServer$4 processOneRequest
INFO: MockWebServer[33167] received request: POST / HTTP/1.1 and responded: HTTP/1.1 200 OK
Nov 12, 2015 7:04:41 AM com.squareup.okhttp.mockwebserver.MockWebServer$3 acceptConnections
INFO: MockWebServer[33167] done accepting connections: Socket closed
Tests run: 2, Failures: 0, Errors: 0, Skipped: 0, Time elapsed: 0.676 sec

Results :

Tests run: 2, Failures: 0, Errors: 0, Skipped: 0

[INFO] 
[INFO] --- animal-sniffer-maven-plugin:1.14:check (default) @ converter-jackson ---
[INFO] Checking unresolved references to org.codehaus.mojo.signature:java16:1.1
[INFO]                                                                         
[INFO] ------------------------------------------------------------------------
[INFO] Building Converter: Wire Protocol Buffers 2.0.0-SNAPSHOT
[INFO] ------------------------------------------------------------------------
[INFO] 
[INFO] --- maven-enforcer-plugin:1.0:enforce (enforce-maven) @ converter-wire ---
[INFO] 
[INFO] --- maven-resources-plugin:2.6:resources (default-resources) @ converter-wire ---
[INFO] Using 'UTF-8' encoding to copy filtered resources.
[INFO] skip non existing resourceDirectory /home/travis/build/square/retrofit/retrofit-converters/wire/src/main/resources
[INFO] 
[INFO] --- maven-compiler-plugin:3.0:compile (default-compile) @ converter-wire ---
[INFO] Changes detected - recompiling the module!
[INFO] Compiling 3 source files to /home/travis/build/square/retrofit/retrofit-converters/wire/target/classes
[WARNING] /home/travis/build/square/retrofit/retrofit-converters/wire/src/main/java/retrofit/WireConverterFactory.java: /home/travis/build/square/retrofit/retrofit-converters/wire/src/main/java/retrofit/WireConverterFactory.java uses unchecked or unsafe operations.
[WARNING] /home/travis/build/square/retrofit/retrofit-converters/wire/src/main/java/retrofit/WireConverterFactory.java: Recompile with -Xlint:unchecked for details.
[INFO] 
[INFO] --- maven-resources-plugin:2.6:testResources (default-testResources) @ converter-wire ---
[INFO] Using 'UTF-8' encoding to copy filtered resources.
[INFO] skip non existing resourceDirectory /home/travis/build/square/retrofit/retrofit-converters/wire/src/test/resources
[INFO] 
[INFO] --- maven-compiler-plugin:3.0:testCompile (default-testCompile) @ converter-wire ---
[INFO] Changes detected - recompiling the module!
[INFO] Compiling 2 source files to /home/travis/build/square/retrofit/retrofit-converters/wire/target/test-classes
[INFO] 
[INFO] --- maven-surefire-plugin:2.12.4:test (default-test) @ converter-wire ---
[INFO] Surefire report directory: /home/travis/build/square/retrofit/retrofit-converters/wire/target/surefire-reports

-------------------------------------------------------
 T E S T S
-------------------------------------------------------
Running retrofit.WireConverterFactoryTest
Nov 12, 2015 7:04:42 AM com.squareup.okhttp.mockwebserver.MockWebServer$3 execute
INFO: MockWebServer[47618] starting to accept connections
Nov 12, 2015 7:04:42 AM com.squareup.okhttp.mockwebserver.MockWebServer$4 processOneRequest
INFO: MockWebServer[47618] received request: POST / HTTP/1.1 and responded: HTTP/1.1 200 OK
Nov 12, 2015 7:04:42 AM com.squareup.okhttp.mockwebserver.MockWebServer$3 acceptConnections
INFO: MockWebServer[47618] done accepting connections: Socket closed
Nov 12, 2015 7:04:42 AM com.squareup.okhttp.mockwebserver.MockWebServer$3 execute
INFO: MockWebServer[55718] starting to accept connections
Nov 12, 2015 7:04:42 AM com.squareup.okhttp.mockwebserver.MockWebServer$3 acceptConnections
INFO: MockWebServer[55718] done accepting connections: Socket is closed
Nov 12, 2015 7:04:42 AM com.squareup.okhttp.mockwebserver.MockWebServer$3 execute
INFO: MockWebServer[43140] starting to accept connections
Nov 12, 2015 7:04:42 AM com.squareup.okhttp.mockwebserver.MockWebServer$4 processOneRequest
INFO: MockWebServer[43140] received request: GET / HTTP/1.1 and responded: HTTP/1.1 200 OK
Nov 12, 2015 7:04:42 AM com.squareup.okhttp.mockwebserver.MockWebServer$3 acceptConnections
INFO: MockWebServer[43140] done accepting connections: Socket closed
Nov 12, 2015 7:04:42 AM com.squareup.okhttp.mockwebserver.MockWebServer$3 execute
INFO: MockWebServer[47897] starting to accept connections
Nov 12, 2015 7:04:42 AM com.squareup.okhttp.mockwebserver.MockWebServer$3 acceptConnections
INFO: MockWebServer[47897] done accepting connections: Socket is closed
Nov 12, 2015 7:04:42 AM com.squareup.okhttp.mockwebserver.MockWebServer$3 execute
INFO: MockWebServer[54116] starting to accept connections
Nov 12, 2015 7:04:42 AM com.squareup.okhttp.mockwebserver.MockWebServer$4 processOneRequest
INFO: MockWebServer[54116] received request: GET / HTTP/1.1 and responded: HTTP/1.1 200 OK
Nov 12, 2015 7:04:42 AM com.squareup.okhttp.mockwebserver.MockWebServer$3 acceptConnections
INFO: MockWebServer[54116] done accepting connections: Socket closed
Tests run: 5, Failures: 0, Errors: 0, Skipped: 0, Time elapsed: 0.536 sec

Results :

Tests run: 5, Failures: 0, Errors: 0, Skipped: 0

[INFO] 
[INFO] --- animal-sniffer-maven-plugin:1.14:check (default) @ converter-wire ---
[INFO] Checking unresolved references to org.codehaus.mojo.signature:java16:1.1
[INFO]                                                                         
[INFO] ------------------------------------------------------------------------
[INFO] Building Converter: SimpleXML 2.0.0-SNAPSHOT
[INFO] ------------------------------------------------------------------------
[INFO] 
[INFO] --- maven-enforcer-plugin:1.0:enforce (enforce-maven) @ converter-simplexml ---
[INFO] 
[INFO] --- maven-resources-plugin:2.6:resources (default-resources) @ converter-simplexml ---
[INFO] Using 'UTF-8' encoding to copy filtered resources.
[INFO] skip non existing resourceDirectory /home/travis/build/square/retrofit/retrofit-converters/simplexml/src/main/resources
[INFO] 
[INFO] --- maven-compiler-plugin:3.0:compile (default-compile) @ converter-simplexml ---
[INFO] Changes detected - recompiling the module!
[INFO] Compiling 3 source files to /home/travis/build/square/retrofit/retrofit-converters/simplexml/target/classes
[INFO] 
[INFO] --- maven-resources-plugin:2.6:testResources (default-testResources) @ converter-simplexml ---
[INFO] Using 'UTF-8' encoding to copy filtered resources.
[INFO] skip non existing resourceDirectory /home/travis/build/square/retrofit/retrofit-converters/simplexml/src/test/resources
[INFO] 
[INFO] --- maven-compiler-plugin:3.0:testCompile (default-testCompile) @ converter-simplexml ---
[INFO] Changes detected - recompiling the module!
[INFO] Compiling 2 source files to /home/travis/build/square/retrofit/retrofit-converters/simplexml/target/test-classes
[INFO] 
[INFO] --- maven-surefire-plugin:2.12.4:test (default-test) @ converter-simplexml ---
[INFO] Surefire report directory: /home/travis/build/square/retrofit/retrofit-converters/simplexml/target/surefire-reports

-------------------------------------------------------
 T E S T S
-------------------------------------------------------
Running retrofit.SimpleXmlConverterFactoryTest
Nov 12, 2015 7:04:44 AM com.squareup.okhttp.mockwebserver.MockWebServer$3 execute
INFO: MockWebServer[53640] starting to accept connections
Nov 12, 2015 7:04:44 AM com.squareup.okhttp.mockwebserver.MockWebServer$4 processOneRequest
INFO: MockWebServer[53640] received request: GET / HTTP/1.1 and responded: HTTP/1.1 200 OK
Nov 12, 2015 7:04:44 AM com.squareup.okhttp.mockwebserver.MockWebServer$3 acceptConnections
INFO: MockWebServer[53640] done accepting connections: Socket closed
Nov 12, 2015 7:04:44 AM com.squareup.okhttp.mockwebserver.MockWebServer$3 execute
INFO: MockWebServer[37807] starting to accept connections
Nov 12, 2015 7:04:44 AM com.squareup.okhttp.mockwebserver.MockWebServer$4 processOneRequest
INFO: MockWebServer[37807] received request: GET / HTTP/1.1 and responded: HTTP/1.1 200 OK
Nov 12, 2015 7:04:44 AM com.squareup.okhttp.mockwebserver.MockWebServer$3 acceptConnections
INFO: MockWebServer[37807] done accepting connections: Socket closed
Nov 12, 2015 7:04:44 AM com.squareup.okhttp.mockwebserver.MockWebServer$3 execute
INFO: MockWebServer[54564] starting to accept connections
Nov 12, 2015 7:04:44 AM com.squareup.okhttp.mockwebserver.MockWebServer$4 processOneRequest
INFO: MockWebServer[54564] received request: POST / HTTP/1.1 and responded: HTTP/1.1 200 OK
Nov 12, 2015 7:04:44 AM com.squareup.okhttp.mockwebserver.MockWebServer$3 acceptConnections
INFO: MockWebServer[54564] done accepting connections: Socket closed
Tests run: 3, Failures: 0, Errors: 0, Skipped: 0, Time elapsed: 0.982 sec

Results :

Tests run: 3, Failures: 0, Errors: 0, Skipped: 0

[INFO] 
[INFO] --- animal-sniffer-maven-plugin:1.14:check (default) @ converter-simplexml ---
[INFO] Checking unresolved references to org.codehaus.mojo.signature:java16:1.1
[INFO]                                                                         
[INFO] ------------------------------------------------------------------------
[INFO] Building Converter: Moshi 2.0.0-SNAPSHOT
[INFO] ------------------------------------------------------------------------
[INFO] 
[INFO] --- maven-enforcer-plugin:1.0:enforce (enforce-maven) @ converter-moshi ---
[INFO] 
[INFO] --- maven-resources-plugin:2.6:resources (default-resources) @ converter-moshi ---
[INFO] Using 'UTF-8' encoding to copy filtered resources.
[INFO] skip non existing resourceDirectory /home/travis/build/square/retrofit/retrofit-converters/moshi/src/main/resources
[INFO] 
[INFO] --- maven-compiler-plugin:3.0:compile (default-compile) @ converter-moshi ---
[INFO] Changes detected - recompiling the module!
[INFO] Compiling 3 source files to /home/travis/build/square/retrofit/retrofit-converters/moshi/target/classes
[INFO] 
[INFO] --- maven-resources-plugin:2.6:testResources (default-testResources) @ converter-moshi ---
[INFO] Using 'UTF-8' encoding to copy filtered resources.
[INFO] skip non existing resourceDirectory /home/travis/build/square/retrofit/retrofit-converters/moshi/src/test/resources
[INFO] 
[INFO] --- maven-compiler-plugin:3.0:testCompile (default-testCompile) @ converter-moshi ---
[INFO] Changes detected - recompiling the module!
[INFO] Compiling 1 source file to /home/travis/build/square/retrofit/retrofit-converters/moshi/target/test-classes
[INFO] 
[INFO] --- maven-surefire-plugin:2.12.4:test (default-test) @ converter-moshi ---
[INFO] Surefire report directory: /home/travis/build/square/retrofit/retrofit-converters/moshi/target/surefire-reports

-------------------------------------------------------
 T E S T S
-------------------------------------------------------
Running retrofit.MoshiConverterFactoryTest
Nov 12, 2015 7:04:46 AM com.squareup.okhttp.mockwebserver.MockWebServer$3 execute
INFO: MockWebServer[47167] starting to accept connections
Nov 12, 2015 7:04:46 AM com.squareup.okhttp.mockwebserver.MockWebServer$4 processOneRequest
INFO: MockWebServer[47167] received request: POST / HTTP/1.1 and responded: HTTP/1.1 200 OK
Nov 12, 2015 7:04:46 AM com.squareup.okhttp.mockwebserver.MockWebServer$3 acceptConnections
INFO: MockWebServer[47167] done accepting connections: Socket closed
Nov 12, 2015 7:04:46 AM com.squareup.okhttp.mockwebserver.MockWebServer$3 execute
INFO: MockWebServer[46280] starting to accept connections
Nov 12, 2015 7:04:46 AM com.squareup.okhttp.mockwebserver.MockWebServer$4 processOneRequest
INFO: MockWebServer[46280] received request: POST / HTTP/1.1 and responded: HTTP/1.1 200 OK
Nov 12, 2015 7:04:46 AM com.squareup.okhttp.mockwebserver.MockWebServer$3 acceptConnections
INFO: MockWebServer[46280] done accepting connections: Socket closed
Tests run: 2, Failures: 0, Errors: 0, Skipped: 0, Time elapsed: 0.686 sec

Results :

Tests run: 2, Failures: 0, Errors: 0, Skipped: 0

[INFO] 
[INFO] --- animal-sniffer-maven-plugin:1.14:check (default) @ converter-moshi ---
[INFO] Checking unresolved references to org.codehaus.mojo.signature:java16:1.1
[INFO]                                                                         
[INFO] ------------------------------------------------------------------------
[INFO] Building Samples 2.0.0-SNAPSHOT
[INFO] ------------------------------------------------------------------------
[INFO] 
[INFO] --- maven-enforcer-plugin:1.0:enforce (enforce-maven) @ samples ---
[INFO] 
[INFO] --- maven-resources-plugin:2.6:resources (default-resources) @ samples ---
[INFO] Using 'UTF-8' encoding to copy filtered resources.
[INFO] skip non existing resourceDirectory /home/travis/build/square/retrofit/samples/src/main/resources
[INFO] 
[INFO] --- maven-compiler-plugin:3.0:compile (default-compile) @ samples ---
[INFO] Changes detected - recompiling the module!
[INFO] Compiling 5 source files to /home/travis/build/square/retrofit/samples/target/classes
[INFO] 
[INFO] --- maven-resources-plugin:2.6:testResources (default-testResources) @ samples ---
[INFO] Using 'UTF-8' encoding to copy filtered resources.
[INFO] skip non existing resourceDirectory /home/travis/build/square/retrofit/samples/src/test/resources
[INFO] 
[INFO] --- maven-compiler-plugin:3.0:testCompile (default-testCompile) @ samples ---
[INFO] No sources to compile
[INFO] 
[INFO] --- maven-surefire-plugin:2.12.4:test (default-test) @ samples ---
[INFO] No tests to run.
[INFO] 
[INFO] --- animal-sniffer-maven-plugin:1.14:check (default) @ samples ---
[INFO] Checking unresolved references to org.codehaus.mojo.signature:java16:1.1
[INFO] ------------------------------------------------------------------------
[INFO] Reactor Summary:
[INFO] 
[INFO] Retrofit (Parent) .................................. SUCCESS [  1.666 s]
[INFO] Retrofit ........................................... SUCCESS [  9.530 s]
[INFO] Adapters ........................................... SUCCESS [  0.269 s]
[INFO] Adapter: RxJava .................................... SUCCESS [  1.641 s]
[INFO] Retrofit Mock Adapter .............................. SUCCESS [  2.006 s]
[INFO] Adapter: RxJava Mock ............................... SUCCESS [  1.170 s]
[INFO] Converters ......................................... SUCCESS [  0.152 s]
[INFO] Converter: Gson .................................... SUCCESS [  1.142 s]
[INFO] Converter: Protocol Buffers ........................ SUCCESS [  1.366 s]
[INFO] Converter: Jackson ................................. SUCCESS [  1.533 s]
[INFO] Converter: Wire Protocol Buffers ................... SUCCESS [  1.140 s]
[INFO] Converter: SimpleXML ............................... SUCCESS [  2.167 s]
[INFO] Converter: Moshi ................................... SUCCESS [  1.467 s]
[INFO] Samples ............................................ SUCCESS [  1.034 s]
[INFO] ------------------------------------------------------------------------
[INFO] BUILD SUCCESS
[INFO] ------------------------------------------------------------------------
[INFO] Total time: 26.650 s
[INFO] Finished at: 2015-11-12T07:04:47+00:00
[INFO] Final Memory: 27M/314M
[INFO] ------------------------------------------------------------------------
travis_time:end:0152ebf4:start=1447311859469192939,finish=1447311896810234316,duration=37341041377[0K
[32;1mThe command "mvn test -B" exited with 0.[0m
travis_fold:start:cache.2[0Kstore build cache
travis_time:start:1ef58084[0Ktravis_time:end:1ef58084:start=1447311896814255425,finish=1447311896817409109,duration=3153684[0Ktravis_time:start:060c8e08[0Kchange detected:
/home/travis/.m2/repository/com/squareup/retrofit/adapter-rxjava/2.0.0-SNAPSHOT/adapter-rxjava-2.0.0-SNAPSHOT.jar
/home/travis/.m2/repository/com/squareup/retrofit/adapter-rxjava/2.0.0-SNAPSHOT/adapter-rxjava-2.0.0-SNAPSHOT.jar
/home/travis/.m2/repository/com/squareup/retrofit/adapter-rxjava/2.0.0-SNAPSHOT/maven-metadata-local.xml
/home/travis/.m2/repository/com/squareup/retrofit/adapter-rxjava/2.0.0-SNAPSHOT/maven-metadata-local.xml
/home/travis/.m2/repository/com/squareup/retrofit/adapter-rxjava/2.0.0-SNAPSHOT/_remote.repositories
/home/travis/.m2/repository/com/squareup/retrofit/adapter-rxjava/2.0.0-SNAPSHOT/_remote.repositories
/home/travis/.m2/repository/com/squareup/retrofit/adapter-rxjava/maven-metadata-local.xml
/home/travis/.m2/repository/com/squareup/retrofit/adapter-rxjava/maven-metadata-local.xml
/home/travis/.m2/repository/com/squareup/retrofit/adapter-rxjava-mock/2.0.0-SNAPSHOT/adapter-rxjava-mock-2.0.0-SNAPSHOT.jar
/home/travis/.m2/repository/com/squareup/retrofit/adapter
...
changes detected, packing new archive
uploading archive
travis_time:end:060c8e08:start=1447311896821082773,finish=1447311901156602809,duration=4335520036[0Ktravis_fold:end:cache.2[0Ktravis_fold:start:after_success[0Ktravis_time:start:17f69a7a[0K$ .buildscript/deploy_snapshot.sh
Deploying snapshot...
Java HotSpot(TM) 64-Bit Server VM warning: ignoring option MaxPermSize=192m; support was removed in 8.0
[INFO] Scanning for projects...
[WARNING] 
[WARNING] Some problems were encountered while building the effective model for com.squareup.retrofit:samples:jar:2.0.0-SNAPSHOT
[WARNING] 'build.plugins.plugin.version' for org.apache.maven.plugins:maven-deploy-plugin is missing. @ com.squareup.retrofit:samples:[unknown-version], /home/travis/build/square/retrofit/samples/pom.xml, line 45, column 15
[WARNING] 
[WARNING] It is highly recommended to fix these problems because they threaten the stability of your build.
[WARNING] 
[WARNING] For this reason, future Maven versions might no longer support building such malformed projects.
[WARNING] 
[INFO] ------------------------------------------------------------------------
[INFO] Reactor Build Order:
[INFO] 
[INFO] Retrofit (Parent)
[INFO] Retrofit
[INFO] Adapters
[INFO] Adapter: RxJava
[INFO] Retrofit Mock Adapter
[INFO] Adapter: RxJava Mock
[INFO] Converters
[INFO] Converter: Gson
[INFO] Converter: Protocol Buffers
[INFO] Converter: Jackson
[INFO] Converter: Wire Protocol Buffers
[INFO] Converter: SimpleXML
[INFO] Converter: Moshi
[INFO] Samples
Downloading: https://repo.maven.apache.org/maven2/org/apache/maven/plugins/maven-release-plugin/2.5/maven-release-plugin-2.5.pom
4/11 KB   8/11 KB   11/11 KB              Downloaded: https://repo.maven.apache.org/maven2/org/apache/maven/plugins/maven-release-plugin/2.5/maven-release-plugin-2.5.pom (11 KB at 22.8 KB/sec)
Downloading: https://repo.maven.apache.org/maven2/org/apache/maven/release/maven-release/2.5/maven-release-2.5.pom
4/5 KB     5/5 KB            Downloaded: https://repo.maven.apache.org/maven2/org/apache/maven/release/maven-release/2.5/maven-release-2.5.pom (5 KB at 107.6 KB/sec)
Downloading: https://repo.maven.apache.org/maven2/org/apache/maven/plugins/maven-release-plugin/2.5/maven-release-plugin-2.5.jar
4/50 KB   8/50 KB   12/50 KB   16/50 KB   20/50 KB   24/50 KB   28/50 KB   32/50 KB   36/50 KB   40/50 KB   44/50 KB   48/50 KB   50/50 KB              Downloaded: https://repo.maven.apache.org/maven2/org/apache/maven/plugins/maven-release-plugin/2.5/maven-release-plugin-2.5.jar (50 KB at 572.7 KB/sec)
Downloading: https://repo.maven.apache.org/maven2/org/apache/maven/plugins/maven-clean-plugin/2.5/maven-clean-plugin-2.5.pom
4/4 KB              Downloaded: https://repo.maven.apache.org/maven2/org/apache/maven/plugins/maven-clean-plugin/2.5/maven-clean-plugin-2.5.pom (4 KB at 103.4 KB/sec)
Downloading: https://repo.maven.apache.org/maven2/org/apache/maven/plugins/maven-clean-plugin/2.5/maven-clean-plugin-2.5.jar
1/25 KB   5/25 KB   9/25 KB   13/25 KB   17/25 KB   21/25 KB   25/25 KB              Downloaded: https://repo.maven.apache.org/maven2/org/apache/maven/plugins/maven-clean-plugin/2.5/maven-clean-plugin-2.5.jar (25 KB at 394.4 KB/sec)
Downloading: https://repo.maven.apache.org/maven2/org/apache/maven/plugins/maven-deploy-plugin/2.7/maven-deploy-plugin-2.7.pom
4/6 KB     6/6 KB            Downloaded: https://repo.maven.apache.org/maven2/org/apache/maven/plugins/maven-deploy-plugin/2.7/maven-deploy-plugin-2.7.pom (6 KB at 219.3 KB/sec)
Downloading: https://repo.maven.apache.org/maven2/org/apache/maven/plugins/maven-deploy-plugin/2.7/maven-deploy-plugin-2.7.jar
4/27 KB   8/27 KB   12/27 KB   16/27 KB   20/27 KB   24/27 KB   26/27 KB   27/27 KB              Downloaded: https://repo.maven.apache.org/maven2/org/apache/maven/plugins/maven-deploy-plugin/2.7/maven-deploy-plugin-2.7.jar (27 KB at 385.3 KB/sec)
Downloading: https://repo.maven.apache.org/maven2/org/apache/maven/plugins/maven-site-plugin/3.3/maven-site-plugin-3.3.pom
4/21 KB    8/21 KB   12/21 KB   16/21 KB   20/21 KB   21/21 KB              Downloaded: https://repo.maven.apache.org/maven2/org/apache/maven/plugins/maven-site-plugin/3.3/maven-site-plugin-3.3.pom (21 KB at 615.9 KB/sec)
Downloading: https://repo.maven.apache.org/maven2/org/apache/maven/plugins/maven-plugins/24/maven-plugins-24.pom
4/11 KB    8/11 KB   11/11 KB              Downloaded: https://repo.maven.apache.org/maven2/org/apache/maven/plugins/maven-plugins/24/maven-plugins-24.pom (11 KB at 390.8 KB/sec)
Downloading: https://repo.maven.apache.org/maven2/org/apache/maven/plugins/maven-site-plugin/3.3/maven-site-plugin-3.3.jar
4/122 KB   8/122 KB   12/122 KB   16/122 KB   20/122 KB   24/122 KB   28/122 KB   32/122 KB   36/122 KB   40/122 KB   44/122 KB   48/122 KB   52/122 KB   56/122 KB   60/122 KB   64/122 KB   68/122 KB   72/122 KB   76/122 KB   80/122 KB   84/122 KB   88/122 KB   92/122 KB   96/122 KB   100/122 KB   104/122 KB   108/122 KB   112/122 KB   116/122 KB   120/122 KB   122/122 KB                Downloaded: https://repo.maven.apache.org/maven2/org/apache/maven/plugins/maven-site-plugin/3.3/maven-site-plugin-3.3.jar (122 KB at 1812.6 KB/sec)
Downloading: https://repo.maven.apache.org/maven2/org/apache/maven/plugins/maven-antrun-plugin/1.3/maven-antrun-plugin-1.3.pom
4/5 KB       5/5 KB            Downloaded: https://repo.maven.apache.org/maven2/org/apache/maven/plugins/maven-antrun-plugin/1.3/maven-antrun-plugin-1.3.pom (5 KB at 184.8 KB/sec)
Downloading: https://repo.maven.apache.org/maven2/org/apache/maven/plugins/maven-plugins/12/maven-plugins-12.pom
3/12 KB   7/12 KB   11/12 KB   12/12 KB              Downloaded: https://repo.maven.apache.org/maven2/org/apache/maven/plugins/maven-plugins/12/maven-plugins-12.pom (12 KB at 395.6 KB/sec)
Downloading: https://repo.maven.apache.org/maven2/org/apache/maven/maven-parent/9/maven-parent-9.pom
4/33 KB    8/33 KB   12/33 KB   16/33 KB   20/33 KB   24/33 KB   28/33 KB   32/33 KB   33/33 KB              Downloaded: https://repo.maven.apache.org/maven2/org/apache/maven/maven-parent/9/maven-parent-9.pom (33 KB at 916.2 KB/sec)
Downloading: https://repo.maven.apache.org/maven2/org/apache/maven/plugins/maven-antrun-plugin/1.3/maven-antrun-plugin-1.3.jar
4/24 KB    8/24 KB   12/24 KB   16/24 KB   20/24 KB   24/24 KB              Downloaded: https://repo.maven.apache.org/maven2/org/apache/maven/plugins/maven-antrun-plugin/1.3/maven-antrun-plugin-1.3.jar (24 KB at 479.6 KB/sec)
Downloading: https://repo.maven.apache.org/maven2/org/apache/maven/plugins/maven-assembly-plugin/2.2-beta-5/maven-assembly-plugin-2.2-beta-5.pom
3/15 KB    7/15 KB   11/15 KB   15/15 KB   15/15 KB              Downloaded: https://repo.maven.apache.org/maven2/org/apache/maven/plugins/maven-assembly-plugin/2.2-beta-5/maven-assembly-plugin-2.2-beta-5.pom (15 KB at 411.2 KB/sec)
Downloading: https://repo.maven.apache.org/maven2/org/apache/maven/plugins/maven-plugins/16/maven-plugins-16.pom
4/13 KB    8/13 KB   12/13 KB   13/13 KB              Downloaded: https://repo.maven.apache.org/maven2/org/apache/maven/plugins/maven-plugins/16/maven-plugins-16.pom (13 KB at 371.9 KB/sec)
Downloading: https://repo.maven.apache.org/maven2/org/apache/maven/maven-parent/15/maven-parent-15.pom
1/24 KB    5/24 KB   9/24 KB   13/24 KB   17/24 KB   21/24 KB   24/24 KB              Downloaded: https://repo.maven.apache.org/maven2/org/apache/maven/maven-parent/15/maven-parent-15.pom (24 KB at 837.2 KB/sec)
Downloading: https://repo.maven.apache.org/maven2/org/apache/maven/plugins/maven-assembly-plugin/2.2-beta-5/maven-assembly-plugin-2.2-beta-5.jar
4/204 KB   8/204 KB   12/204 KB   16/204 KB   20/204 KB   24/204 KB   28/204 KB   32/204 KB   36/204 KB   40/204 KB   44/204 KB   48/204 KB   52/204 KB   56/204 KB   60/204 KB   63/204 KB   67/204 KB   71/204 KB   75/204 KB   79/204 KB   83/204 KB   87/204 KB   91/204 KB   95/204 KB   99/204 KB   103/204 KB   107/204 KB   111/204 KB   115/204 KB   119/204 KB   123/204 KB   127/204 KB   131/204 KB   135/204 KB   139/204 KB   143/204 KB   147/204 KB   151/204 KB   155/204 KB   159/204 KB   163/204 KB   167/204 KB   171/204 KB   175/204 KB   179/204 KB   183/204 KB   187/204 KB   191/204 KB   195/204 KB   199/204 KB   203/204 KB   204/204 KB                Downloaded: https://repo.maven.apache.org/maven2/org/apache/maven/plugins/maven-assembly-plugin/2.2-beta-5/maven-assembly-plugin-2.2-beta-5.jar (204 KB at 2081.3 KB/sec)
Downloading: https://repo.maven.apache.org/maven2/org/apache/maven/plugins/maven-dependency-plugin/2.8/maven-dependency-plugin-2.8.pom
3/12 KB      7/12 KB   11/12 KB   12/12 KB              Downloaded: https://repo.maven.apache.org/maven2/org/apache/maven/plugins/maven-dependency-plugin/2.8/maven-dependency-plugin-2.8.pom (12 KB at 294.4 KB/sec)
Downloading: https://repo.maven.apache.org/maven2/org/apache/maven/plugins/maven-dependency-plugin/2.8/maven-dependency-plugin-2.8.jar
4/150 KB   8/150 KB   12/150 KB   16/150 KB   20/150 KB   24/150 KB   28/150 KB   32/150 KB   36/150 KB   40/150 KB   44/150 KB   48/150 KB   52/150 KB   56/150 KB   60/150 KB   64/150 KB   68/150 KB   72/150 KB   76/150 KB   80/150 KB   84/150 KB   88/150 KB   92/150 KB   96/150 KB   100/150 KB   104/150 KB   108/150 KB   112/150 KB   116/150 KB   120/150 KB   124/150 KB   128/150 KB   132/150 KB   136/150 KB   140/150 KB   144/150 KB   148/150 KB   150/150 KB                Downloaded: https://repo.maven.apache.org/maven2/org/apache/maven/plugins/maven-dependency-plugin/2.8/maven-dependency-plugin-2.8.jar (150 KB at 1360.0 KB/sec)
Downloading: https://repo.maven.apache.org/maven2/org/apache/maven/plugins/maven-release-plugin/2.1/maven-release-plugin-2.1.pom
2/9 KB       6/9 KB   9/9 KB            Downloaded: https://repo.maven.apache.org/maven2/org/apache/maven/plugins/maven-release-plugin/2.1/maven-release-plugin-2.1.pom (9 KB at 286.8 KB/sec)
Downloading: https://repo.maven.apache.org/maven2/org/apache/maven/release/maven-release/2.1/maven-release-2.1.pom
4/7 KB   7/7 KB            Downloaded: https://repo.maven.apache.org/maven2/org/apache/maven/release/maven-release/2.1/maven-release-2.1.pom (7 KB at 276.2 KB/sec)
Downloading: https://repo.maven.apache.org/maven2/org/apache/maven/plugins/maven-release-plugin/2.1/maven-release-plugin-2.1.jar
4/40 KB   8/40 KB   12/40 KB   16/40 KB   20/40 KB   24/40 KB   28/40 KB   32/40 KB   36/40 KB   40/40 KB              Downloaded: https://repo.maven.apache.org/maven2/org/apache/maven/plugins/maven-release-plugin/2.1/maven-release-plugin-2.1.jar (40 KB at 1188.5 KB/sec)
Downloading: https://repo.maven.apache.org/maven2/org/apache/maven/plugins/maven-metadata.xml
Downloading: https://repo.maven.apache.org/maven2/org/codehaus/mojo/maven-metadata.xml
4/13 KB    8/13 KB   12/13 KB   13/13 KB              Downloaded: https://repo.maven.apache.org/maven2/org/apache/maven/plugins/maven-metadata.xml (13 KB at 427.6 KB/sec)
4/20 KB    8/20 KB   12/20 KB   16/20 KB   20/20 KB   20/20 KB              Downloaded: https://repo.maven.apache.org/maven2/org/codehaus/mojo/maven-metadata.xml (20 KB at 212.9 KB/sec)
Downloading: https://repo.maven.apache.org/maven2/org/apache/maven/plugins/maven-source-plugin/maven-metadata.xml
746/746 B               Downloaded: https://repo.maven.apache.org/maven2/org/apache/maven/plugins/maven-source-plugin/maven-metadata.xml (746 B at 20.8 KB/sec)
Downloading: https://repo.maven.apache.org/maven2/org/apache/maven/plugins/maven-source-plugin/2.4/maven-source-plugin-2.4.pom
4/7 KB      7/7 KB            Downloaded: https://repo.maven.apache.org/maven2/org/apache/maven/plugins/maven-source-plugin/2.4/maven-source-plugin-2.4.pom (7 KB at 249.5 KB/sec)
Downloading: https://repo.maven.apache.org/maven2/org/apache/maven/plugins/maven-plugins/25/maven-plugins-25.pom
4/10 KB   8/10 KB   10/10 KB              Downloaded: https://repo.maven.apache.org/maven2/org/apache/maven/plugins/maven-plugins/25/maven-plugins-25.pom (10 KB at 321.6 KB/sec)
Downloading: https://repo.maven.apache.org/maven2/org/apache/maven/plugins/maven-source-plugin/2.4/maven-source-plugin-2.4.jar
4/31 KB    8/31 KB   12/31 KB   16/31 KB   20/31 KB   24/31 KB   28/31 KB   31/31 KB              Downloaded: https://repo.maven.apache.org/maven2/org/apache/maven/plugins/maven-source-plugin/2.4/maven-source-plugin-2.4.jar (31 KB at 697.5 KB/sec)
Downloading: https://repo.maven.apache.org/maven2/org/apache/maven/plugins/maven-javadoc-plugin/maven-metadata.xml
910/910 B               Downloaded: https://repo.maven.apache.org/maven2/org/apache/maven/plugins/maven-javadoc-plugin/maven-metadata.xml (910 B at 21.2 KB/sec)
Downloading: https://repo.maven.apache.org/maven2/org/apache/maven/plugins/maven-javadoc-plugin/2.10.3/maven-javadoc-plugin-2.10.3.pom
4/16 KB     8/16 KB   12/16 KB   16/16 KB              Downloaded: https://repo.maven.apache.org/maven2/org/apache/maven/plugins/maven-javadoc-plugin/2.10.3/maven-javadoc-plugin-2.10.3.pom (16 KB at 589.1 KB/sec)
Downloading: https://repo.maven.apache.org/maven2/org/apache/maven/plugins/maven-javadoc-plugin/2.10.3/maven-javadoc-plugin-2.10.3.jar
4/396 KB   6/396 KB   10/396 KB   14/396 KB   18/396 KB   22/396 KB   26/396 KB   30/396 KB   34/396 KB   38/396 KB   42/396 KB   46/396 KB   50/396 KB   54/396 KB   58/396 KB   62/396 KB   66/396 KB   70/396 KB   74/396 KB   78/396 KB   82/396 KB   86/396 KB   90/396 KB   94/396 KB   98/396 KB   102/396 KB   106/396 KB   110/396 KB   114/396 KB   118/396 KB   122/396 KB   126/396 KB   130/396 KB   134/396 KB   138/396 KB   142/396 KB   146/396 KB   150/396 KB   154/396 KB   158/396 KB   162/396 KB   166/396 KB   170/396 KB   174/396 KB   178/396 KB   182/396 KB   186/396 KB   190/396 KB   194/396 KB   198/396 KB   202/396 KB   206/396 KB   210/396 KB   214/396 KB   218/396 KB   222/396 KB   226/396 KB   230/396 KB   234/396 KB   238/396 KB   242/396 KB   246/396 KB   250/396 KB   254/396 KB   258/396 KB   262/396 KB   266/396 KB   270/396 KB   274/396 KB   278/396 KB   282/396 KB   286/396 KB   290/396 KB   294/396 KB   298/396 KB   302/396 KB   306/396 KB   310/396 KB   314/396 KB   318/396 KB   322/396 KB   326/396 KB   330/396 KB   334/396 KB   338/396 KB   342/396 KB   346/396 KB   350/396 KB   354/396 KB   358/396 KB   362/396 KB   366/396 KB   370/396 KB   374/396 KB   378/396 KB   382/396 KB   386/396 KB   390/396 KB   394/396 KB   396/396 KB                Downloaded: https://repo.maven.apache.org/maven2/org/apache/maven/plugins/maven-javadoc-plugin/2.10.3/maven-javadoc-plugin-2.10.3.jar (396 KB at 2553.3 KB/sec)
[INFO]                                                                         
[INFO] ------------------------------------------------------------------------
[INFO] Building Retrofit (Parent) 2.0.0-SNAPSHOT
[INFO] ------------------------------------------------------------------------
[INFO] 
[INFO] --- maven-clean-plugin:2.5:clean (default-clean) @ parent ---
[INFO] 
[INFO] >>> maven-source-plugin:2.4:jar (default-cli) > generate-sources @ parent >>>
[INFO] 
[INFO] --- maven-enforcer-plugin:1.0:enforce (enforce-maven) @ parent ---
[INFO] 
[INFO] <<< maven-source-plugin:2.4:jar (default-cli) < generate-sources @ parent <<<
[INFO] 
[INFO] --- maven-source-plugin:2.4:jar (default-cli) @ parent ---
Downloading: https://repo.maven.apache.org/maven2/org/codehaus/plexus/plexus-archiver/2.6.3/plexus-archiver-2.6.3.pom
4/4 KB                Downloaded: https://repo.maven.apache.org/maven2/org/codehaus/plexus/plexus-archiver/2.6.3/plexus-archiver-2.6.3.pom (4 KB at 96.7 KB/sec)
Downloading: https://repo.maven.apache.org/maven2/org/codehaus/plexus/plexus-utils/3.0.18/plexus-utils-3.0.18.pom
4/4 KB            Downloaded: https://repo.maven.apache.org/maven2/org/codehaus/plexus/plexus-utils/3.0.18/plexus-utils-3.0.18.pom (4 KB at 144.1 KB/sec)
Downloading: https://repo.maven.apache.org/maven2/org/codehaus/plexus/plexus-io/2.1.3/plexus-io-2.1.3.pom
3/3 KB            Downloaded: https://repo.maven.apache.org/maven2/org/codehaus/plexus/plexus-io/2.1.3/plexus-io-2.1.3.pom (3 KB at 87.7 KB/sec)
Downloading: https://repo.maven.apache.org/maven2/org/codehaus/plexus/plexus-components/1.2/plexus-components-1.2.pom
3/3 KB            Downloaded: https://repo.maven.apache.org/maven2/org/codehaus/plexus/plexus-components/1.2/plexus-components-1.2.pom (3 KB at 119.5 KB/sec)
Downloading: https://repo.maven.apache.org/maven2/org/apache/commons/commons-compress/1.8.1/commons-compress-1.8.1.pom
1/12 KB   5/12 KB   9/12 KB   12/12 KB              Downloaded: https://repo.maven.apache.org/maven2/org/apache/commons/commons-compress/1.8.1/commons-compress-1.8.1.pom (12 KB at 413.5 KB/sec)
Downloading: https://repo.maven.apache.org/maven2/org/apache/commons/commons-parent/33/commons-parent-33.pom
4/52 KB    8/52 KB   12/52 KB   16/52 KB   20/52 KB   24/52 KB   28/52 KB   32/52 KB   36/52 KB   40/52 KB   44/52 KB   48/52 KB   52/52 KB              Downloaded: https://repo.maven.apache.org/maven2/org/apache/commons/commons-parent/33/commons-parent-33.pom (52 KB at 997.0 KB/sec)
Downloading: https://repo.maven.apache.org/maven2/org/codehaus/plexus/plexus-interpolation/1.11/plexus-interpolation-1.11.jar
Downloading: https://repo.maven.apache.org/maven2/org/codehaus/plexus/plexus-archiver/2.6.3/plexus-archiver-2.6.3.jar
Downloading: https://repo.maven.apache.org/maven2/org/codehaus/plexus/plexus-io/2.1.3/plexus-io-2.1.3.jar
Downloading: https://repo.maven.apache.org/maven2/org/apache/commons/commons-compress/1.8.1/commons-compress-1.8.1.jar
4/50 KB    4/357 KB   4/50 KB   4/357 KB   8/50 KB   Downloading: https://repo.maven.apache.org/maven2/org/codehaus/plexus/plexus-utils/3.0.18/plexus-utils-3.0.18.jar
4/357 KB   12/50 KB   4/357 KB   16/50 KB   8/357 KB   16/50 KB   11/357 KB   16/50 KB   11/357 KB   20/50 KB   11/357 KB   24/50 KB   11/357 KB   28/50 KB   11/357 KB   32/50 KB   4/129 KB   11/357 KB   32/50 KB   4/65 KB   8/129 KB   11/357 KB   32/50 KB   4/65 KB   12/129 KB   11/357 KB   32/50 KB   4/65 KB   16/129 KB   11/357 KB   32/50 KB   4/65 KB   16/129 KB   15/357 KB   32/50 KB   4/65 KB   20/129 KB   19/357 KB   36/50 KB   4/65 KB   20/129 KB   23/357 KB   36/50 KB   4/65 KB   20/129 KB   27/357 KB   36/50 KB   4/65 KB   4/129 KB   11/357 KB   32/50 KB   8/65 KB   20/129 KB   27/357 KB   36/50 KB   12/65 KB   20/129 KB   27/357 KB   36/50 KB   16/65 KB   20/129 KB   27/357 KB   36/50 KB   16/65 KB   20/129 KB   31/357 KB   36/50 KB   16/65 KB   20/129 KB   35/357 KB   36/50 KB   16/65 KB   20/129 KB   39/357 KB   36/50 KB   16/65 KB   20/129 KB   43/357 KB   36/50 KB   16/65 KB   20/129 KB   47/357 KB   36/50 KB   16/65 KB   20/129 KB   51/357 KB   36/50 KB   16/65 KB   20/129 KB   55/357 KB   36/50 KB   16/65 KB   20/129 KB   59/357 KB   36/50 KB   16/65 KB   20/129 KB   63/357 KB   36/50 KB   20/65 KB   20/129 KB   67/357 KB   4/238 KB   36/50 KB   20/65 KB   20/129 KB   71/357 KB   4/238 KB   36/50 KB   20/65 KB   20/129 KB   75/357 KB   4/238 KB   36/50 KB   4/65 KB   20/129 KB   15/357 KB   36/50 KB   4/65 KB   16/129 KB   15/357 KB   36/50 KB   20/65 KB   24/129 KB   75/357 KB   4/238 KB   40/50 KB   20/65 KB   24/129 KB   75/357 KB   4/238 KB   44/50 KB   20/65 KB   24/129 KB   75/357 KB   4/238 KB   48/50 KB   20/65 KB   24/129 KB   75/357 KB   4/238 KB   50/50 KB   20/65 KB   24/129 KB   75/357 KB   4/238 KB   36/50 KB   20/65 KB   20/129 KB   63/357 KB   4/238 KB   36/50 KB   24/65 KB   28/129 KB   75/357 KB   4/238 KB   50/50 KB   28/65 KB   28/129 KB   75/357 KB   4/238 KB   50/50 KB   32/65 KB   28/129 KB   75/357 KB   4/238 KB   50/50 KB   36/65 KB   28/129 KB   75/357 KB   4/238 KB   50/50 KB   16/65 KB   20/129 KB   63/357 KB   4/238 KB   36/50 KB   36/65 KB   28/129 KB   79/357 KB   4/238 KB              36/65 KB   28/129 KB   79/357 KB   8/238 KB   36/65 KB   28/129 KB   83/357 KB   8/238 KB   40/65 KB   28/129 KB   83/357 KB   12/238 KB   40/65 KB   28/129 KB   87/357 KB   12/238 KB   44/65 KB   28/129 KB   91/357 KB   12/238 KB                                                            Downloaded: https://repo.maven.apache.org/maven2/org/codehaus/plexus/plexus-interpolation/1.11/plexus-interpolation-1.11.jar (50 KB at 287.5 KB/sec)
24/65 KB   28/129 KB   75/357 KB   4/238 KB   50/50 KB   44/65 KB   32/129 KB   91/357 KB   12/238 KB   44/65 KB   36/129 KB   91/357 KB   12/238 KB   44/65 KB   40/129 KB   91/357 KB   12/238 KB   44/65 KB   44/129 KB   91/357 KB   12/238 KB   44/65 KB   48/129 KB   91/357 KB   12/238 KB   44/65 KB   48/129 KB   95/357 KB   12/238 KB   44/65 KB   52/129 KB   99/357 KB   12/238 KB   44/65 KB   52/129 KB   103/357 KB   12/238 KB   44/65 KB   52/129 KB   107/357 KB   12/238 KB   44/65 KB   52/129 KB   111/357 KB   12/238 KB   44/65 KB   52/129 KB   115/357 KB   12/238 KB   44/65 KB   52/129 KB   119/357 KB   12/238 KB   44/65 KB   52/129 KB   123/357 KB   12/238 KB   44/65 KB   28/129 KB   87/357 KB   12/238 KB   36/65 KB   28/129 KB   83/357 KB   12/238 KB   44/65 KB   52/129 KB   95/357 KB   12/238 KB   44/65 KB   52/129 KB   123/357 KB   16/238 KB   44/65 KB   56/129 KB   123/357 KB   16/238 KB   44/65 KB   60/129 KB   123/357 KB   16/238 KB   44/65 KB   64/129 KB   123/357 KB   16/238 KB   48/65 KB   64/129 KB   123/357 KB   16/238 KB   48/65 KB   64/129 KB   123/357 KB   20/238 KB   48/65 KB   64/129 KB   123/357 KB   24/238 KB   48/65 KB   64/129 KB   123/357 KB   28/238 KB   48/65 KB   64/129 KB   123/357 KB   32/238 KB   48/65 KB   68/129 KB   123/357 KB   32/238 KB   52/65 KB   72/129 KB   123/357 KB   36/238 KB   52/65 KB   76/129 KB   123/357 KB   36/238 KB   52/65 KB   80/129 KB   123/357 KB   36/238 KB   52/65 KB   68/129 KB   123/357 KB   36/238 KB   56/65 KB   80/129 KB   123/357 KB   36/238 KB   60/65 KB   80/129 KB   123/357 KB   36/238 KB   64/65 KB   80/129 KB   123/357 KB   36/238 KB   65/65 KB   80/129 KB   123/357 KB   36/238 KB   48/65 KB   68/129 KB   123/357 KB   36/238 KB   65/65 KB   84/129 KB   123/357 KB   40/238 KB   65/65 KB   84/129 KB   123/357 KB   44/238 KB   65/65 KB   84/129 KB   123/357 KB   48/238 KB   65/65 KB   84/129 KB   127/357 KB   48/238 KB   65/65 KB   84/129 KB   131/357 KB   48/238 KB   65/65 KB   84/129 KB   135/357 KB   48/238 KB   65/65 KB   84/129 KB   139/357 KB   48/238 KB   65/65 KB   84/129 KB   123/357 KB   36/238 KB   88/129 KB   143/357 KB   48/238 KB              92/129 KB   143/357 KB   48/238 KB   96/129 KB   143/357 KB   48/238 KB                                                   Downloaded: https://repo.maven.apache.org/maven2/org/codehaus/plexus/plexus-io/2.1.3/plexus-io-2.1.3.jar (65 KB at 289.7 KB/sec)
65/65 KB   84/129 KB   143/357 KB   48/238 KB   96/129 KB   147/357 KB   48/238 KB   96/129 KB   151/357 KB   48/238 KB   96/129 KB   155/357 KB   48/238 KB   96/129 KB   159/357 KB   48/238 KB   100/129 KB   163/357 KB   52/238 KB   100/129 KB   167/357 KB   52/238 KB   100/129 KB   171/357 KB   52/238 KB   100/129 KB   159/357 KB   52/238 KB   100/129 KB   171/357 KB   56/238 KB   100/129 KB   171/357 KB   60/238 KB   100/129 KB   171/357 KB   64/238 KB   100/129 KB   159/357 KB   48/238 KB   104/129 KB   171/357 KB   64/238 KB   108/129 KB   171/357 KB   64/238 KB   112/129 KB   171/357 KB   64/238 KB   112/129 KB   175/357 KB   64/238 KB   116/129 KB   179/357 KB   68/238 KB   116/129 KB   183/357 KB   68/238 KB   116/129 KB   187/357 KB   68/238 KB   116/129 KB   175/357 KB   68/238 KB   120/129 KB   187/357 KB   68/238 KB   124/129 KB   187/357 KB   68/238 KB   128/129 KB   187/357 KB   68/238 KB   129/129 KB   187/357 KB   68/238 KB   112/129 KB   175/357 KB   68/238 KB   129/129 KB   187/357 KB   72/238 KB   129/129 KB   187/357 KB   76/238 KB   129/129 KB   187/357 KB   80/238 KB   129/129 KB   187/357 KB   84/238 KB   191/357 KB   88/238 KB   191/357 KB   92/238 KB   191/357 KB   96/238 KB   191/357 KB   100/238 KB   191/357 KB   84/238 KB                195/357 KB   100/238 KB   199/357 KB   100/238 KB   203/357 KB   100/238 KB   207/357 KB   100/238 KB                                         Downloaded: https://repo.maven.apache.org/maven2/org/codehaus/plexus/plexus-archiver/2.6.3/plexus-archiver-2.6.3.jar (129 KB at 423.3 KB/sec)
207/357 KB   104/238 KB   207/357 KB   108/238 KB   207/357 KB   112/238 KB   207/357 KB   116/238 KB   211/357 KB   116/238 KB   215/357 KB   116/238 KB   219/357 KB   116/238 KB   223/357 KB   116/238 KB   227/357 KB   120/238 KB   231/357 KB   120/238 KB   235/357 KB   120/238 KB   239/357 KB   120/238 KB   223/357 KB   120/238 KB   239/357 KB   124/238 KB   239/357 KB   128/238 KB   239/357 KB   132/238 KB   239/357 KB   136/238 KB   239/357 KB   140/238 KB   243/357 KB   144/238 KB   243/357 KB   148/238 KB   243/357 KB   140/238 KB   247/357 KB   148/238 KB   251/357 KB   148/238 KB   255/357 KB   148/238 KB   259/357 KB   148/238 KB   263/357 KB   152/238 KB   267/357 KB   152/238 KB   271/357 KB   152/238 KB   275/357 KB   152/238 KB   259/357 KB   152/238 KB   275/357 KB   156/238 KB   275/357 KB   160/238 KB   275/357 KB   164/238 KB   275/357 KB   168/238 KB   275/357 KB   172/238 KB   275/357 KB   176/238 KB   275/357 KB   180/238 KB   279/357 KB   184/238 KB   279/357 KB   188/238 KB   279/357 KB   192/238 KB   279/357 KB   196/238 KB   279/357 KB   180/238 KB   283/357 KB   196/238 KB   287/357 KB   196/238 KB   291/357 KB   196/238 KB   295/357 KB   196/238 KB   299/357 KB   196/238 KB   303/357 KB   196/238 KB   307/357 KB   196/238 KB   311/357 KB   196/238 KB   311/357 KB   200/238 KB   311/357 KB   204/238 KB   311/357 KB   208/238 KB   315/357 KB   208/238 KB   319/357 KB   212/238 KB   323/357 KB   212/238 KB   327/357 KB   212/238 KB   331/357 KB   212/238 KB   335/357 KB   212/238 KB   339/357 KB   212/238 KB   343/357 KB   212/238 KB   315/357 KB   212/238 KB   343/357 KB   216/238 KB   343/357 KB   220/238 KB   343/357 KB   224/238 KB   343/357 KB   228/238 KB   343/357 KB   232/238 KB   347/357 KB   236/238 KB   347/357 KB   238/238 KB   347/357 KB   232/238 KB   351/357 KB   238/238 KB   355/357 KB   238/238 KB   357/357 KB   238/238 KB                             Downloaded: https://repo.maven.apache.org/maven2/org/codehaus/plexus/plexus-utils/3.0.18/plexus-utils-3.0.18.jar (238 KB at 585.9 KB/sec)
                          Downloaded: https://repo.maven.apache.org/maven2/org/apache/commons/commons-compress/1.8.1/commons-compress-1.8.1.jar (357 KB at 841.9 KB/sec)
[INFO] 
[INFO] --- maven-javadoc-plugin:2.10.3:jar (default-cli) @ parent ---
Downloading: https://repo.maven.apache.org/maven2/org/apache/maven/shared/maven-invoker/2.0.9/maven-invoker-2.0.9.pom
4/6 KB                    6/6 KB            Downloaded: https://repo.maven.apache.org/maven2/org/apache/maven/shared/maven-invoker/2.0.9/maven-invoker-2.0.9.pom (6 KB at 141.0 KB/sec)
Downloading: https://repo.maven.apache.org/maven2/org/apache/maven/maven-plugin-api/2.0.8/maven-plugin-api-2.0.8.pom
2/2 KB            Downloaded: https://repo.maven.apache.org/maven2/org/apache/maven/maven-plugin-api/2.0.8/maven-plugin-api-2.0.8.pom (2 KB at 40.5 KB/sec)
Downloading: https://repo.maven.apache.org/maven2/org/codehaus/plexus/plexus-utils/1.4.9/plexus-utils-1.4.9.pom
3/3 KB            Downloaded: https://repo.maven.apache.org/maven2/org/codehaus/plexus/plexus-utils/1.4.9/plexus-utils-1.4.9.pom (3 KB at 89.7 KB/sec)
Downloading: https://repo.maven.apache.org/maven2/org/apache/maven/wagon/wagon-provider-api/1.0-beta-6/wagon-provider-api-1.0-beta-6.pom
2/2 KB            Downloaded: https://repo.maven.apache.org/maven2/org/apache/maven/wagon/wagon-provider-api/1.0-beta-6/wagon-provider-api-1.0-beta-6.pom (2 KB at 66.1 KB/sec)
Downloading: https://repo.maven.apache.org/maven2/org/apache/maven/wagon/wagon/1.0-beta-6/wagon-1.0-beta-6.pom
3/13 KB   7/13 KB   11/13 KB   13/13 KB              Downloaded: https://repo.maven.apache.org/maven2/org/apache/maven/wagon/wagon/1.0-beta-6/wagon-1.0-beta-6.pom (13 KB at 432.0 KB/sec)
Downloading: https://repo.maven.apache.org/maven2/org/codehaus/plexus/plexus-utils/1.4.2/plexus-utils-1.4.2.pom
2/2 KB              Downloaded: https://repo.maven.apache.org/maven2/org/codehaus/plexus/plexus-utils/1.4.2/plexus-utils-1.4.2.pom (2 KB at 87.0 KB/sec)
Downloading: https://repo.maven.apache.org/maven2/commons-io/commons-io/2.2/commons-io-2.2.pom
4/11 KB   8/11 KB   11/11 KB              Downloaded: https://repo.maven.apache.org/maven2/commons-io/commons-io/2.2/commons-io-2.2.pom (11 KB at 336.7 KB/sec)
Downloading: https://repo.maven.apache.org/maven2/org/apache/commons/commons-parent/24/commons-parent-24.pom
4/47 KB    5/47 KB   9/47 KB   13/47 KB   17/47 KB   21/47 KB   25/47 KB   29/47 KB   33/47 KB   37/47 KB   41/47 KB   45/47 KB   47/47 KB              Downloaded: https://repo.maven.apache.org/maven2/org/apache/commons/commons-parent/24/commons-parent-24.pom (47 KB at 942.0 KB/sec)
Downloading: https://repo.maven.apache.org/maven2/org/apache/httpcomponents/httpclient/4.2.3/httpclient-4.2.3.pom
1/6 KB     5/6 KB   6/6 KB            Downloaded: https://repo.maven.apache.org/maven2/org/apache/httpcomponents/httpclient/4.2.3/httpclient-4.2.3.pom (6 KB at 131.2 KB/sec)
Downloading: https://repo.maven.apache.org/maven2/org/apache/httpcomponents/httpcomponents-client/4.2.3/httpcomponents-client-4.2.3.pom
1/15 KB   5/15 KB   9/15 KB   13/15 KB   15/15 KB              Downloaded: https://repo.maven.apache.org/maven2/org/apache/httpcomponents/httpcomponents-client/4.2.3/httpcomponents-client-4.2.3.pom (15 KB at 356.5 KB/sec)
Downloading: https://repo.maven.apache.org/maven2/org/apache/httpcomponents/project/6/project-6.pom
4/24 KB    8/24 KB   12/24 KB   16/24 KB   20/24 KB   24/24 KB              Downloaded: https://repo.maven.apache.org/maven2/org/apache/httpcomponents/project/6/project-6.pom (24 KB at 755.6 KB/sec)
Downloading: https://repo.maven.apache.org/maven2/org/apache/httpcomponents/httpcore/4.2.2/httpcore-4.2.2.pom
2/6 KB     6/6 KB            Downloaded: https://repo.maven.apache.org/maven2/org/apache/httpcomponents/httpcore/4.2.2/httpcore-4.2.2.pom (6 KB at 146.1 KB/sec)
Downloading: https://repo.maven.apache.org/maven2/org/apache/httpcomponents/httpcomponents-core/4.2.2/httpcomponents-core-4.2.2.pom
2/12 KB   6/12 KB   10/12 KB   12/12 KB              Downloaded: https://repo.maven.apache.org/maven2/org/apache/httpcomponents/httpcomponents-core/4.2.2/httpcomponents-core-4.2.2.pom (12 KB at 350.1 KB/sec)
Downloading: https://repo.maven.apache.org/maven2/commons-codec/commons-codec/1.6/commons-codec-1.6.pom
4/11 KB    8/11 KB   11/11 KB              Downloaded: https://repo.maven.apache.org/maven2/commons-codec/commons-codec/1.6/commons-codec-1.6.pom (11 KB at 435.8 KB/sec)
Downloading: https://repo.maven.apache.org/maven2/log4j/log4j/1.2.14/log4j-1.2.14.pom
3/3 KB              Downloaded: https://repo.maven.apache.org/maven2/log4j/log4j/1.2.14/log4j-1.2.14.pom (3 KB at 68.2 KB/sec)
Downloading: https://repo.maven.apache.org/maven2/com/thoughtworks/qdox/qdox/1.12.1/qdox-1.12.1.pom
4/18 KB   8/18 KB   12/18 KB   16/18 KB   18/18 KB              Downloaded: https://repo.maven.apache.org/maven2/com/thoughtworks/qdox/qdox/1.12.1/qdox-1.12.1.pom (18 KB at 572.9 KB/sec)
Downloading: https://repo.maven.apache.org/maven2/org/codehaus/plexus/plexus-archiver/2.9/plexus-archiver-2.9.pom
4/5 KB     5/5 KB            Downloaded: https://repo.maven.apache.org/maven2/org/codehaus/plexus/plexus-archiver/2.9/plexus-archiver-2.9.pom (5 KB at 147.1 KB/sec)
Downloading: https://repo.maven.apache.org/maven2/org/codehaus/plexus/plexus-io/2.4/plexus-io-2.4.pom
4/4 KB            Downloaded: https://repo.maven.apache.org/maven2/org/codehaus/plexus/plexus-io/2.4/plexus-io-2.4.pom (4 KB at 140.0 KB/sec)
Downloading: https://repo.maven.apache.org/maven2/org/apache/commons/commons-compress/1.9/commons-compress-1.9.pom
1/12 KB   5/12 KB   9/12 KB   12/12 KB              Downloaded: https://repo.maven.apache.org/maven2/org/apache/commons/commons-compress/1.9/commons-compress-1.9.pom (12 KB at 348.9 KB/sec)
Downloading: https://repo.maven.apache.org/maven2/org/apache/commons/commons-parent/34/commons-parent-34.pom
1/55 KB    5/55 KB   9/55 KB   13/55 KB   17/55 KB   21/55 KB   25/55 KB   29/55 KB   33/55 KB   37/55 KB   41/55 KB   45/55 KB   49/55 KB   53/55 KB   55/55 KB              Downloaded: https://repo.maven.apache.org/maven2/org/apache/commons/commons-parent/34/commons-parent-34.pom (55 KB at 1071.2 KB/sec)
Downloading: https://repo.maven.apache.org/maven2/org/apache/maven/shared/maven-invoker/2.0.9/maven-invoker-2.0.9.jar
Downloading: https://repo.maven.apache.org/maven2/org/codehaus/plexus/plexus-velocity/1.1.7/plexus-velocity-1.1.7.jar
4/28 KB    8/28 KB   12/28 KB   16/28 KB   20/28 KB   24/28 KB   28/28 KB   28/28 KB   Downloading: https://repo.maven.apache.org/maven2/commons-digester/commons-digester/1.8/commons-digester-1.8.jar
Downloading: https://repo.maven.apache.org/maven2/org/apache/maven/doxia/doxia-core/1.4/doxia-core-1.4.jar
Downloading: https://repo.maven.apache.org/maven2/antlr/antlr/2.7.2/antlr-2.7.2.jar
           Downloaded: https://repo.maven.apache.org/maven2/org/apache/maven/shared/maven-invoker/2.0.9/maven-invoker-2.0.9.jar (28 KB at 511.5 KB/sec)
Downloading: https://repo.maven.apache.org/maven2/commons-lang/commons-lang/2.4/commons-lang-2.4.jar
4/162 KB   8/162 KB   12/162 KB   16/162 KB   16/162 KB   4/141 KB   4/350 KB   4/256 KB   4/8 KB   20/162 KB   8/141 KB   4/350 KB   4/256 KB   4/8 KB   20/162 KB   12/141 KB   4/350 KB   4/256 KB   4/8 KB   20/162 KB   16/141 KB   4/8 KB   20/162 KB   4/141 KB   4/350 KB   4/256 KB   8/8 KB   20/162 KB   16/141 KB   4/350 KB   4/256 KB   8/8 KB   20/162 KB   20/141 KB   4/350 KB   4/256 KB   20/162 KB   24/141 KB            4/350 KB   4/256 KB   20/162 KB   28/141 KB   4/350 KB   4/256 KB   20/162 KB   32/141 KB   4/350 KB   4/256 KB   4/8 KB   20/162 KB   4/141 KB   4/350 KB   8/256 KB   20/162 KB   32/141 KB   4/350 KB   12/256 KB   20/162 KB   32/141 KB   4/350 KB   16/256 KB   20/162 KB   32/141 KB   4/350 KB   4/8 KB   20/162 KB   4/141 KB   20/162 KB   4/141 KB                                                          Downloaded: https://repo.maven.apache.org/maven2/org/codehaus/plexus/plexus-velocity/1.1.7/plexus-velocity-1.1.7.jar (8 KB at 64.6 KB/sec)
Downloading: https://repo.maven.apache.org/maven2/commons-io/commons-io/2.2/commons-io-2.2.jar
8/350 KB   20/256 KB   24/162 KB   36/141 KB   8/350 KB   20/256 KB   24/162 KB   32/141 KB   12/350 KB   20/256 KB   24/162 KB   36/141 KB   16/350 KB   20/256 KB   24/162 KB   36/141 KB   4/350 KB   20/256 KB   24/162 KB   32/141 KB   16/350 KB   24/256 KB   24/162 KB   36/141 KB   16/350 KB   28/256 KB   24/162 KB   36/141 KB   16/350 KB   32/256 KB   24/162 KB   36/141 KB   4/350 KB   16/256 KB   24/162 KB   32/141 KB   16/350 KB   32/256 KB   28/162 KB   36/141 KB   16/350 KB   32/256 KB   32/162 KB   36/141 KB   20/350 KB   32/256 KB   32/162 KB   36/141 KB   24/350 KB   32/256 KB   36/162 KB   40/141 KB   28/350 KB   32/256 KB   36/162 KB   40/141 KB   32/350 KB   32/256 KB   36/162 KB   40/141 KB   20/350 KB   32/256 KB   36/162 KB   40/141 KB   32/350 KB   32/256 KB   36/162 KB   44/141 KB   32/350 KB   32/256 KB   36/162 KB   48/141 KB   20/350 KB   32/256 KB   36/162 KB   36/141 KB   32/350 KB   32/256 KB   40/162 KB   48/141 KB   32/350 KB   32/256 KB   44/162 KB   48/141 KB   32/350 KB   32/256 KB   48/162 KB   48/141 KB   32/350 KB   32/256 KB   48/162 KB   4/170 KB   48/141 KB   32/350 KB   32/256 KB   48/162 KB   8/170 KB   48/141 KB   32/350 KB   32/256 KB   48/162 KB   12/170 KB   48/141 KB   32/350 KB   32/256 KB   48/162 KB   16/170 KB   48/141 KB   32/350 KB   32/256 KB   48/162 KB   20/170 KB   48/141 KB   32/350 KB   32/256 KB   48/162 KB   24/170 KB   48/141 KB   32/350 KB   32/256 KB   48/162 KB   24/170 KB   52/141 KB   36/350 KB   36/256 KB   52/162 KB   28/170 KB   56/141 KB   36/350 KB   36/256 KB   52/162 KB   28/170 KB   60/141 KB   36/350 KB   36/256 KB   52/162 KB   28/170 KB   64/141 KB   36/350 KB   36/256 KB   52/162 KB   28/170 KB   52/141 KB   36/350 KB   36/256 KB   56/162 KB   28/170 KB   64/141 KB   36/350 KB   36/256 KB   60/162 KB   28/170 KB   64/141 KB   36/350 KB   36/256 KB   64/162 KB   28/170 KB   64/141 KB   36/350 KB   36/256 KB   48/162 KB   28/170 KB   52/141 KB   40/350 KB   36/256 KB   64/162 KB   28/170 KB   64/141 KB   44/350 KB   36/256 KB   64/162 KB   28/170 KB   64/141 KB   48/350 KB   36/256 KB   64/162 KB   28/170 KB   64/141 KB   32/350 KB   36/256 KB   48/162 KB   28/170 KB   52/141 KB   32/350 KB   32/256 KB   48/162 KB   28/170 KB   52/141 KB   48/350 KB   40/256 KB   64/162 KB   28/170 KB   64/141 KB   48/350 KB   44/256 KB   64/162 KB   32/170 KB   64/141 KB   48/350 KB   44/256 KB   64/162 KB   32/170 KB   64/141 KB   48/350 KB   48/256 KB   64/162 KB   32/170 KB   64/141 KB   48/350 KB   48/256 KB   64/162 KB   36/170 KB   64/141 KB   48/350 KB   48/256 KB   64/162 KB   40/170 KB   64/141 KB   48/350 KB   48/256 KB   64/162 KB   44/170 KB   64/141 KB   48/350 KB   48/256 KB   64/162 KB   48/170 KB   64/141 KB   48/350 KB   48/256 KB   64/162 KB   52/170 KB   64/141 KB   48/350 KB   48/256 KB   64/162 KB   56/170 KB   64/141 KB   48/350 KB   48/256 KB   64/162 KB   60/170 KB   64/141 KB   48/350 KB   48/256 KB   64/162 KB   64/170 KB   64/141 KB   48/350 KB   52/256 KB   64/162 KB   64/170 KB   64/141 KB   48/350 KB   56/256 KB   64/162 KB   64/170 KB   64/141 KB   48/350 KB   60/256 KB   64/162 KB   64/170 KB   68/141 KB   48/350 KB   64/256 KB   64/162 KB   64/170 KB   68/141 KB   48/350 KB   64/256 KB   64/162 KB   68/170 KB   68/141 KB   48/350 KB   64/256 KB   64/162 KB   72/170 KB   68/141 KB   48/350 KB   56/256 KB   64/162 KB   64/170 KB   68/141 KB   52/350 KB   68/256 KB   68/162 KB   72/170 KB   72/141 KB   52/350 KB   68/256 KB   68/162 KB   76/170 KB   72/141 KB   52/350 KB   68/256 KB   68/162 KB   72/170 KB   68/141 KB   52/350 KB   68/256 KB   72/162 KB   80/170 KB   76/141 KB   52/350 KB   68/256 KB   76/162 KB   80/170 KB   76/141 KB   52/350 KB   68/256 KB   80/162 KB   80/170 KB   76/141 KB   52/350 KB   68/256 KB   64/162 KB   72/170 KB   68/141 KB   56/350 KB   68/256 KB   80/162 KB   80/170 KB   76/141 KB   60/350 KB   68/256 KB   80/162 KB   80/170 KB   76/141 KB   64/350 KB   68/256 KB   80/162 KB   80/170 KB   76/141 KB   48/350 KB   68/256 KB   64/162 KB   72/170 KB   68/141 KB   52/350 KB   68/256 KB   72/162 KB   80/170 KB   76/141 KB   64/350 KB   72/256 KB   80/162 KB   80/170 KB   76/141 KB   64/350 KB   76/256 KB   80/162 KB   80/170 KB   76/141 KB   64/350 KB   80/256 KB   80/162 KB   80/170 KB   76/141 KB   64/350 KB   80/256 KB   80/162 KB   84/170 KB   76/141 KB   64/350 KB   80/256 KB   80/162 KB   88/170 KB   76/141 KB   64/350 KB   80/256 KB   80/162 KB   92/170 KB   76/141 KB   64/350 KB   80/256 KB   80/162 KB   96/170 KB   76/141 KB   64/350 KB   80/256 KB   84/162 KB   96/170 KB   76/141 KB   68/350 KB   80/256 KB   88/162 KB   96/170 KB   76/141 KB   68/350 KB   80/256 KB   92/162 KB   96/170 KB   76/141 KB   68/350 KB   80/256 KB   96/162 KB   96/170 KB   76/141 KB   68/350 KB   84/256 KB   96/162 KB   96/170 KB   76/141 KB   52/350 KB   68/256 KB   68/162 KB   76/170 KB   76/141 KB   68/350 KB   88/256 KB   100/162 KB   100/170 KB   76/141 KB   68/350 KB   92/256 KB   100/162 KB   100/170 KB   76/141 KB   68/350 KB   92/256 KB   100/162 KB   100/170 KB   80/141 KB   68/350 KB   84/256 KB   100/162 KB   100/170 KB   76/141 KB   68/350 KB   96/256 KB   104/162 KB   100/170 KB   80/141 KB   68/350 KB   96/256 KB   108/162 KB   100/170 KB   80/141 KB   68/350 KB   96/256 KB   112/162 KB   100/170 KB   80/141 KB   68/350 KB   96/256 KB   112/162 KB   100/170 KB   84/141 KB   68/350 KB   84/256 KB   96/162 KB   100/170 KB   76/141 KB   68/350 KB   80/256 KB   84/162 KB   96/170 KB   76/141 KB   72/350 KB   96/256 KB   116/162 KB   100/170 KB   84/141 KB   76/350 KB   96/256 KB   116/162 KB   100/170 KB   88/141 KB   80/350 KB   96/256 KB   116/162 KB   100/170 KB   88/141 KB   84/350 KB   96/256 KB   116/162 KB   100/170 KB   88/141 KB   88/350 KB   96/256 KB   116/162 KB   100/170 KB   88/141 KB   92/350 KB   96/256 KB   116/162 KB   100/170 KB   88/141 KB   96/350 KB   96/256 KB   116/162 KB   100/170 KB   88/141 KB   96/350 KB   96/256 KB   116/162 KB   104/170 KB   88/141 KB   96/350 KB   96/256 KB   116/162 KB   108/170 KB   88/141 KB   96/350 KB   96/256 KB   116/162 KB   112/170 KB   88/141 KB   100/350 KB   96/256 KB   116/162 KB   112/170 KB   88/141 KB   68/350 KB   96/256 KB   116/162 KB   100/170 KB   84/141 KB   68/350 KB   96/256 KB   100/162 KB   100/170 KB   80/141 KB   104/350 KB   96/256 KB   120/162 KB   116/170 KB   88/141 KB   104/350 KB   96/256 KB   124/162 KB   116/170 KB   88/141 KB   104/350 KB   96/256 KB   128/162 KB   116/170 KB   88/141 KB   104/350 KB   100/256 KB   128/162 KB   116/170 KB   88/141 KB   104/350 KB   104/256 KB   128/162 KB   116/170 KB   88/141 KB   104/350 KB   108/256 KB   128/162 KB   116/170 KB   88/141 KB   104/350 KB   112/256 KB   128/162 KB   116/170 KB   88/141 KB   104/350 KB   112/256 KB   132/162 KB   116/170 KB   88/141 KB   104/350 KB   112/256 KB   136/162 KB   116/170 KB   88/141 KB   104/350 KB   112/256 KB   140/162 KB   116/170 KB   88/141 KB   104/350 KB   112/256 KB   144/162 KB   116/170 KB   88/141 KB   104/350 KB   116/256 KB   144/162 KB   116/170 KB   88/141 KB   104/350 KB   120/256 KB   144/162 KB   116/170 KB   88/141 KB   104/350 KB   124/256 KB   144/162 KB   116/170 KB   88/141 KB   104/350 KB   128/256 KB   144/162 KB   116/170 KB   88/141 KB   104/350 KB   128/256 KB   148/162 KB   116/170 KB   88/141 KB   104/350 KB   128/256 KB   152/162 KB   116/170 KB   88/141 KB   104/350 KB   128/256 KB   156/162 KB   116/170 KB   88/141 KB   104/350 KB   128/256 KB   160/162 KB   116/170 KB   88/141 KB   104/350 KB   96/256 KB   116/162 KB   116/170 KB   88/141 KB   108/350 KB   128/256 KB   160/162 KB   116/170 KB   88/141 KB   112/350 KB   128/256 KB   160/162 KB   116/170 KB   88/141 KB   112/350 KB   128/256 KB   162/162 KB   116/170 KB   88/141 KB   100/350 KB   96/256 KB   116/162 KB   116/170 KB   88/141 KB   72/350 KB   96/256 KB   116/162 KB   100/170 KB   88/141 KB   112/350 KB   128/256 KB   162/162 KB   120/170 KB   92/141 KB   112/350 KB   128/256 KB   162/162 KB   120/170 KB   96/141 KB   112/350 KB   132/256 KB   162/162 KB   120/170 KB   96/141 KB   112/350 KB   128/256 KB   162/162 KB   120/170 KB   88/141 KB   116/350 KB   132/256 KB   162/162 KB   124/170 KB   96/141 KB   116/350 KB   132/256 KB   162/162 KB   128/170 KB   96/141 KB   116/350 KB   132/256 KB   162/162 KB   128/170 KB   100/141 KB   116/350 KB   132/256 KB   162/162 KB   128/170 KB   104/141 KB   116/350 KB   132/256 KB   162/162 KB   128/170 KB   108/141 KB   116/350 KB   132/256 KB   162/162 KB   128/170 KB   112/141 KB   116/350 KB   132/256 KB   162/162 KB   120/170 KB   96/141 KB   120/350 KB   136/256 KB   162/162 KB   132/170 KB   112/141 KB   124/350 KB   136/256 KB   162/162 KB   132/170 KB   112/141 KB   128/350 KB   136/256 KB   162/162 KB   132/170 KB   112/141 KB   116/350 KB   136/256 KB   162/162 KB   132/170 KB   112/141 KB   128/350 KB   140/256 KB   162/162 KB   132/170 KB   112/141 KB   128/350 KB   144/256 KB   162/162 KB   132/170 KB   112/141 KB   128/350 KB   144/256 KB   162/162 KB   132/170 KB   116/141 KB   116/350 KB   132/256 KB   162/162 KB   132/170 KB   112/141 KB   132/350 KB   148/256 KB   162/162 KB   136/170 KB   116/141 KB   132/350 KB   148/256 KB   162/162 KB   136/170 KB   120/141 KB   132/350 KB   148/256 KB   162/162 KB   132/170 KB   116/141 KB   132/350 KB   152/256 KB   162/162 KB   140/170 KB   120/141 KB   132/350 KB   152/256 KB   162/162 KB   140/170 KB   124/141 KB   132/350 KB   144/256 KB   162/162 KB   132/170 KB   116/141 KB   136/350 KB   156/256 KB   162/162 KB   140/170 KB   124/141 KB   136/350 KB   156/256 KB   162/162 KB   140/170 KB   128/141 KB   132/350 KB   156/256 KB   162/162 KB   140/170 KB   124/141 KB   132/350 KB   148/256 KB   162/162 KB   140/170 KB   120/141 KB   140/350 KB   156/256 KB   162/162 KB   144/170 KB   128/141 KB   140/350 KB   156/256 KB   162/162 KB   144/170 KB   132/141 KB   140/350 KB   156/256 KB   162/162 KB   140/170 KB   128/141 KB   140/350 KB   160/256 KB   162/162 KB   148/170 KB   136/141 KB   140/350 KB   160/256 KB   162/162 KB   148/170 KB   140/141 KB   140/350 KB   160/256 KB   162/162 KB   148/170 KB   141/141 KB   144/350 KB   160/256 KB   162/162 KB   148/170 KB   141/141 KB   140/350 KB   160/256 KB   162/162 KB   148/170 KB   132/141 KB   148/350 KB   160/256 KB   148/170 KB   141/141 KB                140/350 KB   156/256 KB   162/162 KB   148/170 KB   132/141 KB   148/350 KB   164/256 KB   152/170 KB   141/141 KB   148/350 KB   164/256 KB   156/170 KB   141/141 KB   148/350 KB   164/256 KB   160/170 KB   141/141 KB   148/350 KB   164/256 KB   164/170 KB   141/141 KB   148/350 KB   164/256 KB   168/170 KB   141/141 KB   148/350 KB   164/256 KB   170/170 KB   141/141 KB   152/350 KB   164/256 KB   170/170 KB   141/141 KB   156/350 KB   164/256 KB   170/170 KB   141/141 KB   160/350 KB   164/256 KB   170/170 KB   141/141 KB   148/350 KB   164/256 KB   148/170 KB   141/141 KB                                                                    Downloaded: https://repo.maven.apache.org/maven2/org/apache/maven/doxia/doxia-core/1.4/doxia-core-1.4.jar (162 KB at 529.7 KB/sec)
Downloading: https://repo.maven.apache.org/maven2/org/apache/httpcomponents/httpclient/4.2.3/httpclient-4.2.3.jar
160/350 KB   168/256 KB   170/170 KB   141/141 KB   164/350 KB   168/256 KB   170/170 KB   141/141 KB   164/350 KB   172/256 KB   170/170 KB   141/141 KB   164/350 KB   176/256 KB   170/170 KB   141/141 KB   168/350 KB   176/256 KB   170/170 KB   141/141 KB   172/350 KB   176/256 KB   170/170 KB   141/141 KB                                                       Downloaded: https://repo.maven.apache.org/maven2/commons-digester/commons-digester/1.8/commons-digester-1.8.jar (141 KB at 493.8 KB/sec)
Downloading: https://repo.maven.apache.org/maven2/org/apache/httpcomponents/httpcore/4.2.2/httpcore-4.2.2.jar
176/350 KB   176/256 KB   170/170 KB                176/350 KB   180/256 KB   170/170 KB   176/350 KB   184/256 KB   170/170 KB   176/350 KB   188/256 KB   170/170 KB   176/350 KB   192/256 KB   170/170 KB   176/350 KB   192/256 KB   4/423 KB   170/170 KB   180/350 KB   196/256 KB   4/423 KB   170/170 KB   184/350 KB   196/256 KB   4/423 KB   170/170 KB   188/350 KB   196/256 KB   4/423 KB   170/170 KB   192/350 KB   196/256 KB   4/423 KB   170/170 KB   196/350 KB   196/256 KB   4/423 KB   170/170 KB   200/350 KB   196/256 KB   4/423 KB   170/170 KB   204/350 KB   196/256 KB   4/423 KB   170/170 KB   208/350 KB   196/256 KB   4/423 KB   170/170 KB   176/350 KB   196/256 KB   4/423 KB   170/170 KB   212/350 KB   200/256 KB   4/219 KB   8/423 KB   212/350 KB   204/256 KB   4/219 KB   8/423 KB   212/350 KB   208/256 KB   4/219 KB   8/423 KB                                                     212/350 KB   212/256 KB   4/219 KB   8/423 KB   212/350 KB   216/256 KB   4/219 KB   8/423 KB   212/350 KB   220/256 KB   4/219 KB   8/423 KB   212/350 KB   224/256 KB   4/219 KB   8/423 KB   212/350 KB   228/256 KB   4/219 KB   8/423 KB   212/350 KB   196/256 KB   4/219 KB   8/423 KB   212/350 KB   196/256 KB   8/423 KB   212/350 KB   228/256 KB   8/219 KB   8/423 KB   212/350 KB   228/256 KB   12/219 KB   8/423 KB   212/350 KB   228/256 KB   16/219 KB   12/423 KB   212/350 KB   228/256 KB   20/219 KB   12/423 KB   212/350 KB   228/256 KB   24/219 KB   12/423 KB   212/350 KB   196/256 KB   4/423 KB                Downloaded: https://repo.maven.apache.org/maven2/commons-io/commons-io/2.2/commons-io-2.2.jar (170 KB at 557.6 KB/sec)
216/350 KB   228/256 KB   28/219 KB   12/423 KB   216/350 KB   228/256 KB   32/219 KB   12/423 KB   212/350 KB   228/256 KB   12/219 KB   12/423 KB   216/350 KB   228/256 KB   32/219 KB   16/423 KB   216/350 KB   228/256 KB   36/219 KB   16/423 KB   216/350 KB   228/256 KB   24/219 KB   12/423 KB   220/350 KB   232/256 KB   36/219 KB   16/423 KB   224/350 KB   232/256 KB   36/219 KB   16/423 KB   224/350 KB   232/256 KB   36/219 KB   20/423 KB   224/350 KB   232/256 KB   36/219 KB   24/423 KB   224/350 KB   232/256 KB   36/219 KB   28/423 KB   224/350 KB   232/256 KB   36/219 KB   32/423 KB   228/350 KB   232/256 KB   36/219 KB   32/423 KB   232/350 KB   232/256 KB   36/219 KB   32/423 KB   236/350 KB   232/256 KB   36/219 KB   32/423 KB   240/350 KB   232/256 KB   36/219 KB   32/423 KB   240/350 KB   232/256 KB   36/219 KB   36/423 KB   240/350 KB   232/256 KB   36/219 KB   40/423 KB   240/350 KB   232/256 KB   36/219 KB   44/423 KB   240/350 KB   232/256 KB   36/219 KB   48/423 KB   216/350 KB   232/256 KB   36/219 KB   16/423 KB   Downloading: https://repo.maven.apache.org/maven2/commons-codec/commons-codec/1.6/commons-codec-1.6.jar
244/350 KB   236/256 KB   36/219 KB   48/423 KB   248/350 KB   236/256 KB   40/219 KB   48/423 KB   252/350 KB   236/256 KB   40/219 KB   48/423 KB   256/350 KB   236/256 KB   40/219 KB   48/423 KB   256/350 KB   236/256 KB   40/219 KB   52/423 KB   256/350 KB   236/256 KB   40/219 KB   56/423 KB   256/350 KB   236/256 KB   40/219 KB   60/423 KB   256/350 KB   236/256 KB   40/219 KB   64/423 KB   260/350 KB   236/256 KB   40/219 KB   64/423 KB   240/350 KB   236/256 KB   36/219 KB   48/423 KB   260/350 KB   240/256 KB   40/219 KB   64/423 KB   260/350 KB   240/256 KB   40/219 KB   68/423 KB   260/350 KB   240/256 KB   40/219 KB   72/423 KB   260/350 KB   240/256 KB   40/219 KB   76/423 KB   260/350 KB   240/256 KB   40/219 KB   80/423 KB   260/350 KB   240/256 KB   40/219 KB   80/423 KB   4/228 KB   260/350 KB   244/256 KB   40/219 KB   84/423 KB   8/228 KB   260/350 KB   244/256 KB   40/219 KB   84/423 KB   12/228 KB   260/350 KB   244/256 KB   40/219 KB   84/423 KB   16/228 KB   260/350 KB   244/256 KB   40/219 KB   84/423 KB   20/228 KB   244/350 KB   236/256 KB   40/219 KB   48/423 KB   260/350 KB   244/256 KB   44/219 KB   84/423 KB   20/228 KB   260/350 KB   244/256 KB   48/219 KB   84/423 KB   20/228 KB   260/350 KB   244/256 KB   52/219 KB   84/423 KB   20/228 KB   260/350 KB   244/256 KB   40/219 KB   84/423 KB   4/228 KB   264/350 KB   244/256 KB   56/219 KB   84/423 KB   24/228 KB   264/350 KB   248/256 KB   56/219 KB   84/423 KB   24/228 KB   268/350 KB   252/256 KB   56/219 KB   84/423 KB   24/228 KB   268/350 KB   256/256 KB   56/219 KB   84/423 KB   24/228 KB   268/350 KB   256/256 KB   56/219 KB   84/423 KB   24/228 KB   260/350 KB   240/256 KB   40/219 KB   84/423 KB   4/228 KB   268/350 KB   256/256 KB   56/219 KB   88/423 KB   24/228 KB   268/350 KB   256/256 KB   56/219 KB   92/423 KB   24/228 KB   268/350 KB   256/256 KB   56/219 KB   96/423 KB   24/228 KB   268/350 KB   248/256 KB   56/219 KB   84/423 KB   24/228 KB   272/350 KB   256/256 KB   56/219 KB   96/423 KB   24/228 KB   260/350 KB   244/256 KB   56/219 KB   84/423 KB   24/228 KB   260/350 KB   244/256 KB   52/219 KB   84/423 KB   24/228 KB   272/350 KB   256/256 KB   60/219 KB   96/423 KB   28/228 KB   272/350 KB   256/256 KB   60/219 KB   96/423 KB   32/228 KB   276/350 KB   256/256 KB   60/219 KB   96/423 KB   32/228 KB   272/350 KB   256/256 KB   60/219 KB   96/423 KB   24/228 KB   280/350 KB   256/256 KB   60/219 KB   100/423 KB   36/228 KB   284/350 KB   256/256 KB   60/219 KB   100/423 KB   36/228 KB   284/350 KB   256/256 KB   64/219 KB   100/423 KB   36/228 KB   276/350 KB   256/256 KB   60/219 KB   100/423 KB   36/228 KB   288/350 KB   256/256 KB   64/219 KB   104/423 KB   36/228 KB   288/350 KB   256/256 KB   64/219 KB   108/423 KB   36/228 KB   288/350 KB   256/256 KB   64/219 KB   112/423 KB   36/228 KB   288/350 KB   256/256 KB   68/219 KB   112/423 KB   36/228 KB   276/350 KB   256/256 KB   60/219 KB   96/423 KB   36/228 KB                                                                  288/350 KB   256/256 KB   68/219 KB   116/423 KB   36/228 KB   288/350 KB   256/256 KB   64/219 KB   100/423 KB   36/228 KB   288/350 KB   72/219 KB   116/423 KB   40/228 KB   Downloaded: https://repo.maven.apache.org/maven2/commons-lang/commons-lang/2.4/commons-lang-2.4.jar (256 KB at 691.0 KB/sec)
Downloading: https://repo.maven.apache.org/maven2/log4j/log4j/1.2.14/log4j-1.2.14.jar
288/350 KB   76/219 KB   116/423 KB   40/228 KB   288/350 KB   80/219 KB   116/423 KB   40/228 KB   292/350 KB   80/219 KB   116/423 KB   40/228 KB   296/350 KB   80/219 KB   116/423 KB   40/228 KB   300/350 KB   80/219 KB   116/423 KB   40/228 KB   304/350 KB   80/219 KB   116/423 KB   40/228 KB   304/350 KB   84/219 KB   120/423 KB   40/228 KB   304/350 KB   88/219 KB   120/423 KB   40/228 KB   304/350 KB   92/219 KB   120/423 KB   40/228 KB   304/350 KB   96/219 KB   120/423 KB   40/228 KB   288/350 KB   68/219 KB   116/423 KB   40/228 KB                304/350 KB   96/219 KB   120/423 KB   44/228 KB   304/350 KB   96/219 KB   120/423 KB   48/228 KB   304/350 KB   80/219 KB   120/423 KB   40/228 KB   304/350 KB   96/219 KB   124/423 KB   48/228 KB   304/350 KB   96/219 KB   128/423 KB   48/228 KB   304/350 KB   96/219 KB   128/423 KB   4/359 KB   48/228 KB   304/350 KB   96/219 KB   128/423 KB   8/359 KB   48/228 KB   304/350 KB   96/219 KB   128/423 KB   12/359 KB   48/228 KB   304/350 KB   96/219 KB   128/423 KB   16/359 KB   48/228 KB   308/350 KB   96/219 KB   128/423 KB   16/359 KB   48/228 KB   312/350 KB   96/219 KB   132/423 KB   16/359 KB   52/228 KB   316/350 KB   96/219 KB   132/423 KB   16/359 KB   52/228 KB   320/350 KB   96/219 KB   132/423 KB   16/359 KB   52/228 KB   320/350 KB   96/219 KB   132/423 KB   20/359 KB   52/228 KB   320/350 KB   96/219 KB   132/423 KB   24/359 KB   52/228 KB   320/350 KB   96/219 KB   132/423 KB   28/359 KB   52/228 KB   320/350 KB   96/219 KB   132/423 KB   32/359 KB   52/228 KB   308/350 KB   96/219 KB   128/423 KB   16/359 KB   52/228 KB   320/350 KB   96/219 KB   132/423 KB   32/359 KB   56/228 KB   320/350 KB   96/219 KB   132/423 KB   32/359 KB   60/228 KB   320/350 KB   96/219 KB   132/423 KB   32/359 KB   64/228 KB   324/350 KB   96/219 KB   132/423 KB   32/359 KB   64/228 KB   308/350 KB   96/219 KB   132/423 KB   16/359 KB   52/228 KB   328/350 KB   96/219 KB   132/423 KB   32/359 KB   64/228 KB   332/350 KB   96/219 KB   132/423 KB   32/359 KB   64/228 KB   332/350 KB   96/219 KB   136/423 KB   32/359 KB   64/228 KB   336/350 KB   96/219 KB   136/423 KB   32/359 KB   64/228 KB   336/350 KB   96/219 KB   140/423 KB   32/359 KB   64/228 KB   336/350 KB   96/219 KB   144/423 KB   32/359 KB   64/228 KB   336/350 KB   100/219 KB   144/423 KB   32/359 KB   64/228 KB   336/350 KB   100/219 KB   144/423 KB   36/359 KB   64/228 KB   340/350 KB   100/219 KB   144/423 KB   36/359 KB   64/228 KB   344/350 KB   104/219 KB   144/423 KB   36/359 KB   64/228 KB   348/350 KB   104/219 KB   144/423 KB   36/359 KB   64/228 KB   350/350 KB   104/219 KB   144/423 KB   36/359 KB   64/228 KB   340/350 KB   104/219 KB   144/423 KB   36/359 KB   64/228 KB   350/350 KB   108/219 KB   144/423 KB   36/359 KB   64/228 KB   350/350 KB   112/219 KB   144/423 KB   36/359 KB   64/228 KB   350/350 KB   112/219 KB   144/423 KB   36/359 KB   68/228 KB   350/350 KB   112/219 KB   144/423 KB   36/359 KB   72/228 KB   350/350 KB   112/219 KB   144/423 KB   36/359 KB   76/228 KB   350/350 KB   112/219 KB   144/423 KB   36/359 KB   80/228 KB   350/350 KB   116/219 KB   144/423 KB   36/359 KB   80/228 KB   350/350 KB   116/219 KB   144/423 KB   40/359 KB   80/228 KB   116/219 KB   148/423 KB   44/359 KB   80/228 KB                116/219 KB   148/423 KB   48/359 KB   80/228 KB   116/219 KB   148/423 KB   52/359 KB   80/228 KB                                                                  Downloaded: https://repo.maven.apache.org/maven2/antlr/antlr/2.7.2/antlr-2.7.2.jar (350 KB at 797.0 KB/sec)
Downloading: https://repo.maven.apache.org/maven2/com/thoughtworks/qdox/qdox/1.12.1/qdox-1.12.1.jar
350/350 KB   116/219 KB   148/423 KB   40/359 KB   80/228 KB   116/219 KB   152/423 KB   52/359 KB   84/228 KB   116/219 KB   156/423 KB   52/359 KB   84/228 KB   116/219 KB   160/423 KB   52/359 KB   84/228 KB   116/219 KB   164/423 KB   52/359 KB   84/228 KB   116/219 KB   168/423 KB   52/359 KB   84/228 KB   116/219 KB   172/423 KB   56/359 KB   84/228 KB   116/219 KB   176/423 KB   56/359 KB   84/228 KB   120/219 KB   176/423 KB   56/359 KB   84/228 KB   124/219 KB   176/423 KB   56/359 KB   84/228 KB   128/219 KB   176/423 KB   56/359 KB   84/228 KB   128/219 KB   180/423 KB   56/359 KB   84/228 KB   116/219 KB   148/423 KB   52/359 KB   84/228 KB   128/219 KB   180/423 KB   56/359 KB   88/228 KB   128/219 KB   180/423 KB   56/359 KB   92/228 KB   128/219 KB   180/423 KB   56/359 KB   96/228 KB   132/219 KB   180/423 KB   56/359 KB   96/228 KB   136/219 KB   180/423 KB   56/359 KB   96/228 KB   140/219 KB   180/423 KB   56/359 KB   96/228 KB   144/219 KB   180/423 KB   56/359 KB   96/228 KB   4/176 KB   144/219 KB   180/423 KB   56/359 KB   96/228 KB   8/176 KB   148/219 KB   180/423 KB   56/359 KB   100/228 KB   12/176 KB   148/219 KB   180/423 KB   56/359 KB   100/228 KB   16/176 KB   148/219 KB   180/423 KB   56/359 KB   100/228 KB   20/176 KB   148/219 KB   180/423 KB   56/359 KB   100/228 KB   116/219 KB   168/423 KB   56/359 KB   84/228 KB   20/176 KB   148/219 KB   180/423 KB   60/359 KB   100/228 KB   20/176 KB   148/219 KB   180/423 KB   64/359 KB   100/228 KB   20/176 KB   148/219 KB   180/423 KB   68/359 KB   100/228 KB   4/176 KB   148/219 KB   180/423 KB   56/359 KB   100/228 KB   24/176 KB   148/219 KB   180/423 KB   72/359 KB   100/228 KB   24/176 KB   148/219 KB   184/423 KB   72/359 KB   104/228 KB   24/176 KB   148/219 KB   184/423 KB   76/359 KB   108/228 KB   24/176 KB   148/219 KB   184/423 KB   76/359 KB   112/228 KB   24/176 KB   148/219 KB   184/423 KB   76/359 KB   116/228 KB   24/176 KB   148/219 KB   184/423 KB   76/359 KB   120/228 KB   24/176 KB   148/219 KB   184/423 KB   76/359 KB   124/228 KB   24/176 KB   148/219 KB   184/423 KB   76/359 KB   128/228 KB   4/176 KB   148/219 KB   180/423 KB   56/359 KB   96/228 KB   24/176 KB   148/219 KB   184/423 KB   76/359 KB   104/228 KB   24/176 KB   152/219 KB   184/423 KB   80/359 KB   128/228 KB   24/176 KB   152/219 KB   184/423 KB   80/359 KB   132/228 KB   24/176 KB   148/219 KB   184/423 KB   72/359 KB   100/228 KB   24/176 KB   148/219 KB   180/423 KB   68/359 KB   100/228 KB   28/176 KB   152/219 KB   184/423 KB   80/359 KB   136/228 KB   32/176 KB   152/219 KB   188/423 KB   80/359 KB   136/228 KB   24/176 KB   152/219 KB   184/423 KB   80/359 KB   136/228 KB   24/176 KB   152/219 KB   184/423 KB   76/359 KB   128/228 KB   28/176 KB   152/219 KB   188/423 KB   80/359 KB   136/228 KB   32/176 KB   156/219 KB   188/423 KB   80/359 KB   136/228 KB   32/176 KB   160/219 KB   188/423 KB   80/359 KB   136/228 KB   32/176 KB   160/219 KB   192/423 KB   80/359 KB   136/228 KB   32/176 KB   164/219 KB   192/423 KB   80/359 KB   136/228 KB   32/176 KB   168/219 KB   192/423 KB   80/359 KB   136/228 KB   32/176 KB   172/219 KB   192/423 KB   80/359 KB   136/228 KB   32/176 KB   176/219 KB   192/423 KB   80/359 KB   136/228 KB   32/176 KB   176/219 KB   192/423 KB   84/359 KB   136/228 KB   32/176 KB   176/219 KB   196/423 KB   88/359 KB   136/228 KB   32/176 KB   176/219 KB   196/423 KB   92/359 KB   136/228 KB   32/176 KB   176/219 KB   196/423 KB   96/359 KB   136/228 KB   32/176 KB   176/219 KB   196/423 KB   96/359 KB   140/228 KB   32/176 KB   176/219 KB   196/423 KB   84/359 KB   136/228 KB   32/176 KB   176/219 KB   200/423 KB   96/359 KB   144/228 KB   32/176 KB   176/219 KB   204/423 KB   96/359 KB   144/228 KB   32/176 KB   176/219 KB   208/423 KB   96/359 KB   144/228 KB   36/176 KB   176/219 KB   208/423 KB   96/359 KB   144/228 KB   40/176 KB   180/219 KB   208/423 KB   96/359 KB   144/228 KB   32/176 KB   176/219 KB   196/423 KB   96/359 KB   144/228 KB   44/176 KB   180/219 KB   208/423 KB   96/359 KB   144/228 KB   48/176 KB   180/219 KB   208/423 KB   96/359 KB   144/228 KB   36/176 KB   180/219 KB   208/423 KB   96/359 KB   144/228 KB   48/176 KB   184/219 KB   208/423 KB   96/359 KB   144/228 KB   48/176 KB   188/219 KB   208/423 KB   96/359 KB   144/228 KB   48/176 KB   192/219 KB   208/423 KB   96/359 KB   144/228 KB   48/176 KB   192/219 KB   208/423 KB   96/359 KB   148/228 KB   48/176 KB   192/219 KB   212/423 KB   100/359 KB   152/228 KB   48/176 KB   192/219 KB   212/423 KB   100/359 KB   156/228 KB   48/176 KB   196/219 KB   212/423 KB   100/359 KB   156/228 KB   48/176 KB   192/219 KB   212/423 KB   100/359 KB   148/228 KB   52/176 KB   200/219 KB   216/423 KB   100/359 KB   160/228 KB   52/176 KB   200/219 KB   220/423 KB   100/359 KB   160/228 KB   52/176 KB   200/219 KB   224/423 KB   100/359 KB   160/228 KB   52/176 KB   200/219 KB   228/423 KB   100/359 KB   160/228 KB   48/176 KB   192/219 KB   208/423 KB   100/359 KB   148/228 KB   52/176 KB   200/219 KB   212/423 KB   100/359 KB   160/228 KB   52/176 KB   200/219 KB   232/423 KB   104/359 KB   160/228 KB   52/176 KB   200/219 KB   236/423 KB   104/359 KB   160/228 KB   52/176 KB   204/219 KB   236/423 KB   104/359 KB   160/228 KB   52/176 KB   208/219 KB   240/423 KB   104/359 KB   160/228 KB   52/176 KB   212/219 KB   240/423 KB   104/359 KB   160/228 KB   52/176 KB   216/219 KB   240/423 KB   104/359 KB   160/228 KB   52/176 KB   219/219 KB   240/423 KB   104/359 KB   160/228 KB   52/176 KB   196/219 KB   212/423 KB   100/359 KB   160/228 KB   56/176 KB   219/219 KB   240/423 KB   104/359 KB   160/228 KB   60/176 KB   219/219 KB   240/423 KB   104/359 KB   160/228 KB   64/176 KB   219/219 KB   240/423 KB   104/359 KB   160/228 KB   48/176 KB   196/219 KB   212/423 KB   100/359 KB   160/228 KB   68/176 KB   219/219 KB   240/423 KB   104/359 KB   160/228 KB   72/176 KB   219/219 KB   240/423 KB   104/359 KB   160/228 KB   76/176 KB   219/219 KB   240/423 KB   104/359 KB   160/228 KB   80/176 KB   219/219 KB   240/423 KB   104/359 KB   160/228 KB   80/176 KB   219/219 KB   240/423 KB   104/359 KB   164/228 KB   80/176 KB   219/219 KB   240/423 KB   104/359 KB   168/228 KB   80/176 KB   219/219 KB   240/423 KB   104/359 KB   172/228 KB   80/176 KB   219/219 KB   240/423 KB   104/359 KB   176/228 KB   84/176 KB   219/219 KB   240/423 KB   104/359 KB   176/228 KB   52/176 KB   204/219 KB   240/423 KB   104/359 KB   160/228 KB   52/176 KB   200/219 KB   228/423 KB   104/359 KB   160/228 KB   88/176 KB   219/219 KB   240/423 KB   108/359 KB   176/228 KB   88/176 KB   219/219 KB   240/423 KB   112/359 KB   176/228 KB   88/176 KB   219/219 KB   244/423 KB   112/359 KB   176/228 KB   88/176 KB   219/219 KB   240/423 KB   104/359 KB   176/228 KB   88/176 KB   219/219 KB   244/423 KB   116/359 KB   180/228 KB   88/176 KB   219/219 KB   244/423 KB   116/359 KB   176/228 KB   92/176 KB   219/219 KB   244/423 KB   120/359 KB   180/228 KB   92/176 KB   219/219 KB   244/423 KB   120/359 KB   184/228 KB   92/176 KB   219/219 KB   244/423 KB   116/359 KB   180/228 KB   96/176 KB   219/219 KB   244/423 KB   124/359 KB   184/228 KB   96/176 KB   219/219 KB   244/423 KB   124/359 KB   188/228 KB   96/176 KB   219/219 KB   244/423 KB   124/359 KB   192/228 KB   92/176 KB   219/219 KB   244/423 KB   124/359 KB   184/228 KB   96/176 KB   219/219 KB   244/423 KB   128/359 KB   192/228 KB                                                                   Downloaded: https://repo.maven.apache.org/maven2/org/apache/httpcomponents/httpcore/4.2.2/httpcore-4.2.2.jar (219 KB at 415.1 KB/sec)
Downloading: https://repo.maven.apache.org/maven2/org/codehaus/plexus/plexus-archiver/2.9/plexus-archiver-2.9.jar
96/176 KB   248/423 KB   128/359 KB   192/228 KB                96/176 KB   252/423 KB   128/359 KB   192/228 KB   96/176 KB   256/423 KB   128/359 KB   192/228 KB   96/176 KB   256/423 KB   128/359 KB   196/228 KB   100/176 KB   260/423 KB   132/359 KB   200/228 KB   100/176 KB   260/423 KB   132/359 KB   204/228 KB   100/176 KB   260/423 KB   132/359 KB   208/228 KB   100/176 KB   260/423 KB   4/142 KB   132/359 KB   208/228 KB   100/176 KB   260/423 KB   132/359 KB   196/228 KB   100/176 KB   260/423 KB   8/142 KB   132/359 KB   208/228 KB   100/176 KB   260/423 KB   12/142 KB   132/359 KB   208/228 KB   100/176 KB   260/423 KB   13/142 KB   132/359 KB   208/228 KB   100/176 KB   264/423 KB   13/142 KB   132/359 KB   208/228 KB   100/176 KB   268/423 KB   13/142 KB   132/359 KB   208/228 KB   100/176 KB   272/423 KB   13/142 KB   132/359 KB   208/228 KB   100/176 KB   272/423 KB   17/142 KB   132/359 KB   208/228 KB   100/176 KB   272/423 KB   21/142 KB   132/359 KB   208/228 KB   100/176 KB   272/423 KB   25/142 KB   132/359 KB   208/228 KB   100/176 KB   272/423 KB   29/142 KB   132/359 KB   208/228 KB   100/176 KB   272/423 KB   29/142 KB   132/359 KB   212/228 KB   100/176 KB   276/423 KB   29/142 KB   132/359 KB   216/228 KB   100/176 KB   276/423 KB   29/142 KB   132/359 KB   220/228 KB   100/176 KB   276/423 KB   29/142 KB   132/359 KB   224/228 KB   100/176 KB   276/423 KB   29/142 KB   132/359 KB   228/228 KB   100/176 KB   276/423 KB   33/142 KB   132/359 KB   228/228 KB   100/176 KB   256/423 KB   132/359 KB   196/228 KB   100/176 KB   276/423 KB   33/142 KB   136/359 KB   228/228 KB   100/176 KB   276/423 KB   33/142 KB   140/359 KB   228/228 KB   100/176 KB   276/423 KB   33/142 KB   144/359 KB   228/228 KB   100/176 KB   256/423 KB   128/359 KB   196/228 KB   100/176 KB   276/423 KB   29/142 KB   132/359 KB   212/228 KB   104/176 KB   280/423 KB   33/142 KB   144/359 KB   228/228 KB   104/176 KB   284/423 KB   33/142 KB   144/359 KB   228/228 KB   104/176 KB   288/423 KB   33/142 KB   144/359 KB   228/228 KB   104/176 KB   288/423 KB   33/142 KB   148/359 KB   228/228 KB   104/176 KB   276/423 KB   33/142 KB   144/359 KB   228/228 KB   108/176 KB   288/423 KB   33/142 KB   148/359 KB   228/228 KB   112/176 KB   288/423 KB   33/142 KB   148/359 KB   228/228 KB   112/176 KB   292/423 KB   33/142 KB   148/359 KB   228/228 KB   112/176 KB   296/423 KB   33/142 KB   148/359 KB   228/228 KB   112/176 KB   300/423 KB   33/142 KB   148/359 KB   228/228 KB   112/176 KB   304/423 KB   33/142 KB   148/359 KB   228/228 KB   116/176 KB   304/423 KB   33/142 KB   148/359 KB   228/228 KB   120/176 KB   304/423 KB   33/142 KB   152/359 KB   228/228 KB   124/176 KB   304/423 KB   33/142 KB   152/359 KB   228/228 KB   128/176 KB   304/423 KB   33/142 KB   152/359 KB   228/228 KB                                                                   Downloaded: https://repo.maven.apache.org/maven2/commons-codec/commons-codec/1.6/commons-codec-1.6.jar (228 KB at 406.6 KB/sec)
Downloading: https://repo.maven.apache.org/maven2/org/codehaus/plexus/plexus-io/2.4/plexus-io-2.4.jar
128/176 KB   308/423 KB   33/142 KB   152/359 KB                128/176 KB   312/423 KB   33/142 KB   152/359 KB   128/176 KB   316/423 KB   33/142 KB   152/359 KB   116/176 KB   304/423 KB   33/142 KB   152/359 KB   228/228 KB   128/176 KB   320/423 KB   33/142 KB   152/359 KB   128/176 KB   320/423 KB   37/142 KB   156/359 KB   128/176 KB   320/423 KB   41/142 KB   156/359 KB   128/176 KB   320/423 KB   45/142 KB   156/359 KB   128/176 KB   320/423 KB   33/142 KB   156/359 KB   128/176 KB   320/423 KB   45/142 KB   160/359 KB   128/176 KB   324/423 KB   45/142 KB   160/359 KB   128/176 KB   328/423 KB   45/142 KB   160/359 KB   128/176 KB   332/423 KB   45/142 KB   160/359 KB   128/176 KB   336/423 KB   45/142 KB   160/359 KB   132/176 KB   336/423 KB   45/142 KB   160/359 KB   136/176 KB   336/423 KB   45/142 KB   164/359 KB   140/176 KB   336/423 KB   45/142 KB   164/359 KB   144/176 KB   336/423 KB   45/142 KB   164/359 KB   144/176 KB   336/423 KB   45/142 KB   4/80 KB   164/359 KB   144/176 KB   336/423 KB   45/142 KB   8/80 KB   164/359 KB   144/176 KB   336/423 KB   45/142 KB   12/80 KB   164/359 KB   144/176 KB   336/423 KB   45/142 KB   16/80 KB   164/359 KB   132/176 KB   336/423 KB   45/142 KB   164/359 KB   144/176 KB   336/423 KB   45/142 KB   16/80 KB   168/359 KB   144/176 KB   336/423 KB   45/142 KB   16/80 KB   172/359 KB   144/176 KB   336/423 KB   45/142 KB   16/80 KB   176/359 KB   144/176 KB   336/423 KB   45/142 KB   20/80 KB   176/359 KB   144/176 KB   336/423 KB   45/142 KB   24/80 KB   176/359 KB   144/176 KB   336/423 KB   45/142 KB   28/80 KB   176/359 KB   144/176 KB   336/423 KB   49/142 KB   32/80 KB   176/359 KB   144/176 KB   336/423 KB   53/142 KB   32/80 KB   176/359 KB   144/176 KB   336/423 KB   57/142 KB   32/80 KB   176/359 KB   144/176 KB   336/423 KB   61/142 KB   32/80 KB   176/359 KB   144/176 KB   336/423 KB   45/142 KB   32/80 KB   176/359 KB   144/176 KB   336/423 KB   61/142 KB   36/80 KB   176/359 KB   148/176 KB   340/423 KB   65/142 KB   36/80 KB   180/359 KB   148/176 KB   344/423 KB   65/142 KB   36/80 KB   180/359 KB   148/176 KB   344/423 KB   65/142 KB   40/80 KB   180/359 KB   148/176 KB   336/423 KB   65/142 KB   36/80 KB   180/359 KB   148/176 KB   348/423 KB   69/142 KB   40/80 KB   180/359 KB   148/176 KB   348/423 KB   73/142 KB   44/80 KB   180/359 KB   148/176 KB   348/423 KB   77/142 KB   44/80 KB   180/359 KB   148/176 KB   336/423 KB   61/142 KB   36/80 KB   180/359 KB   148/176 KB   348/423 KB   77/142 KB   44/80 KB   184/359 KB   148/176 KB   348/423 KB   77/142 KB   44/80 KB   188/359 KB   148/176 KB   348/423 KB   77/142 KB   44/80 KB   192/359 KB   148/176 KB   336/423 KB   61/142 KB   36/80 KB   176/359 KB   148/176 KB   348/423 KB   69/142 KB   44/80 KB   180/359 KB   152/176 KB   348/423 KB   77/142 KB   48/80 KB   192/359 KB   152/176 KB   348/423 KB   81/142 KB   48/80 KB   192/359 KB   152/176 KB   348/423 KB   85/142 KB   48/80 KB   196/359 KB   148/176 KB   348/423 KB   65/142 KB   40/80 KB   180/359 KB   152/176 KB   348/423 KB   89/142 KB   48/80 KB   196/359 KB   152/176 KB   348/423 KB   93/142 KB   48/80 KB   196/359 KB   152/176 KB   352/423 KB   93/142 KB   48/80 KB   196/359 KB   152/176 KB   348/423 KB   81/142 KB   48/80 KB   196/359 KB   152/176 KB   348/423 KB   77/142 KB   44/80 KB   192/359 KB   156/176 KB   352/423 KB   93/142 KB   48/80 KB   196/359 KB   160/176 KB   352/423 KB   93/142 KB   48/80 KB   196/359 KB   160/176 KB   356/423 KB   93/142 KB   48/80 KB   196/359 KB   164/176 KB   360/423 KB   93/142 KB   52/80 KB   200/359 KB   164/176 KB   364/423 KB   93/142 KB   52/80 KB   200/359 KB   164/176 KB   368/423 KB   93/142 KB   52/80 KB   200/359 KB   164/176 KB   356/423 KB   93/142 KB   48/80 KB   196/359 KB   164/176 KB   356/423 KB   93/142 KB   52/80 KB   200/359 KB   164/176 KB   356/423 KB   93/142 KB   48/80 KB   200/359 KB   168/176 KB   368/423 KB   93/142 KB   52/80 KB   204/359 KB   168/176 KB   368/423 KB   93/142 KB   56/80 KB   204/359 KB   168/176 KB   368/423 KB   93/142 KB   52/80 KB   200/359 KB   172/176 KB   368/423 KB   93/142 KB   56/80 KB   208/359 KB   172/176 KB   368/423 KB   93/142 KB   60/80 KB   208/359 KB   168/176 KB   368/423 KB   93/142 KB   56/80 KB   208/359 KB   176/176 KB   368/423 KB   93/142 KB   64/80 KB   208/359 KB   176/176 KB   368/423 KB   93/142 KB   60/80 KB   208/359 KB   176/176 KB   368/423 KB   93/142 KB   64/80 KB   212/359 KB   176/176 KB   368/423 KB   93/142 KB   64/80 KB   216/359 KB   176/176 KB   368/423 KB   93/142 KB   64/80 KB   220/359 KB   176/176 KB   368/423 KB   93/142 KB   64/80 KB   224/359 KB   176/176 KB   368/423 KB   93/142 KB   68/80 KB   224/359 KB   176/176 KB   372/423 KB   93/142 KB   72/80 KB   224/359 KB   176/176 KB   372/423 KB   93/142 KB   76/80 KB   224/359 KB   176/176 KB   372/423 KB   93/142 KB   80/80 KB   224/359 KB   176/176 KB   372/423 KB   93/142 KB   68/80 KB   224/359 KB   176/176 KB   376/423 KB   93/142 KB   80/80 KB   224/359 KB   176/176 KB   380/423 KB   93/142 KB   80/80 KB   224/359 KB   176/176 KB   384/423 KB   93/142 KB   80/80 KB   224/359 KB   176/176 KB   384/423 KB   97/142 KB   80/80 KB   224/359 KB   176/176 KB   384/423 KB   101/142 KB   80/80 KB   224/359 KB   176/176 KB   384/423 KB   105/142 KB   80/80 KB   224/359 KB   176/176 KB   384/423 KB   109/142 KB   80/80 KB   224/359 KB   176/176 KB   388/423 KB   109/142 KB   80/80 KB   224/359 KB   176/176 KB   392/423 KB   109/142 KB   80/80 KB   224/359 KB   176/176 KB   396/423 KB   109/142 KB   80/80 KB   224/359 KB   176/176 KB   400/423 KB   109/142 KB   80/80 KB   224/359 KB   176/176 KB   400/423 KB   109/142 KB   80/80 KB   228/359 KB   176/176 KB   400/423 KB   109/142 KB   80/80 KB   232/359 KB   176/176 KB   400/423 KB   109/142 KB   80/80 KB   236/359 KB   176/176 KB   400/423 KB   109/142 KB   80/80 KB   240/359 KB                                                                  Downloaded: https://repo.maven.apache.org/maven2/com/thoughtworks/qdox/qdox/1.12.1/qdox-1.12.1.jar (176 KB at 282.3 KB/sec)
Downloading: https://repo.maven.apache.org/maven2/org/apache/commons/commons-compress/1.9/commons-compress-1.9.jar
400/423 KB   113/142 KB   80/80 KB   240/359 KB                400/423 KB   117/142 KB   80/80 KB   240/359 KB   400/423 KB   121/142 KB   80/80 KB   240/359 KB   400/423 KB   125/142 KB   80/80 KB   240/359 KB   404/423 KB   125/142 KB   80/80 KB   240/359 KB   408/423 KB   125/142 KB   80/80 KB   240/359 KB   412/423 KB   125/142 KB   80/80 KB   240/359 KB   416/423 KB   125/142 KB   80/80 KB   240/359 KB                                                     Downloaded: https://repo.maven.apache.org/maven2/org/codehaus/plexus/plexus-io/2.4/plexus-io-2.4.jar (80 KB at 125.8 KB/sec)
416/423 KB   125/142 KB   244/359 KB              420/423 KB   129/142 KB   244/359 KB   420/423 KB   133/142 KB   244/359 KB   420/423 KB   133/142 KB   248/359 KB   420/423 KB   125/142 KB   244/359 KB   423/423 KB   137/142 KB   248/359 KB   423/423 KB   137/142 KB   252/359 KB   423/423 KB   137/142 KB   256/359 KB   420/423 KB   137/142 KB   248/359 KB   423/423 KB   141/142 KB   256/359 KB   423/423 KB   142/142 KB   256/359 KB   423/423 KB   142/142 KB   260/359 KB   423/423 KB   142/142 KB   264/359 KB   423/423 KB   142/142 KB   268/359 KB   423/423 KB   142/142 KB   272/359 KB   423/423 KB   142/142 KB   4/370 KB   272/359 KB   423/423 KB   142/142 KB   8/370 KB   272/359 KB   423/423 KB   142/142 KB   12/370 KB   272/359 KB   423/423 KB   142/142 KB   16/370 KB   272/359 KB   423/423 KB   142/142 KB   16/370 KB   276/359 KB   423/423 KB   142/142 KB   16/370 KB   280/359 KB   423/423 KB   142/142 KB   16/370 KB   284/359 KB   423/423 KB   142/142 KB   16/370 KB   288/359 KB   423/423 KB   142/142 KB   20/370 KB   288/359 KB   423/423 KB   142/142 KB   24/370 KB   288/359 KB   423/423 KB   142/142 KB   28/370 KB   288/359 KB   423/423 KB   142/142 KB   32/370 KB   288/359 KB   423/423 KB   142/142 KB   32/370 KB   292/359 KB   423/423 KB   142/142 KB   32/370 KB   296/359 KB   423/423 KB   142/142 KB   32/370 KB   300/359 KB   423/423 KB   142/142 KB   32/370 KB   304/359 KB   423/423 KB   142/142 KB   36/370 KB   304/359 KB   142/142 KB   40/370 KB   308/359 KB                142/142 KB   44/370 KB   308/359 KB   142/142 KB   48/370 KB   308/359 KB                                                      Downloaded: https://repo.maven.apache.org/maven2/org/apache/httpcomponents/httpclient/4.2.3/httpclient-4.2.3.jar (423 KB at 638.9 KB/sec)
423/423 KB   142/142 KB   36/370 KB   308/359 KB   142/142 KB   48/370 KB   312/359 KB   142/142 KB   48/370 KB   316/359 KB   142/142 KB   48/370 KB   320/359 KB   142/142 KB   52/370 KB   320/359 KB   142/142 KB   56/370 KB   324/359 KB   142/142 KB   60/370 KB   324/359 KB   142/142 KB   64/370 KB   324/359 KB   142/142 KB   52/370 KB   324/359 KB   142/142 KB   64/370 KB   328/359 KB   142/142 KB   64/370 KB   332/359 KB   142/142 KB   64/370 KB   336/359 KB   142/142 KB   68/370 KB   336/359 KB   142/142 KB   72/370 KB   340/359 KB   142/142 KB   76/370 KB   340/359 KB   142/142 KB   80/370 KB   340/359 KB   142/142 KB   68/370 KB   340/359 KB   142/142 KB   80/370 KB   344/359 KB   142/142 KB   80/370 KB   348/359 KB   142/142 KB   80/370 KB   352/359 KB   142/142 KB   80/370 KB   356/359 KB                                         80/370 KB   359/359 KB                Downloaded: https://repo.maven.apache.org/maven2/org/codehaus/plexus/plexus-archiver/2.9/plexus-archiver-2.9.jar (142 KB at 207.0 KB/sec)
84/370 KB   359/359 KB   88/370 KB   359/359 KB   92/370 KB   359/359 KB   96/370 KB   359/359 KB   100/370 KB   359/359 KB   104/370 KB   359/359 KB   108/370 KB   359/359 KB   112/370 KB   359/359 KB                             Downloaded: https://repo.maven.apache.org/maven2/log4j/log4j/1.2.14/log4j-1.2.14.jar (359 KB at 514.1 KB/sec)
116/370 KB                120/370 KB   124/370 KB   128/370 KB   132/370 KB   136/370 KB   140/370 KB   144/370 KB   148/370 KB   152/370 KB   156/370 KB   160/370 KB   164/370 KB   168/370 KB   172/370 KB   176/370 KB   180/370 KB   184/370 KB   188/370 KB   192/370 KB   196/370 KB   200/370 KB   204/370 KB   208/370 KB   212/370 KB   216/370 KB   220/370 KB   224/370 KB   228/370 KB   232/370 KB   236/370 KB   240/370 KB   244/370 KB   248/370 KB   252/370 KB   256/370 KB   260/370 KB   264/370 KB   268/370 KB   272/370 KB   276/370 KB   280/370 KB   284/370 KB   288/370 KB   292/370 KB   296/370 KB   300/370 KB   304/370 KB   308/370 KB   312/370 KB   316/370 KB   320/370 KB   324/370 KB   328/370 KB   332/370 KB   336/370 KB   340/370 KB   344/370 KB   348/370 KB   352/370 KB   356/370 KB   360/370 KB   364/370 KB   368/370 KB   370/370 KB                Downloaded: https://repo.maven.apache.org/maven2/org/apache/commons/commons-compress/1.9/commons-compress-1.9.jar (370 KB at 472.9 KB/sec)
[INFO] Not executing Javadoc as the project is not a Java classpath-capable package
[INFO] 
[INFO] --- maven-enforcer-plugin:1.0:enforce (enforce-maven) @ parent ---
[INFO] 
[INFO] --- animal-sniffer-maven-plugin:1.14:check (default) @ parent ---
[INFO] Checking unresolved references to org.codehaus.mojo.signature:java16:1.1
[INFO] 
[INFO] --- maven-checkstyle-plugin:2.15:checkstyle (default) @ parent ---
[INFO] 
[INFO] --- maven-install-plugin:2.4:install (default-install) @ parent ---
[INFO] Installing /home/travis/build/square/retrofit/pom.xml to /home/travis/.m2/repository/com/squareup/retrofit/parent/2.0.0-SNAPSHOT/parent-2.0.0-SNAPSHOT.pom
[INFO] 
[INFO] --- maven-deploy-plugin:2.7:deploy (default-deploy) @ parent ---
Downloading: https://oss.sonatype.org/content/repositories/snapshots/com/squareup/retrofit/parent/2.0.0-SNAPSHOT/maven-metadata.xml
608/608 B                Downloaded: https://oss.sonatype.org/content/repositories/snapshots/com/squareup/retrofit/parent/2.0.0-SNAPSHOT/maven-metadata.xml (608 B at 5.5 KB/sec)
Uploading: https://oss.sonatype.org/content/repositories/snapshots/com/squareup/retrofit/parent/2.0.0-SNAPSHOT/parent-2.0.0-20151112.070512-138.pom
2/8 KB      4/8 KB   6/8 KB   8/8 KB            Uploaded: https://oss.sonatype.org/content/repositories/snapshots/com/squareup/retrofit/parent/2.0.0-SNAPSHOT/parent-2.0.0-20151112.070512-138.pom (8 KB at 54.5 KB/sec)
Downloading: https://oss.sonatype.org/content/repositories/snapshots/com/squareup/retrofit/parent/maven-metadata.xml
427/427 B               Downloaded: https://oss.sonatype.org/content/repositories/snapshots/com/squareup/retrofit/parent/maven-metadata.xml (427 B at 8.5 KB/sec)
Uploading: https://oss.sonatype.org/content/repositories/snapshots/com/squareup/retrofit/parent/2.0.0-SNAPSHOT/maven-metadata.xml
608/608 B               Uploaded: https://oss.sonatype.org/content/repositories/snapshots/com/squareup/retrofit/parent/2.0.0-SNAPSHOT/maven-metadata.xml (608 B at 4.6 KB/sec)
Uploading: https://oss.sonatype.org/content/repositories/snapshots/com/squareup/retrofit/parent/maven-metadata.xml
427/427 B               Uploaded: https://oss.sonatype.org/content/repositories/snapshots/com/squareup/retrofit/parent/maven-metadata.xml (427 B at 2.6 KB/sec)
[INFO]                                                                         
[INFO] ------------------------------------------------------------------------
[INFO] Building Retrofit 2.0.0-SNAPSHOT
[INFO] ------------------------------------------------------------------------
[INFO] 
[INFO] --- maven-clean-plugin:2.5:clean (default-clean) @ retrofit ---
[INFO] Deleting /home/travis/build/square/retrofit/retrofit/target
[INFO] 
[INFO] >>> maven-source-plugin:2.4:jar (default-cli) > generate-sources @ retrofit >>>
[INFO] 
[INFO] --- maven-enforcer-plugin:1.0:enforce (enforce-maven) @ retrofit ---
[INFO] 
[INFO] <<< maven-source-plugin:2.4:jar (default-cli) < generate-sources @ retrofit <<<
[INFO] 
[INFO] --- maven-source-plugin:2.4:jar (default-cli) @ retrofit ---
[INFO] Building jar: /home/travis/build/square/retrofit/retrofit/target/retrofit-2.0.0-SNAPSHOT-sources.jar
[INFO] 
[INFO] --- maven-javadoc-plugin:2.10.3:jar (default-cli) @ retrofit ---
[INFO] 
Loading source files for package retrofit...
Loading source files for package retrofit.http...
Constructing Javadoc information...
Standard Doclet version 1.8.0_31
Building tree for all the packages and classes...
Generating /home/travis/build/square/retrofit/retrofit/target/apidocs/retrofit/BaseUrl.html...
Generating /home/travis/build/square/retrofit/retrofit/target/apidocs/retrofit/Call.html...
Generating /home/travis/build/square/retrofit/retrofit/target/apidocs/retrofit/CallAdapter.html...
Generating /home/travis/build/square/retrofit/retrofit/target/apidocs/retrofit/CallAdapter.Factory.html...
Generating /home/travis/build/square/retrofit/retrofit/target/apidocs/retrofit/Callback.html...
Generating /home/travis/build/square/retrofit/retrofit/target/apidocs/retrofit/Converter.html...
Generating /home/travis/build/square/retrofit/retrofit/target/apidocs/retrofit/Converter.Factory.html...
Generating /home/travis/build/square/retrofit/retrofit/target/apidocs/retrofit/Response.html...
Generating /home/travis/build/square/retrofit/retrofit/target/apidocs/retrofit/Retrofit.html...
Generating /home/travis/build/square/retrofit/retrofit/target/apidocs/retrofit/Retrofit.Builder.html...
Generating /home/travis/build/square/retrofit/retrofit/target/apidocs/retrofit/http/Body.html...
Generating /home/travis/build/square/retrofit/retrofit/target/apidocs/retrofit/http/DELETE.html...
Generating /home/travis/build/square/retrofit/retrofit/target/apidocs/retrofit/http/Field.html...
Generating /home/travis/build/square/retrofit/retrofit/target/apidocs/retrofit/http/FieldMap.html...
Generating /home/travis/build/square/retrofit/retrofit/target/apidocs/retrofit/http/FormUrlEncoded.html...
Generating /home/travis/build/square/retrofit/retrofit/target/apidocs/retrofit/http/GET.html...
Generating /home/travis/build/square/retrofit/retrofit/target/apidocs/retrofit/http/HEAD.html...
Generating /home/travis/build/square/retrofit/retrofit/target/apidocs/retrofit/http/Header.html...
Generating /home/travis/build/square/retrofit/retrofit/target/apidocs/retrofit/http/Headers.html...
Generating /home/travis/build/square/retrofit/retrofit/target/apidocs/retrofit/http/HTTP.html...
Generating /home/travis/build/square/retrofit/retrofit/target/apidocs/retrofit/http/Multipart.html...
Generating /home/travis/build/square/retrofit/retrofit/target/apidocs/retrofit/http/Part.html...
Generating /home/travis/build/square/retrofit/retrofit/target/apidocs/retrofit/http/PartMap.html...
Generating /home/travis/build/square/retrofit/retrofit/target/apidocs/retrofit/http/PATCH.html...
Generating /home/travis/build/square/retrofit/retrofit/target/apidocs/retrofit/http/Path.html...
Generating /home/travis/build/square/retrofit/retrofit/target/apidocs/retrofit/http/POST.html...
Generating /home/travis/build/square/retrofit/retrofit/target/apidocs/retrofit/http/PUT.html...
Generating /home/travis/build/square/retrofit/retrofit/target/apidocs/retrofit/http/Query.html...
Generating /home/travis/build/square/retrofit/retrofit/target/apidocs/retrofit/http/QueryMap.html...
Generating /home/travis/build/square/retrofit/retrofit/target/apidocs/retrofit/http/Streaming.html...
Generating /home/travis/build/square/retrofit/retrofit/target/apidocs/retrofit/http/Url.html...
Generating /home/travis/build/square/retrofit/retrofit/target/apidocs/overview-frame.html...
Generating /home/travis/build/square/retrofit/retrofit/target/apidocs/retrofit/package-frame.html...
Generating /home/travis/build/square/retrofit/retrofit/target/apidocs/retrofit/package-summary.html...
Generating /home/travis/build/square/retrofit/retrofit/target/apidocs/retrofit/package-tree.html...
Generating /home/travis/build/square/retrofit/retrofit/target/apidocs/retrofit/http/package-frame.html...
Generating /home/travis/build/square/retrofit/retrofit/target/apidocs/retrofit/http/package-summary.html...
Generating /home/travis/build/square/retrofit/retrofit/target/apidocs/retrofit/http/package-tree.html...
Generating /home/travis/build/square/retrofit/retrofit/target/apidocs/constant-values.html...
Generating /home/travis/build/square/retrofit/retrofit/target/apidocs/retrofit/class-use/Retrofit.html...
Generating /home/travis/build/square/retrofit/retrofit/target/apidocs/retrofit/class-use/Retrofit.Builder.html...
Generating /home/travis/build/square/retrofit/retrofit/target/apidocs/retrofit/class-use/Response.html...
Generating /home/travis/build/square/retrofit/retrofit/target/apidocs/retrofit/class-use/Converter.html...
Generating /home/travis/build/square/retrofit/retrofit/target/apidocs/retrofit/class-use/Converter.Factory.html...
Generating /home/travis/build/square/retrofit/retrofit/target/apidocs/retrofit/class-use/Callback.html...
Generating /home/travis/build/square/retrofit/retrofit/target/apidocs/retrofit/class-use/CallAdapter.html...
Generating /home/travis/build/square/retrofit/retrofit/target/apidocs/retrofit/class-use/CallAdapter.Factory.html...
Generating /home/travis/build/square/retrofit/retrofit/target/apidocs/retrofit/class-use/Call.html...
Generating /home/travis/build/square/retrofit/retrofit/target/apidocs/retrofit/class-use/BaseUrl.html...
Generating /home/travis/build/square/retrofit/retrofit/target/apidocs/retrofit/http/class-use/Url.html...
Generating /home/travis/build/square/retrofit/retrofit/target/apidocs/retrofit/http/class-use/Streaming.html...
Generating /home/travis/build/square/retrofit/retrofit/target/apidocs/retrofit/http/class-use/QueryMap.html...
Generating /home/travis/build/square/retrofit/retrofit/target/apidocs/retrofit/http/class-use/Query.html...
Generating /home/travis/build/square/retrofit/retrofit/target/apidocs/retrofit/http/class-use/Path.html...
Generating /home/travis/build/square/retrofit/retrofit/target/apidocs/retrofit/http/class-use/PartMap.html...
Generating /home/travis/build/square/retrofit/retrofit/target/apidocs/retrofit/http/class-use/Part.html...
Generating /home/travis/build/square/retrofit/retrofit/target/apidocs/retrofit/http/class-use/PUT.html...
Generating /home/travis/build/square/retrofit/retrofit/target/apidocs/retrofit/http/class-use/POST.html...
Generating /home/travis/build/square/retrofit/retrofit/target/apidocs/retrofit/http/class-use/PATCH.html...
Generating /home/travis/build/square/retrofit/retrofit/target/apidocs/retrofit/http/class-use/Multipart.html...
Generating /home/travis/build/square/retrofit/retrofit/target/apidocs/retrofit/http/class-use/Headers.html...
Generating /home/travis/build/square/retrofit/retrofit/target/apidocs/retrofit/http/class-use/Header.html...
Generating /home/travis/build/square/retrofit/retrofit/target/apidocs/retrofit/http/class-use/HTTP.html...
Generating /home/travis/build/square/retrofit/retrofit/target/apidocs/retrofit/http/class-use/HEAD.html...
Generating /home/travis/build/square/retrofit/retrofit/target/apidocs/retrofit/http/class-use/GET.html...
Generating /home/travis/build/square/retrofit/retrofit/target/apidocs/retrofit/http/class-use/FormUrlEncoded.html...
Generating /home/travis/build/square/retrofit/retrofit/target/apidocs/retrofit/http/class-use/FieldMap.html...
Generating /home/travis/build/square/retrofit/retrofit/target/apidocs/retrofit/http/class-use/Field.html...
Generating /home/travis/build/square/retrofit/retrofit/target/apidocs/retrofit/http/class-use/DELETE.html...
Generating /home/travis/build/square/retrofit/retrofit/target/apidocs/retrofit/http/class-use/Body.html...
Generating /home/travis/build/square/retrofit/retrofit/target/apidocs/retrofit/package-use.html...
Generating /home/travis/build/square/retrofit/retrofit/target/apidocs/retrofit/http/package-use.html...
Building index for all the packages and classes...
Generating /home/travis/build/square/retrofit/retrofit/target/apidocs/overview-tree.html...
Generating /home/travis/build/square/retrofit/retrofit/target/apidocs/index-all.html...
Generating /home/travis/build/square/retrofit/retrofit/target/apidocs/deprecated-list.html...
Building index for all classes...
Generating /home/travis/build/square/retrofit/retrofit/target/apidocs/allclasses-frame.html...
Generating /home/travis/build/square/retrofit/retrofit/target/apidocs/allclasses-noframe.html...
Generating /home/travis/build/square/retrofit/retrofit/target/apidocs/index.html...
Generating /home/travis/build/square/retrofit/retrofit/target/apidocs/overview-summary.html...
Generating /home/travis/build/square/retrofit/retrofit/target/apidocs/help-doc.html...
2 errors
87 warnings
[INFO] ------------------------------------------------------------------------
[INFO] Reactor Summary:
[INFO] 
[INFO] Retrofit (Parent) .................................. SUCCESS [  7.107 s]
[INFO] Retrofit ........................................... FAILURE [  3.387 s]
[INFO] Adapters ........................................... SKIPPED
[INFO] Adapter: RxJava .................................... SKIPPED
[INFO] Retrofit Mock Adapter .............................. SKIPPED
[INFO] Adapter: RxJava Mock ............................... SKIPPED
[INFO] Converters ......................................... SKIPPED
[INFO] Converter: Gson .................................... SKIPPED
[INFO] Converter: Protocol Buffers ........................ SKIPPED
[INFO] Converter: Jackson ................................. SKIPPED
[INFO] Converter: Wire Protocol Buffers ................... SKIPPED
[INFO] Converter: SimpleXML ............................... SKIPPED
[INFO] Converter: Moshi ................................... SKIPPED
[INFO] Samples ............................................ SKIPPED
[INFO] ------------------------------------------------------------------------
[INFO] BUILD FAILURE
[INFO] ------------------------------------------------------------------------
[INFO] Total time: 13.797 s
[INFO] Finished at: 2015-11-12T07:05:16+00:00
[INFO] Final Memory: 28M/378M
[INFO] ------------------------------------------------------------------------
[ERROR] Failed to execute goal org.apache.maven.plugins:maven-javadoc-plugin:2.10.3:jar (default-cli) on project retrofit: MavenReportException: Error while generating Javadoc:
[ERROR] Exit code: 1 - /home/travis/build/square/retrofit/retrofit/src/main/java/retrofit/BaseUrl.java:13: warning: no @return
[ERROR] HttpUrl url();
[ERROR] ^
[ERROR] /home/travis/build/square/retrofit/retrofit/src/main/java/retrofit/CallAdapter.java:31: warning: no @return
[ERROR] Type responseType();
[ERROR] ^
[ERROR] /home/travis/build/square/retrofit/retrofit/src/main/java/retrofit/CallAdapter.java:34: warning: no @param for <R>
[ERROR] <R> T adapt(Call<R> call);
[ERROR] ^
[ERROR] /home/travis/build/square/retrofit/retrofit/src/main/java/retrofit/CallAdapter.java:34: warning: no @param for call
[ERROR] <R> T adapt(Call<R> call);
[ERROR] ^
[ERROR] /home/travis/build/square/retrofit/retrofit/src/main/java/retrofit/CallAdapter.java:34: warning: no @return
[ERROR] <R> T adapt(Call<R> call);
[ERROR] ^
[ERROR] /home/travis/build/square/retrofit/retrofit/src/main/java/retrofit/CallAdapter.java:41: warning: no @param for returnType
[ERROR] CallAdapter<?> get(Type returnType, Annotation[] annotations, Retrofit retrofit);
[ERROR] ^
[ERROR] /home/travis/build/square/retrofit/retrofit/src/main/java/retrofit/CallAdapter.java:41: warning: no @param for annotations
[ERROR] CallAdapter<?> get(Type returnType, Annotation[] annotations, Retrofit retrofit);
[ERROR] ^
[ERROR] /home/travis/build/square/retrofit/retrofit/src/main/java/retrofit/CallAdapter.java:41: warning: no @param for retrofit
[ERROR] CallAdapter<?> get(Type returnType, Annotation[] annotations, Retrofit retrofit);
[ERROR] ^
[ERROR] /home/travis/build/square/retrofit/retrofit/src/main/java/retrofit/CallAdapter.java:41: warning: no @return
[ERROR] CallAdapter<?> get(Type returnType, Annotation[] annotations, Retrofit retrofit);
[ERROR] ^
[ERROR] /home/travis/build/square/retrofit/retrofit/src/main/java/retrofit/Callback.java:33: warning: no @param for response
[ERROR] void onResponse(Response<T> response);
[ERROR] ^
[ERROR] /home/travis/build/square/retrofit/retrofit/src/main/java/retrofit/Callback.java:36: warning: no @param for t
[ERROR] void onFailure(Throwable t);
[ERROR] ^
[ERROR] /home/travis/build/square/retrofit/retrofit/src/main/java/retrofit/Converter.java:28: warning - Tag @link: can't find addConverterFactory(Factory) in retrofit.Retrofit.Builder
[ERROR] /home/travis/build/square/retrofit/retrofit/src/main/java/retrofit/Converter.java:36: warning: no @param for type
[ERROR] public Converter<ResponseBody, ?> fromResponseBody(Type type, Annotation[] annotations) {
[ERROR] ^
[ERROR] /home/travis/build/square/retrofit/retrofit/src/main/java/retrofit/Converter.java:36: warning: no @param for annotations
[ERROR] public Converter<ResponseBody, ?> fromResponseBody(Type type, Annotation[] annotations) {
[ERROR] ^
[ERROR] /home/travis/build/square/retrofit/retrofit/src/main/java/retrofit/Converter.java:36: warning: no @return
[ERROR] public Converter<ResponseBody, ?> fromResponseBody(Type type, Annotation[] annotations) {
[ERROR] ^
[ERROR] /home/travis/build/square/retrofit/retrofit/src/main/java/retrofit/Converter.java:44: warning: no @param for type
[ERROR] public Converter<?, RequestBody> toRequestBody(Type type, Annotation[] annotations) {
[ERROR] ^
[ERROR] /home/travis/build/square/retrofit/retrofit/src/main/java/retrofit/Converter.java:44: warning: no @param for annotations
[ERROR] public Converter<?, RequestBody> toRequestBody(Type type, Annotation[] annotations) {
[ERROR] ^
[ERROR] /home/travis/build/square/retrofit/retrofit/src/main/java/retrofit/Converter.java:44: warning: no @return
[ERROR] public Converter<?, RequestBody> toRequestBody(Type type, Annotation[] annotations) {
[ERROR] ^
[ERROR] /home/travis/build/square/retrofit/retrofit/src/main/java/retrofit/Response.java:32: warning: no @param for <T>
[ERROR] public static <T> Response<T> success(T body) {
[ERROR] ^
[ERROR] /home/travis/build/square/retrofit/retrofit/src/main/java/retrofit/Response.java:32: warning: no @param for body
[ERROR] public static <T> Response<T> success(T body) {
[ERROR] ^
[ERROR] /home/travis/build/square/retrofit/retrofit/src/main/java/retrofit/Response.java:32: warning: no @return
[ERROR] public static <T> Response<T> success(T body) {
[ERROR] ^
[ERROR] /home/travis/build/square/retrofit/retrofit/src/main/java/retrofit/Response.java:44: warning: no @param for <T>
[ERROR] public static <T> Response<T> success(T body, com.squareup.okhttp.Response rawResponse) {
[ERROR] ^
[ERROR] /home/travis/build/square/retrofit/retrofit/src/main/java/retrofit/Response.java:44: warning: no @param for body
[ERROR] public static <T> Response<T> success(T body, com.squareup.okhttp.Response rawResponse) {
[ERROR] ^
[ERROR] /home/travis/build/square/retrofit/retrofit/src/main/java/retrofit/Response.java:44: warning: no @param for rawResponse
[ERROR] public static <T> Response<T> success(T body, com.squareup.okhttp.Response rawResponse) {
[ERROR] ^
[ERROR] /home/travis/build/square/retrofit/retrofit/src/main/java/retrofit/Response.java:44: warning: no @return
[ERROR] public static <T> Response<T> success(T body, com.squareup.okhttp.Response rawResponse) {
[ERROR] ^
[ERROR] /home/travis/build/square/retrofit/retrofit/src/main/java/retrofit/Response.java:51: warning: no @param for <T>
[ERROR] public static <T> Response<T> error(int code, ResponseBody body) {
[ERROR] ^
[ERROR] /home/travis/build/square/retrofit/retrofit/src/main/java/retrofit/Response.java:51: warning: no @param for code
[ERROR] public static <T> Response<T> error(int code, ResponseBody body) {
[ERROR] ^
[ERROR] /home/travis/build/square/retrofit/retrofit/src/main/java/retrofit/Response.java:51: warning: no @param for body
[ERROR] public static <T> Response<T> error(int code, ResponseBody body) {
[ERROR] ^
[ERROR] /home/travis/build/square/retrofit/retrofit/src/main/java/retrofit/Response.java:51: warning: no @return
[ERROR] public static <T> Response<T> error(int code, ResponseBody body) {
[ERROR] ^
[ERROR] /home/travis/build/square/retrofit/retrofit/src/main/java/retrofit/Response.java:63: warning: no @param for <T>
[ERROR] public static <T> Response<T> error(ResponseBody body, com.squareup.okhttp.Response rawResponse) {
[ERROR] ^
[ERROR] /home/travis/build/square/retrofit/retrofit/src/main/java/retrofit/Response.java:63: warning: no @param for body
[ERROR] public static <T> Response<T> error(ResponseBody body, com.squareup.okhttp.Response rawResponse) {
[ERROR] ^
[ERROR] /home/travis/build/square/retrofit/retrofit/src/main/java/retrofit/Response.java:63: warning: no @param for rawResponse
[ERROR] public static <T> Response<T> error(ResponseBody body, com.squareup.okhttp.Response rawResponse) {
[ERROR] ^
[ERROR] /home/travis/build/square/retrofit/retrofit/src/main/java/retrofit/Response.java:63: warning: no @return
[ERROR] public static <T> Response<T> error(ResponseBody body, com.squareup.okhttp.Response rawResponse) {
[ERROR] ^
[ERROR] /home/travis/build/square/retrofit/retrofit/src/main/java/retrofit/Response.java:78: warning: no @return
[ERROR] public com.squareup.okhttp.Response raw() {
[ERROR] ^
[ERROR] /home/travis/build/square/retrofit/retrofit/src/main/java/retrofit/Response.java:83: warning: no @return
[ERROR] public int code() {
[ERROR] ^
[ERROR] /home/travis/build/square/retrofit/retrofit/src/main/java/retrofit/Response.java:88: warning: no @return
[ERROR] public String message() {
[ERROR] ^
[ERROR] /home/travis/build/square/retrofit/retrofit/src/main/java/retrofit/Response.java:97: warning: no @return
[ERROR] public boolean isSuccess() {
[ERROR] ^
[ERROR] /home/travis/build/square/retrofit/retrofit/src/main/java/retrofit/Response.java:102: warning: no @return
[ERROR] public T body() {
[ERROR] ^
[ERROR] /home/travis/build/square/retrofit/retrofit/src/main/java/retrofit/Response.java:107: warning: no @return
[ERROR] public ResponseBody errorBody() {
[ERROR] ^
[ERROR] /home/travis/build/square/retrofit/retrofit/src/main/java/retrofit/Retrofit.java:114: warning: no @param for <T>
[ERROR] public <T> T create(final Class<T> service) {
[ERROR] ^
[ERROR] /home/travis/build/square/retrofit/retrofit/src/main/java/retrofit/Retrofit.java:114: warning: no @param for service
[ERROR] public <T> T create(final Class<T> service) {
[ERROR] ^
[ERROR] /home/travis/build/square/retrofit/retrofit/src/main/java/retrofit/Retrofit.java:114: warning: no @return
[ERROR] public <T> T create(final Class<T> service) {
[ERROR] ^
[ERROR] /home/travis/build/square/retrofit/retrofit/src/main/java/retrofit/Retrofit.java:174: warning: no @param for returnType
[ERROR] public CallAdapter<?> callAdapter(Type returnType, Annotation[] annotations) {
[ERROR] ^
[ERROR] /home/travis/build/square/retrofit/retrofit/src/main/java/retrofit/Retrofit.java:174: warning: no @param for annotations
[ERROR] public CallAdapter<?> callAdapter(Type returnType, Annotation[] annotations) {
[ERROR] ^
[ERROR] /home/travis/build/square/retrofit/retrofit/src/main/java/retrofit/Retrofit.java:174: warning: no @return
[ERROR] public CallAdapter<?> callAdapter(Type returnType, Annotation[] annotations) {
[ERROR] ^
[ERROR] /home/travis/build/square/retrofit/retrofit/src/main/java/retrofit/Retrofit.java:182: warning: no @param for skipPast
[ERROR] public CallAdapter<?> nextCallAdapter(CallAdapter.Factory skipPast, Type returnType,
[ERROR] ^
[ERROR] /home/travis/build/square/retrofit/retrofit/src/main/java/retrofit/Retrofit.java:182: warning: no @param for returnType
[ERROR] public CallAdapter<?> nextCallAdapter(CallAdapter.Factory skipPast, Type returnType,
[ERROR] ^
[ERROR] /home/travis/build/square/retrofit/retrofit/src/main/java/retrofit/Retrofit.java:182: warning: no @param for annotations
[ERROR] public CallAdapter<?> nextCallAdapter(CallAdapter.Factory skipPast, Type returnType,
[ERROR] ^
[ERROR] /home/travis/build/square/retrofit/retrofit/src/main/java/retrofit/Retrofit.java:182: warning: no @return
[ERROR] public CallAdapter<?> nextCallAdapter(CallAdapter.Factory skipPast, Type returnType,
[ERROR] ^
[ERROR] /home/travis/build/square/retrofit/retrofit/src/main/java/retrofit/Retrofit.java:213: warning: no @return
[ERROR] public List<Converter.Factory> converterFactories() {
[ERROR] ^
[ERROR] /home/travis/build/square/retrofit/retrofit/src/main/java/retrofit/Retrofit.java:221: warning: no @param for <T>
[ERROR] public <T> Converter<T, RequestBody> requestConverter(Type type, Annotation[] annotations) {
[ERROR] ^
[ERROR] /home/travis/build/square/retrofit/retrofit/src/main/java/retrofit/Retrofit.java:221: warning: no @param for type
[ERROR] public <T> Converter<T, RequestBody> requestConverter(Type type, Annotation[] annotations) {
[ERROR] ^
[ERROR] /home/travis/build/square/retrofit/retrofit/src/main/java/retrofit/Retrofit.java:221: warning: no @param for annotations
[ERROR] public <T> Converter<T, RequestBody> requestConverter(Type type, Annotation[] annotations) {
[ERROR] ^
[ERROR] /home/travis/build/square/retrofit/retrofit/src/main/java/retrofit/Retrofit.java:221: warning: no @return
[ERROR] public <T> Converter<T, RequestBody> requestConverter(Type type, Annotation[] annotations) {
[ERROR] ^
[ERROR] /home/travis/build/square/retrofit/retrofit/src/main/java/retrofit/Retrofit.java:247: warning: no @param for <T>
[ERROR] public <T> Converter<ResponseBody, T> responseConverter(Type type, Annotation[] annotations) {
[ERROR] ^
[ERROR] /home/travis/build/square/retrofit/retrofit/src/main/java/retrofit/Retrofit.java:247: warning: no @param for type
[ERROR] public <T> Converter<ResponseBody, T> responseConverter(Type type, Annotation[] annotations) {
[ERROR] ^
[ERROR] /home/travis/build/square/retrofit/retrofit/src/main/java/retrofit/Retrofit.java:247: warning: no @param for annotations
[ERROR] public <T> Converter<ResponseBody, T> responseConverter(Type type, Annotation[] annotations) {
[ERROR] ^
[ERROR] /home/travis/build/square/retrofit/retrofit/src/main/java/retrofit/Retrofit.java:247: warning: no @return
[ERROR] public <T> Converter<ResponseBody, T> responseConverter(Type type, Annotation[] annotations) {
[ERROR] ^
[ERROR] /home/travis/build/square/retrofit/retrofit/src/main/java/retrofit/Retrofit.java:294: warning: no @param for client
[ERROR] public Builder client(OkHttpClient client) {
[ERROR] ^
[ERROR] /home/travis/build/square/retrofit/retrofit/src/main/java/retrofit/Retrofit.java:294: warning: no @return
[ERROR] public Builder client(OkHttpClient client) {
[ERROR] ^
[ERROR] /home/travis/build/square/retrofit/retrofit/src/main/java/retrofit/Retrofit.java:300: warning: no @param for baseUrl
[ERROR] public Builder baseUrl(String baseUrl) {
[ERROR] ^
[ERROR] /home/travis/build/square/retrofit/retrofit/src/main/java/retrofit/Retrofit.java:300: warning: no @return
[ERROR] public Builder baseUrl(String baseUrl) {
[ERROR] ^
[ERROR] /home/travis/build/square/retrofit/retrofit/src/main/java/retrofit/Retrofit.java:310: warning: no @param for baseUrl
[ERROR] public Builder baseUrl(final HttpUrl baseUrl) {
[ERROR] ^
[ERROR] /home/travis/build/square/retrofit/retrofit/src/main/java/retrofit/Retrofit.java:310: warning: no @return
[ERROR] public Builder baseUrl(final HttpUrl baseUrl) {
[ERROR] ^
[ERROR] /home/travis/build/square/retrofit/retrofit/src/main/java/retrofit/Retrofit.java:320: warning: no @param for baseUrl
[ERROR] public Builder baseUrl(BaseUrl baseUrl) {
[ERROR] ^
[ERROR] /home/travis/build/square/retrofit/retrofit/src/main/java/retrofit/Retrofit.java:320: warning: no @return
[ERROR] public Builder baseUrl(BaseUrl baseUrl) {
[ERROR] ^
[ERROR] /home/travis/build/square/retrofit/retrofit/src/main/java/retrofit/Retrofit.java:326: warning: no @param for converterFactory
[ERROR] public Builder addConverterFactory(Converter.Factory converterFactory) {
[ERROR] ^
[ERROR] /home/travis/build/square/retrofit/retrofit/src/main/java/retrofit/Retrofit.java:326: warning: no @return
[ERROR] public Builder addConverterFactory(Converter.Factory converterFactory) {
[ERROR] ^
[ERROR] /home/travis/build/square/retrofit/retrofit/src/main/java/retrofit/Retrofit.java:334: warning: no @param for factory
[ERROR] public Builder addCallAdapterFactory(CallAdapter.Factory factory) {
[ERROR] ^
[ERROR] /home/travis/build/square/retrofit/retrofit/src/main/java/retrofit/Retrofit.java:334: warning: no @return
[ERROR] public Builder addCallAdapterFactory(CallAdapter.Factory factory) {
[ERROR] ^
[ERROR] /home/travis/build/square/retrofit/retrofit/src/main/java/retrofit/Retrofit.java:343: warning: no @param for callbackExecutor
[ERROR] public Builder callbackExecutor(Executor callbackExecutor) {
[ERROR] ^
[ERROR] /home/travis/build/square/retrofit/retrofit/src/main/java/retrofit/Retrofit.java:343: warning: no @return
[ERROR] public Builder callbackExecutor(Executor callbackExecutor) {
[ERROR] ^
[ERROR] /home/travis/build/square/retrofit/retrofit/src/main/java/retrofit/Retrofit.java:352: warning: no @param for validateEagerly
[ERROR] public Builder validateEagerly(boolean validateEagerly) {
[ERROR] ^
[ERROR] /home/travis/build/square/retrofit/retrofit/src/main/java/retrofit/Retrofit.java:352: warning: no @return
[ERROR] public Builder validateEagerly(boolean validateEagerly) {
[ERROR] ^
[ERROR] /home/travis/build/square/retrofit/retrofit/src/main/java/retrofit/Retrofit.java:358: warning: no @return
[ERROR] public Retrofit build() {
[ERROR] ^
[ERROR] /home/travis/build/square/retrofit/retrofit/src/main/java/retrofit/http/Field.java:61: warning: no @return
[ERROR] boolean encoded() default false;
[ERROR] ^
[ERROR] /home/travis/build/square/retrofit/retrofit/src/main/java/retrofit/http/FieldMap.java:48: warning: no @return
[ERROR] boolean encoded() default false;
[ERROR] ^
[ERROR] /home/travis/build/square/retrofit/retrofit/src/main/java/retrofit/http/Header.java:27: warning: empty <p> tag
[ERROR] * <p>
[ERROR] ^
[ERROR] /home/travis/build/square/retrofit/retrofit/src/main/java/retrofit/http/Headers.java:27: warning: empty <p> tag
[ERROR] * <p>
[ERROR] ^
[ERROR] /home/travis/build/square/retrofit/retrofit/src/main/java/retrofit/http/Part.java:38: warning: empty <p> tag
[ERROR] * <p>
[ERROR] ^
[ERROR] /home/travis/build/square/retrofit/retrofit/src/main/java/retrofit/http/Part.java:42: error: unknown tag: ResponseBody
[ERROR] * Call&lt;<ResponseBody> example(
[ERROR] ^
[ERROR] /home/travis/build/square/retrofit/retrofit/src/main/java/retrofit/http/Part.java:55: warning: no @return
[ERROR] String encoding() default "binary";
[ERROR] ^
[ERROR] /home/travis/build/square/retrofit/retrofit/src/main/java/retrofit/http/PartMap.java:36: warning: empty <p> tag
[ERROR] * <p>
[ERROR] ^
[ERROR] /home/travis/build/square/retrofit/retrofit/src/main/java/retrofit/http/PartMap.java:40: error: bad use of '>'
[ERROR] * Call&lt;ResponseBody> upload(
[ERROR] ^
[ERROR] /home/travis/build/square/retrofit/retrofit/src/main/java/retrofit/http/PartMap.java:53: warning: no @return
[ERROR] String encoding() default "binary";
[ERROR] ^
[ERROR] /home/travis/build/square/retrofit/retrofit/src/main/java/retrofit/http/Path.java:58: warning: no @return
[ERROR] boolean encoded() default false;
[ERROR] ^
[ERROR] /home/travis/build/square/retrofit/retrofit/src/main/java/retrofit/http/Query.java:69: warning: no @return
[ERROR] String value();
[ERROR] ^
[ERROR] /home/travis/build/square/retrofit/retrofit/src/main/java/retrofit/http/Query.java:74: warning: no @return
[ERROR] boolean encoded() default false;
[ERROR] ^
[ERROR] /home/travis/build/square/retrofit/retrofit/src/main/java/retrofit/http/QueryMap.java:56: warning: no @return
[ERROR] boolean encoded() default false;
[ERROR] ^
[ERROR] 
[ERROR] Command line was: /usr/lib/jvm/java-8-oracle/jre/../bin/javadoc @options @packages
[ERROR] 
[ERROR] Refer to the generated Javadoc files in '/home/travis/build/square/retrofit/retrofit/target/apidocs' dir.
[ERROR] -> [Help 1]
[ERROR] 
[ERROR] To see the full stack trace of the errors, re-run Maven with the -e switch.
[ERROR] Re-run Maven using the -X switch to enable full debug logging.
[ERROR] 
[ERROR] For more information about the errors and possible solutions, please read the following articles:
[ERROR] [Help 1] http://cwiki.apache.org/confluence/display/MAVEN/MojoExecutionException
[ERROR] 
[ERROR] After correcting the problems, you can resume the build with the command
[ERROR]   mvn <goals> -rf :retrofit
travis_time:end:17f69a7a:start=1447311901160530870,finish=1447311917180510584,duration=16019979714[0Ktravis_fold:end:after_success[0K
Done. Your build exited with 0.
