Using worker: worker-linux-docker-2761e6de.prod.travis-ci.org:travis-linux-1

travis_fold:start:system_info[0K[33;1mBuild system information[0m
Build language: java
[34m[1mBuild image provisioning date and time[0m
Thu Feb  5 15:09:33 UTC 2015
[34m[1mOperating System Details[0m
Distributor ID:	Ubuntu
Description:	Ubuntu 12.04.5 LTS
Release:	12.04
Codename:	precise
[34m[1mLinux Version[0m
3.13.0-29-generic
[34m[1mCookbooks Version[0m
a68419e https://github.com/travis-ci/travis-cookbooks/tree/a68419e
[34m[1mGCC version[0m
gcc (Ubuntu/Linaro 4.6.3-1ubuntu5) 4.6.3
Copyright (C) 2011 Free Software Foundation, Inc.
This is free software; see the source for copying conditions.  There is NO
warranty; not even for MERCHANTABILITY or FITNESS FOR A PARTICULAR PURPOSE.

[34m[1mLLVM version[0m
clang version 3.4 (tags/RELEASE_34/final)
Target: x86_64-unknown-linux-gnu
Thread model: posix
[34m[1mPre-installed Ruby versions[0m
ruby-1.9.3-p551
[34m[1mPre-installed Node.js versions[0m
v0.10.36
[34m[1mPre-installed Go versions[0m
1.4.1
[34m[1mRedis version[0m
redis-server 2.8.19
[34m[1mriak version[0m
2.0.2
[34m[1mMongoDB version[0m
MongoDB 2.4.12
[34m[1mCouchDB version[0m
couchdb 1.6.1
[34m[1mNeo4j version[0m
1.9.4
[34m[1mRabbitMQ Version[0m
3.4.3
[34m[1mElasticSearch version[0m
1.4.0
[34m[1mInstalled Sphinx versions[0m
2.0.10
2.1.9
2.2.6
[34m[1mDefault Sphinx version[0m
2.2.6
[34m[1mInstalled Firefox version[0m
firefox 31.0esr
[34m[1mPhantomJS version[0m
1.9.8
[34m[1mant -version[0m
Apache Ant(TM) version 1.8.2 compiled on December 3 2011
[34m[1mmvn -version[0m
Apache Maven 3.2.5 (12a6b3acb947671f09b81f49094c53f426d8cea1; 2014-12-14T17:29:23+00:00)
Maven home: /usr/local/maven
Java version: 1.7.0_76, vendor: Oracle Corporation
Java home: /usr/lib/jvm/java-7-oracle/jre
Default locale: en_US, platform encoding: ANSI_X3.4-1968
OS name: "linux", version: "3.13.0-29-generic", arch: "amd64", family: "unix"
travis_fold:end:system_info[0K
travis_fold:start:git.checkout[0Ktravis_time:start:083cd9b4[0K$ git clone --depth=50 --branch=master https://github.com/square/retrofit.git square/retrofit
Cloning into 'square/retrofit'...
remote: Counting objects: 1613, done.[K
remote: Compressing objects:   0% (1/764)   [Kremote: Compressing objects:   1% (8/764)   [Kremote: Compressing objects:   2% (16/764)   [Kremote: Compressing objects:   3% (23/764)   [Kremote: Compressing objects:   4% (31/764)   [Kremote: Compressing objects:   5% (39/764)   [Kremote: Compressing objects:   6% (46/764)   [Kremote: Compressing objects:   7% (54/764)   [Kremote: Compressing objects:   8% (62/764)   [Kremote: Compressing objects:   9% (69/764)   [Kremote: Compressing objects:  10% (77/764)   [Kremote: Compressing objects:  11% (85/764)   [Kremote: Compressing objects:  12% (92/764)   [Kremote: Compressing objects:  13% (100/764)   [Kremote: Compressing objects:  14% (107/764)   [Kremote: Compressing objects:  15% (115/764)   [Kremote: Compressing objects:  16% (123/764)   [Kremote: Compressing objects:  17% (130/764)   [Kremote: Compressing objects:  18% (138/764)   [Kremote: Compressing objects:  19% (146/764)   [Kremote: Compressing objects:  20% (153/764)   [Kremote: Compressing objects:  21% (161/764)   [Kremote: Compressing objects:  22% (169/764)   [Kremote: Compressing objects:  23% (176/764)   [Kremote: Compressing objects:  24% (184/764)   [Kremote: Compressing objects:  25% (191/764)   [Kremote: Compressing objects:  26% (199/764)   [Kremote: Compressing objects:  27% (207/764)   [Kremote: Compressing objects:  28% (214/764)   [Kremote: Compressing objects:  29% (222/764)   [Kremote: Compressing objects:  30% (230/764)   [Kremote: Compressing objects:  31% (237/764)   [Kremote: Compressing objects:  32% (245/764)   [Kremote: Compressing objects:  33% (253/764)   [Kremote: Compressing objects:  34% (260/764)   [Kremote: Compressing objects:  35% (268/764)   [Kremote: Compressing objects:  36% (276/764)   [Kremote: Compressing objects:  37% (283/764)   [Kremote: Compressing objects:  38% (291/764)   [Kremote: Compressing objects:  39% (298/764)   [Kremote: Compressing objects:  40% (306/764)   [Kremote: Compressing objects:  41% (314/764)   [Kremote: Compressing objects:  42% (321/764)   [Kremote: Compressing objects:  43% (329/764)   [Kremote: Compressing objects:  44% (337/764)   [Kremote: Compressing objects:  45% (344/764)   [Kremote: Compressing objects:  46% (352/764)   [Kremote: Compressing objects:  47% (360/764)   [Kremote: Compressing objects:  48% (367/764)   [Kremote: Compressing objects:  49% (375/764)   [Kremote: Compressing objects:  50% (382/764)   [Kremote: Compressing objects:  51% (390/764)   [Kremote: Compressing objects:  52% (398/764)   [Kremote: Compressing objects:  53% (405/764)   [Kremote: Compressing objects:  54% (413/764)   [Kremote: Compressing objects:  55% (421/764)   [Kremote: Compressing objects:  56% (428/764)   [Kremote: Compressing objects:  57% (436/764)   [Kremote: Compressing objects:  58% (444/764)   [Kremote: Compressing objects:  59% (451/764)   [Kremote: Compressing objects:  60% (459/764)   [Kremote: Compressing objects:  61% (467/764)   [Kremote: Compressing objects:  62% (474/764)   [Kremote: Compressing objects:  63% (482/764)   [Kremote: Compressing objects:  64% (489/764)   [Kremote: Compressing objects:  65% (497/764)   [Kremote: Compressing objects:  66% (505/764)   [Kremote: Compressing objects:  67% (512/764)   [Kremote: Compressing objects:  68% (520/764)   [Kremote: Compressing objects:  69% (528/764)   [Kremote: Compressing objects:  70% (535/764)   [Kremote: Compressing objects:  71% (543/764)   [Kremote: Compressing objects:  72% (551/764)   [Kremote: Compressing objects:  73% (558/764)   [Kremote: Compressing objects:  74% (566/764)   [Kremote: Compressing objects:  75% (573/764)   [Kremote: Compressing objects:  76% (581/764)   [Kremote: Compressing objects:  77% (589/764)   [Kremote: Compressing objects:  78% (596/764)   [Kremote: Compressing objects:  79% (604/764)   [Kremote: Compressing objects:  80% (612/764)   [Kremote: Compressing objects:  81% (619/764)   [Kremote: Compressing objects:  82% (627/764)   [Kremote: Compressing objects:  83% (635/764)   [Kremote: Compressing objects:  84% (642/764)   [Kremote: Compressing objects:  85% (650/764)   [Kremote: Compressing objects:  86% (658/764)   [Kremote: Compressing objects:  87% (665/764)   [Kremote: Compressing objects:  88% (673/764)   [Kremote: Compressing objects:  89% (680/764)   [Kremote: Compressing objects:  90% (688/764)   [Kremote: Compressing objects:  91% (696/764)   [Kremote: Compressing objects:  92% (703/764)   [Kremote: Compressing objects:  93% (711/764)   [Kremote: Compressing objects:  94% (719/764)   [Kremote: Compressing objects:  95% (726/764)   [Kremote: Compressing objects:  96% (734/764)   [Kremote: Compressing objects:  97% (742/764)   [Kremote: Compressing objects:  98% (749/764)   [Kremote: Compressing objects:  99% (757/764)   [Kremote: Compressing objects: 100% (764/764)   [Kremote: Compressing objects: 100% (764/764), done.[K
Receiving objects:   0% (1/1613)   Receiving objects:   1% (17/1613)   Receiving objects:   2% (33/1613)   Receiving objects:   3% (49/1613)   Receiving objects:   4% (65/1613)   Receiving objects:   5% (81/1613)   Receiving objects:   6% (97/1613)   Receiving objects:   7% (113/1613)   Receiving objects:   8% (130/1613)   Receiving objects:   9% (146/1613)   Receiving objects:  10% (162/1613)   Receiving objects:  11% (178/1613)   Receiving objects:  12% (194/1613)   Receiving objects:  13% (210/1613)   Receiving objects:  14% (226/1613)   Receiving objects:  15% (242/1613)   Receiving objects:  16% (259/1613)   Receiving objects:  17% (275/1613)   Receiving objects:  18% (291/1613)   Receiving objects:  19% (307/1613)   Receiving objects:  20% (323/1613)   Receiving objects:  21% (339/1613)   Receiving objects:  22% (355/1613)   Receiving objects:  23% (371/1613)   Receiving objects:  24% (388/1613)   Receiving objects:  25% (404/1613)   Receiving objects:  26% (420/1613)   Receiving objects:  27% (436/1613)   Receiving objects:  28% (452/1613)   Receiving objects:  29% (468/1613)   Receiving objects:  30% (484/1613)   Receiving objects:  31% (501/1613)   Receiving objects:  32% (517/1613)   Receiving objects:  33% (533/1613)   Receiving objects:  34% (549/1613)   Receiving objects:  35% (565/1613)   Receiving objects:  36% (581/1613)   Receiving objects:  37% (597/1613)   Receiving objects:  38% (613/1613)   Receiving objects:  39% (630/1613)   Receiving objects:  40% (646/1613)   Receiving objects:  41% (662/1613)   Receiving objects:  42% (678/1613)   Receiving objects:  43% (694/1613)   Receiving objects:  44% (710/1613)   Receiving objects:  45% (726/1613)   Receiving objects:  46% (742/1613)   Receiving objects:  47% (759/1613)   Receiving objects:  48% (775/1613)   Receiving objects:  49% (791/1613)   Receiving objects:  50% (807/1613)   Receiving objects:  51% (823/1613)   Receiving objects:  52% (839/1613)   Receiving objects:  53% (855/1613)   Receiving objects:  54% (872/1613)   Receiving objects:  55% (888/1613)   Receiving objects:  56% (904/1613)   Receiving objects:  57% (920/1613)   Receiving objects:  58% (936/1613)   Receiving objects:  59% (952/1613)   Receiving objects:  60% (968/1613)   Receiving objects:  61% (984/1613)   Receiving objects:  62% (1001/1613)   Receiving objects:  63% (1017/1613)   Receiving objects:  64% (1033/1613)   Receiving objects:  65% (1049/1613)   Receiving objects:  66% (1065/1613)   Receiving objects:  67% (1081/1613)   Receiving objects:  68% (1097/1613)   Receiving objects:  69% (1113/1613)   Receiving objects:  70% (1130/1613)   Receiving objects:  71% (1146/1613)   Receiving objects:  72% (1162/1613)   Receiving objects:  73% (1178/1613)   Receiving objects:  74% (1194/1613)   Receiving objects:  75% (1210/1613)   Receiving objects:  76% (1226/1613)   Receiving objects:  77% (1243/1613)   Receiving objects:  78% (1259/1613)   Receiving objects:  79% (1275/1613)   Receiving objects:  80% (1291/1613)   Receiving objects:  81% (1307/1613)   Receiving objects:  82% (1323/1613)   Receiving objects:  83% (1339/1613)   Receiving objects:  84% (1355/1613)   Receiving objects:  85% (1372/1613)   Receiving objects:  86% (1388/1613)   Receiving objects:  87% (1404/1613)   Receiving objects:  88% (1420/1613)   Receiving objects:  89% (1436/1613)   Receiving objects:  90% (1452/1613)   Receiving objects:  91% (1468/1613)   Receiving objects:  92% (1484/1613)   Receiving objects:  93% (1501/1613)   Receiving objects:  94% (1517/1613)   Receiving objects:  95% (1533/1613)   remote: Total 1613 (delta 604), reused 1410 (delta 441), pack-reused 0[K
Receiving objects:  96% (1549/1613)   Receiving objects:  97% (1565/1613)   Receiving objects:  98% (1581/1613)   Receiving objects:  99% (1597/1613)   Receiving objects: 100% (1613/1613)   Receiving objects: 100% (1613/1613), 355.52 KiB | 0 bytes/s, done.
Resolving deltas:   0% (0/604)   Resolving deltas:   2% (15/604)   Resolving deltas:   3% (22/604)   Resolving deltas:   4% (25/604)   Resolving deltas:   5% (33/604)   Resolving deltas:   6% (38/604)   Resolving deltas:   7% (44/604)   Resolving deltas:   8% (49/604)   Resolving deltas:   9% (55/604)   Resolving deltas:  12% (76/604)   Resolving deltas:  14% (87/604)   Resolving deltas:  15% (91/604)   Resolving deltas:  16% (102/604)   Resolving deltas:  17% (105/604)   Resolving deltas:  22% (133/604)   Resolving deltas:  23% (144/604)   Resolving deltas:  25% (156/604)   Resolving deltas:  26% (158/604)   Resolving deltas:  27% (164/604)   Resolving deltas:  28% (172/604)   Resolving deltas:  33% (200/604)   Resolving deltas:  34% (206/604)   Resolving deltas:  35% (212/604)   Resolving deltas:  39% (238/604)   Resolving deltas:  40% (244/604)   Resolving deltas:  42% (255/604)   Resolving deltas:  43% (261/604)   Resolving deltas:  44% (268/604)   Resolving deltas:  47% (284/604)   Resolving deltas:  48% (291/604)   Resolving deltas:  49% (298/604)   Resolving deltas:  50% (303/604)   Resolving deltas:  51% (313/604)   Resolving deltas:  52% (319/604)   Resolving deltas:  53% (326/604)   Resolving deltas:  56% (343/604)   Resolving deltas:  58% (354/604)   Resolving deltas:  60% (363/604)   Resolving deltas:  61% (372/604)   Resolving deltas:  66% (400/604)   Resolving deltas:  67% (406/604)   Resolving deltas:  69% (419/604)   Resolving deltas:  71% (429/604)   Resolving deltas:  72% (437/604)   Resolving deltas:  74% (448/604)   Resolving deltas:  75% (455/604)   Resolving deltas:  76% (461/604)   Resolving deltas:  77% (467/604)   Resolving deltas:  81% (493/604)   Resolving deltas:  82% (501/604)   Resolving deltas:  83% (502/604)   Resolving deltas:  86% (524/604)   Resolving deltas:  87% (526/604)   Resolving deltas:  88% (536/604)   Resolving deltas:  89% (538/604)   Resolving deltas:  90% (545/604)   Resolving deltas:  94% (568/604)   Resolving deltas:  95% (575/604)   Resolving deltas:  96% (580/604)   Resolving deltas:  97% (588/604)   Resolving deltas:  98% (596/604)   Resolving deltas:  99% (602/604)   Resolving deltas: 100% (604/604)   Resolving deltas: 100% (604/604), done.
Checking connectivity... done.
travis_time:end:083cd9b4:start=1447613415263290558,finish=1447613418188881408,duration=2925590850[0K$ cd square/retrofit
$ git checkout -qf 1413e6129e2ba1a072f66f213718170455bc663c
travis_fold:end:git.checkout[0K
[33;1mThis job is running on container-based infrastructure, which does not allow use of 'sudo', setuid and setguid executables.[0m
[33;1mIf you require sudo, add 'sudo: required' to your .travis.yml[0m
[33;1mSee http://docs.travis-ci.com/user/workers/container-based-infrastructure/ for details.[0m

[33;1mSetting environment variables from .travis.yml[0m
$ export CI_DEPLOY_USERNAME=[secure]
$ export CI_DEPLOY_PASSWORD=[secure]

travis_fold:start:cache.1[0KSetting up build cache
$ export CASHER_DIR=$HOME/.casher
travis_time:start:1b10f4bc[0K$ Installing caching utilities
travis_time:end:1b10f4bc:start=1447613419946583597,finish=1447613420008858944,duration=62275347[0Ktravis_time:start:1d53cd84[0Ktravis_time:end:1d53cd84:start=1447613420013167726,finish=1447613420016038583,duration=2870857[0Ktravis_time:start:00a26ed9[0Kattempting to download cache archive
fetching master/cache--jdk-oraclejdk8.tgz
found cache
travis_time:end:00a26ed9:start=1447613420019386808,finish=1447613421182383659,duration=1162996851[0Ktravis_time:start:1da9304e[0Ktravis_time:end:1da9304e:start=1447613421185912700,finish=1447613421188805619,duration=2892919[0Ktravis_time:start:007bf12a[0Kadding /home/travis/.m2 to cache
travis_time:end:007bf12a:start=1447613421192119287,finish=1447613422616547574,duration=1424428287[0Ktravis_fold:end:cache.1[0K$ jdk_switcher use oraclejdk8
Switching to Oracle JDK8 (java-8-oracle), JAVA_HOME will be set to /usr/lib/jvm/java-8-oracle
$ java -Xmx32m -version
java version "1.8.0_31"
Java(TM) SE Runtime Environment (build 1.8.0_31-b13)
Java HotSpot(TM) 64-Bit Server VM (build 25.31-b07, mixed mode)
$ javac -J-Xmx32m -version
javac 1.8.0_31
travis_fold:start:install[0Ktravis_time:start:1029c84c[0K$ mvn install -DskipTests=true -Dmaven.javadoc.skip=true -B -V
Java HotSpot(TM) 64-Bit Server VM warning: ignoring option MaxPermSize=192m; support was removed in 8.0
Apache Maven 3.2.5 (12a6b3acb947671f09b81f49094c53f426d8cea1; 2014-12-14T17:29:23+00:00)
Maven home: /usr/local/maven
Java version: 1.8.0_31, vendor: Oracle Corporation
Java home: /usr/lib/jvm/java-8-oracle/jre
Default locale: en_US, platform encoding: UTF-8
OS name: "linux", version: "3.13.0-40-generic", arch: "amd64", family: "unix"
[INFO] Scanning for projects...
[WARNING] 
[WARNING] Some problems were encountered while building the effective model for com.squareup.retrofit:samples:jar:2.0.0-SNAPSHOT
[WARNING] 'build.plugins.plugin.version' for org.apache.maven.plugins:maven-deploy-plugin is missing. @ com.squareup.retrofit:samples:[unknown-version], /home/travis/build/square/retrofit/samples/pom.xml, line 45, column 15
[WARNING] 
[WARNING] It is highly recommended to fix these problems because they threaten the stability of your build.
[WARNING] 
[WARNING] For this reason, future Maven versions might no longer support building such malformed projects.
[WARNING] 
[INFO] ------------------------------------------------------------------------
[INFO] Reactor Build Order:
[INFO] 
[INFO] Retrofit (Parent)
[INFO] Retrofit
[INFO] Adapters
[INFO] Adapter: RxJava
[INFO] Retrofit Mock Adapter
[INFO] Adapter: RxJava Mock
[INFO] Converters
[INFO] Converter: Gson
[INFO] Converter: Protocol Buffers
[INFO] Converter: Jackson
[INFO] Converter: Wire Protocol Buffers
[INFO] Converter: SimpleXML
[INFO] Converter: Moshi
[INFO] Samples
[INFO]                                                                         
[INFO] ------------------------------------------------------------------------
[INFO] Building Retrofit (Parent) 2.0.0-SNAPSHOT
[INFO] ------------------------------------------------------------------------
[INFO] 
[INFO] --- maven-enforcer-plugin:1.0:enforce (enforce-maven) @ parent ---
[INFO] 
[INFO] --- animal-sniffer-maven-plugin:1.14:check (default) @ parent ---
[INFO] Checking unresolved references to org.codehaus.mojo.signature:java16:1.1
[INFO] 
[INFO] --- maven-checkstyle-plugin:2.15:checkstyle (default) @ parent ---
[INFO] 
[INFO] --- maven-install-plugin:2.4:install (default-install) @ parent ---
[INFO] Installing /home/travis/build/square/retrofit/pom.xml to /home/travis/.m2/repository/com/squareup/retrofit/parent/2.0.0-SNAPSHOT/parent-2.0.0-SNAPSHOT.pom
[INFO]                                                                         
[INFO] ------------------------------------------------------------------------
[INFO] Building Retrofit 2.0.0-SNAPSHOT
[INFO] ------------------------------------------------------------------------
[INFO] 
[INFO] --- maven-enforcer-plugin:1.0:enforce (enforce-maven) @ retrofit ---
[INFO] 
[INFO] --- maven-resources-plugin:2.6:resources (default-resources) @ retrofit ---
[INFO] Using 'UTF-8' encoding to copy filtered resources.
[INFO] skip non existing resourceDirectory /home/travis/build/square/retrofit/retrofit/src/main/resources
[INFO] 
[INFO] --- maven-compiler-plugin:3.0:compile (default-compile) @ retrofit ---
[INFO] Changes detected - recompiling the module!
[INFO] Compiling 41 source files to /home/travis/build/square/retrofit/retrofit/target/classes
[WARNING] /home/travis/build/square/retrofit/retrofit/src/main/java/retrofit/Retrofit.java: Some input files use unchecked or unsafe operations.
[WARNING] /home/travis/build/square/retrofit/retrofit/src/main/java/retrofit/Retrofit.java: Recompile with -Xlint:unchecked for details.
[INFO] 
[INFO] --- maven-resources-plugin:2.6:testResources (default-testResources) @ retrofit ---
[INFO] Using 'UTF-8' encoding to copy filtered resources.
[INFO] skip non existing resourceDirectory /home/travis/build/square/retrofit/retrofit/src/test/resources
[INFO] 
[INFO] --- maven-compiler-plugin:3.0:testCompile (default-testCompile) @ retrofit ---
[INFO] Changes detected - recompiling the module!
[INFO] Compiling 8 source files to /home/travis/build/square/retrofit/retrofit/target/test-classes
[WARNING] /home/travis/build/square/retrofit/retrofit/src/test/java/retrofit/RetrofitTest.java: /home/travis/build/square/retrofit/retrofit/src/test/java/retrofit/RetrofitTest.java uses unchecked or unsafe operations.
[WARNING] /home/travis/build/square/retrofit/retrofit/src/test/java/retrofit/RetrofitTest.java: Recompile with -Xlint:unchecked for details.
[INFO] 
[INFO] --- maven-surefire-plugin:2.12.4:test (default-test) @ retrofit ---
[INFO] Tests are skipped.
[INFO] 
[INFO] --- animal-sniffer-maven-plugin:1.14:check (default) @ retrofit ---
[INFO] Checking unresolved references to org.codehaus.mojo.signature:java16:1.1
[INFO] 
[INFO] --- maven-jar-plugin:2.4:jar (default-jar) @ retrofit ---
[INFO] Building jar: /home/travis/build/square/retrofit/retrofit/target/retrofit-2.0.0-SNAPSHOT.jar
[INFO] 
[INFO] --- maven-checkstyle-plugin:2.15:checkstyle (default) @ retrofit ---
[INFO] Starting audit...
Audit done.
[WARNING] Unable to locate Source XRef to link to - DISABLED
[INFO] 
[INFO] --- maven-install-plugin:2.4:install (default-install) @ retrofit ---
[INFO] Installing /home/travis/build/square/retrofit/retrofit/target/retrofit-2.0.0-SNAPSHOT.jar to /home/travis/.m2/repository/com/squareup/retrofit/retrofit/2.0.0-SNAPSHOT/retrofit-2.0.0-SNAPSHOT.jar
[INFO] Installing /home/travis/build/square/retrofit/retrofit/pom.xml to /home/travis/.m2/repository/com/squareup/retrofit/retrofit/2.0.0-SNAPSHOT/retrofit-2.0.0-SNAPSHOT.pom
[INFO]                                                                         
[INFO] ------------------------------------------------------------------------
[INFO] Building Adapters 2.0.0-SNAPSHOT
[INFO] ------------------------------------------------------------------------
[INFO] 
[INFO] --- maven-enforcer-plugin:1.0:enforce (enforce-maven) @ retrofit-adapters ---
[INFO] 
[INFO] --- animal-sniffer-maven-plugin:1.14:check (default) @ retrofit-adapters ---
[INFO] Checking unresolved references to org.codehaus.mojo.signature:java16:1.1
[INFO] 
[INFO] --- maven-checkstyle-plugin:2.15:checkstyle (default) @ retrofit-adapters ---
[INFO] 
[INFO] --- maven-install-plugin:2.4:install (default-install) @ retrofit-adapters ---
[INFO] Installing /home/travis/build/square/retrofit/retrofit-adapters/pom.xml to /home/travis/.m2/repository/com/squareup/retrofit/retrofit-adapters/2.0.0-SNAPSHOT/retrofit-adapters-2.0.0-SNAPSHOT.pom
[INFO]                                                                         
[INFO] ------------------------------------------------------------------------
[INFO] Building Adapter: RxJava 2.0.0-SNAPSHOT
[INFO] ------------------------------------------------------------------------
[INFO] 
[INFO] --- maven-enforcer-plugin:1.0:enforce (enforce-maven) @ adapter-rxjava ---
[INFO] 
[INFO] --- maven-resources-plugin:2.6:resources (default-resources) @ adapter-rxjava ---
[INFO] Using 'UTF-8' encoding to copy filtered resources.
[INFO] skip non existing resourceDirectory /home/travis/build/square/retrofit/retrofit-adapters/rxjava/src/main/resources
[INFO] 
[INFO] --- maven-compiler-plugin:3.0:compile (default-compile) @ adapter-rxjava ---
[INFO] Changes detected - recompiling the module!
[INFO] Compiling 4 source files to /home/travis/build/square/retrofit/retrofit-adapters/rxjava/target/classes
[INFO] 
[INFO] --- maven-resources-plugin:2.6:testResources (default-testResources) @ adapter-rxjava ---
[INFO] Using 'UTF-8' encoding to copy filtered resources.
[INFO] skip non existing resourceDirectory /home/travis/build/square/retrofit/retrofit-adapters/rxjava/src/test/resources
[INFO] 
[INFO] --- maven-compiler-plugin:3.0:testCompile (default-testCompile) @ adapter-rxjava ---
[INFO] Changes detected - recompiling the module!
[INFO] Compiling 2 source files to /home/travis/build/square/retrofit/retrofit-adapters/rxjava/target/test-classes
[INFO] 
[INFO] --- maven-surefire-plugin:2.12.4:test (default-test) @ adapter-rxjava ---
[INFO] Tests are skipped.
[INFO] 
[INFO] --- animal-sniffer-maven-plugin:1.14:check (default) @ adapter-rxjava ---
[INFO] Checking unresolved references to org.codehaus.mojo.signature:java16:1.1
[INFO] 
[INFO] --- maven-jar-plugin:2.4:jar (default-jar) @ adapter-rxjava ---
[INFO] Building jar: /home/travis/build/square/retrofit/retrofit-adapters/rxjava/target/adapter-rxjava-2.0.0-SNAPSHOT.jar
[INFO] 
[INFO] --- maven-checkstyle-plugin:2.15:checkstyle (default) @ adapter-rxjava ---
[INFO] Starting audit...
Audit done.
[WARNING] Unable to locate Source XRef to link to - DISABLED
[INFO] 
[INFO] --- maven-install-plugin:2.4:install (default-install) @ adapter-rxjava ---
[INFO] Installing /home/travis/build/square/retrofit/retrofit-adapters/rxjava/target/adapter-rxjava-2.0.0-SNAPSHOT.jar to /home/travis/.m2/repository/com/squareup/retrofit/adapter-rxjava/2.0.0-SNAPSHOT/adapter-rxjava-2.0.0-SNAPSHOT.jar
[INFO] Installing /home/travis/build/square/retrofit/retrofit-adapters/rxjava/pom.xml to /home/travis/.m2/repository/com/squareup/retrofit/adapter-rxjava/2.0.0-SNAPSHOT/adapter-rxjava-2.0.0-SNAPSHOT.pom
[INFO]                                                                         
[INFO] ------------------------------------------------------------------------
[INFO] Building Retrofit Mock Adapter 2.0.0-SNAPSHOT
[INFO] ------------------------------------------------------------------------
[INFO] 
[INFO] --- maven-enforcer-plugin:1.0:enforce (enforce-maven) @ retrofit-mock ---
[INFO] 
[INFO] --- maven-resources-plugin:2.6:resources (default-resources) @ retrofit-mock ---
[INFO] Using 'UTF-8' encoding to copy filtered resources.
[INFO] skip non existing resourceDirectory /home/travis/build/square/retrofit/retrofit-mock/src/main/resources
[INFO] 
[INFO] --- maven-compiler-plugin:3.0:compile (default-compile) @ retrofit-mock ---
[INFO] Changes detected - recompiling the module!
[INFO] Compiling 5 source files to /home/travis/build/square/retrofit/retrofit-mock/target/classes
[INFO] 
[INFO] --- maven-resources-plugin:2.6:testResources (default-testResources) @ retrofit-mock ---
[INFO] Using 'UTF-8' encoding to copy filtered resources.
[INFO] skip non existing resourceDirectory /home/travis/build/square/retrofit/retrofit-mock/src/test/resources
[INFO] 
[INFO] --- maven-compiler-plugin:3.0:testCompile (default-testCompile) @ retrofit-mock ---
[INFO] Changes detected - recompiling the module!
[INFO] Compiling 2 source files to /home/travis/build/square/retrofit/retrofit-mock/target/test-classes
[INFO] 
[INFO] --- maven-surefire-plugin:2.12.4:test (default-test) @ retrofit-mock ---
[INFO] Tests are skipped.
[INFO] 
[INFO] --- animal-sniffer-maven-plugin:1.14:check (default) @ retrofit-mock ---
[INFO] Checking unresolved references to org.codehaus.mojo.signature:java16:1.1
[INFO] 
[INFO] --- maven-jar-plugin:2.4:jar (default-jar) @ retrofit-mock ---
[INFO] Building jar: /home/travis/build/square/retrofit/retrofit-mock/target/retrofit-mock-2.0.0-SNAPSHOT.jar
[INFO] 
[INFO] --- maven-checkstyle-plugin:2.15:checkstyle (default) @ retrofit-mock ---
[INFO] Starting audit...
Audit done.
[WARNING] Unable to locate Source XRef to link to - DISABLED
[INFO] 
[INFO] --- maven-install-plugin:2.4:install (default-install) @ retrofit-mock ---
[INFO] Installing /home/travis/build/square/retrofit/retrofit-mock/target/retrofit-mock-2.0.0-SNAPSHOT.jar to /home/travis/.m2/repository/com/squareup/retrofit/retrofit-mock/2.0.0-SNAPSHOT/retrofit-mock-2.0.0-SNAPSHOT.jar
[INFO] Installing /home/travis/build/square/retrofit/retrofit-mock/pom.xml to /home/travis/.m2/repository/com/squareup/retrofit/retrofit-mock/2.0.0-SNAPSHOT/retrofit-mock-2.0.0-SNAPSHOT.pom
[INFO]                                                                         
[INFO] ------------------------------------------------------------------------
[INFO] Building Adapter: RxJava Mock 2.0.0-SNAPSHOT
[INFO] ------------------------------------------------------------------------
[INFO] 
[INFO] --- maven-enforcer-plugin:1.0:enforce (enforce-maven) @ adapter-rxjava-mock ---
[INFO] 
[INFO] --- maven-resources-plugin:2.6:resources (default-resources) @ adapter-rxjava-mock ---
[INFO] Using 'UTF-8' encoding to copy filtered resources.
[INFO] skip non existing resourceDirectory /home/travis/build/square/retrofit/retrofit-adapters/rxjava-mock/src/main/resources
[INFO] 
[INFO] --- maven-compiler-plugin:3.0:compile (default-compile) @ adapter-rxjava-mock ---
[INFO] Changes detected - recompiling the module!
[INFO] Compiling 2 source files to /home/travis/build/square/retrofit/retrofit-adapters/rxjava-mock/target/classes
[INFO] 
[INFO] --- maven-resources-plugin:2.6:testResources (default-testResources) @ adapter-rxjava-mock ---
[INFO] Using 'UTF-8' encoding to copy filtered resources.
[INFO] skip non existing resourceDirectory /home/travis/build/square/retrofit/retrofit-adapters/rxjava-mock/src/test/resources
[INFO] 
[INFO] --- maven-compiler-plugin:3.0:testCompile (default-testCompile) @ adapter-rxjava-mock ---
[INFO] Changes detected - recompiling the module!
[INFO] Compiling 1 source file to /home/travis/build/square/retrofit/retrofit-adapters/rxjava-mock/target/test-classes
[INFO] 
[INFO] --- maven-surefire-plugin:2.12.4:test (default-test) @ adapter-rxjava-mock ---
[INFO] Tests are skipped.
[INFO] 
[INFO] --- animal-sniffer-maven-plugin:1.14:check (default) @ adapter-rxjava-mock ---
[INFO] Checking unresolved references to org.codehaus.mojo.signature:java16:1.1
[INFO] 
[INFO] --- maven-jar-plugin:2.4:jar (default-jar) @ adapter-rxjava-mock ---
[INFO] Building jar: /home/travis/build/square/retrofit/retrofit-adapters/rxjava-mock/target/adapter-rxjava-mock-2.0.0-SNAPSHOT.jar
[INFO] 
[INFO] --- maven-checkstyle-plugin:2.15:checkstyle (default) @ adapter-rxjava-mock ---
[INFO] Starting audit...
Audit done.
[WARNING] Unable to locate Source XRef to link to - DISABLED
[INFO] 
[INFO] --- maven-install-plugin:2.4:install (default-install) @ adapter-rxjava-mock ---
[INFO] Installing /home/travis/build/square/retrofit/retrofit-adapters/rxjava-mock/target/adapter-rxjava-mock-2.0.0-SNAPSHOT.jar to /home/travis/.m2/repository/com/squareup/retrofit/adapter-rxjava-mock/2.0.0-SNAPSHOT/adapter-rxjava-mock-2.0.0-SNAPSHOT.jar
[INFO] Installing /home/travis/build/square/retrofit/retrofit-adapters/rxjava-mock/pom.xml to /home/travis/.m2/repository/com/squareup/retrofit/adapter-rxjava-mock/2.0.0-SNAPSHOT/adapter-rxjava-mock-2.0.0-SNAPSHOT.pom
[INFO]                                                                         
[INFO] ------------------------------------------------------------------------
[INFO] Building Converters 2.0.0-SNAPSHOT
[INFO] ------------------------------------------------------------------------
[INFO] 
[INFO] --- maven-enforcer-plugin:1.0:enforce (enforce-maven) @ retrofit-converters ---
[INFO] 
[INFO] --- animal-sniffer-maven-plugin:1.14:check (default) @ retrofit-converters ---
[INFO] Checking unresolved references to org.codehaus.mojo.signature:java16:1.1
[INFO] 
[INFO] --- maven-checkstyle-plugin:2.15:checkstyle (default) @ retrofit-converters ---
[INFO] 
[INFO] --- maven-install-plugin:2.4:install (default-install) @ retrofit-converters ---
[INFO] Installing /home/travis/build/square/retrofit/retrofit-converters/pom.xml to /home/travis/.m2/repository/com/squareup/retrofit/retrofit-converters/2.0.0-SNAPSHOT/retrofit-converters-2.0.0-SNAPSHOT.pom
[INFO]                                                                         
[INFO] ------------------------------------------------------------------------
[INFO] Building Converter: Gson 2.0.0-SNAPSHOT
[INFO] ------------------------------------------------------------------------
[INFO] 
[INFO] --- maven-enforcer-plugin:1.0:enforce (enforce-maven) @ converter-gson ---
[INFO] 
[INFO] --- maven-resources-plugin:2.6:resources (default-resources) @ converter-gson ---
[INFO] Using 'UTF-8' encoding to copy filtered resources.
[INFO] skip non existing resourceDirectory /home/travis/build/square/retrofit/retrofit-converters/gson/src/main/resources
[INFO] 
[INFO] --- maven-compiler-plugin:3.0:compile (default-compile) @ converter-gson ---
[INFO] Changes detected - recompiling the module!
[INFO] Compiling 3 source files to /home/travis/build/square/retrofit/retrofit-converters/gson/target/classes
[INFO] 
[INFO] --- maven-resources-plugin:2.6:testResources (default-testResources) @ converter-gson ---
[INFO] Using 'UTF-8' encoding to copy filtered resources.
[INFO] skip non existing resourceDirectory /home/travis/build/square/retrofit/retrofit-converters/gson/src/test/resources
[INFO] 
[INFO] --- maven-compiler-plugin:3.0:testCompile (default-testCompile) @ converter-gson ---
[INFO] Changes detected - recompiling the module!
[INFO] Compiling 1 source file to /home/travis/build/square/retrofit/retrofit-converters/gson/target/test-classes
[INFO] 
[INFO] --- maven-surefire-plugin:2.12.4:test (default-test) @ converter-gson ---
[INFO] Tests are skipped.
[INFO] 
[INFO] --- animal-sniffer-maven-plugin:1.14:check (default) @ converter-gson ---
[INFO] Checking unresolved references to org.codehaus.mojo.signature:java16:1.1
[INFO] 
[INFO] --- maven-jar-plugin:2.4:jar (default-jar) @ converter-gson ---
[INFO] Building jar: /home/travis/build/square/retrofit/retrofit-converters/gson/target/converter-gson-2.0.0-SNAPSHOT.jar
[INFO] 
[INFO] --- maven-checkstyle-plugin:2.15:checkstyle (default) @ converter-gson ---
[INFO] Starting audit...
Audit done.
[WARNING] Unable to locate Source XRef to link to - DISABLED
[INFO] 
[INFO] --- maven-install-plugin:2.4:install (default-install) @ converter-gson ---
[INFO] Installing /home/travis/build/square/retrofit/retrofit-converters/gson/target/converter-gson-2.0.0-SNAPSHOT.jar to /home/travis/.m2/repository/com/squareup/retrofit/converter-gson/2.0.0-SNAPSHOT/converter-gson-2.0.0-SNAPSHOT.jar
[INFO] Installing /home/travis/build/square/retrofit/retrofit-converters/gson/pom.xml to /home/travis/.m2/repository/com/squareup/retrofit/converter-gson/2.0.0-SNAPSHOT/converter-gson-2.0.0-SNAPSHOT.pom
[INFO]                                                                         
[INFO] ------------------------------------------------------------------------
[INFO] Building Converter: Protocol Buffers 2.0.0-SNAPSHOT
[INFO] ------------------------------------------------------------------------
[INFO] 
[INFO] --- maven-enforcer-plugin:1.0:enforce (enforce-maven) @ converter-protobuf ---
[INFO] 
[INFO] --- maven-resources-plugin:2.6:resources (default-resources) @ converter-protobuf ---
[INFO] Using 'UTF-8' encoding to copy filtered resources.
[INFO] skip non existing resourceDirectory /home/travis/build/square/retrofit/retrofit-converters/protobuf/src/main/resources
[INFO] 
[INFO] --- maven-compiler-plugin:3.0:compile (default-compile) @ converter-protobuf ---
[INFO] Changes detected - recompiling the module!
[INFO] Compiling 3 source files to /home/travis/build/square/retrofit/retrofit-converters/protobuf/target/classes
[WARNING] /home/travis/build/square/retrofit/retrofit-converters/protobuf/src/main/java/retrofit/ProtoConverterFactory.java: /home/travis/build/square/retrofit/retrofit-converters/protobuf/src/main/java/retrofit/ProtoConverterFactory.java uses unchecked or unsafe operations.
[WARNING] /home/travis/build/square/retrofit/retrofit-converters/protobuf/src/main/java/retrofit/ProtoConverterFactory.java: Recompile with -Xlint:unchecked for details.
[INFO] 
[INFO] --- maven-resources-plugin:2.6:testResources (default-testResources) @ converter-protobuf ---
[INFO] Using 'UTF-8' encoding to copy filtered resources.
[INFO] skip non existing resourceDirectory /home/travis/build/square/retrofit/retrofit-converters/protobuf/src/test/resources
[INFO] 
[INFO] --- maven-compiler-plugin:3.0:testCompile (default-testCompile) @ converter-protobuf ---
[INFO] Changes detected - recompiling the module!
[INFO] Compiling 2 source files to /home/travis/build/square/retrofit/retrofit-converters/protobuf/target/test-classes
[INFO] 
[INFO] --- maven-surefire-plugin:2.12.4:test (default-test) @ converter-protobuf ---
[INFO] Tests are skipped.
[INFO] 
[INFO] --- animal-sniffer-maven-plugin:1.14:check (default) @ converter-protobuf ---
[INFO] Checking unresolved references to org.codehaus.mojo.signature:java16:1.1
[INFO] 
[INFO] --- maven-jar-plugin:2.4:jar (default-jar) @ converter-protobuf ---
[INFO] Building jar: /home/travis/build/square/retrofit/retrofit-converters/protobuf/target/converter-protobuf-2.0.0-SNAPSHOT.jar
[INFO] 
[INFO] --- maven-checkstyle-plugin:2.15:checkstyle (default) @ converter-protobuf ---
[INFO] Starting audit...
Audit done.
[WARNING] Unable to locate Source XRef to link to - DISABLED
[INFO] 
[INFO] --- maven-install-plugin:2.4:install (default-install) @ converter-protobuf ---
[INFO] Installing /home/travis/build/square/retrofit/retrofit-converters/protobuf/target/converter-protobuf-2.0.0-SNAPSHOT.jar to /home/travis/.m2/repository/com/squareup/retrofit/converter-protobuf/2.0.0-SNAPSHOT/converter-protobuf-2.0.0-SNAPSHOT.jar
[INFO] Installing /home/travis/build/square/retrofit/retrofit-converters/protobuf/pom.xml to /home/travis/.m2/repository/com/squareup/retrofit/converter-protobuf/2.0.0-SNAPSHOT/converter-protobuf-2.0.0-SNAPSHOT.pom
[INFO]                                                                         
[INFO] ------------------------------------------------------------------------
[INFO] Building Converter: Jackson 2.0.0-SNAPSHOT
[INFO] ------------------------------------------------------------------------
[INFO] 
[INFO] --- maven-enforcer-plugin:1.0:enforce (enforce-maven) @ converter-jackson ---
[INFO] 
[INFO] --- maven-resources-plugin:2.6:resources (default-resources) @ converter-jackson ---
[INFO] Using 'UTF-8' encoding to copy filtered resources.
[INFO] skip non existing resourceDirectory /home/travis/build/square/retrofit/retrofit-converters/jackson/src/main/resources
[INFO] 
[INFO] --- maven-compiler-plugin:3.0:compile (default-compile) @ converter-jackson ---
[INFO] Changes detected - recompiling the module!
[INFO] Compiling 3 source files to /home/travis/build/square/retrofit/retrofit-converters/jackson/target/classes
[INFO] 
[INFO] --- maven-resources-plugin:2.6:testResources (default-testResources) @ converter-jackson ---
[INFO] Using 'UTF-8' encoding to copy filtered resources.
[INFO] skip non existing resourceDirectory /home/travis/build/square/retrofit/retrofit-converters/jackson/src/test/resources
[INFO] 
[INFO] --- maven-compiler-plugin:3.0:testCompile (default-testCompile) @ converter-jackson ---
[INFO] Changes detected - recompiling the module!
[INFO] Compiling 1 source file to /home/travis/build/square/retrofit/retrofit-converters/jackson/target/test-classes
[INFO] 
[INFO] --- maven-surefire-plugin:2.12.4:test (default-test) @ converter-jackson ---
[INFO] Tests are skipped.
[INFO] 
[INFO] --- animal-sniffer-maven-plugin:1.14:check (default) @ converter-jackson ---
[INFO] Checking unresolved references to org.codehaus.mojo.signature:java16:1.1
[INFO] 
[INFO] --- maven-jar-plugin:2.4:jar (default-jar) @ converter-jackson ---
[INFO] Building jar: /home/travis/build/square/retrofit/retrofit-converters/jackson/target/converter-jackson-2.0.0-SNAPSHOT.jar
[INFO] 
[INFO] --- maven-checkstyle-plugin:2.15:checkstyle (default) @ converter-jackson ---
[INFO] Starting audit...
Audit done.
[WARNING] Unable to locate Source XRef to link to - DISABLED
[INFO] 
[INFO] --- maven-install-plugin:2.4:install (default-install) @ converter-jackson ---
[INFO] Installing /home/travis/build/square/retrofit/retrofit-converters/jackson/target/converter-jackson-2.0.0-SNAPSHOT.jar to /home/travis/.m2/repository/com/squareup/retrofit/converter-jackson/2.0.0-SNAPSHOT/converter-jackson-2.0.0-SNAPSHOT.jar
[INFO] Installing /home/travis/build/square/retrofit/retrofit-converters/jackson/pom.xml to /home/travis/.m2/repository/com/squareup/retrofit/converter-jackson/2.0.0-SNAPSHOT/converter-jackson-2.0.0-SNAPSHOT.pom
[INFO]                                                                         
[INFO] ------------------------------------------------------------------------
[INFO] Building Converter: Wire Protocol Buffers 2.0.0-SNAPSHOT
[INFO] ------------------------------------------------------------------------
[INFO] 
[INFO] --- maven-enforcer-plugin:1.0:enforce (enforce-maven) @ converter-wire ---
[INFO] 
[INFO] --- maven-resources-plugin:2.6:resources (default-resources) @ converter-wire ---
[INFO] Using 'UTF-8' encoding to copy filtered resources.
[INFO] skip non existing resourceDirectory /home/travis/build/square/retrofit/retrofit-converters/wire/src/main/resources
[INFO] 
[INFO] --- maven-compiler-plugin:3.0:compile (default-compile) @ converter-wire ---
[INFO] Changes detected - recompiling the module!
[INFO] Compiling 3 source files to /home/travis/build/square/retrofit/retrofit-converters/wire/target/classes
[WARNING] /home/travis/build/square/retrofit/retrofit-converters/wire/src/main/java/retrofit/WireConverterFactory.java: /home/travis/build/square/retrofit/retrofit-converters/wire/src/main/java/retrofit/WireConverterFactory.java uses unchecked or unsafe operations.
[WARNING] /home/travis/build/square/retrofit/retrofit-converters/wire/src/main/java/retrofit/WireConverterFactory.java: Recompile with -Xlint:unchecked for details.
[INFO] 
[INFO] --- maven-resources-plugin:2.6:testResources (default-testResources) @ converter-wire ---
[INFO] Using 'UTF-8' encoding to copy filtered resources.
[INFO] skip non existing resourceDirectory /home/travis/build/square/retrofit/retrofit-converters/wire/src/test/resources
[INFO] 
[INFO] --- maven-compiler-plugin:3.0:testCompile (default-testCompile) @ converter-wire ---
[INFO] Changes detected - recompiling the module!
[INFO] Compiling 2 source files to /home/travis/build/square/retrofit/retrofit-converters/wire/target/test-classes
[INFO] 
[INFO] --- maven-surefire-plugin:2.12.4:test (default-test) @ converter-wire ---
[INFO] Tests are skipped.
[INFO] 
[INFO] --- animal-sniffer-maven-plugin:1.14:check (default) @ converter-wire ---
[INFO] Checking unresolved references to org.codehaus.mojo.signature:java16:1.1
[INFO] 
[INFO] --- maven-jar-plugin:2.4:jar (default-jar) @ converter-wire ---
[INFO] Building jar: /home/travis/build/square/retrofit/retrofit-converters/wire/target/converter-wire-2.0.0-SNAPSHOT.jar
[INFO] 
[INFO] --- maven-checkstyle-plugin:2.15:checkstyle (default) @ converter-wire ---
[INFO] Starting audit...
Audit done.
[WARNING] Unable to locate Source XRef to link to - DISABLED
[INFO] 
[INFO] --- maven-install-plugin:2.4:install (default-install) @ converter-wire ---
[INFO] Installing /home/travis/build/square/retrofit/retrofit-converters/wire/target/converter-wire-2.0.0-SNAPSHOT.jar to /home/travis/.m2/repository/com/squareup/retrofit/converter-wire/2.0.0-SNAPSHOT/converter-wire-2.0.0-SNAPSHOT.jar
[INFO] Installing /home/travis/build/square/retrofit/retrofit-converters/wire/pom.xml to /home/travis/.m2/repository/com/squareup/retrofit/converter-wire/2.0.0-SNAPSHOT/converter-wire-2.0.0-SNAPSHOT.pom
[INFO]                                                                         
[INFO] ------------------------------------------------------------------------
[INFO] Building Converter: SimpleXML 2.0.0-SNAPSHOT
[INFO] ------------------------------------------------------------------------
[INFO] 
[INFO] --- maven-enforcer-plugin:1.0:enforce (enforce-maven) @ converter-simplexml ---
[INFO] 
[INFO] --- maven-resources-plugin:2.6:resources (default-resources) @ converter-simplexml ---
[INFO] Using 'UTF-8' encoding to copy filtered resources.
[INFO] skip non existing resourceDirectory /home/travis/build/square/retrofit/retrofit-converters/simplexml/src/main/resources
[INFO] 
[INFO] --- maven-compiler-plugin:3.0:compile (default-compile) @ converter-simplexml ---
[INFO] Changes detected - recompiling the module!
[INFO] Compiling 3 source files to /home/travis/build/square/retrofit/retrofit-converters/simplexml/target/classes
[INFO] 
[INFO] --- maven-resources-plugin:2.6:testResources (default-testResources) @ converter-simplexml ---
[INFO] Using 'UTF-8' encoding to copy filtered resources.
[INFO] skip non existing resourceDirectory /home/travis/build/square/retrofit/retrofit-converters/simplexml/src/test/resources
[INFO] 
[INFO] --- maven-compiler-plugin:3.0:testCompile (default-testCompile) @ converter-simplexml ---
[INFO] Changes detected - recompiling the module!
[INFO] Compiling 2 source files to /home/travis/build/square/retrofit/retrofit-converters/simplexml/target/test-classes
[INFO] 
[INFO] --- maven-surefire-plugin:2.12.4:test (default-test) @ converter-simplexml ---
[INFO] Tests are skipped.
[INFO] 
[INFO] --- animal-sniffer-maven-plugin:1.14:check (default) @ converter-simplexml ---
[INFO] Checking unresolved references to org.codehaus.mojo.signature:java16:1.1
[INFO] 
[INFO] --- maven-jar-plugin:2.4:jar (default-jar) @ converter-simplexml ---
[INFO] Building jar: /home/travis/build/square/retrofit/retrofit-converters/simplexml/target/converter-simplexml-2.0.0-SNAPSHOT.jar
[INFO] 
[INFO] --- maven-checkstyle-plugin:2.15:checkstyle (default) @ converter-simplexml ---
[INFO] Starting audit...
Audit done.
[WARNING] Unable to locate Source XRef to link to - DISABLED
[INFO] 
[INFO] --- maven-install-plugin:2.4:install (default-install) @ converter-simplexml ---
[INFO] Installing /home/travis/build/square/retrofit/retrofit-converters/simplexml/target/converter-simplexml-2.0.0-SNAPSHOT.jar to /home/travis/.m2/repository/com/squareup/retrofit/converter-simplexml/2.0.0-SNAPSHOT/converter-simplexml-2.0.0-SNAPSHOT.jar
[INFO] Installing /home/travis/build/square/retrofit/retrofit-converters/simplexml/pom.xml to /home/travis/.m2/repository/com/squareup/retrofit/converter-simplexml/2.0.0-SNAPSHOT/converter-simplexml-2.0.0-SNAPSHOT.pom
[INFO]                                                                         
[INFO] ------------------------------------------------------------------------
[INFO] Building Converter: Moshi 2.0.0-SNAPSHOT
[INFO] ------------------------------------------------------------------------
[INFO] 
[INFO] --- maven-enforcer-plugin:1.0:enforce (enforce-maven) @ converter-moshi ---
[INFO] 
[INFO] --- maven-resources-plugin:2.6:resources (default-resources) @ converter-moshi ---
[INFO] Using 'UTF-8' encoding to copy filtered resources.
[INFO] skip non existing resourceDirectory /home/travis/build/square/retrofit/retrofit-converters/moshi/src/main/resources
[INFO] 
[INFO] --- maven-compiler-plugin:3.0:compile (default-compile) @ converter-moshi ---
[INFO] Changes detected - recompiling the module!
[INFO] Compiling 3 source files to /home/travis/build/square/retrofit/retrofit-converters/moshi/target/classes
[INFO] 
[INFO] --- maven-resources-plugin:2.6:testResources (default-testResources) @ converter-moshi ---
[INFO] Using 'UTF-8' encoding to copy filtered resources.
[INFO] skip non existing resourceDirectory /home/travis/build/square/retrofit/retrofit-converters/moshi/src/test/resources
[INFO] 
[INFO] --- maven-compiler-plugin:3.0:testCompile (default-testCompile) @ converter-moshi ---
[INFO] Changes detected - recompiling the module!
[INFO] Compiling 1 source file to /home/travis/build/square/retrofit/retrofit-converters/moshi/target/test-classes
[INFO] 
[INFO] --- maven-surefire-plugin:2.12.4:test (default-test) @ converter-moshi ---
[INFO] Tests are skipped.
[INFO] 
[INFO] --- animal-sniffer-maven-plugin:1.14:check (default) @ converter-moshi ---
[INFO] Checking unresolved references to org.codehaus.mojo.signature:java16:1.1
[INFO] 
[INFO] --- maven-jar-plugin:2.4:jar (default-jar) @ converter-moshi ---
[INFO] Building jar: /home/travis/build/square/retrofit/retrofit-converters/moshi/target/converter-moshi-2.0.0-SNAPSHOT.jar
[INFO] 
[INFO] --- maven-checkstyle-plugin:2.15:checkstyle (default) @ converter-moshi ---
[INFO] Starting audit...
Audit done.
[WARNING] Unable to locate Source XRef to link to - DISABLED
[INFO] 
[INFO] --- maven-install-plugin:2.4:install (default-install) @ converter-moshi ---
[INFO] Installing /home/travis/build/square/retrofit/retrofit-converters/moshi/target/converter-moshi-2.0.0-SNAPSHOT.jar to /home/travis/.m2/repository/com/squareup/retrofit/converter-moshi/2.0.0-SNAPSHOT/converter-moshi-2.0.0-SNAPSHOT.jar
[INFO] Installing /home/travis/build/square/retrofit/retrofit-converters/moshi/pom.xml to /home/travis/.m2/repository/com/squareup/retrofit/converter-moshi/2.0.0-SNAPSHOT/converter-moshi-2.0.0-SNAPSHOT.pom
[INFO]                                                                         
[INFO] ------------------------------------------------------------------------
[INFO] Building Samples 2.0.0-SNAPSHOT
[INFO] ------------------------------------------------------------------------
[INFO] 
[INFO] --- maven-enforcer-plugin:1.0:enforce (enforce-maven) @ samples ---
[INFO] 
[INFO] --- maven-resources-plugin:2.6:resources (default-resources) @ samples ---
[INFO] Using 'UTF-8' encoding to copy filtered resources.
[INFO] skip non existing resourceDirectory /home/travis/build/square/retrofit/samples/src/main/resources
[INFO] 
[INFO] --- maven-compiler-plugin:3.0:compile (default-compile) @ samples ---
[INFO] Changes detected - recompiling the module!
[INFO] Compiling 5 source files to /home/travis/build/square/retrofit/samples/target/classes
[INFO] 
[INFO] --- maven-resources-plugin:2.6:testResources (default-testResources) @ samples ---
[INFO] Using 'UTF-8' encoding to copy filtered resources.
[INFO] skip non existing resourceDirectory /home/travis/build/square/retrofit/samples/src/test/resources
[INFO] 
[INFO] --- maven-compiler-plugin:3.0:testCompile (default-testCompile) @ samples ---
[INFO] No sources to compile
[INFO] 
[INFO] --- maven-surefire-plugin:2.12.4:test (default-test) @ samples ---
[INFO] Tests are skipped.
[INFO] 
[INFO] --- animal-sniffer-maven-plugin:1.14:check (default) @ samples ---
[INFO] Checking unresolved references to org.codehaus.mojo.signature:java16:1.1
[INFO] 
[INFO] --- maven-jar-plugin:2.4:jar (default-jar) @ samples ---
[INFO] Building jar: /home/travis/build/square/retrofit/samples/target/samples-2.0.0-SNAPSHOT.jar
[INFO] 
[INFO] --- maven-checkstyle-plugin:2.15:checkstyle (default) @ samples ---
[INFO] Starting audit...
Audit done.
[WARNING] Unable to locate Source XRef to link to - DISABLED
[INFO] 
[INFO] --- maven-install-plugin:2.4:install (default-install) @ samples ---
[INFO] Installing /home/travis/build/square/retrofit/samples/target/samples-2.0.0-SNAPSHOT.jar to /home/travis/.m2/repository/com/squareup/retrofit/samples/2.0.0-SNAPSHOT/samples-2.0.0-SNAPSHOT.jar
[INFO] Installing /home/travis/build/square/retrofit/samples/pom.xml to /home/travis/.m2/repository/com/squareup/retrofit/samples/2.0.0-SNAPSHOT/samples-2.0.0-SNAPSHOT.pom
[INFO] ------------------------------------------------------------------------
[INFO] Reactor Summary:
[INFO] 
[INFO] Retrofit (Parent) .................................. SUCCESS [  3.143 s]
[INFO] Retrofit ........................................... SUCCESS [ 24.733 s]
[INFO] Adapters ........................................... SUCCESS [  0.716 s]
[INFO] Adapter: RxJava .................................... SUCCESS [  1.968 s]
[INFO] Retrofit Mock Adapter .............................. SUCCESS [  1.576 s]
[INFO] Adapter: RxJava Mock ............................... SUCCESS [  0.816 s]
[INFO] Converters ......................................... SUCCESS [  0.166 s]
[INFO] Converter: Gson .................................... SUCCESS [  1.215 s]
[INFO] Converter: Protocol Buffers ........................ SUCCESS [  1.454 s]
[INFO] Converter: Jackson ................................. SUCCESS [  0.707 s]
[INFO] Converter: Wire Protocol Buffers ................... SUCCESS [  0.774 s]
[INFO] Converter: SimpleXML ............................... SUCCESS [  1.992 s]
[INFO] Converter: Moshi ................................... SUCCESS [  0.568 s]
[INFO] Samples ............................................ SUCCESS [  3.088 s]
[INFO] ------------------------------------------------------------------------
[INFO] BUILD SUCCESS
[INFO] ------------------------------------------------------------------------
[INFO] Total time: 43.321 s
[INFO] Finished at: 2015-11-15T18:51:08+00:00
[INFO] Final Memory: 39M/454M
[INFO] ------------------------------------------------------------------------
travis_time:end:1029c84c:start=1447613423029220749,finish=1447613468641394859,duration=45612174110[0Ktravis_fold:end:install[0Ktravis_time:start:047ce7b8[0K$ mvn test -B
Java HotSpot(TM) 64-Bit Server VM warning: ignoring option MaxPermSize=192m; support was removed in 8.0
[INFO] Scanning for projects...
[WARNING] 
[WARNING] Some problems were encountered while building the effective model for com.squareup.retrofit:samples:jar:2.0.0-SNAPSHOT
[WARNING] 'build.plugins.plugin.version' for org.apache.maven.plugins:maven-deploy-plugin is missing. @ com.squareup.retrofit:samples:[unknown-version], /home/travis/build/square/retrofit/samples/pom.xml, line 45, column 15
[WARNING] 
[WARNING] It is highly recommended to fix these problems because they threaten the stability of your build.
[WARNING] 
[WARNING] For this reason, future Maven versions might no longer support building such malformed projects.
[WARNING] 
[INFO] ------------------------------------------------------------------------
[INFO] Reactor Build Order:
[INFO] 
[INFO] Retrofit (Parent)
[INFO] Retrofit
[INFO] Adapters
[INFO] Adapter: RxJava
[INFO] Retrofit Mock Adapter
[INFO] Adapter: RxJava Mock
[INFO] Converters
[INFO] Converter: Gson
[INFO] Converter: Protocol Buffers
[INFO] Converter: Jackson
[INFO] Converter: Wire Protocol Buffers
[INFO] Converter: SimpleXML
[INFO] Converter: Moshi
[INFO] Samples
[INFO]                                                                         
[INFO] ------------------------------------------------------------------------
[INFO] Building Retrofit (Parent) 2.0.0-SNAPSHOT
[INFO] ------------------------------------------------------------------------
[INFO] 
[INFO] --- maven-enforcer-plugin:1.0:enforce (enforce-maven) @ parent ---
[INFO] 
[INFO] --- animal-sniffer-maven-plugin:1.14:check (default) @ parent ---
[INFO] Checking unresolved references to org.codehaus.mojo.signature:java16:1.1
[INFO]                                                                         
[INFO] ------------------------------------------------------------------------
[INFO] Building Retrofit 2.0.0-SNAPSHOT
[INFO] ------------------------------------------------------------------------
[INFO] 
[INFO] --- maven-enforcer-plugin:1.0:enforce (enforce-maven) @ retrofit ---
[INFO] 
[INFO] --- maven-resources-plugin:2.6:resources (default-resources) @ retrofit ---
[INFO] Using 'UTF-8' encoding to copy filtered resources.
[INFO] skip non existing resourceDirectory /home/travis/build/square/retrofit/retrofit/src/main/resources
[INFO] 
[INFO] --- maven-compiler-plugin:3.0:compile (default-compile) @ retrofit ---
[INFO] Changes detected - recompiling the module!
[INFO] Compiling 41 source files to /home/travis/build/square/retrofit/retrofit/target/classes
[WARNING] /home/travis/build/square/retrofit/retrofit/src/main/java/retrofit/Retrofit.java: Some input files use unchecked or unsafe operations.
[WARNING] /home/travis/build/square/retrofit/retrofit/src/main/java/retrofit/Retrofit.java: Recompile with -Xlint:unchecked for details.
[INFO] 
[INFO] --- maven-resources-plugin:2.6:testResources (default-testResources) @ retrofit ---
[INFO] Using 'UTF-8' encoding to copy filtered resources.
[INFO] skip non existing resourceDirectory /home/travis/build/square/retrofit/retrofit/src/test/resources
[INFO] 
[INFO] --- maven-compiler-plugin:3.0:testCompile (default-testCompile) @ retrofit ---
[INFO] Changes detected - recompiling the module!
[INFO] Compiling 8 source files to /home/travis/build/square/retrofit/retrofit/target/test-classes
[WARNING] /home/travis/build/square/retrofit/retrofit/src/test/java/retrofit/RetrofitTest.java: /home/travis/build/square/retrofit/retrofit/src/test/java/retrofit/RetrofitTest.java uses unchecked or unsafe operations.
[WARNING] /home/travis/build/square/retrofit/retrofit/src/test/java/retrofit/RetrofitTest.java: Recompile with -Xlint:unchecked for details.
[INFO] 
[INFO] --- maven-surefire-plugin:2.12.4:test (default-test) @ retrofit ---
[INFO] Surefire report directory: /home/travis/build/square/retrofit/retrofit/target/surefire-reports

-------------------------------------------------------
 T E S T S
-------------------------------------------------------
Running retrofit.RequestBuilderTest
Tests run: 98, Failures: 0, Errors: 0, Skipped: 2, Time elapsed: 1.427 sec
Running retrofit.ExecutorCallAdapterFactoryTest
Tests run: 8, Failures: 0, Errors: 0, Skipped: 0, Time elapsed: 0.147 sec
Running retrofit.ResponseTest
Tests run: 12, Failures: 0, Errors: 0, Skipped: 0, Time elapsed: 0.008 sec
Running retrofit.CallTest
Nov 15, 2015 6:51:38 PM com.squareup.okhttp.mockwebserver.MockWebServer$3 execute
INFO: MockWebServer[34385] starting to accept connections
Nov 15, 2015 6:51:38 PM com.squareup.okhttp.mockwebserver.MockWebServer$3 acceptConnections
INFO: MockWebServer[34385] done accepting connections: Socket is closed
Nov 15, 2015 6:51:38 PM com.squareup.okhttp.mockwebserver.MockWebServer$3 execute
INFO: MockWebServer[50498] starting to accept connections
Nov 15, 2015 6:51:38 PM com.squareup.okhttp.mockwebserver.MockWebServer$3 acceptConnections
INFO: MockWebServer[50498] done accepting connections: Socket closed
Nov 15, 2015 6:51:38 PM com.squareup.okhttp.mockwebserver.MockWebServer$4 processOneRequest
INFO: MockWebServer[50498] received request: GET / HTTP/1.1 and responded: HTTP/1.1 200 OK
Nov 15, 2015 6:51:38 PM com.squareup.okhttp.mockwebserver.MockWebServer$3 execute
INFO: MockWebServer[56849] starting to accept connections
Nov 15, 2015 6:51:38 PM com.squareup.okhttp.mockwebserver.MockWebServer$4 processOneRequest
INFO: MockWebServer[56849] received request: GET / HTTP/1.1 and responded: HTTP/1.1 404 OK
Nov 15, 2015 6:51:38 PM com.squareup.okhttp.mockwebserver.MockWebServer$3 acceptConnections
INFO: MockWebServer[56849] done accepting connections: Socket closed
Nov 15, 2015 6:51:38 PM com.squareup.okhttp.mockwebserver.MockWebServer$3 execute
INFO: MockWebServer[52855] starting to accept connections
Nov 15, 2015 6:51:38 PM com.squareup.okhttp.mockwebserver.MockWebServer$3 acceptConnections
INFO: MockWebServer[52855] done accepting connections: Socket closed
Nov 15, 2015 6:51:38 PM com.squareup.okhttp.mockwebserver.MockWebServer$3 execute
INFO: MockWebServer[56094] starting to accept connections
Nov 15, 2015 6:51:38 PM com.squareup.okhttp.mockwebserver.MockWebServer$3 acceptConnections
INFO: MockWebServer[56094] done accepting connections: Socket closed
Nov 15, 2015 6:51:38 PM com.squareup.okhttp.mockwebserver.MockWebServer$3 execute
INFO: MockWebServer[36626] starting to accept connections
Nov 15, 2015 6:51:38 PM com.squareup.okhttp.mockwebserver.MockWebServer$4 processOneRequest
INFO: MockWebServer[36626] received request: GET / HTTP/1.1 and responded: HTTP/1.1 200 OK
Nov 15, 2015 6:51:38 PM com.squareup.okhttp.mockwebserver.MockWebServer$3 acceptConnections
INFO: MockWebServer[36626] done accepting connections: Socket closed
Nov 15, 2015 6:51:38 PM com.squareup.okhttp.mockwebserver.MockWebServer$3 execute
INFO: MockWebServer[36943] starting to accept connections
Nov 15, 2015 6:51:38 PM com.squareup.okhttp.mockwebserver.MockWebServer$3 acceptConnections
INFO: MockWebServer[36943] done accepting connections: Socket is closed
Nov 15, 2015 6:51:38 PM com.squareup.okhttp.mockwebserver.MockWebServer$3 execute
INFO: MockWebServer[48938] starting to accept connections
Nov 15, 2015 6:51:38 PM com.squareup.okhttp.mockwebserver.MockWebServer$4 processOneRequest
INFO: MockWebServer[48938] received request: GET / HTTP/1.1 and responded: HTTP/1.1 404 OK
Nov 15, 2015 6:51:38 PM com.squareup.okhttp.mockwebserver.MockWebServer$3 acceptConnections
INFO: MockWebServer[48938] done accepting connections: Socket closed
Nov 15, 2015 6:51:38 PM com.squareup.okhttp.mockwebserver.MockWebServer$3 execute
INFO: MockWebServer[42681] starting to accept connections
Nov 15, 2015 6:51:38 PM com.squareup.okhttp.mockwebserver.MockWebServer$4 processOneRequest
INFO: MockWebServer[42681] received request: POST / HTTP/1.1 and responded: HTTP/1.1 200 OK
Nov 15, 2015 6:51:38 PM com.squareup.okhttp.mockwebserver.MockWebServer$3 acceptConnections
INFO: MockWebServer[42681] done accepting connections: Socket closed
Nov 15, 2015 6:51:38 PM com.squareup.okhttp.mockwebserver.MockWebServer$3 execute
INFO: MockWebServer[52046] starting to accept connections
Nov 15, 2015 6:51:38 PM com.squareup.okhttp.mockwebserver.MockWebServer$4 processOneRequest
INFO: MockWebServer[52046] received request: GET / HTTP/1.1 and responded: HTTP/1.1 204 Nothin
Nov 15, 2015 6:51:38 PM com.squareup.okhttp.mockwebserver.MockWebServer$3 acceptConnections
INFO: MockWebServer[52046] done accepting connections: Socket closed
Nov 15, 2015 6:51:38 PM com.squareup.okhttp.mockwebserver.MockWebServer$3 execute
INFO: MockWebServer[49123] starting to accept connections
Nov 15, 2015 6:51:38 PM com.squareup.okhttp.mockwebserver.MockWebServer$4 processOneRequest
INFO: MockWebServer[49123] received request: GET / HTTP/1.1 and responded: HTTP/1.1 200 OK
Nov 15, 2015 6:51:38 PM com.squareup.okhttp.mockwebserver.MockWebServer$3 acceptConnections
INFO: MockWebServer[49123] done accepting connections: Socket closed
Nov 15, 2015 6:51:38 PM com.squareup.okhttp.mockwebserver.MockWebServer$3 execute
INFO: MockWebServer[56616] starting to accept connections
Nov 15, 2015 6:51:38 PM com.squareup.okhttp.mockwebserver.MockWebServer$4 processOneRequest
INFO: MockWebServer[56616] received request: GET / HTTP/1.1 and responded: HTTP/1.1 200 OK
Nov 15, 2015 6:51:38 PM com.squareup.okhttp.mockwebserver.MockWebServer$3 acceptConnections
INFO: MockWebServer[56616] done accepting connections: Socket closed
Nov 15, 2015 6:51:38 PM com.squareup.okhttp.mockwebserver.MockWebServer$3 execute
INFO: MockWebServer[32813] starting to accept connections
Nov 15, 2015 6:51:38 PM com.squareup.okhttp.mockwebserver.MockWebServer$4 processOneRequest
INFO: MockWebServer[32813] received request: POST / HTTP/1.1 and responded: HTTP/1.1 200 OK
Nov 15, 2015 6:51:38 PM com.squareup.okhttp.mockwebserver.MockWebServer$3 acceptConnections
INFO: MockWebServer[32813] done accepting connections: Socket closed
Nov 15, 2015 6:51:38 PM com.squareup.okhttp.mockwebserver.MockWebServer$3 execute
INFO: MockWebServer[35875] starting to accept connections
Nov 15, 2015 6:51:38 PM com.squareup.okhttp.mockwebserver.MockWebServer$3 acceptConnections
INFO: MockWebServer[35875] done accepting connections: Socket is closed
Nov 15, 2015 6:51:38 PM com.squareup.okhttp.mockwebserver.MockWebServer$3 execute
INFO: MockWebServer[54151] starting to accept connections
Nov 15, 2015 6:51:38 PM com.squareup.okhttp.mockwebserver.MockWebServer$4 processOneRequest
INFO: MockWebServer[54151] received request: GET / HTTP/1.1 and responded: HTTP/1.1 200 OK
Nov 15, 2015 6:51:38 PM com.squareup.okhttp.mockwebserver.MockWebServer$3 acceptConnections
INFO: MockWebServer[54151] done accepting connections: Socket closed
Nov 15, 2015 6:51:38 PM com.squareup.okhttp.mockwebserver.MockWebServer$3 execute
INFO: MockWebServer[34464] starting to accept connections
Nov 15, 2015 6:51:38 PM com.squareup.okhttp.mockwebserver.MockWebServer$4 processOneRequest
INFO: MockWebServer[34464] received request: GET / HTTP/1.1 and responded: HTTP/1.1 200 OK
Nov 15, 2015 6:51:38 PM com.squareup.okhttp.mockwebserver.MockWebServer$3 acceptConnections
INFO: MockWebServer[34464] done accepting connections: Socket closed
Nov 15, 2015 6:51:38 PM com.squareup.okhttp.mockwebserver.MockWebServer$3 execute
INFO: MockWebServer[36300] starting to accept connections
Nov 15, 2015 6:51:38 PM com.squareup.okhttp.mockwebserver.MockWebServer$3 acceptConnections
INFO: MockWebServer[36300] done accepting connections: Socket closed
Nov 15, 2015 6:51:38 PM com.squareup.okhttp.mockwebserver.MockWebServer$4 processOneRequest
INFO: MockWebServer[36300] received request: GET / HTTP/1.1 and responded: HTTP/1.1 205 Nothin
Nov 15, 2015 6:51:38 PM com.squareup.okhttp.mockwebserver.MockWebServer$3 execute
INFO: MockWebServer[45745] starting to accept connections
Nov 15, 2015 6:51:38 PM com.squareup.okhttp.mockwebserver.MockWebServer$4 processOneRequest
INFO: MockWebServer[45745] received request: GET / HTTP/1.1 and responded: HTTP/1.1 200 OK
Nov 15, 2015 6:51:38 PM com.squareup.okhttp.mockwebserver.MockWebServer$4 processOneRequest
INFO: MockWebServer[45745] received request: GET / HTTP/1.1 and responded: HTTP/1.1 200 OK
Nov 15, 2015 6:51:38 PM com.squareup.okhttp.mockwebserver.MockWebServer$3 acceptConnections
INFO: MockWebServer[45745] done accepting connections: Socket closed
Nov 15, 2015 6:51:38 PM com.squareup.okhttp.mockwebserver.MockWebServer$3 execute
INFO: MockWebServer[39181] starting to accept connections
Nov 15, 2015 6:51:38 PM com.squareup.okhttp.mockwebserver.MockWebServer$4 processOneRequest
INFO: MockWebServer[39181] received request: GET / HTTP/1.1 and responded: HTTP/1.1 200 OK
Nov 15, 2015 6:51:38 PM com.squareup.okhttp.mockwebserver.MockWebServer$3 acceptConnections
INFO: MockWebServer[39181] done accepting connections: Socket closed
Nov 15, 2015 6:51:38 PM com.squareup.okhttp.mockwebserver.MockWebServer$3 execute
INFO: MockWebServer[32877] starting to accept connections
Nov 15, 2015 6:51:38 PM com.squareup.okhttp.mockwebserver.MockWebServer$3 acceptConnections
INFO: MockWebServer[32877] done accepting connections: Socket is closed
Nov 15, 2015 6:51:38 PM com.squareup.okhttp.mockwebserver.MockWebServer$3 execute
INFO: MockWebServer[43046] starting to accept connections
Nov 15, 2015 6:51:38 PM com.squareup.okhttp.mockwebserver.MockWebServer$3 acceptConnections
INFO: MockWebServer[43046] done accepting connections: Socket is closed
Nov 15, 2015 6:51:38 PM com.squareup.okhttp.mockwebserver.MockWebServer$3 execute
INFO: MockWebServer[33650] starting to accept connections
Nov 15, 2015 6:51:38 PM com.squareup.okhttp.mockwebserver.MockWebServer$4 processOneRequest
INFO: MockWebServer[33650] received request: GET / HTTP/1.1 and responded: HTTP/1.1 200 OK
Nov 15, 2015 6:51:38 PM com.squareup.okhttp.mockwebserver.MockWebServer$3 acceptConnections
INFO: MockWebServer[33650] done accepting connections: Socket closed
Nov 15, 2015 6:51:38 PM com.squareup.okhttp.mockwebserver.MockWebServer$3 execute
INFO: MockWebServer[49899] starting to accept connections
Nov 15, 2015 6:51:38 PM com.squareup.okhttp.mockwebserver.MockWebServer$3 acceptConnections
INFO: MockWebServer[49899] done accepting connections: Socket closed
Nov 15, 2015 6:51:38 PM com.squareup.okhttp.mockwebserver.MockWebServer$4 processOneRequest
INFO: MockWebServer[49899] received request: GET / HTTP/1.1 and responded: HTTP/1.1 200 OK
Tests run: 23, Failures: 0, Errors: 0, Skipped: 0, Time elapsed: 0.46 sec
Running retrofit.RequestFactoryParserTest
Tests run: 1, Failures: 0, Errors: 0, Skipped: 0, Time elapsed: 0.004 sec
Running retrofit.RetrofitTest
Nov 15, 2015 6:51:38 PM com.squareup.okhttp.mockwebserver.MockWebServer$3 execute
INFO: MockWebServer[56083] starting to accept connections
Nov 15, 2015 6:51:38 PM com.squareup.okhttp.mockwebserver.MockWebServer$3 acceptConnections
INFO: MockWebServer[56083] done accepting connections: Socket is closed
Nov 15, 2015 6:51:38 PM com.squareup.okhttp.mockwebserver.MockWebServer$3 execute
INFO: MockWebServer[53335] starting to accept connections
Nov 15, 2015 6:51:38 PM com.squareup.okhttp.mockwebserver.MockWebServer$3 acceptConnections
INFO: MockWebServer[53335] done accepting connections: Socket is closed
Nov 15, 2015 6:51:38 PM com.squareup.okhttp.mockwebserver.MockWebServer$3 execute
INFO: MockWebServer[60993] starting to accept connections
Nov 15, 2015 6:51:38 PM com.squareup.okhttp.mockwebserver.MockWebServer$3 acceptConnections
INFO: MockWebServer[60993] done accepting connections: Socket is closed
Nov 15, 2015 6:51:38 PM com.squareup.okhttp.mockwebserver.MockWebServer$3 execute
INFO: MockWebServer[34589] starting to accept connections
Nov 15, 2015 6:51:38 PM com.squareup.okhttp.mockwebserver.MockWebServer$3 acceptConnections
INFO: MockWebServer[34589] done accepting connections: Socket is closed
Nov 15, 2015 6:51:38 PM com.squareup.okhttp.mockwebserver.MockWebServer$3 execute
INFO: MockWebServer[35936] starting to accept connections
Nov 15, 2015 6:51:38 PM com.squareup.okhttp.mockwebserver.MockWebServer$3 acceptConnections
INFO: MockWebServer[35936] done accepting connections: Socket is closed
Nov 15, 2015 6:51:38 PM com.squareup.okhttp.mockwebserver.MockWebServer$3 execute
INFO: MockWebServer[56354] starting to accept connections
Nov 15, 2015 6:51:38 PM com.squareup.okhttp.mockwebserver.MockWebServer$3 acceptConnections
INFO: MockWebServer[56354] done accepting connections: Socket is closed
Nov 15, 2015 6:51:38 PM com.squareup.okhttp.mockwebserver.MockWebServer$3 execute
INFO: MockWebServer[48684] starting to accept connections
Nov 15, 2015 6:51:38 PM com.squareup.okhttp.mockwebserver.MockWebServer$3 acceptConnections
INFO: MockWebServer[48684] done accepting connections: Socket closed
Nov 15, 2015 6:51:38 PM com.squareup.okhttp.mockwebserver.MockWebServer$3 execute
INFO: MockWebServer[57753] starting to accept connections
Nov 15, 2015 6:51:38 PM com.squareup.okhttp.mockwebserver.MockWebServer$3 acceptConnections
INFO: MockWebServer[57753] done accepting connections: Socket closed
Nov 15, 2015 6:51:38 PM com.squareup.okhttp.mockwebserver.MockWebServer$3 execute
INFO: MockWebServer[58468] starting to accept connections
Nov 15, 2015 6:51:38 PM com.squareup.okhttp.mockwebserver.MockWebServer$3 acceptConnections
INFO: MockWebServer[58468] done accepting connections: Socket closed
Nov 15, 2015 6:51:38 PM com.squareup.okhttp.mockwebserver.MockWebServer$3 execute
INFO: MockWebServer[53622] starting to accept connections
Nov 15, 2015 6:51:38 PM com.squareup.okhttp.mockwebserver.MockWebServer$3 acceptConnections
INFO: MockWebServer[53622] done accepting connections: Socket closed
Nov 15, 2015 6:51:38 PM com.squareup.okhttp.mockwebserver.MockWebServer$3 execute
INFO: MockWebServer[58968] starting to accept connections
Nov 15, 2015 6:51:38 PM com.squareup.okhttp.mockwebserver.MockWebServer$3 acceptConnections
INFO: MockWebServer[58968] done accepting connections: Socket closed
Nov 15, 2015 6:51:38 PM com.squareup.okhttp.mockwebserver.MockWebServer$3 execute
INFO: MockWebServer[59700] starting to accept connections
Nov 15, 2015 6:51:38 PM com.squareup.okhttp.mockwebserver.MockWebServer$3 acceptConnections
INFO: MockWebServer[59700] done accepting connections: Socket closed
Nov 15, 2015 6:51:38 PM com.squareup.okhttp.mockwebserver.MockWebServer$4 processOneRequest
INFO: MockWebServer[59700] received request: GET / HTTP/1.1 and responded: HTTP/1.1 200 OK
Nov 15, 2015 6:51:38 PM com.squareup.okhttp.mockwebserver.MockWebServer$3 execute
INFO: MockWebServer[42055] starting to accept connections
Nov 15, 2015 6:51:38 PM com.squareup.okhttp.mockwebserver.MockWebServer$3 acceptConnections
INFO: MockWebServer[42055] done accepting connections: Socket is closed
Nov 15, 2015 6:51:38 PM com.squareup.okhttp.mockwebserver.MockWebServer$3 execute
INFO: MockWebServer[42997] starting to accept connections
Nov 15, 2015 6:51:38 PM com.squareup.okhttp.mockwebserver.MockWebServer$3 acceptConnections
INFO: MockWebServer[42997] done accepting connections: Socket is closed
Nov 15, 2015 6:51:38 PM com.squareup.okhttp.mockwebserver.MockWebServer$3 execute
INFO: MockWebServer[60594] starting to accept connections
Nov 15, 2015 6:51:38 PM com.squareup.okhttp.mockwebserver.MockWebServer$3 acceptConnections
INFO: MockWebServer[60594] done accepting connections: Socket closed
Nov 15, 2015 6:51:38 PM com.squareup.okhttp.mockwebserver.MockWebServer$4 processOneRequest
INFO: MockWebServer[60594] received request: GET / HTTP/1.1 and responded: HTTP/1.1 200 OK
Nov 15, 2015 6:51:38 PM com.squareup.okhttp.mockwebserver.MockWebServer$3 execute
INFO: MockWebServer[55785] starting to accept connections
Nov 15, 2015 6:51:38 PM com.squareup.okhttp.mockwebserver.MockWebServer$3 acceptConnections
INFO: MockWebServer[55785] done accepting connections: Socket is closed
Nov 15, 2015 6:51:38 PM com.squareup.okhttp.mockwebserver.MockWebServer$3 execute
INFO: MockWebServer[35916] starting to accept connections
Nov 15, 2015 6:51:38 PM com.squareup.okhttp.mockwebserver.MockWebServer$3 acceptConnections
INFO: MockWebServer[35916] done accepting connections: Socket closed
Nov 15, 2015 6:51:38 PM com.squareup.okhttp.mockwebserver.MockWebServer$4 processOneRequest
INFO: MockWebServer[35916] received request: POST / HTTP/1.1 and responded: HTTP/1.1 200 OK
Nov 15, 2015 6:51:38 PM com.squareup.okhttp.mockwebserver.MockWebServer$3 execute
INFO: MockWebServer[35579] starting to accept connections
Nov 15, 2015 6:51:38 PM com.squareup.okhttp.mockwebserver.MockWebServer$3 acceptConnections
INFO: MockWebServer[35579] done accepting connections: Socket is closed
Nov 15, 2015 6:51:38 PM com.squareup.okhttp.mockwebserver.MockWebServer$3 execute
INFO: MockWebServer[44584] starting to accept connections
Nov 15, 2015 6:51:38 PM com.squareup.okhttp.mockwebserver.MockWebServer$3 acceptConnections
INFO: MockWebServer[44584] done accepting connections: Socket is closed
Nov 15, 2015 6:51:38 PM com.squareup.okhttp.mockwebserver.MockWebServer$3 execute
INFO: MockWebServer[54016] starting to accept connections
Nov 15, 2015 6:51:38 PM com.squareup.okhttp.mockwebserver.MockWebServer$3 acceptConnections
INFO: MockWebServer[54016] done accepting connections: Socket is closed
Nov 15, 2015 6:51:38 PM com.squareup.okhttp.mockwebserver.MockWebServer$3 execute
INFO: MockWebServer[60634] starting to accept connections
Nov 15, 2015 6:51:38 PM com.squareup.okhttp.mockwebserver.MockWebServer$3 acceptConnections
INFO: MockWebServer[60634] done accepting connections: Socket is closed
Nov 15, 2015 6:51:38 PM com.squareup.okhttp.mockwebserver.MockWebServer$3 execute
INFO: MockWebServer[36520] starting to accept connections
Nov 15, 2015 6:51:38 PM com.squareup.okhttp.mockwebserver.MockWebServer$3 acceptConnections
INFO: MockWebServer[36520] done accepting connections: Socket is closed
Nov 15, 2015 6:51:38 PM com.squareup.okhttp.mockwebserver.MockWebServer$3 execute
INFO: MockWebServer[38707] starting to accept connections
Nov 15, 2015 6:51:38 PM com.squareup.okhttp.mockwebserver.MockWebServer$4 processOneRequest
INFO: MockWebServer[38707] received request: GET / HTTP/1.1 and responded: HTTP/1.1 200 OK
Nov 15, 2015 6:51:38 PM com.squareup.okhttp.mockwebserver.MockWebServer$3 acceptConnections
INFO: MockWebServer[38707] done accepting connections: Socket closed
Nov 15, 2015 6:51:38 PM com.squareup.okhttp.mockwebserver.MockWebServer$3 execute
INFO: MockWebServer[54650] starting to accept connections
Nov 15, 2015 6:51:38 PM com.squareup.okhttp.mockwebserver.MockWebServer$3 acceptConnections
INFO: MockWebServer[54650] done accepting connections: Socket closed
Nov 15, 2015 6:51:38 PM com.squareup.okhttp.mockwebserver.MockWebServer$3 execute
INFO: MockWebServer[40685] starting to accept connections
Nov 15, 2015 6:51:38 PM com.squareup.okhttp.mockwebserver.MockWebServer$3 acceptConnections
INFO: MockWebServer[40685] done accepting connections: Socket is closed
Nov 15, 2015 6:51:38 PM com.squareup.okhttp.mockwebserver.MockWebServer$3 execute
INFO: MockWebServer[37006] starting to accept connections
Nov 15, 2015 6:51:38 PM com.squareup.okhttp.mockwebserver.MockWebServer$3 acceptConnections
INFO: MockWebServer[37006] done accepting connections: Socket is closed
Nov 15, 2015 6:51:38 PM com.squareup.okhttp.mockwebserver.MockWebServer$3 execute
INFO: MockWebServer[40268] starting to accept connections
Nov 15, 2015 6:51:38 PM com.squareup.okhttp.mockwebserver.MockWebServer$3 acceptConnections
INFO: MockWebServer[40268] done accepting connections: Socket is closed
Nov 15, 2015 6:51:38 PM com.squareup.okhttp.mockwebserver.MockWebServer$3 execute
INFO: MockWebServer[44269] starting to accept connections
Nov 15, 2015 6:51:38 PM com.squareup.okhttp.mockwebserver.MockWebServer$3 acceptConnections
INFO: MockWebServer[44269] done accepting connections: Socket is closed
Nov 15, 2015 6:51:38 PM com.squareup.okhttp.mockwebserver.MockWebServer$3 execute
INFO: MockWebServer[33213] starting to accept connections
Nov 15, 2015 6:51:38 PM com.squareup.okhttp.mockwebserver.MockWebServer$3 acceptConnections
INFO: MockWebServer[33213] done accepting connections: Socket is closed
Nov 15, 2015 6:51:38 PM com.squareup.okhttp.mockwebserver.MockWebServer$3 execute
INFO: MockWebServer[49139] starting to accept connections
Nov 15, 2015 6:51:38 PM com.squareup.okhttp.mockwebserver.MockWebServer$3 acceptConnections
INFO: MockWebServer[49139] done accepting connections: Socket closed
Nov 15, 2015 6:51:38 PM com.squareup.okhttp.mockwebserver.MockWebServer$3 execute
INFO: MockWebServer[42247] starting to accept connections
Nov 15, 2015 6:51:38 PM com.squareup.okhttp.mockwebserver.MockWebServer$3 acceptConnections
INFO: MockWebServer[42247] done accepting connections: Socket is closed
Nov 15, 2015 6:51:38 PM com.squareup.okhttp.mockwebserver.MockWebServer$3 execute
INFO: MockWebServer[36752] starting to accept connections
Nov 15, 2015 6:51:38 PM com.squareup.okhttp.mockwebserver.MockWebServer$3 acceptConnections
INFO: MockWebServer[36752] done accepting connections: Socket closed
Nov 15, 2015 6:51:38 PM com.squareup.okhttp.mockwebserver.MockWebServer$3 execute
INFO: MockWebServer[55530] starting to accept connections
Nov 15, 2015 6:51:38 PM com.squareup.okhttp.mockwebserver.MockWebServer$3 acceptConnections
INFO: MockWebServer[55530] done accepting connections: Socket closed
Nov 15, 2015 6:51:38 PM com.squareup.okhttp.mockwebserver.MockWebServer$3 execute
INFO: MockWebServer[58248] starting to accept connections
Nov 15, 2015 6:51:38 PM com.squareup.okhttp.mockwebserver.MockWebServer$3 acceptConnections
INFO: MockWebServer[58248] done accepting connections: Socket is closed
Nov 15, 2015 6:51:38 PM com.squareup.okhttp.mockwebserver.MockWebServer$3 execute
INFO: MockWebServer[33369] starting to accept connections
Nov 15, 2015 6:51:38 PM com.squareup.okhttp.mockwebserver.MockWebServer$3 acceptConnections
INFO: MockWebServer[33369] done accepting connections: Socket is closed
Nov 15, 2015 6:51:38 PM com.squareup.okhttp.mockwebserver.MockWebServer$3 execute
INFO: MockWebServer[59619] starting to accept connections
Nov 15, 2015 6:51:38 PM com.squareup.okhttp.mockwebserver.MockWebServer$3 acceptConnections
INFO: MockWebServer[59619] done accepting connections: Socket is closed
Nov 15, 2015 6:51:38 PM com.squareup.okhttp.mockwebserver.MockWebServer$3 execute
INFO: MockWebServer[39490] starting to accept connections
Nov 15, 2015 6:51:38 PM com.squareup.okhttp.mockwebserver.MockWebServer$3 acceptConnections
INFO: MockWebServer[39490] done accepting connections: Socket is closed
Nov 15, 2015 6:51:38 PM com.squareup.okhttp.mockwebserver.MockWebServer$3 execute
INFO: MockWebServer[41280] starting to accept connections
Nov 15, 2015 6:51:38 PM com.squareup.okhttp.mockwebserver.MockWebServer$3 acceptConnections
INFO: MockWebServer[41280] done accepting connections: Socket is closed
Nov 15, 2015 6:51:38 PM com.squareup.okhttp.mockwebserver.MockWebServer$3 execute
INFO: MockWebServer[59792] starting to accept connections
Nov 15, 2015 6:51:38 PM com.squareup.okhttp.mockwebserver.MockWebServer$3 acceptConnections
INFO: MockWebServer[59792] done accepting connections: Socket closed
Nov 15, 2015 6:51:38 PM com.squareup.okhttp.mockwebserver.MockWebServer$3 execute
INFO: MockWebServer[32870] starting to accept connections
Nov 15, 2015 6:51:38 PM com.squareup.okhttp.mockwebserver.MockWebServer$3 acceptConnections
INFO: MockWebServer[32870] done accepting connections: Socket is closed
Nov 15, 2015 6:51:38 PM com.squareup.okhttp.mockwebserver.MockWebServer$3 execute
INFO: MockWebServer[46784] starting to accept connections
Nov 15, 2015 6:51:38 PM com.squareup.okhttp.mockwebserver.MockWebServer$3 acceptConnections
INFO: MockWebServer[46784] done accepting connections: Socket closed
Nov 15, 2015 6:51:38 PM com.squareup.okhttp.mockwebserver.MockWebServer$3 execute
INFO: MockWebServer[34182] starting to accept connections
Nov 15, 2015 6:51:38 PM com.squareup.okhttp.mockwebserver.MockWebServer$3 acceptConnections
INFO: MockWebServer[34182] done accepting connections: Socket is closed
Nov 15, 2015 6:51:38 PM com.squareup.okhttp.mockwebserver.MockWebServer$3 execute
INFO: MockWebServer[48779] starting to accept connections
Nov 15, 2015 6:51:38 PM com.squareup.okhttp.mockwebserver.MockWebServer$3 acceptConnections
INFO: MockWebServer[48779] done accepting connections: Socket is closed
Nov 15, 2015 6:51:38 PM com.squareup.okhttp.mockwebserver.MockWebServer$3 execute
INFO: MockWebServer[44244] starting to accept connections
Nov 15, 2015 6:51:38 PM com.squareup.okhttp.mockwebserver.MockWebServer$3 acceptConnections
INFO: MockWebServer[44244] done accepting connections: Socket is closed
Nov 15, 2015 6:51:38 PM com.squareup.okhttp.mockwebserver.MockWebServer$3 execute
INFO: MockWebServer[42134] starting to accept connections
Nov 15, 2015 6:51:38 PM com.squareup.okhttp.mockwebserver.MockWebServer$3 acceptConnections
INFO: MockWebServer[42134] done accepting connections: Socket is closed
Nov 15, 2015 6:51:38 PM com.squareup.okhttp.mockwebserver.MockWebServer$3 execute
INFO: MockWebServer[49741] starting to accept connections
Nov 15, 2015 6:51:38 PM com.squareup.okhttp.mockwebserver.MockWebServer$3 acceptConnections
INFO: MockWebServer[49741] done accepting connections: Socket is closed
Nov 15, 2015 6:51:38 PM com.squareup.okhttp.mockwebserver.MockWebServer$3 execute
INFO: MockWebServer[59909] starting to accept connections
Nov 15, 2015 6:51:38 PM com.squareup.okhttp.mockwebserver.MockWebServer$3 acceptConnections
INFO: MockWebServer[59909] done accepting connections: Socket is closed
Nov 15, 2015 6:51:38 PM com.squareup.okhttp.mockwebserver.MockWebServer$3 execute
INFO: MockWebServer[34967] starting to accept connections
Nov 15, 2015 6:51:38 PM com.squareup.okhttp.mockwebserver.MockWebServer$3 acceptConnections
INFO: MockWebServer[34967] done accepting connections: Socket is closed
Nov 15, 2015 6:51:38 PM com.squareup.okhttp.mockwebserver.MockWebServer$3 execute
INFO: MockWebServer[54017] starting to accept connections
Nov 15, 2015 6:51:38 PM com.squareup.okhttp.mockwebserver.MockWebServer$3 acceptConnections
INFO: MockWebServer[54017] done accepting connections: Socket closed
Nov 15, 2015 6:51:38 PM com.squareup.okhttp.mockwebserver.MockWebServer$3 execute
INFO: MockWebServer[57904] starting to accept connections
Nov 15, 2015 6:51:38 PM com.squareup.okhttp.mockwebserver.MockWebServer$3 acceptConnections
INFO: MockWebServer[57904] done accepting connections: Socket is closed
Tests run: 50, Failures: 0, Errors: 0, Skipped: 0, Time elapsed: 0.38 sec

Results :

Tests run: 192, Failures: 0, Errors: 0, Skipped: 2

[INFO] 
[INFO] --- animal-sniffer-maven-plugin:1.14:check (default) @ retrofit ---
[INFO] Checking unresolved references to org.codehaus.mojo.signature:java16:1.1
[INFO]                                                                         
[INFO] ------------------------------------------------------------------------
[INFO] Building Adapters 2.0.0-SNAPSHOT
[INFO] ------------------------------------------------------------------------
[INFO] 
[INFO] --- maven-enforcer-plugin:1.0:enforce (enforce-maven) @ retrofit-adapters ---
[INFO] 
[INFO] --- animal-sniffer-maven-plugin:1.14:check (default) @ retrofit-adapters ---
[INFO] Checking unresolved references to org.codehaus.mojo.signature:java16:1.1
[INFO]                                                                         
[INFO] ------------------------------------------------------------------------
[INFO] Building Adapter: RxJava 2.0.0-SNAPSHOT
[INFO] ------------------------------------------------------------------------
[INFO] 
[INFO] --- maven-enforcer-plugin:1.0:enforce (enforce-maven) @ adapter-rxjava ---
[INFO] 
[INFO] --- maven-resources-plugin:2.6:resources (default-resources) @ adapter-rxjava ---
[INFO] Using 'UTF-8' encoding to copy filtered resources.
[INFO] skip non existing resourceDirectory /home/travis/build/square/retrofit/retrofit-adapters/rxjava/src/main/resources
[INFO] 
[INFO] --- maven-compiler-plugin:3.0:compile (default-compile) @ adapter-rxjava ---
[INFO] Changes detected - recompiling the module!
[INFO] Compiling 4 source files to /home/travis/build/square/retrofit/retrofit-adapters/rxjava/target/classes
[INFO] 
[INFO] --- maven-resources-plugin:2.6:testResources (default-testResources) @ adapter-rxjava ---
[INFO] Using 'UTF-8' encoding to copy filtered resources.
[INFO] skip non existing resourceDirectory /home/travis/build/square/retrofit/retrofit-adapters/rxjava/src/test/resources
[INFO] 
[INFO] --- maven-compiler-plugin:3.0:testCompile (default-testCompile) @ adapter-rxjava ---
[INFO] Changes detected - recompiling the module!
[INFO] Compiling 2 source files to /home/travis/build/square/retrofit/retrofit-adapters/rxjava/target/test-classes
[INFO] 
[INFO] --- maven-surefire-plugin:2.12.4:test (default-test) @ adapter-rxjava ---
[INFO] Surefire report directory: /home/travis/build/square/retrofit/retrofit-adapters/rxjava/target/surefire-reports

-------------------------------------------------------
 T E S T S
-------------------------------------------------------
Running retrofit.ResultTest
Tests run: 4, Failures: 0, Errors: 0, Skipped: 0, Time elapsed: 0.141 sec
Running retrofit.RxJavaCallAdapterFactoryTest
Nov 15, 2015 6:51:40 PM com.squareup.okhttp.mockwebserver.MockWebServer$3 execute
INFO: MockWebServer[58212] starting to accept connections
Nov 15, 2015 6:51:41 PM com.squareup.okhttp.mockwebserver.MockWebServer$4 processConnection
WARNING: MockWebServer[58212] connection from /127.0.0.1 didn't make a request
Nov 15, 2015 6:51:41 PM com.squareup.okhttp.mockwebserver.MockWebServer$3 acceptConnections
INFO: MockWebServer[58212] done accepting connections: Socket closed
Nov 15, 2015 6:51:41 PM com.squareup.okhttp.mockwebserver.MockWebServer$3 execute
INFO: MockWebServer[60991] starting to accept connections
Nov 15, 2015 6:51:41 PM com.squareup.okhttp.mockwebserver.MockWebServer$4 processOneRequest
INFO: MockWebServer[60991] received request: GET / HTTP/1.1 and responded: HTTP/1.1 200 OK
Nov 15, 2015 6:51:41 PM com.squareup.okhttp.mockwebserver.MockWebServer$3 acceptConnections
INFO: MockWebServer[60991] done accepting connections: Socket closed
Nov 15, 2015 6:51:41 PM com.squareup.okhttp.mockwebserver.MockWebServer$3 execute
INFO: MockWebServer[33016] starting to accept connections
Nov 15, 2015 6:51:41 PM com.squareup.okhttp.mockwebserver.MockWebServer$4 processOneRequest
INFO: MockWebServer[33016] received request: GET / HTTP/1.1 and responded: HTTP/1.1 404 OK
Nov 15, 2015 6:51:41 PM com.squareup.okhttp.mockwebserver.MockWebServer$3 acceptConnections
INFO: MockWebServer[33016] done accepting connections: Socket closed
Nov 15, 2015 6:51:41 PM com.squareup.okhttp.mockwebserver.MockWebServer$3 execute
INFO: MockWebServer[53197] starting to accept connections
Nov 15, 2015 6:51:41 PM com.squareup.okhttp.mockwebserver.MockWebServer$3 acceptConnections
INFO: MockWebServer[53197] done accepting connections: Socket closed
Nov 15, 2015 6:51:41 PM com.squareup.okhttp.mockwebserver.MockWebServer$3 execute
INFO: MockWebServer[54252] starting to accept connections
Nov 15, 2015 6:51:41 PM com.squareup.okhttp.mockwebserver.MockWebServer$3 acceptConnections
INFO: MockWebServer[54252] done accepting connections: Socket is closed
Nov 15, 2015 6:51:41 PM com.squareup.okhttp.mockwebserver.MockWebServer$3 execute
INFO: MockWebServer[57330] starting to accept connections
Nov 15, 2015 6:51:41 PM com.squareup.okhttp.mockwebserver.MockWebServer$4 processConnection
WARNING: MockWebServer[57330] connection from /127.0.0.1 didn't make a request
Nov 15, 2015 6:51:41 PM com.squareup.okhttp.mockwebserver.MockWebServer$3 acceptConnections
INFO: MockWebServer[57330] done accepting connections: Socket closed
Nov 15, 2015 6:51:41 PM com.squareup.okhttp.mockwebserver.MockWebServer$3 execute
INFO: MockWebServer[53025] starting to accept connections
Nov 15, 2015 6:51:41 PM com.squareup.okhttp.mockwebserver.MockWebServer$4 processOneRequest
INFO: MockWebServer[53025] received request: GET / HTTP/1.1 and responded: HTTP/1.1 200 OK
Nov 15, 2015 6:51:41 PM com.squareup.okhttp.mockwebserver.MockWebServer$3 acceptConnections
INFO: MockWebServer[53025] done accepting connections: Socket closed
Nov 15, 2015 6:51:41 PM com.squareup.okhttp.mockwebserver.MockWebServer$3 execute
INFO: MockWebServer[47004] starting to accept connections
Nov 15, 2015 6:51:41 PM com.squareup.okhttp.mockwebserver.MockWebServer$4 processOneRequest
INFO: MockWebServer[47004] received request: GET / HTTP/1.1 and responded: HTTP/1.1 404 OK
Nov 15, 2015 6:51:41 PM com.squareup.okhttp.mockwebserver.MockWebServer$3 acceptConnections
INFO: MockWebServer[47004] done accepting connections: Socket closed
Nov 15, 2015 6:51:41 PM com.squareup.okhttp.mockwebserver.MockWebServer$3 execute
INFO: MockWebServer[34366] starting to accept connections
Nov 15, 2015 6:51:41 PM com.squareup.okhttp.mockwebserver.MockWebServer$3 acceptConnections
INFO: MockWebServer[34366] done accepting connections: Socket is closed
Nov 15, 2015 6:51:41 PM com.squareup.okhttp.mockwebserver.MockWebServer$3 execute
INFO: MockWebServer[57392] starting to accept connections
Nov 15, 2015 6:51:41 PM com.squareup.okhttp.mockwebserver.MockWebServer$4 processConnection
WARNING: MockWebServer[57392] connection from /127.0.0.1 didn't make a request
Nov 15, 2015 6:51:41 PM com.squareup.okhttp.mockwebserver.MockWebServer$3 acceptConnections
INFO: MockWebServer[57392] done accepting connections: Socket closed
Nov 15, 2015 6:51:41 PM com.squareup.okhttp.mockwebserver.MockWebServer$3 execute
INFO: MockWebServer[40079] starting to accept connections
Nov 15, 2015 6:51:41 PM com.squareup.okhttp.mockwebserver.MockWebServer$3 acceptConnections
INFO: MockWebServer[40079] done accepting connections: Socket is closed
Nov 15, 2015 6:51:41 PM com.squareup.okhttp.mockwebserver.MockWebServer$3 execute
INFO: MockWebServer[44834] starting to accept connections
Nov 15, 2015 6:51:41 PM com.squareup.okhttp.mockwebserver.MockWebServer$3 acceptConnections
INFO: MockWebServer[44834] done accepting connections: Socket closed
Nov 15, 2015 6:51:41 PM com.squareup.okhttp.mockwebserver.MockWebServer$3 execute
INFO: MockWebServer[59650] starting to accept connections
Nov 15, 2015 6:51:41 PM com.squareup.okhttp.mockwebserver.MockWebServer$4 processOneRequest
INFO: MockWebServer[59650] received request: GET / HTTP/1.1 and responded: HTTP/1.1 200 OK
Nov 15, 2015 6:51:41 PM com.squareup.okhttp.mockwebserver.MockWebServer$3 acceptConnections
INFO: MockWebServer[59650] done accepting connections: Socket closed
Nov 15, 2015 6:51:41 PM com.squareup.okhttp.mockwebserver.MockWebServer$3 execute
INFO: MockWebServer[38854] starting to accept connections
Nov 15, 2015 6:51:41 PM com.squareup.okhttp.mockwebserver.MockWebServer$4 processOneRequest
INFO: MockWebServer[38854] received request: GET / HTTP/1.1 and responded: HTTP/1.1 404 OK
Nov 15, 2015 6:51:41 PM com.squareup.okhttp.mockwebserver.MockWebServer$3 acceptConnections
INFO: MockWebServer[38854] done accepting connections: Socket closed
Nov 15, 2015 6:51:41 PM com.squareup.okhttp.mockwebserver.MockWebServer$3 execute
INFO: MockWebServer[54572] starting to accept connections
Nov 15, 2015 6:51:41 PM com.squareup.okhttp.mockwebserver.MockWebServer$3 acceptConnections
INFO: MockWebServer[54572] done accepting connections: Socket is closed
Tests run: 15, Failures: 0, Errors: 0, Skipped: 0, Time elapsed: 0.473 sec

Results :

Tests run: 19, Failures: 0, Errors: 0, Skipped: 0

[INFO] 
[INFO] --- animal-sniffer-maven-plugin:1.14:check (default) @ adapter-rxjava ---
[INFO] Checking unresolved references to org.codehaus.mojo.signature:java16:1.1
[INFO]                                                                         
[INFO] ------------------------------------------------------------------------
[INFO] Building Retrofit Mock Adapter 2.0.0-SNAPSHOT
[INFO] ------------------------------------------------------------------------
[INFO] 
[INFO] --- maven-enforcer-plugin:1.0:enforce (enforce-maven) @ retrofit-mock ---
[INFO] 
[INFO] --- maven-resources-plugin:2.6:resources (default-resources) @ retrofit-mock ---
[INFO] Using 'UTF-8' encoding to copy filtered resources.
[INFO] skip non existing resourceDirectory /home/travis/build/square/retrofit/retrofit-mock/src/main/resources
[INFO] 
[INFO] --- maven-compiler-plugin:3.0:compile (default-compile) @ retrofit-mock ---
[INFO] Changes detected - recompiling the module!
[INFO] Compiling 5 source files to /home/travis/build/square/retrofit/retrofit-mock/target/classes
[INFO] 
[INFO] --- maven-resources-plugin:2.6:testResources (default-testResources) @ retrofit-mock ---
[INFO] Using 'UTF-8' encoding to copy filtered resources.
[INFO] skip non existing resourceDirectory /home/travis/build/square/retrofit/retrofit-mock/src/test/resources
[INFO] 
[INFO] --- maven-compiler-plugin:3.0:testCompile (default-testCompile) @ retrofit-mock ---
[INFO] Changes detected - recompiling the module!
[INFO] Compiling 2 source files to /home/travis/build/square/retrofit/retrofit-mock/target/test-classes
[INFO] 
[INFO] --- maven-surefire-plugin:2.12.4:test (default-test) @ retrofit-mock ---
[INFO] Surefire report directory: /home/travis/build/square/retrofit/retrofit-mock/target/surefire-reports

-------------------------------------------------------
 T E S T S
-------------------------------------------------------
Running retrofit.MockRetrofitTest
Tests run: 10, Failures: 0, Errors: 0, Skipped: 0, Time elapsed: 1.027 sec
Running retrofit.NetworkBehaviorTest
Tests run: 5, Failures: 0, Errors: 0, Skipped: 0, Time elapsed: 0.034 sec

Results :

Tests run: 15, Failures: 0, Errors: 0, Skipped: 0

[INFO] 
[INFO] --- animal-sniffer-maven-plugin:1.14:check (default) @ retrofit-mock ---
[INFO] Checking unresolved references to org.codehaus.mojo.signature:java16:1.1
[INFO]                                                                         
[INFO] ------------------------------------------------------------------------
[INFO] Building Adapter: RxJava Mock 2.0.0-SNAPSHOT
[INFO] ------------------------------------------------------------------------
[INFO] 
[INFO] --- maven-enforcer-plugin:1.0:enforce (enforce-maven) @ adapter-rxjava-mock ---
[INFO] 
[INFO] --- maven-resources-plugin:2.6:resources (default-resources) @ adapter-rxjava-mock ---
[INFO] Using 'UTF-8' encoding to copy filtered resources.
[INFO] skip non existing resourceDirectory /home/travis/build/square/retrofit/retrofit-adapters/rxjava-mock/src/main/resources
[INFO] 
[INFO] --- maven-compiler-plugin:3.0:compile (default-compile) @ adapter-rxjava-mock ---
[INFO] Changes detected - recompiling the module!
[INFO] Compiling 2 source files to /home/travis/build/square/retrofit/retrofit-adapters/rxjava-mock/target/classes
[INFO] 
[INFO] --- maven-resources-plugin:2.6:testResources (default-testResources) @ adapter-rxjava-mock ---
[INFO] Using 'UTF-8' encoding to copy filtered resources.
[INFO] skip non existing resourceDirectory /home/travis/build/square/retrofit/retrofit-adapters/rxjava-mock/src/test/resources
[INFO] 
[INFO] --- maven-compiler-plugin:3.0:testCompile (default-testCompile) @ adapter-rxjava-mock ---
[INFO] Changes detected - recompiling the module!
[INFO] Compiling 1 source file to /home/travis/build/square/retrofit/retrofit-adapters/rxjava-mock/target/test-classes
[INFO] 
[INFO] --- maven-surefire-plugin:2.12.4:test (default-test) @ adapter-rxjava-mock ---
[INFO] Surefire report directory: /home/travis/build/square/retrofit/retrofit-adapters/rxjava-mock/target/surefire-reports

-------------------------------------------------------
 T E S T S
-------------------------------------------------------
Running retrofit.mock.RxJavaBehaviorAdapterTest
Tests run: 4, Failures: 0, Errors: 0, Skipped: 0, Time elapsed: 0.602 sec

Results :

Tests run: 4, Failures: 0, Errors: 0, Skipped: 0

[INFO] 
[INFO] --- animal-sniffer-maven-plugin:1.14:check (default) @ adapter-rxjava-mock ---
[INFO] Checking unresolved references to org.codehaus.mojo.signature:java16:1.1
[INFO]                                                                         
[INFO] ------------------------------------------------------------------------
[INFO] Building Converters 2.0.0-SNAPSHOT
[INFO] ------------------------------------------------------------------------
[INFO] 
[INFO] --- maven-enforcer-plugin:1.0:enforce (enforce-maven) @ retrofit-converters ---
[INFO] 
[INFO] --- animal-sniffer-maven-plugin:1.14:check (default) @ retrofit-converters ---
[INFO] Checking unresolved references to org.codehaus.mojo.signature:java16:1.1
[INFO]                                                                         
[INFO] ------------------------------------------------------------------------
[INFO] Building Converter: Gson 2.0.0-SNAPSHOT
[INFO] ------------------------------------------------------------------------
[INFO] 
[INFO] --- maven-enforcer-plugin:1.0:enforce (enforce-maven) @ converter-gson ---
[INFO] 
[INFO] --- maven-resources-plugin:2.6:resources (default-resources) @ converter-gson ---
[INFO] Using 'UTF-8' encoding to copy filtered resources.
[INFO] skip non existing resourceDirectory /home/travis/build/square/retrofit/retrofit-converters/gson/src/main/resources
[INFO] 
[INFO] --- maven-compiler-plugin:3.0:compile (default-compile) @ converter-gson ---
[INFO] Changes detected - recompiling the module!
[INFO] Compiling 3 source files to /home/travis/build/square/retrofit/retrofit-converters/gson/target/classes
[INFO] 
[INFO] --- maven-resources-plugin:2.6:testResources (default-testResources) @ converter-gson ---
[INFO] Using 'UTF-8' encoding to copy filtered resources.
[INFO] skip non existing resourceDirectory /home/travis/build/square/retrofit/retrofit-converters/gson/src/test/resources
[INFO] 
[INFO] --- maven-compiler-plugin:3.0:testCompile (default-testCompile) @ converter-gson ---
[INFO] Changes detected - recompiling the module!
[INFO] Compiling 1 source file to /home/travis/build/square/retrofit/retrofit-converters/gson/target/test-classes
[INFO] 
[INFO] --- maven-surefire-plugin:2.12.4:test (default-test) @ converter-gson ---
[INFO] Surefire report directory: /home/travis/build/square/retrofit/retrofit-converters/gson/target/surefire-reports

-------------------------------------------------------
 T E S T S
-------------------------------------------------------
Running retrofit.GsonConverterFactoryTest
Nov 15, 2015 6:51:45 PM com.squareup.okhttp.mockwebserver.MockWebServer$3 execute
INFO: MockWebServer[44228] starting to accept connections
Nov 15, 2015 6:51:46 PM com.squareup.okhttp.mockwebserver.MockWebServer$4 processOneRequest
INFO: MockWebServer[44228] received request: POST / HTTP/1.1 and responded: HTTP/1.1 200 OK
Nov 15, 2015 6:51:46 PM com.squareup.okhttp.mockwebserver.MockWebServer$3 acceptConnections
INFO: MockWebServer[44228] done accepting connections: Socket closed
Nov 15, 2015 6:51:46 PM com.squareup.okhttp.mockwebserver.MockWebServer$3 execute
INFO: MockWebServer[34608] starting to accept connections
Nov 15, 2015 6:51:46 PM com.squareup.okhttp.mockwebserver.MockWebServer$4 processOneRequest
INFO: MockWebServer[34608] received request: POST / HTTP/1.1 and responded: HTTP/1.1 200 OK
Nov 15, 2015 6:51:46 PM com.squareup.okhttp.mockwebserver.MockWebServer$3 acceptConnections
INFO: MockWebServer[34608] done accepting connections: Socket closed
Nov 15, 2015 6:51:46 PM com.squareup.okhttp.mockwebserver.MockWebServer$3 execute
INFO: MockWebServer[55758] starting to accept connections
Nov 15, 2015 6:51:46 PM com.squareup.okhttp.mockwebserver.MockWebServer$4 processOneRequest
INFO: MockWebServer[55758] received request: POST / HTTP/1.1 and responded: HTTP/1.1 200 OK
Nov 15, 2015 6:51:46 PM com.squareup.okhttp.mockwebserver.MockWebServer$3 acceptConnections
INFO: MockWebServer[55758] done accepting connections: Socket closed
Tests run: 3, Failures: 0, Errors: 0, Skipped: 0, Time elapsed: 0.633 sec

Results :

Tests run: 3, Failures: 0, Errors: 0, Skipped: 0

[INFO] 
[INFO] --- animal-sniffer-maven-plugin:1.14:check (default) @ converter-gson ---
[INFO] Checking unresolved references to org.codehaus.mojo.signature:java16:1.1
[INFO]                                                                         
[INFO] ------------------------------------------------------------------------
[INFO] Building Converter: Protocol Buffers 2.0.0-SNAPSHOT
[INFO] ------------------------------------------------------------------------
[INFO] 
[INFO] --- maven-enforcer-plugin:1.0:enforce (enforce-maven) @ converter-protobuf ---
[INFO] 
[INFO] --- maven-resources-plugin:2.6:resources (default-resources) @ converter-protobuf ---
[INFO] Using 'UTF-8' encoding to copy filtered resources.
[INFO] skip non existing resourceDirectory /home/travis/build/square/retrofit/retrofit-converters/protobuf/src/main/resources
[INFO] 
[INFO] --- maven-compiler-plugin:3.0:compile (default-compile) @ converter-protobuf ---
[INFO] Changes detected - recompiling the module!
[INFO] Compiling 3 source files to /home/travis/build/square/retrofit/retrofit-converters/protobuf/target/classes
[WARNING] /home/travis/build/square/retrofit/retrofit-converters/protobuf/src/main/java/retrofit/ProtoConverterFactory.java: /home/travis/build/square/retrofit/retrofit-converters/protobuf/src/main/java/retrofit/ProtoConverterFactory.java uses unchecked or unsafe operations.
[WARNING] /home/travis/build/square/retrofit/retrofit-converters/protobuf/src/main/java/retrofit/ProtoConverterFactory.java: Recompile with -Xlint:unchecked for details.
[INFO] 
[INFO] --- maven-resources-plugin:2.6:testResources (default-testResources) @ converter-protobuf ---
[INFO] Using 'UTF-8' encoding to copy filtered resources.
[INFO] skip non existing resourceDirectory /home/travis/build/square/retrofit/retrofit-converters/protobuf/src/test/resources
[INFO] 
[INFO] --- maven-compiler-plugin:3.0:testCompile (default-testCompile) @ converter-protobuf ---
[INFO] Changes detected - recompiling the module!
[INFO] Compiling 2 source files to /home/travis/build/square/retrofit/retrofit-converters/protobuf/target/test-classes
[INFO] 
[INFO] --- maven-surefire-plugin:2.12.4:test (default-test) @ converter-protobuf ---
[INFO] Surefire report directory: /home/travis/build/square/retrofit/retrofit-converters/protobuf/target/surefire-reports

-------------------------------------------------------
 T E S T S
-------------------------------------------------------
Running retrofit.ProtoConverterFactoryTest
Nov 15, 2015 6:51:47 PM com.squareup.okhttp.mockwebserver.MockWebServer$3 execute
INFO: MockWebServer[33548] starting to accept connections
Nov 15, 2015 6:51:47 PM com.squareup.okhttp.mockwebserver.MockWebServer$4 processOneRequest
INFO: MockWebServer[33548] received request: POST / HTTP/1.1 and responded: HTTP/1.1 200 OK
Nov 15, 2015 6:51:47 PM com.squareup.okhttp.mockwebserver.MockWebServer$3 acceptConnections
INFO: MockWebServer[33548] done accepting connections: Socket closed
Nov 15, 2015 6:51:47 PM com.squareup.okhttp.mockwebserver.MockWebServer$3 execute
INFO: MockWebServer[57353] starting to accept connections
Nov 15, 2015 6:51:47 PM com.squareup.okhttp.mockwebserver.MockWebServer$3 acceptConnections
INFO: MockWebServer[57353] done accepting connections: Socket is closed
Nov 15, 2015 6:51:47 PM com.squareup.okhttp.mockwebserver.MockWebServer$3 execute
INFO: MockWebServer[35303] starting to accept connections
Nov 15, 2015 6:51:47 PM com.squareup.okhttp.mockwebserver.MockWebServer$4 processOneRequest
INFO: MockWebServer[35303] received request: GET / HTTP/1.1 and responded: HTTP/1.1 200 OK
Nov 15, 2015 6:51:47 PM com.squareup.okhttp.mockwebserver.MockWebServer$3 acceptConnections
INFO: MockWebServer[35303] done accepting connections: Socket closed
Nov 15, 2015 6:51:47 PM com.squareup.okhttp.mockwebserver.MockWebServer$3 execute
INFO: MockWebServer[38264] starting to accept connections
Nov 15, 2015 6:51:47 PM com.squareup.okhttp.mockwebserver.MockWebServer$3 acceptConnections
INFO: MockWebServer[38264] done accepting connections: Socket is closed
Nov 15, 2015 6:51:47 PM com.squareup.okhttp.mockwebserver.MockWebServer$3 execute
INFO: MockWebServer[54482] starting to accept connections
Nov 15, 2015 6:51:47 PM com.squareup.okhttp.mockwebserver.MockWebServer$4 processOneRequest
INFO: MockWebServer[54482] received request: GET / HTTP/1.1 and responded: HTTP/1.1 200 OK
Nov 15, 2015 6:51:47 PM com.squareup.okhttp.mockwebserver.MockWebServer$3 acceptConnections
INFO: MockWebServer[54482] done accepting connections: Socket closed
Tests run: 5, Failures: 0, Errors: 0, Skipped: 0, Time elapsed: 0.617 sec

Results :

Tests run: 5, Failures: 0, Errors: 0, Skipped: 0

[INFO] 
[INFO] --- animal-sniffer-maven-plugin:1.14:check (default) @ converter-protobuf ---
[INFO] Checking unresolved references to org.codehaus.mojo.signature:java16:1.1
[INFO]                                                                         
[INFO] ------------------------------------------------------------------------
[INFO] Building Converter: Jackson 2.0.0-SNAPSHOT
[INFO] ------------------------------------------------------------------------
[INFO] 
[INFO] --- maven-enforcer-plugin:1.0:enforce (enforce-maven) @ converter-jackson ---
[INFO] 
[INFO] --- maven-resources-plugin:2.6:resources (default-resources) @ converter-jackson ---
[INFO] Using 'UTF-8' encoding to copy filtered resources.
[INFO] skip non existing resourceDirectory /home/travis/build/square/retrofit/retrofit-converters/jackson/src/main/resources
[INFO] 
[INFO] --- maven-compiler-plugin:3.0:compile (default-compile) @ converter-jackson ---
[INFO] Changes detected - recompiling the module!
[INFO] Compiling 3 source files to /home/travis/build/square/retrofit/retrofit-converters/jackson/target/classes
[INFO] 
[INFO] --- maven-resources-plugin:2.6:testResources (default-testResources) @ converter-jackson ---
[INFO] Using 'UTF-8' encoding to copy filtered resources.
[INFO] skip non existing resourceDirectory /home/travis/build/square/retrofit/retrofit-converters/jackson/src/test/resources
[INFO] 
[INFO] --- maven-compiler-plugin:3.0:testCompile (default-testCompile) @ converter-jackson ---
[INFO] Changes detected - recompiling the module!
[INFO] Compiling 1 source file to /home/travis/build/square/retrofit/retrofit-converters/jackson/target/test-classes
[INFO] 
[INFO] --- maven-surefire-plugin:2.12.4:test (default-test) @ converter-jackson ---
[INFO] Surefire report directory: /home/travis/build/square/retrofit/retrofit-converters/jackson/target/surefire-reports

-------------------------------------------------------
 T E S T S
-------------------------------------------------------
Running retrofit.JacksonConverterFactoryTest
Nov 15, 2015 6:51:48 PM com.squareup.okhttp.mockwebserver.MockWebServer$3 execute
INFO: MockWebServer[59892] starting to accept connections
Nov 15, 2015 6:51:49 PM com.squareup.okhttp.mockwebserver.MockWebServer$4 processOneRequest
INFO: MockWebServer[59892] received request: POST / HTTP/1.1 and responded: HTTP/1.1 200 OK
Nov 15, 2015 6:51:49 PM com.squareup.okhttp.mockwebserver.MockWebServer$3 acceptConnections
INFO: MockWebServer[59892] done accepting connections: Socket closed
Nov 15, 2015 6:51:49 PM com.squareup.okhttp.mockwebserver.MockWebServer$3 execute
INFO: MockWebServer[44263] starting to accept connections
Nov 15, 2015 6:51:49 PM com.squareup.okhttp.mockwebserver.MockWebServer$4 processOneRequest
INFO: MockWebServer[44263] received request: POST / HTTP/1.1 and responded: HTTP/1.1 200 OK
Nov 15, 2015 6:51:49 PM com.squareup.okhttp.mockwebserver.MockWebServer$3 acceptConnections
INFO: MockWebServer[44263] done accepting connections: Socket closed
Tests run: 2, Failures: 0, Errors: 0, Skipped: 0, Time elapsed: 0.701 sec

Results :

Tests run: 2, Failures: 0, Errors: 0, Skipped: 0

[INFO] 
[INFO] --- animal-sniffer-maven-plugin:1.14:check (default) @ converter-jackson ---
[INFO] Checking unresolved references to org.codehaus.mojo.signature:java16:1.1
[INFO]                                                                         
[INFO] ------------------------------------------------------------------------
[INFO] Building Converter: Wire Protocol Buffers 2.0.0-SNAPSHOT
[INFO] ------------------------------------------------------------------------
[INFO] 
[INFO] --- maven-enforcer-plugin:1.0:enforce (enforce-maven) @ converter-wire ---
[INFO] 
[INFO] --- maven-resources-plugin:2.6:resources (default-resources) @ converter-wire ---
[INFO] Using 'UTF-8' encoding to copy filtered resources.
[INFO] skip non existing resourceDirectory /home/travis/build/square/retrofit/retrofit-converters/wire/src/main/resources
[INFO] 
[INFO] --- maven-compiler-plugin:3.0:compile (default-compile) @ converter-wire ---
[INFO] Changes detected - recompiling the module!
[INFO] Compiling 3 source files to /home/travis/build/square/retrofit/retrofit-converters/wire/target/classes
[WARNING] /home/travis/build/square/retrofit/retrofit-converters/wire/src/main/java/retrofit/WireConverterFactory.java: /home/travis/build/square/retrofit/retrofit-converters/wire/src/main/java/retrofit/WireConverterFactory.java uses unchecked or unsafe operations.
[WARNING] /home/travis/build/square/retrofit/retrofit-converters/wire/src/main/java/retrofit/WireConverterFactory.java: Recompile with -Xlint:unchecked for details.
[INFO] 
[INFO] --- maven-resources-plugin:2.6:testResources (default-testResources) @ converter-wire ---
[INFO] Using 'UTF-8' encoding to copy filtered resources.
[INFO] skip non existing resourceDirectory /home/travis/build/square/retrofit/retrofit-converters/wire/src/test/resources
[INFO] 
[INFO] --- maven-compiler-plugin:3.0:testCompile (default-testCompile) @ converter-wire ---
[INFO] Changes detected - recompiling the module!
[INFO] Compiling 2 source files to /home/travis/build/square/retrofit/retrofit-converters/wire/target/test-classes
[INFO] 
[INFO] --- maven-surefire-plugin:2.12.4:test (default-test) @ converter-wire ---
[INFO] Surefire report directory: /home/travis/build/square/retrofit/retrofit-converters/wire/target/surefire-reports

-------------------------------------------------------
 T E S T S
-------------------------------------------------------
Running retrofit.WireConverterFactoryTest
Nov 15, 2015 6:51:50 PM com.squareup.okhttp.mockwebserver.MockWebServer$3 execute
INFO: MockWebServer[39601] starting to accept connections
Nov 15, 2015 6:51:51 PM com.squareup.okhttp.mockwebserver.MockWebServer$4 processOneRequest
INFO: MockWebServer[39601] received request: POST / HTTP/1.1 and responded: HTTP/1.1 200 OK
Nov 15, 2015 6:51:51 PM com.squareup.okhttp.mockwebserver.MockWebServer$3 acceptConnections
INFO: MockWebServer[39601] done accepting connections: Socket closed
Nov 15, 2015 6:51:51 PM com.squareup.okhttp.mockwebserver.MockWebServer$3 execute
INFO: MockWebServer[55622] starting to accept connections
Nov 15, 2015 6:51:51 PM com.squareup.okhttp.mockwebserver.MockWebServer$3 acceptConnections
INFO: MockWebServer[55622] done accepting connections: Socket closed
Nov 15, 2015 6:51:51 PM com.squareup.okhttp.mockwebserver.MockWebServer$3 execute
INFO: MockWebServer[41381] starting to accept connections
Nov 15, 2015 6:51:51 PM com.squareup.okhttp.mockwebserver.MockWebServer$4 processOneRequest
INFO: MockWebServer[41381] received request: GET / HTTP/1.1 and responded: HTTP/1.1 200 OK
Nov 15, 2015 6:51:51 PM com.squareup.okhttp.mockwebserver.MockWebServer$3 acceptConnections
INFO: MockWebServer[41381] done accepting connections: Socket closed
Nov 15, 2015 6:51:51 PM com.squareup.okhttp.mockwebserver.MockWebServer$3 execute
INFO: MockWebServer[48186] starting to accept connections
Nov 15, 2015 6:51:51 PM com.squareup.okhttp.mockwebserver.MockWebServer$3 acceptConnections
INFO: MockWebServer[48186] done accepting connections: Socket is closed
Nov 15, 2015 6:51:51 PM com.squareup.okhttp.mockwebserver.MockWebServer$3 execute
INFO: MockWebServer[44350] starting to accept connections
Nov 15, 2015 6:51:51 PM com.squareup.okhttp.mockwebserver.MockWebServer$4 processOneRequest
INFO: MockWebServer[44350] received request: GET / HTTP/1.1 and responded: HTTP/1.1 200 OK
Nov 15, 2015 6:51:51 PM com.squareup.okhttp.mockwebserver.MockWebServer$3 acceptConnections
INFO: MockWebServer[44350] done accepting connections: Socket closed
Tests run: 5, Failures: 0, Errors: 0, Skipped: 0, Time elapsed: 0.965 sec

Results :

Tests run: 5, Failures: 0, Errors: 0, Skipped: 0

[INFO] 
[INFO] --- animal-sniffer-maven-plugin:1.14:check (default) @ converter-wire ---
[INFO] Checking unresolved references to org.codehaus.mojo.signature:java16:1.1
[INFO]                                                                         
[INFO] ------------------------------------------------------------------------
[INFO] Building Converter: SimpleXML 2.0.0-SNAPSHOT
[INFO] ------------------------------------------------------------------------
[INFO] 
[INFO] --- maven-enforcer-plugin:1.0:enforce (enforce-maven) @ converter-simplexml ---
[INFO] 
[INFO] --- maven-resources-plugin:2.6:resources (default-resources) @ converter-simplexml ---
[INFO] Using 'UTF-8' encoding to copy filtered resources.
[INFO] skip non existing resourceDirectory /home/travis/build/square/retrofit/retrofit-converters/simplexml/src/main/resources
[INFO] 
[INFO] --- maven-compiler-plugin:3.0:compile (default-compile) @ converter-simplexml ---
[INFO] Changes detected - recompiling the module!
[INFO] Compiling 3 source files to /home/travis/build/square/retrofit/retrofit-converters/simplexml/target/classes
[INFO] 
[INFO] --- maven-resources-plugin:2.6:testResources (default-testResources) @ converter-simplexml ---
[INFO] Using 'UTF-8' encoding to copy filtered resources.
[INFO] skip non existing resourceDirectory /home/travis/build/square/retrofit/retrofit-converters/simplexml/src/test/resources
[INFO] 
[INFO] --- maven-compiler-plugin:3.0:testCompile (default-testCompile) @ converter-simplexml ---
[INFO] Changes detected - recompiling the module!
[INFO] Compiling 2 source files to /home/travis/build/square/retrofit/retrofit-converters/simplexml/target/test-classes
[INFO] 
[INFO] --- maven-surefire-plugin:2.12.4:test (default-test) @ converter-simplexml ---
[INFO] Surefire report directory: /home/travis/build/square/retrofit/retrofit-converters/simplexml/target/surefire-reports

-------------------------------------------------------
 T E S T S
-------------------------------------------------------
Running retrofit.SimpleXmlConverterFactoryTest
Nov 15, 2015 6:51:52 PM com.squareup.okhttp.mockwebserver.MockWebServer$3 execute
INFO: MockWebServer[50812] starting to accept connections
Nov 15, 2015 6:51:53 PM com.squareup.okhttp.mockwebserver.MockWebServer$4 processOneRequest
INFO: MockWebServer[50812] received request: GET / HTTP/1.1 and responded: HTTP/1.1 200 OK
Nov 15, 2015 6:52:07 PM com.squareup.okhttp.mockwebserver.MockWebServer$3 acceptConnections
INFO: MockWebServer[50812] done accepting connections: Socket closed
Nov 15, 2015 6:52:07 PM com.squareup.okhttp.mockwebserver.MockWebServer$3 execute
INFO: MockWebServer[54046] starting to accept connections
Nov 15, 2015 6:52:07 PM com.squareup.okhttp.mockwebserver.MockWebServer$4 processOneRequest
INFO: MockWebServer[54046] received request: GET / HTTP/1.1 and responded: HTTP/1.1 200 OK
Nov 15, 2015 6:52:07 PM com.squareup.okhttp.mockwebserver.MockWebServer$3 acceptConnections
INFO: MockWebServer[54046] done accepting connections: Socket closed
Nov 15, 2015 6:52:07 PM com.squareup.okhttp.mockwebserver.MockWebServer$3 execute
INFO: MockWebServer[58031] starting to accept connections
Nov 15, 2015 6:52:07 PM com.squareup.okhttp.mockwebserver.MockWebServer$4 processOneRequest
INFO: MockWebServer[58031] received request: POST / HTTP/1.1 and responded: HTTP/1.1 200 OK
Nov 15, 2015 6:52:07 PM com.squareup.okhttp.mockwebserver.MockWebServer$3 acceptConnections
INFO: MockWebServer[58031] done accepting connections: Socket closed
Tests run: 3, Failures: 0, Errors: 0, Skipped: 0, Time elapsed: 15.191 sec

Results :

Tests run: 3, Failures: 0, Errors: 0, Skipped: 0

[INFO] 
[INFO] --- animal-sniffer-maven-plugin:1.14:check (default) @ converter-simplexml ---
[INFO] Checking unresolved references to org.codehaus.mojo.signature:java16:1.1
[INFO]                                                                         
[INFO] ------------------------------------------------------------------------
[INFO] Building Converter: Moshi 2.0.0-SNAPSHOT
[INFO] ------------------------------------------------------------------------
[INFO] 
[INFO] --- maven-enforcer-plugin:1.0:enforce (enforce-maven) @ converter-moshi ---
[INFO] 
[INFO] --- maven-resources-plugin:2.6:resources (default-resources) @ converter-moshi ---
[INFO] Using 'UTF-8' encoding to copy filtered resources.
[INFO] skip non existing resourceDirectory /home/travis/build/square/retrofit/retrofit-converters/moshi/src/main/resources
[INFO] 
[INFO] --- maven-compiler-plugin:3.0:compile (default-compile) @ converter-moshi ---
[INFO] Changes detected - recompiling the module!
[INFO] Compiling 3 source files to /home/travis/build/square/retrofit/retrofit-converters/moshi/target/classes
[INFO] 
[INFO] --- maven-resources-plugin:2.6:testResources (default-testResources) @ converter-moshi ---
[INFO] Using 'UTF-8' encoding to copy filtered resources.
[INFO] skip non existing resourceDirectory /home/travis/build/square/retrofit/retrofit-converters/moshi/src/test/resources
[INFO] 
[INFO] --- maven-compiler-plugin:3.0:testCompile (default-testCompile) @ converter-moshi ---
[INFO] Changes detected - recompiling the module!
[INFO] Compiling 1 source file to /home/travis/build/square/retrofit/retrofit-converters/moshi/target/test-classes
[INFO] 
[INFO] --- maven-surefire-plugin:2.12.4:test (default-test) @ converter-moshi ---
[INFO] Surefire report directory: /home/travis/build/square/retrofit/retrofit-converters/moshi/target/surefire-reports

-------------------------------------------------------
 T E S T S
-------------------------------------------------------
Running retrofit.MoshiConverterFactoryTest
Nov 15, 2015 6:52:08 PM com.squareup.okhttp.mockwebserver.MockWebServer$3 execute
INFO: MockWebServer[48225] starting to accept connections
Nov 15, 2015 6:52:08 PM com.squareup.okhttp.mockwebserver.MockWebServer$4 processOneRequest
INFO: MockWebServer[48225] received request: POST / HTTP/1.1 and responded: HTTP/1.1 200 OK
Nov 15, 2015 6:52:08 PM com.squareup.okhttp.mockwebserver.MockWebServer$3 acceptConnections
INFO: MockWebServer[48225] done accepting connections: Socket closed
Nov 15, 2015 6:52:08 PM com.squareup.okhttp.mockwebserver.MockWebServer$3 execute
INFO: MockWebServer[41473] starting to accept connections
Nov 15, 2015 6:52:08 PM com.squareup.okhttp.mockwebserver.MockWebServer$4 processOneRequest
INFO: MockWebServer[41473] received request: POST / HTTP/1.1 and responded: HTTP/1.1 200 OK
Nov 15, 2015 6:52:08 PM com.squareup.okhttp.mockwebserver.MockWebServer$3 acceptConnections
INFO: MockWebServer[41473] done accepting connections: Socket closed
Tests run: 2, Failures: 0, Errors: 0, Skipped: 0, Time elapsed: 0.48 sec

Results :

Tests run: 2, Failures: 0, Errors: 0, Skipped: 0

[INFO] 
[INFO] --- animal-sniffer-maven-plugin:1.14:check (default) @ converter-moshi ---
[INFO] Checking unresolved references to org.codehaus.mojo.signature:java16:1.1
[INFO]                                                                         
[INFO] ------------------------------------------------------------------------
[INFO] Building Samples 2.0.0-SNAPSHOT
[INFO] ------------------------------------------------------------------------
[INFO] 
[INFO] --- maven-enforcer-plugin:1.0:enforce (enforce-maven) @ samples ---
[INFO] 
[INFO] --- maven-resources-plugin:2.6:resources (default-resources) @ samples ---
[INFO] Using 'UTF-8' encoding to copy filtered resources.
[INFO] skip non existing resourceDirectory /home/travis/build/square/retrofit/samples/src/main/resources
[INFO] 
[INFO] --- maven-compiler-plugin:3.0:compile (default-compile) @ samples ---
[INFO] Changes detected - recompiling the module!
[INFO] Compiling 5 source files to /home/travis/build/square/retrofit/samples/target/classes
[INFO] 
[INFO] --- maven-resources-plugin:2.6:testResources (default-testResources) @ samples ---
[INFO] Using 'UTF-8' encoding to copy filtered resources.
[INFO] skip non existing resourceDirectory /home/travis/build/square/retrofit/samples/src/test/resources
[INFO] 
[INFO] --- maven-compiler-plugin:3.0:testCompile (default-testCompile) @ samples ---
[INFO] No sources to compile
[INFO] 
[INFO] --- maven-surefire-plugin:2.12.4:test (default-test) @ samples ---
[INFO] No tests to run.
[INFO] 
[INFO] --- animal-sniffer-maven-plugin:1.14:check (default) @ samples ---
[INFO] Checking unresolved references to org.codehaus.mojo.signature:java16:1.1
[INFO] ------------------------------------------------------------------------
[INFO] Reactor Summary:
[INFO] 
[INFO] Retrofit (Parent) .................................. SUCCESS [  1.999 s]
[INFO] Retrofit ........................................... SUCCESS [ 26.874 s]
[INFO] Adapters ........................................... SUCCESS [  0.166 s]
[INFO] Adapter: RxJava .................................... SUCCESS [  1.430 s]
[INFO] Retrofit Mock Adapter .............................. SUCCESS [  1.878 s]
[INFO] Adapter: RxJava Mock ............................... SUCCESS [  1.143 s]
[INFO] Converters ......................................... SUCCESS [  0.155 s]
[INFO] Converter: Gson .................................... SUCCESS [  1.847 s]
[INFO] Converter: Protocol Buffers ........................ SUCCESS [  1.698 s]
[INFO] Converter: Jackson ................................. SUCCESS [  1.485 s]
[INFO] Converter: Wire Protocol Buffers ................... SUCCESS [  2.194 s]
[INFO] Converter: SimpleXML ............................... SUCCESS [ 16.004 s]
[INFO] Converter: Moshi ................................... SUCCESS [  0.975 s]
[INFO] Samples ............................................ SUCCESS [  0.769 s]
[INFO] ------------------------------------------------------------------------
[INFO] BUILD SUCCESS
[INFO] ------------------------------------------------------------------------
[INFO] Total time: 58.965 s
[INFO] Finished at: 2015-11-15T18:52:09+00:00
[INFO] Final Memory: 27M/328M
[INFO] ------------------------------------------------------------------------
travis_time:end:047ce7b8:start=1447613468645821667,finish=1447613530000764103,duration=61354942436[0K
[32;1mThe command "mvn test -B" exited with 0.[0m
travis_fold:start:cache.2[0Kstore build cache
travis_time:start:00e8426c[0Ktravis_time:end:00e8426c:start=1447613530004801921,finish=1447613530007957831,duration=3155910[0Ktravis_time:start:0143a3d4[0Kchange detected:
/home/travis/.m2/repository/com/squareup/retrofit/adapter-rxjava/2.0.0-SNAPSHOT/adapter-rxjava-2.0.0-SNAPSHOT.jar
/home/travis/.m2/repository/com/squareup/retrofit/adapter-rxjava/2.0.0-SNAPSHOT/adapter-rxjava-2.0.0-SNAPSHOT.jar
/home/travis/.m2/repository/com/squareup/retrofit/adapter-rxjava/2.0.0-SNAPSHOT/maven-metadata-local.xml
/home/travis/.m2/repository/com/squareup/retrofit/adapter-rxjava/2.0.0-SNAPSHOT/maven-metadata-local.xml
/home/travis/.m2/repository/com/squareup/retrofit/adapter-rxjava/2.0.0-SNAPSHOT/_remote.repositories
/home/travis/.m2/repository/com/squareup/retrofit/adapter-rxjava/2.0.0-SNAPSHOT/_remote.repositories
/home/travis/.m2/repository/com/squareup/retrofit/adapter-rxjava/maven-metadata-local.xml
/home/travis/.m2/repository/com/squareup/retrofit/adapter-rxjava/maven-metadata-local.xml
/home/travis/.m2/repository/com/squareup/retrofit/adapter-rxjava-mock/2.0.0-SNAPSHOT/adapter-rxjava-mock-2.0.0-SNAPSHOT.jar
/home/travis/.m2/repository/com/squareup/retrofit/adapter
...
changes detected, packing new archive
uploading archive
travis_time:end:0143a3d4:start=1447613530011663349,finish=1447613534777641139,duration=4765977790[0Ktravis_fold:end:cache.2[0Ktravis_fold:start:after_success[0Ktravis_time:start:3aa18ec8[0K$ .buildscript/deploy_snapshot.sh
Deploying snapshot...
Java HotSpot(TM) 64-Bit Server VM warning: ignoring option MaxPermSize=192m; support was removed in 8.0
[INFO] Scanning for projects...
[WARNING] 
[WARNING] Some problems were encountered while building the effective model for com.squareup.retrofit:samples:jar:2.0.0-SNAPSHOT
[WARNING] 'build.plugins.plugin.version' for org.apache.maven.plugins:maven-deploy-plugin is missing. @ com.squareup.retrofit:samples:[unknown-version], /home/travis/build/square/retrofit/samples/pom.xml, line 45, column 15
[WARNING] 
[WARNING] It is highly recommended to fix these problems because they threaten the stability of your build.
[WARNING] 
[WARNING] For this reason, future Maven versions might no longer support building such malformed projects.
[WARNING] 
[INFO] ------------------------------------------------------------------------
[INFO] Reactor Build Order:
[INFO] 
[INFO] Retrofit (Parent)
[INFO] Retrofit
[INFO] Adapters
[INFO] Adapter: RxJava
[INFO] Retrofit Mock Adapter
[INFO] Adapter: RxJava Mock
[INFO] Converters
[INFO] Converter: Gson
[INFO] Converter: Protocol Buffers
[INFO] Converter: Jackson
[INFO] Converter: Wire Protocol Buffers
[INFO] Converter: SimpleXML
[INFO] Converter: Moshi
[INFO] Samples
Downloading: https://repo.maven.apache.org/maven2/org/apache/maven/plugins/maven-release-plugin/2.5/maven-release-plugin-2.5.pom
4/11 KB   8/11 KB   11/11 KB              Downloaded: https://repo.maven.apache.org/maven2/org/apache/maven/plugins/maven-release-plugin/2.5/maven-release-plugin-2.5.pom (11 KB at 14.4 KB/sec)
Downloading: https://repo.maven.apache.org/maven2/org/apache/maven/release/maven-release/2.5/maven-release-2.5.pom
4/5 KB     5/5 KB            Downloaded: https://repo.maven.apache.org/maven2/org/apache/maven/release/maven-release/2.5/maven-release-2.5.pom (5 KB at 29.6 KB/sec)
Downloading: https://repo.maven.apache.org/maven2/org/apache/maven/plugins/maven-release-plugin/2.5/maven-release-plugin-2.5.jar
4/50 KB   8/50 KB   12/50 KB   16/50 KB   20/50 KB   24/50 KB   28/50 KB   32/50 KB   36/50 KB   40/50 KB   44/50 KB   48/50 KB   50/50 KB              Downloaded: https://repo.maven.apache.org/maven2/org/apache/maven/plugins/maven-release-plugin/2.5/maven-release-plugin-2.5.jar (50 KB at 337.3 KB/sec)
Downloading: https://repo.maven.apache.org/maven2/org/apache/maven/plugins/maven-clean-plugin/2.5/maven-clean-plugin-2.5.pom
4/4 KB              Downloaded: https://repo.maven.apache.org/maven2/org/apache/maven/plugins/maven-clean-plugin/2.5/maven-clean-plugin-2.5.pom (4 KB at 47.2 KB/sec)
Downloading: https://repo.maven.apache.org/maven2/org/apache/maven/plugins/maven-clean-plugin/2.5/maven-clean-plugin-2.5.jar
4/25 KB   8/25 KB   12/25 KB   16/25 KB   20/25 KB   24/25 KB   25/25 KB              Downloaded: https://repo.maven.apache.org/maven2/org/apache/maven/plugins/maven-clean-plugin/2.5/maven-clean-plugin-2.5.jar (25 KB at 400.9 KB/sec)
Downloading: https://repo.maven.apache.org/maven2/org/apache/maven/plugins/maven-deploy-plugin/2.7/maven-deploy-plugin-2.7.pom
4/6 KB     6/6 KB            Downloaded: https://repo.maven.apache.org/maven2/org/apache/maven/plugins/maven-deploy-plugin/2.7/maven-deploy-plugin-2.7.pom (6 KB at 91.4 KB/sec)
Downloading: https://repo.maven.apache.org/maven2/org/apache/maven/plugins/maven-deploy-plugin/2.7/maven-deploy-plugin-2.7.jar
4/27 KB   8/27 KB   12/27 KB   16/27 KB   20/27 KB   24/27 KB   27/27 KB              Downloaded: https://repo.maven.apache.org/maven2/org/apache/maven/plugins/maven-deploy-plugin/2.7/maven-deploy-plugin-2.7.jar (27 KB at 748.6 KB/sec)
Downloading: https://repo.maven.apache.org/maven2/org/apache/maven/plugins/maven-site-plugin/3.3/maven-site-plugin-3.3.pom
4/21 KB    8/21 KB   12/21 KB   16/21 KB   20/21 KB   21/21 KB              Downloaded: https://repo.maven.apache.org/maven2/org/apache/maven/plugins/maven-site-plugin/3.3/maven-site-plugin-3.3.pom (21 KB at 390.9 KB/sec)
Downloading: https://repo.maven.apache.org/maven2/org/apache/maven/plugins/maven-plugins/24/maven-plugins-24.pom
4/11 KB    8/11 KB   11/11 KB              Downloaded: https://repo.maven.apache.org/maven2/org/apache/maven/plugins/maven-plugins/24/maven-plugins-24.pom (11 KB at 340.4 KB/sec)
Downloading: https://repo.maven.apache.org/maven2/org/apache/maven/plugins/maven-site-plugin/3.3/maven-site-plugin-3.3.jar
4/122 KB   8/122 KB   12/122 KB   16/122 KB   20/122 KB   24/122 KB   28/122 KB   32/122 KB   36/122 KB   40/122 KB   44/122 KB   48/122 KB   52/122 KB   56/122 KB   60/122 KB   64/122 KB   68/122 KB   72/122 KB   76/122 KB   80/122 KB   84/122 KB   88/122 KB   92/122 KB   96/122 KB   100/122 KB   104/122 KB   108/122 KB   112/122 KB   116/122 KB   120/122 KB   122/122 KB                Downloaded: https://repo.maven.apache.org/maven2/org/apache/maven/plugins/maven-site-plugin/3.3/maven-site-plugin-3.3.jar (122 KB at 1785.9 KB/sec)
Downloading: https://repo.maven.apache.org/maven2/org/apache/maven/plugins/maven-antrun-plugin/1.3/maven-antrun-plugin-1.3.pom
4/5 KB       5/5 KB            Downloaded: https://repo.maven.apache.org/maven2/org/apache/maven/plugins/maven-antrun-plugin/1.3/maven-antrun-plugin-1.3.pom (5 KB at 159.3 KB/sec)
Downloading: https://repo.maven.apache.org/maven2/org/apache/maven/plugins/maven-plugins/12/maven-plugins-12.pom
4/12 KB   8/12 KB   12/12 KB              Downloaded: https://repo.maven.apache.org/maven2/org/apache/maven/plugins/maven-plugins/12/maven-plugins-12.pom (12 KB at 382.4 KB/sec)
Downloading: https://repo.maven.apache.org/maven2/org/apache/maven/maven-parent/9/maven-parent-9.pom
4/33 KB    8/33 KB   12/33 KB   16/33 KB   20/33 KB   24/33 KB   28/33 KB   32/33 KB   33/33 KB              Downloaded: https://repo.maven.apache.org/maven2/org/apache/maven/maven-parent/9/maven-parent-9.pom (33 KB at 822.2 KB/sec)
Downloading: https://repo.maven.apache.org/maven2/org/apache/maven/plugins/maven-antrun-plugin/1.3/maven-antrun-plugin-1.3.jar
4/24 KB    8/24 KB   12/24 KB   16/24 KB   20/24 KB   24/24 KB              Downloaded: https://repo.maven.apache.org/maven2/org/apache/maven/plugins/maven-antrun-plugin/1.3/maven-antrun-plugin-1.3.jar (24 KB at 767.4 KB/sec)
Downloading: https://repo.maven.apache.org/maven2/org/apache/maven/plugins/maven-assembly-plugin/2.2-beta-5/maven-assembly-plugin-2.2-beta-5.pom
4/15 KB    8/15 KB   12/15 KB   15/15 KB              Downloaded: https://repo.maven.apache.org/maven2/org/apache/maven/plugins/maven-assembly-plugin/2.2-beta-5/maven-assembly-plugin-2.2-beta-5.pom (15 KB at 462.6 KB/sec)
Downloading: https://repo.maven.apache.org/maven2/org/apache/maven/plugins/maven-plugins/16/maven-plugins-16.pom
3/13 KB    7/13 KB   11/13 KB   13/13 KB              Downloaded: https://repo.maven.apache.org/maven2/org/apache/maven/plugins/maven-plugins/16/maven-plugins-16.pom (13 KB at 421.5 KB/sec)
Downloading: https://repo.maven.apache.org/maven2/org/apache/maven/maven-parent/15/maven-parent-15.pom
4/24 KB    8/24 KB   12/24 KB   16/24 KB   20/24 KB   24/24 KB              Downloaded: https://repo.maven.apache.org/maven2/org/apache/maven/maven-parent/15/maven-parent-15.pom (24 KB at 837.2 KB/sec)
Downloading: https://repo.maven.apache.org/maven2/org/apache/maven/plugins/maven-assembly-plugin/2.2-beta-5/maven-assembly-plugin-2.2-beta-5.jar
4/204 KB   8/204 KB   12/204 KB   16/204 KB   20/204 KB   24/204 KB   28/204 KB   32/204 KB   36/204 KB   40/204 KB   44/204 KB   48/204 KB   52/204 KB   56/204 KB   60/204 KB   64/204 KB   68/204 KB   72/204 KB   76/204 KB   80/204 KB   84/204 KB   88/204 KB   92/204 KB   96/204 KB   100/204 KB   104/204 KB   108/204 KB   112/204 KB   116/204 KB   120/204 KB   124/204 KB   128/204 KB   132/204 KB   136/204 KB   140/204 KB   144/204 KB   148/204 KB   152/204 KB   156/204 KB   160/204 KB   164/204 KB   168/204 KB   172/204 KB   176/204 KB   180/204 KB   184/204 KB   188/204 KB   192/204 KB   196/204 KB   200/204 KB   204/204 KB   204/204 KB                Downloaded: https://repo.maven.apache.org/maven2/org/apache/maven/plugins/maven-assembly-plugin/2.2-beta-5/maven-assembly-plugin-2.2-beta-5.jar (204 KB at 2371.7 KB/sec)
Downloading: https://repo.maven.apache.org/maven2/org/apache/maven/plugins/maven-dependency-plugin/2.8/maven-dependency-plugin-2.8.pom
4/12 KB      8/12 KB   12/12 KB              Downloaded: https://repo.maven.apache.org/maven2/org/apache/maven/plugins/maven-dependency-plugin/2.8/maven-dependency-plugin-2.8.pom (12 KB at 447.4 KB/sec)
Downloading: https://repo.maven.apache.org/maven2/org/apache/maven/plugins/maven-dependency-plugin/2.8/maven-dependency-plugin-2.8.jar
4/150 KB   8/150 KB   12/150 KB   16/150 KB   20/150 KB   24/150 KB   28/150 KB   32/150 KB   36/150 KB   40/150 KB   44/150 KB   48/150 KB   52/150 KB   56/150 KB   60/150 KB   64/150 KB   68/150 KB   72/150 KB   76/150 KB   80/150 KB   84/150 KB   88/150 KB   92/150 KB   96/150 KB   100/150 KB   104/150 KB   108/150 KB   112/150 KB   116/150 KB   120/150 KB   124/150 KB   128/150 KB   132/150 KB   136/150 KB   140/150 KB   144/150 KB   148/150 KB   150/150 KB                Downloaded: https://repo.maven.apache.org/maven2/org/apache/maven/plugins/maven-dependency-plugin/2.8/maven-dependency-plugin-2.8.jar (150 KB at 2107.0 KB/sec)
Downloading: https://repo.maven.apache.org/maven2/org/apache/maven/plugins/maven-release-plugin/2.1/maven-release-plugin-2.1.pom
4/9 KB       8/9 KB   9/9 KB            Downloaded: https://repo.maven.apache.org/maven2/org/apache/maven/plugins/maven-release-plugin/2.1/maven-release-plugin-2.1.pom (9 KB at 321.2 KB/sec)
Downloading: https://repo.maven.apache.org/maven2/org/apache/maven/release/maven-release/2.1/maven-release-2.1.pom
4/7 KB   7/7 KB            Downloaded: https://repo.maven.apache.org/maven2/org/apache/maven/release/maven-release/2.1/maven-release-2.1.pom (7 KB at 265.6 KB/sec)
Downloading: https://repo.maven.apache.org/maven2/org/apache/maven/plugins/maven-release-plugin/2.1/maven-release-plugin-2.1.jar
4/40 KB   8/40 KB   12/40 KB   16/40 KB   20/40 KB   24/40 KB   28/40 KB   32/40 KB   36/40 KB   40/40 KB              Downloaded: https://repo.maven.apache.org/maven2/org/apache/maven/plugins/maven-release-plugin/2.1/maven-release-plugin-2.1.jar (40 KB at 1153.5 KB/sec)
Downloading: https://repo.maven.apache.org/maven2/org/apache/maven/plugins/maven-metadata.xml
Downloading: https://repo.maven.apache.org/maven2/org/codehaus/mojo/maven-metadata.xml
4/13 KB    8/13 KB   12/13 KB   13/13 KB              Downloaded: https://repo.maven.apache.org/maven2/org/apache/maven/plugins/maven-metadata.xml (13 KB at 261.8 KB/sec)
4/20 KB    6/20 KB   10/20 KB   14/20 KB   18/20 KB   20/20 KB              Downloaded: https://repo.maven.apache.org/maven2/org/codehaus/mojo/maven-metadata.xml (20 KB at 250.6 KB/sec)
Downloading: https://repo.maven.apache.org/maven2/org/apache/maven/plugins/maven-source-plugin/maven-metadata.xml
746/746 B               Downloaded: https://repo.maven.apache.org/maven2/org/apache/maven/plugins/maven-source-plugin/maven-metadata.xml (746 B at 16.6 KB/sec)
Downloading: https://repo.maven.apache.org/maven2/org/apache/maven/plugins/maven-source-plugin/2.4/maven-source-plugin-2.4.pom
4/7 KB      7/7 KB            Downloaded: https://repo.maven.apache.org/maven2/org/apache/maven/plugins/maven-source-plugin/2.4/maven-source-plugin-2.4.pom (7 KB at 209.3 KB/sec)
Downloading: https://repo.maven.apache.org/maven2/org/apache/maven/plugins/maven-plugins/25/maven-plugins-25.pom
4/10 KB   8/10 KB   10/10 KB              Downloaded: https://repo.maven.apache.org/maven2/org/apache/maven/plugins/maven-plugins/25/maven-plugins-25.pom (10 KB at 245.5 KB/sec)
Downloading: https://repo.maven.apache.org/maven2/org/apache/maven/plugins/maven-source-plugin/2.4/maven-source-plugin-2.4.jar
4/31 KB    8/31 KB   12/31 KB   16/31 KB   20/31 KB   24/31 KB   28/31 KB   31/31 KB              Downloaded: https://repo.maven.apache.org/maven2/org/apache/maven/plugins/maven-source-plugin/2.4/maven-source-plugin-2.4.jar (31 KB at 902.6 KB/sec)
Downloading: https://repo.maven.apache.org/maven2/org/apache/maven/plugins/maven-javadoc-plugin/maven-metadata.xml
910/910 B               Downloaded: https://repo.maven.apache.org/maven2/org/apache/maven/plugins/maven-javadoc-plugin/maven-metadata.xml (910 B at 29.6 KB/sec)
Downloading: https://repo.maven.apache.org/maven2/org/apache/maven/plugins/maven-javadoc-plugin/2.10.3/maven-javadoc-plugin-2.10.3.pom
4/16 KB     8/16 KB   12/16 KB   16/16 KB   16/16 KB              Downloaded: https://repo.maven.apache.org/maven2/org/apache/maven/plugins/maven-javadoc-plugin/2.10.3/maven-javadoc-plugin-2.10.3.pom (16 KB at 513.1 KB/sec)
Downloading: https://repo.maven.apache.org/maven2/org/apache/maven/plugins/maven-javadoc-plugin/2.10.3/maven-javadoc-plugin-2.10.3.jar
4/396 KB   8/396 KB   12/396 KB   16/396 KB   20/396 KB   24/396 KB   28/396 KB   32/396 KB   36/396 KB   40/396 KB   44/396 KB   48/396 KB   52/396 KB   56/396 KB   60/396 KB   64/396 KB   68/396 KB   72/396 KB   76/396 KB   80/396 KB   84/396 KB   88/396 KB   92/396 KB   96/396 KB   100/396 KB   104/396 KB   108/396 KB   112/396 KB   116/396 KB   120/396 KB   124/396 KB   128/396 KB   132/396 KB   136/396 KB   140/396 KB   144/396 KB   148/396 KB   152/396 KB   156/396 KB   160/396 KB   164/396 KB   168/396 KB   172/396 KB   176/396 KB   180/396 KB   184/396 KB   188/396 KB   192/396 KB   196/396 KB   200/396 KB   204/396 KB   208/396 KB   212/396 KB   216/396 KB   220/396 KB   224/396 KB   228/396 KB   232/396 KB   236/396 KB   240/396 KB   244/396 KB   248/396 KB   252/396 KB   256/396 KB   260/396 KB   264/396 KB   268/396 KB   272/396 KB   276/396 KB   280/396 KB   284/396 KB   288/396 KB   292/396 KB   296/396 KB   300/396 KB   304/396 KB   308/396 KB   312/396 KB   316/396 KB   320/396 KB   324/396 KB   328/396 KB   332/396 KB   336/396 KB   340/396 KB   344/396 KB   348/396 KB   352/396 KB   356/396 KB   360/396 KB   364/396 KB   368/396 KB   372/396 KB   376/396 KB   380/396 KB   384/396 KB   388/396 KB   392/396 KB   396/396 KB   396/396 KB                Downloaded: https://repo.maven.apache.org/maven2/org/apache/maven/plugins/maven-javadoc-plugin/2.10.3/maven-javadoc-plugin-2.10.3.jar (396 KB at 2489.1 KB/sec)
[INFO]                                                                         
[INFO] ------------------------------------------------------------------------
[INFO] Building Retrofit (Parent) 2.0.0-SNAPSHOT
[INFO] ------------------------------------------------------------------------
[INFO] 
[INFO] --- maven-clean-plugin:2.5:clean (default-clean) @ parent ---
[INFO] 
[INFO] >>> maven-source-plugin:2.4:jar (default-cli) > generate-sources @ parent >>>
[INFO] 
[INFO] --- maven-enforcer-plugin:1.0:enforce (enforce-maven) @ parent ---
[INFO] 
[INFO] <<< maven-source-plugin:2.4:jar (default-cli) < generate-sources @ parent <<<
[INFO] 
[INFO] --- maven-source-plugin:2.4:jar (default-cli) @ parent ---
Downloading: https://repo.maven.apache.org/maven2/org/codehaus/plexus/plexus-archiver/2.6.3/plexus-archiver-2.6.3.pom
4/4 KB                Downloaded: https://repo.maven.apache.org/maven2/org/codehaus/plexus/plexus-archiver/2.6.3/plexus-archiver-2.6.3.pom (4 KB at 30.5 KB/sec)
Downloading: https://repo.maven.apache.org/maven2/org/codehaus/plexus/plexus-utils/3.0.18/plexus-utils-3.0.18.pom
4/4 KB            Downloaded: https://repo.maven.apache.org/maven2/org/codehaus/plexus/plexus-utils/3.0.18/plexus-utils-3.0.18.pom (4 KB at 132.6 KB/sec)
Downloading: https://repo.maven.apache.org/maven2/org/codehaus/plexus/plexus-io/2.1.3/plexus-io-2.1.3.pom
3/3 KB            Downloaded: https://repo.maven.apache.org/maven2/org/codehaus/plexus/plexus-io/2.1.3/plexus-io-2.1.3.pom (3 KB at 64.5 KB/sec)
Downloading: https://repo.maven.apache.org/maven2/org/codehaus/plexus/plexus-components/1.2/plexus-components-1.2.pom
3/3 KB            Downloaded: https://repo.maven.apache.org/maven2/org/codehaus/plexus/plexus-components/1.2/plexus-components-1.2.pom (3 KB at 106.7 KB/sec)
Downloading: https://repo.maven.apache.org/maven2/org/apache/commons/commons-compress/1.8.1/commons-compress-1.8.1.pom
3/12 KB   7/12 KB   11/12 KB   12/12 KB              Downloaded: https://repo.maven.apache.org/maven2/org/apache/commons/commons-compress/1.8.1/commons-compress-1.8.1.pom (12 KB at 385.0 KB/sec)
Downloading: https://repo.maven.apache.org/maven2/org/apache/commons/commons-parent/33/commons-parent-33.pom
4/52 KB    8/52 KB   12/52 KB   16/52 KB   20/52 KB   24/52 KB   28/52 KB   32/52 KB   36/52 KB   40/52 KB   44/52 KB   48/52 KB   52/52 KB   52/52 KB              Downloaded: https://repo.maven.apache.org/maven2/org/apache/commons/commons-parent/33/commons-parent-33.pom (52 KB at 1296.1 KB/sec)
Downloading: https://repo.maven.apache.org/maven2/org/codehaus/plexus/plexus-interpolation/1.11/plexus-interpolation-1.11.jar
Downloading: https://repo.maven.apache.org/maven2/org/codehaus/plexus/plexus-archiver/2.6.3/plexus-archiver-2.6.3.jar
Downloading: https://repo.maven.apache.org/maven2/org/codehaus/plexus/plexus-io/2.1.3/plexus-io-2.1.3.jar
Downloading: https://repo.maven.apache.org/maven2/org/apache/commons/commons-compress/1.8.1/commons-compress-1.8.1.jar
Downloading: https://repo.maven.apache.org/maven2/org/codehaus/plexus/plexus-utils/3.0.18/plexus-utils-3.0.18.jar
4/50 KB    8/50 KB   12/50 KB   16/50 KB   4/129 KB   16/50 KB   8/129 KB   20/50 KB   12/129 KB   20/50 KB   16/129 KB   20/50 KB   20/129 KB   20/50 KB   4/129 KB   20/50 KB   20/129 KB   24/50 KB   20/129 KB   28/50 KB   20/129 KB   32/50 KB   20/129 KB   36/50 KB   20/129 KB   40/50 KB   20/129 KB   44/50 KB   20/129 KB   48/50 KB   20/129 KB   50/50 KB   24/129 KB   50/50 KB   28/129 KB   50/50 KB   32/129 KB   50/50 KB   32/129 KB   50/50 KB   4/357 KB                                               Downloaded: https://repo.maven.apache.org/maven2/org/codehaus/plexus/plexus-interpolation/1.11/plexus-interpolation-1.11.jar (50 KB at 646.0 KB/sec)
36/129 KB   4/65 KB   50/50 KB   4/357 KB   40/129 KB   4/65 KB   8/357 KB   44/129 KB   4/65 KB   8/357 KB   48/129 KB   4/65 KB   8/357 KB   52/129 KB   4/65 KB   8/357 KB   32/129 KB   4/65 KB   50/50 KB   4/357 KB   52/129 KB   8/65 KB   8/357 KB   52/129 KB   12/65 KB   8/357 KB   52/129 KB   16/65 KB   8/357 KB   36/129 KB   4/65 KB   8/357 KB              52/129 KB   16/65 KB   12/357 KB   52/129 KB   16/65 KB   16/357 KB   52/129 KB   20/65 KB   16/357 KB   52/129 KB   24/65 KB   16/357 KB   52/129 KB   28/65 KB   16/357 KB   52/129 KB   32/65 KB   16/357 KB   52/129 KB   32/65 KB   20/357 KB   56/129 KB   32/65 KB   24/357 KB   56/129 KB   32/65 KB   28/357 KB   56/129 KB   32/65 KB   20/357 KB   60/129 KB   32/65 KB   32/357 KB   64/129 KB   32/65 KB   32/357 KB   68/129 KB   32/65 KB   32/357 KB   72/129 KB   36/65 KB   32/357 KB   76/129 KB   36/65 KB   32/357 KB   80/129 KB   36/65 KB   32/357 KB   84/129 KB   36/65 KB   32/357 KB   56/129 KB   32/65 KB   32/357 KB   84/129 KB   36/65 KB   36/357 KB   84/129 KB   36/65 KB   40/357 KB   84/129 KB   36/65 KB   44/357 KB   84/129 KB   36/65 KB   48/357 KB   68/129 KB   36/65 KB   32/357 KB   88/129 KB   4/238 KB   40/65 KB   48/357 KB   88/129 KB   4/238 KB   44/65 KB   48/357 KB   88/129 KB   4/238 KB   48/65 KB   48/357 KB   84/129 KB   4/238 KB   36/65 KB   48/357 KB   88/129 KB   8/238 KB   48/65 KB   48/357 KB   88/129 KB   12/238 KB   48/65 KB   48/357 KB   88/129 KB   16/238 KB   48/65 KB   48/357 KB   88/129 KB   16/238 KB   52/65 KB   48/357 KB   88/129 KB   16/238 KB   56/65 KB   48/357 KB   88/129 KB   16/238 KB   60/65 KB   48/357 KB   88/129 KB   16/238 KB   64/65 KB   48/357 KB   88/129 KB   20/238 KB   64/65 KB   48/357 KB   88/129 KB   24/238 KB   64/65 KB   48/357 KB   88/129 KB   28/238 KB   64/65 KB   48/357 KB   88/129 KB   32/238 KB   64/65 KB   48/357 KB   88/129 KB   32/238 KB   65/65 KB   48/357 KB   88/129 KB   4/238 KB   36/65 KB   48/357 KB   92/129 KB   36/238 KB   65/65 KB   52/357 KB   96/129 KB   36/238 KB   65/65 KB   52/357 KB   100/129 KB   36/238 KB   65/65 KB   52/357 KB   104/129 KB   36/238 KB   65/65 KB   52/357 KB   108/129 KB   36/238 KB   65/65 KB   52/357 KB   112/129 KB   36/238 KB   65/65 KB   52/357 KB   88/129 KB   36/238 KB   65/65 KB   48/357 KB   112/129 KB   40/238 KB   65/65 KB   52/357 KB   112/129 KB   44/238 KB   65/65 KB   52/357 KB   112/129 KB   48/238 KB   65/65 KB   52/357 KB   116/129 KB   48/238 KB   65/65 KB   52/357 KB   120/129 KB   48/238 KB   65/65 KB   52/357 KB   124/129 KB   48/238 KB   65/65 KB   52/357 KB   128/129 KB   48/238 KB   65/65 KB   52/357 KB   129/129 KB   48/238 KB   65/65 KB   52/357 KB   129/129 KB   52/238 KB   65/65 KB   52/357 KB   129/129 KB   56/238 KB   65/65 KB   52/357 KB   129/129 KB   60/238 KB   65/65 KB   52/357 KB   129/129 KB   64/238 KB   65/65 KB   52/357 KB   88/129 KB   36/238 KB   65/65 KB   52/357 KB   129/129 KB   64/238 KB   65/65 KB   56/357 KB   129/129 KB   64/238 KB   65/65 KB   60/357 KB   129/129 KB   64/238 KB   65/65 KB   64/357 KB   129/129 KB   64/238 KB   65/65 KB   68/357 KB   129/129 KB   64/238 KB   65/65 KB   72/357 KB                                                   Downloaded: https://repo.maven.apache.org/maven2/org/codehaus/plexus/plexus-io/2.1.3/plexus-io-2.1.3.jar (65 KB at 421.4 KB/sec)
129/129 KB   64/238 KB   76/357 KB              129/129 KB   64/238 KB   80/357 KB   129/129 KB   68/238 KB   80/357 KB   129/129 KB   68/238 KB   84/357 KB   129/129 KB   72/238 KB   84/357 KB   129/129 KB   72/238 KB   88/357 KB   129/129 KB   72/238 KB   92/357 KB   129/129 KB   76/238 KB   92/357 KB   129/129 KB   76/238 KB   96/357 KB   129/129 KB   80/238 KB   96/357 KB   129/129 KB   84/238 KB   96/357 KB   129/129 KB   88/238 KB   96/357 KB   129/129 KB   92/238 KB   96/357 KB   129/129 KB   96/238 KB   96/357 KB                                        Downloaded: https://repo.maven.apache.org/maven2/org/codehaus/plexus/plexus-archiver/2.6.3/plexus-archiver-2.6.3.jar (129 KB at 754.5 KB/sec)
96/238 KB   100/357 KB               96/238 KB   104/357 KB   96/238 KB   108/357 KB   96/238 KB   112/357 KB   100/238 KB   112/357 KB   104/238 KB   112/357 KB   108/238 KB   112/357 KB   112/238 KB   112/357 KB   112/238 KB   116/357 KB   112/238 KB   120/357 KB   112/238 KB   124/357 KB   112/238 KB   128/357 KB   116/238 KB   128/357 KB   120/238 KB   128/357 KB   124/238 KB   128/357 KB   128/238 KB   128/357 KB   128/238 KB   132/357 KB   128/238 KB   136/357 KB   128/238 KB   140/357 KB   128/238 KB   144/357 KB   132/238 KB   144/357 KB   136/238 KB   144/357 KB   140/238 KB   144/357 KB   144/238 KB   144/357 KB   144/238 KB   148/357 KB   144/238 KB   152/357 KB   144/238 KB   156/357 KB   144/238 KB   160/357 KB   148/238 KB   160/357 KB   152/238 KB   160/357 KB   156/238 KB   160/357 KB   160/238 KB   160/357 KB   160/238 KB   164/357 KB   160/238 KB   168/357 KB   160/238 KB   172/357 KB   160/238 KB   176/357 KB   164/238 KB   176/357 KB   168/238 KB   176/357 KB   172/238 KB   176/357 KB   176/238 KB   176/357 KB   176/238 KB   180/357 KB   176/238 KB   184/357 KB   176/238 KB   188/357 KB   176/238 KB   192/357 KB   180/238 KB   192/357 KB   184/238 KB   192/357 KB   188/238 KB   192/357 KB   192/238 KB   192/357 KB   192/238 KB   196/357 KB   192/238 KB   200/357 KB   192/238 KB   204/357 KB   192/238 KB   208/357 KB   196/238 KB   208/357 KB   200/238 KB   208/357 KB   204/238 KB   208/357 KB   208/238 KB   208/357 KB   208/238 KB   212/357 KB   208/238 KB   216/357 KB   208/238 KB   220/357 KB   208/238 KB   224/357 KB   212/238 KB   224/357 KB   216/238 KB   224/357 KB   220/238 KB   224/357 KB   224/238 KB   224/357 KB   224/238 KB   228/357 KB   224/238 KB   232/357 KB   224/238 KB   236/357 KB   224/238 KB   240/357 KB   228/238 KB   240/357 KB   232/238 KB   240/357 KB   236/238 KB   240/357 KB   238/238 KB   240/357 KB   238/238 KB   244/357 KB   238/238 KB   248/357 KB   238/238 KB   252/357 KB   238/238 KB   256/357 KB   238/238 KB   260/357 KB   238/238 KB   264/357 KB   238/238 KB   268/357 KB   238/238 KB   272/357 KB   238/238 KB   276/357 KB   238/238 KB   280/357 KB   238/238 KB   284/357 KB   238/238 KB   288/357 KB   238/238 KB   292/357 KB   238/238 KB   296/357 KB   238/238 KB   300/357 KB   238/238 KB   304/357 KB                             Downloaded: https://repo.maven.apache.org/maven2/org/codehaus/plexus/plexus-utils/3.0.18/plexus-utils-3.0.18.jar (238 KB at 1005.5 KB/sec)
308/357 KB                312/357 KB   316/357 KB   320/357 KB   324/357 KB   328/357 KB   332/357 KB   336/357 KB   340/357 KB   344/357 KB   348/357 KB   352/357 KB   356/357 KB   357/357 KB                Downloaded: https://repo.maven.apache.org/maven2/org/apache/commons/commons-compress/1.8.1/commons-compress-1.8.1.jar (357 KB at 1347.1 KB/sec)
[INFO] 
[INFO] --- maven-javadoc-plugin:2.10.3:jar (default-cli) @ parent ---
Downloading: https://repo.maven.apache.org/maven2/org/apache/maven/shared/maven-invoker/2.0.9/maven-invoker-2.0.9.pom
4/6 KB       6/6 KB            Downloaded: https://repo.maven.apache.org/maven2/org/apache/maven/shared/maven-invoker/2.0.9/maven-invoker-2.0.9.pom (6 KB at 106.4 KB/sec)
Downloading: https://repo.maven.apache.org/maven2/org/apache/maven/maven-plugin-api/2.0.8/maven-plugin-api-2.0.8.pom
2/2 KB            Downloaded: https://repo.maven.apache.org/maven2/org/apache/maven/maven-plugin-api/2.0.8/maven-plugin-api-2.0.8.pom (2 KB at 36.5 KB/sec)
Downloading: https://repo.maven.apache.org/maven2/org/codehaus/plexus/plexus-utils/1.4.9/plexus-utils-1.4.9.pom
3/3 KB            Downloaded: https://repo.maven.apache.org/maven2/org/codehaus/plexus/plexus-utils/1.4.9/plexus-utils-1.4.9.pom (3 KB at 97.5 KB/sec)
Downloading: https://repo.maven.apache.org/maven2/org/apache/maven/wagon/wagon-provider-api/1.0-beta-6/wagon-provider-api-1.0-beta-6.pom
2/2 KB            Downloaded: https://repo.maven.apache.org/maven2/org/apache/maven/wagon/wagon-provider-api/1.0-beta-6/wagon-provider-api-1.0-beta-6.pom (2 KB at 59.3 KB/sec)
Downloading: https://repo.maven.apache.org/maven2/org/apache/maven/wagon/wagon/1.0-beta-6/wagon-1.0-beta-6.pom
4/13 KB   8/13 KB   12/13 KB   13/13 KB              Downloaded: https://repo.maven.apache.org/maven2/org/apache/maven/wagon/wagon/1.0-beta-6/wagon-1.0-beta-6.pom (13 KB at 465.2 KB/sec)
Downloading: https://repo.maven.apache.org/maven2/org/codehaus/plexus/plexus-utils/1.4.2/plexus-utils-1.4.2.pom
2/2 KB              Downloaded: https://repo.maven.apache.org/maven2/org/codehaus/plexus/plexus-utils/1.4.2/plexus-utils-1.4.2.pom (2 KB at 70.9 KB/sec)
Downloading: https://repo.maven.apache.org/maven2/commons-io/commons-io/2.2/commons-io-2.2.pom
4/11 KB   8/11 KB   11/11 KB              Downloaded: https://repo.maven.apache.org/maven2/commons-io/commons-io/2.2/commons-io-2.2.pom (11 KB at 316.9 KB/sec)
Downloading: https://repo.maven.apache.org/maven2/org/apache/commons/commons-parent/24/commons-parent-24.pom
4/47 KB    8/47 KB   12/47 KB   16/47 KB   20/47 KB   24/47 KB   28/47 KB   32/47 KB   36/47 KB   40/47 KB   44/47 KB   47/47 KB              Downloaded: https://repo.maven.apache.org/maven2/org/apache/commons/commons-parent/24/commons-parent-24.pom (47 KB at 854.8 KB/sec)
Downloading: https://repo.maven.apache.org/maven2/org/apache/httpcomponents/httpclient/4.2.3/httpclient-4.2.3.pom
4/6 KB     6/6 KB            Downloaded: https://repo.maven.apache.org/maven2/org/apache/httpcomponents/httpclient/4.2.3/httpclient-4.2.3.pom (6 KB at 156.0 KB/sec)
Downloading: https://repo.maven.apache.org/maven2/org/apache/httpcomponents/httpcomponents-client/4.2.3/httpcomponents-client-4.2.3.pom
3/15 KB   7/15 KB   11/15 KB   15/15 KB              Downloaded: https://repo.maven.apache.org/maven2/org/apache/httpcomponents/httpcomponents-client/4.2.3/httpcomponents-client-4.2.3.pom (15 KB at 491.8 KB/sec)
Downloading: https://repo.maven.apache.org/maven2/org/apache/httpcomponents/project/6/project-6.pom
4/24 KB    8/24 KB   12/24 KB   16/24 KB   20/24 KB   24/24 KB              Downloaded: https://repo.maven.apache.org/maven2/org/apache/httpcomponents/project/6/project-6.pom (24 KB at 600.6 KB/sec)
Downloading: https://repo.maven.apache.org/maven2/org/apache/httpcomponents/httpcore/4.2.2/httpcore-4.2.2.pom
2/6 KB     6/6 KB            Downloaded: https://repo.maven.apache.org/maven2/org/apache/httpcomponents/httpcore/4.2.2/httpcore-4.2.2.pom (6 KB at 231.3 KB/sec)
Downloading: https://repo.maven.apache.org/maven2/org/apache/httpcomponents/httpcomponents-core/4.2.2/httpcomponents-core-4.2.2.pom
4/12 KB   8/12 KB   12/12 KB              Downloaded: https://repo.maven.apache.org/maven2/org/apache/httpcomponents/httpcomponents-core/4.2.2/httpcomponents-core-4.2.2.pom (12 KB at 320.1 KB/sec)
Downloading: https://repo.maven.apache.org/maven2/commons-codec/commons-codec/1.6/commons-codec-1.6.pom
4/11 KB    8/11 KB   11/11 KB              Downloaded: https://repo.maven.apache.org/maven2/commons-codec/commons-codec/1.6/commons-codec-1.6.pom (11 KB at 311.3 KB/sec)
Downloading: https://repo.maven.apache.org/maven2/log4j/log4j/1.2.14/log4j-1.2.14.pom
3/3 KB              Downloaded: https://repo.maven.apache.org/maven2/log4j/log4j/1.2.14/log4j-1.2.14.pom (3 KB at 82.8 KB/sec)
Downloading: https://repo.maven.apache.org/maven2/com/thoughtworks/qdox/qdox/1.12.1/qdox-1.12.1.pom
4/18 KB   8/18 KB   12/18 KB   16/18 KB   18/18 KB              Downloaded: https://repo.maven.apache.org/maven2/com/thoughtworks/qdox/qdox/1.12.1/qdox-1.12.1.pom (18 KB at 661.0 KB/sec)
Downloading: https://repo.maven.apache.org/maven2/org/codehaus/plexus/plexus-archiver/2.9/plexus-archiver-2.9.pom
4/5 KB     5/5 KB            Downloaded: https://repo.maven.apache.org/maven2/org/codehaus/plexus/plexus-archiver/2.9/plexus-archiver-2.9.pom (5 KB at 157.9 KB/sec)
Downloading: https://repo.maven.apache.org/maven2/org/codehaus/plexus/plexus-io/2.4/plexus-io-2.4.pom
4/4 KB            Downloaded: https://repo.maven.apache.org/maven2/org/codehaus/plexus/plexus-io/2.4/plexus-io-2.4.pom (4 KB at 68.7 KB/sec)
Downloading: https://repo.maven.apache.org/maven2/org/apache/commons/commons-compress/1.9/commons-compress-1.9.pom
4/12 KB   8/12 KB   12/12 KB              Downloaded: https://repo.maven.apache.org/maven2/org/apache/commons/commons-compress/1.9/commons-compress-1.9.pom (12 KB at 338.3 KB/sec)
Downloading: https://repo.maven.apache.org/maven2/org/apache/commons/commons-parent/34/commons-parent-34.pom
4/55 KB    8/55 KB   12/55 KB   16/55 KB   20/55 KB   24/55 KB   28/55 KB   32/55 KB   36/55 KB   40/55 KB   44/55 KB   48/55 KB   52/55 KB   55/55 KB              Downloaded: https://repo.maven.apache.org/maven2/org/apache/commons/commons-parent/34/commons-parent-34.pom (55 KB at 1270.5 KB/sec)
Downloading: https://repo.maven.apache.org/maven2/org/apache/maven/shared/maven-invoker/2.0.9/maven-invoker-2.0.9.jar
Downloading: https://repo.maven.apache.org/maven2/org/apache/maven/doxia/doxia-core/1.4/doxia-core-1.4.jar
Downloading: https://repo.maven.apache.org/maven2/commons-digester/commons-digester/1.8/commons-digester-1.8.jar
Downloading: https://repo.maven.apache.org/maven2/antlr/antlr/2.7.2/antlr-2.7.2.jar
Downloading: https://repo.maven.apache.org/maven2/org/codehaus/plexus/plexus-velocity/1.1.7/plexus-velocity-1.1.7.jar
4/8 KB     8/8 KB   4/28 KB   4/8 KB   4/28 KB   8/8 KB   8/28 KB   8/8 KB   9/28 KB   8/8 KB   13/28 KB   4/162 KB   8/8 KB   17/28 KB   4/162 KB   8/8 KB   21/28 KB   4/162 KB   8/8 KB   13/28 KB   8/162 KB   8/8 KB   21/28 KB   12/162 KB   8/8 KB   21/28 KB   16/162 KB   8/8 KB   21/28 KB                                   Downloaded: https://repo.maven.apache.org/maven2/org/codehaus/plexus/plexus-velocity/1.1.7/plexus-velocity-1.1.7.jar (8 KB at 89.1 KB/sec)
Downloading: https://repo.maven.apache.org/maven2/commons-lang/commons-lang/2.4/commons-lang-2.4.jar
16/162 KB   25/28 KB            20/162 KB   28/28 KB   4/141 KB   16/162 KB   25/28 KB   4/141 KB   20/162 KB   28/28 KB   8/141 KB   20/162 KB   28/28 KB   12/141 KB   20/162 KB   28/28 KB   16/141 KB   20/162 KB   25/28 KB   4/141 KB   24/162 KB   28/28 KB   16/141 KB   28/162 KB   28/28 KB   16/141 KB   32/162 KB   28/28 KB   16/141 KB   32/162 KB   28/28 KB   16/141 KB   4/256 KB   32/162 KB   28/28 KB   16/141 KB   8/256 KB   32/162 KB   28/28 KB   16/141 KB   12/256 KB   32/162 KB   28/28 KB   16/141 KB   16/256 KB   36/162 KB   28/28 KB   16/141 KB   16/256 KB   40/162 KB   20/141 KB   20/256 KB   44/162 KB   20/141 KB   20/256 KB   48/162 KB   20/141 KB   20/256 KB   36/162 KB   28/28 KB   20/141 KB   16/256 KB   48/162 KB   24/141 KB   20/256 KB   48/162 KB   28/141 KB   20/256 KB   48/162 KB   32/141 KB   20/256 KB   4/350 KB   48/162 KB   32/141 KB   20/256 KB   8/350 KB   52/162 KB   32/141 KB   20/256 KB   12/350 KB   52/162 KB   32/141 KB   20/256 KB   16/350 KB   52/162 KB   32/141 KB   20/256 KB   36/162 KB   20/141 KB   20/256 KB                                                             Downloaded: https://repo.maven.apache.org/maven2/org/apache/maven/shared/maven-invoker/2.0.9/maven-invoker-2.0.9.jar (28 KB at 184.1 KB/sec)
Downloading: https://repo.maven.apache.org/maven2/commons-io/commons-io/2.2/commons-io-2.2.jar
16/350 KB   52/162 KB   32/141 KB   24/256 KB   16/350 KB   52/162 KB   32/141 KB   28/256 KB   16/350 KB   52/162 KB   32/141 KB   32/256 KB   16/350 KB   52/162 KB   36/141 KB   32/256 KB   16/350 KB   52/162 KB   40/141 KB   32/256 KB   16/350 KB   52/162 KB   44/141 KB   32/256 KB   16/350 KB   52/162 KB   48/141 KB   32/256 KB   16/350 KB   52/162 KB   48/141 KB   36/256 KB   20/350 KB   52/162 KB   48/141 KB   40/256 KB   4/170 KB   20/350 KB   52/162 KB   48/141 KB   44/256 KB   4/170 KB   20/350 KB   52/162 KB   52/141 KB   44/256 KB   4/170 KB   20/350 KB   52/162 KB   56/141 KB   48/256 KB   4/170 KB   20/350 KB   52/162 KB   60/141 KB   48/256 KB   4/170 KB   20/350 KB   52/162 KB   64/141 KB   48/256 KB   4/170 KB   4/350 KB   52/162 KB   32/141 KB   20/256 KB   20/350 KB   56/162 KB   64/141 KB   48/256 KB   4/170 KB   20/350 KB   60/162 KB   64/141 KB   48/256 KB   4/170 KB   20/350 KB   64/162 KB   64/141 KB   48/256 KB   4/170 KB   20/350 KB   64/162 KB   68/141 KB   48/256 KB   4/170 KB   20/350 KB   64/162 KB   72/141 KB   48/256 KB   4/170 KB   20/350 KB   64/162 KB   76/141 KB   48/256 KB   4/170 KB   20/350 KB   64/162 KB   80/141 KB   48/256 KB   4/170 KB   20/350 KB   68/162 KB   80/141 KB   48/256 KB   4/170 KB   20/350 KB   52/162 KB   52/141 KB   48/256 KB   4/170 KB   20/350 KB   52/162 KB   48/141 KB   36/256 KB   4/170 KB   24/350 KB   72/162 KB   84/141 KB   48/256 KB   4/170 KB   28/350 KB   72/162 KB   84/141 KB   48/256 KB   4/170 KB   32/350 KB   72/162 KB   84/141 KB   48/256 KB   4/170 KB   36/350 KB   72/162 KB   84/141 KB   48/256 KB   4/170 KB   40/350 KB   72/162 KB   84/141 KB   48/256 KB   4/170 KB   44/350 KB   72/162 KB   84/141 KB   48/256 KB   4/170 KB   48/350 KB   72/162 KB   84/141 KB   48/256 KB   4/170 KB   52/350 KB   72/162 KB   84/141 KB   48/256 KB   4/170 KB   16/350 KB   52/162 KB   48/141 KB   36/256 KB   4/170 KB   52/350 KB   72/162 KB   84/141 KB   52/256 KB   8/170 KB   52/350 KB   72/162 KB   84/141 KB   52/256 KB   12/170 KB   52/350 KB   72/162 KB   84/141 KB   52/256 KB   16/170 KB   52/350 KB   72/162 KB   84/141 KB   52/256 KB   20/170 KB   52/350 KB   72/162 KB   84/141 KB   52/256 KB   24/170 KB   52/350 KB   72/162 KB   84/141 KB   52/256 KB   28/170 KB   52/350 KB   72/162 KB   84/141 KB   52/256 KB   32/170 KB   52/350 KB   72/162 KB   84/141 KB   52/256 KB   36/170 KB   56/350 KB   72/162 KB   84/141 KB   52/256 KB   40/170 KB   56/350 KB   72/162 KB   84/141 KB   52/256 KB   44/170 KB   56/350 KB   72/162 KB   84/141 KB   52/256 KB   48/170 KB   56/350 KB   72/162 KB   84/141 KB   52/256 KB   52/170 KB   52/350 KB   72/162 KB   84/141 KB   52/256 KB   4/170 KB   20/350 KB   72/162 KB   84/141 KB   48/256 KB   4/170 KB   56/350 KB   72/162 KB   84/141 KB   56/256 KB   56/170 KB   56/350 KB   76/162 KB   84/141 KB   56/256 KB   56/170 KB   56/350 KB   80/162 KB   84/141 KB   56/256 KB   60/170 KB   56/350 KB   84/162 KB   84/141 KB   56/256 KB   60/170 KB   56/350 KB   88/162 KB   84/141 KB   56/256 KB   60/170 KB   56/350 KB   92/162 KB   84/141 KB   56/256 KB   60/170 KB   56/350 KB   96/162 KB   84/141 KB   56/256 KB   60/170 KB   20/350 KB   68/162 KB   84/141 KB   48/256 KB   4/170 KB   56/350 KB   76/162 KB   84/141 KB   56/256 KB   60/170 KB   56/350 KB   72/162 KB   84/141 KB   56/256 KB   52/170 KB   56/350 KB   96/162 KB   88/141 KB   60/256 KB   60/170 KB   56/350 KB   96/162 KB   88/141 KB   64/256 KB   60/170 KB   56/350 KB   100/162 KB   88/141 KB   64/256 KB   60/170 KB   56/350 KB   72/162 KB   84/141 KB   52/256 KB   36/170 KB   60/350 KB   104/162 KB   88/141 KB   64/256 KB   60/170 KB   64/350 KB   104/162 KB   88/141 KB   64/256 KB   60/170 KB   56/350 KB   104/162 KB   88/141 KB   64/256 KB   60/170 KB   56/350 KB   96/162 KB   88/141 KB   56/256 KB   60/170 KB   64/350 KB   104/162 KB   92/141 KB   64/256 KB   60/170 KB   64/350 KB   104/162 KB   96/141 KB   64/256 KB   60/170 KB   64/350 KB   104/162 KB   100/141 KB   64/256 KB   60/170 KB   64/350 KB   104/162 KB   104/141 KB   64/256 KB   60/170 KB   64/350 KB   104/162 KB   108/141 KB   64/256 KB   60/170 KB   64/350 KB   108/162 KB   112/141 KB   64/256 KB   60/170 KB   68/350 KB   108/162 KB   112/141 KB   64/256 KB   60/170 KB   72/350 KB   108/162 KB   112/141 KB   64/256 KB   60/170 KB   76/350 KB   108/162 KB   112/141 KB   64/256 KB   60/170 KB   80/350 KB   108/162 KB   112/141 KB   64/256 KB   60/170 KB   64/350 KB   108/162 KB   108/141 KB   64/256 KB   60/170 KB   80/350 KB   112/162 KB   112/141 KB   64/256 KB   60/170 KB   80/350 KB   112/162 KB   112/141 KB   68/256 KB   60/170 KB   84/350 KB   112/162 KB   112/141 KB   72/256 KB   60/170 KB   84/350 KB   112/162 KB   112/141 KB   76/256 KB   60/170 KB   84/350 KB   112/162 KB   112/141 KB   80/256 KB   60/170 KB   84/350 KB   112/162 KB   116/141 KB   80/256 KB   60/170 KB   84/350 KB   112/162 KB   112/141 KB   68/256 KB   60/170 KB   88/350 KB   116/162 KB   120/141 KB   84/256 KB   64/170 KB   92/350 KB   116/162 KB   120/141 KB   84/256 KB   64/170 KB   96/350 KB   116/162 KB   120/141 KB   84/256 KB   64/170 KB   84/350 KB   116/162 KB   120/141 KB   84/256 KB   64/170 KB   96/350 KB   116/162 KB   124/141 KB   84/256 KB   64/170 KB   96/350 KB   116/162 KB   128/141 KB   84/256 KB   64/170 KB   100/350 KB   116/162 KB   128/141 KB   84/256 KB   64/170 KB   104/350 KB   116/162 KB   128/141 KB   84/256 KB   64/170 KB   108/350 KB   116/162 KB   128/141 KB   84/256 KB   64/170 KB   112/350 KB   116/162 KB   128/141 KB   84/256 KB   64/170 KB   112/350 KB   116/162 KB   132/141 KB   84/256 KB   64/170 KB   112/350 KB   116/162 KB   136/141 KB   84/256 KB   64/170 KB   84/350 KB   116/162 KB   116/141 KB   84/256 KB   64/170 KB   84/350 KB   112/162 KB   116/141 KB   84/256 KB   64/170 KB   84/350 KB   112/162 KB   116/141 KB   84/256 KB   60/170 KB   116/350 KB   116/162 KB   140/141 KB   88/256 KB   64/170 KB   116/350 KB   116/162 KB   140/141 KB   92/256 KB   64/170 KB   116/350 KB   116/162 KB   140/141 KB   96/256 KB   64/170 KB   116/350 KB   116/162 KB   140/141 KB   100/256 KB   64/170 KB   116/350 KB   120/162 KB   140/141 KB   104/256 KB   68/170 KB   116/350 KB   120/162 KB   140/141 KB   108/256 KB   68/170 KB   116/350 KB   120/162 KB   140/141 KB   112/256 KB   68/170 KB   116/350 KB   120/162 KB   140/141 KB   116/256 KB   68/170 KB   116/350 KB   116/162 KB   140/141 KB   84/256 KB   64/170 KB   116/350 KB   120/162 KB   141/141 KB   116/256 KB   68/170 KB   116/350 KB   116/162 KB   136/141 KB   84/256 KB   64/170 KB   120/350 KB   120/162 KB   141/141 KB   116/256 KB   68/170 KB   124/350 KB   120/162 KB   141/141 KB   116/256 KB   68/170 KB   128/350 KB   120/162 KB   141/141 KB   116/256 KB   68/170 KB   116/350 KB   120/162 KB   140/141 KB   100/256 KB   68/170 KB   128/350 KB   124/162 KB   141/141 KB   116/256 KB   68/170 KB   128/350 KB   128/162 KB   141/141 KB   116/256 KB   68/170 KB   116/350 KB   116/162 KB   140/141 KB   100/256 KB   68/170 KB   128/350 KB   128/162 KB   141/141 KB   116/256 KB   72/170 KB   128/350 KB   128/162 KB   141/141 KB   116/256 KB   76/170 KB   128/350 KB   128/162 KB   141/141 KB   116/256 KB   80/170 KB   128/350 KB   128/162 KB   141/141 KB   116/256 KB   84/170 KB   128/350 KB   128/162 KB   141/141 KB   116/256 KB   88/170 KB   128/350 KB   128/162 KB   141/141 KB   116/256 KB   92/170 KB   128/350 KB   128/162 KB   141/141 KB   116/256 KB   96/170 KB   128/350 KB   128/162 KB   141/141 KB   116/256 KB   100/170 KB   128/350 KB   132/162 KB   141/141 KB   120/256 KB   104/170 KB   128/350 KB   132/162 KB   141/141 KB   120/256 KB   108/170 KB   128/350 KB   132/162 KB   141/141 KB   120/256 KB   112/170 KB                                                                    Downloaded: https://repo.maven.apache.org/maven2/commons-digester/commons-digester/1.8/commons-digester-1.8.jar (141 KB at 481.9 KB/sec)
Downloading: https://repo.maven.apache.org/maven2/org/apache/httpcomponents/httpclient/4.2.3/httpclient-4.2.3.jar
128/350 KB   132/162 KB   141/141 KB   116/256 KB   100/170 KB   128/350 KB   136/162 KB   120/256 KB   112/170 KB                128/350 KB   140/162 KB   120/256 KB   112/170 KB   128/350 KB   144/162 KB   120/256 KB   112/170 KB   128/350 KB   148/162 KB   120/256 KB   112/170 KB   132/350 KB   152/162 KB   120/256 KB   116/170 KB   132/350 KB   156/162 KB   120/256 KB   116/170 KB   132/350 KB   160/162 KB   120/256 KB   116/170 KB   132/350 KB   162/162 KB   120/256 KB   116/170 KB   128/350 KB   132/162 KB   141/141 KB   120/256 KB   100/170 KB   132/350 KB   162/162 KB   124/256 KB   116/170 KB   132/350 KB   162/162 KB   128/256 KB   116/170 KB   132/350 KB   162/162 KB   128/256 KB   116/170 KB   4/423 KB   132/350 KB   162/162 KB   128/256 KB   116/170 KB   8/423 KB   132/350 KB   162/162 KB   128/256 KB   116/170 KB   12/423 KB   132/350 KB   162/162 KB   128/256 KB   116/170 KB   16/423 KB   132/350 KB   162/162 KB   128/256 KB   116/170 KB   20/423 KB   132/350 KB   162/162 KB   132/256 KB   116/170 KB   24/423 KB   132/350 KB   148/162 KB   120/256 KB   116/170 KB   132/350 KB   148/162 KB   120/256 KB   112/170 KB   136/350 KB   162/162 KB   132/256 KB   120/170 KB   24/423 KB   140/350 KB   162/162 KB   132/256 KB   120/170 KB   24/423 KB   144/350 KB   162/162 KB   132/256 KB   120/170 KB   24/423 KB   148/350 KB   162/162 KB   132/256 KB   120/170 KB   24/423 KB   132/350 KB   162/162 KB   132/256 KB   116/170 KB   20/423 KB   152/350 KB   162/162 KB   132/256 KB   120/170 KB   28/423 KB   156/350 KB   162/162 KB   132/256 KB   120/170 KB   28/423 KB   148/350 KB   162/162 KB   132/256 KB   120/170 KB   28/423 KB   160/350 KB   162/162 KB   136/256 KB   120/170 KB   32/423 KB   160/350 KB   162/162 KB   136/256 KB   120/170 KB   36/423 KB   132/350 KB   162/162 KB   132/256 KB   120/170 KB   24/423 KB   160/350 KB   162/162 KB   136/256 KB   124/170 KB   36/423 KB   160/350 KB   162/162 KB   136/256 KB   128/170 KB   36/423 KB   160/350 KB   162/162 KB   136/256 KB   132/170 KB   36/423 KB   160/350 KB   162/162 KB   136/256 KB   136/170 KB   36/423 KB   160/350 KB   162/162 KB   136/256 KB   140/170 KB   36/423 KB   160/350 KB   162/162 KB   136/256 KB   144/170 KB   36/423 KB   160/350 KB   162/162 KB   136/256 KB   144/170 KB   36/423 KB   156/350 KB   162/162 KB   136/256 KB   120/170 KB   28/423 KB   160/350 KB   162/162 KB   140/256 KB   144/170 KB   36/423 KB   160/350 KB   162/162 KB   144/256 KB   144/170 KB   36/423 KB                                                                   Downloaded: https://repo.maven.apache.org/maven2/org/apache/maven/doxia/doxia-core/1.4/doxia-core-1.4.jar (162 KB at 475.0 KB/sec)
Downloading: https://repo.maven.apache.org/maven2/org/apache/httpcomponents/httpcore/4.2.2/httpcore-4.2.2.jar
164/350 KB   144/256 KB   144/170 KB   36/423 KB                168/350 KB   144/256 KB   144/170 KB   36/423 KB   172/350 KB   144/256 KB   144/170 KB   36/423 KB   172/350 KB   144/256 KB   144/170 KB   40/423 KB   176/350 KB   144/256 KB   144/170 KB   40/423 KB   176/350 KB   144/256 KB   144/170 KB   44/423 KB   176/350 KB   144/256 KB   144/170 KB   48/423 KB   176/350 KB   144/256 KB   144/170 KB   52/423 KB   180/350 KB   148/256 KB   148/170 KB   52/423 KB   180/350 KB   148/256 KB   144/170 KB   52/423 KB   180/350 KB   144/256 KB   144/170 KB   52/423 KB   184/350 KB   148/256 KB   152/170 KB   52/423 KB   184/350 KB   152/256 KB   152/170 KB   52/423 KB   180/350 KB   148/256 KB   152/170 KB   52/423 KB   188/350 KB   152/256 KB   156/170 KB   52/423 KB   188/350 KB   156/256 KB   156/170 KB   52/423 KB   188/350 KB   152/256 KB   152/170 KB   52/423 KB   192/350 KB   156/256 KB   160/170 KB   52/423 KB   192/350 KB   160/256 KB   160/170 KB   52/423 KB   188/350 KB   156/256 KB   160/170 KB   52/423 KB   192/350 KB   160/256 KB   164/170 KB   52/423 KB   196/350 KB   160/256 KB   168/170 KB   56/423 KB   4/219 KB   196/350 KB   160/256 KB   170/170 KB   56/423 KB   4/219 KB   196/350 KB   160/256 KB   164/170 KB   56/423 KB   4/219 KB   196/350 KB   160/256 KB   170/170 KB   60/423 KB   4/219 KB   196/350 KB   160/256 KB   170/170 KB   63/423 KB   4/219 KB   196/350 KB   164/256 KB   170/170 KB   63/423 KB   4/219 KB   196/350 KB   168/256 KB   170/170 KB   63/423 KB   4/219 KB   196/350 KB   172/256 KB   170/170 KB   63/423 KB   4/219 KB   196/350 KB   160/256 KB   164/170 KB   52/423 KB   4/219 KB   192/350 KB   160/256 KB   164/170 KB   52/423 KB   4/219 KB   196/350 KB   176/256 KB   170/170 KB   63/423 KB   8/219 KB   196/350 KB   176/256 KB   170/170 KB   63/423 KB   12/219 KB   196/350 KB   176/256 KB   170/170 KB   63/423 KB   16/219 KB   196/350 KB   176/256 KB   170/170 KB   67/423 KB   16/219 KB   196/350 KB   176/256 KB   170/170 KB   71/423 KB   16/219 KB   196/350 KB   176/256 KB   170/170 KB   75/423 KB   16/219 KB   196/350 KB   176/256 KB   170/170 KB   79/423 KB   16/219 KB   196/350 KB   176/256 KB   170/170 KB   79/423 KB   20/219 KB   196/350 KB   176/256 KB   170/170 KB   79/423 KB   24/219 KB   196/350 KB   176/256 KB   170/170 KB   79/423 KB   28/219 KB   196/350 KB   176/256 KB   170/170 KB   79/423 KB   32/219 KB   196/350 KB   176/256 KB   170/170 KB   83/423 KB   32/219 KB   196/350 KB   176/256 KB   170/170 KB   87/423 KB   32/219 KB   196/350 KB   176/256 KB   170/170 KB   91/423 KB   32/219 KB   196/350 KB   176/256 KB   170/170 KB   95/423 KB   32/219 KB                                                                  Downloaded: https://repo.maven.apache.org/maven2/commons-io/commons-io/2.2/commons-io-2.2.jar (170 KB at 447.3 KB/sec)
Downloading: https://repo.maven.apache.org/maven2/commons-codec/commons-codec/1.6/commons-codec-1.6.jar
200/350 KB   176/256 KB   95/423 KB   32/219 KB                204/350 KB   176/256 KB   95/423 KB   32/219 KB   208/350 KB   176/256 KB   95/423 KB   32/219 KB   208/350 KB   176/256 KB   99/423 KB   32/219 KB   208/350 KB   176/256 KB   103/423 KB   32/219 KB   208/350 KB   176/256 KB   107/423 KB   32/219 KB   208/350 KB   176/256 KB   111/423 KB   32/219 KB   196/350 KB   176/256 KB   170/170 KB   111/423 KB   32/219 KB   208/350 KB   176/256 KB   115/423 KB   32/219 KB                208/350 KB   176/256 KB   119/423 KB   32/219 KB   208/350 KB   176/256 KB   123/423 KB   32/219 KB   208/350 KB   176/256 KB   127/423 KB   32/219 KB   212/350 KB   180/256 KB   127/423 KB   32/219 KB   4/228 KB   212/350 KB   184/256 KB   131/423 KB   36/219 KB   4/228 KB   212/350 KB   188/256 KB   131/423 KB   36/219 KB   4/228 KB   212/350 KB   192/256 KB   131/423 KB   36/219 KB   4/228 KB   212/350 KB   196/256 KB   131/423 KB   36/219 KB   212/350 KB   176/256 KB   127/423 KB   36/219 KB              4/228 KB   212/350 KB   180/256 KB   131/423 KB   36/219 KB   4/228 KB   212/350 KB   180/256 KB   127/423 KB   36/219 KB   4/228 KB   216/350 KB   200/256 KB   131/423 KB   36/219 KB   212/350 KB   180/256 KB   127/423 KB   36/219 KB   4/228 KB   216/350 KB   200/256 KB   131/423 KB   40/219 KB   8/228 KB   216/350 KB   200/256 KB   131/423 KB   40/219 KB   8/228 KB   216/350 KB   204/256 KB   131/423 KB   44/219 KB   12/228 KB   216/350 KB   204/256 KB   131/423 KB   44/219 KB   16/228 KB   216/350 KB   208/256 KB   131/423 KB   44/219 KB   20/228 KB   216/350 KB   208/256 KB   131/423 KB   44/219 KB   24/228 KB   216/350 KB   208/256 KB   131/423 KB   44/219 KB   28/228 KB   216/350 KB   208/256 KB   131/423 KB   44/219 KB   32/228 KB   216/350 KB   208/256 KB   131/423 KB   44/219 KB   4/228 KB   216/350 KB   196/256 KB   131/423 KB   36/219 KB   12/228 KB   216/350 KB   208/256 KB   131/423 KB   44/219 KB   8/228 KB   216/350 KB   200/256 KB   131/423 KB   44/219 KB   32/228 KB   220/350 KB   208/256 KB   131/423 KB   48/219 KB   36/228 KB   220/350 KB   208/256 KB   131/423 KB   48/219 KB   40/228 KB   220/350 KB   208/256 KB   131/423 KB   48/219 KB   44/228 KB   220/350 KB   208/256 KB   131/423 KB   48/219 KB   48/228 KB   220/350 KB   208/256 KB   131/423 KB   48/219 KB   48/228 KB   220/350 KB   208/256 KB   135/423 KB   48/219 KB   32/228 KB   220/350 KB   208/256 KB   131/423 KB   44/219 KB   48/228 KB   224/350 KB   208/256 KB   139/423 KB   48/219 KB   52/228 KB   224/350 KB   208/256 KB   139/423 KB   48/219 KB   56/228 KB   224/350 KB   208/256 KB   139/423 KB   48/219 KB   60/228 KB   224/350 KB   208/256 KB   139/423 KB   48/219 KB   64/228 KB   224/350 KB   208/256 KB   139/423 KB   48/219 KB   48/228 KB   220/350 KB   208/256 KB   139/423 KB   48/219 KB   64/228 KB   224/350 KB   208/256 KB   143/423 KB   48/219 KB   64/228 KB   224/350 KB   208/256 KB   143/423 KB   52/219 KB   64/228 KB   224/350 KB   208/256 KB   143/423 KB   56/219 KB   64/228 KB   224/350 KB   208/256 KB   143/423 KB   60/219 KB   64/228 KB   224/350 KB   208/256 KB   143/423 KB   64/219 KB   64/228 KB   224/350 KB   208/256 KB   147/423 KB   64/219 KB   64/228 KB   224/350 KB   208/256 KB   151/423 KB   64/219 KB   64/228 KB   224/350 KB   208/256 KB   155/423 KB   64/219 KB   64/228 KB   224/350 KB   208/256 KB   159/423 KB   64/219 KB   64/228 KB   228/350 KB   208/256 KB   159/423 KB   64/219 KB   64/228 KB   232/350 KB   208/256 KB   159/423 KB   64/219 KB   64/228 KB   236/350 KB   208/256 KB   159/423 KB   64/219 KB   64/228 KB   240/350 KB   208/256 KB   159/423 KB   64/219 KB   68/228 KB   240/350 KB   208/256 KB   159/423 KB   64/219 KB   72/228 KB   240/350 KB   208/256 KB   159/423 KB   64/219 KB   76/228 KB   240/350 KB   208/256 KB   159/423 KB   64/219 KB   80/228 KB   240/350 KB   208/256 KB   159/423 KB   64/219 KB   80/228 KB   240/350 KB   208/256 KB   159/423 KB   68/219 KB   80/228 KB   244/350 KB   212/256 KB   159/423 KB   72/219 KB   80/228 KB   244/350 KB   212/256 KB   159/423 KB   76/219 KB   80/228 KB   244/350 KB   212/256 KB   159/423 KB   80/219 KB   80/228 KB   244/350 KB   212/256 KB   163/423 KB   80/219 KB   80/228 KB   244/350 KB   212/256 KB   167/423 KB   80/219 KB   80/228 KB   244/350 KB   212/256 KB   171/423 KB   80/219 KB   80/228 KB   244/350 KB   212/256 KB   175/423 KB   80/219 KB   80/228 KB   244/350 KB   212/256 KB   159/423 KB   68/219 KB   80/228 KB   248/350 KB   212/256 KB   175/423 KB   80/219 KB   80/228 KB   252/350 KB   212/256 KB   175/423 KB   80/219 KB   80/228 KB   256/350 KB   212/256 KB   175/423 KB   80/219 KB   84/228 KB   256/350 KB   212/256 KB   175/423 KB   80/219 KB   88/228 KB   256/350 KB   212/256 KB   175/423 KB   80/219 KB   92/228 KB   256/350 KB   212/256 KB   175/423 KB   80/219 KB   96/228 KB   256/350 KB   212/256 KB   175/423 KB   80/219 KB   96/228 KB   260/350 KB   212/256 KB   175/423 KB   80/219 KB   96/228 KB   264/350 KB   212/256 KB   179/423 KB   84/219 KB   96/228 KB   268/350 KB   212/256 KB   179/423 KB   84/219 KB   96/228 KB   272/350 KB   212/256 KB   179/423 KB   84/219 KB   100/228 KB   272/350 KB   212/256 KB   179/423 KB   84/219 KB   80/228 KB   240/350 KB   212/256 KB   159/423 KB   68/219 KB   104/228 KB   272/350 KB   212/256 KB   179/423 KB   84/219 KB   108/228 KB   272/350 KB   212/256 KB   179/423 KB   84/219 KB   108/228 KB   272/350 KB   216/256 KB   179/423 KB   84/219 KB   112/228 KB   272/350 KB   220/256 KB   179/423 KB   84/219 KB   112/228 KB   272/350 KB   224/256 KB   179/423 KB   84/219 KB   112/228 KB   272/350 KB   228/256 KB   179/423 KB   84/219 KB   96/228 KB   260/350 KB   212/256 KB   179/423 KB   84/219 KB   96/228 KB   260/350 KB   212/256 KB   179/423 KB   80/219 KB   112/228 KB   276/350 KB   232/256 KB   183/423 KB   84/219 KB   112/228 KB   276/350 KB   232/256 KB   183/423 KB   88/219 KB   112/228 KB   276/350 KB   232/256 KB   179/423 KB   84/219 KB   112/228 KB   276/350 KB   236/256 KB   187/423 KB   88/219 KB   112/228 KB   276/350 KB   236/256 KB   187/423 KB   92/219 KB   112/228 KB   276/350 KB   228/256 KB   179/423 KB   84/219 KB   112/228 KB   276/350 KB   240/256 KB   187/423 KB   96/219 KB   112/228 KB   272/350 KB   216/256 KB   179/423 KB   84/219 KB   112/228 KB   280/350 KB   240/256 KB   187/423 KB   96/219 KB   112/228 KB   284/350 KB   240/256 KB   187/423 KB   96/219 KB   112/228 KB   288/350 KB   240/256 KB   187/423 KB   96/219 KB   112/228 KB   288/350 KB   240/256 KB   187/423 KB   100/219 KB   112/228 KB   276/350 KB   240/256 KB   187/423 KB   92/219 KB   116/228 KB   288/350 KB   240/256 KB   187/423 KB   104/219 KB   112/228 KB   276/350 KB   232/256 KB   187/423 KB   88/219 KB   120/228 KB   288/350 KB   240/256 KB   187/423 KB   104/219 KB   124/228 KB   288/350 KB   240/256 KB   187/423 KB   104/219 KB   124/228 KB   288/350 KB   240/256 KB   191/423 KB   104/219 KB   112/228 KB   288/350 KB   240/256 KB   187/423 KB   104/219 KB   128/228 KB   288/350 KB   240/256 KB   191/423 KB   108/219 KB   128/228 KB   288/350 KB   240/256 KB   191/423 KB   112/219 KB   128/228 KB   288/350 KB   240/256 KB   191/423 KB   104/219 KB   128/228 KB   288/350 KB   240/256 KB   195/423 KB   112/219 KB   128/228 KB   288/350 KB   244/256 KB   199/423 KB   116/219 KB   128/228 KB   288/350 KB   244/256 KB   203/423 KB   116/219 KB   128/228 KB   288/350 KB   244/256 KB   207/423 KB   116/219 KB   132/228 KB   288/350 KB   244/256 KB   207/423 KB   116/219 KB   136/228 KB   288/350 KB   244/256 KB   207/423 KB   116/219 KB   140/228 KB   288/350 KB   244/256 KB   207/423 KB   116/219 KB   144/228 KB   288/350 KB   244/256 KB   207/423 KB   116/219 KB   144/228 KB   288/350 KB   244/256 KB   211/423 KB   116/219 KB   144/228 KB   288/350 KB   244/256 KB   215/423 KB   116/219 KB   144/228 KB   288/350 KB   244/256 KB   219/423 KB   116/219 KB   144/228 KB   288/350 KB   244/256 KB   223/423 KB   116/219 KB   148/228 KB   288/350 KB   244/256 KB   223/423 KB   116/219 KB   128/228 KB   288/350 KB   244/256 KB   195/423 KB   116/219 KB   128/228 KB   288/350 KB   240/256 KB   195/423 KB   116/219 KB   152/228 KB   288/350 KB   244/256 KB   223/423 KB   120/219 KB   152/228 KB   288/350 KB   248/256 KB   223/423 KB   124/219 KB   152/228 KB   288/350 KB   248/256 KB   223/423 KB   128/219 KB   152/228 KB   288/350 KB   248/256 KB   227/423 KB   128/219 KB   152/228 KB   292/350 KB   248/256 KB   231/423 KB   128/219 KB   152/228 KB   292/350 KB   248/256 KB   235/423 KB   128/219 KB   152/228 KB   292/350 KB   248/256 KB   239/423 KB   128/219 KB   152/228 KB   292/350 KB   248/256 KB   239/423 KB   132/219 KB   152/228 KB   292/350 KB   248/256 KB   239/423 KB   136/219 KB   152/228 KB   292/350 KB   248/256 KB   239/423 KB   140/219 KB   152/228 KB   292/350 KB   248/256 KB   239/423 KB   144/219 KB   152/228 KB   288/350 KB   244/256 KB   223/423 KB   116/219 KB   152/228 KB   292/350 KB   248/256 KB   227/423 KB   128/219 KB   156/228 KB   296/350 KB   248/256 KB   239/423 KB   144/219 KB   156/228 KB   300/350 KB   248/256 KB   239/423 KB   144/219 KB   156/228 KB   304/350 KB   248/256 KB   239/423 KB   144/219 KB   156/228 KB   304/350 KB   248/256 KB   239/423 KB   148/219 KB   152/228 KB   288/350 KB   248/256 KB   223/423 KB   120/219 KB   156/228 KB   304/350 KB   248/256 KB   239/423 KB   152/219 KB   156/228 KB   304/350 KB   252/256 KB   239/423 KB   152/219 KB   156/228 KB   292/350 KB   248/256 KB   239/423 KB   144/219 KB   156/228 KB   304/350 KB   256/256 KB   239/423 KB   156/219 KB   156/228 KB   304/350 KB   252/256 KB   239/423 KB   156/219 KB   160/228 KB   304/350 KB   256/256 KB   239/423 KB   160/219 KB   160/228 KB   304/350 KB   256/256 KB   239/423 KB   160/219 KB   160/228 KB   304/350 KB   256/256 KB   239/423 KB   156/219 KB   160/228 KB   308/350 KB   256/256 KB   239/423 KB   160/219 KB   160/228 KB   312/350 KB   256/256 KB   239/423 KB   160/219 KB   160/228 KB   316/350 KB   256/256 KB   239/423 KB   160/219 KB   160/228 KB   320/350 KB   256/256 KB   239/423 KB   160/219 KB   164/228 KB   320/350 KB   256/256 KB   239/423 KB   160/219 KB   168/228 KB   320/350 KB   256/256 KB   243/423 KB   164/219 KB   164/228 KB   320/350 KB   256/256 KB   243/423 KB   160/219 KB   164/228 KB   320/350 KB   256/256 KB   243/423 KB   164/219 KB   172/228 KB   320/350 KB   256/256 KB   247/423 KB   168/219 KB   172/228 KB   320/350 KB   256/256 KB   247/423 KB   172/219 KB   172/228 KB   320/350 KB   256/256 KB   247/423 KB   176/219 KB                                                                    Downloaded: https://repo.maven.apache.org/maven2/commons-lang/commons-lang/2.4/commons-lang-2.4.jar (256 KB at 510.3 KB/sec)
Downloading: https://repo.maven.apache.org/maven2/log4j/log4j/1.2.14/log4j-1.2.14.jar
172/228 KB   320/350 KB   256/256 KB   247/423 KB   164/219 KB   172/228 KB   320/350 KB   251/423 KB   176/219 KB                172/228 KB   320/350 KB   256/256 KB   243/423 KB   164/219 KB   172/228 KB   324/350 KB   255/423 KB   176/219 KB   172/228 KB   328/350 KB   255/423 KB   176/219 KB   176/228 KB   332/350 KB   255/423 KB   176/219 KB   176/228 KB   336/350 KB   255/423 KB   176/219 KB   172/228 KB   320/350 KB   255/423 KB   176/219 KB   176/228 KB   328/350 KB   255/423 KB   176/219 KB   176/228 KB   336/350 KB   259/423 KB   176/219 KB   180/228 KB   340/350 KB   259/423 KB   180/219 KB   180/228 KB   344/350 KB   263/423 KB   180/219 KB   180/228 KB   348/350 KB   263/423 KB   180/219 KB   180/228 KB   350/350 KB   263/423 KB   180/219 KB   180/228 KB   336/350 KB   259/423 KB   180/219 KB   180/228 KB   336/350 KB   259/423 KB   176/219 KB   180/228 KB   340/350 KB   263/423 KB   180/219 KB   184/228 KB   350/350 KB   263/423 KB   184/219 KB   184/228 KB   350/350 KB   263/423 KB   188/219 KB   184/228 KB   350/350 KB   267/423 KB   188/219 KB   184/228 KB   350/350 KB   263/423 KB   180/219 KB   188/228 KB   350/350 KB   267/423 KB   192/219 KB   188/228 KB   350/350 KB   271/423 KB   192/219 KB   184/228 KB   350/350 KB   267/423 KB   192/219 KB   192/228 KB   350/350 KB   271/423 KB   192/219 KB   4/359 KB   192/228 KB   350/350 KB   271/423 KB   192/219 KB   8/359 KB   192/228 KB   350/350 KB   271/423 KB   192/219 KB   12/359 KB   192/228 KB   350/350 KB   271/423 KB   192/219 KB   16/359 KB   192/228 KB   350/350 KB   271/423 KB   192/219 KB   16/359 KB   196/228 KB   350/350 KB   271/423 KB   192/219 KB   16/359 KB   200/228 KB   350/350 KB   271/423 KB   192/219 KB   16/359 KB   204/228 KB   350/350 KB   271/423 KB   192/219 KB   16/359 KB   208/228 KB   350/350 KB   271/423 KB   192/219 KB   20/359 KB   208/228 KB   350/350 KB   271/423 KB   192/219 KB   24/359 KB   208/228 KB   350/350 KB   271/423 KB   192/219 KB   28/359 KB   208/228 KB   350/350 KB   271/423 KB   192/219 KB   32/359 KB   208/228 KB   350/350 KB   271/423 KB   192/219 KB   32/359 KB   208/228 KB   350/350 KB   271/423 KB   196/219 KB   32/359 KB   208/228 KB   350/350 KB   271/423 KB   200/219 KB   32/359 KB   208/228 KB   350/350 KB   271/423 KB   204/219 KB   32/359 KB   208/228 KB   350/350 KB   271/423 KB   208/219 KB   36/359 KB   208/228 KB   350/350 KB   271/423 KB   208/219 KB   40/359 KB   212/228 KB   271/423 KB   212/219 KB   44/359 KB   212/228 KB   271/423 KB   212/219 KB   48/359 KB   212/228 KB   271/423 KB   212/219 KB   48/359 KB   212/228 KB   275/423 KB   212/219 KB   48/359 KB   212/228 KB   279/423 KB   212/219 KB   48/359 KB   212/228 KB   283/423 KB   212/219 KB   48/359 KB   212/228 KB   287/423 KB   212/219 KB   52/359 KB   212/228 KB   287/423 KB   212/219 KB   56/359 KB   212/228 KB   287/423 KB   212/219 KB   60/359 KB   212/228 KB   287/423 KB   212/219 KB   64/359 KB   212/228 KB   287/423 KB   212/219 KB   64/359 KB   212/228 KB   291/423 KB   212/219 KB   64/359 KB   212/228 KB   295/423 KB   212/219 KB   36/359 KB   212/228 KB   271/423 KB   212/219 KB                64/359 KB   212/228 KB   299/423 KB   216/219 KB   64/359 KB   212/228 KB   299/423 KB   219/219 KB                                                                   36/359 KB   212/228 KB   350/350 KB   271/423 KB   208/219 KB   Downloaded: https://repo.maven.apache.org/maven2/antlr/antlr/2.7.2/antlr-2.7.2.jar (350 KB at 637.3 KB/sec)
Downloading: https://repo.maven.apache.org/maven2/com/thoughtworks/qdox/qdox/1.12.1/qdox-1.12.1.jar
64/359 KB   216/228 KB   299/423 KB   219/219 KB   64/359 KB   220/228 KB   299/423 KB   219/219 KB   64/359 KB   224/228 KB   299/423 KB   219/219 KB   64/359 KB   228/228 KB   299/423 KB   219/219 KB   64/359 KB   212/228 KB   299/423 KB   212/219 KB   64/359 KB   228/228 KB   303/423 KB   219/219 KB   68/359 KB   228/228 KB   303/423 KB   219/219 KB   72/359 KB   228/228 KB   303/423 KB   219/219 KB   76/359 KB   228/228 KB   303/423 KB   219/219 KB   80/359 KB   228/228 KB   303/423 KB   219/219 KB                                                      Downloaded: https://repo.maven.apache.org/maven2/commons-codec/commons-codec/1.6/commons-codec-1.6.jar (228 KB at 405.2 KB/sec)
Downloading: https://repo.maven.apache.org/maven2/org/codehaus/plexus/plexus-archiver/2.9/plexus-archiver-2.9.jar
84/359 KB   303/423 KB   219/219 KB                84/359 KB   4/176 KB   303/423 KB     84/359 KB   8/176 KB   303/423 KB   84/359 KB   12/176 KB   303/423 KB   84/359 KB   16/176 KB   303/423 KB   84/359 KB   16/176 KB   307/423 KB   84/359 KB   16/176 KB   311/423 KB   84/359 KB   16/176 KB   315/423 KB   84/359 KB   16/176 KB   319/423 KB                                         84/359 KB   16/176 KB   323/423 KB   Downloaded: https://repo.maven.apache.org/maven2/org/apache/httpcomponents/httpcore/4.2.2/httpcore-4.2.2.jar (219 KB at 379.0 KB/sec)
Downloading: https://repo.maven.apache.org/maven2/org/codehaus/plexus/plexus-io/2.4/plexus-io-2.4.jar
84/359 KB   16/176 KB   327/423 KB   84/359 KB   16/176 KB   331/423 KB   84/359 KB   16/176 KB   335/423 KB   84/359 KB   20/176 KB   335/423 KB   84/359 KB   4/142 KB   24/176 KB   335/423 KB   84/359 KB   4/142 KB   28/176 KB   335/423 KB   84/359 KB   4/142 KB   32/176 KB   335/423 KB   84/359 KB   4/142 KB   20/176 KB   335/423 KB   84/359 KB   8/142 KB   32/176 KB   335/423 KB   84/359 KB   12/142 KB   32/176 KB   335/423 KB   84/359 KB   16/142 KB   32/176 KB   335/423 KB   84/359 KB   16/142 KB   32/176 KB   339/423 KB   84/359 KB   16/142 KB   32/176 KB   343/423 KB   84/359 KB   16/142 KB   32/176 KB   347/423 KB   84/359 KB   16/142 KB   32/176 KB   351/423 KB   88/359 KB   16/142 KB   32/176 KB   351/423 KB   88/359 KB   16/142 KB   32/176 KB   355/423 KB   4/80 KB   92/359 KB   16/142 KB   32/176 KB   355/423 KB   8/80 KB   92/359 KB   16/142 KB   32/176 KB   355/423 KB   12/80 KB   92/359 KB   16/142 KB   32/176 KB   355/423 KB   16/80 KB   92/359 KB   20/142 KB   32/176 KB   355/423 KB   16/80 KB   88/359 KB   16/142 KB   32/176 KB   355/423 KB   92/359 KB   24/142 KB   36/176 KB   355/423 KB   16/80 KB   92/359 KB   24/142 KB   36/176 KB   359/423 KB   16/80 KB   92/359 KB   24/142 KB   32/176 KB   355/423 KB   16/80 KB   92/359 KB   28/142 KB   40/176 KB   359/423 KB   16/80 KB   92/359 KB   28/142 KB   40/176 KB   363/423 KB   16/80 KB   92/359 KB   16/142 KB   32/176 KB   355/423 KB   4/80 KB   96/359 KB   32/142 KB   40/176 KB   363/423 KB   16/80 KB   96/359 KB   32/142 KB   40/176 KB   367/423 KB   16/80 KB   92/359 KB   32/142 KB   40/176 KB   363/423 KB   16/80 KB   96/359 KB   32/142 KB   40/176 KB   371/423 KB   16/80 KB   96/359 KB   32/142 KB   40/176 KB   375/423 KB   20/80 KB   96/359 KB   32/142 KB   40/176 KB   379/423 KB   20/80 KB   96/359 KB   32/142 KB   40/176 KB   383/423 KB   20/80 KB   100/359 KB   32/142 KB   40/176 KB   383/423 KB   20/80 KB   104/359 KB   32/142 KB   40/176 KB   383/423 KB   20/80 KB   108/359 KB   32/142 KB   40/176 KB   383/423 KB   20/80 KB   112/359 KB   32/142 KB   40/176 KB   383/423 KB   20/80 KB   92/359 KB   24/142 KB   40/176 KB   359/423 KB   16/80 KB   96/359 KB   32/142 KB   40/176 KB   371/423 KB   20/80 KB   112/359 KB   32/142 KB   44/176 KB   383/423 KB   24/80 KB   112/359 KB   32/142 KB   44/176 KB   383/423 KB   28/80 KB   112/359 KB   32/142 KB   44/176 KB   383/423 KB   32/80 KB   112/359 KB   36/142 KB   44/176 KB   383/423 KB   32/80 KB   112/359 KB   32/142 KB   44/176 KB   383/423 KB   20/80 KB   116/359 KB   36/142 KB   48/176 KB   383/423 KB   32/80 KB   116/359 KB   36/142 KB   48/176 KB   387/423 KB   32/80 KB   116/359 KB   36/142 KB   48/176 KB   391/423 KB   36/80 KB   116/359 KB   36/142 KB   48/176 KB   395/423 KB   36/80 KB   116/359 KB   36/142 KB   48/176 KB   399/423 KB   36/80 KB   116/359 KB   36/142 KB   52/176 KB   399/423 KB   36/80 KB   116/359 KB   40/142 KB   56/176 KB   399/423 KB   36/80 KB   116/359 KB   40/142 KB   60/176 KB   399/423 KB   36/80 KB   116/359 KB   40/142 KB   64/176 KB   399/423 KB   36/80 KB   116/359 KB   40/142 KB   64/176 KB   403/423 KB   36/80 KB   116/359 KB   40/142 KB   64/176 KB   407/423 KB   36/80 KB   116/359 KB   40/142 KB   64/176 KB   411/423 KB   36/80 KB   116/359 KB   40/142 KB   64/176 KB   415/423 KB   36/80 KB   116/359 KB   36/142 KB   44/176 KB   383/423 KB   32/80 KB   120/359 KB   40/142 KB   64/176 KB   415/423 KB   36/80 KB   124/359 KB   40/142 KB   64/176 KB   415/423 KB   36/80 KB   128/359 KB   40/142 KB   64/176 KB   415/423 KB   36/80 KB   128/359 KB   40/142 KB   64/176 KB   419/423 KB   36/80 KB   128/359 KB   40/142 KB   64/176 KB   423/423 KB   36/80 KB   128/359 KB   40/142 KB   64/176 KB   423/423 KB   36/80 KB   116/359 KB   40/142 KB   52/176 KB   399/423 KB   36/80 KB   116/359 KB   36/142 KB   48/176 KB   387/423 KB   36/80 KB   128/359 KB   44/142 KB   64/176 KB   423/423 KB   36/80 KB   128/359 KB   48/142 KB   64/176 KB   423/423 KB   36/80 KB   128/359 KB   48/142 KB   64/176 KB   423/423 KB   40/80 KB   128/359 KB   48/142 KB   64/176 KB   423/423 KB   44/80 KB   128/359 KB   48/142 KB   64/176 KB   423/423 KB   48/80 KB   128/359 KB   52/142 KB   64/176 KB   423/423 KB   48/80 KB   128/359 KB   56/142 KB   64/176 KB   423/423 KB   48/80 KB   128/359 KB   60/142 KB   64/176 KB   423/423 KB   48/80 KB   128/359 KB   64/142 KB   64/176 KB   423/423 KB   48/80 KB   128/359 KB   64/142 KB   64/176 KB   423/423 KB   52/80 KB   128/359 KB   64/142 KB   64/176 KB   423/423 KB   56/80 KB   128/359 KB   64/142 KB   64/176 KB   423/423 KB   60/80 KB   128/359 KB   64/142 KB   64/176 KB   423/423 KB   64/80 KB   128/359 KB   64/142 KB   68/176 KB   423/423 KB   64/80 KB   128/359 KB   64/142 KB   72/176 KB   423/423 KB   64/80 KB   128/359 KB   64/142 KB   76/176 KB   423/423 KB   64/80 KB   128/359 KB   64/142 KB   80/176 KB   423/423 KB   64/80 KB   128/359 KB   64/142 KB   80/176 KB   423/423 KB   68/80 KB   128/359 KB   64/142 KB   80/176 KB   72/80 KB                128/359 KB   64/142 KB   80/176 KB   76/80 KB   128/359 KB   64/142 KB   80/176 KB   80/80 KB                                                                132/359 KB   68/142 KB   84/176 KB   80/80 KB   132/359 KB   68/142 KB   88/176 KB   80/80 KB   132/359 KB   68/142 KB   92/176 KB   80/80 KB   132/359 KB   68/142 KB   96/176 KB   80/80 KB   132/359 KB   68/142 KB   80/176 KB   80/80 KB   132/359 KB   72/142 KB   96/176 KB   80/80 KB   132/359 KB   76/142 KB   96/176 KB   80/80 KB   132/359 KB   80/142 KB   96/176 KB   80/80 KB   132/359 KB   64/142 KB   80/176 KB   80/80 KB   Downloaded: https://repo.maven.apache.org/maven2/org/apache/httpcomponents/httpclient/4.2.3/httpclient-4.2.3.jar (423 KB at 656.7 KB/sec)
Downloading: https://repo.maven.apache.org/maven2/org/apache/commons/commons-compress/1.9/commons-compress-1.9.jar
136/359 KB   80/142 KB   96/176 KB   80/80 KB   140/359 KB   80/142 KB   96/176 KB   80/80 KB   144/359 KB   80/142 KB   96/176 KB   80/80 KB                                                   Downloaded: https://repo.maven.apache.org/maven2/org/codehaus/plexus/plexus-io/2.4/plexus-io-2.4.jar (80 KB at 121.0 KB/sec)
144/359 KB   84/142 KB   96/176 KB              144/359 KB   88/142 KB   96/176 KB   144/359 KB   92/142 KB   96/176 KB   144/359 KB   96/142 KB   96/176 KB   148/359 KB   96/142 KB   96/176 KB   152/359 KB   96/142 KB   96/176 KB   156/359 KB   96/142 KB   96/176 KB   160/359 KB   96/142 KB   96/176 KB   160/359 KB   96/142 KB   100/176 KB   160/359 KB   96/142 KB   104/176 KB   160/359 KB   96/142 KB   108/176 KB   160/359 KB   96/142 KB   112/176 KB   160/359 KB   4/370 KB   96/142 KB   112/176 KB   164/359 KB   4/370 KB   100/142 KB   116/176 KB   168/359 KB   4/370 KB   100/142 KB   116/176 KB   168/359 KB   8/370 KB   100/142 KB   116/176 KB   160/359 KB   4/370 KB   100/142 KB   116/176 KB   160/359 KB   4/370 KB   100/142 KB   112/176 KB   168/359 KB   12/370 KB   104/142 KB   116/176 KB   168/359 KB   12/370 KB   108/142 KB   120/176 KB   172/359 KB   12/370 KB   108/142 KB   120/176 KB   168/359 KB   12/370 KB   100/142 KB   116/176 KB   172/359 KB   12/370 KB   112/142 KB   120/176 KB   168/359 KB   12/370 KB   104/142 KB   120/176 KB   172/359 KB   12/370 KB   112/142 KB   124/176 KB   172/359 KB   12/370 KB   112/142 KB   128/176 KB   176/359 KB   12/370 KB   112/142 KB   128/176 KB   176/359 KB   12/370 KB   116/142 KB   128/176 KB   176/359 KB   12/370 KB   120/142 KB   128/176 KB   176/359 KB   12/370 KB   124/142 KB   128/176 KB   176/359 KB   12/370 KB   128/142 KB   128/176 KB   176/359 KB   12/370 KB   132/142 KB   128/176 KB   176/359 KB   16/370 KB   136/142 KB   132/176 KB   176/359 KB   16/370 KB   132/142 KB   132/176 KB   176/359 KB   16/370 KB   132/142 KB   132/176 KB   176/359 KB   16/370 KB   140/142 KB   136/176 KB   176/359 KB   16/370 KB   140/142 KB   140/176 KB   176/359 KB   16/370 KB   140/142 KB   144/176 KB   180/359 KB   16/370 KB   140/142 KB   144/176 KB   184/359 KB   16/370 KB   140/142 KB   144/176 KB   188/359 KB   16/370 KB   140/142 KB   144/176 KB   192/359 KB   16/370 KB   140/142 KB   144/176 KB   176/359 KB   16/370 KB   140/142 KB   132/176 KB   192/359 KB   20/370 KB   142/142 KB   148/176 KB   192/359 KB   20/370 KB   140/142 KB   148/176 KB   192/359 KB   20/370 KB   140/142 KB   144/176 KB   192/359 KB   24/370 KB   142/142 KB   152/176 KB   192/359 KB   28/370 KB   142/142 KB   152/176 KB   192/359 KB   32/370 KB   142/142 KB   152/176 KB   196/359 KB   32/370 KB   142/142 KB   152/176 KB   200/359 KB   32/370 KB   142/142 KB   152/176 KB   204/359 KB   32/370 KB   142/142 KB   152/176 KB   208/359 KB   32/370 KB   142/142 KB   152/176 KB   192/359 KB   20/370 KB   142/142 KB   152/176 KB   208/359 KB   32/370 KB   142/142 KB   156/176 KB   208/359 KB   32/370 KB   142/142 KB   160/176 KB   208/359 KB   36/370 KB   142/142 KB   160/176 KB   208/359 KB   40/370 KB   142/142 KB   160/176 KB   208/359 KB   44/370 KB   142/142 KB   160/176 KB   208/359 KB   48/370 KB   142/142 KB   160/176 KB                                                      Downloaded: https://repo.maven.apache.org/maven2/org/codehaus/plexus/plexus-archiver/2.9/plexus-archiver-2.9.jar (142 KB at 204.3 KB/sec)
212/359 KB   48/370 KB   164/176 KB   212/359 KB   48/370 KB   168/176 KB   212/359 KB   48/370 KB   172/176 KB   212/359 KB   48/370 KB   176/176 KB   212/359 KB   48/370 KB   176/176 KB   212/359 KB   48/370 KB   160/176 KB                216/359 KB   48/370 KB   176/176 KB   220/359 KB   48/370 KB   176/176 KB   224/359 KB   48/370 KB   176/176 KB   224/359 KB   52/370 KB   176/176 KB   224/359 KB   56/370 KB   176/176 KB   224/359 KB   60/370 KB   176/176 KB   224/359 KB   64/370 KB   176/176 KB   228/359 KB   64/370 KB   176/176 KB   232/359 KB   64/370 KB   176/176 KB   232/359 KB   68/370 KB   176/176 KB   236/359 KB   68/370 KB   176/176 KB   236/359 KB   72/370 KB   176/176 KB   236/359 KB   76/370 KB   176/176 KB   240/359 KB   76/370 KB   176/176 KB   240/359 KB   80/370 KB   176/176 KB   240/359 KB   84/370 KB   176/176 KB   244/359 KB   84/370 KB   176/176 KB   244/359 KB   88/370 KB   176/176 KB   248/359 KB   88/370 KB   176/176 KB   252/359 KB   88/370 KB   176/176 KB   252/359 KB   92/370 KB   176/176 KB   256/359 KB   92/370 KB   176/176 KB   256/359 KB   96/370 KB   176/176 KB                                         Downloaded: https://repo.maven.apache.org/maven2/com/thoughtworks/qdox/qdox/1.12.1/qdox-1.12.1.jar (176 KB at 247.0 KB/sec)
260/359 KB   96/370 KB                264/359 KB   96/370 KB   268/359 KB   96/370 KB   272/359 KB   96/370 KB   272/359 KB   100/370 KB   272/359 KB   104/370 KB   272/359 KB   108/370 KB   272/359 KB   112/370 KB   276/359 KB   112/370 KB   280/359 KB   112/370 KB   284/359 KB   112/370 KB   288/359 KB   112/370 KB   288/359 KB   116/370 KB   288/359 KB   120/370 KB   288/359 KB   124/370 KB   288/359 KB   128/370 KB   292/359 KB   128/370 KB   296/359 KB   128/370 KB   300/359 KB   128/370 KB   304/359 KB   128/370 KB   304/359 KB   132/370 KB   304/359 KB   136/370 KB   304/359 KB   140/370 KB   304/359 KB   144/370 KB   308/359 KB   144/370 KB   312/359 KB   144/370 KB   316/359 KB   144/370 KB   320/359 KB   144/370 KB   320/359 KB   148/370 KB   320/359 KB   152/370 KB   320/359 KB   156/370 KB   320/359 KB   160/370 KB   324/359 KB   160/370 KB   328/359 KB   160/370 KB   332/359 KB   160/370 KB   336/359 KB   160/370 KB   336/359 KB   164/370 KB   336/359 KB   168/370 KB   336/359 KB   172/370 KB   336/359 KB   176/370 KB   340/359 KB   176/370 KB   344/359 KB   176/370 KB   348/359 KB   176/370 KB   352/359 KB   176/370 KB   356/359 KB   176/370 KB   359/359 KB   176/370 KB   359/359 KB   180/370 KB   359/359 KB   184/370 KB   359/359 KB   188/370 KB   359/359 KB   192/370 KB   359/359 KB   196/370 KB   359/359 KB   200/370 KB   359/359 KB   204/370 KB   359/359 KB   208/370 KB   359/359 KB   212/370 KB   359/359 KB   216/370 KB   359/359 KB   220/370 KB   359/359 KB   224/370 KB                             Downloaded: https://repo.maven.apache.org/maven2/log4j/log4j/1.2.14/log4j-1.2.14.jar (359 KB at 478.4 KB/sec)
228/370 KB                232/370 KB   236/370 KB   240/370 KB   244/370 KB   248/370 KB   252/370 KB   256/370 KB   260/370 KB   264/370 KB   268/370 KB   272/370 KB   276/370 KB   280/370 KB   284/370 KB   288/370 KB   292/370 KB   296/370 KB   300/370 KB   304/370 KB   308/370 KB   312/370 KB   316/370 KB   320/370 KB   324/370 KB   328/370 KB   332/370 KB   336/370 KB   340/370 KB   344/370 KB   348/370 KB   352/370 KB   356/370 KB   360/370 KB   364/370 KB   368/370 KB   370/370 KB                Downloaded: https://repo.maven.apache.org/maven2/org/apache/commons/commons-compress/1.9/commons-compress-1.9.jar (370 KB at 461.7 KB/sec)
[INFO] Not executing Javadoc as the project is not a Java classpath-capable package
[INFO] 
[INFO] --- maven-enforcer-plugin:1.0:enforce (enforce-maven) @ parent ---
[INFO] 
[INFO] --- animal-sniffer-maven-plugin:1.14:check (default) @ parent ---
[INFO] Checking unresolved references to org.codehaus.mojo.signature:java16:1.1
[INFO] 
[INFO] --- maven-checkstyle-plugin:2.15:checkstyle (default) @ parent ---
[INFO] 
[INFO] --- maven-install-plugin:2.4:install (default-install) @ parent ---
[INFO] Installing /home/travis/build/square/retrofit/pom.xml to /home/travis/.m2/repository/com/squareup/retrofit/parent/2.0.0-SNAPSHOT/parent-2.0.0-SNAPSHOT.pom
[INFO] 
[INFO] --- maven-deploy-plugin:2.7:deploy (default-deploy) @ parent ---
Downloading: https://oss.sonatype.org/content/repositories/snapshots/com/squareup/retrofit/parent/2.0.0-SNAPSHOT/maven-metadata.xml
608/608 B                Downloaded: https://oss.sonatype.org/content/repositories/snapshots/com/squareup/retrofit/parent/2.0.0-SNAPSHOT/maven-metadata.xml (608 B at 5.6 KB/sec)
Uploading: https://oss.sonatype.org/content/repositories/snapshots/com/squareup/retrofit/parent/2.0.0-SNAPSHOT/parent-2.0.0-20151115.185227-141.pom
2/8 KB      4/8 KB   6/8 KB   8/8 KB            Uploaded: https://oss.sonatype.org/content/repositories/snapshots/com/squareup/retrofit/parent/2.0.0-SNAPSHOT/parent-2.0.0-20151115.185227-141.pom (8 KB at 44.1 KB/sec)
Downloading: https://oss.sonatype.org/content/repositories/snapshots/com/squareup/retrofit/parent/maven-metadata.xml
427/427 B               Downloaded: https://oss.sonatype.org/content/repositories/snapshots/com/squareup/retrofit/parent/maven-metadata.xml (427 B at 8.3 KB/sec)
Uploading: https://oss.sonatype.org/content/repositories/snapshots/com/squareup/retrofit/parent/2.0.0-SNAPSHOT/maven-metadata.xml
608/608 B               Uploaded: https://oss.sonatype.org/content/repositories/snapshots/com/squareup/retrofit/parent/2.0.0-SNAPSHOT/maven-metadata.xml (608 B at 5.0 KB/sec)
Uploading: https://oss.sonatype.org/content/repositories/snapshots/com/squareup/retrofit/parent/maven-metadata.xml
427/427 B               Uploaded: https://oss.sonatype.org/content/repositories/snapshots/com/squareup/retrofit/parent/maven-metadata.xml (427 B at 3.0 KB/sec)
[INFO]                                                                         
[INFO] ------------------------------------------------------------------------
[INFO] Building Retrofit 2.0.0-SNAPSHOT
[INFO] ------------------------------------------------------------------------
[INFO] 
[INFO] --- maven-clean-plugin:2.5:clean (default-clean) @ retrofit ---
[INFO] Deleting /home/travis/build/square/retrofit/retrofit/target
[INFO] 
[INFO] >>> maven-source-plugin:2.4:jar (default-cli) > generate-sources @ retrofit >>>
[INFO] 
[INFO] --- maven-enforcer-plugin:1.0:enforce (enforce-maven) @ retrofit ---
[INFO] 
[INFO] <<< maven-source-plugin:2.4:jar (default-cli) < generate-sources @ retrofit <<<
[INFO] 
[INFO] --- maven-source-plugin:2.4:jar (default-cli) @ retrofit ---
[INFO] Building jar: /home/travis/build/square/retrofit/retrofit/target/retrofit-2.0.0-SNAPSHOT-sources.jar
[INFO] 
[INFO] --- maven-javadoc-plugin:2.10.3:jar (default-cli) @ retrofit ---
[INFO] 
Loading source files for package retrofit...
Loading source files for package retrofit.http...
Constructing Javadoc information...
Standard Doclet version 1.8.0_31
Building tree for all the packages and classes...
Generating /home/travis/build/square/retrofit/retrofit/target/apidocs/retrofit/BaseUrl.html...
Generating /home/travis/build/square/retrofit/retrofit/target/apidocs/retrofit/Call.html...
Generating /home/travis/build/square/retrofit/retrofit/target/apidocs/retrofit/CallAdapter.html...
Generating /home/travis/build/square/retrofit/retrofit/target/apidocs/retrofit/CallAdapter.Factory.html...
Generating /home/travis/build/square/retrofit/retrofit/target/apidocs/retrofit/Callback.html...
Generating /home/travis/build/square/retrofit/retrofit/target/apidocs/retrofit/Converter.html...
Generating /home/travis/build/square/retrofit/retrofit/target/apidocs/retrofit/Converter.Factory.html...
Generating /home/travis/build/square/retrofit/retrofit/target/apidocs/retrofit/Response.html...
Generating /home/travis/build/square/retrofit/retrofit/target/apidocs/retrofit/Retrofit.html...
Generating /home/travis/build/square/retrofit/retrofit/target/apidocs/retrofit/Retrofit.Builder.html...
Generating /home/travis/build/square/retrofit/retrofit/target/apidocs/retrofit/http/Body.html...
Generating /home/travis/build/square/retrofit/retrofit/target/apidocs/retrofit/http/DELETE.html...
Generating /home/travis/build/square/retrofit/retrofit/target/apidocs/retrofit/http/Field.html...
Generating /home/travis/build/square/retrofit/retrofit/target/apidocs/retrofit/http/FieldMap.html...
Generating /home/travis/build/square/retrofit/retrofit/target/apidocs/retrofit/http/FormUrlEncoded.html...
Generating /home/travis/build/square/retrofit/retrofit/target/apidocs/retrofit/http/GET.html...
Generating /home/travis/build/square/retrofit/retrofit/target/apidocs/retrofit/http/HEAD.html...
Generating /home/travis/build/square/retrofit/retrofit/target/apidocs/retrofit/http/Header.html...
Generating /home/travis/build/square/retrofit/retrofit/target/apidocs/retrofit/http/Headers.html...
Generating /home/travis/build/square/retrofit/retrofit/target/apidocs/retrofit/http/HTTP.html...
Generating /home/travis/build/square/retrofit/retrofit/target/apidocs/retrofit/http/Multipart.html...
Generating /home/travis/build/square/retrofit/retrofit/target/apidocs/retrofit/http/Part.html...
Generating /home/travis/build/square/retrofit/retrofit/target/apidocs/retrofit/http/PartMap.html...
Generating /home/travis/build/square/retrofit/retrofit/target/apidocs/retrofit/http/PATCH.html...
Generating /home/travis/build/square/retrofit/retrofit/target/apidocs/retrofit/http/Path.html...
Generating /home/travis/build/square/retrofit/retrofit/target/apidocs/retrofit/http/POST.html...
Generating /home/travis/build/square/retrofit/retrofit/target/apidocs/retrofit/http/PUT.html...
Generating /home/travis/build/square/retrofit/retrofit/target/apidocs/retrofit/http/Query.html...
Generating /home/travis/build/square/retrofit/retrofit/target/apidocs/retrofit/http/QueryMap.html...
Generating /home/travis/build/square/retrofit/retrofit/target/apidocs/retrofit/http/Streaming.html...
Generating /home/travis/build/square/retrofit/retrofit/target/apidocs/retrofit/http/Url.html...
Generating /home/travis/build/square/retrofit/retrofit/target/apidocs/overview-frame.html...
Generating /home/travis/build/square/retrofit/retrofit/target/apidocs/retrofit/package-frame.html...
Generating /home/travis/build/square/retrofit/retrofit/target/apidocs/retrofit/package-summary.html...
Generating /home/travis/build/square/retrofit/retrofit/target/apidocs/retrofit/package-tree.html...
Generating /home/travis/build/square/retrofit/retrofit/target/apidocs/retrofit/http/package-frame.html...
Generating /home/travis/build/square/retrofit/retrofit/target/apidocs/retrofit/http/package-summary.html...
Generating /home/travis/build/square/retrofit/retrofit/target/apidocs/retrofit/http/package-tree.html...
Generating /home/travis/build/square/retrofit/retrofit/target/apidocs/constant-values.html...
Generating /home/travis/build/square/retrofit/retrofit/target/apidocs/retrofit/class-use/Retrofit.html...
Generating /home/travis/build/square/retrofit/retrofit/target/apidocs/retrofit/class-use/Retrofit.Builder.html...
Generating /home/travis/build/square/retrofit/retrofit/target/apidocs/retrofit/class-use/Response.html...
Generating /home/travis/build/square/retrofit/retrofit/target/apidocs/retrofit/class-use/Converter.html...
Generating /home/travis/build/square/retrofit/retrofit/target/apidocs/retrofit/class-use/Converter.Factory.html...
Generating /home/travis/build/square/retrofit/retrofit/target/apidocs/retrofit/class-use/Callback.html...
Generating /home/travis/build/square/retrofit/retrofit/target/apidocs/retrofit/class-use/CallAdapter.html...
Generating /home/travis/build/square/retrofit/retrofit/target/apidocs/retrofit/class-use/CallAdapter.Factory.html...
Generating /home/travis/build/square/retrofit/retrofit/target/apidocs/retrofit/class-use/Call.html...
Generating /home/travis/build/square/retrofit/retrofit/target/apidocs/retrofit/class-use/BaseUrl.html...
Generating /home/travis/build/square/retrofit/retrofit/target/apidocs/retrofit/http/class-use/Url.html...
Generating /home/travis/build/square/retrofit/retrofit/target/apidocs/retrofit/http/class-use/Streaming.html...
Generating /home/travis/build/square/retrofit/retrofit/target/apidocs/retrofit/http/class-use/QueryMap.html...
Generating /home/travis/build/square/retrofit/retrofit/target/apidocs/retrofit/http/class-use/Query.html...
Generating /home/travis/build/square/retrofit/retrofit/target/apidocs/retrofit/http/class-use/Path.html...
Generating /home/travis/build/square/retrofit/retrofit/target/apidocs/retrofit/http/class-use/PartMap.html...
Generating /home/travis/build/square/retrofit/retrofit/target/apidocs/retrofit/http/class-use/Part.html...
Generating /home/travis/build/square/retrofit/retrofit/target/apidocs/retrofit/http/class-use/PUT.html...
Generating /home/travis/build/square/retrofit/retrofit/target/apidocs/retrofit/http/class-use/POST.html...
Generating /home/travis/build/square/retrofit/retrofit/target/apidocs/retrofit/http/class-use/PATCH.html...
Generating /home/travis/build/square/retrofit/retrofit/target/apidocs/retrofit/http/class-use/Multipart.html...
Generating /home/travis/build/square/retrofit/retrofit/target/apidocs/retrofit/http/class-use/Headers.html...
Generating /home/travis/build/square/retrofit/retrofit/target/apidocs/retrofit/http/class-use/Header.html...
Generating /home/travis/build/square/retrofit/retrofit/target/apidocs/retrofit/http/class-use/HTTP.html...
Generating /home/travis/build/square/retrofit/retrofit/target/apidocs/retrofit/http/class-use/HEAD.html...
Generating /home/travis/build/square/retrofit/retrofit/target/apidocs/retrofit/http/class-use/GET.html...
Generating /home/travis/build/square/retrofit/retrofit/target/apidocs/retrofit/http/class-use/FormUrlEncoded.html...
Generating /home/travis/build/square/retrofit/retrofit/target/apidocs/retrofit/http/class-use/FieldMap.html...
Generating /home/travis/build/square/retrofit/retrofit/target/apidocs/retrofit/http/class-use/Field.html...
Generating /home/travis/build/square/retrofit/retrofit/target/apidocs/retrofit/http/class-use/DELETE.html...
Generating /home/travis/build/square/retrofit/retrofit/target/apidocs/retrofit/http/class-use/Body.html...
Generating /home/travis/build/square/retrofit/retrofit/target/apidocs/retrofit/package-use.html...
Generating /home/travis/build/square/retrofit/retrofit/target/apidocs/retrofit/http/package-use.html...
Building index for all the packages and classes...
Generating /home/travis/build/square/retrofit/retrofit/target/apidocs/overview-tree.html...
Generating /home/travis/build/square/retrofit/retrofit/target/apidocs/index-all.html...
Generating /home/travis/build/square/retrofit/retrofit/target/apidocs/deprecated-list.html...
Building index for all classes...
Generating /home/travis/build/square/retrofit/retrofit/target/apidocs/allclasses-frame.html...
Generating /home/travis/build/square/retrofit/retrofit/target/apidocs/allclasses-noframe.html...
Generating /home/travis/build/square/retrofit/retrofit/target/apidocs/index.html...
Generating /home/travis/build/square/retrofit/retrofit/target/apidocs/overview-summary.html...
Generating /home/travis/build/square/retrofit/retrofit/target/apidocs/help-doc.html...
2 errors
98 warnings
[INFO] ------------------------------------------------------------------------
[INFO] Reactor Summary:
[INFO] 
[INFO] Retrofit (Parent) .................................. SUCCESS [  6.738 s]
[INFO] Retrofit ........................................... FAILURE [  3.482 s]
[INFO] Adapters ........................................... SKIPPED
[INFO] Adapter: RxJava .................................... SKIPPED
[INFO] Retrofit Mock Adapter .............................. SKIPPED
[INFO] Adapter: RxJava Mock ............................... SKIPPED
[INFO] Converters ......................................... SKIPPED
[INFO] Converter: Gson .................................... SKIPPED
[INFO] Converter: Protocol Buffers ........................ SKIPPED
[INFO] Converter: Jackson ................................. SKIPPED
[INFO] Converter: Wire Protocol Buffers ................... SKIPPED
[INFO] Converter: SimpleXML ............................... SKIPPED
[INFO] Converter: Moshi ................................... SKIPPED
[INFO] Samples ............................................ SKIPPED
[INFO] ------------------------------------------------------------------------
[INFO] BUILD FAILURE
[INFO] ------------------------------------------------------------------------
[INFO] Total time: 14.977 s
[INFO] Finished at: 2015-11-15T18:52:31+00:00
[INFO] Final Memory: 27M/366M
[INFO] ------------------------------------------------------------------------
[ERROR] Failed to execute goal org.apache.maven.plugins:maven-javadoc-plugin:2.10.3:jar (default-cli) on project retrofit: MavenReportException: Error while generating Javadoc:
[ERROR] Exit code: 1 - /home/travis/build/square/retrofit/retrofit/src/main/java/retrofit/BaseUrl.java:13: warning: no @return
[ERROR] HttpUrl url();
[ERROR] ^
[ERROR] /home/travis/build/square/retrofit/retrofit/src/main/java/retrofit/Call.java:41: warning: no @return
[ERROR] Response<T> execute() throws IOException;
[ERROR] ^
[ERROR] /home/travis/build/square/retrofit/retrofit/src/main/java/retrofit/Call.java:47: warning: no @param for callback
[ERROR] void enqueue(Callback<T> callback);
[ERROR] ^
[ERROR] /home/travis/build/square/retrofit/retrofit/src/main/java/retrofit/Call.java:56: warning: no @return
[ERROR] Call<T> clone();
[ERROR] ^
[ERROR] /home/travis/build/square/retrofit/retrofit/src/main/java/retrofit/CallAdapter.java:31: warning: no @return
[ERROR] Type responseType();
[ERROR] ^
[ERROR] /home/travis/build/square/retrofit/retrofit/src/main/java/retrofit/CallAdapter.java:34: warning: no @param for <R>
[ERROR] <R> T adapt(Call<R> call);
[ERROR] ^
[ERROR] /home/travis/build/square/retrofit/retrofit/src/main/java/retrofit/CallAdapter.java:34: warning: no @param for call
[ERROR] <R> T adapt(Call<R> call);
[ERROR] ^
[ERROR] /home/travis/build/square/retrofit/retrofit/src/main/java/retrofit/CallAdapter.java:34: warning: no @return
[ERROR] <R> T adapt(Call<R> call);
[ERROR] ^
[ERROR] /home/travis/build/square/retrofit/retrofit/src/main/java/retrofit/CallAdapter.java:42: warning: no @param for returnType
[ERROR] CallAdapter<?> get(Type returnType, Annotation[] annotations, Retrofit retrofit);
[ERROR] ^
[ERROR] /home/travis/build/square/retrofit/retrofit/src/main/java/retrofit/CallAdapter.java:42: warning: no @param for annotations
[ERROR] CallAdapter<?> get(Type returnType, Annotation[] annotations, Retrofit retrofit);
[ERROR] ^
[ERROR] /home/travis/build/square/retrofit/retrofit/src/main/java/retrofit/CallAdapter.java:42: warning: no @param for retrofit
[ERROR] CallAdapter<?> get(Type returnType, Annotation[] annotations, Retrofit retrofit);
[ERROR] ^
[ERROR] /home/travis/build/square/retrofit/retrofit/src/main/java/retrofit/CallAdapter.java:42: warning: no @return
[ERROR] CallAdapter<?> get(Type returnType, Annotation[] annotations, Retrofit retrofit);
[ERROR] ^
[ERROR] /home/travis/build/square/retrofit/retrofit/src/main/java/retrofit/Callback.java:38: warning: no @param for response
[ERROR] void onResponse(Response<T> response);
[ERROR] ^
[ERROR] /home/travis/build/square/retrofit/retrofit/src/main/java/retrofit/Callback.java:44: warning: no @param for t
[ERROR] void onFailure(Throwable t);
[ERROR] ^
[ERROR] /home/travis/build/square/retrofit/retrofit/src/main/java/retrofit/Converter.java:28: warning - Tag @link: can't find addConverterFactory(Factory) in retrofit.Retrofit.Builder
[ERROR] /home/travis/build/square/retrofit/retrofit/src/main/java/retrofit/Converter.java:37: warning: no @param for type
[ERROR] public Converter<ResponseBody, ?> fromResponseBody(Type type, Annotation[] annotations) {
[ERROR] ^
[ERROR] /home/travis/build/square/retrofit/retrofit/src/main/java/retrofit/Converter.java:37: warning: no @param for annotations
[ERROR] public Converter<ResponseBody, ?> fromResponseBody(Type type, Annotation[] annotations) {
[ERROR] ^
[ERROR] /home/travis/build/square/retrofit/retrofit/src/main/java/retrofit/Converter.java:37: warning: no @return
[ERROR] public Converter<ResponseBody, ?> fromResponseBody(Type type, Annotation[] annotations) {
[ERROR] ^
[ERROR] /home/travis/build/square/retrofit/retrofit/src/main/java/retrofit/Converter.java:45: warning: no @param for type
[ERROR] public Converter<?, RequestBody> toRequestBody(Type type, Annotation[] annotations) {
[ERROR] ^
[ERROR] /home/travis/build/square/retrofit/retrofit/src/main/java/retrofit/Converter.java:45: warning: no @param for annotations
[ERROR] public Converter<?, RequestBody> toRequestBody(Type type, Annotation[] annotations) {
[ERROR] ^
[ERROR] /home/travis/build/square/retrofit/retrofit/src/main/java/retrofit/Converter.java:45: warning: no @return
[ERROR] public Converter<?, RequestBody> toRequestBody(Type type, Annotation[] annotations) {
[ERROR] ^
[ERROR] /home/travis/build/square/retrofit/retrofit/src/main/java/retrofit/Response.java:25: warning: no @param for <T>
[ERROR] public static <T> Response<T> success(T body) {
[ERROR] ^
[ERROR] /home/travis/build/square/retrofit/retrofit/src/main/java/retrofit/Response.java:25: warning: no @param for body
[ERROR] public static <T> Response<T> success(T body) {
[ERROR] ^
[ERROR] /home/travis/build/square/retrofit/retrofit/src/main/java/retrofit/Response.java:25: warning: no @return
[ERROR] public static <T> Response<T> success(T body) {
[ERROR] ^
[ERROR] /home/travis/build/square/retrofit/retrofit/src/main/java/retrofit/Response.java:38: warning: no @param for <T>
[ERROR] public static <T> Response<T> success(T body, com.squareup.okhttp.Response rawResponse) {
[ERROR] ^
[ERROR] /home/travis/build/square/retrofit/retrofit/src/main/java/retrofit/Response.java:38: warning: no @param for body
[ERROR] public static <T> Response<T> success(T body, com.squareup.okhttp.Response rawResponse) {
[ERROR] ^
[ERROR] /home/travis/build/square/retrofit/retrofit/src/main/java/retrofit/Response.java:38: warning: no @param for rawResponse
[ERROR] public static <T> Response<T> success(T body, com.squareup.okhttp.Response rawResponse) {
[ERROR] ^
[ERROR] /home/travis/build/square/retrofit/retrofit/src/main/java/retrofit/Response.java:38: warning: no @return
[ERROR] public static <T> Response<T> success(T body, com.squareup.okhttp.Response rawResponse) {
[ERROR] ^
[ERROR] /home/travis/build/square/retrofit/retrofit/src/main/java/retrofit/Response.java:50: warning: no @param for <T>
[ERROR] public static <T> Response<T> error(int code, ResponseBody body) {
[ERROR] ^
[ERROR] /home/travis/build/square/retrofit/retrofit/src/main/java/retrofit/Response.java:50: warning: no @param for code
[ERROR] public static <T> Response<T> error(int code, ResponseBody body) {
[ERROR] ^
[ERROR] /home/travis/build/square/retrofit/retrofit/src/main/java/retrofit/Response.java:50: warning: no @param for body
[ERROR] public static <T> Response<T> error(int code, ResponseBody body) {
[ERROR] ^
[ERROR] /home/travis/build/square/retrofit/retrofit/src/main/java/retrofit/Response.java:50: warning: no @return
[ERROR] public static <T> Response<T> error(int code, ResponseBody body) {
[ERROR] ^
[ERROR] /home/travis/build/square/retrofit/retrofit/src/main/java/retrofit/Response.java:60: warning: no @param for <T>
[ERROR] public static <T> Response<T> error(ResponseBody body, com.squareup.okhttp.Response rawResponse) {
[ERROR] ^
[ERROR] /home/travis/build/square/retrofit/retrofit/src/main/java/retrofit/Response.java:60: warning: no @param for body
[ERROR] public static <T> Response<T> error(ResponseBody body, com.squareup.okhttp.Response rawResponse) {
[ERROR] ^
[ERROR] /home/travis/build/square/retrofit/retrofit/src/main/java/retrofit/Response.java:60: warning: no @param for rawResponse
[ERROR] public static <T> Response<T> error(ResponseBody body, com.squareup.okhttp.Response rawResponse) {
[ERROR] ^
[ERROR] /home/travis/build/square/retrofit/retrofit/src/main/java/retrofit/Response.java:60: warning: no @return
[ERROR] public static <T> Response<T> error(ResponseBody body, com.squareup.okhttp.Response rawResponse) {
[ERROR] ^
[ERROR] /home/travis/build/square/retrofit/retrofit/src/main/java/retrofit/Response.java:80: warning: no @return
[ERROR] public com.squareup.okhttp.Response raw() {
[ERROR] ^
[ERROR] /home/travis/build/square/retrofit/retrofit/src/main/java/retrofit/Response.java:85: warning: no @return
[ERROR] public int code() {
[ERROR] ^
[ERROR] /home/travis/build/square/retrofit/retrofit/src/main/java/retrofit/Response.java:90: warning: no @return
[ERROR] public String message() {
[ERROR] ^
[ERROR] /home/travis/build/square/retrofit/retrofit/src/main/java/retrofit/Response.java:95: warning: no @return
[ERROR] public Headers headers() {
[ERROR] ^
[ERROR] /home/travis/build/square/retrofit/retrofit/src/main/java/retrofit/Response.java:100: warning: no @return
[ERROR] public boolean isSuccess() {
[ERROR] ^
[ERROR] /home/travis/build/square/retrofit/retrofit/src/main/java/retrofit/Response.java:105: warning: no @return
[ERROR] public T body() {
[ERROR] ^
[ERROR] /home/travis/build/square/retrofit/retrofit/src/main/java/retrofit/Response.java:110: warning: no @return
[ERROR] public ResponseBody errorBody() {
[ERROR] ^
[ERROR] /home/travis/build/square/retrofit/retrofit/src/main/java/retrofit/Retrofit.java:115: warning: no @param for <T>
[ERROR] public <T> T create(final Class<T> service) {
[ERROR] ^
[ERROR] /home/travis/build/square/retrofit/retrofit/src/main/java/retrofit/Retrofit.java:115: warning: no @param for service
[ERROR] public <T> T create(final Class<T> service) {
[ERROR] ^
[ERROR] /home/travis/build/square/retrofit/retrofit/src/main/java/retrofit/Retrofit.java:115: warning: no @return
[ERROR] public <T> T create(final Class<T> service) {
[ERROR] ^
[ERROR] /home/travis/build/square/retrofit/retrofit/src/main/java/retrofit/Retrofit.java:175: warning: no @param for returnType
[ERROR] public CallAdapter<?> callAdapter(Type returnType, Annotation[] annotations) {
[ERROR] ^
[ERROR] /home/travis/build/square/retrofit/retrofit/src/main/java/retrofit/Retrofit.java:175: warning: no @param for annotations
[ERROR] public CallAdapter<?> callAdapter(Type returnType, Annotation[] annotations) {
[ERROR] ^
[ERROR] /home/travis/build/square/retrofit/retrofit/src/main/java/retrofit/Retrofit.java:175: warning: no @return
[ERROR] public CallAdapter<?> callAdapter(Type returnType, Annotation[] annotations) {
[ERROR] ^
[ERROR] /home/travis/build/square/retrofit/retrofit/src/main/java/retrofit/Retrofit.java:183: warning: no @param for skipPast
[ERROR] public CallAdapter<?> nextCallAdapter(CallAdapter.Factory skipPast, Type returnType,
[ERROR] ^
[ERROR] /home/travis/build/square/retrofit/retrofit/src/main/java/retrofit/Retrofit.java:183: warning: no @param for returnType
[ERROR] public CallAdapter<?> nextCallAdapter(CallAdapter.Factory skipPast, Type returnType,
[ERROR] ^
[ERROR] /home/travis/build/square/retrofit/retrofit/src/main/java/retrofit/Retrofit.java:183: warning: no @param for annotations
[ERROR] public CallAdapter<?> nextCallAdapter(CallAdapter.Factory skipPast, Type returnType,
[ERROR] ^
[ERROR] /home/travis/build/square/retrofit/retrofit/src/main/java/retrofit/Retrofit.java:183: warning: no @return
[ERROR] public CallAdapter<?> nextCallAdapter(CallAdapter.Factory skipPast, Type returnType,
[ERROR] ^
[ERROR] /home/travis/build/square/retrofit/retrofit/src/main/java/retrofit/Retrofit.java:214: warning: no @return
[ERROR] public List<Converter.Factory> converterFactories() {
[ERROR] ^
[ERROR] /home/travis/build/square/retrofit/retrofit/src/main/java/retrofit/Retrofit.java:222: warning: no @param for <T>
[ERROR] public <T> Converter<T, RequestBody> requestConverter(Type type, Annotation[] annotations) {
[ERROR] ^
[ERROR] /home/travis/build/square/retrofit/retrofit/src/main/java/retrofit/Retrofit.java:222: warning: no @param for type
[ERROR] public <T> Converter<T, RequestBody> requestConverter(Type type, Annotation[] annotations) {
[ERROR] ^
[ERROR] /home/travis/build/square/retrofit/retrofit/src/main/java/retrofit/Retrofit.java:222: warning: no @param for annotations
[ERROR] public <T> Converter<T, RequestBody> requestConverter(Type type, Annotation[] annotations) {
[ERROR] ^
[ERROR] /home/travis/build/square/retrofit/retrofit/src/main/java/retrofit/Retrofit.java:222: warning: no @return
[ERROR] public <T> Converter<T, RequestBody> requestConverter(Type type, Annotation[] annotations) {
[ERROR] ^
[ERROR] /home/travis/build/square/retrofit/retrofit/src/main/java/retrofit/Retrofit.java:248: warning: no @param for <T>
[ERROR] public <T> Converter<ResponseBody, T> responseConverter(Type type, Annotation[] annotations) {
[ERROR] ^
[ERROR] /home/travis/build/square/retrofit/retrofit/src/main/java/retrofit/Retrofit.java:248: warning: no @param for type
[ERROR] public <T> Converter<ResponseBody, T> responseConverter(Type type, Annotation[] annotations) {
[ERROR] ^
[ERROR] /home/travis/build/square/retrofit/retrofit/src/main/java/retrofit/Retrofit.java:248: warning: no @param for annotations
[ERROR] public <T> Converter<ResponseBody, T> responseConverter(Type type, Annotation[] annotations) {
[ERROR] ^
[ERROR] /home/travis/build/square/retrofit/retrofit/src/main/java/retrofit/Retrofit.java:248: warning: no @return
[ERROR] public <T> Converter<ResponseBody, T> responseConverter(Type type, Annotation[] annotations) {
[ERROR] ^
[ERROR] /home/travis/build/square/retrofit/retrofit/src/main/java/retrofit/Retrofit.java:295: warning: no @param for client
[ERROR] public Builder client(OkHttpClient client) {
[ERROR] ^
[ERROR] /home/travis/build/square/retrofit/retrofit/src/main/java/retrofit/Retrofit.java:295: warning: no @return
[ERROR] public Builder client(OkHttpClient client) {
[ERROR] ^
[ERROR] /home/travis/build/square/retrofit/retrofit/src/main/java/retrofit/Retrofit.java:305: warning: no @param for baseUrl
[ERROR] public Builder baseUrl(String baseUrl) {
[ERROR] ^
[ERROR] /home/travis/build/square/retrofit/retrofit/src/main/java/retrofit/Retrofit.java:305: warning: no @return
[ERROR] public Builder baseUrl(String baseUrl) {
[ERROR] ^
[ERROR] /home/travis/build/square/retrofit/retrofit/src/main/java/retrofit/Retrofit.java:364: warning: no @param for baseUrl
[ERROR] public Builder baseUrl(final HttpUrl baseUrl) {
[ERROR] ^
[ERROR] /home/travis/build/square/retrofit/retrofit/src/main/java/retrofit/Retrofit.java:364: warning: no @return
[ERROR] public Builder baseUrl(final HttpUrl baseUrl) {
[ERROR] ^
[ERROR] /home/travis/build/square/retrofit/retrofit/src/main/java/retrofit/Retrofit.java:382: warning: no @param for baseUrl
[ERROR] public Builder baseUrl(BaseUrl baseUrl) {
[ERROR] ^
[ERROR] /home/travis/build/square/retrofit/retrofit/src/main/java/retrofit/Retrofit.java:382: warning: no @return
[ERROR] public Builder baseUrl(BaseUrl baseUrl) {
[ERROR] ^
[ERROR] /home/travis/build/square/retrofit/retrofit/src/main/java/retrofit/Retrofit.java:388: warning: no @param for converterFactory
[ERROR] public Builder addConverterFactory(Converter.Factory converterFactory) {
[ERROR] ^
[ERROR] /home/travis/build/square/retrofit/retrofit/src/main/java/retrofit/Retrofit.java:388: warning: no @return
[ERROR] public Builder addConverterFactory(Converter.Factory converterFactory) {
[ERROR] ^
[ERROR] /home/travis/build/square/retrofit/retrofit/src/main/java/retrofit/Retrofit.java:396: warning: no @param for factory
[ERROR] public Builder addCallAdapterFactory(CallAdapter.Factory factory) {
[ERROR] ^
[ERROR] /home/travis/build/square/retrofit/retrofit/src/main/java/retrofit/Retrofit.java:396: warning: no @return
[ERROR] public Builder addCallAdapterFactory(CallAdapter.Factory factory) {
[ERROR] ^
[ERROR] /home/travis/build/square/retrofit/retrofit/src/main/java/retrofit/Retrofit.java:405: warning: no @param for callbackExecutor
[ERROR] public Builder callbackExecutor(Executor callbackExecutor) {
[ERROR] ^
[ERROR] /home/travis/build/square/retrofit/retrofit/src/main/java/retrofit/Retrofit.java:405: warning: no @return
[ERROR] public Builder callbackExecutor(Executor callbackExecutor) {
[ERROR] ^
[ERROR] /home/travis/build/square/retrofit/retrofit/src/main/java/retrofit/Retrofit.java:414: warning: no @param for validateEagerly
[ERROR] public Builder validateEagerly(boolean validateEagerly) {
[ERROR] ^
[ERROR] /home/travis/build/square/retrofit/retrofit/src/main/java/retrofit/Retrofit.java:414: warning: no @return
[ERROR] public Builder validateEagerly(boolean validateEagerly) {
[ERROR] ^
[ERROR] /home/travis/build/square/retrofit/retrofit/src/main/java/retrofit/Retrofit.java:420: warning: no @return
[ERROR] public Retrofit build() {
[ERROR] ^
[ERROR] /home/travis/build/square/retrofit/retrofit/src/main/java/retrofit/http/DELETE.java:38: warning: no @return
[ERROR] String value() default "";
[ERROR] ^
[ERROR] /home/travis/build/square/retrofit/retrofit/src/main/java/retrofit/http/Field.java:61: warning: no @return
[ERROR] boolean encoded() default false;
[ERROR] ^
[ERROR] /home/travis/build/square/retrofit/retrofit/src/main/java/retrofit/http/FieldMap.java:48: warning: no @return
[ERROR] boolean encoded() default false;
[ERROR] ^
[ERROR] /home/travis/build/square/retrofit/retrofit/src/main/java/retrofit/http/GET.java:38: warning: no @return
[ERROR] String value() default "";
[ERROR] ^
[ERROR] /home/travis/build/square/retrofit/retrofit/src/main/java/retrofit/http/HEAD.java:38: warning: no @return
[ERROR] String value() default "";
[ERROR] ^
[ERROR] /home/travis/build/square/retrofit/retrofit/src/main/java/retrofit/http/Header.java:27: warning: empty <p> tag
[ERROR] * <p>
[ERROR] ^
[ERROR] /home/travis/build/square/retrofit/retrofit/src/main/java/retrofit/http/Headers.java:27: warning: empty <p> tag
[ERROR] * <p>
[ERROR] ^
[ERROR] /home/travis/build/square/retrofit/retrofit/src/main/java/retrofit/http/HTTP.java:54: warning: no @return
[ERROR] String path() default "";
[ERROR] ^
[ERROR] /home/travis/build/square/retrofit/retrofit/src/main/java/retrofit/http/Part.java:38: warning: empty <p> tag
[ERROR] * <p>
[ERROR] ^
[ERROR] /home/travis/build/square/retrofit/retrofit/src/main/java/retrofit/http/Part.java:42: error: unknown tag: ResponseBody
[ERROR] * Call&lt;<ResponseBody> example(
[ERROR] ^
[ERROR] /home/travis/build/square/retrofit/retrofit/src/main/java/retrofit/http/Part.java:55: warning: no @return
[ERROR] String encoding() default "binary";
[ERROR] ^
[ERROR] /home/travis/build/square/retrofit/retrofit/src/main/java/retrofit/http/PartMap.java:36: warning: empty <p> tag
[ERROR] * <p>
[ERROR] ^
[ERROR] /home/travis/build/square/retrofit/retrofit/src/main/java/retrofit/http/PartMap.java:40: error: bad use of '>'
[ERROR] * Call&lt;ResponseBody> upload(
[ERROR] ^
[ERROR] /home/travis/build/square/retrofit/retrofit/src/main/java/retrofit/http/PartMap.java:53: warning: no @return
[ERROR] String encoding() default "binary";
[ERROR] ^
[ERROR] /home/travis/build/square/retrofit/retrofit/src/main/java/retrofit/http/PATCH.java:38: warning: no @return
[ERROR] String value() default "";
[ERROR] ^
[ERROR] /home/travis/build/square/retrofit/retrofit/src/main/java/retrofit/http/Path.java:58: warning: no @return
[ERROR] boolean encoded() default false;
[ERROR] ^
[ERROR] /home/travis/build/square/retrofit/retrofit/src/main/java/retrofit/http/POST.java:38: warning: no @return
[ERROR] String value() default "";
[ERROR] ^
[ERROR] /home/travis/build/square/retrofit/retrofit/src/main/java/retrofit/http/PUT.java:38: warning: no @return
[ERROR] String value() default "";
[ERROR] ^
[ERROR] /home/travis/build/square/retrofit/retrofit/src/main/java/retrofit/http/Query.java:69: warning: no @return
[ERROR] String value();
[ERROR] ^
[ERROR] /home/travis/build/square/retrofit/retrofit/src/main/java/retrofit/http/Query.java:74: warning: no @return
[ERROR] boolean encoded() default false;
[ERROR] ^
[ERROR] /home/travis/build/square/retrofit/retrofit/src/main/java/retrofit/http/QueryMap.java:56: warning: no @return
[ERROR] boolean encoded() default false;
[ERROR] ^
[ERROR] 
[ERROR] Command line was: /usr/lib/jvm/java-8-oracle/jre/../bin/javadoc @options @packages
[ERROR] 
[ERROR] Refer to the generated Javadoc files in '/home/travis/build/square/retrofit/retrofit/target/apidocs' dir.
[ERROR] -> [Help 1]
[ERROR] 
[ERROR] To see the full stack trace of the errors, re-run Maven with the -e switch.
[ERROR] Re-run Maven using the -X switch to enable full debug logging.
[ERROR] 
[ERROR] For more information about the errors and possible solutions, please read the following articles:
[ERROR] [Help 1] http://cwiki.apache.org/confluence/display/MAVEN/MojoExecutionException
[ERROR] 
[ERROR] After correcting the problems, you can resume the build with the command
[ERROR]   mvn <goals> -rf :retrofit
travis_time:end:3aa18ec8:start=1447613534781600436,finish=1447613552118908382,duration=17337307946[0Ktravis_fold:end:after_success[0K
Done. Your build exited with 0.
