Using worker: worker-linux-docker-de046327.prod.travis-ci.org:travis-linux-7

travis_fold:start:system_info[0K[33;1mBuild system information[0m
Build language: java
Build group: stable
Build dist: precise
[34m[1mBuild image provisioning date and time[0m
Thu Feb  5 15:09:33 UTC 2015
[34m[1mOperating System Details[0m
Distributor ID:	Ubuntu
Description:	Ubuntu 12.04.5 LTS
Release:	12.04
Codename:	precise
[34m[1mLinux Version[0m
3.13.0-29-generic
[34m[1mCookbooks Version[0m
a68419e https://github.com/travis-ci/travis-cookbooks/tree/a68419e
[34m[1mGCC version[0m
gcc (Ubuntu/Linaro 4.6.3-1ubuntu5) 4.6.3
Copyright (C) 2011 Free Software Foundation, Inc.
This is free software; see the source for copying conditions.  There is NO
warranty; not even for MERCHANTABILITY or FITNESS FOR A PARTICULAR PURPOSE.

[34m[1mLLVM version[0m
clang version 3.4 (tags/RELEASE_34/final)
Target: x86_64-unknown-linux-gnu
Thread model: posix
[34m[1mPre-installed Ruby versions[0m
ruby-1.9.3-p551
[34m[1mPre-installed Node.js versions[0m
v0.10.36
[34m[1mPre-installed Go versions[0m
1.4.1
[34m[1mRedis version[0m
redis-server 2.8.19
[34m[1mriak version[0m
2.0.2
[34m[1mMongoDB version[0m
MongoDB 2.4.12
[34m[1mCouchDB version[0m
couchdb 1.6.1
[34m[1mNeo4j version[0m
1.9.4
[34m[1mRabbitMQ Version[0m
3.4.3
[34m[1mElasticSearch version[0m
1.4.0
[34m[1mInstalled Sphinx versions[0m
2.0.10
2.1.9
2.2.6
[34m[1mDefault Sphinx version[0m
2.2.6
[34m[1mInstalled Firefox version[0m
firefox 31.0esr
[34m[1mPhantomJS version[0m
1.9.8
[34m[1mant -version[0m
Apache Ant(TM) version 1.8.2 compiled on December 3 2011
[34m[1mmvn -version[0m
Apache Maven 3.2.5 (12a6b3acb947671f09b81f49094c53f426d8cea1; 2014-12-14T17:29:23+00:00)
Maven home: /usr/local/maven
Java version: 1.7.0_76, vendor: Oracle Corporation
Java home: /usr/lib/jvm/java-7-oracle/jre
Default locale: en_US, platform encoding: ANSI_X3.4-1968
OS name: "linux", version: "3.13.0-29-generic", arch: "amd64", family: "unix"
travis_fold:end:system_info[0K
travis_fold:start:git.checkout[0Ktravis_time:start:034a4220[0K$ git clone --depth=50 https://github.com/square/retrofit.git square/retrofit
Cloning into 'square/retrofit'...
remote: Counting objects: 1762, done.[K
remote: Compressing objects:   0% (1/827)   [Kremote: Compressing objects:   1% (9/827)   [Kremote: Compressing objects:   2% (17/827)   [Kremote: Compressing objects:   3% (25/827)   [Kremote: Compressing objects:   4% (34/827)   [Kremote: Compressing objects:   5% (42/827)   [Kremote: Compressing objects:   6% (50/827)   [Kremote: Compressing objects:   7% (58/827)   [Kremote: Compressing objects:   8% (67/827)   [Kremote: Compressing objects:   9% (75/827)   [Kremote: Compressing objects:  10% (83/827)   [Kremote: Compressing objects:  11% (91/827)   [Kremote: Compressing objects:  12% (100/827)   [Kremote: Compressing objects:  13% (108/827)   [Kremote: Compressing objects:  14% (116/827)   [Kremote: Compressing objects:  15% (125/827)   [Kremote: Compressing objects:  16% (133/827)   [Kremote: Compressing objects:  17% (141/827)   [Kremote: Compressing objects:  18% (149/827)   [Kremote: Compressing objects:  19% (158/827)   [Kremote: Compressing objects:  20% (166/827)   [Kremote: Compressing objects:  21% (174/827)   [Kremote: Compressing objects:  22% (182/827)   [Kremote: Compressing objects:  23% (191/827)   [Kremote: Compressing objects:  24% (199/827)   [Kremote: Compressing objects:  25% (207/827)   [Kremote: Compressing objects:  26% (216/827)   [Kremote: Compressing objects:  27% (224/827)   [Kremote: Compressing objects:  28% (232/827)   [Kremote: Compressing objects:  29% (240/827)   [Kremote: Compressing objects:  30% (249/827)   [Kremote: Compressing objects:  31% (257/827)   [Kremote: Compressing objects:  32% (265/827)   [Kremote: Compressing objects:  33% (273/827)   [Kremote: Compressing objects:  34% (282/827)   [Kremote: Compressing objects:  35% (290/827)   [Kremote: Compressing objects:  36% (298/827)   [Kremote: Compressing objects:  37% (306/827)   [Kremote: Compressing objects:  38% (315/827)   [Kremote: Compressing objects:  39% (323/827)   [Kremote: Compressing objects:  40% (331/827)   [Kremote: Compressing objects:  41% (340/827)   [Kremote: Compressing objects:  42% (348/827)   [Kremote: Compressing objects:  43% (356/827)   [Kremote: Compressing objects:  44% (364/827)   [Kremote: Compressing objects:  45% (373/827)   [Kremote: Compressing objects:  46% (381/827)   [Kremote: Compressing objects:  47% (389/827)   [Kremote: Compressing objects:  48% (397/827)   [Kremote: Compressing objects:  49% (406/827)   [Kremote: Compressing objects:  50% (414/827)   [Kremote: Compressing objects:  51% (422/827)   [Kremote: Compressing objects:  52% (431/827)   [Kremote: Compressing objects:  53% (439/827)   [Kremote: Compressing objects:  54% (447/827)   [Kremote: Compressing objects:  55% (455/827)   [Kremote: Compressing objects:  56% (464/827)   [Kremote: Compressing objects:  57% (472/827)   [Kremote: Compressing objects:  58% (480/827)   [Kremote: Compressing objects:  59% (488/827)   [Kremote: Compressing objects:  60% (497/827)   [Kremote: Compressing objects:  61% (505/827)   [Kremote: Compressing objects:  62% (513/827)   [Kremote: Compressing objects:  63% (522/827)   [Kremote: Compressing objects:  64% (530/827)   [Kremote: Compressing objects:  65% (538/827)   [Kremote: Compressing objects:  66% (546/827)   [Kremote: Compressing objects:  67% (555/827)   [Kremote: Compressing objects:  68% (563/827)   [Kremote: Compressing objects:  69% (571/827)   [Kremote: Compressing objects:  70% (579/827)   [Kremote: Compressing objects:  71% (588/827)   [Kremote: Compressing objects:  72% (596/827)   [Kremote: Compressing objects:  73% (604/827)   [Kremote: Compressing objects:  74% (612/827)   [Kremote: Compressing objects:  75% (621/827)   [Kremote: Compressing objects:  76% (629/827)   [Kremote: Compressing objects:  77% (637/827)   [Kremote: Compressing objects:  78% (646/827)   [Kremote: Compressing objects:  79% (654/827)   [Kremote: Compressing objects:  80% (662/827)   [Kremote: Compressing objects:  81% (670/827)   [Kremote: Compressing objects:  82% (679/827)   [Kremote: Compressing objects:  83% (687/827)   [Kremote: Compressing objects:  84% (695/827)   [Kremote: Compressing objects:  85% (703/827)   [Kremote: Compressing objects:  86% (712/827)   [Kremote: Compressing objects:  87% (720/827)   [Kremote: Compressing objects:  88% (728/827)   [Kremote: Compressing objects:  89% (737/827)   [Kremote: Compressing objects:  90% (745/827)   [Kremote: Compressing objects:  91% (753/827)   [Kremote: Compressing objects:  92% (761/827)   [Kremote: Compressing objects:  93% (770/827)   [Kremote: Compressing objects:  94% (778/827)   [Kremote: Compressing objects:  95% (786/827)   [Kremote: Compressing objects:  96% (794/827)   [Kremote: Compressing objects:  97% (803/827)   [Kremote: Compressing objects:  98% (811/827)   [Kremote: Compressing objects:  99% (819/827)   [Kremote: Compressing objects: 100% (827/827)   [Kremote: Compressing objects: 100% (827/827), done.[K
Receiving objects:   0% (1/1762)   Receiving objects:   1% (18/1762)   Receiving objects:   2% (36/1762)   Receiving objects:   3% (53/1762)   Receiving objects:   4% (71/1762)   Receiving objects:   5% (89/1762)   Receiving objects:   6% (106/1762)   Receiving objects:   7% (124/1762)   Receiving objects:   8% (141/1762)   Receiving objects:   9% (159/1762)   Receiving objects:  10% (177/1762)   Receiving objects:  11% (194/1762)   Receiving objects:  12% (212/1762)   Receiving objects:  13% (230/1762)   Receiving objects:  14% (247/1762)   Receiving objects:  15% (265/1762)   Receiving objects:  16% (282/1762)   Receiving objects:  17% (300/1762)   Receiving objects:  18% (318/1762)   Receiving objects:  19% (335/1762)   Receiving objects:  20% (353/1762)   Receiving objects:  21% (371/1762)   Receiving objects:  22% (388/1762)   Receiving objects:  23% (406/1762)   Receiving objects:  24% (423/1762)   Receiving objects:  25% (441/1762)   Receiving objects:  26% (459/1762)   Receiving objects:  27% (476/1762)   Receiving objects:  28% (494/1762)   Receiving objects:  29% (511/1762)   Receiving objects:  30% (529/1762)   Receiving objects:  31% (547/1762)   Receiving objects:  32% (564/1762)   Receiving objects:  33% (582/1762)   Receiving objects:  34% (600/1762)   Receiving objects:  35% (617/1762)   Receiving objects:  36% (635/1762)   Receiving objects:  37% (652/1762)   Receiving objects:  38% (670/1762)   Receiving objects:  39% (688/1762)   Receiving objects:  40% (705/1762)   Receiving objects:  41% (723/1762)   Receiving objects:  42% (741/1762)   Receiving objects:  43% (758/1762)   Receiving objects:  44% (776/1762)   Receiving objects:  45% (793/1762)   Receiving objects:  46% (811/1762)   Receiving objects:  47% (829/1762)   Receiving objects:  48% (846/1762)   Receiving objects:  49% (864/1762)   Receiving objects:  50% (881/1762)   Receiving objects:  51% (899/1762)   Receiving objects:  52% (917/1762)   Receiving objects:  53% (934/1762)   Receiving objects:  54% (952/1762)   Receiving objects:  55% (970/1762)   Receiving objects:  56% (987/1762)   Receiving objects:  57% (1005/1762)   Receiving objects:  58% (1022/1762)   Receiving objects:  59% (1040/1762)   Receiving objects:  60% (1058/1762)   Receiving objects:  61% (1075/1762)   Receiving objects:  62% (1093/1762)   Receiving objects:  63% (1111/1762)   Receiving objects:  64% (1128/1762)   Receiving objects:  65% (1146/1762)   Receiving objects:  66% (1163/1762)   remote: Total 1762 (delta 706), reused 1530 (delta 504), pack-reused 0[K
Receiving objects:  67% (1181/1762)   Receiving objects:  68% (1199/1762)   Receiving objects:  69% (1216/1762)   Receiving objects:  70% (1234/1762)   Receiving objects:  71% (1252/1762)   Receiving objects:  72% (1269/1762)   Receiving objects:  73% (1287/1762)   Receiving objects:  74% (1304/1762)   Receiving objects:  75% (1322/1762)   Receiving objects:  76% (1340/1762)   Receiving objects:  77% (1357/1762)   Receiving objects:  78% (1375/1762)   Receiving objects:  79% (1392/1762)   Receiving objects:  80% (1410/1762)   Receiving objects:  81% (1428/1762)   Receiving objects:  82% (1445/1762)   Receiving objects:  83% (1463/1762)   Receiving objects:  84% (1481/1762)   Receiving objects:  85% (1498/1762)   Receiving objects:  86% (1516/1762)   Receiving objects:  87% (1533/1762)   Receiving objects:  88% (1551/1762)   Receiving objects:  89% (1569/1762)   Receiving objects:  90% (1586/1762)   Receiving objects:  91% (1604/1762)   Receiving objects:  92% (1622/1762)   Receiving objects:  93% (1639/1762)   Receiving objects:  94% (1657/1762)   Receiving objects:  95% (1674/1762)   Receiving objects:  96% (1692/1762)   Receiving objects:  97% (1710/1762)   Receiving objects:  98% (1727/1762)   Receiving objects:  99% (1745/1762)   Receiving objects: 100% (1762/1762)   Receiving objects: 100% (1762/1762), 379.20 KiB | 0 bytes/s, done.
Resolving deltas:   0% (0/706)   Resolving deltas:   5% (37/706)   Resolving deltas:   6% (44/706)   Resolving deltas:   7% (55/706)   Resolving deltas:   9% (64/706)   Resolving deltas:  15% (111/706)   Resolving deltas:  16% (113/706)   Resolving deltas:  17% (125/706)   Resolving deltas:  18% (134/706)   Resolving deltas:  19% (136/706)   Resolving deltas:  25% (180/706)   Resolving deltas:  27% (196/706)   Resolving deltas:  32% (226/706)   Resolving deltas:  33% (233/706)   Resolving deltas:  34% (241/706)   Resolving deltas:  36% (255/706)   Resolving deltas:  37% (262/706)   Resolving deltas:  38% (269/706)   Resolving deltas:  39% (279/706)   Resolving deltas:  40% (283/706)   Resolving deltas:  41% (290/706)   Resolving deltas:  43% (304/706)   Resolving deltas:  44% (313/706)   Resolving deltas:  45% (322/706)   Resolving deltas:  47% (334/706)   Resolving deltas:  48% (339/706)   Resolving deltas:  49% (351/706)   Resolving deltas:  50% (353/706)   Resolving deltas:  52% (370/706)   Resolving deltas:  53% (376/706)   Resolving deltas:  54% (382/706)   Resolving deltas:  57% (407/706)   Resolving deltas:  60% (427/706)   Resolving deltas:  61% (431/706)   Resolving deltas:  62% (440/706)   Resolving deltas:  64% (452/706)   Resolving deltas:  66% (470/706)   Resolving deltas:  67% (474/706)   Resolving deltas:  68% (482/706)   Resolving deltas:  69% (492/706)   Resolving deltas:  70% (496/706)   Resolving deltas:  71% (502/706)   Resolving deltas:  72% (510/706)   Resolving deltas:  73% (516/706)   Resolving deltas:  74% (523/706)   Resolving deltas:  75% (530/706)   Resolving deltas:  76% (537/706)   Resolving deltas:  77% (545/706)   Resolving deltas:  79% (559/706)   Resolving deltas:  80% (565/706)   Resolving deltas:  83% (586/706)   Resolving deltas:  84% (600/706)   Resolving deltas:  85% (601/706)   Resolving deltas:  91% (649/706)   Resolving deltas:  92% (650/706)   Resolving deltas:  93% (662/706)   Resolving deltas:  94% (665/706)   Resolving deltas:  96% (678/706)   Resolving deltas:  98% (692/706)   Resolving deltas:  99% (702/706)   Resolving deltas: 100% (706/706)   Resolving deltas: 100% (706/706), done.
Checking connectivity... done.
travis_time:end:034a4220:start=1450022814823369688,finish=1450022815991736047,duration=1168366359[0K$ cd square/retrofit
travis_time:start:23635e40[0K$ git fetch origin +refs/pull/1380/merge:
remote: Counting objects: 15, done.[K
remote: Compressing objects:  20% (1/5)   [Kremote: Compressing objects:  40% (2/5)   [Kremote: Compressing objects:  60% (3/5)   [Kremote: Compressing objects:  80% (4/5)   [Kremote: Compressing objects: 100% (5/5)   [Kremote: Compressing objects: 100% (5/5), done.[K
remote: Total 15 (delta 6), reused 14 (delta 6), pack-reused 0[K
Unpacking objects:   6% (1/15)   Unpacking objects:  13% (2/15)   Unpacking objects:  20% (3/15)   Unpacking objects:  26% (4/15)   Unpacking objects:  33% (5/15)   Unpacking objects:  40% (6/15)   Unpacking objects:  46% (7/15)   Unpacking objects:  53% (8/15)   Unpacking objects:  60% (9/15)   Unpacking objects:  66% (10/15)   Unpacking objects:  73% (11/15)   Unpacking objects:  80% (12/15)   Unpacking objects:  86% (13/15)   Unpacking objects:  93% (14/15)   Unpacking objects: 100% (15/15)   Unpacking objects: 100% (15/15), done.
From https://github.com/square/retrofit
 * branch            refs/pull/1380/merge -> FETCH_HEAD
travis_time:end:23635e40:start=1450022815995752903,finish=1450022816292131200,duration=296378297[0K$ git checkout -qf FETCH_HEAD
travis_fold:end:git.checkout[0K
[33;1mThis job is running on container-based infrastructure, which does not allow use of 'sudo', setuid and setguid executables.[0m
[33;1mIf you require sudo, add 'sudo: required' to your .travis.yml[0m
[33;1mSee http://docs.travis-ci.com/user/workers/container-based-infrastructure/ for details.[0m
travis_fold:start:cache.1[0KSetting up build cache
$ export CASHER_DIR=$HOME/.casher
travis_time:start:1055ae80[0K$ Installing caching utilities
travis_time:end:1055ae80:start=1450022818373905092,finish=1450022818461271232,duration=87366140[0Ktravis_time:start:16e00e70[0Ktravis_time:end:16e00e70:start=1450022818466494078,finish=1450022818469796324,duration=3302246[0Ktravis_time:start:2f10c6e0[0K[32;1mattempting to download cache archive[0m
[32;1mfetching PR.1380/cache--jdk-oraclejdk8.tgz[0m
[32;1mfetching PR.1380/cache--jdk-oraclejdk8.tbz[0m
[32;1mfetching master/cache--jdk-oraclejdk8.tgz[0m
[32;1mfound cache[0m
travis_time:end:2f10c6e0:start=1450022818473720461,finish=1450022820196673107,duration=1722952646[0Ktravis_time:start:0253d59d[0Ktravis_time:end:0253d59d:start=1450022820200839899,finish=1450022820204290382,duration=3450483[0Ktravis_time:start:03efecb9[0K[32;1madding /home/travis/.m2 to cache[0m
travis_time:end:03efecb9:start=1450022820208189167,finish=1450022821832366720,duration=1624177553[0Ktravis_fold:end:cache.1[0K$ jdk_switcher use oraclejdk8
Switching to Oracle JDK8 (java-8-oracle), JAVA_HOME will be set to /usr/lib/jvm/java-8-oracle
$ java -Xmx32m -version
java version "1.8.0_31"
Java(TM) SE Runtime Environment (build 1.8.0_31-b13)
Java HotSpot(TM) 64-Bit Server VM (build 25.31-b07, mixed mode)
$ javac -J-Xmx32m -version
javac 1.8.0_31
travis_fold:start:install[0Ktravis_time:start:17a0edf0[0K$ mvn install -DskipTests=true -Dmaven.javadoc.skip=true -B -V
Java HotSpot(TM) 64-Bit Server VM warning: ignoring option MaxPermSize=192m; support was removed in 8.0
Apache Maven 3.2.5 (12a6b3acb947671f09b81f49094c53f426d8cea1; 2014-12-14T17:29:23+00:00)
Maven home: /usr/local/maven
Java version: 1.8.0_31, vendor: Oracle Corporation
Java home: /usr/lib/jvm/java-8-oracle/jre
Default locale: en_US, platform encoding: UTF-8
OS name: "linux", version: "3.13.0-40-generic", arch: "amd64", family: "unix"
[INFO] Scanning for projects...
[WARNING] 
[WARNING] Some problems were encountered while building the effective model for com.squareup.retrofit2:samples:jar:2.0.0-SNAPSHOT
[WARNING] 'build.plugins.plugin.version' for org.apache.maven.plugins:maven-deploy-plugin is missing. @ com.squareup.retrofit2:samples:[unknown-version], /home/travis/build/square/retrofit/samples/pom.xml, line 45, column 15
[WARNING] 
[WARNING] It is highly recommended to fix these problems because they threaten the stability of your build.
[WARNING] 
[WARNING] For this reason, future Maven versions might no longer support building such malformed projects.
[WARNING] 
[INFO] ------------------------------------------------------------------------
[INFO] Reactor Build Order:
[INFO] 
[INFO] Retrofit (Parent)
[INFO] Retrofit
[INFO] Adapters
[INFO] Adapter: RxJava
[INFO] Converters
[INFO] Converter: Gson
[INFO] Converter: Protocol Buffers
[INFO] Converter: Jackson
[INFO] Converter: Wire Protocol Buffers
[INFO] Converter: SimpleXML
[INFO] Converter: Java Scalars
[INFO] Converter: Moshi
[INFO] Retrofit Mock Adapter
[INFO] Samples
[INFO]                                                                         
[INFO] ------------------------------------------------------------------------
[INFO] Building Retrofit (Parent) 2.0.0-SNAPSHOT
[INFO] ------------------------------------------------------------------------
[INFO] 
[INFO] --- maven-enforcer-plugin:1.0:enforce (enforce-maven) @ parent ---
[INFO] 
[INFO] --- animal-sniffer-maven-plugin:1.14:check (default) @ parent ---
[INFO] Checking unresolved references to org.codehaus.mojo.signature:java16:1.1
[INFO] 
[INFO] --- maven-javadoc-plugin:2.10.3:jar (attach-javadocs) @ parent ---
[INFO] Skipping javadoc generation
[INFO] 
[INFO] --- maven-checkstyle-plugin:2.15:checkstyle (default) @ parent ---
[INFO] 
[INFO] --- maven-install-plugin:2.4:install (default-install) @ parent ---
[INFO] Installing /home/travis/build/square/retrofit/pom.xml to /home/travis/.m2/repository/com/squareup/retrofit2/parent/2.0.0-SNAPSHOT/parent-2.0.0-SNAPSHOT.pom
[INFO]                                                                         
[INFO] ------------------------------------------------------------------------
[INFO] Building Retrofit 2.0.0-SNAPSHOT
[INFO] ------------------------------------------------------------------------
[INFO] 
[INFO] --- maven-enforcer-plugin:1.0:enforce (enforce-maven) @ retrofit ---
[INFO] 
[INFO] --- maven-resources-plugin:2.6:resources (default-resources) @ retrofit ---
[INFO] Using 'UTF-8' encoding to copy filtered resources.
[INFO] skip non existing resourceDirectory /home/travis/build/square/retrofit/retrofit/src/main/resources
[INFO] 
[INFO] --- maven-compiler-plugin:3.0:compile (default-compile) @ retrofit ---
[INFO] Changes detected - recompiling the module!
[INFO] Compiling 42 source files to /home/travis/build/square/retrofit/retrofit/target/classes
[WARNING] /home/travis/build/square/retrofit/retrofit/src/main/java/retrofit2/Retrofit.java: Some input files use unchecked or unsafe operations.
[WARNING] /home/travis/build/square/retrofit/retrofit/src/main/java/retrofit2/Retrofit.java: Recompile with -Xlint:unchecked for details.
[INFO] 
[INFO] --- maven-resources-plugin:2.6:testResources (default-testResources) @ retrofit ---
[INFO] Using 'UTF-8' encoding to copy filtered resources.
[INFO] skip non existing resourceDirectory /home/travis/build/square/retrofit/retrofit/src/test/resources
[INFO] 
[INFO] --- maven-compiler-plugin:3.0:testCompile (default-testCompile) @ retrofit ---
[INFO] Changes detected - recompiling the module!
[INFO] Compiling 8 source files to /home/travis/build/square/retrofit/retrofit/target/test-classes
[WARNING] /home/travis/build/square/retrofit/retrofit/src/test/java/retrofit2/RetrofitTest.java: /home/travis/build/square/retrofit/retrofit/src/test/java/retrofit2/RetrofitTest.java uses unchecked or unsafe operations.
[WARNING] /home/travis/build/square/retrofit/retrofit/src/test/java/retrofit2/RetrofitTest.java: Recompile with -Xlint:unchecked for details.
[INFO] 
[INFO] --- maven-surefire-plugin:2.12.4:test (default-test) @ retrofit ---
[INFO] Tests are skipped.
[INFO] 
[INFO] --- animal-sniffer-maven-plugin:1.14:check (default) @ retrofit ---
[INFO] Checking unresolved references to org.codehaus.mojo.signature:java16:1.1
[INFO] 
[INFO] --- maven-jar-plugin:2.4:jar (default-jar) @ retrofit ---
[INFO] Building jar: /home/travis/build/square/retrofit/retrofit/target/retrofit-2.0.0-SNAPSHOT.jar
[INFO] 
[INFO] --- maven-javadoc-plugin:2.10.3:jar (attach-javadocs) @ retrofit ---
[INFO] Skipping javadoc generation
[INFO] 
[INFO] --- maven-checkstyle-plugin:2.15:checkstyle (default) @ retrofit ---
[INFO] Starting audit...
/home/travis/build/square/retrofit/retrofit/src/main/java/retrofit2/Call.java:71: Line has trailing spaces.
/home/travis/build/square/retrofit/retrofit/src/main/java/retrofit2/OkHttpCall.java:254:6: 'catch' is not preceded with whitespace.
/home/travis/build/square/retrofit/retrofit/src/main/java/retrofit2/OkHttpCall.java:254:6: '}' is not followed by whitespace.
/home/travis/build/square/retrofit/retrofit/src/main/java/retrofit2/OkHttpCall.java:254:11: 'catch' is not followed by whitespace.
/home/travis/build/square/retrofit/retrofit/src/main/java/retrofit2/OkHttpCall.java:254:26: '{' is not preceded with whitespace.
Audit done.
[INFO] ------------------------------------------------------------------------
[INFO] Reactor Summary:
[INFO] 
[INFO] Retrofit (Parent) .................................. SUCCESS [  6.573 s]
[INFO] Retrofit ........................................... FAILURE [ 18.914 s]
[INFO] Adapters ........................................... SKIPPED
[INFO] Adapter: RxJava .................................... SKIPPED
[INFO] Converters ......................................... SKIPPED
[INFO] Converter: Gson .................................... SKIPPED
[INFO] Converter: Protocol Buffers ........................ SKIPPED
[INFO] Converter: Jackson ................................. SKIPPED
[INFO] Converter: Wire Protocol Buffers ................... SKIPPED
[INFO] Converter: SimpleXML ............................... SKIPPED
[INFO] Converter: Java Scalars ............................ SKIPPED
[INFO] Converter: Moshi ................................... SKIPPED
[INFO] Retrofit Mock Adapter .............................. SKIPPED
[INFO] Samples ............................................ SKIPPED
[INFO] ------------------------------------------------------------------------
[INFO] BUILD FAILURE
[INFO] ------------------------------------------------------------------------
[INFO] Total time: 26.198 s
[INFO] Finished at: 2015-12-13T16:07:31+00:00
[INFO] Final Memory: 33M/336M
[INFO] ------------------------------------------------------------------------
[ERROR] Failed to execute goal org.apache.maven.plugins:maven-checkstyle-plugin:2.15:checkstyle (default) on project retrofit: An error has occurred in Checkstyle report generation. Failed during checkstyle execution: There are 5 errors reported by Checkstyle 6.1.1 with checkstyle.xml ruleset. -> [Help 1]
[ERROR] 
[ERROR] To see the full stack trace of the errors, re-run Maven with the -e switch.
[ERROR] Re-run Maven using the -X switch to enable full debug logging.
[ERROR] 
[ERROR] For more information about the errors and possible solutions, please read the following articles:
[ERROR] [Help 1] http://cwiki.apache.org/confluence/display/MAVEN/MojoExecutionException
[ERROR] 
[ERROR] After correcting the problems, you can resume the build with the command
[ERROR]   mvn <goals> -rf :retrofit

[31;1mThe command "eval mvn install -DskipTests=true -Dmaven.javadoc.skip=true -B -V" failed. Retrying, 2 of 3.[0m

Java HotSpot(TM) 64-Bit Server VM warning: ignoring option MaxPermSize=192m; support was removed in 8.0
Apache Maven 3.2.5 (12a6b3acb947671f09b81f49094c53f426d8cea1; 2014-12-14T17:29:23+00:00)
Maven home: /usr/local/maven
Java version: 1.8.0_31, vendor: Oracle Corporation
Java home: /usr/lib/jvm/java-8-oracle/jre
Default locale: en_US, platform encoding: UTF-8
OS name: "linux", version: "3.13.0-40-generic", arch: "amd64", family: "unix"
[INFO] Scanning for projects...
[WARNING] 
[WARNING] Some problems were encountered while building the effective model for com.squareup.retrofit2:samples:jar:2.0.0-SNAPSHOT
[WARNING] 'build.plugins.plugin.version' for org.apache.maven.plugins:maven-deploy-plugin is missing. @ com.squareup.retrofit2:samples:[unknown-version], /home/travis/build/square/retrofit/samples/pom.xml, line 45, column 15
[WARNING] 
[WARNING] It is highly recommended to fix these problems because they threaten the stability of your build.
[WARNING] 
[WARNING] For this reason, future Maven versions might no longer support building such malformed projects.
[WARNING] 
[INFO] ------------------------------------------------------------------------
[INFO] Reactor Build Order:
[INFO] 
[INFO] Retrofit (Parent)
[INFO] Retrofit
[INFO] Adapters
[INFO] Adapter: RxJava
[INFO] Converters
[INFO] Converter: Gson
[INFO] Converter: Protocol Buffers
[INFO] Converter: Jackson
[INFO] Converter: Wire Protocol Buffers
[INFO] Converter: SimpleXML
[INFO] Converter: Java Scalars
[INFO] Converter: Moshi
[INFO] Retrofit Mock Adapter
[INFO] Samples
[INFO]                                                                         
[INFO] ------------------------------------------------------------------------
[INFO] Building Retrofit (Parent) 2.0.0-SNAPSHOT
[INFO] ------------------------------------------------------------------------
[INFO] 
[INFO] --- maven-enforcer-plugin:1.0:enforce (enforce-maven) @ parent ---
[INFO] 
[INFO] --- animal-sniffer-maven-plugin:1.14:check (default) @ parent ---
[INFO] Checking unresolved references to org.codehaus.mojo.signature:java16:1.1
[INFO] 
[INFO] --- maven-javadoc-plugin:2.10.3:jar (attach-javadocs) @ parent ---
[INFO] Skipping javadoc generation
[INFO] 
[INFO] --- maven-checkstyle-plugin:2.15:checkstyle (default) @ parent ---
[INFO] 
[INFO] --- maven-install-plugin:2.4:install (default-install) @ parent ---
[INFO] Installing /home/travis/build/square/retrofit/pom.xml to /home/travis/.m2/repository/com/squareup/retrofit2/parent/2.0.0-SNAPSHOT/parent-2.0.0-SNAPSHOT.pom
[INFO]                                                                         
[INFO] ------------------------------------------------------------------------
[INFO] Building Retrofit 2.0.0-SNAPSHOT
[INFO] ------------------------------------------------------------------------
[INFO] 
[INFO] --- maven-enforcer-plugin:1.0:enforce (enforce-maven) @ retrofit ---
[INFO] 
[INFO] --- maven-resources-plugin:2.6:resources (default-resources) @ retrofit ---
[INFO] Using 'UTF-8' encoding to copy filtered resources.
[INFO] skip non existing resourceDirectory /home/travis/build/square/retrofit/retrofit/src/main/resources
[INFO] 
[INFO] --- maven-compiler-plugin:3.0:compile (default-compile) @ retrofit ---
[INFO] Changes detected - recompiling the module!
[INFO] Compiling 42 source files to /home/travis/build/square/retrofit/retrofit/target/classes
[WARNING] /home/travis/build/square/retrofit/retrofit/src/main/java/retrofit2/Retrofit.java: Some input files use unchecked or unsafe operations.
[WARNING] /home/travis/build/square/retrofit/retrofit/src/main/java/retrofit2/Retrofit.java: Recompile with -Xlint:unchecked for details.
[INFO] 
[INFO] --- maven-resources-plugin:2.6:testResources (default-testResources) @ retrofit ---
[INFO] Using 'UTF-8' encoding to copy filtered resources.
[INFO] skip non existing resourceDirectory /home/travis/build/square/retrofit/retrofit/src/test/resources
[INFO] 
[INFO] --- maven-compiler-plugin:3.0:testCompile (default-testCompile) @ retrofit ---
[INFO] Changes detected - recompiling the module!
[INFO] Compiling 8 source files to /home/travis/build/square/retrofit/retrofit/target/test-classes
[WARNING] /home/travis/build/square/retrofit/retrofit/src/test/java/retrofit2/RetrofitTest.java: /home/travis/build/square/retrofit/retrofit/src/test/java/retrofit2/RetrofitTest.java uses unchecked or unsafe operations.
[WARNING] /home/travis/build/square/retrofit/retrofit/src/test/java/retrofit2/RetrofitTest.java: Recompile with -Xlint:unchecked for details.
[INFO] 
[INFO] --- maven-surefire-plugin:2.12.4:test (default-test) @ retrofit ---
[INFO] Tests are skipped.
[INFO] 
[INFO] --- animal-sniffer-maven-plugin:1.14:check (default) @ retrofit ---
[INFO] Checking unresolved references to org.codehaus.mojo.signature:java16:1.1
[INFO] 
[INFO] --- maven-jar-plugin:2.4:jar (default-jar) @ retrofit ---
[INFO] Building jar: /home/travis/build/square/retrofit/retrofit/target/retrofit-2.0.0-SNAPSHOT.jar
[INFO] 
[INFO] --- maven-javadoc-plugin:2.10.3:jar (attach-javadocs) @ retrofit ---
[INFO] Skipping javadoc generation
[INFO] 
[INFO] --- maven-checkstyle-plugin:2.15:checkstyle (default) @ retrofit ---
[INFO] Starting audit...
/home/travis/build/square/retrofit/retrofit/src/main/java/retrofit2/Call.java:71: Line has trailing spaces.
/home/travis/build/square/retrofit/retrofit/src/main/java/retrofit2/OkHttpCall.java:254:6: 'catch' is not preceded with whitespace.
/home/travis/build/square/retrofit/retrofit/src/main/java/retrofit2/OkHttpCall.java:254:6: '}' is not followed by whitespace.
/home/travis/build/square/retrofit/retrofit/src/main/java/retrofit2/OkHttpCall.java:254:11: 'catch' is not followed by whitespace.
/home/travis/build/square/retrofit/retrofit/src/main/java/retrofit2/OkHttpCall.java:254:26: '{' is not preceded with whitespace.
Audit done.
[INFO] ------------------------------------------------------------------------
[INFO] Reactor Summary:
[INFO] 
[INFO] Retrofit (Parent) .................................. SUCCESS [  6.180 s]
[INFO] Retrofit ........................................... FAILURE [ 15.149 s]
[INFO] Adapters ........................................... SKIPPED
[INFO] Adapter: RxJava .................................... SKIPPED
[INFO] Converters ......................................... SKIPPED
[INFO] Converter: Gson .................................... SKIPPED
[INFO] Converter: Protocol Buffers ........................ SKIPPED
[INFO] Converter: Jackson ................................. SKIPPED
[INFO] Converter: Wire Protocol Buffers ................... SKIPPED
[INFO] Converter: SimpleXML ............................... SKIPPED
[INFO] Converter: Java Scalars ............................ SKIPPED
[INFO] Converter: Moshi ................................... SKIPPED
[INFO] Retrofit Mock Adapter .............................. SKIPPED
[INFO] Samples ............................................ SKIPPED
[INFO] ------------------------------------------------------------------------
[INFO] BUILD FAILURE
[INFO] ------------------------------------------------------------------------
[INFO] Total time: 21.764 s
[INFO] Finished at: 2015-12-13T16:08:03+00:00
[INFO] Final Memory: 32M/333M
[INFO] ------------------------------------------------------------------------
[ERROR] Failed to execute goal org.apache.maven.plugins:maven-checkstyle-plugin:2.15:checkstyle (default) on project retrofit: An error has occurred in Checkstyle report generation. Failed during checkstyle execution: There are 5 errors reported by Checkstyle 6.1.1 with checkstyle.xml ruleset. -> [Help 1]
[ERROR] 
[ERROR] To see the full stack trace of the errors, re-run Maven with the -e switch.
[ERROR] Re-run Maven using the -X switch to enable full debug logging.
[ERROR] 
[ERROR] For more information about the errors and possible solutions, please read the following articles:
[ERROR] [Help 1] http://cwiki.apache.org/confluence/display/MAVEN/MojoExecutionException
[ERROR] 
[ERROR] After correcting the problems, you can resume the build with the command
[ERROR]   mvn <goals> -rf :retrofit

[31;1mThe command "eval mvn install -DskipTests=true -Dmaven.javadoc.skip=true -B -V" failed. Retrying, 3 of 3.[0m

Java HotSpot(TM) 64-Bit Server VM warning: ignoring option MaxPermSize=192m; support was removed in 8.0
Apache Maven 3.2.5 (12a6b3acb947671f09b81f49094c53f426d8cea1; 2014-12-14T17:29:23+00:00)
Maven home: /usr/local/maven
Java version: 1.8.0_31, vendor: Oracle Corporation
Java home: /usr/lib/jvm/java-8-oracle/jre
Default locale: en_US, platform encoding: UTF-8
OS name: "linux", version: "3.13.0-40-generic", arch: "amd64", family: "unix"
[INFO] Scanning for projects...
[WARNING] 
[WARNING] Some problems were encountered while building the effective model for com.squareup.retrofit2:samples:jar:2.0.0-SNAPSHOT
[WARNING] 'build.plugins.plugin.version' for org.apache.maven.plugins:maven-deploy-plugin is missing. @ com.squareup.retrofit2:samples:[unknown-version], /home/travis/build/square/retrofit/samples/pom.xml, line 45, column 15
[WARNING] 
[WARNING] It is highly recommended to fix these problems because they threaten the stability of your build.
[WARNING] 
[WARNING] For this reason, future Maven versions might no longer support building such malformed projects.
[WARNING] 
[INFO] ------------------------------------------------------------------------
[INFO] Reactor Build Order:
[INFO] 
[INFO] Retrofit (Parent)
[INFO] Retrofit
[INFO] Adapters
[INFO] Adapter: RxJava
[INFO] Converters
[INFO] Converter: Gson
[INFO] Converter: Protocol Buffers
[INFO] Converter: Jackson
[INFO] Converter: Wire Protocol Buffers
[INFO] Converter: SimpleXML
[INFO] Converter: Java Scalars
[INFO] Converter: Moshi
[INFO] Retrofit Mock Adapter
[INFO] Samples
[INFO]                                                                         
[INFO] ------------------------------------------------------------------------
[INFO] Building Retrofit (Parent) 2.0.0-SNAPSHOT
[INFO] ------------------------------------------------------------------------
[INFO] 
[INFO] --- maven-enforcer-plugin:1.0:enforce (enforce-maven) @ parent ---
[INFO] 
[INFO] --- animal-sniffer-maven-plugin:1.14:check (default) @ parent ---
[INFO] Checking unresolved references to org.codehaus.mojo.signature:java16:1.1
[INFO] 
[INFO] --- maven-javadoc-plugin:2.10.3:jar (attach-javadocs) @ parent ---
[INFO] Skipping javadoc generation
[INFO] 
[INFO] --- maven-checkstyle-plugin:2.15:checkstyle (default) @ parent ---
[INFO] 
[INFO] --- maven-install-plugin:2.4:install (default-install) @ parent ---
[INFO] Installing /home/travis/build/square/retrofit/pom.xml to /home/travis/.m2/repository/com/squareup/retrofit2/parent/2.0.0-SNAPSHOT/parent-2.0.0-SNAPSHOT.pom
[INFO]                                                                         
[INFO] ------------------------------------------------------------------------
[INFO] Building Retrofit 2.0.0-SNAPSHOT
[INFO] ------------------------------------------------------------------------
[INFO] 
[INFO] --- maven-enforcer-plugin:1.0:enforce (enforce-maven) @ retrofit ---
[INFO] 
[INFO] --- maven-resources-plugin:2.6:resources (default-resources) @ retrofit ---
[INFO] Using 'UTF-8' encoding to copy filtered resources.
[INFO] skip non existing resourceDirectory /home/travis/build/square/retrofit/retrofit/src/main/resources
[INFO] 
[INFO] --- maven-compiler-plugin:3.0:compile (default-compile) @ retrofit ---
[INFO] Changes detected - recompiling the module!
[INFO] Compiling 42 source files to /home/travis/build/square/retrofit/retrofit/target/classes
[WARNING] /home/travis/build/square/retrofit/retrofit/src/main/java/retrofit2/Retrofit.java: Some input files use unchecked or unsafe operations.
[WARNING] /home/travis/build/square/retrofit/retrofit/src/main/java/retrofit2/Retrofit.java: Recompile with -Xlint:unchecked for details.
[INFO] 
[INFO] --- maven-resources-plugin:2.6:testResources (default-testResources) @ retrofit ---
[INFO] Using 'UTF-8' encoding to copy filtered resources.
[INFO] skip non existing resourceDirectory /home/travis/build/square/retrofit/retrofit/src/test/resources
[INFO] 
[INFO] --- maven-compiler-plugin:3.0:testCompile (default-testCompile) @ retrofit ---
[INFO] Changes detected - recompiling the module!
[INFO] Compiling 8 source files to /home/travis/build/square/retrofit/retrofit/target/test-classes
[WARNING] /home/travis/build/square/retrofit/retrofit/src/test/java/retrofit2/RetrofitTest.java: /home/travis/build/square/retrofit/retrofit/src/test/java/retrofit2/RetrofitTest.java uses unchecked or unsafe operations.
[WARNING] /home/travis/build/square/retrofit/retrofit/src/test/java/retrofit2/RetrofitTest.java: Recompile with -Xlint:unchecked for details.
[INFO] 
[INFO] --- maven-surefire-plugin:2.12.4:test (default-test) @ retrofit ---
[INFO] Tests are skipped.
[INFO] 
[INFO] --- animal-sniffer-maven-plugin:1.14:check (default) @ retrofit ---
[INFO] Checking unresolved references to org.codehaus.mojo.signature:java16:1.1
[INFO] 
[INFO] --- maven-jar-plugin:2.4:jar (default-jar) @ retrofit ---
[INFO] Building jar: /home/travis/build/square/retrofit/retrofit/target/retrofit-2.0.0-SNAPSHOT.jar
[INFO] 
[INFO] --- maven-javadoc-plugin:2.10.3:jar (attach-javadocs) @ retrofit ---
[INFO] Skipping javadoc generation
[INFO] 
[INFO] --- maven-checkstyle-plugin:2.15:checkstyle (default) @ retrofit ---
[INFO] Starting audit...
/home/travis/build/square/retrofit/retrofit/src/main/java/retrofit2/Call.java:71: Line has trailing spaces.
/home/travis/build/square/retrofit/retrofit/src/main/java/retrofit2/OkHttpCall.java:254:6: 'catch' is not preceded with whitespace.
/home/travis/build/square/retrofit/retrofit/src/main/java/retrofit2/OkHttpCall.java:254:6: '}' is not followed by whitespace.
/home/travis/build/square/retrofit/retrofit/src/main/java/retrofit2/OkHttpCall.java:254:11: 'catch' is not followed by whitespace.
/home/travis/build/square/retrofit/retrofit/src/main/java/retrofit2/OkHttpCall.java:254:26: '{' is not preceded with whitespace.
Audit done.
[INFO] ------------------------------------------------------------------------
[INFO] Reactor Summary:
[INFO] 
[INFO] Retrofit (Parent) .................................. SUCCESS [  6.800 s]
[INFO] Retrofit ........................................... FAILURE [ 15.623 s]
[INFO] Adapters ........................................... SKIPPED
[INFO] Adapter: RxJava .................................... SKIPPED
[INFO] Converters ......................................... SKIPPED
[INFO] Converter: Gson .................................... SKIPPED
[INFO] Converter: Protocol Buffers ........................ SKIPPED
[INFO] Converter: Jackson ................................. SKIPPED
[INFO] Converter: Wire Protocol Buffers ................... SKIPPED
[INFO] Converter: SimpleXML ............................... SKIPPED
[INFO] Converter: Java Scalars ............................ SKIPPED
[INFO] Converter: Moshi ................................... SKIPPED
[INFO] Retrofit Mock Adapter .............................. SKIPPED
[INFO] Samples ............................................ SKIPPED
[INFO] ------------------------------------------------------------------------
[INFO] BUILD FAILURE
[INFO] ------------------------------------------------------------------------
[INFO] Total time: 22.935 s
[INFO] Finished at: 2015-12-13T16:08:39+00:00
[INFO] Final Memory: 32M/341M
[INFO] ------------------------------------------------------------------------
[ERROR] Failed to execute goal org.apache.maven.plugins:maven-checkstyle-plugin:2.15:checkstyle (default) on project retrofit: An error has occurred in Checkstyle report generation. Failed during checkstyle execution: There are 5 errors reported by Checkstyle 6.1.1 with checkstyle.xml ruleset. -> [Help 1]
[ERROR] 
[ERROR] To see the full stack trace of the errors, re-run Maven with the -e switch.
[ERROR] Re-run Maven using the -X switch to enable full debug logging.
[ERROR] 
[ERROR] For more information about the errors and possible solutions, please read the following articles:
[ERROR] [Help 1] http://cwiki.apache.org/confluence/display/MAVEN/MojoExecutionException
[ERROR] 
[ERROR] After correcting the problems, you can resume the build with the command
[ERROR]   mvn <goals> -rf :retrofit

[31;1mThe command "eval mvn install -DskipTests=true -Dmaven.javadoc.skip=true -B -V" failed 3 times.[0m

travis_time:end:17a0edf0:start=1450022822555177085,finish=1450022928617934398,duration=106062757313[0K
[31;1mThe command "mvn install -DskipTests=true -Dmaven.javadoc.skip=true -B -V" failed and exited with 1 during .[0m

Your build has been stopped.
