Using worker: worker-linux-docker-aedda957.prod.travis-ci.org:travis-linux-8

travis_fold:start:system_info[0K[33;1mBuild system information[0m
Build language: java
Build group: stable
Build dist: precise
[34m[1mBuild image provisioning date and time[0m
Thu Feb  5 15:09:33 UTC 2015
[34m[1mOperating System Details[0m
Distributor ID:	Ubuntu
Description:	Ubuntu 12.04.5 LTS
Release:	12.04
Codename:	precise
[34m[1mLinux Version[0m
3.13.0-29-generic
[34m[1mCookbooks Version[0m
a68419e https://github.com/travis-ci/travis-cookbooks/tree/a68419e
[34m[1mGCC version[0m
gcc (Ubuntu/Linaro 4.6.3-1ubuntu5) 4.6.3
Copyright (C) 2011 Free Software Foundation, Inc.
This is free software; see the source for copying conditions.  There is NO
warranty; not even for MERCHANTABILITY or FITNESS FOR A PARTICULAR PURPOSE.

[34m[1mLLVM version[0m
clang version 3.4 (tags/RELEASE_34/final)
Target: x86_64-unknown-linux-gnu
Thread model: posix
[34m[1mPre-installed Ruby versions[0m
ruby-1.9.3-p551
[34m[1mPre-installed Node.js versions[0m
v0.10.36
[34m[1mPre-installed Go versions[0m
1.4.1
[34m[1mRedis version[0m
redis-server 2.8.19
[34m[1mriak version[0m
2.0.2
[34m[1mMongoDB version[0m
MongoDB 2.4.12
[34m[1mCouchDB version[0m
couchdb 1.6.1
[34m[1mNeo4j version[0m
1.9.4
[34m[1mRabbitMQ Version[0m
3.4.3
[34m[1mElasticSearch version[0m
1.4.0
[34m[1mInstalled Sphinx versions[0m
2.0.10
2.1.9
2.2.6
[34m[1mDefault Sphinx version[0m
2.2.6
[34m[1mInstalled Firefox version[0m
firefox 31.0esr
[34m[1mPhantomJS version[0m
1.9.8
[34m[1mant -version[0m
Apache Ant(TM) version 1.8.2 compiled on December 3 2011
[34m[1mmvn -version[0m
Apache Maven 3.2.5 (12a6b3acb947671f09b81f49094c53f426d8cea1; 2014-12-14T17:29:23+00:00)
Maven home: /usr/local/maven
Java version: 1.7.0_76, vendor: Oracle Corporation
Java home: /usr/lib/jvm/java-7-oracle/jre
Default locale: en_US, platform encoding: ANSI_X3.4-1968
OS name: "linux", version: "3.13.0-29-generic", arch: "amd64", family: "unix"
travis_fold:end:system_info[0K
travis_fold:start:git.checkout[0Ktravis_time:start:0ba40c3a[0K$ git clone --depth=50 --branch=jwilson_0101_callfactory https://github.com/square/retrofit.git square/retrofit
Cloning into 'square/retrofit'...
remote: Counting objects: 1987, done.[K
remote: Compressing objects:   0% (1/890)   [Kremote: Compressing objects:   1% (9/890)   [Kremote: Compressing objects:   2% (18/890)   [Kremote: Compressing objects:   3% (27/890)   [Kremote: Compressing objects:   4% (36/890)   [Kremote: Compressing objects:   5% (45/890)   [Kremote: Compressing objects:   6% (54/890)   [Kremote: Compressing objects:   7% (63/890)   [Kremote: Compressing objects:   8% (72/890)   [Kremote: Compressing objects:   9% (81/890)   [Kremote: Compressing objects:  10% (89/890)   [Kremote: Compressing objects:  11% (98/890)   [Kremote: Compressing objects:  12% (107/890)   [Kremote: Compressing objects:  13% (116/890)   [Kremote: Compressing objects:  14% (125/890)   [Kremote: Compressing objects:  15% (134/890)   [Kremote: Compressing objects:  16% (143/890)   [Kremote: Compressing objects:  17% (152/890)   [Kremote: Compressing objects:  18% (161/890)   [Kremote: Compressing objects:  19% (170/890)   [Kremote: Compressing objects:  20% (178/890)   [Kremote: Compressing objects:  21% (187/890)   [Kremote: Compressing objects:  22% (196/890)   [Kremote: Compressing objects:  23% (205/890)   [Kremote: Compressing objects:  24% (214/890)   [Kremote: Compressing objects:  25% (223/890)   [Kremote: Compressing objects:  26% (232/890)   [Kremote: Compressing objects:  27% (241/890)   [Kremote: Compressing objects:  28% (250/890)   [Kremote: Compressing objects:  29% (259/890)   [Kremote: Compressing objects:  30% (267/890)   [Kremote: Compressing objects:  31% (276/890)   [Kremote: Compressing objects:  32% (285/890)   [Kremote: Compressing objects:  33% (294/890)   [Kremote: Compressing objects:  34% (303/890)   [Kremote: Compressing objects:  35% (312/890)   [Kremote: Compressing objects:  36% (321/890)   [Kremote: Compressing objects:  37% (330/890)   [Kremote: Compressing objects:  38% (339/890)   [Kremote: Compressing objects:  39% (348/890)   [Kremote: Compressing objects:  40% (356/890)   [Kremote: Compressing objects:  41% (365/890)   [Kremote: Compressing objects:  42% (374/890)   [Kremote: Compressing objects:  43% (383/890)   [Kremote: Compressing objects:  44% (392/890)   [Kremote: Compressing objects:  45% (401/890)   [Kremote: Compressing objects:  46% (410/890)   [Kremote: Compressing objects:  47% (419/890)   [Kremote: Compressing objects:  48% (428/890)   [Kremote: Compressing objects:  49% (437/890)   [Kremote: Compressing objects:  50% (445/890)   [Kremote: Compressing objects:  51% (454/890)   [Kremote: Compressing objects:  52% (463/890)   [Kremote: Compressing objects:  53% (472/890)   [Kremote: Compressing objects:  54% (481/890)   [Kremote: Compressing objects:  55% (490/890)   [Kremote: Compressing objects:  56% (499/890)   [Kremote: Compressing objects:  57% (508/890)   [Kremote: Compressing objects:  58% (517/890)   [Kremote: Compressing objects:  59% (526/890)   [Kremote: Compressing objects:  60% (534/890)   [Kremote: Compressing objects:  61% (543/890)   [Kremote: Compressing objects:  62% (552/890)   [Kremote: Compressing objects:  63% (561/890)   [Kremote: Compressing objects:  64% (570/890)   [Kremote: Compressing objects:  65% (579/890)   [Kremote: Compressing objects:  66% (588/890)   [Kremote: Compressing objects:  67% (597/890)   [Kremote: Compressing objects:  68% (606/890)   [Kremote: Compressing objects:  69% (615/890)   [Kremote: Compressing objects:  70% (623/890)   [Kremote: Compressing objects:  71% (632/890)   [Kremote: Compressing objects:  72% (641/890)   [Kremote: Compressing objects:  73% (650/890)   [Kremote: Compressing objects:  74% (659/890)   [Kremote: Compressing objects:  75% (668/890)   [Kremote: Compressing objects:  76% (677/890)   [Kremote: Compressing objects:  77% (686/890)   [Kremote: Compressing objects:  78% (695/890)   [Kremote: Compressing objects:  79% (704/890)   [Kremote: Compressing objects:  80% (712/890)   [Kremote: Compressing objects:  81% (721/890)   [Kremote: Compressing objects:  82% (730/890)   [Kremote: Compressing objects:  83% (739/890)   [Kremote: Compressing objects:  84% (748/890)   [Kremote: Compressing objects:  85% (757/890)   [Kremote: Compressing objects:  86% (766/890)   [Kremote: Compressing objects:  87% (775/890)   [Kremote: Compressing objects:  88% (784/890)   [Kremote: Compressing objects:  89% (793/890)   [Kremote: Compressing objects:  90% (801/890)   [Kremote: Compressing objects:  91% (810/890)   [Kremote: Compressing objects:  92% (819/890)   [Kremote: Compressing objects:  93% (828/890)   [Kremote: Compressing objects:  94% (837/890)   [Kremote: Compressing objects:  95% (846/890)   [Kremote: Compressing objects:  96% (855/890)   [Kremote: Compressing objects:  97% (864/890)   [Kremote: Compressing objects:  98% (873/890)   [Kremote: Compressing objects:  99% (882/890)   [Kremote: Compressing objects: 100% (890/890)   [Kremote: Compressing objects: 100% (890/890), done.[K
Receiving objects:   0% (1/1987)   Receiving objects:   1% (20/1987)   Receiving objects:   2% (40/1987)   Receiving objects:   3% (60/1987)   Receiving objects:   4% (80/1987)   Receiving objects:   5% (100/1987)   Receiving objects:   6% (120/1987)   Receiving objects:   7% (140/1987)   Receiving objects:   8% (159/1987)   Receiving objects:   9% (179/1987)   Receiving objects:  10% (199/1987)   Receiving objects:  11% (219/1987)   Receiving objects:  12% (239/1987)   Receiving objects:  13% (259/1987)   Receiving objects:  14% (279/1987)   Receiving objects:  15% (299/1987)   Receiving objects:  16% (318/1987)   Receiving objects:  17% (338/1987)   Receiving objects:  18% (358/1987)   Receiving objects:  19% (378/1987)   Receiving objects:  20% (398/1987)   Receiving objects:  21% (418/1987)   Receiving objects:  22% (438/1987)   Receiving objects:  23% (458/1987)   Receiving objects:  24% (477/1987)   Receiving objects:  25% (497/1987)   Receiving objects:  26% (517/1987)   Receiving objects:  27% (537/1987)   Receiving objects:  28% (557/1987)   Receiving objects:  29% (577/1987)   Receiving objects:  30% (597/1987)   Receiving objects:  31% (616/1987)   Receiving objects:  32% (636/1987)   Receiving objects:  33% (656/1987)   Receiving objects:  34% (676/1987)   Receiving objects:  35% (696/1987)   Receiving objects:  36% (716/1987)   Receiving objects:  37% (736/1987)   Receiving objects:  38% (756/1987)   Receiving objects:  39% (775/1987)   Receiving objects:  40% (795/1987)   Receiving objects:  41% (815/1987)   Receiving objects:  42% (835/1987)   Receiving objects:  43% (855/1987)   Receiving objects:  44% (875/1987)   Receiving objects:  45% (895/1987)   Receiving objects:  46% (915/1987)   Receiving objects:  47% (934/1987)   Receiving objects:  48% (954/1987)   Receiving objects:  49% (974/1987)   Receiving objects:  50% (994/1987)   Receiving objects:  51% (1014/1987)   Receiving objects:  52% (1034/1987)   Receiving objects:  53% (1054/1987)   Receiving objects:  54% (1073/1987)   Receiving objects:  55% (1093/1987)   Receiving objects:  56% (1113/1987)   Receiving objects:  57% (1133/1987)   Receiving objects:  58% (1153/1987)   Receiving objects:  59% (1173/1987)   Receiving objects:  60% (1193/1987)   Receiving objects:  61% (1213/1987)   Receiving objects:  62% (1232/1987)   Receiving objects:  63% (1252/1987)   Receiving objects:  64% (1272/1987)   Receiving objects:  65% (1292/1987)   Receiving objects:  66% (1312/1987)   Receiving objects:  67% (1332/1987)   Receiving objects:  68% (1352/1987)   Receiving objects:  69% (1372/1987)   Receiving objects:  70% (1391/1987)   Receiving objects:  71% (1411/1987)   Receiving objects:  72% (1431/1987)   remote: Total 1987 (delta 785), reused 1770 (delta 600), pack-reused 0[K
Receiving objects:  73% (1451/1987)   Receiving objects:  74% (1471/1987)   Receiving objects:  75% (1491/1987)   Receiving objects:  76% (1511/1987)   Receiving objects:  77% (1530/1987)   Receiving objects:  78% (1550/1987)   Receiving objects:  79% (1570/1987)   Receiving objects:  80% (1590/1987)   Receiving objects:  81% (1610/1987)   Receiving objects:  82% (1630/1987)   Receiving objects:  83% (1650/1987)   Receiving objects:  84% (1670/1987)   Receiving objects:  85% (1689/1987)   Receiving objects:  86% (1709/1987)   Receiving objects:  87% (1729/1987)   Receiving objects:  88% (1749/1987)   Receiving objects:  89% (1769/1987)   Receiving objects:  90% (1789/1987)   Receiving objects:  91% (1809/1987)   Receiving objects:  92% (1829/1987)   Receiving objects:  93% (1848/1987)   Receiving objects:  94% (1868/1987)   Receiving objects:  95% (1888/1987)   Receiving objects:  96% (1908/1987)   Receiving objects:  97% (1928/1987)   Receiving objects:  98% (1948/1987)   Receiving objects:  99% (1968/1987)   Receiving objects: 100% (1987/1987)   Receiving objects: 100% (1987/1987), 420.57 KiB | 0 bytes/s, done.
Resolving deltas:   0% (0/785)   Resolving deltas:   2% (19/785)   Resolving deltas:   5% (43/785)   Resolving deltas:   8% (64/785)   Resolving deltas:  10% (79/785)   Resolving deltas:  11% (88/785)   Resolving deltas:  13% (108/785)   Resolving deltas:  14% (110/785)   Resolving deltas:  15% (118/785)   Resolving deltas:  16% (133/785)   Resolving deltas:  19% (150/785)   Resolving deltas:  24% (196/785)   Resolving deltas:  28% (223/785)   Resolving deltas:  30% (241/785)   Resolving deltas:  31% (245/785)   Resolving deltas:  32% (253/785)   Resolving deltas:  33% (261/785)   Resolving deltas:  34% (269/785)   Resolving deltas:  35% (276/785)   Resolving deltas:  36% (284/785)   Resolving deltas:  37% (297/785)   Resolving deltas:  38% (302/785)   Resolving deltas:  39% (311/785)   Resolving deltas:  40% (319/785)   Resolving deltas:  42% (332/785)   Resolving deltas:  43% (345/785)   Resolving deltas:  44% (346/785)   Resolving deltas:  45% (355/785)   Resolving deltas:  48% (382/785)   Resolving deltas:  50% (397/785)   Resolving deltas:  51% (404/785)   Resolving deltas:  54% (431/785)   Resolving deltas:  57% (453/785)   Resolving deltas:  58% (460/785)   Resolving deltas:  59% (464/785)   Resolving deltas:  60% (473/785)   Resolving deltas:  61% (480/785)   Resolving deltas:  62% (491/785)   Resolving deltas:  64% (503/785)   Resolving deltas:  66% (525/785)   Resolving deltas:  67% (526/785)   Resolving deltas:  68% (534/785)   Resolving deltas:  70% (551/785)   Resolving deltas:  71% (564/785)   Resolving deltas:  72% (568/785)   Resolving deltas:  73% (574/785)   Resolving deltas:  74% (581/785)   Resolving deltas:  75% (594/785)   Resolving deltas:  77% (612/785)   Resolving deltas:  78% (613/785)   Resolving deltas:  79% (622/785)   Resolving deltas:  80% (631/785)   Resolving deltas:  81% (636/785)   Resolving deltas:  82% (648/785)   Resolving deltas:  83% (653/785)   Resolving deltas:  84% (660/785)   Resolving deltas:  85% (674/785)   Resolving deltas:  86% (680/785)   Resolving deltas:  87% (685/785)   Resolving deltas:  88% (698/785)   Resolving deltas:  89% (705/785)   Resolving deltas:  90% (709/785)   Resolving deltas:  92% (725/785)   Resolving deltas:  93% (732/785)   Resolving deltas:  94% (738/785)   Resolving deltas:  95% (749/785)   Resolving deltas:  96% (761/785)   Resolving deltas:  97% (762/785)   Resolving deltas:  98% (770/785)   Resolving deltas: 100% (785/785)   Resolving deltas: 100% (785/785), done.
Checking connectivity... done.
travis_time:end:0ba40c3a:start=1451679513696406465,finish=1451679514141304250,duration=444897785[0K$ cd square/retrofit
$ git checkout -qf 0fed94a057fa673536bc1f907b207fec87f57943
travis_fold:end:git.checkout[0K
[33;1mThis job is running on container-based infrastructure, which does not allow use of 'sudo', setuid and setguid executables.[0m
[33;1mIf you require sudo, add 'sudo: required' to your .travis.yml[0m
[33;1mSee http://docs.travis-ci.com/user/workers/container-based-infrastructure/ for details.[0m

[33;1mSetting environment variables from .travis.yml[0m
$ export CI_DEPLOY_USERNAME=[secure]
$ export CI_DEPLOY_PASSWORD=[secure]

travis_fold:start:cache.1[0KSetting up build cache
$ export CASHER_DIR=$HOME/.casher
travis_time:start:18447ebe[0K$ Installing caching utilities
travis_time:end:18447ebe:start=1451679515689345540,finish=1451679515739093922,duration=49748382[0Ktravis_time:start:0b8dd509[0Ktravis_time:end:0b8dd509:start=1451679515743277370,finish=1451679515746120536,duration=2843166[0Ktravis_time:start:0025782c[0K[32;1mattempting to download cache archive[0m
[32;1mfetching jwilson_0101_callfactory/cache--jdk-oraclejdk8.tgz[0m
[32;1mfetching jwilson_0101_callfactory/cache--jdk-oraclejdk8.tbz[0m
[32;1mfetching master/cache--jdk-oraclejdk8.tgz[0m
[32;1mfound cache[0m
travis_time:end:0025782c:start=1451679515749530831,finish=1451679516812611927,duration=1063081096[0Ktravis_time:start:0755a810[0Ktravis_time:end:0755a810:start=1451679516816234160,finish=1451679516819249920,duration=3015760[0Ktravis_time:start:0129bf38[0K[32;1madding /home/travis/.m2 to cache[0m
travis_time:end:0129bf38:start=1451679516822705974,finish=1451679518246843245,duration=1424137271[0Ktravis_fold:end:cache.1[0K$ jdk_switcher use oraclejdk8
Switching to Oracle JDK8 (java-8-oracle), JAVA_HOME will be set to /usr/lib/jvm/java-8-oracle
$ java -Xmx32m -version
java version "1.8.0_31"
Java(TM) SE Runtime Environment (build 1.8.0_31-b13)
Java HotSpot(TM) 64-Bit Server VM (build 25.31-b07, mixed mode)
$ javac -J-Xmx32m -version
javac 1.8.0_31
travis_fold:start:install[0Ktravis_time:start:13602ff8[0K$ mvn install -DskipTests=true -Dmaven.javadoc.skip=true -B -V
Java HotSpot(TM) 64-Bit Server VM warning: ignoring option MaxPermSize=192m; support was removed in 8.0
Apache Maven 3.2.5 (12a6b3acb947671f09b81f49094c53f426d8cea1; 2014-12-14T17:29:23+00:00)
Maven home: /usr/local/maven
Java version: 1.8.0_31, vendor: Oracle Corporation
Java home: /usr/lib/jvm/java-8-oracle/jre
Default locale: en_US, platform encoding: UTF-8
OS name: "linux", version: "3.13.0-40-generic", arch: "amd64", family: "unix"
[INFO] Scanning for projects...
[WARNING] 
[WARNING] Some problems were encountered while building the effective model for com.squareup.retrofit2:samples:jar:2.0.0-SNAPSHOT
[WARNING] 'build.plugins.plugin.version' for org.apache.maven.plugins:maven-deploy-plugin is missing. @ com.squareup.retrofit2:samples:[unknown-version], /home/travis/build/square/retrofit/samples/pom.xml, line 45, column 15
[WARNING] 
[WARNING] It is highly recommended to fix these problems because they threaten the stability of your build.
[WARNING] 
[WARNING] For this reason, future Maven versions might no longer support building such malformed projects.
[WARNING] 
[INFO] ------------------------------------------------------------------------
[INFO] Reactor Build Order:
[INFO] 
[INFO] Retrofit (Parent)
[INFO] Retrofit
[INFO] Adapters
[INFO] Adapter: RxJava
[INFO] Converters
[INFO] Converter: Gson
[INFO] Converter: Protocol Buffers
[INFO] Converter: Jackson
[INFO] Converter: Wire Protocol Buffers
[INFO] Converter: SimpleXML
[INFO] Converter: Java Scalars
[INFO] Converter: Moshi
[INFO] Retrofit Mock Adapter
[INFO] Samples
[INFO]                                                                         
[INFO] ------------------------------------------------------------------------
[INFO] Building Retrofit (Parent) 2.0.0-SNAPSHOT
[INFO] ------------------------------------------------------------------------
[INFO] 
[INFO] --- maven-enforcer-plugin:1.0:enforce (enforce-maven) @ parent ---
[INFO] 
[INFO] --- animal-sniffer-maven-plugin:1.14:check (default) @ parent ---
[INFO] Checking unresolved references to org.codehaus.mojo.signature:java16:1.1
[INFO] 
[INFO] --- maven-javadoc-plugin:2.10.3:jar (attach-javadocs) @ parent ---
[INFO] Skipping javadoc generation
[INFO] 
[INFO] --- maven-checkstyle-plugin:2.15:checkstyle (default) @ parent ---
[INFO] 
[INFO] --- maven-install-plugin:2.4:install (default-install) @ parent ---
[INFO] Installing /home/travis/build/square/retrofit/pom.xml to /home/travis/.m2/repository/com/squareup/retrofit2/parent/2.0.0-SNAPSHOT/parent-2.0.0-SNAPSHOT.pom
[INFO]                                                                         
[INFO] ------------------------------------------------------------------------
[INFO] Building Retrofit 2.0.0-SNAPSHOT
[INFO] ------------------------------------------------------------------------
[INFO] Downloading: https://oss.sonatype.org/content/repositories/snapshots/com/squareup/okhttp3/okhttp/3.0.0-SNAPSHOT/maven-metadata.xml
[INFO] Downloading: https://nexus.codehaus.org/snapshots/com/squareup/okhttp3/okhttp/3.0.0-SNAPSHOT/maven-metadata.xml
[INFO] Downloading: https://repository.apache.org/snapshots/com/squareup/okhttp3/okhttp/3.0.0-SNAPSHOT/maven-metadata.xml
[INFO] Downloaded: https://oss.sonatype.org/content/repositories/snapshots/com/squareup/okhttp3/okhttp/3.0.0-SNAPSHOT/maven-metadata.xml (2 KB at 1.8 KB/sec)
[WARNING] Could not transfer metadata com.squareup.okhttp3:okhttp:3.0.0-SNAPSHOT/maven-metadata.xml from/to codehaus-snapshots (https://nexus.codehaus.org/snapshots/): nexus.codehaus.org: unknown error
[WARNING] Failure to transfer com.squareup.okhttp3:okhttp:3.0.0-SNAPSHOT/maven-metadata.xml from https://nexus.codehaus.org/snapshots/ was cached in the local repository, resolution will not be reattempted until the update interval of codehaus-snapshots has elapsed or updates are forced. Original error: Could not transfer metadata com.squareup.okhttp3:okhttp:3.0.0-SNAPSHOT/maven-metadata.xml from/to codehaus-snapshots (https://nexus.codehaus.org/snapshots/): nexus.codehaus.org: unknown error
[INFO] Downloading: https://oss.sonatype.org/content/repositories/snapshots/com/squareup/okhttp3/okhttp/3.0.0-SNAPSHOT/okhttp-3.0.0-20160101.200354-24.pom
[INFO] Downloaded: https://oss.sonatype.org/content/repositories/snapshots/com/squareup/okhttp3/okhttp/3.0.0-SNAPSHOT/okhttp-3.0.0-20160101.200354-24.pom (2 KB at 39.0 KB/sec)
[INFO] Downloading: https://repository.apache.org/snapshots/com/squareup/okhttp3/parent/3.0.0-SNAPSHOT/maven-metadata.xml
[INFO] Downloading: https://nexus.codehaus.org/snapshots/com/squareup/okhttp3/parent/3.0.0-SNAPSHOT/maven-metadata.xml
[INFO] Downloading: https://oss.sonatype.org/content/repositories/snapshots/com/squareup/okhttp3/parent/3.0.0-SNAPSHOT/maven-metadata.xml
[INFO] Downloaded: https://oss.sonatype.org/content/repositories/snapshots/com/squareup/okhttp3/parent/3.0.0-SNAPSHOT/maven-metadata.xml (605 B at 13.7 KB/sec)
[WARNING] Could not transfer metadata com.squareup.okhttp3:parent:3.0.0-SNAPSHOT/maven-metadata.xml from/to codehaus-snapshots (https://nexus.codehaus.org/snapshots/): nexus.codehaus.org
[INFO] Downloading: https://oss.sonatype.org/content/repositories/snapshots/com/squareup/okhttp3/parent/3.0.0-SNAPSHOT/parent-3.0.0-20160101.200328-24.pom
[INFO] Downloaded: https://oss.sonatype.org/content/repositories/snapshots/com/squareup/okhttp3/parent/3.0.0-SNAPSHOT/parent-3.0.0-20160101.200328-24.pom (10 KB at 210.4 KB/sec)
[INFO] Downloading: https://repository.apache.org/snapshots/com/squareup/okhttp3/mockwebserver/3.0.0-SNAPSHOT/maven-metadata.xml
[INFO] Downloading: https://nexus.codehaus.org/snapshots/com/squareup/okhttp3/mockwebserver/3.0.0-SNAPSHOT/maven-metadata.xml
[INFO] Downloading: https://oss.sonatype.org/content/repositories/snapshots/com/squareup/okhttp3/mockwebserver/3.0.0-SNAPSHOT/maven-metadata.xml
[INFO] Downloaded: https://oss.sonatype.org/content/repositories/snapshots/com/squareup/okhttp3/mockwebserver/3.0.0-SNAPSHOT/maven-metadata.xml (2 KB at 25.2 KB/sec)
[WARNING] Could not transfer metadata com.squareup.okhttp3:mockwebserver:3.0.0-SNAPSHOT/maven-metadata.xml from/to codehaus-snapshots (https://nexus.codehaus.org/snapshots/): nexus.codehaus.org
[WARNING] Failure to transfer com.squareup.okhttp3:mockwebserver:3.0.0-SNAPSHOT/maven-metadata.xml from https://nexus.codehaus.org/snapshots/ was cached in the local repository, resolution will not be reattempted until the update interval of codehaus-snapshots has elapsed or updates are forced. Original error: Could not transfer metadata com.squareup.okhttp3:mockwebserver:3.0.0-SNAPSHOT/maven-metadata.xml from/to codehaus-snapshots (https://nexus.codehaus.org/snapshots/): nexus.codehaus.org
[INFO] Downloading: https://oss.sonatype.org/content/repositories/snapshots/com/squareup/okhttp3/mockwebserver/3.0.0-SNAPSHOT/mockwebserver-3.0.0-20160101.200415-24.pom
[INFO] Downloaded: https://oss.sonatype.org/content/repositories/snapshots/com/squareup/okhttp3/mockwebserver/3.0.0-SNAPSHOT/mockwebserver-3.0.0-20160101.200415-24.pom (3 KB at 59.7 KB/sec)
[INFO] Downloading: https://nexus.codehaus.org/snapshots/com/squareup/okhttp3/okhttp-ws/3.0.0-SNAPSHOT/maven-metadata.xml
[INFO] Downloading: https://oss.sonatype.org/content/repositories/snapshots/com/squareup/okhttp3/okhttp-ws/3.0.0-SNAPSHOT/maven-metadata.xml
[INFO] Downloading: https://repository.apache.org/snapshots/com/squareup/okhttp3/okhttp-ws/3.0.0-SNAPSHOT/maven-metadata.xml
[INFO] Downloaded: https://oss.sonatype.org/content/repositories/snapshots/com/squareup/okhttp3/okhttp-ws/3.0.0-SNAPSHOT/maven-metadata.xml (2 KB at 18.8 KB/sec)
[WARNING] Could not transfer metadata com.squareup.okhttp3:okhttp-ws:3.0.0-SNAPSHOT/maven-metadata.xml from/to codehaus-snapshots (https://nexus.codehaus.org/snapshots/): nexus.codehaus.org
[WARNING] Failure to transfer com.squareup.okhttp3:okhttp-ws:3.0.0-SNAPSHOT/maven-metadata.xml from https://nexus.codehaus.org/snapshots/ was cached in the local repository, resolution will not be reattempted until the update interval of codehaus-snapshots has elapsed or updates are forced. Original error: Could not transfer metadata com.squareup.okhttp3:okhttp-ws:3.0.0-SNAPSHOT/maven-metadata.xml from/to codehaus-snapshots (https://nexus.codehaus.org/snapshots/): nexus.codehaus.org
[INFO] Downloading: https://oss.sonatype.org/content/repositories/snapshots/com/squareup/okhttp3/okhttp-ws/3.0.0-SNAPSHOT/okhttp-ws-3.0.0-20160101.200405-24.pom
[INFO] Downloaded: https://oss.sonatype.org/content/repositories/snapshots/com/squareup/okhttp3/okhttp-ws/3.0.0-SNAPSHOT/okhttp-ws-3.0.0-20160101.200405-24.pom (2 KB at 29.6 KB/sec)
[INFO] Downloading: https://oss.sonatype.org/content/repositories/snapshots/com/squareup/okhttp3/okhttp/3.0.0-SNAPSHOT/okhttp-3.0.0-20160101.200354-24.jar
[INFO] Downloading: https://oss.sonatype.org/content/repositories/snapshots/com/squareup/okhttp3/mockwebserver/3.0.0-SNAPSHOT/mockwebserver-3.0.0-20160101.200415-24.jar
[INFO] Downloading: https://oss.sonatype.org/content/repositories/snapshots/com/squareup/okhttp3/okhttp-ws/3.0.0-SNAPSHOT/okhttp-ws-3.0.0-20160101.200405-24.jar
[INFO] Downloaded: https://oss.sonatype.org/content/repositories/snapshots/com/squareup/okhttp3/okhttp-ws/3.0.0-SNAPSHOT/okhttp-ws-3.0.0-20160101.200405-24.jar (26 KB at 224.9 KB/sec)
[INFO] Downloaded: https://oss.sonatype.org/content/repositories/snapshots/com/squareup/okhttp3/mockwebserver/3.0.0-SNAPSHOT/mockwebserver-3.0.0-20160101.200415-24.jar (42 KB at 319.6 KB/sec)
[INFO] Downloaded: https://oss.sonatype.org/content/repositories/snapshots/com/squareup/okhttp3/okhttp/3.0.0-SNAPSHOT/okhttp-3.0.0-20160101.200354-24.jar (320 KB at 1059.6 KB/sec)
[INFO] 
[INFO] --- maven-enforcer-plugin:1.0:enforce (enforce-maven) @ retrofit ---
[INFO] 
[INFO] --- maven-resources-plugin:2.6:resources (default-resources) @ retrofit ---
[INFO] Using 'UTF-8' encoding to copy filtered resources.
[INFO] skip non existing resourceDirectory /home/travis/build/square/retrofit/retrofit/src/main/resources
[INFO] 
[INFO] --- maven-compiler-plugin:3.0:compile (default-compile) @ retrofit ---
[INFO] Changes detected - recompiling the module!
[INFO] Compiling 42 source files to /home/travis/build/square/retrofit/retrofit/target/classes
[INFO] -------------------------------------------------------------
[WARNING] COMPILATION WARNING : 
[INFO] -------------------------------------------------------------
[WARNING] /home/travis/build/square/retrofit/retrofit/src/main/java/retrofit2/Retrofit.java: Some input files use unchecked or unsafe operations.
[WARNING] /home/travis/build/square/retrofit/retrofit/src/main/java/retrofit2/Retrofit.java: Recompile with -Xlint:unchecked for details.
[INFO] 2 warnings 
[INFO] -------------------------------------------------------------
[INFO] -------------------------------------------------------------
[ERROR] COMPILATION ERROR : 
[INFO] -------------------------------------------------------------
[ERROR] /home/travis/build/square/retrofit/retrofit/src/main/java/retrofit2/Retrofit.java:[536,23] constructor OkHttpClient in class okhttp3.OkHttpClient cannot be applied to given types;
  required: okhttp3.OkHttpClient.Builder
  found: no arguments
  reason: actual and formal argument lists differ in length
[INFO] 1 error
[INFO] -------------------------------------------------------------
[INFO] ------------------------------------------------------------------------
[INFO] Reactor Summary:
[INFO] 
[INFO] Retrofit (Parent) .................................. SUCCESS [  5.067 s]
[INFO] Retrofit ........................................... FAILURE [  6.295 s]
[INFO] Adapters ........................................... SKIPPED
[INFO] Adapter: RxJava .................................... SKIPPED
[INFO] Converters ......................................... SKIPPED
[INFO] Converter: Gson .................................... SKIPPED
[INFO] Converter: Protocol Buffers ........................ SKIPPED
[INFO] Converter: Jackson ................................. SKIPPED
[INFO] Converter: Wire Protocol Buffers ................... SKIPPED
[INFO] Converter: SimpleXML ............................... SKIPPED
[INFO] Converter: Java Scalars ............................ SKIPPED
[INFO] Converter: Moshi ................................... SKIPPED
[INFO] Retrofit Mock Adapter .............................. SKIPPED
[INFO] Samples ............................................ SKIPPED
[INFO] ------------------------------------------------------------------------
[INFO] BUILD FAILURE
[INFO] ------------------------------------------------------------------------
[INFO] Total time: 11.714 s
[INFO] Finished at: 2016-01-01T20:18:52+00:00
[INFO] Final Memory: 34M/359M
[INFO] ------------------------------------------------------------------------
[ERROR] Failed to execute goal org.apache.maven.plugins:maven-compiler-plugin:3.0:compile (default-compile) on project retrofit: Compilation failure
[ERROR] /home/travis/build/square/retrofit/retrofit/src/main/java/retrofit2/Retrofit.java:[536,23] constructor OkHttpClient in class okhttp3.OkHttpClient cannot be applied to given types;
[ERROR] required: okhttp3.OkHttpClient.Builder
[ERROR] found: no arguments
[ERROR] reason: actual and formal argument lists differ in length
[ERROR] -> [Help 1]
[ERROR] 
[ERROR] To see the full stack trace of the errors, re-run Maven with the -e switch.
[ERROR] Re-run Maven using the -X switch to enable full debug logging.
[ERROR] 
[ERROR] For more information about the errors and possible solutions, please read the following articles:
[ERROR] [Help 1] http://cwiki.apache.org/confluence/display/MAVEN/MojoFailureException
[ERROR] 
[ERROR] After correcting the problems, you can resume the build with the command
[ERROR]   mvn <goals> -rf :retrofit

[31;1mThe command "eval mvn install -DskipTests=true -Dmaven.javadoc.skip=true -B -V" failed. Retrying, 2 of 3.[0m

Java HotSpot(TM) 64-Bit Server VM warning: ignoring option MaxPermSize=192m; support was removed in 8.0
Apache Maven 3.2.5 (12a6b3acb947671f09b81f49094c53f426d8cea1; 2014-12-14T17:29:23+00:00)
Maven home: /usr/local/maven
Java version: 1.8.0_31, vendor: Oracle Corporation
Java home: /usr/lib/jvm/java-8-oracle/jre
Default locale: en_US, platform encoding: UTF-8
OS name: "linux", version: "3.13.0-40-generic", arch: "amd64", family: "unix"
[INFO] Scanning for projects...
[WARNING] 
[WARNING] Some problems were encountered while building the effective model for com.squareup.retrofit2:samples:jar:2.0.0-SNAPSHOT
[WARNING] 'build.plugins.plugin.version' for org.apache.maven.plugins:maven-deploy-plugin is missing. @ com.squareup.retrofit2:samples:[unknown-version], /home/travis/build/square/retrofit/samples/pom.xml, line 45, column 15
[WARNING] 
[WARNING] It is highly recommended to fix these problems because they threaten the stability of your build.
[WARNING] 
[WARNING] For this reason, future Maven versions might no longer support building such malformed projects.
[WARNING] 
[INFO] ------------------------------------------------------------------------
[INFO] Reactor Build Order:
[INFO] 
[INFO] Retrofit (Parent)
[INFO] Retrofit
[INFO] Adapters
[INFO] Adapter: RxJava
[INFO] Converters
[INFO] Converter: Gson
[INFO] Converter: Protocol Buffers
[INFO] Converter: Jackson
[INFO] Converter: Wire Protocol Buffers
[INFO] Converter: SimpleXML
[INFO] Converter: Java Scalars
[INFO] Converter: Moshi
[INFO] Retrofit Mock Adapter
[INFO] Samples
[INFO]                                                                         
[INFO] ------------------------------------------------------------------------
[INFO] Building Retrofit (Parent) 2.0.0-SNAPSHOT
[INFO] ------------------------------------------------------------------------
[INFO] 
[INFO] --- maven-enforcer-plugin:1.0:enforce (enforce-maven) @ parent ---
[INFO] 
[INFO] --- animal-sniffer-maven-plugin:1.14:check (default) @ parent ---
[INFO] Checking unresolved references to org.codehaus.mojo.signature:java16:1.1
[INFO] 
[INFO] --- maven-javadoc-plugin:2.10.3:jar (attach-javadocs) @ parent ---
[INFO] Skipping javadoc generation
[INFO] 
[INFO] --- maven-checkstyle-plugin:2.15:checkstyle (default) @ parent ---
[INFO] 
[INFO] --- maven-install-plugin:2.4:install (default-install) @ parent ---
[INFO] Installing /home/travis/build/square/retrofit/pom.xml to /home/travis/.m2/repository/com/squareup/retrofit2/parent/2.0.0-SNAPSHOT/parent-2.0.0-SNAPSHOT.pom
[INFO]                                                                         
[INFO] ------------------------------------------------------------------------
[INFO] Building Retrofit 2.0.0-SNAPSHOT
[INFO] ------------------------------------------------------------------------
[INFO] Downloading: https://repository.apache.org/snapshots/com/squareup/okhttp3/okhttp/3.0.0-SNAPSHOT/maven-metadata.xml
[INFO] Downloading: https://nexus.codehaus.org/snapshots/com/squareup/okhttp3/okhttp/3.0.0-SNAPSHOT/maven-metadata.xml
[WARNING] Could not transfer metadata com.squareup.okhttp3:okhttp:3.0.0-SNAPSHOT/maven-metadata.xml from/to codehaus-snapshots (https://nexus.codehaus.org/snapshots/): nexus.codehaus.org: unknown error
[WARNING] Failure to transfer com.squareup.okhttp3:okhttp:3.0.0-SNAPSHOT/maven-metadata.xml from https://nexus.codehaus.org/snapshots/ was cached in the local repository, resolution will not be reattempted until the update interval of codehaus-snapshots has elapsed or updates are forced. Original error: Could not transfer metadata com.squareup.okhttp3:okhttp:3.0.0-SNAPSHOT/maven-metadata.xml from/to codehaus-snapshots (https://nexus.codehaus.org/snapshots/): nexus.codehaus.org: unknown error
[INFO] Downloading: https://repository.apache.org/snapshots/com/squareup/okhttp3/parent/3.0.0-SNAPSHOT/maven-metadata.xml
[INFO] Downloading: https://nexus.codehaus.org/snapshots/com/squareup/okhttp3/parent/3.0.0-SNAPSHOT/maven-metadata.xml
[WARNING] Could not transfer metadata com.squareup.okhttp3:parent:3.0.0-SNAPSHOT/maven-metadata.xml from/to codehaus-snapshots (https://nexus.codehaus.org/snapshots/): nexus.codehaus.org
[INFO] Downloading: https://repository.apache.org/snapshots/com/squareup/okhttp3/mockwebserver/3.0.0-SNAPSHOT/maven-metadata.xml
[INFO] Downloading: https://nexus.codehaus.org/snapshots/com/squareup/okhttp3/mockwebserver/3.0.0-SNAPSHOT/maven-metadata.xml
[WARNING] Could not transfer metadata com.squareup.okhttp3:mockwebserver:3.0.0-SNAPSHOT/maven-metadata.xml from/to codehaus-snapshots (https://nexus.codehaus.org/snapshots/): nexus.codehaus.org
[WARNING] Failure to transfer com.squareup.okhttp3:mockwebserver:3.0.0-SNAPSHOT/maven-metadata.xml from https://nexus.codehaus.org/snapshots/ was cached in the local repository, resolution will not be reattempted until the update interval of codehaus-snapshots has elapsed or updates are forced. Original error: Could not transfer metadata com.squareup.okhttp3:mockwebserver:3.0.0-SNAPSHOT/maven-metadata.xml from/to codehaus-snapshots (https://nexus.codehaus.org/snapshots/): nexus.codehaus.org
[INFO] Downloading: https://repository.apache.org/snapshots/com/squareup/okhttp3/okhttp-ws/3.0.0-SNAPSHOT/maven-metadata.xml
[INFO] Downloading: https://nexus.codehaus.org/snapshots/com/squareup/okhttp3/okhttp-ws/3.0.0-SNAPSHOT/maven-metadata.xml
[WARNING] Could not transfer metadata com.squareup.okhttp3:okhttp-ws:3.0.0-SNAPSHOT/maven-metadata.xml from/to codehaus-snapshots (https://nexus.codehaus.org/snapshots/): nexus.codehaus.org
[WARNING] Failure to transfer com.squareup.okhttp3:okhttp-ws:3.0.0-SNAPSHOT/maven-metadata.xml from https://nexus.codehaus.org/snapshots/ was cached in the local repository, resolution will not be reattempted until the update interval of codehaus-snapshots has elapsed or updates are forced. Original error: Could not transfer metadata com.squareup.okhttp3:okhttp-ws:3.0.0-SNAPSHOT/maven-metadata.xml from/to codehaus-snapshots (https://nexus.codehaus.org/snapshots/): nexus.codehaus.org
[INFO] 
[INFO] --- maven-enforcer-plugin:1.0:enforce (enforce-maven) @ retrofit ---
[INFO] 
[INFO] --- maven-resources-plugin:2.6:resources (default-resources) @ retrofit ---
[INFO] Using 'UTF-8' encoding to copy filtered resources.
[INFO] skip non existing resourceDirectory /home/travis/build/square/retrofit/retrofit/src/main/resources
[INFO] 
[INFO] --- maven-compiler-plugin:3.0:compile (default-compile) @ retrofit ---
[INFO] Changes detected - recompiling the module!
[INFO] Compiling 42 source files to /home/travis/build/square/retrofit/retrofit/target/classes
[INFO] -------------------------------------------------------------
[WARNING] COMPILATION WARNING : 
[INFO] -------------------------------------------------------------
[WARNING] /home/travis/build/square/retrofit/retrofit/src/main/java/retrofit2/Retrofit.java: Some input files use unchecked or unsafe operations.
[WARNING] /home/travis/build/square/retrofit/retrofit/src/main/java/retrofit2/Retrofit.java: Recompile with -Xlint:unchecked for details.
[INFO] 2 warnings 
[INFO] -------------------------------------------------------------
[INFO] -------------------------------------------------------------
[ERROR] COMPILATION ERROR : 
[INFO] -------------------------------------------------------------
[ERROR] /home/travis/build/square/retrofit/retrofit/src/main/java/retrofit2/Retrofit.java:[536,23] constructor OkHttpClient in class okhttp3.OkHttpClient cannot be applied to given types;
  required: okhttp3.OkHttpClient.Builder
  found: no arguments
  reason: actual and formal argument lists differ in length
[INFO] 1 error
[INFO] -------------------------------------------------------------
[INFO] ------------------------------------------------------------------------
[INFO] Reactor Summary:
[INFO] 
[INFO] Retrofit (Parent) .................................. SUCCESS [  5.175 s]
[INFO] Retrofit ........................................... FAILURE [  6.728 s]
[INFO] Adapters ........................................... SKIPPED
[INFO] Adapter: RxJava .................................... SKIPPED
[INFO] Converters ......................................... SKIPPED
[INFO] Converter: Gson .................................... SKIPPED
[INFO] Converter: Protocol Buffers ........................ SKIPPED
[INFO] Converter: Jackson ................................. SKIPPED
[INFO] Converter: Wire Protocol Buffers ................... SKIPPED
[INFO] Converter: SimpleXML ............................... SKIPPED
[INFO] Converter: Java Scalars ............................ SKIPPED
[INFO] Converter: Moshi ................................... SKIPPED
[INFO] Retrofit Mock Adapter .............................. SKIPPED
[INFO] Samples ............................................ SKIPPED
[INFO] ------------------------------------------------------------------------
[INFO] BUILD FAILURE
[INFO] ------------------------------------------------------------------------
[INFO] Total time: 12.310 s
[INFO] Finished at: 2016-01-01T20:19:16+00:00
[INFO] Final Memory: 34M/354M
[INFO] ------------------------------------------------------------------------
[ERROR] Failed to execute goal org.apache.maven.plugins:maven-compiler-plugin:3.0:compile (default-compile) on project retrofit: Compilation failure
[ERROR] /home/travis/build/square/retrofit/retrofit/src/main/java/retrofit2/Retrofit.java:[536,23] constructor OkHttpClient in class okhttp3.OkHttpClient cannot be applied to given types;
[ERROR] required: okhttp3.OkHttpClient.Builder
[ERROR] found: no arguments
[ERROR] reason: actual and formal argument lists differ in length
[ERROR] -> [Help 1]
[ERROR] 
[ERROR] To see the full stack trace of the errors, re-run Maven with the -e switch.
[ERROR] Re-run Maven using the -X switch to enable full debug logging.
[ERROR] 
[ERROR] For more information about the errors and possible solutions, please read the following articles:
[ERROR] [Help 1] http://cwiki.apache.org/confluence/display/MAVEN/MojoFailureException
[ERROR] 
[ERROR] After correcting the problems, you can resume the build with the command
[ERROR]   mvn <goals> -rf :retrofit

[31;1mThe command "eval mvn install -DskipTests=true -Dmaven.javadoc.skip=true -B -V" failed. Retrying, 3 of 3.[0m

Java HotSpot(TM) 64-Bit Server VM warning: ignoring option MaxPermSize=192m; support was removed in 8.0
Apache Maven 3.2.5 (12a6b3acb947671f09b81f49094c53f426d8cea1; 2014-12-14T17:29:23+00:00)
Maven home: /usr/local/maven
Java version: 1.8.0_31, vendor: Oracle Corporation
Java home: /usr/lib/jvm/java-8-oracle/jre
Default locale: en_US, platform encoding: UTF-8
OS name: "linux", version: "3.13.0-40-generic", arch: "amd64", family: "unix"
[INFO] Scanning for projects...
[WARNING] 
[WARNING] Some problems were encountered while building the effective model for com.squareup.retrofit2:samples:jar:2.0.0-SNAPSHOT
[WARNING] 'build.plugins.plugin.version' for org.apache.maven.plugins:maven-deploy-plugin is missing. @ com.squareup.retrofit2:samples:[unknown-version], /home/travis/build/square/retrofit/samples/pom.xml, line 45, column 15
[WARNING] 
[WARNING] It is highly recommended to fix these problems because they threaten the stability of your build.
[WARNING] 
[WARNING] For this reason, future Maven versions might no longer support building such malformed projects.
[WARNING] 
[INFO] ------------------------------------------------------------------------
[INFO] Reactor Build Order:
[INFO] 
[INFO] Retrofit (Parent)
[INFO] Retrofit
[INFO] Adapters
[INFO] Adapter: RxJava
[INFO] Converters
[INFO] Converter: Gson
[INFO] Converter: Protocol Buffers
[INFO] Converter: Jackson
[INFO] Converter: Wire Protocol Buffers
[INFO] Converter: SimpleXML
[INFO] Converter: Java Scalars
[INFO] Converter: Moshi
[INFO] Retrofit Mock Adapter
[INFO] Samples
[INFO]                                                                         
[INFO] ------------------------------------------------------------------------
[INFO] Building Retrofit (Parent) 2.0.0-SNAPSHOT
[INFO] ------------------------------------------------------------------------
[INFO] 
[INFO] --- maven-enforcer-plugin:1.0:enforce (enforce-maven) @ parent ---
[INFO] 
[INFO] --- animal-sniffer-maven-plugin:1.14:check (default) @ parent ---
[INFO] Checking unresolved references to org.codehaus.mojo.signature:java16:1.1
[INFO] 
[INFO] --- maven-javadoc-plugin:2.10.3:jar (attach-javadocs) @ parent ---
[INFO] Skipping javadoc generation
[INFO] 
[INFO] --- maven-checkstyle-plugin:2.15:checkstyle (default) @ parent ---
[INFO] 
[INFO] --- maven-install-plugin:2.4:install (default-install) @ parent ---
[INFO] Installing /home/travis/build/square/retrofit/pom.xml to /home/travis/.m2/repository/com/squareup/retrofit2/parent/2.0.0-SNAPSHOT/parent-2.0.0-SNAPSHOT.pom
[INFO]                                                                         
[INFO] ------------------------------------------------------------------------
[INFO] Building Retrofit 2.0.0-SNAPSHOT
[INFO] ------------------------------------------------------------------------
[INFO] Downloading: https://repository.apache.org/snapshots/com/squareup/okhttp3/okhttp/3.0.0-SNAPSHOT/maven-metadata.xml
[INFO] Downloading: https://nexus.codehaus.org/snapshots/com/squareup/okhttp3/okhttp/3.0.0-SNAPSHOT/maven-metadata.xml
[WARNING] Could not transfer metadata com.squareup.okhttp3:okhttp:3.0.0-SNAPSHOT/maven-metadata.xml from/to codehaus-snapshots (https://nexus.codehaus.org/snapshots/): nexus.codehaus.org: unknown error
[WARNING] Failure to transfer com.squareup.okhttp3:okhttp:3.0.0-SNAPSHOT/maven-metadata.xml from https://nexus.codehaus.org/snapshots/ was cached in the local repository, resolution will not be reattempted until the update interval of codehaus-snapshots has elapsed or updates are forced. Original error: Could not transfer metadata com.squareup.okhttp3:okhttp:3.0.0-SNAPSHOT/maven-metadata.xml from/to codehaus-snapshots (https://nexus.codehaus.org/snapshots/): nexus.codehaus.org: unknown error
[INFO] Downloading: https://repository.apache.org/snapshots/com/squareup/okhttp3/parent/3.0.0-SNAPSHOT/maven-metadata.xml
[INFO] Downloading: https://nexus.codehaus.org/snapshots/com/squareup/okhttp3/parent/3.0.0-SNAPSHOT/maven-metadata.xml
[WARNING] Could not transfer metadata com.squareup.okhttp3:parent:3.0.0-SNAPSHOT/maven-metadata.xml from/to codehaus-snapshots (https://nexus.codehaus.org/snapshots/): nexus.codehaus.org
[INFO] Downloading: https://repository.apache.org/snapshots/com/squareup/okhttp3/mockwebserver/3.0.0-SNAPSHOT/maven-metadata.xml
[INFO] Downloading: https://nexus.codehaus.org/snapshots/com/squareup/okhttp3/mockwebserver/3.0.0-SNAPSHOT/maven-metadata.xml
[WARNING] Could not transfer metadata com.squareup.okhttp3:mockwebserver:3.0.0-SNAPSHOT/maven-metadata.xml from/to codehaus-snapshots (https://nexus.codehaus.org/snapshots/): nexus.codehaus.org
[WARNING] Failure to transfer com.squareup.okhttp3:mockwebserver:3.0.0-SNAPSHOT/maven-metadata.xml from https://nexus.codehaus.org/snapshots/ was cached in the local repository, resolution will not be reattempted until the update interval of codehaus-snapshots has elapsed or updates are forced. Original error: Could not transfer metadata com.squareup.okhttp3:mockwebserver:3.0.0-SNAPSHOT/maven-metadata.xml from/to codehaus-snapshots (https://nexus.codehaus.org/snapshots/): nexus.codehaus.org
[INFO] Downloading: https://repository.apache.org/snapshots/com/squareup/okhttp3/okhttp-ws/3.0.0-SNAPSHOT/maven-metadata.xml
[INFO] Downloading: https://nexus.codehaus.org/snapshots/com/squareup/okhttp3/okhttp-ws/3.0.0-SNAPSHOT/maven-metadata.xml
[WARNING] Could not transfer metadata com.squareup.okhttp3:okhttp-ws:3.0.0-SNAPSHOT/maven-metadata.xml from/to codehaus-snapshots (https://nexus.codehaus.org/snapshots/): nexus.codehaus.org
[WARNING] Failure to transfer com.squareup.okhttp3:okhttp-ws:3.0.0-SNAPSHOT/maven-metadata.xml from https://nexus.codehaus.org/snapshots/ was cached in the local repository, resolution will not be reattempted until the update interval of codehaus-snapshots has elapsed or updates are forced. Original error: Could not transfer metadata com.squareup.okhttp3:okhttp-ws:3.0.0-SNAPSHOT/maven-metadata.xml from/to codehaus-snapshots (https://nexus.codehaus.org/snapshots/): nexus.codehaus.org
[INFO] 
[INFO] --- maven-enforcer-plugin:1.0:enforce (enforce-maven) @ retrofit ---
[INFO] 
[INFO] --- maven-resources-plugin:2.6:resources (default-resources) @ retrofit ---
[INFO] Using 'UTF-8' encoding to copy filtered resources.
[INFO] skip non existing resourceDirectory /home/travis/build/square/retrofit/retrofit/src/main/resources
[INFO] 
[INFO] --- maven-compiler-plugin:3.0:compile (default-compile) @ retrofit ---
[INFO] Changes detected - recompiling the module!
[INFO] Compiling 42 source files to /home/travis/build/square/retrofit/retrofit/target/classes
[INFO] -------------------------------------------------------------
[WARNING] COMPILATION WARNING : 
[INFO] -------------------------------------------------------------
[WARNING] /home/travis/build/square/retrofit/retrofit/src/main/java/retrofit2/Retrofit.java: Some input files use unchecked or unsafe operations.
[WARNING] /home/travis/build/square/retrofit/retrofit/src/main/java/retrofit2/Retrofit.java: Recompile with -Xlint:unchecked for details.
[INFO] 2 warnings 
[INFO] -------------------------------------------------------------
[INFO] -------------------------------------------------------------
[ERROR] COMPILATION ERROR : 
[INFO] -------------------------------------------------------------
[ERROR] /home/travis/build/square/retrofit/retrofit/src/main/java/retrofit2/Retrofit.java:[536,23] constructor OkHttpClient in class okhttp3.OkHttpClient cannot be applied to given types;
  required: okhttp3.OkHttpClient.Builder
  found: no arguments
  reason: actual and formal argument lists differ in length
[INFO] 1 error
[INFO] -------------------------------------------------------------
[INFO] ------------------------------------------------------------------------
[INFO] Reactor Summary:
[INFO] 
[INFO] Retrofit (Parent) .................................. SUCCESS [  4.957 s]
[INFO] Retrofit ........................................... FAILURE [  6.280 s]
[INFO] Adapters ........................................... SKIPPED
[INFO] Adapter: RxJava .................................... SKIPPED
[INFO] Converters ......................................... SKIPPED
[INFO] Converter: Gson .................................... SKIPPED
[INFO] Converter: Protocol Buffers ........................ SKIPPED
[INFO] Converter: Jackson ................................. SKIPPED
[INFO] Converter: Wire Protocol Buffers ................... SKIPPED
[INFO] Converter: SimpleXML ............................... SKIPPED
[INFO] Converter: Java Scalars ............................ SKIPPED
[INFO] Converter: Moshi ................................... SKIPPED
[INFO] Retrofit Mock Adapter .............................. SKIPPED
[INFO] Samples ............................................ SKIPPED
[INFO] ------------------------------------------------------------------------
[INFO] BUILD FAILURE
[INFO] ------------------------------------------------------------------------
[INFO] Total time: 11.590 s
[INFO] Finished at: 2016-01-01T20:19:38+00:00
[INFO] Final Memory: 34M/365M
[INFO] ------------------------------------------------------------------------
[ERROR] Failed to execute goal org.apache.maven.plugins:maven-compiler-plugin:3.0:compile (default-compile) on project retrofit: Compilation failure
[ERROR] /home/travis/build/square/retrofit/retrofit/src/main/java/retrofit2/Retrofit.java:[536,23] constructor OkHttpClient in class okhttp3.OkHttpClient cannot be applied to given types;
[ERROR] required: okhttp3.OkHttpClient.Builder
[ERROR] found: no arguments
[ERROR] reason: actual and formal argument lists differ in length
[ERROR] -> [Help 1]
[ERROR] 
[ERROR] To see the full stack trace of the errors, re-run Maven with the -e switch.
[ERROR] Re-run Maven using the -X switch to enable full debug logging.
[ERROR] 
[ERROR] For more information about the errors and possible solutions, please read the following articles:
[ERROR] [Help 1] http://cwiki.apache.org/confluence/display/MAVEN/MojoFailureException
[ERROR] 
[ERROR] After correcting the problems, you can resume the build with the command
[ERROR]   mvn <goals> -rf :retrofit

[31;1mThe command "eval mvn install -DskipTests=true -Dmaven.javadoc.skip=true -B -V" failed 3 times.[0m

travis_time:end:13602ff8:start=1451679518610606105,finish=1451679588177144504,duration=69566538399[0K
[31;1mThe command "mvn install -DskipTests=true -Dmaven.javadoc.skip=true -B -V" failed and exited with 1 during .[0m

Your build has been stopped.
