Using worker: worker-linux-docker-acdda955.prod.travis-ci.org:travis-linux-1

travis_fold:start:system_info[0K[33;1mBuild system information[0m
Build language: java
Build group: stable
Build dist: precise
[34m[1mBuild image provisioning date and time[0m
Thu Feb  5 15:09:33 UTC 2015
[34m[1mOperating System Details[0m
Distributor ID:	Ubuntu
Description:	Ubuntu 12.04.5 LTS
Release:	12.04
Codename:	precise
[34m[1mLinux Version[0m
3.13.0-29-generic
[34m[1mCookbooks Version[0m
a68419e https://github.com/travis-ci/travis-cookbooks/tree/a68419e
[34m[1mGCC version[0m
gcc (Ubuntu/Linaro 4.6.3-1ubuntu5) 4.6.3
Copyright (C) 2011 Free Software Foundation, Inc.
This is free software; see the source for copying conditions.  There is NO
warranty; not even for MERCHANTABILITY or FITNESS FOR A PARTICULAR PURPOSE.

[34m[1mLLVM version[0m
clang version 3.4 (tags/RELEASE_34/final)
Target: x86_64-unknown-linux-gnu
Thread model: posix
[34m[1mPre-installed Ruby versions[0m
ruby-1.9.3-p551
[34m[1mPre-installed Node.js versions[0m
v0.10.36
[34m[1mPre-installed Go versions[0m
1.4.1
[34m[1mRedis version[0m
redis-server 2.8.19
[34m[1mriak version[0m
2.0.2
[34m[1mMongoDB version[0m
MongoDB 2.4.12
[34m[1mCouchDB version[0m
couchdb 1.6.1
[34m[1mNeo4j version[0m
1.9.4
[34m[1mRabbitMQ Version[0m
3.4.3
[34m[1mElasticSearch version[0m
1.4.0
[34m[1mInstalled Sphinx versions[0m
2.0.10
2.1.9
2.2.6
[34m[1mDefault Sphinx version[0m
2.2.6
[34m[1mInstalled Firefox version[0m
firefox 31.0esr
[34m[1mPhantomJS version[0m
1.9.8
[34m[1mant -version[0m
Apache Ant(TM) version 1.8.2 compiled on December 3 2011
[34m[1mmvn -version[0m
Apache Maven 3.2.5 (12a6b3acb947671f09b81f49094c53f426d8cea1; 2014-12-14T17:29:23+00:00)
Maven home: /usr/local/maven
Java version: 1.7.0_76, vendor: Oracle Corporation
Java home: /usr/lib/jvm/java-7-oracle/jre
Default locale: en_US, platform encoding: ANSI_X3.4-1968
OS name: "linux", version: "3.13.0-29-generic", arch: "amd64", family: "unix"
travis_fold:end:system_info[0K
travis_fold:start:git.checkout[0Ktravis_time:start:022d5c10[0K$ git clone --depth=50 https://github.com/square/retrofit.git square/retrofit
Cloning into 'square/retrofit'...
remote: Counting objects: 1991, done.[K
remote: Compressing objects:   0% (1/897)   [Kremote: Compressing objects:   1% (9/897)   [Kremote: Compressing objects:   2% (18/897)   [Kremote: Compressing objects:   3% (27/897)   [Kremote: Compressing objects:   4% (36/897)   [Kremote: Compressing objects:   5% (45/897)   [Kremote: Compressing objects:   6% (54/897)   [Kremote: Compressing objects:   7% (63/897)   [Kremote: Compressing objects:   8% (72/897)   [Kremote: Compressing objects:   9% (81/897)   [Kremote: Compressing objects:  10% (90/897)   [Kremote: Compressing objects:  11% (99/897)   [Kremote: Compressing objects:  12% (108/897)   [Kremote: Compressing objects:  13% (117/897)   [Kremote: Compressing objects:  14% (126/897)   [Kremote: Compressing objects:  15% (135/897)   [Kremote: Compressing objects:  16% (144/897)   [Kremote: Compressing objects:  17% (153/897)   [Kremote: Compressing objects:  18% (162/897)   [Kremote: Compressing objects:  19% (171/897)   [Kremote: Compressing objects:  20% (180/897)   [Kremote: Compressing objects:  21% (189/897)   [Kremote: Compressing objects:  22% (198/897)   [Kremote: Compressing objects:  23% (207/897)   [Kremote: Compressing objects:  24% (216/897)   [Kremote: Compressing objects:  25% (225/897)   [Kremote: Compressing objects:  26% (234/897)   [Kremote: Compressing objects:  27% (243/897)   [Kremote: Compressing objects:  28% (252/897)   [Kremote: Compressing objects:  29% (261/897)   [Kremote: Compressing objects:  30% (270/897)   [Kremote: Compressing objects:  31% (279/897)   [Kremote: Compressing objects:  32% (288/897)   [Kremote: Compressing objects:  33% (297/897)   [Kremote: Compressing objects:  34% (305/897)   [Kremote: Compressing objects:  35% (314/897)   [Kremote: Compressing objects:  36% (323/897)   [Kremote: Compressing objects:  37% (332/897)   [Kremote: Compressing objects:  38% (341/897)   [Kremote: Compressing objects:  39% (350/897)   [Kremote: Compressing objects:  40% (359/897)   [Kremote: Compressing objects:  41% (368/897)   [Kremote: Compressing objects:  42% (377/897)   [Kremote: Compressing objects:  43% (386/897)   [Kremote: Compressing objects:  44% (395/897)   [Kremote: Compressing objects:  45% (404/897)   [Kremote: Compressing objects:  46% (413/897)   [Kremote: Compressing objects:  47% (422/897)   [Kremote: Compressing objects:  48% (431/897)   [Kremote: Compressing objects:  49% (440/897)   [Kremote: Compressing objects:  50% (449/897)   [Kremote: Compressing objects:  51% (458/897)   [Kremote: Compressing objects:  52% (467/897)   [Kremote: Compressing objects:  53% (476/897)   [Kremote: Compressing objects:  54% (485/897)   [Kremote: Compressing objects:  55% (494/897)   [Kremote: Compressing objects:  56% (503/897)   [Kremote: Compressing objects:  57% (512/897)   [Kremote: Compressing objects:  58% (521/897)   [Kremote: Compressing objects:  59% (530/897)   [Kremote: Compressing objects:  60% (539/897)   [Kremote: Compressing objects:  61% (548/897)   [Kremote: Compressing objects:  62% (557/897)   [Kremote: Compressing objects:  63% (566/897)   [Kremote: Compressing objects:  64% (575/897)   [Kremote: Compressing objects:  65% (584/897)   [Kremote: Compressing objects:  66% (593/897)   [Kremote: Compressing objects:  67% (601/897)   [Kremote: Compressing objects:  68% (610/897)   [Kremote: Compressing objects:  69% (619/897)   [Kremote: Compressing objects:  70% (628/897)   [Kremote: Compressing objects:  71% (637/897)   [Kremote: Compressing objects:  72% (646/897)   [Kremote: Compressing objects:  73% (655/897)   [Kremote: Compressing objects:  74% (664/897)   [Kremote: Compressing objects:  75% (673/897)   [Kremote: Compressing objects:  76% (682/897)   [Kremote: Compressing objects:  77% (691/897)   [Kremote: Compressing objects:  78% (700/897)   [Kremote: Compressing objects:  79% (709/897)   [Kremote: Compressing objects:  80% (718/897)   [Kremote: Compressing objects:  81% (727/897)   [Kremote: Compressing objects:  82% (736/897)   [Kremote: Compressing objects:  83% (745/897)   [Kremote: Compressing objects:  84% (754/897)   [Kremote: Compressing objects:  85% (763/897)   [Kremote: Compressing objects:  86% (772/897)   [Kremote: Compressing objects:  87% (781/897)   [Kremote: Compressing objects:  88% (790/897)   [Kremote: Compressing objects:  89% (799/897)   [Kremote: Compressing objects:  90% (808/897)   [Kremote: Compressing objects:  91% (817/897)   [Kremote: Compressing objects:  92% (826/897)   [Kremote: Compressing objects:  93% (835/897)   [Kremote: Compressing objects:  94% (844/897)   [Kremote: Compressing objects:  95% (853/897)   [Kremote: Compressing objects:  96% (862/897)   [Kremote: Compressing objects:  97% (871/897)   [Kremote: Compressing objects:  98% (880/897)   [Kremote: Compressing objects:  99% (889/897)   [Kremote: Compressing objects: 100% (897/897)   [Kremote: Compressing objects: 100% (897/897), done.[K
Receiving objects:   0% (1/1991)   Receiving objects:   1% (20/1991)   Receiving objects:   2% (40/1991)   Receiving objects:   3% (60/1991)   Receiving objects:   4% (80/1991)   Receiving objects:   5% (100/1991)   Receiving objects:   6% (120/1991)   Receiving objects:   7% (140/1991)   Receiving objects:   8% (160/1991)   Receiving objects:   9% (180/1991)   Receiving objects:  10% (200/1991)   Receiving objects:  11% (220/1991)   Receiving objects:  12% (239/1991)   Receiving objects:  13% (259/1991)   Receiving objects:  14% (279/1991)   Receiving objects:  15% (299/1991)   Receiving objects:  16% (319/1991)   Receiving objects:  17% (339/1991)   Receiving objects:  18% (359/1991)   Receiving objects:  19% (379/1991)   Receiving objects:  20% (399/1991)   Receiving objects:  21% (419/1991)   Receiving objects:  22% (439/1991)   Receiving objects:  23% (458/1991)   Receiving objects:  24% (478/1991)   Receiving objects:  25% (498/1991)   Receiving objects:  26% (518/1991)   Receiving objects:  27% (538/1991)   Receiving objects:  28% (558/1991)   Receiving objects:  29% (578/1991)   Receiving objects:  30% (598/1991)   Receiving objects:  31% (618/1991)   Receiving objects:  32% (638/1991)   Receiving objects:  33% (658/1991)   Receiving objects:  34% (677/1991)   Receiving objects:  35% (697/1991)   Receiving objects:  36% (717/1991)   Receiving objects:  37% (737/1991)   Receiving objects:  38% (757/1991)   Receiving objects:  39% (777/1991)   Receiving objects:  40% (797/1991)   Receiving objects:  41% (817/1991)   Receiving objects:  42% (837/1991)   Receiving objects:  43% (857/1991)   Receiving objects:  44% (877/1991)   Receiving objects:  45% (896/1991)   Receiving objects:  46% (916/1991)   Receiving objects:  47% (936/1991)   Receiving objects:  48% (956/1991)   Receiving objects:  49% (976/1991)   Receiving objects:  50% (996/1991)   Receiving objects:  51% (1016/1991)   Receiving objects:  52% (1036/1991)   Receiving objects:  53% (1056/1991)   Receiving objects:  54% (1076/1991)   Receiving objects:  55% (1096/1991)   Receiving objects:  56% (1115/1991)   Receiving objects:  57% (1135/1991)   Receiving objects:  58% (1155/1991)   Receiving objects:  59% (1175/1991)   Receiving objects:  60% (1195/1991)   Receiving objects:  61% (1215/1991)   Receiving objects:  62% (1235/1991)   Receiving objects:  63% (1255/1991)   Receiving objects:  64% (1275/1991)   Receiving objects:  65% (1295/1991)   Receiving objects:  66% (1315/1991)   Receiving objects:  67% (1334/1991)   Receiving objects:  68% (1354/1991)   Receiving objects:  69% (1374/1991)   Receiving objects:  70% (1394/1991)   Receiving objects:  71% (1414/1991)   remote: Total 1991 (delta 791), reused 1764 (delta 595), pack-reused 0[K
Receiving objects:  72% (1434/1991)   Receiving objects:  73% (1454/1991)   Receiving objects:  74% (1474/1991)   Receiving objects:  75% (1494/1991)   Receiving objects:  76% (1514/1991)   Receiving objects:  77% (1534/1991)   Receiving objects:  78% (1553/1991)   Receiving objects:  79% (1573/1991)   Receiving objects:  80% (1593/1991)   Receiving objects:  81% (1613/1991)   Receiving objects:  82% (1633/1991)   Receiving objects:  83% (1653/1991)   Receiving objects:  84% (1673/1991)   Receiving objects:  85% (1693/1991)   Receiving objects:  86% (1713/1991)   Receiving objects:  87% (1733/1991)   Receiving objects:  88% (1753/1991)   Receiving objects:  89% (1772/1991)   Receiving objects:  90% (1792/1991)   Receiving objects:  91% (1812/1991)   Receiving objects:  92% (1832/1991)   Receiving objects:  93% (1852/1991)   Receiving objects:  94% (1872/1991)   Receiving objects:  95% (1892/1991)   Receiving objects:  96% (1912/1991)   Receiving objects:  97% (1932/1991)   Receiving objects:  98% (1952/1991)   Receiving objects:  99% (1972/1991)   Receiving objects: 100% (1991/1991)   Receiving objects: 100% (1991/1991), 413.62 KiB | 0 bytes/s, done.
Resolving deltas:   0% (0/791)   Resolving deltas:   7% (57/791)   Resolving deltas:   8% (64/791)   Resolving deltas:   9% (72/791)   Resolving deltas:  10% (81/791)   Resolving deltas:  16% (127/791)   Resolving deltas:  17% (141/791)   Resolving deltas:  18% (150/791)   Resolving deltas:  19% (153/791)   Resolving deltas:  21% (168/791)   Resolving deltas:  24% (191/791)   Resolving deltas:  28% (227/791)   Resolving deltas:  29% (237/791)   Resolving deltas:  31% (248/791)   Resolving deltas:  33% (263/791)   Resolving deltas:  34% (269/791)   Resolving deltas:  35% (277/791)   Resolving deltas:  36% (292/791)   Resolving deltas:  37% (296/791)   Resolving deltas:  38% (301/791)   Resolving deltas:  39% (310/791)   Resolving deltas:  40% (322/791)   Resolving deltas:  42% (336/791)   Resolving deltas:  44% (349/791)   Resolving deltas:  45% (358/791)   Resolving deltas:  46% (365/791)   Resolving deltas:  47% (378/791)   Resolving deltas:  48% (381/791)   Resolving deltas:  50% (402/791)   Resolving deltas:  51% (407/791)   Resolving deltas:  54% (434/791)   Resolving deltas:  57% (456/791)   Resolving deltas:  58% (463/791)   Resolving deltas:  59% (467/791)   Resolving deltas:  60% (476/791)   Resolving deltas:  62% (491/791)   Resolving deltas:  63% (504/791)   Resolving deltas:  64% (508/791)   Resolving deltas:  66% (526/791)   Resolving deltas:  67% (530/791)   Resolving deltas:  68% (539/791)   Resolving deltas:  69% (551/791)   Resolving deltas:  71% (563/791)   Resolving deltas:  73% (584/791)   Resolving deltas:  74% (586/791)   Resolving deltas:  75% (598/791)   Resolving deltas:  76% (607/791)   Resolving deltas:  77% (611/791)   Resolving deltas:  78% (617/791)   Resolving deltas:  79% (627/791)   Resolving deltas:  80% (633/791)   Resolving deltas:  81% (641/791)   Resolving deltas:  82% (649/791)   Resolving deltas:  83% (660/791)   Resolving deltas:  84% (665/791)   Resolving deltas:  86% (688/791)   Resolving deltas:  87% (689/791)   Resolving deltas:  88% (701/791)   Resolving deltas:  89% (707/791)   Resolving deltas:  94% (749/791)   Resolving deltas:  95% (755/791)   Resolving deltas:  96% (760/791)   Resolving deltas:  98% (776/791)   Resolving deltas:  99% (785/791)   Resolving deltas: 100% (791/791)   Resolving deltas: 100% (791/791), done.
Checking connectivity... done.
travis_time:end:022d5c10:start=1451696055231761132,finish=1451696055926174158,duration=694413026[0K$ cd square/retrofit
travis_time:start:0142c8d4[0K$ git fetch origin +refs/pull/1424/merge:
remote: Counting objects: 11, done.[K
remote: Compressing objects:  25% (1/4)   [Kremote: Compressing objects:  50% (2/4)   [Kremote: Compressing objects:  75% (3/4)   [Kremote: Compressing objects: 100% (4/4)   [Kremote: Compressing objects: 100% (4/4), done.[K
remote: Total 11 (delta 5), reused 10 (delta 5), pack-reused 0[K
Unpacking objects:   9% (1/11)   Unpacking objects:  18% (2/11)   Unpacking objects:  27% (3/11)   Unpacking objects:  36% (4/11)   Unpacking objects:  45% (5/11)   Unpacking objects:  54% (6/11)   Unpacking objects:  63% (7/11)   Unpacking objects:  72% (8/11)   Unpacking objects:  81% (9/11)   Unpacking objects:  90% (10/11)   Unpacking objects: 100% (11/11)   Unpacking objects: 100% (11/11), done.
From https://github.com/square/retrofit
 * branch            refs/pull/1424/merge -> FETCH_HEAD
travis_time:end:0142c8d4:start=1451696055929782420,finish=1451696056220287788,duration=290505368[0K$ git checkout -qf FETCH_HEAD
travis_fold:end:git.checkout[0K
[33;1mThis job is running on container-based infrastructure, which does not allow use of 'sudo', setuid and setguid executables.[0m
[33;1mIf you require sudo, add 'sudo: required' to your .travis.yml[0m
[33;1mSee http://docs.travis-ci.com/user/workers/container-based-infrastructure/ for details.[0m
travis_fold:start:cache.1[0KSetting up build cache
$ export CASHER_DIR=$HOME/.casher
travis_time:start:093850f5[0K$ Installing caching utilities
travis_time:end:093850f5:start=1451696057728778350,finish=1451696057759960777,duration=31182427[0Ktravis_time:start:0a500328[0Ktravis_time:end:0a500328:start=1451696057764202113,finish=1451696057767073809,duration=2871696[0Ktravis_time:start:17a87869[0K[32;1mattempting to download cache archive[0m
[32;1mfetching PR.1424/cache--jdk-oraclejdk8.tgz[0m
[32;1mfetching PR.1424/cache--jdk-oraclejdk8.tbz[0m
[32;1mfetching master/cache--jdk-oraclejdk8.tgz[0m
[32;1mfound cache[0m
travis_time:end:17a87869:start=1451696057770440929,finish=1451696058786040965,duration=1015600036[0Ktravis_time:start:06a600c9[0Ktravis_time:end:06a600c9:start=1451696058789632910,finish=1451696058792681889,duration=3048979[0Ktravis_time:start:0209c14c[0K[32;1madding /home/travis/.m2 to cache[0m
travis_time:end:0209c14c:start=1451696058796135255,finish=1451696060302993813,duration=1506858558[0Ktravis_fold:end:cache.1[0K$ jdk_switcher use oraclejdk8
Switching to Oracle JDK8 (java-8-oracle), JAVA_HOME will be set to /usr/lib/jvm/java-8-oracle
$ java -Xmx32m -version
java version "1.8.0_31"
Java(TM) SE Runtime Environment (build 1.8.0_31-b13)
Java HotSpot(TM) 64-Bit Server VM (build 25.31-b07, mixed mode)
$ javac -J-Xmx32m -version
javac 1.8.0_31
travis_fold:start:install[0Ktravis_time:start:031d6eca[0K$ mvn install -DskipTests=true -Dmaven.javadoc.skip=true -B -V
Java HotSpot(TM) 64-Bit Server VM warning: ignoring option MaxPermSize=192m; support was removed in 8.0
Apache Maven 3.2.5 (12a6b3acb947671f09b81f49094c53f426d8cea1; 2014-12-14T17:29:23+00:00)
Maven home: /usr/local/maven
Java version: 1.8.0_31, vendor: Oracle Corporation
Java home: /usr/lib/jvm/java-8-oracle/jre
Default locale: en_US, platform encoding: UTF-8
OS name: "linux", version: "3.13.0-40-generic", arch: "amd64", family: "unix"
[INFO] Scanning for projects...
[WARNING] 
[WARNING] Some problems were encountered while building the effective model for com.squareup.retrofit2:samples:jar:2.0.0-SNAPSHOT
[WARNING] 'build.plugins.plugin.version' for org.apache.maven.plugins:maven-deploy-plugin is missing. @ com.squareup.retrofit2:samples:[unknown-version], /home/travis/build/square/retrofit/samples/pom.xml, line 45, column 15
[WARNING] 
[WARNING] It is highly recommended to fix these problems because they threaten the stability of your build.
[WARNING] 
[WARNING] For this reason, future Maven versions might no longer support building such malformed projects.
[WARNING] 
[INFO] ------------------------------------------------------------------------
[INFO] Reactor Build Order:
[INFO] 
[INFO] Retrofit (Parent)
[INFO] Retrofit
[INFO] Adapters
[INFO] Adapter: RxJava
[INFO] Converters
[INFO] Converter: Gson
[INFO] Converter: Protocol Buffers
[INFO] Converter: Jackson
[INFO] Converter: Wire Protocol Buffers
[INFO] Converter: SimpleXML
[INFO] Converter: Java Scalars
[INFO] Converter: Moshi
[INFO] Retrofit Mock Adapter
[INFO] Samples
[INFO]                                                                         
[INFO] ------------------------------------------------------------------------
[INFO] Building Retrofit (Parent) 2.0.0-SNAPSHOT
[INFO] ------------------------------------------------------------------------
[INFO] 
[INFO] --- maven-enforcer-plugin:1.0:enforce (enforce-maven) @ parent ---
[INFO] 
[INFO] --- animal-sniffer-maven-plugin:1.14:check (default) @ parent ---
[INFO] Checking unresolved references to org.codehaus.mojo.signature:java16:1.1
[INFO] 
[INFO] --- maven-javadoc-plugin:2.10.3:jar (attach-javadocs) @ parent ---
[INFO] Skipping javadoc generation
[INFO] 
[INFO] --- maven-checkstyle-plugin:2.15:checkstyle (default) @ parent ---
[INFO] 
[INFO] --- maven-install-plugin:2.4:install (default-install) @ parent ---
[INFO] Installing /home/travis/build/square/retrofit/pom.xml to /home/travis/.m2/repository/com/squareup/retrofit2/parent/2.0.0-SNAPSHOT/parent-2.0.0-SNAPSHOT.pom
[INFO]                                                                         
[INFO] ------------------------------------------------------------------------
[INFO] Building Retrofit 2.0.0-SNAPSHOT
[INFO] ------------------------------------------------------------------------
[INFO] Downloading: https://nexus.codehaus.org/snapshots/com/squareup/okhttp3/okhttp/3.0.0-SNAPSHOT/maven-metadata.xml
[INFO] Downloading: https://oss.sonatype.org/content/repositories/snapshots/com/squareup/okhttp3/okhttp/3.0.0-SNAPSHOT/maven-metadata.xml
[INFO] Downloading: https://repository.apache.org/snapshots/com/squareup/okhttp3/okhttp/3.0.0-SNAPSHOT/maven-metadata.xml
[INFO] Downloaded: https://oss.sonatype.org/content/repositories/snapshots/com/squareup/okhttp3/okhttp/3.0.0-SNAPSHOT/maven-metadata.xml (2 KB at 1.2 KB/sec)
[WARNING] Could not transfer metadata com.squareup.okhttp3:okhttp:3.0.0-SNAPSHOT/maven-metadata.xml from/to codehaus-snapshots (https://nexus.codehaus.org/snapshots/): nexus.codehaus.org: unknown error
[WARNING] Failure to transfer com.squareup.okhttp3:okhttp:3.0.0-SNAPSHOT/maven-metadata.xml from https://nexus.codehaus.org/snapshots/ was cached in the local repository, resolution will not be reattempted until the update interval of codehaus-snapshots has elapsed or updates are forced. Original error: Could not transfer metadata com.squareup.okhttp3:okhttp:3.0.0-SNAPSHOT/maven-metadata.xml from/to codehaus-snapshots (https://nexus.codehaus.org/snapshots/): nexus.codehaus.org: unknown error
[INFO] Downloading: https://oss.sonatype.org/content/repositories/snapshots/com/squareup/okhttp3/okhttp/3.0.0-SNAPSHOT/okhttp-3.0.0-20160101.203506-25.pom
[INFO] Downloaded: https://oss.sonatype.org/content/repositories/snapshots/com/squareup/okhttp3/okhttp/3.0.0-SNAPSHOT/okhttp-3.0.0-20160101.203506-25.pom (2 KB at 27.6 KB/sec)
[INFO] Downloading: https://repository.apache.org/snapshots/com/squareup/okhttp3/parent/3.0.0-SNAPSHOT/maven-metadata.xml
[INFO] Downloading: https://nexus.codehaus.org/snapshots/com/squareup/okhttp3/parent/3.0.0-SNAPSHOT/maven-metadata.xml
[INFO] Downloading: https://oss.sonatype.org/content/repositories/snapshots/com/squareup/okhttp3/parent/3.0.0-SNAPSHOT/maven-metadata.xml
[INFO] Downloaded: https://oss.sonatype.org/content/repositories/snapshots/com/squareup/okhttp3/parent/3.0.0-SNAPSHOT/maven-metadata.xml (605 B at 14.1 KB/sec)
[WARNING] Could not transfer metadata com.squareup.okhttp3:parent:3.0.0-SNAPSHOT/maven-metadata.xml from/to codehaus-snapshots (https://nexus.codehaus.org/snapshots/): nexus.codehaus.org
[INFO] Downloading: https://oss.sonatype.org/content/repositories/snapshots/com/squareup/okhttp3/parent/3.0.0-SNAPSHOT/parent-3.0.0-20160101.203444-25.pom
[INFO] Downloaded: https://oss.sonatype.org/content/repositories/snapshots/com/squareup/okhttp3/parent/3.0.0-SNAPSHOT/parent-3.0.0-20160101.203444-25.pom (10 KB at 197.0 KB/sec)
[INFO] Downloading: https://repository.apache.org/snapshots/com/squareup/okhttp3/mockwebserver/3.0.0-SNAPSHOT/maven-metadata.xml
[INFO] Downloading: https://nexus.codehaus.org/snapshots/com/squareup/okhttp3/mockwebserver/3.0.0-SNAPSHOT/maven-metadata.xml
[INFO] Downloading: https://oss.sonatype.org/content/repositories/snapshots/com/squareup/okhttp3/mockwebserver/3.0.0-SNAPSHOT/maven-metadata.xml
[INFO] Downloaded: https://oss.sonatype.org/content/repositories/snapshots/com/squareup/okhttp3/mockwebserver/3.0.0-SNAPSHOT/maven-metadata.xml (2 KB at 36.2 KB/sec)
[WARNING] Could not transfer metadata com.squareup.okhttp3:mockwebserver:3.0.0-SNAPSHOT/maven-metadata.xml from/to codehaus-snapshots (https://nexus.codehaus.org/snapshots/): nexus.codehaus.org
[WARNING] Failure to transfer com.squareup.okhttp3:mockwebserver:3.0.0-SNAPSHOT/maven-metadata.xml from https://nexus.codehaus.org/snapshots/ was cached in the local repository, resolution will not be reattempted until the update interval of codehaus-snapshots has elapsed or updates are forced. Original error: Could not transfer metadata com.squareup.okhttp3:mockwebserver:3.0.0-SNAPSHOT/maven-metadata.xml from/to codehaus-snapshots (https://nexus.codehaus.org/snapshots/): nexus.codehaus.org
[INFO] Downloading: https://oss.sonatype.org/content/repositories/snapshots/com/squareup/okhttp3/mockwebserver/3.0.0-SNAPSHOT/mockwebserver-3.0.0-20160101.203523-25.pom
[INFO] Downloaded: https://oss.sonatype.org/content/repositories/snapshots/com/squareup/okhttp3/mockwebserver/3.0.0-SNAPSHOT/mockwebserver-3.0.0-20160101.203523-25.pom (3 KB at 52.4 KB/sec)
[INFO] Downloading: https://repository.apache.org/snapshots/com/squareup/okhttp3/okhttp-ws/3.0.0-SNAPSHOT/maven-metadata.xml
[INFO] Downloading: https://nexus.codehaus.org/snapshots/com/squareup/okhttp3/okhttp-ws/3.0.0-SNAPSHOT/maven-metadata.xml
[INFO] Downloading: https://oss.sonatype.org/content/repositories/snapshots/com/squareup/okhttp3/okhttp-ws/3.0.0-SNAPSHOT/maven-metadata.xml
[INFO] Downloaded: https://oss.sonatype.org/content/repositories/snapshots/com/squareup/okhttp3/okhttp-ws/3.0.0-SNAPSHOT/maven-metadata.xml (2 KB at 13.4 KB/sec)
[WARNING] Could not transfer metadata com.squareup.okhttp3:okhttp-ws:3.0.0-SNAPSHOT/maven-metadata.xml from/to codehaus-snapshots (https://nexus.codehaus.org/snapshots/): nexus.codehaus.org
[WARNING] Failure to transfer com.squareup.okhttp3:okhttp-ws:3.0.0-SNAPSHOT/maven-metadata.xml from https://nexus.codehaus.org/snapshots/ was cached in the local repository, resolution will not be reattempted until the update interval of codehaus-snapshots has elapsed or updates are forced. Original error: Could not transfer metadata com.squareup.okhttp3:okhttp-ws:3.0.0-SNAPSHOT/maven-metadata.xml from/to codehaus-snapshots (https://nexus.codehaus.org/snapshots/): nexus.codehaus.org
[INFO] Downloading: https://oss.sonatype.org/content/repositories/snapshots/com/squareup/okhttp3/okhttp-ws/3.0.0-SNAPSHOT/okhttp-ws-3.0.0-20160101.203515-25.pom
[INFO] Downloaded: https://oss.sonatype.org/content/repositories/snapshots/com/squareup/okhttp3/okhttp-ws/3.0.0-SNAPSHOT/okhttp-ws-3.0.0-20160101.203515-25.pom (2 KB at 22.3 KB/sec)
[INFO] Downloading: https://oss.sonatype.org/content/repositories/snapshots/com/squareup/okhttp3/okhttp/3.0.0-SNAPSHOT/okhttp-3.0.0-20160101.203506-25.jar
[INFO] Downloading: https://oss.sonatype.org/content/repositories/snapshots/com/squareup/okhttp3/mockwebserver/3.0.0-SNAPSHOT/mockwebserver-3.0.0-20160101.203523-25.jar
[INFO] Downloading: https://oss.sonatype.org/content/repositories/snapshots/com/squareup/okhttp3/okhttp-ws/3.0.0-SNAPSHOT/okhttp-ws-3.0.0-20160101.203515-25.jar
[INFO] Downloaded: https://oss.sonatype.org/content/repositories/snapshots/com/squareup/okhttp3/mockwebserver/3.0.0-SNAPSHOT/mockwebserver-3.0.0-20160101.203523-25.jar (42 KB at 271.5 KB/sec)
[INFO] Downloaded: https://oss.sonatype.org/content/repositories/snapshots/com/squareup/okhttp3/okhttp-ws/3.0.0-SNAPSHOT/okhttp-ws-3.0.0-20160101.203515-25.jar (26 KB at 179.0 KB/sec)
[INFO] Downloaded: https://oss.sonatype.org/content/repositories/snapshots/com/squareup/okhttp3/okhttp/3.0.0-SNAPSHOT/okhttp-3.0.0-20160101.203506-25.jar (319 KB at 694.5 KB/sec)
[INFO] 
[INFO] --- maven-enforcer-plugin:1.0:enforce (enforce-maven) @ retrofit ---
[INFO] 
[INFO] --- maven-resources-plugin:2.6:resources (default-resources) @ retrofit ---
[INFO] Using 'UTF-8' encoding to copy filtered resources.
[INFO] skip non existing resourceDirectory /home/travis/build/square/retrofit/retrofit/src/main/resources
[INFO] 
[INFO] --- maven-compiler-plugin:3.0:compile (default-compile) @ retrofit ---
[INFO] Changes detected - recompiling the module!
[INFO] Compiling 42 source files to /home/travis/build/square/retrofit/retrofit/target/classes
[WARNING] /home/travis/build/square/retrofit/retrofit/src/main/java/retrofit2/Retrofit.java: Some input files use unchecked or unsafe operations.
[WARNING] /home/travis/build/square/retrofit/retrofit/src/main/java/retrofit2/Retrofit.java: Recompile with -Xlint:unchecked for details.
[INFO] 
[INFO] --- maven-resources-plugin:2.6:testResources (default-testResources) @ retrofit ---
[INFO] Using 'UTF-8' encoding to copy filtered resources.
[INFO] skip non existing resourceDirectory /home/travis/build/square/retrofit/retrofit/src/test/resources
[INFO] 
[INFO] --- maven-compiler-plugin:3.0:testCompile (default-testCompile) @ retrofit ---
[INFO] Changes detected - recompiling the module!
[INFO] Compiling 8 source files to /home/travis/build/square/retrofit/retrofit/target/test-classes
[WARNING] /home/travis/build/square/retrofit/retrofit/src/test/java/retrofit2/RetrofitTest.java: /home/travis/build/square/retrofit/retrofit/src/test/java/retrofit2/RetrofitTest.java uses unchecked or unsafe operations.
[WARNING] /home/travis/build/square/retrofit/retrofit/src/test/java/retrofit2/RetrofitTest.java: Recompile with -Xlint:unchecked for details.
[INFO] 
[INFO] --- maven-surefire-plugin:2.12.4:test (default-test) @ retrofit ---
[INFO] Tests are skipped.
[INFO] 
[INFO] --- animal-sniffer-maven-plugin:1.14:check (default) @ retrofit ---
[INFO] Checking unresolved references to org.codehaus.mojo.signature:java16:1.1
[INFO] 
[INFO] --- maven-jar-plugin:2.4:jar (default-jar) @ retrofit ---
[INFO] Building jar: /home/travis/build/square/retrofit/retrofit/target/retrofit-2.0.0-SNAPSHOT.jar
[INFO] 
[INFO] --- maven-javadoc-plugin:2.10.3:jar (attach-javadocs) @ retrofit ---
[INFO] Skipping javadoc generation
[INFO] 
[INFO] --- maven-checkstyle-plugin:2.15:checkstyle (default) @ retrofit ---
[INFO] Starting audit...
Audit done.
[WARNING] Unable to locate Source XRef to link to - DISABLED
[INFO] 
[INFO] --- maven-install-plugin:2.4:install (default-install) @ retrofit ---
[INFO] Installing /home/travis/build/square/retrofit/retrofit/target/retrofit-2.0.0-SNAPSHOT.jar to /home/travis/.m2/repository/com/squareup/retrofit2/retrofit/2.0.0-SNAPSHOT/retrofit-2.0.0-SNAPSHOT.jar
[INFO] Installing /home/travis/build/square/retrofit/retrofit/pom.xml to /home/travis/.m2/repository/com/squareup/retrofit2/retrofit/2.0.0-SNAPSHOT/retrofit-2.0.0-SNAPSHOT.pom
[INFO]                                                                         
[INFO] ------------------------------------------------------------------------
[INFO] Building Adapters 2.0.0-SNAPSHOT
[INFO] ------------------------------------------------------------------------
[INFO] 
[INFO] --- maven-enforcer-plugin:1.0:enforce (enforce-maven) @ retrofit-adapters ---
[INFO] 
[INFO] --- animal-sniffer-maven-plugin:1.14:check (default) @ retrofit-adapters ---
[INFO] Checking unresolved references to org.codehaus.mojo.signature:java16:1.1
[INFO] 
[INFO] --- maven-javadoc-plugin:2.10.3:jar (attach-javadocs) @ retrofit-adapters ---
[INFO] Skipping javadoc generation
[INFO] 
[INFO] --- maven-checkstyle-plugin:2.15:checkstyle (default) @ retrofit-adapters ---
[INFO] 
[INFO] --- maven-install-plugin:2.4:install (default-install) @ retrofit-adapters ---
[INFO] Installing /home/travis/build/square/retrofit/retrofit-adapters/pom.xml to /home/travis/.m2/repository/com/squareup/retrofit2/retrofit-adapters/2.0.0-SNAPSHOT/retrofit-adapters-2.0.0-SNAPSHOT.pom
[INFO]                                                                         
[INFO] ------------------------------------------------------------------------
[INFO] Building Adapter: RxJava 2.0.0-SNAPSHOT
[INFO] ------------------------------------------------------------------------
[INFO] Downloading: http://repo.maven.apache.org/maven2/io/reactivex/rxjava/1.1.0/rxjava-1.1.0.pom
[INFO] Downloaded: http://repo.maven.apache.org/maven2/io/reactivex/rxjava/1.1.0/rxjava-1.1.0.pom (3 KB at 62.4 KB/sec)
[INFO] Downloading: http://repo.maven.apache.org/maven2/io/reactivex/rxjava/1.1.0/rxjava-1.1.0.jar
[INFO] Downloaded: http://repo.maven.apache.org/maven2/io/reactivex/rxjava/1.1.0/rxjava-1.1.0.jar (878 KB at 13714.6 KB/sec)
[INFO] 
[INFO] --- maven-enforcer-plugin:1.0:enforce (enforce-maven) @ adapter-rxjava ---
[INFO] 
[INFO] --- maven-resources-plugin:2.6:resources (default-resources) @ adapter-rxjava ---
[INFO] Using 'UTF-8' encoding to copy filtered resources.
[INFO] skip non existing resourceDirectory /home/travis/build/square/retrofit/retrofit-adapters/rxjava/src/main/resources
[INFO] 
[INFO] --- maven-compiler-plugin:3.0:compile (default-compile) @ adapter-rxjava ---
[INFO] Changes detected - recompiling the module!
[INFO] Compiling 4 source files to /home/travis/build/square/retrofit/retrofit-adapters/rxjava/target/classes
[INFO] 
[INFO] --- maven-resources-plugin:2.6:testResources (default-testResources) @ adapter-rxjava ---
[INFO] Using 'UTF-8' encoding to copy filtered resources.
[INFO] skip non existing resourceDirectory /home/travis/build/square/retrofit/retrofit-adapters/rxjava/src/test/resources
[INFO] 
[INFO] --- maven-compiler-plugin:3.0:testCompile (default-testCompile) @ adapter-rxjava ---
[INFO] Changes detected - recompiling the module!
[INFO] Compiling 2 source files to /home/travis/build/square/retrofit/retrofit-adapters/rxjava/target/test-classes
[INFO] 
[INFO] --- maven-surefire-plugin:2.12.4:test (default-test) @ adapter-rxjava ---
[INFO] Tests are skipped.
[INFO] 
[INFO] --- animal-sniffer-maven-plugin:1.14:check (default) @ adapter-rxjava ---
[INFO] Checking unresolved references to org.codehaus.mojo.signature:java16:1.1
[INFO] 
[INFO] --- maven-jar-plugin:2.4:jar (default-jar) @ adapter-rxjava ---
[INFO] Building jar: /home/travis/build/square/retrofit/retrofit-adapters/rxjava/target/adapter-rxjava-2.0.0-SNAPSHOT.jar
[INFO] 
[INFO] --- maven-javadoc-plugin:2.10.3:jar (attach-javadocs) @ adapter-rxjava ---
[INFO] Skipping javadoc generation
[INFO] 
[INFO] --- maven-checkstyle-plugin:2.15:checkstyle (default) @ adapter-rxjava ---
[INFO] Starting audit...
Audit done.
[WARNING] Unable to locate Source XRef to link to - DISABLED
[INFO] 
[INFO] --- maven-install-plugin:2.4:install (default-install) @ adapter-rxjava ---
[INFO] Installing /home/travis/build/square/retrofit/retrofit-adapters/rxjava/target/adapter-rxjava-2.0.0-SNAPSHOT.jar to /home/travis/.m2/repository/com/squareup/retrofit2/adapter-rxjava/2.0.0-SNAPSHOT/adapter-rxjava-2.0.0-SNAPSHOT.jar
[INFO] Installing /home/travis/build/square/retrofit/retrofit-adapters/rxjava/pom.xml to /home/travis/.m2/repository/com/squareup/retrofit2/adapter-rxjava/2.0.0-SNAPSHOT/adapter-rxjava-2.0.0-SNAPSHOT.pom
[INFO]                                                                         
[INFO] ------------------------------------------------------------------------
[INFO] Building Converters 2.0.0-SNAPSHOT
[INFO] ------------------------------------------------------------------------
[INFO] 
[INFO] --- maven-enforcer-plugin:1.0:enforce (enforce-maven) @ retrofit-converters ---
[INFO] 
[INFO] --- animal-sniffer-maven-plugin:1.14:check (default) @ retrofit-converters ---
[INFO] Checking unresolved references to org.codehaus.mojo.signature:java16:1.1
[INFO] 
[INFO] --- maven-javadoc-plugin:2.10.3:jar (attach-javadocs) @ retrofit-converters ---
[INFO] Skipping javadoc generation
[INFO] 
[INFO] --- maven-checkstyle-plugin:2.15:checkstyle (default) @ retrofit-converters ---
[INFO] 
[INFO] --- maven-install-plugin:2.4:install (default-install) @ retrofit-converters ---
[INFO] Installing /home/travis/build/square/retrofit/retrofit-converters/pom.xml to /home/travis/.m2/repository/com/squareup/retrofit2/retrofit-converters/2.0.0-SNAPSHOT/retrofit-converters-2.0.0-SNAPSHOT.pom
[INFO]                                                                         
[INFO] ------------------------------------------------------------------------
[INFO] Building Converter: Gson 2.0.0-SNAPSHOT
[INFO] ------------------------------------------------------------------------
[INFO] 
[INFO] --- maven-enforcer-plugin:1.0:enforce (enforce-maven) @ converter-gson ---
[INFO] 
[INFO] --- maven-resources-plugin:2.6:resources (default-resources) @ converter-gson ---
[INFO] Using 'UTF-8' encoding to copy filtered resources.
[INFO] skip non existing resourceDirectory /home/travis/build/square/retrofit/retrofit-converters/gson/src/main/resources
[INFO] 
[INFO] --- maven-compiler-plugin:3.0:compile (default-compile) @ converter-gson ---
[INFO] Changes detected - recompiling the module!
[INFO] Compiling 3 source files to /home/travis/build/square/retrofit/retrofit-converters/gson/target/classes
[INFO] 
[INFO] --- maven-resources-plugin:2.6:testResources (default-testResources) @ converter-gson ---
[INFO] Using 'UTF-8' encoding to copy filtered resources.
[INFO] skip non existing resourceDirectory /home/travis/build/square/retrofit/retrofit-converters/gson/src/test/resources
[INFO] 
[INFO] --- maven-compiler-plugin:3.0:testCompile (default-testCompile) @ converter-gson ---
[INFO] Changes detected - recompiling the module!
[INFO] Compiling 1 source file to /home/travis/build/square/retrofit/retrofit-converters/gson/target/test-classes
[INFO] 
[INFO] --- maven-surefire-plugin:2.12.4:test (default-test) @ converter-gson ---
[INFO] Tests are skipped.
[INFO] 
[INFO] --- animal-sniffer-maven-plugin:1.14:check (default) @ converter-gson ---
[INFO] Checking unresolved references to org.codehaus.mojo.signature:java16:1.1
[INFO] 
[INFO] --- maven-jar-plugin:2.4:jar (default-jar) @ converter-gson ---
[INFO] Building jar: /home/travis/build/square/retrofit/retrofit-converters/gson/target/converter-gson-2.0.0-SNAPSHOT.jar
[INFO] 
[INFO] --- maven-javadoc-plugin:2.10.3:jar (attach-javadocs) @ converter-gson ---
[INFO] Skipping javadoc generation
[INFO] 
[INFO] --- maven-checkstyle-plugin:2.15:checkstyle (default) @ converter-gson ---
[INFO] Starting audit...
Audit done.
[WARNING] Unable to locate Source XRef to link to - DISABLED
[INFO] 
[INFO] --- maven-install-plugin:2.4:install (default-install) @ converter-gson ---
[INFO] Installing /home/travis/build/square/retrofit/retrofit-converters/gson/target/converter-gson-2.0.0-SNAPSHOT.jar to /home/travis/.m2/repository/com/squareup/retrofit2/converter-gson/2.0.0-SNAPSHOT/converter-gson-2.0.0-SNAPSHOT.jar
[INFO] Installing /home/travis/build/square/retrofit/retrofit-converters/gson/pom.xml to /home/travis/.m2/repository/com/squareup/retrofit2/converter-gson/2.0.0-SNAPSHOT/converter-gson-2.0.0-SNAPSHOT.pom
[INFO]                                                                         
[INFO] ------------------------------------------------------------------------
[INFO] Building Converter: Protocol Buffers 2.0.0-SNAPSHOT
[INFO] ------------------------------------------------------------------------
[INFO] 
[INFO] --- maven-enforcer-plugin:1.0:enforce (enforce-maven) @ converter-protobuf ---
[INFO] 
[INFO] --- maven-resources-plugin:2.6:resources (default-resources) @ converter-protobuf ---
[INFO] Using 'UTF-8' encoding to copy filtered resources.
[INFO] skip non existing resourceDirectory /home/travis/build/square/retrofit/retrofit-converters/protobuf/src/main/resources
[INFO] 
[INFO] --- maven-compiler-plugin:3.0:compile (default-compile) @ converter-protobuf ---
[INFO] Changes detected - recompiling the module!
[INFO] Compiling 3 source files to /home/travis/build/square/retrofit/retrofit-converters/protobuf/target/classes
[WARNING] /home/travis/build/square/retrofit/retrofit-converters/protobuf/src/main/java/retrofit2/ProtoConverterFactory.java: /home/travis/build/square/retrofit/retrofit-converters/protobuf/src/main/java/retrofit2/ProtoConverterFactory.java uses unchecked or unsafe operations.
[WARNING] /home/travis/build/square/retrofit/retrofit-converters/protobuf/src/main/java/retrofit2/ProtoConverterFactory.java: Recompile with -Xlint:unchecked for details.
[INFO] 
[INFO] --- maven-resources-plugin:2.6:testResources (default-testResources) @ converter-protobuf ---
[INFO] Using 'UTF-8' encoding to copy filtered resources.
[INFO] skip non existing resourceDirectory /home/travis/build/square/retrofit/retrofit-converters/protobuf/src/test/resources
[INFO] 
[INFO] --- maven-compiler-plugin:3.0:testCompile (default-testCompile) @ converter-protobuf ---
[INFO] Changes detected - recompiling the module!
[INFO] Compiling 2 source files to /home/travis/build/square/retrofit/retrofit-converters/protobuf/target/test-classes
[INFO] 
[INFO] --- maven-surefire-plugin:2.12.4:test (default-test) @ converter-protobuf ---
[INFO] Tests are skipped.
[INFO] 
[INFO] --- animal-sniffer-maven-plugin:1.14:check (default) @ converter-protobuf ---
[INFO] Checking unresolved references to org.codehaus.mojo.signature:java16:1.1
[INFO] 
[INFO] --- maven-jar-plugin:2.4:jar (default-jar) @ converter-protobuf ---
[INFO] Building jar: /home/travis/build/square/retrofit/retrofit-converters/protobuf/target/converter-protobuf-2.0.0-SNAPSHOT.jar
[INFO] 
[INFO] --- maven-javadoc-plugin:2.10.3:jar (attach-javadocs) @ converter-protobuf ---
[INFO] Skipping javadoc generation
[INFO] 
[INFO] --- maven-checkstyle-plugin:2.15:checkstyle (default) @ converter-protobuf ---
[INFO] Starting audit...
Audit done.
[WARNING] Unable to locate Source XRef to link to - DISABLED
[INFO] 
[INFO] --- maven-install-plugin:2.4:install (default-install) @ converter-protobuf ---
[INFO] Installing /home/travis/build/square/retrofit/retrofit-converters/protobuf/target/converter-protobuf-2.0.0-SNAPSHOT.jar to /home/travis/.m2/repository/com/squareup/retrofit2/converter-protobuf/2.0.0-SNAPSHOT/converter-protobuf-2.0.0-SNAPSHOT.jar
[INFO] Installing /home/travis/build/square/retrofit/retrofit-converters/protobuf/pom.xml to /home/travis/.m2/repository/com/squareup/retrofit2/converter-protobuf/2.0.0-SNAPSHOT/converter-protobuf-2.0.0-SNAPSHOT.pom
[INFO]                                                                         
[INFO] ------------------------------------------------------------------------
[INFO] Building Converter: Jackson 2.0.0-SNAPSHOT
[INFO] ------------------------------------------------------------------------
[INFO] 
[INFO] --- maven-enforcer-plugin:1.0:enforce (enforce-maven) @ converter-jackson ---
[INFO] 
[INFO] --- maven-resources-plugin:2.6:resources (default-resources) @ converter-jackson ---
[INFO] Using 'UTF-8' encoding to copy filtered resources.
[INFO] skip non existing resourceDirectory /home/travis/build/square/retrofit/retrofit-converters/jackson/src/main/resources
[INFO] 
[INFO] --- maven-compiler-plugin:3.0:compile (default-compile) @ converter-jackson ---
[INFO] Changes detected - recompiling the module!
[INFO] Compiling 3 source files to /home/travis/build/square/retrofit/retrofit-converters/jackson/target/classes
[INFO] 
[INFO] --- maven-resources-plugin:2.6:testResources (default-testResources) @ converter-jackson ---
[INFO] Using 'UTF-8' encoding to copy filtered resources.
[INFO] skip non existing resourceDirectory /home/travis/build/square/retrofit/retrofit-converters/jackson/src/test/resources
[INFO] 
[INFO] --- maven-compiler-plugin:3.0:testCompile (default-testCompile) @ converter-jackson ---
[INFO] Changes detected - recompiling the module!
[INFO] Compiling 1 source file to /home/travis/build/square/retrofit/retrofit-converters/jackson/target/test-classes
[INFO] 
[INFO] --- maven-surefire-plugin:2.12.4:test (default-test) @ converter-jackson ---
[INFO] Tests are skipped.
[INFO] 
[INFO] --- animal-sniffer-maven-plugin:1.14:check (default) @ converter-jackson ---
[INFO] Checking unresolved references to org.codehaus.mojo.signature:java16:1.1
[INFO] 
[INFO] --- maven-jar-plugin:2.4:jar (default-jar) @ converter-jackson ---
[INFO] Building jar: /home/travis/build/square/retrofit/retrofit-converters/jackson/target/converter-jackson-2.0.0-SNAPSHOT.jar
[INFO] 
[INFO] --- maven-javadoc-plugin:2.10.3:jar (attach-javadocs) @ converter-jackson ---
[INFO] Skipping javadoc generation
[INFO] 
[INFO] --- maven-checkstyle-plugin:2.15:checkstyle (default) @ converter-jackson ---
[INFO] Starting audit...
Audit done.
[WARNING] Unable to locate Source XRef to link to - DISABLED
[INFO] 
[INFO] --- maven-install-plugin:2.4:install (default-install) @ converter-jackson ---
[INFO] Installing /home/travis/build/square/retrofit/retrofit-converters/jackson/target/converter-jackson-2.0.0-SNAPSHOT.jar to /home/travis/.m2/repository/com/squareup/retrofit2/converter-jackson/2.0.0-SNAPSHOT/converter-jackson-2.0.0-SNAPSHOT.jar
[INFO] Installing /home/travis/build/square/retrofit/retrofit-converters/jackson/pom.xml to /home/travis/.m2/repository/com/squareup/retrofit2/converter-jackson/2.0.0-SNAPSHOT/converter-jackson-2.0.0-SNAPSHOT.pom
[INFO]                                                                         
[INFO] ------------------------------------------------------------------------
[INFO] Building Converter: Wire Protocol Buffers 2.0.0-SNAPSHOT
[INFO] ------------------------------------------------------------------------
[INFO] 
[INFO] --- maven-enforcer-plugin:1.0:enforce (enforce-maven) @ converter-wire ---
[INFO] 
[INFO] --- maven-resources-plugin:2.6:resources (default-resources) @ converter-wire ---
[INFO] Using 'UTF-8' encoding to copy filtered resources.
[INFO] skip non existing resourceDirectory /home/travis/build/square/retrofit/retrofit-converters/wire/src/main/resources
[INFO] 
[INFO] --- maven-compiler-plugin:3.0:compile (default-compile) @ converter-wire ---
[INFO] Changes detected - recompiling the module!
[INFO] Compiling 3 source files to /home/travis/build/square/retrofit/retrofit-converters/wire/target/classes
[WARNING] /home/travis/build/square/retrofit/retrofit-converters/wire/src/main/java/retrofit2/WireConverterFactory.java: /home/travis/build/square/retrofit/retrofit-converters/wire/src/main/java/retrofit2/WireConverterFactory.java uses unchecked or unsafe operations.
[WARNING] /home/travis/build/square/retrofit/retrofit-converters/wire/src/main/java/retrofit2/WireConverterFactory.java: Recompile with -Xlint:unchecked for details.
[INFO] 
[INFO] --- maven-resources-plugin:2.6:testResources (default-testResources) @ converter-wire ---
[INFO] Using 'UTF-8' encoding to copy filtered resources.
[INFO] skip non existing resourceDirectory /home/travis/build/square/retrofit/retrofit-converters/wire/src/test/resources
[INFO] 
[INFO] --- maven-compiler-plugin:3.0:testCompile (default-testCompile) @ converter-wire ---
[INFO] Changes detected - recompiling the module!
[INFO] Compiling 2 source files to /home/travis/build/square/retrofit/retrofit-converters/wire/target/test-classes
[INFO] 
[INFO] --- maven-surefire-plugin:2.12.4:test (default-test) @ converter-wire ---
[INFO] Tests are skipped.
[INFO] 
[INFO] --- animal-sniffer-maven-plugin:1.14:check (default) @ converter-wire ---
[INFO] Checking unresolved references to org.codehaus.mojo.signature:java16:1.1
[INFO] 
[INFO] --- maven-jar-plugin:2.4:jar (default-jar) @ converter-wire ---
[INFO] Building jar: /home/travis/build/square/retrofit/retrofit-converters/wire/target/converter-wire-2.0.0-SNAPSHOT.jar
[INFO] 
[INFO] --- maven-javadoc-plugin:2.10.3:jar (attach-javadocs) @ converter-wire ---
[INFO] Skipping javadoc generation
[INFO] 
[INFO] --- maven-checkstyle-plugin:2.15:checkstyle (default) @ converter-wire ---
[INFO] Starting audit...
Audit done.
[WARNING] Unable to locate Source XRef to link to - DISABLED
[INFO] 
[INFO] --- maven-install-plugin:2.4:install (default-install) @ converter-wire ---
[INFO] Installing /home/travis/build/square/retrofit/retrofit-converters/wire/target/converter-wire-2.0.0-SNAPSHOT.jar to /home/travis/.m2/repository/com/squareup/retrofit2/converter-wire/2.0.0-SNAPSHOT/converter-wire-2.0.0-SNAPSHOT.jar
[INFO] Installing /home/travis/build/square/retrofit/retrofit-converters/wire/pom.xml to /home/travis/.m2/repository/com/squareup/retrofit2/converter-wire/2.0.0-SNAPSHOT/converter-wire-2.0.0-SNAPSHOT.pom
[INFO]                                                                         
[INFO] ------------------------------------------------------------------------
[INFO] Building Converter: SimpleXML 2.0.0-SNAPSHOT
[INFO] ------------------------------------------------------------------------
[INFO] 
[INFO] --- maven-enforcer-plugin:1.0:enforce (enforce-maven) @ converter-simplexml ---
[INFO] 
[INFO] --- maven-resources-plugin:2.6:resources (default-resources) @ converter-simplexml ---
[INFO] Using 'UTF-8' encoding to copy filtered resources.
[INFO] skip non existing resourceDirectory /home/travis/build/square/retrofit/retrofit-converters/simplexml/src/main/resources
[INFO] 
[INFO] --- maven-compiler-plugin:3.0:compile (default-compile) @ converter-simplexml ---
[INFO] Changes detected - recompiling the module!
[INFO] Compiling 3 source files to /home/travis/build/square/retrofit/retrofit-converters/simplexml/target/classes
[INFO] 
[INFO] --- maven-resources-plugin:2.6:testResources (default-testResources) @ converter-simplexml ---
[INFO] Using 'UTF-8' encoding to copy filtered resources.
[INFO] skip non existing resourceDirectory /home/travis/build/square/retrofit/retrofit-converters/simplexml/src/test/resources
[INFO] 
[INFO] --- maven-compiler-plugin:3.0:testCompile (default-testCompile) @ converter-simplexml ---
[INFO] Changes detected - recompiling the module!
[INFO] Compiling 2 source files to /home/travis/build/square/retrofit/retrofit-converters/simplexml/target/test-classes
[INFO] 
[INFO] --- maven-surefire-plugin:2.12.4:test (default-test) @ converter-simplexml ---
[INFO] Tests are skipped.
[INFO] 
[INFO] --- animal-sniffer-maven-plugin:1.14:check (default) @ converter-simplexml ---
[INFO] Checking unresolved references to org.codehaus.mojo.signature:java16:1.1
[INFO] 
[INFO] --- maven-jar-plugin:2.4:jar (default-jar) @ converter-simplexml ---
[INFO] Building jar: /home/travis/build/square/retrofit/retrofit-converters/simplexml/target/converter-simplexml-2.0.0-SNAPSHOT.jar
[INFO] 
[INFO] --- maven-javadoc-plugin:2.10.3:jar (attach-javadocs) @ converter-simplexml ---
[INFO] Skipping javadoc generation
[INFO] 
[INFO] --- maven-checkstyle-plugin:2.15:checkstyle (default) @ converter-simplexml ---
[INFO] Starting audit...
Audit done.
[WARNING] Unable to locate Source XRef to link to - DISABLED
[INFO] 
[INFO] --- maven-install-plugin:2.4:install (default-install) @ converter-simplexml ---
[INFO] Installing /home/travis/build/square/retrofit/retrofit-converters/simplexml/target/converter-simplexml-2.0.0-SNAPSHOT.jar to /home/travis/.m2/repository/com/squareup/retrofit2/converter-simplexml/2.0.0-SNAPSHOT/converter-simplexml-2.0.0-SNAPSHOT.jar
[INFO] Installing /home/travis/build/square/retrofit/retrofit-converters/simplexml/pom.xml to /home/travis/.m2/repository/com/squareup/retrofit2/converter-simplexml/2.0.0-SNAPSHOT/converter-simplexml-2.0.0-SNAPSHOT.pom
[INFO]                                                                         
[INFO] ------------------------------------------------------------------------
[INFO] Building Converter: Java Scalars 2.0.0-SNAPSHOT
[INFO] ------------------------------------------------------------------------
[INFO] 
[INFO] --- maven-enforcer-plugin:1.0:enforce (enforce-maven) @ converter-scalars ---
[INFO] 
[INFO] --- maven-resources-plugin:2.6:resources (default-resources) @ converter-scalars ---
[INFO] Using 'UTF-8' encoding to copy filtered resources.
[INFO] skip non existing resourceDirectory /home/travis/build/square/retrofit/retrofit-converters/scalars/src/main/resources
[INFO] 
[INFO] --- maven-compiler-plugin:3.0:compile (default-compile) @ converter-scalars ---
[INFO] Changes detected - recompiling the module!
[INFO] Compiling 2 source files to /home/travis/build/square/retrofit/retrofit-converters/scalars/target/classes
[INFO] 
[INFO] --- maven-resources-plugin:2.6:testResources (default-testResources) @ converter-scalars ---
[INFO] Using 'UTF-8' encoding to copy filtered resources.
[INFO] skip non existing resourceDirectory /home/travis/build/square/retrofit/retrofit-converters/scalars/src/test/resources
[INFO] 
[INFO] --- maven-compiler-plugin:3.0:testCompile (default-testCompile) @ converter-scalars ---
[INFO] Changes detected - recompiling the module!
[INFO] Compiling 1 source file to /home/travis/build/square/retrofit/retrofit-converters/scalars/target/test-classes
[INFO] 
[INFO] --- maven-surefire-plugin:2.12.4:test (default-test) @ converter-scalars ---
[INFO] Tests are skipped.
[INFO] 
[INFO] --- animal-sniffer-maven-plugin:1.14:check (default) @ converter-scalars ---
[INFO] Checking unresolved references to org.codehaus.mojo.signature:java16:1.1
[INFO] 
[INFO] --- maven-jar-plugin:2.4:jar (default-jar) @ converter-scalars ---
[INFO] Building jar: /home/travis/build/square/retrofit/retrofit-converters/scalars/target/converter-scalars-2.0.0-SNAPSHOT.jar
[INFO] 
[INFO] --- maven-javadoc-plugin:2.10.3:jar (attach-javadocs) @ converter-scalars ---
[INFO] Skipping javadoc generation
[INFO] 
[INFO] --- maven-checkstyle-plugin:2.15:checkstyle (default) @ converter-scalars ---
[INFO] Starting audit...
Audit done.
[WARNING] Unable to locate Source XRef to link to - DISABLED
[INFO] 
[INFO] --- maven-install-plugin:2.4:install (default-install) @ converter-scalars ---
[INFO] Installing /home/travis/build/square/retrofit/retrofit-converters/scalars/target/converter-scalars-2.0.0-SNAPSHOT.jar to /home/travis/.m2/repository/com/squareup/retrofit2/converter-scalars/2.0.0-SNAPSHOT/converter-scalars-2.0.0-SNAPSHOT.jar
[INFO] Installing /home/travis/build/square/retrofit/retrofit-converters/scalars/pom.xml to /home/travis/.m2/repository/com/squareup/retrofit2/converter-scalars/2.0.0-SNAPSHOT/converter-scalars-2.0.0-SNAPSHOT.pom
[INFO]                                                                         
[INFO] ------------------------------------------------------------------------
[INFO] Building Converter: Moshi 2.0.0-SNAPSHOT
[INFO] ------------------------------------------------------------------------
[INFO] 
[INFO] --- maven-enforcer-plugin:1.0:enforce (enforce-maven) @ converter-moshi ---
[INFO] 
[INFO] --- maven-resources-plugin:2.6:resources (default-resources) @ converter-moshi ---
[INFO] Using 'UTF-8' encoding to copy filtered resources.
[INFO] skip non existing resourceDirectory /home/travis/build/square/retrofit/retrofit-converters/moshi/src/main/resources
[INFO] 
[INFO] --- maven-compiler-plugin:3.0:compile (default-compile) @ converter-moshi ---
[INFO] Changes detected - recompiling the module!
[INFO] Compiling 3 source files to /home/travis/build/square/retrofit/retrofit-converters/moshi/target/classes
[INFO] 
[INFO] --- maven-resources-plugin:2.6:testResources (default-testResources) @ converter-moshi ---
[INFO] Using 'UTF-8' encoding to copy filtered resources.
[INFO] skip non existing resourceDirectory /home/travis/build/square/retrofit/retrofit-converters/moshi/src/test/resources
[INFO] 
[INFO] --- maven-compiler-plugin:3.0:testCompile (default-testCompile) @ converter-moshi ---
[INFO] Changes detected - recompiling the module!
[INFO] Compiling 1 source file to /home/travis/build/square/retrofit/retrofit-converters/moshi/target/test-classes
[INFO] 
[INFO] --- maven-surefire-plugin:2.12.4:test (default-test) @ converter-moshi ---
[INFO] Tests are skipped.
[INFO] 
[INFO] --- animal-sniffer-maven-plugin:1.14:check (default) @ converter-moshi ---
[INFO] Checking unresolved references to org.codehaus.mojo.signature:java16:1.1
[INFO] 
[INFO] --- maven-jar-plugin:2.4:jar (default-jar) @ converter-moshi ---
[INFO] Building jar: /home/travis/build/square/retrofit/retrofit-converters/moshi/target/converter-moshi-2.0.0-SNAPSHOT.jar
[INFO] 
[INFO] --- maven-javadoc-plugin:2.10.3:jar (attach-javadocs) @ converter-moshi ---
[INFO] Skipping javadoc generation
[INFO] 
[INFO] --- maven-checkstyle-plugin:2.15:checkstyle (default) @ converter-moshi ---
[INFO] Starting audit...
Audit done.
[WARNING] Unable to locate Source XRef to link to - DISABLED
[INFO] 
[INFO] --- maven-install-plugin:2.4:install (default-install) @ converter-moshi ---
[INFO] Installing /home/travis/build/square/retrofit/retrofit-converters/moshi/target/converter-moshi-2.0.0-SNAPSHOT.jar to /home/travis/.m2/repository/com/squareup/retrofit2/converter-moshi/2.0.0-SNAPSHOT/converter-moshi-2.0.0-SNAPSHOT.jar
[INFO] Installing /home/travis/build/square/retrofit/retrofit-converters/moshi/pom.xml to /home/travis/.m2/repository/com/squareup/retrofit2/converter-moshi/2.0.0-SNAPSHOT/converter-moshi-2.0.0-SNAPSHOT.pom
[INFO]                                                                         
[INFO] ------------------------------------------------------------------------
[INFO] Building Retrofit Mock Adapter 2.0.0-SNAPSHOT
[INFO] ------------------------------------------------------------------------
[INFO] 
[INFO] --- maven-enforcer-plugin:1.0:enforce (enforce-maven) @ retrofit-mock ---
[INFO] 
[INFO] --- maven-resources-plugin:2.6:resources (default-resources) @ retrofit-mock ---
[INFO] Using 'UTF-8' encoding to copy filtered resources.
[INFO] skip non existing resourceDirectory /home/travis/build/square/retrofit/retrofit-mock/src/main/resources
[INFO] 
[INFO] --- maven-compiler-plugin:3.0:compile (default-compile) @ retrofit-mock ---
[INFO] Changes detected - recompiling the module!
[INFO] Compiling 5 source files to /home/travis/build/square/retrofit/retrofit-mock/target/classes
[INFO] 
[INFO] --- maven-resources-plugin:2.6:testResources (default-testResources) @ retrofit-mock ---
[INFO] Using 'UTF-8' encoding to copy filtered resources.
[INFO] skip non existing resourceDirectory /home/travis/build/square/retrofit/retrofit-mock/src/test/resources
[INFO] 
[INFO] --- maven-compiler-plugin:3.0:testCompile (default-testCompile) @ retrofit-mock ---
[INFO] Changes detected - recompiling the module!
[INFO] Compiling 3 source files to /home/travis/build/square/retrofit/retrofit-mock/target/test-classes
[INFO] 
[INFO] --- maven-surefire-plugin:2.12.4:test (default-test) @ retrofit-mock ---
[INFO] Tests are skipped.
[INFO] 
[INFO] --- animal-sniffer-maven-plugin:1.14:check (default) @ retrofit-mock ---
[INFO] Checking unresolved references to org.codehaus.mojo.signature:java16:1.1
[INFO] 
[INFO] --- maven-jar-plugin:2.4:jar (default-jar) @ retrofit-mock ---
[INFO] Building jar: /home/travis/build/square/retrofit/retrofit-mock/target/retrofit-mock-2.0.0-SNAPSHOT.jar
[INFO] 
[INFO] --- maven-javadoc-plugin:2.10.3:jar (attach-javadocs) @ retrofit-mock ---
[INFO] Skipping javadoc generation
[INFO] 
[INFO] --- maven-checkstyle-plugin:2.15:checkstyle (default) @ retrofit-mock ---
[INFO] Starting audit...
Audit done.
[WARNING] Unable to locate Source XRef to link to - DISABLED
[INFO] 
[INFO] --- maven-install-plugin:2.4:install (default-install) @ retrofit-mock ---
[INFO] Installing /home/travis/build/square/retrofit/retrofit-mock/target/retrofit-mock-2.0.0-SNAPSHOT.jar to /home/travis/.m2/repository/com/squareup/retrofit2/retrofit-mock/2.0.0-SNAPSHOT/retrofit-mock-2.0.0-SNAPSHOT.jar
[INFO] Installing /home/travis/build/square/retrofit/retrofit-mock/pom.xml to /home/travis/.m2/repository/com/squareup/retrofit2/retrofit-mock/2.0.0-SNAPSHOT/retrofit-mock-2.0.0-SNAPSHOT.pom
[INFO]                                                                         
[INFO] ------------------------------------------------------------------------
[INFO] Building Samples 2.0.0-SNAPSHOT
[INFO] ------------------------------------------------------------------------
[INFO] 
[INFO] --- maven-enforcer-plugin:1.0:enforce (enforce-maven) @ samples ---
[INFO] 
[INFO] --- maven-resources-plugin:2.6:resources (default-resources) @ samples ---
[INFO] Using 'UTF-8' encoding to copy filtered resources.
[INFO] skip non existing resourceDirectory /home/travis/build/square/retrofit/samples/src/main/resources
[INFO] 
[INFO] --- maven-compiler-plugin:3.0:compile (default-compile) @ samples ---
[INFO] Changes detected - recompiling the module!
[INFO] Compiling 6 source files to /home/travis/build/square/retrofit/samples/target/classes
[INFO] 
[INFO] --- maven-resources-plugin:2.6:testResources (default-testResources) @ samples ---
[INFO] Using 'UTF-8' encoding to copy filtered resources.
[INFO] skip non existing resourceDirectory /home/travis/build/square/retrofit/samples/src/test/resources
[INFO] 
[INFO] --- maven-compiler-plugin:3.0:testCompile (default-testCompile) @ samples ---
[INFO] No sources to compile
[INFO] 
[INFO] --- maven-surefire-plugin:2.12.4:test (default-test) @ samples ---
[INFO] Tests are skipped.
[INFO] 
[INFO] --- animal-sniffer-maven-plugin:1.14:check (default) @ samples ---
[INFO] Checking unresolved references to org.codehaus.mojo.signature:java16:1.1
[INFO] 
[INFO] --- maven-jar-plugin:2.4:jar (default-jar) @ samples ---
[INFO] Building jar: /home/travis/build/square/retrofit/samples/target/samples-2.0.0-SNAPSHOT.jar
[INFO] 
[INFO] --- maven-javadoc-plugin:2.10.3:jar (attach-javadocs) @ samples ---
[INFO] Skipping javadoc generation
[INFO] 
[INFO] --- maven-checkstyle-plugin:2.15:checkstyle (default) @ samples ---
[INFO] Starting audit...
Audit done.
[WARNING] Unable to locate Source XRef to link to - DISABLED
[INFO] 
[INFO] --- maven-install-plugin:2.4:install (default-install) @ samples ---
[INFO] Installing /home/travis/build/square/retrofit/samples/target/samples-2.0.0-SNAPSHOT.jar to /home/travis/.m2/repository/com/squareup/retrofit2/samples/2.0.0-SNAPSHOT/samples-2.0.0-SNAPSHOT.jar
[INFO] Installing /home/travis/build/square/retrofit/samples/pom.xml to /home/travis/.m2/repository/com/squareup/retrofit2/samples/2.0.0-SNAPSHOT/samples-2.0.0-SNAPSHOT.pom
[INFO] ------------------------------------------------------------------------
[INFO] Reactor Summary:
[INFO] 
[INFO] Retrofit (Parent) .................................. SUCCESS [  7.625 s]
[INFO] Retrofit ........................................... SUCCESS [ 22.405 s]
[INFO] Adapters ........................................... SUCCESS [  0.731 s]
[INFO] Adapter: RxJava .................................... SUCCESS [  2.687 s]
[INFO] Converters ......................................... SUCCESS [  0.473 s]
[INFO] Converter: Gson .................................... SUCCESS [  1.656 s]
[INFO] Converter: Protocol Buffers ........................ SUCCESS [  1.440 s]
[INFO] Converter: Jackson ................................. SUCCESS [  0.972 s]
[INFO] Converter: Wire Protocol Buffers ................... SUCCESS [  1.160 s]
[INFO] Converter: SimpleXML ............................... SUCCESS [  0.993 s]
[INFO] Converter: Java Scalars ............................ SUCCESS [  2.271 s]
[INFO] Converter: Moshi ................................... SUCCESS [  1.335 s]
[INFO] Retrofit Mock Adapter .............................. SUCCESS [  1.330 s]
[INFO] Samples ............................................ SUCCESS [  1.288 s]
[INFO] ------------------------------------------------------------------------
[INFO] BUILD SUCCESS
[INFO] ------------------------------------------------------------------------
[INFO] Total time: 46.843 s
[INFO] Finished at: 2016-01-02T00:55:10+00:00
[INFO] Final Memory: 44M/453M
[INFO] ------------------------------------------------------------------------
travis_time:end:031d6eca:start=1451696061119508415,finish=1451696111568571408,duration=50449062993[0Ktravis_fold:end:install[0Ktravis_time:start:021715da[0K$ mvn test -B
Java HotSpot(TM) 64-Bit Server VM warning: ignoring option MaxPermSize=192m; support was removed in 8.0
[INFO] Scanning for projects...
[WARNING] 
[WARNING] Some problems were encountered while building the effective model for com.squareup.retrofit2:samples:jar:2.0.0-SNAPSHOT
[WARNING] 'build.plugins.plugin.version' for org.apache.maven.plugins:maven-deploy-plugin is missing. @ com.squareup.retrofit2:samples:[unknown-version], /home/travis/build/square/retrofit/samples/pom.xml, line 45, column 15
[WARNING] 
[WARNING] It is highly recommended to fix these problems because they threaten the stability of your build.
[WARNING] 
[WARNING] For this reason, future Maven versions might no longer support building such malformed projects.
[WARNING] 
[INFO] ------------------------------------------------------------------------
[INFO] Reactor Build Order:
[INFO] 
[INFO] Retrofit (Parent)
[INFO] Retrofit
[INFO] Adapters
[INFO] Adapter: RxJava
[INFO] Converters
[INFO] Converter: Gson
[INFO] Converter: Protocol Buffers
[INFO] Converter: Jackson
[INFO] Converter: Wire Protocol Buffers
[INFO] Converter: SimpleXML
[INFO] Converter: Java Scalars
[INFO] Converter: Moshi
[INFO] Retrofit Mock Adapter
[INFO] Samples
[INFO]                                                                         
[INFO] ------------------------------------------------------------------------
[INFO] Building Retrofit (Parent) 2.0.0-SNAPSHOT
[INFO] ------------------------------------------------------------------------
[INFO] 
[INFO] --- maven-enforcer-plugin:1.0:enforce (enforce-maven) @ parent ---
[INFO] 
[INFO] --- animal-sniffer-maven-plugin:1.14:check (default) @ parent ---
[INFO] Checking unresolved references to org.codehaus.mojo.signature:java16:1.1
[INFO]                                                                         
[INFO] ------------------------------------------------------------------------
[INFO] Building Retrofit 2.0.0-SNAPSHOT
[INFO] ------------------------------------------------------------------------
[INFO] Downloading: https://nexus.codehaus.org/snapshots/com/squareup/okhttp3/okhttp/3.0.0-SNAPSHOT/maven-metadata.xml
[INFO] Downloading: https://repository.apache.org/snapshots/com/squareup/okhttp3/okhttp/3.0.0-SNAPSHOT/maven-metadata.xml
[WARNING] Could not transfer metadata com.squareup.okhttp3:okhttp:3.0.0-SNAPSHOT/maven-metadata.xml from/to codehaus-snapshots (https://nexus.codehaus.org/snapshots/): nexus.codehaus.org: unknown error
[WARNING] Failure to transfer com.squareup.okhttp3:okhttp:3.0.0-SNAPSHOT/maven-metadata.xml from https://nexus.codehaus.org/snapshots/ was cached in the local repository, resolution will not be reattempted until the update interval of codehaus-snapshots has elapsed or updates are forced. Original error: Could not transfer metadata com.squareup.okhttp3:okhttp:3.0.0-SNAPSHOT/maven-metadata.xml from/to codehaus-snapshots (https://nexus.codehaus.org/snapshots/): nexus.codehaus.org: unknown error
[INFO] Downloading: https://repository.apache.org/snapshots/com/squareup/okhttp3/parent/3.0.0-SNAPSHOT/maven-metadata.xml
[INFO] Downloading: https://nexus.codehaus.org/snapshots/com/squareup/okhttp3/parent/3.0.0-SNAPSHOT/maven-metadata.xml
[WARNING] Could not transfer metadata com.squareup.okhttp3:parent:3.0.0-SNAPSHOT/maven-metadata.xml from/to codehaus-snapshots (https://nexus.codehaus.org/snapshots/): nexus.codehaus.org
[INFO] Downloading: https://repository.apache.org/snapshots/com/squareup/okhttp3/mockwebserver/3.0.0-SNAPSHOT/maven-metadata.xml
[INFO] Downloading: https://nexus.codehaus.org/snapshots/com/squareup/okhttp3/mockwebserver/3.0.0-SNAPSHOT/maven-metadata.xml
[WARNING] Could not transfer metadata com.squareup.okhttp3:mockwebserver:3.0.0-SNAPSHOT/maven-metadata.xml from/to codehaus-snapshots (https://nexus.codehaus.org/snapshots/): nexus.codehaus.org
[WARNING] Failure to transfer com.squareup.okhttp3:mockwebserver:3.0.0-SNAPSHOT/maven-metadata.xml from https://nexus.codehaus.org/snapshots/ was cached in the local repository, resolution will not be reattempted until the update interval of codehaus-snapshots has elapsed or updates are forced. Original error: Could not transfer metadata com.squareup.okhttp3:mockwebserver:3.0.0-SNAPSHOT/maven-metadata.xml from/to codehaus-snapshots (https://nexus.codehaus.org/snapshots/): nexus.codehaus.org
[INFO] Downloading: https://repository.apache.org/snapshots/com/squareup/okhttp3/okhttp-ws/3.0.0-SNAPSHOT/maven-metadata.xml
[INFO] Downloading: https://nexus.codehaus.org/snapshots/com/squareup/okhttp3/okhttp-ws/3.0.0-SNAPSHOT/maven-metadata.xml
[WARNING] Could not transfer metadata com.squareup.okhttp3:okhttp-ws:3.0.0-SNAPSHOT/maven-metadata.xml from/to codehaus-snapshots (https://nexus.codehaus.org/snapshots/): nexus.codehaus.org
[WARNING] Failure to transfer com.squareup.okhttp3:okhttp-ws:3.0.0-SNAPSHOT/maven-metadata.xml from https://nexus.codehaus.org/snapshots/ was cached in the local repository, resolution will not be reattempted until the update interval of codehaus-snapshots has elapsed or updates are forced. Original error: Could not transfer metadata com.squareup.okhttp3:okhttp-ws:3.0.0-SNAPSHOT/maven-metadata.xml from/to codehaus-snapshots (https://nexus.codehaus.org/snapshots/): nexus.codehaus.org
[INFO] 
[INFO] --- maven-enforcer-plugin:1.0:enforce (enforce-maven) @ retrofit ---
[INFO] 
[INFO] --- maven-resources-plugin:2.6:resources (default-resources) @ retrofit ---
[INFO] Using 'UTF-8' encoding to copy filtered resources.
[INFO] skip non existing resourceDirectory /home/travis/build/square/retrofit/retrofit/src/main/resources
[INFO] 
[INFO] --- maven-compiler-plugin:3.0:compile (default-compile) @ retrofit ---
[INFO] Changes detected - recompiling the module!
[INFO] Compiling 42 source files to /home/travis/build/square/retrofit/retrofit/target/classes
[WARNING] /home/travis/build/square/retrofit/retrofit/src/main/java/retrofit2/Retrofit.java: Some input files use unchecked or unsafe operations.
[WARNING] /home/travis/build/square/retrofit/retrofit/src/main/java/retrofit2/Retrofit.java: Recompile with -Xlint:unchecked for details.
[INFO] 
[INFO] --- maven-resources-plugin:2.6:testResources (default-testResources) @ retrofit ---
[INFO] Using 'UTF-8' encoding to copy filtered resources.
[INFO] skip non existing resourceDirectory /home/travis/build/square/retrofit/retrofit/src/test/resources
[INFO] 
[INFO] --- maven-compiler-plugin:3.0:testCompile (default-testCompile) @ retrofit ---
[INFO] Changes detected - recompiling the module!
[INFO] Compiling 8 source files to /home/travis/build/square/retrofit/retrofit/target/test-classes
[WARNING] /home/travis/build/square/retrofit/retrofit/src/test/java/retrofit2/RetrofitTest.java: /home/travis/build/square/retrofit/retrofit/src/test/java/retrofit2/RetrofitTest.java uses unchecked or unsafe operations.
[WARNING] /home/travis/build/square/retrofit/retrofit/src/test/java/retrofit2/RetrofitTest.java: Recompile with -Xlint:unchecked for details.
[INFO] 
[INFO] --- maven-surefire-plugin:2.12.4:test (default-test) @ retrofit ---
[INFO] Surefire report directory: /home/travis/build/square/retrofit/retrofit/target/surefire-reports

-------------------------------------------------------
 T E S T S
-------------------------------------------------------
Running retrofit2.CallTest
Jan 02, 2016 12:55:30 AM okhttp3.mockwebserver.MockWebServer$3 execute
INFO: MockWebServer[54632] starting to accept connections
Jan 02, 2016 12:55:30 AM okhttp3.mockwebserver.MockWebServer$3 acceptConnections
INFO: MockWebServer[54632] done accepting connections: Socket closed
Jan 02, 2016 12:55:30 AM okhttp3.mockwebserver.MockWebServer$3 execute
INFO: MockWebServer[57677] starting to accept connections
Jan 02, 2016 12:55:30 AM okhttp3.mockwebserver.MockWebServer$4 processOneRequest
INFO: MockWebServer[57677] received request: GET / HTTP/1.1 and responded: HTTP/1.1 200 OK
Jan 02, 2016 12:55:30 AM okhttp3.mockwebserver.MockWebServer$3 acceptConnections
INFO: MockWebServer[57677] done accepting connections: Socket closed
Jan 02, 2016 12:55:30 AM okhttp3.mockwebserver.MockWebServer$3 execute
INFO: MockWebServer[45084] starting to accept connections
Jan 02, 2016 12:55:30 AM okhttp3.mockwebserver.MockWebServer$3 acceptConnections
INFO: MockWebServer[45084] done accepting connections: Socket closed
Jan 02, 2016 12:55:30 AM okhttp3.mockwebserver.MockWebServer$4 processOneRequest
INFO: MockWebServer[45084] received request: GET / HTTP/1.1 and responded: HTTP/1.1 404 OK
Jan 02, 2016 12:55:30 AM okhttp3.mockwebserver.MockWebServer$3 execute
INFO: MockWebServer[37822] starting to accept connections
Jan 02, 2016 12:55:30 AM okhttp3.mockwebserver.MockWebServer$3 acceptConnections
INFO: MockWebServer[37822] done accepting connections: Socket closed
Jan 02, 2016 12:55:30 AM okhttp3.mockwebserver.MockWebServer$3 execute
INFO: MockWebServer[58163] starting to accept connections
Jan 02, 2016 12:55:30 AM okhttp3.mockwebserver.MockWebServer$3 acceptConnections
INFO: MockWebServer[58163] done accepting connections: Socket closed
Jan 02, 2016 12:55:30 AM okhttp3.mockwebserver.MockWebServer$3 execute
INFO: MockWebServer[43134] starting to accept connections
Jan 02, 2016 12:55:30 AM okhttp3.mockwebserver.MockWebServer$3 acceptConnections
INFO: MockWebServer[43134] done accepting connections: Socket closed
Jan 02, 2016 12:55:30 AM okhttp3.mockwebserver.MockWebServer$4 processOneRequest
INFO: MockWebServer[43134] received request: GET / HTTP/1.1 and responded: HTTP/1.1 200 OK
Jan 02, 2016 12:55:30 AM okhttp3.mockwebserver.MockWebServer$3 execute
INFO: MockWebServer[44635] starting to accept connections
Jan 02, 2016 12:55:30 AM okhttp3.mockwebserver.MockWebServer$3 acceptConnections
INFO: MockWebServer[44635] done accepting connections: Socket closed
Jan 02, 2016 12:55:30 AM okhttp3.mockwebserver.MockWebServer$4 processOneRequest
INFO: MockWebServer[44635] received request: GET / HTTP/1.1 and responded: HTTP/1.1 200 OK
Jan 02, 2016 12:55:30 AM okhttp3.mockwebserver.MockWebServer$3 execute
INFO: MockWebServer[52836] starting to accept connections
Jan 02, 2016 12:55:30 AM okhttp3.mockwebserver.MockWebServer$3 acceptConnections
INFO: MockWebServer[52836] done accepting connections: Socket closed
Jan 02, 2016 12:55:30 AM okhttp3.mockwebserver.MockWebServer$3 execute
INFO: MockWebServer[44968] starting to accept connections
Jan 02, 2016 12:55:30 AM okhttp3.mockwebserver.MockWebServer$4 processOneRequest
INFO: MockWebServer[44968] received request: GET / HTTP/1.1 and responded: HTTP/1.1 404 OK
Jan 02, 2016 12:55:30 AM okhttp3.mockwebserver.MockWebServer$3 acceptConnections
INFO: MockWebServer[44968] done accepting connections: Socket closed
Jan 02, 2016 12:55:30 AM okhttp3.mockwebserver.MockWebServer$3 execute
INFO: MockWebServer[51497] starting to accept connections
Jan 02, 2016 12:55:30 AM okhttp3.mockwebserver.MockWebServer$3 acceptConnections
INFO: MockWebServer[51497] done accepting connections: Socket closed
Jan 02, 2016 12:55:30 AM okhttp3.mockwebserver.MockWebServer$4 processOneRequest
INFO: MockWebServer[51497] received request: POST / HTTP/1.1 and responded: HTTP/1.1 200 OK
Jan 02, 2016 12:55:30 AM okhttp3.mockwebserver.MockWebServer$3 execute
INFO: MockWebServer[38522] starting to accept connections
Jan 02, 2016 12:55:30 AM okhttp3.mockwebserver.MockWebServer$3 acceptConnections
INFO: MockWebServer[38522] done accepting connections: Socket closed
Jan 02, 2016 12:55:30 AM okhttp3.mockwebserver.MockWebServer$4 processOneRequest
INFO: MockWebServer[38522] received request: GET / HTTP/1.1 and responded: HTTP/1.1 204 Nothin
Jan 02, 2016 12:55:30 AM okhttp3.mockwebserver.MockWebServer$3 execute
INFO: MockWebServer[36154] starting to accept connections
Jan 02, 2016 12:55:30 AM okhttp3.mockwebserver.MockWebServer$3 acceptConnections
INFO: MockWebServer[36154] done accepting connections: Socket is closed
Jan 02, 2016 12:55:30 AM okhttp3.mockwebserver.MockWebServer$3 execute
INFO: MockWebServer[55461] starting to accept connections
Jan 02, 2016 12:55:30 AM okhttp3.mockwebserver.MockWebServer$3 acceptConnections
INFO: MockWebServer[55461] done accepting connections: Socket closed
Jan 02, 2016 12:55:30 AM okhttp3.mockwebserver.MockWebServer$4 processOneRequest
INFO: MockWebServer[55461] received request: GET / HTTP/1.1 and responded: HTTP/1.1 200 OK
Jan 02, 2016 12:55:30 AM okhttp3.mockwebserver.MockWebServer$3 execute
INFO: MockWebServer[41052] starting to accept connections
Jan 02, 2016 12:55:30 AM okhttp3.mockwebserver.MockWebServer$4 processOneRequest
INFO: MockWebServer[41052] received request: POST / HTTP/1.1 and responded: HTTP/1.1 200 OK
Jan 02, 2016 12:55:30 AM okhttp3.mockwebserver.MockWebServer$3 acceptConnections
INFO: MockWebServer[41052] done accepting connections: Socket closed
Jan 02, 2016 12:55:31 AM okhttp3.mockwebserver.MockWebServer$3 execute
INFO: MockWebServer[57379] starting to accept connections
Jan 02, 2016 12:55:31 AM okhttp3.mockwebserver.MockWebServer$3 acceptConnections
INFO: MockWebServer[57379] done accepting connections: Socket is closed
Jan 02, 2016 12:55:31 AM okhttp3.mockwebserver.MockWebServer$3 execute
INFO: MockWebServer[49803] starting to accept connections
Jan 02, 2016 12:55:31 AM okhttp3.mockwebserver.MockWebServer$3 acceptConnections
INFO: MockWebServer[49803] done accepting connections: Socket closed
Jan 02, 2016 12:55:31 AM okhttp3.mockwebserver.MockWebServer$4 processOneRequest
INFO: MockWebServer[49803] received request: GET / HTTP/1.1 and responded: HTTP/1.1 200 OK
Jan 02, 2016 12:55:31 AM okhttp3.mockwebserver.MockWebServer$3 execute
INFO: MockWebServer[48905] starting to accept connections
Jan 02, 2016 12:55:31 AM okhttp3.mockwebserver.MockWebServer$3 acceptConnections
INFO: MockWebServer[48905] done accepting connections: Socket closed
Jan 02, 2016 12:55:31 AM okhttp3.mockwebserver.MockWebServer$4 processOneRequest
INFO: MockWebServer[48905] received request: GET / HTTP/1.1 and responded: HTTP/1.1 200 OK
Jan 02, 2016 12:55:31 AM okhttp3.mockwebserver.MockWebServer$3 execute
INFO: MockWebServer[39307] starting to accept connections
Jan 02, 2016 12:55:31 AM okhttp3.mockwebserver.MockWebServer$3 acceptConnections
INFO: MockWebServer[39307] done accepting connections: Socket closed
Jan 02, 2016 12:55:31 AM okhttp3.mockwebserver.MockWebServer$4 processOneRequest
INFO: MockWebServer[39307] received request: GET / HTTP/1.1 and responded: HTTP/1.1 205 Nothin
Jan 02, 2016 12:55:31 AM okhttp3.mockwebserver.MockWebServer$3 execute
INFO: MockWebServer[44010] starting to accept connections
Jan 02, 2016 12:55:31 AM okhttp3.mockwebserver.MockWebServer$4 processOneRequest
INFO: MockWebServer[44010] received request: GET / HTTP/1.1 and responded: HTTP/1.1 200 OK
Jan 02, 2016 12:55:31 AM okhttp3.mockwebserver.MockWebServer$4 processOneRequest
INFO: MockWebServer[44010] received request: GET / HTTP/1.1 and responded: HTTP/1.1 200 OK
Jan 02, 2016 12:55:31 AM okhttp3.mockwebserver.MockWebServer$3 acceptConnections
INFO: MockWebServer[44010] done accepting connections: Socket closed
Jan 02, 2016 12:55:31 AM okhttp3.mockwebserver.MockWebServer$3 execute
INFO: MockWebServer[52787] starting to accept connections
Jan 02, 2016 12:55:31 AM okhttp3.mockwebserver.MockWebServer$3 acceptConnections
INFO: MockWebServer[52787] done accepting connections: Socket closed
Jan 02, 2016 12:55:31 AM okhttp3.mockwebserver.MockWebServer$4 processOneRequest
INFO: MockWebServer[52787] received request: GET / HTTP/1.1 and responded: HTTP/1.1 200 OK
Jan 02, 2016 12:55:31 AM okhttp3.mockwebserver.MockWebServer$3 execute
INFO: MockWebServer[36253] starting to accept connections
Jan 02, 2016 12:55:31 AM okhttp3.mockwebserver.MockWebServer$3 acceptConnections
INFO: MockWebServer[36253] done accepting connections: Socket is closed
Jan 02, 2016 12:55:31 AM okhttp3.mockwebserver.MockWebServer$3 execute
INFO: MockWebServer[54248] starting to accept connections
Jan 02, 2016 12:55:31 AM okhttp3.mockwebserver.MockWebServer$3 acceptConnections
INFO: MockWebServer[54248] done accepting connections: Socket closed
Jan 02, 2016 12:55:31 AM okhttp3.mockwebserver.MockWebServer$3 execute
INFO: MockWebServer[38035] starting to accept connections
Jan 02, 2016 12:55:31 AM okhttp3.mockwebserver.MockWebServer$3 acceptConnections
INFO: MockWebServer[38035] done accepting connections: Socket closed
Jan 02, 2016 12:55:31 AM okhttp3.mockwebserver.MockWebServer$3 execute
INFO: MockWebServer[44344] starting to accept connections
Jan 02, 2016 12:55:31 AM okhttp3.mockwebserver.MockWebServer$3 acceptConnections
INFO: MockWebServer[44344] done accepting connections: Socket closed
Jan 02, 2016 12:55:31 AM okhttp3.mockwebserver.MockWebServer$4 processOneRequest
INFO: MockWebServer[44344] received request: GET / HTTP/1.1 and responded: HTTP/1.1 200 OK
Jan 02, 2016 12:55:31 AM okhttp3.mockwebserver.MockWebServer$3 execute
INFO: MockWebServer[37190] starting to accept connections
Jan 02, 2016 12:55:31 AM okhttp3.mockwebserver.MockWebServer$3 acceptConnections
INFO: MockWebServer[37190] done accepting connections: Socket closed
Jan 02, 2016 12:55:31 AM okhttp3.mockwebserver.MockWebServer$4 processOneRequest
INFO: MockWebServer[37190] received request: GET / HTTP/1.1 and responded: HTTP/1.1 200 OK
Jan 02, 2016 12:55:31 AM okhttp3.mockwebserver.MockWebServer$3 execute
INFO: MockWebServer[35407] starting to accept connections
Jan 02, 2016 12:55:31 AM okhttp3.mockwebserver.MockWebServer$3 acceptConnections
INFO: MockWebServer[35407] done accepting connections: Socket closed
Jan 02, 2016 12:55:31 AM okhttp3.mockwebserver.MockWebServer$4 processOneRequest
INFO: MockWebServer[35407] received request: GET / HTTP/1.1 and responded: HTTP/1.1 200 OK
Tests run: 26, Failures: 0, Errors: 1, Skipped: 0, Time elapsed: 1.004 sec <<< FAILURE!
conversionProblemIncomingMaskedByConverterIsUnwrapped(retrofit2.CallTest)  Time elapsed: 0.009 sec  <<< ERROR!
java.lang.UnsupportedOperationException
	at java.util.Collections$UnmodifiableCollection.add(Collections.java:1055)
	at retrofit2.CallTest.conversionProblemIncomingMaskedByConverterIsUnwrapped(CallTest.java:281)
	at sun.reflect.NativeMethodAccessorImpl.invoke0(Native Method)
	at sun.reflect.NativeMethodAccessorImpl.invoke(NativeMethodAccessorImpl.java:62)
	at sun.reflect.DelegatingMethodAccessorImpl.invoke(DelegatingMethodAccessorImpl.java:43)
	at java.lang.reflect.Method.invoke(Method.java:483)
	at org.junit.runners.model.FrameworkMethod$1.runReflectiveCall(FrameworkMethod.java:50)
	at org.junit.internal.runners.model.ReflectiveCallable.run(ReflectiveCallable.java:12)
	at org.junit.runners.model.FrameworkMethod.invokeExplosively(FrameworkMethod.java:47)
	at org.junit.internal.runners.statements.InvokeMethod.evaluate(InvokeMethod.java:17)
	at okhttp3.mockwebserver.MockWebServer$2.evaluate(MockWebServer.java:154)
	at org.junit.rules.RunRules.evaluate(RunRules.java:20)
	at org.junit.runners.ParentRunner.runLeaf(ParentRunner.java:325)
	at org.junit.runners.BlockJUnit4ClassRunner.runChild(BlockJUnit4ClassRunner.java:78)
	at org.junit.runners.BlockJUnit4ClassRunner.runChild(BlockJUnit4ClassRunner.java:57)
	at org.junit.runners.ParentRunner$3.run(ParentRunner.java:290)
	at org.junit.runners.ParentRunner$1.schedule(ParentRunner.java:71)
	at org.junit.runners.ParentRunner.runChildren(ParentRunner.java:288)
	at org.junit.runners.ParentRunner.access$000(ParentRunner.java:58)
	at org.junit.runners.ParentRunner$2.evaluate(ParentRunner.java:268)
	at org.junit.runners.ParentRunner.run(ParentRunner.java:363)
	at org.apache.maven.surefire.junit4.JUnit4Provider.execute(JUnit4Provider.java:252)
	at org.apache.maven.surefire.junit4.JUnit4Provider.executeTestSet(JUnit4Provider.java:141)
	at org.apache.maven.surefire.junit4.JUnit4Provider.invoke(JUnit4Provider.java:112)
	at sun.reflect.NativeMethodAccessorImpl.invoke0(Native Method)
	at sun.reflect.NativeMethodAccessorImpl.invoke(NativeMethodAccessorImpl.java:62)
	at sun.reflect.DelegatingMethodAccessorImpl.invoke(DelegatingMethodAccessorImpl.java:43)
	at java.lang.reflect.Method.invoke(Method.java:483)
	at org.apache.maven.surefire.util.ReflectionUtils.invokeMethodWithArray(ReflectionUtils.java:189)
	at org.apache.maven.surefire.booter.ProviderFactory$ProviderProxy.invoke(ProviderFactory.java:165)
	at org.apache.maven.surefire.booter.ProviderFactory.invokeProvider(ProviderFactory.java:85)
	at org.apache.maven.surefire.booter.ForkedBooter.runSuitesInProcess(ForkedBooter.java:115)
	at org.apache.maven.surefire.booter.ForkedBooter.main(ForkedBooter.java:75)

Running retrofit2.RequestBuilderTest
Tests run: 101, Failures: 0, Errors: 0, Skipped: 2, Time elapsed: 0.259 sec
Running retrofit2.ExecutorCallAdapterFactoryTest
Tests run: 7, Failures: 0, Errors: 0, Skipped: 0, Time elapsed: 0.153 sec
Running retrofit2.ResponseTest
Tests run: 12, Failures: 0, Errors: 0, Skipped: 0, Time elapsed: 0.009 sec
Running retrofit2.RequestFactoryParserTest
Tests run: 1, Failures: 0, Errors: 0, Skipped: 0, Time elapsed: 0.002 sec
Running retrofit2.RetrofitTest
Jan 02, 2016 12:55:31 AM okhttp3.mockwebserver.MockWebServer$3 execute
INFO: MockWebServer[40679] starting to accept connections
Jan 02, 2016 12:55:31 AM okhttp3.mockwebserver.MockWebServer$3 acceptConnections
INFO: MockWebServer[40679] done accepting connections: Socket closed
Jan 02, 2016 12:55:31 AM okhttp3.mockwebserver.MockWebServer$3 execute
INFO: MockWebServer[33412] starting to accept connections
Jan 02, 2016 12:55:31 AM okhttp3.mockwebserver.MockWebServer$3 acceptConnections
INFO: MockWebServer[33412] done accepting connections: Socket is closed
Jan 02, 2016 12:55:31 AM okhttp3.mockwebserver.MockWebServer$3 execute
INFO: MockWebServer[59719] starting to accept connections
Jan 02, 2016 12:55:31 AM okhttp3.mockwebserver.MockWebServer$3 acceptConnections
INFO: MockWebServer[59719] done accepting connections: Socket is closed
Jan 02, 2016 12:55:31 AM okhttp3.mockwebserver.MockWebServer$3 execute
INFO: MockWebServer[52486] starting to accept connections
Jan 02, 2016 12:55:31 AM okhttp3.mockwebserver.MockWebServer$3 acceptConnections
INFO: MockWebServer[52486] done accepting connections: Socket is closed
Jan 02, 2016 12:55:31 AM okhttp3.mockwebserver.MockWebServer$3 execute
INFO: MockWebServer[59713] starting to accept connections
Jan 02, 2016 12:55:31 AM okhttp3.mockwebserver.MockWebServer$3 acceptConnections
INFO: MockWebServer[59713] done accepting connections: Socket closed
Jan 02, 2016 12:55:31 AM okhttp3.mockwebserver.MockWebServer$4 processOneRequest
INFO: MockWebServer[59713] received request: GET / HTTP/1.1 and responded: HTTP/1.1 200 OK
Jan 02, 2016 12:55:31 AM okhttp3.mockwebserver.MockWebServer$3 execute
INFO: MockWebServer[36549] starting to accept connections
Jan 02, 2016 12:55:31 AM okhttp3.mockwebserver.MockWebServer$3 acceptConnections
INFO: MockWebServer[36549] done accepting connections: Socket is closed
Jan 02, 2016 12:55:31 AM okhttp3.mockwebserver.MockWebServer$3 execute
INFO: MockWebServer[35207] starting to accept connections
Jan 02, 2016 12:55:31 AM okhttp3.mockwebserver.MockWebServer$3 acceptConnections
INFO: MockWebServer[35207] done accepting connections: Socket is closed
Jan 02, 2016 12:55:31 AM okhttp3.mockwebserver.MockWebServer$3 execute
INFO: MockWebServer[57066] starting to accept connections
Jan 02, 2016 12:55:31 AM okhttp3.mockwebserver.MockWebServer$3 acceptConnections
INFO: MockWebServer[57066] done accepting connections: Socket is closed
Jan 02, 2016 12:55:31 AM okhttp3.mockwebserver.MockWebServer$3 execute
INFO: MockWebServer[47796] starting to accept connections
Jan 02, 2016 12:55:31 AM okhttp3.mockwebserver.MockWebServer$3 acceptConnections
INFO: MockWebServer[47796] done accepting connections: Socket is closed
Jan 02, 2016 12:55:31 AM okhttp3.mockwebserver.MockWebServer$3 execute
INFO: MockWebServer[38427] starting to accept connections
Jan 02, 2016 12:55:31 AM okhttp3.mockwebserver.MockWebServer$3 acceptConnections
INFO: MockWebServer[38427] done accepting connections: Socket is closed
Jan 02, 2016 12:55:31 AM okhttp3.mockwebserver.MockWebServer$3 execute
INFO: MockWebServer[59346] starting to accept connections
Jan 02, 2016 12:55:31 AM okhttp3.mockwebserver.MockWebServer$3 acceptConnections
INFO: MockWebServer[59346] done accepting connections: Socket is closed
Jan 02, 2016 12:55:31 AM okhttp3.mockwebserver.MockWebServer$3 execute
INFO: MockWebServer[48139] starting to accept connections
Jan 02, 2016 12:55:31 AM okhttp3.mockwebserver.MockWebServer$3 acceptConnections
INFO: MockWebServer[48139] done accepting connections: Socket closed
Jan 02, 2016 12:55:31 AM okhttp3.mockwebserver.MockWebServer$3 execute
INFO: MockWebServer[44538] starting to accept connections
Jan 02, 2016 12:55:31 AM okhttp3.mockwebserver.MockWebServer$3 acceptConnections
INFO: MockWebServer[44538] done accepting connections: Socket closed
Jan 02, 2016 12:55:31 AM okhttp3.mockwebserver.MockWebServer$3 execute
INFO: MockWebServer[46210] starting to accept connections
Jan 02, 2016 12:55:31 AM okhttp3.mockwebserver.MockWebServer$3 acceptConnections
INFO: MockWebServer[46210] done accepting connections: Socket closed
Jan 02, 2016 12:55:31 AM okhttp3.mockwebserver.MockWebServer$4 processOneRequest
INFO: MockWebServer[46210] received request: GET / HTTP/1.1 and responded: HTTP/1.1 200 OK
Jan 02, 2016 12:55:31 AM okhttp3.mockwebserver.MockWebServer$3 execute
INFO: MockWebServer[57584] starting to accept connections
Jan 02, 2016 12:55:31 AM okhttp3.mockwebserver.MockWebServer$3 acceptConnections
INFO: MockWebServer[57584] done accepting connections: Socket is closed
Jan 02, 2016 12:55:31 AM okhttp3.mockwebserver.MockWebServer$3 execute
INFO: MockWebServer[33546] starting to accept connections
Jan 02, 2016 12:55:31 AM okhttp3.mockwebserver.MockWebServer$3 acceptConnections
INFO: MockWebServer[33546] done accepting connections: Socket closed
Jan 02, 2016 12:55:31 AM okhttp3.mockwebserver.MockWebServer$3 execute
INFO: MockWebServer[60839] starting to accept connections
Jan 02, 2016 12:55:32 AM okhttp3.mockwebserver.MockWebServer$3 acceptConnections
INFO: MockWebServer[60839] done accepting connections: Socket closed
Jan 02, 2016 12:55:32 AM okhttp3.mockwebserver.MockWebServer$4 processOneRequest
INFO: MockWebServer[60839] received request: GET / HTTP/1.1 and responded: HTTP/1.1 200 OK
Jan 02, 2016 12:55:32 AM okhttp3.mockwebserver.MockWebServer$3 execute
INFO: MockWebServer[49644] starting to accept connections
Jan 02, 2016 12:55:32 AM okhttp3.mockwebserver.MockWebServer$3 acceptConnections
INFO: MockWebServer[49644] done accepting connections: Socket is closed
Jan 02, 2016 12:55:32 AM okhttp3.mockwebserver.MockWebServer$3 execute
INFO: MockWebServer[56027] starting to accept connections
Jan 02, 2016 12:55:32 AM okhttp3.mockwebserver.MockWebServer$3 acceptConnections
INFO: MockWebServer[56027] done accepting connections: Socket closed
Jan 02, 2016 12:55:32 AM okhttp3.mockwebserver.MockWebServer$4 processOneRequest
INFO: MockWebServer[56027] received request: POST / HTTP/1.1 and responded: HTTP/1.1 200 OK
Jan 02, 2016 12:55:32 AM okhttp3.mockwebserver.MockWebServer$3 execute
INFO: MockWebServer[41535] starting to accept connections
Jan 02, 2016 12:55:32 AM okhttp3.mockwebserver.MockWebServer$3 acceptConnections
INFO: MockWebServer[41535] done accepting connections: Socket is closed
Jan 02, 2016 12:55:32 AM okhttp3.mockwebserver.MockWebServer$3 execute
INFO: MockWebServer[46731] starting to accept connections
Jan 02, 2016 12:55:32 AM okhttp3.mockwebserver.MockWebServer$3 acceptConnections
INFO: MockWebServer[46731] done accepting connections: Socket is closed
Jan 02, 2016 12:55:32 AM okhttp3.mockwebserver.MockWebServer$3 execute
INFO: MockWebServer[57770] starting to accept connections
Jan 02, 2016 12:55:32 AM okhttp3.mockwebserver.MockWebServer$3 acceptConnections
INFO: MockWebServer[57770] done accepting connections: Socket is closed
Jan 02, 2016 12:55:32 AM okhttp3.mockwebserver.MockWebServer$3 execute
INFO: MockWebServer[53499] starting to accept connections
Jan 02, 2016 12:55:32 AM okhttp3.mockwebserver.MockWebServer$3 acceptConnections
INFO: MockWebServer[53499] done accepting connections: Socket is closed
Jan 02, 2016 12:55:32 AM okhttp3.mockwebserver.MockWebServer$3 execute
INFO: MockWebServer[37412] starting to accept connections
Jan 02, 2016 12:55:32 AM okhttp3.mockwebserver.MockWebServer$3 acceptConnections
INFO: MockWebServer[37412] done accepting connections: Socket is closed
Jan 02, 2016 12:55:32 AM okhttp3.mockwebserver.MockWebServer$3 execute
INFO: MockWebServer[45941] starting to accept connections
Jan 02, 2016 12:55:32 AM okhttp3.mockwebserver.MockWebServer$3 acceptConnections
INFO: MockWebServer[45941] done accepting connections: Socket closed
Jan 02, 2016 12:55:32 AM okhttp3.mockwebserver.MockWebServer$3 execute
INFO: MockWebServer[41854] starting to accept connections
Jan 02, 2016 12:55:32 AM okhttp3.mockwebserver.MockWebServer$3 acceptConnections
INFO: MockWebServer[41854] done accepting connections: Socket closed
Jan 02, 2016 12:55:32 AM okhttp3.mockwebserver.MockWebServer$4 processOneRequest
INFO: MockWebServer[41854] received request: GET / HTTP/1.1 and responded: HTTP/1.1 200 OK
Jan 02, 2016 12:55:32 AM okhttp3.mockwebserver.MockWebServer$3 execute
INFO: MockWebServer[57598] starting to accept connections
Jan 02, 2016 12:55:32 AM okhttp3.mockwebserver.MockWebServer$3 acceptConnections
INFO: MockWebServer[57598] done accepting connections: Socket closed
Jan 02, 2016 12:55:32 AM okhttp3.mockwebserver.MockWebServer$3 execute
INFO: MockWebServer[44887] starting to accept connections
Jan 02, 2016 12:55:32 AM okhttp3.mockwebserver.MockWebServer$3 acceptConnections
INFO: MockWebServer[44887] done accepting connections: Socket is closed
Jan 02, 2016 12:55:32 AM okhttp3.mockwebserver.MockWebServer$3 execute
INFO: MockWebServer[41950] starting to accept connections
Jan 02, 2016 12:55:32 AM okhttp3.mockwebserver.MockWebServer$3 acceptConnections
INFO: MockWebServer[41950] done accepting connections: Socket is closed
Jan 02, 2016 12:55:32 AM okhttp3.mockwebserver.MockWebServer$3 execute
INFO: MockWebServer[44879] starting to accept connections
Jan 02, 2016 12:55:32 AM okhttp3.mockwebserver.MockWebServer$3 acceptConnections
INFO: MockWebServer[44879] done accepting connections: Socket closed
Jan 02, 2016 12:55:32 AM okhttp3.mockwebserver.MockWebServer$3 execute
INFO: MockWebServer[57838] starting to accept connections
Jan 02, 2016 12:55:32 AM okhttp3.mockwebserver.MockWebServer$3 acceptConnections
INFO: MockWebServer[57838] done accepting connections: Socket closed
Jan 02, 2016 12:55:32 AM okhttp3.mockwebserver.MockWebServer$3 execute
INFO: MockWebServer[54285] starting to accept connections
Jan 02, 2016 12:55:32 AM okhttp3.mockwebserver.MockWebServer$3 acceptConnections
INFO: MockWebServer[54285] done accepting connections: Socket closed
Jan 02, 2016 12:55:32 AM okhttp3.mockwebserver.MockWebServer$3 execute
INFO: MockWebServer[37493] starting to accept connections
Jan 02, 2016 12:55:32 AM okhttp3.mockwebserver.MockWebServer$3 acceptConnections
INFO: MockWebServer[37493] done accepting connections: Socket closed
Jan 02, 2016 12:55:32 AM okhttp3.mockwebserver.MockWebServer$3 execute
INFO: MockWebServer[57394] starting to accept connections
Jan 02, 2016 12:55:32 AM okhttp3.mockwebserver.MockWebServer$3 acceptConnections
INFO: MockWebServer[57394] done accepting connections: Socket is closed
Jan 02, 2016 12:55:32 AM okhttp3.mockwebserver.MockWebServer$3 execute
INFO: MockWebServer[59117] starting to accept connections
Jan 02, 2016 12:55:32 AM okhttp3.mockwebserver.MockWebServer$3 acceptConnections
INFO: MockWebServer[59117] done accepting connections: Socket is closed
Jan 02, 2016 12:55:32 AM okhttp3.mockwebserver.MockWebServer$3 execute
INFO: MockWebServer[53151] starting to accept connections
Jan 02, 2016 12:55:32 AM okhttp3.mockwebserver.MockWebServer$3 acceptConnections
INFO: MockWebServer[53151] done accepting connections: Socket is closed
Jan 02, 2016 12:55:32 AM okhttp3.mockwebserver.MockWebServer$3 execute
INFO: MockWebServer[43273] starting to accept connections
Jan 02, 2016 12:55:32 AM okhttp3.mockwebserver.MockWebServer$3 acceptConnections
INFO: MockWebServer[43273] done accepting connections: Socket is closed
Jan 02, 2016 12:55:32 AM okhttp3.mockwebserver.MockWebServer$3 execute
INFO: MockWebServer[55798] starting to accept connections
Jan 02, 2016 12:55:32 AM okhttp3.mockwebserver.MockWebServer$3 acceptConnections
INFO: MockWebServer[55798] done accepting connections: Socket closed
Jan 02, 2016 12:55:32 AM okhttp3.mockwebserver.MockWebServer$3 execute
INFO: MockWebServer[48267] starting to accept connections
Jan 02, 2016 12:55:32 AM okhttp3.mockwebserver.MockWebServer$3 acceptConnections
INFO: MockWebServer[48267] done accepting connections: Socket is closed
Jan 02, 2016 12:55:32 AM okhttp3.mockwebserver.MockWebServer$3 execute
INFO: MockWebServer[52586] starting to accept connections
Jan 02, 2016 12:55:32 AM okhttp3.mockwebserver.MockWebServer$3 acceptConnections
INFO: MockWebServer[52586] done accepting connections: Socket is closed
Jan 02, 2016 12:55:32 AM okhttp3.mockwebserver.MockWebServer$3 execute
INFO: MockWebServer[58405] starting to accept connections
Jan 02, 2016 12:55:32 AM okhttp3.mockwebserver.MockWebServer$3 acceptConnections
INFO: MockWebServer[58405] done accepting connections: Socket is closed
Jan 02, 2016 12:55:32 AM okhttp3.mockwebserver.MockWebServer$3 execute
INFO: MockWebServer[58570] starting to accept connections
Jan 02, 2016 12:55:32 AM okhttp3.mockwebserver.MockWebServer$3 acceptConnections
INFO: MockWebServer[58570] done accepting connections: Socket closed
Jan 02, 2016 12:55:32 AM okhttp3.mockwebserver.MockWebServer$3 execute
INFO: MockWebServer[55002] starting to accept connections
Jan 02, 2016 12:55:32 AM okhttp3.mockwebserver.MockWebServer$3 acceptConnections
INFO: MockWebServer[55002] done accepting connections: Socket is closed
Jan 02, 2016 12:55:32 AM okhttp3.mockwebserver.MockWebServer$3 execute
INFO: MockWebServer[60443] starting to accept connections
Jan 02, 2016 12:55:32 AM okhttp3.mockwebserver.MockWebServer$3 acceptConnections
INFO: MockWebServer[60443] done accepting connections: Socket is closed
Jan 02, 2016 12:55:32 AM okhttp3.mockwebserver.MockWebServer$3 execute
INFO: MockWebServer[49020] starting to accept connections
Jan 02, 2016 12:55:32 AM okhttp3.mockwebserver.MockWebServer$3 acceptConnections
INFO: MockWebServer[49020] done accepting connections: Socket is closed
Jan 02, 2016 12:55:32 AM okhttp3.mockwebserver.MockWebServer$3 execute
INFO: MockWebServer[45078] starting to accept connections
Jan 02, 2016 12:55:32 AM okhttp3.mockwebserver.MockWebServer$3 acceptConnections
INFO: MockWebServer[45078] done accepting connections: Socket is closed
Jan 02, 2016 12:55:32 AM okhttp3.mockwebserver.MockWebServer$3 execute
INFO: MockWebServer[34243] starting to accept connections
Jan 02, 2016 12:55:32 AM okhttp3.mockwebserver.MockWebServer$3 acceptConnections
INFO: MockWebServer[34243] done accepting connections: Socket is closed
Jan 02, 2016 12:55:32 AM okhttp3.mockwebserver.MockWebServer$3 execute
INFO: MockWebServer[50746] starting to accept connections
Jan 02, 2016 12:55:32 AM okhttp3.mockwebserver.MockWebServer$3 acceptConnections
INFO: MockWebServer[50746] done accepting connections: Socket is closed
Jan 02, 2016 12:55:32 AM okhttp3.mockwebserver.MockWebServer$3 execute
INFO: MockWebServer[57217] starting to accept connections
Jan 02, 2016 12:55:32 AM okhttp3.mockwebserver.MockWebServer$3 acceptConnections
INFO: MockWebServer[57217] done accepting connections: Socket is closed
Jan 02, 2016 12:55:32 AM okhttp3.mockwebserver.MockWebServer$3 execute
INFO: MockWebServer[57160] starting to accept connections
Jan 02, 2016 12:55:32 AM okhttp3.mockwebserver.MockWebServer$3 acceptConnections
INFO: MockWebServer[57160] done accepting connections: Socket is closed
Jan 02, 2016 12:55:32 AM okhttp3.mockwebserver.MockWebServer$3 execute
INFO: MockWebServer[56870] starting to accept connections
Jan 02, 2016 12:55:32 AM okhttp3.mockwebserver.MockWebServer$3 acceptConnections
INFO: MockWebServer[56870] done accepting connections: Socket is closed
Jan 02, 2016 12:55:32 AM okhttp3.mockwebserver.MockWebServer$3 execute
INFO: MockWebServer[46534] starting to accept connections
Jan 02, 2016 12:55:32 AM okhttp3.mockwebserver.MockWebServer$3 acceptConnections
INFO: MockWebServer[46534] done accepting connections: Socket is closed
Jan 02, 2016 12:55:32 AM okhttp3.mockwebserver.MockWebServer$3 execute
INFO: MockWebServer[45740] starting to accept connections
Jan 02, 2016 12:55:32 AM okhttp3.mockwebserver.MockWebServer$3 acceptConnections
INFO: MockWebServer[45740] done accepting connections: Socket is closed
Jan 02, 2016 12:55:32 AM okhttp3.mockwebserver.MockWebServer$3 execute
INFO: MockWebServer[59827] starting to accept connections
Jan 02, 2016 12:55:32 AM okhttp3.mockwebserver.MockWebServer$3 acceptConnections
INFO: MockWebServer[59827] done accepting connections: Socket is closed
Jan 02, 2016 12:55:32 AM okhttp3.mockwebserver.MockWebServer$3 execute
INFO: MockWebServer[56940] starting to accept connections
Jan 02, 2016 12:55:32 AM okhttp3.mockwebserver.MockWebServer$3 acceptConnections
INFO: MockWebServer[56940] done accepting connections: Socket is closed
Jan 02, 2016 12:55:32 AM okhttp3.mockwebserver.MockWebServer$3 execute
INFO: MockWebServer[44816] starting to accept connections
Jan 02, 2016 12:55:32 AM okhttp3.mockwebserver.MockWebServer$3 acceptConnections
INFO: MockWebServer[44816] done accepting connections: Socket is closed
Jan 02, 2016 12:55:32 AM okhttp3.mockwebserver.MockWebServer$3 execute
INFO: MockWebServer[49595] starting to accept connections
Jan 02, 2016 12:55:32 AM okhttp3.mockwebserver.MockWebServer$3 acceptConnections
INFO: MockWebServer[49595] done accepting connections: Socket is closed
Jan 02, 2016 12:55:32 AM okhttp3.mockwebserver.MockWebServer$3 execute
INFO: MockWebServer[48404] starting to accept connections
Jan 02, 2016 12:55:32 AM okhttp3.mockwebserver.MockWebServer$3 acceptConnections
INFO: MockWebServer[48404] done accepting connections: Socket is closed
Jan 02, 2016 12:55:32 AM okhttp3.mockwebserver.MockWebServer$3 execute
INFO: MockWebServer[53190] starting to accept connections
Jan 02, 2016 12:55:32 AM okhttp3.mockwebserver.MockWebServer$3 acceptConnections
INFO: MockWebServer[53190] done accepting connections: Socket is closed
Jan 02, 2016 12:55:32 AM okhttp3.mockwebserver.MockWebServer$3 execute
INFO: MockWebServer[55898] starting to accept connections
Jan 02, 2016 12:55:32 AM okhttp3.mockwebserver.MockWebServer$3 acceptConnections
INFO: MockWebServer[55898] done accepting connections: Socket is closed
Jan 02, 2016 12:55:32 AM okhttp3.mockwebserver.MockWebServer$3 execute
INFO: MockWebServer[38722] starting to accept connections
Jan 02, 2016 12:55:32 AM okhttp3.mockwebserver.MockWebServer$3 acceptConnections
INFO: MockWebServer[38722] done accepting connections: Socket is closed
Tests run: 61, Failures: 0, Errors: 0, Skipped: 0, Time elapsed: 0.68 sec

Results :

Tests in error: 
  conversionProblemIncomingMaskedByConverterIsUnwrapped(retrofit2.CallTest)

Tests run: 208, Failures: 0, Errors: 1, Skipped: 2

[INFO] ------------------------------------------------------------------------
[INFO] Reactor Summary:
[INFO] 
[INFO] Retrofit (Parent) .................................. SUCCESS [  3.100 s]
[INFO] Retrofit ........................................... FAILURE [ 14.533 s]
[INFO] Adapters ........................................... SKIPPED
[INFO] Adapter: RxJava .................................... SKIPPED
[INFO] Converters ......................................... SKIPPED
[INFO] Converter: Gson .................................... SKIPPED
[INFO] Converter: Protocol Buffers ........................ SKIPPED
[INFO] Converter: Jackson ................................. SKIPPED
[INFO] Converter: Wire Protocol Buffers ................... SKIPPED
[INFO] Converter: SimpleXML ............................... SKIPPED
[INFO] Converter: Java Scalars ............................ SKIPPED
[INFO] Converter: Moshi ................................... SKIPPED
[INFO] Retrofit Mock Adapter .............................. SKIPPED
[INFO] Samples ............................................ SKIPPED
[INFO] ------------------------------------------------------------------------
[INFO] BUILD FAILURE
[INFO] ------------------------------------------------------------------------
[INFO] Total time: 18.464 s
[INFO] Finished at: 2016-01-02T00:55:32+00:00
[INFO] Final Memory: 23M/347M
[INFO] ------------------------------------------------------------------------
[ERROR] Failed to execute goal org.apache.maven.plugins:maven-surefire-plugin:2.12.4:test (default-test) on project retrofit: There are test failures.
[ERROR] 
[ERROR] Please refer to /home/travis/build/square/retrofit/retrofit/target/surefire-reports for the individual test results.
[ERROR] -> [Help 1]
[ERROR] 
[ERROR] To see the full stack trace of the errors, re-run Maven with the -e switch.
[ERROR] Re-run Maven using the -X switch to enable full debug logging.
[ERROR] 
[ERROR] For more information about the errors and possible solutions, please read the following articles:
[ERROR] [Help 1] http://cwiki.apache.org/confluence/display/MAVEN/MojoFailureException
[ERROR] 
[ERROR] After correcting the problems, you can resume the build with the command
[ERROR]   mvn <goals> -rf :retrofit
travis_time:end:021715da:start=1451696111572775762,finish=1451696133261971054,duration=21689195292[0K
[31;1mThe command "mvn test -B" exited with 1.[0m
travis_fold:start:cache.2[0Kstore build cache
travis_time:start:04db1a10[0Ktravis_time:end:04db1a10:start=1451696133265913652,finish=1451696133268947104,duration=3033452[0Ktravis_time:start:12633f36[0K[32;1mchange detected:
/home/travis/.m2/repository/com/squareup/okhttp3/mockwebserver/3.0.0-SNAPSHOT/maven-metadata-sonatype-nexus-snapshots.xml
/home/travis/.m2/repository/com/squareup/okhttp3/mockwebserver/3.0.0-SNAPSHOT/maven-metadata-sonatype-nexus-snapshots.xml.sha1
/home/travis/.m2/repository/com/squareup/okhttp3/mockwebserver/3.0.0-SNAPSHOT/mockwebserver-3.0.0-20160101.203523-25.jar
/home/travis/.m2/repository/com/squareup/okhttp3/mockwebserver/3.0.0-SNAPSHOT/mockwebserver-3.0.0-20160101.203523-25.jar.sha1
/home/travis/.m2/repository/com/squareup/okhttp3/mockwebserver/3.0.0-SNAPSHOT/mockwebserver-3.0.0-20160101.203523-25.pom
/home/travis/.m2/repository/com/squareup/okhttp3/mockwebserver/3.0.0-SNAPSHOT/mockwebserver-3.0.0-20160101.203523-25.pom.sha1
/home/travis/.m2/repository/com/squareup/okhttp3/mockwebserver/3.0.0-SNAPSHOT/mockwebserver-3.0.0-SNAPSHOT.jar
/home/travis/.m2/repository/com/squareup/okhttp3/mockwebserver/3.0.0-SNAPSHOT/_remote.repositories
/home/travis/.m2/repository/com/squareup/okhttp3
[0m
[32;1m...
[0m
[32;1mchanges detected, packing new archive[0m
[32;1muploading archive[0m
travis_time:end:12633f36:start=1451696133272479323,finish=1451696138365836441,duration=5093357118[0Ktravis_fold:end:cache.2[0K
Done. Your build exited with 1.
