Using worker: worker-linux-docker-6f88fe96.prod.travis-ci.org:travis-linux-7

travis_fold:start:system_info[0K[33;1mBuild system information[0m
Build language: java
Build group: stable
Build dist: precise
[34m[1mBuild image provisioning date and time[0m
Thu Feb  5 15:09:33 UTC 2015
[34m[1mOperating System Details[0m
Distributor ID:	Ubuntu
Description:	Ubuntu 12.04.5 LTS
Release:	12.04
Codename:	precise
[34m[1mLinux Version[0m
3.13.0-29-generic
[34m[1mCookbooks Version[0m
a68419e https://github.com/travis-ci/travis-cookbooks/tree/a68419e
[34m[1mGCC version[0m
gcc (Ubuntu/Linaro 4.6.3-1ubuntu5) 4.6.3
Copyright (C) 2011 Free Software Foundation, Inc.
This is free software; see the source for copying conditions.  There is NO
warranty; not even for MERCHANTABILITY or FITNESS FOR A PARTICULAR PURPOSE.

[34m[1mLLVM version[0m
clang version 3.4 (tags/RELEASE_34/final)
Target: x86_64-unknown-linux-gnu
Thread model: posix
[34m[1mPre-installed Ruby versions[0m
ruby-1.9.3-p551
[34m[1mPre-installed Node.js versions[0m
v0.10.36
[34m[1mPre-installed Go versions[0m
1.4.1
[34m[1mRedis version[0m
redis-server 2.8.19
[34m[1mriak version[0m
2.0.2
[34m[1mMongoDB version[0m
MongoDB 2.4.12
[34m[1mCouchDB version[0m
couchdb 1.6.1
[34m[1mNeo4j version[0m
1.9.4
[34m[1mRabbitMQ Version[0m
3.4.3
[34m[1mElasticSearch version[0m
1.4.0
[34m[1mInstalled Sphinx versions[0m
2.0.10
2.1.9
2.2.6
[34m[1mDefault Sphinx version[0m
2.2.6
[34m[1mInstalled Firefox version[0m
firefox 31.0esr
[34m[1mPhantomJS version[0m
1.9.8
[34m[1mant -version[0m
Apache Ant(TM) version 1.8.2 compiled on December 3 2011
[34m[1mmvn -version[0m
Apache Maven 3.2.5 (12a6b3acb947671f09b81f49094c53f426d8cea1; 2014-12-14T17:29:23+00:00)
Maven home: /usr/local/maven
Java version: 1.7.0_76, vendor: Oracle Corporation
Java home: /usr/lib/jvm/java-7-oracle/jre
Default locale: en_US, platform encoding: ANSI_X3.4-1968
OS name: "linux", version: "3.13.0-29-generic", arch: "amd64", family: "unix"
travis_fold:end:system_info[0K
travis_fold:start:git.checkout[0Ktravis_time:start:1007e932[0K$ git clone --depth=50 --branch=jw/url-uris https://github.com/square/retrofit.git square/retrofit
Cloning into 'square/retrofit'...
remote: Counting objects: 1885, done.[K
remote: Compressing objects:   0% (1/883)   [Kremote: Compressing objects:   1% (9/883)   [Kremote: Compressing objects:   2% (18/883)   [Kremote: Compressing objects:   3% (27/883)   [Kremote: Compressing objects:   4% (36/883)   [Kremote: Compressing objects:   5% (45/883)   [Kremote: Compressing objects:   6% (53/883)   [Kremote: Compressing objects:   7% (62/883)   [Kremote: Compressing objects:   8% (71/883)   [Kremote: Compressing objects:   9% (80/883)   [Kremote: Compressing objects:  10% (89/883)   [Kremote: Compressing objects:  11% (98/883)   [Kremote: Compressing objects:  12% (106/883)   [Kremote: Compressing objects:  13% (115/883)   [Kremote: Compressing objects:  14% (124/883)   [Kremote: Compressing objects:  15% (133/883)   [Kremote: Compressing objects:  16% (142/883)   [Kremote: Compressing objects:  17% (151/883)   [Kremote: Compressing objects:  18% (159/883)   [Kremote: Compressing objects:  19% (168/883)   [Kremote: Compressing objects:  20% (177/883)   [Kremote: Compressing objects:  21% (186/883)   [Kremote: Compressing objects:  22% (195/883)   [Kremote: Compressing objects:  23% (204/883)   [Kremote: Compressing objects:  24% (212/883)   [Kremote: Compressing objects:  25% (221/883)   [Kremote: Compressing objects:  26% (230/883)   [Kremote: Compressing objects:  27% (239/883)   [Kremote: Compressing objects:  28% (248/883)   [Kremote: Compressing objects:  29% (257/883)   [Kremote: Compressing objects:  30% (265/883)   [Kremote: Compressing objects:  31% (274/883)   [Kremote: Compressing objects:  32% (283/883)   [Kremote: Compressing objects:  33% (292/883)   [Kremote: Compressing objects:  34% (301/883)   [Kremote: Compressing objects:  35% (310/883)   [Kremote: Compressing objects:  36% (318/883)   [Kremote: Compressing objects:  37% (327/883)   [Kremote: Compressing objects:  38% (336/883)   [Kremote: Compressing objects:  39% (345/883)   [Kremote: Compressing objects:  40% (354/883)   [Kremote: Compressing objects:  41% (363/883)   [Kremote: Compressing objects:  42% (371/883)   [Kremote: Compressing objects:  43% (380/883)   [Kremote: Compressing objects:  44% (389/883)   [Kremote: Compressing objects:  45% (398/883)   [Kremote: Compressing objects:  46% (407/883)   [Kremote: Compressing objects:  47% (416/883)   [Kremote: Compressing objects:  48% (424/883)   [Kremote: Compressing objects:  49% (433/883)   [Kremote: Compressing objects:  50% (442/883)   [Kremote: Compressing objects:  51% (451/883)   [Kremote: Compressing objects:  52% (460/883)   [Kremote: Compressing objects:  53% (468/883)   [Kremote: Compressing objects:  54% (477/883)   [Kremote: Compressing objects:  55% (486/883)   [Kremote: Compressing objects:  56% (495/883)   [Kremote: Compressing objects:  57% (504/883)   [Kremote: Compressing objects:  58% (513/883)   [Kremote: Compressing objects:  59% (521/883)   [Kremote: Compressing objects:  60% (530/883)   [Kremote: Compressing objects:  61% (539/883)   [Kremote: Compressing objects:  62% (548/883)   [Kremote: Compressing objects:  63% (557/883)   [Kremote: Compressing objects:  64% (566/883)   [Kremote: Compressing objects:  65% (574/883)   [Kremote: Compressing objects:  66% (583/883)   [Kremote: Compressing objects:  67% (592/883)   [Kremote: Compressing objects:  68% (601/883)   [Kremote: Compressing objects:  69% (610/883)   [Kremote: Compressing objects:  70% (619/883)   [Kremote: Compressing objects:  71% (627/883)   [Kremote: Compressing objects:  72% (636/883)   [Kremote: Compressing objects:  73% (645/883)   [Kremote: Compressing objects:  74% (654/883)   [Kremote: Compressing objects:  75% (663/883)   [Kremote: Compressing objects:  76% (672/883)   [Kremote: Compressing objects:  77% (680/883)   [Kremote: Compressing objects:  78% (689/883)   [Kremote: Compressing objects:  79% (698/883)   [Kremote: Compressing objects:  80% (707/883)   [Kremote: Compressing objects:  81% (716/883)   [Kremote: Compressing objects:  82% (725/883)   [Kremote: Compressing objects:  83% (733/883)   [Kremote: Compressing objects:  84% (742/883)   [Kremote: Compressing objects:  85% (751/883)   [Kremote: Compressing objects:  86% (760/883)   [Kremote: Compressing objects:  87% (769/883)   [Kremote: Compressing objects:  88% (778/883)   [Kremote: Compressing objects:  89% (786/883)   [Kremote: Compressing objects:  90% (795/883)   [Kremote: Compressing objects:  91% (804/883)   [Kremote: Compressing objects:  92% (813/883)   [Kremote: Compressing objects:  93% (822/883)   [Kremote: Compressing objects:  94% (831/883)   [Kremote: Compressing objects:  95% (839/883)   [Kremote: Compressing objects:  96% (848/883)   [Kremote: Compressing objects:  97% (857/883)   [Kremote: Compressing objects:  98% (866/883)   [Kremote: Compressing objects:  99% (875/883)   [Kremote: Compressing objects: 100% (883/883)   [Kremote: Compressing objects: 100% (883/883), done.[K
Receiving objects:   0% (1/1885)   Receiving objects:   1% (19/1885)   Receiving objects:   2% (38/1885)   Receiving objects:   3% (57/1885)   Receiving objects:   4% (76/1885)   Receiving objects:   5% (95/1885)   Receiving objects:   6% (114/1885)   Receiving objects:   7% (132/1885)   Receiving objects:   8% (151/1885)   Receiving objects:   9% (170/1885)   Receiving objects:  10% (189/1885)   Receiving objects:  11% (208/1885)   Receiving objects:  12% (227/1885)   Receiving objects:  13% (246/1885)   Receiving objects:  14% (264/1885)   Receiving objects:  15% (283/1885)   Receiving objects:  16% (302/1885)   Receiving objects:  17% (321/1885)   Receiving objects:  18% (340/1885)   Receiving objects:  19% (359/1885)   Receiving objects:  20% (377/1885)   Receiving objects:  21% (396/1885)   Receiving objects:  22% (415/1885)   Receiving objects:  23% (434/1885)   Receiving objects:  24% (453/1885)   Receiving objects:  25% (472/1885)   Receiving objects:  26% (491/1885)   Receiving objects:  27% (509/1885)   Receiving objects:  28% (528/1885)   Receiving objects:  29% (547/1885)   Receiving objects:  30% (566/1885)   Receiving objects:  31% (585/1885)   Receiving objects:  32% (604/1885)   Receiving objects:  33% (623/1885)   Receiving objects:  34% (641/1885)   Receiving objects:  35% (660/1885)   Receiving objects:  36% (679/1885)   Receiving objects:  37% (698/1885)   Receiving objects:  38% (717/1885)   Receiving objects:  39% (736/1885)   Receiving objects:  40% (754/1885)   Receiving objects:  41% (773/1885)   Receiving objects:  42% (792/1885)   Receiving objects:  43% (811/1885)   Receiving objects:  44% (830/1885)   Receiving objects:  45% (849/1885)   Receiving objects:  46% (868/1885)   Receiving objects:  47% (886/1885)   Receiving objects:  48% (905/1885)   Receiving objects:  49% (924/1885)   Receiving objects:  50% (943/1885)   Receiving objects:  51% (962/1885)   Receiving objects:  52% (981/1885)   Receiving objects:  53% (1000/1885)   Receiving objects:  54% (1018/1885)   Receiving objects:  55% (1037/1885)   Receiving objects:  56% (1056/1885)   Receiving objects:  57% (1075/1885)   Receiving objects:  58% (1094/1885)   Receiving objects:  59% (1113/1885)   Receiving objects:  60% (1131/1885)   Receiving objects:  61% (1150/1885)   Receiving objects:  62% (1169/1885)   Receiving objects:  63% (1188/1885)   Receiving objects:  64% (1207/1885)   Receiving objects:  65% (1226/1885)   Receiving objects:  66% (1245/1885)   Receiving objects:  67% (1263/1885)   Receiving objects:  68% (1282/1885)   Receiving objects:  69% (1301/1885)   Receiving objects:  70% (1320/1885)   Receiving objects:  71% (1339/1885)   Receiving objects:  72% (1358/1885)   Receiving objects:  73% (1377/1885)   Receiving objects:  74% (1395/1885)   Receiving objects:  75% (1414/1885)   Receiving objects:  76% (1433/1885)   Receiving objects:  77% (1452/1885)   Receiving objects:  78% (1471/1885)   Receiving objects:  79% (1490/1885)   Receiving objects:  80% (1508/1885)   Receiving objects:  81% (1527/1885)   Receiving objects:  82% (1546/1885)   Receiving objects:  83% (1565/1885)   Receiving objects:  84% (1584/1885)   Receiving objects:  85% (1603/1885)   Receiving objects:  86% (1622/1885)   Receiving objects:  87% (1640/1885)   Receiving objects:  88% (1659/1885)   Receiving objects:  89% (1678/1885)   Receiving objects:  90% (1697/1885)   Receiving objects:  91% (1716/1885)   Receiving objects:  92% (1735/1885)   Receiving objects:  93% (1754/1885)   Receiving objects:  94% (1772/1885)   Receiving objects:  95% (1791/1885)   Receiving objects:  96% (1810/1885)   remote: Total 1885 (delta 752), reused 1628 (delta 528), pack-reused 0[K
Receiving objects:  97% (1829/1885)   Receiving objects:  98% (1848/1885)   Receiving objects:  99% (1867/1885)   Receiving objects: 100% (1885/1885)   Receiving objects: 100% (1885/1885), 389.43 KiB | 0 bytes/s, done.
Resolving deltas:   0% (0/752)   Resolving deltas:   8% (64/752)   Resolving deltas:   9% (68/752)   Resolving deltas:  10% (79/752)   Resolving deltas:  11% (89/752)   Resolving deltas:  17% (135/752)   Resolving deltas:  18% (136/752)   Resolving deltas:  19% (149/752)   Resolving deltas:  20% (151/752)   Resolving deltas:  21% (159/752)   Resolving deltas:  22% (166/752)   Resolving deltas:  23% (179/752)   Resolving deltas:  26% (197/752)   Resolving deltas:  30% (229/752)   Resolving deltas:  31% (239/752)   Resolving deltas:  33% (255/752)   Resolving deltas:  34% (256/752)   Resolving deltas:  35% (269/752)   Resolving deltas:  36% (271/752)   Resolving deltas:  37% (279/752)   Resolving deltas:  38% (286/752)   Resolving deltas:  39% (298/752)   Resolving deltas:  40% (307/752)   Resolving deltas:  41% (309/752)   Resolving deltas:  42% (317/752)   Resolving deltas:  43% (324/752)   Resolving deltas:  44% (336/752)   Resolving deltas:  46% (349/752)   Resolving deltas:  48% (362/752)   Resolving deltas:  49% (373/752)   Resolving deltas:  50% (379/752)   Resolving deltas:  51% (386/752)   Resolving deltas:  53% (399/752)   Resolving deltas:  55% (421/752)   Resolving deltas:  56% (422/752)   Resolving deltas:  60% (453/752)   Resolving deltas:  63% (476/752)   Resolving deltas:  64% (482/752)   Resolving deltas:  65% (492/752)   Resolving deltas:  67% (505/752)   Resolving deltas:  69% (522/752)   Resolving deltas:  70% (529/752)   Resolving deltas:  72% (548/752)   Resolving deltas:  73% (549/752)   Resolving deltas:  74% (557/752)   Resolving deltas:  75% (570/752)   Resolving deltas:  77% (582/752)   Resolving deltas:  78% (590/752)   Resolving deltas:  79% (595/752)   Resolving deltas:  80% (603/752)   Resolving deltas:  81% (612/752)   Resolving deltas:  82% (620/752)   Resolving deltas:  83% (628/752)   Resolving deltas:  84% (632/752)   Resolving deltas:  85% (643/752)   Resolving deltas:  86% (647/752)   Resolving deltas:  87% (655/752)   Resolving deltas:  88% (664/752)   Resolving deltas:  90% (684/752)   Resolving deltas:  91% (685/752)   Resolving deltas:  93% (701/752)   Resolving deltas:  97% (731/752)   Resolving deltas:  98% (741/752)   Resolving deltas: 100% (752/752)   Resolving deltas: 100% (752/752), done.
Checking connectivity... done.
travis_time:end:1007e932:start=1451972511053308091,finish=1451972511841706258,duration=788398167[0K$ cd square/retrofit
$ git checkout -qf 2da02fb0db8cc542973bb085226d72225a6c940f
travis_fold:end:git.checkout[0K
[33;1mThis job is running on container-based infrastructure, which does not allow use of 'sudo', setuid and setguid executables.[0m
[33;1mIf you require sudo, add 'sudo: required' to your .travis.yml[0m
[33;1mSee http://docs.travis-ci.com/user/workers/container-based-infrastructure/ for details.[0m

[33;1mSetting environment variables from .travis.yml[0m
$ export CI_DEPLOY_USERNAME=[secure]
$ export CI_DEPLOY_PASSWORD=[secure]

travis_fold:start:cache.1[0KSetting up build cache
$ export CASHER_DIR=$HOME/.casher
travis_time:start:343ebb8b[0K$ Installing caching utilities
travis_time:end:343ebb8b:start=1451972513428442227,finish=1451972513476394254,duration=47952027[0Ktravis_time:start:022ba07b[0Ktravis_time:end:022ba07b:start=1451972513480676312,finish=1451972513483504493,duration=2828181[0Ktravis_time:start:12c6e000[0K[32;1mattempting to download cache archive[0m
[32;1mfetching jwurl-uris/cache--jdk-oraclejdk8.tgz[0m
[32;1mfetching jwurl-uris/cache--jdk-oraclejdk8.tbz[0m
[32;1mfetching master/cache--jdk-oraclejdk8.tgz[0m
[32;1mfound cache[0m
travis_time:end:12c6e000:start=1451972513486808383,finish=1451972514769906628,duration=1283098245[0Ktravis_time:start:019ce80d[0Ktravis_time:end:019ce80d:start=1451972514773802207,finish=1451972514777098564,duration=3296357[0Ktravis_time:start:1e9fb95f[0K[32;1madding /home/travis/.m2 to cache[0m
travis_time:end:1e9fb95f:start=1451972514780842207,finish=1451972516277362514,duration=1496520307[0Ktravis_fold:end:cache.1[0K$ jdk_switcher use oraclejdk8
Switching to Oracle JDK8 (java-8-oracle), JAVA_HOME will be set to /usr/lib/jvm/java-8-oracle
$ java -Xmx32m -version
java version "1.8.0_31"
Java(TM) SE Runtime Environment (build 1.8.0_31-b13)
Java HotSpot(TM) 64-Bit Server VM (build 25.31-b07, mixed mode)
$ javac -J-Xmx32m -version
javac 1.8.0_31
travis_fold:start:install[0Ktravis_time:start:07e1dfc1[0K$ mvn install -DskipTests=true -Dmaven.javadoc.skip=true -B -V
Java HotSpot(TM) 64-Bit Server VM warning: ignoring option MaxPermSize=192m; support was removed in 8.0
Apache Maven 3.2.5 (12a6b3acb947671f09b81f49094c53f426d8cea1; 2014-12-14T17:29:23+00:00)
Maven home: /usr/local/maven
Java version: 1.8.0_31, vendor: Oracle Corporation
Java home: /usr/lib/jvm/java-8-oracle/jre
Default locale: en_US, platform encoding: UTF-8
OS name: "linux", version: "3.13.0-40-generic", arch: "amd64", family: "unix"
[INFO] Scanning for projects...
[WARNING] 
[WARNING] Some problems were encountered while building the effective model for com.squareup.retrofit2:samples:jar:2.0.0-SNAPSHOT
[WARNING] 'build.plugins.plugin.version' for org.apache.maven.plugins:maven-deploy-plugin is missing. @ com.squareup.retrofit2:samples:[unknown-version], /home/travis/build/square/retrofit/samples/pom.xml, line 45, column 15
[WARNING] 
[WARNING] It is highly recommended to fix these problems because they threaten the stability of your build.
[WARNING] 
[WARNING] For this reason, future Maven versions might no longer support building such malformed projects.
[WARNING] 
[INFO] ------------------------------------------------------------------------
[INFO] Reactor Build Order:
[INFO] 
[INFO] Retrofit (Parent)
[INFO] Retrofit
[INFO] Adapters
[INFO] Adapter: RxJava
[INFO] Converters
[INFO] Converter: Gson
[INFO] Converter: Protocol Buffers
[INFO] Converter: Jackson
[INFO] Converter: Wire Protocol Buffers
[INFO] Converter: SimpleXML
[INFO] Converter: Java Scalars
[INFO] Converter: Moshi
[INFO] Retrofit Mock Adapter
[INFO] Samples
[INFO]                                                                         
[INFO] ------------------------------------------------------------------------
[INFO] Building Retrofit (Parent) 2.0.0-SNAPSHOT
[INFO] ------------------------------------------------------------------------
[INFO] 
[INFO] --- maven-enforcer-plugin:1.0:enforce (enforce-maven) @ parent ---
[INFO] 
[INFO] --- animal-sniffer-maven-plugin:1.14:check (default) @ parent ---
[INFO] Checking unresolved references to org.codehaus.mojo.signature:java16:1.1
[INFO] 
[INFO] --- maven-javadoc-plugin:2.10.3:jar (attach-javadocs) @ parent ---
[INFO] Skipping javadoc generation
[INFO] 
[INFO] --- maven-checkstyle-plugin:2.15:checkstyle (default) @ parent ---
[INFO] 
[INFO] --- maven-install-plugin:2.4:install (default-install) @ parent ---
[INFO] Installing /home/travis/build/square/retrofit/pom.xml to /home/travis/.m2/repository/com/squareup/retrofit2/parent/2.0.0-SNAPSHOT/parent-2.0.0-SNAPSHOT.pom
[INFO]                                                                         
[INFO] ------------------------------------------------------------------------
[INFO] Building Retrofit 2.0.0-SNAPSHOT
[INFO] ------------------------------------------------------------------------
[INFO] Downloading: http://repo.maven.apache.org/maven2/org/robolectric/robolectric/3.0/robolectric-3.0.pom
[INFO] Downloaded: http://repo.maven.apache.org/maven2/org/robolectric/robolectric/3.0/robolectric-3.0.pom (5 KB at 19.8 KB/sec)
[INFO] Downloading: http://repo.maven.apache.org/maven2/org/robolectric/robolectric-parent/3.0/robolectric-parent-3.0.pom
[INFO] Downloaded: http://repo.maven.apache.org/maven2/org/robolectric/robolectric-parent/3.0/robolectric-parent-3.0.pom (12 KB at 279.9 KB/sec)
[INFO] Downloading: http://repo.maven.apache.org/maven2/org/robolectric/robolectric-annotations/3.0/robolectric-annotations-3.0.pom
[INFO] Downloaded: http://repo.maven.apache.org/maven2/org/robolectric/robolectric-annotations/3.0/robolectric-annotations-3.0.pom (2 KB at 29.0 KB/sec)
[INFO] Downloading: http://repo.maven.apache.org/maven2/org/robolectric/robolectric-resources/3.0/robolectric-resources-3.0.pom
[INFO] Downloaded: http://repo.maven.apache.org/maven2/org/robolectric/robolectric-resources/3.0/robolectric-resources-3.0.pom (2 KB at 57.3 KB/sec)
[INFO] Downloading: http://repo.maven.apache.org/maven2/org/robolectric/robolectric-utils/3.0/robolectric-utils-3.0.pom
[INFO] Downloaded: http://repo.maven.apache.org/maven2/org/robolectric/robolectric-utils/3.0/robolectric-utils-3.0.pom (2 KB at 36.1 KB/sec)
[INFO] Downloading: http://repo.maven.apache.org/maven2/com/google/android/apps/common/testing/accessibility/framework/accessibility-test-framework/1.0/accessibility-test-framework-1.0.pom
[INFO] Downloaded: http://repo.maven.apache.org/maven2/com/google/android/apps/common/testing/accessibility/framework/accessibility-test-framework/1.0/accessibility-test-framework-1.0.pom (4 KB at 86.8 KB/sec)
[INFO] Downloading: http://repo.maven.apache.org/maven2/com/ximpleware/vtd-xml/2.11/vtd-xml-2.11.pom
[INFO] Downloaded: http://repo.maven.apache.org/maven2/com/ximpleware/vtd-xml/2.11/vtd-xml-2.11.pom (2 KB at 34.9 KB/sec)
[INFO] Downloading: http://repo.maven.apache.org/maven2/org/robolectric/shadows-core/3.0/shadows-core-3.0.pom
[INFO] Downloaded: http://repo.maven.apache.org/maven2/org/robolectric/shadows-core/3.0/shadows-core-3.0.pom (15 KB at 373.0 KB/sec)
[INFO] Downloading: http://repo.maven.apache.org/maven2/org/robolectric/robolectric-shadows/3.0/robolectric-shadows-3.0.pom
[INFO] Downloaded: http://repo.maven.apache.org/maven2/org/robolectric/robolectric-shadows/3.0/robolectric-shadows-3.0.pom (759 B at 14.3 KB/sec)
[INFO] Downloading: http://repo.maven.apache.org/maven2/com/ibm/icu/icu4j/53.1/icu4j-53.1.pom
[INFO] Downloaded: http://repo.maven.apache.org/maven2/com/ibm/icu/icu4j/53.1/icu4j-53.1.pom (5 KB at 138.5 KB/sec)
[INFO] Downloading: http://repo.maven.apache.org/maven2/com/almworks/sqlite4java/sqlite4java/0.282/sqlite4java-0.282.pom
[INFO] Downloaded: http://repo.maven.apache.org/maven2/com/almworks/sqlite4java/sqlite4java/0.282/sqlite4java-0.282.pom (3 KB at 76.4 KB/sec)
[INFO] Downloading: http://repo.maven.apache.org/maven2/org/sonatype/oss/oss-parent/4/oss-parent-4.pom
[INFO] Downloaded: http://repo.maven.apache.org/maven2/org/sonatype/oss/oss-parent/4/oss-parent-4.pom (4 KB at 118.4 KB/sec)
[INFO] Downloading: http://repo.maven.apache.org/maven2/org/bouncycastle/bcprov-jdk16/1.46/bcprov-jdk16-1.46.pom
[INFO] Downloaded: http://repo.maven.apache.org/maven2/org/bouncycastle/bcprov-jdk16/1.46/bcprov-jdk16-1.46.pom (819 B at 22.9 KB/sec)
[INFO] Downloading: http://repo.maven.apache.org/maven2/org/ow2/asm/asm/5.0.1/asm-5.0.1.pom
[INFO] Downloaded: http://repo.maven.apache.org/maven2/org/ow2/asm/asm/5.0.1/asm-5.0.1.pom (2 KB at 54.0 KB/sec)
[INFO] Downloading: http://repo.maven.apache.org/maven2/org/ow2/asm/asm-parent/5.0.1/asm-parent-5.0.1.pom
[INFO] Downloaded: http://repo.maven.apache.org/maven2/org/ow2/asm/asm-parent/5.0.1/asm-parent-5.0.1.pom (6 KB at 157.8 KB/sec)
[INFO] Downloading: http://repo.maven.apache.org/maven2/org/ow2/asm/asm-commons/5.0.1/asm-commons-5.0.1.pom
[INFO] Downloaded: http://repo.maven.apache.org/maven2/org/ow2/asm/asm-commons/5.0.1/asm-commons-5.0.1.pom (3 KB at 58.4 KB/sec)
[INFO] Downloading: http://repo.maven.apache.org/maven2/org/ow2/asm/asm-tree/5.0.1/asm-tree-5.0.1.pom
[INFO] Downloaded: http://repo.maven.apache.org/maven2/org/ow2/asm/asm-tree/5.0.1/asm-tree-5.0.1.pom (3 KB at 56.5 KB/sec)
[INFO] Downloading: http://repo.maven.apache.org/maven2/org/ow2/asm/asm-util/5.0.1/asm-util-5.0.1.pom
[INFO] Downloaded: http://repo.maven.apache.org/maven2/org/ow2/asm/asm-util/5.0.1/asm-util-5.0.1.pom (3 KB at 60.0 KB/sec)
[INFO] Downloading: http://repo.maven.apache.org/maven2/org/ow2/asm/asm-analysis/5.0.1/asm-analysis-5.0.1.pom
[INFO] Downloaded: http://repo.maven.apache.org/maven2/org/ow2/asm/asm-analysis/5.0.1/asm-analysis-5.0.1.pom (3 KB at 62.0 KB/sec)
[INFO] Downloading: http://repo.maven.apache.org/maven2/org/apache/maven/maven-ant-tasks/2.1.3/maven-ant-tasks-2.1.3.pom
[INFO] Downloaded: http://repo.maven.apache.org/maven2/org/apache/maven/maven-ant-tasks/2.1.3/maven-ant-tasks-2.1.3.pom (13 KB at 366.9 KB/sec)
[INFO] Downloading: http://repo.maven.apache.org/maven2/org/apache/ant/ant/1.8.0/ant-1.8.0.pom
[INFO] Downloaded: http://repo.maven.apache.org/maven2/org/apache/ant/ant/1.8.0/ant-1.8.0.pom (10 KB at 286.8 KB/sec)
[INFO] Downloading: http://repo.maven.apache.org/maven2/org/apache/ant/ant-parent/1.8.0/ant-parent-1.8.0.pom
[INFO] Downloaded: http://repo.maven.apache.org/maven2/org/apache/ant/ant-parent/1.8.0/ant-parent-1.8.0.pom (5 KB at 113.8 KB/sec)
[INFO] Downloading: http://repo.maven.apache.org/maven2/org/apache/ant/ant-launcher/1.8.0/ant-launcher-1.8.0.pom
[INFO] Downloaded: http://repo.maven.apache.org/maven2/org/apache/ant/ant-launcher/1.8.0/ant-launcher-1.8.0.pom (3 KB at 66.5 KB/sec)
[INFO] Downloading: http://repo.maven.apache.org/maven2/org/robolectric/robolectric-annotations/3.0/robolectric-annotations-3.0.jar
[INFO] Downloading: http://repo.maven.apache.org/maven2/org/robolectric/robolectric-resources/3.0/robolectric-resources-3.0.jar
[INFO] Downloading: http://repo.maven.apache.org/maven2/org/robolectric/robolectric-utils/3.0/robolectric-utils-3.0.jar
[INFO] Downloading: http://repo.maven.apache.org/maven2/com/google/android/apps/common/testing/accessibility/framework/accessibility-test-framework/1.0/accessibility-test-framework-1.0.jar
[INFO] Downloading: http://repo.maven.apache.org/maven2/org/robolectric/robolectric/3.0/robolectric-3.0.jar
[INFO] Downloaded: http://repo.maven.apache.org/maven2/org/robolectric/robolectric-annotations/3.0/robolectric-annotations-3.0.jar (11 KB at 86.6 KB/sec)
[INFO] Downloading: http://repo.maven.apache.org/maven2/org/robolectric/shadows-core/3.0/shadows-core-3.0.jar
[INFO] Downloaded: http://repo.maven.apache.org/maven2/org/robolectric/robolectric-resources/3.0/robolectric-resources-3.0.jar (146 KB at 1313.4 KB/sec)
[INFO] Downloading: http://repo.maven.apache.org/maven2/com/ibm/icu/icu4j/53.1/icu4j-53.1.jar
[INFO] Downloaded: http://repo.maven.apache.org/maven2/org/robolectric/robolectric-utils/3.0/robolectric-utils-3.0.jar (40 KB at 412.2 KB/sec)
[INFO] Downloading: http://repo.maven.apache.org/maven2/com/almworks/sqlite4java/sqlite4java/0.282/sqlite4java-0.282.jar
[INFO] Downloaded: http://repo.maven.apache.org/maven2/com/google/android/apps/common/testing/accessibility/framework/accessibility-test-framework/1.0/accessibility-test-framework-1.0.jar (57 KB at 539.5 KB/sec)
[INFO] Downloading: http://repo.maven.apache.org/maven2/org/bouncycastle/bcprov-jdk16/1.46/bcprov-jdk16-1.46.jar
[INFO] Downloaded: http://repo.maven.apache.org/maven2/org/robolectric/robolectric/3.0/robolectric-3.0.jar (163 KB at 903.9 KB/sec)
[INFO] Downloading: http://repo.maven.apache.org/maven2/org/ow2/asm/asm/5.0.1/asm-5.0.1.jar
[INFO] Downloaded: http://repo.maven.apache.org/maven2/com/almworks/sqlite4java/sqlite4java/0.282/sqlite4java-0.282.jar (127 KB at 942.9 KB/sec)
[INFO] Downloading: http://repo.maven.apache.org/maven2/org/ow2/asm/asm-commons/5.0.1/asm-commons-5.0.1.jar
[INFO] Downloaded: http://repo.maven.apache.org/maven2/org/ow2/asm/asm/5.0.1/asm-5.0.1.jar (52 KB at 339.7 KB/sec)
[INFO] Downloading: http://repo.maven.apache.org/maven2/org/ow2/asm/asm-tree/5.0.1/asm-tree-5.0.1.jar
[INFO] Downloaded: http://repo.maven.apache.org/maven2/org/ow2/asm/asm-commons/5.0.1/asm-commons-5.0.1.jar (41 KB at 245.4 KB/sec)
[INFO] Downloading: http://repo.maven.apache.org/maven2/org/ow2/asm/asm-util/5.0.1/asm-util-5.0.1.jar
[INFO] Downloaded: http://repo.maven.apache.org/maven2/org/ow2/asm/asm-tree/5.0.1/asm-tree-5.0.1.jar (29 KB at 147.7 KB/sec)
[INFO] Downloading: http://repo.maven.apache.org/maven2/org/ow2/asm/asm-analysis/5.0.1/asm-analysis-5.0.1.jar
[INFO] Downloaded: http://repo.maven.apache.org/maven2/org/ow2/asm/asm-util/5.0.1/asm-util-5.0.1.jar (43 KB at 213.6 KB/sec)
[INFO] Downloading: http://repo.maven.apache.org/maven2/com/ximpleware/vtd-xml/2.11/vtd-xml-2.11.jar
[INFO] Downloaded: http://repo.maven.apache.org/maven2/org/ow2/asm/asm-analysis/5.0.1/asm-analysis-5.0.1.jar (20 KB at 87.2 KB/sec)
[INFO] Downloading: http://repo.maven.apache.org/maven2/org/apache/maven/maven-ant-tasks/2.1.3/maven-ant-tasks-2.1.3.jar
[INFO] Downloaded: http://repo.maven.apache.org/maven2/org/bouncycastle/bcprov-jdk16/1.46/bcprov-jdk16-1.46.jar (1833 KB at 6762.2 KB/sec)
[INFO] Downloading: http://repo.maven.apache.org/maven2/org/apache/ant/ant/1.8.0/ant-1.8.0.jar
[INFO] Downloaded: http://repo.maven.apache.org/maven2/com/ximpleware/vtd-xml/2.11/vtd-xml-2.11.jar (623 KB at 2192.3 KB/sec)
[INFO] Downloading: http://repo.maven.apache.org/maven2/org/apache/ant/ant-launcher/1.8.0/ant-launcher-1.8.0.jar
[INFO] Downloaded: http://repo.maven.apache.org/maven2/org/apache/ant/ant-launcher/1.8.0/ant-launcher-1.8.0.jar (12 KB at 37.7 KB/sec)
[INFO] Downloaded: http://repo.maven.apache.org/maven2/org/robolectric/shadows-core/3.0/shadows-core-3.0.jar (2597 KB at 8088.1 KB/sec)
[INFO] Downloaded: http://repo.maven.apache.org/maven2/org/apache/maven/maven-ant-tasks/2.1.3/maven-ant-tasks-2.1.3.jar (1286 KB at 3579.8 KB/sec)
[INFO] Downloaded: http://repo.maven.apache.org/maven2/org/apache/ant/ant/1.8.0/ant-1.8.0.jar (1471 KB at 3605.0 KB/sec)
[INFO] Downloaded: http://repo.maven.apache.org/maven2/com/ibm/icu/icu4j/53.1/icu4j-53.1.jar (9482 KB at 15698.2 KB/sec)
[INFO] 
[INFO] --- maven-enforcer-plugin:1.0:enforce (enforce-maven) @ retrofit ---
[INFO] 
[INFO] --- maven-resources-plugin:2.6:resources (default-resources) @ retrofit ---
[INFO] Using 'UTF-8' encoding to copy filtered resources.
[INFO] skip non existing resourceDirectory /home/travis/build/square/retrofit/retrofit/src/main/resources
[INFO] 
[INFO] --- maven-compiler-plugin:3.0:compile (default-compile) @ retrofit ---
[INFO] Changes detected - recompiling the module!
[INFO] Compiling 42 source files to /home/travis/build/square/retrofit/retrofit/target/classes
[WARNING] /home/travis/build/square/retrofit/retrofit/src/main/java/retrofit2/Retrofit.java: Some input files use unchecked or unsafe operations.
[WARNING] /home/travis/build/square/retrofit/retrofit/src/main/java/retrofit2/Retrofit.java: Recompile with -Xlint:unchecked for details.
[INFO] 
[INFO] --- maven-resources-plugin:2.6:testResources (default-testResources) @ retrofit ---
[INFO] Using 'UTF-8' encoding to copy filtered resources.
[INFO] skip non existing resourceDirectory /home/travis/build/square/retrofit/retrofit/src/test/resources
[INFO] 
[INFO] --- maven-compiler-plugin:3.0:testCompile (default-testCompile) @ retrofit ---
[INFO] Changes detected - recompiling the module!
[INFO] Compiling 9 source files to /home/travis/build/square/retrofit/retrofit/target/test-classes
[WARNING] /home/travis/build/square/retrofit/retrofit/src/test/java/retrofit2/RetrofitTest.java: /home/travis/build/square/retrofit/retrofit/src/test/java/retrofit2/RetrofitTest.java uses unchecked or unsafe operations.
[WARNING] /home/travis/build/square/retrofit/retrofit/src/test/java/retrofit2/RetrofitTest.java: Recompile with -Xlint:unchecked for details.
[INFO] 
[INFO] --- maven-surefire-plugin:2.12.4:test (default-test) @ retrofit ---
[INFO] Tests are skipped.
[INFO] 
[INFO] --- animal-sniffer-maven-plugin:1.14:check (default) @ retrofit ---
[INFO] Checking unresolved references to org.codehaus.mojo.signature:java16:1.1
[INFO] 
[INFO] --- maven-jar-plugin:2.4:jar (default-jar) @ retrofit ---
[INFO] Building jar: /home/travis/build/square/retrofit/retrofit/target/retrofit-2.0.0-SNAPSHOT.jar
[INFO] 
[INFO] --- maven-javadoc-plugin:2.10.3:jar (attach-javadocs) @ retrofit ---
[INFO] Skipping javadoc generation
[INFO] 
[INFO] --- maven-checkstyle-plugin:2.15:checkstyle (default) @ retrofit ---
[INFO] Starting audit...
/home/travis/build/square/retrofit/retrofit/src/main/java/retrofit2/RequestFactoryParser.java:247: Line is longer than 100 characters (found 101).
Audit done.
[INFO] ------------------------------------------------------------------------
[INFO] Reactor Summary:
[INFO] 
[INFO] Retrofit (Parent) .................................. SUCCESS [  6.176 s]
[INFO] Retrofit ........................................... FAILURE [ 18.791 s]
[INFO] Adapters ........................................... SKIPPED
[INFO] Adapter: RxJava .................................... SKIPPED
[INFO] Converters ......................................... SKIPPED
[INFO] Converter: Gson .................................... SKIPPED
[INFO] Converter: Protocol Buffers ........................ SKIPPED
[INFO] Converter: Jackson ................................. SKIPPED
[INFO] Converter: Wire Protocol Buffers ................... SKIPPED
[INFO] Converter: SimpleXML ............................... SKIPPED
[INFO] Converter: Java Scalars ............................ SKIPPED
[INFO] Converter: Moshi ................................... SKIPPED
[INFO] Retrofit Mock Adapter .............................. SKIPPED
[INFO] Samples ............................................ SKIPPED
[INFO] ------------------------------------------------------------------------
[INFO] BUILD FAILURE
[INFO] ------------------------------------------------------------------------
[INFO] Total time: 25.464 s
[INFO] Finished at: 2016-01-05T05:42:24+00:00
[INFO] Final Memory: 36M/407M
[INFO] ------------------------------------------------------------------------
[ERROR] Failed to execute goal org.apache.maven.plugins:maven-checkstyle-plugin:2.15:checkstyle (default) on project retrofit: An error has occurred in Checkstyle report generation. Failed during checkstyle execution: There is 1 error reported by Checkstyle 6.1.1 with checkstyle.xml ruleset. -> [Help 1]
[ERROR] 
[ERROR] To see the full stack trace of the errors, re-run Maven with the -e switch.
[ERROR] Re-run Maven using the -X switch to enable full debug logging.
[ERROR] 
[ERROR] For more information about the errors and possible solutions, please read the following articles:
[ERROR] [Help 1] http://cwiki.apache.org/confluence/display/MAVEN/MojoExecutionException
[ERROR] 
[ERROR] After correcting the problems, you can resume the build with the command
[ERROR]   mvn <goals> -rf :retrofit

[31;1mThe command "eval mvn install -DskipTests=true -Dmaven.javadoc.skip=true -B -V" failed. Retrying, 2 of 3.[0m

Java HotSpot(TM) 64-Bit Server VM warning: ignoring option MaxPermSize=192m; support was removed in 8.0
Apache Maven 3.2.5 (12a6b3acb947671f09b81f49094c53f426d8cea1; 2014-12-14T17:29:23+00:00)
Maven home: /usr/local/maven
Java version: 1.8.0_31, vendor: Oracle Corporation
Java home: /usr/lib/jvm/java-8-oracle/jre
Default locale: en_US, platform encoding: UTF-8
OS name: "linux", version: "3.13.0-40-generic", arch: "amd64", family: "unix"
[INFO] Scanning for projects...
[WARNING] 
[WARNING] Some problems were encountered while building the effective model for com.squareup.retrofit2:samples:jar:2.0.0-SNAPSHOT
[WARNING] 'build.plugins.plugin.version' for org.apache.maven.plugins:maven-deploy-plugin is missing. @ com.squareup.retrofit2:samples:[unknown-version], /home/travis/build/square/retrofit/samples/pom.xml, line 45, column 15
[WARNING] 
[WARNING] It is highly recommended to fix these problems because they threaten the stability of your build.
[WARNING] 
[WARNING] For this reason, future Maven versions might no longer support building such malformed projects.
[WARNING] 
[INFO] ------------------------------------------------------------------------
[INFO] Reactor Build Order:
[INFO] 
[INFO] Retrofit (Parent)
[INFO] Retrofit
[INFO] Adapters
[INFO] Adapter: RxJava
[INFO] Converters
[INFO] Converter: Gson
[INFO] Converter: Protocol Buffers
[INFO] Converter: Jackson
[INFO] Converter: Wire Protocol Buffers
[INFO] Converter: SimpleXML
[INFO] Converter: Java Scalars
[INFO] Converter: Moshi
[INFO] Retrofit Mock Adapter
[INFO] Samples
[INFO]                                                                         
[INFO] ------------------------------------------------------------------------
[INFO] Building Retrofit (Parent) 2.0.0-SNAPSHOT
[INFO] ------------------------------------------------------------------------
[INFO] 
[INFO] --- maven-enforcer-plugin:1.0:enforce (enforce-maven) @ parent ---
[INFO] 
[INFO] --- animal-sniffer-maven-plugin:1.14:check (default) @ parent ---
[INFO] Checking unresolved references to org.codehaus.mojo.signature:java16:1.1
[INFO] 
[INFO] --- maven-javadoc-plugin:2.10.3:jar (attach-javadocs) @ parent ---
[INFO] Skipping javadoc generation
[INFO] 
[INFO] --- maven-checkstyle-plugin:2.15:checkstyle (default) @ parent ---
[INFO] 
[INFO] --- maven-install-plugin:2.4:install (default-install) @ parent ---
[INFO] Installing /home/travis/build/square/retrofit/pom.xml to /home/travis/.m2/repository/com/squareup/retrofit2/parent/2.0.0-SNAPSHOT/parent-2.0.0-SNAPSHOT.pom
[INFO]                                                                         
[INFO] ------------------------------------------------------------------------
[INFO] Building Retrofit 2.0.0-SNAPSHOT
[INFO] ------------------------------------------------------------------------
[INFO] 
[INFO] --- maven-enforcer-plugin:1.0:enforce (enforce-maven) @ retrofit ---
[INFO] 
[INFO] --- maven-resources-plugin:2.6:resources (default-resources) @ retrofit ---
[INFO] Using 'UTF-8' encoding to copy filtered resources.
[INFO] skip non existing resourceDirectory /home/travis/build/square/retrofit/retrofit/src/main/resources
[INFO] 
[INFO] --- maven-compiler-plugin:3.0:compile (default-compile) @ retrofit ---
[INFO] Changes detected - recompiling the module!
[INFO] Compiling 42 source files to /home/travis/build/square/retrofit/retrofit/target/classes
[WARNING] /home/travis/build/square/retrofit/retrofit/src/main/java/retrofit2/Retrofit.java: Some input files use unchecked or unsafe operations.
[WARNING] /home/travis/build/square/retrofit/retrofit/src/main/java/retrofit2/Retrofit.java: Recompile with -Xlint:unchecked for details.
[INFO] 
[INFO] --- maven-resources-plugin:2.6:testResources (default-testResources) @ retrofit ---
[INFO] Using 'UTF-8' encoding to copy filtered resources.
[INFO] skip non existing resourceDirectory /home/travis/build/square/retrofit/retrofit/src/test/resources
[INFO] 
[INFO] --- maven-compiler-plugin:3.0:testCompile (default-testCompile) @ retrofit ---
[INFO] Changes detected - recompiling the module!
[INFO] Compiling 9 source files to /home/travis/build/square/retrofit/retrofit/target/test-classes
[WARNING] /home/travis/build/square/retrofit/retrofit/src/test/java/retrofit2/RetrofitTest.java: /home/travis/build/square/retrofit/retrofit/src/test/java/retrofit2/RetrofitTest.java uses unchecked or unsafe operations.
[WARNING] /home/travis/build/square/retrofit/retrofit/src/test/java/retrofit2/RetrofitTest.java: Recompile with -Xlint:unchecked for details.
[INFO] 
[INFO] --- maven-surefire-plugin:2.12.4:test (default-test) @ retrofit ---
[INFO] Tests are skipped.
[INFO] 
[INFO] --- animal-sniffer-maven-plugin:1.14:check (default) @ retrofit ---
[INFO] Checking unresolved references to org.codehaus.mojo.signature:java16:1.1
[INFO] 
[INFO] --- maven-jar-plugin:2.4:jar (default-jar) @ retrofit ---
[INFO] Building jar: /home/travis/build/square/retrofit/retrofit/target/retrofit-2.0.0-SNAPSHOT.jar
[INFO] 
[INFO] --- maven-javadoc-plugin:2.10.3:jar (attach-javadocs) @ retrofit ---
[INFO] Skipping javadoc generation
[INFO] 
[INFO] --- maven-checkstyle-plugin:2.15:checkstyle (default) @ retrofit ---
[INFO] Starting audit...
/home/travis/build/square/retrofit/retrofit/src/main/java/retrofit2/RequestFactoryParser.java:247: Line is longer than 100 characters (found 101).
Audit done.
[INFO] ------------------------------------------------------------------------
[INFO] Reactor Summary:
[INFO] 
[INFO] Retrofit (Parent) .................................. SUCCESS [  6.556 s]
[INFO] Retrofit ........................................... FAILURE [ 14.679 s]
[INFO] Adapters ........................................... SKIPPED
[INFO] Adapter: RxJava .................................... SKIPPED
[INFO] Converters ......................................... SKIPPED
[INFO] Converter: Gson .................................... SKIPPED
[INFO] Converter: Protocol Buffers ........................ SKIPPED
[INFO] Converter: Jackson ................................. SKIPPED
[INFO] Converter: Wire Protocol Buffers ................... SKIPPED
[INFO] Converter: SimpleXML ............................... SKIPPED
[INFO] Converter: Java Scalars ............................ SKIPPED
[INFO] Converter: Moshi ................................... SKIPPED
[INFO] Retrofit Mock Adapter .............................. SKIPPED
[INFO] Samples ............................................ SKIPPED
[INFO] ------------------------------------------------------------------------
[INFO] BUILD FAILURE
[INFO] ------------------------------------------------------------------------
[INFO] Total time: 21.700 s
[INFO] Finished at: 2016-01-05T05:42:57+00:00
[INFO] Final Memory: 34M/330M
[INFO] ------------------------------------------------------------------------
[ERROR] Failed to execute goal org.apache.maven.plugins:maven-checkstyle-plugin:2.15:checkstyle (default) on project retrofit: An error has occurred in Checkstyle report generation. Failed during checkstyle execution: There is 1 error reported by Checkstyle 6.1.1 with checkstyle.xml ruleset. -> [Help 1]
[ERROR] 
[ERROR] To see the full stack trace of the errors, re-run Maven with the -e switch.
[ERROR] Re-run Maven using the -X switch to enable full debug logging.
[ERROR] 
[ERROR] For more information about the errors and possible solutions, please read the following articles:
[ERROR] [Help 1] http://cwiki.apache.org/confluence/display/MAVEN/MojoExecutionException
[ERROR] 
[ERROR] After correcting the problems, you can resume the build with the command
[ERROR]   mvn <goals> -rf :retrofit

[31;1mThe command "eval mvn install -DskipTests=true -Dmaven.javadoc.skip=true -B -V" failed. Retrying, 3 of 3.[0m

Java HotSpot(TM) 64-Bit Server VM warning: ignoring option MaxPermSize=192m; support was removed in 8.0
Apache Maven 3.2.5 (12a6b3acb947671f09b81f49094c53f426d8cea1; 2014-12-14T17:29:23+00:00)
Maven home: /usr/local/maven
Java version: 1.8.0_31, vendor: Oracle Corporation
Java home: /usr/lib/jvm/java-8-oracle/jre
Default locale: en_US, platform encoding: UTF-8
OS name: "linux", version: "3.13.0-40-generic", arch: "amd64", family: "unix"
[INFO] Scanning for projects...
[WARNING] 
[WARNING] Some problems were encountered while building the effective model for com.squareup.retrofit2:samples:jar:2.0.0-SNAPSHOT
[WARNING] 'build.plugins.plugin.version' for org.apache.maven.plugins:maven-deploy-plugin is missing. @ com.squareup.retrofit2:samples:[unknown-version], /home/travis/build/square/retrofit/samples/pom.xml, line 45, column 15
[WARNING] 
[WARNING] It is highly recommended to fix these problems because they threaten the stability of your build.
[WARNING] 
[WARNING] For this reason, future Maven versions might no longer support building such malformed projects.
[WARNING] 
[INFO] ------------------------------------------------------------------------
[INFO] Reactor Build Order:
[INFO] 
[INFO] Retrofit (Parent)
[INFO] Retrofit
[INFO] Adapters
[INFO] Adapter: RxJava
[INFO] Converters
[INFO] Converter: Gson
[INFO] Converter: Protocol Buffers
[INFO] Converter: Jackson
[INFO] Converter: Wire Protocol Buffers
[INFO] Converter: SimpleXML
[INFO] Converter: Java Scalars
[INFO] Converter: Moshi
[INFO] Retrofit Mock Adapter
[INFO] Samples
[INFO]                                                                         
[INFO] ------------------------------------------------------------------------
[INFO] Building Retrofit (Parent) 2.0.0-SNAPSHOT
[INFO] ------------------------------------------------------------------------
[INFO] 
[INFO] --- maven-enforcer-plugin:1.0:enforce (enforce-maven) @ parent ---
[INFO] 
[INFO] --- animal-sniffer-maven-plugin:1.14:check (default) @ parent ---
[INFO] Checking unresolved references to org.codehaus.mojo.signature:java16:1.1
[INFO] 
[INFO] --- maven-javadoc-plugin:2.10.3:jar (attach-javadocs) @ parent ---
[INFO] Skipping javadoc generation
[INFO] 
[INFO] --- maven-checkstyle-plugin:2.15:checkstyle (default) @ parent ---
[INFO] 
[INFO] --- maven-install-plugin:2.4:install (default-install) @ parent ---
[INFO] Installing /home/travis/build/square/retrofit/pom.xml to /home/travis/.m2/repository/com/squareup/retrofit2/parent/2.0.0-SNAPSHOT/parent-2.0.0-SNAPSHOT.pom
[INFO]                                                                         
[INFO] ------------------------------------------------------------------------
[INFO] Building Retrofit 2.0.0-SNAPSHOT
[INFO] ------------------------------------------------------------------------
[INFO] 
[INFO] --- maven-enforcer-plugin:1.0:enforce (enforce-maven) @ retrofit ---
[INFO] 
[INFO] --- maven-resources-plugin:2.6:resources (default-resources) @ retrofit ---
[INFO] Using 'UTF-8' encoding to copy filtered resources.
[INFO] skip non existing resourceDirectory /home/travis/build/square/retrofit/retrofit/src/main/resources
[INFO] 
[INFO] --- maven-compiler-plugin:3.0:compile (default-compile) @ retrofit ---
[INFO] Changes detected - recompiling the module!
[INFO] Compiling 42 source files to /home/travis/build/square/retrofit/retrofit/target/classes
[WARNING] /home/travis/build/square/retrofit/retrofit/src/main/java/retrofit2/Retrofit.java: Some input files use unchecked or unsafe operations.
[WARNING] /home/travis/build/square/retrofit/retrofit/src/main/java/retrofit2/Retrofit.java: Recompile with -Xlint:unchecked for details.
[INFO] 
[INFO] --- maven-resources-plugin:2.6:testResources (default-testResources) @ retrofit ---
[INFO] Using 'UTF-8' encoding to copy filtered resources.
[INFO] skip non existing resourceDirectory /home/travis/build/square/retrofit/retrofit/src/test/resources
[INFO] 
[INFO] --- maven-compiler-plugin:3.0:testCompile (default-testCompile) @ retrofit ---
[INFO] Changes detected - recompiling the module!
[INFO] Compiling 9 source files to /home/travis/build/square/retrofit/retrofit/target/test-classes
[WARNING] /home/travis/build/square/retrofit/retrofit/src/test/java/retrofit2/RetrofitTest.java: /home/travis/build/square/retrofit/retrofit/src/test/java/retrofit2/RetrofitTest.java uses unchecked or unsafe operations.
[WARNING] /home/travis/build/square/retrofit/retrofit/src/test/java/retrofit2/RetrofitTest.java: Recompile with -Xlint:unchecked for details.
[INFO] 
[INFO] --- maven-surefire-plugin:2.12.4:test (default-test) @ retrofit ---
[INFO] Tests are skipped.
[INFO] 
[INFO] --- animal-sniffer-maven-plugin:1.14:check (default) @ retrofit ---
[INFO] Checking unresolved references to org.codehaus.mojo.signature:java16:1.1
[INFO] 
[INFO] --- maven-jar-plugin:2.4:jar (default-jar) @ retrofit ---
[INFO] Building jar: /home/travis/build/square/retrofit/retrofit/target/retrofit-2.0.0-SNAPSHOT.jar
[INFO] 
[INFO] --- maven-javadoc-plugin:2.10.3:jar (attach-javadocs) @ retrofit ---
[INFO] Skipping javadoc generation
[INFO] 
[INFO] --- maven-checkstyle-plugin:2.15:checkstyle (default) @ retrofit ---
[INFO] Starting audit...
/home/travis/build/square/retrofit/retrofit/src/main/java/retrofit2/RequestFactoryParser.java:247: Line is longer than 100 characters (found 101).
Audit done.
[INFO] ------------------------------------------------------------------------
[INFO] Reactor Summary:
[INFO] 
[INFO] Retrofit (Parent) .................................. SUCCESS [  5.875 s]
[INFO] Retrofit ........................................... FAILURE [ 15.313 s]
[INFO] Adapters ........................................... SKIPPED
[INFO] Adapter: RxJava .................................... SKIPPED
[INFO] Converters ......................................... SKIPPED
[INFO] Converter: Gson .................................... SKIPPED
[INFO] Converter: Protocol Buffers ........................ SKIPPED
[INFO] Converter: Jackson ................................. SKIPPED
[INFO] Converter: Wire Protocol Buffers ................... SKIPPED
[INFO] Converter: SimpleXML ............................... SKIPPED
[INFO] Converter: Java Scalars ............................ SKIPPED
[INFO] Converter: Moshi ................................... SKIPPED
[INFO] Retrofit Mock Adapter .............................. SKIPPED
[INFO] Samples ............................................ SKIPPED
[INFO] ------------------------------------------------------------------------
[INFO] BUILD FAILURE
[INFO] ------------------------------------------------------------------------
[INFO] Total time: 21.662 s
[INFO] Finished at: 2016-01-05T05:43:26+00:00
[INFO] Final Memory: 34M/351M
[INFO] ------------------------------------------------------------------------
[ERROR] Failed to execute goal org.apache.maven.plugins:maven-checkstyle-plugin:2.15:checkstyle (default) on project retrofit: An error has occurred in Checkstyle report generation. Failed during checkstyle execution: There is 1 error reported by Checkstyle 6.1.1 with checkstyle.xml ruleset. -> [Help 1]
[ERROR] 
[ERROR] To see the full stack trace of the errors, re-run Maven with the -e switch.
[ERROR] Re-run Maven using the -X switch to enable full debug logging.
[ERROR] 
[ERROR] For more information about the errors and possible solutions, please read the following articles:
[ERROR] [Help 1] http://cwiki.apache.org/confluence/display/MAVEN/MojoExecutionException
[ERROR] 
[ERROR] After correcting the problems, you can resume the build with the command
[ERROR]   mvn <goals> -rf :retrofit

[31;1mThe command "eval mvn install -DskipTests=true -Dmaven.javadoc.skip=true -B -V" failed 3 times.[0m

travis_time:end:07e1dfc1:start=1451972517009188686,finish=1451972610375454458,duration=93366265772[0K
[31;1mThe command "mvn install -DskipTests=true -Dmaven.javadoc.skip=true -B -V" failed and exited with 1 during .[0m

Your build has been stopped.
