Using worker: worker-linux-docker-7d317084.prod.travis-ci.org:travis-linux-7

travis_fold:start:system_info[0K[33;1mBuild system information[0m
Build language: java
Build group: stable
Build dist: precise
[34m[1mBuild image provisioning date and time[0m
Thu Feb  5 15:09:33 UTC 2015
[34m[1mOperating System Details[0m
Distributor ID:	Ubuntu
Description:	Ubuntu 12.04.5 LTS
Release:	12.04
Codename:	precise
[34m[1mLinux Version[0m
3.13.0-29-generic
[34m[1mCookbooks Version[0m
a68419e https://github.com/travis-ci/travis-cookbooks/tree/a68419e
[34m[1mGCC version[0m
gcc (Ubuntu/Linaro 4.6.3-1ubuntu5) 4.6.3
Copyright (C) 2011 Free Software Foundation, Inc.
This is free software; see the source for copying conditions.  There is NO
warranty; not even for MERCHANTABILITY or FITNESS FOR A PARTICULAR PURPOSE.

[34m[1mLLVM version[0m
clang version 3.4 (tags/RELEASE_34/final)
Target: x86_64-unknown-linux-gnu
Thread model: posix
[34m[1mPre-installed Ruby versions[0m
ruby-1.9.3-p551
[34m[1mPre-installed Node.js versions[0m
v0.10.36
[34m[1mPre-installed Go versions[0m
1.4.1
[34m[1mRedis version[0m
redis-server 2.8.19
[34m[1mriak version[0m
2.0.2
[34m[1mMongoDB version[0m
MongoDB 2.4.12
[34m[1mCouchDB version[0m
couchdb 1.6.1
[34m[1mNeo4j version[0m
1.9.4
[34m[1mRabbitMQ Version[0m
3.4.3
[34m[1mElasticSearch version[0m
1.4.0
[34m[1mInstalled Sphinx versions[0m
2.0.10
2.1.9
2.2.6
[34m[1mDefault Sphinx version[0m
2.2.6
[34m[1mInstalled Firefox version[0m
firefox 31.0esr
[34m[1mPhantomJS version[0m
1.9.8
[34m[1mant -version[0m
Apache Ant(TM) version 1.8.2 compiled on December 3 2011
[34m[1mmvn -version[0m
Apache Maven 3.2.5 (12a6b3acb947671f09b81f49094c53f426d8cea1; 2014-12-14T17:29:23+00:00)
Maven home: /usr/local/maven
Java version: 1.7.0_76, vendor: Oracle Corporation
Java home: /usr/lib/jvm/java-7-oracle/jre
Default locale: en_US, platform encoding: ANSI_X3.4-1968
OS name: "linux", version: "3.13.0-29-generic", arch: "amd64", family: "unix"
travis_fold:end:system_info[0K
travis_fold:start:git.checkout[0Ktravis_time:start:0dbbaa8c[0K$ git clone --depth=50 --branch=setheclark-exception_msg_correction https://github.com/square/retrofit.git square/retrofit
Cloning into 'square/retrofit'...
remote: Counting objects: 1646, done.[K
remote: Compressing objects:   0% (1/750)   [Kremote: Compressing objects:   1% (8/750)   [Kremote: Compressing objects:   2% (15/750)   [Kremote: Compressing objects:   3% (23/750)   [Kremote: Compressing objects:   4% (30/750)   [Kremote: Compressing objects:   5% (38/750)   [Kremote: Compressing objects:   6% (45/750)   [Kremote: Compressing objects:   7% (53/750)   [Kremote: Compressing objects:   8% (60/750)   [Kremote: Compressing objects:   9% (68/750)   [Kremote: Compressing objects:  10% (75/750)   [Kremote: Compressing objects:  11% (83/750)   [Kremote: Compressing objects:  12% (90/750)   [Kremote: Compressing objects:  13% (98/750)   [Kremote: Compressing objects:  14% (105/750)   [Kremote: Compressing objects:  15% (113/750)   [Kremote: Compressing objects:  16% (120/750)   [Kremote: Compressing objects:  17% (128/750)   [Kremote: Compressing objects:  18% (135/750)   [Kremote: Compressing objects:  19% (143/750)   [Kremote: Compressing objects:  20% (150/750)   [Kremote: Compressing objects:  21% (158/750)   [Kremote: Compressing objects:  22% (165/750)   [Kremote: Compressing objects:  23% (173/750)   [Kremote: Compressing objects:  24% (180/750)   [Kremote: Compressing objects:  25% (188/750)   [Kremote: Compressing objects:  26% (195/750)   [Kremote: Compressing objects:  27% (203/750)   [Kremote: Compressing objects:  28% (210/750)   [Kremote: Compressing objects:  29% (218/750)   [Kremote: Compressing objects:  30% (225/750)   [Kremote: Compressing objects:  31% (233/750)   [Kremote: Compressing objects:  32% (240/750)   [Kremote: Compressing objects:  33% (248/750)   [Kremote: Compressing objects:  34% (255/750)   [Kremote: Compressing objects:  35% (263/750)   [Kremote: Compressing objects:  36% (270/750)   [Kremote: Compressing objects:  37% (278/750)   [Kremote: Compressing objects:  38% (285/750)   [Kremote: Compressing objects:  39% (293/750)   [Kremote: Compressing objects:  40% (300/750)   [Kremote: Compressing objects:  41% (308/750)   [Kremote: Compressing objects:  42% (315/750)   [Kremote: Compressing objects:  43% (323/750)   [Kremote: Compressing objects:  44% (330/750)   [Kremote: Compressing objects:  45% (338/750)   [Kremote: Compressing objects:  46% (345/750)   [Kremote: Compressing objects:  47% (353/750)   [Kremote: Compressing objects:  48% (360/750)   [Kremote: Compressing objects:  49% (368/750)   [Kremote: Compressing objects:  50% (375/750)   [Kremote: Compressing objects:  51% (383/750)   [Kremote: Compressing objects:  52% (390/750)   [Kremote: Compressing objects:  53% (398/750)   [Kremote: Compressing objects:  54% (405/750)   [Kremote: Compressing objects:  55% (413/750)   [Kremote: Compressing objects:  56% (420/750)   [Kremote: Compressing objects:  57% (428/750)   [Kremote: Compressing objects:  58% (435/750)   [Kremote: Compressing objects:  59% (443/750)   [Kremote: Compressing objects:  60% (450/750)   [Kremote: Compressing objects:  61% (458/750)   [Kremote: Compressing objects:  62% (465/750)   [Kremote: Compressing objects:  63% (473/750)   [Kremote: Compressing objects:  64% (480/750)   [Kremote: Compressing objects:  65% (488/750)   [Kremote: Compressing objects:  66% (495/750)   [Kremote: Compressing objects:  67% (503/750)   [Kremote: Compressing objects:  68% (510/750)   [Kremote: Compressing objects:  69% (518/750)   [Kremote: Compressing objects:  70% (525/750)   [Kremote: Compressing objects:  71% (533/750)   [Kremote: Compressing objects:  72% (540/750)   [Kremote: Compressing objects:  73% (548/750)   [Kremote: Compressing objects:  74% (555/750)   [Kremote: Compressing objects:  75% (563/750)   [Kremote: Compressing objects:  76% (570/750)   [Kremote: Compressing objects:  77% (578/750)   [Kremote: Compressing objects:  78% (585/750)   [Kremote: Compressing objects:  79% (593/750)   [Kremote: Compressing objects:  80% (600/750)   [Kremote: Compressing objects:  81% (608/750)   [Kremote: Compressing objects:  82% (615/750)   [Kremote: Compressing objects:  83% (623/750)   [Kremote: Compressing objects:  84% (630/750)   [Kremote: Compressing objects:  85% (638/750)   [Kremote: Compressing objects:  86% (645/750)   [Kremote: Compressing objects:  87% (653/750)   [Kremote: Compressing objects:  88% (660/750)   [Kremote: Compressing objects:  89% (668/750)   [Kremote: Compressing objects:  90% (675/750)   [Kremote: Compressing objects:  91% (683/750)   [Kremote: Compressing objects:  92% (690/750)   [Kremote: Compressing objects:  93% (698/750)   [Kremote: Compressing objects:  94% (705/750)   [Kremote: Compressing objects:  95% (713/750)   [Kremote: Compressing objects:  96% (720/750)   [Kremote: Compressing objects:  97% (728/750)   [Kremote: Compressing objects:  98% (735/750)   [Kremote: Compressing objects:  99% (743/750)   [Kremote: Compressing objects: 100% (750/750)   [Kremote: Compressing objects: 100% (750/750), done.[K
Receiving objects:   0% (1/1646)   Receiving objects:   1% (17/1646)   Receiving objects:   2% (33/1646)   Receiving objects:   3% (50/1646)   Receiving objects:   4% (66/1646)   Receiving objects:   5% (83/1646)   Receiving objects:   6% (99/1646)   Receiving objects:   7% (116/1646)   Receiving objects:   8% (132/1646)   Receiving objects:   9% (149/1646)   Receiving objects:  10% (165/1646)   Receiving objects:  11% (182/1646)   Receiving objects:  12% (198/1646)   Receiving objects:  13% (214/1646)   Receiving objects:  14% (231/1646)   Receiving objects:  15% (247/1646)   Receiving objects:  16% (264/1646)   Receiving objects:  17% (280/1646)   Receiving objects:  18% (297/1646)   Receiving objects:  19% (313/1646)   Receiving objects:  20% (330/1646)   Receiving objects:  21% (346/1646)   Receiving objects:  22% (363/1646)   Receiving objects:  23% (379/1646)   Receiving objects:  24% (396/1646)   Receiving objects:  25% (412/1646)   Receiving objects:  26% (428/1646)   Receiving objects:  27% (445/1646)   Receiving objects:  28% (461/1646)   Receiving objects:  29% (478/1646)   Receiving objects:  30% (494/1646)   Receiving objects:  31% (511/1646)   Receiving objects:  32% (527/1646)   Receiving objects:  33% (544/1646)   Receiving objects:  34% (560/1646)   Receiving objects:  35% (577/1646)   Receiving objects:  36% (593/1646)   Receiving objects:  37% (610/1646)   Receiving objects:  38% (626/1646)   Receiving objects:  39% (642/1646)   Receiving objects:  40% (659/1646)   Receiving objects:  41% (675/1646)   Receiving objects:  42% (692/1646)   Receiving objects:  43% (708/1646)   Receiving objects:  44% (725/1646)   Receiving objects:  45% (741/1646)   Receiving objects:  46% (758/1646)   Receiving objects:  47% (774/1646)   Receiving objects:  48% (791/1646)   Receiving objects:  49% (807/1646)   Receiving objects:  50% (823/1646)   Receiving objects:  51% (840/1646)   Receiving objects:  52% (856/1646)   Receiving objects:  53% (873/1646)   Receiving objects:  54% (889/1646)   Receiving objects:  55% (906/1646)   Receiving objects:  56% (922/1646)   Receiving objects:  57% (939/1646)   Receiving objects:  58% (955/1646)   Receiving objects:  59% (972/1646)   Receiving objects:  60% (988/1646)   Receiving objects:  61% (1005/1646)   Receiving objects:  62% (1021/1646)   Receiving objects:  63% (1037/1646)   Receiving objects:  64% (1054/1646)   Receiving objects:  65% (1070/1646)   Receiving objects:  66% (1087/1646)   Receiving objects:  67% (1103/1646)   Receiving objects:  68% (1120/1646)   Receiving objects:  69% (1136/1646)   Receiving objects:  70% (1153/1646)   Receiving objects:  71% (1169/1646)   Receiving objects:  72% (1186/1646)   remote: Total 1646 (delta 654), reused 1447 (delta 486), pack-reused 0[K
Receiving objects:  73% (1202/1646)   Receiving objects:  74% (1219/1646)   Receiving objects:  75% (1235/1646)   Receiving objects:  76% (1251/1646)   Receiving objects:  77% (1268/1646)   Receiving objects:  78% (1284/1646)   Receiving objects:  79% (1301/1646)   Receiving objects:  80% (1317/1646)   Receiving objects:  81% (1334/1646)   Receiving objects:  82% (1350/1646)   Receiving objects:  83% (1367/1646)   Receiving objects:  84% (1383/1646)   Receiving objects:  85% (1400/1646)   Receiving objects:  86% (1416/1646)   Receiving objects:  87% (1433/1646)   Receiving objects:  88% (1449/1646)   Receiving objects:  89% (1465/1646)   Receiving objects:  90% (1482/1646)   Receiving objects:  91% (1498/1646)   Receiving objects:  92% (1515/1646)   Receiving objects:  93% (1531/1646)   Receiving objects:  94% (1548/1646)   Receiving objects:  95% (1564/1646)   Receiving objects:  96% (1581/1646)   Receiving objects:  97% (1597/1646)   Receiving objects:  98% (1614/1646)   Receiving objects:  99% (1630/1646)   Receiving objects: 100% (1646/1646)   Receiving objects: 100% (1646/1646), 368.89 KiB | 0 bytes/s, done.
Resolving deltas:   0% (0/654)   Resolving deltas:   3% (26/654)   Resolving deltas:   4% (28/654)   Resolving deltas:   6% (42/654)   Resolving deltas:   7% (46/654)   Resolving deltas:   8% (53/654)   Resolving deltas:  14% (98/654)   Resolving deltas:  15% (99/654)   Resolving deltas:  17% (112/654)   Resolving deltas:  18% (120/654)   Resolving deltas:  19% (126/654)   Resolving deltas:  20% (132/654)   Resolving deltas:  22% (150/654)   Resolving deltas:  25% (168/654)   Resolving deltas:  29% (195/654)   Resolving deltas:  31% (203/654)   Resolving deltas:  34% (224/654)   Resolving deltas:  36% (237/654)   Resolving deltas:  37% (244/654)   Resolving deltas:  38% (249/654)   Resolving deltas:  39% (261/654)   Resolving deltas:  40% (263/654)   Resolving deltas:  41% (270/654)   Resolving deltas:  43% (286/654)   Resolving deltas:  45% (295/654)   Resolving deltas:  47% (308/654)   Resolving deltas:  48% (316/654)   Resolving deltas:  49% (323/654)   Resolving deltas:  50% (331/654)   Resolving deltas:  51% (339/654)   Resolving deltas:  53% (351/654)   Resolving deltas:  54% (357/654)   Resolving deltas:  55% (361/654)   Resolving deltas:  56% (368/654)   Resolving deltas:  57% (378/654)   Resolving deltas:  58% (382/654)   Resolving deltas:  60% (396/654)   Resolving deltas:  61% (404/654)   Resolving deltas:  62% (409/654)   Resolving deltas:  67% (442/654)   Resolving deltas:  70% (462/654)   Resolving deltas:  71% (466/654)   Resolving deltas:  72% (471/654)   Resolving deltas:  74% (487/654)   Resolving deltas:  75% (496/654)   Resolving deltas:  76% (500/654)   Resolving deltas:  78% (511/654)   Resolving deltas:  79% (517/654)   Resolving deltas:  80% (525/654)   Resolving deltas:  81% (532/654)   Resolving deltas:  87% (572/654)   Resolving deltas:  89% (584/654)   Resolving deltas:  90% (592/654)   Resolving deltas:  91% (597/654)   Resolving deltas:  92% (602/654)   Resolving deltas:  93% (610/654)   Resolving deltas:  94% (615/654)   Resolving deltas:  95% (623/654)   Resolving deltas:  96% (633/654)   Resolving deltas:  97% (635/654)   Resolving deltas:  99% (650/654)   Resolving deltas: 100% (654/654)   Resolving deltas: 100% (654/654), done.
Checking connectivity... done.

travis_time:end:0dbbaa8c:start=1453536148501548510,finish=1453536148953019348,duration=451470838[0K$ cd square/retrofit
$ git checkout -qf eb969ac88e75ca9aa0fbd53f9a78508ab2d28890
travis_fold:end:git.checkout[0K
[33;1mThis job is running on container-based infrastructure, which does not allow use of 'sudo', setuid and setguid executables.[0m
[33;1mIf you require sudo, add 'sudo: required' to your .travis.yml[0m
[33;1mSee https://docs.travis-ci.com/user/workers/container-based-infrastructure/ for details.[0m

[33;1mSetting environment variables from .travis.yml[0m
$ export CI_DEPLOY_USERNAME=[secure]
$ export CI_DEPLOY_PASSWORD=[secure]

travis_fold:start:cache.1[0KSetting up build cache
$ export CASHER_DIR=$HOME/.casher
travis_time:start:2ad4e2c8[0K$ Installing caching utilities

travis_time:end:2ad4e2c8:start=1453536150393942136,finish=1453536150417680766,duration=23738630[0Ktravis_time:start:07d304fc[0K
travis_time:end:07d304fc:start=1453536150421980571,finish=1453536150424869126,duration=2888555[0Ktravis_time:start:0516442e[0K[32;1mattempting to download cache archive[0m
[32;1mfetching setheclark-exception_msg_correction/cache--jdk-oraclejdk8.tgz[0m
[32;1mfetching setheclark-exception_msg_correction/cache--jdk-oraclejdk8.tbz[0m
[32;1mfetching master/cache--jdk-oraclejdk8.tgz[0m
[32;1mfound cache[0m

travis_time:end:0516442e:start=1453536150428366902,finish=1453536153104687585,duration=2676320683[0Ktravis_time:start:0853d2b0[0K
travis_time:end:0853d2b0:start=1453536153108347502,finish=1453536153111469574,duration=3122072[0Ktravis_time:start:0603e08c[0K[32;1madding /home/travis/.m2 to cache[0m

travis_time:end:0603e08c:start=1453536153115021061,finish=1453536154669425903,duration=1554404842[0Ktravis_fold:end:cache.1[0K$ jdk_switcher use oraclejdk8
Switching to Oracle JDK8 (java-8-oracle), JAVA_HOME will be set to /usr/lib/jvm/java-8-oracle
$ java -Xmx32m -version
java version "1.8.0_31"
Java(TM) SE Runtime Environment (build 1.8.0_31-b13)
Java HotSpot(TM) 64-Bit Server VM (build 25.31-b07, mixed mode)
$ javac -J-Xmx32m -version
javac 1.8.0_31
travis_fold:start:install[0Ktravis_time:start:1073bfa0[0K$ mvn install -DskipTests=true -Dmaven.javadoc.skip=true -B -V
Java HotSpot(TM) 64-Bit Server VM warning: ignoring option MaxPermSize=192m; support was removed in 8.0
Apache Maven 3.2.5 (12a6b3acb947671f09b81f49094c53f426d8cea1; 2014-12-14T17:29:23+00:00)
Maven home: /usr/local/maven
Java version: 1.8.0_31, vendor: Oracle Corporation
Java home: /usr/lib/jvm/java-8-oracle/jre
Default locale: en_US, platform encoding: UTF-8
OS name: "linux", version: "3.13.0-40-generic", arch: "amd64", family: "unix"
[INFO] Scanning for projects...
[WARNING] 
[WARNING] Some problems were encountered while building the effective model for com.squareup.retrofit2:samples:jar:2.0.0-SNAPSHOT
[WARNING] 'build.plugins.plugin.version' for org.apache.maven.plugins:maven-deploy-plugin is missing. @ com.squareup.retrofit2:samples:[unknown-version], /home/travis/build/square/retrofit/samples/pom.xml, line 45, column 15
[WARNING] 
[WARNING] It is highly recommended to fix these problems because they threaten the stability of your build.
[WARNING] 
[WARNING] For this reason, future Maven versions might no longer support building such malformed projects.
[WARNING] 
[INFO] ------------------------------------------------------------------------
[INFO] Reactor Build Order:
[INFO] 
[INFO] Retrofit (Parent)
[INFO] Retrofit
[INFO] Adapters
[INFO] Adapter: RxJava
[INFO] Converters
[INFO] Converter: Gson
[INFO] Converter: Protocol Buffers
[INFO] Converter: Jackson
[INFO] Converter: Wire Protocol Buffers
[INFO] Converter: SimpleXML
[INFO] Converter: Java Scalars
[INFO] Converter: Moshi
[INFO] Retrofit Mock Adapter
[INFO] Samples
[INFO]                                                                         
[INFO] ------------------------------------------------------------------------
[INFO] Building Retrofit (Parent) 2.0.0-SNAPSHOT
[INFO] ------------------------------------------------------------------------
[INFO] 
[INFO] --- maven-enforcer-plugin:1.0:enforce (enforce-maven) @ parent ---
[INFO] 
[INFO] --- animal-sniffer-maven-plugin:1.14:check (default) @ parent ---
[INFO] Checking unresolved references to org.codehaus.mojo.signature:java16:1.1
[INFO] 
[INFO] --- maven-javadoc-plugin:2.10.3:jar (attach-javadocs) @ parent ---
[INFO] Skipping javadoc generation
[INFO] 
[INFO] --- maven-checkstyle-plugin:2.15:checkstyle (default) @ parent ---
[INFO] 
[INFO] --- maven-install-plugin:2.4:install (default-install) @ parent ---
[INFO] Installing /home/travis/build/square/retrofit/pom.xml to /home/travis/.m2/repository/com/squareup/retrofit2/parent/2.0.0-SNAPSHOT/parent-2.0.0-SNAPSHOT.pom
[INFO]                                                                         
[INFO] ------------------------------------------------------------------------
[INFO] Building Retrofit 2.0.0-SNAPSHOT
[INFO] ------------------------------------------------------------------------
[INFO] 
[INFO] --- maven-enforcer-plugin:1.0:enforce (enforce-maven) @ retrofit ---
[INFO] 
[INFO] --- maven-resources-plugin:2.6:resources (default-resources) @ retrofit ---
[INFO] Using 'UTF-8' encoding to copy filtered resources.
[INFO] skip non existing resourceDirectory /home/travis/build/square/retrofit/retrofit/src/main/resources
[INFO] 
[INFO] --- maven-compiler-plugin:3.0:compile (default-compile) @ retrofit ---
[INFO] Changes detected - recompiling the module!
[INFO] Compiling 42 source files to /home/travis/build/square/retrofit/retrofit/target/classes
[WARNING] /home/travis/build/square/retrofit/retrofit/src/main/java/retrofit2/Retrofit.java: Some input files use unchecked or unsafe operations.
[WARNING] /home/travis/build/square/retrofit/retrofit/src/main/java/retrofit2/Retrofit.java: Recompile with -Xlint:unchecked for details.
[INFO] 
[INFO] --- maven-resources-plugin:2.6:testResources (default-testResources) @ retrofit ---
[INFO] Using 'UTF-8' encoding to copy filtered resources.
[INFO] skip non existing resourceDirectory /home/travis/build/square/retrofit/retrofit/src/test/resources
[INFO] 
[INFO] --- maven-compiler-plugin:3.0:testCompile (default-testCompile) @ retrofit ---
[INFO] Changes detected - recompiling the module!
[INFO] Compiling 12 source files to /home/travis/build/square/retrofit/retrofit/target/test-classes
[WARNING] /home/travis/build/square/retrofit/retrofit/src/test/java/retrofit2/RetrofitTest.java: /home/travis/build/square/retrofit/retrofit/src/test/java/retrofit2/RetrofitTest.java uses unchecked or unsafe operations.
[WARNING] /home/travis/build/square/retrofit/retrofit/src/test/java/retrofit2/RetrofitTest.java: Recompile with -Xlint:unchecked for details.
[INFO] 
[INFO] --- maven-surefire-plugin:2.12.4:test (default-test) @ retrofit ---
[INFO] Tests are skipped.
[INFO] 
[INFO] --- animal-sniffer-maven-plugin:1.14:check (default) @ retrofit ---
[INFO] Checking unresolved references to org.codehaus.mojo.signature:java16:1.1
[INFO] 
[INFO] --- maven-jar-plugin:2.4:jar (default-jar) @ retrofit ---
[INFO] Building jar: /home/travis/build/square/retrofit/retrofit/target/retrofit-2.0.0-SNAPSHOT.jar
[INFO] 
[INFO] --- maven-javadoc-plugin:2.10.3:jar (attach-javadocs) @ retrofit ---
[INFO] Skipping javadoc generation
[INFO] 
[INFO] --- maven-checkstyle-plugin:2.15:checkstyle (default) @ retrofit ---
[INFO] Starting audit...
Audit done.
[WARNING] Unable to locate Source XRef to link to - DISABLED
[INFO] 
[INFO] --- maven-install-plugin:2.4:install (default-install) @ retrofit ---
[INFO] Installing /home/travis/build/square/retrofit/retrofit/target/retrofit-2.0.0-SNAPSHOT.jar to /home/travis/.m2/repository/com/squareup/retrofit2/retrofit/2.0.0-SNAPSHOT/retrofit-2.0.0-SNAPSHOT.jar
[INFO] Installing /home/travis/build/square/retrofit/retrofit/pom.xml to /home/travis/.m2/repository/com/squareup/retrofit2/retrofit/2.0.0-SNAPSHOT/retrofit-2.0.0-SNAPSHOT.pom
[INFO]                                                                         
[INFO] ------------------------------------------------------------------------
[INFO] Building Adapters 2.0.0-SNAPSHOT
[INFO] ------------------------------------------------------------------------
[INFO] 
[INFO] --- maven-enforcer-plugin:1.0:enforce (enforce-maven) @ retrofit-adapters ---
[INFO] 
[INFO] --- animal-sniffer-maven-plugin:1.14:check (default) @ retrofit-adapters ---
[INFO] Checking unresolved references to org.codehaus.mojo.signature:java16:1.1
[INFO] 
[INFO] --- maven-javadoc-plugin:2.10.3:jar (attach-javadocs) @ retrofit-adapters ---
[INFO] Skipping javadoc generation
[INFO] 
[INFO] --- maven-checkstyle-plugin:2.15:checkstyle (default) @ retrofit-adapters ---
[INFO] 
[INFO] --- maven-install-plugin:2.4:install (default-install) @ retrofit-adapters ---
[INFO] Installing /home/travis/build/square/retrofit/retrofit-adapters/pom.xml to /home/travis/.m2/repository/com/squareup/retrofit2/retrofit-adapters/2.0.0-SNAPSHOT/retrofit-adapters-2.0.0-SNAPSHOT.pom
[INFO]                                                                         
[INFO] ------------------------------------------------------------------------
[INFO] Building Adapter: RxJava 2.0.0-SNAPSHOT
[INFO] ------------------------------------------------------------------------
[INFO] 
[INFO] --- maven-enforcer-plugin:1.0:enforce (enforce-maven) @ adapter-rxjava ---
[INFO] 
[INFO] --- maven-resources-plugin:2.6:resources (default-resources) @ adapter-rxjava ---
[INFO] Using 'UTF-8' encoding to copy filtered resources.
[INFO] skip non existing resourceDirectory /home/travis/build/square/retrofit/retrofit-adapters/rxjava/src/main/resources
[INFO] 
[INFO] --- maven-compiler-plugin:3.0:compile (default-compile) @ adapter-rxjava ---
[INFO] Changes detected - recompiling the module!
[INFO] Compiling 4 source files to /home/travis/build/square/retrofit/retrofit-adapters/rxjava/target/classes
[INFO] 
[INFO] --- maven-resources-plugin:2.6:testResources (default-testResources) @ adapter-rxjava ---
[INFO] Using 'UTF-8' encoding to copy filtered resources.
[INFO] skip non existing resourceDirectory /home/travis/build/square/retrofit/retrofit-adapters/rxjava/src/test/resources
[INFO] 
[INFO] --- maven-compiler-plugin:3.0:testCompile (default-testCompile) @ adapter-rxjava ---
[INFO] Changes detected - recompiling the module!
[INFO] Compiling 2 source files to /home/travis/build/square/retrofit/retrofit-adapters/rxjava/target/test-classes
[INFO] 
[INFO] --- maven-surefire-plugin:2.12.4:test (default-test) @ adapter-rxjava ---
[INFO] Tests are skipped.
[INFO] 
[INFO] --- animal-sniffer-maven-plugin:1.14:check (default) @ adapter-rxjava ---
[INFO] Checking unresolved references to org.codehaus.mojo.signature:java16:1.1
[INFO] 
[INFO] --- maven-jar-plugin:2.4:jar (default-jar) @ adapter-rxjava ---
[INFO] Building jar: /home/travis/build/square/retrofit/retrofit-adapters/rxjava/target/adapter-rxjava-2.0.0-SNAPSHOT.jar
[INFO] 
[INFO] --- maven-javadoc-plugin:2.10.3:jar (attach-javadocs) @ adapter-rxjava ---
[INFO] Skipping javadoc generation
[INFO] 
[INFO] --- maven-checkstyle-plugin:2.15:checkstyle (default) @ adapter-rxjava ---
[INFO] Starting audit...
Audit done.
[WARNING] Unable to locate Source XRef to link to - DISABLED
[INFO] 
[INFO] --- maven-install-plugin:2.4:install (default-install) @ adapter-rxjava ---
[INFO] Installing /home/travis/build/square/retrofit/retrofit-adapters/rxjava/target/adapter-rxjava-2.0.0-SNAPSHOT.jar to /home/travis/.m2/repository/com/squareup/retrofit2/adapter-rxjava/2.0.0-SNAPSHOT/adapter-rxjava-2.0.0-SNAPSHOT.jar
[INFO] Installing /home/travis/build/square/retrofit/retrofit-adapters/rxjava/pom.xml to /home/travis/.m2/repository/com/squareup/retrofit2/adapter-rxjava/2.0.0-SNAPSHOT/adapter-rxjava-2.0.0-SNAPSHOT.pom
[INFO]                                                                         
[INFO] ------------------------------------------------------------------------
[INFO] Building Converters 2.0.0-SNAPSHOT
[INFO] ------------------------------------------------------------------------
[INFO] 
[INFO] --- maven-enforcer-plugin:1.0:enforce (enforce-maven) @ retrofit-converters ---
[INFO] 
[INFO] --- animal-sniffer-maven-plugin:1.14:check (default) @ retrofit-converters ---
[INFO] Checking unresolved references to org.codehaus.mojo.signature:java16:1.1
[INFO] 
[INFO] --- maven-javadoc-plugin:2.10.3:jar (attach-javadocs) @ retrofit-converters ---
[INFO] Skipping javadoc generation
[INFO] 
[INFO] --- maven-checkstyle-plugin:2.15:checkstyle (default) @ retrofit-converters ---
[INFO] 
[INFO] --- maven-install-plugin:2.4:install (default-install) @ retrofit-converters ---
[INFO] Installing /home/travis/build/square/retrofit/retrofit-converters/pom.xml to /home/travis/.m2/repository/com/squareup/retrofit2/retrofit-converters/2.0.0-SNAPSHOT/retrofit-converters-2.0.0-SNAPSHOT.pom
[INFO]                                                                         
[INFO] ------------------------------------------------------------------------
[INFO] Building Converter: Gson 2.0.0-SNAPSHOT
[INFO] ------------------------------------------------------------------------
[INFO] 
[INFO] --- maven-enforcer-plugin:1.0:enforce (enforce-maven) @ converter-gson ---
[INFO] 
[INFO] --- maven-resources-plugin:2.6:resources (default-resources) @ converter-gson ---
[INFO] Using 'UTF-8' encoding to copy filtered resources.
[INFO] skip non existing resourceDirectory /home/travis/build/square/retrofit/retrofit-converters/gson/src/main/resources
[INFO] 
[INFO] --- maven-compiler-plugin:3.0:compile (default-compile) @ converter-gson ---
[INFO] Changes detected - recompiling the module!
[INFO] Compiling 3 source files to /home/travis/build/square/retrofit/retrofit-converters/gson/target/classes
[INFO] 
[INFO] --- maven-resources-plugin:2.6:testResources (default-testResources) @ converter-gson ---
[INFO] Using 'UTF-8' encoding to copy filtered resources.
[INFO] skip non existing resourceDirectory /home/travis/build/square/retrofit/retrofit-converters/gson/src/test/resources
[INFO] 
[INFO] --- maven-compiler-plugin:3.0:testCompile (default-testCompile) @ converter-gson ---
[INFO] Changes detected - recompiling the module!
[INFO] Compiling 1 source file to /home/travis/build/square/retrofit/retrofit-converters/gson/target/test-classes
[INFO] 
[INFO] --- maven-surefire-plugin:2.12.4:test (default-test) @ converter-gson ---
[INFO] Tests are skipped.
[INFO] 
[INFO] --- animal-sniffer-maven-plugin:1.14:check (default) @ converter-gson ---
[INFO] Checking unresolved references to org.codehaus.mojo.signature:java16:1.1
[INFO] 
[INFO] --- maven-jar-plugin:2.4:jar (default-jar) @ converter-gson ---
[INFO] Building jar: /home/travis/build/square/retrofit/retrofit-converters/gson/target/converter-gson-2.0.0-SNAPSHOT.jar
[INFO] 
[INFO] --- maven-javadoc-plugin:2.10.3:jar (attach-javadocs) @ converter-gson ---
[INFO] Skipping javadoc generation
[INFO] 
[INFO] --- maven-checkstyle-plugin:2.15:checkstyle (default) @ converter-gson ---
[INFO] Starting audit...
Audit done.
[WARNING] Unable to locate Source XRef to link to - DISABLED
[INFO] 
[INFO] --- maven-install-plugin:2.4:install (default-install) @ converter-gson ---
[INFO] Installing /home/travis/build/square/retrofit/retrofit-converters/gson/target/converter-gson-2.0.0-SNAPSHOT.jar to /home/travis/.m2/repository/com/squareup/retrofit2/converter-gson/2.0.0-SNAPSHOT/converter-gson-2.0.0-SNAPSHOT.jar
[INFO] Installing /home/travis/build/square/retrofit/retrofit-converters/gson/pom.xml to /home/travis/.m2/repository/com/squareup/retrofit2/converter-gson/2.0.0-SNAPSHOT/converter-gson-2.0.0-SNAPSHOT.pom
[INFO]                                                                         
[INFO] ------------------------------------------------------------------------
[INFO] Building Converter: Protocol Buffers 2.0.0-SNAPSHOT
[INFO] ------------------------------------------------------------------------
[INFO] 
[INFO] --- maven-enforcer-plugin:1.0:enforce (enforce-maven) @ converter-protobuf ---
[INFO] 
[INFO] --- maven-resources-plugin:2.6:resources (default-resources) @ converter-protobuf ---
[INFO] Using 'UTF-8' encoding to copy filtered resources.
[INFO] skip non existing resourceDirectory /home/travis/build/square/retrofit/retrofit-converters/protobuf/src/main/resources
[INFO] 
[INFO] --- maven-compiler-plugin:3.0:compile (default-compile) @ converter-protobuf ---
[INFO] Changes detected - recompiling the module!
[INFO] Compiling 3 source files to /home/travis/build/square/retrofit/retrofit-converters/protobuf/target/classes
[WARNING] /home/travis/build/square/retrofit/retrofit-converters/protobuf/src/main/java/retrofit2/ProtoConverterFactory.java: /home/travis/build/square/retrofit/retrofit-converters/protobuf/src/main/java/retrofit2/ProtoConverterFactory.java uses unchecked or unsafe operations.
[WARNING] /home/travis/build/square/retrofit/retrofit-converters/protobuf/src/main/java/retrofit2/ProtoConverterFactory.java: Recompile with -Xlint:unchecked for details.
[INFO] 
[INFO] --- maven-resources-plugin:2.6:testResources (default-testResources) @ converter-protobuf ---
[INFO] Using 'UTF-8' encoding to copy filtered resources.
[INFO] skip non existing resourceDirectory /home/travis/build/square/retrofit/retrofit-converters/protobuf/src/test/resources
[INFO] 
[INFO] --- maven-compiler-plugin:3.0:testCompile (default-testCompile) @ converter-protobuf ---
[INFO] Changes detected - recompiling the module!
[INFO] Compiling 2 source files to /home/travis/build/square/retrofit/retrofit-converters/protobuf/target/test-classes
[INFO] 
[INFO] --- maven-surefire-plugin:2.12.4:test (default-test) @ converter-protobuf ---
[INFO] Tests are skipped.
[INFO] 
[INFO] --- animal-sniffer-maven-plugin:1.14:check (default) @ converter-protobuf ---
[INFO] Checking unresolved references to org.codehaus.mojo.signature:java16:1.1
[INFO] 
[INFO] --- maven-jar-plugin:2.4:jar (default-jar) @ converter-protobuf ---
[INFO] Building jar: /home/travis/build/square/retrofit/retrofit-converters/protobuf/target/converter-protobuf-2.0.0-SNAPSHOT.jar
[INFO] 
[INFO] --- maven-javadoc-plugin:2.10.3:jar (attach-javadocs) @ converter-protobuf ---
[INFO] Skipping javadoc generation
[INFO] 
[INFO] --- maven-checkstyle-plugin:2.15:checkstyle (default) @ converter-protobuf ---
[INFO] Starting audit...
Audit done.
[WARNING] Unable to locate Source XRef to link to - DISABLED
[INFO] 
[INFO] --- maven-install-plugin:2.4:install (default-install) @ converter-protobuf ---
[INFO] Installing /home/travis/build/square/retrofit/retrofit-converters/protobuf/target/converter-protobuf-2.0.0-SNAPSHOT.jar to /home/travis/.m2/repository/com/squareup/retrofit2/converter-protobuf/2.0.0-SNAPSHOT/converter-protobuf-2.0.0-SNAPSHOT.jar
[INFO] Installing /home/travis/build/square/retrofit/retrofit-converters/protobuf/pom.xml to /home/travis/.m2/repository/com/squareup/retrofit2/converter-protobuf/2.0.0-SNAPSHOT/converter-protobuf-2.0.0-SNAPSHOT.pom
[INFO]                                                                         
[INFO] ------------------------------------------------------------------------
[INFO] Building Converter: Jackson 2.0.0-SNAPSHOT
[INFO] ------------------------------------------------------------------------
[INFO] 
[INFO] --- maven-enforcer-plugin:1.0:enforce (enforce-maven) @ converter-jackson ---
[INFO] 
[INFO] --- maven-resources-plugin:2.6:resources (default-resources) @ converter-jackson ---
[INFO] Using 'UTF-8' encoding to copy filtered resources.
[INFO] skip non existing resourceDirectory /home/travis/build/square/retrofit/retrofit-converters/jackson/src/main/resources
[INFO] 
[INFO] --- maven-compiler-plugin:3.0:compile (default-compile) @ converter-jackson ---
[INFO] Changes detected - recompiling the module!
[INFO] Compiling 3 source files to /home/travis/build/square/retrofit/retrofit-converters/jackson/target/classes
[INFO] 
[INFO] --- maven-resources-plugin:2.6:testResources (default-testResources) @ converter-jackson ---
[INFO] Using 'UTF-8' encoding to copy filtered resources.
[INFO] skip non existing resourceDirectory /home/travis/build/square/retrofit/retrofit-converters/jackson/src/test/resources
[INFO] 
[INFO] --- maven-compiler-plugin:3.0:testCompile (default-testCompile) @ converter-jackson ---
[INFO] Changes detected - recompiling the module!
[INFO] Compiling 1 source file to /home/travis/build/square/retrofit/retrofit-converters/jackson/target/test-classes
[INFO] 
[INFO] --- maven-surefire-plugin:2.12.4:test (default-test) @ converter-jackson ---
[INFO] Tests are skipped.
[INFO] 
[INFO] --- animal-sniffer-maven-plugin:1.14:check (default) @ converter-jackson ---
[INFO] Checking unresolved references to org.codehaus.mojo.signature:java16:1.1
[INFO] 
[INFO] --- maven-jar-plugin:2.4:jar (default-jar) @ converter-jackson ---
[INFO] Building jar: /home/travis/build/square/retrofit/retrofit-converters/jackson/target/converter-jackson-2.0.0-SNAPSHOT.jar
[INFO] 
[INFO] --- maven-javadoc-plugin:2.10.3:jar (attach-javadocs) @ converter-jackson ---
[INFO] Skipping javadoc generation
[INFO] 
[INFO] --- maven-checkstyle-plugin:2.15:checkstyle (default) @ converter-jackson ---
[INFO] Starting audit...
Audit done.
[WARNING] Unable to locate Source XRef to link to - DISABLED
[INFO] 
[INFO] --- maven-install-plugin:2.4:install (default-install) @ converter-jackson ---
[INFO] Installing /home/travis/build/square/retrofit/retrofit-converters/jackson/target/converter-jackson-2.0.0-SNAPSHOT.jar to /home/travis/.m2/repository/com/squareup/retrofit2/converter-jackson/2.0.0-SNAPSHOT/converter-jackson-2.0.0-SNAPSHOT.jar
[INFO] Installing /home/travis/build/square/retrofit/retrofit-converters/jackson/pom.xml to /home/travis/.m2/repository/com/squareup/retrofit2/converter-jackson/2.0.0-SNAPSHOT/converter-jackson-2.0.0-SNAPSHOT.pom
[INFO]                                                                         
[INFO] ------------------------------------------------------------------------
[INFO] Building Converter: Wire Protocol Buffers 2.0.0-SNAPSHOT
[INFO] ------------------------------------------------------------------------
[INFO] 
[INFO] --- maven-enforcer-plugin:1.0:enforce (enforce-maven) @ converter-wire ---
[INFO] 
[INFO] --- maven-resources-plugin:2.6:resources (default-resources) @ converter-wire ---
[INFO] Using 'UTF-8' encoding to copy filtered resources.
[INFO] skip non existing resourceDirectory /home/travis/build/square/retrofit/retrofit-converters/wire/src/main/resources
[INFO] 
[INFO] --- maven-compiler-plugin:3.0:compile (default-compile) @ converter-wire ---
[INFO] Changes detected - recompiling the module!
[INFO] Compiling 3 source files to /home/travis/build/square/retrofit/retrofit-converters/wire/target/classes
[WARNING] /home/travis/build/square/retrofit/retrofit-converters/wire/src/main/java/retrofit2/WireConverterFactory.java: /home/travis/build/square/retrofit/retrofit-converters/wire/src/main/java/retrofit2/WireConverterFactory.java uses unchecked or unsafe operations.
[WARNING] /home/travis/build/square/retrofit/retrofit-converters/wire/src/main/java/retrofit2/WireConverterFactory.java: Recompile with -Xlint:unchecked for details.
[INFO] 
[INFO] --- maven-resources-plugin:2.6:testResources (default-testResources) @ converter-wire ---
[INFO] Using 'UTF-8' encoding to copy filtered resources.
[INFO] skip non existing resourceDirectory /home/travis/build/square/retrofit/retrofit-converters/wire/src/test/resources
[INFO] 
[INFO] --- maven-compiler-plugin:3.0:testCompile (default-testCompile) @ converter-wire ---
[INFO] Changes detected - recompiling the module!
[INFO] Compiling 2 source files to /home/travis/build/square/retrofit/retrofit-converters/wire/target/test-classes
[INFO] 
[INFO] --- maven-surefire-plugin:2.12.4:test (default-test) @ converter-wire ---
[INFO] Tests are skipped.
[INFO] 
[INFO] --- animal-sniffer-maven-plugin:1.14:check (default) @ converter-wire ---
[INFO] Checking unresolved references to org.codehaus.mojo.signature:java16:1.1
[INFO] 
[INFO] --- maven-jar-plugin:2.4:jar (default-jar) @ converter-wire ---
[INFO] Building jar: /home/travis/build/square/retrofit/retrofit-converters/wire/target/converter-wire-2.0.0-SNAPSHOT.jar
[INFO] 
[INFO] --- maven-javadoc-plugin:2.10.3:jar (attach-javadocs) @ converter-wire ---
[INFO] Skipping javadoc generation
[INFO] 
[INFO] --- maven-checkstyle-plugin:2.15:checkstyle (default) @ converter-wire ---
[INFO] Starting audit...
Audit done.
[WARNING] Unable to locate Source XRef to link to - DISABLED
[INFO] 
[INFO] --- maven-install-plugin:2.4:install (default-install) @ converter-wire ---
[INFO] Installing /home/travis/build/square/retrofit/retrofit-converters/wire/target/converter-wire-2.0.0-SNAPSHOT.jar to /home/travis/.m2/repository/com/squareup/retrofit2/converter-wire/2.0.0-SNAPSHOT/converter-wire-2.0.0-SNAPSHOT.jar
[INFO] Installing /home/travis/build/square/retrofit/retrofit-converters/wire/pom.xml to /home/travis/.m2/repository/com/squareup/retrofit2/converter-wire/2.0.0-SNAPSHOT/converter-wire-2.0.0-SNAPSHOT.pom
[INFO]                                                                         
[INFO] ------------------------------------------------------------------------
[INFO] Building Converter: SimpleXML 2.0.0-SNAPSHOT
[INFO] ------------------------------------------------------------------------
[INFO] 
[INFO] --- maven-enforcer-plugin:1.0:enforce (enforce-maven) @ converter-simplexml ---
[INFO] 
[INFO] --- maven-resources-plugin:2.6:resources (default-resources) @ converter-simplexml ---
[INFO] Using 'UTF-8' encoding to copy filtered resources.
[INFO] skip non existing resourceDirectory /home/travis/build/square/retrofit/retrofit-converters/simplexml/src/main/resources
[INFO] 
[INFO] --- maven-compiler-plugin:3.0:compile (default-compile) @ converter-simplexml ---
[INFO] Changes detected - recompiling the module!
[INFO] Compiling 3 source files to /home/travis/build/square/retrofit/retrofit-converters/simplexml/target/classes
[INFO] 
[INFO] --- maven-resources-plugin:2.6:testResources (default-testResources) @ converter-simplexml ---
[INFO] Using 'UTF-8' encoding to copy filtered resources.
[INFO] skip non existing resourceDirectory /home/travis/build/square/retrofit/retrofit-converters/simplexml/src/test/resources
[INFO] 
[INFO] --- maven-compiler-plugin:3.0:testCompile (default-testCompile) @ converter-simplexml ---
[INFO] Changes detected - recompiling the module!
[INFO] Compiling 2 source files to /home/travis/build/square/retrofit/retrofit-converters/simplexml/target/test-classes
[INFO] 
[INFO] --- maven-surefire-plugin:2.12.4:test (default-test) @ converter-simplexml ---
[INFO] Tests are skipped.
[INFO] 
[INFO] --- animal-sniffer-maven-plugin:1.14:check (default) @ converter-simplexml ---
[INFO] Checking unresolved references to org.codehaus.mojo.signature:java16:1.1
[INFO] 
[INFO] --- maven-jar-plugin:2.4:jar (default-jar) @ converter-simplexml ---
[INFO] Building jar: /home/travis/build/square/retrofit/retrofit-converters/simplexml/target/converter-simplexml-2.0.0-SNAPSHOT.jar
[INFO] 
[INFO] --- maven-javadoc-plugin:2.10.3:jar (attach-javadocs) @ converter-simplexml ---
[INFO] Skipping javadoc generation
[INFO] 
[INFO] --- maven-checkstyle-plugin:2.15:checkstyle (default) @ converter-simplexml ---
[INFO] Starting audit...
Audit done.
[WARNING] Unable to locate Source XRef to link to - DISABLED
[INFO] 
[INFO] --- maven-install-plugin:2.4:install (default-install) @ converter-simplexml ---
[INFO] Installing /home/travis/build/square/retrofit/retrofit-converters/simplexml/target/converter-simplexml-2.0.0-SNAPSHOT.jar to /home/travis/.m2/repository/com/squareup/retrofit2/converter-simplexml/2.0.0-SNAPSHOT/converter-simplexml-2.0.0-SNAPSHOT.jar
[INFO] Installing /home/travis/build/square/retrofit/retrofit-converters/simplexml/pom.xml to /home/travis/.m2/repository/com/squareup/retrofit2/converter-simplexml/2.0.0-SNAPSHOT/converter-simplexml-2.0.0-SNAPSHOT.pom
[INFO]                                                                         
[INFO] ------------------------------------------------------------------------
[INFO] Building Converter: Java Scalars 2.0.0-SNAPSHOT
[INFO] ------------------------------------------------------------------------
[INFO] 
[INFO] --- maven-enforcer-plugin:1.0:enforce (enforce-maven) @ converter-scalars ---
[INFO] 
[INFO] --- maven-resources-plugin:2.6:resources (default-resources) @ converter-scalars ---
[INFO] Using 'UTF-8' encoding to copy filtered resources.
[INFO] skip non existing resourceDirectory /home/travis/build/square/retrofit/retrofit-converters/scalars/src/main/resources
[INFO] 
[INFO] --- maven-compiler-plugin:3.0:compile (default-compile) @ converter-scalars ---
[INFO] Changes detected - recompiling the module!
[INFO] Compiling 3 source files to /home/travis/build/square/retrofit/retrofit-converters/scalars/target/classes
[INFO] 
[INFO] --- maven-resources-plugin:2.6:testResources (default-testResources) @ converter-scalars ---
[INFO] Using 'UTF-8' encoding to copy filtered resources.
[INFO] skip non existing resourceDirectory /home/travis/build/square/retrofit/retrofit-converters/scalars/src/test/resources
[INFO] 
[INFO] --- maven-compiler-plugin:3.0:testCompile (default-testCompile) @ converter-scalars ---
[INFO] Changes detected - recompiling the module!
[INFO] Compiling 1 source file to /home/travis/build/square/retrofit/retrofit-converters/scalars/target/test-classes
[INFO] 
[INFO] --- maven-surefire-plugin:2.12.4:test (default-test) @ converter-scalars ---
[INFO] Tests are skipped.
[INFO] 
[INFO] --- animal-sniffer-maven-plugin:1.14:check (default) @ converter-scalars ---
[INFO] Checking unresolved references to org.codehaus.mojo.signature:java16:1.1
[INFO] 
[INFO] --- maven-jar-plugin:2.4:jar (default-jar) @ converter-scalars ---
[INFO] Building jar: /home/travis/build/square/retrofit/retrofit-converters/scalars/target/converter-scalars-2.0.0-SNAPSHOT.jar
[INFO] 
[INFO] --- maven-javadoc-plugin:2.10.3:jar (attach-javadocs) @ converter-scalars ---
[INFO] Skipping javadoc generation
[INFO] 
[INFO] --- maven-checkstyle-plugin:2.15:checkstyle (default) @ converter-scalars ---
[INFO] Starting audit...
Audit done.
[WARNING] Unable to locate Source XRef to link to - DISABLED
[INFO] 
[INFO] --- maven-install-plugin:2.4:install (default-install) @ converter-scalars ---
[INFO] Installing /home/travis/build/square/retrofit/retrofit-converters/scalars/target/converter-scalars-2.0.0-SNAPSHOT.jar to /home/travis/.m2/repository/com/squareup/retrofit2/converter-scalars/2.0.0-SNAPSHOT/converter-scalars-2.0.0-SNAPSHOT.jar
[INFO] Installing /home/travis/build/square/retrofit/retrofit-converters/scalars/pom.xml to /home/travis/.m2/repository/com/squareup/retrofit2/converter-scalars/2.0.0-SNAPSHOT/converter-scalars-2.0.0-SNAPSHOT.pom
[INFO]                                                                         
[INFO] ------------------------------------------------------------------------
[INFO] Building Converter: Moshi 2.0.0-SNAPSHOT
[INFO] ------------------------------------------------------------------------
[INFO] 
[INFO] --- maven-enforcer-plugin:1.0:enforce (enforce-maven) @ converter-moshi ---
[INFO] 
[INFO] --- maven-resources-plugin:2.6:resources (default-resources) @ converter-moshi ---
[INFO] Using 'UTF-8' encoding to copy filtered resources.
[INFO] skip non existing resourceDirectory /home/travis/build/square/retrofit/retrofit-converters/moshi/src/main/resources
[INFO] 
[INFO] --- maven-compiler-plugin:3.0:compile (default-compile) @ converter-moshi ---
[INFO] Changes detected - recompiling the module!
[INFO] Compiling 3 source files to /home/travis/build/square/retrofit/retrofit-converters/moshi/target/classes
[INFO] 
[INFO] --- maven-resources-plugin:2.6:testResources (default-testResources) @ converter-moshi ---
[INFO] Using 'UTF-8' encoding to copy filtered resources.
[INFO] skip non existing resourceDirectory /home/travis/build/square/retrofit/retrofit-converters/moshi/src/test/resources
[INFO] 
[INFO] --- maven-compiler-plugin:3.0:testCompile (default-testCompile) @ converter-moshi ---
[INFO] Changes detected - recompiling the module!
[INFO] Compiling 1 source file to /home/travis/build/square/retrofit/retrofit-converters/moshi/target/test-classes
[INFO] 
[INFO] --- maven-surefire-plugin:2.12.4:test (default-test) @ converter-moshi ---
[INFO] Tests are skipped.
[INFO] 
[INFO] --- animal-sniffer-maven-plugin:1.14:check (default) @ converter-moshi ---
[INFO] Checking unresolved references to org.codehaus.mojo.signature:java16:1.1
[INFO] 
[INFO] --- maven-jar-plugin:2.4:jar (default-jar) @ converter-moshi ---
[INFO] Building jar: /home/travis/build/square/retrofit/retrofit-converters/moshi/target/converter-moshi-2.0.0-SNAPSHOT.jar
[INFO] 
[INFO] --- maven-javadoc-plugin:2.10.3:jar (attach-javadocs) @ converter-moshi ---
[INFO] Skipping javadoc generation
[INFO] 
[INFO] --- maven-checkstyle-plugin:2.15:checkstyle (default) @ converter-moshi ---
[INFO] Starting audit...
Audit done.
[WARNING] Unable to locate Source XRef to link to - DISABLED
[INFO] 
[INFO] --- maven-install-plugin:2.4:install (default-install) @ converter-moshi ---
[INFO] Installing /home/travis/build/square/retrofit/retrofit-converters/moshi/target/converter-moshi-2.0.0-SNAPSHOT.jar to /home/travis/.m2/repository/com/squareup/retrofit2/converter-moshi/2.0.0-SNAPSHOT/converter-moshi-2.0.0-SNAPSHOT.jar
[INFO] Installing /home/travis/build/square/retrofit/retrofit-converters/moshi/pom.xml to /home/travis/.m2/repository/com/squareup/retrofit2/converter-moshi/2.0.0-SNAPSHOT/converter-moshi-2.0.0-SNAPSHOT.pom
[INFO]                                                                         
[INFO] ------------------------------------------------------------------------
[INFO] Building Retrofit Mock Adapter 2.0.0-SNAPSHOT
[INFO] ------------------------------------------------------------------------
[INFO] 
[INFO] --- maven-enforcer-plugin:1.0:enforce (enforce-maven) @ retrofit-mock ---
[INFO] 
[INFO] --- maven-resources-plugin:2.6:resources (default-resources) @ retrofit-mock ---
[INFO] Using 'UTF-8' encoding to copy filtered resources.
[INFO] skip non existing resourceDirectory /home/travis/build/square/retrofit/retrofit-mock/src/main/resources
[INFO] 
[INFO] --- maven-compiler-plugin:3.0:compile (default-compile) @ retrofit-mock ---
[INFO] Changes detected - recompiling the module!
[INFO] Compiling 5 source files to /home/travis/build/square/retrofit/retrofit-mock/target/classes
[INFO] 
[INFO] --- maven-resources-plugin:2.6:testResources (default-testResources) @ retrofit-mock ---
[INFO] Using 'UTF-8' encoding to copy filtered resources.
[INFO] skip non existing resourceDirectory /home/travis/build/square/retrofit/retrofit-mock/src/test/resources
[INFO] 
[INFO] --- maven-compiler-plugin:3.0:testCompile (default-testCompile) @ retrofit-mock ---
[INFO] Changes detected - recompiling the module!
[INFO] Compiling 3 source files to /home/travis/build/square/retrofit/retrofit-mock/target/test-classes
[INFO] 
[INFO] --- maven-surefire-plugin:2.12.4:test (default-test) @ retrofit-mock ---
[INFO] Tests are skipped.
[INFO] 
[INFO] --- animal-sniffer-maven-plugin:1.14:check (default) @ retrofit-mock ---
[INFO] Checking unresolved references to org.codehaus.mojo.signature:java16:1.1
[INFO] 
[INFO] --- maven-jar-plugin:2.4:jar (default-jar) @ retrofit-mock ---
[INFO] Building jar: /home/travis/build/square/retrofit/retrofit-mock/target/retrofit-mock-2.0.0-SNAPSHOT.jar
[INFO] 
[INFO] --- maven-javadoc-plugin:2.10.3:jar (attach-javadocs) @ retrofit-mock ---
[INFO] Skipping javadoc generation
[INFO] 
[INFO] --- maven-checkstyle-plugin:2.15:checkstyle (default) @ retrofit-mock ---
[INFO] Starting audit...
Audit done.
[WARNING] Unable to locate Source XRef to link to - DISABLED
[INFO] 
[INFO] --- maven-install-plugin:2.4:install (default-install) @ retrofit-mock ---
[INFO] Installing /home/travis/build/square/retrofit/retrofit-mock/target/retrofit-mock-2.0.0-SNAPSHOT.jar to /home/travis/.m2/repository/com/squareup/retrofit2/retrofit-mock/2.0.0-SNAPSHOT/retrofit-mock-2.0.0-SNAPSHOT.jar
[INFO] Installing /home/travis/build/square/retrofit/retrofit-mock/pom.xml to /home/travis/.m2/repository/com/squareup/retrofit2/retrofit-mock/2.0.0-SNAPSHOT/retrofit-mock-2.0.0-SNAPSHOT.pom
[INFO]                                                                         
[INFO] ------------------------------------------------------------------------
[INFO] Building Samples 2.0.0-SNAPSHOT
[INFO] ------------------------------------------------------------------------
[INFO] 
[INFO] --- maven-enforcer-plugin:1.0:enforce (enforce-maven) @ samples ---
[INFO] 
[INFO] --- maven-resources-plugin:2.6:resources (default-resources) @ samples ---
[INFO] Using 'UTF-8' encoding to copy filtered resources.
[INFO] skip non existing resourceDirectory /home/travis/build/square/retrofit/samples/src/main/resources
[INFO] 
[INFO] --- maven-compiler-plugin:3.0:compile (default-compile) @ samples ---
[INFO] Changes detected - recompiling the module!
[INFO] Compiling 6 source files to /home/travis/build/square/retrofit/samples/target/classes
[INFO] 
[INFO] --- maven-resources-plugin:2.6:testResources (default-testResources) @ samples ---
[INFO] Using 'UTF-8' encoding to copy filtered resources.
[INFO] skip non existing resourceDirectory /home/travis/build/square/retrofit/samples/src/test/resources
[INFO] 
[INFO] --- maven-compiler-plugin:3.0:testCompile (default-testCompile) @ samples ---
[INFO] No sources to compile
[INFO] 
[INFO] --- maven-surefire-plugin:2.12.4:test (default-test) @ samples ---
[INFO] Tests are skipped.
[INFO] 
[INFO] --- animal-sniffer-maven-plugin:1.14:check (default) @ samples ---
[INFO] Checking unresolved references to org.codehaus.mojo.signature:java16:1.1
[INFO] 
[INFO] --- maven-jar-plugin:2.4:jar (default-jar) @ samples ---
[INFO] Building jar: /home/travis/build/square/retrofit/samples/target/samples-2.0.0-SNAPSHOT.jar
[INFO] 
[INFO] --- maven-javadoc-plugin:2.10.3:jar (attach-javadocs) @ samples ---
[INFO] Skipping javadoc generation
[INFO] 
[INFO] --- maven-checkstyle-plugin:2.15:checkstyle (default) @ samples ---
[INFO] Starting audit...
Audit done.
[WARNING] Unable to locate Source XRef to link to - DISABLED
[INFO] 
[INFO] --- maven-install-plugin:2.4:install (default-install) @ samples ---
[INFO] Installing /home/travis/build/square/retrofit/samples/target/samples-2.0.0-SNAPSHOT.jar to /home/travis/.m2/repository/com/squareup/retrofit2/samples/2.0.0-SNAPSHOT/samples-2.0.0-SNAPSHOT.jar
[INFO] Installing /home/travis/build/square/retrofit/samples/pom.xml to /home/travis/.m2/repository/com/squareup/retrofit2/samples/2.0.0-SNAPSHOT/samples-2.0.0-SNAPSHOT.pom
[INFO] ------------------------------------------------------------------------
[INFO] Reactor Summary:
[INFO] 
[INFO] Retrofit (Parent) .................................. SUCCESS [  4.776 s]
[INFO] Retrofit ........................................... SUCCESS [ 12.245 s]
[INFO] Adapters ........................................... SUCCESS [  0.746 s]
[INFO] Adapter: RxJava .................................... SUCCESS [  2.949 s]
[INFO] Converters ......................................... SUCCESS [  0.382 s]
[INFO] Converter: Gson .................................... SUCCESS [  1.093 s]
[INFO] Converter: Protocol Buffers ........................ SUCCESS [  0.998 s]
[INFO] Converter: Jackson ................................. SUCCESS [  0.960 s]
[INFO] Converter: Wire Protocol Buffers ................... SUCCESS [  1.077 s]
[INFO] Converter: SimpleXML ............................... SUCCESS [  0.792 s]
[INFO] Converter: Java Scalars ............................ SUCCESS [  1.212 s]
[INFO] Converter: Moshi ................................... SUCCESS [  0.861 s]
[INFO] Retrofit Mock Adapter .............................. SUCCESS [  1.018 s]
[INFO] Samples ............................................ SUCCESS [  1.060 s]
[INFO] ------------------------------------------------------------------------
[INFO] BUILD SUCCESS
[INFO] ------------------------------------------------------------------------
[INFO] Total time: 30.544 s
[INFO] Finished at: 2016-01-23T08:03:07+00:00
[INFO] Final Memory: 44M/392M
[INFO] ------------------------------------------------------------------------

travis_time:end:1073bfa0:start=1453536155058420936,finish=1453536187673289771,duration=32614868835[0Ktravis_fold:end:install[0Ktravis_time:start:05761cf2[0K$ mvn test -B
Java HotSpot(TM) 64-Bit Server VM warning: ignoring option MaxPermSize=192m; support was removed in 8.0
[INFO] Scanning for projects...
[WARNING] 
[WARNING] Some problems were encountered while building the effective model for com.squareup.retrofit2:samples:jar:2.0.0-SNAPSHOT
[WARNING] 'build.plugins.plugin.version' for org.apache.maven.plugins:maven-deploy-plugin is missing. @ com.squareup.retrofit2:samples:[unknown-version], /home/travis/build/square/retrofit/samples/pom.xml, line 45, column 15
[WARNING] 
[WARNING] It is highly recommended to fix these problems because they threaten the stability of your build.
[WARNING] 
[WARNING] For this reason, future Maven versions might no longer support building such malformed projects.
[WARNING] 
[INFO] ------------------------------------------------------------------------
[INFO] Reactor Build Order:
[INFO] 
[INFO] Retrofit (Parent)
[INFO] Retrofit
[INFO] Adapters
[INFO] Adapter: RxJava
[INFO] Converters
[INFO] Converter: Gson
[INFO] Converter: Protocol Buffers
[INFO] Converter: Jackson
[INFO] Converter: Wire Protocol Buffers
[INFO] Converter: SimpleXML
[INFO] Converter: Java Scalars
[INFO] Converter: Moshi
[INFO] Retrofit Mock Adapter
[INFO] Samples
[INFO]                                                                         
[INFO] ------------------------------------------------------------------------
[INFO] Building Retrofit (Parent) 2.0.0-SNAPSHOT
[INFO] ------------------------------------------------------------------------
[INFO] 
[INFO] --- maven-enforcer-plugin:1.0:enforce (enforce-maven) @ parent ---
[INFO] 
[INFO] --- animal-sniffer-maven-plugin:1.14:check (default) @ parent ---
[INFO] Checking unresolved references to org.codehaus.mojo.signature:java16:1.1
[INFO]                                                                         
[INFO] ------------------------------------------------------------------------
[INFO] Building Retrofit 2.0.0-SNAPSHOT
[INFO] ------------------------------------------------------------------------
[INFO] 
[INFO] --- maven-enforcer-plugin:1.0:enforce (enforce-maven) @ retrofit ---
[INFO] 
[INFO] --- maven-resources-plugin:2.6:resources (default-resources) @ retrofit ---
[INFO] Using 'UTF-8' encoding to copy filtered resources.
[INFO] skip non existing resourceDirectory /home/travis/build/square/retrofit/retrofit/src/main/resources
[INFO] 
[INFO] --- maven-compiler-plugin:3.0:compile (default-compile) @ retrofit ---
[INFO] Changes detected - recompiling the module!
[INFO] Compiling 42 source files to /home/travis/build/square/retrofit/retrofit/target/classes
[WARNING] /home/travis/build/square/retrofit/retrofit/src/main/java/retrofit2/Retrofit.java: Some input files use unchecked or unsafe operations.
[WARNING] /home/travis/build/square/retrofit/retrofit/src/main/java/retrofit2/Retrofit.java: Recompile with -Xlint:unchecked for details.
[INFO] 
[INFO] --- maven-resources-plugin:2.6:testResources (default-testResources) @ retrofit ---
[INFO] Using 'UTF-8' encoding to copy filtered resources.
[INFO] skip non existing resourceDirectory /home/travis/build/square/retrofit/retrofit/src/test/resources
[INFO] 
[INFO] --- maven-compiler-plugin:3.0:testCompile (default-testCompile) @ retrofit ---
[INFO] Changes detected - recompiling the module!
[INFO] Compiling 12 source files to /home/travis/build/square/retrofit/retrofit/target/test-classes
[WARNING] /home/travis/build/square/retrofit/retrofit/src/test/java/retrofit2/RetrofitTest.java: /home/travis/build/square/retrofit/retrofit/src/test/java/retrofit2/RetrofitTest.java uses unchecked or unsafe operations.
[WARNING] /home/travis/build/square/retrofit/retrofit/src/test/java/retrofit2/RetrofitTest.java: Recompile with -Xlint:unchecked for details.
[INFO] 
[INFO] --- maven-surefire-plugin:2.12.4:test (default-test) @ retrofit ---
[INFO] Surefire report directory: /home/travis/build/square/retrofit/retrofit/target/surefire-reports

-------------------------------------------------------
 T E S T S
-------------------------------------------------------
Running retrofit2.CallTest
Jan 23, 2016 8:03:18 AM okhttp3.mockwebserver.MockWebServer$3 execute
INFO: MockWebServer[59213] starting to accept connections
Jan 23, 2016 8:03:19 AM okhttp3.mockwebserver.MockWebServer$3 acceptConnections
INFO: MockWebServer[59213] done accepting connections: Socket closed
Jan 23, 2016 8:03:19 AM okhttp3.mockwebserver.MockWebServer$3 execute
INFO: MockWebServer[60054] starting to accept connections
Jan 23, 2016 8:03:19 AM okhttp3.mockwebserver.MockWebServer$4 processOneRequest
INFO: MockWebServer[60054] received request: GET / HTTP/1.1 and responded: HTTP/1.1 200 OK
Jan 23, 2016 8:03:19 AM okhttp3.mockwebserver.MockWebServer$3 acceptConnections
INFO: MockWebServer[60054] done accepting connections: Socket closed
Jan 23, 2016 8:03:19 AM okhttp3.mockwebserver.MockWebServer$3 execute
INFO: MockWebServer[56389] starting to accept connections
Jan 23, 2016 8:03:19 AM okhttp3.mockwebserver.MockWebServer$4 processOneRequest
INFO: MockWebServer[56389] received request: GET / HTTP/1.1 and responded: HTTP/1.1 404 Client Error
Jan 23, 2016 8:03:19 AM okhttp3.mockwebserver.MockWebServer$3 acceptConnections
INFO: MockWebServer[56389] done accepting connections: Socket closed
Jan 23, 2016 8:03:19 AM okhttp3.mockwebserver.MockWebServer$3 execute
INFO: MockWebServer[34721] starting to accept connections
Jan 23, 2016 8:03:19 AM okhttp3.mockwebserver.MockWebServer$4 processOneRequest
INFO: MockWebServer[34721] received request: POST /Hello HTTP/1.1 and responded: HTTP/1.1 200 OK
Jan 23, 2016 8:03:19 AM okhttp3.mockwebserver.MockWebServer$3 acceptConnections
INFO: MockWebServer[34721] done accepting connections: Socket closed
Jan 23, 2016 8:03:19 AM okhttp3.mockwebserver.MockWebServer$3 execute
INFO: MockWebServer[59741] starting to accept connections
Jan 23, 2016 8:03:19 AM okhttp3.mockwebserver.MockWebServer$3 acceptConnections
INFO: MockWebServer[59741] done accepting connections: Socket is closed
Jan 23, 2016 8:03:19 AM okhttp3.mockwebserver.MockWebServer$3 execute
INFO: MockWebServer[38789] starting to accept connections
Jan 23, 2016 8:03:19 AM okhttp3.mockwebserver.MockWebServer$3 acceptConnections
INFO: MockWebServer[38789] done accepting connections: Socket closed
Jan 23, 2016 8:03:19 AM okhttp3.mockwebserver.MockWebServer$3 execute
INFO: MockWebServer[58896] starting to accept connections
Jan 23, 2016 8:03:19 AM okhttp3.mockwebserver.MockWebServer$4 processOneRequest
INFO: MockWebServer[58896] received request: GET / HTTP/1.1 and responded: HTTP/1.1 200 OK
Jan 23, 2016 8:03:19 AM okhttp3.mockwebserver.MockWebServer$3 acceptConnections
INFO: MockWebServer[58896] done accepting connections: Socket closed
Jan 23, 2016 8:03:19 AM okhttp3.mockwebserver.MockWebServer$3 execute
INFO: MockWebServer[39067] starting to accept connections
Jan 23, 2016 8:03:19 AM okhttp3.mockwebserver.MockWebServer$4 processOneRequest
INFO: MockWebServer[39067] received request: GET / HTTP/1.1 and responded: HTTP/1.1 200 OK
Jan 23, 2016 8:03:19 AM okhttp3.mockwebserver.MockWebServer$3 acceptConnections
INFO: MockWebServer[39067] done accepting connections: Socket closed
Jan 23, 2016 8:03:19 AM okhttp3.mockwebserver.MockWebServer$3 execute
INFO: MockWebServer[36862] starting to accept connections
Jan 23, 2016 8:03:19 AM okhttp3.mockwebserver.MockWebServer$3 acceptConnections
INFO: MockWebServer[36862] done accepting connections: Socket is closed
Jan 23, 2016 8:03:19 AM okhttp3.mockwebserver.MockWebServer$3 execute
INFO: MockWebServer[40684] starting to accept connections
Jan 23, 2016 8:03:19 AM okhttp3.mockwebserver.MockWebServer$4 processOneRequest
INFO: MockWebServer[40684] received request: POST /Hello HTTP/1.1 and responded: HTTP/1.1 200 OK
Jan 23, 2016 8:03:19 AM okhttp3.mockwebserver.MockWebServer$3 acceptConnections
INFO: MockWebServer[40684] done accepting connections: Socket closed
Jan 23, 2016 8:03:19 AM okhttp3.mockwebserver.MockWebServer$3 execute
INFO: MockWebServer[57258] starting to accept connections
Jan 23, 2016 8:03:19 AM okhttp3.mockwebserver.MockWebServer$4 processOneRequest
INFO: MockWebServer[57258] received request: POST /Hello HTTP/1.1 and responded: HTTP/1.1 200 OK
Jan 23, 2016 8:03:19 AM okhttp3.mockwebserver.MockWebServer$3 acceptConnections
INFO: MockWebServer[57258] done accepting connections: Socket closed
Jan 23, 2016 8:03:19 AM okhttp3.mockwebserver.MockWebServer$3 execute
INFO: MockWebServer[56848] starting to accept connections
Jan 23, 2016 8:03:19 AM okhttp3.mockwebserver.MockWebServer$3 acceptConnections
INFO: MockWebServer[56848] done accepting connections: Socket closed
Jan 23, 2016 8:03:19 AM okhttp3.mockwebserver.MockWebServer$3 execute
INFO: MockWebServer[47408] starting to accept connections
Jan 23, 2016 8:03:19 AM okhttp3.mockwebserver.MockWebServer$4 processOneRequest
INFO: MockWebServer[47408] received request: GET / HTTP/1.1 and responded: HTTP/1.1 404 Client Error
Jan 23, 2016 8:03:19 AM okhttp3.mockwebserver.MockWebServer$3 acceptConnections
INFO: MockWebServer[47408] done accepting connections: Socket closed
Jan 23, 2016 8:03:19 AM okhttp3.mockwebserver.MockWebServer$3 execute
INFO: MockWebServer[44446] starting to accept connections
Jan 23, 2016 8:03:19 AM okhttp3.mockwebserver.MockWebServer$4 processOneRequest
INFO: MockWebServer[44446] received request: POST / HTTP/1.1 and responded: HTTP/1.1 200 OK
Jan 23, 2016 8:03:19 AM okhttp3.mockwebserver.MockWebServer$3 acceptConnections
INFO: MockWebServer[44446] done accepting connections: Socket closed
Jan 23, 2016 8:03:19 AM okhttp3.mockwebserver.MockWebServer$3 execute
INFO: MockWebServer[39474] starting to accept connections
Jan 23, 2016 8:03:19 AM okhttp3.mockwebserver.MockWebServer$4 processOneRequest
INFO: MockWebServer[39474] received request: GET / HTTP/1.1 and responded: HTTP/1.1 204 Nothin
Jan 23, 2016 8:03:19 AM okhttp3.mockwebserver.MockWebServer$3 acceptConnections
INFO: MockWebServer[39474] done accepting connections: Socket closed
Jan 23, 2016 8:03:19 AM okhttp3.mockwebserver.MockWebServer$3 execute
INFO: MockWebServer[50590] starting to accept connections
Jan 23, 2016 8:03:19 AM okhttp3.mockwebserver.MockWebServer$3 acceptConnections
INFO: MockWebServer[50590] done accepting connections: Socket is closed
Jan 23, 2016 8:03:19 AM okhttp3.mockwebserver.MockWebServer$3 execute
INFO: MockWebServer[41795] starting to accept connections
Jan 23, 2016 8:03:19 AM okhttp3.mockwebserver.MockWebServer$4 processOneRequest
INFO: MockWebServer[41795] received request: GET / HTTP/1.1 and responded: HTTP/1.1 200 OK
Jan 23, 2016 8:03:19 AM okhttp3.mockwebserver.MockWebServer$3 acceptConnections
INFO: MockWebServer[41795] done accepting connections: Socket closed
Jan 23, 2016 8:03:19 AM okhttp3.mockwebserver.MockWebServer$3 execute
INFO: MockWebServer[54960] starting to accept connections
Jan 23, 2016 8:03:19 AM okhttp3.mockwebserver.MockWebServer$4 processOneRequest
INFO: MockWebServer[54960] received request: POST /Hello HTTP/1.1 and responded: HTTP/1.1 200 OK
Jan 23, 2016 8:03:19 AM okhttp3.mockwebserver.MockWebServer$3 acceptConnections
INFO: MockWebServer[54960] done accepting connections: Socket closed
Jan 23, 2016 8:03:19 AM okhttp3.mockwebserver.MockWebServer$3 execute
INFO: MockWebServer[56488] starting to accept connections
Jan 23, 2016 8:03:19 AM okhttp3.mockwebserver.MockWebServer$4 processOneRequest
INFO: MockWebServer[56488] received request: GET / HTTP/1.1 and responded: HTTP/1.1 200 OK
Jan 23, 2016 8:03:19 AM okhttp3.mockwebserver.MockWebServer$3 acceptConnections
INFO: MockWebServer[56488] done accepting connections: Socket closed
Jan 23, 2016 8:03:19 AM okhttp3.mockwebserver.MockWebServer$3 execute
INFO: MockWebServer[37010] starting to accept connections
Jan 23, 2016 8:03:19 AM okhttp3.mockwebserver.MockWebServer$4 processOneRequest
INFO: MockWebServer[37010] received request: POST / HTTP/1.1 and responded: HTTP/1.1 200 OK
Jan 23, 2016 8:03:19 AM okhttp3.mockwebserver.MockWebServer$3 acceptConnections
INFO: MockWebServer[37010] done accepting connections: Socket closed
Jan 23, 2016 8:03:19 AM okhttp3.mockwebserver.MockWebServer$3 execute
INFO: MockWebServer[48081] starting to accept connections
Jan 23, 2016 8:03:19 AM okhttp3.mockwebserver.MockWebServer$3 acceptConnections
INFO: MockWebServer[48081] done accepting connections: Socket closed
Jan 23, 2016 8:03:19 AM okhttp3.mockwebserver.MockWebServer$3 execute
INFO: MockWebServer[39121] starting to accept connections
Jan 23, 2016 8:03:19 AM okhttp3.mockwebserver.MockWebServer$3 acceptConnections
INFO: MockWebServer[39121] done accepting connections: Socket is closed
Jan 23, 2016 8:03:19 AM okhttp3.mockwebserver.MockWebServer$3 execute
INFO: MockWebServer[52474] starting to accept connections
Jan 23, 2016 8:03:19 AM okhttp3.mockwebserver.MockWebServer$3 acceptConnections
INFO: MockWebServer[52474] done accepting connections: Socket closed
Jan 23, 2016 8:03:19 AM okhttp3.mockwebserver.MockWebServer$3 execute
INFO: MockWebServer[37465] starting to accept connections
Jan 23, 2016 8:03:19 AM okhttp3.mockwebserver.MockWebServer$4 processOneRequest
INFO: MockWebServer[37465] received request: GET / HTTP/1.1 and responded: HTTP/1.1 200 OK
Jan 23, 2016 8:03:19 AM okhttp3.mockwebserver.MockWebServer$3 acceptConnections
INFO: MockWebServer[37465] done accepting connections: Socket closed
Jan 23, 2016 8:03:19 AM okhttp3.mockwebserver.MockWebServer$3 execute
INFO: MockWebServer[47280] starting to accept connections
Jan 23, 2016 8:03:19 AM okhttp3.mockwebserver.MockWebServer$4 processOneRequest
INFO: MockWebServer[47280] received request: GET / HTTP/1.1 and responded: HTTP/1.1 200 OK
Jan 23, 2016 8:03:19 AM okhttp3.mockwebserver.MockWebServer$3 acceptConnections
INFO: MockWebServer[47280] done accepting connections: Socket closed
Jan 23, 2016 8:03:19 AM okhttp3.mockwebserver.MockWebServer$3 execute
INFO: MockWebServer[42871] starting to accept connections
Jan 23, 2016 8:03:19 AM okhttp3.mockwebserver.MockWebServer$4 processOneRequest
INFO: MockWebServer[42871] received request: GET / HTTP/1.1 and responded: HTTP/1.1 205 Nothin
Jan 23, 2016 8:03:19 AM okhttp3.mockwebserver.MockWebServer$3 acceptConnections
INFO: MockWebServer[42871] done accepting connections: Socket closed
Jan 23, 2016 8:03:19 AM okhttp3.mockwebserver.MockWebServer$3 execute
INFO: MockWebServer[60858] starting to accept connections
Jan 23, 2016 8:03:19 AM okhttp3.mockwebserver.MockWebServer$4 processOneRequest
INFO: MockWebServer[60858] received request: GET / HTTP/1.1 and responded: HTTP/1.1 200 OK
Jan 23, 2016 8:03:19 AM okhttp3.mockwebserver.MockWebServer$4 processOneRequest
INFO: MockWebServer[60858] received request: GET / HTTP/1.1 and responded: HTTP/1.1 200 OK
Jan 23, 2016 8:03:19 AM okhttp3.mockwebserver.MockWebServer$3 acceptConnections
INFO: MockWebServer[60858] done accepting connections: Socket closed
Jan 23, 2016 8:03:19 AM okhttp3.mockwebserver.MockWebServer$3 execute
INFO: MockWebServer[52173] starting to accept connections
Jan 23, 2016 8:03:19 AM okhttp3.mockwebserver.MockWebServer$4 processOneRequest
INFO: MockWebServer[52173] received request: GET / HTTP/1.1 and responded: HTTP/1.1 200 OK
Jan 23, 2016 8:03:19 AM okhttp3.mockwebserver.MockWebServer$3 acceptConnections
INFO: MockWebServer[52173] done accepting connections: Socket closed
Jan 23, 2016 8:03:19 AM okhttp3.mockwebserver.MockWebServer$3 execute
INFO: MockWebServer[52545] starting to accept connections
Jan 23, 2016 8:03:19 AM okhttp3.mockwebserver.MockWebServer$3 acceptConnections
INFO: MockWebServer[52545] done accepting connections: Socket closed
Jan 23, 2016 8:03:19 AM okhttp3.mockwebserver.MockWebServer$3 execute
INFO: MockWebServer[59200] starting to accept connections
Jan 23, 2016 8:03:19 AM okhttp3.mockwebserver.MockWebServer$3 acceptConnections
INFO: MockWebServer[59200] done accepting connections: Socket closed
Jan 23, 2016 8:03:19 AM okhttp3.mockwebserver.MockWebServer$3 execute
INFO: MockWebServer[49319] starting to accept connections
Jan 23, 2016 8:03:19 AM okhttp3.mockwebserver.MockWebServer$3 acceptConnections
INFO: MockWebServer[49319] done accepting connections: Socket closed
Jan 23, 2016 8:03:19 AM okhttp3.mockwebserver.MockWebServer$3 execute
INFO: MockWebServer[46787] starting to accept connections
Jan 23, 2016 8:03:19 AM okhttp3.mockwebserver.MockWebServer$4 processOneRequest
INFO: MockWebServer[46787] received request: GET / HTTP/1.1 and responded: HTTP/1.1 200 OK
Jan 23, 2016 8:03:19 AM okhttp3.mockwebserver.MockWebServer$3 acceptConnections
INFO: MockWebServer[46787] done accepting connections: Socket closed
Jan 23, 2016 8:03:19 AM okhttp3.mockwebserver.MockWebServer$3 execute
INFO: MockWebServer[49916] starting to accept connections
Jan 23, 2016 8:03:19 AM okhttp3.mockwebserver.MockWebServer$3 acceptConnections
INFO: MockWebServer[49916] done accepting connections: Socket closed
Jan 23, 2016 8:03:19 AM okhttp3.mockwebserver.MockWebServer$4 processOneRequest
INFO: MockWebServer[49916] received request: GET / HTTP/1.1 and responded: HTTP/1.1 200 OK
Jan 23, 2016 8:03:19 AM okhttp3.mockwebserver.MockWebServer$3 execute
INFO: MockWebServer[55251] starting to accept connections
Jan 23, 2016 8:03:19 AM okhttp3.mockwebserver.MockWebServer$3 acceptConnections
INFO: MockWebServer[55251] done accepting connections: Socket closed
Jan 23, 2016 8:03:19 AM okhttp3.mockwebserver.MockWebServer$4 processOneRequest
INFO: MockWebServer[55251] received request: GET / HTTP/1.1 and responded: HTTP/1.1 200 OK
Tests run: 34, Failures: 0, Errors: 0, Skipped: 0, Time elapsed: 1.138 sec
Running retrofit2.RequestBuilderTest
Tests run: 103, Failures: 0, Errors: 0, Skipped: 2, Time elapsed: 0.231 sec
Running retrofit2.ExecutorCallAdapterFactoryTest
Tests run: 7, Failures: 0, Errors: 0, Skipped: 0, Time elapsed: 0.101 sec
Running retrofit2.RequestBuilderAndroidTest
WARNING: No manifest file found at ./AndroidManifest.xml.Falling back to the Android OS resources only.
To remove this warning, annotate your test class with @Config(manifest=Config.NONE).
WARNING: No manifest file found at ./AndroidManifest.xml.Falling back to the Android OS resources only.
To remove this warning, annotate your test class with @Config(manifest=Config.NONE).
Tests run: 2, Failures: 0, Errors: 0, Skipped: 0, Time elapsed: 6.265 sec
Running retrofit2.ResponseTest
Tests run: 12, Failures: 0, Errors: 0, Skipped: 0, Time elapsed: 0.016 sec
Running retrofit2.RequestFactoryParserTest
Tests run: 1, Failures: 0, Errors: 0, Skipped: 0, Time elapsed: 0.01 sec
Running retrofit2.RetrofitTest
Jan 23, 2016 8:03:26 AM okhttp3.mockwebserver.MockWebServer$3 execute
INFO: MockWebServer[50221] starting to accept connections
Jan 23, 2016 8:03:27 AM okhttp3.mockwebserver.MockWebServer$3 acceptConnections
INFO: MockWebServer[50221] done accepting connections: Socket closed
Jan 23, 2016 8:03:27 AM okhttp3.mockwebserver.MockWebServer$3 execute
INFO: MockWebServer[44041] starting to accept connections
Jan 23, 2016 8:03:27 AM okhttp3.mockwebserver.MockWebServer$3 acceptConnections
INFO: MockWebServer[44041] done accepting connections: Socket closed
Jan 23, 2016 8:03:27 AM okhttp3.mockwebserver.MockWebServer$3 execute
INFO: MockWebServer[36843] starting to accept connections
Jan 23, 2016 8:03:27 AM okhttp3.mockwebserver.MockWebServer$3 acceptConnections
INFO: MockWebServer[36843] done accepting connections: Socket closed
Jan 23, 2016 8:03:27 AM okhttp3.mockwebserver.MockWebServer$3 execute
INFO: MockWebServer[57878] starting to accept connections
Jan 23, 2016 8:03:27 AM okhttp3.mockwebserver.MockWebServer$3 acceptConnections
INFO: MockWebServer[57878] done accepting connections: Socket is closed
Jan 23, 2016 8:03:27 AM okhttp3.mockwebserver.MockWebServer$3 execute
INFO: MockWebServer[39337] starting to accept connections
Jan 23, 2016 8:03:27 AM okhttp3.mockwebserver.MockWebServer$3 acceptConnections
INFO: MockWebServer[39337] done accepting connections: Socket closed
Jan 23, 2016 8:03:27 AM okhttp3.mockwebserver.MockWebServer$4 processOneRequest
INFO: MockWebServer[39337] received request: GET / HTTP/1.1 and responded: HTTP/1.1 200 OK
Jan 23, 2016 8:03:27 AM okhttp3.mockwebserver.MockWebServer$3 execute
INFO: MockWebServer[50721] starting to accept connections
Jan 23, 2016 8:03:27 AM okhttp3.mockwebserver.MockWebServer$3 acceptConnections
INFO: MockWebServer[50721] done accepting connections: Socket is closed
Jan 23, 2016 8:03:27 AM okhttp3.mockwebserver.MockWebServer$3 execute
INFO: MockWebServer[55481] starting to accept connections
Jan 23, 2016 8:03:27 AM okhttp3.mockwebserver.MockWebServer$3 acceptConnections
INFO: MockWebServer[55481] done accepting connections: Socket is closed
Jan 23, 2016 8:03:27 AM okhttp3.mockwebserver.MockWebServer$3 execute
INFO: MockWebServer[57626] starting to accept connections
Jan 23, 2016 8:03:27 AM okhttp3.mockwebserver.MockWebServer$3 acceptConnections
INFO: MockWebServer[57626] done accepting connections: Socket is closed
Jan 23, 2016 8:03:27 AM okhttp3.mockwebserver.MockWebServer$3 execute
INFO: MockWebServer[41263] starting to accept connections
Jan 23, 2016 8:03:27 AM okhttp3.mockwebserver.MockWebServer$3 acceptConnections
INFO: MockWebServer[41263] done accepting connections: Socket closed
Jan 23, 2016 8:03:27 AM okhttp3.mockwebserver.MockWebServer$3 execute
INFO: MockWebServer[35646] starting to accept connections
Jan 23, 2016 8:03:27 AM okhttp3.mockwebserver.MockWebServer$3 acceptConnections
INFO: MockWebServer[35646] done accepting connections: Socket closed
Jan 23, 2016 8:03:27 AM okhttp3.mockwebserver.MockWebServer$3 execute
INFO: MockWebServer[56106] starting to accept connections
Jan 23, 2016 8:03:27 AM okhttp3.mockwebserver.MockWebServer$3 acceptConnections
INFO: MockWebServer[56106] done accepting connections: Socket is closed
Jan 23, 2016 8:03:27 AM okhttp3.mockwebserver.MockWebServer$3 execute
INFO: MockWebServer[36420] starting to accept connections
Jan 23, 2016 8:03:27 AM okhttp3.mockwebserver.MockWebServer$3 acceptConnections
INFO: MockWebServer[36420] done accepting connections: Socket closed
Jan 23, 2016 8:03:27 AM okhttp3.mockwebserver.MockWebServer$3 execute
INFO: MockWebServer[48590] starting to accept connections
Jan 23, 2016 8:03:27 AM okhttp3.mockwebserver.MockWebServer$3 acceptConnections
INFO: MockWebServer[48590] done accepting connections: Socket closed
Jan 23, 2016 8:03:28 AM okhttp3.mockwebserver.MockWebServer$3 execute
INFO: MockWebServer[34236] starting to accept connections
Jan 23, 2016 8:03:28 AM okhttp3.mockwebserver.MockWebServer$3 acceptConnections
INFO: MockWebServer[34236] done accepting connections: Socket closed
Jan 23, 2016 8:03:28 AM okhttp3.mockwebserver.MockWebServer$3 execute
INFO: MockWebServer[54815] starting to accept connections
Jan 23, 2016 8:03:28 AM okhttp3.mockwebserver.MockWebServer$3 acceptConnections
INFO: MockWebServer[54815] done accepting connections: Socket closed
Jan 23, 2016 8:03:28 AM okhttp3.mockwebserver.MockWebServer$4 processOneRequest
INFO: MockWebServer[54815] received request: GET / HTTP/1.1 and responded: HTTP/1.1 200 OK
Jan 23, 2016 8:03:28 AM okhttp3.mockwebserver.MockWebServer$3 execute
INFO: MockWebServer[35937] starting to accept connections
Jan 23, 2016 8:03:28 AM okhttp3.mockwebserver.MockWebServer$3 acceptConnections
INFO: MockWebServer[35937] done accepting connections: Socket is closed
Jan 23, 2016 8:03:28 AM okhttp3.mockwebserver.MockWebServer$3 execute
INFO: MockWebServer[60630] starting to accept connections
Jan 23, 2016 8:03:28 AM okhttp3.mockwebserver.MockWebServer$3 acceptConnections
INFO: MockWebServer[60630] done accepting connections: Socket is closed
Jan 23, 2016 8:03:28 AM okhttp3.mockwebserver.MockWebServer$3 execute
INFO: MockWebServer[48857] starting to accept connections
Jan 23, 2016 8:03:28 AM okhttp3.mockwebserver.MockWebServer$4 processOneRequest
INFO: MockWebServer[48857] received request: GET / HTTP/1.1 and responded: HTTP/1.1 200 OK
Jan 23, 2016 8:03:28 AM okhttp3.mockwebserver.MockWebServer$3 acceptConnections
INFO: MockWebServer[48857] done accepting connections: Socket closed
Jan 23, 2016 8:03:28 AM okhttp3.mockwebserver.MockWebServer$3 execute
INFO: MockWebServer[59479] starting to accept connections
Jan 23, 2016 8:03:28 AM okhttp3.mockwebserver.MockWebServer$3 acceptConnections
INFO: MockWebServer[59479] done accepting connections: Socket is closed
Jan 23, 2016 8:03:28 AM okhttp3.mockwebserver.MockWebServer$3 execute
INFO: MockWebServer[33057] starting to accept connections
Jan 23, 2016 8:03:28 AM okhttp3.mockwebserver.MockWebServer$3 acceptConnections
INFO: MockWebServer[33057] done accepting connections: Socket closed
Jan 23, 2016 8:03:28 AM okhttp3.mockwebserver.MockWebServer$4 processOneRequest
INFO: MockWebServer[33057] received request: POST / HTTP/1.1 and responded: HTTP/1.1 200 OK
Jan 23, 2016 8:03:28 AM okhttp3.mockwebserver.MockWebServer$3 execute
INFO: MockWebServer[54812] starting to accept connections
Jan 23, 2016 8:03:28 AM okhttp3.mockwebserver.MockWebServer$3 acceptConnections
INFO: MockWebServer[54812] done accepting connections: Socket is closed
Jan 23, 2016 8:03:28 AM okhttp3.mockwebserver.MockWebServer$3 execute
INFO: MockWebServer[52203] starting to accept connections
Jan 23, 2016 8:03:28 AM okhttp3.mockwebserver.MockWebServer$3 acceptConnections
INFO: MockWebServer[52203] done accepting connections: Socket is closed
Jan 23, 2016 8:03:28 AM okhttp3.mockwebserver.MockWebServer$3 execute
INFO: MockWebServer[36681] starting to accept connections
Jan 23, 2016 8:03:28 AM okhttp3.mockwebserver.MockWebServer$3 acceptConnections
INFO: MockWebServer[36681] done accepting connections: Socket is closed
Jan 23, 2016 8:03:28 AM okhttp3.mockwebserver.MockWebServer$3 execute
INFO: MockWebServer[45151] starting to accept connections
Jan 23, 2016 8:03:28 AM okhttp3.mockwebserver.MockWebServer$3 acceptConnections
INFO: MockWebServer[45151] done accepting connections: Socket is closed
Jan 23, 2016 8:03:28 AM okhttp3.mockwebserver.MockWebServer$3 execute
INFO: MockWebServer[40304] starting to accept connections
Jan 23, 2016 8:03:28 AM okhttp3.mockwebserver.MockWebServer$3 acceptConnections
INFO: MockWebServer[40304] done accepting connections: Socket is closed
Jan 23, 2016 8:03:28 AM okhttp3.mockwebserver.MockWebServer$3 execute
INFO: MockWebServer[41317] starting to accept connections
Jan 23, 2016 8:03:28 AM okhttp3.mockwebserver.MockWebServer$3 acceptConnections
INFO: MockWebServer[41317] done accepting connections: Socket is closed
Jan 23, 2016 8:03:28 AM okhttp3.mockwebserver.MockWebServer$3 execute
INFO: MockWebServer[47506] starting to accept connections
Jan 23, 2016 8:03:28 AM okhttp3.mockwebserver.MockWebServer$3 acceptConnections
INFO: MockWebServer[47506] done accepting connections: Socket is closed
Jan 23, 2016 8:03:28 AM okhttp3.mockwebserver.MockWebServer$3 execute
INFO: MockWebServer[45376] starting to accept connections
Jan 23, 2016 8:03:28 AM okhttp3.mockwebserver.MockWebServer$3 acceptConnections
INFO: MockWebServer[45376] done accepting connections: Socket closed
Jan 23, 2016 8:03:28 AM okhttp3.mockwebserver.MockWebServer$4 processOneRequest
INFO: MockWebServer[45376] received request: GET / HTTP/1.1 and responded: HTTP/1.1 200 OK
Jan 23, 2016 8:03:28 AM okhttp3.mockwebserver.MockWebServer$3 execute
INFO: MockWebServer[48236] starting to accept connections
Jan 23, 2016 8:03:28 AM okhttp3.mockwebserver.MockWebServer$3 acceptConnections
INFO: MockWebServer[48236] done accepting connections: Socket closed
Jan 23, 2016 8:03:28 AM okhttp3.mockwebserver.MockWebServer$3 execute
INFO: MockWebServer[59825] starting to accept connections
Jan 23, 2016 8:03:28 AM okhttp3.mockwebserver.MockWebServer$3 acceptConnections
INFO: MockWebServer[59825] done accepting connections: Socket is closed
Jan 23, 2016 8:03:28 AM okhttp3.mockwebserver.MockWebServer$3 execute
INFO: MockWebServer[41555] starting to accept connections
Jan 23, 2016 8:03:28 AM okhttp3.mockwebserver.MockWebServer$3 acceptConnections
INFO: MockWebServer[41555] done accepting connections: Socket closed
Jan 23, 2016 8:03:28 AM okhttp3.mockwebserver.MockWebServer$3 execute
INFO: MockWebServer[36129] starting to accept connections
Jan 23, 2016 8:03:28 AM okhttp3.mockwebserver.MockWebServer$3 acceptConnections
INFO: MockWebServer[36129] done accepting connections: Socket is closed
Jan 23, 2016 8:03:28 AM okhttp3.mockwebserver.MockWebServer$3 execute
INFO: MockWebServer[59383] starting to accept connections
Jan 23, 2016 8:03:28 AM okhttp3.mockwebserver.MockWebServer$3 acceptConnections
INFO: MockWebServer[59383] done accepting connections: Socket closed
Jan 23, 2016 8:03:28 AM okhttp3.mockwebserver.MockWebServer$3 execute
INFO: MockWebServer[46658] starting to accept connections
Jan 23, 2016 8:03:28 AM okhttp3.mockwebserver.MockWebServer$3 acceptConnections
INFO: MockWebServer[46658] done accepting connections: Socket is closed
Jan 23, 2016 8:03:28 AM okhttp3.mockwebserver.MockWebServer$3 execute
INFO: MockWebServer[44511] starting to accept connections
Jan 23, 2016 8:03:28 AM okhttp3.mockwebserver.MockWebServer$3 acceptConnections
INFO: MockWebServer[44511] done accepting connections: Socket closed
Jan 23, 2016 8:03:28 AM okhttp3.mockwebserver.MockWebServer$3 execute
INFO: MockWebServer[34634] starting to accept connections
Jan 23, 2016 8:03:28 AM okhttp3.mockwebserver.MockWebServer$3 acceptConnections
INFO: MockWebServer[34634] done accepting connections: Socket is closed
Jan 23, 2016 8:03:28 AM okhttp3.mockwebserver.MockWebServer$3 execute
INFO: MockWebServer[35958] starting to accept connections
Jan 23, 2016 8:03:28 AM okhttp3.mockwebserver.MockWebServer$3 acceptConnections
INFO: MockWebServer[35958] done accepting connections: Socket is closed
Jan 23, 2016 8:03:28 AM okhttp3.mockwebserver.MockWebServer$3 execute
INFO: MockWebServer[41286] starting to accept connections
Jan 23, 2016 8:03:28 AM okhttp3.mockwebserver.MockWebServer$3 acceptConnections
INFO: MockWebServer[41286] done accepting connections: Socket is closed
Jan 23, 2016 8:03:28 AM okhttp3.mockwebserver.MockWebServer$3 execute
INFO: MockWebServer[33065] starting to accept connections
Jan 23, 2016 8:03:28 AM okhttp3.mockwebserver.MockWebServer$3 acceptConnections
INFO: MockWebServer[33065] done accepting connections: Socket is closed
Jan 23, 2016 8:03:28 AM okhttp3.mockwebserver.MockWebServer$3 execute
INFO: MockWebServer[55837] starting to accept connections
Jan 23, 2016 8:03:28 AM okhttp3.mockwebserver.MockWebServer$3 acceptConnections
INFO: MockWebServer[55837] done accepting connections: Socket closed
Jan 23, 2016 8:03:28 AM okhttp3.mockwebserver.MockWebServer$3 execute
INFO: MockWebServer[53925] starting to accept connections
Jan 23, 2016 8:03:28 AM okhttp3.mockwebserver.MockWebServer$3 acceptConnections
INFO: MockWebServer[53925] done accepting connections: Socket closed
Jan 23, 2016 8:03:29 AM okhttp3.mockwebserver.MockWebServer$3 execute
INFO: MockWebServer[46381] starting to accept connections
Jan 23, 2016 8:03:29 AM okhttp3.mockwebserver.MockWebServer$3 acceptConnections
INFO: MockWebServer[46381] done accepting connections: Socket is closed
Jan 23, 2016 8:03:29 AM okhttp3.mockwebserver.MockWebServer$3 execute
INFO: MockWebServer[36109] starting to accept connections
Jan 23, 2016 8:03:29 AM okhttp3.mockwebserver.MockWebServer$3 acceptConnections
INFO: MockWebServer[36109] done accepting connections: Socket closed
Jan 23, 2016 8:03:29 AM okhttp3.mockwebserver.MockWebServer$3 execute
INFO: MockWebServer[39620] starting to accept connections
Jan 23, 2016 8:03:29 AM okhttp3.mockwebserver.MockWebServer$3 acceptConnections
INFO: MockWebServer[39620] done accepting connections: Socket is closed
Jan 23, 2016 8:03:29 AM okhttp3.mockwebserver.MockWebServer$3 execute
INFO: MockWebServer[55491] starting to accept connections
Jan 23, 2016 8:03:29 AM okhttp3.mockwebserver.MockWebServer$3 acceptConnections
INFO: MockWebServer[55491] done accepting connections: Socket closed
Jan 23, 2016 8:03:29 AM okhttp3.mockwebserver.MockWebServer$3 execute
INFO: MockWebServer[38331] starting to accept connections
Jan 23, 2016 8:03:29 AM okhttp3.mockwebserver.MockWebServer$3 acceptConnections
INFO: MockWebServer[38331] done accepting connections: Socket closed
Jan 23, 2016 8:03:29 AM okhttp3.mockwebserver.MockWebServer$3 execute
INFO: MockWebServer[59441] starting to accept connections
Jan 23, 2016 8:03:29 AM okhttp3.mockwebserver.MockWebServer$3 acceptConnections
INFO: MockWebServer[59441] done accepting connections: Socket closed
Jan 23, 2016 8:03:29 AM okhttp3.mockwebserver.MockWebServer$3 execute
INFO: MockWebServer[44903] starting to accept connections
Jan 23, 2016 8:03:29 AM okhttp3.mockwebserver.MockWebServer$3 acceptConnections
INFO: MockWebServer[44903] done accepting connections: Socket is closed
Jan 23, 2016 8:03:29 AM okhttp3.mockwebserver.MockWebServer$3 execute
INFO: MockWebServer[57812] starting to accept connections
Jan 23, 2016 8:03:29 AM okhttp3.mockwebserver.MockWebServer$3 acceptConnections
INFO: MockWebServer[57812] done accepting connections: Socket closed
Jan 23, 2016 8:03:29 AM okhttp3.mockwebserver.MockWebServer$3 execute
INFO: MockWebServer[43190] starting to accept connections
Jan 23, 2016 8:03:29 AM okhttp3.mockwebserver.MockWebServer$3 acceptConnections
INFO: MockWebServer[43190] done accepting connections: Socket closed
Jan 23, 2016 8:03:29 AM okhttp3.mockwebserver.MockWebServer$3 execute
INFO: MockWebServer[38198] starting to accept connections
Jan 23, 2016 8:03:29 AM okhttp3.mockwebserver.MockWebServer$3 acceptConnections
INFO: MockWebServer[38198] done accepting connections: Socket is closed
Jan 23, 2016 8:03:29 AM okhttp3.mockwebserver.MockWebServer$3 execute
INFO: MockWebServer[45443] starting to accept connections
Jan 23, 2016 8:03:29 AM okhttp3.mockwebserver.MockWebServer$3 acceptConnections
INFO: MockWebServer[45443] done accepting connections: Socket is closed
Jan 23, 2016 8:03:29 AM okhttp3.mockwebserver.MockWebServer$3 execute
INFO: MockWebServer[44517] starting to accept connections
Jan 23, 2016 8:03:29 AM okhttp3.mockwebserver.MockWebServer$3 acceptConnections
INFO: MockWebServer[44517] done accepting connections: Socket is closed
Jan 23, 2016 8:03:29 AM okhttp3.mockwebserver.MockWebServer$3 execute
INFO: MockWebServer[46753] starting to accept connections
Jan 23, 2016 8:03:29 AM okhttp3.mockwebserver.MockWebServer$3 acceptConnections
INFO: MockWebServer[46753] done accepting connections: Socket is closed
Jan 23, 2016 8:03:29 AM okhttp3.mockwebserver.MockWebServer$3 execute
INFO: MockWebServer[42991] starting to accept connections
Jan 23, 2016 8:03:29 AM okhttp3.mockwebserver.MockWebServer$3 acceptConnections
INFO: MockWebServer[42991] done accepting connections: Socket closed
Jan 23, 2016 8:03:29 AM okhttp3.mockwebserver.MockWebServer$3 execute
INFO: MockWebServer[42117] starting to accept connections
Jan 23, 2016 8:03:29 AM okhttp3.mockwebserver.MockWebServer$3 acceptConnections
INFO: MockWebServer[42117] done accepting connections: Socket closed
Jan 23, 2016 8:03:29 AM okhttp3.mockwebserver.MockWebServer$3 execute
INFO: MockWebServer[33281] starting to accept connections
Jan 23, 2016 8:03:29 AM okhttp3.mockwebserver.MockWebServer$3 acceptConnections
INFO: MockWebServer[33281] done accepting connections: Socket closed
Jan 23, 2016 8:03:29 AM okhttp3.mockwebserver.MockWebServer$3 execute
INFO: MockWebServer[48054] starting to accept connections
Jan 23, 2016 8:03:29 AM okhttp3.mockwebserver.MockWebServer$3 acceptConnections
INFO: MockWebServer[48054] done accepting connections: Socket closed
Jan 23, 2016 8:03:29 AM okhttp3.mockwebserver.MockWebServer$3 execute
INFO: MockWebServer[40544] starting to accept connections
Jan 23, 2016 8:03:29 AM okhttp3.mockwebserver.MockWebServer$3 acceptConnections
INFO: MockWebServer[40544] done accepting connections: Socket is closed
Jan 23, 2016 8:03:29 AM okhttp3.mockwebserver.MockWebServer$3 execute
INFO: MockWebServer[46971] starting to accept connections
Jan 23, 2016 8:03:29 AM okhttp3.mockwebserver.MockWebServer$3 acceptConnections
INFO: MockWebServer[46971] done accepting connections: Socket closed
Jan 23, 2016 8:03:29 AM okhttp3.mockwebserver.MockWebServer$3 execute
INFO: MockWebServer[42531] starting to accept connections
Jan 23, 2016 8:03:29 AM okhttp3.mockwebserver.MockWebServer$3 acceptConnections
INFO: MockWebServer[42531] done accepting connections: Socket is closed
Jan 23, 2016 8:03:29 AM okhttp3.mockwebserver.MockWebServer$3 execute
INFO: MockWebServer[38199] starting to accept connections
Jan 23, 2016 8:03:29 AM okhttp3.mockwebserver.MockWebServer$3 acceptConnections
INFO: MockWebServer[38199] done accepting connections: Socket closed
Tests run: 62, Failures: 0, Errors: 0, Skipped: 0, Time elapsed: 2.556 sec

Results :

Tests run: 221, Failures: 0, Errors: 0, Skipped: 2

[INFO] 
[INFO] --- animal-sniffer-maven-plugin:1.14:check (default) @ retrofit ---
[INFO] Checking unresolved references to org.codehaus.mojo.signature:java16:1.1
[INFO]                                                                         
[INFO] ------------------------------------------------------------------------
[INFO] Building Adapters 2.0.0-SNAPSHOT
[INFO] ------------------------------------------------------------------------
[INFO] 
[INFO] --- maven-enforcer-plugin:1.0:enforce (enforce-maven) @ retrofit-adapters ---
[INFO] 
[INFO] --- animal-sniffer-maven-plugin:1.14:check (default) @ retrofit-adapters ---
[INFO] Checking unresolved references to org.codehaus.mojo.signature:java16:1.1
[INFO]                                                                         
[INFO] ------------------------------------------------------------------------
[INFO] Building Adapter: RxJava 2.0.0-SNAPSHOT
[INFO] ------------------------------------------------------------------------
[INFO] 
[INFO] --- maven-enforcer-plugin:1.0:enforce (enforce-maven) @ adapter-rxjava ---
[INFO] 
[INFO] --- maven-resources-plugin:2.6:resources (default-resources) @ adapter-rxjava ---
[INFO] Using 'UTF-8' encoding to copy filtered resources.
[INFO] skip non existing resourceDirectory /home/travis/build/square/retrofit/retrofit-adapters/rxjava/src/main/resources
[INFO] 
[INFO] --- maven-compiler-plugin:3.0:compile (default-compile) @ adapter-rxjava ---
[INFO] Changes detected - recompiling the module!
[INFO] Compiling 4 source files to /home/travis/build/square/retrofit/retrofit-adapters/rxjava/target/classes
[INFO] 
[INFO] --- maven-resources-plugin:2.6:testResources (default-testResources) @ adapter-rxjava ---
[INFO] Using 'UTF-8' encoding to copy filtered resources.
[INFO] skip non existing resourceDirectory /home/travis/build/square/retrofit/retrofit-adapters/rxjava/src/test/resources
[INFO] 
[INFO] --- maven-compiler-plugin:3.0:testCompile (default-testCompile) @ adapter-rxjava ---
[INFO] Changes detected - recompiling the module!
[INFO] Compiling 2 source files to /home/travis/build/square/retrofit/retrofit-adapters/rxjava/target/test-classes
[INFO] 
[INFO] --- maven-surefire-plugin:2.12.4:test (default-test) @ adapter-rxjava ---
[INFO] Surefire report directory: /home/travis/build/square/retrofit/retrofit-adapters/rxjava/target/surefire-reports

-------------------------------------------------------
 T E S T S
-------------------------------------------------------
Running retrofit2.ResultTest
Tests run: 4, Failures: 0, Errors: 0, Skipped: 0, Time elapsed: 0.168 sec
Running retrofit2.RxJavaCallAdapterFactoryTest
Jan 23, 2016 8:03:31 AM okhttp3.mockwebserver.MockWebServer$3 execute
INFO: MockWebServer[42308] starting to accept connections
Jan 23, 2016 8:03:31 AM okhttp3.mockwebserver.MockWebServer$3 acceptConnections
INFO: MockWebServer[42308] done accepting connections: Socket closed
Jan 23, 2016 8:03:31 AM okhttp3.mockwebserver.MockWebServer$4 processConnection
WARNING: MockWebServer[42308] connection from /127.0.0.1 didn't make a request
Jan 23, 2016 8:03:31 AM okhttp3.mockwebserver.MockWebServer$3 execute
INFO: MockWebServer[56862] starting to accept connections
Jan 23, 2016 8:03:31 AM okhttp3.mockwebserver.MockWebServer$4 processOneRequest
INFO: MockWebServer[56862] received request: GET / HTTP/1.1 and responded: HTTP/1.1 200 OK
Jan 23, 2016 8:03:31 AM okhttp3.mockwebserver.MockWebServer$3 acceptConnections
INFO: MockWebServer[56862] done accepting connections: Socket closed
Jan 23, 2016 8:03:31 AM okhttp3.mockwebserver.MockWebServer$3 execute
INFO: MockWebServer[54990] starting to accept connections
Jan 23, 2016 8:03:31 AM okhttp3.mockwebserver.MockWebServer$4 processOneRequest
INFO: MockWebServer[54990] received request: GET / HTTP/1.1 and responded: HTTP/1.1 404 Client Error
Jan 23, 2016 8:03:31 AM okhttp3.mockwebserver.MockWebServer$3 acceptConnections
INFO: MockWebServer[54990] done accepting connections: Socket closed
Jan 23, 2016 8:03:31 AM okhttp3.mockwebserver.MockWebServer$3 execute
INFO: MockWebServer[44426] starting to accept connections
Jan 23, 2016 8:03:31 AM okhttp3.mockwebserver.MockWebServer$3 acceptConnections
INFO: MockWebServer[44426] done accepting connections: Socket closed
Jan 23, 2016 8:03:31 AM okhttp3.mockwebserver.MockWebServer$3 execute
INFO: MockWebServer[43028] starting to accept connections
Jan 23, 2016 8:03:31 AM okhttp3.mockwebserver.MockWebServer$4 processOneRequest
INFO: MockWebServer[43028] received request: GET / HTTP/1.1 and responded: HTTP/1.1 200 OK
Jan 23, 2016 8:03:31 AM okhttp3.mockwebserver.MockWebServer$3 acceptConnections
INFO: MockWebServer[43028] done accepting connections: Socket closed
Jan 23, 2016 8:03:31 AM okhttp3.mockwebserver.MockWebServer$3 execute
INFO: MockWebServer[35479] starting to accept connections
Jan 23, 2016 8:03:31 AM okhttp3.mockwebserver.MockWebServer$4 processOneRequest
INFO: MockWebServer[35479] received request: GET / HTTP/1.1 and responded: HTTP/1.1 404 Client Error
Jan 23, 2016 8:03:31 AM okhttp3.mockwebserver.MockWebServer$3 acceptConnections
INFO: MockWebServer[35479] done accepting connections: Socket closed
Jan 23, 2016 8:03:31 AM okhttp3.mockwebserver.MockWebServer$3 execute
INFO: MockWebServer[39955] starting to accept connections
Jan 23, 2016 8:03:31 AM okhttp3.mockwebserver.MockWebServer$4 processConnection
WARNING: MockWebServer[39955] connection from /127.0.0.1 didn't make a request
Jan 23, 2016 8:03:31 AM okhttp3.mockwebserver.MockWebServer$3 acceptConnections
INFO: MockWebServer[39955] done accepting connections: Socket closed
Jan 23, 2016 8:03:31 AM okhttp3.mockwebserver.MockWebServer$3 execute
INFO: MockWebServer[55749] starting to accept connections
Jan 23, 2016 8:03:31 AM okhttp3.mockwebserver.MockWebServer$4 processOneRequest
INFO: MockWebServer[55749] received request: GET / HTTP/1.1 and responded: HTTP/1.1 200 OK
Jan 23, 2016 8:03:31 AM okhttp3.mockwebserver.MockWebServer$3 acceptConnections
INFO: MockWebServer[55749] done accepting connections: Socket closed
Jan 23, 2016 8:03:31 AM okhttp3.mockwebserver.MockWebServer$3 execute
INFO: MockWebServer[48191] starting to accept connections
Jan 23, 2016 8:03:31 AM okhttp3.mockwebserver.MockWebServer$3 acceptConnections
INFO: MockWebServer[48191] done accepting connections: Socket closed
Jan 23, 2016 8:03:31 AM okhttp3.mockwebserver.MockWebServer$4 processOneRequest
INFO: MockWebServer[48191] received request: GET / HTTP/1.1 and responded: HTTP/1.1 404 Client Error
Jan 23, 2016 8:03:31 AM okhttp3.mockwebserver.MockWebServer$3 execute
INFO: MockWebServer[42712] starting to accept connections
Jan 23, 2016 8:03:31 AM okhttp3.mockwebserver.MockWebServer$3 acceptConnections
INFO: MockWebServer[42712] done accepting connections: Socket closed
Jan 23, 2016 8:03:31 AM okhttp3.mockwebserver.MockWebServer$4 processConnection
WARNING: MockWebServer[42712] connection from /127.0.0.1 didn't make a request
Jan 23, 2016 8:03:31 AM okhttp3.mockwebserver.MockWebServer$3 execute
INFO: MockWebServer[36121] starting to accept connections
Jan 23, 2016 8:03:31 AM okhttp3.mockwebserver.MockWebServer$4 processOneRequest
INFO: MockWebServer[36121] received request: GET / HTTP/1.1 and responded: HTTP/1.1 200 OK
Jan 23, 2016 8:03:31 AM okhttp3.mockwebserver.MockWebServer$3 acceptConnections
INFO: MockWebServer[36121] done accepting connections: Socket closed
Jan 23, 2016 8:03:31 AM okhttp3.mockwebserver.MockWebServer$3 execute
INFO: MockWebServer[39479] starting to accept connections
Jan 23, 2016 8:03:31 AM okhttp3.mockwebserver.MockWebServer$3 acceptConnections
INFO: MockWebServer[39479] done accepting connections: Socket closed
Jan 23, 2016 8:03:31 AM okhttp3.mockwebserver.MockWebServer$4 processOneRequest
INFO: MockWebServer[39479] received request: GET / HTTP/1.1 and responded: HTTP/1.1 404 Client Error
Jan 23, 2016 8:03:31 AM okhttp3.mockwebserver.MockWebServer$3 execute
INFO: MockWebServer[35977] starting to accept connections
Jan 23, 2016 8:03:31 AM okhttp3.mockwebserver.MockWebServer$3 acceptConnections
INFO: MockWebServer[35977] done accepting connections: Socket is closed
Jan 23, 2016 8:03:31 AM okhttp3.mockwebserver.MockWebServer$3 execute
INFO: MockWebServer[39637] starting to accept connections
Jan 23, 2016 8:03:31 AM okhttp3.mockwebserver.MockWebServer$3 acceptConnections
INFO: MockWebServer[39637] done accepting connections: Socket closed
Jan 23, 2016 8:03:31 AM okhttp3.mockwebserver.MockWebServer$4 processConnection
WARNING: MockWebServer[39637] connection from /127.0.0.1 didn't make a request
Jan 23, 2016 8:03:31 AM okhttp3.mockwebserver.MockWebServer$3 execute
INFO: MockWebServer[46016] starting to accept connections
Jan 23, 2016 8:03:31 AM okhttp3.mockwebserver.MockWebServer$3 acceptConnections
INFO: MockWebServer[46016] done accepting connections: Socket closed
Jan 23, 2016 8:03:31 AM okhttp3.mockwebserver.MockWebServer$4 processConnection
WARNING: MockWebServer[46016] connection from /127.0.0.1 didn't make a request
Jan 23, 2016 8:03:31 AM okhttp3.mockwebserver.MockWebServer$3 execute
INFO: MockWebServer[43771] starting to accept connections
Jan 23, 2016 8:03:31 AM okhttp3.mockwebserver.MockWebServer$4 processOneRequest
INFO: MockWebServer[43771] received request: GET / HTTP/1.1 and responded: HTTP/1.1 200 OK
Jan 23, 2016 8:03:31 AM okhttp3.mockwebserver.MockWebServer$3 acceptConnections
INFO: MockWebServer[43771] done accepting connections: Socket closed
Jan 23, 2016 8:03:31 AM okhttp3.mockwebserver.MockWebServer$3 execute
INFO: MockWebServer[56830] starting to accept connections
Jan 23, 2016 8:03:31 AM okhttp3.mockwebserver.MockWebServer$3 acceptConnections
INFO: MockWebServer[56830] done accepting connections: Socket closed
Jan 23, 2016 8:03:31 AM okhttp3.mockwebserver.MockWebServer$4 processOneRequest
INFO: MockWebServer[56830] received request: GET / HTTP/1.1 and responded: HTTP/1.1 404 Client Error
Jan 23, 2016 8:03:31 AM okhttp3.mockwebserver.MockWebServer$3 execute
INFO: MockWebServer[52567] starting to accept connections
Jan 23, 2016 8:03:31 AM okhttp3.mockwebserver.MockWebServer$3 acceptConnections
INFO: MockWebServer[52567] done accepting connections: Socket is closed
Jan 23, 2016 8:03:31 AM okhttp3.mockwebserver.MockWebServer$3 execute
INFO: MockWebServer[48621] starting to accept connections
Jan 23, 2016 8:03:31 AM okhttp3.mockwebserver.MockWebServer$3 acceptConnections
INFO: MockWebServer[48621] done accepting connections: Socket closed
Jan 23, 2016 8:03:31 AM okhttp3.mockwebserver.MockWebServer$3 execute
INFO: MockWebServer[42566] starting to accept connections
Jan 23, 2016 8:03:31 AM okhttp3.mockwebserver.MockWebServer$4 processConnection
WARNING: MockWebServer[42566] connection from /127.0.0.1 didn't make a request
Jan 23, 2016 8:03:31 AM okhttp3.mockwebserver.MockWebServer$3 acceptConnections
INFO: MockWebServer[42566] done accepting connections: Socket closed
Jan 23, 2016 8:03:31 AM okhttp3.mockwebserver.MockWebServer$3 execute
INFO: MockWebServer[37725] starting to accept connections
Jan 23, 2016 8:03:31 AM okhttp3.mockwebserver.MockWebServer$3 acceptConnections
INFO: MockWebServer[37725] done accepting connections: Socket closed
Jan 23, 2016 8:03:31 AM okhttp3.mockwebserver.MockWebServer$4 processOneRequest
INFO: MockWebServer[37725] received request: GET / HTTP/1.1 and responded: HTTP/1.1 200 OK
Jan 23, 2016 8:03:31 AM okhttp3.mockwebserver.MockWebServer$3 execute
INFO: MockWebServer[46719] starting to accept connections
Jan 23, 2016 8:03:31 AM okhttp3.mockwebserver.MockWebServer$4 processOneRequest
INFO: MockWebServer[46719] received request: GET / HTTP/1.1 and responded: HTTP/1.1 404 Client Error
Jan 23, 2016 8:03:31 AM okhttp3.mockwebserver.MockWebServer$3 acceptConnections
INFO: MockWebServer[46719] done accepting connections: Socket closed
Jan 23, 2016 8:03:31 AM okhttp3.mockwebserver.MockWebServer$3 execute
INFO: MockWebServer[51645] starting to accept connections
Jan 23, 2016 8:03:31 AM okhttp3.mockwebserver.MockWebServer$3 acceptConnections
INFO: MockWebServer[51645] done accepting connections: Socket is closed
Tests run: 23, Failures: 0, Errors: 0, Skipped: 0, Time elapsed: 0.618 sec

Results :

Tests run: 27, Failures: 0, Errors: 0, Skipped: 0

[INFO] 
[INFO] --- animal-sniffer-maven-plugin:1.14:check (default) @ adapter-rxjava ---
[INFO] Checking unresolved references to org.codehaus.mojo.signature:java16:1.1
[INFO]                                                                         
[INFO] ------------------------------------------------------------------------
[INFO] Building Converters 2.0.0-SNAPSHOT
[INFO] ------------------------------------------------------------------------
[INFO] 
[INFO] --- maven-enforcer-plugin:1.0:enforce (enforce-maven) @ retrofit-converters ---
[INFO] 
[INFO] --- animal-sniffer-maven-plugin:1.14:check (default) @ retrofit-converters ---
[INFO] Checking unresolved references to org.codehaus.mojo.signature:java16:1.1
[INFO]                                                                         
[INFO] ------------------------------------------------------------------------
[INFO] Building Converter: Gson 2.0.0-SNAPSHOT
[INFO] ------------------------------------------------------------------------
[INFO] 
[INFO] --- maven-enforcer-plugin:1.0:enforce (enforce-maven) @ converter-gson ---
[INFO] 
[INFO] --- maven-resources-plugin:2.6:resources (default-resources) @ converter-gson ---
[INFO] Using 'UTF-8' encoding to copy filtered resources.
[INFO] skip non existing resourceDirectory /home/travis/build/square/retrofit/retrofit-converters/gson/src/main/resources
[INFO] 
[INFO] --- maven-compiler-plugin:3.0:compile (default-compile) @ converter-gson ---
[INFO] Changes detected - recompiling the module!
[INFO] Compiling 3 source files to /home/travis/build/square/retrofit/retrofit-converters/gson/target/classes
[INFO] 
[INFO] --- maven-resources-plugin:2.6:testResources (default-testResources) @ converter-gson ---
[INFO] Using 'UTF-8' encoding to copy filtered resources.
[INFO] skip non existing resourceDirectory /home/travis/build/square/retrofit/retrofit-converters/gson/src/test/resources
[INFO] 
[INFO] --- maven-compiler-plugin:3.0:testCompile (default-testCompile) @ converter-gson ---
[INFO] Changes detected - recompiling the module!
[INFO] Compiling 1 source file to /home/travis/build/square/retrofit/retrofit-converters/gson/target/test-classes
[INFO] 
[INFO] --- maven-surefire-plugin:2.12.4:test (default-test) @ converter-gson ---
[INFO] Surefire report directory: /home/travis/build/square/retrofit/retrofit-converters/gson/target/surefire-reports

-------------------------------------------------------
 T E S T S
-------------------------------------------------------
Running retrofit2.GsonConverterFactoryTest
Jan 23, 2016 8:03:32 AM okhttp3.mockwebserver.MockWebServer$3 execute
INFO: MockWebServer[36467] starting to accept connections
Jan 23, 2016 8:03:33 AM okhttp3.mockwebserver.MockWebServer$4 processOneRequest
INFO: MockWebServer[36467] received request: POST / HTTP/1.1 and responded: HTTP/1.1 200 OK
Jan 23, 2016 8:03:33 AM okhttp3.mockwebserver.MockWebServer$3 acceptConnections
INFO: MockWebServer[36467] done accepting connections: Socket closed
Jan 23, 2016 8:03:33 AM okhttp3.mockwebserver.MockWebServer$3 execute
INFO: MockWebServer[44573] starting to accept connections
Jan 23, 2016 8:03:33 AM okhttp3.mockwebserver.MockWebServer$4 processOneRequest
INFO: MockWebServer[44573] received request: POST / HTTP/1.1 and responded: HTTP/1.1 200 OK
Jan 23, 2016 8:03:33 AM okhttp3.mockwebserver.MockWebServer$3 acceptConnections
INFO: MockWebServer[44573] done accepting connections: Socket closed
Jan 23, 2016 8:03:33 AM okhttp3.mockwebserver.MockWebServer$3 execute
INFO: MockWebServer[45369] starting to accept connections
Jan 23, 2016 8:03:33 AM okhttp3.mockwebserver.MockWebServer$4 processOneRequest
INFO: MockWebServer[45369] received request: POST / HTTP/1.1 and responded: HTTP/1.1 200 OK
Jan 23, 2016 8:03:33 AM okhttp3.mockwebserver.MockWebServer$3 acceptConnections
INFO: MockWebServer[45369] done accepting connections: Socket closed
Tests run: 3, Failures: 0, Errors: 0, Skipped: 0, Time elapsed: 0.602 sec

Results :

Tests run: 3, Failures: 0, Errors: 0, Skipped: 0

[INFO] 
[INFO] --- animal-sniffer-maven-plugin:1.14:check (default) @ converter-gson ---
[INFO] Checking unresolved references to org.codehaus.mojo.signature:java16:1.1
[INFO]                                                                         
[INFO] ------------------------------------------------------------------------
[INFO] Building Converter: Protocol Buffers 2.0.0-SNAPSHOT
[INFO] ------------------------------------------------------------------------
[INFO] 
[INFO] --- maven-enforcer-plugin:1.0:enforce (enforce-maven) @ converter-protobuf ---
[INFO] 
[INFO] --- maven-resources-plugin:2.6:resources (default-resources) @ converter-protobuf ---
[INFO] Using 'UTF-8' encoding to copy filtered resources.
[INFO] skip non existing resourceDirectory /home/travis/build/square/retrofit/retrofit-converters/protobuf/src/main/resources
[INFO] 
[INFO] --- maven-compiler-plugin:3.0:compile (default-compile) @ converter-protobuf ---
[INFO] Changes detected - recompiling the module!
[INFO] Compiling 3 source files to /home/travis/build/square/retrofit/retrofit-converters/protobuf/target/classes
[WARNING] /home/travis/build/square/retrofit/retrofit-converters/protobuf/src/main/java/retrofit2/ProtoConverterFactory.java: /home/travis/build/square/retrofit/retrofit-converters/protobuf/src/main/java/retrofit2/ProtoConverterFactory.java uses unchecked or unsafe operations.
[WARNING] /home/travis/build/square/retrofit/retrofit-converters/protobuf/src/main/java/retrofit2/ProtoConverterFactory.java: Recompile with -Xlint:unchecked for details.
[INFO] 
[INFO] --- maven-resources-plugin:2.6:testResources (default-testResources) @ converter-protobuf ---
[INFO] Using 'UTF-8' encoding to copy filtered resources.
[INFO] skip non existing resourceDirectory /home/travis/build/square/retrofit/retrofit-converters/protobuf/src/test/resources
[INFO] 
[INFO] --- maven-compiler-plugin:3.0:testCompile (default-testCompile) @ converter-protobuf ---
[INFO] Changes detected - recompiling the module!
[INFO] Compiling 2 source files to /home/travis/build/square/retrofit/retrofit-converters/protobuf/target/test-classes
[INFO] 
[INFO] --- maven-surefire-plugin:2.12.4:test (default-test) @ converter-protobuf ---
[INFO] Surefire report directory: /home/travis/build/square/retrofit/retrofit-converters/protobuf/target/surefire-reports

-------------------------------------------------------
 T E S T S
-------------------------------------------------------
Running retrofit2.ProtoConverterFactoryTest
Jan 23, 2016 8:03:34 AM okhttp3.mockwebserver.MockWebServer$3 execute
INFO: MockWebServer[54248] starting to accept connections
Jan 23, 2016 8:03:34 AM okhttp3.mockwebserver.MockWebServer$4 processOneRequest
INFO: MockWebServer[54248] received request: POST / HTTP/1.1 and responded: HTTP/1.1 200 OK
Jan 23, 2016 8:03:34 AM okhttp3.mockwebserver.MockWebServer$3 acceptConnections
INFO: MockWebServer[54248] done accepting connections: Socket closed
Jan 23, 2016 8:03:34 AM okhttp3.mockwebserver.MockWebServer$3 execute
INFO: MockWebServer[48329] starting to accept connections
Jan 23, 2016 8:03:34 AM okhttp3.mockwebserver.MockWebServer$3 acceptConnections
INFO: MockWebServer[48329] done accepting connections: Socket is closed
Jan 23, 2016 8:03:34 AM okhttp3.mockwebserver.MockWebServer$3 execute
INFO: MockWebServer[42216] starting to accept connections
Jan 23, 2016 8:03:34 AM okhttp3.mockwebserver.MockWebServer$4 processOneRequest
INFO: MockWebServer[42216] received request: GET / HTTP/1.1 and responded: HTTP/1.1 200 OK
Jan 23, 2016 8:03:34 AM okhttp3.mockwebserver.MockWebServer$3 acceptConnections
INFO: MockWebServer[42216] done accepting connections: Socket closed
Jan 23, 2016 8:03:34 AM okhttp3.mockwebserver.MockWebServer$3 execute
INFO: MockWebServer[52216] starting to accept connections
Jan 23, 2016 8:03:34 AM okhttp3.mockwebserver.MockWebServer$3 acceptConnections
INFO: MockWebServer[52216] done accepting connections: Socket closed
Jan 23, 2016 8:03:34 AM okhttp3.mockwebserver.MockWebServer$3 execute
INFO: MockWebServer[36710] starting to accept connections
Jan 23, 2016 8:03:34 AM okhttp3.mockwebserver.MockWebServer$4 processOneRequest
INFO: MockWebServer[36710] received request: GET / HTTP/1.1 and responded: HTTP/1.1 200 OK
Jan 23, 2016 8:03:34 AM okhttp3.mockwebserver.MockWebServer$3 acceptConnections
INFO: MockWebServer[36710] done accepting connections: Socket closed
Tests run: 5, Failures: 2, Errors: 0, Skipped: 0, Time elapsed: 0.529 sec <<< FAILURE!
deserializeWrongClass(retrofit2.ProtoConverterFactoryTest)  Time elapsed: 0.02 sec  <<< FAILURE!
java.lang.AssertionError: 
Expecting message:
 <"Could not locate ResponseBody converter for class java.lang.String. Tried:
 * retrofit2.BuiltInConverters
 * retrofit2.ProtoConverterFactory">
but was:
 <"Could not locate ResponseBody converter for class java.lang.String.
  Tried:
   * retrofit2.BuiltInConverters
   * retrofit2.ProtoConverterFactory">
	at retrofit2.ProtoConverterFactoryTest.deserializeWrongClass(ProtoConverterFactoryTest.java:90)
	at sun.reflect.NativeMethodAccessorImpl.invoke0(Native Method)
	at sun.reflect.NativeMethodAccessorImpl.invoke(NativeMethodAccessorImpl.java:62)
	at sun.reflect.DelegatingMethodAccessorImpl.invoke(DelegatingMethodAccessorImpl.java:43)
	at java.lang.reflect.Method.invoke(Method.java:483)
	at org.junit.runners.model.FrameworkMethod$1.runReflectiveCall(FrameworkMethod.java:50)
	at org.junit.internal.runners.model.ReflectiveCallable.run(ReflectiveCallable.java:12)
	at org.junit.runners.model.FrameworkMethod.invokeExplosively(FrameworkMethod.java:47)
	at org.junit.internal.runners.statements.InvokeMethod.evaluate(InvokeMethod.java:17)
	at org.junit.internal.runners.statements.RunBefores.evaluate(RunBefores.java:26)
	at okhttp3.mockwebserver.MockWebServer$2.evaluate(MockWebServer.java:154)
	at org.junit.rules.RunRules.evaluate(RunRules.java:20)
	at org.junit.runners.ParentRunner.runLeaf(ParentRunner.java:325)
	at org.junit.runners.BlockJUnit4ClassRunner.runChild(BlockJUnit4ClassRunner.java:78)
	at org.junit.runners.BlockJUnit4ClassRunner.runChild(BlockJUnit4ClassRunner.java:57)
	at org.junit.runners.ParentRunner$3.run(ParentRunner.java:290)
	at org.junit.runners.ParentRunner$1.schedule(ParentRunner.java:71)
	at org.junit.runners.ParentRunner.runChildren(ParentRunner.java:288)
	at org.junit.runners.ParentRunner.access$000(ParentRunner.java:58)
	at org.junit.runners.ParentRunner$2.evaluate(ParentRunner.java:268)
	at org.junit.runners.ParentRunner.run(ParentRunner.java:363)
	at org.apache.maven.surefire.junit4.JUnit4Provider.execute(JUnit4Provider.java:252)
	at org.apache.maven.surefire.junit4.JUnit4Provider.executeTestSet(JUnit4Provider.java:141)
	at org.apache.maven.surefire.junit4.JUnit4Provider.invoke(JUnit4Provider.java:112)
	at sun.reflect.NativeMethodAccessorImpl.invoke0(Native Method)
	at sun.reflect.NativeMethodAccessorImpl.invoke(NativeMethodAccessorImpl.java:62)
	at sun.reflect.DelegatingMethodAccessorImpl.invoke(DelegatingMethodAccessorImpl.java:43)
	at java.lang.reflect.Method.invoke(Method.java:483)
	at org.apache.maven.surefire.util.ReflectionUtils.invokeMethodWithArray(ReflectionUtils.java:189)
	at org.apache.maven.surefire.booter.ProviderFactory$ProviderProxy.invoke(ProviderFactory.java:165)
	at org.apache.maven.surefire.booter.ProviderFactory.invokeProvider(ProviderFactory.java:85)
	at org.apache.maven.surefire.booter.ForkedBooter.runSuitesInProcess(ForkedBooter.java:115)
	at org.apache.maven.surefire.booter.ForkedBooter.main(ForkedBooter.java:75)

deserializeWrongType(retrofit2.ProtoConverterFactoryTest)  Time elapsed: 0.004 sec  <<< FAILURE!
java.lang.AssertionError: 
Expecting message:
 <"Could not locate ResponseBody converter for java.util.List<java.lang.String>. Tried:
 * retrofit2.BuiltInConverters
 * retrofit2.ProtoConverterFactory">
but was:
 <"Could not locate ResponseBody converter for java.util.List<java.lang.String>.
  Tried:
   * retrofit2.BuiltInConverters
   * retrofit2.ProtoConverterFactory">
	at retrofit2.ProtoConverterFactoryTest.deserializeWrongType(ProtoConverterFactoryTest.java:107)
	at sun.reflect.NativeMethodAccessorImpl.invoke0(Native Method)
	at sun.reflect.NativeMethodAccessorImpl.invoke(NativeMethodAccessorImpl.java:62)
	at sun.reflect.DelegatingMethodAccessorImpl.invoke(DelegatingMethodAccessorImpl.java:43)
	at java.lang.reflect.Method.invoke(Method.java:483)
	at org.junit.runners.model.FrameworkMethod$1.runReflectiveCall(FrameworkMethod.java:50)
	at org.junit.internal.runners.model.ReflectiveCallable.run(ReflectiveCallable.java:12)
	at org.junit.runners.model.FrameworkMethod.invokeExplosively(FrameworkMethod.java:47)
	at org.junit.internal.runners.statements.InvokeMethod.evaluate(InvokeMethod.java:17)
	at org.junit.internal.runners.statements.RunBefores.evaluate(RunBefores.java:26)
	at okhttp3.mockwebserver.MockWebServer$2.evaluate(MockWebServer.java:154)
	at org.junit.rules.RunRules.evaluate(RunRules.java:20)
	at org.junit.runners.ParentRunner.runLeaf(ParentRunner.java:325)
	at org.junit.runners.BlockJUnit4ClassRunner.runChild(BlockJUnit4ClassRunner.java:78)
	at org.junit.runners.BlockJUnit4ClassRunner.runChild(BlockJUnit4ClassRunner.java:57)
	at org.junit.runners.ParentRunner$3.run(ParentRunner.java:290)
	at org.junit.runners.ParentRunner$1.schedule(ParentRunner.java:71)
	at org.junit.runners.ParentRunner.runChildren(ParentRunner.java:288)
	at org.junit.runners.ParentRunner.access$000(ParentRunner.java:58)
	at org.junit.runners.ParentRunner$2.evaluate(ParentRunner.java:268)
	at org.junit.runners.ParentRunner.run(ParentRunner.java:363)
	at org.apache.maven.surefire.junit4.JUnit4Provider.execute(JUnit4Provider.java:252)
	at org.apache.maven.surefire.junit4.JUnit4Provider.executeTestSet(JUnit4Provider.java:141)
	at org.apache.maven.surefire.junit4.JUnit4Provider.invoke(JUnit4Provider.java:112)
	at sun.reflect.NativeMethodAccessorImpl.invoke0(Native Method)
	at sun.reflect.NativeMethodAccessorImpl.invoke(NativeMethodAccessorImpl.java:62)
	at sun.reflect.DelegatingMethodAccessorImpl.invoke(DelegatingMethodAccessorImpl.java:43)
	at java.lang.reflect.Method.invoke(Method.java:483)
	at org.apache.maven.surefire.util.ReflectionUtils.invokeMethodWithArray(ReflectionUtils.java:189)
	at org.apache.maven.surefire.booter.ProviderFactory$ProviderProxy.invoke(ProviderFactory.java:165)
	at org.apache.maven.surefire.booter.ProviderFactory.invokeProvider(ProviderFactory.java:85)
	at org.apache.maven.surefire.booter.ForkedBooter.runSuitesInProcess(ForkedBooter.java:115)
	at org.apache.maven.surefire.booter.ForkedBooter.main(ForkedBooter.java:75)


Results :

Failed tests:   deserializeWrongClass(retrofit2.ProtoConverterFactoryTest): (..)
  deserializeWrongType(retrofit2.ProtoConverterFactoryTest): (..)

Tests run: 5, Failures: 2, Errors: 0, Skipped: 0

[INFO] ------------------------------------------------------------------------
[INFO] Reactor Summary:
[INFO] 
[INFO] Retrofit (Parent) .................................. SUCCESS [  1.509 s]
[INFO] Retrofit ........................................... SUCCESS [ 18.924 s]
[INFO] Adapters ........................................... SUCCESS [  0.356 s]
[INFO] Adapter: RxJava .................................... SUCCESS [  1.767 s]
[INFO] Converters ......................................... SUCCESS [  0.150 s]
[INFO] Converter: Gson .................................... SUCCESS [  1.187 s]
[INFO] Converter: Protocol Buffers ........................ FAILURE [  1.460 s]
[INFO] Converter: Jackson ................................. SKIPPED
[INFO] Converter: Wire Protocol Buffers ................... SKIPPED
[INFO] Converter: SimpleXML ............................... SKIPPED
[INFO] Converter: Java Scalars ............................ SKIPPED
[INFO] Converter: Moshi ................................... SKIPPED
[INFO] Retrofit Mock Adapter .............................. SKIPPED
[INFO] Samples ............................................ SKIPPED
[INFO] ------------------------------------------------------------------------
[INFO] BUILD FAILURE
[INFO] ------------------------------------------------------------------------
[INFO] Total time: 25.738 s
[INFO] Finished at: 2016-01-23T08:03:34+00:00
[INFO] Final Memory: 27M/320M
[INFO] ------------------------------------------------------------------------
[ERROR] Failed to execute goal org.apache.maven.plugins:maven-surefire-plugin:2.12.4:test (default-test) on project converter-protobuf: There are test failures.
[ERROR] 
[ERROR] Please refer to /home/travis/build/square/retrofit/retrofit-converters/protobuf/target/surefire-reports for the individual test results.
[ERROR] -> [Help 1]
[ERROR] 
[ERROR] To see the full stack trace of the errors, re-run Maven with the -e switch.
[ERROR] Re-run Maven using the -X switch to enable full debug logging.
[ERROR] 
[ERROR] For more information about the errors and possible solutions, please read the following articles:
[ERROR] [Help 1] http://cwiki.apache.org/confluence/display/MAVEN/MojoFailureException
[ERROR] 
[ERROR] After correcting the problems, you can resume the build with the command
[ERROR]   mvn <goals> -rf :converter-protobuf

travis_time:end:05761cf2:start=1453536187677119739,finish=1453536215335076219,duration=27657956480[0K
[31;1mThe command "mvn test -B" exited with 1.[0m
travis_fold:start:cache.2[0Kstore build cache
travis_time:start:09ed9cc0[0K
travis_time:end:09ed9cc0:start=1453536215339258208,finish=1453536215342388057,duration=3129849[0Ktravis_time:start:0ffcfd14[0K[32;1mchange detected:
/home/travis/.m2/repository/com/squareup/retrofit2/adapter-rxjava/2.0.0-SNAPSHOT/adapter-rxjava-2.0.0-SNAPSHOT.jar
/home/travis/.m2/repository/com/squareup/retrofit2/adapter-rxjava/2.0.0-SNAPSHOT/maven-metadata-local.xml
/home/travis/.m2/repository/com/squareup/retrofit2/adapter-rxjava/2.0.0-SNAPSHOT/_remote.repositories
/home/travis/.m2/repository/com/squareup/retrofit2/adapter-rxjava/maven-metadata-local.xml
/home/travis/.m2/repository/com/squareup/retrofit2/converter-gson/2.0.0-SNAPSHOT/converter-gson-2.0.0-SNAPSHOT.jar
/home/travis/.m2/repository/com/squareup/retrofit2/converter-gson/2.0.0-SNAPSHOT/maven-metadata-local.xml
/home/travis/.m2/repository/com/squareup/retrofit2/converter-gson/2.0.0-SNAPSHOT/_remote.repositories
/home/travis/.m2/repository/com/squareup/retrofit2/converter-gson/maven-metadata-local.xml
/home/travis/.m2/repository/com/squareup/retrofit2/converter-jackson/2.0.0-SNAPSHOT/converter-jackson-2.0.0-SNAPSHOT.jar
/home/travis/.m2/repository/com/squareup/retrofit2/c
[0m
[32;1m...
[0m
[32;1mchanges detected, packing new archive[0m
[32;1muploading archive[0m

travis_time:end:0ffcfd14:start=1453536215346020659,finish=1453536222733563103,duration=7387542444[0Ktravis_fold:end:cache.2[0K
Done. Your build exited with 1.
