Using worker: worker-linux-docker-6c59c3e8.prod.travis-ci.org:travis-linux-14

travis_fold:start:system_info[0K[33;1mBuild system information[0m
Build language: java
Build group: stable
Build dist: precise
[34m[1mBuild image provisioning date and time[0m
Thu Feb  5 15:09:33 UTC 2015
[34m[1mOperating System Details[0m
Distributor ID:	Ubuntu
Description:	Ubuntu 12.04.5 LTS
Release:	12.04
Codename:	precise
[34m[1mLinux Version[0m
3.13.0-29-generic
[34m[1mCookbooks Version[0m
a68419e https://github.com/travis-ci/travis-cookbooks/tree/a68419e
[34m[1mGCC version[0m
gcc (Ubuntu/Linaro 4.6.3-1ubuntu5) 4.6.3
Copyright (C) 2011 Free Software Foundation, Inc.
This is free software; see the source for copying conditions.  There is NO
warranty; not even for MERCHANTABILITY or FITNESS FOR A PARTICULAR PURPOSE.

[34m[1mLLVM version[0m
clang version 3.4 (tags/RELEASE_34/final)
Target: x86_64-unknown-linux-gnu
Thread model: posix
[34m[1mPre-installed Ruby versions[0m
ruby-1.9.3-p551
[34m[1mPre-installed Node.js versions[0m
v0.10.36
[34m[1mPre-installed Go versions[0m
1.4.1
[34m[1mRedis version[0m
redis-server 2.8.19
[34m[1mriak version[0m
2.0.2
[34m[1mMongoDB version[0m
MongoDB 2.4.12
[34m[1mCouchDB version[0m
couchdb 1.6.1
[34m[1mNeo4j version[0m
1.9.4
[34m[1mRabbitMQ Version[0m
3.4.3
[34m[1mElasticSearch version[0m
1.4.0
[34m[1mInstalled Sphinx versions[0m
2.0.10
2.1.9
2.2.6
[34m[1mDefault Sphinx version[0m
2.2.6
[34m[1mInstalled Firefox version[0m
firefox 31.0esr
[34m[1mPhantomJS version[0m
1.9.8
[34m[1mant -version[0m
Apache Ant(TM) version 1.8.2 compiled on December 3 2011
[34m[1mmvn -version[0m
Apache Maven 3.2.5 (12a6b3acb947671f09b81f49094c53f426d8cea1; 2014-12-14T17:29:23+00:00)
Maven home: /usr/local/maven
Java version: 1.7.0_76, vendor: Oracle Corporation
Java home: /usr/lib/jvm/java-7-oracle/jre
Default locale: en_US, platform encoding: ANSI_X3.4-1968
OS name: "linux", version: "3.13.0-29-generic", arch: "amd64", family: "unix"
travis_fold:end:system_info[0K
travis_fold:start:fix.CVE-2015-7547[0K$ export DEBIAN_FRONTEND=noninteractive
W: Size of file /var/lib/apt/lists/us.archive.ubuntu.com_ubuntu_dists_precise-backports_multiverse_source_Sources.gz is not what the server reported 5886 5888
W: Size of file /var/lib/apt/lists/ppa.launchpad.net_ubuntugis_ppa_ubuntu_dists_precise_main_binary-amd64_Packages.gz is not what the server reported 36669 36677
W: Size of file /var/lib/apt/lists/ppa.launchpad.net_ubuntugis_ppa_ubuntu_dists_precise_main_binary-i386_Packages.gz is not what the server reported 36729 36733
Reading package lists...
Building dependency tree...
Reading state information...
The following extra packages will be installed:
  libc-bin libc-dev-bin libc6-dev
Suggested packages:
  glibc-doc
The following packages will be upgraded:
  libc-bin libc-dev-bin libc6 libc6-dev
4 upgraded, 0 newly installed, 0 to remove and 232 not upgraded.
Need to get 8,844 kB of archives.
After this operation, 9,216 B disk space will be freed.
Get:1 http://us.archive.ubuntu.com/ubuntu/ precise-updates/main libc6-dev amd64 2.15-0ubuntu10.13 [2,943 kB]
Get:2 http://us.archive.ubuntu.com/ubuntu/ precise-updates/main libc-dev-bin amd64 2.15-0ubuntu10.13 [84.7 kB]
Get:3 http://us.archive.ubuntu.com/ubuntu/ precise-updates/main libc-bin amd64 2.15-0ubuntu10.13 [1,179 kB]
Get:4 http://us.archive.ubuntu.com/ubuntu/ precise-updates/main libc6 amd64 2.15-0ubuntu10.13 [4,637 kB]
Fetched 8,844 kB in 0s (25.9 MB/s)
Preconfiguring packages ...
(Reading database ... (Reading database ... 5%(Reading database ... 10%(Reading database ... 15%(Reading database ... 20%(Reading database ... 25%(Reading database ... 30%(Reading database ... 35%(Reading database ... 40%(Reading database ... 45%(Reading database ... 50%(Reading database ... 55%(Reading database ... 60%(Reading database ... 65%(Reading database ... 70%(Reading database ... 75%(Reading database ... 80%(Reading database ... 85%(Reading database ... 90%(Reading database ... 95%(Reading database ... 100%(Reading database ... 72019 files and directories currently installed.)
Preparing to replace libc6-dev 2.15-0ubuntu10.10 (using .../libc6-dev_2.15-0ubuntu10.13_amd64.deb) ...
Unpacking replacement libc6-dev ...
Preparing to replace libc-dev-bin 2.15-0ubuntu10.10 (using .../libc-dev-bin_2.15-0ubuntu10.13_amd64.deb) ...
Unpacking replacement libc-dev-bin ...
Preparing to replace libc-bin 2.15-0ubuntu10.10 (using .../libc-bin_2.15-0ubuntu10.13_amd64.deb) ...
Unpacking replacement libc-bin ...
Processing triggers for man-db ...
Setting up libc-bin (2.15-0ubuntu10.13) ...
(Reading database ... (Reading database ... 5%(Reading database ... 10%(Reading database ... 15%(Reading database ... 20%(Reading database ... 25%(Reading database ... 30%(Reading database ... 35%(Reading database ... 40%(Reading database ... 45%(Reading database ... 50%(Reading database ... 55%(Reading database ... 60%(Reading database ... 65%(Reading database ... 70%(Reading database ... 75%(Reading database ... 80%(Reading database ... 85%(Reading database ... 90%(Reading database ... 95%(Reading database ... 100%(Reading database ... 72019 files and directories currently installed.)
Preparing to replace libc6 2.15-0ubuntu10.10 (using .../libc6_2.15-0ubuntu10.13_amd64.deb) ...
Unpacking replacement libc6 ...
Setting up libc6 (2.15-0ubuntu10.13) ...
Setting up libc-dev-bin (2.15-0ubuntu10.13) ...
Setting up libc6-dev (2.15-0ubuntu10.13) ...
Processing triggers for libc-bin ...
ldconfig deferred processing now taking place
travis_fold:end:fix.CVE-2015-7547[0Ktravis_fold:start:git.checkout[0Ktravis_time:start:1aefd720[0K$ git clone --depth=50 --branch=jw/multipart-part-parts https://github.com/square/retrofit.git square/retrofit
Cloning into 'square/retrofit'...
remote: Counting objects: 1788, done.[K
remote: Compressing objects:   0% (1/812)   [Kremote: Compressing objects:   1% (9/812)   [Kremote: Compressing objects:   2% (17/812)   [Kremote: Compressing objects:   3% (25/812)   [Kremote: Compressing objects:   4% (33/812)   [Kremote: Compressing objects:   5% (41/812)   [Kremote: Compressing objects:   6% (49/812)   [Kremote: Compressing objects:   7% (57/812)   [Kremote: Compressing objects:   8% (65/812)   [Kremote: Compressing objects:   9% (74/812)   [Kremote: Compressing objects:  10% (82/812)   [Kremote: Compressing objects:  11% (90/812)   [Kremote: Compressing objects:  12% (98/812)   [Kremote: Compressing objects:  13% (106/812)   [Kremote: Compressing objects:  14% (114/812)   [Kremote: Compressing objects:  15% (122/812)   [Kremote: Compressing objects:  16% (130/812)   [Kremote: Compressing objects:  17% (139/812)   [Kremote: Compressing objects:  18% (147/812)   [Kremote: Compressing objects:  19% (155/812)   [Kremote: Compressing objects:  20% (163/812)   [Kremote: Compressing objects:  21% (171/812)   [Kremote: Compressing objects:  22% (179/812)   [Kremote: Compressing objects:  23% (187/812)   [Kremote: Compressing objects:  24% (195/812)   [Kremote: Compressing objects:  25% (203/812)   [Kremote: Compressing objects:  26% (212/812)   [Kremote: Compressing objects:  27% (220/812)   [Kremote: Compressing objects:  28% (228/812)   [Kremote: Compressing objects:  29% (236/812)   [Kremote: Compressing objects:  30% (244/812)   [Kremote: Compressing objects:  31% (252/812)   [Kremote: Compressing objects:  32% (260/812)   [Kremote: Compressing objects:  33% (268/812)   [Kremote: Compressing objects:  34% (277/812)   [Kremote: Compressing objects:  35% (285/812)   [Kremote: Compressing objects:  36% (293/812)   [Kremote: Compressing objects:  37% (301/812)   [Kremote: Compressing objects:  38% (309/812)   [Kremote: Compressing objects:  39% (317/812)   [Kremote: Compressing objects:  40% (325/812)   [Kremote: Compressing objects:  41% (333/812)   [Kremote: Compressing objects:  42% (342/812)   [Kremote: Compressing objects:  43% (350/812)   [Kremote: Compressing objects:  44% (358/812)   [Kremote: Compressing objects:  45% (366/812)   [Kremote: Compressing objects:  46% (374/812)   [Kremote: Compressing objects:  47% (382/812)   [Kremote: Compressing objects:  48% (390/812)   [Kremote: Compressing objects:  49% (398/812)   [Kremote: Compressing objects:  50% (406/812)   [Kremote: Compressing objects:  51% (415/812)   [Kremote: Compressing objects:  52% (423/812)   [Kremote: Compressing objects:  53% (431/812)   [Kremote: Compressing objects:  54% (439/812)   [Kremote: Compressing objects:  55% (447/812)   [Kremote: Compressing objects:  56% (455/812)   [Kremote: Compressing objects:  57% (463/812)   [Kremote: Compressing objects:  58% (471/812)   [Kremote: Compressing objects:  59% (480/812)   [Kremote: Compressing objects:  60% (488/812)   [Kremote: Compressing objects:  61% (496/812)   [Kremote: Compressing objects:  62% (504/812)   [Kremote: Compressing objects:  63% (512/812)   [Kremote: Compressing objects:  64% (520/812)   [Kremote: Compressing objects:  65% (528/812)   [Kremote: Compressing objects:  66% (536/812)   [Kremote: Compressing objects:  67% (545/812)   [Kremote: Compressing objects:  68% (553/812)   [Kremote: Compressing objects:  69% (561/812)   [Kremote: Compressing objects:  70% (569/812)   [Kremote: Compressing objects:  71% (577/812)   [Kremote: Compressing objects:  72% (585/812)   [Kremote: Compressing objects:  73% (593/812)   [Kremote: Compressing objects:  74% (601/812)   [Kremote: Compressing objects:  75% (609/812)   [Kremote: Compressing objects:  76% (618/812)   [Kremote: Compressing objects:  77% (626/812)   [Kremote: Compressing objects:  78% (634/812)   [Kremote: Compressing objects:  79% (642/812)   [Kremote: Compressing objects:  80% (650/812)   [Kremote: Compressing objects:  81% (658/812)   [Kremote: Compressing objects:  82% (666/812)   [Kremote: Compressing objects:  83% (674/812)   [Kremote: Compressing objects:  84% (683/812)   [Kremote: Compressing objects:  85% (691/812)   [Kremote: Compressing objects:  86% (699/812)   [Kremote: Compressing objects:  87% (707/812)   [Kremote: Compressing objects:  88% (715/812)   [Kremote: Compressing objects:  89% (723/812)   [Kremote: Compressing objects:  90% (731/812)   [Kremote: Compressing objects:  91% (739/812)   [Kremote: Compressing objects:  92% (748/812)   [Kremote: Compressing objects:  93% (756/812)   [Kremote: Compressing objects:  94% (764/812)   [Kremote: Compressing objects:  95% (772/812)   [Kremote: Compressing objects:  96% (780/812)   [Kremote: Compressing objects:  97% (788/812)   [Kremote: Compressing objects:  98% (796/812)   [Kremote: Compressing objects:  99% (804/812)   [Kremote: Compressing objects: 100% (812/812)   [Kremote: Compressing objects: 100% (812/812), done.[K
Receiving objects:   0% (1/1788)   Receiving objects:   1% (18/1788)   Receiving objects:   2% (36/1788)   Receiving objects:   3% (54/1788)   Receiving objects:   4% (72/1788)   Receiving objects:   5% (90/1788)   Receiving objects:   6% (108/1788)   Receiving objects:   7% (126/1788)   Receiving objects:   8% (144/1788)   Receiving objects:   9% (161/1788)   Receiving objects:  10% (179/1788)   Receiving objects:  11% (197/1788)   Receiving objects:  12% (215/1788)   Receiving objects:  13% (233/1788)   Receiving objects:  14% (251/1788)   Receiving objects:  15% (269/1788)   Receiving objects:  16% (287/1788)   Receiving objects:  17% (304/1788)   Receiving objects:  18% (322/1788)   Receiving objects:  19% (340/1788)   Receiving objects:  20% (358/1788)   Receiving objects:  21% (376/1788)   Receiving objects:  22% (394/1788)   Receiving objects:  23% (412/1788)   Receiving objects:  24% (430/1788)   Receiving objects:  25% (447/1788)   Receiving objects:  26% (465/1788)   Receiving objects:  27% (483/1788)   Receiving objects:  28% (501/1788)   Receiving objects:  29% (519/1788)   Receiving objects:  30% (537/1788)   Receiving objects:  31% (555/1788)   Receiving objects:  32% (573/1788)   Receiving objects:  33% (591/1788)   Receiving objects:  34% (608/1788)   Receiving objects:  35% (626/1788)   Receiving objects:  36% (644/1788)   Receiving objects:  37% (662/1788)   Receiving objects:  38% (680/1788)   Receiving objects:  39% (698/1788)   Receiving objects:  40% (716/1788)   Receiving objects:  41% (734/1788)   Receiving objects:  42% (751/1788)   Receiving objects:  43% (769/1788)   Receiving objects:  44% (787/1788)   Receiving objects:  45% (805/1788)   Receiving objects:  46% (823/1788)   Receiving objects:  47% (841/1788)   Receiving objects:  48% (859/1788)   Receiving objects:  49% (877/1788)   Receiving objects:  50% (894/1788)   Receiving objects:  51% (912/1788)   Receiving objects:  52% (930/1788)   Receiving objects:  53% (948/1788)   Receiving objects:  54% (966/1788)   Receiving objects:  55% (984/1788)   Receiving objects:  56% (1002/1788)   Receiving objects:  57% (1020/1788)   Receiving objects:  58% (1038/1788)   Receiving objects:  59% (1055/1788)   Receiving objects:  60% (1073/1788)   Receiving objects:  61% (1091/1788)   Receiving objects:  62% (1109/1788)   Receiving objects:  63% (1127/1788)   Receiving objects:  64% (1145/1788)   Receiving objects:  65% (1163/1788)   Receiving objects:  66% (1181/1788)   Receiving objects:  67% (1198/1788)   Receiving objects:  68% (1216/1788)   Receiving objects:  69% (1234/1788)   Receiving objects:  70% (1252/1788)   Receiving objects:  71% (1270/1788)   Receiving objects:  72% (1288/1788)   Receiving objects:  73% (1306/1788)   Receiving objects:  74% (1324/1788)   Receiving objects:  75% (1341/1788)   Receiving objects:  76% (1359/1788)   Receiving objects:  77% (1377/1788)   remote: Total 1788 (delta 651), reused 1541 (delta 460), pack-reused 0[K
Receiving objects:  78% (1395/1788)   Receiving objects:  79% (1413/1788)   Receiving objects:  80% (1431/1788)   Receiving objects:  81% (1449/1788)   Receiving objects:  82% (1467/1788)   Receiving objects:  83% (1485/1788)   Receiving objects:  84% (1502/1788)   Receiving objects:  85% (1520/1788)   Receiving objects:  86% (1538/1788)   Receiving objects:  87% (1556/1788)   Receiving objects:  88% (1574/1788)   Receiving objects:  89% (1592/1788)   Receiving objects:  90% (1610/1788)   Receiving objects:  91% (1628/1788)   Receiving objects:  92% (1645/1788)   Receiving objects:  93% (1663/1788)   Receiving objects:  94% (1681/1788)   Receiving objects:  95% (1699/1788)   Receiving objects:  96% (1717/1788)   Receiving objects:  97% (1735/1788)   Receiving objects:  98% (1753/1788)   Receiving objects:  99% (1771/1788)   Receiving objects: 100% (1788/1788)   Receiving objects: 100% (1788/1788), 398.35 KiB | 0 bytes/s, done.
Resolving deltas:   0% (0/651)   Resolving deltas:   1% (7/651)   Resolving deltas:   2% (14/651)   Resolving deltas:   4% (29/651)   Resolving deltas:  11% (77/651)   Resolving deltas:  14% (92/651)   Resolving deltas:  16% (106/651)   Resolving deltas:  19% (128/651)   Resolving deltas:  22% (144/651)   Resolving deltas:  23% (153/651)   Resolving deltas:  24% (157/651)   Resolving deltas:  25% (168/651)   Resolving deltas:  26% (171/651)   Resolving deltas:  27% (176/651)   Resolving deltas:  29% (190/651)   Resolving deltas:  33% (217/651)   Resolving deltas:  36% (236/651)   Resolving deltas:  37% (246/651)   Resolving deltas:  38% (248/651)   Resolving deltas:  40% (265/651)   Resolving deltas:  41% (268/651)   Resolving deltas:  42% (277/651)   Resolving deltas:  43% (281/651)   Resolving deltas:  44% (291/651)   Resolving deltas:  45% (294/651)   Resolving deltas:  47% (306/651)   Resolving deltas:  48% (314/651)   Resolving deltas:  49% (320/651)   Resolving deltas:  50% (326/651)   Resolving deltas:  52% (340/651)   Resolving deltas:  53% (348/651)   Resolving deltas:  54% (353/651)   Resolving deltas:  55% (359/651)   Resolving deltas:  57% (376/651)   Resolving deltas:  58% (378/651)   Resolving deltas:  59% (386/651)   Resolving deltas:  62% (404/651)   Resolving deltas:  63% (413/651)   Resolving deltas:  64% (418/651)   Resolving deltas:  65% (424/651)   Resolving deltas:  67% (437/651)   Resolving deltas:  69% (452/651)   Resolving deltas:  70% (458/651)   Resolving deltas:  71% (463/651)   Resolving deltas:  72% (470/651)   Resolving deltas:  73% (481/651)   Resolving deltas:  75% (493/651)   Resolving deltas:  76% (496/651)   Resolving deltas:  77% (502/651)   Resolving deltas:  78% (512/651)   Resolving deltas:  79% (516/651)   Resolving deltas:  80% (523/651)   Resolving deltas:  81% (528/651)   Resolving deltas:  83% (546/651)   Resolving deltas:  84% (553/651)   Resolving deltas:  85% (555/651)   Resolving deltas:  88% (574/651)   Resolving deltas:  89% (580/651)   Resolving deltas:  90% (587/651)   Resolving deltas:  91% (597/651)   Resolving deltas:  92% (600/651)   Resolving deltas:  93% (608/651)   Resolving deltas:  94% (615/651)   Resolving deltas:  95% (621/651)   Resolving deltas:  96% (626/651)   Resolving deltas:  97% (635/651)   Resolving deltas:  98% (638/651)   Resolving deltas:  99% (645/651)   Resolving deltas: 100% (651/651)   Resolving deltas: 100% (651/651), done.
Checking connectivity... done.

travis_time:end:1aefd720:start=1457623586173281551,finish=1457623586811989481,duration=638707930[0K$ cd square/retrofit
$ git checkout -qf b44284ba9182687910bd0702cc71223c8fd9ecb2
travis_fold:end:git.checkout[0K
[33;1mThis job is running on container-based infrastructure, which does not allow use of 'sudo', setuid and setguid executables.[0m
[33;1mIf you require sudo, add 'sudo: required' to your .travis.yml[0m
[33;1mSee https://docs.travis-ci.com/user/workers/container-based-infrastructure/ for details.[0m

[33;1mSetting environment variables from .travis.yml[0m
$ export CI_DEPLOY_USERNAME=[secure]
$ export CI_DEPLOY_PASSWORD=[secure]

$ jdk_switcher use oraclejdk8
Switching to Oracle JDK8 (java-8-oracle), JAVA_HOME will be set to /usr/lib/jvm/java-8-oracle
travis_fold:start:cache.1[0KSetting up build cache
$ export CASHER_DIR=$HOME/.casher
travis_time:start:0aac35bc[0K$ Installing caching utilities

travis_time:end:0aac35bc:start=1457623589290555857,finish=1457623589348942919,duration=58387062[0Ktravis_time:start:038f4f30[0K
travis_time:end:038f4f30:start=1457623589354862740,finish=1457623589358858594,duration=3995854[0Ktravis_time:start:244aaac2[0K[32;1mattempting to download cache archive[0m
[32;1mfetching jwmultipart-part-parts/cache--jdk-oraclejdk8.tgz[0m
[32;1mfetching jwmultipart-part-parts/cache--jdk-oraclejdk8.tbz[0m
[32;1mfetching master/cache--jdk-oraclejdk8.tgz[0m
[32;1mfound cache[0m

travis_time:end:244aaac2:start=1457623589363561658,finish=1457623592109810555,duration=2746248897[0Ktravis_time:start:0cd4cb08[0K
travis_time:end:0cd4cb08:start=1457623592114991872,finish=1457623592119414938,duration=4423066[0Ktravis_time:start:18396a68[0K[32;1madding /home/travis/.m2 to cache[0m

travis_time:end:18396a68:start=1457623592124742717,finish=1457623594896069614,duration=2771326897[0Ktravis_fold:end:cache.1[0K$ java -Xmx32m -version
java version "1.8.0_31"
Java(TM) SE Runtime Environment (build 1.8.0_31-b13)
Java HotSpot(TM) 64-Bit Server VM (build 25.31-b07, mixed mode)
$ javac -J-Xmx32m -version
javac 1.8.0_31
travis_fold:start:install[0Ktravis_time:start:1d61be8c[0K$ mvn install -DskipTests=true -Dmaven.javadoc.skip=true -B -V
Java HotSpot(TM) 64-Bit Server VM warning: ignoring option MaxPermSize=192m; support was removed in 8.0
Apache Maven 3.2.5 (12a6b3acb947671f09b81f49094c53f426d8cea1; 2014-12-14T17:29:23+00:00)
Maven home: /usr/local/maven
Java version: 1.8.0_31, vendor: Oracle Corporation
Java home: /usr/lib/jvm/java-8-oracle/jre
Default locale: en_US, platform encoding: UTF-8
OS name: "linux", version: "3.13.0-40-generic", arch: "amd64", family: "unix"
[INFO] Scanning for projects...
[WARNING] 
[WARNING] Some problems were encountered while building the effective model for com.squareup.retrofit2:samples:jar:2.0.0-SNAPSHOT
[WARNING] 'build.plugins.plugin.version' for org.apache.maven.plugins:maven-deploy-plugin is missing. @ com.squareup.retrofit2:samples:[unknown-version], /home/travis/build/square/retrofit/samples/pom.xml, line 50, column 15
[WARNING] 
[WARNING] It is highly recommended to fix these problems because they threaten the stability of your build.
[WARNING] 
[WARNING] For this reason, future Maven versions might no longer support building such malformed projects.
[WARNING] 
[INFO] ------------------------------------------------------------------------
[INFO] Reactor Build Order:
[INFO] 
[INFO] Retrofit (Parent)
[INFO] Retrofit
[INFO] Adapters
[INFO] Adapter: Guava
[INFO] Adapter: Java 8
[INFO] Adapter: RxJava
[INFO] Converters
[INFO] Converter: Gson
[INFO] Converter: Protocol Buffers
[INFO] Converter: Jackson
[INFO] Converter: Wire Protocol Buffers
[INFO] Converter: SimpleXML
[INFO] Converter: Java Scalars
[INFO] Converter: Moshi
[INFO] Retrofit Mock Adapter
[INFO] Samples
[INFO]                                                                         
[INFO] ------------------------------------------------------------------------
[INFO] Building Retrofit (Parent) 2.0.0-SNAPSHOT
[INFO] ------------------------------------------------------------------------
[INFO] 
[INFO] --- maven-enforcer-plugin:1.0:enforce (enforce-maven) @ parent ---
[INFO] 
[INFO] --- animal-sniffer-maven-plugin:1.14:check (default) @ parent ---
[INFO] Checking unresolved references to org.codehaus.mojo.signature:java16:1.1
[INFO] 
[INFO] --- maven-javadoc-plugin:2.10.3:jar (attach-javadocs) @ parent ---
[INFO] Skipping javadoc generation
[INFO] 
[INFO] --- maven-checkstyle-plugin:2.15:checkstyle (default) @ parent ---
[INFO] 
[INFO] --- maven-install-plugin:2.4:install (default-install) @ parent ---
[INFO] Installing /home/travis/build/square/retrofit/pom.xml to /home/travis/.m2/repository/com/squareup/retrofit2/parent/2.0.0-SNAPSHOT/parent-2.0.0-SNAPSHOT.pom
[INFO]                                                                         
[INFO] ------------------------------------------------------------------------
[INFO] Building Retrofit 2.0.0-SNAPSHOT
[INFO] ------------------------------------------------------------------------
[INFO] 
[INFO] --- maven-enforcer-plugin:1.0:enforce (enforce-maven) @ retrofit ---
[INFO] 
[INFO] --- maven-resources-plugin:2.6:resources (default-resources) @ retrofit ---
[INFO] Using 'UTF-8' encoding to copy filtered resources.
[INFO] skip non existing resourceDirectory /home/travis/build/square/retrofit/retrofit/src/main/resources
[INFO] 
[INFO] --- maven-compiler-plugin:3.0:compile (default-compile) @ retrofit ---
[INFO] Changes detected - recompiling the module!
[INFO] Compiling 39 source files to /home/travis/build/square/retrofit/retrofit/target/classes
[WARNING] /home/travis/build/square/retrofit/retrofit/src/main/java/retrofit2/Retrofit.java: Some input files use unchecked or unsafe operations.
[WARNING] /home/travis/build/square/retrofit/retrofit/src/main/java/retrofit2/Retrofit.java: Recompile with -Xlint:unchecked for details.
[INFO] 
[INFO] --- maven-resources-plugin:2.6:testResources (default-testResources) @ retrofit ---
[INFO] Using 'UTF-8' encoding to copy filtered resources.
[INFO] skip non existing resourceDirectory /home/travis/build/square/retrofit/retrofit/src/test/resources
[INFO] 
[INFO] --- maven-compiler-plugin:3.0:testCompile (default-testCompile) @ retrofit ---
[INFO] Changes detected - recompiling the module!
[INFO] Compiling 13 source files to /home/travis/build/square/retrofit/retrofit/target/test-classes
[WARNING] /home/travis/build/square/retrofit/retrofit/src/test/java/retrofit2/RetrofitTest.java: /home/travis/build/square/retrofit/retrofit/src/test/java/retrofit2/RetrofitTest.java uses unchecked or unsafe operations.
[WARNING] /home/travis/build/square/retrofit/retrofit/src/test/java/retrofit2/RetrofitTest.java: Recompile with -Xlint:unchecked for details.
[INFO] 
[INFO] --- maven-surefire-plugin:2.12.4:test (default-test) @ retrofit ---
[INFO] Tests are skipped.
[INFO] 
[INFO] --- animal-sniffer-maven-plugin:1.14:check (default) @ retrofit ---
[INFO] Checking unresolved references to org.codehaus.mojo.signature:java16:1.1
[INFO] 
[INFO] --- maven-jar-plugin:2.4:jar (default-jar) @ retrofit ---
[INFO] Building jar: /home/travis/build/square/retrofit/retrofit/target/retrofit-2.0.0-SNAPSHOT.jar
[INFO] 
[INFO] --- maven-javadoc-plugin:2.10.3:jar (attach-javadocs) @ retrofit ---
[INFO] Skipping javadoc generation
[INFO] 
[INFO] --- maven-checkstyle-plugin:2.15:checkstyle (default) @ retrofit ---
[INFO] Starting audit...
/home/travis/build/square/retrofit/retrofit/src/main/java/retrofit2/ServiceMethod.java:543:28: String literal expressions should be on the left side of an equals comparison.
/home/travis/build/square/retrofit/retrofit/src/main/java/retrofit2/ServiceMethod.java:551: Line is longer than 100 characters (found 101).
/home/travis/build/square/retrofit/retrofit/src/main/java/retrofit2/http/Part.java:21:8: Unused import - okhttp3.MultipartBody.
Audit done.
[INFO] ------------------------------------------------------------------------
[INFO] Reactor Summary:
[INFO] 
[INFO] Retrofit (Parent) .................................. SUCCESS [ 10.703 s]
[INFO] Retrofit ........................................... FAILURE [ 26.237 s]
[INFO] Adapters ........................................... SKIPPED
[INFO] Adapter: Guava ..................................... SKIPPED
[INFO] Adapter: Java 8 .................................... SKIPPED
[INFO] Adapter: RxJava .................................... SKIPPED
[INFO] Converters ......................................... SKIPPED
[INFO] Converter: Gson .................................... SKIPPED
[INFO] Converter: Protocol Buffers ........................ SKIPPED
[INFO] Converter: Jackson ................................. SKIPPED
[INFO] Converter: Wire Protocol Buffers ................... SKIPPED
[INFO] Converter: SimpleXML ............................... SKIPPED
[INFO] Converter: Java Scalars ............................ SKIPPED
[INFO] Converter: Moshi ................................... SKIPPED
[INFO] Retrofit Mock Adapter .............................. SKIPPED
[INFO] Samples ............................................ SKIPPED
[INFO] ------------------------------------------------------------------------
[INFO] BUILD FAILURE
[INFO] ------------------------------------------------------------------------
[INFO] Total time: 37.667 s
[INFO] Finished at: 2016-03-10T15:27:15+00:00
[INFO] Final Memory: 35M/368M
[INFO] ------------------------------------------------------------------------
[ERROR] Failed to execute goal org.apache.maven.plugins:maven-checkstyle-plugin:2.15:checkstyle (default) on project retrofit: An error has occurred in Checkstyle report generation. Failed during checkstyle execution: There are 3 errors reported by Checkstyle 6.1.1 with checkstyle.xml ruleset. -> [Help 1]
[ERROR] 
[ERROR] To see the full stack trace of the errors, re-run Maven with the -e switch.
[ERROR] Re-run Maven using the -X switch to enable full debug logging.
[ERROR] 
[ERROR] For more information about the errors and possible solutions, please read the following articles:
[ERROR] [Help 1] http://cwiki.apache.org/confluence/display/MAVEN/MojoExecutionException
[ERROR] 
[ERROR] After correcting the problems, you can resume the build with the command
[ERROR]   mvn <goals> -rf :retrofit

[31;1mThe command "eval mvn install -DskipTests=true -Dmaven.javadoc.skip=true -B -V" failed. Retrying, 2 of 3.[0m

Java HotSpot(TM) 64-Bit Server VM warning: ignoring option MaxPermSize=192m; support was removed in 8.0
Apache Maven 3.2.5 (12a6b3acb947671f09b81f49094c53f426d8cea1; 2014-12-14T17:29:23+00:00)
Maven home: /usr/local/maven
Java version: 1.8.0_31, vendor: Oracle Corporation
Java home: /usr/lib/jvm/java-8-oracle/jre
Default locale: en_US, platform encoding: UTF-8
OS name: "linux", version: "3.13.0-40-generic", arch: "amd64", family: "unix"
[INFO] Scanning for projects...
[WARNING] 
[WARNING] Some problems were encountered while building the effective model for com.squareup.retrofit2:samples:jar:2.0.0-SNAPSHOT
[WARNING] 'build.plugins.plugin.version' for org.apache.maven.plugins:maven-deploy-plugin is missing. @ com.squareup.retrofit2:samples:[unknown-version], /home/travis/build/square/retrofit/samples/pom.xml, line 50, column 15
[WARNING] 
[WARNING] It is highly recommended to fix these problems because they threaten the stability of your build.
[WARNING] 
[WARNING] For this reason, future Maven versions might no longer support building such malformed projects.
[WARNING] 
[INFO] ------------------------------------------------------------------------
[INFO] Reactor Build Order:
[INFO] 
[INFO] Retrofit (Parent)
[INFO] Retrofit
[INFO] Adapters
[INFO] Adapter: Guava
[INFO] Adapter: Java 8
[INFO] Adapter: RxJava
[INFO] Converters
[INFO] Converter: Gson
[INFO] Converter: Protocol Buffers
[INFO] Converter: Jackson
[INFO] Converter: Wire Protocol Buffers
[INFO] Converter: SimpleXML
[INFO] Converter: Java Scalars
[INFO] Converter: Moshi
[INFO] Retrofit Mock Adapter
[INFO] Samples
[INFO]                                                                         
[INFO] ------------------------------------------------------------------------
[INFO] Building Retrofit (Parent) 2.0.0-SNAPSHOT
[INFO] ------------------------------------------------------------------------
[INFO] 
[INFO] --- maven-enforcer-plugin:1.0:enforce (enforce-maven) @ parent ---
[INFO] 
[INFO] --- animal-sniffer-maven-plugin:1.14:check (default) @ parent ---
[INFO] Checking unresolved references to org.codehaus.mojo.signature:java16:1.1
[INFO] 
[INFO] --- maven-javadoc-plugin:2.10.3:jar (attach-javadocs) @ parent ---
[INFO] Skipping javadoc generation
[INFO] 
[INFO] --- maven-checkstyle-plugin:2.15:checkstyle (default) @ parent ---
[INFO] 
[INFO] --- maven-install-plugin:2.4:install (default-install) @ parent ---
[INFO] Installing /home/travis/build/square/retrofit/pom.xml to /home/travis/.m2/repository/com/squareup/retrofit2/parent/2.0.0-SNAPSHOT/parent-2.0.0-SNAPSHOT.pom
[INFO]                                                                         
[INFO] ------------------------------------------------------------------------
[INFO] Building Retrofit 2.0.0-SNAPSHOT
[INFO] ------------------------------------------------------------------------
[INFO] 
[INFO] --- maven-enforcer-plugin:1.0:enforce (enforce-maven) @ retrofit ---
[INFO] 
[INFO] --- maven-resources-plugin:2.6:resources (default-resources) @ retrofit ---
[INFO] Using 'UTF-8' encoding to copy filtered resources.
[INFO] skip non existing resourceDirectory /home/travis/build/square/retrofit/retrofit/src/main/resources
[INFO] 
[INFO] --- maven-compiler-plugin:3.0:compile (default-compile) @ retrofit ---
[INFO] Changes detected - recompiling the module!
[INFO] Compiling 39 source files to /home/travis/build/square/retrofit/retrofit/target/classes
[WARNING] /home/travis/build/square/retrofit/retrofit/src/main/java/retrofit2/Retrofit.java: Some input files use unchecked or unsafe operations.
[WARNING] /home/travis/build/square/retrofit/retrofit/src/main/java/retrofit2/Retrofit.java: Recompile with -Xlint:unchecked for details.
[INFO] 
[INFO] --- maven-resources-plugin:2.6:testResources (default-testResources) @ retrofit ---
[INFO] Using 'UTF-8' encoding to copy filtered resources.
[INFO] skip non existing resourceDirectory /home/travis/build/square/retrofit/retrofit/src/test/resources
[INFO] 
[INFO] --- maven-compiler-plugin:3.0:testCompile (default-testCompile) @ retrofit ---
[INFO] Changes detected - recompiling the module!
[INFO] Compiling 13 source files to /home/travis/build/square/retrofit/retrofit/target/test-classes
[WARNING] /home/travis/build/square/retrofit/retrofit/src/test/java/retrofit2/RetrofitTest.java: /home/travis/build/square/retrofit/retrofit/src/test/java/retrofit2/RetrofitTest.java uses unchecked or unsafe operations.
[WARNING] /home/travis/build/square/retrofit/retrofit/src/test/java/retrofit2/RetrofitTest.java: Recompile with -Xlint:unchecked for details.
[INFO] 
[INFO] --- maven-surefire-plugin:2.12.4:test (default-test) @ retrofit ---
[INFO] Tests are skipped.
[INFO] 
[INFO] --- animal-sniffer-maven-plugin:1.14:check (default) @ retrofit ---
[INFO] Checking unresolved references to org.codehaus.mojo.signature:java16:1.1
[INFO] 
[INFO] --- maven-jar-plugin:2.4:jar (default-jar) @ retrofit ---
[INFO] Building jar: /home/travis/build/square/retrofit/retrofit/target/retrofit-2.0.0-SNAPSHOT.jar
[INFO] 
[INFO] --- maven-javadoc-plugin:2.10.3:jar (attach-javadocs) @ retrofit ---
[INFO] Skipping javadoc generation
[INFO] 
[INFO] --- maven-checkstyle-plugin:2.15:checkstyle (default) @ retrofit ---
[INFO] Starting audit...
/home/travis/build/square/retrofit/retrofit/src/main/java/retrofit2/ServiceMethod.java:543:28: String literal expressions should be on the left side of an equals comparison.
/home/travis/build/square/retrofit/retrofit/src/main/java/retrofit2/ServiceMethod.java:551: Line is longer than 100 characters (found 101).
/home/travis/build/square/retrofit/retrofit/src/main/java/retrofit2/http/Part.java:21:8: Unused import - okhttp3.MultipartBody.
Audit done.
[INFO] ------------------------------------------------------------------------
[INFO] Reactor Summary:
[INFO] 
[INFO] Retrofit (Parent) .................................. SUCCESS [  8.468 s]
[INFO] Retrofit ........................................... FAILURE [ 22.849 s]
[INFO] Adapters ........................................... SKIPPED
[INFO] Adapter: Guava ..................................... SKIPPED
[INFO] Adapter: Java 8 .................................... SKIPPED
[INFO] Adapter: RxJava .................................... SKIPPED
[INFO] Converters ......................................... SKIPPED
[INFO] Converter: Gson .................................... SKIPPED
[INFO] Converter: Protocol Buffers ........................ SKIPPED
[INFO] Converter: Jackson ................................. SKIPPED
[INFO] Converter: Wire Protocol Buffers ................... SKIPPED
[INFO] Converter: SimpleXML ............................... SKIPPED
[INFO] Converter: Java Scalars ............................ SKIPPED
[INFO] Converter: Moshi ................................... SKIPPED
[INFO] Retrofit Mock Adapter .............................. SKIPPED
[INFO] Samples ............................................ SKIPPED
[INFO] ------------------------------------------------------------------------
[INFO] BUILD FAILURE
[INFO] ------------------------------------------------------------------------
[INFO] Total time: 32.132 s
[INFO] Finished at: 2016-03-10T15:27:52+00:00
[INFO] Final Memory: 36M/361M
[INFO] ------------------------------------------------------------------------
[ERROR] Failed to execute goal org.apache.maven.plugins:maven-checkstyle-plugin:2.15:checkstyle (default) on project retrofit: An error has occurred in Checkstyle report generation. Failed during checkstyle execution: There are 3 errors reported by Checkstyle 6.1.1 with checkstyle.xml ruleset. -> [Help 1]
[ERROR] 
[ERROR] To see the full stack trace of the errors, re-run Maven with the -e switch.
[ERROR] Re-run Maven using the -X switch to enable full debug logging.
[ERROR] 
[ERROR] For more information about the errors and possible solutions, please read the following articles:
[ERROR] [Help 1] http://cwiki.apache.org/confluence/display/MAVEN/MojoExecutionException
[ERROR] 
[ERROR] After correcting the problems, you can resume the build with the command
[ERROR]   mvn <goals> -rf :retrofit

[31;1mThe command "eval mvn install -DskipTests=true -Dmaven.javadoc.skip=true -B -V" failed. Retrying, 3 of 3.[0m

Java HotSpot(TM) 64-Bit Server VM warning: ignoring option MaxPermSize=192m; support was removed in 8.0
Apache Maven 3.2.5 (12a6b3acb947671f09b81f49094c53f426d8cea1; 2014-12-14T17:29:23+00:00)
Maven home: /usr/local/maven
Java version: 1.8.0_31, vendor: Oracle Corporation
Java home: /usr/lib/jvm/java-8-oracle/jre
Default locale: en_US, platform encoding: UTF-8
OS name: "linux", version: "3.13.0-40-generic", arch: "amd64", family: "unix"
[INFO] Scanning for projects...
[WARNING] 
[WARNING] Some problems were encountered while building the effective model for com.squareup.retrofit2:samples:jar:2.0.0-SNAPSHOT
[WARNING] 'build.plugins.plugin.version' for org.apache.maven.plugins:maven-deploy-plugin is missing. @ com.squareup.retrofit2:samples:[unknown-version], /home/travis/build/square/retrofit/samples/pom.xml, line 50, column 15
[WARNING] 
[WARNING] It is highly recommended to fix these problems because they threaten the stability of your build.
[WARNING] 
[WARNING] For this reason, future Maven versions might no longer support building such malformed projects.
[WARNING] 
[INFO] ------------------------------------------------------------------------
[INFO] Reactor Build Order:
[INFO] 
[INFO] Retrofit (Parent)
[INFO] Retrofit
[INFO] Adapters
[INFO] Adapter: Guava
[INFO] Adapter: Java 8
[INFO] Adapter: RxJava
[INFO] Converters
[INFO] Converter: Gson
[INFO] Converter: Protocol Buffers
[INFO] Converter: Jackson
[INFO] Converter: Wire Protocol Buffers
[INFO] Converter: SimpleXML
[INFO] Converter: Java Scalars
[INFO] Converter: Moshi
[INFO] Retrofit Mock Adapter
[INFO] Samples
[INFO]                                                                         
[INFO] ------------------------------------------------------------------------
[INFO] Building Retrofit (Parent) 2.0.0-SNAPSHOT
[INFO] ------------------------------------------------------------------------
[INFO] 
[INFO] --- maven-enforcer-plugin:1.0:enforce (enforce-maven) @ parent ---
[INFO] 
[INFO] --- animal-sniffer-maven-plugin:1.14:check (default) @ parent ---
[INFO] Checking unresolved references to org.codehaus.mojo.signature:java16:1.1
[INFO] 
[INFO] --- maven-javadoc-plugin:2.10.3:jar (attach-javadocs) @ parent ---
[INFO] Skipping javadoc generation
[INFO] 
[INFO] --- maven-checkstyle-plugin:2.15:checkstyle (default) @ parent ---
[INFO] 
[INFO] --- maven-install-plugin:2.4:install (default-install) @ parent ---
[INFO] Installing /home/travis/build/square/retrofit/pom.xml to /home/travis/.m2/repository/com/squareup/retrofit2/parent/2.0.0-SNAPSHOT/parent-2.0.0-SNAPSHOT.pom
[INFO]                                                                         
[INFO] ------------------------------------------------------------------------
[INFO] Building Retrofit 2.0.0-SNAPSHOT
[INFO] ------------------------------------------------------------------------
[INFO] 
[INFO] --- maven-enforcer-plugin:1.0:enforce (enforce-maven) @ retrofit ---
[INFO] 
[INFO] --- maven-resources-plugin:2.6:resources (default-resources) @ retrofit ---
[INFO] Using 'UTF-8' encoding to copy filtered resources.
[INFO] skip non existing resourceDirectory /home/travis/build/square/retrofit/retrofit/src/main/resources
[INFO] 
[INFO] --- maven-compiler-plugin:3.0:compile (default-compile) @ retrofit ---
[INFO] Changes detected - recompiling the module!
[INFO] Compiling 39 source files to /home/travis/build/square/retrofit/retrofit/target/classes
[WARNING] /home/travis/build/square/retrofit/retrofit/src/main/java/retrofit2/Retrofit.java: Some input files use unchecked or unsafe operations.
[WARNING] /home/travis/build/square/retrofit/retrofit/src/main/java/retrofit2/Retrofit.java: Recompile with -Xlint:unchecked for details.
[INFO] 
[INFO] --- maven-resources-plugin:2.6:testResources (default-testResources) @ retrofit ---
[INFO] Using 'UTF-8' encoding to copy filtered resources.
[INFO] skip non existing resourceDirectory /home/travis/build/square/retrofit/retrofit/src/test/resources
[INFO] 
[INFO] --- maven-compiler-plugin:3.0:testCompile (default-testCompile) @ retrofit ---
[INFO] Changes detected - recompiling the module!
[INFO] Compiling 13 source files to /home/travis/build/square/retrofit/retrofit/target/test-classes
[WARNING] /home/travis/build/square/retrofit/retrofit/src/test/java/retrofit2/RetrofitTest.java: /home/travis/build/square/retrofit/retrofit/src/test/java/retrofit2/RetrofitTest.java uses unchecked or unsafe operations.
[WARNING] /home/travis/build/square/retrofit/retrofit/src/test/java/retrofit2/RetrofitTest.java: Recompile with -Xlint:unchecked for details.
[INFO] 
[INFO] --- maven-surefire-plugin:2.12.4:test (default-test) @ retrofit ---
[INFO] Tests are skipped.
[INFO] 
[INFO] --- animal-sniffer-maven-plugin:1.14:check (default) @ retrofit ---
[INFO] Checking unresolved references to org.codehaus.mojo.signature:java16:1.1
[INFO] 
[INFO] --- maven-jar-plugin:2.4:jar (default-jar) @ retrofit ---
[INFO] Building jar: /home/travis/build/square/retrofit/retrofit/target/retrofit-2.0.0-SNAPSHOT.jar
[INFO] 
[INFO] --- maven-javadoc-plugin:2.10.3:jar (attach-javadocs) @ retrofit ---
[INFO] Skipping javadoc generation
[INFO] 
[INFO] --- maven-checkstyle-plugin:2.15:checkstyle (default) @ retrofit ---
[INFO] Starting audit...
/home/travis/build/square/retrofit/retrofit/src/main/java/retrofit2/ServiceMethod.java:543:28: String literal expressions should be on the left side of an equals comparison.
/home/travis/build/square/retrofit/retrofit/src/main/java/retrofit2/ServiceMethod.java:551: Line is longer than 100 characters (found 101).
/home/travis/build/square/retrofit/retrofit/src/main/java/retrofit2/http/Part.java:21:8: Unused import - okhttp3.MultipartBody.
Audit done.
[INFO] ------------------------------------------------------------------------
[INFO] Reactor Summary:
[INFO] 
[INFO] Retrofit (Parent) .................................. SUCCESS [  8.248 s]
[INFO] Retrofit ........................................... FAILURE [ 21.508 s]
[INFO] Adapters ........................................... SKIPPED
[INFO] Adapter: Guava ..................................... SKIPPED
[INFO] Adapter: Java 8 .................................... SKIPPED
[INFO] Adapter: RxJava .................................... SKIPPED
[INFO] Converters ......................................... SKIPPED
[INFO] Converter: Gson .................................... SKIPPED
[INFO] Converter: Protocol Buffers ........................ SKIPPED
[INFO] Converter: Jackson ................................. SKIPPED
[INFO] Converter: Wire Protocol Buffers ................... SKIPPED
[INFO] Converter: SimpleXML ............................... SKIPPED
[INFO] Converter: Java Scalars ............................ SKIPPED
[INFO] Converter: Moshi ................................... SKIPPED
[INFO] Retrofit Mock Adapter .............................. SKIPPED
[INFO] Samples ............................................ SKIPPED
[INFO] ------------------------------------------------------------------------
[INFO] BUILD FAILURE
[INFO] ------------------------------------------------------------------------
[INFO] Total time: 30.335 s
[INFO] Finished at: 2016-03-10T15:28:27+00:00
[INFO] Final Memory: 35M/359M
[INFO] ------------------------------------------------------------------------
[ERROR] Failed to execute goal org.apache.maven.plugins:maven-checkstyle-plugin:2.15:checkstyle (default) on project retrofit: An error has occurred in Checkstyle report generation. Failed during checkstyle execution: There are 3 errors reported by Checkstyle 6.1.1 with checkstyle.xml ruleset. -> [Help 1]
[ERROR] 
[ERROR] To see the full stack trace of the errors, re-run Maven with the -e switch.
[ERROR] Re-run Maven using the -X switch to enable full debug logging.
[ERROR] 
[ERROR] For more information about the errors and possible solutions, please read the following articles:
[ERROR] [Help 1] http://cwiki.apache.org/confluence/display/MAVEN/MojoExecutionException
[ERROR] 
[ERROR] After correcting the problems, you can resume the build with the command
[ERROR]   mvn <goals> -rf :retrofit

[31;1mThe command "eval mvn install -DskipTests=true -Dmaven.javadoc.skip=true -B -V" failed 3 times.[0m


travis_time:end:1d61be8c:start=1457623595444305593,finish=1457623712260385579,duration=116816079986[0K
[31;1mThe command "mvn install -DskipTests=true -Dmaven.javadoc.skip=true -B -V" failed and exited with 1 during .[0m

Your build has been stopped.
