Using worker: worker-linux-docker-ff516b78.prod.travis-ci.org:travis-linux-3

travis_fold:start:system_info[0K[33;1mBuild system information[0m
Build language: java
Build group: stable
Build dist: precise
[34m[1mBuild image provisioning date and time[0m
Thu Feb  5 15:09:33 UTC 2015
[34m[1mOperating System Details[0m
Distributor ID:	Ubuntu
Description:	Ubuntu 12.04.5 LTS
Release:	12.04
Codename:	precise
[34m[1mLinux Version[0m
3.13.0-29-generic
[34m[1mCookbooks Version[0m
a68419e https://github.com/travis-ci/travis-cookbooks/tree/a68419e
[34m[1mGCC version[0m
gcc (Ubuntu/Linaro 4.6.3-1ubuntu5) 4.6.3
Copyright (C) 2011 Free Software Foundation, Inc.
This is free software; see the source for copying conditions.  There is NO
warranty; not even for MERCHANTABILITY or FITNESS FOR A PARTICULAR PURPOSE.

[34m[1mLLVM version[0m
clang version 3.4 (tags/RELEASE_34/final)
Target: x86_64-unknown-linux-gnu
Thread model: posix
[34m[1mPre-installed Ruby versions[0m
ruby-1.9.3-p551
[34m[1mPre-installed Node.js versions[0m
v0.10.36
[34m[1mPre-installed Go versions[0m
1.4.1
[34m[1mRedis version[0m
redis-server 2.8.19
[34m[1mriak version[0m
2.0.2
[34m[1mMongoDB version[0m
MongoDB 2.4.12
[34m[1mCouchDB version[0m
couchdb 1.6.1
[34m[1mNeo4j version[0m
1.9.4
[34m[1mRabbitMQ Version[0m
3.4.3
[34m[1mElasticSearch version[0m
1.4.0
[34m[1mInstalled Sphinx versions[0m
2.0.10
2.1.9
2.2.6
[34m[1mDefault Sphinx version[0m
2.2.6
[34m[1mInstalled Firefox version[0m
firefox 31.0esr
[34m[1mPhantomJS version[0m
1.9.8
[34m[1mant -version[0m
Apache Ant(TM) version 1.8.2 compiled on December 3 2011
[34m[1mmvn -version[0m
Apache Maven 3.2.5 (12a6b3acb947671f09b81f49094c53f426d8cea1; 2014-12-14T17:29:23+00:00)
Maven home: /usr/local/maven
Java version: 1.7.0_76, vendor: Oracle Corporation
Java home: /usr/lib/jvm/java-7-oracle/jre
Default locale: en_US, platform encoding: ANSI_X3.4-1968
OS name: "linux", version: "3.13.0-29-generic", arch: "amd64", family: "unix"
travis_fold:end:system_info[0K
travis_fold:start:fix.CVE-2015-7547[0K$ export DEBIAN_FRONTEND=noninteractive
W: Size of file /var/lib/apt/lists/us.archive.ubuntu.com_ubuntu_dists_precise-backports_multiverse_source_Sources.gz is not what the server reported 5886 5888
W: Size of file /var/lib/apt/lists/ppa.launchpad.net_ubuntugis_ppa_ubuntu_dists_precise_main_binary-amd64_Packages.gz is not what the server reported 36669 36677
W: Size of file /var/lib/apt/lists/ppa.launchpad.net_ubuntugis_ppa_ubuntu_dists_precise_main_binary-i386_Packages.gz is not what the server reported 36729 36733
Reading package lists...
Building dependency tree...
Reading state information...
The following extra packages will be installed:
  libc-bin libc-dev-bin libc6-dev
Suggested packages:
  glibc-doc
The following packages will be upgraded:
  libc-bin libc-dev-bin libc6 libc6-dev
4 upgraded, 0 newly installed, 0 to remove and 237 not upgraded.
Need to get 8,844 kB of archives.
After this operation, 9,216 B disk space will be freed.
Get:1 http://us.archive.ubuntu.com/ubuntu/ precise-updates/main libc6-dev amd64 2.15-0ubuntu10.13 [2,943 kB]
Get:2 http://us.archive.ubuntu.com/ubuntu/ precise-updates/main libc-dev-bin amd64 2.15-0ubuntu10.13 [84.7 kB]
Get:3 http://us.archive.ubuntu.com/ubuntu/ precise-updates/main libc-bin amd64 2.15-0ubuntu10.13 [1,179 kB]
Get:4 http://us.archive.ubuntu.com/ubuntu/ precise-updates/main libc6 amd64 2.15-0ubuntu10.13 [4,637 kB]
Fetched 8,844 kB in 0s (32.3 MB/s)
Preconfiguring packages ...
(Reading database ... (Reading database ... 5%(Reading database ... 10%(Reading database ... 15%(Reading database ... 20%(Reading database ... 25%(Reading database ... 30%(Reading database ... 35%(Reading database ... 40%(Reading database ... 45%(Reading database ... 50%(Reading database ... 55%(Reading database ... 60%(Reading database ... 65%(Reading database ... 70%(Reading database ... 75%(Reading database ... 80%(Reading database ... 85%(Reading database ... 90%(Reading database ... 95%(Reading database ... 100%(Reading database ... 72019 files and directories currently installed.)
Preparing to replace libc6-dev 2.15-0ubuntu10.10 (using .../libc6-dev_2.15-0ubuntu10.13_amd64.deb) ...
Unpacking replacement libc6-dev ...
Preparing to replace libc-dev-bin 2.15-0ubuntu10.10 (using .../libc-dev-bin_2.15-0ubuntu10.13_amd64.deb) ...
Unpacking replacement libc-dev-bin ...
Preparing to replace libc-bin 2.15-0ubuntu10.10 (using .../libc-bin_2.15-0ubuntu10.13_amd64.deb) ...
Unpacking replacement libc-bin ...
Processing triggers for man-db ...
Setting up libc-bin (2.15-0ubuntu10.13) ...
(Reading database ... (Reading database ... 5%(Reading database ... 10%(Reading database ... 15%(Reading database ... 20%(Reading database ... 25%(Reading database ... 30%(Reading database ... 35%(Reading database ... 40%(Reading database ... 45%(Reading database ... 50%(Reading database ... 55%(Reading database ... 60%(Reading database ... 65%(Reading database ... 70%(Reading database ... 75%(Reading database ... 80%(Reading database ... 85%(Reading database ... 90%(Reading database ... 95%(Reading database ... 100%(Reading database ... 72019 files and directories currently installed.)
Preparing to replace libc6 2.15-0ubuntu10.10 (using .../libc6_2.15-0ubuntu10.13_amd64.deb) ...
Unpacking replacement libc6 ...
Setting up libc6 (2.15-0ubuntu10.13) ...
Setting up libc-dev-bin (2.15-0ubuntu10.13) ...
Setting up libc6-dev (2.15-0ubuntu10.13) ...
Processing triggers for libc-bin ...
ldconfig deferred processing now taking place
travis_fold:end:fix.CVE-2015-7547[0Ktravis_fold:start:git.checkout[0Ktravis_time:start:04e3c762[0K$ git clone --depth=50 https://github.com/square/retrofit.git square/retrofit
Cloning into 'square/retrofit'...
remote: Counting objects: 1453, done.[K
remote: Compressing objects:   0% (1/722)   [Kremote: Compressing objects:   1% (8/722)   [Kremote: Compressing objects:   2% (15/722)   [Kremote: Compressing objects:   3% (22/722)   [Kremote: Compressing objects:   4% (29/722)   [Kremote: Compressing objects:   5% (37/722)   [Kremote: Compressing objects:   6% (44/722)   [Kremote: Compressing objects:   7% (51/722)   [Kremote: Compressing objects:   8% (58/722)   [Kremote: Compressing objects:   9% (65/722)   [Kremote: Compressing objects:  10% (73/722)   [Kremote: Compressing objects:  11% (80/722)   [Kremote: Compressing objects:  12% (87/722)   [Kremote: Compressing objects:  13% (94/722)   [Kremote: Compressing objects:  14% (102/722)   [Kremote: Compressing objects:  15% (109/722)   [Kremote: Compressing objects:  16% (116/722)   [Kremote: Compressing objects:  17% (123/722)   [Kremote: Compressing objects:  18% (130/722)   [Kremote: Compressing objects:  19% (138/722)   [Kremote: Compressing objects:  20% (145/722)   [Kremote: Compressing objects:  21% (152/722)   [Kremote: Compressing objects:  22% (159/722)   [Kremote: Compressing objects:  23% (167/722)   [Kremote: Compressing objects:  24% (174/722)   [Kremote: Compressing objects:  25% (181/722)   [Kremote: Compressing objects:  26% (188/722)   [Kremote: Compressing objects:  27% (195/722)   [Kremote: Compressing objects:  28% (203/722)   [Kremote: Compressing objects:  29% (210/722)   [Kremote: Compressing objects:  30% (217/722)   [Kremote: Compressing objects:  31% (224/722)   [Kremote: Compressing objects:  32% (232/722)   [Kremote: Compressing objects:  33% (239/722)   [Kremote: Compressing objects:  34% (246/722)   [Kremote: Compressing objects:  35% (253/722)   [Kremote: Compressing objects:  36% (260/722)   [Kremote: Compressing objects:  37% (268/722)   [Kremote: Compressing objects:  38% (275/722)   [Kremote: Compressing objects:  39% (282/722)   [Kremote: Compressing objects:  40% (289/722)   [Kremote: Compressing objects:  41% (297/722)   [Kremote: Compressing objects:  42% (304/722)   [Kremote: Compressing objects:  43% (311/722)   [Kremote: Compressing objects:  44% (318/722)   [Kremote: Compressing objects:  45% (325/722)   [Kremote: Compressing objects:  46% (333/722)   [Kremote: Compressing objects:  47% (340/722)   [Kremote: Compressing objects:  48% (347/722)   [Kremote: Compressing objects:  49% (354/722)   [Kremote: Compressing objects:  50% (361/722)   [Kremote: Compressing objects:  51% (369/722)   [Kremote: Compressing objects:  52% (376/722)   [Kremote: Compressing objects:  53% (383/722)   [Kremote: Compressing objects:  54% (390/722)   [Kremote: Compressing objects:  55% (398/722)   [Kremote: Compressing objects:  56% (405/722)   [Kremote: Compressing objects:  57% (412/722)   [Kremote: Compressing objects:  58% (419/722)   [Kremote: Compressing objects:  59% (426/722)   [Kremote: Compressing objects:  60% (434/722)   [Kremote: Compressing objects:  61% (441/722)   [Kremote: Compressing objects:  62% (448/722)   [Kremote: Compressing objects:  63% (455/722)   [Kremote: Compressing objects:  64% (463/722)   [Kremote: Compressing objects:  65% (470/722)   [Kremote: Compressing objects:  66% (477/722)   [Kremote: Compressing objects:  67% (484/722)   [Kremote: Compressing objects:  68% (491/722)   [Kremote: Compressing objects:  69% (499/722)   [Kremote: Compressing objects:  70% (506/722)   [Kremote: Compressing objects:  71% (513/722)   [Kremote: Compressing objects:  72% (520/722)   [Kremote: Compressing objects:  73% (528/722)   [Kremote: Compressing objects:  74% (535/722)   [Kremote: Compressing objects:  75% (542/722)   [Kremote: Compressing objects:  76% (549/722)   [Kremote: Compressing objects:  77% (556/722)   [Kremote: Compressing objects:  78% (564/722)   [Kremote: Compressing objects:  79% (571/722)   [Kremote: Compressing objects:  80% (578/722)   [Kremote: Compressing objects:  81% (585/722)   [Kremote: Compressing objects:  82% (593/722)   [Kremote: Compressing objects:  83% (600/722)   [Kremote: Compressing objects:  84% (607/722)   [Kremote: Compressing objects:  85% (614/722)   [Kremote: Compressing objects:  86% (621/722)   [Kremote: Compressing objects:  87% (629/722)   [Kremote: Compressing objects:  88% (636/722)   [Kremote: Compressing objects:  89% (643/722)   [Kremote: Compressing objects:  90% (650/722)   [Kremote: Compressing objects:  91% (658/722)   [Kremote: Compressing objects:  92% (665/722)   [Kremote: Compressing objects:  93% (672/722)   [Kremote: Compressing objects:  94% (679/722)   [Kremote: Compressing objects:  95% (686/722)   [Kremote: Compressing objects:  96% (694/722)   [Kremote: Compressing objects:  97% (701/722)   [Kremote: Compressing objects:  98% (708/722)   [Kremote: Compressing objects:  99% (715/722)   [Kremote: Compressing objects: 100% (722/722)   [Kremote: Compressing objects: 100% (722/722), done.[K
Receiving objects:   0% (1/1453)   Receiving objects:   1% (15/1453)   Receiving objects:   2% (30/1453)   Receiving objects:   3% (44/1453)   Receiving objects:   4% (59/1453)   Receiving objects:   5% (73/1453)   Receiving objects:   6% (88/1453)   Receiving objects:   7% (102/1453)   Receiving objects:   8% (117/1453)   Receiving objects:   9% (131/1453)   Receiving objects:  10% (146/1453)   Receiving objects:  11% (160/1453)   Receiving objects:  12% (175/1453)   Receiving objects:  13% (189/1453)   Receiving objects:  14% (204/1453)   Receiving objects:  15% (218/1453)   Receiving objects:  16% (233/1453)   Receiving objects:  17% (248/1453)   Receiving objects:  18% (262/1453)   Receiving objects:  19% (277/1453)   Receiving objects:  20% (291/1453)   Receiving objects:  21% (306/1453)   Receiving objects:  22% (320/1453)   Receiving objects:  23% (335/1453)   Receiving objects:  24% (349/1453)   Receiving objects:  25% (364/1453)   Receiving objects:  26% (378/1453)   Receiving objects:  27% (393/1453)   Receiving objects:  28% (407/1453)   Receiving objects:  29% (422/1453)   Receiving objects:  30% (436/1453)   Receiving objects:  31% (451/1453)   Receiving objects:  32% (465/1453)   Receiving objects:  33% (480/1453)   Receiving objects:  34% (495/1453)   Receiving objects:  35% (509/1453)   Receiving objects:  36% (524/1453)   Receiving objects:  37% (538/1453)   Receiving objects:  38% (553/1453)   Receiving objects:  39% (567/1453)   Receiving objects:  40% (582/1453)   Receiving objects:  41% (596/1453)   Receiving objects:  42% (611/1453)   Receiving objects:  43% (625/1453)   Receiving objects:  44% (640/1453)   Receiving objects:  45% (654/1453)   Receiving objects:  46% (669/1453)   Receiving objects:  47% (683/1453)   Receiving objects:  48% (698/1453)   Receiving objects:  49% (712/1453)   Receiving objects:  50% (727/1453)   Receiving objects:  51% (742/1453)   Receiving objects:  52% (756/1453)   Receiving objects:  53% (771/1453)   Receiving objects:  54% (785/1453)   Receiving objects:  55% (800/1453)   Receiving objects:  56% (814/1453)   Receiving objects:  57% (829/1453)   Receiving objects:  58% (843/1453)   Receiving objects:  59% (858/1453)   Receiving objects:  60% (872/1453)   Receiving objects:  61% (887/1453)   Receiving objects:  62% (901/1453)   Receiving objects:  63% (916/1453)   Receiving objects:  64% (930/1453)   Receiving objects:  65% (945/1453)   Receiving objects:  66% (959/1453)   Receiving objects:  67% (974/1453)   Receiving objects:  68% (989/1453)   Receiving objects:  69% (1003/1453)   Receiving objects:  70% (1018/1453)   Receiving objects:  71% (1032/1453)   Receiving objects:  72% (1047/1453)   Receiving objects:  73% (1061/1453)   Receiving objects:  74% (1076/1453)   Receiving objects:  75% (1090/1453)   remote: Total 1453 (delta 537), reused 1188 (delta 328), pack-reused 0[K
Receiving objects:  76% (1105/1453)   Receiving objects:  77% (1119/1453)   Receiving objects:  78% (1134/1453)   Receiving objects:  79% (1148/1453)   Receiving objects:  80% (1163/1453)   Receiving objects:  81% (1177/1453)   Receiving objects:  82% (1192/1453)   Receiving objects:  83% (1206/1453)   Receiving objects:  84% (1221/1453)   Receiving objects:  85% (1236/1453)   Receiving objects:  86% (1250/1453)   Receiving objects:  87% (1265/1453)   Receiving objects:  88% (1279/1453)   Receiving objects:  89% (1294/1453)   Receiving objects:  90% (1308/1453)   Receiving objects:  91% (1323/1453)   Receiving objects:  92% (1337/1453)   Receiving objects:  93% (1352/1453)   Receiving objects:  94% (1366/1453)   Receiving objects:  95% (1381/1453)   Receiving objects:  96% (1395/1453)   Receiving objects:  97% (1410/1453)   Receiving objects:  98% (1424/1453)   Receiving objects:  99% (1439/1453)   Receiving objects: 100% (1453/1453)   Receiving objects: 100% (1453/1453), 354.79 KiB | 0 bytes/s, done.
Resolving deltas:   0% (0/537)   Resolving deltas:   7% (39/537)   Resolving deltas:   8% (46/537)   Resolving deltas:   9% (50/537)   Resolving deltas:  11% (62/537)   Resolving deltas:  28% (155/537)   Resolving deltas:  30% (165/537)   Resolving deltas:  31% (167/537)   Resolving deltas:  35% (188/537)   Resolving deltas:  37% (200/537)   Resolving deltas:  38% (205/537)   Resolving deltas:  40% (220/537)   Resolving deltas:  41% (222/537)   Resolving deltas:  43% (233/537)   Resolving deltas:  45% (243/537)   Resolving deltas:  46% (251/537)   Resolving deltas:  48% (260/537)   Resolving deltas:  49% (265/537)   Resolving deltas:  50% (269/537)   Resolving deltas:  51% (274/537)   Resolving deltas:  52% (283/537)   Resolving deltas:  53% (285/537)   Resolving deltas:  54% (290/537)   Resolving deltas:  55% (296/537)   Resolving deltas:  57% (309/537)   Resolving deltas:  58% (313/537)   Resolving deltas:  59% (317/537)   Resolving deltas:  60% (325/537)   Resolving deltas:  62% (333/537)   Resolving deltas:  63% (339/537)   Resolving deltas:  64% (347/537)   Resolving deltas:  65% (354/537)   Resolving deltas:  71% (384/537)   Resolving deltas:  72% (389/537)   Resolving deltas:  74% (399/537)   Resolving deltas:  75% (404/537)   Resolving deltas:  76% (409/537)   Resolving deltas:  78% (419/537)   Resolving deltas:  79% (427/537)   Resolving deltas:  81% (435/537)   Resolving deltas:  82% (441/537)   Resolving deltas:  83% (446/537)   Resolving deltas:  84% (454/537)   Resolving deltas:  85% (458/537)   Resolving deltas:  86% (465/537)   Resolving deltas:  87% (468/537)   Resolving deltas:  88% (476/537)   Resolving deltas:  89% (479/537)   Resolving deltas:  90% (484/537)   Resolving deltas:  93% (501/537)   Resolving deltas:  95% (514/537)   Resolving deltas:  96% (516/537)   Resolving deltas:  97% (522/537)   Resolving deltas:  98% (531/537)   Resolving deltas:  99% (534/537)   Resolving deltas: 100% (537/537)   Resolving deltas: 100% (537/537), done.
Checking connectivity... done.

travis_time:end:04e3c762:start=1463714650004717632,finish=1463714650471892144,duration=467174512[0K$ cd square/retrofit
travis_time:start:09a9e945[0K$ git fetch origin +refs/pull/1804/merge:
remote: Counting objects: 10, done.[K
remote: Compressing objects:  25% (1/4)   [Kremote: Compressing objects:  50% (2/4)   [Kremote: Compressing objects:  75% (3/4)   [Kremote: Compressing objects: 100% (4/4)   [Kremote: Compressing objects: 100% (4/4), done.[K
remote: Total 10 (delta 4), reused 9 (delta 4), pack-reused 0[K
Unpacking objects:  10% (1/10)   Unpacking objects:  20% (2/10)   Unpacking objects:  30% (3/10)   Unpacking objects:  40% (4/10)   Unpacking objects:  50% (5/10)   Unpacking objects:  60% (6/10)   Unpacking objects:  70% (7/10)   Unpacking objects:  80% (8/10)   Unpacking objects:  90% (9/10)   Unpacking objects: 100% (10/10)   Unpacking objects: 100% (10/10), done.
From https://github.com/square/retrofit
 * branch            refs/pull/1804/merge -> FETCH_HEAD

travis_time:end:09a9e945:start=1463714650475486389,finish=1463714650773964102,duration=298477713[0K$ git checkout -qf FETCH_HEAD
travis_fold:end:git.checkout[0K
[33;1mThis job is running on container-based infrastructure, which does not allow use of 'sudo', setuid and setguid executables.[0m
[33;1mIf you require sudo, add 'sudo: required' to your .travis.yml[0m
[33;1mSee https://docs.travis-ci.com/user/workers/container-based-infrastructure/ for details.[0m
$ jdk_switcher use oraclejdk8
Switching to Oracle JDK8 (java-8-oracle), JAVA_HOME will be set to /usr/lib/jvm/java-8-oracle
travis_fold:start:cache.1[0KSetting up build cache
$ export CASHER_DIR=$HOME/.casher
travis_time:start:0a83ff1d[0K$ Installing caching utilities

travis_time:end:0a83ff1d:start=1463714652654651520,finish=1463714652707638202,duration=52986682[0Ktravis_time:start:0157529d[0K
travis_time:end:0157529d:start=1463714652712295106,finish=1463714652715421064,duration=3125958[0Ktravis_time:start:39076b10[0K[32;1mattempting to download cache archive[0m
[32;1mfetching PR.1804/cache-linux-precise-e3b0c44298fc1c149afbf4c8996fb92427ae41e4649b934ca495991b7852b855--jdk-oraclejdk8.tgz[0m
[32;1mfetching PR.1804/cache--jdk-oraclejdk8.tgz[0m
[32;1mfetching master/cache-linux-precise-e3b0c44298fc1c149afbf4c8996fb92427ae41e4649b934ca495991b7852b855--jdk-oraclejdk8.tgz[0m
[32;1mfetching master/cache--jdk-oraclejdk8.tgz[0m
[32;1mfound cache[0m

travis_time:end:39076b10:start=1463714652719047186,finish=1463714654680866465,duration=1961819279[0Ktravis_time:start:029e7aed[0K
travis_time:end:029e7aed:start=1463714654684522823,finish=1463714654687717152,duration=3194329[0Ktravis_time:start:006e1851[0K[32;1madding /home/travis/.m2 to cache[0m

travis_time:end:006e1851:start=1463714654691360246,finish=1463714656297973341,duration=1606613095[0Ktravis_fold:end:cache.1[0K$ java -Xmx32m -version
java version "1.8.0_31"
Java(TM) SE Runtime Environment (build 1.8.0_31-b13)
Java HotSpot(TM) 64-Bit Server VM (build 25.31-b07, mixed mode)
$ javac -J-Xmx32m -version
javac 1.8.0_31
travis_fold:start:install[0Ktravis_time:start:0bc432ab[0K$ mvn install -DskipTests=true -Dmaven.javadoc.skip=true -B -V
Java HotSpot(TM) 64-Bit Server VM warning: ignoring option MaxPermSize=192m; support was removed in 8.0
Apache Maven 3.2.5 (12a6b3acb947671f09b81f49094c53f426d8cea1; 2014-12-14T17:29:23+00:00)
Maven home: /usr/local/maven
Java version: 1.8.0_31, vendor: Oracle Corporation
Java home: /usr/lib/jvm/java-8-oracle/jre
Default locale: en_US, platform encoding: UTF-8
OS name: "linux", version: "3.13.0-40-generic", arch: "amd64", family: "unix"
[INFO] Scanning for projects...
[WARNING] 
[WARNING] Some problems were encountered while building the effective model for com.squareup.retrofit2:samples:jar:2.0.3-SNAPSHOT
[WARNING] 'build.plugins.plugin.version' for org.apache.maven.plugins:maven-deploy-plugin is missing. @ com.squareup.retrofit2:samples:[unknown-version], /home/travis/build/square/retrofit/samples/pom.xml, line 55, column 15
[WARNING] 
[WARNING] It is highly recommended to fix these problems because they threaten the stability of your build.
[WARNING] 
[WARNING] For this reason, future Maven versions might no longer support building such malformed projects.
[WARNING] 
[INFO] ------------------------------------------------------------------------
[INFO] Reactor Build Order:
[INFO] 
[INFO] Retrofit (Parent)
[INFO] Retrofit
[INFO] Adapters
[INFO] Adapter: Guava
[INFO] Adapter: Java 8
[INFO] Adapter: RxJava
[INFO] Converters
[INFO] Converter: Gson
[INFO] Converter: Protocol Buffers
[INFO] Converter: Jackson
[INFO] Converter: Wire Protocol Buffers
[INFO] Converter: SimpleXML
[INFO] Converter: Java Scalars
[INFO] Converter: Moshi
[INFO] Retrofit Mock Adapter
[INFO] Samples
[INFO]                                                                         
[INFO] ------------------------------------------------------------------------
[INFO] Building Retrofit (Parent) 2.0.3-SNAPSHOT
[INFO] ------------------------------------------------------------------------
[INFO] 
[INFO] --- maven-enforcer-plugin:1.0:enforce (enforce-maven) @ parent ---
[INFO] 
[INFO] --- animal-sniffer-maven-plugin:1.14:check (default) @ parent ---
[INFO] Checking unresolved references to org.codehaus.mojo.signature:java16:1.1
[INFO] 
[INFO] --- maven-javadoc-plugin:2.10.3:jar (attach-javadocs) @ parent ---
[INFO] Skipping javadoc generation
[INFO] 
[INFO] --- maven-checkstyle-plugin:2.15:checkstyle (default) @ parent ---
[INFO] 
[INFO] --- maven-install-plugin:2.4:install (default-install) @ parent ---
[INFO] Installing /home/travis/build/square/retrofit/pom.xml to /home/travis/.m2/repository/com/squareup/retrofit2/parent/2.0.3-SNAPSHOT/parent-2.0.3-SNAPSHOT.pom
[INFO]                                                                         
[INFO] ------------------------------------------------------------------------
[INFO] Building Retrofit 2.0.3-SNAPSHOT
[INFO] ------------------------------------------------------------------------
[INFO] 
[INFO] --- maven-enforcer-plugin:1.0:enforce (enforce-maven) @ retrofit ---
[INFO] 
[INFO] --- maven-resources-plugin:2.6:resources (default-resources) @ retrofit ---
[INFO] Using 'UTF-8' encoding to copy filtered resources.
[INFO] skip non existing resourceDirectory /home/travis/build/square/retrofit/retrofit/src/main/resources
[INFO] 
[INFO] --- maven-compiler-plugin:3.0:compile (default-compile) @ retrofit ---
[INFO] Changes detected - recompiling the module!
[INFO] Compiling 40 source files to /home/travis/build/square/retrofit/retrofit/target/classes
[WARNING] /home/travis/build/square/retrofit/retrofit/src/main/java/retrofit2/Retrofit.java: Some input files use unchecked or unsafe operations.
[WARNING] /home/travis/build/square/retrofit/retrofit/src/main/java/retrofit2/Retrofit.java: Recompile with -Xlint:unchecked for details.
[INFO] 
[INFO] --- maven-resources-plugin:2.6:testResources (default-testResources) @ retrofit ---
[INFO] Using 'UTF-8' encoding to copy filtered resources.
[INFO] skip non existing resourceDirectory /home/travis/build/square/retrofit/retrofit/src/test/resources
[INFO] 
[INFO] --- maven-compiler-plugin:3.0:testCompile (default-testCompile) @ retrofit ---
[INFO] Changes detected - recompiling the module!
[INFO] Compiling 14 source files to /home/travis/build/square/retrofit/retrofit/target/test-classes
[WARNING] /home/travis/build/square/retrofit/retrofit/src/test/java/retrofit2/RetrofitTest.java: /home/travis/build/square/retrofit/retrofit/src/test/java/retrofit2/RetrofitTest.java uses unchecked or unsafe operations.
[WARNING] /home/travis/build/square/retrofit/retrofit/src/test/java/retrofit2/RetrofitTest.java: Recompile with -Xlint:unchecked for details.
[INFO] 
[INFO] --- maven-surefire-plugin:2.12.4:test (default-test) @ retrofit ---
[INFO] Tests are skipped.
[INFO] 
[INFO] --- animal-sniffer-maven-plugin:1.14:check (default) @ retrofit ---
[INFO] Checking unresolved references to org.codehaus.mojo.signature:java16:1.1
[INFO] 
[INFO] --- maven-jar-plugin:2.4:jar (default-jar) @ retrofit ---
[INFO] Building jar: /home/travis/build/square/retrofit/retrofit/target/retrofit-2.0.3-SNAPSHOT.jar
[INFO] 
[INFO] --- maven-javadoc-plugin:2.10.3:jar (attach-javadocs) @ retrofit ---
[INFO] Skipping javadoc generation
[INFO] 
[INFO] --- maven-checkstyle-plugin:2.15:checkstyle (default) @ retrofit ---
[INFO] Starting audit...
/home/travis/build/square/retrofit/retrofit/src/main/java/retrofit2/ParameterHandler.java:267: Line is longer than 100 characters (found 109).
/home/travis/build/square/retrofit/retrofit/src/main/java/retrofit2/ServiceMethod.java:628: Line is longer than 100 characters (found 115).
/home/travis/build/square/retrofit/retrofit/src/main/java/retrofit2/ServiceMethod.java:629: Line is longer than 100 characters (found 113).
Audit done.
[INFO] ------------------------------------------------------------------------
[INFO] Reactor Summary:
[INFO] 
[INFO] Retrofit (Parent) .................................. SUCCESS [  5.263 s]
[INFO] Retrofit ........................................... FAILURE [ 15.103 s]
[INFO] Adapters ........................................... SKIPPED
[INFO] Adapter: Guava ..................................... SKIPPED
[INFO] Adapter: Java 8 .................................... SKIPPED
[INFO] Adapter: RxJava .................................... SKIPPED
[INFO] Converters ......................................... SKIPPED
[INFO] Converter: Gson .................................... SKIPPED
[INFO] Converter: Protocol Buffers ........................ SKIPPED
[INFO] Converter: Jackson ................................. SKIPPED
[INFO] Converter: Wire Protocol Buffers ................... SKIPPED
[INFO] Converter: SimpleXML ............................... SKIPPED
[INFO] Converter: Java Scalars ............................ SKIPPED
[INFO] Converter: Moshi ................................... SKIPPED
[INFO] Retrofit Mock Adapter .............................. SKIPPED
[INFO] Samples ............................................ SKIPPED
[INFO] ------------------------------------------------------------------------
[INFO] BUILD FAILURE
[INFO] ------------------------------------------------------------------------
[INFO] Total time: 20.870 s
[INFO] Finished at: 2016-05-20T03:24:39+00:00
[INFO] Final Memory: 36M/352M
[INFO] ------------------------------------------------------------------------
[ERROR] Failed to execute goal org.apache.maven.plugins:maven-checkstyle-plugin:2.15:checkstyle (default) on project retrofit: An error has occurred in Checkstyle report generation. Failed during checkstyle execution: There are 3 errors reported by Checkstyle 6.1.1 with checkstyle.xml ruleset. -> [Help 1]
[ERROR] 
[ERROR] To see the full stack trace of the errors, re-run Maven with the -e switch.
[ERROR] Re-run Maven using the -X switch to enable full debug logging.
[ERROR] 
[ERROR] For more information about the errors and possible solutions, please read the following articles:
[ERROR] [Help 1] http://cwiki.apache.org/confluence/display/MAVEN/MojoExecutionException
[ERROR] 
[ERROR] After correcting the problems, you can resume the build with the command
[ERROR]   mvn <goals> -rf :retrofit

[31;1mThe command "eval mvn install -DskipTests=true -Dmaven.javadoc.skip=true -B -V" failed. Retrying, 2 of 3.[0m

Java HotSpot(TM) 64-Bit Server VM warning: ignoring option MaxPermSize=192m; support was removed in 8.0
Apache Maven 3.2.5 (12a6b3acb947671f09b81f49094c53f426d8cea1; 2014-12-14T17:29:23+00:00)
Maven home: /usr/local/maven
Java version: 1.8.0_31, vendor: Oracle Corporation
Java home: /usr/lib/jvm/java-8-oracle/jre
Default locale: en_US, platform encoding: UTF-8
OS name: "linux", version: "3.13.0-40-generic", arch: "amd64", family: "unix"
[INFO] Scanning for projects...
[WARNING] 
[WARNING] Some problems were encountered while building the effective model for com.squareup.retrofit2:samples:jar:2.0.3-SNAPSHOT
[WARNING] 'build.plugins.plugin.version' for org.apache.maven.plugins:maven-deploy-plugin is missing. @ com.squareup.retrofit2:samples:[unknown-version], /home/travis/build/square/retrofit/samples/pom.xml, line 55, column 15
[WARNING] 
[WARNING] It is highly recommended to fix these problems because they threaten the stability of your build.
[WARNING] 
[WARNING] For this reason, future Maven versions might no longer support building such malformed projects.
[WARNING] 
[INFO] ------------------------------------------------------------------------
[INFO] Reactor Build Order:
[INFO] 
[INFO] Retrofit (Parent)
[INFO] Retrofit
[INFO] Adapters
[INFO] Adapter: Guava
[INFO] Adapter: Java 8
[INFO] Adapter: RxJava
[INFO] Converters
[INFO] Converter: Gson
[INFO] Converter: Protocol Buffers
[INFO] Converter: Jackson
[INFO] Converter: Wire Protocol Buffers
[INFO] Converter: SimpleXML
[INFO] Converter: Java Scalars
[INFO] Converter: Moshi
[INFO] Retrofit Mock Adapter
[INFO] Samples
[INFO]                                                                         
[INFO] ------------------------------------------------------------------------
[INFO] Building Retrofit (Parent) 2.0.3-SNAPSHOT
[INFO] ------------------------------------------------------------------------
[INFO] 
[INFO] --- maven-enforcer-plugin:1.0:enforce (enforce-maven) @ parent ---
[INFO] 
[INFO] --- animal-sniffer-maven-plugin:1.14:check (default) @ parent ---
[INFO] Checking unresolved references to org.codehaus.mojo.signature:java16:1.1
[INFO] 
[INFO] --- maven-javadoc-plugin:2.10.3:jar (attach-javadocs) @ parent ---
[INFO] Skipping javadoc generation
[INFO] 
[INFO] --- maven-checkstyle-plugin:2.15:checkstyle (default) @ parent ---
[INFO] 
[INFO] --- maven-install-plugin:2.4:install (default-install) @ parent ---
[INFO] Installing /home/travis/build/square/retrofit/pom.xml to /home/travis/.m2/repository/com/squareup/retrofit2/parent/2.0.3-SNAPSHOT/parent-2.0.3-SNAPSHOT.pom
[INFO]                                                                         
[INFO] ------------------------------------------------------------------------
[INFO] Building Retrofit 2.0.3-SNAPSHOT
[INFO] ------------------------------------------------------------------------
[INFO] 
[INFO] --- maven-enforcer-plugin:1.0:enforce (enforce-maven) @ retrofit ---
[INFO] 
[INFO] --- maven-resources-plugin:2.6:resources (default-resources) @ retrofit ---
[INFO] Using 'UTF-8' encoding to copy filtered resources.
[INFO] skip non existing resourceDirectory /home/travis/build/square/retrofit/retrofit/src/main/resources
[INFO] 
[INFO] --- maven-compiler-plugin:3.0:compile (default-compile) @ retrofit ---
[INFO] Changes detected - recompiling the module!
[INFO] Compiling 40 source files to /home/travis/build/square/retrofit/retrofit/target/classes
[WARNING] /home/travis/build/square/retrofit/retrofit/src/main/java/retrofit2/Retrofit.java: Some input files use unchecked or unsafe operations.
[WARNING] /home/travis/build/square/retrofit/retrofit/src/main/java/retrofit2/Retrofit.java: Recompile with -Xlint:unchecked for details.
[INFO] 
[INFO] --- maven-resources-plugin:2.6:testResources (default-testResources) @ retrofit ---
[INFO] Using 'UTF-8' encoding to copy filtered resources.
[INFO] skip non existing resourceDirectory /home/travis/build/square/retrofit/retrofit/src/test/resources
[INFO] 
[INFO] --- maven-compiler-plugin:3.0:testCompile (default-testCompile) @ retrofit ---
[INFO] Changes detected - recompiling the module!
[INFO] Compiling 14 source files to /home/travis/build/square/retrofit/retrofit/target/test-classes
[WARNING] /home/travis/build/square/retrofit/retrofit/src/test/java/retrofit2/RetrofitTest.java: /home/travis/build/square/retrofit/retrofit/src/test/java/retrofit2/RetrofitTest.java uses unchecked or unsafe operations.
[WARNING] /home/travis/build/square/retrofit/retrofit/src/test/java/retrofit2/RetrofitTest.java: Recompile with -Xlint:unchecked for details.
[INFO] 
[INFO] --- maven-surefire-plugin:2.12.4:test (default-test) @ retrofit ---
[INFO] Tests are skipped.
[INFO] 
[INFO] --- animal-sniffer-maven-plugin:1.14:check (default) @ retrofit ---
[INFO] Checking unresolved references to org.codehaus.mojo.signature:java16:1.1
[INFO] 
[INFO] --- maven-jar-plugin:2.4:jar (default-jar) @ retrofit ---
[INFO] Building jar: /home/travis/build/square/retrofit/retrofit/target/retrofit-2.0.3-SNAPSHOT.jar
[INFO] 
[INFO] --- maven-javadoc-plugin:2.10.3:jar (attach-javadocs) @ retrofit ---
[INFO] Skipping javadoc generation
[INFO] 
[INFO] --- maven-checkstyle-plugin:2.15:checkstyle (default) @ retrofit ---
[INFO] Starting audit...
/home/travis/build/square/retrofit/retrofit/src/main/java/retrofit2/ParameterHandler.java:267: Line is longer than 100 characters (found 109).
/home/travis/build/square/retrofit/retrofit/src/main/java/retrofit2/ServiceMethod.java:628: Line is longer than 100 characters (found 115).
/home/travis/build/square/retrofit/retrofit/src/main/java/retrofit2/ServiceMethod.java:629: Line is longer than 100 characters (found 113).
Audit done.
[INFO] ------------------------------------------------------------------------
[INFO] Reactor Summary:
[INFO] 
[INFO] Retrofit (Parent) .................................. SUCCESS [  6.235 s]
[INFO] Retrofit ........................................... FAILURE [ 17.690 s]
[INFO] Adapters ........................................... SKIPPED
[INFO] Adapter: Guava ..................................... SKIPPED
[INFO] Adapter: Java 8 .................................... SKIPPED
[INFO] Adapter: RxJava .................................... SKIPPED
[INFO] Converters ......................................... SKIPPED
[INFO] Converter: Gson .................................... SKIPPED
[INFO] Converter: Protocol Buffers ........................ SKIPPED
[INFO] Converter: Jackson ................................. SKIPPED
[INFO] Converter: Wire Protocol Buffers ................... SKIPPED
[INFO] Converter: SimpleXML ............................... SKIPPED
[INFO] Converter: Java Scalars ............................ SKIPPED
[INFO] Converter: Moshi ................................... SKIPPED
[INFO] Retrofit Mock Adapter .............................. SKIPPED
[INFO] Samples ............................................ SKIPPED
[INFO] ------------------------------------------------------------------------
[INFO] BUILD FAILURE
[INFO] ------------------------------------------------------------------------
[INFO] Total time: 24.517 s
[INFO] Finished at: 2016-05-20T03:25:15+00:00
[INFO] Final Memory: 36M/345M
[INFO] ------------------------------------------------------------------------
[ERROR] Failed to execute goal org.apache.maven.plugins:maven-checkstyle-plugin:2.15:checkstyle (default) on project retrofit: An error has occurred in Checkstyle report generation. Failed during checkstyle execution: There are 3 errors reported by Checkstyle 6.1.1 with checkstyle.xml ruleset. -> [Help 1]
[ERROR] 
[ERROR] To see the full stack trace of the errors, re-run Maven with the -e switch.
[ERROR] Re-run Maven using the -X switch to enable full debug logging.
[ERROR] 
[ERROR] For more information about the errors and possible solutions, please read the following articles:
[ERROR] [Help 1] http://cwiki.apache.org/confluence/display/MAVEN/MojoExecutionException
[ERROR] 
[ERROR] After correcting the problems, you can resume the build with the command
[ERROR]   mvn <goals> -rf :retrofit

[31;1mThe command "eval mvn install -DskipTests=true -Dmaven.javadoc.skip=true -B -V" failed. Retrying, 3 of 3.[0m

Java HotSpot(TM) 64-Bit Server VM warning: ignoring option MaxPermSize=192m; support was removed in 8.0
Apache Maven 3.2.5 (12a6b3acb947671f09b81f49094c53f426d8cea1; 2014-12-14T17:29:23+00:00)
Maven home: /usr/local/maven
Java version: 1.8.0_31, vendor: Oracle Corporation
Java home: /usr/lib/jvm/java-8-oracle/jre
Default locale: en_US, platform encoding: UTF-8
OS name: "linux", version: "3.13.0-40-generic", arch: "amd64", family: "unix"
[INFO] Scanning for projects...
[WARNING] 
[WARNING] Some problems were encountered while building the effective model for com.squareup.retrofit2:samples:jar:2.0.3-SNAPSHOT
[WARNING] 'build.plugins.plugin.version' for org.apache.maven.plugins:maven-deploy-plugin is missing. @ com.squareup.retrofit2:samples:[unknown-version], /home/travis/build/square/retrofit/samples/pom.xml, line 55, column 15
[WARNING] 
[WARNING] It is highly recommended to fix these problems because they threaten the stability of your build.
[WARNING] 
[WARNING] For this reason, future Maven versions might no longer support building such malformed projects.
[WARNING] 
[INFO] ------------------------------------------------------------------------
[INFO] Reactor Build Order:
[INFO] 
[INFO] Retrofit (Parent)
[INFO] Retrofit
[INFO] Adapters
[INFO] Adapter: Guava
[INFO] Adapter: Java 8
[INFO] Adapter: RxJava
[INFO] Converters
[INFO] Converter: Gson
[INFO] Converter: Protocol Buffers
[INFO] Converter: Jackson
[INFO] Converter: Wire Protocol Buffers
[INFO] Converter: SimpleXML
[INFO] Converter: Java Scalars
[INFO] Converter: Moshi
[INFO] Retrofit Mock Adapter
[INFO] Samples
[INFO]                                                                         
[INFO] ------------------------------------------------------------------------
[INFO] Building Retrofit (Parent) 2.0.3-SNAPSHOT
[INFO] ------------------------------------------------------------------------
[INFO] 
[INFO] --- maven-enforcer-plugin:1.0:enforce (enforce-maven) @ parent ---
[INFO] 
[INFO] --- animal-sniffer-maven-plugin:1.14:check (default) @ parent ---
[INFO] Checking unresolved references to org.codehaus.mojo.signature:java16:1.1
[INFO] 
[INFO] --- maven-javadoc-plugin:2.10.3:jar (attach-javadocs) @ parent ---
[INFO] Skipping javadoc generation
[INFO] 
[INFO] --- maven-checkstyle-plugin:2.15:checkstyle (default) @ parent ---
[INFO] 
[INFO] --- maven-install-plugin:2.4:install (default-install) @ parent ---
[INFO] Installing /home/travis/build/square/retrofit/pom.xml to /home/travis/.m2/repository/com/squareup/retrofit2/parent/2.0.3-SNAPSHOT/parent-2.0.3-SNAPSHOT.pom
[INFO]                                                                         
[INFO] ------------------------------------------------------------------------
[INFO] Building Retrofit 2.0.3-SNAPSHOT
[INFO] ------------------------------------------------------------------------
[INFO] 
[INFO] --- maven-enforcer-plugin:1.0:enforce (enforce-maven) @ retrofit ---
[INFO] 
[INFO] --- maven-resources-plugin:2.6:resources (default-resources) @ retrofit ---
[INFO] Using 'UTF-8' encoding to copy filtered resources.
[INFO] skip non existing resourceDirectory /home/travis/build/square/retrofit/retrofit/src/main/resources
[INFO] 
[INFO] --- maven-compiler-plugin:3.0:compile (default-compile) @ retrofit ---
[INFO] Changes detected - recompiling the module!
[INFO] Compiling 40 source files to /home/travis/build/square/retrofit/retrofit/target/classes
[WARNING] /home/travis/build/square/retrofit/retrofit/src/main/java/retrofit2/Retrofit.java: Some input files use unchecked or unsafe operations.
[WARNING] /home/travis/build/square/retrofit/retrofit/src/main/java/retrofit2/Retrofit.java: Recompile with -Xlint:unchecked for details.
[INFO] 
[INFO] --- maven-resources-plugin:2.6:testResources (default-testResources) @ retrofit ---
[INFO] Using 'UTF-8' encoding to copy filtered resources.
[INFO] skip non existing resourceDirectory /home/travis/build/square/retrofit/retrofit/src/test/resources
[INFO] 
[INFO] --- maven-compiler-plugin:3.0:testCompile (default-testCompile) @ retrofit ---
[INFO] Changes detected - recompiling the module!
[INFO] Compiling 14 source files to /home/travis/build/square/retrofit/retrofit/target/test-classes
[WARNING] /home/travis/build/square/retrofit/retrofit/src/test/java/retrofit2/RetrofitTest.java: /home/travis/build/square/retrofit/retrofit/src/test/java/retrofit2/RetrofitTest.java uses unchecked or unsafe operations.
[WARNING] /home/travis/build/square/retrofit/retrofit/src/test/java/retrofit2/RetrofitTest.java: Recompile with -Xlint:unchecked for details.
[INFO] 
[INFO] --- maven-surefire-plugin:2.12.4:test (default-test) @ retrofit ---
[INFO] Tests are skipped.
[INFO] 
[INFO] --- animal-sniffer-maven-plugin:1.14:check (default) @ retrofit ---
[INFO] Checking unresolved references to org.codehaus.mojo.signature:java16:1.1
[INFO] 
[INFO] --- maven-jar-plugin:2.4:jar (default-jar) @ retrofit ---
[INFO] Building jar: /home/travis/build/square/retrofit/retrofit/target/retrofit-2.0.3-SNAPSHOT.jar
[INFO] 
[INFO] --- maven-javadoc-plugin:2.10.3:jar (attach-javadocs) @ retrofit ---
[INFO] Skipping javadoc generation
[INFO] 
[INFO] --- maven-checkstyle-plugin:2.15:checkstyle (default) @ retrofit ---
[INFO] Starting audit...
/home/travis/build/square/retrofit/retrofit/src/main/java/retrofit2/ParameterHandler.java:267: Line is longer than 100 characters (found 109).
/home/travis/build/square/retrofit/retrofit/src/main/java/retrofit2/ServiceMethod.java:628: Line is longer than 100 characters (found 115).
/home/travis/build/square/retrofit/retrofit/src/main/java/retrofit2/ServiceMethod.java:629: Line is longer than 100 characters (found 113).
Audit done.
[INFO] ------------------------------------------------------------------------
[INFO] Reactor Summary:
[INFO] 
[INFO] Retrofit (Parent) .................................. SUCCESS [  6.530 s]
[INFO] Retrofit ........................................... FAILURE [ 20.892 s]
[INFO] Adapters ........................................... SKIPPED
[INFO] Adapter: Guava ..................................... SKIPPED
[INFO] Adapter: Java 8 .................................... SKIPPED
[INFO] Adapter: RxJava .................................... SKIPPED
[INFO] Converters ......................................... SKIPPED
[INFO] Converter: Gson .................................... SKIPPED
[INFO] Converter: Protocol Buffers ........................ SKIPPED
[INFO] Converter: Jackson ................................. SKIPPED
[INFO] Converter: Wire Protocol Buffers ................... SKIPPED
[INFO] Converter: SimpleXML ............................... SKIPPED
[INFO] Converter: Java Scalars ............................ SKIPPED
[INFO] Converter: Moshi ................................... SKIPPED
[INFO] Retrofit Mock Adapter .............................. SKIPPED
[INFO] Samples ............................................ SKIPPED
[INFO] ------------------------------------------------------------------------
[INFO] BUILD FAILURE
[INFO] ------------------------------------------------------------------------
[INFO] Total time: 28.087 s
[INFO] Finished at: 2016-05-20T03:25:53+00:00
[INFO] Final Memory: 36M/371M
[INFO] ------------------------------------------------------------------------
[ERROR] Failed to execute goal org.apache.maven.plugins:maven-checkstyle-plugin:2.15:checkstyle (default) on project retrofit: An error has occurred in Checkstyle report generation. Failed during checkstyle execution: There are 3 errors reported by Checkstyle 6.1.1 with checkstyle.xml ruleset. -> [Help 1]
[ERROR] 
[ERROR] To see the full stack trace of the errors, re-run Maven with the -e switch.
[ERROR] Re-run Maven using the -X switch to enable full debug logging.
[ERROR] 
[ERROR] For more information about the errors and possible solutions, please read the following articles:
[ERROR] [Help 1] http://cwiki.apache.org/confluence/display/MAVEN/MojoExecutionException
[ERROR] 
[ERROR] After correcting the problems, you can resume the build with the command
[ERROR]   mvn <goals> -rf :retrofit

[31;1mThe command "eval mvn install -DskipTests=true -Dmaven.javadoc.skip=true -B -V" failed 3 times.[0m


travis_time:end:0bc432ab:start=1463714656653437971,finish=1463714760693155655,duration=104039717684[0K
[31;1mThe command "mvn install -DskipTests=true -Dmaven.javadoc.skip=true -B -V" failed and exited with 1 during .[0m

Your build has been stopped.
