Using worker: worker-linux-docker-aa8b5bef.prod.travis-ci.org:travis-linux-9

travis_fold:start:system_info[0K[33;1mBuild system information[0m
Build language: java
Build group: stable
Build dist: precise
[34m[1mBuild image provisioning date and time[0m
Thu Feb  5 15:09:33 UTC 2015
[34m[1mOperating System Details[0m
Distributor ID:	Ubuntu
Description:	Ubuntu 12.04.5 LTS
Release:	12.04
Codename:	precise
[34m[1mLinux Version[0m
3.13.0-29-generic
[34m[1mCookbooks Version[0m
a68419e https://github.com/travis-ci/travis-cookbooks/tree/a68419e
[34m[1mGCC version[0m
gcc (Ubuntu/Linaro 4.6.3-1ubuntu5) 4.6.3
Copyright (C) 2011 Free Software Foundation, Inc.
This is free software; see the source for copying conditions.  There is NO
warranty; not even for MERCHANTABILITY or FITNESS FOR A PARTICULAR PURPOSE.

[34m[1mLLVM version[0m
clang version 3.4 (tags/RELEASE_34/final)
Target: x86_64-unknown-linux-gnu
Thread model: posix
[34m[1mPre-installed Ruby versions[0m
ruby-1.9.3-p551
[34m[1mPre-installed Node.js versions[0m
v0.10.36
[34m[1mPre-installed Go versions[0m
1.4.1
[34m[1mRedis version[0m
redis-server 2.8.19
[34m[1mriak version[0m
2.0.2
[34m[1mMongoDB version[0m
MongoDB 2.4.12
[34m[1mCouchDB version[0m
couchdb 1.6.1
[34m[1mNeo4j version[0m
1.9.4
[34m[1mRabbitMQ Version[0m
3.4.3
[34m[1mElasticSearch version[0m
1.4.0
[34m[1mInstalled Sphinx versions[0m
2.0.10
2.1.9
2.2.6
[34m[1mDefault Sphinx version[0m
2.2.6
[34m[1mInstalled Firefox version[0m
firefox 31.0esr
[34m[1mPhantomJS version[0m
1.9.8
[34m[1mant -version[0m
Apache Ant(TM) version 1.8.2 compiled on December 3 2011
[34m[1mmvn -version[0m
Apache Maven 3.2.5 (12a6b3acb947671f09b81f49094c53f426d8cea1; 2014-12-14T17:29:23+00:00)
Maven home: /usr/local/maven
Java version: 1.7.0_76, vendor: Oracle Corporation
Java home: /usr/lib/jvm/java-7-oracle/jre
Default locale: en_US, platform encoding: ANSI_X3.4-1968
OS name: "linux", version: "3.13.0-29-generic", arch: "amd64", family: "unix"
travis_fold:end:system_info[0K
travis_fold:start:fix.CVE-2015-7547[0K$ export DEBIAN_FRONTEND=noninteractive
W: Size of file /var/lib/apt/lists/us.archive.ubuntu.com_ubuntu_dists_precise-backports_multiverse_source_Sources.gz is not what the server reported 5886 5888
W: Size of file /var/lib/apt/lists/ppa.launchpad.net_ubuntugis_ppa_ubuntu_dists_precise_main_binary-amd64_Packages.gz is not what the server reported 36669 36677
W: Size of file /var/lib/apt/lists/ppa.launchpad.net_ubuntugis_ppa_ubuntu_dists_precise_main_binary-i386_Packages.gz is not what the server reported 36729 36733
Reading package lists...
Building dependency tree...
Reading state information...
The following extra packages will be installed:
  libc-bin libc-dev-bin libc6-dev
Suggested packages:
  glibc-doc
The following packages will be upgraded:
  libc-bin libc-dev-bin libc6 libc6-dev
4 upgraded, 0 newly installed, 0 to remove and 246 not upgraded.
Need to get 8,840 kB of archives.
After this operation, 14.3 kB disk space will be freed.
Get:1 http://us.archive.ubuntu.com/ubuntu/ precise-updates/main libc6-dev amd64 2.15-0ubuntu10.15 [2,943 kB]
Get:2 http://us.archive.ubuntu.com/ubuntu/ precise-updates/main libc-dev-bin amd64 2.15-0ubuntu10.15 [84.7 kB]
Get:3 http://us.archive.ubuntu.com/ubuntu/ precise-updates/main libc-bin amd64 2.15-0ubuntu10.15 [1,177 kB]
Get:4 http://us.archive.ubuntu.com/ubuntu/ precise-updates/main libc6 amd64 2.15-0ubuntu10.15 [4,636 kB]
Fetched 8,840 kB in 0s (30.8 MB/s)
Preconfiguring packages ...
(Reading database ... (Reading database ... 5%(Reading database ... 10%(Reading database ... 15%(Reading database ... 20%(Reading database ... 25%(Reading database ... 30%(Reading database ... 35%(Reading database ... 40%(Reading database ... 45%(Reading database ... 50%(Reading database ... 55%(Reading database ... 60%(Reading database ... 65%(Reading database ... 70%(Reading database ... 75%(Reading database ... 80%(Reading database ... 85%(Reading database ... 90%(Reading database ... 95%(Reading database ... 100%(Reading database ... 72019 files and directories currently installed.)
Preparing to replace libc6-dev 2.15-0ubuntu10.10 (using .../libc6-dev_2.15-0ubuntu10.15_amd64.deb) ...
Unpacking replacement libc6-dev ...
Preparing to replace libc-dev-bin 2.15-0ubuntu10.10 (using .../libc-dev-bin_2.15-0ubuntu10.15_amd64.deb) ...
Unpacking replacement libc-dev-bin ...
Preparing to replace libc-bin 2.15-0ubuntu10.10 (using .../libc-bin_2.15-0ubuntu10.15_amd64.deb) ...
Unpacking replacement libc-bin ...
Processing triggers for man-db ...
Setting up libc-bin (2.15-0ubuntu10.15) ...
(Reading database ... (Reading database ... 5%(Reading database ... 10%(Reading database ... 15%(Reading database ... 20%(Reading database ... 25%(Reading database ... 30%(Reading database ... 35%(Reading database ... 40%(Reading database ... 45%(Reading database ... 50%(Reading database ... 55%(Reading database ... 60%(Reading database ... 65%(Reading database ... 70%(Reading database ... 75%(Reading database ... 80%(Reading database ... 85%(Reading database ... 90%(Reading database ... 95%(Reading database ... 100%(Reading database ... 72018 files and directories currently installed.)
Preparing to replace libc6 2.15-0ubuntu10.10 (using .../libc6_2.15-0ubuntu10.15_amd64.deb) ...
Unpacking replacement libc6 ...
Setting up libc6 (2.15-0ubuntu10.15) ...
Setting up libc-dev-bin (2.15-0ubuntu10.15) ...
Setting up libc6-dev (2.15-0ubuntu10.15) ...
Processing triggers for libc-bin ...
ldconfig deferred processing now taking place
travis_fold:end:fix.CVE-2015-7547[0Ktravis_fold:start:git.checkout[0Ktravis_time:start:056ea424[0K$ git clone --depth=50 --branch=master https://github.com/square/retrofit.git square/retrofit
Cloning into 'square/retrofit'...
remote: Counting objects: 1222, done.[K
remote: Compressing objects:   0% (1/659)   [Kremote: Compressing objects:   1% (7/659)   [Kremote: Compressing objects:   2% (14/659)   [Kremote: Compressing objects:   3% (20/659)   [Kremote: Compressing objects:   4% (27/659)   [Kremote: Compressing objects:   5% (33/659)   [Kremote: Compressing objects:   6% (40/659)   [Kremote: Compressing objects:   7% (47/659)   [Kremote: Compressing objects:   8% (53/659)   [Kremote: Compressing objects:   9% (60/659)   [Kremote: Compressing objects:  10% (66/659)   [Kremote: Compressing objects:  11% (73/659)   [Kremote: Compressing objects:  12% (80/659)   [Kremote: Compressing objects:  13% (86/659)   [Kremote: Compressing objects:  14% (93/659)   [Kremote: Compressing objects:  15% (99/659)   [Kremote: Compressing objects:  16% (106/659)   [Kremote: Compressing objects:  17% (113/659)   [Kremote: Compressing objects:  18% (119/659)   [Kremote: Compressing objects:  19% (126/659)   [Kremote: Compressing objects:  20% (132/659)   [Kremote: Compressing objects:  21% (139/659)   [Kremote: Compressing objects:  22% (145/659)   [Kremote: Compressing objects:  23% (152/659)   [Kremote: Compressing objects:  24% (159/659)   [Kremote: Compressing objects:  25% (165/659)   [Kremote: Compressing objects:  26% (172/659)   [Kremote: Compressing objects:  27% (178/659)   [Kremote: Compressing objects:  28% (185/659)   [Kremote: Compressing objects:  29% (192/659)   [Kremote: Compressing objects:  30% (198/659)   [Kremote: Compressing objects:  31% (205/659)   [Kremote: Compressing objects:  32% (211/659)   [Kremote: Compressing objects:  33% (218/659)   [Kremote: Compressing objects:  34% (225/659)   [Kremote: Compressing objects:  35% (231/659)   [Kremote: Compressing objects:  36% (238/659)   [Kremote: Compressing objects:  37% (244/659)   [Kremote: Compressing objects:  38% (251/659)   [Kremote: Compressing objects:  39% (258/659)   [Kremote: Compressing objects:  40% (264/659)   [Kremote: Compressing objects:  41% (271/659)   [Kremote: Compressing objects:  42% (277/659)   [Kremote: Compressing objects:  43% (284/659)   [Kremote: Compressing objects:  44% (290/659)   [Kremote: Compressing objects:  45% (297/659)   [Kremote: Compressing objects:  46% (304/659)   [Kremote: Compressing objects:  47% (310/659)   [Kremote: Compressing objects:  48% (317/659)   [Kremote: Compressing objects:  49% (323/659)   [Kremote: Compressing objects:  50% (330/659)   [Kremote: Compressing objects:  51% (337/659)   [Kremote: Compressing objects:  52% (343/659)   [Kremote: Compressing objects:  53% (350/659)   [Kremote: Compressing objects:  54% (356/659)   [Kremote: Compressing objects:  55% (363/659)   [Kremote: Compressing objects:  56% (370/659)   [Kremote: Compressing objects:  57% (376/659)   [Kremote: Compressing objects:  58% (383/659)   [Kremote: Compressing objects:  59% (389/659)   [Kremote: Compressing objects:  60% (396/659)   [Kremote: Compressing objects:  61% (402/659)   [Kremote: Compressing objects:  62% (409/659)   [Kremote: Compressing objects:  63% (416/659)   [Kremote: Compressing objects:  64% (422/659)   [Kremote: Compressing objects:  65% (429/659)   [Kremote: Compressing objects:  66% (435/659)   [Kremote: Compressing objects:  67% (442/659)   [Kremote: Compressing objects:  68% (449/659)   [Kremote: Compressing objects:  69% (455/659)   [Kremote: Compressing objects:  70% (462/659)   [Kremote: Compressing objects:  71% (468/659)   [Kremote: Compressing objects:  72% (475/659)   [Kremote: Compressing objects:  73% (482/659)   [Kremote: Compressing objects:  74% (488/659)   [Kremote: Compressing objects:  75% (495/659)   [Kremote: Compressing objects:  76% (501/659)   [Kremote: Compressing objects:  77% (508/659)   [Kremote: Compressing objects:  78% (515/659)   [Kremote: Compressing objects:  79% (521/659)   [Kremote: Compressing objects:  80% (528/659)   [Kremote: Compressing objects:  81% (534/659)   [Kremote: Compressing objects:  82% (541/659)   [Kremote: Compressing objects:  83% (547/659)   [Kremote: Compressing objects:  84% (554/659)   [Kremote: Compressing objects:  85% (561/659)   [Kremote: Compressing objects:  86% (567/659)   [Kremote: Compressing objects:  87% (574/659)   [Kremote: Compressing objects:  88% (580/659)   [Kremote: Compressing objects:  89% (587/659)   [Kremote: Compressing objects:  90% (594/659)   [Kremote: Compressing objects:  91% (600/659)   [Kremote: Compressing objects:  92% (607/659)   [Kremote: Compressing objects:  93% (613/659)   [Kremote: Compressing objects:  94% (620/659)   [Kremote: Compressing objects:  95% (627/659)   [Kremote: Compressing objects:  96% (633/659)   [Kremote: Compressing objects:  97% (640/659)   [Kremote: Compressing objects:  98% (646/659)   [Kremote: Compressing objects:  99% (653/659)   [Kremote: Compressing objects: 100% (659/659)   [Kremote: Compressing objects: 100% (659/659), done.[K
Receiving objects:   0% (1/1222)   Receiving objects:   1% (13/1222)   Receiving objects:   2% (25/1222)   Receiving objects:   3% (37/1222)   Receiving objects:   4% (49/1222)   Receiving objects:   5% (62/1222)   Receiving objects:   6% (74/1222)   Receiving objects:   7% (86/1222)   Receiving objects:   8% (98/1222)   Receiving objects:   9% (110/1222)   Receiving objects:  10% (123/1222)   Receiving objects:  11% (135/1222)   Receiving objects:  12% (147/1222)   Receiving objects:  13% (159/1222)   Receiving objects:  14% (172/1222)   Receiving objects:  15% (184/1222)   Receiving objects:  16% (196/1222)   Receiving objects:  17% (208/1222)   Receiving objects:  18% (220/1222)   Receiving objects:  19% (233/1222)   Receiving objects:  20% (245/1222)   Receiving objects:  21% (257/1222)   Receiving objects:  22% (269/1222)   Receiving objects:  23% (282/1222)   Receiving objects:  24% (294/1222)   Receiving objects:  25% (306/1222)   Receiving objects:  26% (318/1222)   Receiving objects:  27% (330/1222)   Receiving objects:  28% (343/1222)   Receiving objects:  29% (355/1222)   Receiving objects:  30% (367/1222)   Receiving objects:  31% (379/1222)   Receiving objects:  32% (392/1222)   Receiving objects:  33% (404/1222)   Receiving objects:  34% (416/1222)   Receiving objects:  35% (428/1222)   Receiving objects:  36% (440/1222)   Receiving objects:  37% (453/1222)   Receiving objects:  38% (465/1222)   Receiving objects:  39% (477/1222)   Receiving objects:  40% (489/1222)   Receiving objects:  41% (502/1222)   Receiving objects:  42% (514/1222)   Receiving objects:  43% (526/1222)   Receiving objects:  44% (538/1222)   Receiving objects:  45% (550/1222)   Receiving objects:  46% (563/1222)   Receiving objects:  47% (575/1222)   Receiving objects:  48% (587/1222)   Receiving objects:  49% (599/1222)   Receiving objects:  50% (611/1222)   Receiving objects:  51% (624/1222)   Receiving objects:  52% (636/1222)   Receiving objects:  53% (648/1222)   Receiving objects:  54% (660/1222)   Receiving objects:  55% (673/1222)   Receiving objects:  56% (685/1222)   Receiving objects:  57% (697/1222)   Receiving objects:  58% (709/1222)   Receiving objects:  59% (721/1222)   Receiving objects:  60% (734/1222)   Receiving objects:  61% (746/1222)   Receiving objects:  62% (758/1222)   Receiving objects:  63% (770/1222)   Receiving objects:  64% (783/1222)   Receiving objects:  65% (795/1222)   Receiving objects:  66% (807/1222)   Receiving objects:  67% (819/1222)   remote: Total 1222 (delta 472), reused 959 (delta 282), pack-reused 0[K
Receiving objects:  68% (831/1222)   Receiving objects:  69% (844/1222)   Receiving objects:  70% (856/1222)   Receiving objects:  71% (868/1222)   Receiving objects:  72% (880/1222)   Receiving objects:  73% (893/1222)   Receiving objects:  74% (905/1222)   Receiving objects:  75% (917/1222)   Receiving objects:  76% (929/1222)   Receiving objects:  77% (941/1222)   Receiving objects:  78% (954/1222)   Receiving objects:  79% (966/1222)   Receiving objects:  80% (978/1222)   Receiving objects:  81% (990/1222)   Receiving objects:  82% (1003/1222)   Receiving objects:  83% (1015/1222)   Receiving objects:  84% (1027/1222)   Receiving objects:  85% (1039/1222)   Receiving objects:  86% (1051/1222)   Receiving objects:  87% (1064/1222)   Receiving objects:  88% (1076/1222)   Receiving objects:  89% (1088/1222)   Receiving objects:  90% (1100/1222)   Receiving objects:  91% (1113/1222)   Receiving objects:  92% (1125/1222)   Receiving objects:  93% (1137/1222)   Receiving objects:  94% (1149/1222)   Receiving objects:  95% (1161/1222)   Receiving objects:  96% (1174/1222)   Receiving objects:  97% (1186/1222)   Receiving objects:  98% (1198/1222)   Receiving objects:  99% (1210/1222)   Receiving objects: 100% (1222/1222)   Receiving objects: 100% (1222/1222), 321.88 KiB | 0 bytes/s, done.
Resolving deltas:   0% (0/472)   Resolving deltas:   2% (11/472)   Resolving deltas:   3% (16/472)   Resolving deltas:   6% (31/472)   Resolving deltas:  31% (148/472)   Resolving deltas:  34% (165/472)   Resolving deltas:  35% (167/472)   Resolving deltas:  36% (171/472)   Resolving deltas:  38% (184/472)   Resolving deltas:  40% (191/472)   Resolving deltas:  41% (194/472)   Resolving deltas:  44% (212/472)   Resolving deltas:  46% (220/472)   Resolving deltas:  47% (222/472)   Resolving deltas:  49% (233/472)   Resolving deltas:  51% (242/472)   Resolving deltas:  53% (252/472)   Resolving deltas:  54% (255/472)   Resolving deltas:  55% (260/472)   Resolving deltas:  56% (265/472)   Resolving deltas:  61% (288/472)   Resolving deltas:  62% (293/472)   Resolving deltas:  63% (298/472)   Resolving deltas:  64% (305/472)   Resolving deltas:  65% (308/472)   Resolving deltas:  67% (317/472)   Resolving deltas:  68% (324/472)   Resolving deltas:  69% (329/472)   Resolving deltas:  70% (333/472)   Resolving deltas:  73% (346/472)   Resolving deltas:  77% (366/472)   Resolving deltas:  79% (374/472)   Resolving deltas:  81% (384/472)   Resolving deltas:  83% (392/472)   Resolving deltas:  84% (398/472)   Resolving deltas:  96% (454/472)   Resolving deltas:  98% (463/472)   Resolving deltas:  99% (468/472)   Resolving deltas: 100% (472/472)   Resolving deltas: 100% (472/472), done.
Checking connectivity... done.

travis_time:end:056ea424:start=1465964914623675927,finish=1465964915094904002,duration=471228075[0K$ cd square/retrofit
$ git checkout -qf fd2f2e24a9e3aae3f7f6a832da3bb6fc22362577
travis_fold:end:git.checkout[0K
[33;1mThis job is running on container-based infrastructure, which does not allow use of 'sudo', setuid and setguid executables.[0m
[33;1mIf you require sudo, add 'sudo: required' to your .travis.yml[0m
[33;1mSee https://docs.travis-ci.com/user/workers/container-based-infrastructure/ for details.[0m

[33;1mSetting environment variables from .travis.yml[0m
$ export CI_DEPLOY_USERNAME=[secure]
$ export CI_DEPLOY_PASSWORD=[secure]

$ jdk_switcher use oraclejdk8
Switching to Oracle JDK8 (java-8-oracle), JAVA_HOME will be set to /usr/lib/jvm/java-8-oracle
travis_fold:start:cache.1[0KSetting up build cache
$ export CASHER_DIR=$HOME/.casher
travis_time:start:3230af32[0K$ Installing caching utilities

travis_time:end:3230af32:start=1465964917424418014,finish=1465964917480429329,duration=56011315[0Ktravis_time:start:01b8fba4[0K
travis_time:end:01b8fba4:start=1465964917485205726,finish=1465964917488511688,duration=3305962[0Ktravis_time:start:09f7b762[0K[32;1mattempting to download cache archive[0m
[32;1mfetching master/cache-linux-precise-e3b0c44298fc1c149afbf4c8996fb92427ae41e4649b934ca495991b7852b855--jdk-oraclejdk8.tgz[0m
[32;1mfound cache[0m

travis_time:end:09f7b762:start=1465964917492253314,finish=1465964919603257321,duration=2111004007[0Ktravis_time:start:0b929c98[0K
travis_time:end:0b929c98:start=1465964919607349271,finish=1465964919610780140,duration=3430869[0Ktravis_time:start:00183718[0K[32;1madding /home/travis/.m2 to cache[0m

travis_time:end:00183718:start=1465964919614745291,finish=1465964922229511272,duration=2614765981[0Ktravis_fold:end:cache.1[0K$ java -Xmx32m -version
java version "1.8.0_31"
Java(TM) SE Runtime Environment (build 1.8.0_31-b13)
Java HotSpot(TM) 64-Bit Server VM (build 25.31-b07, mixed mode)
$ javac -J-Xmx32m -version
javac 1.8.0_31
travis_fold:start:install[0Ktravis_time:start:00da2938[0K$ mvn install -DskipTests=true -Dmaven.javadoc.skip=true -B -V
Java HotSpot(TM) 64-Bit Server VM warning: ignoring option MaxPermSize=192m; support was removed in 8.0
Apache Maven 3.2.5 (12a6b3acb947671f09b81f49094c53f426d8cea1; 2014-12-14T17:29:23+00:00)
Maven home: /usr/local/maven
Java version: 1.8.0_31, vendor: Oracle Corporation
Java home: /usr/lib/jvm/java-8-oracle/jre
Default locale: en_US, platform encoding: UTF-8
OS name: "linux", version: "3.13.0-40-generic", arch: "amd64", family: "unix"
[INFO] Scanning for projects...
[WARNING] 
[WARNING] Some problems were encountered while building the effective model for com.squareup.retrofit2:samples:jar:2.1.0
[WARNING] 'build.plugins.plugin.version' for org.apache.maven.plugins:maven-deploy-plugin is missing. @ com.squareup.retrofit2:samples:[unknown-version], /home/travis/build/square/retrofit/samples/pom.xml, line 55, column 15
[WARNING] 
[WARNING] It is highly recommended to fix these problems because they threaten the stability of your build.
[WARNING] 
[WARNING] For this reason, future Maven versions might no longer support building such malformed projects.
[WARNING] 
[INFO] ------------------------------------------------------------------------
[INFO] Reactor Build Order:
[INFO] 
[INFO] Retrofit (Parent)
[INFO] Retrofit
[INFO] Adapters
[INFO] Adapter: Guava
[INFO] Adapter: Java 8
[INFO] Adapter: RxJava
[INFO] Converters
[INFO] Converter: Gson
[INFO] Converter: Protocol Buffers
[INFO] Converter: Jackson
[INFO] Converter: Wire Protocol Buffers
[INFO] Converter: SimpleXML
[INFO] Converter: Java Scalars
[INFO] Converter: Moshi
[INFO] Retrofit Mock Adapter
[INFO] Samples
[INFO]                                                                         
[INFO] ------------------------------------------------------------------------
[INFO] Building Retrofit (Parent) 2.1.0
[INFO] ------------------------------------------------------------------------
[INFO] 
[INFO] --- maven-enforcer-plugin:1.0:enforce (enforce-maven) @ parent ---
[INFO] 
[INFO] --- animal-sniffer-maven-plugin:1.14:check (default) @ parent ---
[INFO] Checking unresolved references to org.codehaus.mojo.signature:java16:1.1
[INFO] 
[INFO] --- maven-javadoc-plugin:2.10.3:jar (attach-javadocs) @ parent ---
[INFO] Skipping javadoc generation
[INFO] 
[INFO] --- maven-checkstyle-plugin:2.15:checkstyle (default) @ parent ---
[INFO] 
[INFO] --- maven-install-plugin:2.4:install (default-install) @ parent ---
[INFO] Installing /home/travis/build/square/retrofit/pom.xml to /home/travis/.m2/repository/com/squareup/retrofit2/parent/2.1.0/parent-2.1.0.pom
[INFO]                                                                         
[INFO] ------------------------------------------------------------------------
[INFO] Building Retrofit 2.1.0
[INFO] ------------------------------------------------------------------------
[INFO] 
[INFO] --- maven-enforcer-plugin:1.0:enforce (enforce-maven) @ retrofit ---
[INFO] 
[INFO] --- maven-resources-plugin:2.6:resources (default-resources) @ retrofit ---
[INFO] Using 'UTF-8' encoding to copy filtered resources.
[INFO] skip non existing resourceDirectory /home/travis/build/square/retrofit/retrofit/src/main/resources
[INFO] 
[INFO] --- maven-compiler-plugin:3.0:compile (default-compile) @ retrofit ---
[INFO] Changes detected - recompiling the module!
[INFO] Compiling 40 source files to /home/travis/build/square/retrofit/retrofit/target/classes
[WARNING] /home/travis/build/square/retrofit/retrofit/src/main/java/retrofit2/Retrofit.java: Some input files use unchecked or unsafe operations.
[WARNING] /home/travis/build/square/retrofit/retrofit/src/main/java/retrofit2/Retrofit.java: Recompile with -Xlint:unchecked for details.
[INFO] 
[INFO] --- maven-resources-plugin:2.6:testResources (default-testResources) @ retrofit ---
[INFO] Using 'UTF-8' encoding to copy filtered resources.
[INFO] skip non existing resourceDirectory /home/travis/build/square/retrofit/retrofit/src/test/resources
[INFO] 
[INFO] --- maven-compiler-plugin:3.0:testCompile (default-testCompile) @ retrofit ---
[INFO] Changes detected - recompiling the module!
[INFO] Compiling 14 source files to /home/travis/build/square/retrofit/retrofit/target/test-classes
[WARNING] /home/travis/build/square/retrofit/retrofit/src/test/java/retrofit2/RetrofitTest.java: /home/travis/build/square/retrofit/retrofit/src/test/java/retrofit2/RetrofitTest.java uses unchecked or unsafe operations.
[WARNING] /home/travis/build/square/retrofit/retrofit/src/test/java/retrofit2/RetrofitTest.java: Recompile with -Xlint:unchecked for details.
[INFO] 
[INFO] --- maven-surefire-plugin:2.12.4:test (default-test) @ retrofit ---
[INFO] Tests are skipped.
[INFO] 
[INFO] --- animal-sniffer-maven-plugin:1.14:check (default) @ retrofit ---
[INFO] Checking unresolved references to org.codehaus.mojo.signature:java16:1.1
[INFO] 
[INFO] --- maven-jar-plugin:2.4:jar (default-jar) @ retrofit ---
[INFO] Building jar: /home/travis/build/square/retrofit/retrofit/target/retrofit-2.1.0.jar
[INFO] 
[INFO] --- maven-javadoc-plugin:2.10.3:jar (attach-javadocs) @ retrofit ---
[INFO] Skipping javadoc generation
[INFO] 
[INFO] --- maven-checkstyle-plugin:2.15:checkstyle (default) @ retrofit ---
[INFO] Starting audit...
Audit done.
[WARNING] Unable to locate Source XRef to link to - DISABLED
[INFO] 
[INFO] --- maven-install-plugin:2.4:install (default-install) @ retrofit ---
[INFO] Installing /home/travis/build/square/retrofit/retrofit/target/retrofit-2.1.0.jar to /home/travis/.m2/repository/com/squareup/retrofit2/retrofit/2.1.0/retrofit-2.1.0.jar
[INFO] Installing /home/travis/build/square/retrofit/retrofit/pom.xml to /home/travis/.m2/repository/com/squareup/retrofit2/retrofit/2.1.0/retrofit-2.1.0.pom
[INFO]                                                                         
[INFO] ------------------------------------------------------------------------
[INFO] Building Adapters 2.1.0
[INFO] ------------------------------------------------------------------------
[INFO] 
[INFO] --- maven-enforcer-plugin:1.0:enforce (enforce-maven) @ retrofit-adapters ---
[INFO] 
[INFO] --- animal-sniffer-maven-plugin:1.14:check (default) @ retrofit-adapters ---
[INFO] Checking unresolved references to org.codehaus.mojo.signature:java16:1.1
[INFO] 
[INFO] --- maven-javadoc-plugin:2.10.3:jar (attach-javadocs) @ retrofit-adapters ---
[INFO] Skipping javadoc generation
[INFO] 
[INFO] --- maven-checkstyle-plugin:2.15:checkstyle (default) @ retrofit-adapters ---
[INFO] 
[INFO] --- maven-install-plugin:2.4:install (default-install) @ retrofit-adapters ---
[INFO] Installing /home/travis/build/square/retrofit/retrofit-adapters/pom.xml to /home/travis/.m2/repository/com/squareup/retrofit2/retrofit-adapters/2.1.0/retrofit-adapters-2.1.0.pom
[INFO]                                                                         
[INFO] ------------------------------------------------------------------------
[INFO] Building Adapter: Guava 2.1.0
[INFO] ------------------------------------------------------------------------
[INFO] 
[INFO] --- maven-enforcer-plugin:1.0:enforce (enforce-maven) @ adapter-guava ---
[INFO] 
[INFO] --- maven-resources-plugin:2.6:resources (default-resources) @ adapter-guava ---
[INFO] Using 'UTF-8' encoding to copy filtered resources.
[INFO] skip non existing resourceDirectory /home/travis/build/square/retrofit/retrofit-adapters/guava/src/main/resources
[INFO] 
[INFO] --- maven-compiler-plugin:3.0:compile (default-compile) @ adapter-guava ---
[INFO] Changes detected - recompiling the module!
[INFO] Compiling 2 source files to /home/travis/build/square/retrofit/retrofit-adapters/guava/target/classes
[INFO] 
[INFO] --- maven-resources-plugin:2.6:testResources (default-testResources) @ adapter-guava ---
[INFO] Using 'UTF-8' encoding to copy filtered resources.
[INFO] skip non existing resourceDirectory /home/travis/build/square/retrofit/retrofit-adapters/guava/src/test/resources
[INFO] 
[INFO] --- maven-compiler-plugin:3.0:testCompile (default-testCompile) @ adapter-guava ---
[INFO] Changes detected - recompiling the module!
[INFO] Compiling 3 source files to /home/travis/build/square/retrofit/retrofit-adapters/guava/target/test-classes
[INFO] 
[INFO] --- maven-surefire-plugin:2.12.4:test (default-test) @ adapter-guava ---
[INFO] Tests are skipped.
[INFO] 
[INFO] --- animal-sniffer-maven-plugin:1.14:check (default) @ adapter-guava ---
[INFO] Checking unresolved references to org.codehaus.mojo.signature:java16:1.1
[INFO] 
[INFO] --- maven-jar-plugin:2.4:jar (default-jar) @ adapter-guava ---
[INFO] Building jar: /home/travis/build/square/retrofit/retrofit-adapters/guava/target/adapter-guava-2.1.0.jar
[INFO] 
[INFO] --- maven-javadoc-plugin:2.10.3:jar (attach-javadocs) @ adapter-guava ---
[INFO] Skipping javadoc generation
[INFO] 
[INFO] --- maven-checkstyle-plugin:2.15:checkstyle (default) @ adapter-guava ---
[INFO] Starting audit...
Audit done.
[WARNING] Unable to locate Source XRef to link to - DISABLED
[INFO] 
[INFO] --- maven-install-plugin:2.4:install (default-install) @ adapter-guava ---
[INFO] Installing /home/travis/build/square/retrofit/retrofit-adapters/guava/target/adapter-guava-2.1.0.jar to /home/travis/.m2/repository/com/squareup/retrofit2/adapter-guava/2.1.0/adapter-guava-2.1.0.jar
[INFO] Installing /home/travis/build/square/retrofit/retrofit-adapters/guava/pom.xml to /home/travis/.m2/repository/com/squareup/retrofit2/adapter-guava/2.1.0/adapter-guava-2.1.0.pom
[INFO]                                                                         
[INFO] ------------------------------------------------------------------------
[INFO] Building Adapter: Java 8 2.1.0
[INFO] ------------------------------------------------------------------------
[INFO] 
[INFO] --- maven-enforcer-plugin:1.0:enforce (enforce-maven) @ adapter-java8 ---
[INFO] 
[INFO] --- maven-resources-plugin:2.6:resources (default-resources) @ adapter-java8 ---
[INFO] Using 'UTF-8' encoding to copy filtered resources.
[INFO] skip non existing resourceDirectory /home/travis/build/square/retrofit/retrofit-adapters/java8/src/main/resources
[INFO] 
[INFO] --- maven-compiler-plugin:3.0:compile (default-compile) @ adapter-java8 ---
[INFO] Changes detected - recompiling the module!
[INFO] Compiling 2 source files to /home/travis/build/square/retrofit/retrofit-adapters/java8/target/classes
[INFO] 
[INFO] --- maven-resources-plugin:2.6:testResources (default-testResources) @ adapter-java8 ---
[INFO] Using 'UTF-8' encoding to copy filtered resources.
[INFO] skip non existing resourceDirectory /home/travis/build/square/retrofit/retrofit-adapters/java8/src/test/resources
[INFO] 
[INFO] --- maven-compiler-plugin:3.0:testCompile (default-testCompile) @ adapter-java8 ---
[INFO] Changes detected - recompiling the module!
[INFO] Compiling 3 source files to /home/travis/build/square/retrofit/retrofit-adapters/java8/target/test-classes
[INFO] 
[INFO] --- maven-surefire-plugin:2.12.4:test (default-test) @ adapter-java8 ---
[INFO] Tests are skipped.
[INFO] 
[INFO] --- animal-sniffer-maven-plugin:1.14:check (default) @ adapter-java8 ---
[INFO] Checking unresolved references to org.kaazing.mojo.signature:java18:1.0
[INFO] 
[INFO] --- maven-jar-plugin:2.4:jar (default-jar) @ adapter-java8 ---
[INFO] Building jar: /home/travis/build/square/retrofit/retrofit-adapters/java8/target/adapter-java8-2.1.0.jar
[INFO] 
[INFO] --- maven-javadoc-plugin:2.10.3:jar (attach-javadocs) @ adapter-java8 ---
[INFO] Skipping javadoc generation
[INFO] 
[INFO] --- maven-checkstyle-plugin:2.15:checkstyle (default) @ adapter-java8 ---
[INFO] Starting audit...
Audit done.
[WARNING] Unable to locate Source XRef to link to - DISABLED
[INFO] 
[INFO] --- maven-install-plugin:2.4:install (default-install) @ adapter-java8 ---
[INFO] Installing /home/travis/build/square/retrofit/retrofit-adapters/java8/target/adapter-java8-2.1.0.jar to /home/travis/.m2/repository/com/squareup/retrofit2/adapter-java8/2.1.0/adapter-java8-2.1.0.jar
[INFO] Installing /home/travis/build/square/retrofit/retrofit-adapters/java8/pom.xml to /home/travis/.m2/repository/com/squareup/retrofit2/adapter-java8/2.1.0/adapter-java8-2.1.0.pom
[INFO]                                                                         
[INFO] ------------------------------------------------------------------------
[INFO] Building Adapter: RxJava 2.1.0
[INFO] ------------------------------------------------------------------------
[INFO] Downloading: http://repo.maven.apache.org/maven2/io/reactivex/rxjava/1.1.5/rxjava-1.1.5.pom
[INFO] Downloaded: http://repo.maven.apache.org/maven2/io/reactivex/rxjava/1.1.5/rxjava-1.1.5.pom (3 KB at 14.2 KB/sec)
[INFO] Downloading: http://repo.maven.apache.org/maven2/io/reactivex/rxjava/1.1.5/rxjava-1.1.5.jar
[INFO] Downloaded: http://repo.maven.apache.org/maven2/io/reactivex/rxjava/1.1.5/rxjava-1.1.5.jar (1028 KB at 10932.5 KB/sec)
[INFO] 
[INFO] --- maven-enforcer-plugin:1.0:enforce (enforce-maven) @ adapter-rxjava ---
[INFO] 
[INFO] --- maven-resources-plugin:2.6:resources (default-resources) @ adapter-rxjava ---
[INFO] Using 'UTF-8' encoding to copy filtered resources.
[INFO] skip non existing resourceDirectory /home/travis/build/square/retrofit/retrofit-adapters/rxjava/src/main/resources
[INFO] 
[INFO] --- maven-compiler-plugin:3.0:compile (default-compile) @ adapter-rxjava ---
[INFO] Changes detected - recompiling the module!
[INFO] Compiling 6 source files to /home/travis/build/square/retrofit/retrofit-adapters/rxjava/target/classes
[INFO] 
[INFO] --- maven-resources-plugin:2.6:testResources (default-testResources) @ adapter-rxjava ---
[INFO] Using 'UTF-8' encoding to copy filtered resources.
[INFO] skip non existing resourceDirectory /home/travis/build/square/retrofit/retrofit-adapters/rxjava/src/test/resources
[INFO] 
[INFO] --- maven-compiler-plugin:3.0:testCompile (default-testCompile) @ adapter-rxjava ---
[INFO] Changes detected - recompiling the module!
[INFO] Compiling 9 source files to /home/travis/build/square/retrofit/retrofit-adapters/rxjava/target/test-classes
[INFO] 
[INFO] --- maven-surefire-plugin:2.12.4:test (default-test) @ adapter-rxjava ---
[INFO] Tests are skipped.
[INFO] 
[INFO] --- animal-sniffer-maven-plugin:1.14:check (default) @ adapter-rxjava ---
[INFO] Checking unresolved references to org.codehaus.mojo.signature:java16:1.1
[INFO] 
[INFO] --- maven-jar-plugin:2.4:jar (default-jar) @ adapter-rxjava ---
[INFO] Building jar: /home/travis/build/square/retrofit/retrofit-adapters/rxjava/target/adapter-rxjava-2.1.0.jar
[INFO] 
[INFO] --- maven-javadoc-plugin:2.10.3:jar (attach-javadocs) @ adapter-rxjava ---
[INFO] Skipping javadoc generation
[INFO] 
[INFO] --- maven-checkstyle-plugin:2.15:checkstyle (default) @ adapter-rxjava ---
[INFO] Starting audit...
Audit done.
[WARNING] Unable to locate Source XRef to link to - DISABLED
[INFO] 
[INFO] --- maven-install-plugin:2.4:install (default-install) @ adapter-rxjava ---
[INFO] Installing /home/travis/build/square/retrofit/retrofit-adapters/rxjava/target/adapter-rxjava-2.1.0.jar to /home/travis/.m2/repository/com/squareup/retrofit2/adapter-rxjava/2.1.0/adapter-rxjava-2.1.0.jar
[INFO] Installing /home/travis/build/square/retrofit/retrofit-adapters/rxjava/pom.xml to /home/travis/.m2/repository/com/squareup/retrofit2/adapter-rxjava/2.1.0/adapter-rxjava-2.1.0.pom
[INFO]                                                                         
[INFO] ------------------------------------------------------------------------
[INFO] Building Converters 2.1.0
[INFO] ------------------------------------------------------------------------
[INFO] 
[INFO] --- maven-enforcer-plugin:1.0:enforce (enforce-maven) @ retrofit-converters ---
[INFO] 
[INFO] --- animal-sniffer-maven-plugin:1.14:check (default) @ retrofit-converters ---
[INFO] Checking unresolved references to org.codehaus.mojo.signature:java16:1.1
[INFO] 
[INFO] --- maven-javadoc-plugin:2.10.3:jar (attach-javadocs) @ retrofit-converters ---
[INFO] Skipping javadoc generation
[INFO] 
[INFO] --- maven-checkstyle-plugin:2.15:checkstyle (default) @ retrofit-converters ---
[INFO] 
[INFO] --- maven-install-plugin:2.4:install (default-install) @ retrofit-converters ---
[INFO] Installing /home/travis/build/square/retrofit/retrofit-converters/pom.xml to /home/travis/.m2/repository/com/squareup/retrofit2/retrofit-converters/2.1.0/retrofit-converters-2.1.0.pom
[INFO]                                                                         
[INFO] ------------------------------------------------------------------------
[INFO] Building Converter: Gson 2.1.0
[INFO] ------------------------------------------------------------------------
[INFO] Downloading: http://repo.maven.apache.org/maven2/com/google/code/gson/gson/2.7/gson-2.7.pom
[INFO] Downloaded: http://repo.maven.apache.org/maven2/com/google/code/gson/gson/2.7/gson-2.7.pom (2 KB at 64.1 KB/sec)
[INFO] Downloading: http://repo.maven.apache.org/maven2/com/google/code/gson/gson-parent/2.7/gson-parent-2.7.pom
[INFO] Downloaded: http://repo.maven.apache.org/maven2/com/google/code/gson/gson-parent/2.7/gson-parent-2.7.pom (4 KB at 105.9 KB/sec)
[INFO] Downloading: http://repo.maven.apache.org/maven2/com/google/code/gson/gson/2.7/gson-2.7.jar
[INFO] Downloaded: http://repo.maven.apache.org/maven2/com/google/code/gson/gson/2.7/gson-2.7.jar (227 KB at 6292.1 KB/sec)
[INFO] 
[INFO] --- maven-enforcer-plugin:1.0:enforce (enforce-maven) @ converter-gson ---
[INFO] 
[INFO] --- maven-resources-plugin:2.6:resources (default-resources) @ converter-gson ---
[INFO] Using 'UTF-8' encoding to copy filtered resources.
[INFO] skip non existing resourceDirectory /home/travis/build/square/retrofit/retrofit-converters/gson/src/main/resources
[INFO] 
[INFO] --- maven-compiler-plugin:3.0:compile (default-compile) @ converter-gson ---
[INFO] Changes detected - recompiling the module!
[INFO] Compiling 3 source files to /home/travis/build/square/retrofit/retrofit-converters/gson/target/classes
[INFO] 
[INFO] --- maven-resources-plugin:2.6:testResources (default-testResources) @ converter-gson ---
[INFO] Using 'UTF-8' encoding to copy filtered resources.
[INFO] skip non existing resourceDirectory /home/travis/build/square/retrofit/retrofit-converters/gson/src/test/resources
[INFO] 
[INFO] --- maven-compiler-plugin:3.0:testCompile (default-testCompile) @ converter-gson ---
[INFO] Changes detected - recompiling the module!
[INFO] Compiling 1 source file to /home/travis/build/square/retrofit/retrofit-converters/gson/target/test-classes
[INFO] 
[INFO] --- maven-surefire-plugin:2.12.4:test (default-test) @ converter-gson ---
[INFO] Tests are skipped.
[INFO] 
[INFO] --- animal-sniffer-maven-plugin:1.14:check (default) @ converter-gson ---
[INFO] Checking unresolved references to org.codehaus.mojo.signature:java16:1.1
[INFO] 
[INFO] --- maven-jar-plugin:2.4:jar (default-jar) @ converter-gson ---
[INFO] Building jar: /home/travis/build/square/retrofit/retrofit-converters/gson/target/converter-gson-2.1.0.jar
[INFO] 
[INFO] --- maven-javadoc-plugin:2.10.3:jar (attach-javadocs) @ converter-gson ---
[INFO] Skipping javadoc generation
[INFO] 
[INFO] --- maven-checkstyle-plugin:2.15:checkstyle (default) @ converter-gson ---
[INFO] Starting audit...
Audit done.
[WARNING] Unable to locate Source XRef to link to - DISABLED
[INFO] 
[INFO] --- maven-install-plugin:2.4:install (default-install) @ converter-gson ---
[INFO] Installing /home/travis/build/square/retrofit/retrofit-converters/gson/target/converter-gson-2.1.0.jar to /home/travis/.m2/repository/com/squareup/retrofit2/converter-gson/2.1.0/converter-gson-2.1.0.jar
[INFO] Installing /home/travis/build/square/retrofit/retrofit-converters/gson/pom.xml to /home/travis/.m2/repository/com/squareup/retrofit2/converter-gson/2.1.0/converter-gson-2.1.0.pom
[INFO]                                                                         
[INFO] ------------------------------------------------------------------------
[INFO] Building Converter: Protocol Buffers 2.1.0
[INFO] ------------------------------------------------------------------------
[INFO] 
[INFO] --- maven-enforcer-plugin:1.0:enforce (enforce-maven) @ converter-protobuf ---
[INFO] 
[INFO] --- maven-resources-plugin:2.6:resources (default-resources) @ converter-protobuf ---
[INFO] Using 'UTF-8' encoding to copy filtered resources.
[INFO] skip non existing resourceDirectory /home/travis/build/square/retrofit/retrofit-converters/protobuf/src/main/resources
[INFO] 
[INFO] --- maven-compiler-plugin:3.0:compile (default-compile) @ converter-protobuf ---
[INFO] Changes detected - recompiling the module!
[INFO] Compiling 3 source files to /home/travis/build/square/retrofit/retrofit-converters/protobuf/target/classes
[WARNING] /home/travis/build/square/retrofit/retrofit-converters/protobuf/src/main/java/retrofit2/converter/protobuf/ProtoConverterFactory.java: /home/travis/build/square/retrofit/retrofit-converters/protobuf/src/main/java/retrofit2/converter/protobuf/ProtoConverterFactory.java uses unchecked or unsafe operations.
[WARNING] /home/travis/build/square/retrofit/retrofit-converters/protobuf/src/main/java/retrofit2/converter/protobuf/ProtoConverterFactory.java: Recompile with -Xlint:unchecked for details.
[INFO] 
[INFO] --- maven-resources-plugin:2.6:testResources (default-testResources) @ converter-protobuf ---
[INFO] Using 'UTF-8' encoding to copy filtered resources.
[INFO] skip non existing resourceDirectory /home/travis/build/square/retrofit/retrofit-converters/protobuf/src/test/resources
[INFO] 
[INFO] --- maven-compiler-plugin:3.0:testCompile (default-testCompile) @ converter-protobuf ---
[INFO] Changes detected - recompiling the module!
[INFO] Compiling 2 source files to /home/travis/build/square/retrofit/retrofit-converters/protobuf/target/test-classes
[INFO] 
[INFO] --- maven-surefire-plugin:2.12.4:test (default-test) @ converter-protobuf ---
[INFO] Tests are skipped.
[INFO] 
[INFO] --- animal-sniffer-maven-plugin:1.14:check (default) @ converter-protobuf ---
[INFO] Checking unresolved references to org.codehaus.mojo.signature:java16:1.1
[INFO] 
[INFO] --- maven-jar-plugin:2.4:jar (default-jar) @ converter-protobuf ---
[INFO] Building jar: /home/travis/build/square/retrofit/retrofit-converters/protobuf/target/converter-protobuf-2.1.0.jar
[INFO] 
[INFO] --- maven-javadoc-plugin:2.10.3:jar (attach-javadocs) @ converter-protobuf ---
[INFO] Skipping javadoc generation
[INFO] 
[INFO] --- maven-checkstyle-plugin:2.15:checkstyle (default) @ converter-protobuf ---
[INFO] Starting audit...
Audit done.
[WARNING] Unable to locate Source XRef to link to - DISABLED
[INFO] 
[INFO] --- maven-install-plugin:2.4:install (default-install) @ converter-protobuf ---
[INFO] Installing /home/travis/build/square/retrofit/retrofit-converters/protobuf/target/converter-protobuf-2.1.0.jar to /home/travis/.m2/repository/com/squareup/retrofit2/converter-protobuf/2.1.0/converter-protobuf-2.1.0.jar
[INFO] Installing /home/travis/build/square/retrofit/retrofit-converters/protobuf/pom.xml to /home/travis/.m2/repository/com/squareup/retrofit2/converter-protobuf/2.1.0/converter-protobuf-2.1.0.pom
[INFO]                                                                         
[INFO] ------------------------------------------------------------------------
[INFO] Building Converter: Jackson 2.1.0
[INFO] ------------------------------------------------------------------------
[INFO] 
[INFO] --- maven-enforcer-plugin:1.0:enforce (enforce-maven) @ converter-jackson ---
[INFO] 
[INFO] --- maven-resources-plugin:2.6:resources (default-resources) @ converter-jackson ---
[INFO] Using 'UTF-8' encoding to copy filtered resources.
[INFO] skip non existing resourceDirectory /home/travis/build/square/retrofit/retrofit-converters/jackson/src/main/resources
[INFO] 
[INFO] --- maven-compiler-plugin:3.0:compile (default-compile) @ converter-jackson ---
[INFO] Changes detected - recompiling the module!
[INFO] Compiling 3 source files to /home/travis/build/square/retrofit/retrofit-converters/jackson/target/classes
[WARNING] /home/travis/build/square/retrofit/retrofit-converters/jackson/src/main/java/retrofit2/converter/jackson/JacksonConverterFactory.java: /home/travis/build/square/retrofit/retrofit-converters/jackson/src/main/java/retrofit2/converter/jackson/JacksonConverterFactory.java uses or overrides a deprecated API.
[WARNING] /home/travis/build/square/retrofit/retrofit-converters/jackson/src/main/java/retrofit2/converter/jackson/JacksonConverterFactory.java: Recompile with -Xlint:deprecation for details.
[INFO] 
[INFO] --- maven-resources-plugin:2.6:testResources (default-testResources) @ converter-jackson ---
[INFO] Using 'UTF-8' encoding to copy filtered resources.
[INFO] skip non existing resourceDirectory /home/travis/build/square/retrofit/retrofit-converters/jackson/src/test/resources
[INFO] 
[INFO] --- maven-compiler-plugin:3.0:testCompile (default-testCompile) @ converter-jackson ---
[INFO] Changes detected - recompiling the module!
[INFO] Compiling 1 source file to /home/travis/build/square/retrofit/retrofit-converters/jackson/target/test-classes
[WARNING] /home/travis/build/square/retrofit/retrofit-converters/jackson/src/test/java/retrofit2/converter/jackson/JacksonConverterFactoryTest.java: /home/travis/build/square/retrofit/retrofit-converters/jackson/src/test/java/retrofit2/converter/jackson/JacksonConverterFactoryTest.java uses or overrides a deprecated API.
[WARNING] /home/travis/build/square/retrofit/retrofit-converters/jackson/src/test/java/retrofit2/converter/jackson/JacksonConverterFactoryTest.java: Recompile with -Xlint:deprecation for details.
[INFO] 
[INFO] --- maven-surefire-plugin:2.12.4:test (default-test) @ converter-jackson ---
[INFO] Tests are skipped.
[INFO] 
[INFO] --- animal-sniffer-maven-plugin:1.14:check (default) @ converter-jackson ---
[INFO] Checking unresolved references to org.codehaus.mojo.signature:java16:1.1
[INFO] 
[INFO] --- maven-jar-plugin:2.4:jar (default-jar) @ converter-jackson ---
[INFO] Building jar: /home/travis/build/square/retrofit/retrofit-converters/jackson/target/converter-jackson-2.1.0.jar
[INFO] 
[INFO] --- maven-javadoc-plugin:2.10.3:jar (attach-javadocs) @ converter-jackson ---
[INFO] Skipping javadoc generation
[INFO] 
[INFO] --- maven-checkstyle-plugin:2.15:checkstyle (default) @ converter-jackson ---
[INFO] Starting audit...
Audit done.
[WARNING] Unable to locate Source XRef to link to - DISABLED
[INFO] 
[INFO] --- maven-install-plugin:2.4:install (default-install) @ converter-jackson ---
[INFO] Installing /home/travis/build/square/retrofit/retrofit-converters/jackson/target/converter-jackson-2.1.0.jar to /home/travis/.m2/repository/com/squareup/retrofit2/converter-jackson/2.1.0/converter-jackson-2.1.0.jar
[INFO] Installing /home/travis/build/square/retrofit/retrofit-converters/jackson/pom.xml to /home/travis/.m2/repository/com/squareup/retrofit2/converter-jackson/2.1.0/converter-jackson-2.1.0.pom
[INFO]                                                                         
[INFO] ------------------------------------------------------------------------
[INFO] Building Converter: Wire Protocol Buffers 2.1.0
[INFO] ------------------------------------------------------------------------
[INFO] Downloading: http://repo.maven.apache.org/maven2/com/squareup/wire/wire-runtime/2.2.0/wire-runtime-2.2.0.pom
[INFO] Downloaded: http://repo.maven.apache.org/maven2/com/squareup/wire/wire-runtime/2.2.0/wire-runtime-2.2.0.pom (3 KB at 45.6 KB/sec)
[INFO] Downloading: http://repo.maven.apache.org/maven2/com/squareup/wire/wire/2.2.0/wire-2.2.0.pom
[INFO] Downloaded: http://repo.maven.apache.org/maven2/com/squareup/wire/wire/2.2.0/wire-2.2.0.pom (6 KB at 144.5 KB/sec)
[INFO] Downloading: http://repo.maven.apache.org/maven2/com/squareup/wire/wire-runtime/2.2.0/wire-runtime-2.2.0.jar
[INFO] Downloaded: http://repo.maven.apache.org/maven2/com/squareup/wire/wire-runtime/2.2.0/wire-runtime-2.2.0.jar (56 KB at 1187.8 KB/sec)
[INFO] 
[INFO] --- maven-enforcer-plugin:1.0:enforce (enforce-maven) @ converter-wire ---
[INFO] 
[INFO] --- maven-resources-plugin:2.6:resources (default-resources) @ converter-wire ---
[INFO] Using 'UTF-8' encoding to copy filtered resources.
[INFO] skip non existing resourceDirectory /home/travis/build/square/retrofit/retrofit-converters/wire/src/main/resources
[INFO] 
[INFO] --- maven-compiler-plugin:3.0:compile (default-compile) @ converter-wire ---
[INFO] Changes detected - recompiling the module!
[INFO] Compiling 3 source files to /home/travis/build/square/retrofit/retrofit-converters/wire/target/classes
[WARNING] /home/travis/build/square/retrofit/retrofit-converters/wire/src/main/java/retrofit2/converter/wire/WireConverterFactory.java: /home/travis/build/square/retrofit/retrofit-converters/wire/src/main/java/retrofit2/converter/wire/WireConverterFactory.java uses unchecked or unsafe operations.
[WARNING] /home/travis/build/square/retrofit/retrofit-converters/wire/src/main/java/retrofit2/converter/wire/WireConverterFactory.java: Recompile with -Xlint:unchecked for details.
[INFO] 
[INFO] --- maven-resources-plugin:2.6:testResources (default-testResources) @ converter-wire ---
[INFO] Using 'UTF-8' encoding to copy filtered resources.
[INFO] skip non existing resourceDirectory /home/travis/build/square/retrofit/retrofit-converters/wire/src/test/resources
[INFO] 
[INFO] --- maven-compiler-plugin:3.0:testCompile (default-testCompile) @ converter-wire ---
[INFO] Changes detected - recompiling the module!
[INFO] Compiling 2 source files to /home/travis/build/square/retrofit/retrofit-converters/wire/target/test-classes
[INFO] 
[INFO] --- maven-surefire-plugin:2.12.4:test (default-test) @ converter-wire ---
[INFO] Tests are skipped.
[INFO] 
[INFO] --- animal-sniffer-maven-plugin:1.14:check (default) @ converter-wire ---
[INFO] Checking unresolved references to org.codehaus.mojo.signature:java16:1.1
[INFO] 
[INFO] --- maven-jar-plugin:2.4:jar (default-jar) @ converter-wire ---
[INFO] Building jar: /home/travis/build/square/retrofit/retrofit-converters/wire/target/converter-wire-2.1.0.jar
[INFO] 
[INFO] --- maven-javadoc-plugin:2.10.3:jar (attach-javadocs) @ converter-wire ---
[INFO] Skipping javadoc generation
[INFO] 
[INFO] --- maven-checkstyle-plugin:2.15:checkstyle (default) @ converter-wire ---
[INFO] Starting audit...
Audit done.
[WARNING] Unable to locate Source XRef to link to - DISABLED
[INFO] 
[INFO] --- maven-install-plugin:2.4:install (default-install) @ converter-wire ---
[INFO] Installing /home/travis/build/square/retrofit/retrofit-converters/wire/target/converter-wire-2.1.0.jar to /home/travis/.m2/repository/com/squareup/retrofit2/converter-wire/2.1.0/converter-wire-2.1.0.jar
[INFO] Installing /home/travis/build/square/retrofit/retrofit-converters/wire/pom.xml to /home/travis/.m2/repository/com/squareup/retrofit2/converter-wire/2.1.0/converter-wire-2.1.0.pom
[INFO]                                                                         
[INFO] ------------------------------------------------------------------------
[INFO] Building Converter: SimpleXML 2.1.0
[INFO] ------------------------------------------------------------------------
[INFO] 
[INFO] --- maven-enforcer-plugin:1.0:enforce (enforce-maven) @ converter-simplexml ---
[INFO] 
[INFO] --- maven-resources-plugin:2.6:resources (default-resources) @ converter-simplexml ---
[INFO] Using 'UTF-8' encoding to copy filtered resources.
[INFO] skip non existing resourceDirectory /home/travis/build/square/retrofit/retrofit-converters/simplexml/src/main/resources
[INFO] 
[INFO] --- maven-compiler-plugin:3.0:compile (default-compile) @ converter-simplexml ---
[INFO] Changes detected - recompiling the module!
[INFO] Compiling 3 source files to /home/travis/build/square/retrofit/retrofit-converters/simplexml/target/classes
[INFO] 
[INFO] --- maven-resources-plugin:2.6:testResources (default-testResources) @ converter-simplexml ---
[INFO] Using 'UTF-8' encoding to copy filtered resources.
[INFO] skip non existing resourceDirectory /home/travis/build/square/retrofit/retrofit-converters/simplexml/src/test/resources
[INFO] 
[INFO] --- maven-compiler-plugin:3.0:testCompile (default-testCompile) @ converter-simplexml ---
[INFO] Changes detected - recompiling the module!
[INFO] Compiling 2 source files to /home/travis/build/square/retrofit/retrofit-converters/simplexml/target/test-classes
[INFO] 
[INFO] --- maven-surefire-plugin:2.12.4:test (default-test) @ converter-simplexml ---
[INFO] Tests are skipped.
[INFO] 
[INFO] --- animal-sniffer-maven-plugin:1.14:check (default) @ converter-simplexml ---
[INFO] Checking unresolved references to org.codehaus.mojo.signature:java16:1.1
[INFO] 
[INFO] --- maven-jar-plugin:2.4:jar (default-jar) @ converter-simplexml ---
[INFO] Building jar: /home/travis/build/square/retrofit/retrofit-converters/simplexml/target/converter-simplexml-2.1.0.jar
[INFO] 
[INFO] --- maven-javadoc-plugin:2.10.3:jar (attach-javadocs) @ converter-simplexml ---
[INFO] Skipping javadoc generation
[INFO] 
[INFO] --- maven-checkstyle-plugin:2.15:checkstyle (default) @ converter-simplexml ---
[INFO] Starting audit...
Audit done.
[WARNING] Unable to locate Source XRef to link to - DISABLED
[INFO] 
[INFO] --- maven-install-plugin:2.4:install (default-install) @ converter-simplexml ---
[INFO] Installing /home/travis/build/square/retrofit/retrofit-converters/simplexml/target/converter-simplexml-2.1.0.jar to /home/travis/.m2/repository/com/squareup/retrofit2/converter-simplexml/2.1.0/converter-simplexml-2.1.0.jar
[INFO] Installing /home/travis/build/square/retrofit/retrofit-converters/simplexml/pom.xml to /home/travis/.m2/repository/com/squareup/retrofit2/converter-simplexml/2.1.0/converter-simplexml-2.1.0.pom
[INFO]                                                                         
[INFO] ------------------------------------------------------------------------
[INFO] Building Converter: Java Scalars 2.1.0
[INFO] ------------------------------------------------------------------------
[INFO] 
[INFO] --- maven-enforcer-plugin:1.0:enforce (enforce-maven) @ converter-scalars ---
[INFO] 
[INFO] --- maven-resources-plugin:2.6:resources (default-resources) @ converter-scalars ---
[INFO] Using 'UTF-8' encoding to copy filtered resources.
[INFO] skip non existing resourceDirectory /home/travis/build/square/retrofit/retrofit-converters/scalars/src/main/resources
[INFO] 
[INFO] --- maven-compiler-plugin:3.0:compile (default-compile) @ converter-scalars ---
[INFO] Changes detected - recompiling the module!
[INFO] Compiling 3 source files to /home/travis/build/square/retrofit/retrofit-converters/scalars/target/classes
[INFO] 
[INFO] --- maven-resources-plugin:2.6:testResources (default-testResources) @ converter-scalars ---
[INFO] Using 'UTF-8' encoding to copy filtered resources.
[INFO] skip non existing resourceDirectory /home/travis/build/square/retrofit/retrofit-converters/scalars/src/test/resources
[INFO] 
[INFO] --- maven-compiler-plugin:3.0:testCompile (default-testCompile) @ converter-scalars ---
[INFO] Changes detected - recompiling the module!
[INFO] Compiling 2 source files to /home/travis/build/square/retrofit/retrofit-converters/scalars/target/test-classes
[INFO] 
[INFO] --- maven-surefire-plugin:2.12.4:test (default-test) @ converter-scalars ---
[INFO] Tests are skipped.
[INFO] 
[INFO] --- animal-sniffer-maven-plugin:1.14:check (default) @ converter-scalars ---
[INFO] Checking unresolved references to org.codehaus.mojo.signature:java16:1.1
[INFO] 
[INFO] --- maven-jar-plugin:2.4:jar (default-jar) @ converter-scalars ---
[INFO] Building jar: /home/travis/build/square/retrofit/retrofit-converters/scalars/target/converter-scalars-2.1.0.jar
[INFO] 
[INFO] --- maven-javadoc-plugin:2.10.3:jar (attach-javadocs) @ converter-scalars ---
[INFO] Skipping javadoc generation
[INFO] 
[INFO] --- maven-checkstyle-plugin:2.15:checkstyle (default) @ converter-scalars ---
[INFO] Starting audit...
Audit done.
[WARNING] Unable to locate Source XRef to link to - DISABLED
[INFO] 
[INFO] --- maven-install-plugin:2.4:install (default-install) @ converter-scalars ---
[INFO] Installing /home/travis/build/square/retrofit/retrofit-converters/scalars/target/converter-scalars-2.1.0.jar to /home/travis/.m2/repository/com/squareup/retrofit2/converter-scalars/2.1.0/converter-scalars-2.1.0.jar
[INFO] Installing /home/travis/build/square/retrofit/retrofit-converters/scalars/pom.xml to /home/travis/.m2/repository/com/squareup/retrofit2/converter-scalars/2.1.0/converter-scalars-2.1.0.pom
[INFO]                                                                         
[INFO] ------------------------------------------------------------------------
[INFO] Building Converter: Moshi 2.1.0
[INFO] ------------------------------------------------------------------------
[INFO] 
[INFO] --- maven-enforcer-plugin:1.0:enforce (enforce-maven) @ converter-moshi ---
[INFO] 
[INFO] --- maven-resources-plugin:2.6:resources (default-resources) @ converter-moshi ---
[INFO] Using 'UTF-8' encoding to copy filtered resources.
[INFO] skip non existing resourceDirectory /home/travis/build/square/retrofit/retrofit-converters/moshi/src/main/resources
[INFO] 
[INFO] --- maven-compiler-plugin:3.0:compile (default-compile) @ converter-moshi ---
[INFO] Changes detected - recompiling the module!
[INFO] Compiling 3 source files to /home/travis/build/square/retrofit/retrofit-converters/moshi/target/classes
[INFO] 
[INFO] --- maven-resources-plugin:2.6:testResources (default-testResources) @ converter-moshi ---
[INFO] Using 'UTF-8' encoding to copy filtered resources.
[INFO] skip non existing resourceDirectory /home/travis/build/square/retrofit/retrofit-converters/moshi/src/test/resources
[INFO] 
[INFO] --- maven-compiler-plugin:3.0:testCompile (default-testCompile) @ converter-moshi ---
[INFO] Changes detected - recompiling the module!
[INFO] Compiling 1 source file to /home/travis/build/square/retrofit/retrofit-converters/moshi/target/test-classes
[INFO] 
[INFO] --- maven-surefire-plugin:2.12.4:test (default-test) @ converter-moshi ---
[INFO] Tests are skipped.
[INFO] 
[INFO] --- animal-sniffer-maven-plugin:1.14:check (default) @ converter-moshi ---
[INFO] Checking unresolved references to org.codehaus.mojo.signature:java16:1.1
[INFO] 
[INFO] --- maven-jar-plugin:2.4:jar (default-jar) @ converter-moshi ---
[INFO] Building jar: /home/travis/build/square/retrofit/retrofit-converters/moshi/target/converter-moshi-2.1.0.jar
[INFO] 
[INFO] --- maven-javadoc-plugin:2.10.3:jar (attach-javadocs) @ converter-moshi ---
[INFO] Skipping javadoc generation
[INFO] 
[INFO] --- maven-checkstyle-plugin:2.15:checkstyle (default) @ converter-moshi ---
[INFO] Starting audit...
Audit done.
[WARNING] Unable to locate Source XRef to link to - DISABLED
[INFO] 
[INFO] --- maven-install-plugin:2.4:install (default-install) @ converter-moshi ---
[INFO] Installing /home/travis/build/square/retrofit/retrofit-converters/moshi/target/converter-moshi-2.1.0.jar to /home/travis/.m2/repository/com/squareup/retrofit2/converter-moshi/2.1.0/converter-moshi-2.1.0.jar
[INFO] Installing /home/travis/build/square/retrofit/retrofit-converters/moshi/pom.xml to /home/travis/.m2/repository/com/squareup/retrofit2/converter-moshi/2.1.0/converter-moshi-2.1.0.pom
[INFO]                                                                         
[INFO] ------------------------------------------------------------------------
[INFO] Building Retrofit Mock Adapter 2.1.0
[INFO] ------------------------------------------------------------------------
[INFO] 
[INFO] --- maven-enforcer-plugin:1.0:enforce (enforce-maven) @ retrofit-mock ---
[INFO] 
[INFO] --- maven-resources-plugin:2.6:resources (default-resources) @ retrofit-mock ---
[INFO] Using 'UTF-8' encoding to copy filtered resources.
[INFO] skip non existing resourceDirectory /home/travis/build/square/retrofit/retrofit-mock/src/main/resources
[INFO] 
[INFO] --- maven-compiler-plugin:3.0:compile (default-compile) @ retrofit-mock ---
[INFO] Changes detected - recompiling the module!
[INFO] Compiling 5 source files to /home/travis/build/square/retrofit/retrofit-mock/target/classes
[INFO] 
[INFO] --- maven-resources-plugin:2.6:testResources (default-testResources) @ retrofit-mock ---
[INFO] Using 'UTF-8' encoding to copy filtered resources.
[INFO] skip non existing resourceDirectory /home/travis/build/square/retrofit/retrofit-mock/src/test/resources
[INFO] 
[INFO] --- maven-compiler-plugin:3.0:testCompile (default-testCompile) @ retrofit-mock ---
[INFO] Changes detected - recompiling the module!
[INFO] Compiling 3 source files to /home/travis/build/square/retrofit/retrofit-mock/target/test-classes
[INFO] 
[INFO] --- maven-surefire-plugin:2.12.4:test (default-test) @ retrofit-mock ---
[INFO] Tests are skipped.
[INFO] 
[INFO] --- animal-sniffer-maven-plugin:1.14:check (default) @ retrofit-mock ---
[INFO] Checking unresolved references to org.codehaus.mojo.signature:java16:1.1
[INFO] 
[INFO] --- maven-jar-plugin:2.4:jar (default-jar) @ retrofit-mock ---
[INFO] Building jar: /home/travis/build/square/retrofit/retrofit-mock/target/retrofit-mock-2.1.0.jar
[INFO] 
[INFO] --- maven-javadoc-plugin:2.10.3:jar (attach-javadocs) @ retrofit-mock ---
[INFO] Skipping javadoc generation
[INFO] 
[INFO] --- maven-checkstyle-plugin:2.15:checkstyle (default) @ retrofit-mock ---
[INFO] Starting audit...
Audit done.
[WARNING] Unable to locate Source XRef to link to - DISABLED
[INFO] 
[INFO] --- maven-install-plugin:2.4:install (default-install) @ retrofit-mock ---
[INFO] Installing /home/travis/build/square/retrofit/retrofit-mock/target/retrofit-mock-2.1.0.jar to /home/travis/.m2/repository/com/squareup/retrofit2/retrofit-mock/2.1.0/retrofit-mock-2.1.0.jar
[INFO] Installing /home/travis/build/square/retrofit/retrofit-mock/pom.xml to /home/travis/.m2/repository/com/squareup/retrofit2/retrofit-mock/2.1.0/retrofit-mock-2.1.0.pom
[INFO]                                                                         
[INFO] ------------------------------------------------------------------------
[INFO] Building Samples 2.1.0
[INFO] ------------------------------------------------------------------------
[INFO] 
[INFO] --- maven-enforcer-plugin:1.0:enforce (enforce-maven) @ samples ---
[INFO] 
[INFO] --- maven-resources-plugin:2.6:resources (default-resources) @ samples ---
[INFO] Using 'UTF-8' encoding to copy filtered resources.
[INFO] skip non existing resourceDirectory /home/travis/build/square/retrofit/samples/src/main/resources
[INFO] 
[INFO] --- maven-compiler-plugin:3.0:compile (default-compile) @ samples ---
[INFO] Changes detected - recompiling the module!
[INFO] Compiling 9 source files to /home/travis/build/square/retrofit/samples/target/classes
[INFO] 
[INFO] --- maven-resources-plugin:2.6:testResources (default-testResources) @ samples ---
[INFO] Using 'UTF-8' encoding to copy filtered resources.
[INFO] skip non existing resourceDirectory /home/travis/build/square/retrofit/samples/src/test/resources
[INFO] 
[INFO] --- maven-compiler-plugin:3.0:testCompile (default-testCompile) @ samples ---
[INFO] No sources to compile
[INFO] 
[INFO] --- maven-surefire-plugin:2.12.4:test (default-test) @ samples ---
[INFO] Tests are skipped.
[INFO] 
[INFO] --- animal-sniffer-maven-plugin:1.14:check (default) @ samples ---
[INFO] Checking unresolved references to org.codehaus.mojo.signature:java16:1.1
[INFO] 
[INFO] --- maven-jar-plugin:2.4:jar (default-jar) @ samples ---
[INFO] Building jar: /home/travis/build/square/retrofit/samples/target/samples-2.1.0.jar
[INFO] 
[INFO] --- maven-javadoc-plugin:2.10.3:jar (attach-javadocs) @ samples ---
[INFO] Skipping javadoc generation
[INFO] 
[INFO] --- maven-checkstyle-plugin:2.15:checkstyle (default) @ samples ---
[INFO] Starting audit...
Audit done.
[WARNING] Unable to locate Source XRef to link to - DISABLED
[INFO] 
[INFO] --- maven-install-plugin:2.4:install (default-install) @ samples ---
[INFO] Installing /home/travis/build/square/retrofit/samples/target/samples-2.1.0.jar to /home/travis/.m2/repository/com/squareup/retrofit2/samples/2.1.0/samples-2.1.0.jar
[INFO] Installing /home/travis/build/square/retrofit/samples/pom.xml to /home/travis/.m2/repository/com/squareup/retrofit2/samples/2.1.0/samples-2.1.0.pom
[INFO] ------------------------------------------------------------------------
[INFO] Reactor Summary:
[INFO] 
[INFO] Retrofit (Parent) .................................. SUCCESS [  7.695 s]
[INFO] Retrofit ........................................... SUCCESS [ 23.429 s]
[INFO] Adapters ........................................... SUCCESS [  0.613 s]
[INFO] Adapter: Guava ..................................... SUCCESS [  4.658 s]
[INFO] Adapter: Java 8 .................................... SUCCESS [  2.074 s]
[INFO] Adapter: RxJava .................................... SUCCESS [  3.492 s]
[INFO] Converters ......................................... SUCCESS [  0.597 s]
[INFO] Converter: Gson .................................... SUCCESS [  1.146 s]
[INFO] Converter: Protocol Buffers ........................ SUCCESS [  1.139 s]
[INFO] Converter: Jackson ................................. SUCCESS [  1.078 s]
[INFO] Converter: Wire Protocol Buffers ................... SUCCESS [  1.373 s]
[INFO] Converter: SimpleXML ............................... SUCCESS [  1.120 s]
[INFO] Converter: Java Scalars ............................ SUCCESS [  1.217 s]
[INFO] Converter: Moshi ................................... SUCCESS [  1.062 s]
[INFO] Retrofit Mock Adapter .............................. SUCCESS [  1.347 s]
[INFO] Samples ............................................ SUCCESS [  2.077 s]
[INFO] ------------------------------------------------------------------------
[INFO] BUILD SUCCESS
[INFO] ------------------------------------------------------------------------
[INFO] Total time: 54.697 s
[INFO] Finished at: 2016-06-15T04:29:39+00:00
[INFO] Final Memory: 47M/423M
[INFO] ------------------------------------------------------------------------

travis_time:end:00da2938:start=1465964922719448949,finish=1465964982484256701,duration=59764807752[0Ktravis_fold:end:install[0Ktravis_time:start:152e3b08[0K$ mvn test -B
Java HotSpot(TM) 64-Bit Server VM warning: ignoring option MaxPermSize=192m; support was removed in 8.0
[INFO] Scanning for projects...
[WARNING] 
[WARNING] Some problems were encountered while building the effective model for com.squareup.retrofit2:samples:jar:2.1.0
[WARNING] 'build.plugins.plugin.version' for org.apache.maven.plugins:maven-deploy-plugin is missing. @ com.squareup.retrofit2:samples:[unknown-version], /home/travis/build/square/retrofit/samples/pom.xml, line 55, column 15
[WARNING] 
[WARNING] It is highly recommended to fix these problems because they threaten the stability of your build.
[WARNING] 
[WARNING] For this reason, future Maven versions might no longer support building such malformed projects.
[WARNING] 
[INFO] ------------------------------------------------------------------------
[INFO] Reactor Build Order:
[INFO] 
[INFO] Retrofit (Parent)
[INFO] Retrofit
[INFO] Adapters
[INFO] Adapter: Guava
[INFO] Adapter: Java 8
[INFO] Adapter: RxJava
[INFO] Converters
[INFO] Converter: Gson
[INFO] Converter: Protocol Buffers
[INFO] Converter: Jackson
[INFO] Converter: Wire Protocol Buffers
[INFO] Converter: SimpleXML
[INFO] Converter: Java Scalars
[INFO] Converter: Moshi
[INFO] Retrofit Mock Adapter
[INFO] Samples
[INFO]                                                                         
[INFO] ------------------------------------------------------------------------
[INFO] Building Retrofit (Parent) 2.1.0
[INFO] ------------------------------------------------------------------------
[INFO] 
[INFO] --- maven-enforcer-plugin:1.0:enforce (enforce-maven) @ parent ---
[INFO] 
[INFO] --- animal-sniffer-maven-plugin:1.14:check (default) @ parent ---
[INFO] Checking unresolved references to org.codehaus.mojo.signature:java16:1.1
[INFO]                                                                         
[INFO] ------------------------------------------------------------------------
[INFO] Building Retrofit 2.1.0
[INFO] ------------------------------------------------------------------------
[INFO] 
[INFO] --- maven-enforcer-plugin:1.0:enforce (enforce-maven) @ retrofit ---
[INFO] 
[INFO] --- maven-resources-plugin:2.6:resources (default-resources) @ retrofit ---
[INFO] Using 'UTF-8' encoding to copy filtered resources.
[INFO] skip non existing resourceDirectory /home/travis/build/square/retrofit/retrofit/src/main/resources
[INFO] 
[INFO] --- maven-compiler-plugin:3.0:compile (default-compile) @ retrofit ---
[INFO] Changes detected - recompiling the module!
[INFO] Compiling 40 source files to /home/travis/build/square/retrofit/retrofit/target/classes
[WARNING] /home/travis/build/square/retrofit/retrofit/src/main/java/retrofit2/Retrofit.java: Some input files use unchecked or unsafe operations.
[WARNING] /home/travis/build/square/retrofit/retrofit/src/main/java/retrofit2/Retrofit.java: Recompile with -Xlint:unchecked for details.
[INFO] 
[INFO] --- maven-resources-plugin:2.6:testResources (default-testResources) @ retrofit ---
[INFO] Using 'UTF-8' encoding to copy filtered resources.
[INFO] skip non existing resourceDirectory /home/travis/build/square/retrofit/retrofit/src/test/resources
[INFO] 
[INFO] --- maven-compiler-plugin:3.0:testCompile (default-testCompile) @ retrofit ---
[INFO] Changes detected - recompiling the module!
[INFO] Compiling 14 source files to /home/travis/build/square/retrofit/retrofit/target/test-classes
[WARNING] /home/travis/build/square/retrofit/retrofit/src/test/java/retrofit2/RetrofitTest.java: /home/travis/build/square/retrofit/retrofit/src/test/java/retrofit2/RetrofitTest.java uses unchecked or unsafe operations.
[WARNING] /home/travis/build/square/retrofit/retrofit/src/test/java/retrofit2/RetrofitTest.java: Recompile with -Xlint:unchecked for details.
[INFO] 
[INFO] --- maven-surefire-plugin:2.12.4:test (default-test) @ retrofit ---
[INFO] Surefire report directory: /home/travis/build/square/retrofit/retrofit/target/surefire-reports

-------------------------------------------------------
 T E S T S
-------------------------------------------------------
Running retrofit2.CallTest
Jun 15, 2016 4:29:59 AM okhttp3.mockwebserver.MockWebServer$3 execute
INFO: MockWebServer[38459] starting to accept connections
Jun 15, 2016 4:29:59 AM okhttp3.mockwebserver.MockWebServer$3 acceptConnections
INFO: MockWebServer[38459] done accepting connections: Socket closed
Jun 15, 2016 4:29:59 AM okhttp3.mockwebserver.MockWebServer$3 execute
INFO: MockWebServer[47483] starting to accept connections
Jun 15, 2016 4:29:59 AM okhttp3.mockwebserver.MockWebServer$4 processOneRequest
INFO: MockWebServer[47483] received request: GET / HTTP/1.1 and responded: HTTP/1.1 200 OK
Jun 15, 2016 4:29:59 AM okhttp3.mockwebserver.MockWebServer$3 acceptConnections
INFO: MockWebServer[47483] done accepting connections: Socket closed
Jun 15, 2016 4:29:59 AM okhttp3.mockwebserver.MockWebServer$3 execute
INFO: MockWebServer[47494] starting to accept connections
Jun 15, 2016 4:29:59 AM okhttp3.mockwebserver.MockWebServer$3 acceptConnections
INFO: MockWebServer[47494] done accepting connections: Socket closed
Jun 15, 2016 4:29:59 AM okhttp3.mockwebserver.MockWebServer$4 processOneRequest
INFO: MockWebServer[47494] received request: GET / HTTP/1.1 and responded: HTTP/1.1 404 Client Error
Jun 15, 2016 4:29:59 AM okhttp3.mockwebserver.MockWebServer$3 execute
INFO: MockWebServer[45346] starting to accept connections
Jun 15, 2016 4:29:59 AM okhttp3.mockwebserver.MockWebServer$3 acceptConnections
INFO: MockWebServer[45346] done accepting connections: Socket closed
Jun 15, 2016 4:29:59 AM okhttp3.mockwebserver.MockWebServer$4 processOneRequest
INFO: MockWebServer[45346] received request: POST /Hello HTTP/1.1 and responded: HTTP/1.1 200 OK
Jun 15, 2016 4:29:59 AM okhttp3.mockwebserver.MockWebServer$3 execute
INFO: MockWebServer[57832] starting to accept connections
Jun 15, 2016 4:29:59 AM okhttp3.mockwebserver.MockWebServer$3 acceptConnections
INFO: MockWebServer[57832] done accepting connections: Socket is closed
Jun 15, 2016 4:29:59 AM okhttp3.mockwebserver.MockWebServer$3 execute
INFO: MockWebServer[39817] starting to accept connections
Jun 15, 2016 4:29:59 AM okhttp3.mockwebserver.MockWebServer$3 acceptConnections
INFO: MockWebServer[39817] done accepting connections: Socket closed
Jun 15, 2016 4:29:59 AM okhttp3.mockwebserver.MockWebServer$3 execute
INFO: MockWebServer[43457] starting to accept connections
Jun 15, 2016 4:29:59 AM okhttp3.mockwebserver.MockWebServer$3 acceptConnections
INFO: MockWebServer[43457] done accepting connections: Socket closed
Jun 15, 2016 4:29:59 AM okhttp3.mockwebserver.MockWebServer$4 processOneRequest
INFO: MockWebServer[43457] received request: GET / HTTP/1.1 and responded: HTTP/1.1 200 OK
Jun 15, 2016 4:29:59 AM okhttp3.mockwebserver.MockWebServer$3 execute
INFO: MockWebServer[43605] starting to accept connections
Jun 15, 2016 4:29:59 AM okhttp3.mockwebserver.MockWebServer$3 acceptConnections
INFO: MockWebServer[43605] done accepting connections: Socket closed
Jun 15, 2016 4:29:59 AM okhttp3.mockwebserver.MockWebServer$4 processOneRequest
INFO: MockWebServer[43605] received request: GET / HTTP/1.1 and responded: HTTP/1.1 200 OK
Jun 15, 2016 4:29:59 AM okhttp3.mockwebserver.MockWebServer$3 execute
INFO: MockWebServer[43116] starting to accept connections
Jun 15, 2016 4:29:59 AM okhttp3.mockwebserver.MockWebServer$3 acceptConnections
INFO: MockWebServer[43116] done accepting connections: Socket is closed
Jun 15, 2016 4:29:59 AM okhttp3.mockwebserver.MockWebServer$3 execute
INFO: MockWebServer[51324] starting to accept connections
Jun 15, 2016 4:29:59 AM okhttp3.mockwebserver.MockWebServer$3 acceptConnections
INFO: MockWebServer[51324] done accepting connections: Socket closed
Jun 15, 2016 4:29:59 AM okhttp3.mockwebserver.MockWebServer$4 processOneRequest
INFO: MockWebServer[51324] received request: POST /Hello HTTP/1.1 and responded: HTTP/1.1 200 OK
Jun 15, 2016 4:29:59 AM okhttp3.mockwebserver.MockWebServer$3 execute
INFO: MockWebServer[43289] starting to accept connections
Jun 15, 2016 4:29:59 AM okhttp3.mockwebserver.MockWebServer$3 acceptConnections
INFO: MockWebServer[43289] done accepting connections: Socket closed
Jun 15, 2016 4:29:59 AM okhttp3.mockwebserver.MockWebServer$4 processOneRequest
INFO: MockWebServer[43289] received request: POST /Hello HTTP/1.1 and responded: HTTP/1.1 200 OK
Jun 15, 2016 4:29:59 AM okhttp3.mockwebserver.MockWebServer$3 execute
INFO: MockWebServer[40969] starting to accept connections
Jun 15, 2016 4:29:59 AM okhttp3.mockwebserver.MockWebServer$3 acceptConnections
INFO: MockWebServer[40969] done accepting connections: Socket closed
Jun 15, 2016 4:29:59 AM okhttp3.mockwebserver.MockWebServer$3 execute
INFO: MockWebServer[39566] starting to accept connections
Jun 15, 2016 4:29:59 AM okhttp3.mockwebserver.MockWebServer$4 processOneRequest
INFO: MockWebServer[39566] received request: GET / HTTP/1.1 and responded: HTTP/1.1 404 Client Error
Jun 15, 2016 4:29:59 AM okhttp3.mockwebserver.MockWebServer$3 acceptConnections
INFO: MockWebServer[39566] done accepting connections: Socket closed
Jun 15, 2016 4:29:59 AM okhttp3.mockwebserver.MockWebServer$3 execute
INFO: MockWebServer[52829] starting to accept connections
Jun 15, 2016 4:29:59 AM okhttp3.mockwebserver.MockWebServer$3 acceptConnections
INFO: MockWebServer[52829] done accepting connections: Socket closed
Jun 15, 2016 4:29:59 AM okhttp3.mockwebserver.MockWebServer$4 processOneRequest
INFO: MockWebServer[52829] received request: POST / HTTP/1.1 and responded: HTTP/1.1 200 OK
Jun 15, 2016 4:29:59 AM okhttp3.mockwebserver.MockWebServer$3 execute
INFO: MockWebServer[49671] starting to accept connections
Jun 15, 2016 4:29:59 AM okhttp3.mockwebserver.MockWebServer$3 acceptConnections
INFO: MockWebServer[49671] done accepting connections: Socket closed
Jun 15, 2016 4:29:59 AM okhttp3.mockwebserver.MockWebServer$4 processOneRequest
INFO: MockWebServer[49671] received request: GET / HTTP/1.1 and responded: HTTP/1.1 204 Nothin
Jun 15, 2016 4:29:59 AM okhttp3.mockwebserver.MockWebServer$3 execute
INFO: MockWebServer[51391] starting to accept connections
Jun 15, 2016 4:29:59 AM okhttp3.mockwebserver.MockWebServer$3 acceptConnections
INFO: MockWebServer[51391] done accepting connections: Socket is closed
Jun 15, 2016 4:29:59 AM okhttp3.mockwebserver.MockWebServer$3 execute
INFO: MockWebServer[50241] starting to accept connections
Jun 15, 2016 4:29:59 AM okhttp3.mockwebserver.MockWebServer$3 acceptConnections
INFO: MockWebServer[50241] done accepting connections: Socket closed
Jun 15, 2016 4:29:59 AM okhttp3.mockwebserver.MockWebServer$4 processOneRequest
INFO: MockWebServer[50241] received request: GET / HTTP/1.1 and responded: HTTP/1.1 200 OK
Jun 15, 2016 4:29:59 AM okhttp3.mockwebserver.MockWebServer$3 execute
INFO: MockWebServer[40137] starting to accept connections
Jun 15, 2016 4:29:59 AM okhttp3.mockwebserver.MockWebServer$3 acceptConnections
INFO: MockWebServer[40137] done accepting connections: Socket closed
Jun 15, 2016 4:29:59 AM okhttp3.mockwebserver.MockWebServer$4 processOneRequest
INFO: MockWebServer[40137] received request: POST /Hello HTTP/1.1 and responded: HTTP/1.1 200 OK
Jun 15, 2016 4:29:59 AM okhttp3.mockwebserver.MockWebServer$3 execute
INFO: MockWebServer[38197] starting to accept connections
Jun 15, 2016 4:29:59 AM okhttp3.mockwebserver.MockWebServer$4 processOneRequest
INFO: MockWebServer[38197] received request: GET / HTTP/1.1 and responded: HTTP/1.1 200 OK
Jun 15, 2016 4:29:59 AM okhttp3.mockwebserver.MockWebServer$3 acceptConnections
INFO: MockWebServer[38197] done accepting connections: Socket closed
Jun 15, 2016 4:30:00 AM okhttp3.mockwebserver.MockWebServer$3 execute
INFO: MockWebServer[57816] starting to accept connections
Jun 15, 2016 4:30:00 AM okhttp3.mockwebserver.MockWebServer$3 acceptConnections
INFO: MockWebServer[57816] done accepting connections: Socket closed
Jun 15, 2016 4:30:00 AM okhttp3.mockwebserver.MockWebServer$4 processOneRequest
INFO: MockWebServer[57816] received request: POST / HTTP/1.1 and responded: HTTP/1.1 200 OK
Jun 15, 2016 4:30:00 AM okhttp3.mockwebserver.MockWebServer$3 execute
INFO: MockWebServer[33059] starting to accept connections
Jun 15, 2016 4:30:00 AM okhttp3.mockwebserver.MockWebServer$3 acceptConnections
INFO: MockWebServer[33059] done accepting connections: Socket is closed
Jun 15, 2016 4:30:00 AM okhttp3.mockwebserver.MockWebServer$3 execute
INFO: MockWebServer[53829] starting to accept connections
Jun 15, 2016 4:30:00 AM okhttp3.mockwebserver.MockWebServer$3 acceptConnections
INFO: MockWebServer[53829] done accepting connections: Socket is closed
Jun 15, 2016 4:30:00 AM okhttp3.mockwebserver.MockWebServer$3 execute
INFO: MockWebServer[52295] starting to accept connections
Jun 15, 2016 4:30:00 AM okhttp3.mockwebserver.MockWebServer$3 acceptConnections
INFO: MockWebServer[52295] done accepting connections: Socket is closed
Jun 15, 2016 4:30:00 AM okhttp3.mockwebserver.MockWebServer$3 execute
INFO: MockWebServer[56082] starting to accept connections
Jun 15, 2016 4:30:00 AM okhttp3.mockwebserver.MockWebServer$3 acceptConnections
INFO: MockWebServer[56082] done accepting connections: Socket closed
Jun 15, 2016 4:30:00 AM okhttp3.mockwebserver.MockWebServer$4 processOneRequest
INFO: MockWebServer[56082] received request: GET / HTTP/1.1 and responded: HTTP/1.1 200 OK
Jun 15, 2016 4:30:00 AM okhttp3.mockwebserver.MockWebServer$3 execute
INFO: MockWebServer[33063] starting to accept connections
Jun 15, 2016 4:30:00 AM okhttp3.mockwebserver.MockWebServer$3 acceptConnections
INFO: MockWebServer[33063] done accepting connections: Socket closed
Jun 15, 2016 4:30:00 AM okhttp3.mockwebserver.MockWebServer$4 processOneRequest
INFO: MockWebServer[33063] received request: GET / HTTP/1.1 and responded: HTTP/1.1 200 OK
Jun 15, 2016 4:30:00 AM okhttp3.mockwebserver.MockWebServer$3 execute
INFO: MockWebServer[44805] starting to accept connections
Jun 15, 2016 4:30:00 AM okhttp3.mockwebserver.MockWebServer$3 acceptConnections
INFO: MockWebServer[44805] done accepting connections: Socket closed
Jun 15, 2016 4:30:00 AM okhttp3.mockwebserver.MockWebServer$4 processOneRequest
INFO: MockWebServer[44805] received request: GET / HTTP/1.1 and responded: HTTP/1.1 205 Nothin
Jun 15, 2016 4:30:00 AM okhttp3.mockwebserver.MockWebServer$3 execute
INFO: MockWebServer[40032] starting to accept connections
Jun 15, 2016 4:30:00 AM okhttp3.mockwebserver.MockWebServer$4 processOneRequest
INFO: MockWebServer[40032] received request: GET / HTTP/1.1 and responded: HTTP/1.1 200 OK
Jun 15, 2016 4:30:00 AM okhttp3.mockwebserver.MockWebServer$4 processOneRequest
INFO: MockWebServer[40032] received request: GET / HTTP/1.1 and responded: HTTP/1.1 200 OK
Jun 15, 2016 4:30:00 AM okhttp3.mockwebserver.MockWebServer$3 acceptConnections
INFO: MockWebServer[40032] done accepting connections: Socket closed
Jun 15, 2016 4:30:00 AM okhttp3.mockwebserver.MockWebServer$3 execute
INFO: MockWebServer[39842] starting to accept connections
Jun 15, 2016 4:30:00 AM okhttp3.mockwebserver.MockWebServer$4 processOneRequest
INFO: MockWebServer[39842] received request: GET / HTTP/1.1 and responded: HTTP/1.1 200 OK
Jun 15, 2016 4:30:00 AM okhttp3.mockwebserver.MockWebServer$3 acceptConnections
INFO: MockWebServer[39842] done accepting connections: Socket closed
Jun 15, 2016 4:30:00 AM okhttp3.mockwebserver.MockWebServer$3 execute
INFO: MockWebServer[38297] starting to accept connections
Jun 15, 2016 4:30:00 AM okhttp3.mockwebserver.MockWebServer$3 acceptConnections
INFO: MockWebServer[38297] done accepting connections: Socket closed
Jun 15, 2016 4:30:00 AM okhttp3.mockwebserver.MockWebServer$3 execute
INFO: MockWebServer[39481] starting to accept connections
Jun 15, 2016 4:30:00 AM okhttp3.mockwebserver.MockWebServer$3 acceptConnections
INFO: MockWebServer[39481] done accepting connections: Socket closed
Jun 15, 2016 4:30:00 AM okhttp3.mockwebserver.MockWebServer$3 execute
INFO: MockWebServer[55945] starting to accept connections
Jun 15, 2016 4:30:00 AM okhttp3.mockwebserver.MockWebServer$3 acceptConnections
INFO: MockWebServer[55945] done accepting connections: Socket is closed
Jun 15, 2016 4:30:00 AM okhttp3.mockwebserver.MockWebServer$3 execute
INFO: MockWebServer[55546] starting to accept connections
Jun 15, 2016 4:30:00 AM okhttp3.mockwebserver.MockWebServer$3 acceptConnections
INFO: MockWebServer[55546] done accepting connections: Socket closed
Jun 15, 2016 4:30:00 AM okhttp3.mockwebserver.MockWebServer$4 processOneRequest
INFO: MockWebServer[55546] received request: GET / HTTP/1.1 and responded: HTTP/1.1 200 OK
Jun 15, 2016 4:30:00 AM okhttp3.mockwebserver.MockWebServer$3 execute
INFO: MockWebServer[56134] starting to accept connections
Jun 15, 2016 4:30:00 AM okhttp3.mockwebserver.MockWebServer$3 acceptConnections
INFO: MockWebServer[56134] done accepting connections: Socket closed
Jun 15, 2016 4:30:00 AM okhttp3.mockwebserver.MockWebServer$4 processOneRequest
INFO: MockWebServer[56134] received request: GET / HTTP/1.1 and responded: HTTP/1.1 200 OK
Jun 15, 2016 4:30:00 AM okhttp3.mockwebserver.MockWebServer$3 execute
INFO: MockWebServer[49297] starting to accept connections
Jun 15, 2016 4:30:00 AM okhttp3.mockwebserver.MockWebServer$3 acceptConnections
INFO: MockWebServer[49297] done accepting connections: Socket closed
Jun 15, 2016 4:30:00 AM okhttp3.mockwebserver.MockWebServer$4 processOneRequest
INFO: MockWebServer[49297] received request: GET / HTTP/1.1 and responded: HTTP/1.1 200 OK
Tests run: 34, Failures: 0, Errors: 0, Skipped: 0, Time elapsed: 1.346 sec
Running retrofit2.RequestBuilderTest
Tests run: 139, Failures: 0, Errors: 0, Skipped: 2, Time elapsed: 0.384 sec
Running retrofit2.ExecutorCallAdapterFactoryTest
Tests run: 7, Failures: 0, Errors: 0, Skipped: 0, Time elapsed: 0.177 sec
Running retrofit2.ServiceMethodTest
Tests run: 1, Failures: 0, Errors: 0, Skipped: 0, Time elapsed: 0.014 sec
Running retrofit2.RetrofitTest
Jun 15, 2016 4:30:00 AM okhttp3.mockwebserver.MockWebServer$3 execute
INFO: MockWebServer[39745] starting to accept connections
Jun 15, 2016 4:30:00 AM okhttp3.mockwebserver.MockWebServer$3 acceptConnections
INFO: MockWebServer[39745] done accepting connections: Socket closed
Jun 15, 2016 4:30:00 AM okhttp3.mockwebserver.MockWebServer$3 execute
INFO: MockWebServer[59436] starting to accept connections
Jun 15, 2016 4:30:00 AM okhttp3.mockwebserver.MockWebServer$3 acceptConnections
INFO: MockWebServer[59436] done accepting connections: Socket closed
Jun 15, 2016 4:30:00 AM okhttp3.mockwebserver.MockWebServer$3 execute
INFO: MockWebServer[56489] starting to accept connections
Jun 15, 2016 4:30:00 AM okhttp3.mockwebserver.MockWebServer$3 acceptConnections
INFO: MockWebServer[56489] done accepting connections: Socket is closed
Jun 15, 2016 4:30:00 AM okhttp3.mockwebserver.MockWebServer$3 execute
INFO: MockWebServer[35833] starting to accept connections
Jun 15, 2016 4:30:00 AM okhttp3.mockwebserver.MockWebServer$3 acceptConnections
INFO: MockWebServer[35833] done accepting connections: Socket is closed
Jun 15, 2016 4:30:00 AM okhttp3.mockwebserver.MockWebServer$3 execute
INFO: MockWebServer[59089] starting to accept connections
Jun 15, 2016 4:30:00 AM okhttp3.mockwebserver.MockWebServer$3 acceptConnections
INFO: MockWebServer[59089] done accepting connections: Socket is closed
Jun 15, 2016 4:30:01 AM okhttp3.mockwebserver.MockWebServer$3 execute
INFO: MockWebServer[33550] starting to accept connections
Jun 15, 2016 4:30:01 AM okhttp3.mockwebserver.MockWebServer$3 acceptConnections
INFO: MockWebServer[33550] done accepting connections: Socket closed
Jun 15, 2016 4:30:01 AM okhttp3.mockwebserver.MockWebServer$4 processOneRequest
INFO: MockWebServer[33550] received request: GET / HTTP/1.1 and responded: HTTP/1.1 200 OK
Jun 15, 2016 4:30:01 AM okhttp3.mockwebserver.MockWebServer$3 execute
INFO: MockWebServer[32940] starting to accept connections
Jun 15, 2016 4:30:01 AM okhttp3.mockwebserver.MockWebServer$3 acceptConnections
INFO: MockWebServer[32940] done accepting connections: Socket is closed
Jun 15, 2016 4:30:01 AM okhttp3.mockwebserver.MockWebServer$3 execute
INFO: MockWebServer[50134] starting to accept connections
Jun 15, 2016 4:30:01 AM okhttp3.mockwebserver.MockWebServer$3 acceptConnections
INFO: MockWebServer[50134] done accepting connections: Socket is closed
Jun 15, 2016 4:30:01 AM okhttp3.mockwebserver.MockWebServer$3 execute
INFO: MockWebServer[60798] starting to accept connections
Jun 15, 2016 4:30:01 AM okhttp3.mockwebserver.MockWebServer$3 acceptConnections
INFO: MockWebServer[60798] done accepting connections: Socket is closed
Jun 15, 2016 4:30:01 AM okhttp3.mockwebserver.MockWebServer$3 execute
INFO: MockWebServer[50641] starting to accept connections
Jun 15, 2016 4:30:01 AM okhttp3.mockwebserver.MockWebServer$3 acceptConnections
INFO: MockWebServer[50641] done accepting connections: Socket is closed
Jun 15, 2016 4:30:01 AM okhttp3.mockwebserver.MockWebServer$3 execute
INFO: MockWebServer[44549] starting to accept connections
Jun 15, 2016 4:30:01 AM okhttp3.mockwebserver.MockWebServer$3 acceptConnections
INFO: MockWebServer[44549] done accepting connections: Socket is closed
Jun 15, 2016 4:30:01 AM okhttp3.mockwebserver.MockWebServer$3 execute
INFO: MockWebServer[43596] starting to accept connections
Jun 15, 2016 4:30:01 AM okhttp3.mockwebserver.MockWebServer$3 acceptConnections
INFO: MockWebServer[43596] done accepting connections: Socket is closed
Jun 15, 2016 4:30:01 AM okhttp3.mockwebserver.MockWebServer$3 execute
INFO: MockWebServer[39100] starting to accept connections
Jun 15, 2016 4:30:01 AM okhttp3.mockwebserver.MockWebServer$3 acceptConnections
INFO: MockWebServer[39100] done accepting connections: Socket is closed
Jun 15, 2016 4:30:01 AM okhttp3.mockwebserver.MockWebServer$3 execute
INFO: MockWebServer[43651] starting to accept connections
Jun 15, 2016 4:30:01 AM okhttp3.mockwebserver.MockWebServer$3 acceptConnections
INFO: MockWebServer[43651] done accepting connections: Socket is closed
Jun 15, 2016 4:30:01 AM okhttp3.mockwebserver.MockWebServer$3 execute
INFO: MockWebServer[54927] starting to accept connections
Jun 15, 2016 4:30:01 AM okhttp3.mockwebserver.MockWebServer$3 acceptConnections
INFO: MockWebServer[54927] done accepting connections: Socket is closed
Jun 15, 2016 4:30:01 AM okhttp3.mockwebserver.MockWebServer$3 execute
INFO: MockWebServer[56579] starting to accept connections
Jun 15, 2016 4:30:01 AM okhttp3.mockwebserver.MockWebServer$3 acceptConnections
INFO: MockWebServer[56579] done accepting connections: Socket closed
Jun 15, 2016 4:30:01 AM okhttp3.mockwebserver.MockWebServer$4 processOneRequest
INFO: MockWebServer[56579] received request: GET / HTTP/1.1 and responded: HTTP/1.1 200 OK
Jun 15, 2016 4:30:01 AM okhttp3.mockwebserver.MockWebServer$3 execute
INFO: MockWebServer[52334] starting to accept connections
Jun 15, 2016 4:30:01 AM okhttp3.mockwebserver.MockWebServer$3 acceptConnections
INFO: MockWebServer[52334] done accepting connections: Socket is closed
Jun 15, 2016 4:30:01 AM okhttp3.mockwebserver.MockWebServer$3 execute
INFO: MockWebServer[41925] starting to accept connections
Jun 15, 2016 4:30:01 AM okhttp3.mockwebserver.MockWebServer$3 acceptConnections
INFO: MockWebServer[41925] done accepting connections: Socket is closed
Jun 15, 2016 4:30:01 AM okhttp3.mockwebserver.MockWebServer$3 execute
INFO: MockWebServer[52679] starting to accept connections
Jun 15, 2016 4:30:01 AM okhttp3.mockwebserver.MockWebServer$3 acceptConnections
INFO: MockWebServer[52679] done accepting connections: Socket closed
Jun 15, 2016 4:30:01 AM okhttp3.mockwebserver.MockWebServer$4 processOneRequest
INFO: MockWebServer[52679] received request: GET / HTTP/1.1 and responded: HTTP/1.1 200 OK
Jun 15, 2016 4:30:01 AM okhttp3.mockwebserver.MockWebServer$3 execute
INFO: MockWebServer[36687] starting to accept connections
Jun 15, 2016 4:30:01 AM okhttp3.mockwebserver.MockWebServer$3 acceptConnections
INFO: MockWebServer[36687] done accepting connections: Socket is closed
Jun 15, 2016 4:30:01 AM okhttp3.mockwebserver.MockWebServer$3 execute
INFO: MockWebServer[55106] starting to accept connections
Jun 15, 2016 4:30:01 AM okhttp3.mockwebserver.MockWebServer$3 acceptConnections
INFO: MockWebServer[55106] done accepting connections: Socket closed
Jun 15, 2016 4:30:01 AM okhttp3.mockwebserver.MockWebServer$4 processOneRequest
INFO: MockWebServer[55106] received request: POST / HTTP/1.1 and responded: HTTP/1.1 200 OK
Jun 15, 2016 4:30:01 AM okhttp3.mockwebserver.MockWebServer$3 execute
INFO: MockWebServer[56671] starting to accept connections
Jun 15, 2016 4:30:01 AM okhttp3.mockwebserver.MockWebServer$3 acceptConnections
INFO: MockWebServer[56671] done accepting connections: Socket is closed
Jun 15, 2016 4:30:01 AM okhttp3.mockwebserver.MockWebServer$3 execute
INFO: MockWebServer[42768] starting to accept connections
Jun 15, 2016 4:30:01 AM okhttp3.mockwebserver.MockWebServer$3 acceptConnections
INFO: MockWebServer[42768] done accepting connections: Socket is closed
Jun 15, 2016 4:30:01 AM okhttp3.mockwebserver.MockWebServer$3 execute
INFO: MockWebServer[43155] starting to accept connections
Jun 15, 2016 4:30:01 AM okhttp3.mockwebserver.MockWebServer$3 acceptConnections
INFO: MockWebServer[43155] done accepting connections: Socket is closed
Jun 15, 2016 4:30:01 AM okhttp3.mockwebserver.MockWebServer$3 execute
INFO: MockWebServer[60485] starting to accept connections
Jun 15, 2016 4:30:01 AM okhttp3.mockwebserver.MockWebServer$3 acceptConnections
INFO: MockWebServer[60485] done accepting connections: Socket is closed
Jun 15, 2016 4:30:01 AM okhttp3.mockwebserver.MockWebServer$3 execute
INFO: MockWebServer[42431] starting to accept connections
Jun 15, 2016 4:30:01 AM okhttp3.mockwebserver.MockWebServer$3 acceptConnections
INFO: MockWebServer[42431] done accepting connections: Socket closed
Jun 15, 2016 4:30:01 AM okhttp3.mockwebserver.MockWebServer$3 execute
INFO: MockWebServer[36126] starting to accept connections
Jun 15, 2016 4:30:01 AM okhttp3.mockwebserver.MockWebServer$3 acceptConnections
INFO: MockWebServer[36126] done accepting connections: Socket is closed
Jun 15, 2016 4:30:01 AM okhttp3.mockwebserver.MockWebServer$3 execute
INFO: MockWebServer[44065] starting to accept connections
Jun 15, 2016 4:30:01 AM okhttp3.mockwebserver.MockWebServer$3 acceptConnections
INFO: MockWebServer[44065] done accepting connections: Socket is closed
Jun 15, 2016 4:30:01 AM okhttp3.mockwebserver.MockWebServer$3 execute
INFO: MockWebServer[50470] starting to accept connections
Jun 15, 2016 4:30:01 AM okhttp3.mockwebserver.MockWebServer$4 processOneRequest
INFO: MockWebServer[50470] received request: GET / HTTP/1.1 and responded: HTTP/1.1 200 OK
Jun 15, 2016 4:30:01 AM okhttp3.mockwebserver.MockWebServer$3 acceptConnections
INFO: MockWebServer[50470] done accepting connections: Socket closed
Jun 15, 2016 4:30:01 AM okhttp3.mockwebserver.MockWebServer$3 execute
INFO: MockWebServer[52423] starting to accept connections
Jun 15, 2016 4:30:01 AM okhttp3.mockwebserver.MockWebServer$3 acceptConnections
INFO: MockWebServer[52423] done accepting connections: Socket is closed
Jun 15, 2016 4:30:01 AM okhttp3.mockwebserver.MockWebServer$3 execute
INFO: MockWebServer[55034] starting to accept connections
Jun 15, 2016 4:30:01 AM okhttp3.mockwebserver.MockWebServer$3 acceptConnections
INFO: MockWebServer[55034] done accepting connections: Socket is closed
Jun 15, 2016 4:30:01 AM okhttp3.mockwebserver.MockWebServer$3 execute
INFO: MockWebServer[39730] starting to accept connections
Jun 15, 2016 4:30:01 AM okhttp3.mockwebserver.MockWebServer$3 acceptConnections
INFO: MockWebServer[39730] done accepting connections: Socket is closed
Jun 15, 2016 4:30:01 AM okhttp3.mockwebserver.MockWebServer$3 execute
INFO: MockWebServer[41576] starting to accept connections
Jun 15, 2016 4:30:01 AM okhttp3.mockwebserver.MockWebServer$3 acceptConnections
INFO: MockWebServer[41576] done accepting connections: Socket is closed
Jun 15, 2016 4:30:01 AM okhttp3.mockwebserver.MockWebServer$3 execute
INFO: MockWebServer[58102] starting to accept connections
Jun 15, 2016 4:30:01 AM okhttp3.mockwebserver.MockWebServer$4 processOneRequest
INFO: MockWebServer[58102] received request: GET / HTTP/1.1 and responded: HTTP/1.1 200 OK
Jun 15, 2016 4:30:01 AM okhttp3.mockwebserver.MockWebServer$4 processOneRequest
INFO: MockWebServer[58102] received request: GET / HTTP/1.1 and responded: HTTP/1.1 200 OK
Jun 15, 2016 4:30:01 AM okhttp3.mockwebserver.MockWebServer$3 acceptConnections
INFO: MockWebServer[58102] done accepting connections: Socket closed
Jun 15, 2016 4:30:01 AM okhttp3.mockwebserver.MockWebServer$3 execute
INFO: MockWebServer[48667] starting to accept connections
Jun 15, 2016 4:30:01 AM okhttp3.mockwebserver.MockWebServer$3 acceptConnections
INFO: MockWebServer[48667] done accepting connections: Socket is closed
Jun 15, 2016 4:30:01 AM okhttp3.mockwebserver.MockWebServer$3 execute
INFO: MockWebServer[36317] starting to accept connections
Jun 15, 2016 4:30:01 AM okhttp3.mockwebserver.MockWebServer$3 acceptConnections
INFO: MockWebServer[36317] done accepting connections: Socket is closed
Jun 15, 2016 4:30:01 AM okhttp3.mockwebserver.MockWebServer$3 execute
INFO: MockWebServer[37838] starting to accept connections
Jun 15, 2016 4:30:01 AM okhttp3.mockwebserver.MockWebServer$3 acceptConnections
INFO: MockWebServer[37838] done accepting connections: Socket is closed
Jun 15, 2016 4:30:01 AM okhttp3.mockwebserver.MockWebServer$3 execute
INFO: MockWebServer[42581] starting to accept connections
Jun 15, 2016 4:30:01 AM okhttp3.mockwebserver.MockWebServer$3 acceptConnections
INFO: MockWebServer[42581] done accepting connections: Socket is closed
Jun 15, 2016 4:30:01 AM okhttp3.mockwebserver.MockWebServer$3 execute
INFO: MockWebServer[51767] starting to accept connections
Jun 15, 2016 4:30:01 AM okhttp3.mockwebserver.MockWebServer$3 acceptConnections
INFO: MockWebServer[51767] done accepting connections: Socket is closed
Jun 15, 2016 4:30:01 AM okhttp3.mockwebserver.MockWebServer$3 execute
INFO: MockWebServer[46159] starting to accept connections
Jun 15, 2016 4:30:01 AM okhttp3.mockwebserver.MockWebServer$3 acceptConnections
INFO: MockWebServer[46159] done accepting connections: Socket is closed
Jun 15, 2016 4:30:01 AM okhttp3.mockwebserver.MockWebServer$3 execute
INFO: MockWebServer[56676] starting to accept connections
Jun 15, 2016 4:30:01 AM okhttp3.mockwebserver.MockWebServer$3 acceptConnections
INFO: MockWebServer[56676] done accepting connections: Socket closed
Jun 15, 2016 4:30:01 AM okhttp3.mockwebserver.MockWebServer$3 execute
INFO: MockWebServer[36627] starting to accept connections
Jun 15, 2016 4:30:01 AM okhttp3.mockwebserver.MockWebServer$3 acceptConnections
INFO: MockWebServer[36627] done accepting connections: Socket is closed
Jun 15, 2016 4:30:01 AM okhttp3.mockwebserver.MockWebServer$3 execute
INFO: MockWebServer[52249] starting to accept connections
Jun 15, 2016 4:30:01 AM okhttp3.mockwebserver.MockWebServer$3 acceptConnections
INFO: MockWebServer[52249] done accepting connections: Socket closed
Jun 15, 2016 4:30:01 AM okhttp3.mockwebserver.MockWebServer$3 execute
INFO: MockWebServer[40720] starting to accept connections
Jun 15, 2016 4:30:01 AM okhttp3.mockwebserver.MockWebServer$3 acceptConnections
INFO: MockWebServer[40720] done accepting connections: Socket is closed
Jun 15, 2016 4:30:01 AM okhttp3.mockwebserver.MockWebServer$3 execute
INFO: MockWebServer[53732] starting to accept connections
Jun 15, 2016 4:30:01 AM okhttp3.mockwebserver.MockWebServer$3 acceptConnections
INFO: MockWebServer[53732] done accepting connections: Socket is closed
Jun 15, 2016 4:30:01 AM okhttp3.mockwebserver.MockWebServer$3 execute
INFO: MockWebServer[45742] starting to accept connections
Jun 15, 2016 4:30:01 AM okhttp3.mockwebserver.MockWebServer$3 acceptConnections
INFO: MockWebServer[45742] done accepting connections: Socket is closed
Jun 15, 2016 4:30:01 AM okhttp3.mockwebserver.MockWebServer$3 execute
INFO: MockWebServer[32791] starting to accept connections
Jun 15, 2016 4:30:01 AM okhttp3.mockwebserver.MockWebServer$4 processOneRequest
INFO: MockWebServer[32791] received request: GET /?i=101 HTTP/1.1 and responded: HTTP/1.1 200 OK
Jun 15, 2016 4:30:01 AM okhttp3.mockwebserver.MockWebServer$4 processOneRequest
INFO: MockWebServer[32791] received request: GET /?i=201 HTTP/1.1 and responded: HTTP/1.1 200 OK
Jun 15, 2016 4:30:01 AM okhttp3.mockwebserver.MockWebServer$3 acceptConnections
INFO: MockWebServer[32791] done accepting connections: Socket closed
Jun 15, 2016 4:30:01 AM okhttp3.mockwebserver.MockWebServer$3 execute
INFO: MockWebServer[34309] starting to accept connections
Jun 15, 2016 4:30:01 AM okhttp3.mockwebserver.MockWebServer$3 acceptConnections
INFO: MockWebServer[34309] done accepting connections: Socket is closed
Jun 15, 2016 4:30:01 AM okhttp3.mockwebserver.MockWebServer$3 execute
INFO: MockWebServer[46846] starting to accept connections
Jun 15, 2016 4:30:01 AM okhttp3.mockwebserver.MockWebServer$3 acceptConnections
INFO: MockWebServer[46846] done accepting connections: Socket is closed
Jun 15, 2016 4:30:01 AM okhttp3.mockwebserver.MockWebServer$3 execute
INFO: MockWebServer[40210] starting to accept connections
Jun 15, 2016 4:30:01 AM okhttp3.mockwebserver.MockWebServer$3 acceptConnections
INFO: MockWebServer[40210] done accepting connections: Socket is closed
Jun 15, 2016 4:30:01 AM okhttp3.mockwebserver.MockWebServer$3 execute
INFO: MockWebServer[36497] starting to accept connections
Jun 15, 2016 4:30:01 AM okhttp3.mockwebserver.MockWebServer$3 acceptConnections
INFO: MockWebServer[36497] done accepting connections: Socket is closed
Jun 15, 2016 4:30:01 AM okhttp3.mockwebserver.MockWebServer$3 execute
INFO: MockWebServer[51805] starting to accept connections
Jun 15, 2016 4:30:01 AM okhttp3.mockwebserver.MockWebServer$3 acceptConnections
INFO: MockWebServer[51805] done accepting connections: Socket is closed
Jun 15, 2016 4:30:01 AM okhttp3.mockwebserver.MockWebServer$3 execute
INFO: MockWebServer[56984] starting to accept connections
Jun 15, 2016 4:30:01 AM okhttp3.mockwebserver.MockWebServer$3 acceptConnections
INFO: MockWebServer[56984] done accepting connections: Socket closed
Jun 15, 2016 4:30:01 AM okhttp3.mockwebserver.MockWebServer$3 execute
INFO: MockWebServer[51290] starting to accept connections
Jun 15, 2016 4:30:01 AM okhttp3.mockwebserver.MockWebServer$3 acceptConnections
INFO: MockWebServer[51290] done accepting connections: Socket is closed
Jun 15, 2016 4:30:01 AM okhttp3.mockwebserver.MockWebServer$3 execute
INFO: MockWebServer[45057] starting to accept connections
Jun 15, 2016 4:30:01 AM okhttp3.mockwebserver.MockWebServer$3 acceptConnections
INFO: MockWebServer[45057] done accepting connections: Socket is closed
Jun 15, 2016 4:30:01 AM okhttp3.mockwebserver.MockWebServer$3 execute
INFO: MockWebServer[48080] starting to accept connections
Jun 15, 2016 4:30:01 AM okhttp3.mockwebserver.MockWebServer$3 acceptConnections
INFO: MockWebServer[48080] done accepting connections: Socket is closed
Jun 15, 2016 4:30:01 AM okhttp3.mockwebserver.MockWebServer$3 execute
INFO: MockWebServer[57070] starting to accept connections
Jun 15, 2016 4:30:01 AM okhttp3.mockwebserver.MockWebServer$3 acceptConnections
INFO: MockWebServer[57070] done accepting connections: Socket is closed
Jun 15, 2016 4:30:01 AM okhttp3.mockwebserver.MockWebServer$3 execute
INFO: MockWebServer[59771] starting to accept connections
Jun 15, 2016 4:30:01 AM okhttp3.mockwebserver.MockWebServer$3 acceptConnections
INFO: MockWebServer[59771] done accepting connections: Socket is closed
Jun 15, 2016 4:30:01 AM okhttp3.mockwebserver.MockWebServer$3 execute
INFO: MockWebServer[35760] starting to accept connections
Jun 15, 2016 4:30:01 AM okhttp3.mockwebserver.MockWebServer$3 acceptConnections
INFO: MockWebServer[35760] done accepting connections: Socket is closed
Jun 15, 2016 4:30:01 AM okhttp3.mockwebserver.MockWebServer$3 execute
INFO: MockWebServer[51942] starting to accept connections
Jun 15, 2016 4:30:01 AM okhttp3.mockwebserver.MockWebServer$3 acceptConnections
INFO: MockWebServer[51942] done accepting connections: Socket is closed
Jun 15, 2016 4:30:01 AM okhttp3.mockwebserver.MockWebServer$3 execute
INFO: MockWebServer[40135] starting to accept connections
Jun 15, 2016 4:30:01 AM okhttp3.mockwebserver.MockWebServer$3 acceptConnections
INFO: MockWebServer[40135] done accepting connections: Socket is closed
Jun 15, 2016 4:30:01 AM okhttp3.mockwebserver.MockWebServer$3 execute
INFO: MockWebServer[44594] starting to accept connections
Jun 15, 2016 4:30:01 AM okhttp3.mockwebserver.MockWebServer$3 acceptConnections
INFO: MockWebServer[44594] done accepting connections: Socket is closed
Jun 15, 2016 4:30:01 AM okhttp3.mockwebserver.MockWebServer$3 execute
INFO: MockWebServer[39690] starting to accept connections
Jun 15, 2016 4:30:01 AM okhttp3.mockwebserver.MockWebServer$3 acceptConnections
INFO: MockWebServer[39690] done accepting connections: Socket is closed
Jun 15, 2016 4:30:01 AM okhttp3.mockwebserver.MockWebServer$3 execute
INFO: MockWebServer[48791] starting to accept connections
Jun 15, 2016 4:30:01 AM okhttp3.mockwebserver.MockWebServer$3 acceptConnections
INFO: MockWebServer[48791] done accepting connections: Socket is closed
Tests run: 64, Failures: 0, Errors: 0, Skipped: 0, Time elapsed: 0.624 sec
Running retrofit2.RequestBuilderAndroidTest
WARNING: No manifest file found at ./AndroidManifest.xml.Falling back to the Android OS resources only.
To remove this warning, annotate your test class with @Config(manifest=Config.NONE).
WARNING: No manifest file found at ./AndroidManifest.xml.Falling back to the Android OS resources only.
To remove this warning, annotate your test class with @Config(manifest=Config.NONE).
Tests run: 2, Failures: 0, Errors: 0, Skipped: 0, Time elapsed: 8.665 sec
Running retrofit2.CallAdapterTest
Tests run: 4, Failures: 0, Errors: 0, Skipped: 0, Time elapsed: 0.022 sec
Running retrofit2.ResponseTest
Tests run: 14, Failures: 0, Errors: 0, Skipped: 0, Time elapsed: 0.013 sec

Results :

Tests run: 265, Failures: 0, Errors: 0, Skipped: 2

[INFO] 
[INFO] --- animal-sniffer-maven-plugin:1.14:check (default) @ retrofit ---
[INFO] Checking unresolved references to org.codehaus.mojo.signature:java16:1.1
[INFO]                                                                         
[INFO] ------------------------------------------------------------------------
[INFO] Building Adapters 2.1.0
[INFO] ------------------------------------------------------------------------
[INFO] 
[INFO] --- maven-enforcer-plugin:1.0:enforce (enforce-maven) @ retrofit-adapters ---
[INFO] 
[INFO] --- animal-sniffer-maven-plugin:1.14:check (default) @ retrofit-adapters ---
[INFO] Checking unresolved references to org.codehaus.mojo.signature:java16:1.1
[INFO]                                                                         
[INFO] ------------------------------------------------------------------------
[INFO] Building Adapter: Guava 2.1.0
[INFO] ------------------------------------------------------------------------
[INFO] 
[INFO] --- maven-enforcer-plugin:1.0:enforce (enforce-maven) @ adapter-guava ---
[INFO] 
[INFO] --- maven-resources-plugin:2.6:resources (default-resources) @ adapter-guava ---
[INFO] Using 'UTF-8' encoding to copy filtered resources.
[INFO] skip non existing resourceDirectory /home/travis/build/square/retrofit/retrofit-adapters/guava/src/main/resources
[INFO] 
[INFO] --- maven-compiler-plugin:3.0:compile (default-compile) @ adapter-guava ---
[INFO] Changes detected - recompiling the module!
[INFO] Compiling 2 source files to /home/travis/build/square/retrofit/retrofit-adapters/guava/target/classes
[INFO] 
[INFO] --- maven-resources-plugin:2.6:testResources (default-testResources) @ adapter-guava ---
[INFO] Using 'UTF-8' encoding to copy filtered resources.
[INFO] skip non existing resourceDirectory /home/travis/build/square/retrofit/retrofit-adapters/guava/src/test/resources
[INFO] 
[INFO] --- maven-compiler-plugin:3.0:testCompile (default-testCompile) @ adapter-guava ---
[INFO] Changes detected - recompiling the module!
[INFO] Compiling 3 source files to /home/travis/build/square/retrofit/retrofit-adapters/guava/target/test-classes
[INFO] 
[INFO] --- maven-surefire-plugin:2.12.4:test (default-test) @ adapter-guava ---
[INFO] Surefire report directory: /home/travis/build/square/retrofit/retrofit-adapters/guava/target/surefire-reports

-------------------------------------------------------
 T E S T S
-------------------------------------------------------
Running retrofit2.adapter.guava.ListenableFutureTest
Jun 15, 2016 4:30:13 AM okhttp3.mockwebserver.MockWebServer$3 execute
INFO: MockWebServer[57134] starting to accept connections
Jun 15, 2016 4:30:13 AM okhttp3.mockwebserver.MockWebServer$4 processOneRequest
INFO: MockWebServer[57134] received request: GET / HTTP/1.1 and responded: HTTP/1.1 200 OK
Jun 15, 2016 4:30:13 AM okhttp3.mockwebserver.MockWebServer$3 acceptConnections
INFO: MockWebServer[57134] done accepting connections: Socket closed
Jun 15, 2016 4:30:13 AM okhttp3.mockwebserver.MockWebServer$3 execute
INFO: MockWebServer[47715] starting to accept connections
Jun 15, 2016 4:30:13 AM okhttp3.mockwebserver.MockWebServer$4 processOneRequest
INFO: MockWebServer[47715] received request: GET / HTTP/1.1 and responded: HTTP/1.1 404 Client Error
Jun 15, 2016 4:30:13 AM okhttp3.mockwebserver.MockWebServer$3 acceptConnections
INFO: MockWebServer[47715] done accepting connections: Socket closed
Jun 15, 2016 4:30:13 AM okhttp3.mockwebserver.MockWebServer$3 execute
INFO: MockWebServer[45967] starting to accept connections
Jun 15, 2016 4:30:13 AM okhttp3.mockwebserver.MockWebServer$3 acceptConnections
INFO: MockWebServer[45967] done accepting connections: Socket closed
Jun 15, 2016 4:30:13 AM okhttp3.mockwebserver.MockWebServer$4 processConnection
WARNING: MockWebServer[45967] connection from /127.0.0.1 didn't make a request
Jun 15, 2016 4:30:13 AM okhttp3.mockwebserver.MockWebServer$3 execute
INFO: MockWebServer[51357] starting to accept connections
Jun 15, 2016 4:30:13 AM okhttp3.mockwebserver.MockWebServer$3 acceptConnections
INFO: MockWebServer[51357] done accepting connections: Socket closed
Jun 15, 2016 4:30:13 AM okhttp3.mockwebserver.MockWebServer$4 processOneRequest
INFO: MockWebServer[51357] received request: GET / HTTP/1.1 and responded: HTTP/1.1 200 OK
Jun 15, 2016 4:30:13 AM okhttp3.mockwebserver.MockWebServer$3 execute
INFO: MockWebServer[32978] starting to accept connections
Jun 15, 2016 4:30:13 AM okhttp3.mockwebserver.MockWebServer$3 acceptConnections
INFO: MockWebServer[32978] done accepting connections: Socket closed
Jun 15, 2016 4:30:13 AM okhttp3.mockwebserver.MockWebServer$4 processOneRequest
INFO: MockWebServer[32978] received request: GET / HTTP/1.1 and responded: HTTP/1.1 404 Client Error
Jun 15, 2016 4:30:13 AM okhttp3.mockwebserver.MockWebServer$3 execute
INFO: MockWebServer[38314] starting to accept connections
Jun 15, 2016 4:30:13 AM okhttp3.mockwebserver.MockWebServer$3 acceptConnections
INFO: MockWebServer[38314] done accepting connections: Socket closed
Jun 15, 2016 4:30:13 AM okhttp3.mockwebserver.MockWebServer$4 processConnection
WARNING: MockWebServer[38314] connection from /127.0.0.1 didn't make a request
Tests run: 6, Failures: 0, Errors: 0, Skipped: 0, Time elapsed: 0.896 sec
Running retrofit2.adapter.guava.GuavaCallAdapterFactoryTest
Jun 15, 2016 4:30:13 AM okhttp3.mockwebserver.MockWebServer$3 execute
INFO: MockWebServer[41559] starting to accept connections
Jun 15, 2016 4:30:13 AM okhttp3.mockwebserver.MockWebServer$3 acceptConnections
INFO: MockWebServer[41559] done accepting connections: Socket is closed
Jun 15, 2016 4:30:13 AM okhttp3.mockwebserver.MockWebServer$3 execute
INFO: MockWebServer[46032] starting to accept connections
Jun 15, 2016 4:30:13 AM okhttp3.mockwebserver.MockWebServer$3 acceptConnections
INFO: MockWebServer[46032] done accepting connections: Socket is closed
Jun 15, 2016 4:30:13 AM okhttp3.mockwebserver.MockWebServer$3 execute
INFO: MockWebServer[33556] starting to accept connections
Jun 15, 2016 4:30:13 AM okhttp3.mockwebserver.MockWebServer$3 acceptConnections
INFO: MockWebServer[33556] done accepting connections: Socket is closed
Jun 15, 2016 4:30:13 AM okhttp3.mockwebserver.MockWebServer$3 execute
INFO: MockWebServer[53763] starting to accept connections
Jun 15, 2016 4:30:13 AM okhttp3.mockwebserver.MockWebServer$3 acceptConnections
INFO: MockWebServer[53763] done accepting connections: Socket is closed
Tests run: 4, Failures: 0, Errors: 0, Skipped: 0, Time elapsed: 0.031 sec

Results :

Tests run: 10, Failures: 0, Errors: 0, Skipped: 0

[INFO] 
[INFO] --- animal-sniffer-maven-plugin:1.14:check (default) @ adapter-guava ---
[INFO] Checking unresolved references to org.codehaus.mojo.signature:java16:1.1
[INFO]                                                                         
[INFO] ------------------------------------------------------------------------
[INFO] Building Adapter: Java 8 2.1.0
[INFO] ------------------------------------------------------------------------
[INFO] 
[INFO] --- maven-enforcer-plugin:1.0:enforce (enforce-maven) @ adapter-java8 ---
[INFO] 
[INFO] --- maven-resources-plugin:2.6:resources (default-resources) @ adapter-java8 ---
[INFO] Using 'UTF-8' encoding to copy filtered resources.
[INFO] skip non existing resourceDirectory /home/travis/build/square/retrofit/retrofit-adapters/java8/src/main/resources
[INFO] 
[INFO] --- maven-compiler-plugin:3.0:compile (default-compile) @ adapter-java8 ---
[INFO] Changes detected - recompiling the module!
[INFO] Compiling 2 source files to /home/travis/build/square/retrofit/retrofit-adapters/java8/target/classes
[INFO] 
[INFO] --- maven-resources-plugin:2.6:testResources (default-testResources) @ adapter-java8 ---
[INFO] Using 'UTF-8' encoding to copy filtered resources.
[INFO] skip non existing resourceDirectory /home/travis/build/square/retrofit/retrofit-adapters/java8/src/test/resources
[INFO] 
[INFO] --- maven-compiler-plugin:3.0:testCompile (default-testCompile) @ adapter-java8 ---
[INFO] Changes detected - recompiling the module!
[INFO] Compiling 3 source files to /home/travis/build/square/retrofit/retrofit-adapters/java8/target/test-classes
[INFO] 
[INFO] --- maven-surefire-plugin:2.12.4:test (default-test) @ adapter-java8 ---
[INFO] Surefire report directory: /home/travis/build/square/retrofit/retrofit-adapters/java8/target/surefire-reports

-------------------------------------------------------
 T E S T S
-------------------------------------------------------
Running retrofit2.adapter.java8.Java8CallAdapterFactoryTest
Jun 15, 2016 4:30:15 AM okhttp3.mockwebserver.MockWebServer$3 execute
INFO: MockWebServer[55386] starting to accept connections
Jun 15, 2016 4:30:15 AM okhttp3.mockwebserver.MockWebServer$3 acceptConnections
INFO: MockWebServer[55386] done accepting connections: Socket closed
Jun 15, 2016 4:30:15 AM okhttp3.mockwebserver.MockWebServer$3 execute
INFO: MockWebServer[60850] starting to accept connections
Jun 15, 2016 4:30:15 AM okhttp3.mockwebserver.MockWebServer$3 acceptConnections
INFO: MockWebServer[60850] done accepting connections: Socket is closed
Jun 15, 2016 4:30:15 AM okhttp3.mockwebserver.MockWebServer$3 execute
INFO: MockWebServer[46708] starting to accept connections
Jun 15, 2016 4:30:15 AM okhttp3.mockwebserver.MockWebServer$3 acceptConnections
INFO: MockWebServer[46708] done accepting connections: Socket is closed
Jun 15, 2016 4:30:15 AM okhttp3.mockwebserver.MockWebServer$3 execute
INFO: MockWebServer[45069] starting to accept connections
Jun 15, 2016 4:30:15 AM okhttp3.mockwebserver.MockWebServer$3 acceptConnections
INFO: MockWebServer[45069] done accepting connections: Socket closed
Tests run: 4, Failures: 0, Errors: 0, Skipped: 0, Time elapsed: 0.68 sec
Running retrofit2.adapter.java8.CompletableFutureTest
Jun 15, 2016 4:30:15 AM okhttp3.mockwebserver.MockWebServer$3 execute
INFO: MockWebServer[60000] starting to accept connections
Jun 15, 2016 4:30:16 AM okhttp3.mockwebserver.MockWebServer$4 processOneRequest
INFO: MockWebServer[60000] received request: GET / HTTP/1.1 and responded: HTTP/1.1 200 OK
Jun 15, 2016 4:30:16 AM okhttp3.mockwebserver.MockWebServer$3 acceptConnections
INFO: MockWebServer[60000] done accepting connections: Socket closed
Jun 15, 2016 4:30:16 AM okhttp3.mockwebserver.MockWebServer$3 execute
INFO: MockWebServer[33333] starting to accept connections
Jun 15, 2016 4:30:16 AM okhttp3.mockwebserver.MockWebServer$3 acceptConnections
INFO: MockWebServer[33333] done accepting connections: Socket closed
Jun 15, 2016 4:30:16 AM okhttp3.mockwebserver.MockWebServer$4 processOneRequest
INFO: MockWebServer[33333] received request: GET / HTTP/1.1 and responded: HTTP/1.1 404 Client Error
Jun 15, 2016 4:30:16 AM okhttp3.mockwebserver.MockWebServer$3 execute
INFO: MockWebServer[38706] starting to accept connections
Jun 15, 2016 4:30:16 AM okhttp3.mockwebserver.MockWebServer$3 acceptConnections
INFO: MockWebServer[38706] done accepting connections: Socket closed
Jun 15, 2016 4:30:16 AM okhttp3.mockwebserver.MockWebServer$4 processConnection
WARNING: MockWebServer[38706] connection from /127.0.0.1 didn't make a request
Jun 15, 2016 4:30:16 AM okhttp3.mockwebserver.MockWebServer$3 execute
INFO: MockWebServer[34741] starting to accept connections
Jun 15, 2016 4:30:16 AM okhttp3.mockwebserver.MockWebServer$3 acceptConnections
INFO: MockWebServer[34741] done accepting connections: Socket closed
Jun 15, 2016 4:30:16 AM okhttp3.mockwebserver.MockWebServer$4 processOneRequest
INFO: MockWebServer[34741] received request: GET / HTTP/1.1 and responded: HTTP/1.1 200 OK
Jun 15, 2016 4:30:16 AM okhttp3.mockwebserver.MockWebServer$3 execute
INFO: MockWebServer[49809] starting to accept connections
Jun 15, 2016 4:30:16 AM okhttp3.mockwebserver.MockWebServer$3 acceptConnections
INFO: MockWebServer[49809] done accepting connections: Socket closed
Jun 15, 2016 4:30:16 AM okhttp3.mockwebserver.MockWebServer$4 processOneRequest
INFO: MockWebServer[49809] received request: GET / HTTP/1.1 and responded: HTTP/1.1 404 Client Error
Jun 15, 2016 4:30:16 AM okhttp3.mockwebserver.MockWebServer$3 execute
INFO: MockWebServer[45778] starting to accept connections
Jun 15, 2016 4:30:16 AM okhttp3.mockwebserver.MockWebServer$3 acceptConnections
INFO: MockWebServer[45778] done accepting connections: Socket closed
Jun 15, 2016 4:30:16 AM okhttp3.mockwebserver.MockWebServer$4 processConnection
WARNING: MockWebServer[45778] connection from /127.0.0.1 didn't make a request
Tests run: 6, Failures: 0, Errors: 0, Skipped: 0, Time elapsed: 0.169 sec

Results :

Tests run: 10, Failures: 0, Errors: 0, Skipped: 0

[INFO] 
[INFO] --- animal-sniffer-maven-plugin:1.14:check (default) @ adapter-java8 ---
[INFO] Checking unresolved references to org.kaazing.mojo.signature:java18:1.0
[INFO]                                                                         
[INFO] ------------------------------------------------------------------------
[INFO] Building Adapter: RxJava 2.1.0
[INFO] ------------------------------------------------------------------------
[INFO] 
[INFO] --- maven-enforcer-plugin:1.0:enforce (enforce-maven) @ adapter-rxjava ---
[INFO] 
[INFO] --- maven-resources-plugin:2.6:resources (default-resources) @ adapter-rxjava ---
[INFO] Using 'UTF-8' encoding to copy filtered resources.
[INFO] skip non existing resourceDirectory /home/travis/build/square/retrofit/retrofit-adapters/rxjava/src/main/resources
[INFO] 
[INFO] --- maven-compiler-plugin:3.0:compile (default-compile) @ adapter-rxjava ---
[INFO] Changes detected - recompiling the module!
[INFO] Compiling 6 source files to /home/travis/build/square/retrofit/retrofit-adapters/rxjava/target/classes
[INFO] 
[INFO] --- maven-resources-plugin:2.6:testResources (default-testResources) @ adapter-rxjava ---
[INFO] Using 'UTF-8' encoding to copy filtered resources.
[INFO] skip non existing resourceDirectory /home/travis/build/square/retrofit/retrofit-adapters/rxjava/src/test/resources
[INFO] 
[INFO] --- maven-compiler-plugin:3.0:testCompile (default-testCompile) @ adapter-rxjava ---
[INFO] Changes detected - recompiling the module!
[INFO] Compiling 9 source files to /home/travis/build/square/retrofit/retrofit-adapters/rxjava/target/test-classes
[INFO] 
[INFO] --- maven-surefire-plugin:2.12.4:test (default-test) @ adapter-rxjava ---
[INFO] Surefire report directory: /home/travis/build/square/retrofit/retrofit-adapters/rxjava/target/surefire-reports

-------------------------------------------------------
 T E S T S
-------------------------------------------------------
Running retrofit2.adapter.rxjava.ObservableSchedulerTest
Jun 15, 2016 4:30:18 AM okhttp3.mockwebserver.MockWebServer$3 execute
INFO: MockWebServer[54231] starting to accept connections
Jun 15, 2016 4:30:18 AM okhttp3.mockwebserver.MockWebServer$4 processOneRequest
INFO: MockWebServer[54231] received request: GET / HTTP/1.1 and responded: HTTP/1.1 200 OK
Jun 15, 2016 4:30:18 AM okhttp3.mockwebserver.MockWebServer$3 acceptConnections
INFO: MockWebServer[54231] done accepting connections: Socket closed
Jun 15, 2016 4:30:18 AM okhttp3.mockwebserver.MockWebServer$3 execute
INFO: MockWebServer[37357] starting to accept connections
Jun 15, 2016 4:30:18 AM okhttp3.mockwebserver.MockWebServer$3 acceptConnections
INFO: MockWebServer[37357] done accepting connections: Socket closed
Jun 15, 2016 4:30:18 AM okhttp3.mockwebserver.MockWebServer$4 processOneRequest
INFO: MockWebServer[37357] received request: GET / HTTP/1.1 and responded: HTTP/1.1 200 OK
Jun 15, 2016 4:30:18 AM okhttp3.mockwebserver.MockWebServer$3 execute
INFO: MockWebServer[50374] starting to accept connections
Jun 15, 2016 4:30:18 AM okhttp3.mockwebserver.MockWebServer$3 acceptConnections
INFO: MockWebServer[50374] done accepting connections: Socket closed
Jun 15, 2016 4:30:18 AM okhttp3.mockwebserver.MockWebServer$4 processOneRequest
INFO: MockWebServer[50374] received request: GET / HTTP/1.1 and responded: HTTP/1.1 200 OK
Tests run: 3, Failures: 0, Errors: 0, Skipped: 0, Time elapsed: 0.674 sec
Running retrofit2.adapter.rxjava.ObservableTest
Jun 15, 2016 4:30:18 AM okhttp3.mockwebserver.MockWebServer$3 execute
INFO: MockWebServer[58884] starting to accept connections
Jun 15, 2016 4:30:18 AM okhttp3.mockwebserver.MockWebServer$4 processConnection
WARNING: MockWebServer[58884] connection from /127.0.0.1 didn't make a request
Jun 15, 2016 4:30:18 AM okhttp3.mockwebserver.MockWebServer$3 acceptConnections
INFO: MockWebServer[58884] done accepting connections: Socket closed
Jun 15, 2016 4:30:18 AM okhttp3.mockwebserver.MockWebServer$3 execute
INFO: MockWebServer[52262] starting to accept connections
Jun 15, 2016 4:30:18 AM okhttp3.mockwebserver.MockWebServer$3 acceptConnections
INFO: MockWebServer[52262] done accepting connections: Socket closed
Jun 15, 2016 4:30:18 AM okhttp3.mockwebserver.MockWebServer$4 processOneRequest
INFO: MockWebServer[52262] received request: GET / HTTP/1.1 and responded: HTTP/1.1 200 OK
Jun 15, 2016 4:30:18 AM okhttp3.mockwebserver.MockWebServer$3 execute
INFO: MockWebServer[53285] starting to accept connections
Jun 15, 2016 4:30:18 AM okhttp3.mockwebserver.MockWebServer$3 acceptConnections
INFO: MockWebServer[53285] done accepting connections: Socket closed
Jun 15, 2016 4:30:18 AM okhttp3.mockwebserver.MockWebServer$4 processOneRequest
INFO: MockWebServer[53285] received request: GET / HTTP/1.1 and responded: HTTP/1.1 404 Client Error
Jun 15, 2016 4:30:18 AM okhttp3.mockwebserver.MockWebServer$3 execute
INFO: MockWebServer[54426] starting to accept connections
Jun 15, 2016 4:30:18 AM okhttp3.mockwebserver.MockWebServer$3 acceptConnections
INFO: MockWebServer[54426] done accepting connections: Socket closed
Jun 15, 2016 4:30:18 AM okhttp3.mockwebserver.MockWebServer$4 processOneRequest
INFO: MockWebServer[54426] received request: GET / HTTP/1.1 and responded: HTTP/1.1 200 OK
Jun 15, 2016 4:30:18 AM okhttp3.mockwebserver.MockWebServer$3 execute
INFO: MockWebServer[48413] starting to accept connections
Jun 15, 2016 4:30:18 AM okhttp3.mockwebserver.MockWebServer$3 acceptConnections
INFO: MockWebServer[48413] done accepting connections: Socket closed
Jun 15, 2016 4:30:18 AM okhttp3.mockwebserver.MockWebServer$4 processOneRequest
INFO: MockWebServer[48413] received request: GET / HTTP/1.1 and responded: HTTP/1.1 200 OK
Jun 15, 2016 4:30:18 AM okhttp3.mockwebserver.MockWebServer$3 execute
INFO: MockWebServer[40122] starting to accept connections
Jun 15, 2016 4:30:18 AM okhttp3.mockwebserver.MockWebServer$3 acceptConnections
INFO: MockWebServer[40122] done accepting connections: Socket closed
Jun 15, 2016 4:30:18 AM okhttp3.mockwebserver.MockWebServer$4 processConnection
WARNING: MockWebServer[40122] connection from /127.0.0.1 didn't make a request
Jun 15, 2016 4:30:18 AM okhttp3.mockwebserver.MockWebServer$3 execute
INFO: MockWebServer[41751] starting to accept connections
Jun 15, 2016 4:30:18 AM okhttp3.mockwebserver.MockWebServer$4 processOneRequest
INFO: MockWebServer[41751] received request: GET / HTTP/1.1 and responded: HTTP/1.1 200 OK
Jun 15, 2016 4:30:18 AM okhttp3.mockwebserver.MockWebServer$3 acceptConnections
INFO: MockWebServer[41751] done accepting connections: Socket closed
Jun 15, 2016 4:30:18 AM okhttp3.mockwebserver.MockWebServer$3 execute
INFO: MockWebServer[49920] starting to accept connections
Jun 15, 2016 4:30:18 AM okhttp3.mockwebserver.MockWebServer$3 acceptConnections
INFO: MockWebServer[49920] done accepting connections: Socket closed
Jun 15, 2016 4:30:18 AM okhttp3.mockwebserver.MockWebServer$4 processOneRequest
INFO: MockWebServer[49920] received request: GET / HTTP/1.1 and responded: HTTP/1.1 404 Client Error
Jun 15, 2016 4:30:18 AM okhttp3.mockwebserver.MockWebServer$3 execute
INFO: MockWebServer[34676] starting to accept connections
Jun 15, 2016 4:30:18 AM okhttp3.mockwebserver.MockWebServer$3 acceptConnections
INFO: MockWebServer[34676] done accepting connections: Socket closed
Jun 15, 2016 4:30:18 AM okhttp3.mockwebserver.MockWebServer$4 processConnection
WARNING: MockWebServer[34676] connection from /127.0.0.1 didn't make a request
Jun 15, 2016 4:30:18 AM okhttp3.mockwebserver.MockWebServer$3 execute
INFO: MockWebServer[37956] starting to accept connections
Jun 15, 2016 4:30:18 AM okhttp3.mockwebserver.MockWebServer$3 acceptConnections
INFO: MockWebServer[37956] done accepting connections: Socket closed
Jun 15, 2016 4:30:18 AM okhttp3.mockwebserver.MockWebServer$4 processOneRequest
INFO: MockWebServer[37956] received request: GET / HTTP/1.1 and responded: HTTP/1.1 200 OK
Jun 15, 2016 4:30:18 AM okhttp3.mockwebserver.MockWebServer$3 execute
INFO: MockWebServer[49198] starting to accept connections
Jun 15, 2016 4:30:18 AM okhttp3.mockwebserver.MockWebServer$4 processOneRequest
INFO: MockWebServer[49198] received request: GET / HTTP/1.1 and responded: HTTP/1.1 200 OK
Jun 15, 2016 4:30:18 AM okhttp3.mockwebserver.MockWebServer$3 acceptConnections
INFO: MockWebServer[49198] done accepting connections: Socket closed
Jun 15, 2016 4:30:18 AM okhttp3.mockwebserver.MockWebServer$3 execute
INFO: MockWebServer[56648] starting to accept connections
Jun 15, 2016 4:30:18 AM okhttp3.mockwebserver.MockWebServer$3 acceptConnections
INFO: MockWebServer[56648] done accepting connections: Socket closed
Jun 15, 2016 4:30:18 AM okhttp3.mockwebserver.MockWebServer$4 processOneRequest
INFO: MockWebServer[56648] received request: GET / HTTP/1.1 and responded: HTTP/1.1 404 Client Error
Tests run: 12, Failures: 0, Errors: 0, Skipped: 0, Time elapsed: 0.221 sec
Running retrofit2.adapter.rxjava.RxJavaCallAdapterFactoryTest
Tests run: 6, Failures: 0, Errors: 0, Skipped: 0, Time elapsed: 0.035 sec
Running retrofit2.adapter.rxjava.SingleSchedulerTest
Jun 15, 2016 4:30:18 AM okhttp3.mockwebserver.MockWebServer$3 execute
INFO: MockWebServer[49214] starting to accept connections
Jun 15, 2016 4:30:18 AM okhttp3.mockwebserver.MockWebServer$3 acceptConnections
INFO: MockWebServer[49214] done accepting connections: Socket closed
Jun 15, 2016 4:30:18 AM okhttp3.mockwebserver.MockWebServer$4 processOneRequest
INFO: MockWebServer[49214] received request: GET / HTTP/1.1 and responded: HTTP/1.1 200 OK
Jun 15, 2016 4:30:18 AM okhttp3.mockwebserver.MockWebServer$3 execute
INFO: MockWebServer[33905] starting to accept connections
Jun 15, 2016 4:30:18 AM okhttp3.mockwebserver.MockWebServer$3 acceptConnections
INFO: MockWebServer[33905] done accepting connections: Socket closed
Jun 15, 2016 4:30:18 AM okhttp3.mockwebserver.MockWebServer$4 processOneRequest
INFO: MockWebServer[33905] received request: GET / HTTP/1.1 and responded: HTTP/1.1 200 OK
Jun 15, 2016 4:30:18 AM okhttp3.mockwebserver.MockWebServer$3 execute
INFO: MockWebServer[44564] starting to accept connections
Jun 15, 2016 4:30:18 AM okhttp3.mockwebserver.MockWebServer$3 acceptConnections
INFO: MockWebServer[44564] done accepting connections: Socket closed
Jun 15, 2016 4:30:18 AM okhttp3.mockwebserver.MockWebServer$4 processOneRequest
INFO: MockWebServer[44564] received request: GET / HTTP/1.1 and responded: HTTP/1.1 200 OK
Tests run: 3, Failures: 0, Errors: 0, Skipped: 0, Time elapsed: 0.061 sec
Running retrofit2.adapter.rxjava.CompletableTest
Jun 15, 2016 4:30:19 AM okhttp3.mockwebserver.MockWebServer$3 execute
INFO: MockWebServer[39542] starting to accept connections
Jun 15, 2016 4:30:19 AM okhttp3.mockwebserver.MockWebServer$3 acceptConnections
INFO: MockWebServer[39542] done accepting connections: Socket closed
Jun 15, 2016 4:30:19 AM okhttp3.mockwebserver.MockWebServer$4 processOneRequest
INFO: MockWebServer[39542] received request: GET / HTTP/1.1 and responded: HTTP/1.1 200 OK
Jun 15, 2016 4:30:19 AM okhttp3.mockwebserver.MockWebServer$3 execute
INFO: MockWebServer[56065] starting to accept connections
Jun 15, 2016 4:30:19 AM okhttp3.mockwebserver.MockWebServer$3 acceptConnections
INFO: MockWebServer[56065] done accepting connections: Socket closed
Jun 15, 2016 4:30:19 AM okhttp3.mockwebserver.MockWebServer$4 processOneRequest
INFO: MockWebServer[56065] received request: GET / HTTP/1.1 and responded: HTTP/1.1 404 Client Error
Jun 15, 2016 4:30:19 AM okhttp3.mockwebserver.MockWebServer$3 execute
INFO: MockWebServer[38855] starting to accept connections
Jun 15, 2016 4:30:19 AM okhttp3.mockwebserver.MockWebServer$3 acceptConnections
INFO: MockWebServer[38855] done accepting connections: Socket closed
Jun 15, 2016 4:30:19 AM okhttp3.mockwebserver.MockWebServer$4 processConnection
WARNING: MockWebServer[38855] connection from /127.0.0.1 didn't make a request
Tests run: 3, Failures: 0, Errors: 0, Skipped: 0, Time elapsed: 0.033 sec
Running retrofit2.adapter.rxjava.CompletableSchedulerTest
Jun 15, 2016 4:30:19 AM okhttp3.mockwebserver.MockWebServer$3 execute
INFO: MockWebServer[40410] starting to accept connections
Jun 15, 2016 4:30:19 AM okhttp3.mockwebserver.MockWebServer$3 acceptConnections
INFO: MockWebServer[40410] done accepting connections: Socket closed
Jun 15, 2016 4:30:19 AM okhttp3.mockwebserver.MockWebServer$4 processOneRequest
INFO: MockWebServer[40410] received request: GET / HTTP/1.1 and responded: HTTP/1.1 200 OK
Tests run: 1, Failures: 0, Errors: 0, Skipped: 0, Time elapsed: 0.008 sec
Running retrofit2.adapter.rxjava.SingleTest
Jun 15, 2016 4:30:19 AM okhttp3.mockwebserver.MockWebServer$3 execute
INFO: MockWebServer[45338] starting to accept connections
Jun 15, 2016 4:30:19 AM okhttp3.mockwebserver.MockWebServer$4 processConnection
WARNING: MockWebServer[45338] connection from /127.0.0.1 didn't make a request
Jun 15, 2016 4:30:19 AM okhttp3.mockwebserver.MockWebServer$3 acceptConnections
INFO: MockWebServer[45338] done accepting connections: Socket closed
Jun 15, 2016 4:30:19 AM okhttp3.mockwebserver.MockWebServer$3 execute
INFO: MockWebServer[50024] starting to accept connections
Jun 15, 2016 4:30:19 AM okhttp3.mockwebserver.MockWebServer$4 processOneRequest
INFO: MockWebServer[50024] received request: GET / HTTP/1.1 and responded: HTTP/1.1 200 OK
Jun 15, 2016 4:30:19 AM okhttp3.mockwebserver.MockWebServer$3 acceptConnections
INFO: MockWebServer[50024] done accepting connections: Socket closed
Jun 15, 2016 4:30:19 AM okhttp3.mockwebserver.MockWebServer$3 execute
INFO: MockWebServer[37694] starting to accept connections
Jun 15, 2016 4:30:19 AM okhttp3.mockwebserver.MockWebServer$4 processOneRequest
INFO: MockWebServer[37694] received request: GET / HTTP/1.1 and responded: HTTP/1.1 404 Client Error
Jun 15, 2016 4:30:19 AM okhttp3.mockwebserver.MockWebServer$3 acceptConnections
INFO: MockWebServer[37694] done accepting connections: Socket closed
Jun 15, 2016 4:30:19 AM okhttp3.mockwebserver.MockWebServer$3 execute
INFO: MockWebServer[49795] starting to accept connections
Jun 15, 2016 4:30:19 AM okhttp3.mockwebserver.MockWebServer$4 processConnection
WARNING: MockWebServer[49795] connection from /127.0.0.1 didn't make a request
Jun 15, 2016 4:30:19 AM okhttp3.mockwebserver.MockWebServer$3 acceptConnections
INFO: MockWebServer[49795] done accepting connections: Socket closed
Jun 15, 2016 4:30:19 AM okhttp3.mockwebserver.MockWebServer$3 execute
INFO: MockWebServer[34174] starting to accept connections
Jun 15, 2016 4:30:19 AM okhttp3.mockwebserver.MockWebServer$4 processOneRequest
INFO: MockWebServer[34174] received request: GET / HTTP/1.1 and responded: HTTP/1.1 200 OK
Jun 15, 2016 4:30:19 AM okhttp3.mockwebserver.MockWebServer$3 acceptConnections
INFO: MockWebServer[34174] done accepting connections: Socket closed
Jun 15, 2016 4:30:19 AM okhttp3.mockwebserver.MockWebServer$3 execute
INFO: MockWebServer[58952] starting to accept connections
Jun 15, 2016 4:30:19 AM okhttp3.mockwebserver.MockWebServer$3 acceptConnections
INFO: MockWebServer[58952] done accepting connections: Socket closed
Jun 15, 2016 4:30:19 AM okhttp3.mockwebserver.MockWebServer$4 processOneRequest
INFO: MockWebServer[58952] received request: GET / HTTP/1.1 and responded: HTTP/1.1 404 Client Error
Jun 15, 2016 4:30:19 AM okhttp3.mockwebserver.MockWebServer$3 execute
INFO: MockWebServer[55830] starting to accept connections
Jun 15, 2016 4:30:19 AM okhttp3.mockwebserver.MockWebServer$3 acceptConnections
INFO: MockWebServer[55830] done accepting connections: Socket closed
Jun 15, 2016 4:30:19 AM okhttp3.mockwebserver.MockWebServer$4 processConnection
WARNING: MockWebServer[55830] connection from /127.0.0.1 didn't make a request
Jun 15, 2016 4:30:19 AM okhttp3.mockwebserver.MockWebServer$3 execute
INFO: MockWebServer[47890] starting to accept connections
Jun 15, 2016 4:30:19 AM okhttp3.mockwebserver.MockWebServer$3 acceptConnections
INFO: MockWebServer[47890] done accepting connections: Socket closed
Jun 15, 2016 4:30:19 AM okhttp3.mockwebserver.MockWebServer$4 processOneRequest
INFO: MockWebServer[47890] received request: GET / HTTP/1.1 and responded: HTTP/1.1 200 OK
Jun 15, 2016 4:30:19 AM okhttp3.mockwebserver.MockWebServer$3 execute
INFO: MockWebServer[47658] starting to accept connections
Jun 15, 2016 4:30:19 AM okhttp3.mockwebserver.MockWebServer$3 acceptConnections
INFO: MockWebServer[47658] done accepting connections: Socket closed
Jun 15, 2016 4:30:19 AM okhttp3.mockwebserver.MockWebServer$4 processOneRequest
INFO: MockWebServer[47658] received request: GET / HTTP/1.1 and responded: HTTP/1.1 404 Client Error
Tests run: 9, Failures: 0, Errors: 0, Skipped: 0, Time elapsed: 0.151 sec
Running retrofit2.adapter.rxjava.ResultTest
Tests run: 4, Failures: 0, Errors: 0, Skipped: 0, Time elapsed: 0.001 sec

Results :

Tests run: 41, Failures: 0, Errors: 0, Skipped: 0

[INFO] 
[INFO] --- animal-sniffer-maven-plugin:1.14:check (default) @ adapter-rxjava ---
[INFO] Checking unresolved references to org.codehaus.mojo.signature:java16:1.1
[INFO]                                                                         
[INFO] ------------------------------------------------------------------------
[INFO] Building Converters 2.1.0
[INFO] ------------------------------------------------------------------------
[INFO] 
[INFO] --- maven-enforcer-plugin:1.0:enforce (enforce-maven) @ retrofit-converters ---
[INFO] 
[INFO] --- animal-sniffer-maven-plugin:1.14:check (default) @ retrofit-converters ---
[INFO] Checking unresolved references to org.codehaus.mojo.signature:java16:1.1
[INFO]                                                                         
[INFO] ------------------------------------------------------------------------
[INFO] Building Converter: Gson 2.1.0
[INFO] ------------------------------------------------------------------------
[INFO] 
[INFO] --- maven-enforcer-plugin:1.0:enforce (enforce-maven) @ converter-gson ---
[INFO] 
[INFO] --- maven-resources-plugin:2.6:resources (default-resources) @ converter-gson ---
[INFO] Using 'UTF-8' encoding to copy filtered resources.
[INFO] skip non existing resourceDirectory /home/travis/build/square/retrofit/retrofit-converters/gson/src/main/resources
[INFO] 
[INFO] --- maven-compiler-plugin:3.0:compile (default-compile) @ converter-gson ---
[INFO] Changes detected - recompiling the module!
[INFO] Compiling 3 source files to /home/travis/build/square/retrofit/retrofit-converters/gson/target/classes
[INFO] 
[INFO] --- maven-resources-plugin:2.6:testResources (default-testResources) @ converter-gson ---
[INFO] Using 'UTF-8' encoding to copy filtered resources.
[INFO] skip non existing resourceDirectory /home/travis/build/square/retrofit/retrofit-converters/gson/src/test/resources
[INFO] 
[INFO] --- maven-compiler-plugin:3.0:testCompile (default-testCompile) @ converter-gson ---
[INFO] Changes detected - recompiling the module!
[INFO] Compiling 1 source file to /home/travis/build/square/retrofit/retrofit-converters/gson/target/test-classes
[INFO] 
[INFO] --- maven-surefire-plugin:2.12.4:test (default-test) @ converter-gson ---
[INFO] Surefire report directory: /home/travis/build/square/retrofit/retrofit-converters/gson/target/surefire-reports

-------------------------------------------------------
 T E S T S
-------------------------------------------------------
Running retrofit2.converter.gson.GsonConverterFactoryTest
Jun 15, 2016 4:30:20 AM okhttp3.mockwebserver.MockWebServer$3 execute
INFO: MockWebServer[54697] starting to accept connections
Jun 15, 2016 4:30:20 AM okhttp3.mockwebserver.MockWebServer$4 processOneRequest
INFO: MockWebServer[54697] received request: POST / HTTP/1.1 and responded: HTTP/1.1 200 OK
Jun 15, 2016 4:30:21 AM okhttp3.mockwebserver.MockWebServer$3 acceptConnections
INFO: MockWebServer[54697] done accepting connections: Socket closed
Jun 15, 2016 4:30:21 AM okhttp3.mockwebserver.MockWebServer$3 execute
INFO: MockWebServer[41747] starting to accept connections
Jun 15, 2016 4:30:21 AM okhttp3.mockwebserver.MockWebServer$3 acceptConnections
INFO: MockWebServer[41747] done accepting connections: Socket closed
Jun 15, 2016 4:30:21 AM okhttp3.mockwebserver.MockWebServer$4 processOneRequest
INFO: MockWebServer[41747] received request: POST / HTTP/1.1 and responded: HTTP/1.1 200 OK
Jun 15, 2016 4:30:21 AM okhttp3.mockwebserver.MockWebServer$3 execute
INFO: MockWebServer[42579] starting to accept connections
Jun 15, 2016 4:30:21 AM okhttp3.mockwebserver.MockWebServer$4 processOneRequest
INFO: MockWebServer[42579] received request: POST / HTTP/1.1 and responded: HTTP/1.1 200 OK
Jun 15, 2016 4:30:21 AM okhttp3.mockwebserver.MockWebServer$3 acceptConnections
INFO: MockWebServer[42579] done accepting connections: Socket closed
Jun 15, 2016 4:30:21 AM okhttp3.mockwebserver.MockWebServer$3 execute
INFO: MockWebServer[57217] starting to accept connections
Jun 15, 2016 4:30:21 AM okhttp3.mockwebserver.MockWebServer$3 acceptConnections
INFO: MockWebServer[57217] done accepting connections: Socket closed
Jun 15, 2016 4:30:21 AM okhttp3.mockwebserver.MockWebServer$4 processOneRequest
INFO: MockWebServer[57217] received request: POST / HTTP/1.1 and responded: HTTP/1.1 200 OK
Tests run: 4, Failures: 0, Errors: 0, Skipped: 0, Time elapsed: 0.824 sec

Results :

Tests run: 4, Failures: 0, Errors: 0, Skipped: 0

[INFO] 
[INFO] --- animal-sniffer-maven-plugin:1.14:check (default) @ converter-gson ---
[INFO] Checking unresolved references to org.codehaus.mojo.signature:java16:1.1
[INFO]                                                                         
[INFO] ------------------------------------------------------------------------
[INFO] Building Converter: Protocol Buffers 2.1.0
[INFO] ------------------------------------------------------------------------
[INFO] 
[INFO] --- maven-enforcer-plugin:1.0:enforce (enforce-maven) @ converter-protobuf ---
[INFO] 
[INFO] --- maven-resources-plugin:2.6:resources (default-resources) @ converter-protobuf ---
[INFO] Using 'UTF-8' encoding to copy filtered resources.
[INFO] skip non existing resourceDirectory /home/travis/build/square/retrofit/retrofit-converters/protobuf/src/main/resources
[INFO] 
[INFO] --- maven-compiler-plugin:3.0:compile (default-compile) @ converter-protobuf ---
[INFO] Changes detected - recompiling the module!
[INFO] Compiling 3 source files to /home/travis/build/square/retrofit/retrofit-converters/protobuf/target/classes
[WARNING] /home/travis/build/square/retrofit/retrofit-converters/protobuf/src/main/java/retrofit2/converter/protobuf/ProtoConverterFactory.java: /home/travis/build/square/retrofit/retrofit-converters/protobuf/src/main/java/retrofit2/converter/protobuf/ProtoConverterFactory.java uses unchecked or unsafe operations.
[WARNING] /home/travis/build/square/retrofit/retrofit-converters/protobuf/src/main/java/retrofit2/converter/protobuf/ProtoConverterFactory.java: Recompile with -Xlint:unchecked for details.
[INFO] 
[INFO] --- maven-resources-plugin:2.6:testResources (default-testResources) @ converter-protobuf ---
[INFO] Using 'UTF-8' encoding to copy filtered resources.
[INFO] skip non existing resourceDirectory /home/travis/build/square/retrofit/retrofit-converters/protobuf/src/test/resources
[INFO] 
[INFO] --- maven-compiler-plugin:3.0:testCompile (default-testCompile) @ converter-protobuf ---
[INFO] Changes detected - recompiling the module!
[INFO] Compiling 2 source files to /home/travis/build/square/retrofit/retrofit-converters/protobuf/target/test-classes
[INFO] 
[INFO] --- maven-surefire-plugin:2.12.4:test (default-test) @ converter-protobuf ---
[INFO] Surefire report directory: /home/travis/build/square/retrofit/retrofit-converters/protobuf/target/surefire-reports

-------------------------------------------------------
 T E S T S
-------------------------------------------------------
Running retrofit2.converter.protobuf.ProtoConverterFactoryTest
Jun 15, 2016 4:30:22 AM okhttp3.mockwebserver.MockWebServer$3 execute
INFO: MockWebServer[56670] starting to accept connections
Jun 15, 2016 4:30:22 AM okhttp3.mockwebserver.MockWebServer$4 processOneRequest
INFO: MockWebServer[56670] received request: POST / HTTP/1.1 and responded: HTTP/1.1 200 OK
Jun 15, 2016 4:30:22 AM okhttp3.mockwebserver.MockWebServer$3 acceptConnections
INFO: MockWebServer[56670] done accepting connections: Socket closed
Jun 15, 2016 4:30:22 AM okhttp3.mockwebserver.MockWebServer$3 execute
INFO: MockWebServer[59441] starting to accept connections
Jun 15, 2016 4:30:22 AM okhttp3.mockwebserver.MockWebServer$3 acceptConnections
INFO: MockWebServer[59441] done accepting connections: Socket is closed
Jun 15, 2016 4:30:22 AM okhttp3.mockwebserver.MockWebServer$3 execute
INFO: MockWebServer[38623] starting to accept connections
Jun 15, 2016 4:30:22 AM okhttp3.mockwebserver.MockWebServer$3 acceptConnections
INFO: MockWebServer[38623] done accepting connections: Socket closed
Jun 15, 2016 4:30:22 AM okhttp3.mockwebserver.MockWebServer$4 processOneRequest
INFO: MockWebServer[38623] received request: GET / HTTP/1.1 and responded: HTTP/1.1 200 OK
Jun 15, 2016 4:30:22 AM okhttp3.mockwebserver.MockWebServer$3 execute
INFO: MockWebServer[59573] starting to accept connections
Jun 15, 2016 4:30:22 AM okhttp3.mockwebserver.MockWebServer$3 acceptConnections
INFO: MockWebServer[59573] done accepting connections: Socket closed
Jun 15, 2016 4:30:22 AM okhttp3.mockwebserver.MockWebServer$4 processOneRequest
INFO: MockWebServer[59573] received request: GET / HTTP/1.1 and responded: HTTP/1.1 200 OK
Jun 15, 2016 4:30:22 AM okhttp3.mockwebserver.MockWebServer$3 execute
INFO: MockWebServer[51311] starting to accept connections
Jun 15, 2016 4:30:22 AM okhttp3.mockwebserver.MockWebServer$3 acceptConnections
INFO: MockWebServer[51311] done accepting connections: Socket is closed
Jun 15, 2016 4:30:22 AM okhttp3.mockwebserver.MockWebServer$3 execute
INFO: MockWebServer[48022] starting to accept connections
Jun 15, 2016 4:30:22 AM okhttp3.mockwebserver.MockWebServer$3 acceptConnections
INFO: MockWebServer[48022] done accepting connections: Socket closed
Jun 15, 2016 4:30:22 AM okhttp3.mockwebserver.MockWebServer$4 processOneRequest
INFO: MockWebServer[48022] received request: GET / HTTP/1.1 and responded: HTTP/1.1 200 OK
Tests run: 6, Failures: 0, Errors: 0, Skipped: 0, Time elapsed: 0.893 sec

Results :

Tests run: 6, Failures: 0, Errors: 0, Skipped: 0

[INFO] 
[INFO] --- animal-sniffer-maven-plugin:1.14:check (default) @ converter-protobuf ---
[INFO] Checking unresolved references to org.codehaus.mojo.signature:java16:1.1
[INFO]                                                                         
[INFO] ------------------------------------------------------------------------
[INFO] Building Converter: Jackson 2.1.0
[INFO] ------------------------------------------------------------------------
[INFO] 
[INFO] --- maven-enforcer-plugin:1.0:enforce (enforce-maven) @ converter-jackson ---
[INFO] 
[INFO] --- maven-resources-plugin:2.6:resources (default-resources) @ converter-jackson ---
[INFO] Using 'UTF-8' encoding to copy filtered resources.
[INFO] skip non existing resourceDirectory /home/travis/build/square/retrofit/retrofit-converters/jackson/src/main/resources
[INFO] 
[INFO] --- maven-compiler-plugin:3.0:compile (default-compile) @ converter-jackson ---
[INFO] Changes detected - recompiling the module!
[INFO] Compiling 3 source files to /home/travis/build/square/retrofit/retrofit-converters/jackson/target/classes
[WARNING] /home/travis/build/square/retrofit/retrofit-converters/jackson/src/main/java/retrofit2/converter/jackson/JacksonConverterFactory.java: /home/travis/build/square/retrofit/retrofit-converters/jackson/src/main/java/retrofit2/converter/jackson/JacksonConverterFactory.java uses or overrides a deprecated API.
[WARNING] /home/travis/build/square/retrofit/retrofit-converters/jackson/src/main/java/retrofit2/converter/jackson/JacksonConverterFactory.java: Recompile with -Xlint:deprecation for details.
[INFO] 
[INFO] --- maven-resources-plugin:2.6:testResources (default-testResources) @ converter-jackson ---
[INFO] Using 'UTF-8' encoding to copy filtered resources.
[INFO] skip non existing resourceDirectory /home/travis/build/square/retrofit/retrofit-converters/jackson/src/test/resources
[INFO] 
[INFO] --- maven-compiler-plugin:3.0:testCompile (default-testCompile) @ converter-jackson ---
[INFO] Changes detected - recompiling the module!
[INFO] Compiling 1 source file to /home/travis/build/square/retrofit/retrofit-converters/jackson/target/test-classes
[WARNING] /home/travis/build/square/retrofit/retrofit-converters/jackson/src/test/java/retrofit2/converter/jackson/JacksonConverterFactoryTest.java: /home/travis/build/square/retrofit/retrofit-converters/jackson/src/test/java/retrofit2/converter/jackson/JacksonConverterFactoryTest.java uses or overrides a deprecated API.
[WARNING] /home/travis/build/square/retrofit/retrofit-converters/jackson/src/test/java/retrofit2/converter/jackson/JacksonConverterFactoryTest.java: Recompile with -Xlint:deprecation for details.
[INFO] 
[INFO] --- maven-surefire-plugin:2.12.4:test (default-test) @ converter-jackson ---
[INFO] Surefire report directory: /home/travis/build/square/retrofit/retrofit-converters/jackson/target/surefire-reports

-------------------------------------------------------
 T E S T S
-------------------------------------------------------
Running retrofit2.converter.jackson.JacksonConverterFactoryTest
Jun 15, 2016 4:30:23 AM okhttp3.mockwebserver.MockWebServer$3 execute
INFO: MockWebServer[47252] starting to accept connections
Jun 15, 2016 4:30:24 AM okhttp3.mockwebserver.MockWebServer$4 processOneRequest
INFO: MockWebServer[47252] received request: POST / HTTP/1.1 and responded: HTTP/1.1 200 OK
Jun 15, 2016 4:30:24 AM okhttp3.mockwebserver.MockWebServer$3 acceptConnections
INFO: MockWebServer[47252] done accepting connections: Socket closed
Jun 15, 2016 4:30:24 AM okhttp3.mockwebserver.MockWebServer$3 execute
INFO: MockWebServer[43669] starting to accept connections
Jun 15, 2016 4:30:24 AM okhttp3.mockwebserver.MockWebServer$3 acceptConnections
INFO: MockWebServer[43669] done accepting connections: Socket closed
Jun 15, 2016 4:30:24 AM okhttp3.mockwebserver.MockWebServer$4 processOneRequest
INFO: MockWebServer[43669] received request: POST / HTTP/1.1 and responded: HTTP/1.1 200 OK
Tests run: 2, Failures: 0, Errors: 0, Skipped: 0, Time elapsed: 1.007 sec

Results :

Tests run: 2, Failures: 0, Errors: 0, Skipped: 0

[INFO] 
[INFO] --- animal-sniffer-maven-plugin:1.14:check (default) @ converter-jackson ---
[INFO] Checking unresolved references to org.codehaus.mojo.signature:java16:1.1
[INFO]                                                                         
[INFO] ------------------------------------------------------------------------
[INFO] Building Converter: Wire Protocol Buffers 2.1.0
[INFO] ------------------------------------------------------------------------
[INFO] 
[INFO] --- maven-enforcer-plugin:1.0:enforce (enforce-maven) @ converter-wire ---
[INFO] 
[INFO] --- maven-resources-plugin:2.6:resources (default-resources) @ converter-wire ---
[INFO] Using 'UTF-8' encoding to copy filtered resources.
[INFO] skip non existing resourceDirectory /home/travis/build/square/retrofit/retrofit-converters/wire/src/main/resources
[INFO] 
[INFO] --- maven-compiler-plugin:3.0:compile (default-compile) @ converter-wire ---
[INFO] Changes detected - recompiling the module!
[INFO] Compiling 3 source files to /home/travis/build/square/retrofit/retrofit-converters/wire/target/classes
[WARNING] /home/travis/build/square/retrofit/retrofit-converters/wire/src/main/java/retrofit2/converter/wire/WireConverterFactory.java: /home/travis/build/square/retrofit/retrofit-converters/wire/src/main/java/retrofit2/converter/wire/WireConverterFactory.java uses unchecked or unsafe operations.
[WARNING] /home/travis/build/square/retrofit/retrofit-converters/wire/src/main/java/retrofit2/converter/wire/WireConverterFactory.java: Recompile with -Xlint:unchecked for details.
[INFO] 
[INFO] --- maven-resources-plugin:2.6:testResources (default-testResources) @ converter-wire ---
[INFO] Using 'UTF-8' encoding to copy filtered resources.
[INFO] skip non existing resourceDirectory /home/travis/build/square/retrofit/retrofit-converters/wire/src/test/resources
[INFO] 
[INFO] --- maven-compiler-plugin:3.0:testCompile (default-testCompile) @ converter-wire ---
[INFO] Changes detected - recompiling the module!
[INFO] Compiling 2 source files to /home/travis/build/square/retrofit/retrofit-converters/wire/target/test-classes
[INFO] 
[INFO] --- maven-surefire-plugin:2.12.4:test (default-test) @ converter-wire ---
[INFO] Surefire report directory: /home/travis/build/square/retrofit/retrofit-converters/wire/target/surefire-reports

-------------------------------------------------------
 T E S T S
-------------------------------------------------------
Running retrofit2.converter.wire.WireConverterFactoryTest
Jun 15, 2016 4:30:25 AM okhttp3.mockwebserver.MockWebServer$3 execute
INFO: MockWebServer[52233] starting to accept connections
Jun 15, 2016 4:30:26 AM okhttp3.mockwebserver.MockWebServer$4 processOneRequest
INFO: MockWebServer[52233] received request: POST / HTTP/1.1 and responded: HTTP/1.1 200 OK
Jun 15, 2016 4:30:26 AM okhttp3.mockwebserver.MockWebServer$3 acceptConnections
INFO: MockWebServer[52233] done accepting connections: Socket closed
Jun 15, 2016 4:30:26 AM okhttp3.mockwebserver.MockWebServer$3 execute
INFO: MockWebServer[41353] starting to accept connections
Jun 15, 2016 4:30:26 AM okhttp3.mockwebserver.MockWebServer$3 acceptConnections
INFO: MockWebServer[41353] done accepting connections: Socket is closed
Jun 15, 2016 4:30:26 AM okhttp3.mockwebserver.MockWebServer$3 execute
INFO: MockWebServer[52035] starting to accept connections
Jun 15, 2016 4:30:26 AM okhttp3.mockwebserver.MockWebServer$3 acceptConnections
INFO: MockWebServer[52035] done accepting connections: Socket closed
Jun 15, 2016 4:30:26 AM okhttp3.mockwebserver.MockWebServer$4 processOneRequest
INFO: MockWebServer[52035] received request: GET / HTTP/1.1 and responded: HTTP/1.1 200 OK
Jun 15, 2016 4:30:26 AM okhttp3.mockwebserver.MockWebServer$3 execute
INFO: MockWebServer[48349] starting to accept connections
Jun 15, 2016 4:30:26 AM okhttp3.mockwebserver.MockWebServer$3 acceptConnections
INFO: MockWebServer[48349] done accepting connections: Socket is closed
Jun 15, 2016 4:30:26 AM okhttp3.mockwebserver.MockWebServer$3 execute
INFO: MockWebServer[45806] starting to accept connections
Jun 15, 2016 4:30:26 AM okhttp3.mockwebserver.MockWebServer$3 acceptConnections
INFO: MockWebServer[45806] done accepting connections: Socket closed
Jun 15, 2016 4:30:26 AM okhttp3.mockwebserver.MockWebServer$4 processOneRequest
INFO: MockWebServer[45806] received request: GET / HTTP/1.1 and responded: HTTP/1.1 200 OK
Tests run: 5, Failures: 0, Errors: 0, Skipped: 0, Time elapsed: 0.816 sec

Results :

Tests run: 5, Failures: 0, Errors: 0, Skipped: 0

[INFO] 
[INFO] --- animal-sniffer-maven-plugin:1.14:check (default) @ converter-wire ---
[INFO] Checking unresolved references to org.codehaus.mojo.signature:java16:1.1
[INFO]                                                                         
[INFO] ------------------------------------------------------------------------
[INFO] Building Converter: SimpleXML 2.1.0
[INFO] ------------------------------------------------------------------------
[INFO] 
[INFO] --- maven-enforcer-plugin:1.0:enforce (enforce-maven) @ converter-simplexml ---
[INFO] 
[INFO] --- maven-resources-plugin:2.6:resources (default-resources) @ converter-simplexml ---
[INFO] Using 'UTF-8' encoding to copy filtered resources.
[INFO] skip non existing resourceDirectory /home/travis/build/square/retrofit/retrofit-converters/simplexml/src/main/resources
[INFO] 
[INFO] --- maven-compiler-plugin:3.0:compile (default-compile) @ converter-simplexml ---
[INFO] Changes detected - recompiling the module!
[INFO] Compiling 3 source files to /home/travis/build/square/retrofit/retrofit-converters/simplexml/target/classes
[INFO] 
[INFO] --- maven-resources-plugin:2.6:testResources (default-testResources) @ converter-simplexml ---
[INFO] Using 'UTF-8' encoding to copy filtered resources.
[INFO] skip non existing resourceDirectory /home/travis/build/square/retrofit/retrofit-converters/simplexml/src/test/resources
[INFO] 
[INFO] --- maven-compiler-plugin:3.0:testCompile (default-testCompile) @ converter-simplexml ---
[INFO] Changes detected - recompiling the module!
[INFO] Compiling 2 source files to /home/travis/build/square/retrofit/retrofit-converters/simplexml/target/test-classes
[INFO] 
[INFO] --- maven-surefire-plugin:2.12.4:test (default-test) @ converter-simplexml ---
[INFO] Surefire report directory: /home/travis/build/square/retrofit/retrofit-converters/simplexml/target/surefire-reports

-------------------------------------------------------
 T E S T S
-------------------------------------------------------
Running retrofit2.converter.simplexml.SimpleXmlConverterFactoryTest
Jun 15, 2016 4:30:27 AM okhttp3.mockwebserver.MockWebServer$3 execute
INFO: MockWebServer[45669] starting to accept connections
Jun 15, 2016 4:30:28 AM okhttp3.mockwebserver.MockWebServer$4 processOneRequest
INFO: MockWebServer[45669] received request: GET / HTTP/1.1 and responded: HTTP/1.1 200 OK
Jun 15, 2016 4:30:28 AM okhttp3.mockwebserver.MockWebServer$3 acceptConnections
INFO: MockWebServer[45669] done accepting connections: Socket closed
Jun 15, 2016 4:30:28 AM okhttp3.mockwebserver.MockWebServer$3 execute
INFO: MockWebServer[41981] starting to accept connections
Jun 15, 2016 4:30:28 AM okhttp3.mockwebserver.MockWebServer$4 processOneRequest
INFO: MockWebServer[41981] received request: GET / HTTP/1.1 and responded: HTTP/1.1 200 OK
Jun 15, 2016 4:30:28 AM okhttp3.mockwebserver.MockWebServer$3 acceptConnections
INFO: MockWebServer[41981] done accepting connections: Socket closed
Jun 15, 2016 4:30:28 AM okhttp3.mockwebserver.MockWebServer$3 execute
INFO: MockWebServer[51977] starting to accept connections
Jun 15, 2016 4:30:28 AM okhttp3.mockwebserver.MockWebServer$4 processOneRequest
INFO: MockWebServer[51977] received request: GET / HTTP/1.1 and responded: HTTP/1.1 200 OK
Jun 15, 2016 4:30:28 AM okhttp3.mockwebserver.MockWebServer$3 acceptConnections
INFO: MockWebServer[51977] done accepting connections: Socket closed
Jun 15, 2016 4:30:28 AM okhttp3.mockwebserver.MockWebServer$3 execute
INFO: MockWebServer[60671] starting to accept connections
Jun 15, 2016 4:30:28 AM okhttp3.mockwebserver.MockWebServer$3 acceptConnections
INFO: MockWebServer[60671] done accepting connections: Socket closed
Jun 15, 2016 4:30:28 AM okhttp3.mockwebserver.MockWebServer$4 processOneRequest
INFO: MockWebServer[60671] received request: POST / HTTP/1.1 and responded: HTTP/1.1 200 OK
Tests run: 4, Failures: 0, Errors: 0, Skipped: 0, Time elapsed: 1.387 sec

Results :

Tests run: 4, Failures: 0, Errors: 0, Skipped: 0

[INFO] 
[INFO] --- animal-sniffer-maven-plugin:1.14:check (default) @ converter-simplexml ---
[INFO] Checking unresolved references to org.codehaus.mojo.signature:java16:1.1
[INFO]                                                                         
[INFO] ------------------------------------------------------------------------
[INFO] Building Converter: Java Scalars 2.1.0
[INFO] ------------------------------------------------------------------------
[INFO] 
[INFO] --- maven-enforcer-plugin:1.0:enforce (enforce-maven) @ converter-scalars ---
[INFO] 
[INFO] --- maven-resources-plugin:2.6:resources (default-resources) @ converter-scalars ---
[INFO] Using 'UTF-8' encoding to copy filtered resources.
[INFO] skip non existing resourceDirectory /home/travis/build/square/retrofit/retrofit-converters/scalars/src/main/resources
[INFO] 
[INFO] --- maven-compiler-plugin:3.0:compile (default-compile) @ converter-scalars ---
[INFO] Changes detected - recompiling the module!
[INFO] Compiling 3 source files to /home/travis/build/square/retrofit/retrofit-converters/scalars/target/classes
[INFO] 
[INFO] --- maven-resources-plugin:2.6:testResources (default-testResources) @ converter-scalars ---
[INFO] Using 'UTF-8' encoding to copy filtered resources.
[INFO] skip non existing resourceDirectory /home/travis/build/square/retrofit/retrofit-converters/scalars/src/test/resources
[INFO] 
[INFO] --- maven-compiler-plugin:3.0:testCompile (default-testCompile) @ converter-scalars ---
[INFO] Changes detected - recompiling the module!
[INFO] Compiling 2 source files to /home/travis/build/square/retrofit/retrofit-converters/scalars/target/test-classes
[INFO] 
[INFO] --- maven-surefire-plugin:2.12.4:test (default-test) @ converter-scalars ---
[INFO] Surefire report directory: /home/travis/build/square/retrofit/retrofit-converters/scalars/target/surefire-reports

-------------------------------------------------------
 T E S T S
-------------------------------------------------------
Running retrofit2.converter.scalars.ScalarsConverterFactoryTest
Jun 15, 2016 4:30:30 AM okhttp3.mockwebserver.MockWebServer$3 execute
INFO: MockWebServer[39146] starting to accept connections
Jun 15, 2016 4:30:31 AM okhttp3.mockwebserver.MockWebServer$3 acceptConnections
INFO: MockWebServer[39146] done accepting connections: Socket closed
Jun 15, 2016 4:30:31 AM okhttp3.mockwebserver.MockWebServer$3 execute
INFO: MockWebServer[51069] starting to accept connections
Jun 15, 2016 4:30:31 AM okhttp3.mockwebserver.MockWebServer$4 processOneRequest
INFO: MockWebServer[51069] received request: GET / HTTP/1.1 and responded: HTTP/1.1 200 OK
Jun 15, 2016 4:30:31 AM okhttp3.mockwebserver.MockWebServer$4 processOneRequest
INFO: MockWebServer[51069] received request: GET / HTTP/1.1 and responded: HTTP/1.1 200 OK
Jun 15, 2016 4:30:31 AM okhttp3.mockwebserver.MockWebServer$4 processOneRequest
INFO: MockWebServer[51069] received request: GET / HTTP/1.1 and responded: HTTP/1.1 200 OK
Jun 15, 2016 4:30:31 AM okhttp3.mockwebserver.MockWebServer$4 processOneRequest
INFO: MockWebServer[51069] received request: GET / HTTP/1.1 and responded: HTTP/1.1 200 OK
Jun 15, 2016 4:30:31 AM okhttp3.mockwebserver.MockWebServer$4 processOneRequest
INFO: MockWebServer[51069] received request: GET / HTTP/1.1 and responded: HTTP/1.1 200 OK
Jun 15, 2016 4:30:31 AM okhttp3.mockwebserver.MockWebServer$4 processOneRequest
INFO: MockWebServer[51069] received request: GET / HTTP/1.1 and responded: HTTP/1.1 200 OK
Jun 15, 2016 4:30:31 AM okhttp3.mockwebserver.MockWebServer$4 processOneRequest
INFO: MockWebServer[51069] received request: GET / HTTP/1.1 and responded: HTTP/1.1 200 OK
Jun 15, 2016 4:30:31 AM okhttp3.mockwebserver.MockWebServer$4 processOneRequest
INFO: MockWebServer[51069] received request: GET / HTTP/1.1 and responded: HTTP/1.1 200 OK
Jun 15, 2016 4:30:31 AM okhttp3.mockwebserver.MockWebServer$4 processOneRequest
INFO: MockWebServer[51069] received request: GET / HTTP/1.1 and responded: HTTP/1.1 200 OK
Jun 15, 2016 4:30:31 AM okhttp3.mockwebserver.MockWebServer$4 processOneRequest
INFO: MockWebServer[51069] received request: GET / HTTP/1.1 and responded: HTTP/1.1 200 OK
Jun 15, 2016 4:30:31 AM okhttp3.mockwebserver.MockWebServer$4 processOneRequest
INFO: MockWebServer[51069] received request: GET / HTTP/1.1 and responded: HTTP/1.1 200 OK
Jun 15, 2016 4:30:31 AM okhttp3.mockwebserver.MockWebServer$3 acceptConnections
INFO: MockWebServer[51069] done accepting connections: Socket closed
Jun 15, 2016 4:30:32 AM okhttp3.mockwebserver.MockWebServer$3 execute
INFO: MockWebServer[58233] starting to accept connections
Jun 15, 2016 4:30:32 AM okhttp3.mockwebserver.MockWebServer$4 processOneRequest
INFO: MockWebServer[58233] received request: POST / HTTP/1.1 and responded: HTTP/1.1 200 OK
Jun 15, 2016 4:30:32 AM okhttp3.mockwebserver.MockWebServer$4 processOneRequest
INFO: MockWebServer[58233] received request: POST / HTTP/1.1 and responded: HTTP/1.1 200 OK
Jun 15, 2016 4:30:32 AM okhttp3.mockwebserver.MockWebServer$4 processOneRequest
INFO: MockWebServer[58233] received request: POST / HTTP/1.1 and responded: HTTP/1.1 200 OK
Jun 15, 2016 4:30:32 AM okhttp3.mockwebserver.MockWebServer$4 processOneRequest
INFO: MockWebServer[58233] received request: POST / HTTP/1.1 and responded: HTTP/1.1 200 OK
Jun 15, 2016 4:30:32 AM okhttp3.mockwebserver.MockWebServer$4 processOneRequest
INFO: MockWebServer[58233] received request: POST / HTTP/1.1 and responded: HTTP/1.1 200 OK
Jun 15, 2016 4:30:32 AM okhttp3.mockwebserver.MockWebServer$4 processOneRequest
INFO: MockWebServer[58233] received request: POST / HTTP/1.1 and responded: HTTP/1.1 200 OK
Jun 15, 2016 4:30:32 AM okhttp3.mockwebserver.MockWebServer$4 processOneRequest
INFO: MockWebServer[58233] received request: POST / HTTP/1.1 and responded: HTTP/1.1 200 OK
Jun 15, 2016 4:30:32 AM okhttp3.mockwebserver.MockWebServer$4 processOneRequest
INFO: MockWebServer[58233] received request: POST / HTTP/1.1 and responded: HTTP/1.1 200 OK
Jun 15, 2016 4:30:32 AM okhttp3.mockwebserver.MockWebServer$4 processOneRequest
INFO: MockWebServer[58233] received request: POST / HTTP/1.1 and responded: HTTP/1.1 200 OK
Jun 15, 2016 4:30:32 AM okhttp3.mockwebserver.MockWebServer$4 processOneRequest
INFO: MockWebServer[58233] received request: POST / HTTP/1.1 and responded: HTTP/1.1 200 OK
Jun 15, 2016 4:30:32 AM okhttp3.mockwebserver.MockWebServer$4 processOneRequest
INFO: MockWebServer[58233] received request: POST / HTTP/1.1 and responded: HTTP/1.1 200 OK
Jun 15, 2016 4:30:32 AM okhttp3.mockwebserver.MockWebServer$4 processOneRequest
INFO: MockWebServer[58233] received request: POST / HTTP/1.1 and responded: HTTP/1.1 200 OK
Jun 15, 2016 4:30:32 AM okhttp3.mockwebserver.MockWebServer$4 processOneRequest
INFO: MockWebServer[58233] received request: POST / HTTP/1.1 and responded: HTTP/1.1 200 OK
Jun 15, 2016 4:30:32 AM okhttp3.mockwebserver.MockWebServer$4 processOneRequest
INFO: MockWebServer[58233] received request: POST / HTTP/1.1 and responded: HTTP/1.1 200 OK
Jun 15, 2016 4:30:32 AM okhttp3.mockwebserver.MockWebServer$4 processOneRequest
INFO: MockWebServer[58233] received request: POST / HTTP/1.1 and responded: HTTP/1.1 200 OK
Jun 15, 2016 4:30:32 AM okhttp3.mockwebserver.MockWebServer$4 processOneRequest
INFO: MockWebServer[58233] received request: POST / HTTP/1.1 and responded: HTTP/1.1 200 OK
Jun 15, 2016 4:30:32 AM okhttp3.mockwebserver.MockWebServer$4 processOneRequest
INFO: MockWebServer[58233] received request: POST / HTTP/1.1 and responded: HTTP/1.1 200 OK
Jun 15, 2016 4:30:32 AM okhttp3.mockwebserver.MockWebServer$3 acceptConnections
INFO: MockWebServer[58233] done accepting connections: Socket closed
Jun 15, 2016 4:30:32 AM okhttp3.mockwebserver.MockWebServer$3 execute
INFO: MockWebServer[54285] starting to accept connections
Jun 15, 2016 4:30:32 AM okhttp3.mockwebserver.MockWebServer$3 acceptConnections
INFO: MockWebServer[54285] done accepting connections: Socket is closed
Tests run: 4, Failures: 0, Errors: 0, Skipped: 0, Time elapsed: 1.642 sec
Running retrofit2.converter.scalars.ScalarsConverterPrimitivesFactoryTest
Jun 15, 2016 4:30:32 AM okhttp3.mockwebserver.MockWebServer$3 execute
INFO: MockWebServer[36201] starting to accept connections
Jun 15, 2016 4:30:32 AM okhttp3.mockwebserver.MockWebServer$4 processOneRequest
INFO: MockWebServer[36201] received request: GET / HTTP/1.1 and responded: HTTP/1.1 200 OK
Jun 15, 2016 4:30:32 AM okhttp3.mockwebserver.MockWebServer$4 processOneRequest
INFO: MockWebServer[36201] received request: GET / HTTP/1.1 and responded: HTTP/1.1 200 OK
Jun 15, 2016 4:30:32 AM okhttp3.mockwebserver.MockWebServer$4 processOneRequest
INFO: MockWebServer[36201] received request: GET / HTTP/1.1 and responded: HTTP/1.1 200 OK
Jun 15, 2016 4:30:32 AM okhttp3.mockwebserver.MockWebServer$4 processOneRequest
INFO: MockWebServer[36201] received request: GET / HTTP/1.1 and responded: HTTP/1.1 200 OK
Jun 15, 2016 4:30:32 AM okhttp3.mockwebserver.MockWebServer$4 processOneRequest
INFO: MockWebServer[36201] received request: GET / HTTP/1.1 and responded: HTTP/1.1 200 OK
Jun 15, 2016 4:30:32 AM okhttp3.mockwebserver.MockWebServer$4 processOneRequest
INFO: MockWebServer[36201] received request: GET / HTTP/1.1 and responded: HTTP/1.1 200 OK
Jun 15, 2016 4:30:32 AM okhttp3.mockwebserver.MockWebServer$4 processOneRequest
INFO: MockWebServer[36201] received request: GET / HTTP/1.1 and responded: HTTP/1.1 200 OK
Jun 15, 2016 4:30:32 AM okhttp3.mockwebserver.MockWebServer$4 processOneRequest
INFO: MockWebServer[36201] received request: GET / HTTP/1.1 and responded: HTTP/1.1 200 OK
Jun 15, 2016 4:30:32 AM okhttp3.mockwebserver.MockWebServer$4 processOneRequest
INFO: MockWebServer[36201] received request: GET / HTTP/1.1 and responded: HTTP/1.1 200 OK
Jun 15, 2016 4:30:32 AM okhttp3.mockwebserver.MockWebServer$4 processOneRequest
INFO: MockWebServer[36201] received request: GET / HTTP/1.1 and responded: HTTP/1.1 200 OK
Jun 15, 2016 4:30:32 AM okhttp3.mockwebserver.MockWebServer$3 acceptConnections
INFO: MockWebServer[36201] done accepting connections: Socket closed
Tests run: 1, Failures: 0, Errors: 0, Skipped: 0, Time elapsed: 0.33 sec

Results :

Tests run: 5, Failures: 0, Errors: 0, Skipped: 0

[INFO] 
[INFO] --- animal-sniffer-maven-plugin:1.14:check (default) @ converter-scalars ---
[INFO] Checking unresolved references to org.codehaus.mojo.signature:java16:1.1
[INFO]                                                                         
[INFO] ------------------------------------------------------------------------
[INFO] Building Converter: Moshi 2.1.0
[INFO] ------------------------------------------------------------------------
[INFO] 
[INFO] --- maven-enforcer-plugin:1.0:enforce (enforce-maven) @ converter-moshi ---
[INFO] 
[INFO] --- maven-resources-plugin:2.6:resources (default-resources) @ converter-moshi ---
[INFO] Using 'UTF-8' encoding to copy filtered resources.
[INFO] skip non existing resourceDirectory /home/travis/build/square/retrofit/retrofit-converters/moshi/src/main/resources
[INFO] 
[INFO] --- maven-compiler-plugin:3.0:compile (default-compile) @ converter-moshi ---
[INFO] Changes detected - recompiling the module!
[INFO] Compiling 3 source files to /home/travis/build/square/retrofit/retrofit-converters/moshi/target/classes
[INFO] 
[INFO] --- maven-resources-plugin:2.6:testResources (default-testResources) @ converter-moshi ---
[INFO] Using 'UTF-8' encoding to copy filtered resources.
[INFO] skip non existing resourceDirectory /home/travis/build/square/retrofit/retrofit-converters/moshi/src/test/resources
[INFO] 
[INFO] --- maven-compiler-plugin:3.0:testCompile (default-testCompile) @ converter-moshi ---
[INFO] Changes detected - recompiling the module!
[INFO] Compiling 1 source file to /home/travis/build/square/retrofit/retrofit-converters/moshi/target/test-classes
[INFO] 
[INFO] --- maven-surefire-plugin:2.12.4:test (default-test) @ converter-moshi ---
[INFO] Surefire report directory: /home/travis/build/square/retrofit/retrofit-converters/moshi/target/surefire-reports

-------------------------------------------------------
 T E S T S
-------------------------------------------------------
Running retrofit2.converter.moshi.MoshiConverterFactoryTest
Jun 15, 2016 4:30:34 AM okhttp3.mockwebserver.MockWebServer$3 execute
INFO: MockWebServer[39078] starting to accept connections
Jun 15, 2016 4:30:35 AM okhttp3.mockwebserver.MockWebServer$4 processOneRequest
INFO: MockWebServer[39078] received request: POST / HTTP/1.1 and responded: HTTP/1.1 200 OK
Jun 15, 2016 4:30:35 AM okhttp3.mockwebserver.MockWebServer$3 acceptConnections
INFO: MockWebServer[39078] done accepting connections: Socket closed
Jun 15, 2016 4:30:35 AM okhttp3.mockwebserver.MockWebServer$3 execute
INFO: MockWebServer[34798] starting to accept connections
Jun 15, 2016 4:30:35 AM okhttp3.mockwebserver.MockWebServer$4 processOneRequest
INFO: MockWebServer[34798] received request: POST / HTTP/1.1 and responded: HTTP/1.1 200 OK
Jun 15, 2016 4:30:35 AM okhttp3.mockwebserver.MockWebServer$3 acceptConnections
INFO: MockWebServer[34798] done accepting connections: Socket closed
Jun 15, 2016 4:30:35 AM okhttp3.mockwebserver.MockWebServer$3 execute
INFO: MockWebServer[41437] starting to accept connections
Jun 15, 2016 4:30:35 AM okhttp3.mockwebserver.MockWebServer$3 acceptConnections
INFO: MockWebServer[41437] done accepting connections: Socket closed
Jun 15, 2016 4:30:35 AM okhttp3.mockwebserver.MockWebServer$4 processOneRequest
INFO: MockWebServer[41437] received request: POST / HTTP/1.1 and responded: HTTP/1.1 200 OK
Jun 15, 2016 4:30:35 AM okhttp3.mockwebserver.MockWebServer$3 execute
INFO: MockWebServer[57600] starting to accept connections
Jun 15, 2016 4:30:35 AM okhttp3.mockwebserver.MockWebServer$4 processOneRequest
INFO: MockWebServer[57600] received request: POST / HTTP/1.1 and responded: HTTP/1.1 200 OK
Jun 15, 2016 4:30:35 AM okhttp3.mockwebserver.MockWebServer$3 acceptConnections
INFO: MockWebServer[57600] done accepting connections: Socket closed
Jun 15, 2016 4:30:35 AM okhttp3.mockwebserver.MockWebServer$4 processOneRequest
INFO: MockWebServer[57600] received request: POST / HTTP/1.1 and responded: HTTP/1.1 200 OK
Tests run: 4, Failures: 0, Errors: 0, Skipped: 0, Time elapsed: 1.367 sec

Results :

Tests run: 4, Failures: 0, Errors: 0, Skipped: 0

[INFO] 
[INFO] --- animal-sniffer-maven-plugin:1.14:check (default) @ converter-moshi ---
[INFO] Checking unresolved references to org.codehaus.mojo.signature:java16:1.1
[INFO]                                                                         
[INFO] ------------------------------------------------------------------------
[INFO] Building Retrofit Mock Adapter 2.1.0
[INFO] ------------------------------------------------------------------------
[INFO] 
[INFO] --- maven-enforcer-plugin:1.0:enforce (enforce-maven) @ retrofit-mock ---
[INFO] 
[INFO] --- maven-resources-plugin:2.6:resources (default-resources) @ retrofit-mock ---
[INFO] Using 'UTF-8' encoding to copy filtered resources.
[INFO] skip non existing resourceDirectory /home/travis/build/square/retrofit/retrofit-mock/src/main/resources
[INFO] 
[INFO] --- maven-compiler-plugin:3.0:compile (default-compile) @ retrofit-mock ---
[INFO] Changes detected - recompiling the module!
[INFO] Compiling 5 source files to /home/travis/build/square/retrofit/retrofit-mock/target/classes
[INFO] 
[INFO] --- maven-resources-plugin:2.6:testResources (default-testResources) @ retrofit-mock ---
[INFO] Using 'UTF-8' encoding to copy filtered resources.
[INFO] skip non existing resourceDirectory /home/travis/build/square/retrofit/retrofit-mock/src/test/resources
[INFO] 
[INFO] --- maven-compiler-plugin:3.0:testCompile (default-testCompile) @ retrofit-mock ---
[INFO] Changes detected - recompiling the module!
[INFO] Compiling 3 source files to /home/travis/build/square/retrofit/retrofit-mock/target/test-classes
[INFO] 
[INFO] --- maven-surefire-plugin:2.12.4:test (default-test) @ retrofit-mock ---
[INFO] Surefire report directory: /home/travis/build/square/retrofit/retrofit-mock/target/surefire-reports

-------------------------------------------------------
 T E S T S
-------------------------------------------------------
Running retrofit2.mock.BehaviorDelegateTest
Tests run: 10, Failures: 0, Errors: 0, Skipped: 0, Time elapsed: 1.809 sec
Running retrofit2.mock.MockRetrofitTest
Tests run: 8, Failures: 0, Errors: 0, Skipped: 0, Time elapsed: 0.076 sec
Running retrofit2.mock.NetworkBehaviorTest
Tests run: 6, Failures: 0, Errors: 0, Skipped: 0, Time elapsed: 0.072 sec

Results :

Tests run: 24, Failures: 0, Errors: 0, Skipped: 0

[INFO] 
[INFO] --- animal-sniffer-maven-plugin:1.14:check (default) @ retrofit-mock ---
[INFO] Checking unresolved references to org.codehaus.mojo.signature:java16:1.1
[INFO]                                                                         
[INFO] ------------------------------------------------------------------------
[INFO] Building Samples 2.1.0
[INFO] ------------------------------------------------------------------------
[INFO] 
[INFO] --- maven-enforcer-plugin:1.0:enforce (enforce-maven) @ samples ---
[INFO] 
[INFO] --- maven-resources-plugin:2.6:resources (default-resources) @ samples ---
[INFO] Using 'UTF-8' encoding to copy filtered resources.
[INFO] skip non existing resourceDirectory /home/travis/build/square/retrofit/samples/src/main/resources
[INFO] 
[INFO] --- maven-compiler-plugin:3.0:compile (default-compile) @ samples ---
[INFO] Changes detected - recompiling the module!
[INFO] Compiling 9 source files to /home/travis/build/square/retrofit/samples/target/classes
[INFO] 
[INFO] --- maven-resources-plugin:2.6:testResources (default-testResources) @ samples ---
[INFO] Using 'UTF-8' encoding to copy filtered resources.
[INFO] skip non existing resourceDirectory /home/travis/build/square/retrofit/samples/src/test/resources
[INFO] 
[INFO] --- maven-compiler-plugin:3.0:testCompile (default-testCompile) @ samples ---
[INFO] No sources to compile
[INFO] 
[INFO] --- maven-surefire-plugin:2.12.4:test (default-test) @ samples ---
[INFO] No tests to run.
[INFO] 
[INFO] --- animal-sniffer-maven-plugin:1.14:check (default) @ samples ---
[INFO] Checking unresolved references to org.codehaus.mojo.signature:java16:1.1
[INFO] ------------------------------------------------------------------------
[INFO] Reactor Summary:
[INFO] 
[INFO] Retrofit (Parent) .................................. SUCCESS [  1.885 s]
[INFO] Retrofit ........................................... SUCCESS [ 24.503 s]
[INFO] Adapters ........................................... SUCCESS [  0.360 s]
[INFO] Adapter: Guava ..................................... SUCCESS [  2.316 s]
[INFO] Adapter: Java 8 .................................... SUCCESS [  2.177 s]
[INFO] Adapter: RxJava .................................... SUCCESS [  3.407 s]
[INFO] Converters ......................................... SUCCESS [  0.154 s]
[INFO] Converter: Gson .................................... SUCCESS [  1.394 s]
[INFO] Converter: Protocol Buffers ........................ SUCCESS [  1.815 s]
[INFO] Converter: Jackson ................................. SUCCESS [  1.997 s]
[INFO] Converter: Wire Protocol Buffers ................... SUCCESS [  1.560 s]
[INFO] Converter: SimpleXML ............................... SUCCESS [  2.671 s]
[INFO] Converter: Java Scalars ............................ SUCCESS [  3.490 s]
[INFO] Converter: Moshi ................................... SUCCESS [  2.990 s]
[INFO] Retrofit Mock Adapter .............................. SUCCESS [  3.231 s]
[INFO] Samples ............................................ SUCCESS [  1.811 s]
[INFO] ------------------------------------------------------------------------
[INFO] BUILD SUCCESS
[INFO] ------------------------------------------------------------------------
[INFO] Total time: 56.292 s
[INFO] Finished at: 2016-06-15T04:30:40+00:00
[INFO] Final Memory: 31M/351M
[INFO] ------------------------------------------------------------------------

travis_time:end:152e3b08:start=1465964982489583852,finish=1465965046435259933,duration=63945676081[0K
[32;1mThe command "mvn test -B" exited with 0.[0m
travis_fold:start:cache.2[0Kstore build cache
travis_time:start:064f74c0[0K
travis_time:end:064f74c0:start=1465965046440098801,finish=1465965046443836305,duration=3737504[0Ktravis_time:start:0084ca08[0K[32;1mchange detected (content changed, file is created, or file is deleted):
/home/travis/.m2/repository/com/google/code/gson/gson/2.7/gson-2.7.jar
/home/travis/.m2/repository/com/google/code/gson/gson/2.7/gson-2.7.jar.sha1
/home/travis/.m2/repository/com/google/code/gson/gson/2.7/gson-2.7.pom
/home/travis/.m2/repository/com/google/code/gson/gson/2.7/gson-2.7.pom.sha1
/home/travis/.m2/repository/com/google/code/gson/gson/2.7/_remote.repositories
/home/travis/.m2/repository/com/google/code/gson/gson-parent/2.7/gson-parent-2.7.pom
/home/travis/.m2/repository/com/google/code/gson/gson-parent/2.7/gson-parent-2.7.pom.sha1
/home/travis/.m2/repository/com/google/code/gson/gson-parent/2.7/_remote.repositories
/home/travis/.m2/repository/com/squareup/retrofit2/adapter-guava/2.1.0/adapter-guava-2.1.0.jar
/home/travis/.m2/repository/com/squareup/retrofit2/adapter-guava/2.1.0/adapter-guava-2.1.0.pom
/home/travis/.m2/repository/com/squareup/retrofit2/adapter-guava/2.1.0/_remote.repositories
/home/travis/.m2/repository/com/squareup/retrofit2/adapter-guava/maven-metadata-local
[0m
[32;1m...
[0m
[32;1mchanges detected, packing new archive[0m
.
[32;1muploading archive[0m

travis_time:end:0084ca08:start=1465965046448165619,finish=1465965058105271031,duration=11657105412[0Ktravis_fold:end:cache.2[0Ktravis_fold:start:after_success[0Ktravis_time:start:0182f548[0K$ .buildscript/deploy_snapshot.sh
Deploying snapshot...
Java HotSpot(TM) 64-Bit Server VM warning: ignoring option MaxPermSize=192m; support was removed in 8.0
[INFO] Scanning for projects...
[WARNING] 
[WARNING] Some problems were encountered while building the effective model for com.squareup.retrofit2:samples:jar:2.1.0
[WARNING] 'build.plugins.plugin.version' for org.apache.maven.plugins:maven-deploy-plugin is missing. @ com.squareup.retrofit2:samples:[unknown-version], /home/travis/build/square/retrofit/samples/pom.xml, line 55, column 15
[WARNING] 
[WARNING] It is highly recommended to fix these problems because they threaten the stability of your build.
[WARNING] 
[WARNING] For this reason, future Maven versions might no longer support building such malformed projects.
[WARNING] 
[INFO] ------------------------------------------------------------------------
[INFO] Reactor Build Order:
[INFO] 
[INFO] Retrofit (Parent)
[INFO] Retrofit
[INFO] Adapters
[INFO] Adapter: Guava
[INFO] Adapter: Java 8
[INFO] Adapter: RxJava
[INFO] Converters
[INFO] Converter: Gson
[INFO] Converter: Protocol Buffers
[INFO] Converter: Jackson
[INFO] Converter: Wire Protocol Buffers
[INFO] Converter: SimpleXML
[INFO] Converter: Java Scalars
[INFO] Converter: Moshi
[INFO] Retrofit Mock Adapter
[INFO] Samples
Downloading: https://repo.maven.apache.org/maven2/org/apache/maven/plugins/maven-release-plugin/2.5/maven-release-plugin-2.5.pom
3/11 KB   5/11 KB   8/11 KB   11/11 KB   11/11 KB              Downloaded: https://repo.maven.apache.org/maven2/org/apache/maven/plugins/maven-release-plugin/2.5/maven-release-plugin-2.5.pom (11 KB at 16.0 KB/sec)
Downloading: https://repo.maven.apache.org/maven2/org/apache/maven/release/maven-release/2.5/maven-release-2.5.pom
3/5 KB     5/5 KB            Downloaded: https://repo.maven.apache.org/maven2/org/apache/maven/release/maven-release/2.5/maven-release-2.5.pom (5 KB at 91.0 KB/sec)
Downloading: https://repo.maven.apache.org/maven2/org/apache/maven/plugins/maven-release-plugin/2.5/maven-release-plugin-2.5.jar
3/50 KB   5/50 KB   8/50 KB   11/50 KB   13/50 KB   16/50 KB   19/50 KB   21/50 KB   24/50 KB   27/50 KB   29/50 KB   32/50 KB   36/50 KB   40/50 KB   44/50 KB   48/50 KB   50/50 KB              Downloaded: https://repo.maven.apache.org/maven2/org/apache/maven/plugins/maven-release-plugin/2.5/maven-release-plugin-2.5.jar (50 KB at 735.1 KB/sec)
Downloading: https://repo.maven.apache.org/maven2/org/apache/maven/plugins/maven-clean-plugin/2.5/maven-clean-plugin-2.5.pom
3/4 KB     4/4 KB            Downloaded: https://repo.maven.apache.org/maven2/org/apache/maven/plugins/maven-clean-plugin/2.5/maven-clean-plugin-2.5.pom (4 KB at 44.0 KB/sec)
Downloading: https://repo.maven.apache.org/maven2/org/apache/maven/plugins/maven-clean-plugin/2.5/maven-clean-plugin-2.5.jar
3/25 KB   5/25 KB   8/25 KB   11/25 KB   13/25 KB   16/25 KB   19/25 KB   21/25 KB   24/25 KB   25/25 KB              Downloaded: https://repo.maven.apache.org/maven2/org/apache/maven/plugins/maven-clean-plugin/2.5/maven-clean-plugin-2.5.jar (25 KB at 400.9 KB/sec)
Downloading: https://repo.maven.apache.org/maven2/org/apache/maven/plugins/maven-deploy-plugin/2.7/maven-deploy-plugin-2.7.pom
3/6 KB     5/6 KB   6/6 KB            Downloaded: https://repo.maven.apache.org/maven2/org/apache/maven/plugins/maven-deploy-plugin/2.7/maven-deploy-plugin-2.7.pom (6 KB at 73.1 KB/sec)
Downloading: https://repo.maven.apache.org/maven2/org/apache/maven/plugins/maven-deploy-plugin/2.7/maven-deploy-plugin-2.7.jar
3/27 KB   5/27 KB   8/27 KB   11/27 KB   13/27 KB   16/27 KB   19/27 KB   21/27 KB   24/27 KB   27/27 KB   27/27 KB              Downloaded: https://repo.maven.apache.org/maven2/org/apache/maven/plugins/maven-deploy-plugin/2.7/maven-deploy-plugin-2.7.jar (27 KB at 569.6 KB/sec)
Downloading: https://repo.maven.apache.org/maven2/org/apache/maven/plugins/maven-site-plugin/3.3/maven-site-plugin-3.3.pom
3/21 KB    5/21 KB   8/21 KB   11/21 KB   13/21 KB   16/21 KB   19/21 KB   21/21 KB              Downloaded: https://repo.maven.apache.org/maven2/org/apache/maven/plugins/maven-site-plugin/3.3/maven-site-plugin-3.3.pom (21 KB at 356.6 KB/sec)
Downloading: https://repo.maven.apache.org/maven2/org/apache/maven/plugins/maven-plugins/24/maven-plugins-24.pom
3/11 KB    5/11 KB   8/11 KB   11/11 KB   11/11 KB              Downloaded: https://repo.maven.apache.org/maven2/org/apache/maven/plugins/maven-plugins/24/maven-plugins-24.pom (11 KB at 270.6 KB/sec)
Downloading: https://repo.maven.apache.org/maven2/org/apache/maven/plugins/maven-site-plugin/3.3/maven-site-plugin-3.3.jar
3/122 KB   5/122 KB   8/122 KB   11/122 KB   13/122 KB   16/122 KB   19/122 KB   21/122 KB   24/122 KB   27/122 KB   29/122 KB   32/122 KB   36/122 KB   40/122 KB   44/122 KB   48/122 KB   52/122 KB   56/122 KB   60/122 KB   64/122 KB   68/122 KB   72/122 KB   76/122 KB   80/122 KB   84/122 KB   88/122 KB   92/122 KB   96/122 KB   100/122 KB   104/122 KB   108/122 KB   112/122 KB   116/122 KB   120/122 KB   122/122 KB                Downloaded: https://repo.maven.apache.org/maven2/org/apache/maven/plugins/maven-site-plugin/3.3/maven-site-plugin-3.3.jar (122 KB at 1029.2 KB/sec)
Downloading: https://repo.maven.apache.org/maven2/org/apache/maven/plugins/maven-antrun-plugin/1.3/maven-antrun-plugin-1.3.pom
4/5 KB       5/5 KB            Downloaded: https://repo.maven.apache.org/maven2/org/apache/maven/plugins/maven-antrun-plugin/1.3/maven-antrun-plugin-1.3.pom (5 KB at 177.7 KB/sec)
Downloading: https://repo.maven.apache.org/maven2/org/apache/maven/plugins/maven-plugins/12/maven-plugins-12.pom
3/12 KB   5/12 KB   8/12 KB   11/12 KB   12/12 KB              Downloaded: https://repo.maven.apache.org/maven2/org/apache/maven/plugins/maven-plugins/12/maven-plugins-12.pom (12 KB at 347.7 KB/sec)
Downloading: https://repo.maven.apache.org/maven2/org/apache/maven/maven-parent/9/maven-parent-9.pom
3/33 KB    5/33 KB   8/33 KB   11/33 KB   13/33 KB   16/33 KB   19/33 KB   21/33 KB   24/33 KB   27/33 KB   29/33 KB   32/33 KB   33/33 KB              Downloaded: https://repo.maven.apache.org/maven2/org/apache/maven/maven-parent/9/maven-parent-9.pom (33 KB at 517.2 KB/sec)
Downloading: https://repo.maven.apache.org/maven2/org/apache/maven/plugins/maven-antrun-plugin/1.3/maven-antrun-plugin-1.3.jar
3/24 KB    5/24 KB   8/24 KB   11/24 KB   13/24 KB   16/24 KB   19/24 KB   21/24 KB   24/24 KB              Downloaded: https://repo.maven.apache.org/maven2/org/apache/maven/plugins/maven-antrun-plugin/1.3/maven-antrun-plugin-1.3.jar (24 KB at 403.9 KB/sec)
Downloading: https://repo.maven.apache.org/maven2/org/apache/maven/plugins/maven-assembly-plugin/2.2-beta-5/maven-assembly-plugin-2.2-beta-5.pom
3/15 KB    5/15 KB   8/15 KB   11/15 KB   13/15 KB   15/15 KB              Downloaded: https://repo.maven.apache.org/maven2/org/apache/maven/plugins/maven-assembly-plugin/2.2-beta-5/maven-assembly-plugin-2.2-beta-5.pom (15 KB at 379.6 KB/sec)
Downloading: https://repo.maven.apache.org/maven2/org/apache/maven/plugins/maven-plugins/16/maven-plugins-16.pom
3/13 KB    5/13 KB   8/13 KB   11/13 KB   13/13 KB              Downloaded: https://repo.maven.apache.org/maven2/org/apache/maven/plugins/maven-plugins/16/maven-plugins-16.pom (13 KB at 225.8 KB/sec)
Downloading: https://repo.maven.apache.org/maven2/org/apache/maven/maven-parent/15/maven-parent-15.pom
3/24 KB    5/24 KB   8/24 KB   11/24 KB   13/24 KB   16/24 KB   19/24 KB   21/24 KB   24/24 KB              Downloaded: https://repo.maven.apache.org/maven2/org/apache/maven/maven-parent/15/maven-parent-15.pom (24 KB at 586.0 KB/sec)
Downloading: https://repo.maven.apache.org/maven2/org/apache/maven/plugins/maven-assembly-plugin/2.2-beta-5/maven-assembly-plugin-2.2-beta-5.jar
3/204 KB   5/204 KB   8/204 KB   11/204 KB   13/204 KB   16/204 KB   19/204 KB   21/204 KB   24/204 KB   27/204 KB   29/204 KB   32/204 KB   36/204 KB   40/204 KB   44/204 KB   48/204 KB   52/204 KB   56/204 KB   60/204 KB   64/204 KB   68/204 KB   72/204 KB   76/204 KB   80/204 KB   84/204 KB   88/204 KB   92/204 KB   96/204 KB   100/204 KB   104/204 KB   108/204 KB   112/204 KB   116/204 KB   120/204 KB   124/204 KB   128/204 KB   132/204 KB   136/204 KB   140/204 KB   144/204 KB   148/204 KB   152/204 KB   156/204 KB   160/204 KB   164/204 KB   168/204 KB   172/204 KB   176/204 KB   180/204 KB   184/204 KB   188/204 KB   192/204 KB   196/204 KB   200/204 KB   204/204 KB   204/204 KB                Downloaded: https://repo.maven.apache.org/maven2/org/apache/maven/plugins/maven-assembly-plugin/2.2-beta-5/maven-assembly-plugin-2.2-beta-5.jar (204 KB at 1185.9 KB/sec)
Downloading: https://repo.maven.apache.org/maven2/org/apache/maven/plugins/maven-dependency-plugin/2.8/maven-dependency-plugin-2.8.pom
4/12 KB      8/12 KB   12/12 KB              Downloaded: https://repo.maven.apache.org/maven2/org/apache/maven/plugins/maven-dependency-plugin/2.8/maven-dependency-plugin-2.8.pom (12 KB at 360.8 KB/sec)
Downloading: https://repo.maven.apache.org/maven2/org/apache/maven/plugins/maven-dependency-plugin/2.8/maven-dependency-plugin-2.8.jar
4/150 KB   8/150 KB   12/150 KB   16/150 KB   20/150 KB   24/150 KB   28/150 KB   32/150 KB   36/150 KB   40/150 KB   44/150 KB   48/150 KB   52/150 KB   56/150 KB   60/150 KB   64/150 KB   68/150 KB   72/150 KB   76/150 KB   80/150 KB   84/150 KB   88/150 KB   92/150 KB   96/150 KB   100/150 KB   104/150 KB   108/150 KB   112/150 KB   116/150 KB   120/150 KB   124/150 KB   128/150 KB   132/150 KB   136/150 KB   140/150 KB   144/150 KB   148/150 KB   150/150 KB                Downloaded: https://repo.maven.apache.org/maven2/org/apache/maven/plugins/maven-dependency-plugin/2.8/maven-dependency-plugin-2.8.jar (150 KB at 854.8 KB/sec)
Downloading: https://repo.maven.apache.org/maven2/org/apache/maven/plugins/maven-release-plugin/2.1/maven-release-plugin-2.1.pom
4/9 KB       8/9 KB   9/9 KB            Downloaded: https://repo.maven.apache.org/maven2/org/apache/maven/plugins/maven-release-plugin/2.1/maven-release-plugin-2.1.pom (9 KB at 229.4 KB/sec)
Downloading: https://repo.maven.apache.org/maven2/org/apache/maven/release/maven-release/2.1/maven-release-2.1.pom
3/7 KB   6/7 KB   7/7 KB            Downloaded: https://repo.maven.apache.org/maven2/org/apache/maven/release/maven-release/2.1/maven-release-2.1.pom (7 KB at 230.2 KB/sec)
Downloading: https://repo.maven.apache.org/maven2/org/apache/maven/plugins/maven-release-plugin/2.1/maven-release-plugin-2.1.jar
3/40 KB   5/40 KB   8/40 KB   11/40 KB   13/40 KB   16/40 KB   19/40 KB   21/40 KB   24/40 KB   27/40 KB   29/40 KB   32/40 KB   35/40 KB   37/40 KB   40/40 KB              Downloaded: https://repo.maven.apache.org/maven2/org/apache/maven/plugins/maven-release-plugin/2.1/maven-release-plugin-2.1.jar (40 KB at 834.5 KB/sec)
Downloading: https://repo.maven.apache.org/maven2/org/codehaus/mojo/maven-metadata.xml
Downloading: https://repo.maven.apache.org/maven2/org/apache/maven/plugins/maven-metadata.xml
2/13 KB    5/13 KB   8/13 KB   11/13 KB   13/13 KB   13/13 KB   3/20 KB   13/13 KB   5/20 KB   13/13 KB   8/20 KB   13/13 KB   11/20 KB   13/13 KB   13/20 KB   13/13 KB   16/20 KB   13/13 KB                         Downloaded: https://repo.maven.apache.org/maven2/org/apache/maven/plugins/maven-metadata.xml (13 KB at 221.2 KB/sec)
19/20 KB              20/20 KB              Downloaded: https://repo.maven.apache.org/maven2/org/codehaus/mojo/maven-metadata.xml (20 KB at 253.1 KB/sec)
Downloading: https://repo.maven.apache.org/maven2/org/apache/maven/plugins/maven-source-plugin/maven-metadata.xml
781/781 B               Downloaded: https://repo.maven.apache.org/maven2/org/apache/maven/plugins/maven-source-plugin/maven-metadata.xml (781 B at 18.6 KB/sec)
Downloading: https://repo.maven.apache.org/maven2/org/apache/maven/plugins/maven-source-plugin/3.0.0/maven-source-plugin-3.0.0.pom
3/6 KB      5/6 KB   6/6 KB            Downloaded: https://repo.maven.apache.org/maven2/org/apache/maven/plugins/maven-source-plugin/3.0.0/maven-source-plugin-3.0.0.pom (6 KB at 198.4 KB/sec)
Downloading: https://repo.maven.apache.org/maven2/org/apache/maven/plugins/maven-plugins/28/maven-plugins-28.pom
3/12 KB   5/12 KB   8/12 KB   11/12 KB   12/12 KB              Downloaded: https://repo.maven.apache.org/maven2/org/apache/maven/plugins/maven-plugins/28/maven-plugins-28.pom (12 KB at 345.6 KB/sec)
Downloading: https://repo.maven.apache.org/maven2/org/apache/maven/maven-parent/27/maven-parent-27.pom
3/40 KB    5/40 KB   8/40 KB   11/40 KB   13/40 KB   16/40 KB   19/40 KB   21/40 KB   24/40 KB   27/40 KB   29/40 KB   32/40 KB   36/40 KB   40/40 KB   40/40 KB              Downloaded: https://repo.maven.apache.org/maven2/org/apache/maven/maven-parent/27/maven-parent-27.pom (40 KB at 811.3 KB/sec)
Downloading: https://repo.maven.apache.org/maven2/org/apache/apache/17/apache-17.pom
4/16 KB    8/16 KB   12/16 KB   16/16 KB   16/16 KB              Downloaded: https://repo.maven.apache.org/maven2/org/apache/apache/17/apache-17.pom (16 KB at 603.1 KB/sec)
Downloading: https://repo.maven.apache.org/maven2/org/apache/maven/plugins/maven-source-plugin/3.0.0/maven-source-plugin-3.0.0.jar
4/31 KB    8/31 KB   12/31 KB   16/31 KB   20/31 KB   24/31 KB   28/31 KB   31/31 KB              Downloaded: https://repo.maven.apache.org/maven2/org/apache/maven/plugins/maven-source-plugin/3.0.0/maven-source-plugin-3.0.0.jar (31 KB at 668.3 KB/sec)
[INFO]                                                                         
[INFO] ------------------------------------------------------------------------
[INFO] Building Retrofit (Parent) 2.1.0
[INFO] ------------------------------------------------------------------------
[INFO] 
[INFO] --- maven-clean-plugin:2.5:clean (default-clean) @ parent ---
[INFO] 
[INFO] >>> maven-source-plugin:3.0.0:jar (default-cli) > generate-sources @ parent >>>
[INFO] 
[INFO] --- maven-enforcer-plugin:1.0:enforce (enforce-maven) @ parent ---
[INFO] 
[INFO] <<< maven-source-plugin:3.0.0:jar (default-cli) < generate-sources @ parent <<<
[INFO] 
[INFO] --- maven-source-plugin:3.0.0:jar (default-cli) @ parent ---
Downloading: https://repo.maven.apache.org/maven2/org/apache/maven/maven-model/3.0/maven-model-3.0.pom
3/4 KB     4/4 KB            Downloaded: https://repo.maven.apache.org/maven2/org/apache/maven/maven-model/3.0/maven-model-3.0.pom (4 KB at 22.8 KB/sec)
Downloading: https://repo.maven.apache.org/maven2/org/apache/maven/maven/3.0/maven-3.0.pom
3/22 KB   5/22 KB   8/22 KB   11/22 KB   13/22 KB   16/22 KB   19/22 KB   21/22 KB   22/22 KB              Downloaded: https://repo.maven.apache.org/maven2/org/apache/maven/maven/3.0/maven-3.0.pom (22 KB at 508.9 KB/sec)
Downloading: https://repo.maven.apache.org/maven2/org/codehaus/plexus/plexus-utils/2.0.4/plexus-utils-2.0.4.pom
3/4 KB     4/4 KB            Downloaded: https://repo.maven.apache.org/maven2/org/codehaus/plexus/plexus-utils/2.0.4/plexus-utils-2.0.4.pom (4 KB at 116.3 KB/sec)
Downloading: https://repo.maven.apache.org/maven2/org/apache/maven/maven-artifact/3.0/maven-artifact-3.0.pom
2/2 KB            Downloaded: https://repo.maven.apache.org/maven2/org/apache/maven/maven-artifact/3.0/maven-artifact-3.0.pom (2 KB at 69.7 KB/sec)
Downloading: https://repo.maven.apache.org/maven2/org/apache/maven/maven-plugin-api/3.0/maven-plugin-api-3.0.pom
3/3 KB   3/3 KB            Downloaded: https://repo.maven.apache.org/maven2/org/apache/maven/maven-plugin-api/3.0/maven-plugin-api-3.0.pom (3 KB at 93.1 KB/sec)
Downloading: https://repo.maven.apache.org/maven2/org/sonatype/sisu/sisu-inject-plexus/1.4.2/sisu-inject-plexus-1.4.2.pom
3/6 KB   5/6 KB   6/6 KB            Downloaded: https://repo.maven.apache.org/maven2/org/sonatype/sisu/sisu-inject-plexus/1.4.2/sisu-inject-plexus-1.4.2.pom (6 KB at 141.7 KB/sec)
Downloading: https://repo.maven.apache.org/maven2/org/sonatype/sisu/inject/guice-plexus/1.4.2/guice-plexus-1.4.2.pom
3/4 KB   4/4 KB            Downloaded: https://repo.maven.apache.org/maven2/org/sonatype/sisu/inject/guice-plexus/1.4.2/guice-plexus-1.4.2.pom (4 KB at 122.2 KB/sec)
Downloading: https://repo.maven.apache.org/maven2/org/sonatype/sisu/inject/guice-bean/1.4.2/guice-bean-1.4.2.pom
3/3 KB   3/3 KB            Downloaded: https://repo.maven.apache.org/maven2/org/sonatype/sisu/inject/guice-bean/1.4.2/guice-bean-1.4.2.pom (3 KB at 84.8 KB/sec)
Downloading: https://repo.maven.apache.org/maven2/org/sonatype/sisu/sisu-inject/1.4.2/sisu-inject-1.4.2.pom
2/2 KB            Downloaded: https://repo.maven.apache.org/maven2/org/sonatype/sisu/sisu-inject/1.4.2/sisu-inject-1.4.2.pom (2 KB at 42.1 KB/sec)
Downloading: https://repo.maven.apache.org/maven2/org/sonatype/sisu/sisu-parent/1.4.2/sisu-parent-1.4.2.pom
3/8 KB   5/8 KB   8/8 KB   8/8 KB            Downloaded: https://repo.maven.apache.org/maven2/org/sonatype/sisu/sisu-parent/1.4.2/sisu-parent-1.4.2.pom (8 KB at 124.5 KB/sec)
Downloading: https://repo.maven.apache.org/maven2/org/sonatype/forge/forge-parent/6/forge-parent-6.pom
3/11 KB   5/11 KB   8/11 KB   11/11 KB   11/11 KB              Downloaded: https://repo.maven.apache.org/maven2/org/sonatype/forge/forge-parent/6/forge-parent-6.pom (11 KB at 269.3 KB/sec)
Downloading: https://repo.maven.apache.org/maven2/org/codehaus/plexus/plexus-classworlds/2.2.3/plexus-classworlds-2.2.3.pom
3/4 KB     4/4 KB            Downloaded: https://repo.maven.apache.org/maven2/org/codehaus/plexus/plexus-classworlds/2.2.3/plexus-classworlds-2.2.3.pom (4 KB at 114.8 KB/sec)
Downloading: https://repo.maven.apache.org/maven2/org/sonatype/sisu/sisu-inject-bean/1.4.2/sisu-inject-bean-1.4.2.pom
3/6 KB   5/6 KB   6/6 KB            Downloaded: https://repo.maven.apache.org/maven2/org/sonatype/sisu/sisu-inject-bean/1.4.2/sisu-inject-bean-1.4.2.pom (6 KB at 126.9 KB/sec)
Downloading: https://repo.maven.apache.org/maven2/org/sonatype/sisu/sisu-guice/2.1.7/sisu-guice-2.1.7.pom
3/11 KB   5/11 KB   8/11 KB   11/11 KB   11/11 KB              Downloaded: https://repo.maven.apache.org/maven2/org/sonatype/sisu/sisu-guice/2.1.7/sisu-guice-2.1.7.pom (11 KB at 327.3 KB/sec)
Downloading: https://repo.maven.apache.org/maven2/org/apache/maven/maven-core/3.0/maven-core-3.0.pom
3/7 KB     5/7 KB   7/7 KB            Downloaded: https://repo.maven.apache.org/maven2/org/apache/maven/maven-core/3.0/maven-core-3.0.pom (7 KB at 196.2 KB/sec)
Downloading: https://repo.maven.apache.org/maven2/org/apache/maven/maven-settings/3.0/maven-settings-3.0.pom
2/2 KB            Downloaded: https://repo.maven.apache.org/maven2/org/apache/maven/maven-settings/3.0/maven-settings-3.0.pom (2 KB at 63.3 KB/sec)
Downloading: https://repo.maven.apache.org/maven2/org/apache/maven/maven-settings-builder/3.0/maven-settings-builder-3.0.pom
3/3 KB   3/3 KB            Downloaded: https://repo.maven.apache.org/maven2/org/apache/maven/maven-settings-builder/3.0/maven-settings-builder-3.0.pom (3 KB at 80.3 KB/sec)
Downloading: https://repo.maven.apache.org/maven2/org/apache/maven/maven-repository-metadata/3.0/maven-repository-metadata-3.0.pom
2/2 KB            Downloaded: https://repo.maven.apache.org/maven2/org/apache/maven/maven-repository-metadata/3.0/maven-repository-metadata-3.0.pom (2 KB at 78.5 KB/sec)
Downloading: https://repo.maven.apache.org/maven2/org/apache/maven/maven-model-builder/3.0/maven-model-builder-3.0.pom
3/3 KB   3/3 KB            Downloaded: https://repo.maven.apache.org/maven2/org/apache/maven/maven-model-builder/3.0/maven-model-builder-3.0.pom (3 KB at 59.3 KB/sec)
Downloading: https://repo.maven.apache.org/maven2/org/apache/maven/maven-aether-provider/3.0/maven-aether-provider-3.0.pom
3/3 KB   3/3 KB            Downloaded: https://repo.maven.apache.org/maven2/org/apache/maven/maven-aether-provider/3.0/maven-aether-provider-3.0.pom (3 KB at 100.5 KB/sec)
Downloading: https://repo.maven.apache.org/maven2/org/sonatype/aether/aether-api/1.7/aether-api-1.7.pom
2/2 KB            Downloaded: https://repo.maven.apache.org/maven2/org/sonatype/aether/aether-api/1.7/aether-api-1.7.pom (2 KB at 46.7 KB/sec)
Downloading: https://repo.maven.apache.org/maven2/org/sonatype/aether/aether-parent/1.7/aether-parent-1.7.pom
3/8 KB   5/8 KB   8/8 KB            Downloaded: https://repo.maven.apache.org/maven2/org/sonatype/aether/aether-parent/1.7/aether-parent-1.7.pom (8 KB at 301.8 KB/sec)
Downloading: https://repo.maven.apache.org/maven2/org/sonatype/aether/aether-util/1.7/aether-util-1.7.pom
3/3 KB            Downloaded: https://repo.maven.apache.org/maven2/org/sonatype/aether/aether-util/1.7/aether-util-1.7.pom (3 KB at 71.9 KB/sec)
Downloading: https://repo.maven.apache.org/maven2/org/sonatype/aether/aether-impl/1.7/aether-impl-1.7.pom
3/4 KB   4/4 KB            Downloaded: https://repo.maven.apache.org/maven2/org/sonatype/aether/aether-impl/1.7/aether-impl-1.7.pom (4 KB at 138.7 KB/sec)
Downloading: https://repo.maven.apache.org/maven2/org/sonatype/aether/aether-spi/1.7/aether-spi-1.7.pom
2/2 KB            Downloaded: https://repo.maven.apache.org/maven2/org/sonatype/aether/aether-spi/1.7/aether-spi-1.7.pom (2 KB at 63.0 KB/sec)
Downloading: https://repo.maven.apache.org/maven2/org/apache/maven/maven-archiver/3.0.0/maven-archiver-3.0.0.pom
3/5 KB   5/5 KB            Downloaded: https://repo.maven.apache.org/maven2/org/apache/maven/maven-archiver/3.0.0/maven-archiver-3.0.0.pom (5 KB at 138.3 KB/sec)
Downloading: https://repo.maven.apache.org/maven2/org/apache/maven/shared/maven-shared-utils/3.0.0/maven-shared-utils-3.0.0.pom
3/6 KB   5/6 KB   6/6 KB            Downloaded: https://repo.maven.apache.org/maven2/org/apache/maven/shared/maven-shared-utils/3.0.0/maven-shared-utils-3.0.0.pom (6 KB at 175.9 KB/sec)
Downloading: https://repo.maven.apache.org/maven2/commons-io/commons-io/2.4/commons-io-2.4.pom
3/10 KB   5/10 KB   8/10 KB   10/10 KB              Downloaded: https://repo.maven.apache.org/maven2/commons-io/commons-io/2.4/commons-io-2.4.pom (10 KB at 268.3 KB/sec)
Downloading: https://repo.maven.apache.org/maven2/org/apache/commons/commons-parent/25/commons-parent-25.pom
3/48 KB    5/48 KB   8/48 KB   11/48 KB   13/48 KB   16/48 KB   19/48 KB   21/48 KB   24/48 KB   27/48 KB   29/48 KB   32/48 KB   36/48 KB   40/48 KB   44/48 KB   48/48 KB              Downloaded: https://repo.maven.apache.org/maven2/org/apache/commons/commons-parent/25/commons-parent-25.pom (48 KB at 589.6 KB/sec)
Downloading: https://repo.maven.apache.org/maven2/org/codehaus/plexus/plexus-archiver/2.9.1/plexus-archiver-2.9.1.pom
4/5 KB     5/5 KB            Downloaded: https://repo.maven.apache.org/maven2/org/codehaus/plexus/plexus-archiver/2.9.1/plexus-archiver-2.9.1.pom (5 KB at 82.1 KB/sec)
Downloading: https://repo.maven.apache.org/maven2/org/codehaus/plexus/plexus-io/2.4.1/plexus-io-2.4.1.pom
3/4 KB   4/4 KB            Downloaded: https://repo.maven.apache.org/maven2/org/codehaus/plexus/plexus-io/2.4.1/plexus-io-2.4.1.pom (4 KB at 95.9 KB/sec)
Downloading: https://repo.maven.apache.org/maven2/org/codehaus/plexus/plexus-utils/3.0.22/plexus-utils-3.0.22.pom
3/4 KB   4/4 KB            Downloaded: https://repo.maven.apache.org/maven2/org/codehaus/plexus/plexus-utils/3.0.22/plexus-utils-3.0.22.pom (4 KB at 162.7 KB/sec)
Downloading: https://repo.maven.apache.org/maven2/org/codehaus/plexus/plexus-archiver/3.0.3/plexus-archiver-3.0.3.pom
3/5 KB   5/5 KB            Downloaded: https://repo.maven.apache.org/maven2/org/codehaus/plexus/plexus-archiver/3.0.3/plexus-archiver-3.0.3.pom (5 KB at 104.1 KB/sec)
Downloading: https://repo.maven.apache.org/maven2/org/codehaus/plexus/plexus-io/2.7/plexus-io-2.7.pom
3/5 KB   5/5 KB   5/5 KB            Downloaded: https://repo.maven.apache.org/maven2/org/codehaus/plexus/plexus-io/2.7/plexus-io-2.7.pom (5 KB at 160.0 KB/sec)
Downloading: https://repo.maven.apache.org/maven2/org/apache/commons/commons-compress/1.10/commons-compress-1.10.pom
3/13 KB   5/13 KB   8/13 KB   11/13 KB   13/13 KB              Downloaded: https://repo.maven.apache.org/maven2/org/apache/commons/commons-compress/1.10/commons-compress-1.10.pom (13 KB at 272.6 KB/sec)
Downloading: https://repo.maven.apache.org/maven2/org/apache/commons/commons-parent/38/commons-parent-38.pom
3/61 KB    5/61 KB   8/61 KB   11/61 KB   13/61 KB   16/61 KB   19/61 KB   21/61 KB   24/61 KB   27/61 KB   29/61 KB   32/61 KB   36/61 KB   40/61 KB   44/61 KB   48/61 KB   52/61 KB   56/61 KB   60/61 KB   61/61 KB              Downloaded: https://repo.maven.apache.org/maven2/org/apache/commons/commons-parent/38/commons-parent-38.pom (61 KB at 1104.1 KB/sec)
Downloading: https://repo.maven.apache.org/maven2/org/iq80/snappy/snappy/0.4/snappy-0.4.pom
4/15 KB    8/15 KB   12/15 KB   15/15 KB              Downloaded: https://repo.maven.apache.org/maven2/org/iq80/snappy/snappy/0.4/snappy-0.4.pom (15 KB at 443.6 KB/sec)
Downloading: https://repo.maven.apache.org/maven2/org/sonatype/sisu/sisu-inject-bean/1.4.2/sisu-inject-bean-1.4.2.jar
Downloading: https://repo.maven.apache.org/maven2/org/sonatype/sisu/sisu-guice/2.1.7/sisu-guice-2.1.7-noaop.jar
4/150 KB   8/150 KB   12/150 KB   16/150 KB   20/150 KB   24/150 KB   28/150 KB   32/150 KB   Downloading: https://repo.maven.apache.org/maven2/org/sonatype/aether/aether-util/1.7/aether-util-1.7.jar
Downloading: https://repo.maven.apache.org/maven2/org/codehaus/plexus/plexus-interpolation/1.14/plexus-interpolation-1.14.jar
Downloading: https://repo.maven.apache.org/maven2/org/apache/maven/maven-archiver/3.0.0/maven-archiver-3.0.0.jar
36/150 KB   40/150 KB   44/150 KB   48/150 KB   3/461 KB   48/150 KB   5/461 KB   48/150 KB   8/461 KB   48/150 KB   11/461 KB   48/150 KB   13/461 KB   48/150 KB   16/461 KB   48/150 KB   19/461 KB   48/150 KB   21/461 KB   52/150 KB   24/461 KB   52/150 KB   27/461 KB   52/150 KB   19/461 KB   52/150 KB   27/461 KB   56/150 KB   27/461 KB   60/150 KB   27/461 KB   64/150 KB   27/461 KB   64/150 KB   3/106 KB   27/461 KB   64/150 KB   5/106 KB   29/461 KB   64/150 KB   8/106 KB   29/461 KB   64/150 KB   5/106 KB   32/461 KB   64/150 KB   8/106 KB   36/461 KB   64/150 KB   8/106 KB   36/461 KB   68/150 KB   11/106 KB   3/23 KB   36/461 KB   64/150 KB   11/106 KB   3/23 KB   36/461 KB   68/150 KB   11/106 KB   5/23 KB   36/461 KB   68/150 KB   11/106 KB   8/23 KB   36/461 KB   68/150 KB   11/106 KB   11/23 KB   36/461 KB   68/150 KB   11/106 KB   13/23 KB   36/461 KB   68/150 KB   11/106 KB   16/23 KB   36/461 KB   68/150 KB   11/106 KB   19/23 KB   36/461 KB   68/150 KB   11/106 KB   21/23 KB   36/461 KB   68/150 KB   11/106 KB   23/23 KB   36/461 KB   64/150 KB   11/106 KB   36/461 KB   72/150 KB   13/106 KB   23/23 KB   36/461 KB   72/150 KB   16/106 KB   23/23 KB   36/461 KB   72/150 KB   19/106 KB   23/23 KB   36/461 KB   72/150 KB   21/106 KB   23/23 KB   36/461 KB   3/60 KB   72/150 KB   24/106 KB   23/23 KB   36/461 KB   3/60 KB   72/150 KB   27/106 KB   23/23 KB   36/461 KB   3/60 KB   72/150 KB   29/106 KB   23/23 KB   40/461 KB   3/60 KB   72/150 KB   32/106 KB   23/23 KB   36/461 KB   72/150 KB   11/106 KB   23/23 KB   40/461 KB   3/60 KB   76/150 KB   32/106 KB   23/23 KB   40/461 KB   3/60 KB   80/150 KB   32/106 KB   23/23 KB   40/461 KB   3/60 KB   84/150 KB   32/106 KB   23/23 KB   40/461 KB   3/60 KB   72/150 KB   29/106 KB   23/23 KB   44/461 KB   3/60 KB   88/150 KB   36/106 KB   48/461 KB   3/60 KB   88/150 KB   36/106 KB   52/461 KB   3/60 KB   88/150 KB   36/106 KB   36/461 KB   3/60 KB   72/150 KB   21/106 KB   23/23 KB   40/461 KB   3/60 KB   88/150 KB   36/106 KB   52/461 KB   3/60 KB   92/150 KB   36/106 KB   52/461 KB   3/60 KB   96/150 KB   36/106 KB   52/461 KB   5/60 KB   96/150 KB   36/106 KB   52/461 KB   8/60 KB   96/150 KB   36/106 KB   52/461 KB   11/60 KB   96/150 KB   36/106 KB   52/461 KB   13/60 KB   96/150 KB   36/106 KB   52/461 KB   16/60 KB   96/150 KB   36/106 KB   52/461 KB   19/60 KB   96/150 KB   36/106 KB   52/461 KB   21/60 KB   96/150 KB   36/106 KB   52/461 KB   21/60 KB   100/150 KB   36/106 KB   40/461 KB   3/60 KB   84/150 KB   36/106 KB              52/461 KB   21/60 KB   100/150 KB   40/106 KB   52/461 KB   21/60 KB   100/150 KB   44/106 KB   52/461 KB   21/60 KB   100/150 KB   48/106 KB   52/461 KB   24/60 KB   100/150 KB   48/106 KB   52/461 KB   27/60 KB   100/150 KB   48/106 KB   56/461 KB   29/60 KB   100/150 KB   48/106 KB   56/461 KB   32/60 KB   100/150 KB   48/106 KB   56/461 KB   32/60 KB   100/150 KB   52/106 KB                                                            Downloaded: https://repo.maven.apache.org/maven2/org/apache/maven/maven-archiver/3.0.0/maven-archiver-3.0.0.jar (23 KB at 146.8 KB/sec)
Downloading: https://repo.maven.apache.org/maven2/org/apache/maven/shared/maven-shared-utils/3.0.0/maven-shared-utils-3.0.0.jar
56/461 KB   32/60 KB   100/150 KB   56/106 KB   56/461 KB   32/60 KB   100/150 KB   60/106 KB   56/461 KB   32/60 KB   100/150 KB   64/106 KB   56/461 KB   36/60 KB   100/150 KB   64/106 KB   56/461 KB   40/60 KB   100/150 KB   64/106 KB   56/461 KB   44/60 KB   100/150 KB   64/106 KB   56/461 KB   48/60 KB   100/150 KB   64/106 KB   56/461 KB   48/60 KB   104/150 KB   64/106 KB   56/461 KB   48/60 KB   108/150 KB   64/106 KB   56/461 KB   48/60 KB   112/150 KB   64/106 KB   56/461 KB   48/60 KB   112/150 KB   68/106 KB   56/461 KB   27/60 KB   100/150 KB   48/106 KB   56/461 KB   52/60 KB   116/150 KB   3/152 KB   72/106 KB   56/461 KB   52/60 KB   116/150 KB   3/152 KB   68/106 KB   56/461 KB   52/60 KB   116/150 KB   68/106 KB   56/461 KB   56/60 KB   116/150 KB   3/152 KB   76/106 KB   56/461 KB   60/60 KB   116/150 KB   3/152 KB   76/106 KB   56/461 KB   60/60 KB   116/150 KB   3/152 KB   76/106 KB   56/461 KB   48/60 KB   116/150 KB   68/106 KB   56/461 KB   60/60 KB   120/150 KB   3/152 KB   76/106 KB   56/461 KB   60/60 KB   124/150 KB   3/152 KB   76/106 KB   56/461 KB   60/60 KB   128/150 KB   3/152 KB   76/106 KB   56/461 KB   60/60 KB   128/150 KB   6/152 KB   76/106 KB   56/461 KB   52/60 KB   116/150 KB   3/152 KB   76/106 KB   56/461 KB   60/60 KB   128/150 KB   6/152 KB   80/106 KB   56/461 KB   60/60 KB   128/150 KB   9/152 KB   80/106 KB   56/461 KB   60/60 KB   128/150 KB   11/152 KB   80/106 KB   56/461 KB   60/60 KB   128/150 KB   14/152 KB   80/106 KB   56/461 KB   60/60 KB   132/150 KB   14/152 KB   80/106 KB   60/461 KB   60/60 KB   136/150 KB   16/152 KB   84/106 KB   60/461 KB   60/60 KB   140/150 KB   16/152 KB   84/106 KB   60/461 KB   60/60 KB   144/150 KB   16/152 KB   84/106 KB   60/461 KB   60/60 KB   148/150 KB   16/152 KB   84/106 KB   60/461 KB   60/60 KB   150/150 KB   16/152 KB   84/106 KB   60/461 KB   60/60 KB   132/150 KB   16/152 KB   84/106 KB   56/461 KB   60/60 KB   132/150 KB   16/152 KB   80/106 KB   60/461 KB   60/60 KB   150/150 KB   19/152 KB   88/106 KB   60/461 KB   60/60 KB   150/150 KB   22/152 KB   88/106 KB   60/461 KB   60/60 KB   132/150 KB   16/152 KB   80/106 KB   64/461 KB   60/60 KB   150/150 KB   22/152 KB   88/106 KB   64/461 KB   60/60 KB   150/150 KB   25/152 KB   88/106 KB   64/461 KB   60/60 KB   150/150 KB   27/152 KB   88/106 KB   64/461 KB   60/60 KB   150/150 KB   30/152 KB   88/106 KB   64/461 KB   60/60 KB   150/150 KB   32/152 KB   88/106 KB   68/461 KB   60/60 KB   150/150 KB   32/152 KB   88/106 KB   72/461 KB   60/60 KB   150/150 KB   32/152 KB   88/106 KB   76/461 KB   60/60 KB   150/150 KB   32/152 KB   88/106 KB   80/461 KB   60/60 KB   150/150 KB   32/152 KB   88/106 KB   84/461 KB   60/60 KB   150/150 KB   32/152 KB   88/106 KB   88/461 KB   150/150 KB   36/152 KB   88/106 KB              92/461 KB   150/150 KB   36/152 KB   88/106 KB   96/461 KB   150/150 KB   36/152 KB   88/106 KB   100/461 KB   150/150 KB   36/152 KB   88/106 KB   60/461 KB   60/60 KB   150/150 KB   16/152 KB   88/106 KB   100/461 KB   36/152 KB   92/106 KB                100/461 KB   36/152 KB   96/106 KB   100/461 KB   36/152 KB   100/106 KB   100/461 KB   36/152 KB   104/106 KB   100/461 KB   36/152 KB   106/106 KB                                                                                                                 84/461 KB   60/60 KB   150/150 KB   36/152 KB   88/106 KB   Downloaded: https://repo.maven.apache.org/maven2/org/codehaus/plexus/plexus-interpolation/1.14/plexus-interpolation-1.14.jar (60 KB at 251.6 KB/sec)
Downloading: https://repo.maven.apache.org/maven2/commons-io/commons-io/2.4/commons-io-2.4.jar
100/461 KB   40/152 KB   106/106 KB   Downloaded: https://repo.maven.apache.org/maven2/org/sonatype/sisu/sisu-inject-bean/1.4.2/sisu-inject-bean-1.4.2.jar (150 KB at 494.7 KB/sec)
Downloading: https://repo.maven.apache.org/maven2/org/codehaus/plexus/plexus-archiver/3.0.3/plexus-archiver-3.0.3.jar
104/461 KB   40/152 KB   106/106 KB   108/461 KB   44/152 KB   106/106 KB   112/461 KB   44/152 KB   106/106 KB   104/461 KB   44/152 KB   106/106 KB   112/461 KB   48/152 KB                                                      112/461 KB   48/152 KB   4/181 KB   112/461 KB   48/152 KB   8/181 KB   112/461 KB   48/152 KB   12/181 KB   112/461 KB   48/152 KB   16/181 KB   112/461 KB   48/152 KB   16/181 KB   4/173 KB   112/461 KB   48/152 KB   16/181 KB   8/173 KB   112/461 KB   48/152 KB   16/181 KB   12/173 KB   112/461 KB   48/152 KB   16/181 KB   16/173 KB   Downloaded: https://repo.maven.apache.org/maven2/org/sonatype/aether/aether-util/1.7/aether-util-1.7.jar (106 KB at 352.6 KB/sec)
Downloading: https://repo.maven.apache.org/maven2/org/codehaus/plexus/plexus-io/2.7/plexus-io-2.7.jar
112/461 KB   48/152 KB   20/181 KB   16/173 KB   116/461 KB   48/152 KB   24/181 KB   16/173 KB   116/461 KB   48/152 KB   28/181 KB   16/173 KB   116/461 KB   48/152 KB   32/181 KB   16/173 KB   116/461 KB   48/152 KB   20/181 KB   16/173 KB   120/461 KB   48/152 KB   32/181 KB   16/173 KB   124/461 KB   48/152 KB   32/181 KB   16/173 KB   128/461 KB   48/152 KB   32/181 KB   16/173 KB   132/461 KB   48/152 KB   32/181 KB   16/173 KB   136/461 KB   52/152 KB   36/181 KB   20/173 KB   140/461 KB   52/152 KB   36/181 KB   20/173 KB   144/461 KB   52/152 KB   36/181 KB   20/173 KB   148/461 KB   52/152 KB   36/181 KB   20/173 KB   132/461 KB   52/152 KB   36/181 KB   20/173 KB   148/461 KB   52/152 KB   36/181 KB   24/173 KB   148/461 KB   52/152 KB   36/181 KB   4/84 KB   28/173 KB   148/461 KB   52/152 KB   36/181 KB   4/84 KB   32/173 KB   148/461 KB   52/152 KB   36/181 KB   4/84 KB   36/173 KB   148/461 KB   52/152 KB   36/181 KB   4/84 KB   40/173 KB   148/461 KB   52/152 KB   36/181 KB   4/84 KB   44/173 KB   148/461 KB   52/152 KB   36/181 KB   4/84 KB   48/173 KB   148/461 KB   52/152 KB   36/181 KB   4/84 KB   52/173 KB   132/461 KB   52/152 KB   36/181 KB   16/173 KB   152/461 KB   56/152 KB   36/181 KB   4/84 KB   52/173 KB   132/461 KB   48/152 KB   36/181 KB   16/173 KB   152/461 KB   60/152 KB   36/181 KB   4/84 KB   52/173 KB   152/461 KB   64/152 KB   36/181 KB   4/84 KB   56/173 KB   152/461 KB   68/152 KB   36/181 KB   4/84 KB   56/173 KB   152/461 KB   72/152 KB   40/181 KB   4/84 KB   56/173 KB   152/461 KB   76/152 KB   40/181 KB   4/84 KB   56/173 KB   152/461 KB   80/152 KB   40/181 KB   4/84 KB   56/173 KB   152/461 KB   84/152 KB   40/181 KB   4/84 KB   56/173 KB   152/461 KB   52/152 KB   36/181 KB   4/84 KB   52/173 KB   156/461 KB   84/152 KB   40/181 KB   4/84 KB   56/173 KB   160/461 KB   84/152 KB   40/181 KB   4/84 KB   56/173 KB   148/461 KB   52/152 KB   36/181 KB   4/84 KB   24/173 KB   160/461 KB   84/152 KB   40/181 KB   8/84 KB   56/173 KB   160/461 KB   84/152 KB   40/181 KB   12/84 KB   56/173 KB   160/461 KB   84/152 KB   40/181 KB   16/84 KB   56/173 KB   160/461 KB   84/152 KB   40/181 KB   20/84 KB   56/173 KB   160/461 KB   84/152 KB   40/181 KB   24/84 KB   56/173 KB   160/461 KB   84/152 KB   40/181 KB   28/84 KB   56/173 KB   160/461 KB   84/152 KB   40/181 KB   32/84 KB   56/173 KB   164/461 KB   84/152 KB   40/181 KB   32/84 KB   56/173 KB   168/461 KB   84/152 KB   40/181 KB   32/84 KB   56/173 KB   172/461 KB   84/152 KB   40/181 KB   32/84 KB   56/173 KB   176/461 KB   84/152 KB   40/181 KB   32/84 KB   56/173 KB   176/461 KB   84/152 KB   40/181 KB   36/84 KB   56/173 KB   152/461 KB   68/152 KB   40/181 KB   4/84 KB   56/173 KB   152/461 KB   60/152 KB   36/181 KB   4/84 KB   56/173 KB   176/461 KB   84/152 KB   40/181 KB   36/84 KB   60/173 KB   176/461 KB   84/152 KB   40/181 KB   36/84 KB   64/173 KB   180/461 KB   84/152 KB   40/181 KB   36/84 KB   64/173 KB   184/461 KB   84/152 KB   40/181 KB   36/84 KB   64/173 KB   188/461 KB   84/152 KB   40/181 KB   36/84 KB   64/173 KB   192/461 KB   84/152 KB   40/181 KB   36/84 KB   64/173 KB   192/461 KB   84/152 KB   40/181 KB   36/84 KB   68/173 KB   192/461 KB   84/152 KB   40/181 KB   36/84 KB   72/173 KB   192/461 KB   84/152 KB   40/181 KB   36/84 KB   76/173 KB   192/461 KB   84/152 KB   40/181 KB   36/84 KB   80/173 KB   192/461 KB   84/152 KB   40/181 KB   36/84 KB   84/173 KB   192/461 KB   84/152 KB   44/181 KB   36/84 KB   84/173 KB   192/461 KB   84/152 KB   48/181 KB   36/84 KB   84/173 KB   196/461 KB   84/152 KB   48/181 KB   36/84 KB   84/173 KB   200/461 KB   84/152 KB   48/181 KB   36/84 KB   84/173 KB   204/461 KB   84/152 KB   48/181 KB   36/84 KB   84/173 KB   208/461 KB   84/152 KB   48/181 KB   36/84 KB   84/173 KB   208/461 KB   84/152 KB   52/181 KB   36/84 KB   84/173 KB   208/461 KB   84/152 KB   56/181 KB   36/84 KB   88/173 KB   208/461 KB   84/152 KB   60/181 KB   40/84 KB   88/173 KB   208/461 KB   84/152 KB   64/181 KB   40/84 KB   88/173 KB   212/461 KB   84/152 KB   64/181 KB   40/84 KB   88/173 KB   212/461 KB   84/152 KB   68/181 KB   40/84 KB   88/173 KB   208/461 KB   84/152 KB   52/181 KB   36/84 KB   88/173 KB   216/461 KB   88/152 KB   68/181 KB   40/84 KB   92/173 KB   216/461 KB   88/152 KB   68/181 KB   40/84 KB   96/173 KB   216/461 KB   88/152 KB   68/181 KB   40/84 KB   88/173 KB   220/461 KB   88/152 KB   68/181 KB   40/84 KB   96/173 KB   224/461 KB   88/152 KB   68/181 KB   40/84 KB   96/173 KB   212/461 KB   88/152 KB   68/181 KB   40/84 KB   88/173 KB   224/461 KB   92/152 KB   68/181 KB   40/84 KB   96/173 KB   224/461 KB   96/152 KB   68/181 KB   40/84 KB   96/173 KB   208/461 KB   84/152 KB   56/181 KB   40/84 KB   88/173 KB   224/461 KB   96/152 KB   68/181 KB   44/84 KB   96/173 KB   224/461 KB   96/152 KB   68/181 KB   48/84 KB   96/173 KB   228/461 KB   96/152 KB   68/181 KB   48/84 KB   96/173 KB   232/461 KB   96/152 KB   68/181 KB   48/84 KB   96/173 KB   236/461 KB   96/152 KB   68/181 KB   48/84 KB   96/173 KB   240/461 KB   96/152 KB   68/181 KB   48/84 KB   96/173 KB   240/461 KB   96/152 KB   68/181 KB   52/84 KB   96/173 KB   240/461 KB   96/152 KB   72/181 KB   56/84 KB   96/173 KB   240/461 KB   96/152 KB   72/181 KB   60/84 KB   96/173 KB   240/461 KB   96/152 KB   72/181 KB   64/84 KB   96/173 KB   240/461 KB   96/152 KB   72/181 KB   64/84 KB   100/173 KB   240/461 KB   96/152 KB   72/181 KB   64/84 KB   104/173 KB   240/461 KB   96/152 KB   72/181 KB   64/84 KB   108/173 KB   240/461 KB   96/152 KB   72/181 KB   64/84 KB   112/173 KB   244/461 KB   96/152 KB   72/181 KB   68/84 KB   116/173 KB   244/461 KB   100/152 KB   72/181 KB   68/84 KB   120/173 KB   244/461 KB   100/152 KB   72/181 KB   68/84 KB   124/173 KB   244/461 KB   100/152 KB   72/181 KB   68/84 KB   128/173 KB   240/461 KB   96/152 KB   72/181 KB   52/84 KB   96/173 KB   244/461 KB   100/152 KB   72/181 KB   68/84 KB   116/173 KB   244/461 KB   104/152 KB   76/181 KB   68/84 KB   128/173 KB   244/461 KB   108/152 KB   76/181 KB   68/84 KB   128/173 KB   244/461 KB   112/152 KB   76/181 KB   68/84 KB   128/173 KB   244/461 KB   116/152 KB   76/181 KB   68/84 KB   128/173 KB   244/461 KB   96/152 KB   72/181 KB   68/84 KB   112/173 KB   240/461 KB   96/152 KB   72/181 KB   68/84 KB   112/173 KB   244/461 KB   116/152 KB   76/181 KB   72/84 KB   128/173 KB   248/461 KB   116/152 KB   76/181 KB   76/84 KB   128/173 KB   248/461 KB   116/152 KB   76/181 KB   80/84 KB   128/173 KB   248/461 KB   120/152 KB   76/181 KB   80/84 KB   128/173 KB   248/461 KB   124/152 KB   76/181 KB   80/84 KB   128/173 KB   248/461 KB   128/152 KB   76/181 KB   80/84 KB   128/173 KB   248/461 KB   128/152 KB   76/181 KB   84/84 KB   128/173 KB   248/461 KB   128/152 KB   76/181 KB   84/84 KB   128/173 KB   244/461 KB   100/152 KB   76/181 KB   68/84 KB   128/173 KB   248/461 KB   116/152 KB   76/181 KB   72/84 KB   128/173 KB   248/461 KB   128/152 KB   80/181 KB   84/84 KB   128/173 KB   252/461 KB   128/152 KB   80/181 KB   84/84 KB   128/173 KB   256/461 KB   128/152 KB   80/181 KB   84/84 KB   128/173 KB   256/461 KB   128/152 KB   84/181 KB   84/84 KB   128/173 KB   260/461 KB   128/152 KB   84/181 KB   84/84 KB   128/173 KB   260/461 KB   128/152 KB   88/181 KB   84/84 KB   128/173 KB   264/461 KB   128/152 KB   92/181 KB   84/84 KB   128/173 KB   264/461 KB   128/152 KB   96/181 KB   84/84 KB   128/173 KB                                                                 Downloaded: https://repo.maven.apache.org/maven2/org/codehaus/plexus/plexus-io/2.7/plexus-io-2.7.jar (84 KB at 200.2 KB/sec)
Downloading: https://repo.maven.apache.org/maven2/org/apache/commons/commons-compress/1.10/commons-compress-1.10.jar
264/461 KB   128/152 KB   100/181 KB   128/173 KB             264/461 KB   128/152 KB   104/181 KB   128/173 KB   264/461 KB   128/152 KB   108/181 KB   128/173 KB   264/461 KB   128/152 KB   112/181 KB   128/173 KB   264/461 KB   128/152 KB   116/181 KB   128/173 KB   264/461 KB   128/152 KB   100/181 KB   128/173 KB   268/461 KB   128/152 KB   116/181 KB   128/173 KB   272/461 KB   128/152 KB   116/181 KB   128/173 KB   276/461 KB   128/152 KB   116/181 KB   128/173 KB   280/461 KB   128/152 KB   116/181 KB   128/173 KB   284/461 KB   128/152 KB   116/181 KB   128/173 KB   288/461 KB   128/152 KB   116/181 KB   128/173 KB   288/461 KB   128/152 KB   116/181 KB   4/400 KB   128/173 KB   288/461 KB   128/152 KB   116/181 KB   8/400 KB   128/173 KB   288/461 KB   128/152 KB   116/181 KB   12/400 KB   128/173 KB   288/461 KB   128/152 KB   116/181 KB   16/400 KB   128/173 KB   292/461 KB   128/152 KB   116/181 KB   16/400 KB   128/173 KB   296/461 KB   132/152 KB   120/181 KB   20/400 KB   132/173 KB   300/461 KB   132/152 KB   120/181 KB   20/400 KB   132/173 KB   304/461 KB   132/152 KB   120/181 KB   20/400 KB   132/173 KB   292/461 KB   128/152 KB   120/181 KB   16/400 KB   128/173 KB   304/461 KB   132/152 KB   124/181 KB   20/400 KB   132/173 KB   304/461 KB   132/152 KB   128/181 KB   20/400 KB   132/173 KB   304/461 KB   132/152 KB   132/181 KB   20/400 KB   132/173 KB   304/461 KB   132/152 KB   136/181 KB   20/400 KB   132/173 KB   304/461 KB   132/152 KB   140/181 KB   20/400 KB   132/173 KB   304/461 KB   132/152 KB   144/181 KB   20/400 KB   132/173 KB   292/461 KB   132/152 KB   120/181 KB   20/400 KB   132/173 KB   304/461 KB   136/152 KB   144/181 KB   20/400 KB   132/173 KB   304/461 KB   140/152 KB   144/181 KB   20/400 KB   132/173 KB   304/461 KB   144/152 KB   144/181 KB   20/400 KB   132/173 KB   304/461 KB   148/152 KB   144/181 KB   20/400 KB   132/173 KB   292/461 KB   128/152 KB   120/181 KB   20/400 KB   132/173 KB   292/461 KB   128/152 KB   120/181 KB   20/400 KB   128/173 KB   304/461 KB   148/152 KB   144/181 KB   20/400 KB   136/173 KB   304/461 KB   148/152 KB   144/181 KB   24/400 KB   136/173 KB   304/461 KB   148/152 KB   144/181 KB   24/400 KB   140/173 KB   304/461 KB   148/152 KB   144/181 KB   28/400 KB   140/173 KB   304/461 KB   148/152 KB   144/181 KB   28/400 KB   144/173 KB   304/461 KB   148/152 KB   144/181 KB   32/400 KB   144/173 KB   304/461 KB   148/152 KB   144/181 KB   32/400 KB   148/173 KB   304/461 KB   148/152 KB   144/181 KB   32/400 KB   152/173 KB   304/461 KB   152/152 KB   144/181 KB   32/400 KB   156/173 KB   304/461 KB   152/152 KB   144/181 KB   32/400 KB   160/173 KB   304/461 KB   152/152 KB   144/181 KB   36/400 KB   160/173 KB   304/461 KB   152/152 KB   144/181 KB   32/400 KB   152/173 KB   304/461 KB   152/152 KB   144/181 KB   40/400 KB   160/173 KB   304/461 KB   152/152 KB   144/181 KB   44/400 KB   160/173 KB   304/461 KB   152/152 KB   144/181 KB   48/400 KB   160/173 KB   304/461 KB   152/152 KB   144/181 KB   52/400 KB   160/173 KB   304/461 KB   152/152 KB   144/181 KB   56/400 KB   160/173 KB   304/461 KB   152/152 KB   144/181 KB   60/400 KB   160/173 KB   304/461 KB   152/152 KB   144/181 KB   64/400 KB   160/173 KB   308/461 KB   152/152 KB   144/181 KB   64/400 KB   160/173 KB   312/461 KB   152/152 KB   144/181 KB   64/400 KB   164/173 KB   316/461 KB   152/152 KB   144/181 KB   64/400 KB   164/173 KB   320/461 KB   152/152 KB   144/181 KB   64/400 KB   164/173 KB   320/461 KB   152/152 KB   144/181 KB   68/400 KB   164/173 KB   320/461 KB   152/152 KB   144/181 KB   72/400 KB   164/173 KB   320/461 KB   152/152 KB   144/181 KB   76/400 KB   164/173 KB   320/461 KB   152/152 KB   144/181 KB   80/400 KB   164/173 KB                                                                   Downloaded: https://repo.maven.apache.org/maven2/org/apache/maven/shared/maven-shared-utils/3.0.0/maven-shared-utils-3.0.0.jar (152 KB at 308.3 KB/sec)
Downloading: https://repo.maven.apache.org/maven2/org/iq80/snappy/snappy/0.4/snappy-0.4.jar
308/461 KB   152/152 KB   144/181 KB   64/400 KB   164/173 KB   320/461 KB   144/181 KB   80/400 KB   168/173 KB                320/461 KB   144/181 KB   80/400 KB   172/173 KB   320/461 KB   144/181 KB   80/400 KB   173/173 KB   320/461 KB   148/181 KB   80/400 KB   173/173 KB   324/461 KB   148/181 KB   84/400 KB   173/173 KB   324/461 KB   148/181 KB   88/400 KB   173/173 KB   324/461 KB   148/181 KB   92/400 KB   173/173 KB   324/461 KB   148/181 KB   96/400 KB   173/173 KB   324/461 KB   148/181 KB   96/400 KB   173/173 KB   4/57 KB   324/461 KB   152/181 KB   96/400 KB   8/57 KB   324/461 KB   152/181 KB   96/400 KB   12/57 KB   324/461 KB   152/181 KB   96/400 KB   16/57 KB   324/461 KB   152/181 KB   100/400 KB   16/57 KB   324/461 KB   152/181 KB   104/400 KB   16/57 KB   324/461 KB   152/181 KB   108/400 KB   16/57 KB   324/461 KB   152/181 KB   112/400 KB   16/57 KB   324/461 KB   152/181 KB   116/400 KB   16/57 KB   324/461 KB   152/181 KB   120/400 KB   16/57 KB   324/461 KB   152/181 KB   124/400 KB   16/57 KB   324/461 KB   152/181 KB   128/400 KB   16/57 KB   324/461 KB   152/181 KB   132/400 KB   20/57 KB   324/461 KB   148/181 KB   80/400 KB   173/173 KB   324/461 KB   152/181 KB   128/400 KB   20/57 KB   324/461 KB   152/181 KB   96/400 KB   4/57 KB                328/461 KB   156/181 KB   136/400 KB   20/57 KB   328/461 KB   160/181 KB   136/400 KB   20/57 KB   328/461 KB   164/181 KB   136/400 KB   20/57 KB                                                                Downloaded: https://repo.maven.apache.org/maven2/org/codehaus/plexus/plexus-archiver/3.0.3/plexus-archiver-3.0.3.jar (173 KB at 318.9 KB/sec)
Downloading: https://repo.maven.apache.org/maven2/org/codehaus/plexus/plexus-utils/3.0.22/plexus-utils-3.0.22.jar
328/461 KB   152/181 KB   136/400 KB   20/57 KB   328/461 KB   164/181 KB   140/400 KB   20/57 KB   328/461 KB   164/181 KB   144/400 KB   20/57 KB   328/461 KB   164/181 KB   148/400 KB   20/57 KB   328/461 KB   152/181 KB   132/400 KB   20/57 KB   332/461 KB   164/181 KB   148/400 KB   20/57 KB   336/461 KB   164/181 KB   148/400 KB   20/57 KB   340/461 KB   164/181 KB   148/400 KB   20/57 KB   344/461 KB   164/181 KB   148/400 KB   20/57 KB   348/461 KB   164/181 KB   148/400 KB   20/57 KB   352/461 KB   164/181 KB   148/400 KB   20/57 KB   352/461 KB   164/181 KB   152/400 KB   20/57 KB   352/461 KB   164/181 KB   156/400 KB   20/57 KB   352/461 KB   164/181 KB   4/240 KB   160/400 KB   20/57 KB   352/461 KB   164/181 KB   4/240 KB   164/400 KB   20/57 KB   356/461 KB   164/181 KB   4/240 KB   168/400 KB   20/57 KB   356/461 KB   164/181 KB   4/240 KB   172/400 KB   20/57 KB   356/461 KB   164/181 KB   4/240 KB   176/400 KB   20/57 KB   352/461 KB   164/181 KB   4/240 KB   156/400 KB   20/57 KB   356/461 KB   164/181 KB   4/240 KB   164/400 KB   20/57 KB   360/461 KB   164/181 KB   8/240 KB   176/400 KB   20/57 KB   364/461 KB   164/181 KB   8/240 KB   176/400 KB   20/57 KB   368/461 KB   164/181 KB   8/240 KB   176/400 KB   20/57 KB   372/461 KB   164/181 KB   8/240 KB   176/400 KB   20/57 KB   376/461 KB   168/181 KB   8/240 KB   176/400 KB   24/57 KB   380/461 KB   168/181 KB   8/240 KB   176/400 KB   24/57 KB   384/461 KB   168/181 KB   8/240 KB   176/400 KB   24/57 KB   360/461 KB   164/181 KB   8/240 KB   176/400 KB   20/57 KB   384/461 KB   168/181 KB   12/240 KB   176/400 KB   24/57 KB   384/461 KB   168/181 KB   16/240 KB   176/400 KB   24/57 KB   384/461 KB   168/181 KB   20/240 KB   176/400 KB   24/57 KB   372/461 KB   168/181 KB   8/240 KB   176/400 KB   24/57 KB   388/461 KB   168/181 KB   20/240 KB   180/400 KB   28/57 KB   388/461 KB   168/181 KB   20/240 KB   180/400 KB   32/57 KB   372/461 KB   168/181 KB   8/240 KB   176/400 KB   20/57 KB   388/461 KB   172/181 KB   20/240 KB   180/400 KB   32/57 KB   388/461 KB   176/181 KB   20/240 KB   180/400 KB   32/57 KB   388/461 KB   180/181 KB   20/240 KB   180/400 KB   32/57 KB   388/461 KB   181/181 KB   20/240 KB   180/400 KB   32/57 KB   388/461 KB   181/181 KB   24/240 KB   180/400 KB   32/57 KB   388/461 KB   181/181 KB   28/240 KB   180/400 KB   32/57 KB   388/461 KB   181/181 KB   32/240 KB   180/400 KB   32/57 KB   388/461 KB   181/181 KB   32/240 KB   180/400 KB   36/57 KB   388/461 KB   181/181 KB   32/240 KB   180/400 KB   40/57 KB   388/461 KB   181/181 KB   32/240 KB   180/400 KB   44/57 KB   388/461 KB   181/181 KB   32/240 KB   180/400 KB   48/57 KB   388/461 KB   181/181 KB   32/240 KB   180/400 KB   52/57 KB   388/461 KB   181/181 KB   36/240 KB   180/400 KB   56/57 KB   388/461 KB   181/181 KB   36/240 KB   180/400 KB   57/57 KB   388/461 KB   168/181 KB   20/240 KB   180/400 KB   24/57 KB   392/461 KB   181/181 KB   36/240 KB   180/400 KB   57/57 KB   396/461 KB   181/181 KB   36/240 KB   180/400 KB   57/57 KB   400/461 KB   181/181 KB   36/240 KB   180/400 KB   57/57 KB                                                                 384/461 KB   168/181 KB   20/240 KB   180/400 KB   24/57 KB   400/461 KB   36/240 KB   184/400 KB   57/57 KB                400/461 KB   36/240 KB   188/400 KB   57/57 KB   400/461 KB   36/240 KB   192/400 KB   57/57 KB   400/461 KB   36/240 KB   196/400 KB   57/57 KB   400/461 KB   36/240 KB   200/400 KB   57/57 KB   400/461 KB   36/240 KB   204/400 KB   57/57 KB   400/461 KB   36/240 KB   208/400 KB   57/57 KB   Downloaded: https://repo.maven.apache.org/maven2/commons-io/commons-io/2.4/commons-io-2.4.jar (181 KB at 294.9 KB/sec)
388/461 KB   181/181 KB   36/240 KB   180/400 KB   52/57 KB   404/461 KB   36/240 KB   208/400 KB   57/57 KB   408/461 KB   40/240 KB   208/400 KB   57/57 KB   412/461 KB   40/240 KB   208/400 KB   57/57 KB   416/461 KB   40/240 KB   208/400 KB   57/57 KB   420/461 KB   40/240 KB   208/400 KB   57/57 KB   404/461 KB   40/240 KB   208/400 KB   57/57 KB                                                    424/461 KB   44/240 KB   212/400 KB   428/461 KB   44/240 KB   212/400 KB   432/461 KB   44/240 KB   212/400 KB   Downloaded: https://repo.maven.apache.org/maven2/org/iq80/snappy/snappy/0.4/snappy-0.4.jar (57 KB at 87.7 KB/sec)
420/461 KB   40/240 KB   212/400 KB   57/57 KB   420/461 KB   44/240 KB   212/400 KB              432/461 KB   48/240 KB   212/400 KB   436/461 KB   48/240 KB   212/400 KB   440/461 KB   48/240 KB   212/400 KB   444/461 KB   48/240 KB   212/400 KB   448/461 KB   48/240 KB   212/400 KB   448/461 KB   52/240 KB   212/400 KB   448/461 KB   56/240 KB   212/400 KB   448/461 KB   60/240 KB   212/400 KB   448/461 KB   64/240 KB   212/400 KB   448/461 KB   64/240 KB   216/400 KB   448/461 KB   64/240 KB   220/400 KB   452/461 KB   68/240 KB   220/400 KB   452/461 KB   64/240 KB   220/400 KB   456/461 KB   68/240 KB   224/400 KB   460/461 KB   68/240 KB   224/400 KB   461/461 KB   68/240 KB   224/400 KB   452/461 KB   68/240 KB   224/400 KB   461/461 KB   72/240 KB   224/400 KB   461/461 KB   76/240 KB   224/400 KB   461/461 KB   80/240 KB   224/400 KB   461/461 KB   84/240 KB   224/400 KB   88/240 KB   228/400 KB   92/240 KB   228/400 KB   96/240 KB   228/400 KB   100/240 KB   228/400 KB   84/240 KB   228/400 KB                                                      Downloaded: https://repo.maven.apache.org/maven2/org/sonatype/sisu/sisu-guice/2.1.7/sisu-guice-2.1.7-noaop.jar (461 KB at 620.9 KB/sec)
100/240 KB   232/400 KB   100/240 KB   236/400 KB   100/240 KB   240/400 KB   100/240 KB   244/400 KB   104/240 KB   248/400 KB   104/240 KB   252/400 KB   104/240 KB   256/400 KB   104/240 KB   260/400 KB   104/240 KB   244/400 KB   108/240 KB   260/400 KB   112/240 KB   260/400 KB   116/240 KB   260/400 KB   120/240 KB   260/400 KB   124/240 KB   264/400 KB   128/240 KB   264/400 KB   132/240 KB   264/400 KB   120/240 KB   264/400 KB   132/240 KB   268/400 KB   132/240 KB   272/400 KB   132/240 KB   276/400 KB   136/240 KB   280/400 KB   136/240 KB   284/400 KB   136/240 KB   288/400 KB   136/240 KB   276/400 KB   140/240 KB   288/400 KB   144/240 KB   288/400 KB   144/240 KB   292/400 KB   144/240 KB   296/400 KB   144/240 KB   300/400 KB   144/240 KB   304/400 KB   144/240 KB   308/400 KB   144/240 KB   312/400 KB   144/240 KB   316/400 KB   144/240 KB   320/400 KB   144/240 KB   324/400 KB   144/240 KB   328/400 KB   144/240 KB   332/400 KB   144/240 KB   336/400 KB   148/240 KB   336/400 KB   152/240 KB   336/400 KB   156/240 KB   336/400 KB   160/240 KB   336/400 KB   160/240 KB   340/400 KB   160/240 KB   344/400 KB   160/240 KB   348/400 KB   160/240 KB   352/400 KB   164/240 KB   352/400 KB   168/240 KB   352/400 KB   172/240 KB   352/400 KB   176/240 KB   352/400 KB   176/240 KB   356/400 KB   176/240 KB   360/400 KB   176/240 KB   364/400 KB   176/240 KB   368/400 KB   180/240 KB   368/400 KB   184/240 KB   368/400 KB   188/240 KB   368/400 KB   192/240 KB   368/400 KB   196/240 KB   368/400 KB   196/240 KB   372/400 KB   200/240 KB   376/400 KB   200/240 KB   380/400 KB   200/240 KB   384/400 KB   200/240 KB   372/400 KB   204/240 KB   384/400 KB   208/240 KB   384/400 KB   212/240 KB   384/400 KB   216/240 KB   388/400 KB   220/240 KB   388/400 KB   224/240 KB   388/400 KB   228/240 KB   388/400 KB   212/240 KB   388/400 KB   228/240 KB   392/400 KB   228/240 KB   396/400 KB   228/240 KB   400/400 KB   228/240 KB   400/400 KB   232/240 KB   400/400 KB   236/240 KB   400/400 KB   240/240 KB   400/400 KB                             Downloaded: https://repo.maven.apache.org/maven2/org/apache/commons/commons-compress/1.10/commons-compress-1.10.jar (400 KB at 504.3 KB/sec)
                          Downloaded: https://repo.maven.apache.org/maven2/org/codehaus/plexus/plexus-utils/3.0.22/plexus-utils-3.0.22.jar (240 KB at 301.2 KB/sec)
[INFO] 
[INFO] --- maven-javadoc-plugin:2.10.3:jar (default-cli) @ parent ---
[INFO] Not executing Javadoc as the project is not a Java classpath-capable package
[INFO] 
[INFO] --- maven-enforcer-plugin:1.0:enforce (enforce-maven) @ parent ---
[INFO] 
[INFO] --- animal-sniffer-maven-plugin:1.14:check (default) @ parent ---
[INFO] Checking unresolved references to org.codehaus.mojo.signature:java16:1.1
[INFO] 
[INFO] --- maven-javadoc-plugin:2.10.3:jar (attach-javadocs) @ parent ---
[INFO] Not executing Javadoc as the project is not a Java classpath-capable package
[INFO] 
[INFO] --- maven-checkstyle-plugin:2.15:checkstyle (default) @ parent ---
[INFO] 
[INFO] --- maven-install-plugin:2.4:install (default-install) @ parent ---
[INFO] Installing /home/travis/build/square/retrofit/pom.xml to /home/travis/.m2/repository/com/squareup/retrofit2/parent/2.1.0/parent-2.1.0.pom
[INFO] 
[INFO] --- maven-deploy-plugin:2.7:deploy (default-deploy) @ parent ---
Uploading: https://oss.sonatype.org/service/local/staging/deploy/maven2/com/squareup/retrofit2/parent/2.1.0/parent-2.1.0.pom
2/9 KB                    4/9 KB   6/9 KB   8/9 KB   9/9 KB            [INFO] ------------------------------------------------------------------------
[INFO] Reactor Summary:
[INFO] 
[INFO] Retrofit (Parent) .................................. FAILURE [ 10.028 s]
[INFO] Retrofit ........................................... SKIPPED
[INFO] Adapters ........................................... SKIPPED
[INFO] Adapter: Guava ..................................... SKIPPED
[INFO] Adapter: Java 8 .................................... SKIPPED
[INFO] Adapter: RxJava .................................... SKIPPED
[INFO] Converters ......................................... SKIPPED
[INFO] Converter: Gson .................................... SKIPPED
[INFO] Converter: Protocol Buffers ........................ SKIPPED
[INFO] Converter: Jackson ................................. SKIPPED
[INFO] Converter: Wire Protocol Buffers ................... SKIPPED
[INFO] Converter: SimpleXML ............................... SKIPPED
[INFO] Converter: Java Scalars ............................ SKIPPED
[INFO] Converter: Moshi ................................... SKIPPED
[INFO] Retrofit Mock Adapter .............................. SKIPPED
[INFO] Samples ............................................ SKIPPED
[INFO] ------------------------------------------------------------------------
[INFO] BUILD FAILURE
[INFO] ------------------------------------------------------------------------
[INFO] Total time: 14.185 s
[INFO] Finished at: 2016-06-15T04:31:14+00:00
[INFO] Final Memory: 31M/376M
[INFO] ------------------------------------------------------------------------
[ERROR] Failed to execute goal org.apache.maven.plugins:maven-deploy-plugin:2.7:deploy (default-deploy) on project parent: Failed to deploy artifacts: Could not transfer artifact com.squareup.retrofit2:parent:pom:2.1.0 from/to sonatype-nexus-staging (https://oss.sonatype.org/service/local/staging/deploy/maven2/): Failed to transfer file: https://oss.sonatype.org/service/local/staging/deploy/maven2/com/squareup/retrofit2/parent/2.1.0/parent-2.1.0.pom. Return code is: 401, ReasonPhrase: Unauthorized. -> [Help 1]
[ERROR] 
[ERROR] To see the full stack trace of the errors, re-run Maven with the -e switch.
[ERROR] Re-run Maven using the -X switch to enable full debug logging.
[ERROR] 
[ERROR] For more information about the errors and possible solutions, please read the following articles:
[ERROR] [Help 1] http://cwiki.apache.org/confluence/display/MAVEN/MojoExecutionException

travis_time:end:0182f548:start=1465965058110163705,finish=1465965078950321127,duration=20840157422[0Ktravis_fold:end:after_success[0K
Done. Your build exited with 0.
