Using worker: worker-linux-docker-dffb8a59.prod.travis-ci.org:travis-linux-14

travis_fold:start:system_info[0K[33;1mBuild system information[0m
Build language: java
Build group: stable
Build dist: precise
[34m[1mBuild image provisioning date and time[0m
Thu Feb  5 15:09:33 UTC 2015
[34m[1mOperating System Details[0m
Distributor ID:	Ubuntu
Description:	Ubuntu 12.04.5 LTS
Release:	12.04
Codename:	precise
[34m[1mLinux Version[0m
3.13.0-29-generic
[34m[1mCookbooks Version[0m
a68419e https://github.com/travis-ci/travis-cookbooks/tree/a68419e
[34m[1mGCC version[0m
gcc (Ubuntu/Linaro 4.6.3-1ubuntu5) 4.6.3
Copyright (C) 2011 Free Software Foundation, Inc.
This is free software; see the source for copying conditions.  There is NO
warranty; not even for MERCHANTABILITY or FITNESS FOR A PARTICULAR PURPOSE.

[34m[1mLLVM version[0m
clang version 3.4 (tags/RELEASE_34/final)
Target: x86_64-unknown-linux-gnu
Thread model: posix
[34m[1mPre-installed Ruby versions[0m
ruby-1.9.3-p551
[34m[1mPre-installed Node.js versions[0m
v0.10.36
[34m[1mPre-installed Go versions[0m
1.4.1
[34m[1mRedis version[0m
redis-server 2.8.19
[34m[1mriak version[0m
2.0.2
[34m[1mMongoDB version[0m
MongoDB 2.4.12
[34m[1mCouchDB version[0m
couchdb 1.6.1
[34m[1mNeo4j version[0m
1.9.4
[34m[1mRabbitMQ Version[0m
3.4.3
[34m[1mElasticSearch version[0m
1.4.0
[34m[1mInstalled Sphinx versions[0m
2.0.10
2.1.9
2.2.6
[34m[1mDefault Sphinx version[0m
2.2.6
[34m[1mInstalled Firefox version[0m
firefox 31.0esr
[34m[1mPhantomJS version[0m
1.9.8
[34m[1mant -version[0m
Apache Ant(TM) version 1.8.2 compiled on December 3 2011
[34m[1mmvn -version[0m
Apache Maven 3.2.5 (12a6b3acb947671f09b81f49094c53f426d8cea1; 2014-12-14T17:29:23+00:00)
Maven home: /usr/local/maven
Java version: 1.7.0_76, vendor: Oracle Corporation
Java home: /usr/lib/jvm/java-7-oracle/jre
Default locale: en_US, platform encoding: ANSI_X3.4-1968
OS name: "linux", version: "3.13.0-29-generic", arch: "amd64", family: "unix"
travis_fold:end:system_info[0K
travis_fold:start:fix.CVE-2015-7547[0K$ export DEBIAN_FRONTEND=noninteractive
W: Size of file /var/lib/apt/lists/ppa.launchpad.net_ubuntugis_ppa_ubuntu_dists_precise_main_binary-amd64_Packages.gz is not what the server reported 36669 36677
W: Size of file /var/lib/apt/lists/us.archive.ubuntu.com_ubuntu_dists_precise-backports_multiverse_source_Sources.gz is not what the server reported 5886 5888
W: Size of file /var/lib/apt/lists/ppa.launchpad.net_ubuntugis_ppa_ubuntu_dists_precise_main_binary-i386_Packages.gz is not what the server reported 36729 36733
Reading package lists...
Building dependency tree...
Reading state information...
The following extra packages will be installed:
  libc-bin libc-dev-bin libc6-dev
Suggested packages:
  glibc-doc
The following packages will be upgraded:
  libc-bin libc-dev-bin libc6 libc6-dev
4 upgraded, 0 newly installed, 0 to remove and 248 not upgraded.
Need to get 8,840 kB of archives.
After this operation, 14.3 kB disk space will be freed.
Get:1 http://us.archive.ubuntu.com/ubuntu/ precise-updates/main libc6-dev amd64 2.15-0ubuntu10.15 [2,943 kB]
Get:2 http://us.archive.ubuntu.com/ubuntu/ precise-updates/main libc-dev-bin amd64 2.15-0ubuntu10.15 [84.7 kB]
Get:3 http://us.archive.ubuntu.com/ubuntu/ precise-updates/main libc-bin amd64 2.15-0ubuntu10.15 [1,177 kB]
Get:4 http://us.archive.ubuntu.com/ubuntu/ precise-updates/main libc6 amd64 2.15-0ubuntu10.15 [4,636 kB]
Fetched 8,840 kB in 0s (33.5 MB/s)
Preconfiguring packages ...
(Reading database ... (Reading database ... 5%(Reading database ... 10%(Reading database ... 15%(Reading database ... 20%(Reading database ... 25%(Reading database ... 30%(Reading database ... 35%(Reading database ... 40%(Reading database ... 45%(Reading database ... 50%(Reading database ... 55%(Reading database ... 60%(Reading database ... 65%(Reading database ... 70%(Reading database ... 75%(Reading database ... 80%(Reading database ... 85%(Reading database ... 90%(Reading database ... 95%(Reading database ... 100%(Reading database ... 72019 files and directories currently installed.)
Preparing to replace libc6-dev 2.15-0ubuntu10.10 (using .../libc6-dev_2.15-0ubuntu10.15_amd64.deb) ...
Unpacking replacement libc6-dev ...
Preparing to replace libc-dev-bin 2.15-0ubuntu10.10 (using .../libc-dev-bin_2.15-0ubuntu10.15_amd64.deb) ...
Unpacking replacement libc-dev-bin ...
Preparing to replace libc-bin 2.15-0ubuntu10.10 (using .../libc-bin_2.15-0ubuntu10.15_amd64.deb) ...
Unpacking replacement libc-bin ...
Processing triggers for man-db ...
Setting up libc-bin (2.15-0ubuntu10.15) ...
(Reading database ... (Reading database ... 5%(Reading database ... 10%(Reading database ... 15%(Reading database ... 20%(Reading database ... 25%(Reading database ... 30%(Reading database ... 35%(Reading database ... 40%(Reading database ... 45%(Reading database ... 50%(Reading database ... 55%(Reading database ... 60%(Reading database ... 65%(Reading database ... 70%(Reading database ... 75%(Reading database ... 80%(Reading database ... 85%(Reading database ... 90%(Reading database ... 95%(Reading database ... 100%(Reading database ... 72018 files and directories currently installed.)
Preparing to replace libc6 2.15-0ubuntu10.10 (using .../libc6_2.15-0ubuntu10.15_amd64.deb) ...
Unpacking replacement libc6 ...
Setting up libc6 (2.15-0ubuntu10.15) ...
Setting up libc-dev-bin (2.15-0ubuntu10.15) ...
Setting up libc6-dev (2.15-0ubuntu10.15) ...
Processing triggers for libc-bin ...
ldconfig deferred processing now taking place
travis_fold:end:fix.CVE-2015-7547[0Ktravis_fold:start:git.checkout[0Ktravis_time:start:0327c348[0K$ git clone --depth=50 https://github.com/square/retrofit.git square/retrofit
Cloning into 'square/retrofit'...
remote: Counting objects: 1153, done.[K
remote: Compressing objects:   0% (1/659)   [Kremote: Compressing objects:   1% (7/659)   [Kremote: Compressing objects:   2% (14/659)   [Kremote: Compressing objects:   3% (20/659)   [Kremote: Compressing objects:   4% (27/659)   [Kremote: Compressing objects:   5% (33/659)   [Kremote: Compressing objects:   6% (40/659)   [Kremote: Compressing objects:   7% (47/659)   [Kremote: Compressing objects:   8% (53/659)   [Kremote: Compressing objects:   9% (60/659)   [Kremote: Compressing objects:  10% (66/659)   [Kremote: Compressing objects:  11% (73/659)   [Kremote: Compressing objects:  12% (80/659)   [Kremote: Compressing objects:  13% (86/659)   [Kremote: Compressing objects:  14% (93/659)   [Kremote: Compressing objects:  15% (99/659)   [Kremote: Compressing objects:  16% (106/659)   [Kremote: Compressing objects:  17% (113/659)   [Kremote: Compressing objects:  18% (119/659)   [Kremote: Compressing objects:  19% (126/659)   [Kremote: Compressing objects:  20% (132/659)   [Kremote: Compressing objects:  21% (139/659)   [Kremote: Compressing objects:  22% (145/659)   [Kremote: Compressing objects:  23% (152/659)   [Kremote: Compressing objects:  24% (159/659)   [Kremote: Compressing objects:  25% (165/659)   [Kremote: Compressing objects:  26% (172/659)   [Kremote: Compressing objects:  27% (178/659)   [Kremote: Compressing objects:  28% (185/659)   [Kremote: Compressing objects:  29% (192/659)   [Kremote: Compressing objects:  30% (198/659)   [Kremote: Compressing objects:  31% (205/659)   [Kremote: Compressing objects:  32% (211/659)   [Kremote: Compressing objects:  33% (218/659)   [Kremote: Compressing objects:  34% (225/659)   [Kremote: Compressing objects:  35% (231/659)   [Kremote: Compressing objects:  36% (238/659)   [Kremote: Compressing objects:  37% (244/659)   [Kremote: Compressing objects:  38% (251/659)   [Kremote: Compressing objects:  39% (258/659)   [Kremote: Compressing objects:  40% (264/659)   [Kremote: Compressing objects:  41% (271/659)   [Kremote: Compressing objects:  42% (277/659)   [Kremote: Compressing objects:  43% (284/659)   [Kremote: Compressing objects:  44% (290/659)   [Kremote: Compressing objects:  45% (297/659)   [Kremote: Compressing objects:  46% (304/659)   [Kremote: Compressing objects:  47% (310/659)   [Kremote: Compressing objects:  48% (317/659)   [Kremote: Compressing objects:  49% (323/659)   [Kremote: Compressing objects:  50% (330/659)   [Kremote: Compressing objects:  51% (337/659)   [Kremote: Compressing objects:  52% (343/659)   [Kremote: Compressing objects:  53% (350/659)   [Kremote: Compressing objects:  54% (356/659)   [Kremote: Compressing objects:  55% (363/659)   [Kremote: Compressing objects:  56% (370/659)   [Kremote: Compressing objects:  57% (376/659)   [Kremote: Compressing objects:  58% (383/659)   [Kremote: Compressing objects:  59% (389/659)   [Kremote: Compressing objects:  60% (396/659)   [Kremote: Compressing objects:  61% (402/659)   [Kremote: Compressing objects:  62% (409/659)   [Kremote: Compressing objects:  63% (416/659)   [Kremote: Compressing objects:  64% (422/659)   [Kremote: Compressing objects:  65% (429/659)   [Kremote: Compressing objects:  66% (435/659)   [Kremote: Compressing objects:  67% (442/659)   [Kremote: Compressing objects:  68% (449/659)   [Kremote: Compressing objects:  69% (455/659)   [Kremote: Compressing objects:  70% (462/659)   [Kremote: Compressing objects:  71% (468/659)   [Kremote: Compressing objects:  72% (475/659)   [Kremote: Compressing objects:  73% (482/659)   [Kremote: Compressing objects:  74% (488/659)   [Kremote: Compressing objects:  75% (495/659)   [Kremote: Compressing objects:  76% (501/659)   [Kremote: Compressing objects:  77% (508/659)   [Kremote: Compressing objects:  78% (515/659)   [Kremote: Compressing objects:  79% (521/659)   [Kremote: Compressing objects:  80% (528/659)   [Kremote: Compressing objects:  81% (534/659)   [Kremote: Compressing objects:  82% (541/659)   [Kremote: Compressing objects:  83% (547/659)   [Kremote: Compressing objects:  84% (554/659)   [Kremote: Compressing objects:  85% (561/659)   [Kremote: Compressing objects:  86% (567/659)   [Kremote: Compressing objects:  87% (574/659)   [Kremote: Compressing objects:  88% (580/659)   [Kremote: Compressing objects:  89% (587/659)   [Kremote: Compressing objects:  90% (594/659)   [Kremote: Compressing objects:  91% (600/659)   [Kremote: Compressing objects:  92% (607/659)   [Kremote: Compressing objects:  93% (613/659)   [Kremote: Compressing objects:  94% (620/659)   [Kremote: Compressing objects:  95% (627/659)   [Kremote: Compressing objects:  96% (633/659)   [Kremote: Compressing objects:  97% (640/659)   [Kremote: Compressing objects:  98% (646/659)   [Kremote: Compressing objects:  99% (653/659)   [Kremote: Compressing objects: 100% (659/659)   [Kremote: Compressing objects: 100% (659/659), done.[K
Receiving objects:   0% (1/1153)   Receiving objects:   1% (12/1153)   Receiving objects:   2% (24/1153)   Receiving objects:   3% (35/1153)   Receiving objects:   4% (47/1153)   Receiving objects:   5% (58/1153)   Receiving objects:   6% (70/1153)   Receiving objects:   7% (81/1153)   Receiving objects:   8% (93/1153)   Receiving objects:   9% (104/1153)   Receiving objects:  10% (116/1153)   Receiving objects:  11% (127/1153)   Receiving objects:  12% (139/1153)   Receiving objects:  13% (150/1153)   Receiving objects:  14% (162/1153)   Receiving objects:  15% (173/1153)   Receiving objects:  16% (185/1153)   Receiving objects:  17% (197/1153)   Receiving objects:  18% (208/1153)   Receiving objects:  19% (220/1153)   Receiving objects:  20% (231/1153)   Receiving objects:  21% (243/1153)   Receiving objects:  22% (254/1153)   Receiving objects:  23% (266/1153)   Receiving objects:  24% (277/1153)   Receiving objects:  25% (289/1153)   Receiving objects:  26% (300/1153)   Receiving objects:  27% (312/1153)   Receiving objects:  28% (323/1153)   Receiving objects:  29% (335/1153)   Receiving objects:  30% (346/1153)   Receiving objects:  31% (358/1153)   Receiving objects:  32% (369/1153)   Receiving objects:  33% (381/1153)   Receiving objects:  34% (393/1153)   Receiving objects:  35% (404/1153)   Receiving objects:  36% (416/1153)   Receiving objects:  37% (427/1153)   Receiving objects:  38% (439/1153)   Receiving objects:  39% (450/1153)   Receiving objects:  40% (462/1153)   Receiving objects:  41% (473/1153)   Receiving objects:  42% (485/1153)   Receiving objects:  43% (496/1153)   Receiving objects:  44% (508/1153)   Receiving objects:  45% (519/1153)   Receiving objects:  46% (531/1153)   Receiving objects:  47% (542/1153)   Receiving objects:  48% (554/1153)   Receiving objects:  49% (565/1153)   Receiving objects:  50% (577/1153)   Receiving objects:  51% (589/1153)   Receiving objects:  52% (600/1153)   Receiving objects:  53% (612/1153)   Receiving objects:  54% (623/1153)   Receiving objects:  55% (635/1153)   Receiving objects:  56% (646/1153)   Receiving objects:  57% (658/1153)   Receiving objects:  58% (669/1153)   Receiving objects:  59% (681/1153)   Receiving objects:  60% (692/1153)   Receiving objects:  61% (704/1153)   Receiving objects:  62% (715/1153)   Receiving objects:  63% (727/1153)   Receiving objects:  64% (738/1153)   Receiving objects:  65% (750/1153)   Receiving objects:  66% (761/1153)   remote: Total 1153 (delta 444), reused 875 (delta 238), pack-reused 0[K
Receiving objects:  67% (773/1153)   Receiving objects:  68% (785/1153)   Receiving objects:  69% (796/1153)   Receiving objects:  70% (808/1153)   Receiving objects:  71% (819/1153)   Receiving objects:  72% (831/1153)   Receiving objects:  73% (842/1153)   Receiving objects:  74% (854/1153)   Receiving objects:  75% (865/1153)   Receiving objects:  76% (877/1153)   Receiving objects:  77% (888/1153)   Receiving objects:  78% (900/1153)   Receiving objects:  79% (911/1153)   Receiving objects:  80% (923/1153)   Receiving objects:  81% (934/1153)   Receiving objects:  82% (946/1153)   Receiving objects:  83% (957/1153)   Receiving objects:  84% (969/1153)   Receiving objects:  85% (981/1153)   Receiving objects:  86% (992/1153)   Receiving objects:  87% (1004/1153)   Receiving objects:  88% (1015/1153)   Receiving objects:  89% (1027/1153)   Receiving objects:  90% (1038/1153)   Receiving objects:  91% (1050/1153)   Receiving objects:  92% (1061/1153)   Receiving objects:  93% (1073/1153)   Receiving objects:  94% (1084/1153)   Receiving objects:  95% (1096/1153)   Receiving objects:  96% (1107/1153)   Receiving objects:  97% (1119/1153)   Receiving objects:  98% (1130/1153)   Receiving objects:  99% (1142/1153)   Receiving objects: 100% (1153/1153)   Receiving objects: 100% (1153/1153), 293.06 KiB | 0 bytes/s, done.
Resolving deltas:   0% (0/444)   Resolving deltas:   6% (28/444)   Resolving deltas:   8% (36/444)   Resolving deltas:   9% (41/444)   Resolving deltas:  13% (58/444)   Resolving deltas:  39% (176/444)   Resolving deltas:  43% (191/444)   Resolving deltas:  45% (203/444)   Resolving deltas:  48% (217/444)   Resolving deltas:  49% (220/444)   Resolving deltas:  53% (237/444)   Resolving deltas:  54% (241/444)   Resolving deltas:  56% (251/444)   Resolving deltas:  57% (254/444)   Resolving deltas:  60% (267/444)   Resolving deltas:  61% (271/444)   Resolving deltas:  62% (277/444)   Resolving deltas:  63% (281/444)   Resolving deltas:  64% (285/444)   Resolving deltas:  68% (303/444)   Resolving deltas:  69% (307/444)   Resolving deltas:  70% (313/444)   Resolving deltas:  71% (316/444)   Resolving deltas:  72% (320/444)   Resolving deltas:  73% (326/444)   Resolving deltas:  74% (330/444)   Resolving deltas:  75% (334/444)   Resolving deltas:  78% (347/444)   Resolving deltas:  82% (366/444)   Resolving deltas:  84% (374/444)   Resolving deltas:  86% (385/444)   Resolving deltas:  88% (392/444)   Resolving deltas:  89% (396/444)   Resolving deltas:  90% (400/444)   Resolving deltas:  96% (428/444)   Resolving deltas:  97% (431/444)   Resolving deltas:  98% (437/444)   Resolving deltas:  99% (441/444)   Resolving deltas: 100% (444/444)   Resolving deltas: 100% (444/444), done.
Checking connectivity... done.

travis_time:end:0327c348:start=1468138828660679126,finish=1468138829144244791,duration=483565665[0K$ cd square/retrofit
travis_time:start:14d62fa0[0K$ git fetch origin +refs/pull/1908/merge:
remote: Counting objects: 10, done.[K
remote: Compressing objects:  20% (1/5)   [Kremote: Compressing objects:  40% (2/5)   [Kremote: Compressing objects:  60% (3/5)   [Kremote: Compressing objects:  80% (4/5)   [Kremote: Compressing objects: 100% (5/5)   [Kremote: Compressing objects: 100% (5/5), done.[K
remote: Total 10 (delta 4), reused 8 (delta 3), pack-reused 0[K
Unpacking objects:  10% (1/10)   Unpacking objects:  20% (2/10)   Unpacking objects:  30% (3/10)   Unpacking objects:  40% (4/10)   Unpacking objects:  50% (5/10)   Unpacking objects:  60% (6/10)   Unpacking objects:  70% (7/10)   Unpacking objects:  80% (8/10)   Unpacking objects:  90% (9/10)   Unpacking objects: 100% (10/10)   Unpacking objects: 100% (10/10), done.
From https://github.com/square/retrofit
 * branch            refs/pull/1908/merge -> FETCH_HEAD

travis_time:end:14d62fa0:start=1468138829148601548,finish=1468138829454542951,duration=305941403[0K$ git checkout -qf FETCH_HEAD
travis_fold:end:git.checkout[0K
[33;1mThis job is running on container-based infrastructure, which does not allow use of 'sudo', setuid and setguid executables.[0m
[33;1mIf you require sudo, add 'sudo: required' to your .travis.yml[0m
[33;1mSee https://docs.travis-ci.com/user/workers/container-based-infrastructure/ for details.[0m
$ jdk_switcher use oraclejdk8
Switching to Oracle JDK8 (java-8-oracle), JAVA_HOME will be set to /usr/lib/jvm/java-8-oracle
travis_fold:start:cache.1[0KSetting up build cache
$ export CASHER_DIR=$HOME/.casher
travis_time:start:00863887[0K$ Installing caching utilities

travis_time:end:00863887:start=1468138831166268881,finish=1468138831350987797,duration=184718916[0Ktravis_time:start:0bad7d71[0K
travis_time:end:0bad7d71:start=1468138831355848775,finish=1468138831359416073,duration=3567298[0Ktravis_time:start:27fa0f61[0K[32;1mattempting to download cache archive[0m
[32;1mfetching PR.1908/cache-linux-precise-e3b0c44298fc1c149afbf4c8996fb92427ae41e4649b934ca495991b7852b855--jdk-oraclejdk8.tgz[0m
[32;1mfetching PR.1908/cache--jdk-oraclejdk8.tgz[0m
[32;1mfetching master/cache-linux-precise-e3b0c44298fc1c149afbf4c8996fb92427ae41e4649b934ca495991b7852b855--jdk-oraclejdk8.tgz[0m
[32;1mfound cache[0m

travis_time:end:27fa0f61:start=1468138831364115319,finish=1468138833433322919,duration=2069207600[0Ktravis_time:start:0cfd6f1a[0K
travis_time:end:0cfd6f1a:start=1468138833437381629,finish=1468138833440980823,duration=3599194[0Ktravis_time:start:05c5f7d8[0K[32;1madding /home/travis/.m2 to cache[0m

travis_time:end:05c5f7d8:start=1468138833445075224,finish=1468138835078338421,duration=1633263197[0Ktravis_fold:end:cache.1[0K$ java -Xmx32m -version
java version "1.8.0_31"
Java(TM) SE Runtime Environment (build 1.8.0_31-b13)
Java HotSpot(TM) 64-Bit Server VM (build 25.31-b07, mixed mode)
$ javac -J-Xmx32m -version
javac 1.8.0_31
travis_fold:start:install[0Ktravis_time:start:013fd56d[0K$ mvn install -DskipTests=true -Dmaven.javadoc.skip=true -B -V
Java HotSpot(TM) 64-Bit Server VM warning: ignoring option MaxPermSize=192m; support was removed in 8.0
Apache Maven 3.2.5 (12a6b3acb947671f09b81f49094c53f426d8cea1; 2014-12-14T17:29:23+00:00)
Maven home: /usr/local/maven
Java version: 1.8.0_31, vendor: Oracle Corporation
Java home: /usr/lib/jvm/java-8-oracle/jre
Default locale: en_US, platform encoding: UTF-8
OS name: "linux", version: "3.13.0-40-generic", arch: "amd64", family: "unix"
[INFO] Scanning for projects...
[WARNING] 
[WARNING] Some problems were encountered while building the effective model for com.squareup.retrofit2:samples:jar:2.1.1-SNAPSHOT
[WARNING] 'build.plugins.plugin.version' for org.apache.maven.plugins:maven-deploy-plugin is missing. @ com.squareup.retrofit2:samples:[unknown-version], /home/travis/build/square/retrofit/samples/pom.xml, line 55, column 15
[WARNING] 
[WARNING] It is highly recommended to fix these problems because they threaten the stability of your build.
[WARNING] 
[WARNING] For this reason, future Maven versions might no longer support building such malformed projects.
[WARNING] 
[INFO] ------------------------------------------------------------------------
[INFO] Reactor Build Order:
[INFO] 
[INFO] Retrofit (Parent)
[INFO] Retrofit
[INFO] Adapters
[INFO] Adapter: Guava
[INFO] Adapter: Java 8
[INFO] Adapter: RxJava
[INFO] Converters
[INFO] Converter: Gson
[INFO] Converter: Protocol Buffers
[INFO] Converter: Jackson
[INFO] Converter: Wire Protocol Buffers
[INFO] Converter: SimpleXML
[INFO] Converter: Java Scalars
[INFO] Converter: Moshi
[INFO] Retrofit Mock Adapter
[INFO] Samples
[INFO]                                                                         
[INFO] ------------------------------------------------------------------------
[INFO] Building Retrofit (Parent) 2.1.1-SNAPSHOT
[INFO] ------------------------------------------------------------------------
[INFO] 
[INFO] --- maven-enforcer-plugin:1.0:enforce (enforce-maven) @ parent ---
[INFO] 
[INFO] --- animal-sniffer-maven-plugin:1.14:check (default) @ parent ---
[INFO] Checking unresolved references to org.codehaus.mojo.signature:java16:1.1
[INFO] 
[INFO] --- maven-javadoc-plugin:2.10.3:jar (attach-javadocs) @ parent ---
[INFO] Skipping javadoc generation
[INFO] 
[INFO] --- maven-checkstyle-plugin:2.15:checkstyle (default) @ parent ---
[INFO] 
[INFO] --- maven-install-plugin:2.4:install (default-install) @ parent ---
[INFO] Installing /home/travis/build/square/retrofit/pom.xml to /home/travis/.m2/repository/com/squareup/retrofit2/parent/2.1.1-SNAPSHOT/parent-2.1.1-SNAPSHOT.pom
[INFO]                                                                         
[INFO] ------------------------------------------------------------------------
[INFO] Building Retrofit 2.1.1-SNAPSHOT
[INFO] ------------------------------------------------------------------------
[INFO] 
[INFO] --- maven-enforcer-plugin:1.0:enforce (enforce-maven) @ retrofit ---
[INFO] 
[INFO] --- maven-resources-plugin:2.6:resources (default-resources) @ retrofit ---
[INFO] Using 'UTF-8' encoding to copy filtered resources.
[INFO] skip non existing resourceDirectory /home/travis/build/square/retrofit/retrofit/src/main/resources
[INFO] 
[INFO] --- maven-compiler-plugin:3.0:compile (default-compile) @ retrofit ---
[INFO] Changes detected - recompiling the module!
[INFO] Compiling 40 source files to /home/travis/build/square/retrofit/retrofit/target/classes
[WARNING] /home/travis/build/square/retrofit/retrofit/src/main/java/retrofit2/Retrofit.java: Some input files use unchecked or unsafe operations.
[WARNING] /home/travis/build/square/retrofit/retrofit/src/main/java/retrofit2/Retrofit.java: Recompile with -Xlint:unchecked for details.
[INFO] 
[INFO] --- maven-resources-plugin:2.6:testResources (default-testResources) @ retrofit ---
[INFO] Using 'UTF-8' encoding to copy filtered resources.
[INFO] skip non existing resourceDirectory /home/travis/build/square/retrofit/retrofit/src/test/resources
[INFO] 
[INFO] --- maven-compiler-plugin:3.0:testCompile (default-testCompile) @ retrofit ---
[INFO] Changes detected - recompiling the module!
[INFO] Compiling 14 source files to /home/travis/build/square/retrofit/retrofit/target/test-classes
[WARNING] /home/travis/build/square/retrofit/retrofit/src/test/java/retrofit2/RetrofitTest.java: /home/travis/build/square/retrofit/retrofit/src/test/java/retrofit2/RetrofitTest.java uses unchecked or unsafe operations.
[WARNING] /home/travis/build/square/retrofit/retrofit/src/test/java/retrofit2/RetrofitTest.java: Recompile with -Xlint:unchecked for details.
[INFO] 
[INFO] --- maven-surefire-plugin:2.12.4:test (default-test) @ retrofit ---
[INFO] Tests are skipped.
[INFO] 
[INFO] --- animal-sniffer-maven-plugin:1.14:check (default) @ retrofit ---
[INFO] Checking unresolved references to org.codehaus.mojo.signature:java16:1.1
[INFO] 
[INFO] --- maven-jar-plugin:2.4:jar (default-jar) @ retrofit ---
[INFO] Building jar: /home/travis/build/square/retrofit/retrofit/target/retrofit-2.1.1-SNAPSHOT.jar
[INFO] 
[INFO] --- maven-javadoc-plugin:2.10.3:jar (attach-javadocs) @ retrofit ---
[INFO] Skipping javadoc generation
[INFO] 
[INFO] --- maven-checkstyle-plugin:2.15:checkstyle (default) @ retrofit ---
[INFO] Starting audit...
Audit done.
[WARNING] Unable to locate Source XRef to link to - DISABLED
[INFO] 
[INFO] --- maven-install-plugin:2.4:install (default-install) @ retrofit ---
[INFO] Installing /home/travis/build/square/retrofit/retrofit/target/retrofit-2.1.1-SNAPSHOT.jar to /home/travis/.m2/repository/com/squareup/retrofit2/retrofit/2.1.1-SNAPSHOT/retrofit-2.1.1-SNAPSHOT.jar
[INFO] Installing /home/travis/build/square/retrofit/retrofit/pom.xml to /home/travis/.m2/repository/com/squareup/retrofit2/retrofit/2.1.1-SNAPSHOT/retrofit-2.1.1-SNAPSHOT.pom
[INFO]                                                                         
[INFO] ------------------------------------------------------------------------
[INFO] Building Adapters 2.1.1-SNAPSHOT
[INFO] ------------------------------------------------------------------------
[INFO] 
[INFO] --- maven-enforcer-plugin:1.0:enforce (enforce-maven) @ retrofit-adapters ---
[INFO] 
[INFO] --- animal-sniffer-maven-plugin:1.14:check (default) @ retrofit-adapters ---
[INFO] Checking unresolved references to org.codehaus.mojo.signature:java16:1.1
[INFO] 
[INFO] --- maven-javadoc-plugin:2.10.3:jar (attach-javadocs) @ retrofit-adapters ---
[INFO] Skipping javadoc generation
[INFO] 
[INFO] --- maven-checkstyle-plugin:2.15:checkstyle (default) @ retrofit-adapters ---
[INFO] 
[INFO] --- maven-install-plugin:2.4:install (default-install) @ retrofit-adapters ---
[INFO] Installing /home/travis/build/square/retrofit/retrofit-adapters/pom.xml to /home/travis/.m2/repository/com/squareup/retrofit2/retrofit-adapters/2.1.1-SNAPSHOT/retrofit-adapters-2.1.1-SNAPSHOT.pom
[INFO]                                                                         
[INFO] ------------------------------------------------------------------------
[INFO] Building Adapter: Guava 2.1.1-SNAPSHOT
[INFO] ------------------------------------------------------------------------
[INFO] 
[INFO] --- maven-enforcer-plugin:1.0:enforce (enforce-maven) @ adapter-guava ---
[INFO] 
[INFO] --- maven-resources-plugin:2.6:resources (default-resources) @ adapter-guava ---
[INFO] Using 'UTF-8' encoding to copy filtered resources.
[INFO] skip non existing resourceDirectory /home/travis/build/square/retrofit/retrofit-adapters/guava/src/main/resources
[INFO] 
[INFO] --- maven-compiler-plugin:3.0:compile (default-compile) @ adapter-guava ---
[INFO] Changes detected - recompiling the module!
[INFO] Compiling 2 source files to /home/travis/build/square/retrofit/retrofit-adapters/guava/target/classes
[INFO] 
[INFO] --- maven-resources-plugin:2.6:testResources (default-testResources) @ adapter-guava ---
[INFO] Using 'UTF-8' encoding to copy filtered resources.
[INFO] skip non existing resourceDirectory /home/travis/build/square/retrofit/retrofit-adapters/guava/src/test/resources
[INFO] 
[INFO] --- maven-compiler-plugin:3.0:testCompile (default-testCompile) @ adapter-guava ---
[INFO] Changes detected - recompiling the module!
[INFO] Compiling 3 source files to /home/travis/build/square/retrofit/retrofit-adapters/guava/target/test-classes
[INFO] 
[INFO] --- maven-surefire-plugin:2.12.4:test (default-test) @ adapter-guava ---
[INFO] Tests are skipped.
[INFO] 
[INFO] --- animal-sniffer-maven-plugin:1.14:check (default) @ adapter-guava ---
[INFO] Checking unresolved references to org.codehaus.mojo.signature:java16:1.1
[INFO] 
[INFO] --- maven-jar-plugin:2.4:jar (default-jar) @ adapter-guava ---
[INFO] Building jar: /home/travis/build/square/retrofit/retrofit-adapters/guava/target/adapter-guava-2.1.1-SNAPSHOT.jar
[INFO] 
[INFO] --- maven-javadoc-plugin:2.10.3:jar (attach-javadocs) @ adapter-guava ---
[INFO] Skipping javadoc generation
[INFO] 
[INFO] --- maven-checkstyle-plugin:2.15:checkstyle (default) @ adapter-guava ---
[INFO] Starting audit...
Audit done.
[WARNING] Unable to locate Source XRef to link to - DISABLED
[INFO] 
[INFO] --- maven-install-plugin:2.4:install (default-install) @ adapter-guava ---
[INFO] Installing /home/travis/build/square/retrofit/retrofit-adapters/guava/target/adapter-guava-2.1.1-SNAPSHOT.jar to /home/travis/.m2/repository/com/squareup/retrofit2/adapter-guava/2.1.1-SNAPSHOT/adapter-guava-2.1.1-SNAPSHOT.jar
[INFO] Installing /home/travis/build/square/retrofit/retrofit-adapters/guava/pom.xml to /home/travis/.m2/repository/com/squareup/retrofit2/adapter-guava/2.1.1-SNAPSHOT/adapter-guava-2.1.1-SNAPSHOT.pom
[INFO]                                                                         
[INFO] ------------------------------------------------------------------------
[INFO] Building Adapter: Java 8 2.1.1-SNAPSHOT
[INFO] ------------------------------------------------------------------------
[INFO] 
[INFO] --- maven-enforcer-plugin:1.0:enforce (enforce-maven) @ adapter-java8 ---
[INFO] 
[INFO] --- maven-resources-plugin:2.6:resources (default-resources) @ adapter-java8 ---
[INFO] Using 'UTF-8' encoding to copy filtered resources.
[INFO] skip non existing resourceDirectory /home/travis/build/square/retrofit/retrofit-adapters/java8/src/main/resources
[INFO] 
[INFO] --- maven-compiler-plugin:3.0:compile (default-compile) @ adapter-java8 ---
[INFO] Changes detected - recompiling the module!
[INFO] Compiling 2 source files to /home/travis/build/square/retrofit/retrofit-adapters/java8/target/classes
[INFO] 
[INFO] --- maven-resources-plugin:2.6:testResources (default-testResources) @ adapter-java8 ---
[INFO] Using 'UTF-8' encoding to copy filtered resources.
[INFO] skip non existing resourceDirectory /home/travis/build/square/retrofit/retrofit-adapters/java8/src/test/resources
[INFO] 
[INFO] --- maven-compiler-plugin:3.0:testCompile (default-testCompile) @ adapter-java8 ---
[INFO] Changes detected - recompiling the module!
[INFO] Compiling 3 source files to /home/travis/build/square/retrofit/retrofit-adapters/java8/target/test-classes
[INFO] 
[INFO] --- maven-surefire-plugin:2.12.4:test (default-test) @ adapter-java8 ---
[INFO] Tests are skipped.
[INFO] 
[INFO] --- animal-sniffer-maven-plugin:1.14:check (default) @ adapter-java8 ---
[INFO] Checking unresolved references to org.kaazing.mojo.signature:java18:1.0
[INFO] 
[INFO] --- maven-jar-plugin:2.4:jar (default-jar) @ adapter-java8 ---
[INFO] Building jar: /home/travis/build/square/retrofit/retrofit-adapters/java8/target/adapter-java8-2.1.1-SNAPSHOT.jar
[INFO] 
[INFO] --- maven-javadoc-plugin:2.10.3:jar (attach-javadocs) @ adapter-java8 ---
[INFO] Skipping javadoc generation
[INFO] 
[INFO] --- maven-checkstyle-plugin:2.15:checkstyle (default) @ adapter-java8 ---
[INFO] Starting audit...
Audit done.
[WARNING] Unable to locate Source XRef to link to - DISABLED
[INFO] 
[INFO] --- maven-install-plugin:2.4:install (default-install) @ adapter-java8 ---
[INFO] Installing /home/travis/build/square/retrofit/retrofit-adapters/java8/target/adapter-java8-2.1.1-SNAPSHOT.jar to /home/travis/.m2/repository/com/squareup/retrofit2/adapter-java8/2.1.1-SNAPSHOT/adapter-java8-2.1.1-SNAPSHOT.jar
[INFO] Installing /home/travis/build/square/retrofit/retrofit-adapters/java8/pom.xml to /home/travis/.m2/repository/com/squareup/retrofit2/adapter-java8/2.1.1-SNAPSHOT/adapter-java8-2.1.1-SNAPSHOT.pom
[INFO]                                                                         
[INFO] ------------------------------------------------------------------------
[INFO] Building Adapter: RxJava 2.1.1-SNAPSHOT
[INFO] ------------------------------------------------------------------------
[INFO] 
[INFO] --- maven-enforcer-plugin:1.0:enforce (enforce-maven) @ adapter-rxjava ---
[INFO] 
[INFO] --- maven-resources-plugin:2.6:resources (default-resources) @ adapter-rxjava ---
[INFO] Using 'UTF-8' encoding to copy filtered resources.
[INFO] skip non existing resourceDirectory /home/travis/build/square/retrofit/retrofit-adapters/rxjava/src/main/resources
[INFO] 
[INFO] --- maven-compiler-plugin:3.0:compile (default-compile) @ adapter-rxjava ---
[INFO] Changes detected - recompiling the module!
[INFO] Compiling 6 source files to /home/travis/build/square/retrofit/retrofit-adapters/rxjava/target/classes
[INFO] 
[INFO] --- maven-resources-plugin:2.6:testResources (default-testResources) @ adapter-rxjava ---
[INFO] Using 'UTF-8' encoding to copy filtered resources.
[INFO] skip non existing resourceDirectory /home/travis/build/square/retrofit/retrofit-adapters/rxjava/src/test/resources
[INFO] 
[INFO] --- maven-compiler-plugin:3.0:testCompile (default-testCompile) @ adapter-rxjava ---
[INFO] Changes detected - recompiling the module!
[INFO] Compiling 9 source files to /home/travis/build/square/retrofit/retrofit-adapters/rxjava/target/test-classes
[INFO] 
[INFO] --- maven-surefire-plugin:2.12.4:test (default-test) @ adapter-rxjava ---
[INFO] Tests are skipped.
[INFO] 
[INFO] --- animal-sniffer-maven-plugin:1.14:check (default) @ adapter-rxjava ---
[INFO] Checking unresolved references to org.codehaus.mojo.signature:java16:1.1
[INFO] 
[INFO] --- maven-jar-plugin:2.4:jar (default-jar) @ adapter-rxjava ---
[INFO] Building jar: /home/travis/build/square/retrofit/retrofit-adapters/rxjava/target/adapter-rxjava-2.1.1-SNAPSHOT.jar
[INFO] 
[INFO] --- maven-javadoc-plugin:2.10.3:jar (attach-javadocs) @ adapter-rxjava ---
[INFO] Skipping javadoc generation
[INFO] 
[INFO] --- maven-checkstyle-plugin:2.15:checkstyle (default) @ adapter-rxjava ---
[INFO] Starting audit...
Audit done.
[WARNING] Unable to locate Source XRef to link to - DISABLED
[INFO] 
[INFO] --- maven-install-plugin:2.4:install (default-install) @ adapter-rxjava ---
[INFO] Installing /home/travis/build/square/retrofit/retrofit-adapters/rxjava/target/adapter-rxjava-2.1.1-SNAPSHOT.jar to /home/travis/.m2/repository/com/squareup/retrofit2/adapter-rxjava/2.1.1-SNAPSHOT/adapter-rxjava-2.1.1-SNAPSHOT.jar
[INFO] Installing /home/travis/build/square/retrofit/retrofit-adapters/rxjava/pom.xml to /home/travis/.m2/repository/com/squareup/retrofit2/adapter-rxjava/2.1.1-SNAPSHOT/adapter-rxjava-2.1.1-SNAPSHOT.pom
[INFO]                                                                         
[INFO] ------------------------------------------------------------------------
[INFO] Building Converters 2.1.1-SNAPSHOT
[INFO] ------------------------------------------------------------------------
[INFO] 
[INFO] --- maven-enforcer-plugin:1.0:enforce (enforce-maven) @ retrofit-converters ---
[INFO] 
[INFO] --- animal-sniffer-maven-plugin:1.14:check (default) @ retrofit-converters ---
[INFO] Checking unresolved references to org.codehaus.mojo.signature:java16:1.1
[INFO] 
[INFO] --- maven-javadoc-plugin:2.10.3:jar (attach-javadocs) @ retrofit-converters ---
[INFO] Skipping javadoc generation
[INFO] 
[INFO] --- maven-checkstyle-plugin:2.15:checkstyle (default) @ retrofit-converters ---
[INFO] 
[INFO] --- maven-install-plugin:2.4:install (default-install) @ retrofit-converters ---
[INFO] Installing /home/travis/build/square/retrofit/retrofit-converters/pom.xml to /home/travis/.m2/repository/com/squareup/retrofit2/retrofit-converters/2.1.1-SNAPSHOT/retrofit-converters-2.1.1-SNAPSHOT.pom
[INFO]                                                                         
[INFO] ------------------------------------------------------------------------
[INFO] Building Converter: Gson 2.1.1-SNAPSHOT
[INFO] ------------------------------------------------------------------------
[INFO] 
[INFO] --- maven-enforcer-plugin:1.0:enforce (enforce-maven) @ converter-gson ---
[INFO] 
[INFO] --- maven-resources-plugin:2.6:resources (default-resources) @ converter-gson ---
[INFO] Using 'UTF-8' encoding to copy filtered resources.
[INFO] skip non existing resourceDirectory /home/travis/build/square/retrofit/retrofit-converters/gson/src/main/resources
[INFO] 
[INFO] --- maven-compiler-plugin:3.0:compile (default-compile) @ converter-gson ---
[INFO] Changes detected - recompiling the module!
[INFO] Compiling 3 source files to /home/travis/build/square/retrofit/retrofit-converters/gson/target/classes
[INFO] 
[INFO] --- maven-resources-plugin:2.6:testResources (default-testResources) @ converter-gson ---
[INFO] Using 'UTF-8' encoding to copy filtered resources.
[INFO] skip non existing resourceDirectory /home/travis/build/square/retrofit/retrofit-converters/gson/src/test/resources
[INFO] 
[INFO] --- maven-compiler-plugin:3.0:testCompile (default-testCompile) @ converter-gson ---
[INFO] Changes detected - recompiling the module!
[INFO] Compiling 1 source file to /home/travis/build/square/retrofit/retrofit-converters/gson/target/test-classes
[INFO] 
[INFO] --- maven-surefire-plugin:2.12.4:test (default-test) @ converter-gson ---
[INFO] Tests are skipped.
[INFO] 
[INFO] --- animal-sniffer-maven-plugin:1.14:check (default) @ converter-gson ---
[INFO] Checking unresolved references to org.codehaus.mojo.signature:java16:1.1
[INFO] 
[INFO] --- maven-jar-plugin:2.4:jar (default-jar) @ converter-gson ---
[INFO] Building jar: /home/travis/build/square/retrofit/retrofit-converters/gson/target/converter-gson-2.1.1-SNAPSHOT.jar
[INFO] 
[INFO] --- maven-javadoc-plugin:2.10.3:jar (attach-javadocs) @ converter-gson ---
[INFO] Skipping javadoc generation
[INFO] 
[INFO] --- maven-checkstyle-plugin:2.15:checkstyle (default) @ converter-gson ---
[INFO] Starting audit...
Audit done.
[WARNING] Unable to locate Source XRef to link to - DISABLED
[INFO] 
[INFO] --- maven-install-plugin:2.4:install (default-install) @ converter-gson ---
[INFO] Installing /home/travis/build/square/retrofit/retrofit-converters/gson/target/converter-gson-2.1.1-SNAPSHOT.jar to /home/travis/.m2/repository/com/squareup/retrofit2/converter-gson/2.1.1-SNAPSHOT/converter-gson-2.1.1-SNAPSHOT.jar
[INFO] Installing /home/travis/build/square/retrofit/retrofit-converters/gson/pom.xml to /home/travis/.m2/repository/com/squareup/retrofit2/converter-gson/2.1.1-SNAPSHOT/converter-gson-2.1.1-SNAPSHOT.pom
[INFO]                                                                         
[INFO] ------------------------------------------------------------------------
[INFO] Building Converter: Protocol Buffers 2.1.1-SNAPSHOT
[INFO] ------------------------------------------------------------------------
[INFO] 
[INFO] --- maven-enforcer-plugin:1.0:enforce (enforce-maven) @ converter-protobuf ---
[INFO] 
[INFO] --- maven-resources-plugin:2.6:resources (default-resources) @ converter-protobuf ---
[INFO] Using 'UTF-8' encoding to copy filtered resources.
[INFO] skip non existing resourceDirectory /home/travis/build/square/retrofit/retrofit-converters/protobuf/src/main/resources
[INFO] 
[INFO] --- maven-compiler-plugin:3.0:compile (default-compile) @ converter-protobuf ---
[INFO] Changes detected - recompiling the module!
[INFO] Compiling 3 source files to /home/travis/build/square/retrofit/retrofit-converters/protobuf/target/classes
[WARNING] /home/travis/build/square/retrofit/retrofit-converters/protobuf/src/main/java/retrofit2/converter/protobuf/ProtoConverterFactory.java: /home/travis/build/square/retrofit/retrofit-converters/protobuf/src/main/java/retrofit2/converter/protobuf/ProtoConverterFactory.java uses unchecked or unsafe operations.
[WARNING] /home/travis/build/square/retrofit/retrofit-converters/protobuf/src/main/java/retrofit2/converter/protobuf/ProtoConverterFactory.java: Recompile with -Xlint:unchecked for details.
[INFO] 
[INFO] --- maven-resources-plugin:2.6:testResources (default-testResources) @ converter-protobuf ---
[INFO] Using 'UTF-8' encoding to copy filtered resources.
[INFO] skip non existing resourceDirectory /home/travis/build/square/retrofit/retrofit-converters/protobuf/src/test/resources
[INFO] 
[INFO] --- maven-compiler-plugin:3.0:testCompile (default-testCompile) @ converter-protobuf ---
[INFO] Changes detected - recompiling the module!
[INFO] Compiling 2 source files to /home/travis/build/square/retrofit/retrofit-converters/protobuf/target/test-classes
[INFO] 
[INFO] --- maven-surefire-plugin:2.12.4:test (default-test) @ converter-protobuf ---
[INFO] Tests are skipped.
[INFO] 
[INFO] --- animal-sniffer-maven-plugin:1.14:check (default) @ converter-protobuf ---
[INFO] Checking unresolved references to org.codehaus.mojo.signature:java16:1.1
[INFO] 
[INFO] --- maven-jar-plugin:2.4:jar (default-jar) @ converter-protobuf ---
[INFO] Building jar: /home/travis/build/square/retrofit/retrofit-converters/protobuf/target/converter-protobuf-2.1.1-SNAPSHOT.jar
[INFO] 
[INFO] --- maven-javadoc-plugin:2.10.3:jar (attach-javadocs) @ converter-protobuf ---
[INFO] Skipping javadoc generation
[INFO] 
[INFO] --- maven-checkstyle-plugin:2.15:checkstyle (default) @ converter-protobuf ---
[INFO] Starting audit...
Audit done.
[WARNING] Unable to locate Source XRef to link to - DISABLED
[INFO] 
[INFO] --- maven-install-plugin:2.4:install (default-install) @ converter-protobuf ---
[INFO] Installing /home/travis/build/square/retrofit/retrofit-converters/protobuf/target/converter-protobuf-2.1.1-SNAPSHOT.jar to /home/travis/.m2/repository/com/squareup/retrofit2/converter-protobuf/2.1.1-SNAPSHOT/converter-protobuf-2.1.1-SNAPSHOT.jar
[INFO] Installing /home/travis/build/square/retrofit/retrofit-converters/protobuf/pom.xml to /home/travis/.m2/repository/com/squareup/retrofit2/converter-protobuf/2.1.1-SNAPSHOT/converter-protobuf-2.1.1-SNAPSHOT.pom
[INFO]                                                                         
[INFO] ------------------------------------------------------------------------
[INFO] Building Converter: Jackson 2.1.1-SNAPSHOT
[INFO] ------------------------------------------------------------------------
[INFO] 
[INFO] --- maven-enforcer-plugin:1.0:enforce (enforce-maven) @ converter-jackson ---
[INFO] 
[INFO] --- maven-resources-plugin:2.6:resources (default-resources) @ converter-jackson ---
[INFO] Using 'UTF-8' encoding to copy filtered resources.
[INFO] skip non existing resourceDirectory /home/travis/build/square/retrofit/retrofit-converters/jackson/src/main/resources
[INFO] 
[INFO] --- maven-compiler-plugin:3.0:compile (default-compile) @ converter-jackson ---
[INFO] Changes detected - recompiling the module!
[INFO] Compiling 3 source files to /home/travis/build/square/retrofit/retrofit-converters/jackson/target/classes
[WARNING] /home/travis/build/square/retrofit/retrofit-converters/jackson/src/main/java/retrofit2/converter/jackson/JacksonConverterFactory.java: /home/travis/build/square/retrofit/retrofit-converters/jackson/src/main/java/retrofit2/converter/jackson/JacksonConverterFactory.java uses or overrides a deprecated API.
[WARNING] /home/travis/build/square/retrofit/retrofit-converters/jackson/src/main/java/retrofit2/converter/jackson/JacksonConverterFactory.java: Recompile with -Xlint:deprecation for details.
[INFO] 
[INFO] --- maven-resources-plugin:2.6:testResources (default-testResources) @ converter-jackson ---
[INFO] Using 'UTF-8' encoding to copy filtered resources.
[INFO] skip non existing resourceDirectory /home/travis/build/square/retrofit/retrofit-converters/jackson/src/test/resources
[INFO] 
[INFO] --- maven-compiler-plugin:3.0:testCompile (default-testCompile) @ converter-jackson ---
[INFO] Changes detected - recompiling the module!
[INFO] Compiling 1 source file to /home/travis/build/square/retrofit/retrofit-converters/jackson/target/test-classes
[WARNING] /home/travis/build/square/retrofit/retrofit-converters/jackson/src/test/java/retrofit2/converter/jackson/JacksonConverterFactoryTest.java: /home/travis/build/square/retrofit/retrofit-converters/jackson/src/test/java/retrofit2/converter/jackson/JacksonConverterFactoryTest.java uses or overrides a deprecated API.
[WARNING] /home/travis/build/square/retrofit/retrofit-converters/jackson/src/test/java/retrofit2/converter/jackson/JacksonConverterFactoryTest.java: Recompile with -Xlint:deprecation for details.
[INFO] 
[INFO] --- maven-surefire-plugin:2.12.4:test (default-test) @ converter-jackson ---
[INFO] Tests are skipped.
[INFO] 
[INFO] --- animal-sniffer-maven-plugin:1.14:check (default) @ converter-jackson ---
[INFO] Checking unresolved references to org.codehaus.mojo.signature:java16:1.1
[INFO] 
[INFO] --- maven-jar-plugin:2.4:jar (default-jar) @ converter-jackson ---
[INFO] Building jar: /home/travis/build/square/retrofit/retrofit-converters/jackson/target/converter-jackson-2.1.1-SNAPSHOT.jar
[INFO] 
[INFO] --- maven-javadoc-plugin:2.10.3:jar (attach-javadocs) @ converter-jackson ---
[INFO] Skipping javadoc generation
[INFO] 
[INFO] --- maven-checkstyle-plugin:2.15:checkstyle (default) @ converter-jackson ---
[INFO] Starting audit...
Audit done.
[WARNING] Unable to locate Source XRef to link to - DISABLED
[INFO] 
[INFO] --- maven-install-plugin:2.4:install (default-install) @ converter-jackson ---
[INFO] Installing /home/travis/build/square/retrofit/retrofit-converters/jackson/target/converter-jackson-2.1.1-SNAPSHOT.jar to /home/travis/.m2/repository/com/squareup/retrofit2/converter-jackson/2.1.1-SNAPSHOT/converter-jackson-2.1.1-SNAPSHOT.jar
[INFO] Installing /home/travis/build/square/retrofit/retrofit-converters/jackson/pom.xml to /home/travis/.m2/repository/com/squareup/retrofit2/converter-jackson/2.1.1-SNAPSHOT/converter-jackson-2.1.1-SNAPSHOT.pom
[INFO]                                                                         
[INFO] ------------------------------------------------------------------------
[INFO] Building Converter: Wire Protocol Buffers 2.1.1-SNAPSHOT
[INFO] ------------------------------------------------------------------------
[INFO] 
[INFO] --- maven-enforcer-plugin:1.0:enforce (enforce-maven) @ converter-wire ---
[INFO] 
[INFO] --- maven-resources-plugin:2.6:resources (default-resources) @ converter-wire ---
[INFO] Using 'UTF-8' encoding to copy filtered resources.
[INFO] skip non existing resourceDirectory /home/travis/build/square/retrofit/retrofit-converters/wire/src/main/resources
[INFO] 
[INFO] --- maven-compiler-plugin:3.0:compile (default-compile) @ converter-wire ---
[INFO] Changes detected - recompiling the module!
[INFO] Compiling 3 source files to /home/travis/build/square/retrofit/retrofit-converters/wire/target/classes
[WARNING] /home/travis/build/square/retrofit/retrofit-converters/wire/src/main/java/retrofit2/converter/wire/WireConverterFactory.java: /home/travis/build/square/retrofit/retrofit-converters/wire/src/main/java/retrofit2/converter/wire/WireConverterFactory.java uses unchecked or unsafe operations.
[WARNING] /home/travis/build/square/retrofit/retrofit-converters/wire/src/main/java/retrofit2/converter/wire/WireConverterFactory.java: Recompile with -Xlint:unchecked for details.
[INFO] 
[INFO] --- maven-resources-plugin:2.6:testResources (default-testResources) @ converter-wire ---
[INFO] Using 'UTF-8' encoding to copy filtered resources.
[INFO] skip non existing resourceDirectory /home/travis/build/square/retrofit/retrofit-converters/wire/src/test/resources
[INFO] 
[INFO] --- maven-compiler-plugin:3.0:testCompile (default-testCompile) @ converter-wire ---
[INFO] Changes detected - recompiling the module!
[INFO] Compiling 2 source files to /home/travis/build/square/retrofit/retrofit-converters/wire/target/test-classes
[INFO] 
[INFO] --- maven-surefire-plugin:2.12.4:test (default-test) @ converter-wire ---
[INFO] Tests are skipped.
[INFO] 
[INFO] --- animal-sniffer-maven-plugin:1.14:check (default) @ converter-wire ---
[INFO] Checking unresolved references to org.codehaus.mojo.signature:java16:1.1
[INFO] 
[INFO] --- maven-jar-plugin:2.4:jar (default-jar) @ converter-wire ---
[INFO] Building jar: /home/travis/build/square/retrofit/retrofit-converters/wire/target/converter-wire-2.1.1-SNAPSHOT.jar
[INFO] 
[INFO] --- maven-javadoc-plugin:2.10.3:jar (attach-javadocs) @ converter-wire ---
[INFO] Skipping javadoc generation
[INFO] 
[INFO] --- maven-checkstyle-plugin:2.15:checkstyle (default) @ converter-wire ---
[INFO] Starting audit...
Audit done.
[WARNING] Unable to locate Source XRef to link to - DISABLED
[INFO] 
[INFO] --- maven-install-plugin:2.4:install (default-install) @ converter-wire ---
[INFO] Installing /home/travis/build/square/retrofit/retrofit-converters/wire/target/converter-wire-2.1.1-SNAPSHOT.jar to /home/travis/.m2/repository/com/squareup/retrofit2/converter-wire/2.1.1-SNAPSHOT/converter-wire-2.1.1-SNAPSHOT.jar
[INFO] Installing /home/travis/build/square/retrofit/retrofit-converters/wire/pom.xml to /home/travis/.m2/repository/com/squareup/retrofit2/converter-wire/2.1.1-SNAPSHOT/converter-wire-2.1.1-SNAPSHOT.pom
[INFO]                                                                         
[INFO] ------------------------------------------------------------------------
[INFO] Building Converter: SimpleXML 2.1.1-SNAPSHOT
[INFO] ------------------------------------------------------------------------
[INFO] 
[INFO] --- maven-enforcer-plugin:1.0:enforce (enforce-maven) @ converter-simplexml ---
[INFO] 
[INFO] --- maven-resources-plugin:2.6:resources (default-resources) @ converter-simplexml ---
[INFO] Using 'UTF-8' encoding to copy filtered resources.
[INFO] skip non existing resourceDirectory /home/travis/build/square/retrofit/retrofit-converters/simplexml/src/main/resources
[INFO] 
[INFO] --- maven-compiler-plugin:3.0:compile (default-compile) @ converter-simplexml ---
[INFO] Changes detected - recompiling the module!
[INFO] Compiling 3 source files to /home/travis/build/square/retrofit/retrofit-converters/simplexml/target/classes
[INFO] 
[INFO] --- maven-resources-plugin:2.6:testResources (default-testResources) @ converter-simplexml ---
[INFO] Using 'UTF-8' encoding to copy filtered resources.
[INFO] skip non existing resourceDirectory /home/travis/build/square/retrofit/retrofit-converters/simplexml/src/test/resources
[INFO] 
[INFO] --- maven-compiler-plugin:3.0:testCompile (default-testCompile) @ converter-simplexml ---
[INFO] Changes detected - recompiling the module!
[INFO] Compiling 2 source files to /home/travis/build/square/retrofit/retrofit-converters/simplexml/target/test-classes
[INFO] 
[INFO] --- maven-surefire-plugin:2.12.4:test (default-test) @ converter-simplexml ---
[INFO] Tests are skipped.
[INFO] 
[INFO] --- animal-sniffer-maven-plugin:1.14:check (default) @ converter-simplexml ---
[INFO] Checking unresolved references to org.codehaus.mojo.signature:java16:1.1
[INFO] 
[INFO] --- maven-jar-plugin:2.4:jar (default-jar) @ converter-simplexml ---
[INFO] Building jar: /home/travis/build/square/retrofit/retrofit-converters/simplexml/target/converter-simplexml-2.1.1-SNAPSHOT.jar
[INFO] 
[INFO] --- maven-javadoc-plugin:2.10.3:jar (attach-javadocs) @ converter-simplexml ---
[INFO] Skipping javadoc generation
[INFO] 
[INFO] --- maven-checkstyle-plugin:2.15:checkstyle (default) @ converter-simplexml ---
[INFO] Starting audit...
Audit done.
[WARNING] Unable to locate Source XRef to link to - DISABLED
[INFO] 
[INFO] --- maven-install-plugin:2.4:install (default-install) @ converter-simplexml ---
[INFO] Installing /home/travis/build/square/retrofit/retrofit-converters/simplexml/target/converter-simplexml-2.1.1-SNAPSHOT.jar to /home/travis/.m2/repository/com/squareup/retrofit2/converter-simplexml/2.1.1-SNAPSHOT/converter-simplexml-2.1.1-SNAPSHOT.jar
[INFO] Installing /home/travis/build/square/retrofit/retrofit-converters/simplexml/pom.xml to /home/travis/.m2/repository/com/squareup/retrofit2/converter-simplexml/2.1.1-SNAPSHOT/converter-simplexml-2.1.1-SNAPSHOT.pom
[INFO]                                                                         
[INFO] ------------------------------------------------------------------------
[INFO] Building Converter: Java Scalars 2.1.1-SNAPSHOT
[INFO] ------------------------------------------------------------------------
[INFO] 
[INFO] --- maven-enforcer-plugin:1.0:enforce (enforce-maven) @ converter-scalars ---
[INFO] 
[INFO] --- maven-resources-plugin:2.6:resources (default-resources) @ converter-scalars ---
[INFO] Using 'UTF-8' encoding to copy filtered resources.
[INFO] skip non existing resourceDirectory /home/travis/build/square/retrofit/retrofit-converters/scalars/src/main/resources
[INFO] 
[INFO] --- maven-compiler-plugin:3.0:compile (default-compile) @ converter-scalars ---
[INFO] Changes detected - recompiling the module!
[INFO] Compiling 3 source files to /home/travis/build/square/retrofit/retrofit-converters/scalars/target/classes
[INFO] 
[INFO] --- maven-resources-plugin:2.6:testResources (default-testResources) @ converter-scalars ---
[INFO] Using 'UTF-8' encoding to copy filtered resources.
[INFO] skip non existing resourceDirectory /home/travis/build/square/retrofit/retrofit-converters/scalars/src/test/resources
[INFO] 
[INFO] --- maven-compiler-plugin:3.0:testCompile (default-testCompile) @ converter-scalars ---
[INFO] Changes detected - recompiling the module!
[INFO] Compiling 2 source files to /home/travis/build/square/retrofit/retrofit-converters/scalars/target/test-classes
[INFO] 
[INFO] --- maven-surefire-plugin:2.12.4:test (default-test) @ converter-scalars ---
[INFO] Tests are skipped.
[INFO] 
[INFO] --- animal-sniffer-maven-plugin:1.14:check (default) @ converter-scalars ---
[INFO] Checking unresolved references to org.codehaus.mojo.signature:java16:1.1
[INFO] 
[INFO] --- maven-jar-plugin:2.4:jar (default-jar) @ converter-scalars ---
[INFO] Building jar: /home/travis/build/square/retrofit/retrofit-converters/scalars/target/converter-scalars-2.1.1-SNAPSHOT.jar
[INFO] 
[INFO] --- maven-javadoc-plugin:2.10.3:jar (attach-javadocs) @ converter-scalars ---
[INFO] Skipping javadoc generation
[INFO] 
[INFO] --- maven-checkstyle-plugin:2.15:checkstyle (default) @ converter-scalars ---
[INFO] Starting audit...
Audit done.
[WARNING] Unable to locate Source XRef to link to - DISABLED
[INFO] 
[INFO] --- maven-install-plugin:2.4:install (default-install) @ converter-scalars ---
[INFO] Installing /home/travis/build/square/retrofit/retrofit-converters/scalars/target/converter-scalars-2.1.1-SNAPSHOT.jar to /home/travis/.m2/repository/com/squareup/retrofit2/converter-scalars/2.1.1-SNAPSHOT/converter-scalars-2.1.1-SNAPSHOT.jar
[INFO] Installing /home/travis/build/square/retrofit/retrofit-converters/scalars/pom.xml to /home/travis/.m2/repository/com/squareup/retrofit2/converter-scalars/2.1.1-SNAPSHOT/converter-scalars-2.1.1-SNAPSHOT.pom
[INFO]                                                                         
[INFO] ------------------------------------------------------------------------
[INFO] Building Converter: Moshi 2.1.1-SNAPSHOT
[INFO] ------------------------------------------------------------------------
[INFO] 
[INFO] --- maven-enforcer-plugin:1.0:enforce (enforce-maven) @ converter-moshi ---
[INFO] 
[INFO] --- maven-resources-plugin:2.6:resources (default-resources) @ converter-moshi ---
[INFO] Using 'UTF-8' encoding to copy filtered resources.
[INFO] skip non existing resourceDirectory /home/travis/build/square/retrofit/retrofit-converters/moshi/src/main/resources
[INFO] 
[INFO] --- maven-compiler-plugin:3.0:compile (default-compile) @ converter-moshi ---
[INFO] Changes detected - recompiling the module!
[INFO] Compiling 3 source files to /home/travis/build/square/retrofit/retrofit-converters/moshi/target/classes
[INFO] 
[INFO] --- maven-resources-plugin:2.6:testResources (default-testResources) @ converter-moshi ---
[INFO] Using 'UTF-8' encoding to copy filtered resources.
[INFO] skip non existing resourceDirectory /home/travis/build/square/retrofit/retrofit-converters/moshi/src/test/resources
[INFO] 
[INFO] --- maven-compiler-plugin:3.0:testCompile (default-testCompile) @ converter-moshi ---
[INFO] Changes detected - recompiling the module!
[INFO] Compiling 1 source file to /home/travis/build/square/retrofit/retrofit-converters/moshi/target/test-classes
[INFO] 
[INFO] --- maven-surefire-plugin:2.12.4:test (default-test) @ converter-moshi ---
[INFO] Tests are skipped.
[INFO] 
[INFO] --- animal-sniffer-maven-plugin:1.14:check (default) @ converter-moshi ---
[INFO] Checking unresolved references to org.codehaus.mojo.signature:java16:1.1
[INFO] 
[INFO] --- maven-jar-plugin:2.4:jar (default-jar) @ converter-moshi ---
[INFO] Building jar: /home/travis/build/square/retrofit/retrofit-converters/moshi/target/converter-moshi-2.1.1-SNAPSHOT.jar
[INFO] 
[INFO] --- maven-javadoc-plugin:2.10.3:jar (attach-javadocs) @ converter-moshi ---
[INFO] Skipping javadoc generation
[INFO] 
[INFO] --- maven-checkstyle-plugin:2.15:checkstyle (default) @ converter-moshi ---
[INFO] Starting audit...
Audit done.
[WARNING] Unable to locate Source XRef to link to - DISABLED
[INFO] 
[INFO] --- maven-install-plugin:2.4:install (default-install) @ converter-moshi ---
[INFO] Installing /home/travis/build/square/retrofit/retrofit-converters/moshi/target/converter-moshi-2.1.1-SNAPSHOT.jar to /home/travis/.m2/repository/com/squareup/retrofit2/converter-moshi/2.1.1-SNAPSHOT/converter-moshi-2.1.1-SNAPSHOT.jar
[INFO] Installing /home/travis/build/square/retrofit/retrofit-converters/moshi/pom.xml to /home/travis/.m2/repository/com/squareup/retrofit2/converter-moshi/2.1.1-SNAPSHOT/converter-moshi-2.1.1-SNAPSHOT.pom
[INFO]                                                                         
[INFO] ------------------------------------------------------------------------
[INFO] Building Retrofit Mock Adapter 2.1.1-SNAPSHOT
[INFO] ------------------------------------------------------------------------
[INFO] 
[INFO] --- maven-enforcer-plugin:1.0:enforce (enforce-maven) @ retrofit-mock ---
[INFO] 
[INFO] --- maven-resources-plugin:2.6:resources (default-resources) @ retrofit-mock ---
[INFO] Using 'UTF-8' encoding to copy filtered resources.
[INFO] skip non existing resourceDirectory /home/travis/build/square/retrofit/retrofit-mock/src/main/resources
[INFO] 
[INFO] --- maven-compiler-plugin:3.0:compile (default-compile) @ retrofit-mock ---
[INFO] Changes detected - recompiling the module!
[INFO] Compiling 5 source files to /home/travis/build/square/retrofit/retrofit-mock/target/classes
[INFO] 
[INFO] --- maven-resources-plugin:2.6:testResources (default-testResources) @ retrofit-mock ---
[INFO] Using 'UTF-8' encoding to copy filtered resources.
[INFO] skip non existing resourceDirectory /home/travis/build/square/retrofit/retrofit-mock/src/test/resources
[INFO] 
[INFO] --- maven-compiler-plugin:3.0:testCompile (default-testCompile) @ retrofit-mock ---
[INFO] Changes detected - recompiling the module!
[INFO] Compiling 3 source files to /home/travis/build/square/retrofit/retrofit-mock/target/test-classes
[INFO] 
[INFO] --- maven-surefire-plugin:2.12.4:test (default-test) @ retrofit-mock ---
[INFO] Tests are skipped.
[INFO] 
[INFO] --- animal-sniffer-maven-plugin:1.14:check (default) @ retrofit-mock ---
[INFO] Checking unresolved references to org.codehaus.mojo.signature:java16:1.1
[INFO] 
[INFO] --- maven-jar-plugin:2.4:jar (default-jar) @ retrofit-mock ---
[INFO] Building jar: /home/travis/build/square/retrofit/retrofit-mock/target/retrofit-mock-2.1.1-SNAPSHOT.jar
[INFO] 
[INFO] --- maven-javadoc-plugin:2.10.3:jar (attach-javadocs) @ retrofit-mock ---
[INFO] Skipping javadoc generation
[INFO] 
[INFO] --- maven-checkstyle-plugin:2.15:checkstyle (default) @ retrofit-mock ---
[INFO] Starting audit...
Audit done.
[WARNING] Unable to locate Source XRef to link to - DISABLED
[INFO] 
[INFO] --- maven-install-plugin:2.4:install (default-install) @ retrofit-mock ---
[INFO] Installing /home/travis/build/square/retrofit/retrofit-mock/target/retrofit-mock-2.1.1-SNAPSHOT.jar to /home/travis/.m2/repository/com/squareup/retrofit2/retrofit-mock/2.1.1-SNAPSHOT/retrofit-mock-2.1.1-SNAPSHOT.jar
[INFO] Installing /home/travis/build/square/retrofit/retrofit-mock/pom.xml to /home/travis/.m2/repository/com/squareup/retrofit2/retrofit-mock/2.1.1-SNAPSHOT/retrofit-mock-2.1.1-SNAPSHOT.pom
[INFO]                                                                         
[INFO] ------------------------------------------------------------------------
[INFO] Building Samples 2.1.1-SNAPSHOT
[INFO] ------------------------------------------------------------------------
[INFO] 
[INFO] --- maven-enforcer-plugin:1.0:enforce (enforce-maven) @ samples ---
[INFO] 
[INFO] --- maven-resources-plugin:2.6:resources (default-resources) @ samples ---
[INFO] Using 'UTF-8' encoding to copy filtered resources.
[INFO] skip non existing resourceDirectory /home/travis/build/square/retrofit/samples/src/main/resources
[INFO] 
[INFO] --- maven-compiler-plugin:3.0:compile (default-compile) @ samples ---
[INFO] Changes detected - recompiling the module!
[INFO] Compiling 9 source files to /home/travis/build/square/retrofit/samples/target/classes
[INFO] 
[INFO] --- maven-resources-plugin:2.6:testResources (default-testResources) @ samples ---
[INFO] Using 'UTF-8' encoding to copy filtered resources.
[INFO] skip non existing resourceDirectory /home/travis/build/square/retrofit/samples/src/test/resources
[INFO] 
[INFO] --- maven-compiler-plugin:3.0:testCompile (default-testCompile) @ samples ---
[INFO] No sources to compile
[INFO] 
[INFO] --- maven-surefire-plugin:2.12.4:test (default-test) @ samples ---
[INFO] Tests are skipped.
[INFO] 
[INFO] --- animal-sniffer-maven-plugin:1.14:check (default) @ samples ---
[INFO] Checking unresolved references to org.codehaus.mojo.signature:java16:1.1
[INFO] 
[INFO] --- maven-jar-plugin:2.4:jar (default-jar) @ samples ---
[INFO] Building jar: /home/travis/build/square/retrofit/samples/target/samples-2.1.1-SNAPSHOT.jar
[INFO] 
[INFO] --- maven-javadoc-plugin:2.10.3:jar (attach-javadocs) @ samples ---
[INFO] Skipping javadoc generation
[INFO] 
[INFO] --- maven-checkstyle-plugin:2.15:checkstyle (default) @ samples ---
[INFO] Starting audit...
Audit done.
[WARNING] Unable to locate Source XRef to link to - DISABLED
[INFO] 
[INFO] --- maven-install-plugin:2.4:install (default-install) @ samples ---
[INFO] Installing /home/travis/build/square/retrofit/samples/target/samples-2.1.1-SNAPSHOT.jar to /home/travis/.m2/repository/com/squareup/retrofit2/samples/2.1.1-SNAPSHOT/samples-2.1.1-SNAPSHOT.jar
[INFO] Installing /home/travis/build/square/retrofit/samples/pom.xml to /home/travis/.m2/repository/com/squareup/retrofit2/samples/2.1.1-SNAPSHOT/samples-2.1.1-SNAPSHOT.pom
[INFO] ------------------------------------------------------------------------
[INFO] Reactor Summary:
[INFO] 
[INFO] Retrofit (Parent) .................................. SUCCESS [  7.052 s]
[INFO] Retrofit ........................................... SUCCESS [ 19.465 s]
[INFO] Adapters ........................................... SUCCESS [  0.648 s]
[INFO] Adapter: Guava ..................................... SUCCESS [  3.862 s]
[INFO] Adapter: Java 8 .................................... SUCCESS [  1.556 s]
[INFO] Adapter: RxJava .................................... SUCCESS [  2.687 s]
[INFO] Converters ......................................... SUCCESS [  0.165 s]
[INFO] Converter: Gson .................................... SUCCESS [  1.004 s]
[INFO] Converter: Protocol Buffers ........................ SUCCESS [  1.072 s]
[INFO] Converter: Jackson ................................. SUCCESS [  0.852 s]
[INFO] Converter: Wire Protocol Buffers ................... SUCCESS [  0.746 s]
[INFO] Converter: SimpleXML ............................... SUCCESS [  0.768 s]
[INFO] Converter: Java Scalars ............................ SUCCESS [  1.833 s]
[INFO] Converter: Moshi ................................... SUCCESS [  0.751 s]
[INFO] Retrofit Mock Adapter .............................. SUCCESS [  0.848 s]
[INFO] Samples ............................................ SUCCESS [  1.740 s]
[INFO] ------------------------------------------------------------------------
[INFO] BUILD SUCCESS
[INFO] ------------------------------------------------------------------------
[INFO] Total time: 45.527 s
[INFO] Finished at: 2016-07-10T08:21:22+00:00
[INFO] Final Memory: 45M/388M
[INFO] ------------------------------------------------------------------------

travis_time:end:013fd56d:start=1468138835543204685,finish=1468138884556814422,duration=49013609737[0Ktravis_fold:end:install[0Ktravis_time:start:123bd37a[0K$ mvn test -B
Java HotSpot(TM) 64-Bit Server VM warning: ignoring option MaxPermSize=192m; support was removed in 8.0
[INFO] Scanning for projects...
[WARNING] 
[WARNING] Some problems were encountered while building the effective model for com.squareup.retrofit2:samples:jar:2.1.1-SNAPSHOT
[WARNING] 'build.plugins.plugin.version' for org.apache.maven.plugins:maven-deploy-plugin is missing. @ com.squareup.retrofit2:samples:[unknown-version], /home/travis/build/square/retrofit/samples/pom.xml, line 55, column 15
[WARNING] 
[WARNING] It is highly recommended to fix these problems because they threaten the stability of your build.
[WARNING] 
[WARNING] For this reason, future Maven versions might no longer support building such malformed projects.
[WARNING] 
[INFO] ------------------------------------------------------------------------
[INFO] Reactor Build Order:
[INFO] 
[INFO] Retrofit (Parent)
[INFO] Retrofit
[INFO] Adapters
[INFO] Adapter: Guava
[INFO] Adapter: Java 8
[INFO] Adapter: RxJava
[INFO] Converters
[INFO] Converter: Gson
[INFO] Converter: Protocol Buffers
[INFO] Converter: Jackson
[INFO] Converter: Wire Protocol Buffers
[INFO] Converter: SimpleXML
[INFO] Converter: Java Scalars
[INFO] Converter: Moshi
[INFO] Retrofit Mock Adapter
[INFO] Samples
[INFO]                                                                         
[INFO] ------------------------------------------------------------------------
[INFO] Building Retrofit (Parent) 2.1.1-SNAPSHOT
[INFO] ------------------------------------------------------------------------
[INFO] 
[INFO] --- maven-enforcer-plugin:1.0:enforce (enforce-maven) @ parent ---
[INFO] 
[INFO] --- animal-sniffer-maven-plugin:1.14:check (default) @ parent ---
[INFO] Checking unresolved references to org.codehaus.mojo.signature:java16:1.1
[INFO]                                                                         
[INFO] ------------------------------------------------------------------------
[INFO] Building Retrofit 2.1.1-SNAPSHOT
[INFO] ------------------------------------------------------------------------
[INFO] 
[INFO] --- maven-enforcer-plugin:1.0:enforce (enforce-maven) @ retrofit ---
[INFO] 
[INFO] --- maven-resources-plugin:2.6:resources (default-resources) @ retrofit ---
[INFO] Using 'UTF-8' encoding to copy filtered resources.
[INFO] skip non existing resourceDirectory /home/travis/build/square/retrofit/retrofit/src/main/resources
[INFO] 
[INFO] --- maven-compiler-plugin:3.0:compile (default-compile) @ retrofit ---
[INFO] Changes detected - recompiling the module!
[INFO] Compiling 40 source files to /home/travis/build/square/retrofit/retrofit/target/classes
[WARNING] /home/travis/build/square/retrofit/retrofit/src/main/java/retrofit2/Retrofit.java: Some input files use unchecked or unsafe operations.
[WARNING] /home/travis/build/square/retrofit/retrofit/src/main/java/retrofit2/Retrofit.java: Recompile with -Xlint:unchecked for details.
[INFO] 
[INFO] --- maven-resources-plugin:2.6:testResources (default-testResources) @ retrofit ---
[INFO] Using 'UTF-8' encoding to copy filtered resources.
[INFO] skip non existing resourceDirectory /home/travis/build/square/retrofit/retrofit/src/test/resources
[INFO] 
[INFO] --- maven-compiler-plugin:3.0:testCompile (default-testCompile) @ retrofit ---
[INFO] Changes detected - recompiling the module!
[INFO] Compiling 14 source files to /home/travis/build/square/retrofit/retrofit/target/test-classes
[WARNING] /home/travis/build/square/retrofit/retrofit/src/test/java/retrofit2/RetrofitTest.java: /home/travis/build/square/retrofit/retrofit/src/test/java/retrofit2/RetrofitTest.java uses unchecked or unsafe operations.
[WARNING] /home/travis/build/square/retrofit/retrofit/src/test/java/retrofit2/RetrofitTest.java: Recompile with -Xlint:unchecked for details.
[INFO] 
[INFO] --- maven-surefire-plugin:2.12.4:test (default-test) @ retrofit ---
[INFO] Surefire report directory: /home/travis/build/square/retrofit/retrofit/target/surefire-reports

-------------------------------------------------------
 T E S T S
-------------------------------------------------------
Running retrofit2.CallTest
Jul 10, 2016 8:21:39 AM okhttp3.mockwebserver.MockWebServer$3 execute
INFO: MockWebServer[41938] starting to accept connections
Jul 10, 2016 8:21:40 AM okhttp3.mockwebserver.MockWebServer$3 acceptConnections
INFO: MockWebServer[41938] done accepting connections: Socket closed
Jul 10, 2016 8:21:40 AM okhttp3.mockwebserver.MockWebServer$3 execute
INFO: MockWebServer[44579] starting to accept connections
Jul 10, 2016 8:21:40 AM okhttp3.mockwebserver.MockWebServer$4 processOneRequest
INFO: MockWebServer[44579] received request: GET / HTTP/1.1 and responded: HTTP/1.1 200 OK
Jul 10, 2016 8:21:40 AM okhttp3.mockwebserver.MockWebServer$3 acceptConnections
INFO: MockWebServer[44579] done accepting connections: Socket closed
Jul 10, 2016 8:21:40 AM okhttp3.mockwebserver.MockWebServer$3 execute
INFO: MockWebServer[42381] starting to accept connections
Jul 10, 2016 8:21:40 AM okhttp3.mockwebserver.MockWebServer$3 acceptConnections
INFO: MockWebServer[42381] done accepting connections: Socket closed
Jul 10, 2016 8:21:40 AM okhttp3.mockwebserver.MockWebServer$4 processOneRequest
INFO: MockWebServer[42381] received request: GET / HTTP/1.1 and responded: HTTP/1.1 404 Client Error
Jul 10, 2016 8:21:40 AM okhttp3.mockwebserver.MockWebServer$3 execute
INFO: MockWebServer[44754] starting to accept connections
Jul 10, 2016 8:21:40 AM okhttp3.mockwebserver.MockWebServer$4 processOneRequest
INFO: MockWebServer[44754] received request: POST /Hello HTTP/1.1 and responded: HTTP/1.1 200 OK
Jul 10, 2016 8:21:40 AM okhttp3.mockwebserver.MockWebServer$3 acceptConnections
INFO: MockWebServer[44754] done accepting connections: Socket closed
Jul 10, 2016 8:21:40 AM okhttp3.mockwebserver.MockWebServer$3 execute
INFO: MockWebServer[39201] starting to accept connections
Jul 10, 2016 8:21:40 AM okhttp3.mockwebserver.MockWebServer$3 acceptConnections
INFO: MockWebServer[39201] done accepting connections: Socket closed
Jul 10, 2016 8:21:40 AM okhttp3.mockwebserver.MockWebServer$3 execute
INFO: MockWebServer[57017] starting to accept connections
Jul 10, 2016 8:21:40 AM okhttp3.mockwebserver.MockWebServer$3 acceptConnections
INFO: MockWebServer[57017] done accepting connections: Socket closed
Jul 10, 2016 8:21:40 AM okhttp3.mockwebserver.MockWebServer$3 execute
INFO: MockWebServer[59778] starting to accept connections
Jul 10, 2016 8:21:40 AM okhttp3.mockwebserver.MockWebServer$3 acceptConnections
INFO: MockWebServer[59778] done accepting connections: Socket closed
Jul 10, 2016 8:21:40 AM okhttp3.mockwebserver.MockWebServer$4 processOneRequest
INFO: MockWebServer[59778] received request: GET / HTTP/1.1 and responded: HTTP/1.1 200 OK
Jul 10, 2016 8:21:40 AM okhttp3.mockwebserver.MockWebServer$3 execute
INFO: MockWebServer[35426] starting to accept connections
Jul 10, 2016 8:21:40 AM okhttp3.mockwebserver.MockWebServer$3 acceptConnections
INFO: MockWebServer[35426] done accepting connections: Socket closed
Jul 10, 2016 8:21:40 AM okhttp3.mockwebserver.MockWebServer$4 processOneRequest
INFO: MockWebServer[35426] received request: GET / HTTP/1.1 and responded: HTTP/1.1 200 OK
Jul 10, 2016 8:21:40 AM okhttp3.mockwebserver.MockWebServer$3 execute
INFO: MockWebServer[43877] starting to accept connections
Jul 10, 2016 8:21:40 AM okhttp3.mockwebserver.MockWebServer$3 acceptConnections
INFO: MockWebServer[43877] done accepting connections: Socket closed
Jul 10, 2016 8:21:40 AM okhttp3.mockwebserver.MockWebServer$3 execute
INFO: MockWebServer[58789] starting to accept connections
Jul 10, 2016 8:21:40 AM okhttp3.mockwebserver.MockWebServer$3 acceptConnections
INFO: MockWebServer[58789] done accepting connections: Socket closed
Jul 10, 2016 8:21:40 AM okhttp3.mockwebserver.MockWebServer$4 processOneRequest
INFO: MockWebServer[58789] received request: POST /Hello HTTP/1.1 and responded: HTTP/1.1 200 OK
Jul 10, 2016 8:21:40 AM okhttp3.mockwebserver.MockWebServer$3 execute
INFO: MockWebServer[51253] starting to accept connections
Jul 10, 2016 8:21:40 AM okhttp3.mockwebserver.MockWebServer$3 acceptConnections
INFO: MockWebServer[51253] done accepting connections: Socket closed
Jul 10, 2016 8:21:40 AM okhttp3.mockwebserver.MockWebServer$4 processOneRequest
INFO: MockWebServer[51253] received request: POST /Hello HTTP/1.1 and responded: HTTP/1.1 200 OK
Jul 10, 2016 8:21:40 AM okhttp3.mockwebserver.MockWebServer$3 execute
INFO: MockWebServer[42690] starting to accept connections
Jul 10, 2016 8:21:40 AM okhttp3.mockwebserver.MockWebServer$3 acceptConnections
INFO: MockWebServer[42690] done accepting connections: Socket closed
Jul 10, 2016 8:21:40 AM okhttp3.mockwebserver.MockWebServer$3 execute
INFO: MockWebServer[46671] starting to accept connections
Jul 10, 2016 8:21:40 AM okhttp3.mockwebserver.MockWebServer$3 acceptConnections
INFO: MockWebServer[46671] done accepting connections: Socket closed
Jul 10, 2016 8:21:40 AM okhttp3.mockwebserver.MockWebServer$4 processOneRequest
INFO: MockWebServer[46671] received request: GET / HTTP/1.1 and responded: HTTP/1.1 404 Client Error
Jul 10, 2016 8:21:40 AM okhttp3.mockwebserver.MockWebServer$3 execute
INFO: MockWebServer[45157] starting to accept connections
Jul 10, 2016 8:21:40 AM okhttp3.mockwebserver.MockWebServer$3 acceptConnections
INFO: MockWebServer[45157] done accepting connections: Socket closed
Jul 10, 2016 8:21:40 AM okhttp3.mockwebserver.MockWebServer$4 processOneRequest
INFO: MockWebServer[45157] received request: POST / HTTP/1.1 and responded: HTTP/1.1 200 OK
Jul 10, 2016 8:21:40 AM okhttp3.mockwebserver.MockWebServer$3 execute
INFO: MockWebServer[55276] starting to accept connections
Jul 10, 2016 8:21:40 AM okhttp3.mockwebserver.MockWebServer$4 processOneRequest
INFO: MockWebServer[55276] received request: GET / HTTP/1.1 and responded: HTTP/1.1 204 Nothin
Jul 10, 2016 8:21:40 AM okhttp3.mockwebserver.MockWebServer$3 acceptConnections
INFO: MockWebServer[55276] done accepting connections: Socket closed
Jul 10, 2016 8:21:40 AM okhttp3.mockwebserver.MockWebServer$3 execute
INFO: MockWebServer[40217] starting to accept connections
Jul 10, 2016 8:21:40 AM okhttp3.mockwebserver.MockWebServer$3 acceptConnections
INFO: MockWebServer[40217] done accepting connections: Socket is closed
Jul 10, 2016 8:21:40 AM okhttp3.mockwebserver.MockWebServer$3 execute
INFO: MockWebServer[37216] starting to accept connections
Jul 10, 2016 8:21:40 AM okhttp3.mockwebserver.MockWebServer$3 acceptConnections
INFO: MockWebServer[37216] done accepting connections: Socket closed
Jul 10, 2016 8:21:40 AM okhttp3.mockwebserver.MockWebServer$4 processOneRequest
INFO: MockWebServer[37216] received request: GET / HTTP/1.1 and responded: HTTP/1.1 200 OK
Jul 10, 2016 8:21:40 AM okhttp3.mockwebserver.MockWebServer$3 execute
INFO: MockWebServer[38330] starting to accept connections
Jul 10, 2016 8:21:40 AM okhttp3.mockwebserver.MockWebServer$4 processOneRequest
INFO: MockWebServer[38330] received request: POST /Hello HTTP/1.1 and responded: HTTP/1.1 200 OK
Jul 10, 2016 8:21:40 AM okhttp3.mockwebserver.MockWebServer$3 acceptConnections
INFO: MockWebServer[38330] done accepting connections: Socket closed
Jul 10, 2016 8:21:40 AM okhttp3.mockwebserver.MockWebServer$3 execute
INFO: MockWebServer[57504] starting to accept connections
Jul 10, 2016 8:21:40 AM okhttp3.mockwebserver.MockWebServer$3 acceptConnections
INFO: MockWebServer[57504] done accepting connections: Socket closed
Jul 10, 2016 8:21:40 AM okhttp3.mockwebserver.MockWebServer$4 processOneRequest
INFO: MockWebServer[57504] received request: GET / HTTP/1.1 and responded: HTTP/1.1 200 OK
Jul 10, 2016 8:21:41 AM okhttp3.mockwebserver.MockWebServer$3 execute
INFO: MockWebServer[36766] starting to accept connections
Jul 10, 2016 8:21:41 AM okhttp3.mockwebserver.MockWebServer$3 acceptConnections
INFO: MockWebServer[36766] done accepting connections: Socket closed
Jul 10, 2016 8:21:41 AM okhttp3.mockwebserver.MockWebServer$4 processOneRequest
INFO: MockWebServer[36766] received request: POST / HTTP/1.1 and responded: HTTP/1.1 200 OK
Jul 10, 2016 8:21:41 AM okhttp3.mockwebserver.MockWebServer$3 execute
INFO: MockWebServer[59980] starting to accept connections
Jul 10, 2016 8:21:41 AM okhttp3.mockwebserver.MockWebServer$3 acceptConnections
INFO: MockWebServer[59980] done accepting connections: Socket closed
Jul 10, 2016 8:21:41 AM okhttp3.mockwebserver.MockWebServer$3 execute
INFO: MockWebServer[48921] starting to accept connections
Jul 10, 2016 8:21:41 AM okhttp3.mockwebserver.MockWebServer$3 acceptConnections
INFO: MockWebServer[48921] done accepting connections: Socket is closed
Jul 10, 2016 8:21:41 AM okhttp3.mockwebserver.MockWebServer$3 execute
INFO: MockWebServer[36225] starting to accept connections
Jul 10, 2016 8:21:41 AM okhttp3.mockwebserver.MockWebServer$3 acceptConnections
INFO: MockWebServer[36225] done accepting connections: Socket is closed
Jul 10, 2016 8:21:41 AM okhttp3.mockwebserver.MockWebServer$3 execute
INFO: MockWebServer[34626] starting to accept connections
Jul 10, 2016 8:21:41 AM okhttp3.mockwebserver.MockWebServer$3 acceptConnections
INFO: MockWebServer[34626] done accepting connections: Socket closed
Jul 10, 2016 8:21:41 AM okhttp3.mockwebserver.MockWebServer$4 processOneRequest
INFO: MockWebServer[34626] received request: GET / HTTP/1.1 and responded: HTTP/1.1 200 OK
Jul 10, 2016 8:21:41 AM okhttp3.mockwebserver.MockWebServer$3 execute
INFO: MockWebServer[55142] starting to accept connections
Jul 10, 2016 8:21:41 AM okhttp3.mockwebserver.MockWebServer$4 processOneRequest
INFO: MockWebServer[55142] received request: GET / HTTP/1.1 and responded: HTTP/1.1 200 OK
Jul 10, 2016 8:21:41 AM okhttp3.mockwebserver.MockWebServer$3 acceptConnections
INFO: MockWebServer[55142] done accepting connections: Socket closed
Jul 10, 2016 8:21:41 AM okhttp3.mockwebserver.MockWebServer$3 execute
INFO: MockWebServer[59108] starting to accept connections
Jul 10, 2016 8:21:41 AM okhttp3.mockwebserver.MockWebServer$3 acceptConnections
INFO: MockWebServer[59108] done accepting connections: Socket closed
Jul 10, 2016 8:21:41 AM okhttp3.mockwebserver.MockWebServer$4 processOneRequest
INFO: MockWebServer[59108] received request: GET / HTTP/1.1 and responded: HTTP/1.1 205 Nothin
Jul 10, 2016 8:21:41 AM okhttp3.mockwebserver.MockWebServer$3 execute
INFO: MockWebServer[59140] starting to accept connections
Jul 10, 2016 8:21:41 AM okhttp3.mockwebserver.MockWebServer$4 processOneRequest
INFO: MockWebServer[59140] received request: GET / HTTP/1.1 and responded: HTTP/1.1 200 OK
Jul 10, 2016 8:21:41 AM okhttp3.mockwebserver.MockWebServer$4 processOneRequest
INFO: MockWebServer[59140] received request: GET / HTTP/1.1 and responded: HTTP/1.1 200 OK
Jul 10, 2016 8:21:41 AM okhttp3.mockwebserver.MockWebServer$3 acceptConnections
INFO: MockWebServer[59140] done accepting connections: Socket closed
Jul 10, 2016 8:21:41 AM okhttp3.mockwebserver.MockWebServer$3 execute
INFO: MockWebServer[53267] starting to accept connections
Jul 10, 2016 8:21:41 AM okhttp3.mockwebserver.MockWebServer$3 acceptConnections
INFO: MockWebServer[53267] done accepting connections: Socket closed
Jul 10, 2016 8:21:41 AM okhttp3.mockwebserver.MockWebServer$4 processOneRequest
INFO: MockWebServer[53267] received request: GET / HTTP/1.1 and responded: HTTP/1.1 200 OK
Jul 10, 2016 8:21:41 AM okhttp3.mockwebserver.MockWebServer$3 execute
INFO: MockWebServer[40300] starting to accept connections
Jul 10, 2016 8:21:41 AM okhttp3.mockwebserver.MockWebServer$3 acceptConnections
INFO: MockWebServer[40300] done accepting connections: Socket is closed
Jul 10, 2016 8:21:41 AM okhttp3.mockwebserver.MockWebServer$3 execute
INFO: MockWebServer[52394] starting to accept connections
Jul 10, 2016 8:21:41 AM okhttp3.mockwebserver.MockWebServer$3 acceptConnections
INFO: MockWebServer[52394] done accepting connections: Socket closed
Jul 10, 2016 8:21:41 AM okhttp3.mockwebserver.MockWebServer$3 execute
INFO: MockWebServer[49487] starting to accept connections
Jul 10, 2016 8:21:41 AM okhttp3.mockwebserver.MockWebServer$3 acceptConnections
INFO: MockWebServer[49487] done accepting connections: Socket closed
Jul 10, 2016 8:21:41 AM okhttp3.mockwebserver.MockWebServer$3 execute
INFO: MockWebServer[43179] starting to accept connections
Jul 10, 2016 8:21:41 AM okhttp3.mockwebserver.MockWebServer$4 processOneRequest
INFO: MockWebServer[43179] received request: GET / HTTP/1.1 and responded: HTTP/1.1 200 OK
Jul 10, 2016 8:21:41 AM okhttp3.mockwebserver.MockWebServer$3 acceptConnections
INFO: MockWebServer[43179] done accepting connections: Socket closed
Jul 10, 2016 8:21:41 AM okhttp3.mockwebserver.MockWebServer$3 execute
INFO: MockWebServer[36244] starting to accept connections
Jul 10, 2016 8:21:41 AM okhttp3.mockwebserver.MockWebServer$3 acceptConnections
INFO: MockWebServer[36244] done accepting connections: Socket closed
Jul 10, 2016 8:21:41 AM okhttp3.mockwebserver.MockWebServer$4 processOneRequest
INFO: MockWebServer[36244] received request: GET / HTTP/1.1 and responded: HTTP/1.1 200 OK
Jul 10, 2016 8:21:41 AM okhttp3.mockwebserver.MockWebServer$3 execute
INFO: MockWebServer[59316] starting to accept connections
Jul 10, 2016 8:21:41 AM okhttp3.mockwebserver.MockWebServer$3 acceptConnections
INFO: MockWebServer[59316] done accepting connections: Socket closed
Jul 10, 2016 8:21:41 AM okhttp3.mockwebserver.MockWebServer$4 processOneRequest
INFO: MockWebServer[59316] received request: GET / HTTP/1.1 and responded: HTTP/1.1 200 OK
Tests run: 34, Failures: 1, Errors: 0, Skipped: 0, Time elapsed: 2.438 sec <<< FAILURE!
conversionProblemIncomingMaskedByConverterIsUnwrapped(retrofit2.CallTest)  Time elapsed: 0.051 sec  <<< FAILURE!
java.lang.AssertionError: 
Expecting message:
 <"cause">
but was:
 <null>
	at retrofit2.CallTest.conversionProblemIncomingMaskedByConverterIsUnwrapped(CallTest.java:330)
	at sun.reflect.NativeMethodAccessorImpl.invoke0(Native Method)
	at sun.reflect.NativeMethodAccessorImpl.invoke(NativeMethodAccessorImpl.java:62)
	at sun.reflect.DelegatingMethodAccessorImpl.invoke(DelegatingMethodAccessorImpl.java:43)
	at java.lang.reflect.Method.invoke(Method.java:483)
	at org.junit.runners.model.FrameworkMethod$1.runReflectiveCall(FrameworkMethod.java:50)
	at org.junit.internal.runners.model.ReflectiveCallable.run(ReflectiveCallable.java:12)
	at org.junit.runners.model.FrameworkMethod.invokeExplosively(FrameworkMethod.java:47)
	at org.junit.internal.runners.statements.InvokeMethod.evaluate(InvokeMethod.java:17)
	at okhttp3.mockwebserver.MockWebServer$2.evaluate(MockWebServer.java:161)
	at org.junit.rules.RunRules.evaluate(RunRules.java:20)
	at org.junit.runners.ParentRunner.runLeaf(ParentRunner.java:325)
	at org.junit.runners.BlockJUnit4ClassRunner.runChild(BlockJUnit4ClassRunner.java:78)
	at org.junit.runners.BlockJUnit4ClassRunner.runChild(BlockJUnit4ClassRunner.java:57)
	at org.junit.runners.ParentRunner$3.run(ParentRunner.java:290)
	at org.junit.runners.ParentRunner$1.schedule(ParentRunner.java:71)
	at org.junit.runners.ParentRunner.runChildren(ParentRunner.java:288)
	at org.junit.runners.ParentRunner.access$000(ParentRunner.java:58)
	at org.junit.runners.ParentRunner$2.evaluate(ParentRunner.java:268)
	at org.junit.runners.ParentRunner.run(ParentRunner.java:363)
	at org.apache.maven.surefire.junit4.JUnit4Provider.execute(JUnit4Provider.java:252)
	at org.apache.maven.surefire.junit4.JUnit4Provider.executeTestSet(JUnit4Provider.java:141)
	at org.apache.maven.surefire.junit4.JUnit4Provider.invoke(JUnit4Provider.java:112)
	at sun.reflect.NativeMethodAccessorImpl.invoke0(Native Method)
	at sun.reflect.NativeMethodAccessorImpl.invoke(NativeMethodAccessorImpl.java:62)
	at sun.reflect.DelegatingMethodAccessorImpl.invoke(DelegatingMethodAccessorImpl.java:43)
	at java.lang.reflect.Method.invoke(Method.java:483)
	at org.apache.maven.surefire.util.ReflectionUtils.invokeMethodWithArray(ReflectionUtils.java:189)
	at org.apache.maven.surefire.booter.ProviderFactory$ProviderProxy.invoke(ProviderFactory.java:165)
	at org.apache.maven.surefire.booter.ProviderFactory.invokeProvider(ProviderFactory.java:85)
	at org.apache.maven.surefire.booter.ForkedBooter.runSuitesInProcess(ForkedBooter.java:115)
	at org.apache.maven.surefire.booter.ForkedBooter.main(ForkedBooter.java:75)

Running retrofit2.RequestBuilderTest
Tests run: 139, Failures: 0, Errors: 0, Skipped: 2, Time elapsed: 0.443 sec
Running retrofit2.ExecutorCallAdapterFactoryTest
Tests run: 7, Failures: 0, Errors: 0, Skipped: 0, Time elapsed: 0.131 sec
Running retrofit2.ServiceMethodTest
Tests run: 1, Failures: 0, Errors: 0, Skipped: 0, Time elapsed: 0.105 sec
Running retrofit2.RetrofitTest
Jul 10, 2016 8:21:42 AM okhttp3.mockwebserver.MockWebServer$3 execute
INFO: MockWebServer[45609] starting to accept connections
Jul 10, 2016 8:21:42 AM okhttp3.mockwebserver.MockWebServer$3 acceptConnections
INFO: MockWebServer[45609] done accepting connections: Socket closed
Jul 10, 2016 8:21:42 AM okhttp3.mockwebserver.MockWebServer$3 execute
INFO: MockWebServer[51896] starting to accept connections
Jul 10, 2016 8:21:42 AM okhttp3.mockwebserver.MockWebServer$3 acceptConnections
INFO: MockWebServer[51896] done accepting connections: Socket is closed
Jul 10, 2016 8:21:42 AM okhttp3.mockwebserver.MockWebServer$3 execute
INFO: MockWebServer[36620] starting to accept connections
Jul 10, 2016 8:21:42 AM okhttp3.mockwebserver.MockWebServer$3 acceptConnections
INFO: MockWebServer[36620] done accepting connections: Socket is closed
Jul 10, 2016 8:21:42 AM okhttp3.mockwebserver.MockWebServer$3 execute
INFO: MockWebServer[35656] starting to accept connections
Jul 10, 2016 8:21:42 AM okhttp3.mockwebserver.MockWebServer$3 acceptConnections
INFO: MockWebServer[35656] done accepting connections: Socket closed
Jul 10, 2016 8:21:42 AM okhttp3.mockwebserver.MockWebServer$3 execute
INFO: MockWebServer[37476] starting to accept connections
Jul 10, 2016 8:21:42 AM okhttp3.mockwebserver.MockWebServer$3 acceptConnections
INFO: MockWebServer[37476] done accepting connections: Socket is closed
Jul 10, 2016 8:21:42 AM okhttp3.mockwebserver.MockWebServer$3 execute
INFO: MockWebServer[57724] starting to accept connections
Jul 10, 2016 8:21:42 AM okhttp3.mockwebserver.MockWebServer$4 processOneRequest
INFO: MockWebServer[57724] received request: GET / HTTP/1.1 and responded: HTTP/1.1 200 OK
Jul 10, 2016 8:21:42 AM okhttp3.mockwebserver.MockWebServer$3 acceptConnections
INFO: MockWebServer[57724] done accepting connections: Socket closed
Jul 10, 2016 8:21:42 AM okhttp3.mockwebserver.MockWebServer$3 execute
INFO: MockWebServer[47594] starting to accept connections
Jul 10, 2016 8:21:42 AM okhttp3.mockwebserver.MockWebServer$3 acceptConnections
INFO: MockWebServer[47594] done accepting connections: Socket is closed
Jul 10, 2016 8:21:42 AM okhttp3.mockwebserver.MockWebServer$3 execute
INFO: MockWebServer[48091] starting to accept connections
Jul 10, 2016 8:21:42 AM okhttp3.mockwebserver.MockWebServer$3 acceptConnections
INFO: MockWebServer[48091] done accepting connections: Socket is closed
Jul 10, 2016 8:21:42 AM okhttp3.mockwebserver.MockWebServer$3 execute
INFO: MockWebServer[54499] starting to accept connections
Jul 10, 2016 8:21:42 AM okhttp3.mockwebserver.MockWebServer$3 acceptConnections
INFO: MockWebServer[54499] done accepting connections: Socket is closed
Jul 10, 2016 8:21:42 AM okhttp3.mockwebserver.MockWebServer$3 execute
INFO: MockWebServer[41567] starting to accept connections
Jul 10, 2016 8:21:42 AM okhttp3.mockwebserver.MockWebServer$3 acceptConnections
INFO: MockWebServer[41567] done accepting connections: Socket is closed
Jul 10, 2016 8:21:42 AM okhttp3.mockwebserver.MockWebServer$3 execute
INFO: MockWebServer[52236] starting to accept connections
Jul 10, 2016 8:21:42 AM okhttp3.mockwebserver.MockWebServer$3 acceptConnections
INFO: MockWebServer[52236] done accepting connections: Socket is closed
Jul 10, 2016 8:21:42 AM okhttp3.mockwebserver.MockWebServer$3 execute
INFO: MockWebServer[53219] starting to accept connections
Jul 10, 2016 8:21:42 AM okhttp3.mockwebserver.MockWebServer$3 acceptConnections
INFO: MockWebServer[53219] done accepting connections: Socket is closed
Jul 10, 2016 8:21:42 AM okhttp3.mockwebserver.MockWebServer$3 execute
INFO: MockWebServer[42013] starting to accept connections
Jul 10, 2016 8:21:42 AM okhttp3.mockwebserver.MockWebServer$3 acceptConnections
INFO: MockWebServer[42013] done accepting connections: Socket is closed
Jul 10, 2016 8:21:42 AM okhttp3.mockwebserver.MockWebServer$3 execute
INFO: MockWebServer[58766] starting to accept connections
Jul 10, 2016 8:21:42 AM okhttp3.mockwebserver.MockWebServer$3 acceptConnections
INFO: MockWebServer[58766] done accepting connections: Socket closed
Jul 10, 2016 8:21:42 AM okhttp3.mockwebserver.MockWebServer$3 execute
INFO: MockWebServer[50980] starting to accept connections
Jul 10, 2016 8:21:42 AM okhttp3.mockwebserver.MockWebServer$3 acceptConnections
INFO: MockWebServer[50980] done accepting connections: Socket is closed
Jul 10, 2016 8:21:42 AM okhttp3.mockwebserver.MockWebServer$3 execute
INFO: MockWebServer[45936] starting to accept connections
Jul 10, 2016 8:21:42 AM okhttp3.mockwebserver.MockWebServer$3 acceptConnections
INFO: MockWebServer[45936] done accepting connections: Socket closed
Jul 10, 2016 8:21:42 AM okhttp3.mockwebserver.MockWebServer$3 execute
INFO: MockWebServer[35602] starting to accept connections
Jul 10, 2016 8:21:42 AM okhttp3.mockwebserver.MockWebServer$3 acceptConnections
INFO: MockWebServer[35602] done accepting connections: Socket closed
Jul 10, 2016 8:21:42 AM okhttp3.mockwebserver.MockWebServer$4 processOneRequest
INFO: MockWebServer[35602] received request: GET / HTTP/1.1 and responded: HTTP/1.1 200 OK
Jul 10, 2016 8:21:42 AM okhttp3.mockwebserver.MockWebServer$3 execute
INFO: MockWebServer[55852] starting to accept connections
Jul 10, 2016 8:21:42 AM okhttp3.mockwebserver.MockWebServer$3 acceptConnections
INFO: MockWebServer[55852] done accepting connections: Socket is closed
Jul 10, 2016 8:21:42 AM okhttp3.mockwebserver.MockWebServer$3 execute
INFO: MockWebServer[38158] starting to accept connections
Jul 10, 2016 8:21:42 AM okhttp3.mockwebserver.MockWebServer$3 acceptConnections
INFO: MockWebServer[38158] done accepting connections: Socket is closed
Jul 10, 2016 8:21:42 AM okhttp3.mockwebserver.MockWebServer$3 execute
INFO: MockWebServer[36315] starting to accept connections
Jul 10, 2016 8:21:42 AM okhttp3.mockwebserver.MockWebServer$4 processOneRequest
INFO: MockWebServer[36315] received request: GET / HTTP/1.1 and responded: HTTP/1.1 200 OK
Jul 10, 2016 8:21:42 AM okhttp3.mockwebserver.MockWebServer$3 acceptConnections
INFO: MockWebServer[36315] done accepting connections: Socket closed
Jul 10, 2016 8:21:42 AM okhttp3.mockwebserver.MockWebServer$3 execute
INFO: MockWebServer[45130] starting to accept connections
Jul 10, 2016 8:21:42 AM okhttp3.mockwebserver.MockWebServer$3 acceptConnections
INFO: MockWebServer[45130] done accepting connections: Socket is closed
Jul 10, 2016 8:21:42 AM okhttp3.mockwebserver.MockWebServer$3 execute
INFO: MockWebServer[58093] starting to accept connections
Jul 10, 2016 8:21:42 AM okhttp3.mockwebserver.MockWebServer$3 acceptConnections
INFO: MockWebServer[58093] done accepting connections: Socket closed
Jul 10, 2016 8:21:42 AM okhttp3.mockwebserver.MockWebServer$4 processOneRequest
INFO: MockWebServer[58093] received request: POST / HTTP/1.1 and responded: HTTP/1.1 200 OK
Jul 10, 2016 8:21:42 AM okhttp3.mockwebserver.MockWebServer$3 execute
INFO: MockWebServer[59755] starting to accept connections
Jul 10, 2016 8:21:42 AM okhttp3.mockwebserver.MockWebServer$3 acceptConnections
INFO: MockWebServer[59755] done accepting connections: Socket is closed
Jul 10, 2016 8:21:42 AM okhttp3.mockwebserver.MockWebServer$3 execute
INFO: MockWebServer[50856] starting to accept connections
Jul 10, 2016 8:21:42 AM okhttp3.mockwebserver.MockWebServer$3 acceptConnections
INFO: MockWebServer[50856] done accepting connections: Socket closed
Jul 10, 2016 8:21:42 AM okhttp3.mockwebserver.MockWebServer$3 execute
INFO: MockWebServer[40749] starting to accept connections
Jul 10, 2016 8:21:42 AM okhttp3.mockwebserver.MockWebServer$3 acceptConnections
INFO: MockWebServer[40749] done accepting connections: Socket is closed
Jul 10, 2016 8:21:42 AM okhttp3.mockwebserver.MockWebServer$3 execute
INFO: MockWebServer[50366] starting to accept connections
Jul 10, 2016 8:21:42 AM okhttp3.mockwebserver.MockWebServer$3 acceptConnections
INFO: MockWebServer[50366] done accepting connections: Socket is closed
Jul 10, 2016 8:21:42 AM okhttp3.mockwebserver.MockWebServer$3 execute
INFO: MockWebServer[45088] starting to accept connections
Jul 10, 2016 8:21:42 AM okhttp3.mockwebserver.MockWebServer$3 acceptConnections
INFO: MockWebServer[45088] done accepting connections: Socket is closed
Jul 10, 2016 8:21:42 AM okhttp3.mockwebserver.MockWebServer$3 execute
INFO: MockWebServer[46880] starting to accept connections
Jul 10, 2016 8:21:42 AM okhttp3.mockwebserver.MockWebServer$3 acceptConnections
INFO: MockWebServer[46880] done accepting connections: Socket is closed
Jul 10, 2016 8:21:42 AM okhttp3.mockwebserver.MockWebServer$3 execute
INFO: MockWebServer[43239] starting to accept connections
Jul 10, 2016 8:21:42 AM okhttp3.mockwebserver.MockWebServer$3 acceptConnections
INFO: MockWebServer[43239] done accepting connections: Socket is closed
Jul 10, 2016 8:21:42 AM okhttp3.mockwebserver.MockWebServer$3 execute
INFO: MockWebServer[37049] starting to accept connections
Jul 10, 2016 8:21:42 AM okhttp3.mockwebserver.MockWebServer$4 processOneRequest
INFO: MockWebServer[37049] received request: GET / HTTP/1.1 and responded: HTTP/1.1 200 OK
Jul 10, 2016 8:21:42 AM okhttp3.mockwebserver.MockWebServer$3 acceptConnections
INFO: MockWebServer[37049] done accepting connections: Socket closed
Jul 10, 2016 8:21:43 AM okhttp3.mockwebserver.MockWebServer$3 execute
INFO: MockWebServer[40702] starting to accept connections
Jul 10, 2016 8:21:43 AM okhttp3.mockwebserver.MockWebServer$3 acceptConnections
INFO: MockWebServer[40702] done accepting connections: Socket is closed
Jul 10, 2016 8:21:43 AM okhttp3.mockwebserver.MockWebServer$3 execute
INFO: MockWebServer[45898] starting to accept connections
Jul 10, 2016 8:21:43 AM okhttp3.mockwebserver.MockWebServer$3 acceptConnections
INFO: MockWebServer[45898] done accepting connections: Socket is closed
Jul 10, 2016 8:21:43 AM okhttp3.mockwebserver.MockWebServer$3 execute
INFO: MockWebServer[36616] starting to accept connections
Jul 10, 2016 8:21:43 AM okhttp3.mockwebserver.MockWebServer$3 acceptConnections
INFO: MockWebServer[36616] done accepting connections: Socket closed
Jul 10, 2016 8:21:43 AM okhttp3.mockwebserver.MockWebServer$3 execute
INFO: MockWebServer[38951] starting to accept connections
Jul 10, 2016 8:21:43 AM okhttp3.mockwebserver.MockWebServer$3 acceptConnections
INFO: MockWebServer[38951] done accepting connections: Socket closed
Jul 10, 2016 8:21:43 AM okhttp3.mockwebserver.MockWebServer$3 execute
INFO: MockWebServer[54617] starting to accept connections
Jul 10, 2016 8:21:43 AM okhttp3.mockwebserver.MockWebServer$4 processOneRequest
INFO: MockWebServer[54617] received request: GET / HTTP/1.1 and responded: HTTP/1.1 200 OK
Jul 10, 2016 8:21:43 AM okhttp3.mockwebserver.MockWebServer$4 processOneRequest
INFO: MockWebServer[54617] received request: GET / HTTP/1.1 and responded: HTTP/1.1 200 OK
Jul 10, 2016 8:21:43 AM okhttp3.mockwebserver.MockWebServer$3 acceptConnections
INFO: MockWebServer[54617] done accepting connections: Socket closed
Jul 10, 2016 8:21:43 AM okhttp3.mockwebserver.MockWebServer$3 execute
INFO: MockWebServer[46033] starting to accept connections
Jul 10, 2016 8:21:43 AM okhttp3.mockwebserver.MockWebServer$3 acceptConnections
INFO: MockWebServer[46033] done accepting connections: Socket closed
Jul 10, 2016 8:21:43 AM okhttp3.mockwebserver.MockWebServer$3 execute
INFO: MockWebServer[38619] starting to accept connections
Jul 10, 2016 8:21:43 AM okhttp3.mockwebserver.MockWebServer$3 acceptConnections
INFO: MockWebServer[38619] done accepting connections: Socket is closed
Jul 10, 2016 8:21:43 AM okhttp3.mockwebserver.MockWebServer$3 execute
INFO: MockWebServer[44729] starting to accept connections
Jul 10, 2016 8:21:43 AM okhttp3.mockwebserver.MockWebServer$3 acceptConnections
INFO: MockWebServer[44729] done accepting connections: Socket closed
Jul 10, 2016 8:21:43 AM okhttp3.mockwebserver.MockWebServer$3 execute
INFO: MockWebServer[51798] starting to accept connections
Jul 10, 2016 8:21:43 AM okhttp3.mockwebserver.MockWebServer$3 acceptConnections
INFO: MockWebServer[51798] done accepting connections: Socket is closed
Jul 10, 2016 8:21:43 AM okhttp3.mockwebserver.MockWebServer$3 execute
INFO: MockWebServer[32925] starting to accept connections
Jul 10, 2016 8:21:43 AM okhttp3.mockwebserver.MockWebServer$3 acceptConnections
INFO: MockWebServer[32925] done accepting connections: Socket is closed
Jul 10, 2016 8:21:43 AM okhttp3.mockwebserver.MockWebServer$3 execute
INFO: MockWebServer[44345] starting to accept connections
Jul 10, 2016 8:21:43 AM okhttp3.mockwebserver.MockWebServer$3 acceptConnections
INFO: MockWebServer[44345] done accepting connections: Socket closed
Jul 10, 2016 8:21:43 AM okhttp3.mockwebserver.MockWebServer$3 execute
INFO: MockWebServer[42777] starting to accept connections
Jul 10, 2016 8:21:43 AM okhttp3.mockwebserver.MockWebServer$3 acceptConnections
INFO: MockWebServer[42777] done accepting connections: Socket is closed
Jul 10, 2016 8:21:43 AM okhttp3.mockwebserver.MockWebServer$3 execute
INFO: MockWebServer[44694] starting to accept connections
Jul 10, 2016 8:21:43 AM okhttp3.mockwebserver.MockWebServer$3 acceptConnections
INFO: MockWebServer[44694] done accepting connections: Socket is closed
Jul 10, 2016 8:21:43 AM okhttp3.mockwebserver.MockWebServer$3 execute
INFO: MockWebServer[37202] starting to accept connections
Jul 10, 2016 8:21:43 AM okhttp3.mockwebserver.MockWebServer$3 acceptConnections
INFO: MockWebServer[37202] done accepting connections: Socket is closed
Jul 10, 2016 8:21:43 AM okhttp3.mockwebserver.MockWebServer$3 execute
INFO: MockWebServer[41988] starting to accept connections
Jul 10, 2016 8:21:43 AM okhttp3.mockwebserver.MockWebServer$3 acceptConnections
INFO: MockWebServer[41988] done accepting connections: Socket is closed
Jul 10, 2016 8:21:43 AM okhttp3.mockwebserver.MockWebServer$3 execute
INFO: MockWebServer[50789] starting to accept connections
Jul 10, 2016 8:21:43 AM okhttp3.mockwebserver.MockWebServer$3 acceptConnections
INFO: MockWebServer[50789] done accepting connections: Socket is closed
Jul 10, 2016 8:21:43 AM okhttp3.mockwebserver.MockWebServer$3 execute
INFO: MockWebServer[46552] starting to accept connections
Jul 10, 2016 8:21:43 AM okhttp3.mockwebserver.MockWebServer$4 processOneRequest
INFO: MockWebServer[46552] received request: GET /?i=101 HTTP/1.1 and responded: HTTP/1.1 200 OK
Jul 10, 2016 8:21:43 AM okhttp3.mockwebserver.MockWebServer$4 processOneRequest
INFO: MockWebServer[46552] received request: GET /?i=201 HTTP/1.1 and responded: HTTP/1.1 200 OK
Jul 10, 2016 8:21:43 AM okhttp3.mockwebserver.MockWebServer$3 acceptConnections
INFO: MockWebServer[46552] done accepting connections: Socket closed
Jul 10, 2016 8:21:43 AM okhttp3.mockwebserver.MockWebServer$3 execute
INFO: MockWebServer[53667] starting to accept connections
Jul 10, 2016 8:21:43 AM okhttp3.mockwebserver.MockWebServer$3 acceptConnections
INFO: MockWebServer[53667] done accepting connections: Socket closed
Jul 10, 2016 8:21:43 AM okhttp3.mockwebserver.MockWebServer$3 execute
INFO: MockWebServer[36484] starting to accept connections
Jul 10, 2016 8:21:43 AM okhttp3.mockwebserver.MockWebServer$3 acceptConnections
INFO: MockWebServer[36484] done accepting connections: Socket is closed
Jul 10, 2016 8:21:43 AM okhttp3.mockwebserver.MockWebServer$3 execute
INFO: MockWebServer[41944] starting to accept connections
Jul 10, 2016 8:21:43 AM okhttp3.mockwebserver.MockWebServer$3 acceptConnections
INFO: MockWebServer[41944] done accepting connections: Socket is closed
Jul 10, 2016 8:21:43 AM okhttp3.mockwebserver.MockWebServer$3 execute
INFO: MockWebServer[34620] starting to accept connections
Jul 10, 2016 8:21:43 AM okhttp3.mockwebserver.MockWebServer$3 acceptConnections
INFO: MockWebServer[34620] done accepting connections: Socket is closed
Jul 10, 2016 8:21:43 AM okhttp3.mockwebserver.MockWebServer$3 execute
INFO: MockWebServer[48401] starting to accept connections
Jul 10, 2016 8:21:43 AM okhttp3.mockwebserver.MockWebServer$3 acceptConnections
INFO: MockWebServer[48401] done accepting connections: Socket closed
Jul 10, 2016 8:21:43 AM okhttp3.mockwebserver.MockWebServer$3 execute
INFO: MockWebServer[33712] starting to accept connections
Jul 10, 2016 8:21:43 AM okhttp3.mockwebserver.MockWebServer$3 acceptConnections
INFO: MockWebServer[33712] done accepting connections: Socket closed
Jul 10, 2016 8:21:43 AM okhttp3.mockwebserver.MockWebServer$3 execute
INFO: MockWebServer[35906] starting to accept connections
Jul 10, 2016 8:21:43 AM okhttp3.mockwebserver.MockWebServer$3 acceptConnections
INFO: MockWebServer[35906] done accepting connections: Socket closed
Jul 10, 2016 8:21:43 AM okhttp3.mockwebserver.MockWebServer$3 execute
INFO: MockWebServer[60434] starting to accept connections
Jul 10, 2016 8:21:43 AM okhttp3.mockwebserver.MockWebServer$3 acceptConnections
INFO: MockWebServer[60434] done accepting connections: Socket closed
Jul 10, 2016 8:21:43 AM okhttp3.mockwebserver.MockWebServer$3 execute
INFO: MockWebServer[53707] starting to accept connections
Jul 10, 2016 8:21:43 AM okhttp3.mockwebserver.MockWebServer$3 acceptConnections
INFO: MockWebServer[53707] done accepting connections: Socket closed
Jul 10, 2016 8:21:43 AM okhttp3.mockwebserver.MockWebServer$3 execute
INFO: MockWebServer[41679] starting to accept connections
Jul 10, 2016 8:21:43 AM okhttp3.mockwebserver.MockWebServer$3 acceptConnections
INFO: MockWebServer[41679] done accepting connections: Socket closed
Jul 10, 2016 8:21:43 AM okhttp3.mockwebserver.MockWebServer$3 execute
INFO: MockWebServer[36033] starting to accept connections
Jul 10, 2016 8:21:43 AM okhttp3.mockwebserver.MockWebServer$3 acceptConnections
INFO: MockWebServer[36033] done accepting connections: Socket closed
Jul 10, 2016 8:21:43 AM okhttp3.mockwebserver.MockWebServer$3 execute
INFO: MockWebServer[45581] starting to accept connections
Jul 10, 2016 8:21:43 AM okhttp3.mockwebserver.MockWebServer$3 acceptConnections
INFO: MockWebServer[45581] done accepting connections: Socket is closed
Jul 10, 2016 8:21:43 AM okhttp3.mockwebserver.MockWebServer$3 execute
INFO: MockWebServer[41659] starting to accept connections
Jul 10, 2016 8:21:43 AM okhttp3.mockwebserver.MockWebServer$3 acceptConnections
INFO: MockWebServer[41659] done accepting connections: Socket closed
Jul 10, 2016 8:21:43 AM okhttp3.mockwebserver.MockWebServer$3 execute
INFO: MockWebServer[53618] starting to accept connections
Jul 10, 2016 8:21:43 AM okhttp3.mockwebserver.MockWebServer$3 acceptConnections
INFO: MockWebServer[53618] done accepting connections: Socket is closed
Jul 10, 2016 8:21:43 AM okhttp3.mockwebserver.MockWebServer$3 execute
INFO: MockWebServer[47039] starting to accept connections
Jul 10, 2016 8:21:43 AM okhttp3.mockwebserver.MockWebServer$3 acceptConnections
INFO: MockWebServer[47039] done accepting connections: Socket closed
Jul 10, 2016 8:21:43 AM okhttp3.mockwebserver.MockWebServer$3 execute
INFO: MockWebServer[45871] starting to accept connections
Jul 10, 2016 8:21:43 AM okhttp3.mockwebserver.MockWebServer$3 acceptConnections
INFO: MockWebServer[45871] done accepting connections: Socket is closed
Jul 10, 2016 8:21:43 AM okhttp3.mockwebserver.MockWebServer$3 execute
INFO: MockWebServer[41477] starting to accept connections
Jul 10, 2016 8:21:43 AM okhttp3.mockwebserver.MockWebServer$3 acceptConnections
INFO: MockWebServer[41477] done accepting connections: Socket closed
Tests run: 64, Failures: 0, Errors: 0, Skipped: 0, Time elapsed: 1.215 sec
Running retrofit2.RequestBuilderAndroidTest
WARNING: No manifest file found at ./AndroidManifest.xml.Falling back to the Android OS resources only.
To remove this warning, annotate your test class with @Config(manifest=Config.NONE).
WARNING: No manifest file found at ./AndroidManifest.xml.Falling back to the Android OS resources only.
To remove this warning, annotate your test class with @Config(manifest=Config.NONE).
Tests run: 2, Failures: 0, Errors: 0, Skipped: 0, Time elapsed: 7.784 sec
Running retrofit2.CallAdapterTest
Tests run: 4, Failures: 0, Errors: 0, Skipped: 0, Time elapsed: 0.033 sec
Running retrofit2.ResponseTest
Tests run: 14, Failures: 0, Errors: 0, Skipped: 0, Time elapsed: 0.041 sec

Results :

Failed tests:   conversionProblemIncomingMaskedByConverterIsUnwrapped(retrofit2.CallTest): (..)

Tests run: 265, Failures: 1, Errors: 0, Skipped: 2

[INFO] ------------------------------------------------------------------------
[INFO] Reactor Summary:
[INFO] 
[INFO] Retrofit (Parent) .................................. SUCCESS [  2.181 s]
[INFO] Retrofit ........................................... FAILURE [ 22.692 s]
[INFO] Adapters ........................................... SKIPPED
[INFO] Adapter: Guava ..................................... SKIPPED
[INFO] Adapter: Java 8 .................................... SKIPPED
[INFO] Adapter: RxJava .................................... SKIPPED
[INFO] Converters ......................................... SKIPPED
[INFO] Converter: Gson .................................... SKIPPED
[INFO] Converter: Protocol Buffers ........................ SKIPPED
[INFO] Converter: Jackson ................................. SKIPPED
[INFO] Converter: Wire Protocol Buffers ................... SKIPPED
[INFO] Converter: SimpleXML ............................... SKIPPED
[INFO] Converter: Java Scalars ............................ SKIPPED
[INFO] Converter: Moshi ................................... SKIPPED
[INFO] Retrofit Mock Adapter .............................. SKIPPED
[INFO] Samples ............................................ SKIPPED
[INFO] ------------------------------------------------------------------------
[INFO] BUILD FAILURE
[INFO] ------------------------------------------------------------------------
[INFO] Total time: 25.219 s
[INFO] Finished at: 2016-07-10T08:21:51+00:00
[INFO] Final Memory: 22M/326M
[INFO] ------------------------------------------------------------------------
[ERROR] Failed to execute goal org.apache.maven.plugins:maven-surefire-plugin:2.12.4:test (default-test) on project retrofit: There are test failures.
[ERROR] 
[ERROR] Please refer to /home/travis/build/square/retrofit/retrofit/target/surefire-reports for the individual test results.
[ERROR] -> [Help 1]
[ERROR] 
[ERROR] To see the full stack trace of the errors, re-run Maven with the -e switch.
[ERROR] Re-run Maven using the -X switch to enable full debug logging.
[ERROR] 
[ERROR] For more information about the errors and possible solutions, please read the following articles:
[ERROR] [Help 1] http://cwiki.apache.org/confluence/display/MAVEN/MojoFailureException
[ERROR] 
[ERROR] After correcting the problems, you can resume the build with the command
[ERROR]   mvn <goals> -rf :retrofit

travis_time:end:123bd37a:start=1468138884561194656,finish=1468138912112553588,duration=27551358932[0K
[31;1mThe command "mvn test -B" exited with 1.[0m
travis_fold:start:cache.2[0Kstore build cache
travis_time:start:058a265c[0K
travis_time:end:058a265c:start=1468138912116842055,finish=1468138912120198976,duration=3356921[0Ktravis_time:start:1b4cb685[0K[32;1mchange detected (content changed, file is created, or file is deleted):
/home/travis/.m2/repository/com/squareup/retrofit2/adapter-guava/2.1.1-SNAPSHOT/adapter-guava-2.1.1-SNAPSHOT.jar
/home/travis/.m2/repository/com/squareup/retrofit2/adapter-guava/2.1.1-SNAPSHOT/maven-metadata-local.xml
/home/travis/.m2/repository/com/squareup/retrofit2/adapter-guava/2.1.1-SNAPSHOT/_remote.repositories
/home/travis/.m2/repository/com/squareup/retrofit2/adapter-guava/maven-metadata-local.xml
/home/travis/.m2/repository/com/squareup/retrofit2/adapter-java8/2.1.1-SNAPSHOT/adapter-java8-2.1.1-SNAPSHOT.jar
/home/travis/.m2/repository/com/squareup/retrofit2/adapter-java8/2.1.1-SNAPSHOT/maven-metadata-local.xml
/home/travis/.m2/repository/com/squareup/retrofit2/adapter-java8/2.1.1-SNAPSHOT/_remote.repositories
/home/travis/.m2/repository/com/squareup/retrofit2/adapter-java8/maven-metadata-local.xml
/home/travis/.m2/repository/com/squareup/retrofit2/adapter-rxjava/2.1.1-SNAPSHOT/adapter-rxjava-2.1.1-SNAPSHOT.jar
/home/travis/.m2/repository/com/squareup/retrofit2/adapter-rxjava/2.
[0m
[32;1m...
[0m
[32;1mchanges detected, packing new archive[0m
.
[32;1muploading archive[0m

travis_time:end:1b4cb685:start=1468138912124106440,finish=1468138920223930879,duration=8099824439[0Ktravis_fold:end:cache.2[0K
Done. Your build exited with 1.
