Using worker: worker-linux-docker-15b99b93.prod.travis-ci.org:travis-linux-5

travis_fold:start:system_info[0K[33;1mBuild system information[0m
Build language: java
Build group: stable
Build dist: precise
Build id: 146304400
Job id: 146304401
travis-build version: 0e5f42785
[34m[1mBuild image provisioning date and time[0m
Thu Feb  5 15:09:33 UTC 2015
[34m[1mOperating System Details[0m
Distributor ID:	Ubuntu
Description:	Ubuntu 12.04.5 LTS
Release:	12.04
Codename:	precise
[34m[1mLinux Version[0m
3.13.0-29-generic
[34m[1mCookbooks Version[0m
a68419e https://github.com/travis-ci/travis-cookbooks/tree/a68419e
[34m[1mGCC version[0m
gcc (Ubuntu/Linaro 4.6.3-1ubuntu5) 4.6.3
Copyright (C) 2011 Free Software Foundation, Inc.
This is free software; see the source for copying conditions.  There is NO
warranty; not even for MERCHANTABILITY or FITNESS FOR A PARTICULAR PURPOSE.

[34m[1mLLVM version[0m
clang version 3.4 (tags/RELEASE_34/final)
Target: x86_64-unknown-linux-gnu
Thread model: posix
[34m[1mPre-installed Ruby versions[0m
ruby-1.9.3-p551
[34m[1mPre-installed Node.js versions[0m
v0.10.36
[34m[1mPre-installed Go versions[0m
1.4.1
[34m[1mRedis version[0m
redis-server 2.8.19
[34m[1mriak version[0m
2.0.2
[34m[1mMongoDB version[0m
MongoDB 2.4.12
[34m[1mCouchDB version[0m
couchdb 1.6.1
[34m[1mNeo4j version[0m
1.9.4
[34m[1mRabbitMQ Version[0m
3.4.3
[34m[1mElasticSearch version[0m
1.4.0
[34m[1mInstalled Sphinx versions[0m
2.0.10
2.1.9
2.2.6
[34m[1mDefault Sphinx version[0m
2.2.6
[34m[1mInstalled Firefox version[0m
firefox 31.0esr
[34m[1mPhantomJS version[0m
1.9.8
[34m[1mant -version[0m
Apache Ant(TM) version 1.8.2 compiled on December 3 2011
[34m[1mmvn -version[0m
Apache Maven 3.2.5 (12a6b3acb947671f09b81f49094c53f426d8cea1; 2014-12-14T17:29:23+00:00)
Maven home: /usr/local/maven
Java version: 1.7.0_76, vendor: Oracle Corporation
Java home: /usr/lib/jvm/java-7-oracle/jre
Default locale: en_US, platform encoding: ANSI_X3.4-1968
OS name: "linux", version: "3.13.0-29-generic", arch: "amd64", family: "unix"
travis_fold:end:system_info[0K
travis_fold:start:fix.CVE-2015-7547[0K$ export DEBIAN_FRONTEND=noninteractive
W: Size of file /var/lib/apt/lists/us.archive.ubuntu.com_ubuntu_dists_precise-backports_multiverse_source_Sources.gz is not what the server reported 5886 5888
W: Size of file /var/lib/apt/lists/ppa.launchpad.net_ubuntugis_ppa_ubuntu_dists_precise_main_binary-amd64_Packages.gz is not what the server reported 36669 36677
W: Size of file /var/lib/apt/lists/ppa.launchpad.net_ubuntugis_ppa_ubuntu_dists_precise_main_binary-i386_Packages.gz is not what the server reported 36729 36733
Reading package lists...
Building dependency tree...
Reading state information...
The following extra packages will be installed:
  libc-bin libc-dev-bin libc6-dev
Suggested packages:
  glibc-doc
The following packages will be upgraded:
  libc-bin libc-dev-bin libc6 libc6-dev
4 upgraded, 0 newly installed, 0 to remove and 252 not upgraded.
Need to get 8,840 kB of archives.
After this operation, 14.3 kB disk space will be freed.
Get:1 http://us.archive.ubuntu.com/ubuntu/ precise-updates/main libc6-dev amd64 2.15-0ubuntu10.15 [2,943 kB]
Get:2 http://us.archive.ubuntu.com/ubuntu/ precise-updates/main libc-dev-bin amd64 2.15-0ubuntu10.15 [84.7 kB]
Get:3 http://us.archive.ubuntu.com/ubuntu/ precise-updates/main libc-bin amd64 2.15-0ubuntu10.15 [1,177 kB]
Get:4 http://us.archive.ubuntu.com/ubuntu/ precise-updates/main libc6 amd64 2.15-0ubuntu10.15 [4,636 kB]
Fetched 8,840 kB in 0s (26.2 MB/s)
Preconfiguring packages ...
(Reading database ... (Reading database ... 5%(Reading database ... 10%(Reading database ... 15%(Reading database ... 20%(Reading database ... 25%(Reading database ... 30%(Reading database ... 35%(Reading database ... 40%(Reading database ... 45%(Reading database ... 50%(Reading database ... 55%(Reading database ... 60%(Reading database ... 65%(Reading database ... 70%(Reading database ... 75%(Reading database ... 80%(Reading database ... 85%(Reading database ... 90%(Reading database ... 95%(Reading database ... 100%(Reading database ... 72019 files and directories currently installed.)
Preparing to replace libc6-dev 2.15-0ubuntu10.10 (using .../libc6-dev_2.15-0ubuntu10.15_amd64.deb) ...
Unpacking replacement libc6-dev ...
Preparing to replace libc-dev-bin 2.15-0ubuntu10.10 (using .../libc-dev-bin_2.15-0ubuntu10.15_amd64.deb) ...
Unpacking replacement libc-dev-bin ...
Preparing to replace libc-bin 2.15-0ubuntu10.10 (using .../libc-bin_2.15-0ubuntu10.15_amd64.deb) ...
Unpacking replacement libc-bin ...
Processing triggers for man-db ...
Setting up libc-bin (2.15-0ubuntu10.15) ...
(Reading database ... (Reading database ... 5%(Reading database ... 10%(Reading database ... 15%(Reading database ... 20%(Reading database ... 25%(Reading database ... 30%(Reading database ... 35%(Reading database ... 40%(Reading database ... 45%(Reading database ... 50%(Reading database ... 55%(Reading database ... 60%(Reading database ... 65%(Reading database ... 70%(Reading database ... 75%(Reading database ... 80%(Reading database ... 85%(Reading database ... 90%(Reading database ... 95%(Reading database ... 100%(Reading database ... 72018 files and directories currently installed.)
Preparing to replace libc6 2.15-0ubuntu10.10 (using .../libc6_2.15-0ubuntu10.15_amd64.deb) ...
Unpacking replacement libc6 ...
Setting up libc6 (2.15-0ubuntu10.15) ...
Setting up libc-dev-bin (2.15-0ubuntu10.15) ...
Setting up libc6-dev (2.15-0ubuntu10.15) ...
Processing triggers for libc-bin ...
ldconfig deferred processing now taking place
travis_fold:end:fix.CVE-2015-7547[0Ktravis_fold:start:git.checkout[0Ktravis_time:start:237c7d7e[0K$ git clone --depth=50 https://github.com/square/retrofit.git square/retrofit
Cloning into 'square/retrofit'...
remote: Counting objects: 1134, done.[K
remote: Compressing objects:   0% (1/639)   [Kremote: Compressing objects:   1% (7/639)   [Kremote: Compressing objects:   2% (13/639)   [Kremote: Compressing objects:   3% (20/639)   [Kremote: Compressing objects:   4% (26/639)   [Kremote: Compressing objects:   5% (32/639)   [Kremote: Compressing objects:   6% (39/639)   [Kremote: Compressing objects:   7% (45/639)   [Kremote: Compressing objects:   8% (52/639)   [Kremote: Compressing objects:   9% (58/639)   [Kremote: Compressing objects:  10% (64/639)   [Kremote: Compressing objects:  11% (71/639)   [Kremote: Compressing objects:  12% (77/639)   [Kremote: Compressing objects:  13% (84/639)   [Kremote: Compressing objects:  14% (90/639)   [Kremote: Compressing objects:  15% (96/639)   [Kremote: Compressing objects:  16% (103/639)   [Kremote: Compressing objects:  17% (109/639)   [Kremote: Compressing objects:  18% (116/639)   [Kremote: Compressing objects:  19% (122/639)   [Kremote: Compressing objects:  20% (128/639)   [Kremote: Compressing objects:  21% (135/639)   [Kremote: Compressing objects:  22% (141/639)   [Kremote: Compressing objects:  23% (147/639)   [Kremote: Compressing objects:  24% (154/639)   [Kremote: Compressing objects:  25% (160/639)   [Kremote: Compressing objects:  26% (167/639)   [Kremote: Compressing objects:  27% (173/639)   [Kremote: Compressing objects:  28% (179/639)   [Kremote: Compressing objects:  29% (186/639)   [Kremote: Compressing objects:  30% (192/639)   [Kremote: Compressing objects:  31% (199/639)   [Kremote: Compressing objects:  32% (205/639)   [Kremote: Compressing objects:  33% (211/639)   [Kremote: Compressing objects:  34% (218/639)   [Kremote: Compressing objects:  35% (224/639)   [Kremote: Compressing objects:  36% (231/639)   [Kremote: Compressing objects:  37% (237/639)   [Kremote: Compressing objects:  38% (243/639)   [Kremote: Compressing objects:  39% (250/639)   [Kremote: Compressing objects:  40% (256/639)   [Kremote: Compressing objects:  41% (262/639)   [Kremote: Compressing objects:  42% (269/639)   [Kremote: Compressing objects:  43% (275/639)   [Kremote: Compressing objects:  44% (282/639)   [Kremote: Compressing objects:  45% (288/639)   [Kremote: Compressing objects:  46% (294/639)   [Kremote: Compressing objects:  47% (301/639)   [Kremote: Compressing objects:  48% (307/639)   [Kremote: Compressing objects:  49% (314/639)   [Kremote: Compressing objects:  50% (320/639)   [Kremote: Compressing objects:  51% (326/639)   [Kremote: Compressing objects:  52% (333/639)   [Kremote: Compressing objects:  53% (339/639)   [Kremote: Compressing objects:  54% (346/639)   [Kremote: Compressing objects:  55% (352/639)   [Kremote: Compressing objects:  56% (358/639)   [Kremote: Compressing objects:  57% (365/639)   [Kremote: Compressing objects:  58% (371/639)   [Kremote: Compressing objects:  59% (378/639)   [Kremote: Compressing objects:  60% (384/639)   [Kremote: Compressing objects:  61% (390/639)   [Kremote: Compressing objects:  62% (397/639)   [Kremote: Compressing objects:  63% (403/639)   [Kremote: Compressing objects:  64% (409/639)   [Kremote: Compressing objects:  65% (416/639)   [Kremote: Compressing objects:  66% (422/639)   [Kremote: Compressing objects:  67% (429/639)   [Kremote: Compressing objects:  68% (435/639)   [Kremote: Compressing objects:  69% (441/639)   [Kremote: Compressing objects:  70% (448/639)   [Kremote: Compressing objects:  71% (454/639)   [Kremote: Compressing objects:  72% (461/639)   [Kremote: Compressing objects:  73% (467/639)   [Kremote: Compressing objects:  74% (473/639)   [Kremote: Compressing objects:  75% (480/639)   [Kremote: Compressing objects:  76% (486/639)   [Kremote: Compressing objects:  77% (493/639)   [Kremote: Compressing objects:  78% (499/639)   [Kremote: Compressing objects:  79% (505/639)   [Kremote: Compressing objects:  80% (512/639)   [Kremote: Compressing objects:  81% (518/639)   [Kremote: Compressing objects:  82% (524/639)   [Kremote: Compressing objects:  83% (531/639)   [Kremote: Compressing objects:  84% (537/639)   [Kremote: Compressing objects:  85% (544/639)   [Kremote: Compressing objects:  86% (550/639)   [Kremote: Compressing objects:  87% (556/639)   [Kremote: Compressing objects:  88% (563/639)   [Kremote: Compressing objects:  89% (569/639)   [Kremote: Compressing objects:  90% (576/639)   [Kremote: Compressing objects:  91% (582/639)   [Kremote: Compressing objects:  92% (588/639)   [Kremote: Compressing objects:  93% (595/639)   [Kremote: Compressing objects:  94% (601/639)   [Kremote: Compressing objects:  95% (608/639)   [Kremote: Compressing objects:  96% (614/639)   [Kremote: Compressing objects:  97% (620/639)   [Kremote: Compressing objects:  98% (627/639)   [Kremote: Compressing objects:  99% (633/639)   [Kremote: Compressing objects: 100% (639/639)   [Kremote: Compressing objects: 100% (639/639), done.[K
Receiving objects:   0% (1/1134)   Receiving objects:   1% (12/1134)   Receiving objects:   2% (23/1134)   Receiving objects:   3% (35/1134)   Receiving objects:   4% (46/1134)   Receiving objects:   5% (57/1134)   Receiving objects:   6% (69/1134)   Receiving objects:   7% (80/1134)   Receiving objects:   8% (91/1134)   Receiving objects:   9% (103/1134)   Receiving objects:  10% (114/1134)   Receiving objects:  11% (125/1134)   Receiving objects:  12% (137/1134)   Receiving objects:  13% (148/1134)   Receiving objects:  14% (159/1134)   Receiving objects:  15% (171/1134)   Receiving objects:  16% (182/1134)   Receiving objects:  17% (193/1134)   Receiving objects:  18% (205/1134)   Receiving objects:  19% (216/1134)   Receiving objects:  20% (227/1134)   Receiving objects:  21% (239/1134)   Receiving objects:  22% (250/1134)   Receiving objects:  23% (261/1134)   Receiving objects:  24% (273/1134)   Receiving objects:  25% (284/1134)   Receiving objects:  26% (295/1134)   Receiving objects:  27% (307/1134)   Receiving objects:  28% (318/1134)   Receiving objects:  29% (329/1134)   Receiving objects:  30% (341/1134)   Receiving objects:  31% (352/1134)   Receiving objects:  32% (363/1134)   Receiving objects:  33% (375/1134)   Receiving objects:  34% (386/1134)   Receiving objects:  35% (397/1134)   Receiving objects:  36% (409/1134)   Receiving objects:  37% (420/1134)   Receiving objects:  38% (431/1134)   Receiving objects:  39% (443/1134)   Receiving objects:  40% (454/1134)   Receiving objects:  41% (465/1134)   Receiving objects:  42% (477/1134)   Receiving objects:  43% (488/1134)   Receiving objects:  44% (499/1134)   Receiving objects:  45% (511/1134)   Receiving objects:  46% (522/1134)   Receiving objects:  47% (533/1134)   Receiving objects:  48% (545/1134)   Receiving objects:  49% (556/1134)   Receiving objects:  50% (567/1134)   Receiving objects:  51% (579/1134)   Receiving objects:  52% (590/1134)   Receiving objects:  53% (602/1134)   Receiving objects:  54% (613/1134)   Receiving objects:  55% (624/1134)   Receiving objects:  56% (636/1134)   Receiving objects:  57% (647/1134)   Receiving objects:  58% (658/1134)   Receiving objects:  59% (670/1134)   Receiving objects:  60% (681/1134)   Receiving objects:  61% (692/1134)   Receiving objects:  62% (704/1134)   Receiving objects:  63% (715/1134)   Receiving objects:  64% (726/1134)   Receiving objects:  65% (738/1134)   Receiving objects:  66% (749/1134)   Receiving objects:  67% (760/1134)   Receiving objects:  68% (772/1134)   Receiving objects:  69% (783/1134)   Receiving objects:  70% (794/1134)   Receiving objects:  71% (806/1134)   Receiving objects:  72% (817/1134)   Receiving objects:  73% (828/1134)   Receiving objects:  74% (840/1134)   Receiving objects:  75% (851/1134)   Receiving objects:  76% (862/1134)   Receiving objects:  77% (874/1134)   Receiving objects:  78% (885/1134)   Receiving objects:  79% (896/1134)   Receiving objects:  80% (908/1134)   Receiving objects:  81% (919/1134)   Receiving objects:  82% (930/1134)   Receiving objects:  83% (942/1134)   remote: Total 1134 (delta 431), reused 893 (delta 246), pack-reused 0[K
Receiving objects:  84% (953/1134)   Receiving objects:  85% (964/1134)   Receiving objects:  86% (976/1134)   Receiving objects:  87% (987/1134)   Receiving objects:  88% (998/1134)   Receiving objects:  89% (1010/1134)   Receiving objects:  90% (1021/1134)   Receiving objects:  91% (1032/1134)   Receiving objects:  92% (1044/1134)   Receiving objects:  93% (1055/1134)   Receiving objects:  94% (1066/1134)   Receiving objects:  95% (1078/1134)   Receiving objects:  96% (1089/1134)   Receiving objects:  97% (1100/1134)   Receiving objects:  98% (1112/1134)   Receiving objects:  99% (1123/1134)   Receiving objects: 100% (1134/1134)   Receiving objects: 100% (1134/1134), 305.29 KiB | 0 bytes/s, done.
Resolving deltas:   0% (0/431)   Resolving deltas:   1% (8/431)   Resolving deltas:   2% (9/431)   Resolving deltas:   3% (16/431)   Resolving deltas:   4% (21/431)   Resolving deltas:   9% (39/431)   Resolving deltas:  31% (136/431)   Resolving deltas:  32% (142/431)   Resolving deltas:  33% (145/431)   Resolving deltas:  36% (156/431)   Resolving deltas:  40% (176/431)   Resolving deltas:  41% (179/431)   Resolving deltas:  45% (196/431)   Resolving deltas:  47% (203/431)   Resolving deltas:  48% (207/431)   Resolving deltas:  50% (216/431)   Resolving deltas:  51% (221/431)   Resolving deltas:  53% (230/431)   Resolving deltas:  55% (240/431)   Resolving deltas:  56% (244/431)   Resolving deltas:  57% (247/431)   Resolving deltas:  58% (250/431)   Resolving deltas:  59% (255/431)   Resolving deltas:  62% (271/431)   Resolving deltas:  63% (273/431)   Resolving deltas:  64% (276/431)   Resolving deltas:  65% (282/431)   Resolving deltas:  66% (286/431)   Resolving deltas:  67% (291/431)   Resolving deltas:  68% (294/431)   Resolving deltas:  69% (298/431)   Resolving deltas:  74% (319/431)   Resolving deltas:  75% (324/431)   Resolving deltas:  76% (331/431)   Resolving deltas:  77% (332/431)   Resolving deltas:  79% (343/431)   Resolving deltas:  81% (350/431)   Resolving deltas:  82% (355/431)   Resolving deltas:  83% (358/431)   Resolving deltas:  89% (386/431)   Resolving deltas:  90% (388/431)   Resolving deltas:  95% (412/431)   Resolving deltas:  96% (415/431)   Resolving deltas:  97% (419/431)   Resolving deltas: 100% (431/431)   Resolving deltas: 100% (431/431), done.
Checking connectivity... done.

travis_time:end:237c7d7e:start=1469085563883507150,finish=1469085564468780928,duration=585273778[0K$ cd square/retrofit
travis_time:start:2cc0a00c[0K$ git fetch origin +refs/pull/1931/merge:
remote: Counting objects: 31, done.[K
remote: Compressing objects:   4% (1/24)   [Kremote: Compressing objects:   8% (2/24)   [Kremote: Compressing objects:  12% (3/24)   [Kremote: Compressing objects:  16% (4/24)   [Kremote: Compressing objects:  20% (5/24)   [Kremote: Compressing objects:  25% (6/24)   [Kremote: Compressing objects:  29% (7/24)   [Kremote: Compressing objects:  33% (8/24)   [Kremote: Compressing objects:  37% (9/24)   [Kremote: Compressing objects:  41% (10/24)   [Kremote: Compressing objects:  45% (11/24)   [Kremote: Compressing objects:  50% (12/24)   [Kremote: Compressing objects:  54% (13/24)   [Kremote: Compressing objects:  58% (14/24)   [Kremote: Compressing objects:  62% (15/24)   [Kremote: Compressing objects:  66% (16/24)   [Kremote: Compressing objects:  70% (17/24)   [Kremote: Compressing objects:  75% (18/24)   [Kremote: Compressing objects:  79% (19/24)   [Kremote: Compressing objects:  83% (20/24)   [Kremote: Compressing objects:  87% (21/24)   [Kremote: Compressing objects:  91% (22/24)   [Kremote: Compressing objects:  95% (23/24)   [Kremote: Compressing objects: 100% (24/24)   [Kremote: Compressing objects: 100% (24/24), done.[K
remote: Total 31 (delta 12), reused 19 (delta 1), pack-reused 0[K
Unpacking objects:   3% (1/31)   Unpacking objects:   6% (2/31)   Unpacking objects:   9% (3/31)   Unpacking objects:  12% (4/31)   Unpacking objects:  16% (5/31)   Unpacking objects:  19% (6/31)   Unpacking objects:  22% (7/31)   Unpacking objects:  25% (8/31)   Unpacking objects:  29% (9/31)   Unpacking objects:  32% (10/31)   Unpacking objects:  35% (11/31)   Unpacking objects:  38% (12/31)   Unpacking objects:  41% (13/31)   Unpacking objects:  45% (14/31)   Unpacking objects:  48% (15/31)   Unpacking objects:  51% (16/31)   Unpacking objects:  54% (17/31)   Unpacking objects:  58% (18/31)   Unpacking objects:  61% (19/31)   Unpacking objects:  64% (20/31)   Unpacking objects:  67% (21/31)   Unpacking objects:  70% (22/31)   Unpacking objects:  74% (23/31)   Unpacking objects:  77% (24/31)   Unpacking objects:  80% (25/31)   Unpacking objects:  83% (26/31)   Unpacking objects:  87% (27/31)   Unpacking objects:  90% (28/31)   Unpacking objects:  93% (29/31)   Unpacking objects:  96% (30/31)   Unpacking objects: 100% (31/31)   Unpacking objects: 100% (31/31), done.
From https://github.com/square/retrofit
 * branch            refs/pull/1931/merge -> FETCH_HEAD

travis_time:end:2cc0a00c:start=1469085564473512676,finish=1469085564794432204,duration=320919528[0K$ git checkout -qf FETCH_HEAD
travis_fold:end:git.checkout[0K
[33;1mThis job is running on container-based infrastructure, which does not allow use of 'sudo', setuid and setguid executables.[0m
[33;1mIf you require sudo, add 'sudo: required' to your .travis.yml[0m
[33;1mSee https://docs.travis-ci.com/user/workers/container-based-infrastructure/ for details.[0m
$ jdk_switcher use oraclejdk8
Switching to Oracle JDK8 (java-8-oracle), JAVA_HOME will be set to /usr/lib/jvm/java-8-oracle
travis_fold:start:cache.1[0KSetting up build cache
$ export CASHER_DIR=$HOME/.casher
travis_time:start:1170f627[0K$ Installing caching utilities

travis_time:end:1170f627:start=1469085567505624067,finish=1469085567573689541,duration=68065474[0Ktravis_time:start:0b4ff4da[0K
travis_time:end:0b4ff4da:start=1469085567579552287,finish=1469085567583802004,duration=4249717[0Ktravis_time:start:1c555110[0K[32;1mattempting to download cache archive[0m
[32;1mfetching PR.1931/cache-linux-precise-e3b0c44298fc1c149afbf4c8996fb92427ae41e4649b934ca495991b7852b855--jdk-oraclejdk8.tgz[0m
[32;1mfetching PR.1931/cache--jdk-oraclejdk8.tgz[0m
[32;1mfetching master/cache-linux-precise-e3b0c44298fc1c149afbf4c8996fb92427ae41e4649b934ca495991b7852b855--jdk-oraclejdk8.tgz[0m
[32;1mfound cache[0m

travis_time:end:1c555110:start=1469085567588732467,finish=1469085569939602593,duration=2350870126[0Ktravis_time:start:09681344[0K
travis_time:end:09681344:start=1469085569945282407,finish=1469085569950444453,duration=5162046[0Ktravis_time:start:0342060d[0K[32;1madding /home/travis/.m2 to cache[0m

travis_time:end:0342060d:start=1469085569956285134,finish=1469085572699037227,duration=2742752093[0Ktravis_fold:end:cache.1[0K$ java -Xmx32m -version
java version "1.8.0_31"
Java(TM) SE Runtime Environment (build 1.8.0_31-b13)
Java HotSpot(TM) 64-Bit Server VM (build 25.31-b07, mixed mode)
$ javac -J-Xmx32m -version
javac 1.8.0_31
travis_fold:start:install[0Ktravis_time:start:0326cc19[0K$ mvn install -DskipTests=true -Dmaven.javadoc.skip=true -B -V
Java HotSpot(TM) 64-Bit Server VM warning: ignoring option MaxPermSize=192m; support was removed in 8.0
Apache Maven 3.2.5 (12a6b3acb947671f09b81f49094c53f426d8cea1; 2014-12-14T17:29:23+00:00)
Maven home: /usr/local/maven
Java version: 1.8.0_31, vendor: Oracle Corporation
Java home: /usr/lib/jvm/java-8-oracle/jre
Default locale: en_US, platform encoding: UTF-8
OS name: "linux", version: "3.13.0-40-generic", arch: "amd64", family: "unix"
[INFO] Scanning for projects...
[WARNING] 
[WARNING] Some problems were encountered while building the effective model for com.squareup.retrofit2:samples:jar:2.1.1-SNAPSHOT
[WARNING] 'build.plugins.plugin.version' for org.apache.maven.plugins:maven-deploy-plugin is missing. @ com.squareup.retrofit2:samples:[unknown-version], /home/travis/build/square/retrofit/samples/pom.xml, line 55, column 15
[WARNING] 
[WARNING] It is highly recommended to fix these problems because they threaten the stability of your build.
[WARNING] 
[WARNING] For this reason, future Maven versions might no longer support building such malformed projects.
[WARNING] 
[INFO] ------------------------------------------------------------------------
[INFO] Reactor Build Order:
[INFO] 
[INFO] Retrofit (Parent)
[INFO] Retrofit
[INFO] Adapters
[INFO] Adapter: Guava
[INFO] Adapter: Java 8
[INFO] Adapter: RxJava
[INFO] Converters
[INFO] Converter: Gson
[INFO] Converter: Protocol Buffers
[INFO] Converter: Jackson
[INFO] Converter: Wire Protocol Buffers
[INFO] Converter: SimpleXML
[INFO] Converter: Java Scalars
[INFO] Converter: Moshi
[INFO] Retrofit Mock Adapter
[INFO] Samples
[INFO]                                                                         
[INFO] ------------------------------------------------------------------------
[INFO] Building Retrofit (Parent) 2.1.1-SNAPSHOT
[INFO] ------------------------------------------------------------------------
[INFO] 
[INFO] --- maven-enforcer-plugin:1.0:enforce (enforce-maven) @ parent ---
[INFO] 
[INFO] --- animal-sniffer-maven-plugin:1.14:check (default) @ parent ---
[INFO] Checking unresolved references to org.codehaus.mojo.signature:java16:1.1
[INFO] 
[INFO] --- maven-javadoc-plugin:2.10.3:jar (attach-javadocs) @ parent ---
[INFO] Skipping javadoc generation
[INFO] 
[INFO] --- maven-checkstyle-plugin:2.15:checkstyle (default) @ parent ---
[INFO] 
[INFO] --- maven-install-plugin:2.4:install (default-install) @ parent ---
[INFO] Installing /home/travis/build/square/retrofit/pom.xml to /home/travis/.m2/repository/com/squareup/retrofit2/parent/2.1.1-SNAPSHOT/parent-2.1.1-SNAPSHOT.pom
[INFO]                                                                         
[INFO] ------------------------------------------------------------------------
[INFO] Building Retrofit 2.1.1-SNAPSHOT
[INFO] ------------------------------------------------------------------------
[INFO] 
[INFO] --- maven-enforcer-plugin:1.0:enforce (enforce-maven) @ retrofit ---
[INFO] 
[INFO] --- maven-resources-plugin:2.6:resources (default-resources) @ retrofit ---
[INFO] Using 'UTF-8' encoding to copy filtered resources.
[INFO] skip non existing resourceDirectory /home/travis/build/square/retrofit/retrofit/src/main/resources
[INFO] 
[INFO] --- maven-compiler-plugin:3.0:compile (default-compile) @ retrofit ---
[INFO] Changes detected - recompiling the module!
[INFO] Compiling 42 source files to /home/travis/build/square/retrofit/retrofit/target/classes
[WARNING] /home/travis/build/square/retrofit/retrofit/src/main/java/retrofit2/Retrofit.java: Some input files use unchecked or unsafe operations.
[WARNING] /home/travis/build/square/retrofit/retrofit/src/main/java/retrofit2/Retrofit.java: Recompile with -Xlint:unchecked for details.
[INFO] 
[INFO] --- maven-resources-plugin:2.6:testResources (default-testResources) @ retrofit ---
[INFO] Using 'UTF-8' encoding to copy filtered resources.
[INFO] skip non existing resourceDirectory /home/travis/build/square/retrofit/retrofit/src/test/resources
[INFO] 
[INFO] --- maven-compiler-plugin:3.0:testCompile (default-testCompile) @ retrofit ---
[INFO] Changes detected - recompiling the module!
[INFO] Compiling 14 source files to /home/travis/build/square/retrofit/retrofit/target/test-classes
[WARNING] /home/travis/build/square/retrofit/retrofit/src/test/java/retrofit2/RetrofitTest.java: /home/travis/build/square/retrofit/retrofit/src/test/java/retrofit2/RetrofitTest.java uses unchecked or unsafe operations.
[WARNING] /home/travis/build/square/retrofit/retrofit/src/test/java/retrofit2/RetrofitTest.java: Recompile with -Xlint:unchecked for details.
[INFO] 
[INFO] --- maven-surefire-plugin:2.12.4:test (default-test) @ retrofit ---
[INFO] Tests are skipped.
[INFO] 
[INFO] --- animal-sniffer-maven-plugin:1.14:check (default) @ retrofit ---
[INFO] Checking unresolved references to org.codehaus.mojo.signature:java16:1.1
[INFO] 
[INFO] --- maven-jar-plugin:2.4:jar (default-jar) @ retrofit ---
[INFO] Building jar: /home/travis/build/square/retrofit/retrofit/target/retrofit-2.1.1-SNAPSHOT.jar
[INFO] 
[INFO] --- maven-javadoc-plugin:2.10.3:jar (attach-javadocs) @ retrofit ---
[INFO] Skipping javadoc generation
[INFO] 
[INFO] --- maven-checkstyle-plugin:2.15:checkstyle (default) @ retrofit ---
[INFO] Starting audit...
/home/travis/build/square/retrofit/retrofit/src/main/java/retrofit2/KeyValue.java:16: 'method def' child have incorrect indentation level 8, expected level should be 4.
/home/travis/build/square/retrofit/retrofit/src/main/java/retrofit2/KeyValue.java:16:1: File contains tab characters (this is the first instance).
/home/travis/build/square/retrofit/retrofit/src/main/java/retrofit2/ParameterHandler.java:167: Line has trailing spaces.
Audit done.
[INFO] ------------------------------------------------------------------------
[INFO] Reactor Summary:
[INFO] 
[INFO] Retrofit (Parent) .................................. SUCCESS [  8.144 s]
[INFO] Retrofit ........................................... FAILURE [ 20.133 s]
[INFO] Adapters ........................................... SKIPPED
[INFO] Adapter: Guava ..................................... SKIPPED
[INFO] Adapter: Java 8 .................................... SKIPPED
[INFO] Adapter: RxJava .................................... SKIPPED
[INFO] Converters ......................................... SKIPPED
[INFO] Converter: Gson .................................... SKIPPED
[INFO] Converter: Protocol Buffers ........................ SKIPPED
[INFO] Converter: Jackson ................................. SKIPPED
[INFO] Converter: Wire Protocol Buffers ................... SKIPPED
[INFO] Converter: SimpleXML ............................... SKIPPED
[INFO] Converter: Java Scalars ............................ SKIPPED
[INFO] Converter: Moshi ................................... SKIPPED
[INFO] Retrofit Mock Adapter .............................. SKIPPED
[INFO] Samples ............................................ SKIPPED
[INFO] ------------------------------------------------------------------------
[INFO] BUILD FAILURE
[INFO] ------------------------------------------------------------------------
[INFO] Total time: 29.095 s
[INFO] Finished at: 2016-07-21T07:20:05+00:00
[INFO] Final Memory: 35M/351M
[INFO] ------------------------------------------------------------------------
[ERROR] Failed to execute goal org.apache.maven.plugins:maven-checkstyle-plugin:2.15:checkstyle (default) on project retrofit: An error has occurred in Checkstyle report generation. Failed during checkstyle execution: There are 3 errors reported by Checkstyle 6.1.1 with checkstyle.xml ruleset. -> [Help 1]
[ERROR] 
[ERROR] To see the full stack trace of the errors, re-run Maven with the -e switch.
[ERROR] Re-run Maven using the -X switch to enable full debug logging.
[ERROR] 
[ERROR] For more information about the errors and possible solutions, please read the following articles:
[ERROR] [Help 1] http://cwiki.apache.org/confluence/display/MAVEN/MojoExecutionException
[ERROR] 
[ERROR] After correcting the problems, you can resume the build with the command
[ERROR]   mvn <goals> -rf :retrofit

[31;1mThe command "eval mvn install -DskipTests=true -Dmaven.javadoc.skip=true -B -V" failed. Retrying, 2 of 3.[0m

Java HotSpot(TM) 64-Bit Server VM warning: ignoring option MaxPermSize=192m; support was removed in 8.0
Apache Maven 3.2.5 (12a6b3acb947671f09b81f49094c53f426d8cea1; 2014-12-14T17:29:23+00:00)
Maven home: /usr/local/maven
Java version: 1.8.0_31, vendor: Oracle Corporation
Java home: /usr/lib/jvm/java-8-oracle/jre
Default locale: en_US, platform encoding: UTF-8
OS name: "linux", version: "3.13.0-40-generic", arch: "amd64", family: "unix"
[INFO] Scanning for projects...
[WARNING] 
[WARNING] Some problems were encountered while building the effective model for com.squareup.retrofit2:samples:jar:2.1.1-SNAPSHOT
[WARNING] 'build.plugins.plugin.version' for org.apache.maven.plugins:maven-deploy-plugin is missing. @ com.squareup.retrofit2:samples:[unknown-version], /home/travis/build/square/retrofit/samples/pom.xml, line 55, column 15
[WARNING] 
[WARNING] It is highly recommended to fix these problems because they threaten the stability of your build.
[WARNING] 
[WARNING] For this reason, future Maven versions might no longer support building such malformed projects.
[WARNING] 
[INFO] ------------------------------------------------------------------------
[INFO] Reactor Build Order:
[INFO] 
[INFO] Retrofit (Parent)
[INFO] Retrofit
[INFO] Adapters
[INFO] Adapter: Guava
[INFO] Adapter: Java 8
[INFO] Adapter: RxJava
[INFO] Converters
[INFO] Converter: Gson
[INFO] Converter: Protocol Buffers
[INFO] Converter: Jackson
[INFO] Converter: Wire Protocol Buffers
[INFO] Converter: SimpleXML
[INFO] Converter: Java Scalars
[INFO] Converter: Moshi
[INFO] Retrofit Mock Adapter
[INFO] Samples
[INFO]                                                                         
[INFO] ------------------------------------------------------------------------
[INFO] Building Retrofit (Parent) 2.1.1-SNAPSHOT
[INFO] ------------------------------------------------------------------------
[INFO] 
[INFO] --- maven-enforcer-plugin:1.0:enforce (enforce-maven) @ parent ---
[INFO] 
[INFO] --- animal-sniffer-maven-plugin:1.14:check (default) @ parent ---
[INFO] Checking unresolved references to org.codehaus.mojo.signature:java16:1.1
[INFO] 
[INFO] --- maven-javadoc-plugin:2.10.3:jar (attach-javadocs) @ parent ---
[INFO] Skipping javadoc generation
[INFO] 
[INFO] --- maven-checkstyle-plugin:2.15:checkstyle (default) @ parent ---
[INFO] 
[INFO] --- maven-install-plugin:2.4:install (default-install) @ parent ---
[INFO] Installing /home/travis/build/square/retrofit/pom.xml to /home/travis/.m2/repository/com/squareup/retrofit2/parent/2.1.1-SNAPSHOT/parent-2.1.1-SNAPSHOT.pom
[INFO]                                                                         
[INFO] ------------------------------------------------------------------------
[INFO] Building Retrofit 2.1.1-SNAPSHOT
[INFO] ------------------------------------------------------------------------
[INFO] 
[INFO] --- maven-enforcer-plugin:1.0:enforce (enforce-maven) @ retrofit ---
[INFO] 
[INFO] --- maven-resources-plugin:2.6:resources (default-resources) @ retrofit ---
[INFO] Using 'UTF-8' encoding to copy filtered resources.
[INFO] skip non existing resourceDirectory /home/travis/build/square/retrofit/retrofit/src/main/resources
[INFO] 
[INFO] --- maven-compiler-plugin:3.0:compile (default-compile) @ retrofit ---
[INFO] Changes detected - recompiling the module!
[INFO] Compiling 42 source files to /home/travis/build/square/retrofit/retrofit/target/classes
[WARNING] /home/travis/build/square/retrofit/retrofit/src/main/java/retrofit2/Retrofit.java: Some input files use unchecked or unsafe operations.
[WARNING] /home/travis/build/square/retrofit/retrofit/src/main/java/retrofit2/Retrofit.java: Recompile with -Xlint:unchecked for details.
[INFO] 
[INFO] --- maven-resources-plugin:2.6:testResources (default-testResources) @ retrofit ---
[INFO] Using 'UTF-8' encoding to copy filtered resources.
[INFO] skip non existing resourceDirectory /home/travis/build/square/retrofit/retrofit/src/test/resources
[INFO] 
[INFO] --- maven-compiler-plugin:3.0:testCompile (default-testCompile) @ retrofit ---
[INFO] Changes detected - recompiling the module!
[INFO] Compiling 14 source files to /home/travis/build/square/retrofit/retrofit/target/test-classes
[WARNING] /home/travis/build/square/retrofit/retrofit/src/test/java/retrofit2/RetrofitTest.java: /home/travis/build/square/retrofit/retrofit/src/test/java/retrofit2/RetrofitTest.java uses unchecked or unsafe operations.
[WARNING] /home/travis/build/square/retrofit/retrofit/src/test/java/retrofit2/RetrofitTest.java: Recompile with -Xlint:unchecked for details.
[INFO] 
[INFO] --- maven-surefire-plugin:2.12.4:test (default-test) @ retrofit ---
[INFO] Tests are skipped.
[INFO] 
[INFO] --- animal-sniffer-maven-plugin:1.14:check (default) @ retrofit ---
[INFO] Checking unresolved references to org.codehaus.mojo.signature:java16:1.1
[INFO] 
[INFO] --- maven-jar-plugin:2.4:jar (default-jar) @ retrofit ---
[INFO] Building jar: /home/travis/build/square/retrofit/retrofit/target/retrofit-2.1.1-SNAPSHOT.jar
[INFO] 
[INFO] --- maven-javadoc-plugin:2.10.3:jar (attach-javadocs) @ retrofit ---
[INFO] Skipping javadoc generation
[INFO] 
[INFO] --- maven-checkstyle-plugin:2.15:checkstyle (default) @ retrofit ---
[INFO] Starting audit...
/home/travis/build/square/retrofit/retrofit/src/main/java/retrofit2/KeyValue.java:16: 'method def' child have incorrect indentation level 8, expected level should be 4.
/home/travis/build/square/retrofit/retrofit/src/main/java/retrofit2/KeyValue.java:16:1: File contains tab characters (this is the first instance).
/home/travis/build/square/retrofit/retrofit/src/main/java/retrofit2/ParameterHandler.java:167: Line has trailing spaces.
Audit done.
[INFO] ------------------------------------------------------------------------
[INFO] Reactor Summary:
[INFO] 
[INFO] Retrofit (Parent) .................................. SUCCESS [  7.970 s]
[INFO] Retrofit ........................................... FAILURE [ 18.962 s]
[INFO] Adapters ........................................... SKIPPED
[INFO] Adapter: Guava ..................................... SKIPPED
[INFO] Adapter: Java 8 .................................... SKIPPED
[INFO] Adapter: RxJava .................................... SKIPPED
[INFO] Converters ......................................... SKIPPED
[INFO] Converter: Gson .................................... SKIPPED
[INFO] Converter: Protocol Buffers ........................ SKIPPED
[INFO] Converter: Jackson ................................. SKIPPED
[INFO] Converter: Wire Protocol Buffers ................... SKIPPED
[INFO] Converter: SimpleXML ............................... SKIPPED
[INFO] Converter: Java Scalars ............................ SKIPPED
[INFO] Converter: Moshi ................................... SKIPPED
[INFO] Retrofit Mock Adapter .............................. SKIPPED
[INFO] Samples ............................................ SKIPPED
[INFO] ------------------------------------------------------------------------
[INFO] BUILD FAILURE
[INFO] ------------------------------------------------------------------------
[INFO] Total time: 27.397 s
[INFO] Finished at: 2016-07-21T07:20:38+00:00
[INFO] Final Memory: 36M/340M
[INFO] ------------------------------------------------------------------------
[ERROR] Failed to execute goal org.apache.maven.plugins:maven-checkstyle-plugin:2.15:checkstyle (default) on project retrofit: An error has occurred in Checkstyle report generation. Failed during checkstyle execution: There are 3 errors reported by Checkstyle 6.1.1 with checkstyle.xml ruleset. -> [Help 1]
[ERROR] 
[ERROR] To see the full stack trace of the errors, re-run Maven with the -e switch.
[ERROR] Re-run Maven using the -X switch to enable full debug logging.
[ERROR] 
[ERROR] For more information about the errors and possible solutions, please read the following articles:
[ERROR] [Help 1] http://cwiki.apache.org/confluence/display/MAVEN/MojoExecutionException
[ERROR] 
[ERROR] After correcting the problems, you can resume the build with the command
[ERROR]   mvn <goals> -rf :retrofit

[31;1mThe command "eval mvn install -DskipTests=true -Dmaven.javadoc.skip=true -B -V" failed. Retrying, 3 of 3.[0m

Java HotSpot(TM) 64-Bit Server VM warning: ignoring option MaxPermSize=192m; support was removed in 8.0
Apache Maven 3.2.5 (12a6b3acb947671f09b81f49094c53f426d8cea1; 2014-12-14T17:29:23+00:00)
Maven home: /usr/local/maven
Java version: 1.8.0_31, vendor: Oracle Corporation
Java home: /usr/lib/jvm/java-8-oracle/jre
Default locale: en_US, platform encoding: UTF-8
OS name: "linux", version: "3.13.0-40-generic", arch: "amd64", family: "unix"
[INFO] Scanning for projects...
[WARNING] 
[WARNING] Some problems were encountered while building the effective model for com.squareup.retrofit2:samples:jar:2.1.1-SNAPSHOT
[WARNING] 'build.plugins.plugin.version' for org.apache.maven.plugins:maven-deploy-plugin is missing. @ com.squareup.retrofit2:samples:[unknown-version], /home/travis/build/square/retrofit/samples/pom.xml, line 55, column 15
[WARNING] 
[WARNING] It is highly recommended to fix these problems because they threaten the stability of your build.
[WARNING] 
[WARNING] For this reason, future Maven versions might no longer support building such malformed projects.
[WARNING] 
[INFO] ------------------------------------------------------------------------
[INFO] Reactor Build Order:
[INFO] 
[INFO] Retrofit (Parent)
[INFO] Retrofit
[INFO] Adapters
[INFO] Adapter: Guava
[INFO] Adapter: Java 8
[INFO] Adapter: RxJava
[INFO] Converters
[INFO] Converter: Gson
[INFO] Converter: Protocol Buffers
[INFO] Converter: Jackson
[INFO] Converter: Wire Protocol Buffers
[INFO] Converter: SimpleXML
[INFO] Converter: Java Scalars
[INFO] Converter: Moshi
[INFO] Retrofit Mock Adapter
[INFO] Samples
[INFO]                                                                         
[INFO] ------------------------------------------------------------------------
[INFO] Building Retrofit (Parent) 2.1.1-SNAPSHOT
[INFO] ------------------------------------------------------------------------
[INFO] 
[INFO] --- maven-enforcer-plugin:1.0:enforce (enforce-maven) @ parent ---
[INFO] 
[INFO] --- animal-sniffer-maven-plugin:1.14:check (default) @ parent ---
[INFO] Checking unresolved references to org.codehaus.mojo.signature:java16:1.1
[INFO] 
[INFO] --- maven-javadoc-plugin:2.10.3:jar (attach-javadocs) @ parent ---
[INFO] Skipping javadoc generation
[INFO] 
[INFO] --- maven-checkstyle-plugin:2.15:checkstyle (default) @ parent ---
[INFO] 
[INFO] --- maven-install-plugin:2.4:install (default-install) @ parent ---
[INFO] Installing /home/travis/build/square/retrofit/pom.xml to /home/travis/.m2/repository/com/squareup/retrofit2/parent/2.1.1-SNAPSHOT/parent-2.1.1-SNAPSHOT.pom
[INFO]                                                                         
[INFO] ------------------------------------------------------------------------
[INFO] Building Retrofit 2.1.1-SNAPSHOT
[INFO] ------------------------------------------------------------------------
[INFO] 
[INFO] --- maven-enforcer-plugin:1.0:enforce (enforce-maven) @ retrofit ---
[INFO] 
[INFO] --- maven-resources-plugin:2.6:resources (default-resources) @ retrofit ---
[INFO] Using 'UTF-8' encoding to copy filtered resources.
[INFO] skip non existing resourceDirectory /home/travis/build/square/retrofit/retrofit/src/main/resources
[INFO] 
[INFO] --- maven-compiler-plugin:3.0:compile (default-compile) @ retrofit ---
[INFO] Changes detected - recompiling the module!
[INFO] Compiling 42 source files to /home/travis/build/square/retrofit/retrofit/target/classes
[WARNING] /home/travis/build/square/retrofit/retrofit/src/main/java/retrofit2/Retrofit.java: Some input files use unchecked or unsafe operations.
[WARNING] /home/travis/build/square/retrofit/retrofit/src/main/java/retrofit2/Retrofit.java: Recompile with -Xlint:unchecked for details.
[INFO] 
[INFO] --- maven-resources-plugin:2.6:testResources (default-testResources) @ retrofit ---
[INFO] Using 'UTF-8' encoding to copy filtered resources.
[INFO] skip non existing resourceDirectory /home/travis/build/square/retrofit/retrofit/src/test/resources
[INFO] 
[INFO] --- maven-compiler-plugin:3.0:testCompile (default-testCompile) @ retrofit ---
[INFO] Changes detected - recompiling the module!
[INFO] Compiling 14 source files to /home/travis/build/square/retrofit/retrofit/target/test-classes
[WARNING] /home/travis/build/square/retrofit/retrofit/src/test/java/retrofit2/RetrofitTest.java: /home/travis/build/square/retrofit/retrofit/src/test/java/retrofit2/RetrofitTest.java uses unchecked or unsafe operations.
[WARNING] /home/travis/build/square/retrofit/retrofit/src/test/java/retrofit2/RetrofitTest.java: Recompile with -Xlint:unchecked for details.
[INFO] 
[INFO] --- maven-surefire-plugin:2.12.4:test (default-test) @ retrofit ---
[INFO] Tests are skipped.
[INFO] 
[INFO] --- animal-sniffer-maven-plugin:1.14:check (default) @ retrofit ---
[INFO] Checking unresolved references to org.codehaus.mojo.signature:java16:1.1
[INFO] 
[INFO] --- maven-jar-plugin:2.4:jar (default-jar) @ retrofit ---
[INFO] Building jar: /home/travis/build/square/retrofit/retrofit/target/retrofit-2.1.1-SNAPSHOT.jar
[INFO] 
[INFO] --- maven-javadoc-plugin:2.10.3:jar (attach-javadocs) @ retrofit ---
[INFO] Skipping javadoc generation
[INFO] 
[INFO] --- maven-checkstyle-plugin:2.15:checkstyle (default) @ retrofit ---
[INFO] Starting audit...
/home/travis/build/square/retrofit/retrofit/src/main/java/retrofit2/KeyValue.java:16: 'method def' child have incorrect indentation level 8, expected level should be 4.
/home/travis/build/square/retrofit/retrofit/src/main/java/retrofit2/KeyValue.java:16:1: File contains tab characters (this is the first instance).
/home/travis/build/square/retrofit/retrofit/src/main/java/retrofit2/ParameterHandler.java:167: Line has trailing spaces.
Audit done.
[INFO] ------------------------------------------------------------------------
[INFO] Reactor Summary:
[INFO] 
[INFO] Retrofit (Parent) .................................. SUCCESS [  7.664 s]
[INFO] Retrofit ........................................... FAILURE [ 18.556 s]
[INFO] Adapters ........................................... SKIPPED
[INFO] Adapter: Guava ..................................... SKIPPED
[INFO] Adapter: Java 8 .................................... SKIPPED
[INFO] Adapter: RxJava .................................... SKIPPED
[INFO] Converters ......................................... SKIPPED
[INFO] Converter: Gson .................................... SKIPPED
[INFO] Converter: Protocol Buffers ........................ SKIPPED
[INFO] Converter: Jackson ................................. SKIPPED
[INFO] Converter: Wire Protocol Buffers ................... SKIPPED
[INFO] Converter: SimpleXML ............................... SKIPPED
[INFO] Converter: Java Scalars ............................ SKIPPED
[INFO] Converter: Moshi ................................... SKIPPED
[INFO] Retrofit Mock Adapter .............................. SKIPPED
[INFO] Samples ............................................ SKIPPED
[INFO] ------------------------------------------------------------------------
[INFO] BUILD FAILURE
[INFO] ------------------------------------------------------------------------
[INFO] Total time: 26.897 s
[INFO] Finished at: 2016-07-21T07:21:13+00:00
[INFO] Final Memory: 36M/357M
[INFO] ------------------------------------------------------------------------
[ERROR] Failed to execute goal org.apache.maven.plugins:maven-checkstyle-plugin:2.15:checkstyle (default) on project retrofit: An error has occurred in Checkstyle report generation. Failed during checkstyle execution: There are 3 errors reported by Checkstyle 6.1.1 with checkstyle.xml ruleset. -> [Help 1]
[ERROR] 
[ERROR] To see the full stack trace of the errors, re-run Maven with the -e switch.
[ERROR] Re-run Maven using the -X switch to enable full debug logging.
[ERROR] 
[ERROR] For more information about the errors and possible solutions, please read the following articles:
[ERROR] [Help 1] http://cwiki.apache.org/confluence/display/MAVEN/MojoExecutionException
[ERROR] 
[ERROR] After correcting the problems, you can resume the build with the command
[ERROR]   mvn <goals> -rf :retrofit

[31;1mThe command "eval mvn install -DskipTests=true -Dmaven.javadoc.skip=true -B -V" failed 3 times.[0m


travis_time:end:0326cc19:start=1469085573447178335,finish=1469085681118605221,duration=107671426886[0K
[31;1mThe command "mvn install -DskipTests=true -Dmaven.javadoc.skip=true -B -V" failed and exited with 1 during .[0m

Your build has been stopped.
