Using worker: worker-linux-docker-3b41a33a.prod.travis-ci.org:travis-linux-12

travis_fold:start:system_info[0K[33;1mBuild system information[0m
Build language: java
Build group: stable
Build dist: precise
Build id: 155694958
Job id: 155694959
travis-build version: dfcc6fb25
[34m[1mBuild image provisioning date and time[0m
Thu Feb  5 15:09:33 UTC 2015
[34m[1mOperating System Details[0m
Distributor ID:	Ubuntu
Description:	Ubuntu 12.04.5 LTS
Release:	12.04
Codename:	precise
[34m[1mLinux Version[0m
3.13.0-29-generic
[34m[1mCookbooks Version[0m
a68419e https://github.com/travis-ci/travis-cookbooks/tree/a68419e
[34m[1mGCC version[0m
gcc (Ubuntu/Linaro 4.6.3-1ubuntu5) 4.6.3
Copyright (C) 2011 Free Software Foundation, Inc.
This is free software; see the source for copying conditions.  There is NO
warranty; not even for MERCHANTABILITY or FITNESS FOR A PARTICULAR PURPOSE.

[34m[1mLLVM version[0m
clang version 3.4 (tags/RELEASE_34/final)
Target: x86_64-unknown-linux-gnu
Thread model: posix
[34m[1mPre-installed Ruby versions[0m
ruby-1.9.3-p551
[34m[1mPre-installed Node.js versions[0m
v0.10.36
[34m[1mPre-installed Go versions[0m
1.4.1
[34m[1mRedis version[0m
redis-server 2.8.19
[34m[1mriak version[0m
2.0.2
[34m[1mMongoDB version[0m
MongoDB 2.4.12
[34m[1mCouchDB version[0m
couchdb 1.6.1
[34m[1mNeo4j version[0m
1.9.4
[34m[1mRabbitMQ Version[0m
3.4.3
[34m[1mElasticSearch version[0m
1.4.0
[34m[1mInstalled Sphinx versions[0m
2.0.10
2.1.9
2.2.6
[34m[1mDefault Sphinx version[0m
2.2.6
[34m[1mInstalled Firefox version[0m
firefox 31.0esr
[34m[1mPhantomJS version[0m
1.9.8
[34m[1mant -version[0m
Apache Ant(TM) version 1.8.2 compiled on December 3 2011
[34m[1mmvn -version[0m
Apache Maven 3.2.5 (12a6b3acb947671f09b81f49094c53f426d8cea1; 2014-12-14T17:29:23+00:00)
Maven home: /usr/local/maven
Java version: 1.7.0_76, vendor: Oracle Corporation
Java home: /usr/lib/jvm/java-7-oracle/jre
Default locale: en_US, platform encoding: ANSI_X3.4-1968
OS name: "linux", version: "3.13.0-29-generic", arch: "amd64", family: "unix"
travis_fold:end:system_info[0K
travis_fold:start:fix.CVE-2015-7547[0K$ export DEBIAN_FRONTEND=noninteractive
W: Size of file /var/lib/apt/lists/us.archive.ubuntu.com_ubuntu_dists_precise-backports_multiverse_source_Sources.gz is not what the server reported 5886 5888
W: Size of file /var/lib/apt/lists/ppa.launchpad.net_ubuntugis_ppa_ubuntu_dists_precise_main_binary-amd64_Packages.gz is not what the server reported 33653 36677
Reading package lists...
Building dependency tree...
Reading state information...
The following extra packages will be installed:
  libc-bin libc-dev-bin libc6-dev
Suggested packages:
  glibc-doc
The following packages will be upgraded:
  libc-bin libc-dev-bin libc6 libc6-dev
4 upgraded, 0 newly installed, 0 to remove and 258 not upgraded.
Need to get 8,840 kB of archives.
After this operation, 14.3 kB disk space will be freed.
Get:1 http://us.archive.ubuntu.com/ubuntu/ precise-updates/main libc6-dev amd64 2.15-0ubuntu10.15 [2,943 kB]
Get:2 http://us.archive.ubuntu.com/ubuntu/ precise-updates/main libc-dev-bin amd64 2.15-0ubuntu10.15 [84.7 kB]
Get:3 http://us.archive.ubuntu.com/ubuntu/ precise-updates/main libc-bin amd64 2.15-0ubuntu10.15 [1,177 kB]
Get:4 http://us.archive.ubuntu.com/ubuntu/ precise-updates/main libc6 amd64 2.15-0ubuntu10.15 [4,636 kB]
Fetched 8,840 kB in 0s (35.6 MB/s)
Preconfiguring packages ...
(Reading database ... (Reading database ... 5%(Reading database ... 10%(Reading database ... 15%(Reading database ... 20%(Reading database ... 25%(Reading database ... 30%(Reading database ... 35%(Reading database ... 40%(Reading database ... 45%(Reading database ... 50%(Reading database ... 55%(Reading database ... 60%(Reading database ... 65%(Reading database ... 70%(Reading database ... 75%(Reading database ... 80%(Reading database ... 85%(Reading database ... 90%(Reading database ... 95%(Reading database ... 100%(Reading database ... 72019 files and directories currently installed.)
Preparing to replace libc6-dev 2.15-0ubuntu10.10 (using .../libc6-dev_2.15-0ubuntu10.15_amd64.deb) ...
Unpacking replacement libc6-dev ...
Preparing to replace libc-dev-bin 2.15-0ubuntu10.10 (using .../libc-dev-bin_2.15-0ubuntu10.15_amd64.deb) ...
Unpacking replacement libc-dev-bin ...
Preparing to replace libc-bin 2.15-0ubuntu10.10 (using .../libc-bin_2.15-0ubuntu10.15_amd64.deb) ...
Unpacking replacement libc-bin ...
Processing triggers for man-db ...
Setting up libc-bin (2.15-0ubuntu10.15) ...
(Reading database ... (Reading database ... 5%(Reading database ... 10%(Reading database ... 15%(Reading database ... 20%(Reading database ... 25%(Reading database ... 30%(Reading database ... 35%(Reading database ... 40%(Reading database ... 45%(Reading database ... 50%(Reading database ... 55%(Reading database ... 60%(Reading database ... 65%(Reading database ... 70%(Reading database ... 75%(Reading database ... 80%(Reading database ... 85%(Reading database ... 90%(Reading database ... 95%(Reading database ... 100%(Reading database ... 72018 files and directories currently installed.)
Preparing to replace libc6 2.15-0ubuntu10.10 (using .../libc6_2.15-0ubuntu10.15_amd64.deb) ...
Unpacking replacement libc6 ...
Setting up libc6 (2.15-0ubuntu10.15) ...
Setting up libc-dev-bin (2.15-0ubuntu10.15) ...
Setting up libc6-dev (2.15-0ubuntu10.15) ...
Processing triggers for libc-bin ...
ldconfig deferred processing now taking place
travis_fold:end:fix.CVE-2015-7547[0Ktravis_fold:start:git.checkout[0Ktravis_time:start:0000dcf0[0K$ git clone --depth=50 https://github.com/square/retrofit.git square/retrofit
Cloning into 'square/retrofit'...
remote: Counting objects: 1164, done.[K
remote: Compressing objects:   0% (1/669)   [Kremote: Compressing objects:   1% (7/669)   [Kremote: Compressing objects:   2% (14/669)   [Kremote: Compressing objects:   3% (21/669)   [Kremote: Compressing objects:   4% (27/669)   [Kremote: Compressing objects:   5% (34/669)   [Kremote: Compressing objects:   6% (41/669)   [Kremote: Compressing objects:   7% (47/669)   [Kremote: Compressing objects:   8% (54/669)   [Kremote: Compressing objects:   9% (61/669)   [Kremote: Compressing objects:  10% (67/669)   [Kremote: Compressing objects:  11% (74/669)   [Kremote: Compressing objects:  12% (81/669)   [Kremote: Compressing objects:  13% (87/669)   [Kremote: Compressing objects:  14% (94/669)   [Kremote: Compressing objects:  15% (101/669)   [Kremote: Compressing objects:  16% (108/669)   [Kremote: Compressing objects:  17% (114/669)   [Kremote: Compressing objects:  18% (121/669)   [Kremote: Compressing objects:  19% (128/669)   [Kremote: Compressing objects:  20% (134/669)   [Kremote: Compressing objects:  21% (141/669)   [Kremote: Compressing objects:  22% (148/669)   [Kremote: Compressing objects:  23% (154/669)   [Kremote: Compressing objects:  24% (161/669)   [Kremote: Compressing objects:  25% (168/669)   [Kremote: Compressing objects:  26% (174/669)   [Kremote: Compressing objects:  27% (181/669)   [Kremote: Compressing objects:  28% (188/669)   [Kremote: Compressing objects:  29% (195/669)   [Kremote: Compressing objects:  30% (201/669)   [Kremote: Compressing objects:  31% (208/669)   [Kremote: Compressing objects:  32% (215/669)   [Kremote: Compressing objects:  33% (221/669)   [Kremote: Compressing objects:  34% (228/669)   [Kremote: Compressing objects:  35% (235/669)   [Kremote: Compressing objects:  36% (241/669)   [Kremote: Compressing objects:  37% (248/669)   [Kremote: Compressing objects:  38% (255/669)   [Kremote: Compressing objects:  39% (261/669)   [Kremote: Compressing objects:  40% (268/669)   [Kremote: Compressing objects:  41% (275/669)   [Kremote: Compressing objects:  42% (281/669)   [Kremote: Compressing objects:  43% (288/669)   [Kremote: Compressing objects:  44% (295/669)   [Kremote: Compressing objects:  45% (302/669)   [Kremote: Compressing objects:  46% (308/669)   [Kremote: Compressing objects:  47% (315/669)   [Kremote: Compressing objects:  48% (322/669)   [Kremote: Compressing objects:  49% (328/669)   [Kremote: Compressing objects:  50% (335/669)   [Kremote: Compressing objects:  51% (342/669)   [Kremote: Compressing objects:  52% (348/669)   [Kremote: Compressing objects:  53% (355/669)   [Kremote: Compressing objects:  54% (362/669)   [Kremote: Compressing objects:  55% (368/669)   [Kremote: Compressing objects:  56% (375/669)   [Kremote: Compressing objects:  57% (382/669)   [Kremote: Compressing objects:  58% (389/669)   [Kremote: Compressing objects:  59% (395/669)   [Kremote: Compressing objects:  60% (402/669)   [Kremote: Compressing objects:  61% (409/669)   [Kremote: Compressing objects:  62% (415/669)   [Kremote: Compressing objects:  63% (422/669)   [Kremote: Compressing objects:  64% (429/669)   [Kremote: Compressing objects:  65% (435/669)   [Kremote: Compressing objects:  66% (442/669)   [Kremote: Compressing objects:  67% (449/669)   [Kremote: Compressing objects:  68% (455/669)   [Kremote: Compressing objects:  69% (462/669)   [Kremote: Compressing objects:  70% (469/669)   [Kremote: Compressing objects:  71% (475/669)   [Kremote: Compressing objects:  72% (482/669)   [Kremote: Compressing objects:  73% (489/669)   [Kremote: Compressing objects:  74% (496/669)   [Kremote: Compressing objects:  75% (502/669)   [Kremote: Compressing objects:  76% (509/669)   [Kremote: Compressing objects:  77% (516/669)   [Kremote: Compressing objects:  78% (522/669)   [Kremote: Compressing objects:  79% (529/669)   [Kremote: Compressing objects:  80% (536/669)   [Kremote: Compressing objects:  81% (542/669)   [Kremote: Compressing objects:  82% (549/669)   [Kremote: Compressing objects:  83% (556/669)   [Kremote: Compressing objects:  84% (562/669)   [Kremote: Compressing objects:  85% (569/669)   [Kremote: Compressing objects:  86% (576/669)   [Kremote: Compressing objects:  87% (583/669)   [Kremote: Compressing objects:  88% (589/669)   [Kremote: Compressing objects:  89% (596/669)   [Kremote: Compressing objects:  90% (603/669)   [Kremote: Compressing objects:  91% (609/669)   [Kremote: Compressing objects:  92% (616/669)   [Kremote: Compressing objects:  93% (623/669)   [Kremote: Compressing objects:  94% (629/669)   [Kremote: Compressing objects:  95% (636/669)   [Kremote: Compressing objects:  96% (643/669)   [Kremote: Compressing objects:  97% (649/669)   [Kremote: Compressing objects:  98% (656/669)   [Kremote: Compressing objects:  99% (663/669)   [Kremote: Compressing objects: 100% (669/669)   [Kremote: Compressing objects: 100% (669/669), done.[K
Receiving objects:   0% (1/1164)   Receiving objects:   1% (12/1164)   Receiving objects:   2% (24/1164)   Receiving objects:   3% (35/1164)   Receiving objects:   4% (47/1164)   Receiving objects:   5% (59/1164)   Receiving objects:   6% (70/1164)   Receiving objects:   7% (82/1164)   Receiving objects:   8% (94/1164)   Receiving objects:   9% (105/1164)   Receiving objects:  10% (117/1164)   Receiving objects:  11% (129/1164)   Receiving objects:  12% (140/1164)   Receiving objects:  13% (152/1164)   Receiving objects:  14% (163/1164)   Receiving objects:  15% (175/1164)   Receiving objects:  16% (187/1164)   Receiving objects:  17% (198/1164)   Receiving objects:  18% (210/1164)   Receiving objects:  19% (222/1164)   Receiving objects:  20% (233/1164)   Receiving objects:  21% (245/1164)   Receiving objects:  22% (257/1164)   Receiving objects:  23% (268/1164)   Receiving objects:  24% (280/1164)   Receiving objects:  25% (291/1164)   Receiving objects:  26% (303/1164)   Receiving objects:  27% (315/1164)   Receiving objects:  28% (326/1164)   Receiving objects:  29% (338/1164)   Receiving objects:  30% (350/1164)   Receiving objects:  31% (361/1164)   Receiving objects:  32% (373/1164)   Receiving objects:  33% (385/1164)   Receiving objects:  34% (396/1164)   Receiving objects:  35% (408/1164)   Receiving objects:  36% (420/1164)   Receiving objects:  37% (431/1164)   Receiving objects:  38% (443/1164)   Receiving objects:  39% (454/1164)   Receiving objects:  40% (466/1164)   Receiving objects:  41% (478/1164)   Receiving objects:  42% (489/1164)   Receiving objects:  43% (501/1164)   remote: Total 1164 (delta 417), reused 909 (delta 214), pack-reused 0[K
Receiving objects:  44% (513/1164)   Receiving objects:  45% (524/1164)   Receiving objects:  46% (536/1164)   Receiving objects:  47% (548/1164)   Receiving objects:  48% (559/1164)   Receiving objects:  49% (571/1164)   Receiving objects:  50% (582/1164)   Receiving objects:  51% (594/1164)   Receiving objects:  52% (606/1164)   Receiving objects:  53% (617/1164)   Receiving objects:  54% (629/1164)   Receiving objects:  55% (641/1164)   Receiving objects:  56% (652/1164)   Receiving objects:  57% (664/1164)   Receiving objects:  58% (676/1164)   Receiving objects:  59% (687/1164)   Receiving objects:  60% (699/1164)   Receiving objects:  61% (711/1164)   Receiving objects:  62% (722/1164)   Receiving objects:  63% (734/1164)   Receiving objects:  64% (745/1164)   Receiving objects:  65% (757/1164)   Receiving objects:  66% (769/1164)   Receiving objects:  67% (780/1164)   Receiving objects:  68% (792/1164)   Receiving objects:  69% (804/1164)   Receiving objects:  70% (815/1164)   Receiving objects:  71% (827/1164)   Receiving objects:  72% (839/1164)   Receiving objects:  73% (850/1164)   Receiving objects:  74% (862/1164)   Receiving objects:  75% (873/1164)   Receiving objects:  76% (885/1164)   Receiving objects:  77% (897/1164)   Receiving objects:  78% (908/1164)   Receiving objects:  79% (920/1164)   Receiving objects:  80% (932/1164)   Receiving objects:  81% (943/1164)   Receiving objects:  82% (955/1164)   Receiving objects:  83% (967/1164)   Receiving objects:  84% (978/1164)   Receiving objects:  85% (990/1164)   Receiving objects:  86% (1002/1164)   Receiving objects:  87% (1013/1164)   Receiving objects:  88% (1025/1164)   Receiving objects:  89% (1036/1164)   Receiving objects:  90% (1048/1164)   Receiving objects:  91% (1060/1164)   Receiving objects:  92% (1071/1164)   Receiving objects:  93% (1083/1164)   Receiving objects:  94% (1095/1164)   Receiving objects:  95% (1106/1164)   Receiving objects:  96% (1118/1164)   Receiving objects:  97% (1130/1164)   Receiving objects:  98% (1141/1164)   Receiving objects:  99% (1153/1164)   Receiving objects: 100% (1164/1164)   Receiving objects: 100% (1164/1164), 321.03 KiB | 0 bytes/s, done.
Resolving deltas:   0% (0/417)   Resolving deltas:   1% (6/417)   Resolving deltas:   2% (10/417)   Resolving deltas:   6% (26/417)   Resolving deltas:   7% (31/417)   Resolving deltas:  29% (122/417)   Resolving deltas:  34% (142/417)   Resolving deltas:  35% (146/417)   Resolving deltas:  38% (160/417)   Resolving deltas:  39% (163/417)   Resolving deltas:  42% (176/417)   Resolving deltas:  43% (182/417)   Resolving deltas:  44% (184/417)   Resolving deltas:  46% (194/417)   Resolving deltas:  47% (196/417)   Resolving deltas:  48% (204/417)   Resolving deltas:  49% (208/417)   Resolving deltas:  50% (209/417)   Resolving deltas:  51% (215/417)   Resolving deltas:  53% (225/417)   Resolving deltas:  54% (229/417)   Resolving deltas:  55% (231/417)   Resolving deltas:  56% (237/417)   Resolving deltas:  57% (239/417)   Resolving deltas:  58% (242/417)   Resolving deltas:  59% (247/417)   Resolving deltas:  60% (251/417)   Resolving deltas:  61% (256/417)   Resolving deltas:  62% (259/417)   Resolving deltas:  63% (263/417)   Resolving deltas:  64% (269/417)   Resolving deltas:  67% (282/417)   Resolving deltas:  72% (301/417)   Resolving deltas:  74% (309/417)   Resolving deltas:  76% (318/417)   Resolving deltas:  77% (323/417)   Resolving deltas:  78% (326/417)   Resolving deltas:  81% (338/417)   Resolving deltas:  82% (342/417)   Resolving deltas:  83% (347/417)   Resolving deltas:  84% (353/417)   Resolving deltas:  87% (365/417)   Resolving deltas:  88% (367/417)   Resolving deltas:  90% (376/417)   Resolving deltas:  98% (411/417)   Resolving deltas:  99% (413/417)   Resolving deltas: 100% (417/417)   Resolving deltas: 100% (417/417), done.
Checking connectivity... done.

travis_time:end:0000dcf0:start=1472371139649085897,finish=1472371140262959557,duration=613873660[0K$ cd square/retrofit
travis_time:start:02baab2b[0K$ git fetch origin +refs/pull/1996/merge:
remote: Counting objects: 12, done.[K
remote: Compressing objects:  16% (1/6)   [Kremote: Compressing objects:  33% (2/6)   [Kremote: Compressing objects:  50% (3/6)   [Kremote: Compressing objects:  66% (4/6)   [Kremote: Compressing objects:  83% (5/6)   [Kremote: Compressing objects: 100% (6/6)   [Kremote: Compressing objects: 100% (6/6), done.[K
remote: Total 12 (delta 5), reused 9 (delta 4), pack-reused 0[K
Unpacking objects:   8% (1/12)   Unpacking objects:  16% (2/12)   Unpacking objects:  25% (3/12)   Unpacking objects:  33% (4/12)   Unpacking objects:  41% (5/12)   Unpacking objects:  50% (6/12)   Unpacking objects:  58% (7/12)   Unpacking objects:  66% (8/12)   Unpacking objects:  75% (9/12)   Unpacking objects:  83% (10/12)   Unpacking objects:  91% (11/12)   Unpacking objects: 100% (12/12)   Unpacking objects: 100% (12/12), done.
From https://github.com/square/retrofit
 * branch            refs/pull/1996/merge -> FETCH_HEAD

travis_time:end:02baab2b:start=1472371140268972345,finish=1472371140703745765,duration=434773420[0K$ git checkout -qf FETCH_HEAD
travis_fold:end:git.checkout[0K
[33;1mThis job is running on container-based infrastructure, which does not allow use of 'sudo', setuid and setguid executables.[0m
[33;1mIf you require sudo, add 'sudo: required' to your .travis.yml[0m
[33;1mSee https://docs.travis-ci.com/user/workers/container-based-infrastructure/ for details.[0m
$ jdk_switcher use oraclejdk8
Switching to Oracle JDK8 (java-8-oracle), JAVA_HOME will be set to /usr/lib/jvm/java-8-oracle
travis_fold:start:cache.1[0KSetting up build cache
$ export CASHER_DIR=$HOME/.casher
travis_time:start:01644aac[0K$ Installing caching utilities

travis_time:end:01644aac:start=1472371143270703165,finish=1472371143327483940,duration=56780775[0Ktravis_time:start:04ef9e80[0K
travis_time:end:04ef9e80:start=1472371143334449461,finish=1472371143339143202,duration=4693741[0Ktravis_time:start:0cc379b3[0K[32;1mattempting to download cache archive[0m
[32;1mfetching PR.1996/cache-linux-precise-e3b0c44298fc1c149afbf4c8996fb92427ae41e4649b934ca495991b7852b855--jdk-oraclejdk8.tgz[0m
[32;1mfetching PR.1996/cache--jdk-oraclejdk8.tgz[0m
[32;1mfetching master/cache-linux-precise-e3b0c44298fc1c149afbf4c8996fb92427ae41e4649b934ca495991b7852b855--jdk-oraclejdk8.tgz[0m
[32;1mfound cache[0m

travis_time:end:0cc379b3:start=1472371143344819712,finish=1472371146195712362,duration=2850892650[0Ktravis_time:start:12378420[0K
travis_time:end:12378420:start=1472371146201383073,finish=1472371146206185026,duration=4801953[0Ktravis_time:start:0f0f41d0[0K[32;1madding /home/travis/.m2 to cache[0m

travis_time:end:0f0f41d0:start=1472371146211725317,finish=1472371149133820363,duration=2922095046[0Ktravis_fold:end:cache.1[0K$ java -Xmx32m -version
java version "1.8.0_31"
Java(TM) SE Runtime Environment (build 1.8.0_31-b13)
Java HotSpot(TM) 64-Bit Server VM (build 25.31-b07, mixed mode)
$ javac -J-Xmx32m -version
javac 1.8.0_31
travis_fold:start:install[0Ktravis_time:start:0110e21d[0K$ mvn install -DskipTests=true -Dmaven.javadoc.skip=true -B -V
Java HotSpot(TM) 64-Bit Server VM warning: ignoring option MaxPermSize=192m; support was removed in 8.0
Apache Maven 3.2.5 (12a6b3acb947671f09b81f49094c53f426d8cea1; 2014-12-14T17:29:23+00:00)
Maven home: /usr/local/maven
Java version: 1.8.0_31, vendor: Oracle Corporation
Java home: /usr/lib/jvm/java-8-oracle/jre
Default locale: en_US, platform encoding: UTF-8
OS name: "linux", version: "3.13.0-40-generic", arch: "amd64", family: "unix"
[INFO] Scanning for projects...
[WARNING] 
[WARNING] Some problems were encountered while building the effective model for com.squareup.retrofit2:samples:jar:2.1.1-SNAPSHOT
[WARNING] 'build.plugins.plugin.version' for org.apache.maven.plugins:maven-deploy-plugin is missing. @ com.squareup.retrofit2:samples:[unknown-version], /home/travis/build/square/retrofit/samples/pom.xml, line 55, column 15
[WARNING] 
[WARNING] It is highly recommended to fix these problems because they threaten the stability of your build.
[WARNING] 
[WARNING] For this reason, future Maven versions might no longer support building such malformed projects.
[WARNING] 
[INFO] ------------------------------------------------------------------------
[INFO] Reactor Build Order:
[INFO] 
[INFO] Retrofit (Parent)
[INFO] Retrofit
[INFO] Adapters
[INFO] Adapter: Guava
[INFO] Adapter: Java 8
[INFO] Adapter: RxJava
[INFO] Converters
[INFO] Converter: Gson
[INFO] Converter: Protocol Buffers
[INFO] Converter: Jackson
[INFO] Converter: Wire Protocol Buffers
[INFO] Converter: SimpleXML
[INFO] Converter: Java Scalars
[INFO] Converter: Moshi
[INFO] Retrofit Mock Adapter
[INFO] Samples
[INFO]                                                                         
[INFO] ------------------------------------------------------------------------
[INFO] Building Retrofit (Parent) 2.1.1-SNAPSHOT
[INFO] ------------------------------------------------------------------------
[INFO] 
[INFO] --- maven-enforcer-plugin:1.0:enforce (enforce-maven) @ parent ---
[INFO] 
[INFO] --- animal-sniffer-maven-plugin:1.14:check (default) @ parent ---
[INFO] Checking unresolved references to org.codehaus.mojo.signature:java16:1.1
[INFO] 
[INFO] --- maven-javadoc-plugin:2.10.3:jar (attach-javadocs) @ parent ---
[INFO] Skipping javadoc generation
[INFO] 
[INFO] --- maven-checkstyle-plugin:2.15:checkstyle (default) @ parent ---
[INFO] 
[INFO] --- maven-install-plugin:2.4:install (default-install) @ parent ---
[INFO] Installing /home/travis/build/square/retrofit/pom.xml to /home/travis/.m2/repository/com/squareup/retrofit2/parent/2.1.1-SNAPSHOT/parent-2.1.1-SNAPSHOT.pom
[INFO]                                                                         
[INFO] ------------------------------------------------------------------------
[INFO] Building Retrofit 2.1.1-SNAPSHOT
[INFO] ------------------------------------------------------------------------
[INFO] 
[INFO] --- maven-enforcer-plugin:1.0:enforce (enforce-maven) @ retrofit ---
[INFO] 
[INFO] --- maven-resources-plugin:2.6:resources (default-resources) @ retrofit ---
[INFO] Using 'UTF-8' encoding to copy filtered resources.
[INFO] skip non existing resourceDirectory /home/travis/build/square/retrofit/retrofit/src/main/resources
[INFO] 
[INFO] --- maven-compiler-plugin:3.0:compile (default-compile) @ retrofit ---
[INFO] Changes detected - recompiling the module!
[INFO] Compiling 41 source files to /home/travis/build/square/retrofit/retrofit/target/classes
[WARNING] /home/travis/build/square/retrofit/retrofit/src/main/java/retrofit2/Retrofit.java: Some input files use unchecked or unsafe operations.
[WARNING] /home/travis/build/square/retrofit/retrofit/src/main/java/retrofit2/Retrofit.java: Recompile with -Xlint:unchecked for details.
[INFO] 
[INFO] --- maven-resources-plugin:2.6:testResources (default-testResources) @ retrofit ---
[INFO] Using 'UTF-8' encoding to copy filtered resources.
[INFO] skip non existing resourceDirectory /home/travis/build/square/retrofit/retrofit/src/test/resources
[INFO] 
[INFO] --- maven-compiler-plugin:3.0:testCompile (default-testCompile) @ retrofit ---
[INFO] Changes detected - recompiling the module!
[INFO] Compiling 14 source files to /home/travis/build/square/retrofit/retrofit/target/test-classes
[WARNING] /home/travis/build/square/retrofit/retrofit/src/test/java/retrofit2/RetrofitTest.java: /home/travis/build/square/retrofit/retrofit/src/test/java/retrofit2/RetrofitTest.java uses unchecked or unsafe operations.
[WARNING] /home/travis/build/square/retrofit/retrofit/src/test/java/retrofit2/RetrofitTest.java: Recompile with -Xlint:unchecked for details.
[INFO] 
[INFO] --- maven-surefire-plugin:2.12.4:test (default-test) @ retrofit ---
[INFO] Tests are skipped.
[INFO] 
[INFO] --- animal-sniffer-maven-plugin:1.14:check (default) @ retrofit ---
[INFO] Checking unresolved references to org.codehaus.mojo.signature:java16:1.1
[INFO] 
[INFO] --- maven-jar-plugin:2.4:jar (default-jar) @ retrofit ---
[INFO] Building jar: /home/travis/build/square/retrofit/retrofit/target/retrofit-2.1.1-SNAPSHOT.jar
[INFO] 
[INFO] --- maven-javadoc-plugin:2.10.3:jar (attach-javadocs) @ retrofit ---
[INFO] Skipping javadoc generation
[INFO] 
[INFO] --- maven-checkstyle-plugin:2.15:checkstyle (default) @ retrofit ---
[INFO] Starting audit...
/home/travis/build/square/retrofit/retrofit/src/main/java/retrofit2/http/TYPE.java:18: 'member def type' have incorrect indentation level 4, expected level should be 2.
/home/travis/build/square/retrofit/retrofit/src/main/java/retrofit2/http/TYPE.java:19: 'member def type' have incorrect indentation level 4, expected level should be 2.
/home/travis/build/square/retrofit/retrofit/src/main/java/retrofit2/Retrofit.java:189:32: '{' is not preceded with whitespace.
/home/travis/build/square/retrofit/retrofit/src/main/java/retrofit2/Retrofit.java:190: 'method def' child have incorrect indentation level 8, expected level should be 4.
/home/travis/build/square/retrofit/retrofit/src/main/java/retrofit2/Retrofit.java:515:53: '{' is not preceded with whitespace.
/home/travis/build/square/retrofit/retrofit/src/main/java/retrofit2/ServiceMethod.java:36: Using the '.*' form of import should be avoided - retrofit2.http.*.
/home/travis/build/square/retrofit/retrofit/src/main/java/retrofit2/ServiceMethod.java:81:7: 'if' is not followed by whitespace.
/home/travis/build/square/retrofit/retrofit/src/main/java/retrofit2/ServiceMethod.java:81:17: '{' is not preceded with whitespace.
/home/travis/build/square/retrofit/retrofit/src/main/java/retrofit2/ServiceMethod.java:82: 'if' child have incorrect indentation level 8, expected level should be 6.
/home/travis/build/square/retrofit/retrofit/src/main/java/retrofit2/ServiceMethod.java:84:6: 'else' is not preceded with whitespace.
/home/travis/build/square/retrofit/retrofit/src/main/java/retrofit2/ServiceMethod.java:84:6: '}' is not followed by whitespace.
/home/travis/build/square/retrofit/retrofit/src/main/java/retrofit2/ServiceMethod.java:85: 'else' child have incorrect indentation level 8, expected level should be 6.
Audit done.
[INFO] ------------------------------------------------------------------------
[INFO] Reactor Summary:
[INFO] 
[INFO] Retrofit (Parent) .................................. SUCCESS [  7.124 s]
[INFO] Retrofit ........................................... FAILURE [ 22.940 s]
[INFO] Adapters ........................................... SKIPPED
[INFO] Adapter: Guava ..................................... SKIPPED
[INFO] Adapter: Java 8 .................................... SKIPPED
[INFO] Adapter: RxJava .................................... SKIPPED
[INFO] Converters ......................................... SKIPPED
[INFO] Converter: Gson .................................... SKIPPED
[INFO] Converter: Protocol Buffers ........................ SKIPPED
[INFO] Converter: Jackson ................................. SKIPPED
[INFO] Converter: Wire Protocol Buffers ................... SKIPPED
[INFO] Converter: SimpleXML ............................... SKIPPED
[INFO] Converter: Java Scalars ............................ SKIPPED
[INFO] Converter: Moshi ................................... SKIPPED
[INFO] Retrofit Mock Adapter .............................. SKIPPED
[INFO] Samples ............................................ SKIPPED
[INFO] ------------------------------------------------------------------------
[INFO] BUILD FAILURE
[INFO] ------------------------------------------------------------------------
[INFO] Total time: 30.560 s
[INFO] Finished at: 2016-08-28T07:59:44+00:00
[INFO] Final Memory: 34M/354M
[INFO] ------------------------------------------------------------------------
[ERROR] Failed to execute goal org.apache.maven.plugins:maven-checkstyle-plugin:2.15:checkstyle (default) on project retrofit: An error has occurred in Checkstyle report generation. Failed during checkstyle execution: There are 12 errors reported by Checkstyle 6.1.1 with checkstyle.xml ruleset. -> [Help 1]
[ERROR] 
[ERROR] To see the full stack trace of the errors, re-run Maven with the -e switch.
[ERROR] Re-run Maven using the -X switch to enable full debug logging.
[ERROR] 
[ERROR] For more information about the errors and possible solutions, please read the following articles:
[ERROR] [Help 1] http://cwiki.apache.org/confluence/display/MAVEN/MojoExecutionException
[ERROR] 
[ERROR] After correcting the problems, you can resume the build with the command
[ERROR]   mvn <goals> -rf :retrofit

[31;1mThe command "eval mvn install -DskipTests=true -Dmaven.javadoc.skip=true -B -V" failed. Retrying, 2 of 3.[0m

Java HotSpot(TM) 64-Bit Server VM warning: ignoring option MaxPermSize=192m; support was removed in 8.0
Apache Maven 3.2.5 (12a6b3acb947671f09b81f49094c53f426d8cea1; 2014-12-14T17:29:23+00:00)
Maven home: /usr/local/maven
Java version: 1.8.0_31, vendor: Oracle Corporation
Java home: /usr/lib/jvm/java-8-oracle/jre
Default locale: en_US, platform encoding: UTF-8
OS name: "linux", version: "3.13.0-40-generic", arch: "amd64", family: "unix"
[INFO] Scanning for projects...
[WARNING] 
[WARNING] Some problems were encountered while building the effective model for com.squareup.retrofit2:samples:jar:2.1.1-SNAPSHOT
[WARNING] 'build.plugins.plugin.version' for org.apache.maven.plugins:maven-deploy-plugin is missing. @ com.squareup.retrofit2:samples:[unknown-version], /home/travis/build/square/retrofit/samples/pom.xml, line 55, column 15
[WARNING] 
[WARNING] It is highly recommended to fix these problems because they threaten the stability of your build.
[WARNING] 
[WARNING] For this reason, future Maven versions might no longer support building such malformed projects.
[WARNING] 
[INFO] ------------------------------------------------------------------------
[INFO] Reactor Build Order:
[INFO] 
[INFO] Retrofit (Parent)
[INFO] Retrofit
[INFO] Adapters
[INFO] Adapter: Guava
[INFO] Adapter: Java 8
[INFO] Adapter: RxJava
[INFO] Converters
[INFO] Converter: Gson
[INFO] Converter: Protocol Buffers
[INFO] Converter: Jackson
[INFO] Converter: Wire Protocol Buffers
[INFO] Converter: SimpleXML
[INFO] Converter: Java Scalars
[INFO] Converter: Moshi
[INFO] Retrofit Mock Adapter
[INFO] Samples
[INFO]                                                                         
[INFO] ------------------------------------------------------------------------
[INFO] Building Retrofit (Parent) 2.1.1-SNAPSHOT
[INFO] ------------------------------------------------------------------------
[INFO] 
[INFO] --- maven-enforcer-plugin:1.0:enforce (enforce-maven) @ parent ---
[INFO] 
[INFO] --- animal-sniffer-maven-plugin:1.14:check (default) @ parent ---
[INFO] Checking unresolved references to org.codehaus.mojo.signature:java16:1.1
[INFO] 
[INFO] --- maven-javadoc-plugin:2.10.3:jar (attach-javadocs) @ parent ---
[INFO] Skipping javadoc generation
[INFO] 
[INFO] --- maven-checkstyle-plugin:2.15:checkstyle (default) @ parent ---
[INFO] 
[INFO] --- maven-install-plugin:2.4:install (default-install) @ parent ---
[INFO] Installing /home/travis/build/square/retrofit/pom.xml to /home/travis/.m2/repository/com/squareup/retrofit2/parent/2.1.1-SNAPSHOT/parent-2.1.1-SNAPSHOT.pom
[INFO]                                                                         
[INFO] ------------------------------------------------------------------------
[INFO] Building Retrofit 2.1.1-SNAPSHOT
[INFO] ------------------------------------------------------------------------
[INFO] 
[INFO] --- maven-enforcer-plugin:1.0:enforce (enforce-maven) @ retrofit ---
[INFO] 
[INFO] --- maven-resources-plugin:2.6:resources (default-resources) @ retrofit ---
[INFO] Using 'UTF-8' encoding to copy filtered resources.
[INFO] skip non existing resourceDirectory /home/travis/build/square/retrofit/retrofit/src/main/resources
[INFO] 
[INFO] --- maven-compiler-plugin:3.0:compile (default-compile) @ retrofit ---
[INFO] Changes detected - recompiling the module!
[INFO] Compiling 41 source files to /home/travis/build/square/retrofit/retrofit/target/classes
[WARNING] /home/travis/build/square/retrofit/retrofit/src/main/java/retrofit2/Retrofit.java: Some input files use unchecked or unsafe operations.
[WARNING] /home/travis/build/square/retrofit/retrofit/src/main/java/retrofit2/Retrofit.java: Recompile with -Xlint:unchecked for details.
[INFO] 
[INFO] --- maven-resources-plugin:2.6:testResources (default-testResources) @ retrofit ---
[INFO] Using 'UTF-8' encoding to copy filtered resources.
[INFO] skip non existing resourceDirectory /home/travis/build/square/retrofit/retrofit/src/test/resources
[INFO] 
[INFO] --- maven-compiler-plugin:3.0:testCompile (default-testCompile) @ retrofit ---
[INFO] Changes detected - recompiling the module!
[INFO] Compiling 14 source files to /home/travis/build/square/retrofit/retrofit/target/test-classes
[WARNING] /home/travis/build/square/retrofit/retrofit/src/test/java/retrofit2/RetrofitTest.java: /home/travis/build/square/retrofit/retrofit/src/test/java/retrofit2/RetrofitTest.java uses unchecked or unsafe operations.
[WARNING] /home/travis/build/square/retrofit/retrofit/src/test/java/retrofit2/RetrofitTest.java: Recompile with -Xlint:unchecked for details.
[INFO] 
[INFO] --- maven-surefire-plugin:2.12.4:test (default-test) @ retrofit ---
[INFO] Tests are skipped.
[INFO] 
[INFO] --- animal-sniffer-maven-plugin:1.14:check (default) @ retrofit ---
[INFO] Checking unresolved references to org.codehaus.mojo.signature:java16:1.1
[INFO] 
[INFO] --- maven-jar-plugin:2.4:jar (default-jar) @ retrofit ---
[INFO] Building jar: /home/travis/build/square/retrofit/retrofit/target/retrofit-2.1.1-SNAPSHOT.jar
[INFO] 
[INFO] --- maven-javadoc-plugin:2.10.3:jar (attach-javadocs) @ retrofit ---
[INFO] Skipping javadoc generation
[INFO] 
[INFO] --- maven-checkstyle-plugin:2.15:checkstyle (default) @ retrofit ---
[INFO] Starting audit...
/home/travis/build/square/retrofit/retrofit/src/main/java/retrofit2/http/TYPE.java:18: 'member def type' have incorrect indentation level 4, expected level should be 2.
/home/travis/build/square/retrofit/retrofit/src/main/java/retrofit2/http/TYPE.java:19: 'member def type' have incorrect indentation level 4, expected level should be 2.
/home/travis/build/square/retrofit/retrofit/src/main/java/retrofit2/Retrofit.java:189:32: '{' is not preceded with whitespace.
/home/travis/build/square/retrofit/retrofit/src/main/java/retrofit2/Retrofit.java:190: 'method def' child have incorrect indentation level 8, expected level should be 4.
/home/travis/build/square/retrofit/retrofit/src/main/java/retrofit2/Retrofit.java:515:53: '{' is not preceded with whitespace.
/home/travis/build/square/retrofit/retrofit/src/main/java/retrofit2/ServiceMethod.java:36: Using the '.*' form of import should be avoided - retrofit2.http.*.
/home/travis/build/square/retrofit/retrofit/src/main/java/retrofit2/ServiceMethod.java:81:7: 'if' is not followed by whitespace.
/home/travis/build/square/retrofit/retrofit/src/main/java/retrofit2/ServiceMethod.java:81:17: '{' is not preceded with whitespace.
/home/travis/build/square/retrofit/retrofit/src/main/java/retrofit2/ServiceMethod.java:82: 'if' child have incorrect indentation level 8, expected level should be 6.
/home/travis/build/square/retrofit/retrofit/src/main/java/retrofit2/ServiceMethod.java:84:6: 'else' is not preceded with whitespace.
/home/travis/build/square/retrofit/retrofit/src/main/java/retrofit2/ServiceMethod.java:84:6: '}' is not followed by whitespace.
/home/travis/build/square/retrofit/retrofit/src/main/java/retrofit2/ServiceMethod.java:85: 'else' child have incorrect indentation level 8, expected level should be 6.
Audit done.
[INFO] ------------------------------------------------------------------------
[INFO] Reactor Summary:
[INFO] 
[INFO] Retrofit (Parent) .................................. SUCCESS [  6.195 s]
[INFO] Retrofit ........................................... FAILURE [ 19.249 s]
[INFO] Adapters ........................................... SKIPPED
[INFO] Adapter: Guava ..................................... SKIPPED
[INFO] Adapter: Java 8 .................................... SKIPPED
[INFO] Adapter: RxJava .................................... SKIPPED
[INFO] Converters ......................................... SKIPPED
[INFO] Converter: Gson .................................... SKIPPED
[INFO] Converter: Protocol Buffers ........................ SKIPPED
[INFO] Converter: Jackson ................................. SKIPPED
[INFO] Converter: Wire Protocol Buffers ................... SKIPPED
[INFO] Converter: SimpleXML ............................... SKIPPED
[INFO] Converter: Java Scalars ............................ SKIPPED
[INFO] Converter: Moshi ................................... SKIPPED
[INFO] Retrofit Mock Adapter .............................. SKIPPED
[INFO] Samples ............................................ SKIPPED
[INFO] ------------------------------------------------------------------------
[INFO] BUILD FAILURE
[INFO] ------------------------------------------------------------------------
[INFO] Total time: 25.789 s
[INFO] Finished at: 2016-08-28T08:00:17+00:00
[INFO] Final Memory: 36M/360M
[INFO] ------------------------------------------------------------------------
[ERROR] Failed to execute goal org.apache.maven.plugins:maven-checkstyle-plugin:2.15:checkstyle (default) on project retrofit: An error has occurred in Checkstyle report generation. Failed during checkstyle execution: There are 12 errors reported by Checkstyle 6.1.1 with checkstyle.xml ruleset. -> [Help 1]
[ERROR] 
[ERROR] To see the full stack trace of the errors, re-run Maven with the -e switch.
[ERROR] Re-run Maven using the -X switch to enable full debug logging.
[ERROR] 
[ERROR] For more information about the errors and possible solutions, please read the following articles:
[ERROR] [Help 1] http://cwiki.apache.org/confluence/display/MAVEN/MojoExecutionException
[ERROR] 
[ERROR] After correcting the problems, you can resume the build with the command
[ERROR]   mvn <goals> -rf :retrofit

[31;1mThe command "eval mvn install -DskipTests=true -Dmaven.javadoc.skip=true -B -V" failed. Retrying, 3 of 3.[0m

Java HotSpot(TM) 64-Bit Server VM warning: ignoring option MaxPermSize=192m; support was removed in 8.0
Apache Maven 3.2.5 (12a6b3acb947671f09b81f49094c53f426d8cea1; 2014-12-14T17:29:23+00:00)
Maven home: /usr/local/maven
Java version: 1.8.0_31, vendor: Oracle Corporation
Java home: /usr/lib/jvm/java-8-oracle/jre
Default locale: en_US, platform encoding: UTF-8
OS name: "linux", version: "3.13.0-40-generic", arch: "amd64", family: "unix"
[INFO] Scanning for projects...
[WARNING] 
[WARNING] Some problems were encountered while building the effective model for com.squareup.retrofit2:samples:jar:2.1.1-SNAPSHOT
[WARNING] 'build.plugins.plugin.version' for org.apache.maven.plugins:maven-deploy-plugin is missing. @ com.squareup.retrofit2:samples:[unknown-version], /home/travis/build/square/retrofit/samples/pom.xml, line 55, column 15
[WARNING] 
[WARNING] It is highly recommended to fix these problems because they threaten the stability of your build.
[WARNING] 
[WARNING] For this reason, future Maven versions might no longer support building such malformed projects.
[WARNING] 
[INFO] ------------------------------------------------------------------------
[INFO] Reactor Build Order:
[INFO] 
[INFO] Retrofit (Parent)
[INFO] Retrofit
[INFO] Adapters
[INFO] Adapter: Guava
[INFO] Adapter: Java 8
[INFO] Adapter: RxJava
[INFO] Converters
[INFO] Converter: Gson
[INFO] Converter: Protocol Buffers
[INFO] Converter: Jackson
[INFO] Converter: Wire Protocol Buffers
[INFO] Converter: SimpleXML
[INFO] Converter: Java Scalars
[INFO] Converter: Moshi
[INFO] Retrofit Mock Adapter
[INFO] Samples
[INFO]                                                                         
[INFO] ------------------------------------------------------------------------
[INFO] Building Retrofit (Parent) 2.1.1-SNAPSHOT
[INFO] ------------------------------------------------------------------------
[INFO] 
[INFO] --- maven-enforcer-plugin:1.0:enforce (enforce-maven) @ parent ---
[INFO] 
[INFO] --- animal-sniffer-maven-plugin:1.14:check (default) @ parent ---
[INFO] Checking unresolved references to org.codehaus.mojo.signature:java16:1.1
[INFO] 
[INFO] --- maven-javadoc-plugin:2.10.3:jar (attach-javadocs) @ parent ---
[INFO] Skipping javadoc generation
[INFO] 
[INFO] --- maven-checkstyle-plugin:2.15:checkstyle (default) @ parent ---
[INFO] 
[INFO] --- maven-install-plugin:2.4:install (default-install) @ parent ---
[INFO] Installing /home/travis/build/square/retrofit/pom.xml to /home/travis/.m2/repository/com/squareup/retrofit2/parent/2.1.1-SNAPSHOT/parent-2.1.1-SNAPSHOT.pom
[INFO]                                                                         
[INFO] ------------------------------------------------------------------------
[INFO] Building Retrofit 2.1.1-SNAPSHOT
[INFO] ------------------------------------------------------------------------
[INFO] 
[INFO] --- maven-enforcer-plugin:1.0:enforce (enforce-maven) @ retrofit ---
[INFO] 
[INFO] --- maven-resources-plugin:2.6:resources (default-resources) @ retrofit ---
[INFO] Using 'UTF-8' encoding to copy filtered resources.
[INFO] skip non existing resourceDirectory /home/travis/build/square/retrofit/retrofit/src/main/resources
[INFO] 
[INFO] --- maven-compiler-plugin:3.0:compile (default-compile) @ retrofit ---
[INFO] Changes detected - recompiling the module!
[INFO] Compiling 41 source files to /home/travis/build/square/retrofit/retrofit/target/classes
[WARNING] /home/travis/build/square/retrofit/retrofit/src/main/java/retrofit2/Retrofit.java: Some input files use unchecked or unsafe operations.
[WARNING] /home/travis/build/square/retrofit/retrofit/src/main/java/retrofit2/Retrofit.java: Recompile with -Xlint:unchecked for details.
[INFO] 
[INFO] --- maven-resources-plugin:2.6:testResources (default-testResources) @ retrofit ---
[INFO] Using 'UTF-8' encoding to copy filtered resources.
[INFO] skip non existing resourceDirectory /home/travis/build/square/retrofit/retrofit/src/test/resources
[INFO] 
[INFO] --- maven-compiler-plugin:3.0:testCompile (default-testCompile) @ retrofit ---
[INFO] Changes detected - recompiling the module!
[INFO] Compiling 14 source files to /home/travis/build/square/retrofit/retrofit/target/test-classes
[WARNING] /home/travis/build/square/retrofit/retrofit/src/test/java/retrofit2/RetrofitTest.java: /home/travis/build/square/retrofit/retrofit/src/test/java/retrofit2/RetrofitTest.java uses unchecked or unsafe operations.
[WARNING] /home/travis/build/square/retrofit/retrofit/src/test/java/retrofit2/RetrofitTest.java: Recompile with -Xlint:unchecked for details.
[INFO] 
[INFO] --- maven-surefire-plugin:2.12.4:test (default-test) @ retrofit ---
[INFO] Tests are skipped.
[INFO] 
[INFO] --- animal-sniffer-maven-plugin:1.14:check (default) @ retrofit ---
[INFO] Checking unresolved references to org.codehaus.mojo.signature:java16:1.1
[INFO] 
[INFO] --- maven-jar-plugin:2.4:jar (default-jar) @ retrofit ---
[INFO] Building jar: /home/travis/build/square/retrofit/retrofit/target/retrofit-2.1.1-SNAPSHOT.jar
[INFO] 
[INFO] --- maven-javadoc-plugin:2.10.3:jar (attach-javadocs) @ retrofit ---
[INFO] Skipping javadoc generation
[INFO] 
[INFO] --- maven-checkstyle-plugin:2.15:checkstyle (default) @ retrofit ---
[INFO] Starting audit...
/home/travis/build/square/retrofit/retrofit/src/main/java/retrofit2/http/TYPE.java:18: 'member def type' have incorrect indentation level 4, expected level should be 2.
/home/travis/build/square/retrofit/retrofit/src/main/java/retrofit2/http/TYPE.java:19: 'member def type' have incorrect indentation level 4, expected level should be 2.
/home/travis/build/square/retrofit/retrofit/src/main/java/retrofit2/Retrofit.java:189:32: '{' is not preceded with whitespace.
/home/travis/build/square/retrofit/retrofit/src/main/java/retrofit2/Retrofit.java:190: 'method def' child have incorrect indentation level 8, expected level should be 4.
/home/travis/build/square/retrofit/retrofit/src/main/java/retrofit2/Retrofit.java:515:53: '{' is not preceded with whitespace.
/home/travis/build/square/retrofit/retrofit/src/main/java/retrofit2/ServiceMethod.java:36: Using the '.*' form of import should be avoided - retrofit2.http.*.
/home/travis/build/square/retrofit/retrofit/src/main/java/retrofit2/ServiceMethod.java:81:7: 'if' is not followed by whitespace.
/home/travis/build/square/retrofit/retrofit/src/main/java/retrofit2/ServiceMethod.java:81:17: '{' is not preceded with whitespace.
/home/travis/build/square/retrofit/retrofit/src/main/java/retrofit2/ServiceMethod.java:82: 'if' child have incorrect indentation level 8, expected level should be 6.
/home/travis/build/square/retrofit/retrofit/src/main/java/retrofit2/ServiceMethod.java:84:6: 'else' is not preceded with whitespace.
/home/travis/build/square/retrofit/retrofit/src/main/java/retrofit2/ServiceMethod.java:84:6: '}' is not followed by whitespace.
/home/travis/build/square/retrofit/retrofit/src/main/java/retrofit2/ServiceMethod.java:85: 'else' child have incorrect indentation level 8, expected level should be 6.
Audit done.
[INFO] ------------------------------------------------------------------------
[INFO] Reactor Summary:
[INFO] 
[INFO] Retrofit (Parent) .................................. SUCCESS [  6.052 s]
[INFO] Retrofit ........................................... FAILURE [ 18.142 s]
[INFO] Adapters ........................................... SKIPPED
[INFO] Adapter: Guava ..................................... SKIPPED
[INFO] Adapter: Java 8 .................................... SKIPPED
[INFO] Adapter: RxJava .................................... SKIPPED
[INFO] Converters ......................................... SKIPPED
[INFO] Converter: Gson .................................... SKIPPED
[INFO] Converter: Protocol Buffers ........................ SKIPPED
[INFO] Converter: Jackson ................................. SKIPPED
[INFO] Converter: Wire Protocol Buffers ................... SKIPPED
[INFO] Converter: SimpleXML ............................... SKIPPED
[INFO] Converter: Java Scalars ............................ SKIPPED
[INFO] Converter: Moshi ................................... SKIPPED
[INFO] Retrofit Mock Adapter .............................. SKIPPED
[INFO] Samples ............................................ SKIPPED
[INFO] ------------------------------------------------------------------------
[INFO] BUILD FAILURE
[INFO] ------------------------------------------------------------------------
[INFO] Total time: 24.679 s
[INFO] Finished at: 2016-08-28T08:00:45+00:00
[INFO] Final Memory: 36M/350M
[INFO] ------------------------------------------------------------------------
[ERROR] Failed to execute goal org.apache.maven.plugins:maven-checkstyle-plugin:2.15:checkstyle (default) on project retrofit: An error has occurred in Checkstyle report generation. Failed during checkstyle execution: There are 12 errors reported by Checkstyle 6.1.1 with checkstyle.xml ruleset. -> [Help 1]
[ERROR] 
[ERROR] To see the full stack trace of the errors, re-run Maven with the -e switch.
[ERROR] Re-run Maven using the -X switch to enable full debug logging.
[ERROR] 
[ERROR] For more information about the errors and possible solutions, please read the following articles:
[ERROR] [Help 1] http://cwiki.apache.org/confluence/display/MAVEN/MojoExecutionException
[ERROR] 
[ERROR] After correcting the problems, you can resume the build with the command
[ERROR]   mvn <goals> -rf :retrofit

[31;1mThe command "eval mvn install -DskipTests=true -Dmaven.javadoc.skip=true -B -V" failed 3 times.[0m


travis_time:end:0110e21d:start=1472371150394755436,finish=1472371253178223579,duration=102783468143[0K
[31;1mThe command "mvn install -DskipTests=true -Dmaven.javadoc.skip=true -B -V" failed and exited with 1 during .[0m

Your build has been stopped.
